<?xml version="1.0" encoding="UTF-8"?>
<testsuite xmlns:xsi="http://www.w3.org/2001/XMLSchema-instance" xsi:noNamespaceSchemaLocation="https://maven.apache.org/surefire/maven-surefire-plugin/xsd/surefire-test-report.xsd" name="org.apache.ratis.grpc.TestRaftReconfigurationWithGrpc" time="69.29" tests="23" errors="0" skipped="0" failures="12">
  <properties>
    <property name="awt.toolkit" value="sun.awt.X11.XToolkit"/>
    <property name="java.specification.version" value="11"/>
    <property name="sun.cpu.isalist" value=""/>
    <property name="sun.jnu.encoding" value="UTF-8"/>
    <property name="java.class.path" value="/home/runner/work/ratis/ratis/ratis-test/target/test-classes:/home/runner/work/ratis/ratis/ratis-test/target/classes:/home/runner/work/ratis/ratis/ratis-common/target/classes:/home/runner/.m2/repository/org/apache/ratis/ratis-thirdparty-misc/1.0.3/ratis-thirdparty-misc-1.0.3.jar:/home/runner/work/ratis/ratis/ratis-proto/target/ratis-proto-3.0.0-SNAPSHOT.jar:/home/runner/work/ratis/ratis/ratis-common/target/test-classes:/home/runner/work/ratis/ratis/ratis-client/target/classes:/home/runner/work/ratis/ratis/ratis-server/target/classes:/home/runner/work/ratis/ratis/ratis-server-api/target/classes:/home/runner/work/ratis/ratis/ratis-metrics-api/target/classes:/home/runner/work/ratis/ratis/ratis-server/target/test-classes:/home/runner/work/ratis/ratis/ratis-metrics-default/target/classes:/home/runner/work/ratis/ratis/ratis-netty/target/classes:/home/runner/work/ratis/ratis/ratis-netty/target/test-classes:/home/runner/work/ratis/ratis/ratis-grpc/target/classes:/home/runner/work/ratis/ratis/ratis-grpc/target/test-classes:/home/runner/work/ratis/ratis/ratis-shell/target/classes:/home/runner/.m2/repository/commons-cli/commons-cli/1.5.0/commons-cli-1.5.0.jar:/home/runner/.m2/repository/org/reflections/reflections/0.10.2/reflections-0.10.2.jar:/home/runner/.m2/repository/org/javassist/javassist/3.28.0-GA/javassist-3.28.0-GA.jar:/home/runner/.m2/repository/com/google/code/findbugs/jsr305/3.0.2/jsr305-3.0.2.jar:/home/runner/.m2/repository/org/bouncycastle/bcprov-jdk15on/1.70/bcprov-jdk15on-1.70.jar:/home/runner/.m2/repository/org/bouncycastle/bcpkix-jdk15on/1.70/bcpkix-jdk15on-1.70.jar:/home/runner/.m2/repository/org/bouncycastle/bcutil-jdk15on/1.70/bcutil-jdk15on-1.70.jar:/home/runner/.m2/repository/org/slf4j/slf4j-api/1.7.36/slf4j-api-1.7.36.jar:/home/runner/.m2/repository/org/slf4j/slf4j-reload4j/1.7.36/slf4j-reload4j-1.7.36.jar:/home/runner/.m2/repository/ch/qos/reload4j/reload4j/1.2.19/reload4j-1.2.19.jar:/home/runner/.m2/repository/junit/junit/4.13.2/junit-4.13.2.jar:/home/runner/.m2/repository/org/hamcrest/hamcrest-core/1.3/hamcrest-core-1.3.jar:/home/runner/.m2/repository/org/mockito/mockito-core/4.3.1/mockito-core-4.3.1.jar:/home/runner/.m2/repository/net/bytebuddy/byte-buddy/1.12.7/byte-buddy-1.12.7.jar:/home/runner/.m2/repository/net/bytebuddy/byte-buddy-agent/1.12.7/byte-buddy-agent-1.12.7.jar:/home/runner/.m2/repository/org/objenesis/objenesis/3.2/objenesis-3.2.jar:"/>
    <property name="java.vm.vendor" value="Eclipse Adoptium"/>
    <property name="sun.arch.data.model" value="64"/>
    <property name="java.vendor.url" value="https://adoptium.net/"/>
    <property name="user.timezone" value=""/>
    <property name="java.vm.specification.version" value="11"/>
    <property name="os.name" value="Linux"/>
    <property name="sun.java.launcher" value="SUN_STANDARD"/>
    <property name="sun.boot.library.path" value="/usr/lib/jvm/temurin-11-jdk-amd64/lib"/>
    <property name="sun.java.command" value="/home/runner/work/ratis/ratis/ratis-test/target/surefire/surefirebooter7498314792102532678.jar /home/runner/work/ratis/ratis/ratis-test/target/surefire 2023-03-14T08-31-33_924-jvmRun1 surefire17518939028293002139tmp surefire_155936448847599928390tmp"/>
    <property name="jdk.debug" value="release"/>
    <property name="surefire.test.class.path" value="/home/runner/work/ratis/ratis/ratis-test/target/test-classes:/home/runner/work/ratis/ratis/ratis-test/target/classes:/home/runner/work/ratis/ratis/ratis-common/target/classes:/home/runner/.m2/repository/org/apache/ratis/ratis-thirdparty-misc/1.0.3/ratis-thirdparty-misc-1.0.3.jar:/home/runner/work/ratis/ratis/ratis-proto/target/ratis-proto-3.0.0-SNAPSHOT.jar:/home/runner/work/ratis/ratis/ratis-common/target/test-classes:/home/runner/work/ratis/ratis/ratis-client/target/classes:/home/runner/work/ratis/ratis/ratis-server/target/classes:/home/runner/work/ratis/ratis/ratis-server-api/target/classes:/home/runner/work/ratis/ratis/ratis-metrics-api/target/classes:/home/runner/work/ratis/ratis/ratis-server/target/test-classes:/home/runner/work/ratis/ratis/ratis-metrics-default/target/classes:/home/runner/work/ratis/ratis/ratis-netty/target/classes:/home/runner/work/ratis/ratis/ratis-netty/target/test-classes:/home/runner/work/ratis/ratis/ratis-grpc/target/classes:/home/runner/work/ratis/ratis/ratis-grpc/target/test-classes:/home/runner/work/ratis/ratis/ratis-shell/target/classes:/home/runner/.m2/repository/commons-cli/commons-cli/1.5.0/commons-cli-1.5.0.jar:/home/runner/.m2/repository/org/reflections/reflections/0.10.2/reflections-0.10.2.jar:/home/runner/.m2/repository/org/javassist/javassist/3.28.0-GA/javassist-3.28.0-GA.jar:/home/runner/.m2/repository/com/google/code/findbugs/jsr305/3.0.2/jsr305-3.0.2.jar:/home/runner/.m2/repository/org/bouncycastle/bcprov-jdk15on/1.70/bcprov-jdk15on-1.70.jar:/home/runner/.m2/repository/org/bouncycastle/bcpkix-jdk15on/1.70/bcpkix-jdk15on-1.70.jar:/home/runner/.m2/repository/org/bouncycastle/bcutil-jdk15on/1.70/bcutil-jdk15on-1.70.jar:/home/runner/.m2/repository/org/slf4j/slf4j-api/1.7.36/slf4j-api-1.7.36.jar:/home/runner/.m2/repository/org/slf4j/slf4j-reload4j/1.7.36/slf4j-reload4j-1.7.36.jar:/home/runner/.m2/repository/ch/qos/reload4j/reload4j/1.2.19/reload4j-1.2.19.jar:/home/runner/.m2/repository/junit/junit/4.13.2/junit-4.13.2.jar:/home/runner/.m2/repository/org/hamcrest/hamcrest-core/1.3/hamcrest-core-1.3.jar:/home/runner/.m2/repository/org/mockito/mockito-core/4.3.1/mockito-core-4.3.1.jar:/home/runner/.m2/repository/net/bytebuddy/byte-buddy/1.12.7/byte-buddy-1.12.7.jar:/home/runner/.m2/repository/net/bytebuddy/byte-buddy-agent/1.12.7/byte-buddy-agent-1.12.7.jar:/home/runner/.m2/repository/org/objenesis/objenesis/3.2/objenesis-3.2.jar:"/>
    <property name="sun.cpu.endian" value="little"/>
    <property name="user.home" value="/home/runner"/>
    <property name="user.language" value="en"/>
    <property name="java.specification.vendor" value="Oracle Corporation"/>
    <property name="java.version.date" value="2023-01-17"/>
    <property name="java.home" value="/usr/lib/jvm/temurin-11-jdk-amd64"/>
    <property name="file.separator" value="/"/>
    <property name="basedir" value="/home/runner/work/ratis/ratis/ratis-test"/>
    <property name="java.vm.compressedOopsMode" value="32-bit"/>
    <property name="line.separator" value="&#10;"/>
    <property name="java.specification.name" value="Java Platform API Specification"/>
    <property name="java.vm.specification.vendor" value="Oracle Corporation"/>
    <property name="java.awt.graphicsenv" value="sun.awt.X11GraphicsEnvironment"/>
    <property name="surefire.real.class.path" value="/home/runner/work/ratis/ratis/ratis-test/target/surefire/surefirebooter7498314792102532678.jar"/>
    <property name="sun.management.compiler" value="HotSpot 64-Bit Tiered Compilers"/>
    <property name="java.runtime.version" value="11.0.18+10"/>
    <property name="user.name" value="runner"/>
    <property name="java.net.preferIPv4Stack" value="true"/>
    <property name="path.separator" value=":"/>
    <property name="os.version" value="5.15.0-1034-azure"/>
    <property name="java.runtime.name" value="OpenJDK Runtime Environment"/>
    <property name="file.encoding" value="UTF-8"/>
    <property name="java.vm.name" value="OpenJDK 64-Bit Server VM"/>
    <property name="java.vendor.version" value="Temurin-11.0.18+10"/>
    <property name="localRepository" value="/home/runner/.m2/repository"/>
    <property name="java.vendor.url.bug" value="https://github.com/adoptium/adoptium-support/issues"/>
    <property name="java.io.tmpdir" value="/tmp"/>
    <property name="java.version" value="11.0.18"/>
    <property name="user.dir" value="/home/runner/work/ratis/ratis/ratis-test"/>
    <property name="os.arch" value="amd64"/>
    <property name="ratis.tmp.dir" value="/home/runner/work/ratis/ratis/ratis-test/target/tmp"/>
    <property name="java.vm.specification.name" value="Java Virtual Machine Specification"/>
    <property name="java.awt.printerjob" value="sun.print.PSPrinterJob"/>
    <property name="ratis.log.dir" value="/home/runner/work/ratis/ratis/ratis-test/target/log"/>
    <property name="sun.os.patch.level" value="unknown"/>
    <property name="java.library.path" value="/usr/java/packages/lib:/usr/lib64:/lib64:/lib:/usr/lib"/>
    <property name="java.vm.info" value="mixed mode"/>
    <property name="java.vendor" value="Eclipse Adoptium"/>
    <property name="java.vm.version" value="11.0.18+10"/>
    <property name="sun.io.unicode.encoding" value="UnicodeLittle"/>
    <property name="java.class.version" value="55.0"/>
  </properties>
  <testcase name="testNoChangeRequest" classname="org.apache.ratis.grpc.TestRaftReconfigurationWithGrpc" time="3.367"/>
  <testcase name="testRemovePeers" classname="org.apache.ratis.grpc.TestRaftReconfigurationWithGrpc" time="3.113"/>
  <testcase name="testAddRemovePeers" classname="org.apache.ratis.grpc.TestRaftReconfigurationWithGrpc" time="3.171"/>
  <testcase name="testRevertConfigurationChange" classname="org.apache.ratis.grpc.TestRaftReconfigurationWithGrpc" time="3.921"/>
  <testcase name="testBootstrapReconf" classname="org.apache.ratis.grpc.TestRaftReconfigurationWithGrpc" time="4.318"/>
  <testcase name="testAddPeers" classname="org.apache.ratis.grpc.TestRaftReconfigurationWithGrpc" time="1.91"/>
  <testcase name="testSetConfigurationInAddMode" classname="org.apache.ratis.grpc.TestRaftReconfigurationWithGrpc" time="1.794"/>
  <testcase name="testLeaderStepDown" classname="org.apache.ratis.grpc.TestRaftReconfigurationWithGrpc" time="2.754"/>
  <testcase name="testKillLeaderDuringReconf" classname="org.apache.ratis.grpc.TestRaftReconfigurationWithGrpc" time="9.46"/>
  <testcase name="testLeaderNotReadyException" classname="org.apache.ratis.grpc.TestRaftReconfigurationWithGrpc" time="3.466"/>
  <testcase name="testOverlappedSetConfRequests" classname="org.apache.ratis.grpc.TestRaftReconfigurationWithGrpc" time="11.289"/>
  <testcase name="testRestorePriority" classname="org.apache.ratis.grpc.TestRaftReconfigurationWithGrpc" time="6.616">
    <failure message="Unexpected exit." type="java.lang.AssertionError">java.lang.AssertionError: Unexpected exit.
	at org.apache.ratis.util.ExitUtils.assertNotTerminated(ExitUtils.java:109)
	at org.apache.ratis.server.impl.MiniRaftCluster.shutdown(MiniRaftCluster.java:854)
	at org.apache.ratis.server.impl.MiniRaftCluster$Factory$Get.runWithNewCluster(MiniRaftCluster.java:147)
	at org.apache.ratis.server.impl.MiniRaftCluster$Factory$Get.runWithNewCluster(MiniRaftCluster.java:121)
	at org.apache.ratis.server.impl.RaftReconfigurationBaseTest.testRestorePriority(RaftReconfigurationBaseTest.java:100)
	at java.base/jdk.internal.reflect.NativeMethodAccessorImpl.invoke0(Native Method)
	at java.base/jdk.internal.reflect.NativeMethodAccessorImpl.invoke(NativeMethodAccessorImpl.java:62)
	at java.base/jdk.internal.reflect.DelegatingMethodAccessorImpl.invoke(DelegatingMethodAccessorImpl.java:43)
	at java.base/java.lang.reflect.Method.invoke(Method.java:566)
	at org.junit.runners.model.FrameworkMethod$1.runReflectiveCall(FrameworkMethod.java:59)
	at org.junit.internal.runners.model.ReflectiveCallable.run(ReflectiveCallable.java:12)
	at org.junit.runners.model.FrameworkMethod.invokeExplosively(FrameworkMethod.java:56)
	at org.junit.internal.runners.statements.InvokeMethod.evaluate(InvokeMethod.java:17)
	at org.junit.internal.runners.statements.RunAfters.evaluate(RunAfters.java:27)
	at org.junit.internal.runners.statements.FailOnTimeout$CallableStatement.call(FailOnTimeout.java:299)
	at org.junit.internal.runners.statements.FailOnTimeout$CallableStatement.call(FailOnTimeout.java:293)
	at java.base/java.util.concurrent.FutureTask.run(FutureTask.java:264)
	at java.base/java.lang.Thread.run(Thread.java:829)
Caused by: org.apache.ratis.util.ExitUtils$ExitException: Failed to start Grpc server
	at org.apache.ratis.util.ExitUtils.terminate(ExitUtils.java:141)
	at org.apache.ratis.util.ExitUtils.terminate(ExitUtils.java:151)
	at org.apache.ratis.grpc.server.GrpcService.startImpl(GrpcService.java:300)
	at org.apache.ratis.util.LifeCycle.startAndTransition(LifeCycle.java:270)
	at org.apache.ratis.server.RaftServerRpcWithProxy.start(RaftServerRpcWithProxy.java:72)
	at org.apache.ratis.server.impl.RaftServerProxy.startImpl(RaftServerProxy.java:402)
	at org.apache.ratis.util.LifeCycle.startAndTransition(LifeCycle.java:270)
	at org.apache.ratis.server.impl.RaftServerProxy.start(RaftServerProxy.java:395)
	at org.apache.ratis.server.impl.MiniRaftCluster.startServers(MiniRaftCluster.java:499)
	at org.apache.ratis.server.impl.MiniRaftCluster.start(MiniRaftCluster.java:346)
	at org.apache.ratis.server.impl.MiniRaftCluster.restart(MiniRaftCluster.java:374)
	at org.apache.ratis.server.impl.RaftReconfigurationBaseTest.lambda$testRestorePriority$0(RaftReconfigurationBaseTest.java:123)
	at org.apache.ratis.server.impl.MiniRaftCluster$Factory$Get.runWithNewCluster(MiniRaftCluster.java:141)
	... 15 more
Caused by: java.io.IOException: Failed to bind to address 0.0.0.0/0.0.0.0:46109
	at org.apache.ratis.thirdparty.io.grpc.netty.NettyServer.start(NettyServer.java:328)
	at org.apache.ratis.thirdparty.io.grpc.internal.ServerImpl.start(ServerImpl.java:183)
	at org.apache.ratis.thirdparty.io.grpc.internal.ServerImpl.start(ServerImpl.java:92)
	at org.apache.ratis.grpc.server.GrpcService.startImpl(GrpcService.java:298)
	... 25 more
Caused by: org.apache.ratis.thirdparty.io.netty.channel.unix.Errors$NativeIoException: bind(..) failed: Address already in use
</failure>
    <system-out><![CDATA[2023-03-14 08:39:00,967 [main] INFO  util.LogUtils (Slf4jUtils.java:setLogLevel(38)) - Successfully set org.apache.ratis.conf.ConfUtils log level to WARN
2023-03-14 08:39:00,967 [main] INFO  util.LogUtils (Slf4jUtils.java:setLogLevel(38)) - Successfully set org.apache.ratis.util.FileUtils log level to TRACE
2023-03-14 08:39:00,968 [Time-limited test] INFO  impl.MiniRaftCluster (MiniRaftCluster.java:runWithNewCluster(135)) - Running runWithNewCluster
2023-03-14 08:39:00,969 [Time-limited test] INFO  impl.MiniRaftCluster (MiniRaftCluster.java:<init>(306)) - new MiniRaftClusterWithGrpc with group-050875D9256C:[s0|rpc:localhost:46109|admin:localhost:44341|client:localhost:45497|dataStream:localhost:44787|priority:0|startupRole:FOLLOWER, s1|rpc:localhost:38609|admin:localhost:36821|client:localhost:35433|dataStream:localhost:46383|priority:0|startupRole:FOLLOWER, s2|rpc:localhost:40487|admin:localhost:43753|client:localhost:39069|dataStream:localhost:42963|priority:0|startupRole:FOLLOWER]
2023-03-14 08:39:00,969 [Time-limited test] INFO  impl.MiniRaftCluster (MiniRaftCluster.java:start(339)) - .............................................................. 
2023-03-14 08:39:00,969 [Time-limited test] INFO  impl.MiniRaftCluster (MiniRaftCluster.java:start(340)) - ... 
2023-03-14 08:39:00,969 [Time-limited test] INFO  impl.MiniRaftCluster (MiniRaftCluster.java:start(341)) - ...     Starting MiniRaftClusterWithGrpc
2023-03-14 08:39:00,969 [Time-limited test] INFO  impl.MiniRaftCluster (MiniRaftCluster.java:start(342)) - ... 
2023-03-14 08:39:00,969 [Time-limited test] INFO  impl.MiniRaftCluster (MiniRaftCluster.java:start(343)) - .............................................................. 
2023-03-14 08:39:00,969 [Time-limited test] INFO  impl.MiniRaftCluster (MiniRaftCluster.java:initServers(318)) - servers = {}
2023-03-14 08:39:00,969 [Time-limited test] INFO  impl.MiniRaftCluster (MiniRaftCluster.java:newRaftServer(382)) - newRaftServer: s0, group-050875D9256C:[s0|rpc:localhost:46109|admin:localhost:44341|client:localhost:45497|dataStream:localhost:44787|priority:0|startupRole:FOLLOWER, s1|rpc:localhost:38609|admin:localhost:36821|client:localhost:35433|dataStream:localhost:46383|priority:0|startupRole:FOLLOWER, s2|rpc:localhost:40487|admin:localhost:43753|client:localhost:39069|dataStream:localhost:42963|priority:0|startupRole:FOLLOWER], format? true
2023-03-14 08:39:00,969 [Time-limited test] TRACE util.FileUtils (FileUtils.java:deleteFully(201)) - deleteFully target/test/data/be523d36/MiniRaftClusterWithGrpca982f0d3/s0
2023-03-14 08:39:00,969 [Time-limited test] TRACE util.FileUtils (FileUtils.java:deleteFully(217)) - deleteFully: target/test/data/be523d36/MiniRaftClusterWithGrpca982f0d3/s0 does not exist.
2023-03-14 08:39:00,969 [Time-limited test] INFO  impl.MiniRaftCluster (MiniRaftCluster.java:newRaftServer(387)) - Formatted directory target/test/data/be523d36/MiniRaftClusterWithGrpca982f0d3/s0
2023-03-14 08:39:00,969 [Time-limited test] INFO  server.RaftServer (ConfUtils.java:logGet(46)) - raft.rpc.type = GRPC (default)
2023-03-14 08:39:00,969 [Time-limited test] INFO  grpc.GrpcConfigKeys (ConfUtils.java:logFallback(53)) - raft.grpc.admin.host = null (fallback to raft.grpc.server.host)
2023-03-14 08:39:00,970 [Time-limited test] INFO  grpc.GrpcConfigKeys (ConfUtils.java:logGet(46)) - raft.grpc.admin.port = 44341 (custom)
2023-03-14 08:39:00,970 [Time-limited test] INFO  grpc.GrpcConfigKeys (ConfUtils.java:logFallback(53)) - raft.grpc.client.host = null (fallback to raft.grpc.server.host)
2023-03-14 08:39:00,970 [Time-limited test] INFO  grpc.GrpcConfigKeys (ConfUtils.java:logGet(46)) - raft.grpc.client.port = 45497 (custom)
2023-03-14 08:39:00,970 [Time-limited test] INFO  grpc.GrpcConfigKeys (ConfUtils.java:logGet(46)) - raft.grpc.server.host = null (default)
2023-03-14 08:39:00,970 [Time-limited test] INFO  grpc.GrpcConfigKeys (ConfUtils.java:logGet(46)) - raft.grpc.server.port = 46109 (custom)
2023-03-14 08:39:00,970 [Time-limited test] INFO  server.GrpcService (ConfUtils.java:logGet(46)) - raft.grpc.message.size.max = 64MB (=67108864) (default)
2023-03-14 08:39:00,970 [Time-limited test] INFO  server.RaftServerConfigKeys (ConfUtils.java:logGet(46)) - raft.server.log.appender.buffer.byte-limit = 4MB (=4194304) (default)
2023-03-14 08:39:00,970 [Time-limited test] INFO  server.GrpcService (ConfUtils.java:logGet(46)) - raft.grpc.flow.control.window = 1MB (=1048576) (default)
2023-03-14 08:39:00,970 [Time-limited test] INFO  server.RaftServerConfigKeys (ConfUtils.java:logGet(46)) - raft.server.rpc.request.timeout = 3000ms (default)
2023-03-14 08:39:00,970 [Time-limited test] INFO  grpc.GrpcConfigKeys (ConfUtils.java:logGet(46)) - raft.grpc.server.heartbeat.channel = true (default)
2023-03-14 08:39:00,970 [Time-limited test] INFO  grpc.GrpcConfigKeys (ConfUtils.java:logGet(46)) - raft.grpc.server.async.request.thread.pool.cached = true (default)
2023-03-14 08:39:00,970 [Time-limited test] INFO  grpc.GrpcConfigKeys (ConfUtils.java:logGet(46)) - raft.grpc.server.async.request.thread.pool.size = 32 (default)
2023-03-14 08:39:00,971 [Time-limited test] INFO  impl.DataStreamServerImpl (ConfUtils.java:logGet(46)) - raft.datastream.type = DISABLED (default)
2023-03-14 08:39:00,971 [Time-limited test] INFO  server.RaftServerConfigKeys (ConfUtils.java:logGet(46)) - raft.server.threadpool.proxy.cached = true (default)
2023-03-14 08:39:00,971 [Time-limited test] INFO  server.RaftServerConfigKeys (ConfUtils.java:logGet(46)) - raft.server.threadpool.proxy.size = 0 (default)
2023-03-14 08:39:00,971 [Time-limited test] INFO  server.RaftServerConfigKeys (ConfUtils.java:logGet(46)) - raft.server.rpc.slowness.timeout = 60s (default)
2023-03-14 08:39:00,971 [Time-limited test] INFO  server.RaftServerConfigKeys (ConfUtils.java:logGet(46)) - raft.server.leaderelection.leader.step-down.wait-time = 10s (default)
2023-03-14 08:39:00,971 [Time-limited test] INFO  server.RaftServerConfigKeys (ConfUtils.java:logGet(46)) - raft.server.storage.dir = [/home/runner/work/ratis/ratis/ratis-test/target/test/data/be523d36/MiniRaftClusterWithGrpca982f0d3/s0] (custom)
2023-03-14 08:39:00,972 [Time-limited test] INFO  server.RaftServer (RaftServerProxy.java:addNew(99)) - s0: addNew group-050875D9256C:[s0|rpc:localhost:46109|admin:localhost:44341|client:localhost:45497|dataStream:localhost:44787|priority:0|startupRole:FOLLOWER, s1|rpc:localhost:38609|admin:localhost:36821|client:localhost:35433|dataStream:localhost:46383|priority:0|startupRole:FOLLOWER, s2|rpc:localhost:40487|admin:localhost:43753|client:localhost:39069|dataStream:localhost:42963|priority:0|startupRole:FOLLOWER] returns group-050875D9256C:java.util.concurrent.CompletableFuture@5564eebb[Not completed]
2023-03-14 08:39:00,972 [s0-groupManagement] INFO  server.RaftServer$Division (RaftServerImpl.java:<init>(198)) - s0: new RaftServerImpl for group-050875D9256C:[s0|rpc:localhost:46109|admin:localhost:44341|client:localhost:45497|dataStream:localhost:44787|priority:0|startupRole:FOLLOWER, s1|rpc:localhost:38609|admin:localhost:36821|client:localhost:35433|dataStream:localhost:46383|priority:0|startupRole:FOLLOWER, s2|rpc:localhost:40487|admin:localhost:43753|client:localhost:39069|dataStream:localhost:42963|priority:0|startupRole:FOLLOWER] with BaseStateMachine:uninitialized
2023-03-14 08:39:00,972 [Time-limited test] INFO  impl.MiniRaftCluster (MiniRaftCluster.java:newRaftServer(382)) - newRaftServer: s1, group-050875D9256C:[s0|rpc:localhost:46109|admin:localhost:44341|client:localhost:45497|dataStream:localhost:44787|priority:0|startupRole:FOLLOWER, s1|rpc:localhost:38609|admin:localhost:36821|client:localhost:35433|dataStream:localhost:46383|priority:0|startupRole:FOLLOWER, s2|rpc:localhost:40487|admin:localhost:43753|client:localhost:39069|dataStream:localhost:42963|priority:0|startupRole:FOLLOWER], format? true
2023-03-14 08:39:00,972 [Time-limited test] TRACE util.FileUtils (FileUtils.java:deleteFully(201)) - deleteFully target/test/data/be523d36/MiniRaftClusterWithGrpca982f0d3/s1
2023-03-14 08:39:00,972 [Time-limited test] TRACE util.FileUtils (FileUtils.java:deleteFully(217)) - deleteFully: target/test/data/be523d36/MiniRaftClusterWithGrpca982f0d3/s1 does not exist.
2023-03-14 08:39:00,972 [Time-limited test] INFO  impl.MiniRaftCluster (MiniRaftCluster.java:newRaftServer(387)) - Formatted directory target/test/data/be523d36/MiniRaftClusterWithGrpca982f0d3/s1
2023-03-14 08:39:00,972 [s0-groupManagement] INFO  server.RaftServerConfigKeys (ConfUtils.java:logGet(46)) - raft.server.rpc.timeout.min = 150ms (default)
2023-03-14 08:39:00,972 [s0-groupManagement] INFO  server.RaftServerConfigKeys (ConfUtils.java:logGet(46)) - raft.server.rpc.timeout.max = 300ms (default)
2023-03-14 08:39:00,972 [s0-groupManagement] INFO  server.RaftServerConfigKeys (ConfUtils.java:logGet(46)) - raft.server.rpc.sleep.time = 25ms (default)
2023-03-14 08:39:00,972 [s0-groupManagement] INFO  server.RaftServerConfigKeys (ConfUtils.java:logGet(46)) - raft.server.rpc.slowness.timeout = 60s (default)
2023-03-14 08:39:00,972 [s0-groupManagement] INFO  server.RaftServerConfigKeys (ConfUtils.java:logGet(46)) - raft.server.leaderelection.leader.step-down.wait-time = 10s (default)
2023-03-14 08:39:00,972 [s0-groupManagement] INFO  server.RaftServerConfigKeys (ConfUtils.java:logGet(46)) - raft.server.sleep.deviation.threshold = 300ms (default)
2023-03-14 08:39:00,972 [Time-limited test] INFO  server.RaftServer (ConfUtils.java:logGet(46)) - raft.rpc.type = GRPC (default)
2023-03-14 08:39:00,972 [s0-groupManagement] INFO  server.RaftServer$Division (ServerState.java:<init>(113)) - s0@group-050875D9256C: ConfigurationManager, init=-1: peers:[s0|rpc:localhost:46109|admin:localhost:44341|client:localhost:45497|dataStream:localhost:44787|priority:0|startupRole:FOLLOWER, s1|rpc:localhost:38609|admin:localhost:36821|client:localhost:35433|dataStream:localhost:46383|priority:0|startupRole:FOLLOWER, s2|rpc:localhost:40487|admin:localhost:43753|client:localhost:39069|dataStream:localhost:42963|priority:0|startupRole:FOLLOWER]|listeners:[], old=null, confs=<EMPTY_MAP>
2023-03-14 08:39:00,972 [Time-limited test] INFO  grpc.GrpcConfigKeys (ConfUtils.java:logFallback(53)) - raft.grpc.admin.host = null (fallback to raft.grpc.server.host)
2023-03-14 08:39:00,972 [s0-groupManagement] INFO  server.RaftServerConfigKeys (ConfUtils.java:logGet(46)) - raft.server.notification.no-leader.timeout = 60s (default)
2023-03-14 08:39:00,973 [Time-limited test] INFO  grpc.GrpcConfigKeys (ConfUtils.java:logGet(46)) - raft.grpc.admin.port = 36821 (custom)
2023-03-14 08:39:00,973 [s0-groupManagement] INFO  server.RaftServerConfigKeys (ConfUtils.java:logGet(46)) - raft.server.read.timeout = 10s (default)
2023-03-14 08:39:00,973 [Time-limited test] INFO  grpc.GrpcConfigKeys (ConfUtils.java:logFallback(53)) - raft.grpc.client.host = null (fallback to raft.grpc.server.host)
2023-03-14 08:39:00,973 [s0-groupManagement] INFO  server.RaftServerConfigKeys (ConfUtils.java:logGet(46)) - raft.server.retrycache.expirytime = 60s (default)
2023-03-14 08:39:00,973 [Time-limited test] INFO  grpc.GrpcConfigKeys (ConfUtils.java:logGet(46)) - raft.grpc.client.port = 35433 (custom)
2023-03-14 08:39:00,973 [Time-limited test] INFO  grpc.GrpcConfigKeys (ConfUtils.java:logGet(46)) - raft.grpc.server.host = null (default)
2023-03-14 08:39:00,973 [s0-groupManagement] INFO  server.RaftServerConfigKeys (ConfUtils.java:logGet(46)) - raft.server.retrycache.statistics.expirytime = 100μs (default)
2023-03-14 08:39:00,973 [Time-limited test] INFO  grpc.GrpcConfigKeys (ConfUtils.java:logGet(46)) - raft.grpc.server.port = 38609 (custom)
2023-03-14 08:39:00,973 [Time-limited test] INFO  server.GrpcService (ConfUtils.java:logGet(46)) - raft.grpc.message.size.max = 64MB (=67108864) (default)
2023-03-14 08:39:00,973 [s0-groupManagement] INFO  server.RaftServerConfigKeys (ConfUtils.java:logGet(46)) - raft.server.read.option = DEFAULT (default)
2023-03-14 08:39:00,973 [Time-limited test] INFO  server.RaftServerConfigKeys (ConfUtils.java:logGet(46)) - raft.server.log.appender.buffer.byte-limit = 4MB (=4194304) (default)
2023-03-14 08:39:00,973 [Time-limited test] INFO  server.GrpcService (ConfUtils.java:logGet(46)) - raft.grpc.flow.control.window = 1MB (=1048576) (default)
2023-03-14 08:39:00,973 [Time-limited test] INFO  server.RaftServerConfigKeys (ConfUtils.java:logGet(46)) - raft.server.rpc.request.timeout = 3000ms (default)
2023-03-14 08:39:00,973 [Time-limited test] INFO  grpc.GrpcConfigKeys (ConfUtils.java:logGet(46)) - raft.grpc.server.heartbeat.channel = true (default)
2023-03-14 08:39:00,973 [Time-limited test] INFO  grpc.GrpcConfigKeys (ConfUtils.java:logGet(46)) - raft.grpc.server.async.request.thread.pool.cached = true (default)
2023-03-14 08:39:00,973 [Time-limited test] INFO  grpc.GrpcConfigKeys (ConfUtils.java:logGet(46)) - raft.grpc.server.async.request.thread.pool.size = 32 (default)
2023-03-14 08:39:00,974 [s0-groupManagement] INFO  server.RaftServerConfigKeys (ConfUtils.java:logGet(46)) - raft.server.log.appender.install.snapshot.enabled = true (default)
2023-03-14 08:39:00,974 [s0-groupManagement] INFO  server.RaftServerConfigKeys (ConfUtils.java:logGet(46)) - raft.server.threadpool.server.cached = true (default)
2023-03-14 08:39:00,974 [s0-groupManagement] INFO  server.RaftServerConfigKeys (ConfUtils.java:logGet(46)) - raft.server.threadpool.server.size = 0 (default)
2023-03-14 08:39:00,974 [s0-groupManagement] INFO  server.RaftServerConfigKeys (ConfUtils.java:logGet(46)) - raft.server.threadpool.client.cached = true (default)
2023-03-14 08:39:00,974 [s0-groupManagement] INFO  server.RaftServerConfigKeys (ConfUtils.java:logGet(46)) - raft.server.threadpool.client.size = 0 (default)
2023-03-14 08:39:00,974 [Time-limited test] INFO  impl.DataStreamServerImpl (ConfUtils.java:logGet(46)) - raft.datastream.type = DISABLED (default)
2023-03-14 08:39:00,974 [Time-limited test] INFO  server.RaftServerConfigKeys (ConfUtils.java:logGet(46)) - raft.server.threadpool.proxy.cached = true (default)
2023-03-14 08:39:00,974 [Time-limited test] INFO  server.RaftServerConfigKeys (ConfUtils.java:logGet(46)) - raft.server.threadpool.proxy.size = 0 (default)
2023-03-14 08:39:00,974 [Time-limited test] INFO  server.RaftServerConfigKeys (ConfUtils.java:logGet(46)) - raft.server.rpc.slowness.timeout = 60s (default)
2023-03-14 08:39:00,974 [Time-limited test] INFO  server.RaftServerConfigKeys (ConfUtils.java:logGet(46)) - raft.server.leaderelection.leader.step-down.wait-time = 10s (default)
2023-03-14 08:39:00,975 [Time-limited test] INFO  server.RaftServerConfigKeys (ConfUtils.java:logGet(46)) - raft.server.storage.dir = [/home/runner/work/ratis/ratis/ratis-test/target/test/data/be523d36/MiniRaftClusterWithGrpca982f0d3/s1] (custom)
2023-03-14 08:39:00,975 [Time-limited test] INFO  server.RaftServer (RaftServerProxy.java:addNew(99)) - s1: addNew group-050875D9256C:[s0|rpc:localhost:46109|admin:localhost:44341|client:localhost:45497|dataStream:localhost:44787|priority:0|startupRole:FOLLOWER, s1|rpc:localhost:38609|admin:localhost:36821|client:localhost:35433|dataStream:localhost:46383|priority:0|startupRole:FOLLOWER, s2|rpc:localhost:40487|admin:localhost:43753|client:localhost:39069|dataStream:localhost:42963|priority:0|startupRole:FOLLOWER] returns group-050875D9256C:java.util.concurrent.CompletableFuture@47282e9c[Not completed]
2023-03-14 08:39:00,975 [s1-groupManagement] INFO  server.RaftServer$Division (RaftServerImpl.java:<init>(198)) - s1: new RaftServerImpl for group-050875D9256C:[s0|rpc:localhost:46109|admin:localhost:44341|client:localhost:45497|dataStream:localhost:44787|priority:0|startupRole:FOLLOWER, s1|rpc:localhost:38609|admin:localhost:36821|client:localhost:35433|dataStream:localhost:46383|priority:0|startupRole:FOLLOWER, s2|rpc:localhost:40487|admin:localhost:43753|client:localhost:39069|dataStream:localhost:42963|priority:0|startupRole:FOLLOWER] with BaseStateMachine:uninitialized
2023-03-14 08:39:00,975 [Time-limited test] INFO  impl.MiniRaftCluster (MiniRaftCluster.java:newRaftServer(382)) - newRaftServer: s2, group-050875D9256C:[s0|rpc:localhost:46109|admin:localhost:44341|client:localhost:45497|dataStream:localhost:44787|priority:0|startupRole:FOLLOWER, s1|rpc:localhost:38609|admin:localhost:36821|client:localhost:35433|dataStream:localhost:46383|priority:0|startupRole:FOLLOWER, s2|rpc:localhost:40487|admin:localhost:43753|client:localhost:39069|dataStream:localhost:42963|priority:0|startupRole:FOLLOWER], format? true
2023-03-14 08:39:00,976 [Time-limited test] TRACE util.FileUtils (FileUtils.java:deleteFully(201)) - deleteFully target/test/data/be523d36/MiniRaftClusterWithGrpca982f0d3/s2
2023-03-14 08:39:00,976 [s1-groupManagement] INFO  server.RaftServerConfigKeys (ConfUtils.java:logGet(46)) - raft.server.rpc.timeout.min = 150ms (default)
2023-03-14 08:39:00,976 [Time-limited test] TRACE util.FileUtils (FileUtils.java:deleteFully(217)) - deleteFully: target/test/data/be523d36/MiniRaftClusterWithGrpca982f0d3/s2 does not exist.
2023-03-14 08:39:00,976 [Time-limited test] INFO  impl.MiniRaftCluster (MiniRaftCluster.java:newRaftServer(387)) - Formatted directory target/test/data/be523d36/MiniRaftClusterWithGrpca982f0d3/s2
2023-03-14 08:39:00,976 [s1-groupManagement] INFO  server.RaftServerConfigKeys (ConfUtils.java:logGet(46)) - raft.server.rpc.timeout.max = 300ms (default)
2023-03-14 08:39:00,976 [s1-groupManagement] INFO  server.RaftServerConfigKeys (ConfUtils.java:logGet(46)) - raft.server.rpc.sleep.time = 25ms (default)
2023-03-14 08:39:00,976 [s1-groupManagement] INFO  server.RaftServerConfigKeys (ConfUtils.java:logGet(46)) - raft.server.rpc.slowness.timeout = 60s (default)
2023-03-14 08:39:00,976 [s1-groupManagement] INFO  server.RaftServerConfigKeys (ConfUtils.java:logGet(46)) - raft.server.leaderelection.leader.step-down.wait-time = 10s (default)
2023-03-14 08:39:00,976 [s1-groupManagement] INFO  server.RaftServerConfigKeys (ConfUtils.java:logGet(46)) - raft.server.sleep.deviation.threshold = 300ms (default)
2023-03-14 08:39:00,976 [Time-limited test] INFO  server.RaftServer (ConfUtils.java:logGet(46)) - raft.rpc.type = GRPC (default)
2023-03-14 08:39:00,976 [s1-groupManagement] INFO  server.RaftServer$Division (ServerState.java:<init>(113)) - s1@group-050875D9256C: ConfigurationManager, init=-1: peers:[s0|rpc:localhost:46109|admin:localhost:44341|client:localhost:45497|dataStream:localhost:44787|priority:0|startupRole:FOLLOWER, s1|rpc:localhost:38609|admin:localhost:36821|client:localhost:35433|dataStream:localhost:46383|priority:0|startupRole:FOLLOWER, s2|rpc:localhost:40487|admin:localhost:43753|client:localhost:39069|dataStream:localhost:42963|priority:0|startupRole:FOLLOWER]|listeners:[], old=null, confs=<EMPTY_MAP>
2023-03-14 08:39:00,977 [Time-limited test] INFO  grpc.GrpcConfigKeys (ConfUtils.java:logFallback(53)) - raft.grpc.admin.host = null (fallback to raft.grpc.server.host)
2023-03-14 08:39:00,977 [s1-groupManagement] INFO  server.RaftServerConfigKeys (ConfUtils.java:logGet(46)) - raft.server.notification.no-leader.timeout = 60s (default)
2023-03-14 08:39:00,977 [s1-groupManagement] INFO  server.RaftServerConfigKeys (ConfUtils.java:logGet(46)) - raft.server.read.timeout = 10s (default)
2023-03-14 08:39:00,977 [Time-limited test] INFO  grpc.GrpcConfigKeys (ConfUtils.java:logGet(46)) - raft.grpc.admin.port = 43753 (custom)
2023-03-14 08:39:00,977 [s1-groupManagement] INFO  server.RaftServerConfigKeys (ConfUtils.java:logGet(46)) - raft.server.retrycache.expirytime = 60s (default)
2023-03-14 08:39:00,977 [Time-limited test] INFO  grpc.GrpcConfigKeys (ConfUtils.java:logFallback(53)) - raft.grpc.client.host = null (fallback to raft.grpc.server.host)
2023-03-14 08:39:00,977 [s1-groupManagement] INFO  server.RaftServerConfigKeys (ConfUtils.java:logGet(46)) - raft.server.retrycache.statistics.expirytime = 100μs (default)
2023-03-14 08:39:00,977 [Time-limited test] INFO  grpc.GrpcConfigKeys (ConfUtils.java:logGet(46)) - raft.grpc.client.port = 39069 (custom)
2023-03-14 08:39:00,977 [Time-limited test] INFO  grpc.GrpcConfigKeys (ConfUtils.java:logGet(46)) - raft.grpc.server.host = null (default)
2023-03-14 08:39:00,977 [Time-limited test] INFO  grpc.GrpcConfigKeys (ConfUtils.java:logGet(46)) - raft.grpc.server.port = 40487 (custom)
2023-03-14 08:39:00,977 [Time-limited test] INFO  server.GrpcService (ConfUtils.java:logGet(46)) - raft.grpc.message.size.max = 64MB (=67108864) (default)
2023-03-14 08:39:00,977 [Time-limited test] INFO  server.RaftServerConfigKeys (ConfUtils.java:logGet(46)) - raft.server.log.appender.buffer.byte-limit = 4MB (=4194304) (default)
2023-03-14 08:39:00,977 [s1-groupManagement] INFO  server.RaftServerConfigKeys (ConfUtils.java:logGet(46)) - raft.server.read.option = DEFAULT (default)
2023-03-14 08:39:00,977 [Time-limited test] INFO  server.GrpcService (ConfUtils.java:logGet(46)) - raft.grpc.flow.control.window = 1MB (=1048576) (default)
2023-03-14 08:39:00,977 [Time-limited test] INFO  server.RaftServerConfigKeys (ConfUtils.java:logGet(46)) - raft.server.rpc.request.timeout = 3000ms (default)
2023-03-14 08:39:00,977 [Time-limited test] INFO  grpc.GrpcConfigKeys (ConfUtils.java:logGet(46)) - raft.grpc.server.heartbeat.channel = true (default)
2023-03-14 08:39:00,977 [Time-limited test] INFO  grpc.GrpcConfigKeys (ConfUtils.java:logGet(46)) - raft.grpc.server.async.request.thread.pool.cached = true (default)
2023-03-14 08:39:00,977 [Time-limited test] INFO  grpc.GrpcConfigKeys (ConfUtils.java:logGet(46)) - raft.grpc.server.async.request.thread.pool.size = 32 (default)
2023-03-14 08:39:00,978 [s1-groupManagement] INFO  server.RaftServerConfigKeys (ConfUtils.java:logGet(46)) - raft.server.log.appender.install.snapshot.enabled = true (default)
2023-03-14 08:39:00,978 [s1-groupManagement] INFO  server.RaftServerConfigKeys (ConfUtils.java:logGet(46)) - raft.server.threadpool.server.cached = true (default)
2023-03-14 08:39:00,978 [s1-groupManagement] INFO  server.RaftServerConfigKeys (ConfUtils.java:logGet(46)) - raft.server.threadpool.server.size = 0 (default)
2023-03-14 08:39:00,978 [s1-groupManagement] INFO  server.RaftServerConfigKeys (ConfUtils.java:logGet(46)) - raft.server.threadpool.client.cached = true (default)
2023-03-14 08:39:00,978 [s1-groupManagement] INFO  server.RaftServerConfigKeys (ConfUtils.java:logGet(46)) - raft.server.threadpool.client.size = 0 (default)
2023-03-14 08:39:00,978 [Time-limited test] INFO  impl.DataStreamServerImpl (ConfUtils.java:logGet(46)) - raft.datastream.type = DISABLED (default)
2023-03-14 08:39:00,978 [Time-limited test] INFO  server.RaftServerConfigKeys (ConfUtils.java:logGet(46)) - raft.server.threadpool.proxy.cached = true (default)
2023-03-14 08:39:00,978 [Time-limited test] INFO  server.RaftServerConfigKeys (ConfUtils.java:logGet(46)) - raft.server.threadpool.proxy.size = 0 (default)
2023-03-14 08:39:00,978 [Time-limited test] INFO  server.RaftServerConfigKeys (ConfUtils.java:logGet(46)) - raft.server.rpc.slowness.timeout = 60s (default)
2023-03-14 08:39:00,978 [Time-limited test] INFO  server.RaftServerConfigKeys (ConfUtils.java:logGet(46)) - raft.server.leaderelection.leader.step-down.wait-time = 10s (default)
2023-03-14 08:39:00,979 [Time-limited test] INFO  server.RaftServerConfigKeys (ConfUtils.java:logGet(46)) - raft.server.storage.dir = [/home/runner/work/ratis/ratis/ratis-test/target/test/data/be523d36/MiniRaftClusterWithGrpca982f0d3/s2] (custom)
2023-03-14 08:39:00,979 [Time-limited test] INFO  server.RaftServer (RaftServerProxy.java:addNew(99)) - s2: addNew group-050875D9256C:[s0|rpc:localhost:46109|admin:localhost:44341|client:localhost:45497|dataStream:localhost:44787|priority:0|startupRole:FOLLOWER, s1|rpc:localhost:38609|admin:localhost:36821|client:localhost:35433|dataStream:localhost:46383|priority:0|startupRole:FOLLOWER, s2|rpc:localhost:40487|admin:localhost:43753|client:localhost:39069|dataStream:localhost:42963|priority:0|startupRole:FOLLOWER] returns group-050875D9256C:java.util.concurrent.CompletableFuture@5af63fca[Not completed]
2023-03-14 08:39:00,979 [s2-groupManagement] INFO  server.RaftServer$Division (RaftServerImpl.java:<init>(198)) - s2: new RaftServerImpl for group-050875D9256C:[s0|rpc:localhost:46109|admin:localhost:44341|client:localhost:45497|dataStream:localhost:44787|priority:0|startupRole:FOLLOWER, s1|rpc:localhost:38609|admin:localhost:36821|client:localhost:35433|dataStream:localhost:46383|priority:0|startupRole:FOLLOWER, s2|rpc:localhost:40487|admin:localhost:43753|client:localhost:39069|dataStream:localhost:42963|priority:0|startupRole:FOLLOWER] with BaseStateMachine:uninitialized
2023-03-14 08:39:00,979 [s0-impl-thread1] INFO  server.RaftServerConfigKeys (ConfUtils.java:logGet(46)) - raft.server.storage.free-space.min = 0MB (=0) (default)
2023-03-14 08:39:00,979 [s0-impl-thread1] INFO  server.RaftServerConfigKeys (ConfUtils.java:logGet(46)) - raft.server.log.corruption.policy = EXCEPTION (default)
2023-03-14 08:39:00,979 [s0-impl-thread1] INFO  server.RaftServerConfigKeys (ConfUtils.java:logGet(46)) - raft.server.storage.dir = [/home/runner/work/ratis/ratis/ratis-test/target/test/data/be523d36/MiniRaftClusterWithGrpca982f0d3/s0] (custom)
2023-03-14 08:39:00,979 [s0-impl-thread1] INFO  storage.RaftStorageDirectory (RaftStorageDirectoryImpl.java:analyzeStorage(138)) - The storage directory /home/runner/work/ratis/ratis/ratis-test/target/test/data/be523d36/MiniRaftClusterWithGrpca982f0d3/s0/45ed9be6-e5a1-49ad-9eda-050875d9256c does not exist. Creating ...
2023-03-14 08:39:00,980 [s0-impl-thread1] TRACE util.FileUtils (LogUtils.java:runAndLog(49)) - Successfully ran Files.createDirectories /home/runner/work/ratis/ratis/ratis-test/target/test/data/be523d36/MiniRaftClusterWithGrpca982f0d3/s0/45ed9be6-e5a1-49ad-9eda-050875d9256c
2023-03-14 08:39:00,980 [s2-groupManagement] INFO  server.RaftServerConfigKeys (ConfUtils.java:logGet(46)) - raft.server.rpc.timeout.min = 150ms (default)
2023-03-14 08:39:00,980 [s2-groupManagement] INFO  server.RaftServerConfigKeys (ConfUtils.java:logGet(46)) - raft.server.rpc.timeout.max = 300ms (default)
2023-03-14 08:39:00,980 [s2-groupManagement] INFO  server.RaftServerConfigKeys (ConfUtils.java:logGet(46)) - raft.server.rpc.sleep.time = 25ms (default)
2023-03-14 08:39:00,980 [s2-groupManagement] INFO  server.RaftServerConfigKeys (ConfUtils.java:logGet(46)) - raft.server.rpc.slowness.timeout = 60s (default)
2023-03-14 08:39:00,980 [s0-impl-thread1] INFO  storage.RaftStorageDirectory (RaftStorageDirectoryImpl.java:tryLock(232)) - Lock on /home/runner/work/ratis/ratis/ratis-test/target/test/data/be523d36/MiniRaftClusterWithGrpca982f0d3/s0/45ed9be6-e5a1-49ad-9eda-050875d9256c/in_use.lock acquired by nodename 10435@fv-az41-628
2023-03-14 08:39:00,981 [s0-impl-thread1] TRACE util.FileUtils (LogUtils.java:runAndLog(49)) - Successfully ran Files.createDirectories /home/runner/work/ratis/ratis/ratis-test/target/test/data/be523d36/MiniRaftClusterWithGrpca982f0d3/s0/45ed9be6-e5a1-49ad-9eda-050875d9256c/current
2023-03-14 08:39:00,981 [s0-impl-thread1] TRACE util.FileUtils (LogUtils.java:runAndLog(49)) - Successfully ran Files.createDirectories /home/runner/work/ratis/ratis/ratis-test/target/test/data/be523d36/MiniRaftClusterWithGrpca982f0d3/s0/45ed9be6-e5a1-49ad-9eda-050875d9256c/sm
2023-03-14 08:39:00,982 [s0-impl-thread1] INFO  storage.RaftStorage (RaftStorageImpl.java:format(96)) - Storage directory /home/runner/work/ratis/ratis/ratis-test/target/test/data/be523d36/MiniRaftClusterWithGrpca982f0d3/s0/45ed9be6-e5a1-49ad-9eda-050875d9256c has been successfully formatted.
2023-03-14 08:39:00,982 [s0-impl-thread1] INFO  server.RaftServerConfigKeys (ConfUtils.java:logGet(46)) - raft.server.log.use.memory = false (default)
2023-03-14 08:39:00,982 [s0-impl-thread1] INFO  server.RaftServerConfigKeys (ConfUtils.java:logGet(46)) - raft.server.log.purge.gap = 1024 (default)
2023-03-14 08:39:00,982 [s0-impl-thread1] INFO  server.RaftServerConfigKeys (ConfUtils.java:logGet(46)) - raft.server.log.appender.buffer.byte-limit = 4MB (=4194304) (default)
2023-03-14 08:39:00,982 [s0-impl-thread1] INFO  server.RaftServerConfigKeys (ConfUtils.java:logGet(46)) - raft.server.log.statemachine.data.read.timeout = 1000ms (default)
2023-03-14 08:39:00,982 [s0-impl-thread1] INFO  server.RaftServerConfigKeys (ConfUtils.java:logGet(46)) - raft.server.log.purge.preservation.log.num = 0 (default)
2023-03-14 08:39:00,982 [s0-impl-thread1] INFO  server.RaftServerConfigKeys (ConfUtils.java:logGet(46)) - raft.server.log.segment.size.max = 8MB (=8388608) (default)
2023-03-14 08:39:00,982 [s0-impl-thread1] INFO  server.RaftServerConfigKeys (ConfUtils.java:logGet(46)) - raft.server.log.segment.cache.num.max = 6 (default)
2023-03-14 08:39:00,982 [s0-impl-thread1] INFO  server.RaftServerConfigKeys (ConfUtils.java:logGet(46)) - raft.server.log.segment.cache.size.max = 200MB (=209715200) (default)
2023-03-14 08:39:00,982 [s0-impl-thread1] INFO  server.RaftServerConfigKeys (ConfUtils.java:logGet(46)) - raft.server.log.appender.buffer.byte-limit = 4MB (=4194304) (default)
2023-03-14 08:39:00,982 [s0-impl-thread1] INFO  segmented.SegmentedRaftLogWorker (SegmentedRaftLogWorker.java:<init>(183)) - new s0@group-050875D9256C-SegmentedRaftLogWorker for RaftStorageImpl:Storage Directory /home/runner/work/ratis/ratis/ratis-test/target/test/data/be523d36/MiniRaftClusterWithGrpca982f0d3/s0/45ed9be6-e5a1-49ad-9eda-050875d9256c
2023-03-14 08:39:00,982 [s0-impl-thread1] INFO  server.RaftServerConfigKeys (ConfUtils.java:logGet(46)) - raft.server.log.queue.byte-limit = 64MB (=67108864) (default)
2023-03-14 08:39:00,982 [s0-impl-thread1] INFO  server.RaftServerConfigKeys (ConfUtils.java:logGet(46)) - raft.server.log.queue.element-limit = 4096 (default)
2023-03-14 08:39:00,982 [s0-impl-thread1] INFO  server.RaftServerConfigKeys (ConfUtils.java:logGet(46)) - raft.server.log.segment.size.max = 8MB (=8388608) (default)
2023-03-14 08:39:00,982 [s0-impl-thread1] INFO  server.RaftServerConfigKeys (ConfUtils.java:logGet(46)) - raft.server.log.preallocated.size = 4MB (=4194304) (default)
2023-03-14 08:39:00,982 [s0-impl-thread1] INFO  server.RaftServerConfigKeys (ConfUtils.java:logGet(46)) - raft.server.log.force.sync.num = 128 (default)
2023-03-14 08:39:00,982 [s0-impl-thread1] INFO  server.RaftServerConfigKeys (ConfUtils.java:logGet(46)) - raft.server.log.statemachine.data.sync = true (default)
2023-03-14 08:39:00,982 [s0-impl-thread1] INFO  server.RaftServerConfigKeys (ConfUtils.java:logGet(46)) - raft.server.log.statemachine.data.sync.timeout = 10s (default)
2023-03-14 08:39:00,982 [s0-impl-thread1] INFO  server.RaftServerConfigKeys (ConfUtils.java:logGet(46)) - raft.server.log.statemachine.data.sync.timeout.retry = -1 (default)
2023-03-14 08:39:00,982 [s0-impl-thread1] INFO  server.RaftServerConfigKeys (ConfUtils.java:logGet(46)) - raft.server.log.write.buffer.size = 64KB (=65536) (default)
2023-03-14 08:39:00,982 [s0-impl-thread1] INFO  server.RaftServerConfigKeys (ConfUtils.java:logGet(46)) - raft.server.log.appender.buffer.byte-limit = 4MB (=4194304) (default)
2023-03-14 08:39:00,983 [s0-impl-thread1] INFO  server.RaftServerConfigKeys (ConfUtils.java:logGet(46)) - raft.server.log.unsafe-flush.enabled = false (default)
2023-03-14 08:39:00,983 [s0-impl-thread1] INFO  server.RaftServerConfigKeys (ConfUtils.java:logGet(46)) - raft.server.log.async-flush.enabled = false (default)
2023-03-14 08:39:00,983 [s0-impl-thread1] INFO  server.RaftServerConfigKeys (ConfUtils.java:logGet(46)) - raft.server.log.statemachine.data.caching.enabled = false (default)
2023-03-14 08:39:00,983 [s0-impl-thread1] INFO  segmented.SegmentedRaftLogWorker (SegmentedRaftLogWorker.java:lambda$new$0(134)) - s0@group-050875D9256C-SegmentedRaftLogWorker: flushIndex: setUnconditionally 0 -> -1
2023-03-14 08:39:00,983 [s0-impl-thread1] INFO  segmented.SegmentedRaftLogWorker (SegmentedRaftLogWorker.java:lambda$new$0(134)) - s0@group-050875D9256C-SegmentedRaftLogWorker: safeCacheEvictIndex: setUnconditionally 0 -> -1
2023-03-14 08:39:00,984 [s2-groupManagement] INFO  server.RaftServerConfigKeys (ConfUtils.java:logGet(46)) - raft.server.leaderelection.leader.step-down.wait-time = 10s (default)
2023-03-14 08:39:00,984 [s2-groupManagement] INFO  server.RaftServerConfigKeys (ConfUtils.java:logGet(46)) - raft.server.sleep.deviation.threshold = 300ms (default)
2023-03-14 08:39:00,984 [s2-groupManagement] INFO  server.RaftServer$Division (ServerState.java:<init>(113)) - s2@group-050875D9256C: ConfigurationManager, init=-1: peers:[s0|rpc:localhost:46109|admin:localhost:44341|client:localhost:45497|dataStream:localhost:44787|priority:0|startupRole:FOLLOWER, s1|rpc:localhost:38609|admin:localhost:36821|client:localhost:35433|dataStream:localhost:46383|priority:0|startupRole:FOLLOWER, s2|rpc:localhost:40487|admin:localhost:43753|client:localhost:39069|dataStream:localhost:42963|priority:0|startupRole:FOLLOWER]|listeners:[], old=null, confs=<EMPTY_MAP>
2023-03-14 08:39:00,984 [s2-groupManagement] INFO  server.RaftServerConfigKeys (ConfUtils.java:logGet(46)) - raft.server.notification.no-leader.timeout = 60s (default)
2023-03-14 08:39:00,984 [s2-groupManagement] INFO  server.RaftServerConfigKeys (ConfUtils.java:logGet(46)) - raft.server.read.timeout = 10s (default)
2023-03-14 08:39:00,984 [s2-groupManagement] INFO  server.RaftServerConfigKeys (ConfUtils.java:logGet(46)) - raft.server.retrycache.expirytime = 60s (default)
2023-03-14 08:39:00,984 [s2-groupManagement] INFO  server.RaftServerConfigKeys (ConfUtils.java:logGet(46)) - raft.server.retrycache.statistics.expirytime = 100μs (default)
2023-03-14 08:39:00,984 [s2-groupManagement] INFO  server.RaftServerConfigKeys (ConfUtils.java:logGet(46)) - raft.server.read.option = DEFAULT (default)
2023-03-14 08:39:00,985 [s2-groupManagement] INFO  server.RaftServerConfigKeys (ConfUtils.java:logGet(46)) - raft.server.log.appender.install.snapshot.enabled = true (default)
2023-03-14 08:39:00,985 [s2-groupManagement] INFO  server.RaftServerConfigKeys (ConfUtils.java:logGet(46)) - raft.server.threadpool.server.cached = true (default)
2023-03-14 08:39:00,985 [s2-groupManagement] INFO  server.RaftServerConfigKeys (ConfUtils.java:logGet(46)) - raft.server.threadpool.server.size = 0 (default)
2023-03-14 08:39:00,985 [s2-groupManagement] INFO  server.RaftServerConfigKeys (ConfUtils.java:logGet(46)) - raft.server.threadpool.client.cached = true (default)
2023-03-14 08:39:00,985 [s2-groupManagement] INFO  server.RaftServerConfigKeys (ConfUtils.java:logGet(46)) - raft.server.threadpool.client.size = 0 (default)
2023-03-14 08:39:00,986 [s0-impl-thread1] INFO  server.RaftServer$Division (RaftServerImpl.java:start(342)) - s0@group-050875D9256C: start as a follower, conf=-1: peers:[s0|rpc:localhost:46109|admin:localhost:44341|client:localhost:45497|dataStream:localhost:44787|priority:0|startupRole:FOLLOWER, s1|rpc:localhost:38609|admin:localhost:36821|client:localhost:35433|dataStream:localhost:46383|priority:0|startupRole:FOLLOWER, s2|rpc:localhost:40487|admin:localhost:43753|client:localhost:39069|dataStream:localhost:42963|priority:0|startupRole:FOLLOWER]|listeners:[], old=null
2023-03-14 08:39:00,986 [s0-impl-thread1] INFO  server.RaftServer$Division (RaftServerImpl.java:setRole(329)) - s0@group-050875D9256C: changes role from      null to FOLLOWER at term 0 for startAsFollower
2023-03-14 08:39:00,986 [s0-impl-thread1] INFO  impl.RoleInfo (RoleInfo.java:updateAndGet(139)) - s0: start s0@group-050875D9256C-FollowerState
2023-03-14 08:39:00,986 [s0@group-050875D9256C-FollowerState] INFO  server.RaftServerConfigKeys (ConfUtils.java:logFallback(53)) - raft.server.rpc.first-election.timeout.min = 150ms (fallback to raft.server.rpc.timeout.min)
2023-03-14 08:39:00,986 [s0@group-050875D9256C-FollowerState] INFO  server.RaftServerConfigKeys (ConfUtils.java:logFallback(53)) - raft.server.rpc.first-election.timeout.max = 300ms (fallback to raft.server.rpc.timeout.max)
2023-03-14 08:39:00,986 [s0-impl-thread1] INFO  util.JmxRegister (JmxRegister.java:tryRegister(44)) - Successfully registered JMX Bean with object name Ratis:service=RaftServer,group=group-050875D9256C,id=s0
2023-03-14 08:39:00,986 [s0-impl-thread1] INFO  server.RaftServerConfigKeys (ConfUtils.java:logGet(46)) - raft.server.snapshot.auto.trigger.enabled = false (default)
2023-03-14 08:39:00,986 [s0-impl-thread1] INFO  server.RaftServerConfigKeys (ConfUtils.java:logGet(46)) - raft.server.snapshot.retention.file.num = -1 (default)
2023-03-14 08:39:00,986 [s0-impl-thread1] INFO  server.RaftServerConfigKeys (ConfUtils.java:logGet(46)) - raft.server.log.purge.upto.snapshot.index = false (default)
2023-03-14 08:39:00,986 [Time-limited test] INFO  server.RaftServer (RaftServerProxy.java:startImpl(401)) - s0: start RPC server
2023-03-14 08:39:00,987 [Time-limited test] INFO  server.GrpcService (GrpcService.java:startImpl(302)) - s0: GrpcService started, listening on 45497
2023-03-14 08:39:00,987 [Time-limited test] INFO  server.GrpcService (GrpcService.java:startImpl(302)) - s0: GrpcService started, listening on 46109
2023-03-14 08:39:00,987 [Time-limited test] INFO  server.GrpcService (GrpcService.java:startImpl(302)) - s0: GrpcService started, listening on 44341
2023-03-14 08:39:00,987 [s1-impl-thread1] INFO  server.RaftServerConfigKeys (ConfUtils.java:logGet(46)) - raft.server.storage.free-space.min = 0MB (=0) (default)
2023-03-14 08:39:00,987 [JvmPauseMonitor52] INFO  util.JvmPauseMonitor (JvmPauseMonitor.java:run(103)) - JvmPauseMonitor-s0: Started
2023-03-14 08:39:00,987 [s1-impl-thread1] INFO  server.RaftServerConfigKeys (ConfUtils.java:logGet(46)) - raft.server.log.corruption.policy = EXCEPTION (default)
2023-03-14 08:39:00,987 [s1-impl-thread1] INFO  server.RaftServerConfigKeys (ConfUtils.java:logGet(46)) - raft.server.storage.dir = [/home/runner/work/ratis/ratis/ratis-test/target/test/data/be523d36/MiniRaftClusterWithGrpca982f0d3/s1] (custom)
2023-03-14 08:39:00,988 [s1-impl-thread1] INFO  storage.RaftStorageDirectory (RaftStorageDirectoryImpl.java:analyzeStorage(138)) - The storage directory /home/runner/work/ratis/ratis/ratis-test/target/test/data/be523d36/MiniRaftClusterWithGrpca982f0d3/s1/45ed9be6-e5a1-49ad-9eda-050875d9256c does not exist. Creating ...
2023-03-14 08:39:00,988 [s1-impl-thread1] TRACE util.FileUtils (LogUtils.java:runAndLog(49)) - Successfully ran Files.createDirectories /home/runner/work/ratis/ratis/ratis-test/target/test/data/be523d36/MiniRaftClusterWithGrpca982f0d3/s1/45ed9be6-e5a1-49ad-9eda-050875d9256c
2023-03-14 08:39:00,989 [s1-impl-thread1] INFO  storage.RaftStorageDirectory (RaftStorageDirectoryImpl.java:tryLock(232)) - Lock on /home/runner/work/ratis/ratis/ratis-test/target/test/data/be523d36/MiniRaftClusterWithGrpca982f0d3/s1/45ed9be6-e5a1-49ad-9eda-050875d9256c/in_use.lock acquired by nodename 10435@fv-az41-628
2023-03-14 08:39:00,989 [s1-impl-thread1] TRACE util.FileUtils (LogUtils.java:runAndLog(49)) - Successfully ran Files.createDirectories /home/runner/work/ratis/ratis/ratis-test/target/test/data/be523d36/MiniRaftClusterWithGrpca982f0d3/s1/45ed9be6-e5a1-49ad-9eda-050875d9256c/current
2023-03-14 08:39:00,989 [s1-impl-thread1] TRACE util.FileUtils (LogUtils.java:runAndLog(49)) - Successfully ran Files.createDirectories /home/runner/work/ratis/ratis/ratis-test/target/test/data/be523d36/MiniRaftClusterWithGrpca982f0d3/s1/45ed9be6-e5a1-49ad-9eda-050875d9256c/sm
2023-03-14 08:39:00,990 [s1-impl-thread1] INFO  storage.RaftStorage (RaftStorageImpl.java:format(96)) - Storage directory /home/runner/work/ratis/ratis/ratis-test/target/test/data/be523d36/MiniRaftClusterWithGrpca982f0d3/s1/45ed9be6-e5a1-49ad-9eda-050875d9256c has been successfully formatted.
2023-03-14 08:39:00,990 [s1-impl-thread1] INFO  server.RaftServerConfigKeys (ConfUtils.java:logGet(46)) - raft.server.log.use.memory = false (default)
2023-03-14 08:39:00,990 [s1-impl-thread1] INFO  server.RaftServerConfigKeys (ConfUtils.java:logGet(46)) - raft.server.log.purge.gap = 1024 (default)
2023-03-14 08:39:00,990 [s1-impl-thread1] INFO  server.RaftServerConfigKeys (ConfUtils.java:logGet(46)) - raft.server.log.appender.buffer.byte-limit = 4MB (=4194304) (default)
2023-03-14 08:39:00,990 [s1-impl-thread1] INFO  server.RaftServerConfigKeys (ConfUtils.java:logGet(46)) - raft.server.log.statemachine.data.read.timeout = 1000ms (default)
2023-03-14 08:39:00,990 [s1-impl-thread1] INFO  server.RaftServerConfigKeys (ConfUtils.java:logGet(46)) - raft.server.log.purge.preservation.log.num = 0 (default)
2023-03-14 08:39:00,990 [s1-impl-thread1] INFO  server.RaftServerConfigKeys (ConfUtils.java:logGet(46)) - raft.server.log.segment.size.max = 8MB (=8388608) (default)
2023-03-14 08:39:00,990 [s1-impl-thread1] INFO  server.RaftServerConfigKeys (ConfUtils.java:logGet(46)) - raft.server.log.segment.cache.num.max = 6 (default)
2023-03-14 08:39:00,990 [s1-impl-thread1] INFO  server.RaftServerConfigKeys (ConfUtils.java:logGet(46)) - raft.server.log.segment.cache.size.max = 200MB (=209715200) (default)
2023-03-14 08:39:00,990 [s1-impl-thread1] INFO  server.RaftServerConfigKeys (ConfUtils.java:logGet(46)) - raft.server.log.appender.buffer.byte-limit = 4MB (=4194304) (default)
2023-03-14 08:39:00,990 [s1-impl-thread1] INFO  segmented.SegmentedRaftLogWorker (SegmentedRaftLogWorker.java:<init>(183)) - new s1@group-050875D9256C-SegmentedRaftLogWorker for RaftStorageImpl:Storage Directory /home/runner/work/ratis/ratis/ratis-test/target/test/data/be523d36/MiniRaftClusterWithGrpca982f0d3/s1/45ed9be6-e5a1-49ad-9eda-050875d9256c
2023-03-14 08:39:00,990 [s1-impl-thread1] INFO  server.RaftServerConfigKeys (ConfUtils.java:logGet(46)) - raft.server.log.queue.byte-limit = 64MB (=67108864) (default)
2023-03-14 08:39:00,990 [s1-impl-thread1] INFO  server.RaftServerConfigKeys (ConfUtils.java:logGet(46)) - raft.server.log.queue.element-limit = 4096 (default)
2023-03-14 08:39:00,990 [s1-impl-thread1] INFO  server.RaftServerConfigKeys (ConfUtils.java:logGet(46)) - raft.server.log.segment.size.max = 8MB (=8388608) (default)
2023-03-14 08:39:00,990 [s1-impl-thread1] INFO  server.RaftServerConfigKeys (ConfUtils.java:logGet(46)) - raft.server.log.preallocated.size = 4MB (=4194304) (default)
2023-03-14 08:39:00,990 [s1-impl-thread1] INFO  server.RaftServerConfigKeys (ConfUtils.java:logGet(46)) - raft.server.log.force.sync.num = 128 (default)
2023-03-14 08:39:00,990 [s1-impl-thread1] INFO  server.RaftServerConfigKeys (ConfUtils.java:logGet(46)) - raft.server.log.statemachine.data.sync = true (default)
2023-03-14 08:39:00,990 [s1-impl-thread1] INFO  server.RaftServerConfigKeys (ConfUtils.java:logGet(46)) - raft.server.log.statemachine.data.sync.timeout = 10s (default)
2023-03-14 08:39:00,990 [s1-impl-thread1] INFO  server.RaftServerConfigKeys (ConfUtils.java:logGet(46)) - raft.server.log.statemachine.data.sync.timeout.retry = -1 (default)
2023-03-14 08:39:00,990 [s1-impl-thread1] INFO  server.RaftServerConfigKeys (ConfUtils.java:logGet(46)) - raft.server.log.write.buffer.size = 64KB (=65536) (default)
2023-03-14 08:39:00,990 [s1-impl-thread1] INFO  server.RaftServerConfigKeys (ConfUtils.java:logGet(46)) - raft.server.log.appender.buffer.byte-limit = 4MB (=4194304) (default)
2023-03-14 08:39:00,991 [s1-impl-thread1] INFO  server.RaftServerConfigKeys (ConfUtils.java:logGet(46)) - raft.server.log.unsafe-flush.enabled = false (default)
2023-03-14 08:39:00,991 [s1-impl-thread1] INFO  server.RaftServerConfigKeys (ConfUtils.java:logGet(46)) - raft.server.log.async-flush.enabled = false (default)
2023-03-14 08:39:00,991 [s1-impl-thread1] INFO  server.RaftServerConfigKeys (ConfUtils.java:logGet(46)) - raft.server.log.statemachine.data.caching.enabled = false (default)
2023-03-14 08:39:00,991 [s1-impl-thread1] INFO  segmented.SegmentedRaftLogWorker (SegmentedRaftLogWorker.java:lambda$new$0(134)) - s1@group-050875D9256C-SegmentedRaftLogWorker: flushIndex: setUnconditionally 0 -> -1
2023-03-14 08:39:00,991 [s1-impl-thread1] INFO  segmented.SegmentedRaftLogWorker (SegmentedRaftLogWorker.java:lambda$new$0(134)) - s1@group-050875D9256C-SegmentedRaftLogWorker: safeCacheEvictIndex: setUnconditionally 0 -> -1
2023-03-14 08:39:00,991 [s1-impl-thread1] INFO  server.RaftServer$Division (RaftServerImpl.java:start(342)) - s1@group-050875D9256C: start as a follower, conf=-1: peers:[s0|rpc:localhost:46109|admin:localhost:44341|client:localhost:45497|dataStream:localhost:44787|priority:0|startupRole:FOLLOWER, s1|rpc:localhost:38609|admin:localhost:36821|client:localhost:35433|dataStream:localhost:46383|priority:0|startupRole:FOLLOWER, s2|rpc:localhost:40487|admin:localhost:43753|client:localhost:39069|dataStream:localhost:42963|priority:0|startupRole:FOLLOWER]|listeners:[], old=null
2023-03-14 08:39:00,991 [s1-impl-thread1] INFO  server.RaftServer$Division (RaftServerImpl.java:setRole(329)) - s1@group-050875D9256C: changes role from      null to FOLLOWER at term 0 for startAsFollower
2023-03-14 08:39:00,991 [s1-impl-thread1] INFO  impl.RoleInfo (RoleInfo.java:updateAndGet(139)) - s1: start s1@group-050875D9256C-FollowerState
2023-03-14 08:39:00,991 [s1-impl-thread1] INFO  util.JmxRegister (JmxRegister.java:tryRegister(44)) - Successfully registered JMX Bean with object name Ratis:service=RaftServer,group=group-050875D9256C,id=s1
2023-03-14 08:39:00,991 [s1@group-050875D9256C-FollowerState] INFO  server.RaftServerConfigKeys (ConfUtils.java:logFallback(53)) - raft.server.rpc.first-election.timeout.min = 150ms (fallback to raft.server.rpc.timeout.min)
2023-03-14 08:39:00,991 [s1-impl-thread1] INFO  server.RaftServerConfigKeys (ConfUtils.java:logGet(46)) - raft.server.snapshot.auto.trigger.enabled = false (default)
2023-03-14 08:39:00,992 [s1-impl-thread1] INFO  server.RaftServerConfigKeys (ConfUtils.java:logGet(46)) - raft.server.snapshot.retention.file.num = -1 (default)
2023-03-14 08:39:00,992 [s1-impl-thread1] INFO  server.RaftServerConfigKeys (ConfUtils.java:logGet(46)) - raft.server.log.purge.upto.snapshot.index = false (default)
2023-03-14 08:39:00,992 [s1@group-050875D9256C-FollowerState] INFO  server.RaftServerConfigKeys (ConfUtils.java:logFallback(53)) - raft.server.rpc.first-election.timeout.max = 300ms (fallback to raft.server.rpc.timeout.max)
2023-03-14 08:39:00,992 [Time-limited test] INFO  server.RaftServer (RaftServerProxy.java:startImpl(401)) - s1: start RPC server
2023-03-14 08:39:00,993 [Time-limited test] INFO  server.GrpcService (GrpcService.java:startImpl(302)) - s1: GrpcService started, listening on 35433
2023-03-14 08:39:00,993 [Time-limited test] INFO  server.GrpcService (GrpcService.java:startImpl(302)) - s1: GrpcService started, listening on 38609
2023-03-14 08:39:00,993 [Time-limited test] INFO  server.GrpcService (GrpcService.java:startImpl(302)) - s1: GrpcService started, listening on 36821
2023-03-14 08:39:00,993 [s2-impl-thread1] INFO  server.RaftServerConfigKeys (ConfUtils.java:logGet(46)) - raft.server.storage.free-space.min = 0MB (=0) (default)
2023-03-14 08:39:00,993 [s2-impl-thread1] INFO  server.RaftServerConfigKeys (ConfUtils.java:logGet(46)) - raft.server.log.corruption.policy = EXCEPTION (default)
2023-03-14 08:39:00,993 [JvmPauseMonitor53] INFO  util.JvmPauseMonitor (JvmPauseMonitor.java:run(103)) - JvmPauseMonitor-s1: Started
2023-03-14 08:39:00,993 [s2-impl-thread1] INFO  server.RaftServerConfigKeys (ConfUtils.java:logGet(46)) - raft.server.storage.dir = [/home/runner/work/ratis/ratis/ratis-test/target/test/data/be523d36/MiniRaftClusterWithGrpca982f0d3/s2] (custom)
2023-03-14 08:39:00,993 [s2-impl-thread1] INFO  storage.RaftStorageDirectory (RaftStorageDirectoryImpl.java:analyzeStorage(138)) - The storage directory /home/runner/work/ratis/ratis/ratis-test/target/test/data/be523d36/MiniRaftClusterWithGrpca982f0d3/s2/45ed9be6-e5a1-49ad-9eda-050875d9256c does not exist. Creating ...
2023-03-14 08:39:00,994 [s2-impl-thread1] TRACE util.FileUtils (LogUtils.java:runAndLog(49)) - Successfully ran Files.createDirectories /home/runner/work/ratis/ratis/ratis-test/target/test/data/be523d36/MiniRaftClusterWithGrpca982f0d3/s2/45ed9be6-e5a1-49ad-9eda-050875d9256c
2023-03-14 08:39:00,995 [s2-impl-thread1] INFO  storage.RaftStorageDirectory (RaftStorageDirectoryImpl.java:tryLock(232)) - Lock on /home/runner/work/ratis/ratis/ratis-test/target/test/data/be523d36/MiniRaftClusterWithGrpca982f0d3/s2/45ed9be6-e5a1-49ad-9eda-050875d9256c/in_use.lock acquired by nodename 10435@fv-az41-628
2023-03-14 08:39:00,995 [s2-impl-thread1] TRACE util.FileUtils (LogUtils.java:runAndLog(49)) - Successfully ran Files.createDirectories /home/runner/work/ratis/ratis/ratis-test/target/test/data/be523d36/MiniRaftClusterWithGrpca982f0d3/s2/45ed9be6-e5a1-49ad-9eda-050875d9256c/current
2023-03-14 08:39:00,995 [s2-impl-thread1] TRACE util.FileUtils (LogUtils.java:runAndLog(49)) - Successfully ran Files.createDirectories /home/runner/work/ratis/ratis/ratis-test/target/test/data/be523d36/MiniRaftClusterWithGrpca982f0d3/s2/45ed9be6-e5a1-49ad-9eda-050875d9256c/sm
2023-03-14 08:39:00,995 [s2-impl-thread1] INFO  storage.RaftStorage (RaftStorageImpl.java:format(96)) - Storage directory /home/runner/work/ratis/ratis/ratis-test/target/test/data/be523d36/MiniRaftClusterWithGrpca982f0d3/s2/45ed9be6-e5a1-49ad-9eda-050875d9256c has been successfully formatted.
2023-03-14 08:39:00,995 [s2-impl-thread1] INFO  server.RaftServerConfigKeys (ConfUtils.java:logGet(46)) - raft.server.log.use.memory = false (default)
2023-03-14 08:39:00,996 [s2-impl-thread1] INFO  server.RaftServerConfigKeys (ConfUtils.java:logGet(46)) - raft.server.log.purge.gap = 1024 (default)
2023-03-14 08:39:00,996 [s2-impl-thread1] INFO  server.RaftServerConfigKeys (ConfUtils.java:logGet(46)) - raft.server.log.appender.buffer.byte-limit = 4MB (=4194304) (default)
2023-03-14 08:39:00,996 [s2-impl-thread1] INFO  server.RaftServerConfigKeys (ConfUtils.java:logGet(46)) - raft.server.log.statemachine.data.read.timeout = 1000ms (default)
2023-03-14 08:39:00,996 [s2-impl-thread1] INFO  server.RaftServerConfigKeys (ConfUtils.java:logGet(46)) - raft.server.log.purge.preservation.log.num = 0 (default)
2023-03-14 08:39:00,996 [s2-impl-thread1] INFO  server.RaftServerConfigKeys (ConfUtils.java:logGet(46)) - raft.server.log.segment.size.max = 8MB (=8388608) (default)
2023-03-14 08:39:00,996 [s2-impl-thread1] INFO  server.RaftServerConfigKeys (ConfUtils.java:logGet(46)) - raft.server.log.segment.cache.num.max = 6 (default)
2023-03-14 08:39:00,996 [s2-impl-thread1] INFO  server.RaftServerConfigKeys (ConfUtils.java:logGet(46)) - raft.server.log.segment.cache.size.max = 200MB (=209715200) (default)
2023-03-14 08:39:00,996 [s2-impl-thread1] INFO  server.RaftServerConfigKeys (ConfUtils.java:logGet(46)) - raft.server.log.appender.buffer.byte-limit = 4MB (=4194304) (default)
2023-03-14 08:39:00,996 [s2-impl-thread1] INFO  segmented.SegmentedRaftLogWorker (SegmentedRaftLogWorker.java:<init>(183)) - new s2@group-050875D9256C-SegmentedRaftLogWorker for RaftStorageImpl:Storage Directory /home/runner/work/ratis/ratis/ratis-test/target/test/data/be523d36/MiniRaftClusterWithGrpca982f0d3/s2/45ed9be6-e5a1-49ad-9eda-050875d9256c
2023-03-14 08:39:00,996 [s2-impl-thread1] INFO  server.RaftServerConfigKeys (ConfUtils.java:logGet(46)) - raft.server.log.queue.byte-limit = 64MB (=67108864) (default)
2023-03-14 08:39:00,996 [s2-impl-thread1] INFO  server.RaftServerConfigKeys (ConfUtils.java:logGet(46)) - raft.server.log.queue.element-limit = 4096 (default)
2023-03-14 08:39:00,996 [s2-impl-thread1] INFO  server.RaftServerConfigKeys (ConfUtils.java:logGet(46)) - raft.server.log.segment.size.max = 8MB (=8388608) (default)
2023-03-14 08:39:00,996 [s2-impl-thread1] INFO  server.RaftServerConfigKeys (ConfUtils.java:logGet(46)) - raft.server.log.preallocated.size = 4MB (=4194304) (default)
2023-03-14 08:39:00,996 [s2-impl-thread1] INFO  server.RaftServerConfigKeys (ConfUtils.java:logGet(46)) - raft.server.log.force.sync.num = 128 (default)
2023-03-14 08:39:00,996 [s2-impl-thread1] INFO  server.RaftServerConfigKeys (ConfUtils.java:logGet(46)) - raft.server.log.statemachine.data.sync = true (default)
2023-03-14 08:39:00,996 [s2-impl-thread1] INFO  server.RaftServerConfigKeys (ConfUtils.java:logGet(46)) - raft.server.log.statemachine.data.sync.timeout = 10s (default)
2023-03-14 08:39:00,996 [s2-impl-thread1] INFO  server.RaftServerConfigKeys (ConfUtils.java:logGet(46)) - raft.server.log.statemachine.data.sync.timeout.retry = -1 (default)
2023-03-14 08:39:00,996 [s2-impl-thread1] INFO  server.RaftServerConfigKeys (ConfUtils.java:logGet(46)) - raft.server.log.write.buffer.size = 64KB (=65536) (default)
2023-03-14 08:39:00,996 [s2-impl-thread1] INFO  server.RaftServerConfigKeys (ConfUtils.java:logGet(46)) - raft.server.log.appender.buffer.byte-limit = 4MB (=4194304) (default)
2023-03-14 08:39:00,997 [s2-impl-thread1] INFO  server.RaftServerConfigKeys (ConfUtils.java:logGet(46)) - raft.server.log.unsafe-flush.enabled = false (default)
2023-03-14 08:39:00,997 [s2-impl-thread1] INFO  server.RaftServerConfigKeys (ConfUtils.java:logGet(46)) - raft.server.log.async-flush.enabled = false (default)
2023-03-14 08:39:00,997 [s2-impl-thread1] INFO  server.RaftServerConfigKeys (ConfUtils.java:logGet(46)) - raft.server.log.statemachine.data.caching.enabled = false (default)
2023-03-14 08:39:00,997 [s2-impl-thread1] INFO  segmented.SegmentedRaftLogWorker (SegmentedRaftLogWorker.java:lambda$new$0(134)) - s2@group-050875D9256C-SegmentedRaftLogWorker: flushIndex: setUnconditionally 0 -> -1
2023-03-14 08:39:00,997 [s2-impl-thread1] INFO  segmented.SegmentedRaftLogWorker (SegmentedRaftLogWorker.java:lambda$new$0(134)) - s2@group-050875D9256C-SegmentedRaftLogWorker: safeCacheEvictIndex: setUnconditionally 0 -> -1
2023-03-14 08:39:00,997 [s2-impl-thread1] INFO  server.RaftServer$Division (RaftServerImpl.java:start(342)) - s2@group-050875D9256C: start as a follower, conf=-1: peers:[s0|rpc:localhost:46109|admin:localhost:44341|client:localhost:45497|dataStream:localhost:44787|priority:0|startupRole:FOLLOWER, s1|rpc:localhost:38609|admin:localhost:36821|client:localhost:35433|dataStream:localhost:46383|priority:0|startupRole:FOLLOWER, s2|rpc:localhost:40487|admin:localhost:43753|client:localhost:39069|dataStream:localhost:42963|priority:0|startupRole:FOLLOWER]|listeners:[], old=null
2023-03-14 08:39:00,997 [s2-impl-thread1] INFO  server.RaftServer$Division (RaftServerImpl.java:setRole(329)) - s2@group-050875D9256C: changes role from      null to FOLLOWER at term 0 for startAsFollower
2023-03-14 08:39:00,997 [s2-impl-thread1] INFO  impl.RoleInfo (RoleInfo.java:updateAndGet(139)) - s2: start s2@group-050875D9256C-FollowerState
2023-03-14 08:39:00,997 [s2-impl-thread1] INFO  util.JmxRegister (JmxRegister.java:tryRegister(44)) - Successfully registered JMX Bean with object name Ratis:service=RaftServer,group=group-050875D9256C,id=s2
2023-03-14 08:39:00,998 [s2@group-050875D9256C-FollowerState] INFO  server.RaftServerConfigKeys (ConfUtils.java:logFallback(53)) - raft.server.rpc.first-election.timeout.min = 150ms (fallback to raft.server.rpc.timeout.min)
2023-03-14 08:39:00,998 [s2-impl-thread1] INFO  server.RaftServerConfigKeys (ConfUtils.java:logGet(46)) - raft.server.snapshot.auto.trigger.enabled = false (default)
2023-03-14 08:39:00,998 [s2@group-050875D9256C-FollowerState] INFO  server.RaftServerConfigKeys (ConfUtils.java:logFallback(53)) - raft.server.rpc.first-election.timeout.max = 300ms (fallback to raft.server.rpc.timeout.max)
2023-03-14 08:39:00,998 [s2-impl-thread1] INFO  server.RaftServerConfigKeys (ConfUtils.java:logGet(46)) - raft.server.snapshot.retention.file.num = -1 (default)
2023-03-14 08:39:00,998 [s2-impl-thread1] INFO  server.RaftServerConfigKeys (ConfUtils.java:logGet(46)) - raft.server.log.purge.upto.snapshot.index = false (default)
2023-03-14 08:39:00,998 [Time-limited test] INFO  server.RaftServer (RaftServerProxy.java:startImpl(401)) - s2: start RPC server
2023-03-14 08:39:00,998 [Time-limited test] INFO  server.GrpcService (GrpcService.java:startImpl(302)) - s2: GrpcService started, listening on 39069
2023-03-14 08:39:00,998 [Time-limited test] INFO  server.GrpcService (GrpcService.java:startImpl(302)) - s2: GrpcService started, listening on 40487
2023-03-14 08:39:00,998 [Time-limited test] INFO  server.GrpcService (GrpcService.java:startImpl(302)) - s2: GrpcService started, listening on 43753
2023-03-14 08:39:00,999 [JvmPauseMonitor54] INFO  util.JvmPauseMonitor (JvmPauseMonitor.java:run(103)) - JvmPauseMonitor-s2: Started
2023-03-14 08:39:00,999 [Time-limited test] INFO  grpc.TestRaftReconfigurationWithGrpc (RaftReconfigurationBaseTest.java:lambda$testRestorePriority$0(112)) - add new group: group-0A0E342D0A1A:[s0|rpc:0.0.0.0:46109|admin:0.0.0.0:44341|client:0.0.0.0:45497|priority:0|startupRole:FOLLOWER, s1|rpc:0.0.0.0:38609|admin:0.0.0.0:36821|client:0.0.0.0:35433|priority:1|startupRole:FOLLOWER, s2|rpc:0.0.0.0:40487|admin:0.0.0.0:43753|client:0.0.0.0:39069|priority:2|startupRole:FOLLOWER]
2023-03-14 08:39:01,011 [grpc-default-executor-1] INFO  server.RaftServer (RaftServerProxy.java:addNew(99)) - s0: addNew group-0A0E342D0A1A:[s0|rpc:0.0.0.0:46109|admin:0.0.0.0:44341|client:0.0.0.0:45497|dataStream:|priority:0|startupRole:FOLLOWER, s1|rpc:0.0.0.0:38609|admin:0.0.0.0:36821|client:0.0.0.0:35433|dataStream:|priority:1|startupRole:FOLLOWER, s2|rpc:0.0.0.0:40487|admin:0.0.0.0:43753|client:0.0.0.0:39069|dataStream:|priority:2|startupRole:FOLLOWER] returns group-0A0E342D0A1A:java.util.concurrent.CompletableFuture@73bca985[Not completed]
2023-03-14 08:39:01,011 [s0-groupManagement] INFO  server.RaftServer$Division (RaftServerImpl.java:<init>(198)) - s0: new RaftServerImpl for group-0A0E342D0A1A:[s0|rpc:0.0.0.0:46109|admin:0.0.0.0:44341|client:0.0.0.0:45497|dataStream:|priority:0|startupRole:FOLLOWER, s1|rpc:0.0.0.0:38609|admin:0.0.0.0:36821|client:0.0.0.0:35433|dataStream:|priority:1|startupRole:FOLLOWER, s2|rpc:0.0.0.0:40487|admin:0.0.0.0:43753|client:0.0.0.0:39069|dataStream:|priority:2|startupRole:FOLLOWER] with BaseStateMachine:uninitialized
2023-03-14 08:39:01,012 [s0-groupManagement] INFO  server.RaftServerConfigKeys (ConfUtils.java:logGet(46)) - raft.server.rpc.timeout.min = 150ms (default)
2023-03-14 08:39:01,012 [s0-groupManagement] INFO  server.RaftServerConfigKeys (ConfUtils.java:logGet(46)) - raft.server.rpc.timeout.max = 300ms (default)
2023-03-14 08:39:01,012 [s0-groupManagement] INFO  server.RaftServerConfigKeys (ConfUtils.java:logGet(46)) - raft.server.rpc.sleep.time = 25ms (default)
2023-03-14 08:39:01,012 [s0-groupManagement] INFO  server.RaftServerConfigKeys (ConfUtils.java:logGet(46)) - raft.server.rpc.slowness.timeout = 60s (default)
2023-03-14 08:39:01,012 [s0-groupManagement] INFO  server.RaftServerConfigKeys (ConfUtils.java:logGet(46)) - raft.server.leaderelection.leader.step-down.wait-time = 10s (default)
2023-03-14 08:39:01,012 [s0-groupManagement] INFO  server.RaftServerConfigKeys (ConfUtils.java:logGet(46)) - raft.server.sleep.deviation.threshold = 300ms (default)
2023-03-14 08:39:01,012 [s0-groupManagement] INFO  server.RaftServer$Division (ServerState.java:<init>(113)) - s0@group-0A0E342D0A1A: ConfigurationManager, init=-1: peers:[s0|rpc:0.0.0.0:46109|admin:0.0.0.0:44341|client:0.0.0.0:45497|dataStream:|priority:0|startupRole:FOLLOWER, s1|rpc:0.0.0.0:38609|admin:0.0.0.0:36821|client:0.0.0.0:35433|dataStream:|priority:1|startupRole:FOLLOWER, s2|rpc:0.0.0.0:40487|admin:0.0.0.0:43753|client:0.0.0.0:39069|dataStream:|priority:2|startupRole:FOLLOWER]|listeners:[], old=null, confs=<EMPTY_MAP>
2023-03-14 08:39:01,012 [s0-groupManagement] INFO  server.RaftServerConfigKeys (ConfUtils.java:logGet(46)) - raft.server.notification.no-leader.timeout = 60s (default)
2023-03-14 08:39:01,012 [s0-groupManagement] INFO  server.RaftServerConfigKeys (ConfUtils.java:logGet(46)) - raft.server.read.timeout = 10s (default)
2023-03-14 08:39:01,012 [s0-groupManagement] INFO  server.RaftServerConfigKeys (ConfUtils.java:logGet(46)) - raft.server.retrycache.expirytime = 60s (default)
2023-03-14 08:39:01,012 [s0-groupManagement] INFO  server.RaftServerConfigKeys (ConfUtils.java:logGet(46)) - raft.server.retrycache.statistics.expirytime = 100μs (default)
2023-03-14 08:39:01,012 [s0-groupManagement] INFO  server.RaftServerConfigKeys (ConfUtils.java:logGet(46)) - raft.server.read.option = DEFAULT (default)
2023-03-14 08:39:01,012 [s0-groupManagement] INFO  server.RaftServerConfigKeys (ConfUtils.java:logGet(46)) - raft.server.log.appender.install.snapshot.enabled = true (default)
2023-03-14 08:39:01,012 [s0-groupManagement] INFO  server.RaftServerConfigKeys (ConfUtils.java:logGet(46)) - raft.server.threadpool.server.cached = true (default)
2023-03-14 08:39:01,012 [s0-groupManagement] INFO  server.RaftServerConfigKeys (ConfUtils.java:logGet(46)) - raft.server.threadpool.server.size = 0 (default)
2023-03-14 08:39:01,012 [s0-groupManagement] INFO  server.RaftServerConfigKeys (ConfUtils.java:logGet(46)) - raft.server.threadpool.client.cached = true (default)
2023-03-14 08:39:01,012 [s0-groupManagement] INFO  server.RaftServerConfigKeys (ConfUtils.java:logGet(46)) - raft.server.threadpool.client.size = 0 (default)
2023-03-14 08:39:01,012 [s0-groupManagement] INFO  server.RaftServerConfigKeys (ConfUtils.java:logGet(46)) - raft.server.storage.free-space.min = 0MB (=0) (default)
2023-03-14 08:39:01,012 [s0-groupManagement] INFO  server.RaftServerConfigKeys (ConfUtils.java:logGet(46)) - raft.server.log.corruption.policy = EXCEPTION (default)
2023-03-14 08:39:01,013 [s0-groupManagement] INFO  server.RaftServerConfigKeys (ConfUtils.java:logGet(46)) - raft.server.storage.dir = [/home/runner/work/ratis/ratis/ratis-test/target/test/data/be523d36/MiniRaftClusterWithGrpca982f0d3/s0] (custom)
2023-03-14 08:39:01,013 [s0-groupManagement] INFO  storage.RaftStorageDirectory (RaftStorageDirectoryImpl.java:analyzeStorage(138)) - The storage directory /home/runner/work/ratis/ratis/ratis-test/target/test/data/be523d36/MiniRaftClusterWithGrpca982f0d3/s0/ab4a3a41-8da3-47a2-af2d-0a0e342d0a1a does not exist. Creating ...
2023-03-14 08:39:01,013 [s0-groupManagement] TRACE util.FileUtils (LogUtils.java:runAndLog(49)) - Successfully ran Files.createDirectories /home/runner/work/ratis/ratis/ratis-test/target/test/data/be523d36/MiniRaftClusterWithGrpca982f0d3/s0/ab4a3a41-8da3-47a2-af2d-0a0e342d0a1a
2023-03-14 08:39:01,014 [s0-groupManagement] INFO  storage.RaftStorageDirectory (RaftStorageDirectoryImpl.java:tryLock(232)) - Lock on /home/runner/work/ratis/ratis/ratis-test/target/test/data/be523d36/MiniRaftClusterWithGrpca982f0d3/s0/ab4a3a41-8da3-47a2-af2d-0a0e342d0a1a/in_use.lock acquired by nodename 10435@fv-az41-628
2023-03-14 08:39:01,014 [s0-groupManagement] TRACE util.FileUtils (LogUtils.java:runAndLog(49)) - Successfully ran Files.createDirectories /home/runner/work/ratis/ratis/ratis-test/target/test/data/be523d36/MiniRaftClusterWithGrpca982f0d3/s0/ab4a3a41-8da3-47a2-af2d-0a0e342d0a1a/current
2023-03-14 08:39:01,014 [s0-groupManagement] TRACE util.FileUtils (LogUtils.java:runAndLog(49)) - Successfully ran Files.createDirectories /home/runner/work/ratis/ratis/ratis-test/target/test/data/be523d36/MiniRaftClusterWithGrpca982f0d3/s0/ab4a3a41-8da3-47a2-af2d-0a0e342d0a1a/sm
2023-03-14 08:39:01,016 [s0-groupManagement] INFO  storage.RaftStorage (RaftStorageImpl.java:format(96)) - Storage directory /home/runner/work/ratis/ratis/ratis-test/target/test/data/be523d36/MiniRaftClusterWithGrpca982f0d3/s0/ab4a3a41-8da3-47a2-af2d-0a0e342d0a1a has been successfully formatted.
2023-03-14 08:39:01,016 [s0-groupManagement] INFO  server.RaftServerConfigKeys (ConfUtils.java:logGet(46)) - raft.server.log.use.memory = false (default)
2023-03-14 08:39:01,016 [s0-groupManagement] INFO  server.RaftServerConfigKeys (ConfUtils.java:logGet(46)) - raft.server.log.purge.gap = 1024 (default)
2023-03-14 08:39:01,016 [s0-groupManagement] INFO  server.RaftServerConfigKeys (ConfUtils.java:logGet(46)) - raft.server.log.appender.buffer.byte-limit = 4MB (=4194304) (default)
2023-03-14 08:39:01,016 [s0-groupManagement] INFO  server.RaftServerConfigKeys (ConfUtils.java:logGet(46)) - raft.server.log.statemachine.data.read.timeout = 1000ms (default)
2023-03-14 08:39:01,016 [s0-groupManagement] INFO  server.RaftServerConfigKeys (ConfUtils.java:logGet(46)) - raft.server.log.purge.preservation.log.num = 0 (default)
2023-03-14 08:39:01,016 [s0-groupManagement] INFO  server.RaftServerConfigKeys (ConfUtils.java:logGet(46)) - raft.server.log.segment.size.max = 8MB (=8388608) (default)
2023-03-14 08:39:01,016 [s0-groupManagement] INFO  server.RaftServerConfigKeys (ConfUtils.java:logGet(46)) - raft.server.log.segment.cache.num.max = 6 (default)
2023-03-14 08:39:01,016 [s0-groupManagement] INFO  server.RaftServerConfigKeys (ConfUtils.java:logGet(46)) - raft.server.log.segment.cache.size.max = 200MB (=209715200) (default)
2023-03-14 08:39:01,016 [s0-groupManagement] INFO  server.RaftServerConfigKeys (ConfUtils.java:logGet(46)) - raft.server.log.appender.buffer.byte-limit = 4MB (=4194304) (default)
2023-03-14 08:39:01,016 [s0-groupManagement] INFO  segmented.SegmentedRaftLogWorker (SegmentedRaftLogWorker.java:<init>(183)) - new s0@group-0A0E342D0A1A-SegmentedRaftLogWorker for RaftStorageImpl:Storage Directory /home/runner/work/ratis/ratis/ratis-test/target/test/data/be523d36/MiniRaftClusterWithGrpca982f0d3/s0/ab4a3a41-8da3-47a2-af2d-0a0e342d0a1a
2023-03-14 08:39:01,016 [s0-groupManagement] INFO  server.RaftServerConfigKeys (ConfUtils.java:logGet(46)) - raft.server.log.queue.byte-limit = 64MB (=67108864) (default)
2023-03-14 08:39:01,016 [s0-groupManagement] INFO  server.RaftServerConfigKeys (ConfUtils.java:logGet(46)) - raft.server.log.queue.element-limit = 4096 (default)
2023-03-14 08:39:01,016 [s0-groupManagement] INFO  server.RaftServerConfigKeys (ConfUtils.java:logGet(46)) - raft.server.log.segment.size.max = 8MB (=8388608) (default)
2023-03-14 08:39:01,016 [s0-groupManagement] INFO  server.RaftServerConfigKeys (ConfUtils.java:logGet(46)) - raft.server.log.preallocated.size = 4MB (=4194304) (default)
2023-03-14 08:39:01,017 [s0-groupManagement] INFO  server.RaftServerConfigKeys (ConfUtils.java:logGet(46)) - raft.server.log.force.sync.num = 128 (default)
2023-03-14 08:39:01,017 [s0-groupManagement] INFO  server.RaftServerConfigKeys (ConfUtils.java:logGet(46)) - raft.server.log.statemachine.data.sync = true (default)
2023-03-14 08:39:01,017 [s0-groupManagement] INFO  server.RaftServerConfigKeys (ConfUtils.java:logGet(46)) - raft.server.log.statemachine.data.sync.timeout = 10s (default)
2023-03-14 08:39:01,017 [s0-groupManagement] INFO  server.RaftServerConfigKeys (ConfUtils.java:logGet(46)) - raft.server.log.statemachine.data.sync.timeout.retry = -1 (default)
2023-03-14 08:39:01,017 [s0-groupManagement] INFO  server.RaftServerConfigKeys (ConfUtils.java:logGet(46)) - raft.server.log.write.buffer.size = 64KB (=65536) (default)
2023-03-14 08:39:01,017 [s0-groupManagement] INFO  server.RaftServerConfigKeys (ConfUtils.java:logGet(46)) - raft.server.log.appender.buffer.byte-limit = 4MB (=4194304) (default)
2023-03-14 08:39:01,017 [s0-groupManagement] INFO  server.RaftServerConfigKeys (ConfUtils.java:logGet(46)) - raft.server.log.unsafe-flush.enabled = false (default)
2023-03-14 08:39:01,017 [s0-groupManagement] INFO  server.RaftServerConfigKeys (ConfUtils.java:logGet(46)) - raft.server.log.async-flush.enabled = false (default)
2023-03-14 08:39:01,017 [s0-groupManagement] INFO  server.RaftServerConfigKeys (ConfUtils.java:logGet(46)) - raft.server.log.statemachine.data.caching.enabled = false (default)
2023-03-14 08:39:01,017 [s0-groupManagement] INFO  segmented.SegmentedRaftLogWorker (SegmentedRaftLogWorker.java:lambda$new$0(134)) - s0@group-0A0E342D0A1A-SegmentedRaftLogWorker: flushIndex: setUnconditionally 0 -> -1
2023-03-14 08:39:01,017 [s0-groupManagement] INFO  segmented.SegmentedRaftLogWorker (SegmentedRaftLogWorker.java:lambda$new$0(134)) - s0@group-0A0E342D0A1A-SegmentedRaftLogWorker: safeCacheEvictIndex: setUnconditionally 0 -> -1
2023-03-14 08:39:01,017 [s0-groupManagement] INFO  server.RaftServer$Division (RaftServerImpl.java:start(342)) - s0@group-0A0E342D0A1A: start as a follower, conf=-1: peers:[s0|rpc:0.0.0.0:46109|admin:0.0.0.0:44341|client:0.0.0.0:45497|dataStream:|priority:0|startupRole:FOLLOWER, s1|rpc:0.0.0.0:38609|admin:0.0.0.0:36821|client:0.0.0.0:35433|dataStream:|priority:1|startupRole:FOLLOWER, s2|rpc:0.0.0.0:40487|admin:0.0.0.0:43753|client:0.0.0.0:39069|dataStream:|priority:2|startupRole:FOLLOWER]|listeners:[], old=null
2023-03-14 08:39:01,017 [s0-groupManagement] INFO  server.RaftServer$Division (RaftServerImpl.java:setRole(329)) - s0@group-0A0E342D0A1A: changes role from      null to FOLLOWER at term 0 for startAsFollower
2023-03-14 08:39:01,018 [s0-groupManagement] INFO  impl.RoleInfo (RoleInfo.java:updateAndGet(139)) - s0: start s0@group-0A0E342D0A1A-FollowerState
2023-03-14 08:39:01,018 [s0-groupManagement] INFO  util.JmxRegister (JmxRegister.java:tryRegister(44)) - Successfully registered JMX Bean with object name Ratis:service=RaftServer,group=group-0A0E342D0A1A,id=s0
2023-03-14 08:39:01,018 [s0@group-0A0E342D0A1A-FollowerState] INFO  server.RaftServerConfigKeys (ConfUtils.java:logFallback(53)) - raft.server.rpc.first-election.timeout.min = 150ms (fallback to raft.server.rpc.timeout.min)
2023-03-14 08:39:01,018 [s0-groupManagement] INFO  server.RaftServerConfigKeys (ConfUtils.java:logGet(46)) - raft.server.snapshot.auto.trigger.enabled = false (default)
2023-03-14 08:39:01,018 [s0-groupManagement] INFO  server.RaftServerConfigKeys (ConfUtils.java:logGet(46)) - raft.server.snapshot.retention.file.num = -1 (default)
2023-03-14 08:39:01,018 [s0@group-0A0E342D0A1A-FollowerState] INFO  server.RaftServerConfigKeys (ConfUtils.java:logFallback(53)) - raft.server.rpc.first-election.timeout.max = 300ms (fallback to raft.server.rpc.timeout.max)
2023-03-14 08:39:01,018 [s0-groupManagement] INFO  server.RaftServerConfigKeys (ConfUtils.java:logGet(46)) - raft.server.log.purge.upto.snapshot.index = false (default)
2023-03-14 08:39:01,024 [grpc-default-executor-1] INFO  server.RaftServer (RaftServerProxy.java:addNew(99)) - s1: addNew group-0A0E342D0A1A:[s0|rpc:0.0.0.0:46109|admin:0.0.0.0:44341|client:0.0.0.0:45497|dataStream:|priority:0|startupRole:FOLLOWER, s1|rpc:0.0.0.0:38609|admin:0.0.0.0:36821|client:0.0.0.0:35433|dataStream:|priority:1|startupRole:FOLLOWER, s2|rpc:0.0.0.0:40487|admin:0.0.0.0:43753|client:0.0.0.0:39069|dataStream:|priority:2|startupRole:FOLLOWER] returns group-0A0E342D0A1A:java.util.concurrent.CompletableFuture@7c1d2e6c[Not completed]
2023-03-14 08:39:01,024 [s1-groupManagement] INFO  server.RaftServer$Division (RaftServerImpl.java:<init>(198)) - s1: new RaftServerImpl for group-0A0E342D0A1A:[s0|rpc:0.0.0.0:46109|admin:0.0.0.0:44341|client:0.0.0.0:45497|dataStream:|priority:0|startupRole:FOLLOWER, s1|rpc:0.0.0.0:38609|admin:0.0.0.0:36821|client:0.0.0.0:35433|dataStream:|priority:1|startupRole:FOLLOWER, s2|rpc:0.0.0.0:40487|admin:0.0.0.0:43753|client:0.0.0.0:39069|dataStream:|priority:2|startupRole:FOLLOWER] with BaseStateMachine:uninitialized
2023-03-14 08:39:01,024 [s1-groupManagement] INFO  server.RaftServerConfigKeys (ConfUtils.java:logGet(46)) - raft.server.rpc.timeout.min = 150ms (default)
2023-03-14 08:39:01,024 [s1-groupManagement] INFO  server.RaftServerConfigKeys (ConfUtils.java:logGet(46)) - raft.server.rpc.timeout.max = 300ms (default)
2023-03-14 08:39:01,024 [s1-groupManagement] INFO  server.RaftServerConfigKeys (ConfUtils.java:logGet(46)) - raft.server.rpc.sleep.time = 25ms (default)
2023-03-14 08:39:01,024 [s1-groupManagement] INFO  server.RaftServerConfigKeys (ConfUtils.java:logGet(46)) - raft.server.rpc.slowness.timeout = 60s (default)
2023-03-14 08:39:01,024 [s1-groupManagement] INFO  server.RaftServerConfigKeys (ConfUtils.java:logGet(46)) - raft.server.leaderelection.leader.step-down.wait-time = 10s (default)
2023-03-14 08:39:01,024 [s1-groupManagement] INFO  server.RaftServerConfigKeys (ConfUtils.java:logGet(46)) - raft.server.sleep.deviation.threshold = 300ms (default)
2023-03-14 08:39:01,024 [s1-groupManagement] INFO  server.RaftServer$Division (ServerState.java:<init>(113)) - s1@group-0A0E342D0A1A: ConfigurationManager, init=-1: peers:[s0|rpc:0.0.0.0:46109|admin:0.0.0.0:44341|client:0.0.0.0:45497|dataStream:|priority:0|startupRole:FOLLOWER, s1|rpc:0.0.0.0:38609|admin:0.0.0.0:36821|client:0.0.0.0:35433|dataStream:|priority:1|startupRole:FOLLOWER, s2|rpc:0.0.0.0:40487|admin:0.0.0.0:43753|client:0.0.0.0:39069|dataStream:|priority:2|startupRole:FOLLOWER]|listeners:[], old=null, confs=<EMPTY_MAP>
2023-03-14 08:39:01,024 [s1-groupManagement] INFO  server.RaftServerConfigKeys (ConfUtils.java:logGet(46)) - raft.server.notification.no-leader.timeout = 60s (default)
2023-03-14 08:39:01,024 [s1-groupManagement] INFO  server.RaftServerConfigKeys (ConfUtils.java:logGet(46)) - raft.server.read.timeout = 10s (default)
2023-03-14 08:39:01,025 [s1-groupManagement] INFO  server.RaftServerConfigKeys (ConfUtils.java:logGet(46)) - raft.server.retrycache.expirytime = 60s (default)
2023-03-14 08:39:01,025 [s1-groupManagement] INFO  server.RaftServerConfigKeys (ConfUtils.java:logGet(46)) - raft.server.retrycache.statistics.expirytime = 100μs (default)
2023-03-14 08:39:01,025 [s1-groupManagement] INFO  server.RaftServerConfigKeys (ConfUtils.java:logGet(46)) - raft.server.read.option = DEFAULT (default)
2023-03-14 08:39:01,025 [s1-groupManagement] INFO  server.RaftServerConfigKeys (ConfUtils.java:logGet(46)) - raft.server.log.appender.install.snapshot.enabled = true (default)
2023-03-14 08:39:01,025 [s1-groupManagement] INFO  server.RaftServerConfigKeys (ConfUtils.java:logGet(46)) - raft.server.threadpool.server.cached = true (default)
2023-03-14 08:39:01,025 [s1-groupManagement] INFO  server.RaftServerConfigKeys (ConfUtils.java:logGet(46)) - raft.server.threadpool.server.size = 0 (default)
2023-03-14 08:39:01,025 [s1-groupManagement] INFO  server.RaftServerConfigKeys (ConfUtils.java:logGet(46)) - raft.server.threadpool.client.cached = true (default)
2023-03-14 08:39:01,025 [s1-groupManagement] INFO  server.RaftServerConfigKeys (ConfUtils.java:logGet(46)) - raft.server.threadpool.client.size = 0 (default)
2023-03-14 08:39:01,025 [s1-groupManagement] INFO  server.RaftServerConfigKeys (ConfUtils.java:logGet(46)) - raft.server.storage.free-space.min = 0MB (=0) (default)
2023-03-14 08:39:01,025 [s1-groupManagement] INFO  server.RaftServerConfigKeys (ConfUtils.java:logGet(46)) - raft.server.log.corruption.policy = EXCEPTION (default)
2023-03-14 08:39:01,025 [s1-groupManagement] INFO  server.RaftServerConfigKeys (ConfUtils.java:logGet(46)) - raft.server.storage.dir = [/home/runner/work/ratis/ratis/ratis-test/target/test/data/be523d36/MiniRaftClusterWithGrpca982f0d3/s1] (custom)
2023-03-14 08:39:01,025 [s1-groupManagement] INFO  storage.RaftStorageDirectory (RaftStorageDirectoryImpl.java:analyzeStorage(138)) - The storage directory /home/runner/work/ratis/ratis/ratis-test/target/test/data/be523d36/MiniRaftClusterWithGrpca982f0d3/s1/ab4a3a41-8da3-47a2-af2d-0a0e342d0a1a does not exist. Creating ...
2023-03-14 08:39:01,025 [s1-groupManagement] TRACE util.FileUtils (LogUtils.java:runAndLog(49)) - Successfully ran Files.createDirectories /home/runner/work/ratis/ratis/ratis-test/target/test/data/be523d36/MiniRaftClusterWithGrpca982f0d3/s1/ab4a3a41-8da3-47a2-af2d-0a0e342d0a1a
2023-03-14 08:39:01,027 [s1-groupManagement] INFO  storage.RaftStorageDirectory (RaftStorageDirectoryImpl.java:tryLock(232)) - Lock on /home/runner/work/ratis/ratis/ratis-test/target/test/data/be523d36/MiniRaftClusterWithGrpca982f0d3/s1/ab4a3a41-8da3-47a2-af2d-0a0e342d0a1a/in_use.lock acquired by nodename 10435@fv-az41-628
2023-03-14 08:39:01,028 [s1-groupManagement] TRACE util.FileUtils (LogUtils.java:runAndLog(49)) - Successfully ran Files.createDirectories /home/runner/work/ratis/ratis/ratis-test/target/test/data/be523d36/MiniRaftClusterWithGrpca982f0d3/s1/ab4a3a41-8da3-47a2-af2d-0a0e342d0a1a/current
2023-03-14 08:39:01,028 [s1-groupManagement] TRACE util.FileUtils (LogUtils.java:runAndLog(49)) - Successfully ran Files.createDirectories /home/runner/work/ratis/ratis/ratis-test/target/test/data/be523d36/MiniRaftClusterWithGrpca982f0d3/s1/ab4a3a41-8da3-47a2-af2d-0a0e342d0a1a/sm
2023-03-14 08:39:01,028 [s1-groupManagement] INFO  storage.RaftStorage (RaftStorageImpl.java:format(96)) - Storage directory /home/runner/work/ratis/ratis/ratis-test/target/test/data/be523d36/MiniRaftClusterWithGrpca982f0d3/s1/ab4a3a41-8da3-47a2-af2d-0a0e342d0a1a has been successfully formatted.
2023-03-14 08:39:01,029 [s1-groupManagement] INFO  server.RaftServerConfigKeys (ConfUtils.java:logGet(46)) - raft.server.log.use.memory = false (default)
2023-03-14 08:39:01,029 [s1-groupManagement] INFO  server.RaftServerConfigKeys (ConfUtils.java:logGet(46)) - raft.server.log.purge.gap = 1024 (default)
2023-03-14 08:39:01,029 [s1-groupManagement] INFO  server.RaftServerConfigKeys (ConfUtils.java:logGet(46)) - raft.server.log.appender.buffer.byte-limit = 4MB (=4194304) (default)
2023-03-14 08:39:01,029 [s1-groupManagement] INFO  server.RaftServerConfigKeys (ConfUtils.java:logGet(46)) - raft.server.log.statemachine.data.read.timeout = 1000ms (default)
2023-03-14 08:39:01,029 [s1-groupManagement] INFO  server.RaftServerConfigKeys (ConfUtils.java:logGet(46)) - raft.server.log.purge.preservation.log.num = 0 (default)
2023-03-14 08:39:01,029 [s1-groupManagement] INFO  server.RaftServerConfigKeys (ConfUtils.java:logGet(46)) - raft.server.log.segment.size.max = 8MB (=8388608) (default)
2023-03-14 08:39:01,029 [s1-groupManagement] INFO  server.RaftServerConfigKeys (ConfUtils.java:logGet(46)) - raft.server.log.segment.cache.num.max = 6 (default)
2023-03-14 08:39:01,029 [s1-groupManagement] INFO  server.RaftServerConfigKeys (ConfUtils.java:logGet(46)) - raft.server.log.segment.cache.size.max = 200MB (=209715200) (default)
2023-03-14 08:39:01,029 [s1-groupManagement] INFO  server.RaftServerConfigKeys (ConfUtils.java:logGet(46)) - raft.server.log.appender.buffer.byte-limit = 4MB (=4194304) (default)
2023-03-14 08:39:01,029 [s1-groupManagement] INFO  segmented.SegmentedRaftLogWorker (SegmentedRaftLogWorker.java:<init>(183)) - new s1@group-0A0E342D0A1A-SegmentedRaftLogWorker for RaftStorageImpl:Storage Directory /home/runner/work/ratis/ratis/ratis-test/target/test/data/be523d36/MiniRaftClusterWithGrpca982f0d3/s1/ab4a3a41-8da3-47a2-af2d-0a0e342d0a1a
2023-03-14 08:39:01,029 [s1-groupManagement] INFO  server.RaftServerConfigKeys (ConfUtils.java:logGet(46)) - raft.server.log.queue.byte-limit = 64MB (=67108864) (default)
2023-03-14 08:39:01,029 [s1-groupManagement] INFO  server.RaftServerConfigKeys (ConfUtils.java:logGet(46)) - raft.server.log.queue.element-limit = 4096 (default)
2023-03-14 08:39:01,029 [s1-groupManagement] INFO  server.RaftServerConfigKeys (ConfUtils.java:logGet(46)) - raft.server.log.segment.size.max = 8MB (=8388608) (default)
2023-03-14 08:39:01,029 [s1-groupManagement] INFO  server.RaftServerConfigKeys (ConfUtils.java:logGet(46)) - raft.server.log.preallocated.size = 4MB (=4194304) (default)
2023-03-14 08:39:01,029 [s1-groupManagement] INFO  server.RaftServerConfigKeys (ConfUtils.java:logGet(46)) - raft.server.log.force.sync.num = 128 (default)
2023-03-14 08:39:01,029 [s1-groupManagement] INFO  server.RaftServerConfigKeys (ConfUtils.java:logGet(46)) - raft.server.log.statemachine.data.sync = true (default)
2023-03-14 08:39:01,029 [s1-groupManagement] INFO  server.RaftServerConfigKeys (ConfUtils.java:logGet(46)) - raft.server.log.statemachine.data.sync.timeout = 10s (default)
2023-03-14 08:39:01,029 [s1-groupManagement] INFO  server.RaftServerConfigKeys (ConfUtils.java:logGet(46)) - raft.server.log.statemachine.data.sync.timeout.retry = -1 (default)
2023-03-14 08:39:01,029 [s1-groupManagement] INFO  server.RaftServerConfigKeys (ConfUtils.java:logGet(46)) - raft.server.log.write.buffer.size = 64KB (=65536) (default)
2023-03-14 08:39:01,029 [s1-groupManagement] INFO  server.RaftServerConfigKeys (ConfUtils.java:logGet(46)) - raft.server.log.appender.buffer.byte-limit = 4MB (=4194304) (default)
2023-03-14 08:39:01,030 [s1-groupManagement] INFO  server.RaftServerConfigKeys (ConfUtils.java:logGet(46)) - raft.server.log.unsafe-flush.enabled = false (default)
2023-03-14 08:39:01,030 [s1-groupManagement] INFO  server.RaftServerConfigKeys (ConfUtils.java:logGet(46)) - raft.server.log.async-flush.enabled = false (default)
2023-03-14 08:39:01,030 [s1-groupManagement] INFO  server.RaftServerConfigKeys (ConfUtils.java:logGet(46)) - raft.server.log.statemachine.data.caching.enabled = false (default)
2023-03-14 08:39:01,030 [s1-groupManagement] INFO  segmented.SegmentedRaftLogWorker (SegmentedRaftLogWorker.java:lambda$new$0(134)) - s1@group-0A0E342D0A1A-SegmentedRaftLogWorker: flushIndex: setUnconditionally 0 -> -1
2023-03-14 08:39:01,030 [s1-groupManagement] INFO  segmented.SegmentedRaftLogWorker (SegmentedRaftLogWorker.java:lambda$new$0(134)) - s1@group-0A0E342D0A1A-SegmentedRaftLogWorker: safeCacheEvictIndex: setUnconditionally 0 -> -1
2023-03-14 08:39:01,030 [s1-groupManagement] INFO  server.RaftServer$Division (RaftServerImpl.java:start(342)) - s1@group-0A0E342D0A1A: start as a follower, conf=-1: peers:[s0|rpc:0.0.0.0:46109|admin:0.0.0.0:44341|client:0.0.0.0:45497|dataStream:|priority:0|startupRole:FOLLOWER, s1|rpc:0.0.0.0:38609|admin:0.0.0.0:36821|client:0.0.0.0:35433|dataStream:|priority:1|startupRole:FOLLOWER, s2|rpc:0.0.0.0:40487|admin:0.0.0.0:43753|client:0.0.0.0:39069|dataStream:|priority:2|startupRole:FOLLOWER]|listeners:[], old=null
2023-03-14 08:39:01,030 [s1-groupManagement] INFO  server.RaftServer$Division (RaftServerImpl.java:setRole(329)) - s1@group-0A0E342D0A1A: changes role from      null to FOLLOWER at term 0 for startAsFollower
2023-03-14 08:39:01,030 [s1-groupManagement] INFO  impl.RoleInfo (RoleInfo.java:updateAndGet(139)) - s1: start s1@group-0A0E342D0A1A-FollowerState
2023-03-14 08:39:01,030 [s1-groupManagement] INFO  util.JmxRegister (JmxRegister.java:tryRegister(44)) - Successfully registered JMX Bean with object name Ratis:service=RaftServer,group=group-0A0E342D0A1A,id=s1
2023-03-14 08:39:01,030 [s1@group-0A0E342D0A1A-FollowerState] INFO  server.RaftServerConfigKeys (ConfUtils.java:logFallback(53)) - raft.server.rpc.first-election.timeout.min = 150ms (fallback to raft.server.rpc.timeout.min)
2023-03-14 08:39:01,030 [s1-groupManagement] INFO  server.RaftServerConfigKeys (ConfUtils.java:logGet(46)) - raft.server.snapshot.auto.trigger.enabled = false (default)
2023-03-14 08:39:01,030 [s1@group-0A0E342D0A1A-FollowerState] INFO  server.RaftServerConfigKeys (ConfUtils.java:logFallback(53)) - raft.server.rpc.first-election.timeout.max = 300ms (fallback to raft.server.rpc.timeout.max)
2023-03-14 08:39:01,030 [s1-groupManagement] INFO  server.RaftServerConfigKeys (ConfUtils.java:logGet(46)) - raft.server.snapshot.retention.file.num = -1 (default)
2023-03-14 08:39:01,031 [s1-groupManagement] INFO  server.RaftServerConfigKeys (ConfUtils.java:logGet(46)) - raft.server.log.purge.upto.snapshot.index = false (default)
2023-03-14 08:39:01,034 [grpc-default-executor-1] INFO  server.RaftServer (RaftServerProxy.java:addNew(99)) - s2: addNew group-0A0E342D0A1A:[s0|rpc:0.0.0.0:46109|admin:0.0.0.0:44341|client:0.0.0.0:45497|dataStream:|priority:0|startupRole:FOLLOWER, s1|rpc:0.0.0.0:38609|admin:0.0.0.0:36821|client:0.0.0.0:35433|dataStream:|priority:1|startupRole:FOLLOWER, s2|rpc:0.0.0.0:40487|admin:0.0.0.0:43753|client:0.0.0.0:39069|dataStream:|priority:2|startupRole:FOLLOWER] returns group-0A0E342D0A1A:java.util.concurrent.CompletableFuture@4fbe4758[Not completed]
2023-03-14 08:39:01,034 [s2-groupManagement] INFO  server.RaftServer$Division (RaftServerImpl.java:<init>(198)) - s2: new RaftServerImpl for group-0A0E342D0A1A:[s0|rpc:0.0.0.0:46109|admin:0.0.0.0:44341|client:0.0.0.0:45497|dataStream:|priority:0|startupRole:FOLLOWER, s1|rpc:0.0.0.0:38609|admin:0.0.0.0:36821|client:0.0.0.0:35433|dataStream:|priority:1|startupRole:FOLLOWER, s2|rpc:0.0.0.0:40487|admin:0.0.0.0:43753|client:0.0.0.0:39069|dataStream:|priority:2|startupRole:FOLLOWER] with BaseStateMachine:uninitialized
2023-03-14 08:39:01,034 [s2-groupManagement] INFO  server.RaftServerConfigKeys (ConfUtils.java:logGet(46)) - raft.server.rpc.timeout.min = 150ms (default)
2023-03-14 08:39:01,034 [s2-groupManagement] INFO  server.RaftServerConfigKeys (ConfUtils.java:logGet(46)) - raft.server.rpc.timeout.max = 300ms (default)
2023-03-14 08:39:01,034 [s2-groupManagement] INFO  server.RaftServerConfigKeys (ConfUtils.java:logGet(46)) - raft.server.rpc.sleep.time = 25ms (default)
2023-03-14 08:39:01,034 [s2-groupManagement] INFO  server.RaftServerConfigKeys (ConfUtils.java:logGet(46)) - raft.server.rpc.slowness.timeout = 60s (default)
2023-03-14 08:39:01,034 [s2-groupManagement] INFO  server.RaftServerConfigKeys (ConfUtils.java:logGet(46)) - raft.server.leaderelection.leader.step-down.wait-time = 10s (default)
2023-03-14 08:39:01,034 [s2-groupManagement] INFO  server.RaftServerConfigKeys (ConfUtils.java:logGet(46)) - raft.server.sleep.deviation.threshold = 300ms (default)
2023-03-14 08:39:01,034 [s2-groupManagement] INFO  server.RaftServer$Division (ServerState.java:<init>(113)) - s2@group-0A0E342D0A1A: ConfigurationManager, init=-1: peers:[s0|rpc:0.0.0.0:46109|admin:0.0.0.0:44341|client:0.0.0.0:45497|dataStream:|priority:0|startupRole:FOLLOWER, s1|rpc:0.0.0.0:38609|admin:0.0.0.0:36821|client:0.0.0.0:35433|dataStream:|priority:1|startupRole:FOLLOWER, s2|rpc:0.0.0.0:40487|admin:0.0.0.0:43753|client:0.0.0.0:39069|dataStream:|priority:2|startupRole:FOLLOWER]|listeners:[], old=null, confs=<EMPTY_MAP>
2023-03-14 08:39:01,034 [s2-groupManagement] INFO  server.RaftServerConfigKeys (ConfUtils.java:logGet(46)) - raft.server.notification.no-leader.timeout = 60s (default)
2023-03-14 08:39:01,034 [s2-groupManagement] INFO  server.RaftServerConfigKeys (ConfUtils.java:logGet(46)) - raft.server.read.timeout = 10s (default)
2023-03-14 08:39:01,034 [s2-groupManagement] INFO  server.RaftServerConfigKeys (ConfUtils.java:logGet(46)) - raft.server.retrycache.expirytime = 60s (default)
2023-03-14 08:39:01,034 [s2-groupManagement] INFO  server.RaftServerConfigKeys (ConfUtils.java:logGet(46)) - raft.server.retrycache.statistics.expirytime = 100μs (default)
2023-03-14 08:39:01,034 [s2-groupManagement] INFO  server.RaftServerConfigKeys (ConfUtils.java:logGet(46)) - raft.server.read.option = DEFAULT (default)
2023-03-14 08:39:01,035 [s2-groupManagement] INFO  server.RaftServerConfigKeys (ConfUtils.java:logGet(46)) - raft.server.log.appender.install.snapshot.enabled = true (default)
2023-03-14 08:39:01,035 [s2-groupManagement] INFO  server.RaftServerConfigKeys (ConfUtils.java:logGet(46)) - raft.server.threadpool.server.cached = true (default)
2023-03-14 08:39:01,035 [s2-groupManagement] INFO  server.RaftServerConfigKeys (ConfUtils.java:logGet(46)) - raft.server.threadpool.server.size = 0 (default)
2023-03-14 08:39:01,035 [s2-groupManagement] INFO  server.RaftServerConfigKeys (ConfUtils.java:logGet(46)) - raft.server.threadpool.client.cached = true (default)
2023-03-14 08:39:01,035 [s2-groupManagement] INFO  server.RaftServerConfigKeys (ConfUtils.java:logGet(46)) - raft.server.threadpool.client.size = 0 (default)
2023-03-14 08:39:01,035 [s2-groupManagement] INFO  server.RaftServerConfigKeys (ConfUtils.java:logGet(46)) - raft.server.storage.free-space.min = 0MB (=0) (default)
2023-03-14 08:39:01,035 [s2-groupManagement] INFO  server.RaftServerConfigKeys (ConfUtils.java:logGet(46)) - raft.server.log.corruption.policy = EXCEPTION (default)
2023-03-14 08:39:01,035 [s2-groupManagement] INFO  server.RaftServerConfigKeys (ConfUtils.java:logGet(46)) - raft.server.storage.dir = [/home/runner/work/ratis/ratis/ratis-test/target/test/data/be523d36/MiniRaftClusterWithGrpca982f0d3/s2] (custom)
2023-03-14 08:39:01,035 [s2-groupManagement] INFO  storage.RaftStorageDirectory (RaftStorageDirectoryImpl.java:analyzeStorage(138)) - The storage directory /home/runner/work/ratis/ratis/ratis-test/target/test/data/be523d36/MiniRaftClusterWithGrpca982f0d3/s2/ab4a3a41-8da3-47a2-af2d-0a0e342d0a1a does not exist. Creating ...
2023-03-14 08:39:01,035 [s2-groupManagement] TRACE util.FileUtils (LogUtils.java:runAndLog(49)) - Successfully ran Files.createDirectories /home/runner/work/ratis/ratis/ratis-test/target/test/data/be523d36/MiniRaftClusterWithGrpca982f0d3/s2/ab4a3a41-8da3-47a2-af2d-0a0e342d0a1a
2023-03-14 08:39:01,036 [s2-groupManagement] INFO  storage.RaftStorageDirectory (RaftStorageDirectoryImpl.java:tryLock(232)) - Lock on /home/runner/work/ratis/ratis/ratis-test/target/test/data/be523d36/MiniRaftClusterWithGrpca982f0d3/s2/ab4a3a41-8da3-47a2-af2d-0a0e342d0a1a/in_use.lock acquired by nodename 10435@fv-az41-628
2023-03-14 08:39:01,038 [s2-groupManagement] TRACE util.FileUtils (LogUtils.java:runAndLog(49)) - Successfully ran Files.createDirectories /home/runner/work/ratis/ratis/ratis-test/target/test/data/be523d36/MiniRaftClusterWithGrpca982f0d3/s2/ab4a3a41-8da3-47a2-af2d-0a0e342d0a1a/current
2023-03-14 08:39:01,038 [s2-groupManagement] TRACE util.FileUtils (LogUtils.java:runAndLog(49)) - Successfully ran Files.createDirectories /home/runner/work/ratis/ratis/ratis-test/target/test/data/be523d36/MiniRaftClusterWithGrpca982f0d3/s2/ab4a3a41-8da3-47a2-af2d-0a0e342d0a1a/sm
2023-03-14 08:39:01,040 [s2-groupManagement] INFO  storage.RaftStorage (RaftStorageImpl.java:format(96)) - Storage directory /home/runner/work/ratis/ratis/ratis-test/target/test/data/be523d36/MiniRaftClusterWithGrpca982f0d3/s2/ab4a3a41-8da3-47a2-af2d-0a0e342d0a1a has been successfully formatted.
2023-03-14 08:39:01,040 [s2-groupManagement] INFO  server.RaftServerConfigKeys (ConfUtils.java:logGet(46)) - raft.server.log.use.memory = false (default)
2023-03-14 08:39:01,040 [s2-groupManagement] INFO  server.RaftServerConfigKeys (ConfUtils.java:logGet(46)) - raft.server.log.purge.gap = 1024 (default)
2023-03-14 08:39:01,040 [s2-groupManagement] INFO  server.RaftServerConfigKeys (ConfUtils.java:logGet(46)) - raft.server.log.appender.buffer.byte-limit = 4MB (=4194304) (default)
2023-03-14 08:39:01,040 [s2-groupManagement] INFO  server.RaftServerConfigKeys (ConfUtils.java:logGet(46)) - raft.server.log.statemachine.data.read.timeout = 1000ms (default)
2023-03-14 08:39:01,040 [s2-groupManagement] INFO  server.RaftServerConfigKeys (ConfUtils.java:logGet(46)) - raft.server.log.purge.preservation.log.num = 0 (default)
2023-03-14 08:39:01,041 [s2-groupManagement] INFO  server.RaftServerConfigKeys (ConfUtils.java:logGet(46)) - raft.server.log.segment.size.max = 8MB (=8388608) (default)
2023-03-14 08:39:01,041 [s2-groupManagement] INFO  server.RaftServerConfigKeys (ConfUtils.java:logGet(46)) - raft.server.log.segment.cache.num.max = 6 (default)
2023-03-14 08:39:01,041 [s2-groupManagement] INFO  server.RaftServerConfigKeys (ConfUtils.java:logGet(46)) - raft.server.log.segment.cache.size.max = 200MB (=209715200) (default)
2023-03-14 08:39:01,041 [s2-groupManagement] INFO  server.RaftServerConfigKeys (ConfUtils.java:logGet(46)) - raft.server.log.appender.buffer.byte-limit = 4MB (=4194304) (default)
2023-03-14 08:39:01,041 [s2-groupManagement] INFO  segmented.SegmentedRaftLogWorker (SegmentedRaftLogWorker.java:<init>(183)) - new s2@group-0A0E342D0A1A-SegmentedRaftLogWorker for RaftStorageImpl:Storage Directory /home/runner/work/ratis/ratis/ratis-test/target/test/data/be523d36/MiniRaftClusterWithGrpca982f0d3/s2/ab4a3a41-8da3-47a2-af2d-0a0e342d0a1a
2023-03-14 08:39:01,041 [s2-groupManagement] INFO  server.RaftServerConfigKeys (ConfUtils.java:logGet(46)) - raft.server.log.queue.byte-limit = 64MB (=67108864) (default)
2023-03-14 08:39:01,041 [s2-groupManagement] INFO  server.RaftServerConfigKeys (ConfUtils.java:logGet(46)) - raft.server.log.queue.element-limit = 4096 (default)
2023-03-14 08:39:01,041 [s2-groupManagement] INFO  server.RaftServerConfigKeys (ConfUtils.java:logGet(46)) - raft.server.log.segment.size.max = 8MB (=8388608) (default)
2023-03-14 08:39:01,041 [s2-groupManagement] INFO  server.RaftServerConfigKeys (ConfUtils.java:logGet(46)) - raft.server.log.preallocated.size = 4MB (=4194304) (default)
2023-03-14 08:39:01,041 [s2-groupManagement] INFO  server.RaftServerConfigKeys (ConfUtils.java:logGet(46)) - raft.server.log.force.sync.num = 128 (default)
2023-03-14 08:39:01,041 [s2-groupManagement] INFO  server.RaftServerConfigKeys (ConfUtils.java:logGet(46)) - raft.server.log.statemachine.data.sync = true (default)
2023-03-14 08:39:01,041 [s2-groupManagement] INFO  server.RaftServerConfigKeys (ConfUtils.java:logGet(46)) - raft.server.log.statemachine.data.sync.timeout = 10s (default)
2023-03-14 08:39:01,041 [s2-groupManagement] INFO  server.RaftServerConfigKeys (ConfUtils.java:logGet(46)) - raft.server.log.statemachine.data.sync.timeout.retry = -1 (default)
2023-03-14 08:39:01,041 [s2-groupManagement] INFO  server.RaftServerConfigKeys (ConfUtils.java:logGet(46)) - raft.server.log.write.buffer.size = 64KB (=65536) (default)
2023-03-14 08:39:01,041 [s2-groupManagement] INFO  server.RaftServerConfigKeys (ConfUtils.java:logGet(46)) - raft.server.log.appender.buffer.byte-limit = 4MB (=4194304) (default)
2023-03-14 08:39:01,041 [s2-groupManagement] INFO  server.RaftServerConfigKeys (ConfUtils.java:logGet(46)) - raft.server.log.unsafe-flush.enabled = false (default)
2023-03-14 08:39:01,041 [s2-groupManagement] INFO  server.RaftServerConfigKeys (ConfUtils.java:logGet(46)) - raft.server.log.async-flush.enabled = false (default)
2023-03-14 08:39:01,042 [s2-groupManagement] INFO  server.RaftServerConfigKeys (ConfUtils.java:logGet(46)) - raft.server.log.statemachine.data.caching.enabled = false (default)
2023-03-14 08:39:01,042 [s2-groupManagement] INFO  segmented.SegmentedRaftLogWorker (SegmentedRaftLogWorker.java:lambda$new$0(134)) - s2@group-0A0E342D0A1A-SegmentedRaftLogWorker: flushIndex: setUnconditionally 0 -> -1
2023-03-14 08:39:01,042 [s2-groupManagement] INFO  segmented.SegmentedRaftLogWorker (SegmentedRaftLogWorker.java:lambda$new$0(134)) - s2@group-0A0E342D0A1A-SegmentedRaftLogWorker: safeCacheEvictIndex: setUnconditionally 0 -> -1
2023-03-14 08:39:01,042 [s2-groupManagement] INFO  server.RaftServer$Division (RaftServerImpl.java:start(342)) - s2@group-0A0E342D0A1A: start as a follower, conf=-1: peers:[s0|rpc:0.0.0.0:46109|admin:0.0.0.0:44341|client:0.0.0.0:45497|dataStream:|priority:0|startupRole:FOLLOWER, s1|rpc:0.0.0.0:38609|admin:0.0.0.0:36821|client:0.0.0.0:35433|dataStream:|priority:1|startupRole:FOLLOWER, s2|rpc:0.0.0.0:40487|admin:0.0.0.0:43753|client:0.0.0.0:39069|dataStream:|priority:2|startupRole:FOLLOWER]|listeners:[], old=null
2023-03-14 08:39:01,042 [s2-groupManagement] INFO  server.RaftServer$Division (RaftServerImpl.java:setRole(329)) - s2@group-0A0E342D0A1A: changes role from      null to FOLLOWER at term 0 for startAsFollower
2023-03-14 08:39:01,042 [s2-groupManagement] INFO  impl.RoleInfo (RoleInfo.java:updateAndGet(139)) - s2: start s2@group-0A0E342D0A1A-FollowerState
2023-03-14 08:39:01,042 [s2-groupManagement] INFO  util.JmxRegister (JmxRegister.java:tryRegister(44)) - Successfully registered JMX Bean with object name Ratis:service=RaftServer,group=group-0A0E342D0A1A,id=s2
2023-03-14 08:39:01,042 [s2@group-0A0E342D0A1A-FollowerState] INFO  server.RaftServerConfigKeys (ConfUtils.java:logFallback(53)) - raft.server.rpc.first-election.timeout.min = 150ms (fallback to raft.server.rpc.timeout.min)
2023-03-14 08:39:01,042 [s2-groupManagement] INFO  server.RaftServerConfigKeys (ConfUtils.java:logGet(46)) - raft.server.snapshot.auto.trigger.enabled = false (default)
2023-03-14 08:39:01,042 [s2@group-0A0E342D0A1A-FollowerState] INFO  server.RaftServerConfigKeys (ConfUtils.java:logFallback(53)) - raft.server.rpc.first-election.timeout.max = 300ms (fallback to raft.server.rpc.timeout.max)
2023-03-14 08:39:01,042 [s2-groupManagement] INFO  server.RaftServerConfigKeys (ConfUtils.java:logGet(46)) - raft.server.snapshot.retention.file.num = -1 (default)
2023-03-14 08:39:01,042 [s2-groupManagement] INFO  server.RaftServerConfigKeys (ConfUtils.java:logGet(46)) - raft.server.log.purge.upto.snapshot.index = false (default)
2023-03-14 08:39:01,045 [Time-limited test] INFO  server.RaftServerConfigKeys (ConfUtils.java:logGet(46)) - raft.server.rpc.timeout.max = 300ms (default)
2023-03-14 08:39:01,045 [Time-limited test] INFO  ratis.RaftTestUtil (RaftTestUtil.java:waitForLeader(100)) - printing group-0A0E342D0A1A
  s0:  RUNNING [
   FOLLOWER s0@group-050875D9256C:t0, leader=null, voted=, raftlog=Memoized:s0@group-050875D9256C-SegmentedRaftLog:OPENED:c-1, conf=-1: peers:[s0|rpc:localhost:46109|admin:localhost:44341|client:localhost:45497|dataStream:localhost:44787|priority:0|startupRole:FOLLOWER, s1|rpc:localhost:38609|admin:localhost:36821|client:localhost:35433|dataStream:localhost:46383|priority:0|startupRole:FOLLOWER, s2|rpc:localhost:40487|admin:localhost:43753|client:localhost:39069|dataStream:localhost:42963|priority:0|startupRole:FOLLOWER]|listeners:[], old=null RUNNING
   FOLLOWER s0@group-0A0E342D0A1A:t0, leader=null, voted=, raftlog=Memoized:s0@group-0A0E342D0A1A-SegmentedRaftLog:OPENED:c-1, conf=-1: peers:[s0|rpc:0.0.0.0:46109|admin:0.0.0.0:44341|client:0.0.0.0:45497|dataStream:|priority:0|startupRole:FOLLOWER, s1|rpc:0.0.0.0:38609|admin:0.0.0.0:36821|client:0.0.0.0:35433|dataStream:|priority:1|startupRole:FOLLOWER, s2|rpc:0.0.0.0:40487|admin:0.0.0.0:43753|client:0.0.0.0:39069|dataStream:|priority:2|startupRole:FOLLOWER]|listeners:[], old=null RUNNING] size=2
  s1:  RUNNING [
   FOLLOWER s1@group-050875D9256C:t0, leader=null, voted=, raftlog=Memoized:s1@group-050875D9256C-SegmentedRaftLog:OPENED:c-1, conf=-1: peers:[s0|rpc:localhost:46109|admin:localhost:44341|client:localhost:45497|dataStream:localhost:44787|priority:0|startupRole:FOLLOWER, s1|rpc:localhost:38609|admin:localhost:36821|client:localhost:35433|dataStream:localhost:46383|priority:0|startupRole:FOLLOWER, s2|rpc:localhost:40487|admin:localhost:43753|client:localhost:39069|dataStream:localhost:42963|priority:0|startupRole:FOLLOWER]|listeners:[], old=null RUNNING
   FOLLOWER s1@group-0A0E342D0A1A:t0, leader=null, voted=, raftlog=Memoized:s1@group-0A0E342D0A1A-SegmentedRaftLog:OPENED:c-1, conf=-1: peers:[s0|rpc:0.0.0.0:46109|admin:0.0.0.0:44341|client:0.0.0.0:45497|dataStream:|priority:0|startupRole:FOLLOWER, s1|rpc:0.0.0.0:38609|admin:0.0.0.0:36821|client:0.0.0.0:35433|dataStream:|priority:1|startupRole:FOLLOWER, s2|rpc:0.0.0.0:40487|admin:0.0.0.0:43753|client:0.0.0.0:39069|dataStream:|priority:2|startupRole:FOLLOWER]|listeners:[], old=null RUNNING] size=2
  s2:  RUNNING [
   FOLLOWER s2@group-050875D9256C:t0, leader=null, voted=, raftlog=Memoized:s2@group-050875D9256C-SegmentedRaftLog:OPENED:c-1, conf=-1: peers:[s0|rpc:localhost:46109|admin:localhost:44341|client:localhost:45497|dataStream:localhost:44787|priority:0|startupRole:FOLLOWER, s1|rpc:localhost:38609|admin:localhost:36821|client:localhost:35433|dataStream:localhost:46383|priority:0|startupRole:FOLLOWER, s2|rpc:localhost:40487|admin:localhost:43753|client:localhost:39069|dataStream:localhost:42963|priority:0|startupRole:FOLLOWER]|listeners:[], old=null RUNNING
   FOLLOWER s2@group-0A0E342D0A1A:t0, leader=null, voted=, raftlog=Memoized:s2@group-0A0E342D0A1A-SegmentedRaftLog:OPENED:c-1, conf=-1: peers:[s0|rpc:0.0.0.0:46109|admin:0.0.0.0:44341|client:0.0.0.0:45497|dataStream:|priority:0|startupRole:FOLLOWER, s1|rpc:0.0.0.0:38609|admin:0.0.0.0:36821|client:0.0.0.0:35433|dataStream:|priority:1|startupRole:FOLLOWER, s2|rpc:0.0.0.0:40487|admin:0.0.0.0:43753|client:0.0.0.0:39069|dataStream:|priority:2|startupRole:FOLLOWER]|listeners:[], old=null RUNNING] size=2
2023-03-14 08:39:01,046 [Time-limited test] WARN  ratis.RaftTestUtil (JavaUtils.java:attempt(217)) - FAILED "waitForLeader-group-0A0E342D0A1A-(expectLeader? true)", attempt #1/100: java.lang.IllegalStateException: No leader yet  for group-0A0E342D0A1A: printing group-0A0E342D0A1A
  s0:  RUNNING [
   FOLLOWER s0@group-050875D9256C:t0, leader=null, voted=, raftlog=Memoized:s0@group-050875D9256C-SegmentedRaftLog:OPENED:c-1, conf=-1: peers:[s0|rpc:localhost:46109|admin:localhost:44341|client:localhost:45497|dataStream:localhost:44787|priority:0|startupRole:FOLLOWER, s1|rpc:localhost:38609|admin:localhost:36821|client:localhost:35433|dataStream:localhost:46383|priority:0|startupRole:FOLLOWER, s2|rpc:localhost:40487|admin:localhost:43753|client:localhost:39069|dataStream:localhost:42963|priority:0|startupRole:FOLLOWER]|listeners:[], old=null RUNNING
   FOLLOWER s0@group-0A0E342D0A1A:t0, leader=null, voted=, raftlog=Memoized:s0@group-0A0E342D0A1A-SegmentedRaftLog:OPENED:c-1, conf=-1: peers:[s0|rpc:0.0.0.0:46109|admin:0.0.0.0:44341|client:0.0.0.0:45497|dataStream:|priority:0|startupRole:FOLLOWER, s1|rpc:0.0.0.0:38609|admin:0.0.0.0:36821|client:0.0.0.0:35433|dataStream:|priority:1|startupRole:FOLLOWER, s2|rpc:0.0.0.0:40487|admin:0.0.0.0:43753|client:0.0.0.0:39069|dataStream:|priority:2|startupRole:FOLLOWER]|listeners:[], old=null RUNNING] size=2
  s1:  RUNNING [
   FOLLOWER s1@group-050875D9256C:t0, leader=null, voted=, raftlog=Memoized:s1@group-050875D9256C-SegmentedRaftLog:OPENED:c-1, conf=-1: peers:[s0|rpc:localhost:46109|admin:localhost:44341|client:localhost:45497|dataStream:localhost:44787|priority:0|startupRole:FOLLOWER, s1|rpc:localhost:38609|admin:localhost:36821|client:localhost:35433|dataStream:localhost:46383|priority:0|startupRole:FOLLOWER, s2|rpc:localhost:40487|admin:localhost:43753|client:localhost:39069|dataStream:localhost:42963|priority:0|startupRole:FOLLOWER]|listeners:[], old=null RUNNING
   FOLLOWER s1@group-0A0E342D0A1A:t0, leader=null, voted=, raftlog=Memoized:s1@group-0A0E342D0A1A-SegmentedRaftLog:OPENED:c-1, conf=-1: peers:[s0|rpc:0.0.0.0:46109|admin:0.0.0.0:44341|client:0.0.0.0:45497|dataStream:|priority:0|startupRole:FOLLOWER, s1|rpc:0.0.0.0:38609|admin:0.0.0.0:36821|client:0.0.0.0:35433|dataStream:|priority:1|startupRole:FOLLOWER, s2|rpc:0.0.0.0:40487|admin:0.0.0.0:43753|client:0.0.0.0:39069|dataStream:|priority:2|startupRole:FOLLOWER]|listeners:[], old=null RUNNING] size=2
  s2:  RUNNING [
   FOLLOWER s2@group-050875D9256C:t0, leader=null, voted=, raftlog=Memoized:s2@group-050875D9256C-SegmentedRaftLog:OPENED:c-1, conf=-1: peers:[s0|rpc:localhost:46109|admin:localhost:44341|client:localhost:45497|dataStream:localhost:44787|priority:0|startupRole:FOLLOWER, s1|rpc:localhost:38609|admin:localhost:36821|client:localhost:35433|dataStream:localhost:46383|priority:0|startupRole:FOLLOWER, s2|rpc:localhost:40487|admin:localhost:43753|client:localhost:39069|dataStream:localhost:42963|priority:0|startupRole:FOLLOWER]|listeners:[], old=null RUNNING
   FOLLOWER s2@group-0A0E342D0A1A:t0, leader=null, voted=, raftlog=Memoized:s2@group-0A0E342D0A1A-SegmentedRaftLog:OPENED:c-1, conf=-1: peers:[s0|rpc:0.0.0.0:46109|admin:0.0.0.0:44341|client:0.0.0.0:45497|dataStream:|priority:0|startupRole:FOLLOWER, s1|rpc:0.0.0.0:38609|admin:0.0.0.0:36821|client:0.0.0.0:35433|dataStream:|priority:1|startupRole:FOLLOWER, s2|rpc:0.0.0.0:40487|admin:0.0.0.0:43753|client:0.0.0.0:39069|dataStream:|priority:2|startupRole:FOLLOWER]|listeners:[], old=null RUNNING] size=2, sleep 450ms and then retry.
java.lang.IllegalStateException: No leader yet  for group-0A0E342D0A1A: printing group-0A0E342D0A1A
  s0:  RUNNING [
   FOLLOWER s0@group-050875D9256C:t0, leader=null, voted=, raftlog=Memoized:s0@group-050875D9256C-SegmentedRaftLog:OPENED:c-1, conf=-1: peers:[s0|rpc:localhost:46109|admin:localhost:44341|client:localhost:45497|dataStream:localhost:44787|priority:0|startupRole:FOLLOWER, s1|rpc:localhost:38609|admin:localhost:36821|client:localhost:35433|dataStream:localhost:46383|priority:0|startupRole:FOLLOWER, s2|rpc:localhost:40487|admin:localhost:43753|client:localhost:39069|dataStream:localhost:42963|priority:0|startupRole:FOLLOWER]|listeners:[], old=null RUNNING
   FOLLOWER s0@group-0A0E342D0A1A:t0, leader=null, voted=, raftlog=Memoized:s0@group-0A0E342D0A1A-SegmentedRaftLog:OPENED:c-1, conf=-1: peers:[s0|rpc:0.0.0.0:46109|admin:0.0.0.0:44341|client:0.0.0.0:45497|dataStream:|priority:0|startupRole:FOLLOWER, s1|rpc:0.0.0.0:38609|admin:0.0.0.0:36821|client:0.0.0.0:35433|dataStream:|priority:1|startupRole:FOLLOWER, s2|rpc:0.0.0.0:40487|admin:0.0.0.0:43753|client:0.0.0.0:39069|dataStream:|priority:2|startupRole:FOLLOWER]|listeners:[], old=null RUNNING] size=2
  s1:  RUNNING [
   FOLLOWER s1@group-050875D9256C:t0, leader=null, voted=, raftlog=Memoized:s1@group-050875D9256C-SegmentedRaftLog:OPENED:c-1, conf=-1: peers:[s0|rpc:localhost:46109|admin:localhost:44341|client:localhost:45497|dataStream:localhost:44787|priority:0|startupRole:FOLLOWER, s1|rpc:localhost:38609|admin:localhost:36821|client:localhost:35433|dataStream:localhost:46383|priority:0|startupRole:FOLLOWER, s2|rpc:localhost:40487|admin:localhost:43753|client:localhost:39069|dataStream:localhost:42963|priority:0|startupRole:FOLLOWER]|listeners:[], old=null RUNNING
   FOLLOWER s1@group-0A0E342D0A1A:t0, leader=null, voted=, raftlog=Memoized:s1@group-0A0E342D0A1A-SegmentedRaftLog:OPENED:c-1, conf=-1: peers:[s0|rpc:0.0.0.0:46109|admin:0.0.0.0:44341|client:0.0.0.0:45497|dataStream:|priority:0|startupRole:FOLLOWER, s1|rpc:0.0.0.0:38609|admin:0.0.0.0:36821|client:0.0.0.0:35433|dataStream:|priority:1|startupRole:FOLLOWER, s2|rpc:0.0.0.0:40487|admin:0.0.0.0:43753|client:0.0.0.0:39069|dataStream:|priority:2|startupRole:FOLLOWER]|listeners:[], old=null RUNNING] size=2
  s2:  RUNNING [
   FOLLOWER s2@group-050875D9256C:t0, leader=null, voted=, raftlog=Memoized:s2@group-050875D9256C-SegmentedRaftLog:OPENED:c-1, conf=-1: peers:[s0|rpc:localhost:46109|admin:localhost:44341|client:localhost:45497|dataStream:localhost:44787|priority:0|startupRole:FOLLOWER, s1|rpc:localhost:38609|admin:localhost:36821|client:localhost:35433|dataStream:localhost:46383|priority:0|startupRole:FOLLOWER, s2|rpc:localhost:40487|admin:localhost:43753|client:localhost:39069|dataStream:localhost:42963|priority:0|startupRole:FOLLOWER]|listeners:[], old=null RUNNING
   FOLLOWER s2@group-0A0E342D0A1A:t0, leader=null, voted=, raftlog=Memoized:s2@group-0A0E342D0A1A-SegmentedRaftLog:OPENED:c-1, conf=-1: peers:[s0|rpc:0.0.0.0:46109|admin:0.0.0.0:44341|client:0.0.0.0:45497|dataStream:|priority:0|startupRole:FOLLOWER, s1|rpc:0.0.0.0:38609|admin:0.0.0.0:36821|client:0.0.0.0:35433|dataStream:|priority:1|startupRole:FOLLOWER, s2|rpc:0.0.0.0:40487|admin:0.0.0.0:43753|client:0.0.0.0:39069|dataStream:|priority:2|startupRole:FOLLOWER]|listeners:[], old=null RUNNING] size=2
	at org.apache.ratis.server.impl.MiniRaftCluster.newIllegalStateExceptionForNoLeaders(MiniRaftCluster.java:581)
	at org.apache.ratis.RaftTestUtil.lambda$waitForLeader$1(RaftTestUtil.java:104)
	at org.apache.ratis.server.impl.MiniRaftCluster.getLeader(MiniRaftCluster.java:615)
	at org.apache.ratis.server.impl.MiniRaftCluster.getLeader(MiniRaftCluster.java:608)
	at org.apache.ratis.RaftTestUtil.lambda$waitForLeader$3(RaftTestUtil.java:112)
	at org.apache.ratis.util.JavaUtils.attempt(JavaUtils.java:211)
	at org.apache.ratis.util.JavaUtils.attemptRepeatedly(JavaUtils.java:197)
	at org.apache.ratis.RaftTestUtil.waitForLeader(RaftTestUtil.java:111)
	at org.apache.ratis.RaftTestUtil.waitForLeader(RaftTestUtil.java:92)
	at org.apache.ratis.server.impl.RaftReconfigurationBaseTest.checkPriority(RaftReconfigurationBaseTest.java:84)
	at org.apache.ratis.server.impl.RaftReconfigurationBaseTest.lambda$testRestorePriority$0(RaftReconfigurationBaseTest.java:121)
	at org.apache.ratis.server.impl.MiniRaftCluster$Factory$Get.runWithNewCluster(MiniRaftCluster.java:141)
	at org.apache.ratis.server.impl.MiniRaftCluster$Factory$Get.runWithNewCluster(MiniRaftCluster.java:121)
	at org.apache.ratis.server.impl.RaftReconfigurationBaseTest.testRestorePriority(RaftReconfigurationBaseTest.java:100)
	at java.base/jdk.internal.reflect.NativeMethodAccessorImpl.invoke0(Native Method)
	at java.base/jdk.internal.reflect.NativeMethodAccessorImpl.invoke(NativeMethodAccessorImpl.java:62)
	at java.base/jdk.internal.reflect.DelegatingMethodAccessorImpl.invoke(DelegatingMethodAccessorImpl.java:43)
	at java.base/java.lang.reflect.Method.invoke(Method.java:566)
	at org.junit.runners.model.FrameworkMethod$1.runReflectiveCall(FrameworkMethod.java:59)
	at org.junit.internal.runners.model.ReflectiveCallable.run(ReflectiveCallable.java:12)
	at org.junit.runners.model.FrameworkMethod.invokeExplosively(FrameworkMethod.java:56)
	at org.junit.internal.runners.statements.InvokeMethod.evaluate(InvokeMethod.java:17)
	at org.junit.internal.runners.statements.RunAfters.evaluate(RunAfters.java:27)
	at org.junit.internal.runners.statements.FailOnTimeout$CallableStatement.call(FailOnTimeout.java:299)
	at org.junit.internal.runners.statements.FailOnTimeout$CallableStatement.call(FailOnTimeout.java:293)
	at java.base/java.util.concurrent.FutureTask.run(FutureTask.java:264)
	at java.base/java.lang.Thread.run(Thread.java:829)
2023-03-14 08:39:01,173 [s0@group-0A0E342D0A1A-FollowerState] INFO  impl.FollowerState (FollowerState.java:run(143)) - s0@group-0A0E342D0A1A-FollowerState: change to CANDIDATE, lastRpcElapsedTime:155578412ns, electionTimeout:155ms
2023-03-14 08:39:01,173 [s0@group-0A0E342D0A1A-FollowerState] INFO  impl.RoleInfo (RoleInfo.java:shutdownFollowerState(110)) - s0: shutdown s0@group-0A0E342D0A1A-FollowerState
2023-03-14 08:39:01,173 [s0@group-0A0E342D0A1A-FollowerState] INFO  server.RaftServer$Division (RaftServerImpl.java:setRole(329)) - s0@group-0A0E342D0A1A: changes role from  FOLLOWER to CANDIDATE at term 0 for changeToCandidate
2023-03-14 08:39:01,173 [s0@group-0A0E342D0A1A-FollowerState] INFO  server.RaftServerConfigKeys (ConfUtils.java:logGet(46)) - raft.server.leaderelection.pre-vote = true (default)
2023-03-14 08:39:01,173 [s0@group-0A0E342D0A1A-FollowerState] INFO  impl.RoleInfo (RoleInfo.java:updateAndGet(139)) - s0: start s0@group-0A0E342D0A1A-LeaderElection39
2023-03-14 08:39:01,174 [s0@group-0A0E342D0A1A-LeaderElection39] INFO  impl.LeaderElection (LeaderElection.java:askForVotes(320)) - s0@group-0A0E342D0A1A-LeaderElection39 PRE_VOTE round 0: submit vote requests at term 0 for -1: peers:[s0|rpc:0.0.0.0:46109|admin:0.0.0.0:44341|client:0.0.0.0:45497|dataStream:|priority:0|startupRole:FOLLOWER, s1|rpc:0.0.0.0:38609|admin:0.0.0.0:36821|client:0.0.0.0:35433|dataStream:|priority:1|startupRole:FOLLOWER, s2|rpc:0.0.0.0:40487|admin:0.0.0.0:43753|client:0.0.0.0:39069|dataStream:|priority:2|startupRole:FOLLOWER]|listeners:[], old=null
2023-03-14 08:39:01,174 [s0@group-0A0E342D0A1A-LeaderElection39-1] INFO  server.GrpcServerProtocolClient (GrpcServerProtocolClient.java:<init>(64)) - Build channel for s1
2023-03-14 08:39:01,174 [s0@group-0A0E342D0A1A-LeaderElection39] INFO  server.RaftServerConfigKeys (ConfUtils.java:logFallback(53)) - raft.server.rpc.first-election.timeout.min = 150ms (fallback to raft.server.rpc.timeout.min)
2023-03-14 08:39:01,174 [s0@group-0A0E342D0A1A-LeaderElection39] INFO  server.RaftServerConfigKeys (ConfUtils.java:logFallback(53)) - raft.server.rpc.first-election.timeout.max = 300ms (fallback to raft.server.rpc.timeout.max)
2023-03-14 08:39:01,174 [s0@group-0A0E342D0A1A-LeaderElection39-2] INFO  server.GrpcServerProtocolClient (GrpcServerProtocolClient.java:<init>(64)) - Build channel for s2
2023-03-14 08:39:01,178 [grpc-default-executor-1] INFO  server.RaftServer$Division (RaftServerImpl.java:requestVote(1303)) - s1@group-0A0E342D0A1A: receive requestVote(PRE_VOTE, s0, group-0A0E342D0A1A, 0, (t:0, i:0))
2023-03-14 08:39:01,178 [grpc-default-executor-1] INFO  impl.VoteContext (VoteContext.java:log(49)) - s1@group-0A0E342D0A1A-FOLLOWER: reject PRE_VOTE from s0: our priority 1 > candidate's priority 0
2023-03-14 08:39:01,178 [grpc-default-executor-1] INFO  server.RaftServer$Division (RaftServerImpl.java:requestVote(1336)) - s1@group-0A0E342D0A1A replies to PRE_VOTE vote request: s0<-s1#0:FAIL-t0. Peer's state: s1@group-0A0E342D0A1A:t0, leader=null, voted=, raftlog=Memoized:s1@group-0A0E342D0A1A-SegmentedRaftLog:OPENED:c-1, conf=-1: peers:[s0|rpc:0.0.0.0:46109|admin:0.0.0.0:44341|client:0.0.0.0:45497|dataStream:|priority:0|startupRole:FOLLOWER, s1|rpc:0.0.0.0:38609|admin:0.0.0.0:36821|client:0.0.0.0:35433|dataStream:|priority:1|startupRole:FOLLOWER, s2|rpc:0.0.0.0:40487|admin:0.0.0.0:43753|client:0.0.0.0:39069|dataStream:|priority:2|startupRole:FOLLOWER]|listeners:[], old=null
2023-03-14 08:39:01,180 [s0@group-0A0E342D0A1A-LeaderElection39] INFO  impl.LeaderElection (LeaderElection.java:logAndReturn(89)) - s0@group-0A0E342D0A1A-LeaderElection39: PRE_VOTE REJECTED received 1 response(s) and 0 exception(s):
2023-03-14 08:39:01,180 [s0@group-0A0E342D0A1A-LeaderElection39] INFO  impl.LeaderElection (LeaderElection.java:logAndReturn(93)) -   Response 0: s0<-s1#0:FAIL-t0
2023-03-14 08:39:01,180 [s0@group-0A0E342D0A1A-LeaderElection39] INFO  impl.LeaderElection (LeaderElection.java:askForVotes(322)) - s0@group-0A0E342D0A1A-LeaderElection39 PRE_VOTE round 0: result REJECTED
2023-03-14 08:39:01,180 [s0@group-0A0E342D0A1A-LeaderElection39] INFO  server.RaftServer$Division (RaftServerImpl.java:setRole(329)) - s0@group-0A0E342D0A1A: changes role from CANDIDATE to FOLLOWER at term 0 for REJECTED
2023-03-14 08:39:01,180 [s0@group-0A0E342D0A1A-LeaderElection39] INFO  impl.RoleInfo (RoleInfo.java:shutdownLeaderElection(130)) - s0: shutdown s0@group-0A0E342D0A1A-LeaderElection39
2023-03-14 08:39:01,180 [s0@group-0A0E342D0A1A-LeaderElection39] INFO  impl.RoleInfo (RoleInfo.java:updateAndGet(139)) - s0: start s0@group-0A0E342D0A1A-FollowerState
2023-03-14 08:39:01,180 [grpc-default-executor-1] INFO  server.RaftServer$Division (RaftServerImpl.java:requestVote(1303)) - s2@group-0A0E342D0A1A: receive requestVote(PRE_VOTE, s0, group-0A0E342D0A1A, 0, (t:0, i:0))
2023-03-14 08:39:01,180 [grpc-default-executor-1] INFO  impl.VoteContext (VoteContext.java:log(49)) - s2@group-0A0E342D0A1A-FOLLOWER: reject PRE_VOTE from s0: our priority 2 > candidate's priority 0
2023-03-14 08:39:01,180 [grpc-default-executor-1] INFO  server.RaftServer$Division (RaftServerImpl.java:requestVote(1336)) - s2@group-0A0E342D0A1A replies to PRE_VOTE vote request: s0<-s2#0:FAIL-t0. Peer's state: s2@group-0A0E342D0A1A:t0, leader=null, voted=, raftlog=Memoized:s2@group-0A0E342D0A1A-SegmentedRaftLog:OPENED:c-1, conf=-1: peers:[s0|rpc:0.0.0.0:46109|admin:0.0.0.0:44341|client:0.0.0.0:45497|dataStream:|priority:0|startupRole:FOLLOWER, s1|rpc:0.0.0.0:38609|admin:0.0.0.0:36821|client:0.0.0.0:35433|dataStream:|priority:1|startupRole:FOLLOWER, s2|rpc:0.0.0.0:40487|admin:0.0.0.0:43753|client:0.0.0.0:39069|dataStream:|priority:2|startupRole:FOLLOWER]|listeners:[], old=null
2023-03-14 08:39:01,183 [s0@group-0A0E342D0A1A-FollowerState] INFO  server.RaftServerConfigKeys (ConfUtils.java:logFallback(53)) - raft.server.rpc.first-election.timeout.min = 150ms (fallback to raft.server.rpc.timeout.min)
2023-03-14 08:39:01,183 [s0@group-0A0E342D0A1A-FollowerState] INFO  server.RaftServerConfigKeys (ConfUtils.java:logFallback(53)) - raft.server.rpc.first-election.timeout.max = 300ms (fallback to raft.server.rpc.timeout.max)
2023-03-14 08:39:01,224 [s0@group-050875D9256C-FollowerState] INFO  impl.FollowerState (FollowerState.java:run(143)) - s0@group-050875D9256C-FollowerState: change to CANDIDATE, lastRpcElapsedTime:238440566ns, electionTimeout:238ms
2023-03-14 08:39:01,224 [s0@group-050875D9256C-FollowerState] INFO  impl.RoleInfo (RoleInfo.java:shutdownFollowerState(110)) - s0: shutdown s0@group-050875D9256C-FollowerState
2023-03-14 08:39:01,224 [s0@group-050875D9256C-FollowerState] INFO  server.RaftServer$Division (RaftServerImpl.java:setRole(329)) - s0@group-050875D9256C: changes role from  FOLLOWER to CANDIDATE at term 0 for changeToCandidate
2023-03-14 08:39:01,224 [s0@group-050875D9256C-FollowerState] INFO  server.RaftServerConfigKeys (ConfUtils.java:logGet(46)) - raft.server.leaderelection.pre-vote = true (default)
2023-03-14 08:39:01,224 [s0@group-050875D9256C-FollowerState] INFO  impl.RoleInfo (RoleInfo.java:updateAndGet(139)) - s0: start s0@group-050875D9256C-LeaderElection40
2023-03-14 08:39:01,225 [s0@group-050875D9256C-LeaderElection40] INFO  impl.LeaderElection (LeaderElection.java:askForVotes(320)) - s0@group-050875D9256C-LeaderElection40 PRE_VOTE round 0: submit vote requests at term 0 for -1: peers:[s0|rpc:localhost:46109|admin:localhost:44341|client:localhost:45497|dataStream:localhost:44787|priority:0|startupRole:FOLLOWER, s1|rpc:localhost:38609|admin:localhost:36821|client:localhost:35433|dataStream:localhost:46383|priority:0|startupRole:FOLLOWER, s2|rpc:localhost:40487|admin:localhost:43753|client:localhost:39069|dataStream:localhost:42963|priority:0|startupRole:FOLLOWER]|listeners:[], old=null
2023-03-14 08:39:01,225 [s0@group-050875D9256C-LeaderElection40] INFO  server.RaftServerConfigKeys (ConfUtils.java:logFallback(53)) - raft.server.rpc.first-election.timeout.min = 150ms (fallback to raft.server.rpc.timeout.min)
2023-03-14 08:39:01,225 [s0@group-050875D9256C-LeaderElection40] INFO  server.RaftServerConfigKeys (ConfUtils.java:logFallback(53)) - raft.server.rpc.first-election.timeout.max = 300ms (fallback to raft.server.rpc.timeout.max)
2023-03-14 08:39:01,226 [grpc-default-executor-7] INFO  server.RaftServer$Division (RaftServerImpl.java:requestVote(1303)) - s1@group-050875D9256C: receive requestVote(PRE_VOTE, s0, group-050875D9256C, 0, (t:0, i:0))
2023-03-14 08:39:01,226 [grpc-default-executor-1] INFO  server.RaftServer$Division (RaftServerImpl.java:requestVote(1303)) - s2@group-050875D9256C: receive requestVote(PRE_VOTE, s0, group-050875D9256C, 0, (t:0, i:0))
2023-03-14 08:39:01,226 [grpc-default-executor-1] INFO  impl.VoteContext (VoteContext.java:log(49)) - s2@group-050875D9256C-FOLLOWER: accept PRE_VOTE from s0: our priority 0 <= candidate's priority 0
2023-03-14 08:39:01,226 [grpc-default-executor-7] INFO  impl.VoteContext (VoteContext.java:log(49)) - s1@group-050875D9256C-FOLLOWER: accept PRE_VOTE from s0: our priority 0 <= candidate's priority 0
2023-03-14 08:39:01,226 [grpc-default-executor-7] INFO  server.RaftServer$Division (RaftServerImpl.java:requestVote(1336)) - s1@group-050875D9256C replies to PRE_VOTE vote request: s0<-s1#0:OK-t0. Peer's state: s1@group-050875D9256C:t0, leader=null, voted=, raftlog=Memoized:s1@group-050875D9256C-SegmentedRaftLog:OPENED:c-1, conf=-1: peers:[s0|rpc:localhost:46109|admin:localhost:44341|client:localhost:45497|dataStream:localhost:44787|priority:0|startupRole:FOLLOWER, s1|rpc:localhost:38609|admin:localhost:36821|client:localhost:35433|dataStream:localhost:46383|priority:0|startupRole:FOLLOWER, s2|rpc:localhost:40487|admin:localhost:43753|client:localhost:39069|dataStream:localhost:42963|priority:0|startupRole:FOLLOWER]|listeners:[], old=null
2023-03-14 08:39:01,226 [grpc-default-executor-1] INFO  server.RaftServer$Division (RaftServerImpl.java:requestVote(1336)) - s2@group-050875D9256C replies to PRE_VOTE vote request: s0<-s2#0:OK-t0. Peer's state: s2@group-050875D9256C:t0, leader=null, voted=, raftlog=Memoized:s2@group-050875D9256C-SegmentedRaftLog:OPENED:c-1, conf=-1: peers:[s0|rpc:localhost:46109|admin:localhost:44341|client:localhost:45497|dataStream:localhost:44787|priority:0|startupRole:FOLLOWER, s1|rpc:localhost:38609|admin:localhost:36821|client:localhost:35433|dataStream:localhost:46383|priority:0|startupRole:FOLLOWER, s2|rpc:localhost:40487|admin:localhost:43753|client:localhost:39069|dataStream:localhost:42963|priority:0|startupRole:FOLLOWER]|listeners:[], old=null
2023-03-14 08:39:01,226 [s0@group-050875D9256C-LeaderElection40] INFO  impl.LeaderElection (LeaderElection.java:logAndReturn(89)) - s0@group-050875D9256C-LeaderElection40: PRE_VOTE PASSED received 1 response(s) and 0 exception(s):
2023-03-14 08:39:01,226 [s0@group-050875D9256C-LeaderElection40] INFO  impl.LeaderElection (LeaderElection.java:logAndReturn(93)) -   Response 0: s0<-s1#0:OK-t0
2023-03-14 08:39:01,226 [s0@group-050875D9256C-LeaderElection40] INFO  impl.LeaderElection (LeaderElection.java:askForVotes(322)) - s0@group-050875D9256C-LeaderElection40 PRE_VOTE round 0: result PASSED
2023-03-14 08:39:01,228 [s0@group-050875D9256C-LeaderElection40] INFO  impl.LeaderElection (LeaderElection.java:askForVotes(320)) - s0@group-050875D9256C-LeaderElection40 ELECTION round 0: submit vote requests at term 1 for -1: peers:[s0|rpc:localhost:46109|admin:localhost:44341|client:localhost:45497|dataStream:localhost:44787|priority:0|startupRole:FOLLOWER, s1|rpc:localhost:38609|admin:localhost:36821|client:localhost:35433|dataStream:localhost:46383|priority:0|startupRole:FOLLOWER, s2|rpc:localhost:40487|admin:localhost:43753|client:localhost:39069|dataStream:localhost:42963|priority:0|startupRole:FOLLOWER]|listeners:[], old=null
2023-03-14 08:39:01,228 [s0@group-050875D9256C-LeaderElection40] INFO  server.RaftServerConfigKeys (ConfUtils.java:logFallback(53)) - raft.server.rpc.first-election.timeout.min = 150ms (fallback to raft.server.rpc.timeout.min)
2023-03-14 08:39:01,228 [s0@group-050875D9256C-LeaderElection40] INFO  server.RaftServerConfigKeys (ConfUtils.java:logFallback(53)) - raft.server.rpc.first-election.timeout.max = 300ms (fallback to raft.server.rpc.timeout.max)
2023-03-14 08:39:01,231 [grpc-default-executor-1] INFO  server.RaftServer$Division (RaftServerImpl.java:requestVote(1303)) - s1@group-050875D9256C: receive requestVote(ELECTION, s0, group-050875D9256C, 1, (t:0, i:0))
2023-03-14 08:39:01,231 [grpc-default-executor-1] INFO  impl.VoteContext (VoteContext.java:log(49)) - s1@group-050875D9256C-FOLLOWER: accept ELECTION from s0: our priority 0 <= candidate's priority 0
2023-03-14 08:39:01,231 [grpc-default-executor-1] INFO  server.RaftServer$Division (RaftServerImpl.java:setRole(329)) - s1@group-050875D9256C: changes role from  FOLLOWER to FOLLOWER at term 1 for candidate:s0
2023-03-14 08:39:01,231 [grpc-default-executor-1] INFO  impl.RoleInfo (RoleInfo.java:shutdownFollowerState(110)) - s1: shutdown s1@group-050875D9256C-FollowerState
2023-03-14 08:39:01,231 [grpc-default-executor-1] INFO  impl.RoleInfo (RoleInfo.java:updateAndGet(139)) - s1: start s1@group-050875D9256C-FollowerState
2023-03-14 08:39:01,231 [s1@group-050875D9256C-FollowerState] INFO  impl.FollowerState (FollowerState.java:run(152)) - s1@group-050875D9256C-FollowerState was interrupted
2023-03-14 08:39:01,231 [grpc-default-executor-7] INFO  server.RaftServer$Division (RaftServerImpl.java:requestVote(1303)) - s2@group-050875D9256C: receive requestVote(ELECTION, s0, group-050875D9256C, 1, (t:0, i:0))
2023-03-14 08:39:01,231 [grpc-default-executor-7] INFO  impl.VoteContext (VoteContext.java:log(49)) - s2@group-050875D9256C-FOLLOWER: accept ELECTION from s0: our priority 0 <= candidate's priority 0
2023-03-14 08:39:01,231 [grpc-default-executor-7] INFO  server.RaftServer$Division (RaftServerImpl.java:setRole(329)) - s2@group-050875D9256C: changes role from  FOLLOWER to FOLLOWER at term 1 for candidate:s0
2023-03-14 08:39:01,231 [grpc-default-executor-7] INFO  impl.RoleInfo (RoleInfo.java:shutdownFollowerState(110)) - s2: shutdown s2@group-050875D9256C-FollowerState
2023-03-14 08:39:01,231 [grpc-default-executor-7] INFO  impl.RoleInfo (RoleInfo.java:updateAndGet(139)) - s2: start s2@group-050875D9256C-FollowerState
2023-03-14 08:39:01,231 [s2@group-050875D9256C-FollowerState] INFO  impl.FollowerState (FollowerState.java:run(152)) - s2@group-050875D9256C-FollowerState was interrupted
2023-03-14 08:39:01,231 [s1@group-050875D9256C-FollowerState] INFO  server.RaftServerConfigKeys (ConfUtils.java:logFallback(53)) - raft.server.rpc.first-election.timeout.min = 150ms (fallback to raft.server.rpc.timeout.min)
2023-03-14 08:39:01,231 [s1@group-050875D9256C-FollowerState] INFO  server.RaftServerConfigKeys (ConfUtils.java:logFallback(53)) - raft.server.rpc.first-election.timeout.max = 300ms (fallback to raft.server.rpc.timeout.max)
2023-03-14 08:39:01,232 [grpc-default-executor-1] INFO  server.RaftServer$Division (RaftServerImpl.java:requestVote(1336)) - s1@group-050875D9256C replies to ELECTION vote request: s0<-s1#0:OK-t1. Peer's state: s1@group-050875D9256C:t1, leader=null, voted=s0, raftlog=Memoized:s1@group-050875D9256C-SegmentedRaftLog:OPENED:c-1, conf=-1: peers:[s0|rpc:localhost:46109|admin:localhost:44341|client:localhost:45497|dataStream:localhost:44787|priority:0|startupRole:FOLLOWER, s1|rpc:localhost:38609|admin:localhost:36821|client:localhost:35433|dataStream:localhost:46383|priority:0|startupRole:FOLLOWER, s2|rpc:localhost:40487|admin:localhost:43753|client:localhost:39069|dataStream:localhost:42963|priority:0|startupRole:FOLLOWER]|listeners:[], old=null
2023-03-14 08:39:01,232 [grpc-default-executor-7] INFO  server.RaftServer$Division (RaftServerImpl.java:requestVote(1336)) - s2@group-050875D9256C replies to ELECTION vote request: s0<-s2#0:OK-t1. Peer's state: s2@group-050875D9256C:t1, leader=null, voted=s0, raftlog=Memoized:s2@group-050875D9256C-SegmentedRaftLog:OPENED:c-1, conf=-1: peers:[s0|rpc:localhost:46109|admin:localhost:44341|client:localhost:45497|dataStream:localhost:44787|priority:0|startupRole:FOLLOWER, s1|rpc:localhost:38609|admin:localhost:36821|client:localhost:35433|dataStream:localhost:46383|priority:0|startupRole:FOLLOWER, s2|rpc:localhost:40487|admin:localhost:43753|client:localhost:39069|dataStream:localhost:42963|priority:0|startupRole:FOLLOWER]|listeners:[], old=null
2023-03-14 08:39:01,234 [s0@group-050875D9256C-LeaderElection40] INFO  impl.LeaderElection (LeaderElection.java:logAndReturn(89)) - s0@group-050875D9256C-LeaderElection40: ELECTION PASSED received 1 response(s) and 0 exception(s):
2023-03-14 08:39:01,234 [s0@group-050875D9256C-LeaderElection40] INFO  impl.LeaderElection (LeaderElection.java:logAndReturn(93)) -   Response 0: s0<-s2#0:OK-t1
2023-03-14 08:39:01,234 [s0@group-050875D9256C-LeaderElection40] INFO  impl.LeaderElection (LeaderElection.java:askForVotes(322)) - s0@group-050875D9256C-LeaderElection40 ELECTION round 0: result PASSED
2023-03-14 08:39:01,234 [s0@group-050875D9256C-LeaderElection40] INFO  impl.RoleInfo (RoleInfo.java:shutdownLeaderElection(130)) - s0: shutdown s0@group-050875D9256C-LeaderElection40
2023-03-14 08:39:01,234 [s0@group-050875D9256C-LeaderElection40] INFO  server.RaftServer$Division (RaftServerImpl.java:setRole(329)) - s0@group-050875D9256C: changes role from CANDIDATE to LEADER at term 1 for changeToLeader
2023-03-14 08:39:01,234 [s0@group-050875D9256C-LeaderElection40] INFO  server.RaftServer$Division (ServerState.java:setLeader(260)) - s0@group-050875D9256C: change Leader from null to s0 at term 1 for becomeLeader, leader elected after 261ms
2023-03-14 08:39:01,234 [s0@group-050875D9256C-LeaderElection40] INFO  server.RaftServerConfigKeys (ConfUtils.java:logGet(46)) - raft.server.staging.catchup.gap = 10 (custom)
2023-03-14 08:39:01,234 [s0@group-050875D9256C-LeaderElection40] INFO  server.RaftServerConfigKeys (ConfUtils.java:logGet(46)) - raft.server.write.element-limit = 4096 (default)
2023-03-14 08:39:01,234 [s0@group-050875D9256C-LeaderElection40] INFO  server.RaftServerConfigKeys (ConfUtils.java:logGet(46)) - raft.server.write.byte-limit = 64MB (=67108864) (default)
2023-03-14 08:39:01,234 [s2@group-050875D9256C-FollowerState] INFO  server.RaftServerConfigKeys (ConfUtils.java:logFallback(53)) - raft.server.rpc.first-election.timeout.min = 150ms (fallback to raft.server.rpc.timeout.min)
2023-03-14 08:39:01,234 [s2@group-050875D9256C-FollowerState] INFO  server.RaftServerConfigKeys (ConfUtils.java:logFallback(53)) - raft.server.rpc.first-election.timeout.max = 300ms (fallback to raft.server.rpc.timeout.max)
2023-03-14 08:39:01,234 [s0@group-050875D9256C-LeaderElection40] INFO  server.RaftServerConfigKeys (ConfUtils.java:logGet(46)) - raft.server.watch.timeout = 10s (default)
2023-03-14 08:39:01,234 [s0@group-050875D9256C-LeaderElection40] INFO  server.RaftServerConfigKeys (ConfUtils.java:logGet(46)) - raft.server.watch.timeout.denomination = 1s (default)
2023-03-14 08:39:01,234 [s0@group-050875D9256C-LeaderElection40] INFO  server.RaftServerConfigKeys (ConfUtils.java:logGet(46)) - raft.server.watch.element-limit = 65536 (default)
2023-03-14 08:39:01,234 [s0@group-050875D9256C-LeaderElection40] INFO  server.RaftServerConfigKeys (ConfUtils.java:logGet(46)) - raft.server.write.element-limit = 4096 (default)
2023-03-14 08:39:01,234 [s0@group-050875D9256C-LeaderElection40] INFO  server.RaftServerConfigKeys (ConfUtils.java:logGet(46)) - raft.server.write.follower.gap.ratio.max = -1.0 (default)
2023-03-14 08:39:01,234 [s0@group-050875D9256C-LeaderElection40] INFO  server.RaftServerConfigKeys (ConfUtils.java:logGet(46)) - raft.server.log.appender.snapshot.chunk.size.max = 16MB (=16777216) (default)
2023-03-14 08:39:01,234 [s0@group-050875D9256C-LeaderElection40] INFO  server.RaftServerConfigKeys (ConfUtils.java:logGet(46)) - raft.server.log.appender.buffer.byte-limit = 4MB (=4194304) (default)
2023-03-14 08:39:01,234 [s0@group-050875D9256C-LeaderElection40] INFO  server.RaftServerConfigKeys (ConfUtils.java:logGet(46)) - raft.server.log.appender.buffer.element-limit = 0 (default)
2023-03-14 08:39:01,234 [s0@group-050875D9256C-LeaderElection40] INFO  server.RaftServerConfigKeys (ConfUtils.java:logGet(46)) - raft.server.log.appender.wait-time.min = 10ms (default)
2023-03-14 08:39:01,234 [s0@group-050875D9256C-LeaderElection40] INFO  grpc.GrpcConfigKeys (ConfUtils.java:logGet(46)) - raft.grpc.server.leader.outstanding.appends.max = 128 (default)
2023-03-14 08:39:01,234 [s0@group-050875D9256C-LeaderElection40] INFO  server.RaftServerConfigKeys (ConfUtils.java:logGet(46)) - raft.server.rpc.request.timeout = 3000ms (default)
2023-03-14 08:39:01,234 [s0@group-050875D9256C-LeaderElection40] INFO  server.RaftServerConfigKeys (ConfUtils.java:logGet(46)) - raft.server.log.appender.install.snapshot.enabled = true (default)
2023-03-14 08:39:01,235 [s0@group-050875D9256C-LeaderElection40] INFO  grpc.GrpcConfigKeys (ConfUtils.java:logGet(46)) - raft.grpc.server.heartbeat.channel = true (default)
2023-03-14 08:39:01,235 [s0@group-050875D9256C-LeaderElection40] INFO  server.RaftServerConfigKeys (ConfUtils.java:logGet(46)) - raft.server.log.appender.snapshot.chunk.size.max = 16MB (=16777216) (default)
2023-03-14 08:39:01,235 [s0@group-050875D9256C-LeaderElection40] INFO  server.RaftServerConfigKeys (ConfUtils.java:logGet(46)) - raft.server.log.appender.buffer.byte-limit = 4MB (=4194304) (default)
2023-03-14 08:39:01,235 [s0@group-050875D9256C-LeaderElection40] INFO  server.RaftServerConfigKeys (ConfUtils.java:logGet(46)) - raft.server.log.appender.buffer.element-limit = 0 (default)
2023-03-14 08:39:01,235 [s0@group-050875D9256C-LeaderElection40] INFO  server.RaftServerConfigKeys (ConfUtils.java:logGet(46)) - raft.server.log.appender.wait-time.min = 10ms (default)
2023-03-14 08:39:01,235 [s0@group-050875D9256C-LeaderElection40] INFO  grpc.GrpcConfigKeys (ConfUtils.java:logGet(46)) - raft.grpc.server.leader.outstanding.appends.max = 128 (default)
2023-03-14 08:39:01,235 [s0@group-050875D9256C-LeaderElection40] INFO  server.RaftServerConfigKeys (ConfUtils.java:logGet(46)) - raft.server.rpc.request.timeout = 3000ms (default)
2023-03-14 08:39:01,235 [s0@group-050875D9256C-LeaderElection40] INFO  server.RaftServerConfigKeys (ConfUtils.java:logGet(46)) - raft.server.log.appender.install.snapshot.enabled = true (default)
2023-03-14 08:39:01,235 [s0@group-050875D9256C-LeaderElection40] INFO  grpc.GrpcConfigKeys (ConfUtils.java:logGet(46)) - raft.grpc.server.heartbeat.channel = true (default)
2023-03-14 08:39:01,235 [s0@group-050875D9256C-LeaderElection40] INFO  impl.RoleInfo (RoleInfo.java:updateAndGet(139)) - s0: start s0@group-050875D9256C-LeaderStateImpl
2023-03-14 08:39:01,235 [s0@group-050875D9256C-LeaderElection40] INFO  segmented.SegmentedRaftLogWorker (SegmentedRaftLogWorker.java:startLogSegment(426)) - s0@group-050875D9256C-SegmentedRaftLogWorker: Starting segment from index:0
2023-03-14 08:39:01,240 [s0@group-050875D9256C-LeaderElection40] INFO  server.RaftServer$Division (ServerState.java:setRaftConf(378)) - s0@group-050875D9256C: set configuration 0: peers:[s0|rpc:localhost:46109|admin:localhost:44341|client:localhost:45497|dataStream:localhost:44787|priority:0|startupRole:FOLLOWER, s1|rpc:localhost:38609|admin:localhost:36821|client:localhost:35433|dataStream:localhost:46383|priority:0|startupRole:FOLLOWER, s2|rpc:localhost:40487|admin:localhost:43753|client:localhost:39069|dataStream:localhost:42963|priority:0|startupRole:FOLLOWER]|listeners:[], old=null
2023-03-14 08:39:01,242 [s1-server-thread1] INFO  server.RaftServer$Division (ServerState.java:setLeader(260)) - s1@group-050875D9256C: change Leader from null to s0 at term 1 for appendEntries, leader elected after 265ms
2023-03-14 08:39:01,243 [s0@group-050875D9256C-SegmentedRaftLogWorker] INFO  segmented.SegmentedRaftLogWorker (SegmentedRaftLogWorker.java:execute(630)) - s0@group-050875D9256C-SegmentedRaftLogWorker: created new log segment /home/runner/work/ratis/ratis/ratis-test/target/test/data/be523d36/MiniRaftClusterWithGrpca982f0d3/s0/45ed9be6-e5a1-49ad-9eda-050875d9256c/current/log_inprogress_0
2023-03-14 08:39:01,244 [s2-server-thread1] INFO  server.RaftServer$Division (ServerState.java:setLeader(260)) - s2@group-050875D9256C: change Leader from null to s0 at term 1 for appendEntries, leader elected after 259ms
2023-03-14 08:39:01,250 [s1-server-thread2] DEBUG server.RaftServer$Division (RaftServerImpl.java:logAppendEntries(1430)) - s1@group-050875D9256C: receive appendEntries(s0, 1, null, -1, true, commits:[s0:c-1, s1:c-1, s2:c-1], cId:1, entries: [(t:1, i:0), CONFIGURATIONENTRY(current:id: "s0"
address: "localhost:46109"
dataStreamAddress: "localhost:44787"
clientAddress: "localhost:45497"
adminAddress: "localhost:44341"
startupRole: FOLLOWER
,id: "s1"
address: "localhost:38609"
dataStreamAddress: "localhost:46383"
clientAddress: "localhost:35433"
adminAddress: "localhost:36821"
startupRole: FOLLOWER
,id: "s2"
address: "localhost:40487"
dataStreamAddress: "localhost:42963"
clientAddress: "localhost:39069"
adminAddress: "localhost:43753"
startupRole: FOLLOWER
, old:)]
2023-03-14 08:39:01,250 [s1-server-thread2] INFO  server.RaftServer$Division (ServerState.java:setRaftConf(378)) - s1@group-050875D9256C: set configuration 0: peers:[s0|rpc:localhost:46109|admin:localhost:44341|client:localhost:45497|dataStream:localhost:44787|priority:0|startupRole:FOLLOWER, s1|rpc:localhost:38609|admin:localhost:36821|client:localhost:35433|dataStream:localhost:46383|priority:0|startupRole:FOLLOWER, s2|rpc:localhost:40487|admin:localhost:43753|client:localhost:39069|dataStream:localhost:42963|priority:0|startupRole:FOLLOWER]|listeners:[], old=null
2023-03-14 08:39:01,250 [s1-server-thread2] INFO  segmented.SegmentedRaftLogWorker (SegmentedRaftLogWorker.java:startLogSegment(426)) - s1@group-050875D9256C-SegmentedRaftLogWorker: Starting segment from index:0
2023-03-14 08:39:01,252 [s2-server-thread2] DEBUG server.RaftServer$Division (RaftServerImpl.java:logAppendEntries(1430)) - s2@group-050875D9256C: receive appendEntries(s0, 1, null, -1, true, commits:[s0:c-1, s1:c-1, s2:c-1], cId:1, entries: [(t:1, i:0), CONFIGURATIONENTRY(current:id: "s0"
address: "localhost:46109"
dataStreamAddress: "localhost:44787"
clientAddress: "localhost:45497"
adminAddress: "localhost:44341"
startupRole: FOLLOWER
,id: "s1"
address: "localhost:38609"
dataStreamAddress: "localhost:46383"
clientAddress: "localhost:35433"
adminAddress: "localhost:36821"
startupRole: FOLLOWER
,id: "s2"
address: "localhost:40487"
dataStreamAddress: "localhost:42963"
clientAddress: "localhost:39069"
adminAddress: "localhost:43753"
startupRole: FOLLOWER
, old:)]
2023-03-14 08:39:01,252 [s2-server-thread2] INFO  server.RaftServer$Division (ServerState.java:setRaftConf(378)) - s2@group-050875D9256C: set configuration 0: peers:[s0|rpc:localhost:46109|admin:localhost:44341|client:localhost:45497|dataStream:localhost:44787|priority:0|startupRole:FOLLOWER, s1|rpc:localhost:38609|admin:localhost:36821|client:localhost:35433|dataStream:localhost:46383|priority:0|startupRole:FOLLOWER, s2|rpc:localhost:40487|admin:localhost:43753|client:localhost:39069|dataStream:localhost:42963|priority:0|startupRole:FOLLOWER]|listeners:[], old=null
2023-03-14 08:39:01,252 [s2-server-thread2] INFO  segmented.SegmentedRaftLogWorker (SegmentedRaftLogWorker.java:startLogSegment(426)) - s2@group-050875D9256C-SegmentedRaftLogWorker: Starting segment from index:0
2023-03-14 08:39:01,268 [s2@group-050875D9256C-SegmentedRaftLogWorker] INFO  segmented.SegmentedRaftLogWorker (SegmentedRaftLogWorker.java:execute(630)) - s2@group-050875D9256C-SegmentedRaftLogWorker: created new log segment /home/runner/work/ratis/ratis/ratis-test/target/test/data/be523d36/MiniRaftClusterWithGrpca982f0d3/s2/45ed9be6-e5a1-49ad-9eda-050875d9256c/current/log_inprogress_0
2023-03-14 08:39:01,268 [s1@group-050875D9256C-SegmentedRaftLogWorker] INFO  segmented.SegmentedRaftLogWorker (SegmentedRaftLogWorker.java:execute(630)) - s1@group-050875D9256C-SegmentedRaftLogWorker: created new log segment /home/runner/work/ratis/ratis/ratis-test/target/test/data/be523d36/MiniRaftClusterWithGrpca982f0d3/s1/45ed9be6-e5a1-49ad-9eda-050875d9256c/current/log_inprogress_0
2023-03-14 08:39:01,268 [s1-server-thread2] DEBUG server.RaftServer$Division (RaftServerImpl.java:logAppendEntries(1430)) - s1@group-050875D9256C: succeeded to handle AppendEntries. Reply: s0<-s1#1:OK-t1,SUCCESS,nextIndex=1,followerCommit=-1,matchIndex=0
2023-03-14 08:39:01,268 [s2-server-thread2] DEBUG server.RaftServer$Division (RaftServerImpl.java:logAppendEntries(1430)) - s2@group-050875D9256C: succeeded to handle AppendEntries. Reply: s0<-s2#1:OK-t1,SUCCESS,nextIndex=1,followerCommit=-1,matchIndex=0
2023-03-14 08:39:01,272 [s1@group-0A0E342D0A1A-FollowerState] INFO  impl.FollowerState (FollowerState.java:run(143)) - s1@group-0A0E342D0A1A-FollowerState: change to CANDIDATE, lastRpcElapsedTime:241484635ns, electionTimeout:241ms
2023-03-14 08:39:01,272 [s1@group-0A0E342D0A1A-FollowerState] INFO  impl.RoleInfo (RoleInfo.java:shutdownFollowerState(110)) - s1: shutdown s1@group-0A0E342D0A1A-FollowerState
2023-03-14 08:39:01,272 [s1@group-0A0E342D0A1A-FollowerState] INFO  server.RaftServer$Division (RaftServerImpl.java:setRole(329)) - s1@group-0A0E342D0A1A: changes role from  FOLLOWER to CANDIDATE at term 0 for changeToCandidate
2023-03-14 08:39:01,272 [s1@group-0A0E342D0A1A-FollowerState] INFO  server.RaftServerConfigKeys (ConfUtils.java:logGet(46)) - raft.server.leaderelection.pre-vote = true (default)
2023-03-14 08:39:01,272 [s1@group-0A0E342D0A1A-FollowerState] INFO  impl.RoleInfo (RoleInfo.java:updateAndGet(139)) - s1: start s1@group-0A0E342D0A1A-LeaderElection41
2023-03-14 08:39:01,276 [s1@group-0A0E342D0A1A-LeaderElection41] INFO  impl.LeaderElection (LeaderElection.java:askForVotes(320)) - s1@group-0A0E342D0A1A-LeaderElection41 PRE_VOTE round 0: submit vote requests at term 0 for -1: peers:[s0|rpc:0.0.0.0:46109|admin:0.0.0.0:44341|client:0.0.0.0:45497|dataStream:|priority:0|startupRole:FOLLOWER, s1|rpc:0.0.0.0:38609|admin:0.0.0.0:36821|client:0.0.0.0:35433|dataStream:|priority:1|startupRole:FOLLOWER, s2|rpc:0.0.0.0:40487|admin:0.0.0.0:43753|client:0.0.0.0:39069|dataStream:|priority:2|startupRole:FOLLOWER]|listeners:[], old=null
2023-03-14 08:39:01,288 [s1@group-0A0E342D0A1A-LeaderElection41] INFO  server.RaftServerConfigKeys (ConfUtils.java:logFallback(53)) - raft.server.rpc.first-election.timeout.min = 150ms (fallback to raft.server.rpc.timeout.min)
2023-03-14 08:39:01,288 [s1@group-0A0E342D0A1A-LeaderElection41] INFO  server.RaftServerConfigKeys (ConfUtils.java:logFallback(53)) - raft.server.rpc.first-election.timeout.max = 300ms (fallback to raft.server.rpc.timeout.max)
2023-03-14 08:39:01,288 [s1@group-0A0E342D0A1A-LeaderElection41-1] INFO  server.GrpcServerProtocolClient (GrpcServerProtocolClient.java:<init>(64)) - Build channel for s0
2023-03-14 08:39:01,288 [s1@group-0A0E342D0A1A-LeaderElection41-2] INFO  server.GrpcServerProtocolClient (GrpcServerProtocolClient.java:<init>(64)) - Build channel for s2
2023-03-14 08:39:01,291 [grpc-default-executor-1] INFO  server.RaftServer$Division (RaftServerImpl.java:requestVote(1303)) - s2@group-0A0E342D0A1A: receive requestVote(PRE_VOTE, s1, group-0A0E342D0A1A, 0, (t:0, i:0))
2023-03-14 08:39:01,291 [grpc-default-executor-1] INFO  impl.VoteContext (VoteContext.java:log(49)) - s2@group-0A0E342D0A1A-FOLLOWER: reject PRE_VOTE from s1: our priority 2 > candidate's priority 1
2023-03-14 08:39:01,291 [grpc-default-executor-1] INFO  server.RaftServer$Division (RaftServerImpl.java:requestVote(1336)) - s2@group-0A0E342D0A1A replies to PRE_VOTE vote request: s1<-s2#0:FAIL-t0. Peer's state: s2@group-0A0E342D0A1A:t0, leader=null, voted=, raftlog=Memoized:s2@group-0A0E342D0A1A-SegmentedRaftLog:OPENED:c-1, conf=-1: peers:[s0|rpc:0.0.0.0:46109|admin:0.0.0.0:44341|client:0.0.0.0:45497|dataStream:|priority:0|startupRole:FOLLOWER, s1|rpc:0.0.0.0:38609|admin:0.0.0.0:36821|client:0.0.0.0:35433|dataStream:|priority:1|startupRole:FOLLOWER, s2|rpc:0.0.0.0:40487|admin:0.0.0.0:43753|client:0.0.0.0:39069|dataStream:|priority:2|startupRole:FOLLOWER]|listeners:[], old=null
2023-03-14 08:39:01,291 [grpc-default-executor-8] INFO  server.RaftServer$Division (RaftServerImpl.java:requestVote(1303)) - s0@group-0A0E342D0A1A: receive requestVote(PRE_VOTE, s1, group-0A0E342D0A1A, 0, (t:0, i:0))
2023-03-14 08:39:01,291 [grpc-default-executor-8] INFO  impl.VoteContext (VoteContext.java:log(49)) - s0@group-0A0E342D0A1A-FOLLOWER: accept PRE_VOTE from s1: our priority 0 <= candidate's priority 1
2023-03-14 08:39:01,292 [grpc-default-executor-8] INFO  server.RaftServer$Division (RaftServerImpl.java:requestVote(1336)) - s0@group-0A0E342D0A1A replies to PRE_VOTE vote request: s1<-s0#0:OK-t0. Peer's state: s0@group-0A0E342D0A1A:t0, leader=null, voted=, raftlog=Memoized:s0@group-0A0E342D0A1A-SegmentedRaftLog:OPENED:c-1, conf=-1: peers:[s0|rpc:0.0.0.0:46109|admin:0.0.0.0:44341|client:0.0.0.0:45497|dataStream:|priority:0|startupRole:FOLLOWER, s1|rpc:0.0.0.0:38609|admin:0.0.0.0:36821|client:0.0.0.0:35433|dataStream:|priority:1|startupRole:FOLLOWER, s2|rpc:0.0.0.0:40487|admin:0.0.0.0:43753|client:0.0.0.0:39069|dataStream:|priority:2|startupRole:FOLLOWER]|listeners:[], old=null
2023-03-14 08:39:01,292 [s1@group-0A0E342D0A1A-LeaderElection41] INFO  impl.LeaderElection (LeaderElection.java:logAndReturn(89)) - s1@group-0A0E342D0A1A-LeaderElection41: PRE_VOTE REJECTED received 1 response(s) and 0 exception(s):
2023-03-14 08:39:01,292 [s1@group-0A0E342D0A1A-LeaderElection41] INFO  impl.LeaderElection (LeaderElection.java:logAndReturn(93)) -   Response 0: s1<-s2#0:FAIL-t0
2023-03-14 08:39:01,292 [s1@group-0A0E342D0A1A-LeaderElection41] INFO  impl.LeaderElection (LeaderElection.java:askForVotes(322)) - s1@group-0A0E342D0A1A-LeaderElection41 PRE_VOTE round 0: result REJECTED
2023-03-14 08:39:01,292 [s1@group-0A0E342D0A1A-LeaderElection41] INFO  server.RaftServer$Division (RaftServerImpl.java:setRole(329)) - s1@group-0A0E342D0A1A: changes role from CANDIDATE to FOLLOWER at term 0 for REJECTED
2023-03-14 08:39:01,292 [s1@group-0A0E342D0A1A-LeaderElection41] INFO  impl.RoleInfo (RoleInfo.java:shutdownLeaderElection(130)) - s1: shutdown s1@group-0A0E342D0A1A-LeaderElection41
2023-03-14 08:39:01,292 [s1@group-0A0E342D0A1A-LeaderElection41] INFO  impl.RoleInfo (RoleInfo.java:updateAndGet(139)) - s1: start s1@group-0A0E342D0A1A-FollowerState
2023-03-14 08:39:01,298 [s1@group-0A0E342D0A1A-FollowerState] INFO  server.RaftServerConfigKeys (ConfUtils.java:logFallback(53)) - raft.server.rpc.first-election.timeout.min = 150ms (fallback to raft.server.rpc.timeout.min)
2023-03-14 08:39:01,298 [s1@group-0A0E342D0A1A-FollowerState] INFO  server.RaftServerConfigKeys (ConfUtils.java:logFallback(53)) - raft.server.rpc.first-election.timeout.max = 300ms (fallback to raft.server.rpc.timeout.max)
2023-03-14 08:39:01,326 [s2@group-0A0E342D0A1A-FollowerState] INFO  impl.FollowerState (FollowerState.java:run(143)) - s2@group-0A0E342D0A1A-FollowerState: change to CANDIDATE, lastRpcElapsedTime:284481896ns, electionTimeout:284ms
2023-03-14 08:39:01,327 [s2@group-0A0E342D0A1A-FollowerState] INFO  impl.RoleInfo (RoleInfo.java:shutdownFollowerState(110)) - s2: shutdown s2@group-0A0E342D0A1A-FollowerState
2023-03-14 08:39:01,327 [s2@group-0A0E342D0A1A-FollowerState] INFO  server.RaftServer$Division (RaftServerImpl.java:setRole(329)) - s2@group-0A0E342D0A1A: changes role from  FOLLOWER to CANDIDATE at term 0 for changeToCandidate
2023-03-14 08:39:01,327 [s2@group-0A0E342D0A1A-FollowerState] INFO  server.RaftServerConfigKeys (ConfUtils.java:logGet(46)) - raft.server.leaderelection.pre-vote = true (default)
2023-03-14 08:39:01,327 [s2@group-0A0E342D0A1A-FollowerState] INFO  impl.RoleInfo (RoleInfo.java:updateAndGet(139)) - s2: start s2@group-0A0E342D0A1A-LeaderElection42
2023-03-14 08:39:01,336 [s2@group-0A0E342D0A1A-LeaderElection42] INFO  impl.LeaderElection (LeaderElection.java:askForVotes(320)) - s2@group-0A0E342D0A1A-LeaderElection42 PRE_VOTE round 0: submit vote requests at term 0 for -1: peers:[s0|rpc:0.0.0.0:46109|admin:0.0.0.0:44341|client:0.0.0.0:45497|dataStream:|priority:0|startupRole:FOLLOWER, s1|rpc:0.0.0.0:38609|admin:0.0.0.0:36821|client:0.0.0.0:35433|dataStream:|priority:1|startupRole:FOLLOWER, s2|rpc:0.0.0.0:40487|admin:0.0.0.0:43753|client:0.0.0.0:39069|dataStream:|priority:2|startupRole:FOLLOWER]|listeners:[], old=null
2023-03-14 08:39:01,344 [s2@group-0A0E342D0A1A-LeaderElection42-1] INFO  server.GrpcServerProtocolClient (GrpcServerProtocolClient.java:<init>(64)) - Build channel for s0
2023-03-14 08:39:01,347 [grpc-default-executor-1] INFO  server.RaftServer$Division (RaftServerImpl.java:requestVote(1303)) - s0@group-0A0E342D0A1A: receive requestVote(PRE_VOTE, s2, group-0A0E342D0A1A, 0, (t:0, i:0))
2023-03-14 08:39:01,347 [grpc-default-executor-1] INFO  impl.VoteContext (VoteContext.java:log(49)) - s0@group-0A0E342D0A1A-FOLLOWER: accept PRE_VOTE from s2: our priority 0 <= candidate's priority 2
2023-03-14 08:39:01,347 [grpc-default-executor-1] INFO  server.RaftServer$Division (RaftServerImpl.java:requestVote(1336)) - s0@group-0A0E342D0A1A replies to PRE_VOTE vote request: s2<-s0#0:OK-t0. Peer's state: s0@group-0A0E342D0A1A:t0, leader=null, voted=, raftlog=Memoized:s0@group-0A0E342D0A1A-SegmentedRaftLog:OPENED:c-1, conf=-1: peers:[s0|rpc:0.0.0.0:46109|admin:0.0.0.0:44341|client:0.0.0.0:45497|dataStream:|priority:0|startupRole:FOLLOWER, s1|rpc:0.0.0.0:38609|admin:0.0.0.0:36821|client:0.0.0.0:35433|dataStream:|priority:1|startupRole:FOLLOWER, s2|rpc:0.0.0.0:40487|admin:0.0.0.0:43753|client:0.0.0.0:39069|dataStream:|priority:2|startupRole:FOLLOWER]|listeners:[], old=null
2023-03-14 08:39:01,348 [s2@group-0A0E342D0A1A-LeaderElection42] INFO  server.RaftServerConfigKeys (ConfUtils.java:logFallback(53)) - raft.server.rpc.first-election.timeout.min = 150ms (fallback to raft.server.rpc.timeout.min)
2023-03-14 08:39:01,348 [s2@group-0A0E342D0A1A-LeaderElection42] INFO  server.RaftServerConfigKeys (ConfUtils.java:logFallback(53)) - raft.server.rpc.first-election.timeout.max = 300ms (fallback to raft.server.rpc.timeout.max)
2023-03-14 08:39:01,349 [s2@group-0A0E342D0A1A-LeaderElection42] INFO  impl.LeaderElection (LeaderElection.java:logAndReturn(89)) - s2@group-0A0E342D0A1A-LeaderElection42: PRE_VOTE PASSED received 1 response(s) and 0 exception(s):
2023-03-14 08:39:01,349 [s2@group-0A0E342D0A1A-LeaderElection42] INFO  impl.LeaderElection (LeaderElection.java:logAndReturn(93)) -   Response 0: s2<-s0#0:OK-t0
2023-03-14 08:39:01,349 [s2@group-0A0E342D0A1A-LeaderElection42] INFO  impl.LeaderElection (LeaderElection.java:askForVotes(322)) - s2@group-0A0E342D0A1A-LeaderElection42 PRE_VOTE round 0: result PASSED
2023-03-14 08:39:01,349 [s2@group-0A0E342D0A1A-LeaderElection42-2] INFO  server.GrpcServerProtocolClient (GrpcServerProtocolClient.java:<init>(64)) - Build channel for s1
2023-03-14 08:39:01,350 [s2@group-0A0E342D0A1A-LeaderElection42] INFO  impl.LeaderElection (LeaderElection.java:askForVotes(320)) - s2@group-0A0E342D0A1A-LeaderElection42 ELECTION round 0: submit vote requests at term 1 for -1: peers:[s0|rpc:0.0.0.0:46109|admin:0.0.0.0:44341|client:0.0.0.0:45497|dataStream:|priority:0|startupRole:FOLLOWER, s1|rpc:0.0.0.0:38609|admin:0.0.0.0:36821|client:0.0.0.0:35433|dataStream:|priority:1|startupRole:FOLLOWER, s2|rpc:0.0.0.0:40487|admin:0.0.0.0:43753|client:0.0.0.0:39069|dataStream:|priority:2|startupRole:FOLLOWER]|listeners:[], old=null
2023-03-14 08:39:01,352 [grpc-default-executor-1] INFO  server.RaftServer$Division (RaftServerImpl.java:requestVote(1303)) - s1@group-0A0E342D0A1A: receive requestVote(PRE_VOTE, s2, group-0A0E342D0A1A, 0, (t:0, i:0))
2023-03-14 08:39:01,352 [grpc-default-executor-1] INFO  impl.VoteContext (VoteContext.java:log(49)) - s1@group-0A0E342D0A1A-FOLLOWER: accept PRE_VOTE from s2: our priority 1 <= candidate's priority 2
2023-03-14 08:39:01,352 [grpc-default-executor-1] INFO  server.RaftServer$Division (RaftServerImpl.java:requestVote(1336)) - s1@group-0A0E342D0A1A replies to PRE_VOTE vote request: s2<-s1#0:OK-t0. Peer's state: s1@group-0A0E342D0A1A:t0, leader=null, voted=, raftlog=Memoized:s1@group-0A0E342D0A1A-SegmentedRaftLog:OPENED:c-1, conf=-1: peers:[s0|rpc:0.0.0.0:46109|admin:0.0.0.0:44341|client:0.0.0.0:45497|dataStream:|priority:0|startupRole:FOLLOWER, s1|rpc:0.0.0.0:38609|admin:0.0.0.0:36821|client:0.0.0.0:35433|dataStream:|priority:1|startupRole:FOLLOWER, s2|rpc:0.0.0.0:40487|admin:0.0.0.0:43753|client:0.0.0.0:39069|dataStream:|priority:2|startupRole:FOLLOWER]|listeners:[], old=null
2023-03-14 08:39:01,352 [grpc-default-executor-1] INFO  server.RaftServer$Division (RaftServerImpl.java:requestVote(1303)) - s0@group-0A0E342D0A1A: receive requestVote(ELECTION, s2, group-0A0E342D0A1A, 1, (t:0, i:0))
2023-03-14 08:39:01,352 [grpc-default-executor-1] INFO  impl.VoteContext (VoteContext.java:log(49)) - s0@group-0A0E342D0A1A-FOLLOWER: accept ELECTION from s2: our priority 0 <= candidate's priority 2
2023-03-14 08:39:01,352 [grpc-default-executor-1] INFO  server.RaftServer$Division (RaftServerImpl.java:setRole(329)) - s0@group-0A0E342D0A1A: changes role from  FOLLOWER to FOLLOWER at term 1 for candidate:s2
2023-03-14 08:39:01,352 [grpc-default-executor-1] INFO  impl.RoleInfo (RoleInfo.java:shutdownFollowerState(110)) - s0: shutdown s0@group-0A0E342D0A1A-FollowerState
2023-03-14 08:39:01,352 [grpc-default-executor-1] INFO  impl.RoleInfo (RoleInfo.java:updateAndGet(139)) - s0: start s0@group-0A0E342D0A1A-FollowerState
2023-03-14 08:39:01,352 [s0@group-0A0E342D0A1A-FollowerState] INFO  impl.FollowerState (FollowerState.java:run(152)) - s0@group-0A0E342D0A1A-FollowerState was interrupted
2023-03-14 08:39:01,353 [s2@group-0A0E342D0A1A-LeaderElection42] INFO  server.RaftServerConfigKeys (ConfUtils.java:logFallback(53)) - raft.server.rpc.first-election.timeout.min = 150ms (fallback to raft.server.rpc.timeout.min)
2023-03-14 08:39:01,353 [s2@group-0A0E342D0A1A-LeaderElection42] INFO  server.RaftServerConfigKeys (ConfUtils.java:logFallback(53)) - raft.server.rpc.first-election.timeout.max = 300ms (fallback to raft.server.rpc.timeout.max)
2023-03-14 08:39:01,353 [grpc-default-executor-8] INFO  server.RaftServer$Division (RaftServerImpl.java:requestVote(1303)) - s1@group-0A0E342D0A1A: receive requestVote(ELECTION, s2, group-0A0E342D0A1A, 1, (t:0, i:0))
2023-03-14 08:39:01,353 [grpc-default-executor-8] INFO  impl.VoteContext (VoteContext.java:log(49)) - s1@group-0A0E342D0A1A-FOLLOWER: accept ELECTION from s2: our priority 1 <= candidate's priority 2
2023-03-14 08:39:01,353 [grpc-default-executor-8] INFO  server.RaftServer$Division (RaftServerImpl.java:setRole(329)) - s1@group-0A0E342D0A1A: changes role from  FOLLOWER to FOLLOWER at term 1 for candidate:s2
2023-03-14 08:39:01,353 [grpc-default-executor-8] INFO  impl.RoleInfo (RoleInfo.java:shutdownFollowerState(110)) - s1: shutdown s1@group-0A0E342D0A1A-FollowerState
2023-03-14 08:39:01,353 [grpc-default-executor-8] INFO  impl.RoleInfo (RoleInfo.java:updateAndGet(139)) - s1: start s1@group-0A0E342D0A1A-FollowerState
2023-03-14 08:39:01,353 [s1@group-0A0E342D0A1A-FollowerState] INFO  impl.FollowerState (FollowerState.java:run(152)) - s1@group-0A0E342D0A1A-FollowerState was interrupted
2023-03-14 08:39:01,354 [s1@group-0A0E342D0A1A-FollowerState] INFO  server.RaftServerConfigKeys (ConfUtils.java:logFallback(53)) - raft.server.rpc.first-election.timeout.min = 150ms (fallback to raft.server.rpc.timeout.min)
2023-03-14 08:39:01,354 [s1@group-0A0E342D0A1A-FollowerState] INFO  server.RaftServerConfigKeys (ConfUtils.java:logFallback(53)) - raft.server.rpc.first-election.timeout.max = 300ms (fallback to raft.server.rpc.timeout.max)
2023-03-14 08:39:01,354 [grpc-default-executor-1] INFO  server.RaftServer$Division (RaftServerImpl.java:requestVote(1336)) - s0@group-0A0E342D0A1A replies to ELECTION vote request: s2<-s0#0:OK-t1. Peer's state: s0@group-0A0E342D0A1A:t1, leader=null, voted=s2, raftlog=Memoized:s0@group-0A0E342D0A1A-SegmentedRaftLog:OPENED:c-1, conf=-1: peers:[s0|rpc:0.0.0.0:46109|admin:0.0.0.0:44341|client:0.0.0.0:45497|dataStream:|priority:0|startupRole:FOLLOWER, s1|rpc:0.0.0.0:38609|admin:0.0.0.0:36821|client:0.0.0.0:35433|dataStream:|priority:1|startupRole:FOLLOWER, s2|rpc:0.0.0.0:40487|admin:0.0.0.0:43753|client:0.0.0.0:39069|dataStream:|priority:2|startupRole:FOLLOWER]|listeners:[], old=null
2023-03-14 08:39:01,355 [grpc-default-executor-8] INFO  server.RaftServer$Division (RaftServerImpl.java:requestVote(1336)) - s1@group-0A0E342D0A1A replies to ELECTION vote request: s2<-s1#0:OK-t1. Peer's state: s1@group-0A0E342D0A1A:t1, leader=null, voted=s2, raftlog=Memoized:s1@group-0A0E342D0A1A-SegmentedRaftLog:OPENED:c-1, conf=-1: peers:[s0|rpc:0.0.0.0:46109|admin:0.0.0.0:44341|client:0.0.0.0:45497|dataStream:|priority:0|startupRole:FOLLOWER, s1|rpc:0.0.0.0:38609|admin:0.0.0.0:36821|client:0.0.0.0:35433|dataStream:|priority:1|startupRole:FOLLOWER, s2|rpc:0.0.0.0:40487|admin:0.0.0.0:43753|client:0.0.0.0:39069|dataStream:|priority:2|startupRole:FOLLOWER]|listeners:[], old=null
2023-03-14 08:39:01,355 [s2@group-0A0E342D0A1A-LeaderElection42] INFO  impl.LeaderElection (LeaderElection.java:logAndReturn(89)) - s2@group-0A0E342D0A1A-LeaderElection42: ELECTION PASSED received 1 response(s) and 0 exception(s):
2023-03-14 08:39:01,355 [s2@group-0A0E342D0A1A-LeaderElection42] INFO  impl.LeaderElection (LeaderElection.java:logAndReturn(93)) -   Response 0: s2<-s0#0:OK-t1
2023-03-14 08:39:01,355 [s2@group-0A0E342D0A1A-LeaderElection42] INFO  impl.LeaderElection (LeaderElection.java:askForVotes(322)) - s2@group-0A0E342D0A1A-LeaderElection42 ELECTION round 0: result PASSED
2023-03-14 08:39:01,355 [s2@group-0A0E342D0A1A-LeaderElection42] INFO  impl.RoleInfo (RoleInfo.java:shutdownLeaderElection(130)) - s2: shutdown s2@group-0A0E342D0A1A-LeaderElection42
2023-03-14 08:39:01,355 [s2@group-0A0E342D0A1A-LeaderElection42] INFO  server.RaftServer$Division (RaftServerImpl.java:setRole(329)) - s2@group-0A0E342D0A1A: changes role from CANDIDATE to LEADER at term 1 for changeToLeader
2023-03-14 08:39:01,355 [s2@group-0A0E342D0A1A-LeaderElection42] INFO  server.RaftServer$Division (ServerState.java:setLeader(260)) - s2@group-0A0E342D0A1A: change Leader from null to s2 at term 1 for becomeLeader, leader elected after 320ms
2023-03-14 08:39:01,355 [s2@group-0A0E342D0A1A-LeaderElection42] INFO  server.RaftServerConfigKeys (ConfUtils.java:logGet(46)) - raft.server.staging.catchup.gap = 10 (custom)
2023-03-14 08:39:01,355 [s2@group-0A0E342D0A1A-LeaderElection42] INFO  server.RaftServerConfigKeys (ConfUtils.java:logGet(46)) - raft.server.write.element-limit = 4096 (default)
2023-03-14 08:39:01,355 [s2@group-0A0E342D0A1A-LeaderElection42] INFO  server.RaftServerConfigKeys (ConfUtils.java:logGet(46)) - raft.server.write.byte-limit = 64MB (=67108864) (default)
2023-03-14 08:39:01,355 [s2@group-0A0E342D0A1A-LeaderElection42] INFO  server.RaftServerConfigKeys (ConfUtils.java:logGet(46)) - raft.server.watch.timeout = 10s (default)
2023-03-14 08:39:01,355 [s2@group-0A0E342D0A1A-LeaderElection42] INFO  server.RaftServerConfigKeys (ConfUtils.java:logGet(46)) - raft.server.watch.timeout.denomination = 1s (default)
2023-03-14 08:39:01,355 [s2@group-0A0E342D0A1A-LeaderElection42] INFO  server.RaftServerConfigKeys (ConfUtils.java:logGet(46)) - raft.server.watch.element-limit = 65536 (default)
2023-03-14 08:39:01,355 [s2@group-0A0E342D0A1A-LeaderElection42] INFO  server.RaftServerConfigKeys (ConfUtils.java:logGet(46)) - raft.server.write.element-limit = 4096 (default)
2023-03-14 08:39:01,356 [s2@group-0A0E342D0A1A-LeaderElection42] INFO  server.RaftServerConfigKeys (ConfUtils.java:logGet(46)) - raft.server.write.follower.gap.ratio.max = -1.0 (default)
2023-03-14 08:39:01,356 [s2@group-0A0E342D0A1A-LeaderElection42] INFO  server.RaftServerConfigKeys (ConfUtils.java:logGet(46)) - raft.server.log.appender.snapshot.chunk.size.max = 16MB (=16777216) (default)
2023-03-14 08:39:01,356 [s2@group-0A0E342D0A1A-LeaderElection42] INFO  server.RaftServerConfigKeys (ConfUtils.java:logGet(46)) - raft.server.log.appender.buffer.byte-limit = 4MB (=4194304) (default)
2023-03-14 08:39:01,356 [s2@group-0A0E342D0A1A-LeaderElection42] INFO  server.RaftServerConfigKeys (ConfUtils.java:logGet(46)) - raft.server.log.appender.buffer.element-limit = 0 (default)
2023-03-14 08:39:01,356 [s2@group-0A0E342D0A1A-LeaderElection42] INFO  server.RaftServerConfigKeys (ConfUtils.java:logGet(46)) - raft.server.log.appender.wait-time.min = 10ms (default)
2023-03-14 08:39:01,356 [s2@group-0A0E342D0A1A-LeaderElection42] INFO  grpc.GrpcConfigKeys (ConfUtils.java:logGet(46)) - raft.grpc.server.leader.outstanding.appends.max = 128 (default)
2023-03-14 08:39:01,356 [s2@group-0A0E342D0A1A-LeaderElection42] INFO  server.RaftServerConfigKeys (ConfUtils.java:logGet(46)) - raft.server.rpc.request.timeout = 3000ms (default)
2023-03-14 08:39:01,356 [s2@group-0A0E342D0A1A-LeaderElection42] INFO  server.RaftServerConfigKeys (ConfUtils.java:logGet(46)) - raft.server.log.appender.install.snapshot.enabled = true (default)
2023-03-14 08:39:01,356 [s2@group-0A0E342D0A1A-LeaderElection42] INFO  grpc.GrpcConfigKeys (ConfUtils.java:logGet(46)) - raft.grpc.server.heartbeat.channel = true (default)
2023-03-14 08:39:01,356 [s2@group-0A0E342D0A1A-LeaderElection42] INFO  server.RaftServerConfigKeys (ConfUtils.java:logGet(46)) - raft.server.log.appender.snapshot.chunk.size.max = 16MB (=16777216) (default)
2023-03-14 08:39:01,356 [s2@group-0A0E342D0A1A-LeaderElection42] INFO  server.RaftServerConfigKeys (ConfUtils.java:logGet(46)) - raft.server.log.appender.buffer.byte-limit = 4MB (=4194304) (default)
2023-03-14 08:39:01,356 [s2@group-0A0E342D0A1A-LeaderElection42] INFO  server.RaftServerConfigKeys (ConfUtils.java:logGet(46)) - raft.server.log.appender.buffer.element-limit = 0 (default)
2023-03-14 08:39:01,356 [s2@group-0A0E342D0A1A-LeaderElection42] INFO  server.RaftServerConfigKeys (ConfUtils.java:logGet(46)) - raft.server.log.appender.wait-time.min = 10ms (default)
2023-03-14 08:39:01,356 [s2@group-0A0E342D0A1A-LeaderElection42] INFO  grpc.GrpcConfigKeys (ConfUtils.java:logGet(46)) - raft.grpc.server.leader.outstanding.appends.max = 128 (default)
2023-03-14 08:39:01,356 [s2@group-0A0E342D0A1A-LeaderElection42] INFO  server.RaftServerConfigKeys (ConfUtils.java:logGet(46)) - raft.server.rpc.request.timeout = 3000ms (default)
2023-03-14 08:39:01,356 [s2@group-0A0E342D0A1A-LeaderElection42] INFO  server.RaftServerConfigKeys (ConfUtils.java:logGet(46)) - raft.server.log.appender.install.snapshot.enabled = true (default)
2023-03-14 08:39:01,356 [s2@group-0A0E342D0A1A-LeaderElection42] INFO  grpc.GrpcConfigKeys (ConfUtils.java:logGet(46)) - raft.grpc.server.heartbeat.channel = true (default)
2023-03-14 08:39:01,356 [s2@group-0A0E342D0A1A-LeaderElection42] INFO  impl.RoleInfo (RoleInfo.java:updateAndGet(139)) - s2: start s2@group-0A0E342D0A1A-LeaderStateImpl
2023-03-14 08:39:01,356 [s2@group-0A0E342D0A1A-LeaderElection42] INFO  segmented.SegmentedRaftLogWorker (SegmentedRaftLogWorker.java:startLogSegment(426)) - s2@group-0A0E342D0A1A-SegmentedRaftLogWorker: Starting segment from index:0
2023-03-14 08:39:01,354 [s0@group-0A0E342D0A1A-FollowerState] INFO  server.RaftServerConfigKeys (ConfUtils.java:logFallback(53)) - raft.server.rpc.first-election.timeout.min = 150ms (fallback to raft.server.rpc.timeout.min)
2023-03-14 08:39:01,363 [s0@group-0A0E342D0A1A-FollowerState] INFO  server.RaftServerConfigKeys (ConfUtils.java:logFallback(53)) - raft.server.rpc.first-election.timeout.max = 300ms (fallback to raft.server.rpc.timeout.max)
2023-03-14 08:39:01,364 [s2@group-0A0E342D0A1A-SegmentedRaftLogWorker] INFO  segmented.SegmentedRaftLogWorker (SegmentedRaftLogWorker.java:execute(630)) - s2@group-0A0E342D0A1A-SegmentedRaftLogWorker: created new log segment /home/runner/work/ratis/ratis/ratis-test/target/test/data/be523d36/MiniRaftClusterWithGrpca982f0d3/s2/ab4a3a41-8da3-47a2-af2d-0a0e342d0a1a/current/log_inprogress_0
2023-03-14 08:39:01,396 [s2@group-0A0E342D0A1A-LeaderElection42] INFO  server.RaftServer$Division (ServerState.java:setRaftConf(378)) - s2@group-0A0E342D0A1A: set configuration 0: peers:[s0|rpc:0.0.0.0:46109|admin:0.0.0.0:44341|client:0.0.0.0:45497|dataStream:|priority:0|startupRole:FOLLOWER, s1|rpc:0.0.0.0:38609|admin:0.0.0.0:36821|client:0.0.0.0:35433|dataStream:|priority:1|startupRole:FOLLOWER, s2|rpc:0.0.0.0:40487|admin:0.0.0.0:43753|client:0.0.0.0:39069|dataStream:|priority:2|startupRole:FOLLOWER]|listeners:[], old=null
2023-03-14 08:39:01,400 [s0-server-thread1] INFO  server.RaftServer$Division (ServerState.java:setLeader(260)) - s0@group-0A0E342D0A1A: change Leader from null to s2 at term 1 for appendEntries, leader elected after 388ms
2023-03-14 08:39:01,404 [s0-server-thread2] DEBUG server.RaftServer$Division (RaftServerImpl.java:logAppendEntries(1430)) - s0@group-0A0E342D0A1A: receive appendEntries(s2, 1, null, -1, true, commits:[s2:c-1, s0:c-1, s1:c-1], cId:1, entries: [(t:1, i:0), CONFIGURATIONENTRY(current:id: "s0"
address: "0.0.0.0:46109"
clientAddress: "0.0.0.0:45497"
adminAddress: "0.0.0.0:44341"
startupRole: FOLLOWER
,id: "s1"
address: "0.0.0.0:38609"
priority: 1
clientAddress: "0.0.0.0:35433"
adminAddress: "0.0.0.0:36821"
startupRole: FOLLOWER
,id: "s2"
address: "0.0.0.0:40487"
priority: 2
clientAddress: "0.0.0.0:39069"
adminAddress: "0.0.0.0:43753"
startupRole: FOLLOWER
, old:)]
2023-03-14 08:39:01,404 [s0-server-thread2] INFO  server.RaftServer$Division (ServerState.java:setRaftConf(378)) - s0@group-0A0E342D0A1A: set configuration 0: peers:[s0|rpc:0.0.0.0:46109|admin:0.0.0.0:44341|client:0.0.0.0:45497|dataStream:|priority:0|startupRole:FOLLOWER, s1|rpc:0.0.0.0:38609|admin:0.0.0.0:36821|client:0.0.0.0:35433|dataStream:|priority:1|startupRole:FOLLOWER, s2|rpc:0.0.0.0:40487|admin:0.0.0.0:43753|client:0.0.0.0:39069|dataStream:|priority:2|startupRole:FOLLOWER]|listeners:[], old=null
2023-03-14 08:39:01,404 [s0-server-thread2] INFO  segmented.SegmentedRaftLogWorker (SegmentedRaftLogWorker.java:startLogSegment(426)) - s0@group-0A0E342D0A1A-SegmentedRaftLogWorker: Starting segment from index:0
2023-03-14 08:39:01,413 [s0@group-0A0E342D0A1A-SegmentedRaftLogWorker] INFO  segmented.SegmentedRaftLogWorker (SegmentedRaftLogWorker.java:execute(630)) - s0@group-0A0E342D0A1A-SegmentedRaftLogWorker: created new log segment /home/runner/work/ratis/ratis/ratis-test/target/test/data/be523d36/MiniRaftClusterWithGrpca982f0d3/s0/ab4a3a41-8da3-47a2-af2d-0a0e342d0a1a/current/log_inprogress_0
2023-03-14 08:39:01,420 [s0-server-thread2] DEBUG server.RaftServer$Division (RaftServerImpl.java:logAppendEntries(1430)) - s0@group-0A0E342D0A1A: succeeded to handle AppendEntries. Reply: s2<-s0#1:OK-t1,SUCCESS,nextIndex=1,followerCommit=-1,matchIndex=0
2023-03-14 08:39:01,425 [s1-server-thread1] INFO  server.RaftServer$Division (ServerState.java:setLeader(260)) - s1@group-0A0E342D0A1A: change Leader from null to s2 at term 1 for appendEntries, leader elected after 400ms
2023-03-14 08:39:01,428 [s1-server-thread2] DEBUG server.RaftServer$Division (RaftServerImpl.java:logAppendEntries(1430)) - s1@group-0A0E342D0A1A: receive appendEntries(s2, 1, null, -1, true, commits:[s2:c-1, s0:c-1, s1:c-1], cId:1, entries: [(t:1, i:0), CONFIGURATIONENTRY(current:id: "s0"
address: "0.0.0.0:46109"
clientAddress: "0.0.0.0:45497"
adminAddress: "0.0.0.0:44341"
startupRole: FOLLOWER
,id: "s1"
address: "0.0.0.0:38609"
priority: 1
clientAddress: "0.0.0.0:35433"
adminAddress: "0.0.0.0:36821"
startupRole: FOLLOWER
,id: "s2"
address: "0.0.0.0:40487"
priority: 2
clientAddress: "0.0.0.0:39069"
adminAddress: "0.0.0.0:43753"
startupRole: FOLLOWER
, old:)]
2023-03-14 08:39:01,428 [s1-server-thread2] INFO  server.RaftServer$Division (ServerState.java:setRaftConf(378)) - s1@group-0A0E342D0A1A: set configuration 0: peers:[s0|rpc:0.0.0.0:46109|admin:0.0.0.0:44341|client:0.0.0.0:45497|dataStream:|priority:0|startupRole:FOLLOWER, s1|rpc:0.0.0.0:38609|admin:0.0.0.0:36821|client:0.0.0.0:35433|dataStream:|priority:1|startupRole:FOLLOWER, s2|rpc:0.0.0.0:40487|admin:0.0.0.0:43753|client:0.0.0.0:39069|dataStream:|priority:2|startupRole:FOLLOWER]|listeners:[], old=null
2023-03-14 08:39:01,428 [s1-server-thread2] INFO  segmented.SegmentedRaftLogWorker (SegmentedRaftLogWorker.java:startLogSegment(426)) - s1@group-0A0E342D0A1A-SegmentedRaftLogWorker: Starting segment from index:0
2023-03-14 08:39:01,436 [s1@group-0A0E342D0A1A-SegmentedRaftLogWorker] INFO  segmented.SegmentedRaftLogWorker (SegmentedRaftLogWorker.java:execute(630)) - s1@group-0A0E342D0A1A-SegmentedRaftLogWorker: created new log segment /home/runner/work/ratis/ratis/ratis-test/target/test/data/be523d36/MiniRaftClusterWithGrpca982f0d3/s1/ab4a3a41-8da3-47a2-af2d-0a0e342d0a1a/current/log_inprogress_0
2023-03-14 08:39:01,439 [s1-server-thread1] DEBUG server.RaftServer$Division (RaftServerImpl.java:logAppendEntries(1430)) - s1@group-0A0E342D0A1A: succeeded to handle AppendEntries. Reply: s2<-s1#1:OK-t1,SUCCESS,nextIndex=1,followerCommit=-1,matchIndex=0
2023-03-14 08:39:01,496 [Time-limited test] INFO  ratis.RaftTestUtil (RaftTestUtil.java:waitForLeader(119)) - printing group-0A0E342D0A1A
  s0:  RUNNING [
     LEADER s0@group-050875D9256C:t1, leader=s0, voted=s0, raftlog=Memoized:s0@group-050875D9256C-SegmentedRaftLog:OPENED:c0, conf=0: peers:[s0|rpc:localhost:46109|admin:localhost:44341|client:localhost:45497|dataStream:localhost:44787|priority:0|startupRole:FOLLOWER, s1|rpc:localhost:38609|admin:localhost:36821|client:localhost:35433|dataStream:localhost:46383|priority:0|startupRole:FOLLOWER, s2|rpc:localhost:40487|admin:localhost:43753|client:localhost:39069|dataStream:localhost:42963|priority:0|startupRole:FOLLOWER]|listeners:[], old=null RUNNING
   FOLLOWER s0@group-0A0E342D0A1A:t1, leader=s2, voted=s2, raftlog=Memoized:s0@group-0A0E342D0A1A-SegmentedRaftLog:OPENED:c-1, conf=0: peers:[s0|rpc:0.0.0.0:46109|admin:0.0.0.0:44341|client:0.0.0.0:45497|dataStream:|priority:0|startupRole:FOLLOWER, s1|rpc:0.0.0.0:38609|admin:0.0.0.0:36821|client:0.0.0.0:35433|dataStream:|priority:1|startupRole:FOLLOWER, s2|rpc:0.0.0.0:40487|admin:0.0.0.0:43753|client:0.0.0.0:39069|dataStream:|priority:2|startupRole:FOLLOWER]|listeners:[], old=null RUNNING] size=2
  s1:  RUNNING [
   FOLLOWER s1@group-050875D9256C:t1, leader=s0, voted=s0, raftlog=Memoized:s1@group-050875D9256C-SegmentedRaftLog:OPENED:c0, conf=0: peers:[s0|rpc:localhost:46109|admin:localhost:44341|client:localhost:45497|dataStream:localhost:44787|priority:0|startupRole:FOLLOWER, s1|rpc:localhost:38609|admin:localhost:36821|client:localhost:35433|dataStream:localhost:46383|priority:0|startupRole:FOLLOWER, s2|rpc:localhost:40487|admin:localhost:43753|client:localhost:39069|dataStream:localhost:42963|priority:0|startupRole:FOLLOWER]|listeners:[], old=null RUNNING
   FOLLOWER s1@group-0A0E342D0A1A:t1, leader=s2, voted=s2, raftlog=Memoized:s1@group-0A0E342D0A1A-SegmentedRaftLog:OPENED:c0, conf=0: peers:[s0|rpc:0.0.0.0:46109|admin:0.0.0.0:44341|client:0.0.0.0:45497|dataStream:|priority:0|startupRole:FOLLOWER, s1|rpc:0.0.0.0:38609|admin:0.0.0.0:36821|client:0.0.0.0:35433|dataStream:|priority:1|startupRole:FOLLOWER, s2|rpc:0.0.0.0:40487|admin:0.0.0.0:43753|client:0.0.0.0:39069|dataStream:|priority:2|startupRole:FOLLOWER]|listeners:[], old=null RUNNING] size=2
  s2:  RUNNING [
   FOLLOWER s2@group-050875D9256C:t1, leader=s0, voted=s0, raftlog=Memoized:s2@group-050875D9256C-SegmentedRaftLog:OPENED:c0, conf=0: peers:[s0|rpc:localhost:46109|admin:localhost:44341|client:localhost:45497|dataStream:localhost:44787|priority:0|startupRole:FOLLOWER, s1|rpc:localhost:38609|admin:localhost:36821|client:localhost:35433|dataStream:localhost:46383|priority:0|startupRole:FOLLOWER, s2|rpc:localhost:40487|admin:localhost:43753|client:localhost:39069|dataStream:localhost:42963|priority:0|startupRole:FOLLOWER]|listeners:[], old=null RUNNING
     LEADER s2@group-0A0E342D0A1A:t1, leader=s2, voted=s2, raftlog=Memoized:s2@group-0A0E342D0A1A-SegmentedRaftLog:OPENED:c0, conf=0: peers:[s0|rpc:0.0.0.0:46109|admin:0.0.0.0:44341|client:0.0.0.0:45497|dataStream:|priority:0|startupRole:FOLLOWER, s1|rpc:0.0.0.0:38609|admin:0.0.0.0:36821|client:0.0.0.0:35433|dataStream:|priority:1|startupRole:FOLLOWER, s2|rpc:0.0.0.0:40487|admin:0.0.0.0:43753|client:0.0.0.0:39069|dataStream:|priority:2|startupRole:FOLLOWER]|listeners:[], old=null RUNNING] size=2
2023-03-14 08:39:01,496 [Time-limited test] INFO  impl.MiniRaftCluster (MiniRaftCluster.java:shutdown(831)) - ************************************************************** 
2023-03-14 08:39:01,496 [Time-limited test] INFO  impl.MiniRaftCluster (MiniRaftCluster.java:shutdown(832)) - *** 
2023-03-14 08:39:01,496 [Time-limited test] INFO  impl.MiniRaftCluster (MiniRaftCluster.java:shutdown(833)) - ***     Stopping MiniRaftClusterWithGrpc
2023-03-14 08:39:01,496 [Time-limited test] INFO  impl.MiniRaftCluster (MiniRaftCluster.java:shutdown(834)) - *** 
2023-03-14 08:39:01,496 [Time-limited test] INFO  impl.MiniRaftCluster (MiniRaftCluster.java:shutdown(835)) - ************************************************************** 
2023-03-14 08:39:01,496 [Time-limited test] INFO  impl.MiniRaftCluster (MiniRaftCluster.java:shutdown(836)) - printing ALL groups
  s0:  RUNNING [
     LEADER s0@group-050875D9256C:t1, leader=s0, voted=s0, raftlog=Memoized:s0@group-050875D9256C-SegmentedRaftLog:OPENED:c0, conf=0: peers:[s0|rpc:localhost:46109|admin:localhost:44341|client:localhost:45497|dataStream:localhost:44787|priority:0|startupRole:FOLLOWER, s1|rpc:localhost:38609|admin:localhost:36821|client:localhost:35433|dataStream:localhost:46383|priority:0|startupRole:FOLLOWER, s2|rpc:localhost:40487|admin:localhost:43753|client:localhost:39069|dataStream:localhost:42963|priority:0|startupRole:FOLLOWER]|listeners:[], old=null RUNNING
   FOLLOWER s0@group-0A0E342D0A1A:t1, leader=s2, voted=s2, raftlog=Memoized:s0@group-0A0E342D0A1A-SegmentedRaftLog:OPENED:c-1, conf=0: peers:[s0|rpc:0.0.0.0:46109|admin:0.0.0.0:44341|client:0.0.0.0:45497|dataStream:|priority:0|startupRole:FOLLOWER, s1|rpc:0.0.0.0:38609|admin:0.0.0.0:36821|client:0.0.0.0:35433|dataStream:|priority:1|startupRole:FOLLOWER, s2|rpc:0.0.0.0:40487|admin:0.0.0.0:43753|client:0.0.0.0:39069|dataStream:|priority:2|startupRole:FOLLOWER]|listeners:[], old=null RUNNING] size=2
  s1:  RUNNING [
   FOLLOWER s1@group-050875D9256C:t1, leader=s0, voted=s0, raftlog=Memoized:s1@group-050875D9256C-SegmentedRaftLog:OPENED:c0, conf=0: peers:[s0|rpc:localhost:46109|admin:localhost:44341|client:localhost:45497|dataStream:localhost:44787|priority:0|startupRole:FOLLOWER, s1|rpc:localhost:38609|admin:localhost:36821|client:localhost:35433|dataStream:localhost:46383|priority:0|startupRole:FOLLOWER, s2|rpc:localhost:40487|admin:localhost:43753|client:localhost:39069|dataStream:localhost:42963|priority:0|startupRole:FOLLOWER]|listeners:[], old=null RUNNING
   FOLLOWER s1@group-0A0E342D0A1A:t1, leader=s2, voted=s2, raftlog=Memoized:s1@group-0A0E342D0A1A-SegmentedRaftLog:OPENED:c0, conf=0: peers:[s0|rpc:0.0.0.0:46109|admin:0.0.0.0:44341|client:0.0.0.0:45497|dataStream:|priority:0|startupRole:FOLLOWER, s1|rpc:0.0.0.0:38609|admin:0.0.0.0:36821|client:0.0.0.0:35433|dataStream:|priority:1|startupRole:FOLLOWER, s2|rpc:0.0.0.0:40487|admin:0.0.0.0:43753|client:0.0.0.0:39069|dataStream:|priority:2|startupRole:FOLLOWER]|listeners:[], old=null RUNNING] size=2
  s2:  RUNNING [
   FOLLOWER s2@group-050875D9256C:t1, leader=s0, voted=s0, raftlog=Memoized:s2@group-050875D9256C-SegmentedRaftLog:OPENED:c0, conf=0: peers:[s0|rpc:localhost:46109|admin:localhost:44341|client:localhost:45497|dataStream:localhost:44787|priority:0|startupRole:FOLLOWER, s1|rpc:localhost:38609|admin:localhost:36821|client:localhost:35433|dataStream:localhost:46383|priority:0|startupRole:FOLLOWER, s2|rpc:localhost:40487|admin:localhost:43753|client:localhost:39069|dataStream:localhost:42963|priority:0|startupRole:FOLLOWER]|listeners:[], old=null RUNNING
     LEADER s2@group-0A0E342D0A1A:t1, leader=s2, voted=s2, raftlog=Memoized:s2@group-0A0E342D0A1A-SegmentedRaftLog:OPENED:c0, conf=0: peers:[s0|rpc:0.0.0.0:46109|admin:0.0.0.0:44341|client:0.0.0.0:45497|dataStream:|priority:0|startupRole:FOLLOWER, s1|rpc:0.0.0.0:38609|admin:0.0.0.0:36821|client:0.0.0.0:35433|dataStream:|priority:1|startupRole:FOLLOWER, s2|rpc:0.0.0.0:40487|admin:0.0.0.0:43753|client:0.0.0.0:39069|dataStream:|priority:2|startupRole:FOLLOWER]|listeners:[], old=null RUNNING] size=2
2023-03-14 08:39:01,500 [MiniRaftCluster-54] INFO  server.RaftServer (RaftServerProxy.java:lambda$close$7(417)) - s0: close
2023-03-14 08:39:01,500 [s0-impl-thread1] INFO  server.RaftServer$Division (RaftServerImpl.java:lambda$close$4(466)) - s0@group-050875D9256C: shutdown
2023-03-14 08:39:01,500 [s0-impl-thread1] INFO  util.JmxRegister (JmxRegister.java:unregister(73)) - Successfully un-registered JMX Bean with object name Ratis:service=RaftServer,group=group-050875D9256C,id=s0
2023-03-14 08:39:01,500 [s0-impl-thread1] INFO  impl.RoleInfo (RoleInfo.java:shutdownLeaderState(93)) - s0: shutdown s0@group-050875D9256C-LeaderStateImpl
2023-03-14 08:39:01,500 [s0-impl-thread1] INFO  impl.PendingRequests (PendingRequests.java:sendNotLeaderResponses(282)) - s0@group-050875D9256C-PendingRequests: sendNotLeaderResponses
2023-03-14 08:39:01,500 [s0-impl-thread1] INFO  impl.StateMachineUpdater (StateMachineUpdater.java:stopAndJoin(154)) - s0@group-050875D9256C-StateMachineUpdater: set stopIndex = 0
2023-03-14 08:39:01,500 [s0-impl-thread1] INFO  server.RaftServer$Division (ServerState.java:close(414)) - s0@group-050875D9256C: applyIndex: 0
2023-03-14 08:39:01,508 [MiniRaftCluster-55] INFO  server.RaftServer (RaftServerProxy.java:lambda$close$7(417)) - s1: close
2023-03-14 08:39:01,508 [s1-impl-thread1] INFO  server.RaftServer$Division (RaftServerImpl.java:lambda$close$4(466)) - s1@group-050875D9256C: shutdown
2023-03-14 08:39:01,508 [s1-impl-thread1] INFO  util.JmxRegister (JmxRegister.java:unregister(73)) - Successfully un-registered JMX Bean with object name Ratis:service=RaftServer,group=group-050875D9256C,id=s1
2023-03-14 08:39:01,508 [s1-impl-thread1] INFO  impl.RoleInfo (RoleInfo.java:shutdownFollowerState(110)) - s1: shutdown s1@group-050875D9256C-FollowerState
2023-03-14 08:39:01,508 [s1-impl-thread1] INFO  impl.StateMachineUpdater (StateMachineUpdater.java:stopAndJoin(154)) - s1@group-050875D9256C-StateMachineUpdater: set stopIndex = 0
2023-03-14 08:39:01,508 [s1@group-050875D9256C-FollowerState] INFO  impl.FollowerState (FollowerState.java:run(152)) - s1@group-050875D9256C-FollowerState was interrupted
2023-03-14 08:39:01,508 [s1-impl-thread1] INFO  server.RaftServer$Division (ServerState.java:close(414)) - s1@group-050875D9256C: applyIndex: 0
2023-03-14 08:39:01,509 [MiniRaftCluster-56] INFO  server.RaftServer (RaftServerProxy.java:lambda$close$7(417)) - s2: close
2023-03-14 08:39:01,509 [s2-impl-thread1] INFO  server.RaftServer$Division (RaftServerImpl.java:lambda$close$4(466)) - s2@group-050875D9256C: shutdown
2023-03-14 08:39:01,509 [s2-impl-thread1] INFO  util.JmxRegister (JmxRegister.java:unregister(73)) - Successfully un-registered JMX Bean with object name Ratis:service=RaftServer,group=group-050875D9256C,id=s2
2023-03-14 08:39:01,509 [s2-impl-thread1] INFO  impl.RoleInfo (RoleInfo.java:shutdownFollowerState(110)) - s2: shutdown s2@group-050875D9256C-FollowerState
2023-03-14 08:39:01,509 [s2-impl-thread1] INFO  impl.StateMachineUpdater (StateMachineUpdater.java:stopAndJoin(154)) - s2@group-050875D9256C-StateMachineUpdater: set stopIndex = 0
2023-03-14 08:39:01,509 [s2@group-050875D9256C-FollowerState] INFO  impl.FollowerState (FollowerState.java:run(152)) - s2@group-050875D9256C-FollowerState was interrupted
2023-03-14 08:39:01,509 [s2-impl-thread1] INFO  server.RaftServer$Division (ServerState.java:close(414)) - s2@group-050875D9256C: applyIndex: 0
2023-03-14 08:39:01,515 [s0@group-050875D9256C->s2-GrpcLogAppender-LogAppenderDaemon] ERROR leader.LogAppenderDaemon (LogAppenderDaemon.java:run(87)) - s0@group-050875D9256C->s2-GrpcLogAppender-LogAppenderDaemon failed
java.lang.IllegalStateException: s0@group-050875D9256C-SegmentedRaftLog is expected to be opened but it is CLOSED
	at org.apache.ratis.util.OpenCloseState.assertOpen(OpenCloseState.java:63)
	at org.apache.ratis.server.raftlog.RaftLogBase.checkLogState(RaftLogBase.java:111)
	at org.apache.ratis.server.raftlog.segmented.SegmentedRaftLog.getLastEntryTermIndex(SegmentedRaftLog.java:341)
	at org.apache.ratis.server.raftlog.RaftLog.getNextIndex(RaftLog.java:83)
	at org.apache.ratis.server.leader.LogAppender.shouldInstallSnapshot(LogAppender.java:134)
	at org.apache.ratis.grpc.server.GrpcLogAppender.run(GrpcLogAppender.java:146)
	at org.apache.ratis.server.leader.LogAppenderDaemon.run(LogAppenderDaemon.java:78)
	at java.base/java.lang.Thread.run(Thread.java:829)
Caused by: org.apache.ratis.util.OpenCloseState$CloseTrace: Close s0@group-050875D9256C-SegmentedRaftLog
	at org.apache.ratis.util.OpenCloseState.lambda$close$1(OpenCloseState.java:109)
	at java.base/java.util.concurrent.atomic.AtomicReference.getAndUpdate(AtomicReference.java:187)
	at org.apache.ratis.util.OpenCloseState.close(OpenCloseState.java:109)
	at org.apache.ratis.server.raftlog.RaftLogBase.close(RaftLogBase.java:365)
	at org.apache.ratis.server.raftlog.segmented.SegmentedRaftLog.close(SegmentedRaftLog.java:505)
	at org.apache.ratis.server.impl.ServerState.close(ServerState.java:418)
	at org.apache.ratis.server.impl.RaftServerImpl.lambda$close$4(RaftServerImpl.java:488)
	at org.apache.ratis.util.LifeCycle.lambda$checkStateAndClose$4(LifeCycle.java:299)
	at org.apache.ratis.util.LifeCycle.checkStateAndClose(LifeCycle.java:319)
	at org.apache.ratis.util.LifeCycle.checkStateAndClose(LifeCycle.java:297)
	at org.apache.ratis.server.impl.RaftServerImpl.close(RaftServerImpl.java:465)
	at org.apache.ratis.server.impl.RaftServerProxy$ImplMap.close(RaftServerProxy.java:135)
	at org.apache.ratis.server.impl.RaftServerProxy$ImplMap.lambda$close$0(RaftServerProxy.java:122)
	at org.apache.ratis.util.ConcurrentUtils.accept(ConcurrentUtils.java:188)
	at org.apache.ratis.util.ConcurrentUtils.lambda$parallelForEachAsync$4(ConcurrentUtils.java:180)
	at java.base/java.util.concurrent.ThreadPoolExecutor.runWorker(ThreadPoolExecutor.java:1128)
	at java.base/java.util.concurrent.ThreadPoolExecutor$Worker.run(ThreadPoolExecutor.java:628)
	... 1 more
2023-03-14 08:39:01,515 [MiniRaftCluster-54] INFO  server.GrpcService (GrpcService.java:closeImpl(311)) - s0: shutdown server org.apache.ratis.grpc.server.GrpcClientProtocolService now
2023-03-14 08:39:01,524 [grpc-default-executor-1] INFO  server.GrpcServerProtocolService (GrpcServerProtocolService.java:onCompleted(145)) - s1: Completed APPEND_ENTRIES, lastRequest: s0->s1#1-t1,previous=(t:0, i:0),leaderCommit=-1,initializing? true,entries: size=1, first=(t:1, i:0), CONFIGURATIONENTRY(current:id: "s0"
address: "localhost:46109"
dataStreamAddress: "localhost:44787"
clientAddress: "localhost:45497"
adminAddress: "localhost:44341"
startupRole: FOLLOWER
,id: "s1"
address: "localhost:38609"
dataStreamAddress: "localhost:46383"
clientAddress: "localhost:35433"
adminAddress: "localhost:36821"
startupRole: FOLLOWER
,id: "s2"
address: "localhost:40487"
dataStreamAddress: "localhost:42963"
clientAddress: "localhost:39069"
adminAddress: "localhost:43753"
startupRole: FOLLOWER
, old:)
2023-03-14 08:39:01,524 [MiniRaftCluster-56] INFO  server.GrpcService (GrpcService.java:closeImpl(311)) - s2: shutdown server org.apache.ratis.grpc.server.GrpcClientProtocolService now
2023-03-14 08:39:01,525 [grpc-default-executor-7] INFO  server.GrpcLogAppender (GrpcLogAppender.java:onCompleted(417)) - s0@group-050875D9256C->s1-AppendLogResponseHandler: follower responses appendEntries COMPLETED
2023-03-14 08:39:01,525 [grpc-default-executor-7] INFO  leader.FollowerInfo (FollowerInfoImpl.java:lambda$new$0(52)) - s0@group-050875D9256C->s1: decreaseNextIndex nextIndex: updateUnconditionally 1 -> 0
2023-03-14 08:39:01,525 [grpc-default-executor-1] INFO  server.GrpcServerProtocolService (GrpcServerProtocolService.java:onCompleted(145)) - s1: Completed APPEND_ENTRIES, lastRequest: null
2023-03-14 08:39:01,525 [s2-impl-thread2] INFO  server.RaftServer$Division (RaftServerImpl.java:lambda$close$4(466)) - s2@group-0A0E342D0A1A: shutdown
2023-03-14 08:39:01,525 [s2-impl-thread2] INFO  util.JmxRegister (JmxRegister.java:unregister(73)) - Successfully un-registered JMX Bean with object name Ratis:service=RaftServer,group=group-0A0E342D0A1A,id=s2
2023-03-14 08:39:01,525 [s2-impl-thread2] INFO  impl.RoleInfo (RoleInfo.java:shutdownLeaderState(93)) - s2: shutdown s2@group-0A0E342D0A1A-LeaderStateImpl
2023-03-14 08:39:01,525 [s2-impl-thread2] INFO  impl.PendingRequests (PendingRequests.java:sendNotLeaderResponses(282)) - s2@group-0A0E342D0A1A-PendingRequests: sendNotLeaderResponses
2023-03-14 08:39:01,525 [s2-impl-thread2] INFO  impl.StateMachineUpdater (StateMachineUpdater.java:stopAndJoin(154)) - s2@group-0A0E342D0A1A-StateMachineUpdater: set stopIndex = 0
2023-03-14 08:39:01,525 [s2-impl-thread2] INFO  server.RaftServer$Division (ServerState.java:close(414)) - s2@group-0A0E342D0A1A: applyIndex: 0
2023-03-14 08:39:01,525 [grpc-default-executor-1] INFO  server.GrpcServerProtocolService (GrpcServerProtocolService.java:onCompleted(145)) - s1: Completed APPEND_ENTRIES, lastRequest: s2->s1#1-t1,previous=(t:0, i:0),leaderCommit=-1,initializing? true,entries: size=1, first=(t:1, i:0), CONFIGURATIONENTRY(current:id: "s0"
address: "0.0.0.0:46109"
clientAddress: "0.0.0.0:45497"
adminAddress: "0.0.0.0:44341"
startupRole: FOLLOWER
,id: "s1"
address: "0.0.0.0:38609"
priority: 1
clientAddress: "0.0.0.0:35433"
adminAddress: "0.0.0.0:36821"
startupRole: FOLLOWER
,id: "s2"
address: "0.0.0.0:40487"
priority: 2
clientAddress: "0.0.0.0:39069"
adminAddress: "0.0.0.0:43753"
startupRole: FOLLOWER
, old:)
2023-03-14 08:39:01,525 [grpc-default-executor-0] INFO  server.GrpcLogAppender (GrpcLogAppender.java:onCompleted(417)) - s2@group-0A0E342D0A1A->s1-AppendLogResponseHandler: follower responses appendEntries COMPLETED
2023-03-14 08:39:01,525 [grpc-default-executor-0] INFO  leader.FollowerInfo (FollowerInfoImpl.java:lambda$new$0(52)) - s2@group-0A0E342D0A1A->s1: decreaseNextIndex nextIndex: updateUnconditionally 1 -> 0
2023-03-14 08:39:01,526 [grpc-default-executor-0] INFO  server.GrpcServerProtocolService (GrpcServerProtocolService.java:onCompleted(145)) - s1: Completed APPEND_ENTRIES, lastRequest: null
2023-03-14 08:39:01,526 [s2@group-0A0E342D0A1A->s0-GrpcLogAppender-LogAppenderDaemon] ERROR leader.LogAppenderDaemon (LogAppenderDaemon.java:run(87)) - s2@group-0A0E342D0A1A->s0-GrpcLogAppender-LogAppenderDaemon failed
java.lang.IllegalStateException: s2@group-0A0E342D0A1A-SegmentedRaftLog is expected to be opened but it is CLOSED
	at org.apache.ratis.util.OpenCloseState.assertOpen(OpenCloseState.java:63)
	at org.apache.ratis.server.raftlog.RaftLogBase.checkLogState(RaftLogBase.java:111)
	at org.apache.ratis.server.raftlog.segmented.SegmentedRaftLog.getLastEntryTermIndex(SegmentedRaftLog.java:341)
	at org.apache.ratis.server.raftlog.RaftLog.getNextIndex(RaftLog.java:83)
	at org.apache.ratis.server.leader.LogAppender.hasAppendEntries(LogAppender.java:166)
	at org.apache.ratis.server.leader.LogAppender.shouldSendAppendEntries(LogAppender.java:161)
	at org.apache.ratis.server.leader.LogAppenderBase.shouldSendAppendEntries(LogAppenderBase.java:92)
	at org.apache.ratis.grpc.server.GrpcLogAppender.shouldSendAppendEntries(GrpcLogAppender.java:203)
	at org.apache.ratis.grpc.server.GrpcLogAppender.getWaitTimeMs(GrpcLogAppender.java:171)
	at org.apache.ratis.grpc.server.GrpcLogAppender.mayWait(GrpcLogAppender.java:188)
	at org.apache.ratis.grpc.server.GrpcLogAppender.run(GrpcLogAppender.java:139)
	at org.apache.ratis.server.leader.LogAppenderDaemon.run(LogAppenderDaemon.java:78)
	at java.base/java.lang.Thread.run(Thread.java:829)
Caused by: org.apache.ratis.util.OpenCloseState$CloseTrace: Close s2@group-0A0E342D0A1A-SegmentedRaftLog
	at org.apache.ratis.util.OpenCloseState.lambda$close$1(OpenCloseState.java:109)
	at java.base/java.util.concurrent.atomic.AtomicReference.getAndUpdate(AtomicReference.java:187)
	at org.apache.ratis.util.OpenCloseState.close(OpenCloseState.java:109)
	at org.apache.ratis.server.raftlog.RaftLogBase.close(RaftLogBase.java:365)
	at org.apache.ratis.server.raftlog.segmented.SegmentedRaftLog.close(SegmentedRaftLog.java:505)
	at org.apache.ratis.server.impl.ServerState.close(ServerState.java:418)
	at org.apache.ratis.server.impl.RaftServerImpl.lambda$close$4(RaftServerImpl.java:488)
	at org.apache.ratis.util.LifeCycle.lambda$checkStateAndClose$4(LifeCycle.java:299)
	at org.apache.ratis.util.LifeCycle.checkStateAndClose(LifeCycle.java:319)
	at org.apache.ratis.util.LifeCycle.checkStateAndClose(LifeCycle.java:297)
	at org.apache.ratis.server.impl.RaftServerImpl.close(RaftServerImpl.java:465)
	at org.apache.ratis.server.impl.RaftServerProxy$ImplMap.close(RaftServerProxy.java:135)
	at org.apache.ratis.server.impl.RaftServerProxy$ImplMap.lambda$close$0(RaftServerProxy.java:122)
	at org.apache.ratis.util.ConcurrentUtils.accept(ConcurrentUtils.java:188)
	at org.apache.ratis.util.ConcurrentUtils.lambda$parallelForEachAsync$4(ConcurrentUtils.java:180)
	at java.base/java.util.concurrent.ThreadPoolExecutor.runWorker(ThreadPoolExecutor.java:1128)
	at java.base/java.util.concurrent.ThreadPoolExecutor$Worker.run(ThreadPoolExecutor.java:628)
	... 1 more
2023-03-14 08:39:01,526 [grpc-default-executor-0] INFO  server.GrpcLogAppender (GrpcLogAppender.java:onCompleted(417)) - s2@group-0A0E342D0A1A->s1-AppendLogResponseHandler: follower responses appendEntries COMPLETED
2023-03-14 08:39:01,526 [grpc-default-executor-7] INFO  server.GrpcLogAppender (GrpcLogAppender.java:onCompleted(417)) - s0@group-050875D9256C->s1-AppendLogResponseHandler: follower responses appendEntries COMPLETED
2023-03-14 08:39:01,526 [Thread-1673] INFO  server.GrpcServerProtocolClient (GrpcServerProtocolClient.java:close(102)) - s0 Close channels
2023-03-14 08:39:01,526 [s1-impl-thread2] INFO  server.RaftServer$Division (RaftServerImpl.java:lambda$close$4(466)) - s1@group-0A0E342D0A1A: shutdown
2023-03-14 08:39:01,526 [MiniRaftCluster-55] INFO  server.GrpcService (GrpcService.java:closeImpl(311)) - s1: shutdown server org.apache.ratis.grpc.server.GrpcClientProtocolService now
2023-03-14 08:39:01,527 [s1-impl-thread2] INFO  util.JmxRegister (JmxRegister.java:unregister(73)) - Successfully un-registered JMX Bean with object name Ratis:service=RaftServer,group=group-0A0E342D0A1A,id=s1
2023-03-14 08:39:01,527 [s1-impl-thread2] INFO  impl.RoleInfo (RoleInfo.java:shutdownFollowerState(110)) - s1: shutdown s1@group-0A0E342D0A1A-FollowerState
2023-03-14 08:39:01,527 [s1-impl-thread2] INFO  impl.StateMachineUpdater (StateMachineUpdater.java:stopAndJoin(154)) - s1@group-0A0E342D0A1A-StateMachineUpdater: set stopIndex = 0
2023-03-14 08:39:01,527 [s1-impl-thread2] INFO  server.RaftServer$Division (ServerState.java:close(414)) - s1@group-0A0E342D0A1A: applyIndex: 0
2023-03-14 08:39:01,528 [Thread-1674] INFO  server.GrpcServerProtocolClient (GrpcServerProtocolClient.java:close(102)) - s1 Close channels
2023-03-14 08:39:01,532 [s1@group-0A0E342D0A1A-FollowerState] INFO  impl.FollowerState (FollowerState.java:run(152)) - s1@group-0A0E342D0A1A-FollowerState was interrupted
2023-03-14 08:39:01,532 [Thread-1677] INFO  server.GrpcServerProtocolClient (GrpcServerProtocolClient.java:close(102)) - s1 Close channels
2023-03-14 08:39:01,535 [Thread-1678] INFO  server.GrpcServerProtocolClient (GrpcServerProtocolClient.java:close(102)) - s2 Close channels
2023-03-14 08:39:01,535 [s0-impl-thread2] INFO  server.RaftServer$Division (RaftServerImpl.java:lambda$close$4(466)) - s0@group-0A0E342D0A1A: shutdown
2023-03-14 08:39:01,535 [s0-impl-thread2] INFO  util.JmxRegister (JmxRegister.java:unregister(73)) - Successfully un-registered JMX Bean with object name Ratis:service=RaftServer,group=group-0A0E342D0A1A,id=s0
2023-03-14 08:39:01,535 [s0-impl-thread2] INFO  impl.RoleInfo (RoleInfo.java:shutdownFollowerState(110)) - s0: shutdown s0@group-0A0E342D0A1A-FollowerState
2023-03-14 08:39:01,535 [s0-impl-thread2] INFO  impl.StateMachineUpdater (StateMachineUpdater.java:stopAndJoin(154)) - s0@group-0A0E342D0A1A-StateMachineUpdater: set stopIndex = 0
2023-03-14 08:39:01,535 [s0@group-0A0E342D0A1A-FollowerState] INFO  impl.FollowerState (FollowerState.java:run(152)) - s0@group-0A0E342D0A1A-FollowerState was interrupted
2023-03-14 08:39:01,535 [s0-impl-thread2] INFO  server.RaftServer$Division (ServerState.java:close(414)) - s0@group-0A0E342D0A1A: applyIndex: 0
2023-03-14 08:39:01,536 [Thread-1675] INFO  server.GrpcServerProtocolClient (GrpcServerProtocolClient.java:close(102)) - s0 Close channels
2023-03-14 08:39:01,537 [Thread-1680] INFO  server.GrpcServerProtocolClient (GrpcServerProtocolClient.java:close(102)) - s2 Close channels
2023-03-14 08:39:01,537 [MiniRaftCluster-55] INFO  server.GrpcService (GrpcService.java:closeImpl(320)) - s1: shutdown server org.apache.ratis.grpc.server.GrpcClientProtocolService successfully
2023-03-14 08:39:01,537 [MiniRaftCluster-55] INFO  server.GrpcService (GrpcService.java:closeImpl(311)) - s1: shutdown server GrpcServerProtocolService now
2023-03-14 08:39:01,537 [MiniRaftCluster-55] INFO  server.GrpcService (GrpcService.java:closeImpl(320)) - s1: shutdown server GrpcServerProtocolService successfully
2023-03-14 08:39:01,537 [MiniRaftCluster-55] INFO  server.GrpcService (GrpcService.java:closeImpl(311)) - s1: shutdown server org.apache.ratis.grpc.server.GrpcAdminProtocolService now
2023-03-14 08:39:01,538 [MiniRaftCluster-55] INFO  server.GrpcService (GrpcService.java:closeImpl(320)) - s1: shutdown server org.apache.ratis.grpc.server.GrpcAdminProtocolService successfully
2023-03-14 08:39:02,245 [s0-impl-thread1] INFO  segmented.SegmentedRaftLogWorker (SegmentedRaftLogWorker.java:close(242)) - s0@group-050875D9256C-SegmentedRaftLogWorker close()
2023-03-14 08:39:02,269 [s2-impl-thread1] INFO  segmented.SegmentedRaftLogWorker (SegmentedRaftLogWorker.java:close(242)) - s2@group-050875D9256C-SegmentedRaftLogWorker close()
2023-03-14 08:39:02,269 [s1-impl-thread1] INFO  segmented.SegmentedRaftLogWorker (SegmentedRaftLogWorker.java:close(242)) - s1@group-050875D9256C-SegmentedRaftLogWorker close()
2023-03-14 08:39:02,365 [s2-impl-thread2] INFO  segmented.SegmentedRaftLogWorker (SegmentedRaftLogWorker.java:close(242)) - s2@group-0A0E342D0A1A-SegmentedRaftLogWorker close()
2023-03-14 08:39:02,417 [s0-impl-thread2] INFO  segmented.SegmentedRaftLogWorker (SegmentedRaftLogWorker.java:close(242)) - s0@group-0A0E342D0A1A-SegmentedRaftLogWorker close()
2023-03-14 08:39:02,440 [s1-impl-thread2] INFO  segmented.SegmentedRaftLogWorker (SegmentedRaftLogWorker.java:close(242)) - s1@group-0A0E342D0A1A-SegmentedRaftLogWorker close()
2023-03-14 08:39:02,440 [JvmPauseMonitor53] INFO  util.JvmPauseMonitor (JvmPauseMonitor.java:run(109)) - JvmPauseMonitor-s1: Stopped
2023-03-14 08:39:04,527 [Thread-1673] WARN  grpc.GrpcUtil (GrpcUtil.java:shutdownManagedChannel(223)) - Timed out gracefully shutting down connection: ManagedChannelOrphanWrapper{delegate=ManagedChannelImpl{logId=3443, target=localhost:46109}}. 
2023-03-14 08:39:04,528 [grpc-default-executor-7] INFO  server.GrpcLogAppender (GrpcLogAppender.java:onError(406)) - s2@group-0A0E342D0A1A->s0-GrpcLogAppender is already stopped
2023-03-14 08:39:04,528 [grpc-default-executor-0] WARN  server.GrpcServerProtocolService (LogUtils.java:warn(122)) - s0: APPEND_ENTRIES onError, lastRequest: null: org.apache.ratis.thirdparty.io.grpc.StatusRuntimeException: CANCELLED: client cancelled
2023-03-14 08:39:04,536 [Thread-1678] WARN  grpc.GrpcUtil (GrpcUtil.java:shutdownManagedChannel(223)) - Timed out gracefully shutting down connection: ManagedChannelOrphanWrapper{delegate=ManagedChannelImpl{logId=3413, target=localhost:40487}}. 
2023-03-14 08:39:04,536 [grpc-default-executor-7] INFO  server.GrpcLogAppender (GrpcLogAppender.java:onError(406)) - s0@group-050875D9256C->s2-GrpcLogAppender is already stopped
2023-03-14 08:39:04,536 [grpc-default-executor-0] WARN  server.GrpcServerProtocolService (LogUtils.java:warn(122)) - s2: APPEND_ENTRIES onError, lastRequest: null: org.apache.ratis.thirdparty.io.grpc.StatusRuntimeException: CANCELLED: client cancelled
2023-03-14 08:39:06,509 [Time-limited test] INFO  impl.MiniRaftCluster (MiniRaftCluster.java:shutdown(855)) - MiniRaftClusterWithGrpc shutdown completed
2023-03-14 08:39:06,509 [Time-limited test] INFO  impl.MiniRaftCluster (MiniRaftCluster.java:newRaftServer(382)) - newRaftServer: s0, group-050875D9256C:[s0|rpc:localhost:46109|admin:localhost:44341|client:localhost:45497|dataStream:localhost:44787|priority:0|startupRole:FOLLOWER, s1|rpc:localhost:38609|admin:localhost:36821|client:localhost:35433|dataStream:localhost:46383|priority:0|startupRole:FOLLOWER, s2|rpc:localhost:40487|admin:localhost:43753|client:localhost:39069|dataStream:localhost:42963|priority:0|startupRole:FOLLOWER], format? false
2023-03-14 08:39:06,509 [Time-limited test] INFO  server.RaftServer (ConfUtils.java:logGet(46)) - raft.rpc.type = GRPC (default)
2023-03-14 08:39:06,509 [Time-limited test] INFO  grpc.GrpcConfigKeys (ConfUtils.java:logFallback(53)) - raft.grpc.admin.host = null (fallback to raft.grpc.server.host)
2023-03-14 08:39:06,509 [Time-limited test] INFO  grpc.GrpcConfigKeys (ConfUtils.java:logGet(46)) - raft.grpc.admin.port = 44341 (custom)
2023-03-14 08:39:06,509 [Time-limited test] INFO  grpc.GrpcConfigKeys (ConfUtils.java:logFallback(53)) - raft.grpc.client.host = null (fallback to raft.grpc.server.host)
2023-03-14 08:39:06,509 [Time-limited test] INFO  grpc.GrpcConfigKeys (ConfUtils.java:logGet(46)) - raft.grpc.client.port = 45497 (custom)
2023-03-14 08:39:06,509 [Time-limited test] INFO  grpc.GrpcConfigKeys (ConfUtils.java:logGet(46)) - raft.grpc.server.host = null (default)
2023-03-14 08:39:06,509 [Time-limited test] INFO  grpc.GrpcConfigKeys (ConfUtils.java:logGet(46)) - raft.grpc.server.port = 46109 (custom)
2023-03-14 08:39:06,509 [Time-limited test] INFO  server.GrpcService (ConfUtils.java:logGet(46)) - raft.grpc.message.size.max = 64MB (=67108864) (default)
2023-03-14 08:39:06,509 [Time-limited test] INFO  server.RaftServerConfigKeys (ConfUtils.java:logGet(46)) - raft.server.log.appender.buffer.byte-limit = 4MB (=4194304) (default)
2023-03-14 08:39:06,509 [Time-limited test] INFO  server.GrpcService (ConfUtils.java:logGet(46)) - raft.grpc.flow.control.window = 1MB (=1048576) (default)
2023-03-14 08:39:06,509 [Time-limited test] INFO  server.RaftServerConfigKeys (ConfUtils.java:logGet(46)) - raft.server.rpc.request.timeout = 3000ms (default)
2023-03-14 08:39:06,509 [Time-limited test] INFO  grpc.GrpcConfigKeys (ConfUtils.java:logGet(46)) - raft.grpc.server.heartbeat.channel = true (default)
2023-03-14 08:39:06,509 [Time-limited test] INFO  grpc.GrpcConfigKeys (ConfUtils.java:logGet(46)) - raft.grpc.server.async.request.thread.pool.cached = true (default)
2023-03-14 08:39:06,509 [Time-limited test] INFO  grpc.GrpcConfigKeys (ConfUtils.java:logGet(46)) - raft.grpc.server.async.request.thread.pool.size = 32 (default)
2023-03-14 08:39:06,510 [Time-limited test] INFO  impl.DataStreamServerImpl (ConfUtils.java:logGet(46)) - raft.datastream.type = DISABLED (default)
2023-03-14 08:39:06,510 [Time-limited test] INFO  server.RaftServerConfigKeys (ConfUtils.java:logGet(46)) - raft.server.threadpool.proxy.cached = true (default)
2023-03-14 08:39:06,511 [Time-limited test] INFO  server.RaftServerConfigKeys (ConfUtils.java:logGet(46)) - raft.server.threadpool.proxy.size = 0 (default)
2023-03-14 08:39:06,511 [Time-limited test] INFO  server.RaftServerConfigKeys (ConfUtils.java:logGet(46)) - raft.server.rpc.slowness.timeout = 60s (default)
2023-03-14 08:39:06,511 [Time-limited test] INFO  server.RaftServerConfigKeys (ConfUtils.java:logGet(46)) - raft.server.leaderelection.leader.step-down.wait-time = 10s (default)
2023-03-14 08:39:06,511 [Time-limited test] INFO  server.RaftServerConfigKeys (ConfUtils.java:logGet(46)) - raft.server.storage.dir = [/home/runner/work/ratis/ratis/ratis-test/target/test/data/be523d36/MiniRaftClusterWithGrpca982f0d3/s0] (custom)
2023-03-14 08:39:06,511 [s0-impl-thread1] INFO  server.RaftServer (RaftServerProxy.java:initGroupDir(259)) - s0: found a subdirectory /home/runner/work/ratis/ratis/ratis-test/target/test/data/be523d36/MiniRaftClusterWithGrpca982f0d3/s0/45ed9be6-e5a1-49ad-9eda-050875d9256c
2023-03-14 08:39:06,512 [s0-impl-thread1] INFO  server.RaftServer (RaftServerProxy.java:initGroupDir(259)) - s0: found a subdirectory /home/runner/work/ratis/ratis/ratis-test/target/test/data/be523d36/MiniRaftClusterWithGrpca982f0d3/s0/ab4a3a41-8da3-47a2-af2d-0a0e342d0a1a
2023-03-14 08:39:06,512 [s0-impl-thread1] INFO  server.RaftServer (RaftServerProxy.java:addNew(99)) - s0: addNew group-0A0E342D0A1A:[] returns group-0A0E342D0A1A:java.util.concurrent.CompletableFuture@20141e[Not completed]
2023-03-14 08:39:06,512 [Time-limited test] INFO  server.RaftServer (RaftServerProxy.java:addNew(99)) - s0: addNew group-050875D9256C:[s0|rpc:localhost:46109|admin:localhost:44341|client:localhost:45497|dataStream:localhost:44787|priority:0|startupRole:FOLLOWER, s1|rpc:localhost:38609|admin:localhost:36821|client:localhost:35433|dataStream:localhost:46383|priority:0|startupRole:FOLLOWER, s2|rpc:localhost:40487|admin:localhost:43753|client:localhost:39069|dataStream:localhost:42963|priority:0|startupRole:FOLLOWER] returns group-050875D9256C:java.util.concurrent.CompletableFuture@3f24d7eb[Not completed]
2023-03-14 08:39:06,512 [Time-limited test] INFO  impl.MiniRaftCluster (MiniRaftCluster.java:newRaftServer(382)) - newRaftServer: s1, group-050875D9256C:[s0|rpc:localhost:46109|admin:localhost:44341|client:localhost:45497|dataStream:localhost:44787|priority:0|startupRole:FOLLOWER, s1|rpc:localhost:38609|admin:localhost:36821|client:localhost:35433|dataStream:localhost:46383|priority:0|startupRole:FOLLOWER, s2|rpc:localhost:40487|admin:localhost:43753|client:localhost:39069|dataStream:localhost:42963|priority:0|startupRole:FOLLOWER], format? false
2023-03-14 08:39:06,512 [Time-limited test] INFO  server.RaftServer (ConfUtils.java:logGet(46)) - raft.rpc.type = GRPC (default)
2023-03-14 08:39:06,512 [Time-limited test] INFO  grpc.GrpcConfigKeys (ConfUtils.java:logFallback(53)) - raft.grpc.admin.host = null (fallback to raft.grpc.server.host)
2023-03-14 08:39:06,512 [Time-limited test] INFO  grpc.GrpcConfigKeys (ConfUtils.java:logGet(46)) - raft.grpc.admin.port = 36821 (custom)
2023-03-14 08:39:06,512 [Time-limited test] INFO  grpc.GrpcConfigKeys (ConfUtils.java:logFallback(53)) - raft.grpc.client.host = null (fallback to raft.grpc.server.host)
2023-03-14 08:39:06,512 [Time-limited test] INFO  grpc.GrpcConfigKeys (ConfUtils.java:logGet(46)) - raft.grpc.client.port = 35433 (custom)
2023-03-14 08:39:06,512 [Time-limited test] INFO  grpc.GrpcConfigKeys (ConfUtils.java:logGet(46)) - raft.grpc.server.host = null (default)
2023-03-14 08:39:06,512 [Time-limited test] INFO  grpc.GrpcConfigKeys (ConfUtils.java:logGet(46)) - raft.grpc.server.port = 38609 (custom)
2023-03-14 08:39:06,512 [Time-limited test] INFO  server.GrpcService (ConfUtils.java:logGet(46)) - raft.grpc.message.size.max = 64MB (=67108864) (default)
2023-03-14 08:39:06,512 [Time-limited test] INFO  server.RaftServerConfigKeys (ConfUtils.java:logGet(46)) - raft.server.log.appender.buffer.byte-limit = 4MB (=4194304) (default)
2023-03-14 08:39:06,512 [Time-limited test] INFO  server.GrpcService (ConfUtils.java:logGet(46)) - raft.grpc.flow.control.window = 1MB (=1048576) (default)
2023-03-14 08:39:06,512 [Time-limited test] INFO  server.RaftServerConfigKeys (ConfUtils.java:logGet(46)) - raft.server.rpc.request.timeout = 3000ms (default)
2023-03-14 08:39:06,512 [Time-limited test] INFO  grpc.GrpcConfigKeys (ConfUtils.java:logGet(46)) - raft.grpc.server.heartbeat.channel = true (default)
2023-03-14 08:39:06,512 [Time-limited test] INFO  grpc.GrpcConfigKeys (ConfUtils.java:logGet(46)) - raft.grpc.server.async.request.thread.pool.cached = true (default)
2023-03-14 08:39:06,512 [Time-limited test] INFO  grpc.GrpcConfigKeys (ConfUtils.java:logGet(46)) - raft.grpc.server.async.request.thread.pool.size = 32 (default)
2023-03-14 08:39:06,513 [Time-limited test] INFO  impl.DataStreamServerImpl (ConfUtils.java:logGet(46)) - raft.datastream.type = DISABLED (default)
2023-03-14 08:39:06,513 [Time-limited test] INFO  server.RaftServerConfigKeys (ConfUtils.java:logGet(46)) - raft.server.threadpool.proxy.cached = true (default)
2023-03-14 08:39:06,513 [Time-limited test] INFO  server.RaftServerConfigKeys (ConfUtils.java:logGet(46)) - raft.server.threadpool.proxy.size = 0 (default)
2023-03-14 08:39:06,513 [Time-limited test] INFO  server.RaftServerConfigKeys (ConfUtils.java:logGet(46)) - raft.server.rpc.slowness.timeout = 60s (default)
2023-03-14 08:39:06,513 [Time-limited test] INFO  server.RaftServerConfigKeys (ConfUtils.java:logGet(46)) - raft.server.leaderelection.leader.step-down.wait-time = 10s (default)
2023-03-14 08:39:06,513 [Time-limited test] INFO  server.RaftServerConfigKeys (ConfUtils.java:logGet(46)) - raft.server.storage.dir = [/home/runner/work/ratis/ratis/ratis-test/target/test/data/be523d36/MiniRaftClusterWithGrpca982f0d3/s1] (custom)
2023-03-14 08:39:06,514 [s0-groupManagement] INFO  server.RaftServer$Division (RaftServerImpl.java:<init>(198)) - s0: new RaftServerImpl for group-0A0E342D0A1A:[] with BaseStateMachine:uninitialized
2023-03-14 08:39:06,514 [s0-groupManagement] INFO  server.RaftServerConfigKeys (ConfUtils.java:logGet(46)) - raft.server.rpc.timeout.min = 150ms (default)
2023-03-14 08:39:06,514 [s0-groupManagement] INFO  server.RaftServerConfigKeys (ConfUtils.java:logGet(46)) - raft.server.rpc.timeout.max = 300ms (default)
2023-03-14 08:39:06,514 [s0-groupManagement] INFO  server.RaftServerConfigKeys (ConfUtils.java:logGet(46)) - raft.server.rpc.sleep.time = 25ms (default)
2023-03-14 08:39:06,514 [s0-groupManagement] INFO  server.RaftServerConfigKeys (ConfUtils.java:logGet(46)) - raft.server.rpc.slowness.timeout = 60s (default)
2023-03-14 08:39:06,514 [s0-groupManagement] INFO  server.RaftServerConfigKeys (ConfUtils.java:logGet(46)) - raft.server.leaderelection.leader.step-down.wait-time = 10s (default)
2023-03-14 08:39:06,514 [s0-groupManagement] INFO  server.RaftServerConfigKeys (ConfUtils.java:logGet(46)) - raft.server.sleep.deviation.threshold = 300ms (default)
2023-03-14 08:39:06,514 [s0-groupManagement] INFO  server.RaftServer$Division (ServerState.java:<init>(113)) - s0@group-0A0E342D0A1A: ConfigurationManager, init=-1: peers:[]|listeners:[], old=null, confs=<EMPTY_MAP>
2023-03-14 08:39:06,514 [s0-groupManagement] INFO  server.RaftServerConfigKeys (ConfUtils.java:logGet(46)) - raft.server.notification.no-leader.timeout = 60s (default)
2023-03-14 08:39:06,514 [s0-groupManagement] INFO  server.RaftServerConfigKeys (ConfUtils.java:logGet(46)) - raft.server.read.timeout = 10s (default)
2023-03-14 08:39:06,514 [s0-groupManagement] INFO  server.RaftServerConfigKeys (ConfUtils.java:logGet(46)) - raft.server.retrycache.expirytime = 60s (default)
2023-03-14 08:39:06,514 [s0-groupManagement] INFO  server.RaftServerConfigKeys (ConfUtils.java:logGet(46)) - raft.server.retrycache.statistics.expirytime = 100μs (default)
2023-03-14 08:39:06,514 [s0-groupManagement] INFO  server.RaftServerConfigKeys (ConfUtils.java:logGet(46)) - raft.server.read.option = DEFAULT (default)
2023-03-14 08:39:06,515 [s0-groupManagement] INFO  server.RaftServerConfigKeys (ConfUtils.java:logGet(46)) - raft.server.log.appender.install.snapshot.enabled = true (default)
2023-03-14 08:39:06,515 [s0-groupManagement] INFO  server.RaftServerConfigKeys (ConfUtils.java:logGet(46)) - raft.server.threadpool.server.cached = true (default)
2023-03-14 08:39:06,515 [s0-groupManagement] INFO  server.RaftServerConfigKeys (ConfUtils.java:logGet(46)) - raft.server.threadpool.server.size = 0 (default)
2023-03-14 08:39:06,515 [s0-groupManagement] INFO  server.RaftServerConfigKeys (ConfUtils.java:logGet(46)) - raft.server.threadpool.client.cached = true (default)
2023-03-14 08:39:06,515 [s0-groupManagement] INFO  server.RaftServerConfigKeys (ConfUtils.java:logGet(46)) - raft.server.threadpool.client.size = 0 (default)
2023-03-14 08:39:06,515 [s0-groupManagement] INFO  server.RaftServer$Division (RaftServerImpl.java:<init>(198)) - s0: new RaftServerImpl for group-050875D9256C:[s0|rpc:localhost:46109|admin:localhost:44341|client:localhost:45497|dataStream:localhost:44787|priority:0|startupRole:FOLLOWER, s1|rpc:localhost:38609|admin:localhost:36821|client:localhost:35433|dataStream:localhost:46383|priority:0|startupRole:FOLLOWER, s2|rpc:localhost:40487|admin:localhost:43753|client:localhost:39069|dataStream:localhost:42963|priority:0|startupRole:FOLLOWER] with BaseStateMachine:uninitialized
2023-03-14 08:39:06,515 [s0-groupManagement] INFO  server.RaftServerConfigKeys (ConfUtils.java:logGet(46)) - raft.server.rpc.timeout.min = 150ms (default)
2023-03-14 08:39:06,515 [s0-groupManagement] INFO  server.RaftServerConfigKeys (ConfUtils.java:logGet(46)) - raft.server.rpc.timeout.max = 300ms (default)
2023-03-14 08:39:06,515 [s0-groupManagement] INFO  server.RaftServerConfigKeys (ConfUtils.java:logGet(46)) - raft.server.rpc.sleep.time = 25ms (default)
2023-03-14 08:39:06,515 [s0-groupManagement] INFO  server.RaftServerConfigKeys (ConfUtils.java:logGet(46)) - raft.server.rpc.slowness.timeout = 60s (default)
2023-03-14 08:39:06,515 [s0-groupManagement] INFO  server.RaftServerConfigKeys (ConfUtils.java:logGet(46)) - raft.server.leaderelection.leader.step-down.wait-time = 10s (default)
2023-03-14 08:39:06,515 [s0-groupManagement] INFO  server.RaftServerConfigKeys (ConfUtils.java:logGet(46)) - raft.server.sleep.deviation.threshold = 300ms (default)
2023-03-14 08:39:06,515 [s0-groupManagement] INFO  server.RaftServer$Division (ServerState.java:<init>(113)) - s0@group-050875D9256C: ConfigurationManager, init=-1: peers:[s0|rpc:localhost:46109|admin:localhost:44341|client:localhost:45497|dataStream:localhost:44787|priority:0|startupRole:FOLLOWER, s1|rpc:localhost:38609|admin:localhost:36821|client:localhost:35433|dataStream:localhost:46383|priority:0|startupRole:FOLLOWER, s2|rpc:localhost:40487|admin:localhost:43753|client:localhost:39069|dataStream:localhost:42963|priority:0|startupRole:FOLLOWER]|listeners:[], old=null, confs=<EMPTY_MAP>
2023-03-14 08:39:06,515 [s0-groupManagement] INFO  server.RaftServerConfigKeys (ConfUtils.java:logGet(46)) - raft.server.notification.no-leader.timeout = 60s (default)
2023-03-14 08:39:06,515 [s0-groupManagement] INFO  server.RaftServerConfigKeys (ConfUtils.java:logGet(46)) - raft.server.read.timeout = 10s (default)
2023-03-14 08:39:06,515 [s0-groupManagement] INFO  server.RaftServerConfigKeys (ConfUtils.java:logGet(46)) - raft.server.retrycache.expirytime = 60s (default)
2023-03-14 08:39:06,515 [s0-groupManagement] INFO  server.RaftServerConfigKeys (ConfUtils.java:logGet(46)) - raft.server.retrycache.statistics.expirytime = 100μs (default)
2023-03-14 08:39:06,515 [s0-groupManagement] INFO  server.RaftServerConfigKeys (ConfUtils.java:logGet(46)) - raft.server.read.option = DEFAULT (default)
2023-03-14 08:39:06,516 [s0-groupManagement] INFO  server.RaftServerConfigKeys (ConfUtils.java:logGet(46)) - raft.server.log.appender.install.snapshot.enabled = true (default)
2023-03-14 08:39:06,516 [s0-groupManagement] INFO  server.RaftServerConfigKeys (ConfUtils.java:logGet(46)) - raft.server.threadpool.server.cached = true (default)
2023-03-14 08:39:06,516 [s0-groupManagement] INFO  server.RaftServerConfigKeys (ConfUtils.java:logGet(46)) - raft.server.threadpool.server.size = 0 (default)
2023-03-14 08:39:06,516 [s0-groupManagement] INFO  server.RaftServerConfigKeys (ConfUtils.java:logGet(46)) - raft.server.threadpool.client.cached = true (default)
2023-03-14 08:39:06,516 [s0-groupManagement] INFO  server.RaftServerConfigKeys (ConfUtils.java:logGet(46)) - raft.server.threadpool.client.size = 0 (default)
2023-03-14 08:39:06,516 [s1-impl-thread1] INFO  server.RaftServer (RaftServerProxy.java:initGroupDir(259)) - s1: found a subdirectory /home/runner/work/ratis/ratis/ratis-test/target/test/data/be523d36/MiniRaftClusterWithGrpca982f0d3/s1/45ed9be6-e5a1-49ad-9eda-050875d9256c
2023-03-14 08:39:06,516 [s1-impl-thread1] INFO  server.RaftServer (RaftServerProxy.java:initGroupDir(259)) - s1: found a subdirectory /home/runner/work/ratis/ratis/ratis-test/target/test/data/be523d36/MiniRaftClusterWithGrpca982f0d3/s1/ab4a3a41-8da3-47a2-af2d-0a0e342d0a1a
2023-03-14 08:39:06,521 [s1-impl-thread1] INFO  server.RaftServer (RaftServerProxy.java:addNew(99)) - s1: addNew group-0A0E342D0A1A:[] returns group-0A0E342D0A1A:java.util.concurrent.CompletableFuture@21a67b82[Not completed]
2023-03-14 08:39:06,522 [Time-limited test] INFO  server.RaftServer (RaftServerProxy.java:addNew(99)) - s1: addNew group-050875D9256C:[s0|rpc:localhost:46109|admin:localhost:44341|client:localhost:45497|dataStream:localhost:44787|priority:0|startupRole:FOLLOWER, s1|rpc:localhost:38609|admin:localhost:36821|client:localhost:35433|dataStream:localhost:46383|priority:0|startupRole:FOLLOWER, s2|rpc:localhost:40487|admin:localhost:43753|client:localhost:39069|dataStream:localhost:42963|priority:0|startupRole:FOLLOWER] returns group-050875D9256C:java.util.concurrent.CompletableFuture@448d63db[Not completed]
2023-03-14 08:39:06,522 [Time-limited test] INFO  impl.MiniRaftCluster (MiniRaftCluster.java:newRaftServer(382)) - newRaftServer: s2, group-050875D9256C:[s0|rpc:localhost:46109|admin:localhost:44341|client:localhost:45497|dataStream:localhost:44787|priority:0|startupRole:FOLLOWER, s1|rpc:localhost:38609|admin:localhost:36821|client:localhost:35433|dataStream:localhost:46383|priority:0|startupRole:FOLLOWER, s2|rpc:localhost:40487|admin:localhost:43753|client:localhost:39069|dataStream:localhost:42963|priority:0|startupRole:FOLLOWER], format? false
2023-03-14 08:39:06,522 [Time-limited test] INFO  server.RaftServer (ConfUtils.java:logGet(46)) - raft.rpc.type = GRPC (default)
2023-03-14 08:39:06,522 [Time-limited test] INFO  grpc.GrpcConfigKeys (ConfUtils.java:logFallback(53)) - raft.grpc.admin.host = null (fallback to raft.grpc.server.host)
2023-03-14 08:39:06,522 [Time-limited test] INFO  grpc.GrpcConfigKeys (ConfUtils.java:logGet(46)) - raft.grpc.admin.port = 43753 (custom)
2023-03-14 08:39:06,522 [Time-limited test] INFO  grpc.GrpcConfigKeys (ConfUtils.java:logFallback(53)) - raft.grpc.client.host = null (fallback to raft.grpc.server.host)
2023-03-14 08:39:06,522 [Time-limited test] INFO  grpc.GrpcConfigKeys (ConfUtils.java:logGet(46)) - raft.grpc.client.port = 39069 (custom)
2023-03-14 08:39:06,522 [Time-limited test] INFO  grpc.GrpcConfigKeys (ConfUtils.java:logGet(46)) - raft.grpc.server.host = null (default)
2023-03-14 08:39:06,522 [Time-limited test] INFO  grpc.GrpcConfigKeys (ConfUtils.java:logGet(46)) - raft.grpc.server.port = 40487 (custom)
2023-03-14 08:39:06,522 [Time-limited test] INFO  server.GrpcService (ConfUtils.java:logGet(46)) - raft.grpc.message.size.max = 64MB (=67108864) (default)
2023-03-14 08:39:06,522 [Time-limited test] INFO  server.RaftServerConfigKeys (ConfUtils.java:logGet(46)) - raft.server.log.appender.buffer.byte-limit = 4MB (=4194304) (default)
2023-03-14 08:39:06,522 [Time-limited test] INFO  server.GrpcService (ConfUtils.java:logGet(46)) - raft.grpc.flow.control.window = 1MB (=1048576) (default)
2023-03-14 08:39:06,522 [Time-limited test] INFO  server.RaftServerConfigKeys (ConfUtils.java:logGet(46)) - raft.server.rpc.request.timeout = 3000ms (default)
2023-03-14 08:39:06,522 [Time-limited test] INFO  grpc.GrpcConfigKeys (ConfUtils.java:logGet(46)) - raft.grpc.server.heartbeat.channel = true (default)
2023-03-14 08:39:06,522 [Time-limited test] INFO  grpc.GrpcConfigKeys (ConfUtils.java:logGet(46)) - raft.grpc.server.async.request.thread.pool.cached = true (default)
2023-03-14 08:39:06,522 [Time-limited test] INFO  grpc.GrpcConfigKeys (ConfUtils.java:logGet(46)) - raft.grpc.server.async.request.thread.pool.size = 32 (default)
2023-03-14 08:39:06,522 [s1-groupManagement] INFO  server.RaftServer$Division (RaftServerImpl.java:<init>(198)) - s1: new RaftServerImpl for group-0A0E342D0A1A:[] with BaseStateMachine:uninitialized
2023-03-14 08:39:06,523 [s1-groupManagement] INFO  server.RaftServerConfigKeys (ConfUtils.java:logGet(46)) - raft.server.rpc.timeout.min = 150ms (default)
2023-03-14 08:39:06,523 [s1-groupManagement] INFO  server.RaftServerConfigKeys (ConfUtils.java:logGet(46)) - raft.server.rpc.timeout.max = 300ms (default)
2023-03-14 08:39:06,523 [s1-groupManagement] INFO  server.RaftServerConfigKeys (ConfUtils.java:logGet(46)) - raft.server.rpc.sleep.time = 25ms (default)
2023-03-14 08:39:06,523 [s1-groupManagement] INFO  server.RaftServerConfigKeys (ConfUtils.java:logGet(46)) - raft.server.rpc.slowness.timeout = 60s (default)
2023-03-14 08:39:06,523 [s1-groupManagement] INFO  server.RaftServerConfigKeys (ConfUtils.java:logGet(46)) - raft.server.leaderelection.leader.step-down.wait-time = 10s (default)
2023-03-14 08:39:06,523 [s1-groupManagement] INFO  server.RaftServerConfigKeys (ConfUtils.java:logGet(46)) - raft.server.sleep.deviation.threshold = 300ms (default)
2023-03-14 08:39:06,523 [s1-groupManagement] INFO  server.RaftServer$Division (ServerState.java:<init>(113)) - s1@group-0A0E342D0A1A: ConfigurationManager, init=-1: peers:[]|listeners:[], old=null, confs=<EMPTY_MAP>
2023-03-14 08:39:06,523 [s1-groupManagement] INFO  server.RaftServerConfigKeys (ConfUtils.java:logGet(46)) - raft.server.notification.no-leader.timeout = 60s (default)
2023-03-14 08:39:06,523 [s1-groupManagement] INFO  server.RaftServerConfigKeys (ConfUtils.java:logGet(46)) - raft.server.read.timeout = 10s (default)
2023-03-14 08:39:06,523 [s1-groupManagement] INFO  server.RaftServerConfigKeys (ConfUtils.java:logGet(46)) - raft.server.retrycache.expirytime = 60s (default)
2023-03-14 08:39:06,523 [s1-groupManagement] INFO  server.RaftServerConfigKeys (ConfUtils.java:logGet(46)) - raft.server.retrycache.statistics.expirytime = 100μs (default)
2023-03-14 08:39:06,523 [s1-groupManagement] INFO  server.RaftServerConfigKeys (ConfUtils.java:logGet(46)) - raft.server.read.option = DEFAULT (default)
2023-03-14 08:39:06,524 [s1-groupManagement] INFO  server.RaftServerConfigKeys (ConfUtils.java:logGet(46)) - raft.server.log.appender.install.snapshot.enabled = true (default)
2023-03-14 08:39:06,524 [s1-groupManagement] INFO  server.RaftServerConfigKeys (ConfUtils.java:logGet(46)) - raft.server.threadpool.server.cached = true (default)
2023-03-14 08:39:06,524 [s1-groupManagement] INFO  server.RaftServerConfigKeys (ConfUtils.java:logGet(46)) - raft.server.threadpool.server.size = 0 (default)
2023-03-14 08:39:06,524 [s1-groupManagement] INFO  server.RaftServerConfigKeys (ConfUtils.java:logGet(46)) - raft.server.threadpool.client.cached = true (default)
2023-03-14 08:39:06,524 [s1-groupManagement] INFO  server.RaftServerConfigKeys (ConfUtils.java:logGet(46)) - raft.server.threadpool.client.size = 0 (default)
2023-03-14 08:39:06,524 [s1-groupManagement] INFO  server.RaftServer$Division (RaftServerImpl.java:<init>(198)) - s1: new RaftServerImpl for group-050875D9256C:[s0|rpc:localhost:46109|admin:localhost:44341|client:localhost:45497|dataStream:localhost:44787|priority:0|startupRole:FOLLOWER, s1|rpc:localhost:38609|admin:localhost:36821|client:localhost:35433|dataStream:localhost:46383|priority:0|startupRole:FOLLOWER, s2|rpc:localhost:40487|admin:localhost:43753|client:localhost:39069|dataStream:localhost:42963|priority:0|startupRole:FOLLOWER] with BaseStateMachine:uninitialized
2023-03-14 08:39:06,524 [s1-groupManagement] INFO  server.RaftServerConfigKeys (ConfUtils.java:logGet(46)) - raft.server.rpc.timeout.min = 150ms (default)
2023-03-14 08:39:06,524 [s1-groupManagement] INFO  server.RaftServerConfigKeys (ConfUtils.java:logGet(46)) - raft.server.rpc.timeout.max = 300ms (default)
2023-03-14 08:39:06,524 [s1-groupManagement] INFO  server.RaftServerConfigKeys (ConfUtils.java:logGet(46)) - raft.server.rpc.sleep.time = 25ms (default)
2023-03-14 08:39:06,524 [s1-groupManagement] INFO  server.RaftServerConfigKeys (ConfUtils.java:logGet(46)) - raft.server.rpc.slowness.timeout = 60s (default)
2023-03-14 08:39:06,524 [s1-groupManagement] INFO  server.RaftServerConfigKeys (ConfUtils.java:logGet(46)) - raft.server.leaderelection.leader.step-down.wait-time = 10s (default)
2023-03-14 08:39:06,524 [s1-groupManagement] INFO  server.RaftServerConfigKeys (ConfUtils.java:logGet(46)) - raft.server.sleep.deviation.threshold = 300ms (default)
2023-03-14 08:39:06,524 [s1-groupManagement] INFO  server.RaftServer$Division (ServerState.java:<init>(113)) - s1@group-050875D9256C: ConfigurationManager, init=-1: peers:[s0|rpc:localhost:46109|admin:localhost:44341|client:localhost:45497|dataStream:localhost:44787|priority:0|startupRole:FOLLOWER, s1|rpc:localhost:38609|admin:localhost:36821|client:localhost:35433|dataStream:localhost:46383|priority:0|startupRole:FOLLOWER, s2|rpc:localhost:40487|admin:localhost:43753|client:localhost:39069|dataStream:localhost:42963|priority:0|startupRole:FOLLOWER]|listeners:[], old=null, confs=<EMPTY_MAP>
2023-03-14 08:39:06,524 [s1-groupManagement] INFO  server.RaftServerConfigKeys (ConfUtils.java:logGet(46)) - raft.server.notification.no-leader.timeout = 60s (default)
2023-03-14 08:39:06,524 [s1-groupManagement] INFO  server.RaftServerConfigKeys (ConfUtils.java:logGet(46)) - raft.server.read.timeout = 10s (default)
2023-03-14 08:39:06,524 [s1-groupManagement] INFO  server.RaftServerConfigKeys (ConfUtils.java:logGet(46)) - raft.server.retrycache.expirytime = 60s (default)
2023-03-14 08:39:06,524 [s1-groupManagement] INFO  server.RaftServerConfigKeys (ConfUtils.java:logGet(46)) - raft.server.retrycache.statistics.expirytime = 100μs (default)
2023-03-14 08:39:06,524 [s1-groupManagement] INFO  server.RaftServerConfigKeys (ConfUtils.java:logGet(46)) - raft.server.read.option = DEFAULT (default)
2023-03-14 08:39:06,525 [s1-groupManagement] INFO  server.RaftServerConfigKeys (ConfUtils.java:logGet(46)) - raft.server.log.appender.install.snapshot.enabled = true (default)
2023-03-14 08:39:06,525 [s1-groupManagement] INFO  server.RaftServerConfigKeys (ConfUtils.java:logGet(46)) - raft.server.threadpool.server.cached = true (default)
2023-03-14 08:39:06,525 [s1-groupManagement] INFO  server.RaftServerConfigKeys (ConfUtils.java:logGet(46)) - raft.server.threadpool.server.size = 0 (default)
2023-03-14 08:39:06,525 [s1-groupManagement] INFO  server.RaftServerConfigKeys (ConfUtils.java:logGet(46)) - raft.server.threadpool.client.cached = true (default)
2023-03-14 08:39:06,525 [s1-groupManagement] INFO  server.RaftServerConfigKeys (ConfUtils.java:logGet(46)) - raft.server.threadpool.client.size = 0 (default)
2023-03-14 08:39:06,527 [Time-limited test] INFO  impl.DataStreamServerImpl (ConfUtils.java:logGet(46)) - raft.datastream.type = DISABLED (default)
2023-03-14 08:39:06,527 [Time-limited test] INFO  server.RaftServerConfigKeys (ConfUtils.java:logGet(46)) - raft.server.threadpool.proxy.cached = true (default)
2023-03-14 08:39:06,527 [Time-limited test] INFO  server.RaftServerConfigKeys (ConfUtils.java:logGet(46)) - raft.server.threadpool.proxy.size = 0 (default)
2023-03-14 08:39:06,527 [Time-limited test] INFO  server.RaftServerConfigKeys (ConfUtils.java:logGet(46)) - raft.server.rpc.slowness.timeout = 60s (default)
2023-03-14 08:39:06,527 [Time-limited test] INFO  server.RaftServerConfigKeys (ConfUtils.java:logGet(46)) - raft.server.leaderelection.leader.step-down.wait-time = 10s (default)
2023-03-14 08:39:06,527 [Time-limited test] INFO  server.RaftServerConfigKeys (ConfUtils.java:logGet(46)) - raft.server.storage.dir = [/home/runner/work/ratis/ratis/ratis-test/target/test/data/be523d36/MiniRaftClusterWithGrpca982f0d3/s2] (custom)
2023-03-14 08:39:06,529 [s2-impl-thread1] INFO  server.RaftServer (RaftServerProxy.java:initGroupDir(259)) - s2: found a subdirectory /home/runner/work/ratis/ratis/ratis-test/target/test/data/be523d36/MiniRaftClusterWithGrpca982f0d3/s2/45ed9be6-e5a1-49ad-9eda-050875d9256c
2023-03-14 08:39:06,529 [s2-impl-thread1] INFO  server.RaftServer (RaftServerProxy.java:initGroupDir(259)) - s2: found a subdirectory /home/runner/work/ratis/ratis/ratis-test/target/test/data/be523d36/MiniRaftClusterWithGrpca982f0d3/s2/ab4a3a41-8da3-47a2-af2d-0a0e342d0a1a
2023-03-14 08:39:06,530 [s2-impl-thread1] INFO  server.RaftServer (RaftServerProxy.java:addNew(99)) - s2: addNew group-0A0E342D0A1A:[] returns group-0A0E342D0A1A:java.util.concurrent.CompletableFuture@5ef91f17[Not completed]
2023-03-14 08:39:06,530 [Time-limited test] INFO  server.RaftServer (RaftServerProxy.java:addNew(99)) - s2: addNew group-050875D9256C:[s0|rpc:localhost:46109|admin:localhost:44341|client:localhost:45497|dataStream:localhost:44787|priority:0|startupRole:FOLLOWER, s1|rpc:localhost:38609|admin:localhost:36821|client:localhost:35433|dataStream:localhost:46383|priority:0|startupRole:FOLLOWER, s2|rpc:localhost:40487|admin:localhost:43753|client:localhost:39069|dataStream:localhost:42963|priority:0|startupRole:FOLLOWER] returns group-050875D9256C:java.util.concurrent.CompletableFuture@6b0ad9d4[Not completed]
2023-03-14 08:39:06,530 [Time-limited test] INFO  impl.MiniRaftCluster (MiniRaftCluster.java:start(339)) - .............................................................. 
2023-03-14 08:39:06,530 [Time-limited test] INFO  impl.MiniRaftCluster (MiniRaftCluster.java:start(340)) - ... 
2023-03-14 08:39:06,530 [Time-limited test] INFO  impl.MiniRaftCluster (MiniRaftCluster.java:start(341)) - ...     Starting MiniRaftClusterWithGrpc
2023-03-14 08:39:06,530 [Time-limited test] INFO  impl.MiniRaftCluster (MiniRaftCluster.java:start(342)) - ... 
2023-03-14 08:39:06,530 [Time-limited test] INFO  impl.MiniRaftCluster (MiniRaftCluster.java:start(343)) - .............................................................. 
2023-03-14 08:39:06,530 [Time-limited test] INFO  impl.MiniRaftCluster (MiniRaftCluster.java:initServers(318)) - servers = {s0=s0:      NEW [
       null s0@group-050875D9256C:t0, leader=null, voted=null, raftlog=UNINITIALIZED, conf=-1: peers:[s0|rpc:localhost:46109|admin:localhost:44341|client:localhost:45497|dataStream:localhost:44787|priority:0|startupRole:FOLLOWER, s1|rpc:localhost:38609|admin:localhost:36821|client:localhost:35433|dataStream:localhost:46383|priority:0|startupRole:FOLLOWER, s2|rpc:localhost:40487|admin:localhost:43753|client:localhost:39069|dataStream:localhost:42963|priority:0|startupRole:FOLLOWER]|listeners:[], old=null NEW
       null s0@group-0A0E342D0A1A:t0, leader=null, voted=null, raftlog=UNINITIALIZED, conf=-1: peers:[]|listeners:[], old=null NEW] size=2, s1=s1:      NEW [
       null s1@group-050875D9256C:t0, leader=null, voted=null, raftlog=UNINITIALIZED, conf=-1: peers:[s0|rpc:localhost:46109|admin:localhost:44341|client:localhost:45497|dataStream:localhost:44787|priority:0|startupRole:FOLLOWER, s1|rpc:localhost:38609|admin:localhost:36821|client:localhost:35433|dataStream:localhost:46383|priority:0|startupRole:FOLLOWER, s2|rpc:localhost:40487|admin:localhost:43753|client:localhost:39069|dataStream:localhost:42963|priority:0|startupRole:FOLLOWER]|listeners:[], old=null NEW
       null s1@group-0A0E342D0A1A:t0, leader=null, voted=null, raftlog=UNINITIALIZED, conf=-1: peers:[]|listeners:[], old=null NEW] size=2, s2=s2:      NEW [
  group-050875D9256C:java.util.concurrent.CompletableFuture@6b0ad9d4[Not completed]
  group-0A0E342D0A1A:java.util.concurrent.CompletableFuture@5ef91f17[Not completed]] size=2}
2023-03-14 08:39:06,530 [s0-impl-thread1] INFO  server.RaftServerConfigKeys (ConfUtils.java:logGet(46)) - raft.server.storage.free-space.min = 0MB (=0) (default)
2023-03-14 08:39:06,530 [s0-impl-thread1] INFO  server.RaftServerConfigKeys (ConfUtils.java:logGet(46)) - raft.server.log.corruption.policy = EXCEPTION (default)
2023-03-14 08:39:06,530 [s0-impl-thread1] INFO  server.RaftServerConfigKeys (ConfUtils.java:logGet(46)) - raft.server.storage.dir = [/home/runner/work/ratis/ratis/ratis-test/target/test/data/be523d36/MiniRaftClusterWithGrpca982f0d3/s0] (custom)
2023-03-14 08:39:06,530 [s2-groupManagement] INFO  server.RaftServer$Division (RaftServerImpl.java:<init>(198)) - s2: new RaftServerImpl for group-0A0E342D0A1A:[] with BaseStateMachine:uninitialized
2023-03-14 08:39:06,531 [s2-groupManagement] INFO  server.RaftServerConfigKeys (ConfUtils.java:logGet(46)) - raft.server.rpc.timeout.min = 150ms (default)
2023-03-14 08:39:06,531 [s2-groupManagement] INFO  server.RaftServerConfigKeys (ConfUtils.java:logGet(46)) - raft.server.rpc.timeout.max = 300ms (default)
2023-03-14 08:39:06,531 [s2-groupManagement] INFO  server.RaftServerConfigKeys (ConfUtils.java:logGet(46)) - raft.server.rpc.sleep.time = 25ms (default)
2023-03-14 08:39:06,531 [s2-groupManagement] INFO  server.RaftServerConfigKeys (ConfUtils.java:logGet(46)) - raft.server.rpc.slowness.timeout = 60s (default)
2023-03-14 08:39:06,531 [s2-groupManagement] INFO  server.RaftServerConfigKeys (ConfUtils.java:logGet(46)) - raft.server.leaderelection.leader.step-down.wait-time = 10s (default)
2023-03-14 08:39:06,531 [s2-groupManagement] INFO  server.RaftServerConfigKeys (ConfUtils.java:logGet(46)) - raft.server.sleep.deviation.threshold = 300ms (default)
2023-03-14 08:39:06,531 [s2-groupManagement] INFO  server.RaftServer$Division (ServerState.java:<init>(113)) - s2@group-0A0E342D0A1A: ConfigurationManager, init=-1: peers:[]|listeners:[], old=null, confs=<EMPTY_MAP>
2023-03-14 08:39:06,531 [s0-impl-thread1] INFO  storage.RaftStorageDirectory (RaftStorageDirectoryImpl.java:tryLock(232)) - Lock on /home/runner/work/ratis/ratis/ratis-test/target/test/data/be523d36/MiniRaftClusterWithGrpca982f0d3/s0/45ed9be6-e5a1-49ad-9eda-050875d9256c/in_use.lock acquired by nodename 10435@fv-az41-628
2023-03-14 08:39:06,532 [s0-impl-thread1] INFO  storage.RaftStorage (RaftStorageImpl.java:analyzeAndRecoverStorage(117)) - Read RaftStorageMetadata{term=1, votedFor=s0} from /home/runner/work/ratis/ratis/ratis-test/target/test/data/be523d36/MiniRaftClusterWithGrpca982f0d3/s0/45ed9be6-e5a1-49ad-9eda-050875d9256c/current/raft-meta
2023-03-14 08:39:06,532 [s0-impl-thread1] INFO  server.RaftServer$Division (ServerState.java:setRaftConf(378)) - s0@group-050875D9256C: set configuration 0: peers:[s0|rpc:localhost:46109|admin:localhost:44341|client:localhost:45497|dataStream:localhost:44787|priority:0|startupRole:FOLLOWER, s1|rpc:localhost:38609|admin:localhost:36821|client:localhost:35433|dataStream:localhost:46383|priority:0|startupRole:FOLLOWER, s2|rpc:localhost:40487|admin:localhost:43753|client:localhost:39069|dataStream:localhost:42963|priority:0|startupRole:FOLLOWER]|listeners:[], old=null
2023-03-14 08:39:06,533 [s0-impl-thread1] INFO  server.RaftServerConfigKeys (ConfUtils.java:logGet(46)) - raft.server.log.use.memory = false (default)
2023-03-14 08:39:06,533 [s0-impl-thread1] INFO  server.RaftServerConfigKeys (ConfUtils.java:logGet(46)) - raft.server.log.purge.gap = 1024 (default)
2023-03-14 08:39:06,533 [s0-impl-thread1] INFO  server.RaftServerConfigKeys (ConfUtils.java:logGet(46)) - raft.server.log.appender.buffer.byte-limit = 4MB (=4194304) (default)
2023-03-14 08:39:06,533 [s0-impl-thread1] INFO  server.RaftServerConfigKeys (ConfUtils.java:logGet(46)) - raft.server.log.statemachine.data.read.timeout = 1000ms (default)
2023-03-14 08:39:06,533 [s0-impl-thread1] INFO  server.RaftServerConfigKeys (ConfUtils.java:logGet(46)) - raft.server.log.purge.preservation.log.num = 0 (default)
2023-03-14 08:39:06,533 [s0-impl-thread1] INFO  server.RaftServerConfigKeys (ConfUtils.java:logGet(46)) - raft.server.log.segment.size.max = 8MB (=8388608) (default)
2023-03-14 08:39:06,533 [s0-impl-thread1] INFO  server.RaftServerConfigKeys (ConfUtils.java:logGet(46)) - raft.server.log.segment.cache.num.max = 6 (default)
2023-03-14 08:39:06,533 [s0-impl-thread1] INFO  server.RaftServerConfigKeys (ConfUtils.java:logGet(46)) - raft.server.log.segment.cache.size.max = 200MB (=209715200) (default)
2023-03-14 08:39:06,533 [s0-impl-thread1] INFO  server.RaftServerConfigKeys (ConfUtils.java:logGet(46)) - raft.server.log.appender.buffer.byte-limit = 4MB (=4194304) (default)
2023-03-14 08:39:06,533 [s0-impl-thread1] INFO  segmented.SegmentedRaftLogWorker (SegmentedRaftLogWorker.java:<init>(183)) - new s0@group-050875D9256C-SegmentedRaftLogWorker for RaftStorageImpl:Storage Directory /home/runner/work/ratis/ratis/ratis-test/target/test/data/be523d36/MiniRaftClusterWithGrpca982f0d3/s0/45ed9be6-e5a1-49ad-9eda-050875d9256c
2023-03-14 08:39:06,533 [s0-impl-thread1] INFO  server.RaftServerConfigKeys (ConfUtils.java:logGet(46)) - raft.server.log.queue.byte-limit = 64MB (=67108864) (default)
2023-03-14 08:39:06,533 [s0-impl-thread1] INFO  server.RaftServerConfigKeys (ConfUtils.java:logGet(46)) - raft.server.log.queue.element-limit = 4096 (default)
2023-03-14 08:39:06,533 [s0-impl-thread1] INFO  server.RaftServerConfigKeys (ConfUtils.java:logGet(46)) - raft.server.log.segment.size.max = 8MB (=8388608) (default)
2023-03-14 08:39:06,533 [s0-impl-thread1] INFO  server.RaftServerConfigKeys (ConfUtils.java:logGet(46)) - raft.server.log.preallocated.size = 4MB (=4194304) (default)
2023-03-14 08:39:06,533 [s0-impl-thread1] INFO  server.RaftServerConfigKeys (ConfUtils.java:logGet(46)) - raft.server.log.force.sync.num = 128 (default)
2023-03-14 08:39:06,533 [s0-impl-thread1] INFO  server.RaftServerConfigKeys (ConfUtils.java:logGet(46)) - raft.server.log.statemachine.data.sync = true (default)
2023-03-14 08:39:06,533 [s0-impl-thread1] INFO  server.RaftServerConfigKeys (ConfUtils.java:logGet(46)) - raft.server.log.statemachine.data.sync.timeout = 10s (default)
2023-03-14 08:39:06,533 [s0-impl-thread1] INFO  server.RaftServerConfigKeys (ConfUtils.java:logGet(46)) - raft.server.log.statemachine.data.sync.timeout.retry = -1 (default)
2023-03-14 08:39:06,533 [s0-impl-thread1] INFO  server.RaftServerConfigKeys (ConfUtils.java:logGet(46)) - raft.server.log.write.buffer.size = 64KB (=65536) (default)
2023-03-14 08:39:06,533 [s0-impl-thread1] INFO  server.RaftServerConfigKeys (ConfUtils.java:logGet(46)) - raft.server.log.appender.buffer.byte-limit = 4MB (=4194304) (default)
2023-03-14 08:39:06,534 [s0-impl-thread1] INFO  server.RaftServerConfigKeys (ConfUtils.java:logGet(46)) - raft.server.log.unsafe-flush.enabled = false (default)
2023-03-14 08:39:06,534 [s0-impl-thread1] INFO  server.RaftServerConfigKeys (ConfUtils.java:logGet(46)) - raft.server.log.async-flush.enabled = false (default)
2023-03-14 08:39:06,534 [s0-impl-thread1] INFO  server.RaftServerConfigKeys (ConfUtils.java:logGet(46)) - raft.server.log.statemachine.data.caching.enabled = false (default)
2023-03-14 08:39:06,538 [s0-impl-thread1] INFO  server.RaftServer$Division (ServerState.java:setRaftConf(378)) - s0@group-050875D9256C: set configuration 0: peers:[s0|rpc:localhost:46109|admin:localhost:44341|client:localhost:45497|dataStream:localhost:44787|priority:0|startupRole:FOLLOWER, s1|rpc:localhost:38609|admin:localhost:36821|client:localhost:35433|dataStream:localhost:46383|priority:0|startupRole:FOLLOWER, s2|rpc:localhost:40487|admin:localhost:43753|client:localhost:39069|dataStream:localhost:42963|priority:0|startupRole:FOLLOWER]|listeners:[], old=null
2023-03-14 08:39:06,538 [s0-impl-thread1] INFO  segmented.LogSegment (LogSegment.java:loadSegment(170)) - Successfully read 1 entries from segment file /home/runner/work/ratis/ratis/ratis-test/target/test/data/be523d36/MiniRaftClusterWithGrpca982f0d3/s0/45ed9be6-e5a1-49ad-9eda-050875d9256c/current/log_inprogress_0
2023-03-14 08:39:06,538 [s0-impl-thread1] INFO  segmented.SegmentedRaftLogWorker (SegmentedRaftLogWorker.java:lambda$new$0(134)) - s0@group-050875D9256C-SegmentedRaftLogWorker: safeCacheEvictIndex: setUnconditionally 0 -> -1
2023-03-14 08:39:06,538 [s2-groupManagement] INFO  server.RaftServerConfigKeys (ConfUtils.java:logGet(46)) - raft.server.notification.no-leader.timeout = 60s (default)
2023-03-14 08:39:06,538 [s2-groupManagement] INFO  server.RaftServerConfigKeys (ConfUtils.java:logGet(46)) - raft.server.read.timeout = 10s (default)
2023-03-14 08:39:06,538 [s2-groupManagement] INFO  server.RaftServerConfigKeys (ConfUtils.java:logGet(46)) - raft.server.retrycache.expirytime = 60s (default)
2023-03-14 08:39:06,538 [s2-groupManagement] INFO  server.RaftServerConfigKeys (ConfUtils.java:logGet(46)) - raft.server.retrycache.statistics.expirytime = 100μs (default)
2023-03-14 08:39:06,538 [s2-groupManagement] INFO  server.RaftServerConfigKeys (ConfUtils.java:logGet(46)) - raft.server.read.option = DEFAULT (default)
2023-03-14 08:39:06,539 [s2-groupManagement] INFO  server.RaftServerConfigKeys (ConfUtils.java:logGet(46)) - raft.server.log.appender.install.snapshot.enabled = true (default)
2023-03-14 08:39:06,539 [s2-groupManagement] INFO  server.RaftServerConfigKeys (ConfUtils.java:logGet(46)) - raft.server.threadpool.server.cached = true (default)
2023-03-14 08:39:06,539 [s2-groupManagement] INFO  server.RaftServerConfigKeys (ConfUtils.java:logGet(46)) - raft.server.threadpool.server.size = 0 (default)
2023-03-14 08:39:06,539 [s2-groupManagement] INFO  server.RaftServerConfigKeys (ConfUtils.java:logGet(46)) - raft.server.threadpool.client.cached = true (default)
2023-03-14 08:39:06,539 [s2-groupManagement] INFO  server.RaftServerConfigKeys (ConfUtils.java:logGet(46)) - raft.server.threadpool.client.size = 0 (default)
2023-03-14 08:39:06,539 [s2-groupManagement] INFO  server.RaftServer$Division (RaftServerImpl.java:<init>(198)) - s2: new RaftServerImpl for group-050875D9256C:[s0|rpc:localhost:46109|admin:localhost:44341|client:localhost:45497|dataStream:localhost:44787|priority:0|startupRole:FOLLOWER, s1|rpc:localhost:38609|admin:localhost:36821|client:localhost:35433|dataStream:localhost:46383|priority:0|startupRole:FOLLOWER, s2|rpc:localhost:40487|admin:localhost:43753|client:localhost:39069|dataStream:localhost:42963|priority:0|startupRole:FOLLOWER] with BaseStateMachine:uninitialized
2023-03-14 08:39:06,539 [s2-groupManagement] INFO  server.RaftServerConfigKeys (ConfUtils.java:logGet(46)) - raft.server.rpc.timeout.min = 150ms (default)
2023-03-14 08:39:06,539 [s2-groupManagement] INFO  server.RaftServerConfigKeys (ConfUtils.java:logGet(46)) - raft.server.rpc.timeout.max = 300ms (default)
2023-03-14 08:39:06,539 [s2-groupManagement] INFO  server.RaftServerConfigKeys (ConfUtils.java:logGet(46)) - raft.server.rpc.sleep.time = 25ms (default)
2023-03-14 08:39:06,539 [s2-groupManagement] INFO  server.RaftServerConfigKeys (ConfUtils.java:logGet(46)) - raft.server.rpc.slowness.timeout = 60s (default)
2023-03-14 08:39:06,539 [s2-groupManagement] INFO  server.RaftServerConfigKeys (ConfUtils.java:logGet(46)) - raft.server.leaderelection.leader.step-down.wait-time = 10s (default)
2023-03-14 08:39:06,539 [s2-groupManagement] INFO  server.RaftServerConfigKeys (ConfUtils.java:logGet(46)) - raft.server.sleep.deviation.threshold = 300ms (default)
2023-03-14 08:39:06,539 [s2-groupManagement] INFO  server.RaftServer$Division (ServerState.java:<init>(113)) - s2@group-050875D9256C: ConfigurationManager, init=-1: peers:[s0|rpc:localhost:46109|admin:localhost:44341|client:localhost:45497|dataStream:localhost:44787|priority:0|startupRole:FOLLOWER, s1|rpc:localhost:38609|admin:localhost:36821|client:localhost:35433|dataStream:localhost:46383|priority:0|startupRole:FOLLOWER, s2|rpc:localhost:40487|admin:localhost:43753|client:localhost:39069|dataStream:localhost:42963|priority:0|startupRole:FOLLOWER]|listeners:[], old=null, confs=<EMPTY_MAP>
2023-03-14 08:39:06,539 [s2-groupManagement] INFO  server.RaftServerConfigKeys (ConfUtils.java:logGet(46)) - raft.server.notification.no-leader.timeout = 60s (default)
2023-03-14 08:39:06,539 [s2-groupManagement] INFO  server.RaftServerConfigKeys (ConfUtils.java:logGet(46)) - raft.server.read.timeout = 10s (default)
2023-03-14 08:39:06,539 [s2-groupManagement] INFO  server.RaftServerConfigKeys (ConfUtils.java:logGet(46)) - raft.server.retrycache.expirytime = 60s (default)
2023-03-14 08:39:06,539 [s2-groupManagement] INFO  server.RaftServerConfigKeys (ConfUtils.java:logGet(46)) - raft.server.retrycache.statistics.expirytime = 100μs (default)
2023-03-14 08:39:06,539 [s2-groupManagement] INFO  server.RaftServerConfigKeys (ConfUtils.java:logGet(46)) - raft.server.read.option = DEFAULT (default)
2023-03-14 08:39:06,540 [s2-groupManagement] INFO  server.RaftServerConfigKeys (ConfUtils.java:logGet(46)) - raft.server.log.appender.install.snapshot.enabled = true (default)
2023-03-14 08:39:06,540 [s2-groupManagement] INFO  server.RaftServerConfigKeys (ConfUtils.java:logGet(46)) - raft.server.threadpool.server.cached = true (default)
2023-03-14 08:39:06,540 [s2-groupManagement] INFO  server.RaftServerConfigKeys (ConfUtils.java:logGet(46)) - raft.server.threadpool.server.size = 0 (default)
2023-03-14 08:39:06,540 [s2-groupManagement] INFO  server.RaftServerConfigKeys (ConfUtils.java:logGet(46)) - raft.server.threadpool.client.cached = true (default)
2023-03-14 08:39:06,540 [s2-groupManagement] INFO  server.RaftServerConfigKeys (ConfUtils.java:logGet(46)) - raft.server.threadpool.client.size = 0 (default)
2023-03-14 08:39:06,546 [s0-impl-thread1] INFO  server.RaftServer$Division (RaftServerImpl.java:start(342)) - s0@group-050875D9256C: start as a follower, conf=0: peers:[s0|rpc:localhost:46109|admin:localhost:44341|client:localhost:45497|dataStream:localhost:44787|priority:0|startupRole:FOLLOWER, s1|rpc:localhost:38609|admin:localhost:36821|client:localhost:35433|dataStream:localhost:46383|priority:0|startupRole:FOLLOWER, s2|rpc:localhost:40487|admin:localhost:43753|client:localhost:39069|dataStream:localhost:42963|priority:0|startupRole:FOLLOWER]|listeners:[], old=null
2023-03-14 08:39:06,546 [s0-impl-thread1] INFO  server.RaftServer$Division (RaftServerImpl.java:setRole(329)) - s0@group-050875D9256C: changes role from      null to FOLLOWER at term 1 for startAsFollower
2023-03-14 08:39:06,546 [s0-impl-thread1] INFO  impl.RoleInfo (RoleInfo.java:updateAndGet(139)) - s0: start s0@group-050875D9256C-FollowerState
2023-03-14 08:39:06,546 [s0-impl-thread2] INFO  server.RaftServerConfigKeys (ConfUtils.java:logGet(46)) - raft.server.storage.free-space.min = 0MB (=0) (default)
2023-03-14 08:39:06,547 [s0-impl-thread2] INFO  server.RaftServerConfigKeys (ConfUtils.java:logGet(46)) - raft.server.log.corruption.policy = EXCEPTION (default)
2023-03-14 08:39:06,547 [s0-impl-thread2] INFO  server.RaftServerConfigKeys (ConfUtils.java:logGet(46)) - raft.server.storage.dir = [/home/runner/work/ratis/ratis/ratis-test/target/test/data/be523d36/MiniRaftClusterWithGrpca982f0d3/s0] (custom)
2023-03-14 08:39:06,548 [s0-impl-thread2] INFO  storage.RaftStorageDirectory (RaftStorageDirectoryImpl.java:tryLock(232)) - Lock on /home/runner/work/ratis/ratis/ratis-test/target/test/data/be523d36/MiniRaftClusterWithGrpca982f0d3/s0/ab4a3a41-8da3-47a2-af2d-0a0e342d0a1a/in_use.lock acquired by nodename 10435@fv-az41-628
2023-03-14 08:39:06,548 [s0-impl-thread2] INFO  storage.RaftStorage (RaftStorageImpl.java:analyzeAndRecoverStorage(117)) - Read RaftStorageMetadata{term=1, votedFor=s2} from /home/runner/work/ratis/ratis/ratis-test/target/test/data/be523d36/MiniRaftClusterWithGrpca982f0d3/s0/ab4a3a41-8da3-47a2-af2d-0a0e342d0a1a/current/raft-meta
2023-03-14 08:39:06,548 [s0-impl-thread2] INFO  server.RaftServer$Division (ServerState.java:setRaftConf(378)) - s0@group-0A0E342D0A1A: set configuration 0: peers:[s0|rpc:0.0.0.0:46109|admin:0.0.0.0:44341|client:0.0.0.0:45497|dataStream:|priority:0|startupRole:FOLLOWER, s1|rpc:0.0.0.0:38609|admin:0.0.0.0:36821|client:0.0.0.0:35433|dataStream:|priority:1|startupRole:FOLLOWER, s2|rpc:0.0.0.0:40487|admin:0.0.0.0:43753|client:0.0.0.0:39069|dataStream:|priority:2|startupRole:FOLLOWER]|listeners:[], old=null
2023-03-14 08:39:06,548 [s0-impl-thread2] INFO  server.RaftServerConfigKeys (ConfUtils.java:logGet(46)) - raft.server.log.use.memory = false (default)
2023-03-14 08:39:06,548 [s0-impl-thread2] INFO  server.RaftServerConfigKeys (ConfUtils.java:logGet(46)) - raft.server.log.purge.gap = 1024 (default)
2023-03-14 08:39:06,548 [s0-impl-thread2] INFO  server.RaftServerConfigKeys (ConfUtils.java:logGet(46)) - raft.server.log.appender.buffer.byte-limit = 4MB (=4194304) (default)
2023-03-14 08:39:06,548 [s0-impl-thread2] INFO  server.RaftServerConfigKeys (ConfUtils.java:logGet(46)) - raft.server.log.statemachine.data.read.timeout = 1000ms (default)
2023-03-14 08:39:06,548 [s0-impl-thread2] INFO  server.RaftServerConfigKeys (ConfUtils.java:logGet(46)) - raft.server.log.purge.preservation.log.num = 0 (default)
2023-03-14 08:39:06,549 [s0-impl-thread2] INFO  server.RaftServerConfigKeys (ConfUtils.java:logGet(46)) - raft.server.log.segment.size.max = 8MB (=8388608) (default)
2023-03-14 08:39:06,549 [s0-impl-thread2] INFO  server.RaftServerConfigKeys (ConfUtils.java:logGet(46)) - raft.server.log.segment.cache.num.max = 6 (default)
2023-03-14 08:39:06,549 [s0-impl-thread2] INFO  server.RaftServerConfigKeys (ConfUtils.java:logGet(46)) - raft.server.log.segment.cache.size.max = 200MB (=209715200) (default)
2023-03-14 08:39:06,549 [s0-impl-thread2] INFO  server.RaftServerConfigKeys (ConfUtils.java:logGet(46)) - raft.server.log.appender.buffer.byte-limit = 4MB (=4194304) (default)
2023-03-14 08:39:06,549 [s0-impl-thread2] INFO  segmented.SegmentedRaftLogWorker (SegmentedRaftLogWorker.java:<init>(183)) - new s0@group-0A0E342D0A1A-SegmentedRaftLogWorker for RaftStorageImpl:Storage Directory /home/runner/work/ratis/ratis/ratis-test/target/test/data/be523d36/MiniRaftClusterWithGrpca982f0d3/s0/ab4a3a41-8da3-47a2-af2d-0a0e342d0a1a
2023-03-14 08:39:06,549 [s0-impl-thread2] INFO  server.RaftServerConfigKeys (ConfUtils.java:logGet(46)) - raft.server.log.queue.byte-limit = 64MB (=67108864) (default)
2023-03-14 08:39:06,549 [s0-impl-thread2] INFO  server.RaftServerConfigKeys (ConfUtils.java:logGet(46)) - raft.server.log.queue.element-limit = 4096 (default)
2023-03-14 08:39:06,549 [s0-impl-thread2] INFO  server.RaftServerConfigKeys (ConfUtils.java:logGet(46)) - raft.server.log.segment.size.max = 8MB (=8388608) (default)
2023-03-14 08:39:06,549 [s0-impl-thread2] INFO  server.RaftServerConfigKeys (ConfUtils.java:logGet(46)) - raft.server.log.preallocated.size = 4MB (=4194304) (default)
2023-03-14 08:39:06,549 [s0-impl-thread2] INFO  server.RaftServerConfigKeys (ConfUtils.java:logGet(46)) - raft.server.log.force.sync.num = 128 (default)
2023-03-14 08:39:06,549 [s0-impl-thread2] INFO  server.RaftServerConfigKeys (ConfUtils.java:logGet(46)) - raft.server.log.statemachine.data.sync = true (default)
2023-03-14 08:39:06,549 [s0-impl-thread2] INFO  server.RaftServerConfigKeys (ConfUtils.java:logGet(46)) - raft.server.log.statemachine.data.sync.timeout = 10s (default)
2023-03-14 08:39:06,549 [s0-impl-thread2] INFO  server.RaftServerConfigKeys (ConfUtils.java:logGet(46)) - raft.server.log.statemachine.data.sync.timeout.retry = -1 (default)
2023-03-14 08:39:06,549 [s0-impl-thread2] INFO  server.RaftServerConfigKeys (ConfUtils.java:logGet(46)) - raft.server.log.write.buffer.size = 64KB (=65536) (default)
2023-03-14 08:39:06,549 [s0-impl-thread2] INFO  server.RaftServerConfigKeys (ConfUtils.java:logGet(46)) - raft.server.log.appender.buffer.byte-limit = 4MB (=4194304) (default)
2023-03-14 08:39:06,549 [s0-impl-thread2] INFO  server.RaftServerConfigKeys (ConfUtils.java:logGet(46)) - raft.server.log.unsafe-flush.enabled = false (default)
2023-03-14 08:39:06,549 [s0-impl-thread2] INFO  server.RaftServerConfigKeys (ConfUtils.java:logGet(46)) - raft.server.log.async-flush.enabled = false (default)
2023-03-14 08:39:06,550 [s0-impl-thread2] INFO  server.RaftServerConfigKeys (ConfUtils.java:logGet(46)) - raft.server.log.statemachine.data.caching.enabled = false (default)
2023-03-14 08:39:06,550 [s0-impl-thread2] INFO  server.RaftServer$Division (ServerState.java:setRaftConf(378)) - s0@group-0A0E342D0A1A: set configuration 0: peers:[s0|rpc:0.0.0.0:46109|admin:0.0.0.0:44341|client:0.0.0.0:45497|dataStream:|priority:0|startupRole:FOLLOWER, s1|rpc:0.0.0.0:38609|admin:0.0.0.0:36821|client:0.0.0.0:35433|dataStream:|priority:1|startupRole:FOLLOWER, s2|rpc:0.0.0.0:40487|admin:0.0.0.0:43753|client:0.0.0.0:39069|dataStream:|priority:2|startupRole:FOLLOWER]|listeners:[], old=null
2023-03-14 08:39:06,550 [s0-impl-thread1] INFO  util.JmxRegister (JmxRegister.java:tryRegister(44)) - Successfully registered JMX Bean with object name Ratis:service=RaftServer,group=group-050875D9256C,id=s0
2023-03-14 08:39:06,550 [s0-impl-thread1] INFO  server.RaftServerConfigKeys (ConfUtils.java:logGet(46)) - raft.server.snapshot.auto.trigger.enabled = false (default)
2023-03-14 08:39:06,550 [s0-impl-thread1] INFO  server.RaftServerConfigKeys (ConfUtils.java:logGet(46)) - raft.server.snapshot.retention.file.num = -1 (default)
2023-03-14 08:39:06,550 [s0-impl-thread1] INFO  server.RaftServerConfigKeys (ConfUtils.java:logGet(46)) - raft.server.log.purge.upto.snapshot.index = false (default)
2023-03-14 08:39:06,552 [s0@group-050875D9256C-FollowerState] INFO  server.RaftServerConfigKeys (ConfUtils.java:logFallback(53)) - raft.server.rpc.first-election.timeout.min = 150ms (fallback to raft.server.rpc.timeout.min)
2023-03-14 08:39:06,552 [s0@group-050875D9256C-FollowerState] INFO  server.RaftServerConfigKeys (ConfUtils.java:logFallback(53)) - raft.server.rpc.first-election.timeout.max = 300ms (fallback to raft.server.rpc.timeout.max)
2023-03-14 08:39:06,550 [s0-impl-thread2] INFO  segmented.LogSegment (LogSegment.java:loadSegment(170)) - Successfully read 1 entries from segment file /home/runner/work/ratis/ratis/ratis-test/target/test/data/be523d36/MiniRaftClusterWithGrpca982f0d3/s0/ab4a3a41-8da3-47a2-af2d-0a0e342d0a1a/current/log_inprogress_0
2023-03-14 08:39:06,563 [s0-impl-thread2] INFO  segmented.SegmentedRaftLogWorker (SegmentedRaftLogWorker.java:lambda$new$0(134)) - s0@group-0A0E342D0A1A-SegmentedRaftLogWorker: safeCacheEvictIndex: setUnconditionally 0 -> -1
2023-03-14 08:39:06,576 [s0-impl-thread2] INFO  server.RaftServer$Division (RaftServerImpl.java:start(342)) - s0@group-0A0E342D0A1A: start as a follower, conf=0: peers:[s0|rpc:0.0.0.0:46109|admin:0.0.0.0:44341|client:0.0.0.0:45497|dataStream:|priority:0|startupRole:FOLLOWER, s1|rpc:0.0.0.0:38609|admin:0.0.0.0:36821|client:0.0.0.0:35433|dataStream:|priority:1|startupRole:FOLLOWER, s2|rpc:0.0.0.0:40487|admin:0.0.0.0:43753|client:0.0.0.0:39069|dataStream:|priority:2|startupRole:FOLLOWER]|listeners:[], old=null
2023-03-14 08:39:06,576 [s0-impl-thread2] INFO  server.RaftServer$Division (RaftServerImpl.java:setRole(329)) - s0@group-0A0E342D0A1A: changes role from      null to FOLLOWER at term 1 for startAsFollower
2023-03-14 08:39:06,576 [s0-impl-thread2] INFO  impl.RoleInfo (RoleInfo.java:updateAndGet(139)) - s0: start s0@group-0A0E342D0A1A-FollowerState
2023-03-14 08:39:06,578 [s0-impl-thread2] INFO  util.JmxRegister (JmxRegister.java:tryRegister(44)) - Successfully registered JMX Bean with object name Ratis:service=RaftServer,group=group-0A0E342D0A1A,id=s0
2023-03-14 08:39:06,578 [s0-impl-thread2] INFO  server.RaftServerConfigKeys (ConfUtils.java:logGet(46)) - raft.server.snapshot.auto.trigger.enabled = false (default)
2023-03-14 08:39:06,578 [s0-impl-thread2] INFO  server.RaftServerConfigKeys (ConfUtils.java:logGet(46)) - raft.server.snapshot.retention.file.num = -1 (default)
2023-03-14 08:39:06,579 [s0-impl-thread2] INFO  server.RaftServerConfigKeys (ConfUtils.java:logGet(46)) - raft.server.log.purge.upto.snapshot.index = false (default)
2023-03-14 08:39:06,580 [s0@group-0A0E342D0A1A-FollowerState] INFO  server.RaftServerConfigKeys (ConfUtils.java:logFallback(53)) - raft.server.rpc.first-election.timeout.min = 150ms (fallback to raft.server.rpc.timeout.min)
2023-03-14 08:39:06,580 [s0@group-0A0E342D0A1A-FollowerState] INFO  server.RaftServerConfigKeys (ConfUtils.java:logFallback(53)) - raft.server.rpc.first-election.timeout.max = 300ms (fallback to raft.server.rpc.timeout.max)
2023-03-14 08:39:06,580 [Time-limited test] INFO  server.RaftServer (RaftServerProxy.java:startImpl(401)) - s0: start RPC server
2023-03-14 08:39:06,580 [Time-limited test] INFO  server.GrpcService (GrpcService.java:startImpl(302)) - s0: GrpcService started, listening on 45497
2023-03-14 08:39:06,581 [Time-limited test] ERROR server.GrpcService (ExitUtils.java:terminate(133)) - Terminating with exit status 1: Failed to start Grpc server
java.io.IOException: Failed to bind to address 0.0.0.0/0.0.0.0:46109
	at org.apache.ratis.thirdparty.io.grpc.netty.NettyServer.start(NettyServer.java:328)
	at org.apache.ratis.thirdparty.io.grpc.internal.ServerImpl.start(ServerImpl.java:183)
	at org.apache.ratis.thirdparty.io.grpc.internal.ServerImpl.start(ServerImpl.java:92)
	at org.apache.ratis.grpc.server.GrpcService.startImpl(GrpcService.java:298)
	at org.apache.ratis.util.LifeCycle.startAndTransition(LifeCycle.java:270)
	at org.apache.ratis.server.RaftServerRpcWithProxy.start(RaftServerRpcWithProxy.java:72)
	at org.apache.ratis.server.impl.RaftServerProxy.startImpl(RaftServerProxy.java:402)
	at org.apache.ratis.util.LifeCycle.startAndTransition(LifeCycle.java:270)
	at org.apache.ratis.server.impl.RaftServerProxy.start(RaftServerProxy.java:395)
	at org.apache.ratis.server.impl.MiniRaftCluster.startServers(MiniRaftCluster.java:499)
	at org.apache.ratis.server.impl.MiniRaftCluster.start(MiniRaftCluster.java:346)
	at org.apache.ratis.server.impl.MiniRaftCluster.restart(MiniRaftCluster.java:374)
	at org.apache.ratis.server.impl.RaftReconfigurationBaseTest.lambda$testRestorePriority$0(RaftReconfigurationBaseTest.java:123)
	at org.apache.ratis.server.impl.MiniRaftCluster$Factory$Get.runWithNewCluster(MiniRaftCluster.java:141)
	at org.apache.ratis.server.impl.MiniRaftCluster$Factory$Get.runWithNewCluster(MiniRaftCluster.java:121)
	at org.apache.ratis.server.impl.RaftReconfigurationBaseTest.testRestorePriority(RaftReconfigurationBaseTest.java:100)
	at java.base/jdk.internal.reflect.NativeMethodAccessorImpl.invoke0(Native Method)
	at java.base/jdk.internal.reflect.NativeMethodAccessorImpl.invoke(NativeMethodAccessorImpl.java:62)
	at java.base/jdk.internal.reflect.DelegatingMethodAccessorImpl.invoke(DelegatingMethodAccessorImpl.java:43)
	at java.base/java.lang.reflect.Method.invoke(Method.java:566)
	at org.junit.runners.model.FrameworkMethod$1.runReflectiveCall(FrameworkMethod.java:59)
	at org.junit.internal.runners.model.ReflectiveCallable.run(ReflectiveCallable.java:12)
	at org.junit.runners.model.FrameworkMethod.invokeExplosively(FrameworkMethod.java:56)
	at org.junit.internal.runners.statements.InvokeMethod.evaluate(InvokeMethod.java:17)
	at org.junit.internal.runners.statements.RunAfters.evaluate(RunAfters.java:27)
	at org.junit.internal.runners.statements.FailOnTimeout$CallableStatement.call(FailOnTimeout.java:299)
	at org.junit.internal.runners.statements.FailOnTimeout$CallableStatement.call(FailOnTimeout.java:293)
	at java.base/java.util.concurrent.FutureTask.run(FutureTask.java:264)
	at java.base/java.lang.Thread.run(Thread.java:829)
Caused by: org.apache.ratis.thirdparty.io.netty.channel.unix.Errors$NativeIoException: bind(..) failed: Address already in use
2023-03-14 08:39:06,585 [Time-limited test] INFO  impl.MiniRaftCluster (MiniRaftCluster.java:runWithNewCluster(143)) - printing ALL groups
  s0:EXCEPTION [
   FOLLOWER s0@group-050875D9256C:t1, leader=null, voted=s0, raftlog=Memoized:s0@group-050875D9256C-SegmentedRaftLog:OPENED:c-1, conf=0: peers:[s0|rpc:localhost:46109|admin:localhost:44341|client:localhost:45497|dataStream:localhost:44787|priority:0|startupRole:FOLLOWER, s1|rpc:localhost:38609|admin:localhost:36821|client:localhost:35433|dataStream:localhost:46383|priority:0|startupRole:FOLLOWER, s2|rpc:localhost:40487|admin:localhost:43753|client:localhost:39069|dataStream:localhost:42963|priority:0|startupRole:FOLLOWER]|listeners:[], old=null RUNNING
   FOLLOWER s0@group-0A0E342D0A1A:t1, leader=null, voted=s2, raftlog=Memoized:s0@group-0A0E342D0A1A-SegmentedRaftLog:OPENED:c-1, conf=0: peers:[s0|rpc:0.0.0.0:46109|admin:0.0.0.0:44341|client:0.0.0.0:45497|dataStream:|priority:0|startupRole:FOLLOWER, s1|rpc:0.0.0.0:38609|admin:0.0.0.0:36821|client:0.0.0.0:35433|dataStream:|priority:1|startupRole:FOLLOWER, s2|rpc:0.0.0.0:40487|admin:0.0.0.0:43753|client:0.0.0.0:39069|dataStream:|priority:2|startupRole:FOLLOWER]|listeners:[], old=null RUNNING] size=2
  s1:      NEW [
       null s1@group-050875D9256C:t0, leader=null, voted=null, raftlog=UNINITIALIZED, conf=-1: peers:[s0|rpc:localhost:46109|admin:localhost:44341|client:localhost:45497|dataStream:localhost:44787|priority:0|startupRole:FOLLOWER, s1|rpc:localhost:38609|admin:localhost:36821|client:localhost:35433|dataStream:localhost:46383|priority:0|startupRole:FOLLOWER, s2|rpc:localhost:40487|admin:localhost:43753|client:localhost:39069|dataStream:localhost:42963|priority:0|startupRole:FOLLOWER]|listeners:[], old=null NEW
       null s1@group-0A0E342D0A1A:t0, leader=null, voted=null, raftlog=UNINITIALIZED, conf=-1: peers:[]|listeners:[], old=null NEW] size=2
  s2:      NEW [
       null s2@group-050875D9256C:t0, leader=null, voted=null, raftlog=UNINITIALIZED, conf=-1: peers:[s0|rpc:localhost:46109|admin:localhost:44341|client:localhost:45497|dataStream:localhost:44787|priority:0|startupRole:FOLLOWER, s1|rpc:localhost:38609|admin:localhost:36821|client:localhost:35433|dataStream:localhost:46383|priority:0|startupRole:FOLLOWER, s2|rpc:localhost:40487|admin:localhost:43753|client:localhost:39069|dataStream:localhost:42963|priority:0|startupRole:FOLLOWER]|listeners:[], old=null NEW
       null s2@group-0A0E342D0A1A:t0, leader=null, voted=null, raftlog=UNINITIALIZED, conf=-1: peers:[]|listeners:[], old=null NEW] size=2
2023-03-14 08:39:06,585 [Time-limited test] ERROR impl.MiniRaftCluster (MiniRaftCluster.java:runWithNewCluster(144)) - Failed org.apache.ratis.server.impl.MiniRaftCluster$Factory$Get.runWithNewCluster(MiniRaftCluster.java:121)
org.apache.ratis.util.ExitUtils$ExitException: Failed to start Grpc server
	at org.apache.ratis.util.ExitUtils.terminate(ExitUtils.java:141)
	at org.apache.ratis.util.ExitUtils.terminate(ExitUtils.java:151)
	at org.apache.ratis.grpc.server.GrpcService.startImpl(GrpcService.java:300)
	at org.apache.ratis.util.LifeCycle.startAndTransition(LifeCycle.java:270)
	at org.apache.ratis.server.RaftServerRpcWithProxy.start(RaftServerRpcWithProxy.java:72)
	at org.apache.ratis.server.impl.RaftServerProxy.startImpl(RaftServerProxy.java:402)
	at org.apache.ratis.util.LifeCycle.startAndTransition(LifeCycle.java:270)
	at org.apache.ratis.server.impl.RaftServerProxy.start(RaftServerProxy.java:395)
	at org.apache.ratis.server.impl.MiniRaftCluster.startServers(MiniRaftCluster.java:499)
	at org.apache.ratis.server.impl.MiniRaftCluster.start(MiniRaftCluster.java:346)
	at org.apache.ratis.server.impl.MiniRaftCluster.restart(MiniRaftCluster.java:374)
	at org.apache.ratis.server.impl.RaftReconfigurationBaseTest.lambda$testRestorePriority$0(RaftReconfigurationBaseTest.java:123)
	at org.apache.ratis.server.impl.MiniRaftCluster$Factory$Get.runWithNewCluster(MiniRaftCluster.java:141)
	at org.apache.ratis.server.impl.MiniRaftCluster$Factory$Get.runWithNewCluster(MiniRaftCluster.java:121)
	at org.apache.ratis.server.impl.RaftReconfigurationBaseTest.testRestorePriority(RaftReconfigurationBaseTest.java:100)
	at java.base/jdk.internal.reflect.NativeMethodAccessorImpl.invoke0(Native Method)
	at java.base/jdk.internal.reflect.NativeMethodAccessorImpl.invoke(NativeMethodAccessorImpl.java:62)
	at java.base/jdk.internal.reflect.DelegatingMethodAccessorImpl.invoke(DelegatingMethodAccessorImpl.java:43)
	at java.base/java.lang.reflect.Method.invoke(Method.java:566)
	at org.junit.runners.model.FrameworkMethod$1.runReflectiveCall(FrameworkMethod.java:59)
	at org.junit.internal.runners.model.ReflectiveCallable.run(ReflectiveCallable.java:12)
	at org.junit.runners.model.FrameworkMethod.invokeExplosively(FrameworkMethod.java:56)
	at org.junit.internal.runners.statements.InvokeMethod.evaluate(InvokeMethod.java:17)
	at org.junit.internal.runners.statements.RunAfters.evaluate(RunAfters.java:27)
	at org.junit.internal.runners.statements.FailOnTimeout$CallableStatement.call(FailOnTimeout.java:299)
	at org.junit.internal.runners.statements.FailOnTimeout$CallableStatement.call(FailOnTimeout.java:293)
	at java.base/java.util.concurrent.FutureTask.run(FutureTask.java:264)
	at java.base/java.lang.Thread.run(Thread.java:829)
Caused by: java.io.IOException: Failed to bind to address 0.0.0.0/0.0.0.0:46109
	at org.apache.ratis.thirdparty.io.grpc.netty.NettyServer.start(NettyServer.java:328)
	at org.apache.ratis.thirdparty.io.grpc.internal.ServerImpl.start(ServerImpl.java:183)
	at org.apache.ratis.thirdparty.io.grpc.internal.ServerImpl.start(ServerImpl.java:92)
	at org.apache.ratis.grpc.server.GrpcService.startImpl(GrpcService.java:298)
	... 25 more
Caused by: org.apache.ratis.thirdparty.io.netty.channel.unix.Errors$NativeIoException: bind(..) failed: Address already in use
2023-03-14 08:39:06,585 [Time-limited test] INFO  impl.MiniRaftCluster (MiniRaftCluster.java:shutdown(831)) - ************************************************************** 
2023-03-14 08:39:06,585 [Time-limited test] INFO  impl.MiniRaftCluster (MiniRaftCluster.java:shutdown(832)) - *** 
2023-03-14 08:39:06,586 [Time-limited test] INFO  impl.MiniRaftCluster (MiniRaftCluster.java:shutdown(833)) - ***     Stopping MiniRaftClusterWithGrpc
2023-03-14 08:39:06,586 [Time-limited test] INFO  impl.MiniRaftCluster (MiniRaftCluster.java:shutdown(834)) - *** 
2023-03-14 08:39:06,586 [Time-limited test] INFO  impl.MiniRaftCluster (MiniRaftCluster.java:shutdown(835)) - ************************************************************** 
2023-03-14 08:39:06,586 [Time-limited test] INFO  impl.MiniRaftCluster (MiniRaftCluster.java:shutdown(836)) - printing ALL groups
  s0:EXCEPTION [
   FOLLOWER s0@group-050875D9256C:t1, leader=null, voted=s0, raftlog=Memoized:s0@group-050875D9256C-SegmentedRaftLog:OPENED:c-1, conf=0: peers:[s0|rpc:localhost:46109|admin:localhost:44341|client:localhost:45497|dataStream:localhost:44787|priority:0|startupRole:FOLLOWER, s1|rpc:localhost:38609|admin:localhost:36821|client:localhost:35433|dataStream:localhost:46383|priority:0|startupRole:FOLLOWER, s2|rpc:localhost:40487|admin:localhost:43753|client:localhost:39069|dataStream:localhost:42963|priority:0|startupRole:FOLLOWER]|listeners:[], old=null RUNNING
   FOLLOWER s0@group-0A0E342D0A1A:t1, leader=null, voted=s2, raftlog=Memoized:s0@group-0A0E342D0A1A-SegmentedRaftLog:OPENED:c-1, conf=0: peers:[s0|rpc:0.0.0.0:46109|admin:0.0.0.0:44341|client:0.0.0.0:45497|dataStream:|priority:0|startupRole:FOLLOWER, s1|rpc:0.0.0.0:38609|admin:0.0.0.0:36821|client:0.0.0.0:35433|dataStream:|priority:1|startupRole:FOLLOWER, s2|rpc:0.0.0.0:40487|admin:0.0.0.0:43753|client:0.0.0.0:39069|dataStream:|priority:2|startupRole:FOLLOWER]|listeners:[], old=null RUNNING] size=2
  s1:      NEW [
       null s1@group-050875D9256C:t0, leader=null, voted=null, raftlog=UNINITIALIZED, conf=-1: peers:[s0|rpc:localhost:46109|admin:localhost:44341|client:localhost:45497|dataStream:localhost:44787|priority:0|startupRole:FOLLOWER, s1|rpc:localhost:38609|admin:localhost:36821|client:localhost:35433|dataStream:localhost:46383|priority:0|startupRole:FOLLOWER, s2|rpc:localhost:40487|admin:localhost:43753|client:localhost:39069|dataStream:localhost:42963|priority:0|startupRole:FOLLOWER]|listeners:[], old=null NEW
       null s1@group-0A0E342D0A1A:t0, leader=null, voted=null, raftlog=UNINITIALIZED, conf=-1: peers:[]|listeners:[], old=null NEW] size=2
  s2:      NEW [
       null s2@group-050875D9256C:t0, leader=null, voted=null, raftlog=UNINITIALIZED, conf=-1: peers:[s0|rpc:localhost:46109|admin:localhost:44341|client:localhost:45497|dataStream:localhost:44787|priority:0|startupRole:FOLLOWER, s1|rpc:localhost:38609|admin:localhost:36821|client:localhost:35433|dataStream:localhost:46383|priority:0|startupRole:FOLLOWER, s2|rpc:localhost:40487|admin:localhost:43753|client:localhost:39069|dataStream:localhost:42963|priority:0|startupRole:FOLLOWER]|listeners:[], old=null NEW
       null s2@group-0A0E342D0A1A:t0, leader=null, voted=null, raftlog=UNINITIALIZED, conf=-1: peers:[]|listeners:[], old=null NEW] size=2
2023-03-14 08:39:06,586 [MiniRaftCluster-57] INFO  server.RaftServer (RaftServerProxy.java:lambda$close$7(417)) - s0: close
2023-03-14 08:39:06,586 [MiniRaftCluster-57] INFO  server.GrpcService (GrpcService.java:closeImpl(311)) - s0: shutdown server org.apache.ratis.grpc.server.GrpcClientProtocolService now
2023-03-14 08:39:06,586 [s0-impl-thread1] INFO  server.RaftServer$Division (RaftServerImpl.java:lambda$close$4(466)) - s0@group-0A0E342D0A1A: shutdown
2023-03-14 08:39:06,586 [s0-impl-thread1] INFO  util.JmxRegister (JmxRegister.java:unregister(73)) - Successfully un-registered JMX Bean with object name Ratis:service=RaftServer,group=group-0A0E342D0A1A,id=s0
2023-03-14 08:39:06,586 [s0-impl-thread1] INFO  impl.RoleInfo (RoleInfo.java:shutdownFollowerState(110)) - s0: shutdown s0@group-0A0E342D0A1A-FollowerState
2023-03-14 08:39:06,586 [s0-impl-thread1] INFO  impl.StateMachineUpdater (StateMachineUpdater.java:stopAndJoin(154)) - s0@group-0A0E342D0A1A-StateMachineUpdater: set stopIndex = -1
2023-03-14 08:39:06,586 [s0-impl-thread2] INFO  server.RaftServer$Division (RaftServerImpl.java:lambda$close$4(466)) - s0@group-050875D9256C: shutdown
2023-03-14 08:39:06,586 [s0-impl-thread2] INFO  util.JmxRegister (JmxRegister.java:unregister(73)) - Successfully un-registered JMX Bean with object name Ratis:service=RaftServer,group=group-050875D9256C,id=s0
2023-03-14 08:39:06,586 [s0-impl-thread2] INFO  impl.RoleInfo (RoleInfo.java:shutdownFollowerState(110)) - s0: shutdown s0@group-050875D9256C-FollowerState
2023-03-14 08:39:06,586 [s0-impl-thread2] INFO  impl.StateMachineUpdater (StateMachineUpdater.java:stopAndJoin(154)) - s0@group-050875D9256C-StateMachineUpdater: set stopIndex = -1
2023-03-14 08:39:06,586 [s0@group-050875D9256C-FollowerState] INFO  impl.FollowerState (FollowerState.java:run(152)) - s0@group-050875D9256C-FollowerState was interrupted
2023-03-14 08:39:06,587 [s0-impl-thread2] INFO  server.RaftServer$Division (ServerState.java:close(414)) - s0@group-050875D9256C: applyIndex: -1
2023-03-14 08:39:06,587 [s0@group-0A0E342D0A1A-FollowerState] INFO  impl.FollowerState (FollowerState.java:run(152)) - s0@group-0A0E342D0A1A-FollowerState was interrupted
2023-03-14 08:39:06,599 [s0-impl-thread1] INFO  server.RaftServer$Division (ServerState.java:close(414)) - s0@group-0A0E342D0A1A: applyIndex: -1
2023-03-14 08:39:06,599 [MiniRaftCluster-57] INFO  server.GrpcService (GrpcService.java:closeImpl(320)) - s0: shutdown server org.apache.ratis.grpc.server.GrpcClientProtocolService successfully
2023-03-14 08:39:06,599 [MiniRaftCluster-57] INFO  server.GrpcService (GrpcService.java:closeImpl(311)) - s0: shutdown server GrpcServerProtocolService now
2023-03-14 08:39:06,609 [MiniRaftCluster-57] INFO  server.GrpcService (GrpcService.java:closeImpl(320)) - s0: shutdown server GrpcServerProtocolService successfully
2023-03-14 08:39:06,609 [MiniRaftCluster-57] INFO  server.GrpcService (GrpcService.java:closeImpl(311)) - s0: shutdown server org.apache.ratis.grpc.server.GrpcAdminProtocolService now
2023-03-14 08:39:06,620 [MiniRaftCluster-57] INFO  server.GrpcService (GrpcService.java:closeImpl(320)) - s0: shutdown server org.apache.ratis.grpc.server.GrpcAdminProtocolService successfully
2023-03-14 08:39:07,528 [Thread-1673] WARN  grpc.GrpcUtil (GrpcUtil.java:shutdownManagedChannel(223)) - Timed out gracefully shutting down connection: ManagedChannelOrphanWrapper{delegate=ManagedChannelImpl{logId=3441, target=localhost:46109}}. 
2023-03-14 08:39:07,529 [grpc-default-executor-0] INFO  server.GrpcLogAppender (GrpcLogAppender.java:onError(406)) - s2@group-0A0E342D0A1A->s0-GrpcLogAppender is already stopped
2023-03-14 08:39:07,529 [MiniRaftCluster-56] INFO  server.GrpcService (GrpcService.java:closeImpl(320)) - s2: shutdown server org.apache.ratis.grpc.server.GrpcClientProtocolService successfully
2023-03-14 08:39:07,529 [MiniRaftCluster-56] INFO  server.GrpcService (GrpcService.java:closeImpl(311)) - s2: shutdown server GrpcServerProtocolService now
2023-03-14 08:39:07,529 [grpc-default-executor-7] WARN  server.GrpcServerProtocolService (LogUtils.java:warn(122)) - s0: APPEND_ENTRIES onError, lastRequest: s2->s0#1-t1,previous=(t:0, i:0),leaderCommit=-1,initializing? true,entries: size=1, first=(t:1, i:0), CONFIGURATIONENTRY(current:id: "s0"
address: "0.0.0.0:46109"
clientAddress: "0.0.0.0:45497"
adminAddress: "0.0.0.0:44341"
startupRole: FOLLOWER
,id: "s1"
address: "0.0.0.0:38609"
priority: 1
clientAddress: "0.0.0.0:35433"
adminAddress: "0.0.0.0:36821"
startupRole: FOLLOWER
,id: "s2"
address: "0.0.0.0:40487"
priority: 2
clientAddress: "0.0.0.0:39069"
adminAddress: "0.0.0.0:43753"
startupRole: FOLLOWER
, old:): org.apache.ratis.thirdparty.io.grpc.StatusRuntimeException: CANCELLED: client cancelled
2023-03-14 08:39:07,530 [grpc-default-executor-7] WARN  server.GrpcServerProtocolService (LogUtils.java:warn(122)) - s2: APPEND_ENTRIES onError, lastRequest: s0->s2#1-t1,previous=(t:0, i:0),leaderCommit=-1,initializing? true,entries: size=1, first=(t:1, i:0), CONFIGURATIONENTRY(current:id: "s0"
address: "localhost:46109"
dataStreamAddress: "localhost:44787"
clientAddress: "localhost:45497"
adminAddress: "localhost:44341"
startupRole: FOLLOWER
,id: "s1"
address: "localhost:38609"
dataStreamAddress: "localhost:46383"
clientAddress: "localhost:35433"
adminAddress: "localhost:36821"
startupRole: FOLLOWER
,id: "s2"
address: "localhost:40487"
dataStreamAddress: "localhost:42963"
clientAddress: "localhost:39069"
adminAddress: "localhost:43753"
startupRole: FOLLOWER
, old:): org.apache.ratis.thirdparty.io.grpc.StatusRuntimeException: CANCELLED: client cancelled
2023-03-14 08:39:07,530 [grpc-default-executor-7] INFO  server.GrpcLogAppender (GrpcLogAppender.java:onError(406)) - s0@group-050875D9256C->s2-GrpcLogAppender is already stopped
2023-03-14 08:39:07,530 [MiniRaftCluster-54] INFO  server.GrpcService (GrpcService.java:closeImpl(320)) - s0: shutdown server org.apache.ratis.grpc.server.GrpcClientProtocolService successfully
2023-03-14 08:39:07,530 [MiniRaftCluster-54] INFO  server.GrpcService (GrpcService.java:closeImpl(311)) - s0: shutdown server GrpcServerProtocolService now
2023-03-14 08:39:07,530 [MiniRaftCluster-56] INFO  server.GrpcService (GrpcService.java:closeImpl(320)) - s2: shutdown server GrpcServerProtocolService successfully
2023-03-14 08:39:07,530 [MiniRaftCluster-56] INFO  server.GrpcService (GrpcService.java:closeImpl(311)) - s2: shutdown server org.apache.ratis.grpc.server.GrpcAdminProtocolService now
2023-03-14 08:39:07,530 [MiniRaftCluster-54] INFO  server.GrpcService (GrpcService.java:closeImpl(320)) - s0: shutdown server GrpcServerProtocolService successfully
2023-03-14 08:39:07,530 [MiniRaftCluster-54] INFO  server.GrpcService (GrpcService.java:closeImpl(311)) - s0: shutdown server org.apache.ratis.grpc.server.GrpcAdminProtocolService now
2023-03-14 08:39:07,531 [MiniRaftCluster-56] INFO  server.GrpcService (GrpcService.java:closeImpl(320)) - s2: shutdown server org.apache.ratis.grpc.server.GrpcAdminProtocolService successfully
2023-03-14 08:39:07,531 [JvmPauseMonitor54] INFO  util.JvmPauseMonitor (JvmPauseMonitor.java:run(109)) - JvmPauseMonitor-s2: Stopped
2023-03-14 08:39:07,531 [MiniRaftCluster-54] INFO  server.GrpcService (GrpcService.java:closeImpl(320)) - s0: shutdown server org.apache.ratis.grpc.server.GrpcAdminProtocolService successfully
2023-03-14 08:39:07,531 [JvmPauseMonitor52] INFO  util.JvmPauseMonitor (JvmPauseMonitor.java:run(109)) - JvmPauseMonitor-s0: Stopped
2023-03-14 08:39:07,547 [s0-impl-thread2] INFO  segmented.SegmentedRaftLogWorker (SegmentedRaftLogWorker.java:close(242)) - s0@group-050875D9256C-SegmentedRaftLogWorker close()
2023-03-14 08:39:07,577 [s0-impl-thread1] INFO  segmented.SegmentedRaftLogWorker (SegmentedRaftLogWorker.java:close(242)) - s0@group-0A0E342D0A1A-SegmentedRaftLogWorker close()
]]></system-out>
  </testcase>
  <testcase name="testRestorePriority" classname="org.apache.ratis.grpc.TestRaftReconfigurationWithGrpc" time="6.616">
    <failure message="Unexpected exit." type="java.lang.AssertionError">java.lang.AssertionError: Unexpected exit.
	at org.apache.ratis.util.ExitUtils.assertNotTerminated(ExitUtils.java:109)
	at org.apache.ratis.BaseTest.assertNoFailures(BaseTest.java:89)
	at java.base/jdk.internal.reflect.NativeMethodAccessorImpl.invoke0(Native Method)
	at java.base/jdk.internal.reflect.NativeMethodAccessorImpl.invoke(NativeMethodAccessorImpl.java:62)
	at java.base/jdk.internal.reflect.DelegatingMethodAccessorImpl.invoke(DelegatingMethodAccessorImpl.java:43)
	at java.base/java.lang.reflect.Method.invoke(Method.java:566)
	at org.junit.runners.model.FrameworkMethod$1.runReflectiveCall(FrameworkMethod.java:59)
	at org.junit.internal.runners.model.ReflectiveCallable.run(ReflectiveCallable.java:12)
	at org.junit.runners.model.FrameworkMethod.invokeExplosively(FrameworkMethod.java:56)
	at org.junit.internal.runners.statements.RunAfters.invokeMethod(RunAfters.java:46)
	at org.junit.internal.runners.statements.RunAfters.evaluate(RunAfters.java:33)
	at org.junit.internal.runners.statements.FailOnTimeout$CallableStatement.call(FailOnTimeout.java:299)
	at org.junit.internal.runners.statements.FailOnTimeout$CallableStatement.call(FailOnTimeout.java:293)
	at java.base/java.util.concurrent.FutureTask.run(FutureTask.java:264)
	at java.base/java.lang.Thread.run(Thread.java:829)
Caused by: org.apache.ratis.util.ExitUtils$ExitException: Failed to start Grpc server
	at org.apache.ratis.util.ExitUtils.terminate(ExitUtils.java:141)
	at org.apache.ratis.util.ExitUtils.terminate(ExitUtils.java:151)
	at org.apache.ratis.grpc.server.GrpcService.startImpl(GrpcService.java:300)
	at org.apache.ratis.util.LifeCycle.startAndTransition(LifeCycle.java:270)
	at org.apache.ratis.server.RaftServerRpcWithProxy.start(RaftServerRpcWithProxy.java:72)
	at org.apache.ratis.server.impl.RaftServerProxy.startImpl(RaftServerProxy.java:402)
	at org.apache.ratis.util.LifeCycle.startAndTransition(LifeCycle.java:270)
	at org.apache.ratis.server.impl.RaftServerProxy.start(RaftServerProxy.java:395)
	at org.apache.ratis.server.impl.MiniRaftCluster.startServers(MiniRaftCluster.java:499)
	at org.apache.ratis.server.impl.MiniRaftCluster.start(MiniRaftCluster.java:346)
	at org.apache.ratis.server.impl.MiniRaftCluster.restart(MiniRaftCluster.java:374)
	at org.apache.ratis.server.impl.RaftReconfigurationBaseTest.lambda$testRestorePriority$0(RaftReconfigurationBaseTest.java:123)
	at org.apache.ratis.server.impl.MiniRaftCluster$Factory$Get.runWithNewCluster(MiniRaftCluster.java:141)
	at org.apache.ratis.server.impl.MiniRaftCluster$Factory$Get.runWithNewCluster(MiniRaftCluster.java:121)
	at org.apache.ratis.server.impl.RaftReconfigurationBaseTest.testRestorePriority(RaftReconfigurationBaseTest.java:100)
	at java.base/jdk.internal.reflect.NativeMethodAccessorImpl.invoke0(Native Method)
	at java.base/jdk.internal.reflect.NativeMethodAccessorImpl.invoke(NativeMethodAccessorImpl.java:62)
	at java.base/jdk.internal.reflect.DelegatingMethodAccessorImpl.invoke(DelegatingMethodAccessorImpl.java:43)
	at java.base/java.lang.reflect.Method.invoke(Method.java:566)
	at org.junit.runners.model.FrameworkMethod$1.runReflectiveCall(FrameworkMethod.java:59)
	at org.junit.internal.runners.model.ReflectiveCallable.run(ReflectiveCallable.java:12)
	at org.junit.runners.model.FrameworkMethod.invokeExplosively(FrameworkMethod.java:56)
	at org.junit.internal.runners.statements.InvokeMethod.evaluate(InvokeMethod.java:17)
	at org.junit.internal.runners.statements.RunAfters.evaluate(RunAfters.java:27)
	... 4 more
Caused by: java.io.IOException: Failed to bind to address 0.0.0.0/0.0.0.0:46109
	at org.apache.ratis.thirdparty.io.grpc.netty.NettyServer.start(NettyServer.java:328)
	at org.apache.ratis.thirdparty.io.grpc.internal.ServerImpl.start(ServerImpl.java:183)
	at org.apache.ratis.thirdparty.io.grpc.internal.ServerImpl.start(ServerImpl.java:92)
	at org.apache.ratis.grpc.server.GrpcService.startImpl(GrpcService.java:298)
	... 25 more
Caused by: org.apache.ratis.thirdparty.io.netty.channel.unix.Errors$NativeIoException: bind(..) failed: Address already in use
</failure>
  </testcase>
  <testcase name="testSetConfigurationInCasMode" classname="org.apache.ratis.grpc.TestRaftReconfigurationWithGrpc" time="1.998">
    <failure message="Unexpected exit." type="java.lang.AssertionError">java.lang.AssertionError: Unexpected exit.
	at org.apache.ratis.util.ExitUtils.assertNotTerminated(ExitUtils.java:109)
	at org.apache.ratis.server.impl.MiniRaftCluster.shutdown(MiniRaftCluster.java:854)
	at org.apache.ratis.server.impl.MiniRaftCluster$Factory$Get.runWithNewCluster(MiniRaftCluster.java:147)
	at org.apache.ratis.server.impl.MiniRaftCluster$Factory$Get.runWithNewCluster(MiniRaftCluster.java:121)
	at org.apache.ratis.server.impl.RaftReconfigurationBaseTest.testSetConfigurationInCasMode(RaftReconfigurationBaseTest.java:223)
	at java.base/jdk.internal.reflect.NativeMethodAccessorImpl.invoke0(Native Method)
	at java.base/jdk.internal.reflect.NativeMethodAccessorImpl.invoke(NativeMethodAccessorImpl.java:62)
	at java.base/jdk.internal.reflect.DelegatingMethodAccessorImpl.invoke(DelegatingMethodAccessorImpl.java:43)
	at java.base/java.lang.reflect.Method.invoke(Method.java:566)
	at org.junit.runners.model.FrameworkMethod$1.runReflectiveCall(FrameworkMethod.java:59)
	at org.junit.internal.runners.model.ReflectiveCallable.run(ReflectiveCallable.java:12)
	at org.junit.runners.model.FrameworkMethod.invokeExplosively(FrameworkMethod.java:56)
	at org.junit.internal.runners.statements.InvokeMethod.evaluate(InvokeMethod.java:17)
	at org.junit.internal.runners.statements.RunAfters.evaluate(RunAfters.java:27)
	at org.junit.internal.runners.statements.FailOnTimeout$CallableStatement.call(FailOnTimeout.java:299)
	at org.junit.internal.runners.statements.FailOnTimeout$CallableStatement.call(FailOnTimeout.java:293)
	at java.base/java.util.concurrent.FutureTask.run(FutureTask.java:264)
	at java.base/java.lang.Thread.run(Thread.java:829)
Caused by: org.apache.ratis.util.ExitUtils$ExitException: Failed to start Grpc server
	at org.apache.ratis.util.ExitUtils.terminate(ExitUtils.java:141)
	at org.apache.ratis.util.ExitUtils.terminate(ExitUtils.java:151)
	at org.apache.ratis.grpc.server.GrpcService.startImpl(GrpcService.java:300)
	at org.apache.ratis.util.LifeCycle.startAndTransition(LifeCycle.java:270)
	at org.apache.ratis.server.RaftServerRpcWithProxy.start(RaftServerRpcWithProxy.java:72)
	at org.apache.ratis.server.impl.RaftServerProxy.startImpl(RaftServerProxy.java:402)
	at org.apache.ratis.util.LifeCycle.startAndTransition(LifeCycle.java:270)
	at org.apache.ratis.server.impl.RaftServerProxy.start(RaftServerProxy.java:395)
	at org.apache.ratis.server.impl.MiniRaftCluster.startServers(MiniRaftCluster.java:499)
	at org.apache.ratis.server.impl.MiniRaftCluster.start(MiniRaftCluster.java:346)
	at org.apache.ratis.server.impl.MiniRaftCluster.restart(MiniRaftCluster.java:374)
	at org.apache.ratis.server.impl.RaftReconfigurationBaseTest.lambda$testRestorePriority$0(RaftReconfigurationBaseTest.java:123)
	at org.apache.ratis.server.impl.MiniRaftCluster$Factory$Get.runWithNewCluster(MiniRaftCluster.java:141)
	at org.apache.ratis.server.impl.MiniRaftCluster$Factory$Get.runWithNewCluster(MiniRaftCluster.java:121)
	at org.apache.ratis.server.impl.RaftReconfigurationBaseTest.testRestorePriority(RaftReconfigurationBaseTest.java:100)
	... 13 more
Caused by: java.io.IOException: Failed to bind to address 0.0.0.0/0.0.0.0:46109
	at org.apache.ratis.thirdparty.io.grpc.netty.NettyServer.start(NettyServer.java:328)
	at org.apache.ratis.thirdparty.io.grpc.internal.ServerImpl.start(ServerImpl.java:183)
	at org.apache.ratis.thirdparty.io.grpc.internal.ServerImpl.start(ServerImpl.java:92)
	at org.apache.ratis.grpc.server.GrpcService.startImpl(GrpcService.java:298)
	... 25 more
Caused by: org.apache.ratis.thirdparty.io.netty.channel.unix.Errors$NativeIoException: bind(..) failed: Address already in use
</failure>
    <system-out><![CDATA[2023-03-14 08:39:07,583 [main] INFO  util.LogUtils (Slf4jUtils.java:setLogLevel(38)) - Successfully set org.apache.ratis.conf.ConfUtils log level to WARN
2023-03-14 08:39:07,583 [main] INFO  util.LogUtils (Slf4jUtils.java:setLogLevel(38)) - Successfully set org.apache.ratis.util.FileUtils log level to TRACE
2023-03-14 08:39:07,583 [Time-limited test] INFO  impl.MiniRaftCluster (MiniRaftCluster.java:runWithNewCluster(135)) - Running runWithNewCluster
2023-03-14 08:39:07,584 [Time-limited test] INFO  impl.MiniRaftCluster (MiniRaftCluster.java:<init>(306)) - new MiniRaftClusterWithGrpc with group-6227D363B60F:[s0|rpc:localhost:37217|admin:localhost:38139|client:localhost:45411|dataStream:localhost:42487|priority:0|startupRole:FOLLOWER, s1|rpc:localhost:43769|admin:localhost:41083|client:localhost:41987|dataStream:localhost:38435|priority:0|startupRole:FOLLOWER]
2023-03-14 08:39:07,584 [Time-limited test] INFO  impl.MiniRaftCluster (MiniRaftCluster.java:start(339)) - .............................................................. 
2023-03-14 08:39:07,584 [Time-limited test] INFO  impl.MiniRaftCluster (MiniRaftCluster.java:start(340)) - ... 
2023-03-14 08:39:07,584 [Time-limited test] INFO  impl.MiniRaftCluster (MiniRaftCluster.java:start(341)) - ...     Starting MiniRaftClusterWithGrpc
2023-03-14 08:39:07,584 [Time-limited test] INFO  impl.MiniRaftCluster (MiniRaftCluster.java:start(342)) - ... 
2023-03-14 08:39:07,584 [Time-limited test] INFO  impl.MiniRaftCluster (MiniRaftCluster.java:start(343)) - .............................................................. 
2023-03-14 08:39:07,584 [Time-limited test] INFO  impl.MiniRaftCluster (MiniRaftCluster.java:initServers(318)) - servers = {}
2023-03-14 08:39:07,584 [Time-limited test] INFO  impl.MiniRaftCluster (MiniRaftCluster.java:newRaftServer(382)) - newRaftServer: s0, group-6227D363B60F:[s0|rpc:localhost:37217|admin:localhost:38139|client:localhost:45411|dataStream:localhost:42487|priority:0|startupRole:FOLLOWER, s1|rpc:localhost:43769|admin:localhost:41083|client:localhost:41987|dataStream:localhost:38435|priority:0|startupRole:FOLLOWER], format? true
2023-03-14 08:39:07,584 [Time-limited test] TRACE util.FileUtils (FileUtils.java:deleteFully(201)) - deleteFully target/test/data/be523d36/MiniRaftClusterWithGrpcc969d7e9/s0
2023-03-14 08:39:07,585 [Time-limited test] TRACE util.FileUtils (FileUtils.java:deleteFully(217)) - deleteFully: target/test/data/be523d36/MiniRaftClusterWithGrpcc969d7e9/s0 does not exist.
2023-03-14 08:39:07,585 [Time-limited test] INFO  impl.MiniRaftCluster (MiniRaftCluster.java:newRaftServer(387)) - Formatted directory target/test/data/be523d36/MiniRaftClusterWithGrpcc969d7e9/s0
2023-03-14 08:39:07,586 [Time-limited test] INFO  server.RaftServer (ConfUtils.java:logGet(46)) - raft.rpc.type = GRPC (default)
2023-03-14 08:39:07,586 [Time-limited test] INFO  grpc.GrpcConfigKeys (ConfUtils.java:logFallback(53)) - raft.grpc.admin.host = null (fallback to raft.grpc.server.host)
2023-03-14 08:39:07,586 [Time-limited test] INFO  grpc.GrpcConfigKeys (ConfUtils.java:logGet(46)) - raft.grpc.admin.port = 38139 (custom)
2023-03-14 08:39:07,587 [Time-limited test] INFO  grpc.GrpcConfigKeys (ConfUtils.java:logFallback(53)) - raft.grpc.client.host = null (fallback to raft.grpc.server.host)
2023-03-14 08:39:07,587 [Time-limited test] INFO  grpc.GrpcConfigKeys (ConfUtils.java:logGet(46)) - raft.grpc.client.port = 45411 (custom)
2023-03-14 08:39:07,587 [Time-limited test] INFO  grpc.GrpcConfigKeys (ConfUtils.java:logGet(46)) - raft.grpc.server.host = null (default)
2023-03-14 08:39:07,587 [Time-limited test] INFO  grpc.GrpcConfigKeys (ConfUtils.java:logGet(46)) - raft.grpc.server.port = 37217 (custom)
2023-03-14 08:39:07,587 [Time-limited test] INFO  server.GrpcService (ConfUtils.java:logGet(46)) - raft.grpc.message.size.max = 64MB (=67108864) (default)
2023-03-14 08:39:07,587 [Time-limited test] INFO  server.RaftServerConfigKeys (ConfUtils.java:logGet(46)) - raft.server.log.appender.buffer.byte-limit = 4MB (=4194304) (default)
2023-03-14 08:39:07,587 [Time-limited test] INFO  server.GrpcService (ConfUtils.java:logGet(46)) - raft.grpc.flow.control.window = 1MB (=1048576) (default)
2023-03-14 08:39:07,587 [Time-limited test] INFO  server.RaftServerConfigKeys (ConfUtils.java:logGet(46)) - raft.server.rpc.request.timeout = 3000ms (default)
2023-03-14 08:39:07,587 [Time-limited test] INFO  grpc.GrpcConfigKeys (ConfUtils.java:logGet(46)) - raft.grpc.server.heartbeat.channel = true (default)
2023-03-14 08:39:07,587 [Time-limited test] INFO  grpc.GrpcConfigKeys (ConfUtils.java:logGet(46)) - raft.grpc.server.async.request.thread.pool.cached = true (default)
2023-03-14 08:39:07,587 [Time-limited test] INFO  grpc.GrpcConfigKeys (ConfUtils.java:logGet(46)) - raft.grpc.server.async.request.thread.pool.size = 32 (default)
2023-03-14 08:39:07,588 [Time-limited test] INFO  impl.DataStreamServerImpl (ConfUtils.java:logGet(46)) - raft.datastream.type = DISABLED (default)
2023-03-14 08:39:07,588 [Time-limited test] INFO  server.RaftServerConfigKeys (ConfUtils.java:logGet(46)) - raft.server.threadpool.proxy.cached = true (default)
2023-03-14 08:39:07,588 [Time-limited test] INFO  server.RaftServerConfigKeys (ConfUtils.java:logGet(46)) - raft.server.threadpool.proxy.size = 0 (default)
2023-03-14 08:39:07,588 [Time-limited test] INFO  server.RaftServerConfigKeys (ConfUtils.java:logGet(46)) - raft.server.rpc.slowness.timeout = 60s (default)
2023-03-14 08:39:07,588 [Time-limited test] INFO  server.RaftServerConfigKeys (ConfUtils.java:logGet(46)) - raft.server.leaderelection.leader.step-down.wait-time = 10s (default)
2023-03-14 08:39:07,588 [Time-limited test] INFO  server.RaftServerConfigKeys (ConfUtils.java:logGet(46)) - raft.server.storage.dir = [/home/runner/work/ratis/ratis/ratis-test/target/test/data/be523d36/MiniRaftClusterWithGrpcc969d7e9/s0] (custom)
2023-03-14 08:39:07,589 [Time-limited test] INFO  server.RaftServer (RaftServerProxy.java:addNew(99)) - s0: addNew group-6227D363B60F:[s0|rpc:localhost:37217|admin:localhost:38139|client:localhost:45411|dataStream:localhost:42487|priority:0|startupRole:FOLLOWER, s1|rpc:localhost:43769|admin:localhost:41083|client:localhost:41987|dataStream:localhost:38435|priority:0|startupRole:FOLLOWER] returns group-6227D363B60F:java.util.concurrent.CompletableFuture@13e56442[Not completed]
2023-03-14 08:39:07,589 [Time-limited test] INFO  impl.MiniRaftCluster (MiniRaftCluster.java:newRaftServer(382)) - newRaftServer: s1, group-6227D363B60F:[s0|rpc:localhost:37217|admin:localhost:38139|client:localhost:45411|dataStream:localhost:42487|priority:0|startupRole:FOLLOWER, s1|rpc:localhost:43769|admin:localhost:41083|client:localhost:41987|dataStream:localhost:38435|priority:0|startupRole:FOLLOWER], format? true
2023-03-14 08:39:07,589 [Time-limited test] TRACE util.FileUtils (FileUtils.java:deleteFully(201)) - deleteFully target/test/data/be523d36/MiniRaftClusterWithGrpcc969d7e9/s1
2023-03-14 08:39:07,589 [Time-limited test] TRACE util.FileUtils (FileUtils.java:deleteFully(217)) - deleteFully: target/test/data/be523d36/MiniRaftClusterWithGrpcc969d7e9/s1 does not exist.
2023-03-14 08:39:07,589 [Time-limited test] INFO  impl.MiniRaftCluster (MiniRaftCluster.java:newRaftServer(387)) - Formatted directory target/test/data/be523d36/MiniRaftClusterWithGrpcc969d7e9/s1
2023-03-14 08:39:07,589 [Time-limited test] INFO  server.RaftServer (ConfUtils.java:logGet(46)) - raft.rpc.type = GRPC (default)
2023-03-14 08:39:07,589 [Time-limited test] INFO  grpc.GrpcConfigKeys (ConfUtils.java:logFallback(53)) - raft.grpc.admin.host = null (fallback to raft.grpc.server.host)
2023-03-14 08:39:07,589 [Time-limited test] INFO  grpc.GrpcConfigKeys (ConfUtils.java:logGet(46)) - raft.grpc.admin.port = 41083 (custom)
2023-03-14 08:39:07,589 [Time-limited test] INFO  grpc.GrpcConfigKeys (ConfUtils.java:logFallback(53)) - raft.grpc.client.host = null (fallback to raft.grpc.server.host)
2023-03-14 08:39:07,589 [Time-limited test] INFO  grpc.GrpcConfigKeys (ConfUtils.java:logGet(46)) - raft.grpc.client.port = 41987 (custom)
2023-03-14 08:39:07,589 [Time-limited test] INFO  grpc.GrpcConfigKeys (ConfUtils.java:logGet(46)) - raft.grpc.server.host = null (default)
2023-03-14 08:39:07,589 [Time-limited test] INFO  grpc.GrpcConfigKeys (ConfUtils.java:logGet(46)) - raft.grpc.server.port = 43769 (custom)
2023-03-14 08:39:07,589 [Time-limited test] INFO  server.GrpcService (ConfUtils.java:logGet(46)) - raft.grpc.message.size.max = 64MB (=67108864) (default)
2023-03-14 08:39:07,589 [Time-limited test] INFO  server.RaftServerConfigKeys (ConfUtils.java:logGet(46)) - raft.server.log.appender.buffer.byte-limit = 4MB (=4194304) (default)
2023-03-14 08:39:07,589 [Time-limited test] INFO  server.GrpcService (ConfUtils.java:logGet(46)) - raft.grpc.flow.control.window = 1MB (=1048576) (default)
2023-03-14 08:39:07,589 [Time-limited test] INFO  server.RaftServerConfigKeys (ConfUtils.java:logGet(46)) - raft.server.rpc.request.timeout = 3000ms (default)
2023-03-14 08:39:07,589 [Time-limited test] INFO  grpc.GrpcConfigKeys (ConfUtils.java:logGet(46)) - raft.grpc.server.heartbeat.channel = true (default)
2023-03-14 08:39:07,590 [Time-limited test] INFO  grpc.GrpcConfigKeys (ConfUtils.java:logGet(46)) - raft.grpc.server.async.request.thread.pool.cached = true (default)
2023-03-14 08:39:07,590 [Time-limited test] INFO  grpc.GrpcConfigKeys (ConfUtils.java:logGet(46)) - raft.grpc.server.async.request.thread.pool.size = 32 (default)
2023-03-14 08:39:07,590 [s0-groupManagement] INFO  server.RaftServer$Division (RaftServerImpl.java:<init>(198)) - s0: new RaftServerImpl for group-6227D363B60F:[s0|rpc:localhost:37217|admin:localhost:38139|client:localhost:45411|dataStream:localhost:42487|priority:0|startupRole:FOLLOWER, s1|rpc:localhost:43769|admin:localhost:41083|client:localhost:41987|dataStream:localhost:38435|priority:0|startupRole:FOLLOWER] with BaseStateMachine:uninitialized
2023-03-14 08:39:07,590 [s0-groupManagement] INFO  server.RaftServerConfigKeys (ConfUtils.java:logGet(46)) - raft.server.rpc.timeout.min = 150ms (default)
2023-03-14 08:39:07,590 [s0-groupManagement] INFO  server.RaftServerConfigKeys (ConfUtils.java:logGet(46)) - raft.server.rpc.timeout.max = 300ms (default)
2023-03-14 08:39:07,590 [s0-groupManagement] INFO  server.RaftServerConfigKeys (ConfUtils.java:logGet(46)) - raft.server.rpc.sleep.time = 25ms (default)
2023-03-14 08:39:07,590 [s0-groupManagement] INFO  server.RaftServerConfigKeys (ConfUtils.java:logGet(46)) - raft.server.rpc.slowness.timeout = 60s (default)
2023-03-14 08:39:07,590 [s0-groupManagement] INFO  server.RaftServerConfigKeys (ConfUtils.java:logGet(46)) - raft.server.leaderelection.leader.step-down.wait-time = 10s (default)
2023-03-14 08:39:07,590 [s0-groupManagement] INFO  server.RaftServerConfigKeys (ConfUtils.java:logGet(46)) - raft.server.sleep.deviation.threshold = 300ms (default)
2023-03-14 08:39:07,590 [s0-groupManagement] INFO  server.RaftServer$Division (ServerState.java:<init>(113)) - s0@group-6227D363B60F: ConfigurationManager, init=-1: peers:[s0|rpc:localhost:37217|admin:localhost:38139|client:localhost:45411|dataStream:localhost:42487|priority:0|startupRole:FOLLOWER, s1|rpc:localhost:43769|admin:localhost:41083|client:localhost:41987|dataStream:localhost:38435|priority:0|startupRole:FOLLOWER]|listeners:[], old=null, confs=<EMPTY_MAP>
2023-03-14 08:39:07,590 [s0-groupManagement] INFO  server.RaftServerConfigKeys (ConfUtils.java:logGet(46)) - raft.server.notification.no-leader.timeout = 60s (default)
2023-03-14 08:39:07,590 [s0-groupManagement] INFO  server.RaftServerConfigKeys (ConfUtils.java:logGet(46)) - raft.server.read.timeout = 10s (default)
2023-03-14 08:39:07,590 [s0-groupManagement] INFO  server.RaftServerConfigKeys (ConfUtils.java:logGet(46)) - raft.server.retrycache.expirytime = 60s (default)
2023-03-14 08:39:07,590 [s0-groupManagement] INFO  server.RaftServerConfigKeys (ConfUtils.java:logGet(46)) - raft.server.retrycache.statistics.expirytime = 100μs (default)
2023-03-14 08:39:07,590 [s0-groupManagement] INFO  server.RaftServerConfigKeys (ConfUtils.java:logGet(46)) - raft.server.read.option = DEFAULT (default)
2023-03-14 08:39:07,590 [Time-limited test] INFO  impl.DataStreamServerImpl (ConfUtils.java:logGet(46)) - raft.datastream.type = DISABLED (default)
2023-03-14 08:39:07,590 [Time-limited test] INFO  server.RaftServerConfigKeys (ConfUtils.java:logGet(46)) - raft.server.threadpool.proxy.cached = true (default)
2023-03-14 08:39:07,590 [Time-limited test] INFO  server.RaftServerConfigKeys (ConfUtils.java:logGet(46)) - raft.server.threadpool.proxy.size = 0 (default)
2023-03-14 08:39:07,590 [Time-limited test] INFO  server.RaftServerConfigKeys (ConfUtils.java:logGet(46)) - raft.server.rpc.slowness.timeout = 60s (default)
2023-03-14 08:39:07,590 [Time-limited test] INFO  server.RaftServerConfigKeys (ConfUtils.java:logGet(46)) - raft.server.leaderelection.leader.step-down.wait-time = 10s (default)
2023-03-14 08:39:07,590 [Time-limited test] INFO  server.RaftServerConfigKeys (ConfUtils.java:logGet(46)) - raft.server.storage.dir = [/home/runner/work/ratis/ratis/ratis-test/target/test/data/be523d36/MiniRaftClusterWithGrpcc969d7e9/s1] (custom)
2023-03-14 08:39:07,591 [s0-groupManagement] INFO  server.RaftServerConfigKeys (ConfUtils.java:logGet(46)) - raft.server.log.appender.install.snapshot.enabled = true (default)
2023-03-14 08:39:07,591 [s0-groupManagement] INFO  server.RaftServerConfigKeys (ConfUtils.java:logGet(46)) - raft.server.threadpool.server.cached = true (default)
2023-03-14 08:39:07,591 [s0-groupManagement] INFO  server.RaftServerConfigKeys (ConfUtils.java:logGet(46)) - raft.server.threadpool.server.size = 0 (default)
2023-03-14 08:39:07,591 [s0-groupManagement] INFO  server.RaftServerConfigKeys (ConfUtils.java:logGet(46)) - raft.server.threadpool.client.cached = true (default)
2023-03-14 08:39:07,591 [s0-groupManagement] INFO  server.RaftServerConfigKeys (ConfUtils.java:logGet(46)) - raft.server.threadpool.client.size = 0 (default)
2023-03-14 08:39:07,592 [Time-limited test] INFO  server.RaftServer (RaftServerProxy.java:addNew(99)) - s1: addNew group-6227D363B60F:[s0|rpc:localhost:37217|admin:localhost:38139|client:localhost:45411|dataStream:localhost:42487|priority:0|startupRole:FOLLOWER, s1|rpc:localhost:43769|admin:localhost:41083|client:localhost:41987|dataStream:localhost:38435|priority:0|startupRole:FOLLOWER] returns group-6227D363B60F:java.util.concurrent.CompletableFuture@4b35315d[Not completed]
2023-03-14 08:39:07,592 [s1-groupManagement] INFO  server.RaftServer$Division (RaftServerImpl.java:<init>(198)) - s1: new RaftServerImpl for group-6227D363B60F:[s0|rpc:localhost:37217|admin:localhost:38139|client:localhost:45411|dataStream:localhost:42487|priority:0|startupRole:FOLLOWER, s1|rpc:localhost:43769|admin:localhost:41083|client:localhost:41987|dataStream:localhost:38435|priority:0|startupRole:FOLLOWER] with BaseStateMachine:uninitialized
2023-03-14 08:39:07,592 [s0-impl-thread1] INFO  server.RaftServerConfigKeys (ConfUtils.java:logGet(46)) - raft.server.storage.free-space.min = 0MB (=0) (default)
2023-03-14 08:39:07,592 [s1-groupManagement] INFO  server.RaftServerConfigKeys (ConfUtils.java:logGet(46)) - raft.server.rpc.timeout.min = 150ms (default)
2023-03-14 08:39:07,592 [s1-groupManagement] INFO  server.RaftServerConfigKeys (ConfUtils.java:logGet(46)) - raft.server.rpc.timeout.max = 300ms (default)
2023-03-14 08:39:07,592 [s0-impl-thread1] INFO  server.RaftServerConfigKeys (ConfUtils.java:logGet(46)) - raft.server.log.corruption.policy = EXCEPTION (default)
2023-03-14 08:39:07,593 [s1-groupManagement] INFO  server.RaftServerConfigKeys (ConfUtils.java:logGet(46)) - raft.server.rpc.sleep.time = 25ms (default)
2023-03-14 08:39:07,593 [s0-impl-thread1] INFO  server.RaftServerConfigKeys (ConfUtils.java:logGet(46)) - raft.server.storage.dir = [/home/runner/work/ratis/ratis/ratis-test/target/test/data/be523d36/MiniRaftClusterWithGrpcc969d7e9/s0] (custom)
2023-03-14 08:39:07,593 [s1-groupManagement] INFO  server.RaftServerConfigKeys (ConfUtils.java:logGet(46)) - raft.server.rpc.slowness.timeout = 60s (default)
2023-03-14 08:39:07,593 [s1-groupManagement] INFO  server.RaftServerConfigKeys (ConfUtils.java:logGet(46)) - raft.server.leaderelection.leader.step-down.wait-time = 10s (default)
2023-03-14 08:39:07,593 [s1-groupManagement] INFO  server.RaftServerConfigKeys (ConfUtils.java:logGet(46)) - raft.server.sleep.deviation.threshold = 300ms (default)
2023-03-14 08:39:07,593 [s0-impl-thread1] INFO  storage.RaftStorageDirectory (RaftStorageDirectoryImpl.java:analyzeStorage(138)) - The storage directory /home/runner/work/ratis/ratis/ratis-test/target/test/data/be523d36/MiniRaftClusterWithGrpcc969d7e9/s0/21993f60-4e21-48c2-bea4-6227d363b60f does not exist. Creating ...
2023-03-14 08:39:07,593 [s1-groupManagement] INFO  server.RaftServer$Division (ServerState.java:<init>(113)) - s1@group-6227D363B60F: ConfigurationManager, init=-1: peers:[s0|rpc:localhost:37217|admin:localhost:38139|client:localhost:45411|dataStream:localhost:42487|priority:0|startupRole:FOLLOWER, s1|rpc:localhost:43769|admin:localhost:41083|client:localhost:41987|dataStream:localhost:38435|priority:0|startupRole:FOLLOWER]|listeners:[], old=null, confs=<EMPTY_MAP>
2023-03-14 08:39:07,593 [s1-groupManagement] INFO  server.RaftServerConfigKeys (ConfUtils.java:logGet(46)) - raft.server.notification.no-leader.timeout = 60s (default)
2023-03-14 08:39:07,593 [s1-groupManagement] INFO  server.RaftServerConfigKeys (ConfUtils.java:logGet(46)) - raft.server.read.timeout = 10s (default)
2023-03-14 08:39:07,593 [s1-groupManagement] INFO  server.RaftServerConfigKeys (ConfUtils.java:logGet(46)) - raft.server.retrycache.expirytime = 60s (default)
2023-03-14 08:39:07,593 [s1-groupManagement] INFO  server.RaftServerConfigKeys (ConfUtils.java:logGet(46)) - raft.server.retrycache.statistics.expirytime = 100μs (default)
2023-03-14 08:39:07,593 [s0-impl-thread1] TRACE util.FileUtils (LogUtils.java:runAndLog(49)) - Successfully ran Files.createDirectories /home/runner/work/ratis/ratis/ratis-test/target/test/data/be523d36/MiniRaftClusterWithGrpcc969d7e9/s0/21993f60-4e21-48c2-bea4-6227d363b60f
2023-03-14 08:39:07,596 [s1-groupManagement] INFO  server.RaftServerConfigKeys (ConfUtils.java:logGet(46)) - raft.server.read.option = DEFAULT (default)
2023-03-14 08:39:07,597 [s1-groupManagement] INFO  server.RaftServerConfigKeys (ConfUtils.java:logGet(46)) - raft.server.log.appender.install.snapshot.enabled = true (default)
2023-03-14 08:39:07,597 [s0-impl-thread1] INFO  storage.RaftStorageDirectory (RaftStorageDirectoryImpl.java:tryLock(232)) - Lock on /home/runner/work/ratis/ratis/ratis-test/target/test/data/be523d36/MiniRaftClusterWithGrpcc969d7e9/s0/21993f60-4e21-48c2-bea4-6227d363b60f/in_use.lock acquired by nodename 10435@fv-az41-628
2023-03-14 08:39:07,597 [s0-impl-thread1] TRACE util.FileUtils (LogUtils.java:runAndLog(49)) - Successfully ran Files.createDirectories /home/runner/work/ratis/ratis/ratis-test/target/test/data/be523d36/MiniRaftClusterWithGrpcc969d7e9/s0/21993f60-4e21-48c2-bea4-6227d363b60f/current
2023-03-14 08:39:07,597 [s0-impl-thread1] TRACE util.FileUtils (LogUtils.java:runAndLog(49)) - Successfully ran Files.createDirectories /home/runner/work/ratis/ratis/ratis-test/target/test/data/be523d36/MiniRaftClusterWithGrpcc969d7e9/s0/21993f60-4e21-48c2-bea4-6227d363b60f/sm
2023-03-14 08:39:07,597 [s1-groupManagement] INFO  server.RaftServerConfigKeys (ConfUtils.java:logGet(46)) - raft.server.threadpool.server.cached = true (default)
2023-03-14 08:39:07,597 [s1-groupManagement] INFO  server.RaftServerConfigKeys (ConfUtils.java:logGet(46)) - raft.server.threadpool.server.size = 0 (default)
2023-03-14 08:39:07,598 [s1-groupManagement] INFO  server.RaftServerConfigKeys (ConfUtils.java:logGet(46)) - raft.server.threadpool.client.cached = true (default)
2023-03-14 08:39:07,598 [s1-groupManagement] INFO  server.RaftServerConfigKeys (ConfUtils.java:logGet(46)) - raft.server.threadpool.client.size = 0 (default)
2023-03-14 08:39:07,600 [s0-impl-thread1] INFO  storage.RaftStorage (RaftStorageImpl.java:format(96)) - Storage directory /home/runner/work/ratis/ratis/ratis-test/target/test/data/be523d36/MiniRaftClusterWithGrpcc969d7e9/s0/21993f60-4e21-48c2-bea4-6227d363b60f has been successfully formatted.
2023-03-14 08:39:07,600 [s0-impl-thread1] INFO  server.RaftServerConfigKeys (ConfUtils.java:logGet(46)) - raft.server.log.use.memory = false (default)
2023-03-14 08:39:07,600 [s0-impl-thread1] INFO  server.RaftServerConfigKeys (ConfUtils.java:logGet(46)) - raft.server.log.purge.gap = 1024 (default)
2023-03-14 08:39:07,600 [s0-impl-thread1] INFO  server.RaftServerConfigKeys (ConfUtils.java:logGet(46)) - raft.server.log.appender.buffer.byte-limit = 4MB (=4194304) (default)
2023-03-14 08:39:07,600 [s0-impl-thread1] INFO  server.RaftServerConfigKeys (ConfUtils.java:logGet(46)) - raft.server.log.statemachine.data.read.timeout = 1000ms (default)
2023-03-14 08:39:07,600 [s0-impl-thread1] INFO  server.RaftServerConfigKeys (ConfUtils.java:logGet(46)) - raft.server.log.purge.preservation.log.num = 0 (default)
2023-03-14 08:39:07,600 [s0-impl-thread1] INFO  server.RaftServerConfigKeys (ConfUtils.java:logGet(46)) - raft.server.log.segment.size.max = 8MB (=8388608) (default)
2023-03-14 08:39:07,600 [s0-impl-thread1] INFO  server.RaftServerConfigKeys (ConfUtils.java:logGet(46)) - raft.server.log.segment.cache.num.max = 6 (default)
2023-03-14 08:39:07,600 [s0-impl-thread1] INFO  server.RaftServerConfigKeys (ConfUtils.java:logGet(46)) - raft.server.log.segment.cache.size.max = 200MB (=209715200) (default)
2023-03-14 08:39:07,600 [s0-impl-thread1] INFO  server.RaftServerConfigKeys (ConfUtils.java:logGet(46)) - raft.server.log.appender.buffer.byte-limit = 4MB (=4194304) (default)
2023-03-14 08:39:07,600 [s0-impl-thread1] INFO  segmented.SegmentedRaftLogWorker (SegmentedRaftLogWorker.java:<init>(183)) - new s0@group-6227D363B60F-SegmentedRaftLogWorker for RaftStorageImpl:Storage Directory /home/runner/work/ratis/ratis/ratis-test/target/test/data/be523d36/MiniRaftClusterWithGrpcc969d7e9/s0/21993f60-4e21-48c2-bea4-6227d363b60f
2023-03-14 08:39:07,600 [s0-impl-thread1] INFO  server.RaftServerConfigKeys (ConfUtils.java:logGet(46)) - raft.server.log.queue.byte-limit = 64MB (=67108864) (default)
2023-03-14 08:39:07,601 [s0-impl-thread1] INFO  server.RaftServerConfigKeys (ConfUtils.java:logGet(46)) - raft.server.log.queue.element-limit = 4096 (default)
2023-03-14 08:39:07,601 [s0-impl-thread1] INFO  server.RaftServerConfigKeys (ConfUtils.java:logGet(46)) - raft.server.log.segment.size.max = 8MB (=8388608) (default)
2023-03-14 08:39:07,601 [s0-impl-thread1] INFO  server.RaftServerConfigKeys (ConfUtils.java:logGet(46)) - raft.server.log.preallocated.size = 4MB (=4194304) (default)
2023-03-14 08:39:07,601 [s0-impl-thread1] INFO  server.RaftServerConfigKeys (ConfUtils.java:logGet(46)) - raft.server.log.force.sync.num = 128 (default)
2023-03-14 08:39:07,601 [s0-impl-thread1] INFO  server.RaftServerConfigKeys (ConfUtils.java:logGet(46)) - raft.server.log.statemachine.data.sync = true (default)
2023-03-14 08:39:07,601 [s0-impl-thread1] INFO  server.RaftServerConfigKeys (ConfUtils.java:logGet(46)) - raft.server.log.statemachine.data.sync.timeout = 10s (default)
2023-03-14 08:39:07,601 [s0-impl-thread1] INFO  server.RaftServerConfigKeys (ConfUtils.java:logGet(46)) - raft.server.log.statemachine.data.sync.timeout.retry = -1 (default)
2023-03-14 08:39:07,601 [s0-impl-thread1] INFO  server.RaftServerConfigKeys (ConfUtils.java:logGet(46)) - raft.server.log.write.buffer.size = 64KB (=65536) (default)
2023-03-14 08:39:07,601 [s0-impl-thread1] INFO  server.RaftServerConfigKeys (ConfUtils.java:logGet(46)) - raft.server.log.appender.buffer.byte-limit = 4MB (=4194304) (default)
2023-03-14 08:39:07,601 [s0-impl-thread1] INFO  server.RaftServerConfigKeys (ConfUtils.java:logGet(46)) - raft.server.log.unsafe-flush.enabled = false (default)
2023-03-14 08:39:07,601 [s0-impl-thread1] INFO  server.RaftServerConfigKeys (ConfUtils.java:logGet(46)) - raft.server.log.async-flush.enabled = false (default)
2023-03-14 08:39:07,601 [s0-impl-thread1] INFO  server.RaftServerConfigKeys (ConfUtils.java:logGet(46)) - raft.server.log.statemachine.data.caching.enabled = false (default)
2023-03-14 08:39:07,602 [s0-impl-thread1] INFO  segmented.SegmentedRaftLogWorker (SegmentedRaftLogWorker.java:lambda$new$0(134)) - s0@group-6227D363B60F-SegmentedRaftLogWorker: flushIndex: setUnconditionally 0 -> -1
2023-03-14 08:39:07,602 [s0-impl-thread1] INFO  segmented.SegmentedRaftLogWorker (SegmentedRaftLogWorker.java:lambda$new$0(134)) - s0@group-6227D363B60F-SegmentedRaftLogWorker: safeCacheEvictIndex: setUnconditionally 0 -> -1
2023-03-14 08:39:07,602 [s0-impl-thread1] INFO  server.RaftServer$Division (RaftServerImpl.java:start(342)) - s0@group-6227D363B60F: start as a follower, conf=-1: peers:[s0|rpc:localhost:37217|admin:localhost:38139|client:localhost:45411|dataStream:localhost:42487|priority:0|startupRole:FOLLOWER, s1|rpc:localhost:43769|admin:localhost:41083|client:localhost:41987|dataStream:localhost:38435|priority:0|startupRole:FOLLOWER]|listeners:[], old=null
2023-03-14 08:39:07,602 [s0-impl-thread1] INFO  server.RaftServer$Division (RaftServerImpl.java:setRole(329)) - s0@group-6227D363B60F: changes role from      null to FOLLOWER at term 0 for startAsFollower
2023-03-14 08:39:07,602 [s0-impl-thread1] INFO  impl.RoleInfo (RoleInfo.java:updateAndGet(139)) - s0: start s0@group-6227D363B60F-FollowerState
2023-03-14 08:39:07,602 [s0-impl-thread1] INFO  util.JmxRegister (JmxRegister.java:tryRegister(44)) - Successfully registered JMX Bean with object name Ratis:service=RaftServer,group=group-6227D363B60F,id=s0
2023-03-14 08:39:07,602 [s0@group-6227D363B60F-FollowerState] INFO  server.RaftServerConfigKeys (ConfUtils.java:logFallback(53)) - raft.server.rpc.first-election.timeout.min = 150ms (fallback to raft.server.rpc.timeout.min)
2023-03-14 08:39:07,602 [s0-impl-thread1] INFO  server.RaftServerConfigKeys (ConfUtils.java:logGet(46)) - raft.server.snapshot.auto.trigger.enabled = false (default)
2023-03-14 08:39:07,602 [s0@group-6227D363B60F-FollowerState] INFO  server.RaftServerConfigKeys (ConfUtils.java:logFallback(53)) - raft.server.rpc.first-election.timeout.max = 300ms (fallback to raft.server.rpc.timeout.max)
2023-03-14 08:39:07,602 [s0-impl-thread1] INFO  server.RaftServerConfigKeys (ConfUtils.java:logGet(46)) - raft.server.snapshot.retention.file.num = -1 (default)
2023-03-14 08:39:07,602 [s0-impl-thread1] INFO  server.RaftServerConfigKeys (ConfUtils.java:logGet(46)) - raft.server.log.purge.upto.snapshot.index = false (default)
2023-03-14 08:39:07,603 [Time-limited test] INFO  server.RaftServer (RaftServerProxy.java:startImpl(401)) - s0: start RPC server
2023-03-14 08:39:07,603 [Time-limited test] INFO  server.GrpcService (GrpcService.java:startImpl(302)) - s0: GrpcService started, listening on 45411
2023-03-14 08:39:07,603 [Time-limited test] INFO  server.GrpcService (GrpcService.java:startImpl(302)) - s0: GrpcService started, listening on 37217
2023-03-14 08:39:07,603 [Time-limited test] INFO  server.GrpcService (GrpcService.java:startImpl(302)) - s0: GrpcService started, listening on 38139
2023-03-14 08:39:07,603 [s1-impl-thread1] INFO  server.RaftServerConfigKeys (ConfUtils.java:logGet(46)) - raft.server.storage.free-space.min = 0MB (=0) (default)
2023-03-14 08:39:07,603 [JvmPauseMonitor55] INFO  util.JvmPauseMonitor (JvmPauseMonitor.java:run(103)) - JvmPauseMonitor-s0: Started
2023-03-14 08:39:07,603 [s1-impl-thread1] INFO  server.RaftServerConfigKeys (ConfUtils.java:logGet(46)) - raft.server.log.corruption.policy = EXCEPTION (default)
2023-03-14 08:39:07,603 [s1-impl-thread1] INFO  server.RaftServerConfigKeys (ConfUtils.java:logGet(46)) - raft.server.storage.dir = [/home/runner/work/ratis/ratis/ratis-test/target/test/data/be523d36/MiniRaftClusterWithGrpcc969d7e9/s1] (custom)
2023-03-14 08:39:07,604 [s1-impl-thread1] INFO  storage.RaftStorageDirectory (RaftStorageDirectoryImpl.java:analyzeStorage(138)) - The storage directory /home/runner/work/ratis/ratis/ratis-test/target/test/data/be523d36/MiniRaftClusterWithGrpcc969d7e9/s1/21993f60-4e21-48c2-bea4-6227d363b60f does not exist. Creating ...
2023-03-14 08:39:07,604 [s1-impl-thread1] TRACE util.FileUtils (LogUtils.java:runAndLog(49)) - Successfully ran Files.createDirectories /home/runner/work/ratis/ratis/ratis-test/target/test/data/be523d36/MiniRaftClusterWithGrpcc969d7e9/s1/21993f60-4e21-48c2-bea4-6227d363b60f
2023-03-14 08:39:07,606 [s1-impl-thread1] INFO  storage.RaftStorageDirectory (RaftStorageDirectoryImpl.java:tryLock(232)) - Lock on /home/runner/work/ratis/ratis/ratis-test/target/test/data/be523d36/MiniRaftClusterWithGrpcc969d7e9/s1/21993f60-4e21-48c2-bea4-6227d363b60f/in_use.lock acquired by nodename 10435@fv-az41-628
2023-03-14 08:39:07,606 [s1-impl-thread1] TRACE util.FileUtils (LogUtils.java:runAndLog(49)) - Successfully ran Files.createDirectories /home/runner/work/ratis/ratis/ratis-test/target/test/data/be523d36/MiniRaftClusterWithGrpcc969d7e9/s1/21993f60-4e21-48c2-bea4-6227d363b60f/current
2023-03-14 08:39:07,606 [s1-impl-thread1] TRACE util.FileUtils (LogUtils.java:runAndLog(49)) - Successfully ran Files.createDirectories /home/runner/work/ratis/ratis/ratis-test/target/test/data/be523d36/MiniRaftClusterWithGrpcc969d7e9/s1/21993f60-4e21-48c2-bea4-6227d363b60f/sm
2023-03-14 08:39:07,607 [s1-impl-thread1] INFO  storage.RaftStorage (RaftStorageImpl.java:format(96)) - Storage directory /home/runner/work/ratis/ratis/ratis-test/target/test/data/be523d36/MiniRaftClusterWithGrpcc969d7e9/s1/21993f60-4e21-48c2-bea4-6227d363b60f has been successfully formatted.
2023-03-14 08:39:07,607 [s1-impl-thread1] INFO  server.RaftServerConfigKeys (ConfUtils.java:logGet(46)) - raft.server.log.use.memory = false (default)
2023-03-14 08:39:07,608 [s1-impl-thread1] INFO  server.RaftServerConfigKeys (ConfUtils.java:logGet(46)) - raft.server.log.purge.gap = 1024 (default)
2023-03-14 08:39:07,608 [s1-impl-thread1] INFO  server.RaftServerConfigKeys (ConfUtils.java:logGet(46)) - raft.server.log.appender.buffer.byte-limit = 4MB (=4194304) (default)
2023-03-14 08:39:07,608 [s1-impl-thread1] INFO  server.RaftServerConfigKeys (ConfUtils.java:logGet(46)) - raft.server.log.statemachine.data.read.timeout = 1000ms (default)
2023-03-14 08:39:07,608 [s1-impl-thread1] INFO  server.RaftServerConfigKeys (ConfUtils.java:logGet(46)) - raft.server.log.purge.preservation.log.num = 0 (default)
2023-03-14 08:39:07,608 [s1-impl-thread1] INFO  server.RaftServerConfigKeys (ConfUtils.java:logGet(46)) - raft.server.log.segment.size.max = 8MB (=8388608) (default)
2023-03-14 08:39:07,608 [s1-impl-thread1] INFO  server.RaftServerConfigKeys (ConfUtils.java:logGet(46)) - raft.server.log.segment.cache.num.max = 6 (default)
2023-03-14 08:39:07,608 [s1-impl-thread1] INFO  server.RaftServerConfigKeys (ConfUtils.java:logGet(46)) - raft.server.log.segment.cache.size.max = 200MB (=209715200) (default)
2023-03-14 08:39:07,608 [s1-impl-thread1] INFO  server.RaftServerConfigKeys (ConfUtils.java:logGet(46)) - raft.server.log.appender.buffer.byte-limit = 4MB (=4194304) (default)
2023-03-14 08:39:07,608 [s1-impl-thread1] INFO  segmented.SegmentedRaftLogWorker (SegmentedRaftLogWorker.java:<init>(183)) - new s1@group-6227D363B60F-SegmentedRaftLogWorker for RaftStorageImpl:Storage Directory /home/runner/work/ratis/ratis/ratis-test/target/test/data/be523d36/MiniRaftClusterWithGrpcc969d7e9/s1/21993f60-4e21-48c2-bea4-6227d363b60f
2023-03-14 08:39:07,608 [s1-impl-thread1] INFO  server.RaftServerConfigKeys (ConfUtils.java:logGet(46)) - raft.server.log.queue.byte-limit = 64MB (=67108864) (default)
2023-03-14 08:39:07,608 [s1-impl-thread1] INFO  server.RaftServerConfigKeys (ConfUtils.java:logGet(46)) - raft.server.log.queue.element-limit = 4096 (default)
2023-03-14 08:39:07,608 [s1-impl-thread1] INFO  server.RaftServerConfigKeys (ConfUtils.java:logGet(46)) - raft.server.log.segment.size.max = 8MB (=8388608) (default)
2023-03-14 08:39:07,608 [s1-impl-thread1] INFO  server.RaftServerConfigKeys (ConfUtils.java:logGet(46)) - raft.server.log.preallocated.size = 4MB (=4194304) (default)
2023-03-14 08:39:07,608 [s1-impl-thread1] INFO  server.RaftServerConfigKeys (ConfUtils.java:logGet(46)) - raft.server.log.force.sync.num = 128 (default)
2023-03-14 08:39:07,608 [s1-impl-thread1] INFO  server.RaftServerConfigKeys (ConfUtils.java:logGet(46)) - raft.server.log.statemachine.data.sync = true (default)
2023-03-14 08:39:07,608 [s1-impl-thread1] INFO  server.RaftServerConfigKeys (ConfUtils.java:logGet(46)) - raft.server.log.statemachine.data.sync.timeout = 10s (default)
2023-03-14 08:39:07,608 [s1-impl-thread1] INFO  server.RaftServerConfigKeys (ConfUtils.java:logGet(46)) - raft.server.log.statemachine.data.sync.timeout.retry = -1 (default)
2023-03-14 08:39:07,608 [s1-impl-thread1] INFO  server.RaftServerConfigKeys (ConfUtils.java:logGet(46)) - raft.server.log.write.buffer.size = 64KB (=65536) (default)
2023-03-14 08:39:07,608 [s1-impl-thread1] INFO  server.RaftServerConfigKeys (ConfUtils.java:logGet(46)) - raft.server.log.appender.buffer.byte-limit = 4MB (=4194304) (default)
2023-03-14 08:39:07,609 [s1-impl-thread1] INFO  server.RaftServerConfigKeys (ConfUtils.java:logGet(46)) - raft.server.log.unsafe-flush.enabled = false (default)
2023-03-14 08:39:07,609 [s1-impl-thread1] INFO  server.RaftServerConfigKeys (ConfUtils.java:logGet(46)) - raft.server.log.async-flush.enabled = false (default)
2023-03-14 08:39:07,609 [s1-impl-thread1] INFO  server.RaftServerConfigKeys (ConfUtils.java:logGet(46)) - raft.server.log.statemachine.data.caching.enabled = false (default)
2023-03-14 08:39:07,609 [s1-impl-thread1] INFO  segmented.SegmentedRaftLogWorker (SegmentedRaftLogWorker.java:lambda$new$0(134)) - s1@group-6227D363B60F-SegmentedRaftLogWorker: flushIndex: setUnconditionally 0 -> -1
2023-03-14 08:39:07,609 [s1-impl-thread1] INFO  segmented.SegmentedRaftLogWorker (SegmentedRaftLogWorker.java:lambda$new$0(134)) - s1@group-6227D363B60F-SegmentedRaftLogWorker: safeCacheEvictIndex: setUnconditionally 0 -> -1
2023-03-14 08:39:07,612 [s1-impl-thread1] INFO  server.RaftServer$Division (RaftServerImpl.java:start(342)) - s1@group-6227D363B60F: start as a follower, conf=-1: peers:[s0|rpc:localhost:37217|admin:localhost:38139|client:localhost:45411|dataStream:localhost:42487|priority:0|startupRole:FOLLOWER, s1|rpc:localhost:43769|admin:localhost:41083|client:localhost:41987|dataStream:localhost:38435|priority:0|startupRole:FOLLOWER]|listeners:[], old=null
2023-03-14 08:39:07,612 [s1-impl-thread1] INFO  server.RaftServer$Division (RaftServerImpl.java:setRole(329)) - s1@group-6227D363B60F: changes role from      null to FOLLOWER at term 0 for startAsFollower
2023-03-14 08:39:07,612 [s1-impl-thread1] INFO  impl.RoleInfo (RoleInfo.java:updateAndGet(139)) - s1: start s1@group-6227D363B60F-FollowerState
2023-03-14 08:39:07,612 [s1-impl-thread1] INFO  util.JmxRegister (JmxRegister.java:tryRegister(44)) - Successfully registered JMX Bean with object name Ratis:service=RaftServer,group=group-6227D363B60F,id=s1
2023-03-14 08:39:07,612 [s1-impl-thread1] INFO  server.RaftServerConfigKeys (ConfUtils.java:logGet(46)) - raft.server.snapshot.auto.trigger.enabled = false (default)
2023-03-14 08:39:07,612 [s1-impl-thread1] INFO  server.RaftServerConfigKeys (ConfUtils.java:logGet(46)) - raft.server.snapshot.retention.file.num = -1 (default)
2023-03-14 08:39:07,612 [s1-impl-thread1] INFO  server.RaftServerConfigKeys (ConfUtils.java:logGet(46)) - raft.server.log.purge.upto.snapshot.index = false (default)
2023-03-14 08:39:07,613 [s1@group-6227D363B60F-FollowerState] INFO  server.RaftServerConfigKeys (ConfUtils.java:logFallback(53)) - raft.server.rpc.first-election.timeout.min = 150ms (fallback to raft.server.rpc.timeout.min)
2023-03-14 08:39:07,613 [s1@group-6227D363B60F-FollowerState] INFO  server.RaftServerConfigKeys (ConfUtils.java:logFallback(53)) - raft.server.rpc.first-election.timeout.max = 300ms (fallback to raft.server.rpc.timeout.max)
2023-03-14 08:39:07,613 [Time-limited test] INFO  server.RaftServer (RaftServerProxy.java:startImpl(401)) - s1: start RPC server
2023-03-14 08:39:07,613 [Time-limited test] INFO  server.GrpcService (GrpcService.java:startImpl(302)) - s1: GrpcService started, listening on 41987
2023-03-14 08:39:07,613 [Time-limited test] INFO  server.GrpcService (GrpcService.java:startImpl(302)) - s1: GrpcService started, listening on 43769
2023-03-14 08:39:07,613 [Time-limited test] INFO  server.GrpcService (GrpcService.java:startImpl(302)) - s1: GrpcService started, listening on 41083
2023-03-14 08:39:07,616 [JvmPauseMonitor56] INFO  util.JvmPauseMonitor (JvmPauseMonitor.java:run(103)) - JvmPauseMonitor-s1: Started
2023-03-14 08:39:07,620 [Time-limited test] INFO  server.RaftServerConfigKeys (ConfUtils.java:logGet(46)) - raft.server.rpc.timeout.max = 300ms (default)
2023-03-14 08:39:07,620 [Time-limited test] INFO  ratis.RaftTestUtil (RaftTestUtil.java:waitForLeader(100)) - printing ALL groups
  s0:  RUNNING  FOLLOWER s0@group-6227D363B60F:t0, leader=null, voted=, raftlog=Memoized:s0@group-6227D363B60F-SegmentedRaftLog:OPENED:c-1, conf=-1: peers:[s0|rpc:localhost:37217|admin:localhost:38139|client:localhost:45411|dataStream:localhost:42487|priority:0|startupRole:FOLLOWER, s1|rpc:localhost:43769|admin:localhost:41083|client:localhost:41987|dataStream:localhost:38435|priority:0|startupRole:FOLLOWER]|listeners:[], old=null RUNNING
  s1:  RUNNING  FOLLOWER s1@group-6227D363B60F:t0, leader=null, voted=, raftlog=Memoized:s1@group-6227D363B60F-SegmentedRaftLog:OPENED:c-1, conf=-1: peers:[s0|rpc:localhost:37217|admin:localhost:38139|client:localhost:45411|dataStream:localhost:42487|priority:0|startupRole:FOLLOWER, s1|rpc:localhost:43769|admin:localhost:41083|client:localhost:41987|dataStream:localhost:38435|priority:0|startupRole:FOLLOWER]|listeners:[], old=null RUNNING
2023-03-14 08:39:07,623 [Time-limited test] WARN  ratis.RaftTestUtil (JavaUtils.java:attempt(217)) - FAILED "waitForLeader-null-(expectLeader? true)", attempt #1/100: java.lang.IllegalStateException: No leader yet : printing ALL groups
  s0:  RUNNING  FOLLOWER s0@group-6227D363B60F:t0, leader=null, voted=, raftlog=Memoized:s0@group-6227D363B60F-SegmentedRaftLog:OPENED:c-1, conf=-1: peers:[s0|rpc:localhost:37217|admin:localhost:38139|client:localhost:45411|dataStream:localhost:42487|priority:0|startupRole:FOLLOWER, s1|rpc:localhost:43769|admin:localhost:41083|client:localhost:41987|dataStream:localhost:38435|priority:0|startupRole:FOLLOWER]|listeners:[], old=null RUNNING
  s1:  RUNNING  FOLLOWER s1@group-6227D363B60F:t0, leader=null, voted=, raftlog=Memoized:s1@group-6227D363B60F-SegmentedRaftLog:OPENED:c-1, conf=-1: peers:[s0|rpc:localhost:37217|admin:localhost:38139|client:localhost:45411|dataStream:localhost:42487|priority:0|startupRole:FOLLOWER, s1|rpc:localhost:43769|admin:localhost:41083|client:localhost:41987|dataStream:localhost:38435|priority:0|startupRole:FOLLOWER]|listeners:[], old=null RUNNING, sleep 450ms and then retry.
java.lang.IllegalStateException: No leader yet : printing ALL groups
  s0:  RUNNING  FOLLOWER s0@group-6227D363B60F:t0, leader=null, voted=, raftlog=Memoized:s0@group-6227D363B60F-SegmentedRaftLog:OPENED:c-1, conf=-1: peers:[s0|rpc:localhost:37217|admin:localhost:38139|client:localhost:45411|dataStream:localhost:42487|priority:0|startupRole:FOLLOWER, s1|rpc:localhost:43769|admin:localhost:41083|client:localhost:41987|dataStream:localhost:38435|priority:0|startupRole:FOLLOWER]|listeners:[], old=null RUNNING
  s1:  RUNNING  FOLLOWER s1@group-6227D363B60F:t0, leader=null, voted=, raftlog=Memoized:s1@group-6227D363B60F-SegmentedRaftLog:OPENED:c-1, conf=-1: peers:[s0|rpc:localhost:37217|admin:localhost:38139|client:localhost:45411|dataStream:localhost:42487|priority:0|startupRole:FOLLOWER, s1|rpc:localhost:43769|admin:localhost:41083|client:localhost:41987|dataStream:localhost:38435|priority:0|startupRole:FOLLOWER]|listeners:[], old=null RUNNING
	at org.apache.ratis.server.impl.MiniRaftCluster.newIllegalStateExceptionForNoLeaders(MiniRaftCluster.java:581)
	at org.apache.ratis.RaftTestUtil.lambda$waitForLeader$1(RaftTestUtil.java:104)
	at org.apache.ratis.server.impl.MiniRaftCluster.getLeader(MiniRaftCluster.java:615)
	at org.apache.ratis.server.impl.MiniRaftCluster.getLeader(MiniRaftCluster.java:608)
	at org.apache.ratis.RaftTestUtil.lambda$waitForLeader$3(RaftTestUtil.java:112)
	at org.apache.ratis.util.JavaUtils.attempt(JavaUtils.java:211)
	at org.apache.ratis.util.JavaUtils.attemptRepeatedly(JavaUtils.java:197)
	at org.apache.ratis.RaftTestUtil.waitForLeader(RaftTestUtil.java:111)
	at org.apache.ratis.RaftTestUtil.waitForLeader(RaftTestUtil.java:92)
	at org.apache.ratis.RaftTestUtil.waitForLeader(RaftTestUtil.java:87)
	at org.apache.ratis.server.impl.RaftReconfigurationBaseTest.runTestSetConfigurationInCasMode(RaftReconfigurationBaseTest.java:227)
	at org.apache.ratis.server.impl.MiniRaftCluster$Factory$Get.runWithNewCluster(MiniRaftCluster.java:141)
	at org.apache.ratis.server.impl.MiniRaftCluster$Factory$Get.runWithNewCluster(MiniRaftCluster.java:121)
	at org.apache.ratis.server.impl.RaftReconfigurationBaseTest.testSetConfigurationInCasMode(RaftReconfigurationBaseTest.java:223)
	at java.base/jdk.internal.reflect.NativeMethodAccessorImpl.invoke0(Native Method)
	at java.base/jdk.internal.reflect.NativeMethodAccessorImpl.invoke(NativeMethodAccessorImpl.java:62)
	at java.base/jdk.internal.reflect.DelegatingMethodAccessorImpl.invoke(DelegatingMethodAccessorImpl.java:43)
	at java.base/java.lang.reflect.Method.invoke(Method.java:566)
	at org.junit.runners.model.FrameworkMethod$1.runReflectiveCall(FrameworkMethod.java:59)
	at org.junit.internal.runners.model.ReflectiveCallable.run(ReflectiveCallable.java:12)
	at org.junit.runners.model.FrameworkMethod.invokeExplosively(FrameworkMethod.java:56)
	at org.junit.internal.runners.statements.InvokeMethod.evaluate(InvokeMethod.java:17)
	at org.junit.internal.runners.statements.RunAfters.evaluate(RunAfters.java:27)
	at org.junit.internal.runners.statements.FailOnTimeout$CallableStatement.call(FailOnTimeout.java:299)
	at org.junit.internal.runners.statements.FailOnTimeout$CallableStatement.call(FailOnTimeout.java:293)
	at java.base/java.util.concurrent.FutureTask.run(FutureTask.java:264)
	at java.base/java.lang.Thread.run(Thread.java:829)
2023-03-14 08:39:07,829 [s1@group-6227D363B60F-FollowerState] INFO  impl.FollowerState (FollowerState.java:run(143)) - s1@group-6227D363B60F-FollowerState: change to CANDIDATE, lastRpcElapsedTime:216760838ns, electionTimeout:216ms
2023-03-14 08:39:07,829 [s1@group-6227D363B60F-FollowerState] INFO  impl.RoleInfo (RoleInfo.java:shutdownFollowerState(110)) - s1: shutdown s1@group-6227D363B60F-FollowerState
2023-03-14 08:39:07,829 [s1@group-6227D363B60F-FollowerState] INFO  server.RaftServer$Division (RaftServerImpl.java:setRole(329)) - s1@group-6227D363B60F: changes role from  FOLLOWER to CANDIDATE at term 0 for changeToCandidate
2023-03-14 08:39:07,829 [s1@group-6227D363B60F-FollowerState] INFO  server.RaftServerConfigKeys (ConfUtils.java:logGet(46)) - raft.server.leaderelection.pre-vote = true (default)
2023-03-14 08:39:07,829 [s1@group-6227D363B60F-FollowerState] INFO  impl.RoleInfo (RoleInfo.java:updateAndGet(139)) - s1: start s1@group-6227D363B60F-LeaderElection43
2023-03-14 08:39:07,829 [s1@group-6227D363B60F-LeaderElection43] INFO  impl.LeaderElection (LeaderElection.java:askForVotes(320)) - s1@group-6227D363B60F-LeaderElection43 PRE_VOTE round 0: submit vote requests at term 0 for -1: peers:[s0|rpc:localhost:37217|admin:localhost:38139|client:localhost:45411|dataStream:localhost:42487|priority:0|startupRole:FOLLOWER, s1|rpc:localhost:43769|admin:localhost:41083|client:localhost:41987|dataStream:localhost:38435|priority:0|startupRole:FOLLOWER]|listeners:[], old=null
2023-03-14 08:39:07,830 [s1@group-6227D363B60F-LeaderElection43] INFO  server.RaftServerConfigKeys (ConfUtils.java:logFallback(53)) - raft.server.rpc.first-election.timeout.min = 150ms (fallback to raft.server.rpc.timeout.min)
2023-03-14 08:39:07,830 [s1@group-6227D363B60F-LeaderElection43-1] INFO  server.GrpcServerProtocolClient (GrpcServerProtocolClient.java:<init>(64)) - Build channel for s0
2023-03-14 08:39:07,830 [s1@group-6227D363B60F-LeaderElection43] INFO  server.RaftServerConfigKeys (ConfUtils.java:logFallback(53)) - raft.server.rpc.first-election.timeout.max = 300ms (fallback to raft.server.rpc.timeout.max)
2023-03-14 08:39:07,832 [grpc-default-executor-7] INFO  server.RaftServer$Division (RaftServerImpl.java:requestVote(1303)) - s0@group-6227D363B60F: receive requestVote(PRE_VOTE, s1, group-6227D363B60F, 0, (t:0, i:0))
2023-03-14 08:39:07,832 [grpc-default-executor-7] INFO  impl.VoteContext (VoteContext.java:log(49)) - s0@group-6227D363B60F-FOLLOWER: accept PRE_VOTE from s1: our priority 0 <= candidate's priority 0
2023-03-14 08:39:07,832 [grpc-default-executor-7] INFO  server.RaftServer$Division (RaftServerImpl.java:requestVote(1336)) - s0@group-6227D363B60F replies to PRE_VOTE vote request: s1<-s0#0:OK-t0. Peer's state: s0@group-6227D363B60F:t0, leader=null, voted=, raftlog=Memoized:s0@group-6227D363B60F-SegmentedRaftLog:OPENED:c-1, conf=-1: peers:[s0|rpc:localhost:37217|admin:localhost:38139|client:localhost:45411|dataStream:localhost:42487|priority:0|startupRole:FOLLOWER, s1|rpc:localhost:43769|admin:localhost:41083|client:localhost:41987|dataStream:localhost:38435|priority:0|startupRole:FOLLOWER]|listeners:[], old=null
2023-03-14 08:39:07,836 [s1@group-6227D363B60F-LeaderElection43] INFO  impl.LeaderElection (LeaderElection.java:logAndReturn(89)) - s1@group-6227D363B60F-LeaderElection43: PRE_VOTE PASSED received 1 response(s) and 0 exception(s):
2023-03-14 08:39:07,836 [s1@group-6227D363B60F-LeaderElection43] INFO  impl.LeaderElection (LeaderElection.java:logAndReturn(93)) -   Response 0: s1<-s0#0:OK-t0
2023-03-14 08:39:07,836 [s1@group-6227D363B60F-LeaderElection43] INFO  impl.LeaderElection (LeaderElection.java:askForVotes(322)) - s1@group-6227D363B60F-LeaderElection43 PRE_VOTE round 0: result PASSED
2023-03-14 08:39:07,837 [s1@group-6227D363B60F-LeaderElection43] INFO  impl.LeaderElection (LeaderElection.java:askForVotes(320)) - s1@group-6227D363B60F-LeaderElection43 ELECTION round 0: submit vote requests at term 1 for -1: peers:[s0|rpc:localhost:37217|admin:localhost:38139|client:localhost:45411|dataStream:localhost:42487|priority:0|startupRole:FOLLOWER, s1|rpc:localhost:43769|admin:localhost:41083|client:localhost:41987|dataStream:localhost:38435|priority:0|startupRole:FOLLOWER]|listeners:[], old=null
2023-03-14 08:39:07,837 [s1@group-6227D363B60F-LeaderElection43] INFO  server.RaftServerConfigKeys (ConfUtils.java:logFallback(53)) - raft.server.rpc.first-election.timeout.min = 150ms (fallback to raft.server.rpc.timeout.min)
2023-03-14 08:39:07,837 [s1@group-6227D363B60F-LeaderElection43] INFO  server.RaftServerConfigKeys (ConfUtils.java:logFallback(53)) - raft.server.rpc.first-election.timeout.max = 300ms (fallback to raft.server.rpc.timeout.max)
2023-03-14 08:39:07,838 [grpc-default-executor-7] INFO  server.RaftServer$Division (RaftServerImpl.java:requestVote(1303)) - s0@group-6227D363B60F: receive requestVote(ELECTION, s1, group-6227D363B60F, 1, (t:0, i:0))
2023-03-14 08:39:07,838 [grpc-default-executor-7] INFO  impl.VoteContext (VoteContext.java:log(49)) - s0@group-6227D363B60F-FOLLOWER: accept ELECTION from s1: our priority 0 <= candidate's priority 0
2023-03-14 08:39:07,838 [grpc-default-executor-7] INFO  server.RaftServer$Division (RaftServerImpl.java:setRole(329)) - s0@group-6227D363B60F: changes role from  FOLLOWER to FOLLOWER at term 1 for candidate:s1
2023-03-14 08:39:07,838 [grpc-default-executor-7] INFO  impl.RoleInfo (RoleInfo.java:shutdownFollowerState(110)) - s0: shutdown s0@group-6227D363B60F-FollowerState
2023-03-14 08:39:07,838 [grpc-default-executor-7] INFO  impl.RoleInfo (RoleInfo.java:updateAndGet(139)) - s0: start s0@group-6227D363B60F-FollowerState
2023-03-14 08:39:07,838 [s0@group-6227D363B60F-FollowerState] INFO  impl.FollowerState (FollowerState.java:run(152)) - s0@group-6227D363B60F-FollowerState was interrupted
2023-03-14 08:39:07,839 [s0@group-6227D363B60F-FollowerState] INFO  server.RaftServerConfigKeys (ConfUtils.java:logFallback(53)) - raft.server.rpc.first-election.timeout.min = 150ms (fallback to raft.server.rpc.timeout.min)
2023-03-14 08:39:07,839 [s0@group-6227D363B60F-FollowerState] INFO  server.RaftServerConfigKeys (ConfUtils.java:logFallback(53)) - raft.server.rpc.first-election.timeout.max = 300ms (fallback to raft.server.rpc.timeout.max)
2023-03-14 08:39:07,839 [grpc-default-executor-7] INFO  server.RaftServer$Division (RaftServerImpl.java:requestVote(1336)) - s0@group-6227D363B60F replies to ELECTION vote request: s1<-s0#0:OK-t1. Peer's state: s0@group-6227D363B60F:t1, leader=null, voted=s1, raftlog=Memoized:s0@group-6227D363B60F-SegmentedRaftLog:OPENED:c-1, conf=-1: peers:[s0|rpc:localhost:37217|admin:localhost:38139|client:localhost:45411|dataStream:localhost:42487|priority:0|startupRole:FOLLOWER, s1|rpc:localhost:43769|admin:localhost:41083|client:localhost:41987|dataStream:localhost:38435|priority:0|startupRole:FOLLOWER]|listeners:[], old=null
2023-03-14 08:39:07,839 [s1@group-6227D363B60F-LeaderElection43] INFO  impl.LeaderElection (LeaderElection.java:logAndReturn(89)) - s1@group-6227D363B60F-LeaderElection43: ELECTION PASSED received 1 response(s) and 0 exception(s):
2023-03-14 08:39:07,840 [s1@group-6227D363B60F-LeaderElection43] INFO  impl.LeaderElection (LeaderElection.java:logAndReturn(93)) -   Response 0: s1<-s0#0:OK-t1
2023-03-14 08:39:07,840 [s1@group-6227D363B60F-LeaderElection43] INFO  impl.LeaderElection (LeaderElection.java:askForVotes(322)) - s1@group-6227D363B60F-LeaderElection43 ELECTION round 0: result PASSED
2023-03-14 08:39:07,840 [s1@group-6227D363B60F-LeaderElection43] INFO  impl.RoleInfo (RoleInfo.java:shutdownLeaderElection(130)) - s1: shutdown s1@group-6227D363B60F-LeaderElection43
2023-03-14 08:39:07,840 [s1@group-6227D363B60F-LeaderElection43] INFO  server.RaftServer$Division (RaftServerImpl.java:setRole(329)) - s1@group-6227D363B60F: changes role from CANDIDATE to LEADER at term 1 for changeToLeader
2023-03-14 08:39:07,840 [s1@group-6227D363B60F-LeaderElection43] INFO  server.RaftServer$Division (ServerState.java:setLeader(260)) - s1@group-6227D363B60F: change Leader from null to s1 at term 1 for becomeLeader, leader elected after 246ms
2023-03-14 08:39:07,840 [s1@group-6227D363B60F-LeaderElection43] INFO  server.RaftServerConfigKeys (ConfUtils.java:logGet(46)) - raft.server.staging.catchup.gap = 10 (custom)
2023-03-14 08:39:07,840 [s1@group-6227D363B60F-LeaderElection43] INFO  server.RaftServerConfigKeys (ConfUtils.java:logGet(46)) - raft.server.write.element-limit = 4096 (default)
2023-03-14 08:39:07,840 [s1@group-6227D363B60F-LeaderElection43] INFO  server.RaftServerConfigKeys (ConfUtils.java:logGet(46)) - raft.server.write.byte-limit = 64MB (=67108864) (default)
2023-03-14 08:39:07,840 [s1@group-6227D363B60F-LeaderElection43] INFO  server.RaftServerConfigKeys (ConfUtils.java:logGet(46)) - raft.server.watch.timeout = 10s (default)
2023-03-14 08:39:07,840 [s1@group-6227D363B60F-LeaderElection43] INFO  server.RaftServerConfigKeys (ConfUtils.java:logGet(46)) - raft.server.watch.timeout.denomination = 1s (default)
2023-03-14 08:39:07,840 [s1@group-6227D363B60F-LeaderElection43] INFO  server.RaftServerConfigKeys (ConfUtils.java:logGet(46)) - raft.server.watch.element-limit = 65536 (default)
2023-03-14 08:39:07,840 [s1@group-6227D363B60F-LeaderElection43] INFO  server.RaftServerConfigKeys (ConfUtils.java:logGet(46)) - raft.server.write.element-limit = 4096 (default)
2023-03-14 08:39:07,840 [s1@group-6227D363B60F-LeaderElection43] INFO  server.RaftServerConfigKeys (ConfUtils.java:logGet(46)) - raft.server.write.follower.gap.ratio.max = -1.0 (default)
2023-03-14 08:39:07,840 [s1@group-6227D363B60F-LeaderElection43] INFO  server.RaftServerConfigKeys (ConfUtils.java:logGet(46)) - raft.server.log.appender.snapshot.chunk.size.max = 16MB (=16777216) (default)
2023-03-14 08:39:07,840 [s1@group-6227D363B60F-LeaderElection43] INFO  server.RaftServerConfigKeys (ConfUtils.java:logGet(46)) - raft.server.log.appender.buffer.byte-limit = 4MB (=4194304) (default)
2023-03-14 08:39:07,840 [s1@group-6227D363B60F-LeaderElection43] INFO  server.RaftServerConfigKeys (ConfUtils.java:logGet(46)) - raft.server.log.appender.buffer.element-limit = 0 (default)
2023-03-14 08:39:07,840 [s1@group-6227D363B60F-LeaderElection43] INFO  server.RaftServerConfigKeys (ConfUtils.java:logGet(46)) - raft.server.log.appender.wait-time.min = 10ms (default)
2023-03-14 08:39:07,840 [s1@group-6227D363B60F-LeaderElection43] INFO  grpc.GrpcConfigKeys (ConfUtils.java:logGet(46)) - raft.grpc.server.leader.outstanding.appends.max = 128 (default)
2023-03-14 08:39:07,840 [s1@group-6227D363B60F-LeaderElection43] INFO  server.RaftServerConfigKeys (ConfUtils.java:logGet(46)) - raft.server.rpc.request.timeout = 3000ms (default)
2023-03-14 08:39:07,840 [s1@group-6227D363B60F-LeaderElection43] INFO  server.RaftServerConfigKeys (ConfUtils.java:logGet(46)) - raft.server.log.appender.install.snapshot.enabled = true (default)
2023-03-14 08:39:07,840 [s1@group-6227D363B60F-LeaderElection43] INFO  grpc.GrpcConfigKeys (ConfUtils.java:logGet(46)) - raft.grpc.server.heartbeat.channel = true (default)
2023-03-14 08:39:07,840 [s1@group-6227D363B60F-LeaderElection43] INFO  impl.RoleInfo (RoleInfo.java:updateAndGet(139)) - s1: start s1@group-6227D363B60F-LeaderStateImpl
2023-03-14 08:39:07,841 [s1@group-6227D363B60F-LeaderElection43] INFO  segmented.SegmentedRaftLogWorker (SegmentedRaftLogWorker.java:startLogSegment(426)) - s1@group-6227D363B60F-SegmentedRaftLogWorker: Starting segment from index:0
2023-03-14 08:39:07,847 [s1@group-6227D363B60F-LeaderElection43] INFO  server.RaftServer$Division (ServerState.java:setRaftConf(378)) - s1@group-6227D363B60F: set configuration 0: peers:[s0|rpc:localhost:37217|admin:localhost:38139|client:localhost:45411|dataStream:localhost:42487|priority:0|startupRole:FOLLOWER, s1|rpc:localhost:43769|admin:localhost:41083|client:localhost:41987|dataStream:localhost:38435|priority:0|startupRole:FOLLOWER]|listeners:[], old=null
2023-03-14 08:39:07,849 [s1@group-6227D363B60F-SegmentedRaftLogWorker] INFO  segmented.SegmentedRaftLogWorker (SegmentedRaftLogWorker.java:execute(630)) - s1@group-6227D363B60F-SegmentedRaftLogWorker: created new log segment /home/runner/work/ratis/ratis/ratis-test/target/test/data/be523d36/MiniRaftClusterWithGrpcc969d7e9/s1/21993f60-4e21-48c2-bea4-6227d363b60f/current/log_inprogress_0
2023-03-14 08:39:07,849 [s0-server-thread1] INFO  server.RaftServer$Division (ServerState.java:setLeader(260)) - s0@group-6227D363B60F: change Leader from null to s1 at term 1 for appendEntries, leader elected after 258ms
2023-03-14 08:39:07,860 [s0-server-thread2] DEBUG server.RaftServer$Division (RaftServerImpl.java:logAppendEntries(1430)) - s0@group-6227D363B60F: receive appendEntries(s1, 1, null, -1, true, commits:[s1:c-1, s0:c-1], cId:1, entries: [(t:1, i:0), CONFIGURATIONENTRY(current:id: "s0"
address: "localhost:37217"
dataStreamAddress: "localhost:42487"
clientAddress: "localhost:45411"
adminAddress: "localhost:38139"
startupRole: FOLLOWER
,id: "s1"
address: "localhost:43769"
dataStreamAddress: "localhost:38435"
clientAddress: "localhost:41987"
adminAddress: "localhost:41083"
startupRole: FOLLOWER
, old:)]
2023-03-14 08:39:07,860 [s0-server-thread2] INFO  server.RaftServer$Division (ServerState.java:setRaftConf(378)) - s0@group-6227D363B60F: set configuration 0: peers:[s0|rpc:localhost:37217|admin:localhost:38139|client:localhost:45411|dataStream:localhost:42487|priority:0|startupRole:FOLLOWER, s1|rpc:localhost:43769|admin:localhost:41083|client:localhost:41987|dataStream:localhost:38435|priority:0|startupRole:FOLLOWER]|listeners:[], old=null
2023-03-14 08:39:07,860 [s0-server-thread2] INFO  segmented.SegmentedRaftLogWorker (SegmentedRaftLogWorker.java:startLogSegment(426)) - s0@group-6227D363B60F-SegmentedRaftLogWorker: Starting segment from index:0
2023-03-14 08:39:07,868 [s0@group-6227D363B60F-SegmentedRaftLogWorker] INFO  segmented.SegmentedRaftLogWorker (SegmentedRaftLogWorker.java:execute(630)) - s0@group-6227D363B60F-SegmentedRaftLogWorker: created new log segment /home/runner/work/ratis/ratis/ratis-test/target/test/data/be523d36/MiniRaftClusterWithGrpcc969d7e9/s0/21993f60-4e21-48c2-bea4-6227d363b60f/current/log_inprogress_0
2023-03-14 08:39:07,869 [s0-server-thread2] DEBUG server.RaftServer$Division (RaftServerImpl.java:logAppendEntries(1430)) - s0@group-6227D363B60F: succeeded to handle AppendEntries. Reply: s1<-s0#1:OK-t1,SUCCESS,nextIndex=1,followerCommit=-1,matchIndex=0
2023-03-14 08:39:08,074 [Time-limited test] INFO  ratis.RaftTestUtil (RaftTestUtil.java:waitForLeader(119)) - printing ALL groups
  s0:  RUNNING  FOLLOWER s0@group-6227D363B60F:t1, leader=s1, voted=s1, raftlog=Memoized:s0@group-6227D363B60F-SegmentedRaftLog:OPENED:c0, conf=0: peers:[s0|rpc:localhost:37217|admin:localhost:38139|client:localhost:45411|dataStream:localhost:42487|priority:0|startupRole:FOLLOWER, s1|rpc:localhost:43769|admin:localhost:41083|client:localhost:41987|dataStream:localhost:38435|priority:0|startupRole:FOLLOWER]|listeners:[], old=null RUNNING
  s1:  RUNNING    LEADER s1@group-6227D363B60F:t1, leader=s1, voted=s1, raftlog=Memoized:s1@group-6227D363B60F-SegmentedRaftLog:OPENED:c0, conf=0: peers:[s0|rpc:localhost:37217|admin:localhost:38139|client:localhost:45411|dataStream:localhost:42487|priority:0|startupRole:FOLLOWER, s1|rpc:localhost:43769|admin:localhost:41083|client:localhost:41987|dataStream:localhost:38435|priority:0|startupRole:FOLLOWER]|listeners:[], old=null RUNNING
2023-03-14 08:39:08,074 [Time-limited test] INFO  impl.MiniRaftCluster (MiniRaftCluster.java:addNewPeers(464)) - Add new peers [s2]
2023-03-14 08:39:08,074 [Time-limited test] INFO  impl.MiniRaftCluster (MiniRaftCluster.java:newRaftServer(382)) - newRaftServer: s2, group-6227D363B60F:[s0|rpc:localhost:37217|admin:localhost:38139|client:localhost:45411|dataStream:localhost:42487|priority:0|startupRole:FOLLOWER, s1|rpc:localhost:43769|admin:localhost:41083|client:localhost:41987|dataStream:localhost:38435|priority:0|startupRole:FOLLOWER, s2|priority:0|startupRole:FOLLOWER], format? true
2023-03-14 08:39:08,074 [Time-limited test] TRACE util.FileUtils (FileUtils.java:deleteFully(201)) - deleteFully target/test/data/be523d36/MiniRaftClusterWithGrpcc969d7e9/s2
2023-03-14 08:39:08,074 [Time-limited test] TRACE util.FileUtils (FileUtils.java:deleteFully(217)) - deleteFully: target/test/data/be523d36/MiniRaftClusterWithGrpcc969d7e9/s2 does not exist.
2023-03-14 08:39:08,074 [Time-limited test] INFO  impl.MiniRaftCluster (MiniRaftCluster.java:newRaftServer(387)) - Formatted directory target/test/data/be523d36/MiniRaftClusterWithGrpcc969d7e9/s2
2023-03-14 08:39:08,074 [Time-limited test] INFO  server.RaftServer (ConfUtils.java:logGet(46)) - raft.rpc.type = GRPC (default)
2023-03-14 08:39:08,074 [Time-limited test] INFO  grpc.GrpcConfigKeys (ConfUtils.java:logFallback(53)) - raft.grpc.admin.host = null (fallback to raft.grpc.server.host)
2023-03-14 08:39:08,074 [Time-limited test] INFO  grpc.GrpcConfigKeys (ConfUtils.java:logFallback(53)) - raft.grpc.admin.port = 43745 (fallback to raft.grpc.server.port)
2023-03-14 08:39:08,074 [Time-limited test] INFO  grpc.GrpcConfigKeys (ConfUtils.java:logFallback(53)) - raft.grpc.client.host = null (fallback to raft.grpc.server.host)
2023-03-14 08:39:08,075 [Time-limited test] INFO  grpc.GrpcConfigKeys (ConfUtils.java:logFallback(53)) - raft.grpc.client.port = 43745 (fallback to raft.grpc.server.port)
2023-03-14 08:39:08,075 [Time-limited test] INFO  grpc.GrpcConfigKeys (ConfUtils.java:logGet(46)) - raft.grpc.server.host = null (default)
2023-03-14 08:39:08,075 [Time-limited test] INFO  grpc.GrpcConfigKeys (ConfUtils.java:logGet(46)) - raft.grpc.server.port = 43745 (custom)
2023-03-14 08:39:08,075 [Time-limited test] INFO  server.GrpcService (ConfUtils.java:logGet(46)) - raft.grpc.message.size.max = 64MB (=67108864) (default)
2023-03-14 08:39:08,075 [Time-limited test] INFO  server.RaftServerConfigKeys (ConfUtils.java:logGet(46)) - raft.server.log.appender.buffer.byte-limit = 4MB (=4194304) (default)
2023-03-14 08:39:08,075 [Time-limited test] INFO  server.GrpcService (ConfUtils.java:logGet(46)) - raft.grpc.flow.control.window = 1MB (=1048576) (default)
2023-03-14 08:39:08,075 [Time-limited test] INFO  server.RaftServerConfigKeys (ConfUtils.java:logGet(46)) - raft.server.rpc.request.timeout = 3000ms (default)
2023-03-14 08:39:08,075 [Time-limited test] INFO  grpc.GrpcConfigKeys (ConfUtils.java:logGet(46)) - raft.grpc.server.heartbeat.channel = true (default)
2023-03-14 08:39:08,075 [Time-limited test] INFO  grpc.GrpcConfigKeys (ConfUtils.java:logGet(46)) - raft.grpc.server.async.request.thread.pool.cached = true (default)
2023-03-14 08:39:08,075 [Time-limited test] INFO  grpc.GrpcConfigKeys (ConfUtils.java:logGet(46)) - raft.grpc.server.async.request.thread.pool.size = 32 (default)
2023-03-14 08:39:08,075 [Time-limited test] INFO  impl.DataStreamServerImpl (ConfUtils.java:logGet(46)) - raft.datastream.type = DISABLED (default)
2023-03-14 08:39:08,075 [Time-limited test] INFO  server.RaftServerConfigKeys (ConfUtils.java:logGet(46)) - raft.server.threadpool.proxy.cached = true (default)
2023-03-14 08:39:08,075 [Time-limited test] INFO  server.RaftServerConfigKeys (ConfUtils.java:logGet(46)) - raft.server.threadpool.proxy.size = 0 (default)
2023-03-14 08:39:08,076 [Time-limited test] INFO  server.RaftServerConfigKeys (ConfUtils.java:logGet(46)) - raft.server.rpc.slowness.timeout = 60s (default)
2023-03-14 08:39:08,076 [Time-limited test] INFO  server.RaftServerConfigKeys (ConfUtils.java:logGet(46)) - raft.server.leaderelection.leader.step-down.wait-time = 10s (default)
2023-03-14 08:39:08,076 [Time-limited test] INFO  server.RaftServerConfigKeys (ConfUtils.java:logGet(46)) - raft.server.storage.dir = [/home/runner/work/ratis/ratis/ratis-test/target/test/data/be523d36/MiniRaftClusterWithGrpcc969d7e9/s2] (custom)
2023-03-14 08:39:08,078 [Time-limited test] INFO  server.RaftServer (RaftServerProxy.java:addNew(99)) - s2: addNew group-6227D363B60F:[s0|rpc:localhost:37217|admin:localhost:38139|client:localhost:45411|dataStream:localhost:42487|priority:0|startupRole:FOLLOWER, s1|rpc:localhost:43769|admin:localhost:41083|client:localhost:41987|dataStream:localhost:38435|priority:0|startupRole:FOLLOWER, s2|priority:0|startupRole:FOLLOWER] returns group-6227D363B60F:java.util.concurrent.CompletableFuture@5031ff86[Not completed]
2023-03-14 08:39:08,078 [s2-groupManagement] INFO  server.RaftServer$Division (RaftServerImpl.java:<init>(198)) - s2: new RaftServerImpl for group-6227D363B60F:[s0|rpc:localhost:37217|admin:localhost:38139|client:localhost:45411|dataStream:localhost:42487|priority:0|startupRole:FOLLOWER, s1|rpc:localhost:43769|admin:localhost:41083|client:localhost:41987|dataStream:localhost:38435|priority:0|startupRole:FOLLOWER, s2|priority:0|startupRole:FOLLOWER] with BaseStateMachine:uninitialized
2023-03-14 08:39:08,078 [s2-groupManagement] INFO  server.RaftServerConfigKeys (ConfUtils.java:logGet(46)) - raft.server.rpc.timeout.min = 150ms (default)
2023-03-14 08:39:08,079 [s2-groupManagement] INFO  server.RaftServerConfigKeys (ConfUtils.java:logGet(46)) - raft.server.rpc.timeout.max = 300ms (default)
2023-03-14 08:39:08,079 [s2-groupManagement] INFO  server.RaftServerConfigKeys (ConfUtils.java:logGet(46)) - raft.server.rpc.sleep.time = 25ms (default)
2023-03-14 08:39:08,079 [s2-groupManagement] INFO  server.RaftServerConfigKeys (ConfUtils.java:logGet(46)) - raft.server.rpc.slowness.timeout = 60s (default)
2023-03-14 08:39:08,079 [s2-groupManagement] INFO  server.RaftServerConfigKeys (ConfUtils.java:logGet(46)) - raft.server.leaderelection.leader.step-down.wait-time = 10s (default)
2023-03-14 08:39:08,079 [s2-groupManagement] INFO  server.RaftServerConfigKeys (ConfUtils.java:logGet(46)) - raft.server.sleep.deviation.threshold = 300ms (default)
2023-03-14 08:39:08,079 [s2-groupManagement] INFO  server.RaftServer$Division (ServerState.java:<init>(113)) - s2@group-6227D363B60F: ConfigurationManager, init=-1: peers:[s0|rpc:localhost:37217|admin:localhost:38139|client:localhost:45411|dataStream:localhost:42487|priority:0|startupRole:FOLLOWER, s1|rpc:localhost:43769|admin:localhost:41083|client:localhost:41987|dataStream:localhost:38435|priority:0|startupRole:FOLLOWER, s2|priority:0|startupRole:FOLLOWER]|listeners:[], old=null, confs=<EMPTY_MAP>
2023-03-14 08:39:08,079 [s2-groupManagement] INFO  server.RaftServerConfigKeys (ConfUtils.java:logGet(46)) - raft.server.notification.no-leader.timeout = 60s (default)
2023-03-14 08:39:08,079 [s2-groupManagement] INFO  server.RaftServerConfigKeys (ConfUtils.java:logGet(46)) - raft.server.read.timeout = 10s (default)
2023-03-14 08:39:08,079 [s2-groupManagement] INFO  server.RaftServerConfigKeys (ConfUtils.java:logGet(46)) - raft.server.retrycache.expirytime = 60s (default)
2023-03-14 08:39:08,079 [s2-groupManagement] INFO  server.RaftServerConfigKeys (ConfUtils.java:logGet(46)) - raft.server.retrycache.statistics.expirytime = 100μs (default)
2023-03-14 08:39:08,079 [s2-groupManagement] INFO  server.RaftServerConfigKeys (ConfUtils.java:logGet(46)) - raft.server.read.option = DEFAULT (default)
2023-03-14 08:39:08,088 [s2-groupManagement] INFO  server.RaftServerConfigKeys (ConfUtils.java:logGet(46)) - raft.server.log.appender.install.snapshot.enabled = true (default)
2023-03-14 08:39:08,088 [s2-groupManagement] INFO  server.RaftServerConfigKeys (ConfUtils.java:logGet(46)) - raft.server.threadpool.server.cached = true (default)
2023-03-14 08:39:08,088 [s2-groupManagement] INFO  server.RaftServerConfigKeys (ConfUtils.java:logGet(46)) - raft.server.threadpool.server.size = 0 (default)
2023-03-14 08:39:08,088 [s2-groupManagement] INFO  server.RaftServerConfigKeys (ConfUtils.java:logGet(46)) - raft.server.threadpool.client.cached = true (default)
2023-03-14 08:39:08,088 [s2-groupManagement] INFO  server.RaftServerConfigKeys (ConfUtils.java:logGet(46)) - raft.server.threadpool.client.size = 0 (default)
2023-03-14 08:39:08,088 [s2-impl-thread1] INFO  server.RaftServerConfigKeys (ConfUtils.java:logGet(46)) - raft.server.storage.free-space.min = 0MB (=0) (default)
2023-03-14 08:39:08,088 [s2-impl-thread1] INFO  server.RaftServerConfigKeys (ConfUtils.java:logGet(46)) - raft.server.log.corruption.policy = EXCEPTION (default)
2023-03-14 08:39:08,088 [s2-impl-thread1] INFO  server.RaftServerConfigKeys (ConfUtils.java:logGet(46)) - raft.server.storage.dir = [/home/runner/work/ratis/ratis/ratis-test/target/test/data/be523d36/MiniRaftClusterWithGrpcc969d7e9/s2] (custom)
2023-03-14 08:39:08,089 [s2-impl-thread1] INFO  storage.RaftStorageDirectory (RaftStorageDirectoryImpl.java:analyzeStorage(138)) - The storage directory /home/runner/work/ratis/ratis/ratis-test/target/test/data/be523d36/MiniRaftClusterWithGrpcc969d7e9/s2/21993f60-4e21-48c2-bea4-6227d363b60f does not exist. Creating ...
2023-03-14 08:39:08,089 [s2-impl-thread1] TRACE util.FileUtils (LogUtils.java:runAndLog(49)) - Successfully ran Files.createDirectories /home/runner/work/ratis/ratis/ratis-test/target/test/data/be523d36/MiniRaftClusterWithGrpcc969d7e9/s2/21993f60-4e21-48c2-bea4-6227d363b60f
2023-03-14 08:39:08,090 [s2-impl-thread1] INFO  storage.RaftStorageDirectory (RaftStorageDirectoryImpl.java:tryLock(232)) - Lock on /home/runner/work/ratis/ratis/ratis-test/target/test/data/be523d36/MiniRaftClusterWithGrpcc969d7e9/s2/21993f60-4e21-48c2-bea4-6227d363b60f/in_use.lock acquired by nodename 10435@fv-az41-628
2023-03-14 08:39:08,090 [s2-impl-thread1] TRACE util.FileUtils (LogUtils.java:runAndLog(49)) - Successfully ran Files.createDirectories /home/runner/work/ratis/ratis/ratis-test/target/test/data/be523d36/MiniRaftClusterWithGrpcc969d7e9/s2/21993f60-4e21-48c2-bea4-6227d363b60f/current
2023-03-14 08:39:08,090 [s2-impl-thread1] TRACE util.FileUtils (LogUtils.java:runAndLog(49)) - Successfully ran Files.createDirectories /home/runner/work/ratis/ratis/ratis-test/target/test/data/be523d36/MiniRaftClusterWithGrpcc969d7e9/s2/21993f60-4e21-48c2-bea4-6227d363b60f/sm
2023-03-14 08:39:08,091 [s2-impl-thread1] INFO  storage.RaftStorage (RaftStorageImpl.java:format(96)) - Storage directory /home/runner/work/ratis/ratis/ratis-test/target/test/data/be523d36/MiniRaftClusterWithGrpcc969d7e9/s2/21993f60-4e21-48c2-bea4-6227d363b60f has been successfully formatted.
2023-03-14 08:39:08,091 [s2-impl-thread1] INFO  server.RaftServerConfigKeys (ConfUtils.java:logGet(46)) - raft.server.log.use.memory = false (default)
2023-03-14 08:39:08,091 [s2-impl-thread1] INFO  server.RaftServerConfigKeys (ConfUtils.java:logGet(46)) - raft.server.log.purge.gap = 1024 (default)
2023-03-14 08:39:08,091 [s2-impl-thread1] INFO  server.RaftServerConfigKeys (ConfUtils.java:logGet(46)) - raft.server.log.appender.buffer.byte-limit = 4MB (=4194304) (default)
2023-03-14 08:39:08,091 [s2-impl-thread1] INFO  server.RaftServerConfigKeys (ConfUtils.java:logGet(46)) - raft.server.log.statemachine.data.read.timeout = 1000ms (default)
2023-03-14 08:39:08,091 [s2-impl-thread1] INFO  server.RaftServerConfigKeys (ConfUtils.java:logGet(46)) - raft.server.log.purge.preservation.log.num = 0 (default)
2023-03-14 08:39:08,091 [s2-impl-thread1] INFO  server.RaftServerConfigKeys (ConfUtils.java:logGet(46)) - raft.server.log.segment.size.max = 8MB (=8388608) (default)
2023-03-14 08:39:08,092 [s2-impl-thread1] INFO  server.RaftServerConfigKeys (ConfUtils.java:logGet(46)) - raft.server.log.segment.cache.num.max = 6 (default)
2023-03-14 08:39:08,092 [s2-impl-thread1] INFO  server.RaftServerConfigKeys (ConfUtils.java:logGet(46)) - raft.server.log.segment.cache.size.max = 200MB (=209715200) (default)
2023-03-14 08:39:08,092 [s2-impl-thread1] INFO  server.RaftServerConfigKeys (ConfUtils.java:logGet(46)) - raft.server.log.appender.buffer.byte-limit = 4MB (=4194304) (default)
2023-03-14 08:39:08,092 [s2-impl-thread1] INFO  segmented.SegmentedRaftLogWorker (SegmentedRaftLogWorker.java:<init>(183)) - new s2@group-6227D363B60F-SegmentedRaftLogWorker for RaftStorageImpl:Storage Directory /home/runner/work/ratis/ratis/ratis-test/target/test/data/be523d36/MiniRaftClusterWithGrpcc969d7e9/s2/21993f60-4e21-48c2-bea4-6227d363b60f
2023-03-14 08:39:08,092 [s2-impl-thread1] INFO  server.RaftServerConfigKeys (ConfUtils.java:logGet(46)) - raft.server.log.queue.byte-limit = 64MB (=67108864) (default)
2023-03-14 08:39:08,092 [s2-impl-thread1] INFO  server.RaftServerConfigKeys (ConfUtils.java:logGet(46)) - raft.server.log.queue.element-limit = 4096 (default)
2023-03-14 08:39:08,092 [s2-impl-thread1] INFO  server.RaftServerConfigKeys (ConfUtils.java:logGet(46)) - raft.server.log.segment.size.max = 8MB (=8388608) (default)
2023-03-14 08:39:08,092 [s2-impl-thread1] INFO  server.RaftServerConfigKeys (ConfUtils.java:logGet(46)) - raft.server.log.preallocated.size = 4MB (=4194304) (default)
2023-03-14 08:39:08,092 [s2-impl-thread1] INFO  server.RaftServerConfigKeys (ConfUtils.java:logGet(46)) - raft.server.log.force.sync.num = 128 (default)
2023-03-14 08:39:08,092 [s2-impl-thread1] INFO  server.RaftServerConfigKeys (ConfUtils.java:logGet(46)) - raft.server.log.statemachine.data.sync = true (default)
2023-03-14 08:39:08,092 [s2-impl-thread1] INFO  server.RaftServerConfigKeys (ConfUtils.java:logGet(46)) - raft.server.log.statemachine.data.sync.timeout = 10s (default)
2023-03-14 08:39:08,092 [s2-impl-thread1] INFO  server.RaftServerConfigKeys (ConfUtils.java:logGet(46)) - raft.server.log.statemachine.data.sync.timeout.retry = -1 (default)
2023-03-14 08:39:08,092 [s2-impl-thread1] INFO  server.RaftServerConfigKeys (ConfUtils.java:logGet(46)) - raft.server.log.write.buffer.size = 64KB (=65536) (default)
2023-03-14 08:39:08,092 [s2-impl-thread1] INFO  server.RaftServerConfigKeys (ConfUtils.java:logGet(46)) - raft.server.log.appender.buffer.byte-limit = 4MB (=4194304) (default)
2023-03-14 08:39:08,092 [s2-impl-thread1] INFO  server.RaftServerConfigKeys (ConfUtils.java:logGet(46)) - raft.server.log.unsafe-flush.enabled = false (default)
2023-03-14 08:39:08,092 [s2-impl-thread1] INFO  server.RaftServerConfigKeys (ConfUtils.java:logGet(46)) - raft.server.log.async-flush.enabled = false (default)
2023-03-14 08:39:08,092 [s2-impl-thread1] INFO  server.RaftServerConfigKeys (ConfUtils.java:logGet(46)) - raft.server.log.statemachine.data.caching.enabled = false (default)
2023-03-14 08:39:08,092 [s2-impl-thread1] INFO  segmented.SegmentedRaftLogWorker (SegmentedRaftLogWorker.java:lambda$new$0(134)) - s2@group-6227D363B60F-SegmentedRaftLogWorker: flushIndex: setUnconditionally 0 -> -1
2023-03-14 08:39:08,093 [s2-impl-thread1] INFO  segmented.SegmentedRaftLogWorker (SegmentedRaftLogWorker.java:lambda$new$0(134)) - s2@group-6227D363B60F-SegmentedRaftLogWorker: safeCacheEvictIndex: setUnconditionally 0 -> -1
2023-03-14 08:39:08,093 [s2-impl-thread1] INFO  server.RaftServer$Division (RaftServerImpl.java:start(342)) - s2@group-6227D363B60F: start as a follower, conf=-1: peers:[s0|rpc:localhost:37217|admin:localhost:38139|client:localhost:45411|dataStream:localhost:42487|priority:0|startupRole:FOLLOWER, s1|rpc:localhost:43769|admin:localhost:41083|client:localhost:41987|dataStream:localhost:38435|priority:0|startupRole:FOLLOWER, s2|priority:0|startupRole:FOLLOWER]|listeners:[], old=null
2023-03-14 08:39:08,093 [s2-impl-thread1] INFO  server.RaftServer$Division (RaftServerImpl.java:setRole(329)) - s2@group-6227D363B60F: changes role from      null to FOLLOWER at term 0 for startAsFollower
2023-03-14 08:39:08,093 [s2-impl-thread1] INFO  impl.RoleInfo (RoleInfo.java:updateAndGet(139)) - s2: start s2@group-6227D363B60F-FollowerState
2023-03-14 08:39:08,093 [s2-impl-thread1] INFO  util.JmxRegister (JmxRegister.java:tryRegister(44)) - Successfully registered JMX Bean with object name Ratis:service=RaftServer,group=group-6227D363B60F,id=s2
2023-03-14 08:39:08,093 [s2-impl-thread1] INFO  server.RaftServerConfigKeys (ConfUtils.java:logGet(46)) - raft.server.snapshot.auto.trigger.enabled = false (default)
2023-03-14 08:39:08,093 [s2-impl-thread1] INFO  server.RaftServerConfigKeys (ConfUtils.java:logGet(46)) - raft.server.snapshot.retention.file.num = -1 (default)
2023-03-14 08:39:08,093 [s2-impl-thread1] INFO  server.RaftServerConfigKeys (ConfUtils.java:logGet(46)) - raft.server.log.purge.upto.snapshot.index = false (default)
2023-03-14 08:39:08,093 [s2@group-6227D363B60F-FollowerState] INFO  server.RaftServerConfigKeys (ConfUtils.java:logFallback(53)) - raft.server.rpc.first-election.timeout.min = 150ms (fallback to raft.server.rpc.timeout.min)
2023-03-14 08:39:08,093 [s2@group-6227D363B60F-FollowerState] INFO  server.RaftServerConfigKeys (ConfUtils.java:logFallback(53)) - raft.server.rpc.first-election.timeout.max = 300ms (fallback to raft.server.rpc.timeout.max)
2023-03-14 08:39:08,094 [Time-limited test] INFO  server.RaftServer (RaftServerProxy.java:startImpl(401)) - s2: start RPC server
2023-03-14 08:39:08,094 [Time-limited test] INFO  server.GrpcService (GrpcService.java:startImpl(302)) - s2: GrpcService started, listening on 43745
2023-03-14 08:39:08,098 [JvmPauseMonitor57] INFO  util.JvmPauseMonitor (JvmPauseMonitor.java:run(103)) - JvmPauseMonitor-s2: Started
2023-03-14 08:39:08,100 [s1-client-thread1] DEBUG server.RaftServer$Division (RaftServerImpl.java:submitClientRequestAsync(835)) - s1@group-6227D363B60F: receive client request(RaftClientRequest:client-C1CA3E5F9C10->s1@group-6227D363B60F, cid=43, seq=0, RW, Message:6d30)
2023-03-14 08:39:08,100 [s1-client-thread1] DEBUG server.RaftServer$Division (LeaderStateImpl.java:addPendingRequest(474)) - s1@group-6227D363B60F-LeaderStateImpl: addPendingRequest at RaftClientRequest:client-C1CA3E5F9C10->s1@group-6227D363B60F, cid=43, seq=0, RW, Message:6d30, entry=(t:1, i:1), STATEMACHINELOGENTRY, 43@client-C1CA3E5F9C10
2023-03-14 08:39:08,110 [s0-server-thread1] DEBUG server.RaftServer$Division (RaftServerImpl.java:logAppendEntries(1430)) - s0@group-6227D363B60F: receive appendEntries(s1, 1, (t:1, i:0), 0, true, commits:[s1:c0, s0:c0], cId:58637, entries: [(t:1, i:1), STATEMACHINELOGENTRY, 43@client-C1CA3E5F9C10]
2023-03-14 08:39:08,111 [s0-server-thread1] DEBUG server.RaftServer$Division (RaftServerImpl.java:logAppendEntries(1430)) - s0@group-6227D363B60F: succeeded to handle AppendEntries. Reply: s1<-s0#58637:OK-t1,SUCCESS,nextIndex=2,followerCommit=0,matchIndex=1
2023-03-14 08:39:08,113 [s1-client-thread1] DEBUG server.RaftServer$Division (RaftServerImpl.java:submitClientRequestAsync(835)) - s1@group-6227D363B60F: receive client request(RaftClientRequest:client-C1CA3E5F9C10->s1@group-6227D363B60F, cid=44, seq=0, RW, Message:6d31)
2023-03-14 08:39:08,113 [s1-client-thread1] DEBUG server.RaftServer$Division (LeaderStateImpl.java:addPendingRequest(474)) - s1@group-6227D363B60F-LeaderStateImpl: addPendingRequest at RaftClientRequest:client-C1CA3E5F9C10->s1@group-6227D363B60F, cid=44, seq=0, RW, Message:6d31, entry=(t:1, i:3), STATEMACHINELOGENTRY, 44@client-C1CA3E5F9C10
2023-03-14 08:39:08,121 [s0-server-thread1] DEBUG server.RaftServer$Division (RaftServerImpl.java:logAppendEntries(1430)) - s0@group-6227D363B60F: receive appendEntries(s1, 1, (t:1, i:1), 1, true, commits:[s1:c1, s0:c0], cId:58638, entries: [(t:1, i:2), METADATAENTRY(c:1)]
2023-03-14 08:39:08,121 [s0-server-thread1] DEBUG server.RaftServer$Division (RaftServerImpl.java:logAppendEntries(1430)) - s0@group-6227D363B60F: succeeded to handle AppendEntries. Reply: s1<-s0#58638:OK-t1,SUCCESS,nextIndex=3,followerCommit=1,matchIndex=2
2023-03-14 08:39:08,131 [s0-server-thread1] DEBUG server.RaftServer$Division (RaftServerImpl.java:logAppendEntries(1430)) - s0@group-6227D363B60F: receive appendEntries(s1, 1, (t:1, i:2), 1, true, commits:[s1:c1, s0:c1], cId:58639, entries: [(t:1, i:3), STATEMACHINELOGENTRY, 44@client-C1CA3E5F9C10]
2023-03-14 08:39:08,131 [s0-server-thread1] DEBUG server.RaftServer$Division (RaftServerImpl.java:logAppendEntries(1430)) - s0@group-6227D363B60F: succeeded to handle AppendEntries. Reply: s1<-s0#58639:OK-t1,SUCCESS,nextIndex=4,followerCommit=1,matchIndex=3
2023-03-14 08:39:08,133 [s1-client-thread1] DEBUG server.RaftServer$Division (RaftServerImpl.java:submitClientRequestAsync(835)) - s1@group-6227D363B60F: receive client request(RaftClientRequest:client-C1CA3E5F9C10->s1@group-6227D363B60F, cid=45, seq=0, RW, Message:6d32)
2023-03-14 08:39:08,134 [s1-client-thread1] DEBUG server.RaftServer$Division (LeaderStateImpl.java:addPendingRequest(474)) - s1@group-6227D363B60F-LeaderStateImpl: addPendingRequest at RaftClientRequest:client-C1CA3E5F9C10->s1@group-6227D363B60F, cid=45, seq=0, RW, Message:6d32, entry=(t:1, i:5), STATEMACHINELOGENTRY, 45@client-C1CA3E5F9C10
2023-03-14 08:39:08,141 [s0-server-thread1] DEBUG server.RaftServer$Division (RaftServerImpl.java:logAppendEntries(1430)) - s0@group-6227D363B60F: receive appendEntries(s1, 1, (t:1, i:3), 3, true, commits:[s1:c3, s0:c1], cId:58640, entries: [(t:1, i:4), METADATAENTRY(c:3), (t:1, i:5), STATEMACHINELOGENTRY, 45@client-C1CA3E5F9C10]
2023-03-14 08:39:08,142 [s0-server-thread1] DEBUG server.RaftServer$Division (RaftServerImpl.java:logAppendEntries(1430)) - s0@group-6227D363B60F: succeeded to handle AppendEntries. Reply: s1<-s0#58640:OK-t1,SUCCESS,nextIndex=6,followerCommit=3,matchIndex=5
2023-03-14 08:39:08,143 [s1-client-thread1] DEBUG server.RaftServer$Division (RaftServerImpl.java:submitClientRequestAsync(835)) - s1@group-6227D363B60F: receive client request(RaftClientRequest:client-C1CA3E5F9C10->s1@group-6227D363B60F, cid=46, seq=0, RW, Message:6d33)
2023-03-14 08:39:08,143 [s1-client-thread1] DEBUG server.RaftServer$Division (LeaderStateImpl.java:addPendingRequest(474)) - s1@group-6227D363B60F-LeaderStateImpl: addPendingRequest at RaftClientRequest:client-C1CA3E5F9C10->s1@group-6227D363B60F, cid=46, seq=0, RW, Message:6d33, entry=(t:1, i:7), STATEMACHINELOGENTRY, 46@client-C1CA3E5F9C10
2023-03-14 08:39:08,152 [s0-server-thread1] DEBUG server.RaftServer$Division (RaftServerImpl.java:logAppendEntries(1430)) - s0@group-6227D363B60F: receive appendEntries(s1, 1, (t:1, i:5), 5, true, commits:[s1:c5, s0:c3], cId:58641, entries: [(t:1, i:6), METADATAENTRY(c:5)]
2023-03-14 08:39:08,152 [s0-server-thread1] DEBUG server.RaftServer$Division (RaftServerImpl.java:logAppendEntries(1430)) - s0@group-6227D363B60F: succeeded to handle AppendEntries. Reply: s1<-s0#58641:OK-t1,SUCCESS,nextIndex=7,followerCommit=5,matchIndex=6
2023-03-14 08:39:08,162 [s0-server-thread1] DEBUG server.RaftServer$Division (RaftServerImpl.java:logAppendEntries(1430)) - s0@group-6227D363B60F: receive appendEntries(s1, 1, (t:1, i:6), 6, true, commits:[s1:c6, s0:c5], cId:58642, entries: [(t:1, i:7), STATEMACHINELOGENTRY, 46@client-C1CA3E5F9C10]
2023-03-14 08:39:08,162 [s0-server-thread1] DEBUG server.RaftServer$Division (RaftServerImpl.java:logAppendEntries(1430)) - s0@group-6227D363B60F: succeeded to handle AppendEntries. Reply: s1<-s0#58642:OK-t1,SUCCESS,nextIndex=8,followerCommit=6,matchIndex=7
2023-03-14 08:39:08,164 [s1-client-thread1] DEBUG server.RaftServer$Division (RaftServerImpl.java:submitClientRequestAsync(835)) - s1@group-6227D363B60F: receive client request(RaftClientRequest:client-C1CA3E5F9C10->s1@group-6227D363B60F, cid=47, seq=0, RW, Message:6d34)
2023-03-14 08:39:08,164 [s1-client-thread1] DEBUG server.RaftServer$Division (LeaderStateImpl.java:addPendingRequest(474)) - s1@group-6227D363B60F-LeaderStateImpl: addPendingRequest at RaftClientRequest:client-C1CA3E5F9C10->s1@group-6227D363B60F, cid=47, seq=0, RW, Message:6d34, entry=(t:1, i:9), STATEMACHINELOGENTRY, 47@client-C1CA3E5F9C10
2023-03-14 08:39:08,172 [s0-server-thread1] DEBUG server.RaftServer$Division (RaftServerImpl.java:logAppendEntries(1430)) - s0@group-6227D363B60F: receive appendEntries(s1, 1, (t:1, i:7), 7, true, commits:[s1:c7, s0:c6], cId:58643, entries: [(t:1, i:8), METADATAENTRY(c:7)]
2023-03-14 08:39:08,173 [s0-server-thread1] DEBUG server.RaftServer$Division (RaftServerImpl.java:logAppendEntries(1430)) - s0@group-6227D363B60F: succeeded to handle AppendEntries. Reply: s1<-s0#58643:OK-t1,SUCCESS,nextIndex=9,followerCommit=7,matchIndex=8
2023-03-14 08:39:08,183 [s0-server-thread1] DEBUG server.RaftServer$Division (RaftServerImpl.java:logAppendEntries(1430)) - s0@group-6227D363B60F: receive appendEntries(s1, 1, (t:1, i:8), 8, true, commits:[s1:c8, s0:c7], cId:58644, entries: [(t:1, i:9), STATEMACHINELOGENTRY, 47@client-C1CA3E5F9C10]
2023-03-14 08:39:08,183 [s0-server-thread1] DEBUG server.RaftServer$Division (RaftServerImpl.java:logAppendEntries(1430)) - s0@group-6227D363B60F: succeeded to handle AppendEntries. Reply: s1<-s0#58644:OK-t1,SUCCESS,nextIndex=10,followerCommit=8,matchIndex=9
2023-03-14 08:39:08,192 [s1-client-thread1] DEBUG server.RaftServer$Division (RaftServerImpl.java:submitClientRequestAsync(835)) - s1@group-6227D363B60F: receive client request(RaftClientRequest:client-C1CA3E5F9C10->s1@group-6227D363B60F, cid=48, seq=0, RW, Message:6d35)
2023-03-14 08:39:08,193 [s1-client-thread1] DEBUG server.RaftServer$Division (LeaderStateImpl.java:addPendingRequest(474)) - s1@group-6227D363B60F-LeaderStateImpl: addPendingRequest at RaftClientRequest:client-C1CA3E5F9C10->s1@group-6227D363B60F, cid=48, seq=0, RW, Message:6d35, entry=(t:1, i:11), STATEMACHINELOGENTRY, 48@client-C1CA3E5F9C10
2023-03-14 08:39:08,194 [s0-server-thread1] DEBUG server.RaftServer$Division (RaftServerImpl.java:logAppendEntries(1430)) - s0@group-6227D363B60F: receive appendEntries(s1, 1, (t:1, i:9), 9, true, commits:[s1:c9, s0:c8], cId:58645, entries: [(t:1, i:10), METADATAENTRY(c:9)]
2023-03-14 08:39:08,195 [s0-server-thread1] DEBUG server.RaftServer$Division (RaftServerImpl.java:logAppendEntries(1430)) - s0@group-6227D363B60F: succeeded to handle AppendEntries. Reply: s1<-s0#58645:OK-t1,SUCCESS,nextIndex=11,followerCommit=9,matchIndex=10
2023-03-14 08:39:08,205 [s0-server-thread1] DEBUG server.RaftServer$Division (RaftServerImpl.java:logAppendEntries(1430)) - s0@group-6227D363B60F: receive appendEntries(s1, 1, (t:1, i:10), 9, true, commits:[s1:c9, s0:c9], cId:58646, entries: [(t:1, i:11), STATEMACHINELOGENTRY, 48@client-C1CA3E5F9C10]
2023-03-14 08:39:08,206 [s0-server-thread1] DEBUG server.RaftServer$Division (RaftServerImpl.java:logAppendEntries(1430)) - s0@group-6227D363B60F: succeeded to handle AppendEntries. Reply: s1<-s0#58646:OK-t1,SUCCESS,nextIndex=12,followerCommit=9,matchIndex=11
2023-03-14 08:39:08,208 [s1-client-thread1] DEBUG server.RaftServer$Division (RaftServerImpl.java:submitClientRequestAsync(835)) - s1@group-6227D363B60F: receive client request(RaftClientRequest:client-C1CA3E5F9C10->s1@group-6227D363B60F, cid=49, seq=0, RW, Message:6d36)
2023-03-14 08:39:08,208 [s1-client-thread1] DEBUG server.RaftServer$Division (LeaderStateImpl.java:addPendingRequest(474)) - s1@group-6227D363B60F-LeaderStateImpl: addPendingRequest at RaftClientRequest:client-C1CA3E5F9C10->s1@group-6227D363B60F, cid=49, seq=0, RW, Message:6d36, entry=(t:1, i:13), STATEMACHINELOGENTRY, 49@client-C1CA3E5F9C10
2023-03-14 08:39:08,216 [s0-server-thread1] DEBUG server.RaftServer$Division (RaftServerImpl.java:logAppendEntries(1430)) - s0@group-6227D363B60F: receive appendEntries(s1, 1, (t:1, i:11), 11, true, commits:[s1:c11, s0:c9], cId:58648, entries: [(t:1, i:12), METADATAENTRY(c:11)]
2023-03-14 08:39:08,216 [s0-server-thread1] DEBUG server.RaftServer$Division (RaftServerImpl.java:logAppendEntries(1430)) - s0@group-6227D363B60F: succeeded to handle AppendEntries. Reply: s1<-s0#58648:OK-t1,SUCCESS,nextIndex=13,followerCommit=11,matchIndex=12
2023-03-14 08:39:08,227 [s0-server-thread1] DEBUG server.RaftServer$Division (RaftServerImpl.java:logAppendEntries(1430)) - s0@group-6227D363B60F: receive appendEntries(s1, 1, (t:1, i:12), 11, true, commits:[s1:c11, s0:c11], cId:58649, entries: [(t:1, i:13), STATEMACHINELOGENTRY, 49@client-C1CA3E5F9C10]
2023-03-14 08:39:08,227 [s0-server-thread1] DEBUG server.RaftServer$Division (RaftServerImpl.java:logAppendEntries(1430)) - s0@group-6227D363B60F: succeeded to handle AppendEntries. Reply: s1<-s0#58649:OK-t1,SUCCESS,nextIndex=14,followerCommit=11,matchIndex=13
2023-03-14 08:39:08,229 [s1-client-thread1] DEBUG server.RaftServer$Division (RaftServerImpl.java:submitClientRequestAsync(835)) - s1@group-6227D363B60F: receive client request(RaftClientRequest:client-C1CA3E5F9C10->s1@group-6227D363B60F, cid=50, seq=0, RW, Message:6d37)
2023-03-14 08:39:08,229 [s1-client-thread1] DEBUG server.RaftServer$Division (LeaderStateImpl.java:addPendingRequest(474)) - s1@group-6227D363B60F-LeaderStateImpl: addPendingRequest at RaftClientRequest:client-C1CA3E5F9C10->s1@group-6227D363B60F, cid=50, seq=0, RW, Message:6d37, entry=(t:1, i:15), STATEMACHINELOGENTRY, 50@client-C1CA3E5F9C10
2023-03-14 08:39:08,237 [s0-server-thread1] DEBUG server.RaftServer$Division (RaftServerImpl.java:logAppendEntries(1430)) - s0@group-6227D363B60F: receive appendEntries(s1, 1, (t:1, i:13), 13, true, commits:[s1:c13, s0:c11], cId:58651, entries: [(t:1, i:14), METADATAENTRY(c:13)]
2023-03-14 08:39:08,237 [s0-server-thread1] DEBUG server.RaftServer$Division (RaftServerImpl.java:logAppendEntries(1430)) - s0@group-6227D363B60F: succeeded to handle AppendEntries. Reply: s1<-s0#58651:OK-t1,SUCCESS,nextIndex=15,followerCommit=13,matchIndex=14
2023-03-14 08:39:08,248 [s0-server-thread1] DEBUG server.RaftServer$Division (RaftServerImpl.java:logAppendEntries(1430)) - s0@group-6227D363B60F: receive appendEntries(s1, 1, (t:1, i:14), 13, true, commits:[s1:c13, s0:c13], cId:58652, entries: [(t:1, i:15), STATEMACHINELOGENTRY, 50@client-C1CA3E5F9C10]
2023-03-14 08:39:08,248 [s0-server-thread1] DEBUG server.RaftServer$Division (RaftServerImpl.java:logAppendEntries(1430)) - s0@group-6227D363B60F: succeeded to handle AppendEntries. Reply: s1<-s0#58652:OK-t1,SUCCESS,nextIndex=16,followerCommit=13,matchIndex=15
2023-03-14 08:39:08,250 [s1-client-thread1] DEBUG server.RaftServer$Division (RaftServerImpl.java:submitClientRequestAsync(835)) - s1@group-6227D363B60F: receive client request(RaftClientRequest:client-C1CA3E5F9C10->s1@group-6227D363B60F, cid=51, seq=0, RW, Message:6d38)
2023-03-14 08:39:08,250 [s1-client-thread1] DEBUG server.RaftServer$Division (LeaderStateImpl.java:addPendingRequest(474)) - s1@group-6227D363B60F-LeaderStateImpl: addPendingRequest at RaftClientRequest:client-C1CA3E5F9C10->s1@group-6227D363B60F, cid=51, seq=0, RW, Message:6d38, entry=(t:1, i:17), STATEMACHINELOGENTRY, 51@client-C1CA3E5F9C10
2023-03-14 08:39:08,258 [s0-server-thread1] DEBUG server.RaftServer$Division (RaftServerImpl.java:logAppendEntries(1430)) - s0@group-6227D363B60F: receive appendEntries(s1, 1, (t:1, i:15), 15, true, commits:[s1:c15, s0:c13], cId:58654, entries: [(t:1, i:16), METADATAENTRY(c:15)]
2023-03-14 08:39:08,259 [s0-server-thread1] DEBUG server.RaftServer$Division (RaftServerImpl.java:logAppendEntries(1430)) - s0@group-6227D363B60F: succeeded to handle AppendEntries. Reply: s1<-s0#58654:OK-t1,SUCCESS,nextIndex=17,followerCommit=15,matchIndex=16
2023-03-14 08:39:08,268 [s0-server-thread1] DEBUG server.RaftServer$Division (RaftServerImpl.java:logAppendEntries(1430)) - s0@group-6227D363B60F: receive appendEntries(s1, 1, (t:1, i:16), 16, true, commits:[s1:c16, s0:c15], cId:58655, entries: [(t:1, i:17), STATEMACHINELOGENTRY, 51@client-C1CA3E5F9C10]
2023-03-14 08:39:08,269 [s0-server-thread1] DEBUG server.RaftServer$Division (RaftServerImpl.java:logAppendEntries(1430)) - s0@group-6227D363B60F: succeeded to handle AppendEntries. Reply: s1<-s0#58655:OK-t1,SUCCESS,nextIndex=18,followerCommit=16,matchIndex=17
2023-03-14 08:39:08,271 [s1-client-thread1] DEBUG server.RaftServer$Division (RaftServerImpl.java:submitClientRequestAsync(835)) - s1@group-6227D363B60F: receive client request(RaftClientRequest:client-C1CA3E5F9C10->s1@group-6227D363B60F, cid=52, seq=0, RW, Message:6d39)
2023-03-14 08:39:08,271 [s1-client-thread1] DEBUG server.RaftServer$Division (LeaderStateImpl.java:addPendingRequest(474)) - s1@group-6227D363B60F-LeaderStateImpl: addPendingRequest at RaftClientRequest:client-C1CA3E5F9C10->s1@group-6227D363B60F, cid=52, seq=0, RW, Message:6d39, entry=(t:1, i:19), STATEMACHINELOGENTRY, 52@client-C1CA3E5F9C10
2023-03-14 08:39:08,279 [s0-server-thread1] DEBUG server.RaftServer$Division (RaftServerImpl.java:logAppendEntries(1430)) - s0@group-6227D363B60F: receive appendEntries(s1, 1, (t:1, i:17), 17, true, commits:[s1:c17, s0:c16], cId:58656, entries: [(t:1, i:18), METADATAENTRY(c:17)]
2023-03-14 08:39:08,280 [s0-server-thread1] DEBUG server.RaftServer$Division (RaftServerImpl.java:logAppendEntries(1430)) - s0@group-6227D363B60F: succeeded to handle AppendEntries. Reply: s1<-s0#58656:OK-t1,SUCCESS,nextIndex=19,followerCommit=17,matchIndex=18
2023-03-14 08:39:08,290 [s0-server-thread1] DEBUG server.RaftServer$Division (RaftServerImpl.java:logAppendEntries(1430)) - s0@group-6227D363B60F: receive appendEntries(s1, 1, (t:1, i:18), 17, true, commits:[s1:c17, s0:c17], cId:58657, entries: [(t:1, i:19), STATEMACHINELOGENTRY, 52@client-C1CA3E5F9C10]
2023-03-14 08:39:08,291 [s0-server-thread1] DEBUG server.RaftServer$Division (RaftServerImpl.java:logAppendEntries(1430)) - s0@group-6227D363B60F: succeeded to handle AppendEntries. Reply: s1<-s0#58657:OK-t1,SUCCESS,nextIndex=20,followerCommit=17,matchIndex=19
2023-03-14 08:39:08,292 [Time-limited test] INFO  grpc.TestRaftReconfigurationWithGrpc (BaseTest.java:testFailureCase(151)) - run 'Can't set configuration in CAS mode '
2023-03-14 08:39:08,294 [s1-server-thread1] INFO  server.RaftServer$Division (RaftServerImpl.java:setConfigurationAsync(1197)) - s1@group-6227D363B60F: receive setConfiguration SetConfigurationRequest:client-C1CA3E5F9C10->s1@group-6227D363B60F, cid=53, seq=0, RW, null, COMPARE_AND_SET, servers:[s2|rpc:0.0.0.0:43745|dataStream:|priority:0|startupRole:FOLLOWER, s0|rpc:localhost:37217|admin:localhost:38139|client:localhost:45411|dataStream:localhost:42487|priority:0|startupRole:FOLLOWER, s1|rpc:localhost:43769|admin:localhost:41083|client:localhost:41987|dataStream:localhost:38435|priority:0|startupRole:FOLLOWER], listeners:[]
2023-03-14 08:39:08,297 [Time-limited test] INFO  grpc.TestRaftReconfigurationWithGrpc (BaseTest.java:assertThrowable(133)) - The test "Can't set configuration in CAS mode " throws SetConfigurationException
org.apache.ratis.protocol.exceptions.SetConfigurationException: Failed to set configuration: current configuration 0: peers:[s0|rpc:localhost:37217|admin:localhost:38139|client:localhost:45411|dataStream:localhost:42487|priority:0|startupRole:FOLLOWER, s1|rpc:localhost:43769|admin:localhost:41083|client:localhost:41987|dataStream:localhost:38435|priority:0|startupRole:FOLLOWER]|listeners:[], old=null is different than the request SetConfigurationRequest:client-C1CA3E5F9C10->s1@group-6227D363B60F, cid=53, seq=0, RW, null, COMPARE_AND_SET, servers:[s2|rpc:0.0.0.0:43745|dataStream:|priority:0|startupRole:FOLLOWER, s0|rpc:localhost:37217|admin:localhost:38139|client:localhost:45411|dataStream:localhost:42487|priority:0|startupRole:FOLLOWER, s1|rpc:localhost:43769|admin:localhost:41083|client:localhost:41987|dataStream:localhost:38435|priority:0|startupRole:FOLLOWER], listeners:[]
	at org.apache.ratis.server.impl.RaftServerImpl.setConfigurationAsync(RaftServerImpl.java:1237)
	at org.apache.ratis.server.impl.RaftServerProxy.lambda$setConfigurationAsync$22(RaftServerProxy.java:616)
	at org.apache.ratis.util.JavaUtils.callAsUnchecked(JavaUtils.java:117)
	at org.apache.ratis.server.impl.RaftServerImpl.lambda$executeSubmitServerRequestAsync$11(RaftServerImpl.java:821)
	at java.base/java.util.concurrent.CompletableFuture$AsyncSupply.run(CompletableFuture.java:1700)
	at java.base/java.util.concurrent.ThreadPoolExecutor.runWorker(ThreadPoolExecutor.java:1128)
	at java.base/java.util.concurrent.ThreadPoolExecutor$Worker.run(ThreadPoolExecutor.java:628)
	at java.base/java.lang.Thread.run(Thread.java:829)
2023-03-14 08:39:08,300 [s2-server-thread1] INFO  server.RaftServer$Division (RaftServerImpl.java:setConfigurationAsync(1197)) - s2@group-6227D363B60F: receive setConfiguration SetConfigurationRequest:client-C1CA3E5F9C10->s2@group-6227D363B60F, cid=54, seq=0, RW, null, COMPARE_AND_SET, servers:[s2|rpc:0.0.0.0:43745|dataStream:|priority:0|startupRole:FOLLOWER, s0|rpc:localhost:37217|admin:localhost:38139|client:localhost:45411|dataStream:localhost:42487|priority:0|startupRole:FOLLOWER, s1|rpc:localhost:43769|admin:localhost:41083|client:localhost:41987|dataStream:localhost:38435|priority:0|startupRole:FOLLOWER], listeners:[]
2023-03-14 08:39:08,300 [s0-server-thread1] DEBUG server.RaftServer$Division (RaftServerImpl.java:logAppendEntries(1430)) - s0@group-6227D363B60F: receive appendEntries(s1, 1, (t:1, i:19), 19, true, commits:[s1:c19, s0:c17], cId:58659, entries: [(t:1, i:20), METADATAENTRY(c:19)]
2023-03-14 08:39:08,301 [s0-server-thread1] DEBUG server.RaftServer$Division (RaftServerImpl.java:logAppendEntries(1430)) - s0@group-6227D363B60F: succeeded to handle AppendEntries. Reply: s1<-s0#58659:OK-t1,SUCCESS,nextIndex=21,followerCommit=19,matchIndex=20
2023-03-14 08:39:08,355 [s2@group-6227D363B60F-FollowerState] INFO  impl.FollowerState (FollowerState.java:run(143)) - s2@group-6227D363B60F-FollowerState: change to CANDIDATE, lastRpcElapsedTime:261831409ns, electionTimeout:258ms
2023-03-14 08:39:08,355 [s2@group-6227D363B60F-FollowerState] INFO  impl.RoleInfo (RoleInfo.java:shutdownFollowerState(110)) - s2: shutdown s2@group-6227D363B60F-FollowerState
2023-03-14 08:39:08,355 [s2@group-6227D363B60F-FollowerState] INFO  server.RaftServer$Division (RaftServerImpl.java:setRole(329)) - s2@group-6227D363B60F: changes role from  FOLLOWER to CANDIDATE at term 0 for changeToCandidate
2023-03-14 08:39:08,355 [s2@group-6227D363B60F-FollowerState] INFO  server.RaftServerConfigKeys (ConfUtils.java:logGet(46)) - raft.server.leaderelection.pre-vote = true (default)
2023-03-14 08:39:08,355 [s2@group-6227D363B60F-FollowerState] INFO  impl.RoleInfo (RoleInfo.java:updateAndGet(139)) - s2: start s2@group-6227D363B60F-LeaderElection44
2023-03-14 08:39:08,360 [s2@group-6227D363B60F-LeaderElection44] INFO  impl.LeaderElection (LeaderElection.java:askForVotes(320)) - s2@group-6227D363B60F-LeaderElection44 PRE_VOTE round 0: submit vote requests at term 0 for -1: peers:[s0|rpc:localhost:37217|admin:localhost:38139|client:localhost:45411|dataStream:localhost:42487|priority:0|startupRole:FOLLOWER, s1|rpc:localhost:43769|admin:localhost:41083|client:localhost:41987|dataStream:localhost:38435|priority:0|startupRole:FOLLOWER, s2|priority:0|startupRole:FOLLOWER]|listeners:[], old=null
2023-03-14 08:39:08,368 [s2@group-6227D363B60F-LeaderElection44-1] INFO  server.GrpcServerProtocolClient (GrpcServerProtocolClient.java:<init>(64)) - Build channel for s0
2023-03-14 08:39:08,370 [s2@group-6227D363B60F-LeaderElection44] INFO  server.RaftServerConfigKeys (ConfUtils.java:logFallback(53)) - raft.server.rpc.first-election.timeout.min = 150ms (fallback to raft.server.rpc.timeout.min)
2023-03-14 08:39:08,370 [s2@group-6227D363B60F-LeaderElection44] INFO  server.RaftServerConfigKeys (ConfUtils.java:logFallback(53)) - raft.server.rpc.first-election.timeout.max = 300ms (fallback to raft.server.rpc.timeout.max)
2023-03-14 08:39:08,371 [s2@group-6227D363B60F-LeaderElection44-2] INFO  server.GrpcServerProtocolClient (GrpcServerProtocolClient.java:<init>(64)) - Build channel for s1
2023-03-14 08:39:08,371 [grpc-default-executor-0] INFO  server.RaftServer$Division (RaftServerImpl.java:requestVote(1303)) - s0@group-6227D363B60F: receive requestVote(PRE_VOTE, s2, group-6227D363B60F, 0, (t:0, i:0))
2023-03-14 08:39:08,371 [grpc-default-executor-0] INFO  impl.VoteContext (VoteContext.java:log(49)) - s0@group-6227D363B60F-FOLLOWER: reject PRE_VOTE from s2: s2 is not in current conf [s0|rpc:localhost:37217|admin:localhost:38139|client:localhost:45411|dataStream:localhost:42487|priority:0|startupRole:FOLLOWER, s1|rpc:localhost:43769|admin:localhost:41083|client:localhost:41987|dataStream:localhost:38435|priority:0|startupRole:FOLLOWER]
2023-03-14 08:39:08,371 [grpc-default-executor-0] INFO  server.RaftServer$Division (RaftServerImpl.java:requestVote(1336)) - s0@group-6227D363B60F replies to PRE_VOTE vote request: s2<-s0#0:FAIL-t1. Peer's state: s0@group-6227D363B60F:t1, leader=s1, voted=s1, raftlog=Memoized:s0@group-6227D363B60F-SegmentedRaftLog:OPENED:c19, conf=0: peers:[s0|rpc:localhost:37217|admin:localhost:38139|client:localhost:45411|dataStream:localhost:42487|priority:0|startupRole:FOLLOWER, s1|rpc:localhost:43769|admin:localhost:41083|client:localhost:41987|dataStream:localhost:38435|priority:0|startupRole:FOLLOWER]|listeners:[], old=null
2023-03-14 08:39:08,372 [s2@group-6227D363B60F-LeaderElection44] INFO  impl.LeaderElection (LeaderElection.java:logAndReturn(89)) - s2@group-6227D363B60F-LeaderElection44: PRE_VOTE DISCOVERED_A_NEW_TERM (term=1) received 1 response(s) and 0 exception(s):
2023-03-14 08:39:08,372 [s2@group-6227D363B60F-LeaderElection44] INFO  impl.LeaderElection (LeaderElection.java:logAndReturn(93)) -   Response 0: s2<-s0#0:FAIL-t1
2023-03-14 08:39:08,372 [s2@group-6227D363B60F-LeaderElection44] INFO  impl.LeaderElection (LeaderElection.java:askForVotes(322)) - s2@group-6227D363B60F-LeaderElection44 PRE_VOTE round 0: result DISCOVERED_A_NEW_TERM (term=1)
2023-03-14 08:39:08,372 [s2@group-6227D363B60F-LeaderElection44] INFO  server.RaftServer$Division (RaftServerImpl.java:setRole(329)) - s2@group-6227D363B60F: changes role from CANDIDATE to FOLLOWER at term 1 for DISCOVERED_A_NEW_TERM (term=1)
2023-03-14 08:39:08,372 [s2@group-6227D363B60F-LeaderElection44] INFO  impl.RoleInfo (RoleInfo.java:shutdownLeaderElection(130)) - s2: shutdown s2@group-6227D363B60F-LeaderElection44
2023-03-14 08:39:08,372 [s2@group-6227D363B60F-LeaderElection44] INFO  impl.RoleInfo (RoleInfo.java:updateAndGet(139)) - s2: start s2@group-6227D363B60F-FollowerState
2023-03-14 08:39:08,374 [grpc-default-executor-0] INFO  server.RaftServer$Division (RaftServerImpl.java:requestVote(1303)) - s1@group-6227D363B60F: receive requestVote(PRE_VOTE, s2, group-6227D363B60F, 0, (t:0, i:0))
2023-03-14 08:39:08,374 [grpc-default-executor-0] INFO  impl.VoteContext (VoteContext.java:log(49)) - s1@group-6227D363B60F-LEADER: reject PRE_VOTE from s2: s2 is not in current conf [s0|rpc:localhost:37217|admin:localhost:38139|client:localhost:45411|dataStream:localhost:42487|priority:0|startupRole:FOLLOWER, s1|rpc:localhost:43769|admin:localhost:41083|client:localhost:41987|dataStream:localhost:38435|priority:0|startupRole:FOLLOWER]
2023-03-14 08:39:08,374 [grpc-default-executor-0] INFO  server.RaftServer$Division (RaftServerImpl.java:requestVote(1336)) - s1@group-6227D363B60F replies to PRE_VOTE vote request: s2<-s1#0:FAIL-t1. Peer's state: s1@group-6227D363B60F:t1, leader=s1, voted=s1, raftlog=Memoized:s1@group-6227D363B60F-SegmentedRaftLog:OPENED:c20, conf=0: peers:[s0|rpc:localhost:37217|admin:localhost:38139|client:localhost:45411|dataStream:localhost:42487|priority:0|startupRole:FOLLOWER, s1|rpc:localhost:43769|admin:localhost:41083|client:localhost:41987|dataStream:localhost:38435|priority:0|startupRole:FOLLOWER]|listeners:[], old=null
2023-03-14 08:39:08,374 [s2@group-6227D363B60F-FollowerState] INFO  server.RaftServerConfigKeys (ConfUtils.java:logFallback(53)) - raft.server.rpc.first-election.timeout.min = 150ms (fallback to raft.server.rpc.timeout.min)
2023-03-14 08:39:08,374 [s2@group-6227D363B60F-FollowerState] INFO  server.RaftServerConfigKeys (ConfUtils.java:logFallback(53)) - raft.server.rpc.first-election.timeout.max = 300ms (fallback to raft.server.rpc.timeout.max)
2023-03-14 08:39:08,405 [s0-server-thread2] INFO  server.RaftServer$Division (RaftServerImpl.java:setConfigurationAsync(1197)) - s0@group-6227D363B60F: receive setConfiguration SetConfigurationRequest:client-C1CA3E5F9C10->s0@group-6227D363B60F, cid=54, seq=0, RW, null, COMPARE_AND_SET, servers:[s2|rpc:0.0.0.0:43745|dataStream:|priority:0|startupRole:FOLLOWER, s0|rpc:localhost:37217|admin:localhost:38139|client:localhost:45411|dataStream:localhost:42487|priority:0|startupRole:FOLLOWER, s1|rpc:localhost:43769|admin:localhost:41083|client:localhost:41987|dataStream:localhost:38435|priority:0|startupRole:FOLLOWER], listeners:[]
2023-03-14 08:39:08,512 [s1-server-thread1] INFO  server.RaftServer$Division (RaftServerImpl.java:setConfigurationAsync(1197)) - s1@group-6227D363B60F: receive setConfiguration SetConfigurationRequest:client-C1CA3E5F9C10->s1@group-6227D363B60F, cid=54, seq=0, RW, null, COMPARE_AND_SET, servers:[s2|rpc:0.0.0.0:43745|dataStream:|priority:0|startupRole:FOLLOWER, s0|rpc:localhost:37217|admin:localhost:38139|client:localhost:45411|dataStream:localhost:42487|priority:0|startupRole:FOLLOWER, s1|rpc:localhost:43769|admin:localhost:41083|client:localhost:41987|dataStream:localhost:38435|priority:0|startupRole:FOLLOWER], listeners:[]
2023-03-14 08:39:08,513 [s1-server-thread1] INFO  server.RaftServer$Division (LeaderStateImpl.java:startSetConfiguration(440)) - s1@group-6227D363B60F-LeaderStateImpl: startSetConfiguration SetConfigurationRequest:client-C1CA3E5F9C10->s1@group-6227D363B60F, cid=54, seq=0, RW, null, COMPARE_AND_SET, servers:[s2|rpc:0.0.0.0:43745|dataStream:|priority:0|startupRole:FOLLOWER, s0|rpc:localhost:37217|admin:localhost:38139|client:localhost:45411|dataStream:localhost:42487|priority:0|startupRole:FOLLOWER, s1|rpc:localhost:43769|admin:localhost:41083|client:localhost:41987|dataStream:localhost:38435|priority:0|startupRole:FOLLOWER], listeners:[]
2023-03-14 08:39:08,513 [s1-server-thread1] INFO  server.RaftServerConfigKeys (ConfUtils.java:logGet(46)) - raft.server.log.appender.snapshot.chunk.size.max = 16MB (=16777216) (default)
2023-03-14 08:39:08,513 [s1-server-thread1] INFO  server.RaftServerConfigKeys (ConfUtils.java:logGet(46)) - raft.server.log.appender.buffer.byte-limit = 4MB (=4194304) (default)
2023-03-14 08:39:08,513 [s1-server-thread1] INFO  server.RaftServerConfigKeys (ConfUtils.java:logGet(46)) - raft.server.log.appender.buffer.element-limit = 0 (default)
2023-03-14 08:39:08,513 [s1-server-thread1] INFO  server.RaftServerConfigKeys (ConfUtils.java:logGet(46)) - raft.server.log.appender.wait-time.min = 10ms (default)
2023-03-14 08:39:08,513 [s1-server-thread1] INFO  grpc.GrpcConfigKeys (ConfUtils.java:logGet(46)) - raft.grpc.server.leader.outstanding.appends.max = 128 (default)
2023-03-14 08:39:08,513 [s1-server-thread1] INFO  server.RaftServerConfigKeys (ConfUtils.java:logGet(46)) - raft.server.rpc.request.timeout = 3000ms (default)
2023-03-14 08:39:08,513 [s1-server-thread1] INFO  server.RaftServerConfigKeys (ConfUtils.java:logGet(46)) - raft.server.log.appender.install.snapshot.enabled = true (default)
2023-03-14 08:39:08,513 [s1-server-thread1] INFO  grpc.GrpcConfigKeys (ConfUtils.java:logGet(46)) - raft.grpc.server.heartbeat.channel = true (default)
2023-03-14 08:39:08,523 [s1@group-6227D363B60F->s2-GrpcLogAppender-LogAppenderDaemon] INFO  leader.FollowerInfo (FollowerInfoImpl.java:setAttemptedToInstallSnapshot(126)) - Follower s1@group-6227D363B60F->s2 acknowledged installing snapshot
2023-03-14 08:39:08,523 [s1@group-6227D363B60F->s2-GrpcLogAppender-LogAppenderDaemon] INFO  server.GrpcServerProtocolClient (GrpcServerProtocolClient.java:<init>(64)) - Build channel for s2
2023-03-14 08:39:08,527 [s2-server-thread1] INFO  server.RaftServer$Division (ServerState.java:setLeader(260)) - s2@group-6227D363B60F: change Leader from null to s1 at term 1 for appendEntries, leader elected after 448ms
2023-03-14 08:39:08,536 [s2-server-thread2] DEBUG server.RaftServer$Division (RaftServerImpl.java:logAppendEntries(1430)) - s2@group-6227D363B60F: receive appendEntries(s1, 1, null, 20, false, commits:[s1:c20, s0:c20, s2:c-1], cId:1, entries: [(t:1, i:0), CONFIGURATIONENTRY(current:id: "s0"
address: "localhost:37217"
dataStreamAddress: "localhost:42487"
clientAddress: "localhost:45411"
adminAddress: "localhost:38139"
startupRole: FOLLOWER
,id: "s1"
address: "localhost:43769"
dataStreamAddress: "localhost:38435"
clientAddress: "localhost:41987"
adminAddress: "localhost:41083"
startupRole: FOLLOWER
, old:), (t:1, i:1), STATEMACHINELOGENTRY, 43@client-C1CA3E5F9C10, (t:1, i:2), METADATAENTRY(c:1), (t:1, i:3), STATEMACHINELOGENTRY, 44@client-C1CA3E5F9C10, (t:1, i:4), METADATAENTRY(c:3), (t:1, i:5), STATEMACHINELOGENTRY, 45@client-C1CA3E5F9C10, (t:1, i:6), METADATAENTRY(c:5), (t:1, i:7), STATEMACHINELOGENTRY, 46@client-C1CA3E5F9C10, (t:1, i:8), METADATAENTRY(c:7), (t:1, i:9), STATEMACHINELOGENTRY, 47@client-C1CA3E5F9C10, (t:1, i:10), METADATAENTRY(c:9), (t:1, i:11), STATEMACHINELOGENTRY, 48@client-C1CA3E5F9C10, (t:1, i:12), METADATAENTRY(c:11), (t:1, i:13), STATEMACHINELOGENTRY, 49@client-C1CA3E5F9C10, (t:1, i:14), METADATAENTRY(c:13), (t:1, i:15), STATEMACHINELOGENTRY, 50@client-C1CA3E5F9C10, (t:1, i:16), METADATAENTRY(c:15), (t:1, i:17), STATEMACHINELOGENTRY, 51@client-C1CA3E5F9C10, (t:1, i:18), METADATAENTRY(c:17), (t:1, i:19), STATEMACHINELOGENTRY, 52@client-C1CA3E5F9C10, (t:1, i:20), METADATAENTRY(c:19)]
2023-03-14 08:39:08,536 [s2-server-thread2] INFO  server.RaftServer$Division (ServerState.java:setRaftConf(378)) - s2@group-6227D363B60F: set configuration 0: peers:[s0|rpc:localhost:37217|admin:localhost:38139|client:localhost:45411|dataStream:localhost:42487|priority:0|startupRole:FOLLOWER, s1|rpc:localhost:43769|admin:localhost:41083|client:localhost:41987|dataStream:localhost:38435|priority:0|startupRole:FOLLOWER]|listeners:[], old=null
2023-03-14 08:39:08,536 [s2-server-thread2] INFO  segmented.SegmentedRaftLogWorker (SegmentedRaftLogWorker.java:startLogSegment(426)) - s2@group-6227D363B60F-SegmentedRaftLogWorker: Starting segment from index:0
2023-03-14 08:39:08,544 [s2@group-6227D363B60F-SegmentedRaftLogWorker] INFO  segmented.SegmentedRaftLogWorker (SegmentedRaftLogWorker.java:execute(630)) - s2@group-6227D363B60F-SegmentedRaftLogWorker: created new log segment /home/runner/work/ratis/ratis/ratis-test/target/test/data/be523d36/MiniRaftClusterWithGrpcc969d7e9/s2/21993f60-4e21-48c2-bea4-6227d363b60f/current/log_inprogress_0
2023-03-14 08:39:08,545 [s2-server-thread2] DEBUG server.RaftServer$Division (RaftServerImpl.java:logAppendEntries(1430)) - s2@group-6227D363B60F: succeeded to handle AppendEntries. Reply: s1<-s2#1:OK-t1,SUCCESS,nextIndex=21,followerCommit=20,matchIndex=20
2023-03-14 08:39:08,546 [s1@group-6227D363B60F-LeaderStateImpl] INFO  server.RaftServer$Division (ServerState.java:setRaftConf(378)) - s1@group-6227D363B60F: set configuration 21: peers:[s0|rpc:localhost:37217|admin:localhost:38139|client:localhost:45411|dataStream:localhost:42487|priority:0|startupRole:FOLLOWER, s1|rpc:localhost:43769|admin:localhost:41083|client:localhost:41987|dataStream:localhost:38435|priority:0|startupRole:FOLLOWER, s2|rpc:0.0.0.0:43745|dataStream:|priority:0|startupRole:FOLLOWER]|listeners:[], old=peers:[s0|rpc:localhost:37217|admin:localhost:38139|client:localhost:45411|dataStream:localhost:42487|priority:0|startupRole:FOLLOWER, s1|rpc:localhost:43769|admin:localhost:41083|client:localhost:41987|dataStream:localhost:38435|priority:0|startupRole:FOLLOWER]|listeners:[]
2023-03-14 08:39:08,546 [s2-server-thread2] DEBUG server.RaftServer$Division (RaftServerImpl.java:logAppendEntries(1430)) - s2@group-6227D363B60F: receive appendEntries(s1, 1, (t:1, i:20), 20, false, commits:[s1:c20, s0:c20, s2:c20], cId:2, entries: [(t:1, i:21), CONFIGURATIONENTRY(current:id: "s0"
address: "localhost:37217"
dataStreamAddress: "localhost:42487"
clientAddress: "localhost:45411"
adminAddress: "localhost:38139"
startupRole: FOLLOWER
,id: "s1"
address: "localhost:43769"
dataStreamAddress: "localhost:38435"
clientAddress: "localhost:41987"
adminAddress: "localhost:41083"
startupRole: FOLLOWER
,id: "s2"
address: "0.0.0.0:43745"
clientAddress: "0.0.0.0:43745"
adminAddress: "0.0.0.0:43745"
startupRole: FOLLOWER
, old:id: "s0"
address: "localhost:37217"
dataStreamAddress: "localhost:42487"
clientAddress: "localhost:45411"
adminAddress: "localhost:38139"
startupRole: FOLLOWER
,id: "s1"
address: "localhost:43769"
dataStreamAddress: "localhost:38435"
clientAddress: "localhost:41987"
adminAddress: "localhost:41083"
startupRole: FOLLOWER
)]
2023-03-14 08:39:08,546 [s2-server-thread2] INFO  server.RaftServer$Division (ServerState.java:setRaftConf(378)) - s2@group-6227D363B60F: set configuration 21: peers:[s0|rpc:localhost:37217|admin:localhost:38139|client:localhost:45411|dataStream:localhost:42487|priority:0|startupRole:FOLLOWER, s1|rpc:localhost:43769|admin:localhost:41083|client:localhost:41987|dataStream:localhost:38435|priority:0|startupRole:FOLLOWER, s2|rpc:0.0.0.0:43745|dataStream:|priority:0|startupRole:FOLLOWER]|listeners:[], old=peers:[s0|rpc:localhost:37217|admin:localhost:38139|client:localhost:45411|dataStream:localhost:42487|priority:0|startupRole:FOLLOWER, s1|rpc:localhost:43769|admin:localhost:41083|client:localhost:41987|dataStream:localhost:38435|priority:0|startupRole:FOLLOWER]|listeners:[]
2023-03-14 08:39:08,547 [s0-server-thread2] DEBUG server.RaftServer$Division (RaftServerImpl.java:logAppendEntries(1430)) - s0@group-6227D363B60F: receive appendEntries(s1, 1, (t:1, i:20), 20, true, commits:[s1:c20, s0:c20, s2:c20], cId:111678, entries: [(t:1, i:21), CONFIGURATIONENTRY(current:id: "s0"
address: "localhost:37217"
dataStreamAddress: "localhost:42487"
clientAddress: "localhost:45411"
adminAddress: "localhost:38139"
startupRole: FOLLOWER
,id: "s1"
address: "localhost:43769"
dataStreamAddress: "localhost:38435"
clientAddress: "localhost:41987"
adminAddress: "localhost:41083"
startupRole: FOLLOWER
,id: "s2"
address: "0.0.0.0:43745"
clientAddress: "0.0.0.0:43745"
adminAddress: "0.0.0.0:43745"
startupRole: FOLLOWER
, old:id: "s0"
address: "localhost:37217"
dataStreamAddress: "localhost:42487"
clientAddress: "localhost:45411"
adminAddress: "localhost:38139"
startupRole: FOLLOWER
,id: "s1"
address: "localhost:43769"
dataStreamAddress: "localhost:38435"
clientAddress: "localhost:41987"
adminAddress: "localhost:41083"
startupRole: FOLLOWER
)]
2023-03-14 08:39:08,547 [s0-server-thread2] INFO  server.RaftServer$Division (ServerState.java:setRaftConf(378)) - s0@group-6227D363B60F: set configuration 21: peers:[s0|rpc:localhost:37217|admin:localhost:38139|client:localhost:45411|dataStream:localhost:42487|priority:0|startupRole:FOLLOWER, s1|rpc:localhost:43769|admin:localhost:41083|client:localhost:41987|dataStream:localhost:38435|priority:0|startupRole:FOLLOWER, s2|rpc:0.0.0.0:43745|dataStream:|priority:0|startupRole:FOLLOWER]|listeners:[], old=peers:[s0|rpc:localhost:37217|admin:localhost:38139|client:localhost:45411|dataStream:localhost:42487|priority:0|startupRole:FOLLOWER, s1|rpc:localhost:43769|admin:localhost:41083|client:localhost:41987|dataStream:localhost:38435|priority:0|startupRole:FOLLOWER]|listeners:[]
2023-03-14 08:39:08,547 [s2-server-thread2] DEBUG server.RaftServer$Division (RaftServerImpl.java:logAppendEntries(1430)) - s2@group-6227D363B60F: succeeded to handle AppendEntries. Reply: s1<-s2#2:OK-t1,SUCCESS,nextIndex=22,followerCommit=20,matchIndex=21
2023-03-14 08:39:08,549 [s0-server-thread2] DEBUG server.RaftServer$Division (RaftServerImpl.java:logAppendEntries(1430)) - s0@group-6227D363B60F: succeeded to handle AppendEntries. Reply: s1<-s0#111678:OK-t1,SUCCESS,nextIndex=22,followerCommit=20,matchIndex=21
2023-03-14 08:39:08,550 [s1@group-6227D363B60F-LeaderStateImpl] INFO  server.RaftServer$Division (ServerState.java:setRaftConf(378)) - s1@group-6227D363B60F: set configuration 23: peers:[s0|rpc:localhost:37217|admin:localhost:38139|client:localhost:45411|dataStream:localhost:42487|priority:0|startupRole:FOLLOWER, s1|rpc:localhost:43769|admin:localhost:41083|client:localhost:41987|dataStream:localhost:38435|priority:0|startupRole:FOLLOWER, s2|rpc:0.0.0.0:43745|dataStream:|priority:0|startupRole:FOLLOWER]|listeners:[], old=null
2023-03-14 08:39:08,557 [s2-server-thread2] DEBUG server.RaftServer$Division (RaftServerImpl.java:logAppendEntries(1430)) - s2@group-6227D363B60F: receive appendEntries(s1, 1, (t:1, i:21), 21, true, commits:[s1:c21, s0:c20, s2:c20], cId:3, entries: [(t:1, i:22), METADATAENTRY(c:21)]
2023-03-14 08:39:08,557 [s2-server-thread2] DEBUG server.RaftServer$Division (RaftServerImpl.java:logAppendEntries(1430)) - s2@group-6227D363B60F: succeeded to handle AppendEntries. Reply: s1<-s2#3:OK-t1,SUCCESS,nextIndex=23,followerCommit=21,matchIndex=22
2023-03-14 08:39:08,558 [s0-server-thread2] DEBUG server.RaftServer$Division (RaftServerImpl.java:logAppendEntries(1430)) - s0@group-6227D363B60F: receive appendEntries(s1, 1, (t:1, i:21), 21, true, commits:[s1:c21, s0:c20, s2:c20], cId:111679, entries: [(t:1, i:22), METADATAENTRY(c:21), (t:1, i:23), CONFIGURATIONENTRY(current:id: "s0"
address: "localhost:37217"
dataStreamAddress: "localhost:42487"
clientAddress: "localhost:45411"
adminAddress: "localhost:38139"
startupRole: FOLLOWER
,id: "s1"
address: "localhost:43769"
dataStreamAddress: "localhost:38435"
clientAddress: "localhost:41987"
adminAddress: "localhost:41083"
startupRole: FOLLOWER
,id: "s2"
address: "0.0.0.0:43745"
clientAddress: "0.0.0.0:43745"
adminAddress: "0.0.0.0:43745"
startupRole: FOLLOWER
, old:)]
2023-03-14 08:39:08,558 [s0-server-thread2] INFO  server.RaftServer$Division (ServerState.java:setRaftConf(378)) - s0@group-6227D363B60F: set configuration 23: peers:[s0|rpc:localhost:37217|admin:localhost:38139|client:localhost:45411|dataStream:localhost:42487|priority:0|startupRole:FOLLOWER, s1|rpc:localhost:43769|admin:localhost:41083|client:localhost:41987|dataStream:localhost:38435|priority:0|startupRole:FOLLOWER, s2|rpc:0.0.0.0:43745|dataStream:|priority:0|startupRole:FOLLOWER]|listeners:[], old=null
2023-03-14 08:39:08,559 [s0-server-thread2] DEBUG server.RaftServer$Division (RaftServerImpl.java:logAppendEntries(1430)) - s0@group-6227D363B60F: succeeded to handle AppendEntries. Reply: s1<-s0#111679:OK-t1,SUCCESS,nextIndex=24,followerCommit=21,matchIndex=23
2023-03-14 08:39:08,560 [Time-limited test] INFO  server.RaftServerConfigKeys (ConfUtils.java:logGet(46)) - raft.server.rpc.timeout.max = 300ms (default)
2023-03-14 08:39:08,560 [Time-limited test] INFO  impl.RaftServerTestUtil (RaftServerTestUtil.java:waitAndCheckNewConf(87)) - waitAndCheckNewConf: peers=[s2|rpc:0.0.0.0:43745|priority:0|startupRole:FOLLOWER, s0|rpc:localhost:37217|admin:localhost:38139|client:localhost:45411|dataStream:localhost:42487|priority:0|startupRole:FOLLOWER, s1|rpc:localhost:43769|admin:localhost:41083|client:localhost:41987|dataStream:localhost:38435|priority:0|startupRole:FOLLOWER], deadPeers=null, printing ALL groups
  s0:  RUNNING  FOLLOWER s0@group-6227D363B60F:t1, leader=s1, voted=s1, raftlog=Memoized:s0@group-6227D363B60F-SegmentedRaftLog:OPENED:c21, conf=23: peers:[s0|rpc:localhost:37217|admin:localhost:38139|client:localhost:45411|dataStream:localhost:42487|priority:0|startupRole:FOLLOWER, s1|rpc:localhost:43769|admin:localhost:41083|client:localhost:41987|dataStream:localhost:38435|priority:0|startupRole:FOLLOWER, s2|rpc:0.0.0.0:43745|dataStream:|priority:0|startupRole:FOLLOWER]|listeners:[], old=null RUNNING
  s1:  RUNNING    LEADER s1@group-6227D363B60F:t1, leader=s1, voted=s1, raftlog=Memoized:s1@group-6227D363B60F-SegmentedRaftLog:OPENED:c23, conf=23: peers:[s0|rpc:localhost:37217|admin:localhost:38139|client:localhost:45411|dataStream:localhost:42487|priority:0|startupRole:FOLLOWER, s1|rpc:localhost:43769|admin:localhost:41083|client:localhost:41987|dataStream:localhost:38435|priority:0|startupRole:FOLLOWER, s2|rpc:0.0.0.0:43745|dataStream:|priority:0|startupRole:FOLLOWER]|listeners:[], old=null RUNNING
  s2:  RUNNING  FOLLOWER s2@group-6227D363B60F:t1, leader=s1, voted=null, raftlog=Memoized:s2@group-6227D363B60F-SegmentedRaftLog:OPENED:c21, conf=21: peers:[s0|rpc:localhost:37217|admin:localhost:38139|client:localhost:45411|dataStream:localhost:42487|priority:0|startupRole:FOLLOWER, s1|rpc:localhost:43769|admin:localhost:41083|client:localhost:41987|dataStream:localhost:38435|priority:0|startupRole:FOLLOWER, s2|rpc:0.0.0.0:43745|dataStream:|priority:0|startupRole:FOLLOWER]|listeners:[], old=peers:[s0|rpc:localhost:37217|admin:localhost:38139|client:localhost:45411|dataStream:localhost:42487|priority:0|startupRole:FOLLOWER, s1|rpc:localhost:43769|admin:localhost:41083|client:localhost:41987|dataStream:localhost:38435|priority:0|startupRole:FOLLOWER]|listeners:[] RUNNING
2023-03-14 08:39:08,561 [Time-limited test] INFO  impl.RaftServerTestUtil (RaftServerTestUtil.java:waitAndCheckNewConf(96)) - checking  FOLLOWER s0@group-6227D363B60F:t1, leader=s1, voted=s1, raftlog=Memoized:s0@group-6227D363B60F-SegmentedRaftLog:OPENED:c21, conf=23: peers:[s0|rpc:localhost:37217|admin:localhost:38139|client:localhost:45411|dataStream:localhost:42487|priority:0|startupRole:FOLLOWER, s1|rpc:localhost:43769|admin:localhost:41083|client:localhost:41987|dataStream:localhost:38435|priority:0|startupRole:FOLLOWER, s2|rpc:0.0.0.0:43745|dataStream:|priority:0|startupRole:FOLLOWER]|listeners:[], old=null RUNNING
2023-03-14 08:39:08,561 [Time-limited test] INFO  impl.RaftServerTestUtil (RaftServerTestUtil.java:waitAndCheckNewConf(96)) - checking    LEADER s1@group-6227D363B60F:t1, leader=s1, voted=s1, raftlog=Memoized:s1@group-6227D363B60F-SegmentedRaftLog:OPENED:c23, conf=23: peers:[s0|rpc:localhost:37217|admin:localhost:38139|client:localhost:45411|dataStream:localhost:42487|priority:0|startupRole:FOLLOWER, s1|rpc:localhost:43769|admin:localhost:41083|client:localhost:41987|dataStream:localhost:38435|priority:0|startupRole:FOLLOWER, s2|rpc:0.0.0.0:43745|dataStream:|priority:0|startupRole:FOLLOWER]|listeners:[], old=null RUNNING
2023-03-14 08:39:08,561 [Time-limited test] INFO  impl.RaftServerTestUtil (RaftServerTestUtil.java:waitAndCheckNewConf(96)) - checking  FOLLOWER s2@group-6227D363B60F:t1, leader=s1, voted=null, raftlog=Memoized:s2@group-6227D363B60F-SegmentedRaftLog:OPENED:c21, conf=21: peers:[s0|rpc:localhost:37217|admin:localhost:38139|client:localhost:45411|dataStream:localhost:42487|priority:0|startupRole:FOLLOWER, s1|rpc:localhost:43769|admin:localhost:41083|client:localhost:41987|dataStream:localhost:38435|priority:0|startupRole:FOLLOWER, s2|rpc:0.0.0.0:43745|dataStream:|priority:0|startupRole:FOLLOWER]|listeners:[], old=peers:[s0|rpc:localhost:37217|admin:localhost:38139|client:localhost:45411|dataStream:localhost:42487|priority:0|startupRole:FOLLOWER, s1|rpc:localhost:43769|admin:localhost:41083|client:localhost:41987|dataStream:localhost:38435|priority:0|startupRole:FOLLOWER]|listeners:[] RUNNING
2023-03-14 08:39:08,561 [Time-limited test] WARN  impl.RaftServerTestUtil (JavaUtils.java:attempt(217)) - FAILED "waitAndCheckNewConf", attempt #1/10: java.lang.AssertionError, sleep 600ms and then retry.
java.lang.AssertionError
	at org.junit.Assert.fail(Assert.java:87)
	at org.junit.Assert.assertTrue(Assert.java:42)
	at org.junit.Assert.assertTrue(Assert.java:53)
	at org.apache.ratis.server.impl.RaftServerTestUtil.waitAndCheckNewConf(RaftServerTestUtil.java:106)
	at org.apache.ratis.server.impl.RaftServerTestUtil.lambda$waitAndCheckNewConf$3(RaftServerTestUtil.java:82)
	at org.apache.ratis.util.function.CheckedRunnable.lambda$asCheckedSupplier$0(CheckedRunnable.java:32)
	at org.apache.ratis.util.JavaUtils.attempt(JavaUtils.java:211)
	at org.apache.ratis.util.JavaUtils.attemptRepeatedly(JavaUtils.java:197)
	at org.apache.ratis.util.JavaUtils.attempt(JavaUtils.java:231)
	at org.apache.ratis.server.impl.RaftServerTestUtil.waitAndCheckNewConf(RaftServerTestUtil.java:82)
	at org.apache.ratis.server.impl.RaftReconfigurationBaseTest.runTestSetConfigurationInCasMode(RaftReconfigurationBaseTest.java:254)
	at org.apache.ratis.server.impl.MiniRaftCluster$Factory$Get.runWithNewCluster(MiniRaftCluster.java:141)
	at org.apache.ratis.server.impl.MiniRaftCluster$Factory$Get.runWithNewCluster(MiniRaftCluster.java:121)
	at org.apache.ratis.server.impl.RaftReconfigurationBaseTest.testSetConfigurationInCasMode(RaftReconfigurationBaseTest.java:223)
	at java.base/jdk.internal.reflect.NativeMethodAccessorImpl.invoke0(Native Method)
	at java.base/jdk.internal.reflect.NativeMethodAccessorImpl.invoke(NativeMethodAccessorImpl.java:62)
	at java.base/jdk.internal.reflect.DelegatingMethodAccessorImpl.invoke(DelegatingMethodAccessorImpl.java:43)
	at java.base/java.lang.reflect.Method.invoke(Method.java:566)
	at org.junit.runners.model.FrameworkMethod$1.runReflectiveCall(FrameworkMethod.java:59)
	at org.junit.internal.runners.model.ReflectiveCallable.run(ReflectiveCallable.java:12)
	at org.junit.runners.model.FrameworkMethod.invokeExplosively(FrameworkMethod.java:56)
	at org.junit.internal.runners.statements.InvokeMethod.evaluate(InvokeMethod.java:17)
	at org.junit.internal.runners.statements.RunAfters.evaluate(RunAfters.java:27)
	at org.junit.internal.runners.statements.FailOnTimeout$CallableStatement.call(FailOnTimeout.java:299)
	at org.junit.internal.runners.statements.FailOnTimeout$CallableStatement.call(FailOnTimeout.java:293)
	at java.base/java.util.concurrent.FutureTask.run(FutureTask.java:264)
	at java.base/java.lang.Thread.run(Thread.java:829)
2023-03-14 08:39:08,568 [s2-server-thread2] DEBUG server.RaftServer$Division (RaftServerImpl.java:logAppendEntries(1430)) - s2@group-6227D363B60F: receive appendEntries(s1, 1, (t:1, i:22), 21, true, commits:[s1:c21, s0:c20, s2:c21], cId:4, entries: [(t:1, i:23), CONFIGURATIONENTRY(current:id: "s0"
address: "localhost:37217"
dataStreamAddress: "localhost:42487"
clientAddress: "localhost:45411"
adminAddress: "localhost:38139"
startupRole: FOLLOWER
,id: "s1"
address: "localhost:43769"
dataStreamAddress: "localhost:38435"
clientAddress: "localhost:41987"
adminAddress: "localhost:41083"
startupRole: FOLLOWER
,id: "s2"
address: "0.0.0.0:43745"
clientAddress: "0.0.0.0:43745"
adminAddress: "0.0.0.0:43745"
startupRole: FOLLOWER
, old:)]
2023-03-14 08:39:08,568 [s2-server-thread2] INFO  server.RaftServer$Division (ServerState.java:setRaftConf(378)) - s2@group-6227D363B60F: set configuration 23: peers:[s0|rpc:localhost:37217|admin:localhost:38139|client:localhost:45411|dataStream:localhost:42487|priority:0|startupRole:FOLLOWER, s1|rpc:localhost:43769|admin:localhost:41083|client:localhost:41987|dataStream:localhost:38435|priority:0|startupRole:FOLLOWER, s2|rpc:0.0.0.0:43745|dataStream:|priority:0|startupRole:FOLLOWER]|listeners:[], old=null
2023-03-14 08:39:08,568 [s0-server-thread2] DEBUG server.RaftServer$Division (RaftServerImpl.java:logAppendEntries(1430)) - s0@group-6227D363B60F: receive appendEntries(s1, 1, (t:1, i:23), 23, true, commits:[s1:c23, s0:c21, s2:c21], cId:111681, entries: [(t:1, i:24), METADATAENTRY(c:23)]
2023-03-14 08:39:08,568 [s2-server-thread2] DEBUG server.RaftServer$Division (RaftServerImpl.java:logAppendEntries(1430)) - s2@group-6227D363B60F: succeeded to handle AppendEntries. Reply: s1<-s2#4:OK-t1,SUCCESS,nextIndex=24,followerCommit=21,matchIndex=23
2023-03-14 08:39:08,569 [s0-server-thread2] DEBUG server.RaftServer$Division (RaftServerImpl.java:logAppendEntries(1430)) - s0@group-6227D363B60F: succeeded to handle AppendEntries. Reply: s1<-s0#111681:OK-t1,SUCCESS,nextIndex=25,followerCommit=23,matchIndex=24
2023-03-14 08:39:08,578 [s2-server-thread2] DEBUG server.RaftServer$Division (RaftServerImpl.java:logAppendEntries(1430)) - s2@group-6227D363B60F: receive appendEntries(s1, 1, (t:1, i:23), 23, true, commits:[s1:c23, s0:c21, s2:c21], cId:5, entries: [(t:1, i:24), METADATAENTRY(c:23)]
2023-03-14 08:39:08,578 [s2-server-thread2] DEBUG server.RaftServer$Division (RaftServerImpl.java:logAppendEntries(1430)) - s2@group-6227D363B60F: succeeded to handle AppendEntries. Reply: s1<-s2#5:OK-t1,SUCCESS,nextIndex=25,followerCommit=23,matchIndex=24
2023-03-14 08:39:09,161 [Time-limited test] INFO  impl.RaftServerTestUtil (RaftServerTestUtil.java:waitAndCheckNewConf(87)) - waitAndCheckNewConf: peers=[s2|rpc:0.0.0.0:43745|priority:0|startupRole:FOLLOWER, s0|rpc:localhost:37217|admin:localhost:38139|client:localhost:45411|dataStream:localhost:42487|priority:0|startupRole:FOLLOWER, s1|rpc:localhost:43769|admin:localhost:41083|client:localhost:41987|dataStream:localhost:38435|priority:0|startupRole:FOLLOWER], deadPeers=null, printing ALL groups
  s0:  RUNNING  FOLLOWER s0@group-6227D363B60F:t1, leader=s1, voted=s1, raftlog=Memoized:s0@group-6227D363B60F-SegmentedRaftLog:OPENED:c24, conf=23: peers:[s0|rpc:localhost:37217|admin:localhost:38139|client:localhost:45411|dataStream:localhost:42487|priority:0|startupRole:FOLLOWER, s1|rpc:localhost:43769|admin:localhost:41083|client:localhost:41987|dataStream:localhost:38435|priority:0|startupRole:FOLLOWER, s2|rpc:0.0.0.0:43745|dataStream:|priority:0|startupRole:FOLLOWER]|listeners:[], old=null RUNNING
  s1:  RUNNING    LEADER s1@group-6227D363B60F:t1, leader=s1, voted=s1, raftlog=Memoized:s1@group-6227D363B60F-SegmentedRaftLog:OPENED:c24, conf=23: peers:[s0|rpc:localhost:37217|admin:localhost:38139|client:localhost:45411|dataStream:localhost:42487|priority:0|startupRole:FOLLOWER, s1|rpc:localhost:43769|admin:localhost:41083|client:localhost:41987|dataStream:localhost:38435|priority:0|startupRole:FOLLOWER, s2|rpc:0.0.0.0:43745|dataStream:|priority:0|startupRole:FOLLOWER]|listeners:[], old=null RUNNING
  s2:  RUNNING  FOLLOWER s2@group-6227D363B60F:t1, leader=s1, voted=null, raftlog=Memoized:s2@group-6227D363B60F-SegmentedRaftLog:OPENED:c24, conf=23: peers:[s0|rpc:localhost:37217|admin:localhost:38139|client:localhost:45411|dataStream:localhost:42487|priority:0|startupRole:FOLLOWER, s1|rpc:localhost:43769|admin:localhost:41083|client:localhost:41987|dataStream:localhost:38435|priority:0|startupRole:FOLLOWER, s2|rpc:0.0.0.0:43745|dataStream:|priority:0|startupRole:FOLLOWER]|listeners:[], old=null RUNNING
2023-03-14 08:39:09,161 [Time-limited test] INFO  impl.RaftServerTestUtil (RaftServerTestUtil.java:waitAndCheckNewConf(96)) - checking  FOLLOWER s0@group-6227D363B60F:t1, leader=s1, voted=s1, raftlog=Memoized:s0@group-6227D363B60F-SegmentedRaftLog:OPENED:c24, conf=23: peers:[s0|rpc:localhost:37217|admin:localhost:38139|client:localhost:45411|dataStream:localhost:42487|priority:0|startupRole:FOLLOWER, s1|rpc:localhost:43769|admin:localhost:41083|client:localhost:41987|dataStream:localhost:38435|priority:0|startupRole:FOLLOWER, s2|rpc:0.0.0.0:43745|dataStream:|priority:0|startupRole:FOLLOWER]|listeners:[], old=null RUNNING
2023-03-14 08:39:09,161 [Time-limited test] INFO  impl.RaftServerTestUtil (RaftServerTestUtil.java:waitAndCheckNewConf(96)) - checking    LEADER s1@group-6227D363B60F:t1, leader=s1, voted=s1, raftlog=Memoized:s1@group-6227D363B60F-SegmentedRaftLog:OPENED:c24, conf=23: peers:[s0|rpc:localhost:37217|admin:localhost:38139|client:localhost:45411|dataStream:localhost:42487|priority:0|startupRole:FOLLOWER, s1|rpc:localhost:43769|admin:localhost:41083|client:localhost:41987|dataStream:localhost:38435|priority:0|startupRole:FOLLOWER, s2|rpc:0.0.0.0:43745|dataStream:|priority:0|startupRole:FOLLOWER]|listeners:[], old=null RUNNING
2023-03-14 08:39:09,161 [Time-limited test] INFO  impl.RaftServerTestUtil (RaftServerTestUtil.java:waitAndCheckNewConf(96)) - checking  FOLLOWER s2@group-6227D363B60F:t1, leader=s1, voted=null, raftlog=Memoized:s2@group-6227D363B60F-SegmentedRaftLog:OPENED:c24, conf=23: peers:[s0|rpc:localhost:37217|admin:localhost:38139|client:localhost:45411|dataStream:localhost:42487|priority:0|startupRole:FOLLOWER, s1|rpc:localhost:43769|admin:localhost:41083|client:localhost:41987|dataStream:localhost:38435|priority:0|startupRole:FOLLOWER, s2|rpc:0.0.0.0:43745|dataStream:|priority:0|startupRole:FOLLOWER]|listeners:[], old=null RUNNING
2023-03-14 08:39:09,174 [Time-limited test] INFO  impl.MiniRaftCluster (MiniRaftCluster.java:shutdown(831)) - ************************************************************** 
2023-03-14 08:39:09,174 [Time-limited test] INFO  impl.MiniRaftCluster (MiniRaftCluster.java:shutdown(832)) - *** 
2023-03-14 08:39:09,174 [Time-limited test] INFO  impl.MiniRaftCluster (MiniRaftCluster.java:shutdown(833)) - ***     Stopping MiniRaftClusterWithGrpc
2023-03-14 08:39:09,174 [Time-limited test] INFO  impl.MiniRaftCluster (MiniRaftCluster.java:shutdown(834)) - *** 
2023-03-14 08:39:09,174 [Time-limited test] INFO  impl.MiniRaftCluster (MiniRaftCluster.java:shutdown(835)) - ************************************************************** 
2023-03-14 08:39:09,174 [Time-limited test] INFO  impl.MiniRaftCluster (MiniRaftCluster.java:shutdown(836)) - printing ALL groups
  s0:  RUNNING  FOLLOWER s0@group-6227D363B60F:t1, leader=s1, voted=s1, raftlog=Memoized:s0@group-6227D363B60F-SegmentedRaftLog:OPENED:c24, conf=23: peers:[s0|rpc:localhost:37217|admin:localhost:38139|client:localhost:45411|dataStream:localhost:42487|priority:0|startupRole:FOLLOWER, s1|rpc:localhost:43769|admin:localhost:41083|client:localhost:41987|dataStream:localhost:38435|priority:0|startupRole:FOLLOWER, s2|rpc:0.0.0.0:43745|dataStream:|priority:0|startupRole:FOLLOWER]|listeners:[], old=null RUNNING
  s1:  RUNNING    LEADER s1@group-6227D363B60F:t1, leader=s1, voted=s1, raftlog=Memoized:s1@group-6227D363B60F-SegmentedRaftLog:OPENED:c24, conf=23: peers:[s0|rpc:localhost:37217|admin:localhost:38139|client:localhost:45411|dataStream:localhost:42487|priority:0|startupRole:FOLLOWER, s1|rpc:localhost:43769|admin:localhost:41083|client:localhost:41987|dataStream:localhost:38435|priority:0|startupRole:FOLLOWER, s2|rpc:0.0.0.0:43745|dataStream:|priority:0|startupRole:FOLLOWER]|listeners:[], old=null RUNNING
  s2:  RUNNING  FOLLOWER s2@group-6227D363B60F:t1, leader=s1, voted=null, raftlog=Memoized:s2@group-6227D363B60F-SegmentedRaftLog:OPENED:c24, conf=23: peers:[s0|rpc:localhost:37217|admin:localhost:38139|client:localhost:45411|dataStream:localhost:42487|priority:0|startupRole:FOLLOWER, s1|rpc:localhost:43769|admin:localhost:41083|client:localhost:41987|dataStream:localhost:38435|priority:0|startupRole:FOLLOWER, s2|rpc:0.0.0.0:43745|dataStream:|priority:0|startupRole:FOLLOWER]|listeners:[], old=null RUNNING
2023-03-14 08:39:09,174 [MiniRaftCluster-60] INFO  server.RaftServer (RaftServerProxy.java:lambda$close$7(417)) - s0: close
2023-03-14 08:39:09,174 [MiniRaftCluster-60] INFO  server.GrpcService (GrpcService.java:closeImpl(311)) - s0: shutdown server org.apache.ratis.grpc.server.GrpcClientProtocolService now
2023-03-14 08:39:09,174 [s0-impl-thread1] INFO  server.RaftServer$Division (RaftServerImpl.java:lambda$close$4(466)) - s0@group-6227D363B60F: shutdown
2023-03-14 08:39:09,175 [s0-impl-thread1] INFO  util.JmxRegister (JmxRegister.java:unregister(73)) - Successfully un-registered JMX Bean with object name Ratis:service=RaftServer,group=group-6227D363B60F,id=s0
2023-03-14 08:39:09,175 [s0-impl-thread1] INFO  impl.RoleInfo (RoleInfo.java:shutdownFollowerState(110)) - s0: shutdown s0@group-6227D363B60F-FollowerState
2023-03-14 08:39:09,175 [s0-impl-thread1] INFO  impl.StateMachineUpdater (StateMachineUpdater.java:stopAndJoin(154)) - s0@group-6227D363B60F-StateMachineUpdater: set stopIndex = 24
2023-03-14 08:39:09,175 [s0@group-6227D363B60F-FollowerState] INFO  impl.FollowerState (FollowerState.java:run(152)) - s0@group-6227D363B60F-FollowerState was interrupted
2023-03-14 08:39:09,175 [s0-impl-thread1] INFO  server.RaftServer$Division (ServerState.java:close(414)) - s0@group-6227D363B60F: applyIndex: 24
2023-03-14 08:39:09,175 [MiniRaftCluster-61] INFO  server.RaftServer (RaftServerProxy.java:lambda$close$7(417)) - s1: close
2023-03-14 08:39:09,175 [MiniRaftCluster-61] INFO  server.GrpcService (GrpcService.java:closeImpl(311)) - s1: shutdown server org.apache.ratis.grpc.server.GrpcClientProtocolService now
2023-03-14 08:39:09,175 [s1-impl-thread1] INFO  server.RaftServer$Division (RaftServerImpl.java:lambda$close$4(466)) - s1@group-6227D363B60F: shutdown
2023-03-14 08:39:09,175 [s1-impl-thread1] INFO  util.JmxRegister (JmxRegister.java:unregister(73)) - Successfully un-registered JMX Bean with object name Ratis:service=RaftServer,group=group-6227D363B60F,id=s1
2023-03-14 08:39:09,175 [s1-impl-thread1] INFO  impl.RoleInfo (RoleInfo.java:shutdownLeaderState(93)) - s1: shutdown s1@group-6227D363B60F-LeaderStateImpl
2023-03-14 08:39:09,175 [s1-impl-thread1] INFO  impl.PendingRequests (PendingRequests.java:sendNotLeaderResponses(282)) - s1@group-6227D363B60F-PendingRequests: sendNotLeaderResponses
2023-03-14 08:39:09,175 [s1@group-6227D363B60F->s0-GrpcLogAppender-LogAppenderDaemon] WARN  server.GrpcLogAppender (GrpcLogAppender.java:mayWait(190)) - s1@group-6227D363B60F->s0-GrpcLogAppender: Wait interrupted by java.lang.InterruptedException
2023-03-14 08:39:09,176 [grpc-default-executor-7] INFO  server.GrpcServerProtocolService (GrpcServerProtocolService.java:onCompleted(145)) - s0: Completed APPEND_ENTRIES, lastRequest: s1->s0#111681-t1,previous=(t:1, i:23),leaderCommit=23,initializing? true,entries: size=1, first=(t:1, i:24), METADATAENTRY(c:23)
2023-03-14 08:39:09,176 [grpc-default-executor-1] INFO  server.GrpcServerProtocolService (GrpcServerProtocolService.java:onCompleted(145)) - s0: Completed APPEND_ENTRIES, lastRequest: null
2023-03-14 08:39:09,176 [grpc-default-executor-1] INFO  server.GrpcLogAppender (GrpcLogAppender.java:onCompleted(417)) - s1@group-6227D363B60F->s0-AppendLogResponseHandler: follower responses appendEntries COMPLETED
2023-03-14 08:39:09,176 [grpc-default-executor-1] INFO  leader.FollowerInfo (FollowerInfoImpl.java:lambda$new$0(52)) - s1@group-6227D363B60F->s0: decreaseNextIndex nextIndex: updateUnconditionally 25 -> 24
2023-03-14 08:39:09,176 [grpc-default-executor-7] INFO  server.GrpcLogAppender (GrpcLogAppender.java:onCompleted(417)) - s1@group-6227D363B60F->s0-AppendLogResponseHandler: follower responses appendEntries COMPLETED
2023-03-14 08:39:09,176 [grpc-default-executor-7] INFO  leader.FollowerInfo (FollowerInfoImpl.java:lambda$new$0(52)) - s1@group-6227D363B60F->s0: decreaseNextIndex nextIndex: updateUnconditionally 24 -> 23
2023-03-14 08:39:09,176 [MiniRaftCluster-62] INFO  server.RaftServer (RaftServerProxy.java:lambda$close$7(417)) - s2: close
2023-03-14 08:39:09,176 [s2-impl-thread1] INFO  server.RaftServer$Division (RaftServerImpl.java:lambda$close$4(466)) - s2@group-6227D363B60F: shutdown
2023-03-14 08:39:09,176 [s2-impl-thread1] INFO  util.JmxRegister (JmxRegister.java:unregister(73)) - Successfully un-registered JMX Bean with object name Ratis:service=RaftServer,group=group-6227D363B60F,id=s2
2023-03-14 08:39:09,176 [s2-impl-thread1] INFO  impl.RoleInfo (RoleInfo.java:shutdownFollowerState(110)) - s2: shutdown s2@group-6227D363B60F-FollowerState
2023-03-14 08:39:09,177 [s2-impl-thread1] INFO  impl.StateMachineUpdater (StateMachineUpdater.java:stopAndJoin(154)) - s2@group-6227D363B60F-StateMachineUpdater: set stopIndex = 24
2023-03-14 08:39:09,177 [s2@group-6227D363B60F-FollowerState] INFO  impl.FollowerState (FollowerState.java:run(152)) - s2@group-6227D363B60F-FollowerState was interrupted
2023-03-14 08:39:09,177 [s2-impl-thread1] INFO  server.RaftServer$Division (ServerState.java:close(414)) - s2@group-6227D363B60F: applyIndex: 24
2023-03-14 08:39:09,177 [MiniRaftCluster-62] INFO  server.GrpcService (GrpcService.java:closeImpl(311)) - s2: shutdown server GrpcServerProtocolService now
2023-03-14 08:39:09,178 [grpc-default-executor-1] WARN  server.GrpcServerProtocolService (LogUtils.java:warn(122)) - s2: APPEND_ENTRIES onError, lastRequest: null: org.apache.ratis.thirdparty.io.grpc.StatusRuntimeException: CANCELLED: client cancelled
2023-03-14 08:39:09,178 [grpc-default-executor-1] WARN  server.GrpcServerProtocolService (LogUtils.java:warn(122)) - s2: APPEND_ENTRIES onError, lastRequest: s1->s2#5-t1,previous=(t:1, i:23),leaderCommit=23,initializing? true,entries: size=1, first=(t:1, i:24), METADATAENTRY(c:23): org.apache.ratis.thirdparty.io.grpc.StatusRuntimeException: CANCELLED: client cancelled
2023-03-14 08:39:09,179 [MiniRaftCluster-60] INFO  server.GrpcService (GrpcService.java:closeImpl(320)) - s0: shutdown server org.apache.ratis.grpc.server.GrpcClientProtocolService successfully
2023-03-14 08:39:09,179 [MiniRaftCluster-60] INFO  server.GrpcService (GrpcService.java:closeImpl(311)) - s0: shutdown server GrpcServerProtocolService now
2023-03-14 08:39:09,179 [Thread-1773] INFO  server.GrpcServerProtocolClient (GrpcServerProtocolClient.java:close(102)) - s0 Close channels
2023-03-14 08:39:09,180 [MiniRaftCluster-60] INFO  server.GrpcService (GrpcService.java:closeImpl(320)) - s0: shutdown server GrpcServerProtocolService successfully
2023-03-14 08:39:09,180 [MiniRaftCluster-60] INFO  server.GrpcService (GrpcService.java:closeImpl(311)) - s0: shutdown server org.apache.ratis.grpc.server.GrpcAdminProtocolService now
2023-03-14 08:39:09,180 [s1-impl-thread1] INFO  impl.StateMachineUpdater (StateMachineUpdater.java:stopAndJoin(154)) - s1@group-6227D363B60F-StateMachineUpdater: set stopIndex = 24
2023-03-14 08:39:09,180 [grpc-default-executor-6] INFO  server.GrpcLogAppender (GrpcLogAppender.java:onError(406)) - s1@group-6227D363B60F->s2-GrpcLogAppender is already stopped
2023-03-14 08:39:09,180 [grpc-default-executor-0] INFO  server.GrpcLogAppender (GrpcLogAppender.java:onError(406)) - s1@group-6227D363B60F->s2-GrpcLogAppender is already stopped
2023-03-14 08:39:09,181 [s1-impl-thread1] INFO  server.RaftServer$Division (ServerState.java:close(414)) - s1@group-6227D363B60F: applyIndex: 24
2023-03-14 08:39:09,181 [Thread-1772] INFO  server.GrpcServerProtocolClient (GrpcServerProtocolClient.java:close(102)) - s0 Close channels
2023-03-14 08:39:09,181 [Thread-1782] INFO  server.GrpcServerProtocolClient (GrpcServerProtocolClient.java:close(102)) - s2 Close channels
2023-03-14 08:39:09,181 [MiniRaftCluster-61] INFO  server.GrpcService (GrpcService.java:closeImpl(320)) - s1: shutdown server org.apache.ratis.grpc.server.GrpcClientProtocolService successfully
2023-03-14 08:39:09,181 [MiniRaftCluster-61] INFO  server.GrpcService (GrpcService.java:closeImpl(311)) - s1: shutdown server GrpcServerProtocolService now
2023-03-14 08:39:09,181 [MiniRaftCluster-60] INFO  server.GrpcService (GrpcService.java:closeImpl(320)) - s0: shutdown server org.apache.ratis.grpc.server.GrpcAdminProtocolService successfully
2023-03-14 08:39:09,182 [MiniRaftCluster-61] INFO  server.GrpcService (GrpcService.java:closeImpl(320)) - s1: shutdown server GrpcServerProtocolService successfully
2023-03-14 08:39:09,182 [MiniRaftCluster-61] INFO  server.GrpcService (GrpcService.java:closeImpl(311)) - s1: shutdown server org.apache.ratis.grpc.server.GrpcAdminProtocolService now
2023-03-14 08:39:09,182 [Thread-1776] INFO  server.GrpcServerProtocolClient (GrpcServerProtocolClient.java:close(102)) - s1 Close channels
2023-03-14 08:39:09,182 [MiniRaftCluster-61] INFO  server.GrpcService (GrpcService.java:closeImpl(320)) - s1: shutdown server org.apache.ratis.grpc.server.GrpcAdminProtocolService successfully
2023-03-14 08:39:09,183 [MiniRaftCluster-62] INFO  server.GrpcService (GrpcService.java:closeImpl(320)) - s2: shutdown server GrpcServerProtocolService successfully
2023-03-14 08:39:09,560 [s1-impl-thread1] INFO  segmented.SegmentedRaftLogWorker (SegmentedRaftLogWorker.java:close(242)) - s1@group-6227D363B60F-SegmentedRaftLogWorker close()
2023-03-14 08:39:09,561 [JvmPauseMonitor56] INFO  util.JvmPauseMonitor (JvmPauseMonitor.java:run(109)) - JvmPauseMonitor-s1: Stopped
2023-03-14 08:39:09,569 [s0-impl-thread1] INFO  segmented.SegmentedRaftLogWorker (SegmentedRaftLogWorker.java:close(242)) - s0@group-6227D363B60F-SegmentedRaftLogWorker close()
2023-03-14 08:39:09,570 [JvmPauseMonitor55] INFO  util.JvmPauseMonitor (JvmPauseMonitor.java:run(109)) - JvmPauseMonitor-s0: Stopped
2023-03-14 08:39:09,579 [s2-impl-thread1] INFO  segmented.SegmentedRaftLogWorker (SegmentedRaftLogWorker.java:close(242)) - s2@group-6227D363B60F-SegmentedRaftLogWorker close()
2023-03-14 08:39:09,579 [JvmPauseMonitor57] INFO  util.JvmPauseMonitor (JvmPauseMonitor.java:run(109)) - JvmPauseMonitor-s2: Stopped
2023-03-14 08:39:09,579 [Time-limited test] INFO  impl.MiniRaftCluster (MiniRaftCluster.java:shutdown(831)) - ************************************************************** 
2023-03-14 08:39:09,579 [Time-limited test] INFO  impl.MiniRaftCluster (MiniRaftCluster.java:shutdown(832)) - *** 
2023-03-14 08:39:09,579 [Time-limited test] INFO  impl.MiniRaftCluster (MiniRaftCluster.java:shutdown(833)) - ***     Stopping MiniRaftClusterWithGrpc
2023-03-14 08:39:09,580 [Time-limited test] INFO  impl.MiniRaftCluster (MiniRaftCluster.java:shutdown(834)) - *** 
2023-03-14 08:39:09,580 [Time-limited test] INFO  impl.MiniRaftCluster (MiniRaftCluster.java:shutdown(835)) - ************************************************************** 
2023-03-14 08:39:09,580 [Time-limited test] INFO  impl.MiniRaftCluster (MiniRaftCluster.java:shutdown(836)) - printing ALL groups
  s0:   CLOSED  FOLLOWER s0@group-6227D363B60F:t1, leader=s1, voted=s1, raftlog=Memoized:s0@group-6227D363B60F-SegmentedRaftLog:CLOSED:c24, conf=23: peers:[s0|rpc:localhost:37217|admin:localhost:38139|client:localhost:45411|dataStream:localhost:42487|priority:0|startupRole:FOLLOWER, s1|rpc:localhost:43769|admin:localhost:41083|client:localhost:41987|dataStream:localhost:38435|priority:0|startupRole:FOLLOWER, s2|rpc:0.0.0.0:43745|dataStream:|priority:0|startupRole:FOLLOWER]|listeners:[], old=null CLOSED
  s1:   CLOSED    LEADER s1@group-6227D363B60F:t1, leader=s1, voted=s1, raftlog=Memoized:s1@group-6227D363B60F-SegmentedRaftLog:CLOSED:c24, conf=23: peers:[s0|rpc:localhost:37217|admin:localhost:38139|client:localhost:45411|dataStream:localhost:42487|priority:0|startupRole:FOLLOWER, s1|rpc:localhost:43769|admin:localhost:41083|client:localhost:41987|dataStream:localhost:38435|priority:0|startupRole:FOLLOWER, s2|rpc:0.0.0.0:43745|dataStream:|priority:0|startupRole:FOLLOWER]|listeners:[], old=null CLOSED
  s2:   CLOSED  FOLLOWER s2@group-6227D363B60F:t1, leader=s1, voted=null, raftlog=Memoized:s2@group-6227D363B60F-SegmentedRaftLog:CLOSED:c24, conf=23: peers:[s0|rpc:localhost:37217|admin:localhost:38139|client:localhost:45411|dataStream:localhost:42487|priority:0|startupRole:FOLLOWER, s1|rpc:localhost:43769|admin:localhost:41083|client:localhost:41987|dataStream:localhost:38435|priority:0|startupRole:FOLLOWER, s2|rpc:0.0.0.0:43745|dataStream:|priority:0|startupRole:FOLLOWER]|listeners:[], old=null CLOSED
]]></system-out>
  </testcase>
  <testcase name="testSetConfigurationInCasMode" classname="org.apache.ratis.grpc.TestRaftReconfigurationWithGrpc" time="2.001">
    <failure message="Unexpected exit." type="java.lang.AssertionError">java.lang.AssertionError: Unexpected exit.
	at org.apache.ratis.util.ExitUtils.assertNotTerminated(ExitUtils.java:109)
	at org.apache.ratis.BaseTest.assertNoFailures(BaseTest.java:89)
	at java.base/jdk.internal.reflect.NativeMethodAccessorImpl.invoke0(Native Method)
	at java.base/jdk.internal.reflect.NativeMethodAccessorImpl.invoke(NativeMethodAccessorImpl.java:62)
	at java.base/jdk.internal.reflect.DelegatingMethodAccessorImpl.invoke(DelegatingMethodAccessorImpl.java:43)
	at java.base/java.lang.reflect.Method.invoke(Method.java:566)
	at org.junit.runners.model.FrameworkMethod$1.runReflectiveCall(FrameworkMethod.java:59)
	at org.junit.internal.runners.model.ReflectiveCallable.run(ReflectiveCallable.java:12)
	at org.junit.runners.model.FrameworkMethod.invokeExplosively(FrameworkMethod.java:56)
	at org.junit.internal.runners.statements.RunAfters.invokeMethod(RunAfters.java:46)
	at org.junit.internal.runners.statements.RunAfters.evaluate(RunAfters.java:33)
	at org.junit.internal.runners.statements.FailOnTimeout$CallableStatement.call(FailOnTimeout.java:299)
	at org.junit.internal.runners.statements.FailOnTimeout$CallableStatement.call(FailOnTimeout.java:293)
	at java.base/java.util.concurrent.FutureTask.run(FutureTask.java:264)
	at java.base/java.lang.Thread.run(Thread.java:829)
Caused by: org.apache.ratis.util.ExitUtils$ExitException: Failed to start Grpc server
	at org.apache.ratis.util.ExitUtils.terminate(ExitUtils.java:141)
	at org.apache.ratis.util.ExitUtils.terminate(ExitUtils.java:151)
	at org.apache.ratis.grpc.server.GrpcService.startImpl(GrpcService.java:300)
	at org.apache.ratis.util.LifeCycle.startAndTransition(LifeCycle.java:270)
	at org.apache.ratis.server.RaftServerRpcWithProxy.start(RaftServerRpcWithProxy.java:72)
	at org.apache.ratis.server.impl.RaftServerProxy.startImpl(RaftServerProxy.java:402)
	at org.apache.ratis.util.LifeCycle.startAndTransition(LifeCycle.java:270)
	at org.apache.ratis.server.impl.RaftServerProxy.start(RaftServerProxy.java:395)
	at org.apache.ratis.server.impl.MiniRaftCluster.startServers(MiniRaftCluster.java:499)
	at org.apache.ratis.server.impl.MiniRaftCluster.start(MiniRaftCluster.java:346)
	at org.apache.ratis.server.impl.MiniRaftCluster.restart(MiniRaftCluster.java:374)
	at org.apache.ratis.server.impl.RaftReconfigurationBaseTest.lambda$testRestorePriority$0(RaftReconfigurationBaseTest.java:123)
	at org.apache.ratis.server.impl.MiniRaftCluster$Factory$Get.runWithNewCluster(MiniRaftCluster.java:141)
	at org.apache.ratis.server.impl.MiniRaftCluster$Factory$Get.runWithNewCluster(MiniRaftCluster.java:121)
	at org.apache.ratis.server.impl.RaftReconfigurationBaseTest.testRestorePriority(RaftReconfigurationBaseTest.java:100)
	at java.base/jdk.internal.reflect.NativeMethodAccessorImpl.invoke0(Native Method)
	at java.base/jdk.internal.reflect.NativeMethodAccessorImpl.invoke(NativeMethodAccessorImpl.java:62)
	at java.base/jdk.internal.reflect.DelegatingMethodAccessorImpl.invoke(DelegatingMethodAccessorImpl.java:43)
	at java.base/java.lang.reflect.Method.invoke(Method.java:566)
	at org.junit.runners.model.FrameworkMethod$1.runReflectiveCall(FrameworkMethod.java:59)
	at org.junit.internal.runners.model.ReflectiveCallable.run(ReflectiveCallable.java:12)
	at org.junit.runners.model.FrameworkMethod.invokeExplosively(FrameworkMethod.java:56)
	at org.junit.internal.runners.statements.InvokeMethod.evaluate(InvokeMethod.java:17)
	at org.junit.internal.runners.statements.RunAfters.evaluate(RunAfters.java:27)
	... 4 more
Caused by: java.io.IOException: Failed to bind to address 0.0.0.0/0.0.0.0:46109
	at org.apache.ratis.thirdparty.io.grpc.netty.NettyServer.start(NettyServer.java:328)
	at org.apache.ratis.thirdparty.io.grpc.internal.ServerImpl.start(ServerImpl.java:183)
	at org.apache.ratis.thirdparty.io.grpc.internal.ServerImpl.start(ServerImpl.java:92)
	at org.apache.ratis.grpc.server.GrpcService.startImpl(GrpcService.java:298)
	... 25 more
Caused by: org.apache.ratis.thirdparty.io.netty.channel.unix.Errors$NativeIoException: bind(..) failed: Address already in use
</failure>
  </testcase>
  <testcase name="testReconfTwice" classname="org.apache.ratis.grpc.TestRaftReconfigurationWithGrpc" time="2.464">
    <failure message="Unexpected exit." type="java.lang.AssertionError">java.lang.AssertionError: Unexpected exit.
	at org.apache.ratis.util.ExitUtils.assertNotTerminated(ExitUtils.java:109)
	at org.apache.ratis.server.impl.MiniRaftCluster.shutdown(MiniRaftCluster.java:854)
	at org.apache.ratis.server.impl.MiniRaftCluster$Factory$Get.runWithNewCluster(MiniRaftCluster.java:147)
	at org.apache.ratis.server.impl.MiniRaftCluster$Factory$Get.runWithNewCluster(MiniRaftCluster.java:121)
	at org.apache.ratis.server.impl.RaftReconfigurationBaseTest.testReconfTwice(RaftReconfigurationBaseTest.java:263)
	at java.base/jdk.internal.reflect.NativeMethodAccessorImpl.invoke0(Native Method)
	at java.base/jdk.internal.reflect.NativeMethodAccessorImpl.invoke(NativeMethodAccessorImpl.java:62)
	at java.base/jdk.internal.reflect.DelegatingMethodAccessorImpl.invoke(DelegatingMethodAccessorImpl.java:43)
	at java.base/java.lang.reflect.Method.invoke(Method.java:566)
	at org.junit.runners.model.FrameworkMethod$1.runReflectiveCall(FrameworkMethod.java:59)
	at org.junit.internal.runners.model.ReflectiveCallable.run(ReflectiveCallable.java:12)
	at org.junit.runners.model.FrameworkMethod.invokeExplosively(FrameworkMethod.java:56)
	at org.junit.internal.runners.statements.InvokeMethod.evaluate(InvokeMethod.java:17)
	at org.junit.internal.runners.statements.FailOnTimeout$CallableStatement.call(FailOnTimeout.java:299)
	at org.junit.internal.runners.statements.FailOnTimeout$CallableStatement.call(FailOnTimeout.java:293)
	at java.base/java.util.concurrent.FutureTask.run(FutureTask.java:264)
	at java.base/java.lang.Thread.run(Thread.java:829)
Caused by: org.apache.ratis.util.ExitUtils$ExitException: Failed to start Grpc server
	at org.apache.ratis.util.ExitUtils.terminate(ExitUtils.java:141)
	at org.apache.ratis.util.ExitUtils.terminate(ExitUtils.java:151)
	at org.apache.ratis.grpc.server.GrpcService.startImpl(GrpcService.java:300)
	at org.apache.ratis.util.LifeCycle.startAndTransition(LifeCycle.java:270)
	at org.apache.ratis.server.RaftServerRpcWithProxy.start(RaftServerRpcWithProxy.java:72)
	at org.apache.ratis.server.impl.RaftServerProxy.startImpl(RaftServerProxy.java:402)
	at org.apache.ratis.util.LifeCycle.startAndTransition(LifeCycle.java:270)
	at org.apache.ratis.server.impl.RaftServerProxy.start(RaftServerProxy.java:395)
	at org.apache.ratis.server.impl.MiniRaftCluster.startServers(MiniRaftCluster.java:499)
	at org.apache.ratis.server.impl.MiniRaftCluster.start(MiniRaftCluster.java:346)
	at org.apache.ratis.server.impl.MiniRaftCluster.restart(MiniRaftCluster.java:374)
	at org.apache.ratis.server.impl.RaftReconfigurationBaseTest.lambda$testRestorePriority$0(RaftReconfigurationBaseTest.java:123)
	at org.apache.ratis.server.impl.MiniRaftCluster$Factory$Get.runWithNewCluster(MiniRaftCluster.java:141)
	at org.apache.ratis.server.impl.MiniRaftCluster$Factory$Get.runWithNewCluster(MiniRaftCluster.java:121)
	at org.apache.ratis.server.impl.RaftReconfigurationBaseTest.testRestorePriority(RaftReconfigurationBaseTest.java:100)
	at java.base/jdk.internal.reflect.NativeMethodAccessorImpl.invoke0(Native Method)
	at java.base/jdk.internal.reflect.NativeMethodAccessorImpl.invoke(NativeMethodAccessorImpl.java:62)
	at java.base/jdk.internal.reflect.DelegatingMethodAccessorImpl.invoke(DelegatingMethodAccessorImpl.java:43)
	at java.base/java.lang.reflect.Method.invoke(Method.java:566)
	at org.junit.runners.model.FrameworkMethod$1.runReflectiveCall(FrameworkMethod.java:59)
	at org.junit.internal.runners.model.ReflectiveCallable.run(ReflectiveCallable.java:12)
	at org.junit.runners.model.FrameworkMethod.invokeExplosively(FrameworkMethod.java:56)
	at org.junit.internal.runners.statements.InvokeMethod.evaluate(InvokeMethod.java:17)
	at org.junit.internal.runners.statements.RunAfters.evaluate(RunAfters.java:27)
	... 4 more
Caused by: java.io.IOException: Failed to bind to address 0.0.0.0/0.0.0.0:46109
	at org.apache.ratis.thirdparty.io.grpc.netty.NettyServer.start(NettyServer.java:328)
	at org.apache.ratis.thirdparty.io.grpc.internal.ServerImpl.start(ServerImpl.java:183)
	at org.apache.ratis.thirdparty.io.grpc.internal.ServerImpl.start(ServerImpl.java:92)
	at org.apache.ratis.grpc.server.GrpcService.startImpl(GrpcService.java:298)
	... 25 more
Caused by: org.apache.ratis.thirdparty.io.netty.channel.unix.Errors$NativeIoException: bind(..) failed: Address already in use
</failure>
    <system-out><![CDATA[2023-03-14 08:39:09,582 [main] INFO  util.LogUtils (Slf4jUtils.java:setLogLevel(38)) - Successfully set org.apache.ratis.conf.ConfUtils log level to WARN
2023-03-14 08:39:09,582 [main] INFO  util.LogUtils (Slf4jUtils.java:setLogLevel(38)) - Successfully set org.apache.ratis.util.FileUtils log level to TRACE
2023-03-14 08:39:09,582 [Time-limited test] INFO  impl.MiniRaftCluster (MiniRaftCluster.java:runWithNewCluster(135)) - Running runWithNewCluster
2023-03-14 08:39:09,583 [Time-limited test] INFO  impl.MiniRaftCluster (MiniRaftCluster.java:<init>(306)) - new MiniRaftClusterWithGrpc with group-A384FF32980E:[s0|rpc:localhost:37187|admin:localhost:44251|client:localhost:41265|dataStream:localhost:40977|priority:0|startupRole:FOLLOWER, s1|rpc:localhost:44865|admin:localhost:35297|client:localhost:32793|dataStream:localhost:35567|priority:0|startupRole:FOLLOWER, s2|rpc:localhost:35823|admin:localhost:38665|client:localhost:35617|dataStream:localhost:45371|priority:0|startupRole:FOLLOWER]
2023-03-14 08:39:09,583 [Time-limited test] INFO  impl.MiniRaftCluster (MiniRaftCluster.java:start(339)) - .............................................................. 
2023-03-14 08:39:09,583 [Time-limited test] INFO  impl.MiniRaftCluster (MiniRaftCluster.java:start(340)) - ... 
2023-03-14 08:39:09,583 [Time-limited test] INFO  impl.MiniRaftCluster (MiniRaftCluster.java:start(341)) - ...     Starting MiniRaftClusterWithGrpc
2023-03-14 08:39:09,583 [Time-limited test] INFO  impl.MiniRaftCluster (MiniRaftCluster.java:start(342)) - ... 
2023-03-14 08:39:09,583 [Time-limited test] INFO  impl.MiniRaftCluster (MiniRaftCluster.java:start(343)) - .............................................................. 
2023-03-14 08:39:09,583 [Time-limited test] INFO  impl.MiniRaftCluster (MiniRaftCluster.java:initServers(318)) - servers = {}
2023-03-14 08:39:09,583 [Time-limited test] INFO  impl.MiniRaftCluster (MiniRaftCluster.java:newRaftServer(382)) - newRaftServer: s0, group-A384FF32980E:[s0|rpc:localhost:37187|admin:localhost:44251|client:localhost:41265|dataStream:localhost:40977|priority:0|startupRole:FOLLOWER, s1|rpc:localhost:44865|admin:localhost:35297|client:localhost:32793|dataStream:localhost:35567|priority:0|startupRole:FOLLOWER, s2|rpc:localhost:35823|admin:localhost:38665|client:localhost:35617|dataStream:localhost:45371|priority:0|startupRole:FOLLOWER], format? true
2023-03-14 08:39:09,583 [Time-limited test] TRACE util.FileUtils (FileUtils.java:deleteFully(201)) - deleteFully target/test/data/be523d36/MiniRaftClusterWithGrpceb75dc03/s0
2023-03-14 08:39:09,583 [Time-limited test] TRACE util.FileUtils (FileUtils.java:deleteFully(217)) - deleteFully: target/test/data/be523d36/MiniRaftClusterWithGrpceb75dc03/s0 does not exist.
2023-03-14 08:39:09,583 [Time-limited test] INFO  impl.MiniRaftCluster (MiniRaftCluster.java:newRaftServer(387)) - Formatted directory target/test/data/be523d36/MiniRaftClusterWithGrpceb75dc03/s0
2023-03-14 08:39:09,584 [Time-limited test] INFO  server.RaftServer (ConfUtils.java:logGet(46)) - raft.rpc.type = GRPC (default)
2023-03-14 08:39:09,584 [Time-limited test] INFO  grpc.GrpcConfigKeys (ConfUtils.java:logFallback(53)) - raft.grpc.admin.host = null (fallback to raft.grpc.server.host)
2023-03-14 08:39:09,584 [Time-limited test] INFO  grpc.GrpcConfigKeys (ConfUtils.java:logGet(46)) - raft.grpc.admin.port = 44251 (custom)
2023-03-14 08:39:09,584 [Time-limited test] INFO  grpc.GrpcConfigKeys (ConfUtils.java:logFallback(53)) - raft.grpc.client.host = null (fallback to raft.grpc.server.host)
2023-03-14 08:39:09,584 [Time-limited test] INFO  grpc.GrpcConfigKeys (ConfUtils.java:logGet(46)) - raft.grpc.client.port = 41265 (custom)
2023-03-14 08:39:09,584 [Time-limited test] INFO  grpc.GrpcConfigKeys (ConfUtils.java:logGet(46)) - raft.grpc.server.host = null (default)
2023-03-14 08:39:09,584 [Time-limited test] INFO  grpc.GrpcConfigKeys (ConfUtils.java:logGet(46)) - raft.grpc.server.port = 37187 (custom)
2023-03-14 08:39:09,584 [Time-limited test] INFO  server.GrpcService (ConfUtils.java:logGet(46)) - raft.grpc.message.size.max = 64MB (=67108864) (default)
2023-03-14 08:39:09,584 [Time-limited test] INFO  server.RaftServerConfigKeys (ConfUtils.java:logGet(46)) - raft.server.log.appender.buffer.byte-limit = 4MB (=4194304) (default)
2023-03-14 08:39:09,584 [Time-limited test] INFO  server.GrpcService (ConfUtils.java:logGet(46)) - raft.grpc.flow.control.window = 1MB (=1048576) (default)
2023-03-14 08:39:09,584 [Time-limited test] INFO  server.RaftServerConfigKeys (ConfUtils.java:logGet(46)) - raft.server.rpc.request.timeout = 3000ms (default)
2023-03-14 08:39:09,584 [Time-limited test] INFO  grpc.GrpcConfigKeys (ConfUtils.java:logGet(46)) - raft.grpc.server.heartbeat.channel = true (default)
2023-03-14 08:39:09,584 [Time-limited test] INFO  grpc.GrpcConfigKeys (ConfUtils.java:logGet(46)) - raft.grpc.server.async.request.thread.pool.cached = true (default)
2023-03-14 08:39:09,584 [Time-limited test] INFO  grpc.GrpcConfigKeys (ConfUtils.java:logGet(46)) - raft.grpc.server.async.request.thread.pool.size = 32 (default)
2023-03-14 08:39:09,585 [Time-limited test] INFO  impl.DataStreamServerImpl (ConfUtils.java:logGet(46)) - raft.datastream.type = DISABLED (default)
2023-03-14 08:39:09,585 [Time-limited test] INFO  server.RaftServerConfigKeys (ConfUtils.java:logGet(46)) - raft.server.threadpool.proxy.cached = true (default)
2023-03-14 08:39:09,585 [Time-limited test] INFO  server.RaftServerConfigKeys (ConfUtils.java:logGet(46)) - raft.server.threadpool.proxy.size = 0 (default)
2023-03-14 08:39:09,585 [Time-limited test] INFO  server.RaftServerConfigKeys (ConfUtils.java:logGet(46)) - raft.server.rpc.slowness.timeout = 60s (default)
2023-03-14 08:39:09,585 [Time-limited test] INFO  server.RaftServerConfigKeys (ConfUtils.java:logGet(46)) - raft.server.leaderelection.leader.step-down.wait-time = 10s (default)
2023-03-14 08:39:09,585 [Time-limited test] INFO  server.RaftServerConfigKeys (ConfUtils.java:logGet(46)) - raft.server.storage.dir = [/home/runner/work/ratis/ratis/ratis-test/target/test/data/be523d36/MiniRaftClusterWithGrpceb75dc03/s0] (custom)
2023-03-14 08:39:09,586 [Time-limited test] INFO  server.RaftServer (RaftServerProxy.java:addNew(99)) - s0: addNew group-A384FF32980E:[s0|rpc:localhost:37187|admin:localhost:44251|client:localhost:41265|dataStream:localhost:40977|priority:0|startupRole:FOLLOWER, s1|rpc:localhost:44865|admin:localhost:35297|client:localhost:32793|dataStream:localhost:35567|priority:0|startupRole:FOLLOWER, s2|rpc:localhost:35823|admin:localhost:38665|client:localhost:35617|dataStream:localhost:45371|priority:0|startupRole:FOLLOWER] returns group-A384FF32980E:java.util.concurrent.CompletableFuture@76978a7b[Not completed]
2023-03-14 08:39:09,586 [Time-limited test] INFO  impl.MiniRaftCluster (MiniRaftCluster.java:newRaftServer(382)) - newRaftServer: s1, group-A384FF32980E:[s0|rpc:localhost:37187|admin:localhost:44251|client:localhost:41265|dataStream:localhost:40977|priority:0|startupRole:FOLLOWER, s1|rpc:localhost:44865|admin:localhost:35297|client:localhost:32793|dataStream:localhost:35567|priority:0|startupRole:FOLLOWER, s2|rpc:localhost:35823|admin:localhost:38665|client:localhost:35617|dataStream:localhost:45371|priority:0|startupRole:FOLLOWER], format? true
2023-03-14 08:39:09,586 [Time-limited test] TRACE util.FileUtils (FileUtils.java:deleteFully(201)) - deleteFully target/test/data/be523d36/MiniRaftClusterWithGrpceb75dc03/s1
2023-03-14 08:39:09,586 [s0-groupManagement] INFO  server.RaftServer$Division (RaftServerImpl.java:<init>(198)) - s0: new RaftServerImpl for group-A384FF32980E:[s0|rpc:localhost:37187|admin:localhost:44251|client:localhost:41265|dataStream:localhost:40977|priority:0|startupRole:FOLLOWER, s1|rpc:localhost:44865|admin:localhost:35297|client:localhost:32793|dataStream:localhost:35567|priority:0|startupRole:FOLLOWER, s2|rpc:localhost:35823|admin:localhost:38665|client:localhost:35617|dataStream:localhost:45371|priority:0|startupRole:FOLLOWER] with BaseStateMachine:uninitialized
2023-03-14 08:39:09,586 [Time-limited test] TRACE util.FileUtils (FileUtils.java:deleteFully(217)) - deleteFully: target/test/data/be523d36/MiniRaftClusterWithGrpceb75dc03/s1 does not exist.
2023-03-14 08:39:09,586 [Time-limited test] INFO  impl.MiniRaftCluster (MiniRaftCluster.java:newRaftServer(387)) - Formatted directory target/test/data/be523d36/MiniRaftClusterWithGrpceb75dc03/s1
2023-03-14 08:39:09,586 [s0-groupManagement] INFO  server.RaftServerConfigKeys (ConfUtils.java:logGet(46)) - raft.server.rpc.timeout.min = 150ms (default)
2023-03-14 08:39:09,586 [s0-groupManagement] INFO  server.RaftServerConfigKeys (ConfUtils.java:logGet(46)) - raft.server.rpc.timeout.max = 300ms (default)
2023-03-14 08:39:09,586 [s0-groupManagement] INFO  server.RaftServerConfigKeys (ConfUtils.java:logGet(46)) - raft.server.rpc.sleep.time = 25ms (default)
2023-03-14 08:39:09,586 [s0-groupManagement] INFO  server.RaftServerConfigKeys (ConfUtils.java:logGet(46)) - raft.server.rpc.slowness.timeout = 60s (default)
2023-03-14 08:39:09,586 [s0-groupManagement] INFO  server.RaftServerConfigKeys (ConfUtils.java:logGet(46)) - raft.server.leaderelection.leader.step-down.wait-time = 10s (default)
2023-03-14 08:39:09,586 [Time-limited test] INFO  server.RaftServer (ConfUtils.java:logGet(46)) - raft.rpc.type = GRPC (default)
2023-03-14 08:39:09,586 [s0-groupManagement] INFO  server.RaftServerConfigKeys (ConfUtils.java:logGet(46)) - raft.server.sleep.deviation.threshold = 300ms (default)
2023-03-14 08:39:09,587 [Time-limited test] INFO  grpc.GrpcConfigKeys (ConfUtils.java:logFallback(53)) - raft.grpc.admin.host = null (fallback to raft.grpc.server.host)
2023-03-14 08:39:09,587 [s0-groupManagement] INFO  server.RaftServer$Division (ServerState.java:<init>(113)) - s0@group-A384FF32980E: ConfigurationManager, init=-1: peers:[s0|rpc:localhost:37187|admin:localhost:44251|client:localhost:41265|dataStream:localhost:40977|priority:0|startupRole:FOLLOWER, s1|rpc:localhost:44865|admin:localhost:35297|client:localhost:32793|dataStream:localhost:35567|priority:0|startupRole:FOLLOWER, s2|rpc:localhost:35823|admin:localhost:38665|client:localhost:35617|dataStream:localhost:45371|priority:0|startupRole:FOLLOWER]|listeners:[], old=null, confs=<EMPTY_MAP>
2023-03-14 08:39:09,587 [Time-limited test] INFO  grpc.GrpcConfigKeys (ConfUtils.java:logGet(46)) - raft.grpc.admin.port = 35297 (custom)
2023-03-14 08:39:09,587 [Time-limited test] INFO  grpc.GrpcConfigKeys (ConfUtils.java:logFallback(53)) - raft.grpc.client.host = null (fallback to raft.grpc.server.host)
2023-03-14 08:39:09,587 [s0-groupManagement] INFO  server.RaftServerConfigKeys (ConfUtils.java:logGet(46)) - raft.server.notification.no-leader.timeout = 60s (default)
2023-03-14 08:39:09,587 [Time-limited test] INFO  grpc.GrpcConfigKeys (ConfUtils.java:logGet(46)) - raft.grpc.client.port = 32793 (custom)
2023-03-14 08:39:09,587 [s0-groupManagement] INFO  server.RaftServerConfigKeys (ConfUtils.java:logGet(46)) - raft.server.read.timeout = 10s (default)
2023-03-14 08:39:09,587 [Time-limited test] INFO  grpc.GrpcConfigKeys (ConfUtils.java:logGet(46)) - raft.grpc.server.host = null (default)
2023-03-14 08:39:09,587 [s0-groupManagement] INFO  server.RaftServerConfigKeys (ConfUtils.java:logGet(46)) - raft.server.retrycache.expirytime = 60s (default)
2023-03-14 08:39:09,587 [Time-limited test] INFO  grpc.GrpcConfigKeys (ConfUtils.java:logGet(46)) - raft.grpc.server.port = 44865 (custom)
2023-03-14 08:39:09,587 [Time-limited test] INFO  server.GrpcService (ConfUtils.java:logGet(46)) - raft.grpc.message.size.max = 64MB (=67108864) (default)
2023-03-14 08:39:09,587 [Time-limited test] INFO  server.RaftServerConfigKeys (ConfUtils.java:logGet(46)) - raft.server.log.appender.buffer.byte-limit = 4MB (=4194304) (default)
2023-03-14 08:39:09,587 [Time-limited test] INFO  server.GrpcService (ConfUtils.java:logGet(46)) - raft.grpc.flow.control.window = 1MB (=1048576) (default)
2023-03-14 08:39:09,587 [Time-limited test] INFO  server.RaftServerConfigKeys (ConfUtils.java:logGet(46)) - raft.server.rpc.request.timeout = 3000ms (default)
2023-03-14 08:39:09,587 [Time-limited test] INFO  grpc.GrpcConfigKeys (ConfUtils.java:logGet(46)) - raft.grpc.server.heartbeat.channel = true (default)
2023-03-14 08:39:09,587 [Time-limited test] INFO  grpc.GrpcConfigKeys (ConfUtils.java:logGet(46)) - raft.grpc.server.async.request.thread.pool.cached = true (default)
2023-03-14 08:39:09,587 [Time-limited test] INFO  grpc.GrpcConfigKeys (ConfUtils.java:logGet(46)) - raft.grpc.server.async.request.thread.pool.size = 32 (default)
2023-03-14 08:39:09,588 [s0-groupManagement] INFO  server.RaftServerConfigKeys (ConfUtils.java:logGet(46)) - raft.server.retrycache.statistics.expirytime = 100μs (default)
2023-03-14 08:39:09,588 [s0-groupManagement] INFO  server.RaftServerConfigKeys (ConfUtils.java:logGet(46)) - raft.server.read.option = DEFAULT (default)
2023-03-14 08:39:09,588 [s0-groupManagement] INFO  server.RaftServerConfigKeys (ConfUtils.java:logGet(46)) - raft.server.log.appender.install.snapshot.enabled = true (default)
2023-03-14 08:39:09,588 [s0-groupManagement] INFO  server.RaftServerConfigKeys (ConfUtils.java:logGet(46)) - raft.server.threadpool.server.cached = true (default)
2023-03-14 08:39:09,588 [s0-groupManagement] INFO  server.RaftServerConfigKeys (ConfUtils.java:logGet(46)) - raft.server.threadpool.server.size = 0 (default)
2023-03-14 08:39:09,588 [s0-groupManagement] INFO  server.RaftServerConfigKeys (ConfUtils.java:logGet(46)) - raft.server.threadpool.client.cached = true (default)
2023-03-14 08:39:09,588 [s0-groupManagement] INFO  server.RaftServerConfigKeys (ConfUtils.java:logGet(46)) - raft.server.threadpool.client.size = 0 (default)
2023-03-14 08:39:09,591 [Time-limited test] INFO  impl.DataStreamServerImpl (ConfUtils.java:logGet(46)) - raft.datastream.type = DISABLED (default)
2023-03-14 08:39:09,592 [Time-limited test] INFO  server.RaftServerConfigKeys (ConfUtils.java:logGet(46)) - raft.server.threadpool.proxy.cached = true (default)
2023-03-14 08:39:09,592 [Time-limited test] INFO  server.RaftServerConfigKeys (ConfUtils.java:logGet(46)) - raft.server.threadpool.proxy.size = 0 (default)
2023-03-14 08:39:09,592 [Time-limited test] INFO  server.RaftServerConfigKeys (ConfUtils.java:logGet(46)) - raft.server.rpc.slowness.timeout = 60s (default)
2023-03-14 08:39:09,592 [Time-limited test] INFO  server.RaftServerConfigKeys (ConfUtils.java:logGet(46)) - raft.server.leaderelection.leader.step-down.wait-time = 10s (default)
2023-03-14 08:39:09,592 [Time-limited test] INFO  server.RaftServerConfigKeys (ConfUtils.java:logGet(46)) - raft.server.storage.dir = [/home/runner/work/ratis/ratis/ratis-test/target/test/data/be523d36/MiniRaftClusterWithGrpceb75dc03/s1] (custom)
2023-03-14 08:39:09,592 [Time-limited test] INFO  server.RaftServer (RaftServerProxy.java:addNew(99)) - s1: addNew group-A384FF32980E:[s0|rpc:localhost:37187|admin:localhost:44251|client:localhost:41265|dataStream:localhost:40977|priority:0|startupRole:FOLLOWER, s1|rpc:localhost:44865|admin:localhost:35297|client:localhost:32793|dataStream:localhost:35567|priority:0|startupRole:FOLLOWER, s2|rpc:localhost:35823|admin:localhost:38665|client:localhost:35617|dataStream:localhost:45371|priority:0|startupRole:FOLLOWER] returns group-A384FF32980E:java.util.concurrent.CompletableFuture@5c36e89b[Not completed]
2023-03-14 08:39:09,592 [Time-limited test] INFO  impl.MiniRaftCluster (MiniRaftCluster.java:newRaftServer(382)) - newRaftServer: s2, group-A384FF32980E:[s0|rpc:localhost:37187|admin:localhost:44251|client:localhost:41265|dataStream:localhost:40977|priority:0|startupRole:FOLLOWER, s1|rpc:localhost:44865|admin:localhost:35297|client:localhost:32793|dataStream:localhost:35567|priority:0|startupRole:FOLLOWER, s2|rpc:localhost:35823|admin:localhost:38665|client:localhost:35617|dataStream:localhost:45371|priority:0|startupRole:FOLLOWER], format? true
2023-03-14 08:39:09,592 [s1-groupManagement] INFO  server.RaftServer$Division (RaftServerImpl.java:<init>(198)) - s1: new RaftServerImpl for group-A384FF32980E:[s0|rpc:localhost:37187|admin:localhost:44251|client:localhost:41265|dataStream:localhost:40977|priority:0|startupRole:FOLLOWER, s1|rpc:localhost:44865|admin:localhost:35297|client:localhost:32793|dataStream:localhost:35567|priority:0|startupRole:FOLLOWER, s2|rpc:localhost:35823|admin:localhost:38665|client:localhost:35617|dataStream:localhost:45371|priority:0|startupRole:FOLLOWER] with BaseStateMachine:uninitialized
2023-03-14 08:39:09,592 [Time-limited test] TRACE util.FileUtils (FileUtils.java:deleteFully(201)) - deleteFully target/test/data/be523d36/MiniRaftClusterWithGrpceb75dc03/s2
2023-03-14 08:39:09,592 [s1-groupManagement] INFO  server.RaftServerConfigKeys (ConfUtils.java:logGet(46)) - raft.server.rpc.timeout.min = 150ms (default)
2023-03-14 08:39:09,592 [s1-groupManagement] INFO  server.RaftServerConfigKeys (ConfUtils.java:logGet(46)) - raft.server.rpc.timeout.max = 300ms (default)
2023-03-14 08:39:09,592 [Time-limited test] TRACE util.FileUtils (FileUtils.java:deleteFully(217)) - deleteFully: target/test/data/be523d36/MiniRaftClusterWithGrpceb75dc03/s2 does not exist.
2023-03-14 08:39:09,592 [Time-limited test] INFO  impl.MiniRaftCluster (MiniRaftCluster.java:newRaftServer(387)) - Formatted directory target/test/data/be523d36/MiniRaftClusterWithGrpceb75dc03/s2
2023-03-14 08:39:09,592 [s1-groupManagement] INFO  server.RaftServerConfigKeys (ConfUtils.java:logGet(46)) - raft.server.rpc.sleep.time = 25ms (default)
2023-03-14 08:39:09,592 [s1-groupManagement] INFO  server.RaftServerConfigKeys (ConfUtils.java:logGet(46)) - raft.server.rpc.slowness.timeout = 60s (default)
2023-03-14 08:39:09,592 [s1-groupManagement] INFO  server.RaftServerConfigKeys (ConfUtils.java:logGet(46)) - raft.server.leaderelection.leader.step-down.wait-time = 10s (default)
2023-03-14 08:39:09,592 [s1-groupManagement] INFO  server.RaftServerConfigKeys (ConfUtils.java:logGet(46)) - raft.server.sleep.deviation.threshold = 300ms (default)
2023-03-14 08:39:09,593 [Time-limited test] INFO  server.RaftServer (ConfUtils.java:logGet(46)) - raft.rpc.type = GRPC (default)
2023-03-14 08:39:09,596 [Time-limited test] INFO  grpc.GrpcConfigKeys (ConfUtils.java:logFallback(53)) - raft.grpc.admin.host = null (fallback to raft.grpc.server.host)
2023-03-14 08:39:09,596 [Time-limited test] INFO  grpc.GrpcConfigKeys (ConfUtils.java:logGet(46)) - raft.grpc.admin.port = 38665 (custom)
2023-03-14 08:39:09,596 [Time-limited test] INFO  grpc.GrpcConfigKeys (ConfUtils.java:logFallback(53)) - raft.grpc.client.host = null (fallback to raft.grpc.server.host)
2023-03-14 08:39:09,596 [Time-limited test] INFO  grpc.GrpcConfigKeys (ConfUtils.java:logGet(46)) - raft.grpc.client.port = 35617 (custom)
2023-03-14 08:39:09,596 [Time-limited test] INFO  grpc.GrpcConfigKeys (ConfUtils.java:logGet(46)) - raft.grpc.server.host = null (default)
2023-03-14 08:39:09,596 [Time-limited test] INFO  grpc.GrpcConfigKeys (ConfUtils.java:logGet(46)) - raft.grpc.server.port = 35823 (custom)
2023-03-14 08:39:09,596 [Time-limited test] INFO  server.GrpcService (ConfUtils.java:logGet(46)) - raft.grpc.message.size.max = 64MB (=67108864) (default)
2023-03-14 08:39:09,596 [Time-limited test] INFO  server.RaftServerConfigKeys (ConfUtils.java:logGet(46)) - raft.server.log.appender.buffer.byte-limit = 4MB (=4194304) (default)
2023-03-14 08:39:09,596 [Time-limited test] INFO  server.GrpcService (ConfUtils.java:logGet(46)) - raft.grpc.flow.control.window = 1MB (=1048576) (default)
2023-03-14 08:39:09,596 [Time-limited test] INFO  server.RaftServerConfigKeys (ConfUtils.java:logGet(46)) - raft.server.rpc.request.timeout = 3000ms (default)
2023-03-14 08:39:09,596 [Time-limited test] INFO  grpc.GrpcConfigKeys (ConfUtils.java:logGet(46)) - raft.grpc.server.heartbeat.channel = true (default)
2023-03-14 08:39:09,596 [Time-limited test] INFO  grpc.GrpcConfigKeys (ConfUtils.java:logGet(46)) - raft.grpc.server.async.request.thread.pool.cached = true (default)
2023-03-14 08:39:09,596 [Time-limited test] INFO  grpc.GrpcConfigKeys (ConfUtils.java:logGet(46)) - raft.grpc.server.async.request.thread.pool.size = 32 (default)
2023-03-14 08:39:09,597 [Time-limited test] INFO  impl.DataStreamServerImpl (ConfUtils.java:logGet(46)) - raft.datastream.type = DISABLED (default)
2023-03-14 08:39:09,597 [Time-limited test] INFO  server.RaftServerConfigKeys (ConfUtils.java:logGet(46)) - raft.server.threadpool.proxy.cached = true (default)
2023-03-14 08:39:09,597 [Time-limited test] INFO  server.RaftServerConfigKeys (ConfUtils.java:logGet(46)) - raft.server.threadpool.proxy.size = 0 (default)
2023-03-14 08:39:09,597 [Time-limited test] INFO  server.RaftServerConfigKeys (ConfUtils.java:logGet(46)) - raft.server.rpc.slowness.timeout = 60s (default)
2023-03-14 08:39:09,597 [Time-limited test] INFO  server.RaftServerConfigKeys (ConfUtils.java:logGet(46)) - raft.server.leaderelection.leader.step-down.wait-time = 10s (default)
2023-03-14 08:39:09,597 [Time-limited test] INFO  server.RaftServerConfigKeys (ConfUtils.java:logGet(46)) - raft.server.storage.dir = [/home/runner/work/ratis/ratis/ratis-test/target/test/data/be523d36/MiniRaftClusterWithGrpceb75dc03/s2] (custom)
2023-03-14 08:39:09,598 [s1-groupManagement] INFO  server.RaftServer$Division (ServerState.java:<init>(113)) - s1@group-A384FF32980E: ConfigurationManager, init=-1: peers:[s0|rpc:localhost:37187|admin:localhost:44251|client:localhost:41265|dataStream:localhost:40977|priority:0|startupRole:FOLLOWER, s1|rpc:localhost:44865|admin:localhost:35297|client:localhost:32793|dataStream:localhost:35567|priority:0|startupRole:FOLLOWER, s2|rpc:localhost:35823|admin:localhost:38665|client:localhost:35617|dataStream:localhost:45371|priority:0|startupRole:FOLLOWER]|listeners:[], old=null, confs=<EMPTY_MAP>
2023-03-14 08:39:09,598 [s1-groupManagement] INFO  server.RaftServerConfigKeys (ConfUtils.java:logGet(46)) - raft.server.notification.no-leader.timeout = 60s (default)
2023-03-14 08:39:09,598 [s1-groupManagement] INFO  server.RaftServerConfigKeys (ConfUtils.java:logGet(46)) - raft.server.read.timeout = 10s (default)
2023-03-14 08:39:09,598 [s1-groupManagement] INFO  server.RaftServerConfigKeys (ConfUtils.java:logGet(46)) - raft.server.retrycache.expirytime = 60s (default)
2023-03-14 08:39:09,598 [s1-groupManagement] INFO  server.RaftServerConfigKeys (ConfUtils.java:logGet(46)) - raft.server.retrycache.statistics.expirytime = 100μs (default)
2023-03-14 08:39:09,598 [s1-groupManagement] INFO  server.RaftServerConfigKeys (ConfUtils.java:logGet(46)) - raft.server.read.option = DEFAULT (default)
2023-03-14 08:39:09,598 [s1-groupManagement] INFO  server.RaftServerConfigKeys (ConfUtils.java:logGet(46)) - raft.server.log.appender.install.snapshot.enabled = true (default)
2023-03-14 08:39:09,598 [s1-groupManagement] INFO  server.RaftServerConfigKeys (ConfUtils.java:logGet(46)) - raft.server.threadpool.server.cached = true (default)
2023-03-14 08:39:09,598 [s1-groupManagement] INFO  server.RaftServerConfigKeys (ConfUtils.java:logGet(46)) - raft.server.threadpool.server.size = 0 (default)
2023-03-14 08:39:09,598 [s1-groupManagement] INFO  server.RaftServerConfigKeys (ConfUtils.java:logGet(46)) - raft.server.threadpool.client.cached = true (default)
2023-03-14 08:39:09,598 [s1-groupManagement] INFO  server.RaftServerConfigKeys (ConfUtils.java:logGet(46)) - raft.server.threadpool.client.size = 0 (default)
2023-03-14 08:39:09,600 [Time-limited test] INFO  server.RaftServer (RaftServerProxy.java:addNew(99)) - s2: addNew group-A384FF32980E:[s0|rpc:localhost:37187|admin:localhost:44251|client:localhost:41265|dataStream:localhost:40977|priority:0|startupRole:FOLLOWER, s1|rpc:localhost:44865|admin:localhost:35297|client:localhost:32793|dataStream:localhost:35567|priority:0|startupRole:FOLLOWER, s2|rpc:localhost:35823|admin:localhost:38665|client:localhost:35617|dataStream:localhost:45371|priority:0|startupRole:FOLLOWER] returns group-A384FF32980E:java.util.concurrent.CompletableFuture@2cab941c[Not completed]
2023-03-14 08:39:09,600 [s0-impl-thread1] INFO  server.RaftServerConfigKeys (ConfUtils.java:logGet(46)) - raft.server.storage.free-space.min = 0MB (=0) (default)
2023-03-14 08:39:09,600 [s0-impl-thread1] INFO  server.RaftServerConfigKeys (ConfUtils.java:logGet(46)) - raft.server.log.corruption.policy = EXCEPTION (default)
2023-03-14 08:39:09,600 [s2-groupManagement] INFO  server.RaftServer$Division (RaftServerImpl.java:<init>(198)) - s2: new RaftServerImpl for group-A384FF32980E:[s0|rpc:localhost:37187|admin:localhost:44251|client:localhost:41265|dataStream:localhost:40977|priority:0|startupRole:FOLLOWER, s1|rpc:localhost:44865|admin:localhost:35297|client:localhost:32793|dataStream:localhost:35567|priority:0|startupRole:FOLLOWER, s2|rpc:localhost:35823|admin:localhost:38665|client:localhost:35617|dataStream:localhost:45371|priority:0|startupRole:FOLLOWER] with BaseStateMachine:uninitialized
2023-03-14 08:39:09,600 [s0-impl-thread1] INFO  server.RaftServerConfigKeys (ConfUtils.java:logGet(46)) - raft.server.storage.dir = [/home/runner/work/ratis/ratis/ratis-test/target/test/data/be523d36/MiniRaftClusterWithGrpceb75dc03/s0] (custom)
2023-03-14 08:39:09,600 [s2-groupManagement] INFO  server.RaftServerConfigKeys (ConfUtils.java:logGet(46)) - raft.server.rpc.timeout.min = 150ms (default)
2023-03-14 08:39:09,600 [s2-groupManagement] INFO  server.RaftServerConfigKeys (ConfUtils.java:logGet(46)) - raft.server.rpc.timeout.max = 300ms (default)
2023-03-14 08:39:09,600 [s2-groupManagement] INFO  server.RaftServerConfigKeys (ConfUtils.java:logGet(46)) - raft.server.rpc.sleep.time = 25ms (default)
2023-03-14 08:39:09,600 [s2-groupManagement] INFO  server.RaftServerConfigKeys (ConfUtils.java:logGet(46)) - raft.server.rpc.slowness.timeout = 60s (default)
2023-03-14 08:39:09,600 [s2-groupManagement] INFO  server.RaftServerConfigKeys (ConfUtils.java:logGet(46)) - raft.server.leaderelection.leader.step-down.wait-time = 10s (default)
2023-03-14 08:39:09,601 [s2-groupManagement] INFO  server.RaftServerConfigKeys (ConfUtils.java:logGet(46)) - raft.server.sleep.deviation.threshold = 300ms (default)
2023-03-14 08:39:09,601 [s0-impl-thread1] INFO  storage.RaftStorageDirectory (RaftStorageDirectoryImpl.java:analyzeStorage(138)) - The storage directory /home/runner/work/ratis/ratis/ratis-test/target/test/data/be523d36/MiniRaftClusterWithGrpceb75dc03/s0/25ee9685-2434-4498-b7a4-a384ff32980e does not exist. Creating ...
2023-03-14 08:39:09,601 [s2-groupManagement] INFO  server.RaftServer$Division (ServerState.java:<init>(113)) - s2@group-A384FF32980E: ConfigurationManager, init=-1: peers:[s0|rpc:localhost:37187|admin:localhost:44251|client:localhost:41265|dataStream:localhost:40977|priority:0|startupRole:FOLLOWER, s1|rpc:localhost:44865|admin:localhost:35297|client:localhost:32793|dataStream:localhost:35567|priority:0|startupRole:FOLLOWER, s2|rpc:localhost:35823|admin:localhost:38665|client:localhost:35617|dataStream:localhost:45371|priority:0|startupRole:FOLLOWER]|listeners:[], old=null, confs=<EMPTY_MAP>
2023-03-14 08:39:09,601 [s2-groupManagement] INFO  server.RaftServerConfigKeys (ConfUtils.java:logGet(46)) - raft.server.notification.no-leader.timeout = 60s (default)
2023-03-14 08:39:09,601 [s2-groupManagement] INFO  server.RaftServerConfigKeys (ConfUtils.java:logGet(46)) - raft.server.read.timeout = 10s (default)
2023-03-14 08:39:09,601 [s2-groupManagement] INFO  server.RaftServerConfigKeys (ConfUtils.java:logGet(46)) - raft.server.retrycache.expirytime = 60s (default)
2023-03-14 08:39:09,601 [s2-groupManagement] INFO  server.RaftServerConfigKeys (ConfUtils.java:logGet(46)) - raft.server.retrycache.statistics.expirytime = 100μs (default)
2023-03-14 08:39:09,601 [s2-groupManagement] INFO  server.RaftServerConfigKeys (ConfUtils.java:logGet(46)) - raft.server.read.option = DEFAULT (default)
2023-03-14 08:39:09,601 [s0-impl-thread1] TRACE util.FileUtils (LogUtils.java:runAndLog(49)) - Successfully ran Files.createDirectories /home/runner/work/ratis/ratis/ratis-test/target/test/data/be523d36/MiniRaftClusterWithGrpceb75dc03/s0/25ee9685-2434-4498-b7a4-a384ff32980e
2023-03-14 08:39:09,601 [s2-groupManagement] INFO  server.RaftServerConfigKeys (ConfUtils.java:logGet(46)) - raft.server.log.appender.install.snapshot.enabled = true (default)
2023-03-14 08:39:09,601 [s2-groupManagement] INFO  server.RaftServerConfigKeys (ConfUtils.java:logGet(46)) - raft.server.threadpool.server.cached = true (default)
2023-03-14 08:39:09,601 [s2-groupManagement] INFO  server.RaftServerConfigKeys (ConfUtils.java:logGet(46)) - raft.server.threadpool.server.size = 0 (default)
2023-03-14 08:39:09,601 [s2-groupManagement] INFO  server.RaftServerConfigKeys (ConfUtils.java:logGet(46)) - raft.server.threadpool.client.cached = true (default)
2023-03-14 08:39:09,601 [s2-groupManagement] INFO  server.RaftServerConfigKeys (ConfUtils.java:logGet(46)) - raft.server.threadpool.client.size = 0 (default)
2023-03-14 08:39:09,603 [s0-impl-thread1] INFO  storage.RaftStorageDirectory (RaftStorageDirectoryImpl.java:tryLock(232)) - Lock on /home/runner/work/ratis/ratis/ratis-test/target/test/data/be523d36/MiniRaftClusterWithGrpceb75dc03/s0/25ee9685-2434-4498-b7a4-a384ff32980e/in_use.lock acquired by nodename 10435@fv-az41-628
2023-03-14 08:39:09,604 [s0-impl-thread1] TRACE util.FileUtils (LogUtils.java:runAndLog(49)) - Successfully ran Files.createDirectories /home/runner/work/ratis/ratis/ratis-test/target/test/data/be523d36/MiniRaftClusterWithGrpceb75dc03/s0/25ee9685-2434-4498-b7a4-a384ff32980e/current
2023-03-14 08:39:09,604 [s0-impl-thread1] TRACE util.FileUtils (LogUtils.java:runAndLog(49)) - Successfully ran Files.createDirectories /home/runner/work/ratis/ratis/ratis-test/target/test/data/be523d36/MiniRaftClusterWithGrpceb75dc03/s0/25ee9685-2434-4498-b7a4-a384ff32980e/sm
2023-03-14 08:39:09,605 [s0-impl-thread1] INFO  storage.RaftStorage (RaftStorageImpl.java:format(96)) - Storage directory /home/runner/work/ratis/ratis/ratis-test/target/test/data/be523d36/MiniRaftClusterWithGrpceb75dc03/s0/25ee9685-2434-4498-b7a4-a384ff32980e has been successfully formatted.
2023-03-14 08:39:09,605 [s0-impl-thread1] INFO  server.RaftServerConfigKeys (ConfUtils.java:logGet(46)) - raft.server.log.use.memory = false (default)
2023-03-14 08:39:09,605 [s0-impl-thread1] INFO  server.RaftServerConfigKeys (ConfUtils.java:logGet(46)) - raft.server.log.purge.gap = 1024 (default)
2023-03-14 08:39:09,605 [s0-impl-thread1] INFO  server.RaftServerConfigKeys (ConfUtils.java:logGet(46)) - raft.server.log.appender.buffer.byte-limit = 4MB (=4194304) (default)
2023-03-14 08:39:09,605 [s0-impl-thread1] INFO  server.RaftServerConfigKeys (ConfUtils.java:logGet(46)) - raft.server.log.statemachine.data.read.timeout = 1000ms (default)
2023-03-14 08:39:09,605 [s0-impl-thread1] INFO  server.RaftServerConfigKeys (ConfUtils.java:logGet(46)) - raft.server.log.purge.preservation.log.num = 0 (default)
2023-03-14 08:39:09,605 [s0-impl-thread1] INFO  server.RaftServerConfigKeys (ConfUtils.java:logGet(46)) - raft.server.log.segment.size.max = 8MB (=8388608) (default)
2023-03-14 08:39:09,605 [s0-impl-thread1] INFO  server.RaftServerConfigKeys (ConfUtils.java:logGet(46)) - raft.server.log.segment.cache.num.max = 6 (default)
2023-03-14 08:39:09,605 [s0-impl-thread1] INFO  server.RaftServerConfigKeys (ConfUtils.java:logGet(46)) - raft.server.log.segment.cache.size.max = 200MB (=209715200) (default)
2023-03-14 08:39:09,605 [s0-impl-thread1] INFO  server.RaftServerConfigKeys (ConfUtils.java:logGet(46)) - raft.server.log.appender.buffer.byte-limit = 4MB (=4194304) (default)
2023-03-14 08:39:09,605 [s0-impl-thread1] INFO  segmented.SegmentedRaftLogWorker (SegmentedRaftLogWorker.java:<init>(183)) - new s0@group-A384FF32980E-SegmentedRaftLogWorker for RaftStorageImpl:Storage Directory /home/runner/work/ratis/ratis/ratis-test/target/test/data/be523d36/MiniRaftClusterWithGrpceb75dc03/s0/25ee9685-2434-4498-b7a4-a384ff32980e
2023-03-14 08:39:09,605 [s0-impl-thread1] INFO  server.RaftServerConfigKeys (ConfUtils.java:logGet(46)) - raft.server.log.queue.byte-limit = 64MB (=67108864) (default)
2023-03-14 08:39:09,605 [s0-impl-thread1] INFO  server.RaftServerConfigKeys (ConfUtils.java:logGet(46)) - raft.server.log.queue.element-limit = 4096 (default)
2023-03-14 08:39:09,605 [s0-impl-thread1] INFO  server.RaftServerConfigKeys (ConfUtils.java:logGet(46)) - raft.server.log.segment.size.max = 8MB (=8388608) (default)
2023-03-14 08:39:09,605 [s0-impl-thread1] INFO  server.RaftServerConfigKeys (ConfUtils.java:logGet(46)) - raft.server.log.preallocated.size = 4MB (=4194304) (default)
2023-03-14 08:39:09,605 [s0-impl-thread1] INFO  server.RaftServerConfigKeys (ConfUtils.java:logGet(46)) - raft.server.log.force.sync.num = 128 (default)
2023-03-14 08:39:09,606 [s0-impl-thread1] INFO  server.RaftServerConfigKeys (ConfUtils.java:logGet(46)) - raft.server.log.statemachine.data.sync = true (default)
2023-03-14 08:39:09,606 [s0-impl-thread1] INFO  server.RaftServerConfigKeys (ConfUtils.java:logGet(46)) - raft.server.log.statemachine.data.sync.timeout = 10s (default)
2023-03-14 08:39:09,606 [s0-impl-thread1] INFO  server.RaftServerConfigKeys (ConfUtils.java:logGet(46)) - raft.server.log.statemachine.data.sync.timeout.retry = -1 (default)
2023-03-14 08:39:09,606 [s0-impl-thread1] INFO  server.RaftServerConfigKeys (ConfUtils.java:logGet(46)) - raft.server.log.write.buffer.size = 64KB (=65536) (default)
2023-03-14 08:39:09,606 [s0-impl-thread1] INFO  server.RaftServerConfigKeys (ConfUtils.java:logGet(46)) - raft.server.log.appender.buffer.byte-limit = 4MB (=4194304) (default)
2023-03-14 08:39:09,606 [s0-impl-thread1] INFO  server.RaftServerConfigKeys (ConfUtils.java:logGet(46)) - raft.server.log.unsafe-flush.enabled = false (default)
2023-03-14 08:39:09,606 [s0-impl-thread1] INFO  server.RaftServerConfigKeys (ConfUtils.java:logGet(46)) - raft.server.log.async-flush.enabled = false (default)
2023-03-14 08:39:09,606 [s0-impl-thread1] INFO  server.RaftServerConfigKeys (ConfUtils.java:logGet(46)) - raft.server.log.statemachine.data.caching.enabled = false (default)
2023-03-14 08:39:09,606 [s0-impl-thread1] INFO  segmented.SegmentedRaftLogWorker (SegmentedRaftLogWorker.java:lambda$new$0(134)) - s0@group-A384FF32980E-SegmentedRaftLogWorker: flushIndex: setUnconditionally 0 -> -1
2023-03-14 08:39:09,606 [s0-impl-thread1] INFO  segmented.SegmentedRaftLogWorker (SegmentedRaftLogWorker.java:lambda$new$0(134)) - s0@group-A384FF32980E-SegmentedRaftLogWorker: safeCacheEvictIndex: setUnconditionally 0 -> -1
2023-03-14 08:39:09,607 [s0-impl-thread1] INFO  server.RaftServer$Division (RaftServerImpl.java:start(342)) - s0@group-A384FF32980E: start as a follower, conf=-1: peers:[s0|rpc:localhost:37187|admin:localhost:44251|client:localhost:41265|dataStream:localhost:40977|priority:0|startupRole:FOLLOWER, s1|rpc:localhost:44865|admin:localhost:35297|client:localhost:32793|dataStream:localhost:35567|priority:0|startupRole:FOLLOWER, s2|rpc:localhost:35823|admin:localhost:38665|client:localhost:35617|dataStream:localhost:45371|priority:0|startupRole:FOLLOWER]|listeners:[], old=null
2023-03-14 08:39:09,607 [s0-impl-thread1] INFO  server.RaftServer$Division (RaftServerImpl.java:setRole(329)) - s0@group-A384FF32980E: changes role from      null to FOLLOWER at term 0 for startAsFollower
2023-03-14 08:39:09,607 [s0-impl-thread1] INFO  impl.RoleInfo (RoleInfo.java:updateAndGet(139)) - s0: start s0@group-A384FF32980E-FollowerState
2023-03-14 08:39:09,607 [s0-impl-thread1] INFO  util.JmxRegister (JmxRegister.java:tryRegister(44)) - Successfully registered JMX Bean with object name Ratis:service=RaftServer,group=group-A384FF32980E,id=s0
2023-03-14 08:39:09,607 [s0-impl-thread1] INFO  server.RaftServerConfigKeys (ConfUtils.java:logGet(46)) - raft.server.snapshot.auto.trigger.enabled = false (default)
2023-03-14 08:39:09,607 [s0-impl-thread1] INFO  server.RaftServerConfigKeys (ConfUtils.java:logGet(46)) - raft.server.snapshot.retention.file.num = -1 (default)
2023-03-14 08:39:09,607 [s0-impl-thread1] INFO  server.RaftServerConfigKeys (ConfUtils.java:logGet(46)) - raft.server.log.purge.upto.snapshot.index = false (default)
2023-03-14 08:39:09,607 [s0@group-A384FF32980E-FollowerState] INFO  server.RaftServerConfigKeys (ConfUtils.java:logFallback(53)) - raft.server.rpc.first-election.timeout.min = 150ms (fallback to raft.server.rpc.timeout.min)
2023-03-14 08:39:09,608 [s0@group-A384FF32980E-FollowerState] INFO  server.RaftServerConfigKeys (ConfUtils.java:logFallback(53)) - raft.server.rpc.first-election.timeout.max = 300ms (fallback to raft.server.rpc.timeout.max)
2023-03-14 08:39:09,612 [Time-limited test] INFO  server.RaftServer (RaftServerProxy.java:startImpl(401)) - s0: start RPC server
2023-03-14 08:39:09,612 [Time-limited test] INFO  server.GrpcService (GrpcService.java:startImpl(302)) - s0: GrpcService started, listening on 41265
2023-03-14 08:39:09,613 [Time-limited test] INFO  server.GrpcService (GrpcService.java:startImpl(302)) - s0: GrpcService started, listening on 37187
2023-03-14 08:39:09,613 [Time-limited test] INFO  server.GrpcService (GrpcService.java:startImpl(302)) - s0: GrpcService started, listening on 44251
2023-03-14 08:39:09,613 [JvmPauseMonitor58] INFO  util.JvmPauseMonitor (JvmPauseMonitor.java:run(103)) - JvmPauseMonitor-s0: Started
2023-03-14 08:39:09,613 [s1-impl-thread1] INFO  server.RaftServerConfigKeys (ConfUtils.java:logGet(46)) - raft.server.storage.free-space.min = 0MB (=0) (default)
2023-03-14 08:39:09,613 [s1-impl-thread1] INFO  server.RaftServerConfigKeys (ConfUtils.java:logGet(46)) - raft.server.log.corruption.policy = EXCEPTION (default)
2023-03-14 08:39:09,613 [s1-impl-thread1] INFO  server.RaftServerConfigKeys (ConfUtils.java:logGet(46)) - raft.server.storage.dir = [/home/runner/work/ratis/ratis/ratis-test/target/test/data/be523d36/MiniRaftClusterWithGrpceb75dc03/s1] (custom)
2023-03-14 08:39:09,613 [s1-impl-thread1] INFO  storage.RaftStorageDirectory (RaftStorageDirectoryImpl.java:analyzeStorage(138)) - The storage directory /home/runner/work/ratis/ratis/ratis-test/target/test/data/be523d36/MiniRaftClusterWithGrpceb75dc03/s1/25ee9685-2434-4498-b7a4-a384ff32980e does not exist. Creating ...
2023-03-14 08:39:09,614 [s1-impl-thread1] TRACE util.FileUtils (LogUtils.java:runAndLog(49)) - Successfully ran Files.createDirectories /home/runner/work/ratis/ratis/ratis-test/target/test/data/be523d36/MiniRaftClusterWithGrpceb75dc03/s1/25ee9685-2434-4498-b7a4-a384ff32980e
2023-03-14 08:39:09,614 [s1-impl-thread1] INFO  storage.RaftStorageDirectory (RaftStorageDirectoryImpl.java:tryLock(232)) - Lock on /home/runner/work/ratis/ratis/ratis-test/target/test/data/be523d36/MiniRaftClusterWithGrpceb75dc03/s1/25ee9685-2434-4498-b7a4-a384ff32980e/in_use.lock acquired by nodename 10435@fv-az41-628
2023-03-14 08:39:09,614 [s1-impl-thread1] TRACE util.FileUtils (LogUtils.java:runAndLog(49)) - Successfully ran Files.createDirectories /home/runner/work/ratis/ratis/ratis-test/target/test/data/be523d36/MiniRaftClusterWithGrpceb75dc03/s1/25ee9685-2434-4498-b7a4-a384ff32980e/current
2023-03-14 08:39:09,614 [s1-impl-thread1] TRACE util.FileUtils (LogUtils.java:runAndLog(49)) - Successfully ran Files.createDirectories /home/runner/work/ratis/ratis/ratis-test/target/test/data/be523d36/MiniRaftClusterWithGrpceb75dc03/s1/25ee9685-2434-4498-b7a4-a384ff32980e/sm
2023-03-14 08:39:09,616 [s1-impl-thread1] INFO  storage.RaftStorage (RaftStorageImpl.java:format(96)) - Storage directory /home/runner/work/ratis/ratis/ratis-test/target/test/data/be523d36/MiniRaftClusterWithGrpceb75dc03/s1/25ee9685-2434-4498-b7a4-a384ff32980e has been successfully formatted.
2023-03-14 08:39:09,616 [s1-impl-thread1] INFO  server.RaftServerConfigKeys (ConfUtils.java:logGet(46)) - raft.server.log.use.memory = false (default)
2023-03-14 08:39:09,616 [s1-impl-thread1] INFO  server.RaftServerConfigKeys (ConfUtils.java:logGet(46)) - raft.server.log.purge.gap = 1024 (default)
2023-03-14 08:39:09,616 [s1-impl-thread1] INFO  server.RaftServerConfigKeys (ConfUtils.java:logGet(46)) - raft.server.log.appender.buffer.byte-limit = 4MB (=4194304) (default)
2023-03-14 08:39:09,616 [s1-impl-thread1] INFO  server.RaftServerConfigKeys (ConfUtils.java:logGet(46)) - raft.server.log.statemachine.data.read.timeout = 1000ms (default)
2023-03-14 08:39:09,616 [s1-impl-thread1] INFO  server.RaftServerConfigKeys (ConfUtils.java:logGet(46)) - raft.server.log.purge.preservation.log.num = 0 (default)
2023-03-14 08:39:09,616 [s1-impl-thread1] INFO  server.RaftServerConfigKeys (ConfUtils.java:logGet(46)) - raft.server.log.segment.size.max = 8MB (=8388608) (default)
2023-03-14 08:39:09,616 [s1-impl-thread1] INFO  server.RaftServerConfigKeys (ConfUtils.java:logGet(46)) - raft.server.log.segment.cache.num.max = 6 (default)
2023-03-14 08:39:09,616 [s1-impl-thread1] INFO  server.RaftServerConfigKeys (ConfUtils.java:logGet(46)) - raft.server.log.segment.cache.size.max = 200MB (=209715200) (default)
2023-03-14 08:39:09,616 [s1-impl-thread1] INFO  server.RaftServerConfigKeys (ConfUtils.java:logGet(46)) - raft.server.log.appender.buffer.byte-limit = 4MB (=4194304) (default)
2023-03-14 08:39:09,616 [s1-impl-thread1] INFO  segmented.SegmentedRaftLogWorker (SegmentedRaftLogWorker.java:<init>(183)) - new s1@group-A384FF32980E-SegmentedRaftLogWorker for RaftStorageImpl:Storage Directory /home/runner/work/ratis/ratis/ratis-test/target/test/data/be523d36/MiniRaftClusterWithGrpceb75dc03/s1/25ee9685-2434-4498-b7a4-a384ff32980e
2023-03-14 08:39:09,616 [s1-impl-thread1] INFO  server.RaftServerConfigKeys (ConfUtils.java:logGet(46)) - raft.server.log.queue.byte-limit = 64MB (=67108864) (default)
2023-03-14 08:39:09,616 [s1-impl-thread1] INFO  server.RaftServerConfigKeys (ConfUtils.java:logGet(46)) - raft.server.log.queue.element-limit = 4096 (default)
2023-03-14 08:39:09,616 [s1-impl-thread1] INFO  server.RaftServerConfigKeys (ConfUtils.java:logGet(46)) - raft.server.log.segment.size.max = 8MB (=8388608) (default)
2023-03-14 08:39:09,616 [s1-impl-thread1] INFO  server.RaftServerConfigKeys (ConfUtils.java:logGet(46)) - raft.server.log.preallocated.size = 4MB (=4194304) (default)
2023-03-14 08:39:09,616 [s1-impl-thread1] INFO  server.RaftServerConfigKeys (ConfUtils.java:logGet(46)) - raft.server.log.force.sync.num = 128 (default)
2023-03-14 08:39:09,616 [s1-impl-thread1] INFO  server.RaftServerConfigKeys (ConfUtils.java:logGet(46)) - raft.server.log.statemachine.data.sync = true (default)
2023-03-14 08:39:09,616 [s1-impl-thread1] INFO  server.RaftServerConfigKeys (ConfUtils.java:logGet(46)) - raft.server.log.statemachine.data.sync.timeout = 10s (default)
2023-03-14 08:39:09,616 [s1-impl-thread1] INFO  server.RaftServerConfigKeys (ConfUtils.java:logGet(46)) - raft.server.log.statemachine.data.sync.timeout.retry = -1 (default)
2023-03-14 08:39:09,616 [s1-impl-thread1] INFO  server.RaftServerConfigKeys (ConfUtils.java:logGet(46)) - raft.server.log.write.buffer.size = 64KB (=65536) (default)
2023-03-14 08:39:09,617 [s1-impl-thread1] INFO  server.RaftServerConfigKeys (ConfUtils.java:logGet(46)) - raft.server.log.appender.buffer.byte-limit = 4MB (=4194304) (default)
2023-03-14 08:39:09,617 [s1-impl-thread1] INFO  server.RaftServerConfigKeys (ConfUtils.java:logGet(46)) - raft.server.log.unsafe-flush.enabled = false (default)
2023-03-14 08:39:09,617 [s1-impl-thread1] INFO  server.RaftServerConfigKeys (ConfUtils.java:logGet(46)) - raft.server.log.async-flush.enabled = false (default)
2023-03-14 08:39:09,617 [s1-impl-thread1] INFO  server.RaftServerConfigKeys (ConfUtils.java:logGet(46)) - raft.server.log.statemachine.data.caching.enabled = false (default)
2023-03-14 08:39:09,617 [s1-impl-thread1] INFO  segmented.SegmentedRaftLogWorker (SegmentedRaftLogWorker.java:lambda$new$0(134)) - s1@group-A384FF32980E-SegmentedRaftLogWorker: flushIndex: setUnconditionally 0 -> -1
2023-03-14 08:39:09,617 [s1-impl-thread1] INFO  segmented.SegmentedRaftLogWorker (SegmentedRaftLogWorker.java:lambda$new$0(134)) - s1@group-A384FF32980E-SegmentedRaftLogWorker: safeCacheEvictIndex: setUnconditionally 0 -> -1
2023-03-14 08:39:09,617 [s1-impl-thread1] INFO  server.RaftServer$Division (RaftServerImpl.java:start(342)) - s1@group-A384FF32980E: start as a follower, conf=-1: peers:[s0|rpc:localhost:37187|admin:localhost:44251|client:localhost:41265|dataStream:localhost:40977|priority:0|startupRole:FOLLOWER, s1|rpc:localhost:44865|admin:localhost:35297|client:localhost:32793|dataStream:localhost:35567|priority:0|startupRole:FOLLOWER, s2|rpc:localhost:35823|admin:localhost:38665|client:localhost:35617|dataStream:localhost:45371|priority:0|startupRole:FOLLOWER]|listeners:[], old=null
2023-03-14 08:39:09,617 [s1-impl-thread1] INFO  server.RaftServer$Division (RaftServerImpl.java:setRole(329)) - s1@group-A384FF32980E: changes role from      null to FOLLOWER at term 0 for startAsFollower
2023-03-14 08:39:09,617 [s1-impl-thread1] INFO  impl.RoleInfo (RoleInfo.java:updateAndGet(139)) - s1: start s1@group-A384FF32980E-FollowerState
2023-03-14 08:39:09,617 [s1-impl-thread1] INFO  util.JmxRegister (JmxRegister.java:tryRegister(44)) - Successfully registered JMX Bean with object name Ratis:service=RaftServer,group=group-A384FF32980E,id=s1
2023-03-14 08:39:09,618 [s1@group-A384FF32980E-FollowerState] INFO  server.RaftServerConfigKeys (ConfUtils.java:logFallback(53)) - raft.server.rpc.first-election.timeout.min = 150ms (fallback to raft.server.rpc.timeout.min)
2023-03-14 08:39:09,618 [s1-impl-thread1] INFO  server.RaftServerConfigKeys (ConfUtils.java:logGet(46)) - raft.server.snapshot.auto.trigger.enabled = false (default)
2023-03-14 08:39:09,618 [s1-impl-thread1] INFO  server.RaftServerConfigKeys (ConfUtils.java:logGet(46)) - raft.server.snapshot.retention.file.num = -1 (default)
2023-03-14 08:39:09,618 [s1-impl-thread1] INFO  server.RaftServerConfigKeys (ConfUtils.java:logGet(46)) - raft.server.log.purge.upto.snapshot.index = false (default)
2023-03-14 08:39:09,618 [s1@group-A384FF32980E-FollowerState] INFO  server.RaftServerConfigKeys (ConfUtils.java:logFallback(53)) - raft.server.rpc.first-election.timeout.max = 300ms (fallback to raft.server.rpc.timeout.max)
2023-03-14 08:39:09,618 [Time-limited test] INFO  server.RaftServer (RaftServerProxy.java:startImpl(401)) - s1: start RPC server
2023-03-14 08:39:09,618 [Time-limited test] INFO  server.GrpcService (GrpcService.java:startImpl(302)) - s1: GrpcService started, listening on 32793
2023-03-14 08:39:09,619 [Time-limited test] INFO  server.GrpcService (GrpcService.java:startImpl(302)) - s1: GrpcService started, listening on 44865
2023-03-14 08:39:09,619 [Time-limited test] INFO  server.GrpcService (GrpcService.java:startImpl(302)) - s1: GrpcService started, listening on 35297
2023-03-14 08:39:09,619 [s2-impl-thread1] INFO  server.RaftServerConfigKeys (ConfUtils.java:logGet(46)) - raft.server.storage.free-space.min = 0MB (=0) (default)
2023-03-14 08:39:09,619 [s2-impl-thread1] INFO  server.RaftServerConfigKeys (ConfUtils.java:logGet(46)) - raft.server.log.corruption.policy = EXCEPTION (default)
2023-03-14 08:39:09,619 [JvmPauseMonitor59] INFO  util.JvmPauseMonitor (JvmPauseMonitor.java:run(103)) - JvmPauseMonitor-s1: Started
2023-03-14 08:39:09,619 [s2-impl-thread1] INFO  server.RaftServerConfigKeys (ConfUtils.java:logGet(46)) - raft.server.storage.dir = [/home/runner/work/ratis/ratis/ratis-test/target/test/data/be523d36/MiniRaftClusterWithGrpceb75dc03/s2] (custom)
2023-03-14 08:39:09,619 [s2-impl-thread1] INFO  storage.RaftStorageDirectory (RaftStorageDirectoryImpl.java:analyzeStorage(138)) - The storage directory /home/runner/work/ratis/ratis/ratis-test/target/test/data/be523d36/MiniRaftClusterWithGrpceb75dc03/s2/25ee9685-2434-4498-b7a4-a384ff32980e does not exist. Creating ...
2023-03-14 08:39:09,619 [s2-impl-thread1] TRACE util.FileUtils (LogUtils.java:runAndLog(49)) - Successfully ran Files.createDirectories /home/runner/work/ratis/ratis/ratis-test/target/test/data/be523d36/MiniRaftClusterWithGrpceb75dc03/s2/25ee9685-2434-4498-b7a4-a384ff32980e
2023-03-14 08:39:09,620 [s2-impl-thread1] INFO  storage.RaftStorageDirectory (RaftStorageDirectoryImpl.java:tryLock(232)) - Lock on /home/runner/work/ratis/ratis/ratis-test/target/test/data/be523d36/MiniRaftClusterWithGrpceb75dc03/s2/25ee9685-2434-4498-b7a4-a384ff32980e/in_use.lock acquired by nodename 10435@fv-az41-628
2023-03-14 08:39:09,620 [s2-impl-thread1] TRACE util.FileUtils (LogUtils.java:runAndLog(49)) - Successfully ran Files.createDirectories /home/runner/work/ratis/ratis/ratis-test/target/test/data/be523d36/MiniRaftClusterWithGrpceb75dc03/s2/25ee9685-2434-4498-b7a4-a384ff32980e/current
2023-03-14 08:39:09,620 [s2-impl-thread1] TRACE util.FileUtils (LogUtils.java:runAndLog(49)) - Successfully ran Files.createDirectories /home/runner/work/ratis/ratis/ratis-test/target/test/data/be523d36/MiniRaftClusterWithGrpceb75dc03/s2/25ee9685-2434-4498-b7a4-a384ff32980e/sm
2023-03-14 08:39:09,621 [s2-impl-thread1] INFO  storage.RaftStorage (RaftStorageImpl.java:format(96)) - Storage directory /home/runner/work/ratis/ratis/ratis-test/target/test/data/be523d36/MiniRaftClusterWithGrpceb75dc03/s2/25ee9685-2434-4498-b7a4-a384ff32980e has been successfully formatted.
2023-03-14 08:39:09,621 [s2-impl-thread1] INFO  server.RaftServerConfigKeys (ConfUtils.java:logGet(46)) - raft.server.log.use.memory = false (default)
2023-03-14 08:39:09,621 [s2-impl-thread1] INFO  server.RaftServerConfigKeys (ConfUtils.java:logGet(46)) - raft.server.log.purge.gap = 1024 (default)
2023-03-14 08:39:09,621 [s2-impl-thread1] INFO  server.RaftServerConfigKeys (ConfUtils.java:logGet(46)) - raft.server.log.appender.buffer.byte-limit = 4MB (=4194304) (default)
2023-03-14 08:39:09,621 [s2-impl-thread1] INFO  server.RaftServerConfigKeys (ConfUtils.java:logGet(46)) - raft.server.log.statemachine.data.read.timeout = 1000ms (default)
2023-03-14 08:39:09,621 [s2-impl-thread1] INFO  server.RaftServerConfigKeys (ConfUtils.java:logGet(46)) - raft.server.log.purge.preservation.log.num = 0 (default)
2023-03-14 08:39:09,631 [s2-impl-thread1] INFO  server.RaftServerConfigKeys (ConfUtils.java:logGet(46)) - raft.server.log.segment.size.max = 8MB (=8388608) (default)
2023-03-14 08:39:09,631 [s2-impl-thread1] INFO  server.RaftServerConfigKeys (ConfUtils.java:logGet(46)) - raft.server.log.segment.cache.num.max = 6 (default)
2023-03-14 08:39:09,631 [s2-impl-thread1] INFO  server.RaftServerConfigKeys (ConfUtils.java:logGet(46)) - raft.server.log.segment.cache.size.max = 200MB (=209715200) (default)
2023-03-14 08:39:09,631 [s2-impl-thread1] INFO  server.RaftServerConfigKeys (ConfUtils.java:logGet(46)) - raft.server.log.appender.buffer.byte-limit = 4MB (=4194304) (default)
2023-03-14 08:39:09,631 [s2-impl-thread1] INFO  segmented.SegmentedRaftLogWorker (SegmentedRaftLogWorker.java:<init>(183)) - new s2@group-A384FF32980E-SegmentedRaftLogWorker for RaftStorageImpl:Storage Directory /home/runner/work/ratis/ratis/ratis-test/target/test/data/be523d36/MiniRaftClusterWithGrpceb75dc03/s2/25ee9685-2434-4498-b7a4-a384ff32980e
2023-03-14 08:39:09,631 [s2-impl-thread1] INFO  server.RaftServerConfigKeys (ConfUtils.java:logGet(46)) - raft.server.log.queue.byte-limit = 64MB (=67108864) (default)
2023-03-14 08:39:09,631 [s2-impl-thread1] INFO  server.RaftServerConfigKeys (ConfUtils.java:logGet(46)) - raft.server.log.queue.element-limit = 4096 (default)
2023-03-14 08:39:09,631 [s2-impl-thread1] INFO  server.RaftServerConfigKeys (ConfUtils.java:logGet(46)) - raft.server.log.segment.size.max = 8MB (=8388608) (default)
2023-03-14 08:39:09,631 [s2-impl-thread1] INFO  server.RaftServerConfigKeys (ConfUtils.java:logGet(46)) - raft.server.log.preallocated.size = 4MB (=4194304) (default)
2023-03-14 08:39:09,631 [s2-impl-thread1] INFO  server.RaftServerConfigKeys (ConfUtils.java:logGet(46)) - raft.server.log.force.sync.num = 128 (default)
2023-03-14 08:39:09,631 [s2-impl-thread1] INFO  server.RaftServerConfigKeys (ConfUtils.java:logGet(46)) - raft.server.log.statemachine.data.sync = true (default)
2023-03-14 08:39:09,631 [s2-impl-thread1] INFO  server.RaftServerConfigKeys (ConfUtils.java:logGet(46)) - raft.server.log.statemachine.data.sync.timeout = 10s (default)
2023-03-14 08:39:09,631 [s2-impl-thread1] INFO  server.RaftServerConfigKeys (ConfUtils.java:logGet(46)) - raft.server.log.statemachine.data.sync.timeout.retry = -1 (default)
2023-03-14 08:39:09,631 [s2-impl-thread1] INFO  server.RaftServerConfigKeys (ConfUtils.java:logGet(46)) - raft.server.log.write.buffer.size = 64KB (=65536) (default)
2023-03-14 08:39:09,632 [s2-impl-thread1] INFO  server.RaftServerConfigKeys (ConfUtils.java:logGet(46)) - raft.server.log.appender.buffer.byte-limit = 4MB (=4194304) (default)
2023-03-14 08:39:09,632 [s2-impl-thread1] INFO  server.RaftServerConfigKeys (ConfUtils.java:logGet(46)) - raft.server.log.unsafe-flush.enabled = false (default)
2023-03-14 08:39:09,632 [s2-impl-thread1] INFO  server.RaftServerConfigKeys (ConfUtils.java:logGet(46)) - raft.server.log.async-flush.enabled = false (default)
2023-03-14 08:39:09,632 [s2-impl-thread1] INFO  server.RaftServerConfigKeys (ConfUtils.java:logGet(46)) - raft.server.log.statemachine.data.caching.enabled = false (default)
2023-03-14 08:39:09,632 [s2-impl-thread1] INFO  segmented.SegmentedRaftLogWorker (SegmentedRaftLogWorker.java:lambda$new$0(134)) - s2@group-A384FF32980E-SegmentedRaftLogWorker: flushIndex: setUnconditionally 0 -> -1
2023-03-14 08:39:09,632 [s2-impl-thread1] INFO  segmented.SegmentedRaftLogWorker (SegmentedRaftLogWorker.java:lambda$new$0(134)) - s2@group-A384FF32980E-SegmentedRaftLogWorker: safeCacheEvictIndex: setUnconditionally 0 -> -1
2023-03-14 08:39:09,632 [s2-impl-thread1] INFO  server.RaftServer$Division (RaftServerImpl.java:start(342)) - s2@group-A384FF32980E: start as a follower, conf=-1: peers:[s0|rpc:localhost:37187|admin:localhost:44251|client:localhost:41265|dataStream:localhost:40977|priority:0|startupRole:FOLLOWER, s1|rpc:localhost:44865|admin:localhost:35297|client:localhost:32793|dataStream:localhost:35567|priority:0|startupRole:FOLLOWER, s2|rpc:localhost:35823|admin:localhost:38665|client:localhost:35617|dataStream:localhost:45371|priority:0|startupRole:FOLLOWER]|listeners:[], old=null
2023-03-14 08:39:09,632 [s2-impl-thread1] INFO  server.RaftServer$Division (RaftServerImpl.java:setRole(329)) - s2@group-A384FF32980E: changes role from      null to FOLLOWER at term 0 for startAsFollower
2023-03-14 08:39:09,632 [s2-impl-thread1] INFO  impl.RoleInfo (RoleInfo.java:updateAndGet(139)) - s2: start s2@group-A384FF32980E-FollowerState
2023-03-14 08:39:09,633 [s2-impl-thread1] INFO  util.JmxRegister (JmxRegister.java:tryRegister(44)) - Successfully registered JMX Bean with object name Ratis:service=RaftServer,group=group-A384FF32980E,id=s2
2023-03-14 08:39:09,633 [s2-impl-thread1] INFO  server.RaftServerConfigKeys (ConfUtils.java:logGet(46)) - raft.server.snapshot.auto.trigger.enabled = false (default)
2023-03-14 08:39:09,633 [s2-impl-thread1] INFO  server.RaftServerConfigKeys (ConfUtils.java:logGet(46)) - raft.server.snapshot.retention.file.num = -1 (default)
2023-03-14 08:39:09,633 [s2-impl-thread1] INFO  server.RaftServerConfigKeys (ConfUtils.java:logGet(46)) - raft.server.log.purge.upto.snapshot.index = false (default)
2023-03-14 08:39:09,633 [s2@group-A384FF32980E-FollowerState] INFO  server.RaftServerConfigKeys (ConfUtils.java:logFallback(53)) - raft.server.rpc.first-election.timeout.min = 150ms (fallback to raft.server.rpc.timeout.min)
2023-03-14 08:39:09,633 [s2@group-A384FF32980E-FollowerState] INFO  server.RaftServerConfigKeys (ConfUtils.java:logFallback(53)) - raft.server.rpc.first-election.timeout.max = 300ms (fallback to raft.server.rpc.timeout.max)
2023-03-14 08:39:09,633 [Time-limited test] INFO  server.RaftServer (RaftServerProxy.java:startImpl(401)) - s2: start RPC server
2023-03-14 08:39:09,633 [Time-limited test] INFO  server.GrpcService (GrpcService.java:startImpl(302)) - s2: GrpcService started, listening on 35617
2023-03-14 08:39:09,634 [Time-limited test] INFO  server.GrpcService (GrpcService.java:startImpl(302)) - s2: GrpcService started, listening on 35823
2023-03-14 08:39:09,634 [Time-limited test] INFO  server.GrpcService (GrpcService.java:startImpl(302)) - s2: GrpcService started, listening on 38665
2023-03-14 08:39:09,636 [JvmPauseMonitor60] INFO  util.JvmPauseMonitor (JvmPauseMonitor.java:run(103)) - JvmPauseMonitor-s2: Started
2023-03-14 08:39:09,640 [Time-limited test] INFO  server.RaftServerConfigKeys (ConfUtils.java:logGet(46)) - raft.server.rpc.timeout.max = 300ms (default)
2023-03-14 08:39:09,640 [Time-limited test] INFO  ratis.RaftTestUtil (RaftTestUtil.java:waitForLeader(100)) - printing ALL groups
  s0:  RUNNING  FOLLOWER s0@group-A384FF32980E:t0, leader=null, voted=, raftlog=Memoized:s0@group-A384FF32980E-SegmentedRaftLog:OPENED:c-1, conf=-1: peers:[s0|rpc:localhost:37187|admin:localhost:44251|client:localhost:41265|dataStream:localhost:40977|priority:0|startupRole:FOLLOWER, s1|rpc:localhost:44865|admin:localhost:35297|client:localhost:32793|dataStream:localhost:35567|priority:0|startupRole:FOLLOWER, s2|rpc:localhost:35823|admin:localhost:38665|client:localhost:35617|dataStream:localhost:45371|priority:0|startupRole:FOLLOWER]|listeners:[], old=null RUNNING
  s1:  RUNNING  FOLLOWER s1@group-A384FF32980E:t0, leader=null, voted=, raftlog=Memoized:s1@group-A384FF32980E-SegmentedRaftLog:OPENED:c-1, conf=-1: peers:[s0|rpc:localhost:37187|admin:localhost:44251|client:localhost:41265|dataStream:localhost:40977|priority:0|startupRole:FOLLOWER, s1|rpc:localhost:44865|admin:localhost:35297|client:localhost:32793|dataStream:localhost:35567|priority:0|startupRole:FOLLOWER, s2|rpc:localhost:35823|admin:localhost:38665|client:localhost:35617|dataStream:localhost:45371|priority:0|startupRole:FOLLOWER]|listeners:[], old=null RUNNING
  s2:  RUNNING  FOLLOWER s2@group-A384FF32980E:t0, leader=null, voted=, raftlog=Memoized:s2@group-A384FF32980E-SegmentedRaftLog:OPENED:c-1, conf=-1: peers:[s0|rpc:localhost:37187|admin:localhost:44251|client:localhost:41265|dataStream:localhost:40977|priority:0|startupRole:FOLLOWER, s1|rpc:localhost:44865|admin:localhost:35297|client:localhost:32793|dataStream:localhost:35567|priority:0|startupRole:FOLLOWER, s2|rpc:localhost:35823|admin:localhost:38665|client:localhost:35617|dataStream:localhost:45371|priority:0|startupRole:FOLLOWER]|listeners:[], old=null RUNNING
2023-03-14 08:39:09,640 [Time-limited test] WARN  ratis.RaftTestUtil (JavaUtils.java:attempt(217)) - FAILED "waitForLeader-null-(expectLeader? true)", attempt #1/100: java.lang.IllegalStateException: No leader yet : printing ALL groups
  s0:  RUNNING  FOLLOWER s0@group-A384FF32980E:t0, leader=null, voted=, raftlog=Memoized:s0@group-A384FF32980E-SegmentedRaftLog:OPENED:c-1, conf=-1: peers:[s0|rpc:localhost:37187|admin:localhost:44251|client:localhost:41265|dataStream:localhost:40977|priority:0|startupRole:FOLLOWER, s1|rpc:localhost:44865|admin:localhost:35297|client:localhost:32793|dataStream:localhost:35567|priority:0|startupRole:FOLLOWER, s2|rpc:localhost:35823|admin:localhost:38665|client:localhost:35617|dataStream:localhost:45371|priority:0|startupRole:FOLLOWER]|listeners:[], old=null RUNNING
  s1:  RUNNING  FOLLOWER s1@group-A384FF32980E:t0, leader=null, voted=, raftlog=Memoized:s1@group-A384FF32980E-SegmentedRaftLog:OPENED:c-1, conf=-1: peers:[s0|rpc:localhost:37187|admin:localhost:44251|client:localhost:41265|dataStream:localhost:40977|priority:0|startupRole:FOLLOWER, s1|rpc:localhost:44865|admin:localhost:35297|client:localhost:32793|dataStream:localhost:35567|priority:0|startupRole:FOLLOWER, s2|rpc:localhost:35823|admin:localhost:38665|client:localhost:35617|dataStream:localhost:45371|priority:0|startupRole:FOLLOWER]|listeners:[], old=null RUNNING
  s2:  RUNNING  FOLLOWER s2@group-A384FF32980E:t0, leader=null, voted=, raftlog=Memoized:s2@group-A384FF32980E-SegmentedRaftLog:OPENED:c-1, conf=-1: peers:[s0|rpc:localhost:37187|admin:localhost:44251|client:localhost:41265|dataStream:localhost:40977|priority:0|startupRole:FOLLOWER, s1|rpc:localhost:44865|admin:localhost:35297|client:localhost:32793|dataStream:localhost:35567|priority:0|startupRole:FOLLOWER, s2|rpc:localhost:35823|admin:localhost:38665|client:localhost:35617|dataStream:localhost:45371|priority:0|startupRole:FOLLOWER]|listeners:[], old=null RUNNING, sleep 450ms and then retry.
java.lang.IllegalStateException: No leader yet : printing ALL groups
  s0:  RUNNING  FOLLOWER s0@group-A384FF32980E:t0, leader=null, voted=, raftlog=Memoized:s0@group-A384FF32980E-SegmentedRaftLog:OPENED:c-1, conf=-1: peers:[s0|rpc:localhost:37187|admin:localhost:44251|client:localhost:41265|dataStream:localhost:40977|priority:0|startupRole:FOLLOWER, s1|rpc:localhost:44865|admin:localhost:35297|client:localhost:32793|dataStream:localhost:35567|priority:0|startupRole:FOLLOWER, s2|rpc:localhost:35823|admin:localhost:38665|client:localhost:35617|dataStream:localhost:45371|priority:0|startupRole:FOLLOWER]|listeners:[], old=null RUNNING
  s1:  RUNNING  FOLLOWER s1@group-A384FF32980E:t0, leader=null, voted=, raftlog=Memoized:s1@group-A384FF32980E-SegmentedRaftLog:OPENED:c-1, conf=-1: peers:[s0|rpc:localhost:37187|admin:localhost:44251|client:localhost:41265|dataStream:localhost:40977|priority:0|startupRole:FOLLOWER, s1|rpc:localhost:44865|admin:localhost:35297|client:localhost:32793|dataStream:localhost:35567|priority:0|startupRole:FOLLOWER, s2|rpc:localhost:35823|admin:localhost:38665|client:localhost:35617|dataStream:localhost:45371|priority:0|startupRole:FOLLOWER]|listeners:[], old=null RUNNING
  s2:  RUNNING  FOLLOWER s2@group-A384FF32980E:t0, leader=null, voted=, raftlog=Memoized:s2@group-A384FF32980E-SegmentedRaftLog:OPENED:c-1, conf=-1: peers:[s0|rpc:localhost:37187|admin:localhost:44251|client:localhost:41265|dataStream:localhost:40977|priority:0|startupRole:FOLLOWER, s1|rpc:localhost:44865|admin:localhost:35297|client:localhost:32793|dataStream:localhost:35567|priority:0|startupRole:FOLLOWER, s2|rpc:localhost:35823|admin:localhost:38665|client:localhost:35617|dataStream:localhost:45371|priority:0|startupRole:FOLLOWER]|listeners:[], old=null RUNNING
	at org.apache.ratis.server.impl.MiniRaftCluster.newIllegalStateExceptionForNoLeaders(MiniRaftCluster.java:581)
	at org.apache.ratis.RaftTestUtil.lambda$waitForLeader$1(RaftTestUtil.java:104)
	at org.apache.ratis.server.impl.MiniRaftCluster.getLeader(MiniRaftCluster.java:615)
	at org.apache.ratis.server.impl.MiniRaftCluster.getLeader(MiniRaftCluster.java:608)
	at org.apache.ratis.RaftTestUtil.lambda$waitForLeader$3(RaftTestUtil.java:112)
	at org.apache.ratis.util.JavaUtils.attempt(JavaUtils.java:211)
	at org.apache.ratis.util.JavaUtils.attemptRepeatedly(JavaUtils.java:197)
	at org.apache.ratis.RaftTestUtil.waitForLeader(RaftTestUtil.java:111)
	at org.apache.ratis.RaftTestUtil.waitForLeader(RaftTestUtil.java:92)
	at org.apache.ratis.RaftTestUtil.waitForLeader(RaftTestUtil.java:87)
	at org.apache.ratis.server.impl.RaftReconfigurationBaseTest.runTestReconfTwice(RaftReconfigurationBaseTest.java:267)
	at org.apache.ratis.server.impl.MiniRaftCluster$Factory$Get.runWithNewCluster(MiniRaftCluster.java:141)
	at org.apache.ratis.server.impl.MiniRaftCluster$Factory$Get.runWithNewCluster(MiniRaftCluster.java:121)
	at org.apache.ratis.server.impl.RaftReconfigurationBaseTest.testReconfTwice(RaftReconfigurationBaseTest.java:263)
	at java.base/jdk.internal.reflect.NativeMethodAccessorImpl.invoke0(Native Method)
	at java.base/jdk.internal.reflect.NativeMethodAccessorImpl.invoke(NativeMethodAccessorImpl.java:62)
	at java.base/jdk.internal.reflect.DelegatingMethodAccessorImpl.invoke(DelegatingMethodAccessorImpl.java:43)
	at java.base/java.lang.reflect.Method.invoke(Method.java:566)
	at org.junit.runners.model.FrameworkMethod$1.runReflectiveCall(FrameworkMethod.java:59)
	at org.junit.internal.runners.model.ReflectiveCallable.run(ReflectiveCallable.java:12)
	at org.junit.runners.model.FrameworkMethod.invokeExplosively(FrameworkMethod.java:56)
	at org.junit.internal.runners.statements.InvokeMethod.evaluate(InvokeMethod.java:17)
	at org.junit.internal.runners.statements.FailOnTimeout$CallableStatement.call(FailOnTimeout.java:299)
	at org.junit.internal.runners.statements.FailOnTimeout$CallableStatement.call(FailOnTimeout.java:293)
	at java.base/java.util.concurrent.FutureTask.run(FutureTask.java:264)
	at java.base/java.lang.Thread.run(Thread.java:829)
2023-03-14 08:39:09,785 [s1@group-A384FF32980E-FollowerState] INFO  impl.FollowerState (FollowerState.java:run(143)) - s1@group-A384FF32980E-FollowerState: change to CANDIDATE, lastRpcElapsedTime:168064901ns, electionTimeout:167ms
2023-03-14 08:39:09,785 [s1@group-A384FF32980E-FollowerState] INFO  impl.RoleInfo (RoleInfo.java:shutdownFollowerState(110)) - s1: shutdown s1@group-A384FF32980E-FollowerState
2023-03-14 08:39:09,786 [s1@group-A384FF32980E-FollowerState] INFO  server.RaftServer$Division (RaftServerImpl.java:setRole(329)) - s1@group-A384FF32980E: changes role from  FOLLOWER to CANDIDATE at term 0 for changeToCandidate
2023-03-14 08:39:09,786 [s1@group-A384FF32980E-FollowerState] INFO  server.RaftServerConfigKeys (ConfUtils.java:logGet(46)) - raft.server.leaderelection.pre-vote = true (default)
2023-03-14 08:39:09,786 [s1@group-A384FF32980E-FollowerState] INFO  impl.RoleInfo (RoleInfo.java:updateAndGet(139)) - s1: start s1@group-A384FF32980E-LeaderElection45
2023-03-14 08:39:09,786 [s1@group-A384FF32980E-LeaderElection45] INFO  impl.LeaderElection (LeaderElection.java:askForVotes(320)) - s1@group-A384FF32980E-LeaderElection45 PRE_VOTE round 0: submit vote requests at term 0 for -1: peers:[s0|rpc:localhost:37187|admin:localhost:44251|client:localhost:41265|dataStream:localhost:40977|priority:0|startupRole:FOLLOWER, s1|rpc:localhost:44865|admin:localhost:35297|client:localhost:32793|dataStream:localhost:35567|priority:0|startupRole:FOLLOWER, s2|rpc:localhost:35823|admin:localhost:38665|client:localhost:35617|dataStream:localhost:45371|priority:0|startupRole:FOLLOWER]|listeners:[], old=null
2023-03-14 08:39:09,786 [s1@group-A384FF32980E-LeaderElection45-1] INFO  server.GrpcServerProtocolClient (GrpcServerProtocolClient.java:<init>(64)) - Build channel for s0
2023-03-14 08:39:09,788 [s1@group-A384FF32980E-LeaderElection45] INFO  server.RaftServerConfigKeys (ConfUtils.java:logFallback(53)) - raft.server.rpc.first-election.timeout.min = 150ms (fallback to raft.server.rpc.timeout.min)
2023-03-14 08:39:09,788 [s1@group-A384FF32980E-LeaderElection45] INFO  server.RaftServerConfigKeys (ConfUtils.java:logFallback(53)) - raft.server.rpc.first-election.timeout.max = 300ms (fallback to raft.server.rpc.timeout.max)
2023-03-14 08:39:09,788 [s1@group-A384FF32980E-LeaderElection45-2] INFO  server.GrpcServerProtocolClient (GrpcServerProtocolClient.java:<init>(64)) - Build channel for s2
2023-03-14 08:39:09,789 [grpc-default-executor-0] INFO  server.RaftServer$Division (RaftServerImpl.java:requestVote(1303)) - s0@group-A384FF32980E: receive requestVote(PRE_VOTE, s1, group-A384FF32980E, 0, (t:0, i:0))
2023-03-14 08:39:09,789 [grpc-default-executor-0] INFO  impl.VoteContext (VoteContext.java:log(49)) - s0@group-A384FF32980E-FOLLOWER: accept PRE_VOTE from s1: our priority 0 <= candidate's priority 0
2023-03-14 08:39:09,789 [grpc-default-executor-0] INFO  server.RaftServer$Division (RaftServerImpl.java:requestVote(1336)) - s0@group-A384FF32980E replies to PRE_VOTE vote request: s1<-s0#0:OK-t0. Peer's state: s0@group-A384FF32980E:t0, leader=null, voted=, raftlog=Memoized:s0@group-A384FF32980E-SegmentedRaftLog:OPENED:c-1, conf=-1: peers:[s0|rpc:localhost:37187|admin:localhost:44251|client:localhost:41265|dataStream:localhost:40977|priority:0|startupRole:FOLLOWER, s1|rpc:localhost:44865|admin:localhost:35297|client:localhost:32793|dataStream:localhost:35567|priority:0|startupRole:FOLLOWER, s2|rpc:localhost:35823|admin:localhost:38665|client:localhost:35617|dataStream:localhost:45371|priority:0|startupRole:FOLLOWER]|listeners:[], old=null
2023-03-14 08:39:09,791 [s1@group-A384FF32980E-LeaderElection45] INFO  impl.LeaderElection (LeaderElection.java:logAndReturn(89)) - s1@group-A384FF32980E-LeaderElection45: PRE_VOTE PASSED received 1 response(s) and 0 exception(s):
2023-03-14 08:39:09,791 [s1@group-A384FF32980E-LeaderElection45] INFO  impl.LeaderElection (LeaderElection.java:logAndReturn(93)) -   Response 0: s1<-s0#0:OK-t0
2023-03-14 08:39:09,791 [s1@group-A384FF32980E-LeaderElection45] INFO  impl.LeaderElection (LeaderElection.java:askForVotes(322)) - s1@group-A384FF32980E-LeaderElection45 PRE_VOTE round 0: result PASSED
2023-03-14 08:39:09,792 [grpc-default-executor-0] INFO  server.RaftServer$Division (RaftServerImpl.java:requestVote(1303)) - s2@group-A384FF32980E: receive requestVote(PRE_VOTE, s1, group-A384FF32980E, 0, (t:0, i:0))
2023-03-14 08:39:09,792 [grpc-default-executor-0] INFO  impl.VoteContext (VoteContext.java:log(49)) - s2@group-A384FF32980E-FOLLOWER: accept PRE_VOTE from s1: our priority 0 <= candidate's priority 0
2023-03-14 08:39:09,792 [grpc-default-executor-0] INFO  server.RaftServer$Division (RaftServerImpl.java:requestVote(1336)) - s2@group-A384FF32980E replies to PRE_VOTE vote request: s1<-s2#0:OK-t0. Peer's state: s2@group-A384FF32980E:t0, leader=null, voted=, raftlog=Memoized:s2@group-A384FF32980E-SegmentedRaftLog:OPENED:c-1, conf=-1: peers:[s0|rpc:localhost:37187|admin:localhost:44251|client:localhost:41265|dataStream:localhost:40977|priority:0|startupRole:FOLLOWER, s1|rpc:localhost:44865|admin:localhost:35297|client:localhost:32793|dataStream:localhost:35567|priority:0|startupRole:FOLLOWER, s2|rpc:localhost:35823|admin:localhost:38665|client:localhost:35617|dataStream:localhost:45371|priority:0|startupRole:FOLLOWER]|listeners:[], old=null
2023-03-14 08:39:09,794 [s1@group-A384FF32980E-LeaderElection45] INFO  impl.LeaderElection (LeaderElection.java:askForVotes(320)) - s1@group-A384FF32980E-LeaderElection45 ELECTION round 0: submit vote requests at term 1 for -1: peers:[s0|rpc:localhost:37187|admin:localhost:44251|client:localhost:41265|dataStream:localhost:40977|priority:0|startupRole:FOLLOWER, s1|rpc:localhost:44865|admin:localhost:35297|client:localhost:32793|dataStream:localhost:35567|priority:0|startupRole:FOLLOWER, s2|rpc:localhost:35823|admin:localhost:38665|client:localhost:35617|dataStream:localhost:45371|priority:0|startupRole:FOLLOWER]|listeners:[], old=null
2023-03-14 08:39:09,795 [grpc-default-executor-0] INFO  server.RaftServer$Division (RaftServerImpl.java:requestVote(1303)) - s0@group-A384FF32980E: receive requestVote(ELECTION, s1, group-A384FF32980E, 1, (t:0, i:0))
2023-03-14 08:39:09,795 [grpc-default-executor-0] INFO  impl.VoteContext (VoteContext.java:log(49)) - s0@group-A384FF32980E-FOLLOWER: accept ELECTION from s1: our priority 0 <= candidate's priority 0
2023-03-14 08:39:09,795 [grpc-default-executor-0] INFO  server.RaftServer$Division (RaftServerImpl.java:setRole(329)) - s0@group-A384FF32980E: changes role from  FOLLOWER to FOLLOWER at term 1 for candidate:s1
2023-03-14 08:39:09,795 [grpc-default-executor-0] INFO  impl.RoleInfo (RoleInfo.java:shutdownFollowerState(110)) - s0: shutdown s0@group-A384FF32980E-FollowerState
2023-03-14 08:39:09,795 [grpc-default-executor-0] INFO  impl.RoleInfo (RoleInfo.java:updateAndGet(139)) - s0: start s0@group-A384FF32980E-FollowerState
2023-03-14 08:39:09,795 [s0@group-A384FF32980E-FollowerState] INFO  impl.FollowerState (FollowerState.java:run(152)) - s0@group-A384FF32980E-FollowerState was interrupted
2023-03-14 08:39:09,795 [s1@group-A384FF32980E-LeaderElection45] INFO  server.RaftServerConfigKeys (ConfUtils.java:logFallback(53)) - raft.server.rpc.first-election.timeout.min = 150ms (fallback to raft.server.rpc.timeout.min)
2023-03-14 08:39:09,795 [s1@group-A384FF32980E-LeaderElection45] INFO  server.RaftServerConfigKeys (ConfUtils.java:logFallback(53)) - raft.server.rpc.first-election.timeout.max = 300ms (fallback to raft.server.rpc.timeout.max)
2023-03-14 08:39:09,796 [grpc-default-executor-1] INFO  server.RaftServer$Division (RaftServerImpl.java:requestVote(1303)) - s2@group-A384FF32980E: receive requestVote(ELECTION, s1, group-A384FF32980E, 1, (t:0, i:0))
2023-03-14 08:39:09,796 [grpc-default-executor-1] INFO  impl.VoteContext (VoteContext.java:log(49)) - s2@group-A384FF32980E-FOLLOWER: accept ELECTION from s1: our priority 0 <= candidate's priority 0
2023-03-14 08:39:09,796 [grpc-default-executor-1] INFO  server.RaftServer$Division (RaftServerImpl.java:setRole(329)) - s2@group-A384FF32980E: changes role from  FOLLOWER to FOLLOWER at term 1 for candidate:s1
2023-03-14 08:39:09,796 [grpc-default-executor-1] INFO  impl.RoleInfo (RoleInfo.java:shutdownFollowerState(110)) - s2: shutdown s2@group-A384FF32980E-FollowerState
2023-03-14 08:39:09,796 [grpc-default-executor-1] INFO  impl.RoleInfo (RoleInfo.java:updateAndGet(139)) - s2: start s2@group-A384FF32980E-FollowerState
2023-03-14 08:39:09,796 [s2@group-A384FF32980E-FollowerState] INFO  impl.FollowerState (FollowerState.java:run(152)) - s2@group-A384FF32980E-FollowerState was interrupted
2023-03-14 08:39:09,796 [s0@group-A384FF32980E-FollowerState] INFO  server.RaftServerConfigKeys (ConfUtils.java:logFallback(53)) - raft.server.rpc.first-election.timeout.min = 150ms (fallback to raft.server.rpc.timeout.min)
2023-03-14 08:39:09,797 [s0@group-A384FF32980E-FollowerState] INFO  server.RaftServerConfigKeys (ConfUtils.java:logFallback(53)) - raft.server.rpc.first-election.timeout.max = 300ms (fallback to raft.server.rpc.timeout.max)
2023-03-14 08:39:09,797 [s2@group-A384FF32980E-FollowerState] INFO  server.RaftServerConfigKeys (ConfUtils.java:logFallback(53)) - raft.server.rpc.first-election.timeout.min = 150ms (fallback to raft.server.rpc.timeout.min)
2023-03-14 08:39:09,797 [s2@group-A384FF32980E-FollowerState] INFO  server.RaftServerConfigKeys (ConfUtils.java:logFallback(53)) - raft.server.rpc.first-election.timeout.max = 300ms (fallback to raft.server.rpc.timeout.max)
2023-03-14 08:39:09,798 [grpc-default-executor-0] INFO  server.RaftServer$Division (RaftServerImpl.java:requestVote(1336)) - s0@group-A384FF32980E replies to ELECTION vote request: s1<-s0#0:OK-t1. Peer's state: s0@group-A384FF32980E:t1, leader=null, voted=s1, raftlog=Memoized:s0@group-A384FF32980E-SegmentedRaftLog:OPENED:c-1, conf=-1: peers:[s0|rpc:localhost:37187|admin:localhost:44251|client:localhost:41265|dataStream:localhost:40977|priority:0|startupRole:FOLLOWER, s1|rpc:localhost:44865|admin:localhost:35297|client:localhost:32793|dataStream:localhost:35567|priority:0|startupRole:FOLLOWER, s2|rpc:localhost:35823|admin:localhost:38665|client:localhost:35617|dataStream:localhost:45371|priority:0|startupRole:FOLLOWER]|listeners:[], old=null
2023-03-14 08:39:09,798 [grpc-default-executor-1] INFO  server.RaftServer$Division (RaftServerImpl.java:requestVote(1336)) - s2@group-A384FF32980E replies to ELECTION vote request: s1<-s2#0:OK-t1. Peer's state: s2@group-A384FF32980E:t1, leader=null, voted=s1, raftlog=Memoized:s2@group-A384FF32980E-SegmentedRaftLog:OPENED:c-1, conf=-1: peers:[s0|rpc:localhost:37187|admin:localhost:44251|client:localhost:41265|dataStream:localhost:40977|priority:0|startupRole:FOLLOWER, s1|rpc:localhost:44865|admin:localhost:35297|client:localhost:32793|dataStream:localhost:35567|priority:0|startupRole:FOLLOWER, s2|rpc:localhost:35823|admin:localhost:38665|client:localhost:35617|dataStream:localhost:45371|priority:0|startupRole:FOLLOWER]|listeners:[], old=null
2023-03-14 08:39:09,798 [s1@group-A384FF32980E-LeaderElection45] INFO  impl.LeaderElection (LeaderElection.java:logAndReturn(89)) - s1@group-A384FF32980E-LeaderElection45: ELECTION PASSED received 1 response(s) and 0 exception(s):
2023-03-14 08:39:09,799 [s1@group-A384FF32980E-LeaderElection45] INFO  impl.LeaderElection (LeaderElection.java:logAndReturn(93)) -   Response 0: s1<-s0#0:OK-t1
2023-03-14 08:39:09,799 [s1@group-A384FF32980E-LeaderElection45] INFO  impl.LeaderElection (LeaderElection.java:askForVotes(322)) - s1@group-A384FF32980E-LeaderElection45 ELECTION round 0: result PASSED
2023-03-14 08:39:09,799 [s1@group-A384FF32980E-LeaderElection45] INFO  impl.RoleInfo (RoleInfo.java:shutdownLeaderElection(130)) - s1: shutdown s1@group-A384FF32980E-LeaderElection45
2023-03-14 08:39:09,799 [s1@group-A384FF32980E-LeaderElection45] INFO  server.RaftServer$Division (RaftServerImpl.java:setRole(329)) - s1@group-A384FF32980E: changes role from CANDIDATE to LEADER at term 1 for changeToLeader
2023-03-14 08:39:09,799 [s1@group-A384FF32980E-LeaderElection45] INFO  server.RaftServer$Division (ServerState.java:setLeader(260)) - s1@group-A384FF32980E: change Leader from null to s1 at term 1 for becomeLeader, leader elected after 201ms
2023-03-14 08:39:09,799 [s1@group-A384FF32980E-LeaderElection45] INFO  server.RaftServerConfigKeys (ConfUtils.java:logGet(46)) - raft.server.staging.catchup.gap = 10 (custom)
2023-03-14 08:39:09,799 [s1@group-A384FF32980E-LeaderElection45] INFO  server.RaftServerConfigKeys (ConfUtils.java:logGet(46)) - raft.server.write.element-limit = 4096 (default)
2023-03-14 08:39:09,799 [s1@group-A384FF32980E-LeaderElection45] INFO  server.RaftServerConfigKeys (ConfUtils.java:logGet(46)) - raft.server.write.byte-limit = 64MB (=67108864) (default)
2023-03-14 08:39:09,799 [s1@group-A384FF32980E-LeaderElection45] INFO  server.RaftServerConfigKeys (ConfUtils.java:logGet(46)) - raft.server.watch.timeout = 10s (default)
2023-03-14 08:39:09,799 [s1@group-A384FF32980E-LeaderElection45] INFO  server.RaftServerConfigKeys (ConfUtils.java:logGet(46)) - raft.server.watch.timeout.denomination = 1s (default)
2023-03-14 08:39:09,799 [s1@group-A384FF32980E-LeaderElection45] INFO  server.RaftServerConfigKeys (ConfUtils.java:logGet(46)) - raft.server.watch.element-limit = 65536 (default)
2023-03-14 08:39:09,799 [s1@group-A384FF32980E-LeaderElection45] INFO  server.RaftServerConfigKeys (ConfUtils.java:logGet(46)) - raft.server.write.element-limit = 4096 (default)
2023-03-14 08:39:09,799 [s1@group-A384FF32980E-LeaderElection45] INFO  server.RaftServerConfigKeys (ConfUtils.java:logGet(46)) - raft.server.write.follower.gap.ratio.max = -1.0 (default)
2023-03-14 08:39:09,799 [s1@group-A384FF32980E-LeaderElection45] INFO  server.RaftServerConfigKeys (ConfUtils.java:logGet(46)) - raft.server.log.appender.snapshot.chunk.size.max = 16MB (=16777216) (default)
2023-03-14 08:39:09,799 [s1@group-A384FF32980E-LeaderElection45] INFO  server.RaftServerConfigKeys (ConfUtils.java:logGet(46)) - raft.server.log.appender.buffer.byte-limit = 4MB (=4194304) (default)
2023-03-14 08:39:09,799 [s1@group-A384FF32980E-LeaderElection45] INFO  server.RaftServerConfigKeys (ConfUtils.java:logGet(46)) - raft.server.log.appender.buffer.element-limit = 0 (default)
2023-03-14 08:39:09,799 [s1@group-A384FF32980E-LeaderElection45] INFO  server.RaftServerConfigKeys (ConfUtils.java:logGet(46)) - raft.server.log.appender.wait-time.min = 10ms (default)
2023-03-14 08:39:09,799 [s1@group-A384FF32980E-LeaderElection45] INFO  grpc.GrpcConfigKeys (ConfUtils.java:logGet(46)) - raft.grpc.server.leader.outstanding.appends.max = 128 (default)
2023-03-14 08:39:09,799 [s1@group-A384FF32980E-LeaderElection45] INFO  server.RaftServerConfigKeys (ConfUtils.java:logGet(46)) - raft.server.rpc.request.timeout = 3000ms (default)
2023-03-14 08:39:09,799 [s1@group-A384FF32980E-LeaderElection45] INFO  server.RaftServerConfigKeys (ConfUtils.java:logGet(46)) - raft.server.log.appender.install.snapshot.enabled = true (default)
2023-03-14 08:39:09,799 [s1@group-A384FF32980E-LeaderElection45] INFO  grpc.GrpcConfigKeys (ConfUtils.java:logGet(46)) - raft.grpc.server.heartbeat.channel = true (default)
2023-03-14 08:39:09,800 [s1@group-A384FF32980E-LeaderElection45] INFO  server.RaftServerConfigKeys (ConfUtils.java:logGet(46)) - raft.server.log.appender.snapshot.chunk.size.max = 16MB (=16777216) (default)
2023-03-14 08:39:09,800 [s1@group-A384FF32980E-LeaderElection45] INFO  server.RaftServerConfigKeys (ConfUtils.java:logGet(46)) - raft.server.log.appender.buffer.byte-limit = 4MB (=4194304) (default)
2023-03-14 08:39:09,800 [s1@group-A384FF32980E-LeaderElection45] INFO  server.RaftServerConfigKeys (ConfUtils.java:logGet(46)) - raft.server.log.appender.buffer.element-limit = 0 (default)
2023-03-14 08:39:09,800 [s1@group-A384FF32980E-LeaderElection45] INFO  server.RaftServerConfigKeys (ConfUtils.java:logGet(46)) - raft.server.log.appender.wait-time.min = 10ms (default)
2023-03-14 08:39:09,800 [s1@group-A384FF32980E-LeaderElection45] INFO  grpc.GrpcConfigKeys (ConfUtils.java:logGet(46)) - raft.grpc.server.leader.outstanding.appends.max = 128 (default)
2023-03-14 08:39:09,800 [s1@group-A384FF32980E-LeaderElection45] INFO  server.RaftServerConfigKeys (ConfUtils.java:logGet(46)) - raft.server.rpc.request.timeout = 3000ms (default)
2023-03-14 08:39:09,800 [s1@group-A384FF32980E-LeaderElection45] INFO  server.RaftServerConfigKeys (ConfUtils.java:logGet(46)) - raft.server.log.appender.install.snapshot.enabled = true (default)
2023-03-14 08:39:09,800 [s1@group-A384FF32980E-LeaderElection45] INFO  grpc.GrpcConfigKeys (ConfUtils.java:logGet(46)) - raft.grpc.server.heartbeat.channel = true (default)
2023-03-14 08:39:09,800 [s1@group-A384FF32980E-LeaderElection45] INFO  impl.RoleInfo (RoleInfo.java:updateAndGet(139)) - s1: start s1@group-A384FF32980E-LeaderStateImpl
2023-03-14 08:39:09,800 [s1@group-A384FF32980E-LeaderElection45] INFO  segmented.SegmentedRaftLogWorker (SegmentedRaftLogWorker.java:startLogSegment(426)) - s1@group-A384FF32980E-SegmentedRaftLogWorker: Starting segment from index:0
2023-03-14 08:39:09,808 [s1@group-A384FF32980E-SegmentedRaftLogWorker] INFO  segmented.SegmentedRaftLogWorker (SegmentedRaftLogWorker.java:execute(630)) - s1@group-A384FF32980E-SegmentedRaftLogWorker: created new log segment /home/runner/work/ratis/ratis/ratis-test/target/test/data/be523d36/MiniRaftClusterWithGrpceb75dc03/s1/25ee9685-2434-4498-b7a4-a384ff32980e/current/log_inprogress_0
2023-03-14 08:39:09,812 [s1@group-A384FF32980E-LeaderElection45] INFO  server.RaftServer$Division (ServerState.java:setRaftConf(378)) - s1@group-A384FF32980E: set configuration 0: peers:[s0|rpc:localhost:37187|admin:localhost:44251|client:localhost:41265|dataStream:localhost:40977|priority:0|startupRole:FOLLOWER, s1|rpc:localhost:44865|admin:localhost:35297|client:localhost:32793|dataStream:localhost:35567|priority:0|startupRole:FOLLOWER, s2|rpc:localhost:35823|admin:localhost:38665|client:localhost:35617|dataStream:localhost:45371|priority:0|startupRole:FOLLOWER]|listeners:[], old=null
2023-03-14 08:39:09,814 [s0-server-thread1] INFO  server.RaftServer$Division (ServerState.java:setLeader(260)) - s0@group-A384FF32980E: change Leader from null to s1 at term 1 for appendEntries, leader elected after 227ms
2023-03-14 08:39:09,816 [s0-server-thread2] DEBUG server.RaftServer$Division (RaftServerImpl.java:logAppendEntries(1430)) - s0@group-A384FF32980E: receive appendEntries(s1, 1, null, -1, true, commits:[s1:c-1, s0:c-1, s2:c-1], cId:1, entries: [(t:1, i:0), CONFIGURATIONENTRY(current:id: "s0"
address: "localhost:37187"
dataStreamAddress: "localhost:40977"
clientAddress: "localhost:41265"
adminAddress: "localhost:44251"
startupRole: FOLLOWER
,id: "s1"
address: "localhost:44865"
dataStreamAddress: "localhost:35567"
clientAddress: "localhost:32793"
adminAddress: "localhost:35297"
startupRole: FOLLOWER
,id: "s2"
address: "localhost:35823"
dataStreamAddress: "localhost:45371"
clientAddress: "localhost:35617"
adminAddress: "localhost:38665"
startupRole: FOLLOWER
, old:)]
2023-03-14 08:39:09,816 [s0-server-thread2] INFO  server.RaftServer$Division (ServerState.java:setRaftConf(378)) - s0@group-A384FF32980E: set configuration 0: peers:[s0|rpc:localhost:37187|admin:localhost:44251|client:localhost:41265|dataStream:localhost:40977|priority:0|startupRole:FOLLOWER, s1|rpc:localhost:44865|admin:localhost:35297|client:localhost:32793|dataStream:localhost:35567|priority:0|startupRole:FOLLOWER, s2|rpc:localhost:35823|admin:localhost:38665|client:localhost:35617|dataStream:localhost:45371|priority:0|startupRole:FOLLOWER]|listeners:[], old=null
2023-03-14 08:39:09,816 [s0-server-thread2] INFO  segmented.SegmentedRaftLogWorker (SegmentedRaftLogWorker.java:startLogSegment(426)) - s0@group-A384FF32980E-SegmentedRaftLogWorker: Starting segment from index:0
2023-03-14 08:39:09,820 [s2-server-thread1] INFO  server.RaftServer$Division (ServerState.java:setLeader(260)) - s2@group-A384FF32980E: change Leader from null to s1 at term 1 for appendEntries, leader elected after 219ms
2023-03-14 08:39:09,825 [s0@group-A384FF32980E-SegmentedRaftLogWorker] INFO  segmented.SegmentedRaftLogWorker (SegmentedRaftLogWorker.java:execute(630)) - s0@group-A384FF32980E-SegmentedRaftLogWorker: created new log segment /home/runner/work/ratis/ratis/ratis-test/target/test/data/be523d36/MiniRaftClusterWithGrpceb75dc03/s0/25ee9685-2434-4498-b7a4-a384ff32980e/current/log_inprogress_0
2023-03-14 08:39:09,828 [s0-server-thread2] DEBUG server.RaftServer$Division (RaftServerImpl.java:logAppendEntries(1430)) - s0@group-A384FF32980E: succeeded to handle AppendEntries. Reply: s1<-s0#1:OK-t1,SUCCESS,nextIndex=1,followerCommit=-1,matchIndex=0
2023-03-14 08:39:09,834 [s2-server-thread2] DEBUG server.RaftServer$Division (RaftServerImpl.java:logAppendEntries(1430)) - s2@group-A384FF32980E: receive appendEntries(s1, 1, null, -1, true, commits:[s1:c-1, s0:c-1, s2:c-1], cId:1, entries: [(t:1, i:0), CONFIGURATIONENTRY(current:id: "s0"
address: "localhost:37187"
dataStreamAddress: "localhost:40977"
clientAddress: "localhost:41265"
adminAddress: "localhost:44251"
startupRole: FOLLOWER
,id: "s1"
address: "localhost:44865"
dataStreamAddress: "localhost:35567"
clientAddress: "localhost:32793"
adminAddress: "localhost:35297"
startupRole: FOLLOWER
,id: "s2"
address: "localhost:35823"
dataStreamAddress: "localhost:45371"
clientAddress: "localhost:35617"
adminAddress: "localhost:38665"
startupRole: FOLLOWER
, old:)]
2023-03-14 08:39:09,834 [s2-server-thread2] INFO  server.RaftServer$Division (ServerState.java:setRaftConf(378)) - s2@group-A384FF32980E: set configuration 0: peers:[s0|rpc:localhost:37187|admin:localhost:44251|client:localhost:41265|dataStream:localhost:40977|priority:0|startupRole:FOLLOWER, s1|rpc:localhost:44865|admin:localhost:35297|client:localhost:32793|dataStream:localhost:35567|priority:0|startupRole:FOLLOWER, s2|rpc:localhost:35823|admin:localhost:38665|client:localhost:35617|dataStream:localhost:45371|priority:0|startupRole:FOLLOWER]|listeners:[], old=null
2023-03-14 08:39:09,834 [s2-server-thread2] INFO  segmented.SegmentedRaftLogWorker (SegmentedRaftLogWorker.java:startLogSegment(426)) - s2@group-A384FF32980E-SegmentedRaftLogWorker: Starting segment from index:0
2023-03-14 08:39:09,844 [s2@group-A384FF32980E-SegmentedRaftLogWorker] INFO  segmented.SegmentedRaftLogWorker (SegmentedRaftLogWorker.java:execute(630)) - s2@group-A384FF32980E-SegmentedRaftLogWorker: created new log segment /home/runner/work/ratis/ratis/ratis-test/target/test/data/be523d36/MiniRaftClusterWithGrpceb75dc03/s2/25ee9685-2434-4498-b7a4-a384ff32980e/current/log_inprogress_0
2023-03-14 08:39:09,844 [s2-server-thread2] DEBUG server.RaftServer$Division (RaftServerImpl.java:logAppendEntries(1430)) - s2@group-A384FF32980E: succeeded to handle AppendEntries. Reply: s1<-s2#1:OK-t1,SUCCESS,nextIndex=1,followerCommit=-1,matchIndex=0
2023-03-14 08:39:10,091 [Time-limited test] INFO  ratis.RaftTestUtil (RaftTestUtil.java:waitForLeader(119)) - printing ALL groups
  s0:  RUNNING  FOLLOWER s0@group-A384FF32980E:t1, leader=s1, voted=s1, raftlog=Memoized:s0@group-A384FF32980E-SegmentedRaftLog:OPENED:c0, conf=0: peers:[s0|rpc:localhost:37187|admin:localhost:44251|client:localhost:41265|dataStream:localhost:40977|priority:0|startupRole:FOLLOWER, s1|rpc:localhost:44865|admin:localhost:35297|client:localhost:32793|dataStream:localhost:35567|priority:0|startupRole:FOLLOWER, s2|rpc:localhost:35823|admin:localhost:38665|client:localhost:35617|dataStream:localhost:45371|priority:0|startupRole:FOLLOWER]|listeners:[], old=null RUNNING
  s1:  RUNNING    LEADER s1@group-A384FF32980E:t1, leader=s1, voted=s1, raftlog=Memoized:s1@group-A384FF32980E-SegmentedRaftLog:OPENED:c0, conf=0: peers:[s0|rpc:localhost:37187|admin:localhost:44251|client:localhost:41265|dataStream:localhost:40977|priority:0|startupRole:FOLLOWER, s1|rpc:localhost:44865|admin:localhost:35297|client:localhost:32793|dataStream:localhost:35567|priority:0|startupRole:FOLLOWER, s2|rpc:localhost:35823|admin:localhost:38665|client:localhost:35617|dataStream:localhost:45371|priority:0|startupRole:FOLLOWER]|listeners:[], old=null RUNNING
  s2:  RUNNING  FOLLOWER s2@group-A384FF32980E:t1, leader=s1, voted=s1, raftlog=Memoized:s2@group-A384FF32980E-SegmentedRaftLog:OPENED:c0, conf=0: peers:[s0|rpc:localhost:37187|admin:localhost:44251|client:localhost:41265|dataStream:localhost:40977|priority:0|startupRole:FOLLOWER, s1|rpc:localhost:44865|admin:localhost:35297|client:localhost:32793|dataStream:localhost:35567|priority:0|startupRole:FOLLOWER, s2|rpc:localhost:35823|admin:localhost:38665|client:localhost:35617|dataStream:localhost:45371|priority:0|startupRole:FOLLOWER]|listeners:[], old=null RUNNING
2023-03-14 08:39:10,104 [s1-client-thread1] DEBUG server.RaftServer$Division (RaftServerImpl.java:submitClientRequestAsync(835)) - s1@group-A384FF32980E: receive client request(RaftClientRequest:client-608357F93E69->s1@group-A384FF32980E, cid=55, seq=0, RW, Message:6d30)
2023-03-14 08:39:10,104 [s1-client-thread1] DEBUG server.RaftServer$Division (LeaderStateImpl.java:addPendingRequest(474)) - s1@group-A384FF32980E-LeaderStateImpl: addPendingRequest at RaftClientRequest:client-608357F93E69->s1@group-A384FF32980E, cid=55, seq=0, RW, Message:6d30, entry=(t:1, i:1), STATEMACHINELOGENTRY, 55@client-608357F93E69
2023-03-14 08:39:10,105 [s2-server-thread1] DEBUG server.RaftServer$Division (RaftServerImpl.java:logAppendEntries(1430)) - s2@group-A384FF32980E: receive appendEntries(s1, 1, (t:1, i:0), 0, true, commits:[s1:c0, s0:c0, s2:c0], cId:41462, entries: [(t:1, i:1), STATEMACHINELOGENTRY, 55@client-608357F93E69]
2023-03-14 08:39:10,105 [s2-server-thread1] DEBUG server.RaftServer$Division (RaftServerImpl.java:logAppendEntries(1430)) - s2@group-A384FF32980E: succeeded to handle AppendEntries. Reply: s1<-s2#41462:OK-t1,SUCCESS,nextIndex=2,followerCommit=0,matchIndex=1
2023-03-14 08:39:10,105 [s0-server-thread1] DEBUG server.RaftServer$Division (RaftServerImpl.java:logAppendEntries(1430)) - s0@group-A384FF32980E: receive appendEntries(s1, 1, (t:1, i:0), 0, true, commits:[s1:c0, s0:c0, s2:c0], cId:34998, entries: [(t:1, i:1), STATEMACHINELOGENTRY, 55@client-608357F93E69]
2023-03-14 08:39:10,106 [s0-server-thread1] DEBUG server.RaftServer$Division (RaftServerImpl.java:logAppendEntries(1430)) - s0@group-A384FF32980E: succeeded to handle AppendEntries. Reply: s1<-s0#34998:OK-t1,SUCCESS,nextIndex=2,followerCommit=0,matchIndex=1
2023-03-14 08:39:10,108 [s1-client-thread1] DEBUG server.RaftServer$Division (RaftServerImpl.java:submitClientRequestAsync(835)) - s1@group-A384FF32980E: receive client request(RaftClientRequest:client-608357F93E69->s1@group-A384FF32980E, cid=56, seq=0, RW, Message:6d31)
2023-03-14 08:39:10,108 [s1-client-thread1] DEBUG server.RaftServer$Division (LeaderStateImpl.java:addPendingRequest(474)) - s1@group-A384FF32980E-LeaderStateImpl: addPendingRequest at RaftClientRequest:client-608357F93E69->s1@group-A384FF32980E, cid=56, seq=0, RW, Message:6d31, entry=(t:1, i:3), STATEMACHINELOGENTRY, 56@client-608357F93E69
2023-03-14 08:39:10,115 [s2-server-thread1] DEBUG server.RaftServer$Division (RaftServerImpl.java:logAppendEntries(1430)) - s2@group-A384FF32980E: receive appendEntries(s1, 1, (t:1, i:1), 1, true, commits:[s1:c1, s0:c0, s2:c0], cId:41463, entries: [(t:1, i:2), METADATAENTRY(c:1)]
2023-03-14 08:39:10,116 [s2-server-thread1] DEBUG server.RaftServer$Division (RaftServerImpl.java:logAppendEntries(1430)) - s2@group-A384FF32980E: succeeded to handle AppendEntries. Reply: s1<-s2#41463:OK-t1,SUCCESS,nextIndex=3,followerCommit=1,matchIndex=2
2023-03-14 08:39:10,117 [s0-server-thread1] DEBUG server.RaftServer$Division (RaftServerImpl.java:logAppendEntries(1430)) - s0@group-A384FF32980E: receive appendEntries(s1, 1, (t:1, i:1), 1, true, commits:[s1:c1, s0:c0, s2:c0], cId:34999, entries: [(t:1, i:2), METADATAENTRY(c:1)]
2023-03-14 08:39:10,117 [s0-server-thread1] DEBUG server.RaftServer$Division (RaftServerImpl.java:logAppendEntries(1430)) - s0@group-A384FF32980E: succeeded to handle AppendEntries. Reply: s1<-s0#34999:OK-t1,SUCCESS,nextIndex=3,followerCommit=1,matchIndex=2
2023-03-14 08:39:10,127 [s2-server-thread1] DEBUG server.RaftServer$Division (RaftServerImpl.java:logAppendEntries(1430)) - s2@group-A384FF32980E: receive appendEntries(s1, 1, (t:1, i:2), 2, true, commits:[s1:c2, s0:c0, s2:c1], cId:41464, entries: [(t:1, i:3), STATEMACHINELOGENTRY, 56@client-608357F93E69]
2023-03-14 08:39:10,127 [s2-server-thread1] DEBUG server.RaftServer$Division (RaftServerImpl.java:logAppendEntries(1430)) - s2@group-A384FF32980E: succeeded to handle AppendEntries. Reply: s1<-s2#41464:OK-t1,SUCCESS,nextIndex=4,followerCommit=2,matchIndex=3
2023-03-14 08:39:10,128 [s0-server-thread1] DEBUG server.RaftServer$Division (RaftServerImpl.java:logAppendEntries(1430)) - s0@group-A384FF32980E: receive appendEntries(s1, 1, (t:1, i:2), 2, true, commits:[s1:c2, s0:c1, s2:c1], cId:35000, entries: [(t:1, i:3), STATEMACHINELOGENTRY, 56@client-608357F93E69]
2023-03-14 08:39:10,128 [s0-server-thread1] DEBUG server.RaftServer$Division (RaftServerImpl.java:logAppendEntries(1430)) - s0@group-A384FF32980E: succeeded to handle AppendEntries. Reply: s1<-s0#35000:OK-t1,SUCCESS,nextIndex=4,followerCommit=2,matchIndex=3
2023-03-14 08:39:10,129 [s1-client-thread1] DEBUG server.RaftServer$Division (RaftServerImpl.java:submitClientRequestAsync(835)) - s1@group-A384FF32980E: receive client request(RaftClientRequest:client-608357F93E69->s1@group-A384FF32980E, cid=57, seq=0, RW, Message:6d32)
2023-03-14 08:39:10,129 [s1-client-thread1] DEBUG server.RaftServer$Division (LeaderStateImpl.java:addPendingRequest(474)) - s1@group-A384FF32980E-LeaderStateImpl: addPendingRequest at RaftClientRequest:client-608357F93E69->s1@group-A384FF32980E, cid=57, seq=0, RW, Message:6d32, entry=(t:1, i:5), STATEMACHINELOGENTRY, 57@client-608357F93E69
2023-03-14 08:39:10,137 [s2-server-thread1] DEBUG server.RaftServer$Division (RaftServerImpl.java:logAppendEntries(1430)) - s2@group-A384FF32980E: receive appendEntries(s1, 1, (t:1, i:3), 3, true, commits:[s1:c3, s0:c1, s2:c2], cId:41465, entries: [(t:1, i:4), METADATAENTRY(c:3)]
2023-03-14 08:39:10,138 [s2-server-thread1] DEBUG server.RaftServer$Division (RaftServerImpl.java:logAppendEntries(1430)) - s2@group-A384FF32980E: succeeded to handle AppendEntries. Reply: s1<-s2#41465:OK-t1,SUCCESS,nextIndex=5,followerCommit=3,matchIndex=4
2023-03-14 08:39:10,138 [s0-server-thread1] DEBUG server.RaftServer$Division (RaftServerImpl.java:logAppendEntries(1430)) - s0@group-A384FF32980E: receive appendEntries(s1, 1, (t:1, i:3), 3, true, commits:[s1:c3, s0:c1, s2:c2], cId:35002, entries: [(t:1, i:4), METADATAENTRY(c:3)]
2023-03-14 08:39:10,138 [s0-server-thread1] DEBUG server.RaftServer$Division (RaftServerImpl.java:logAppendEntries(1430)) - s0@group-A384FF32980E: succeeded to handle AppendEntries. Reply: s1<-s0#35002:OK-t1,SUCCESS,nextIndex=5,followerCommit=3,matchIndex=4
2023-03-14 08:39:10,148 [s2-server-thread1] DEBUG server.RaftServer$Division (RaftServerImpl.java:logAppendEntries(1430)) - s2@group-A384FF32980E: receive appendEntries(s1, 1, (t:1, i:4), 3, true, commits:[s1:c3, s0:c2, s2:c3], cId:41466, entries: [(t:1, i:5), STATEMACHINELOGENTRY, 57@client-608357F93E69]
2023-03-14 08:39:10,149 [s0-server-thread1] DEBUG server.RaftServer$Division (RaftServerImpl.java:logAppendEntries(1430)) - s0@group-A384FF32980E: receive appendEntries(s1, 1, (t:1, i:4), 4, true, commits:[s1:c4, s0:c3, s2:c3], cId:35003, entries: [(t:1, i:5), STATEMACHINELOGENTRY, 57@client-608357F93E69]
2023-03-14 08:39:10,149 [s2-server-thread1] DEBUG server.RaftServer$Division (RaftServerImpl.java:logAppendEntries(1430)) - s2@group-A384FF32980E: succeeded to handle AppendEntries. Reply: s1<-s2#41466:OK-t1,SUCCESS,nextIndex=6,followerCommit=3,matchIndex=5
2023-03-14 08:39:10,149 [s0-server-thread1] DEBUG server.RaftServer$Division (RaftServerImpl.java:logAppendEntries(1430)) - s0@group-A384FF32980E: succeeded to handle AppendEntries. Reply: s1<-s0#35003:OK-t1,SUCCESS,nextIndex=6,followerCommit=4,matchIndex=5
2023-03-14 08:39:10,151 [s1-client-thread1] DEBUG server.RaftServer$Division (RaftServerImpl.java:submitClientRequestAsync(835)) - s1@group-A384FF32980E: receive client request(RaftClientRequest:client-608357F93E69->s1@group-A384FF32980E, cid=58, seq=0, RW, Message:6d33)
2023-03-14 08:39:10,151 [s1-client-thread1] DEBUG server.RaftServer$Division (LeaderStateImpl.java:addPendingRequest(474)) - s1@group-A384FF32980E-LeaderStateImpl: addPendingRequest at RaftClientRequest:client-608357F93E69->s1@group-A384FF32980E, cid=58, seq=0, RW, Message:6d33, entry=(t:1, i:7), STATEMACHINELOGENTRY, 58@client-608357F93E69
2023-03-14 08:39:10,159 [s2-server-thread1] DEBUG server.RaftServer$Division (RaftServerImpl.java:logAppendEntries(1430)) - s2@group-A384FF32980E: receive appendEntries(s1, 1, (t:1, i:5), 5, true, commits:[s1:c5, s0:c4, s2:c3], cId:41468, entries: [(t:1, i:6), METADATAENTRY(c:5)]
2023-03-14 08:39:10,159 [s2-server-thread1] DEBUG server.RaftServer$Division (RaftServerImpl.java:logAppendEntries(1430)) - s2@group-A384FF32980E: succeeded to handle AppendEntries. Reply: s1<-s2#41468:OK-t1,SUCCESS,nextIndex=7,followerCommit=5,matchIndex=6
2023-03-14 08:39:10,160 [s0-server-thread1] DEBUG server.RaftServer$Division (RaftServerImpl.java:logAppendEntries(1430)) - s0@group-A384FF32980E: receive appendEntries(s1, 1, (t:1, i:5), 5, true, commits:[s1:c5, s0:c4, s2:c3], cId:35004, entries: [(t:1, i:6), METADATAENTRY(c:5)]
2023-03-14 08:39:10,160 [s0-server-thread1] DEBUG server.RaftServer$Division (RaftServerImpl.java:logAppendEntries(1430)) - s0@group-A384FF32980E: succeeded to handle AppendEntries. Reply: s1<-s0#35004:OK-t1,SUCCESS,nextIndex=7,followerCommit=5,matchIndex=6
2023-03-14 08:39:10,170 [s2-server-thread1] DEBUG server.RaftServer$Division (RaftServerImpl.java:logAppendEntries(1430)) - s2@group-A384FF32980E: receive appendEntries(s1, 1, (t:1, i:6), 5, true, commits:[s1:c5, s0:c4, s2:c5], cId:41469, entries: [(t:1, i:7), STATEMACHINELOGENTRY, 58@client-608357F93E69]
2023-03-14 08:39:10,170 [s0-server-thread1] DEBUG server.RaftServer$Division (RaftServerImpl.java:logAppendEntries(1430)) - s0@group-A384FF32980E: receive appendEntries(s1, 1, (t:1, i:6), 6, true, commits:[s1:c6, s0:c5, s2:c5], cId:35005, entries: [(t:1, i:7), STATEMACHINELOGENTRY, 58@client-608357F93E69]
2023-03-14 08:39:10,170 [s2-server-thread1] DEBUG server.RaftServer$Division (RaftServerImpl.java:logAppendEntries(1430)) - s2@group-A384FF32980E: succeeded to handle AppendEntries. Reply: s1<-s2#41469:OK-t1,SUCCESS,nextIndex=8,followerCommit=5,matchIndex=7
2023-03-14 08:39:10,171 [s0-server-thread1] DEBUG server.RaftServer$Division (RaftServerImpl.java:logAppendEntries(1430)) - s0@group-A384FF32980E: succeeded to handle AppendEntries. Reply: s1<-s0#35005:OK-t1,SUCCESS,nextIndex=8,followerCommit=6,matchIndex=7
2023-03-14 08:39:10,173 [s1-client-thread1] DEBUG server.RaftServer$Division (RaftServerImpl.java:submitClientRequestAsync(835)) - s1@group-A384FF32980E: receive client request(RaftClientRequest:client-608357F93E69->s1@group-A384FF32980E, cid=59, seq=0, RW, Message:6d34)
2023-03-14 08:39:10,173 [s1-client-thread1] DEBUG server.RaftServer$Division (LeaderStateImpl.java:addPendingRequest(474)) - s1@group-A384FF32980E-LeaderStateImpl: addPendingRequest at RaftClientRequest:client-608357F93E69->s1@group-A384FF32980E, cid=59, seq=0, RW, Message:6d34, entry=(t:1, i:9), STATEMACHINELOGENTRY, 59@client-608357F93E69
2023-03-14 08:39:10,180 [s2-server-thread1] DEBUG server.RaftServer$Division (RaftServerImpl.java:logAppendEntries(1430)) - s2@group-A384FF32980E: receive appendEntries(s1, 1, (t:1, i:7), 7, true, commits:[s1:c7, s0:c5, s2:c5], cId:41470, entries: [(t:1, i:8), METADATAENTRY(c:7)]
2023-03-14 08:39:10,181 [s2-server-thread1] DEBUG server.RaftServer$Division (RaftServerImpl.java:logAppendEntries(1430)) - s2@group-A384FF32980E: succeeded to handle AppendEntries. Reply: s1<-s2#41470:OK-t1,SUCCESS,nextIndex=9,followerCommit=7,matchIndex=8
2023-03-14 08:39:10,181 [s0-server-thread1] DEBUG server.RaftServer$Division (RaftServerImpl.java:logAppendEntries(1430)) - s0@group-A384FF32980E: receive appendEntries(s1, 1, (t:1, i:7), 7, true, commits:[s1:c7, s0:c5, s2:c5], cId:35006, entries: [(t:1, i:8), METADATAENTRY(c:7)]
2023-03-14 08:39:10,182 [s0-server-thread1] DEBUG server.RaftServer$Division (RaftServerImpl.java:logAppendEntries(1430)) - s0@group-A384FF32980E: succeeded to handle AppendEntries. Reply: s1<-s0#35006:OK-t1,SUCCESS,nextIndex=9,followerCommit=7,matchIndex=8
2023-03-14 08:39:10,191 [s2-server-thread1] DEBUG server.RaftServer$Division (RaftServerImpl.java:logAppendEntries(1430)) - s2@group-A384FF32980E: receive appendEntries(s1, 1, (t:1, i:8), 7, true, commits:[s1:c7, s0:c6, s2:c7], cId:41471, entries: [(t:1, i:9), STATEMACHINELOGENTRY, 59@client-608357F93E69]
2023-03-14 08:39:10,192 [s2-server-thread1] DEBUG server.RaftServer$Division (RaftServerImpl.java:logAppendEntries(1430)) - s2@group-A384FF32980E: succeeded to handle AppendEntries. Reply: s1<-s2#41471:OK-t1,SUCCESS,nextIndex=10,followerCommit=7,matchIndex=9
2023-03-14 08:39:10,193 [s0-server-thread1] DEBUG server.RaftServer$Division (RaftServerImpl.java:logAppendEntries(1430)) - s0@group-A384FF32980E: receive appendEntries(s1, 1, (t:1, i:8), 8, true, commits:[s1:c8, s0:c7, s2:c7], cId:35007, entries: [(t:1, i:9), STATEMACHINELOGENTRY, 59@client-608357F93E69]
2023-03-14 08:39:10,193 [s0-server-thread1] DEBUG server.RaftServer$Division (RaftServerImpl.java:logAppendEntries(1430)) - s0@group-A384FF32980E: succeeded to handle AppendEntries. Reply: s1<-s0#35007:OK-t1,SUCCESS,nextIndex=10,followerCommit=8,matchIndex=9
2023-03-14 08:39:10,194 [s1-client-thread1] DEBUG server.RaftServer$Division (RaftServerImpl.java:submitClientRequestAsync(835)) - s1@group-A384FF32980E: receive client request(RaftClientRequest:client-608357F93E69->s1@group-A384FF32980E, cid=60, seq=0, RW, Message:6d35)
2023-03-14 08:39:10,194 [s1-client-thread1] DEBUG server.RaftServer$Division (LeaderStateImpl.java:addPendingRequest(474)) - s1@group-A384FF32980E-LeaderStateImpl: addPendingRequest at RaftClientRequest:client-608357F93E69->s1@group-A384FF32980E, cid=60, seq=0, RW, Message:6d35, entry=(t:1, i:11), STATEMACHINELOGENTRY, 60@client-608357F93E69
2023-03-14 08:39:10,202 [s2-server-thread1] DEBUG server.RaftServer$Division (RaftServerImpl.java:logAppendEntries(1430)) - s2@group-A384FF32980E: receive appendEntries(s1, 1, (t:1, i:9), 9, true, commits:[s1:c9, s0:c7, s2:c7], cId:41472, entries: [(t:1, i:10), METADATAENTRY(c:9)]
2023-03-14 08:39:10,202 [s2-server-thread1] DEBUG server.RaftServer$Division (RaftServerImpl.java:logAppendEntries(1430)) - s2@group-A384FF32980E: succeeded to handle AppendEntries. Reply: s1<-s2#41472:OK-t1,SUCCESS,nextIndex=11,followerCommit=9,matchIndex=10
2023-03-14 08:39:10,203 [s0-server-thread1] DEBUG server.RaftServer$Division (RaftServerImpl.java:logAppendEntries(1430)) - s0@group-A384FF32980E: receive appendEntries(s1, 1, (t:1, i:9), 9, true, commits:[s1:c9, s0:c8, s2:c7], cId:35008, entries: [(t:1, i:10), METADATAENTRY(c:9)]
2023-03-14 08:39:10,203 [s0-server-thread1] DEBUG server.RaftServer$Division (RaftServerImpl.java:logAppendEntries(1430)) - s0@group-A384FF32980E: succeeded to handle AppendEntries. Reply: s1<-s0#35008:OK-t1,SUCCESS,nextIndex=11,followerCommit=9,matchIndex=10
2023-03-14 08:39:10,212 [s2-server-thread1] DEBUG server.RaftServer$Division (RaftServerImpl.java:logAppendEntries(1430)) - s2@group-A384FF32980E: receive appendEntries(s1, 1, (t:1, i:10), 10, true, commits:[s1:c10, s0:c8, s2:c9], cId:41473, entries: [(t:1, i:11), STATEMACHINELOGENTRY, 60@client-608357F93E69]
2023-03-14 08:39:10,213 [s2-server-thread1] DEBUG server.RaftServer$Division (RaftServerImpl.java:logAppendEntries(1430)) - s2@group-A384FF32980E: succeeded to handle AppendEntries. Reply: s1<-s2#41473:OK-t1,SUCCESS,nextIndex=12,followerCommit=10,matchIndex=11
2023-03-14 08:39:10,214 [s0-server-thread1] DEBUG server.RaftServer$Division (RaftServerImpl.java:logAppendEntries(1430)) - s0@group-A384FF32980E: receive appendEntries(s1, 1, (t:1, i:10), 10, true, commits:[s1:c10, s0:c9, s2:c9], cId:35009, entries: [(t:1, i:11), STATEMACHINELOGENTRY, 60@client-608357F93E69]
2023-03-14 08:39:10,215 [s1-client-thread1] DEBUG server.RaftServer$Division (RaftServerImpl.java:submitClientRequestAsync(835)) - s1@group-A384FF32980E: receive client request(RaftClientRequest:client-608357F93E69->s1@group-A384FF32980E, cid=61, seq=0, RW, Message:6d36)
2023-03-14 08:39:10,215 [s1-client-thread1] DEBUG server.RaftServer$Division (LeaderStateImpl.java:addPendingRequest(474)) - s1@group-A384FF32980E-LeaderStateImpl: addPendingRequest at RaftClientRequest:client-608357F93E69->s1@group-A384FF32980E, cid=61, seq=0, RW, Message:6d36, entry=(t:1, i:13), STATEMACHINELOGENTRY, 61@client-608357F93E69
2023-03-14 08:39:10,215 [s0-server-thread1] DEBUG server.RaftServer$Division (RaftServerImpl.java:logAppendEntries(1430)) - s0@group-A384FF32980E: succeeded to handle AppendEntries. Reply: s1<-s0#35009:OK-t1,SUCCESS,nextIndex=12,followerCommit=10,matchIndex=11
2023-03-14 08:39:10,222 [s2-server-thread1] DEBUG server.RaftServer$Division (RaftServerImpl.java:logAppendEntries(1430)) - s2@group-A384FF32980E: receive appendEntries(s1, 1, (t:1, i:11), 11, true, commits:[s1:c11, s0:c9, s2:c10], cId:41474, entries: [(t:1, i:12), METADATAENTRY(c:11)]
2023-03-14 08:39:10,223 [s2-server-thread1] DEBUG server.RaftServer$Division (RaftServerImpl.java:logAppendEntries(1430)) - s2@group-A384FF32980E: succeeded to handle AppendEntries. Reply: s1<-s2#41474:OK-t1,SUCCESS,nextIndex=13,followerCommit=11,matchIndex=12
2023-03-14 08:39:10,224 [s0-server-thread1] DEBUG server.RaftServer$Division (RaftServerImpl.java:logAppendEntries(1430)) - s0@group-A384FF32980E: receive appendEntries(s1, 1, (t:1, i:11), 11, true, commits:[s1:c11, s0:c9, s2:c10], cId:35010, entries: [(t:1, i:12), METADATAENTRY(c:11), (t:1, i:13), STATEMACHINELOGENTRY, 61@client-608357F93E69]
2023-03-14 08:39:10,225 [s0-server-thread1] DEBUG server.RaftServer$Division (RaftServerImpl.java:logAppendEntries(1430)) - s0@group-A384FF32980E: succeeded to handle AppendEntries. Reply: s1<-s0#35010:OK-t1,SUCCESS,nextIndex=14,followerCommit=11,matchIndex=13
2023-03-14 08:39:10,227 [s1-client-thread1] DEBUG server.RaftServer$Division (RaftServerImpl.java:submitClientRequestAsync(835)) - s1@group-A384FF32980E: receive client request(RaftClientRequest:client-608357F93E69->s1@group-A384FF32980E, cid=62, seq=0, RW, Message:6d37)
2023-03-14 08:39:10,227 [s1-client-thread1] DEBUG server.RaftServer$Division (LeaderStateImpl.java:addPendingRequest(474)) - s1@group-A384FF32980E-LeaderStateImpl: addPendingRequest at RaftClientRequest:client-608357F93E69->s1@group-A384FF32980E, cid=62, seq=0, RW, Message:6d37, entry=(t:1, i:15), STATEMACHINELOGENTRY, 62@client-608357F93E69
2023-03-14 08:39:10,232 [s2-server-thread1] DEBUG server.RaftServer$Division (RaftServerImpl.java:logAppendEntries(1430)) - s2@group-A384FF32980E: receive appendEntries(s1, 1, (t:1, i:12), 12, true, commits:[s1:c12, s0:c10, s2:c11], cId:41475, entries: [(t:1, i:13), STATEMACHINELOGENTRY, 61@client-608357F93E69]
2023-03-14 08:39:10,233 [s2-server-thread1] DEBUG server.RaftServer$Division (RaftServerImpl.java:logAppendEntries(1430)) - s2@group-A384FF32980E: succeeded to handle AppendEntries. Reply: s1<-s2#41475:OK-t1,SUCCESS,nextIndex=14,followerCommit=12,matchIndex=13
2023-03-14 08:39:10,235 [s0-server-thread1] DEBUG server.RaftServer$Division (RaftServerImpl.java:logAppendEntries(1430)) - s0@group-A384FF32980E: receive appendEntries(s1, 1, (t:1, i:13), 13, true, commits:[s1:c13, s0:c11, s2:c11], cId:35012, entries: [(t:1, i:14), METADATAENTRY(c:13)]
2023-03-14 08:39:10,235 [s0-server-thread1] DEBUG server.RaftServer$Division (RaftServerImpl.java:logAppendEntries(1430)) - s0@group-A384FF32980E: succeeded to handle AppendEntries. Reply: s1<-s0#35012:OK-t1,SUCCESS,nextIndex=15,followerCommit=13,matchIndex=14
2023-03-14 08:39:10,243 [s2-server-thread1] DEBUG server.RaftServer$Division (RaftServerImpl.java:logAppendEntries(1430)) - s2@group-A384FF32980E: receive appendEntries(s1, 1, (t:1, i:13), 13, true, commits:[s1:c13, s0:c11, s2:c12], cId:41476, entries: [(t:1, i:14), METADATAENTRY(c:13), (t:1, i:15), STATEMACHINELOGENTRY, 62@client-608357F93E69]
2023-03-14 08:39:10,244 [s2-server-thread1] DEBUG server.RaftServer$Division (RaftServerImpl.java:logAppendEntries(1430)) - s2@group-A384FF32980E: succeeded to handle AppendEntries. Reply: s1<-s2#41476:OK-t1,SUCCESS,nextIndex=16,followerCommit=13,matchIndex=15
2023-03-14 08:39:10,246 [s1-client-thread1] DEBUG server.RaftServer$Division (RaftServerImpl.java:submitClientRequestAsync(835)) - s1@group-A384FF32980E: receive client request(RaftClientRequest:client-608357F93E69->s1@group-A384FF32980E, cid=63, seq=0, RW, Message:6d38)
2023-03-14 08:39:10,246 [s1-client-thread1] DEBUG server.RaftServer$Division (LeaderStateImpl.java:addPendingRequest(474)) - s1@group-A384FF32980E-LeaderStateImpl: addPendingRequest at RaftClientRequest:client-608357F93E69->s1@group-A384FF32980E, cid=63, seq=0, RW, Message:6d38, entry=(t:1, i:17), STATEMACHINELOGENTRY, 63@client-608357F93E69
2023-03-14 08:39:10,246 [s0-server-thread1] DEBUG server.RaftServer$Division (RaftServerImpl.java:logAppendEntries(1430)) - s0@group-A384FF32980E: receive appendEntries(s1, 1, (t:1, i:14), 13, true, commits:[s1:c13, s0:c13, s2:c12], cId:35013, entries: [(t:1, i:15), STATEMACHINELOGENTRY, 62@client-608357F93E69]
2023-03-14 08:39:10,248 [s0-server-thread1] DEBUG server.RaftServer$Division (RaftServerImpl.java:logAppendEntries(1430)) - s0@group-A384FF32980E: succeeded to handle AppendEntries. Reply: s1<-s0#35013:OK-t1,SUCCESS,nextIndex=16,followerCommit=13,matchIndex=15
2023-03-14 08:39:10,254 [s2-server-thread1] DEBUG server.RaftServer$Division (RaftServerImpl.java:logAppendEntries(1430)) - s2@group-A384FF32980E: receive appendEntries(s1, 1, (t:1, i:15), 15, true, commits:[s1:c15, s0:c13, s2:c13], cId:41478, entries: [(t:1, i:16), METADATAENTRY(c:15)]
2023-03-14 08:39:10,254 [s2-server-thread1] DEBUG server.RaftServer$Division (RaftServerImpl.java:logAppendEntries(1430)) - s2@group-A384FF32980E: succeeded to handle AppendEntries. Reply: s1<-s2#41478:OK-t1,SUCCESS,nextIndex=17,followerCommit=15,matchIndex=16
2023-03-14 08:39:10,256 [s0-server-thread1] DEBUG server.RaftServer$Division (RaftServerImpl.java:logAppendEntries(1430)) - s0@group-A384FF32980E: receive appendEntries(s1, 1, (t:1, i:15), 15, true, commits:[s1:c15, s0:c13, s2:c13], cId:35014, entries: [(t:1, i:16), METADATAENTRY(c:15), (t:1, i:17), STATEMACHINELOGENTRY, 63@client-608357F93E69]
2023-03-14 08:39:10,257 [s0-server-thread1] DEBUG server.RaftServer$Division (RaftServerImpl.java:logAppendEntries(1430)) - s0@group-A384FF32980E: succeeded to handle AppendEntries. Reply: s1<-s0#35014:OK-t1,SUCCESS,nextIndex=18,followerCommit=15,matchIndex=17
2023-03-14 08:39:10,259 [s1-client-thread1] DEBUG server.RaftServer$Division (RaftServerImpl.java:submitClientRequestAsync(835)) - s1@group-A384FF32980E: receive client request(RaftClientRequest:client-608357F93E69->s1@group-A384FF32980E, cid=64, seq=0, RW, Message:6d39)
2023-03-14 08:39:10,259 [s1-client-thread1] DEBUG server.RaftServer$Division (LeaderStateImpl.java:addPendingRequest(474)) - s1@group-A384FF32980E-LeaderStateImpl: addPendingRequest at RaftClientRequest:client-608357F93E69->s1@group-A384FF32980E, cid=64, seq=0, RW, Message:6d39, entry=(t:1, i:19), STATEMACHINELOGENTRY, 64@client-608357F93E69
2023-03-14 08:39:10,264 [s2-server-thread1] DEBUG server.RaftServer$Division (RaftServerImpl.java:logAppendEntries(1430)) - s2@group-A384FF32980E: receive appendEntries(s1, 1, (t:1, i:16), 16, true, commits:[s1:c16, s0:c13, s2:c15], cId:41479, entries: [(t:1, i:17), STATEMACHINELOGENTRY, 63@client-608357F93E69]
2023-03-14 08:39:10,264 [s2-server-thread1] DEBUG server.RaftServer$Division (RaftServerImpl.java:logAppendEntries(1430)) - s2@group-A384FF32980E: succeeded to handle AppendEntries. Reply: s1<-s2#41479:OK-t1,SUCCESS,nextIndex=18,followerCommit=16,matchIndex=17
2023-03-14 08:39:10,267 [s0-server-thread1] DEBUG server.RaftServer$Division (RaftServerImpl.java:logAppendEntries(1430)) - s0@group-A384FF32980E: receive appendEntries(s1, 1, (t:1, i:17), 17, true, commits:[s1:c17, s0:c15, s2:c15], cId:35016, entries: [(t:1, i:18), METADATAENTRY(c:17)]
2023-03-14 08:39:10,267 [s0-server-thread1] DEBUG server.RaftServer$Division (RaftServerImpl.java:logAppendEntries(1430)) - s0@group-A384FF32980E: succeeded to handle AppendEntries. Reply: s1<-s0#35016:OK-t1,SUCCESS,nextIndex=19,followerCommit=17,matchIndex=18
2023-03-14 08:39:10,275 [s2-server-thread1] DEBUG server.RaftServer$Division (RaftServerImpl.java:logAppendEntries(1430)) - s2@group-A384FF32980E: receive appendEntries(s1, 1, (t:1, i:17), 17, true, commits:[s1:c17, s0:c15, s2:c16], cId:41480, entries: [(t:1, i:18), METADATAENTRY(c:17), (t:1, i:19), STATEMACHINELOGENTRY, 64@client-608357F93E69]
2023-03-14 08:39:10,275 [s2-server-thread1] DEBUG server.RaftServer$Division (RaftServerImpl.java:logAppendEntries(1430)) - s2@group-A384FF32980E: succeeded to handle AppendEntries. Reply: s1<-s2#41480:OK-t1,SUCCESS,nextIndex=20,followerCommit=17,matchIndex=19
2023-03-14 08:39:10,278 [s0-server-thread1] DEBUG server.RaftServer$Division (RaftServerImpl.java:logAppendEntries(1430)) - s0@group-A384FF32980E: receive appendEntries(s1, 1, (t:1, i:18), 18, true, commits:[s1:c18, s0:c17, s2:c16], cId:35017, entries: [(t:1, i:19), STATEMACHINELOGENTRY, 64@client-608357F93E69]
2023-03-14 08:39:10,278 [s1-client-thread1] DEBUG server.RaftServer$Division (RaftServerImpl.java:submitClientRequestAsync(835)) - s1@group-A384FF32980E: receive client request(RaftClientRequest:client-608357F93E69->s1@group-A384FF32980E, cid=65, seq=0, RW, Message:6d3130)
2023-03-14 08:39:10,278 [s1-client-thread1] DEBUG server.RaftServer$Division (LeaderStateImpl.java:addPendingRequest(474)) - s1@group-A384FF32980E-LeaderStateImpl: addPendingRequest at RaftClientRequest:client-608357F93E69->s1@group-A384FF32980E, cid=65, seq=0, RW, Message:6d3130, entry=(t:1, i:21), STATEMACHINELOGENTRY, 65@client-608357F93E69
2023-03-14 08:39:10,278 [s0-server-thread1] DEBUG server.RaftServer$Division (RaftServerImpl.java:logAppendEntries(1430)) - s0@group-A384FF32980E: succeeded to handle AppendEntries. Reply: s1<-s0#35017:OK-t1,SUCCESS,nextIndex=20,followerCommit=18,matchIndex=19
2023-03-14 08:39:10,286 [s2-server-thread1] DEBUG server.RaftServer$Division (RaftServerImpl.java:logAppendEntries(1430)) - s2@group-A384FF32980E: receive appendEntries(s1, 1, (t:1, i:19), 19, true, commits:[s1:c19, s0:c17, s2:c17], cId:41482, entries: [(t:1, i:20), METADATAENTRY(c:19)]
2023-03-14 08:39:10,286 [s2-server-thread1] DEBUG server.RaftServer$Division (RaftServerImpl.java:logAppendEntries(1430)) - s2@group-A384FF32980E: succeeded to handle AppendEntries. Reply: s1<-s2#41482:OK-t1,SUCCESS,nextIndex=21,followerCommit=19,matchIndex=20
2023-03-14 08:39:10,288 [s0-server-thread1] DEBUG server.RaftServer$Division (RaftServerImpl.java:logAppendEntries(1430)) - s0@group-A384FF32980E: receive appendEntries(s1, 1, (t:1, i:19), 19, true, commits:[s1:c19, s0:c17, s2:c17], cId:35018, entries: [(t:1, i:20), METADATAENTRY(c:19), (t:1, i:21), STATEMACHINELOGENTRY, 65@client-608357F93E69]
2023-03-14 08:39:10,288 [s0-server-thread1] DEBUG server.RaftServer$Division (RaftServerImpl.java:logAppendEntries(1430)) - s0@group-A384FF32980E: succeeded to handle AppendEntries. Reply: s1<-s0#35018:OK-t1,SUCCESS,nextIndex=22,followerCommit=19,matchIndex=21
2023-03-14 08:39:10,290 [s1-client-thread1] DEBUG server.RaftServer$Division (RaftServerImpl.java:submitClientRequestAsync(835)) - s1@group-A384FF32980E: receive client request(RaftClientRequest:client-608357F93E69->s1@group-A384FF32980E, cid=66, seq=0, RW, Message:6d3131)
2023-03-14 08:39:10,290 [s1-client-thread1] DEBUG server.RaftServer$Division (LeaderStateImpl.java:addPendingRequest(474)) - s1@group-A384FF32980E-LeaderStateImpl: addPendingRequest at RaftClientRequest:client-608357F93E69->s1@group-A384FF32980E, cid=66, seq=0, RW, Message:6d3131, entry=(t:1, i:23), STATEMACHINELOGENTRY, 66@client-608357F93E69
2023-03-14 08:39:10,297 [s2-server-thread1] DEBUG server.RaftServer$Division (RaftServerImpl.java:logAppendEntries(1430)) - s2@group-A384FF32980E: receive appendEntries(s1, 1, (t:1, i:20), 20, true, commits:[s1:c20, s0:c18, s2:c19], cId:41483, entries: [(t:1, i:21), STATEMACHINELOGENTRY, 65@client-608357F93E69]
2023-03-14 08:39:10,297 [s2-server-thread1] DEBUG server.RaftServer$Division (RaftServerImpl.java:logAppendEntries(1430)) - s2@group-A384FF32980E: succeeded to handle AppendEntries. Reply: s1<-s2#41483:OK-t1,SUCCESS,nextIndex=22,followerCommit=20,matchIndex=21
2023-03-14 08:39:10,298 [s0-server-thread1] DEBUG server.RaftServer$Division (RaftServerImpl.java:logAppendEntries(1430)) - s0@group-A384FF32980E: receive appendEntries(s1, 1, (t:1, i:21), 21, true, commits:[s1:c21, s0:c19, s2:c19], cId:35020, entries: [(t:1, i:22), METADATAENTRY(c:21)]
2023-03-14 08:39:10,298 [s0-server-thread1] DEBUG server.RaftServer$Division (RaftServerImpl.java:logAppendEntries(1430)) - s0@group-A384FF32980E: succeeded to handle AppendEntries. Reply: s1<-s0#35020:OK-t1,SUCCESS,nextIndex=23,followerCommit=21,matchIndex=22
2023-03-14 08:39:10,307 [s2-server-thread1] DEBUG server.RaftServer$Division (RaftServerImpl.java:logAppendEntries(1430)) - s2@group-A384FF32980E: receive appendEntries(s1, 1, (t:1, i:21), 21, true, commits:[s1:c21, s0:c19, s2:c20], cId:41484, entries: [(t:1, i:22), METADATAENTRY(c:21), (t:1, i:23), STATEMACHINELOGENTRY, 66@client-608357F93E69]
2023-03-14 08:39:10,308 [s2-server-thread1] DEBUG server.RaftServer$Division (RaftServerImpl.java:logAppendEntries(1430)) - s2@group-A384FF32980E: succeeded to handle AppendEntries. Reply: s1<-s2#41484:OK-t1,SUCCESS,nextIndex=24,followerCommit=21,matchIndex=23
2023-03-14 08:39:10,308 [s0-server-thread1] DEBUG server.RaftServer$Division (RaftServerImpl.java:logAppendEntries(1430)) - s0@group-A384FF32980E: receive appendEntries(s1, 1, (t:1, i:22), 22, true, commits:[s1:c22, s0:c21, s2:c20], cId:35021, entries: [(t:1, i:23), STATEMACHINELOGENTRY, 66@client-608357F93E69]
2023-03-14 08:39:10,309 [s0-server-thread1] DEBUG server.RaftServer$Division (RaftServerImpl.java:logAppendEntries(1430)) - s0@group-A384FF32980E: succeeded to handle AppendEntries. Reply: s1<-s0#35021:OK-t1,SUCCESS,nextIndex=24,followerCommit=22,matchIndex=23
2023-03-14 08:39:10,309 [s1-client-thread1] DEBUG server.RaftServer$Division (RaftServerImpl.java:submitClientRequestAsync(835)) - s1@group-A384FF32980E: receive client request(RaftClientRequest:client-608357F93E69->s1@group-A384FF32980E, cid=67, seq=0, RW, Message:6d3132)
2023-03-14 08:39:10,310 [s1-client-thread1] DEBUG server.RaftServer$Division (LeaderStateImpl.java:addPendingRequest(474)) - s1@group-A384FF32980E-LeaderStateImpl: addPendingRequest at RaftClientRequest:client-608357F93E69->s1@group-A384FF32980E, cid=67, seq=0, RW, Message:6d3132, entry=(t:1, i:25), STATEMACHINELOGENTRY, 67@client-608357F93E69
2023-03-14 08:39:10,317 [s2-server-thread1] DEBUG server.RaftServer$Division (RaftServerImpl.java:logAppendEntries(1430)) - s2@group-A384FF32980E: receive appendEntries(s1, 1, (t:1, i:23), 23, true, commits:[s1:c23, s0:c21, s2:c21], cId:41486, entries: [(t:1, i:24), METADATAENTRY(c:23)]
2023-03-14 08:39:10,318 [s2-server-thread1] DEBUG server.RaftServer$Division (RaftServerImpl.java:logAppendEntries(1430)) - s2@group-A384FF32980E: succeeded to handle AppendEntries. Reply: s1<-s2#41486:OK-t1,SUCCESS,nextIndex=25,followerCommit=23,matchIndex=24
2023-03-14 08:39:10,318 [s0-server-thread1] DEBUG server.RaftServer$Division (RaftServerImpl.java:logAppendEntries(1430)) - s0@group-A384FF32980E: receive appendEntries(s1, 1, (t:1, i:23), 23, true, commits:[s1:c23, s0:c21, s2:c21], cId:35022, entries: [(t:1, i:24), METADATAENTRY(c:23)]
2023-03-14 08:39:10,319 [s0-server-thread1] DEBUG server.RaftServer$Division (RaftServerImpl.java:logAppendEntries(1430)) - s0@group-A384FF32980E: succeeded to handle AppendEntries. Reply: s1<-s0#35022:OK-t1,SUCCESS,nextIndex=25,followerCommit=23,matchIndex=24
2023-03-14 08:39:10,328 [s2-server-thread1] DEBUG server.RaftServer$Division (RaftServerImpl.java:logAppendEntries(1430)) - s2@group-A384FF32980E: receive appendEntries(s1, 1, (t:1, i:24), 24, true, commits:[s1:c24, s0:c22, s2:c23], cId:41487, entries: [(t:1, i:25), STATEMACHINELOGENTRY, 67@client-608357F93E69]
2023-03-14 08:39:10,328 [s2-server-thread1] DEBUG server.RaftServer$Division (RaftServerImpl.java:logAppendEntries(1430)) - s2@group-A384FF32980E: succeeded to handle AppendEntries. Reply: s1<-s2#41487:OK-t1,SUCCESS,nextIndex=26,followerCommit=24,matchIndex=25
2023-03-14 08:39:10,330 [s1-client-thread1] DEBUG server.RaftServer$Division (RaftServerImpl.java:submitClientRequestAsync(835)) - s1@group-A384FF32980E: receive client request(RaftClientRequest:client-608357F93E69->s1@group-A384FF32980E, cid=68, seq=0, RW, Message:6d3133)
2023-03-14 08:39:10,330 [s1-client-thread1] DEBUG server.RaftServer$Division (LeaderStateImpl.java:addPendingRequest(474)) - s1@group-A384FF32980E-LeaderStateImpl: addPendingRequest at RaftClientRequest:client-608357F93E69->s1@group-A384FF32980E, cid=68, seq=0, RW, Message:6d3133, entry=(t:1, i:27), STATEMACHINELOGENTRY, 68@client-608357F93E69
2023-03-14 08:39:10,330 [s0-server-thread1] DEBUG server.RaftServer$Division (RaftServerImpl.java:logAppendEntries(1430)) - s0@group-A384FF32980E: receive appendEntries(s1, 1, (t:1, i:24), 24, true, commits:[s1:c24, s0:c22, s2:c23], cId:35023, entries: [(t:1, i:25), STATEMACHINELOGENTRY, 67@client-608357F93E69]
2023-03-14 08:39:10,330 [s0-server-thread1] DEBUG server.RaftServer$Division (RaftServerImpl.java:logAppendEntries(1430)) - s0@group-A384FF32980E: succeeded to handle AppendEntries. Reply: s1<-s0#35023:OK-t1,SUCCESS,nextIndex=26,followerCommit=24,matchIndex=25
2023-03-14 08:39:10,339 [s2-server-thread1] DEBUG server.RaftServer$Division (RaftServerImpl.java:logAppendEntries(1430)) - s2@group-A384FF32980E: receive appendEntries(s1, 1, (t:1, i:25), 25, true, commits:[s1:c25, s0:c23, s2:c24], cId:41488, entries: [(t:1, i:26), METADATAENTRY(c:25)]
2023-03-14 08:39:10,339 [s2-server-thread1] DEBUG server.RaftServer$Division (RaftServerImpl.java:logAppendEntries(1430)) - s2@group-A384FF32980E: succeeded to handle AppendEntries. Reply: s1<-s2#41488:OK-t1,SUCCESS,nextIndex=27,followerCommit=25,matchIndex=26
2023-03-14 08:39:10,340 [s0-server-thread1] DEBUG server.RaftServer$Division (RaftServerImpl.java:logAppendEntries(1430)) - s0@group-A384FF32980E: receive appendEntries(s1, 1, (t:1, i:25), 25, true, commits:[s1:c25, s0:c23, s2:c24], cId:35024, entries: [(t:1, i:26), METADATAENTRY(c:25), (t:1, i:27), STATEMACHINELOGENTRY, 68@client-608357F93E69]
2023-03-14 08:39:10,340 [s0-server-thread1] DEBUG server.RaftServer$Division (RaftServerImpl.java:logAppendEntries(1430)) - s0@group-A384FF32980E: succeeded to handle AppendEntries. Reply: s1<-s0#35024:OK-t1,SUCCESS,nextIndex=28,followerCommit=25,matchIndex=27
2023-03-14 08:39:10,341 [s1-client-thread1] DEBUG server.RaftServer$Division (RaftServerImpl.java:submitClientRequestAsync(835)) - s1@group-A384FF32980E: receive client request(RaftClientRequest:client-608357F93E69->s1@group-A384FF32980E, cid=69, seq=0, RW, Message:6d3134)
2023-03-14 08:39:10,342 [s1-client-thread1] DEBUG server.RaftServer$Division (LeaderStateImpl.java:addPendingRequest(474)) - s1@group-A384FF32980E-LeaderStateImpl: addPendingRequest at RaftClientRequest:client-608357F93E69->s1@group-A384FF32980E, cid=69, seq=0, RW, Message:6d3134, entry=(t:1, i:29), STATEMACHINELOGENTRY, 69@client-608357F93E69
2023-03-14 08:39:10,350 [s0-server-thread1] DEBUG server.RaftServer$Division (RaftServerImpl.java:logAppendEntries(1430)) - s0@group-A384FF32980E: receive appendEntries(s1, 1, (t:1, i:27), 27, true, commits:[s1:c27, s0:c25, s2:c25], cId:35028, entries: [(t:1, i:28), METADATAENTRY(c:27)]
2023-03-14 08:39:10,350 [s2-server-thread1] DEBUG server.RaftServer$Division (RaftServerImpl.java:logAppendEntries(1430)) - s2@group-A384FF32980E: receive appendEntries(s1, 1, (t:1, i:26), 25, true, commits:[s1:c25, s0:c24, s2:c25], cId:41489, entries: [(t:1, i:27), STATEMACHINELOGENTRY, 68@client-608357F93E69]
2023-03-14 08:39:10,350 [s0-server-thread1] DEBUG server.RaftServer$Division (RaftServerImpl.java:logAppendEntries(1430)) - s0@group-A384FF32980E: succeeded to handle AppendEntries. Reply: s1<-s0#35028:OK-t1,SUCCESS,nextIndex=29,followerCommit=27,matchIndex=28
2023-03-14 08:39:10,350 [s2-server-thread1] DEBUG server.RaftServer$Division (RaftServerImpl.java:logAppendEntries(1430)) - s2@group-A384FF32980E: succeeded to handle AppendEntries. Reply: s1<-s2#41489:OK-t1,SUCCESS,nextIndex=28,followerCommit=25,matchIndex=27
2023-03-14 08:39:10,361 [s0-server-thread1] DEBUG server.RaftServer$Division (RaftServerImpl.java:logAppendEntries(1430)) - s0@group-A384FF32980E: receive appendEntries(s1, 1, (t:1, i:28), 27, true, commits:[s1:c27, s0:c27, s2:c25], cId:35029, entries: [(t:1, i:29), STATEMACHINELOGENTRY, 69@client-608357F93E69]
2023-03-14 08:39:10,361 [s2-server-thread1] DEBUG server.RaftServer$Division (RaftServerImpl.java:logAppendEntries(1430)) - s2@group-A384FF32980E: receive appendEntries(s1, 1, (t:1, i:27), 27, true, commits:[s1:c27, s0:c27, s2:c25], cId:41490, entries: [(t:1, i:28), METADATAENTRY(c:27), (t:1, i:29), STATEMACHINELOGENTRY, 69@client-608357F93E69]
2023-03-14 08:39:10,361 [s2-server-thread1] DEBUG server.RaftServer$Division (RaftServerImpl.java:logAppendEntries(1430)) - s2@group-A384FF32980E: succeeded to handle AppendEntries. Reply: s1<-s2#41490:OK-t1,SUCCESS,nextIndex=30,followerCommit=27,matchIndex=29
2023-03-14 08:39:10,361 [s0-server-thread1] DEBUG server.RaftServer$Division (RaftServerImpl.java:logAppendEntries(1430)) - s0@group-A384FF32980E: succeeded to handle AppendEntries. Reply: s1<-s0#35029:OK-t1,SUCCESS,nextIndex=30,followerCommit=27,matchIndex=29
2023-03-14 08:39:10,363 [s1-client-thread1] DEBUG server.RaftServer$Division (RaftServerImpl.java:submitClientRequestAsync(835)) - s1@group-A384FF32980E: receive client request(RaftClientRequest:client-608357F93E69->s1@group-A384FF32980E, cid=70, seq=0, RW, Message:6d3135)
2023-03-14 08:39:10,363 [s1-client-thread1] DEBUG server.RaftServer$Division (LeaderStateImpl.java:addPendingRequest(474)) - s1@group-A384FF32980E-LeaderStateImpl: addPendingRequest at RaftClientRequest:client-608357F93E69->s1@group-A384FF32980E, cid=70, seq=0, RW, Message:6d3135, entry=(t:1, i:31), STATEMACHINELOGENTRY, 70@client-608357F93E69
2023-03-14 08:39:10,371 [s2-server-thread1] DEBUG server.RaftServer$Division (RaftServerImpl.java:logAppendEntries(1430)) - s2@group-A384FF32980E: receive appendEntries(s1, 1, (t:1, i:29), 29, true, commits:[s1:c29, s0:c27, s2:c27], cId:41492, entries: [(t:1, i:30), METADATAENTRY(c:29)]
2023-03-14 08:39:10,371 [s2-server-thread1] DEBUG server.RaftServer$Division (RaftServerImpl.java:logAppendEntries(1430)) - s2@group-A384FF32980E: succeeded to handle AppendEntries. Reply: s1<-s2#41492:OK-t1,SUCCESS,nextIndex=31,followerCommit=29,matchIndex=30
2023-03-14 08:39:10,371 [s0-server-thread1] DEBUG server.RaftServer$Division (RaftServerImpl.java:logAppendEntries(1430)) - s0@group-A384FF32980E: receive appendEntries(s1, 1, (t:1, i:29), 29, true, commits:[s1:c29, s0:c27, s2:c27], cId:35031, entries: [(t:1, i:30), METADATAENTRY(c:29)]
2023-03-14 08:39:10,372 [s0-server-thread1] DEBUG server.RaftServer$Division (RaftServerImpl.java:logAppendEntries(1430)) - s0@group-A384FF32980E: succeeded to handle AppendEntries. Reply: s1<-s0#35031:OK-t1,SUCCESS,nextIndex=31,followerCommit=29,matchIndex=30
2023-03-14 08:39:10,381 [s2-server-thread1] DEBUG server.RaftServer$Division (RaftServerImpl.java:logAppendEntries(1430)) - s2@group-A384FF32980E: receive appendEntries(s1, 1, (t:1, i:30), 29, true, commits:[s1:c29, s0:c27, s2:c29], cId:41493, entries: [(t:1, i:31), STATEMACHINELOGENTRY, 70@client-608357F93E69]
2023-03-14 08:39:10,381 [s2-server-thread1] DEBUG server.RaftServer$Division (RaftServerImpl.java:logAppendEntries(1430)) - s2@group-A384FF32980E: succeeded to handle AppendEntries. Reply: s1<-s2#41493:OK-t1,SUCCESS,nextIndex=32,followerCommit=29,matchIndex=31
2023-03-14 08:39:10,383 [s0-server-thread1] DEBUG server.RaftServer$Division (RaftServerImpl.java:logAppendEntries(1430)) - s0@group-A384FF32980E: receive appendEntries(s1, 1, (t:1, i:30), 29, true, commits:[s1:c29, s0:c27, s2:c29], cId:35032, entries: [(t:1, i:31), STATEMACHINELOGENTRY, 70@client-608357F93E69]
2023-03-14 08:39:10,383 [s0-server-thread1] DEBUG server.RaftServer$Division (RaftServerImpl.java:logAppendEntries(1430)) - s0@group-A384FF32980E: succeeded to handle AppendEntries. Reply: s1<-s0#35032:OK-t1,SUCCESS,nextIndex=32,followerCommit=29,matchIndex=31
2023-03-14 08:39:10,384 [s1-client-thread1] DEBUG server.RaftServer$Division (RaftServerImpl.java:submitClientRequestAsync(835)) - s1@group-A384FF32980E: receive client request(RaftClientRequest:client-608357F93E69->s1@group-A384FF32980E, cid=71, seq=0, RW, Message:6d3136)
2023-03-14 08:39:10,384 [s1-client-thread1] DEBUG server.RaftServer$Division (LeaderStateImpl.java:addPendingRequest(474)) - s1@group-A384FF32980E-LeaderStateImpl: addPendingRequest at RaftClientRequest:client-608357F93E69->s1@group-A384FF32980E, cid=71, seq=0, RW, Message:6d3136, entry=(t:1, i:33), STATEMACHINELOGENTRY, 71@client-608357F93E69
2023-03-14 08:39:10,391 [s2-server-thread1] DEBUG server.RaftServer$Division (RaftServerImpl.java:logAppendEntries(1430)) - s2@group-A384FF32980E: receive appendEntries(s1, 1, (t:1, i:31), 31, true, commits:[s1:c31, s0:c29, s2:c29], cId:41495, entries: [(t:1, i:32), METADATAENTRY(c:31)]
2023-03-14 08:39:10,392 [s2-server-thread1] DEBUG server.RaftServer$Division (RaftServerImpl.java:logAppendEntries(1430)) - s2@group-A384FF32980E: succeeded to handle AppendEntries. Reply: s1<-s2#41495:OK-t1,SUCCESS,nextIndex=33,followerCommit=31,matchIndex=32
2023-03-14 08:39:10,392 [s0-server-thread1] DEBUG server.RaftServer$Division (RaftServerImpl.java:logAppendEntries(1430)) - s0@group-A384FF32980E: receive appendEntries(s1, 1, (t:1, i:31), 31, true, commits:[s1:c31, s0:c29, s2:c29], cId:35033, entries: [(t:1, i:32), METADATAENTRY(c:31), (t:1, i:33), STATEMACHINELOGENTRY, 71@client-608357F93E69]
2023-03-14 08:39:10,393 [s0-server-thread1] DEBUG server.RaftServer$Division (RaftServerImpl.java:logAppendEntries(1430)) - s0@group-A384FF32980E: succeeded to handle AppendEntries. Reply: s1<-s0#35033:OK-t1,SUCCESS,nextIndex=34,followerCommit=31,matchIndex=33
2023-03-14 08:39:10,394 [s1-client-thread1] DEBUG server.RaftServer$Division (RaftServerImpl.java:submitClientRequestAsync(835)) - s1@group-A384FF32980E: receive client request(RaftClientRequest:client-608357F93E69->s1@group-A384FF32980E, cid=72, seq=0, RW, Message:6d3137)
2023-03-14 08:39:10,395 [s1-client-thread1] DEBUG server.RaftServer$Division (LeaderStateImpl.java:addPendingRequest(474)) - s1@group-A384FF32980E-LeaderStateImpl: addPendingRequest at RaftClientRequest:client-608357F93E69->s1@group-A384FF32980E, cid=72, seq=0, RW, Message:6d3137, entry=(t:1, i:35), STATEMACHINELOGENTRY, 72@client-608357F93E69
2023-03-14 08:39:10,402 [s2-server-thread1] DEBUG server.RaftServer$Division (RaftServerImpl.java:logAppendEntries(1430)) - s2@group-A384FF32980E: receive appendEntries(s1, 1, (t:1, i:32), 31, true, commits:[s1:c31, s0:c29, s2:c31], cId:41496, entries: [(t:1, i:33), STATEMACHINELOGENTRY, 71@client-608357F93E69]
2023-03-14 08:39:10,403 [s0-server-thread1] DEBUG server.RaftServer$Division (RaftServerImpl.java:logAppendEntries(1430)) - s0@group-A384FF32980E: receive appendEntries(s1, 1, (t:1, i:33), 33, true, commits:[s1:c33, s0:c31, s2:c31], cId:35035, entries: [(t:1, i:34), METADATAENTRY(c:33)]
2023-03-14 08:39:10,403 [s2-server-thread1] DEBUG server.RaftServer$Division (RaftServerImpl.java:logAppendEntries(1430)) - s2@group-A384FF32980E: succeeded to handle AppendEntries. Reply: s1<-s2#41496:OK-t1,SUCCESS,nextIndex=34,followerCommit=31,matchIndex=33
2023-03-14 08:39:10,403 [s0-server-thread1] DEBUG server.RaftServer$Division (RaftServerImpl.java:logAppendEntries(1430)) - s0@group-A384FF32980E: succeeded to handle AppendEntries. Reply: s1<-s0#35035:OK-t1,SUCCESS,nextIndex=35,followerCommit=33,matchIndex=34
2023-03-14 08:39:10,413 [s2-server-thread1] DEBUG server.RaftServer$Division (RaftServerImpl.java:logAppendEntries(1430)) - s2@group-A384FF32980E: receive appendEntries(s1, 1, (t:1, i:33), 33, true, commits:[s1:c33, s0:c31, s2:c31], cId:41497, entries: [(t:1, i:34), METADATAENTRY(c:33), (t:1, i:35), STATEMACHINELOGENTRY, 72@client-608357F93E69]
2023-03-14 08:39:10,413 [s0-server-thread1] DEBUG server.RaftServer$Division (RaftServerImpl.java:logAppendEntries(1430)) - s0@group-A384FF32980E: receive appendEntries(s1, 1, (t:1, i:34), 33, true, commits:[s1:c33, s0:c33, s2:c31], cId:35036, entries: [(t:1, i:35), STATEMACHINELOGENTRY, 72@client-608357F93E69]
2023-03-14 08:39:10,413 [s2-server-thread1] DEBUG server.RaftServer$Division (RaftServerImpl.java:logAppendEntries(1430)) - s2@group-A384FF32980E: succeeded to handle AppendEntries. Reply: s1<-s2#41497:OK-t1,SUCCESS,nextIndex=36,followerCommit=33,matchIndex=35
2023-03-14 08:39:10,414 [s0-server-thread1] DEBUG server.RaftServer$Division (RaftServerImpl.java:logAppendEntries(1430)) - s0@group-A384FF32980E: succeeded to handle AppendEntries. Reply: s1<-s0#35036:OK-t1,SUCCESS,nextIndex=36,followerCommit=33,matchIndex=35
2023-03-14 08:39:10,416 [s1-client-thread1] DEBUG server.RaftServer$Division (RaftServerImpl.java:submitClientRequestAsync(835)) - s1@group-A384FF32980E: receive client request(RaftClientRequest:client-608357F93E69->s1@group-A384FF32980E, cid=73, seq=0, RW, Message:6d3138)
2023-03-14 08:39:10,417 [s1-client-thread1] DEBUG server.RaftServer$Division (LeaderStateImpl.java:addPendingRequest(474)) - s1@group-A384FF32980E-LeaderStateImpl: addPendingRequest at RaftClientRequest:client-608357F93E69->s1@group-A384FF32980E, cid=73, seq=0, RW, Message:6d3138, entry=(t:1, i:37), STATEMACHINELOGENTRY, 73@client-608357F93E69
2023-03-14 08:39:10,423 [s2-server-thread1] DEBUG server.RaftServer$Division (RaftServerImpl.java:logAppendEntries(1430)) - s2@group-A384FF32980E: receive appendEntries(s1, 1, (t:1, i:35), 35, true, commits:[s1:c35, s0:c33, s2:c33], cId:41499, entries: [(t:1, i:36), METADATAENTRY(c:35)]
2023-03-14 08:39:10,423 [s0-server-thread1] DEBUG server.RaftServer$Division (RaftServerImpl.java:logAppendEntries(1430)) - s0@group-A384FF32980E: receive appendEntries(s1, 1, (t:1, i:35), 35, true, commits:[s1:c35, s0:c33, s2:c33], cId:35038, entries: [(t:1, i:36), METADATAENTRY(c:35)]
2023-03-14 08:39:10,424 [s2-server-thread1] DEBUG server.RaftServer$Division (RaftServerImpl.java:logAppendEntries(1430)) - s2@group-A384FF32980E: succeeded to handle AppendEntries. Reply: s1<-s2#41499:OK-t1,SUCCESS,nextIndex=37,followerCommit=35,matchIndex=36
2023-03-14 08:39:10,424 [s0-server-thread1] DEBUG server.RaftServer$Division (RaftServerImpl.java:logAppendEntries(1430)) - s0@group-A384FF32980E: succeeded to handle AppendEntries. Reply: s1<-s0#35038:OK-t1,SUCCESS,nextIndex=37,followerCommit=35,matchIndex=36
2023-03-14 08:39:10,434 [s0-server-thread1] DEBUG server.RaftServer$Division (RaftServerImpl.java:logAppendEntries(1430)) - s0@group-A384FF32980E: receive appendEntries(s1, 1, (t:1, i:36), 36, true, commits:[s1:c36, s0:c35, s2:c35], cId:35039, entries: [(t:1, i:37), STATEMACHINELOGENTRY, 73@client-608357F93E69]
2023-03-14 08:39:10,434 [s2-server-thread1] DEBUG server.RaftServer$Division (RaftServerImpl.java:logAppendEntries(1430)) - s2@group-A384FF32980E: receive appendEntries(s1, 1, (t:1, i:36), 36, true, commits:[s1:c36, s0:c35, s2:c35], cId:41500, entries: [(t:1, i:37), STATEMACHINELOGENTRY, 73@client-608357F93E69]
2023-03-14 08:39:10,434 [s0-server-thread1] DEBUG server.RaftServer$Division (RaftServerImpl.java:logAppendEntries(1430)) - s0@group-A384FF32980E: succeeded to handle AppendEntries. Reply: s1<-s0#35039:OK-t1,SUCCESS,nextIndex=38,followerCommit=36,matchIndex=37
2023-03-14 08:39:10,434 [s2-server-thread1] DEBUG server.RaftServer$Division (RaftServerImpl.java:logAppendEntries(1430)) - s2@group-A384FF32980E: succeeded to handle AppendEntries. Reply: s1<-s2#41500:OK-t1,SUCCESS,nextIndex=38,followerCommit=36,matchIndex=37
2023-03-14 08:39:10,436 [s1-client-thread1] DEBUG server.RaftServer$Division (RaftServerImpl.java:submitClientRequestAsync(835)) - s1@group-A384FF32980E: receive client request(RaftClientRequest:client-608357F93E69->s1@group-A384FF32980E, cid=74, seq=0, RW, Message:6d3139)
2023-03-14 08:39:10,436 [s1-client-thread1] DEBUG server.RaftServer$Division (LeaderStateImpl.java:addPendingRequest(474)) - s1@group-A384FF32980E-LeaderStateImpl: addPendingRequest at RaftClientRequest:client-608357F93E69->s1@group-A384FF32980E, cid=74, seq=0, RW, Message:6d3139, entry=(t:1, i:39), STATEMACHINELOGENTRY, 74@client-608357F93E69
2023-03-14 08:39:10,444 [s0-server-thread1] DEBUG server.RaftServer$Division (RaftServerImpl.java:logAppendEntries(1430)) - s0@group-A384FF32980E: receive appendEntries(s1, 1, (t:1, i:37), 37, true, commits:[s1:c37, s0:c36, s2:c36], cId:35040, entries: [(t:1, i:38), METADATAENTRY(c:37)]
2023-03-14 08:39:10,444 [s2-server-thread1] DEBUG server.RaftServer$Division (RaftServerImpl.java:logAppendEntries(1430)) - s2@group-A384FF32980E: receive appendEntries(s1, 1, (t:1, i:37), 37, true, commits:[s1:c37, s0:c36, s2:c36], cId:41501, entries: [(t:1, i:38), METADATAENTRY(c:37)]
2023-03-14 08:39:10,444 [s0-server-thread1] DEBUG server.RaftServer$Division (RaftServerImpl.java:logAppendEntries(1430)) - s0@group-A384FF32980E: succeeded to handle AppendEntries. Reply: s1<-s0#35040:OK-t1,SUCCESS,nextIndex=39,followerCommit=37,matchIndex=38
2023-03-14 08:39:10,444 [s2-server-thread1] DEBUG server.RaftServer$Division (RaftServerImpl.java:logAppendEntries(1430)) - s2@group-A384FF32980E: succeeded to handle AppendEntries. Reply: s1<-s2#41501:OK-t1,SUCCESS,nextIndex=39,followerCommit=37,matchIndex=38
2023-03-14 08:39:10,455 [s2-server-thread1] DEBUG server.RaftServer$Division (RaftServerImpl.java:logAppendEntries(1430)) - s2@group-A384FF32980E: receive appendEntries(s1, 1, (t:1, i:38), 37, true, commits:[s1:c38, s0:c36, s2:c37], cId:41502, entries: [(t:1, i:39), STATEMACHINELOGENTRY, 74@client-608357F93E69]
2023-03-14 08:39:10,455 [s0-server-thread1] DEBUG server.RaftServer$Division (RaftServerImpl.java:logAppendEntries(1430)) - s0@group-A384FF32980E: receive appendEntries(s1, 1, (t:1, i:38), 38, true, commits:[s1:c38, s0:c36, s2:c37], cId:35041, entries: [(t:1, i:39), STATEMACHINELOGENTRY, 74@client-608357F93E69]
2023-03-14 08:39:10,455 [s0-server-thread1] DEBUG server.RaftServer$Division (RaftServerImpl.java:logAppendEntries(1430)) - s0@group-A384FF32980E: succeeded to handle AppendEntries. Reply: s1<-s0#35041:OK-t1,SUCCESS,nextIndex=40,followerCommit=38,matchIndex=39
2023-03-14 08:39:10,455 [s2-server-thread1] DEBUG server.RaftServer$Division (RaftServerImpl.java:logAppendEntries(1430)) - s2@group-A384FF32980E: succeeded to handle AppendEntries. Reply: s1<-s2#41502:OK-t1,SUCCESS,nextIndex=40,followerCommit=37,matchIndex=39
2023-03-14 08:39:10,457 [Thread-1830] INFO  impl.MiniRaftCluster (MiniRaftCluster.java:addNewPeers(464)) - Add new peers [s3, s4]
2023-03-14 08:39:10,457 [Thread-1830] INFO  impl.MiniRaftCluster (MiniRaftCluster.java:newRaftServer(382)) - newRaftServer: s3, group-A384FF32980E:[], format? true
2023-03-14 08:39:10,458 [Thread-1830] TRACE util.FileUtils (FileUtils.java:deleteFully(201)) - deleteFully target/test/data/be523d36/MiniRaftClusterWithGrpceb75dc03/s3
2023-03-14 08:39:10,458 [Thread-1830] TRACE util.FileUtils (FileUtils.java:deleteFully(217)) - deleteFully: target/test/data/be523d36/MiniRaftClusterWithGrpceb75dc03/s3 does not exist.
2023-03-14 08:39:10,458 [Thread-1830] INFO  impl.MiniRaftCluster (MiniRaftCluster.java:newRaftServer(387)) - Formatted directory target/test/data/be523d36/MiniRaftClusterWithGrpceb75dc03/s3
2023-03-14 08:39:10,458 [Thread-1830] INFO  server.RaftServer (ConfUtils.java:logGet(46)) - raft.rpc.type = GRPC (default)
2023-03-14 08:39:10,458 [Thread-1830] INFO  grpc.GrpcConfigKeys (ConfUtils.java:logFallback(53)) - raft.grpc.admin.host = null (fallback to raft.grpc.server.host)
2023-03-14 08:39:10,458 [Thread-1830] INFO  grpc.GrpcConfigKeys (ConfUtils.java:logFallback(53)) - raft.grpc.admin.port = 40113 (fallback to raft.grpc.server.port)
2023-03-14 08:39:10,458 [Thread-1830] INFO  grpc.GrpcConfigKeys (ConfUtils.java:logFallback(53)) - raft.grpc.client.host = null (fallback to raft.grpc.server.host)
2023-03-14 08:39:10,458 [Thread-1830] INFO  grpc.GrpcConfigKeys (ConfUtils.java:logFallback(53)) - raft.grpc.client.port = 40113 (fallback to raft.grpc.server.port)
2023-03-14 08:39:10,458 [Thread-1830] INFO  grpc.GrpcConfigKeys (ConfUtils.java:logGet(46)) - raft.grpc.server.host = null (default)
2023-03-14 08:39:10,458 [Thread-1830] INFO  grpc.GrpcConfigKeys (ConfUtils.java:logGet(46)) - raft.grpc.server.port = 40113 (custom)
2023-03-14 08:39:10,458 [Thread-1830] INFO  server.GrpcService (ConfUtils.java:logGet(46)) - raft.grpc.message.size.max = 64MB (=67108864) (default)
2023-03-14 08:39:10,458 [Thread-1830] INFO  server.RaftServerConfigKeys (ConfUtils.java:logGet(46)) - raft.server.log.appender.buffer.byte-limit = 4MB (=4194304) (default)
2023-03-14 08:39:10,458 [Thread-1830] INFO  server.GrpcService (ConfUtils.java:logGet(46)) - raft.grpc.flow.control.window = 1MB (=1048576) (default)
2023-03-14 08:39:10,459 [Thread-1830] INFO  server.RaftServerConfigKeys (ConfUtils.java:logGet(46)) - raft.server.rpc.request.timeout = 3000ms (default)
2023-03-14 08:39:10,459 [Thread-1830] INFO  grpc.GrpcConfigKeys (ConfUtils.java:logGet(46)) - raft.grpc.server.heartbeat.channel = true (default)
2023-03-14 08:39:10,459 [Thread-1830] INFO  grpc.GrpcConfigKeys (ConfUtils.java:logGet(46)) - raft.grpc.server.async.request.thread.pool.cached = true (default)
2023-03-14 08:39:10,459 [Thread-1830] INFO  grpc.GrpcConfigKeys (ConfUtils.java:logGet(46)) - raft.grpc.server.async.request.thread.pool.size = 32 (default)
2023-03-14 08:39:10,459 [Thread-1830] INFO  impl.DataStreamServerImpl (ConfUtils.java:logGet(46)) - raft.datastream.type = DISABLED (default)
2023-03-14 08:39:10,459 [Thread-1830] INFO  server.RaftServerConfigKeys (ConfUtils.java:logGet(46)) - raft.server.threadpool.proxy.cached = true (default)
2023-03-14 08:39:10,459 [Thread-1830] INFO  server.RaftServerConfigKeys (ConfUtils.java:logGet(46)) - raft.server.threadpool.proxy.size = 0 (default)
2023-03-14 08:39:10,459 [Thread-1830] INFO  server.RaftServerConfigKeys (ConfUtils.java:logGet(46)) - raft.server.rpc.slowness.timeout = 60s (default)
2023-03-14 08:39:10,459 [Thread-1830] INFO  server.RaftServerConfigKeys (ConfUtils.java:logGet(46)) - raft.server.leaderelection.leader.step-down.wait-time = 10s (default)
2023-03-14 08:39:10,459 [Thread-1830] INFO  server.RaftServerConfigKeys (ConfUtils.java:logGet(46)) - raft.server.storage.dir = [/home/runner/work/ratis/ratis/ratis-test/target/test/data/be523d36/MiniRaftClusterWithGrpceb75dc03/s3] (custom)
2023-03-14 08:39:10,460 [Thread-1830] INFO  server.RaftServer (RaftServerProxy.java:addNew(99)) - s3: addNew group-A384FF32980E:[] returns group-A384FF32980E:java.util.concurrent.CompletableFuture@37716f2a[Not completed]
2023-03-14 08:39:10,460 [Thread-1830] INFO  impl.MiniRaftCluster (MiniRaftCluster.java:newRaftServer(382)) - newRaftServer: s4, group-A384FF32980E:[], format? true
2023-03-14 08:39:10,460 [Thread-1830] TRACE util.FileUtils (FileUtils.java:deleteFully(201)) - deleteFully target/test/data/be523d36/MiniRaftClusterWithGrpceb75dc03/s4
2023-03-14 08:39:10,460 [Thread-1830] TRACE util.FileUtils (FileUtils.java:deleteFully(217)) - deleteFully: target/test/data/be523d36/MiniRaftClusterWithGrpceb75dc03/s4 does not exist.
2023-03-14 08:39:10,460 [Thread-1830] INFO  impl.MiniRaftCluster (MiniRaftCluster.java:newRaftServer(387)) - Formatted directory target/test/data/be523d36/MiniRaftClusterWithGrpceb75dc03/s4
2023-03-14 08:39:10,460 [Thread-1830] INFO  server.RaftServer (ConfUtils.java:logGet(46)) - raft.rpc.type = GRPC (default)
2023-03-14 08:39:10,460 [Thread-1830] INFO  grpc.GrpcConfigKeys (ConfUtils.java:logFallback(53)) - raft.grpc.admin.host = null (fallback to raft.grpc.server.host)
2023-03-14 08:39:10,460 [Thread-1830] INFO  grpc.GrpcConfigKeys (ConfUtils.java:logFallback(53)) - raft.grpc.admin.port = 33213 (fallback to raft.grpc.server.port)
2023-03-14 08:39:10,460 [Thread-1830] INFO  grpc.GrpcConfigKeys (ConfUtils.java:logFallback(53)) - raft.grpc.client.host = null (fallback to raft.grpc.server.host)
2023-03-14 08:39:10,460 [Thread-1830] INFO  grpc.GrpcConfigKeys (ConfUtils.java:logFallback(53)) - raft.grpc.client.port = 33213 (fallback to raft.grpc.server.port)
2023-03-14 08:39:10,460 [Thread-1830] INFO  grpc.GrpcConfigKeys (ConfUtils.java:logGet(46)) - raft.grpc.server.host = null (default)
2023-03-14 08:39:10,460 [Thread-1830] INFO  grpc.GrpcConfigKeys (ConfUtils.java:logGet(46)) - raft.grpc.server.port = 33213 (custom)
2023-03-14 08:39:10,460 [Thread-1830] INFO  server.GrpcService (ConfUtils.java:logGet(46)) - raft.grpc.message.size.max = 64MB (=67108864) (default)
2023-03-14 08:39:10,460 [Thread-1830] INFO  server.RaftServerConfigKeys (ConfUtils.java:logGet(46)) - raft.server.log.appender.buffer.byte-limit = 4MB (=4194304) (default)
2023-03-14 08:39:10,460 [Thread-1830] INFO  server.GrpcService (ConfUtils.java:logGet(46)) - raft.grpc.flow.control.window = 1MB (=1048576) (default)
2023-03-14 08:39:10,460 [Thread-1830] INFO  server.RaftServerConfigKeys (ConfUtils.java:logGet(46)) - raft.server.rpc.request.timeout = 3000ms (default)
2023-03-14 08:39:10,460 [Thread-1830] INFO  grpc.GrpcConfigKeys (ConfUtils.java:logGet(46)) - raft.grpc.server.heartbeat.channel = true (default)
2023-03-14 08:39:10,460 [Thread-1830] INFO  grpc.GrpcConfigKeys (ConfUtils.java:logGet(46)) - raft.grpc.server.async.request.thread.pool.cached = true (default)
2023-03-14 08:39:10,460 [Thread-1830] INFO  grpc.GrpcConfigKeys (ConfUtils.java:logGet(46)) - raft.grpc.server.async.request.thread.pool.size = 32 (default)
2023-03-14 08:39:10,461 [Thread-1830] INFO  impl.DataStreamServerImpl (ConfUtils.java:logGet(46)) - raft.datastream.type = DISABLED (default)
2023-03-14 08:39:10,461 [Thread-1830] INFO  server.RaftServerConfigKeys (ConfUtils.java:logGet(46)) - raft.server.threadpool.proxy.cached = true (default)
2023-03-14 08:39:10,461 [Thread-1830] INFO  server.RaftServerConfigKeys (ConfUtils.java:logGet(46)) - raft.server.threadpool.proxy.size = 0 (default)
2023-03-14 08:39:10,461 [Thread-1830] INFO  server.RaftServerConfigKeys (ConfUtils.java:logGet(46)) - raft.server.rpc.slowness.timeout = 60s (default)
2023-03-14 08:39:10,461 [Thread-1830] INFO  server.RaftServerConfigKeys (ConfUtils.java:logGet(46)) - raft.server.leaderelection.leader.step-down.wait-time = 10s (default)
2023-03-14 08:39:10,461 [Thread-1830] INFO  server.RaftServerConfigKeys (ConfUtils.java:logGet(46)) - raft.server.storage.dir = [/home/runner/work/ratis/ratis/ratis-test/target/test/data/be523d36/MiniRaftClusterWithGrpceb75dc03/s4] (custom)
2023-03-14 08:39:10,461 [s3-groupManagement] INFO  server.RaftServer$Division (RaftServerImpl.java:<init>(198)) - s3: new RaftServerImpl for group-A384FF32980E:[] with BaseStateMachine:uninitialized
2023-03-14 08:39:10,461 [s3-groupManagement] INFO  server.RaftServerConfigKeys (ConfUtils.java:logGet(46)) - raft.server.rpc.timeout.min = 150ms (default)
2023-03-14 08:39:10,461 [s3-groupManagement] INFO  server.RaftServerConfigKeys (ConfUtils.java:logGet(46)) - raft.server.rpc.timeout.max = 300ms (default)
2023-03-14 08:39:10,461 [s3-groupManagement] INFO  server.RaftServerConfigKeys (ConfUtils.java:logGet(46)) - raft.server.rpc.sleep.time = 25ms (default)
2023-03-14 08:39:10,461 [s3-groupManagement] INFO  server.RaftServerConfigKeys (ConfUtils.java:logGet(46)) - raft.server.rpc.slowness.timeout = 60s (default)
2023-03-14 08:39:10,461 [s3-groupManagement] INFO  server.RaftServerConfigKeys (ConfUtils.java:logGet(46)) - raft.server.leaderelection.leader.step-down.wait-time = 10s (default)
2023-03-14 08:39:10,461 [s3-groupManagement] INFO  server.RaftServerConfigKeys (ConfUtils.java:logGet(46)) - raft.server.sleep.deviation.threshold = 300ms (default)
2023-03-14 08:39:10,461 [s3-groupManagement] INFO  server.RaftServer$Division (ServerState.java:<init>(113)) - s3@group-A384FF32980E: ConfigurationManager, init=-1: peers:[]|listeners:[], old=null, confs=<EMPTY_MAP>
2023-03-14 08:39:10,461 [s3-groupManagement] INFO  server.RaftServerConfigKeys (ConfUtils.java:logGet(46)) - raft.server.notification.no-leader.timeout = 60s (default)
2023-03-14 08:39:10,461 [s3-groupManagement] INFO  server.RaftServerConfigKeys (ConfUtils.java:logGet(46)) - raft.server.read.timeout = 10s (default)
2023-03-14 08:39:10,461 [s3-groupManagement] INFO  server.RaftServerConfigKeys (ConfUtils.java:logGet(46)) - raft.server.retrycache.expirytime = 60s (default)
2023-03-14 08:39:10,461 [s3-groupManagement] INFO  server.RaftServerConfigKeys (ConfUtils.java:logGet(46)) - raft.server.retrycache.statistics.expirytime = 100μs (default)
2023-03-14 08:39:10,461 [s3-groupManagement] INFO  server.RaftServerConfigKeys (ConfUtils.java:logGet(46)) - raft.server.read.option = DEFAULT (default)
2023-03-14 08:39:10,462 [s3-groupManagement] INFO  server.RaftServerConfigKeys (ConfUtils.java:logGet(46)) - raft.server.log.appender.install.snapshot.enabled = true (default)
2023-03-14 08:39:10,462 [s3-groupManagement] INFO  server.RaftServerConfigKeys (ConfUtils.java:logGet(46)) - raft.server.threadpool.server.cached = true (default)
2023-03-14 08:39:10,462 [s3-groupManagement] INFO  server.RaftServerConfigKeys (ConfUtils.java:logGet(46)) - raft.server.threadpool.server.size = 0 (default)
2023-03-14 08:39:10,462 [s3-groupManagement] INFO  server.RaftServerConfigKeys (ConfUtils.java:logGet(46)) - raft.server.threadpool.client.cached = true (default)
2023-03-14 08:39:10,462 [s3-groupManagement] INFO  server.RaftServerConfigKeys (ConfUtils.java:logGet(46)) - raft.server.threadpool.client.size = 0 (default)
2023-03-14 08:39:10,464 [Thread-1830] INFO  server.RaftServer (RaftServerProxy.java:addNew(99)) - s4: addNew group-A384FF32980E:[] returns group-A384FF32980E:java.util.concurrent.CompletableFuture@6beaaa0d[Not completed]
2023-03-14 08:39:10,464 [s3-impl-thread1] INFO  server.RaftServerConfigKeys (ConfUtils.java:logGet(46)) - raft.server.storage.free-space.min = 0MB (=0) (default)
2023-03-14 08:39:10,464 [s3-impl-thread1] INFO  server.RaftServerConfigKeys (ConfUtils.java:logGet(46)) - raft.server.log.corruption.policy = EXCEPTION (default)
2023-03-14 08:39:10,464 [s3-impl-thread1] INFO  server.RaftServerConfigKeys (ConfUtils.java:logGet(46)) - raft.server.storage.dir = [/home/runner/work/ratis/ratis/ratis-test/target/test/data/be523d36/MiniRaftClusterWithGrpceb75dc03/s3] (custom)
2023-03-14 08:39:10,464 [s3-impl-thread1] INFO  storage.RaftStorageDirectory (RaftStorageDirectoryImpl.java:analyzeStorage(138)) - The storage directory /home/runner/work/ratis/ratis/ratis-test/target/test/data/be523d36/MiniRaftClusterWithGrpceb75dc03/s3/25ee9685-2434-4498-b7a4-a384ff32980e does not exist. Creating ...
2023-03-14 08:39:10,465 [s3-impl-thread1] TRACE util.FileUtils (LogUtils.java:runAndLog(49)) - Successfully ran Files.createDirectories /home/runner/work/ratis/ratis/ratis-test/target/test/data/be523d36/MiniRaftClusterWithGrpceb75dc03/s3/25ee9685-2434-4498-b7a4-a384ff32980e
2023-03-14 08:39:10,465 [s4-groupManagement] INFO  server.RaftServer$Division (RaftServerImpl.java:<init>(198)) - s4: new RaftServerImpl for group-A384FF32980E:[] with BaseStateMachine:uninitialized
2023-03-14 08:39:10,465 [s4-groupManagement] INFO  server.RaftServerConfigKeys (ConfUtils.java:logGet(46)) - raft.server.rpc.timeout.min = 150ms (default)
2023-03-14 08:39:10,465 [s4-groupManagement] INFO  server.RaftServerConfigKeys (ConfUtils.java:logGet(46)) - raft.server.rpc.timeout.max = 300ms (default)
2023-03-14 08:39:10,465 [s4-groupManagement] INFO  server.RaftServerConfigKeys (ConfUtils.java:logGet(46)) - raft.server.rpc.sleep.time = 25ms (default)
2023-03-14 08:39:10,465 [s4-groupManagement] INFO  server.RaftServerConfigKeys (ConfUtils.java:logGet(46)) - raft.server.rpc.slowness.timeout = 60s (default)
2023-03-14 08:39:10,465 [s4-groupManagement] INFO  server.RaftServerConfigKeys (ConfUtils.java:logGet(46)) - raft.server.leaderelection.leader.step-down.wait-time = 10s (default)
2023-03-14 08:39:10,465 [s4-groupManagement] INFO  server.RaftServerConfigKeys (ConfUtils.java:logGet(46)) - raft.server.sleep.deviation.threshold = 300ms (default)
2023-03-14 08:39:10,465 [s4-groupManagement] INFO  server.RaftServer$Division (ServerState.java:<init>(113)) - s4@group-A384FF32980E: ConfigurationManager, init=-1: peers:[]|listeners:[], old=null, confs=<EMPTY_MAP>
2023-03-14 08:39:10,465 [s4-groupManagement] INFO  server.RaftServerConfigKeys (ConfUtils.java:logGet(46)) - raft.server.notification.no-leader.timeout = 60s (default)
2023-03-14 08:39:10,465 [s4-groupManagement] INFO  server.RaftServerConfigKeys (ConfUtils.java:logGet(46)) - raft.server.read.timeout = 10s (default)
2023-03-14 08:39:10,465 [s4-groupManagement] INFO  server.RaftServerConfigKeys (ConfUtils.java:logGet(46)) - raft.server.retrycache.expirytime = 60s (default)
2023-03-14 08:39:10,465 [s4-groupManagement] INFO  server.RaftServerConfigKeys (ConfUtils.java:logGet(46)) - raft.server.retrycache.statistics.expirytime = 100μs (default)
2023-03-14 08:39:10,465 [s4-groupManagement] INFO  server.RaftServerConfigKeys (ConfUtils.java:logGet(46)) - raft.server.read.option = DEFAULT (default)
2023-03-14 08:39:10,465 [s2-server-thread1] DEBUG server.RaftServer$Division (RaftServerImpl.java:logAppendEntries(1430)) - s2@group-A384FF32980E: receive appendEntries(s1, 1, (t:1, i:39), 39, true, commits:[s1:c39, s0:c38, s2:c37], cId:41504, entries: [(t:1, i:40), METADATAENTRY(c:39)]
2023-03-14 08:39:10,466 [s0-server-thread1] DEBUG server.RaftServer$Division (RaftServerImpl.java:logAppendEntries(1430)) - s0@group-A384FF32980E: receive appendEntries(s1, 1, (t:1, i:39), 39, true, commits:[s1:c39, s0:c38, s2:c37], cId:35042, entries: [(t:1, i:40), METADATAENTRY(c:39)]
2023-03-14 08:39:10,466 [s4-groupManagement] INFO  server.RaftServerConfigKeys (ConfUtils.java:logGet(46)) - raft.server.log.appender.install.snapshot.enabled = true (default)
2023-03-14 08:39:10,466 [s4-groupManagement] INFO  server.RaftServerConfigKeys (ConfUtils.java:logGet(46)) - raft.server.threadpool.server.cached = true (default)
2023-03-14 08:39:10,466 [s4-groupManagement] INFO  server.RaftServerConfigKeys (ConfUtils.java:logGet(46)) - raft.server.threadpool.server.size = 0 (default)
2023-03-14 08:39:10,466 [s4-groupManagement] INFO  server.RaftServerConfigKeys (ConfUtils.java:logGet(46)) - raft.server.threadpool.client.cached = true (default)
2023-03-14 08:39:10,466 [s4-groupManagement] INFO  server.RaftServerConfigKeys (ConfUtils.java:logGet(46)) - raft.server.threadpool.client.size = 0 (default)
2023-03-14 08:39:10,466 [s3-impl-thread1] INFO  storage.RaftStorageDirectory (RaftStorageDirectoryImpl.java:tryLock(232)) - Lock on /home/runner/work/ratis/ratis/ratis-test/target/test/data/be523d36/MiniRaftClusterWithGrpceb75dc03/s3/25ee9685-2434-4498-b7a4-a384ff32980e/in_use.lock acquired by nodename 10435@fv-az41-628
2023-03-14 08:39:10,466 [s3-impl-thread1] TRACE util.FileUtils (LogUtils.java:runAndLog(49)) - Successfully ran Files.createDirectories /home/runner/work/ratis/ratis/ratis-test/target/test/data/be523d36/MiniRaftClusterWithGrpceb75dc03/s3/25ee9685-2434-4498-b7a4-a384ff32980e/current
2023-03-14 08:39:10,466 [s3-impl-thread1] TRACE util.FileUtils (LogUtils.java:runAndLog(49)) - Successfully ran Files.createDirectories /home/runner/work/ratis/ratis/ratis-test/target/test/data/be523d36/MiniRaftClusterWithGrpceb75dc03/s3/25ee9685-2434-4498-b7a4-a384ff32980e/sm
2023-03-14 08:39:10,467 [s0-server-thread1] DEBUG server.RaftServer$Division (RaftServerImpl.java:logAppendEntries(1430)) - s0@group-A384FF32980E: succeeded to handle AppendEntries. Reply: s1<-s0#35042:OK-t1,SUCCESS,nextIndex=41,followerCommit=39,matchIndex=40
2023-03-14 08:39:10,467 [s2-server-thread1] DEBUG server.RaftServer$Division (RaftServerImpl.java:logAppendEntries(1430)) - s2@group-A384FF32980E: succeeded to handle AppendEntries. Reply: s1<-s2#41504:OK-t1,SUCCESS,nextIndex=41,followerCommit=39,matchIndex=40
2023-03-14 08:39:10,468 [s3-impl-thread1] INFO  storage.RaftStorage (RaftStorageImpl.java:format(96)) - Storage directory /home/runner/work/ratis/ratis/ratis-test/target/test/data/be523d36/MiniRaftClusterWithGrpceb75dc03/s3/25ee9685-2434-4498-b7a4-a384ff32980e has been successfully formatted.
2023-03-14 08:39:10,468 [s3-impl-thread1] INFO  server.RaftServerConfigKeys (ConfUtils.java:logGet(46)) - raft.server.log.use.memory = false (default)
2023-03-14 08:39:10,469 [s3-impl-thread1] INFO  server.RaftServerConfigKeys (ConfUtils.java:logGet(46)) - raft.server.log.purge.gap = 1024 (default)
2023-03-14 08:39:10,469 [s3-impl-thread1] INFO  server.RaftServerConfigKeys (ConfUtils.java:logGet(46)) - raft.server.log.appender.buffer.byte-limit = 4MB (=4194304) (default)
2023-03-14 08:39:10,469 [s3-impl-thread1] INFO  server.RaftServerConfigKeys (ConfUtils.java:logGet(46)) - raft.server.log.statemachine.data.read.timeout = 1000ms (default)
2023-03-14 08:39:10,469 [s3-impl-thread1] INFO  server.RaftServerConfigKeys (ConfUtils.java:logGet(46)) - raft.server.log.purge.preservation.log.num = 0 (default)
2023-03-14 08:39:10,469 [s3-impl-thread1] INFO  server.RaftServerConfigKeys (ConfUtils.java:logGet(46)) - raft.server.log.segment.size.max = 8MB (=8388608) (default)
2023-03-14 08:39:10,469 [s3-impl-thread1] INFO  server.RaftServerConfigKeys (ConfUtils.java:logGet(46)) - raft.server.log.segment.cache.num.max = 6 (default)
2023-03-14 08:39:10,469 [s3-impl-thread1] INFO  server.RaftServerConfigKeys (ConfUtils.java:logGet(46)) - raft.server.log.segment.cache.size.max = 200MB (=209715200) (default)
2023-03-14 08:39:10,469 [s3-impl-thread1] INFO  server.RaftServerConfigKeys (ConfUtils.java:logGet(46)) - raft.server.log.appender.buffer.byte-limit = 4MB (=4194304) (default)
2023-03-14 08:39:10,469 [s3-impl-thread1] INFO  segmented.SegmentedRaftLogWorker (SegmentedRaftLogWorker.java:<init>(183)) - new s3@group-A384FF32980E-SegmentedRaftLogWorker for RaftStorageImpl:Storage Directory /home/runner/work/ratis/ratis/ratis-test/target/test/data/be523d36/MiniRaftClusterWithGrpceb75dc03/s3/25ee9685-2434-4498-b7a4-a384ff32980e
2023-03-14 08:39:10,469 [s3-impl-thread1] INFO  server.RaftServerConfigKeys (ConfUtils.java:logGet(46)) - raft.server.log.queue.byte-limit = 64MB (=67108864) (default)
2023-03-14 08:39:10,469 [s3-impl-thread1] INFO  server.RaftServerConfigKeys (ConfUtils.java:logGet(46)) - raft.server.log.queue.element-limit = 4096 (default)
2023-03-14 08:39:10,469 [s3-impl-thread1] INFO  server.RaftServerConfigKeys (ConfUtils.java:logGet(46)) - raft.server.log.segment.size.max = 8MB (=8388608) (default)
2023-03-14 08:39:10,469 [s3-impl-thread1] INFO  server.RaftServerConfigKeys (ConfUtils.java:logGet(46)) - raft.server.log.preallocated.size = 4MB (=4194304) (default)
2023-03-14 08:39:10,469 [s3-impl-thread1] INFO  server.RaftServerConfigKeys (ConfUtils.java:logGet(46)) - raft.server.log.force.sync.num = 128 (default)
2023-03-14 08:39:10,469 [s3-impl-thread1] INFO  server.RaftServerConfigKeys (ConfUtils.java:logGet(46)) - raft.server.log.statemachine.data.sync = true (default)
2023-03-14 08:39:10,469 [s3-impl-thread1] INFO  server.RaftServerConfigKeys (ConfUtils.java:logGet(46)) - raft.server.log.statemachine.data.sync.timeout = 10s (default)
2023-03-14 08:39:10,469 [s3-impl-thread1] INFO  server.RaftServerConfigKeys (ConfUtils.java:logGet(46)) - raft.server.log.statemachine.data.sync.timeout.retry = -1 (default)
2023-03-14 08:39:10,469 [s3-impl-thread1] INFO  server.RaftServerConfigKeys (ConfUtils.java:logGet(46)) - raft.server.log.write.buffer.size = 64KB (=65536) (default)
2023-03-14 08:39:10,469 [s3-impl-thread1] INFO  server.RaftServerConfigKeys (ConfUtils.java:logGet(46)) - raft.server.log.appender.buffer.byte-limit = 4MB (=4194304) (default)
2023-03-14 08:39:10,470 [s3-impl-thread1] INFO  server.RaftServerConfigKeys (ConfUtils.java:logGet(46)) - raft.server.log.unsafe-flush.enabled = false (default)
2023-03-14 08:39:10,470 [s3-impl-thread1] INFO  server.RaftServerConfigKeys (ConfUtils.java:logGet(46)) - raft.server.log.async-flush.enabled = false (default)
2023-03-14 08:39:10,470 [s3-impl-thread1] INFO  server.RaftServerConfigKeys (ConfUtils.java:logGet(46)) - raft.server.log.statemachine.data.caching.enabled = false (default)
2023-03-14 08:39:10,470 [s3-impl-thread1] INFO  segmented.SegmentedRaftLogWorker (SegmentedRaftLogWorker.java:lambda$new$0(134)) - s3@group-A384FF32980E-SegmentedRaftLogWorker: flushIndex: setUnconditionally 0 -> -1
2023-03-14 08:39:10,470 [s3-impl-thread1] INFO  segmented.SegmentedRaftLogWorker (SegmentedRaftLogWorker.java:lambda$new$0(134)) - s3@group-A384FF32980E-SegmentedRaftLogWorker: safeCacheEvictIndex: setUnconditionally 0 -> -1
2023-03-14 08:39:10,470 [s3-impl-thread1] INFO  server.RaftServer$Division (RaftServerImpl.java:start(348)) - s3@group-A384FF32980E: start with initializing state, conf=-1: peers:[]|listeners:[], old=null
2023-03-14 08:39:10,470 [s3-impl-thread1] INFO  server.RaftServer$Division (RaftServerImpl.java:setRole(329)) - s3@group-A384FF32980E: changes role from      null to FOLLOWER at term 0 for startInitializing
2023-03-14 08:39:10,470 [s3-impl-thread1] INFO  util.JmxRegister (JmxRegister.java:tryRegister(44)) - Successfully registered JMX Bean with object name Ratis:service=RaftServer,group=group-A384FF32980E,id=s3
2023-03-14 08:39:10,470 [s3-impl-thread1] INFO  server.RaftServerConfigKeys (ConfUtils.java:logGet(46)) - raft.server.snapshot.auto.trigger.enabled = false (default)
2023-03-14 08:39:10,470 [s3-impl-thread1] INFO  server.RaftServerConfigKeys (ConfUtils.java:logGet(46)) - raft.server.snapshot.retention.file.num = -1 (default)
2023-03-14 08:39:10,470 [s3-impl-thread1] INFO  server.RaftServerConfigKeys (ConfUtils.java:logGet(46)) - raft.server.log.purge.upto.snapshot.index = false (default)
2023-03-14 08:39:10,471 [Thread-1830] INFO  server.RaftServer (RaftServerProxy.java:startImpl(401)) - s3: start RPC server
2023-03-14 08:39:10,471 [Thread-1830] INFO  server.GrpcService (GrpcService.java:startImpl(302)) - s3: GrpcService started, listening on 40113
2023-03-14 08:39:10,472 [s4-impl-thread1] INFO  server.RaftServerConfigKeys (ConfUtils.java:logGet(46)) - raft.server.storage.free-space.min = 0MB (=0) (default)
2023-03-14 08:39:10,472 [s4-impl-thread1] INFO  server.RaftServerConfigKeys (ConfUtils.java:logGet(46)) - raft.server.log.corruption.policy = EXCEPTION (default)
2023-03-14 08:39:10,472 [s4-impl-thread1] INFO  server.RaftServerConfigKeys (ConfUtils.java:logGet(46)) - raft.server.storage.dir = [/home/runner/work/ratis/ratis/ratis-test/target/test/data/be523d36/MiniRaftClusterWithGrpceb75dc03/s4] (custom)
2023-03-14 08:39:10,472 [s4-impl-thread1] INFO  storage.RaftStorageDirectory (RaftStorageDirectoryImpl.java:analyzeStorage(138)) - The storage directory /home/runner/work/ratis/ratis/ratis-test/target/test/data/be523d36/MiniRaftClusterWithGrpceb75dc03/s4/25ee9685-2434-4498-b7a4-a384ff32980e does not exist. Creating ...
2023-03-14 08:39:10,472 [s4-impl-thread1] TRACE util.FileUtils (LogUtils.java:runAndLog(49)) - Successfully ran Files.createDirectories /home/runner/work/ratis/ratis/ratis-test/target/test/data/be523d36/MiniRaftClusterWithGrpceb75dc03/s4/25ee9685-2434-4498-b7a4-a384ff32980e
2023-03-14 08:39:10,472 [JvmPauseMonitor61] INFO  util.JvmPauseMonitor (JvmPauseMonitor.java:run(103)) - JvmPauseMonitor-s3: Started
2023-03-14 08:39:10,473 [s4-impl-thread1] INFO  storage.RaftStorageDirectory (RaftStorageDirectoryImpl.java:tryLock(232)) - Lock on /home/runner/work/ratis/ratis/ratis-test/target/test/data/be523d36/MiniRaftClusterWithGrpceb75dc03/s4/25ee9685-2434-4498-b7a4-a384ff32980e/in_use.lock acquired by nodename 10435@fv-az41-628
2023-03-14 08:39:10,473 [s4-impl-thread1] TRACE util.FileUtils (LogUtils.java:runAndLog(49)) - Successfully ran Files.createDirectories /home/runner/work/ratis/ratis/ratis-test/target/test/data/be523d36/MiniRaftClusterWithGrpceb75dc03/s4/25ee9685-2434-4498-b7a4-a384ff32980e/current
2023-03-14 08:39:10,473 [s4-impl-thread1] TRACE util.FileUtils (LogUtils.java:runAndLog(49)) - Successfully ran Files.createDirectories /home/runner/work/ratis/ratis/ratis-test/target/test/data/be523d36/MiniRaftClusterWithGrpceb75dc03/s4/25ee9685-2434-4498-b7a4-a384ff32980e/sm
2023-03-14 08:39:10,475 [s4-impl-thread1] INFO  storage.RaftStorage (RaftStorageImpl.java:format(96)) - Storage directory /home/runner/work/ratis/ratis/ratis-test/target/test/data/be523d36/MiniRaftClusterWithGrpceb75dc03/s4/25ee9685-2434-4498-b7a4-a384ff32980e has been successfully formatted.
2023-03-14 08:39:10,475 [s4-impl-thread1] INFO  server.RaftServerConfigKeys (ConfUtils.java:logGet(46)) - raft.server.log.use.memory = false (default)
2023-03-14 08:39:10,475 [s4-impl-thread1] INFO  server.RaftServerConfigKeys (ConfUtils.java:logGet(46)) - raft.server.log.purge.gap = 1024 (default)
2023-03-14 08:39:10,475 [s4-impl-thread1] INFO  server.RaftServerConfigKeys (ConfUtils.java:logGet(46)) - raft.server.log.appender.buffer.byte-limit = 4MB (=4194304) (default)
2023-03-14 08:39:10,475 [s4-impl-thread1] INFO  server.RaftServerConfigKeys (ConfUtils.java:logGet(46)) - raft.server.log.statemachine.data.read.timeout = 1000ms (default)
2023-03-14 08:39:10,475 [s4-impl-thread1] INFO  server.RaftServerConfigKeys (ConfUtils.java:logGet(46)) - raft.server.log.purge.preservation.log.num = 0 (default)
2023-03-14 08:39:10,475 [s4-impl-thread1] INFO  server.RaftServerConfigKeys (ConfUtils.java:logGet(46)) - raft.server.log.segment.size.max = 8MB (=8388608) (default)
2023-03-14 08:39:10,475 [s4-impl-thread1] INFO  server.RaftServerConfigKeys (ConfUtils.java:logGet(46)) - raft.server.log.segment.cache.num.max = 6 (default)
2023-03-14 08:39:10,475 [s4-impl-thread1] INFO  server.RaftServerConfigKeys (ConfUtils.java:logGet(46)) - raft.server.log.segment.cache.size.max = 200MB (=209715200) (default)
2023-03-14 08:39:10,475 [s4-impl-thread1] INFO  server.RaftServerConfigKeys (ConfUtils.java:logGet(46)) - raft.server.log.appender.buffer.byte-limit = 4MB (=4194304) (default)
2023-03-14 08:39:10,475 [s4-impl-thread1] INFO  segmented.SegmentedRaftLogWorker (SegmentedRaftLogWorker.java:<init>(183)) - new s4@group-A384FF32980E-SegmentedRaftLogWorker for RaftStorageImpl:Storage Directory /home/runner/work/ratis/ratis/ratis-test/target/test/data/be523d36/MiniRaftClusterWithGrpceb75dc03/s4/25ee9685-2434-4498-b7a4-a384ff32980e
2023-03-14 08:39:10,475 [s4-impl-thread1] INFO  server.RaftServerConfigKeys (ConfUtils.java:logGet(46)) - raft.server.log.queue.byte-limit = 64MB (=67108864) (default)
2023-03-14 08:39:10,475 [s4-impl-thread1] INFO  server.RaftServerConfigKeys (ConfUtils.java:logGet(46)) - raft.server.log.queue.element-limit = 4096 (default)
2023-03-14 08:39:10,475 [s4-impl-thread1] INFO  server.RaftServerConfigKeys (ConfUtils.java:logGet(46)) - raft.server.log.segment.size.max = 8MB (=8388608) (default)
2023-03-14 08:39:10,475 [s4-impl-thread1] INFO  server.RaftServerConfigKeys (ConfUtils.java:logGet(46)) - raft.server.log.preallocated.size = 4MB (=4194304) (default)
2023-03-14 08:39:10,475 [s4-impl-thread1] INFO  server.RaftServerConfigKeys (ConfUtils.java:logGet(46)) - raft.server.log.force.sync.num = 128 (default)
2023-03-14 08:39:10,475 [s4-impl-thread1] INFO  server.RaftServerConfigKeys (ConfUtils.java:logGet(46)) - raft.server.log.statemachine.data.sync = true (default)
2023-03-14 08:39:10,475 [s4-impl-thread1] INFO  server.RaftServerConfigKeys (ConfUtils.java:logGet(46)) - raft.server.log.statemachine.data.sync.timeout = 10s (default)
2023-03-14 08:39:10,475 [s4-impl-thread1] INFO  server.RaftServerConfigKeys (ConfUtils.java:logGet(46)) - raft.server.log.statemachine.data.sync.timeout.retry = -1 (default)
2023-03-14 08:39:10,475 [s4-impl-thread1] INFO  server.RaftServerConfigKeys (ConfUtils.java:logGet(46)) - raft.server.log.write.buffer.size = 64KB (=65536) (default)
2023-03-14 08:39:10,476 [s4-impl-thread1] INFO  server.RaftServerConfigKeys (ConfUtils.java:logGet(46)) - raft.server.log.appender.buffer.byte-limit = 4MB (=4194304) (default)
2023-03-14 08:39:10,476 [s4-impl-thread1] INFO  server.RaftServerConfigKeys (ConfUtils.java:logGet(46)) - raft.server.log.unsafe-flush.enabled = false (default)
2023-03-14 08:39:10,476 [s4-impl-thread1] INFO  server.RaftServerConfigKeys (ConfUtils.java:logGet(46)) - raft.server.log.async-flush.enabled = false (default)
2023-03-14 08:39:10,476 [s4-impl-thread1] INFO  server.RaftServerConfigKeys (ConfUtils.java:logGet(46)) - raft.server.log.statemachine.data.caching.enabled = false (default)
2023-03-14 08:39:10,476 [s4-impl-thread1] INFO  segmented.SegmentedRaftLogWorker (SegmentedRaftLogWorker.java:lambda$new$0(134)) - s4@group-A384FF32980E-SegmentedRaftLogWorker: flushIndex: setUnconditionally 0 -> -1
2023-03-14 08:39:10,476 [s4-impl-thread1] INFO  segmented.SegmentedRaftLogWorker (SegmentedRaftLogWorker.java:lambda$new$0(134)) - s4@group-A384FF32980E-SegmentedRaftLogWorker: safeCacheEvictIndex: setUnconditionally 0 -> -1
2023-03-14 08:39:10,484 [s4-impl-thread1] INFO  server.RaftServer$Division (RaftServerImpl.java:start(348)) - s4@group-A384FF32980E: start with initializing state, conf=-1: peers:[]|listeners:[], old=null
2023-03-14 08:39:10,484 [s4-impl-thread1] INFO  server.RaftServer$Division (RaftServerImpl.java:setRole(329)) - s4@group-A384FF32980E: changes role from      null to FOLLOWER at term 0 for startInitializing
2023-03-14 08:39:10,484 [s4-impl-thread1] INFO  util.JmxRegister (JmxRegister.java:tryRegister(44)) - Successfully registered JMX Bean with object name Ratis:service=RaftServer,group=group-A384FF32980E,id=s4
2023-03-14 08:39:10,484 [s4-impl-thread1] INFO  server.RaftServerConfigKeys (ConfUtils.java:logGet(46)) - raft.server.snapshot.auto.trigger.enabled = false (default)
2023-03-14 08:39:10,484 [s4-impl-thread1] INFO  server.RaftServerConfigKeys (ConfUtils.java:logGet(46)) - raft.server.snapshot.retention.file.num = -1 (default)
2023-03-14 08:39:10,484 [s4-impl-thread1] INFO  server.RaftServerConfigKeys (ConfUtils.java:logGet(46)) - raft.server.log.purge.upto.snapshot.index = false (default)
2023-03-14 08:39:10,488 [Thread-1830] INFO  server.RaftServer (RaftServerProxy.java:startImpl(401)) - s4: start RPC server
2023-03-14 08:39:10,488 [Thread-1830] INFO  server.GrpcService (GrpcService.java:startImpl(302)) - s4: GrpcService started, listening on 33213
2023-03-14 08:39:10,492 [Thread-1830] INFO  grpc.TestRaftReconfigurationWithGrpc (RaftReconfigurationBaseTest.java:lambda$runTestReconfTwice$6(284)) - Start changing the configuration: [s3|rpc:0.0.0.0:40113|priority:0|startupRole:FOLLOWER, s4|rpc:0.0.0.0:33213|priority:0|startupRole:FOLLOWER, s0|rpc:localhost:37187|admin:localhost:44251|client:localhost:41265|dataStream:localhost:40977|priority:0|startupRole:FOLLOWER, s1|rpc:localhost:44865|admin:localhost:35297|client:localhost:32793|dataStream:localhost:35567|priority:0|startupRole:FOLLOWER, s2|rpc:localhost:35823|admin:localhost:38665|client:localhost:35617|dataStream:localhost:45371|priority:0|startupRole:FOLLOWER]
2023-03-14 08:39:10,500 [JvmPauseMonitor62] INFO  util.JvmPauseMonitor (JvmPauseMonitor.java:run(103)) - JvmPauseMonitor-s4: Started
2023-03-14 08:39:10,504 [s1-server-thread1] INFO  server.RaftServer$Division (RaftServerImpl.java:setConfigurationAsync(1197)) - s1@group-A384FF32980E: receive setConfiguration SetConfigurationRequest:client-608357F93E69->s1@group-A384FF32980E, cid=75, seq=0, RW, null, SET_UNCONDITIONALLY, servers:[s3|rpc:0.0.0.0:40113|dataStream:|priority:0|startupRole:FOLLOWER, s4|rpc:0.0.0.0:33213|dataStream:|priority:0|startupRole:FOLLOWER, s0|rpc:localhost:37187|admin:localhost:44251|client:localhost:41265|dataStream:localhost:40977|priority:0|startupRole:FOLLOWER, s1|rpc:localhost:44865|admin:localhost:35297|client:localhost:32793|dataStream:localhost:35567|priority:0|startupRole:FOLLOWER, s2|rpc:localhost:35823|admin:localhost:38665|client:localhost:35617|dataStream:localhost:45371|priority:0|startupRole:FOLLOWER], listeners:[]
2023-03-14 08:39:10,504 [s1-server-thread1] INFO  server.RaftServer$Division (LeaderStateImpl.java:startSetConfiguration(440)) - s1@group-A384FF32980E-LeaderStateImpl: startSetConfiguration SetConfigurationRequest:client-608357F93E69->s1@group-A384FF32980E, cid=75, seq=0, RW, null, SET_UNCONDITIONALLY, servers:[s3|rpc:0.0.0.0:40113|dataStream:|priority:0|startupRole:FOLLOWER, s4|rpc:0.0.0.0:33213|dataStream:|priority:0|startupRole:FOLLOWER, s0|rpc:localhost:37187|admin:localhost:44251|client:localhost:41265|dataStream:localhost:40977|priority:0|startupRole:FOLLOWER, s1|rpc:localhost:44865|admin:localhost:35297|client:localhost:32793|dataStream:localhost:35567|priority:0|startupRole:FOLLOWER, s2|rpc:localhost:35823|admin:localhost:38665|client:localhost:35617|dataStream:localhost:45371|priority:0|startupRole:FOLLOWER], listeners:[]
2023-03-14 08:39:10,504 [s1-server-thread1] INFO  server.RaftServerConfigKeys (ConfUtils.java:logGet(46)) - raft.server.log.appender.snapshot.chunk.size.max = 16MB (=16777216) (default)
2023-03-14 08:39:10,505 [s1-server-thread1] INFO  server.RaftServerConfigKeys (ConfUtils.java:logGet(46)) - raft.server.log.appender.buffer.byte-limit = 4MB (=4194304) (default)
2023-03-14 08:39:10,505 [s1-server-thread1] INFO  server.RaftServerConfigKeys (ConfUtils.java:logGet(46)) - raft.server.log.appender.buffer.element-limit = 0 (default)
2023-03-14 08:39:10,505 [s1-server-thread1] INFO  server.RaftServerConfigKeys (ConfUtils.java:logGet(46)) - raft.server.log.appender.wait-time.min = 10ms (default)
2023-03-14 08:39:10,505 [s1-server-thread1] INFO  grpc.GrpcConfigKeys (ConfUtils.java:logGet(46)) - raft.grpc.server.leader.outstanding.appends.max = 128 (default)
2023-03-14 08:39:10,505 [s1-server-thread1] INFO  server.RaftServerConfigKeys (ConfUtils.java:logGet(46)) - raft.server.rpc.request.timeout = 3000ms (default)
2023-03-14 08:39:10,505 [s1-server-thread1] INFO  server.RaftServerConfigKeys (ConfUtils.java:logGet(46)) - raft.server.log.appender.install.snapshot.enabled = true (default)
2023-03-14 08:39:10,505 [s1-server-thread1] INFO  grpc.GrpcConfigKeys (ConfUtils.java:logGet(46)) - raft.grpc.server.heartbeat.channel = true (default)
2023-03-14 08:39:10,505 [s1-server-thread1] INFO  server.RaftServerConfigKeys (ConfUtils.java:logGet(46)) - raft.server.log.appender.snapshot.chunk.size.max = 16MB (=16777216) (default)
2023-03-14 08:39:10,505 [s1-server-thread1] INFO  server.RaftServerConfigKeys (ConfUtils.java:logGet(46)) - raft.server.log.appender.buffer.byte-limit = 4MB (=4194304) (default)
2023-03-14 08:39:10,505 [s1-server-thread1] INFO  server.RaftServerConfigKeys (ConfUtils.java:logGet(46)) - raft.server.log.appender.buffer.element-limit = 0 (default)
2023-03-14 08:39:10,505 [s1-server-thread1] INFO  server.RaftServerConfigKeys (ConfUtils.java:logGet(46)) - raft.server.log.appender.wait-time.min = 10ms (default)
2023-03-14 08:39:10,505 [s1-server-thread1] INFO  grpc.GrpcConfigKeys (ConfUtils.java:logGet(46)) - raft.grpc.server.leader.outstanding.appends.max = 128 (default)
2023-03-14 08:39:10,505 [s1-server-thread1] INFO  server.RaftServerConfigKeys (ConfUtils.java:logGet(46)) - raft.server.rpc.request.timeout = 3000ms (default)
2023-03-14 08:39:10,505 [s1-server-thread1] INFO  server.RaftServerConfigKeys (ConfUtils.java:logGet(46)) - raft.server.log.appender.install.snapshot.enabled = true (default)
2023-03-14 08:39:10,505 [s1-server-thread1] INFO  grpc.GrpcConfigKeys (ConfUtils.java:logGet(46)) - raft.grpc.server.heartbeat.channel = true (default)
2023-03-14 08:39:10,515 [s1@group-A384FF32980E->s3-GrpcLogAppender-LogAppenderDaemon] INFO  leader.FollowerInfo (FollowerInfoImpl.java:setAttemptedToInstallSnapshot(126)) - Follower s1@group-A384FF32980E->s3 acknowledged installing snapshot
2023-03-14 08:39:10,515 [s1@group-A384FF32980E->s3-GrpcLogAppender-LogAppenderDaemon] INFO  server.GrpcServerProtocolClient (GrpcServerProtocolClient.java:<init>(64)) - Build channel for s3
2023-03-14 08:39:10,536 [s1@group-A384FF32980E->s4-GrpcLogAppender-LogAppenderDaemon] INFO  leader.FollowerInfo (FollowerInfoImpl.java:setAttemptedToInstallSnapshot(126)) - Follower s1@group-A384FF32980E->s4 acknowledged installing snapshot
2023-03-14 08:39:10,536 [s1@group-A384FF32980E->s4-GrpcLogAppender-LogAppenderDaemon] INFO  server.GrpcServerProtocolClient (GrpcServerProtocolClient.java:<init>(64)) - Build channel for s4
2023-03-14 08:39:10,540 [s3-server-thread2] DEBUG server.RaftServer$Division (RaftServerImpl.java:logAppendEntries(1430)) - s3@group-A384FF32980E: receive appendEntries(s1, 1, null, 40, false, commits:[s1:c40, s0:c39, s2:c39, s3:c-1, s4:c-1], cId:1, entries: [(t:1, i:0), CONFIGURATIONENTRY(current:id: "s0"
address: "localhost:37187"
dataStreamAddress: "localhost:40977"
clientAddress: "localhost:41265"
adminAddress: "localhost:44251"
startupRole: FOLLOWER
,id: "s1"
address: "localhost:44865"
dataStreamAddress: "localhost:35567"
clientAddress: "localhost:32793"
adminAddress: "localhost:35297"
startupRole: FOLLOWER
,id: "s2"
address: "localhost:35823"
dataStreamAddress: "localhost:45371"
clientAddress: "localhost:35617"
adminAddress: "localhost:38665"
startupRole: FOLLOWER
, old:), (t:1, i:1), STATEMACHINELOGENTRY, 55@client-608357F93E69, (t:1, i:2), METADATAENTRY(c:1), (t:1, i:3), STATEMACHINELOGENTRY, 56@client-608357F93E69, (t:1, i:4), METADATAENTRY(c:3), (t:1, i:5), STATEMACHINELOGENTRY, 57@client-608357F93E69, (t:1, i:6), METADATAENTRY(c:5), (t:1, i:7), STATEMACHINELOGENTRY, 58@client-608357F93E69, (t:1, i:8), METADATAENTRY(c:7), (t:1, i:9), STATEMACHINELOGENTRY, 59@client-608357F93E69, (t:1, i:10), METADATAENTRY(c:9), (t:1, i:11), STATEMACHINELOGENTRY, 60@client-608357F93E69, (t:1, i:12), METADATAENTRY(c:11), (t:1, i:13), STATEMACHINELOGENTRY, 61@client-608357F93E69, (t:1, i:14), METADATAENTRY(c:13), (t:1, i:15), STATEMACHINELOGENTRY, 62@client-608357F93E69, (t:1, i:16), METADATAENTRY(c:15), (t:1, i:17), STATEMACHINELOGENTRY, 63@client-608357F93E69, (t:1, i:18), METADATAENTRY(c:17), (t:1, i:19), STATEMACHINELOGENTRY, 64@client-608357F93E69, (t:1, i:20), METADATAENTRY(c:19), (t:1, i:21), STATEMACHINELOGENTRY, 65@client-608357F93E69, (t:1, i:22), METADATAENTRY(c:21), (t:1, i:23), STATEMACHINELOGENTRY, 66@client-608357F93E69, (t:1, i:24), METADATAENTRY(c:23), (t:1, i:25), STATEMACHINELOGENTRY, 67@client-608357F93E69, (t:1, i:26), METADATAENTRY(c:25), (t:1, i:27), STATEMACHINELOGENTRY, 68@client-608357F93E69, (t:1, i:28), METADATAENTRY(c:27), (t:1, i:29), STATEMACHINELOGENTRY, 69@client-608357F93E69, (t:1, i:30), METADATAENTRY(c:29), (t:1, i:31), STATEMACHINELOGENTRY, 70@client-608357F93E69, (t:1, i:32), METADATAENTRY(c:31), (t:1, i:33), STATEMACHINELOGENTRY, 71@client-608357F93E69, (t:1, i:34), METADATAENTRY(c:33), (t:1, i:35), STATEMACHINELOGENTRY, 72@client-608357F93E69, (t:1, i:36), METADATAENTRY(c:35), (t:1, i:37), STATEMACHINELOGENTRY, 73@client-608357F93E69, (t:1, i:38), METADATAENTRY(c:37), (t:1, i:39), STATEMACHINELOGENTRY, 74@client-608357F93E69, (t:1, i:40), METADATAENTRY(c:39)]
2023-03-14 08:39:10,541 [s3-server-thread2] INFO  server.RaftServer$Division (ServerState.java:setLeader(260)) - s3@group-A384FF32980E: change Leader from null to s1 at term 1 for appendEntries, leader elected after 79ms
2023-03-14 08:39:10,541 [s3-server-thread2] INFO  impl.RoleInfo (RoleInfo.java:updateAndGet(139)) - s3: start s3@group-A384FF32980E-FollowerState
2023-03-14 08:39:10,548 [s3-server-thread2] INFO  server.RaftServer$Division (ServerState.java:setRaftConf(378)) - s3@group-A384FF32980E: set configuration 0: peers:[s0|rpc:localhost:37187|admin:localhost:44251|client:localhost:41265|dataStream:localhost:40977|priority:0|startupRole:FOLLOWER, s1|rpc:localhost:44865|admin:localhost:35297|client:localhost:32793|dataStream:localhost:35567|priority:0|startupRole:FOLLOWER, s2|rpc:localhost:35823|admin:localhost:38665|client:localhost:35617|dataStream:localhost:45371|priority:0|startupRole:FOLLOWER]|listeners:[], old=null
2023-03-14 08:39:10,548 [s3-server-thread2] INFO  segmented.SegmentedRaftLogWorker (SegmentedRaftLogWorker.java:startLogSegment(426)) - s3@group-A384FF32980E-SegmentedRaftLogWorker: Starting segment from index:0
2023-03-14 08:39:10,556 [s4-server-thread1] INFO  server.RaftServer$Division (ServerState.java:setLeader(260)) - s4@group-A384FF32980E: change Leader from null to s1 at term 1 for appendEntries, leader elected after 91ms
2023-03-14 08:39:10,556 [s4-server-thread1] INFO  impl.RoleInfo (RoleInfo.java:updateAndGet(139)) - s4: start s4@group-A384FF32980E-FollowerState
2023-03-14 08:39:10,556 [s3@group-A384FF32980E-SegmentedRaftLogWorker] INFO  segmented.SegmentedRaftLogWorker (SegmentedRaftLogWorker.java:execute(630)) - s3@group-A384FF32980E-SegmentedRaftLogWorker: created new log segment /home/runner/work/ratis/ratis/ratis-test/target/test/data/be523d36/MiniRaftClusterWithGrpceb75dc03/s3/25ee9685-2434-4498-b7a4-a384ff32980e/current/log_inprogress_0
2023-03-14 08:39:10,557 [s3-server-thread2] DEBUG server.RaftServer$Division (RaftServerImpl.java:logAppendEntries(1430)) - s3@group-A384FF32980E: succeeded to handle AppendEntries. Reply: s1<-s3#1:OK-t0,SUCCESS,nextIndex=41,followerCommit=40,matchIndex=40
2023-03-14 08:39:10,568 [s4-server-thread1] DEBUG server.RaftServer$Division (RaftServerImpl.java:logAppendEntries(1430)) - s4@group-A384FF32980E: receive appendEntries(s1, 1, null, 40, false, commits:[s1:c40, s0:c39, s2:c40, s3:c-1, s4:c-1], cId:1, entries: [(t:1, i:0), CONFIGURATIONENTRY(current:id: "s0"
address: "localhost:37187"
dataStreamAddress: "localhost:40977"
clientAddress: "localhost:41265"
adminAddress: "localhost:44251"
startupRole: FOLLOWER
,id: "s1"
address: "localhost:44865"
dataStreamAddress: "localhost:35567"
clientAddress: "localhost:32793"
adminAddress: "localhost:35297"
startupRole: FOLLOWER
,id: "s2"
address: "localhost:35823"
dataStreamAddress: "localhost:45371"
clientAddress: "localhost:35617"
adminAddress: "localhost:38665"
startupRole: FOLLOWER
, old:), (t:1, i:1), STATEMACHINELOGENTRY, 55@client-608357F93E69, (t:1, i:2), METADATAENTRY(c:1), (t:1, i:3), STATEMACHINELOGENTRY, 56@client-608357F93E69, (t:1, i:4), METADATAENTRY(c:3), (t:1, i:5), STATEMACHINELOGENTRY, 57@client-608357F93E69, (t:1, i:6), METADATAENTRY(c:5), (t:1, i:7), STATEMACHINELOGENTRY, 58@client-608357F93E69, (t:1, i:8), METADATAENTRY(c:7), (t:1, i:9), STATEMACHINELOGENTRY, 59@client-608357F93E69, (t:1, i:10), METADATAENTRY(c:9), (t:1, i:11), STATEMACHINELOGENTRY, 60@client-608357F93E69, (t:1, i:12), METADATAENTRY(c:11), (t:1, i:13), STATEMACHINELOGENTRY, 61@client-608357F93E69, (t:1, i:14), METADATAENTRY(c:13), (t:1, i:15), STATEMACHINELOGENTRY, 62@client-608357F93E69, (t:1, i:16), METADATAENTRY(c:15), (t:1, i:17), STATEMACHINELOGENTRY, 63@client-608357F93E69, (t:1, i:18), METADATAENTRY(c:17), (t:1, i:19), STATEMACHINELOGENTRY, 64@client-608357F93E69, (t:1, i:20), METADATAENTRY(c:19), (t:1, i:21), STATEMACHINELOGENTRY, 65@client-608357F93E69, (t:1, i:22), METADATAENTRY(c:21), (t:1, i:23), STATEMACHINELOGENTRY, 66@client-608357F93E69, (t:1, i:24), METADATAENTRY(c:23), (t:1, i:25), STATEMACHINELOGENTRY, 67@client-608357F93E69, (t:1, i:26), METADATAENTRY(c:25), (t:1, i:27), STATEMACHINELOGENTRY, 68@client-608357F93E69, (t:1, i:28), METADATAENTRY(c:27), (t:1, i:29), STATEMACHINELOGENTRY, 69@client-608357F93E69, (t:1, i:30), METADATAENTRY(c:29), (t:1, i:31), STATEMACHINELOGENTRY, 70@client-608357F93E69, (t:1, i:32), METADATAENTRY(c:31), (t:1, i:33), STATEMACHINELOGENTRY, 71@client-608357F93E69, (t:1, i:34), METADATAENTRY(c:33), (t:1, i:35), STATEMACHINELOGENTRY, 72@client-608357F93E69, (t:1, i:36), METADATAENTRY(c:35), (t:1, i:37), STATEMACHINELOGENTRY, 73@client-608357F93E69, (t:1, i:38), METADATAENTRY(c:37), (t:1, i:39), STATEMACHINELOGENTRY, 74@client-608357F93E69, (t:1, i:40), METADATAENTRY(c:39)]
2023-03-14 08:39:10,568 [s4-server-thread1] INFO  server.RaftServer$Division (ServerState.java:setRaftConf(378)) - s4@group-A384FF32980E: set configuration 0: peers:[s0|rpc:localhost:37187|admin:localhost:44251|client:localhost:41265|dataStream:localhost:40977|priority:0|startupRole:FOLLOWER, s1|rpc:localhost:44865|admin:localhost:35297|client:localhost:32793|dataStream:localhost:35567|priority:0|startupRole:FOLLOWER, s2|rpc:localhost:35823|admin:localhost:38665|client:localhost:35617|dataStream:localhost:45371|priority:0|startupRole:FOLLOWER]|listeners:[], old=null
2023-03-14 08:39:10,568 [s4-server-thread1] INFO  segmented.SegmentedRaftLogWorker (SegmentedRaftLogWorker.java:startLogSegment(426)) - s4@group-A384FF32980E-SegmentedRaftLogWorker: Starting segment from index:0
2023-03-14 08:39:10,577 [s4@group-A384FF32980E-SegmentedRaftLogWorker] INFO  segmented.SegmentedRaftLogWorker (SegmentedRaftLogWorker.java:execute(630)) - s4@group-A384FF32980E-SegmentedRaftLogWorker: created new log segment /home/runner/work/ratis/ratis/ratis-test/target/test/data/be523d36/MiniRaftClusterWithGrpceb75dc03/s4/25ee9685-2434-4498-b7a4-a384ff32980e/current/log_inprogress_0
2023-03-14 08:39:10,588 [s4-server-thread2] DEBUG server.RaftServer$Division (RaftServerImpl.java:logAppendEntries(1430)) - s4@group-A384FF32980E: succeeded to handle AppendEntries. Reply: s1<-s4#1:OK-t1,SUCCESS,nextIndex=41,followerCommit=40,matchIndex=40
2023-03-14 08:39:10,592 [s1@group-A384FF32980E-LeaderStateImpl] INFO  server.RaftServer$Division (ServerState.java:setRaftConf(378)) - s1@group-A384FF32980E: set configuration 41: peers:[s3|rpc:0.0.0.0:40113|dataStream:|priority:0|startupRole:FOLLOWER, s4|rpc:0.0.0.0:33213|dataStream:|priority:0|startupRole:FOLLOWER, s0|rpc:localhost:37187|admin:localhost:44251|client:localhost:41265|dataStream:localhost:40977|priority:0|startupRole:FOLLOWER, s1|rpc:localhost:44865|admin:localhost:35297|client:localhost:32793|dataStream:localhost:35567|priority:0|startupRole:FOLLOWER, s2|rpc:localhost:35823|admin:localhost:38665|client:localhost:35617|dataStream:localhost:45371|priority:0|startupRole:FOLLOWER]|listeners:[], old=peers:[s0|rpc:localhost:37187|admin:localhost:44251|client:localhost:41265|dataStream:localhost:40977|priority:0|startupRole:FOLLOWER, s1|rpc:localhost:44865|admin:localhost:35297|client:localhost:32793|dataStream:localhost:35567|priority:0|startupRole:FOLLOWER, s2|rpc:localhost:35823|admin:localhost:38665|client:localhost:35617|dataStream:localhost:45371|priority:0|startupRole:FOLLOWER]|listeners:[]
2023-03-14 08:39:10,593 [s4-server-thread2] DEBUG server.RaftServer$Division (RaftServerImpl.java:logAppendEntries(1430)) - s4@group-A384FF32980E: receive appendEntries(s1, 1, (t:1, i:40), 40, true, commits:[s1:c40, s0:c40, s2:c40, s3:c40, s4:c40], cId:5350, entries: [(t:1, i:41), CONFIGURATIONENTRY(current:id: "s3"
address: "0.0.0.0:40113"
clientAddress: "0.0.0.0:40113"
adminAddress: "0.0.0.0:40113"
startupRole: FOLLOWER
,id: "s4"
address: "0.0.0.0:33213"
clientAddress: "0.0.0.0:33213"
adminAddress: "0.0.0.0:33213"
startupRole: FOLLOWER
,id: "s0"
address: "localhost:37187"
dataStreamAddress: "localhost:40977"
clientAddress: "localhost:41265"
adminAddress: "localhost:44251"
startupRole: FOLLOWER
,id: "s1"
address: "localhost:44865"
dataStreamAddress: "localhost:35567"
clientAddress: "localhost:32793"
adminAddress: "localhost:35297"
startupRole: FOLLOWER
,id: "s2"
address: "localhost:35823"
dataStreamAddress: "localhost:45371"
clientAddress: "localhost:35617"
adminAddress: "localhost:38665"
startupRole: FOLLOWER
, old:id: "s0"
address: "localhost:37187"
dataStreamAddress: "localhost:40977"
clientAddress: "localhost:41265"
adminAddress: "localhost:44251"
startupRole: FOLLOWER
,id: "s1"
address: "localhost:44865"
dataStreamAddress: "localhost:35567"
clientAddress: "localhost:32793"
adminAddress: "localhost:35297"
startupRole: FOLLOWER
,id: "s2"
address: "localhost:35823"
dataStreamAddress: "localhost:45371"
clientAddress: "localhost:35617"
adminAddress: "localhost:38665"
startupRole: FOLLOWER
)]
2023-03-14 08:39:10,593 [s2-server-thread2] DEBUG server.RaftServer$Division (RaftServerImpl.java:logAppendEntries(1430)) - s2@group-A384FF32980E: receive appendEntries(s1, 1, (t:1, i:40), 40, true, commits:[s1:c40, s0:c40, s2:c40, s3:c40, s4:c40], cId:66485, entries: [(t:1, i:41), CONFIGURATIONENTRY(current:id: "s3"
address: "0.0.0.0:40113"
clientAddress: "0.0.0.0:40113"
adminAddress: "0.0.0.0:40113"
startupRole: FOLLOWER
,id: "s4"
address: "0.0.0.0:33213"
clientAddress: "0.0.0.0:33213"
adminAddress: "0.0.0.0:33213"
startupRole: FOLLOWER
,id: "s0"
address: "localhost:37187"
dataStreamAddress: "localhost:40977"
clientAddress: "localhost:41265"
adminAddress: "localhost:44251"
startupRole: FOLLOWER
,id: "s1"
address: "localhost:44865"
dataStreamAddress: "localhost:35567"
clientAddress: "localhost:32793"
adminAddress: "localhost:35297"
startupRole: FOLLOWER
,id: "s2"
address: "localhost:35823"
dataStreamAddress: "localhost:45371"
clientAddress: "localhost:35617"
adminAddress: "localhost:38665"
startupRole: FOLLOWER
, old:id: "s0"
address: "localhost:37187"
dataStreamAddress: "localhost:40977"
clientAddress: "localhost:41265"
adminAddress: "localhost:44251"
startupRole: FOLLOWER
,id: "s1"
address: "localhost:44865"
dataStreamAddress: "localhost:35567"
clientAddress: "localhost:32793"
adminAddress: "localhost:35297"
startupRole: FOLLOWER
,id: "s2"
address: "localhost:35823"
dataStreamAddress: "localhost:45371"
clientAddress: "localhost:35617"
adminAddress: "localhost:38665"
startupRole: FOLLOWER
)]
2023-03-14 08:39:10,593 [s4-server-thread2] INFO  server.RaftServer$Division (ServerState.java:setRaftConf(378)) - s4@group-A384FF32980E: set configuration 41: peers:[s3|rpc:0.0.0.0:40113|dataStream:|priority:0|startupRole:FOLLOWER, s4|rpc:0.0.0.0:33213|dataStream:|priority:0|startupRole:FOLLOWER, s0|rpc:localhost:37187|admin:localhost:44251|client:localhost:41265|dataStream:localhost:40977|priority:0|startupRole:FOLLOWER, s1|rpc:localhost:44865|admin:localhost:35297|client:localhost:32793|dataStream:localhost:35567|priority:0|startupRole:FOLLOWER, s2|rpc:localhost:35823|admin:localhost:38665|client:localhost:35617|dataStream:localhost:45371|priority:0|startupRole:FOLLOWER]|listeners:[], old=peers:[s0|rpc:localhost:37187|admin:localhost:44251|client:localhost:41265|dataStream:localhost:40977|priority:0|startupRole:FOLLOWER, s1|rpc:localhost:44865|admin:localhost:35297|client:localhost:32793|dataStream:localhost:35567|priority:0|startupRole:FOLLOWER, s2|rpc:localhost:35823|admin:localhost:38665|client:localhost:35617|dataStream:localhost:45371|priority:0|startupRole:FOLLOWER]|listeners:[]
2023-03-14 08:39:10,593 [s2-server-thread2] INFO  server.RaftServer$Division (ServerState.java:setRaftConf(378)) - s2@group-A384FF32980E: set configuration 41: peers:[s3|rpc:0.0.0.0:40113|dataStream:|priority:0|startupRole:FOLLOWER, s4|rpc:0.0.0.0:33213|dataStream:|priority:0|startupRole:FOLLOWER, s0|rpc:localhost:37187|admin:localhost:44251|client:localhost:41265|dataStream:localhost:40977|priority:0|startupRole:FOLLOWER, s1|rpc:localhost:44865|admin:localhost:35297|client:localhost:32793|dataStream:localhost:35567|priority:0|startupRole:FOLLOWER, s2|rpc:localhost:35823|admin:localhost:38665|client:localhost:35617|dataStream:localhost:45371|priority:0|startupRole:FOLLOWER]|listeners:[], old=peers:[s0|rpc:localhost:37187|admin:localhost:44251|client:localhost:41265|dataStream:localhost:40977|priority:0|startupRole:FOLLOWER, s1|rpc:localhost:44865|admin:localhost:35297|client:localhost:32793|dataStream:localhost:35567|priority:0|startupRole:FOLLOWER, s2|rpc:localhost:35823|admin:localhost:38665|client:localhost:35617|dataStream:localhost:45371|priority:0|startupRole:FOLLOWER]|listeners:[]
2023-03-14 08:39:10,593 [s3-server-thread1] DEBUG server.RaftServer$Division (RaftServerImpl.java:logAppendEntries(1430)) - s3@group-A384FF32980E: receive appendEntries(s1, 1, (t:1, i:40), 40, true, commits:[s1:c40, s0:c40, s2:c40, s3:c40, s4:c40], cId:4, entries: [(t:1, i:41), CONFIGURATIONENTRY(current:id: "s3"
address: "0.0.0.0:40113"
clientAddress: "0.0.0.0:40113"
adminAddress: "0.0.0.0:40113"
startupRole: FOLLOWER
,id: "s4"
address: "0.0.0.0:33213"
clientAddress: "0.0.0.0:33213"
adminAddress: "0.0.0.0:33213"
startupRole: FOLLOWER
,id: "s0"
address: "localhost:37187"
dataStreamAddress: "localhost:40977"
clientAddress: "localhost:41265"
adminAddress: "localhost:44251"
startupRole: FOLLOWER
,id: "s1"
address: "localhost:44865"
dataStreamAddress: "localhost:35567"
clientAddress: "localhost:32793"
adminAddress: "localhost:35297"
startupRole: FOLLOWER
,id: "s2"
address: "localhost:35823"
dataStreamAddress: "localhost:45371"
clientAddress: "localhost:35617"
adminAddress: "localhost:38665"
startupRole: FOLLOWER
, old:id: "s0"
address: "localhost:37187"
dataStreamAddress: "localhost:40977"
clientAddress: "localhost:41265"
adminAddress: "localhost:44251"
startupRole: FOLLOWER
,id: "s1"
address: "localhost:44865"
dataStreamAddress: "localhost:35567"
clientAddress: "localhost:32793"
adminAddress: "localhost:35297"
startupRole: FOLLOWER
,id: "s2"
address: "localhost:35823"
dataStreamAddress: "localhost:45371"
clientAddress: "localhost:35617"
adminAddress: "localhost:38665"
startupRole: FOLLOWER
)]
2023-03-14 08:39:10,593 [s3-server-thread1] INFO  server.RaftServer$Division (ServerState.java:setRaftConf(378)) - s3@group-A384FF32980E: set configuration 41: peers:[s3|rpc:0.0.0.0:40113|dataStream:|priority:0|startupRole:FOLLOWER, s4|rpc:0.0.0.0:33213|dataStream:|priority:0|startupRole:FOLLOWER, s0|rpc:localhost:37187|admin:localhost:44251|client:localhost:41265|dataStream:localhost:40977|priority:0|startupRole:FOLLOWER, s1|rpc:localhost:44865|admin:localhost:35297|client:localhost:32793|dataStream:localhost:35567|priority:0|startupRole:FOLLOWER, s2|rpc:localhost:35823|admin:localhost:38665|client:localhost:35617|dataStream:localhost:45371|priority:0|startupRole:FOLLOWER]|listeners:[], old=peers:[s0|rpc:localhost:37187|admin:localhost:44251|client:localhost:41265|dataStream:localhost:40977|priority:0|startupRole:FOLLOWER, s1|rpc:localhost:44865|admin:localhost:35297|client:localhost:32793|dataStream:localhost:35567|priority:0|startupRole:FOLLOWER, s2|rpc:localhost:35823|admin:localhost:38665|client:localhost:35617|dataStream:localhost:45371|priority:0|startupRole:FOLLOWER]|listeners:[]
2023-03-14 08:39:10,594 [s0-server-thread2] DEBUG server.RaftServer$Division (RaftServerImpl.java:logAppendEntries(1430)) - s0@group-A384FF32980E: receive appendEntries(s1, 1, (t:1, i:40), 40, true, commits:[s1:c40, s0:c40, s2:c40, s3:c40, s4:c40], cId:61349, entries: [(t:1, i:41), CONFIGURATIONENTRY(current:id: "s3"
address: "0.0.0.0:40113"
clientAddress: "0.0.0.0:40113"
adminAddress: "0.0.0.0:40113"
startupRole: FOLLOWER
,id: "s4"
address: "0.0.0.0:33213"
clientAddress: "0.0.0.0:33213"
adminAddress: "0.0.0.0:33213"
startupRole: FOLLOWER
,id: "s0"
address: "localhost:37187"
dataStreamAddress: "localhost:40977"
clientAddress: "localhost:41265"
adminAddress: "localhost:44251"
startupRole: FOLLOWER
,id: "s1"
address: "localhost:44865"
dataStreamAddress: "localhost:35567"
clientAddress: "localhost:32793"
adminAddress: "localhost:35297"
startupRole: FOLLOWER
,id: "s2"
address: "localhost:35823"
dataStreamAddress: "localhost:45371"
clientAddress: "localhost:35617"
adminAddress: "localhost:38665"
startupRole: FOLLOWER
, old:id: "s0"
address: "localhost:37187"
dataStreamAddress: "localhost:40977"
clientAddress: "localhost:41265"
adminAddress: "localhost:44251"
startupRole: FOLLOWER
,id: "s1"
address: "localhost:44865"
dataStreamAddress: "localhost:35567"
clientAddress: "localhost:32793"
adminAddress: "localhost:35297"
startupRole: FOLLOWER
,id: "s2"
address: "localhost:35823"
dataStreamAddress: "localhost:45371"
clientAddress: "localhost:35617"
adminAddress: "localhost:38665"
startupRole: FOLLOWER
)]
2023-03-14 08:39:10,594 [s0-server-thread2] INFO  server.RaftServer$Division (ServerState.java:setRaftConf(378)) - s0@group-A384FF32980E: set configuration 41: peers:[s3|rpc:0.0.0.0:40113|dataStream:|priority:0|startupRole:FOLLOWER, s4|rpc:0.0.0.0:33213|dataStream:|priority:0|startupRole:FOLLOWER, s0|rpc:localhost:37187|admin:localhost:44251|client:localhost:41265|dataStream:localhost:40977|priority:0|startupRole:FOLLOWER, s1|rpc:localhost:44865|admin:localhost:35297|client:localhost:32793|dataStream:localhost:35567|priority:0|startupRole:FOLLOWER, s2|rpc:localhost:35823|admin:localhost:38665|client:localhost:35617|dataStream:localhost:45371|priority:0|startupRole:FOLLOWER]|listeners:[], old=peers:[s0|rpc:localhost:37187|admin:localhost:44251|client:localhost:41265|dataStream:localhost:40977|priority:0|startupRole:FOLLOWER, s1|rpc:localhost:44865|admin:localhost:35297|client:localhost:32793|dataStream:localhost:35567|priority:0|startupRole:FOLLOWER, s2|rpc:localhost:35823|admin:localhost:38665|client:localhost:35617|dataStream:localhost:45371|priority:0|startupRole:FOLLOWER]|listeners:[]
2023-03-14 08:39:10,594 [s4-server-thread2] DEBUG server.RaftServer$Division (RaftServerImpl.java:logAppendEntries(1430)) - s4@group-A384FF32980E: succeeded to handle AppendEntries. Reply: s1<-s4#5350:OK-t1,SUCCESS,nextIndex=42,followerCommit=40,matchIndex=41
2023-03-14 08:39:10,594 [s3-server-thread1] DEBUG server.RaftServer$Division (RaftServerImpl.java:logAppendEntries(1430)) - s3@group-A384FF32980E: succeeded to handle AppendEntries. Reply: s1<-s3#4:OK-t1,SUCCESS,nextIndex=42,followerCommit=40,matchIndex=41
2023-03-14 08:39:10,594 [s2-server-thread2] DEBUG server.RaftServer$Division (RaftServerImpl.java:logAppendEntries(1430)) - s2@group-A384FF32980E: succeeded to handle AppendEntries. Reply: s1<-s2#66485:OK-t1,SUCCESS,nextIndex=42,followerCommit=40,matchIndex=41
2023-03-14 08:39:10,594 [s0-server-thread2] DEBUG server.RaftServer$Division (RaftServerImpl.java:logAppendEntries(1430)) - s0@group-A384FF32980E: succeeded to handle AppendEntries. Reply: s1<-s0#61349:OK-t1,SUCCESS,nextIndex=42,followerCommit=40,matchIndex=41
2023-03-14 08:39:10,595 [s1@group-A384FF32980E-LeaderStateImpl] INFO  server.RaftServer$Division (ServerState.java:setRaftConf(378)) - s1@group-A384FF32980E: set configuration 43: peers:[s3|rpc:0.0.0.0:40113|dataStream:|priority:0|startupRole:FOLLOWER, s4|rpc:0.0.0.0:33213|dataStream:|priority:0|startupRole:FOLLOWER, s0|rpc:localhost:37187|admin:localhost:44251|client:localhost:41265|dataStream:localhost:40977|priority:0|startupRole:FOLLOWER, s1|rpc:localhost:44865|admin:localhost:35297|client:localhost:32793|dataStream:localhost:35567|priority:0|startupRole:FOLLOWER, s2|rpc:localhost:35823|admin:localhost:38665|client:localhost:35617|dataStream:localhost:45371|priority:0|startupRole:FOLLOWER]|listeners:[], old=null
2023-03-14 08:39:10,603 [s0-server-thread2] DEBUG server.RaftServer$Division (RaftServerImpl.java:logAppendEntries(1430)) - s0@group-A384FF32980E: receive appendEntries(s1, 1, (t:1, i:41), 41, true, commits:[s1:c41, s0:c40, s2:c40, s3:c40, s4:c40], cId:61350, entries: [(t:1, i:42), METADATAENTRY(c:41), (t:1, i:43), CONFIGURATIONENTRY(current:id: "s3"
address: "0.0.0.0:40113"
clientAddress: "0.0.0.0:40113"
adminAddress: "0.0.0.0:40113"
startupRole: FOLLOWER
,id: "s4"
address: "0.0.0.0:33213"
clientAddress: "0.0.0.0:33213"
adminAddress: "0.0.0.0:33213"
startupRole: FOLLOWER
,id: "s0"
address: "localhost:37187"
dataStreamAddress: "localhost:40977"
clientAddress: "localhost:41265"
adminAddress: "localhost:44251"
startupRole: FOLLOWER
,id: "s1"
address: "localhost:44865"
dataStreamAddress: "localhost:35567"
clientAddress: "localhost:32793"
adminAddress: "localhost:35297"
startupRole: FOLLOWER
,id: "s2"
address: "localhost:35823"
dataStreamAddress: "localhost:45371"
clientAddress: "localhost:35617"
adminAddress: "localhost:38665"
startupRole: FOLLOWER
, old:)]
2023-03-14 08:39:10,604 [s0-server-thread2] INFO  server.RaftServer$Division (ServerState.java:setRaftConf(378)) - s0@group-A384FF32980E: set configuration 43: peers:[s3|rpc:0.0.0.0:40113|dataStream:|priority:0|startupRole:FOLLOWER, s4|rpc:0.0.0.0:33213|dataStream:|priority:0|startupRole:FOLLOWER, s0|rpc:localhost:37187|admin:localhost:44251|client:localhost:41265|dataStream:localhost:40977|priority:0|startupRole:FOLLOWER, s1|rpc:localhost:44865|admin:localhost:35297|client:localhost:32793|dataStream:localhost:35567|priority:0|startupRole:FOLLOWER, s2|rpc:localhost:35823|admin:localhost:38665|client:localhost:35617|dataStream:localhost:45371|priority:0|startupRole:FOLLOWER]|listeners:[], old=null
2023-03-14 08:39:10,604 [s3-server-thread1] DEBUG server.RaftServer$Division (RaftServerImpl.java:logAppendEntries(1430)) - s3@group-A384FF32980E: receive appendEntries(s1, 1, (t:1, i:41), 41, true, commits:[s1:c41, s0:c40, s2:c40, s3:c40, s4:c40], cId:5, entries: [(t:1, i:42), METADATAENTRY(c:41), (t:1, i:43), CONFIGURATIONENTRY(current:id: "s3"
address: "0.0.0.0:40113"
clientAddress: "0.0.0.0:40113"
adminAddress: "0.0.0.0:40113"
startupRole: FOLLOWER
,id: "s4"
address: "0.0.0.0:33213"
clientAddress: "0.0.0.0:33213"
adminAddress: "0.0.0.0:33213"
startupRole: FOLLOWER
,id: "s0"
address: "localhost:37187"
dataStreamAddress: "localhost:40977"
clientAddress: "localhost:41265"
adminAddress: "localhost:44251"
startupRole: FOLLOWER
,id: "s1"
address: "localhost:44865"
dataStreamAddress: "localhost:35567"
clientAddress: "localhost:32793"
adminAddress: "localhost:35297"
startupRole: FOLLOWER
,id: "s2"
address: "localhost:35823"
dataStreamAddress: "localhost:45371"
clientAddress: "localhost:35617"
adminAddress: "localhost:38665"
startupRole: FOLLOWER
, old:)]
2023-03-14 08:39:10,603 [s2-server-thread2] DEBUG server.RaftServer$Division (RaftServerImpl.java:logAppendEntries(1430)) - s2@group-A384FF32980E: receive appendEntries(s1, 1, (t:1, i:41), 41, true, commits:[s1:c41, s0:c40, s2:c40, s3:c40, s4:c40], cId:66486, entries: [(t:1, i:42), METADATAENTRY(c:41), (t:1, i:43), CONFIGURATIONENTRY(current:id: "s3"
address: "0.0.0.0:40113"
clientAddress: "0.0.0.0:40113"
adminAddress: "0.0.0.0:40113"
startupRole: FOLLOWER
,id: "s4"
address: "0.0.0.0:33213"
clientAddress: "0.0.0.0:33213"
adminAddress: "0.0.0.0:33213"
startupRole: FOLLOWER
,id: "s0"
address: "localhost:37187"
dataStreamAddress: "localhost:40977"
clientAddress: "localhost:41265"
adminAddress: "localhost:44251"
startupRole: FOLLOWER
,id: "s1"
address: "localhost:44865"
dataStreamAddress: "localhost:35567"
clientAddress: "localhost:32793"
adminAddress: "localhost:35297"
startupRole: FOLLOWER
,id: "s2"
address: "localhost:35823"
dataStreamAddress: "localhost:45371"
clientAddress: "localhost:35617"
adminAddress: "localhost:38665"
startupRole: FOLLOWER
, old:)]
2023-03-14 08:39:10,604 [s3-server-thread1] INFO  server.RaftServer$Division (ServerState.java:setRaftConf(378)) - s3@group-A384FF32980E: set configuration 43: peers:[s3|rpc:0.0.0.0:40113|dataStream:|priority:0|startupRole:FOLLOWER, s4|rpc:0.0.0.0:33213|dataStream:|priority:0|startupRole:FOLLOWER, s0|rpc:localhost:37187|admin:localhost:44251|client:localhost:41265|dataStream:localhost:40977|priority:0|startupRole:FOLLOWER, s1|rpc:localhost:44865|admin:localhost:35297|client:localhost:32793|dataStream:localhost:35567|priority:0|startupRole:FOLLOWER, s2|rpc:localhost:35823|admin:localhost:38665|client:localhost:35617|dataStream:localhost:45371|priority:0|startupRole:FOLLOWER]|listeners:[], old=null
2023-03-14 08:39:10,604 [s2-server-thread2] INFO  server.RaftServer$Division (ServerState.java:setRaftConf(378)) - s2@group-A384FF32980E: set configuration 43: peers:[s3|rpc:0.0.0.0:40113|dataStream:|priority:0|startupRole:FOLLOWER, s4|rpc:0.0.0.0:33213|dataStream:|priority:0|startupRole:FOLLOWER, s0|rpc:localhost:37187|admin:localhost:44251|client:localhost:41265|dataStream:localhost:40977|priority:0|startupRole:FOLLOWER, s1|rpc:localhost:44865|admin:localhost:35297|client:localhost:32793|dataStream:localhost:35567|priority:0|startupRole:FOLLOWER, s2|rpc:localhost:35823|admin:localhost:38665|client:localhost:35617|dataStream:localhost:45371|priority:0|startupRole:FOLLOWER]|listeners:[], old=null
2023-03-14 08:39:10,604 [s2-server-thread2] DEBUG server.RaftServer$Division (RaftServerImpl.java:logAppendEntries(1430)) - s2@group-A384FF32980E: succeeded to handle AppendEntries. Reply: s1<-s2#66486:OK-t1,SUCCESS,nextIndex=44,followerCommit=41,matchIndex=43
2023-03-14 08:39:10,605 [s4-server-thread2] DEBUG server.RaftServer$Division (RaftServerImpl.java:logAppendEntries(1430)) - s4@group-A384FF32980E: receive appendEntries(s1, 1, (t:1, i:41), 41, true, commits:[s1:c41, s0:c40, s2:c40, s3:c40, s4:c40], cId:5351, entries: [(t:1, i:42), METADATAENTRY(c:41), (t:1, i:43), CONFIGURATIONENTRY(current:id: "s3"
address: "0.0.0.0:40113"
clientAddress: "0.0.0.0:40113"
adminAddress: "0.0.0.0:40113"
startupRole: FOLLOWER
,id: "s4"
address: "0.0.0.0:33213"
clientAddress: "0.0.0.0:33213"
adminAddress: "0.0.0.0:33213"
startupRole: FOLLOWER
,id: "s0"
address: "localhost:37187"
dataStreamAddress: "localhost:40977"
clientAddress: "localhost:41265"
adminAddress: "localhost:44251"
startupRole: FOLLOWER
,id: "s1"
address: "localhost:44865"
dataStreamAddress: "localhost:35567"
clientAddress: "localhost:32793"
adminAddress: "localhost:35297"
startupRole: FOLLOWER
,id: "s2"
address: "localhost:35823"
dataStreamAddress: "localhost:45371"
clientAddress: "localhost:35617"
adminAddress: "localhost:38665"
startupRole: FOLLOWER
, old:)]
2023-03-14 08:39:10,605 [s4-server-thread2] INFO  server.RaftServer$Division (ServerState.java:setRaftConf(378)) - s4@group-A384FF32980E: set configuration 43: peers:[s3|rpc:0.0.0.0:40113|dataStream:|priority:0|startupRole:FOLLOWER, s4|rpc:0.0.0.0:33213|dataStream:|priority:0|startupRole:FOLLOWER, s0|rpc:localhost:37187|admin:localhost:44251|client:localhost:41265|dataStream:localhost:40977|priority:0|startupRole:FOLLOWER, s1|rpc:localhost:44865|admin:localhost:35297|client:localhost:32793|dataStream:localhost:35567|priority:0|startupRole:FOLLOWER, s2|rpc:localhost:35823|admin:localhost:38665|client:localhost:35617|dataStream:localhost:45371|priority:0|startupRole:FOLLOWER]|listeners:[], old=null
2023-03-14 08:39:10,605 [s3-server-thread1] DEBUG server.RaftServer$Division (RaftServerImpl.java:logAppendEntries(1430)) - s3@group-A384FF32980E: succeeded to handle AppendEntries. Reply: s1<-s3#5:OK-t1,SUCCESS,nextIndex=44,followerCommit=41,matchIndex=43
2023-03-14 08:39:10,605 [s0-server-thread2] DEBUG server.RaftServer$Division (RaftServerImpl.java:logAppendEntries(1430)) - s0@group-A384FF32980E: succeeded to handle AppendEntries. Reply: s1<-s0#61350:OK-t1,SUCCESS,nextIndex=44,followerCommit=41,matchIndex=43
2023-03-14 08:39:10,606 [s4-server-thread2] DEBUG server.RaftServer$Division (RaftServerImpl.java:logAppendEntries(1430)) - s4@group-A384FF32980E: succeeded to handle AppendEntries. Reply: s1<-s4#5351:OK-t1,SUCCESS,nextIndex=44,followerCommit=41,matchIndex=43
2023-03-14 08:39:10,607 [Thread-1830] INFO  server.RaftServerConfigKeys (ConfUtils.java:logGet(46)) - raft.server.rpc.timeout.max = 300ms (default)
2023-03-14 08:39:10,607 [Thread-1830] INFO  ratis.RaftTestUtil (RaftTestUtil.java:waitForLeader(100)) - printing ALL groups
  s3:  RUNNING  FOLLOWER s3@group-A384FF32980E:t1, leader=s1, voted=null, raftlog=Memoized:s3@group-A384FF32980E-SegmentedRaftLog:OPENED:c41, conf=43: peers:[s3|rpc:0.0.0.0:40113|dataStream:|priority:0|startupRole:FOLLOWER, s4|rpc:0.0.0.0:33213|dataStream:|priority:0|startupRole:FOLLOWER, s0|rpc:localhost:37187|admin:localhost:44251|client:localhost:41265|dataStream:localhost:40977|priority:0|startupRole:FOLLOWER, s1|rpc:localhost:44865|admin:localhost:35297|client:localhost:32793|dataStream:localhost:35567|priority:0|startupRole:FOLLOWER, s2|rpc:localhost:35823|admin:localhost:38665|client:localhost:35617|dataStream:localhost:45371|priority:0|startupRole:FOLLOWER]|listeners:[], old=null RUNNING
  s4:  RUNNING  FOLLOWER s4@group-A384FF32980E:t1, leader=s1, voted=null, raftlog=Memoized:s4@group-A384FF32980E-SegmentedRaftLog:OPENED:c41, conf=43: peers:[s3|rpc:0.0.0.0:40113|dataStream:|priority:0|startupRole:FOLLOWER, s4|rpc:0.0.0.0:33213|dataStream:|priority:0|startupRole:FOLLOWER, s0|rpc:localhost:37187|admin:localhost:44251|client:localhost:41265|dataStream:localhost:40977|priority:0|startupRole:FOLLOWER, s1|rpc:localhost:44865|admin:localhost:35297|client:localhost:32793|dataStream:localhost:35567|priority:0|startupRole:FOLLOWER, s2|rpc:localhost:35823|admin:localhost:38665|client:localhost:35617|dataStream:localhost:45371|priority:0|startupRole:FOLLOWER]|listeners:[], old=null RUNNING
  s0:  RUNNING  FOLLOWER s0@group-A384FF32980E:t1, leader=s1, voted=s1, raftlog=Memoized:s0@group-A384FF32980E-SegmentedRaftLog:OPENED:c41, conf=43: peers:[s3|rpc:0.0.0.0:40113|dataStream:|priority:0|startupRole:FOLLOWER, s4|rpc:0.0.0.0:33213|dataStream:|priority:0|startupRole:FOLLOWER, s0|rpc:localhost:37187|admin:localhost:44251|client:localhost:41265|dataStream:localhost:40977|priority:0|startupRole:FOLLOWER, s1|rpc:localhost:44865|admin:localhost:35297|client:localhost:32793|dataStream:localhost:35567|priority:0|startupRole:FOLLOWER, s2|rpc:localhost:35823|admin:localhost:38665|client:localhost:35617|dataStream:localhost:45371|priority:0|startupRole:FOLLOWER]|listeners:[], old=null RUNNING
  s1:  RUNNING    LEADER s1@group-A384FF32980E:t1, leader=s1, voted=s1, raftlog=Memoized:s1@group-A384FF32980E-SegmentedRaftLog:OPENED:c43, conf=43: peers:[s3|rpc:0.0.0.0:40113|dataStream:|priority:0|startupRole:FOLLOWER, s4|rpc:0.0.0.0:33213|dataStream:|priority:0|startupRole:FOLLOWER, s0|rpc:localhost:37187|admin:localhost:44251|client:localhost:41265|dataStream:localhost:40977|priority:0|startupRole:FOLLOWER, s1|rpc:localhost:44865|admin:localhost:35297|client:localhost:32793|dataStream:localhost:35567|priority:0|startupRole:FOLLOWER, s2|rpc:localhost:35823|admin:localhost:38665|client:localhost:35617|dataStream:localhost:45371|priority:0|startupRole:FOLLOWER]|listeners:[], old=null RUNNING
  s2:  RUNNING  FOLLOWER s2@group-A384FF32980E:t1, leader=s1, voted=s1, raftlog=Memoized:s2@group-A384FF32980E-SegmentedRaftLog:OPENED:c41, conf=43: peers:[s3|rpc:0.0.0.0:40113|dataStream:|priority:0|startupRole:FOLLOWER, s4|rpc:0.0.0.0:33213|dataStream:|priority:0|startupRole:FOLLOWER, s0|rpc:localhost:37187|admin:localhost:44251|client:localhost:41265|dataStream:localhost:40977|priority:0|startupRole:FOLLOWER, s1|rpc:localhost:44865|admin:localhost:35297|client:localhost:32793|dataStream:localhost:35567|priority:0|startupRole:FOLLOWER, s2|rpc:localhost:35823|admin:localhost:38665|client:localhost:35617|dataStream:localhost:45371|priority:0|startupRole:FOLLOWER]|listeners:[], old=null RUNNING
2023-03-14 08:39:10,607 [Thread-1830] INFO  ratis.RaftTestUtil (RaftTestUtil.java:waitForLeader(119)) - printing ALL groups
  s3:  RUNNING  FOLLOWER s3@group-A384FF32980E:t1, leader=s1, voted=null, raftlog=Memoized:s3@group-A384FF32980E-SegmentedRaftLog:OPENED:c41, conf=43: peers:[s3|rpc:0.0.0.0:40113|dataStream:|priority:0|startupRole:FOLLOWER, s4|rpc:0.0.0.0:33213|dataStream:|priority:0|startupRole:FOLLOWER, s0|rpc:localhost:37187|admin:localhost:44251|client:localhost:41265|dataStream:localhost:40977|priority:0|startupRole:FOLLOWER, s1|rpc:localhost:44865|admin:localhost:35297|client:localhost:32793|dataStream:localhost:35567|priority:0|startupRole:FOLLOWER, s2|rpc:localhost:35823|admin:localhost:38665|client:localhost:35617|dataStream:localhost:45371|priority:0|startupRole:FOLLOWER]|listeners:[], old=null RUNNING
  s4:  RUNNING  FOLLOWER s4@group-A384FF32980E:t1, leader=s1, voted=null, raftlog=Memoized:s4@group-A384FF32980E-SegmentedRaftLog:OPENED:c41, conf=43: peers:[s3|rpc:0.0.0.0:40113|dataStream:|priority:0|startupRole:FOLLOWER, s4|rpc:0.0.0.0:33213|dataStream:|priority:0|startupRole:FOLLOWER, s0|rpc:localhost:37187|admin:localhost:44251|client:localhost:41265|dataStream:localhost:40977|priority:0|startupRole:FOLLOWER, s1|rpc:localhost:44865|admin:localhost:35297|client:localhost:32793|dataStream:localhost:35567|priority:0|startupRole:FOLLOWER, s2|rpc:localhost:35823|admin:localhost:38665|client:localhost:35617|dataStream:localhost:45371|priority:0|startupRole:FOLLOWER]|listeners:[], old=null RUNNING
  s0:  RUNNING  FOLLOWER s0@group-A384FF32980E:t1, leader=s1, voted=s1, raftlog=Memoized:s0@group-A384FF32980E-SegmentedRaftLog:OPENED:c41, conf=43: peers:[s3|rpc:0.0.0.0:40113|dataStream:|priority:0|startupRole:FOLLOWER, s4|rpc:0.0.0.0:33213|dataStream:|priority:0|startupRole:FOLLOWER, s0|rpc:localhost:37187|admin:localhost:44251|client:localhost:41265|dataStream:localhost:40977|priority:0|startupRole:FOLLOWER, s1|rpc:localhost:44865|admin:localhost:35297|client:localhost:32793|dataStream:localhost:35567|priority:0|startupRole:FOLLOWER, s2|rpc:localhost:35823|admin:localhost:38665|client:localhost:35617|dataStream:localhost:45371|priority:0|startupRole:FOLLOWER]|listeners:[], old=null RUNNING
  s1:  RUNNING    LEADER s1@group-A384FF32980E:t1, leader=s1, voted=s1, raftlog=Memoized:s1@group-A384FF32980E-SegmentedRaftLog:OPENED:c43, conf=43: peers:[s3|rpc:0.0.0.0:40113|dataStream:|priority:0|startupRole:FOLLOWER, s4|rpc:0.0.0.0:33213|dataStream:|priority:0|startupRole:FOLLOWER, s0|rpc:localhost:37187|admin:localhost:44251|client:localhost:41265|dataStream:localhost:40977|priority:0|startupRole:FOLLOWER, s1|rpc:localhost:44865|admin:localhost:35297|client:localhost:32793|dataStream:localhost:35567|priority:0|startupRole:FOLLOWER, s2|rpc:localhost:35823|admin:localhost:38665|client:localhost:35617|dataStream:localhost:45371|priority:0|startupRole:FOLLOWER]|listeners:[], old=null RUNNING
  s2:  RUNNING  FOLLOWER s2@group-A384FF32980E:t1, leader=s1, voted=s1, raftlog=Memoized:s2@group-A384FF32980E-SegmentedRaftLog:OPENED:c41, conf=43: peers:[s3|rpc:0.0.0.0:40113|dataStream:|priority:0|startupRole:FOLLOWER, s4|rpc:0.0.0.0:33213|dataStream:|priority:0|startupRole:FOLLOWER, s0|rpc:localhost:37187|admin:localhost:44251|client:localhost:41265|dataStream:localhost:40977|priority:0|startupRole:FOLLOWER, s1|rpc:localhost:44865|admin:localhost:35297|client:localhost:32793|dataStream:localhost:35567|priority:0|startupRole:FOLLOWER, s2|rpc:localhost:35823|admin:localhost:38665|client:localhost:35617|dataStream:localhost:45371|priority:0|startupRole:FOLLOWER]|listeners:[], old=null RUNNING
2023-03-14 08:39:10,607 [Thread-1830] INFO  grpc.TestRaftReconfigurationWithGrpc (RaftReconfigurationBaseTest.java:lambda$runTestReconfTwice$6(294)) - Start changing the configuration again: [s3|rpc:0.0.0.0:40113|priority:0|startupRole:FOLLOWER, s4|rpc:0.0.0.0:33213|priority:0|startupRole:FOLLOWER, s2|rpc:localhost:35823|admin:localhost:38665|client:localhost:35617|dataStream:localhost:45371|priority:0|startupRole:FOLLOWER]
2023-03-14 08:39:10,608 [s1-server-thread1] INFO  server.RaftServer$Division (RaftServerImpl.java:setConfigurationAsync(1197)) - s1@group-A384FF32980E: receive setConfiguration SetConfigurationRequest:client-608357F93E69->s1@group-A384FF32980E, cid=76, seq=0, RW, null, SET_UNCONDITIONALLY, servers:[s3|rpc:0.0.0.0:40113|dataStream:|priority:0|startupRole:FOLLOWER, s4|rpc:0.0.0.0:33213|dataStream:|priority:0|startupRole:FOLLOWER, s2|rpc:localhost:35823|admin:localhost:38665|client:localhost:35617|dataStream:localhost:45371|priority:0|startupRole:FOLLOWER], listeners:[]
2023-03-14 08:39:10,608 [s1-server-thread1] INFO  server.RaftServer$Division (LeaderStateImpl.java:startSetConfiguration(440)) - s1@group-A384FF32980E-LeaderStateImpl: startSetConfiguration SetConfigurationRequest:client-608357F93E69->s1@group-A384FF32980E, cid=76, seq=0, RW, null, SET_UNCONDITIONALLY, servers:[s3|rpc:0.0.0.0:40113|dataStream:|priority:0|startupRole:FOLLOWER, s4|rpc:0.0.0.0:33213|dataStream:|priority:0|startupRole:FOLLOWER, s2|rpc:localhost:35823|admin:localhost:38665|client:localhost:35617|dataStream:localhost:45371|priority:0|startupRole:FOLLOWER], listeners:[]
2023-03-14 08:39:10,609 [s1-server-thread1] INFO  server.RaftServer$Division (ServerState.java:setRaftConf(378)) - s1@group-A384FF32980E: set configuration 45: peers:[s3|rpc:0.0.0.0:40113|dataStream:|priority:0|startupRole:FOLLOWER, s4|rpc:0.0.0.0:33213|dataStream:|priority:0|startupRole:FOLLOWER, s2|rpc:localhost:35823|admin:localhost:38665|client:localhost:35617|dataStream:localhost:45371|priority:0|startupRole:FOLLOWER]|listeners:[], old=peers:[s3|rpc:0.0.0.0:40113|dataStream:|priority:0|startupRole:FOLLOWER, s4|rpc:0.0.0.0:33213|dataStream:|priority:0|startupRole:FOLLOWER, s0|rpc:localhost:37187|admin:localhost:44251|client:localhost:41265|dataStream:localhost:40977|priority:0|startupRole:FOLLOWER, s1|rpc:localhost:44865|admin:localhost:35297|client:localhost:32793|dataStream:localhost:35567|priority:0|startupRole:FOLLOWER, s2|rpc:localhost:35823|admin:localhost:38665|client:localhost:35617|dataStream:localhost:45371|priority:0|startupRole:FOLLOWER]|listeners:[]
2023-03-14 08:39:10,614 [s3-server-thread1] DEBUG server.RaftServer$Division (RaftServerImpl.java:logAppendEntries(1430)) - s3@group-A384FF32980E: receive appendEntries(s1, 1, (t:1, i:43), 43, true, commits:[s1:c43, s0:c40, s2:c41, s3:c41, s4:c40], cId:7, entries: [(t:1, i:44), METADATAENTRY(c:43)]
2023-03-14 08:39:10,615 [s4-server-thread2] DEBUG server.RaftServer$Division (RaftServerImpl.java:logAppendEntries(1430)) - s4@group-A384FF32980E: receive appendEntries(s1, 1, (t:1, i:43), 43, true, commits:[s1:c43, s0:c40, s2:c41, s3:c41, s4:c40], cId:5353, entries: [(t:1, i:44), METADATAENTRY(c:43)]
2023-03-14 08:39:10,615 [s4-server-thread2] DEBUG server.RaftServer$Division (RaftServerImpl.java:logAppendEntries(1430)) - s4@group-A384FF32980E: succeeded to handle AppendEntries. Reply: s1<-s4#5353:OK-t1,SUCCESS,nextIndex=45,followerCommit=43,matchIndex=44
2023-03-14 08:39:10,615 [s3-server-thread1] DEBUG server.RaftServer$Division (RaftServerImpl.java:logAppendEntries(1430)) - s3@group-A384FF32980E: succeeded to handle AppendEntries. Reply: s1<-s3#7:OK-t1,SUCCESS,nextIndex=45,followerCommit=43,matchIndex=44
2023-03-14 08:39:10,616 [s0-server-thread2] DEBUG server.RaftServer$Division (RaftServerImpl.java:logAppendEntries(1430)) - s0@group-A384FF32980E: receive appendEntries(s1, 1, (t:1, i:43), 43, true, commits:[s1:c43, s0:c41, s2:c41, s3:c41, s4:c41], cId:61351, entries: [(t:1, i:44), METADATAENTRY(c:43)]
2023-03-14 08:39:10,617 [s0-server-thread2] DEBUG server.RaftServer$Division (RaftServerImpl.java:logAppendEntries(1430)) - s0@group-A384FF32980E: succeeded to handle AppendEntries. Reply: s1<-s0#61351:OK-t1,SUCCESS,nextIndex=45,followerCommit=43,matchIndex=44
2023-03-14 08:39:10,617 [s2-server-thread2] DEBUG server.RaftServer$Division (RaftServerImpl.java:logAppendEntries(1430)) - s2@group-A384FF32980E: receive appendEntries(s1, 1, (t:1, i:43), 43, true, commits:[s1:c43, s0:c41, s2:c41, s3:c41, s4:c41], cId:66487, entries: [(t:1, i:44), METADATAENTRY(c:43)]
2023-03-14 08:39:10,618 [s2-server-thread2] DEBUG server.RaftServer$Division (RaftServerImpl.java:logAppendEntries(1430)) - s2@group-A384FF32980E: succeeded to handle AppendEntries. Reply: s1<-s2#66487:OK-t1,SUCCESS,nextIndex=45,followerCommit=43,matchIndex=44
2023-03-14 08:39:10,625 [s4-server-thread2] DEBUG server.RaftServer$Division (RaftServerImpl.java:logAppendEntries(1430)) - s4@group-A384FF32980E: receive appendEntries(s1, 1, (t:1, i:44), 43, true, commits:[s1:c43, s0:c41, s2:c41, s3:c43, s4:c41], cId:5354, entries: [(t:1, i:45), CONFIGURATIONENTRY(current:id: "s3"
address: "0.0.0.0:40113"
clientAddress: "0.0.0.0:40113"
adminAddress: "0.0.0.0:40113"
startupRole: FOLLOWER
,id: "s4"
address: "0.0.0.0:33213"
clientAddress: "0.0.0.0:33213"
adminAddress: "0.0.0.0:33213"
startupRole: FOLLOWER
,id: "s2"
address: "localhost:35823"
dataStreamAddress: "localhost:45371"
clientAddress: "localhost:35617"
adminAddress: "localhost:38665"
startupRole: FOLLOWER
, old:id: "s3"
address: "0.0.0.0:40113"
clientAddress: "0.0.0.0:40113"
adminAddress: "0.0.0.0:40113"
startupRole: FOLLOWER
,id: "s4"
address: "0.0.0.0:33213"
clientAddress: "0.0.0.0:33213"
adminAddress: "0.0.0.0:33213"
startupRole: FOLLOWER
,id: "s0"
address: "localhost:37187"
dataStreamAddress: "localhost:40977"
clientAddress: "localhost:41265"
adminAddress: "localhost:44251"
startupRole: FOLLOWER
,id: "s1"
address: "localhost:44865"
dataStreamAddress: "localhost:35567"
clientAddress: "localhost:32793"
adminAddress: "localhost:35297"
startupRole: FOLLOWER
,id: "s2"
address: "localhost:35823"
dataStreamAddress: "localhost:45371"
clientAddress: "localhost:35617"
adminAddress: "localhost:38665"
startupRole: FOLLOWER
)]
2023-03-14 08:39:10,625 [s4-server-thread2] INFO  server.RaftServer$Division (ServerState.java:setRaftConf(378)) - s4@group-A384FF32980E: set configuration 45: peers:[s3|rpc:0.0.0.0:40113|dataStream:|priority:0|startupRole:FOLLOWER, s4|rpc:0.0.0.0:33213|dataStream:|priority:0|startupRole:FOLLOWER, s2|rpc:localhost:35823|admin:localhost:38665|client:localhost:35617|dataStream:localhost:45371|priority:0|startupRole:FOLLOWER]|listeners:[], old=peers:[s3|rpc:0.0.0.0:40113|dataStream:|priority:0|startupRole:FOLLOWER, s4|rpc:0.0.0.0:33213|dataStream:|priority:0|startupRole:FOLLOWER, s0|rpc:localhost:37187|admin:localhost:44251|client:localhost:41265|dataStream:localhost:40977|priority:0|startupRole:FOLLOWER, s1|rpc:localhost:44865|admin:localhost:35297|client:localhost:32793|dataStream:localhost:35567|priority:0|startupRole:FOLLOWER, s2|rpc:localhost:35823|admin:localhost:38665|client:localhost:35617|dataStream:localhost:45371|priority:0|startupRole:FOLLOWER]|listeners:[]
2023-03-14 08:39:10,625 [s3-server-thread1] DEBUG server.RaftServer$Division (RaftServerImpl.java:logAppendEntries(1430)) - s3@group-A384FF32980E: receive appendEntries(s1, 1, (t:1, i:44), 43, true, commits:[s1:c43, s0:c41, s2:c41, s3:c43, s4:c41], cId:8, entries: [(t:1, i:45), CONFIGURATIONENTRY(current:id: "s3"
address: "0.0.0.0:40113"
clientAddress: "0.0.0.0:40113"
adminAddress: "0.0.0.0:40113"
startupRole: FOLLOWER
,id: "s4"
address: "0.0.0.0:33213"
clientAddress: "0.0.0.0:33213"
adminAddress: "0.0.0.0:33213"
startupRole: FOLLOWER
,id: "s2"
address: "localhost:35823"
dataStreamAddress: "localhost:45371"
clientAddress: "localhost:35617"
adminAddress: "localhost:38665"
startupRole: FOLLOWER
, old:id: "s3"
address: "0.0.0.0:40113"
clientAddress: "0.0.0.0:40113"
adminAddress: "0.0.0.0:40113"
startupRole: FOLLOWER
,id: "s4"
address: "0.0.0.0:33213"
clientAddress: "0.0.0.0:33213"
adminAddress: "0.0.0.0:33213"
startupRole: FOLLOWER
,id: "s0"
address: "localhost:37187"
dataStreamAddress: "localhost:40977"
clientAddress: "localhost:41265"
adminAddress: "localhost:44251"
startupRole: FOLLOWER
,id: "s1"
address: "localhost:44865"
dataStreamAddress: "localhost:35567"
clientAddress: "localhost:32793"
adminAddress: "localhost:35297"
startupRole: FOLLOWER
,id: "s2"
address: "localhost:35823"
dataStreamAddress: "localhost:45371"
clientAddress: "localhost:35617"
adminAddress: "localhost:38665"
startupRole: FOLLOWER
)]
2023-03-14 08:39:10,625 [s3-server-thread1] INFO  server.RaftServer$Division (ServerState.java:setRaftConf(378)) - s3@group-A384FF32980E: set configuration 45: peers:[s3|rpc:0.0.0.0:40113|dataStream:|priority:0|startupRole:FOLLOWER, s4|rpc:0.0.0.0:33213|dataStream:|priority:0|startupRole:FOLLOWER, s2|rpc:localhost:35823|admin:localhost:38665|client:localhost:35617|dataStream:localhost:45371|priority:0|startupRole:FOLLOWER]|listeners:[], old=peers:[s3|rpc:0.0.0.0:40113|dataStream:|priority:0|startupRole:FOLLOWER, s4|rpc:0.0.0.0:33213|dataStream:|priority:0|startupRole:FOLLOWER, s0|rpc:localhost:37187|admin:localhost:44251|client:localhost:41265|dataStream:localhost:40977|priority:0|startupRole:FOLLOWER, s1|rpc:localhost:44865|admin:localhost:35297|client:localhost:32793|dataStream:localhost:35567|priority:0|startupRole:FOLLOWER, s2|rpc:localhost:35823|admin:localhost:38665|client:localhost:35617|dataStream:localhost:45371|priority:0|startupRole:FOLLOWER]|listeners:[]
2023-03-14 08:39:10,626 [s4-server-thread2] DEBUG server.RaftServer$Division (RaftServerImpl.java:logAppendEntries(1430)) - s4@group-A384FF32980E: succeeded to handle AppendEntries. Reply: s1<-s4#5354:OK-t1,SUCCESS,nextIndex=46,followerCommit=43,matchIndex=45
2023-03-14 08:39:10,626 [s3-server-thread1] DEBUG server.RaftServer$Division (RaftServerImpl.java:logAppendEntries(1430)) - s3@group-A384FF32980E: succeeded to handle AppendEntries. Reply: s1<-s3#8:OK-t1,SUCCESS,nextIndex=46,followerCommit=43,matchIndex=45
2023-03-14 08:39:10,626 [s1@group-A384FF32980E-LeaderStateImpl] INFO  server.RaftServer$Division (ServerState.java:setRaftConf(378)) - s1@group-A384FF32980E: set configuration 47: peers:[s3|rpc:0.0.0.0:40113|dataStream:|priority:0|startupRole:FOLLOWER, s4|rpc:0.0.0.0:33213|dataStream:|priority:0|startupRole:FOLLOWER, s2|rpc:localhost:35823|admin:localhost:38665|client:localhost:35617|dataStream:localhost:45371|priority:0|startupRole:FOLLOWER]|listeners:[], old=null
2023-03-14 08:39:10,627 [s1@group-A384FF32980E->s0-GrpcLogAppender-LogAppenderDaemon] INFO  leader.LogAppenderDaemon (LogAppenderDaemon.java:run(85)) - s1@group-A384FF32980E->s0-GrpcLogAppender-LogAppenderDaemon I/O was interrupted: java.io.InterruptedIOException: Interrupted appendLog, heartbeat? false
2023-03-14 08:39:10,628 [s2-server-thread2] DEBUG server.RaftServer$Division (RaftServerImpl.java:logAppendEntries(1430)) - s2@group-A384FF32980E: receive appendEntries(s1, 1, (t:1, i:44), 44, true, commits:[s1:c44, s0:c43, s2:c43, s3:c43, s4:c43], cId:66488, entries: [(t:1, i:45), CONFIGURATIONENTRY(current:id: "s3"
address: "0.0.0.0:40113"
clientAddress: "0.0.0.0:40113"
adminAddress: "0.0.0.0:40113"
startupRole: FOLLOWER
,id: "s4"
address: "0.0.0.0:33213"
clientAddress: "0.0.0.0:33213"
adminAddress: "0.0.0.0:33213"
startupRole: FOLLOWER
,id: "s2"
address: "localhost:35823"
dataStreamAddress: "localhost:45371"
clientAddress: "localhost:35617"
adminAddress: "localhost:38665"
startupRole: FOLLOWER
, old:id: "s3"
address: "0.0.0.0:40113"
clientAddress: "0.0.0.0:40113"
adminAddress: "0.0.0.0:40113"
startupRole: FOLLOWER
,id: "s4"
address: "0.0.0.0:33213"
clientAddress: "0.0.0.0:33213"
adminAddress: "0.0.0.0:33213"
startupRole: FOLLOWER
,id: "s0"
address: "localhost:37187"
dataStreamAddress: "localhost:40977"
clientAddress: "localhost:41265"
adminAddress: "localhost:44251"
startupRole: FOLLOWER
,id: "s1"
address: "localhost:44865"
dataStreamAddress: "localhost:35567"
clientAddress: "localhost:32793"
adminAddress: "localhost:35297"
startupRole: FOLLOWER
,id: "s2"
address: "localhost:35823"
dataStreamAddress: "localhost:45371"
clientAddress: "localhost:35617"
adminAddress: "localhost:38665"
startupRole: FOLLOWER
)]
2023-03-14 08:39:10,628 [s2-server-thread2] INFO  server.RaftServer$Division (ServerState.java:setRaftConf(378)) - s2@group-A384FF32980E: set configuration 45: peers:[s3|rpc:0.0.0.0:40113|dataStream:|priority:0|startupRole:FOLLOWER, s4|rpc:0.0.0.0:33213|dataStream:|priority:0|startupRole:FOLLOWER, s2|rpc:localhost:35823|admin:localhost:38665|client:localhost:35617|dataStream:localhost:45371|priority:0|startupRole:FOLLOWER]|listeners:[], old=peers:[s3|rpc:0.0.0.0:40113|dataStream:|priority:0|startupRole:FOLLOWER, s4|rpc:0.0.0.0:33213|dataStream:|priority:0|startupRole:FOLLOWER, s0|rpc:localhost:37187|admin:localhost:44251|client:localhost:41265|dataStream:localhost:40977|priority:0|startupRole:FOLLOWER, s1|rpc:localhost:44865|admin:localhost:35297|client:localhost:32793|dataStream:localhost:35567|priority:0|startupRole:FOLLOWER, s2|rpc:localhost:35823|admin:localhost:38665|client:localhost:35617|dataStream:localhost:45371|priority:0|startupRole:FOLLOWER]|listeners:[]
2023-03-14 08:39:10,629 [s2-server-thread2] DEBUG server.RaftServer$Division (RaftServerImpl.java:logAppendEntries(1430)) - s2@group-A384FF32980E: succeeded to handle AppendEntries. Reply: s1<-s2#66488:OK-t1,SUCCESS,nextIndex=46,followerCommit=44,matchIndex=45
2023-03-14 08:39:10,635 [s3-server-thread1] DEBUG server.RaftServer$Division (RaftServerImpl.java:logAppendEntries(1430)) - s3@group-A384FF32980E: receive appendEntries(s1, 1, (t:1, i:45), 45, true, commits:[s1:c45, s0:c43, s2:c43, s3:c43, s4:c43], cId:10, entries: [(t:1, i:46), METADATAENTRY(c:45)]
2023-03-14 08:39:10,636 [s4-server-thread2] DEBUG server.RaftServer$Division (RaftServerImpl.java:logAppendEntries(1430)) - s4@group-A384FF32980E: receive appendEntries(s1, 1, (t:1, i:45), 45, true, commits:[s1:c45, s0:c43, s2:c43, s3:c43, s4:c43], cId:5356, entries: [(t:1, i:46), METADATAENTRY(c:45)]
2023-03-14 08:39:10,636 [s4-server-thread2] DEBUG server.RaftServer$Division (RaftServerImpl.java:logAppendEntries(1430)) - s4@group-A384FF32980E: succeeded to handle AppendEntries. Reply: s1<-s4#5356:OK-t1,SUCCESS,nextIndex=47,followerCommit=45,matchIndex=46
2023-03-14 08:39:10,636 [s3-server-thread1] DEBUG server.RaftServer$Division (RaftServerImpl.java:logAppendEntries(1430)) - s3@group-A384FF32980E: succeeded to handle AppendEntries. Reply: s1<-s3#10:OK-t1,SUCCESS,nextIndex=47,followerCommit=45,matchIndex=46
2023-03-14 08:39:10,638 [s2-server-thread2] DEBUG server.RaftServer$Division (RaftServerImpl.java:logAppendEntries(1430)) - s2@group-A384FF32980E: receive appendEntries(s1, 1, (t:1, i:45), 45, true, commits:[s1:c45, s2:c44, s3:c43, s4:c43], cId:66489, entries: [(t:1, i:46), METADATAENTRY(c:45), (t:1, i:47), CONFIGURATIONENTRY(current:id: "s3"
address: "0.0.0.0:40113"
clientAddress: "0.0.0.0:40113"
adminAddress: "0.0.0.0:40113"
startupRole: FOLLOWER
,id: "s4"
address: "0.0.0.0:33213"
clientAddress: "0.0.0.0:33213"
adminAddress: "0.0.0.0:33213"
startupRole: FOLLOWER
,id: "s2"
address: "localhost:35823"
dataStreamAddress: "localhost:45371"
clientAddress: "localhost:35617"
adminAddress: "localhost:38665"
startupRole: FOLLOWER
, old:)]
2023-03-14 08:39:10,638 [s2-server-thread2] INFO  server.RaftServer$Division (ServerState.java:setRaftConf(378)) - s2@group-A384FF32980E: set configuration 47: peers:[s3|rpc:0.0.0.0:40113|dataStream:|priority:0|startupRole:FOLLOWER, s4|rpc:0.0.0.0:33213|dataStream:|priority:0|startupRole:FOLLOWER, s2|rpc:localhost:35823|admin:localhost:38665|client:localhost:35617|dataStream:localhost:45371|priority:0|startupRole:FOLLOWER]|listeners:[], old=null
2023-03-14 08:39:10,639 [s2-server-thread2] DEBUG server.RaftServer$Division (RaftServerImpl.java:logAppendEntries(1430)) - s2@group-A384FF32980E: succeeded to handle AppendEntries. Reply: s1<-s2#66489:OK-t1,SUCCESS,nextIndex=48,followerCommit=45,matchIndex=47
2023-03-14 08:39:10,646 [s3-server-thread1] DEBUG server.RaftServer$Division (RaftServerImpl.java:logAppendEntries(1430)) - s3@group-A384FF32980E: receive appendEntries(s1, 1, (t:1, i:46), 45, true, commits:[s1:c45, s2:c44, s3:c45, s4:c43], cId:11, entries: [(t:1, i:47), CONFIGURATIONENTRY(current:id: "s3"
address: "0.0.0.0:40113"
clientAddress: "0.0.0.0:40113"
adminAddress: "0.0.0.0:40113"
startupRole: FOLLOWER
,id: "s4"
address: "0.0.0.0:33213"
clientAddress: "0.0.0.0:33213"
adminAddress: "0.0.0.0:33213"
startupRole: FOLLOWER
,id: "s2"
address: "localhost:35823"
dataStreamAddress: "localhost:45371"
clientAddress: "localhost:35617"
adminAddress: "localhost:38665"
startupRole: FOLLOWER
, old:)]
2023-03-14 08:39:10,646 [s3-server-thread1] INFO  server.RaftServer$Division (ServerState.java:setRaftConf(378)) - s3@group-A384FF32980E: set configuration 47: peers:[s3|rpc:0.0.0.0:40113|dataStream:|priority:0|startupRole:FOLLOWER, s4|rpc:0.0.0.0:33213|dataStream:|priority:0|startupRole:FOLLOWER, s2|rpc:localhost:35823|admin:localhost:38665|client:localhost:35617|dataStream:localhost:45371|priority:0|startupRole:FOLLOWER]|listeners:[], old=null
2023-03-14 08:39:10,646 [s4-server-thread2] DEBUG server.RaftServer$Division (RaftServerImpl.java:logAppendEntries(1430)) - s4@group-A384FF32980E: receive appendEntries(s1, 1, (t:1, i:46), 45, true, commits:[s1:c45, s2:c44, s3:c45, s4:c43], cId:5357, entries: [(t:1, i:47), CONFIGURATIONENTRY(current:id: "s3"
address: "0.0.0.0:40113"
clientAddress: "0.0.0.0:40113"
adminAddress: "0.0.0.0:40113"
startupRole: FOLLOWER
,id: "s4"
address: "0.0.0.0:33213"
clientAddress: "0.0.0.0:33213"
adminAddress: "0.0.0.0:33213"
startupRole: FOLLOWER
,id: "s2"
address: "localhost:35823"
dataStreamAddress: "localhost:45371"
clientAddress: "localhost:35617"
adminAddress: "localhost:38665"
startupRole: FOLLOWER
, old:)]
2023-03-14 08:39:10,646 [s4-server-thread2] INFO  server.RaftServer$Division (ServerState.java:setRaftConf(378)) - s4@group-A384FF32980E: set configuration 47: peers:[s3|rpc:0.0.0.0:40113|dataStream:|priority:0|startupRole:FOLLOWER, s4|rpc:0.0.0.0:33213|dataStream:|priority:0|startupRole:FOLLOWER, s2|rpc:localhost:35823|admin:localhost:38665|client:localhost:35617|dataStream:localhost:45371|priority:0|startupRole:FOLLOWER]|listeners:[], old=null
2023-03-14 08:39:10,647 [s3-server-thread1] DEBUG server.RaftServer$Division (RaftServerImpl.java:logAppendEntries(1430)) - s3@group-A384FF32980E: succeeded to handle AppendEntries. Reply: s1<-s3#11:OK-t1,SUCCESS,nextIndex=48,followerCommit=45,matchIndex=47
2023-03-14 08:39:10,647 [s4-server-thread2] DEBUG server.RaftServer$Division (RaftServerImpl.java:logAppendEntries(1430)) - s4@group-A384FF32980E: succeeded to handle AppendEntries. Reply: s1<-s4#5357:OK-t1,SUCCESS,nextIndex=48,followerCommit=45,matchIndex=47
2023-03-14 08:39:10,650 [s1@group-A384FF32980E-LeaderStateImpl] INFO  server.RaftServer$Division (LeaderStateImpl.java:checkAndUpdateConfiguration(983)) - s1@group-A384FF32980E-LeaderStateImpl is not included in the new configuration 47: peers:[s3|rpc:0.0.0.0:40113|dataStream:|priority:0|startupRole:FOLLOWER, s4|rpc:0.0.0.0:33213|dataStream:|priority:0|startupRole:FOLLOWER, s2|rpc:localhost:35823|admin:localhost:38665|client:localhost:35617|dataStream:localhost:45371|priority:0|startupRole:FOLLOWER]|listeners:[], old=null. Will shutdown server...
2023-03-14 08:39:10,651 [s2-server-thread2] DEBUG server.RaftServer$Division (RaftServerImpl.java:logAppendEntries(1430)) - s2@group-A384FF32980E: receive appendEntries(s1, 1, (t:1, i:47), 47, true, commits:[s1:c47, s2:c45, s3:c45, s4:c45], cId:66491, entries: [(t:1, i:48), METADATAENTRY(c:47)]
2023-03-14 08:39:10,651 [s2-server-thread2] DEBUG server.RaftServer$Division (RaftServerImpl.java:logAppendEntries(1430)) - s2@group-A384FF32980E: succeeded to handle AppendEntries. Reply: s1<-s2#66491:OK-t1,SUCCESS,nextIndex=49,followerCommit=47,matchIndex=48
2023-03-14 08:39:10,653 [Time-limited test] INFO  server.RaftServerConfigKeys (ConfUtils.java:logGet(46)) - raft.server.rpc.timeout.max = 300ms (default)
2023-03-14 08:39:10,653 [Time-limited test] INFO  impl.RaftServerTestUtil (RaftServerTestUtil.java:waitAndCheckNewConf(87)) - waitAndCheckNewConf: peers=[s3|rpc:0.0.0.0:40113|priority:0|startupRole:FOLLOWER, s4|rpc:0.0.0.0:33213|priority:0|startupRole:FOLLOWER, s2|rpc:localhost:35823|admin:localhost:38665|client:localhost:35617|dataStream:localhost:45371|priority:0|startupRole:FOLLOWER], deadPeers=null, printing ALL groups
  s3:  RUNNING  FOLLOWER s3@group-A384FF32980E:t1, leader=s1, voted=null, raftlog=Memoized:s3@group-A384FF32980E-SegmentedRaftLog:OPENED:c45, conf=47: peers:[s3|rpc:0.0.0.0:40113|dataStream:|priority:0|startupRole:FOLLOWER, s4|rpc:0.0.0.0:33213|dataStream:|priority:0|startupRole:FOLLOWER, s2|rpc:localhost:35823|admin:localhost:38665|client:localhost:35617|dataStream:localhost:45371|priority:0|startupRole:FOLLOWER]|listeners:[], old=null RUNNING
  s4:  RUNNING  FOLLOWER s4@group-A384FF32980E:t1, leader=s1, voted=null, raftlog=Memoized:s4@group-A384FF32980E-SegmentedRaftLog:OPENED:c45, conf=47: peers:[s3|rpc:0.0.0.0:40113|dataStream:|priority:0|startupRole:FOLLOWER, s4|rpc:0.0.0.0:33213|dataStream:|priority:0|startupRole:FOLLOWER, s2|rpc:localhost:35823|admin:localhost:38665|client:localhost:35617|dataStream:localhost:45371|priority:0|startupRole:FOLLOWER]|listeners:[], old=null RUNNING
  s0:  RUNNING  FOLLOWER s0@group-A384FF32980E:t1, leader=s1, voted=s1, raftlog=Memoized:s0@group-A384FF32980E-SegmentedRaftLog:OPENED:c43, conf=43: peers:[s3|rpc:0.0.0.0:40113|dataStream:|priority:0|startupRole:FOLLOWER, s4|rpc:0.0.0.0:33213|dataStream:|priority:0|startupRole:FOLLOWER, s0|rpc:localhost:37187|admin:localhost:44251|client:localhost:41265|dataStream:localhost:40977|priority:0|startupRole:FOLLOWER, s1|rpc:localhost:44865|admin:localhost:35297|client:localhost:32793|dataStream:localhost:35567|priority:0|startupRole:FOLLOWER, s2|rpc:localhost:35823|admin:localhost:38665|client:localhost:35617|dataStream:localhost:45371|priority:0|startupRole:FOLLOWER]|listeners:[], old=null RUNNING
  s1:  RUNNING    LEADER s1@group-A384FF32980E:t1, leader=s1, voted=s1, raftlog=Memoized:s1@group-A384FF32980E-SegmentedRaftLog:OPENED:c47, conf=47: peers:[s3|rpc:0.0.0.0:40113|dataStream:|priority:0|startupRole:FOLLOWER, s4|rpc:0.0.0.0:33213|dataStream:|priority:0|startupRole:FOLLOWER, s2|rpc:localhost:35823|admin:localhost:38665|client:localhost:35617|dataStream:localhost:45371|priority:0|startupRole:FOLLOWER]|listeners:[], old=null RUNNING
  s2:  RUNNING  FOLLOWER s2@group-A384FF32980E:t1, leader=s1, voted=s1, raftlog=Memoized:s2@group-A384FF32980E-SegmentedRaftLog:OPENED:c47, conf=47: peers:[s3|rpc:0.0.0.0:40113|dataStream:|priority:0|startupRole:FOLLOWER, s4|rpc:0.0.0.0:33213|dataStream:|priority:0|startupRole:FOLLOWER, s2|rpc:localhost:35823|admin:localhost:38665|client:localhost:35617|dataStream:localhost:45371|priority:0|startupRole:FOLLOWER]|listeners:[], old=null RUNNING
2023-03-14 08:39:10,653 [Time-limited test] INFO  impl.RaftServerTestUtil (RaftServerTestUtil.java:waitAndCheckNewConf(96)) - checking  FOLLOWER s3@group-A384FF32980E:t1, leader=s1, voted=null, raftlog=Memoized:s3@group-A384FF32980E-SegmentedRaftLog:OPENED:c45, conf=47: peers:[s3|rpc:0.0.0.0:40113|dataStream:|priority:0|startupRole:FOLLOWER, s4|rpc:0.0.0.0:33213|dataStream:|priority:0|startupRole:FOLLOWER, s2|rpc:localhost:35823|admin:localhost:38665|client:localhost:35617|dataStream:localhost:45371|priority:0|startupRole:FOLLOWER]|listeners:[], old=null RUNNING
2023-03-14 08:39:10,653 [Time-limited test] INFO  impl.RaftServerTestUtil (RaftServerTestUtil.java:waitAndCheckNewConf(96)) - checking  FOLLOWER s4@group-A384FF32980E:t1, leader=s1, voted=null, raftlog=Memoized:s4@group-A384FF32980E-SegmentedRaftLog:OPENED:c45, conf=47: peers:[s3|rpc:0.0.0.0:40113|dataStream:|priority:0|startupRole:FOLLOWER, s4|rpc:0.0.0.0:33213|dataStream:|priority:0|startupRole:FOLLOWER, s2|rpc:localhost:35823|admin:localhost:38665|client:localhost:35617|dataStream:localhost:45371|priority:0|startupRole:FOLLOWER]|listeners:[], old=null RUNNING
2023-03-14 08:39:10,653 [Time-limited test] INFO  impl.RaftServerTestUtil (RaftServerTestUtil.java:waitAndCheckNewConf(96)) - checking  FOLLOWER s0@group-A384FF32980E:t1, leader=s1, voted=s1, raftlog=Memoized:s0@group-A384FF32980E-SegmentedRaftLog:OPENED:c43, conf=43: peers:[s3|rpc:0.0.0.0:40113|dataStream:|priority:0|startupRole:FOLLOWER, s4|rpc:0.0.0.0:33213|dataStream:|priority:0|startupRole:FOLLOWER, s0|rpc:localhost:37187|admin:localhost:44251|client:localhost:41265|dataStream:localhost:40977|priority:0|startupRole:FOLLOWER, s1|rpc:localhost:44865|admin:localhost:35297|client:localhost:32793|dataStream:localhost:35567|priority:0|startupRole:FOLLOWER, s2|rpc:localhost:35823|admin:localhost:38665|client:localhost:35617|dataStream:localhost:45371|priority:0|startupRole:FOLLOWER]|listeners:[], old=null RUNNING
2023-03-14 08:39:10,653 [Time-limited test] WARN  impl.RaftServerTestUtil (JavaUtils.java:attempt(217)) - FAILED "waitAndCheckNewConf", attempt #1/10: java.lang.AssertionError, sleep 1200ms and then retry.
java.lang.AssertionError
	at org.junit.Assert.fail(Assert.java:87)
	at org.junit.Assert.assertTrue(Assert.java:42)
	at org.junit.Assert.assertFalse(Assert.java:65)
	at org.junit.Assert.assertFalse(Assert.java:75)
	at org.apache.ratis.server.impl.RaftServerTestUtil.waitAndCheckNewConf(RaftServerTestUtil.java:112)
	at org.apache.ratis.server.impl.RaftServerTestUtil.lambda$waitAndCheckNewConf$3(RaftServerTestUtil.java:82)
	at org.apache.ratis.util.function.CheckedRunnable.lambda$asCheckedSupplier$0(CheckedRunnable.java:32)
	at org.apache.ratis.util.JavaUtils.attempt(JavaUtils.java:211)
	at org.apache.ratis.util.JavaUtils.attemptRepeatedly(JavaUtils.java:197)
	at org.apache.ratis.util.JavaUtils.attempt(JavaUtils.java:231)
	at org.apache.ratis.server.impl.RaftServerTestUtil.waitAndCheckNewConf(RaftServerTestUtil.java:82)
	at org.apache.ratis.server.impl.RaftReconfigurationBaseTest.runTestReconfTwice(RaftReconfigurationBaseTest.java:309)
	at org.apache.ratis.server.impl.MiniRaftCluster$Factory$Get.runWithNewCluster(MiniRaftCluster.java:141)
	at org.apache.ratis.server.impl.MiniRaftCluster$Factory$Get.runWithNewCluster(MiniRaftCluster.java:121)
	at org.apache.ratis.server.impl.RaftReconfigurationBaseTest.testReconfTwice(RaftReconfigurationBaseTest.java:263)
	at java.base/jdk.internal.reflect.NativeMethodAccessorImpl.invoke0(Native Method)
	at java.base/jdk.internal.reflect.NativeMethodAccessorImpl.invoke(NativeMethodAccessorImpl.java:62)
	at java.base/jdk.internal.reflect.DelegatingMethodAccessorImpl.invoke(DelegatingMethodAccessorImpl.java:43)
	at java.base/java.lang.reflect.Method.invoke(Method.java:566)
	at org.junit.runners.model.FrameworkMethod$1.runReflectiveCall(FrameworkMethod.java:59)
	at org.junit.internal.runners.model.ReflectiveCallable.run(ReflectiveCallable.java:12)
	at org.junit.runners.model.FrameworkMethod.invokeExplosively(FrameworkMethod.java:56)
	at org.junit.internal.runners.statements.InvokeMethod.evaluate(InvokeMethod.java:17)
	at org.junit.internal.runners.statements.FailOnTimeout$CallableStatement.call(FailOnTimeout.java:299)
	at org.junit.internal.runners.statements.FailOnTimeout$CallableStatement.call(FailOnTimeout.java:293)
	at java.base/java.util.concurrent.FutureTask.run(FutureTask.java:264)
	at java.base/java.lang.Thread.run(Thread.java:829)
2023-03-14 08:39:10,656 [s3-server-thread1] DEBUG server.RaftServer$Division (RaftServerImpl.java:logAppendEntries(1430)) - s3@group-A384FF32980E: receive appendEntries(s1, 1, (t:1, i:47), 47, true, commits:[s1:c47, s2:c45, s3:c45, s4:c45], cId:13, entries: [(t:1, i:48), METADATAENTRY(c:47)]
2023-03-14 08:39:10,657 [s4-server-thread2] DEBUG server.RaftServer$Division (RaftServerImpl.java:logAppendEntries(1430)) - s4@group-A384FF32980E: receive appendEntries(s1, 1, (t:1, i:47), 47, true, commits:[s1:c47, s2:c45, s3:c45, s4:c45], cId:5358, entries: [(t:1, i:48), METADATAENTRY(c:47)]
2023-03-14 08:39:10,657 [s3-server-thread1] DEBUG server.RaftServer$Division (RaftServerImpl.java:logAppendEntries(1430)) - s3@group-A384FF32980E: succeeded to handle AppendEntries. Reply: s1<-s3#13:OK-t1,SUCCESS,nextIndex=49,followerCommit=47,matchIndex=48
2023-03-14 08:39:10,657 [s4-server-thread2] DEBUG server.RaftServer$Division (RaftServerImpl.java:logAppendEntries(1430)) - s4@group-A384FF32980E: succeeded to handle AppendEntries. Reply: s1<-s4#5358:OK-t1,SUCCESS,nextIndex=49,followerCommit=47,matchIndex=48
2023-03-14 08:39:10,800 [s1@group-A384FF32980E-LeaderStateImpl] INFO  server.RaftServer$Division (RaftServerImpl.java:lambda$close$4(466)) - s1@group-A384FF32980E: shutdown
2023-03-14 08:39:10,800 [s1@group-A384FF32980E-LeaderStateImpl] INFO  util.JmxRegister (JmxRegister.java:unregister(73)) - Successfully un-registered JMX Bean with object name Ratis:service=RaftServer,group=group-A384FF32980E,id=s1
2023-03-14 08:39:10,800 [s1@group-A384FF32980E-LeaderStateImpl] INFO  impl.RoleInfo (RoleInfo.java:shutdownLeaderState(93)) - s1: shutdown s1@group-A384FF32980E-LeaderStateImpl
2023-03-14 08:39:10,800 [s1@group-A384FF32980E-LeaderStateImpl] INFO  impl.PendingRequests (PendingRequests.java:sendNotLeaderResponses(282)) - s1@group-A384FF32980E-PendingRequests: sendNotLeaderResponses
2023-03-14 08:39:10,801 [s1@group-A384FF32980E-LeaderStateImpl] INFO  impl.StateMachineUpdater (StateMachineUpdater.java:stopAndJoin(154)) - s1@group-A384FF32980E-StateMachineUpdater: set stopIndex = 47
2023-03-14 08:39:10,801 [grpc-default-executor-1] INFO  server.GrpcServerProtocolService (GrpcServerProtocolService.java:onCompleted(145)) - s4: Completed APPEND_ENTRIES, lastRequest: s1->s4#5358-t1,previous=(t:1, i:47),leaderCommit=47,initializing? true,entries: size=1, first=(t:1, i:48), METADATAENTRY(c:47)
2023-03-14 08:39:10,801 [grpc-default-executor-6] INFO  server.GrpcServerProtocolService (GrpcServerProtocolService.java:onCompleted(145)) - s3: Completed APPEND_ENTRIES, lastRequest: s1->s3#13-t1,previous=(t:1, i:47),leaderCommit=47,initializing? true,entries: size=1, first=(t:1, i:48), METADATAENTRY(c:47)
2023-03-14 08:39:10,801 [grpc-default-executor-0] INFO  server.GrpcServerProtocolService (GrpcServerProtocolService.java:onCompleted(145)) - s2: Completed APPEND_ENTRIES, lastRequest: s1->s2#66491-t1,previous=(t:1, i:47),leaderCommit=47,initializing? true,entries: size=1, first=(t:1, i:48), METADATAENTRY(c:47)
2023-03-14 08:39:10,802 [grpc-default-executor-8] INFO  server.GrpcLogAppender (GrpcLogAppender.java:onCompleted(417)) - s1@group-A384FF32980E->s2-AppendLogResponseHandler: follower responses appendEntries COMPLETED
2023-03-14 08:39:10,802 [grpc-default-executor-8] INFO  leader.FollowerInfo (FollowerInfoImpl.java:lambda$new$0(52)) - s1@group-A384FF32980E->s2: decreaseNextIndex nextIndex: updateUnconditionally 49 -> 48
2023-03-14 08:39:10,802 [s1@group-A384FF32980E-LeaderStateImpl] INFO  server.RaftServer$Division (ServerState.java:close(414)) - s1@group-A384FF32980E: applyIndex: 47
2023-03-14 08:39:10,802 [grpc-default-executor-4] INFO  server.GrpcLogAppender (GrpcLogAppender.java:onCompleted(417)) - s1@group-A384FF32980E->s3-AppendLogResponseHandler: follower responses appendEntries COMPLETED
2023-03-14 08:39:10,802 [grpc-default-executor-4] INFO  leader.FollowerInfo (FollowerInfoImpl.java:lambda$new$0(52)) - s1@group-A384FF32980E->s3: decreaseNextIndex nextIndex: updateUnconditionally 49 -> 48
2023-03-14 08:39:10,802 [grpc-default-executor-6] INFO  server.GrpcLogAppender (GrpcLogAppender.java:onCompleted(417)) - s1@group-A384FF32980E->s4-AppendLogResponseHandler: follower responses appendEntries COMPLETED
2023-03-14 08:39:10,802 [grpc-default-executor-6] INFO  leader.FollowerInfo (FollowerInfoImpl.java:lambda$new$0(52)) - s1@group-A384FF32980E->s4: decreaseNextIndex nextIndex: updateUnconditionally 49 -> 48
2023-03-14 08:39:10,802 [grpc-default-executor-4] INFO  server.GrpcServerProtocolService (GrpcServerProtocolService.java:onCompleted(145)) - s4: Completed APPEND_ENTRIES, lastRequest: null
2023-03-14 08:39:10,802 [grpc-default-executor-4] INFO  server.GrpcLogAppender (GrpcLogAppender.java:onCompleted(417)) - s1@group-A384FF32980E->s4-AppendLogResponseHandler: follower responses appendEntries COMPLETED
2023-03-14 08:39:10,802 [grpc-default-executor-6] INFO  server.GrpcServerProtocolService (GrpcServerProtocolService.java:onCompleted(145)) - s3: Completed APPEND_ENTRIES, lastRequest: null
2023-03-14 08:39:10,802 [grpc-default-executor-4] INFO  leader.FollowerInfo (FollowerInfoImpl.java:lambda$new$0(52)) - s1@group-A384FF32980E->s4: decreaseNextIndex nextIndex: updateUnconditionally 48 -> 47
2023-03-14 08:39:10,802 [grpc-default-executor-6] INFO  server.GrpcLogAppender (GrpcLogAppender.java:onCompleted(417)) - s1@group-A384FF32980E->s3-AppendLogResponseHandler: follower responses appendEntries COMPLETED
2023-03-14 08:39:10,802 [grpc-default-executor-6] INFO  leader.FollowerInfo (FollowerInfoImpl.java:lambda$new$0(52)) - s1@group-A384FF32980E->s3: decreaseNextIndex nextIndex: updateUnconditionally 48 -> 47
2023-03-14 08:39:10,803 [grpc-default-executor-6] INFO  server.GrpcServerProtocolService (GrpcServerProtocolService.java:onCompleted(145)) - s2: Completed APPEND_ENTRIES, lastRequest: null
2023-03-14 08:39:10,803 [grpc-default-executor-6] INFO  server.GrpcLogAppender (GrpcLogAppender.java:onCompleted(417)) - s1@group-A384FF32980E->s2-AppendLogResponseHandler: follower responses appendEntries COMPLETED
2023-03-14 08:39:10,803 [grpc-default-executor-6] INFO  leader.FollowerInfo (FollowerInfoImpl.java:lambda$new$0(52)) - s1@group-A384FF32980E->s2: decreaseNextIndex nextIndex: updateUnconditionally 48 -> 47
2023-03-14 08:39:10,988 [s3@group-A384FF32980E-FollowerState] INFO  impl.FollowerState (FollowerState.java:run(143)) - s3@group-A384FF32980E-FollowerState: change to CANDIDATE, lastRpcElapsedTime:255551669ns, electionTimeout:151ms
2023-03-14 08:39:10,988 [s3@group-A384FF32980E-FollowerState] INFO  impl.RoleInfo (RoleInfo.java:shutdownFollowerState(110)) - s3: shutdown s3@group-A384FF32980E-FollowerState
2023-03-14 08:39:10,988 [s3@group-A384FF32980E-FollowerState] INFO  server.RaftServer$Division (RaftServerImpl.java:setRole(329)) - s3@group-A384FF32980E: changes role from  FOLLOWER to CANDIDATE at term 1 for changeToCandidate
2023-03-14 08:39:10,988 [s3@group-A384FF32980E-FollowerState] INFO  server.RaftServerConfigKeys (ConfUtils.java:logGet(46)) - raft.server.leaderelection.pre-vote = true (default)
2023-03-14 08:39:10,988 [s3@group-A384FF32980E-FollowerState] INFO  impl.RoleInfo (RoleInfo.java:updateAndGet(139)) - s3: start s3@group-A384FF32980E-LeaderElection46
2023-03-14 08:39:10,989 [s3@group-A384FF32980E-LeaderElection46] INFO  server.RaftServer$Division (ServerState.java:setLeader(260)) - s3@group-A384FF32980E: change Leader from s1 to null at term 1 for PRE_VOTE
2023-03-14 08:39:10,989 [s3@group-A384FF32980E-LeaderElection46] INFO  impl.LeaderElection (LeaderElection.java:askForVotes(320)) - s3@group-A384FF32980E-LeaderElection46 PRE_VOTE round 0: submit vote requests at term 1 for 47: peers:[s3|rpc:0.0.0.0:40113|dataStream:|priority:0|startupRole:FOLLOWER, s4|rpc:0.0.0.0:33213|dataStream:|priority:0|startupRole:FOLLOWER, s2|rpc:localhost:35823|admin:localhost:38665|client:localhost:35617|dataStream:localhost:45371|priority:0|startupRole:FOLLOWER]|listeners:[], old=null
2023-03-14 08:39:10,989 [s3@group-A384FF32980E-LeaderElection46-1] INFO  server.GrpcServerProtocolClient (GrpcServerProtocolClient.java:<init>(64)) - Build channel for s4
2023-03-14 08:39:10,990 [s3@group-A384FF32980E-LeaderElection46-2] INFO  server.GrpcServerProtocolClient (GrpcServerProtocolClient.java:<init>(64)) - Build channel for s2
2023-03-14 08:39:10,992 [s0@group-A384FF32980E-FollowerState] INFO  impl.FollowerState (FollowerState.java:run(143)) - s0@group-A384FF32980E-FollowerState: change to CANDIDATE, lastRpcElapsedTime:375056031ns, electionTimeout:265ms
2023-03-14 08:39:10,992 [s0@group-A384FF32980E-FollowerState] INFO  impl.RoleInfo (RoleInfo.java:shutdownFollowerState(110)) - s0: shutdown s0@group-A384FF32980E-FollowerState
2023-03-14 08:39:10,992 [s0@group-A384FF32980E-FollowerState] INFO  server.RaftServer$Division (RaftServerImpl.java:setRole(329)) - s0@group-A384FF32980E: changes role from  FOLLOWER to CANDIDATE at term 1 for changeToCandidate
2023-03-14 08:39:10,992 [s0@group-A384FF32980E-FollowerState] INFO  server.RaftServerConfigKeys (ConfUtils.java:logGet(46)) - raft.server.leaderelection.pre-vote = true (default)
2023-03-14 08:39:10,992 [s0@group-A384FF32980E-FollowerState] INFO  impl.RoleInfo (RoleInfo.java:updateAndGet(139)) - s0: start s0@group-A384FF32980E-LeaderElection47
2023-03-14 08:39:10,994 [s0@group-A384FF32980E-LeaderElection47] INFO  server.RaftServer$Division (ServerState.java:setLeader(260)) - s0@group-A384FF32980E: change Leader from s1 to null at term 1 for PRE_VOTE
2023-03-14 08:39:10,994 [grpc-default-executor-4] INFO  server.RaftServer$Division (RaftServerImpl.java:requestVote(1303)) - s2@group-A384FF32980E: receive requestVote(PRE_VOTE, s3, group-A384FF32980E, 1, (t:1, i:48))
2023-03-14 08:39:10,994 [s0@group-A384FF32980E-LeaderElection47] INFO  impl.LeaderElection (LeaderElection.java:askForVotes(320)) - s0@group-A384FF32980E-LeaderElection47 PRE_VOTE round 0: submit vote requests at term 1 for 43: peers:[s3|rpc:0.0.0.0:40113|dataStream:|priority:0|startupRole:FOLLOWER, s4|rpc:0.0.0.0:33213|dataStream:|priority:0|startupRole:FOLLOWER, s0|rpc:localhost:37187|admin:localhost:44251|client:localhost:41265|dataStream:localhost:40977|priority:0|startupRole:FOLLOWER, s1|rpc:localhost:44865|admin:localhost:35297|client:localhost:32793|dataStream:localhost:35567|priority:0|startupRole:FOLLOWER, s2|rpc:localhost:35823|admin:localhost:38665|client:localhost:35617|dataStream:localhost:45371|priority:0|startupRole:FOLLOWER]|listeners:[], old=null
2023-03-14 08:39:10,994 [grpc-default-executor-4] INFO  impl.VoteContext (VoteContext.java:log(49)) - s2@group-A384FF32980E-FOLLOWER: accept PRE_VOTE from s3: our priority 0 <= candidate's priority 0
2023-03-14 08:39:10,994 [grpc-default-executor-4] INFO  server.RaftServer$Division (RaftServerImpl.java:requestVote(1336)) - s2@group-A384FF32980E replies to PRE_VOTE vote request: s3<-s2#0:OK-t1. Peer's state: s2@group-A384FF32980E:t1, leader=s1, voted=s1, raftlog=Memoized:s2@group-A384FF32980E-SegmentedRaftLog:OPENED:c47, conf=47: peers:[s3|rpc:0.0.0.0:40113|dataStream:|priority:0|startupRole:FOLLOWER, s4|rpc:0.0.0.0:33213|dataStream:|priority:0|startupRole:FOLLOWER, s2|rpc:localhost:35823|admin:localhost:38665|client:localhost:35617|dataStream:localhost:45371|priority:0|startupRole:FOLLOWER]|listeners:[], old=null
2023-03-14 08:39:10,994 [grpc-default-executor-4] INFO  server.RaftServer$Division (RaftServerImpl.java:requestVote(1303)) - s4@group-A384FF32980E: receive requestVote(PRE_VOTE, s3, group-A384FF32980E, 1, (t:1, i:48))
2023-03-14 08:39:10,994 [grpc-default-executor-4] INFO  impl.VoteContext (VoteContext.java:log(49)) - s4@group-A384FF32980E-FOLLOWER: accept PRE_VOTE from s3: our priority 0 <= candidate's priority 0
2023-03-14 08:39:10,994 [grpc-default-executor-4] INFO  server.RaftServer$Division (RaftServerImpl.java:requestVote(1336)) - s4@group-A384FF32980E replies to PRE_VOTE vote request: s3<-s4#0:OK-t1. Peer's state: s4@group-A384FF32980E:t1, leader=s1, voted=null, raftlog=Memoized:s4@group-A384FF32980E-SegmentedRaftLog:OPENED:c47, conf=47: peers:[s3|rpc:0.0.0.0:40113|dataStream:|priority:0|startupRole:FOLLOWER, s4|rpc:0.0.0.0:33213|dataStream:|priority:0|startupRole:FOLLOWER, s2|rpc:localhost:35823|admin:localhost:38665|client:localhost:35617|dataStream:localhost:45371|priority:0|startupRole:FOLLOWER]|listeners:[], old=null
2023-03-14 08:39:10,995 [s3@group-A384FF32980E-LeaderElection46] INFO  impl.LeaderElection (LeaderElection.java:logAndReturn(89)) - s3@group-A384FF32980E-LeaderElection46: PRE_VOTE PASSED received 1 response(s) and 0 exception(s):
2023-03-14 08:39:10,995 [s3@group-A384FF32980E-LeaderElection46] INFO  impl.LeaderElection (LeaderElection.java:logAndReturn(93)) -   Response 0: s3<-s4#0:OK-t1
2023-03-14 08:39:10,995 [s3@group-A384FF32980E-LeaderElection46] INFO  impl.LeaderElection (LeaderElection.java:askForVotes(322)) - s3@group-A384FF32980E-LeaderElection46 PRE_VOTE round 0: result PASSED
2023-03-14 08:39:10,996 [s0@group-A384FF32980E-LeaderElection47-1] INFO  server.GrpcServerProtocolClient (GrpcServerProtocolClient.java:<init>(64)) - Build channel for s3
2023-03-14 08:39:10,997 [s3@group-A384FF32980E-LeaderElection46] INFO  impl.LeaderElection (LeaderElection.java:askForVotes(320)) - s3@group-A384FF32980E-LeaderElection46 ELECTION round 0: submit vote requests at term 2 for 47: peers:[s3|rpc:0.0.0.0:40113|dataStream:|priority:0|startupRole:FOLLOWER, s4|rpc:0.0.0.0:33213|dataStream:|priority:0|startupRole:FOLLOWER, s2|rpc:localhost:35823|admin:localhost:38665|client:localhost:35617|dataStream:localhost:45371|priority:0|startupRole:FOLLOWER]|listeners:[], old=null
2023-03-14 08:39:10,998 [grpc-default-executor-4] INFO  server.RaftServer$Division (RaftServerImpl.java:requestVote(1303)) - s3@group-A384FF32980E: receive requestVote(PRE_VOTE, s0, group-A384FF32980E, 1, (t:1, i:44))
2023-03-14 08:39:10,998 [grpc-default-executor-4] INFO  impl.VoteContext (VoteContext.java:log(49)) - s3@group-A384FF32980E-CANDIDATE: reject PRE_VOTE from s0: s0 is not in current conf [s3|rpc:0.0.0.0:40113|dataStream:|priority:0|startupRole:FOLLOWER, s4|rpc:0.0.0.0:33213|dataStream:|priority:0|startupRole:FOLLOWER, s2|rpc:localhost:35823|admin:localhost:38665|client:localhost:35617|dataStream:localhost:45371|priority:0|startupRole:FOLLOWER]
2023-03-14 08:39:10,998 [grpc-default-executor-4] INFO  server.RaftServer$Division (RaftServerImpl.java:requestVote(1336)) - s3@group-A384FF32980E replies to PRE_VOTE vote request: s0<-s3#0:FAIL-t2. Peer's state: s3@group-A384FF32980E:t2, leader=null, voted=s3, raftlog=Memoized:s3@group-A384FF32980E-SegmentedRaftLog:OPENED:c47, conf=47: peers:[s3|rpc:0.0.0.0:40113|dataStream:|priority:0|startupRole:FOLLOWER, s4|rpc:0.0.0.0:33213|dataStream:|priority:0|startupRole:FOLLOWER, s2|rpc:localhost:35823|admin:localhost:38665|client:localhost:35617|dataStream:localhost:45371|priority:0|startupRole:FOLLOWER]|listeners:[], old=null
2023-03-14 08:39:10,998 [s0@group-A384FF32980E-LeaderElection47-2] INFO  server.GrpcServerProtocolClient (GrpcServerProtocolClient.java:<init>(64)) - Build channel for s4
2023-03-14 08:39:11,001 [grpc-default-executor-4] INFO  server.RaftServer$Division (RaftServerImpl.java:requestVote(1303)) - s4@group-A384FF32980E: receive requestVote(ELECTION, s3, group-A384FF32980E, 2, (t:1, i:48))
2023-03-14 08:39:11,001 [grpc-default-executor-4] INFO  impl.VoteContext (VoteContext.java:log(49)) - s4@group-A384FF32980E-FOLLOWER: accept ELECTION from s3: our priority 0 <= candidate's priority 0
2023-03-14 08:39:11,001 [grpc-default-executor-4] INFO  server.RaftServer$Division (ServerState.java:setLeader(260)) - s4@group-A384FF32980E: change Leader from s1 to null at term 2 for updateCurrentTerm
2023-03-14 08:39:11,001 [grpc-default-executor-4] INFO  server.RaftServer$Division (RaftServerImpl.java:setRole(329)) - s4@group-A384FF32980E: changes role from  FOLLOWER to FOLLOWER at term 2 for candidate:s3
2023-03-14 08:39:11,001 [grpc-default-executor-4] INFO  impl.RoleInfo (RoleInfo.java:shutdownFollowerState(110)) - s4: shutdown s4@group-A384FF32980E-FollowerState
2023-03-14 08:39:11,001 [grpc-default-executor-4] INFO  impl.RoleInfo (RoleInfo.java:updateAndGet(139)) - s4: start s4@group-A384FF32980E-FollowerState
2023-03-14 08:39:11,001 [s4@group-A384FF32980E-FollowerState] INFO  impl.FollowerState (FollowerState.java:run(152)) - s4@group-A384FF32980E-FollowerState was interrupted
2023-03-14 08:39:11,001 [grpc-default-executor-6] INFO  server.RaftServer$Division (RaftServerImpl.java:requestVote(1303)) - s4@group-A384FF32980E: receive requestVote(PRE_VOTE, s0, group-A384FF32980E, 1, (t:1, i:44))
2023-03-14 08:39:11,001 [s0@group-A384FF32980E-LeaderElection47] INFO  impl.LeaderElection (LeaderElection.java:logAndReturn(89)) - s0@group-A384FF32980E-LeaderElection47: PRE_VOTE DISCOVERED_A_NEW_TERM (term=2) received 1 response(s) and 0 exception(s):
2023-03-14 08:39:11,001 [s0@group-A384FF32980E-LeaderElection47] INFO  impl.LeaderElection (LeaderElection.java:logAndReturn(93)) -   Response 0: s0<-s3#0:FAIL-t2
2023-03-14 08:39:11,001 [s0@group-A384FF32980E-LeaderElection47] INFO  impl.LeaderElection (LeaderElection.java:askForVotes(322)) - s0@group-A384FF32980E-LeaderElection47 PRE_VOTE round 0: result DISCOVERED_A_NEW_TERM (term=2)
2023-03-14 08:39:11,001 [s0@group-A384FF32980E-LeaderElection47] INFO  server.RaftServer$Division (RaftServerImpl.java:setRole(329)) - s0@group-A384FF32980E: changes role from CANDIDATE to FOLLOWER at term 2 for DISCOVERED_A_NEW_TERM (term=2)
2023-03-14 08:39:11,001 [s0@group-A384FF32980E-LeaderElection47] INFO  impl.RoleInfo (RoleInfo.java:shutdownLeaderElection(130)) - s0: shutdown s0@group-A384FF32980E-LeaderElection47
2023-03-14 08:39:11,001 [s0@group-A384FF32980E-LeaderElection47] INFO  impl.RoleInfo (RoleInfo.java:updateAndGet(139)) - s0: start s0@group-A384FF32980E-FollowerState
2023-03-14 08:39:11,001 [s0@group-A384FF32980E-LeaderElection47-3] INFO  server.GrpcServerProtocolClient (GrpcServerProtocolClient.java:<init>(64)) - Build channel for s1
2023-03-14 08:39:11,003 [s0@group-A384FF32980E-LeaderElection47-4] INFO  server.GrpcServerProtocolClient (GrpcServerProtocolClient.java:<init>(64)) - Build channel for s2
2023-03-14 08:39:11,006 [grpc-default-executor-8] INFO  server.RaftServer$Division (RaftServerImpl.java:requestVote(1303)) - s1@group-A384FF32980E: receive requestVote(PRE_VOTE, s0, group-A384FF32980E, 1, (t:1, i:44))
2023-03-14 08:39:11,006 [grpc-default-executor-8] WARN  server.GrpcServerProtocolService (LogUtils.java:warn(122)) - s1: Failed requestVote s0->s1#0: org.apache.ratis.protocol.exceptions.ServerNotReadyException: s1@group-A384FF32980E is not in [RUNNING]: current state is CLOSING
2023-03-14 08:39:11,007 [grpc-default-executor-1] INFO  server.RaftServer$Division (RaftServerImpl.java:requestVote(1303)) - s2@group-A384FF32980E: receive requestVote(PRE_VOTE, s0, group-A384FF32980E, 1, (t:1, i:44))
2023-03-14 08:39:11,007 [grpc-default-executor-1] INFO  impl.VoteContext (VoteContext.java:log(49)) - s2@group-A384FF32980E-FOLLOWER: reject PRE_VOTE from s0: s0 is not in current conf [s3|rpc:0.0.0.0:40113|dataStream:|priority:0|startupRole:FOLLOWER, s4|rpc:0.0.0.0:33213|dataStream:|priority:0|startupRole:FOLLOWER, s2|rpc:localhost:35823|admin:localhost:38665|client:localhost:35617|dataStream:localhost:45371|priority:0|startupRole:FOLLOWER]
2023-03-14 08:39:11,007 [grpc-default-executor-1] INFO  server.RaftServer$Division (RaftServerImpl.java:requestVote(1336)) - s2@group-A384FF32980E replies to PRE_VOTE vote request: s0<-s2#0:FAIL-t1. Peer's state: s2@group-A384FF32980E:t1, leader=s1, voted=s1, raftlog=Memoized:s2@group-A384FF32980E-SegmentedRaftLog:OPENED:c47, conf=47: peers:[s3|rpc:0.0.0.0:40113|dataStream:|priority:0|startupRole:FOLLOWER, s4|rpc:0.0.0.0:33213|dataStream:|priority:0|startupRole:FOLLOWER, s2|rpc:localhost:35823|admin:localhost:38665|client:localhost:35617|dataStream:localhost:45371|priority:0|startupRole:FOLLOWER]|listeners:[], old=null
2023-03-14 08:39:11,008 [grpc-default-executor-4] INFO  server.RaftServer$Division (RaftServerImpl.java:requestVote(1336)) - s4@group-A384FF32980E replies to ELECTION vote request: s3<-s4#0:OK-t2. Peer's state: s4@group-A384FF32980E:t2, leader=null, voted=s3, raftlog=Memoized:s4@group-A384FF32980E-SegmentedRaftLog:OPENED:c47, conf=47: peers:[s3|rpc:0.0.0.0:40113|dataStream:|priority:0|startupRole:FOLLOWER, s4|rpc:0.0.0.0:33213|dataStream:|priority:0|startupRole:FOLLOWER, s2|rpc:localhost:35823|admin:localhost:38665|client:localhost:35617|dataStream:localhost:45371|priority:0|startupRole:FOLLOWER]|listeners:[], old=null
2023-03-14 08:39:11,009 [grpc-default-executor-6] INFO  impl.VoteContext (VoteContext.java:log(49)) - s4@group-A384FF32980E-FOLLOWER: reject PRE_VOTE from s0: s0 is not in current conf [s3|rpc:0.0.0.0:40113|dataStream:|priority:0|startupRole:FOLLOWER, s4|rpc:0.0.0.0:33213|dataStream:|priority:0|startupRole:FOLLOWER, s2|rpc:localhost:35823|admin:localhost:38665|client:localhost:35617|dataStream:localhost:45371|priority:0|startupRole:FOLLOWER]
2023-03-14 08:39:11,009 [grpc-default-executor-6] INFO  server.RaftServer$Division (RaftServerImpl.java:requestVote(1336)) - s4@group-A384FF32980E replies to PRE_VOTE vote request: s0<-s4#0:FAIL-t2. Peer's state: s4@group-A384FF32980E:t2, leader=null, voted=s3, raftlog=Memoized:s4@group-A384FF32980E-SegmentedRaftLog:OPENED:c47, conf=47: peers:[s3|rpc:0.0.0.0:40113|dataStream:|priority:0|startupRole:FOLLOWER, s4|rpc:0.0.0.0:33213|dataStream:|priority:0|startupRole:FOLLOWER, s2|rpc:localhost:35823|admin:localhost:38665|client:localhost:35617|dataStream:localhost:45371|priority:0|startupRole:FOLLOWER]|listeners:[], old=null
2023-03-14 08:39:11,009 [s3@group-A384FF32980E-LeaderElection46] INFO  impl.LeaderElection (LeaderElection.java:logAndReturn(89)) - s3@group-A384FF32980E-LeaderElection46: ELECTION PASSED received 1 response(s) and 0 exception(s):
2023-03-14 08:39:11,009 [s3@group-A384FF32980E-LeaderElection46] INFO  impl.LeaderElection (LeaderElection.java:logAndReturn(93)) -   Response 0: s3<-s4#0:OK-t2
2023-03-14 08:39:11,009 [s3@group-A384FF32980E-LeaderElection46] INFO  impl.LeaderElection (LeaderElection.java:askForVotes(322)) - s3@group-A384FF32980E-LeaderElection46 ELECTION round 0: result PASSED
2023-03-14 08:39:11,009 [s3@group-A384FF32980E-LeaderElection46] INFO  impl.RoleInfo (RoleInfo.java:shutdownLeaderElection(130)) - s3: shutdown s3@group-A384FF32980E-LeaderElection46
2023-03-14 08:39:11,009 [s3@group-A384FF32980E-LeaderElection46] INFO  server.RaftServer$Division (RaftServerImpl.java:setRole(329)) - s3@group-A384FF32980E: changes role from CANDIDATE to LEADER at term 2 for changeToLeader
2023-03-14 08:39:11,009 [s3@group-A384FF32980E-LeaderElection46] INFO  server.RaftServer$Division (ServerState.java:setLeader(260)) - s3@group-A384FF32980E: change Leader from null to s3 at term 2 for becomeLeader, leader elected after 20ms
2023-03-14 08:39:11,009 [s3@group-A384FF32980E-LeaderElection46] INFO  server.RaftServerConfigKeys (ConfUtils.java:logGet(46)) - raft.server.staging.catchup.gap = 10 (custom)
2023-03-14 08:39:11,009 [s3@group-A384FF32980E-LeaderElection46] INFO  server.RaftServerConfigKeys (ConfUtils.java:logGet(46)) - raft.server.write.element-limit = 4096 (default)
2023-03-14 08:39:11,009 [s3@group-A384FF32980E-LeaderElection46] INFO  server.RaftServerConfigKeys (ConfUtils.java:logGet(46)) - raft.server.write.byte-limit = 64MB (=67108864) (default)
2023-03-14 08:39:11,009 [s3@group-A384FF32980E-LeaderElection46] INFO  server.RaftServerConfigKeys (ConfUtils.java:logGet(46)) - raft.server.watch.timeout = 10s (default)
2023-03-14 08:39:11,009 [s3@group-A384FF32980E-LeaderElection46] INFO  server.RaftServerConfigKeys (ConfUtils.java:logGet(46)) - raft.server.watch.timeout.denomination = 1s (default)
2023-03-14 08:39:11,009 [s3@group-A384FF32980E-LeaderElection46] INFO  server.RaftServerConfigKeys (ConfUtils.java:logGet(46)) - raft.server.watch.element-limit = 65536 (default)
2023-03-14 08:39:11,010 [s3@group-A384FF32980E-LeaderElection46] INFO  server.RaftServerConfigKeys (ConfUtils.java:logGet(46)) - raft.server.write.element-limit = 4096 (default)
2023-03-14 08:39:11,010 [s3@group-A384FF32980E-LeaderElection46] INFO  server.RaftServerConfigKeys (ConfUtils.java:logGet(46)) - raft.server.write.follower.gap.ratio.max = -1.0 (default)
2023-03-14 08:39:11,010 [s3@group-A384FF32980E-LeaderElection46] INFO  server.RaftServerConfigKeys (ConfUtils.java:logGet(46)) - raft.server.log.appender.snapshot.chunk.size.max = 16MB (=16777216) (default)
2023-03-14 08:39:11,010 [s3@group-A384FF32980E-LeaderElection46] INFO  server.RaftServerConfigKeys (ConfUtils.java:logGet(46)) - raft.server.log.appender.buffer.byte-limit = 4MB (=4194304) (default)
2023-03-14 08:39:11,010 [s3@group-A384FF32980E-LeaderElection46] INFO  server.RaftServerConfigKeys (ConfUtils.java:logGet(46)) - raft.server.log.appender.buffer.element-limit = 0 (default)
2023-03-14 08:39:11,010 [s3@group-A384FF32980E-LeaderElection46] INFO  server.RaftServerConfigKeys (ConfUtils.java:logGet(46)) - raft.server.log.appender.wait-time.min = 10ms (default)
2023-03-14 08:39:11,010 [s3@group-A384FF32980E-LeaderElection46] INFO  grpc.GrpcConfigKeys (ConfUtils.java:logGet(46)) - raft.grpc.server.leader.outstanding.appends.max = 128 (default)
2023-03-14 08:39:11,010 [s3@group-A384FF32980E-LeaderElection46] INFO  server.RaftServerConfigKeys (ConfUtils.java:logGet(46)) - raft.server.rpc.request.timeout = 3000ms (default)
2023-03-14 08:39:11,010 [grpc-default-executor-4] INFO  server.RaftServer$Division (RaftServerImpl.java:requestVote(1303)) - s2@group-A384FF32980E: receive requestVote(ELECTION, s3, group-A384FF32980E, 2, (t:1, i:48))
2023-03-14 08:39:11,010 [s3@group-A384FF32980E-LeaderElection46] INFO  server.RaftServerConfigKeys (ConfUtils.java:logGet(46)) - raft.server.log.appender.install.snapshot.enabled = true (default)
2023-03-14 08:39:11,010 [grpc-default-executor-4] INFO  impl.VoteContext (VoteContext.java:log(49)) - s2@group-A384FF32980E-FOLLOWER: accept ELECTION from s3: our priority 0 <= candidate's priority 0
2023-03-14 08:39:11,010 [s3@group-A384FF32980E-LeaderElection46] INFO  grpc.GrpcConfigKeys (ConfUtils.java:logGet(46)) - raft.grpc.server.heartbeat.channel = true (default)
2023-03-14 08:39:11,010 [grpc-default-executor-4] INFO  server.RaftServer$Division (ServerState.java:setLeader(260)) - s2@group-A384FF32980E: change Leader from s1 to null at term 2 for updateCurrentTerm
2023-03-14 08:39:11,010 [grpc-default-executor-4] INFO  server.RaftServer$Division (RaftServerImpl.java:setRole(329)) - s2@group-A384FF32980E: changes role from  FOLLOWER to FOLLOWER at term 2 for candidate:s3
2023-03-14 08:39:11,010 [grpc-default-executor-4] INFO  impl.RoleInfo (RoleInfo.java:shutdownFollowerState(110)) - s2: shutdown s2@group-A384FF32980E-FollowerState
2023-03-14 08:39:11,010 [grpc-default-executor-4] INFO  impl.RoleInfo (RoleInfo.java:updateAndGet(139)) - s2: start s2@group-A384FF32980E-FollowerState
2023-03-14 08:39:11,010 [s3@group-A384FF32980E-LeaderElection46] INFO  server.RaftServerConfigKeys (ConfUtils.java:logGet(46)) - raft.server.log.appender.snapshot.chunk.size.max = 16MB (=16777216) (default)
2023-03-14 08:39:11,010 [s2@group-A384FF32980E-FollowerState] INFO  impl.FollowerState (FollowerState.java:run(152)) - s2@group-A384FF32980E-FollowerState was interrupted
2023-03-14 08:39:11,010 [s3@group-A384FF32980E-LeaderElection46] INFO  server.RaftServerConfigKeys (ConfUtils.java:logGet(46)) - raft.server.log.appender.buffer.byte-limit = 4MB (=4194304) (default)
2023-03-14 08:39:11,010 [s3@group-A384FF32980E-LeaderElection46] INFO  server.RaftServerConfigKeys (ConfUtils.java:logGet(46)) - raft.server.log.appender.buffer.element-limit = 0 (default)
2023-03-14 08:39:11,010 [s3@group-A384FF32980E-LeaderElection46] INFO  server.RaftServerConfigKeys (ConfUtils.java:logGet(46)) - raft.server.log.appender.wait-time.min = 10ms (default)
2023-03-14 08:39:11,010 [s3@group-A384FF32980E-LeaderElection46] INFO  grpc.GrpcConfigKeys (ConfUtils.java:logGet(46)) - raft.grpc.server.leader.outstanding.appends.max = 128 (default)
2023-03-14 08:39:11,010 [s3@group-A384FF32980E-LeaderElection46] INFO  server.RaftServerConfigKeys (ConfUtils.java:logGet(46)) - raft.server.rpc.request.timeout = 3000ms (default)
2023-03-14 08:39:11,010 [s3@group-A384FF32980E-LeaderElection46] INFO  server.RaftServerConfigKeys (ConfUtils.java:logGet(46)) - raft.server.log.appender.install.snapshot.enabled = true (default)
2023-03-14 08:39:11,010 [s3@group-A384FF32980E-LeaderElection46] INFO  grpc.GrpcConfigKeys (ConfUtils.java:logGet(46)) - raft.grpc.server.heartbeat.channel = true (default)
2023-03-14 08:39:11,011 [s3@group-A384FF32980E-LeaderElection46] INFO  impl.RoleInfo (RoleInfo.java:updateAndGet(139)) - s3: start s3@group-A384FF32980E-LeaderStateImpl
2023-03-14 08:39:11,011 [s3@group-A384FF32980E-LeaderElection46] INFO  segmented.SegmentedRaftLogWorker (SegmentedRaftLogWorker.java:rollLogSegment(431)) - s3@group-A384FF32980E-SegmentedRaftLogWorker: Rolling segment log-0_48 to index:48
2023-03-14 08:39:11,011 [grpc-default-executor-4] INFO  server.RaftServer$Division (RaftServerImpl.java:requestVote(1336)) - s2@group-A384FF32980E replies to ELECTION vote request: s3<-s2#0:OK-t2. Peer's state: s2@group-A384FF32980E:t2, leader=null, voted=s3, raftlog=Memoized:s2@group-A384FF32980E-SegmentedRaftLog:OPENED:c47, conf=47: peers:[s3|rpc:0.0.0.0:40113|dataStream:|priority:0|startupRole:FOLLOWER, s4|rpc:0.0.0.0:33213|dataStream:|priority:0|startupRole:FOLLOWER, s2|rpc:localhost:35823|admin:localhost:38665|client:localhost:35617|dataStream:localhost:45371|priority:0|startupRole:FOLLOWER]|listeners:[], old=null
2023-03-14 08:39:11,012 [s3@group-A384FF32980E-SegmentedRaftLogWorker] TRACE util.FileUtils (LogUtils.java:runAndLog(49)) - Successfully ran Atomic Files.move /home/runner/work/ratis/ratis/ratis-test/target/test/data/be523d36/MiniRaftClusterWithGrpceb75dc03/s3/25ee9685-2434-4498-b7a4-a384ff32980e/current/log_inprogress_0 to /home/runner/work/ratis/ratis/ratis-test/target/test/data/be523d36/MiniRaftClusterWithGrpceb75dc03/s3/25ee9685-2434-4498-b7a4-a384ff32980e/current/log_0-48
2023-03-14 08:39:11,012 [s3@group-A384FF32980E-SegmentedRaftLogWorker] INFO  segmented.SegmentedRaftLogWorker (SegmentedRaftLogWorker.java:execute(587)) - s3@group-A384FF32980E-SegmentedRaftLogWorker: Rolled log segment from /home/runner/work/ratis/ratis/ratis-test/target/test/data/be523d36/MiniRaftClusterWithGrpceb75dc03/s3/25ee9685-2434-4498-b7a4-a384ff32980e/current/log_inprogress_0 to /home/runner/work/ratis/ratis/ratis-test/target/test/data/be523d36/MiniRaftClusterWithGrpceb75dc03/s3/25ee9685-2434-4498-b7a4-a384ff32980e/current/log_0-48
2023-03-14 08:39:11,016 [s3@group-A384FF32980E-LeaderElection46] INFO  server.RaftServer$Division (ServerState.java:setRaftConf(378)) - s3@group-A384FF32980E: set configuration 49: peers:[s3|rpc:0.0.0.0:40113|dataStream:|priority:0|startupRole:FOLLOWER, s4|rpc:0.0.0.0:33213|dataStream:|priority:0|startupRole:FOLLOWER, s2|rpc:localhost:35823|admin:localhost:38665|client:localhost:35617|dataStream:localhost:45371|priority:0|startupRole:FOLLOWER]|listeners:[], old=null
2023-03-14 08:39:11,018 [s4-server-thread1] INFO  server.RaftServer$Division (ServerState.java:setLeader(260)) - s4@group-A384FF32980E: change Leader from null to s3 at term 2 for appendEntries, leader elected after 17ms
2023-03-14 08:39:11,019 [s2-server-thread1] INFO  server.RaftServer$Division (ServerState.java:setLeader(260)) - s2@group-A384FF32980E: change Leader from null to s3 at term 2 for appendEntries, leader elected after 8ms
2023-03-14 08:39:11,020 [s3@group-A384FF32980E-SegmentedRaftLogWorker] INFO  segmented.SegmentedRaftLogWorker (SegmentedRaftLogWorker.java:execute(630)) - s3@group-A384FF32980E-SegmentedRaftLogWorker: created new log segment /home/runner/work/ratis/ratis/ratis-test/target/test/data/be523d36/MiniRaftClusterWithGrpceb75dc03/s3/25ee9685-2434-4498-b7a4-a384ff32980e/current/log_inprogress_49
2023-03-14 08:39:11,027 [s4-server-thread2] DEBUG server.RaftServer$Division (RaftServerImpl.java:logAppendEntries(1430)) - s4@group-A384FF32980E: receive appendEntries(s3, 2, (t:1, i:48), 47, true, commits:[s3:c47, s4:c47, s2:c47], cId:1, entries: [(t:2, i:49), CONFIGURATIONENTRY(current:id: "s3"
address: "0.0.0.0:40113"
clientAddress: "0.0.0.0:40113"
adminAddress: "0.0.0.0:40113"
startupRole: FOLLOWER
,id: "s4"
address: "0.0.0.0:33213"
clientAddress: "0.0.0.0:33213"
adminAddress: "0.0.0.0:33213"
startupRole: FOLLOWER
,id: "s2"
address: "localhost:35823"
dataStreamAddress: "localhost:45371"
clientAddress: "localhost:35617"
adminAddress: "localhost:38665"
startupRole: FOLLOWER
, old:)]
2023-03-14 08:39:11,027 [s4-server-thread2] INFO  server.RaftServer$Division (ServerState.java:setRaftConf(378)) - s4@group-A384FF32980E: set configuration 49: peers:[s3|rpc:0.0.0.0:40113|dataStream:|priority:0|startupRole:FOLLOWER, s4|rpc:0.0.0.0:33213|dataStream:|priority:0|startupRole:FOLLOWER, s2|rpc:localhost:35823|admin:localhost:38665|client:localhost:35617|dataStream:localhost:45371|priority:0|startupRole:FOLLOWER]|listeners:[], old=null
2023-03-14 08:39:11,027 [s4-server-thread2] INFO  segmented.SegmentedRaftLogWorker (SegmentedRaftLogWorker.java:rollLogSegment(431)) - s4@group-A384FF32980E-SegmentedRaftLogWorker: Rolling segment log-0_48 to index:48
2023-03-14 08:39:11,028 [s4@group-A384FF32980E-SegmentedRaftLogWorker] TRACE util.FileUtils (LogUtils.java:runAndLog(49)) - Successfully ran Atomic Files.move /home/runner/work/ratis/ratis/ratis-test/target/test/data/be523d36/MiniRaftClusterWithGrpceb75dc03/s4/25ee9685-2434-4498-b7a4-a384ff32980e/current/log_inprogress_0 to /home/runner/work/ratis/ratis/ratis-test/target/test/data/be523d36/MiniRaftClusterWithGrpceb75dc03/s4/25ee9685-2434-4498-b7a4-a384ff32980e/current/log_0-48
2023-03-14 08:39:11,028 [s4@group-A384FF32980E-SegmentedRaftLogWorker] INFO  segmented.SegmentedRaftLogWorker (SegmentedRaftLogWorker.java:execute(587)) - s4@group-A384FF32980E-SegmentedRaftLogWorker: Rolled log segment from /home/runner/work/ratis/ratis/ratis-test/target/test/data/be523d36/MiniRaftClusterWithGrpceb75dc03/s4/25ee9685-2434-4498-b7a4-a384ff32980e/current/log_inprogress_0 to /home/runner/work/ratis/ratis/ratis-test/target/test/data/be523d36/MiniRaftClusterWithGrpceb75dc03/s4/25ee9685-2434-4498-b7a4-a384ff32980e/current/log_0-48
2023-03-14 08:39:11,032 [s2-server-thread2] DEBUG server.RaftServer$Division (RaftServerImpl.java:logAppendEntries(1430)) - s2@group-A384FF32980E: receive appendEntries(s3, 2, (t:1, i:48), 47, true, commits:[s3:c47, s4:c47, s2:c47], cId:1, entries: [(t:2, i:49), CONFIGURATIONENTRY(current:id: "s3"
address: "0.0.0.0:40113"
clientAddress: "0.0.0.0:40113"
adminAddress: "0.0.0.0:40113"
startupRole: FOLLOWER
,id: "s4"
address: "0.0.0.0:33213"
clientAddress: "0.0.0.0:33213"
adminAddress: "0.0.0.0:33213"
startupRole: FOLLOWER
,id: "s2"
address: "localhost:35823"
dataStreamAddress: "localhost:45371"
clientAddress: "localhost:35617"
adminAddress: "localhost:38665"
startupRole: FOLLOWER
, old:)]
2023-03-14 08:39:11,032 [s2-server-thread2] INFO  server.RaftServer$Division (ServerState.java:setRaftConf(378)) - s2@group-A384FF32980E: set configuration 49: peers:[s3|rpc:0.0.0.0:40113|dataStream:|priority:0|startupRole:FOLLOWER, s4|rpc:0.0.0.0:33213|dataStream:|priority:0|startupRole:FOLLOWER, s2|rpc:localhost:35823|admin:localhost:38665|client:localhost:35617|dataStream:localhost:45371|priority:0|startupRole:FOLLOWER]|listeners:[], old=null
2023-03-14 08:39:11,032 [s2-server-thread2] INFO  segmented.SegmentedRaftLogWorker (SegmentedRaftLogWorker.java:rollLogSegment(431)) - s2@group-A384FF32980E-SegmentedRaftLogWorker: Rolling segment log-0_48 to index:48
2023-03-14 08:39:11,033 [s2@group-A384FF32980E-SegmentedRaftLogWorker] TRACE util.FileUtils (LogUtils.java:runAndLog(49)) - Successfully ran Atomic Files.move /home/runner/work/ratis/ratis/ratis-test/target/test/data/be523d36/MiniRaftClusterWithGrpceb75dc03/s2/25ee9685-2434-4498-b7a4-a384ff32980e/current/log_inprogress_0 to /home/runner/work/ratis/ratis/ratis-test/target/test/data/be523d36/MiniRaftClusterWithGrpceb75dc03/s2/25ee9685-2434-4498-b7a4-a384ff32980e/current/log_0-48
2023-03-14 08:39:11,033 [s2@group-A384FF32980E-SegmentedRaftLogWorker] INFO  segmented.SegmentedRaftLogWorker (SegmentedRaftLogWorker.java:execute(587)) - s2@group-A384FF32980E-SegmentedRaftLogWorker: Rolled log segment from /home/runner/work/ratis/ratis/ratis-test/target/test/data/be523d36/MiniRaftClusterWithGrpceb75dc03/s2/25ee9685-2434-4498-b7a4-a384ff32980e/current/log_inprogress_0 to /home/runner/work/ratis/ratis/ratis-test/target/test/data/be523d36/MiniRaftClusterWithGrpceb75dc03/s2/25ee9685-2434-4498-b7a4-a384ff32980e/current/log_0-48
2023-03-14 08:39:11,036 [s4@group-A384FF32980E-SegmentedRaftLogWorker] INFO  segmented.SegmentedRaftLogWorker (SegmentedRaftLogWorker.java:execute(630)) - s4@group-A384FF32980E-SegmentedRaftLogWorker: created new log segment /home/runner/work/ratis/ratis/ratis-test/target/test/data/be523d36/MiniRaftClusterWithGrpceb75dc03/s4/25ee9685-2434-4498-b7a4-a384ff32980e/current/log_inprogress_49
2023-03-14 08:39:11,037 [s4-server-thread2] DEBUG server.RaftServer$Division (RaftServerImpl.java:logAppendEntries(1430)) - s4@group-A384FF32980E: succeeded to handle AppendEntries. Reply: s3<-s4#1:OK-t2,SUCCESS,nextIndex=50,followerCommit=47,matchIndex=49
2023-03-14 08:39:11,040 [s2-server-thread2] DEBUG server.RaftServer$Division (RaftServerImpl.java:logAppendEntries(1430)) - s2@group-A384FF32980E: receive appendEntries(s3, 2, (t:2, i:49), 49, true, commits:[s3:c49, s4:c47, s2:c47], cId:2, entries: [(t:2, i:50), METADATAENTRY(c:49)]
2023-03-14 08:39:11,040 [s4-server-thread2] DEBUG server.RaftServer$Division (RaftServerImpl.java:logAppendEntries(1430)) - s4@group-A384FF32980E: receive appendEntries(s3, 2, (t:2, i:49), 49, true, commits:[s3:c49, s4:c47, s2:c47], cId:2, entries: [(t:2, i:50), METADATAENTRY(c:49)]
2023-03-14 08:39:11,045 [s4-server-thread2] DEBUG server.RaftServer$Division (RaftServerImpl.java:logAppendEntries(1430)) - s4@group-A384FF32980E: succeeded to handle AppendEntries. Reply: s3<-s4#2:OK-t2,SUCCESS,nextIndex=51,followerCommit=49,matchIndex=50
2023-03-14 08:39:11,046 [s2@group-A384FF32980E-SegmentedRaftLogWorker] INFO  segmented.SegmentedRaftLogWorker (SegmentedRaftLogWorker.java:execute(630)) - s2@group-A384FF32980E-SegmentedRaftLogWorker: created new log segment /home/runner/work/ratis/ratis/ratis-test/target/test/data/be523d36/MiniRaftClusterWithGrpceb75dc03/s2/25ee9685-2434-4498-b7a4-a384ff32980e/current/log_inprogress_49
2023-03-14 08:39:11,046 [s2-server-thread2] DEBUG server.RaftServer$Division (RaftServerImpl.java:logAppendEntries(1430)) - s2@group-A384FF32980E: succeeded to handle AppendEntries. Reply: s3<-s2#1:OK-t2,SUCCESS,nextIndex=50,followerCommit=47,matchIndex=49
2023-03-14 08:39:11,046 [s2-server-thread1] DEBUG server.RaftServer$Division (RaftServerImpl.java:logAppendEntries(1430)) - s2@group-A384FF32980E: succeeded to handle AppendEntries. Reply: s3<-s2#2:OK-t2,SUCCESS,nextIndex=51,followerCommit=49,matchIndex=50
2023-03-14 08:39:11,265 [s0@group-A384FF32980E-FollowerState] INFO  impl.FollowerState (FollowerState.java:run(143)) - s0@group-A384FF32980E-FollowerState: change to CANDIDATE, lastRpcElapsedTime:263416794ns, electionTimeout:260ms
2023-03-14 08:39:11,265 [s0@group-A384FF32980E-FollowerState] INFO  impl.RoleInfo (RoleInfo.java:shutdownFollowerState(110)) - s0: shutdown s0@group-A384FF32980E-FollowerState
2023-03-14 08:39:11,265 [s0@group-A384FF32980E-FollowerState] INFO  server.RaftServer$Division (RaftServerImpl.java:setRole(329)) - s0@group-A384FF32980E: changes role from  FOLLOWER to CANDIDATE at term 2 for changeToCandidate
2023-03-14 08:39:11,265 [s0@group-A384FF32980E-FollowerState] INFO  server.RaftServerConfigKeys (ConfUtils.java:logGet(46)) - raft.server.leaderelection.pre-vote = true (default)
2023-03-14 08:39:11,265 [s0@group-A384FF32980E-FollowerState] INFO  impl.RoleInfo (RoleInfo.java:updateAndGet(139)) - s0: start s0@group-A384FF32980E-LeaderElection48
2023-03-14 08:39:11,272 [s0@group-A384FF32980E-LeaderElection48] INFO  impl.LeaderElection (LeaderElection.java:askForVotes(320)) - s0@group-A384FF32980E-LeaderElection48 PRE_VOTE round 0: submit vote requests at term 2 for 43: peers:[s3|rpc:0.0.0.0:40113|dataStream:|priority:0|startupRole:FOLLOWER, s4|rpc:0.0.0.0:33213|dataStream:|priority:0|startupRole:FOLLOWER, s0|rpc:localhost:37187|admin:localhost:44251|client:localhost:41265|dataStream:localhost:40977|priority:0|startupRole:FOLLOWER, s1|rpc:localhost:44865|admin:localhost:35297|client:localhost:32793|dataStream:localhost:35567|priority:0|startupRole:FOLLOWER, s2|rpc:localhost:35823|admin:localhost:38665|client:localhost:35617|dataStream:localhost:45371|priority:0|startupRole:FOLLOWER]|listeners:[], old=null
2023-03-14 08:39:11,273 [grpc-default-executor-1] INFO  server.RaftServer$Division (RaftServerImpl.java:requestVote(1303)) - s3@group-A384FF32980E: receive requestVote(PRE_VOTE, s0, group-A384FF32980E, 2, (t:1, i:44))
2023-03-14 08:39:11,273 [grpc-default-executor-1] INFO  impl.VoteContext (VoteContext.java:log(49)) - s3@group-A384FF32980E-LEADER: reject PRE_VOTE from s0: s0 is not in current conf [s3|rpc:0.0.0.0:40113|dataStream:|priority:0|startupRole:FOLLOWER, s4|rpc:0.0.0.0:33213|dataStream:|priority:0|startupRole:FOLLOWER, s2|rpc:localhost:35823|admin:localhost:38665|client:localhost:35617|dataStream:localhost:45371|priority:0|startupRole:FOLLOWER]
2023-03-14 08:39:11,273 [grpc-default-executor-1] INFO  server.RaftServer$Division (RaftServerImpl.java:requestVote(1336)) - s3@group-A384FF32980E replies to PRE_VOTE vote request: s0<-s3#0:FAIL-t2. Peer's state: s3@group-A384FF32980E:t2, leader=s3, voted=s3, raftlog=Memoized:s3@group-A384FF32980E-SegmentedRaftLog:OPENED:c50, conf=49: peers:[s3|rpc:0.0.0.0:40113|dataStream:|priority:0|startupRole:FOLLOWER, s4|rpc:0.0.0.0:33213|dataStream:|priority:0|startupRole:FOLLOWER, s2|rpc:localhost:35823|admin:localhost:38665|client:localhost:35617|dataStream:localhost:45371|priority:0|startupRole:FOLLOWER]|listeners:[], old=null
2023-03-14 08:39:11,274 [grpc-default-executor-4] INFO  server.RaftServer$Division (RaftServerImpl.java:requestVote(1303)) - s4@group-A384FF32980E: receive requestVote(PRE_VOTE, s0, group-A384FF32980E, 2, (t:1, i:44))
2023-03-14 08:39:11,274 [grpc-default-executor-4] INFO  impl.VoteContext (VoteContext.java:log(49)) - s4@group-A384FF32980E-FOLLOWER: reject PRE_VOTE from s0: s0 is not in current conf [s3|rpc:0.0.0.0:40113|dataStream:|priority:0|startupRole:FOLLOWER, s4|rpc:0.0.0.0:33213|dataStream:|priority:0|startupRole:FOLLOWER, s2|rpc:localhost:35823|admin:localhost:38665|client:localhost:35617|dataStream:localhost:45371|priority:0|startupRole:FOLLOWER]
2023-03-14 08:39:11,274 [grpc-default-executor-4] INFO  server.RaftServer$Division (RaftServerImpl.java:requestVote(1336)) - s4@group-A384FF32980E replies to PRE_VOTE vote request: s0<-s4#0:FAIL-t2. Peer's state: s4@group-A384FF32980E:t2, leader=s3, voted=s3, raftlog=Memoized:s4@group-A384FF32980E-SegmentedRaftLog:OPENED:c50, conf=49: peers:[s3|rpc:0.0.0.0:40113|dataStream:|priority:0|startupRole:FOLLOWER, s4|rpc:0.0.0.0:33213|dataStream:|priority:0|startupRole:FOLLOWER, s2|rpc:localhost:35823|admin:localhost:38665|client:localhost:35617|dataStream:localhost:45371|priority:0|startupRole:FOLLOWER]|listeners:[], old=null
2023-03-14 08:39:11,274 [s0@group-A384FF32980E-LeaderElection48] INFO  impl.LeaderElection (LeaderElection.java:logAndReturn(89)) - s0@group-A384FF32980E-LeaderElection48: PRE_VOTE SHUTDOWN received 1 response(s) and 0 exception(s):
2023-03-14 08:39:11,274 [s0@group-A384FF32980E-LeaderElection48] INFO  impl.LeaderElection (LeaderElection.java:logAndReturn(93)) -   Response 0: s0<-s3#0:FAIL-t2
2023-03-14 08:39:11,274 [s0@group-A384FF32980E-LeaderElection48] INFO  impl.LeaderElection (LeaderElection.java:askForVotes(322)) - s0@group-A384FF32980E-LeaderElection48 PRE_VOTE round 0: result SHUTDOWN
2023-03-14 08:39:11,275 [grpc-default-executor-1] INFO  server.RaftServer$Division (RaftServerImpl.java:requestVote(1303)) - s1@group-A384FF32980E: receive requestVote(PRE_VOTE, s0, group-A384FF32980E, 2, (t:1, i:44))
2023-03-14 08:39:11,275 [grpc-default-executor-1] WARN  server.GrpcServerProtocolService (LogUtils.java:warn(122)) - s1: Failed requestVote s0->s1#0: org.apache.ratis.protocol.exceptions.ServerNotReadyException: s1@group-A384FF32980E is not in [RUNNING]: current state is CLOSING
2023-03-14 08:39:11,276 [s0@group-A384FF32980E-LeaderElection48] INFO  server.RaftServer (RaftServerProxy.java:lambda$close$7(417)) - s0: close
2023-03-14 08:39:11,276 [s0@group-A384FF32980E-LeaderElection48] INFO  server.GrpcService (GrpcService.java:closeImpl(311)) - s0: shutdown server org.apache.ratis.grpc.server.GrpcClientProtocolService now
2023-03-14 08:39:11,276 [s0-impl-thread1] INFO  server.RaftServer$Division (RaftServerImpl.java:lambda$close$4(466)) - s0@group-A384FF32980E: shutdown
2023-03-14 08:39:11,276 [s0-impl-thread1] INFO  util.JmxRegister (JmxRegister.java:unregister(73)) - Successfully un-registered JMX Bean with object name Ratis:service=RaftServer,group=group-A384FF32980E,id=s0
2023-03-14 08:39:11,276 [s0-impl-thread1] INFO  impl.RoleInfo (RoleInfo.java:shutdownLeaderElection(130)) - s0: shutdown s0@group-A384FF32980E-LeaderElection48
2023-03-14 08:39:11,276 [s0-impl-thread1] INFO  impl.StateMachineUpdater (StateMachineUpdater.java:stopAndJoin(154)) - s0@group-A384FF32980E-StateMachineUpdater: set stopIndex = 43
2023-03-14 08:39:11,276 [s0-impl-thread1] INFO  server.RaftServer$Division (ServerState.java:close(414)) - s0@group-A384FF32980E: applyIndex: 43
2023-03-14 08:39:11,276 [Thread-1873] INFO  server.GrpcServerProtocolClient (GrpcServerProtocolClient.java:close(102)) - s3 Close channels
2023-03-14 08:39:11,276 [grpc-default-executor-1] INFO  server.RaftServer$Division (RaftServerImpl.java:requestVote(1303)) - s2@group-A384FF32980E: receive requestVote(PRE_VOTE, s0, group-A384FF32980E, 2, (t:1, i:44))
2023-03-14 08:39:11,276 [grpc-default-executor-1] INFO  impl.VoteContext (VoteContext.java:log(49)) - s2@group-A384FF32980E-FOLLOWER: reject PRE_VOTE from s0: s0 is not in current conf [s3|rpc:0.0.0.0:40113|dataStream:|priority:0|startupRole:FOLLOWER, s4|rpc:0.0.0.0:33213|dataStream:|priority:0|startupRole:FOLLOWER, s2|rpc:localhost:35823|admin:localhost:38665|client:localhost:35617|dataStream:localhost:45371|priority:0|startupRole:FOLLOWER]
2023-03-14 08:39:11,276 [grpc-default-executor-1] INFO  server.RaftServer$Division (RaftServerImpl.java:requestVote(1336)) - s2@group-A384FF32980E replies to PRE_VOTE vote request: s0<-s2#0:FAIL-t2. Peer's state: s2@group-A384FF32980E:t2, leader=s3, voted=s3, raftlog=Memoized:s2@group-A384FF32980E-SegmentedRaftLog:OPENED:c50, conf=49: peers:[s3|rpc:0.0.0.0:40113|dataStream:|priority:0|startupRole:FOLLOWER, s4|rpc:0.0.0.0:33213|dataStream:|priority:0|startupRole:FOLLOWER, s2|rpc:localhost:35823|admin:localhost:38665|client:localhost:35617|dataStream:localhost:45371|priority:0|startupRole:FOLLOWER]|listeners:[], old=null
2023-03-14 08:39:11,277 [Thread-1874] INFO  server.GrpcServerProtocolClient (GrpcServerProtocolClient.java:close(102)) - s4 Close channels
2023-03-14 08:39:11,277 [Thread-1876] INFO  server.GrpcServerProtocolClient (GrpcServerProtocolClient.java:close(102)) - s1 Close channels
2023-03-14 08:39:11,278 [Thread-1877] INFO  server.GrpcServerProtocolClient (GrpcServerProtocolClient.java:close(102)) - s2 Close channels
2023-03-14 08:39:11,278 [s0@group-A384FF32980E-LeaderElection48] INFO  server.GrpcService (GrpcService.java:closeImpl(320)) - s0: shutdown server org.apache.ratis.grpc.server.GrpcClientProtocolService successfully
2023-03-14 08:39:11,278 [s0@group-A384FF32980E-LeaderElection48] INFO  server.GrpcService (GrpcService.java:closeImpl(311)) - s0: shutdown server GrpcServerProtocolService now
2023-03-14 08:39:11,279 [grpc-default-executor-4] WARN  server.GrpcServerProtocolService (LogUtils.java:warn(122)) - s0: APPEND_ENTRIES onError, lastRequest: s1->s0#61351-t1,previous=(t:1, i:43),leaderCommit=43,initializing? true,entries: size=1, first=(t:1, i:44), METADATAENTRY(c:43): org.apache.ratis.thirdparty.io.grpc.StatusRuntimeException: CANCELLED: client cancelled
2023-03-14 08:39:11,279 [grpc-default-executor-6] WARN  server.GrpcServerProtocolService (LogUtils.java:warn(122)) - s0: APPEND_ENTRIES onError, lastRequest: null: org.apache.ratis.thirdparty.io.grpc.StatusRuntimeException: CANCELLED: client cancelled
2023-03-14 08:39:11,280 [grpc-default-executor-6] INFO  server.GrpcLogAppender (GrpcLogAppender.java:onError(406)) - s1@group-A384FF32980E->s0-GrpcLogAppender is already stopped
2023-03-14 08:39:11,282 [grpc-default-executor-7] INFO  server.GrpcLogAppender (GrpcLogAppender.java:onError(406)) - s1@group-A384FF32980E->s0-GrpcLogAppender is already stopped
2023-03-14 08:39:11,284 [s0@group-A384FF32980E-LeaderElection48] INFO  server.GrpcService (GrpcService.java:closeImpl(320)) - s0: shutdown server GrpcServerProtocolService successfully
2023-03-14 08:39:11,284 [s0@group-A384FF32980E-LeaderElection48] INFO  server.GrpcService (GrpcService.java:closeImpl(311)) - s0: shutdown server org.apache.ratis.grpc.server.GrpcAdminProtocolService now
2023-03-14 08:39:11,328 [s0@group-A384FF32980E-LeaderElection48] INFO  server.GrpcService (GrpcService.java:closeImpl(320)) - s0: shutdown server org.apache.ratis.grpc.server.GrpcAdminProtocolService successfully
2023-03-14 08:39:11,618 [s0-impl-thread1] INFO  segmented.SegmentedRaftLogWorker (SegmentedRaftLogWorker.java:close(242)) - s0@group-A384FF32980E-SegmentedRaftLogWorker close()
2023-03-14 08:39:11,618 [JvmPauseMonitor58] INFO  util.JvmPauseMonitor (JvmPauseMonitor.java:run(109)) - JvmPauseMonitor-s0: Stopped
2023-03-14 08:39:11,648 [s1@group-A384FF32980E-LeaderStateImpl] INFO  segmented.SegmentedRaftLogWorker (SegmentedRaftLogWorker.java:close(242)) - s1@group-A384FF32980E-SegmentedRaftLogWorker close()
2023-03-14 08:39:11,853 [Time-limited test] INFO  impl.RaftServerTestUtil (RaftServerTestUtil.java:waitAndCheckNewConf(87)) - waitAndCheckNewConf: peers=[s3|rpc:0.0.0.0:40113|priority:0|startupRole:FOLLOWER, s4|rpc:0.0.0.0:33213|priority:0|startupRole:FOLLOWER, s2|rpc:localhost:35823|admin:localhost:38665|client:localhost:35617|dataStream:localhost:45371|priority:0|startupRole:FOLLOWER], deadPeers=null, printing ALL groups
  s3:  RUNNING    LEADER s3@group-A384FF32980E:t2, leader=s3, voted=s3, raftlog=Memoized:s3@group-A384FF32980E-SegmentedRaftLog:OPENED:c50, conf=49: peers:[s3|rpc:0.0.0.0:40113|dataStream:|priority:0|startupRole:FOLLOWER, s4|rpc:0.0.0.0:33213|dataStream:|priority:0|startupRole:FOLLOWER, s2|rpc:localhost:35823|admin:localhost:38665|client:localhost:35617|dataStream:localhost:45371|priority:0|startupRole:FOLLOWER]|listeners:[], old=null RUNNING
  s4:  RUNNING  FOLLOWER s4@group-A384FF32980E:t2, leader=s3, voted=s3, raftlog=Memoized:s4@group-A384FF32980E-SegmentedRaftLog:OPENED:c50, conf=49: peers:[s3|rpc:0.0.0.0:40113|dataStream:|priority:0|startupRole:FOLLOWER, s4|rpc:0.0.0.0:33213|dataStream:|priority:0|startupRole:FOLLOWER, s2|rpc:localhost:35823|admin:localhost:38665|client:localhost:35617|dataStream:localhost:45371|priority:0|startupRole:FOLLOWER]|listeners:[], old=null RUNNING
  s0:   CLOSED CANDIDATE s0@group-A384FF32980E:t2, leader=null, voted=null, raftlog=Memoized:s0@group-A384FF32980E-SegmentedRaftLog:CLOSED:c43, conf=43: peers:[s3|rpc:0.0.0.0:40113|dataStream:|priority:0|startupRole:FOLLOWER, s4|rpc:0.0.0.0:33213|dataStream:|priority:0|startupRole:FOLLOWER, s0|rpc:localhost:37187|admin:localhost:44251|client:localhost:41265|dataStream:localhost:40977|priority:0|startupRole:FOLLOWER, s1|rpc:localhost:44865|admin:localhost:35297|client:localhost:32793|dataStream:localhost:35567|priority:0|startupRole:FOLLOWER, s2|rpc:localhost:35823|admin:localhost:38665|client:localhost:35617|dataStream:localhost:45371|priority:0|startupRole:FOLLOWER]|listeners:[], old=null CLOSED
  s1:  RUNNING    LEADER s1@group-A384FF32980E:t1, leader=s1, voted=s1, raftlog=Memoized:s1@group-A384FF32980E-SegmentedRaftLog:CLOSED:c47, conf=47: peers:[s3|rpc:0.0.0.0:40113|dataStream:|priority:0|startupRole:FOLLOWER, s4|rpc:0.0.0.0:33213|dataStream:|priority:0|startupRole:FOLLOWER, s2|rpc:localhost:35823|admin:localhost:38665|client:localhost:35617|dataStream:localhost:45371|priority:0|startupRole:FOLLOWER]|listeners:[], old=null CLOSED
  s2:  RUNNING  FOLLOWER s2@group-A384FF32980E:t2, leader=s3, voted=s3, raftlog=Memoized:s2@group-A384FF32980E-SegmentedRaftLog:OPENED:c50, conf=49: peers:[s3|rpc:0.0.0.0:40113|dataStream:|priority:0|startupRole:FOLLOWER, s4|rpc:0.0.0.0:33213|dataStream:|priority:0|startupRole:FOLLOWER, s2|rpc:localhost:35823|admin:localhost:38665|client:localhost:35617|dataStream:localhost:45371|priority:0|startupRole:FOLLOWER]|listeners:[], old=null RUNNING
2023-03-14 08:39:11,854 [Time-limited test] INFO  impl.RaftServerTestUtil (RaftServerTestUtil.java:waitAndCheckNewConf(96)) - checking    LEADER s3@group-A384FF32980E:t2, leader=s3, voted=s3, raftlog=Memoized:s3@group-A384FF32980E-SegmentedRaftLog:OPENED:c50, conf=49: peers:[s3|rpc:0.0.0.0:40113|dataStream:|priority:0|startupRole:FOLLOWER, s4|rpc:0.0.0.0:33213|dataStream:|priority:0|startupRole:FOLLOWER, s2|rpc:localhost:35823|admin:localhost:38665|client:localhost:35617|dataStream:localhost:45371|priority:0|startupRole:FOLLOWER]|listeners:[], old=null RUNNING
2023-03-14 08:39:11,854 [Time-limited test] INFO  impl.RaftServerTestUtil (RaftServerTestUtil.java:waitAndCheckNewConf(96)) - checking  FOLLOWER s4@group-A384FF32980E:t2, leader=s3, voted=s3, raftlog=Memoized:s4@group-A384FF32980E-SegmentedRaftLog:OPENED:c50, conf=49: peers:[s3|rpc:0.0.0.0:40113|dataStream:|priority:0|startupRole:FOLLOWER, s4|rpc:0.0.0.0:33213|dataStream:|priority:0|startupRole:FOLLOWER, s2|rpc:localhost:35823|admin:localhost:38665|client:localhost:35617|dataStream:localhost:45371|priority:0|startupRole:FOLLOWER]|listeners:[], old=null RUNNING
2023-03-14 08:39:11,854 [Time-limited test] INFO  impl.RaftServerTestUtil (RaftServerTestUtil.java:waitAndCheckNewConf(96)) - checking CANDIDATE s0@group-A384FF32980E:t2, leader=null, voted=null, raftlog=Memoized:s0@group-A384FF32980E-SegmentedRaftLog:CLOSED:c43, conf=43: peers:[s3|rpc:0.0.0.0:40113|dataStream:|priority:0|startupRole:FOLLOWER, s4|rpc:0.0.0.0:33213|dataStream:|priority:0|startupRole:FOLLOWER, s0|rpc:localhost:37187|admin:localhost:44251|client:localhost:41265|dataStream:localhost:40977|priority:0|startupRole:FOLLOWER, s1|rpc:localhost:44865|admin:localhost:35297|client:localhost:32793|dataStream:localhost:35567|priority:0|startupRole:FOLLOWER, s2|rpc:localhost:35823|admin:localhost:38665|client:localhost:35617|dataStream:localhost:45371|priority:0|startupRole:FOLLOWER]|listeners:[], old=null CLOSED
2023-03-14 08:39:11,854 [Time-limited test] INFO  impl.RaftServerTestUtil (RaftServerTestUtil.java:waitAndCheckNewConf(96)) - checking    LEADER s1@group-A384FF32980E:t1, leader=s1, voted=s1, raftlog=Memoized:s1@group-A384FF32980E-SegmentedRaftLog:CLOSED:c47, conf=47: peers:[s3|rpc:0.0.0.0:40113|dataStream:|priority:0|startupRole:FOLLOWER, s4|rpc:0.0.0.0:33213|dataStream:|priority:0|startupRole:FOLLOWER, s2|rpc:localhost:35823|admin:localhost:38665|client:localhost:35617|dataStream:localhost:45371|priority:0|startupRole:FOLLOWER]|listeners:[], old=null CLOSED
2023-03-14 08:39:11,854 [Time-limited test] INFO  impl.RaftServerTestUtil (RaftServerTestUtil.java:waitAndCheckNewConf(96)) - checking  FOLLOWER s2@group-A384FF32980E:t2, leader=s3, voted=s3, raftlog=Memoized:s2@group-A384FF32980E-SegmentedRaftLog:OPENED:c50, conf=49: peers:[s3|rpc:0.0.0.0:40113|dataStream:|priority:0|startupRole:FOLLOWER, s4|rpc:0.0.0.0:33213|dataStream:|priority:0|startupRole:FOLLOWER, s2|rpc:localhost:35823|admin:localhost:38665|client:localhost:35617|dataStream:localhost:45371|priority:0|startupRole:FOLLOWER]|listeners:[], old=null RUNNING
2023-03-14 08:39:11,854 [Time-limited test] INFO  server.RaftServerConfigKeys (ConfUtils.java:logGet(46)) - raft.server.rpc.timeout.max = 300ms (default)
2023-03-14 08:39:11,854 [Time-limited test] INFO  ratis.RaftTestUtil (RaftTestUtil.java:waitForLeader(100)) - printing ALL groups
  s3:  RUNNING    LEADER s3@group-A384FF32980E:t2, leader=s3, voted=s3, raftlog=Memoized:s3@group-A384FF32980E-SegmentedRaftLog:OPENED:c50, conf=49: peers:[s3|rpc:0.0.0.0:40113|dataStream:|priority:0|startupRole:FOLLOWER, s4|rpc:0.0.0.0:33213|dataStream:|priority:0|startupRole:FOLLOWER, s2|rpc:localhost:35823|admin:localhost:38665|client:localhost:35617|dataStream:localhost:45371|priority:0|startupRole:FOLLOWER]|listeners:[], old=null RUNNING
  s4:  RUNNING  FOLLOWER s4@group-A384FF32980E:t2, leader=s3, voted=s3, raftlog=Memoized:s4@group-A384FF32980E-SegmentedRaftLog:OPENED:c50, conf=49: peers:[s3|rpc:0.0.0.0:40113|dataStream:|priority:0|startupRole:FOLLOWER, s4|rpc:0.0.0.0:33213|dataStream:|priority:0|startupRole:FOLLOWER, s2|rpc:localhost:35823|admin:localhost:38665|client:localhost:35617|dataStream:localhost:45371|priority:0|startupRole:FOLLOWER]|listeners:[], old=null RUNNING
  s0:   CLOSED CANDIDATE s0@group-A384FF32980E:t2, leader=null, voted=null, raftlog=Memoized:s0@group-A384FF32980E-SegmentedRaftLog:CLOSED:c43, conf=43: peers:[s3|rpc:0.0.0.0:40113|dataStream:|priority:0|startupRole:FOLLOWER, s4|rpc:0.0.0.0:33213|dataStream:|priority:0|startupRole:FOLLOWER, s0|rpc:localhost:37187|admin:localhost:44251|client:localhost:41265|dataStream:localhost:40977|priority:0|startupRole:FOLLOWER, s1|rpc:localhost:44865|admin:localhost:35297|client:localhost:32793|dataStream:localhost:35567|priority:0|startupRole:FOLLOWER, s2|rpc:localhost:35823|admin:localhost:38665|client:localhost:35617|dataStream:localhost:45371|priority:0|startupRole:FOLLOWER]|listeners:[], old=null CLOSED
  s1:  RUNNING    LEADER s1@group-A384FF32980E:t1, leader=s1, voted=s1, raftlog=Memoized:s1@group-A384FF32980E-SegmentedRaftLog:CLOSED:c47, conf=47: peers:[s3|rpc:0.0.0.0:40113|dataStream:|priority:0|startupRole:FOLLOWER, s4|rpc:0.0.0.0:33213|dataStream:|priority:0|startupRole:FOLLOWER, s2|rpc:localhost:35823|admin:localhost:38665|client:localhost:35617|dataStream:localhost:45371|priority:0|startupRole:FOLLOWER]|listeners:[], old=null CLOSED
  s2:  RUNNING  FOLLOWER s2@group-A384FF32980E:t2, leader=s3, voted=s3, raftlog=Memoized:s2@group-A384FF32980E-SegmentedRaftLog:OPENED:c50, conf=49: peers:[s3|rpc:0.0.0.0:40113|dataStream:|priority:0|startupRole:FOLLOWER, s4|rpc:0.0.0.0:33213|dataStream:|priority:0|startupRole:FOLLOWER, s2|rpc:localhost:35823|admin:localhost:38665|client:localhost:35617|dataStream:localhost:45371|priority:0|startupRole:FOLLOWER]|listeners:[], old=null RUNNING
2023-03-14 08:39:11,854 [Time-limited test] INFO  ratis.RaftTestUtil (RaftTestUtil.java:waitForLeader(119)) - printing ALL groups
  s3:  RUNNING    LEADER s3@group-A384FF32980E:t2, leader=s3, voted=s3, raftlog=Memoized:s3@group-A384FF32980E-SegmentedRaftLog:OPENED:c50, conf=49: peers:[s3|rpc:0.0.0.0:40113|dataStream:|priority:0|startupRole:FOLLOWER, s4|rpc:0.0.0.0:33213|dataStream:|priority:0|startupRole:FOLLOWER, s2|rpc:localhost:35823|admin:localhost:38665|client:localhost:35617|dataStream:localhost:45371|priority:0|startupRole:FOLLOWER]|listeners:[], old=null RUNNING
  s4:  RUNNING  FOLLOWER s4@group-A384FF32980E:t2, leader=s3, voted=s3, raftlog=Memoized:s4@group-A384FF32980E-SegmentedRaftLog:OPENED:c50, conf=49: peers:[s3|rpc:0.0.0.0:40113|dataStream:|priority:0|startupRole:FOLLOWER, s4|rpc:0.0.0.0:33213|dataStream:|priority:0|startupRole:FOLLOWER, s2|rpc:localhost:35823|admin:localhost:38665|client:localhost:35617|dataStream:localhost:45371|priority:0|startupRole:FOLLOWER]|listeners:[], old=null RUNNING
  s0:   CLOSED CANDIDATE s0@group-A384FF32980E:t2, leader=null, voted=null, raftlog=Memoized:s0@group-A384FF32980E-SegmentedRaftLog:CLOSED:c43, conf=43: peers:[s3|rpc:0.0.0.0:40113|dataStream:|priority:0|startupRole:FOLLOWER, s4|rpc:0.0.0.0:33213|dataStream:|priority:0|startupRole:FOLLOWER, s0|rpc:localhost:37187|admin:localhost:44251|client:localhost:41265|dataStream:localhost:40977|priority:0|startupRole:FOLLOWER, s1|rpc:localhost:44865|admin:localhost:35297|client:localhost:32793|dataStream:localhost:35567|priority:0|startupRole:FOLLOWER, s2|rpc:localhost:35823|admin:localhost:38665|client:localhost:35617|dataStream:localhost:45371|priority:0|startupRole:FOLLOWER]|listeners:[], old=null CLOSED
  s1:  RUNNING    LEADER s1@group-A384FF32980E:t1, leader=s1, voted=s1, raftlog=Memoized:s1@group-A384FF32980E-SegmentedRaftLog:CLOSED:c47, conf=47: peers:[s3|rpc:0.0.0.0:40113|dataStream:|priority:0|startupRole:FOLLOWER, s4|rpc:0.0.0.0:33213|dataStream:|priority:0|startupRole:FOLLOWER, s2|rpc:localhost:35823|admin:localhost:38665|client:localhost:35617|dataStream:localhost:45371|priority:0|startupRole:FOLLOWER]|listeners:[], old=null CLOSED
  s2:  RUNNING  FOLLOWER s2@group-A384FF32980E:t2, leader=s3, voted=s3, raftlog=Memoized:s2@group-A384FF32980E-SegmentedRaftLog:OPENED:c50, conf=49: peers:[s3|rpc:0.0.0.0:40113|dataStream:|priority:0|startupRole:FOLLOWER, s4|rpc:0.0.0.0:33213|dataStream:|priority:0|startupRole:FOLLOWER, s2|rpc:localhost:35823|admin:localhost:38665|client:localhost:35617|dataStream:localhost:45371|priority:0|startupRole:FOLLOWER]|listeners:[], old=null RUNNING
2023-03-14 08:39:11,879 [Time-limited test] INFO  impl.MiniRaftCluster (MiniRaftCluster.java:shutdown(831)) - ************************************************************** 
2023-03-14 08:39:11,879 [Time-limited test] INFO  impl.MiniRaftCluster (MiniRaftCluster.java:shutdown(832)) - *** 
2023-03-14 08:39:11,879 [Time-limited test] INFO  impl.MiniRaftCluster (MiniRaftCluster.java:shutdown(833)) - ***     Stopping MiniRaftClusterWithGrpc
2023-03-14 08:39:11,879 [Time-limited test] INFO  impl.MiniRaftCluster (MiniRaftCluster.java:shutdown(834)) - *** 
2023-03-14 08:39:11,879 [Time-limited test] INFO  impl.MiniRaftCluster (MiniRaftCluster.java:shutdown(835)) - ************************************************************** 
2023-03-14 08:39:11,879 [Time-limited test] INFO  impl.MiniRaftCluster (MiniRaftCluster.java:shutdown(836)) - printing ALL groups
  s3:  RUNNING    LEADER s3@group-A384FF32980E:t2, leader=s3, voted=s3, raftlog=Memoized:s3@group-A384FF32980E-SegmentedRaftLog:OPENED:c50, conf=49: peers:[s3|rpc:0.0.0.0:40113|dataStream:|priority:0|startupRole:FOLLOWER, s4|rpc:0.0.0.0:33213|dataStream:|priority:0|startupRole:FOLLOWER, s2|rpc:localhost:35823|admin:localhost:38665|client:localhost:35617|dataStream:localhost:45371|priority:0|startupRole:FOLLOWER]|listeners:[], old=null RUNNING
  s4:  RUNNING  FOLLOWER s4@group-A384FF32980E:t2, leader=s3, voted=s3, raftlog=Memoized:s4@group-A384FF32980E-SegmentedRaftLog:OPENED:c50, conf=49: peers:[s3|rpc:0.0.0.0:40113|dataStream:|priority:0|startupRole:FOLLOWER, s4|rpc:0.0.0.0:33213|dataStream:|priority:0|startupRole:FOLLOWER, s2|rpc:localhost:35823|admin:localhost:38665|client:localhost:35617|dataStream:localhost:45371|priority:0|startupRole:FOLLOWER]|listeners:[], old=null RUNNING
  s0:   CLOSED CANDIDATE s0@group-A384FF32980E:t2, leader=null, voted=null, raftlog=Memoized:s0@group-A384FF32980E-SegmentedRaftLog:CLOSED:c43, conf=43: peers:[s3|rpc:0.0.0.0:40113|dataStream:|priority:0|startupRole:FOLLOWER, s4|rpc:0.0.0.0:33213|dataStream:|priority:0|startupRole:FOLLOWER, s0|rpc:localhost:37187|admin:localhost:44251|client:localhost:41265|dataStream:localhost:40977|priority:0|startupRole:FOLLOWER, s1|rpc:localhost:44865|admin:localhost:35297|client:localhost:32793|dataStream:localhost:35567|priority:0|startupRole:FOLLOWER, s2|rpc:localhost:35823|admin:localhost:38665|client:localhost:35617|dataStream:localhost:45371|priority:0|startupRole:FOLLOWER]|listeners:[], old=null CLOSED
  s1:  RUNNING    LEADER s1@group-A384FF32980E:t1, leader=s1, voted=s1, raftlog=Memoized:s1@group-A384FF32980E-SegmentedRaftLog:CLOSED:c47, conf=47: peers:[s3|rpc:0.0.0.0:40113|dataStream:|priority:0|startupRole:FOLLOWER, s4|rpc:0.0.0.0:33213|dataStream:|priority:0|startupRole:FOLLOWER, s2|rpc:localhost:35823|admin:localhost:38665|client:localhost:35617|dataStream:localhost:45371|priority:0|startupRole:FOLLOWER]|listeners:[], old=null CLOSED
  s2:  RUNNING  FOLLOWER s2@group-A384FF32980E:t2, leader=s3, voted=s3, raftlog=Memoized:s2@group-A384FF32980E-SegmentedRaftLog:OPENED:c50, conf=49: peers:[s3|rpc:0.0.0.0:40113|dataStream:|priority:0|startupRole:FOLLOWER, s4|rpc:0.0.0.0:33213|dataStream:|priority:0|startupRole:FOLLOWER, s2|rpc:localhost:35823|admin:localhost:38665|client:localhost:35617|dataStream:localhost:45371|priority:0|startupRole:FOLLOWER]|listeners:[], old=null RUNNING
2023-03-14 08:39:11,880 [MiniRaftCluster-66] INFO  server.RaftServer (RaftServerProxy.java:lambda$close$7(417)) - s3: close
2023-03-14 08:39:11,880 [s3-impl-thread1] INFO  server.RaftServer$Division (RaftServerImpl.java:lambda$close$4(466)) - s3@group-A384FF32980E: shutdown
2023-03-14 08:39:11,880 [s3-impl-thread1] INFO  util.JmxRegister (JmxRegister.java:unregister(73)) - Successfully un-registered JMX Bean with object name Ratis:service=RaftServer,group=group-A384FF32980E,id=s3
2023-03-14 08:39:11,880 [s3-impl-thread1] INFO  impl.RoleInfo (RoleInfo.java:shutdownLeaderState(93)) - s3: shutdown s3@group-A384FF32980E-LeaderStateImpl
2023-03-14 08:39:11,880 [MiniRaftCluster-66] INFO  server.GrpcService (GrpcService.java:closeImpl(311)) - s3: shutdown server GrpcServerProtocolService now
2023-03-14 08:39:11,880 [s3@group-A384FF32980E->s4-GrpcLogAppender-LogAppenderDaemon] WARN  server.GrpcLogAppender (GrpcLogAppender.java:mayWait(190)) - s3@group-A384FF32980E->s4-GrpcLogAppender: Wait interrupted by java.lang.InterruptedException
2023-03-14 08:39:11,884 [grpc-default-executor-7] INFO  server.GrpcServerProtocolService (GrpcServerProtocolService.java:onCompleted(145)) - s4: Completed APPEND_ENTRIES, lastRequest: s3->s4#2-t2,previous=(t:2, i:49),leaderCommit=49,initializing? true,entries: size=1, first=(t:2, i:50), METADATAENTRY(c:49)
2023-03-14 08:39:11,885 [grpc-default-executor-6] INFO  server.GrpcServerProtocolService (GrpcServerProtocolService.java:onCompleted(145)) - s4: Completed APPEND_ENTRIES, lastRequest: null
2023-03-14 08:39:11,885 [MiniRaftCluster-67] INFO  server.RaftServer (RaftServerProxy.java:lambda$close$7(417)) - s4: close
2023-03-14 08:39:11,885 [s4-impl-thread1] INFO  server.RaftServer$Division (RaftServerImpl.java:lambda$close$4(466)) - s4@group-A384FF32980E: shutdown
2023-03-14 08:39:11,885 [s4-impl-thread1] INFO  util.JmxRegister (JmxRegister.java:unregister(73)) - Successfully un-registered JMX Bean with object name Ratis:service=RaftServer,group=group-A384FF32980E,id=s4
2023-03-14 08:39:11,885 [s4-impl-thread1] INFO  impl.RoleInfo (RoleInfo.java:shutdownFollowerState(110)) - s4: shutdown s4@group-A384FF32980E-FollowerState
2023-03-14 08:39:11,885 [s4-impl-thread1] INFO  impl.StateMachineUpdater (StateMachineUpdater.java:stopAndJoin(154)) - s4@group-A384FF32980E-StateMachineUpdater: set stopIndex = 50
2023-03-14 08:39:11,885 [s4-impl-thread1] INFO  server.RaftServer$Division (ServerState.java:close(414)) - s4@group-A384FF32980E: applyIndex: 50
2023-03-14 08:39:11,885 [s4@group-A384FF32980E-FollowerState] INFO  impl.FollowerState (FollowerState.java:run(152)) - s4@group-A384FF32980E-FollowerState was interrupted
2023-03-14 08:39:11,885 [grpc-default-executor-4] INFO  server.GrpcLogAppender (GrpcLogAppender.java:onCompleted(417)) - s3@group-A384FF32980E->s4-AppendLogResponseHandler: follower responses appendEntries COMPLETED
2023-03-14 08:39:11,885 [grpc-default-executor-4] INFO  leader.FollowerInfo (FollowerInfoImpl.java:lambda$new$0(52)) - s3@group-A384FF32980E->s4: decreaseNextIndex nextIndex: updateUnconditionally 51 -> 50
2023-03-14 08:39:11,885 [MiniRaftCluster-67] INFO  server.GrpcService (GrpcService.java:closeImpl(311)) - s4: shutdown server GrpcServerProtocolService now
2023-03-14 08:39:11,880 [s3@group-A384FF32980E->s2-GrpcLogAppender-LogAppenderDaemon] WARN  server.GrpcLogAppender (GrpcLogAppender.java:mayWait(190)) - s3@group-A384FF32980E->s2-GrpcLogAppender: Wait interrupted by java.lang.InterruptedException
2023-03-14 08:39:11,880 [s3-impl-thread1] INFO  impl.PendingRequests (PendingRequests.java:sendNotLeaderResponses(282)) - s3@group-A384FF32980E-PendingRequests: sendNotLeaderResponses
2023-03-14 08:39:11,886 [s3-impl-thread1] INFO  impl.StateMachineUpdater (StateMachineUpdater.java:stopAndJoin(154)) - s3@group-A384FF32980E-StateMachineUpdater: set stopIndex = 50
2023-03-14 08:39:11,886 [s3-impl-thread1] INFO  server.RaftServer$Division (ServerState.java:close(414)) - s3@group-A384FF32980E: applyIndex: 50
2023-03-14 08:39:11,885 [grpc-default-executor-1] INFO  server.GrpcLogAppender (GrpcLogAppender.java:onCompleted(417)) - s3@group-A384FF32980E->s4-AppendLogResponseHandler: follower responses appendEntries COMPLETED
2023-03-14 08:39:11,886 [grpc-default-executor-1] INFO  leader.FollowerInfo (FollowerInfoImpl.java:lambda$new$0(52)) - s3@group-A384FF32980E->s4: decreaseNextIndex nextIndex: updateUnconditionally 50 -> 49
2023-03-14 08:39:11,887 [grpc-default-executor-7] INFO  server.GrpcServerProtocolService (GrpcServerProtocolService.java:onCompleted(145)) - s2: Completed APPEND_ENTRIES, lastRequest: s3->s2#2-t2,previous=(t:2, i:49),leaderCommit=49,initializing? true,entries: size=1, first=(t:2, i:50), METADATAENTRY(c:49)
2023-03-14 08:39:11,887 [grpc-default-executor-1] INFO  server.GrpcServerProtocolService (GrpcServerProtocolService.java:onCompleted(145)) - s2: Completed APPEND_ENTRIES, lastRequest: null
2023-03-14 08:39:11,887 [grpc-default-executor-7] INFO  server.GrpcLogAppender (GrpcLogAppender.java:onCompleted(417)) - s3@group-A384FF32980E->s2-AppendLogResponseHandler: follower responses appendEntries COMPLETED
2023-03-14 08:39:11,887 [grpc-default-executor-7] INFO  leader.FollowerInfo (FollowerInfoImpl.java:lambda$new$0(52)) - s3@group-A384FF32980E->s2: decreaseNextIndex nextIndex: updateUnconditionally 51 -> 50
2023-03-14 08:39:11,888 [grpc-default-executor-6] INFO  server.GrpcLogAppender (GrpcLogAppender.java:onCompleted(417)) - s3@group-A384FF32980E->s2-AppendLogResponseHandler: follower responses appendEntries COMPLETED
2023-03-14 08:39:11,888 [grpc-default-executor-6] INFO  leader.FollowerInfo (FollowerInfoImpl.java:lambda$new$0(52)) - s3@group-A384FF32980E->s2: decreaseNextIndex nextIndex: updateUnconditionally 50 -> 49
2023-03-14 08:39:11,888 [Thread-1903] INFO  server.GrpcServerProtocolClient (GrpcServerProtocolClient.java:close(102)) - s4 Close channels
2023-03-14 08:39:11,889 [Thread-1906] INFO  server.GrpcServerProtocolClient (GrpcServerProtocolClient.java:close(102)) - s2 Close channels
2023-03-14 08:39:11,894 [MiniRaftCluster-69] INFO  server.RaftServer (RaftServerProxy.java:lambda$close$7(417)) - s1: close
2023-03-14 08:39:11,894 [MiniRaftCluster-69] INFO  server.GrpcService (GrpcService.java:closeImpl(311)) - s1: shutdown server org.apache.ratis.grpc.server.GrpcClientProtocolService now
2023-03-14 08:39:11,894 [MiniRaftCluster-70] INFO  server.RaftServer (RaftServerProxy.java:lambda$close$7(417)) - s2: close
2023-03-14 08:39:11,894 [MiniRaftCluster-70] INFO  server.GrpcService (GrpcService.java:closeImpl(311)) - s2: shutdown server org.apache.ratis.grpc.server.GrpcClientProtocolService now
2023-03-14 08:39:11,894 [s2-impl-thread1] INFO  server.RaftServer$Division (RaftServerImpl.java:lambda$close$4(466)) - s2@group-A384FF32980E: shutdown
2023-03-14 08:39:11,894 [s2-impl-thread1] INFO  util.JmxRegister (JmxRegister.java:unregister(73)) - Successfully un-registered JMX Bean with object name Ratis:service=RaftServer,group=group-A384FF32980E,id=s2
2023-03-14 08:39:11,894 [s2-impl-thread1] INFO  impl.RoleInfo (RoleInfo.java:shutdownFollowerState(110)) - s2: shutdown s2@group-A384FF32980E-FollowerState
2023-03-14 08:39:11,894 [s2-impl-thread1] INFO  impl.StateMachineUpdater (StateMachineUpdater.java:stopAndJoin(154)) - s2@group-A384FF32980E-StateMachineUpdater: set stopIndex = 50
2023-03-14 08:39:11,895 [s2@group-A384FF32980E-FollowerState] INFO  impl.FollowerState (FollowerState.java:run(152)) - s2@group-A384FF32980E-FollowerState was interrupted
2023-03-14 08:39:11,895 [MiniRaftCluster-67] INFO  server.GrpcService (GrpcService.java:closeImpl(320)) - s4: shutdown server GrpcServerProtocolService successfully
2023-03-14 08:39:11,895 [Thread-1908] INFO  server.GrpcServerProtocolClient (GrpcServerProtocolClient.java:close(102)) - s3 Close channels
2023-03-14 08:39:11,895 [s2-impl-thread1] INFO  server.RaftServer$Division (ServerState.java:close(414)) - s2@group-A384FF32980E: applyIndex: 50
2023-03-14 08:39:11,895 [MiniRaftCluster-66] INFO  server.GrpcService (GrpcService.java:closeImpl(320)) - s3: shutdown server GrpcServerProtocolService successfully
2023-03-14 08:39:11,895 [Thread-1909] INFO  server.GrpcServerProtocolClient (GrpcServerProtocolClient.java:close(102)) - s4 Close channels
2023-03-14 08:39:11,896 [Thread-1911] INFO  server.GrpcServerProtocolClient (GrpcServerProtocolClient.java:close(102)) - s0 Close channels
2023-03-14 08:39:11,900 [Thread-1913] INFO  server.GrpcServerProtocolClient (GrpcServerProtocolClient.java:close(102)) - s2 Close channels
2023-03-14 08:39:11,901 [MiniRaftCluster-69] INFO  server.GrpcService (GrpcService.java:closeImpl(320)) - s1: shutdown server org.apache.ratis.grpc.server.GrpcClientProtocolService successfully
2023-03-14 08:39:11,901 [MiniRaftCluster-69] INFO  server.GrpcService (GrpcService.java:closeImpl(311)) - s1: shutdown server GrpcServerProtocolService now
2023-03-14 08:39:11,901 [MiniRaftCluster-70] INFO  server.GrpcService (GrpcService.java:closeImpl(320)) - s2: shutdown server org.apache.ratis.grpc.server.GrpcClientProtocolService successfully
2023-03-14 08:39:11,901 [MiniRaftCluster-70] INFO  server.GrpcService (GrpcService.java:closeImpl(311)) - s2: shutdown server GrpcServerProtocolService now
2023-03-14 08:39:11,902 [MiniRaftCluster-69] INFO  server.GrpcService (GrpcService.java:closeImpl(320)) - s1: shutdown server GrpcServerProtocolService successfully
2023-03-14 08:39:11,902 [MiniRaftCluster-69] INFO  server.GrpcService (GrpcService.java:closeImpl(311)) - s1: shutdown server org.apache.ratis.grpc.server.GrpcAdminProtocolService now
2023-03-14 08:39:11,903 [MiniRaftCluster-70] INFO  server.GrpcService (GrpcService.java:closeImpl(320)) - s2: shutdown server GrpcServerProtocolService successfully
2023-03-14 08:39:11,903 [MiniRaftCluster-70] INFO  server.GrpcService (GrpcService.java:closeImpl(311)) - s2: shutdown server org.apache.ratis.grpc.server.GrpcAdminProtocolService now
2023-03-14 08:39:11,904 [MiniRaftCluster-69] INFO  server.GrpcService (GrpcService.java:closeImpl(320)) - s1: shutdown server org.apache.ratis.grpc.server.GrpcAdminProtocolService successfully
2023-03-14 08:39:11,904 [JvmPauseMonitor59] INFO  util.JvmPauseMonitor (JvmPauseMonitor.java:run(109)) - JvmPauseMonitor-s1: Stopped
2023-03-14 08:39:11,904 [MiniRaftCluster-70] INFO  server.GrpcService (GrpcService.java:closeImpl(320)) - s2: shutdown server org.apache.ratis.grpc.server.GrpcAdminProtocolService successfully
2023-03-14 08:39:12,041 [s3-impl-thread1] INFO  segmented.SegmentedRaftLogWorker (SegmentedRaftLogWorker.java:close(242)) - s3@group-A384FF32980E-SegmentedRaftLogWorker close()
2023-03-14 08:39:12,041 [JvmPauseMonitor61] INFO  util.JvmPauseMonitor (JvmPauseMonitor.java:run(109)) - JvmPauseMonitor-s3: Stopped
2023-03-14 08:39:12,045 [s4-impl-thread1] INFO  segmented.SegmentedRaftLogWorker (SegmentedRaftLogWorker.java:close(242)) - s4@group-A384FF32980E-SegmentedRaftLogWorker close()
2023-03-14 08:39:12,045 [JvmPauseMonitor62] INFO  util.JvmPauseMonitor (JvmPauseMonitor.java:run(109)) - JvmPauseMonitor-s4: Stopped
2023-03-14 08:39:12,046 [s2-impl-thread1] INFO  segmented.SegmentedRaftLogWorker (SegmentedRaftLogWorker.java:close(242)) - s2@group-A384FF32980E-SegmentedRaftLogWorker close()
2023-03-14 08:39:12,047 [JvmPauseMonitor60] INFO  util.JvmPauseMonitor (JvmPauseMonitor.java:run(109)) - JvmPauseMonitor-s2: Stopped
]]></system-out>
  </testcase>
  <testcase name="testReconfTwice" classname="org.apache.ratis.grpc.TestRaftReconfigurationWithGrpc" time="2.465">
    <failure message="Unexpected exit." type="java.lang.AssertionError">java.lang.AssertionError: Unexpected exit.
	at org.apache.ratis.util.ExitUtils.assertNotTerminated(ExitUtils.java:109)
	at org.apache.ratis.BaseTest.assertNoFailures(BaseTest.java:89)
	at java.base/jdk.internal.reflect.NativeMethodAccessorImpl.invoke0(Native Method)
	at java.base/jdk.internal.reflect.NativeMethodAccessorImpl.invoke(NativeMethodAccessorImpl.java:62)
	at java.base/jdk.internal.reflect.DelegatingMethodAccessorImpl.invoke(DelegatingMethodAccessorImpl.java:43)
	at java.base/java.lang.reflect.Method.invoke(Method.java:566)
	at org.junit.runners.model.FrameworkMethod$1.runReflectiveCall(FrameworkMethod.java:59)
	at org.junit.internal.runners.model.ReflectiveCallable.run(ReflectiveCallable.java:12)
	at org.junit.runners.model.FrameworkMethod.invokeExplosively(FrameworkMethod.java:56)
	at org.junit.internal.runners.statements.RunAfters.invokeMethod(RunAfters.java:46)
	at org.junit.internal.runners.statements.RunAfters.evaluate(RunAfters.java:33)
	at org.junit.internal.runners.statements.FailOnTimeout$CallableStatement.call(FailOnTimeout.java:299)
	at org.junit.internal.runners.statements.FailOnTimeout$CallableStatement.call(FailOnTimeout.java:293)
	at java.base/java.util.concurrent.FutureTask.run(FutureTask.java:264)
	at java.base/java.lang.Thread.run(Thread.java:829)
Caused by: org.apache.ratis.util.ExitUtils$ExitException: Failed to start Grpc server
	at org.apache.ratis.util.ExitUtils.terminate(ExitUtils.java:141)
	at org.apache.ratis.util.ExitUtils.terminate(ExitUtils.java:151)
	at org.apache.ratis.grpc.server.GrpcService.startImpl(GrpcService.java:300)
	at org.apache.ratis.util.LifeCycle.startAndTransition(LifeCycle.java:270)
	at org.apache.ratis.server.RaftServerRpcWithProxy.start(RaftServerRpcWithProxy.java:72)
	at org.apache.ratis.server.impl.RaftServerProxy.startImpl(RaftServerProxy.java:402)
	at org.apache.ratis.util.LifeCycle.startAndTransition(LifeCycle.java:270)
	at org.apache.ratis.server.impl.RaftServerProxy.start(RaftServerProxy.java:395)
	at org.apache.ratis.server.impl.MiniRaftCluster.startServers(MiniRaftCluster.java:499)
	at org.apache.ratis.server.impl.MiniRaftCluster.start(MiniRaftCluster.java:346)
	at org.apache.ratis.server.impl.MiniRaftCluster.restart(MiniRaftCluster.java:374)
	at org.apache.ratis.server.impl.RaftReconfigurationBaseTest.lambda$testRestorePriority$0(RaftReconfigurationBaseTest.java:123)
	at org.apache.ratis.server.impl.MiniRaftCluster$Factory$Get.runWithNewCluster(MiniRaftCluster.java:141)
	at org.apache.ratis.server.impl.MiniRaftCluster$Factory$Get.runWithNewCluster(MiniRaftCluster.java:121)
	at org.apache.ratis.server.impl.RaftReconfigurationBaseTest.testRestorePriority(RaftReconfigurationBaseTest.java:100)
	at java.base/jdk.internal.reflect.NativeMethodAccessorImpl.invoke0(Native Method)
	at java.base/jdk.internal.reflect.NativeMethodAccessorImpl.invoke(NativeMethodAccessorImpl.java:62)
	at java.base/jdk.internal.reflect.DelegatingMethodAccessorImpl.invoke(DelegatingMethodAccessorImpl.java:43)
	at java.base/java.lang.reflect.Method.invoke(Method.java:566)
	at org.junit.runners.model.FrameworkMethod$1.runReflectiveCall(FrameworkMethod.java:59)
	at org.junit.internal.runners.model.ReflectiveCallable.run(ReflectiveCallable.java:12)
	at org.junit.runners.model.FrameworkMethod.invokeExplosively(FrameworkMethod.java:56)
	at org.junit.internal.runners.statements.InvokeMethod.evaluate(InvokeMethod.java:17)
	at org.junit.internal.runners.statements.RunAfters.evaluate(RunAfters.java:27)
	... 4 more
Caused by: java.io.IOException: Failed to bind to address 0.0.0.0/0.0.0.0:46109
	at org.apache.ratis.thirdparty.io.grpc.netty.NettyServer.start(NettyServer.java:328)
	at org.apache.ratis.thirdparty.io.grpc.internal.ServerImpl.start(ServerImpl.java:183)
	at org.apache.ratis.thirdparty.io.grpc.internal.ServerImpl.start(ServerImpl.java:92)
	at org.apache.ratis.grpc.server.GrpcService.startImpl(GrpcService.java:298)
	... 25 more
Caused by: org.apache.ratis.thirdparty.io.netty.channel.unix.Errors$NativeIoException: bind(..) failed: Address already in use
</failure>
  </testcase>
  <testcase name="testReconfTimeout" classname="org.apache.ratis.grpc.TestRaftReconfigurationWithGrpc" time="3.23">
    <failure message="Unexpected exit." type="java.lang.AssertionError">java.lang.AssertionError: Unexpected exit.
	at org.apache.ratis.util.ExitUtils.assertNotTerminated(ExitUtils.java:109)
	at org.apache.ratis.server.impl.MiniRaftCluster.shutdown(MiniRaftCluster.java:854)
	at org.apache.ratis.server.impl.MiniRaftCluster$Factory$Get.runWithNewCluster(MiniRaftCluster.java:147)
	at org.apache.ratis.server.impl.MiniRaftCluster$Factory$Get.runWithNewCluster(MiniRaftCluster.java:121)
	at org.apache.ratis.server.impl.RaftReconfigurationBaseTest.testReconfTimeout(RaftReconfigurationBaseTest.java:328)
	at java.base/jdk.internal.reflect.NativeMethodAccessorImpl.invoke0(Native Method)
	at java.base/jdk.internal.reflect.NativeMethodAccessorImpl.invoke(NativeMethodAccessorImpl.java:62)
	at java.base/jdk.internal.reflect.DelegatingMethodAccessorImpl.invoke(DelegatingMethodAccessorImpl.java:43)
	at java.base/java.lang.reflect.Method.invoke(Method.java:566)
	at org.junit.runners.model.FrameworkMethod$1.runReflectiveCall(FrameworkMethod.java:59)
	at org.junit.internal.runners.model.ReflectiveCallable.run(ReflectiveCallable.java:12)
	at org.junit.runners.model.FrameworkMethod.invokeExplosively(FrameworkMethod.java:56)
	at org.junit.internal.runners.statements.InvokeMethod.evaluate(InvokeMethod.java:17)
	at org.junit.internal.runners.statements.RunAfters.evaluate(RunAfters.java:27)
	at org.junit.internal.runners.statements.FailOnTimeout$CallableStatement.call(FailOnTimeout.java:299)
	at org.junit.internal.runners.statements.FailOnTimeout$CallableStatement.call(FailOnTimeout.java:293)
	at java.base/java.util.concurrent.FutureTask.run(FutureTask.java:264)
	at java.base/java.lang.Thread.run(Thread.java:829)
Caused by: org.apache.ratis.util.ExitUtils$ExitException: Failed to start Grpc server
	at org.apache.ratis.util.ExitUtils.terminate(ExitUtils.java:141)
	at org.apache.ratis.util.ExitUtils.terminate(ExitUtils.java:151)
	at org.apache.ratis.grpc.server.GrpcService.startImpl(GrpcService.java:300)
	at org.apache.ratis.util.LifeCycle.startAndTransition(LifeCycle.java:270)
	at org.apache.ratis.server.RaftServerRpcWithProxy.start(RaftServerRpcWithProxy.java:72)
	at org.apache.ratis.server.impl.RaftServerProxy.startImpl(RaftServerProxy.java:402)
	at org.apache.ratis.util.LifeCycle.startAndTransition(LifeCycle.java:270)
	at org.apache.ratis.server.impl.RaftServerProxy.start(RaftServerProxy.java:395)
	at org.apache.ratis.server.impl.MiniRaftCluster.startServers(MiniRaftCluster.java:499)
	at org.apache.ratis.server.impl.MiniRaftCluster.start(MiniRaftCluster.java:346)
	at org.apache.ratis.server.impl.MiniRaftCluster.restart(MiniRaftCluster.java:374)
	at org.apache.ratis.server.impl.RaftReconfigurationBaseTest.lambda$testRestorePriority$0(RaftReconfigurationBaseTest.java:123)
	at org.apache.ratis.server.impl.MiniRaftCluster$Factory$Get.runWithNewCluster(MiniRaftCluster.java:141)
	at org.apache.ratis.server.impl.MiniRaftCluster$Factory$Get.runWithNewCluster(MiniRaftCluster.java:121)
	at org.apache.ratis.server.impl.RaftReconfigurationBaseTest.testRestorePriority(RaftReconfigurationBaseTest.java:100)
	... 13 more
Caused by: java.io.IOException: Failed to bind to address 0.0.0.0/0.0.0.0:46109
	at org.apache.ratis.thirdparty.io.grpc.netty.NettyServer.start(NettyServer.java:328)
	at org.apache.ratis.thirdparty.io.grpc.internal.ServerImpl.start(ServerImpl.java:183)
	at org.apache.ratis.thirdparty.io.grpc.internal.ServerImpl.start(ServerImpl.java:92)
	at org.apache.ratis.grpc.server.GrpcService.startImpl(GrpcService.java:298)
	... 25 more
Caused by: org.apache.ratis.thirdparty.io.netty.channel.unix.Errors$NativeIoException: bind(..) failed: Address already in use
</failure>
    <system-out><![CDATA[2023-03-14 08:39:12,048 [main] INFO  util.LogUtils (Slf4jUtils.java:setLogLevel(38)) - Successfully set org.apache.ratis.conf.ConfUtils log level to WARN
2023-03-14 08:39:12,049 [main] INFO  util.LogUtils (Slf4jUtils.java:setLogLevel(38)) - Successfully set org.apache.ratis.util.FileUtils log level to TRACE
2023-03-14 08:39:12,049 [Time-limited test] INFO  impl.MiniRaftCluster (MiniRaftCluster.java:runWithNewCluster(135)) - Running runWithNewCluster
2023-03-14 08:39:12,050 [Time-limited test] INFO  impl.MiniRaftCluster (MiniRaftCluster.java:<init>(306)) - new MiniRaftClusterWithGrpc with group-D228F8B5DB78:[s0|rpc:localhost:41583|admin:localhost:33921|client:localhost:36257|dataStream:localhost:36865|priority:0|startupRole:FOLLOWER, s1|rpc:localhost:33527|admin:localhost:45333|client:localhost:40903|dataStream:localhost:39123|priority:0|startupRole:FOLLOWER, s2|rpc:localhost:33759|admin:localhost:36757|client:localhost:34851|dataStream:localhost:37251|priority:0|startupRole:FOLLOWER]
2023-03-14 08:39:12,050 [Time-limited test] INFO  impl.MiniRaftCluster (MiniRaftCluster.java:start(339)) - .............................................................. 
2023-03-14 08:39:12,050 [Time-limited test] INFO  impl.MiniRaftCluster (MiniRaftCluster.java:start(340)) - ... 
2023-03-14 08:39:12,050 [Time-limited test] INFO  impl.MiniRaftCluster (MiniRaftCluster.java:start(341)) - ...     Starting MiniRaftClusterWithGrpc
2023-03-14 08:39:12,050 [Time-limited test] INFO  impl.MiniRaftCluster (MiniRaftCluster.java:start(342)) - ... 
2023-03-14 08:39:12,050 [Time-limited test] INFO  impl.MiniRaftCluster (MiniRaftCluster.java:start(343)) - .............................................................. 
2023-03-14 08:39:12,050 [Time-limited test] INFO  impl.MiniRaftCluster (MiniRaftCluster.java:initServers(318)) - servers = {}
2023-03-14 08:39:12,050 [Time-limited test] INFO  impl.MiniRaftCluster (MiniRaftCluster.java:newRaftServer(382)) - newRaftServer: s0, group-D228F8B5DB78:[s0|rpc:localhost:41583|admin:localhost:33921|client:localhost:36257|dataStream:localhost:36865|priority:0|startupRole:FOLLOWER, s1|rpc:localhost:33527|admin:localhost:45333|client:localhost:40903|dataStream:localhost:39123|priority:0|startupRole:FOLLOWER, s2|rpc:localhost:33759|admin:localhost:36757|client:localhost:34851|dataStream:localhost:37251|priority:0|startupRole:FOLLOWER], format? true
2023-03-14 08:39:12,050 [Time-limited test] TRACE util.FileUtils (FileUtils.java:deleteFully(201)) - deleteFully target/test/data/be523d36/MiniRaftClusterWithGrpc246a2cf1/s0
2023-03-14 08:39:12,050 [Time-limited test] TRACE util.FileUtils (FileUtils.java:deleteFully(217)) - deleteFully: target/test/data/be523d36/MiniRaftClusterWithGrpc246a2cf1/s0 does not exist.
2023-03-14 08:39:12,050 [Time-limited test] INFO  impl.MiniRaftCluster (MiniRaftCluster.java:newRaftServer(387)) - Formatted directory target/test/data/be523d36/MiniRaftClusterWithGrpc246a2cf1/s0
2023-03-14 08:39:12,050 [Time-limited test] INFO  server.RaftServer (ConfUtils.java:logGet(46)) - raft.rpc.type = GRPC (default)
2023-03-14 08:39:12,050 [Time-limited test] INFO  grpc.GrpcConfigKeys (ConfUtils.java:logFallback(53)) - raft.grpc.admin.host = null (fallback to raft.grpc.server.host)
2023-03-14 08:39:12,051 [Time-limited test] INFO  grpc.GrpcConfigKeys (ConfUtils.java:logGet(46)) - raft.grpc.admin.port = 33921 (custom)
2023-03-14 08:39:12,051 [Time-limited test] INFO  grpc.GrpcConfigKeys (ConfUtils.java:logFallback(53)) - raft.grpc.client.host = null (fallback to raft.grpc.server.host)
2023-03-14 08:39:12,051 [Time-limited test] INFO  grpc.GrpcConfigKeys (ConfUtils.java:logGet(46)) - raft.grpc.client.port = 36257 (custom)
2023-03-14 08:39:12,051 [Time-limited test] INFO  grpc.GrpcConfigKeys (ConfUtils.java:logGet(46)) - raft.grpc.server.host = null (default)
2023-03-14 08:39:12,051 [Time-limited test] INFO  grpc.GrpcConfigKeys (ConfUtils.java:logGet(46)) - raft.grpc.server.port = 41583 (custom)
2023-03-14 08:39:12,051 [Time-limited test] INFO  server.GrpcService (ConfUtils.java:logGet(46)) - raft.grpc.message.size.max = 64MB (=67108864) (default)
2023-03-14 08:39:12,051 [Time-limited test] INFO  server.RaftServerConfigKeys (ConfUtils.java:logGet(46)) - raft.server.log.appender.buffer.byte-limit = 4MB (=4194304) (default)
2023-03-14 08:39:12,051 [Time-limited test] INFO  server.GrpcService (ConfUtils.java:logGet(46)) - raft.grpc.flow.control.window = 1MB (=1048576) (default)
2023-03-14 08:39:12,051 [Time-limited test] INFO  server.RaftServerConfigKeys (ConfUtils.java:logGet(46)) - raft.server.rpc.request.timeout = 3000ms (default)
2023-03-14 08:39:12,051 [Time-limited test] INFO  grpc.GrpcConfigKeys (ConfUtils.java:logGet(46)) - raft.grpc.server.heartbeat.channel = true (default)
2023-03-14 08:39:12,051 [Time-limited test] INFO  grpc.GrpcConfigKeys (ConfUtils.java:logGet(46)) - raft.grpc.server.async.request.thread.pool.cached = true (default)
2023-03-14 08:39:12,051 [Time-limited test] INFO  grpc.GrpcConfigKeys (ConfUtils.java:logGet(46)) - raft.grpc.server.async.request.thread.pool.size = 32 (default)
2023-03-14 08:39:12,052 [Time-limited test] INFO  impl.DataStreamServerImpl (ConfUtils.java:logGet(46)) - raft.datastream.type = DISABLED (default)
2023-03-14 08:39:12,052 [Time-limited test] INFO  server.RaftServerConfigKeys (ConfUtils.java:logGet(46)) - raft.server.threadpool.proxy.cached = true (default)
2023-03-14 08:39:12,052 [Time-limited test] INFO  server.RaftServerConfigKeys (ConfUtils.java:logGet(46)) - raft.server.threadpool.proxy.size = 0 (default)
2023-03-14 08:39:12,052 [Time-limited test] INFO  server.RaftServerConfigKeys (ConfUtils.java:logGet(46)) - raft.server.rpc.slowness.timeout = 60s (default)
2023-03-14 08:39:12,052 [Time-limited test] INFO  server.RaftServerConfigKeys (ConfUtils.java:logGet(46)) - raft.server.leaderelection.leader.step-down.wait-time = 10s (default)
2023-03-14 08:39:12,052 [Time-limited test] INFO  server.RaftServerConfigKeys (ConfUtils.java:logGet(46)) - raft.server.storage.dir = [/home/runner/work/ratis/ratis/ratis-test/target/test/data/be523d36/MiniRaftClusterWithGrpc246a2cf1/s0] (custom)
2023-03-14 08:39:12,052 [Time-limited test] INFO  server.RaftServer (RaftServerProxy.java:addNew(99)) - s0: addNew group-D228F8B5DB78:[s0|rpc:localhost:41583|admin:localhost:33921|client:localhost:36257|dataStream:localhost:36865|priority:0|startupRole:FOLLOWER, s1|rpc:localhost:33527|admin:localhost:45333|client:localhost:40903|dataStream:localhost:39123|priority:0|startupRole:FOLLOWER, s2|rpc:localhost:33759|admin:localhost:36757|client:localhost:34851|dataStream:localhost:37251|priority:0|startupRole:FOLLOWER] returns group-D228F8B5DB78:java.util.concurrent.CompletableFuture@5864f400[Not completed]
2023-03-14 08:39:12,052 [s0-groupManagement] INFO  server.RaftServer$Division (RaftServerImpl.java:<init>(198)) - s0: new RaftServerImpl for group-D228F8B5DB78:[s0|rpc:localhost:41583|admin:localhost:33921|client:localhost:36257|dataStream:localhost:36865|priority:0|startupRole:FOLLOWER, s1|rpc:localhost:33527|admin:localhost:45333|client:localhost:40903|dataStream:localhost:39123|priority:0|startupRole:FOLLOWER, s2|rpc:localhost:33759|admin:localhost:36757|client:localhost:34851|dataStream:localhost:37251|priority:0|startupRole:FOLLOWER] with BaseStateMachine:uninitialized
2023-03-14 08:39:12,052 [Time-limited test] INFO  impl.MiniRaftCluster (MiniRaftCluster.java:newRaftServer(382)) - newRaftServer: s1, group-D228F8B5DB78:[s0|rpc:localhost:41583|admin:localhost:33921|client:localhost:36257|dataStream:localhost:36865|priority:0|startupRole:FOLLOWER, s1|rpc:localhost:33527|admin:localhost:45333|client:localhost:40903|dataStream:localhost:39123|priority:0|startupRole:FOLLOWER, s2|rpc:localhost:33759|admin:localhost:36757|client:localhost:34851|dataStream:localhost:37251|priority:0|startupRole:FOLLOWER], format? true
2023-03-14 08:39:12,053 [Time-limited test] TRACE util.FileUtils (FileUtils.java:deleteFully(201)) - deleteFully target/test/data/be523d36/MiniRaftClusterWithGrpc246a2cf1/s1
2023-03-14 08:39:12,053 [s0-groupManagement] INFO  server.RaftServerConfigKeys (ConfUtils.java:logGet(46)) - raft.server.rpc.timeout.min = 150ms (default)
2023-03-14 08:39:12,053 [Time-limited test] TRACE util.FileUtils (FileUtils.java:deleteFully(217)) - deleteFully: target/test/data/be523d36/MiniRaftClusterWithGrpc246a2cf1/s1 does not exist.
2023-03-14 08:39:12,053 [Time-limited test] INFO  impl.MiniRaftCluster (MiniRaftCluster.java:newRaftServer(387)) - Formatted directory target/test/data/be523d36/MiniRaftClusterWithGrpc246a2cf1/s1
2023-03-14 08:39:12,053 [s0-groupManagement] INFO  server.RaftServerConfigKeys (ConfUtils.java:logGet(46)) - raft.server.rpc.timeout.max = 300ms (default)
2023-03-14 08:39:12,053 [s0-groupManagement] INFO  server.RaftServerConfigKeys (ConfUtils.java:logGet(46)) - raft.server.rpc.sleep.time = 25ms (default)
2023-03-14 08:39:12,053 [s0-groupManagement] INFO  server.RaftServerConfigKeys (ConfUtils.java:logGet(46)) - raft.server.rpc.slowness.timeout = 60s (default)
2023-03-14 08:39:12,053 [s0-groupManagement] INFO  server.RaftServerConfigKeys (ConfUtils.java:logGet(46)) - raft.server.leaderelection.leader.step-down.wait-time = 10s (default)
2023-03-14 08:39:12,053 [s0-groupManagement] INFO  server.RaftServerConfigKeys (ConfUtils.java:logGet(46)) - raft.server.sleep.deviation.threshold = 300ms (default)
2023-03-14 08:39:12,053 [Time-limited test] INFO  server.RaftServer (ConfUtils.java:logGet(46)) - raft.rpc.type = GRPC (default)
2023-03-14 08:39:12,053 [s0-groupManagement] INFO  server.RaftServer$Division (ServerState.java:<init>(113)) - s0@group-D228F8B5DB78: ConfigurationManager, init=-1: peers:[s0|rpc:localhost:41583|admin:localhost:33921|client:localhost:36257|dataStream:localhost:36865|priority:0|startupRole:FOLLOWER, s1|rpc:localhost:33527|admin:localhost:45333|client:localhost:40903|dataStream:localhost:39123|priority:0|startupRole:FOLLOWER, s2|rpc:localhost:33759|admin:localhost:36757|client:localhost:34851|dataStream:localhost:37251|priority:0|startupRole:FOLLOWER]|listeners:[], old=null, confs=<EMPTY_MAP>
2023-03-14 08:39:12,053 [s0-groupManagement] INFO  server.RaftServerConfigKeys (ConfUtils.java:logGet(46)) - raft.server.notification.no-leader.timeout = 60s (default)
2023-03-14 08:39:12,053 [s0-groupManagement] INFO  server.RaftServerConfigKeys (ConfUtils.java:logGet(46)) - raft.server.read.timeout = 10s (default)
2023-03-14 08:39:12,053 [s0-groupManagement] INFO  server.RaftServerConfigKeys (ConfUtils.java:logGet(46)) - raft.server.retrycache.expirytime = 60s (default)
2023-03-14 08:39:12,053 [s0-groupManagement] INFO  server.RaftServerConfigKeys (ConfUtils.java:logGet(46)) - raft.server.retrycache.statistics.expirytime = 100μs (default)
2023-03-14 08:39:12,053 [Time-limited test] INFO  grpc.GrpcConfigKeys (ConfUtils.java:logFallback(53)) - raft.grpc.admin.host = null (fallback to raft.grpc.server.host)
2023-03-14 08:39:12,053 [s0-groupManagement] INFO  server.RaftServerConfigKeys (ConfUtils.java:logGet(46)) - raft.server.read.option = DEFAULT (default)
2023-03-14 08:39:12,053 [Time-limited test] INFO  grpc.GrpcConfigKeys (ConfUtils.java:logGet(46)) - raft.grpc.admin.port = 45333 (custom)
2023-03-14 08:39:12,053 [Time-limited test] INFO  grpc.GrpcConfigKeys (ConfUtils.java:logFallback(53)) - raft.grpc.client.host = null (fallback to raft.grpc.server.host)
2023-03-14 08:39:12,053 [Time-limited test] INFO  grpc.GrpcConfigKeys (ConfUtils.java:logGet(46)) - raft.grpc.client.port = 40903 (custom)
2023-03-14 08:39:12,054 [Time-limited test] INFO  grpc.GrpcConfigKeys (ConfUtils.java:logGet(46)) - raft.grpc.server.host = null (default)
2023-03-14 08:39:12,054 [Time-limited test] INFO  grpc.GrpcConfigKeys (ConfUtils.java:logGet(46)) - raft.grpc.server.port = 33527 (custom)
2023-03-14 08:39:12,054 [Time-limited test] INFO  server.GrpcService (ConfUtils.java:logGet(46)) - raft.grpc.message.size.max = 64MB (=67108864) (default)
2023-03-14 08:39:12,054 [Time-limited test] INFO  server.RaftServerConfigKeys (ConfUtils.java:logGet(46)) - raft.server.log.appender.buffer.byte-limit = 4MB (=4194304) (default)
2023-03-14 08:39:12,054 [Time-limited test] INFO  server.GrpcService (ConfUtils.java:logGet(46)) - raft.grpc.flow.control.window = 1MB (=1048576) (default)
2023-03-14 08:39:12,054 [Time-limited test] INFO  server.RaftServerConfigKeys (ConfUtils.java:logGet(46)) - raft.server.rpc.request.timeout = 3000ms (default)
2023-03-14 08:39:12,054 [Time-limited test] INFO  grpc.GrpcConfigKeys (ConfUtils.java:logGet(46)) - raft.grpc.server.heartbeat.channel = true (default)
2023-03-14 08:39:12,054 [s0-groupManagement] INFO  server.RaftServerConfigKeys (ConfUtils.java:logGet(46)) - raft.server.log.appender.install.snapshot.enabled = true (default)
2023-03-14 08:39:12,054 [s0-groupManagement] INFO  server.RaftServerConfigKeys (ConfUtils.java:logGet(46)) - raft.server.threadpool.server.cached = true (default)
2023-03-14 08:39:12,054 [s0-groupManagement] INFO  server.RaftServerConfigKeys (ConfUtils.java:logGet(46)) - raft.server.threadpool.server.size = 0 (default)
2023-03-14 08:39:12,054 [s0-groupManagement] INFO  server.RaftServerConfigKeys (ConfUtils.java:logGet(46)) - raft.server.threadpool.client.cached = true (default)
2023-03-14 08:39:12,054 [s0-groupManagement] INFO  server.RaftServerConfigKeys (ConfUtils.java:logGet(46)) - raft.server.threadpool.client.size = 0 (default)
2023-03-14 08:39:12,054 [Time-limited test] INFO  grpc.GrpcConfigKeys (ConfUtils.java:logGet(46)) - raft.grpc.server.async.request.thread.pool.cached = true (default)
2023-03-14 08:39:12,054 [Time-limited test] INFO  grpc.GrpcConfigKeys (ConfUtils.java:logGet(46)) - raft.grpc.server.async.request.thread.pool.size = 32 (default)
2023-03-14 08:39:12,055 [Time-limited test] INFO  impl.DataStreamServerImpl (ConfUtils.java:logGet(46)) - raft.datastream.type = DISABLED (default)
2023-03-14 08:39:12,055 [Time-limited test] INFO  server.RaftServerConfigKeys (ConfUtils.java:logGet(46)) - raft.server.threadpool.proxy.cached = true (default)
2023-03-14 08:39:12,055 [Time-limited test] INFO  server.RaftServerConfigKeys (ConfUtils.java:logGet(46)) - raft.server.threadpool.proxy.size = 0 (default)
2023-03-14 08:39:12,055 [Time-limited test] INFO  server.RaftServerConfigKeys (ConfUtils.java:logGet(46)) - raft.server.rpc.slowness.timeout = 60s (default)
2023-03-14 08:39:12,055 [Time-limited test] INFO  server.RaftServerConfigKeys (ConfUtils.java:logGet(46)) - raft.server.leaderelection.leader.step-down.wait-time = 10s (default)
2023-03-14 08:39:12,055 [Time-limited test] INFO  server.RaftServerConfigKeys (ConfUtils.java:logGet(46)) - raft.server.storage.dir = [/home/runner/work/ratis/ratis/ratis-test/target/test/data/be523d36/MiniRaftClusterWithGrpc246a2cf1/s1] (custom)
2023-03-14 08:39:12,055 [Time-limited test] INFO  server.RaftServer (RaftServerProxy.java:addNew(99)) - s1: addNew group-D228F8B5DB78:[s0|rpc:localhost:41583|admin:localhost:33921|client:localhost:36257|dataStream:localhost:36865|priority:0|startupRole:FOLLOWER, s1|rpc:localhost:33527|admin:localhost:45333|client:localhost:40903|dataStream:localhost:39123|priority:0|startupRole:FOLLOWER, s2|rpc:localhost:33759|admin:localhost:36757|client:localhost:34851|dataStream:localhost:37251|priority:0|startupRole:FOLLOWER] returns group-D228F8B5DB78:java.util.concurrent.CompletableFuture@47702355[Not completed]
2023-03-14 08:39:12,056 [Time-limited test] INFO  impl.MiniRaftCluster (MiniRaftCluster.java:newRaftServer(382)) - newRaftServer: s2, group-D228F8B5DB78:[s0|rpc:localhost:41583|admin:localhost:33921|client:localhost:36257|dataStream:localhost:36865|priority:0|startupRole:FOLLOWER, s1|rpc:localhost:33527|admin:localhost:45333|client:localhost:40903|dataStream:localhost:39123|priority:0|startupRole:FOLLOWER, s2|rpc:localhost:33759|admin:localhost:36757|client:localhost:34851|dataStream:localhost:37251|priority:0|startupRole:FOLLOWER], format? true
2023-03-14 08:39:12,056 [Time-limited test] TRACE util.FileUtils (FileUtils.java:deleteFully(201)) - deleteFully target/test/data/be523d36/MiniRaftClusterWithGrpc246a2cf1/s2
2023-03-14 08:39:12,056 [s1-groupManagement] INFO  server.RaftServer$Division (RaftServerImpl.java:<init>(198)) - s1: new RaftServerImpl for group-D228F8B5DB78:[s0|rpc:localhost:41583|admin:localhost:33921|client:localhost:36257|dataStream:localhost:36865|priority:0|startupRole:FOLLOWER, s1|rpc:localhost:33527|admin:localhost:45333|client:localhost:40903|dataStream:localhost:39123|priority:0|startupRole:FOLLOWER, s2|rpc:localhost:33759|admin:localhost:36757|client:localhost:34851|dataStream:localhost:37251|priority:0|startupRole:FOLLOWER] with BaseStateMachine:uninitialized
2023-03-14 08:39:12,056 [Time-limited test] TRACE util.FileUtils (FileUtils.java:deleteFully(217)) - deleteFully: target/test/data/be523d36/MiniRaftClusterWithGrpc246a2cf1/s2 does not exist.
2023-03-14 08:39:12,056 [Time-limited test] INFO  impl.MiniRaftCluster (MiniRaftCluster.java:newRaftServer(387)) - Formatted directory target/test/data/be523d36/MiniRaftClusterWithGrpc246a2cf1/s2
2023-03-14 08:39:12,056 [Time-limited test] INFO  server.RaftServer (ConfUtils.java:logGet(46)) - raft.rpc.type = GRPC (default)
2023-03-14 08:39:12,056 [s1-groupManagement] INFO  server.RaftServerConfigKeys (ConfUtils.java:logGet(46)) - raft.server.rpc.timeout.min = 150ms (default)
2023-03-14 08:39:12,056 [s1-groupManagement] INFO  server.RaftServerConfigKeys (ConfUtils.java:logGet(46)) - raft.server.rpc.timeout.max = 300ms (default)
2023-03-14 08:39:12,056 [s1-groupManagement] INFO  server.RaftServerConfigKeys (ConfUtils.java:logGet(46)) - raft.server.rpc.sleep.time = 25ms (default)
2023-03-14 08:39:12,056 [s1-groupManagement] INFO  server.RaftServerConfigKeys (ConfUtils.java:logGet(46)) - raft.server.rpc.slowness.timeout = 60s (default)
2023-03-14 08:39:12,056 [s1-groupManagement] INFO  server.RaftServerConfigKeys (ConfUtils.java:logGet(46)) - raft.server.leaderelection.leader.step-down.wait-time = 10s (default)
2023-03-14 08:39:12,056 [s1-groupManagement] INFO  server.RaftServerConfigKeys (ConfUtils.java:logGet(46)) - raft.server.sleep.deviation.threshold = 300ms (default)
2023-03-14 08:39:12,056 [s1-groupManagement] INFO  server.RaftServer$Division (ServerState.java:<init>(113)) - s1@group-D228F8B5DB78: ConfigurationManager, init=-1: peers:[s0|rpc:localhost:41583|admin:localhost:33921|client:localhost:36257|dataStream:localhost:36865|priority:0|startupRole:FOLLOWER, s1|rpc:localhost:33527|admin:localhost:45333|client:localhost:40903|dataStream:localhost:39123|priority:0|startupRole:FOLLOWER, s2|rpc:localhost:33759|admin:localhost:36757|client:localhost:34851|dataStream:localhost:37251|priority:0|startupRole:FOLLOWER]|listeners:[], old=null, confs=<EMPTY_MAP>
2023-03-14 08:39:12,056 [Time-limited test] INFO  grpc.GrpcConfigKeys (ConfUtils.java:logFallback(53)) - raft.grpc.admin.host = null (fallback to raft.grpc.server.host)
2023-03-14 08:39:12,057 [s1-groupManagement] INFO  server.RaftServerConfigKeys (ConfUtils.java:logGet(46)) - raft.server.notification.no-leader.timeout = 60s (default)
2023-03-14 08:39:12,057 [s1-groupManagement] INFO  server.RaftServerConfigKeys (ConfUtils.java:logGet(46)) - raft.server.read.timeout = 10s (default)
2023-03-14 08:39:12,057 [s1-groupManagement] INFO  server.RaftServerConfigKeys (ConfUtils.java:logGet(46)) - raft.server.retrycache.expirytime = 60s (default)
2023-03-14 08:39:12,057 [s1-groupManagement] INFO  server.RaftServerConfigKeys (ConfUtils.java:logGet(46)) - raft.server.retrycache.statistics.expirytime = 100μs (default)
2023-03-14 08:39:12,057 [Time-limited test] INFO  grpc.GrpcConfigKeys (ConfUtils.java:logGet(46)) - raft.grpc.admin.port = 36757 (custom)
2023-03-14 08:39:12,057 [Time-limited test] INFO  grpc.GrpcConfigKeys (ConfUtils.java:logFallback(53)) - raft.grpc.client.host = null (fallback to raft.grpc.server.host)
2023-03-14 08:39:12,057 [Time-limited test] INFO  grpc.GrpcConfigKeys (ConfUtils.java:logGet(46)) - raft.grpc.client.port = 34851 (custom)
2023-03-14 08:39:12,057 [Time-limited test] INFO  grpc.GrpcConfigKeys (ConfUtils.java:logGet(46)) - raft.grpc.server.host = null (default)
2023-03-14 08:39:12,057 [Time-limited test] INFO  grpc.GrpcConfigKeys (ConfUtils.java:logGet(46)) - raft.grpc.server.port = 33759 (custom)
2023-03-14 08:39:12,057 [Time-limited test] INFO  server.GrpcService (ConfUtils.java:logGet(46)) - raft.grpc.message.size.max = 64MB (=67108864) (default)
2023-03-14 08:39:12,057 [Time-limited test] INFO  server.RaftServerConfigKeys (ConfUtils.java:logGet(46)) - raft.server.log.appender.buffer.byte-limit = 4MB (=4194304) (default)
2023-03-14 08:39:12,057 [Time-limited test] INFO  server.GrpcService (ConfUtils.java:logGet(46)) - raft.grpc.flow.control.window = 1MB (=1048576) (default)
2023-03-14 08:39:12,057 [Time-limited test] INFO  server.RaftServerConfigKeys (ConfUtils.java:logGet(46)) - raft.server.rpc.request.timeout = 3000ms (default)
2023-03-14 08:39:12,057 [Time-limited test] INFO  grpc.GrpcConfigKeys (ConfUtils.java:logGet(46)) - raft.grpc.server.heartbeat.channel = true (default)
2023-03-14 08:39:12,058 [Time-limited test] INFO  grpc.GrpcConfigKeys (ConfUtils.java:logGet(46)) - raft.grpc.server.async.request.thread.pool.cached = true (default)
2023-03-14 08:39:12,058 [Time-limited test] INFO  grpc.GrpcConfigKeys (ConfUtils.java:logGet(46)) - raft.grpc.server.async.request.thread.pool.size = 32 (default)
2023-03-14 08:39:12,057 [s1-groupManagement] INFO  server.RaftServerConfigKeys (ConfUtils.java:logGet(46)) - raft.server.read.option = DEFAULT (default)
2023-03-14 08:39:12,058 [s1-groupManagement] INFO  server.RaftServerConfigKeys (ConfUtils.java:logGet(46)) - raft.server.log.appender.install.snapshot.enabled = true (default)
2023-03-14 08:39:12,058 [s1-groupManagement] INFO  server.RaftServerConfigKeys (ConfUtils.java:logGet(46)) - raft.server.threadpool.server.cached = true (default)
2023-03-14 08:39:12,058 [s1-groupManagement] INFO  server.RaftServerConfigKeys (ConfUtils.java:logGet(46)) - raft.server.threadpool.server.size = 0 (default)
2023-03-14 08:39:12,058 [s1-groupManagement] INFO  server.RaftServerConfigKeys (ConfUtils.java:logGet(46)) - raft.server.threadpool.client.cached = true (default)
2023-03-14 08:39:12,058 [s1-groupManagement] INFO  server.RaftServerConfigKeys (ConfUtils.java:logGet(46)) - raft.server.threadpool.client.size = 0 (default)
2023-03-14 08:39:12,059 [Time-limited test] INFO  impl.DataStreamServerImpl (ConfUtils.java:logGet(46)) - raft.datastream.type = DISABLED (default)
2023-03-14 08:39:12,059 [Time-limited test] INFO  server.RaftServerConfigKeys (ConfUtils.java:logGet(46)) - raft.server.threadpool.proxy.cached = true (default)
2023-03-14 08:39:12,059 [Time-limited test] INFO  server.RaftServerConfigKeys (ConfUtils.java:logGet(46)) - raft.server.threadpool.proxy.size = 0 (default)
2023-03-14 08:39:12,059 [Time-limited test] INFO  server.RaftServerConfigKeys (ConfUtils.java:logGet(46)) - raft.server.rpc.slowness.timeout = 60s (default)
2023-03-14 08:39:12,059 [Time-limited test] INFO  server.RaftServerConfigKeys (ConfUtils.java:logGet(46)) - raft.server.leaderelection.leader.step-down.wait-time = 10s (default)
2023-03-14 08:39:12,059 [Time-limited test] INFO  server.RaftServerConfigKeys (ConfUtils.java:logGet(46)) - raft.server.storage.dir = [/home/runner/work/ratis/ratis/ratis-test/target/test/data/be523d36/MiniRaftClusterWithGrpc246a2cf1/s2] (custom)
2023-03-14 08:39:12,059 [Time-limited test] INFO  server.RaftServer (RaftServerProxy.java:addNew(99)) - s2: addNew group-D228F8B5DB78:[s0|rpc:localhost:41583|admin:localhost:33921|client:localhost:36257|dataStream:localhost:36865|priority:0|startupRole:FOLLOWER, s1|rpc:localhost:33527|admin:localhost:45333|client:localhost:40903|dataStream:localhost:39123|priority:0|startupRole:FOLLOWER, s2|rpc:localhost:33759|admin:localhost:36757|client:localhost:34851|dataStream:localhost:37251|priority:0|startupRole:FOLLOWER] returns group-D228F8B5DB78:java.util.concurrent.CompletableFuture@1a58dc92[Not completed]
2023-03-14 08:39:12,060 [s0-impl-thread1] INFO  server.RaftServerConfigKeys (ConfUtils.java:logGet(46)) - raft.server.storage.free-space.min = 0MB (=0) (default)
2023-03-14 08:39:12,060 [s0-impl-thread1] INFO  server.RaftServerConfigKeys (ConfUtils.java:logGet(46)) - raft.server.log.corruption.policy = EXCEPTION (default)
2023-03-14 08:39:12,060 [s0-impl-thread1] INFO  server.RaftServerConfigKeys (ConfUtils.java:logGet(46)) - raft.server.storage.dir = [/home/runner/work/ratis/ratis/ratis-test/target/test/data/be523d36/MiniRaftClusterWithGrpc246a2cf1/s0] (custom)
2023-03-14 08:39:12,060 [s0-impl-thread1] INFO  storage.RaftStorageDirectory (RaftStorageDirectoryImpl.java:analyzeStorage(138)) - The storage directory /home/runner/work/ratis/ratis/ratis-test/target/test/data/be523d36/MiniRaftClusterWithGrpc246a2cf1/s0/8dbbff9b-5025-47c3-bb87-d228f8b5db78 does not exist. Creating ...
2023-03-14 08:39:12,060 [s0-impl-thread1] TRACE util.FileUtils (LogUtils.java:runAndLog(49)) - Successfully ran Files.createDirectories /home/runner/work/ratis/ratis/ratis-test/target/test/data/be523d36/MiniRaftClusterWithGrpc246a2cf1/s0/8dbbff9b-5025-47c3-bb87-d228f8b5db78
2023-03-14 08:39:12,060 [s2-groupManagement] INFO  server.RaftServer$Division (RaftServerImpl.java:<init>(198)) - s2: new RaftServerImpl for group-D228F8B5DB78:[s0|rpc:localhost:41583|admin:localhost:33921|client:localhost:36257|dataStream:localhost:36865|priority:0|startupRole:FOLLOWER, s1|rpc:localhost:33527|admin:localhost:45333|client:localhost:40903|dataStream:localhost:39123|priority:0|startupRole:FOLLOWER, s2|rpc:localhost:33759|admin:localhost:36757|client:localhost:34851|dataStream:localhost:37251|priority:0|startupRole:FOLLOWER] with BaseStateMachine:uninitialized
2023-03-14 08:39:12,060 [s2-groupManagement] INFO  server.RaftServerConfigKeys (ConfUtils.java:logGet(46)) - raft.server.rpc.timeout.min = 150ms (default)
2023-03-14 08:39:12,060 [s2-groupManagement] INFO  server.RaftServerConfigKeys (ConfUtils.java:logGet(46)) - raft.server.rpc.timeout.max = 300ms (default)
2023-03-14 08:39:12,060 [s2-groupManagement] INFO  server.RaftServerConfigKeys (ConfUtils.java:logGet(46)) - raft.server.rpc.sleep.time = 25ms (default)
2023-03-14 08:39:12,060 [s2-groupManagement] INFO  server.RaftServerConfigKeys (ConfUtils.java:logGet(46)) - raft.server.rpc.slowness.timeout = 60s (default)
2023-03-14 08:39:12,061 [s2-groupManagement] INFO  server.RaftServerConfigKeys (ConfUtils.java:logGet(46)) - raft.server.leaderelection.leader.step-down.wait-time = 10s (default)
2023-03-14 08:39:12,061 [s2-groupManagement] INFO  server.RaftServerConfigKeys (ConfUtils.java:logGet(46)) - raft.server.sleep.deviation.threshold = 300ms (default)
2023-03-14 08:39:12,061 [s2-groupManagement] INFO  server.RaftServer$Division (ServerState.java:<init>(113)) - s2@group-D228F8B5DB78: ConfigurationManager, init=-1: peers:[s0|rpc:localhost:41583|admin:localhost:33921|client:localhost:36257|dataStream:localhost:36865|priority:0|startupRole:FOLLOWER, s1|rpc:localhost:33527|admin:localhost:45333|client:localhost:40903|dataStream:localhost:39123|priority:0|startupRole:FOLLOWER, s2|rpc:localhost:33759|admin:localhost:36757|client:localhost:34851|dataStream:localhost:37251|priority:0|startupRole:FOLLOWER]|listeners:[], old=null, confs=<EMPTY_MAP>
2023-03-14 08:39:12,061 [s2-groupManagement] INFO  server.RaftServerConfigKeys (ConfUtils.java:logGet(46)) - raft.server.notification.no-leader.timeout = 60s (default)
2023-03-14 08:39:12,061 [s2-groupManagement] INFO  server.RaftServerConfigKeys (ConfUtils.java:logGet(46)) - raft.server.read.timeout = 10s (default)
2023-03-14 08:39:12,061 [s2-groupManagement] INFO  server.RaftServerConfigKeys (ConfUtils.java:logGet(46)) - raft.server.retrycache.expirytime = 60s (default)
2023-03-14 08:39:12,061 [s2-groupManagement] INFO  server.RaftServerConfigKeys (ConfUtils.java:logGet(46)) - raft.server.retrycache.statistics.expirytime = 100μs (default)
2023-03-14 08:39:12,061 [s2-groupManagement] INFO  server.RaftServerConfigKeys (ConfUtils.java:logGet(46)) - raft.server.read.option = DEFAULT (default)
2023-03-14 08:39:12,061 [s2-groupManagement] INFO  server.RaftServerConfigKeys (ConfUtils.java:logGet(46)) - raft.server.log.appender.install.snapshot.enabled = true (default)
2023-03-14 08:39:12,061 [s2-groupManagement] INFO  server.RaftServerConfigKeys (ConfUtils.java:logGet(46)) - raft.server.threadpool.server.cached = true (default)
2023-03-14 08:39:12,061 [s2-groupManagement] INFO  server.RaftServerConfigKeys (ConfUtils.java:logGet(46)) - raft.server.threadpool.server.size = 0 (default)
2023-03-14 08:39:12,061 [s2-groupManagement] INFO  server.RaftServerConfigKeys (ConfUtils.java:logGet(46)) - raft.server.threadpool.client.cached = true (default)
2023-03-14 08:39:12,061 [s2-groupManagement] INFO  server.RaftServerConfigKeys (ConfUtils.java:logGet(46)) - raft.server.threadpool.client.size = 0 (default)
2023-03-14 08:39:12,061 [s0-impl-thread1] INFO  storage.RaftStorageDirectory (RaftStorageDirectoryImpl.java:tryLock(232)) - Lock on /home/runner/work/ratis/ratis/ratis-test/target/test/data/be523d36/MiniRaftClusterWithGrpc246a2cf1/s0/8dbbff9b-5025-47c3-bb87-d228f8b5db78/in_use.lock acquired by nodename 10435@fv-az41-628
2023-03-14 08:39:12,062 [s0-impl-thread1] TRACE util.FileUtils (LogUtils.java:runAndLog(49)) - Successfully ran Files.createDirectories /home/runner/work/ratis/ratis/ratis-test/target/test/data/be523d36/MiniRaftClusterWithGrpc246a2cf1/s0/8dbbff9b-5025-47c3-bb87-d228f8b5db78/current
2023-03-14 08:39:12,062 [s0-impl-thread1] TRACE util.FileUtils (LogUtils.java:runAndLog(49)) - Successfully ran Files.createDirectories /home/runner/work/ratis/ratis/ratis-test/target/test/data/be523d36/MiniRaftClusterWithGrpc246a2cf1/s0/8dbbff9b-5025-47c3-bb87-d228f8b5db78/sm
2023-03-14 08:39:12,063 [s0-impl-thread1] INFO  storage.RaftStorage (RaftStorageImpl.java:format(96)) - Storage directory /home/runner/work/ratis/ratis/ratis-test/target/test/data/be523d36/MiniRaftClusterWithGrpc246a2cf1/s0/8dbbff9b-5025-47c3-bb87-d228f8b5db78 has been successfully formatted.
2023-03-14 08:39:12,063 [s0-impl-thread1] INFO  server.RaftServerConfigKeys (ConfUtils.java:logGet(46)) - raft.server.log.use.memory = false (default)
2023-03-14 08:39:12,063 [s0-impl-thread1] INFO  server.RaftServerConfigKeys (ConfUtils.java:logGet(46)) - raft.server.log.purge.gap = 1024 (default)
2023-03-14 08:39:12,063 [s0-impl-thread1] INFO  server.RaftServerConfigKeys (ConfUtils.java:logGet(46)) - raft.server.log.appender.buffer.byte-limit = 4MB (=4194304) (default)
2023-03-14 08:39:12,063 [s0-impl-thread1] INFO  server.RaftServerConfigKeys (ConfUtils.java:logGet(46)) - raft.server.log.statemachine.data.read.timeout = 1000ms (default)
2023-03-14 08:39:12,063 [s0-impl-thread1] INFO  server.RaftServerConfigKeys (ConfUtils.java:logGet(46)) - raft.server.log.purge.preservation.log.num = 0 (default)
2023-03-14 08:39:12,063 [s0-impl-thread1] INFO  server.RaftServerConfigKeys (ConfUtils.java:logGet(46)) - raft.server.log.segment.size.max = 8MB (=8388608) (default)
2023-03-14 08:39:12,063 [s0-impl-thread1] INFO  server.RaftServerConfigKeys (ConfUtils.java:logGet(46)) - raft.server.log.segment.cache.num.max = 6 (default)
2023-03-14 08:39:12,063 [s0-impl-thread1] INFO  server.RaftServerConfigKeys (ConfUtils.java:logGet(46)) - raft.server.log.segment.cache.size.max = 200MB (=209715200) (default)
2023-03-14 08:39:12,063 [s0-impl-thread1] INFO  server.RaftServerConfigKeys (ConfUtils.java:logGet(46)) - raft.server.log.appender.buffer.byte-limit = 4MB (=4194304) (default)
2023-03-14 08:39:12,063 [s0-impl-thread1] INFO  segmented.SegmentedRaftLogWorker (SegmentedRaftLogWorker.java:<init>(183)) - new s0@group-D228F8B5DB78-SegmentedRaftLogWorker for RaftStorageImpl:Storage Directory /home/runner/work/ratis/ratis/ratis-test/target/test/data/be523d36/MiniRaftClusterWithGrpc246a2cf1/s0/8dbbff9b-5025-47c3-bb87-d228f8b5db78
2023-03-14 08:39:12,063 [s0-impl-thread1] INFO  server.RaftServerConfigKeys (ConfUtils.java:logGet(46)) - raft.server.log.queue.byte-limit = 64MB (=67108864) (default)
2023-03-14 08:39:12,063 [s0-impl-thread1] INFO  server.RaftServerConfigKeys (ConfUtils.java:logGet(46)) - raft.server.log.queue.element-limit = 4096 (default)
2023-03-14 08:39:12,063 [s0-impl-thread1] INFO  server.RaftServerConfigKeys (ConfUtils.java:logGet(46)) - raft.server.log.segment.size.max = 8MB (=8388608) (default)
2023-03-14 08:39:12,063 [s0-impl-thread1] INFO  server.RaftServerConfigKeys (ConfUtils.java:logGet(46)) - raft.server.log.preallocated.size = 4MB (=4194304) (default)
2023-03-14 08:39:12,063 [s0-impl-thread1] INFO  server.RaftServerConfigKeys (ConfUtils.java:logGet(46)) - raft.server.log.force.sync.num = 128 (default)
2023-03-14 08:39:12,063 [s0-impl-thread1] INFO  server.RaftServerConfigKeys (ConfUtils.java:logGet(46)) - raft.server.log.statemachine.data.sync = true (default)
2023-03-14 08:39:12,063 [s0-impl-thread1] INFO  server.RaftServerConfigKeys (ConfUtils.java:logGet(46)) - raft.server.log.statemachine.data.sync.timeout = 10s (default)
2023-03-14 08:39:12,063 [s0-impl-thread1] INFO  server.RaftServerConfigKeys (ConfUtils.java:logGet(46)) - raft.server.log.statemachine.data.sync.timeout.retry = -1 (default)
2023-03-14 08:39:12,063 [s0-impl-thread1] INFO  server.RaftServerConfigKeys (ConfUtils.java:logGet(46)) - raft.server.log.write.buffer.size = 64KB (=65536) (default)
2023-03-14 08:39:12,064 [s0-impl-thread1] INFO  server.RaftServerConfigKeys (ConfUtils.java:logGet(46)) - raft.server.log.appender.buffer.byte-limit = 4MB (=4194304) (default)
2023-03-14 08:39:12,064 [s0-impl-thread1] INFO  server.RaftServerConfigKeys (ConfUtils.java:logGet(46)) - raft.server.log.unsafe-flush.enabled = false (default)
2023-03-14 08:39:12,064 [s0-impl-thread1] INFO  server.RaftServerConfigKeys (ConfUtils.java:logGet(46)) - raft.server.log.async-flush.enabled = false (default)
2023-03-14 08:39:12,064 [s0-impl-thread1] INFO  server.RaftServerConfigKeys (ConfUtils.java:logGet(46)) - raft.server.log.statemachine.data.caching.enabled = false (default)
2023-03-14 08:39:12,064 [s0-impl-thread1] INFO  segmented.SegmentedRaftLogWorker (SegmentedRaftLogWorker.java:lambda$new$0(134)) - s0@group-D228F8B5DB78-SegmentedRaftLogWorker: flushIndex: setUnconditionally 0 -> -1
2023-03-14 08:39:12,064 [s0-impl-thread1] INFO  segmented.SegmentedRaftLogWorker (SegmentedRaftLogWorker.java:lambda$new$0(134)) - s0@group-D228F8B5DB78-SegmentedRaftLogWorker: safeCacheEvictIndex: setUnconditionally 0 -> -1
2023-03-14 08:39:12,064 [s0-impl-thread1] INFO  server.RaftServer$Division (RaftServerImpl.java:start(342)) - s0@group-D228F8B5DB78: start as a follower, conf=-1: peers:[s0|rpc:localhost:41583|admin:localhost:33921|client:localhost:36257|dataStream:localhost:36865|priority:0|startupRole:FOLLOWER, s1|rpc:localhost:33527|admin:localhost:45333|client:localhost:40903|dataStream:localhost:39123|priority:0|startupRole:FOLLOWER, s2|rpc:localhost:33759|admin:localhost:36757|client:localhost:34851|dataStream:localhost:37251|priority:0|startupRole:FOLLOWER]|listeners:[], old=null
2023-03-14 08:39:12,064 [s0-impl-thread1] INFO  server.RaftServer$Division (RaftServerImpl.java:setRole(329)) - s0@group-D228F8B5DB78: changes role from      null to FOLLOWER at term 0 for startAsFollower
2023-03-14 08:39:12,064 [s0-impl-thread1] INFO  impl.RoleInfo (RoleInfo.java:updateAndGet(139)) - s0: start s0@group-D228F8B5DB78-FollowerState
2023-03-14 08:39:12,065 [s0@group-D228F8B5DB78-FollowerState] INFO  server.RaftServerConfigKeys (ConfUtils.java:logFallback(53)) - raft.server.rpc.first-election.timeout.min = 150ms (fallback to raft.server.rpc.timeout.min)
2023-03-14 08:39:12,065 [s0-impl-thread1] INFO  util.JmxRegister (JmxRegister.java:tryRegister(44)) - Successfully registered JMX Bean with object name Ratis:service=RaftServer,group=group-D228F8B5DB78,id=s0
2023-03-14 08:39:12,065 [s0-impl-thread1] INFO  server.RaftServerConfigKeys (ConfUtils.java:logGet(46)) - raft.server.snapshot.auto.trigger.enabled = false (default)
2023-03-14 08:39:12,065 [s0-impl-thread1] INFO  server.RaftServerConfigKeys (ConfUtils.java:logGet(46)) - raft.server.snapshot.retention.file.num = -1 (default)
2023-03-14 08:39:12,065 [s0-impl-thread1] INFO  server.RaftServerConfigKeys (ConfUtils.java:logGet(46)) - raft.server.log.purge.upto.snapshot.index = false (default)
2023-03-14 08:39:12,065 [s0@group-D228F8B5DB78-FollowerState] INFO  server.RaftServerConfigKeys (ConfUtils.java:logFallback(53)) - raft.server.rpc.first-election.timeout.max = 300ms (fallback to raft.server.rpc.timeout.max)
2023-03-14 08:39:12,065 [Time-limited test] INFO  server.RaftServer (RaftServerProxy.java:startImpl(401)) - s0: start RPC server
2023-03-14 08:39:12,065 [Time-limited test] INFO  server.GrpcService (GrpcService.java:startImpl(302)) - s0: GrpcService started, listening on 36257
2023-03-14 08:39:12,065 [Time-limited test] INFO  server.GrpcService (GrpcService.java:startImpl(302)) - s0: GrpcService started, listening on 41583
2023-03-14 08:39:12,066 [Time-limited test] INFO  server.GrpcService (GrpcService.java:startImpl(302)) - s0: GrpcService started, listening on 33921
2023-03-14 08:39:12,066 [s1-impl-thread1] INFO  server.RaftServerConfigKeys (ConfUtils.java:logGet(46)) - raft.server.storage.free-space.min = 0MB (=0) (default)
2023-03-14 08:39:12,066 [s1-impl-thread1] INFO  server.RaftServerConfigKeys (ConfUtils.java:logGet(46)) - raft.server.log.corruption.policy = EXCEPTION (default)
2023-03-14 08:39:12,066 [s1-impl-thread1] INFO  server.RaftServerConfigKeys (ConfUtils.java:logGet(46)) - raft.server.storage.dir = [/home/runner/work/ratis/ratis/ratis-test/target/test/data/be523d36/MiniRaftClusterWithGrpc246a2cf1/s1] (custom)
2023-03-14 08:39:12,066 [s1-impl-thread1] INFO  storage.RaftStorageDirectory (RaftStorageDirectoryImpl.java:analyzeStorage(138)) - The storage directory /home/runner/work/ratis/ratis/ratis-test/target/test/data/be523d36/MiniRaftClusterWithGrpc246a2cf1/s1/8dbbff9b-5025-47c3-bb87-d228f8b5db78 does not exist. Creating ...
2023-03-14 08:39:12,066 [s1-impl-thread1] TRACE util.FileUtils (LogUtils.java:runAndLog(49)) - Successfully ran Files.createDirectories /home/runner/work/ratis/ratis/ratis-test/target/test/data/be523d36/MiniRaftClusterWithGrpc246a2cf1/s1/8dbbff9b-5025-47c3-bb87-d228f8b5db78
2023-03-14 08:39:12,066 [JvmPauseMonitor63] INFO  util.JvmPauseMonitor (JvmPauseMonitor.java:run(103)) - JvmPauseMonitor-s0: Started
2023-03-14 08:39:12,067 [s1-impl-thread1] INFO  storage.RaftStorageDirectory (RaftStorageDirectoryImpl.java:tryLock(232)) - Lock on /home/runner/work/ratis/ratis/ratis-test/target/test/data/be523d36/MiniRaftClusterWithGrpc246a2cf1/s1/8dbbff9b-5025-47c3-bb87-d228f8b5db78/in_use.lock acquired by nodename 10435@fv-az41-628
2023-03-14 08:39:12,067 [s1-impl-thread1] TRACE util.FileUtils (LogUtils.java:runAndLog(49)) - Successfully ran Files.createDirectories /home/runner/work/ratis/ratis/ratis-test/target/test/data/be523d36/MiniRaftClusterWithGrpc246a2cf1/s1/8dbbff9b-5025-47c3-bb87-d228f8b5db78/current
2023-03-14 08:39:12,067 [s1-impl-thread1] TRACE util.FileUtils (LogUtils.java:runAndLog(49)) - Successfully ran Files.createDirectories /home/runner/work/ratis/ratis/ratis-test/target/test/data/be523d36/MiniRaftClusterWithGrpc246a2cf1/s1/8dbbff9b-5025-47c3-bb87-d228f8b5db78/sm
2023-03-14 08:39:12,068 [s1-impl-thread1] INFO  storage.RaftStorage (RaftStorageImpl.java:format(96)) - Storage directory /home/runner/work/ratis/ratis/ratis-test/target/test/data/be523d36/MiniRaftClusterWithGrpc246a2cf1/s1/8dbbff9b-5025-47c3-bb87-d228f8b5db78 has been successfully formatted.
2023-03-14 08:39:12,068 [s1-impl-thread1] INFO  server.RaftServerConfigKeys (ConfUtils.java:logGet(46)) - raft.server.log.use.memory = false (default)
2023-03-14 08:39:12,068 [s1-impl-thread1] INFO  server.RaftServerConfigKeys (ConfUtils.java:logGet(46)) - raft.server.log.purge.gap = 1024 (default)
2023-03-14 08:39:12,068 [s1-impl-thread1] INFO  server.RaftServerConfigKeys (ConfUtils.java:logGet(46)) - raft.server.log.appender.buffer.byte-limit = 4MB (=4194304) (default)
2023-03-14 08:39:12,068 [s1-impl-thread1] INFO  server.RaftServerConfigKeys (ConfUtils.java:logGet(46)) - raft.server.log.statemachine.data.read.timeout = 1000ms (default)
2023-03-14 08:39:12,068 [s1-impl-thread1] INFO  server.RaftServerConfigKeys (ConfUtils.java:logGet(46)) - raft.server.log.purge.preservation.log.num = 0 (default)
2023-03-14 08:39:12,068 [s1-impl-thread1] INFO  server.RaftServerConfigKeys (ConfUtils.java:logGet(46)) - raft.server.log.segment.size.max = 8MB (=8388608) (default)
2023-03-14 08:39:12,068 [s1-impl-thread1] INFO  server.RaftServerConfigKeys (ConfUtils.java:logGet(46)) - raft.server.log.segment.cache.num.max = 6 (default)
2023-03-14 08:39:12,068 [s1-impl-thread1] INFO  server.RaftServerConfigKeys (ConfUtils.java:logGet(46)) - raft.server.log.segment.cache.size.max = 200MB (=209715200) (default)
2023-03-14 08:39:12,068 [s1-impl-thread1] INFO  server.RaftServerConfigKeys (ConfUtils.java:logGet(46)) - raft.server.log.appender.buffer.byte-limit = 4MB (=4194304) (default)
2023-03-14 08:39:12,068 [s1-impl-thread1] INFO  segmented.SegmentedRaftLogWorker (SegmentedRaftLogWorker.java:<init>(183)) - new s1@group-D228F8B5DB78-SegmentedRaftLogWorker for RaftStorageImpl:Storage Directory /home/runner/work/ratis/ratis/ratis-test/target/test/data/be523d36/MiniRaftClusterWithGrpc246a2cf1/s1/8dbbff9b-5025-47c3-bb87-d228f8b5db78
2023-03-14 08:39:12,068 [s1-impl-thread1] INFO  server.RaftServerConfigKeys (ConfUtils.java:logGet(46)) - raft.server.log.queue.byte-limit = 64MB (=67108864) (default)
2023-03-14 08:39:12,068 [s1-impl-thread1] INFO  server.RaftServerConfigKeys (ConfUtils.java:logGet(46)) - raft.server.log.queue.element-limit = 4096 (default)
2023-03-14 08:39:12,068 [s1-impl-thread1] INFO  server.RaftServerConfigKeys (ConfUtils.java:logGet(46)) - raft.server.log.segment.size.max = 8MB (=8388608) (default)
2023-03-14 08:39:12,069 [s1-impl-thread1] INFO  server.RaftServerConfigKeys (ConfUtils.java:logGet(46)) - raft.server.log.preallocated.size = 4MB (=4194304) (default)
2023-03-14 08:39:12,069 [s1-impl-thread1] INFO  server.RaftServerConfigKeys (ConfUtils.java:logGet(46)) - raft.server.log.force.sync.num = 128 (default)
2023-03-14 08:39:12,069 [s1-impl-thread1] INFO  server.RaftServerConfigKeys (ConfUtils.java:logGet(46)) - raft.server.log.statemachine.data.sync = true (default)
2023-03-14 08:39:12,069 [s1-impl-thread1] INFO  server.RaftServerConfigKeys (ConfUtils.java:logGet(46)) - raft.server.log.statemachine.data.sync.timeout = 10s (default)
2023-03-14 08:39:12,069 [s1-impl-thread1] INFO  server.RaftServerConfigKeys (ConfUtils.java:logGet(46)) - raft.server.log.statemachine.data.sync.timeout.retry = -1 (default)
2023-03-14 08:39:12,069 [s1-impl-thread1] INFO  server.RaftServerConfigKeys (ConfUtils.java:logGet(46)) - raft.server.log.write.buffer.size = 64KB (=65536) (default)
2023-03-14 08:39:12,069 [s1-impl-thread1] INFO  server.RaftServerConfigKeys (ConfUtils.java:logGet(46)) - raft.server.log.appender.buffer.byte-limit = 4MB (=4194304) (default)
2023-03-14 08:39:12,069 [s1-impl-thread1] INFO  server.RaftServerConfigKeys (ConfUtils.java:logGet(46)) - raft.server.log.unsafe-flush.enabled = false (default)
2023-03-14 08:39:12,069 [s1-impl-thread1] INFO  server.RaftServerConfigKeys (ConfUtils.java:logGet(46)) - raft.server.log.async-flush.enabled = false (default)
2023-03-14 08:39:12,069 [s1-impl-thread1] INFO  server.RaftServerConfigKeys (ConfUtils.java:logGet(46)) - raft.server.log.statemachine.data.caching.enabled = false (default)
2023-03-14 08:39:12,069 [s1-impl-thread1] INFO  segmented.SegmentedRaftLogWorker (SegmentedRaftLogWorker.java:lambda$new$0(134)) - s1@group-D228F8B5DB78-SegmentedRaftLogWorker: flushIndex: setUnconditionally 0 -> -1
2023-03-14 08:39:12,069 [s1-impl-thread1] INFO  segmented.SegmentedRaftLogWorker (SegmentedRaftLogWorker.java:lambda$new$0(134)) - s1@group-D228F8B5DB78-SegmentedRaftLogWorker: safeCacheEvictIndex: setUnconditionally 0 -> -1
2023-03-14 08:39:12,069 [s1-impl-thread1] INFO  server.RaftServer$Division (RaftServerImpl.java:start(342)) - s1@group-D228F8B5DB78: start as a follower, conf=-1: peers:[s0|rpc:localhost:41583|admin:localhost:33921|client:localhost:36257|dataStream:localhost:36865|priority:0|startupRole:FOLLOWER, s1|rpc:localhost:33527|admin:localhost:45333|client:localhost:40903|dataStream:localhost:39123|priority:0|startupRole:FOLLOWER, s2|rpc:localhost:33759|admin:localhost:36757|client:localhost:34851|dataStream:localhost:37251|priority:0|startupRole:FOLLOWER]|listeners:[], old=null
2023-03-14 08:39:12,069 [s1-impl-thread1] INFO  server.RaftServer$Division (RaftServerImpl.java:setRole(329)) - s1@group-D228F8B5DB78: changes role from      null to FOLLOWER at term 0 for startAsFollower
2023-03-14 08:39:12,070 [s1-impl-thread1] INFO  impl.RoleInfo (RoleInfo.java:updateAndGet(139)) - s1: start s1@group-D228F8B5DB78-FollowerState
2023-03-14 08:39:12,070 [s1-impl-thread1] INFO  util.JmxRegister (JmxRegister.java:tryRegister(44)) - Successfully registered JMX Bean with object name Ratis:service=RaftServer,group=group-D228F8B5DB78,id=s1
2023-03-14 08:39:12,070 [s1-impl-thread1] INFO  server.RaftServerConfigKeys (ConfUtils.java:logGet(46)) - raft.server.snapshot.auto.trigger.enabled = false (default)
2023-03-14 08:39:12,070 [s1-impl-thread1] INFO  server.RaftServerConfigKeys (ConfUtils.java:logGet(46)) - raft.server.snapshot.retention.file.num = -1 (default)
2023-03-14 08:39:12,070 [s1-impl-thread1] INFO  server.RaftServerConfigKeys (ConfUtils.java:logGet(46)) - raft.server.log.purge.upto.snapshot.index = false (default)
2023-03-14 08:39:12,070 [Time-limited test] INFO  server.RaftServer (RaftServerProxy.java:startImpl(401)) - s1: start RPC server
2023-03-14 08:39:12,070 [Time-limited test] INFO  server.GrpcService (GrpcService.java:startImpl(302)) - s1: GrpcService started, listening on 40903
2023-03-14 08:39:12,070 [Time-limited test] INFO  server.GrpcService (GrpcService.java:startImpl(302)) - s1: GrpcService started, listening on 33527
2023-03-14 08:39:12,070 [Time-limited test] INFO  server.GrpcService (GrpcService.java:startImpl(302)) - s1: GrpcService started, listening on 45333
2023-03-14 08:39:12,071 [s2-impl-thread1] INFO  server.RaftServerConfigKeys (ConfUtils.java:logGet(46)) - raft.server.storage.free-space.min = 0MB (=0) (default)
2023-03-14 08:39:12,071 [s2-impl-thread1] INFO  server.RaftServerConfigKeys (ConfUtils.java:logGet(46)) - raft.server.log.corruption.policy = EXCEPTION (default)
2023-03-14 08:39:12,071 [s2-impl-thread1] INFO  server.RaftServerConfigKeys (ConfUtils.java:logGet(46)) - raft.server.storage.dir = [/home/runner/work/ratis/ratis/ratis-test/target/test/data/be523d36/MiniRaftClusterWithGrpc246a2cf1/s2] (custom)
2023-03-14 08:39:12,071 [s2-impl-thread1] INFO  storage.RaftStorageDirectory (RaftStorageDirectoryImpl.java:analyzeStorage(138)) - The storage directory /home/runner/work/ratis/ratis/ratis-test/target/test/data/be523d36/MiniRaftClusterWithGrpc246a2cf1/s2/8dbbff9b-5025-47c3-bb87-d228f8b5db78 does not exist. Creating ...
2023-03-14 08:39:12,071 [s2-impl-thread1] TRACE util.FileUtils (LogUtils.java:runAndLog(49)) - Successfully ran Files.createDirectories /home/runner/work/ratis/ratis/ratis-test/target/test/data/be523d36/MiniRaftClusterWithGrpc246a2cf1/s2/8dbbff9b-5025-47c3-bb87-d228f8b5db78
2023-03-14 08:39:12,072 [s1@group-D228F8B5DB78-FollowerState] INFO  server.RaftServerConfigKeys (ConfUtils.java:logFallback(53)) - raft.server.rpc.first-election.timeout.min = 150ms (fallback to raft.server.rpc.timeout.min)
2023-03-14 08:39:12,072 [s1@group-D228F8B5DB78-FollowerState] INFO  server.RaftServerConfigKeys (ConfUtils.java:logFallback(53)) - raft.server.rpc.first-election.timeout.max = 300ms (fallback to raft.server.rpc.timeout.max)
2023-03-14 08:39:12,072 [JvmPauseMonitor64] INFO  util.JvmPauseMonitor (JvmPauseMonitor.java:run(103)) - JvmPauseMonitor-s1: Started
2023-03-14 08:39:12,072 [s2-impl-thread1] INFO  storage.RaftStorageDirectory (RaftStorageDirectoryImpl.java:tryLock(232)) - Lock on /home/runner/work/ratis/ratis/ratis-test/target/test/data/be523d36/MiniRaftClusterWithGrpc246a2cf1/s2/8dbbff9b-5025-47c3-bb87-d228f8b5db78/in_use.lock acquired by nodename 10435@fv-az41-628
2023-03-14 08:39:12,072 [s2-impl-thread1] TRACE util.FileUtils (LogUtils.java:runAndLog(49)) - Successfully ran Files.createDirectories /home/runner/work/ratis/ratis/ratis-test/target/test/data/be523d36/MiniRaftClusterWithGrpc246a2cf1/s2/8dbbff9b-5025-47c3-bb87-d228f8b5db78/current
2023-03-14 08:39:12,073 [s2-impl-thread1] TRACE util.FileUtils (LogUtils.java:runAndLog(49)) - Successfully ran Files.createDirectories /home/runner/work/ratis/ratis/ratis-test/target/test/data/be523d36/MiniRaftClusterWithGrpc246a2cf1/s2/8dbbff9b-5025-47c3-bb87-d228f8b5db78/sm
2023-03-14 08:39:12,073 [s2-impl-thread1] INFO  storage.RaftStorage (RaftStorageImpl.java:format(96)) - Storage directory /home/runner/work/ratis/ratis/ratis-test/target/test/data/be523d36/MiniRaftClusterWithGrpc246a2cf1/s2/8dbbff9b-5025-47c3-bb87-d228f8b5db78 has been successfully formatted.
2023-03-14 08:39:12,073 [s2-impl-thread1] INFO  server.RaftServerConfigKeys (ConfUtils.java:logGet(46)) - raft.server.log.use.memory = false (default)
2023-03-14 08:39:12,073 [s2-impl-thread1] INFO  server.RaftServerConfigKeys (ConfUtils.java:logGet(46)) - raft.server.log.purge.gap = 1024 (default)
2023-03-14 08:39:12,073 [s2-impl-thread1] INFO  server.RaftServerConfigKeys (ConfUtils.java:logGet(46)) - raft.server.log.appender.buffer.byte-limit = 4MB (=4194304) (default)
2023-03-14 08:39:12,073 [s2-impl-thread1] INFO  server.RaftServerConfigKeys (ConfUtils.java:logGet(46)) - raft.server.log.statemachine.data.read.timeout = 1000ms (default)
2023-03-14 08:39:12,073 [s2-impl-thread1] INFO  server.RaftServerConfigKeys (ConfUtils.java:logGet(46)) - raft.server.log.purge.preservation.log.num = 0 (default)
2023-03-14 08:39:12,074 [s2-impl-thread1] INFO  server.RaftServerConfigKeys (ConfUtils.java:logGet(46)) - raft.server.log.segment.size.max = 8MB (=8388608) (default)
2023-03-14 08:39:12,074 [s2-impl-thread1] INFO  server.RaftServerConfigKeys (ConfUtils.java:logGet(46)) - raft.server.log.segment.cache.num.max = 6 (default)
2023-03-14 08:39:12,074 [s2-impl-thread1] INFO  server.RaftServerConfigKeys (ConfUtils.java:logGet(46)) - raft.server.log.segment.cache.size.max = 200MB (=209715200) (default)
2023-03-14 08:39:12,074 [s2-impl-thread1] INFO  server.RaftServerConfigKeys (ConfUtils.java:logGet(46)) - raft.server.log.appender.buffer.byte-limit = 4MB (=4194304) (default)
2023-03-14 08:39:12,074 [s2-impl-thread1] INFO  segmented.SegmentedRaftLogWorker (SegmentedRaftLogWorker.java:<init>(183)) - new s2@group-D228F8B5DB78-SegmentedRaftLogWorker for RaftStorageImpl:Storage Directory /home/runner/work/ratis/ratis/ratis-test/target/test/data/be523d36/MiniRaftClusterWithGrpc246a2cf1/s2/8dbbff9b-5025-47c3-bb87-d228f8b5db78
2023-03-14 08:39:12,074 [s2-impl-thread1] INFO  server.RaftServerConfigKeys (ConfUtils.java:logGet(46)) - raft.server.log.queue.byte-limit = 64MB (=67108864) (default)
2023-03-14 08:39:12,074 [s2-impl-thread1] INFO  server.RaftServerConfigKeys (ConfUtils.java:logGet(46)) - raft.server.log.queue.element-limit = 4096 (default)
2023-03-14 08:39:12,074 [s2-impl-thread1] INFO  server.RaftServerConfigKeys (ConfUtils.java:logGet(46)) - raft.server.log.segment.size.max = 8MB (=8388608) (default)
2023-03-14 08:39:12,074 [s2-impl-thread1] INFO  server.RaftServerConfigKeys (ConfUtils.java:logGet(46)) - raft.server.log.preallocated.size = 4MB (=4194304) (default)
2023-03-14 08:39:12,074 [s2-impl-thread1] INFO  server.RaftServerConfigKeys (ConfUtils.java:logGet(46)) - raft.server.log.force.sync.num = 128 (default)
2023-03-14 08:39:12,074 [s2-impl-thread1] INFO  server.RaftServerConfigKeys (ConfUtils.java:logGet(46)) - raft.server.log.statemachine.data.sync = true (default)
2023-03-14 08:39:12,074 [s2-impl-thread1] INFO  server.RaftServerConfigKeys (ConfUtils.java:logGet(46)) - raft.server.log.statemachine.data.sync.timeout = 10s (default)
2023-03-14 08:39:12,074 [s2-impl-thread1] INFO  server.RaftServerConfigKeys (ConfUtils.java:logGet(46)) - raft.server.log.statemachine.data.sync.timeout.retry = -1 (default)
2023-03-14 08:39:12,074 [s2-impl-thread1] INFO  server.RaftServerConfigKeys (ConfUtils.java:logGet(46)) - raft.server.log.write.buffer.size = 64KB (=65536) (default)
2023-03-14 08:39:12,074 [s2-impl-thread1] INFO  server.RaftServerConfigKeys (ConfUtils.java:logGet(46)) - raft.server.log.appender.buffer.byte-limit = 4MB (=4194304) (default)
2023-03-14 08:39:12,074 [s2-impl-thread1] INFO  server.RaftServerConfigKeys (ConfUtils.java:logGet(46)) - raft.server.log.unsafe-flush.enabled = false (default)
2023-03-14 08:39:12,074 [s2-impl-thread1] INFO  server.RaftServerConfigKeys (ConfUtils.java:logGet(46)) - raft.server.log.async-flush.enabled = false (default)
2023-03-14 08:39:12,075 [s2-impl-thread1] INFO  server.RaftServerConfigKeys (ConfUtils.java:logGet(46)) - raft.server.log.statemachine.data.caching.enabled = false (default)
2023-03-14 08:39:12,075 [s2-impl-thread1] INFO  segmented.SegmentedRaftLogWorker (SegmentedRaftLogWorker.java:lambda$new$0(134)) - s2@group-D228F8B5DB78-SegmentedRaftLogWorker: flushIndex: setUnconditionally 0 -> -1
2023-03-14 08:39:12,075 [s2-impl-thread1] INFO  segmented.SegmentedRaftLogWorker (SegmentedRaftLogWorker.java:lambda$new$0(134)) - s2@group-D228F8B5DB78-SegmentedRaftLogWorker: safeCacheEvictIndex: setUnconditionally 0 -> -1
2023-03-14 08:39:12,075 [s2-impl-thread1] INFO  server.RaftServer$Division (RaftServerImpl.java:start(342)) - s2@group-D228F8B5DB78: start as a follower, conf=-1: peers:[s0|rpc:localhost:41583|admin:localhost:33921|client:localhost:36257|dataStream:localhost:36865|priority:0|startupRole:FOLLOWER, s1|rpc:localhost:33527|admin:localhost:45333|client:localhost:40903|dataStream:localhost:39123|priority:0|startupRole:FOLLOWER, s2|rpc:localhost:33759|admin:localhost:36757|client:localhost:34851|dataStream:localhost:37251|priority:0|startupRole:FOLLOWER]|listeners:[], old=null
2023-03-14 08:39:12,075 [s2-impl-thread1] INFO  server.RaftServer$Division (RaftServerImpl.java:setRole(329)) - s2@group-D228F8B5DB78: changes role from      null to FOLLOWER at term 0 for startAsFollower
2023-03-14 08:39:12,075 [s2-impl-thread1] INFO  impl.RoleInfo (RoleInfo.java:updateAndGet(139)) - s2: start s2@group-D228F8B5DB78-FollowerState
2023-03-14 08:39:12,075 [s2-impl-thread1] INFO  util.JmxRegister (JmxRegister.java:tryRegister(44)) - Successfully registered JMX Bean with object name Ratis:service=RaftServer,group=group-D228F8B5DB78,id=s2
2023-03-14 08:39:12,075 [s2-impl-thread1] INFO  server.RaftServerConfigKeys (ConfUtils.java:logGet(46)) - raft.server.snapshot.auto.trigger.enabled = false (default)
2023-03-14 08:39:12,075 [s2-impl-thread1] INFO  server.RaftServerConfigKeys (ConfUtils.java:logGet(46)) - raft.server.snapshot.retention.file.num = -1 (default)
2023-03-14 08:39:12,075 [s2-impl-thread1] INFO  server.RaftServerConfigKeys (ConfUtils.java:logGet(46)) - raft.server.log.purge.upto.snapshot.index = false (default)
2023-03-14 08:39:12,075 [s2@group-D228F8B5DB78-FollowerState] INFO  server.RaftServerConfigKeys (ConfUtils.java:logFallback(53)) - raft.server.rpc.first-election.timeout.min = 150ms (fallback to raft.server.rpc.timeout.min)
2023-03-14 08:39:12,075 [s2@group-D228F8B5DB78-FollowerState] INFO  server.RaftServerConfigKeys (ConfUtils.java:logFallback(53)) - raft.server.rpc.first-election.timeout.max = 300ms (fallback to raft.server.rpc.timeout.max)
2023-03-14 08:39:12,076 [Time-limited test] INFO  server.RaftServer (RaftServerProxy.java:startImpl(401)) - s2: start RPC server
2023-03-14 08:39:12,076 [Time-limited test] INFO  server.GrpcService (GrpcService.java:startImpl(302)) - s2: GrpcService started, listening on 34851
2023-03-14 08:39:12,076 [Time-limited test] INFO  server.GrpcService (GrpcService.java:startImpl(302)) - s2: GrpcService started, listening on 33759
2023-03-14 08:39:12,076 [Time-limited test] INFO  server.GrpcService (GrpcService.java:startImpl(302)) - s2: GrpcService started, listening on 36757
2023-03-14 08:39:12,076 [JvmPauseMonitor65] INFO  util.JvmPauseMonitor (JvmPauseMonitor.java:run(103)) - JvmPauseMonitor-s2: Started
2023-03-14 08:39:12,077 [Time-limited test] INFO  server.RaftServerConfigKeys (ConfUtils.java:logGet(46)) - raft.server.rpc.timeout.max = 300ms (default)
2023-03-14 08:39:12,077 [Time-limited test] INFO  ratis.RaftTestUtil (RaftTestUtil.java:waitForLeader(100)) - printing ALL groups
  s0:  RUNNING  FOLLOWER s0@group-D228F8B5DB78:t0, leader=null, voted=, raftlog=Memoized:s0@group-D228F8B5DB78-SegmentedRaftLog:OPENED:c-1, conf=-1: peers:[s0|rpc:localhost:41583|admin:localhost:33921|client:localhost:36257|dataStream:localhost:36865|priority:0|startupRole:FOLLOWER, s1|rpc:localhost:33527|admin:localhost:45333|client:localhost:40903|dataStream:localhost:39123|priority:0|startupRole:FOLLOWER, s2|rpc:localhost:33759|admin:localhost:36757|client:localhost:34851|dataStream:localhost:37251|priority:0|startupRole:FOLLOWER]|listeners:[], old=null RUNNING
  s1:  RUNNING  FOLLOWER s1@group-D228F8B5DB78:t0, leader=null, voted=, raftlog=Memoized:s1@group-D228F8B5DB78-SegmentedRaftLog:OPENED:c-1, conf=-1: peers:[s0|rpc:localhost:41583|admin:localhost:33921|client:localhost:36257|dataStream:localhost:36865|priority:0|startupRole:FOLLOWER, s1|rpc:localhost:33527|admin:localhost:45333|client:localhost:40903|dataStream:localhost:39123|priority:0|startupRole:FOLLOWER, s2|rpc:localhost:33759|admin:localhost:36757|client:localhost:34851|dataStream:localhost:37251|priority:0|startupRole:FOLLOWER]|listeners:[], old=null RUNNING
  s2:  RUNNING  FOLLOWER s2@group-D228F8B5DB78:t0, leader=null, voted=, raftlog=Memoized:s2@group-D228F8B5DB78-SegmentedRaftLog:OPENED:c-1, conf=-1: peers:[s0|rpc:localhost:41583|admin:localhost:33921|client:localhost:36257|dataStream:localhost:36865|priority:0|startupRole:FOLLOWER, s1|rpc:localhost:33527|admin:localhost:45333|client:localhost:40903|dataStream:localhost:39123|priority:0|startupRole:FOLLOWER, s2|rpc:localhost:33759|admin:localhost:36757|client:localhost:34851|dataStream:localhost:37251|priority:0|startupRole:FOLLOWER]|listeners:[], old=null RUNNING
2023-03-14 08:39:12,077 [Time-limited test] WARN  ratis.RaftTestUtil (JavaUtils.java:attempt(217)) - FAILED "waitForLeader-null-(expectLeader? true)", attempt #1/100: java.lang.IllegalStateException: No leader yet : printing ALL groups
  s0:  RUNNING  FOLLOWER s0@group-D228F8B5DB78:t0, leader=null, voted=, raftlog=Memoized:s0@group-D228F8B5DB78-SegmentedRaftLog:OPENED:c-1, conf=-1: peers:[s0|rpc:localhost:41583|admin:localhost:33921|client:localhost:36257|dataStream:localhost:36865|priority:0|startupRole:FOLLOWER, s1|rpc:localhost:33527|admin:localhost:45333|client:localhost:40903|dataStream:localhost:39123|priority:0|startupRole:FOLLOWER, s2|rpc:localhost:33759|admin:localhost:36757|client:localhost:34851|dataStream:localhost:37251|priority:0|startupRole:FOLLOWER]|listeners:[], old=null RUNNING
  s1:  RUNNING  FOLLOWER s1@group-D228F8B5DB78:t0, leader=null, voted=, raftlog=Memoized:s1@group-D228F8B5DB78-SegmentedRaftLog:OPENED:c-1, conf=-1: peers:[s0|rpc:localhost:41583|admin:localhost:33921|client:localhost:36257|dataStream:localhost:36865|priority:0|startupRole:FOLLOWER, s1|rpc:localhost:33527|admin:localhost:45333|client:localhost:40903|dataStream:localhost:39123|priority:0|startupRole:FOLLOWER, s2|rpc:localhost:33759|admin:localhost:36757|client:localhost:34851|dataStream:localhost:37251|priority:0|startupRole:FOLLOWER]|listeners:[], old=null RUNNING
  s2:  RUNNING  FOLLOWER s2@group-D228F8B5DB78:t0, leader=null, voted=, raftlog=Memoized:s2@group-D228F8B5DB78-SegmentedRaftLog:OPENED:c-1, conf=-1: peers:[s0|rpc:localhost:41583|admin:localhost:33921|client:localhost:36257|dataStream:localhost:36865|priority:0|startupRole:FOLLOWER, s1|rpc:localhost:33527|admin:localhost:45333|client:localhost:40903|dataStream:localhost:39123|priority:0|startupRole:FOLLOWER, s2|rpc:localhost:33759|admin:localhost:36757|client:localhost:34851|dataStream:localhost:37251|priority:0|startupRole:FOLLOWER]|listeners:[], old=null RUNNING, sleep 450ms and then retry.
java.lang.IllegalStateException: No leader yet : printing ALL groups
  s0:  RUNNING  FOLLOWER s0@group-D228F8B5DB78:t0, leader=null, voted=, raftlog=Memoized:s0@group-D228F8B5DB78-SegmentedRaftLog:OPENED:c-1, conf=-1: peers:[s0|rpc:localhost:41583|admin:localhost:33921|client:localhost:36257|dataStream:localhost:36865|priority:0|startupRole:FOLLOWER, s1|rpc:localhost:33527|admin:localhost:45333|client:localhost:40903|dataStream:localhost:39123|priority:0|startupRole:FOLLOWER, s2|rpc:localhost:33759|admin:localhost:36757|client:localhost:34851|dataStream:localhost:37251|priority:0|startupRole:FOLLOWER]|listeners:[], old=null RUNNING
  s1:  RUNNING  FOLLOWER s1@group-D228F8B5DB78:t0, leader=null, voted=, raftlog=Memoized:s1@group-D228F8B5DB78-SegmentedRaftLog:OPENED:c-1, conf=-1: peers:[s0|rpc:localhost:41583|admin:localhost:33921|client:localhost:36257|dataStream:localhost:36865|priority:0|startupRole:FOLLOWER, s1|rpc:localhost:33527|admin:localhost:45333|client:localhost:40903|dataStream:localhost:39123|priority:0|startupRole:FOLLOWER, s2|rpc:localhost:33759|admin:localhost:36757|client:localhost:34851|dataStream:localhost:37251|priority:0|startupRole:FOLLOWER]|listeners:[], old=null RUNNING
  s2:  RUNNING  FOLLOWER s2@group-D228F8B5DB78:t0, leader=null, voted=, raftlog=Memoized:s2@group-D228F8B5DB78-SegmentedRaftLog:OPENED:c-1, conf=-1: peers:[s0|rpc:localhost:41583|admin:localhost:33921|client:localhost:36257|dataStream:localhost:36865|priority:0|startupRole:FOLLOWER, s1|rpc:localhost:33527|admin:localhost:45333|client:localhost:40903|dataStream:localhost:39123|priority:0|startupRole:FOLLOWER, s2|rpc:localhost:33759|admin:localhost:36757|client:localhost:34851|dataStream:localhost:37251|priority:0|startupRole:FOLLOWER]|listeners:[], old=null RUNNING
	at org.apache.ratis.server.impl.MiniRaftCluster.newIllegalStateExceptionForNoLeaders(MiniRaftCluster.java:581)
	at org.apache.ratis.RaftTestUtil.lambda$waitForLeader$1(RaftTestUtil.java:104)
	at org.apache.ratis.server.impl.MiniRaftCluster.getLeader(MiniRaftCluster.java:615)
	at org.apache.ratis.server.impl.MiniRaftCluster.getLeader(MiniRaftCluster.java:608)
	at org.apache.ratis.RaftTestUtil.lambda$waitForLeader$3(RaftTestUtil.java:112)
	at org.apache.ratis.util.JavaUtils.attempt(JavaUtils.java:211)
	at org.apache.ratis.util.JavaUtils.attemptRepeatedly(JavaUtils.java:197)
	at org.apache.ratis.RaftTestUtil.waitForLeader(RaftTestUtil.java:111)
	at org.apache.ratis.RaftTestUtil.waitForLeader(RaftTestUtil.java:92)
	at org.apache.ratis.RaftTestUtil.waitForLeader(RaftTestUtil.java:87)
	at org.apache.ratis.server.impl.RaftReconfigurationBaseTest.runTestReconfTimeout(RaftReconfigurationBaseTest.java:332)
	at org.apache.ratis.server.impl.MiniRaftCluster$Factory$Get.runWithNewCluster(MiniRaftCluster.java:141)
	at org.apache.ratis.server.impl.MiniRaftCluster$Factory$Get.runWithNewCluster(MiniRaftCluster.java:121)
	at org.apache.ratis.server.impl.RaftReconfigurationBaseTest.testReconfTimeout(RaftReconfigurationBaseTest.java:328)
	at java.base/jdk.internal.reflect.NativeMethodAccessorImpl.invoke0(Native Method)
	at java.base/jdk.internal.reflect.NativeMethodAccessorImpl.invoke(NativeMethodAccessorImpl.java:62)
	at java.base/jdk.internal.reflect.DelegatingMethodAccessorImpl.invoke(DelegatingMethodAccessorImpl.java:43)
	at java.base/java.lang.reflect.Method.invoke(Method.java:566)
	at org.junit.runners.model.FrameworkMethod$1.runReflectiveCall(FrameworkMethod.java:59)
	at org.junit.internal.runners.model.ReflectiveCallable.run(ReflectiveCallable.java:12)
	at org.junit.runners.model.FrameworkMethod.invokeExplosively(FrameworkMethod.java:56)
	at org.junit.internal.runners.statements.InvokeMethod.evaluate(InvokeMethod.java:17)
	at org.junit.internal.runners.statements.RunAfters.evaluate(RunAfters.java:27)
	at org.junit.internal.runners.statements.FailOnTimeout$CallableStatement.call(FailOnTimeout.java:299)
	at org.junit.internal.runners.statements.FailOnTimeout$CallableStatement.call(FailOnTimeout.java:293)
	at java.base/java.util.concurrent.FutureTask.run(FutureTask.java:264)
	at java.base/java.lang.Thread.run(Thread.java:829)
2023-03-14 08:39:12,272 [s1@group-D228F8B5DB78-FollowerState] INFO  impl.FollowerState (FollowerState.java:run(143)) - s1@group-D228F8B5DB78-FollowerState: change to CANDIDATE, lastRpcElapsedTime:202467774ns, electionTimeout:200ms
2023-03-14 08:39:12,272 [s1@group-D228F8B5DB78-FollowerState] INFO  impl.RoleInfo (RoleInfo.java:shutdownFollowerState(110)) - s1: shutdown s1@group-D228F8B5DB78-FollowerState
2023-03-14 08:39:12,272 [s1@group-D228F8B5DB78-FollowerState] INFO  server.RaftServer$Division (RaftServerImpl.java:setRole(329)) - s1@group-D228F8B5DB78: changes role from  FOLLOWER to CANDIDATE at term 0 for changeToCandidate
2023-03-14 08:39:12,272 [s1@group-D228F8B5DB78-FollowerState] INFO  server.RaftServerConfigKeys (ConfUtils.java:logGet(46)) - raft.server.leaderelection.pre-vote = true (default)
2023-03-14 08:39:12,272 [s1@group-D228F8B5DB78-FollowerState] INFO  impl.RoleInfo (RoleInfo.java:updateAndGet(139)) - s1: start s1@group-D228F8B5DB78-LeaderElection49
2023-03-14 08:39:12,272 [s1@group-D228F8B5DB78-LeaderElection49] INFO  impl.LeaderElection (LeaderElection.java:askForVotes(320)) - s1@group-D228F8B5DB78-LeaderElection49 PRE_VOTE round 0: submit vote requests at term 0 for -1: peers:[s0|rpc:localhost:41583|admin:localhost:33921|client:localhost:36257|dataStream:localhost:36865|priority:0|startupRole:FOLLOWER, s1|rpc:localhost:33527|admin:localhost:45333|client:localhost:40903|dataStream:localhost:39123|priority:0|startupRole:FOLLOWER, s2|rpc:localhost:33759|admin:localhost:36757|client:localhost:34851|dataStream:localhost:37251|priority:0|startupRole:FOLLOWER]|listeners:[], old=null
2023-03-14 08:39:12,273 [s1@group-D228F8B5DB78-LeaderElection49-1] INFO  server.GrpcServerProtocolClient (GrpcServerProtocolClient.java:<init>(64)) - Build channel for s0
2023-03-14 08:39:12,273 [s1@group-D228F8B5DB78-LeaderElection49] INFO  server.RaftServerConfigKeys (ConfUtils.java:logFallback(53)) - raft.server.rpc.first-election.timeout.min = 150ms (fallback to raft.server.rpc.timeout.min)
2023-03-14 08:39:12,273 [s1@group-D228F8B5DB78-LeaderElection49] INFO  server.RaftServerConfigKeys (ConfUtils.java:logFallback(53)) - raft.server.rpc.first-election.timeout.max = 300ms (fallback to raft.server.rpc.timeout.max)
2023-03-14 08:39:12,273 [s1@group-D228F8B5DB78-LeaderElection49-2] INFO  server.GrpcServerProtocolClient (GrpcServerProtocolClient.java:<init>(64)) - Build channel for s2
2023-03-14 08:39:12,276 [grpc-default-executor-1] INFO  server.RaftServer$Division (RaftServerImpl.java:requestVote(1303)) - s2@group-D228F8B5DB78: receive requestVote(PRE_VOTE, s1, group-D228F8B5DB78, 0, (t:0, i:0))
2023-03-14 08:39:12,276 [grpc-default-executor-1] INFO  impl.VoteContext (VoteContext.java:log(49)) - s2@group-D228F8B5DB78-FOLLOWER: accept PRE_VOTE from s1: our priority 0 <= candidate's priority 0
2023-03-14 08:39:12,276 [grpc-default-executor-1] INFO  server.RaftServer$Division (RaftServerImpl.java:requestVote(1336)) - s2@group-D228F8B5DB78 replies to PRE_VOTE vote request: s1<-s2#0:OK-t0. Peer's state: s2@group-D228F8B5DB78:t0, leader=null, voted=, raftlog=Memoized:s2@group-D228F8B5DB78-SegmentedRaftLog:OPENED:c-1, conf=-1: peers:[s0|rpc:localhost:41583|admin:localhost:33921|client:localhost:36257|dataStream:localhost:36865|priority:0|startupRole:FOLLOWER, s1|rpc:localhost:33527|admin:localhost:45333|client:localhost:40903|dataStream:localhost:39123|priority:0|startupRole:FOLLOWER, s2|rpc:localhost:33759|admin:localhost:36757|client:localhost:34851|dataStream:localhost:37251|priority:0|startupRole:FOLLOWER]|listeners:[], old=null
2023-03-14 08:39:12,276 [grpc-default-executor-1] INFO  server.RaftServer$Division (RaftServerImpl.java:requestVote(1303)) - s0@group-D228F8B5DB78: receive requestVote(PRE_VOTE, s1, group-D228F8B5DB78, 0, (t:0, i:0))
2023-03-14 08:39:12,276 [grpc-default-executor-1] INFO  impl.VoteContext (VoteContext.java:log(49)) - s0@group-D228F8B5DB78-FOLLOWER: accept PRE_VOTE from s1: our priority 0 <= candidate's priority 0
2023-03-14 08:39:12,276 [grpc-default-executor-1] INFO  server.RaftServer$Division (RaftServerImpl.java:requestVote(1336)) - s0@group-D228F8B5DB78 replies to PRE_VOTE vote request: s1<-s0#0:OK-t0. Peer's state: s0@group-D228F8B5DB78:t0, leader=null, voted=, raftlog=Memoized:s0@group-D228F8B5DB78-SegmentedRaftLog:OPENED:c-1, conf=-1: peers:[s0|rpc:localhost:41583|admin:localhost:33921|client:localhost:36257|dataStream:localhost:36865|priority:0|startupRole:FOLLOWER, s1|rpc:localhost:33527|admin:localhost:45333|client:localhost:40903|dataStream:localhost:39123|priority:0|startupRole:FOLLOWER, s2|rpc:localhost:33759|admin:localhost:36757|client:localhost:34851|dataStream:localhost:37251|priority:0|startupRole:FOLLOWER]|listeners:[], old=null
2023-03-14 08:39:12,277 [s1@group-D228F8B5DB78-LeaderElection49] INFO  impl.LeaderElection (LeaderElection.java:logAndReturn(89)) - s1@group-D228F8B5DB78-LeaderElection49: PRE_VOTE PASSED received 1 response(s) and 0 exception(s):
2023-03-14 08:39:12,277 [s1@group-D228F8B5DB78-LeaderElection49] INFO  impl.LeaderElection (LeaderElection.java:logAndReturn(93)) -   Response 0: s1<-s2#0:OK-t0
2023-03-14 08:39:12,277 [s1@group-D228F8B5DB78-LeaderElection49] INFO  impl.LeaderElection (LeaderElection.java:askForVotes(322)) - s1@group-D228F8B5DB78-LeaderElection49 PRE_VOTE round 0: result PASSED
2023-03-14 08:39:12,278 [s1@group-D228F8B5DB78-LeaderElection49] INFO  impl.LeaderElection (LeaderElection.java:askForVotes(320)) - s1@group-D228F8B5DB78-LeaderElection49 ELECTION round 0: submit vote requests at term 1 for -1: peers:[s0|rpc:localhost:41583|admin:localhost:33921|client:localhost:36257|dataStream:localhost:36865|priority:0|startupRole:FOLLOWER, s1|rpc:localhost:33527|admin:localhost:45333|client:localhost:40903|dataStream:localhost:39123|priority:0|startupRole:FOLLOWER, s2|rpc:localhost:33759|admin:localhost:36757|client:localhost:34851|dataStream:localhost:37251|priority:0|startupRole:FOLLOWER]|listeners:[], old=null
2023-03-14 08:39:12,278 [s1@group-D228F8B5DB78-LeaderElection49] INFO  server.RaftServerConfigKeys (ConfUtils.java:logFallback(53)) - raft.server.rpc.first-election.timeout.min = 150ms (fallback to raft.server.rpc.timeout.min)
2023-03-14 08:39:12,278 [s1@group-D228F8B5DB78-LeaderElection49] INFO  server.RaftServerConfigKeys (ConfUtils.java:logFallback(53)) - raft.server.rpc.first-election.timeout.max = 300ms (fallback to raft.server.rpc.timeout.max)
2023-03-14 08:39:12,280 [grpc-default-executor-1] INFO  server.RaftServer$Division (RaftServerImpl.java:requestVote(1303)) - s0@group-D228F8B5DB78: receive requestVote(ELECTION, s1, group-D228F8B5DB78, 1, (t:0, i:0))
2023-03-14 08:39:12,280 [grpc-default-executor-1] INFO  impl.VoteContext (VoteContext.java:log(49)) - s0@group-D228F8B5DB78-FOLLOWER: accept ELECTION from s1: our priority 0 <= candidate's priority 0
2023-03-14 08:39:12,280 [grpc-default-executor-1] INFO  server.RaftServer$Division (RaftServerImpl.java:setRole(329)) - s0@group-D228F8B5DB78: changes role from  FOLLOWER to FOLLOWER at term 1 for candidate:s1
2023-03-14 08:39:12,280 [grpc-default-executor-1] INFO  impl.RoleInfo (RoleInfo.java:shutdownFollowerState(110)) - s0: shutdown s0@group-D228F8B5DB78-FollowerState
2023-03-14 08:39:12,280 [grpc-default-executor-1] INFO  impl.RoleInfo (RoleInfo.java:updateAndGet(139)) - s0: start s0@group-D228F8B5DB78-FollowerState
2023-03-14 08:39:12,281 [s0@group-D228F8B5DB78-FollowerState] INFO  server.RaftServerConfigKeys (ConfUtils.java:logFallback(53)) - raft.server.rpc.first-election.timeout.min = 150ms (fallback to raft.server.rpc.timeout.min)
2023-03-14 08:39:12,281 [s0@group-D228F8B5DB78-FollowerState] INFO  server.RaftServerConfigKeys (ConfUtils.java:logFallback(53)) - raft.server.rpc.first-election.timeout.max = 300ms (fallback to raft.server.rpc.timeout.max)
2023-03-14 08:39:12,281 [s0@group-D228F8B5DB78-FollowerState] INFO  impl.FollowerState (FollowerState.java:run(152)) - s0@group-D228F8B5DB78-FollowerState was interrupted
2023-03-14 08:39:12,281 [grpc-default-executor-6] INFO  server.RaftServer$Division (RaftServerImpl.java:requestVote(1303)) - s2@group-D228F8B5DB78: receive requestVote(ELECTION, s1, group-D228F8B5DB78, 1, (t:0, i:0))
2023-03-14 08:39:12,281 [grpc-default-executor-6] INFO  impl.VoteContext (VoteContext.java:log(49)) - s2@group-D228F8B5DB78-FOLLOWER: accept ELECTION from s1: our priority 0 <= candidate's priority 0
2023-03-14 08:39:12,281 [grpc-default-executor-6] INFO  server.RaftServer$Division (RaftServerImpl.java:setRole(329)) - s2@group-D228F8B5DB78: changes role from  FOLLOWER to FOLLOWER at term 1 for candidate:s1
2023-03-14 08:39:12,281 [grpc-default-executor-6] INFO  impl.RoleInfo (RoleInfo.java:shutdownFollowerState(110)) - s2: shutdown s2@group-D228F8B5DB78-FollowerState
2023-03-14 08:39:12,281 [grpc-default-executor-6] INFO  impl.RoleInfo (RoleInfo.java:updateAndGet(139)) - s2: start s2@group-D228F8B5DB78-FollowerState
2023-03-14 08:39:12,281 [s2@group-D228F8B5DB78-FollowerState] INFO  impl.FollowerState (FollowerState.java:run(152)) - s2@group-D228F8B5DB78-FollowerState was interrupted
2023-03-14 08:39:12,281 [grpc-default-executor-1] INFO  server.RaftServer$Division (RaftServerImpl.java:requestVote(1336)) - s0@group-D228F8B5DB78 replies to ELECTION vote request: s1<-s0#0:OK-t1. Peer's state: s0@group-D228F8B5DB78:t1, leader=null, voted=s1, raftlog=Memoized:s0@group-D228F8B5DB78-SegmentedRaftLog:OPENED:c-1, conf=-1: peers:[s0|rpc:localhost:41583|admin:localhost:33921|client:localhost:36257|dataStream:localhost:36865|priority:0|startupRole:FOLLOWER, s1|rpc:localhost:33527|admin:localhost:45333|client:localhost:40903|dataStream:localhost:39123|priority:0|startupRole:FOLLOWER, s2|rpc:localhost:33759|admin:localhost:36757|client:localhost:34851|dataStream:localhost:37251|priority:0|startupRole:FOLLOWER]|listeners:[], old=null
2023-03-14 08:39:12,282 [s1@group-D228F8B5DB78-LeaderElection49] INFO  impl.LeaderElection (LeaderElection.java:logAndReturn(89)) - s1@group-D228F8B5DB78-LeaderElection49: ELECTION PASSED received 1 response(s) and 0 exception(s):
2023-03-14 08:39:12,282 [s1@group-D228F8B5DB78-LeaderElection49] INFO  impl.LeaderElection (LeaderElection.java:logAndReturn(93)) -   Response 0: s1<-s0#0:OK-t1
2023-03-14 08:39:12,282 [s1@group-D228F8B5DB78-LeaderElection49] INFO  impl.LeaderElection (LeaderElection.java:askForVotes(322)) - s1@group-D228F8B5DB78-LeaderElection49 ELECTION round 0: result PASSED
2023-03-14 08:39:12,282 [s1@group-D228F8B5DB78-LeaderElection49] INFO  impl.RoleInfo (RoleInfo.java:shutdownLeaderElection(130)) - s1: shutdown s1@group-D228F8B5DB78-LeaderElection49
2023-03-14 08:39:12,282 [s1@group-D228F8B5DB78-LeaderElection49] INFO  server.RaftServer$Division (RaftServerImpl.java:setRole(329)) - s1@group-D228F8B5DB78: changes role from CANDIDATE to LEADER at term 1 for changeToLeader
2023-03-14 08:39:12,282 [s1@group-D228F8B5DB78-LeaderElection49] INFO  server.RaftServer$Division (ServerState.java:setLeader(260)) - s1@group-D228F8B5DB78: change Leader from null to s1 at term 1 for becomeLeader, leader elected after 225ms
2023-03-14 08:39:12,282 [s1@group-D228F8B5DB78-LeaderElection49] INFO  server.RaftServerConfigKeys (ConfUtils.java:logGet(46)) - raft.server.staging.catchup.gap = 10 (custom)
2023-03-14 08:39:12,282 [s1@group-D228F8B5DB78-LeaderElection49] INFO  server.RaftServerConfigKeys (ConfUtils.java:logGet(46)) - raft.server.write.element-limit = 4096 (default)
2023-03-14 08:39:12,282 [s1@group-D228F8B5DB78-LeaderElection49] INFO  server.RaftServerConfigKeys (ConfUtils.java:logGet(46)) - raft.server.write.byte-limit = 64MB (=67108864) (default)
2023-03-14 08:39:12,282 [grpc-default-executor-6] INFO  server.RaftServer$Division (RaftServerImpl.java:requestVote(1336)) - s2@group-D228F8B5DB78 replies to ELECTION vote request: s1<-s2#0:OK-t1. Peer's state: s2@group-D228F8B5DB78:t1, leader=null, voted=s1, raftlog=Memoized:s2@group-D228F8B5DB78-SegmentedRaftLog:OPENED:c-1, conf=-1: peers:[s0|rpc:localhost:41583|admin:localhost:33921|client:localhost:36257|dataStream:localhost:36865|priority:0|startupRole:FOLLOWER, s1|rpc:localhost:33527|admin:localhost:45333|client:localhost:40903|dataStream:localhost:39123|priority:0|startupRole:FOLLOWER, s2|rpc:localhost:33759|admin:localhost:36757|client:localhost:34851|dataStream:localhost:37251|priority:0|startupRole:FOLLOWER]|listeners:[], old=null
2023-03-14 08:39:12,283 [s1@group-D228F8B5DB78-LeaderElection49] INFO  server.RaftServerConfigKeys (ConfUtils.java:logGet(46)) - raft.server.watch.timeout = 10s (default)
2023-03-14 08:39:12,283 [s1@group-D228F8B5DB78-LeaderElection49] INFO  server.RaftServerConfigKeys (ConfUtils.java:logGet(46)) - raft.server.watch.timeout.denomination = 1s (default)
2023-03-14 08:39:12,283 [s1@group-D228F8B5DB78-LeaderElection49] INFO  server.RaftServerConfigKeys (ConfUtils.java:logGet(46)) - raft.server.watch.element-limit = 65536 (default)
2023-03-14 08:39:12,283 [s1@group-D228F8B5DB78-LeaderElection49] INFO  server.RaftServerConfigKeys (ConfUtils.java:logGet(46)) - raft.server.write.element-limit = 4096 (default)
2023-03-14 08:39:12,283 [s1@group-D228F8B5DB78-LeaderElection49] INFO  server.RaftServerConfigKeys (ConfUtils.java:logGet(46)) - raft.server.write.follower.gap.ratio.max = -1.0 (default)
2023-03-14 08:39:12,283 [s2@group-D228F8B5DB78-FollowerState] INFO  server.RaftServerConfigKeys (ConfUtils.java:logFallback(53)) - raft.server.rpc.first-election.timeout.min = 150ms (fallback to raft.server.rpc.timeout.min)
2023-03-14 08:39:12,283 [s1@group-D228F8B5DB78-LeaderElection49] INFO  server.RaftServerConfigKeys (ConfUtils.java:logGet(46)) - raft.server.log.appender.snapshot.chunk.size.max = 16MB (=16777216) (default)
2023-03-14 08:39:12,283 [s1@group-D228F8B5DB78-LeaderElection49] INFO  server.RaftServerConfigKeys (ConfUtils.java:logGet(46)) - raft.server.log.appender.buffer.byte-limit = 4MB (=4194304) (default)
2023-03-14 08:39:12,283 [s1@group-D228F8B5DB78-LeaderElection49] INFO  server.RaftServerConfigKeys (ConfUtils.java:logGet(46)) - raft.server.log.appender.buffer.element-limit = 0 (default)
2023-03-14 08:39:12,283 [s2@group-D228F8B5DB78-FollowerState] INFO  server.RaftServerConfigKeys (ConfUtils.java:logFallback(53)) - raft.server.rpc.first-election.timeout.max = 300ms (fallback to raft.server.rpc.timeout.max)
2023-03-14 08:39:12,283 [s1@group-D228F8B5DB78-LeaderElection49] INFO  server.RaftServerConfigKeys (ConfUtils.java:logGet(46)) - raft.server.log.appender.wait-time.min = 10ms (default)
2023-03-14 08:39:12,283 [s1@group-D228F8B5DB78-LeaderElection49] INFO  grpc.GrpcConfigKeys (ConfUtils.java:logGet(46)) - raft.grpc.server.leader.outstanding.appends.max = 128 (default)
2023-03-14 08:39:12,283 [s1@group-D228F8B5DB78-LeaderElection49] INFO  server.RaftServerConfigKeys (ConfUtils.java:logGet(46)) - raft.server.rpc.request.timeout = 3000ms (default)
2023-03-14 08:39:12,283 [s1@group-D228F8B5DB78-LeaderElection49] INFO  server.RaftServerConfigKeys (ConfUtils.java:logGet(46)) - raft.server.log.appender.install.snapshot.enabled = true (default)
2023-03-14 08:39:12,283 [s1@group-D228F8B5DB78-LeaderElection49] INFO  grpc.GrpcConfigKeys (ConfUtils.java:logGet(46)) - raft.grpc.server.heartbeat.channel = true (default)
2023-03-14 08:39:12,284 [s1@group-D228F8B5DB78-LeaderElection49] INFO  server.RaftServerConfigKeys (ConfUtils.java:logGet(46)) - raft.server.log.appender.snapshot.chunk.size.max = 16MB (=16777216) (default)
2023-03-14 08:39:12,284 [s1@group-D228F8B5DB78-LeaderElection49] INFO  server.RaftServerConfigKeys (ConfUtils.java:logGet(46)) - raft.server.log.appender.buffer.byte-limit = 4MB (=4194304) (default)
2023-03-14 08:39:12,284 [s1@group-D228F8B5DB78-LeaderElection49] INFO  server.RaftServerConfigKeys (ConfUtils.java:logGet(46)) - raft.server.log.appender.buffer.element-limit = 0 (default)
2023-03-14 08:39:12,284 [s1@group-D228F8B5DB78-LeaderElection49] INFO  server.RaftServerConfigKeys (ConfUtils.java:logGet(46)) - raft.server.log.appender.wait-time.min = 10ms (default)
2023-03-14 08:39:12,284 [s1@group-D228F8B5DB78-LeaderElection49] INFO  grpc.GrpcConfigKeys (ConfUtils.java:logGet(46)) - raft.grpc.server.leader.outstanding.appends.max = 128 (default)
2023-03-14 08:39:12,284 [s1@group-D228F8B5DB78-LeaderElection49] INFO  server.RaftServerConfigKeys (ConfUtils.java:logGet(46)) - raft.server.rpc.request.timeout = 3000ms (default)
2023-03-14 08:39:12,284 [s1@group-D228F8B5DB78-LeaderElection49] INFO  server.RaftServerConfigKeys (ConfUtils.java:logGet(46)) - raft.server.log.appender.install.snapshot.enabled = true (default)
2023-03-14 08:39:12,284 [s1@group-D228F8B5DB78-LeaderElection49] INFO  grpc.GrpcConfigKeys (ConfUtils.java:logGet(46)) - raft.grpc.server.heartbeat.channel = true (default)
2023-03-14 08:39:12,284 [s1@group-D228F8B5DB78-LeaderElection49] INFO  impl.RoleInfo (RoleInfo.java:updateAndGet(139)) - s1: start s1@group-D228F8B5DB78-LeaderStateImpl
2023-03-14 08:39:12,284 [s1@group-D228F8B5DB78-LeaderElection49] INFO  segmented.SegmentedRaftLogWorker (SegmentedRaftLogWorker.java:startLogSegment(426)) - s1@group-D228F8B5DB78-SegmentedRaftLogWorker: Starting segment from index:0
2023-03-14 08:39:12,288 [s1@group-D228F8B5DB78-LeaderElection49] INFO  server.RaftServer$Division (ServerState.java:setRaftConf(378)) - s1@group-D228F8B5DB78: set configuration 0: peers:[s0|rpc:localhost:41583|admin:localhost:33921|client:localhost:36257|dataStream:localhost:36865|priority:0|startupRole:FOLLOWER, s1|rpc:localhost:33527|admin:localhost:45333|client:localhost:40903|dataStream:localhost:39123|priority:0|startupRole:FOLLOWER, s2|rpc:localhost:33759|admin:localhost:36757|client:localhost:34851|dataStream:localhost:37251|priority:0|startupRole:FOLLOWER]|listeners:[], old=null
2023-03-14 08:39:12,289 [s0-server-thread1] INFO  server.RaftServer$Division (ServerState.java:setLeader(260)) - s0@group-D228F8B5DB78: change Leader from null to s1 at term 1 for appendEntries, leader elected after 235ms
2023-03-14 08:39:12,290 [s2-server-thread1] INFO  server.RaftServer$Division (ServerState.java:setLeader(260)) - s2@group-D228F8B5DB78: change Leader from null to s1 at term 1 for appendEntries, leader elected after 229ms
2023-03-14 08:39:12,292 [s1@group-D228F8B5DB78-SegmentedRaftLogWorker] INFO  segmented.SegmentedRaftLogWorker (SegmentedRaftLogWorker.java:execute(630)) - s1@group-D228F8B5DB78-SegmentedRaftLogWorker: created new log segment /home/runner/work/ratis/ratis/ratis-test/target/test/data/be523d36/MiniRaftClusterWithGrpc246a2cf1/s1/8dbbff9b-5025-47c3-bb87-d228f8b5db78/current/log_inprogress_0
2023-03-14 08:39:12,296 [s0-server-thread2] DEBUG server.RaftServer$Division (RaftServerImpl.java:logAppendEntries(1430)) - s0@group-D228F8B5DB78: receive appendEntries(s1, 1, null, -1, true, commits:[s1:c-1, s0:c-1, s2:c-1], cId:1, entries: [(t:1, i:0), CONFIGURATIONENTRY(current:id: "s0"
address: "localhost:41583"
dataStreamAddress: "localhost:36865"
clientAddress: "localhost:36257"
adminAddress: "localhost:33921"
startupRole: FOLLOWER
,id: "s1"
address: "localhost:33527"
dataStreamAddress: "localhost:39123"
clientAddress: "localhost:40903"
adminAddress: "localhost:45333"
startupRole: FOLLOWER
,id: "s2"
address: "localhost:33759"
dataStreamAddress: "localhost:37251"
clientAddress: "localhost:34851"
adminAddress: "localhost:36757"
startupRole: FOLLOWER
, old:)]
2023-03-14 08:39:12,296 [s0-server-thread2] INFO  server.RaftServer$Division (ServerState.java:setRaftConf(378)) - s0@group-D228F8B5DB78: set configuration 0: peers:[s0|rpc:localhost:41583|admin:localhost:33921|client:localhost:36257|dataStream:localhost:36865|priority:0|startupRole:FOLLOWER, s1|rpc:localhost:33527|admin:localhost:45333|client:localhost:40903|dataStream:localhost:39123|priority:0|startupRole:FOLLOWER, s2|rpc:localhost:33759|admin:localhost:36757|client:localhost:34851|dataStream:localhost:37251|priority:0|startupRole:FOLLOWER]|listeners:[], old=null
2023-03-14 08:39:12,296 [s0-server-thread2] INFO  segmented.SegmentedRaftLogWorker (SegmentedRaftLogWorker.java:startLogSegment(426)) - s0@group-D228F8B5DB78-SegmentedRaftLogWorker: Starting segment from index:0
2023-03-14 08:39:12,300 [s2-server-thread2] DEBUG server.RaftServer$Division (RaftServerImpl.java:logAppendEntries(1430)) - s2@group-D228F8B5DB78: receive appendEntries(s1, 1, null, -1, true, commits:[s1:c-1, s0:c-1, s2:c-1], cId:1, entries: [(t:1, i:0), CONFIGURATIONENTRY(current:id: "s0"
address: "localhost:41583"
dataStreamAddress: "localhost:36865"
clientAddress: "localhost:36257"
adminAddress: "localhost:33921"
startupRole: FOLLOWER
,id: "s1"
address: "localhost:33527"
dataStreamAddress: "localhost:39123"
clientAddress: "localhost:40903"
adminAddress: "localhost:45333"
startupRole: FOLLOWER
,id: "s2"
address: "localhost:33759"
dataStreamAddress: "localhost:37251"
clientAddress: "localhost:34851"
adminAddress: "localhost:36757"
startupRole: FOLLOWER
, old:)]
2023-03-14 08:39:12,300 [s2-server-thread2] INFO  server.RaftServer$Division (ServerState.java:setRaftConf(378)) - s2@group-D228F8B5DB78: set configuration 0: peers:[s0|rpc:localhost:41583|admin:localhost:33921|client:localhost:36257|dataStream:localhost:36865|priority:0|startupRole:FOLLOWER, s1|rpc:localhost:33527|admin:localhost:45333|client:localhost:40903|dataStream:localhost:39123|priority:0|startupRole:FOLLOWER, s2|rpc:localhost:33759|admin:localhost:36757|client:localhost:34851|dataStream:localhost:37251|priority:0|startupRole:FOLLOWER]|listeners:[], old=null
2023-03-14 08:39:12,300 [s2-server-thread2] INFO  segmented.SegmentedRaftLogWorker (SegmentedRaftLogWorker.java:startLogSegment(426)) - s2@group-D228F8B5DB78-SegmentedRaftLogWorker: Starting segment from index:0
2023-03-14 08:39:12,307 [s0@group-D228F8B5DB78-SegmentedRaftLogWorker] INFO  segmented.SegmentedRaftLogWorker (SegmentedRaftLogWorker.java:execute(630)) - s0@group-D228F8B5DB78-SegmentedRaftLogWorker: created new log segment /home/runner/work/ratis/ratis/ratis-test/target/test/data/be523d36/MiniRaftClusterWithGrpc246a2cf1/s0/8dbbff9b-5025-47c3-bb87-d228f8b5db78/current/log_inprogress_0
2023-03-14 08:39:12,308 [s0-server-thread2] DEBUG server.RaftServer$Division (RaftServerImpl.java:logAppendEntries(1430)) - s0@group-D228F8B5DB78: succeeded to handle AppendEntries. Reply: s1<-s0#1:OK-t1,SUCCESS,nextIndex=1,followerCommit=-1,matchIndex=0
2023-03-14 08:39:12,308 [s2@group-D228F8B5DB78-SegmentedRaftLogWorker] INFO  segmented.SegmentedRaftLogWorker (SegmentedRaftLogWorker.java:execute(630)) - s2@group-D228F8B5DB78-SegmentedRaftLogWorker: created new log segment /home/runner/work/ratis/ratis/ratis-test/target/test/data/be523d36/MiniRaftClusterWithGrpc246a2cf1/s2/8dbbff9b-5025-47c3-bb87-d228f8b5db78/current/log_inprogress_0
2023-03-14 08:39:12,308 [s2-server-thread2] DEBUG server.RaftServer$Division (RaftServerImpl.java:logAppendEntries(1430)) - s2@group-D228F8B5DB78: succeeded to handle AppendEntries. Reply: s1<-s2#1:OK-t1,SUCCESS,nextIndex=1,followerCommit=-1,matchIndex=0
2023-03-14 08:39:12,527 [Time-limited test] INFO  ratis.RaftTestUtil (RaftTestUtil.java:waitForLeader(119)) - printing ALL groups
  s0:  RUNNING  FOLLOWER s0@group-D228F8B5DB78:t1, leader=s1, voted=s1, raftlog=Memoized:s0@group-D228F8B5DB78-SegmentedRaftLog:OPENED:c0, conf=0: peers:[s0|rpc:localhost:41583|admin:localhost:33921|client:localhost:36257|dataStream:localhost:36865|priority:0|startupRole:FOLLOWER, s1|rpc:localhost:33527|admin:localhost:45333|client:localhost:40903|dataStream:localhost:39123|priority:0|startupRole:FOLLOWER, s2|rpc:localhost:33759|admin:localhost:36757|client:localhost:34851|dataStream:localhost:37251|priority:0|startupRole:FOLLOWER]|listeners:[], old=null RUNNING
  s1:  RUNNING    LEADER s1@group-D228F8B5DB78:t1, leader=s1, voted=s1, raftlog=Memoized:s1@group-D228F8B5DB78-SegmentedRaftLog:OPENED:c0, conf=0: peers:[s0|rpc:localhost:41583|admin:localhost:33921|client:localhost:36257|dataStream:localhost:36865|priority:0|startupRole:FOLLOWER, s1|rpc:localhost:33527|admin:localhost:45333|client:localhost:40903|dataStream:localhost:39123|priority:0|startupRole:FOLLOWER, s2|rpc:localhost:33759|admin:localhost:36757|client:localhost:34851|dataStream:localhost:37251|priority:0|startupRole:FOLLOWER]|listeners:[], old=null RUNNING
  s2:  RUNNING  FOLLOWER s2@group-D228F8B5DB78:t1, leader=s1, voted=s1, raftlog=Memoized:s2@group-D228F8B5DB78-SegmentedRaftLog:OPENED:c0, conf=0: peers:[s0|rpc:localhost:41583|admin:localhost:33921|client:localhost:36257|dataStream:localhost:36865|priority:0|startupRole:FOLLOWER, s1|rpc:localhost:33527|admin:localhost:45333|client:localhost:40903|dataStream:localhost:39123|priority:0|startupRole:FOLLOWER, s2|rpc:localhost:33759|admin:localhost:36757|client:localhost:34851|dataStream:localhost:37251|priority:0|startupRole:FOLLOWER]|listeners:[], old=null RUNNING
2023-03-14 08:39:12,527 [Time-limited test] INFO  impl.MiniRaftCluster (MiniRaftCluster.java:addNewPeers(464)) - Add new peers [s3, s4]
2023-03-14 08:39:12,528 [Time-limited test] INFO  impl.MiniRaftCluster (MiniRaftCluster.java:newRaftServer(382)) - newRaftServer: s3, group-D228F8B5DB78:[s3|priority:0|startupRole:FOLLOWER, s4|priority:0|startupRole:FOLLOWER, s0|rpc:localhost:41583|admin:localhost:33921|client:localhost:36257|dataStream:localhost:36865|priority:0|startupRole:FOLLOWER, s1|rpc:localhost:33527|admin:localhost:45333|client:localhost:40903|dataStream:localhost:39123|priority:0|startupRole:FOLLOWER, s2|rpc:localhost:33759|admin:localhost:36757|client:localhost:34851|dataStream:localhost:37251|priority:0|startupRole:FOLLOWER], format? true
2023-03-14 08:39:12,528 [Time-limited test] TRACE util.FileUtils (FileUtils.java:deleteFully(201)) - deleteFully target/test/data/be523d36/MiniRaftClusterWithGrpc246a2cf1/s3
2023-03-14 08:39:12,528 [Time-limited test] TRACE util.FileUtils (FileUtils.java:deleteFully(217)) - deleteFully: target/test/data/be523d36/MiniRaftClusterWithGrpc246a2cf1/s3 does not exist.
2023-03-14 08:39:12,528 [Time-limited test] INFO  impl.MiniRaftCluster (MiniRaftCluster.java:newRaftServer(387)) - Formatted directory target/test/data/be523d36/MiniRaftClusterWithGrpc246a2cf1/s3
2023-03-14 08:39:12,528 [Time-limited test] INFO  server.RaftServer (ConfUtils.java:logGet(46)) - raft.rpc.type = GRPC (default)
2023-03-14 08:39:12,528 [Time-limited test] INFO  grpc.GrpcConfigKeys (ConfUtils.java:logFallback(53)) - raft.grpc.admin.host = null (fallback to raft.grpc.server.host)
2023-03-14 08:39:12,528 [Time-limited test] INFO  grpc.GrpcConfigKeys (ConfUtils.java:logFallback(53)) - raft.grpc.admin.port = 46073 (fallback to raft.grpc.server.port)
2023-03-14 08:39:12,528 [Time-limited test] INFO  grpc.GrpcConfigKeys (ConfUtils.java:logFallback(53)) - raft.grpc.client.host = null (fallback to raft.grpc.server.host)
2023-03-14 08:39:12,528 [Time-limited test] INFO  grpc.GrpcConfigKeys (ConfUtils.java:logFallback(53)) - raft.grpc.client.port = 46073 (fallback to raft.grpc.server.port)
2023-03-14 08:39:12,528 [Time-limited test] INFO  grpc.GrpcConfigKeys (ConfUtils.java:logGet(46)) - raft.grpc.server.host = null (default)
2023-03-14 08:39:12,528 [Time-limited test] INFO  grpc.GrpcConfigKeys (ConfUtils.java:logGet(46)) - raft.grpc.server.port = 46073 (custom)
2023-03-14 08:39:12,528 [Time-limited test] INFO  server.GrpcService (ConfUtils.java:logGet(46)) - raft.grpc.message.size.max = 64MB (=67108864) (default)
2023-03-14 08:39:12,528 [Time-limited test] INFO  server.RaftServerConfigKeys (ConfUtils.java:logGet(46)) - raft.server.log.appender.buffer.byte-limit = 4MB (=4194304) (default)
2023-03-14 08:39:12,528 [Time-limited test] INFO  server.GrpcService (ConfUtils.java:logGet(46)) - raft.grpc.flow.control.window = 1MB (=1048576) (default)
2023-03-14 08:39:12,528 [Time-limited test] INFO  server.RaftServerConfigKeys (ConfUtils.java:logGet(46)) - raft.server.rpc.request.timeout = 3000ms (default)
2023-03-14 08:39:12,528 [Time-limited test] INFO  grpc.GrpcConfigKeys (ConfUtils.java:logGet(46)) - raft.grpc.server.heartbeat.channel = true (default)
2023-03-14 08:39:12,528 [Time-limited test] INFO  grpc.GrpcConfigKeys (ConfUtils.java:logGet(46)) - raft.grpc.server.async.request.thread.pool.cached = true (default)
2023-03-14 08:39:12,528 [Time-limited test] INFO  grpc.GrpcConfigKeys (ConfUtils.java:logGet(46)) - raft.grpc.server.async.request.thread.pool.size = 32 (default)
2023-03-14 08:39:12,529 [Time-limited test] INFO  impl.DataStreamServerImpl (ConfUtils.java:logGet(46)) - raft.datastream.type = DISABLED (default)
2023-03-14 08:39:12,529 [Time-limited test] INFO  server.RaftServerConfigKeys (ConfUtils.java:logGet(46)) - raft.server.threadpool.proxy.cached = true (default)
2023-03-14 08:39:12,529 [Time-limited test] INFO  server.RaftServerConfigKeys (ConfUtils.java:logGet(46)) - raft.server.threadpool.proxy.size = 0 (default)
2023-03-14 08:39:12,529 [Time-limited test] INFO  server.RaftServerConfigKeys (ConfUtils.java:logGet(46)) - raft.server.rpc.slowness.timeout = 60s (default)
2023-03-14 08:39:12,529 [Time-limited test] INFO  server.RaftServerConfigKeys (ConfUtils.java:logGet(46)) - raft.server.leaderelection.leader.step-down.wait-time = 10s (default)
2023-03-14 08:39:12,529 [Time-limited test] INFO  server.RaftServerConfigKeys (ConfUtils.java:logGet(46)) - raft.server.storage.dir = [/home/runner/work/ratis/ratis/ratis-test/target/test/data/be523d36/MiniRaftClusterWithGrpc246a2cf1/s3] (custom)
2023-03-14 08:39:12,537 [Time-limited test] INFO  server.RaftServer (RaftServerProxy.java:addNew(99)) - s3: addNew group-D228F8B5DB78:[s3|priority:0|startupRole:FOLLOWER, s4|priority:0|startupRole:FOLLOWER, s0|rpc:localhost:41583|admin:localhost:33921|client:localhost:36257|dataStream:localhost:36865|priority:0|startupRole:FOLLOWER, s1|rpc:localhost:33527|admin:localhost:45333|client:localhost:40903|dataStream:localhost:39123|priority:0|startupRole:FOLLOWER, s2|rpc:localhost:33759|admin:localhost:36757|client:localhost:34851|dataStream:localhost:37251|priority:0|startupRole:FOLLOWER] returns group-D228F8B5DB78:java.util.concurrent.CompletableFuture@73f5b73e[Not completed]
2023-03-14 08:39:12,537 [Time-limited test] INFO  impl.MiniRaftCluster (MiniRaftCluster.java:newRaftServer(382)) - newRaftServer: s4, group-D228F8B5DB78:[s3|priority:0|startupRole:FOLLOWER, s4|priority:0|startupRole:FOLLOWER, s0|rpc:localhost:41583|admin:localhost:33921|client:localhost:36257|dataStream:localhost:36865|priority:0|startupRole:FOLLOWER, s1|rpc:localhost:33527|admin:localhost:45333|client:localhost:40903|dataStream:localhost:39123|priority:0|startupRole:FOLLOWER, s2|rpc:localhost:33759|admin:localhost:36757|client:localhost:34851|dataStream:localhost:37251|priority:0|startupRole:FOLLOWER], format? true
2023-03-14 08:39:12,537 [Time-limited test] TRACE util.FileUtils (FileUtils.java:deleteFully(201)) - deleteFully target/test/data/be523d36/MiniRaftClusterWithGrpc246a2cf1/s4
2023-03-14 08:39:12,537 [Time-limited test] TRACE util.FileUtils (FileUtils.java:deleteFully(217)) - deleteFully: target/test/data/be523d36/MiniRaftClusterWithGrpc246a2cf1/s4 does not exist.
2023-03-14 08:39:12,537 [Time-limited test] INFO  impl.MiniRaftCluster (MiniRaftCluster.java:newRaftServer(387)) - Formatted directory target/test/data/be523d36/MiniRaftClusterWithGrpc246a2cf1/s4
2023-03-14 08:39:12,537 [Time-limited test] INFO  server.RaftServer (ConfUtils.java:logGet(46)) - raft.rpc.type = GRPC (default)
2023-03-14 08:39:12,537 [Time-limited test] INFO  grpc.GrpcConfigKeys (ConfUtils.java:logFallback(53)) - raft.grpc.admin.host = null (fallback to raft.grpc.server.host)
2023-03-14 08:39:12,537 [Time-limited test] INFO  grpc.GrpcConfigKeys (ConfUtils.java:logFallback(53)) - raft.grpc.admin.port = 35767 (fallback to raft.grpc.server.port)
2023-03-14 08:39:12,538 [Time-limited test] INFO  grpc.GrpcConfigKeys (ConfUtils.java:logFallback(53)) - raft.grpc.client.host = null (fallback to raft.grpc.server.host)
2023-03-14 08:39:12,538 [Time-limited test] INFO  grpc.GrpcConfigKeys (ConfUtils.java:logFallback(53)) - raft.grpc.client.port = 35767 (fallback to raft.grpc.server.port)
2023-03-14 08:39:12,538 [Time-limited test] INFO  grpc.GrpcConfigKeys (ConfUtils.java:logGet(46)) - raft.grpc.server.host = null (default)
2023-03-14 08:39:12,538 [Time-limited test] INFO  grpc.GrpcConfigKeys (ConfUtils.java:logGet(46)) - raft.grpc.server.port = 35767 (custom)
2023-03-14 08:39:12,538 [Time-limited test] INFO  server.GrpcService (ConfUtils.java:logGet(46)) - raft.grpc.message.size.max = 64MB (=67108864) (default)
2023-03-14 08:39:12,538 [Time-limited test] INFO  server.RaftServerConfigKeys (ConfUtils.java:logGet(46)) - raft.server.log.appender.buffer.byte-limit = 4MB (=4194304) (default)
2023-03-14 08:39:12,538 [Time-limited test] INFO  server.GrpcService (ConfUtils.java:logGet(46)) - raft.grpc.flow.control.window = 1MB (=1048576) (default)
2023-03-14 08:39:12,538 [Time-limited test] INFO  server.RaftServerConfigKeys (ConfUtils.java:logGet(46)) - raft.server.rpc.request.timeout = 3000ms (default)
2023-03-14 08:39:12,538 [Time-limited test] INFO  grpc.GrpcConfigKeys (ConfUtils.java:logGet(46)) - raft.grpc.server.heartbeat.channel = true (default)
2023-03-14 08:39:12,538 [Time-limited test] INFO  grpc.GrpcConfigKeys (ConfUtils.java:logGet(46)) - raft.grpc.server.async.request.thread.pool.cached = true (default)
2023-03-14 08:39:12,538 [Time-limited test] INFO  grpc.GrpcConfigKeys (ConfUtils.java:logGet(46)) - raft.grpc.server.async.request.thread.pool.size = 32 (default)
2023-03-14 08:39:12,538 [Time-limited test] INFO  impl.DataStreamServerImpl (ConfUtils.java:logGet(46)) - raft.datastream.type = DISABLED (default)
2023-03-14 08:39:12,538 [Time-limited test] INFO  server.RaftServerConfigKeys (ConfUtils.java:logGet(46)) - raft.server.threadpool.proxy.cached = true (default)
2023-03-14 08:39:12,538 [Time-limited test] INFO  server.RaftServerConfigKeys (ConfUtils.java:logGet(46)) - raft.server.threadpool.proxy.size = 0 (default)
2023-03-14 08:39:12,538 [Time-limited test] INFO  server.RaftServerConfigKeys (ConfUtils.java:logGet(46)) - raft.server.rpc.slowness.timeout = 60s (default)
2023-03-14 08:39:12,538 [Time-limited test] INFO  server.RaftServerConfigKeys (ConfUtils.java:logGet(46)) - raft.server.leaderelection.leader.step-down.wait-time = 10s (default)
2023-03-14 08:39:12,539 [Time-limited test] INFO  server.RaftServerConfigKeys (ConfUtils.java:logGet(46)) - raft.server.storage.dir = [/home/runner/work/ratis/ratis/ratis-test/target/test/data/be523d36/MiniRaftClusterWithGrpc246a2cf1/s4] (custom)
2023-03-14 08:39:12,539 [Time-limited test] INFO  server.RaftServer (RaftServerProxy.java:addNew(99)) - s4: addNew group-D228F8B5DB78:[s3|priority:0|startupRole:FOLLOWER, s4|priority:0|startupRole:FOLLOWER, s0|rpc:localhost:41583|admin:localhost:33921|client:localhost:36257|dataStream:localhost:36865|priority:0|startupRole:FOLLOWER, s1|rpc:localhost:33527|admin:localhost:45333|client:localhost:40903|dataStream:localhost:39123|priority:0|startupRole:FOLLOWER, s2|rpc:localhost:33759|admin:localhost:36757|client:localhost:34851|dataStream:localhost:37251|priority:0|startupRole:FOLLOWER] returns group-D228F8B5DB78:java.util.concurrent.CompletableFuture@1d22299e[Not completed]
2023-03-14 08:39:12,539 [Time-limited test] INFO  grpc.TestRaftReconfigurationWithGrpc (RaftReconfigurationBaseTest.java:runTestReconfTimeout(337)) - Start changing the configuration: [s3|rpc:0.0.0.0:46073|priority:0|startupRole:FOLLOWER, s4|rpc:0.0.0.0:35767|priority:0|startupRole:FOLLOWER, s0|rpc:localhost:41583|admin:localhost:33921|client:localhost:36257|dataStream:localhost:36865|priority:0|startupRole:FOLLOWER, s1|rpc:localhost:33527|admin:localhost:45333|client:localhost:40903|dataStream:localhost:39123|priority:0|startupRole:FOLLOWER, s2|rpc:localhost:33759|admin:localhost:36757|client:localhost:34851|dataStream:localhost:37251|priority:0|startupRole:FOLLOWER]
2023-03-14 08:39:12,539 [s3-groupManagement] INFO  server.RaftServer$Division (RaftServerImpl.java:<init>(198)) - s3: new RaftServerImpl for group-D228F8B5DB78:[s3|priority:0|startupRole:FOLLOWER, s4|priority:0|startupRole:FOLLOWER, s0|rpc:localhost:41583|admin:localhost:33921|client:localhost:36257|dataStream:localhost:36865|priority:0|startupRole:FOLLOWER, s1|rpc:localhost:33527|admin:localhost:45333|client:localhost:40903|dataStream:localhost:39123|priority:0|startupRole:FOLLOWER, s2|rpc:localhost:33759|admin:localhost:36757|client:localhost:34851|dataStream:localhost:37251|priority:0|startupRole:FOLLOWER] with BaseStateMachine:uninitialized
2023-03-14 08:39:12,539 [s4-groupManagement] INFO  server.RaftServer$Division (RaftServerImpl.java:<init>(198)) - s4: new RaftServerImpl for group-D228F8B5DB78:[s3|priority:0|startupRole:FOLLOWER, s4|priority:0|startupRole:FOLLOWER, s0|rpc:localhost:41583|admin:localhost:33921|client:localhost:36257|dataStream:localhost:36865|priority:0|startupRole:FOLLOWER, s1|rpc:localhost:33527|admin:localhost:45333|client:localhost:40903|dataStream:localhost:39123|priority:0|startupRole:FOLLOWER, s2|rpc:localhost:33759|admin:localhost:36757|client:localhost:34851|dataStream:localhost:37251|priority:0|startupRole:FOLLOWER] with BaseStateMachine:uninitialized
2023-03-14 08:39:12,539 [s3-groupManagement] INFO  server.RaftServerConfigKeys (ConfUtils.java:logGet(46)) - raft.server.rpc.timeout.min = 150ms (default)
2023-03-14 08:39:12,539 [s3-groupManagement] INFO  server.RaftServerConfigKeys (ConfUtils.java:logGet(46)) - raft.server.rpc.timeout.max = 300ms (default)
2023-03-14 08:39:12,539 [s3-groupManagement] INFO  server.RaftServerConfigKeys (ConfUtils.java:logGet(46)) - raft.server.rpc.sleep.time = 25ms (default)
2023-03-14 08:39:12,539 [s3-groupManagement] INFO  server.RaftServerConfigKeys (ConfUtils.java:logGet(46)) - raft.server.rpc.slowness.timeout = 60s (default)
2023-03-14 08:39:12,539 [s3-groupManagement] INFO  server.RaftServerConfigKeys (ConfUtils.java:logGet(46)) - raft.server.leaderelection.leader.step-down.wait-time = 10s (default)
2023-03-14 08:39:12,539 [s3-groupManagement] INFO  server.RaftServerConfigKeys (ConfUtils.java:logGet(46)) - raft.server.sleep.deviation.threshold = 300ms (default)
2023-03-14 08:39:12,539 [s3-groupManagement] INFO  server.RaftServer$Division (ServerState.java:<init>(113)) - s3@group-D228F8B5DB78: ConfigurationManager, init=-1: peers:[s3|priority:0|startupRole:FOLLOWER, s4|priority:0|startupRole:FOLLOWER, s0|rpc:localhost:41583|admin:localhost:33921|client:localhost:36257|dataStream:localhost:36865|priority:0|startupRole:FOLLOWER, s1|rpc:localhost:33527|admin:localhost:45333|client:localhost:40903|dataStream:localhost:39123|priority:0|startupRole:FOLLOWER, s2|rpc:localhost:33759|admin:localhost:36757|client:localhost:34851|dataStream:localhost:37251|priority:0|startupRole:FOLLOWER]|listeners:[], old=null, confs=<EMPTY_MAP>
2023-03-14 08:39:12,540 [s3-groupManagement] INFO  server.RaftServerConfigKeys (ConfUtils.java:logGet(46)) - raft.server.notification.no-leader.timeout = 60s (default)
2023-03-14 08:39:12,540 [s3-groupManagement] INFO  server.RaftServerConfigKeys (ConfUtils.java:logGet(46)) - raft.server.read.timeout = 10s (default)
2023-03-14 08:39:12,540 [s3-groupManagement] INFO  server.RaftServerConfigKeys (ConfUtils.java:logGet(46)) - raft.server.retrycache.expirytime = 60s (default)
2023-03-14 08:39:12,540 [s3-groupManagement] INFO  server.RaftServerConfigKeys (ConfUtils.java:logGet(46)) - raft.server.retrycache.statistics.expirytime = 100μs (default)
2023-03-14 08:39:12,540 [s3-groupManagement] INFO  server.RaftServerConfigKeys (ConfUtils.java:logGet(46)) - raft.server.read.option = DEFAULT (default)
2023-03-14 08:39:12,539 [s4-groupManagement] INFO  server.RaftServerConfigKeys (ConfUtils.java:logGet(46)) - raft.server.rpc.timeout.min = 150ms (default)
2023-03-14 08:39:12,540 [s4-groupManagement] INFO  server.RaftServerConfigKeys (ConfUtils.java:logGet(46)) - raft.server.rpc.timeout.max = 300ms (default)
2023-03-14 08:39:12,540 [s4-groupManagement] INFO  server.RaftServerConfigKeys (ConfUtils.java:logGet(46)) - raft.server.rpc.sleep.time = 25ms (default)
2023-03-14 08:39:12,540 [s4-groupManagement] INFO  server.RaftServerConfigKeys (ConfUtils.java:logGet(46)) - raft.server.rpc.slowness.timeout = 60s (default)
2023-03-14 08:39:12,540 [s4-groupManagement] INFO  server.RaftServerConfigKeys (ConfUtils.java:logGet(46)) - raft.server.leaderelection.leader.step-down.wait-time = 10s (default)
2023-03-14 08:39:12,540 [s4-groupManagement] INFO  server.RaftServerConfigKeys (ConfUtils.java:logGet(46)) - raft.server.sleep.deviation.threshold = 300ms (default)
2023-03-14 08:39:12,540 [s4-groupManagement] INFO  server.RaftServer$Division (ServerState.java:<init>(113)) - s4@group-D228F8B5DB78: ConfigurationManager, init=-1: peers:[s3|priority:0|startupRole:FOLLOWER, s4|priority:0|startupRole:FOLLOWER, s0|rpc:localhost:41583|admin:localhost:33921|client:localhost:36257|dataStream:localhost:36865|priority:0|startupRole:FOLLOWER, s1|rpc:localhost:33527|admin:localhost:45333|client:localhost:40903|dataStream:localhost:39123|priority:0|startupRole:FOLLOWER, s2|rpc:localhost:33759|admin:localhost:36757|client:localhost:34851|dataStream:localhost:37251|priority:0|startupRole:FOLLOWER]|listeners:[], old=null, confs=<EMPTY_MAP>
2023-03-14 08:39:12,540 [s4-groupManagement] INFO  server.RaftServerConfigKeys (ConfUtils.java:logGet(46)) - raft.server.notification.no-leader.timeout = 60s (default)
2023-03-14 08:39:12,540 [s4-groupManagement] INFO  server.RaftServerConfigKeys (ConfUtils.java:logGet(46)) - raft.server.read.timeout = 10s (default)
2023-03-14 08:39:12,540 [s4-groupManagement] INFO  server.RaftServerConfigKeys (ConfUtils.java:logGet(46)) - raft.server.retrycache.expirytime = 60s (default)
2023-03-14 08:39:12,540 [s4-groupManagement] INFO  server.RaftServerConfigKeys (ConfUtils.java:logGet(46)) - raft.server.retrycache.statistics.expirytime = 100μs (default)
2023-03-14 08:39:12,540 [s4-groupManagement] INFO  server.RaftServerConfigKeys (ConfUtils.java:logGet(46)) - raft.server.read.option = DEFAULT (default)
2023-03-14 08:39:12,541 [s4-groupManagement] INFO  server.RaftServerConfigKeys (ConfUtils.java:logGet(46)) - raft.server.log.appender.install.snapshot.enabled = true (default)
2023-03-14 08:39:12,541 [s4-groupManagement] INFO  server.RaftServerConfigKeys (ConfUtils.java:logGet(46)) - raft.server.threadpool.server.cached = true (default)
2023-03-14 08:39:12,541 [s4-groupManagement] INFO  server.RaftServerConfigKeys (ConfUtils.java:logGet(46)) - raft.server.threadpool.server.size = 0 (default)
2023-03-14 08:39:12,541 [s4-groupManagement] INFO  server.RaftServerConfigKeys (ConfUtils.java:logGet(46)) - raft.server.threadpool.client.cached = true (default)
2023-03-14 08:39:12,541 [s4-groupManagement] INFO  server.RaftServerConfigKeys (ConfUtils.java:logGet(46)) - raft.server.threadpool.client.size = 0 (default)
2023-03-14 08:39:12,541 [s3-groupManagement] INFO  server.RaftServerConfigKeys (ConfUtils.java:logGet(46)) - raft.server.log.appender.install.snapshot.enabled = true (default)
2023-03-14 08:39:12,541 [s3-groupManagement] INFO  server.RaftServerConfigKeys (ConfUtils.java:logGet(46)) - raft.server.threadpool.server.cached = true (default)
2023-03-14 08:39:12,541 [s3-groupManagement] INFO  server.RaftServerConfigKeys (ConfUtils.java:logGet(46)) - raft.server.threadpool.server.size = 0 (default)
2023-03-14 08:39:12,541 [s3-groupManagement] INFO  server.RaftServerConfigKeys (ConfUtils.java:logGet(46)) - raft.server.threadpool.client.cached = true (default)
2023-03-14 08:39:12,541 [s3-groupManagement] INFO  server.RaftServerConfigKeys (ConfUtils.java:logGet(46)) - raft.server.threadpool.client.size = 0 (default)
2023-03-14 08:39:12,544 [s1-server-thread1] INFO  server.RaftServer$Division (RaftServerImpl.java:setConfigurationAsync(1197)) - s1@group-D228F8B5DB78: receive setConfiguration SetConfigurationRequest:client-D77739F855B1->s1@group-D228F8B5DB78, cid=0, seq=0, RW, null, SET_UNCONDITIONALLY, servers:[s3|rpc:0.0.0.0:46073|dataStream:|priority:0|startupRole:FOLLOWER, s4|rpc:0.0.0.0:35767|dataStream:|priority:0|startupRole:FOLLOWER, s0|rpc:localhost:41583|admin:localhost:33921|client:localhost:36257|dataStream:localhost:36865|priority:0|startupRole:FOLLOWER, s1|rpc:localhost:33527|admin:localhost:45333|client:localhost:40903|dataStream:localhost:39123|priority:0|startupRole:FOLLOWER, s2|rpc:localhost:33759|admin:localhost:36757|client:localhost:34851|dataStream:localhost:37251|priority:0|startupRole:FOLLOWER], listeners:[]
2023-03-14 08:39:12,544 [s1-server-thread1] INFO  server.RaftServer$Division (LeaderStateImpl.java:startSetConfiguration(440)) - s1@group-D228F8B5DB78-LeaderStateImpl: startSetConfiguration SetConfigurationRequest:client-D77739F855B1->s1@group-D228F8B5DB78, cid=0, seq=0, RW, null, SET_UNCONDITIONALLY, servers:[s3|rpc:0.0.0.0:46073|dataStream:|priority:0|startupRole:FOLLOWER, s4|rpc:0.0.0.0:35767|dataStream:|priority:0|startupRole:FOLLOWER, s0|rpc:localhost:41583|admin:localhost:33921|client:localhost:36257|dataStream:localhost:36865|priority:0|startupRole:FOLLOWER, s1|rpc:localhost:33527|admin:localhost:45333|client:localhost:40903|dataStream:localhost:39123|priority:0|startupRole:FOLLOWER, s2|rpc:localhost:33759|admin:localhost:36757|client:localhost:34851|dataStream:localhost:37251|priority:0|startupRole:FOLLOWER], listeners:[]
2023-03-14 08:39:12,544 [s1-server-thread1] INFO  server.RaftServerConfigKeys (ConfUtils.java:logGet(46)) - raft.server.log.appender.snapshot.chunk.size.max = 16MB (=16777216) (default)
2023-03-14 08:39:12,544 [s1-server-thread1] INFO  server.RaftServerConfigKeys (ConfUtils.java:logGet(46)) - raft.server.log.appender.buffer.byte-limit = 4MB (=4194304) (default)
2023-03-14 08:39:12,544 [s1-server-thread1] INFO  server.RaftServerConfigKeys (ConfUtils.java:logGet(46)) - raft.server.log.appender.buffer.element-limit = 0 (default)
2023-03-14 08:39:12,544 [s1-server-thread1] INFO  server.RaftServerConfigKeys (ConfUtils.java:logGet(46)) - raft.server.log.appender.wait-time.min = 10ms (default)
2023-03-14 08:39:12,544 [s1-server-thread1] INFO  grpc.GrpcConfigKeys (ConfUtils.java:logGet(46)) - raft.grpc.server.leader.outstanding.appends.max = 128 (default)
2023-03-14 08:39:12,544 [s1-server-thread1] INFO  server.RaftServerConfigKeys (ConfUtils.java:logGet(46)) - raft.server.rpc.request.timeout = 3000ms (default)
2023-03-14 08:39:12,545 [s1-server-thread1] INFO  server.RaftServerConfigKeys (ConfUtils.java:logGet(46)) - raft.server.log.appender.install.snapshot.enabled = true (default)
2023-03-14 08:39:12,545 [s1-server-thread1] INFO  grpc.GrpcConfigKeys (ConfUtils.java:logGet(46)) - raft.grpc.server.heartbeat.channel = true (default)
2023-03-14 08:39:12,545 [s1-server-thread1] INFO  server.RaftServerConfigKeys (ConfUtils.java:logGet(46)) - raft.server.log.appender.snapshot.chunk.size.max = 16MB (=16777216) (default)
2023-03-14 08:39:12,545 [s1-server-thread1] INFO  server.RaftServerConfigKeys (ConfUtils.java:logGet(46)) - raft.server.log.appender.buffer.byte-limit = 4MB (=4194304) (default)
2023-03-14 08:39:12,545 [s1-server-thread1] INFO  server.RaftServerConfigKeys (ConfUtils.java:logGet(46)) - raft.server.log.appender.buffer.element-limit = 0 (default)
2023-03-14 08:39:12,545 [s1-server-thread1] INFO  server.RaftServerConfigKeys (ConfUtils.java:logGet(46)) - raft.server.log.appender.wait-time.min = 10ms (default)
2023-03-14 08:39:12,545 [s1-server-thread1] INFO  grpc.GrpcConfigKeys (ConfUtils.java:logGet(46)) - raft.grpc.server.leader.outstanding.appends.max = 128 (default)
2023-03-14 08:39:12,545 [s1-server-thread1] INFO  server.RaftServerConfigKeys (ConfUtils.java:logGet(46)) - raft.server.rpc.request.timeout = 3000ms (default)
2023-03-14 08:39:12,545 [s1-server-thread1] INFO  server.RaftServerConfigKeys (ConfUtils.java:logGet(46)) - raft.server.log.appender.install.snapshot.enabled = true (default)
2023-03-14 08:39:12,545 [s1-server-thread1] INFO  grpc.GrpcConfigKeys (ConfUtils.java:logGet(46)) - raft.grpc.server.heartbeat.channel = true (default)
2023-03-14 08:39:12,545 [s1@group-D228F8B5DB78->s3-GrpcLogAppender-LogAppenderDaemon] INFO  leader.FollowerInfo (FollowerInfoImpl.java:setAttemptedToInstallSnapshot(126)) - Follower s1@group-D228F8B5DB78->s3 acknowledged installing snapshot
2023-03-14 08:39:12,545 [s1@group-D228F8B5DB78->s3-GrpcLogAppender-LogAppenderDaemon] INFO  server.GrpcServerProtocolClient (GrpcServerProtocolClient.java:<init>(64)) - Build channel for s3
2023-03-14 08:39:12,548 [grpc-default-executor-6] WARN  server.GrpcLogAppender (LogUtils.java:warn(122)) - s1@group-D228F8B5DB78->s3-AppendLogResponseHandler: Failed appendEntries: org.apache.ratis.thirdparty.io.grpc.StatusRuntimeException: UNAVAILABLE: io exception
2023-03-14 08:39:12,554 [s1@group-D228F8B5DB78->s4-GrpcLogAppender-LogAppenderDaemon] INFO  leader.FollowerInfo (FollowerInfoImpl.java:setAttemptedToInstallSnapshot(126)) - Follower s1@group-D228F8B5DB78->s4 acknowledged installing snapshot
2023-03-14 08:39:12,554 [s1@group-D228F8B5DB78->s4-GrpcLogAppender-LogAppenderDaemon] INFO  server.GrpcServerProtocolClient (GrpcServerProtocolClient.java:<init>(64)) - Build channel for s4
2023-03-14 08:39:12,554 [grpc-default-executor-7] WARN  server.GrpcLogAppender (LogUtils.java:warn(122)) - s1@group-D228F8B5DB78->s3-AppendLogResponseHandler: Failed appendEntries: org.apache.ratis.thirdparty.io.grpc.StatusRuntimeException: UNAVAILABLE: io exception
2023-03-14 08:39:12,561 [grpc-default-executor-6] WARN  server.GrpcLogAppender (LogUtils.java:warn(122)) - s1@group-D228F8B5DB78->s4-AppendLogResponseHandler: Failed appendEntries: org.apache.ratis.thirdparty.io.grpc.StatusRuntimeException: UNAVAILABLE: io exception
2023-03-14 08:39:12,561 [grpc-default-executor-7] WARN  server.GrpcLogAppender (LogUtils.java:warn(122)) - s1@group-D228F8B5DB78->s4-AppendLogResponseHandler: Failed appendEntries: org.apache.ratis.thirdparty.io.grpc.StatusRuntimeException: UNAVAILABLE: io exception
2023-03-14 08:39:12,567 [grpc-default-executor-7] WARN  server.GrpcLogAppender (LogUtils.java:warn(122)) - s1@group-D228F8B5DB78->s4-AppendLogResponseHandler: Failed appendEntries: org.apache.ratis.thirdparty.io.grpc.StatusRuntimeException: UNAVAILABLE: io exception
2023-03-14 08:39:12,567 [grpc-default-executor-1] WARN  server.GrpcLogAppender (LogUtils.java:warn(122)) - s1@group-D228F8B5DB78->s3-AppendLogResponseHandler: Failed appendEntries: org.apache.ratis.thirdparty.io.grpc.StatusRuntimeException: UNAVAILABLE: io exception
2023-03-14 08:39:12,567 [grpc-default-executor-7] INFO  leader.FollowerInfo (FollowerInfoImpl.java:lambda$new$0(52)) - s1@group-D228F8B5DB78->s4: decreaseNextIndex nextIndex: updateUnconditionally 1 -> 0
2023-03-14 08:39:12,567 [grpc-default-executor-4] WARN  server.GrpcLogAppender (LogUtils.java:warn(122)) - s1@group-D228F8B5DB78->s3-AppendLogResponseHandler: Failed appendEntries: org.apache.ratis.thirdparty.io.grpc.StatusRuntimeException: UNAVAILABLE: io exception
2023-03-14 08:39:12,567 [grpc-default-executor-6] WARN  server.GrpcLogAppender (LogUtils.java:warn(122)) - s1@group-D228F8B5DB78->s4-AppendLogResponseHandler: Failed appendEntries: org.apache.ratis.thirdparty.io.grpc.StatusRuntimeException: UNAVAILABLE: io exception
2023-03-14 08:39:12,567 [grpc-default-executor-1] WARN  server.GrpcLogAppender (LogUtils.java:warn(122)) - s1@group-D228F8B5DB78->s3-AppendLogResponseHandler: Failed appendEntries: org.apache.ratis.thirdparty.io.grpc.StatusRuntimeException: UNAVAILABLE: io exception
2023-03-14 08:39:12,567 [grpc-default-executor-4] WARN  server.GrpcLogAppender (LogUtils.java:warn(122)) - s1@group-D228F8B5DB78->s3-AppendLogResponseHandler: Failed appendEntries: org.apache.ratis.thirdparty.io.grpc.StatusRuntimeException: UNAVAILABLE: io exception
2023-03-14 08:39:12,577 [grpc-default-executor-4] WARN  server.GrpcLogAppender (LogUtils.java:warn(122)) - s1@group-D228F8B5DB78->s3-AppendLogResponseHandler: Failed appendEntries: org.apache.ratis.thirdparty.io.grpc.StatusRuntimeException: UNAVAILABLE: io exception
2023-03-14 08:39:12,577 [grpc-default-executor-1] WARN  server.GrpcLogAppender (LogUtils.java:warn(122)) - s1@group-D228F8B5DB78->s3-AppendLogResponseHandler: Failed appendEntries: org.apache.ratis.thirdparty.io.grpc.StatusRuntimeException: UNAVAILABLE: io exception
2023-03-14 08:39:12,577 [grpc-default-executor-4] INFO  leader.FollowerInfo (FollowerInfoImpl.java:lambda$new$0(52)) - s1@group-D228F8B5DB78->s3: decreaseNextIndex nextIndex: updateUnconditionally 1 -> 0
2023-03-14 08:39:12,594 [grpc-default-executor-4] WARN  server.GrpcLogAppender (LogUtils.java:warn(122)) - s1@group-D228F8B5DB78->s4-AppendLogResponseHandler: Failed appendEntries: org.apache.ratis.thirdparty.io.grpc.StatusRuntimeException: UNAVAILABLE: io exception
2023-03-14 08:39:12,594 [grpc-default-executor-1] WARN  server.GrpcLogAppender (LogUtils.java:warn(122)) - s1@group-D228F8B5DB78->s4-AppendLogResponseHandler: Failed appendEntries: org.apache.ratis.thirdparty.io.grpc.StatusRuntimeException: UNAVAILABLE: io exception
2023-03-14 08:39:12,604 [grpc-default-executor-4] WARN  server.GrpcLogAppender (LogUtils.java:warn(122)) - s1@group-D228F8B5DB78->s4-AppendLogResponseHandler: Failed appendEntries: org.apache.ratis.thirdparty.io.grpc.StatusRuntimeException: UNAVAILABLE: io exception
2023-03-14 08:39:12,604 [grpc-default-executor-1] WARN  server.GrpcLogAppender (LogUtils.java:warn(122)) - s1@group-D228F8B5DB78->s4-AppendLogResponseHandler: Failed appendEntries: org.apache.ratis.thirdparty.io.grpc.StatusRuntimeException: UNAVAILABLE: io exception
2023-03-14 08:39:12,604 [grpc-default-executor-4] INFO  leader.FollowerInfo (FollowerInfoImpl.java:lambda$new$0(52)) - s1@group-D228F8B5DB78->s4: decreaseNextIndex nextIndex: updateUnconditionally 1 -> 0
2023-03-14 08:39:12,604 [grpc-default-executor-1] WARN  server.GrpcLogAppender (LogUtils.java:warn(122)) - s1@group-D228F8B5DB78->s3-AppendLogResponseHandler: Failed appendEntries: org.apache.ratis.thirdparty.io.grpc.StatusRuntimeException: UNAVAILABLE: io exception
2023-03-14 08:39:12,605 [grpc-default-executor-4] WARN  server.GrpcLogAppender (LogUtils.java:warn(122)) - s1@group-D228F8B5DB78->s3-AppendLogResponseHandler: Failed appendEntries: org.apache.ratis.thirdparty.io.grpc.StatusRuntimeException: UNAVAILABLE: io exception
2023-03-14 08:39:12,614 [grpc-default-executor-6] WARN  server.GrpcLogAppender (LogUtils.java:warn(122)) - s1@group-D228F8B5DB78->s3-AppendLogResponseHandler: Failed appendEntries: org.apache.ratis.thirdparty.io.grpc.StatusRuntimeException: UNAVAILABLE: io exception
2023-03-14 08:39:12,615 [grpc-default-executor-6] INFO  leader.FollowerInfo (FollowerInfoImpl.java:lambda$new$0(52)) - s1@group-D228F8B5DB78->s3: decreaseNextIndex nextIndex: updateUnconditionally 1 -> 0
2023-03-14 08:39:12,615 [grpc-default-executor-7] WARN  server.GrpcLogAppender (LogUtils.java:warn(122)) - s1@group-D228F8B5DB78->s3-AppendLogResponseHandler: Failed appendEntries: org.apache.ratis.thirdparty.io.grpc.StatusRuntimeException: UNAVAILABLE: io exception
2023-03-14 08:39:12,631 [grpc-default-executor-4] WARN  server.GrpcLogAppender (LogUtils.java:warn(122)) - s1@group-D228F8B5DB78->s4-AppendLogResponseHandler: Failed appendEntries: org.apache.ratis.thirdparty.io.grpc.StatusRuntimeException: UNAVAILABLE: io exception
2023-03-14 08:39:12,631 [grpc-default-executor-7] WARN  server.GrpcLogAppender (LogUtils.java:warn(122)) - s1@group-D228F8B5DB78->s4-AppendLogResponseHandler: Failed appendEntries: org.apache.ratis.thirdparty.io.grpc.StatusRuntimeException: UNAVAILABLE: io exception
2023-03-14 08:39:12,641 [grpc-default-executor-7] WARN  server.GrpcLogAppender (LogUtils.java:warn(122)) - s1@group-D228F8B5DB78->s4-AppendLogResponseHandler: Failed appendEntries: org.apache.ratis.thirdparty.io.grpc.StatusRuntimeException: UNAVAILABLE: io exception
2023-03-14 08:39:12,641 [grpc-default-executor-7] INFO  leader.FollowerInfo (FollowerInfoImpl.java:lambda$new$0(52)) - s1@group-D228F8B5DB78->s4: decreaseNextIndex nextIndex: updateUnconditionally 1 -> 0
2023-03-14 08:39:12,641 [grpc-default-executor-4] WARN  server.GrpcLogAppender (LogUtils.java:warn(122)) - s1@group-D228F8B5DB78->s4-AppendLogResponseHandler: Failed appendEntries: org.apache.ratis.thirdparty.io.grpc.StatusRuntimeException: UNAVAILABLE: io exception
2023-03-14 08:39:12,641 [grpc-default-executor-7] WARN  server.GrpcLogAppender (LogUtils.java:warn(122)) - s1@group-D228F8B5DB78->s3-AppendLogResponseHandler: Failed appendEntries: org.apache.ratis.thirdparty.io.grpc.StatusRuntimeException: UNAVAILABLE: io exception
2023-03-14 08:39:12,642 [grpc-default-executor-6] WARN  server.GrpcLogAppender (LogUtils.java:warn(122)) - s1@group-D228F8B5DB78->s3-AppendLogResponseHandler: Failed appendEntries: org.apache.ratis.thirdparty.io.grpc.StatusRuntimeException: UNAVAILABLE: io exception
2023-03-14 08:39:12,652 [grpc-default-executor-6] WARN  server.GrpcLogAppender (LogUtils.java:warn(122)) - s1@group-D228F8B5DB78->s3-AppendLogResponseHandler: Failed appendEntries: org.apache.ratis.thirdparty.io.grpc.StatusRuntimeException: UNAVAILABLE: io exception
2023-03-14 08:39:12,652 [grpc-default-executor-6] INFO  leader.FollowerInfo (FollowerInfoImpl.java:lambda$new$0(52)) - s1@group-D228F8B5DB78->s3: decreaseNextIndex nextIndex: updateUnconditionally 1 -> 0
2023-03-14 08:39:12,652 [grpc-default-executor-7] WARN  server.GrpcLogAppender (LogUtils.java:warn(122)) - s1@group-D228F8B5DB78->s3-AppendLogResponseHandler: Failed appendEntries: org.apache.ratis.thirdparty.io.grpc.StatusRuntimeException: UNAVAILABLE: io exception
2023-03-14 08:39:12,668 [grpc-default-executor-7] WARN  server.GrpcLogAppender (LogUtils.java:warn(122)) - s1@group-D228F8B5DB78->s4-AppendLogResponseHandler: Failed appendEntries: org.apache.ratis.thirdparty.io.grpc.StatusRuntimeException: UNAVAILABLE: io exception
2023-03-14 08:39:12,669 [grpc-default-executor-6] WARN  server.GrpcLogAppender (LogUtils.java:warn(122)) - s1@group-D228F8B5DB78->s4-AppendLogResponseHandler: Failed appendEntries: org.apache.ratis.thirdparty.io.grpc.StatusRuntimeException: UNAVAILABLE: io exception
2023-03-14 08:39:12,678 [grpc-default-executor-6] WARN  server.GrpcLogAppender (LogUtils.java:warn(122)) - s1@group-D228F8B5DB78->s4-AppendLogResponseHandler: Failed appendEntries: org.apache.ratis.thirdparty.io.grpc.StatusRuntimeException: UNAVAILABLE: io exception
2023-03-14 08:39:12,679 [grpc-default-executor-6] INFO  leader.FollowerInfo (FollowerInfoImpl.java:lambda$new$0(52)) - s1@group-D228F8B5DB78->s4: decreaseNextIndex nextIndex: updateUnconditionally 1 -> 0
2023-03-14 08:39:12,679 [grpc-default-executor-6] WARN  server.GrpcLogAppender (LogUtils.java:warn(122)) - s1@group-D228F8B5DB78->s3-AppendLogResponseHandler: Failed appendEntries: org.apache.ratis.thirdparty.io.grpc.StatusRuntimeException: UNAVAILABLE: io exception
2023-03-14 08:39:12,679 [grpc-default-executor-4] WARN  server.GrpcLogAppender (LogUtils.java:warn(122)) - s1@group-D228F8B5DB78->s3-AppendLogResponseHandler: Failed appendEntries: org.apache.ratis.thirdparty.io.grpc.StatusRuntimeException: UNAVAILABLE: io exception
2023-03-14 08:39:12,678 [grpc-default-executor-7] WARN  server.GrpcLogAppender (LogUtils.java:warn(122)) - s1@group-D228F8B5DB78->s4-AppendLogResponseHandler: Failed appendEntries: org.apache.ratis.thirdparty.io.grpc.StatusRuntimeException: UNAVAILABLE: io exception
2023-03-14 08:39:12,689 [grpc-default-executor-7] WARN  server.GrpcLogAppender (LogUtils.java:warn(122)) - s1@group-D228F8B5DB78->s3-AppendLogResponseHandler: Failed appendEntries: org.apache.ratis.thirdparty.io.grpc.StatusRuntimeException: UNAVAILABLE: io exception
2023-03-14 08:39:12,689 [grpc-default-executor-7] INFO  leader.FollowerInfo (FollowerInfoImpl.java:lambda$new$0(52)) - s1@group-D228F8B5DB78->s3: decreaseNextIndex nextIndex: updateUnconditionally 1 -> 0
2023-03-14 08:39:12,689 [grpc-default-executor-4] WARN  server.GrpcLogAppender (LogUtils.java:warn(122)) - s1@group-D228F8B5DB78->s3-AppendLogResponseHandler: Failed appendEntries: org.apache.ratis.thirdparty.io.grpc.StatusRuntimeException: UNAVAILABLE: io exception
2023-03-14 08:39:12,706 [grpc-default-executor-4] WARN  server.GrpcLogAppender (LogUtils.java:warn(122)) - s1@group-D228F8B5DB78->s4-AppendLogResponseHandler: Failed appendEntries: org.apache.ratis.thirdparty.io.grpc.StatusRuntimeException: UNAVAILABLE: io exception
2023-03-14 08:39:12,706 [grpc-default-executor-7] WARN  server.GrpcLogAppender (LogUtils.java:warn(122)) - s1@group-D228F8B5DB78->s4-AppendLogResponseHandler: Failed appendEntries: org.apache.ratis.thirdparty.io.grpc.StatusRuntimeException: UNAVAILABLE: io exception
2023-03-14 08:39:12,716 [grpc-default-executor-7] WARN  server.GrpcLogAppender (LogUtils.java:warn(122)) - s1@group-D228F8B5DB78->s4-AppendLogResponseHandler: Failed appendEntries: org.apache.ratis.thirdparty.io.grpc.StatusRuntimeException: UNAVAILABLE: io exception
2023-03-14 08:39:12,716 [grpc-default-executor-7] INFO  leader.FollowerInfo (FollowerInfoImpl.java:lambda$new$0(52)) - s1@group-D228F8B5DB78->s4: decreaseNextIndex nextIndex: updateUnconditionally 1 -> 0
2023-03-14 08:39:12,716 [grpc-default-executor-6] WARN  server.GrpcLogAppender (LogUtils.java:warn(122)) - s1@group-D228F8B5DB78->s3-AppendLogResponseHandler: Failed appendEntries: org.apache.ratis.thirdparty.io.grpc.StatusRuntimeException: UNAVAILABLE: io exception
2023-03-14 08:39:12,716 [grpc-default-executor-7] WARN  server.GrpcLogAppender (LogUtils.java:warn(122)) - s1@group-D228F8B5DB78->s3-AppendLogResponseHandler: Failed appendEntries: org.apache.ratis.thirdparty.io.grpc.StatusRuntimeException: UNAVAILABLE: io exception
2023-03-14 08:39:12,716 [grpc-default-executor-4] WARN  server.GrpcLogAppender (LogUtils.java:warn(122)) - s1@group-D228F8B5DB78->s4-AppendLogResponseHandler: Failed appendEntries: org.apache.ratis.thirdparty.io.grpc.StatusRuntimeException: UNAVAILABLE: io exception
2023-03-14 08:39:12,726 [grpc-default-executor-4] WARN  server.GrpcLogAppender (LogUtils.java:warn(122)) - s1@group-D228F8B5DB78->s3-AppendLogResponseHandler: Failed appendEntries: org.apache.ratis.thirdparty.io.grpc.StatusRuntimeException: UNAVAILABLE: io exception
2023-03-14 08:39:12,726 [grpc-default-executor-7] WARN  server.GrpcLogAppender (LogUtils.java:warn(122)) - s1@group-D228F8B5DB78->s3-AppendLogResponseHandler: Failed appendEntries: org.apache.ratis.thirdparty.io.grpc.StatusRuntimeException: UNAVAILABLE: io exception
2023-03-14 08:39:12,726 [grpc-default-executor-4] INFO  leader.FollowerInfo (FollowerInfoImpl.java:lambda$new$0(52)) - s1@group-D228F8B5DB78->s3: decreaseNextIndex nextIndex: updateUnconditionally 1 -> 0
2023-03-14 08:39:12,743 [grpc-default-executor-4] WARN  server.GrpcLogAppender (LogUtils.java:warn(122)) - s1@group-D228F8B5DB78->s4-AppendLogResponseHandler: Failed appendEntries: org.apache.ratis.thirdparty.io.grpc.StatusRuntimeException: UNAVAILABLE: io exception
2023-03-14 08:39:12,743 [grpc-default-executor-7] WARN  server.GrpcLogAppender (LogUtils.java:warn(122)) - s1@group-D228F8B5DB78->s4-AppendLogResponseHandler: Failed appendEntries: org.apache.ratis.thirdparty.io.grpc.StatusRuntimeException: UNAVAILABLE: io exception
2023-03-14 08:39:12,753 [grpc-default-executor-4] WARN  server.GrpcLogAppender (LogUtils.java:warn(122)) - s1@group-D228F8B5DB78->s4-AppendLogResponseHandler: Failed appendEntries: org.apache.ratis.thirdparty.io.grpc.StatusRuntimeException: UNAVAILABLE: io exception
2023-03-14 08:39:12,753 [grpc-default-executor-7] WARN  server.GrpcLogAppender (LogUtils.java:warn(122)) - s1@group-D228F8B5DB78->s4-AppendLogResponseHandler: Failed appendEntries: org.apache.ratis.thirdparty.io.grpc.StatusRuntimeException: UNAVAILABLE: io exception
2023-03-14 08:39:12,753 [grpc-default-executor-4] INFO  leader.FollowerInfo (FollowerInfoImpl.java:lambda$new$0(52)) - s1@group-D228F8B5DB78->s4: decreaseNextIndex nextIndex: updateUnconditionally 1 -> 0
2023-03-14 08:39:12,753 [grpc-default-executor-6] WARN  server.GrpcLogAppender (LogUtils.java:warn(122)) - s1@group-D228F8B5DB78->s3-AppendLogResponseHandler: Failed appendEntries: org.apache.ratis.thirdparty.io.grpc.StatusRuntimeException: UNAVAILABLE: io exception
2023-03-14 08:39:12,753 [grpc-default-executor-1] WARN  server.GrpcLogAppender (LogUtils.java:warn(122)) - s1@group-D228F8B5DB78->s3-AppendLogResponseHandler: Failed appendEntries: org.apache.ratis.thirdparty.io.grpc.StatusRuntimeException: UNAVAILABLE: io exception
2023-03-14 08:39:12,763 [grpc-default-executor-7] WARN  server.GrpcLogAppender (LogUtils.java:warn(122)) - s1@group-D228F8B5DB78->s3-AppendLogResponseHandler: Failed appendEntries: org.apache.ratis.thirdparty.io.grpc.StatusRuntimeException: UNAVAILABLE: io exception
2023-03-14 08:39:12,763 [grpc-default-executor-7] INFO  leader.FollowerInfo (FollowerInfoImpl.java:lambda$new$0(52)) - s1@group-D228F8B5DB78->s3: decreaseNextIndex nextIndex: updateUnconditionally 1 -> 0
2023-03-14 08:39:12,764 [grpc-default-executor-1] WARN  server.GrpcLogAppender (LogUtils.java:warn(122)) - s1@group-D228F8B5DB78->s3-AppendLogResponseHandler: Failed appendEntries: org.apache.ratis.thirdparty.io.grpc.StatusRuntimeException: UNAVAILABLE: io exception
2023-03-14 08:39:12,780 [grpc-default-executor-1] WARN  server.GrpcLogAppender (LogUtils.java:warn(122)) - s1@group-D228F8B5DB78->s4-AppendLogResponseHandler: Failed appendEntries: org.apache.ratis.thirdparty.io.grpc.StatusRuntimeException: UNAVAILABLE: io exception
2023-03-14 08:39:12,780 [grpc-default-executor-7] WARN  server.GrpcLogAppender (LogUtils.java:warn(122)) - s1@group-D228F8B5DB78->s4-AppendLogResponseHandler: Failed appendEntries: org.apache.ratis.thirdparty.io.grpc.StatusRuntimeException: UNAVAILABLE: io exception
2023-03-14 08:39:12,790 [grpc-default-executor-7] WARN  server.GrpcLogAppender (LogUtils.java:warn(122)) - s1@group-D228F8B5DB78->s4-AppendLogResponseHandler: Failed appendEntries: org.apache.ratis.thirdparty.io.grpc.StatusRuntimeException: UNAVAILABLE: io exception
2023-03-14 08:39:12,790 [grpc-default-executor-7] INFO  leader.FollowerInfo (FollowerInfoImpl.java:lambda$new$0(52)) - s1@group-D228F8B5DB78->s4: decreaseNextIndex nextIndex: updateUnconditionally 1 -> 0
2023-03-14 08:39:12,790 [grpc-default-executor-1] WARN  server.GrpcLogAppender (LogUtils.java:warn(122)) - s1@group-D228F8B5DB78->s4-AppendLogResponseHandler: Failed appendEntries: org.apache.ratis.thirdparty.io.grpc.StatusRuntimeException: UNAVAILABLE: io exception
2023-03-14 08:39:12,791 [grpc-default-executor-1] WARN  server.GrpcLogAppender (LogUtils.java:warn(122)) - s1@group-D228F8B5DB78->s3-AppendLogResponseHandler: Failed appendEntries: org.apache.ratis.thirdparty.io.grpc.StatusRuntimeException: UNAVAILABLE: io exception
2023-03-14 08:39:12,791 [grpc-default-executor-7] WARN  server.GrpcLogAppender (LogUtils.java:warn(122)) - s1@group-D228F8B5DB78->s3-AppendLogResponseHandler: Failed appendEntries: org.apache.ratis.thirdparty.io.grpc.StatusRuntimeException: UNAVAILABLE: io exception
2023-03-14 08:39:12,801 [grpc-default-executor-7] WARN  server.GrpcLogAppender (LogUtils.java:warn(122)) - s1@group-D228F8B5DB78->s3-AppendLogResponseHandler: Failed appendEntries: org.apache.ratis.thirdparty.io.grpc.StatusRuntimeException: UNAVAILABLE: io exception
2023-03-14 08:39:12,801 [grpc-default-executor-7] INFO  leader.FollowerInfo (FollowerInfoImpl.java:lambda$new$0(52)) - s1@group-D228F8B5DB78->s3: decreaseNextIndex nextIndex: updateUnconditionally 1 -> 0
2023-03-14 08:39:12,801 [grpc-default-executor-1] WARN  server.GrpcLogAppender (LogUtils.java:warn(122)) - s1@group-D228F8B5DB78->s3-AppendLogResponseHandler: Failed appendEntries: org.apache.ratis.thirdparty.io.grpc.StatusRuntimeException: UNAVAILABLE: io exception
2023-03-14 08:39:12,817 [grpc-default-executor-1] WARN  server.GrpcLogAppender (LogUtils.java:warn(122)) - s1@group-D228F8B5DB78->s4-AppendLogResponseHandler: Failed appendEntries: org.apache.ratis.thirdparty.io.grpc.StatusRuntimeException: UNAVAILABLE: io exception
2023-03-14 08:39:12,817 [grpc-default-executor-7] WARN  server.GrpcLogAppender (LogUtils.java:warn(122)) - s1@group-D228F8B5DB78->s4-AppendLogResponseHandler: Failed appendEntries: org.apache.ratis.thirdparty.io.grpc.StatusRuntimeException: UNAVAILABLE: io exception
2023-03-14 08:39:12,827 [grpc-default-executor-7] WARN  server.GrpcLogAppender (LogUtils.java:warn(122)) - s1@group-D228F8B5DB78->s4-AppendLogResponseHandler: Failed appendEntries: org.apache.ratis.thirdparty.io.grpc.StatusRuntimeException: UNAVAILABLE: io exception
2023-03-14 08:39:12,828 [grpc-default-executor-7] INFO  leader.FollowerInfo (FollowerInfoImpl.java:lambda$new$0(52)) - s1@group-D228F8B5DB78->s4: decreaseNextIndex nextIndex: updateUnconditionally 1 -> 0
2023-03-14 08:39:12,828 [grpc-default-executor-1] WARN  server.GrpcLogAppender (LogUtils.java:warn(122)) - s1@group-D228F8B5DB78->s4-AppendLogResponseHandler: Failed appendEntries: org.apache.ratis.thirdparty.io.grpc.StatusRuntimeException: UNAVAILABLE: io exception
2023-03-14 08:39:12,828 [grpc-default-executor-1] WARN  server.GrpcLogAppender (LogUtils.java:warn(122)) - s1@group-D228F8B5DB78->s3-AppendLogResponseHandler: Failed appendEntries: org.apache.ratis.thirdparty.io.grpc.StatusRuntimeException: UNAVAILABLE: io exception
2023-03-14 08:39:12,828 [grpc-default-executor-7] WARN  server.GrpcLogAppender (LogUtils.java:warn(122)) - s1@group-D228F8B5DB78->s3-AppendLogResponseHandler: Failed appendEntries: org.apache.ratis.thirdparty.io.grpc.StatusRuntimeException: UNAVAILABLE: io exception
2023-03-14 08:39:12,839 [grpc-default-executor-7] WARN  server.GrpcLogAppender (LogUtils.java:warn(122)) - s1@group-D228F8B5DB78->s3-AppendLogResponseHandler: Failed appendEntries: org.apache.ratis.thirdparty.io.grpc.StatusRuntimeException: UNAVAILABLE: io exception
2023-03-14 08:39:12,840 [grpc-default-executor-7] INFO  leader.FollowerInfo (FollowerInfoImpl.java:lambda$new$0(52)) - s1@group-D228F8B5DB78->s3: decreaseNextIndex nextIndex: updateUnconditionally 1 -> 0
2023-03-14 08:39:12,840 [grpc-default-executor-1] WARN  server.GrpcLogAppender (LogUtils.java:warn(122)) - s1@group-D228F8B5DB78->s3-AppendLogResponseHandler: Failed appendEntries: org.apache.ratis.thirdparty.io.grpc.StatusRuntimeException: UNAVAILABLE: io exception
2023-03-14 08:39:12,855 [grpc-default-executor-1] WARN  server.GrpcLogAppender (LogUtils.java:warn(122)) - s1@group-D228F8B5DB78->s4-AppendLogResponseHandler: Failed appendEntries: org.apache.ratis.thirdparty.io.grpc.StatusRuntimeException: UNAVAILABLE: io exception
2023-03-14 08:39:12,855 [grpc-default-executor-7] WARN  server.GrpcLogAppender (LogUtils.java:warn(122)) - s1@group-D228F8B5DB78->s4-AppendLogResponseHandler: Failed appendEntries: org.apache.ratis.thirdparty.io.grpc.StatusRuntimeException: UNAVAILABLE: io exception
2023-03-14 08:39:12,865 [grpc-default-executor-7] WARN  server.GrpcLogAppender (LogUtils.java:warn(122)) - s1@group-D228F8B5DB78->s4-AppendLogResponseHandler: Failed appendEntries: org.apache.ratis.thirdparty.io.grpc.StatusRuntimeException: UNAVAILABLE: io exception
2023-03-14 08:39:12,865 [grpc-default-executor-7] INFO  leader.FollowerInfo (FollowerInfoImpl.java:lambda$new$0(52)) - s1@group-D228F8B5DB78->s4: decreaseNextIndex nextIndex: updateUnconditionally 1 -> 0
2023-03-14 08:39:12,865 [grpc-default-executor-1] WARN  server.GrpcLogAppender (LogUtils.java:warn(122)) - s1@group-D228F8B5DB78->s4-AppendLogResponseHandler: Failed appendEntries: org.apache.ratis.thirdparty.io.grpc.StatusRuntimeException: UNAVAILABLE: io exception
2023-03-14 08:39:12,866 [grpc-default-executor-7] WARN  server.GrpcLogAppender (LogUtils.java:warn(122)) - s1@group-D228F8B5DB78->s3-AppendLogResponseHandler: Failed appendEntries: org.apache.ratis.thirdparty.io.grpc.StatusRuntimeException: UNAVAILABLE: io exception
2023-03-14 08:39:12,866 [grpc-default-executor-1] WARN  server.GrpcLogAppender (LogUtils.java:warn(122)) - s1@group-D228F8B5DB78->s3-AppendLogResponseHandler: Failed appendEntries: org.apache.ratis.thirdparty.io.grpc.StatusRuntimeException: UNAVAILABLE: io exception
2023-03-14 08:39:12,876 [grpc-default-executor-1] WARN  server.GrpcLogAppender (LogUtils.java:warn(122)) - s1@group-D228F8B5DB78->s3-AppendLogResponseHandler: Failed appendEntries: org.apache.ratis.thirdparty.io.grpc.StatusRuntimeException: UNAVAILABLE: io exception
2023-03-14 08:39:12,876 [grpc-default-executor-1] INFO  leader.FollowerInfo (FollowerInfoImpl.java:lambda$new$0(52)) - s1@group-D228F8B5DB78->s3: decreaseNextIndex nextIndex: updateUnconditionally 1 -> 0
2023-03-14 08:39:12,876 [grpc-default-executor-7] WARN  server.GrpcLogAppender (LogUtils.java:warn(122)) - s1@group-D228F8B5DB78->s3-AppendLogResponseHandler: Failed appendEntries: org.apache.ratis.thirdparty.io.grpc.StatusRuntimeException: UNAVAILABLE: io exception
2023-03-14 08:39:12,892 [grpc-default-executor-7] WARN  server.GrpcLogAppender (LogUtils.java:warn(122)) - s1@group-D228F8B5DB78->s4-AppendLogResponseHandler: Failed appendEntries: org.apache.ratis.thirdparty.io.grpc.StatusRuntimeException: UNAVAILABLE: io exception
2023-03-14 08:39:12,892 [grpc-default-executor-1] WARN  server.GrpcLogAppender (LogUtils.java:warn(122)) - s1@group-D228F8B5DB78->s4-AppendLogResponseHandler: Failed appendEntries: org.apache.ratis.thirdparty.io.grpc.StatusRuntimeException: UNAVAILABLE: io exception
2023-03-14 08:39:12,902 [grpc-default-executor-1] WARN  server.GrpcLogAppender (LogUtils.java:warn(122)) - s1@group-D228F8B5DB78->s4-AppendLogResponseHandler: Failed appendEntries: org.apache.ratis.thirdparty.io.grpc.StatusRuntimeException: UNAVAILABLE: io exception
2023-03-14 08:39:12,902 [grpc-default-executor-7] WARN  server.GrpcLogAppender (LogUtils.java:warn(122)) - s1@group-D228F8B5DB78->s4-AppendLogResponseHandler: Failed appendEntries: org.apache.ratis.thirdparty.io.grpc.StatusRuntimeException: UNAVAILABLE: io exception
2023-03-14 08:39:12,902 [grpc-default-executor-1] INFO  leader.FollowerInfo (FollowerInfoImpl.java:lambda$new$0(52)) - s1@group-D228F8B5DB78->s4: decreaseNextIndex nextIndex: updateUnconditionally 1 -> 0
2023-03-14 08:39:12,903 [grpc-default-executor-7] WARN  server.GrpcLogAppender (LogUtils.java:warn(122)) - s1@group-D228F8B5DB78->s3-AppendLogResponseHandler: Failed appendEntries: org.apache.ratis.thirdparty.io.grpc.StatusRuntimeException: UNAVAILABLE: io exception
2023-03-14 08:39:12,903 [grpc-default-executor-1] WARN  server.GrpcLogAppender (LogUtils.java:warn(122)) - s1@group-D228F8B5DB78->s3-AppendLogResponseHandler: Failed appendEntries: org.apache.ratis.thirdparty.io.grpc.StatusRuntimeException: UNAVAILABLE: io exception
2023-03-14 08:39:12,913 [grpc-default-executor-1] WARN  server.GrpcLogAppender (LogUtils.java:warn(122)) - s1@group-D228F8B5DB78->s3-AppendLogResponseHandler: Failed appendEntries: org.apache.ratis.thirdparty.io.grpc.StatusRuntimeException: UNAVAILABLE: io exception
2023-03-14 08:39:12,913 [grpc-default-executor-1] INFO  leader.FollowerInfo (FollowerInfoImpl.java:lambda$new$0(52)) - s1@group-D228F8B5DB78->s3: decreaseNextIndex nextIndex: updateUnconditionally 1 -> 0
2023-03-14 08:39:12,913 [grpc-default-executor-7] WARN  server.GrpcLogAppender (LogUtils.java:warn(122)) - s1@group-D228F8B5DB78->s3-AppendLogResponseHandler: Failed appendEntries: org.apache.ratis.thirdparty.io.grpc.StatusRuntimeException: UNAVAILABLE: io exception
2023-03-14 08:39:12,929 [grpc-default-executor-7] WARN  server.GrpcLogAppender (LogUtils.java:warn(122)) - s1@group-D228F8B5DB78->s4-AppendLogResponseHandler: Failed appendEntries: org.apache.ratis.thirdparty.io.grpc.StatusRuntimeException: UNAVAILABLE: io exception
2023-03-14 08:39:12,929 [grpc-default-executor-1] WARN  server.GrpcLogAppender (LogUtils.java:warn(122)) - s1@group-D228F8B5DB78->s4-AppendLogResponseHandler: Failed appendEntries: org.apache.ratis.thirdparty.io.grpc.StatusRuntimeException: UNAVAILABLE: io exception
2023-03-14 08:39:12,939 [grpc-default-executor-1] WARN  server.GrpcLogAppender (LogUtils.java:warn(122)) - s1@group-D228F8B5DB78->s4-AppendLogResponseHandler: Failed appendEntries: org.apache.ratis.thirdparty.io.grpc.StatusRuntimeException: UNAVAILABLE: io exception
2023-03-14 08:39:12,939 [grpc-default-executor-1] INFO  leader.FollowerInfo (FollowerInfoImpl.java:lambda$new$0(52)) - s1@group-D228F8B5DB78->s4: decreaseNextIndex nextIndex: updateUnconditionally 1 -> 0
2023-03-14 08:39:12,939 [grpc-default-executor-7] WARN  server.GrpcLogAppender (LogUtils.java:warn(122)) - s1@group-D228F8B5DB78->s4-AppendLogResponseHandler: Failed appendEntries: org.apache.ratis.thirdparty.io.grpc.StatusRuntimeException: UNAVAILABLE: io exception
2023-03-14 08:39:12,940 [grpc-default-executor-7] WARN  server.GrpcLogAppender (LogUtils.java:warn(122)) - s1@group-D228F8B5DB78->s3-AppendLogResponseHandler: Failed appendEntries: org.apache.ratis.thirdparty.io.grpc.StatusRuntimeException: UNAVAILABLE: io exception
2023-03-14 08:39:12,940 [grpc-default-executor-1] WARN  server.GrpcLogAppender (LogUtils.java:warn(122)) - s1@group-D228F8B5DB78->s3-AppendLogResponseHandler: Failed appendEntries: org.apache.ratis.thirdparty.io.grpc.StatusRuntimeException: UNAVAILABLE: io exception
2023-03-14 08:39:12,950 [grpc-default-executor-1] WARN  server.GrpcLogAppender (LogUtils.java:warn(122)) - s1@group-D228F8B5DB78->s3-AppendLogResponseHandler: Failed appendEntries: org.apache.ratis.thirdparty.io.grpc.StatusRuntimeException: UNAVAILABLE: io exception
2023-03-14 08:39:12,950 [grpc-default-executor-1] INFO  leader.FollowerInfo (FollowerInfoImpl.java:lambda$new$0(52)) - s1@group-D228F8B5DB78->s3: decreaseNextIndex nextIndex: updateUnconditionally 1 -> 0
2023-03-14 08:39:12,950 [grpc-default-executor-7] WARN  server.GrpcLogAppender (LogUtils.java:warn(122)) - s1@group-D228F8B5DB78->s3-AppendLogResponseHandler: Failed appendEntries: org.apache.ratis.thirdparty.io.grpc.StatusRuntimeException: UNAVAILABLE: io exception
2023-03-14 08:39:12,966 [grpc-default-executor-7] WARN  server.GrpcLogAppender (LogUtils.java:warn(122)) - s1@group-D228F8B5DB78->s4-AppendLogResponseHandler: Failed appendEntries: org.apache.ratis.thirdparty.io.grpc.StatusRuntimeException: UNAVAILABLE: io exception
2023-03-14 08:39:12,966 [grpc-default-executor-1] WARN  server.GrpcLogAppender (LogUtils.java:warn(122)) - s1@group-D228F8B5DB78->s4-AppendLogResponseHandler: Failed appendEntries: org.apache.ratis.thirdparty.io.grpc.StatusRuntimeException: UNAVAILABLE: io exception
2023-03-14 08:39:12,976 [grpc-default-executor-1] WARN  server.GrpcLogAppender (LogUtils.java:warn(122)) - s1@group-D228F8B5DB78->s4-AppendLogResponseHandler: Failed appendEntries: org.apache.ratis.thirdparty.io.grpc.StatusRuntimeException: UNAVAILABLE: io exception
2023-03-14 08:39:12,977 [grpc-default-executor-1] INFO  leader.FollowerInfo (FollowerInfoImpl.java:lambda$new$0(52)) - s1@group-D228F8B5DB78->s4: decreaseNextIndex nextIndex: updateUnconditionally 1 -> 0
2023-03-14 08:39:12,977 [grpc-default-executor-7] WARN  server.GrpcLogAppender (LogUtils.java:warn(122)) - s1@group-D228F8B5DB78->s4-AppendLogResponseHandler: Failed appendEntries: org.apache.ratis.thirdparty.io.grpc.StatusRuntimeException: UNAVAILABLE: io exception
2023-03-14 08:39:12,977 [grpc-default-executor-7] WARN  server.GrpcLogAppender (LogUtils.java:warn(122)) - s1@group-D228F8B5DB78->s3-AppendLogResponseHandler: Failed appendEntries: org.apache.ratis.thirdparty.io.grpc.StatusRuntimeException: UNAVAILABLE: io exception
2023-03-14 08:39:12,978 [grpc-default-executor-1] WARN  server.GrpcLogAppender (LogUtils.java:warn(122)) - s1@group-D228F8B5DB78->s3-AppendLogResponseHandler: Failed appendEntries: org.apache.ratis.thirdparty.io.grpc.StatusRuntimeException: UNAVAILABLE: io exception
2023-03-14 08:39:12,987 [grpc-default-executor-1] WARN  server.GrpcLogAppender (LogUtils.java:warn(122)) - s1@group-D228F8B5DB78->s3-AppendLogResponseHandler: Failed appendEntries: org.apache.ratis.thirdparty.io.grpc.StatusRuntimeException: UNAVAILABLE: io exception
2023-03-14 08:39:12,988 [grpc-default-executor-1] INFO  leader.FollowerInfo (FollowerInfoImpl.java:lambda$new$0(52)) - s1@group-D228F8B5DB78->s3: decreaseNextIndex nextIndex: updateUnconditionally 1 -> 0
2023-03-14 08:39:12,988 [grpc-default-executor-7] WARN  server.GrpcLogAppender (LogUtils.java:warn(122)) - s1@group-D228F8B5DB78->s3-AppendLogResponseHandler: Failed appendEntries: org.apache.ratis.thirdparty.io.grpc.StatusRuntimeException: UNAVAILABLE: io exception
2023-03-14 08:39:13,004 [grpc-default-executor-7] WARN  server.GrpcLogAppender (LogUtils.java:warn(122)) - s1@group-D228F8B5DB78->s4-AppendLogResponseHandler: Failed appendEntries: org.apache.ratis.thirdparty.io.grpc.StatusRuntimeException: UNAVAILABLE: io exception
2023-03-14 08:39:13,004 [grpc-default-executor-1] WARN  server.GrpcLogAppender (LogUtils.java:warn(122)) - s1@group-D228F8B5DB78->s4-AppendLogResponseHandler: Failed appendEntries: org.apache.ratis.thirdparty.io.grpc.StatusRuntimeException: UNAVAILABLE: io exception
2023-03-14 08:39:13,014 [grpc-default-executor-1] WARN  server.GrpcLogAppender (LogUtils.java:warn(122)) - s1@group-D228F8B5DB78->s4-AppendLogResponseHandler: Failed appendEntries: org.apache.ratis.thirdparty.io.grpc.StatusRuntimeException: UNAVAILABLE: io exception
2023-03-14 08:39:13,014 [grpc-default-executor-1] INFO  leader.FollowerInfo (FollowerInfoImpl.java:lambda$new$0(52)) - s1@group-D228F8B5DB78->s4: decreaseNextIndex nextIndex: updateUnconditionally 1 -> 0
2023-03-14 08:39:13,014 [grpc-default-executor-7] WARN  server.GrpcLogAppender (LogUtils.java:warn(122)) - s1@group-D228F8B5DB78->s4-AppendLogResponseHandler: Failed appendEntries: org.apache.ratis.thirdparty.io.grpc.StatusRuntimeException: UNAVAILABLE: io exception
2023-03-14 08:39:13,014 [grpc-default-executor-7] WARN  server.GrpcLogAppender (LogUtils.java:warn(122)) - s1@group-D228F8B5DB78->s3-AppendLogResponseHandler: Failed appendEntries: org.apache.ratis.thirdparty.io.grpc.StatusRuntimeException: UNAVAILABLE: io exception
2023-03-14 08:39:13,015 [grpc-default-executor-1] WARN  server.GrpcLogAppender (LogUtils.java:warn(122)) - s1@group-D228F8B5DB78->s3-AppendLogResponseHandler: Failed appendEntries: org.apache.ratis.thirdparty.io.grpc.StatusRuntimeException: UNAVAILABLE: io exception
2023-03-14 08:39:13,025 [grpc-default-executor-1] WARN  server.GrpcLogAppender (LogUtils.java:warn(122)) - s1@group-D228F8B5DB78->s3-AppendLogResponseHandler: Failed appendEntries: org.apache.ratis.thirdparty.io.grpc.StatusRuntimeException: UNAVAILABLE: io exception
2023-03-14 08:39:13,025 [grpc-default-executor-1] INFO  leader.FollowerInfo (FollowerInfoImpl.java:lambda$new$0(52)) - s1@group-D228F8B5DB78->s3: decreaseNextIndex nextIndex: updateUnconditionally 1 -> 0
2023-03-14 08:39:13,025 [grpc-default-executor-7] WARN  server.GrpcLogAppender (LogUtils.java:warn(122)) - s1@group-D228F8B5DB78->s3-AppendLogResponseHandler: Failed appendEntries: org.apache.ratis.thirdparty.io.grpc.StatusRuntimeException: UNAVAILABLE: io exception
2023-03-14 08:39:13,041 [grpc-default-executor-7] WARN  server.GrpcLogAppender (LogUtils.java:warn(122)) - s1@group-D228F8B5DB78->s4-AppendLogResponseHandler: Failed appendEntries: org.apache.ratis.thirdparty.io.grpc.StatusRuntimeException: UNAVAILABLE: io exception
2023-03-14 08:39:13,041 [grpc-default-executor-1] WARN  server.GrpcLogAppender (LogUtils.java:warn(122)) - s1@group-D228F8B5DB78->s4-AppendLogResponseHandler: Failed appendEntries: org.apache.ratis.thirdparty.io.grpc.StatusRuntimeException: UNAVAILABLE: io exception
2023-03-14 08:39:13,051 [grpc-default-executor-1] WARN  server.GrpcLogAppender (LogUtils.java:warn(122)) - s1@group-D228F8B5DB78->s4-AppendLogResponseHandler: Failed appendEntries: org.apache.ratis.thirdparty.io.grpc.StatusRuntimeException: UNAVAILABLE: io exception
2023-03-14 08:39:13,051 [grpc-default-executor-1] INFO  leader.FollowerInfo (FollowerInfoImpl.java:lambda$new$0(52)) - s1@group-D228F8B5DB78->s4: decreaseNextIndex nextIndex: updateUnconditionally 1 -> 0
2023-03-14 08:39:13,051 [grpc-default-executor-7] WARN  server.GrpcLogAppender (LogUtils.java:warn(122)) - s1@group-D228F8B5DB78->s4-AppendLogResponseHandler: Failed appendEntries: org.apache.ratis.thirdparty.io.grpc.StatusRuntimeException: UNAVAILABLE: io exception
2023-03-14 08:39:13,053 [grpc-default-executor-7] WARN  server.GrpcLogAppender (LogUtils.java:warn(122)) - s1@group-D228F8B5DB78->s3-AppendLogResponseHandler: Failed appendEntries: org.apache.ratis.thirdparty.io.grpc.StatusRuntimeException: UNAVAILABLE: io exception
2023-03-14 08:39:13,054 [grpc-default-executor-1] WARN  server.GrpcLogAppender (LogUtils.java:warn(122)) - s1@group-D228F8B5DB78->s3-AppendLogResponseHandler: Failed appendEntries: org.apache.ratis.thirdparty.io.grpc.StatusRuntimeException: UNAVAILABLE: io exception
2023-03-14 08:39:13,064 [grpc-default-executor-1] WARN  server.GrpcLogAppender (LogUtils.java:warn(122)) - s1@group-D228F8B5DB78->s3-AppendLogResponseHandler: Failed appendEntries: org.apache.ratis.thirdparty.io.grpc.StatusRuntimeException: UNAVAILABLE: io exception
2023-03-14 08:39:13,064 [grpc-default-executor-1] INFO  leader.FollowerInfo (FollowerInfoImpl.java:lambda$new$0(52)) - s1@group-D228F8B5DB78->s3: decreaseNextIndex nextIndex: updateUnconditionally 1 -> 0
2023-03-14 08:39:13,064 [grpc-default-executor-7] WARN  server.GrpcLogAppender (LogUtils.java:warn(122)) - s1@group-D228F8B5DB78->s3-AppendLogResponseHandler: Failed appendEntries: org.apache.ratis.thirdparty.io.grpc.StatusRuntimeException: UNAVAILABLE: io exception
2023-03-14 08:39:13,078 [grpc-default-executor-1] WARN  server.GrpcLogAppender (LogUtils.java:warn(122)) - s1@group-D228F8B5DB78->s4-AppendLogResponseHandler: Failed appendEntries: org.apache.ratis.thirdparty.io.grpc.StatusRuntimeException: UNAVAILABLE: io exception
2023-03-14 08:39:13,078 [grpc-default-executor-7] WARN  server.GrpcLogAppender (LogUtils.java:warn(122)) - s1@group-D228F8B5DB78->s4-AppendLogResponseHandler: Failed appendEntries: org.apache.ratis.thirdparty.io.grpc.StatusRuntimeException: UNAVAILABLE: io exception
2023-03-14 08:39:13,088 [grpc-default-executor-1] WARN  server.GrpcLogAppender (LogUtils.java:warn(122)) - s1@group-D228F8B5DB78->s4-AppendLogResponseHandler: Failed appendEntries: org.apache.ratis.thirdparty.io.grpc.StatusRuntimeException: UNAVAILABLE: io exception
2023-03-14 08:39:13,088 [grpc-default-executor-1] INFO  leader.FollowerInfo (FollowerInfoImpl.java:lambda$new$0(52)) - s1@group-D228F8B5DB78->s4: decreaseNextIndex nextIndex: updateUnconditionally 1 -> 0
2023-03-14 08:39:13,088 [grpc-default-executor-7] WARN  server.GrpcLogAppender (LogUtils.java:warn(122)) - s1@group-D228F8B5DB78->s4-AppendLogResponseHandler: Failed appendEntries: org.apache.ratis.thirdparty.io.grpc.StatusRuntimeException: UNAVAILABLE: io exception
2023-03-14 08:39:13,091 [grpc-default-executor-7] WARN  server.GrpcLogAppender (LogUtils.java:warn(122)) - s1@group-D228F8B5DB78->s3-AppendLogResponseHandler: Failed appendEntries: org.apache.ratis.thirdparty.io.grpc.StatusRuntimeException: UNAVAILABLE: io exception
2023-03-14 08:39:13,091 [grpc-default-executor-1] WARN  server.GrpcLogAppender (LogUtils.java:warn(122)) - s1@group-D228F8B5DB78->s3-AppendLogResponseHandler: Failed appendEntries: org.apache.ratis.thirdparty.io.grpc.StatusRuntimeException: UNAVAILABLE: io exception
2023-03-14 08:39:13,101 [grpc-default-executor-1] WARN  server.GrpcLogAppender (LogUtils.java:warn(122)) - s1@group-D228F8B5DB78->s3-AppendLogResponseHandler: Failed appendEntries: org.apache.ratis.thirdparty.io.grpc.StatusRuntimeException: UNAVAILABLE: io exception
2023-03-14 08:39:13,101 [grpc-default-executor-1] INFO  leader.FollowerInfo (FollowerInfoImpl.java:lambda$new$0(52)) - s1@group-D228F8B5DB78->s3: decreaseNextIndex nextIndex: updateUnconditionally 1 -> 0
2023-03-14 08:39:13,101 [grpc-default-executor-7] WARN  server.GrpcLogAppender (LogUtils.java:warn(122)) - s1@group-D228F8B5DB78->s3-AppendLogResponseHandler: Failed appendEntries: org.apache.ratis.thirdparty.io.grpc.StatusRuntimeException: UNAVAILABLE: io exception
2023-03-14 08:39:13,115 [grpc-default-executor-7] WARN  server.GrpcLogAppender (LogUtils.java:warn(122)) - s1@group-D228F8B5DB78->s4-AppendLogResponseHandler: Failed appendEntries: org.apache.ratis.thirdparty.io.grpc.StatusRuntimeException: UNAVAILABLE: io exception
2023-03-14 08:39:13,116 [grpc-default-executor-1] WARN  server.GrpcLogAppender (LogUtils.java:warn(122)) - s1@group-D228F8B5DB78->s4-AppendLogResponseHandler: Failed appendEntries: org.apache.ratis.thirdparty.io.grpc.StatusRuntimeException: UNAVAILABLE: io exception
2023-03-14 08:39:13,126 [grpc-default-executor-1] WARN  server.GrpcLogAppender (LogUtils.java:warn(122)) - s1@group-D228F8B5DB78->s4-AppendLogResponseHandler: Failed appendEntries: org.apache.ratis.thirdparty.io.grpc.StatusRuntimeException: UNAVAILABLE: io exception
2023-03-14 08:39:13,126 [grpc-default-executor-1] INFO  leader.FollowerInfo (FollowerInfoImpl.java:lambda$new$0(52)) - s1@group-D228F8B5DB78->s4: decreaseNextIndex nextIndex: updateUnconditionally 1 -> 0
2023-03-14 08:39:13,126 [grpc-default-executor-7] WARN  server.GrpcLogAppender (LogUtils.java:warn(122)) - s1@group-D228F8B5DB78->s4-AppendLogResponseHandler: Failed appendEntries: org.apache.ratis.thirdparty.io.grpc.StatusRuntimeException: UNAVAILABLE: io exception
2023-03-14 08:39:13,128 [grpc-default-executor-7] WARN  server.GrpcLogAppender (LogUtils.java:warn(122)) - s1@group-D228F8B5DB78->s3-AppendLogResponseHandler: Failed appendEntries: org.apache.ratis.thirdparty.io.grpc.StatusRuntimeException: UNAVAILABLE: io exception
2023-03-14 08:39:13,128 [grpc-default-executor-1] WARN  server.GrpcLogAppender (LogUtils.java:warn(122)) - s1@group-D228F8B5DB78->s3-AppendLogResponseHandler: Failed appendEntries: org.apache.ratis.thirdparty.io.grpc.StatusRuntimeException: UNAVAILABLE: io exception
2023-03-14 08:39:13,138 [grpc-default-executor-1] WARN  server.GrpcLogAppender (LogUtils.java:warn(122)) - s1@group-D228F8B5DB78->s3-AppendLogResponseHandler: Failed appendEntries: org.apache.ratis.thirdparty.io.grpc.StatusRuntimeException: UNAVAILABLE: io exception
2023-03-14 08:39:13,138 [grpc-default-executor-1] INFO  leader.FollowerInfo (FollowerInfoImpl.java:lambda$new$0(52)) - s1@group-D228F8B5DB78->s3: decreaseNextIndex nextIndex: updateUnconditionally 1 -> 0
2023-03-14 08:39:13,138 [grpc-default-executor-7] WARN  server.GrpcLogAppender (LogUtils.java:warn(122)) - s1@group-D228F8B5DB78->s3-AppendLogResponseHandler: Failed appendEntries: org.apache.ratis.thirdparty.io.grpc.StatusRuntimeException: UNAVAILABLE: io exception
2023-03-14 08:39:13,153 [grpc-default-executor-1] WARN  server.GrpcLogAppender (LogUtils.java:warn(122)) - s1@group-D228F8B5DB78->s4-AppendLogResponseHandler: Failed appendEntries: org.apache.ratis.thirdparty.io.grpc.StatusRuntimeException: UNAVAILABLE: io exception
2023-03-14 08:39:13,153 [grpc-default-executor-7] WARN  server.GrpcLogAppender (LogUtils.java:warn(122)) - s1@group-D228F8B5DB78->s4-AppendLogResponseHandler: Failed appendEntries: org.apache.ratis.thirdparty.io.grpc.StatusRuntimeException: UNAVAILABLE: io exception
2023-03-14 08:39:13,163 [grpc-default-executor-1] WARN  server.GrpcLogAppender (LogUtils.java:warn(122)) - s1@group-D228F8B5DB78->s4-AppendLogResponseHandler: Failed appendEntries: org.apache.ratis.thirdparty.io.grpc.StatusRuntimeException: UNAVAILABLE: io exception
2023-03-14 08:39:13,163 [grpc-default-executor-7] WARN  server.GrpcLogAppender (LogUtils.java:warn(122)) - s1@group-D228F8B5DB78->s4-AppendLogResponseHandler: Failed appendEntries: org.apache.ratis.thirdparty.io.grpc.StatusRuntimeException: UNAVAILABLE: io exception
2023-03-14 08:39:13,163 [grpc-default-executor-1] INFO  leader.FollowerInfo (FollowerInfoImpl.java:lambda$new$0(52)) - s1@group-D228F8B5DB78->s4: decreaseNextIndex nextIndex: updateUnconditionally 1 -> 0
2023-03-14 08:39:13,165 [grpc-default-executor-7] WARN  server.GrpcLogAppender (LogUtils.java:warn(122)) - s1@group-D228F8B5DB78->s3-AppendLogResponseHandler: Failed appendEntries: org.apache.ratis.thirdparty.io.grpc.StatusRuntimeException: UNAVAILABLE: io exception
2023-03-14 08:39:13,165 [grpc-default-executor-1] WARN  server.GrpcLogAppender (LogUtils.java:warn(122)) - s1@group-D228F8B5DB78->s3-AppendLogResponseHandler: Failed appendEntries: org.apache.ratis.thirdparty.io.grpc.StatusRuntimeException: UNAVAILABLE: io exception
2023-03-14 08:39:13,175 [grpc-default-executor-1] WARN  server.GrpcLogAppender (LogUtils.java:warn(122)) - s1@group-D228F8B5DB78->s3-AppendLogResponseHandler: Failed appendEntries: org.apache.ratis.thirdparty.io.grpc.StatusRuntimeException: UNAVAILABLE: io exception
2023-03-14 08:39:13,175 [grpc-default-executor-1] INFO  leader.FollowerInfo (FollowerInfoImpl.java:lambda$new$0(52)) - s1@group-D228F8B5DB78->s3: decreaseNextIndex nextIndex: updateUnconditionally 1 -> 0
2023-03-14 08:39:13,175 [grpc-default-executor-7] WARN  server.GrpcLogAppender (LogUtils.java:warn(122)) - s1@group-D228F8B5DB78->s3-AppendLogResponseHandler: Failed appendEntries: org.apache.ratis.thirdparty.io.grpc.StatusRuntimeException: UNAVAILABLE: io exception
2023-03-14 08:39:13,190 [grpc-default-executor-7] WARN  server.GrpcLogAppender (LogUtils.java:warn(122)) - s1@group-D228F8B5DB78->s4-AppendLogResponseHandler: Failed appendEntries: org.apache.ratis.thirdparty.io.grpc.StatusRuntimeException: UNAVAILABLE: io exception
2023-03-14 08:39:13,190 [grpc-default-executor-1] WARN  server.GrpcLogAppender (LogUtils.java:warn(122)) - s1@group-D228F8B5DB78->s4-AppendLogResponseHandler: Failed appendEntries: org.apache.ratis.thirdparty.io.grpc.StatusRuntimeException: UNAVAILABLE: io exception
2023-03-14 08:39:13,200 [grpc-default-executor-1] WARN  server.GrpcLogAppender (LogUtils.java:warn(122)) - s1@group-D228F8B5DB78->s4-AppendLogResponseHandler: Failed appendEntries: org.apache.ratis.thirdparty.io.grpc.StatusRuntimeException: UNAVAILABLE: io exception
2023-03-14 08:39:13,200 [grpc-default-executor-1] INFO  leader.FollowerInfo (FollowerInfoImpl.java:lambda$new$0(52)) - s1@group-D228F8B5DB78->s4: decreaseNextIndex nextIndex: updateUnconditionally 1 -> 0
2023-03-14 08:39:13,200 [grpc-default-executor-7] WARN  server.GrpcLogAppender (LogUtils.java:warn(122)) - s1@group-D228F8B5DB78->s4-AppendLogResponseHandler: Failed appendEntries: org.apache.ratis.thirdparty.io.grpc.StatusRuntimeException: UNAVAILABLE: io exception
2023-03-14 08:39:13,202 [grpc-default-executor-7] WARN  server.GrpcLogAppender (LogUtils.java:warn(122)) - s1@group-D228F8B5DB78->s3-AppendLogResponseHandler: Failed appendEntries: org.apache.ratis.thirdparty.io.grpc.StatusRuntimeException: UNAVAILABLE: io exception
2023-03-14 08:39:13,202 [grpc-default-executor-1] WARN  server.GrpcLogAppender (LogUtils.java:warn(122)) - s1@group-D228F8B5DB78->s3-AppendLogResponseHandler: Failed appendEntries: org.apache.ratis.thirdparty.io.grpc.StatusRuntimeException: UNAVAILABLE: io exception
2023-03-14 08:39:13,209 [s1@group-D228F8B5DB78-LeaderStateImpl] DEBUG server.RaftServer$Division (LeaderStateImpl.java:checkProgress(762)) - s1@group-D228F8B5DB78-LeaderStateImpl detects a follower s1@group-D228F8B5DB78->s3(c-1,m-1,n0, attendVote=false, lastRpcSendTime=6, lastRpcResponseTime=964) timeout (964ms) for bootstrapping
2023-03-14 08:39:13,209 [s1@group-D228F8B5DB78-LeaderStateImpl] DEBUG server.RaftServer$Division (LeaderStateImpl.java:checkProgress(762)) - s1@group-D228F8B5DB78-LeaderStateImpl detects a follower s1@group-D228F8B5DB78->s4(c-1,m-1,n0, attendVote=false, lastRpcSendTime=9, lastRpcResponseTime=964) timeout (964ms) for bootstrapping
2023-03-14 08:39:13,209 [s1@group-D228F8B5DB78-LeaderStateImpl] DEBUG server.RaftServer$Division (LeaderStateImpl.java:fail(1210)) - s1@group-D228F8B5DB78-ConfigurationStagingState: Fail to set configuration peers:[s3|rpc:0.0.0.0:46073|dataStream:|priority:0|startupRole:FOLLOWER, s4|rpc:0.0.0.0:35767|dataStream:|priority:0|startupRole:FOLLOWER, s0|rpc:localhost:41583|admin:localhost:33921|client:localhost:36257|dataStream:localhost:36865|priority:0|startupRole:FOLLOWER, s1|rpc:localhost:33527|admin:localhost:45333|client:localhost:40903|dataStream:localhost:39123|priority:0|startupRole:FOLLOWER, s2|rpc:localhost:33759|admin:localhost:36757|client:localhost:34851|dataStream:localhost:37251|priority:0|startupRole:FOLLOWER]|listeners:[] due to NOPROGRESS
2023-03-14 08:39:13,209 [s1@group-D228F8B5DB78->s3-GrpcLogAppender-LogAppenderDaemon] WARN  server.GrpcLogAppender (GrpcLogAppender.java:mayWait(190)) - s1@group-D228F8B5DB78->s3-GrpcLogAppender: Wait interrupted by java.lang.InterruptedException
2023-03-14 08:39:13,209 [s1@group-D228F8B5DB78->s4-GrpcLogAppender-LogAppenderDaemon] WARN  server.GrpcLogAppender (GrpcLogAppender.java:mayWait(190)) - s1@group-D228F8B5DB78->s4-GrpcLogAppender: Wait interrupted by java.lang.InterruptedException
2023-03-14 08:39:13,221 [Time-limited test] INFO  grpc.TestRaftReconfigurationWithGrpc (RaftReconfigurationBaseTest.java:runTestReconfTimeout(353)) - printing ALL groups
  s3:      NEW      null s3@group-D228F8B5DB78:t0, leader=null, voted=null, raftlog=UNINITIALIZED, conf=-1: peers:[s3|priority:0|startupRole:FOLLOWER, s4|priority:0|startupRole:FOLLOWER, s0|rpc:localhost:41583|admin:localhost:33921|client:localhost:36257|dataStream:localhost:36865|priority:0|startupRole:FOLLOWER, s1|rpc:localhost:33527|admin:localhost:45333|client:localhost:40903|dataStream:localhost:39123|priority:0|startupRole:FOLLOWER, s2|rpc:localhost:33759|admin:localhost:36757|client:localhost:34851|dataStream:localhost:37251|priority:0|startupRole:FOLLOWER]|listeners:[], old=null NEW
  s4:      NEW      null s4@group-D228F8B5DB78:t0, leader=null, voted=null, raftlog=UNINITIALIZED, conf=-1: peers:[s3|priority:0|startupRole:FOLLOWER, s4|priority:0|startupRole:FOLLOWER, s0|rpc:localhost:41583|admin:localhost:33921|client:localhost:36257|dataStream:localhost:36865|priority:0|startupRole:FOLLOWER, s1|rpc:localhost:33527|admin:localhost:45333|client:localhost:40903|dataStream:localhost:39123|priority:0|startupRole:FOLLOWER, s2|rpc:localhost:33759|admin:localhost:36757|client:localhost:34851|dataStream:localhost:37251|priority:0|startupRole:FOLLOWER]|listeners:[], old=null NEW
  s0:  RUNNING  FOLLOWER s0@group-D228F8B5DB78:t1, leader=s1, voted=s1, raftlog=Memoized:s0@group-D228F8B5DB78-SegmentedRaftLog:OPENED:c0, conf=0: peers:[s0|rpc:localhost:41583|admin:localhost:33921|client:localhost:36257|dataStream:localhost:36865|priority:0|startupRole:FOLLOWER, s1|rpc:localhost:33527|admin:localhost:45333|client:localhost:40903|dataStream:localhost:39123|priority:0|startupRole:FOLLOWER, s2|rpc:localhost:33759|admin:localhost:36757|client:localhost:34851|dataStream:localhost:37251|priority:0|startupRole:FOLLOWER]|listeners:[], old=null RUNNING
  s1:  RUNNING    LEADER s1@group-D228F8B5DB78:t1, leader=s1, voted=s1, raftlog=Memoized:s1@group-D228F8B5DB78-SegmentedRaftLog:OPENED:c0, conf=0: peers:[s0|rpc:localhost:41583|admin:localhost:33921|client:localhost:36257|dataStream:localhost:36865|priority:0|startupRole:FOLLOWER, s1|rpc:localhost:33527|admin:localhost:45333|client:localhost:40903|dataStream:localhost:39123|priority:0|startupRole:FOLLOWER, s2|rpc:localhost:33759|admin:localhost:36757|client:localhost:34851|dataStream:localhost:37251|priority:0|startupRole:FOLLOWER]|listeners:[], old=null RUNNING
  s2:  RUNNING  FOLLOWER s2@group-D228F8B5DB78:t1, leader=s1, voted=s1, raftlog=Memoized:s2@group-D228F8B5DB78-SegmentedRaftLog:OPENED:c0, conf=0: peers:[s0|rpc:localhost:41583|admin:localhost:33921|client:localhost:36257|dataStream:localhost:36865|priority:0|startupRole:FOLLOWER, s1|rpc:localhost:33527|admin:localhost:45333|client:localhost:40903|dataStream:localhost:39123|priority:0|startupRole:FOLLOWER, s2|rpc:localhost:33759|admin:localhost:36757|client:localhost:34851|dataStream:localhost:37251|priority:0|startupRole:FOLLOWER]|listeners:[], old=null RUNNING
2023-03-14 08:39:13,223 [s1-server-thread1] INFO  server.RaftServer$Division (RaftServerImpl.java:setConfigurationAsync(1197)) - s1@group-D228F8B5DB78: receive setConfiguration SetConfigurationRequest:client-D77739F855B1->s1@group-D228F8B5DB78, cid=0, seq=0, RW, null, SET_UNCONDITIONALLY, servers:[s3|rpc:0.0.0.0:46073|dataStream:|priority:0|startupRole:FOLLOWER, s4|rpc:0.0.0.0:35767|dataStream:|priority:0|startupRole:FOLLOWER, s0|rpc:localhost:41583|admin:localhost:33921|client:localhost:36257|dataStream:localhost:36865|priority:0|startupRole:FOLLOWER, s1|rpc:localhost:33527|admin:localhost:45333|client:localhost:40903|dataStream:localhost:39123|priority:0|startupRole:FOLLOWER, s2|rpc:localhost:33759|admin:localhost:36757|client:localhost:34851|dataStream:localhost:37251|priority:0|startupRole:FOLLOWER], listeners:[]
2023-03-14 08:39:13,223 [s1-server-thread1] INFO  server.RaftServer$Division (LeaderStateImpl.java:startSetConfiguration(440)) - s1@group-D228F8B5DB78-LeaderStateImpl: startSetConfiguration SetConfigurationRequest:client-D77739F855B1->s1@group-D228F8B5DB78, cid=0, seq=0, RW, null, SET_UNCONDITIONALLY, servers:[s3|rpc:0.0.0.0:46073|dataStream:|priority:0|startupRole:FOLLOWER, s4|rpc:0.0.0.0:35767|dataStream:|priority:0|startupRole:FOLLOWER, s0|rpc:localhost:41583|admin:localhost:33921|client:localhost:36257|dataStream:localhost:36865|priority:0|startupRole:FOLLOWER, s1|rpc:localhost:33527|admin:localhost:45333|client:localhost:40903|dataStream:localhost:39123|priority:0|startupRole:FOLLOWER, s2|rpc:localhost:33759|admin:localhost:36757|client:localhost:34851|dataStream:localhost:37251|priority:0|startupRole:FOLLOWER], listeners:[]
2023-03-14 08:39:13,223 [s1-server-thread1] INFO  server.RaftServerConfigKeys (ConfUtils.java:logGet(46)) - raft.server.log.appender.snapshot.chunk.size.max = 16MB (=16777216) (default)
2023-03-14 08:39:13,223 [s1-server-thread1] INFO  server.RaftServerConfigKeys (ConfUtils.java:logGet(46)) - raft.server.log.appender.buffer.byte-limit = 4MB (=4194304) (default)
2023-03-14 08:39:13,223 [s1-server-thread1] INFO  server.RaftServerConfigKeys (ConfUtils.java:logGet(46)) - raft.server.log.appender.buffer.element-limit = 0 (default)
2023-03-14 08:39:13,223 [s1-server-thread1] INFO  server.RaftServerConfigKeys (ConfUtils.java:logGet(46)) - raft.server.log.appender.wait-time.min = 10ms (default)
2023-03-14 08:39:13,223 [s1-server-thread1] INFO  grpc.GrpcConfigKeys (ConfUtils.java:logGet(46)) - raft.grpc.server.leader.outstanding.appends.max = 128 (default)
2023-03-14 08:39:13,224 [s1-server-thread1] INFO  server.RaftServerConfigKeys (ConfUtils.java:logGet(46)) - raft.server.rpc.request.timeout = 3000ms (default)
2023-03-14 08:39:13,224 [s1-server-thread1] INFO  server.RaftServerConfigKeys (ConfUtils.java:logGet(46)) - raft.server.log.appender.install.snapshot.enabled = true (default)
2023-03-14 08:39:13,224 [s1-server-thread1] INFO  grpc.GrpcConfigKeys (ConfUtils.java:logGet(46)) - raft.grpc.server.heartbeat.channel = true (default)
2023-03-14 08:39:13,224 [s1-server-thread1] INFO  server.RaftServerConfigKeys (ConfUtils.java:logGet(46)) - raft.server.log.appender.snapshot.chunk.size.max = 16MB (=16777216) (default)
2023-03-14 08:39:13,224 [s1-server-thread1] INFO  server.RaftServerConfigKeys (ConfUtils.java:logGet(46)) - raft.server.log.appender.buffer.byte-limit = 4MB (=4194304) (default)
2023-03-14 08:39:13,224 [s1-server-thread1] INFO  server.RaftServerConfigKeys (ConfUtils.java:logGet(46)) - raft.server.log.appender.buffer.element-limit = 0 (default)
2023-03-14 08:39:13,224 [s1-server-thread1] INFO  server.RaftServerConfigKeys (ConfUtils.java:logGet(46)) - raft.server.log.appender.wait-time.min = 10ms (default)
2023-03-14 08:39:13,224 [s1-server-thread1] INFO  grpc.GrpcConfigKeys (ConfUtils.java:logGet(46)) - raft.grpc.server.leader.outstanding.appends.max = 128 (default)
2023-03-14 08:39:13,224 [s1-server-thread1] INFO  server.RaftServerConfigKeys (ConfUtils.java:logGet(46)) - raft.server.rpc.request.timeout = 3000ms (default)
2023-03-14 08:39:13,224 [s1-server-thread1] INFO  server.RaftServerConfigKeys (ConfUtils.java:logGet(46)) - raft.server.log.appender.install.snapshot.enabled = true (default)
2023-03-14 08:39:13,224 [s1-server-thread1] INFO  grpc.GrpcConfigKeys (ConfUtils.java:logGet(46)) - raft.grpc.server.heartbeat.channel = true (default)
2023-03-14 08:39:13,225 [s1@group-D228F8B5DB78->s3-GrpcLogAppender-LogAppenderDaemon] INFO  leader.FollowerInfo (FollowerInfoImpl.java:setAttemptedToInstallSnapshot(126)) - Follower s1@group-D228F8B5DB78->s3 acknowledged installing snapshot
2023-03-14 08:39:13,225 [grpc-default-executor-7] WARN  server.GrpcLogAppender (LogUtils.java:warn(122)) - s1@group-D228F8B5DB78->s3-AppendLogResponseHandler: Failed appendEntries: org.apache.ratis.thirdparty.io.grpc.StatusRuntimeException: UNAVAILABLE: io exception
2023-03-14 08:39:13,225 [grpc-default-executor-6] WARN  server.GrpcLogAppender (LogUtils.java:warn(122)) - s1@group-D228F8B5DB78->s3-AppendLogResponseHandler: Failed appendEntries: org.apache.ratis.thirdparty.io.grpc.StatusRuntimeException: UNAVAILABLE: io exception
2023-03-14 08:39:13,226 [s1@group-D228F8B5DB78->s4-GrpcLogAppender-LogAppenderDaemon] INFO  leader.FollowerInfo (FollowerInfoImpl.java:setAttemptedToInstallSnapshot(126)) - Follower s1@group-D228F8B5DB78->s4 acknowledged installing snapshot
2023-03-14 08:39:13,226 [grpc-default-executor-6] WARN  server.GrpcLogAppender (LogUtils.java:warn(122)) - s1@group-D228F8B5DB78->s4-AppendLogResponseHandler: Failed appendEntries: org.apache.ratis.thirdparty.io.grpc.StatusRuntimeException: UNAVAILABLE: io exception
2023-03-14 08:39:13,226 [grpc-default-executor-1] WARN  server.GrpcLogAppender (LogUtils.java:warn(122)) - s1@group-D228F8B5DB78->s4-AppendLogResponseHandler: Failed appendEntries: org.apache.ratis.thirdparty.io.grpc.StatusRuntimeException: UNAVAILABLE: io exception
2023-03-14 08:39:13,227 [grpc-default-executor-1] WARN  server.GrpcLogAppender (LogUtils.java:warn(122)) - s1@group-D228F8B5DB78->s4-AppendLogResponseHandler: Failed appendEntries: org.apache.ratis.thirdparty.io.grpc.StatusRuntimeException: UNAVAILABLE: io exception
2023-03-14 08:39:13,227 [grpc-default-executor-6] WARN  server.GrpcLogAppender (LogUtils.java:warn(122)) - s1@group-D228F8B5DB78->s4-AppendLogResponseHandler: Failed appendEntries: org.apache.ratis.thirdparty.io.grpc.StatusRuntimeException: UNAVAILABLE: io exception
2023-03-14 08:39:13,227 [grpc-default-executor-6] WARN  server.GrpcLogAppender (LogUtils.java:warn(122)) - s1@group-D228F8B5DB78->s4-AppendLogResponseHandler: Failed appendEntries: org.apache.ratis.thirdparty.io.grpc.StatusRuntimeException: UNAVAILABLE: io exception
2023-03-14 08:39:13,228 [grpc-default-executor-1] WARN  server.GrpcLogAppender (LogUtils.java:warn(122)) - s1@group-D228F8B5DB78->s4-AppendLogResponseHandler: Failed appendEntries: org.apache.ratis.thirdparty.io.grpc.StatusRuntimeException: UNAVAILABLE: io exception
2023-03-14 08:39:13,228 [grpc-default-executor-1] WARN  server.GrpcLogAppender (LogUtils.java:warn(122)) - s1@group-D228F8B5DB78->s4-AppendLogResponseHandler: Failed appendEntries: org.apache.ratis.thirdparty.io.grpc.StatusRuntimeException: UNAVAILABLE: io exception
2023-03-14 08:39:13,228 [grpc-default-executor-6] WARN  server.GrpcLogAppender (LogUtils.java:warn(122)) - s1@group-D228F8B5DB78->s4-AppendLogResponseHandler: Failed appendEntries: org.apache.ratis.thirdparty.io.grpc.StatusRuntimeException: UNAVAILABLE: io exception
2023-03-14 08:39:13,228 [grpc-default-executor-6] WARN  server.GrpcLogAppender (LogUtils.java:warn(122)) - s1@group-D228F8B5DB78->s4-AppendLogResponseHandler: Failed appendEntries: org.apache.ratis.thirdparty.io.grpc.StatusRuntimeException: UNAVAILABLE: io exception
2023-03-14 08:39:13,229 [grpc-default-executor-1] WARN  server.GrpcLogAppender (LogUtils.java:warn(122)) - s1@group-D228F8B5DB78->s4-AppendLogResponseHandler: Failed appendEntries: org.apache.ratis.thirdparty.io.grpc.StatusRuntimeException: UNAVAILABLE: io exception
2023-03-14 08:39:13,229 [grpc-default-executor-1] WARN  server.GrpcLogAppender (LogUtils.java:warn(122)) - s1@group-D228F8B5DB78->s4-AppendLogResponseHandler: Failed appendEntries: org.apache.ratis.thirdparty.io.grpc.StatusRuntimeException: UNAVAILABLE: io exception
2023-03-14 08:39:13,229 [grpc-default-executor-6] WARN  server.GrpcLogAppender (LogUtils.java:warn(122)) - s1@group-D228F8B5DB78->s4-AppendLogResponseHandler: Failed appendEntries: org.apache.ratis.thirdparty.io.grpc.StatusRuntimeException: UNAVAILABLE: io exception
2023-03-14 08:39:13,229 [grpc-default-executor-6] WARN  server.GrpcLogAppender (LogUtils.java:warn(122)) - s1@group-D228F8B5DB78->s4-AppendLogResponseHandler: Failed appendEntries: org.apache.ratis.thirdparty.io.grpc.StatusRuntimeException: UNAVAILABLE: io exception
2023-03-14 08:39:13,229 [grpc-default-executor-1] WARN  server.GrpcLogAppender (LogUtils.java:warn(122)) - s1@group-D228F8B5DB78->s4-AppendLogResponseHandler: Failed appendEntries: org.apache.ratis.thirdparty.io.grpc.StatusRuntimeException: UNAVAILABLE: io exception
2023-03-14 08:39:13,230 [grpc-default-executor-6] WARN  server.GrpcLogAppender (LogUtils.java:warn(122)) - s1@group-D228F8B5DB78->s4-AppendLogResponseHandler: Failed appendEntries: org.apache.ratis.thirdparty.io.grpc.StatusRuntimeException: UNAVAILABLE: io exception
2023-03-14 08:39:13,230 [grpc-default-executor-1] WARN  server.GrpcLogAppender (LogUtils.java:warn(122)) - s1@group-D228F8B5DB78->s4-AppendLogResponseHandler: Failed appendEntries: org.apache.ratis.thirdparty.io.grpc.StatusRuntimeException: UNAVAILABLE: io exception
2023-03-14 08:39:13,235 [grpc-default-executor-6] WARN  server.GrpcLogAppender (LogUtils.java:warn(122)) - s1@group-D228F8B5DB78->s3-AppendLogResponseHandler: Failed appendEntries: org.apache.ratis.thirdparty.io.grpc.StatusRuntimeException: UNAVAILABLE: io exception
2023-03-14 08:39:13,235 [grpc-default-executor-1] WARN  server.GrpcLogAppender (LogUtils.java:warn(122)) - s1@group-D228F8B5DB78->s3-AppendLogResponseHandler: Failed appendEntries: org.apache.ratis.thirdparty.io.grpc.StatusRuntimeException: UNAVAILABLE: io exception
2023-03-14 08:39:13,235 [grpc-default-executor-6] INFO  leader.FollowerInfo (FollowerInfoImpl.java:lambda$new$0(52)) - s1@group-D228F8B5DB78->s3: decreaseNextIndex nextIndex: updateUnconditionally 1 -> 0
2023-03-14 08:39:13,236 [grpc-default-executor-1] WARN  server.GrpcLogAppender (LogUtils.java:warn(122)) - s1@group-D228F8B5DB78->s3-AppendLogResponseHandler: Failed appendEntries: org.apache.ratis.thirdparty.io.grpc.StatusRuntimeException: UNAVAILABLE: io exception
2023-03-14 08:39:13,236 [grpc-default-executor-6] WARN  server.GrpcLogAppender (LogUtils.java:warn(122)) - s1@group-D228F8B5DB78->s3-AppendLogResponseHandler: Failed appendEntries: org.apache.ratis.thirdparty.io.grpc.StatusRuntimeException: UNAVAILABLE: io exception
2023-03-14 08:39:13,236 [grpc-default-executor-1] INFO  leader.FollowerInfo (FollowerInfoImpl.java:lambda$new$0(52)) - s1@group-D228F8B5DB78->s3: decreaseNextIndex nextIndex: updateUnconditionally 1 -> 0
2023-03-14 08:39:13,240 [grpc-default-executor-6] WARN  server.GrpcLogAppender (LogUtils.java:warn(122)) - s1@group-D228F8B5DB78->s4-AppendLogResponseHandler: Failed appendEntries: org.apache.ratis.thirdparty.io.grpc.StatusRuntimeException: UNAVAILABLE: io exception
2023-03-14 08:39:13,240 [grpc-default-executor-1] WARN  server.GrpcLogAppender (LogUtils.java:warn(122)) - s1@group-D228F8B5DB78->s4-AppendLogResponseHandler: Failed appendEntries: org.apache.ratis.thirdparty.io.grpc.StatusRuntimeException: UNAVAILABLE: io exception
2023-03-14 08:39:13,241 [grpc-default-executor-6] INFO  leader.FollowerInfo (FollowerInfoImpl.java:lambda$new$0(52)) - s1@group-D228F8B5DB78->s4: decreaseNextIndex nextIndex: updateUnconditionally 1 -> 0
2023-03-14 08:39:13,263 [grpc-default-executor-1] WARN  server.GrpcLogAppender (LogUtils.java:warn(122)) - s1@group-D228F8B5DB78->s3-AppendLogResponseHandler: Failed appendEntries: org.apache.ratis.thirdparty.io.grpc.StatusRuntimeException: UNAVAILABLE: io exception
2023-03-14 08:39:13,263 [grpc-default-executor-6] WARN  server.GrpcLogAppender (LogUtils.java:warn(122)) - s1@group-D228F8B5DB78->s3-AppendLogResponseHandler: Failed appendEntries: org.apache.ratis.thirdparty.io.grpc.StatusRuntimeException: UNAVAILABLE: io exception
2023-03-14 08:39:13,268 [grpc-default-executor-6] WARN  server.GrpcLogAppender (LogUtils.java:warn(122)) - s1@group-D228F8B5DB78->s4-AppendLogResponseHandler: Failed appendEntries: org.apache.ratis.thirdparty.io.grpc.StatusRuntimeException: UNAVAILABLE: io exception
2023-03-14 08:39:13,268 [grpc-default-executor-1] WARN  server.GrpcLogAppender (LogUtils.java:warn(122)) - s1@group-D228F8B5DB78->s4-AppendLogResponseHandler: Failed appendEntries: org.apache.ratis.thirdparty.io.grpc.StatusRuntimeException: UNAVAILABLE: io exception
2023-03-14 08:39:13,273 [grpc-default-executor-1] WARN  server.GrpcLogAppender (LogUtils.java:warn(122)) - s1@group-D228F8B5DB78->s3-AppendLogResponseHandler: Failed appendEntries: org.apache.ratis.thirdparty.io.grpc.StatusRuntimeException: UNAVAILABLE: io exception
2023-03-14 08:39:13,273 [grpc-default-executor-6] WARN  server.GrpcLogAppender (LogUtils.java:warn(122)) - s1@group-D228F8B5DB78->s3-AppendLogResponseHandler: Failed appendEntries: org.apache.ratis.thirdparty.io.grpc.StatusRuntimeException: UNAVAILABLE: io exception
2023-03-14 08:39:13,273 [grpc-default-executor-1] INFO  leader.FollowerInfo (FollowerInfoImpl.java:lambda$new$0(52)) - s1@group-D228F8B5DB78->s3: decreaseNextIndex nextIndex: updateUnconditionally 1 -> 0
2023-03-14 08:39:13,278 [grpc-default-executor-6] WARN  server.GrpcLogAppender (LogUtils.java:warn(122)) - s1@group-D228F8B5DB78->s4-AppendLogResponseHandler: Failed appendEntries: org.apache.ratis.thirdparty.io.grpc.StatusRuntimeException: UNAVAILABLE: io exception
2023-03-14 08:39:13,278 [grpc-default-executor-1] WARN  server.GrpcLogAppender (LogUtils.java:warn(122)) - s1@group-D228F8B5DB78->s4-AppendLogResponseHandler: Failed appendEntries: org.apache.ratis.thirdparty.io.grpc.StatusRuntimeException: UNAVAILABLE: io exception
2023-03-14 08:39:13,278 [grpc-default-executor-6] INFO  leader.FollowerInfo (FollowerInfoImpl.java:lambda$new$0(52)) - s1@group-D228F8B5DB78->s4: decreaseNextIndex nextIndex: updateUnconditionally 1 -> 0
2023-03-14 08:39:13,300 [grpc-default-executor-1] WARN  server.GrpcLogAppender (LogUtils.java:warn(122)) - s1@group-D228F8B5DB78->s3-AppendLogResponseHandler: Failed appendEntries: org.apache.ratis.thirdparty.io.grpc.StatusRuntimeException: UNAVAILABLE: io exception
2023-03-14 08:39:13,300 [grpc-default-executor-6] WARN  server.GrpcLogAppender (LogUtils.java:warn(122)) - s1@group-D228F8B5DB78->s3-AppendLogResponseHandler: Failed appendEntries: org.apache.ratis.thirdparty.io.grpc.StatusRuntimeException: UNAVAILABLE: io exception
2023-03-14 08:39:13,305 [grpc-default-executor-6] WARN  server.GrpcLogAppender (LogUtils.java:warn(122)) - s1@group-D228F8B5DB78->s4-AppendLogResponseHandler: Failed appendEntries: org.apache.ratis.thirdparty.io.grpc.StatusRuntimeException: UNAVAILABLE: io exception
2023-03-14 08:39:13,305 [grpc-default-executor-1] WARN  server.GrpcLogAppender (LogUtils.java:warn(122)) - s1@group-D228F8B5DB78->s4-AppendLogResponseHandler: Failed appendEntries: org.apache.ratis.thirdparty.io.grpc.StatusRuntimeException: UNAVAILABLE: io exception
2023-03-14 08:39:13,310 [grpc-default-executor-1] WARN  server.GrpcLogAppender (LogUtils.java:warn(122)) - s1@group-D228F8B5DB78->s3-AppendLogResponseHandler: Failed appendEntries: org.apache.ratis.thirdparty.io.grpc.StatusRuntimeException: UNAVAILABLE: io exception
2023-03-14 08:39:13,310 [grpc-default-executor-1] INFO  leader.FollowerInfo (FollowerInfoImpl.java:lambda$new$0(52)) - s1@group-D228F8B5DB78->s3: decreaseNextIndex nextIndex: updateUnconditionally 1 -> 0
2023-03-14 08:39:13,310 [grpc-default-executor-6] WARN  server.GrpcLogAppender (LogUtils.java:warn(122)) - s1@group-D228F8B5DB78->s3-AppendLogResponseHandler: Failed appendEntries: org.apache.ratis.thirdparty.io.grpc.StatusRuntimeException: UNAVAILABLE: io exception
2023-03-14 08:39:13,315 [grpc-default-executor-6] WARN  server.GrpcLogAppender (LogUtils.java:warn(122)) - s1@group-D228F8B5DB78->s4-AppendLogResponseHandler: Failed appendEntries: org.apache.ratis.thirdparty.io.grpc.StatusRuntimeException: UNAVAILABLE: io exception
2023-03-14 08:39:13,315 [grpc-default-executor-6] INFO  leader.FollowerInfo (FollowerInfoImpl.java:lambda$new$0(52)) - s1@group-D228F8B5DB78->s4: decreaseNextIndex nextIndex: updateUnconditionally 1 -> 0
2023-03-14 08:39:13,315 [grpc-default-executor-1] WARN  server.GrpcLogAppender (LogUtils.java:warn(122)) - s1@group-D228F8B5DB78->s4-AppendLogResponseHandler: Failed appendEntries: org.apache.ratis.thirdparty.io.grpc.StatusRuntimeException: UNAVAILABLE: io exception
2023-03-14 08:39:13,337 [grpc-default-executor-1] WARN  server.GrpcLogAppender (LogUtils.java:warn(122)) - s1@group-D228F8B5DB78->s3-AppendLogResponseHandler: Failed appendEntries: org.apache.ratis.thirdparty.io.grpc.StatusRuntimeException: UNAVAILABLE: io exception
2023-03-14 08:39:13,337 [grpc-default-executor-6] WARN  server.GrpcLogAppender (LogUtils.java:warn(122)) - s1@group-D228F8B5DB78->s3-AppendLogResponseHandler: Failed appendEntries: org.apache.ratis.thirdparty.io.grpc.StatusRuntimeException: UNAVAILABLE: io exception
2023-03-14 08:39:13,342 [grpc-default-executor-6] WARN  server.GrpcLogAppender (LogUtils.java:warn(122)) - s1@group-D228F8B5DB78->s4-AppendLogResponseHandler: Failed appendEntries: org.apache.ratis.thirdparty.io.grpc.StatusRuntimeException: UNAVAILABLE: io exception
2023-03-14 08:39:13,342 [grpc-default-executor-1] WARN  server.GrpcLogAppender (LogUtils.java:warn(122)) - s1@group-D228F8B5DB78->s4-AppendLogResponseHandler: Failed appendEntries: org.apache.ratis.thirdparty.io.grpc.StatusRuntimeException: UNAVAILABLE: io exception
2023-03-14 08:39:13,348 [grpc-default-executor-1] WARN  server.GrpcLogAppender (LogUtils.java:warn(122)) - s1@group-D228F8B5DB78->s3-AppendLogResponseHandler: Failed appendEntries: org.apache.ratis.thirdparty.io.grpc.StatusRuntimeException: UNAVAILABLE: io exception
2023-03-14 08:39:13,348 [grpc-default-executor-6] WARN  server.GrpcLogAppender (LogUtils.java:warn(122)) - s1@group-D228F8B5DB78->s3-AppendLogResponseHandler: Failed appendEntries: org.apache.ratis.thirdparty.io.grpc.StatusRuntimeException: UNAVAILABLE: io exception
2023-03-14 08:39:13,348 [grpc-default-executor-1] INFO  leader.FollowerInfo (FollowerInfoImpl.java:lambda$new$0(52)) - s1@group-D228F8B5DB78->s3: decreaseNextIndex nextIndex: updateUnconditionally 1 -> 0
2023-03-14 08:39:13,352 [grpc-default-executor-6] WARN  server.GrpcLogAppender (LogUtils.java:warn(122)) - s1@group-D228F8B5DB78->s4-AppendLogResponseHandler: Failed appendEntries: org.apache.ratis.thirdparty.io.grpc.StatusRuntimeException: UNAVAILABLE: io exception
2023-03-14 08:39:13,352 [grpc-default-executor-6] INFO  leader.FollowerInfo (FollowerInfoImpl.java:lambda$new$0(52)) - s1@group-D228F8B5DB78->s4: decreaseNextIndex nextIndex: updateUnconditionally 1 -> 0
2023-03-14 08:39:13,352 [grpc-default-executor-1] WARN  server.GrpcLogAppender (LogUtils.java:warn(122)) - s1@group-D228F8B5DB78->s4-AppendLogResponseHandler: Failed appendEntries: org.apache.ratis.thirdparty.io.grpc.StatusRuntimeException: UNAVAILABLE: io exception
2023-03-14 08:39:13,375 [grpc-default-executor-1] WARN  server.GrpcLogAppender (LogUtils.java:warn(122)) - s1@group-D228F8B5DB78->s3-AppendLogResponseHandler: Failed appendEntries: org.apache.ratis.thirdparty.io.grpc.StatusRuntimeException: UNAVAILABLE: io exception
2023-03-14 08:39:13,375 [grpc-default-executor-6] WARN  server.GrpcLogAppender (LogUtils.java:warn(122)) - s1@group-D228F8B5DB78->s3-AppendLogResponseHandler: Failed appendEntries: org.apache.ratis.thirdparty.io.grpc.StatusRuntimeException: UNAVAILABLE: io exception
2023-03-14 08:39:13,379 [grpc-default-executor-6] WARN  server.GrpcLogAppender (LogUtils.java:warn(122)) - s1@group-D228F8B5DB78->s4-AppendLogResponseHandler: Failed appendEntries: org.apache.ratis.thirdparty.io.grpc.StatusRuntimeException: UNAVAILABLE: io exception
2023-03-14 08:39:13,380 [grpc-default-executor-1] WARN  server.GrpcLogAppender (LogUtils.java:warn(122)) - s1@group-D228F8B5DB78->s4-AppendLogResponseHandler: Failed appendEntries: org.apache.ratis.thirdparty.io.grpc.StatusRuntimeException: UNAVAILABLE: io exception
2023-03-14 08:39:13,385 [grpc-default-executor-1] WARN  server.GrpcLogAppender (LogUtils.java:warn(122)) - s1@group-D228F8B5DB78->s3-AppendLogResponseHandler: Failed appendEntries: org.apache.ratis.thirdparty.io.grpc.StatusRuntimeException: UNAVAILABLE: io exception
2023-03-14 08:39:13,385 [grpc-default-executor-6] WARN  server.GrpcLogAppender (LogUtils.java:warn(122)) - s1@group-D228F8B5DB78->s3-AppendLogResponseHandler: Failed appendEntries: org.apache.ratis.thirdparty.io.grpc.StatusRuntimeException: UNAVAILABLE: io exception
2023-03-14 08:39:13,385 [grpc-default-executor-1] INFO  leader.FollowerInfo (FollowerInfoImpl.java:lambda$new$0(52)) - s1@group-D228F8B5DB78->s3: decreaseNextIndex nextIndex: updateUnconditionally 1 -> 0
2023-03-14 08:39:13,389 [grpc-default-executor-6] WARN  server.GrpcLogAppender (LogUtils.java:warn(122)) - s1@group-D228F8B5DB78->s4-AppendLogResponseHandler: Failed appendEntries: org.apache.ratis.thirdparty.io.grpc.StatusRuntimeException: UNAVAILABLE: io exception
2023-03-14 08:39:13,390 [grpc-default-executor-6] INFO  leader.FollowerInfo (FollowerInfoImpl.java:lambda$new$0(52)) - s1@group-D228F8B5DB78->s4: decreaseNextIndex nextIndex: updateUnconditionally 1 -> 0
2023-03-14 08:39:13,389 [grpc-default-executor-1] WARN  server.GrpcLogAppender (LogUtils.java:warn(122)) - s1@group-D228F8B5DB78->s4-AppendLogResponseHandler: Failed appendEntries: org.apache.ratis.thirdparty.io.grpc.StatusRuntimeException: UNAVAILABLE: io exception
2023-03-14 08:39:13,412 [grpc-default-executor-1] WARN  server.GrpcLogAppender (LogUtils.java:warn(122)) - s1@group-D228F8B5DB78->s3-AppendLogResponseHandler: Failed appendEntries: org.apache.ratis.thirdparty.io.grpc.StatusRuntimeException: UNAVAILABLE: io exception
2023-03-14 08:39:13,412 [grpc-default-executor-6] WARN  server.GrpcLogAppender (LogUtils.java:warn(122)) - s1@group-D228F8B5DB78->s3-AppendLogResponseHandler: Failed appendEntries: org.apache.ratis.thirdparty.io.grpc.StatusRuntimeException: UNAVAILABLE: io exception
2023-03-14 08:39:13,416 [grpc-default-executor-6] WARN  server.GrpcLogAppender (LogUtils.java:warn(122)) - s1@group-D228F8B5DB78->s4-AppendLogResponseHandler: Failed appendEntries: org.apache.ratis.thirdparty.io.grpc.StatusRuntimeException: UNAVAILABLE: io exception
2023-03-14 08:39:13,417 [grpc-default-executor-1] WARN  server.GrpcLogAppender (LogUtils.java:warn(122)) - s1@group-D228F8B5DB78->s4-AppendLogResponseHandler: Failed appendEntries: org.apache.ratis.thirdparty.io.grpc.StatusRuntimeException: UNAVAILABLE: io exception
2023-03-14 08:39:13,429 [grpc-default-executor-6] WARN  server.GrpcLogAppender (LogUtils.java:warn(122)) - s1@group-D228F8B5DB78->s4-AppendLogResponseHandler: Failed appendEntries: org.apache.ratis.thirdparty.io.grpc.StatusRuntimeException: UNAVAILABLE: io exception
2023-03-14 08:39:13,430 [grpc-default-executor-6] INFO  leader.FollowerInfo (FollowerInfoImpl.java:lambda$new$0(52)) - s1@group-D228F8B5DB78->s4: decreaseNextIndex nextIndex: updateUnconditionally 1 -> 0
2023-03-14 08:39:13,430 [grpc-default-executor-7] WARN  server.GrpcLogAppender (LogUtils.java:warn(122)) - s1@group-D228F8B5DB78->s3-AppendLogResponseHandler: Failed appendEntries: org.apache.ratis.thirdparty.io.grpc.StatusRuntimeException: UNAVAILABLE: io exception
2023-03-14 08:39:13,430 [grpc-default-executor-7] INFO  leader.FollowerInfo (FollowerInfoImpl.java:lambda$new$0(52)) - s1@group-D228F8B5DB78->s3: decreaseNextIndex nextIndex: updateUnconditionally 1 -> 0
2023-03-14 08:39:13,430 [grpc-default-executor-4] WARN  server.GrpcLogAppender (LogUtils.java:warn(122)) - s1@group-D228F8B5DB78->s3-AppendLogResponseHandler: Failed appendEntries: org.apache.ratis.thirdparty.io.grpc.StatusRuntimeException: UNAVAILABLE: io exception
2023-03-14 08:39:13,429 [grpc-default-executor-1] WARN  server.GrpcLogAppender (LogUtils.java:warn(122)) - s1@group-D228F8B5DB78->s4-AppendLogResponseHandler: Failed appendEntries: org.apache.ratis.thirdparty.io.grpc.StatusRuntimeException: UNAVAILABLE: io exception
2023-03-14 08:39:13,450 [grpc-default-executor-1] WARN  server.GrpcLogAppender (LogUtils.java:warn(122)) - s1@group-D228F8B5DB78->s3-AppendLogResponseHandler: Failed appendEntries: org.apache.ratis.thirdparty.io.grpc.StatusRuntimeException: UNAVAILABLE: io exception
2023-03-14 08:39:13,450 [grpc-default-executor-4] WARN  server.GrpcLogAppender (LogUtils.java:warn(122)) - s1@group-D228F8B5DB78->s3-AppendLogResponseHandler: Failed appendEntries: org.apache.ratis.thirdparty.io.grpc.StatusRuntimeException: UNAVAILABLE: io exception
2023-03-14 08:39:13,454 [grpc-default-executor-1] WARN  server.GrpcLogAppender (LogUtils.java:warn(122)) - s1@group-D228F8B5DB78->s4-AppendLogResponseHandler: Failed appendEntries: org.apache.ratis.thirdparty.io.grpc.StatusRuntimeException: UNAVAILABLE: io exception
2023-03-14 08:39:13,455 [grpc-default-executor-4] WARN  server.GrpcLogAppender (LogUtils.java:warn(122)) - s1@group-D228F8B5DB78->s4-AppendLogResponseHandler: Failed appendEntries: org.apache.ratis.thirdparty.io.grpc.StatusRuntimeException: UNAVAILABLE: io exception
2023-03-14 08:39:13,460 [grpc-default-executor-1] WARN  server.GrpcLogAppender (LogUtils.java:warn(122)) - s1@group-D228F8B5DB78->s3-AppendLogResponseHandler: Failed appendEntries: org.apache.ratis.thirdparty.io.grpc.StatusRuntimeException: UNAVAILABLE: io exception
2023-03-14 08:39:13,460 [grpc-default-executor-4] WARN  server.GrpcLogAppender (LogUtils.java:warn(122)) - s1@group-D228F8B5DB78->s3-AppendLogResponseHandler: Failed appendEntries: org.apache.ratis.thirdparty.io.grpc.StatusRuntimeException: UNAVAILABLE: io exception
2023-03-14 08:39:13,460 [grpc-default-executor-1] INFO  leader.FollowerInfo (FollowerInfoImpl.java:lambda$new$0(52)) - s1@group-D228F8B5DB78->s3: decreaseNextIndex nextIndex: updateUnconditionally 1 -> 0
2023-03-14 08:39:13,465 [grpc-default-executor-1] WARN  server.GrpcLogAppender (LogUtils.java:warn(122)) - s1@group-D228F8B5DB78->s4-AppendLogResponseHandler: Failed appendEntries: org.apache.ratis.thirdparty.io.grpc.StatusRuntimeException: UNAVAILABLE: io exception
2023-03-14 08:39:13,465 [grpc-default-executor-1] INFO  leader.FollowerInfo (FollowerInfoImpl.java:lambda$new$0(52)) - s1@group-D228F8B5DB78->s4: decreaseNextIndex nextIndex: updateUnconditionally 1 -> 0
2023-03-14 08:39:13,465 [grpc-default-executor-4] WARN  server.GrpcLogAppender (LogUtils.java:warn(122)) - s1@group-D228F8B5DB78->s4-AppendLogResponseHandler: Failed appendEntries: org.apache.ratis.thirdparty.io.grpc.StatusRuntimeException: UNAVAILABLE: io exception
2023-03-14 08:39:13,487 [grpc-default-executor-4] WARN  server.GrpcLogAppender (LogUtils.java:warn(122)) - s1@group-D228F8B5DB78->s3-AppendLogResponseHandler: Failed appendEntries: org.apache.ratis.thirdparty.io.grpc.StatusRuntimeException: UNAVAILABLE: io exception
2023-03-14 08:39:13,487 [grpc-default-executor-1] WARN  server.GrpcLogAppender (LogUtils.java:warn(122)) - s1@group-D228F8B5DB78->s3-AppendLogResponseHandler: Failed appendEntries: org.apache.ratis.thirdparty.io.grpc.StatusRuntimeException: UNAVAILABLE: io exception
2023-03-14 08:39:13,492 [grpc-default-executor-1] WARN  server.GrpcLogAppender (LogUtils.java:warn(122)) - s1@group-D228F8B5DB78->s4-AppendLogResponseHandler: Failed appendEntries: org.apache.ratis.thirdparty.io.grpc.StatusRuntimeException: UNAVAILABLE: io exception
2023-03-14 08:39:13,492 [grpc-default-executor-4] WARN  server.GrpcLogAppender (LogUtils.java:warn(122)) - s1@group-D228F8B5DB78->s4-AppendLogResponseHandler: Failed appendEntries: org.apache.ratis.thirdparty.io.grpc.StatusRuntimeException: UNAVAILABLE: io exception
2023-03-14 08:39:13,497 [grpc-default-executor-4] WARN  server.GrpcLogAppender (LogUtils.java:warn(122)) - s1@group-D228F8B5DB78->s3-AppendLogResponseHandler: Failed appendEntries: org.apache.ratis.thirdparty.io.grpc.StatusRuntimeException: UNAVAILABLE: io exception
2023-03-14 08:39:13,497 [grpc-default-executor-4] INFO  leader.FollowerInfo (FollowerInfoImpl.java:lambda$new$0(52)) - s1@group-D228F8B5DB78->s3: decreaseNextIndex nextIndex: updateUnconditionally 1 -> 0
2023-03-14 08:39:13,497 [grpc-default-executor-1] WARN  server.GrpcLogAppender (LogUtils.java:warn(122)) - s1@group-D228F8B5DB78->s3-AppendLogResponseHandler: Failed appendEntries: org.apache.ratis.thirdparty.io.grpc.StatusRuntimeException: UNAVAILABLE: io exception
2023-03-14 08:39:13,502 [grpc-default-executor-1] WARN  server.GrpcLogAppender (LogUtils.java:warn(122)) - s1@group-D228F8B5DB78->s4-AppendLogResponseHandler: Failed appendEntries: org.apache.ratis.thirdparty.io.grpc.StatusRuntimeException: UNAVAILABLE: io exception
2023-03-14 08:39:13,502 [grpc-default-executor-1] INFO  leader.FollowerInfo (FollowerInfoImpl.java:lambda$new$0(52)) - s1@group-D228F8B5DB78->s4: decreaseNextIndex nextIndex: updateUnconditionally 1 -> 0
2023-03-14 08:39:13,502 [grpc-default-executor-4] WARN  server.GrpcLogAppender (LogUtils.java:warn(122)) - s1@group-D228F8B5DB78->s4-AppendLogResponseHandler: Failed appendEntries: org.apache.ratis.thirdparty.io.grpc.StatusRuntimeException: UNAVAILABLE: io exception
2023-03-14 08:39:13,524 [grpc-default-executor-4] WARN  server.GrpcLogAppender (LogUtils.java:warn(122)) - s1@group-D228F8B5DB78->s3-AppendLogResponseHandler: Failed appendEntries: org.apache.ratis.thirdparty.io.grpc.StatusRuntimeException: UNAVAILABLE: io exception
2023-03-14 08:39:13,524 [grpc-default-executor-1] WARN  server.GrpcLogAppender (LogUtils.java:warn(122)) - s1@group-D228F8B5DB78->s3-AppendLogResponseHandler: Failed appendEntries: org.apache.ratis.thirdparty.io.grpc.StatusRuntimeException: UNAVAILABLE: io exception
2023-03-14 08:39:13,529 [grpc-default-executor-4] WARN  server.GrpcLogAppender (LogUtils.java:warn(122)) - s1@group-D228F8B5DB78->s4-AppendLogResponseHandler: Failed appendEntries: org.apache.ratis.thirdparty.io.grpc.StatusRuntimeException: UNAVAILABLE: io exception
2023-03-14 08:39:13,529 [grpc-default-executor-1] WARN  server.GrpcLogAppender (LogUtils.java:warn(122)) - s1@group-D228F8B5DB78->s4-AppendLogResponseHandler: Failed appendEntries: org.apache.ratis.thirdparty.io.grpc.StatusRuntimeException: UNAVAILABLE: io exception
2023-03-14 08:39:13,534 [grpc-default-executor-4] WARN  server.GrpcLogAppender (LogUtils.java:warn(122)) - s1@group-D228F8B5DB78->s3-AppendLogResponseHandler: Failed appendEntries: org.apache.ratis.thirdparty.io.grpc.StatusRuntimeException: UNAVAILABLE: io exception
2023-03-14 08:39:13,534 [grpc-default-executor-1] WARN  server.GrpcLogAppender (LogUtils.java:warn(122)) - s1@group-D228F8B5DB78->s3-AppendLogResponseHandler: Failed appendEntries: org.apache.ratis.thirdparty.io.grpc.StatusRuntimeException: UNAVAILABLE: io exception
2023-03-14 08:39:13,534 [grpc-default-executor-4] INFO  leader.FollowerInfo (FollowerInfoImpl.java:lambda$new$0(52)) - s1@group-D228F8B5DB78->s3: decreaseNextIndex nextIndex: updateUnconditionally 1 -> 0
2023-03-14 08:39:13,539 [grpc-default-executor-1] WARN  server.GrpcLogAppender (LogUtils.java:warn(122)) - s1@group-D228F8B5DB78->s4-AppendLogResponseHandler: Failed appendEntries: org.apache.ratis.thirdparty.io.grpc.StatusRuntimeException: UNAVAILABLE: io exception
2023-03-14 08:39:13,539 [grpc-default-executor-4] WARN  server.GrpcLogAppender (LogUtils.java:warn(122)) - s1@group-D228F8B5DB78->s4-AppendLogResponseHandler: Failed appendEntries: org.apache.ratis.thirdparty.io.grpc.StatusRuntimeException: UNAVAILABLE: io exception
2023-03-14 08:39:13,539 [grpc-default-executor-1] INFO  leader.FollowerInfo (FollowerInfoImpl.java:lambda$new$0(52)) - s1@group-D228F8B5DB78->s4: decreaseNextIndex nextIndex: updateUnconditionally 1 -> 0
2023-03-14 08:39:13,561 [grpc-default-executor-4] WARN  server.GrpcLogAppender (LogUtils.java:warn(122)) - s1@group-D228F8B5DB78->s3-AppendLogResponseHandler: Failed appendEntries: org.apache.ratis.thirdparty.io.grpc.StatusRuntimeException: UNAVAILABLE: io exception
2023-03-14 08:39:13,561 [grpc-default-executor-1] WARN  server.GrpcLogAppender (LogUtils.java:warn(122)) - s1@group-D228F8B5DB78->s3-AppendLogResponseHandler: Failed appendEntries: org.apache.ratis.thirdparty.io.grpc.StatusRuntimeException: UNAVAILABLE: io exception
2023-03-14 08:39:13,566 [grpc-default-executor-1] WARN  server.GrpcLogAppender (LogUtils.java:warn(122)) - s1@group-D228F8B5DB78->s4-AppendLogResponseHandler: Failed appendEntries: org.apache.ratis.thirdparty.io.grpc.StatusRuntimeException: UNAVAILABLE: io exception
2023-03-14 08:39:13,566 [grpc-default-executor-4] WARN  server.GrpcLogAppender (LogUtils.java:warn(122)) - s1@group-D228F8B5DB78->s4-AppendLogResponseHandler: Failed appendEntries: org.apache.ratis.thirdparty.io.grpc.StatusRuntimeException: UNAVAILABLE: io exception
2023-03-14 08:39:13,571 [grpc-default-executor-4] WARN  server.GrpcLogAppender (LogUtils.java:warn(122)) - s1@group-D228F8B5DB78->s3-AppendLogResponseHandler: Failed appendEntries: org.apache.ratis.thirdparty.io.grpc.StatusRuntimeException: UNAVAILABLE: io exception
2023-03-14 08:39:13,571 [grpc-default-executor-1] WARN  server.GrpcLogAppender (LogUtils.java:warn(122)) - s1@group-D228F8B5DB78->s3-AppendLogResponseHandler: Failed appendEntries: org.apache.ratis.thirdparty.io.grpc.StatusRuntimeException: UNAVAILABLE: io exception
2023-03-14 08:39:13,572 [grpc-default-executor-4] INFO  leader.FollowerInfo (FollowerInfoImpl.java:lambda$new$0(52)) - s1@group-D228F8B5DB78->s3: decreaseNextIndex nextIndex: updateUnconditionally 1 -> 0
2023-03-14 08:39:13,576 [grpc-default-executor-1] WARN  server.GrpcLogAppender (LogUtils.java:warn(122)) - s1@group-D228F8B5DB78->s4-AppendLogResponseHandler: Failed appendEntries: org.apache.ratis.thirdparty.io.grpc.StatusRuntimeException: UNAVAILABLE: io exception
2023-03-14 08:39:13,576 [grpc-default-executor-4] WARN  server.GrpcLogAppender (LogUtils.java:warn(122)) - s1@group-D228F8B5DB78->s4-AppendLogResponseHandler: Failed appendEntries: org.apache.ratis.thirdparty.io.grpc.StatusRuntimeException: UNAVAILABLE: io exception
2023-03-14 08:39:13,576 [grpc-default-executor-1] INFO  leader.FollowerInfo (FollowerInfoImpl.java:lambda$new$0(52)) - s1@group-D228F8B5DB78->s4: decreaseNextIndex nextIndex: updateUnconditionally 1 -> 0
2023-03-14 08:39:13,598 [grpc-default-executor-4] WARN  server.GrpcLogAppender (LogUtils.java:warn(122)) - s1@group-D228F8B5DB78->s3-AppendLogResponseHandler: Failed appendEntries: org.apache.ratis.thirdparty.io.grpc.StatusRuntimeException: UNAVAILABLE: io exception
2023-03-14 08:39:13,599 [grpc-default-executor-1] WARN  server.GrpcLogAppender (LogUtils.java:warn(122)) - s1@group-D228F8B5DB78->s3-AppendLogResponseHandler: Failed appendEntries: org.apache.ratis.thirdparty.io.grpc.StatusRuntimeException: UNAVAILABLE: io exception
2023-03-14 08:39:13,603 [grpc-default-executor-4] WARN  server.GrpcLogAppender (LogUtils.java:warn(122)) - s1@group-D228F8B5DB78->s4-AppendLogResponseHandler: Failed appendEntries: org.apache.ratis.thirdparty.io.grpc.StatusRuntimeException: UNAVAILABLE: io exception
2023-03-14 08:39:13,604 [grpc-default-executor-1] WARN  server.GrpcLogAppender (LogUtils.java:warn(122)) - s1@group-D228F8B5DB78->s4-AppendLogResponseHandler: Failed appendEntries: org.apache.ratis.thirdparty.io.grpc.StatusRuntimeException: UNAVAILABLE: io exception
2023-03-14 08:39:13,609 [grpc-default-executor-4] WARN  server.GrpcLogAppender (LogUtils.java:warn(122)) - s1@group-D228F8B5DB78->s3-AppendLogResponseHandler: Failed appendEntries: org.apache.ratis.thirdparty.io.grpc.StatusRuntimeException: UNAVAILABLE: io exception
2023-03-14 08:39:13,609 [grpc-default-executor-4] INFO  leader.FollowerInfo (FollowerInfoImpl.java:lambda$new$0(52)) - s1@group-D228F8B5DB78->s3: decreaseNextIndex nextIndex: updateUnconditionally 1 -> 0
2023-03-14 08:39:13,609 [grpc-default-executor-1] WARN  server.GrpcLogAppender (LogUtils.java:warn(122)) - s1@group-D228F8B5DB78->s3-AppendLogResponseHandler: Failed appendEntries: org.apache.ratis.thirdparty.io.grpc.StatusRuntimeException: UNAVAILABLE: io exception
2023-03-14 08:39:13,614 [grpc-default-executor-1] WARN  server.GrpcLogAppender (LogUtils.java:warn(122)) - s1@group-D228F8B5DB78->s4-AppendLogResponseHandler: Failed appendEntries: org.apache.ratis.thirdparty.io.grpc.StatusRuntimeException: UNAVAILABLE: io exception
2023-03-14 08:39:13,614 [grpc-default-executor-1] INFO  leader.FollowerInfo (FollowerInfoImpl.java:lambda$new$0(52)) - s1@group-D228F8B5DB78->s4: decreaseNextIndex nextIndex: updateUnconditionally 1 -> 0
2023-03-14 08:39:13,614 [grpc-default-executor-4] WARN  server.GrpcLogAppender (LogUtils.java:warn(122)) - s1@group-D228F8B5DB78->s4-AppendLogResponseHandler: Failed appendEntries: org.apache.ratis.thirdparty.io.grpc.StatusRuntimeException: UNAVAILABLE: io exception
2023-03-14 08:39:13,636 [grpc-default-executor-1] WARN  server.GrpcLogAppender (LogUtils.java:warn(122)) - s1@group-D228F8B5DB78->s3-AppendLogResponseHandler: Failed appendEntries: org.apache.ratis.thirdparty.io.grpc.StatusRuntimeException: UNAVAILABLE: io exception
2023-03-14 08:39:13,636 [grpc-default-executor-4] WARN  server.GrpcLogAppender (LogUtils.java:warn(122)) - s1@group-D228F8B5DB78->s3-AppendLogResponseHandler: Failed appendEntries: org.apache.ratis.thirdparty.io.grpc.StatusRuntimeException: UNAVAILABLE: io exception
2023-03-14 08:39:13,641 [grpc-default-executor-4] WARN  server.GrpcLogAppender (LogUtils.java:warn(122)) - s1@group-D228F8B5DB78->s4-AppendLogResponseHandler: Failed appendEntries: org.apache.ratis.thirdparty.io.grpc.StatusRuntimeException: UNAVAILABLE: io exception
2023-03-14 08:39:13,641 [grpc-default-executor-1] WARN  server.GrpcLogAppender (LogUtils.java:warn(122)) - s1@group-D228F8B5DB78->s4-AppendLogResponseHandler: Failed appendEntries: org.apache.ratis.thirdparty.io.grpc.StatusRuntimeException: UNAVAILABLE: io exception
2023-03-14 08:39:13,646 [grpc-default-executor-1] WARN  server.GrpcLogAppender (LogUtils.java:warn(122)) - s1@group-D228F8B5DB78->s3-AppendLogResponseHandler: Failed appendEntries: org.apache.ratis.thirdparty.io.grpc.StatusRuntimeException: UNAVAILABLE: io exception
2023-03-14 08:39:13,646 [grpc-default-executor-4] WARN  server.GrpcLogAppender (LogUtils.java:warn(122)) - s1@group-D228F8B5DB78->s3-AppendLogResponseHandler: Failed appendEntries: org.apache.ratis.thirdparty.io.grpc.StatusRuntimeException: UNAVAILABLE: io exception
2023-03-14 08:39:13,646 [grpc-default-executor-1] INFO  leader.FollowerInfo (FollowerInfoImpl.java:lambda$new$0(52)) - s1@group-D228F8B5DB78->s3: decreaseNextIndex nextIndex: updateUnconditionally 1 -> 0
2023-03-14 08:39:13,651 [grpc-default-executor-4] WARN  server.GrpcLogAppender (LogUtils.java:warn(122)) - s1@group-D228F8B5DB78->s4-AppendLogResponseHandler: Failed appendEntries: org.apache.ratis.thirdparty.io.grpc.StatusRuntimeException: UNAVAILABLE: io exception
2023-03-14 08:39:13,651 [grpc-default-executor-4] INFO  leader.FollowerInfo (FollowerInfoImpl.java:lambda$new$0(52)) - s1@group-D228F8B5DB78->s4: decreaseNextIndex nextIndex: updateUnconditionally 1 -> 0
2023-03-14 08:39:13,651 [grpc-default-executor-1] WARN  server.GrpcLogAppender (LogUtils.java:warn(122)) - s1@group-D228F8B5DB78->s4-AppendLogResponseHandler: Failed appendEntries: org.apache.ratis.thirdparty.io.grpc.StatusRuntimeException: UNAVAILABLE: io exception
2023-03-14 08:39:13,673 [grpc-default-executor-1] WARN  server.GrpcLogAppender (LogUtils.java:warn(122)) - s1@group-D228F8B5DB78->s3-AppendLogResponseHandler: Failed appendEntries: org.apache.ratis.thirdparty.io.grpc.StatusRuntimeException: UNAVAILABLE: io exception
2023-03-14 08:39:13,673 [grpc-default-executor-4] WARN  server.GrpcLogAppender (LogUtils.java:warn(122)) - s1@group-D228F8B5DB78->s3-AppendLogResponseHandler: Failed appendEntries: org.apache.ratis.thirdparty.io.grpc.StatusRuntimeException: UNAVAILABLE: io exception
2023-03-14 08:39:13,678 [grpc-default-executor-1] WARN  server.GrpcLogAppender (LogUtils.java:warn(122)) - s1@group-D228F8B5DB78->s4-AppendLogResponseHandler: Failed appendEntries: org.apache.ratis.thirdparty.io.grpc.StatusRuntimeException: UNAVAILABLE: io exception
2023-03-14 08:39:13,678 [grpc-default-executor-4] WARN  server.GrpcLogAppender (LogUtils.java:warn(122)) - s1@group-D228F8B5DB78->s4-AppendLogResponseHandler: Failed appendEntries: org.apache.ratis.thirdparty.io.grpc.StatusRuntimeException: UNAVAILABLE: io exception
2023-03-14 08:39:13,683 [grpc-default-executor-1] WARN  server.GrpcLogAppender (LogUtils.java:warn(122)) - s1@group-D228F8B5DB78->s3-AppendLogResponseHandler: Failed appendEntries: org.apache.ratis.thirdparty.io.grpc.StatusRuntimeException: UNAVAILABLE: io exception
2023-03-14 08:39:13,683 [grpc-default-executor-4] WARN  server.GrpcLogAppender (LogUtils.java:warn(122)) - s1@group-D228F8B5DB78->s3-AppendLogResponseHandler: Failed appendEntries: org.apache.ratis.thirdparty.io.grpc.StatusRuntimeException: UNAVAILABLE: io exception
2023-03-14 08:39:13,683 [grpc-default-executor-1] INFO  leader.FollowerInfo (FollowerInfoImpl.java:lambda$new$0(52)) - s1@group-D228F8B5DB78->s3: decreaseNextIndex nextIndex: updateUnconditionally 1 -> 0
2023-03-14 08:39:13,688 [grpc-default-executor-4] WARN  server.GrpcLogAppender (LogUtils.java:warn(122)) - s1@group-D228F8B5DB78->s4-AppendLogResponseHandler: Failed appendEntries: org.apache.ratis.thirdparty.io.grpc.StatusRuntimeException: UNAVAILABLE: io exception
2023-03-14 08:39:13,688 [grpc-default-executor-4] INFO  leader.FollowerInfo (FollowerInfoImpl.java:lambda$new$0(52)) - s1@group-D228F8B5DB78->s4: decreaseNextIndex nextIndex: updateUnconditionally 1 -> 0
2023-03-14 08:39:13,688 [grpc-default-executor-1] WARN  server.GrpcLogAppender (LogUtils.java:warn(122)) - s1@group-D228F8B5DB78->s4-AppendLogResponseHandler: Failed appendEntries: org.apache.ratis.thirdparty.io.grpc.StatusRuntimeException: UNAVAILABLE: io exception
2023-03-14 08:39:13,710 [grpc-default-executor-1] WARN  server.GrpcLogAppender (LogUtils.java:warn(122)) - s1@group-D228F8B5DB78->s3-AppendLogResponseHandler: Failed appendEntries: org.apache.ratis.thirdparty.io.grpc.StatusRuntimeException: UNAVAILABLE: io exception
2023-03-14 08:39:13,711 [grpc-default-executor-4] WARN  server.GrpcLogAppender (LogUtils.java:warn(122)) - s1@group-D228F8B5DB78->s3-AppendLogResponseHandler: Failed appendEntries: org.apache.ratis.thirdparty.io.grpc.StatusRuntimeException: UNAVAILABLE: io exception
2023-03-14 08:39:13,715 [grpc-default-executor-4] WARN  server.GrpcLogAppender (LogUtils.java:warn(122)) - s1@group-D228F8B5DB78->s4-AppendLogResponseHandler: Failed appendEntries: org.apache.ratis.thirdparty.io.grpc.StatusRuntimeException: UNAVAILABLE: io exception
2023-03-14 08:39:13,715 [grpc-default-executor-1] WARN  server.GrpcLogAppender (LogUtils.java:warn(122)) - s1@group-D228F8B5DB78->s4-AppendLogResponseHandler: Failed appendEntries: org.apache.ratis.thirdparty.io.grpc.StatusRuntimeException: UNAVAILABLE: io exception
2023-03-14 08:39:13,720 [grpc-default-executor-1] WARN  server.GrpcLogAppender (LogUtils.java:warn(122)) - s1@group-D228F8B5DB78->s3-AppendLogResponseHandler: Failed appendEntries: org.apache.ratis.thirdparty.io.grpc.StatusRuntimeException: UNAVAILABLE: io exception
2023-03-14 08:39:13,725 [grpc-default-executor-1] INFO  leader.FollowerInfo (FollowerInfoImpl.java:lambda$new$0(52)) - s1@group-D228F8B5DB78->s3: decreaseNextIndex nextIndex: updateUnconditionally 1 -> 0
2023-03-14 08:39:13,726 [grpc-default-executor-7] WARN  server.GrpcLogAppender (LogUtils.java:warn(122)) - s1@group-D228F8B5DB78->s4-AppendLogResponseHandler: Failed appendEntries: org.apache.ratis.thirdparty.io.grpc.StatusRuntimeException: UNAVAILABLE: io exception
2023-03-14 08:39:13,726 [grpc-default-executor-7] INFO  leader.FollowerInfo (FollowerInfoImpl.java:lambda$new$0(52)) - s1@group-D228F8B5DB78->s4: decreaseNextIndex nextIndex: updateUnconditionally 1 -> 0
2023-03-14 08:39:13,726 [grpc-default-executor-4] WARN  server.GrpcLogAppender (LogUtils.java:warn(122)) - s1@group-D228F8B5DB78->s3-AppendLogResponseHandler: Failed appendEntries: org.apache.ratis.thirdparty.io.grpc.StatusRuntimeException: UNAVAILABLE: io exception
2023-03-14 08:39:13,726 [grpc-default-executor-1] WARN  server.GrpcLogAppender (LogUtils.java:warn(122)) - s1@group-D228F8B5DB78->s4-AppendLogResponseHandler: Failed appendEntries: org.apache.ratis.thirdparty.io.grpc.StatusRuntimeException: UNAVAILABLE: io exception
2023-03-14 08:39:13,748 [grpc-default-executor-1] WARN  server.GrpcLogAppender (LogUtils.java:warn(122)) - s1@group-D228F8B5DB78->s3-AppendLogResponseHandler: Failed appendEntries: org.apache.ratis.thirdparty.io.grpc.StatusRuntimeException: UNAVAILABLE: io exception
2023-03-14 08:39:13,748 [grpc-default-executor-4] WARN  server.GrpcLogAppender (LogUtils.java:warn(122)) - s1@group-D228F8B5DB78->s3-AppendLogResponseHandler: Failed appendEntries: org.apache.ratis.thirdparty.io.grpc.StatusRuntimeException: UNAVAILABLE: io exception
2023-03-14 08:39:13,753 [grpc-default-executor-4] WARN  server.GrpcLogAppender (LogUtils.java:warn(122)) - s1@group-D228F8B5DB78->s4-AppendLogResponseHandler: Failed appendEntries: org.apache.ratis.thirdparty.io.grpc.StatusRuntimeException: UNAVAILABLE: io exception
2023-03-14 08:39:13,753 [grpc-default-executor-1] WARN  server.GrpcLogAppender (LogUtils.java:warn(122)) - s1@group-D228F8B5DB78->s4-AppendLogResponseHandler: Failed appendEntries: org.apache.ratis.thirdparty.io.grpc.StatusRuntimeException: UNAVAILABLE: io exception
2023-03-14 08:39:13,758 [grpc-default-executor-1] WARN  server.GrpcLogAppender (LogUtils.java:warn(122)) - s1@group-D228F8B5DB78->s3-AppendLogResponseHandler: Failed appendEntries: org.apache.ratis.thirdparty.io.grpc.StatusRuntimeException: UNAVAILABLE: io exception
2023-03-14 08:39:13,758 [grpc-default-executor-4] WARN  server.GrpcLogAppender (LogUtils.java:warn(122)) - s1@group-D228F8B5DB78->s3-AppendLogResponseHandler: Failed appendEntries: org.apache.ratis.thirdparty.io.grpc.StatusRuntimeException: UNAVAILABLE: io exception
2023-03-14 08:39:13,758 [grpc-default-executor-1] INFO  leader.FollowerInfo (FollowerInfoImpl.java:lambda$new$0(52)) - s1@group-D228F8B5DB78->s3: decreaseNextIndex nextIndex: updateUnconditionally 1 -> 0
2023-03-14 08:39:13,763 [grpc-default-executor-4] WARN  server.GrpcLogAppender (LogUtils.java:warn(122)) - s1@group-D228F8B5DB78->s4-AppendLogResponseHandler: Failed appendEntries: org.apache.ratis.thirdparty.io.grpc.StatusRuntimeException: UNAVAILABLE: io exception
2023-03-14 08:39:13,763 [grpc-default-executor-4] INFO  leader.FollowerInfo (FollowerInfoImpl.java:lambda$new$0(52)) - s1@group-D228F8B5DB78->s4: decreaseNextIndex nextIndex: updateUnconditionally 1 -> 0
2023-03-14 08:39:13,763 [grpc-default-executor-1] WARN  server.GrpcLogAppender (LogUtils.java:warn(122)) - s1@group-D228F8B5DB78->s4-AppendLogResponseHandler: Failed appendEntries: org.apache.ratis.thirdparty.io.grpc.StatusRuntimeException: UNAVAILABLE: io exception
2023-03-14 08:39:13,785 [grpc-default-executor-1] WARN  server.GrpcLogAppender (LogUtils.java:warn(122)) - s1@group-D228F8B5DB78->s3-AppendLogResponseHandler: Failed appendEntries: org.apache.ratis.thirdparty.io.grpc.StatusRuntimeException: UNAVAILABLE: io exception
2023-03-14 08:39:13,785 [grpc-default-executor-4] WARN  server.GrpcLogAppender (LogUtils.java:warn(122)) - s1@group-D228F8B5DB78->s3-AppendLogResponseHandler: Failed appendEntries: org.apache.ratis.thirdparty.io.grpc.StatusRuntimeException: UNAVAILABLE: io exception
2023-03-14 08:39:13,790 [grpc-default-executor-4] WARN  server.GrpcLogAppender (LogUtils.java:warn(122)) - s1@group-D228F8B5DB78->s4-AppendLogResponseHandler: Failed appendEntries: org.apache.ratis.thirdparty.io.grpc.StatusRuntimeException: UNAVAILABLE: io exception
2023-03-14 08:39:13,790 [grpc-default-executor-1] WARN  server.GrpcLogAppender (LogUtils.java:warn(122)) - s1@group-D228F8B5DB78->s4-AppendLogResponseHandler: Failed appendEntries: org.apache.ratis.thirdparty.io.grpc.StatusRuntimeException: UNAVAILABLE: io exception
2023-03-14 08:39:13,795 [grpc-default-executor-1] WARN  server.GrpcLogAppender (LogUtils.java:warn(122)) - s1@group-D228F8B5DB78->s3-AppendLogResponseHandler: Failed appendEntries: org.apache.ratis.thirdparty.io.grpc.StatusRuntimeException: UNAVAILABLE: io exception
2023-03-14 08:39:13,795 [grpc-default-executor-1] INFO  leader.FollowerInfo (FollowerInfoImpl.java:lambda$new$0(52)) - s1@group-D228F8B5DB78->s3: decreaseNextIndex nextIndex: updateUnconditionally 1 -> 0
2023-03-14 08:39:13,795 [grpc-default-executor-4] WARN  server.GrpcLogAppender (LogUtils.java:warn(122)) - s1@group-D228F8B5DB78->s3-AppendLogResponseHandler: Failed appendEntries: org.apache.ratis.thirdparty.io.grpc.StatusRuntimeException: UNAVAILABLE: io exception
2023-03-14 08:39:13,800 [grpc-default-executor-4] WARN  server.GrpcLogAppender (LogUtils.java:warn(122)) - s1@group-D228F8B5DB78->s4-AppendLogResponseHandler: Failed appendEntries: org.apache.ratis.thirdparty.io.grpc.StatusRuntimeException: UNAVAILABLE: io exception
2023-03-14 08:39:13,800 [grpc-default-executor-4] INFO  leader.FollowerInfo (FollowerInfoImpl.java:lambda$new$0(52)) - s1@group-D228F8B5DB78->s4: decreaseNextIndex nextIndex: updateUnconditionally 1 -> 0
2023-03-14 08:39:13,800 [grpc-default-executor-1] WARN  server.GrpcLogAppender (LogUtils.java:warn(122)) - s1@group-D228F8B5DB78->s4-AppendLogResponseHandler: Failed appendEntries: org.apache.ratis.thirdparty.io.grpc.StatusRuntimeException: UNAVAILABLE: io exception
2023-03-14 08:39:13,822 [grpc-default-executor-1] WARN  server.GrpcLogAppender (LogUtils.java:warn(122)) - s1@group-D228F8B5DB78->s3-AppendLogResponseHandler: Failed appendEntries: org.apache.ratis.thirdparty.io.grpc.StatusRuntimeException: UNAVAILABLE: io exception
2023-03-14 08:39:13,822 [grpc-default-executor-4] WARN  server.GrpcLogAppender (LogUtils.java:warn(122)) - s1@group-D228F8B5DB78->s3-AppendLogResponseHandler: Failed appendEntries: org.apache.ratis.thirdparty.io.grpc.StatusRuntimeException: UNAVAILABLE: io exception
2023-03-14 08:39:13,827 [grpc-default-executor-1] WARN  server.GrpcLogAppender (LogUtils.java:warn(122)) - s1@group-D228F8B5DB78->s4-AppendLogResponseHandler: Failed appendEntries: org.apache.ratis.thirdparty.io.grpc.StatusRuntimeException: UNAVAILABLE: io exception
2023-03-14 08:39:13,827 [grpc-default-executor-4] WARN  server.GrpcLogAppender (LogUtils.java:warn(122)) - s1@group-D228F8B5DB78->s4-AppendLogResponseHandler: Failed appendEntries: org.apache.ratis.thirdparty.io.grpc.StatusRuntimeException: UNAVAILABLE: io exception
2023-03-14 08:39:13,832 [grpc-default-executor-1] WARN  server.GrpcLogAppender (LogUtils.java:warn(122)) - s1@group-D228F8B5DB78->s3-AppendLogResponseHandler: Failed appendEntries: org.apache.ratis.thirdparty.io.grpc.StatusRuntimeException: UNAVAILABLE: io exception
2023-03-14 08:39:13,832 [grpc-default-executor-1] INFO  leader.FollowerInfo (FollowerInfoImpl.java:lambda$new$0(52)) - s1@group-D228F8B5DB78->s3: decreaseNextIndex nextIndex: updateUnconditionally 1 -> 0
2023-03-14 08:39:13,832 [grpc-default-executor-4] WARN  server.GrpcLogAppender (LogUtils.java:warn(122)) - s1@group-D228F8B5DB78->s3-AppendLogResponseHandler: Failed appendEntries: org.apache.ratis.thirdparty.io.grpc.StatusRuntimeException: UNAVAILABLE: io exception
2023-03-14 08:39:13,837 [grpc-default-executor-1] WARN  server.GrpcLogAppender (LogUtils.java:warn(122)) - s1@group-D228F8B5DB78->s4-AppendLogResponseHandler: Failed appendEntries: org.apache.ratis.thirdparty.io.grpc.StatusRuntimeException: UNAVAILABLE: io exception
2023-03-14 08:39:13,837 [grpc-default-executor-1] INFO  leader.FollowerInfo (FollowerInfoImpl.java:lambda$new$0(52)) - s1@group-D228F8B5DB78->s4: decreaseNextIndex nextIndex: updateUnconditionally 1 -> 0
2023-03-14 08:39:13,838 [grpc-default-executor-4] WARN  server.GrpcLogAppender (LogUtils.java:warn(122)) - s1@group-D228F8B5DB78->s4-AppendLogResponseHandler: Failed appendEntries: org.apache.ratis.thirdparty.io.grpc.StatusRuntimeException: UNAVAILABLE: io exception
2023-03-14 08:39:13,859 [grpc-default-executor-4] WARN  server.GrpcLogAppender (LogUtils.java:warn(122)) - s1@group-D228F8B5DB78->s3-AppendLogResponseHandler: Failed appendEntries: org.apache.ratis.thirdparty.io.grpc.StatusRuntimeException: UNAVAILABLE: io exception
2023-03-14 08:39:13,859 [grpc-default-executor-1] WARN  server.GrpcLogAppender (LogUtils.java:warn(122)) - s1@group-D228F8B5DB78->s3-AppendLogResponseHandler: Failed appendEntries: org.apache.ratis.thirdparty.io.grpc.StatusRuntimeException: UNAVAILABLE: io exception
2023-03-14 08:39:13,864 [grpc-default-executor-1] WARN  server.GrpcLogAppender (LogUtils.java:warn(122)) - s1@group-D228F8B5DB78->s4-AppendLogResponseHandler: Failed appendEntries: org.apache.ratis.thirdparty.io.grpc.StatusRuntimeException: UNAVAILABLE: io exception
2023-03-14 08:39:13,864 [grpc-default-executor-4] WARN  server.GrpcLogAppender (LogUtils.java:warn(122)) - s1@group-D228F8B5DB78->s4-AppendLogResponseHandler: Failed appendEntries: org.apache.ratis.thirdparty.io.grpc.StatusRuntimeException: UNAVAILABLE: io exception
2023-03-14 08:39:13,869 [grpc-default-executor-4] WARN  server.GrpcLogAppender (LogUtils.java:warn(122)) - s1@group-D228F8B5DB78->s3-AppendLogResponseHandler: Failed appendEntries: org.apache.ratis.thirdparty.io.grpc.StatusRuntimeException: UNAVAILABLE: io exception
2023-03-14 08:39:13,870 [grpc-default-executor-4] INFO  leader.FollowerInfo (FollowerInfoImpl.java:lambda$new$0(52)) - s1@group-D228F8B5DB78->s3: decreaseNextIndex nextIndex: updateUnconditionally 1 -> 0
2023-03-14 08:39:13,870 [grpc-default-executor-1] WARN  server.GrpcLogAppender (LogUtils.java:warn(122)) - s1@group-D228F8B5DB78->s3-AppendLogResponseHandler: Failed appendEntries: org.apache.ratis.thirdparty.io.grpc.StatusRuntimeException: UNAVAILABLE: io exception
2023-03-14 08:39:13,874 [grpc-default-executor-1] WARN  server.GrpcLogAppender (LogUtils.java:warn(122)) - s1@group-D228F8B5DB78->s4-AppendLogResponseHandler: Failed appendEntries: org.apache.ratis.thirdparty.io.grpc.StatusRuntimeException: UNAVAILABLE: io exception
2023-03-14 08:39:13,875 [grpc-default-executor-1] INFO  leader.FollowerInfo (FollowerInfoImpl.java:lambda$new$0(52)) - s1@group-D228F8B5DB78->s4: decreaseNextIndex nextIndex: updateUnconditionally 1 -> 0
2023-03-14 08:39:13,875 [grpc-default-executor-4] WARN  server.GrpcLogAppender (LogUtils.java:warn(122)) - s1@group-D228F8B5DB78->s4-AppendLogResponseHandler: Failed appendEntries: org.apache.ratis.thirdparty.io.grpc.StatusRuntimeException: UNAVAILABLE: io exception
2023-03-14 08:39:13,896 [grpc-default-executor-4] WARN  server.GrpcLogAppender (LogUtils.java:warn(122)) - s1@group-D228F8B5DB78->s3-AppendLogResponseHandler: Failed appendEntries: org.apache.ratis.thirdparty.io.grpc.StatusRuntimeException: UNAVAILABLE: io exception
2023-03-14 08:39:13,897 [grpc-default-executor-1] WARN  server.GrpcLogAppender (LogUtils.java:warn(122)) - s1@group-D228F8B5DB78->s3-AppendLogResponseHandler: Failed appendEntries: org.apache.ratis.thirdparty.io.grpc.StatusRuntimeException: UNAVAILABLE: io exception
2023-03-14 08:39:13,902 [grpc-default-executor-4] WARN  server.GrpcLogAppender (LogUtils.java:warn(122)) - s1@group-D228F8B5DB78->s4-AppendLogResponseHandler: Failed appendEntries: org.apache.ratis.thirdparty.io.grpc.StatusRuntimeException: UNAVAILABLE: io exception
2023-03-14 08:39:13,902 [grpc-default-executor-1] WARN  server.GrpcLogAppender (LogUtils.java:warn(122)) - s1@group-D228F8B5DB78->s4-AppendLogResponseHandler: Failed appendEntries: org.apache.ratis.thirdparty.io.grpc.StatusRuntimeException: UNAVAILABLE: io exception
2023-03-14 08:39:13,907 [grpc-default-executor-4] WARN  server.GrpcLogAppender (LogUtils.java:warn(122)) - s1@group-D228F8B5DB78->s3-AppendLogResponseHandler: Failed appendEntries: org.apache.ratis.thirdparty.io.grpc.StatusRuntimeException: UNAVAILABLE: io exception
2023-03-14 08:39:13,907 [grpc-default-executor-4] INFO  leader.FollowerInfo (FollowerInfoImpl.java:lambda$new$0(52)) - s1@group-D228F8B5DB78->s3: decreaseNextIndex nextIndex: updateUnconditionally 1 -> 0
2023-03-14 08:39:13,907 [grpc-default-executor-1] WARN  server.GrpcLogAppender (LogUtils.java:warn(122)) - s1@group-D228F8B5DB78->s3-AppendLogResponseHandler: Failed appendEntries: org.apache.ratis.thirdparty.io.grpc.StatusRuntimeException: UNAVAILABLE: io exception
2023-03-14 08:39:13,912 [grpc-default-executor-4] WARN  server.GrpcLogAppender (LogUtils.java:warn(122)) - s1@group-D228F8B5DB78->s4-AppendLogResponseHandler: Failed appendEntries: org.apache.ratis.thirdparty.io.grpc.StatusRuntimeException: UNAVAILABLE: io exception
2023-03-14 08:39:13,912 [grpc-default-executor-1] WARN  server.GrpcLogAppender (LogUtils.java:warn(122)) - s1@group-D228F8B5DB78->s4-AppendLogResponseHandler: Failed appendEntries: org.apache.ratis.thirdparty.io.grpc.StatusRuntimeException: UNAVAILABLE: io exception
2023-03-14 08:39:13,912 [grpc-default-executor-4] INFO  leader.FollowerInfo (FollowerInfoImpl.java:lambda$new$0(52)) - s1@group-D228F8B5DB78->s4: decreaseNextIndex nextIndex: updateUnconditionally 1 -> 0
2023-03-14 08:39:13,934 [grpc-default-executor-1] WARN  server.GrpcLogAppender (LogUtils.java:warn(122)) - s1@group-D228F8B5DB78->s3-AppendLogResponseHandler: Failed appendEntries: org.apache.ratis.thirdparty.io.grpc.StatusRuntimeException: UNAVAILABLE: io exception
2023-03-14 08:39:13,934 [grpc-default-executor-4] WARN  server.GrpcLogAppender (LogUtils.java:warn(122)) - s1@group-D228F8B5DB78->s3-AppendLogResponseHandler: Failed appendEntries: org.apache.ratis.thirdparty.io.grpc.StatusRuntimeException: UNAVAILABLE: io exception
2023-03-14 08:39:13,939 [grpc-default-executor-4] WARN  server.GrpcLogAppender (LogUtils.java:warn(122)) - s1@group-D228F8B5DB78->s4-AppendLogResponseHandler: Failed appendEntries: org.apache.ratis.thirdparty.io.grpc.StatusRuntimeException: UNAVAILABLE: io exception
2023-03-14 08:39:13,939 [grpc-default-executor-1] WARN  server.GrpcLogAppender (LogUtils.java:warn(122)) - s1@group-D228F8B5DB78->s4-AppendLogResponseHandler: Failed appendEntries: org.apache.ratis.thirdparty.io.grpc.StatusRuntimeException: UNAVAILABLE: io exception
2023-03-14 08:39:13,944 [grpc-default-executor-1] WARN  server.GrpcLogAppender (LogUtils.java:warn(122)) - s1@group-D228F8B5DB78->s3-AppendLogResponseHandler: Failed appendEntries: org.apache.ratis.thirdparty.io.grpc.StatusRuntimeException: UNAVAILABLE: io exception
2023-03-14 08:39:13,944 [grpc-default-executor-1] INFO  leader.FollowerInfo (FollowerInfoImpl.java:lambda$new$0(52)) - s1@group-D228F8B5DB78->s3: decreaseNextIndex nextIndex: updateUnconditionally 1 -> 0
2023-03-14 08:39:13,944 [grpc-default-executor-4] WARN  server.GrpcLogAppender (LogUtils.java:warn(122)) - s1@group-D228F8B5DB78->s3-AppendLogResponseHandler: Failed appendEntries: org.apache.ratis.thirdparty.io.grpc.StatusRuntimeException: UNAVAILABLE: io exception
2023-03-14 08:39:13,949 [grpc-default-executor-4] WARN  server.GrpcLogAppender (LogUtils.java:warn(122)) - s1@group-D228F8B5DB78->s4-AppendLogResponseHandler: Failed appendEntries: org.apache.ratis.thirdparty.io.grpc.StatusRuntimeException: UNAVAILABLE: io exception
2023-03-14 08:39:13,949 [grpc-default-executor-4] INFO  leader.FollowerInfo (FollowerInfoImpl.java:lambda$new$0(52)) - s1@group-D228F8B5DB78->s4: decreaseNextIndex nextIndex: updateUnconditionally 1 -> 0
2023-03-14 08:39:13,949 [grpc-default-executor-1] WARN  server.GrpcLogAppender (LogUtils.java:warn(122)) - s1@group-D228F8B5DB78->s4-AppendLogResponseHandler: Failed appendEntries: org.apache.ratis.thirdparty.io.grpc.StatusRuntimeException: UNAVAILABLE: io exception
2023-03-14 08:39:13,971 [grpc-default-executor-1] WARN  server.GrpcLogAppender (LogUtils.java:warn(122)) - s1@group-D228F8B5DB78->s3-AppendLogResponseHandler: Failed appendEntries: org.apache.ratis.thirdparty.io.grpc.StatusRuntimeException: UNAVAILABLE: io exception
2023-03-14 08:39:13,971 [grpc-default-executor-4] WARN  server.GrpcLogAppender (LogUtils.java:warn(122)) - s1@group-D228F8B5DB78->s3-AppendLogResponseHandler: Failed appendEntries: org.apache.ratis.thirdparty.io.grpc.StatusRuntimeException: UNAVAILABLE: io exception
2023-03-14 08:39:13,976 [grpc-default-executor-4] WARN  server.GrpcLogAppender (LogUtils.java:warn(122)) - s1@group-D228F8B5DB78->s4-AppendLogResponseHandler: Failed appendEntries: org.apache.ratis.thirdparty.io.grpc.StatusRuntimeException: UNAVAILABLE: io exception
2023-03-14 08:39:13,976 [grpc-default-executor-1] WARN  server.GrpcLogAppender (LogUtils.java:warn(122)) - s1@group-D228F8B5DB78->s4-AppendLogResponseHandler: Failed appendEntries: org.apache.ratis.thirdparty.io.grpc.StatusRuntimeException: UNAVAILABLE: io exception
2023-03-14 08:39:13,981 [grpc-default-executor-1] WARN  server.GrpcLogAppender (LogUtils.java:warn(122)) - s1@group-D228F8B5DB78->s3-AppendLogResponseHandler: Failed appendEntries: org.apache.ratis.thirdparty.io.grpc.StatusRuntimeException: UNAVAILABLE: io exception
2023-03-14 08:39:13,981 [grpc-default-executor-4] WARN  server.GrpcLogAppender (LogUtils.java:warn(122)) - s1@group-D228F8B5DB78->s3-AppendLogResponseHandler: Failed appendEntries: org.apache.ratis.thirdparty.io.grpc.StatusRuntimeException: UNAVAILABLE: io exception
2023-03-14 08:39:13,981 [grpc-default-executor-1] INFO  leader.FollowerInfo (FollowerInfoImpl.java:lambda$new$0(52)) - s1@group-D228F8B5DB78->s3: decreaseNextIndex nextIndex: updateUnconditionally 1 -> 0
2023-03-14 08:39:13,986 [grpc-default-executor-1] WARN  server.GrpcLogAppender (LogUtils.java:warn(122)) - s1@group-D228F8B5DB78->s4-AppendLogResponseHandler: Failed appendEntries: org.apache.ratis.thirdparty.io.grpc.StatusRuntimeException: UNAVAILABLE: io exception
2023-03-14 08:39:13,986 [grpc-default-executor-1] INFO  leader.FollowerInfo (FollowerInfoImpl.java:lambda$new$0(52)) - s1@group-D228F8B5DB78->s4: decreaseNextIndex nextIndex: updateUnconditionally 1 -> 0
2023-03-14 08:39:13,986 [grpc-default-executor-4] WARN  server.GrpcLogAppender (LogUtils.java:warn(122)) - s1@group-D228F8B5DB78->s4-AppendLogResponseHandler: Failed appendEntries: org.apache.ratis.thirdparty.io.grpc.StatusRuntimeException: UNAVAILABLE: io exception
2023-03-14 08:39:14,008 [grpc-default-executor-4] WARN  server.GrpcLogAppender (LogUtils.java:warn(122)) - s1@group-D228F8B5DB78->s3-AppendLogResponseHandler: Failed appendEntries: org.apache.ratis.thirdparty.io.grpc.StatusRuntimeException: UNAVAILABLE: io exception
2023-03-14 08:39:14,008 [grpc-default-executor-1] WARN  server.GrpcLogAppender (LogUtils.java:warn(122)) - s1@group-D228F8B5DB78->s3-AppendLogResponseHandler: Failed appendEntries: org.apache.ratis.thirdparty.io.grpc.StatusRuntimeException: UNAVAILABLE: io exception
2023-03-14 08:39:14,013 [grpc-default-executor-1] WARN  server.GrpcLogAppender (LogUtils.java:warn(122)) - s1@group-D228F8B5DB78->s4-AppendLogResponseHandler: Failed appendEntries: org.apache.ratis.thirdparty.io.grpc.StatusRuntimeException: UNAVAILABLE: io exception
2023-03-14 08:39:14,013 [grpc-default-executor-4] WARN  server.GrpcLogAppender (LogUtils.java:warn(122)) - s1@group-D228F8B5DB78->s4-AppendLogResponseHandler: Failed appendEntries: org.apache.ratis.thirdparty.io.grpc.StatusRuntimeException: UNAVAILABLE: io exception
2023-03-14 08:39:14,018 [grpc-default-executor-4] WARN  server.GrpcLogAppender (LogUtils.java:warn(122)) - s1@group-D228F8B5DB78->s3-AppendLogResponseHandler: Failed appendEntries: org.apache.ratis.thirdparty.io.grpc.StatusRuntimeException: UNAVAILABLE: io exception
2023-03-14 08:39:14,018 [grpc-default-executor-4] INFO  leader.FollowerInfo (FollowerInfoImpl.java:lambda$new$0(52)) - s1@group-D228F8B5DB78->s3: decreaseNextIndex nextIndex: updateUnconditionally 1 -> 0
2023-03-14 08:39:14,018 [grpc-default-executor-1] WARN  server.GrpcLogAppender (LogUtils.java:warn(122)) - s1@group-D228F8B5DB78->s3-AppendLogResponseHandler: Failed appendEntries: org.apache.ratis.thirdparty.io.grpc.StatusRuntimeException: UNAVAILABLE: io exception
2023-03-14 08:39:14,027 [grpc-default-executor-1] WARN  server.GrpcLogAppender (LogUtils.java:warn(122)) - s1@group-D228F8B5DB78->s4-AppendLogResponseHandler: Failed appendEntries: org.apache.ratis.thirdparty.io.grpc.StatusRuntimeException: UNAVAILABLE: io exception
2023-03-14 08:39:14,027 [grpc-default-executor-4] WARN  server.GrpcLogAppender (LogUtils.java:warn(122)) - s1@group-D228F8B5DB78->s4-AppendLogResponseHandler: Failed appendEntries: org.apache.ratis.thirdparty.io.grpc.StatusRuntimeException: UNAVAILABLE: io exception
2023-03-14 08:39:14,027 [grpc-default-executor-1] INFO  leader.FollowerInfo (FollowerInfoImpl.java:lambda$new$0(52)) - s1@group-D228F8B5DB78->s4: decreaseNextIndex nextIndex: updateUnconditionally 1 -> 0
2023-03-14 08:39:14,045 [grpc-default-executor-4] WARN  server.GrpcLogAppender (LogUtils.java:warn(122)) - s1@group-D228F8B5DB78->s3-AppendLogResponseHandler: Failed appendEntries: org.apache.ratis.thirdparty.io.grpc.StatusRuntimeException: UNAVAILABLE: io exception
2023-03-14 08:39:14,046 [grpc-default-executor-1] WARN  server.GrpcLogAppender (LogUtils.java:warn(122)) - s1@group-D228F8B5DB78->s3-AppendLogResponseHandler: Failed appendEntries: org.apache.ratis.thirdparty.io.grpc.StatusRuntimeException: UNAVAILABLE: io exception
2023-03-14 08:39:14,050 [grpc-default-executor-1] WARN  server.GrpcLogAppender (LogUtils.java:warn(122)) - s1@group-D228F8B5DB78->s4-AppendLogResponseHandler: Failed appendEntries: org.apache.ratis.thirdparty.io.grpc.StatusRuntimeException: UNAVAILABLE: io exception
2023-03-14 08:39:14,051 [grpc-default-executor-4] WARN  server.GrpcLogAppender (LogUtils.java:warn(122)) - s1@group-D228F8B5DB78->s4-AppendLogResponseHandler: Failed appendEntries: org.apache.ratis.thirdparty.io.grpc.StatusRuntimeException: UNAVAILABLE: io exception
2023-03-14 08:39:14,056 [grpc-default-executor-1] WARN  server.GrpcLogAppender (LogUtils.java:warn(122)) - s1@group-D228F8B5DB78->s3-AppendLogResponseHandler: Failed appendEntries: org.apache.ratis.thirdparty.io.grpc.StatusRuntimeException: UNAVAILABLE: io exception
2023-03-14 08:39:14,056 [grpc-default-executor-1] INFO  leader.FollowerInfo (FollowerInfoImpl.java:lambda$new$0(52)) - s1@group-D228F8B5DB78->s3: decreaseNextIndex nextIndex: updateUnconditionally 1 -> 0
2023-03-14 08:39:14,056 [grpc-default-executor-4] WARN  server.GrpcLogAppender (LogUtils.java:warn(122)) - s1@group-D228F8B5DB78->s3-AppendLogResponseHandler: Failed appendEntries: org.apache.ratis.thirdparty.io.grpc.StatusRuntimeException: UNAVAILABLE: io exception
2023-03-14 08:39:14,061 [grpc-default-executor-4] WARN  server.GrpcLogAppender (LogUtils.java:warn(122)) - s1@group-D228F8B5DB78->s4-AppendLogResponseHandler: Failed appendEntries: org.apache.ratis.thirdparty.io.grpc.StatusRuntimeException: UNAVAILABLE: io exception
2023-03-14 08:39:14,061 [grpc-default-executor-1] WARN  server.GrpcLogAppender (LogUtils.java:warn(122)) - s1@group-D228F8B5DB78->s4-AppendLogResponseHandler: Failed appendEntries: org.apache.ratis.thirdparty.io.grpc.StatusRuntimeException: UNAVAILABLE: io exception
2023-03-14 08:39:14,061 [grpc-default-executor-4] INFO  leader.FollowerInfo (FollowerInfoImpl.java:lambda$new$0(52)) - s1@group-D228F8B5DB78->s4: decreaseNextIndex nextIndex: updateUnconditionally 1 -> 0
2023-03-14 08:39:14,083 [grpc-default-executor-1] WARN  server.GrpcLogAppender (LogUtils.java:warn(122)) - s1@group-D228F8B5DB78->s3-AppendLogResponseHandler: Failed appendEntries: org.apache.ratis.thirdparty.io.grpc.StatusRuntimeException: UNAVAILABLE: io exception
2023-03-14 08:39:14,083 [grpc-default-executor-4] WARN  server.GrpcLogAppender (LogUtils.java:warn(122)) - s1@group-D228F8B5DB78->s3-AppendLogResponseHandler: Failed appendEntries: org.apache.ratis.thirdparty.io.grpc.StatusRuntimeException: UNAVAILABLE: io exception
2023-03-14 08:39:14,088 [grpc-default-executor-4] WARN  server.GrpcLogAppender (LogUtils.java:warn(122)) - s1@group-D228F8B5DB78->s4-AppendLogResponseHandler: Failed appendEntries: org.apache.ratis.thirdparty.io.grpc.StatusRuntimeException: UNAVAILABLE: io exception
2023-03-14 08:39:14,088 [grpc-default-executor-1] WARN  server.GrpcLogAppender (LogUtils.java:warn(122)) - s1@group-D228F8B5DB78->s4-AppendLogResponseHandler: Failed appendEntries: org.apache.ratis.thirdparty.io.grpc.StatusRuntimeException: UNAVAILABLE: io exception
2023-03-14 08:39:14,093 [grpc-default-executor-1] WARN  server.GrpcLogAppender (LogUtils.java:warn(122)) - s1@group-D228F8B5DB78->s3-AppendLogResponseHandler: Failed appendEntries: org.apache.ratis.thirdparty.io.grpc.StatusRuntimeException: UNAVAILABLE: io exception
2023-03-14 08:39:14,093 [grpc-default-executor-1] INFO  leader.FollowerInfo (FollowerInfoImpl.java:lambda$new$0(52)) - s1@group-D228F8B5DB78->s3: decreaseNextIndex nextIndex: updateUnconditionally 1 -> 0
2023-03-14 08:39:14,093 [grpc-default-executor-4] WARN  server.GrpcLogAppender (LogUtils.java:warn(122)) - s1@group-D228F8B5DB78->s3-AppendLogResponseHandler: Failed appendEntries: org.apache.ratis.thirdparty.io.grpc.StatusRuntimeException: UNAVAILABLE: io exception
2023-03-14 08:39:14,098 [grpc-default-executor-4] WARN  server.GrpcLogAppender (LogUtils.java:warn(122)) - s1@group-D228F8B5DB78->s4-AppendLogResponseHandler: Failed appendEntries: org.apache.ratis.thirdparty.io.grpc.StatusRuntimeException: UNAVAILABLE: io exception
2023-03-14 08:39:14,098 [grpc-default-executor-4] INFO  leader.FollowerInfo (FollowerInfoImpl.java:lambda$new$0(52)) - s1@group-D228F8B5DB78->s4: decreaseNextIndex nextIndex: updateUnconditionally 1 -> 0
2023-03-14 08:39:14,098 [grpc-default-executor-1] WARN  server.GrpcLogAppender (LogUtils.java:warn(122)) - s1@group-D228F8B5DB78->s4-AppendLogResponseHandler: Failed appendEntries: org.apache.ratis.thirdparty.io.grpc.StatusRuntimeException: UNAVAILABLE: io exception
2023-03-14 08:39:14,112 [s1@group-D228F8B5DB78-LeaderStateImpl] DEBUG server.RaftServer$Division (LeaderStateImpl.java:checkProgress(762)) - s1@group-D228F8B5DB78-LeaderStateImpl detects a follower s1@group-D228F8B5DB78->s3(c-1,m-1,n0, attendVote=false, lastRpcSendTime=19, lastRpcResponseTime=1189) timeout (1189ms) for bootstrapping
2023-03-14 08:39:14,112 [s1@group-D228F8B5DB78-LeaderStateImpl] DEBUG server.RaftServer$Division (LeaderStateImpl.java:checkProgress(762)) - s1@group-D228F8B5DB78-LeaderStateImpl detects a follower s1@group-D228F8B5DB78->s4(c-1,m-1,n0, attendVote=false, lastRpcSendTime=14, lastRpcResponseTime=1189) timeout (1189ms) for bootstrapping
2023-03-14 08:39:14,113 [s1@group-D228F8B5DB78-LeaderStateImpl] DEBUG server.RaftServer$Division (LeaderStateImpl.java:fail(1210)) - s1@group-D228F8B5DB78-ConfigurationStagingState: Fail to set configuration peers:[s3|rpc:0.0.0.0:46073|dataStream:|priority:0|startupRole:FOLLOWER, s4|rpc:0.0.0.0:35767|dataStream:|priority:0|startupRole:FOLLOWER, s0|rpc:localhost:41583|admin:localhost:33921|client:localhost:36257|dataStream:localhost:36865|priority:0|startupRole:FOLLOWER, s1|rpc:localhost:33527|admin:localhost:45333|client:localhost:40903|dataStream:localhost:39123|priority:0|startupRole:FOLLOWER, s2|rpc:localhost:33759|admin:localhost:36757|client:localhost:34851|dataStream:localhost:37251|priority:0|startupRole:FOLLOWER]|listeners:[] due to NOPROGRESS
2023-03-14 08:39:14,113 [s1@group-D228F8B5DB78->s4-GrpcLogAppender-LogAppenderDaemon] WARN  server.GrpcLogAppender (GrpcLogAppender.java:mayWait(190)) - s1@group-D228F8B5DB78->s4-GrpcLogAppender: Wait interrupted by java.lang.InterruptedException
2023-03-14 08:39:14,113 [s1@group-D228F8B5DB78->s3-GrpcLogAppender-LogAppenderDaemon] WARN  server.GrpcLogAppender (GrpcLogAppender.java:mayWait(190)) - s1@group-D228F8B5DB78->s3-GrpcLogAppender: Wait interrupted by java.lang.InterruptedException
2023-03-14 08:39:14,121 [Time-limited test] INFO  grpc.TestRaftReconfigurationWithGrpc (RaftReconfigurationBaseTest.java:runTestReconfTimeout(366)) - Start new peers
2023-03-14 08:39:14,121 [Time-limited test] INFO  impl.MiniRaftCluster (MiniRaftCluster.java:killServer(533)) - killServer s3
2023-03-14 08:39:14,122 [Time-limited test] INFO  impl.MiniRaftCluster (MiniRaftCluster.java:newRaftServer(382)) - newRaftServer: s3, group-D228F8B5DB78:[s3|rpc:0.0.0.0:46073|priority:0|startupRole:FOLLOWER, s4|rpc:0.0.0.0:35767|priority:0|startupRole:FOLLOWER, s0|rpc:localhost:41583|admin:localhost:33921|client:localhost:36257|dataStream:localhost:36865|priority:0|startupRole:FOLLOWER, s1|rpc:localhost:33527|admin:localhost:45333|client:localhost:40903|dataStream:localhost:39123|priority:0|startupRole:FOLLOWER, s2|rpc:localhost:33759|admin:localhost:36757|client:localhost:34851|dataStream:localhost:37251|priority:0|startupRole:FOLLOWER], format? true
2023-03-14 08:39:14,122 [Time-limited test] TRACE util.FileUtils (FileUtils.java:deleteFully(201)) - deleteFully target/test/data/be523d36/MiniRaftClusterWithGrpc246a2cf1/s3
2023-03-14 08:39:14,122 [Time-limited test] TRACE util.FileUtils (FileUtils.java:deleteFully(217)) - deleteFully: target/test/data/be523d36/MiniRaftClusterWithGrpc246a2cf1/s3 does not exist.
2023-03-14 08:39:14,122 [Time-limited test] INFO  impl.MiniRaftCluster (MiniRaftCluster.java:newRaftServer(387)) - Formatted directory target/test/data/be523d36/MiniRaftClusterWithGrpc246a2cf1/s3
2023-03-14 08:39:14,122 [Time-limited test] INFO  server.RaftServer (ConfUtils.java:logGet(46)) - raft.rpc.type = GRPC (default)
2023-03-14 08:39:14,122 [Time-limited test] INFO  grpc.GrpcConfigKeys (ConfUtils.java:logFallback(53)) - raft.grpc.admin.host = null (fallback to raft.grpc.server.host)
2023-03-14 08:39:14,122 [Time-limited test] INFO  grpc.GrpcConfigKeys (ConfUtils.java:logGet(46)) - raft.grpc.admin.port = 46073 (custom)
2023-03-14 08:39:14,122 [Time-limited test] INFO  grpc.GrpcConfigKeys (ConfUtils.java:logFallback(53)) - raft.grpc.client.host = null (fallback to raft.grpc.server.host)
2023-03-14 08:39:14,122 [Time-limited test] INFO  grpc.GrpcConfigKeys (ConfUtils.java:logGet(46)) - raft.grpc.client.port = 46073 (custom)
2023-03-14 08:39:14,122 [Time-limited test] INFO  grpc.GrpcConfigKeys (ConfUtils.java:logGet(46)) - raft.grpc.server.host = null (default)
2023-03-14 08:39:14,122 [Time-limited test] INFO  grpc.GrpcConfigKeys (ConfUtils.java:logGet(46)) - raft.grpc.server.port = 46073 (custom)
2023-03-14 08:39:14,122 [Time-limited test] INFO  server.GrpcService (ConfUtils.java:logGet(46)) - raft.grpc.message.size.max = 64MB (=67108864) (default)
2023-03-14 08:39:14,122 [Time-limited test] INFO  server.RaftServerConfigKeys (ConfUtils.java:logGet(46)) - raft.server.log.appender.buffer.byte-limit = 4MB (=4194304) (default)
2023-03-14 08:39:14,122 [Time-limited test] INFO  server.GrpcService (ConfUtils.java:logGet(46)) - raft.grpc.flow.control.window = 1MB (=1048576) (default)
2023-03-14 08:39:14,122 [Time-limited test] INFO  server.RaftServerConfigKeys (ConfUtils.java:logGet(46)) - raft.server.rpc.request.timeout = 3000ms (default)
2023-03-14 08:39:14,122 [Time-limited test] INFO  grpc.GrpcConfigKeys (ConfUtils.java:logGet(46)) - raft.grpc.server.heartbeat.channel = true (default)
2023-03-14 08:39:14,122 [Time-limited test] INFO  grpc.GrpcConfigKeys (ConfUtils.java:logGet(46)) - raft.grpc.server.async.request.thread.pool.cached = true (default)
2023-03-14 08:39:14,122 [Time-limited test] INFO  grpc.GrpcConfigKeys (ConfUtils.java:logGet(46)) - raft.grpc.server.async.request.thread.pool.size = 32 (default)
2023-03-14 08:39:14,123 [Time-limited test] INFO  impl.DataStreamServerImpl (ConfUtils.java:logGet(46)) - raft.datastream.type = DISABLED (default)
2023-03-14 08:39:14,123 [Time-limited test] INFO  server.RaftServerConfigKeys (ConfUtils.java:logGet(46)) - raft.server.threadpool.proxy.cached = true (default)
2023-03-14 08:39:14,123 [Time-limited test] INFO  server.RaftServerConfigKeys (ConfUtils.java:logGet(46)) - raft.server.threadpool.proxy.size = 0 (default)
2023-03-14 08:39:14,123 [Time-limited test] INFO  server.RaftServerConfigKeys (ConfUtils.java:logGet(46)) - raft.server.rpc.slowness.timeout = 60s (default)
2023-03-14 08:39:14,123 [Time-limited test] INFO  server.RaftServerConfigKeys (ConfUtils.java:logGet(46)) - raft.server.leaderelection.leader.step-down.wait-time = 10s (default)
2023-03-14 08:39:14,123 [Time-limited test] INFO  server.RaftServerConfigKeys (ConfUtils.java:logGet(46)) - raft.server.storage.dir = [/home/runner/work/ratis/ratis/ratis-test/target/test/data/be523d36/MiniRaftClusterWithGrpc246a2cf1/s3] (custom)
2023-03-14 08:39:14,129 [Time-limited test] INFO  server.RaftServer (RaftServerProxy.java:addNew(99)) - s3: addNew group-D228F8B5DB78:[s3|rpc:0.0.0.0:46073|priority:0|startupRole:FOLLOWER, s4|rpc:0.0.0.0:35767|priority:0|startupRole:FOLLOWER, s0|rpc:localhost:41583|admin:localhost:33921|client:localhost:36257|dataStream:localhost:36865|priority:0|startupRole:FOLLOWER, s1|rpc:localhost:33527|admin:localhost:45333|client:localhost:40903|dataStream:localhost:39123|priority:0|startupRole:FOLLOWER, s2|rpc:localhost:33759|admin:localhost:36757|client:localhost:34851|dataStream:localhost:37251|priority:0|startupRole:FOLLOWER] returns group-D228F8B5DB78:java.util.concurrent.CompletableFuture@1cace756[Not completed]
2023-03-14 08:39:14,130 [s3-groupManagement] INFO  server.RaftServer$Division (RaftServerImpl.java:<init>(198)) - s3: new RaftServerImpl for group-D228F8B5DB78:[s3|rpc:0.0.0.0:46073|priority:0|startupRole:FOLLOWER, s4|rpc:0.0.0.0:35767|priority:0|startupRole:FOLLOWER, s0|rpc:localhost:41583|admin:localhost:33921|client:localhost:36257|dataStream:localhost:36865|priority:0|startupRole:FOLLOWER, s1|rpc:localhost:33527|admin:localhost:45333|client:localhost:40903|dataStream:localhost:39123|priority:0|startupRole:FOLLOWER, s2|rpc:localhost:33759|admin:localhost:36757|client:localhost:34851|dataStream:localhost:37251|priority:0|startupRole:FOLLOWER] with BaseStateMachine:uninitialized
2023-03-14 08:39:14,130 [s3-groupManagement] INFO  server.RaftServerConfigKeys (ConfUtils.java:logGet(46)) - raft.server.rpc.timeout.min = 150ms (default)
2023-03-14 08:39:14,130 [s3-groupManagement] INFO  server.RaftServerConfigKeys (ConfUtils.java:logGet(46)) - raft.server.rpc.timeout.max = 300ms (default)
2023-03-14 08:39:14,130 [s3-groupManagement] INFO  server.RaftServerConfigKeys (ConfUtils.java:logGet(46)) - raft.server.rpc.sleep.time = 25ms (default)
2023-03-14 08:39:14,130 [s3-groupManagement] INFO  server.RaftServerConfigKeys (ConfUtils.java:logGet(46)) - raft.server.rpc.slowness.timeout = 60s (default)
2023-03-14 08:39:14,130 [s3-groupManagement] INFO  server.RaftServerConfigKeys (ConfUtils.java:logGet(46)) - raft.server.leaderelection.leader.step-down.wait-time = 10s (default)
2023-03-14 08:39:14,130 [s3-groupManagement] INFO  server.RaftServerConfigKeys (ConfUtils.java:logGet(46)) - raft.server.sleep.deviation.threshold = 300ms (default)
2023-03-14 08:39:14,130 [s3-groupManagement] INFO  server.RaftServer$Division (ServerState.java:<init>(113)) - s3@group-D228F8B5DB78: ConfigurationManager, init=-1: peers:[s3|rpc:0.0.0.0:46073|priority:0|startupRole:FOLLOWER, s4|rpc:0.0.0.0:35767|priority:0|startupRole:FOLLOWER, s0|rpc:localhost:41583|admin:localhost:33921|client:localhost:36257|dataStream:localhost:36865|priority:0|startupRole:FOLLOWER, s1|rpc:localhost:33527|admin:localhost:45333|client:localhost:40903|dataStream:localhost:39123|priority:0|startupRole:FOLLOWER, s2|rpc:localhost:33759|admin:localhost:36757|client:localhost:34851|dataStream:localhost:37251|priority:0|startupRole:FOLLOWER]|listeners:[], old=null, confs=<EMPTY_MAP>
2023-03-14 08:39:14,130 [s3-groupManagement] INFO  server.RaftServerConfigKeys (ConfUtils.java:logGet(46)) - raft.server.notification.no-leader.timeout = 60s (default)
2023-03-14 08:39:14,130 [s3-groupManagement] INFO  server.RaftServerConfigKeys (ConfUtils.java:logGet(46)) - raft.server.read.timeout = 10s (default)
2023-03-14 08:39:14,130 [s3-groupManagement] INFO  server.RaftServerConfigKeys (ConfUtils.java:logGet(46)) - raft.server.retrycache.expirytime = 60s (default)
2023-03-14 08:39:14,130 [s3-groupManagement] INFO  server.RaftServerConfigKeys (ConfUtils.java:logGet(46)) - raft.server.retrycache.statistics.expirytime = 100μs (default)
2023-03-14 08:39:14,130 [s3-groupManagement] INFO  server.RaftServerConfigKeys (ConfUtils.java:logGet(46)) - raft.server.read.option = DEFAULT (default)
2023-03-14 08:39:14,130 [s3-groupManagement] INFO  server.RaftServerConfigKeys (ConfUtils.java:logGet(46)) - raft.server.log.appender.install.snapshot.enabled = true (default)
2023-03-14 08:39:14,130 [s3-groupManagement] INFO  server.RaftServerConfigKeys (ConfUtils.java:logGet(46)) - raft.server.threadpool.server.cached = true (default)
2023-03-14 08:39:14,130 [s3-groupManagement] INFO  server.RaftServerConfigKeys (ConfUtils.java:logGet(46)) - raft.server.threadpool.server.size = 0 (default)
2023-03-14 08:39:14,130 [s3-groupManagement] INFO  server.RaftServerConfigKeys (ConfUtils.java:logGet(46)) - raft.server.threadpool.client.cached = true (default)
2023-03-14 08:39:14,130 [s3-groupManagement] INFO  server.RaftServerConfigKeys (ConfUtils.java:logGet(46)) - raft.server.threadpool.client.size = 0 (default)
2023-03-14 08:39:14,130 [s3-impl-thread1] INFO  server.RaftServerConfigKeys (ConfUtils.java:logGet(46)) - raft.server.storage.free-space.min = 0MB (=0) (default)
2023-03-14 08:39:14,130 [s3-impl-thread1] INFO  server.RaftServerConfigKeys (ConfUtils.java:logGet(46)) - raft.server.log.corruption.policy = EXCEPTION (default)
2023-03-14 08:39:14,131 [s3-impl-thread1] INFO  server.RaftServerConfigKeys (ConfUtils.java:logGet(46)) - raft.server.storage.dir = [/home/runner/work/ratis/ratis/ratis-test/target/test/data/be523d36/MiniRaftClusterWithGrpc246a2cf1/s3] (custom)
2023-03-14 08:39:14,131 [s3-impl-thread1] INFO  storage.RaftStorageDirectory (RaftStorageDirectoryImpl.java:analyzeStorage(138)) - The storage directory /home/runner/work/ratis/ratis/ratis-test/target/test/data/be523d36/MiniRaftClusterWithGrpc246a2cf1/s3/8dbbff9b-5025-47c3-bb87-d228f8b5db78 does not exist. Creating ...
2023-03-14 08:39:14,131 [s3-impl-thread1] TRACE util.FileUtils (LogUtils.java:runAndLog(49)) - Successfully ran Files.createDirectories /home/runner/work/ratis/ratis/ratis-test/target/test/data/be523d36/MiniRaftClusterWithGrpc246a2cf1/s3/8dbbff9b-5025-47c3-bb87-d228f8b5db78
2023-03-14 08:39:14,132 [s3-impl-thread1] INFO  storage.RaftStorageDirectory (RaftStorageDirectoryImpl.java:tryLock(232)) - Lock on /home/runner/work/ratis/ratis/ratis-test/target/test/data/be523d36/MiniRaftClusterWithGrpc246a2cf1/s3/8dbbff9b-5025-47c3-bb87-d228f8b5db78/in_use.lock acquired by nodename 10435@fv-az41-628
2023-03-14 08:39:14,133 [s3-impl-thread1] TRACE util.FileUtils (LogUtils.java:runAndLog(49)) - Successfully ran Files.createDirectories /home/runner/work/ratis/ratis/ratis-test/target/test/data/be523d36/MiniRaftClusterWithGrpc246a2cf1/s3/8dbbff9b-5025-47c3-bb87-d228f8b5db78/current
2023-03-14 08:39:14,133 [s3-impl-thread1] TRACE util.FileUtils (LogUtils.java:runAndLog(49)) - Successfully ran Files.createDirectories /home/runner/work/ratis/ratis/ratis-test/target/test/data/be523d36/MiniRaftClusterWithGrpc246a2cf1/s3/8dbbff9b-5025-47c3-bb87-d228f8b5db78/sm
2023-03-14 08:39:14,134 [s3-impl-thread1] INFO  storage.RaftStorage (RaftStorageImpl.java:format(96)) - Storage directory /home/runner/work/ratis/ratis/ratis-test/target/test/data/be523d36/MiniRaftClusterWithGrpc246a2cf1/s3/8dbbff9b-5025-47c3-bb87-d228f8b5db78 has been successfully formatted.
2023-03-14 08:39:14,134 [s3-impl-thread1] INFO  server.RaftServerConfigKeys (ConfUtils.java:logGet(46)) - raft.server.log.use.memory = false (default)
2023-03-14 08:39:14,135 [s3-impl-thread1] INFO  server.RaftServerConfigKeys (ConfUtils.java:logGet(46)) - raft.server.log.purge.gap = 1024 (default)
2023-03-14 08:39:14,135 [s3-impl-thread1] INFO  server.RaftServerConfigKeys (ConfUtils.java:logGet(46)) - raft.server.log.appender.buffer.byte-limit = 4MB (=4194304) (default)
2023-03-14 08:39:14,135 [s3-impl-thread1] INFO  server.RaftServerConfigKeys (ConfUtils.java:logGet(46)) - raft.server.log.statemachine.data.read.timeout = 1000ms (default)
2023-03-14 08:39:14,135 [s3-impl-thread1] INFO  server.RaftServerConfigKeys (ConfUtils.java:logGet(46)) - raft.server.log.purge.preservation.log.num = 0 (default)
2023-03-14 08:39:14,135 [s3-impl-thread1] INFO  server.RaftServerConfigKeys (ConfUtils.java:logGet(46)) - raft.server.log.segment.size.max = 8MB (=8388608) (default)
2023-03-14 08:39:14,135 [s3-impl-thread1] INFO  server.RaftServerConfigKeys (ConfUtils.java:logGet(46)) - raft.server.log.segment.cache.num.max = 6 (default)
2023-03-14 08:39:14,135 [s3-impl-thread1] INFO  server.RaftServerConfigKeys (ConfUtils.java:logGet(46)) - raft.server.log.segment.cache.size.max = 200MB (=209715200) (default)
2023-03-14 08:39:14,135 [s3-impl-thread1] INFO  server.RaftServerConfigKeys (ConfUtils.java:logGet(46)) - raft.server.log.appender.buffer.byte-limit = 4MB (=4194304) (default)
2023-03-14 08:39:14,135 [s3-impl-thread1] INFO  segmented.SegmentedRaftLogWorker (SegmentedRaftLogWorker.java:<init>(183)) - new s3@group-D228F8B5DB78-SegmentedRaftLogWorker for RaftStorageImpl:Storage Directory /home/runner/work/ratis/ratis/ratis-test/target/test/data/be523d36/MiniRaftClusterWithGrpc246a2cf1/s3/8dbbff9b-5025-47c3-bb87-d228f8b5db78
2023-03-14 08:39:14,135 [s3-impl-thread1] INFO  server.RaftServerConfigKeys (ConfUtils.java:logGet(46)) - raft.server.log.queue.byte-limit = 64MB (=67108864) (default)
2023-03-14 08:39:14,135 [s3-impl-thread1] INFO  server.RaftServerConfigKeys (ConfUtils.java:logGet(46)) - raft.server.log.queue.element-limit = 4096 (default)
2023-03-14 08:39:14,135 [s3-impl-thread1] INFO  server.RaftServerConfigKeys (ConfUtils.java:logGet(46)) - raft.server.log.segment.size.max = 8MB (=8388608) (default)
2023-03-14 08:39:14,135 [s3-impl-thread1] INFO  server.RaftServerConfigKeys (ConfUtils.java:logGet(46)) - raft.server.log.preallocated.size = 4MB (=4194304) (default)
2023-03-14 08:39:14,135 [s3-impl-thread1] INFO  server.RaftServerConfigKeys (ConfUtils.java:logGet(46)) - raft.server.log.force.sync.num = 128 (default)
2023-03-14 08:39:14,135 [s3-impl-thread1] INFO  server.RaftServerConfigKeys (ConfUtils.java:logGet(46)) - raft.server.log.statemachine.data.sync = true (default)
2023-03-14 08:39:14,135 [s3-impl-thread1] INFO  server.RaftServerConfigKeys (ConfUtils.java:logGet(46)) - raft.server.log.statemachine.data.sync.timeout = 10s (default)
2023-03-14 08:39:14,135 [s3-impl-thread1] INFO  server.RaftServerConfigKeys (ConfUtils.java:logGet(46)) - raft.server.log.statemachine.data.sync.timeout.retry = -1 (default)
2023-03-14 08:39:14,135 [s3-impl-thread1] INFO  server.RaftServerConfigKeys (ConfUtils.java:logGet(46)) - raft.server.log.write.buffer.size = 64KB (=65536) (default)
2023-03-14 08:39:14,135 [s3-impl-thread1] INFO  server.RaftServerConfigKeys (ConfUtils.java:logGet(46)) - raft.server.log.appender.buffer.byte-limit = 4MB (=4194304) (default)
2023-03-14 08:39:14,136 [s3-impl-thread1] INFO  server.RaftServerConfigKeys (ConfUtils.java:logGet(46)) - raft.server.log.unsafe-flush.enabled = false (default)
2023-03-14 08:39:14,136 [s3-impl-thread1] INFO  server.RaftServerConfigKeys (ConfUtils.java:logGet(46)) - raft.server.log.async-flush.enabled = false (default)
2023-03-14 08:39:14,136 [s3-impl-thread1] INFO  server.RaftServerConfigKeys (ConfUtils.java:logGet(46)) - raft.server.log.statemachine.data.caching.enabled = false (default)
2023-03-14 08:39:14,136 [s3-impl-thread1] INFO  segmented.SegmentedRaftLogWorker (SegmentedRaftLogWorker.java:lambda$new$0(134)) - s3@group-D228F8B5DB78-SegmentedRaftLogWorker: flushIndex: setUnconditionally 0 -> -1
2023-03-14 08:39:14,136 [s3-impl-thread1] INFO  segmented.SegmentedRaftLogWorker (SegmentedRaftLogWorker.java:lambda$new$0(134)) - s3@group-D228F8B5DB78-SegmentedRaftLogWorker: safeCacheEvictIndex: setUnconditionally 0 -> -1
2023-03-14 08:39:14,136 [s3-impl-thread1] INFO  server.RaftServer$Division (RaftServerImpl.java:start(342)) - s3@group-D228F8B5DB78: start as a follower, conf=-1: peers:[s3|rpc:0.0.0.0:46073|priority:0|startupRole:FOLLOWER, s4|rpc:0.0.0.0:35767|priority:0|startupRole:FOLLOWER, s0|rpc:localhost:41583|admin:localhost:33921|client:localhost:36257|dataStream:localhost:36865|priority:0|startupRole:FOLLOWER, s1|rpc:localhost:33527|admin:localhost:45333|client:localhost:40903|dataStream:localhost:39123|priority:0|startupRole:FOLLOWER, s2|rpc:localhost:33759|admin:localhost:36757|client:localhost:34851|dataStream:localhost:37251|priority:0|startupRole:FOLLOWER]|listeners:[], old=null
2023-03-14 08:39:14,136 [s3-impl-thread1] INFO  server.RaftServer$Division (RaftServerImpl.java:setRole(329)) - s3@group-D228F8B5DB78: changes role from      null to FOLLOWER at term 0 for startAsFollower
2023-03-14 08:39:14,136 [s3-impl-thread1] INFO  impl.RoleInfo (RoleInfo.java:updateAndGet(139)) - s3: start s3@group-D228F8B5DB78-FollowerState
2023-03-14 08:39:14,136 [s3-impl-thread1] INFO  util.JmxRegister (JmxRegister.java:tryRegister(44)) - Successfully registered JMX Bean with object name Ratis:service=RaftServer,group=group-D228F8B5DB78,id=s3
2023-03-14 08:39:14,136 [s3-impl-thread1] INFO  server.RaftServerConfigKeys (ConfUtils.java:logGet(46)) - raft.server.snapshot.auto.trigger.enabled = false (default)
2023-03-14 08:39:14,136 [s3-impl-thread1] INFO  server.RaftServerConfigKeys (ConfUtils.java:logGet(46)) - raft.server.snapshot.retention.file.num = -1 (default)
2023-03-14 08:39:14,137 [s3-impl-thread1] INFO  server.RaftServerConfigKeys (ConfUtils.java:logGet(46)) - raft.server.log.purge.upto.snapshot.index = false (default)
2023-03-14 08:39:14,137 [s3@group-D228F8B5DB78-FollowerState] INFO  server.RaftServerConfigKeys (ConfUtils.java:logFallback(53)) - raft.server.rpc.first-election.timeout.min = 150ms (fallback to raft.server.rpc.timeout.min)
2023-03-14 08:39:14,137 [s3@group-D228F8B5DB78-FollowerState] INFO  server.RaftServerConfigKeys (ConfUtils.java:logFallback(53)) - raft.server.rpc.first-election.timeout.max = 300ms (fallback to raft.server.rpc.timeout.max)
2023-03-14 08:39:14,137 [Time-limited test] INFO  server.RaftServer (RaftServerProxy.java:startImpl(401)) - s3: start RPC server
2023-03-14 08:39:14,138 [Time-limited test] INFO  server.GrpcService (GrpcService.java:startImpl(302)) - s3: GrpcService started, listening on 46073
2023-03-14 08:39:14,138 [Time-limited test] INFO  impl.MiniRaftCluster (MiniRaftCluster.java:killServer(533)) - killServer s4
2023-03-14 08:39:14,138 [Time-limited test] INFO  impl.MiniRaftCluster (MiniRaftCluster.java:newRaftServer(382)) - newRaftServer: s4, group-D228F8B5DB78:[s3|rpc:0.0.0.0:46073|priority:0|startupRole:FOLLOWER, s4|rpc:0.0.0.0:35767|priority:0|startupRole:FOLLOWER, s0|rpc:localhost:41583|admin:localhost:33921|client:localhost:36257|dataStream:localhost:36865|priority:0|startupRole:FOLLOWER, s1|rpc:localhost:33527|admin:localhost:45333|client:localhost:40903|dataStream:localhost:39123|priority:0|startupRole:FOLLOWER, s2|rpc:localhost:33759|admin:localhost:36757|client:localhost:34851|dataStream:localhost:37251|priority:0|startupRole:FOLLOWER], format? true
2023-03-14 08:39:14,138 [Time-limited test] TRACE util.FileUtils (FileUtils.java:deleteFully(201)) - deleteFully target/test/data/be523d36/MiniRaftClusterWithGrpc246a2cf1/s4
2023-03-14 08:39:14,138 [Time-limited test] TRACE util.FileUtils (FileUtils.java:deleteFully(217)) - deleteFully: target/test/data/be523d36/MiniRaftClusterWithGrpc246a2cf1/s4 does not exist.
2023-03-14 08:39:14,138 [Time-limited test] INFO  impl.MiniRaftCluster (MiniRaftCluster.java:newRaftServer(387)) - Formatted directory target/test/data/be523d36/MiniRaftClusterWithGrpc246a2cf1/s4
2023-03-14 08:39:14,138 [Time-limited test] INFO  server.RaftServer (ConfUtils.java:logGet(46)) - raft.rpc.type = GRPC (default)
2023-03-14 08:39:14,139 [Time-limited test] INFO  grpc.GrpcConfigKeys (ConfUtils.java:logFallback(53)) - raft.grpc.admin.host = null (fallback to raft.grpc.server.host)
2023-03-14 08:39:14,139 [Time-limited test] INFO  grpc.GrpcConfigKeys (ConfUtils.java:logGet(46)) - raft.grpc.admin.port = 35767 (custom)
2023-03-14 08:39:14,139 [Time-limited test] INFO  grpc.GrpcConfigKeys (ConfUtils.java:logFallback(53)) - raft.grpc.client.host = null (fallback to raft.grpc.server.host)
2023-03-14 08:39:14,139 [Time-limited test] INFO  grpc.GrpcConfigKeys (ConfUtils.java:logGet(46)) - raft.grpc.client.port = 35767 (custom)
2023-03-14 08:39:14,139 [Time-limited test] INFO  grpc.GrpcConfigKeys (ConfUtils.java:logGet(46)) - raft.grpc.server.host = null (default)
2023-03-14 08:39:14,139 [Time-limited test] INFO  grpc.GrpcConfigKeys (ConfUtils.java:logGet(46)) - raft.grpc.server.port = 35767 (custom)
2023-03-14 08:39:14,139 [Time-limited test] INFO  server.GrpcService (ConfUtils.java:logGet(46)) - raft.grpc.message.size.max = 64MB (=67108864) (default)
2023-03-14 08:39:14,139 [Time-limited test] INFO  server.RaftServerConfigKeys (ConfUtils.java:logGet(46)) - raft.server.log.appender.buffer.byte-limit = 4MB (=4194304) (default)
2023-03-14 08:39:14,139 [Time-limited test] INFO  server.GrpcService (ConfUtils.java:logGet(46)) - raft.grpc.flow.control.window = 1MB (=1048576) (default)
2023-03-14 08:39:14,139 [Time-limited test] INFO  server.RaftServerConfigKeys (ConfUtils.java:logGet(46)) - raft.server.rpc.request.timeout = 3000ms (default)
2023-03-14 08:39:14,139 [Time-limited test] INFO  grpc.GrpcConfigKeys (ConfUtils.java:logGet(46)) - raft.grpc.server.heartbeat.channel = true (default)
2023-03-14 08:39:14,139 [Time-limited test] INFO  grpc.GrpcConfigKeys (ConfUtils.java:logGet(46)) - raft.grpc.server.async.request.thread.pool.cached = true (default)
2023-03-14 08:39:14,139 [Time-limited test] INFO  grpc.GrpcConfigKeys (ConfUtils.java:logGet(46)) - raft.grpc.server.async.request.thread.pool.size = 32 (default)
2023-03-14 08:39:14,139 [Time-limited test] INFO  impl.DataStreamServerImpl (ConfUtils.java:logGet(46)) - raft.datastream.type = DISABLED (default)
2023-03-14 08:39:14,139 [Time-limited test] INFO  server.RaftServerConfigKeys (ConfUtils.java:logGet(46)) - raft.server.threadpool.proxy.cached = true (default)
2023-03-14 08:39:14,139 [Time-limited test] INFO  server.RaftServerConfigKeys (ConfUtils.java:logGet(46)) - raft.server.threadpool.proxy.size = 0 (default)
2023-03-14 08:39:14,140 [Time-limited test] INFO  server.RaftServerConfigKeys (ConfUtils.java:logGet(46)) - raft.server.rpc.slowness.timeout = 60s (default)
2023-03-14 08:39:14,140 [Time-limited test] INFO  server.RaftServerConfigKeys (ConfUtils.java:logGet(46)) - raft.server.leaderelection.leader.step-down.wait-time = 10s (default)
2023-03-14 08:39:14,140 [Time-limited test] INFO  server.RaftServerConfigKeys (ConfUtils.java:logGet(46)) - raft.server.storage.dir = [/home/runner/work/ratis/ratis/ratis-test/target/test/data/be523d36/MiniRaftClusterWithGrpc246a2cf1/s4] (custom)
2023-03-14 08:39:14,140 [JvmPauseMonitor66] INFO  util.JvmPauseMonitor (JvmPauseMonitor.java:run(103)) - JvmPauseMonitor-s3: Started
2023-03-14 08:39:14,141 [Time-limited test] INFO  server.RaftServer (RaftServerProxy.java:addNew(99)) - s4: addNew group-D228F8B5DB78:[s3|rpc:0.0.0.0:46073|priority:0|startupRole:FOLLOWER, s4|rpc:0.0.0.0:35767|priority:0|startupRole:FOLLOWER, s0|rpc:localhost:41583|admin:localhost:33921|client:localhost:36257|dataStream:localhost:36865|priority:0|startupRole:FOLLOWER, s1|rpc:localhost:33527|admin:localhost:45333|client:localhost:40903|dataStream:localhost:39123|priority:0|startupRole:FOLLOWER, s2|rpc:localhost:33759|admin:localhost:36757|client:localhost:34851|dataStream:localhost:37251|priority:0|startupRole:FOLLOWER] returns group-D228F8B5DB78:java.util.concurrent.CompletableFuture@470e3d7[Not completed]
2023-03-14 08:39:14,141 [s4-groupManagement] INFO  server.RaftServer$Division (RaftServerImpl.java:<init>(198)) - s4: new RaftServerImpl for group-D228F8B5DB78:[s3|rpc:0.0.0.0:46073|priority:0|startupRole:FOLLOWER, s4|rpc:0.0.0.0:35767|priority:0|startupRole:FOLLOWER, s0|rpc:localhost:41583|admin:localhost:33921|client:localhost:36257|dataStream:localhost:36865|priority:0|startupRole:FOLLOWER, s1|rpc:localhost:33527|admin:localhost:45333|client:localhost:40903|dataStream:localhost:39123|priority:0|startupRole:FOLLOWER, s2|rpc:localhost:33759|admin:localhost:36757|client:localhost:34851|dataStream:localhost:37251|priority:0|startupRole:FOLLOWER] with BaseStateMachine:uninitialized
2023-03-14 08:39:14,142 [s4-groupManagement] INFO  server.RaftServerConfigKeys (ConfUtils.java:logGet(46)) - raft.server.rpc.timeout.min = 150ms (default)
2023-03-14 08:39:14,142 [s4-groupManagement] INFO  server.RaftServerConfigKeys (ConfUtils.java:logGet(46)) - raft.server.rpc.timeout.max = 300ms (default)
2023-03-14 08:39:14,142 [s4-groupManagement] INFO  server.RaftServerConfigKeys (ConfUtils.java:logGet(46)) - raft.server.rpc.sleep.time = 25ms (default)
2023-03-14 08:39:14,142 [s4-groupManagement] INFO  server.RaftServerConfigKeys (ConfUtils.java:logGet(46)) - raft.server.rpc.slowness.timeout = 60s (default)
2023-03-14 08:39:14,142 [s4-groupManagement] INFO  server.RaftServerConfigKeys (ConfUtils.java:logGet(46)) - raft.server.leaderelection.leader.step-down.wait-time = 10s (default)
2023-03-14 08:39:14,142 [s4-groupManagement] INFO  server.RaftServerConfigKeys (ConfUtils.java:logGet(46)) - raft.server.sleep.deviation.threshold = 300ms (default)
2023-03-14 08:39:14,142 [s4-groupManagement] INFO  server.RaftServer$Division (ServerState.java:<init>(113)) - s4@group-D228F8B5DB78: ConfigurationManager, init=-1: peers:[s3|rpc:0.0.0.0:46073|priority:0|startupRole:FOLLOWER, s4|rpc:0.0.0.0:35767|priority:0|startupRole:FOLLOWER, s0|rpc:localhost:41583|admin:localhost:33921|client:localhost:36257|dataStream:localhost:36865|priority:0|startupRole:FOLLOWER, s1|rpc:localhost:33527|admin:localhost:45333|client:localhost:40903|dataStream:localhost:39123|priority:0|startupRole:FOLLOWER, s2|rpc:localhost:33759|admin:localhost:36757|client:localhost:34851|dataStream:localhost:37251|priority:0|startupRole:FOLLOWER]|listeners:[], old=null, confs=<EMPTY_MAP>
2023-03-14 08:39:14,142 [s4-groupManagement] INFO  server.RaftServerConfigKeys (ConfUtils.java:logGet(46)) - raft.server.notification.no-leader.timeout = 60s (default)
2023-03-14 08:39:14,142 [s4-groupManagement] INFO  server.RaftServerConfigKeys (ConfUtils.java:logGet(46)) - raft.server.read.timeout = 10s (default)
2023-03-14 08:39:14,142 [s4-groupManagement] INFO  server.RaftServerConfigKeys (ConfUtils.java:logGet(46)) - raft.server.retrycache.expirytime = 60s (default)
2023-03-14 08:39:14,142 [s4-groupManagement] INFO  server.RaftServerConfigKeys (ConfUtils.java:logGet(46)) - raft.server.retrycache.statistics.expirytime = 100μs (default)
2023-03-14 08:39:14,142 [s4-groupManagement] INFO  server.RaftServerConfigKeys (ConfUtils.java:logGet(46)) - raft.server.read.option = DEFAULT (default)
2023-03-14 08:39:14,142 [s4-groupManagement] INFO  server.RaftServerConfigKeys (ConfUtils.java:logGet(46)) - raft.server.log.appender.install.snapshot.enabled = true (default)
2023-03-14 08:39:14,142 [s4-groupManagement] INFO  server.RaftServerConfigKeys (ConfUtils.java:logGet(46)) - raft.server.threadpool.server.cached = true (default)
2023-03-14 08:39:14,142 [s4-groupManagement] INFO  server.RaftServerConfigKeys (ConfUtils.java:logGet(46)) - raft.server.threadpool.server.size = 0 (default)
2023-03-14 08:39:14,142 [s4-groupManagement] INFO  server.RaftServerConfigKeys (ConfUtils.java:logGet(46)) - raft.server.threadpool.client.cached = true (default)
2023-03-14 08:39:14,142 [s4-groupManagement] INFO  server.RaftServerConfigKeys (ConfUtils.java:logGet(46)) - raft.server.threadpool.client.size = 0 (default)
2023-03-14 08:39:14,142 [s4-impl-thread1] INFO  server.RaftServerConfigKeys (ConfUtils.java:logGet(46)) - raft.server.storage.free-space.min = 0MB (=0) (default)
2023-03-14 08:39:14,142 [s4-impl-thread1] INFO  server.RaftServerConfigKeys (ConfUtils.java:logGet(46)) - raft.server.log.corruption.policy = EXCEPTION (default)
2023-03-14 08:39:14,143 [s4-impl-thread1] INFO  server.RaftServerConfigKeys (ConfUtils.java:logGet(46)) - raft.server.storage.dir = [/home/runner/work/ratis/ratis/ratis-test/target/test/data/be523d36/MiniRaftClusterWithGrpc246a2cf1/s4] (custom)
2023-03-14 08:39:14,143 [s4-impl-thread1] INFO  storage.RaftStorageDirectory (RaftStorageDirectoryImpl.java:analyzeStorage(138)) - The storage directory /home/runner/work/ratis/ratis/ratis-test/target/test/data/be523d36/MiniRaftClusterWithGrpc246a2cf1/s4/8dbbff9b-5025-47c3-bb87-d228f8b5db78 does not exist. Creating ...
2023-03-14 08:39:14,143 [s4-impl-thread1] TRACE util.FileUtils (LogUtils.java:runAndLog(49)) - Successfully ran Files.createDirectories /home/runner/work/ratis/ratis/ratis-test/target/test/data/be523d36/MiniRaftClusterWithGrpc246a2cf1/s4/8dbbff9b-5025-47c3-bb87-d228f8b5db78
2023-03-14 08:39:14,144 [s4-impl-thread1] INFO  storage.RaftStorageDirectory (RaftStorageDirectoryImpl.java:tryLock(232)) - Lock on /home/runner/work/ratis/ratis/ratis-test/target/test/data/be523d36/MiniRaftClusterWithGrpc246a2cf1/s4/8dbbff9b-5025-47c3-bb87-d228f8b5db78/in_use.lock acquired by nodename 10435@fv-az41-628
2023-03-14 08:39:14,144 [s4-impl-thread1] TRACE util.FileUtils (LogUtils.java:runAndLog(49)) - Successfully ran Files.createDirectories /home/runner/work/ratis/ratis/ratis-test/target/test/data/be523d36/MiniRaftClusterWithGrpc246a2cf1/s4/8dbbff9b-5025-47c3-bb87-d228f8b5db78/current
2023-03-14 08:39:14,144 [s4-impl-thread1] TRACE util.FileUtils (LogUtils.java:runAndLog(49)) - Successfully ran Files.createDirectories /home/runner/work/ratis/ratis/ratis-test/target/test/data/be523d36/MiniRaftClusterWithGrpc246a2cf1/s4/8dbbff9b-5025-47c3-bb87-d228f8b5db78/sm
2023-03-14 08:39:14,145 [s4-impl-thread1] INFO  storage.RaftStorage (RaftStorageImpl.java:format(96)) - Storage directory /home/runner/work/ratis/ratis/ratis-test/target/test/data/be523d36/MiniRaftClusterWithGrpc246a2cf1/s4/8dbbff9b-5025-47c3-bb87-d228f8b5db78 has been successfully formatted.
2023-03-14 08:39:14,145 [s4-impl-thread1] INFO  server.RaftServerConfigKeys (ConfUtils.java:logGet(46)) - raft.server.log.use.memory = false (default)
2023-03-14 08:39:14,145 [s4-impl-thread1] INFO  server.RaftServerConfigKeys (ConfUtils.java:logGet(46)) - raft.server.log.purge.gap = 1024 (default)
2023-03-14 08:39:14,145 [s4-impl-thread1] INFO  server.RaftServerConfigKeys (ConfUtils.java:logGet(46)) - raft.server.log.appender.buffer.byte-limit = 4MB (=4194304) (default)
2023-03-14 08:39:14,145 [s4-impl-thread1] INFO  server.RaftServerConfigKeys (ConfUtils.java:logGet(46)) - raft.server.log.statemachine.data.read.timeout = 1000ms (default)
2023-03-14 08:39:14,145 [s4-impl-thread1] INFO  server.RaftServerConfigKeys (ConfUtils.java:logGet(46)) - raft.server.log.purge.preservation.log.num = 0 (default)
2023-03-14 08:39:14,146 [s4-impl-thread1] INFO  server.RaftServerConfigKeys (ConfUtils.java:logGet(46)) - raft.server.log.segment.size.max = 8MB (=8388608) (default)
2023-03-14 08:39:14,146 [s4-impl-thread1] INFO  server.RaftServerConfigKeys (ConfUtils.java:logGet(46)) - raft.server.log.segment.cache.num.max = 6 (default)
2023-03-14 08:39:14,146 [s4-impl-thread1] INFO  server.RaftServerConfigKeys (ConfUtils.java:logGet(46)) - raft.server.log.segment.cache.size.max = 200MB (=209715200) (default)
2023-03-14 08:39:14,146 [s4-impl-thread1] INFO  server.RaftServerConfigKeys (ConfUtils.java:logGet(46)) - raft.server.log.appender.buffer.byte-limit = 4MB (=4194304) (default)
2023-03-14 08:39:14,146 [s4-impl-thread1] INFO  segmented.SegmentedRaftLogWorker (SegmentedRaftLogWorker.java:<init>(183)) - new s4@group-D228F8B5DB78-SegmentedRaftLogWorker for RaftStorageImpl:Storage Directory /home/runner/work/ratis/ratis/ratis-test/target/test/data/be523d36/MiniRaftClusterWithGrpc246a2cf1/s4/8dbbff9b-5025-47c3-bb87-d228f8b5db78
2023-03-14 08:39:14,146 [s4-impl-thread1] INFO  server.RaftServerConfigKeys (ConfUtils.java:logGet(46)) - raft.server.log.queue.byte-limit = 64MB (=67108864) (default)
2023-03-14 08:39:14,146 [s4-impl-thread1] INFO  server.RaftServerConfigKeys (ConfUtils.java:logGet(46)) - raft.server.log.queue.element-limit = 4096 (default)
2023-03-14 08:39:14,146 [s4-impl-thread1] INFO  server.RaftServerConfigKeys (ConfUtils.java:logGet(46)) - raft.server.log.segment.size.max = 8MB (=8388608) (default)
2023-03-14 08:39:14,146 [s4-impl-thread1] INFO  server.RaftServerConfigKeys (ConfUtils.java:logGet(46)) - raft.server.log.preallocated.size = 4MB (=4194304) (default)
2023-03-14 08:39:14,146 [s4-impl-thread1] INFO  server.RaftServerConfigKeys (ConfUtils.java:logGet(46)) - raft.server.log.force.sync.num = 128 (default)
2023-03-14 08:39:14,146 [s4-impl-thread1] INFO  server.RaftServerConfigKeys (ConfUtils.java:logGet(46)) - raft.server.log.statemachine.data.sync = true (default)
2023-03-14 08:39:14,146 [s4-impl-thread1] INFO  server.RaftServerConfigKeys (ConfUtils.java:logGet(46)) - raft.server.log.statemachine.data.sync.timeout = 10s (default)
2023-03-14 08:39:14,146 [s4-impl-thread1] INFO  server.RaftServerConfigKeys (ConfUtils.java:logGet(46)) - raft.server.log.statemachine.data.sync.timeout.retry = -1 (default)
2023-03-14 08:39:14,146 [s4-impl-thread1] INFO  server.RaftServerConfigKeys (ConfUtils.java:logGet(46)) - raft.server.log.write.buffer.size = 64KB (=65536) (default)
2023-03-14 08:39:14,146 [s4-impl-thread1] INFO  server.RaftServerConfigKeys (ConfUtils.java:logGet(46)) - raft.server.log.appender.buffer.byte-limit = 4MB (=4194304) (default)
2023-03-14 08:39:14,146 [s4-impl-thread1] INFO  server.RaftServerConfigKeys (ConfUtils.java:logGet(46)) - raft.server.log.unsafe-flush.enabled = false (default)
2023-03-14 08:39:14,146 [s4-impl-thread1] INFO  server.RaftServerConfigKeys (ConfUtils.java:logGet(46)) - raft.server.log.async-flush.enabled = false (default)
2023-03-14 08:39:14,146 [s4-impl-thread1] INFO  server.RaftServerConfigKeys (ConfUtils.java:logGet(46)) - raft.server.log.statemachine.data.caching.enabled = false (default)
2023-03-14 08:39:14,147 [s4-impl-thread1] INFO  segmented.SegmentedRaftLogWorker (SegmentedRaftLogWorker.java:lambda$new$0(134)) - s4@group-D228F8B5DB78-SegmentedRaftLogWorker: flushIndex: setUnconditionally 0 -> -1
2023-03-14 08:39:14,147 [s4-impl-thread1] INFO  segmented.SegmentedRaftLogWorker (SegmentedRaftLogWorker.java:lambda$new$0(134)) - s4@group-D228F8B5DB78-SegmentedRaftLogWorker: safeCacheEvictIndex: setUnconditionally 0 -> -1
2023-03-14 08:39:14,152 [s4-impl-thread1] INFO  server.RaftServer$Division (RaftServerImpl.java:start(342)) - s4@group-D228F8B5DB78: start as a follower, conf=-1: peers:[s3|rpc:0.0.0.0:46073|priority:0|startupRole:FOLLOWER, s4|rpc:0.0.0.0:35767|priority:0|startupRole:FOLLOWER, s0|rpc:localhost:41583|admin:localhost:33921|client:localhost:36257|dataStream:localhost:36865|priority:0|startupRole:FOLLOWER, s1|rpc:localhost:33527|admin:localhost:45333|client:localhost:40903|dataStream:localhost:39123|priority:0|startupRole:FOLLOWER, s2|rpc:localhost:33759|admin:localhost:36757|client:localhost:34851|dataStream:localhost:37251|priority:0|startupRole:FOLLOWER]|listeners:[], old=null
2023-03-14 08:39:14,152 [s4-impl-thread1] INFO  server.RaftServer$Division (RaftServerImpl.java:setRole(329)) - s4@group-D228F8B5DB78: changes role from      null to FOLLOWER at term 0 for startAsFollower
2023-03-14 08:39:14,152 [s4-impl-thread1] INFO  impl.RoleInfo (RoleInfo.java:updateAndGet(139)) - s4: start s4@group-D228F8B5DB78-FollowerState
2023-03-14 08:39:14,160 [s4-impl-thread1] INFO  util.JmxRegister (JmxRegister.java:tryRegister(44)) - Successfully registered JMX Bean with object name Ratis:service=RaftServer,group=group-D228F8B5DB78,id=s4
2023-03-14 08:39:14,160 [s4-impl-thread1] INFO  server.RaftServerConfigKeys (ConfUtils.java:logGet(46)) - raft.server.snapshot.auto.trigger.enabled = false (default)
2023-03-14 08:39:14,160 [s4-impl-thread1] INFO  server.RaftServerConfigKeys (ConfUtils.java:logGet(46)) - raft.server.snapshot.retention.file.num = -1 (default)
2023-03-14 08:39:14,160 [s4-impl-thread1] INFO  server.RaftServerConfigKeys (ConfUtils.java:logGet(46)) - raft.server.log.purge.upto.snapshot.index = false (default)
2023-03-14 08:39:14,160 [s4@group-D228F8B5DB78-FollowerState] INFO  server.RaftServerConfigKeys (ConfUtils.java:logFallback(53)) - raft.server.rpc.first-election.timeout.min = 150ms (fallback to raft.server.rpc.timeout.min)
2023-03-14 08:39:14,160 [s4@group-D228F8B5DB78-FollowerState] INFO  server.RaftServerConfigKeys (ConfUtils.java:logFallback(53)) - raft.server.rpc.first-election.timeout.max = 300ms (fallback to raft.server.rpc.timeout.max)
2023-03-14 08:39:14,168 [Time-limited test] INFO  server.RaftServer (RaftServerProxy.java:startImpl(401)) - s4: start RPC server
2023-03-14 08:39:14,168 [Time-limited test] INFO  server.GrpcService (GrpcService.java:startImpl(302)) - s4: GrpcService started, listening on 35767
2023-03-14 08:39:14,176 [JvmPauseMonitor67] INFO  util.JvmPauseMonitor (JvmPauseMonitor.java:run(103)) - JvmPauseMonitor-s4: Started
2023-03-14 08:39:14,177 [s1-server-thread1] INFO  server.RaftServer$Division (RaftServerImpl.java:setConfigurationAsync(1197)) - s1@group-D228F8B5DB78: receive setConfiguration SetConfigurationRequest:client-D77739F855B1->s1@group-D228F8B5DB78, cid=77, seq=0, RW, null, SET_UNCONDITIONALLY, servers:[s3|rpc:0.0.0.0:46073|dataStream:|priority:0|startupRole:FOLLOWER, s4|rpc:0.0.0.0:35767|dataStream:|priority:0|startupRole:FOLLOWER, s0|rpc:localhost:41583|admin:localhost:33921|client:localhost:36257|dataStream:localhost:36865|priority:0|startupRole:FOLLOWER, s1|rpc:localhost:33527|admin:localhost:45333|client:localhost:40903|dataStream:localhost:39123|priority:0|startupRole:FOLLOWER, s2|rpc:localhost:33759|admin:localhost:36757|client:localhost:34851|dataStream:localhost:37251|priority:0|startupRole:FOLLOWER], listeners:[]
2023-03-14 08:39:14,177 [s1-server-thread1] INFO  server.RaftServer$Division (LeaderStateImpl.java:startSetConfiguration(440)) - s1@group-D228F8B5DB78-LeaderStateImpl: startSetConfiguration SetConfigurationRequest:client-D77739F855B1->s1@group-D228F8B5DB78, cid=77, seq=0, RW, null, SET_UNCONDITIONALLY, servers:[s3|rpc:0.0.0.0:46073|dataStream:|priority:0|startupRole:FOLLOWER, s4|rpc:0.0.0.0:35767|dataStream:|priority:0|startupRole:FOLLOWER, s0|rpc:localhost:41583|admin:localhost:33921|client:localhost:36257|dataStream:localhost:36865|priority:0|startupRole:FOLLOWER, s1|rpc:localhost:33527|admin:localhost:45333|client:localhost:40903|dataStream:localhost:39123|priority:0|startupRole:FOLLOWER, s2|rpc:localhost:33759|admin:localhost:36757|client:localhost:34851|dataStream:localhost:37251|priority:0|startupRole:FOLLOWER], listeners:[]
2023-03-14 08:39:14,177 [s1-server-thread1] INFO  server.RaftServerConfigKeys (ConfUtils.java:logGet(46)) - raft.server.log.appender.snapshot.chunk.size.max = 16MB (=16777216) (default)
2023-03-14 08:39:14,177 [s1-server-thread1] INFO  server.RaftServerConfigKeys (ConfUtils.java:logGet(46)) - raft.server.log.appender.buffer.byte-limit = 4MB (=4194304) (default)
2023-03-14 08:39:14,177 [s1-server-thread1] INFO  server.RaftServerConfigKeys (ConfUtils.java:logGet(46)) - raft.server.log.appender.buffer.element-limit = 0 (default)
2023-03-14 08:39:14,177 [s1-server-thread1] INFO  server.RaftServerConfigKeys (ConfUtils.java:logGet(46)) - raft.server.log.appender.wait-time.min = 10ms (default)
2023-03-14 08:39:14,178 [s1-server-thread1] INFO  grpc.GrpcConfigKeys (ConfUtils.java:logGet(46)) - raft.grpc.server.leader.outstanding.appends.max = 128 (default)
2023-03-14 08:39:14,178 [s1-server-thread1] INFO  server.RaftServerConfigKeys (ConfUtils.java:logGet(46)) - raft.server.rpc.request.timeout = 3000ms (default)
2023-03-14 08:39:14,178 [s1-server-thread1] INFO  server.RaftServerConfigKeys (ConfUtils.java:logGet(46)) - raft.server.log.appender.install.snapshot.enabled = true (default)
2023-03-14 08:39:14,178 [s1-server-thread1] INFO  grpc.GrpcConfigKeys (ConfUtils.java:logGet(46)) - raft.grpc.server.heartbeat.channel = true (default)
2023-03-14 08:39:14,178 [s1-server-thread1] INFO  server.RaftServerConfigKeys (ConfUtils.java:logGet(46)) - raft.server.log.appender.snapshot.chunk.size.max = 16MB (=16777216) (default)
2023-03-14 08:39:14,178 [s1-server-thread1] INFO  server.RaftServerConfigKeys (ConfUtils.java:logGet(46)) - raft.server.log.appender.buffer.byte-limit = 4MB (=4194304) (default)
2023-03-14 08:39:14,178 [s1-server-thread1] INFO  server.RaftServerConfigKeys (ConfUtils.java:logGet(46)) - raft.server.log.appender.buffer.element-limit = 0 (default)
2023-03-14 08:39:14,178 [s1-server-thread1] INFO  server.RaftServerConfigKeys (ConfUtils.java:logGet(46)) - raft.server.log.appender.wait-time.min = 10ms (default)
2023-03-14 08:39:14,178 [s1-server-thread1] INFO  grpc.GrpcConfigKeys (ConfUtils.java:logGet(46)) - raft.grpc.server.leader.outstanding.appends.max = 128 (default)
2023-03-14 08:39:14,178 [s1-server-thread1] INFO  server.RaftServerConfigKeys (ConfUtils.java:logGet(46)) - raft.server.rpc.request.timeout = 3000ms (default)
2023-03-14 08:39:14,178 [s1-server-thread1] INFO  server.RaftServerConfigKeys (ConfUtils.java:logGet(46)) - raft.server.log.appender.install.snapshot.enabled = true (default)
2023-03-14 08:39:14,178 [s1-server-thread1] INFO  grpc.GrpcConfigKeys (ConfUtils.java:logGet(46)) - raft.grpc.server.heartbeat.channel = true (default)
2023-03-14 08:39:14,188 [s1@group-D228F8B5DB78->s3-GrpcLogAppender-LogAppenderDaemon] INFO  leader.FollowerInfo (FollowerInfoImpl.java:setAttemptedToInstallSnapshot(126)) - Follower s1@group-D228F8B5DB78->s3 acknowledged installing snapshot
2023-03-14 08:39:14,188 [grpc-default-executor-7] WARN  server.GrpcLogAppender (LogUtils.java:warn(122)) - s1@group-D228F8B5DB78->s3-AppendLogResponseHandler: Failed appendEntries: org.apache.ratis.thirdparty.io.grpc.StatusRuntimeException: UNAVAILABLE: io exception
2023-03-14 08:39:14,188 [grpc-default-executor-4] WARN  server.GrpcLogAppender (LogUtils.java:warn(122)) - s1@group-D228F8B5DB78->s3-AppendLogResponseHandler: Failed appendEntries: org.apache.ratis.thirdparty.io.grpc.StatusRuntimeException: UNAVAILABLE: io exception
2023-03-14 08:39:14,192 [s1@group-D228F8B5DB78->s4-GrpcLogAppender-LogAppenderDaemon] INFO  leader.FollowerInfo (FollowerInfoImpl.java:setAttemptedToInstallSnapshot(126)) - Follower s1@group-D228F8B5DB78->s4 acknowledged installing snapshot
2023-03-14 08:39:14,192 [grpc-default-executor-1] WARN  server.GrpcLogAppender (LogUtils.java:warn(122)) - s1@group-D228F8B5DB78->s4-AppendLogResponseHandler: Failed appendEntries: org.apache.ratis.thirdparty.io.grpc.StatusRuntimeException: UNAVAILABLE: io exception
2023-03-14 08:39:14,192 [grpc-default-executor-7] WARN  server.GrpcLogAppender (LogUtils.java:warn(122)) - s1@group-D228F8B5DB78->s4-AppendLogResponseHandler: Failed appendEntries: org.apache.ratis.thirdparty.io.grpc.StatusRuntimeException: UNAVAILABLE: io exception
2023-03-14 08:39:14,203 [s3-server-thread1] INFO  server.RaftServer$Division (ServerState.java:setLeader(260)) - s3@group-D228F8B5DB78: change Leader from null to s1 at term 1 for appendEntries, leader elected after 73ms
2023-03-14 08:39:14,206 [s3-server-thread2] DEBUG server.RaftServer$Division (RaftServerImpl.java:logAppendEntries(1430)) - s3@group-D228F8B5DB78: receive appendEntries(s1, 1, null, 0, false, commits:[s1:c0, s0:c0, s2:c0, s3:c-1, s4:c-1], cId:2, entries: [(t:1, i:0), CONFIGURATIONENTRY(current:id: "s0"
address: "localhost:41583"
dataStreamAddress: "localhost:36865"
clientAddress: "localhost:36257"
adminAddress: "localhost:33921"
startupRole: FOLLOWER
,id: "s1"
address: "localhost:33527"
dataStreamAddress: "localhost:39123"
clientAddress: "localhost:40903"
adminAddress: "localhost:45333"
startupRole: FOLLOWER
,id: "s2"
address: "localhost:33759"
dataStreamAddress: "localhost:37251"
clientAddress: "localhost:34851"
adminAddress: "localhost:36757"
startupRole: FOLLOWER
, old:)]
2023-03-14 08:39:14,206 [s3-server-thread2] INFO  server.RaftServer$Division (ServerState.java:setRaftConf(378)) - s3@group-D228F8B5DB78: set configuration 0: peers:[s0|rpc:localhost:41583|admin:localhost:33921|client:localhost:36257|dataStream:localhost:36865|priority:0|startupRole:FOLLOWER, s1|rpc:localhost:33527|admin:localhost:45333|client:localhost:40903|dataStream:localhost:39123|priority:0|startupRole:FOLLOWER, s2|rpc:localhost:33759|admin:localhost:36757|client:localhost:34851|dataStream:localhost:37251|priority:0|startupRole:FOLLOWER]|listeners:[], old=null
2023-03-14 08:39:14,206 [s3-server-thread2] INFO  segmented.SegmentedRaftLogWorker (SegmentedRaftLogWorker.java:startLogSegment(426)) - s3@group-D228F8B5DB78-SegmentedRaftLogWorker: Starting segment from index:0
2023-03-14 08:39:14,210 [s4-server-thread1] DEBUG server.RaftServer$Division (RaftServerImpl.java:logAppendEntries(1430)) - s4@group-D228F8B5DB78: receive appendEntries(s1, 1, null, 0, false, commits:[s1:c0, s0:c0, s2:c0, s3:c-1, s4:c-1], cId:1, entries: [(t:1, i:0), CONFIGURATIONENTRY(current:id: "s0"
address: "localhost:41583"
dataStreamAddress: "localhost:36865"
clientAddress: "localhost:36257"
adminAddress: "localhost:33921"
startupRole: FOLLOWER
,id: "s1"
address: "localhost:33527"
dataStreamAddress: "localhost:39123"
clientAddress: "localhost:40903"
adminAddress: "localhost:45333"
startupRole: FOLLOWER
,id: "s2"
address: "localhost:33759"
dataStreamAddress: "localhost:37251"
clientAddress: "localhost:34851"
adminAddress: "localhost:36757"
startupRole: FOLLOWER
, old:)]
2023-03-14 08:39:14,214 [s3@group-D228F8B5DB78-SegmentedRaftLogWorker] INFO  segmented.SegmentedRaftLogWorker (SegmentedRaftLogWorker.java:execute(630)) - s3@group-D228F8B5DB78-SegmentedRaftLogWorker: created new log segment /home/runner/work/ratis/ratis/ratis-test/target/test/data/be523d36/MiniRaftClusterWithGrpc246a2cf1/s3/8dbbff9b-5025-47c3-bb87-d228f8b5db78/current/log_inprogress_0
2023-03-14 08:39:14,214 [s3-server-thread3] DEBUG server.RaftServer$Division (RaftServerImpl.java:logAppendEntries(1430)) - s3@group-D228F8B5DB78: succeeded to handle AppendEntries. Reply: s1<-s3#2:OK-t1,SUCCESS,nextIndex=1,followerCommit=0,matchIndex=0
2023-03-14 08:39:14,215 [s4-server-thread1] INFO  server.RaftServer$Division (ServerState.java:setLeader(260)) - s4@group-D228F8B5DB78: change Leader from null to s1 at term 1 for appendEntries, leader elected after 73ms
2023-03-14 08:39:14,232 [s4-server-thread1] INFO  server.RaftServer$Division (ServerState.java:setRaftConf(378)) - s4@group-D228F8B5DB78: set configuration 0: peers:[s0|rpc:localhost:41583|admin:localhost:33921|client:localhost:36257|dataStream:localhost:36865|priority:0|startupRole:FOLLOWER, s1|rpc:localhost:33527|admin:localhost:45333|client:localhost:40903|dataStream:localhost:39123|priority:0|startupRole:FOLLOWER, s2|rpc:localhost:33759|admin:localhost:36757|client:localhost:34851|dataStream:localhost:37251|priority:0|startupRole:FOLLOWER]|listeners:[], old=null
2023-03-14 08:39:14,232 [s4-server-thread1] INFO  segmented.SegmentedRaftLogWorker (SegmentedRaftLogWorker.java:startLogSegment(426)) - s4@group-D228F8B5DB78-SegmentedRaftLogWorker: Starting segment from index:0
2023-03-14 08:39:14,244 [s4@group-D228F8B5DB78-SegmentedRaftLogWorker] INFO  segmented.SegmentedRaftLogWorker (SegmentedRaftLogWorker.java:execute(630)) - s4@group-D228F8B5DB78-SegmentedRaftLogWorker: created new log segment /home/runner/work/ratis/ratis/ratis-test/target/test/data/be523d36/MiniRaftClusterWithGrpc246a2cf1/s4/8dbbff9b-5025-47c3-bb87-d228f8b5db78/current/log_inprogress_0
2023-03-14 08:39:14,245 [s4-server-thread2] DEBUG server.RaftServer$Division (RaftServerImpl.java:logAppendEntries(1430)) - s4@group-D228F8B5DB78: succeeded to handle AppendEntries. Reply: s1<-s4#1:OK-t0,SUCCESS,nextIndex=1,followerCommit=0,matchIndex=0
2023-03-14 08:39:14,245 [s1@group-D228F8B5DB78-LeaderStateImpl] INFO  server.RaftServer$Division (ServerState.java:setRaftConf(378)) - s1@group-D228F8B5DB78: set configuration 1: peers:[s3|rpc:0.0.0.0:46073|dataStream:|priority:0|startupRole:FOLLOWER, s4|rpc:0.0.0.0:35767|dataStream:|priority:0|startupRole:FOLLOWER, s0|rpc:localhost:41583|admin:localhost:33921|client:localhost:36257|dataStream:localhost:36865|priority:0|startupRole:FOLLOWER, s1|rpc:localhost:33527|admin:localhost:45333|client:localhost:40903|dataStream:localhost:39123|priority:0|startupRole:FOLLOWER, s2|rpc:localhost:33759|admin:localhost:36757|client:localhost:34851|dataStream:localhost:37251|priority:0|startupRole:FOLLOWER]|listeners:[], old=peers:[s0|rpc:localhost:41583|admin:localhost:33921|client:localhost:36257|dataStream:localhost:36865|priority:0|startupRole:FOLLOWER, s1|rpc:localhost:33527|admin:localhost:45333|client:localhost:40903|dataStream:localhost:39123|priority:0|startupRole:FOLLOWER, s2|rpc:localhost:33759|admin:localhost:36757|client:localhost:34851|dataStream:localhost:37251|priority:0|startupRole:FOLLOWER]|listeners:[]
2023-03-14 08:39:14,246 [s0-server-thread1] DEBUG server.RaftServer$Division (RaftServerImpl.java:logAppendEntries(1430)) - s0@group-D228F8B5DB78: receive appendEntries(s1, 1, (t:1, i:0), 0, true, commits:[s1:c0, s0:c0, s2:c0, s3:c0, s4:c0], cId:30384, entries: [(t:1, i:1), CONFIGURATIONENTRY(current:id: "s3"
address: "0.0.0.0:46073"
clientAddress: "0.0.0.0:46073"
adminAddress: "0.0.0.0:46073"
startupRole: FOLLOWER
,id: "s4"
address: "0.0.0.0:35767"
clientAddress: "0.0.0.0:35767"
adminAddress: "0.0.0.0:35767"
startupRole: FOLLOWER
,id: "s0"
address: "localhost:41583"
dataStreamAddress: "localhost:36865"
clientAddress: "localhost:36257"
adminAddress: "localhost:33921"
startupRole: FOLLOWER
,id: "s1"
address: "localhost:33527"
dataStreamAddress: "localhost:39123"
clientAddress: "localhost:40903"
adminAddress: "localhost:45333"
startupRole: FOLLOWER
,id: "s2"
address: "localhost:33759"
dataStreamAddress: "localhost:37251"
clientAddress: "localhost:34851"
adminAddress: "localhost:36757"
startupRole: FOLLOWER
, old:id: "s0"
address: "localhost:41583"
dataStreamAddress: "localhost:36865"
clientAddress: "localhost:36257"
adminAddress: "localhost:33921"
startupRole: FOLLOWER
,id: "s1"
address: "localhost:33527"
dataStreamAddress: "localhost:39123"
clientAddress: "localhost:40903"
adminAddress: "localhost:45333"
startupRole: FOLLOWER
,id: "s2"
address: "localhost:33759"
dataStreamAddress: "localhost:37251"
clientAddress: "localhost:34851"
adminAddress: "localhost:36757"
startupRole: FOLLOWER
)]
2023-03-14 08:39:14,246 [s0-server-thread1] INFO  server.RaftServer$Division (ServerState.java:setRaftConf(378)) - s0@group-D228F8B5DB78: set configuration 1: peers:[s3|rpc:0.0.0.0:46073|dataStream:|priority:0|startupRole:FOLLOWER, s4|rpc:0.0.0.0:35767|dataStream:|priority:0|startupRole:FOLLOWER, s0|rpc:localhost:41583|admin:localhost:33921|client:localhost:36257|dataStream:localhost:36865|priority:0|startupRole:FOLLOWER, s1|rpc:localhost:33527|admin:localhost:45333|client:localhost:40903|dataStream:localhost:39123|priority:0|startupRole:FOLLOWER, s2|rpc:localhost:33759|admin:localhost:36757|client:localhost:34851|dataStream:localhost:37251|priority:0|startupRole:FOLLOWER]|listeners:[], old=peers:[s0|rpc:localhost:41583|admin:localhost:33921|client:localhost:36257|dataStream:localhost:36865|priority:0|startupRole:FOLLOWER, s1|rpc:localhost:33527|admin:localhost:45333|client:localhost:40903|dataStream:localhost:39123|priority:0|startupRole:FOLLOWER, s2|rpc:localhost:33759|admin:localhost:36757|client:localhost:34851|dataStream:localhost:37251|priority:0|startupRole:FOLLOWER]|listeners:[]
2023-03-14 08:39:14,246 [s0-server-thread1] DEBUG server.RaftServer$Division (RaftServerImpl.java:logAppendEntries(1430)) - s0@group-D228F8B5DB78: succeeded to handle AppendEntries. Reply: s1<-s0#30384:OK-t1,SUCCESS,nextIndex=2,followerCommit=0,matchIndex=1
2023-03-14 08:39:14,247 [s4-server-thread3] DEBUG server.RaftServer$Division (RaftServerImpl.java:logAppendEntries(1430)) - s4@group-D228F8B5DB78: receive appendEntries(s1, 1, (t:1, i:0), 0, false, commits:[s1:c0, s0:c0, s2:c0, s3:c0, s4:c0], cId:1624, entries: [(t:1, i:1), CONFIGURATIONENTRY(current:id: "s3"
address: "0.0.0.0:46073"
clientAddress: "0.0.0.0:46073"
adminAddress: "0.0.0.0:46073"
startupRole: FOLLOWER
,id: "s4"
address: "0.0.0.0:35767"
clientAddress: "0.0.0.0:35767"
adminAddress: "0.0.0.0:35767"
startupRole: FOLLOWER
,id: "s0"
address: "localhost:41583"
dataStreamAddress: "localhost:36865"
clientAddress: "localhost:36257"
adminAddress: "localhost:33921"
startupRole: FOLLOWER
,id: "s1"
address: "localhost:33527"
dataStreamAddress: "localhost:39123"
clientAddress: "localhost:40903"
adminAddress: "localhost:45333"
startupRole: FOLLOWER
,id: "s2"
address: "localhost:33759"
dataStreamAddress: "localhost:37251"
clientAddress: "localhost:34851"
adminAddress: "localhost:36757"
startupRole: FOLLOWER
, old:id: "s0"
address: "localhost:41583"
dataStreamAddress: "localhost:36865"
clientAddress: "localhost:36257"
adminAddress: "localhost:33921"
startupRole: FOLLOWER
,id: "s1"
address: "localhost:33527"
dataStreamAddress: "localhost:39123"
clientAddress: "localhost:40903"
adminAddress: "localhost:45333"
startupRole: FOLLOWER
,id: "s2"
address: "localhost:33759"
dataStreamAddress: "localhost:37251"
clientAddress: "localhost:34851"
adminAddress: "localhost:36757"
startupRole: FOLLOWER
)]
2023-03-14 08:39:14,249 [s4-server-thread3] INFO  server.RaftServer$Division (ServerState.java:setRaftConf(378)) - s4@group-D228F8B5DB78: set configuration 1: peers:[s3|rpc:0.0.0.0:46073|dataStream:|priority:0|startupRole:FOLLOWER, s4|rpc:0.0.0.0:35767|dataStream:|priority:0|startupRole:FOLLOWER, s0|rpc:localhost:41583|admin:localhost:33921|client:localhost:36257|dataStream:localhost:36865|priority:0|startupRole:FOLLOWER, s1|rpc:localhost:33527|admin:localhost:45333|client:localhost:40903|dataStream:localhost:39123|priority:0|startupRole:FOLLOWER, s2|rpc:localhost:33759|admin:localhost:36757|client:localhost:34851|dataStream:localhost:37251|priority:0|startupRole:FOLLOWER]|listeners:[], old=peers:[s0|rpc:localhost:41583|admin:localhost:33921|client:localhost:36257|dataStream:localhost:36865|priority:0|startupRole:FOLLOWER, s1|rpc:localhost:33527|admin:localhost:45333|client:localhost:40903|dataStream:localhost:39123|priority:0|startupRole:FOLLOWER, s2|rpc:localhost:33759|admin:localhost:36757|client:localhost:34851|dataStream:localhost:37251|priority:0|startupRole:FOLLOWER]|listeners:[]
2023-03-14 08:39:14,250 [s2-server-thread1] DEBUG server.RaftServer$Division (RaftServerImpl.java:logAppendEntries(1430)) - s2@group-D228F8B5DB78: receive appendEntries(s1, 1, (t:1, i:0), 0, true, commits:[s1:c0, s0:c0, s2:c0, s3:c0, s4:c0], cId:30783, entries: [(t:1, i:1), CONFIGURATIONENTRY(current:id: "s3"
address: "0.0.0.0:46073"
clientAddress: "0.0.0.0:46073"
adminAddress: "0.0.0.0:46073"
startupRole: FOLLOWER
,id: "s4"
address: "0.0.0.0:35767"
clientAddress: "0.0.0.0:35767"
adminAddress: "0.0.0.0:35767"
startupRole: FOLLOWER
,id: "s0"
address: "localhost:41583"
dataStreamAddress: "localhost:36865"
clientAddress: "localhost:36257"
adminAddress: "localhost:33921"
startupRole: FOLLOWER
,id: "s1"
address: "localhost:33527"
dataStreamAddress: "localhost:39123"
clientAddress: "localhost:40903"
adminAddress: "localhost:45333"
startupRole: FOLLOWER
,id: "s2"
address: "localhost:33759"
dataStreamAddress: "localhost:37251"
clientAddress: "localhost:34851"
adminAddress: "localhost:36757"
startupRole: FOLLOWER
, old:id: "s0"
address: "localhost:41583"
dataStreamAddress: "localhost:36865"
clientAddress: "localhost:36257"
adminAddress: "localhost:33921"
startupRole: FOLLOWER
,id: "s1"
address: "localhost:33527"
dataStreamAddress: "localhost:39123"
clientAddress: "localhost:40903"
adminAddress: "localhost:45333"
startupRole: FOLLOWER
,id: "s2"
address: "localhost:33759"
dataStreamAddress: "localhost:37251"
clientAddress: "localhost:34851"
adminAddress: "localhost:36757"
startupRole: FOLLOWER
)]
2023-03-14 08:39:14,250 [s2-server-thread1] INFO  server.RaftServer$Division (ServerState.java:setRaftConf(378)) - s2@group-D228F8B5DB78: set configuration 1: peers:[s3|rpc:0.0.0.0:46073|dataStream:|priority:0|startupRole:FOLLOWER, s4|rpc:0.0.0.0:35767|dataStream:|priority:0|startupRole:FOLLOWER, s0|rpc:localhost:41583|admin:localhost:33921|client:localhost:36257|dataStream:localhost:36865|priority:0|startupRole:FOLLOWER, s1|rpc:localhost:33527|admin:localhost:45333|client:localhost:40903|dataStream:localhost:39123|priority:0|startupRole:FOLLOWER, s2|rpc:localhost:33759|admin:localhost:36757|client:localhost:34851|dataStream:localhost:37251|priority:0|startupRole:FOLLOWER]|listeners:[], old=peers:[s0|rpc:localhost:41583|admin:localhost:33921|client:localhost:36257|dataStream:localhost:36865|priority:0|startupRole:FOLLOWER, s1|rpc:localhost:33527|admin:localhost:45333|client:localhost:40903|dataStream:localhost:39123|priority:0|startupRole:FOLLOWER, s2|rpc:localhost:33759|admin:localhost:36757|client:localhost:34851|dataStream:localhost:37251|priority:0|startupRole:FOLLOWER]|listeners:[]
2023-03-14 08:39:14,250 [s4-server-thread3] DEBUG server.RaftServer$Division (RaftServerImpl.java:logAppendEntries(1430)) - s4@group-D228F8B5DB78: succeeded to handle AppendEntries. Reply: s1<-s4#1624:OK-t1,SUCCESS,nextIndex=2,followerCommit=0,matchIndex=1
2023-03-14 08:39:14,251 [s1@group-D228F8B5DB78-LeaderStateImpl] INFO  server.RaftServer$Division (ServerState.java:setRaftConf(378)) - s1@group-D228F8B5DB78: set configuration 3: peers:[s3|rpc:0.0.0.0:46073|dataStream:|priority:0|startupRole:FOLLOWER, s4|rpc:0.0.0.0:35767|dataStream:|priority:0|startupRole:FOLLOWER, s0|rpc:localhost:41583|admin:localhost:33921|client:localhost:36257|dataStream:localhost:36865|priority:0|startupRole:FOLLOWER, s1|rpc:localhost:33527|admin:localhost:45333|client:localhost:40903|dataStream:localhost:39123|priority:0|startupRole:FOLLOWER, s2|rpc:localhost:33759|admin:localhost:36757|client:localhost:34851|dataStream:localhost:37251|priority:0|startupRole:FOLLOWER]|listeners:[], old=null
2023-03-14 08:39:14,251 [s2-server-thread1] DEBUG server.RaftServer$Division (RaftServerImpl.java:logAppendEntries(1430)) - s2@group-D228F8B5DB78: succeeded to handle AppendEntries. Reply: s1<-s2#30783:OK-t1,SUCCESS,nextIndex=2,followerCommit=0,matchIndex=1
2023-03-14 08:39:14,255 [s3-server-thread3] DEBUG server.RaftServer$Division (RaftServerImpl.java:logAppendEntries(1430)) - s3@group-D228F8B5DB78: receive appendEntries(s1, 1, (t:1, i:0), 1, true, commits:[s1:c1, s0:c0, s2:c0, s3:c0, s4:c0], cId:2449, entries: [(t:1, i:1), CONFIGURATIONENTRY(current:id: "s3"
address: "0.0.0.0:46073"
clientAddress: "0.0.0.0:46073"
adminAddress: "0.0.0.0:46073"
startupRole: FOLLOWER
,id: "s4"
address: "0.0.0.0:35767"
clientAddress: "0.0.0.0:35767"
adminAddress: "0.0.0.0:35767"
startupRole: FOLLOWER
,id: "s0"
address: "localhost:41583"
dataStreamAddress: "localhost:36865"
clientAddress: "localhost:36257"
adminAddress: "localhost:33921"
startupRole: FOLLOWER
,id: "s1"
address: "localhost:33527"
dataStreamAddress: "localhost:39123"
clientAddress: "localhost:40903"
adminAddress: "localhost:45333"
startupRole: FOLLOWER
,id: "s2"
address: "localhost:33759"
dataStreamAddress: "localhost:37251"
clientAddress: "localhost:34851"
adminAddress: "localhost:36757"
startupRole: FOLLOWER
, old:id: "s0"
address: "localhost:41583"
dataStreamAddress: "localhost:36865"
clientAddress: "localhost:36257"
adminAddress: "localhost:33921"
startupRole: FOLLOWER
,id: "s1"
address: "localhost:33527"
dataStreamAddress: "localhost:39123"
clientAddress: "localhost:40903"
adminAddress: "localhost:45333"
startupRole: FOLLOWER
,id: "s2"
address: "localhost:33759"
dataStreamAddress: "localhost:37251"
clientAddress: "localhost:34851"
adminAddress: "localhost:36757"
startupRole: FOLLOWER
), (t:1, i:2), METADATAENTRY(c:1), (t:1, i:3), CONFIGURATIONENTRY(current:id: "s3"
address: "0.0.0.0:46073"
clientAddress: "0.0.0.0:46073"
adminAddress: "0.0.0.0:46073"
startupRole: FOLLOWER
,id: "s4"
address: "0.0.0.0:35767"
clientAddress: "0.0.0.0:35767"
adminAddress: "0.0.0.0:35767"
startupRole: FOLLOWER
,id: "s0"
address: "localhost:41583"
dataStreamAddress: "localhost:36865"
clientAddress: "localhost:36257"
adminAddress: "localhost:33921"
startupRole: FOLLOWER
,id: "s1"
address: "localhost:33527"
dataStreamAddress: "localhost:39123"
clientAddress: "localhost:40903"
adminAddress: "localhost:45333"
startupRole: FOLLOWER
,id: "s2"
address: "localhost:33759"
dataStreamAddress: "localhost:37251"
clientAddress: "localhost:34851"
adminAddress: "localhost:36757"
startupRole: FOLLOWER
, old:)]
2023-03-14 08:39:14,255 [s3-server-thread3] INFO  server.RaftServer$Division (ServerState.java:setRaftConf(378)) - s3@group-D228F8B5DB78: set configuration 1: peers:[s3|rpc:0.0.0.0:46073|dataStream:|priority:0|startupRole:FOLLOWER, s4|rpc:0.0.0.0:35767|dataStream:|priority:0|startupRole:FOLLOWER, s0|rpc:localhost:41583|admin:localhost:33921|client:localhost:36257|dataStream:localhost:36865|priority:0|startupRole:FOLLOWER, s1|rpc:localhost:33527|admin:localhost:45333|client:localhost:40903|dataStream:localhost:39123|priority:0|startupRole:FOLLOWER, s2|rpc:localhost:33759|admin:localhost:36757|client:localhost:34851|dataStream:localhost:37251|priority:0|startupRole:FOLLOWER]|listeners:[], old=peers:[s0|rpc:localhost:41583|admin:localhost:33921|client:localhost:36257|dataStream:localhost:36865|priority:0|startupRole:FOLLOWER, s1|rpc:localhost:33527|admin:localhost:45333|client:localhost:40903|dataStream:localhost:39123|priority:0|startupRole:FOLLOWER, s2|rpc:localhost:33759|admin:localhost:36757|client:localhost:34851|dataStream:localhost:37251|priority:0|startupRole:FOLLOWER]|listeners:[]
2023-03-14 08:39:14,255 [s3-server-thread3] INFO  server.RaftServer$Division (ServerState.java:setRaftConf(378)) - s3@group-D228F8B5DB78: set configuration 3: peers:[s3|rpc:0.0.0.0:46073|dataStream:|priority:0|startupRole:FOLLOWER, s4|rpc:0.0.0.0:35767|dataStream:|priority:0|startupRole:FOLLOWER, s0|rpc:localhost:41583|admin:localhost:33921|client:localhost:36257|dataStream:localhost:36865|priority:0|startupRole:FOLLOWER, s1|rpc:localhost:33527|admin:localhost:45333|client:localhost:40903|dataStream:localhost:39123|priority:0|startupRole:FOLLOWER, s2|rpc:localhost:33759|admin:localhost:36757|client:localhost:34851|dataStream:localhost:37251|priority:0|startupRole:FOLLOWER]|listeners:[], old=null
2023-03-14 08:39:14,255 [s3-server-thread3] DEBUG server.RaftServer$Division (RaftServerImpl.java:logAppendEntries(1430)) - s3@group-D228F8B5DB78: succeeded to handle AppendEntries. Reply: s1<-s3#2449:OK-t1,SUCCESS,nextIndex=4,followerCommit=1,matchIndex=3
2023-03-14 08:39:14,256 [s0-server-thread1] DEBUG server.RaftServer$Division (RaftServerImpl.java:logAppendEntries(1430)) - s0@group-D228F8B5DB78: receive appendEntries(s1, 1, (t:1, i:1), 1, true, commits:[s1:c1, s0:c0, s2:c0, s3:c0, s4:c0], cId:30385, entries: [(t:1, i:2), METADATAENTRY(c:1)]
2023-03-14 08:39:14,257 [s0-server-thread1] DEBUG server.RaftServer$Division (RaftServerImpl.java:logAppendEntries(1430)) - s0@group-D228F8B5DB78: succeeded to handle AppendEntries. Reply: s1<-s0#30385:OK-t1,SUCCESS,nextIndex=3,followerCommit=1,matchIndex=2
2023-03-14 08:39:14,258 [s4-server-thread3] DEBUG server.RaftServer$Division (RaftServerImpl.java:logAppendEntries(1430)) - s4@group-D228F8B5DB78: receive appendEntries(s1, 1, (t:1, i:1), 1, true, commits:[s1:c1, s0:c0, s2:c0, s3:c0, s4:c0], cId:1625, entries: [(t:1, i:2), METADATAENTRY(c:1), (t:1, i:3), CONFIGURATIONENTRY(current:id: "s3"
address: "0.0.0.0:46073"
clientAddress: "0.0.0.0:46073"
adminAddress: "0.0.0.0:46073"
startupRole: FOLLOWER
,id: "s4"
address: "0.0.0.0:35767"
clientAddress: "0.0.0.0:35767"
adminAddress: "0.0.0.0:35767"
startupRole: FOLLOWER
,id: "s0"
address: "localhost:41583"
dataStreamAddress: "localhost:36865"
clientAddress: "localhost:36257"
adminAddress: "localhost:33921"
startupRole: FOLLOWER
,id: "s1"
address: "localhost:33527"
dataStreamAddress: "localhost:39123"
clientAddress: "localhost:40903"
adminAddress: "localhost:45333"
startupRole: FOLLOWER
,id: "s2"
address: "localhost:33759"
dataStreamAddress: "localhost:37251"
clientAddress: "localhost:34851"
adminAddress: "localhost:36757"
startupRole: FOLLOWER
, old:)]
2023-03-14 08:39:14,258 [s4-server-thread3] INFO  server.RaftServer$Division (ServerState.java:setRaftConf(378)) - s4@group-D228F8B5DB78: set configuration 3: peers:[s3|rpc:0.0.0.0:46073|dataStream:|priority:0|startupRole:FOLLOWER, s4|rpc:0.0.0.0:35767|dataStream:|priority:0|startupRole:FOLLOWER, s0|rpc:localhost:41583|admin:localhost:33921|client:localhost:36257|dataStream:localhost:36865|priority:0|startupRole:FOLLOWER, s1|rpc:localhost:33527|admin:localhost:45333|client:localhost:40903|dataStream:localhost:39123|priority:0|startupRole:FOLLOWER, s2|rpc:localhost:33759|admin:localhost:36757|client:localhost:34851|dataStream:localhost:37251|priority:0|startupRole:FOLLOWER]|listeners:[], old=null
2023-03-14 08:39:14,258 [s4-server-thread3] DEBUG server.RaftServer$Division (RaftServerImpl.java:logAppendEntries(1430)) - s4@group-D228F8B5DB78: succeeded to handle AppendEntries. Reply: s1<-s4#1625:OK-t1,SUCCESS,nextIndex=4,followerCommit=1,matchIndex=3
2023-03-14 08:39:14,260 [s2-server-thread1] DEBUG server.RaftServer$Division (RaftServerImpl.java:logAppendEntries(1430)) - s2@group-D228F8B5DB78: receive appendEntries(s1, 1, (t:1, i:1), 1, true, commits:[s1:c1, s0:c0, s2:c0, s3:c0, s4:c0], cId:30784, entries: [(t:1, i:2), METADATAENTRY(c:1)]
2023-03-14 08:39:14,261 [s2-server-thread1] DEBUG server.RaftServer$Division (RaftServerImpl.java:logAppendEntries(1430)) - s2@group-D228F8B5DB78: succeeded to handle AppendEntries. Reply: s1<-s2#30784:OK-t1,SUCCESS,nextIndex=3,followerCommit=1,matchIndex=2
2023-03-14 08:39:14,266 [Time-limited test] INFO  impl.MiniRaftCluster (MiniRaftCluster.java:shutdown(831)) - ************************************************************** 
2023-03-14 08:39:14,266 [Time-limited test] INFO  impl.MiniRaftCluster (MiniRaftCluster.java:shutdown(832)) - *** 
2023-03-14 08:39:14,266 [Time-limited test] INFO  impl.MiniRaftCluster (MiniRaftCluster.java:shutdown(833)) - ***     Stopping MiniRaftClusterWithGrpc
2023-03-14 08:39:14,266 [Time-limited test] INFO  impl.MiniRaftCluster (MiniRaftCluster.java:shutdown(834)) - *** 
2023-03-14 08:39:14,266 [Time-limited test] INFO  impl.MiniRaftCluster (MiniRaftCluster.java:shutdown(835)) - ************************************************************** 
2023-03-14 08:39:14,266 [s0-server-thread1] DEBUG server.RaftServer$Division (RaftServerImpl.java:logAppendEntries(1430)) - s0@group-D228F8B5DB78: receive appendEntries(s1, 1, (t:1, i:2), 1, true, commits:[s1:c1, s0:c1, s2:c0, s3:c1, s4:c0], cId:30386, entries: [(t:1, i:3), CONFIGURATIONENTRY(current:id: "s3"
address: "0.0.0.0:46073"
clientAddress: "0.0.0.0:46073"
adminAddress: "0.0.0.0:46073"
startupRole: FOLLOWER
,id: "s4"
address: "0.0.0.0:35767"
clientAddress: "0.0.0.0:35767"
adminAddress: "0.0.0.0:35767"
startupRole: FOLLOWER
,id: "s0"
address: "localhost:41583"
dataStreamAddress: "localhost:36865"
clientAddress: "localhost:36257"
adminAddress: "localhost:33921"
startupRole: FOLLOWER
,id: "s1"
address: "localhost:33527"
dataStreamAddress: "localhost:39123"
clientAddress: "localhost:40903"
adminAddress: "localhost:45333"
startupRole: FOLLOWER
,id: "s2"
address: "localhost:33759"
dataStreamAddress: "localhost:37251"
clientAddress: "localhost:34851"
adminAddress: "localhost:36757"
startupRole: FOLLOWER
, old:)]
2023-03-14 08:39:14,267 [Time-limited test] INFO  impl.MiniRaftCluster (MiniRaftCluster.java:shutdown(836)) - printing ALL groups
  s3:  RUNNING  FOLLOWER s3@group-D228F8B5DB78:t1, leader=s1, voted=null, raftlog=Memoized:s3@group-D228F8B5DB78-SegmentedRaftLog:OPENED:c1, conf=3: peers:[s3|rpc:0.0.0.0:46073|dataStream:|priority:0|startupRole:FOLLOWER, s4|rpc:0.0.0.0:35767|dataStream:|priority:0|startupRole:FOLLOWER, s0|rpc:localhost:41583|admin:localhost:33921|client:localhost:36257|dataStream:localhost:36865|priority:0|startupRole:FOLLOWER, s1|rpc:localhost:33527|admin:localhost:45333|client:localhost:40903|dataStream:localhost:39123|priority:0|startupRole:FOLLOWER, s2|rpc:localhost:33759|admin:localhost:36757|client:localhost:34851|dataStream:localhost:37251|priority:0|startupRole:FOLLOWER]|listeners:[], old=null RUNNING
  s4:  RUNNING  FOLLOWER s4@group-D228F8B5DB78:t1, leader=s1, voted=null, raftlog=Memoized:s4@group-D228F8B5DB78-SegmentedRaftLog:OPENED:c1, conf=3: peers:[s3|rpc:0.0.0.0:46073|dataStream:|priority:0|startupRole:FOLLOWER, s4|rpc:0.0.0.0:35767|dataStream:|priority:0|startupRole:FOLLOWER, s0|rpc:localhost:41583|admin:localhost:33921|client:localhost:36257|dataStream:localhost:36865|priority:0|startupRole:FOLLOWER, s1|rpc:localhost:33527|admin:localhost:45333|client:localhost:40903|dataStream:localhost:39123|priority:0|startupRole:FOLLOWER, s2|rpc:localhost:33759|admin:localhost:36757|client:localhost:34851|dataStream:localhost:37251|priority:0|startupRole:FOLLOWER]|listeners:[], old=null RUNNING
  s0:  RUNNING  FOLLOWER s0@group-D228F8B5DB78:t1, leader=s1, voted=s1, raftlog=Memoized:s0@group-D228F8B5DB78-SegmentedRaftLog:OPENED:c1, conf=1: peers:[s3|rpc:0.0.0.0:46073|dataStream:|priority:0|startupRole:FOLLOWER, s4|rpc:0.0.0.0:35767|dataStream:|priority:0|startupRole:FOLLOWER, s0|rpc:localhost:41583|admin:localhost:33921|client:localhost:36257|dataStream:localhost:36865|priority:0|startupRole:FOLLOWER, s1|rpc:localhost:33527|admin:localhost:45333|client:localhost:40903|dataStream:localhost:39123|priority:0|startupRole:FOLLOWER, s2|rpc:localhost:33759|admin:localhost:36757|client:localhost:34851|dataStream:localhost:37251|priority:0|startupRole:FOLLOWER]|listeners:[], old=peers:[s0|rpc:localhost:41583|admin:localhost:33921|client:localhost:36257|dataStream:localhost:36865|priority:0|startupRole:FOLLOWER, s1|rpc:localhost:33527|admin:localhost:45333|client:localhost:40903|dataStream:localhost:39123|priority:0|startupRole:FOLLOWER, s2|rpc:localhost:33759|admin:localhost:36757|client:localhost:34851|dataStream:localhost:37251|priority:0|startupRole:FOLLOWER]|listeners:[] RUNNING
  s1:  RUNNING    LEADER s1@group-D228F8B5DB78:t1, leader=s1, voted=s1, raftlog=Memoized:s1@group-D228F8B5DB78-SegmentedRaftLog:OPENED:c3, conf=3: peers:[s3|rpc:0.0.0.0:46073|dataStream:|priority:0|startupRole:FOLLOWER, s4|rpc:0.0.0.0:35767|dataStream:|priority:0|startupRole:FOLLOWER, s0|rpc:localhost:41583|admin:localhost:33921|client:localhost:36257|dataStream:localhost:36865|priority:0|startupRole:FOLLOWER, s1|rpc:localhost:33527|admin:localhost:45333|client:localhost:40903|dataStream:localhost:39123|priority:0|startupRole:FOLLOWER, s2|rpc:localhost:33759|admin:localhost:36757|client:localhost:34851|dataStream:localhost:37251|priority:0|startupRole:FOLLOWER]|listeners:[], old=null RUNNING
  s2:  RUNNING  FOLLOWER s2@group-D228F8B5DB78:t1, leader=s1, voted=s1, raftlog=Memoized:s2@group-D228F8B5DB78-SegmentedRaftLog:OPENED:c1, conf=1: peers:[s3|rpc:0.0.0.0:46073|dataStream:|priority:0|startupRole:FOLLOWER, s4|rpc:0.0.0.0:35767|dataStream:|priority:0|startupRole:FOLLOWER, s0|rpc:localhost:41583|admin:localhost:33921|client:localhost:36257|dataStream:localhost:36865|priority:0|startupRole:FOLLOWER, s1|rpc:localhost:33527|admin:localhost:45333|client:localhost:40903|dataStream:localhost:39123|priority:0|startupRole:FOLLOWER, s2|rpc:localhost:33759|admin:localhost:36757|client:localhost:34851|dataStream:localhost:37251|priority:0|startupRole:FOLLOWER]|listeners:[], old=peers:[s0|rpc:localhost:41583|admin:localhost:33921|client:localhost:36257|dataStream:localhost:36865|priority:0|startupRole:FOLLOWER, s1|rpc:localhost:33527|admin:localhost:45333|client:localhost:40903|dataStream:localhost:39123|priority:0|startupRole:FOLLOWER, s2|rpc:localhost:33759|admin:localhost:36757|client:localhost:34851|dataStream:localhost:37251|priority:0|startupRole:FOLLOWER]|listeners:[] RUNNING
2023-03-14 08:39:14,267 [s0-server-thread1] INFO  server.RaftServer$Division (ServerState.java:setRaftConf(378)) - s0@group-D228F8B5DB78: set configuration 3: peers:[s3|rpc:0.0.0.0:46073|dataStream:|priority:0|startupRole:FOLLOWER, s4|rpc:0.0.0.0:35767|dataStream:|priority:0|startupRole:FOLLOWER, s0|rpc:localhost:41583|admin:localhost:33921|client:localhost:36257|dataStream:localhost:36865|priority:0|startupRole:FOLLOWER, s1|rpc:localhost:33527|admin:localhost:45333|client:localhost:40903|dataStream:localhost:39123|priority:0|startupRole:FOLLOWER, s2|rpc:localhost:33759|admin:localhost:36757|client:localhost:34851|dataStream:localhost:37251|priority:0|startupRole:FOLLOWER]|listeners:[], old=null
2023-03-14 08:39:14,267 [s3-server-thread3] DEBUG server.RaftServer$Division (RaftServerImpl.java:logAppendEntries(1430)) - s3@group-D228F8B5DB78: receive appendEntries(s1, 1, (t:1, i:3), 3, true, commits:[s1:c3, s0:c1, s2:c0, s3:c1, s4:c1], cId:2451, entries: [(t:1, i:4), METADATAENTRY(c:3)]
2023-03-14 08:39:14,267 [s0-server-thread1] DEBUG server.RaftServer$Division (RaftServerImpl.java:logAppendEntries(1430)) - s0@group-D228F8B5DB78: succeeded to handle AppendEntries. Reply: s1<-s0#30386:OK-t1,SUCCESS,nextIndex=4,followerCommit=1,matchIndex=3
2023-03-14 08:39:14,267 [s3-server-thread3] DEBUG server.RaftServer$Division (RaftServerImpl.java:logAppendEntries(1430)) - s3@group-D228F8B5DB78: succeeded to handle AppendEntries. Reply: s1<-s3#2451:OK-t1,SUCCESS,nextIndex=5,followerCommit=3,matchIndex=4
2023-03-14 08:39:14,268 [MiniRaftCluster-72] INFO  server.RaftServer (RaftServerProxy.java:lambda$close$7(417)) - s4: close
2023-03-14 08:39:14,268 [s4-impl-thread1] INFO  server.RaftServer$Division (RaftServerImpl.java:lambda$close$4(466)) - s4@group-D228F8B5DB78: shutdown
2023-03-14 08:39:14,268 [s4-impl-thread1] INFO  util.JmxRegister (JmxRegister.java:unregister(73)) - Successfully un-registered JMX Bean with object name Ratis:service=RaftServer,group=group-D228F8B5DB78,id=s4
2023-03-14 08:39:14,268 [s4-impl-thread1] INFO  impl.RoleInfo (RoleInfo.java:shutdownFollowerState(110)) - s4: shutdown s4@group-D228F8B5DB78-FollowerState
2023-03-14 08:39:14,268 [s4-impl-thread1] INFO  impl.StateMachineUpdater (StateMachineUpdater.java:stopAndJoin(154)) - s4@group-D228F8B5DB78-StateMachineUpdater: set stopIndex = 1
2023-03-14 08:39:14,268 [s4@group-D228F8B5DB78-FollowerState] INFO  impl.FollowerState (FollowerState.java:run(152)) - s4@group-D228F8B5DB78-FollowerState was interrupted
2023-03-14 08:39:14,268 [MiniRaftCluster-71] INFO  server.RaftServer (RaftServerProxy.java:lambda$close$7(417)) - s3: close
2023-03-14 08:39:14,268 [s4-impl-thread1] INFO  server.RaftServer$Division (ServerState.java:close(414)) - s4@group-D228F8B5DB78: applyIndex: 1
2023-03-14 08:39:14,268 [s3-impl-thread1] INFO  server.RaftServer$Division (RaftServerImpl.java:lambda$close$4(466)) - s3@group-D228F8B5DB78: shutdown
2023-03-14 08:39:14,268 [s3-impl-thread1] INFO  util.JmxRegister (JmxRegister.java:unregister(73)) - Successfully un-registered JMX Bean with object name Ratis:service=RaftServer,group=group-D228F8B5DB78,id=s3
2023-03-14 08:39:14,268 [s3-impl-thread1] INFO  impl.RoleInfo (RoleInfo.java:shutdownFollowerState(110)) - s3: shutdown s3@group-D228F8B5DB78-FollowerState
2023-03-14 08:39:14,268 [s3-impl-thread1] INFO  impl.StateMachineUpdater (StateMachineUpdater.java:stopAndJoin(154)) - s3@group-D228F8B5DB78-StateMachineUpdater: set stopIndex = 3
2023-03-14 08:39:14,268 [s3@group-D228F8B5DB78-FollowerState] INFO  impl.FollowerState (FollowerState.java:run(152)) - s3@group-D228F8B5DB78-FollowerState was interrupted
2023-03-14 08:39:14,268 [s3-impl-thread1] INFO  server.RaftServer$Division (ServerState.java:close(414)) - s3@group-D228F8B5DB78: applyIndex: 3
2023-03-14 08:39:14,269 [grpc-default-executor-6] WARN  server.GrpcServerProtocolService (LogUtils.java:warn(124)) - s4: Failed APPEND_ENTRIES request s1->s4#1626-t1,previous=(t:1, i:3),leaderCommit=3,initializing? true,entries: size=1, first=(t:1, i:4), METADATAENTRY(c:3)
java.util.concurrent.CompletionException: org.apache.ratis.protocol.exceptions.ServerNotReadyException: s4@group-D228F8B5DB78 is not in [STARTING, RUNNING]: current state is CLOSING
	at org.apache.ratis.util.JavaUtils.callAsUnchecked(JavaUtils.java:121)
	at org.apache.ratis.server.impl.RaftServerImpl.lambda$executeSubmitServerRequestAsync$11(RaftServerImpl.java:821)
	at java.base/java.util.concurrent.CompletableFuture$AsyncSupply.run(CompletableFuture.java:1700)
	at java.base/java.util.concurrent.ThreadPoolExecutor.runWorker(ThreadPoolExecutor.java:1128)
	at java.base/java.util.concurrent.ThreadPoolExecutor$Worker.run(ThreadPoolExecutor.java:628)
	at java.base/java.lang.Thread.run(Thread.java:829)
Caused by: org.apache.ratis.protocol.exceptions.ServerNotReadyException: s4@group-D228F8B5DB78 is not in [STARTING, RUNNING]: current state is CLOSING
	at org.apache.ratis.server.impl.RaftServerImpl.lambda$assertLifeCycleState$9(RaftServerImpl.java:745)
	at org.apache.ratis.util.LifeCycle.assertCurrentState(LifeCycle.java:253)
	at org.apache.ratis.server.impl.RaftServerImpl.assertLifeCycleState(RaftServerImpl.java:744)
	at org.apache.ratis.server.impl.RaftServerImpl.preAppendEntriesAsync(RaftServerImpl.java:1450)
	at org.apache.ratis.server.impl.RaftServerImpl.appendEntriesAsync(RaftServerImpl.java:1394)
	at org.apache.ratis.server.impl.RaftServerProxy.lambda$appendEntriesAsync$26(RaftServerProxy.java:639)
	at org.apache.ratis.util.JavaUtils.callAsUnchecked(JavaUtils.java:117)
	... 5 more
2023-03-14 08:39:14,268 [MiniRaftCluster-71] INFO  server.GrpcService (GrpcService.java:closeImpl(311)) - s3: shutdown server GrpcServerProtocolService now
2023-03-14 08:39:14,270 [s2-server-thread1] DEBUG server.RaftServer$Division (RaftServerImpl.java:logAppendEntries(1430)) - s2@group-D228F8B5DB78: receive appendEntries(s1, 1, (t:1, i:2), 3, true, commits:[s1:c3, s0:c1, s2:c1, s3:c1, s4:c1], cId:30785, entries: [(t:1, i:3), CONFIGURATIONENTRY(current:id: "s3"
address: "0.0.0.0:46073"
clientAddress: "0.0.0.0:46073"
adminAddress: "0.0.0.0:46073"
startupRole: FOLLOWER
,id: "s4"
address: "0.0.0.0:35767"
clientAddress: "0.0.0.0:35767"
adminAddress: "0.0.0.0:35767"
startupRole: FOLLOWER
,id: "s0"
address: "localhost:41583"
dataStreamAddress: "localhost:36865"
clientAddress: "localhost:36257"
adminAddress: "localhost:33921"
startupRole: FOLLOWER
,id: "s1"
address: "localhost:33527"
dataStreamAddress: "localhost:39123"
clientAddress: "localhost:40903"
adminAddress: "localhost:45333"
startupRole: FOLLOWER
,id: "s2"
address: "localhost:33759"
dataStreamAddress: "localhost:37251"
clientAddress: "localhost:34851"
adminAddress: "localhost:36757"
startupRole: FOLLOWER
, old:), (t:1, i:4), METADATAENTRY(c:3)]
2023-03-14 08:39:14,275 [grpc-default-executor-7] WARN  server.GrpcLogAppender (LogUtils.java:warn(122)) - s1@group-D228F8B5DB78->s4-AppendLogResponseHandler: Failed appendEntries: org.apache.ratis.protocol.exceptions.ServerNotReadyException: s4@group-D228F8B5DB78 is not in [STARTING, RUNNING]: current state is CLOSING
2023-03-14 08:39:14,275 [s2-server-thread1] INFO  server.RaftServer$Division (ServerState.java:setRaftConf(378)) - s2@group-D228F8B5DB78: set configuration 3: peers:[s3|rpc:0.0.0.0:46073|dataStream:|priority:0|startupRole:FOLLOWER, s4|rpc:0.0.0.0:35767|dataStream:|priority:0|startupRole:FOLLOWER, s0|rpc:localhost:41583|admin:localhost:33921|client:localhost:36257|dataStream:localhost:36865|priority:0|startupRole:FOLLOWER, s1|rpc:localhost:33527|admin:localhost:45333|client:localhost:40903|dataStream:localhost:39123|priority:0|startupRole:FOLLOWER, s2|rpc:localhost:33759|admin:localhost:36757|client:localhost:34851|dataStream:localhost:37251|priority:0|startupRole:FOLLOWER]|listeners:[], old=null
2023-03-14 08:39:14,275 [grpc-default-executor-7] INFO  leader.FollowerInfo (FollowerInfoImpl.java:lambda$new$0(52)) - s1@group-D228F8B5DB78->s4: decreaseNextIndex nextIndex: updateUnconditionally 5 -> 4
2023-03-14 08:39:14,269 [MiniRaftCluster-72] INFO  server.GrpcService (GrpcService.java:closeImpl(311)) - s4: shutdown server GrpcServerProtocolService now
2023-03-14 08:39:14,276 [s2-server-thread1] DEBUG server.RaftServer$Division (RaftServerImpl.java:logAppendEntries(1430)) - s2@group-D228F8B5DB78: succeeded to handle AppendEntries. Reply: s1<-s2#30785:OK-t1,SUCCESS,nextIndex=5,followerCommit=3,matchIndex=4
2023-03-14 08:39:14,277 [s0-server-thread1] DEBUG server.RaftServer$Division (RaftServerImpl.java:logAppendEntries(1430)) - s0@group-D228F8B5DB78: receive appendEntries(s1, 1, (t:1, i:3), 3, true, commits:[s1:c3, s0:c1, s2:c1, s3:c1, s4:c1], cId:30387, entries: [(t:1, i:4), METADATAENTRY(c:3)]
2023-03-14 08:39:14,277 [s0-server-thread1] DEBUG server.RaftServer$Division (RaftServerImpl.java:logAppendEntries(1430)) - s0@group-D228F8B5DB78: succeeded to handle AppendEntries. Reply: s1<-s0#30387:OK-t1,SUCCESS,nextIndex=5,followerCommit=3,matchIndex=4
2023-03-14 08:39:14,280 [grpc-default-executor-6] WARN  server.GrpcServerProtocolService (LogUtils.java:warn(124)) - s4: Failed APPEND_ENTRIES request s1->s4#1627-t1,previous=(t:1, i:3),leaderCommit=3,initializing? true,entries: size=1, first=(t:1, i:4), METADATAENTRY(c:3)
java.util.concurrent.CompletionException: org.apache.ratis.protocol.exceptions.ServerNotReadyException: s4@group-D228F8B5DB78 is not in [STARTING, RUNNING]: current state is CLOSING
	at org.apache.ratis.util.JavaUtils.callAsUnchecked(JavaUtils.java:121)
	at org.apache.ratis.server.impl.RaftServerImpl.lambda$executeSubmitServerRequestAsync$11(RaftServerImpl.java:821)
	at java.base/java.util.concurrent.CompletableFuture$AsyncSupply.run(CompletableFuture.java:1700)
	at java.base/java.util.concurrent.ThreadPoolExecutor.runWorker(ThreadPoolExecutor.java:1128)
	at java.base/java.util.concurrent.ThreadPoolExecutor$Worker.run(ThreadPoolExecutor.java:628)
	at java.base/java.lang.Thread.run(Thread.java:829)
Caused by: org.apache.ratis.protocol.exceptions.ServerNotReadyException: s4@group-D228F8B5DB78 is not in [STARTING, RUNNING]: current state is CLOSING
	at org.apache.ratis.server.impl.RaftServerImpl.lambda$assertLifeCycleState$9(RaftServerImpl.java:745)
	at org.apache.ratis.util.LifeCycle.assertCurrentState(LifeCycle.java:253)
	at org.apache.ratis.server.impl.RaftServerImpl.assertLifeCycleState(RaftServerImpl.java:744)
	at org.apache.ratis.server.impl.RaftServerImpl.preAppendEntriesAsync(RaftServerImpl.java:1450)
	at org.apache.ratis.server.impl.RaftServerImpl.appendEntriesAsync(RaftServerImpl.java:1394)
	at org.apache.ratis.server.impl.RaftServerProxy.lambda$appendEntriesAsync$26(RaftServerProxy.java:639)
	at org.apache.ratis.util.JavaUtils.callAsUnchecked(JavaUtils.java:117)
	... 5 more
2023-03-14 08:39:14,300 [MiniRaftCluster-75] INFO  server.RaftServer (RaftServerProxy.java:lambda$close$7(417)) - s2: close
2023-03-14 08:39:14,335 [MiniRaftCluster-75] INFO  server.GrpcService (GrpcService.java:closeImpl(311)) - s2: shutdown server org.apache.ratis.grpc.server.GrpcClientProtocolService now
2023-03-14 08:39:14,335 [grpc-default-executor-6] WARN  server.GrpcServerProtocolService (LogUtils.java:warn(122)) - s4: APPEND_ENTRIES onError, lastRequest: s1->s4#1627-t1,previous=(t:1, i:3),leaderCommit=3,initializing? true,entries: size=1, first=(t:1, i:4), METADATAENTRY(c:3): org.apache.ratis.thirdparty.io.grpc.StatusRuntimeException: CANCELLED: client cancelled
2023-03-14 08:39:14,300 [MiniRaftCluster-73] INFO  server.RaftServer (RaftServerProxy.java:lambda$close$7(417)) - s0: close
2023-03-14 08:39:14,335 [MiniRaftCluster-73] INFO  server.GrpcService (GrpcService.java:closeImpl(311)) - s0: shutdown server org.apache.ratis.grpc.server.GrpcClientProtocolService now
2023-03-14 08:39:14,300 [MiniRaftCluster-74] INFO  server.RaftServer (RaftServerProxy.java:lambda$close$7(417)) - s1: close
2023-03-14 08:39:14,335 [MiniRaftCluster-74] INFO  server.GrpcService (GrpcService.java:closeImpl(311)) - s1: shutdown server org.apache.ratis.grpc.server.GrpcClientProtocolService now
2023-03-14 08:39:14,335 [s0-impl-thread1] INFO  server.RaftServer$Division (RaftServerImpl.java:lambda$close$4(466)) - s0@group-D228F8B5DB78: shutdown
2023-03-14 08:39:14,292 [grpc-default-executor-2] WARN  server.GrpcLogAppender (LogUtils.java:warn(122)) - s1@group-D228F8B5DB78->s4-AppendLogResponseHandler: Failed appendEntries: org.apache.ratis.thirdparty.io.grpc.StatusRuntimeException: CANCELLED: RST_STREAM closed stream. HTTP/2 error code: CANCEL
2023-03-14 08:39:14,335 [s1-impl-thread1] INFO  server.RaftServer$Division (RaftServerImpl.java:lambda$close$4(466)) - s1@group-D228F8B5DB78: shutdown
2023-03-14 08:39:14,335 [grpc-default-executor-2] INFO  leader.FollowerInfo (FollowerInfoImpl.java:lambda$new$0(52)) - s1@group-D228F8B5DB78->s4: decreaseNextIndex nextIndex: updateUnconditionally 5 -> 4
2023-03-14 08:39:14,291 [grpc-default-executor-3] WARN  server.GrpcLogAppender (LogUtils.java:warn(122)) - s1@group-D228F8B5DB78->s4-AppendLogResponseHandler: Failed appendEntries: org.apache.ratis.thirdparty.io.grpc.StatusRuntimeException: CANCELLED: RST_STREAM closed stream. HTTP/2 error code: CANCEL
2023-03-14 08:39:14,335 [grpc-default-executor-3] INFO  leader.FollowerInfo (FollowerInfoImpl.java:lambda$new$0(52)) - s1@group-D228F8B5DB78->s4: decreaseNextIndex nextIndex: updateUnconditionally 4 -> 3
2023-03-14 08:39:14,291 [grpc-default-executor-9] WARN  server.GrpcServerProtocolService (LogUtils.java:warn(122)) - s4: APPEND_ENTRIES onError, lastRequest: null: org.apache.ratis.thirdparty.io.grpc.StatusRuntimeException: CANCELLED: client cancelled
2023-03-14 08:39:14,291 [grpc-default-executor-5] WARN  server.GrpcServerProtocolService (LogUtils.java:warn(122)) - s4: APPEND_ENTRIES onError, lastRequest: null: org.apache.ratis.thirdparty.io.grpc.StatusRuntimeException: CANCELLED: client cancelled
2023-03-14 08:39:14,291 [grpc-default-executor-0] WARN  server.GrpcLogAppender (LogUtils.java:warn(122)) - s1@group-D228F8B5DB78->s3-AppendLogResponseHandler: Failed appendEntries: org.apache.ratis.thirdparty.io.grpc.StatusRuntimeException: CANCELLED: RST_STREAM closed stream. HTTP/2 error code: CANCEL
2023-03-14 08:39:14,335 [grpc-default-executor-0] INFO  leader.FollowerInfo (FollowerInfoImpl.java:lambda$new$0(52)) - s1@group-D228F8B5DB78->s3: decreaseNextIndex nextIndex: updateUnconditionally 5 -> 4
2023-03-14 08:39:14,291 [grpc-default-executor-8] WARN  server.GrpcLogAppender (LogUtils.java:warn(122)) - s1@group-D228F8B5DB78->s3-AppendLogResponseHandler: Failed appendEntries: org.apache.ratis.thirdparty.io.grpc.StatusRuntimeException: CANCELLED: RST_STREAM closed stream. HTTP/2 error code: CANCEL
2023-03-14 08:39:14,335 [grpc-default-executor-8] INFO  leader.FollowerInfo (FollowerInfoImpl.java:lambda$new$0(52)) - s1@group-D228F8B5DB78->s3: decreaseNextIndex nextIndex: updateUnconditionally 4 -> 3
2023-03-14 08:39:14,291 [grpc-default-executor-1] WARN  server.GrpcServerProtocolService (LogUtils.java:warn(122)) - s3: APPEND_ENTRIES onError, lastRequest: null: org.apache.ratis.thirdparty.io.grpc.StatusRuntimeException: CANCELLED: client cancelled
2023-03-14 08:39:14,289 [grpc-default-executor-7] WARN  server.GrpcServerProtocolService (LogUtils.java:warn(122)) - s3: APPEND_ENTRIES onError, lastRequest: s1->s3#2451-t1,previous=(t:1, i:3),leaderCommit=3,initializing? true,entries: size=1, first=(t:1, i:4), METADATAENTRY(c:3): org.apache.ratis.thirdparty.io.grpc.StatusRuntimeException: CANCELLED: client cancelled
2023-03-14 08:39:14,335 [s1-impl-thread1] INFO  util.JmxRegister (JmxRegister.java:unregister(73)) - Successfully un-registered JMX Bean with object name Ratis:service=RaftServer,group=group-D228F8B5DB78,id=s1
2023-03-14 08:39:14,336 [s1-impl-thread1] INFO  impl.RoleInfo (RoleInfo.java:shutdownLeaderState(93)) - s1: shutdown s1@group-D228F8B5DB78-LeaderStateImpl
2023-03-14 08:39:14,336 [s1-impl-thread1] INFO  impl.PendingRequests (PendingRequests.java:sendNotLeaderResponses(282)) - s1@group-D228F8B5DB78-PendingRequests: sendNotLeaderResponses
2023-03-14 08:39:14,336 [s1-impl-thread1] INFO  impl.StateMachineUpdater (StateMachineUpdater.java:stopAndJoin(154)) - s1@group-D228F8B5DB78-StateMachineUpdater: set stopIndex = 4
2023-03-14 08:39:14,335 [s0-impl-thread1] INFO  util.JmxRegister (JmxRegister.java:unregister(73)) - Successfully un-registered JMX Bean with object name Ratis:service=RaftServer,group=group-D228F8B5DB78,id=s0
2023-03-14 08:39:14,336 [s0-impl-thread1] INFO  impl.RoleInfo (RoleInfo.java:shutdownFollowerState(110)) - s0: shutdown s0@group-D228F8B5DB78-FollowerState
2023-03-14 08:39:14,336 [s0-impl-thread1] INFO  impl.StateMachineUpdater (StateMachineUpdater.java:stopAndJoin(154)) - s0@group-D228F8B5DB78-StateMachineUpdater: set stopIndex = 3
2023-03-14 08:39:14,336 [s0@group-D228F8B5DB78-FollowerState] INFO  impl.FollowerState (FollowerState.java:run(152)) - s0@group-D228F8B5DB78-FollowerState was interrupted
2023-03-14 08:39:14,335 [s2-impl-thread1] INFO  server.RaftServer$Division (RaftServerImpl.java:lambda$close$4(466)) - s2@group-D228F8B5DB78: shutdown
2023-03-14 08:39:14,336 [s2-impl-thread1] INFO  util.JmxRegister (JmxRegister.java:unregister(73)) - Successfully un-registered JMX Bean with object name Ratis:service=RaftServer,group=group-D228F8B5DB78,id=s2
2023-03-14 08:39:14,336 [s2-impl-thread1] INFO  impl.RoleInfo (RoleInfo.java:shutdownFollowerState(110)) - s2: shutdown s2@group-D228F8B5DB78-FollowerState
2023-03-14 08:39:14,336 [s2-impl-thread1] INFO  impl.StateMachineUpdater (StateMachineUpdater.java:stopAndJoin(154)) - s2@group-D228F8B5DB78-StateMachineUpdater: set stopIndex = 3
2023-03-14 08:39:14,336 [s2@group-D228F8B5DB78-FollowerState] INFO  impl.FollowerState (FollowerState.java:run(152)) - s2@group-D228F8B5DB78-FollowerState was interrupted
2023-03-14 08:39:14,336 [s2-impl-thread1] INFO  server.RaftServer$Division (ServerState.java:close(414)) - s2@group-D228F8B5DB78: applyIndex: 3
2023-03-14 08:39:14,336 [s0-impl-thread1] INFO  server.RaftServer$Division (ServerState.java:close(414)) - s0@group-D228F8B5DB78: applyIndex: 3
2023-03-14 08:39:14,336 [s1-impl-thread1] INFO  server.RaftServer$Division (ServerState.java:close(414)) - s1@group-D228F8B5DB78: applyIndex: 4
2023-03-14 08:39:14,337 [MiniRaftCluster-72] INFO  server.GrpcService (GrpcService.java:closeImpl(320)) - s4: shutdown server GrpcServerProtocolService successfully
2023-03-14 08:39:14,337 [s1@group-D228F8B5DB78->s0-GrpcLogAppender-LogAppenderDaemon] ERROR leader.LogAppenderDaemon (LogAppenderDaemon.java:run(87)) - s1@group-D228F8B5DB78->s0-GrpcLogAppender-LogAppenderDaemon failed
java.lang.IllegalStateException: s1@group-D228F8B5DB78-SegmentedRaftLog is expected to be opened but it is CLOSED
	at org.apache.ratis.util.OpenCloseState.assertOpen(OpenCloseState.java:63)
	at org.apache.ratis.server.raftlog.RaftLogBase.checkLogState(RaftLogBase.java:111)
	at org.apache.ratis.server.raftlog.segmented.SegmentedRaftLog.getLastEntryTermIndex(SegmentedRaftLog.java:341)
	at org.apache.ratis.server.raftlog.RaftLog.getNextIndex(RaftLog.java:83)
	at org.apache.ratis.server.leader.LogAppenderBase.newAppendEntriesRequest(LogAppenderBase.java:193)
	at org.apache.ratis.grpc.server.GrpcLogAppender.appendLog(GrpcLogAppender.java:261)
	at org.apache.ratis.grpc.server.GrpcLogAppender.run(GrpcLogAppender.java:159)
	at org.apache.ratis.server.leader.LogAppenderDaemon.run(LogAppenderDaemon.java:78)
	at java.base/java.lang.Thread.run(Thread.java:829)
Caused by: org.apache.ratis.util.OpenCloseState$CloseTrace: Close s1@group-D228F8B5DB78-SegmentedRaftLog
	at org.apache.ratis.util.OpenCloseState.lambda$close$1(OpenCloseState.java:109)
	at java.base/java.util.concurrent.atomic.AtomicReference.getAndUpdate(AtomicReference.java:187)
	at org.apache.ratis.util.OpenCloseState.close(OpenCloseState.java:109)
	at org.apache.ratis.server.raftlog.RaftLogBase.close(RaftLogBase.java:365)
	at org.apache.ratis.server.raftlog.segmented.SegmentedRaftLog.close(SegmentedRaftLog.java:505)
	at org.apache.ratis.server.impl.ServerState.close(ServerState.java:418)
	at org.apache.ratis.server.impl.RaftServerImpl.lambda$close$4(RaftServerImpl.java:488)
	at org.apache.ratis.util.LifeCycle.lambda$checkStateAndClose$4(LifeCycle.java:299)
	at org.apache.ratis.util.LifeCycle.checkStateAndClose(LifeCycle.java:319)
	at org.apache.ratis.util.LifeCycle.checkStateAndClose(LifeCycle.java:297)
	at org.apache.ratis.server.impl.RaftServerImpl.close(RaftServerImpl.java:465)
	at org.apache.ratis.server.impl.RaftServerProxy$ImplMap.close(RaftServerProxy.java:135)
	at org.apache.ratis.server.impl.RaftServerProxy$ImplMap.lambda$close$0(RaftServerProxy.java:122)
	at org.apache.ratis.util.ConcurrentUtils.accept(ConcurrentUtils.java:188)
	at org.apache.ratis.util.ConcurrentUtils.lambda$parallelForEachAsync$4(ConcurrentUtils.java:180)
	at java.base/java.util.concurrent.ThreadPoolExecutor.runWorker(ThreadPoolExecutor.java:1128)
	at java.base/java.util.concurrent.ThreadPoolExecutor$Worker.run(ThreadPoolExecutor.java:628)
	... 1 more
2023-03-14 08:39:14,341 [Thread-2027] INFO  server.GrpcServerProtocolClient (GrpcServerProtocolClient.java:close(102)) - s2 Close channels
2023-03-14 08:39:14,340 [grpc-default-executor-1] INFO  server.GrpcServerProtocolService (GrpcServerProtocolService.java:onCompleted(145)) - s2: Completed APPEND_ENTRIES, lastRequest: null
2023-03-14 08:39:14,340 [grpc-default-executor-10] INFO  server.GrpcLogAppender (GrpcLogAppender.java:onError(406)) - s1@group-D228F8B5DB78->s4-GrpcLogAppender is already stopped
2023-03-14 08:39:14,340 [s1@group-D228F8B5DB78->s4-GrpcLogAppender-LogAppenderDaemon] WARN  server.GrpcLogAppender (GrpcLogAppender.java:mayWait(190)) - s1@group-D228F8B5DB78->s4-GrpcLogAppender: Wait interrupted by java.lang.InterruptedException
2023-03-14 08:39:14,340 [Thread-2025] INFO  server.GrpcServerProtocolClient (GrpcServerProtocolClient.java:close(102)) - s0 Close channels
2023-03-14 08:39:14,337 [Thread-2024] INFO  server.GrpcServerProtocolClient (GrpcServerProtocolClient.java:close(102)) - s4 Close channels
2023-03-14 08:39:14,337 [Thread-2021] INFO  server.GrpcServerProtocolClient (GrpcServerProtocolClient.java:close(102)) - s3 Close channels
2023-03-14 08:39:14,337 [grpc-default-executor-7] INFO  server.GrpcServerProtocolService (GrpcServerProtocolService.java:onCompleted(145)) - s2: Completed APPEND_ENTRIES, lastRequest: s1->s2#30785-t1,previous=(t:1, i:2),leaderCommit=3,initializing? true,entries: size=2, first=(t:1, i:3), CONFIGURATIONENTRY(current:id: "s3"
address: "0.0.0.0:46073"
clientAddress: "0.0.0.0:46073"
adminAddress: "0.0.0.0:46073"
startupRole: FOLLOWER
,id: "s4"
address: "0.0.0.0:35767"
clientAddress: "0.0.0.0:35767"
adminAddress: "0.0.0.0:35767"
startupRole: FOLLOWER
,id: "s0"
address: "localhost:41583"
dataStreamAddress: "localhost:36865"
clientAddress: "localhost:36257"
adminAddress: "localhost:33921"
startupRole: FOLLOWER
,id: "s1"
address: "localhost:33527"
dataStreamAddress: "localhost:39123"
clientAddress: "localhost:40903"
adminAddress: "localhost:45333"
startupRole: FOLLOWER
,id: "s2"
address: "localhost:33759"
dataStreamAddress: "localhost:37251"
clientAddress: "localhost:34851"
adminAddress: "localhost:36757"
startupRole: FOLLOWER
, old:)
2023-03-14 08:39:14,346 [grpc-default-executor-10] INFO  server.GrpcLogAppender (GrpcLogAppender.java:onCompleted(417)) - s1@group-D228F8B5DB78->s2-AppendLogResponseHandler: follower responses appendEntries COMPLETED
2023-03-14 08:39:14,346 [grpc-default-executor-10] WARN  server.GrpcLogAppender (GrpcLogAppender.java:resetClient(128)) - s1@group-D228F8B5DB78->s2-GrpcLogAppender: Failed to getClient for s2
org.apache.ratis.protocol.exceptions.AlreadyClosedException: s1 is already CLOSED
	at org.apache.ratis.util.PeerProxyMap$PeerAndProxy.getProxy(PeerProxyMap.java:61)
	at org.apache.ratis.util.PeerProxyMap.getProxy(PeerProxyMap.java:115)
	at org.apache.ratis.grpc.server.GrpcLogAppender.getClient(GrpcLogAppender.java:106)
	at org.apache.ratis.grpc.server.GrpcLogAppender.resetClient(GrpcLogAppender.java:111)
	at org.apache.ratis.grpc.server.GrpcLogAppender.access$500(GrpcLogAppender.java:55)
	at org.apache.ratis.grpc.server.GrpcLogAppender$AppendLogResponseHandler.onCompleted(GrpcLogAppender.java:418)
	at org.apache.ratis.thirdparty.io.grpc.stub.ClientCalls$StreamObserverToCallListenerAdapter.onClose(ClientCalls.java:485)
	at org.apache.ratis.thirdparty.io.grpc.internal.ClientCallImpl.closeObserver(ClientCallImpl.java:562)
	at org.apache.ratis.thirdparty.io.grpc.internal.ClientCallImpl.access$300(ClientCallImpl.java:70)
	at org.apache.ratis.thirdparty.io.grpc.internal.ClientCallImpl$ClientStreamListenerImpl$1StreamClosed.runInternal(ClientCallImpl.java:743)
	at org.apache.ratis.thirdparty.io.grpc.internal.ClientCallImpl$ClientStreamListenerImpl$1StreamClosed.runInContext(ClientCallImpl.java:722)
	at org.apache.ratis.thirdparty.io.grpc.internal.ContextRunnable.run(ContextRunnable.java:37)
	at org.apache.ratis.thirdparty.io.grpc.internal.SerializingExecutor.run(SerializingExecutor.java:133)
	at java.base/java.util.concurrent.ThreadPoolExecutor.runWorker(ThreadPoolExecutor.java:1128)
	at java.base/java.util.concurrent.ThreadPoolExecutor$Worker.run(ThreadPoolExecutor.java:628)
	at java.base/java.lang.Thread.run(Thread.java:829)
2023-03-14 08:39:14,337 [s1@group-D228F8B5DB78->s3-GrpcLogAppender-LogAppenderDaemon] ERROR leader.LogAppenderDaemon (LogAppenderDaemon.java:run(87)) - s1@group-D228F8B5DB78->s3-GrpcLogAppender-LogAppenderDaemon failed
java.lang.IllegalStateException: s1@group-D228F8B5DB78-SegmentedRaftLog is expected to be opened but it is CLOSED
	at org.apache.ratis.util.OpenCloseState.assertOpen(OpenCloseState.java:63)
	at org.apache.ratis.server.raftlog.RaftLogBase.checkLogState(RaftLogBase.java:111)
	at org.apache.ratis.server.raftlog.segmented.SegmentedRaftLog.getLastEntryTermIndex(SegmentedRaftLog.java:341)
	at org.apache.ratis.server.raftlog.RaftLog.getNextIndex(RaftLog.java:83)
	at org.apache.ratis.server.leader.LogAppenderBase.newAppendEntriesRequest(LogAppenderBase.java:193)
	at org.apache.ratis.grpc.server.GrpcLogAppender.appendLog(GrpcLogAppender.java:261)
	at org.apache.ratis.grpc.server.GrpcLogAppender.run(GrpcLogAppender.java:159)
	at org.apache.ratis.server.leader.LogAppenderDaemon.run(LogAppenderDaemon.java:78)
	at java.base/java.lang.Thread.run(Thread.java:829)
Caused by: org.apache.ratis.util.OpenCloseState$CloseTrace: Close s1@group-D228F8B5DB78-SegmentedRaftLog
	at org.apache.ratis.util.OpenCloseState.lambda$close$1(OpenCloseState.java:109)
	at java.base/java.util.concurrent.atomic.AtomicReference.getAndUpdate(AtomicReference.java:187)
	at org.apache.ratis.util.OpenCloseState.close(OpenCloseState.java:109)
	at org.apache.ratis.server.raftlog.RaftLogBase.close(RaftLogBase.java:365)
	at org.apache.ratis.server.raftlog.segmented.SegmentedRaftLog.close(SegmentedRaftLog.java:505)
	at org.apache.ratis.server.impl.ServerState.close(ServerState.java:418)
	at org.apache.ratis.server.impl.RaftServerImpl.lambda$close$4(RaftServerImpl.java:488)
	at org.apache.ratis.util.LifeCycle.lambda$checkStateAndClose$4(LifeCycle.java:299)
	at org.apache.ratis.util.LifeCycle.checkStateAndClose(LifeCycle.java:319)
	at org.apache.ratis.util.LifeCycle.checkStateAndClose(LifeCycle.java:297)
	at org.apache.ratis.server.impl.RaftServerImpl.close(RaftServerImpl.java:465)
	at org.apache.ratis.server.impl.RaftServerProxy$ImplMap.close(RaftServerProxy.java:135)
	at org.apache.ratis.server.impl.RaftServerProxy$ImplMap.lambda$close$0(RaftServerProxy.java:122)
	at org.apache.ratis.util.ConcurrentUtils.accept(ConcurrentUtils.java:188)
	at org.apache.ratis.util.ConcurrentUtils.lambda$parallelForEachAsync$4(ConcurrentUtils.java:180)
	at java.base/java.util.concurrent.ThreadPoolExecutor.runWorker(ThreadPoolExecutor.java:1128)
	at java.base/java.util.concurrent.ThreadPoolExecutor$Worker.run(ThreadPoolExecutor.java:628)
	... 1 more
2023-03-14 08:39:14,346 [grpc-default-executor-7] INFO  server.GrpcLogAppender (GrpcLogAppender.java:onCompleted(417)) - s1@group-D228F8B5DB78->s2-AppendLogResponseHandler: follower responses appendEntries COMPLETED
2023-03-14 08:39:14,346 [grpc-default-executor-7] WARN  server.GrpcLogAppender (GrpcLogAppender.java:resetClient(128)) - s1@group-D228F8B5DB78->s2-GrpcLogAppender: Failed to getClient for s2
org.apache.ratis.protocol.exceptions.AlreadyClosedException: s1 is already CLOSED
	at org.apache.ratis.util.PeerProxyMap$PeerAndProxy.getProxy(PeerProxyMap.java:61)
	at org.apache.ratis.util.PeerProxyMap.getProxy(PeerProxyMap.java:115)
	at org.apache.ratis.grpc.server.GrpcLogAppender.getClient(GrpcLogAppender.java:106)
	at org.apache.ratis.grpc.server.GrpcLogAppender.resetClient(GrpcLogAppender.java:111)
	at org.apache.ratis.grpc.server.GrpcLogAppender.access$500(GrpcLogAppender.java:55)
	at org.apache.ratis.grpc.server.GrpcLogAppender$AppendLogResponseHandler.onCompleted(GrpcLogAppender.java:418)
	at org.apache.ratis.thirdparty.io.grpc.stub.ClientCalls$StreamObserverToCallListenerAdapter.onClose(ClientCalls.java:485)
	at org.apache.ratis.thirdparty.io.grpc.internal.ClientCallImpl.closeObserver(ClientCallImpl.java:562)
	at org.apache.ratis.thirdparty.io.grpc.internal.ClientCallImpl.access$300(ClientCallImpl.java:70)
	at org.apache.ratis.thirdparty.io.grpc.internal.ClientCallImpl$ClientStreamListenerImpl$1StreamClosed.runInternal(ClientCallImpl.java:743)
	at org.apache.ratis.thirdparty.io.grpc.internal.ClientCallImpl$ClientStreamListenerImpl$1StreamClosed.runInContext(ClientCallImpl.java:722)
	at org.apache.ratis.thirdparty.io.grpc.internal.ContextRunnable.run(ContextRunnable.java:37)
	at org.apache.ratis.thirdparty.io.grpc.internal.SerializingExecutor.run(SerializingExecutor.java:133)
	at java.base/java.util.concurrent.ThreadPoolExecutor.runWorker(ThreadPoolExecutor.java:1128)
	at java.base/java.util.concurrent.ThreadPoolExecutor$Worker.run(ThreadPoolExecutor.java:628)
	at java.base/java.lang.Thread.run(Thread.java:829)
2023-03-14 08:39:14,347 [MiniRaftCluster-75] INFO  server.GrpcService (GrpcService.java:closeImpl(320)) - s2: shutdown server org.apache.ratis.grpc.server.GrpcClientProtocolService successfully
2023-03-14 08:39:14,347 [MiniRaftCluster-75] INFO  server.GrpcService (GrpcService.java:closeImpl(311)) - s2: shutdown server GrpcServerProtocolService now
2023-03-14 08:39:14,348 [MiniRaftCluster-73] INFO  server.GrpcService (GrpcService.java:closeImpl(320)) - s0: shutdown server org.apache.ratis.grpc.server.GrpcClientProtocolService successfully
2023-03-14 08:39:14,348 [MiniRaftCluster-73] INFO  server.GrpcService (GrpcService.java:closeImpl(311)) - s0: shutdown server GrpcServerProtocolService now
2023-03-14 08:39:14,348 [grpc-default-executor-7] WARN  server.GrpcServerProtocolService (LogUtils.java:warn(122)) - s0: APPEND_ENTRIES onError, lastRequest: null: org.apache.ratis.thirdparty.io.grpc.StatusRuntimeException: CANCELLED: client cancelled
2023-03-14 08:39:14,348 [grpc-default-executor-8] WARN  server.GrpcServerProtocolService (LogUtils.java:warn(122)) - s0: APPEND_ENTRIES onError, lastRequest: s1->s0#30387-t1,previous=(t:1, i:3),leaderCommit=3,initializing? true,entries: size=1, first=(t:1, i:4), METADATAENTRY(c:3): org.apache.ratis.thirdparty.io.grpc.StatusRuntimeException: CANCELLED: client cancelled
2023-03-14 08:39:14,349 [grpc-default-executor-5] INFO  server.GrpcLogAppender (GrpcLogAppender.java:onError(406)) - s1@group-D228F8B5DB78->s0-GrpcLogAppender is already stopped
2023-03-14 08:39:14,349 [MiniRaftCluster-74] INFO  server.GrpcService (GrpcService.java:closeImpl(320)) - s1: shutdown server org.apache.ratis.grpc.server.GrpcClientProtocolService successfully
2023-03-14 08:39:14,349 [MiniRaftCluster-74] INFO  server.GrpcService (GrpcService.java:closeImpl(311)) - s1: shutdown server GrpcServerProtocolService now
2023-03-14 08:39:14,351 [grpc-default-executor-0] INFO  server.GrpcLogAppender (GrpcLogAppender.java:onError(406)) - s1@group-D228F8B5DB78->s0-GrpcLogAppender is already stopped
2023-03-14 08:39:14,351 [MiniRaftCluster-75] INFO  server.GrpcService (GrpcService.java:closeImpl(320)) - s2: shutdown server GrpcServerProtocolService successfully
2023-03-14 08:39:14,351 [MiniRaftCluster-75] INFO  server.GrpcService (GrpcService.java:closeImpl(311)) - s2: shutdown server org.apache.ratis.grpc.server.GrpcAdminProtocolService now
2023-03-14 08:39:14,352 [MiniRaftCluster-71] INFO  server.GrpcService (GrpcService.java:closeImpl(320)) - s3: shutdown server GrpcServerProtocolService successfully
2023-03-14 08:39:14,352 [MiniRaftCluster-75] INFO  server.GrpcService (GrpcService.java:closeImpl(320)) - s2: shutdown server org.apache.ratis.grpc.server.GrpcAdminProtocolService successfully
2023-03-14 08:39:14,356 [MiniRaftCluster-74] INFO  server.GrpcService (GrpcService.java:closeImpl(320)) - s1: shutdown server GrpcServerProtocolService successfully
2023-03-14 08:39:14,356 [MiniRaftCluster-74] INFO  server.GrpcService (GrpcService.java:closeImpl(311)) - s1: shutdown server org.apache.ratis.grpc.server.GrpcAdminProtocolService now
2023-03-14 08:39:14,357 [MiniRaftCluster-73] INFO  server.GrpcService (GrpcService.java:closeImpl(320)) - s0: shutdown server GrpcServerProtocolService successfully
2023-03-14 08:39:14,357 [MiniRaftCluster-73] INFO  server.GrpcService (GrpcService.java:closeImpl(311)) - s0: shutdown server org.apache.ratis.grpc.server.GrpcAdminProtocolService now
2023-03-14 08:39:14,358 [MiniRaftCluster-74] INFO  server.GrpcService (GrpcService.java:closeImpl(320)) - s1: shutdown server org.apache.ratis.grpc.server.GrpcAdminProtocolService successfully
2023-03-14 08:39:14,358 [MiniRaftCluster-73] INFO  server.GrpcService (GrpcService.java:closeImpl(320)) - s0: shutdown server org.apache.ratis.grpc.server.GrpcAdminProtocolService successfully
2023-03-14 08:39:15,259 [s4-impl-thread1] INFO  segmented.SegmentedRaftLogWorker (SegmentedRaftLogWorker.java:close(242)) - s4@group-D228F8B5DB78-SegmentedRaftLogWorker close()
2023-03-14 08:39:15,260 [JvmPauseMonitor67] INFO  util.JvmPauseMonitor (JvmPauseMonitor.java:run(109)) - JvmPauseMonitor-s4: Stopped
2023-03-14 08:39:15,260 [s1-impl-thread1] INFO  segmented.SegmentedRaftLogWorker (SegmentedRaftLogWorker.java:close(242)) - s1@group-D228F8B5DB78-SegmentedRaftLogWorker close()
2023-03-14 08:39:15,260 [JvmPauseMonitor64] INFO  util.JvmPauseMonitor (JvmPauseMonitor.java:run(109)) - JvmPauseMonitor-s1: Stopped
2023-03-14 08:39:15,268 [s3-impl-thread1] INFO  segmented.SegmentedRaftLogWorker (SegmentedRaftLogWorker.java:close(242)) - s3@group-D228F8B5DB78-SegmentedRaftLogWorker close()
2023-03-14 08:39:15,268 [JvmPauseMonitor66] INFO  util.JvmPauseMonitor (JvmPauseMonitor.java:run(109)) - JvmPauseMonitor-s3: Stopped
2023-03-14 08:39:15,277 [s2-impl-thread1] INFO  segmented.SegmentedRaftLogWorker (SegmentedRaftLogWorker.java:close(242)) - s2@group-D228F8B5DB78-SegmentedRaftLogWorker close()
2023-03-14 08:39:15,277 [JvmPauseMonitor65] INFO  util.JvmPauseMonitor (JvmPauseMonitor.java:run(109)) - JvmPauseMonitor-s2: Stopped
2023-03-14 08:39:15,278 [s0-impl-thread1] INFO  segmented.SegmentedRaftLogWorker (SegmentedRaftLogWorker.java:close(242)) - s0@group-D228F8B5DB78-SegmentedRaftLogWorker close()
2023-03-14 08:39:15,278 [JvmPauseMonitor63] INFO  util.JvmPauseMonitor (JvmPauseMonitor.java:run(109)) - JvmPauseMonitor-s0: Stopped
]]></system-out>
  </testcase>
  <testcase name="testReconfTimeout" classname="org.apache.ratis.grpc.TestRaftReconfigurationWithGrpc" time="3.231">
    <failure message="Unexpected exit." type="java.lang.AssertionError">java.lang.AssertionError: Unexpected exit.
	at org.apache.ratis.util.ExitUtils.assertNotTerminated(ExitUtils.java:109)
	at org.apache.ratis.BaseTest.assertNoFailures(BaseTest.java:89)
	at java.base/jdk.internal.reflect.NativeMethodAccessorImpl.invoke0(Native Method)
	at java.base/jdk.internal.reflect.NativeMethodAccessorImpl.invoke(NativeMethodAccessorImpl.java:62)
	at java.base/jdk.internal.reflect.DelegatingMethodAccessorImpl.invoke(DelegatingMethodAccessorImpl.java:43)
	at java.base/java.lang.reflect.Method.invoke(Method.java:566)
	at org.junit.runners.model.FrameworkMethod$1.runReflectiveCall(FrameworkMethod.java:59)
	at org.junit.internal.runners.model.ReflectiveCallable.run(ReflectiveCallable.java:12)
	at org.junit.runners.model.FrameworkMethod.invokeExplosively(FrameworkMethod.java:56)
	at org.junit.internal.runners.statements.RunAfters.invokeMethod(RunAfters.java:46)
	at org.junit.internal.runners.statements.RunAfters.evaluate(RunAfters.java:33)
	at org.junit.internal.runners.statements.FailOnTimeout$CallableStatement.call(FailOnTimeout.java:299)
	at org.junit.internal.runners.statements.FailOnTimeout$CallableStatement.call(FailOnTimeout.java:293)
	at java.base/java.util.concurrent.FutureTask.run(FutureTask.java:264)
	at java.base/java.lang.Thread.run(Thread.java:829)
Caused by: org.apache.ratis.util.ExitUtils$ExitException: Failed to start Grpc server
	at org.apache.ratis.util.ExitUtils.terminate(ExitUtils.java:141)
	at org.apache.ratis.util.ExitUtils.terminate(ExitUtils.java:151)
	at org.apache.ratis.grpc.server.GrpcService.startImpl(GrpcService.java:300)
	at org.apache.ratis.util.LifeCycle.startAndTransition(LifeCycle.java:270)
	at org.apache.ratis.server.RaftServerRpcWithProxy.start(RaftServerRpcWithProxy.java:72)
	at org.apache.ratis.server.impl.RaftServerProxy.startImpl(RaftServerProxy.java:402)
	at org.apache.ratis.util.LifeCycle.startAndTransition(LifeCycle.java:270)
	at org.apache.ratis.server.impl.RaftServerProxy.start(RaftServerProxy.java:395)
	at org.apache.ratis.server.impl.MiniRaftCluster.startServers(MiniRaftCluster.java:499)
	at org.apache.ratis.server.impl.MiniRaftCluster.start(MiniRaftCluster.java:346)
	at org.apache.ratis.server.impl.MiniRaftCluster.restart(MiniRaftCluster.java:374)
	at org.apache.ratis.server.impl.RaftReconfigurationBaseTest.lambda$testRestorePriority$0(RaftReconfigurationBaseTest.java:123)
	at org.apache.ratis.server.impl.MiniRaftCluster$Factory$Get.runWithNewCluster(MiniRaftCluster.java:141)
	at org.apache.ratis.server.impl.MiniRaftCluster$Factory$Get.runWithNewCluster(MiniRaftCluster.java:121)
	at org.apache.ratis.server.impl.RaftReconfigurationBaseTest.testRestorePriority(RaftReconfigurationBaseTest.java:100)
	at java.base/jdk.internal.reflect.NativeMethodAccessorImpl.invoke0(Native Method)
	at java.base/jdk.internal.reflect.NativeMethodAccessorImpl.invoke(NativeMethodAccessorImpl.java:62)
	at java.base/jdk.internal.reflect.DelegatingMethodAccessorImpl.invoke(DelegatingMethodAccessorImpl.java:43)
	at java.base/java.lang.reflect.Method.invoke(Method.java:566)
	at org.junit.runners.model.FrameworkMethod$1.runReflectiveCall(FrameworkMethod.java:59)
	at org.junit.internal.runners.model.ReflectiveCallable.run(ReflectiveCallable.java:12)
	at org.junit.runners.model.FrameworkMethod.invokeExplosively(FrameworkMethod.java:56)
	at org.junit.internal.runners.statements.InvokeMethod.evaluate(InvokeMethod.java:17)
	at org.junit.internal.runners.statements.RunAfters.evaluate(RunAfters.java:27)
	... 4 more
Caused by: java.io.IOException: Failed to bind to address 0.0.0.0/0.0.0.0:46109
	at org.apache.ratis.thirdparty.io.grpc.netty.NettyServer.start(NettyServer.java:328)
	at org.apache.ratis.thirdparty.io.grpc.internal.ServerImpl.start(ServerImpl.java:183)
	at org.apache.ratis.thirdparty.io.grpc.internal.ServerImpl.start(ServerImpl.java:92)
	at org.apache.ratis.grpc.server.GrpcService.startImpl(GrpcService.java:298)
	... 25 more
Caused by: org.apache.ratis.thirdparty.io.netty.channel.unix.Errors$NativeIoException: bind(..) failed: Address already in use
</failure>
  </testcase>
  <testcase name="testBootstrapReconfWithSingleNodeAddOne" classname="org.apache.ratis.grpc.TestRaftReconfigurationWithGrpc" time="2.644">
    <failure message="Unexpected exit." type="java.lang.AssertionError">java.lang.AssertionError: Unexpected exit.
	at org.apache.ratis.util.ExitUtils.assertNotTerminated(ExitUtils.java:109)
	at org.apache.ratis.server.impl.MiniRaftCluster.shutdown(MiniRaftCluster.java:854)
	at org.apache.ratis.server.impl.MiniRaftCluster$Factory$Get.runWithNewCluster(MiniRaftCluster.java:147)
	at org.apache.ratis.server.impl.MiniRaftCluster$Factory$Get.runWithNewCluster(MiniRaftCluster.java:121)
	at org.apache.ratis.server.impl.RaftReconfigurationBaseTest.testBootstrapReconfWithSingleNodeAddOne(RaftReconfigurationBaseTest.java:377)
	at java.base/jdk.internal.reflect.NativeMethodAccessorImpl.invoke0(Native Method)
	at java.base/jdk.internal.reflect.NativeMethodAccessorImpl.invoke(NativeMethodAccessorImpl.java:62)
	at java.base/jdk.internal.reflect.DelegatingMethodAccessorImpl.invoke(DelegatingMethodAccessorImpl.java:43)
	at java.base/java.lang.reflect.Method.invoke(Method.java:566)
	at org.junit.runners.model.FrameworkMethod$1.runReflectiveCall(FrameworkMethod.java:59)
	at org.junit.internal.runners.model.ReflectiveCallable.run(ReflectiveCallable.java:12)
	at org.junit.runners.model.FrameworkMethod.invokeExplosively(FrameworkMethod.java:56)
	at org.junit.internal.runners.statements.InvokeMethod.evaluate(InvokeMethod.java:17)
	at org.junit.internal.runners.statements.RunAfters.evaluate(RunAfters.java:27)
	at org.junit.internal.runners.statements.FailOnTimeout$CallableStatement.call(FailOnTimeout.java:299)
	at org.junit.internal.runners.statements.FailOnTimeout$CallableStatement.call(FailOnTimeout.java:293)
	at java.base/java.util.concurrent.FutureTask.run(FutureTask.java:264)
	at java.base/java.lang.Thread.run(Thread.java:829)
Caused by: org.apache.ratis.util.ExitUtils$ExitException: Failed to start Grpc server
	at org.apache.ratis.util.ExitUtils.terminate(ExitUtils.java:141)
	at org.apache.ratis.util.ExitUtils.terminate(ExitUtils.java:151)
	at org.apache.ratis.grpc.server.GrpcService.startImpl(GrpcService.java:300)
	at org.apache.ratis.util.LifeCycle.startAndTransition(LifeCycle.java:270)
	at org.apache.ratis.server.RaftServerRpcWithProxy.start(RaftServerRpcWithProxy.java:72)
	at org.apache.ratis.server.impl.RaftServerProxy.startImpl(RaftServerProxy.java:402)
	at org.apache.ratis.util.LifeCycle.startAndTransition(LifeCycle.java:270)
	at org.apache.ratis.server.impl.RaftServerProxy.start(RaftServerProxy.java:395)
	at org.apache.ratis.server.impl.MiniRaftCluster.startServers(MiniRaftCluster.java:499)
	at org.apache.ratis.server.impl.MiniRaftCluster.start(MiniRaftCluster.java:346)
	at org.apache.ratis.server.impl.MiniRaftCluster.restart(MiniRaftCluster.java:374)
	at org.apache.ratis.server.impl.RaftReconfigurationBaseTest.lambda$testRestorePriority$0(RaftReconfigurationBaseTest.java:123)
	at org.apache.ratis.server.impl.MiniRaftCluster$Factory$Get.runWithNewCluster(MiniRaftCluster.java:141)
	at org.apache.ratis.server.impl.MiniRaftCluster$Factory$Get.runWithNewCluster(MiniRaftCluster.java:121)
	at org.apache.ratis.server.impl.RaftReconfigurationBaseTest.testRestorePriority(RaftReconfigurationBaseTest.java:100)
	... 13 more
Caused by: java.io.IOException: Failed to bind to address 0.0.0.0/0.0.0.0:46109
	at org.apache.ratis.thirdparty.io.grpc.netty.NettyServer.start(NettyServer.java:328)
	at org.apache.ratis.thirdparty.io.grpc.internal.ServerImpl.start(ServerImpl.java:183)
	at org.apache.ratis.thirdparty.io.grpc.internal.ServerImpl.start(ServerImpl.java:92)
	at org.apache.ratis.grpc.server.GrpcService.startImpl(GrpcService.java:298)
	... 25 more
Caused by: org.apache.ratis.thirdparty.io.netty.channel.unix.Errors$NativeIoException: bind(..) failed: Address already in use
</failure>
    <system-out><![CDATA[2023-03-14 08:39:15,280 [main] INFO  util.LogUtils (Slf4jUtils.java:setLogLevel(38)) - Successfully set org.apache.ratis.conf.ConfUtils log level to WARN
2023-03-14 08:39:15,280 [main] INFO  util.LogUtils (Slf4jUtils.java:setLogLevel(38)) - Successfully set org.apache.ratis.util.FileUtils log level to TRACE
2023-03-14 08:39:15,281 [Time-limited test] INFO  impl.MiniRaftCluster (MiniRaftCluster.java:runWithNewCluster(135)) - Running runWithNewCluster
2023-03-14 08:39:15,281 [Time-limited test] INFO  impl.MiniRaftCluster (MiniRaftCluster.java:<init>(306)) - new MiniRaftClusterWithGrpc with group-BD63D5292BF3:[s0|rpc:localhost:34889|admin:localhost:41905|client:localhost:43285|dataStream:localhost:35447|priority:0|startupRole:FOLLOWER]
2023-03-14 08:39:15,281 [Time-limited test] INFO  impl.MiniRaftCluster (MiniRaftCluster.java:start(339)) - .............................................................. 
2023-03-14 08:39:15,281 [Time-limited test] INFO  impl.MiniRaftCluster (MiniRaftCluster.java:start(340)) - ... 
2023-03-14 08:39:15,281 [Time-limited test] INFO  impl.MiniRaftCluster (MiniRaftCluster.java:start(341)) - ...     Starting MiniRaftClusterWithGrpc
2023-03-14 08:39:15,281 [Time-limited test] INFO  impl.MiniRaftCluster (MiniRaftCluster.java:start(342)) - ... 
2023-03-14 08:39:15,281 [Time-limited test] INFO  impl.MiniRaftCluster (MiniRaftCluster.java:start(343)) - .............................................................. 
2023-03-14 08:39:15,282 [Time-limited test] INFO  impl.MiniRaftCluster (MiniRaftCluster.java:initServers(318)) - servers = {}
2023-03-14 08:39:15,282 [Time-limited test] INFO  impl.MiniRaftCluster (MiniRaftCluster.java:newRaftServer(382)) - newRaftServer: s0, group-BD63D5292BF3:[s0|rpc:localhost:34889|admin:localhost:41905|client:localhost:43285|dataStream:localhost:35447|priority:0|startupRole:FOLLOWER], format? true
2023-03-14 08:39:15,282 [Time-limited test] TRACE util.FileUtils (FileUtils.java:deleteFully(201)) - deleteFully target/test/data/be523d36/MiniRaftClusterWithGrpc102000d5/s0
2023-03-14 08:39:15,282 [Time-limited test] TRACE util.FileUtils (FileUtils.java:deleteFully(217)) - deleteFully: target/test/data/be523d36/MiniRaftClusterWithGrpc102000d5/s0 does not exist.
2023-03-14 08:39:15,282 [Time-limited test] INFO  impl.MiniRaftCluster (MiniRaftCluster.java:newRaftServer(387)) - Formatted directory target/test/data/be523d36/MiniRaftClusterWithGrpc102000d5/s0
2023-03-14 08:39:15,282 [Time-limited test] INFO  server.RaftServer (ConfUtils.java:logGet(46)) - raft.rpc.type = GRPC (default)
2023-03-14 08:39:15,282 [Time-limited test] INFO  grpc.GrpcConfigKeys (ConfUtils.java:logFallback(53)) - raft.grpc.admin.host = null (fallback to raft.grpc.server.host)
2023-03-14 08:39:15,282 [Time-limited test] INFO  grpc.GrpcConfigKeys (ConfUtils.java:logGet(46)) - raft.grpc.admin.port = 41905 (custom)
2023-03-14 08:39:15,282 [Time-limited test] INFO  grpc.GrpcConfigKeys (ConfUtils.java:logFallback(53)) - raft.grpc.client.host = null (fallback to raft.grpc.server.host)
2023-03-14 08:39:15,282 [Time-limited test] INFO  grpc.GrpcConfigKeys (ConfUtils.java:logGet(46)) - raft.grpc.client.port = 43285 (custom)
2023-03-14 08:39:15,282 [Time-limited test] INFO  grpc.GrpcConfigKeys (ConfUtils.java:logGet(46)) - raft.grpc.server.host = null (default)
2023-03-14 08:39:15,282 [Time-limited test] INFO  grpc.GrpcConfigKeys (ConfUtils.java:logGet(46)) - raft.grpc.server.port = 34889 (custom)
2023-03-14 08:39:15,282 [Time-limited test] INFO  server.GrpcService (ConfUtils.java:logGet(46)) - raft.grpc.message.size.max = 64MB (=67108864) (default)
2023-03-14 08:39:15,282 [Time-limited test] INFO  server.RaftServerConfigKeys (ConfUtils.java:logGet(46)) - raft.server.log.appender.buffer.byte-limit = 4MB (=4194304) (default)
2023-03-14 08:39:15,283 [Time-limited test] INFO  server.GrpcService (ConfUtils.java:logGet(46)) - raft.grpc.flow.control.window = 1MB (=1048576) (default)
2023-03-14 08:39:15,283 [Time-limited test] INFO  server.RaftServerConfigKeys (ConfUtils.java:logGet(46)) - raft.server.rpc.request.timeout = 3000ms (default)
2023-03-14 08:39:15,283 [Time-limited test] INFO  grpc.GrpcConfigKeys (ConfUtils.java:logGet(46)) - raft.grpc.server.heartbeat.channel = true (default)
2023-03-14 08:39:15,283 [Time-limited test] INFO  grpc.GrpcConfigKeys (ConfUtils.java:logGet(46)) - raft.grpc.server.async.request.thread.pool.cached = true (default)
2023-03-14 08:39:15,283 [Time-limited test] INFO  grpc.GrpcConfigKeys (ConfUtils.java:logGet(46)) - raft.grpc.server.async.request.thread.pool.size = 32 (default)
2023-03-14 08:39:15,283 [Time-limited test] INFO  impl.DataStreamServerImpl (ConfUtils.java:logGet(46)) - raft.datastream.type = DISABLED (default)
2023-03-14 08:39:15,284 [Time-limited test] INFO  server.RaftServerConfigKeys (ConfUtils.java:logGet(46)) - raft.server.threadpool.proxy.cached = true (default)
2023-03-14 08:39:15,284 [Time-limited test] INFO  server.RaftServerConfigKeys (ConfUtils.java:logGet(46)) - raft.server.threadpool.proxy.size = 0 (default)
2023-03-14 08:39:15,284 [Time-limited test] INFO  server.RaftServerConfigKeys (ConfUtils.java:logGet(46)) - raft.server.rpc.slowness.timeout = 60s (default)
2023-03-14 08:39:15,284 [Time-limited test] INFO  server.RaftServerConfigKeys (ConfUtils.java:logGet(46)) - raft.server.leaderelection.leader.step-down.wait-time = 10s (default)
2023-03-14 08:39:15,284 [Time-limited test] INFO  server.RaftServerConfigKeys (ConfUtils.java:logGet(46)) - raft.server.storage.dir = [/home/runner/work/ratis/ratis/ratis-test/target/test/data/be523d36/MiniRaftClusterWithGrpc102000d5/s0] (custom)
2023-03-14 08:39:15,284 [Time-limited test] INFO  server.RaftServer (RaftServerProxy.java:addNew(99)) - s0: addNew group-BD63D5292BF3:[s0|rpc:localhost:34889|admin:localhost:41905|client:localhost:43285|dataStream:localhost:35447|priority:0|startupRole:FOLLOWER] returns group-BD63D5292BF3:java.util.concurrent.CompletableFuture@3fee5e93[Not completed]
2023-03-14 08:39:15,284 [s0-groupManagement] INFO  server.RaftServer$Division (RaftServerImpl.java:<init>(198)) - s0: new RaftServerImpl for group-BD63D5292BF3:[s0|rpc:localhost:34889|admin:localhost:41905|client:localhost:43285|dataStream:localhost:35447|priority:0|startupRole:FOLLOWER] with BaseStateMachine:uninitialized
2023-03-14 08:39:15,284 [s0-groupManagement] INFO  server.RaftServerConfigKeys (ConfUtils.java:logGet(46)) - raft.server.rpc.timeout.min = 150ms (default)
2023-03-14 08:39:15,284 [s0-groupManagement] INFO  server.RaftServerConfigKeys (ConfUtils.java:logGet(46)) - raft.server.rpc.timeout.max = 300ms (default)
2023-03-14 08:39:15,284 [s0-groupManagement] INFO  server.RaftServerConfigKeys (ConfUtils.java:logGet(46)) - raft.server.rpc.sleep.time = 25ms (default)
2023-03-14 08:39:15,284 [s0-groupManagement] INFO  server.RaftServerConfigKeys (ConfUtils.java:logGet(46)) - raft.server.rpc.slowness.timeout = 60s (default)
2023-03-14 08:39:15,284 [s0-groupManagement] INFO  server.RaftServerConfigKeys (ConfUtils.java:logGet(46)) - raft.server.leaderelection.leader.step-down.wait-time = 10s (default)
2023-03-14 08:39:15,284 [s0-groupManagement] INFO  server.RaftServerConfigKeys (ConfUtils.java:logGet(46)) - raft.server.sleep.deviation.threshold = 300ms (default)
2023-03-14 08:39:15,285 [s0-groupManagement] INFO  server.RaftServer$Division (ServerState.java:<init>(113)) - s0@group-BD63D5292BF3: ConfigurationManager, init=-1: peers:[s0|rpc:localhost:34889|admin:localhost:41905|client:localhost:43285|dataStream:localhost:35447|priority:0|startupRole:FOLLOWER]|listeners:[], old=null, confs=<EMPTY_MAP>
2023-03-14 08:39:15,285 [s0-groupManagement] INFO  server.RaftServerConfigKeys (ConfUtils.java:logGet(46)) - raft.server.notification.no-leader.timeout = 60s (default)
2023-03-14 08:39:15,285 [s0-groupManagement] INFO  server.RaftServerConfigKeys (ConfUtils.java:logGet(46)) - raft.server.read.timeout = 10s (default)
2023-03-14 08:39:15,285 [s0-groupManagement] INFO  server.RaftServerConfigKeys (ConfUtils.java:logGet(46)) - raft.server.retrycache.expirytime = 60s (default)
2023-03-14 08:39:15,285 [s0-groupManagement] INFO  server.RaftServerConfigKeys (ConfUtils.java:logGet(46)) - raft.server.retrycache.statistics.expirytime = 100μs (default)
2023-03-14 08:39:15,285 [s0-groupManagement] INFO  server.RaftServerConfigKeys (ConfUtils.java:logGet(46)) - raft.server.read.option = DEFAULT (default)
2023-03-14 08:39:15,285 [s0-groupManagement] INFO  server.RaftServerConfigKeys (ConfUtils.java:logGet(46)) - raft.server.log.appender.install.snapshot.enabled = true (default)
2023-03-14 08:39:15,285 [s0-groupManagement] INFO  server.RaftServerConfigKeys (ConfUtils.java:logGet(46)) - raft.server.threadpool.server.cached = true (default)
2023-03-14 08:39:15,285 [s0-groupManagement] INFO  server.RaftServerConfigKeys (ConfUtils.java:logGet(46)) - raft.server.threadpool.server.size = 0 (default)
2023-03-14 08:39:15,285 [s0-groupManagement] INFO  server.RaftServerConfigKeys (ConfUtils.java:logGet(46)) - raft.server.threadpool.client.cached = true (default)
2023-03-14 08:39:15,285 [s0-groupManagement] INFO  server.RaftServerConfigKeys (ConfUtils.java:logGet(46)) - raft.server.threadpool.client.size = 0 (default)
2023-03-14 08:39:15,285 [s0-impl-thread1] INFO  server.RaftServerConfigKeys (ConfUtils.java:logGet(46)) - raft.server.storage.free-space.min = 0MB (=0) (default)
2023-03-14 08:39:15,285 [s0-impl-thread1] INFO  server.RaftServerConfigKeys (ConfUtils.java:logGet(46)) - raft.server.log.corruption.policy = EXCEPTION (default)
2023-03-14 08:39:15,286 [s0-impl-thread1] INFO  server.RaftServerConfigKeys (ConfUtils.java:logGet(46)) - raft.server.storage.dir = [/home/runner/work/ratis/ratis/ratis-test/target/test/data/be523d36/MiniRaftClusterWithGrpc102000d5/s0] (custom)
2023-03-14 08:39:15,286 [s0-impl-thread1] INFO  storage.RaftStorageDirectory (RaftStorageDirectoryImpl.java:analyzeStorage(138)) - The storage directory /home/runner/work/ratis/ratis/ratis-test/target/test/data/be523d36/MiniRaftClusterWithGrpc102000d5/s0/eefcb7d4-c78e-4ae8-a142-bd63d5292bf3 does not exist. Creating ...
2023-03-14 08:39:15,286 [s0-impl-thread1] TRACE util.FileUtils (LogUtils.java:runAndLog(49)) - Successfully ran Files.createDirectories /home/runner/work/ratis/ratis/ratis-test/target/test/data/be523d36/MiniRaftClusterWithGrpc102000d5/s0/eefcb7d4-c78e-4ae8-a142-bd63d5292bf3
2023-03-14 08:39:15,288 [s0-impl-thread1] INFO  storage.RaftStorageDirectory (RaftStorageDirectoryImpl.java:tryLock(232)) - Lock on /home/runner/work/ratis/ratis/ratis-test/target/test/data/be523d36/MiniRaftClusterWithGrpc102000d5/s0/eefcb7d4-c78e-4ae8-a142-bd63d5292bf3/in_use.lock acquired by nodename 10435@fv-az41-628
2023-03-14 08:39:15,288 [s0-impl-thread1] TRACE util.FileUtils (LogUtils.java:runAndLog(49)) - Successfully ran Files.createDirectories /home/runner/work/ratis/ratis/ratis-test/target/test/data/be523d36/MiniRaftClusterWithGrpc102000d5/s0/eefcb7d4-c78e-4ae8-a142-bd63d5292bf3/current
2023-03-14 08:39:15,288 [s0-impl-thread1] TRACE util.FileUtils (LogUtils.java:runAndLog(49)) - Successfully ran Files.createDirectories /home/runner/work/ratis/ratis/ratis-test/target/test/data/be523d36/MiniRaftClusterWithGrpc102000d5/s0/eefcb7d4-c78e-4ae8-a142-bd63d5292bf3/sm
2023-03-14 08:39:15,289 [s0-impl-thread1] INFO  storage.RaftStorage (RaftStorageImpl.java:format(96)) - Storage directory /home/runner/work/ratis/ratis/ratis-test/target/test/data/be523d36/MiniRaftClusterWithGrpc102000d5/s0/eefcb7d4-c78e-4ae8-a142-bd63d5292bf3 has been successfully formatted.
2023-03-14 08:39:15,289 [s0-impl-thread1] INFO  server.RaftServerConfigKeys (ConfUtils.java:logGet(46)) - raft.server.log.use.memory = false (default)
2023-03-14 08:39:15,289 [s0-impl-thread1] INFO  server.RaftServerConfigKeys (ConfUtils.java:logGet(46)) - raft.server.log.purge.gap = 1024 (default)
2023-03-14 08:39:15,289 [s0-impl-thread1] INFO  server.RaftServerConfigKeys (ConfUtils.java:logGet(46)) - raft.server.log.appender.buffer.byte-limit = 4MB (=4194304) (default)
2023-03-14 08:39:15,289 [s0-impl-thread1] INFO  server.RaftServerConfigKeys (ConfUtils.java:logGet(46)) - raft.server.log.statemachine.data.read.timeout = 1000ms (default)
2023-03-14 08:39:15,289 [s0-impl-thread1] INFO  server.RaftServerConfigKeys (ConfUtils.java:logGet(46)) - raft.server.log.purge.preservation.log.num = 0 (default)
2023-03-14 08:39:15,289 [s0-impl-thread1] INFO  server.RaftServerConfigKeys (ConfUtils.java:logGet(46)) - raft.server.log.segment.size.max = 8MB (=8388608) (default)
2023-03-14 08:39:15,289 [s0-impl-thread1] INFO  server.RaftServerConfigKeys (ConfUtils.java:logGet(46)) - raft.server.log.segment.cache.num.max = 6 (default)
2023-03-14 08:39:15,289 [s0-impl-thread1] INFO  server.RaftServerConfigKeys (ConfUtils.java:logGet(46)) - raft.server.log.segment.cache.size.max = 200MB (=209715200) (default)
2023-03-14 08:39:15,289 [s0-impl-thread1] INFO  server.RaftServerConfigKeys (ConfUtils.java:logGet(46)) - raft.server.log.appender.buffer.byte-limit = 4MB (=4194304) (default)
2023-03-14 08:39:15,289 [s0-impl-thread1] INFO  segmented.SegmentedRaftLogWorker (SegmentedRaftLogWorker.java:<init>(183)) - new s0@group-BD63D5292BF3-SegmentedRaftLogWorker for RaftStorageImpl:Storage Directory /home/runner/work/ratis/ratis/ratis-test/target/test/data/be523d36/MiniRaftClusterWithGrpc102000d5/s0/eefcb7d4-c78e-4ae8-a142-bd63d5292bf3
2023-03-14 08:39:15,289 [s0-impl-thread1] INFO  server.RaftServerConfigKeys (ConfUtils.java:logGet(46)) - raft.server.log.queue.byte-limit = 64MB (=67108864) (default)
2023-03-14 08:39:15,289 [s0-impl-thread1] INFO  server.RaftServerConfigKeys (ConfUtils.java:logGet(46)) - raft.server.log.queue.element-limit = 4096 (default)
2023-03-14 08:39:15,290 [s0-impl-thread1] INFO  server.RaftServerConfigKeys (ConfUtils.java:logGet(46)) - raft.server.log.segment.size.max = 8MB (=8388608) (default)
2023-03-14 08:39:15,290 [s0-impl-thread1] INFO  server.RaftServerConfigKeys (ConfUtils.java:logGet(46)) - raft.server.log.preallocated.size = 4MB (=4194304) (default)
2023-03-14 08:39:15,290 [s0-impl-thread1] INFO  server.RaftServerConfigKeys (ConfUtils.java:logGet(46)) - raft.server.log.force.sync.num = 128 (default)
2023-03-14 08:39:15,290 [s0-impl-thread1] INFO  server.RaftServerConfigKeys (ConfUtils.java:logGet(46)) - raft.server.log.statemachine.data.sync = true (default)
2023-03-14 08:39:15,290 [s0-impl-thread1] INFO  server.RaftServerConfigKeys (ConfUtils.java:logGet(46)) - raft.server.log.statemachine.data.sync.timeout = 10s (default)
2023-03-14 08:39:15,290 [s0-impl-thread1] INFO  server.RaftServerConfigKeys (ConfUtils.java:logGet(46)) - raft.server.log.statemachine.data.sync.timeout.retry = -1 (default)
2023-03-14 08:39:15,290 [s0-impl-thread1] INFO  server.RaftServerConfigKeys (ConfUtils.java:logGet(46)) - raft.server.log.write.buffer.size = 64KB (=65536) (default)
2023-03-14 08:39:15,290 [s0-impl-thread1] INFO  server.RaftServerConfigKeys (ConfUtils.java:logGet(46)) - raft.server.log.appender.buffer.byte-limit = 4MB (=4194304) (default)
2023-03-14 08:39:15,290 [s0-impl-thread1] INFO  server.RaftServerConfigKeys (ConfUtils.java:logGet(46)) - raft.server.log.unsafe-flush.enabled = false (default)
2023-03-14 08:39:15,290 [s0-impl-thread1] INFO  server.RaftServerConfigKeys (ConfUtils.java:logGet(46)) - raft.server.log.async-flush.enabled = false (default)
2023-03-14 08:39:15,290 [s0-impl-thread1] INFO  server.RaftServerConfigKeys (ConfUtils.java:logGet(46)) - raft.server.log.statemachine.data.caching.enabled = false (default)
2023-03-14 08:39:15,291 [s0-impl-thread1] INFO  segmented.SegmentedRaftLogWorker (SegmentedRaftLogWorker.java:lambda$new$0(134)) - s0@group-BD63D5292BF3-SegmentedRaftLogWorker: flushIndex: setUnconditionally 0 -> -1
2023-03-14 08:39:15,291 [s0-impl-thread1] INFO  segmented.SegmentedRaftLogWorker (SegmentedRaftLogWorker.java:lambda$new$0(134)) - s0@group-BD63D5292BF3-SegmentedRaftLogWorker: safeCacheEvictIndex: setUnconditionally 0 -> -1
2023-03-14 08:39:15,291 [s0-impl-thread1] INFO  server.RaftServer$Division (RaftServerImpl.java:start(342)) - s0@group-BD63D5292BF3: start as a follower, conf=-1: peers:[s0|rpc:localhost:34889|admin:localhost:41905|client:localhost:43285|dataStream:localhost:35447|priority:0|startupRole:FOLLOWER]|listeners:[], old=null
2023-03-14 08:39:15,291 [s0-impl-thread1] INFO  server.RaftServer$Division (RaftServerImpl.java:setRole(329)) - s0@group-BD63D5292BF3: changes role from      null to FOLLOWER at term 0 for startAsFollower
2023-03-14 08:39:15,291 [s0-impl-thread1] INFO  impl.RoleInfo (RoleInfo.java:updateAndGet(139)) - s0: start s0@group-BD63D5292BF3-FollowerState
2023-03-14 08:39:15,291 [s0-impl-thread1] INFO  util.JmxRegister (JmxRegister.java:tryRegister(44)) - Successfully registered JMX Bean with object name Ratis:service=RaftServer,group=group-BD63D5292BF3,id=s0
2023-03-14 08:39:15,291 [s0-impl-thread1] INFO  server.RaftServerConfigKeys (ConfUtils.java:logGet(46)) - raft.server.snapshot.auto.trigger.enabled = false (default)
2023-03-14 08:39:15,291 [s0-impl-thread1] INFO  server.RaftServerConfigKeys (ConfUtils.java:logGet(46)) - raft.server.snapshot.retention.file.num = -1 (default)
2023-03-14 08:39:15,291 [s0-impl-thread1] INFO  server.RaftServerConfigKeys (ConfUtils.java:logGet(46)) - raft.server.log.purge.upto.snapshot.index = false (default)
2023-03-14 08:39:15,291 [Time-limited test] INFO  server.RaftServer (RaftServerProxy.java:startImpl(401)) - s0: start RPC server
2023-03-14 08:39:15,292 [Time-limited test] INFO  server.GrpcService (GrpcService.java:startImpl(302)) - s0: GrpcService started, listening on 43285
2023-03-14 08:39:15,292 [Time-limited test] INFO  server.GrpcService (GrpcService.java:startImpl(302)) - s0: GrpcService started, listening on 34889
2023-03-14 08:39:15,292 [Time-limited test] INFO  server.GrpcService (GrpcService.java:startImpl(302)) - s0: GrpcService started, listening on 41905
2023-03-14 08:39:15,292 [s0@group-BD63D5292BF3-FollowerState] INFO  server.RaftServerConfigKeys (ConfUtils.java:logFallback(53)) - raft.server.rpc.first-election.timeout.min = 150ms (fallback to raft.server.rpc.timeout.min)
2023-03-14 08:39:15,292 [s0@group-BD63D5292BF3-FollowerState] INFO  server.RaftServerConfigKeys (ConfUtils.java:logFallback(53)) - raft.server.rpc.first-election.timeout.max = 300ms (fallback to raft.server.rpc.timeout.max)
2023-03-14 08:39:15,292 [JvmPauseMonitor68] INFO  util.JvmPauseMonitor (JvmPauseMonitor.java:run(103)) - JvmPauseMonitor-s0: Started
2023-03-14 08:39:15,292 [Time-limited test] INFO  grpc.TestRaftReconfigurationWithGrpc (RaftReconfigurationBaseTest.java:runTestBootstrapReconf(393)) - Originally 1 peer(s), add 1 more, startNewPeer=true
2023-03-14 08:39:15,292 [Time-limited test] INFO  server.RaftServerConfigKeys (ConfUtils.java:logGet(46)) - raft.server.rpc.timeout.max = 300ms (default)
2023-03-14 08:39:15,292 [Time-limited test] INFO  ratis.RaftTestUtil (RaftTestUtil.java:waitForLeader(100)) - printing ALL groups
  s0:  RUNNING  FOLLOWER s0@group-BD63D5292BF3:t0, leader=null, voted=, raftlog=Memoized:s0@group-BD63D5292BF3-SegmentedRaftLog:OPENED:c-1, conf=-1: peers:[s0|rpc:localhost:34889|admin:localhost:41905|client:localhost:43285|dataStream:localhost:35447|priority:0|startupRole:FOLLOWER]|listeners:[], old=null RUNNING
2023-03-14 08:39:15,292 [Time-limited test] WARN  ratis.RaftTestUtil (JavaUtils.java:attempt(217)) - FAILED "waitForLeader-null-(expectLeader? true)", attempt #1/100: java.lang.IllegalStateException: No leader yet : printing ALL groups
  s0:  RUNNING  FOLLOWER s0@group-BD63D5292BF3:t0, leader=null, voted=, raftlog=Memoized:s0@group-BD63D5292BF3-SegmentedRaftLog:OPENED:c-1, conf=-1: peers:[s0|rpc:localhost:34889|admin:localhost:41905|client:localhost:43285|dataStream:localhost:35447|priority:0|startupRole:FOLLOWER]|listeners:[], old=null RUNNING, sleep 450ms and then retry.
java.lang.IllegalStateException: No leader yet : printing ALL groups
  s0:  RUNNING  FOLLOWER s0@group-BD63D5292BF3:t0, leader=null, voted=, raftlog=Memoized:s0@group-BD63D5292BF3-SegmentedRaftLog:OPENED:c-1, conf=-1: peers:[s0|rpc:localhost:34889|admin:localhost:41905|client:localhost:43285|dataStream:localhost:35447|priority:0|startupRole:FOLLOWER]|listeners:[], old=null RUNNING
	at org.apache.ratis.server.impl.MiniRaftCluster.newIllegalStateExceptionForNoLeaders(MiniRaftCluster.java:581)
	at org.apache.ratis.RaftTestUtil.lambda$waitForLeader$1(RaftTestUtil.java:104)
	at org.apache.ratis.server.impl.MiniRaftCluster.getLeader(MiniRaftCluster.java:615)
	at org.apache.ratis.server.impl.MiniRaftCluster.getLeader(MiniRaftCluster.java:608)
	at org.apache.ratis.RaftTestUtil.lambda$waitForLeader$3(RaftTestUtil.java:112)
	at org.apache.ratis.util.JavaUtils.attempt(JavaUtils.java:211)
	at org.apache.ratis.util.JavaUtils.attemptRepeatedly(JavaUtils.java:197)
	at org.apache.ratis.RaftTestUtil.waitForLeader(RaftTestUtil.java:111)
	at org.apache.ratis.RaftTestUtil.waitForLeader(RaftTestUtil.java:92)
	at org.apache.ratis.RaftTestUtil.waitForLeader(RaftTestUtil.java:87)
	at org.apache.ratis.server.impl.RaftReconfigurationBaseTest.runTestBootstrapReconf(RaftReconfigurationBaseTest.java:395)
	at org.apache.ratis.server.impl.RaftReconfigurationBaseTest.lambda$testBootstrapReconfWithSingleNodeAddOne$8(RaftReconfigurationBaseTest.java:377)
	at org.apache.ratis.server.impl.MiniRaftCluster$Factory$Get.runWithNewCluster(MiniRaftCluster.java:141)
	at org.apache.ratis.server.impl.MiniRaftCluster$Factory$Get.runWithNewCluster(MiniRaftCluster.java:121)
	at org.apache.ratis.server.impl.RaftReconfigurationBaseTest.testBootstrapReconfWithSingleNodeAddOne(RaftReconfigurationBaseTest.java:377)
	at java.base/jdk.internal.reflect.NativeMethodAccessorImpl.invoke0(Native Method)
	at java.base/jdk.internal.reflect.NativeMethodAccessorImpl.invoke(NativeMethodAccessorImpl.java:62)
	at java.base/jdk.internal.reflect.DelegatingMethodAccessorImpl.invoke(DelegatingMethodAccessorImpl.java:43)
	at java.base/java.lang.reflect.Method.invoke(Method.java:566)
	at org.junit.runners.model.FrameworkMethod$1.runReflectiveCall(FrameworkMethod.java:59)
	at org.junit.internal.runners.model.ReflectiveCallable.run(ReflectiveCallable.java:12)
	at org.junit.runners.model.FrameworkMethod.invokeExplosively(FrameworkMethod.java:56)
	at org.junit.internal.runners.statements.InvokeMethod.evaluate(InvokeMethod.java:17)
	at org.junit.internal.runners.statements.RunAfters.evaluate(RunAfters.java:27)
	at org.junit.internal.runners.statements.FailOnTimeout$CallableStatement.call(FailOnTimeout.java:299)
	at org.junit.internal.runners.statements.FailOnTimeout$CallableStatement.call(FailOnTimeout.java:293)
	at java.base/java.util.concurrent.FutureTask.run(FutureTask.java:264)
	at java.base/java.lang.Thread.run(Thread.java:829)
2023-03-14 08:39:15,549 [s0@group-BD63D5292BF3-FollowerState] INFO  impl.FollowerState (FollowerState.java:run(143)) - s0@group-BD63D5292BF3-FollowerState: change to CANDIDATE, lastRpcElapsedTime:258401808ns, electionTimeout:257ms
2023-03-14 08:39:15,549 [s0@group-BD63D5292BF3-FollowerState] INFO  impl.RoleInfo (RoleInfo.java:shutdownFollowerState(110)) - s0: shutdown s0@group-BD63D5292BF3-FollowerState
2023-03-14 08:39:15,549 [s0@group-BD63D5292BF3-FollowerState] INFO  server.RaftServer$Division (RaftServerImpl.java:setRole(329)) - s0@group-BD63D5292BF3: changes role from  FOLLOWER to CANDIDATE at term 0 for changeToCandidate
2023-03-14 08:39:15,549 [s0@group-BD63D5292BF3-FollowerState] INFO  server.RaftServerConfigKeys (ConfUtils.java:logGet(46)) - raft.server.leaderelection.pre-vote = true (default)
2023-03-14 08:39:15,549 [s0@group-BD63D5292BF3-FollowerState] INFO  impl.RoleInfo (RoleInfo.java:updateAndGet(139)) - s0: start s0@group-BD63D5292BF3-LeaderElection50
2023-03-14 08:39:15,550 [s0@group-BD63D5292BF3-LeaderElection50] INFO  impl.LeaderElection (LeaderElection.java:askForVotes(320)) - s0@group-BD63D5292BF3-LeaderElection50 PRE_VOTE round 0: submit vote requests at term 0 for -1: peers:[s0|rpc:localhost:34889|admin:localhost:41905|client:localhost:43285|dataStream:localhost:35447|priority:0|startupRole:FOLLOWER]|listeners:[], old=null
2023-03-14 08:39:15,550 [s0@group-BD63D5292BF3-LeaderElection50] INFO  impl.LeaderElection (LeaderElection.java:askForVotes(322)) - s0@group-BD63D5292BF3-LeaderElection50 PRE_VOTE round 0: result PASSED (term=0)
2023-03-14 08:39:15,552 [s0@group-BD63D5292BF3-LeaderElection50] INFO  impl.LeaderElection (LeaderElection.java:askForVotes(320)) - s0@group-BD63D5292BF3-LeaderElection50 ELECTION round 0: submit vote requests at term 1 for -1: peers:[s0|rpc:localhost:34889|admin:localhost:41905|client:localhost:43285|dataStream:localhost:35447|priority:0|startupRole:FOLLOWER]|listeners:[], old=null
2023-03-14 08:39:15,552 [s0@group-BD63D5292BF3-LeaderElection50] INFO  impl.LeaderElection (LeaderElection.java:askForVotes(322)) - s0@group-BD63D5292BF3-LeaderElection50 ELECTION round 0: result PASSED (term=1)
2023-03-14 08:39:15,552 [s0@group-BD63D5292BF3-LeaderElection50] INFO  impl.RoleInfo (RoleInfo.java:shutdownLeaderElection(130)) - s0: shutdown s0@group-BD63D5292BF3-LeaderElection50
2023-03-14 08:39:15,552 [s0@group-BD63D5292BF3-LeaderElection50] INFO  server.RaftServer$Division (RaftServerImpl.java:setRole(329)) - s0@group-BD63D5292BF3: changes role from CANDIDATE to LEADER at term 1 for changeToLeader
2023-03-14 08:39:15,552 [s0@group-BD63D5292BF3-LeaderElection50] INFO  server.RaftServer$Division (ServerState.java:setLeader(260)) - s0@group-BD63D5292BF3: change Leader from null to s0 at term 1 for becomeLeader, leader elected after 267ms
2023-03-14 08:39:15,552 [s0@group-BD63D5292BF3-LeaderElection50] INFO  server.RaftServerConfigKeys (ConfUtils.java:logGet(46)) - raft.server.staging.catchup.gap = 10 (custom)
2023-03-14 08:39:15,552 [s0@group-BD63D5292BF3-LeaderElection50] INFO  server.RaftServerConfigKeys (ConfUtils.java:logGet(46)) - raft.server.write.element-limit = 4096 (default)
2023-03-14 08:39:15,552 [s0@group-BD63D5292BF3-LeaderElection50] INFO  server.RaftServerConfigKeys (ConfUtils.java:logGet(46)) - raft.server.write.byte-limit = 64MB (=67108864) (default)
2023-03-14 08:39:15,552 [s0@group-BD63D5292BF3-LeaderElection50] INFO  server.RaftServerConfigKeys (ConfUtils.java:logGet(46)) - raft.server.watch.timeout = 10s (default)
2023-03-14 08:39:15,552 [s0@group-BD63D5292BF3-LeaderElection50] INFO  server.RaftServerConfigKeys (ConfUtils.java:logGet(46)) - raft.server.watch.timeout.denomination = 1s (default)
2023-03-14 08:39:15,552 [s0@group-BD63D5292BF3-LeaderElection50] INFO  server.RaftServerConfigKeys (ConfUtils.java:logGet(46)) - raft.server.watch.element-limit = 65536 (default)
2023-03-14 08:39:15,552 [s0@group-BD63D5292BF3-LeaderElection50] INFO  server.RaftServerConfigKeys (ConfUtils.java:logGet(46)) - raft.server.write.element-limit = 4096 (default)
2023-03-14 08:39:15,552 [s0@group-BD63D5292BF3-LeaderElection50] INFO  server.RaftServerConfigKeys (ConfUtils.java:logGet(46)) - raft.server.write.follower.gap.ratio.max = -1.0 (default)
2023-03-14 08:39:15,552 [s0@group-BD63D5292BF3-LeaderElection50] INFO  impl.RoleInfo (RoleInfo.java:updateAndGet(139)) - s0: start s0@group-BD63D5292BF3-LeaderStateImpl
2023-03-14 08:39:15,552 [s0@group-BD63D5292BF3-LeaderElection50] INFO  segmented.SegmentedRaftLogWorker (SegmentedRaftLogWorker.java:startLogSegment(426)) - s0@group-BD63D5292BF3-SegmentedRaftLogWorker: Starting segment from index:0
2023-03-14 08:39:15,552 [s0@group-BD63D5292BF3-LeaderElection50] INFO  server.RaftServer$Division (ServerState.java:setRaftConf(378)) - s0@group-BD63D5292BF3: set configuration 0: peers:[s0|rpc:localhost:34889|admin:localhost:41905|client:localhost:43285|dataStream:localhost:35447|priority:0|startupRole:FOLLOWER]|listeners:[], old=null
2023-03-14 08:39:15,560 [s0@group-BD63D5292BF3-SegmentedRaftLogWorker] INFO  segmented.SegmentedRaftLogWorker (SegmentedRaftLogWorker.java:execute(630)) - s0@group-BD63D5292BF3-SegmentedRaftLogWorker: created new log segment /home/runner/work/ratis/ratis/ratis-test/target/test/data/be523d36/MiniRaftClusterWithGrpc102000d5/s0/eefcb7d4-c78e-4ae8-a142-bd63d5292bf3/current/log_inprogress_0
2023-03-14 08:39:15,743 [Time-limited test] INFO  ratis.RaftTestUtil (RaftTestUtil.java:waitForLeader(119)) - printing ALL groups
  s0:  RUNNING    LEADER s0@group-BD63D5292BF3:t1, leader=s0, voted=s0, raftlog=Memoized:s0@group-BD63D5292BF3-SegmentedRaftLog:OPENED:c0, conf=0: peers:[s0|rpc:localhost:34889|admin:localhost:41905|client:localhost:43285|dataStream:localhost:35447|priority:0|startupRole:FOLLOWER]|listeners:[], old=null RUNNING
2023-03-14 08:39:15,747 [s0-client-thread1] DEBUG server.RaftServer$Division (RaftServerImpl.java:submitClientRequestAsync(835)) - s0@group-BD63D5292BF3: receive client request(RaftClientRequest:client-44DAD89E24B0->s0@group-BD63D5292BF3, cid=78, seq=0, RW, Message:6d30)
2023-03-14 08:39:15,747 [s0-client-thread1] DEBUG server.RaftServer$Division (LeaderStateImpl.java:addPendingRequest(474)) - s0@group-BD63D5292BF3-LeaderStateImpl: addPendingRequest at RaftClientRequest:client-44DAD89E24B0->s0@group-BD63D5292BF3, cid=78, seq=0, RW, Message:6d30, entry=(t:1, i:1), STATEMACHINELOGENTRY, 78@client-44DAD89E24B0
2023-03-14 08:39:15,754 [s0-client-thread1] DEBUG server.RaftServer$Division (RaftServerImpl.java:submitClientRequestAsync(835)) - s0@group-BD63D5292BF3: receive client request(RaftClientRequest:client-44DAD89E24B0->s0@group-BD63D5292BF3, cid=79, seq=0, RW, Message:6d31)
2023-03-14 08:39:15,755 [s0-client-thread1] DEBUG server.RaftServer$Division (LeaderStateImpl.java:addPendingRequest(474)) - s0@group-BD63D5292BF3-LeaderStateImpl: addPendingRequest at RaftClientRequest:client-44DAD89E24B0->s0@group-BD63D5292BF3, cid=79, seq=0, RW, Message:6d31, entry=(t:1, i:3), STATEMACHINELOGENTRY, 79@client-44DAD89E24B0
2023-03-14 08:39:15,759 [s0-client-thread1] DEBUG server.RaftServer$Division (RaftServerImpl.java:submitClientRequestAsync(835)) - s0@group-BD63D5292BF3: receive client request(RaftClientRequest:client-44DAD89E24B0->s0@group-BD63D5292BF3, cid=80, seq=0, RW, Message:6d32)
2023-03-14 08:39:15,759 [s0-client-thread1] DEBUG server.RaftServer$Division (LeaderStateImpl.java:addPendingRequest(474)) - s0@group-BD63D5292BF3-LeaderStateImpl: addPendingRequest at RaftClientRequest:client-44DAD89E24B0->s0@group-BD63D5292BF3, cid=80, seq=0, RW, Message:6d32, entry=(t:1, i:5), STATEMACHINELOGENTRY, 80@client-44DAD89E24B0
2023-03-14 08:39:15,764 [s0-client-thread1] DEBUG server.RaftServer$Division (RaftServerImpl.java:submitClientRequestAsync(835)) - s0@group-BD63D5292BF3: receive client request(RaftClientRequest:client-44DAD89E24B0->s0@group-BD63D5292BF3, cid=81, seq=0, RW, Message:6d33)
2023-03-14 08:39:15,765 [s0-client-thread1] DEBUG server.RaftServer$Division (LeaderStateImpl.java:addPendingRequest(474)) - s0@group-BD63D5292BF3-LeaderStateImpl: addPendingRequest at RaftClientRequest:client-44DAD89E24B0->s0@group-BD63D5292BF3, cid=81, seq=0, RW, Message:6d33, entry=(t:1, i:7), STATEMACHINELOGENTRY, 81@client-44DAD89E24B0
2023-03-14 08:39:15,766 [s0-client-thread1] DEBUG server.RaftServer$Division (RaftServerImpl.java:submitClientRequestAsync(835)) - s0@group-BD63D5292BF3: receive client request(RaftClientRequest:client-44DAD89E24B0->s0@group-BD63D5292BF3, cid=82, seq=0, RW, Message:6d34)
2023-03-14 08:39:15,767 [s0-client-thread1] DEBUG server.RaftServer$Division (LeaderStateImpl.java:addPendingRequest(474)) - s0@group-BD63D5292BF3-LeaderStateImpl: addPendingRequest at RaftClientRequest:client-44DAD89E24B0->s0@group-BD63D5292BF3, cid=82, seq=0, RW, Message:6d34, entry=(t:1, i:9), STATEMACHINELOGENTRY, 82@client-44DAD89E24B0
2023-03-14 08:39:15,768 [s0-client-thread1] DEBUG server.RaftServer$Division (RaftServerImpl.java:submitClientRequestAsync(835)) - s0@group-BD63D5292BF3: receive client request(RaftClientRequest:client-44DAD89E24B0->s0@group-BD63D5292BF3, cid=83, seq=0, RW, Message:6d35)
2023-03-14 08:39:15,768 [s0-client-thread1] DEBUG server.RaftServer$Division (LeaderStateImpl.java:addPendingRequest(474)) - s0@group-BD63D5292BF3-LeaderStateImpl: addPendingRequest at RaftClientRequest:client-44DAD89E24B0->s0@group-BD63D5292BF3, cid=83, seq=0, RW, Message:6d35, entry=(t:1, i:11), STATEMACHINELOGENTRY, 83@client-44DAD89E24B0
2023-03-14 08:39:15,770 [s0-client-thread1] DEBUG server.RaftServer$Division (RaftServerImpl.java:submitClientRequestAsync(835)) - s0@group-BD63D5292BF3: receive client request(RaftClientRequest:client-44DAD89E24B0->s0@group-BD63D5292BF3, cid=84, seq=0, RW, Message:6d36)
2023-03-14 08:39:15,770 [s0-client-thread1] DEBUG server.RaftServer$Division (LeaderStateImpl.java:addPendingRequest(474)) - s0@group-BD63D5292BF3-LeaderStateImpl: addPendingRequest at RaftClientRequest:client-44DAD89E24B0->s0@group-BD63D5292BF3, cid=84, seq=0, RW, Message:6d36, entry=(t:1, i:13), STATEMACHINELOGENTRY, 84@client-44DAD89E24B0
2023-03-14 08:39:15,771 [s0-client-thread1] DEBUG server.RaftServer$Division (RaftServerImpl.java:submitClientRequestAsync(835)) - s0@group-BD63D5292BF3: receive client request(RaftClientRequest:client-44DAD89E24B0->s0@group-BD63D5292BF3, cid=85, seq=0, RW, Message:6d37)
2023-03-14 08:39:15,771 [s0-client-thread1] DEBUG server.RaftServer$Division (LeaderStateImpl.java:addPendingRequest(474)) - s0@group-BD63D5292BF3-LeaderStateImpl: addPendingRequest at RaftClientRequest:client-44DAD89E24B0->s0@group-BD63D5292BF3, cid=85, seq=0, RW, Message:6d37, entry=(t:1, i:15), STATEMACHINELOGENTRY, 85@client-44DAD89E24B0
2023-03-14 08:39:15,773 [s0-client-thread1] DEBUG server.RaftServer$Division (RaftServerImpl.java:submitClientRequestAsync(835)) - s0@group-BD63D5292BF3: receive client request(RaftClientRequest:client-44DAD89E24B0->s0@group-BD63D5292BF3, cid=86, seq=0, RW, Message:6d38)
2023-03-14 08:39:15,773 [s0-client-thread1] DEBUG server.RaftServer$Division (LeaderStateImpl.java:addPendingRequest(474)) - s0@group-BD63D5292BF3-LeaderStateImpl: addPendingRequest at RaftClientRequest:client-44DAD89E24B0->s0@group-BD63D5292BF3, cid=86, seq=0, RW, Message:6d38, entry=(t:1, i:17), STATEMACHINELOGENTRY, 86@client-44DAD89E24B0
2023-03-14 08:39:15,774 [s0-client-thread1] DEBUG server.RaftServer$Division (RaftServerImpl.java:submitClientRequestAsync(835)) - s0@group-BD63D5292BF3: receive client request(RaftClientRequest:client-44DAD89E24B0->s0@group-BD63D5292BF3, cid=87, seq=0, RW, Message:6d39)
2023-03-14 08:39:15,774 [s0-client-thread1] DEBUG server.RaftServer$Division (LeaderStateImpl.java:addPendingRequest(474)) - s0@group-BD63D5292BF3-LeaderStateImpl: addPendingRequest at RaftClientRequest:client-44DAD89E24B0->s0@group-BD63D5292BF3, cid=87, seq=0, RW, Message:6d39, entry=(t:1, i:19), STATEMACHINELOGENTRY, 87@client-44DAD89E24B0
2023-03-14 08:39:15,776 [s0-client-thread1] DEBUG server.RaftServer$Division (RaftServerImpl.java:submitClientRequestAsync(835)) - s0@group-BD63D5292BF3: receive client request(RaftClientRequest:client-44DAD89E24B0->s0@group-BD63D5292BF3, cid=88, seq=0, RW, Message:6d3130)
2023-03-14 08:39:15,777 [s0-client-thread1] DEBUG server.RaftServer$Division (LeaderStateImpl.java:addPendingRequest(474)) - s0@group-BD63D5292BF3-LeaderStateImpl: addPendingRequest at RaftClientRequest:client-44DAD89E24B0->s0@group-BD63D5292BF3, cid=88, seq=0, RW, Message:6d3130, entry=(t:1, i:21), STATEMACHINELOGENTRY, 88@client-44DAD89E24B0
2023-03-14 08:39:15,778 [s0-client-thread1] DEBUG server.RaftServer$Division (RaftServerImpl.java:submitClientRequestAsync(835)) - s0@group-BD63D5292BF3: receive client request(RaftClientRequest:client-44DAD89E24B0->s0@group-BD63D5292BF3, cid=89, seq=0, RW, Message:6d3131)
2023-03-14 08:39:15,778 [s0-client-thread1] DEBUG server.RaftServer$Division (LeaderStateImpl.java:addPendingRequest(474)) - s0@group-BD63D5292BF3-LeaderStateImpl: addPendingRequest at RaftClientRequest:client-44DAD89E24B0->s0@group-BD63D5292BF3, cid=89, seq=0, RW, Message:6d3131, entry=(t:1, i:23), STATEMACHINELOGENTRY, 89@client-44DAD89E24B0
2023-03-14 08:39:15,780 [s0-client-thread1] DEBUG server.RaftServer$Division (RaftServerImpl.java:submitClientRequestAsync(835)) - s0@group-BD63D5292BF3: receive client request(RaftClientRequest:client-44DAD89E24B0->s0@group-BD63D5292BF3, cid=90, seq=0, RW, Message:6d3132)
2023-03-14 08:39:15,780 [s0-client-thread1] DEBUG server.RaftServer$Division (LeaderStateImpl.java:addPendingRequest(474)) - s0@group-BD63D5292BF3-LeaderStateImpl: addPendingRequest at RaftClientRequest:client-44DAD89E24B0->s0@group-BD63D5292BF3, cid=90, seq=0, RW, Message:6d3132, entry=(t:1, i:25), STATEMACHINELOGENTRY, 90@client-44DAD89E24B0
2023-03-14 08:39:15,781 [s0-client-thread1] DEBUG server.RaftServer$Division (RaftServerImpl.java:submitClientRequestAsync(835)) - s0@group-BD63D5292BF3: receive client request(RaftClientRequest:client-44DAD89E24B0->s0@group-BD63D5292BF3, cid=91, seq=0, RW, Message:6d3133)
2023-03-14 08:39:15,781 [s0-client-thread1] DEBUG server.RaftServer$Division (LeaderStateImpl.java:addPendingRequest(474)) - s0@group-BD63D5292BF3-LeaderStateImpl: addPendingRequest at RaftClientRequest:client-44DAD89E24B0->s0@group-BD63D5292BF3, cid=91, seq=0, RW, Message:6d3133, entry=(t:1, i:27), STATEMACHINELOGENTRY, 91@client-44DAD89E24B0
2023-03-14 08:39:15,783 [s0-client-thread1] DEBUG server.RaftServer$Division (RaftServerImpl.java:submitClientRequestAsync(835)) - s0@group-BD63D5292BF3: receive client request(RaftClientRequest:client-44DAD89E24B0->s0@group-BD63D5292BF3, cid=92, seq=0, RW, Message:6d3134)
2023-03-14 08:39:15,783 [s0-client-thread1] DEBUG server.RaftServer$Division (LeaderStateImpl.java:addPendingRequest(474)) - s0@group-BD63D5292BF3-LeaderStateImpl: addPendingRequest at RaftClientRequest:client-44DAD89E24B0->s0@group-BD63D5292BF3, cid=92, seq=0, RW, Message:6d3134, entry=(t:1, i:29), STATEMACHINELOGENTRY, 92@client-44DAD89E24B0
2023-03-14 08:39:15,784 [s0-client-thread1] DEBUG server.RaftServer$Division (RaftServerImpl.java:submitClientRequestAsync(835)) - s0@group-BD63D5292BF3: receive client request(RaftClientRequest:client-44DAD89E24B0->s0@group-BD63D5292BF3, cid=93, seq=0, RW, Message:6d3135)
2023-03-14 08:39:15,785 [s0-client-thread1] DEBUG server.RaftServer$Division (LeaderStateImpl.java:addPendingRequest(474)) - s0@group-BD63D5292BF3-LeaderStateImpl: addPendingRequest at RaftClientRequest:client-44DAD89E24B0->s0@group-BD63D5292BF3, cid=93, seq=0, RW, Message:6d3135, entry=(t:1, i:31), STATEMACHINELOGENTRY, 93@client-44DAD89E24B0
2023-03-14 08:39:15,786 [s0-client-thread1] DEBUG server.RaftServer$Division (RaftServerImpl.java:submitClientRequestAsync(835)) - s0@group-BD63D5292BF3: receive client request(RaftClientRequest:client-44DAD89E24B0->s0@group-BD63D5292BF3, cid=94, seq=0, RW, Message:6d3136)
2023-03-14 08:39:15,786 [s0-client-thread1] DEBUG server.RaftServer$Division (LeaderStateImpl.java:addPendingRequest(474)) - s0@group-BD63D5292BF3-LeaderStateImpl: addPendingRequest at RaftClientRequest:client-44DAD89E24B0->s0@group-BD63D5292BF3, cid=94, seq=0, RW, Message:6d3136, entry=(t:1, i:33), STATEMACHINELOGENTRY, 94@client-44DAD89E24B0
2023-03-14 08:39:15,787 [s0-client-thread1] DEBUG server.RaftServer$Division (RaftServerImpl.java:submitClientRequestAsync(835)) - s0@group-BD63D5292BF3: receive client request(RaftClientRequest:client-44DAD89E24B0->s0@group-BD63D5292BF3, cid=95, seq=0, RW, Message:6d3137)
2023-03-14 08:39:15,787 [s0-client-thread1] DEBUG server.RaftServer$Division (LeaderStateImpl.java:addPendingRequest(474)) - s0@group-BD63D5292BF3-LeaderStateImpl: addPendingRequest at RaftClientRequest:client-44DAD89E24B0->s0@group-BD63D5292BF3, cid=95, seq=0, RW, Message:6d3137, entry=(t:1, i:35), STATEMACHINELOGENTRY, 95@client-44DAD89E24B0
2023-03-14 08:39:15,788 [s0-client-thread1] DEBUG server.RaftServer$Division (RaftServerImpl.java:submitClientRequestAsync(835)) - s0@group-BD63D5292BF3: receive client request(RaftClientRequest:client-44DAD89E24B0->s0@group-BD63D5292BF3, cid=96, seq=0, RW, Message:6d3138)
2023-03-14 08:39:15,788 [s0-client-thread1] DEBUG server.RaftServer$Division (LeaderStateImpl.java:addPendingRequest(474)) - s0@group-BD63D5292BF3-LeaderStateImpl: addPendingRequest at RaftClientRequest:client-44DAD89E24B0->s0@group-BD63D5292BF3, cid=96, seq=0, RW, Message:6d3138, entry=(t:1, i:37), STATEMACHINELOGENTRY, 96@client-44DAD89E24B0
2023-03-14 08:39:15,790 [s0-client-thread1] DEBUG server.RaftServer$Division (RaftServerImpl.java:submitClientRequestAsync(835)) - s0@group-BD63D5292BF3: receive client request(RaftClientRequest:client-44DAD89E24B0->s0@group-BD63D5292BF3, cid=97, seq=0, RW, Message:6d3139)
2023-03-14 08:39:15,790 [s0-client-thread1] DEBUG server.RaftServer$Division (LeaderStateImpl.java:addPendingRequest(474)) - s0@group-BD63D5292BF3-LeaderStateImpl: addPendingRequest at RaftClientRequest:client-44DAD89E24B0->s0@group-BD63D5292BF3, cid=97, seq=0, RW, Message:6d3139, entry=(t:1, i:39), STATEMACHINELOGENTRY, 97@client-44DAD89E24B0
2023-03-14 08:39:15,791 [Time-limited test] INFO  impl.MiniRaftCluster (MiniRaftCluster.java:addNewPeers(464)) - Add new peers [s1]
2023-03-14 08:39:15,791 [Time-limited test] INFO  impl.MiniRaftCluster (MiniRaftCluster.java:newRaftServer(382)) - newRaftServer: s1, group-BD63D5292BF3:[s0|rpc:localhost:34889|admin:localhost:41905|client:localhost:43285|dataStream:localhost:35447|priority:0|startupRole:FOLLOWER, s1|priority:0|startupRole:FOLLOWER], format? true
2023-03-14 08:39:15,791 [Time-limited test] TRACE util.FileUtils (FileUtils.java:deleteFully(201)) - deleteFully target/test/data/be523d36/MiniRaftClusterWithGrpc102000d5/s1
2023-03-14 08:39:15,791 [Time-limited test] TRACE util.FileUtils (FileUtils.java:deleteFully(217)) - deleteFully: target/test/data/be523d36/MiniRaftClusterWithGrpc102000d5/s1 does not exist.
2023-03-14 08:39:15,791 [Time-limited test] INFO  impl.MiniRaftCluster (MiniRaftCluster.java:newRaftServer(387)) - Formatted directory target/test/data/be523d36/MiniRaftClusterWithGrpc102000d5/s1
2023-03-14 08:39:15,791 [Time-limited test] INFO  server.RaftServer (ConfUtils.java:logGet(46)) - raft.rpc.type = GRPC (default)
2023-03-14 08:39:15,791 [Time-limited test] INFO  grpc.GrpcConfigKeys (ConfUtils.java:logFallback(53)) - raft.grpc.admin.host = null (fallback to raft.grpc.server.host)
2023-03-14 08:39:15,791 [Time-limited test] INFO  grpc.GrpcConfigKeys (ConfUtils.java:logFallback(53)) - raft.grpc.admin.port = 36511 (fallback to raft.grpc.server.port)
2023-03-14 08:39:15,791 [Time-limited test] INFO  grpc.GrpcConfigKeys (ConfUtils.java:logFallback(53)) - raft.grpc.client.host = null (fallback to raft.grpc.server.host)
2023-03-14 08:39:15,791 [Time-limited test] INFO  grpc.GrpcConfigKeys (ConfUtils.java:logFallback(53)) - raft.grpc.client.port = 36511 (fallback to raft.grpc.server.port)
2023-03-14 08:39:15,791 [Time-limited test] INFO  grpc.GrpcConfigKeys (ConfUtils.java:logGet(46)) - raft.grpc.server.host = null (default)
2023-03-14 08:39:15,791 [Time-limited test] INFO  grpc.GrpcConfigKeys (ConfUtils.java:logGet(46)) - raft.grpc.server.port = 36511 (custom)
2023-03-14 08:39:15,791 [Time-limited test] INFO  server.GrpcService (ConfUtils.java:logGet(46)) - raft.grpc.message.size.max = 64MB (=67108864) (default)
2023-03-14 08:39:15,791 [Time-limited test] INFO  server.RaftServerConfigKeys (ConfUtils.java:logGet(46)) - raft.server.log.appender.buffer.byte-limit = 4MB (=4194304) (default)
2023-03-14 08:39:15,791 [Time-limited test] INFO  server.GrpcService (ConfUtils.java:logGet(46)) - raft.grpc.flow.control.window = 1MB (=1048576) (default)
2023-03-14 08:39:15,791 [Time-limited test] INFO  server.RaftServerConfigKeys (ConfUtils.java:logGet(46)) - raft.server.rpc.request.timeout = 3000ms (default)
2023-03-14 08:39:15,792 [Time-limited test] INFO  grpc.GrpcConfigKeys (ConfUtils.java:logGet(46)) - raft.grpc.server.heartbeat.channel = true (default)
2023-03-14 08:39:15,792 [Time-limited test] INFO  grpc.GrpcConfigKeys (ConfUtils.java:logGet(46)) - raft.grpc.server.async.request.thread.pool.cached = true (default)
2023-03-14 08:39:15,792 [Time-limited test] INFO  grpc.GrpcConfigKeys (ConfUtils.java:logGet(46)) - raft.grpc.server.async.request.thread.pool.size = 32 (default)
2023-03-14 08:39:15,792 [Time-limited test] INFO  impl.DataStreamServerImpl (ConfUtils.java:logGet(46)) - raft.datastream.type = DISABLED (default)
2023-03-14 08:39:15,792 [Time-limited test] INFO  server.RaftServerConfigKeys (ConfUtils.java:logGet(46)) - raft.server.threadpool.proxy.cached = true (default)
2023-03-14 08:39:15,792 [Time-limited test] INFO  server.RaftServerConfigKeys (ConfUtils.java:logGet(46)) - raft.server.threadpool.proxy.size = 0 (default)
2023-03-14 08:39:15,792 [Time-limited test] INFO  server.RaftServerConfigKeys (ConfUtils.java:logGet(46)) - raft.server.rpc.slowness.timeout = 60s (default)
2023-03-14 08:39:15,792 [Time-limited test] INFO  server.RaftServerConfigKeys (ConfUtils.java:logGet(46)) - raft.server.leaderelection.leader.step-down.wait-time = 10s (default)
2023-03-14 08:39:15,792 [Time-limited test] INFO  server.RaftServerConfigKeys (ConfUtils.java:logGet(46)) - raft.server.storage.dir = [/home/runner/work/ratis/ratis/ratis-test/target/test/data/be523d36/MiniRaftClusterWithGrpc102000d5/s1] (custom)
2023-03-14 08:39:15,795 [Time-limited test] INFO  server.RaftServer (RaftServerProxy.java:addNew(99)) - s1: addNew group-BD63D5292BF3:[s0|rpc:localhost:34889|admin:localhost:41905|client:localhost:43285|dataStream:localhost:35447|priority:0|startupRole:FOLLOWER, s1|priority:0|startupRole:FOLLOWER] returns group-BD63D5292BF3:java.util.concurrent.CompletableFuture@75383778[Not completed]
2023-03-14 08:39:15,796 [s1-groupManagement] INFO  server.RaftServer$Division (RaftServerImpl.java:<init>(198)) - s1: new RaftServerImpl for group-BD63D5292BF3:[s0|rpc:localhost:34889|admin:localhost:41905|client:localhost:43285|dataStream:localhost:35447|priority:0|startupRole:FOLLOWER, s1|priority:0|startupRole:FOLLOWER] with BaseStateMachine:uninitialized
2023-03-14 08:39:15,796 [s1-groupManagement] INFO  server.RaftServerConfigKeys (ConfUtils.java:logGet(46)) - raft.server.rpc.timeout.min = 150ms (default)
2023-03-14 08:39:15,796 [s1-groupManagement] INFO  server.RaftServerConfigKeys (ConfUtils.java:logGet(46)) - raft.server.rpc.timeout.max = 300ms (default)
2023-03-14 08:39:15,796 [s1-groupManagement] INFO  server.RaftServerConfigKeys (ConfUtils.java:logGet(46)) - raft.server.rpc.sleep.time = 25ms (default)
2023-03-14 08:39:15,796 [s1-groupManagement] INFO  server.RaftServerConfigKeys (ConfUtils.java:logGet(46)) - raft.server.rpc.slowness.timeout = 60s (default)
2023-03-14 08:39:15,797 [s1-groupManagement] INFO  server.RaftServerConfigKeys (ConfUtils.java:logGet(46)) - raft.server.leaderelection.leader.step-down.wait-time = 10s (default)
2023-03-14 08:39:15,797 [s1-groupManagement] INFO  server.RaftServerConfigKeys (ConfUtils.java:logGet(46)) - raft.server.sleep.deviation.threshold = 300ms (default)
2023-03-14 08:39:15,797 [s1-groupManagement] INFO  server.RaftServer$Division (ServerState.java:<init>(113)) - s1@group-BD63D5292BF3: ConfigurationManager, init=-1: peers:[s0|rpc:localhost:34889|admin:localhost:41905|client:localhost:43285|dataStream:localhost:35447|priority:0|startupRole:FOLLOWER, s1|priority:0|startupRole:FOLLOWER]|listeners:[], old=null, confs=<EMPTY_MAP>
2023-03-14 08:39:15,797 [s1-groupManagement] INFO  server.RaftServerConfigKeys (ConfUtils.java:logGet(46)) - raft.server.notification.no-leader.timeout = 60s (default)
2023-03-14 08:39:15,797 [s1-groupManagement] INFO  server.RaftServerConfigKeys (ConfUtils.java:logGet(46)) - raft.server.read.timeout = 10s (default)
2023-03-14 08:39:15,797 [s1-groupManagement] INFO  server.RaftServerConfigKeys (ConfUtils.java:logGet(46)) - raft.server.retrycache.expirytime = 60s (default)
2023-03-14 08:39:15,797 [s1-groupManagement] INFO  server.RaftServerConfigKeys (ConfUtils.java:logGet(46)) - raft.server.retrycache.statistics.expirytime = 100μs (default)
2023-03-14 08:39:15,797 [s1-groupManagement] INFO  server.RaftServerConfigKeys (ConfUtils.java:logGet(46)) - raft.server.read.option = DEFAULT (default)
2023-03-14 08:39:15,797 [s1-groupManagement] INFO  server.RaftServerConfigKeys (ConfUtils.java:logGet(46)) - raft.server.log.appender.install.snapshot.enabled = true (default)
2023-03-14 08:39:15,797 [s1-groupManagement] INFO  server.RaftServerConfigKeys (ConfUtils.java:logGet(46)) - raft.server.threadpool.server.cached = true (default)
2023-03-14 08:39:15,797 [s1-groupManagement] INFO  server.RaftServerConfigKeys (ConfUtils.java:logGet(46)) - raft.server.threadpool.server.size = 0 (default)
2023-03-14 08:39:15,797 [s1-groupManagement] INFO  server.RaftServerConfigKeys (ConfUtils.java:logGet(46)) - raft.server.threadpool.client.cached = true (default)
2023-03-14 08:39:15,798 [s1-groupManagement] INFO  server.RaftServerConfigKeys (ConfUtils.java:logGet(46)) - raft.server.threadpool.client.size = 0 (default)
2023-03-14 08:39:15,798 [s1-impl-thread1] INFO  server.RaftServerConfigKeys (ConfUtils.java:logGet(46)) - raft.server.storage.free-space.min = 0MB (=0) (default)
2023-03-14 08:39:15,798 [s1-impl-thread1] INFO  server.RaftServerConfigKeys (ConfUtils.java:logGet(46)) - raft.server.log.corruption.policy = EXCEPTION (default)
2023-03-14 08:39:15,798 [s1-impl-thread1] INFO  server.RaftServerConfigKeys (ConfUtils.java:logGet(46)) - raft.server.storage.dir = [/home/runner/work/ratis/ratis/ratis-test/target/test/data/be523d36/MiniRaftClusterWithGrpc102000d5/s1] (custom)
2023-03-14 08:39:15,798 [s1-impl-thread1] INFO  storage.RaftStorageDirectory (RaftStorageDirectoryImpl.java:analyzeStorage(138)) - The storage directory /home/runner/work/ratis/ratis/ratis-test/target/test/data/be523d36/MiniRaftClusterWithGrpc102000d5/s1/eefcb7d4-c78e-4ae8-a142-bd63d5292bf3 does not exist. Creating ...
2023-03-14 08:39:15,798 [s1-impl-thread1] TRACE util.FileUtils (LogUtils.java:runAndLog(49)) - Successfully ran Files.createDirectories /home/runner/work/ratis/ratis/ratis-test/target/test/data/be523d36/MiniRaftClusterWithGrpc102000d5/s1/eefcb7d4-c78e-4ae8-a142-bd63d5292bf3
2023-03-14 08:39:15,799 [s1-impl-thread1] INFO  storage.RaftStorageDirectory (RaftStorageDirectoryImpl.java:tryLock(232)) - Lock on /home/runner/work/ratis/ratis/ratis-test/target/test/data/be523d36/MiniRaftClusterWithGrpc102000d5/s1/eefcb7d4-c78e-4ae8-a142-bd63d5292bf3/in_use.lock acquired by nodename 10435@fv-az41-628
2023-03-14 08:39:15,799 [s1-impl-thread1] TRACE util.FileUtils (LogUtils.java:runAndLog(49)) - Successfully ran Files.createDirectories /home/runner/work/ratis/ratis/ratis-test/target/test/data/be523d36/MiniRaftClusterWithGrpc102000d5/s1/eefcb7d4-c78e-4ae8-a142-bd63d5292bf3/current
2023-03-14 08:39:15,799 [s1-impl-thread1] TRACE util.FileUtils (LogUtils.java:runAndLog(49)) - Successfully ran Files.createDirectories /home/runner/work/ratis/ratis/ratis-test/target/test/data/be523d36/MiniRaftClusterWithGrpc102000d5/s1/eefcb7d4-c78e-4ae8-a142-bd63d5292bf3/sm
2023-03-14 08:39:15,800 [s1-impl-thread1] INFO  storage.RaftStorage (RaftStorageImpl.java:format(96)) - Storage directory /home/runner/work/ratis/ratis/ratis-test/target/test/data/be523d36/MiniRaftClusterWithGrpc102000d5/s1/eefcb7d4-c78e-4ae8-a142-bd63d5292bf3 has been successfully formatted.
2023-03-14 08:39:15,800 [s1-impl-thread1] INFO  server.RaftServerConfigKeys (ConfUtils.java:logGet(46)) - raft.server.log.use.memory = false (default)
2023-03-14 08:39:15,800 [s1-impl-thread1] INFO  server.RaftServerConfigKeys (ConfUtils.java:logGet(46)) - raft.server.log.purge.gap = 1024 (default)
2023-03-14 08:39:15,800 [s1-impl-thread1] INFO  server.RaftServerConfigKeys (ConfUtils.java:logGet(46)) - raft.server.log.appender.buffer.byte-limit = 4MB (=4194304) (default)
2023-03-14 08:39:15,800 [s1-impl-thread1] INFO  server.RaftServerConfigKeys (ConfUtils.java:logGet(46)) - raft.server.log.statemachine.data.read.timeout = 1000ms (default)
2023-03-14 08:39:15,800 [s1-impl-thread1] INFO  server.RaftServerConfigKeys (ConfUtils.java:logGet(46)) - raft.server.log.purge.preservation.log.num = 0 (default)
2023-03-14 08:39:15,800 [s1-impl-thread1] INFO  server.RaftServerConfigKeys (ConfUtils.java:logGet(46)) - raft.server.log.segment.size.max = 8MB (=8388608) (default)
2023-03-14 08:39:15,801 [s1-impl-thread1] INFO  server.RaftServerConfigKeys (ConfUtils.java:logGet(46)) - raft.server.log.segment.cache.num.max = 6 (default)
2023-03-14 08:39:15,801 [s1-impl-thread1] INFO  server.RaftServerConfigKeys (ConfUtils.java:logGet(46)) - raft.server.log.segment.cache.size.max = 200MB (=209715200) (default)
2023-03-14 08:39:15,801 [s1-impl-thread1] INFO  server.RaftServerConfigKeys (ConfUtils.java:logGet(46)) - raft.server.log.appender.buffer.byte-limit = 4MB (=4194304) (default)
2023-03-14 08:39:15,801 [s1-impl-thread1] INFO  segmented.SegmentedRaftLogWorker (SegmentedRaftLogWorker.java:<init>(183)) - new s1@group-BD63D5292BF3-SegmentedRaftLogWorker for RaftStorageImpl:Storage Directory /home/runner/work/ratis/ratis/ratis-test/target/test/data/be523d36/MiniRaftClusterWithGrpc102000d5/s1/eefcb7d4-c78e-4ae8-a142-bd63d5292bf3
2023-03-14 08:39:15,801 [s1-impl-thread1] INFO  server.RaftServerConfigKeys (ConfUtils.java:logGet(46)) - raft.server.log.queue.byte-limit = 64MB (=67108864) (default)
2023-03-14 08:39:15,801 [s1-impl-thread1] INFO  server.RaftServerConfigKeys (ConfUtils.java:logGet(46)) - raft.server.log.queue.element-limit = 4096 (default)
2023-03-14 08:39:15,801 [s1-impl-thread1] INFO  server.RaftServerConfigKeys (ConfUtils.java:logGet(46)) - raft.server.log.segment.size.max = 8MB (=8388608) (default)
2023-03-14 08:39:15,801 [s1-impl-thread1] INFO  server.RaftServerConfigKeys (ConfUtils.java:logGet(46)) - raft.server.log.preallocated.size = 4MB (=4194304) (default)
2023-03-14 08:39:15,801 [s1-impl-thread1] INFO  server.RaftServerConfigKeys (ConfUtils.java:logGet(46)) - raft.server.log.force.sync.num = 128 (default)
2023-03-14 08:39:15,801 [s1-impl-thread1] INFO  server.RaftServerConfigKeys (ConfUtils.java:logGet(46)) - raft.server.log.statemachine.data.sync = true (default)
2023-03-14 08:39:15,801 [s1-impl-thread1] INFO  server.RaftServerConfigKeys (ConfUtils.java:logGet(46)) - raft.server.log.statemachine.data.sync.timeout = 10s (default)
2023-03-14 08:39:15,801 [s1-impl-thread1] INFO  server.RaftServerConfigKeys (ConfUtils.java:logGet(46)) - raft.server.log.statemachine.data.sync.timeout.retry = -1 (default)
2023-03-14 08:39:15,801 [s1-impl-thread1] INFO  server.RaftServerConfigKeys (ConfUtils.java:logGet(46)) - raft.server.log.write.buffer.size = 64KB (=65536) (default)
2023-03-14 08:39:15,801 [s1-impl-thread1] INFO  server.RaftServerConfigKeys (ConfUtils.java:logGet(46)) - raft.server.log.appender.buffer.byte-limit = 4MB (=4194304) (default)
2023-03-14 08:39:15,801 [s1-impl-thread1] INFO  server.RaftServerConfigKeys (ConfUtils.java:logGet(46)) - raft.server.log.unsafe-flush.enabled = false (default)
2023-03-14 08:39:15,802 [s1-impl-thread1] INFO  server.RaftServerConfigKeys (ConfUtils.java:logGet(46)) - raft.server.log.async-flush.enabled = false (default)
2023-03-14 08:39:15,802 [s1-impl-thread1] INFO  server.RaftServerConfigKeys (ConfUtils.java:logGet(46)) - raft.server.log.statemachine.data.caching.enabled = false (default)
2023-03-14 08:39:15,802 [s1-impl-thread1] INFO  segmented.SegmentedRaftLogWorker (SegmentedRaftLogWorker.java:lambda$new$0(134)) - s1@group-BD63D5292BF3-SegmentedRaftLogWorker: flushIndex: setUnconditionally 0 -> -1
2023-03-14 08:39:15,802 [s1-impl-thread1] INFO  segmented.SegmentedRaftLogWorker (SegmentedRaftLogWorker.java:lambda$new$0(134)) - s1@group-BD63D5292BF3-SegmentedRaftLogWorker: safeCacheEvictIndex: setUnconditionally 0 -> -1
2023-03-14 08:39:15,803 [s1-impl-thread1] INFO  server.RaftServer$Division (RaftServerImpl.java:start(342)) - s1@group-BD63D5292BF3: start as a follower, conf=-1: peers:[s0|rpc:localhost:34889|admin:localhost:41905|client:localhost:43285|dataStream:localhost:35447|priority:0|startupRole:FOLLOWER, s1|priority:0|startupRole:FOLLOWER]|listeners:[], old=null
2023-03-14 08:39:15,803 [s1-impl-thread1] INFO  server.RaftServer$Division (RaftServerImpl.java:setRole(329)) - s1@group-BD63D5292BF3: changes role from      null to FOLLOWER at term 0 for startAsFollower
2023-03-14 08:39:15,803 [s1-impl-thread1] INFO  impl.RoleInfo (RoleInfo.java:updateAndGet(139)) - s1: start s1@group-BD63D5292BF3-FollowerState
2023-03-14 08:39:15,803 [s1-impl-thread1] INFO  util.JmxRegister (JmxRegister.java:tryRegister(44)) - Successfully registered JMX Bean with object name Ratis:service=RaftServer,group=group-BD63D5292BF3,id=s1
2023-03-14 08:39:15,803 [s1@group-BD63D5292BF3-FollowerState] INFO  server.RaftServerConfigKeys (ConfUtils.java:logFallback(53)) - raft.server.rpc.first-election.timeout.min = 150ms (fallback to raft.server.rpc.timeout.min)
2023-03-14 08:39:15,803 [s1@group-BD63D5292BF3-FollowerState] INFO  server.RaftServerConfigKeys (ConfUtils.java:logFallback(53)) - raft.server.rpc.first-election.timeout.max = 300ms (fallback to raft.server.rpc.timeout.max)
2023-03-14 08:39:15,803 [s1-impl-thread1] INFO  server.RaftServerConfigKeys (ConfUtils.java:logGet(46)) - raft.server.snapshot.auto.trigger.enabled = false (default)
2023-03-14 08:39:15,803 [s1-impl-thread1] INFO  server.RaftServerConfigKeys (ConfUtils.java:logGet(46)) - raft.server.snapshot.retention.file.num = -1 (default)
2023-03-14 08:39:15,803 [s1-impl-thread1] INFO  server.RaftServerConfigKeys (ConfUtils.java:logGet(46)) - raft.server.log.purge.upto.snapshot.index = false (default)
2023-03-14 08:39:15,803 [Time-limited test] INFO  server.RaftServer (RaftServerProxy.java:startImpl(401)) - s1: start RPC server
2023-03-14 08:39:15,804 [Time-limited test] INFO  server.GrpcService (GrpcService.java:startImpl(302)) - s1: GrpcService started, listening on 36511
2023-03-14 08:39:15,804 [Time-limited test] INFO  grpc.TestRaftReconfigurationWithGrpc (RaftReconfigurationBaseTest.java:runTestBootstrapReconf(406)) - Start changing the configuration: [s1|rpc:0.0.0.0:36511|priority:0|startupRole:FOLLOWER, s0|rpc:localhost:34889|admin:localhost:41905|client:localhost:43285|dataStream:localhost:35447|priority:0|startupRole:FOLLOWER]
2023-03-14 08:39:15,804 [JvmPauseMonitor69] INFO  util.JvmPauseMonitor (JvmPauseMonitor.java:run(103)) - JvmPauseMonitor-s1: Started
2023-03-14 08:39:15,809 [s0-server-thread1] INFO  server.RaftServer$Division (RaftServerImpl.java:setConfigurationAsync(1197)) - s0@group-BD63D5292BF3: receive setConfiguration SetConfigurationRequest:client-44DAD89E24B0->s0@group-BD63D5292BF3, cid=98, seq=0, RW, null, SET_UNCONDITIONALLY, servers:[s1|rpc:0.0.0.0:36511|dataStream:|priority:0|startupRole:FOLLOWER, s0|rpc:localhost:34889|admin:localhost:41905|client:localhost:43285|dataStream:localhost:35447|priority:0|startupRole:FOLLOWER], listeners:[]
2023-03-14 08:39:15,809 [s0-server-thread1] INFO  server.RaftServer$Division (LeaderStateImpl.java:startSetConfiguration(440)) - s0@group-BD63D5292BF3-LeaderStateImpl: startSetConfiguration SetConfigurationRequest:client-44DAD89E24B0->s0@group-BD63D5292BF3, cid=98, seq=0, RW, null, SET_UNCONDITIONALLY, servers:[s1|rpc:0.0.0.0:36511|dataStream:|priority:0|startupRole:FOLLOWER, s0|rpc:localhost:34889|admin:localhost:41905|client:localhost:43285|dataStream:localhost:35447|priority:0|startupRole:FOLLOWER], listeners:[]
2023-03-14 08:39:15,809 [s0-server-thread1] INFO  server.RaftServerConfigKeys (ConfUtils.java:logGet(46)) - raft.server.log.appender.snapshot.chunk.size.max = 16MB (=16777216) (default)
2023-03-14 08:39:15,809 [s0-server-thread1] INFO  server.RaftServerConfigKeys (ConfUtils.java:logGet(46)) - raft.server.log.appender.buffer.byte-limit = 4MB (=4194304) (default)
2023-03-14 08:39:15,809 [s0-server-thread1] INFO  server.RaftServerConfigKeys (ConfUtils.java:logGet(46)) - raft.server.log.appender.buffer.element-limit = 0 (default)
2023-03-14 08:39:15,809 [s0-server-thread1] INFO  server.RaftServerConfigKeys (ConfUtils.java:logGet(46)) - raft.server.log.appender.wait-time.min = 10ms (default)
2023-03-14 08:39:15,809 [s0-server-thread1] INFO  grpc.GrpcConfigKeys (ConfUtils.java:logGet(46)) - raft.grpc.server.leader.outstanding.appends.max = 128 (default)
2023-03-14 08:39:15,809 [s0-server-thread1] INFO  server.RaftServerConfigKeys (ConfUtils.java:logGet(46)) - raft.server.rpc.request.timeout = 3000ms (default)
2023-03-14 08:39:15,810 [s0-server-thread1] INFO  server.RaftServerConfigKeys (ConfUtils.java:logGet(46)) - raft.server.log.appender.install.snapshot.enabled = true (default)
2023-03-14 08:39:15,810 [s0-server-thread1] INFO  grpc.GrpcConfigKeys (ConfUtils.java:logGet(46)) - raft.grpc.server.heartbeat.channel = true (default)
2023-03-14 08:39:15,810 [s0@group-BD63D5292BF3->s1-GrpcLogAppender-LogAppenderDaemon] INFO  leader.FollowerInfo (FollowerInfoImpl.java:setAttemptedToInstallSnapshot(126)) - Follower s0@group-BD63D5292BF3->s1 acknowledged installing snapshot
2023-03-14 08:39:15,810 [s0@group-BD63D5292BF3->s1-GrpcLogAppender-LogAppenderDaemon] INFO  server.GrpcServerProtocolClient (GrpcServerProtocolClient.java:<init>(64)) - Build channel for s1
2023-03-14 08:39:15,821 [s1-server-thread1] INFO  server.RaftServer$Division (ServerState.java:setLeader(260)) - s1@group-BD63D5292BF3: change Leader from null to s0 at term 1 for appendEntries, leader elected after 24ms
2023-03-14 08:39:15,827 [s1-server-thread3] DEBUG server.RaftServer$Division (RaftServerImpl.java:logAppendEntries(1430)) - s1@group-BD63D5292BF3: receive appendEntries(s0, 1, null, 40, false, commits:[s0:c40, s1:c-1], cId:1, entries: [(t:1, i:0), CONFIGURATIONENTRY(current:id: "s0"
address: "localhost:34889"
dataStreamAddress: "localhost:35447"
clientAddress: "localhost:43285"
adminAddress: "localhost:41905"
startupRole: FOLLOWER
, old:), (t:1, i:1), STATEMACHINELOGENTRY, 78@client-44DAD89E24B0, (t:1, i:2), METADATAENTRY(c:1), (t:1, i:3), STATEMACHINELOGENTRY, 79@client-44DAD89E24B0, (t:1, i:4), METADATAENTRY(c:3), (t:1, i:5), STATEMACHINELOGENTRY, 80@client-44DAD89E24B0, (t:1, i:6), METADATAENTRY(c:5), (t:1, i:7), STATEMACHINELOGENTRY, 81@client-44DAD89E24B0, (t:1, i:8), METADATAENTRY(c:7), (t:1, i:9), STATEMACHINELOGENTRY, 82@client-44DAD89E24B0, (t:1, i:10), METADATAENTRY(c:9), (t:1, i:11), STATEMACHINELOGENTRY, 83@client-44DAD89E24B0, (t:1, i:12), METADATAENTRY(c:11), (t:1, i:13), STATEMACHINELOGENTRY, 84@client-44DAD89E24B0, (t:1, i:14), METADATAENTRY(c:13), (t:1, i:15), STATEMACHINELOGENTRY, 85@client-44DAD89E24B0, (t:1, i:16), METADATAENTRY(c:15), (t:1, i:17), STATEMACHINELOGENTRY, 86@client-44DAD89E24B0, (t:1, i:18), METADATAENTRY(c:17), (t:1, i:19), STATEMACHINELOGENTRY, 87@client-44DAD89E24B0, (t:1, i:20), METADATAENTRY(c:19), (t:1, i:21), STATEMACHINELOGENTRY, 88@client-44DAD89E24B0, (t:1, i:22), METADATAENTRY(c:21), (t:1, i:23), STATEMACHINELOGENTRY, 89@client-44DAD89E24B0, (t:1, i:24), METADATAENTRY(c:23), (t:1, i:25), STATEMACHINELOGENTRY, 90@client-44DAD89E24B0, (t:1, i:26), METADATAENTRY(c:25), (t:1, i:27), STATEMACHINELOGENTRY, 91@client-44DAD89E24B0, (t:1, i:28), METADATAENTRY(c:27), (t:1, i:29), STATEMACHINELOGENTRY, 92@client-44DAD89E24B0, (t:1, i:30), METADATAENTRY(c:29), (t:1, i:31), STATEMACHINELOGENTRY, 93@client-44DAD89E24B0, (t:1, i:32), METADATAENTRY(c:31), (t:1, i:33), STATEMACHINELOGENTRY, 94@client-44DAD89E24B0, (t:1, i:34), METADATAENTRY(c:33), (t:1, i:35), STATEMACHINELOGENTRY, 95@client-44DAD89E24B0, (t:1, i:36), METADATAENTRY(c:35), (t:1, i:37), STATEMACHINELOGENTRY, 96@client-44DAD89E24B0, (t:1, i:38), METADATAENTRY(c:37), (t:1, i:39), STATEMACHINELOGENTRY, 97@client-44DAD89E24B0, (t:1, i:40), METADATAENTRY(c:39)]
2023-03-14 08:39:15,828 [s1-server-thread3] INFO  server.RaftServer$Division (ServerState.java:setRaftConf(378)) - s1@group-BD63D5292BF3: set configuration 0: peers:[s0|rpc:localhost:34889|admin:localhost:41905|client:localhost:43285|dataStream:localhost:35447|priority:0|startupRole:FOLLOWER]|listeners:[], old=null
2023-03-14 08:39:15,828 [s1-server-thread3] INFO  segmented.SegmentedRaftLogWorker (SegmentedRaftLogWorker.java:startLogSegment(426)) - s1@group-BD63D5292BF3-SegmentedRaftLogWorker: Starting segment from index:0
2023-03-14 08:39:15,835 [s1@group-BD63D5292BF3-SegmentedRaftLogWorker] INFO  segmented.SegmentedRaftLogWorker (SegmentedRaftLogWorker.java:execute(630)) - s1@group-BD63D5292BF3-SegmentedRaftLogWorker: created new log segment /home/runner/work/ratis/ratis/ratis-test/target/test/data/be523d36/MiniRaftClusterWithGrpc102000d5/s1/eefcb7d4-c78e-4ae8-a142-bd63d5292bf3/current/log_inprogress_0
2023-03-14 08:39:15,839 [s1-server-thread3] DEBUG server.RaftServer$Division (RaftServerImpl.java:logAppendEntries(1430)) - s1@group-BD63D5292BF3: succeeded to handle AppendEntries. Reply: s0<-s1#1:OK-t1,SUCCESS,nextIndex=41,followerCommit=40,matchIndex=40
2023-03-14 08:39:15,843 [s0@group-BD63D5292BF3-LeaderStateImpl] INFO  server.RaftServer$Division (ServerState.java:setRaftConf(378)) - s0@group-BD63D5292BF3: set configuration 41: peers:[s0|rpc:localhost:34889|admin:localhost:41905|client:localhost:43285|dataStream:localhost:35447|priority:0|startupRole:FOLLOWER, s1|rpc:0.0.0.0:36511|dataStream:|priority:0|startupRole:FOLLOWER]|listeners:[], old=peers:[s0|rpc:localhost:34889|admin:localhost:41905|client:localhost:43285|dataStream:localhost:35447|priority:0|startupRole:FOLLOWER]|listeners:[]
2023-03-14 08:39:15,844 [s1-server-thread3] DEBUG server.RaftServer$Division (RaftServerImpl.java:logAppendEntries(1430)) - s1@group-BD63D5292BF3: receive appendEntries(s0, 1, (t:1, i:40), 40, true, commits:[s0:c40, s1:c40], cId:5356, entries: [(t:1, i:41), CONFIGURATIONENTRY(current:id: "s0"
address: "localhost:34889"
dataStreamAddress: "localhost:35447"
clientAddress: "localhost:43285"
adminAddress: "localhost:41905"
startupRole: FOLLOWER
,id: "s1"
address: "0.0.0.0:36511"
clientAddress: "0.0.0.0:36511"
adminAddress: "0.0.0.0:36511"
startupRole: FOLLOWER
, old:id: "s0"
address: "localhost:34889"
dataStreamAddress: "localhost:35447"
clientAddress: "localhost:43285"
adminAddress: "localhost:41905"
startupRole: FOLLOWER
)]
2023-03-14 08:39:15,844 [s1-server-thread3] INFO  server.RaftServer$Division (ServerState.java:setRaftConf(378)) - s1@group-BD63D5292BF3: set configuration 41: peers:[s0|rpc:localhost:34889|admin:localhost:41905|client:localhost:43285|dataStream:localhost:35447|priority:0|startupRole:FOLLOWER, s1|rpc:0.0.0.0:36511|dataStream:|priority:0|startupRole:FOLLOWER]|listeners:[], old=peers:[s0|rpc:localhost:34889|admin:localhost:41905|client:localhost:43285|dataStream:localhost:35447|priority:0|startupRole:FOLLOWER]|listeners:[]
2023-03-14 08:39:15,846 [s1-server-thread3] DEBUG server.RaftServer$Division (RaftServerImpl.java:logAppendEntries(1430)) - s1@group-BD63D5292BF3: succeeded to handle AppendEntries. Reply: s0<-s1#5356:OK-t1,SUCCESS,nextIndex=42,followerCommit=40,matchIndex=41
2023-03-14 08:39:15,847 [s0@group-BD63D5292BF3-LeaderStateImpl] INFO  server.RaftServer$Division (ServerState.java:setRaftConf(378)) - s0@group-BD63D5292BF3: set configuration 43: peers:[s0|rpc:localhost:34889|admin:localhost:41905|client:localhost:43285|dataStream:localhost:35447|priority:0|startupRole:FOLLOWER, s1|rpc:0.0.0.0:36511|dataStream:|priority:0|startupRole:FOLLOWER]|listeners:[], old=null
2023-03-14 08:39:15,856 [s1-server-thread3] DEBUG server.RaftServer$Division (RaftServerImpl.java:logAppendEntries(1430)) - s1@group-BD63D5292BF3: receive appendEntries(s0, 1, (t:1, i:41), 41, true, commits:[s0:c41, s1:c40], cId:5357, entries: [(t:1, i:42), METADATAENTRY(c:41), (t:1, i:43), CONFIGURATIONENTRY(current:id: "s0"
address: "localhost:34889"
dataStreamAddress: "localhost:35447"
clientAddress: "localhost:43285"
adminAddress: "localhost:41905"
startupRole: FOLLOWER
,id: "s1"
address: "0.0.0.0:36511"
clientAddress: "0.0.0.0:36511"
adminAddress: "0.0.0.0:36511"
startupRole: FOLLOWER
, old:)]
2023-03-14 08:39:15,856 [s1-server-thread3] INFO  server.RaftServer$Division (ServerState.java:setRaftConf(378)) - s1@group-BD63D5292BF3: set configuration 43: peers:[s0|rpc:localhost:34889|admin:localhost:41905|client:localhost:43285|dataStream:localhost:35447|priority:0|startupRole:FOLLOWER, s1|rpc:0.0.0.0:36511|dataStream:|priority:0|startupRole:FOLLOWER]|listeners:[], old=null
2023-03-14 08:39:15,857 [s1-server-thread3] DEBUG server.RaftServer$Division (RaftServerImpl.java:logAppendEntries(1430)) - s1@group-BD63D5292BF3: succeeded to handle AppendEntries. Reply: s0<-s1#5357:OK-t1,SUCCESS,nextIndex=44,followerCommit=41,matchIndex=43
2023-03-14 08:39:15,868 [s1-server-thread3] DEBUG server.RaftServer$Division (RaftServerImpl.java:logAppendEntries(1430)) - s1@group-BD63D5292BF3: receive appendEntries(s0, 1, (t:1, i:43), 43, true, commits:[s0:c43, s1:c41], cId:5358, entries: [(t:1, i:44), METADATAENTRY(c:43)]
2023-03-14 08:39:15,868 [s1-server-thread3] DEBUG server.RaftServer$Division (RaftServerImpl.java:logAppendEntries(1430)) - s1@group-BD63D5292BF3: succeeded to handle AppendEntries. Reply: s0<-s1#5358:OK-t1,SUCCESS,nextIndex=45,followerCommit=43,matchIndex=44
2023-03-14 08:39:16,804 [Time-limited test] INFO  grpc.TestRaftReconfigurationWithGrpc (RaftReconfigurationBaseTest.java:runTestBootstrapReconf(423)) - start new peer(s): s1|rpc:0.0.0.0:36511|priority:0|startupRole:FOLLOWER
2023-03-14 08:39:16,804 [Time-limited test] INFO  impl.MiniRaftCluster (MiniRaftCluster.java:killServer(533)) - killServer s1
2023-03-14 08:39:16,805 [Time-limited test] INFO  server.RaftServer (RaftServerProxy.java:lambda$close$7(417)) - s1: close
2023-03-14 08:39:16,805 [Time-limited test] INFO  server.GrpcService (GrpcService.java:closeImpl(311)) - s1: shutdown server GrpcServerProtocolService now
2023-03-14 08:39:16,805 [s1-impl-thread1] INFO  server.RaftServer$Division (RaftServerImpl.java:lambda$close$4(466)) - s1@group-BD63D5292BF3: shutdown
2023-03-14 08:39:16,805 [s1-impl-thread1] INFO  util.JmxRegister (JmxRegister.java:unregister(73)) - Successfully un-registered JMX Bean with object name Ratis:service=RaftServer,group=group-BD63D5292BF3,id=s1
2023-03-14 08:39:16,805 [s1-impl-thread1] INFO  impl.RoleInfo (RoleInfo.java:shutdownFollowerState(110)) - s1: shutdown s1@group-BD63D5292BF3-FollowerState
2023-03-14 08:39:16,805 [s1-impl-thread1] INFO  impl.StateMachineUpdater (StateMachineUpdater.java:stopAndJoin(154)) - s1@group-BD63D5292BF3-StateMachineUpdater: set stopIndex = 44
2023-03-14 08:39:16,805 [s1@group-BD63D5292BF3-FollowerState] INFO  impl.FollowerState (FollowerState.java:run(152)) - s1@group-BD63D5292BF3-FollowerState was interrupted
2023-03-14 08:39:16,806 [s1-impl-thread1] INFO  server.RaftServer$Division (ServerState.java:close(414)) - s1@group-BD63D5292BF3: applyIndex: 44
2023-03-14 08:39:16,808 [grpc-default-executor-0] WARN  server.GrpcServerProtocolService (LogUtils.java:warn(122)) - s1: APPEND_ENTRIES onError, lastRequest: s0->s1#5358-t1,previous=(t:1, i:43),leaderCommit=43,initializing? true,entries: size=1, first=(t:1, i:44), METADATAENTRY(c:43): org.apache.ratis.thirdparty.io.grpc.StatusRuntimeException: CANCELLED: client cancelled
2023-03-14 08:39:16,808 [grpc-default-executor-8] WARN  server.GrpcServerProtocolService (LogUtils.java:warn(122)) - s1: APPEND_ENTRIES onError, lastRequest: null: org.apache.ratis.thirdparty.io.grpc.StatusRuntimeException: CANCELLED: client cancelled
2023-03-14 08:39:16,823 [grpc-default-executor-8] WARN  server.GrpcLogAppender (LogUtils.java:warn(122)) - s0@group-BD63D5292BF3->s1-AppendLogResponseHandler: Failed appendEntries: org.apache.ratis.thirdparty.io.grpc.StatusRuntimeException: CANCELLED: RST_STREAM closed stream. HTTP/2 error code: CANCEL
2023-03-14 08:39:16,823 [grpc-default-executor-8] INFO  leader.FollowerInfo (FollowerInfoImpl.java:lambda$new$0(52)) - s0@group-BD63D5292BF3->s1: decreaseNextIndex nextIndex: updateUnconditionally 45 -> 44
2023-03-14 08:39:16,823 [grpc-default-executor-5] WARN  server.GrpcLogAppender (LogUtils.java:warn(122)) - s0@group-BD63D5292BF3->s1-AppendLogResponseHandler: Failed appendEntries: org.apache.ratis.thirdparty.io.grpc.StatusRuntimeException: CANCELLED: RST_STREAM closed stream. HTTP/2 error code: CANCEL
2023-03-14 08:39:16,823 [grpc-default-executor-5] INFO  leader.FollowerInfo (FollowerInfoImpl.java:lambda$new$0(52)) - s0@group-BD63D5292BF3->s1: decreaseNextIndex nextIndex: updateUnconditionally 44 -> 43
2023-03-14 08:39:16,824 [Time-limited test] INFO  server.GrpcService (GrpcService.java:closeImpl(320)) - s1: shutdown server GrpcServerProtocolService successfully
2023-03-14 08:39:16,825 [grpc-default-executor-5] WARN  server.GrpcLogAppender (LogUtils.java:warn(122)) - s0@group-BD63D5292BF3->s1-AppendLogResponseHandler: Failed appendEntries: org.apache.ratis.thirdparty.io.grpc.StatusRuntimeException: UNAVAILABLE: io exception
2023-03-14 08:39:16,825 [grpc-default-executor-8] WARN  server.GrpcLogAppender (LogUtils.java:warn(122)) - s0@group-BD63D5292BF3->s1-AppendLogResponseHandler: Failed appendEntries: org.apache.ratis.thirdparty.io.grpc.StatusRuntimeException: UNAVAILABLE: io exception
2023-03-14 08:39:16,825 [grpc-default-executor-5] INFO  leader.FollowerInfo (FollowerInfoImpl.java:lambda$new$0(52)) - s0@group-BD63D5292BF3->s1: decreaseNextIndex nextIndex: updateUnconditionally 45 -> 44
2023-03-14 08:39:16,826 [grpc-default-executor-8] INFO  leader.FollowerInfo (FollowerInfoImpl.java:lambda$new$0(52)) - s0@group-BD63D5292BF3->s1: decreaseNextIndex nextIndex: updateUnconditionally 44 -> 43
2023-03-14 08:39:16,826 [grpc-default-executor-8] WARN  server.GrpcLogAppender (LogUtils.java:warn(122)) - s0@group-BD63D5292BF3->s1-AppendLogResponseHandler: Failed appendEntries: org.apache.ratis.thirdparty.io.grpc.StatusRuntimeException: UNAVAILABLE: io exception
2023-03-14 08:39:16,826 [grpc-default-executor-5] WARN  server.GrpcLogAppender (LogUtils.java:warn(122)) - s0@group-BD63D5292BF3->s1-AppendLogResponseHandler: Failed appendEntries: org.apache.ratis.thirdparty.io.grpc.StatusRuntimeException: UNAVAILABLE: io exception
2023-03-14 08:39:16,826 [grpc-default-executor-8] INFO  leader.FollowerInfo (FollowerInfoImpl.java:lambda$new$0(52)) - s0@group-BD63D5292BF3->s1: decreaseNextIndex nextIndex: updateUnconditionally 45 -> 44
2023-03-14 08:39:16,827 [grpc-default-executor-5] INFO  leader.FollowerInfo (FollowerInfoImpl.java:lambda$new$0(52)) - s0@group-BD63D5292BF3->s1: decreaseNextIndex nextIndex: updateUnconditionally 44 -> 43
2023-03-14 08:39:16,827 [grpc-default-executor-5] WARN  server.GrpcLogAppender (LogUtils.java:warn(122)) - s0@group-BD63D5292BF3->s1-AppendLogResponseHandler: Failed appendEntries: org.apache.ratis.thirdparty.io.grpc.StatusRuntimeException: UNAVAILABLE: io exception
2023-03-14 08:39:16,827 [grpc-default-executor-8] WARN  server.GrpcLogAppender (LogUtils.java:warn(122)) - s0@group-BD63D5292BF3->s1-AppendLogResponseHandler: Failed appendEntries: org.apache.ratis.thirdparty.io.grpc.StatusRuntimeException: UNAVAILABLE: io exception
2023-03-14 08:39:16,827 [grpc-default-executor-5] INFO  leader.FollowerInfo (FollowerInfoImpl.java:lambda$new$0(52)) - s0@group-BD63D5292BF3->s1: decreaseNextIndex nextIndex: updateUnconditionally 45 -> 44
2023-03-14 08:39:16,827 [grpc-default-executor-8] INFO  leader.FollowerInfo (FollowerInfoImpl.java:lambda$new$0(52)) - s0@group-BD63D5292BF3->s1: decreaseNextIndex nextIndex: updateUnconditionally 44 -> 43
2023-03-14 08:39:16,828 [grpc-default-executor-8] WARN  server.GrpcLogAppender (LogUtils.java:warn(122)) - s0@group-BD63D5292BF3->s1-AppendLogResponseHandler: Failed appendEntries: org.apache.ratis.thirdparty.io.grpc.StatusRuntimeException: UNAVAILABLE: io exception
2023-03-14 08:39:16,828 [grpc-default-executor-5] WARN  server.GrpcLogAppender (LogUtils.java:warn(122)) - s0@group-BD63D5292BF3->s1-AppendLogResponseHandler: Failed appendEntries: org.apache.ratis.thirdparty.io.grpc.StatusRuntimeException: UNAVAILABLE: io exception
2023-03-14 08:39:16,828 [grpc-default-executor-8] INFO  leader.FollowerInfo (FollowerInfoImpl.java:lambda$new$0(52)) - s0@group-BD63D5292BF3->s1: decreaseNextIndex nextIndex: updateUnconditionally 45 -> 44
2023-03-14 08:39:16,828 [grpc-default-executor-5] INFO  leader.FollowerInfo (FollowerInfoImpl.java:lambda$new$0(52)) - s0@group-BD63D5292BF3->s1: decreaseNextIndex nextIndex: updateUnconditionally 44 -> 43
2023-03-14 08:39:16,828 [grpc-default-executor-5] WARN  server.GrpcLogAppender (LogUtils.java:warn(122)) - s0@group-BD63D5292BF3->s1-AppendLogResponseHandler: Failed appendEntries: org.apache.ratis.thirdparty.io.grpc.StatusRuntimeException: UNAVAILABLE: io exception
2023-03-14 08:39:16,829 [grpc-default-executor-8] WARN  server.GrpcLogAppender (LogUtils.java:warn(122)) - s0@group-BD63D5292BF3->s1-AppendLogResponseHandler: Failed appendEntries: org.apache.ratis.thirdparty.io.grpc.StatusRuntimeException: UNAVAILABLE: io exception
2023-03-14 08:39:16,829 [grpc-default-executor-5] INFO  leader.FollowerInfo (FollowerInfoImpl.java:lambda$new$0(52)) - s0@group-BD63D5292BF3->s1: decreaseNextIndex nextIndex: updateUnconditionally 45 -> 44
2023-03-14 08:39:16,829 [grpc-default-executor-8] INFO  leader.FollowerInfo (FollowerInfoImpl.java:lambda$new$0(52)) - s0@group-BD63D5292BF3->s1: decreaseNextIndex nextIndex: updateUnconditionally 44 -> 43
2023-03-14 08:39:16,829 [grpc-default-executor-8] WARN  server.GrpcLogAppender (LogUtils.java:warn(122)) - s0@group-BD63D5292BF3->s1-AppendLogResponseHandler: Failed appendEntries: org.apache.ratis.thirdparty.io.grpc.StatusRuntimeException: UNAVAILABLE: io exception
2023-03-14 08:39:16,829 [grpc-default-executor-5] WARN  server.GrpcLogAppender (LogUtils.java:warn(122)) - s0@group-BD63D5292BF3->s1-AppendLogResponseHandler: Failed appendEntries: org.apache.ratis.thirdparty.io.grpc.StatusRuntimeException: UNAVAILABLE: io exception
2023-03-14 08:39:16,829 [grpc-default-executor-8] INFO  leader.FollowerInfo (FollowerInfoImpl.java:lambda$new$0(52)) - s0@group-BD63D5292BF3->s1: decreaseNextIndex nextIndex: updateUnconditionally 45 -> 44
2023-03-14 08:39:16,830 [grpc-default-executor-5] INFO  leader.FollowerInfo (FollowerInfoImpl.java:lambda$new$0(52)) - s0@group-BD63D5292BF3->s1: decreaseNextIndex nextIndex: updateUnconditionally 44 -> 43
2023-03-14 08:39:16,830 [grpc-default-executor-5] WARN  server.GrpcLogAppender (LogUtils.java:warn(122)) - s0@group-BD63D5292BF3->s1-AppendLogResponseHandler: Failed appendEntries: org.apache.ratis.thirdparty.io.grpc.StatusRuntimeException: UNAVAILABLE: io exception
2023-03-14 08:39:16,830 [grpc-default-executor-8] WARN  server.GrpcLogAppender (LogUtils.java:warn(122)) - s0@group-BD63D5292BF3->s1-AppendLogResponseHandler: Failed appendEntries: org.apache.ratis.thirdparty.io.grpc.StatusRuntimeException: UNAVAILABLE: io exception
2023-03-14 08:39:16,830 [grpc-default-executor-5] INFO  leader.FollowerInfo (FollowerInfoImpl.java:lambda$new$0(52)) - s0@group-BD63D5292BF3->s1: decreaseNextIndex nextIndex: updateUnconditionally 45 -> 44
2023-03-14 08:39:16,830 [grpc-default-executor-8] INFO  leader.FollowerInfo (FollowerInfoImpl.java:lambda$new$0(52)) - s0@group-BD63D5292BF3->s1: decreaseNextIndex nextIndex: updateUnconditionally 44 -> 43
2023-03-14 08:39:16,830 [grpc-default-executor-8] WARN  server.GrpcLogAppender (LogUtils.java:warn(122)) - s0@group-BD63D5292BF3->s1-AppendLogResponseHandler: Failed appendEntries: org.apache.ratis.thirdparty.io.grpc.StatusRuntimeException: UNAVAILABLE: io exception
2023-03-14 08:39:16,831 [grpc-default-executor-5] WARN  server.GrpcLogAppender (LogUtils.java:warn(122)) - s0@group-BD63D5292BF3->s1-AppendLogResponseHandler: Failed appendEntries: org.apache.ratis.thirdparty.io.grpc.StatusRuntimeException: UNAVAILABLE: io exception
2023-03-14 08:39:16,831 [grpc-default-executor-8] INFO  leader.FollowerInfo (FollowerInfoImpl.java:lambda$new$0(52)) - s0@group-BD63D5292BF3->s1: decreaseNextIndex nextIndex: updateUnconditionally 45 -> 44
2023-03-14 08:39:16,831 [grpc-default-executor-5] INFO  leader.FollowerInfo (FollowerInfoImpl.java:lambda$new$0(52)) - s0@group-BD63D5292BF3->s1: decreaseNextIndex nextIndex: updateUnconditionally 44 -> 43
2023-03-14 08:39:16,831 [grpc-default-executor-5] WARN  server.GrpcLogAppender (LogUtils.java:warn(122)) - s0@group-BD63D5292BF3->s1-AppendLogResponseHandler: Failed appendEntries: org.apache.ratis.thirdparty.io.grpc.StatusRuntimeException: UNAVAILABLE: io exception
2023-03-14 08:39:16,831 [grpc-default-executor-8] WARN  server.GrpcLogAppender (LogUtils.java:warn(122)) - s0@group-BD63D5292BF3->s1-AppendLogResponseHandler: Failed appendEntries: org.apache.ratis.thirdparty.io.grpc.StatusRuntimeException: UNAVAILABLE: io exception
2023-03-14 08:39:16,832 [grpc-default-executor-5] INFO  leader.FollowerInfo (FollowerInfoImpl.java:lambda$new$0(52)) - s0@group-BD63D5292BF3->s1: decreaseNextIndex nextIndex: updateUnconditionally 45 -> 44
2023-03-14 08:39:16,832 [grpc-default-executor-8] INFO  leader.FollowerInfo (FollowerInfoImpl.java:lambda$new$0(52)) - s0@group-BD63D5292BF3->s1: decreaseNextIndex nextIndex: updateUnconditionally 44 -> 43
2023-03-14 08:39:16,832 [grpc-default-executor-8] WARN  server.GrpcLogAppender (LogUtils.java:warn(122)) - s0@group-BD63D5292BF3->s1-AppendLogResponseHandler: Failed appendEntries: org.apache.ratis.thirdparty.io.grpc.StatusRuntimeException: UNAVAILABLE: io exception
2023-03-14 08:39:16,832 [grpc-default-executor-5] WARN  server.GrpcLogAppender (LogUtils.java:warn(122)) - s0@group-BD63D5292BF3->s1-AppendLogResponseHandler: Failed appendEntries: org.apache.ratis.thirdparty.io.grpc.StatusRuntimeException: UNAVAILABLE: io exception
2023-03-14 08:39:16,832 [grpc-default-executor-8] INFO  leader.FollowerInfo (FollowerInfoImpl.java:lambda$new$0(52)) - s0@group-BD63D5292BF3->s1: decreaseNextIndex nextIndex: updateUnconditionally 45 -> 44
2023-03-14 08:39:16,833 [grpc-default-executor-5] INFO  leader.FollowerInfo (FollowerInfoImpl.java:lambda$new$0(52)) - s0@group-BD63D5292BF3->s1: decreaseNextIndex nextIndex: updateUnconditionally 44 -> 43
2023-03-14 08:39:16,833 [grpc-default-executor-5] WARN  server.GrpcLogAppender (LogUtils.java:warn(122)) - s0@group-BD63D5292BF3->s1-AppendLogResponseHandler: Failed appendEntries: org.apache.ratis.thirdparty.io.grpc.StatusRuntimeException: UNAVAILABLE: io exception
2023-03-14 08:39:16,833 [grpc-default-executor-8] WARN  server.GrpcLogAppender (LogUtils.java:warn(122)) - s0@group-BD63D5292BF3->s1-AppendLogResponseHandler: Failed appendEntries: org.apache.ratis.thirdparty.io.grpc.StatusRuntimeException: UNAVAILABLE: io exception
2023-03-14 08:39:16,833 [grpc-default-executor-5] INFO  leader.FollowerInfo (FollowerInfoImpl.java:lambda$new$0(52)) - s0@group-BD63D5292BF3->s1: decreaseNextIndex nextIndex: updateUnconditionally 45 -> 44
2023-03-14 08:39:16,833 [grpc-default-executor-8] INFO  leader.FollowerInfo (FollowerInfoImpl.java:lambda$new$0(52)) - s0@group-BD63D5292BF3->s1: decreaseNextIndex nextIndex: updateUnconditionally 44 -> 43
2023-03-14 08:39:16,834 [grpc-default-executor-8] WARN  server.GrpcLogAppender (LogUtils.java:warn(122)) - s0@group-BD63D5292BF3->s1-AppendLogResponseHandler: Failed appendEntries: org.apache.ratis.thirdparty.io.grpc.StatusRuntimeException: UNAVAILABLE: io exception
2023-03-14 08:39:16,834 [grpc-default-executor-5] WARN  server.GrpcLogAppender (LogUtils.java:warn(122)) - s0@group-BD63D5292BF3->s1-AppendLogResponseHandler: Failed appendEntries: org.apache.ratis.thirdparty.io.grpc.StatusRuntimeException: UNAVAILABLE: io exception
2023-03-14 08:39:16,834 [grpc-default-executor-8] INFO  leader.FollowerInfo (FollowerInfoImpl.java:lambda$new$0(52)) - s0@group-BD63D5292BF3->s1: decreaseNextIndex nextIndex: updateUnconditionally 45 -> 44
2023-03-14 08:39:16,834 [grpc-default-executor-5] INFO  leader.FollowerInfo (FollowerInfoImpl.java:lambda$new$0(52)) - s0@group-BD63D5292BF3->s1: decreaseNextIndex nextIndex: updateUnconditionally 44 -> 43
2023-03-14 08:39:16,834 [grpc-default-executor-5] WARN  server.GrpcLogAppender (LogUtils.java:warn(122)) - s0@group-BD63D5292BF3->s1-AppendLogResponseHandler: Failed appendEntries: org.apache.ratis.thirdparty.io.grpc.StatusRuntimeException: UNAVAILABLE: io exception
2023-03-14 08:39:16,834 [grpc-default-executor-8] WARN  server.GrpcLogAppender (LogUtils.java:warn(122)) - s0@group-BD63D5292BF3->s1-AppendLogResponseHandler: Failed appendEntries: org.apache.ratis.thirdparty.io.grpc.StatusRuntimeException: UNAVAILABLE: io exception
2023-03-14 08:39:16,835 [grpc-default-executor-5] INFO  leader.FollowerInfo (FollowerInfoImpl.java:lambda$new$0(52)) - s0@group-BD63D5292BF3->s1: decreaseNextIndex nextIndex: updateUnconditionally 45 -> 44
2023-03-14 08:39:16,835 [grpc-default-executor-8] INFO  leader.FollowerInfo (FollowerInfoImpl.java:lambda$new$0(52)) - s0@group-BD63D5292BF3->s1: decreaseNextIndex nextIndex: updateUnconditionally 44 -> 43
2023-03-14 08:39:16,835 [grpc-default-executor-8] WARN  server.GrpcLogAppender (LogUtils.java:warn(122)) - s0@group-BD63D5292BF3->s1-AppendLogResponseHandler: Failed appendEntries: org.apache.ratis.thirdparty.io.grpc.StatusRuntimeException: UNAVAILABLE: io exception
2023-03-14 08:39:16,835 [grpc-default-executor-5] WARN  server.GrpcLogAppender (LogUtils.java:warn(122)) - s0@group-BD63D5292BF3->s1-AppendLogResponseHandler: Failed appendEntries: org.apache.ratis.thirdparty.io.grpc.StatusRuntimeException: UNAVAILABLE: io exception
2023-03-14 08:39:16,835 [grpc-default-executor-8] INFO  leader.FollowerInfo (FollowerInfoImpl.java:lambda$new$0(52)) - s0@group-BD63D5292BF3->s1: decreaseNextIndex nextIndex: updateUnconditionally 45 -> 44
2023-03-14 08:39:16,836 [grpc-default-executor-5] INFO  leader.FollowerInfo (FollowerInfoImpl.java:lambda$new$0(52)) - s0@group-BD63D5292BF3->s1: decreaseNextIndex nextIndex: updateUnconditionally 44 -> 43
2023-03-14 08:39:16,836 [grpc-default-executor-5] WARN  server.GrpcLogAppender (LogUtils.java:warn(122)) - s0@group-BD63D5292BF3->s1-AppendLogResponseHandler: Failed appendEntries: org.apache.ratis.thirdparty.io.grpc.StatusRuntimeException: UNAVAILABLE: io exception
2023-03-14 08:39:16,836 [grpc-default-executor-8] WARN  server.GrpcLogAppender (LogUtils.java:warn(122)) - s0@group-BD63D5292BF3->s1-AppendLogResponseHandler: Failed appendEntries: org.apache.ratis.thirdparty.io.grpc.StatusRuntimeException: UNAVAILABLE: io exception
2023-03-14 08:39:16,836 [grpc-default-executor-5] INFO  leader.FollowerInfo (FollowerInfoImpl.java:lambda$new$0(52)) - s0@group-BD63D5292BF3->s1: decreaseNextIndex nextIndex: updateUnconditionally 45 -> 44
2023-03-14 08:39:16,836 [grpc-default-executor-8] INFO  leader.FollowerInfo (FollowerInfoImpl.java:lambda$new$0(52)) - s0@group-BD63D5292BF3->s1: decreaseNextIndex nextIndex: updateUnconditionally 44 -> 43
2023-03-14 08:39:16,836 [grpc-default-executor-8] WARN  server.GrpcLogAppender (LogUtils.java:warn(122)) - s0@group-BD63D5292BF3->s1-AppendLogResponseHandler: Failed appendEntries: org.apache.ratis.thirdparty.io.grpc.StatusRuntimeException: UNAVAILABLE: io exception
2023-03-14 08:39:16,837 [grpc-default-executor-5] WARN  server.GrpcLogAppender (LogUtils.java:warn(122)) - s0@group-BD63D5292BF3->s1-AppendLogResponseHandler: Failed appendEntries: org.apache.ratis.thirdparty.io.grpc.StatusRuntimeException: UNAVAILABLE: io exception
2023-03-14 08:39:16,837 [grpc-default-executor-8] INFO  leader.FollowerInfo (FollowerInfoImpl.java:lambda$new$0(52)) - s0@group-BD63D5292BF3->s1: decreaseNextIndex nextIndex: updateUnconditionally 45 -> 44
2023-03-14 08:39:16,837 [grpc-default-executor-5] INFO  leader.FollowerInfo (FollowerInfoImpl.java:lambda$new$0(52)) - s0@group-BD63D5292BF3->s1: decreaseNextIndex nextIndex: updateUnconditionally 44 -> 43
2023-03-14 08:39:16,837 [grpc-default-executor-5] WARN  server.GrpcLogAppender (LogUtils.java:warn(122)) - s0@group-BD63D5292BF3->s1-AppendLogResponseHandler: Failed appendEntries: org.apache.ratis.thirdparty.io.grpc.StatusRuntimeException: UNAVAILABLE: io exception
2023-03-14 08:39:16,838 [grpc-default-executor-8] WARN  server.GrpcLogAppender (LogUtils.java:warn(122)) - s0@group-BD63D5292BF3->s1-AppendLogResponseHandler: Failed appendEntries: org.apache.ratis.thirdparty.io.grpc.StatusRuntimeException: UNAVAILABLE: io exception
2023-03-14 08:39:16,838 [grpc-default-executor-5] INFO  leader.FollowerInfo (FollowerInfoImpl.java:lambda$new$0(52)) - s0@group-BD63D5292BF3->s1: decreaseNextIndex nextIndex: updateUnconditionally 45 -> 44
2023-03-14 08:39:16,838 [grpc-default-executor-8] INFO  leader.FollowerInfo (FollowerInfoImpl.java:lambda$new$0(52)) - s0@group-BD63D5292BF3->s1: decreaseNextIndex nextIndex: updateUnconditionally 44 -> 43
2023-03-14 08:39:16,838 [grpc-default-executor-8] WARN  server.GrpcLogAppender (LogUtils.java:warn(122)) - s0@group-BD63D5292BF3->s1-AppendLogResponseHandler: Failed appendEntries: org.apache.ratis.thirdparty.io.grpc.StatusRuntimeException: UNAVAILABLE: io exception
2023-03-14 08:39:16,838 [grpc-default-executor-5] WARN  server.GrpcLogAppender (LogUtils.java:warn(122)) - s0@group-BD63D5292BF3->s1-AppendLogResponseHandler: Failed appendEntries: org.apache.ratis.thirdparty.io.grpc.StatusRuntimeException: UNAVAILABLE: io exception
2023-03-14 08:39:16,839 [grpc-default-executor-8] INFO  leader.FollowerInfo (FollowerInfoImpl.java:lambda$new$0(52)) - s0@group-BD63D5292BF3->s1: decreaseNextIndex nextIndex: updateUnconditionally 45 -> 44
2023-03-14 08:39:16,839 [grpc-default-executor-5] INFO  leader.FollowerInfo (FollowerInfoImpl.java:lambda$new$0(52)) - s0@group-BD63D5292BF3->s1: decreaseNextIndex nextIndex: updateUnconditionally 44 -> 43
2023-03-14 08:39:16,839 [grpc-default-executor-5] WARN  server.GrpcLogAppender (LogUtils.java:warn(122)) - s0@group-BD63D5292BF3->s1-AppendLogResponseHandler: Failed appendEntries: org.apache.ratis.thirdparty.io.grpc.StatusRuntimeException: UNAVAILABLE: io exception
2023-03-14 08:39:16,839 [grpc-default-executor-8] WARN  server.GrpcLogAppender (LogUtils.java:warn(122)) - s0@group-BD63D5292BF3->s1-AppendLogResponseHandler: Failed appendEntries: org.apache.ratis.thirdparty.io.grpc.StatusRuntimeException: UNAVAILABLE: io exception
2023-03-14 08:39:16,839 [grpc-default-executor-5] INFO  leader.FollowerInfo (FollowerInfoImpl.java:lambda$new$0(52)) - s0@group-BD63D5292BF3->s1: decreaseNextIndex nextIndex: updateUnconditionally 45 -> 44
2023-03-14 08:39:16,840 [grpc-default-executor-8] INFO  leader.FollowerInfo (FollowerInfoImpl.java:lambda$new$0(52)) - s0@group-BD63D5292BF3->s1: decreaseNextIndex nextIndex: updateUnconditionally 44 -> 43
2023-03-14 08:39:16,840 [grpc-default-executor-8] WARN  server.GrpcLogAppender (LogUtils.java:warn(122)) - s0@group-BD63D5292BF3->s1-AppendLogResponseHandler: Failed appendEntries: org.apache.ratis.thirdparty.io.grpc.StatusRuntimeException: UNAVAILABLE: io exception
2023-03-14 08:39:16,840 [grpc-default-executor-5] WARN  server.GrpcLogAppender (LogUtils.java:warn(122)) - s0@group-BD63D5292BF3->s1-AppendLogResponseHandler: Failed appendEntries: org.apache.ratis.thirdparty.io.grpc.StatusRuntimeException: UNAVAILABLE: io exception
2023-03-14 08:39:16,840 [grpc-default-executor-8] INFO  leader.FollowerInfo (FollowerInfoImpl.java:lambda$new$0(52)) - s0@group-BD63D5292BF3->s1: decreaseNextIndex nextIndex: updateUnconditionally 45 -> 44
2023-03-14 08:39:16,841 [grpc-default-executor-5] INFO  leader.FollowerInfo (FollowerInfoImpl.java:lambda$new$0(52)) - s0@group-BD63D5292BF3->s1: decreaseNextIndex nextIndex: updateUnconditionally 44 -> 43
2023-03-14 08:39:16,841 [grpc-default-executor-5] WARN  server.GrpcLogAppender (LogUtils.java:warn(122)) - s0@group-BD63D5292BF3->s1-AppendLogResponseHandler: Failed appendEntries: org.apache.ratis.thirdparty.io.grpc.StatusRuntimeException: UNAVAILABLE: io exception
2023-03-14 08:39:16,841 [grpc-default-executor-8] WARN  server.GrpcLogAppender (LogUtils.java:warn(122)) - s0@group-BD63D5292BF3->s1-AppendLogResponseHandler: Failed appendEntries: org.apache.ratis.thirdparty.io.grpc.StatusRuntimeException: UNAVAILABLE: io exception
2023-03-14 08:39:16,841 [grpc-default-executor-5] INFO  leader.FollowerInfo (FollowerInfoImpl.java:lambda$new$0(52)) - s0@group-BD63D5292BF3->s1: decreaseNextIndex nextIndex: updateUnconditionally 45 -> 44
2023-03-14 08:39:16,842 [grpc-default-executor-8] INFO  leader.FollowerInfo (FollowerInfoImpl.java:lambda$new$0(52)) - s0@group-BD63D5292BF3->s1: decreaseNextIndex nextIndex: updateUnconditionally 44 -> 43
2023-03-14 08:39:16,842 [grpc-default-executor-8] WARN  server.GrpcLogAppender (LogUtils.java:warn(122)) - s0@group-BD63D5292BF3->s1-AppendLogResponseHandler: Failed appendEntries: org.apache.ratis.thirdparty.io.grpc.StatusRuntimeException: UNAVAILABLE: io exception
2023-03-14 08:39:16,842 [grpc-default-executor-5] WARN  server.GrpcLogAppender (LogUtils.java:warn(122)) - s0@group-BD63D5292BF3->s1-AppendLogResponseHandler: Failed appendEntries: org.apache.ratis.thirdparty.io.grpc.StatusRuntimeException: UNAVAILABLE: io exception
2023-03-14 08:39:16,842 [grpc-default-executor-8] INFO  leader.FollowerInfo (FollowerInfoImpl.java:lambda$new$0(52)) - s0@group-BD63D5292BF3->s1: decreaseNextIndex nextIndex: updateUnconditionally 45 -> 44
2023-03-14 08:39:16,842 [grpc-default-executor-5] INFO  leader.FollowerInfo (FollowerInfoImpl.java:lambda$new$0(52)) - s0@group-BD63D5292BF3->s1: decreaseNextIndex nextIndex: updateUnconditionally 44 -> 43
2023-03-14 08:39:16,843 [grpc-default-executor-5] WARN  server.GrpcLogAppender (LogUtils.java:warn(122)) - s0@group-BD63D5292BF3->s1-AppendLogResponseHandler: Failed appendEntries: org.apache.ratis.thirdparty.io.grpc.StatusRuntimeException: UNAVAILABLE: io exception
2023-03-14 08:39:16,843 [grpc-default-executor-8] WARN  server.GrpcLogAppender (LogUtils.java:warn(122)) - s0@group-BD63D5292BF3->s1-AppendLogResponseHandler: Failed appendEntries: org.apache.ratis.thirdparty.io.grpc.StatusRuntimeException: UNAVAILABLE: io exception
2023-03-14 08:39:16,843 [grpc-default-executor-5] INFO  leader.FollowerInfo (FollowerInfoImpl.java:lambda$new$0(52)) - s0@group-BD63D5292BF3->s1: decreaseNextIndex nextIndex: updateUnconditionally 45 -> 44
2023-03-14 08:39:16,843 [grpc-default-executor-8] INFO  leader.FollowerInfo (FollowerInfoImpl.java:lambda$new$0(52)) - s0@group-BD63D5292BF3->s1: decreaseNextIndex nextIndex: updateUnconditionally 44 -> 43
2023-03-14 08:39:16,843 [grpc-default-executor-8] WARN  server.GrpcLogAppender (LogUtils.java:warn(122)) - s0@group-BD63D5292BF3->s1-AppendLogResponseHandler: Failed appendEntries: org.apache.ratis.thirdparty.io.grpc.StatusRuntimeException: UNAVAILABLE: io exception
2023-03-14 08:39:16,843 [grpc-default-executor-5] WARN  server.GrpcLogAppender (LogUtils.java:warn(122)) - s0@group-BD63D5292BF3->s1-AppendLogResponseHandler: Failed appendEntries: org.apache.ratis.thirdparty.io.grpc.StatusRuntimeException: UNAVAILABLE: io exception
2023-03-14 08:39:16,844 [grpc-default-executor-8] INFO  leader.FollowerInfo (FollowerInfoImpl.java:lambda$new$0(52)) - s0@group-BD63D5292BF3->s1: decreaseNextIndex nextIndex: updateUnconditionally 45 -> 44
2023-03-14 08:39:16,844 [grpc-default-executor-5] INFO  leader.FollowerInfo (FollowerInfoImpl.java:lambda$new$0(52)) - s0@group-BD63D5292BF3->s1: decreaseNextIndex nextIndex: updateUnconditionally 44 -> 43
2023-03-14 08:39:16,844 [grpc-default-executor-5] WARN  server.GrpcLogAppender (LogUtils.java:warn(122)) - s0@group-BD63D5292BF3->s1-AppendLogResponseHandler: Failed appendEntries: org.apache.ratis.thirdparty.io.grpc.StatusRuntimeException: UNAVAILABLE: io exception
2023-03-14 08:39:16,844 [grpc-default-executor-8] WARN  server.GrpcLogAppender (LogUtils.java:warn(122)) - s0@group-BD63D5292BF3->s1-AppendLogResponseHandler: Failed appendEntries: org.apache.ratis.thirdparty.io.grpc.StatusRuntimeException: UNAVAILABLE: io exception
2023-03-14 08:39:16,844 [grpc-default-executor-5] INFO  leader.FollowerInfo (FollowerInfoImpl.java:lambda$new$0(52)) - s0@group-BD63D5292BF3->s1: decreaseNextIndex nextIndex: updateUnconditionally 45 -> 44
2023-03-14 08:39:16,845 [grpc-default-executor-8] INFO  leader.FollowerInfo (FollowerInfoImpl.java:lambda$new$0(52)) - s0@group-BD63D5292BF3->s1: decreaseNextIndex nextIndex: updateUnconditionally 44 -> 43
2023-03-14 08:39:16,845 [grpc-default-executor-8] WARN  server.GrpcLogAppender (LogUtils.java:warn(122)) - s0@group-BD63D5292BF3->s1-AppendLogResponseHandler: Failed appendEntries: org.apache.ratis.thirdparty.io.grpc.StatusRuntimeException: UNAVAILABLE: io exception
2023-03-14 08:39:16,845 [grpc-default-executor-5] WARN  server.GrpcLogAppender (LogUtils.java:warn(122)) - s0@group-BD63D5292BF3->s1-AppendLogResponseHandler: Failed appendEntries: org.apache.ratis.thirdparty.io.grpc.StatusRuntimeException: UNAVAILABLE: io exception
2023-03-14 08:39:16,845 [grpc-default-executor-8] INFO  leader.FollowerInfo (FollowerInfoImpl.java:lambda$new$0(52)) - s0@group-BD63D5292BF3->s1: decreaseNextIndex nextIndex: updateUnconditionally 45 -> 44
2023-03-14 08:39:16,845 [grpc-default-executor-5] INFO  leader.FollowerInfo (FollowerInfoImpl.java:lambda$new$0(52)) - s0@group-BD63D5292BF3->s1: decreaseNextIndex nextIndex: updateUnconditionally 44 -> 43
2023-03-14 08:39:16,845 [grpc-default-executor-5] WARN  server.GrpcLogAppender (LogUtils.java:warn(122)) - s0@group-BD63D5292BF3->s1-AppendLogResponseHandler: Failed appendEntries: org.apache.ratis.thirdparty.io.grpc.StatusRuntimeException: UNAVAILABLE: io exception
2023-03-14 08:39:16,846 [grpc-default-executor-8] WARN  server.GrpcLogAppender (LogUtils.java:warn(122)) - s0@group-BD63D5292BF3->s1-AppendLogResponseHandler: Failed appendEntries: org.apache.ratis.thirdparty.io.grpc.StatusRuntimeException: UNAVAILABLE: io exception
2023-03-14 08:39:16,846 [grpc-default-executor-5] INFO  leader.FollowerInfo (FollowerInfoImpl.java:lambda$new$0(52)) - s0@group-BD63D5292BF3->s1: decreaseNextIndex nextIndex: updateUnconditionally 45 -> 44
2023-03-14 08:39:16,846 [grpc-default-executor-8] INFO  leader.FollowerInfo (FollowerInfoImpl.java:lambda$new$0(52)) - s0@group-BD63D5292BF3->s1: decreaseNextIndex nextIndex: updateUnconditionally 44 -> 43
2023-03-14 08:39:16,846 [grpc-default-executor-8] WARN  server.GrpcLogAppender (LogUtils.java:warn(122)) - s0@group-BD63D5292BF3->s1-AppendLogResponseHandler: Failed appendEntries: org.apache.ratis.thirdparty.io.grpc.StatusRuntimeException: UNAVAILABLE: io exception
2023-03-14 08:39:16,846 [grpc-default-executor-5] WARN  server.GrpcLogAppender (LogUtils.java:warn(122)) - s0@group-BD63D5292BF3->s1-AppendLogResponseHandler: Failed appendEntries: org.apache.ratis.thirdparty.io.grpc.StatusRuntimeException: UNAVAILABLE: io exception
2023-03-14 08:39:16,846 [grpc-default-executor-8] INFO  leader.FollowerInfo (FollowerInfoImpl.java:lambda$new$0(52)) - s0@group-BD63D5292BF3->s1: decreaseNextIndex nextIndex: updateUnconditionally 45 -> 44
2023-03-14 08:39:16,846 [grpc-default-executor-5] INFO  leader.FollowerInfo (FollowerInfoImpl.java:lambda$new$0(52)) - s0@group-BD63D5292BF3->s1: decreaseNextIndex nextIndex: updateUnconditionally 44 -> 43
2023-03-14 08:39:16,847 [grpc-default-executor-5] WARN  server.GrpcLogAppender (LogUtils.java:warn(122)) - s0@group-BD63D5292BF3->s1-AppendLogResponseHandler: Failed appendEntries: org.apache.ratis.thirdparty.io.grpc.StatusRuntimeException: UNAVAILABLE: io exception
2023-03-14 08:39:16,847 [grpc-default-executor-8] WARN  server.GrpcLogAppender (LogUtils.java:warn(122)) - s0@group-BD63D5292BF3->s1-AppendLogResponseHandler: Failed appendEntries: org.apache.ratis.thirdparty.io.grpc.StatusRuntimeException: UNAVAILABLE: io exception
2023-03-14 08:39:16,847 [grpc-default-executor-5] INFO  leader.FollowerInfo (FollowerInfoImpl.java:lambda$new$0(52)) - s0@group-BD63D5292BF3->s1: decreaseNextIndex nextIndex: updateUnconditionally 45 -> 44
2023-03-14 08:39:16,847 [grpc-default-executor-8] INFO  leader.FollowerInfo (FollowerInfoImpl.java:lambda$new$0(52)) - s0@group-BD63D5292BF3->s1: decreaseNextIndex nextIndex: updateUnconditionally 44 -> 43
2023-03-14 08:39:16,847 [grpc-default-executor-8] WARN  server.GrpcLogAppender (LogUtils.java:warn(122)) - s0@group-BD63D5292BF3->s1-AppendLogResponseHandler: Failed appendEntries: org.apache.ratis.thirdparty.io.grpc.StatusRuntimeException: UNAVAILABLE: io exception
2023-03-14 08:39:16,848 [grpc-default-executor-5] WARN  server.GrpcLogAppender (LogUtils.java:warn(122)) - s0@group-BD63D5292BF3->s1-AppendLogResponseHandler: Failed appendEntries: org.apache.ratis.thirdparty.io.grpc.StatusRuntimeException: UNAVAILABLE: io exception
2023-03-14 08:39:16,848 [grpc-default-executor-8] INFO  leader.FollowerInfo (FollowerInfoImpl.java:lambda$new$0(52)) - s0@group-BD63D5292BF3->s1: decreaseNextIndex nextIndex: updateUnconditionally 45 -> 44
2023-03-14 08:39:16,848 [grpc-default-executor-5] INFO  leader.FollowerInfo (FollowerInfoImpl.java:lambda$new$0(52)) - s0@group-BD63D5292BF3->s1: decreaseNextIndex nextIndex: updateUnconditionally 44 -> 43
2023-03-14 08:39:16,848 [grpc-default-executor-5] WARN  server.GrpcLogAppender (LogUtils.java:warn(122)) - s0@group-BD63D5292BF3->s1-AppendLogResponseHandler: Failed appendEntries: org.apache.ratis.thirdparty.io.grpc.StatusRuntimeException: UNAVAILABLE: io exception
2023-03-14 08:39:16,848 [grpc-default-executor-8] WARN  server.GrpcLogAppender (LogUtils.java:warn(122)) - s0@group-BD63D5292BF3->s1-AppendLogResponseHandler: Failed appendEntries: org.apache.ratis.thirdparty.io.grpc.StatusRuntimeException: UNAVAILABLE: io exception
2023-03-14 08:39:16,848 [grpc-default-executor-5] INFO  leader.FollowerInfo (FollowerInfoImpl.java:lambda$new$0(52)) - s0@group-BD63D5292BF3->s1: decreaseNextIndex nextIndex: updateUnconditionally 45 -> 44
2023-03-14 08:39:16,848 [grpc-default-executor-8] INFO  leader.FollowerInfo (FollowerInfoImpl.java:lambda$new$0(52)) - s0@group-BD63D5292BF3->s1: decreaseNextIndex nextIndex: updateUnconditionally 44 -> 43
2023-03-14 08:39:16,849 [grpc-default-executor-8] WARN  server.GrpcLogAppender (LogUtils.java:warn(122)) - s0@group-BD63D5292BF3->s1-AppendLogResponseHandler: Failed appendEntries: org.apache.ratis.thirdparty.io.grpc.StatusRuntimeException: UNAVAILABLE: io exception
2023-03-14 08:39:16,849 [grpc-default-executor-5] WARN  server.GrpcLogAppender (LogUtils.java:warn(122)) - s0@group-BD63D5292BF3->s1-AppendLogResponseHandler: Failed appendEntries: org.apache.ratis.thirdparty.io.grpc.StatusRuntimeException: UNAVAILABLE: io exception
2023-03-14 08:39:16,849 [grpc-default-executor-8] INFO  leader.FollowerInfo (FollowerInfoImpl.java:lambda$new$0(52)) - s0@group-BD63D5292BF3->s1: decreaseNextIndex nextIndex: updateUnconditionally 45 -> 44
2023-03-14 08:39:16,849 [grpc-default-executor-5] INFO  leader.FollowerInfo (FollowerInfoImpl.java:lambda$new$0(52)) - s0@group-BD63D5292BF3->s1: decreaseNextIndex nextIndex: updateUnconditionally 44 -> 43
2023-03-14 08:39:16,849 [grpc-default-executor-5] WARN  server.GrpcLogAppender (LogUtils.java:warn(122)) - s0@group-BD63D5292BF3->s1-AppendLogResponseHandler: Failed appendEntries: org.apache.ratis.thirdparty.io.grpc.StatusRuntimeException: UNAVAILABLE: io exception
2023-03-14 08:39:16,849 [grpc-default-executor-8] WARN  server.GrpcLogAppender (LogUtils.java:warn(122)) - s0@group-BD63D5292BF3->s1-AppendLogResponseHandler: Failed appendEntries: org.apache.ratis.thirdparty.io.grpc.StatusRuntimeException: UNAVAILABLE: io exception
2023-03-14 08:39:16,850 [grpc-default-executor-5] INFO  leader.FollowerInfo (FollowerInfoImpl.java:lambda$new$0(52)) - s0@group-BD63D5292BF3->s1: decreaseNextIndex nextIndex: updateUnconditionally 45 -> 44
2023-03-14 08:39:16,850 [grpc-default-executor-8] INFO  leader.FollowerInfo (FollowerInfoImpl.java:lambda$new$0(52)) - s0@group-BD63D5292BF3->s1: decreaseNextIndex nextIndex: updateUnconditionally 44 -> 43
2023-03-14 08:39:16,850 [grpc-default-executor-8] WARN  server.GrpcLogAppender (LogUtils.java:warn(122)) - s0@group-BD63D5292BF3->s1-AppendLogResponseHandler: Failed appendEntries: org.apache.ratis.thirdparty.io.grpc.StatusRuntimeException: UNAVAILABLE: io exception
2023-03-14 08:39:16,850 [grpc-default-executor-5] WARN  server.GrpcLogAppender (LogUtils.java:warn(122)) - s0@group-BD63D5292BF3->s1-AppendLogResponseHandler: Failed appendEntries: org.apache.ratis.thirdparty.io.grpc.StatusRuntimeException: UNAVAILABLE: io exception
2023-03-14 08:39:16,850 [grpc-default-executor-8] INFO  leader.FollowerInfo (FollowerInfoImpl.java:lambda$new$0(52)) - s0@group-BD63D5292BF3->s1: decreaseNextIndex nextIndex: updateUnconditionally 45 -> 44
2023-03-14 08:39:16,850 [grpc-default-executor-5] INFO  leader.FollowerInfo (FollowerInfoImpl.java:lambda$new$0(52)) - s0@group-BD63D5292BF3->s1: decreaseNextIndex nextIndex: updateUnconditionally 44 -> 43
2023-03-14 08:39:16,851 [grpc-default-executor-5] WARN  server.GrpcLogAppender (LogUtils.java:warn(122)) - s0@group-BD63D5292BF3->s1-AppendLogResponseHandler: Failed appendEntries: org.apache.ratis.thirdparty.io.grpc.StatusRuntimeException: UNAVAILABLE: io exception
2023-03-14 08:39:16,851 [grpc-default-executor-8] WARN  server.GrpcLogAppender (LogUtils.java:warn(122)) - s0@group-BD63D5292BF3->s1-AppendLogResponseHandler: Failed appendEntries: org.apache.ratis.thirdparty.io.grpc.StatusRuntimeException: UNAVAILABLE: io exception
2023-03-14 08:39:16,851 [grpc-default-executor-5] INFO  leader.FollowerInfo (FollowerInfoImpl.java:lambda$new$0(52)) - s0@group-BD63D5292BF3->s1: decreaseNextIndex nextIndex: updateUnconditionally 45 -> 44
2023-03-14 08:39:16,851 [grpc-default-executor-8] INFO  leader.FollowerInfo (FollowerInfoImpl.java:lambda$new$0(52)) - s0@group-BD63D5292BF3->s1: decreaseNextIndex nextIndex: updateUnconditionally 44 -> 43
2023-03-14 08:39:16,851 [grpc-default-executor-8] WARN  server.GrpcLogAppender (LogUtils.java:warn(122)) - s0@group-BD63D5292BF3->s1-AppendLogResponseHandler: Failed appendEntries: org.apache.ratis.thirdparty.io.grpc.StatusRuntimeException: UNAVAILABLE: io exception
2023-03-14 08:39:16,851 [grpc-default-executor-5] WARN  server.GrpcLogAppender (LogUtils.java:warn(122)) - s0@group-BD63D5292BF3->s1-AppendLogResponseHandler: Failed appendEntries: org.apache.ratis.thirdparty.io.grpc.StatusRuntimeException: UNAVAILABLE: io exception
2023-03-14 08:39:16,852 [grpc-default-executor-8] INFO  leader.FollowerInfo (FollowerInfoImpl.java:lambda$new$0(52)) - s0@group-BD63D5292BF3->s1: decreaseNextIndex nextIndex: updateUnconditionally 43 -> 42
2023-03-14 08:39:16,852 [grpc-default-executor-5] INFO  leader.FollowerInfo (FollowerInfoImpl.java:lambda$new$0(52)) - s0@group-BD63D5292BF3->s1: decreaseNextIndex nextIndex: updateUnconditionally 42 -> 41
2023-03-14 08:39:16,852 [grpc-default-executor-5] WARN  server.GrpcLogAppender (LogUtils.java:warn(122)) - s0@group-BD63D5292BF3->s1-AppendLogResponseHandler: Failed appendEntries: org.apache.ratis.thirdparty.io.grpc.StatusRuntimeException: UNAVAILABLE: io exception
2023-03-14 08:39:16,852 [grpc-default-executor-8] WARN  server.GrpcLogAppender (LogUtils.java:warn(122)) - s0@group-BD63D5292BF3->s1-AppendLogResponseHandler: Failed appendEntries: org.apache.ratis.thirdparty.io.grpc.StatusRuntimeException: UNAVAILABLE: io exception
2023-03-14 08:39:16,852 [grpc-default-executor-5] INFO  leader.FollowerInfo (FollowerInfoImpl.java:lambda$new$0(52)) - s0@group-BD63D5292BF3->s1: decreaseNextIndex nextIndex: updateUnconditionally 41 -> 40
2023-03-14 08:39:16,852 [grpc-default-executor-8] INFO  leader.FollowerInfo (FollowerInfoImpl.java:lambda$new$0(52)) - s0@group-BD63D5292BF3->s1: decreaseNextIndex nextIndex: updateUnconditionally 40 -> 39
2023-03-14 08:39:16,853 [grpc-default-executor-8] WARN  server.GrpcLogAppender (LogUtils.java:warn(122)) - s0@group-BD63D5292BF3->s1-AppendLogResponseHandler: Failed appendEntries: org.apache.ratis.thirdparty.io.grpc.StatusRuntimeException: UNAVAILABLE: io exception
2023-03-14 08:39:16,853 [grpc-default-executor-5] WARN  server.GrpcLogAppender (LogUtils.java:warn(122)) - s0@group-BD63D5292BF3->s1-AppendLogResponseHandler: Failed appendEntries: org.apache.ratis.thirdparty.io.grpc.StatusRuntimeException: UNAVAILABLE: io exception
2023-03-14 08:39:16,853 [grpc-default-executor-8] INFO  leader.FollowerInfo (FollowerInfoImpl.java:lambda$new$0(52)) - s0@group-BD63D5292BF3->s1: decreaseNextIndex nextIndex: updateUnconditionally 39 -> 38
2023-03-14 08:39:16,853 [grpc-default-executor-5] INFO  leader.FollowerInfo (FollowerInfoImpl.java:lambda$new$0(52)) - s0@group-BD63D5292BF3->s1: decreaseNextIndex nextIndex: updateUnconditionally 38 -> 37
2023-03-14 08:39:16,853 [grpc-default-executor-5] WARN  server.GrpcLogAppender (LogUtils.java:warn(122)) - s0@group-BD63D5292BF3->s1-AppendLogResponseHandler: Failed appendEntries: org.apache.ratis.thirdparty.io.grpc.StatusRuntimeException: UNAVAILABLE: io exception
2023-03-14 08:39:16,853 [grpc-default-executor-8] WARN  server.GrpcLogAppender (LogUtils.java:warn(122)) - s0@group-BD63D5292BF3->s1-AppendLogResponseHandler: Failed appendEntries: org.apache.ratis.thirdparty.io.grpc.StatusRuntimeException: UNAVAILABLE: io exception
2023-03-14 08:39:16,853 [grpc-default-executor-5] INFO  leader.FollowerInfo (FollowerInfoImpl.java:lambda$new$0(52)) - s0@group-BD63D5292BF3->s1: decreaseNextIndex nextIndex: updateUnconditionally 37 -> 36
2023-03-14 08:39:16,854 [grpc-default-executor-8] INFO  leader.FollowerInfo (FollowerInfoImpl.java:lambda$new$0(52)) - s0@group-BD63D5292BF3->s1: decreaseNextIndex nextIndex: updateUnconditionally 36 -> 35
2023-03-14 08:39:16,854 [grpc-default-executor-8] WARN  server.GrpcLogAppender (LogUtils.java:warn(122)) - s0@group-BD63D5292BF3->s1-AppendLogResponseHandler: Failed appendEntries: org.apache.ratis.thirdparty.io.grpc.StatusRuntimeException: UNAVAILABLE: io exception
2023-03-14 08:39:16,854 [grpc-default-executor-5] WARN  server.GrpcLogAppender (LogUtils.java:warn(122)) - s0@group-BD63D5292BF3->s1-AppendLogResponseHandler: Failed appendEntries: org.apache.ratis.thirdparty.io.grpc.StatusRuntimeException: UNAVAILABLE: io exception
2023-03-14 08:39:16,854 [grpc-default-executor-8] INFO  leader.FollowerInfo (FollowerInfoImpl.java:lambda$new$0(52)) - s0@group-BD63D5292BF3->s1: decreaseNextIndex nextIndex: updateUnconditionally 35 -> 34
2023-03-14 08:39:16,854 [grpc-default-executor-5] INFO  leader.FollowerInfo (FollowerInfoImpl.java:lambda$new$0(52)) - s0@group-BD63D5292BF3->s1: decreaseNextIndex nextIndex: updateUnconditionally 34 -> 33
2023-03-14 08:39:16,855 [grpc-default-executor-5] WARN  server.GrpcLogAppender (LogUtils.java:warn(122)) - s0@group-BD63D5292BF3->s1-AppendLogResponseHandler: Failed appendEntries: org.apache.ratis.thirdparty.io.grpc.StatusRuntimeException: UNAVAILABLE: io exception
2023-03-14 08:39:16,855 [grpc-default-executor-8] WARN  server.GrpcLogAppender (LogUtils.java:warn(122)) - s0@group-BD63D5292BF3->s1-AppendLogResponseHandler: Failed appendEntries: org.apache.ratis.thirdparty.io.grpc.StatusRuntimeException: UNAVAILABLE: io exception
2023-03-14 08:39:16,855 [grpc-default-executor-5] INFO  leader.FollowerInfo (FollowerInfoImpl.java:lambda$new$0(52)) - s0@group-BD63D5292BF3->s1: decreaseNextIndex nextIndex: updateUnconditionally 33 -> 32
2023-03-14 08:39:16,855 [grpc-default-executor-8] INFO  leader.FollowerInfo (FollowerInfoImpl.java:lambda$new$0(52)) - s0@group-BD63D5292BF3->s1: decreaseNextIndex nextIndex: updateUnconditionally 32 -> 31
2023-03-14 08:39:16,855 [grpc-default-executor-8] WARN  server.GrpcLogAppender (LogUtils.java:warn(122)) - s0@group-BD63D5292BF3->s1-AppendLogResponseHandler: Failed appendEntries: org.apache.ratis.thirdparty.io.grpc.StatusRuntimeException: UNAVAILABLE: io exception
2023-03-14 08:39:16,856 [grpc-default-executor-8] INFO  leader.FollowerInfo (FollowerInfoImpl.java:lambda$new$0(52)) - s0@group-BD63D5292BF3->s1: decreaseNextIndex nextIndex: updateUnconditionally 31 -> 30
2023-03-14 08:39:16,855 [grpc-default-executor-5] WARN  server.GrpcLogAppender (LogUtils.java:warn(122)) - s0@group-BD63D5292BF3->s1-AppendLogResponseHandler: Failed appendEntries: org.apache.ratis.thirdparty.io.grpc.StatusRuntimeException: UNAVAILABLE: io exception
2023-03-14 08:39:16,856 [grpc-default-executor-5] INFO  leader.FollowerInfo (FollowerInfoImpl.java:lambda$new$0(52)) - s0@group-BD63D5292BF3->s1: decreaseNextIndex nextIndex: updateUnconditionally 30 -> 29
2023-03-14 08:39:16,865 [grpc-default-executor-5] WARN  server.GrpcLogAppender (LogUtils.java:warn(122)) - s0@group-BD63D5292BF3->s1-AppendLogResponseHandler: Failed appendEntries: org.apache.ratis.thirdparty.io.grpc.StatusRuntimeException: UNAVAILABLE: io exception
2023-03-14 08:39:16,866 [grpc-default-executor-5] INFO  leader.FollowerInfo (FollowerInfoImpl.java:lambda$new$0(52)) - s0@group-BD63D5292BF3->s1: decreaseNextIndex nextIndex: updateUnconditionally 45 -> 44
2023-03-14 08:39:16,866 [grpc-default-executor-8] WARN  server.GrpcLogAppender (LogUtils.java:warn(122)) - s0@group-BD63D5292BF3->s1-AppendLogResponseHandler: Failed appendEntries: org.apache.ratis.thirdparty.io.grpc.StatusRuntimeException: UNAVAILABLE: io exception
2023-03-14 08:39:16,866 [grpc-default-executor-8] INFO  leader.FollowerInfo (FollowerInfoImpl.java:lambda$new$0(52)) - s0@group-BD63D5292BF3->s1: decreaseNextIndex nextIndex: updateUnconditionally 44 -> 43
2023-03-14 08:39:16,869 [s1-impl-thread1] INFO  segmented.SegmentedRaftLogWorker (SegmentedRaftLogWorker.java:close(242)) - s1@group-BD63D5292BF3-SegmentedRaftLogWorker close()
2023-03-14 08:39:16,869 [JvmPauseMonitor69] INFO  util.JvmPauseMonitor (JvmPauseMonitor.java:run(109)) - JvmPauseMonitor-s1: Stopped
2023-03-14 08:39:16,869 [Time-limited test] INFO  impl.MiniRaftCluster (MiniRaftCluster.java:newRaftServer(382)) - newRaftServer: s1, group-BD63D5292BF3:[s0|rpc:localhost:34889|admin:localhost:41905|client:localhost:43285|dataStream:localhost:35447|priority:0|startupRole:FOLLOWER, s1|rpc:0.0.0.0:36511|priority:0|startupRole:FOLLOWER], format? true
2023-03-14 08:39:16,869 [Time-limited test] TRACE util.FileUtils (FileUtils.java:deleteFully(201)) - deleteFully target/test/data/be523d36/MiniRaftClusterWithGrpc102000d5/s1
2023-03-14 08:39:16,870 [Time-limited test] TRACE util.FileUtils (LogUtils.java:runAndLog(49)) - Successfully ran Files.delete target/test/data/be523d36/MiniRaftClusterWithGrpc102000d5/s1/eefcb7d4-c78e-4ae8-a142-bd63d5292bf3/in_use.lock
2023-03-14 08:39:16,870 [Time-limited test] TRACE util.FileUtils (LogUtils.java:runAndLog(49)) - Successfully ran Files.delete target/test/data/be523d36/MiniRaftClusterWithGrpc102000d5/s1/eefcb7d4-c78e-4ae8-a142-bd63d5292bf3/sm
2023-03-14 08:39:16,870 [Time-limited test] TRACE util.FileUtils (LogUtils.java:runAndLog(49)) - Successfully ran Files.delete target/test/data/be523d36/MiniRaftClusterWithGrpc102000d5/s1/eefcb7d4-c78e-4ae8-a142-bd63d5292bf3/current/raft-meta.conf
2023-03-14 08:39:16,870 [Time-limited test] TRACE util.FileUtils (LogUtils.java:runAndLog(49)) - Successfully ran Files.delete target/test/data/be523d36/MiniRaftClusterWithGrpc102000d5/s1/eefcb7d4-c78e-4ae8-a142-bd63d5292bf3/current/raft-meta
2023-03-14 08:39:16,870 [Time-limited test] TRACE util.FileUtils (LogUtils.java:runAndLog(49)) - Successfully ran Files.delete target/test/data/be523d36/MiniRaftClusterWithGrpc102000d5/s1/eefcb7d4-c78e-4ae8-a142-bd63d5292bf3/current/log_inprogress_0
2023-03-14 08:39:16,870 [Time-limited test] TRACE util.FileUtils (LogUtils.java:runAndLog(49)) - Successfully ran Files.delete target/test/data/be523d36/MiniRaftClusterWithGrpc102000d5/s1/eefcb7d4-c78e-4ae8-a142-bd63d5292bf3/current
2023-03-14 08:39:16,870 [Time-limited test] TRACE util.FileUtils (LogUtils.java:runAndLog(49)) - Successfully ran Files.delete target/test/data/be523d36/MiniRaftClusterWithGrpc102000d5/s1/eefcb7d4-c78e-4ae8-a142-bd63d5292bf3
2023-03-14 08:39:16,870 [Time-limited test] TRACE util.FileUtils (LogUtils.java:runAndLog(49)) - Successfully ran Files.delete target/test/data/be523d36/MiniRaftClusterWithGrpc102000d5/s1
2023-03-14 08:39:16,870 [Time-limited test] INFO  impl.MiniRaftCluster (MiniRaftCluster.java:newRaftServer(387)) - Formatted directory target/test/data/be523d36/MiniRaftClusterWithGrpc102000d5/s1
2023-03-14 08:39:16,870 [Time-limited test] INFO  server.RaftServer (ConfUtils.java:logGet(46)) - raft.rpc.type = GRPC (default)
2023-03-14 08:39:16,870 [Time-limited test] INFO  grpc.GrpcConfigKeys (ConfUtils.java:logFallback(53)) - raft.grpc.admin.host = null (fallback to raft.grpc.server.host)
2023-03-14 08:39:16,870 [Time-limited test] INFO  grpc.GrpcConfigKeys (ConfUtils.java:logGet(46)) - raft.grpc.admin.port = 36511 (custom)
2023-03-14 08:39:16,871 [Time-limited test] INFO  grpc.GrpcConfigKeys (ConfUtils.java:logFallback(53)) - raft.grpc.client.host = null (fallback to raft.grpc.server.host)
2023-03-14 08:39:16,871 [Time-limited test] INFO  grpc.GrpcConfigKeys (ConfUtils.java:logGet(46)) - raft.grpc.client.port = 36511 (custom)
2023-03-14 08:39:16,871 [Time-limited test] INFO  grpc.GrpcConfigKeys (ConfUtils.java:logGet(46)) - raft.grpc.server.host = null (default)
2023-03-14 08:39:16,871 [Time-limited test] INFO  grpc.GrpcConfigKeys (ConfUtils.java:logGet(46)) - raft.grpc.server.port = 36511 (custom)
2023-03-14 08:39:16,871 [Time-limited test] INFO  server.GrpcService (ConfUtils.java:logGet(46)) - raft.grpc.message.size.max = 64MB (=67108864) (default)
2023-03-14 08:39:16,871 [Time-limited test] INFO  server.RaftServerConfigKeys (ConfUtils.java:logGet(46)) - raft.server.log.appender.buffer.byte-limit = 4MB (=4194304) (default)
2023-03-14 08:39:16,871 [Time-limited test] INFO  server.GrpcService (ConfUtils.java:logGet(46)) - raft.grpc.flow.control.window = 1MB (=1048576) (default)
2023-03-14 08:39:16,871 [Time-limited test] INFO  server.RaftServerConfigKeys (ConfUtils.java:logGet(46)) - raft.server.rpc.request.timeout = 3000ms (default)
2023-03-14 08:39:16,871 [Time-limited test] INFO  grpc.GrpcConfigKeys (ConfUtils.java:logGet(46)) - raft.grpc.server.heartbeat.channel = true (default)
2023-03-14 08:39:16,871 [Time-limited test] INFO  grpc.GrpcConfigKeys (ConfUtils.java:logGet(46)) - raft.grpc.server.async.request.thread.pool.cached = true (default)
2023-03-14 08:39:16,871 [Time-limited test] INFO  grpc.GrpcConfigKeys (ConfUtils.java:logGet(46)) - raft.grpc.server.async.request.thread.pool.size = 32 (default)
2023-03-14 08:39:16,871 [Time-limited test] INFO  impl.DataStreamServerImpl (ConfUtils.java:logGet(46)) - raft.datastream.type = DISABLED (default)
2023-03-14 08:39:16,871 [Time-limited test] INFO  server.RaftServerConfigKeys (ConfUtils.java:logGet(46)) - raft.server.threadpool.proxy.cached = true (default)
2023-03-14 08:39:16,871 [Time-limited test] INFO  server.RaftServerConfigKeys (ConfUtils.java:logGet(46)) - raft.server.threadpool.proxy.size = 0 (default)
2023-03-14 08:39:16,871 [Time-limited test] INFO  server.RaftServerConfigKeys (ConfUtils.java:logGet(46)) - raft.server.rpc.slowness.timeout = 60s (default)
2023-03-14 08:39:16,871 [Time-limited test] INFO  server.RaftServerConfigKeys (ConfUtils.java:logGet(46)) - raft.server.leaderelection.leader.step-down.wait-time = 10s (default)
2023-03-14 08:39:16,872 [Time-limited test] INFO  server.RaftServerConfigKeys (ConfUtils.java:logGet(46)) - raft.server.storage.dir = [/home/runner/work/ratis/ratis/ratis-test/target/test/data/be523d36/MiniRaftClusterWithGrpc102000d5/s1] (custom)
2023-03-14 08:39:16,872 [Time-limited test] INFO  server.RaftServer (RaftServerProxy.java:addNew(99)) - s1: addNew group-BD63D5292BF3:[s0|rpc:localhost:34889|admin:localhost:41905|client:localhost:43285|dataStream:localhost:35447|priority:0|startupRole:FOLLOWER, s1|rpc:0.0.0.0:36511|priority:0|startupRole:FOLLOWER] returns group-BD63D5292BF3:java.util.concurrent.CompletableFuture@20f8f7eb[Not completed]
2023-03-14 08:39:16,872 [s1-groupManagement] INFO  server.RaftServer$Division (RaftServerImpl.java:<init>(198)) - s1: new RaftServerImpl for group-BD63D5292BF3:[s0|rpc:localhost:34889|admin:localhost:41905|client:localhost:43285|dataStream:localhost:35447|priority:0|startupRole:FOLLOWER, s1|rpc:0.0.0.0:36511|priority:0|startupRole:FOLLOWER] with BaseStateMachine:uninitialized
2023-03-14 08:39:16,872 [s1-groupManagement] INFO  server.RaftServerConfigKeys (ConfUtils.java:logGet(46)) - raft.server.rpc.timeout.min = 150ms (default)
2023-03-14 08:39:16,872 [s1-groupManagement] INFO  server.RaftServerConfigKeys (ConfUtils.java:logGet(46)) - raft.server.rpc.timeout.max = 300ms (default)
2023-03-14 08:39:16,872 [s1-groupManagement] INFO  server.RaftServerConfigKeys (ConfUtils.java:logGet(46)) - raft.server.rpc.sleep.time = 25ms (default)
2023-03-14 08:39:16,872 [s1-groupManagement] INFO  server.RaftServerConfigKeys (ConfUtils.java:logGet(46)) - raft.server.rpc.slowness.timeout = 60s (default)
2023-03-14 08:39:16,872 [s1-groupManagement] INFO  server.RaftServerConfigKeys (ConfUtils.java:logGet(46)) - raft.server.leaderelection.leader.step-down.wait-time = 10s (default)
2023-03-14 08:39:16,872 [s1-groupManagement] INFO  server.RaftServerConfigKeys (ConfUtils.java:logGet(46)) - raft.server.sleep.deviation.threshold = 300ms (default)
2023-03-14 08:39:16,872 [s1-groupManagement] INFO  server.RaftServer$Division (ServerState.java:<init>(113)) - s1@group-BD63D5292BF3: ConfigurationManager, init=-1: peers:[s0|rpc:localhost:34889|admin:localhost:41905|client:localhost:43285|dataStream:localhost:35447|priority:0|startupRole:FOLLOWER, s1|rpc:0.0.0.0:36511|priority:0|startupRole:FOLLOWER]|listeners:[], old=null, confs=<EMPTY_MAP>
2023-03-14 08:39:16,872 [s1-groupManagement] INFO  server.RaftServerConfigKeys (ConfUtils.java:logGet(46)) - raft.server.notification.no-leader.timeout = 60s (default)
2023-03-14 08:39:16,873 [s1-groupManagement] INFO  server.RaftServerConfigKeys (ConfUtils.java:logGet(46)) - raft.server.read.timeout = 10s (default)
2023-03-14 08:39:16,873 [s1-groupManagement] INFO  server.RaftServerConfigKeys (ConfUtils.java:logGet(46)) - raft.server.retrycache.expirytime = 60s (default)
2023-03-14 08:39:16,873 [s1-groupManagement] INFO  server.RaftServerConfigKeys (ConfUtils.java:logGet(46)) - raft.server.retrycache.statistics.expirytime = 100μs (default)
2023-03-14 08:39:16,873 [s1-groupManagement] INFO  server.RaftServerConfigKeys (ConfUtils.java:logGet(46)) - raft.server.read.option = DEFAULT (default)
2023-03-14 08:39:16,873 [s1-groupManagement] INFO  server.RaftServerConfigKeys (ConfUtils.java:logGet(46)) - raft.server.log.appender.install.snapshot.enabled = true (default)
2023-03-14 08:39:16,873 [s1-groupManagement] INFO  server.RaftServerConfigKeys (ConfUtils.java:logGet(46)) - raft.server.threadpool.server.cached = true (default)
2023-03-14 08:39:16,873 [s1-groupManagement] INFO  server.RaftServerConfigKeys (ConfUtils.java:logGet(46)) - raft.server.threadpool.server.size = 0 (default)
2023-03-14 08:39:16,873 [s1-groupManagement] INFO  server.RaftServerConfigKeys (ConfUtils.java:logGet(46)) - raft.server.threadpool.client.cached = true (default)
2023-03-14 08:39:16,873 [s1-groupManagement] INFO  server.RaftServerConfigKeys (ConfUtils.java:logGet(46)) - raft.server.threadpool.client.size = 0 (default)
2023-03-14 08:39:16,873 [s1-impl-thread1] INFO  server.RaftServerConfigKeys (ConfUtils.java:logGet(46)) - raft.server.storage.free-space.min = 0MB (=0) (default)
2023-03-14 08:39:16,873 [s1-impl-thread1] INFO  server.RaftServerConfigKeys (ConfUtils.java:logGet(46)) - raft.server.log.corruption.policy = EXCEPTION (default)
2023-03-14 08:39:16,873 [s1-impl-thread1] INFO  server.RaftServerConfigKeys (ConfUtils.java:logGet(46)) - raft.server.storage.dir = [/home/runner/work/ratis/ratis/ratis-test/target/test/data/be523d36/MiniRaftClusterWithGrpc102000d5/s1] (custom)
2023-03-14 08:39:16,874 [s1-impl-thread1] INFO  storage.RaftStorageDirectory (RaftStorageDirectoryImpl.java:analyzeStorage(138)) - The storage directory /home/runner/work/ratis/ratis/ratis-test/target/test/data/be523d36/MiniRaftClusterWithGrpc102000d5/s1/eefcb7d4-c78e-4ae8-a142-bd63d5292bf3 does not exist. Creating ...
2023-03-14 08:39:16,874 [s1-impl-thread1] TRACE util.FileUtils (LogUtils.java:runAndLog(49)) - Successfully ran Files.createDirectories /home/runner/work/ratis/ratis/ratis-test/target/test/data/be523d36/MiniRaftClusterWithGrpc102000d5/s1/eefcb7d4-c78e-4ae8-a142-bd63d5292bf3
2023-03-14 08:39:16,875 [s1-impl-thread1] INFO  storage.RaftStorageDirectory (RaftStorageDirectoryImpl.java:tryLock(232)) - Lock on /home/runner/work/ratis/ratis/ratis-test/target/test/data/be523d36/MiniRaftClusterWithGrpc102000d5/s1/eefcb7d4-c78e-4ae8-a142-bd63d5292bf3/in_use.lock acquired by nodename 10435@fv-az41-628
2023-03-14 08:39:16,875 [s1-impl-thread1] TRACE util.FileUtils (LogUtils.java:runAndLog(49)) - Successfully ran Files.createDirectories /home/runner/work/ratis/ratis/ratis-test/target/test/data/be523d36/MiniRaftClusterWithGrpc102000d5/s1/eefcb7d4-c78e-4ae8-a142-bd63d5292bf3/current
2023-03-14 08:39:16,875 [s1-impl-thread1] TRACE util.FileUtils (LogUtils.java:runAndLog(49)) - Successfully ran Files.createDirectories /home/runner/work/ratis/ratis/ratis-test/target/test/data/be523d36/MiniRaftClusterWithGrpc102000d5/s1/eefcb7d4-c78e-4ae8-a142-bd63d5292bf3/sm
2023-03-14 08:39:16,876 [s1-impl-thread1] INFO  storage.RaftStorage (RaftStorageImpl.java:format(96)) - Storage directory /home/runner/work/ratis/ratis/ratis-test/target/test/data/be523d36/MiniRaftClusterWithGrpc102000d5/s1/eefcb7d4-c78e-4ae8-a142-bd63d5292bf3 has been successfully formatted.
2023-03-14 08:39:16,876 [s1-impl-thread1] INFO  server.RaftServerConfigKeys (ConfUtils.java:logGet(46)) - raft.server.log.use.memory = false (default)
2023-03-14 08:39:16,876 [s1-impl-thread1] INFO  server.RaftServerConfigKeys (ConfUtils.java:logGet(46)) - raft.server.log.purge.gap = 1024 (default)
2023-03-14 08:39:16,876 [s1-impl-thread1] INFO  server.RaftServerConfigKeys (ConfUtils.java:logGet(46)) - raft.server.log.appender.buffer.byte-limit = 4MB (=4194304) (default)
2023-03-14 08:39:16,876 [s1-impl-thread1] INFO  server.RaftServerConfigKeys (ConfUtils.java:logGet(46)) - raft.server.log.statemachine.data.read.timeout = 1000ms (default)
2023-03-14 08:39:16,876 [s1-impl-thread1] INFO  server.RaftServerConfigKeys (ConfUtils.java:logGet(46)) - raft.server.log.purge.preservation.log.num = 0 (default)
2023-03-14 08:39:16,883 [s1-impl-thread1] INFO  server.RaftServerConfigKeys (ConfUtils.java:logGet(46)) - raft.server.log.segment.size.max = 8MB (=8388608) (default)
2023-03-14 08:39:16,883 [s1-impl-thread1] INFO  server.RaftServerConfigKeys (ConfUtils.java:logGet(46)) - raft.server.log.segment.cache.num.max = 6 (default)
2023-03-14 08:39:16,883 [s1-impl-thread1] INFO  server.RaftServerConfigKeys (ConfUtils.java:logGet(46)) - raft.server.log.segment.cache.size.max = 200MB (=209715200) (default)
2023-03-14 08:39:16,883 [s1-impl-thread1] INFO  server.RaftServerConfigKeys (ConfUtils.java:logGet(46)) - raft.server.log.appender.buffer.byte-limit = 4MB (=4194304) (default)
2023-03-14 08:39:16,883 [s1-impl-thread1] INFO  segmented.SegmentedRaftLogWorker (SegmentedRaftLogWorker.java:<init>(183)) - new s1@group-BD63D5292BF3-SegmentedRaftLogWorker for RaftStorageImpl:Storage Directory /home/runner/work/ratis/ratis/ratis-test/target/test/data/be523d36/MiniRaftClusterWithGrpc102000d5/s1/eefcb7d4-c78e-4ae8-a142-bd63d5292bf3
2023-03-14 08:39:16,883 [s1-impl-thread1] INFO  server.RaftServerConfigKeys (ConfUtils.java:logGet(46)) - raft.server.log.queue.byte-limit = 64MB (=67108864) (default)
2023-03-14 08:39:16,883 [s1-impl-thread1] INFO  server.RaftServerConfigKeys (ConfUtils.java:logGet(46)) - raft.server.log.queue.element-limit = 4096 (default)
2023-03-14 08:39:16,883 [s1-impl-thread1] INFO  server.RaftServerConfigKeys (ConfUtils.java:logGet(46)) - raft.server.log.segment.size.max = 8MB (=8388608) (default)
2023-03-14 08:39:16,883 [s1-impl-thread1] INFO  server.RaftServerConfigKeys (ConfUtils.java:logGet(46)) - raft.server.log.preallocated.size = 4MB (=4194304) (default)
2023-03-14 08:39:16,883 [s1-impl-thread1] INFO  server.RaftServerConfigKeys (ConfUtils.java:logGet(46)) - raft.server.log.force.sync.num = 128 (default)
2023-03-14 08:39:16,883 [s1-impl-thread1] INFO  server.RaftServerConfigKeys (ConfUtils.java:logGet(46)) - raft.server.log.statemachine.data.sync = true (default)
2023-03-14 08:39:16,883 [s1-impl-thread1] INFO  server.RaftServerConfigKeys (ConfUtils.java:logGet(46)) - raft.server.log.statemachine.data.sync.timeout = 10s (default)
2023-03-14 08:39:16,883 [s1-impl-thread1] INFO  server.RaftServerConfigKeys (ConfUtils.java:logGet(46)) - raft.server.log.statemachine.data.sync.timeout.retry = -1 (default)
2023-03-14 08:39:16,883 [s1-impl-thread1] INFO  server.RaftServerConfigKeys (ConfUtils.java:logGet(46)) - raft.server.log.write.buffer.size = 64KB (=65536) (default)
2023-03-14 08:39:16,883 [s1-impl-thread1] INFO  server.RaftServerConfigKeys (ConfUtils.java:logGet(46)) - raft.server.log.appender.buffer.byte-limit = 4MB (=4194304) (default)
2023-03-14 08:39:16,884 [s1-impl-thread1] INFO  server.RaftServerConfigKeys (ConfUtils.java:logGet(46)) - raft.server.log.unsafe-flush.enabled = false (default)
2023-03-14 08:39:16,884 [s1-impl-thread1] INFO  server.RaftServerConfigKeys (ConfUtils.java:logGet(46)) - raft.server.log.async-flush.enabled = false (default)
2023-03-14 08:39:16,884 [s1-impl-thread1] INFO  server.RaftServerConfigKeys (ConfUtils.java:logGet(46)) - raft.server.log.statemachine.data.caching.enabled = false (default)
2023-03-14 08:39:16,884 [s1-impl-thread1] INFO  segmented.SegmentedRaftLogWorker (SegmentedRaftLogWorker.java:lambda$new$0(134)) - s1@group-BD63D5292BF3-SegmentedRaftLogWorker: flushIndex: setUnconditionally 0 -> -1
2023-03-14 08:39:16,884 [s1-impl-thread1] INFO  segmented.SegmentedRaftLogWorker (SegmentedRaftLogWorker.java:lambda$new$0(134)) - s1@group-BD63D5292BF3-SegmentedRaftLogWorker: safeCacheEvictIndex: setUnconditionally 0 -> -1
2023-03-14 08:39:16,888 [s1-impl-thread1] INFO  server.RaftServer$Division (RaftServerImpl.java:start(342)) - s1@group-BD63D5292BF3: start as a follower, conf=-1: peers:[s0|rpc:localhost:34889|admin:localhost:41905|client:localhost:43285|dataStream:localhost:35447|priority:0|startupRole:FOLLOWER, s1|rpc:0.0.0.0:36511|priority:0|startupRole:FOLLOWER]|listeners:[], old=null
2023-03-14 08:39:16,888 [s1-impl-thread1] INFO  server.RaftServer$Division (RaftServerImpl.java:setRole(329)) - s1@group-BD63D5292BF3: changes role from      null to FOLLOWER at term 0 for startAsFollower
2023-03-14 08:39:16,888 [s1-impl-thread1] INFO  impl.RoleInfo (RoleInfo.java:updateAndGet(139)) - s1: start s1@group-BD63D5292BF3-FollowerState
2023-03-14 08:39:16,888 [s1-impl-thread1] INFO  util.JmxRegister (JmxRegister.java:tryRegister(44)) - Successfully registered JMX Bean with object name Ratis:service=RaftServer,group=group-BD63D5292BF3,id=s1
2023-03-14 08:39:16,888 [s1-impl-thread1] INFO  server.RaftServerConfigKeys (ConfUtils.java:logGet(46)) - raft.server.snapshot.auto.trigger.enabled = false (default)
2023-03-14 08:39:16,888 [s1-impl-thread1] INFO  server.RaftServerConfigKeys (ConfUtils.java:logGet(46)) - raft.server.snapshot.retention.file.num = -1 (default)
2023-03-14 08:39:16,888 [s1-impl-thread1] INFO  server.RaftServerConfigKeys (ConfUtils.java:logGet(46)) - raft.server.log.purge.upto.snapshot.index = false (default)
2023-03-14 08:39:16,889 [s1@group-BD63D5292BF3-FollowerState] INFO  server.RaftServerConfigKeys (ConfUtils.java:logFallback(53)) - raft.server.rpc.first-election.timeout.min = 150ms (fallback to raft.server.rpc.timeout.min)
2023-03-14 08:39:16,889 [s1@group-BD63D5292BF3-FollowerState] INFO  server.RaftServerConfigKeys (ConfUtils.java:logFallback(53)) - raft.server.rpc.first-election.timeout.max = 300ms (fallback to raft.server.rpc.timeout.max)
2023-03-14 08:39:16,889 [Time-limited test] INFO  server.RaftServer (RaftServerProxy.java:startImpl(401)) - s1: start RPC server
2023-03-14 08:39:16,889 [Time-limited test] INFO  server.GrpcService (GrpcService.java:startImpl(302)) - s1: GrpcService started, listening on 36511
2023-03-14 08:39:16,889 [Time-limited test] INFO  grpc.TestRaftReconfigurationWithGrpc (RaftReconfigurationBaseTest.java:runTestBootstrapReconf(430)) - printing ALL groups
  s0:  RUNNING    LEADER s0@group-BD63D5292BF3:t1, leader=s0, voted=s0, raftlog=Memoized:s0@group-BD63D5292BF3-SegmentedRaftLog:OPENED:c44, conf=43: peers:[s0|rpc:localhost:34889|admin:localhost:41905|client:localhost:43285|dataStream:localhost:35447|priority:0|startupRole:FOLLOWER, s1|rpc:0.0.0.0:36511|dataStream:|priority:0|startupRole:FOLLOWER]|listeners:[], old=null RUNNING
  s1:  RUNNING  FOLLOWER s1@group-BD63D5292BF3:t0, leader=null, voted=, raftlog=Memoized:s1@group-BD63D5292BF3-SegmentedRaftLog:OPENED:c-1, conf=-1: peers:[s0|rpc:localhost:34889|admin:localhost:41905|client:localhost:43285|dataStream:localhost:35447|priority:0|startupRole:FOLLOWER, s1|rpc:0.0.0.0:36511|priority:0|startupRole:FOLLOWER]|listeners:[], old=null RUNNING
2023-03-14 08:39:16,890 [JvmPauseMonitor70] INFO  util.JvmPauseMonitor (JvmPauseMonitor.java:run(103)) - JvmPauseMonitor-s1: Started
2023-03-14 08:39:16,893 [grpc-default-executor-8] WARN  server.GrpcLogAppender (LogUtils.java:warn(122)) - s0@group-BD63D5292BF3->s1-AppendLogResponseHandler: Failed appendEntries: org.apache.ratis.thirdparty.io.grpc.StatusRuntimeException: UNAVAILABLE: io exception
2023-03-14 08:39:16,893 [grpc-default-executor-8] INFO  leader.FollowerInfo (FollowerInfoImpl.java:lambda$new$0(52)) - s0@group-BD63D5292BF3->s1: decreaseNextIndex nextIndex: updateUnconditionally 43 -> 42
2023-03-14 08:39:16,893 [grpc-default-executor-5] WARN  server.GrpcLogAppender (LogUtils.java:warn(122)) - s0@group-BD63D5292BF3->s1-AppendLogResponseHandler: Failed appendEntries: org.apache.ratis.thirdparty.io.grpc.StatusRuntimeException: UNAVAILABLE: io exception
2023-03-14 08:39:16,893 [grpc-default-executor-5] INFO  leader.FollowerInfo (FollowerInfoImpl.java:lambda$new$0(52)) - s0@group-BD63D5292BF3->s1: decreaseNextIndex nextIndex: updateUnconditionally 42 -> 41
2023-03-14 08:39:16,904 [s1-server-thread1] DEBUG server.RaftServer$Division (RaftServerImpl.java:logAppendEntries(1430)) - s1@group-BD63D5292BF3: receive appendEntries(s0, 1, (t:1, i:40), 44, true, commits:[s0:c44, s1:c44], cId:70873, entries: [(t:1, i:41), CONFIGURATIONENTRY(current:id: "s0"
address: "localhost:34889"
dataStreamAddress: "localhost:35447"
clientAddress: "localhost:43285"
adminAddress: "localhost:41905"
startupRole: FOLLOWER
,id: "s1"
address: "0.0.0.0:36511"
clientAddress: "0.0.0.0:36511"
adminAddress: "0.0.0.0:36511"
startupRole: FOLLOWER
, old:id: "s0"
address: "localhost:34889"
dataStreamAddress: "localhost:35447"
clientAddress: "localhost:43285"
adminAddress: "localhost:41905"
startupRole: FOLLOWER
), (t:1, i:42), METADATAENTRY(c:41), (t:1, i:43), CONFIGURATIONENTRY(current:id: "s0"
address: "localhost:34889"
dataStreamAddress: "localhost:35447"
clientAddress: "localhost:43285"
adminAddress: "localhost:41905"
startupRole: FOLLOWER
,id: "s1"
address: "0.0.0.0:36511"
clientAddress: "0.0.0.0:36511"
adminAddress: "0.0.0.0:36511"
startupRole: FOLLOWER
, old:), (t:1, i:44), METADATAENTRY(c:43)]
2023-03-14 08:39:16,905 [s1-server-thread1] INFO  server.RaftServer$Division (ServerState.java:setLeader(260)) - s1@group-BD63D5292BF3: change Leader from null to s0 at term 1 for appendEntries, leader elected after 32ms
2023-03-14 08:39:16,905 [s1-server-thread1] INFO  server.RaftServer$Division (RaftServerImpl.java:checkInconsistentAppendEntries(1610)) - s1@group-BD63D5292BF3: Failed appendEntries as previous log entry ((t:1, i:40)) is not found
2023-03-14 08:39:16,905 [s1-server-thread1] INFO  server.RaftServer$Division (RaftServerImpl.java:checkInconsistentAppendEntries(1580)) - s1@group-BD63D5292BF3: inconsistency entries. Reply:s0<-s1#70873:FAIL-t0,INCONSISTENCY,nextIndex=0,followerCommit=-1,matchIndex=-1
2023-03-14 08:39:16,906 [grpc-default-executor-8] WARN  server.GrpcLogAppender (GrpcLogAppender.java:onNextImpl(390)) - s0@group-BD63D5292BF3->s1-AppendLogResponseHandler: received INCONSISTENCY reply with nextIndex 0
2023-03-14 08:39:16,906 [grpc-default-executor-8] INFO  leader.FollowerInfo (FollowerInfoImpl.java:lambda$new$0(52)) - s0@group-BD63D5292BF3->s1: setNextIndex nextIndex: updateUnconditionally 45 -> 0
2023-03-14 08:39:16,914 [s1-server-thread1] DEBUG server.RaftServer$Division (RaftServerImpl.java:logAppendEntries(1430)) - s1@group-BD63D5292BF3: receive appendEntries(s0, 1, null, 44, true, commits:[s0:c44, s1:c44], cId:70874, entries: [(t:1, i:0), CONFIGURATIONENTRY(current:id: "s0"
address: "localhost:34889"
dataStreamAddress: "localhost:35447"
clientAddress: "localhost:43285"
adminAddress: "localhost:41905"
startupRole: FOLLOWER
, old:), (t:1, i:1), STATEMACHINELOGENTRY, 78@client-44DAD89E24B0, (t:1, i:2), METADATAENTRY(c:1), (t:1, i:3), STATEMACHINELOGENTRY, 79@client-44DAD89E24B0, (t:1, i:4), METADATAENTRY(c:3), (t:1, i:5), STATEMACHINELOGENTRY, 80@client-44DAD89E24B0, (t:1, i:6), METADATAENTRY(c:5), (t:1, i:7), STATEMACHINELOGENTRY, 81@client-44DAD89E24B0, (t:1, i:8), METADATAENTRY(c:7), (t:1, i:9), STATEMACHINELOGENTRY, 82@client-44DAD89E24B0, (t:1, i:10), METADATAENTRY(c:9), (t:1, i:11), STATEMACHINELOGENTRY, 83@client-44DAD89E24B0, (t:1, i:12), METADATAENTRY(c:11), (t:1, i:13), STATEMACHINELOGENTRY, 84@client-44DAD89E24B0, (t:1, i:14), METADATAENTRY(c:13), (t:1, i:15), STATEMACHINELOGENTRY, 85@client-44DAD89E24B0, (t:1, i:16), METADATAENTRY(c:15), (t:1, i:17), STATEMACHINELOGENTRY, 86@client-44DAD89E24B0, (t:1, i:18), METADATAENTRY(c:17), (t:1, i:19), STATEMACHINELOGENTRY, 87@client-44DAD89E24B0, (t:1, i:20), METADATAENTRY(c:19), (t:1, i:21), STATEMACHINELOGENTRY, 88@client-44DAD89E24B0, (t:1, i:22), METADATAENTRY(c:21), (t:1, i:23), STATEMACHINELOGENTRY, 89@client-44DAD89E24B0, (t:1, i:24), METADATAENTRY(c:23), (t:1, i:25), STATEMACHINELOGENTRY, 90@client-44DAD89E24B0, (t:1, i:26), METADATAENTRY(c:25), (t:1, i:27), STATEMACHINELOGENTRY, 91@client-44DAD89E24B0, (t:1, i:28), METADATAENTRY(c:27), (t:1, i:29), STATEMACHINELOGENTRY, 92@client-44DAD89E24B0, (t:1, i:30), METADATAENTRY(c:29), (t:1, i:31), STATEMACHINELOGENTRY, 93@client-44DAD89E24B0, (t:1, i:32), METADATAENTRY(c:31), (t:1, i:33), STATEMACHINELOGENTRY, 94@client-44DAD89E24B0, (t:1, i:34), METADATAENTRY(c:33), (t:1, i:35), STATEMACHINELOGENTRY, 95@client-44DAD89E24B0, (t:1, i:36), METADATAENTRY(c:35), (t:1, i:37), STATEMACHINELOGENTRY, 96@client-44DAD89E24B0, (t:1, i:38), METADATAENTRY(c:37), (t:1, i:39), STATEMACHINELOGENTRY, 97@client-44DAD89E24B0, (t:1, i:40), METADATAENTRY(c:39), (t:1, i:41), CONFIGURATIONENTRY(current:id: "s0"
address: "localhost:34889"
dataStreamAddress: "localhost:35447"
clientAddress: "localhost:43285"
adminAddress: "localhost:41905"
startupRole: FOLLOWER
,id: "s1"
address: "0.0.0.0:36511"
clientAddress: "0.0.0.0:36511"
adminAddress: "0.0.0.0:36511"
startupRole: FOLLOWER
, old:id: "s0"
address: "localhost:34889"
dataStreamAddress: "localhost:35447"
clientAddress: "localhost:43285"
adminAddress: "localhost:41905"
startupRole: FOLLOWER
), (t:1, i:42), METADATAENTRY(c:41), (t:1, i:43), CONFIGURATIONENTRY(current:id: "s0"
address: "localhost:34889"
dataStreamAddress: "localhost:35447"
clientAddress: "localhost:43285"
adminAddress: "localhost:41905"
startupRole: FOLLOWER
,id: "s1"
address: "0.0.0.0:36511"
clientAddress: "0.0.0.0:36511"
adminAddress: "0.0.0.0:36511"
startupRole: FOLLOWER
, old:), (t:1, i:44), METADATAENTRY(c:43)]
2023-03-14 08:39:16,914 [s1-server-thread1] INFO  server.RaftServer$Division (ServerState.java:setRaftConf(378)) - s1@group-BD63D5292BF3: set configuration 0: peers:[s0|rpc:localhost:34889|admin:localhost:41905|client:localhost:43285|dataStream:localhost:35447|priority:0|startupRole:FOLLOWER]|listeners:[], old=null
2023-03-14 08:39:16,914 [s1-server-thread1] INFO  server.RaftServer$Division (ServerState.java:setRaftConf(378)) - s1@group-BD63D5292BF3: set configuration 41: peers:[s0|rpc:localhost:34889|admin:localhost:41905|client:localhost:43285|dataStream:localhost:35447|priority:0|startupRole:FOLLOWER, s1|rpc:0.0.0.0:36511|dataStream:|priority:0|startupRole:FOLLOWER]|listeners:[], old=peers:[s0|rpc:localhost:34889|admin:localhost:41905|client:localhost:43285|dataStream:localhost:35447|priority:0|startupRole:FOLLOWER]|listeners:[]
2023-03-14 08:39:16,914 [s1-server-thread1] INFO  server.RaftServer$Division (ServerState.java:setRaftConf(378)) - s1@group-BD63D5292BF3: set configuration 43: peers:[s0|rpc:localhost:34889|admin:localhost:41905|client:localhost:43285|dataStream:localhost:35447|priority:0|startupRole:FOLLOWER, s1|rpc:0.0.0.0:36511|dataStream:|priority:0|startupRole:FOLLOWER]|listeners:[], old=null
2023-03-14 08:39:16,914 [s1-server-thread1] INFO  segmented.SegmentedRaftLogWorker (SegmentedRaftLogWorker.java:startLogSegment(426)) - s1@group-BD63D5292BF3-SegmentedRaftLogWorker: Starting segment from index:0
2023-03-14 08:39:16,922 [s1@group-BD63D5292BF3-SegmentedRaftLogWorker] INFO  segmented.SegmentedRaftLogWorker (SegmentedRaftLogWorker.java:execute(630)) - s1@group-BD63D5292BF3-SegmentedRaftLogWorker: created new log segment /home/runner/work/ratis/ratis/ratis-test/target/test/data/be523d36/MiniRaftClusterWithGrpc102000d5/s1/eefcb7d4-c78e-4ae8-a142-bd63d5292bf3/current/log_inprogress_0
2023-03-14 08:39:16,923 [s1-server-thread1] DEBUG server.RaftServer$Division (RaftServerImpl.java:logAppendEntries(1430)) - s1@group-BD63D5292BF3: succeeded to handle AppendEntries. Reply: s0<-s1#70874:OK-t1,SUCCESS,nextIndex=45,followerCommit=44,matchIndex=44
2023-03-14 08:39:17,191 [Time-limited test] INFO  impl.MiniRaftCluster (MiniRaftCluster.java:shutdown(831)) - ************************************************************** 
2023-03-14 08:39:17,191 [Time-limited test] INFO  impl.MiniRaftCluster (MiniRaftCluster.java:shutdown(832)) - *** 
2023-03-14 08:39:17,191 [Time-limited test] INFO  impl.MiniRaftCluster (MiniRaftCluster.java:shutdown(833)) - ***     Stopping MiniRaftClusterWithGrpc
2023-03-14 08:39:17,191 [Time-limited test] INFO  impl.MiniRaftCluster (MiniRaftCluster.java:shutdown(834)) - *** 
2023-03-14 08:39:17,191 [Time-limited test] INFO  impl.MiniRaftCluster (MiniRaftCluster.java:shutdown(835)) - ************************************************************** 
2023-03-14 08:39:17,191 [Time-limited test] INFO  impl.MiniRaftCluster (MiniRaftCluster.java:shutdown(836)) - printing ALL groups
  s0:  RUNNING    LEADER s0@group-BD63D5292BF3:t1, leader=s0, voted=s0, raftlog=Memoized:s0@group-BD63D5292BF3-SegmentedRaftLog:OPENED:c44, conf=43: peers:[s0|rpc:localhost:34889|admin:localhost:41905|client:localhost:43285|dataStream:localhost:35447|priority:0|startupRole:FOLLOWER, s1|rpc:0.0.0.0:36511|dataStream:|priority:0|startupRole:FOLLOWER]|listeners:[], old=null RUNNING
  s1:  RUNNING  FOLLOWER s1@group-BD63D5292BF3:t1, leader=s0, voted=null, raftlog=Memoized:s1@group-BD63D5292BF3-SegmentedRaftLog:OPENED:c44, conf=43: peers:[s0|rpc:localhost:34889|admin:localhost:41905|client:localhost:43285|dataStream:localhost:35447|priority:0|startupRole:FOLLOWER, s1|rpc:0.0.0.0:36511|dataStream:|priority:0|startupRole:FOLLOWER]|listeners:[], old=null RUNNING
2023-03-14 08:39:17,191 [MiniRaftCluster-76] INFO  server.RaftServer (RaftServerProxy.java:lambda$close$7(417)) - s0: close
2023-03-14 08:39:17,191 [s0-impl-thread1] INFO  server.RaftServer$Division (RaftServerImpl.java:lambda$close$4(466)) - s0@group-BD63D5292BF3: shutdown
2023-03-14 08:39:17,192 [s0-impl-thread1] INFO  util.JmxRegister (JmxRegister.java:unregister(73)) - Successfully un-registered JMX Bean with object name Ratis:service=RaftServer,group=group-BD63D5292BF3,id=s0
2023-03-14 08:39:17,192 [s0-impl-thread1] INFO  impl.RoleInfo (RoleInfo.java:shutdownLeaderState(93)) - s0: shutdown s0@group-BD63D5292BF3-LeaderStateImpl
2023-03-14 08:39:17,192 [s0-impl-thread1] INFO  impl.PendingRequests (PendingRequests.java:sendNotLeaderResponses(282)) - s0@group-BD63D5292BF3-PendingRequests: sendNotLeaderResponses
2023-03-14 08:39:17,192 [grpc-default-executor-5] INFO  server.GrpcServerProtocolService (GrpcServerProtocolService.java:onCompleted(145)) - s1: Completed APPEND_ENTRIES, lastRequest: null
2023-03-14 08:39:17,192 [grpc-default-executor-8] INFO  server.GrpcServerProtocolService (GrpcServerProtocolService.java:onCompleted(145)) - s1: Completed APPEND_ENTRIES, lastRequest: s0->s1#70874-t1,previous=(t:0, i:0),leaderCommit=44,initializing? true,entries: size=45, first=(t:1, i:0), CONFIGURATIONENTRY(current:id: "s0"
address: "localhost:34889"
dataStreamAddress: "localhost:35447"
clientAddress: "localhost:43285"
adminAddress: "localhost:41905"
startupRole: FOLLOWER
, old:)
2023-03-14 08:39:17,192 [grpc-default-executor-1] INFO  server.GrpcLogAppender (GrpcLogAppender.java:onCompleted(417)) - s0@group-BD63D5292BF3->s1-AppendLogResponseHandler: follower responses appendEntries COMPLETED
2023-03-14 08:39:17,192 [grpc-default-executor-1] INFO  leader.FollowerInfo (FollowerInfoImpl.java:lambda$new$0(52)) - s0@group-BD63D5292BF3->s1: decreaseNextIndex nextIndex: updateUnconditionally 45 -> 44
2023-03-14 08:39:17,192 [grpc-default-executor-0] INFO  server.GrpcLogAppender (GrpcLogAppender.java:onCompleted(417)) - s0@group-BD63D5292BF3->s1-AppendLogResponseHandler: follower responses appendEntries COMPLETED
2023-03-14 08:39:17,193 [s0-impl-thread1] INFO  impl.StateMachineUpdater (StateMachineUpdater.java:stopAndJoin(154)) - s0@group-BD63D5292BF3-StateMachineUpdater: set stopIndex = 44
2023-03-14 08:39:17,193 [s0-impl-thread1] INFO  server.RaftServer$Division (ServerState.java:close(414)) - s0@group-BD63D5292BF3: applyIndex: 44
2023-03-14 08:39:17,193 [grpc-default-executor-0] INFO  leader.FollowerInfo (FollowerInfoImpl.java:lambda$new$0(52)) - s0@group-BD63D5292BF3->s1: decreaseNextIndex nextIndex: updateUnconditionally 44 -> 43
2023-03-14 08:39:17,193 [MiniRaftCluster-76] INFO  server.GrpcService (GrpcService.java:closeImpl(311)) - s0: shutdown server org.apache.ratis.grpc.server.GrpcClientProtocolService now
2023-03-14 08:39:17,193 [MiniRaftCluster-77] INFO  server.RaftServer (RaftServerProxy.java:lambda$close$7(417)) - s1: close
2023-03-14 08:39:17,194 [s1-impl-thread1] INFO  server.RaftServer$Division (RaftServerImpl.java:lambda$close$4(466)) - s1@group-BD63D5292BF3: shutdown
2023-03-14 08:39:17,194 [s1-impl-thread1] INFO  util.JmxRegister (JmxRegister.java:unregister(73)) - Successfully un-registered JMX Bean with object name Ratis:service=RaftServer,group=group-BD63D5292BF3,id=s1
2023-03-14 08:39:17,194 [s1-impl-thread1] INFO  impl.RoleInfo (RoleInfo.java:shutdownFollowerState(110)) - s1: shutdown s1@group-BD63D5292BF3-FollowerState
2023-03-14 08:39:17,194 [s1-impl-thread1] INFO  impl.StateMachineUpdater (StateMachineUpdater.java:stopAndJoin(154)) - s1@group-BD63D5292BF3-StateMachineUpdater: set stopIndex = 44
2023-03-14 08:39:17,194 [s1@group-BD63D5292BF3-FollowerState] INFO  impl.FollowerState (FollowerState.java:run(152)) - s1@group-BD63D5292BF3-FollowerState was interrupted
2023-03-14 08:39:17,194 [s1-impl-thread1] INFO  server.RaftServer$Division (ServerState.java:close(414)) - s1@group-BD63D5292BF3: applyIndex: 44
2023-03-14 08:39:17,194 [MiniRaftCluster-77] INFO  server.GrpcService (GrpcService.java:closeImpl(311)) - s1: shutdown server GrpcServerProtocolService now
2023-03-14 08:39:17,195 [Thread-2107] INFO  server.GrpcServerProtocolClient (GrpcServerProtocolClient.java:close(102)) - s1 Close channels
2023-03-14 08:39:17,195 [MiniRaftCluster-77] INFO  server.GrpcService (GrpcService.java:closeImpl(320)) - s1: shutdown server GrpcServerProtocolService successfully
2023-03-14 08:39:17,195 [MiniRaftCluster-76] INFO  server.GrpcService (GrpcService.java:closeImpl(320)) - s0: shutdown server org.apache.ratis.grpc.server.GrpcClientProtocolService successfully
2023-03-14 08:39:17,195 [MiniRaftCluster-76] INFO  server.GrpcService (GrpcService.java:closeImpl(311)) - s0: shutdown server GrpcServerProtocolService now
2023-03-14 08:39:17,195 [MiniRaftCluster-76] INFO  server.GrpcService (GrpcService.java:closeImpl(320)) - s0: shutdown server GrpcServerProtocolService successfully
2023-03-14 08:39:17,195 [MiniRaftCluster-76] INFO  server.GrpcService (GrpcService.java:closeImpl(311)) - s0: shutdown server org.apache.ratis.grpc.server.GrpcAdminProtocolService now
2023-03-14 08:39:17,196 [MiniRaftCluster-76] INFO  server.GrpcService (GrpcService.java:closeImpl(320)) - s0: shutdown server org.apache.ratis.grpc.server.GrpcAdminProtocolService successfully
2023-03-14 08:39:17,858 [s0-impl-thread1] INFO  segmented.SegmentedRaftLogWorker (SegmentedRaftLogWorker.java:close(242)) - s0@group-BD63D5292BF3-SegmentedRaftLogWorker close()
2023-03-14 08:39:17,859 [JvmPauseMonitor68] INFO  util.JvmPauseMonitor (JvmPauseMonitor.java:run(109)) - JvmPauseMonitor-s0: Stopped
2023-03-14 08:39:17,923 [s1-impl-thread1] INFO  segmented.SegmentedRaftLogWorker (SegmentedRaftLogWorker.java:close(242)) - s1@group-BD63D5292BF3-SegmentedRaftLogWorker close()
2023-03-14 08:39:17,923 [JvmPauseMonitor70] INFO  util.JvmPauseMonitor (JvmPauseMonitor.java:run(109)) - JvmPauseMonitor-s1: Stopped
]]></system-out>
  </testcase>
  <testcase name="testBootstrapReconfWithSingleNodeAddOne" classname="org.apache.ratis.grpc.TestRaftReconfigurationWithGrpc" time="2.647">
    <failure message="Unexpected exit." type="java.lang.AssertionError">java.lang.AssertionError: Unexpected exit.
	at org.apache.ratis.util.ExitUtils.assertNotTerminated(ExitUtils.java:109)
	at org.apache.ratis.BaseTest.assertNoFailures(BaseTest.java:89)
	at java.base/jdk.internal.reflect.NativeMethodAccessorImpl.invoke0(Native Method)
	at java.base/jdk.internal.reflect.NativeMethodAccessorImpl.invoke(NativeMethodAccessorImpl.java:62)
	at java.base/jdk.internal.reflect.DelegatingMethodAccessorImpl.invoke(DelegatingMethodAccessorImpl.java:43)
	at java.base/java.lang.reflect.Method.invoke(Method.java:566)
	at org.junit.runners.model.FrameworkMethod$1.runReflectiveCall(FrameworkMethod.java:59)
	at org.junit.internal.runners.model.ReflectiveCallable.run(ReflectiveCallable.java:12)
	at org.junit.runners.model.FrameworkMethod.invokeExplosively(FrameworkMethod.java:56)
	at org.junit.internal.runners.statements.RunAfters.invokeMethod(RunAfters.java:46)
	at org.junit.internal.runners.statements.RunAfters.evaluate(RunAfters.java:33)
	at org.junit.internal.runners.statements.FailOnTimeout$CallableStatement.call(FailOnTimeout.java:299)
	at org.junit.internal.runners.statements.FailOnTimeout$CallableStatement.call(FailOnTimeout.java:293)
	at java.base/java.util.concurrent.FutureTask.run(FutureTask.java:264)
	at java.base/java.lang.Thread.run(Thread.java:829)
Caused by: org.apache.ratis.util.ExitUtils$ExitException: Failed to start Grpc server
	at org.apache.ratis.util.ExitUtils.terminate(ExitUtils.java:141)
	at org.apache.ratis.util.ExitUtils.terminate(ExitUtils.java:151)
	at org.apache.ratis.grpc.server.GrpcService.startImpl(GrpcService.java:300)
	at org.apache.ratis.util.LifeCycle.startAndTransition(LifeCycle.java:270)
	at org.apache.ratis.server.RaftServerRpcWithProxy.start(RaftServerRpcWithProxy.java:72)
	at org.apache.ratis.server.impl.RaftServerProxy.startImpl(RaftServerProxy.java:402)
	at org.apache.ratis.util.LifeCycle.startAndTransition(LifeCycle.java:270)
	at org.apache.ratis.server.impl.RaftServerProxy.start(RaftServerProxy.java:395)
	at org.apache.ratis.server.impl.MiniRaftCluster.startServers(MiniRaftCluster.java:499)
	at org.apache.ratis.server.impl.MiniRaftCluster.start(MiniRaftCluster.java:346)
	at org.apache.ratis.server.impl.MiniRaftCluster.restart(MiniRaftCluster.java:374)
	at org.apache.ratis.server.impl.RaftReconfigurationBaseTest.lambda$testRestorePriority$0(RaftReconfigurationBaseTest.java:123)
	at org.apache.ratis.server.impl.MiniRaftCluster$Factory$Get.runWithNewCluster(MiniRaftCluster.java:141)
	at org.apache.ratis.server.impl.MiniRaftCluster$Factory$Get.runWithNewCluster(MiniRaftCluster.java:121)
	at org.apache.ratis.server.impl.RaftReconfigurationBaseTest.testRestorePriority(RaftReconfigurationBaseTest.java:100)
	at java.base/jdk.internal.reflect.NativeMethodAccessorImpl.invoke0(Native Method)
	at java.base/jdk.internal.reflect.NativeMethodAccessorImpl.invoke(NativeMethodAccessorImpl.java:62)
	at java.base/jdk.internal.reflect.DelegatingMethodAccessorImpl.invoke(DelegatingMethodAccessorImpl.java:43)
	at java.base/java.lang.reflect.Method.invoke(Method.java:566)
	at org.junit.runners.model.FrameworkMethod$1.runReflectiveCall(FrameworkMethod.java:59)
	at org.junit.internal.runners.model.ReflectiveCallable.run(ReflectiveCallable.java:12)
	at org.junit.runners.model.FrameworkMethod.invokeExplosively(FrameworkMethod.java:56)
	at org.junit.internal.runners.statements.InvokeMethod.evaluate(InvokeMethod.java:17)
	at org.junit.internal.runners.statements.RunAfters.evaluate(RunAfters.java:27)
	... 4 more
Caused by: java.io.IOException: Failed to bind to address 0.0.0.0/0.0.0.0:46109
	at org.apache.ratis.thirdparty.io.grpc.netty.NettyServer.start(NettyServer.java:328)
	at org.apache.ratis.thirdparty.io.grpc.internal.ServerImpl.start(ServerImpl.java:183)
	at org.apache.ratis.thirdparty.io.grpc.internal.ServerImpl.start(ServerImpl.java:92)
	at org.apache.ratis.grpc.server.GrpcService.startImpl(GrpcService.java:298)
	... 25 more
Caused by: org.apache.ratis.thirdparty.io.netty.channel.unix.Errors$NativeIoException: bind(..) failed: Address already in use
</failure>
  </testcase>
  <testcase name="testBootstrapReconfWithSingleNodeAddTwo" classname="org.apache.ratis.grpc.TestRaftReconfigurationWithGrpc" time="3.688">
    <failure message="Unexpected exit." type="java.lang.AssertionError">java.lang.AssertionError: Unexpected exit.
	at org.apache.ratis.util.ExitUtils.assertNotTerminated(ExitUtils.java:109)
	at org.apache.ratis.server.impl.MiniRaftCluster.shutdown(MiniRaftCluster.java:854)
	at org.apache.ratis.server.impl.MiniRaftCluster$Factory$Get.runWithNewCluster(MiniRaftCluster.java:147)
	at org.apache.ratis.server.impl.MiniRaftCluster$Factory$Get.runWithNewCluster(MiniRaftCluster.java:121)
	at org.apache.ratis.server.impl.RaftReconfigurationBaseTest.testBootstrapReconfWithSingleNodeAddTwo(RaftReconfigurationBaseTest.java:383)
	at java.base/jdk.internal.reflect.NativeMethodAccessorImpl.invoke0(Native Method)
	at java.base/jdk.internal.reflect.NativeMethodAccessorImpl.invoke(NativeMethodAccessorImpl.java:62)
	at java.base/jdk.internal.reflect.DelegatingMethodAccessorImpl.invoke(DelegatingMethodAccessorImpl.java:43)
	at java.base/java.lang.reflect.Method.invoke(Method.java:566)
	at org.junit.runners.model.FrameworkMethod$1.runReflectiveCall(FrameworkMethod.java:59)
	at org.junit.internal.runners.model.ReflectiveCallable.run(ReflectiveCallable.java:12)
	at org.junit.runners.model.FrameworkMethod.invokeExplosively(FrameworkMethod.java:56)
	at org.junit.internal.runners.statements.InvokeMethod.evaluate(InvokeMethod.java:17)
	at org.junit.internal.runners.statements.RunAfters.evaluate(RunAfters.java:27)
	at org.junit.internal.runners.statements.FailOnTimeout$CallableStatement.call(FailOnTimeout.java:299)
	at org.junit.internal.runners.statements.FailOnTimeout$CallableStatement.call(FailOnTimeout.java:293)
	at java.base/java.util.concurrent.FutureTask.run(FutureTask.java:264)
	at java.base/java.lang.Thread.run(Thread.java:829)
Caused by: org.apache.ratis.util.ExitUtils$ExitException: Failed to start Grpc server
	at org.apache.ratis.util.ExitUtils.terminate(ExitUtils.java:141)
	at org.apache.ratis.util.ExitUtils.terminate(ExitUtils.java:151)
	at org.apache.ratis.grpc.server.GrpcService.startImpl(GrpcService.java:300)
	at org.apache.ratis.util.LifeCycle.startAndTransition(LifeCycle.java:270)
	at org.apache.ratis.server.RaftServerRpcWithProxy.start(RaftServerRpcWithProxy.java:72)
	at org.apache.ratis.server.impl.RaftServerProxy.startImpl(RaftServerProxy.java:402)
	at org.apache.ratis.util.LifeCycle.startAndTransition(LifeCycle.java:270)
	at org.apache.ratis.server.impl.RaftServerProxy.start(RaftServerProxy.java:395)
	at org.apache.ratis.server.impl.MiniRaftCluster.startServers(MiniRaftCluster.java:499)
	at org.apache.ratis.server.impl.MiniRaftCluster.start(MiniRaftCluster.java:346)
	at org.apache.ratis.server.impl.MiniRaftCluster.restart(MiniRaftCluster.java:374)
	at org.apache.ratis.server.impl.RaftReconfigurationBaseTest.lambda$testRestorePriority$0(RaftReconfigurationBaseTest.java:123)
	at org.apache.ratis.server.impl.MiniRaftCluster$Factory$Get.runWithNewCluster(MiniRaftCluster.java:141)
	at org.apache.ratis.server.impl.MiniRaftCluster$Factory$Get.runWithNewCluster(MiniRaftCluster.java:121)
	at org.apache.ratis.server.impl.RaftReconfigurationBaseTest.testRestorePriority(RaftReconfigurationBaseTest.java:100)
	... 13 more
Caused by: java.io.IOException: Failed to bind to address 0.0.0.0/0.0.0.0:46109
	at org.apache.ratis.thirdparty.io.grpc.netty.NettyServer.start(NettyServer.java:328)
	at org.apache.ratis.thirdparty.io.grpc.internal.ServerImpl.start(ServerImpl.java:183)
	at org.apache.ratis.thirdparty.io.grpc.internal.ServerImpl.start(ServerImpl.java:92)
	at org.apache.ratis.grpc.server.GrpcService.startImpl(GrpcService.java:298)
	... 25 more
Caused by: org.apache.ratis.thirdparty.io.netty.channel.unix.Errors$NativeIoException: bind(..) failed: Address already in use
</failure>
    <system-out><![CDATA[2023-03-14 08:39:17,928 [main] INFO  util.LogUtils (Slf4jUtils.java:setLogLevel(38)) - Successfully set org.apache.ratis.conf.ConfUtils log level to WARN
2023-03-14 08:39:17,928 [main] INFO  util.LogUtils (Slf4jUtils.java:setLogLevel(38)) - Successfully set org.apache.ratis.util.FileUtils log level to TRACE
2023-03-14 08:39:17,928 [Time-limited test] INFO  impl.MiniRaftCluster (MiniRaftCluster.java:runWithNewCluster(135)) - Running runWithNewCluster
2023-03-14 08:39:17,929 [Time-limited test] INFO  impl.MiniRaftCluster (MiniRaftCluster.java:<init>(306)) - new MiniRaftClusterWithGrpc with group-601F42C587AE:[s0|rpc:localhost:37053|admin:localhost:46553|client:localhost:45499|dataStream:localhost:39313|priority:0|startupRole:FOLLOWER]
2023-03-14 08:39:17,929 [Time-limited test] INFO  impl.MiniRaftCluster (MiniRaftCluster.java:start(339)) - .............................................................. 
2023-03-14 08:39:17,929 [Time-limited test] INFO  impl.MiniRaftCluster (MiniRaftCluster.java:start(340)) - ... 
2023-03-14 08:39:17,929 [Time-limited test] INFO  impl.MiniRaftCluster (MiniRaftCluster.java:start(341)) - ...     Starting MiniRaftClusterWithGrpc
2023-03-14 08:39:17,929 [Time-limited test] INFO  impl.MiniRaftCluster (MiniRaftCluster.java:start(342)) - ... 
2023-03-14 08:39:17,929 [Time-limited test] INFO  impl.MiniRaftCluster (MiniRaftCluster.java:start(343)) - .............................................................. 
2023-03-14 08:39:17,929 [Time-limited test] INFO  impl.MiniRaftCluster (MiniRaftCluster.java:initServers(318)) - servers = {}
2023-03-14 08:39:17,929 [Time-limited test] INFO  impl.MiniRaftCluster (MiniRaftCluster.java:newRaftServer(382)) - newRaftServer: s0, group-601F42C587AE:[s0|rpc:localhost:37053|admin:localhost:46553|client:localhost:45499|dataStream:localhost:39313|priority:0|startupRole:FOLLOWER], format? true
2023-03-14 08:39:17,929 [Time-limited test] TRACE util.FileUtils (FileUtils.java:deleteFully(201)) - deleteFully target/test/data/be523d36/MiniRaftClusterWithGrpcce1a277e/s0
2023-03-14 08:39:17,929 [Time-limited test] TRACE util.FileUtils (FileUtils.java:deleteFully(217)) - deleteFully: target/test/data/be523d36/MiniRaftClusterWithGrpcce1a277e/s0 does not exist.
2023-03-14 08:39:17,929 [Time-limited test] INFO  impl.MiniRaftCluster (MiniRaftCluster.java:newRaftServer(387)) - Formatted directory target/test/data/be523d36/MiniRaftClusterWithGrpcce1a277e/s0
2023-03-14 08:39:17,929 [Time-limited test] INFO  server.RaftServer (ConfUtils.java:logGet(46)) - raft.rpc.type = GRPC (default)
2023-03-14 08:39:17,930 [Time-limited test] INFO  grpc.GrpcConfigKeys (ConfUtils.java:logFallback(53)) - raft.grpc.admin.host = null (fallback to raft.grpc.server.host)
2023-03-14 08:39:17,930 [Time-limited test] INFO  grpc.GrpcConfigKeys (ConfUtils.java:logGet(46)) - raft.grpc.admin.port = 46553 (custom)
2023-03-14 08:39:17,930 [Time-limited test] INFO  grpc.GrpcConfigKeys (ConfUtils.java:logFallback(53)) - raft.grpc.client.host = null (fallback to raft.grpc.server.host)
2023-03-14 08:39:17,930 [Time-limited test] INFO  grpc.GrpcConfigKeys (ConfUtils.java:logGet(46)) - raft.grpc.client.port = 45499 (custom)
2023-03-14 08:39:17,930 [Time-limited test] INFO  grpc.GrpcConfigKeys (ConfUtils.java:logGet(46)) - raft.grpc.server.host = null (default)
2023-03-14 08:39:17,930 [Time-limited test] INFO  grpc.GrpcConfigKeys (ConfUtils.java:logGet(46)) - raft.grpc.server.port = 37053 (custom)
2023-03-14 08:39:17,930 [Time-limited test] INFO  server.GrpcService (ConfUtils.java:logGet(46)) - raft.grpc.message.size.max = 64MB (=67108864) (default)
2023-03-14 08:39:17,930 [Time-limited test] INFO  server.RaftServerConfigKeys (ConfUtils.java:logGet(46)) - raft.server.log.appender.buffer.byte-limit = 4MB (=4194304) (default)
2023-03-14 08:39:17,930 [Time-limited test] INFO  server.GrpcService (ConfUtils.java:logGet(46)) - raft.grpc.flow.control.window = 1MB (=1048576) (default)
2023-03-14 08:39:17,930 [Time-limited test] INFO  server.RaftServerConfigKeys (ConfUtils.java:logGet(46)) - raft.server.rpc.request.timeout = 3000ms (default)
2023-03-14 08:39:17,930 [Time-limited test] INFO  grpc.GrpcConfigKeys (ConfUtils.java:logGet(46)) - raft.grpc.server.heartbeat.channel = true (default)
2023-03-14 08:39:17,930 [Time-limited test] INFO  grpc.GrpcConfigKeys (ConfUtils.java:logGet(46)) - raft.grpc.server.async.request.thread.pool.cached = true (default)
2023-03-14 08:39:17,930 [Time-limited test] INFO  grpc.GrpcConfigKeys (ConfUtils.java:logGet(46)) - raft.grpc.server.async.request.thread.pool.size = 32 (default)
2023-03-14 08:39:17,931 [Time-limited test] INFO  impl.DataStreamServerImpl (ConfUtils.java:logGet(46)) - raft.datastream.type = DISABLED (default)
2023-03-14 08:39:17,931 [Time-limited test] INFO  server.RaftServerConfigKeys (ConfUtils.java:logGet(46)) - raft.server.threadpool.proxy.cached = true (default)
2023-03-14 08:39:17,931 [Time-limited test] INFO  server.RaftServerConfigKeys (ConfUtils.java:logGet(46)) - raft.server.threadpool.proxy.size = 0 (default)
2023-03-14 08:39:17,931 [Time-limited test] INFO  server.RaftServerConfigKeys (ConfUtils.java:logGet(46)) - raft.server.rpc.slowness.timeout = 60s (default)
2023-03-14 08:39:17,931 [Time-limited test] INFO  server.RaftServerConfigKeys (ConfUtils.java:logGet(46)) - raft.server.leaderelection.leader.step-down.wait-time = 10s (default)
2023-03-14 08:39:17,931 [Time-limited test] INFO  server.RaftServerConfigKeys (ConfUtils.java:logGet(46)) - raft.server.storage.dir = [/home/runner/work/ratis/ratis/ratis-test/target/test/data/be523d36/MiniRaftClusterWithGrpcce1a277e/s0] (custom)
2023-03-14 08:39:17,932 [Time-limited test] INFO  server.RaftServer (RaftServerProxy.java:addNew(99)) - s0: addNew group-601F42C587AE:[s0|rpc:localhost:37053|admin:localhost:46553|client:localhost:45499|dataStream:localhost:39313|priority:0|startupRole:FOLLOWER] returns group-601F42C587AE:java.util.concurrent.CompletableFuture@2a759994[Not completed]
2023-03-14 08:39:17,932 [s0-groupManagement] INFO  server.RaftServer$Division (RaftServerImpl.java:<init>(198)) - s0: new RaftServerImpl for group-601F42C587AE:[s0|rpc:localhost:37053|admin:localhost:46553|client:localhost:45499|dataStream:localhost:39313|priority:0|startupRole:FOLLOWER] with BaseStateMachine:uninitialized
2023-03-14 08:39:17,932 [s0-groupManagement] INFO  server.RaftServerConfigKeys (ConfUtils.java:logGet(46)) - raft.server.rpc.timeout.min = 150ms (default)
2023-03-14 08:39:17,932 [s0-groupManagement] INFO  server.RaftServerConfigKeys (ConfUtils.java:logGet(46)) - raft.server.rpc.timeout.max = 300ms (default)
2023-03-14 08:39:17,932 [s0-groupManagement] INFO  server.RaftServerConfigKeys (ConfUtils.java:logGet(46)) - raft.server.rpc.sleep.time = 25ms (default)
2023-03-14 08:39:17,932 [s0-groupManagement] INFO  server.RaftServerConfigKeys (ConfUtils.java:logGet(46)) - raft.server.rpc.slowness.timeout = 60s (default)
2023-03-14 08:39:17,932 [s0-groupManagement] INFO  server.RaftServerConfigKeys (ConfUtils.java:logGet(46)) - raft.server.leaderelection.leader.step-down.wait-time = 10s (default)
2023-03-14 08:39:17,932 [s0-groupManagement] INFO  server.RaftServerConfigKeys (ConfUtils.java:logGet(46)) - raft.server.sleep.deviation.threshold = 300ms (default)
2023-03-14 08:39:17,932 [s0-groupManagement] INFO  server.RaftServer$Division (ServerState.java:<init>(113)) - s0@group-601F42C587AE: ConfigurationManager, init=-1: peers:[s0|rpc:localhost:37053|admin:localhost:46553|client:localhost:45499|dataStream:localhost:39313|priority:0|startupRole:FOLLOWER]|listeners:[], old=null, confs=<EMPTY_MAP>
2023-03-14 08:39:17,932 [s0-groupManagement] INFO  server.RaftServerConfigKeys (ConfUtils.java:logGet(46)) - raft.server.notification.no-leader.timeout = 60s (default)
2023-03-14 08:39:17,932 [s0-groupManagement] INFO  server.RaftServerConfigKeys (ConfUtils.java:logGet(46)) - raft.server.read.timeout = 10s (default)
2023-03-14 08:39:17,932 [s0-groupManagement] INFO  server.RaftServerConfigKeys (ConfUtils.java:logGet(46)) - raft.server.retrycache.expirytime = 60s (default)
2023-03-14 08:39:17,933 [s0-groupManagement] INFO  server.RaftServerConfigKeys (ConfUtils.java:logGet(46)) - raft.server.retrycache.statistics.expirytime = 100μs (default)
2023-03-14 08:39:17,933 [s0-groupManagement] INFO  server.RaftServerConfigKeys (ConfUtils.java:logGet(46)) - raft.server.read.option = DEFAULT (default)
2023-03-14 08:39:17,933 [s0-groupManagement] INFO  server.RaftServerConfigKeys (ConfUtils.java:logGet(46)) - raft.server.log.appender.install.snapshot.enabled = true (default)
2023-03-14 08:39:17,933 [s0-groupManagement] INFO  server.RaftServerConfigKeys (ConfUtils.java:logGet(46)) - raft.server.threadpool.server.cached = true (default)
2023-03-14 08:39:17,933 [s0-groupManagement] INFO  server.RaftServerConfigKeys (ConfUtils.java:logGet(46)) - raft.server.threadpool.server.size = 0 (default)
2023-03-14 08:39:17,933 [s0-groupManagement] INFO  server.RaftServerConfigKeys (ConfUtils.java:logGet(46)) - raft.server.threadpool.client.cached = true (default)
2023-03-14 08:39:17,933 [s0-groupManagement] INFO  server.RaftServerConfigKeys (ConfUtils.java:logGet(46)) - raft.server.threadpool.client.size = 0 (default)
2023-03-14 08:39:17,933 [s0-impl-thread1] INFO  server.RaftServerConfigKeys (ConfUtils.java:logGet(46)) - raft.server.storage.free-space.min = 0MB (=0) (default)
2023-03-14 08:39:17,933 [s0-impl-thread1] INFO  server.RaftServerConfigKeys (ConfUtils.java:logGet(46)) - raft.server.log.corruption.policy = EXCEPTION (default)
2023-03-14 08:39:17,933 [s0-impl-thread1] INFO  server.RaftServerConfigKeys (ConfUtils.java:logGet(46)) - raft.server.storage.dir = [/home/runner/work/ratis/ratis/ratis-test/target/test/data/be523d36/MiniRaftClusterWithGrpcce1a277e/s0] (custom)
2023-03-14 08:39:17,934 [s0-impl-thread1] INFO  storage.RaftStorageDirectory (RaftStorageDirectoryImpl.java:analyzeStorage(138)) - The storage directory /home/runner/work/ratis/ratis/ratis-test/target/test/data/be523d36/MiniRaftClusterWithGrpcce1a277e/s0/f36edab9-02ec-4d78-8876-601f42c587ae does not exist. Creating ...
2023-03-14 08:39:17,934 [s0-impl-thread1] TRACE util.FileUtils (LogUtils.java:runAndLog(49)) - Successfully ran Files.createDirectories /home/runner/work/ratis/ratis/ratis-test/target/test/data/be523d36/MiniRaftClusterWithGrpcce1a277e/s0/f36edab9-02ec-4d78-8876-601f42c587ae
2023-03-14 08:39:17,935 [s0-impl-thread1] INFO  storage.RaftStorageDirectory (RaftStorageDirectoryImpl.java:tryLock(232)) - Lock on /home/runner/work/ratis/ratis/ratis-test/target/test/data/be523d36/MiniRaftClusterWithGrpcce1a277e/s0/f36edab9-02ec-4d78-8876-601f42c587ae/in_use.lock acquired by nodename 10435@fv-az41-628
2023-03-14 08:39:17,935 [s0-impl-thread1] TRACE util.FileUtils (LogUtils.java:runAndLog(49)) - Successfully ran Files.createDirectories /home/runner/work/ratis/ratis/ratis-test/target/test/data/be523d36/MiniRaftClusterWithGrpcce1a277e/s0/f36edab9-02ec-4d78-8876-601f42c587ae/current
2023-03-14 08:39:17,935 [s0-impl-thread1] TRACE util.FileUtils (LogUtils.java:runAndLog(49)) - Successfully ran Files.createDirectories /home/runner/work/ratis/ratis/ratis-test/target/test/data/be523d36/MiniRaftClusterWithGrpcce1a277e/s0/f36edab9-02ec-4d78-8876-601f42c587ae/sm
2023-03-14 08:39:17,936 [s0-impl-thread1] INFO  storage.RaftStorage (RaftStorageImpl.java:format(96)) - Storage directory /home/runner/work/ratis/ratis/ratis-test/target/test/data/be523d36/MiniRaftClusterWithGrpcce1a277e/s0/f36edab9-02ec-4d78-8876-601f42c587ae has been successfully formatted.
2023-03-14 08:39:17,936 [s0-impl-thread1] INFO  server.RaftServerConfigKeys (ConfUtils.java:logGet(46)) - raft.server.log.use.memory = false (default)
2023-03-14 08:39:17,936 [s0-impl-thread1] INFO  server.RaftServerConfigKeys (ConfUtils.java:logGet(46)) - raft.server.log.purge.gap = 1024 (default)
2023-03-14 08:39:17,936 [s0-impl-thread1] INFO  server.RaftServerConfigKeys (ConfUtils.java:logGet(46)) - raft.server.log.appender.buffer.byte-limit = 4MB (=4194304) (default)
2023-03-14 08:39:17,936 [s0-impl-thread1] INFO  server.RaftServerConfigKeys (ConfUtils.java:logGet(46)) - raft.server.log.statemachine.data.read.timeout = 1000ms (default)
2023-03-14 08:39:17,936 [s0-impl-thread1] INFO  server.RaftServerConfigKeys (ConfUtils.java:logGet(46)) - raft.server.log.purge.preservation.log.num = 0 (default)
2023-03-14 08:39:17,936 [s0-impl-thread1] INFO  server.RaftServerConfigKeys (ConfUtils.java:logGet(46)) - raft.server.log.segment.size.max = 8MB (=8388608) (default)
2023-03-14 08:39:17,937 [s0-impl-thread1] INFO  server.RaftServerConfigKeys (ConfUtils.java:logGet(46)) - raft.server.log.segment.cache.num.max = 6 (default)
2023-03-14 08:39:17,937 [s0-impl-thread1] INFO  server.RaftServerConfigKeys (ConfUtils.java:logGet(46)) - raft.server.log.segment.cache.size.max = 200MB (=209715200) (default)
2023-03-14 08:39:17,937 [s0-impl-thread1] INFO  server.RaftServerConfigKeys (ConfUtils.java:logGet(46)) - raft.server.log.appender.buffer.byte-limit = 4MB (=4194304) (default)
2023-03-14 08:39:17,937 [s0-impl-thread1] INFO  segmented.SegmentedRaftLogWorker (SegmentedRaftLogWorker.java:<init>(183)) - new s0@group-601F42C587AE-SegmentedRaftLogWorker for RaftStorageImpl:Storage Directory /home/runner/work/ratis/ratis/ratis-test/target/test/data/be523d36/MiniRaftClusterWithGrpcce1a277e/s0/f36edab9-02ec-4d78-8876-601f42c587ae
2023-03-14 08:39:17,937 [s0-impl-thread1] INFO  server.RaftServerConfigKeys (ConfUtils.java:logGet(46)) - raft.server.log.queue.byte-limit = 64MB (=67108864) (default)
2023-03-14 08:39:17,937 [s0-impl-thread1] INFO  server.RaftServerConfigKeys (ConfUtils.java:logGet(46)) - raft.server.log.queue.element-limit = 4096 (default)
2023-03-14 08:39:17,937 [s0-impl-thread1] INFO  server.RaftServerConfigKeys (ConfUtils.java:logGet(46)) - raft.server.log.segment.size.max = 8MB (=8388608) (default)
2023-03-14 08:39:17,937 [s0-impl-thread1] INFO  server.RaftServerConfigKeys (ConfUtils.java:logGet(46)) - raft.server.log.preallocated.size = 4MB (=4194304) (default)
2023-03-14 08:39:17,937 [s0-impl-thread1] INFO  server.RaftServerConfigKeys (ConfUtils.java:logGet(46)) - raft.server.log.force.sync.num = 128 (default)
2023-03-14 08:39:17,937 [s0-impl-thread1] INFO  server.RaftServerConfigKeys (ConfUtils.java:logGet(46)) - raft.server.log.statemachine.data.sync = true (default)
2023-03-14 08:39:17,937 [s0-impl-thread1] INFO  server.RaftServerConfigKeys (ConfUtils.java:logGet(46)) - raft.server.log.statemachine.data.sync.timeout = 10s (default)
2023-03-14 08:39:17,937 [s0-impl-thread1] INFO  server.RaftServerConfigKeys (ConfUtils.java:logGet(46)) - raft.server.log.statemachine.data.sync.timeout.retry = -1 (default)
2023-03-14 08:39:17,937 [s0-impl-thread1] INFO  server.RaftServerConfigKeys (ConfUtils.java:logGet(46)) - raft.server.log.write.buffer.size = 64KB (=65536) (default)
2023-03-14 08:39:17,937 [s0-impl-thread1] INFO  server.RaftServerConfigKeys (ConfUtils.java:logGet(46)) - raft.server.log.appender.buffer.byte-limit = 4MB (=4194304) (default)
2023-03-14 08:39:17,937 [s0-impl-thread1] INFO  server.RaftServerConfigKeys (ConfUtils.java:logGet(46)) - raft.server.log.unsafe-flush.enabled = false (default)
2023-03-14 08:39:17,938 [s0-impl-thread1] INFO  server.RaftServerConfigKeys (ConfUtils.java:logGet(46)) - raft.server.log.async-flush.enabled = false (default)
2023-03-14 08:39:17,938 [s0-impl-thread1] INFO  server.RaftServerConfigKeys (ConfUtils.java:logGet(46)) - raft.server.log.statemachine.data.caching.enabled = false (default)
2023-03-14 08:39:17,938 [s0-impl-thread1] INFO  segmented.SegmentedRaftLogWorker (SegmentedRaftLogWorker.java:lambda$new$0(134)) - s0@group-601F42C587AE-SegmentedRaftLogWorker: flushIndex: setUnconditionally 0 -> -1
2023-03-14 08:39:17,938 [s0-impl-thread1] INFO  segmented.SegmentedRaftLogWorker (SegmentedRaftLogWorker.java:lambda$new$0(134)) - s0@group-601F42C587AE-SegmentedRaftLogWorker: safeCacheEvictIndex: setUnconditionally 0 -> -1
2023-03-14 08:39:17,940 [s0-impl-thread1] INFO  server.RaftServer$Division (RaftServerImpl.java:start(342)) - s0@group-601F42C587AE: start as a follower, conf=-1: peers:[s0|rpc:localhost:37053|admin:localhost:46553|client:localhost:45499|dataStream:localhost:39313|priority:0|startupRole:FOLLOWER]|listeners:[], old=null
2023-03-14 08:39:17,940 [s0-impl-thread1] INFO  server.RaftServer$Division (RaftServerImpl.java:setRole(329)) - s0@group-601F42C587AE: changes role from      null to FOLLOWER at term 0 for startAsFollower
2023-03-14 08:39:17,940 [s0-impl-thread1] INFO  impl.RoleInfo (RoleInfo.java:updateAndGet(139)) - s0: start s0@group-601F42C587AE-FollowerState
2023-03-14 08:39:17,944 [s0-impl-thread1] INFO  util.JmxRegister (JmxRegister.java:tryRegister(44)) - Successfully registered JMX Bean with object name Ratis:service=RaftServer,group=group-601F42C587AE,id=s0
2023-03-14 08:39:17,944 [s0-impl-thread1] INFO  server.RaftServerConfigKeys (ConfUtils.java:logGet(46)) - raft.server.snapshot.auto.trigger.enabled = false (default)
2023-03-14 08:39:17,944 [s0-impl-thread1] INFO  server.RaftServerConfigKeys (ConfUtils.java:logGet(46)) - raft.server.snapshot.retention.file.num = -1 (default)
2023-03-14 08:39:17,944 [s0-impl-thread1] INFO  server.RaftServerConfigKeys (ConfUtils.java:logGet(46)) - raft.server.log.purge.upto.snapshot.index = false (default)
2023-03-14 08:39:17,944 [s0@group-601F42C587AE-FollowerState] INFO  server.RaftServerConfigKeys (ConfUtils.java:logFallback(53)) - raft.server.rpc.first-election.timeout.min = 150ms (fallback to raft.server.rpc.timeout.min)
2023-03-14 08:39:17,944 [s0@group-601F42C587AE-FollowerState] INFO  server.RaftServerConfigKeys (ConfUtils.java:logFallback(53)) - raft.server.rpc.first-election.timeout.max = 300ms (fallback to raft.server.rpc.timeout.max)
2023-03-14 08:39:17,944 [Time-limited test] INFO  server.RaftServer (RaftServerProxy.java:startImpl(401)) - s0: start RPC server
2023-03-14 08:39:17,945 [Time-limited test] INFO  server.GrpcService (GrpcService.java:startImpl(302)) - s0: GrpcService started, listening on 45499
2023-03-14 08:39:17,945 [Time-limited test] INFO  server.GrpcService (GrpcService.java:startImpl(302)) - s0: GrpcService started, listening on 37053
2023-03-14 08:39:17,945 [Time-limited test] INFO  server.GrpcService (GrpcService.java:startImpl(302)) - s0: GrpcService started, listening on 46553
2023-03-14 08:39:17,945 [JvmPauseMonitor71] INFO  util.JvmPauseMonitor (JvmPauseMonitor.java:run(103)) - JvmPauseMonitor-s0: Started
2023-03-14 08:39:17,946 [Time-limited test] INFO  grpc.TestRaftReconfigurationWithGrpc (RaftReconfigurationBaseTest.java:runTestBootstrapReconf(393)) - Originally 1 peer(s), add 2 more, startNewPeer=true
2023-03-14 08:39:17,946 [Time-limited test] INFO  server.RaftServerConfigKeys (ConfUtils.java:logGet(46)) - raft.server.rpc.timeout.max = 300ms (default)
2023-03-14 08:39:17,946 [Time-limited test] INFO  ratis.RaftTestUtil (RaftTestUtil.java:waitForLeader(100)) - printing ALL groups
  s0:  RUNNING  FOLLOWER s0@group-601F42C587AE:t0, leader=null, voted=, raftlog=Memoized:s0@group-601F42C587AE-SegmentedRaftLog:OPENED:c-1, conf=-1: peers:[s0|rpc:localhost:37053|admin:localhost:46553|client:localhost:45499|dataStream:localhost:39313|priority:0|startupRole:FOLLOWER]|listeners:[], old=null RUNNING
2023-03-14 08:39:17,946 [Time-limited test] WARN  ratis.RaftTestUtil (JavaUtils.java:attempt(217)) - FAILED "waitForLeader-null-(expectLeader? true)", attempt #1/100: java.lang.IllegalStateException: No leader yet : printing ALL groups
  s0:  RUNNING  FOLLOWER s0@group-601F42C587AE:t0, leader=null, voted=, raftlog=Memoized:s0@group-601F42C587AE-SegmentedRaftLog:OPENED:c-1, conf=-1: peers:[s0|rpc:localhost:37053|admin:localhost:46553|client:localhost:45499|dataStream:localhost:39313|priority:0|startupRole:FOLLOWER]|listeners:[], old=null RUNNING, sleep 450ms and then retry.
java.lang.IllegalStateException: No leader yet : printing ALL groups
  s0:  RUNNING  FOLLOWER s0@group-601F42C587AE:t0, leader=null, voted=, raftlog=Memoized:s0@group-601F42C587AE-SegmentedRaftLog:OPENED:c-1, conf=-1: peers:[s0|rpc:localhost:37053|admin:localhost:46553|client:localhost:45499|dataStream:localhost:39313|priority:0|startupRole:FOLLOWER]|listeners:[], old=null RUNNING
	at org.apache.ratis.server.impl.MiniRaftCluster.newIllegalStateExceptionForNoLeaders(MiniRaftCluster.java:581)
	at org.apache.ratis.RaftTestUtil.lambda$waitForLeader$1(RaftTestUtil.java:104)
	at org.apache.ratis.server.impl.MiniRaftCluster.getLeader(MiniRaftCluster.java:615)
	at org.apache.ratis.server.impl.MiniRaftCluster.getLeader(MiniRaftCluster.java:608)
	at org.apache.ratis.RaftTestUtil.lambda$waitForLeader$3(RaftTestUtil.java:112)
	at org.apache.ratis.util.JavaUtils.attempt(JavaUtils.java:211)
	at org.apache.ratis.util.JavaUtils.attemptRepeatedly(JavaUtils.java:197)
	at org.apache.ratis.RaftTestUtil.waitForLeader(RaftTestUtil.java:111)
	at org.apache.ratis.RaftTestUtil.waitForLeader(RaftTestUtil.java:92)
	at org.apache.ratis.RaftTestUtil.waitForLeader(RaftTestUtil.java:87)
	at org.apache.ratis.server.impl.RaftReconfigurationBaseTest.runTestBootstrapReconf(RaftReconfigurationBaseTest.java:395)
	at org.apache.ratis.server.impl.RaftReconfigurationBaseTest.lambda$testBootstrapReconfWithSingleNodeAddTwo$9(RaftReconfigurationBaseTest.java:383)
	at org.apache.ratis.server.impl.MiniRaftCluster$Factory$Get.runWithNewCluster(MiniRaftCluster.java:141)
	at org.apache.ratis.server.impl.MiniRaftCluster$Factory$Get.runWithNewCluster(MiniRaftCluster.java:121)
	at org.apache.ratis.server.impl.RaftReconfigurationBaseTest.testBootstrapReconfWithSingleNodeAddTwo(RaftReconfigurationBaseTest.java:383)
	at java.base/jdk.internal.reflect.NativeMethodAccessorImpl.invoke0(Native Method)
	at java.base/jdk.internal.reflect.NativeMethodAccessorImpl.invoke(NativeMethodAccessorImpl.java:62)
	at java.base/jdk.internal.reflect.DelegatingMethodAccessorImpl.invoke(DelegatingMethodAccessorImpl.java:43)
	at java.base/java.lang.reflect.Method.invoke(Method.java:566)
	at org.junit.runners.model.FrameworkMethod$1.runReflectiveCall(FrameworkMethod.java:59)
	at org.junit.internal.runners.model.ReflectiveCallable.run(ReflectiveCallable.java:12)
	at org.junit.runners.model.FrameworkMethod.invokeExplosively(FrameworkMethod.java:56)
	at org.junit.internal.runners.statements.InvokeMethod.evaluate(InvokeMethod.java:17)
	at org.junit.internal.runners.statements.RunAfters.evaluate(RunAfters.java:27)
	at org.junit.internal.runners.statements.FailOnTimeout$CallableStatement.call(FailOnTimeout.java:299)
	at org.junit.internal.runners.statements.FailOnTimeout$CallableStatement.call(FailOnTimeout.java:293)
	at java.base/java.util.concurrent.FutureTask.run(FutureTask.java:264)
	at java.base/java.lang.Thread.run(Thread.java:829)
2023-03-14 08:39:18,178 [s0@group-601F42C587AE-FollowerState] INFO  impl.FollowerState (FollowerState.java:run(143)) - s0@group-601F42C587AE-FollowerState: change to CANDIDATE, lastRpcElapsedTime:237483590ns, electionTimeout:233ms
2023-03-14 08:39:18,178 [s0@group-601F42C587AE-FollowerState] INFO  impl.RoleInfo (RoleInfo.java:shutdownFollowerState(110)) - s0: shutdown s0@group-601F42C587AE-FollowerState
2023-03-14 08:39:18,178 [s0@group-601F42C587AE-FollowerState] INFO  server.RaftServer$Division (RaftServerImpl.java:setRole(329)) - s0@group-601F42C587AE: changes role from  FOLLOWER to CANDIDATE at term 0 for changeToCandidate
2023-03-14 08:39:18,178 [s0@group-601F42C587AE-FollowerState] INFO  server.RaftServerConfigKeys (ConfUtils.java:logGet(46)) - raft.server.leaderelection.pre-vote = true (default)
2023-03-14 08:39:18,178 [s0@group-601F42C587AE-FollowerState] INFO  impl.RoleInfo (RoleInfo.java:updateAndGet(139)) - s0: start s0@group-601F42C587AE-LeaderElection51
2023-03-14 08:39:18,178 [s0@group-601F42C587AE-LeaderElection51] INFO  impl.LeaderElection (LeaderElection.java:askForVotes(320)) - s0@group-601F42C587AE-LeaderElection51 PRE_VOTE round 0: submit vote requests at term 0 for -1: peers:[s0|rpc:localhost:37053|admin:localhost:46553|client:localhost:45499|dataStream:localhost:39313|priority:0|startupRole:FOLLOWER]|listeners:[], old=null
2023-03-14 08:39:18,178 [s0@group-601F42C587AE-LeaderElection51] INFO  impl.LeaderElection (LeaderElection.java:askForVotes(322)) - s0@group-601F42C587AE-LeaderElection51 PRE_VOTE round 0: result PASSED (term=0)
2023-03-14 08:39:18,180 [s0@group-601F42C587AE-LeaderElection51] INFO  impl.LeaderElection (LeaderElection.java:askForVotes(320)) - s0@group-601F42C587AE-LeaderElection51 ELECTION round 0: submit vote requests at term 1 for -1: peers:[s0|rpc:localhost:37053|admin:localhost:46553|client:localhost:45499|dataStream:localhost:39313|priority:0|startupRole:FOLLOWER]|listeners:[], old=null
2023-03-14 08:39:18,180 [s0@group-601F42C587AE-LeaderElection51] INFO  impl.LeaderElection (LeaderElection.java:askForVotes(322)) - s0@group-601F42C587AE-LeaderElection51 ELECTION round 0: result PASSED (term=1)
2023-03-14 08:39:18,180 [s0@group-601F42C587AE-LeaderElection51] INFO  impl.RoleInfo (RoleInfo.java:shutdownLeaderElection(130)) - s0: shutdown s0@group-601F42C587AE-LeaderElection51
2023-03-14 08:39:18,180 [s0@group-601F42C587AE-LeaderElection51] INFO  server.RaftServer$Division (RaftServerImpl.java:setRole(329)) - s0@group-601F42C587AE: changes role from CANDIDATE to LEADER at term 1 for changeToLeader
2023-03-14 08:39:18,180 [s0@group-601F42C587AE-LeaderElection51] INFO  server.RaftServer$Division (ServerState.java:setLeader(260)) - s0@group-601F42C587AE: change Leader from null to s0 at term 1 for becomeLeader, leader elected after 247ms
2023-03-14 08:39:18,180 [s0@group-601F42C587AE-LeaderElection51] INFO  server.RaftServerConfigKeys (ConfUtils.java:logGet(46)) - raft.server.staging.catchup.gap = 10 (custom)
2023-03-14 08:39:18,180 [s0@group-601F42C587AE-LeaderElection51] INFO  server.RaftServerConfigKeys (ConfUtils.java:logGet(46)) - raft.server.write.element-limit = 4096 (default)
2023-03-14 08:39:18,180 [s0@group-601F42C587AE-LeaderElection51] INFO  server.RaftServerConfigKeys (ConfUtils.java:logGet(46)) - raft.server.write.byte-limit = 64MB (=67108864) (default)
2023-03-14 08:39:18,180 [s0@group-601F42C587AE-LeaderElection51] INFO  server.RaftServerConfigKeys (ConfUtils.java:logGet(46)) - raft.server.watch.timeout = 10s (default)
2023-03-14 08:39:18,180 [s0@group-601F42C587AE-LeaderElection51] INFO  server.RaftServerConfigKeys (ConfUtils.java:logGet(46)) - raft.server.watch.timeout.denomination = 1s (default)
2023-03-14 08:39:18,180 [s0@group-601F42C587AE-LeaderElection51] INFO  server.RaftServerConfigKeys (ConfUtils.java:logGet(46)) - raft.server.watch.element-limit = 65536 (default)
2023-03-14 08:39:18,180 [s0@group-601F42C587AE-LeaderElection51] INFO  server.RaftServerConfigKeys (ConfUtils.java:logGet(46)) - raft.server.write.element-limit = 4096 (default)
2023-03-14 08:39:18,180 [s0@group-601F42C587AE-LeaderElection51] INFO  server.RaftServerConfigKeys (ConfUtils.java:logGet(46)) - raft.server.write.follower.gap.ratio.max = -1.0 (default)
2023-03-14 08:39:18,180 [s0@group-601F42C587AE-LeaderElection51] INFO  impl.RoleInfo (RoleInfo.java:updateAndGet(139)) - s0: start s0@group-601F42C587AE-LeaderStateImpl
2023-03-14 08:39:18,180 [s0@group-601F42C587AE-LeaderElection51] INFO  segmented.SegmentedRaftLogWorker (SegmentedRaftLogWorker.java:startLogSegment(426)) - s0@group-601F42C587AE-SegmentedRaftLogWorker: Starting segment from index:0
2023-03-14 08:39:18,184 [s0@group-601F42C587AE-LeaderElection51] INFO  server.RaftServer$Division (ServerState.java:setRaftConf(378)) - s0@group-601F42C587AE: set configuration 0: peers:[s0|rpc:localhost:37053|admin:localhost:46553|client:localhost:45499|dataStream:localhost:39313|priority:0|startupRole:FOLLOWER]|listeners:[], old=null
2023-03-14 08:39:18,188 [s0@group-601F42C587AE-SegmentedRaftLogWorker] INFO  segmented.SegmentedRaftLogWorker (SegmentedRaftLogWorker.java:execute(630)) - s0@group-601F42C587AE-SegmentedRaftLogWorker: created new log segment /home/runner/work/ratis/ratis/ratis-test/target/test/data/be523d36/MiniRaftClusterWithGrpcce1a277e/s0/f36edab9-02ec-4d78-8876-601f42c587ae/current/log_inprogress_0
2023-03-14 08:39:18,396 [Time-limited test] INFO  ratis.RaftTestUtil (RaftTestUtil.java:waitForLeader(119)) - printing ALL groups
  s0:  RUNNING    LEADER s0@group-601F42C587AE:t1, leader=s0, voted=s0, raftlog=Memoized:s0@group-601F42C587AE-SegmentedRaftLog:OPENED:c0, conf=0: peers:[s0|rpc:localhost:37053|admin:localhost:46553|client:localhost:45499|dataStream:localhost:39313|priority:0|startupRole:FOLLOWER]|listeners:[], old=null RUNNING
2023-03-14 08:39:18,400 [s0-client-thread1] DEBUG server.RaftServer$Division (RaftServerImpl.java:submitClientRequestAsync(835)) - s0@group-601F42C587AE: receive client request(RaftClientRequest:client-ED1A43C046DC->s0@group-601F42C587AE, cid=99, seq=0, RW, Message:6d30)
2023-03-14 08:39:18,400 [s0-client-thread1] DEBUG server.RaftServer$Division (LeaderStateImpl.java:addPendingRequest(474)) - s0@group-601F42C587AE-LeaderStateImpl: addPendingRequest at RaftClientRequest:client-ED1A43C046DC->s0@group-601F42C587AE, cid=99, seq=0, RW, Message:6d30, entry=(t:1, i:1), STATEMACHINELOGENTRY, 99@client-ED1A43C046DC
2023-03-14 08:39:18,404 [s0-client-thread1] DEBUG server.RaftServer$Division (RaftServerImpl.java:submitClientRequestAsync(835)) - s0@group-601F42C587AE: receive client request(RaftClientRequest:client-ED1A43C046DC->s0@group-601F42C587AE, cid=100, seq=0, RW, Message:6d31)
2023-03-14 08:39:18,404 [s0-client-thread1] DEBUG server.RaftServer$Division (LeaderStateImpl.java:addPendingRequest(474)) - s0@group-601F42C587AE-LeaderStateImpl: addPendingRequest at RaftClientRequest:client-ED1A43C046DC->s0@group-601F42C587AE, cid=100, seq=0, RW, Message:6d31, entry=(t:1, i:3), STATEMACHINELOGENTRY, 100@client-ED1A43C046DC
2023-03-14 08:39:18,405 [s0-client-thread1] DEBUG server.RaftServer$Division (RaftServerImpl.java:submitClientRequestAsync(835)) - s0@group-601F42C587AE: receive client request(RaftClientRequest:client-ED1A43C046DC->s0@group-601F42C587AE, cid=101, seq=0, RW, Message:6d32)
2023-03-14 08:39:18,405 [s0-client-thread1] DEBUG server.RaftServer$Division (LeaderStateImpl.java:addPendingRequest(474)) - s0@group-601F42C587AE-LeaderStateImpl: addPendingRequest at RaftClientRequest:client-ED1A43C046DC->s0@group-601F42C587AE, cid=101, seq=0, RW, Message:6d32, entry=(t:1, i:5), STATEMACHINELOGENTRY, 101@client-ED1A43C046DC
2023-03-14 08:39:18,406 [s0-client-thread1] DEBUG server.RaftServer$Division (RaftServerImpl.java:submitClientRequestAsync(835)) - s0@group-601F42C587AE: receive client request(RaftClientRequest:client-ED1A43C046DC->s0@group-601F42C587AE, cid=102, seq=0, RW, Message:6d33)
2023-03-14 08:39:18,407 [s0-client-thread1] DEBUG server.RaftServer$Division (LeaderStateImpl.java:addPendingRequest(474)) - s0@group-601F42C587AE-LeaderStateImpl: addPendingRequest at RaftClientRequest:client-ED1A43C046DC->s0@group-601F42C587AE, cid=102, seq=0, RW, Message:6d33, entry=(t:1, i:7), STATEMACHINELOGENTRY, 102@client-ED1A43C046DC
2023-03-14 08:39:18,408 [s0-client-thread1] DEBUG server.RaftServer$Division (RaftServerImpl.java:submitClientRequestAsync(835)) - s0@group-601F42C587AE: receive client request(RaftClientRequest:client-ED1A43C046DC->s0@group-601F42C587AE, cid=103, seq=0, RW, Message:6d34)
2023-03-14 08:39:18,408 [s0-client-thread1] DEBUG server.RaftServer$Division (LeaderStateImpl.java:addPendingRequest(474)) - s0@group-601F42C587AE-LeaderStateImpl: addPendingRequest at RaftClientRequest:client-ED1A43C046DC->s0@group-601F42C587AE, cid=103, seq=0, RW, Message:6d34, entry=(t:1, i:9), STATEMACHINELOGENTRY, 103@client-ED1A43C046DC
2023-03-14 08:39:18,412 [s0-client-thread1] DEBUG server.RaftServer$Division (RaftServerImpl.java:submitClientRequestAsync(835)) - s0@group-601F42C587AE: receive client request(RaftClientRequest:client-ED1A43C046DC->s0@group-601F42C587AE, cid=104, seq=0, RW, Message:6d35)
2023-03-14 08:39:18,412 [s0-client-thread1] DEBUG server.RaftServer$Division (LeaderStateImpl.java:addPendingRequest(474)) - s0@group-601F42C587AE-LeaderStateImpl: addPendingRequest at RaftClientRequest:client-ED1A43C046DC->s0@group-601F42C587AE, cid=104, seq=0, RW, Message:6d35, entry=(t:1, i:11), STATEMACHINELOGENTRY, 104@client-ED1A43C046DC
2023-03-14 08:39:18,418 [s0-client-thread1] DEBUG server.RaftServer$Division (RaftServerImpl.java:submitClientRequestAsync(835)) - s0@group-601F42C587AE: receive client request(RaftClientRequest:client-ED1A43C046DC->s0@group-601F42C587AE, cid=105, seq=0, RW, Message:6d36)
2023-03-14 08:39:18,418 [s0-client-thread1] DEBUG server.RaftServer$Division (LeaderStateImpl.java:addPendingRequest(474)) - s0@group-601F42C587AE-LeaderStateImpl: addPendingRequest at RaftClientRequest:client-ED1A43C046DC->s0@group-601F42C587AE, cid=105, seq=0, RW, Message:6d36, entry=(t:1, i:13), STATEMACHINELOGENTRY, 105@client-ED1A43C046DC
2023-03-14 08:39:18,419 [s0-client-thread1] DEBUG server.RaftServer$Division (RaftServerImpl.java:submitClientRequestAsync(835)) - s0@group-601F42C587AE: receive client request(RaftClientRequest:client-ED1A43C046DC->s0@group-601F42C587AE, cid=106, seq=0, RW, Message:6d37)
2023-03-14 08:39:18,420 [s0-client-thread1] DEBUG server.RaftServer$Division (LeaderStateImpl.java:addPendingRequest(474)) - s0@group-601F42C587AE-LeaderStateImpl: addPendingRequest at RaftClientRequest:client-ED1A43C046DC->s0@group-601F42C587AE, cid=106, seq=0, RW, Message:6d37, entry=(t:1, i:15), STATEMACHINELOGENTRY, 106@client-ED1A43C046DC
2023-03-14 08:39:18,421 [s0-client-thread1] DEBUG server.RaftServer$Division (RaftServerImpl.java:submitClientRequestAsync(835)) - s0@group-601F42C587AE: receive client request(RaftClientRequest:client-ED1A43C046DC->s0@group-601F42C587AE, cid=107, seq=0, RW, Message:6d38)
2023-03-14 08:39:18,421 [s0-client-thread1] DEBUG server.RaftServer$Division (LeaderStateImpl.java:addPendingRequest(474)) - s0@group-601F42C587AE-LeaderStateImpl: addPendingRequest at RaftClientRequest:client-ED1A43C046DC->s0@group-601F42C587AE, cid=107, seq=0, RW, Message:6d38, entry=(t:1, i:17), STATEMACHINELOGENTRY, 107@client-ED1A43C046DC
2023-03-14 08:39:18,422 [s0-client-thread1] DEBUG server.RaftServer$Division (RaftServerImpl.java:submitClientRequestAsync(835)) - s0@group-601F42C587AE: receive client request(RaftClientRequest:client-ED1A43C046DC->s0@group-601F42C587AE, cid=108, seq=0, RW, Message:6d39)
2023-03-14 08:39:18,422 [s0-client-thread1] DEBUG server.RaftServer$Division (LeaderStateImpl.java:addPendingRequest(474)) - s0@group-601F42C587AE-LeaderStateImpl: addPendingRequest at RaftClientRequest:client-ED1A43C046DC->s0@group-601F42C587AE, cid=108, seq=0, RW, Message:6d39, entry=(t:1, i:19), STATEMACHINELOGENTRY, 108@client-ED1A43C046DC
2023-03-14 08:39:18,424 [s0-client-thread1] DEBUG server.RaftServer$Division (RaftServerImpl.java:submitClientRequestAsync(835)) - s0@group-601F42C587AE: receive client request(RaftClientRequest:client-ED1A43C046DC->s0@group-601F42C587AE, cid=109, seq=0, RW, Message:6d3130)
2023-03-14 08:39:18,424 [s0-client-thread1] DEBUG server.RaftServer$Division (LeaderStateImpl.java:addPendingRequest(474)) - s0@group-601F42C587AE-LeaderStateImpl: addPendingRequest at RaftClientRequest:client-ED1A43C046DC->s0@group-601F42C587AE, cid=109, seq=0, RW, Message:6d3130, entry=(t:1, i:21), STATEMACHINELOGENTRY, 109@client-ED1A43C046DC
2023-03-14 08:39:18,432 [s0-client-thread1] DEBUG server.RaftServer$Division (RaftServerImpl.java:submitClientRequestAsync(835)) - s0@group-601F42C587AE: receive client request(RaftClientRequest:client-ED1A43C046DC->s0@group-601F42C587AE, cid=110, seq=0, RW, Message:6d3131)
2023-03-14 08:39:18,432 [s0-client-thread1] DEBUG server.RaftServer$Division (LeaderStateImpl.java:addPendingRequest(474)) - s0@group-601F42C587AE-LeaderStateImpl: addPendingRequest at RaftClientRequest:client-ED1A43C046DC->s0@group-601F42C587AE, cid=110, seq=0, RW, Message:6d3131, entry=(t:1, i:23), STATEMACHINELOGENTRY, 110@client-ED1A43C046DC
2023-03-14 08:39:18,439 [s0-client-thread1] DEBUG server.RaftServer$Division (RaftServerImpl.java:submitClientRequestAsync(835)) - s0@group-601F42C587AE: receive client request(RaftClientRequest:client-ED1A43C046DC->s0@group-601F42C587AE, cid=111, seq=0, RW, Message:6d3132)
2023-03-14 08:39:18,440 [s0-client-thread1] DEBUG server.RaftServer$Division (LeaderStateImpl.java:addPendingRequest(474)) - s0@group-601F42C587AE-LeaderStateImpl: addPendingRequest at RaftClientRequest:client-ED1A43C046DC->s0@group-601F42C587AE, cid=111, seq=0, RW, Message:6d3132, entry=(t:1, i:25), STATEMACHINELOGENTRY, 111@client-ED1A43C046DC
2023-03-14 08:39:18,441 [s0-client-thread1] DEBUG server.RaftServer$Division (RaftServerImpl.java:submitClientRequestAsync(835)) - s0@group-601F42C587AE: receive client request(RaftClientRequest:client-ED1A43C046DC->s0@group-601F42C587AE, cid=112, seq=0, RW, Message:6d3133)
2023-03-14 08:39:18,442 [s0-client-thread1] DEBUG server.RaftServer$Division (LeaderStateImpl.java:addPendingRequest(474)) - s0@group-601F42C587AE-LeaderStateImpl: addPendingRequest at RaftClientRequest:client-ED1A43C046DC->s0@group-601F42C587AE, cid=112, seq=0, RW, Message:6d3133, entry=(t:1, i:27), STATEMACHINELOGENTRY, 112@client-ED1A43C046DC
2023-03-14 08:39:18,443 [s0-client-thread1] DEBUG server.RaftServer$Division (RaftServerImpl.java:submitClientRequestAsync(835)) - s0@group-601F42C587AE: receive client request(RaftClientRequest:client-ED1A43C046DC->s0@group-601F42C587AE, cid=113, seq=0, RW, Message:6d3134)
2023-03-14 08:39:18,444 [s0-client-thread1] DEBUG server.RaftServer$Division (LeaderStateImpl.java:addPendingRequest(474)) - s0@group-601F42C587AE-LeaderStateImpl: addPendingRequest at RaftClientRequest:client-ED1A43C046DC->s0@group-601F42C587AE, cid=113, seq=0, RW, Message:6d3134, entry=(t:1, i:29), STATEMACHINELOGENTRY, 113@client-ED1A43C046DC
2023-03-14 08:39:18,445 [s0-client-thread1] DEBUG server.RaftServer$Division (RaftServerImpl.java:submitClientRequestAsync(835)) - s0@group-601F42C587AE: receive client request(RaftClientRequest:client-ED1A43C046DC->s0@group-601F42C587AE, cid=114, seq=0, RW, Message:6d3135)
2023-03-14 08:39:18,445 [s0-client-thread1] DEBUG server.RaftServer$Division (LeaderStateImpl.java:addPendingRequest(474)) - s0@group-601F42C587AE-LeaderStateImpl: addPendingRequest at RaftClientRequest:client-ED1A43C046DC->s0@group-601F42C587AE, cid=114, seq=0, RW, Message:6d3135, entry=(t:1, i:31), STATEMACHINELOGENTRY, 114@client-ED1A43C046DC
2023-03-14 08:39:18,446 [s0-client-thread1] DEBUG server.RaftServer$Division (RaftServerImpl.java:submitClientRequestAsync(835)) - s0@group-601F42C587AE: receive client request(RaftClientRequest:client-ED1A43C046DC->s0@group-601F42C587AE, cid=115, seq=0, RW, Message:6d3136)
2023-03-14 08:39:18,446 [s0-client-thread1] DEBUG server.RaftServer$Division (LeaderStateImpl.java:addPendingRequest(474)) - s0@group-601F42C587AE-LeaderStateImpl: addPendingRequest at RaftClientRequest:client-ED1A43C046DC->s0@group-601F42C587AE, cid=115, seq=0, RW, Message:6d3136, entry=(t:1, i:33), STATEMACHINELOGENTRY, 115@client-ED1A43C046DC
2023-03-14 08:39:18,447 [s0-client-thread1] DEBUG server.RaftServer$Division (RaftServerImpl.java:submitClientRequestAsync(835)) - s0@group-601F42C587AE: receive client request(RaftClientRequest:client-ED1A43C046DC->s0@group-601F42C587AE, cid=116, seq=0, RW, Message:6d3137)
2023-03-14 08:39:18,447 [s0-client-thread1] DEBUG server.RaftServer$Division (LeaderStateImpl.java:addPendingRequest(474)) - s0@group-601F42C587AE-LeaderStateImpl: addPendingRequest at RaftClientRequest:client-ED1A43C046DC->s0@group-601F42C587AE, cid=116, seq=0, RW, Message:6d3137, entry=(t:1, i:35), STATEMACHINELOGENTRY, 116@client-ED1A43C046DC
2023-03-14 08:39:18,449 [s0-client-thread1] DEBUG server.RaftServer$Division (RaftServerImpl.java:submitClientRequestAsync(835)) - s0@group-601F42C587AE: receive client request(RaftClientRequest:client-ED1A43C046DC->s0@group-601F42C587AE, cid=117, seq=0, RW, Message:6d3138)
2023-03-14 08:39:18,449 [s0-client-thread1] DEBUG server.RaftServer$Division (LeaderStateImpl.java:addPendingRequest(474)) - s0@group-601F42C587AE-LeaderStateImpl: addPendingRequest at RaftClientRequest:client-ED1A43C046DC->s0@group-601F42C587AE, cid=117, seq=0, RW, Message:6d3138, entry=(t:1, i:37), STATEMACHINELOGENTRY, 117@client-ED1A43C046DC
2023-03-14 08:39:18,450 [s0-client-thread1] DEBUG server.RaftServer$Division (RaftServerImpl.java:submitClientRequestAsync(835)) - s0@group-601F42C587AE: receive client request(RaftClientRequest:client-ED1A43C046DC->s0@group-601F42C587AE, cid=118, seq=0, RW, Message:6d3139)
2023-03-14 08:39:18,450 [s0-client-thread1] DEBUG server.RaftServer$Division (LeaderStateImpl.java:addPendingRequest(474)) - s0@group-601F42C587AE-LeaderStateImpl: addPendingRequest at RaftClientRequest:client-ED1A43C046DC->s0@group-601F42C587AE, cid=118, seq=0, RW, Message:6d3139, entry=(t:1, i:39), STATEMACHINELOGENTRY, 118@client-ED1A43C046DC
2023-03-14 08:39:18,451 [Time-limited test] INFO  impl.MiniRaftCluster (MiniRaftCluster.java:addNewPeers(464)) - Add new peers [s1, s2]
2023-03-14 08:39:18,451 [Time-limited test] INFO  impl.MiniRaftCluster (MiniRaftCluster.java:newRaftServer(382)) - newRaftServer: s1, group-601F42C587AE:[s0|rpc:localhost:37053|admin:localhost:46553|client:localhost:45499|dataStream:localhost:39313|priority:0|startupRole:FOLLOWER, s1|priority:0|startupRole:FOLLOWER, s2|priority:0|startupRole:FOLLOWER], format? true
2023-03-14 08:39:18,451 [Time-limited test] TRACE util.FileUtils (FileUtils.java:deleteFully(201)) - deleteFully target/test/data/be523d36/MiniRaftClusterWithGrpcce1a277e/s1
2023-03-14 08:39:18,451 [Time-limited test] TRACE util.FileUtils (FileUtils.java:deleteFully(217)) - deleteFully: target/test/data/be523d36/MiniRaftClusterWithGrpcce1a277e/s1 does not exist.
2023-03-14 08:39:18,451 [Time-limited test] INFO  impl.MiniRaftCluster (MiniRaftCluster.java:newRaftServer(387)) - Formatted directory target/test/data/be523d36/MiniRaftClusterWithGrpcce1a277e/s1
2023-03-14 08:39:18,452 [Time-limited test] INFO  server.RaftServer (ConfUtils.java:logGet(46)) - raft.rpc.type = GRPC (default)
2023-03-14 08:39:18,452 [Time-limited test] INFO  grpc.GrpcConfigKeys (ConfUtils.java:logFallback(53)) - raft.grpc.admin.host = null (fallback to raft.grpc.server.host)
2023-03-14 08:39:18,452 [Time-limited test] INFO  grpc.GrpcConfigKeys (ConfUtils.java:logFallback(53)) - raft.grpc.admin.port = 39533 (fallback to raft.grpc.server.port)
2023-03-14 08:39:18,452 [Time-limited test] INFO  grpc.GrpcConfigKeys (ConfUtils.java:logFallback(53)) - raft.grpc.client.host = null (fallback to raft.grpc.server.host)
2023-03-14 08:39:18,452 [Time-limited test] INFO  grpc.GrpcConfigKeys (ConfUtils.java:logFallback(53)) - raft.grpc.client.port = 39533 (fallback to raft.grpc.server.port)
2023-03-14 08:39:18,452 [Time-limited test] INFO  grpc.GrpcConfigKeys (ConfUtils.java:logGet(46)) - raft.grpc.server.host = null (default)
2023-03-14 08:39:18,452 [Time-limited test] INFO  grpc.GrpcConfigKeys (ConfUtils.java:logGet(46)) - raft.grpc.server.port = 39533 (custom)
2023-03-14 08:39:18,452 [Time-limited test] INFO  server.GrpcService (ConfUtils.java:logGet(46)) - raft.grpc.message.size.max = 64MB (=67108864) (default)
2023-03-14 08:39:18,452 [Time-limited test] INFO  server.RaftServerConfigKeys (ConfUtils.java:logGet(46)) - raft.server.log.appender.buffer.byte-limit = 4MB (=4194304) (default)
2023-03-14 08:39:18,452 [Time-limited test] INFO  server.GrpcService (ConfUtils.java:logGet(46)) - raft.grpc.flow.control.window = 1MB (=1048576) (default)
2023-03-14 08:39:18,452 [Time-limited test] INFO  server.RaftServerConfigKeys (ConfUtils.java:logGet(46)) - raft.server.rpc.request.timeout = 3000ms (default)
2023-03-14 08:39:18,452 [Time-limited test] INFO  grpc.GrpcConfigKeys (ConfUtils.java:logGet(46)) - raft.grpc.server.heartbeat.channel = true (default)
2023-03-14 08:39:18,452 [Time-limited test] INFO  grpc.GrpcConfigKeys (ConfUtils.java:logGet(46)) - raft.grpc.server.async.request.thread.pool.cached = true (default)
2023-03-14 08:39:18,452 [Time-limited test] INFO  grpc.GrpcConfigKeys (ConfUtils.java:logGet(46)) - raft.grpc.server.async.request.thread.pool.size = 32 (default)
2023-03-14 08:39:18,453 [Time-limited test] INFO  impl.DataStreamServerImpl (ConfUtils.java:logGet(46)) - raft.datastream.type = DISABLED (default)
2023-03-14 08:39:18,453 [Time-limited test] INFO  server.RaftServerConfigKeys (ConfUtils.java:logGet(46)) - raft.server.threadpool.proxy.cached = true (default)
2023-03-14 08:39:18,453 [Time-limited test] INFO  server.RaftServerConfigKeys (ConfUtils.java:logGet(46)) - raft.server.threadpool.proxy.size = 0 (default)
2023-03-14 08:39:18,453 [Time-limited test] INFO  server.RaftServerConfigKeys (ConfUtils.java:logGet(46)) - raft.server.rpc.slowness.timeout = 60s (default)
2023-03-14 08:39:18,453 [Time-limited test] INFO  server.RaftServerConfigKeys (ConfUtils.java:logGet(46)) - raft.server.leaderelection.leader.step-down.wait-time = 10s (default)
2023-03-14 08:39:18,453 [Time-limited test] INFO  server.RaftServerConfigKeys (ConfUtils.java:logGet(46)) - raft.server.storage.dir = [/home/runner/work/ratis/ratis/ratis-test/target/test/data/be523d36/MiniRaftClusterWithGrpcce1a277e/s1] (custom)
2023-03-14 08:39:18,456 [Time-limited test] INFO  server.RaftServer (RaftServerProxy.java:addNew(99)) - s1: addNew group-601F42C587AE:[s0|rpc:localhost:37053|admin:localhost:46553|client:localhost:45499|dataStream:localhost:39313|priority:0|startupRole:FOLLOWER, s1|priority:0|startupRole:FOLLOWER, s2|priority:0|startupRole:FOLLOWER] returns group-601F42C587AE:java.util.concurrent.CompletableFuture@ad13736[Not completed]
2023-03-14 08:39:18,456 [Time-limited test] INFO  impl.MiniRaftCluster (MiniRaftCluster.java:newRaftServer(382)) - newRaftServer: s2, group-601F42C587AE:[s0|rpc:localhost:37053|admin:localhost:46553|client:localhost:45499|dataStream:localhost:39313|priority:0|startupRole:FOLLOWER, s1|priority:0|startupRole:FOLLOWER, s2|priority:0|startupRole:FOLLOWER], format? true
2023-03-14 08:39:18,456 [Time-limited test] TRACE util.FileUtils (FileUtils.java:deleteFully(201)) - deleteFully target/test/data/be523d36/MiniRaftClusterWithGrpcce1a277e/s2
2023-03-14 08:39:18,456 [s1-groupManagement] INFO  server.RaftServer$Division (RaftServerImpl.java:<init>(198)) - s1: new RaftServerImpl for group-601F42C587AE:[s0|rpc:localhost:37053|admin:localhost:46553|client:localhost:45499|dataStream:localhost:39313|priority:0|startupRole:FOLLOWER, s1|priority:0|startupRole:FOLLOWER, s2|priority:0|startupRole:FOLLOWER] with BaseStateMachine:uninitialized
2023-03-14 08:39:18,456 [Time-limited test] TRACE util.FileUtils (FileUtils.java:deleteFully(217)) - deleteFully: target/test/data/be523d36/MiniRaftClusterWithGrpcce1a277e/s2 does not exist.
2023-03-14 08:39:18,456 [Time-limited test] INFO  impl.MiniRaftCluster (MiniRaftCluster.java:newRaftServer(387)) - Formatted directory target/test/data/be523d36/MiniRaftClusterWithGrpcce1a277e/s2
2023-03-14 08:39:18,456 [s1-groupManagement] INFO  server.RaftServerConfigKeys (ConfUtils.java:logGet(46)) - raft.server.rpc.timeout.min = 150ms (default)
2023-03-14 08:39:18,456 [s1-groupManagement] INFO  server.RaftServerConfigKeys (ConfUtils.java:logGet(46)) - raft.server.rpc.timeout.max = 300ms (default)
2023-03-14 08:39:18,456 [s1-groupManagement] INFO  server.RaftServerConfigKeys (ConfUtils.java:logGet(46)) - raft.server.rpc.sleep.time = 25ms (default)
2023-03-14 08:39:18,456 [s1-groupManagement] INFO  server.RaftServerConfigKeys (ConfUtils.java:logGet(46)) - raft.server.rpc.slowness.timeout = 60s (default)
2023-03-14 08:39:18,456 [Time-limited test] INFO  server.RaftServer (ConfUtils.java:logGet(46)) - raft.rpc.type = GRPC (default)
2023-03-14 08:39:18,456 [s1-groupManagement] INFO  server.RaftServerConfigKeys (ConfUtils.java:logGet(46)) - raft.server.leaderelection.leader.step-down.wait-time = 10s (default)
2023-03-14 08:39:18,457 [s1-groupManagement] INFO  server.RaftServerConfigKeys (ConfUtils.java:logGet(46)) - raft.server.sleep.deviation.threshold = 300ms (default)
2023-03-14 08:39:18,457 [Time-limited test] INFO  grpc.GrpcConfigKeys (ConfUtils.java:logFallback(53)) - raft.grpc.admin.host = null (fallback to raft.grpc.server.host)
2023-03-14 08:39:18,457 [Time-limited test] INFO  grpc.GrpcConfigKeys (ConfUtils.java:logFallback(53)) - raft.grpc.admin.port = 38849 (fallback to raft.grpc.server.port)
2023-03-14 08:39:18,457 [Time-limited test] INFO  grpc.GrpcConfigKeys (ConfUtils.java:logFallback(53)) - raft.grpc.client.host = null (fallback to raft.grpc.server.host)
2023-03-14 08:39:18,457 [Time-limited test] INFO  grpc.GrpcConfigKeys (ConfUtils.java:logFallback(53)) - raft.grpc.client.port = 38849 (fallback to raft.grpc.server.port)
2023-03-14 08:39:18,457 [Time-limited test] INFO  grpc.GrpcConfigKeys (ConfUtils.java:logGet(46)) - raft.grpc.server.host = null (default)
2023-03-14 08:39:18,457 [Time-limited test] INFO  grpc.GrpcConfigKeys (ConfUtils.java:logGet(46)) - raft.grpc.server.port = 38849 (custom)
2023-03-14 08:39:18,457 [Time-limited test] INFO  server.GrpcService (ConfUtils.java:logGet(46)) - raft.grpc.message.size.max = 64MB (=67108864) (default)
2023-03-14 08:39:18,457 [Time-limited test] INFO  server.RaftServerConfigKeys (ConfUtils.java:logGet(46)) - raft.server.log.appender.buffer.byte-limit = 4MB (=4194304) (default)
2023-03-14 08:39:18,457 [Time-limited test] INFO  server.GrpcService (ConfUtils.java:logGet(46)) - raft.grpc.flow.control.window = 1MB (=1048576) (default)
2023-03-14 08:39:18,457 [Time-limited test] INFO  server.RaftServerConfigKeys (ConfUtils.java:logGet(46)) - raft.server.rpc.request.timeout = 3000ms (default)
2023-03-14 08:39:18,457 [Time-limited test] INFO  grpc.GrpcConfigKeys (ConfUtils.java:logGet(46)) - raft.grpc.server.heartbeat.channel = true (default)
2023-03-14 08:39:18,457 [Time-limited test] INFO  grpc.GrpcConfigKeys (ConfUtils.java:logGet(46)) - raft.grpc.server.async.request.thread.pool.cached = true (default)
2023-03-14 08:39:18,457 [Time-limited test] INFO  grpc.GrpcConfigKeys (ConfUtils.java:logGet(46)) - raft.grpc.server.async.request.thread.pool.size = 32 (default)
2023-03-14 08:39:18,458 [Time-limited test] INFO  impl.DataStreamServerImpl (ConfUtils.java:logGet(46)) - raft.datastream.type = DISABLED (default)
2023-03-14 08:39:18,458 [Time-limited test] INFO  server.RaftServerConfigKeys (ConfUtils.java:logGet(46)) - raft.server.threadpool.proxy.cached = true (default)
2023-03-14 08:39:18,458 [Time-limited test] INFO  server.RaftServerConfigKeys (ConfUtils.java:logGet(46)) - raft.server.threadpool.proxy.size = 0 (default)
2023-03-14 08:39:18,458 [Time-limited test] INFO  server.RaftServerConfigKeys (ConfUtils.java:logGet(46)) - raft.server.rpc.slowness.timeout = 60s (default)
2023-03-14 08:39:18,458 [Time-limited test] INFO  server.RaftServerConfigKeys (ConfUtils.java:logGet(46)) - raft.server.leaderelection.leader.step-down.wait-time = 10s (default)
2023-03-14 08:39:18,458 [Time-limited test] INFO  server.RaftServerConfigKeys (ConfUtils.java:logGet(46)) - raft.server.storage.dir = [/home/runner/work/ratis/ratis/ratis-test/target/test/data/be523d36/MiniRaftClusterWithGrpcce1a277e/s2] (custom)
2023-03-14 08:39:18,457 [s1-groupManagement] INFO  server.RaftServer$Division (ServerState.java:<init>(113)) - s1@group-601F42C587AE: ConfigurationManager, init=-1: peers:[s0|rpc:localhost:37053|admin:localhost:46553|client:localhost:45499|dataStream:localhost:39313|priority:0|startupRole:FOLLOWER, s1|priority:0|startupRole:FOLLOWER, s2|priority:0|startupRole:FOLLOWER]|listeners:[], old=null, confs=<EMPTY_MAP>
2023-03-14 08:39:18,458 [s1-groupManagement] INFO  server.RaftServerConfigKeys (ConfUtils.java:logGet(46)) - raft.server.notification.no-leader.timeout = 60s (default)
2023-03-14 08:39:18,458 [s1-groupManagement] INFO  server.RaftServerConfigKeys (ConfUtils.java:logGet(46)) - raft.server.read.timeout = 10s (default)
2023-03-14 08:39:18,458 [s1-groupManagement] INFO  server.RaftServerConfigKeys (ConfUtils.java:logGet(46)) - raft.server.retrycache.expirytime = 60s (default)
2023-03-14 08:39:18,458 [s1-groupManagement] INFO  server.RaftServerConfigKeys (ConfUtils.java:logGet(46)) - raft.server.retrycache.statistics.expirytime = 100μs (default)
2023-03-14 08:39:18,458 [s2-groupManagement] INFO  server.RaftServer$Division (RaftServerImpl.java:<init>(198)) - s2: new RaftServerImpl for group-601F42C587AE:[s0|rpc:localhost:37053|admin:localhost:46553|client:localhost:45499|dataStream:localhost:39313|priority:0|startupRole:FOLLOWER, s1|priority:0|startupRole:FOLLOWER, s2|priority:0|startupRole:FOLLOWER] with BaseStateMachine:uninitialized
2023-03-14 08:39:18,458 [Time-limited test] INFO  server.RaftServer (RaftServerProxy.java:addNew(99)) - s2: addNew group-601F42C587AE:[s0|rpc:localhost:37053|admin:localhost:46553|client:localhost:45499|dataStream:localhost:39313|priority:0|startupRole:FOLLOWER, s1|priority:0|startupRole:FOLLOWER, s2|priority:0|startupRole:FOLLOWER] returns group-601F42C587AE:java.util.concurrent.CompletableFuture@689a9210[Not completed]
2023-03-14 08:39:18,459 [s1-groupManagement] INFO  server.RaftServerConfigKeys (ConfUtils.java:logGet(46)) - raft.server.read.option = DEFAULT (default)
2023-03-14 08:39:18,459 [s2-groupManagement] INFO  server.RaftServerConfigKeys (ConfUtils.java:logGet(46)) - raft.server.rpc.timeout.min = 150ms (default)
2023-03-14 08:39:18,459 [s2-groupManagement] INFO  server.RaftServerConfigKeys (ConfUtils.java:logGet(46)) - raft.server.rpc.timeout.max = 300ms (default)
2023-03-14 08:39:18,459 [s2-groupManagement] INFO  server.RaftServerConfigKeys (ConfUtils.java:logGet(46)) - raft.server.rpc.sleep.time = 25ms (default)
2023-03-14 08:39:18,459 [s2-groupManagement] INFO  server.RaftServerConfigKeys (ConfUtils.java:logGet(46)) - raft.server.rpc.slowness.timeout = 60s (default)
2023-03-14 08:39:18,459 [s2-groupManagement] INFO  server.RaftServerConfigKeys (ConfUtils.java:logGet(46)) - raft.server.leaderelection.leader.step-down.wait-time = 10s (default)
2023-03-14 08:39:18,459 [s2-groupManagement] INFO  server.RaftServerConfigKeys (ConfUtils.java:logGet(46)) - raft.server.sleep.deviation.threshold = 300ms (default)
2023-03-14 08:39:18,459 [s2-groupManagement] INFO  server.RaftServer$Division (ServerState.java:<init>(113)) - s2@group-601F42C587AE: ConfigurationManager, init=-1: peers:[s0|rpc:localhost:37053|admin:localhost:46553|client:localhost:45499|dataStream:localhost:39313|priority:0|startupRole:FOLLOWER, s1|priority:0|startupRole:FOLLOWER, s2|priority:0|startupRole:FOLLOWER]|listeners:[], old=null, confs=<EMPTY_MAP>
2023-03-14 08:39:18,459 [s2-groupManagement] INFO  server.RaftServerConfigKeys (ConfUtils.java:logGet(46)) - raft.server.notification.no-leader.timeout = 60s (default)
2023-03-14 08:39:18,459 [s2-groupManagement] INFO  server.RaftServerConfigKeys (ConfUtils.java:logGet(46)) - raft.server.read.timeout = 10s (default)
2023-03-14 08:39:18,460 [s2-groupManagement] INFO  server.RaftServerConfigKeys (ConfUtils.java:logGet(46)) - raft.server.retrycache.expirytime = 60s (default)
2023-03-14 08:39:18,460 [s2-groupManagement] INFO  server.RaftServerConfigKeys (ConfUtils.java:logGet(46)) - raft.server.retrycache.statistics.expirytime = 100μs (default)
2023-03-14 08:39:18,460 [s2-groupManagement] INFO  server.RaftServerConfigKeys (ConfUtils.java:logGet(46)) - raft.server.read.option = DEFAULT (default)
2023-03-14 08:39:18,459 [s1-groupManagement] INFO  server.RaftServerConfigKeys (ConfUtils.java:logGet(46)) - raft.server.log.appender.install.snapshot.enabled = true (default)
2023-03-14 08:39:18,460 [s1-groupManagement] INFO  server.RaftServerConfigKeys (ConfUtils.java:logGet(46)) - raft.server.threadpool.server.cached = true (default)
2023-03-14 08:39:18,460 [s1-groupManagement] INFO  server.RaftServerConfigKeys (ConfUtils.java:logGet(46)) - raft.server.threadpool.server.size = 0 (default)
2023-03-14 08:39:18,460 [s1-groupManagement] INFO  server.RaftServerConfigKeys (ConfUtils.java:logGet(46)) - raft.server.threadpool.client.cached = true (default)
2023-03-14 08:39:18,460 [s1-groupManagement] INFO  server.RaftServerConfigKeys (ConfUtils.java:logGet(46)) - raft.server.threadpool.client.size = 0 (default)
2023-03-14 08:39:18,460 [s2-groupManagement] INFO  server.RaftServerConfigKeys (ConfUtils.java:logGet(46)) - raft.server.log.appender.install.snapshot.enabled = true (default)
2023-03-14 08:39:18,460 [s2-groupManagement] INFO  server.RaftServerConfigKeys (ConfUtils.java:logGet(46)) - raft.server.threadpool.server.cached = true (default)
2023-03-14 08:39:18,460 [s1-impl-thread1] INFO  server.RaftServerConfigKeys (ConfUtils.java:logGet(46)) - raft.server.storage.free-space.min = 0MB (=0) (default)
2023-03-14 08:39:18,460 [s1-impl-thread1] INFO  server.RaftServerConfigKeys (ConfUtils.java:logGet(46)) - raft.server.log.corruption.policy = EXCEPTION (default)
2023-03-14 08:39:18,460 [s2-groupManagement] INFO  server.RaftServerConfigKeys (ConfUtils.java:logGet(46)) - raft.server.threadpool.server.size = 0 (default)
2023-03-14 08:39:18,460 [s2-groupManagement] INFO  server.RaftServerConfigKeys (ConfUtils.java:logGet(46)) - raft.server.threadpool.client.cached = true (default)
2023-03-14 08:39:18,460 [s1-impl-thread1] INFO  server.RaftServerConfigKeys (ConfUtils.java:logGet(46)) - raft.server.storage.dir = [/home/runner/work/ratis/ratis/ratis-test/target/test/data/be523d36/MiniRaftClusterWithGrpcce1a277e/s1] (custom)
2023-03-14 08:39:18,460 [s2-groupManagement] INFO  server.RaftServerConfigKeys (ConfUtils.java:logGet(46)) - raft.server.threadpool.client.size = 0 (default)
2023-03-14 08:39:18,460 [s1-impl-thread1] INFO  storage.RaftStorageDirectory (RaftStorageDirectoryImpl.java:analyzeStorage(138)) - The storage directory /home/runner/work/ratis/ratis/ratis-test/target/test/data/be523d36/MiniRaftClusterWithGrpcce1a277e/s1/f36edab9-02ec-4d78-8876-601f42c587ae does not exist. Creating ...
2023-03-14 08:39:18,461 [s1-impl-thread1] TRACE util.FileUtils (LogUtils.java:runAndLog(49)) - Successfully ran Files.createDirectories /home/runner/work/ratis/ratis/ratis-test/target/test/data/be523d36/MiniRaftClusterWithGrpcce1a277e/s1/f36edab9-02ec-4d78-8876-601f42c587ae
2023-03-14 08:39:18,461 [s1-impl-thread1] INFO  storage.RaftStorageDirectory (RaftStorageDirectoryImpl.java:tryLock(232)) - Lock on /home/runner/work/ratis/ratis/ratis-test/target/test/data/be523d36/MiniRaftClusterWithGrpcce1a277e/s1/f36edab9-02ec-4d78-8876-601f42c587ae/in_use.lock acquired by nodename 10435@fv-az41-628
2023-03-14 08:39:18,461 [s1-impl-thread1] TRACE util.FileUtils (LogUtils.java:runAndLog(49)) - Successfully ran Files.createDirectories /home/runner/work/ratis/ratis/ratis-test/target/test/data/be523d36/MiniRaftClusterWithGrpcce1a277e/s1/f36edab9-02ec-4d78-8876-601f42c587ae/current
2023-03-14 08:39:18,462 [s1-impl-thread1] TRACE util.FileUtils (LogUtils.java:runAndLog(49)) - Successfully ran Files.createDirectories /home/runner/work/ratis/ratis/ratis-test/target/test/data/be523d36/MiniRaftClusterWithGrpcce1a277e/s1/f36edab9-02ec-4d78-8876-601f42c587ae/sm
2023-03-14 08:39:18,462 [s1-impl-thread1] INFO  storage.RaftStorage (RaftStorageImpl.java:format(96)) - Storage directory /home/runner/work/ratis/ratis/ratis-test/target/test/data/be523d36/MiniRaftClusterWithGrpcce1a277e/s1/f36edab9-02ec-4d78-8876-601f42c587ae has been successfully formatted.
2023-03-14 08:39:18,462 [s1-impl-thread1] INFO  server.RaftServerConfigKeys (ConfUtils.java:logGet(46)) - raft.server.log.use.memory = false (default)
2023-03-14 08:39:18,462 [s1-impl-thread1] INFO  server.RaftServerConfigKeys (ConfUtils.java:logGet(46)) - raft.server.log.purge.gap = 1024 (default)
2023-03-14 08:39:18,462 [s1-impl-thread1] INFO  server.RaftServerConfigKeys (ConfUtils.java:logGet(46)) - raft.server.log.appender.buffer.byte-limit = 4MB (=4194304) (default)
2023-03-14 08:39:18,462 [s1-impl-thread1] INFO  server.RaftServerConfigKeys (ConfUtils.java:logGet(46)) - raft.server.log.statemachine.data.read.timeout = 1000ms (default)
2023-03-14 08:39:18,462 [s1-impl-thread1] INFO  server.RaftServerConfigKeys (ConfUtils.java:logGet(46)) - raft.server.log.purge.preservation.log.num = 0 (default)
2023-03-14 08:39:18,463 [s1-impl-thread1] INFO  server.RaftServerConfigKeys (ConfUtils.java:logGet(46)) - raft.server.log.segment.size.max = 8MB (=8388608) (default)
2023-03-14 08:39:18,463 [s1-impl-thread1] INFO  server.RaftServerConfigKeys (ConfUtils.java:logGet(46)) - raft.server.log.segment.cache.num.max = 6 (default)
2023-03-14 08:39:18,463 [s1-impl-thread1] INFO  server.RaftServerConfigKeys (ConfUtils.java:logGet(46)) - raft.server.log.segment.cache.size.max = 200MB (=209715200) (default)
2023-03-14 08:39:18,463 [s1-impl-thread1] INFO  server.RaftServerConfigKeys (ConfUtils.java:logGet(46)) - raft.server.log.appender.buffer.byte-limit = 4MB (=4194304) (default)
2023-03-14 08:39:18,463 [s1-impl-thread1] INFO  segmented.SegmentedRaftLogWorker (SegmentedRaftLogWorker.java:<init>(183)) - new s1@group-601F42C587AE-SegmentedRaftLogWorker for RaftStorageImpl:Storage Directory /home/runner/work/ratis/ratis/ratis-test/target/test/data/be523d36/MiniRaftClusterWithGrpcce1a277e/s1/f36edab9-02ec-4d78-8876-601f42c587ae
2023-03-14 08:39:18,463 [s1-impl-thread1] INFO  server.RaftServerConfigKeys (ConfUtils.java:logGet(46)) - raft.server.log.queue.byte-limit = 64MB (=67108864) (default)
2023-03-14 08:39:18,463 [s1-impl-thread1] INFO  server.RaftServerConfigKeys (ConfUtils.java:logGet(46)) - raft.server.log.queue.element-limit = 4096 (default)
2023-03-14 08:39:18,463 [s1-impl-thread1] INFO  server.RaftServerConfigKeys (ConfUtils.java:logGet(46)) - raft.server.log.segment.size.max = 8MB (=8388608) (default)
2023-03-14 08:39:18,463 [s1-impl-thread1] INFO  server.RaftServerConfigKeys (ConfUtils.java:logGet(46)) - raft.server.log.preallocated.size = 4MB (=4194304) (default)
2023-03-14 08:39:18,463 [s1-impl-thread1] INFO  server.RaftServerConfigKeys (ConfUtils.java:logGet(46)) - raft.server.log.force.sync.num = 128 (default)
2023-03-14 08:39:18,463 [s1-impl-thread1] INFO  server.RaftServerConfigKeys (ConfUtils.java:logGet(46)) - raft.server.log.statemachine.data.sync = true (default)
2023-03-14 08:39:18,463 [s1-impl-thread1] INFO  server.RaftServerConfigKeys (ConfUtils.java:logGet(46)) - raft.server.log.statemachine.data.sync.timeout = 10s (default)
2023-03-14 08:39:18,463 [s1-impl-thread1] INFO  server.RaftServerConfigKeys (ConfUtils.java:logGet(46)) - raft.server.log.statemachine.data.sync.timeout.retry = -1 (default)
2023-03-14 08:39:18,463 [s1-impl-thread1] INFO  server.RaftServerConfigKeys (ConfUtils.java:logGet(46)) - raft.server.log.write.buffer.size = 64KB (=65536) (default)
2023-03-14 08:39:18,463 [s1-impl-thread1] INFO  server.RaftServerConfigKeys (ConfUtils.java:logGet(46)) - raft.server.log.appender.buffer.byte-limit = 4MB (=4194304) (default)
2023-03-14 08:39:18,463 [s1-impl-thread1] INFO  server.RaftServerConfigKeys (ConfUtils.java:logGet(46)) - raft.server.log.unsafe-flush.enabled = false (default)
2023-03-14 08:39:18,463 [s1-impl-thread1] INFO  server.RaftServerConfigKeys (ConfUtils.java:logGet(46)) - raft.server.log.async-flush.enabled = false (default)
2023-03-14 08:39:18,464 [s1-impl-thread1] INFO  server.RaftServerConfigKeys (ConfUtils.java:logGet(46)) - raft.server.log.statemachine.data.caching.enabled = false (default)
2023-03-14 08:39:18,464 [s1-impl-thread1] INFO  segmented.SegmentedRaftLogWorker (SegmentedRaftLogWorker.java:lambda$new$0(134)) - s1@group-601F42C587AE-SegmentedRaftLogWorker: flushIndex: setUnconditionally 0 -> -1
2023-03-14 08:39:18,464 [s1-impl-thread1] INFO  segmented.SegmentedRaftLogWorker (SegmentedRaftLogWorker.java:lambda$new$0(134)) - s1@group-601F42C587AE-SegmentedRaftLogWorker: safeCacheEvictIndex: setUnconditionally 0 -> -1
2023-03-14 08:39:18,464 [s1-impl-thread1] INFO  server.RaftServer$Division (RaftServerImpl.java:start(342)) - s1@group-601F42C587AE: start as a follower, conf=-1: peers:[s0|rpc:localhost:37053|admin:localhost:46553|client:localhost:45499|dataStream:localhost:39313|priority:0|startupRole:FOLLOWER, s1|priority:0|startupRole:FOLLOWER, s2|priority:0|startupRole:FOLLOWER]|listeners:[], old=null
2023-03-14 08:39:18,464 [s1-impl-thread1] INFO  server.RaftServer$Division (RaftServerImpl.java:setRole(329)) - s1@group-601F42C587AE: changes role from      null to FOLLOWER at term 0 for startAsFollower
2023-03-14 08:39:18,464 [s1-impl-thread1] INFO  impl.RoleInfo (RoleInfo.java:updateAndGet(139)) - s1: start s1@group-601F42C587AE-FollowerState
2023-03-14 08:39:18,464 [s1-impl-thread1] INFO  util.JmxRegister (JmxRegister.java:tryRegister(44)) - Successfully registered JMX Bean with object name Ratis:service=RaftServer,group=group-601F42C587AE,id=s1
2023-03-14 08:39:18,464 [s1@group-601F42C587AE-FollowerState] INFO  server.RaftServerConfigKeys (ConfUtils.java:logFallback(53)) - raft.server.rpc.first-election.timeout.min = 150ms (fallback to raft.server.rpc.timeout.min)
2023-03-14 08:39:18,464 [s1-impl-thread1] INFO  server.RaftServerConfigKeys (ConfUtils.java:logGet(46)) - raft.server.snapshot.auto.trigger.enabled = false (default)
2023-03-14 08:39:18,464 [s1-impl-thread1] INFO  server.RaftServerConfigKeys (ConfUtils.java:logGet(46)) - raft.server.snapshot.retention.file.num = -1 (default)
2023-03-14 08:39:18,464 [s1-impl-thread1] INFO  server.RaftServerConfigKeys (ConfUtils.java:logGet(46)) - raft.server.log.purge.upto.snapshot.index = false (default)
2023-03-14 08:39:18,464 [s1@group-601F42C587AE-FollowerState] INFO  server.RaftServerConfigKeys (ConfUtils.java:logFallback(53)) - raft.server.rpc.first-election.timeout.max = 300ms (fallback to raft.server.rpc.timeout.max)
2023-03-14 08:39:18,465 [Time-limited test] INFO  server.RaftServer (RaftServerProxy.java:startImpl(401)) - s1: start RPC server
2023-03-14 08:39:18,465 [Time-limited test] INFO  server.GrpcService (GrpcService.java:startImpl(302)) - s1: GrpcService started, listening on 39533
2023-03-14 08:39:18,465 [s2-impl-thread1] INFO  server.RaftServerConfigKeys (ConfUtils.java:logGet(46)) - raft.server.storage.free-space.min = 0MB (=0) (default)
2023-03-14 08:39:18,465 [s2-impl-thread1] INFO  server.RaftServerConfigKeys (ConfUtils.java:logGet(46)) - raft.server.log.corruption.policy = EXCEPTION (default)
2023-03-14 08:39:18,465 [s2-impl-thread1] INFO  server.RaftServerConfigKeys (ConfUtils.java:logGet(46)) - raft.server.storage.dir = [/home/runner/work/ratis/ratis/ratis-test/target/test/data/be523d36/MiniRaftClusterWithGrpcce1a277e/s2] (custom)
2023-03-14 08:39:18,465 [s2-impl-thread1] INFO  storage.RaftStorageDirectory (RaftStorageDirectoryImpl.java:analyzeStorage(138)) - The storage directory /home/runner/work/ratis/ratis/ratis-test/target/test/data/be523d36/MiniRaftClusterWithGrpcce1a277e/s2/f36edab9-02ec-4d78-8876-601f42c587ae does not exist. Creating ...
2023-03-14 08:39:18,465 [s2-impl-thread1] TRACE util.FileUtils (LogUtils.java:runAndLog(49)) - Successfully ran Files.createDirectories /home/runner/work/ratis/ratis/ratis-test/target/test/data/be523d36/MiniRaftClusterWithGrpcce1a277e/s2/f36edab9-02ec-4d78-8876-601f42c587ae
2023-03-14 08:39:18,466 [JvmPauseMonitor72] INFO  util.JvmPauseMonitor (JvmPauseMonitor.java:run(103)) - JvmPauseMonitor-s1: Started
2023-03-14 08:39:18,466 [s2-impl-thread1] INFO  storage.RaftStorageDirectory (RaftStorageDirectoryImpl.java:tryLock(232)) - Lock on /home/runner/work/ratis/ratis/ratis-test/target/test/data/be523d36/MiniRaftClusterWithGrpcce1a277e/s2/f36edab9-02ec-4d78-8876-601f42c587ae/in_use.lock acquired by nodename 10435@fv-az41-628
2023-03-14 08:39:18,466 [s2-impl-thread1] TRACE util.FileUtils (LogUtils.java:runAndLog(49)) - Successfully ran Files.createDirectories /home/runner/work/ratis/ratis/ratis-test/target/test/data/be523d36/MiniRaftClusterWithGrpcce1a277e/s2/f36edab9-02ec-4d78-8876-601f42c587ae/current
2023-03-14 08:39:18,466 [s2-impl-thread1] TRACE util.FileUtils (LogUtils.java:runAndLog(49)) - Successfully ran Files.createDirectories /home/runner/work/ratis/ratis/ratis-test/target/test/data/be523d36/MiniRaftClusterWithGrpcce1a277e/s2/f36edab9-02ec-4d78-8876-601f42c587ae/sm
2023-03-14 08:39:18,467 [s2-impl-thread1] INFO  storage.RaftStorage (RaftStorageImpl.java:format(96)) - Storage directory /home/runner/work/ratis/ratis/ratis-test/target/test/data/be523d36/MiniRaftClusterWithGrpcce1a277e/s2/f36edab9-02ec-4d78-8876-601f42c587ae has been successfully formatted.
2023-03-14 08:39:18,467 [s2-impl-thread1] INFO  server.RaftServerConfigKeys (ConfUtils.java:logGet(46)) - raft.server.log.use.memory = false (default)
2023-03-14 08:39:18,467 [s2-impl-thread1] INFO  server.RaftServerConfigKeys (ConfUtils.java:logGet(46)) - raft.server.log.purge.gap = 1024 (default)
2023-03-14 08:39:18,467 [s2-impl-thread1] INFO  server.RaftServerConfigKeys (ConfUtils.java:logGet(46)) - raft.server.log.appender.buffer.byte-limit = 4MB (=4194304) (default)
2023-03-14 08:39:18,467 [s2-impl-thread1] INFO  server.RaftServerConfigKeys (ConfUtils.java:logGet(46)) - raft.server.log.statemachine.data.read.timeout = 1000ms (default)
2023-03-14 08:39:18,467 [s2-impl-thread1] INFO  server.RaftServerConfigKeys (ConfUtils.java:logGet(46)) - raft.server.log.purge.preservation.log.num = 0 (default)
2023-03-14 08:39:18,467 [s2-impl-thread1] INFO  server.RaftServerConfigKeys (ConfUtils.java:logGet(46)) - raft.server.log.segment.size.max = 8MB (=8388608) (default)
2023-03-14 08:39:18,467 [s2-impl-thread1] INFO  server.RaftServerConfigKeys (ConfUtils.java:logGet(46)) - raft.server.log.segment.cache.num.max = 6 (default)
2023-03-14 08:39:18,467 [s2-impl-thread1] INFO  server.RaftServerConfigKeys (ConfUtils.java:logGet(46)) - raft.server.log.segment.cache.size.max = 200MB (=209715200) (default)
2023-03-14 08:39:18,467 [s2-impl-thread1] INFO  server.RaftServerConfigKeys (ConfUtils.java:logGet(46)) - raft.server.log.appender.buffer.byte-limit = 4MB (=4194304) (default)
2023-03-14 08:39:18,467 [s2-impl-thread1] INFO  segmented.SegmentedRaftLogWorker (SegmentedRaftLogWorker.java:<init>(183)) - new s2@group-601F42C587AE-SegmentedRaftLogWorker for RaftStorageImpl:Storage Directory /home/runner/work/ratis/ratis/ratis-test/target/test/data/be523d36/MiniRaftClusterWithGrpcce1a277e/s2/f36edab9-02ec-4d78-8876-601f42c587ae
2023-03-14 08:39:18,467 [s2-impl-thread1] INFO  server.RaftServerConfigKeys (ConfUtils.java:logGet(46)) - raft.server.log.queue.byte-limit = 64MB (=67108864) (default)
2023-03-14 08:39:18,467 [s2-impl-thread1] INFO  server.RaftServerConfigKeys (ConfUtils.java:logGet(46)) - raft.server.log.queue.element-limit = 4096 (default)
2023-03-14 08:39:18,467 [s2-impl-thread1] INFO  server.RaftServerConfigKeys (ConfUtils.java:logGet(46)) - raft.server.log.segment.size.max = 8MB (=8388608) (default)
2023-03-14 08:39:18,467 [s2-impl-thread1] INFO  server.RaftServerConfigKeys (ConfUtils.java:logGet(46)) - raft.server.log.preallocated.size = 4MB (=4194304) (default)
2023-03-14 08:39:18,468 [s2-impl-thread1] INFO  server.RaftServerConfigKeys (ConfUtils.java:logGet(46)) - raft.server.log.force.sync.num = 128 (default)
2023-03-14 08:39:18,468 [s2-impl-thread1] INFO  server.RaftServerConfigKeys (ConfUtils.java:logGet(46)) - raft.server.log.statemachine.data.sync = true (default)
2023-03-14 08:39:18,468 [s2-impl-thread1] INFO  server.RaftServerConfigKeys (ConfUtils.java:logGet(46)) - raft.server.log.statemachine.data.sync.timeout = 10s (default)
2023-03-14 08:39:18,468 [s2-impl-thread1] INFO  server.RaftServerConfigKeys (ConfUtils.java:logGet(46)) - raft.server.log.statemachine.data.sync.timeout.retry = -1 (default)
2023-03-14 08:39:18,468 [s2-impl-thread1] INFO  server.RaftServerConfigKeys (ConfUtils.java:logGet(46)) - raft.server.log.write.buffer.size = 64KB (=65536) (default)
2023-03-14 08:39:18,468 [s2-impl-thread1] INFO  server.RaftServerConfigKeys (ConfUtils.java:logGet(46)) - raft.server.log.appender.buffer.byte-limit = 4MB (=4194304) (default)
2023-03-14 08:39:18,468 [s2-impl-thread1] INFO  server.RaftServerConfigKeys (ConfUtils.java:logGet(46)) - raft.server.log.unsafe-flush.enabled = false (default)
2023-03-14 08:39:18,468 [s2-impl-thread1] INFO  server.RaftServerConfigKeys (ConfUtils.java:logGet(46)) - raft.server.log.async-flush.enabled = false (default)
2023-03-14 08:39:18,468 [s2-impl-thread1] INFO  server.RaftServerConfigKeys (ConfUtils.java:logGet(46)) - raft.server.log.statemachine.data.caching.enabled = false (default)
2023-03-14 08:39:18,468 [s2-impl-thread1] INFO  segmented.SegmentedRaftLogWorker (SegmentedRaftLogWorker.java:lambda$new$0(134)) - s2@group-601F42C587AE-SegmentedRaftLogWorker: flushIndex: setUnconditionally 0 -> -1
2023-03-14 08:39:18,468 [s2-impl-thread1] INFO  segmented.SegmentedRaftLogWorker (SegmentedRaftLogWorker.java:lambda$new$0(134)) - s2@group-601F42C587AE-SegmentedRaftLogWorker: safeCacheEvictIndex: setUnconditionally 0 -> -1
2023-03-14 08:39:18,468 [s2-impl-thread1] INFO  server.RaftServer$Division (RaftServerImpl.java:start(342)) - s2@group-601F42C587AE: start as a follower, conf=-1: peers:[s0|rpc:localhost:37053|admin:localhost:46553|client:localhost:45499|dataStream:localhost:39313|priority:0|startupRole:FOLLOWER, s1|priority:0|startupRole:FOLLOWER, s2|priority:0|startupRole:FOLLOWER]|listeners:[], old=null
2023-03-14 08:39:18,468 [s2-impl-thread1] INFO  server.RaftServer$Division (RaftServerImpl.java:setRole(329)) - s2@group-601F42C587AE: changes role from      null to FOLLOWER at term 0 for startAsFollower
2023-03-14 08:39:18,468 [s2-impl-thread1] INFO  impl.RoleInfo (RoleInfo.java:updateAndGet(139)) - s2: start s2@group-601F42C587AE-FollowerState
2023-03-14 08:39:18,472 [s2-impl-thread1] INFO  util.JmxRegister (JmxRegister.java:tryRegister(44)) - Successfully registered JMX Bean with object name Ratis:service=RaftServer,group=group-601F42C587AE,id=s2
2023-03-14 08:39:18,472 [s2-impl-thread1] INFO  server.RaftServerConfigKeys (ConfUtils.java:logGet(46)) - raft.server.snapshot.auto.trigger.enabled = false (default)
2023-03-14 08:39:18,472 [s2-impl-thread1] INFO  server.RaftServerConfigKeys (ConfUtils.java:logGet(46)) - raft.server.snapshot.retention.file.num = -1 (default)
2023-03-14 08:39:18,472 [s2-impl-thread1] INFO  server.RaftServerConfigKeys (ConfUtils.java:logGet(46)) - raft.server.log.purge.upto.snapshot.index = false (default)
2023-03-14 08:39:18,472 [s2@group-601F42C587AE-FollowerState] INFO  server.RaftServerConfigKeys (ConfUtils.java:logFallback(53)) - raft.server.rpc.first-election.timeout.min = 150ms (fallback to raft.server.rpc.timeout.min)
2023-03-14 08:39:18,473 [s2@group-601F42C587AE-FollowerState] INFO  server.RaftServerConfigKeys (ConfUtils.java:logFallback(53)) - raft.server.rpc.first-election.timeout.max = 300ms (fallback to raft.server.rpc.timeout.max)
2023-03-14 08:39:18,473 [Time-limited test] INFO  server.RaftServer (RaftServerProxy.java:startImpl(401)) - s2: start RPC server
2023-03-14 08:39:18,473 [Time-limited test] INFO  server.GrpcService (GrpcService.java:startImpl(302)) - s2: GrpcService started, listening on 38849
2023-03-14 08:39:18,473 [Time-limited test] INFO  grpc.TestRaftReconfigurationWithGrpc (RaftReconfigurationBaseTest.java:runTestBootstrapReconf(406)) - Start changing the configuration: [s1|rpc:0.0.0.0:39533|priority:0|startupRole:FOLLOWER, s2|rpc:0.0.0.0:38849|priority:0|startupRole:FOLLOWER, s0|rpc:localhost:37053|admin:localhost:46553|client:localhost:45499|dataStream:localhost:39313|priority:0|startupRole:FOLLOWER]
2023-03-14 08:39:18,473 [JvmPauseMonitor73] INFO  util.JvmPauseMonitor (JvmPauseMonitor.java:run(103)) - JvmPauseMonitor-s2: Started
2023-03-14 08:39:18,475 [s0-server-thread1] INFO  server.RaftServer$Division (RaftServerImpl.java:setConfigurationAsync(1197)) - s0@group-601F42C587AE: receive setConfiguration SetConfigurationRequest:client-ED1A43C046DC->s0@group-601F42C587AE, cid=119, seq=0, RW, null, SET_UNCONDITIONALLY, servers:[s1|rpc:0.0.0.0:39533|dataStream:|priority:0|startupRole:FOLLOWER, s2|rpc:0.0.0.0:38849|dataStream:|priority:0|startupRole:FOLLOWER, s0|rpc:localhost:37053|admin:localhost:46553|client:localhost:45499|dataStream:localhost:39313|priority:0|startupRole:FOLLOWER], listeners:[]
2023-03-14 08:39:18,475 [s0-server-thread1] INFO  server.RaftServer$Division (LeaderStateImpl.java:startSetConfiguration(440)) - s0@group-601F42C587AE-LeaderStateImpl: startSetConfiguration SetConfigurationRequest:client-ED1A43C046DC->s0@group-601F42C587AE, cid=119, seq=0, RW, null, SET_UNCONDITIONALLY, servers:[s1|rpc:0.0.0.0:39533|dataStream:|priority:0|startupRole:FOLLOWER, s2|rpc:0.0.0.0:38849|dataStream:|priority:0|startupRole:FOLLOWER, s0|rpc:localhost:37053|admin:localhost:46553|client:localhost:45499|dataStream:localhost:39313|priority:0|startupRole:FOLLOWER], listeners:[]
2023-03-14 08:39:18,476 [s0-server-thread1] INFO  server.RaftServerConfigKeys (ConfUtils.java:logGet(46)) - raft.server.log.appender.snapshot.chunk.size.max = 16MB (=16777216) (default)
2023-03-14 08:39:18,476 [s0-server-thread1] INFO  server.RaftServerConfigKeys (ConfUtils.java:logGet(46)) - raft.server.log.appender.buffer.byte-limit = 4MB (=4194304) (default)
2023-03-14 08:39:18,476 [s0-server-thread1] INFO  server.RaftServerConfigKeys (ConfUtils.java:logGet(46)) - raft.server.log.appender.buffer.element-limit = 0 (default)
2023-03-14 08:39:18,476 [s0-server-thread1] INFO  server.RaftServerConfigKeys (ConfUtils.java:logGet(46)) - raft.server.log.appender.wait-time.min = 10ms (default)
2023-03-14 08:39:18,477 [s0-server-thread1] INFO  grpc.GrpcConfigKeys (ConfUtils.java:logGet(46)) - raft.grpc.server.leader.outstanding.appends.max = 128 (default)
2023-03-14 08:39:18,477 [s0-server-thread1] INFO  server.RaftServerConfigKeys (ConfUtils.java:logGet(46)) - raft.server.rpc.request.timeout = 3000ms (default)
2023-03-14 08:39:18,477 [s0-server-thread1] INFO  server.RaftServerConfigKeys (ConfUtils.java:logGet(46)) - raft.server.log.appender.install.snapshot.enabled = true (default)
2023-03-14 08:39:18,477 [s0-server-thread1] INFO  grpc.GrpcConfigKeys (ConfUtils.java:logGet(46)) - raft.grpc.server.heartbeat.channel = true (default)
2023-03-14 08:39:18,477 [s0-server-thread1] INFO  server.RaftServerConfigKeys (ConfUtils.java:logGet(46)) - raft.server.log.appender.snapshot.chunk.size.max = 16MB (=16777216) (default)
2023-03-14 08:39:18,477 [s0-server-thread1] INFO  server.RaftServerConfigKeys (ConfUtils.java:logGet(46)) - raft.server.log.appender.buffer.byte-limit = 4MB (=4194304) (default)
2023-03-14 08:39:18,477 [s0-server-thread1] INFO  server.RaftServerConfigKeys (ConfUtils.java:logGet(46)) - raft.server.log.appender.buffer.element-limit = 0 (default)
2023-03-14 08:39:18,477 [s0-server-thread1] INFO  server.RaftServerConfigKeys (ConfUtils.java:logGet(46)) - raft.server.log.appender.wait-time.min = 10ms (default)
2023-03-14 08:39:18,477 [s0-server-thread1] INFO  grpc.GrpcConfigKeys (ConfUtils.java:logGet(46)) - raft.grpc.server.leader.outstanding.appends.max = 128 (default)
2023-03-14 08:39:18,477 [s0-server-thread1] INFO  server.RaftServerConfigKeys (ConfUtils.java:logGet(46)) - raft.server.rpc.request.timeout = 3000ms (default)
2023-03-14 08:39:18,477 [s0-server-thread1] INFO  server.RaftServerConfigKeys (ConfUtils.java:logGet(46)) - raft.server.log.appender.install.snapshot.enabled = true (default)
2023-03-14 08:39:18,477 [s0-server-thread1] INFO  grpc.GrpcConfigKeys (ConfUtils.java:logGet(46)) - raft.grpc.server.heartbeat.channel = true (default)
2023-03-14 08:39:18,480 [s0@group-601F42C587AE->s1-GrpcLogAppender-LogAppenderDaemon] INFO  leader.FollowerInfo (FollowerInfoImpl.java:setAttemptedToInstallSnapshot(126)) - Follower s0@group-601F42C587AE->s1 acknowledged installing snapshot
2023-03-14 08:39:18,480 [s0@group-601F42C587AE->s1-GrpcLogAppender-LogAppenderDaemon] INFO  server.GrpcServerProtocolClient (GrpcServerProtocolClient.java:<init>(64)) - Build channel for s1
2023-03-14 08:39:18,483 [s0@group-601F42C587AE->s2-GrpcLogAppender-LogAppenderDaemon] INFO  leader.FollowerInfo (FollowerInfoImpl.java:setAttemptedToInstallSnapshot(126)) - Follower s0@group-601F42C587AE->s2 acknowledged installing snapshot
2023-03-14 08:39:18,483 [s0@group-601F42C587AE->s2-GrpcLogAppender-LogAppenderDaemon] INFO  server.GrpcServerProtocolClient (GrpcServerProtocolClient.java:<init>(64)) - Build channel for s2
2023-03-14 08:39:18,488 [s1-server-thread1] INFO  server.RaftServer$Division (ServerState.java:setLeader(260)) - s1@group-601F42C587AE: change Leader from null to s0 at term 1 for appendEntries, leader elected after 29ms
2023-03-14 08:39:18,488 [s2-server-thread1] INFO  server.RaftServer$Division (ServerState.java:setLeader(260)) - s2@group-601F42C587AE: change Leader from null to s0 at term 1 for appendEntries, leader elected after 28ms
2023-03-14 08:39:18,493 [s1-server-thread2] DEBUG server.RaftServer$Division (RaftServerImpl.java:logAppendEntries(1430)) - s1@group-601F42C587AE: receive appendEntries(s0, 1, null, 40, false, commits:[s0:c40, s1:c-1, s2:c-1], cId:1, entries: [(t:1, i:0), CONFIGURATIONENTRY(current:id: "s0"
address: "localhost:37053"
dataStreamAddress: "localhost:39313"
clientAddress: "localhost:45499"
adminAddress: "localhost:46553"
startupRole: FOLLOWER
, old:), (t:1, i:1), STATEMACHINELOGENTRY, 99@client-ED1A43C046DC, (t:1, i:2), METADATAENTRY(c:1), (t:1, i:3), STATEMACHINELOGENTRY, 100@client-ED1A43C046DC, (t:1, i:4), METADATAENTRY(c:3), (t:1, i:5), STATEMACHINELOGENTRY, 101@client-ED1A43C046DC, (t:1, i:6), METADATAENTRY(c:5), (t:1, i:7), STATEMACHINELOGENTRY, 102@client-ED1A43C046DC, (t:1, i:8), METADATAENTRY(c:7), (t:1, i:9), STATEMACHINELOGENTRY, 103@client-ED1A43C046DC, (t:1, i:10), METADATAENTRY(c:9), (t:1, i:11), STATEMACHINELOGENTRY, 104@client-ED1A43C046DC, (t:1, i:12), METADATAENTRY(c:11), (t:1, i:13), STATEMACHINELOGENTRY, 105@client-ED1A43C046DC, (t:1, i:14), METADATAENTRY(c:13), (t:1, i:15), STATEMACHINELOGENTRY, 106@client-ED1A43C046DC, (t:1, i:16), METADATAENTRY(c:15), (t:1, i:17), STATEMACHINELOGENTRY, 107@client-ED1A43C046DC, (t:1, i:18), METADATAENTRY(c:17), (t:1, i:19), STATEMACHINELOGENTRY, 108@client-ED1A43C046DC, (t:1, i:20), METADATAENTRY(c:19), (t:1, i:21), STATEMACHINELOGENTRY, 109@client-ED1A43C046DC, (t:1, i:22), METADATAENTRY(c:21), (t:1, i:23), STATEMACHINELOGENTRY, 110@client-ED1A43C046DC, (t:1, i:24), METADATAENTRY(c:23), (t:1, i:25), STATEMACHINELOGENTRY, 111@client-ED1A43C046DC, (t:1, i:26), METADATAENTRY(c:25), (t:1, i:27), STATEMACHINELOGENTRY, 112@client-ED1A43C046DC, (t:1, i:28), METADATAENTRY(c:27), (t:1, i:29), STATEMACHINELOGENTRY, 113@client-ED1A43C046DC, (t:1, i:30), METADATAENTRY(c:29), (t:1, i:31), STATEMACHINELOGENTRY, 114@client-ED1A43C046DC, (t:1, i:32), METADATAENTRY(c:31), (t:1, i:33), STATEMACHINELOGENTRY, 115@client-ED1A43C046DC, (t:1, i:34), METADATAENTRY(c:33), (t:1, i:35), STATEMACHINELOGENTRY, 116@client-ED1A43C046DC, (t:1, i:36), METADATAENTRY(c:35), (t:1, i:37), STATEMACHINELOGENTRY, 117@client-ED1A43C046DC, (t:1, i:38), METADATAENTRY(c:37), (t:1, i:39), STATEMACHINELOGENTRY, 118@client-ED1A43C046DC, (t:1, i:40), METADATAENTRY(c:39)]
2023-03-14 08:39:18,493 [s1-server-thread2] INFO  server.RaftServer$Division (ServerState.java:setRaftConf(378)) - s1@group-601F42C587AE: set configuration 0: peers:[s0|rpc:localhost:37053|admin:localhost:46553|client:localhost:45499|dataStream:localhost:39313|priority:0|startupRole:FOLLOWER]|listeners:[], old=null
2023-03-14 08:39:18,493 [s1-server-thread2] INFO  segmented.SegmentedRaftLogWorker (SegmentedRaftLogWorker.java:startLogSegment(426)) - s1@group-601F42C587AE-SegmentedRaftLogWorker: Starting segment from index:0
2023-03-14 08:39:18,501 [s2-server-thread2] DEBUG server.RaftServer$Division (RaftServerImpl.java:logAppendEntries(1430)) - s2@group-601F42C587AE: receive appendEntries(s0, 1, null, 40, false, commits:[s0:c40, s1:c-1, s2:c-1], cId:1, entries: [(t:1, i:0), CONFIGURATIONENTRY(current:id: "s0"
address: "localhost:37053"
dataStreamAddress: "localhost:39313"
clientAddress: "localhost:45499"
adminAddress: "localhost:46553"
startupRole: FOLLOWER
, old:), (t:1, i:1), STATEMACHINELOGENTRY, 99@client-ED1A43C046DC, (t:1, i:2), METADATAENTRY(c:1), (t:1, i:3), STATEMACHINELOGENTRY, 100@client-ED1A43C046DC, (t:1, i:4), METADATAENTRY(c:3), (t:1, i:5), STATEMACHINELOGENTRY, 101@client-ED1A43C046DC, (t:1, i:6), METADATAENTRY(c:5), (t:1, i:7), STATEMACHINELOGENTRY, 102@client-ED1A43C046DC, (t:1, i:8), METADATAENTRY(c:7), (t:1, i:9), STATEMACHINELOGENTRY, 103@client-ED1A43C046DC, (t:1, i:10), METADATAENTRY(c:9), (t:1, i:11), STATEMACHINELOGENTRY, 104@client-ED1A43C046DC, (t:1, i:12), METADATAENTRY(c:11), (t:1, i:13), STATEMACHINELOGENTRY, 105@client-ED1A43C046DC, (t:1, i:14), METADATAENTRY(c:13), (t:1, i:15), STATEMACHINELOGENTRY, 106@client-ED1A43C046DC, (t:1, i:16), METADATAENTRY(c:15), (t:1, i:17), STATEMACHINELOGENTRY, 107@client-ED1A43C046DC, (t:1, i:18), METADATAENTRY(c:17), (t:1, i:19), STATEMACHINELOGENTRY, 108@client-ED1A43C046DC, (t:1, i:20), METADATAENTRY(c:19), (t:1, i:21), STATEMACHINELOGENTRY, 109@client-ED1A43C046DC, (t:1, i:22), METADATAENTRY(c:21), (t:1, i:23), STATEMACHINELOGENTRY, 110@client-ED1A43C046DC, (t:1, i:24), METADATAENTRY(c:23), (t:1, i:25), STATEMACHINELOGENTRY, 111@client-ED1A43C046DC, (t:1, i:26), METADATAENTRY(c:25), (t:1, i:27), STATEMACHINELOGENTRY, 112@client-ED1A43C046DC, (t:1, i:28), METADATAENTRY(c:27), (t:1, i:29), STATEMACHINELOGENTRY, 113@client-ED1A43C046DC, (t:1, i:30), METADATAENTRY(c:29), (t:1, i:31), STATEMACHINELOGENTRY, 114@client-ED1A43C046DC, (t:1, i:32), METADATAENTRY(c:31), (t:1, i:33), STATEMACHINELOGENTRY, 115@client-ED1A43C046DC, (t:1, i:34), METADATAENTRY(c:33), (t:1, i:35), STATEMACHINELOGENTRY, 116@client-ED1A43C046DC, (t:1, i:36), METADATAENTRY(c:35), (t:1, i:37), STATEMACHINELOGENTRY, 117@client-ED1A43C046DC, (t:1, i:38), METADATAENTRY(c:37), (t:1, i:39), STATEMACHINELOGENTRY, 118@client-ED1A43C046DC, (t:1, i:40), METADATAENTRY(c:39)]
2023-03-14 08:39:18,502 [s2-server-thread2] INFO  server.RaftServer$Division (ServerState.java:setRaftConf(378)) - s2@group-601F42C587AE: set configuration 0: peers:[s0|rpc:localhost:37053|admin:localhost:46553|client:localhost:45499|dataStream:localhost:39313|priority:0|startupRole:FOLLOWER]|listeners:[], old=null
2023-03-14 08:39:18,502 [s2-server-thread2] INFO  segmented.SegmentedRaftLogWorker (SegmentedRaftLogWorker.java:startLogSegment(426)) - s2@group-601F42C587AE-SegmentedRaftLogWorker: Starting segment from index:0
2023-03-14 08:39:18,518 [s1@group-601F42C587AE-SegmentedRaftLogWorker] INFO  segmented.SegmentedRaftLogWorker (SegmentedRaftLogWorker.java:execute(630)) - s1@group-601F42C587AE-SegmentedRaftLogWorker: created new log segment /home/runner/work/ratis/ratis/ratis-test/target/test/data/be523d36/MiniRaftClusterWithGrpcce1a277e/s1/f36edab9-02ec-4d78-8876-601f42c587ae/current/log_inprogress_0
2023-03-14 08:39:18,519 [s2@group-601F42C587AE-SegmentedRaftLogWorker] INFO  segmented.SegmentedRaftLogWorker (SegmentedRaftLogWorker.java:execute(630)) - s2@group-601F42C587AE-SegmentedRaftLogWorker: created new log segment /home/runner/work/ratis/ratis/ratis-test/target/test/data/be523d36/MiniRaftClusterWithGrpcce1a277e/s2/f36edab9-02ec-4d78-8876-601f42c587ae/current/log_inprogress_0
2023-03-14 08:39:18,520 [s1-server-thread2] DEBUG server.RaftServer$Division (RaftServerImpl.java:logAppendEntries(1430)) - s1@group-601F42C587AE: succeeded to handle AppendEntries. Reply: s0<-s1#1:OK-t1,SUCCESS,nextIndex=41,followerCommit=40,matchIndex=40
2023-03-14 08:39:18,522 [s2-server-thread2] DEBUG server.RaftServer$Division (RaftServerImpl.java:logAppendEntries(1430)) - s2@group-601F42C587AE: succeeded to handle AppendEntries. Reply: s0<-s2#1:OK-t1,SUCCESS,nextIndex=41,followerCommit=40,matchIndex=40
2023-03-14 08:39:18,533 [s0@group-601F42C587AE-LeaderStateImpl] INFO  server.RaftServer$Division (ServerState.java:setRaftConf(378)) - s0@group-601F42C587AE: set configuration 41: peers:[s0|rpc:localhost:37053|admin:localhost:46553|client:localhost:45499|dataStream:localhost:39313|priority:0|startupRole:FOLLOWER, s1|rpc:0.0.0.0:39533|dataStream:|priority:0|startupRole:FOLLOWER, s2|rpc:0.0.0.0:38849|dataStream:|priority:0|startupRole:FOLLOWER]|listeners:[], old=peers:[s0|rpc:localhost:37053|admin:localhost:46553|client:localhost:45499|dataStream:localhost:39313|priority:0|startupRole:FOLLOWER]|listeners:[]
2023-03-14 08:39:18,533 [s2-server-thread2] DEBUG server.RaftServer$Division (RaftServerImpl.java:logAppendEntries(1430)) - s2@group-601F42C587AE: receive appendEntries(s0, 1, (t:1, i:40), 40, true, commits:[s0:c40, s1:c40, s2:c40], cId:6581, entries: [(t:1, i:41), CONFIGURATIONENTRY(current:id: "s0"
address: "localhost:37053"
dataStreamAddress: "localhost:39313"
clientAddress: "localhost:45499"
adminAddress: "localhost:46553"
startupRole: FOLLOWER
,id: "s1"
address: "0.0.0.0:39533"
clientAddress: "0.0.0.0:39533"
adminAddress: "0.0.0.0:39533"
startupRole: FOLLOWER
,id: "s2"
address: "0.0.0.0:38849"
clientAddress: "0.0.0.0:38849"
adminAddress: "0.0.0.0:38849"
startupRole: FOLLOWER
, old:id: "s0"
address: "localhost:37053"
dataStreamAddress: "localhost:39313"
clientAddress: "localhost:45499"
adminAddress: "localhost:46553"
startupRole: FOLLOWER
)]
2023-03-14 08:39:18,533 [s1-server-thread2] DEBUG server.RaftServer$Division (RaftServerImpl.java:logAppendEntries(1430)) - s1@group-601F42C587AE: receive appendEntries(s0, 1, (t:1, i:40), 40, false, commits:[s0:c40, s1:c40, s2:c40], cId:7218, entries: [(t:1, i:41), CONFIGURATIONENTRY(current:id: "s0"
address: "localhost:37053"
dataStreamAddress: "localhost:39313"
clientAddress: "localhost:45499"
adminAddress: "localhost:46553"
startupRole: FOLLOWER
,id: "s1"
address: "0.0.0.0:39533"
clientAddress: "0.0.0.0:39533"
adminAddress: "0.0.0.0:39533"
startupRole: FOLLOWER
,id: "s2"
address: "0.0.0.0:38849"
clientAddress: "0.0.0.0:38849"
adminAddress: "0.0.0.0:38849"
startupRole: FOLLOWER
, old:id: "s0"
address: "localhost:37053"
dataStreamAddress: "localhost:39313"
clientAddress: "localhost:45499"
adminAddress: "localhost:46553"
startupRole: FOLLOWER
)]
2023-03-14 08:39:18,533 [s2-server-thread2] INFO  server.RaftServer$Division (ServerState.java:setRaftConf(378)) - s2@group-601F42C587AE: set configuration 41: peers:[s0|rpc:localhost:37053|admin:localhost:46553|client:localhost:45499|dataStream:localhost:39313|priority:0|startupRole:FOLLOWER, s1|rpc:0.0.0.0:39533|dataStream:|priority:0|startupRole:FOLLOWER, s2|rpc:0.0.0.0:38849|dataStream:|priority:0|startupRole:FOLLOWER]|listeners:[], old=peers:[s0|rpc:localhost:37053|admin:localhost:46553|client:localhost:45499|dataStream:localhost:39313|priority:0|startupRole:FOLLOWER]|listeners:[]
2023-03-14 08:39:18,533 [s1-server-thread2] INFO  server.RaftServer$Division (ServerState.java:setRaftConf(378)) - s1@group-601F42C587AE: set configuration 41: peers:[s0|rpc:localhost:37053|admin:localhost:46553|client:localhost:45499|dataStream:localhost:39313|priority:0|startupRole:FOLLOWER, s1|rpc:0.0.0.0:39533|dataStream:|priority:0|startupRole:FOLLOWER, s2|rpc:0.0.0.0:38849|dataStream:|priority:0|startupRole:FOLLOWER]|listeners:[], old=peers:[s0|rpc:localhost:37053|admin:localhost:46553|client:localhost:45499|dataStream:localhost:39313|priority:0|startupRole:FOLLOWER]|listeners:[]
2023-03-14 08:39:18,534 [s2-server-thread2] DEBUG server.RaftServer$Division (RaftServerImpl.java:logAppendEntries(1430)) - s2@group-601F42C587AE: succeeded to handle AppendEntries. Reply: s0<-s2#6581:OK-t1,SUCCESS,nextIndex=42,followerCommit=40,matchIndex=41
2023-03-14 08:39:18,534 [s1-server-thread2] DEBUG server.RaftServer$Division (RaftServerImpl.java:logAppendEntries(1430)) - s1@group-601F42C587AE: succeeded to handle AppendEntries. Reply: s0<-s1#7218:OK-t1,SUCCESS,nextIndex=42,followerCommit=40,matchIndex=41
2023-03-14 08:39:18,534 [s0@group-601F42C587AE-LeaderStateImpl] INFO  server.RaftServer$Division (ServerState.java:setRaftConf(378)) - s0@group-601F42C587AE: set configuration 43: peers:[s0|rpc:localhost:37053|admin:localhost:46553|client:localhost:45499|dataStream:localhost:39313|priority:0|startupRole:FOLLOWER, s1|rpc:0.0.0.0:39533|dataStream:|priority:0|startupRole:FOLLOWER, s2|rpc:0.0.0.0:38849|dataStream:|priority:0|startupRole:FOLLOWER]|listeners:[], old=null
2023-03-14 08:39:18,543 [s2-server-thread2] DEBUG server.RaftServer$Division (RaftServerImpl.java:logAppendEntries(1430)) - s2@group-601F42C587AE: receive appendEntries(s0, 1, (t:1, i:41), 41, true, commits:[s0:c41, s1:c40, s2:c40], cId:6582, entries: [(t:1, i:42), METADATAENTRY(c:41), (t:1, i:43), CONFIGURATIONENTRY(current:id: "s0"
address: "localhost:37053"
dataStreamAddress: "localhost:39313"
clientAddress: "localhost:45499"
adminAddress: "localhost:46553"
startupRole: FOLLOWER
,id: "s1"
address: "0.0.0.0:39533"
clientAddress: "0.0.0.0:39533"
adminAddress: "0.0.0.0:39533"
startupRole: FOLLOWER
,id: "s2"
address: "0.0.0.0:38849"
clientAddress: "0.0.0.0:38849"
adminAddress: "0.0.0.0:38849"
startupRole: FOLLOWER
, old:)]
2023-03-14 08:39:18,543 [s2-server-thread2] INFO  server.RaftServer$Division (ServerState.java:setRaftConf(378)) - s2@group-601F42C587AE: set configuration 43: peers:[s0|rpc:localhost:37053|admin:localhost:46553|client:localhost:45499|dataStream:localhost:39313|priority:0|startupRole:FOLLOWER, s1|rpc:0.0.0.0:39533|dataStream:|priority:0|startupRole:FOLLOWER, s2|rpc:0.0.0.0:38849|dataStream:|priority:0|startupRole:FOLLOWER]|listeners:[], old=null
2023-03-14 08:39:18,544 [s2-server-thread2] DEBUG server.RaftServer$Division (RaftServerImpl.java:logAppendEntries(1430)) - s2@group-601F42C587AE: succeeded to handle AppendEntries. Reply: s0<-s2#6582:OK-t1,SUCCESS,nextIndex=44,followerCommit=41,matchIndex=43
2023-03-14 08:39:18,545 [s1-server-thread2] DEBUG server.RaftServer$Division (RaftServerImpl.java:logAppendEntries(1430)) - s1@group-601F42C587AE: receive appendEntries(s0, 1, (t:1, i:41), 43, true, commits:[s0:c43, s1:c40, s2:c41], cId:7219, entries: [(t:1, i:42), METADATAENTRY(c:41), (t:1, i:43), CONFIGURATIONENTRY(current:id: "s0"
address: "localhost:37053"
dataStreamAddress: "localhost:39313"
clientAddress: "localhost:45499"
adminAddress: "localhost:46553"
startupRole: FOLLOWER
,id: "s1"
address: "0.0.0.0:39533"
clientAddress: "0.0.0.0:39533"
adminAddress: "0.0.0.0:39533"
startupRole: FOLLOWER
,id: "s2"
address: "0.0.0.0:38849"
clientAddress: "0.0.0.0:38849"
adminAddress: "0.0.0.0:38849"
startupRole: FOLLOWER
, old:), (t:1, i:44), METADATAENTRY(c:43)]
2023-03-14 08:39:18,546 [s1-server-thread2] INFO  server.RaftServer$Division (ServerState.java:setRaftConf(378)) - s1@group-601F42C587AE: set configuration 43: peers:[s0|rpc:localhost:37053|admin:localhost:46553|client:localhost:45499|dataStream:localhost:39313|priority:0|startupRole:FOLLOWER, s1|rpc:0.0.0.0:39533|dataStream:|priority:0|startupRole:FOLLOWER, s2|rpc:0.0.0.0:38849|dataStream:|priority:0|startupRole:FOLLOWER]|listeners:[], old=null
2023-03-14 08:39:18,546 [s1-server-thread2] DEBUG server.RaftServer$Division (RaftServerImpl.java:logAppendEntries(1430)) - s1@group-601F42C587AE: succeeded to handle AppendEntries. Reply: s0<-s1#7219:OK-t1,SUCCESS,nextIndex=45,followerCommit=43,matchIndex=44
2023-03-14 08:39:18,554 [s2-server-thread2] DEBUG server.RaftServer$Division (RaftServerImpl.java:logAppendEntries(1430)) - s2@group-601F42C587AE: receive appendEntries(s0, 1, (t:1, i:43), 43, true, commits:[s0:c43, s1:c40, s2:c41], cId:6583, entries: [(t:1, i:44), METADATAENTRY(c:43)]
2023-03-14 08:39:18,554 [s2-server-thread2] DEBUG server.RaftServer$Division (RaftServerImpl.java:logAppendEntries(1430)) - s2@group-601F42C587AE: succeeded to handle AppendEntries. Reply: s0<-s2#6583:OK-t1,SUCCESS,nextIndex=45,followerCommit=43,matchIndex=44
2023-03-14 08:39:19,473 [Time-limited test] INFO  grpc.TestRaftReconfigurationWithGrpc (RaftReconfigurationBaseTest.java:runTestBootstrapReconf(423)) - start new peer(s): s1|rpc:0.0.0.0:39533|priority:0|startupRole:FOLLOWER
2023-03-14 08:39:19,474 [Time-limited test] INFO  impl.MiniRaftCluster (MiniRaftCluster.java:killServer(533)) - killServer s1
2023-03-14 08:39:19,474 [Time-limited test] INFO  server.RaftServer (RaftServerProxy.java:lambda$close$7(417)) - s1: close
2023-03-14 08:39:19,474 [Time-limited test] INFO  server.GrpcService (GrpcService.java:closeImpl(311)) - s1: shutdown server GrpcServerProtocolService now
2023-03-14 08:39:19,474 [s1-impl-thread1] INFO  server.RaftServer$Division (RaftServerImpl.java:lambda$close$4(466)) - s1@group-601F42C587AE: shutdown
2023-03-14 08:39:19,474 [s1-impl-thread1] INFO  util.JmxRegister (JmxRegister.java:unregister(73)) - Successfully un-registered JMX Bean with object name Ratis:service=RaftServer,group=group-601F42C587AE,id=s1
2023-03-14 08:39:19,474 [s1-impl-thread1] INFO  impl.RoleInfo (RoleInfo.java:shutdownFollowerState(110)) - s1: shutdown s1@group-601F42C587AE-FollowerState
2023-03-14 08:39:19,474 [s1-impl-thread1] INFO  impl.StateMachineUpdater (StateMachineUpdater.java:stopAndJoin(154)) - s1@group-601F42C587AE-StateMachineUpdater: set stopIndex = 44
2023-03-14 08:39:19,474 [s1@group-601F42C587AE-FollowerState] INFO  impl.FollowerState (FollowerState.java:run(152)) - s1@group-601F42C587AE-FollowerState was interrupted
2023-03-14 08:39:19,475 [s1-impl-thread1] INFO  server.RaftServer$Division (ServerState.java:close(414)) - s1@group-601F42C587AE: applyIndex: 44
2023-03-14 08:39:19,476 [grpc-default-executor-1] WARN  server.GrpcServerProtocolService (LogUtils.java:warn(122)) - s1: APPEND_ENTRIES onError, lastRequest: s0->s1#7219-t1,previous=(t:1, i:41),leaderCommit=43,initializing? true,entries: size=3, first=(t:1, i:42), METADATAENTRY(c:41): org.apache.ratis.thirdparty.io.grpc.StatusRuntimeException: CANCELLED: client cancelled
2023-03-14 08:39:19,477 [grpc-default-executor-7] WARN  server.GrpcLogAppender (LogUtils.java:warn(122)) - s0@group-601F42C587AE->s1-AppendLogResponseHandler: Failed appendEntries: org.apache.ratis.thirdparty.io.grpc.StatusRuntimeException: CANCELLED: RST_STREAM closed stream. HTTP/2 error code: CANCEL
2023-03-14 08:39:19,477 [grpc-default-executor-0] WARN  server.GrpcServerProtocolService (LogUtils.java:warn(122)) - s1: APPEND_ENTRIES onError, lastRequest: null: org.apache.ratis.thirdparty.io.grpc.StatusRuntimeException: CANCELLED: client cancelled
2023-03-14 08:39:19,477 [grpc-default-executor-7] INFO  leader.FollowerInfo (FollowerInfoImpl.java:lambda$new$0(52)) - s0@group-601F42C587AE->s1: decreaseNextIndex nextIndex: updateUnconditionally 45 -> 44
2023-03-14 08:39:19,477 [grpc-default-executor-1] WARN  server.GrpcLogAppender (LogUtils.java:warn(122)) - s0@group-601F42C587AE->s1-AppendLogResponseHandler: Failed appendEntries: org.apache.ratis.thirdparty.io.grpc.StatusRuntimeException: CANCELLED: RST_STREAM closed stream. HTTP/2 error code: CANCEL
2023-03-14 08:39:19,477 [grpc-default-executor-1] INFO  leader.FollowerInfo (FollowerInfoImpl.java:lambda$new$0(52)) - s0@group-601F42C587AE->s1: decreaseNextIndex nextIndex: updateUnconditionally 44 -> 43
2023-03-14 08:39:19,477 [grpc-default-executor-1] WARN  server.GrpcLogAppender (LogUtils.java:warn(122)) - s0@group-601F42C587AE->s1-AppendLogResponseHandler: Failed appendEntries: org.apache.ratis.thirdparty.io.grpc.StatusRuntimeException: UNAVAILABLE: io exception
2023-03-14 08:39:19,478 [grpc-default-executor-7] WARN  server.GrpcLogAppender (LogUtils.java:warn(122)) - s0@group-601F42C587AE->s1-AppendLogResponseHandler: Failed appendEntries: org.apache.ratis.thirdparty.io.grpc.StatusRuntimeException: UNAVAILABLE: io exception
2023-03-14 08:39:19,478 [grpc-default-executor-1] INFO  leader.FollowerInfo (FollowerInfoImpl.java:lambda$new$0(52)) - s0@group-601F42C587AE->s1: decreaseNextIndex nextIndex: updateUnconditionally 45 -> 44
2023-03-14 08:39:19,478 [grpc-default-executor-7] INFO  leader.FollowerInfo (FollowerInfoImpl.java:lambda$new$0(52)) - s0@group-601F42C587AE->s1: decreaseNextIndex nextIndex: updateUnconditionally 44 -> 43
2023-03-14 08:39:19,479 [grpc-default-executor-7] WARN  server.GrpcLogAppender (LogUtils.java:warn(122)) - s0@group-601F42C587AE->s1-AppendLogResponseHandler: Failed appendEntries: org.apache.ratis.thirdparty.io.grpc.StatusRuntimeException: UNAVAILABLE: io exception
2023-03-14 08:39:19,479 [grpc-default-executor-1] WARN  server.GrpcLogAppender (LogUtils.java:warn(122)) - s0@group-601F42C587AE->s1-AppendLogResponseHandler: Failed appendEntries: org.apache.ratis.thirdparty.io.grpc.StatusRuntimeException: UNAVAILABLE: io exception
2023-03-14 08:39:19,479 [grpc-default-executor-7] INFO  leader.FollowerInfo (FollowerInfoImpl.java:lambda$new$0(52)) - s0@group-601F42C587AE->s1: decreaseNextIndex nextIndex: updateUnconditionally 45 -> 44
2023-03-14 08:39:19,479 [grpc-default-executor-1] INFO  leader.FollowerInfo (FollowerInfoImpl.java:lambda$new$0(52)) - s0@group-601F42C587AE->s1: decreaseNextIndex nextIndex: updateUnconditionally 44 -> 43
2023-03-14 08:39:19,479 [grpc-default-executor-1] WARN  server.GrpcLogAppender (LogUtils.java:warn(122)) - s0@group-601F42C587AE->s1-AppendLogResponseHandler: Failed appendEntries: org.apache.ratis.thirdparty.io.grpc.StatusRuntimeException: UNAVAILABLE: io exception
2023-03-14 08:39:19,479 [grpc-default-executor-7] WARN  server.GrpcLogAppender (LogUtils.java:warn(122)) - s0@group-601F42C587AE->s1-AppendLogResponseHandler: Failed appendEntries: org.apache.ratis.thirdparty.io.grpc.StatusRuntimeException: UNAVAILABLE: io exception
2023-03-14 08:39:19,480 [grpc-default-executor-1] INFO  leader.FollowerInfo (FollowerInfoImpl.java:lambda$new$0(52)) - s0@group-601F42C587AE->s1: decreaseNextIndex nextIndex: updateUnconditionally 45 -> 44
2023-03-14 08:39:19,480 [grpc-default-executor-7] INFO  leader.FollowerInfo (FollowerInfoImpl.java:lambda$new$0(52)) - s0@group-601F42C587AE->s1: decreaseNextIndex nextIndex: updateUnconditionally 44 -> 43
2023-03-14 08:39:19,480 [grpc-default-executor-7] WARN  server.GrpcLogAppender (LogUtils.java:warn(122)) - s0@group-601F42C587AE->s1-AppendLogResponseHandler: Failed appendEntries: org.apache.ratis.thirdparty.io.grpc.StatusRuntimeException: UNAVAILABLE: io exception
2023-03-14 08:39:19,480 [grpc-default-executor-1] WARN  server.GrpcLogAppender (LogUtils.java:warn(122)) - s0@group-601F42C587AE->s1-AppendLogResponseHandler: Failed appendEntries: org.apache.ratis.thirdparty.io.grpc.StatusRuntimeException: UNAVAILABLE: io exception
2023-03-14 08:39:19,481 [grpc-default-executor-7] INFO  leader.FollowerInfo (FollowerInfoImpl.java:lambda$new$0(52)) - s0@group-601F42C587AE->s1: decreaseNextIndex nextIndex: updateUnconditionally 45 -> 44
2023-03-14 08:39:19,481 [grpc-default-executor-1] INFO  leader.FollowerInfo (FollowerInfoImpl.java:lambda$new$0(52)) - s0@group-601F42C587AE->s1: decreaseNextIndex nextIndex: updateUnconditionally 44 -> 43
2023-03-14 08:39:19,481 [grpc-default-executor-1] WARN  server.GrpcLogAppender (LogUtils.java:warn(122)) - s0@group-601F42C587AE->s1-AppendLogResponseHandler: Failed appendEntries: org.apache.ratis.thirdparty.io.grpc.StatusRuntimeException: UNAVAILABLE: io exception
2023-03-14 08:39:19,481 [grpc-default-executor-7] WARN  server.GrpcLogAppender (LogUtils.java:warn(122)) - s0@group-601F42C587AE->s1-AppendLogResponseHandler: Failed appendEntries: org.apache.ratis.thirdparty.io.grpc.StatusRuntimeException: UNAVAILABLE: io exception
2023-03-14 08:39:19,481 [grpc-default-executor-1] INFO  leader.FollowerInfo (FollowerInfoImpl.java:lambda$new$0(52)) - s0@group-601F42C587AE->s1: decreaseNextIndex nextIndex: updateUnconditionally 45 -> 44
2023-03-14 08:39:19,482 [grpc-default-executor-7] INFO  leader.FollowerInfo (FollowerInfoImpl.java:lambda$new$0(52)) - s0@group-601F42C587AE->s1: decreaseNextIndex nextIndex: updateUnconditionally 44 -> 43
2023-03-14 08:39:19,482 [grpc-default-executor-7] WARN  server.GrpcLogAppender (LogUtils.java:warn(122)) - s0@group-601F42C587AE->s1-AppendLogResponseHandler: Failed appendEntries: org.apache.ratis.thirdparty.io.grpc.StatusRuntimeException: UNAVAILABLE: io exception
2023-03-14 08:39:19,482 [grpc-default-executor-1] WARN  server.GrpcLogAppender (LogUtils.java:warn(122)) - s0@group-601F42C587AE->s1-AppendLogResponseHandler: Failed appendEntries: org.apache.ratis.thirdparty.io.grpc.StatusRuntimeException: UNAVAILABLE: io exception
2023-03-14 08:39:19,482 [grpc-default-executor-7] INFO  leader.FollowerInfo (FollowerInfoImpl.java:lambda$new$0(52)) - s0@group-601F42C587AE->s1: decreaseNextIndex nextIndex: updateUnconditionally 45 -> 44
2023-03-14 08:39:19,482 [grpc-default-executor-1] INFO  leader.FollowerInfo (FollowerInfoImpl.java:lambda$new$0(52)) - s0@group-601F42C587AE->s1: decreaseNextIndex nextIndex: updateUnconditionally 44 -> 43
2023-03-14 08:39:19,482 [grpc-default-executor-1] WARN  server.GrpcLogAppender (LogUtils.java:warn(122)) - s0@group-601F42C587AE->s1-AppendLogResponseHandler: Failed appendEntries: org.apache.ratis.thirdparty.io.grpc.StatusRuntimeException: UNAVAILABLE: io exception
2023-03-14 08:39:19,483 [grpc-default-executor-7] WARN  server.GrpcLogAppender (LogUtils.java:warn(122)) - s0@group-601F42C587AE->s1-AppendLogResponseHandler: Failed appendEntries: org.apache.ratis.thirdparty.io.grpc.StatusRuntimeException: UNAVAILABLE: io exception
2023-03-14 08:39:19,483 [grpc-default-executor-1] INFO  leader.FollowerInfo (FollowerInfoImpl.java:lambda$new$0(52)) - s0@group-601F42C587AE->s1: decreaseNextIndex nextIndex: updateUnconditionally 45 -> 44
2023-03-14 08:39:19,483 [grpc-default-executor-7] INFO  leader.FollowerInfo (FollowerInfoImpl.java:lambda$new$0(52)) - s0@group-601F42C587AE->s1: decreaseNextIndex nextIndex: updateUnconditionally 44 -> 43
2023-03-14 08:39:19,483 [grpc-default-executor-7] WARN  server.GrpcLogAppender (LogUtils.java:warn(122)) - s0@group-601F42C587AE->s1-AppendLogResponseHandler: Failed appendEntries: org.apache.ratis.thirdparty.io.grpc.StatusRuntimeException: UNAVAILABLE: io exception
2023-03-14 08:39:19,483 [grpc-default-executor-1] WARN  server.GrpcLogAppender (LogUtils.java:warn(122)) - s0@group-601F42C587AE->s1-AppendLogResponseHandler: Failed appendEntries: org.apache.ratis.thirdparty.io.grpc.StatusRuntimeException: UNAVAILABLE: io exception
2023-03-14 08:39:19,484 [grpc-default-executor-7] INFO  leader.FollowerInfo (FollowerInfoImpl.java:lambda$new$0(52)) - s0@group-601F42C587AE->s1: decreaseNextIndex nextIndex: updateUnconditionally 45 -> 44
2023-03-14 08:39:19,484 [grpc-default-executor-1] INFO  leader.FollowerInfo (FollowerInfoImpl.java:lambda$new$0(52)) - s0@group-601F42C587AE->s1: decreaseNextIndex nextIndex: updateUnconditionally 44 -> 43
2023-03-14 08:39:19,484 [grpc-default-executor-1] WARN  server.GrpcLogAppender (LogUtils.java:warn(122)) - s0@group-601F42C587AE->s1-AppendLogResponseHandler: Failed appendEntries: org.apache.ratis.thirdparty.io.grpc.StatusRuntimeException: UNAVAILABLE: io exception
2023-03-14 08:39:19,484 [grpc-default-executor-7] WARN  server.GrpcLogAppender (LogUtils.java:warn(122)) - s0@group-601F42C587AE->s1-AppendLogResponseHandler: Failed appendEntries: org.apache.ratis.thirdparty.io.grpc.StatusRuntimeException: UNAVAILABLE: io exception
2023-03-14 08:39:19,484 [grpc-default-executor-1] INFO  leader.FollowerInfo (FollowerInfoImpl.java:lambda$new$0(52)) - s0@group-601F42C587AE->s1: decreaseNextIndex nextIndex: updateUnconditionally 45 -> 44
2023-03-14 08:39:19,485 [grpc-default-executor-7] INFO  leader.FollowerInfo (FollowerInfoImpl.java:lambda$new$0(52)) - s0@group-601F42C587AE->s1: decreaseNextIndex nextIndex: updateUnconditionally 44 -> 43
2023-03-14 08:39:19,485 [grpc-default-executor-7] WARN  server.GrpcLogAppender (LogUtils.java:warn(122)) - s0@group-601F42C587AE->s1-AppendLogResponseHandler: Failed appendEntries: org.apache.ratis.thirdparty.io.grpc.StatusRuntimeException: UNAVAILABLE: io exception
2023-03-14 08:39:19,485 [grpc-default-executor-1] WARN  server.GrpcLogAppender (LogUtils.java:warn(122)) - s0@group-601F42C587AE->s1-AppendLogResponseHandler: Failed appendEntries: org.apache.ratis.thirdparty.io.grpc.StatusRuntimeException: UNAVAILABLE: io exception
2023-03-14 08:39:19,485 [grpc-default-executor-7] INFO  leader.FollowerInfo (FollowerInfoImpl.java:lambda$new$0(52)) - s0@group-601F42C587AE->s1: decreaseNextIndex nextIndex: updateUnconditionally 45 -> 44
2023-03-14 08:39:19,485 [grpc-default-executor-1] INFO  leader.FollowerInfo (FollowerInfoImpl.java:lambda$new$0(52)) - s0@group-601F42C587AE->s1: decreaseNextIndex nextIndex: updateUnconditionally 44 -> 43
2023-03-14 08:39:19,485 [grpc-default-executor-1] WARN  server.GrpcLogAppender (LogUtils.java:warn(122)) - s0@group-601F42C587AE->s1-AppendLogResponseHandler: Failed appendEntries: org.apache.ratis.thirdparty.io.grpc.StatusRuntimeException: UNAVAILABLE: io exception
2023-03-14 08:39:19,485 [grpc-default-executor-7] WARN  server.GrpcLogAppender (LogUtils.java:warn(122)) - s0@group-601F42C587AE->s1-AppendLogResponseHandler: Failed appendEntries: org.apache.ratis.thirdparty.io.grpc.StatusRuntimeException: UNAVAILABLE: io exception
2023-03-14 08:39:19,486 [grpc-default-executor-1] INFO  leader.FollowerInfo (FollowerInfoImpl.java:lambda$new$0(52)) - s0@group-601F42C587AE->s1: decreaseNextIndex nextIndex: updateUnconditionally 45 -> 44
2023-03-14 08:39:19,486 [grpc-default-executor-7] INFO  leader.FollowerInfo (FollowerInfoImpl.java:lambda$new$0(52)) - s0@group-601F42C587AE->s1: decreaseNextIndex nextIndex: updateUnconditionally 44 -> 43
2023-03-14 08:39:19,496 [grpc-default-executor-7] WARN  server.GrpcLogAppender (LogUtils.java:warn(122)) - s0@group-601F42C587AE->s1-AppendLogResponseHandler: Failed appendEntries: org.apache.ratis.thirdparty.io.grpc.StatusRuntimeException: UNAVAILABLE: io exception
2023-03-14 08:39:19,496 [grpc-default-executor-1] WARN  server.GrpcLogAppender (LogUtils.java:warn(122)) - s0@group-601F42C587AE->s1-AppendLogResponseHandler: Failed appendEntries: org.apache.ratis.thirdparty.io.grpc.StatusRuntimeException: UNAVAILABLE: io exception
2023-03-14 08:39:19,496 [grpc-default-executor-7] INFO  leader.FollowerInfo (FollowerInfoImpl.java:lambda$new$0(52)) - s0@group-601F42C587AE->s1: decreaseNextIndex nextIndex: updateUnconditionally 45 -> 44
2023-03-14 08:39:19,496 [grpc-default-executor-1] INFO  leader.FollowerInfo (FollowerInfoImpl.java:lambda$new$0(52)) - s0@group-601F42C587AE->s1: decreaseNextIndex nextIndex: updateUnconditionally 44 -> 43
2023-03-14 08:39:19,497 [grpc-default-executor-1] WARN  server.GrpcLogAppender (LogUtils.java:warn(122)) - s0@group-601F42C587AE->s1-AppendLogResponseHandler: Failed appendEntries: org.apache.ratis.thirdparty.io.grpc.StatusRuntimeException: UNAVAILABLE: io exception
2023-03-14 08:39:19,497 [grpc-default-executor-7] WARN  server.GrpcLogAppender (LogUtils.java:warn(122)) - s0@group-601F42C587AE->s1-AppendLogResponseHandler: Failed appendEntries: org.apache.ratis.thirdparty.io.grpc.StatusRuntimeException: UNAVAILABLE: io exception
2023-03-14 08:39:19,497 [grpc-default-executor-1] INFO  leader.FollowerInfo (FollowerInfoImpl.java:lambda$new$0(52)) - s0@group-601F42C587AE->s1: decreaseNextIndex nextIndex: updateUnconditionally 45 -> 44
2023-03-14 08:39:19,497 [grpc-default-executor-7] INFO  leader.FollowerInfo (FollowerInfoImpl.java:lambda$new$0(52)) - s0@group-601F42C587AE->s1: decreaseNextIndex nextIndex: updateUnconditionally 44 -> 43
2023-03-14 08:39:19,498 [grpc-default-executor-7] WARN  server.GrpcLogAppender (LogUtils.java:warn(122)) - s0@group-601F42C587AE->s1-AppendLogResponseHandler: Failed appendEntries: org.apache.ratis.thirdparty.io.grpc.StatusRuntimeException: UNAVAILABLE: io exception
2023-03-14 08:39:19,498 [grpc-default-executor-1] WARN  server.GrpcLogAppender (LogUtils.java:warn(122)) - s0@group-601F42C587AE->s1-AppendLogResponseHandler: Failed appendEntries: org.apache.ratis.thirdparty.io.grpc.StatusRuntimeException: UNAVAILABLE: io exception
2023-03-14 08:39:19,498 [grpc-default-executor-7] INFO  leader.FollowerInfo (FollowerInfoImpl.java:lambda$new$0(52)) - s0@group-601F42C587AE->s1: decreaseNextIndex nextIndex: updateUnconditionally 45 -> 44
2023-03-14 08:39:19,498 [grpc-default-executor-1] INFO  leader.FollowerInfo (FollowerInfoImpl.java:lambda$new$0(52)) - s0@group-601F42C587AE->s1: decreaseNextIndex nextIndex: updateUnconditionally 44 -> 43
2023-03-14 08:39:19,499 [grpc-default-executor-1] WARN  server.GrpcLogAppender (LogUtils.java:warn(122)) - s0@group-601F42C587AE->s1-AppendLogResponseHandler: Failed appendEntries: org.apache.ratis.thirdparty.io.grpc.StatusRuntimeException: UNAVAILABLE: io exception
2023-03-14 08:39:19,499 [grpc-default-executor-7] WARN  server.GrpcLogAppender (LogUtils.java:warn(122)) - s0@group-601F42C587AE->s1-AppendLogResponseHandler: Failed appendEntries: org.apache.ratis.thirdparty.io.grpc.StatusRuntimeException: UNAVAILABLE: io exception
2023-03-14 08:39:19,499 [grpc-default-executor-1] INFO  leader.FollowerInfo (FollowerInfoImpl.java:lambda$new$0(52)) - s0@group-601F42C587AE->s1: decreaseNextIndex nextIndex: updateUnconditionally 45 -> 44
2023-03-14 08:39:19,499 [grpc-default-executor-7] INFO  leader.FollowerInfo (FollowerInfoImpl.java:lambda$new$0(52)) - s0@group-601F42C587AE->s1: decreaseNextIndex nextIndex: updateUnconditionally 44 -> 43
2023-03-14 08:39:19,500 [grpc-default-executor-7] WARN  server.GrpcLogAppender (LogUtils.java:warn(122)) - s0@group-601F42C587AE->s1-AppendLogResponseHandler: Failed appendEntries: org.apache.ratis.thirdparty.io.grpc.StatusRuntimeException: UNAVAILABLE: io exception
2023-03-14 08:39:19,500 [grpc-default-executor-1] WARN  server.GrpcLogAppender (LogUtils.java:warn(122)) - s0@group-601F42C587AE->s1-AppendLogResponseHandler: Failed appendEntries: org.apache.ratis.thirdparty.io.grpc.StatusRuntimeException: UNAVAILABLE: io exception
2023-03-14 08:39:19,500 [grpc-default-executor-7] INFO  leader.FollowerInfo (FollowerInfoImpl.java:lambda$new$0(52)) - s0@group-601F42C587AE->s1: decreaseNextIndex nextIndex: updateUnconditionally 45 -> 44
2023-03-14 08:39:19,500 [grpc-default-executor-1] INFO  leader.FollowerInfo (FollowerInfoImpl.java:lambda$new$0(52)) - s0@group-601F42C587AE->s1: decreaseNextIndex nextIndex: updateUnconditionally 44 -> 43
2023-03-14 08:39:19,500 [grpc-default-executor-1] WARN  server.GrpcLogAppender (LogUtils.java:warn(122)) - s0@group-601F42C587AE->s1-AppendLogResponseHandler: Failed appendEntries: org.apache.ratis.thirdparty.io.grpc.StatusRuntimeException: UNAVAILABLE: io exception
2023-03-14 08:39:19,500 [grpc-default-executor-7] WARN  server.GrpcLogAppender (LogUtils.java:warn(122)) - s0@group-601F42C587AE->s1-AppendLogResponseHandler: Failed appendEntries: org.apache.ratis.thirdparty.io.grpc.StatusRuntimeException: UNAVAILABLE: io exception
2023-03-14 08:39:19,501 [grpc-default-executor-1] INFO  leader.FollowerInfo (FollowerInfoImpl.java:lambda$new$0(52)) - s0@group-601F42C587AE->s1: decreaseNextIndex nextIndex: updateUnconditionally 45 -> 44
2023-03-14 08:39:19,501 [grpc-default-executor-7] INFO  leader.FollowerInfo (FollowerInfoImpl.java:lambda$new$0(52)) - s0@group-601F42C587AE->s1: decreaseNextIndex nextIndex: updateUnconditionally 44 -> 43
2023-03-14 08:39:19,501 [grpc-default-executor-7] WARN  server.GrpcLogAppender (LogUtils.java:warn(122)) - s0@group-601F42C587AE->s1-AppendLogResponseHandler: Failed appendEntries: org.apache.ratis.thirdparty.io.grpc.StatusRuntimeException: UNAVAILABLE: io exception
2023-03-14 08:39:19,501 [grpc-default-executor-1] WARN  server.GrpcLogAppender (LogUtils.java:warn(122)) - s0@group-601F42C587AE->s1-AppendLogResponseHandler: Failed appendEntries: org.apache.ratis.thirdparty.io.grpc.StatusRuntimeException: UNAVAILABLE: io exception
2023-03-14 08:39:19,502 [grpc-default-executor-7] INFO  leader.FollowerInfo (FollowerInfoImpl.java:lambda$new$0(52)) - s0@group-601F42C587AE->s1: decreaseNextIndex nextIndex: updateUnconditionally 45 -> 44
2023-03-14 08:39:19,502 [grpc-default-executor-1] INFO  leader.FollowerInfo (FollowerInfoImpl.java:lambda$new$0(52)) - s0@group-601F42C587AE->s1: decreaseNextIndex nextIndex: updateUnconditionally 44 -> 43
2023-03-14 08:39:19,502 [grpc-default-executor-1] WARN  server.GrpcLogAppender (LogUtils.java:warn(122)) - s0@group-601F42C587AE->s1-AppendLogResponseHandler: Failed appendEntries: org.apache.ratis.thirdparty.io.grpc.StatusRuntimeException: UNAVAILABLE: io exception
2023-03-14 08:39:19,502 [grpc-default-executor-7] WARN  server.GrpcLogAppender (LogUtils.java:warn(122)) - s0@group-601F42C587AE->s1-AppendLogResponseHandler: Failed appendEntries: org.apache.ratis.thirdparty.io.grpc.StatusRuntimeException: UNAVAILABLE: io exception
2023-03-14 08:39:19,502 [grpc-default-executor-1] INFO  leader.FollowerInfo (FollowerInfoImpl.java:lambda$new$0(52)) - s0@group-601F42C587AE->s1: decreaseNextIndex nextIndex: updateUnconditionally 45 -> 44
2023-03-14 08:39:19,503 [grpc-default-executor-7] INFO  leader.FollowerInfo (FollowerInfoImpl.java:lambda$new$0(52)) - s0@group-601F42C587AE->s1: decreaseNextIndex nextIndex: updateUnconditionally 44 -> 43
2023-03-14 08:39:19,503 [grpc-default-executor-7] WARN  server.GrpcLogAppender (LogUtils.java:warn(122)) - s0@group-601F42C587AE->s1-AppendLogResponseHandler: Failed appendEntries: org.apache.ratis.thirdparty.io.grpc.StatusRuntimeException: UNAVAILABLE: io exception
2023-03-14 08:39:19,503 [grpc-default-executor-1] WARN  server.GrpcLogAppender (LogUtils.java:warn(122)) - s0@group-601F42C587AE->s1-AppendLogResponseHandler: Failed appendEntries: org.apache.ratis.thirdparty.io.grpc.StatusRuntimeException: UNAVAILABLE: io exception
2023-03-14 08:39:19,503 [grpc-default-executor-7] INFO  leader.FollowerInfo (FollowerInfoImpl.java:lambda$new$0(52)) - s0@group-601F42C587AE->s1: decreaseNextIndex nextIndex: updateUnconditionally 45 -> 44
2023-03-14 08:39:19,504 [grpc-default-executor-1] INFO  leader.FollowerInfo (FollowerInfoImpl.java:lambda$new$0(52)) - s0@group-601F42C587AE->s1: decreaseNextIndex nextIndex: updateUnconditionally 44 -> 43
2023-03-14 08:39:19,504 [grpc-default-executor-1] WARN  server.GrpcLogAppender (LogUtils.java:warn(122)) - s0@group-601F42C587AE->s1-AppendLogResponseHandler: Failed appendEntries: org.apache.ratis.thirdparty.io.grpc.StatusRuntimeException: UNAVAILABLE: io exception
2023-03-14 08:39:19,504 [grpc-default-executor-7] WARN  server.GrpcLogAppender (LogUtils.java:warn(122)) - s0@group-601F42C587AE->s1-AppendLogResponseHandler: Failed appendEntries: org.apache.ratis.thirdparty.io.grpc.StatusRuntimeException: UNAVAILABLE: io exception
2023-03-14 08:39:19,504 [grpc-default-executor-1] INFO  leader.FollowerInfo (FollowerInfoImpl.java:lambda$new$0(52)) - s0@group-601F42C587AE->s1: decreaseNextIndex nextIndex: updateUnconditionally 45 -> 44
2023-03-14 08:39:19,505 [grpc-default-executor-7] INFO  leader.FollowerInfo (FollowerInfoImpl.java:lambda$new$0(52)) - s0@group-601F42C587AE->s1: decreaseNextIndex nextIndex: updateUnconditionally 44 -> 43
2023-03-14 08:39:19,505 [grpc-default-executor-7] WARN  server.GrpcLogAppender (LogUtils.java:warn(122)) - s0@group-601F42C587AE->s1-AppendLogResponseHandler: Failed appendEntries: org.apache.ratis.thirdparty.io.grpc.StatusRuntimeException: UNAVAILABLE: io exception
2023-03-14 08:39:19,505 [grpc-default-executor-1] WARN  server.GrpcLogAppender (LogUtils.java:warn(122)) - s0@group-601F42C587AE->s1-AppendLogResponseHandler: Failed appendEntries: org.apache.ratis.thirdparty.io.grpc.StatusRuntimeException: UNAVAILABLE: io exception
2023-03-14 08:39:19,505 [grpc-default-executor-7] INFO  leader.FollowerInfo (FollowerInfoImpl.java:lambda$new$0(52)) - s0@group-601F42C587AE->s1: decreaseNextIndex nextIndex: updateUnconditionally 45 -> 44
2023-03-14 08:39:19,506 [grpc-default-executor-1] INFO  leader.FollowerInfo (FollowerInfoImpl.java:lambda$new$0(52)) - s0@group-601F42C587AE->s1: decreaseNextIndex nextIndex: updateUnconditionally 44 -> 43
2023-03-14 08:39:19,506 [grpc-default-executor-1] WARN  server.GrpcLogAppender (LogUtils.java:warn(122)) - s0@group-601F42C587AE->s1-AppendLogResponseHandler: Failed appendEntries: org.apache.ratis.thirdparty.io.grpc.StatusRuntimeException: UNAVAILABLE: io exception
2023-03-14 08:39:19,506 [grpc-default-executor-7] WARN  server.GrpcLogAppender (LogUtils.java:warn(122)) - s0@group-601F42C587AE->s1-AppendLogResponseHandler: Failed appendEntries: org.apache.ratis.thirdparty.io.grpc.StatusRuntimeException: UNAVAILABLE: io exception
2023-03-14 08:39:19,506 [grpc-default-executor-1] INFO  leader.FollowerInfo (FollowerInfoImpl.java:lambda$new$0(52)) - s0@group-601F42C587AE->s1: decreaseNextIndex nextIndex: updateUnconditionally 45 -> 44
2023-03-14 08:39:19,506 [grpc-default-executor-7] INFO  leader.FollowerInfo (FollowerInfoImpl.java:lambda$new$0(52)) - s0@group-601F42C587AE->s1: decreaseNextIndex nextIndex: updateUnconditionally 44 -> 43
2023-03-14 08:39:19,506 [grpc-default-executor-7] WARN  server.GrpcLogAppender (LogUtils.java:warn(122)) - s0@group-601F42C587AE->s1-AppendLogResponseHandler: Failed appendEntries: org.apache.ratis.thirdparty.io.grpc.StatusRuntimeException: UNAVAILABLE: io exception
2023-03-14 08:39:19,507 [grpc-default-executor-1] WARN  server.GrpcLogAppender (LogUtils.java:warn(122)) - s0@group-601F42C587AE->s1-AppendLogResponseHandler: Failed appendEntries: org.apache.ratis.thirdparty.io.grpc.StatusRuntimeException: UNAVAILABLE: io exception
2023-03-14 08:39:19,507 [grpc-default-executor-7] INFO  leader.FollowerInfo (FollowerInfoImpl.java:lambda$new$0(52)) - s0@group-601F42C587AE->s1: decreaseNextIndex nextIndex: updateUnconditionally 45 -> 44
2023-03-14 08:39:19,507 [grpc-default-executor-1] INFO  leader.FollowerInfo (FollowerInfoImpl.java:lambda$new$0(52)) - s0@group-601F42C587AE->s1: decreaseNextIndex nextIndex: updateUnconditionally 44 -> 43
2023-03-14 08:39:19,507 [grpc-default-executor-1] WARN  server.GrpcLogAppender (LogUtils.java:warn(122)) - s0@group-601F42C587AE->s1-AppendLogResponseHandler: Failed appendEntries: org.apache.ratis.thirdparty.io.grpc.StatusRuntimeException: UNAVAILABLE: io exception
2023-03-14 08:39:19,507 [grpc-default-executor-7] WARN  server.GrpcLogAppender (LogUtils.java:warn(122)) - s0@group-601F42C587AE->s1-AppendLogResponseHandler: Failed appendEntries: org.apache.ratis.thirdparty.io.grpc.StatusRuntimeException: UNAVAILABLE: io exception
2023-03-14 08:39:19,508 [grpc-default-executor-1] INFO  leader.FollowerInfo (FollowerInfoImpl.java:lambda$new$0(52)) - s0@group-601F42C587AE->s1: decreaseNextIndex nextIndex: updateUnconditionally 45 -> 44
2023-03-14 08:39:19,508 [grpc-default-executor-7] INFO  leader.FollowerInfo (FollowerInfoImpl.java:lambda$new$0(52)) - s0@group-601F42C587AE->s1: decreaseNextIndex nextIndex: updateUnconditionally 44 -> 43
2023-03-14 08:39:19,508 [grpc-default-executor-7] WARN  server.GrpcLogAppender (LogUtils.java:warn(122)) - s0@group-601F42C587AE->s1-AppendLogResponseHandler: Failed appendEntries: org.apache.ratis.thirdparty.io.grpc.StatusRuntimeException: UNAVAILABLE: io exception
2023-03-14 08:39:19,508 [grpc-default-executor-1] WARN  server.GrpcLogAppender (LogUtils.java:warn(122)) - s0@group-601F42C587AE->s1-AppendLogResponseHandler: Failed appendEntries: org.apache.ratis.thirdparty.io.grpc.StatusRuntimeException: UNAVAILABLE: io exception
2023-03-14 08:39:19,508 [grpc-default-executor-7] INFO  leader.FollowerInfo (FollowerInfoImpl.java:lambda$new$0(52)) - s0@group-601F42C587AE->s1: decreaseNextIndex nextIndex: updateUnconditionally 45 -> 44
2023-03-14 08:39:19,508 [grpc-default-executor-1] INFO  leader.FollowerInfo (FollowerInfoImpl.java:lambda$new$0(52)) - s0@group-601F42C587AE->s1: decreaseNextIndex nextIndex: updateUnconditionally 44 -> 43
2023-03-14 08:39:19,509 [grpc-default-executor-1] WARN  server.GrpcLogAppender (LogUtils.java:warn(122)) - s0@group-601F42C587AE->s1-AppendLogResponseHandler: Failed appendEntries: org.apache.ratis.thirdparty.io.grpc.StatusRuntimeException: UNAVAILABLE: io exception
2023-03-14 08:39:19,509 [grpc-default-executor-7] WARN  server.GrpcLogAppender (LogUtils.java:warn(122)) - s0@group-601F42C587AE->s1-AppendLogResponseHandler: Failed appendEntries: org.apache.ratis.thirdparty.io.grpc.StatusRuntimeException: UNAVAILABLE: io exception
2023-03-14 08:39:19,509 [grpc-default-executor-1] INFO  leader.FollowerInfo (FollowerInfoImpl.java:lambda$new$0(52)) - s0@group-601F42C587AE->s1: decreaseNextIndex nextIndex: updateUnconditionally 45 -> 44
2023-03-14 08:39:19,509 [grpc-default-executor-7] INFO  leader.FollowerInfo (FollowerInfoImpl.java:lambda$new$0(52)) - s0@group-601F42C587AE->s1: decreaseNextIndex nextIndex: updateUnconditionally 44 -> 43
2023-03-14 08:39:19,509 [grpc-default-executor-7] WARN  server.GrpcLogAppender (LogUtils.java:warn(122)) - s0@group-601F42C587AE->s1-AppendLogResponseHandler: Failed appendEntries: org.apache.ratis.thirdparty.io.grpc.StatusRuntimeException: UNAVAILABLE: io exception
2023-03-14 08:39:19,509 [grpc-default-executor-1] WARN  server.GrpcLogAppender (LogUtils.java:warn(122)) - s0@group-601F42C587AE->s1-AppendLogResponseHandler: Failed appendEntries: org.apache.ratis.thirdparty.io.grpc.StatusRuntimeException: UNAVAILABLE: io exception
2023-03-14 08:39:19,509 [grpc-default-executor-7] INFO  leader.FollowerInfo (FollowerInfoImpl.java:lambda$new$0(52)) - s0@group-601F42C587AE->s1: decreaseNextIndex nextIndex: updateUnconditionally 45 -> 44
2023-03-14 08:39:19,509 [grpc-default-executor-1] INFO  leader.FollowerInfo (FollowerInfoImpl.java:lambda$new$0(52)) - s0@group-601F42C587AE->s1: decreaseNextIndex nextIndex: updateUnconditionally 44 -> 43
2023-03-14 08:39:19,510 [grpc-default-executor-1] WARN  server.GrpcLogAppender (LogUtils.java:warn(122)) - s0@group-601F42C587AE->s1-AppendLogResponseHandler: Failed appendEntries: org.apache.ratis.thirdparty.io.grpc.StatusRuntimeException: UNAVAILABLE: io exception
2023-03-14 08:39:19,510 [grpc-default-executor-7] WARN  server.GrpcLogAppender (LogUtils.java:warn(122)) - s0@group-601F42C587AE->s1-AppendLogResponseHandler: Failed appendEntries: org.apache.ratis.thirdparty.io.grpc.StatusRuntimeException: UNAVAILABLE: io exception
2023-03-14 08:39:19,510 [grpc-default-executor-1] INFO  leader.FollowerInfo (FollowerInfoImpl.java:lambda$new$0(52)) - s0@group-601F42C587AE->s1: decreaseNextIndex nextIndex: updateUnconditionally 45 -> 44
2023-03-14 08:39:19,510 [grpc-default-executor-7] INFO  leader.FollowerInfo (FollowerInfoImpl.java:lambda$new$0(52)) - s0@group-601F42C587AE->s1: decreaseNextIndex nextIndex: updateUnconditionally 44 -> 43
2023-03-14 08:39:19,510 [grpc-default-executor-7] WARN  server.GrpcLogAppender (LogUtils.java:warn(122)) - s0@group-601F42C587AE->s1-AppendLogResponseHandler: Failed appendEntries: org.apache.ratis.thirdparty.io.grpc.StatusRuntimeException: UNAVAILABLE: io exception
2023-03-14 08:39:19,510 [grpc-default-executor-1] WARN  server.GrpcLogAppender (LogUtils.java:warn(122)) - s0@group-601F42C587AE->s1-AppendLogResponseHandler: Failed appendEntries: org.apache.ratis.thirdparty.io.grpc.StatusRuntimeException: UNAVAILABLE: io exception
2023-03-14 08:39:19,511 [grpc-default-executor-7] INFO  leader.FollowerInfo (FollowerInfoImpl.java:lambda$new$0(52)) - s0@group-601F42C587AE->s1: decreaseNextIndex nextIndex: updateUnconditionally 45 -> 44
2023-03-14 08:39:19,511 [grpc-default-executor-1] INFO  leader.FollowerInfo (FollowerInfoImpl.java:lambda$new$0(52)) - s0@group-601F42C587AE->s1: decreaseNextIndex nextIndex: updateUnconditionally 44 -> 43
2023-03-14 08:39:19,511 [grpc-default-executor-1] WARN  server.GrpcLogAppender (LogUtils.java:warn(122)) - s0@group-601F42C587AE->s1-AppendLogResponseHandler: Failed appendEntries: org.apache.ratis.thirdparty.io.grpc.StatusRuntimeException: UNAVAILABLE: io exception
2023-03-14 08:39:19,511 [grpc-default-executor-7] WARN  server.GrpcLogAppender (LogUtils.java:warn(122)) - s0@group-601F42C587AE->s1-AppendLogResponseHandler: Failed appendEntries: org.apache.ratis.thirdparty.io.grpc.StatusRuntimeException: UNAVAILABLE: io exception
2023-03-14 08:39:19,511 [grpc-default-executor-1] INFO  leader.FollowerInfo (FollowerInfoImpl.java:lambda$new$0(52)) - s0@group-601F42C587AE->s1: decreaseNextIndex nextIndex: updateUnconditionally 45 -> 44
2023-03-14 08:39:19,511 [grpc-default-executor-7] INFO  leader.FollowerInfo (FollowerInfoImpl.java:lambda$new$0(52)) - s0@group-601F42C587AE->s1: decreaseNextIndex nextIndex: updateUnconditionally 44 -> 43
2023-03-14 08:39:19,512 [grpc-default-executor-7] WARN  server.GrpcLogAppender (LogUtils.java:warn(122)) - s0@group-601F42C587AE->s1-AppendLogResponseHandler: Failed appendEntries: org.apache.ratis.thirdparty.io.grpc.StatusRuntimeException: UNAVAILABLE: io exception
2023-03-14 08:39:19,512 [grpc-default-executor-1] WARN  server.GrpcLogAppender (LogUtils.java:warn(122)) - s0@group-601F42C587AE->s1-AppendLogResponseHandler: Failed appendEntries: org.apache.ratis.thirdparty.io.grpc.StatusRuntimeException: UNAVAILABLE: io exception
2023-03-14 08:39:19,512 [grpc-default-executor-7] INFO  leader.FollowerInfo (FollowerInfoImpl.java:lambda$new$0(52)) - s0@group-601F42C587AE->s1: decreaseNextIndex nextIndex: updateUnconditionally 45 -> 44
2023-03-14 08:39:19,512 [grpc-default-executor-1] INFO  leader.FollowerInfo (FollowerInfoImpl.java:lambda$new$0(52)) - s0@group-601F42C587AE->s1: decreaseNextIndex nextIndex: updateUnconditionally 44 -> 43
2023-03-14 08:39:19,512 [grpc-default-executor-1] WARN  server.GrpcLogAppender (LogUtils.java:warn(122)) - s0@group-601F42C587AE->s1-AppendLogResponseHandler: Failed appendEntries: org.apache.ratis.thirdparty.io.grpc.StatusRuntimeException: UNAVAILABLE: io exception
2023-03-14 08:39:19,513 [grpc-default-executor-7] WARN  server.GrpcLogAppender (LogUtils.java:warn(122)) - s0@group-601F42C587AE->s1-AppendLogResponseHandler: Failed appendEntries: org.apache.ratis.thirdparty.io.grpc.StatusRuntimeException: UNAVAILABLE: io exception
2023-03-14 08:39:19,513 [grpc-default-executor-1] INFO  leader.FollowerInfo (FollowerInfoImpl.java:lambda$new$0(52)) - s0@group-601F42C587AE->s1: decreaseNextIndex nextIndex: updateUnconditionally 45 -> 44
2023-03-14 08:39:19,513 [grpc-default-executor-7] INFO  leader.FollowerInfo (FollowerInfoImpl.java:lambda$new$0(52)) - s0@group-601F42C587AE->s1: decreaseNextIndex nextIndex: updateUnconditionally 44 -> 43
2023-03-14 08:39:19,513 [grpc-default-executor-7] WARN  server.GrpcLogAppender (LogUtils.java:warn(122)) - s0@group-601F42C587AE->s1-AppendLogResponseHandler: Failed appendEntries: org.apache.ratis.thirdparty.io.grpc.StatusRuntimeException: UNAVAILABLE: io exception
2023-03-14 08:39:19,513 [grpc-default-executor-1] WARN  server.GrpcLogAppender (LogUtils.java:warn(122)) - s0@group-601F42C587AE->s1-AppendLogResponseHandler: Failed appendEntries: org.apache.ratis.thirdparty.io.grpc.StatusRuntimeException: UNAVAILABLE: io exception
2023-03-14 08:39:19,513 [grpc-default-executor-7] INFO  leader.FollowerInfo (FollowerInfoImpl.java:lambda$new$0(52)) - s0@group-601F42C587AE->s1: decreaseNextIndex nextIndex: updateUnconditionally 45 -> 44
2023-03-14 08:39:19,513 [grpc-default-executor-1] INFO  leader.FollowerInfo (FollowerInfoImpl.java:lambda$new$0(52)) - s0@group-601F42C587AE->s1: decreaseNextIndex nextIndex: updateUnconditionally 44 -> 43
2023-03-14 08:39:19,514 [grpc-default-executor-1] WARN  server.GrpcLogAppender (LogUtils.java:warn(122)) - s0@group-601F42C587AE->s1-AppendLogResponseHandler: Failed appendEntries: org.apache.ratis.thirdparty.io.grpc.StatusRuntimeException: UNAVAILABLE: io exception
2023-03-14 08:39:19,514 [grpc-default-executor-7] WARN  server.GrpcLogAppender (LogUtils.java:warn(122)) - s0@group-601F42C587AE->s1-AppendLogResponseHandler: Failed appendEntries: org.apache.ratis.thirdparty.io.grpc.StatusRuntimeException: UNAVAILABLE: io exception
2023-03-14 08:39:19,514 [grpc-default-executor-1] INFO  leader.FollowerInfo (FollowerInfoImpl.java:lambda$new$0(52)) - s0@group-601F42C587AE->s1: decreaseNextIndex nextIndex: updateUnconditionally 45 -> 44
2023-03-14 08:39:19,514 [grpc-default-executor-7] INFO  leader.FollowerInfo (FollowerInfoImpl.java:lambda$new$0(52)) - s0@group-601F42C587AE->s1: decreaseNextIndex nextIndex: updateUnconditionally 44 -> 43
2023-03-14 08:39:19,514 [grpc-default-executor-7] WARN  server.GrpcLogAppender (LogUtils.java:warn(122)) - s0@group-601F42C587AE->s1-AppendLogResponseHandler: Failed appendEntries: org.apache.ratis.thirdparty.io.grpc.StatusRuntimeException: UNAVAILABLE: io exception
2023-03-14 08:39:19,514 [grpc-default-executor-1] WARN  server.GrpcLogAppender (LogUtils.java:warn(122)) - s0@group-601F42C587AE->s1-AppendLogResponseHandler: Failed appendEntries: org.apache.ratis.thirdparty.io.grpc.StatusRuntimeException: UNAVAILABLE: io exception
2023-03-14 08:39:19,515 [grpc-default-executor-7] INFO  leader.FollowerInfo (FollowerInfoImpl.java:lambda$new$0(52)) - s0@group-601F42C587AE->s1: decreaseNextIndex nextIndex: updateUnconditionally 45 -> 44
2023-03-14 08:39:19,515 [grpc-default-executor-1] INFO  leader.FollowerInfo (FollowerInfoImpl.java:lambda$new$0(52)) - s0@group-601F42C587AE->s1: decreaseNextIndex nextIndex: updateUnconditionally 44 -> 43
2023-03-14 08:39:19,515 [grpc-default-executor-1] WARN  server.GrpcLogAppender (LogUtils.java:warn(122)) - s0@group-601F42C587AE->s1-AppendLogResponseHandler: Failed appendEntries: org.apache.ratis.thirdparty.io.grpc.StatusRuntimeException: UNAVAILABLE: io exception
2023-03-14 08:39:19,515 [grpc-default-executor-1] INFO  leader.FollowerInfo (FollowerInfoImpl.java:lambda$new$0(52)) - s0@group-601F42C587AE->s1: decreaseNextIndex nextIndex: updateUnconditionally 45 -> 44
2023-03-14 08:39:19,515 [grpc-default-executor-7] WARN  server.GrpcLogAppender (LogUtils.java:warn(122)) - s0@group-601F42C587AE->s1-AppendLogResponseHandler: Failed appendEntries: org.apache.ratis.thirdparty.io.grpc.StatusRuntimeException: UNAVAILABLE: io exception
2023-03-14 08:39:19,515 [grpc-default-executor-7] INFO  leader.FollowerInfo (FollowerInfoImpl.java:lambda$new$0(52)) - s0@group-601F42C587AE->s1: decreaseNextIndex nextIndex: updateUnconditionally 44 -> 43
2023-03-14 08:39:19,516 [grpc-default-executor-1] WARN  server.GrpcLogAppender (LogUtils.java:warn(122)) - s0@group-601F42C587AE->s1-AppendLogResponseHandler: Failed appendEntries: org.apache.ratis.thirdparty.io.grpc.StatusRuntimeException: UNAVAILABLE: io exception
2023-03-14 08:39:19,516 [grpc-default-executor-7] WARN  server.GrpcLogAppender (LogUtils.java:warn(122)) - s0@group-601F42C587AE->s1-AppendLogResponseHandler: Failed appendEntries: org.apache.ratis.thirdparty.io.grpc.StatusRuntimeException: UNAVAILABLE: io exception
2023-03-14 08:39:19,516 [grpc-default-executor-1] INFO  leader.FollowerInfo (FollowerInfoImpl.java:lambda$new$0(52)) - s0@group-601F42C587AE->s1: decreaseNextIndex nextIndex: updateUnconditionally 45 -> 44
2023-03-14 08:39:19,516 [grpc-default-executor-7] INFO  leader.FollowerInfo (FollowerInfoImpl.java:lambda$new$0(52)) - s0@group-601F42C587AE->s1: decreaseNextIndex nextIndex: updateUnconditionally 44 -> 43
2023-03-14 08:39:19,516 [grpc-default-executor-1] WARN  server.GrpcLogAppender (LogUtils.java:warn(122)) - s0@group-601F42C587AE->s1-AppendLogResponseHandler: Failed appendEntries: org.apache.ratis.thirdparty.io.grpc.StatusRuntimeException: UNAVAILABLE: io exception
2023-03-14 08:39:19,516 [grpc-default-executor-7] WARN  server.GrpcLogAppender (LogUtils.java:warn(122)) - s0@group-601F42C587AE->s1-AppendLogResponseHandler: Failed appendEntries: org.apache.ratis.thirdparty.io.grpc.StatusRuntimeException: UNAVAILABLE: io exception
2023-03-14 08:39:19,517 [grpc-default-executor-1] INFO  leader.FollowerInfo (FollowerInfoImpl.java:lambda$new$0(52)) - s0@group-601F42C587AE->s1: decreaseNextIndex nextIndex: updateUnconditionally 45 -> 44
2023-03-14 08:39:19,517 [grpc-default-executor-7] INFO  leader.FollowerInfo (FollowerInfoImpl.java:lambda$new$0(52)) - s0@group-601F42C587AE->s1: decreaseNextIndex nextIndex: updateUnconditionally 44 -> 43
2023-03-14 08:39:19,517 [grpc-default-executor-1] WARN  server.GrpcLogAppender (LogUtils.java:warn(122)) - s0@group-601F42C587AE->s1-AppendLogResponseHandler: Failed appendEntries: org.apache.ratis.thirdparty.io.grpc.StatusRuntimeException: UNAVAILABLE: io exception
2023-03-14 08:39:19,517 [grpc-default-executor-7] WARN  server.GrpcLogAppender (LogUtils.java:warn(122)) - s0@group-601F42C587AE->s1-AppendLogResponseHandler: Failed appendEntries: org.apache.ratis.thirdparty.io.grpc.StatusRuntimeException: UNAVAILABLE: io exception
2023-03-14 08:39:19,517 [grpc-default-executor-1] INFO  leader.FollowerInfo (FollowerInfoImpl.java:lambda$new$0(52)) - s0@group-601F42C587AE->s1: decreaseNextIndex nextIndex: updateUnconditionally 45 -> 44
2023-03-14 08:39:19,517 [grpc-default-executor-7] INFO  leader.FollowerInfo (FollowerInfoImpl.java:lambda$new$0(52)) - s0@group-601F42C587AE->s1: decreaseNextIndex nextIndex: updateUnconditionally 44 -> 43
2023-03-14 08:39:19,517 [grpc-default-executor-1] WARN  server.GrpcLogAppender (LogUtils.java:warn(122)) - s0@group-601F42C587AE->s1-AppendLogResponseHandler: Failed appendEntries: org.apache.ratis.thirdparty.io.grpc.StatusRuntimeException: UNAVAILABLE: io exception
2023-03-14 08:39:19,518 [grpc-default-executor-7] WARN  server.GrpcLogAppender (LogUtils.java:warn(122)) - s0@group-601F42C587AE->s1-AppendLogResponseHandler: Failed appendEntries: org.apache.ratis.thirdparty.io.grpc.StatusRuntimeException: UNAVAILABLE: io exception
2023-03-14 08:39:19,518 [grpc-default-executor-1] INFO  leader.FollowerInfo (FollowerInfoImpl.java:lambda$new$0(52)) - s0@group-601F42C587AE->s1: decreaseNextIndex nextIndex: updateUnconditionally 45 -> 44
2023-03-14 08:39:19,518 [grpc-default-executor-7] INFO  leader.FollowerInfo (FollowerInfoImpl.java:lambda$new$0(52)) - s0@group-601F42C587AE->s1: decreaseNextIndex nextIndex: updateUnconditionally 44 -> 43
2023-03-14 08:39:19,518 [grpc-default-executor-1] WARN  server.GrpcLogAppender (LogUtils.java:warn(122)) - s0@group-601F42C587AE->s1-AppendLogResponseHandler: Failed appendEntries: org.apache.ratis.thirdparty.io.grpc.StatusRuntimeException: UNAVAILABLE: io exception
2023-03-14 08:39:19,518 [grpc-default-executor-7] WARN  server.GrpcLogAppender (LogUtils.java:warn(122)) - s0@group-601F42C587AE->s1-AppendLogResponseHandler: Failed appendEntries: org.apache.ratis.thirdparty.io.grpc.StatusRuntimeException: UNAVAILABLE: io exception
2023-03-14 08:39:19,518 [grpc-default-executor-1] INFO  leader.FollowerInfo (FollowerInfoImpl.java:lambda$new$0(52)) - s0@group-601F42C587AE->s1: decreaseNextIndex nextIndex: updateUnconditionally 45 -> 44
2023-03-14 08:39:19,518 [grpc-default-executor-7] INFO  leader.FollowerInfo (FollowerInfoImpl.java:lambda$new$0(52)) - s0@group-601F42C587AE->s1: decreaseNextIndex nextIndex: updateUnconditionally 44 -> 43
2023-03-14 08:39:19,520 [Time-limited test] INFO  server.GrpcService (GrpcService.java:closeImpl(320)) - s1: shutdown server GrpcServerProtocolService successfully
2023-03-14 08:39:19,528 [grpc-default-executor-7] WARN  server.GrpcLogAppender (LogUtils.java:warn(122)) - s0@group-601F42C587AE->s1-AppendLogResponseHandler: Failed appendEntries: org.apache.ratis.thirdparty.io.grpc.StatusRuntimeException: UNAVAILABLE: io exception
2023-03-14 08:39:19,529 [grpc-default-executor-7] INFO  leader.FollowerInfo (FollowerInfoImpl.java:lambda$new$0(52)) - s0@group-601F42C587AE->s1: decreaseNextIndex nextIndex: updateUnconditionally 43 -> 42
2023-03-14 08:39:19,529 [grpc-default-executor-1] WARN  server.GrpcLogAppender (LogUtils.java:warn(122)) - s0@group-601F42C587AE->s1-AppendLogResponseHandler: Failed appendEntries: org.apache.ratis.thirdparty.io.grpc.StatusRuntimeException: UNAVAILABLE: io exception
2023-03-14 08:39:19,529 [grpc-default-executor-1] INFO  leader.FollowerInfo (FollowerInfoImpl.java:lambda$new$0(52)) - s0@group-601F42C587AE->s1: decreaseNextIndex nextIndex: updateUnconditionally 42 -> 41
2023-03-14 08:39:19,538 [grpc-default-executor-7] WARN  server.GrpcLogAppender (LogUtils.java:warn(122)) - s0@group-601F42C587AE->s1-AppendLogResponseHandler: Failed appendEntries: org.apache.ratis.thirdparty.io.grpc.StatusRuntimeException: UNAVAILABLE: io exception
2023-03-14 08:39:19,539 [grpc-default-executor-7] INFO  leader.FollowerInfo (FollowerInfoImpl.java:lambda$new$0(52)) - s0@group-601F42C587AE->s1: decreaseNextIndex nextIndex: updateUnconditionally 45 -> 44
2023-03-14 08:39:19,539 [grpc-default-executor-1] WARN  server.GrpcLogAppender (LogUtils.java:warn(122)) - s0@group-601F42C587AE->s1-AppendLogResponseHandler: Failed appendEntries: org.apache.ratis.thirdparty.io.grpc.StatusRuntimeException: UNAVAILABLE: io exception
2023-03-14 08:39:19,539 [grpc-default-executor-1] INFO  leader.FollowerInfo (FollowerInfoImpl.java:lambda$new$0(52)) - s0@group-601F42C587AE->s1: decreaseNextIndex nextIndex: updateUnconditionally 44 -> 43
2023-03-14 08:39:19,547 [s1-impl-thread1] INFO  segmented.SegmentedRaftLogWorker (SegmentedRaftLogWorker.java:close(242)) - s1@group-601F42C587AE-SegmentedRaftLogWorker close()
2023-03-14 08:39:19,547 [JvmPauseMonitor72] INFO  util.JvmPauseMonitor (JvmPauseMonitor.java:run(109)) - JvmPauseMonitor-s1: Stopped
2023-03-14 08:39:19,547 [Time-limited test] INFO  impl.MiniRaftCluster (MiniRaftCluster.java:newRaftServer(382)) - newRaftServer: s1, group-601F42C587AE:[s0|rpc:localhost:37053|admin:localhost:46553|client:localhost:45499|dataStream:localhost:39313|priority:0|startupRole:FOLLOWER, s1|rpc:0.0.0.0:39533|priority:0|startupRole:FOLLOWER, s2|rpc:0.0.0.0:38849|priority:0|startupRole:FOLLOWER], format? true
2023-03-14 08:39:19,547 [Time-limited test] TRACE util.FileUtils (FileUtils.java:deleteFully(201)) - deleteFully target/test/data/be523d36/MiniRaftClusterWithGrpcce1a277e/s1
2023-03-14 08:39:19,547 [Time-limited test] TRACE util.FileUtils (LogUtils.java:runAndLog(49)) - Successfully ran Files.delete target/test/data/be523d36/MiniRaftClusterWithGrpcce1a277e/s1/f36edab9-02ec-4d78-8876-601f42c587ae/in_use.lock
2023-03-14 08:39:19,547 [Time-limited test] TRACE util.FileUtils (LogUtils.java:runAndLog(49)) - Successfully ran Files.delete target/test/data/be523d36/MiniRaftClusterWithGrpcce1a277e/s1/f36edab9-02ec-4d78-8876-601f42c587ae/sm
2023-03-14 08:39:19,548 [Time-limited test] TRACE util.FileUtils (LogUtils.java:runAndLog(49)) - Successfully ran Files.delete target/test/data/be523d36/MiniRaftClusterWithGrpcce1a277e/s1/f36edab9-02ec-4d78-8876-601f42c587ae/current/raft-meta.conf
2023-03-14 08:39:19,548 [Time-limited test] TRACE util.FileUtils (LogUtils.java:runAndLog(49)) - Successfully ran Files.delete target/test/data/be523d36/MiniRaftClusterWithGrpcce1a277e/s1/f36edab9-02ec-4d78-8876-601f42c587ae/current/raft-meta
2023-03-14 08:39:19,548 [Time-limited test] TRACE util.FileUtils (LogUtils.java:runAndLog(49)) - Successfully ran Files.delete target/test/data/be523d36/MiniRaftClusterWithGrpcce1a277e/s1/f36edab9-02ec-4d78-8876-601f42c587ae/current/log_inprogress_0
2023-03-14 08:39:19,548 [Time-limited test] TRACE util.FileUtils (LogUtils.java:runAndLog(49)) - Successfully ran Files.delete target/test/data/be523d36/MiniRaftClusterWithGrpcce1a277e/s1/f36edab9-02ec-4d78-8876-601f42c587ae/current
2023-03-14 08:39:19,548 [Time-limited test] TRACE util.FileUtils (LogUtils.java:runAndLog(49)) - Successfully ran Files.delete target/test/data/be523d36/MiniRaftClusterWithGrpcce1a277e/s1/f36edab9-02ec-4d78-8876-601f42c587ae
2023-03-14 08:39:19,548 [Time-limited test] TRACE util.FileUtils (LogUtils.java:runAndLog(49)) - Successfully ran Files.delete target/test/data/be523d36/MiniRaftClusterWithGrpcce1a277e/s1
2023-03-14 08:39:19,548 [Time-limited test] INFO  impl.MiniRaftCluster (MiniRaftCluster.java:newRaftServer(387)) - Formatted directory target/test/data/be523d36/MiniRaftClusterWithGrpcce1a277e/s1
2023-03-14 08:39:19,548 [Time-limited test] INFO  server.RaftServer (ConfUtils.java:logGet(46)) - raft.rpc.type = GRPC (default)
2023-03-14 08:39:19,548 [Time-limited test] INFO  grpc.GrpcConfigKeys (ConfUtils.java:logFallback(53)) - raft.grpc.admin.host = null (fallback to raft.grpc.server.host)
2023-03-14 08:39:19,548 [Time-limited test] INFO  grpc.GrpcConfigKeys (ConfUtils.java:logGet(46)) - raft.grpc.admin.port = 39533 (custom)
2023-03-14 08:39:19,548 [Time-limited test] INFO  grpc.GrpcConfigKeys (ConfUtils.java:logFallback(53)) - raft.grpc.client.host = null (fallback to raft.grpc.server.host)
2023-03-14 08:39:19,548 [Time-limited test] INFO  grpc.GrpcConfigKeys (ConfUtils.java:logGet(46)) - raft.grpc.client.port = 39533 (custom)
2023-03-14 08:39:19,548 [Time-limited test] INFO  grpc.GrpcConfigKeys (ConfUtils.java:logGet(46)) - raft.grpc.server.host = null (default)
2023-03-14 08:39:19,548 [Time-limited test] INFO  grpc.GrpcConfigKeys (ConfUtils.java:logGet(46)) - raft.grpc.server.port = 39533 (custom)
2023-03-14 08:39:19,548 [Time-limited test] INFO  server.GrpcService (ConfUtils.java:logGet(46)) - raft.grpc.message.size.max = 64MB (=67108864) (default)
2023-03-14 08:39:19,548 [Time-limited test] INFO  server.RaftServerConfigKeys (ConfUtils.java:logGet(46)) - raft.server.log.appender.buffer.byte-limit = 4MB (=4194304) (default)
2023-03-14 08:39:19,548 [Time-limited test] INFO  server.GrpcService (ConfUtils.java:logGet(46)) - raft.grpc.flow.control.window = 1MB (=1048576) (default)
2023-03-14 08:39:19,548 [Time-limited test] INFO  server.RaftServerConfigKeys (ConfUtils.java:logGet(46)) - raft.server.rpc.request.timeout = 3000ms (default)
2023-03-14 08:39:19,548 [Time-limited test] INFO  grpc.GrpcConfigKeys (ConfUtils.java:logGet(46)) - raft.grpc.server.heartbeat.channel = true (default)
2023-03-14 08:39:19,549 [Time-limited test] INFO  grpc.GrpcConfigKeys (ConfUtils.java:logGet(46)) - raft.grpc.server.async.request.thread.pool.cached = true (default)
2023-03-14 08:39:19,549 [Time-limited test] INFO  grpc.GrpcConfigKeys (ConfUtils.java:logGet(46)) - raft.grpc.server.async.request.thread.pool.size = 32 (default)
2023-03-14 08:39:19,549 [Time-limited test] INFO  impl.DataStreamServerImpl (ConfUtils.java:logGet(46)) - raft.datastream.type = DISABLED (default)
2023-03-14 08:39:19,549 [Time-limited test] INFO  server.RaftServerConfigKeys (ConfUtils.java:logGet(46)) - raft.server.threadpool.proxy.cached = true (default)
2023-03-14 08:39:19,549 [Time-limited test] INFO  server.RaftServerConfigKeys (ConfUtils.java:logGet(46)) - raft.server.threadpool.proxy.size = 0 (default)
2023-03-14 08:39:19,549 [Time-limited test] INFO  server.RaftServerConfigKeys (ConfUtils.java:logGet(46)) - raft.server.rpc.slowness.timeout = 60s (default)
2023-03-14 08:39:19,549 [Time-limited test] INFO  server.RaftServerConfigKeys (ConfUtils.java:logGet(46)) - raft.server.leaderelection.leader.step-down.wait-time = 10s (default)
2023-03-14 08:39:19,549 [Time-limited test] INFO  server.RaftServerConfigKeys (ConfUtils.java:logGet(46)) - raft.server.storage.dir = [/home/runner/work/ratis/ratis/ratis-test/target/test/data/be523d36/MiniRaftClusterWithGrpcce1a277e/s1] (custom)
2023-03-14 08:39:19,550 [Time-limited test] INFO  server.RaftServer (RaftServerProxy.java:addNew(99)) - s1: addNew group-601F42C587AE:[s0|rpc:localhost:37053|admin:localhost:46553|client:localhost:45499|dataStream:localhost:39313|priority:0|startupRole:FOLLOWER, s1|rpc:0.0.0.0:39533|priority:0|startupRole:FOLLOWER, s2|rpc:0.0.0.0:38849|priority:0|startupRole:FOLLOWER] returns group-601F42C587AE:java.util.concurrent.CompletableFuture@6a05e28a[Not completed]
2023-03-14 08:39:19,550 [s1-groupManagement] INFO  server.RaftServer$Division (RaftServerImpl.java:<init>(198)) - s1: new RaftServerImpl for group-601F42C587AE:[s0|rpc:localhost:37053|admin:localhost:46553|client:localhost:45499|dataStream:localhost:39313|priority:0|startupRole:FOLLOWER, s1|rpc:0.0.0.0:39533|priority:0|startupRole:FOLLOWER, s2|rpc:0.0.0.0:38849|priority:0|startupRole:FOLLOWER] with BaseStateMachine:uninitialized
2023-03-14 08:39:19,550 [s1-groupManagement] INFO  server.RaftServerConfigKeys (ConfUtils.java:logGet(46)) - raft.server.rpc.timeout.min = 150ms (default)
2023-03-14 08:39:19,550 [s1-groupManagement] INFO  server.RaftServerConfigKeys (ConfUtils.java:logGet(46)) - raft.server.rpc.timeout.max = 300ms (default)
2023-03-14 08:39:19,550 [s1-groupManagement] INFO  server.RaftServerConfigKeys (ConfUtils.java:logGet(46)) - raft.server.rpc.sleep.time = 25ms (default)
2023-03-14 08:39:19,550 [s1-groupManagement] INFO  server.RaftServerConfigKeys (ConfUtils.java:logGet(46)) - raft.server.rpc.slowness.timeout = 60s (default)
2023-03-14 08:39:19,550 [s1-groupManagement] INFO  server.RaftServerConfigKeys (ConfUtils.java:logGet(46)) - raft.server.leaderelection.leader.step-down.wait-time = 10s (default)
2023-03-14 08:39:19,550 [s1-groupManagement] INFO  server.RaftServerConfigKeys (ConfUtils.java:logGet(46)) - raft.server.sleep.deviation.threshold = 300ms (default)
2023-03-14 08:39:19,550 [s1-groupManagement] INFO  server.RaftServer$Division (ServerState.java:<init>(113)) - s1@group-601F42C587AE: ConfigurationManager, init=-1: peers:[s0|rpc:localhost:37053|admin:localhost:46553|client:localhost:45499|dataStream:localhost:39313|priority:0|startupRole:FOLLOWER, s1|rpc:0.0.0.0:39533|priority:0|startupRole:FOLLOWER, s2|rpc:0.0.0.0:38849|priority:0|startupRole:FOLLOWER]|listeners:[], old=null, confs=<EMPTY_MAP>
2023-03-14 08:39:19,550 [s1-groupManagement] INFO  server.RaftServerConfigKeys (ConfUtils.java:logGet(46)) - raft.server.notification.no-leader.timeout = 60s (default)
2023-03-14 08:39:19,550 [s1-groupManagement] INFO  server.RaftServerConfigKeys (ConfUtils.java:logGet(46)) - raft.server.read.timeout = 10s (default)
2023-03-14 08:39:19,550 [s1-groupManagement] INFO  server.RaftServerConfigKeys (ConfUtils.java:logGet(46)) - raft.server.retrycache.expirytime = 60s (default)
2023-03-14 08:39:19,551 [s1-groupManagement] INFO  server.RaftServerConfigKeys (ConfUtils.java:logGet(46)) - raft.server.retrycache.statistics.expirytime = 100μs (default)
2023-03-14 08:39:19,551 [s1-groupManagement] INFO  server.RaftServerConfigKeys (ConfUtils.java:logGet(46)) - raft.server.read.option = DEFAULT (default)
2023-03-14 08:39:19,551 [s1-groupManagement] INFO  server.RaftServerConfigKeys (ConfUtils.java:logGet(46)) - raft.server.log.appender.install.snapshot.enabled = true (default)
2023-03-14 08:39:19,551 [s1-groupManagement] INFO  server.RaftServerConfigKeys (ConfUtils.java:logGet(46)) - raft.server.threadpool.server.cached = true (default)
2023-03-14 08:39:19,551 [s1-groupManagement] INFO  server.RaftServerConfigKeys (ConfUtils.java:logGet(46)) - raft.server.threadpool.server.size = 0 (default)
2023-03-14 08:39:19,551 [s1-groupManagement] INFO  server.RaftServerConfigKeys (ConfUtils.java:logGet(46)) - raft.server.threadpool.client.cached = true (default)
2023-03-14 08:39:19,551 [s1-groupManagement] INFO  server.RaftServerConfigKeys (ConfUtils.java:logGet(46)) - raft.server.threadpool.client.size = 0 (default)
2023-03-14 08:39:19,551 [s1-impl-thread1] INFO  server.RaftServerConfigKeys (ConfUtils.java:logGet(46)) - raft.server.storage.free-space.min = 0MB (=0) (default)
2023-03-14 08:39:19,551 [s1-impl-thread1] INFO  server.RaftServerConfigKeys (ConfUtils.java:logGet(46)) - raft.server.log.corruption.policy = EXCEPTION (default)
2023-03-14 08:39:19,551 [s1-impl-thread1] INFO  server.RaftServerConfigKeys (ConfUtils.java:logGet(46)) - raft.server.storage.dir = [/home/runner/work/ratis/ratis/ratis-test/target/test/data/be523d36/MiniRaftClusterWithGrpcce1a277e/s1] (custom)
2023-03-14 08:39:19,552 [s1-impl-thread1] INFO  storage.RaftStorageDirectory (RaftStorageDirectoryImpl.java:analyzeStorage(138)) - The storage directory /home/runner/work/ratis/ratis/ratis-test/target/test/data/be523d36/MiniRaftClusterWithGrpcce1a277e/s1/f36edab9-02ec-4d78-8876-601f42c587ae does not exist. Creating ...
2023-03-14 08:39:19,552 [s1-impl-thread1] TRACE util.FileUtils (LogUtils.java:runAndLog(49)) - Successfully ran Files.createDirectories /home/runner/work/ratis/ratis/ratis-test/target/test/data/be523d36/MiniRaftClusterWithGrpcce1a277e/s1/f36edab9-02ec-4d78-8876-601f42c587ae
2023-03-14 08:39:19,553 [s1-impl-thread1] INFO  storage.RaftStorageDirectory (RaftStorageDirectoryImpl.java:tryLock(232)) - Lock on /home/runner/work/ratis/ratis/ratis-test/target/test/data/be523d36/MiniRaftClusterWithGrpcce1a277e/s1/f36edab9-02ec-4d78-8876-601f42c587ae/in_use.lock acquired by nodename 10435@fv-az41-628
2023-03-14 08:39:19,553 [s1-impl-thread1] TRACE util.FileUtils (LogUtils.java:runAndLog(49)) - Successfully ran Files.createDirectories /home/runner/work/ratis/ratis/ratis-test/target/test/data/be523d36/MiniRaftClusterWithGrpcce1a277e/s1/f36edab9-02ec-4d78-8876-601f42c587ae/current
2023-03-14 08:39:19,553 [s1-impl-thread1] TRACE util.FileUtils (LogUtils.java:runAndLog(49)) - Successfully ran Files.createDirectories /home/runner/work/ratis/ratis/ratis-test/target/test/data/be523d36/MiniRaftClusterWithGrpcce1a277e/s1/f36edab9-02ec-4d78-8876-601f42c587ae/sm
2023-03-14 08:39:19,554 [s1-impl-thread1] INFO  storage.RaftStorage (RaftStorageImpl.java:format(96)) - Storage directory /home/runner/work/ratis/ratis/ratis-test/target/test/data/be523d36/MiniRaftClusterWithGrpcce1a277e/s1/f36edab9-02ec-4d78-8876-601f42c587ae has been successfully formatted.
2023-03-14 08:39:19,554 [s1-impl-thread1] INFO  server.RaftServerConfigKeys (ConfUtils.java:logGet(46)) - raft.server.log.use.memory = false (default)
2023-03-14 08:39:19,554 [s1-impl-thread1] INFO  server.RaftServerConfigKeys (ConfUtils.java:logGet(46)) - raft.server.log.purge.gap = 1024 (default)
2023-03-14 08:39:19,554 [s1-impl-thread1] INFO  server.RaftServerConfigKeys (ConfUtils.java:logGet(46)) - raft.server.log.appender.buffer.byte-limit = 4MB (=4194304) (default)
2023-03-14 08:39:19,554 [s1-impl-thread1] INFO  server.RaftServerConfigKeys (ConfUtils.java:logGet(46)) - raft.server.log.statemachine.data.read.timeout = 1000ms (default)
2023-03-14 08:39:19,554 [s1-impl-thread1] INFO  server.RaftServerConfigKeys (ConfUtils.java:logGet(46)) - raft.server.log.purge.preservation.log.num = 0 (default)
2023-03-14 08:39:19,555 [s1-impl-thread1] INFO  server.RaftServerConfigKeys (ConfUtils.java:logGet(46)) - raft.server.log.segment.size.max = 8MB (=8388608) (default)
2023-03-14 08:39:19,555 [s1-impl-thread1] INFO  server.RaftServerConfigKeys (ConfUtils.java:logGet(46)) - raft.server.log.segment.cache.num.max = 6 (default)
2023-03-14 08:39:19,555 [s1-impl-thread1] INFO  server.RaftServerConfigKeys (ConfUtils.java:logGet(46)) - raft.server.log.segment.cache.size.max = 200MB (=209715200) (default)
2023-03-14 08:39:19,555 [s1-impl-thread1] INFO  server.RaftServerConfigKeys (ConfUtils.java:logGet(46)) - raft.server.log.appender.buffer.byte-limit = 4MB (=4194304) (default)
2023-03-14 08:39:19,555 [s1-impl-thread1] INFO  segmented.SegmentedRaftLogWorker (SegmentedRaftLogWorker.java:<init>(183)) - new s1@group-601F42C587AE-SegmentedRaftLogWorker for RaftStorageImpl:Storage Directory /home/runner/work/ratis/ratis/ratis-test/target/test/data/be523d36/MiniRaftClusterWithGrpcce1a277e/s1/f36edab9-02ec-4d78-8876-601f42c587ae
2023-03-14 08:39:19,555 [s1-impl-thread1] INFO  server.RaftServerConfigKeys (ConfUtils.java:logGet(46)) - raft.server.log.queue.byte-limit = 64MB (=67108864) (default)
2023-03-14 08:39:19,555 [s1-impl-thread1] INFO  server.RaftServerConfigKeys (ConfUtils.java:logGet(46)) - raft.server.log.queue.element-limit = 4096 (default)
2023-03-14 08:39:19,555 [s1-impl-thread1] INFO  server.RaftServerConfigKeys (ConfUtils.java:logGet(46)) - raft.server.log.segment.size.max = 8MB (=8388608) (default)
2023-03-14 08:39:19,555 [s1-impl-thread1] INFO  server.RaftServerConfigKeys (ConfUtils.java:logGet(46)) - raft.server.log.preallocated.size = 4MB (=4194304) (default)
2023-03-14 08:39:19,555 [s1-impl-thread1] INFO  server.RaftServerConfigKeys (ConfUtils.java:logGet(46)) - raft.server.log.force.sync.num = 128 (default)
2023-03-14 08:39:19,555 [s1-impl-thread1] INFO  server.RaftServerConfigKeys (ConfUtils.java:logGet(46)) - raft.server.log.statemachine.data.sync = true (default)
2023-03-14 08:39:19,555 [s1-impl-thread1] INFO  server.RaftServerConfigKeys (ConfUtils.java:logGet(46)) - raft.server.log.statemachine.data.sync.timeout = 10s (default)
2023-03-14 08:39:19,555 [s1-impl-thread1] INFO  server.RaftServerConfigKeys (ConfUtils.java:logGet(46)) - raft.server.log.statemachine.data.sync.timeout.retry = -1 (default)
2023-03-14 08:39:19,555 [s1-impl-thread1] INFO  server.RaftServerConfigKeys (ConfUtils.java:logGet(46)) - raft.server.log.write.buffer.size = 64KB (=65536) (default)
2023-03-14 08:39:19,555 [s1-impl-thread1] INFO  server.RaftServerConfigKeys (ConfUtils.java:logGet(46)) - raft.server.log.appender.buffer.byte-limit = 4MB (=4194304) (default)
2023-03-14 08:39:19,556 [s1-impl-thread1] INFO  server.RaftServerConfigKeys (ConfUtils.java:logGet(46)) - raft.server.log.unsafe-flush.enabled = false (default)
2023-03-14 08:39:19,556 [s1-impl-thread1] INFO  server.RaftServerConfigKeys (ConfUtils.java:logGet(46)) - raft.server.log.async-flush.enabled = false (default)
2023-03-14 08:39:19,556 [s1-impl-thread1] INFO  server.RaftServerConfigKeys (ConfUtils.java:logGet(46)) - raft.server.log.statemachine.data.caching.enabled = false (default)
2023-03-14 08:39:19,556 [s1-impl-thread1] INFO  segmented.SegmentedRaftLogWorker (SegmentedRaftLogWorker.java:lambda$new$0(134)) - s1@group-601F42C587AE-SegmentedRaftLogWorker: flushIndex: setUnconditionally 0 -> -1
2023-03-14 08:39:19,556 [s1-impl-thread1] INFO  segmented.SegmentedRaftLogWorker (SegmentedRaftLogWorker.java:lambda$new$0(134)) - s1@group-601F42C587AE-SegmentedRaftLogWorker: safeCacheEvictIndex: setUnconditionally 0 -> -1
2023-03-14 08:39:19,560 [s1-impl-thread1] INFO  server.RaftServer$Division (RaftServerImpl.java:start(342)) - s1@group-601F42C587AE: start as a follower, conf=-1: peers:[s0|rpc:localhost:37053|admin:localhost:46553|client:localhost:45499|dataStream:localhost:39313|priority:0|startupRole:FOLLOWER, s1|rpc:0.0.0.0:39533|priority:0|startupRole:FOLLOWER, s2|rpc:0.0.0.0:38849|priority:0|startupRole:FOLLOWER]|listeners:[], old=null
2023-03-14 08:39:19,560 [s1-impl-thread1] INFO  server.RaftServer$Division (RaftServerImpl.java:setRole(329)) - s1@group-601F42C587AE: changes role from      null to FOLLOWER at term 0 for startAsFollower
2023-03-14 08:39:19,560 [s1-impl-thread1] INFO  impl.RoleInfo (RoleInfo.java:updateAndGet(139)) - s1: start s1@group-601F42C587AE-FollowerState
2023-03-14 08:39:19,560 [s1-impl-thread1] INFO  util.JmxRegister (JmxRegister.java:tryRegister(44)) - Successfully registered JMX Bean with object name Ratis:service=RaftServer,group=group-601F42C587AE,id=s1
2023-03-14 08:39:19,560 [s1-impl-thread1] INFO  server.RaftServerConfigKeys (ConfUtils.java:logGet(46)) - raft.server.snapshot.auto.trigger.enabled = false (default)
2023-03-14 08:39:19,560 [s1-impl-thread1] INFO  server.RaftServerConfigKeys (ConfUtils.java:logGet(46)) - raft.server.snapshot.retention.file.num = -1 (default)
2023-03-14 08:39:19,560 [s1-impl-thread1] INFO  server.RaftServerConfigKeys (ConfUtils.java:logGet(46)) - raft.server.log.purge.upto.snapshot.index = false (default)
2023-03-14 08:39:19,560 [s1@group-601F42C587AE-FollowerState] INFO  server.RaftServerConfigKeys (ConfUtils.java:logFallback(53)) - raft.server.rpc.first-election.timeout.min = 150ms (fallback to raft.server.rpc.timeout.min)
2023-03-14 08:39:19,560 [s1@group-601F42C587AE-FollowerState] INFO  server.RaftServerConfigKeys (ConfUtils.java:logFallback(53)) - raft.server.rpc.first-election.timeout.max = 300ms (fallback to raft.server.rpc.timeout.max)
2023-03-14 08:39:19,564 [Time-limited test] INFO  server.RaftServer (RaftServerProxy.java:startImpl(401)) - s1: start RPC server
2023-03-14 08:39:19,564 [Time-limited test] INFO  server.GrpcService (GrpcService.java:startImpl(302)) - s1: GrpcService started, listening on 39533
2023-03-14 08:39:19,564 [Time-limited test] INFO  impl.MiniRaftCluster (MiniRaftCluster.java:killServer(533)) - killServer s2
2023-03-14 08:39:19,564 [JvmPauseMonitor74] INFO  util.JvmPauseMonitor (JvmPauseMonitor.java:run(103)) - JvmPauseMonitor-s1: Started
2023-03-14 08:39:19,565 [Time-limited test] INFO  server.RaftServer (RaftServerProxy.java:lambda$close$7(417)) - s2: close
2023-03-14 08:39:19,565 [Time-limited test] INFO  server.GrpcService (GrpcService.java:closeImpl(311)) - s2: shutdown server GrpcServerProtocolService now
2023-03-14 08:39:19,565 [s2-impl-thread1] INFO  server.RaftServer$Division (RaftServerImpl.java:lambda$close$4(466)) - s2@group-601F42C587AE: shutdown
2023-03-14 08:39:19,565 [s2-impl-thread1] INFO  util.JmxRegister (JmxRegister.java:unregister(73)) - Successfully un-registered JMX Bean with object name Ratis:service=RaftServer,group=group-601F42C587AE,id=s2
2023-03-14 08:39:19,565 [s2-impl-thread1] INFO  impl.RoleInfo (RoleInfo.java:shutdownFollowerState(110)) - s2: shutdown s2@group-601F42C587AE-FollowerState
2023-03-14 08:39:19,565 [s2-impl-thread1] INFO  impl.StateMachineUpdater (StateMachineUpdater.java:stopAndJoin(154)) - s2@group-601F42C587AE-StateMachineUpdater: set stopIndex = 44
2023-03-14 08:39:19,565 [s2@group-601F42C587AE-FollowerState] INFO  impl.FollowerState (FollowerState.java:run(152)) - s2@group-601F42C587AE-FollowerState was interrupted
2023-03-14 08:39:19,565 [s2-impl-thread1] INFO  server.RaftServer$Division (ServerState.java:close(414)) - s2@group-601F42C587AE: applyIndex: 44
2023-03-14 08:39:19,566 [grpc-default-executor-5] WARN  server.GrpcServerProtocolService (LogUtils.java:warn(122)) - s2: APPEND_ENTRIES onError, lastRequest: s0->s2#6583-t1,previous=(t:1, i:43),leaderCommit=43,initializing? true,entries: size=1, first=(t:1, i:44), METADATAENTRY(c:43): org.apache.ratis.thirdparty.io.grpc.StatusRuntimeException: CANCELLED: client cancelled
2023-03-14 08:39:19,566 [grpc-default-executor-5] WARN  server.GrpcLogAppender (LogUtils.java:warn(122)) - s0@group-601F42C587AE->s2-AppendLogResponseHandler: Failed appendEntries: org.apache.ratis.thirdparty.io.grpc.StatusRuntimeException: CANCELLED: RST_STREAM closed stream. HTTP/2 error code: CANCEL
2023-03-14 08:39:19,566 [grpc-default-executor-5] INFO  leader.FollowerInfo (FollowerInfoImpl.java:lambda$new$0(52)) - s0@group-601F42C587AE->s2: decreaseNextIndex nextIndex: updateUnconditionally 45 -> 44
2023-03-14 08:39:19,566 [grpc-default-executor-7] WARN  server.GrpcServerProtocolService (LogUtils.java:warn(122)) - s2: APPEND_ENTRIES onError, lastRequest: null: org.apache.ratis.thirdparty.io.grpc.StatusRuntimeException: CANCELLED: client cancelled
2023-03-14 08:39:19,566 [grpc-default-executor-10] WARN  server.GrpcLogAppender (LogUtils.java:warn(122)) - s0@group-601F42C587AE->s2-AppendLogResponseHandler: Failed appendEntries: org.apache.ratis.thirdparty.io.grpc.StatusRuntimeException: CANCELLED: RST_STREAM closed stream. HTTP/2 error code: CANCEL
2023-03-14 08:39:19,566 [grpc-default-executor-1] WARN  server.GrpcLogAppender (LogUtils.java:warn(122)) - s0@group-601F42C587AE->s1-AppendLogResponseHandler: Failed appendEntries: org.apache.ratis.thirdparty.io.grpc.StatusRuntimeException: UNAVAILABLE: io exception
2023-03-14 08:39:19,566 [grpc-default-executor-1] INFO  leader.FollowerInfo (FollowerInfoImpl.java:lambda$new$0(52)) - s0@group-601F42C587AE->s1: decreaseNextIndex nextIndex: updateUnconditionally 43 -> 42
2023-03-14 08:39:19,566 [grpc-default-executor-0] WARN  server.GrpcLogAppender (LogUtils.java:warn(122)) - s0@group-601F42C587AE->s2-AppendLogResponseHandler: Failed appendEntries: org.apache.ratis.thirdparty.io.grpc.StatusRuntimeException: UNAVAILABLE: io exception
2023-03-14 08:39:19,566 [grpc-default-executor-7] WARN  server.GrpcLogAppender (LogUtils.java:warn(122)) - s0@group-601F42C587AE->s1-AppendLogResponseHandler: Failed appendEntries: org.apache.ratis.thirdparty.io.grpc.StatusRuntimeException: UNAVAILABLE: io exception
2023-03-14 08:39:19,566 [grpc-default-executor-7] INFO  leader.FollowerInfo (FollowerInfoImpl.java:lambda$new$0(52)) - s0@group-601F42C587AE->s1: decreaseNextIndex nextIndex: updateUnconditionally 42 -> 41
2023-03-14 08:39:19,567 [grpc-default-executor-10] INFO  leader.FollowerInfo (FollowerInfoImpl.java:lambda$new$0(52)) - s0@group-601F42C587AE->s2: decreaseNextIndex nextIndex: updateUnconditionally 45 -> 44
2023-03-14 08:39:19,567 [grpc-default-executor-0] INFO  leader.FollowerInfo (FollowerInfoImpl.java:lambda$new$0(52)) - s0@group-601F42C587AE->s2: decreaseNextIndex nextIndex: updateUnconditionally 44 -> 43
2023-03-14 08:39:19,567 [grpc-default-executor-7] WARN  server.GrpcLogAppender (LogUtils.java:warn(122)) - s0@group-601F42C587AE->s2-AppendLogResponseHandler: Failed appendEntries: org.apache.ratis.thirdparty.io.grpc.StatusRuntimeException: UNAVAILABLE: io exception
2023-03-14 08:39:19,569 [grpc-default-executor-10] WARN  server.GrpcLogAppender (LogUtils.java:warn(122)) - s0@group-601F42C587AE->s2-AppendLogResponseHandler: Failed appendEntries: org.apache.ratis.thirdparty.io.grpc.StatusRuntimeException: UNAVAILABLE: io exception
2023-03-14 08:39:19,569 [Time-limited test] INFO  server.GrpcService (GrpcService.java:closeImpl(320)) - s2: shutdown server GrpcServerProtocolService successfully
2023-03-14 08:39:19,569 [grpc-default-executor-7] INFO  leader.FollowerInfo (FollowerInfoImpl.java:lambda$new$0(52)) - s0@group-601F42C587AE->s2: decreaseNextIndex nextIndex: updateUnconditionally 45 -> 44
2023-03-14 08:39:19,569 [grpc-default-executor-0] WARN  server.GrpcLogAppender (LogUtils.java:warn(122)) - s0@group-601F42C587AE->s2-AppendLogResponseHandler: Failed appendEntries: org.apache.ratis.thirdparty.io.grpc.StatusRuntimeException: UNAVAILABLE: io exception
2023-03-14 08:39:19,569 [grpc-default-executor-10] INFO  leader.FollowerInfo (FollowerInfoImpl.java:lambda$new$0(52)) - s0@group-601F42C587AE->s2: decreaseNextIndex nextIndex: updateUnconditionally 44 -> 43
2023-03-14 08:39:19,569 [grpc-default-executor-0] INFO  leader.FollowerInfo (FollowerInfoImpl.java:lambda$new$0(52)) - s0@group-601F42C587AE->s2: decreaseNextIndex nextIndex: updateUnconditionally 43 -> 42
2023-03-14 08:39:19,577 [s1-server-thread1] DEBUG server.RaftServer$Division (RaftServerImpl.java:logAppendEntries(1430)) - s1@group-601F42C587AE: receive appendEntries(s0, 1, (t:1, i:40), 44, true, commits:[s0:c44, s1:c44, s2:c44], cId:36865, entries: [(t:1, i:41), CONFIGURATIONENTRY(current:id: "s0"
address: "localhost:37053"
dataStreamAddress: "localhost:39313"
clientAddress: "localhost:45499"
adminAddress: "localhost:46553"
startupRole: FOLLOWER
,id: "s1"
address: "0.0.0.0:39533"
clientAddress: "0.0.0.0:39533"
adminAddress: "0.0.0.0:39533"
startupRole: FOLLOWER
,id: "s2"
address: "0.0.0.0:38849"
clientAddress: "0.0.0.0:38849"
adminAddress: "0.0.0.0:38849"
startupRole: FOLLOWER
, old:id: "s0"
address: "localhost:37053"
dataStreamAddress: "localhost:39313"
clientAddress: "localhost:45499"
adminAddress: "localhost:46553"
startupRole: FOLLOWER
), (t:1, i:42), METADATAENTRY(c:41), (t:1, i:43), CONFIGURATIONENTRY(current:id: "s0"
address: "localhost:37053"
dataStreamAddress: "localhost:39313"
clientAddress: "localhost:45499"
adminAddress: "localhost:46553"
startupRole: FOLLOWER
,id: "s1"
address: "0.0.0.0:39533"
clientAddress: "0.0.0.0:39533"
adminAddress: "0.0.0.0:39533"
startupRole: FOLLOWER
,id: "s2"
address: "0.0.0.0:38849"
clientAddress: "0.0.0.0:38849"
adminAddress: "0.0.0.0:38849"
startupRole: FOLLOWER
, old:), (t:1, i:44), METADATAENTRY(c:43)]
2023-03-14 08:39:19,578 [s1-server-thread1] INFO  server.RaftServer$Division (ServerState.java:setLeader(260)) - s1@group-601F42C587AE: change Leader from null to s0 at term 1 for appendEntries, leader elected after 27ms
2023-03-14 08:39:19,578 [s1-server-thread1] INFO  server.RaftServer$Division (RaftServerImpl.java:checkInconsistentAppendEntries(1610)) - s1@group-601F42C587AE: Failed appendEntries as previous log entry ((t:1, i:40)) is not found
2023-03-14 08:39:19,578 [s1-server-thread1] INFO  server.RaftServer$Division (RaftServerImpl.java:checkInconsistentAppendEntries(1580)) - s1@group-601F42C587AE: inconsistency entries. Reply:s0<-s1#36865:FAIL-t0,INCONSISTENCY,nextIndex=0,followerCommit=-1,matchIndex=-1
2023-03-14 08:39:19,579 [grpc-default-executor-10] WARN  server.GrpcLogAppender (GrpcLogAppender.java:onNextImpl(390)) - s0@group-601F42C587AE->s1-AppendLogResponseHandler: received INCONSISTENCY reply with nextIndex 0
2023-03-14 08:39:19,579 [grpc-default-executor-10] INFO  leader.FollowerInfo (FollowerInfoImpl.java:lambda$new$0(52)) - s0@group-601F42C587AE->s1: setNextIndex nextIndex: updateUnconditionally 45 -> 0
2023-03-14 08:39:19,587 [s1-server-thread1] DEBUG server.RaftServer$Division (RaftServerImpl.java:logAppendEntries(1430)) - s1@group-601F42C587AE: receive appendEntries(s0, 1, null, 44, true, commits:[s0:c44, s1:c44, s2:c44], cId:36866, entries: [(t:1, i:0), CONFIGURATIONENTRY(current:id: "s0"
address: "localhost:37053"
dataStreamAddress: "localhost:39313"
clientAddress: "localhost:45499"
adminAddress: "localhost:46553"
startupRole: FOLLOWER
, old:), (t:1, i:1), STATEMACHINELOGENTRY, 99@client-ED1A43C046DC, (t:1, i:2), METADATAENTRY(c:1), (t:1, i:3), STATEMACHINELOGENTRY, 100@client-ED1A43C046DC, (t:1, i:4), METADATAENTRY(c:3), (t:1, i:5), STATEMACHINELOGENTRY, 101@client-ED1A43C046DC, (t:1, i:6), METADATAENTRY(c:5), (t:1, i:7), STATEMACHINELOGENTRY, 102@client-ED1A43C046DC, (t:1, i:8), METADATAENTRY(c:7), (t:1, i:9), STATEMACHINELOGENTRY, 103@client-ED1A43C046DC, (t:1, i:10), METADATAENTRY(c:9), (t:1, i:11), STATEMACHINELOGENTRY, 104@client-ED1A43C046DC, (t:1, i:12), METADATAENTRY(c:11), (t:1, i:13), STATEMACHINELOGENTRY, 105@client-ED1A43C046DC, (t:1, i:14), METADATAENTRY(c:13), (t:1, i:15), STATEMACHINELOGENTRY, 106@client-ED1A43C046DC, (t:1, i:16), METADATAENTRY(c:15), (t:1, i:17), STATEMACHINELOGENTRY, 107@client-ED1A43C046DC, (t:1, i:18), METADATAENTRY(c:17), (t:1, i:19), STATEMACHINELOGENTRY, 108@client-ED1A43C046DC, (t:1, i:20), METADATAENTRY(c:19), (t:1, i:21), STATEMACHINELOGENTRY, 109@client-ED1A43C046DC, (t:1, i:22), METADATAENTRY(c:21), (t:1, i:23), STATEMACHINELOGENTRY, 110@client-ED1A43C046DC, (t:1, i:24), METADATAENTRY(c:23), (t:1, i:25), STATEMACHINELOGENTRY, 111@client-ED1A43C046DC, (t:1, i:26), METADATAENTRY(c:25), (t:1, i:27), STATEMACHINELOGENTRY, 112@client-ED1A43C046DC, (t:1, i:28), METADATAENTRY(c:27), (t:1, i:29), STATEMACHINELOGENTRY, 113@client-ED1A43C046DC, (t:1, i:30), METADATAENTRY(c:29), (t:1, i:31), STATEMACHINELOGENTRY, 114@client-ED1A43C046DC, (t:1, i:32), METADATAENTRY(c:31), (t:1, i:33), STATEMACHINELOGENTRY, 115@client-ED1A43C046DC, (t:1, i:34), METADATAENTRY(c:33), (t:1, i:35), STATEMACHINELOGENTRY, 116@client-ED1A43C046DC, (t:1, i:36), METADATAENTRY(c:35), (t:1, i:37), STATEMACHINELOGENTRY, 117@client-ED1A43C046DC, (t:1, i:38), METADATAENTRY(c:37), (t:1, i:39), STATEMACHINELOGENTRY, 118@client-ED1A43C046DC, (t:1, i:40), METADATAENTRY(c:39), (t:1, i:41), CONFIGURATIONENTRY(current:id: "s0"
address: "localhost:37053"
dataStreamAddress: "localhost:39313"
clientAddress: "localhost:45499"
adminAddress: "localhost:46553"
startupRole: FOLLOWER
,id: "s1"
address: "0.0.0.0:39533"
clientAddress: "0.0.0.0:39533"
adminAddress: "0.0.0.0:39533"
startupRole: FOLLOWER
,id: "s2"
address: "0.0.0.0:38849"
clientAddress: "0.0.0.0:38849"
adminAddress: "0.0.0.0:38849"
startupRole: FOLLOWER
, old:id: "s0"
address: "localhost:37053"
dataStreamAddress: "localhost:39313"
clientAddress: "localhost:45499"
adminAddress: "localhost:46553"
startupRole: FOLLOWER
), (t:1, i:42), METADATAENTRY(c:41), (t:1, i:43), CONFIGURATIONENTRY(current:id: "s0"
address: "localhost:37053"
dataStreamAddress: "localhost:39313"
clientAddress: "localhost:45499"
adminAddress: "localhost:46553"
startupRole: FOLLOWER
,id: "s1"
address: "0.0.0.0:39533"
clientAddress: "0.0.0.0:39533"
adminAddress: "0.0.0.0:39533"
startupRole: FOLLOWER
,id: "s2"
address: "0.0.0.0:38849"
clientAddress: "0.0.0.0:38849"
adminAddress: "0.0.0.0:38849"
startupRole: FOLLOWER
, old:), (t:1, i:44), METADATAENTRY(c:43)]
2023-03-14 08:39:19,588 [s1-server-thread1] INFO  server.RaftServer$Division (ServerState.java:setRaftConf(378)) - s1@group-601F42C587AE: set configuration 0: peers:[s0|rpc:localhost:37053|admin:localhost:46553|client:localhost:45499|dataStream:localhost:39313|priority:0|startupRole:FOLLOWER]|listeners:[], old=null
2023-03-14 08:39:19,588 [s1-server-thread1] INFO  server.RaftServer$Division (ServerState.java:setRaftConf(378)) - s1@group-601F42C587AE: set configuration 41: peers:[s0|rpc:localhost:37053|admin:localhost:46553|client:localhost:45499|dataStream:localhost:39313|priority:0|startupRole:FOLLOWER, s1|rpc:0.0.0.0:39533|dataStream:|priority:0|startupRole:FOLLOWER, s2|rpc:0.0.0.0:38849|dataStream:|priority:0|startupRole:FOLLOWER]|listeners:[], old=peers:[s0|rpc:localhost:37053|admin:localhost:46553|client:localhost:45499|dataStream:localhost:39313|priority:0|startupRole:FOLLOWER]|listeners:[]
2023-03-14 08:39:19,588 [s1-server-thread1] INFO  server.RaftServer$Division (ServerState.java:setRaftConf(378)) - s1@group-601F42C587AE: set configuration 43: peers:[s0|rpc:localhost:37053|admin:localhost:46553|client:localhost:45499|dataStream:localhost:39313|priority:0|startupRole:FOLLOWER, s1|rpc:0.0.0.0:39533|dataStream:|priority:0|startupRole:FOLLOWER, s2|rpc:0.0.0.0:38849|dataStream:|priority:0|startupRole:FOLLOWER]|listeners:[], old=null
2023-03-14 08:39:19,588 [s1-server-thread1] INFO  segmented.SegmentedRaftLogWorker (SegmentedRaftLogWorker.java:startLogSegment(426)) - s1@group-601F42C587AE-SegmentedRaftLogWorker: Starting segment from index:0
2023-03-14 08:39:19,596 [s1@group-601F42C587AE-SegmentedRaftLogWorker] INFO  segmented.SegmentedRaftLogWorker (SegmentedRaftLogWorker.java:execute(630)) - s1@group-601F42C587AE-SegmentedRaftLogWorker: created new log segment /home/runner/work/ratis/ratis/ratis-test/target/test/data/be523d36/MiniRaftClusterWithGrpcce1a277e/s1/f36edab9-02ec-4d78-8876-601f42c587ae/current/log_inprogress_0
2023-03-14 08:39:19,597 [s1-server-thread1] DEBUG server.RaftServer$Division (RaftServerImpl.java:logAppendEntries(1430)) - s1@group-601F42C587AE: succeeded to handle AppendEntries. Reply: s0<-s1#36866:OK-t1,SUCCESS,nextIndex=45,followerCommit=44,matchIndex=44
2023-03-14 08:39:19,613 [grpc-default-executor-7] WARN  server.GrpcLogAppender (LogUtils.java:warn(122)) - s0@group-601F42C587AE->s2-AppendLogResponseHandler: Failed appendEntries: org.apache.ratis.thirdparty.io.grpc.StatusRuntimeException: UNAVAILABLE: io exception
2023-03-14 08:39:19,613 [grpc-default-executor-10] WARN  server.GrpcLogAppender (LogUtils.java:warn(122)) - s0@group-601F42C587AE->s2-AppendLogResponseHandler: Failed appendEntries: org.apache.ratis.thirdparty.io.grpc.StatusRuntimeException: UNAVAILABLE: io exception
2023-03-14 08:39:19,613 [grpc-default-executor-7] INFO  leader.FollowerInfo (FollowerInfoImpl.java:lambda$new$0(52)) - s0@group-601F42C587AE->s2: decreaseNextIndex nextIndex: updateUnconditionally 42 -> 41
2023-03-14 08:39:19,614 [grpc-default-executor-10] INFO  leader.FollowerInfo (FollowerInfoImpl.java:lambda$new$0(52)) - s0@group-601F42C587AE->s2: decreaseNextIndex nextIndex: updateUnconditionally 41 -> 40
2023-03-14 08:39:19,623 [grpc-default-executor-7] WARN  server.GrpcLogAppender (LogUtils.java:warn(122)) - s0@group-601F42C587AE->s2-AppendLogResponseHandler: Failed appendEntries: org.apache.ratis.thirdparty.io.grpc.StatusRuntimeException: UNAVAILABLE: io exception
2023-03-14 08:39:19,623 [grpc-default-executor-10] WARN  server.GrpcLogAppender (LogUtils.java:warn(122)) - s0@group-601F42C587AE->s2-AppendLogResponseHandler: Failed appendEntries: org.apache.ratis.thirdparty.io.grpc.StatusRuntimeException: UNAVAILABLE: io exception
2023-03-14 08:39:19,623 [grpc-default-executor-7] INFO  leader.FollowerInfo (FollowerInfoImpl.java:lambda$new$0(52)) - s0@group-601F42C587AE->s2: decreaseNextIndex nextIndex: updateUnconditionally 45 -> 44
2023-03-14 08:39:19,624 [grpc-default-executor-10] INFO  leader.FollowerInfo (FollowerInfoImpl.java:lambda$new$0(52)) - s0@group-601F42C587AE->s2: decreaseNextIndex nextIndex: updateUnconditionally 44 -> 43
2023-03-14 08:39:19,650 [grpc-default-executor-7] WARN  server.GrpcLogAppender (LogUtils.java:warn(122)) - s0@group-601F42C587AE->s2-AppendLogResponseHandler: Failed appendEntries: org.apache.ratis.thirdparty.io.grpc.StatusRuntimeException: UNAVAILABLE: io exception
2023-03-14 08:39:19,650 [grpc-default-executor-10] WARN  server.GrpcLogAppender (LogUtils.java:warn(122)) - s0@group-601F42C587AE->s2-AppendLogResponseHandler: Failed appendEntries: org.apache.ratis.thirdparty.io.grpc.StatusRuntimeException: UNAVAILABLE: io exception
2023-03-14 08:39:19,651 [grpc-default-executor-7] INFO  leader.FollowerInfo (FollowerInfoImpl.java:lambda$new$0(52)) - s0@group-601F42C587AE->s2: decreaseNextIndex nextIndex: updateUnconditionally 43 -> 42
2023-03-14 08:39:19,651 [grpc-default-executor-10] INFO  leader.FollowerInfo (FollowerInfoImpl.java:lambda$new$0(52)) - s0@group-601F42C587AE->s2: decreaseNextIndex nextIndex: updateUnconditionally 42 -> 41
2023-03-14 08:39:19,661 [grpc-default-executor-7] WARN  server.GrpcLogAppender (LogUtils.java:warn(122)) - s0@group-601F42C587AE->s2-AppendLogResponseHandler: Failed appendEntries: org.apache.ratis.thirdparty.io.grpc.StatusRuntimeException: UNAVAILABLE: io exception
2023-03-14 08:39:19,661 [grpc-default-executor-10] WARN  server.GrpcLogAppender (LogUtils.java:warn(122)) - s0@group-601F42C587AE->s2-AppendLogResponseHandler: Failed appendEntries: org.apache.ratis.thirdparty.io.grpc.StatusRuntimeException: UNAVAILABLE: io exception
2023-03-14 08:39:19,661 [grpc-default-executor-7] INFO  leader.FollowerInfo (FollowerInfoImpl.java:lambda$new$0(52)) - s0@group-601F42C587AE->s2: decreaseNextIndex nextIndex: updateUnconditionally 45 -> 44
2023-03-14 08:39:19,661 [grpc-default-executor-10] INFO  leader.FollowerInfo (FollowerInfoImpl.java:lambda$new$0(52)) - s0@group-601F42C587AE->s2: decreaseNextIndex nextIndex: updateUnconditionally 44 -> 43
2023-03-14 08:39:19,688 [grpc-default-executor-7] WARN  server.GrpcLogAppender (LogUtils.java:warn(122)) - s0@group-601F42C587AE->s2-AppendLogResponseHandler: Failed appendEntries: org.apache.ratis.thirdparty.io.grpc.StatusRuntimeException: UNAVAILABLE: io exception
2023-03-14 08:39:19,688 [grpc-default-executor-10] WARN  server.GrpcLogAppender (LogUtils.java:warn(122)) - s0@group-601F42C587AE->s2-AppendLogResponseHandler: Failed appendEntries: org.apache.ratis.thirdparty.io.grpc.StatusRuntimeException: UNAVAILABLE: io exception
2023-03-14 08:39:19,688 [grpc-default-executor-7] INFO  leader.FollowerInfo (FollowerInfoImpl.java:lambda$new$0(52)) - s0@group-601F42C587AE->s2: decreaseNextIndex nextIndex: updateUnconditionally 43 -> 42
2023-03-14 08:39:19,688 [grpc-default-executor-10] INFO  leader.FollowerInfo (FollowerInfoImpl.java:lambda$new$0(52)) - s0@group-601F42C587AE->s2: decreaseNextIndex nextIndex: updateUnconditionally 42 -> 41
2023-03-14 08:39:19,698 [grpc-default-executor-7] WARN  server.GrpcLogAppender (LogUtils.java:warn(122)) - s0@group-601F42C587AE->s2-AppendLogResponseHandler: Failed appendEntries: org.apache.ratis.thirdparty.io.grpc.StatusRuntimeException: UNAVAILABLE: io exception
2023-03-14 08:39:19,698 [grpc-default-executor-10] WARN  server.GrpcLogAppender (LogUtils.java:warn(122)) - s0@group-601F42C587AE->s2-AppendLogResponseHandler: Failed appendEntries: org.apache.ratis.thirdparty.io.grpc.StatusRuntimeException: UNAVAILABLE: io exception
2023-03-14 08:39:19,698 [grpc-default-executor-7] INFO  leader.FollowerInfo (FollowerInfoImpl.java:lambda$new$0(52)) - s0@group-601F42C587AE->s2: decreaseNextIndex nextIndex: updateUnconditionally 45 -> 44
2023-03-14 08:39:19,698 [grpc-default-executor-10] INFO  leader.FollowerInfo (FollowerInfoImpl.java:lambda$new$0(52)) - s0@group-601F42C587AE->s2: decreaseNextIndex nextIndex: updateUnconditionally 44 -> 43
2023-03-14 08:39:19,725 [grpc-default-executor-7] WARN  server.GrpcLogAppender (LogUtils.java:warn(122)) - s0@group-601F42C587AE->s2-AppendLogResponseHandler: Failed appendEntries: org.apache.ratis.thirdparty.io.grpc.StatusRuntimeException: UNAVAILABLE: io exception
2023-03-14 08:39:19,725 [grpc-default-executor-10] WARN  server.GrpcLogAppender (LogUtils.java:warn(122)) - s0@group-601F42C587AE->s2-AppendLogResponseHandler: Failed appendEntries: org.apache.ratis.thirdparty.io.grpc.StatusRuntimeException: UNAVAILABLE: io exception
2023-03-14 08:39:19,725 [grpc-default-executor-7] INFO  leader.FollowerInfo (FollowerInfoImpl.java:lambda$new$0(52)) - s0@group-601F42C587AE->s2: decreaseNextIndex nextIndex: updateUnconditionally 43 -> 42
2023-03-14 08:39:19,726 [grpc-default-executor-10] INFO  leader.FollowerInfo (FollowerInfoImpl.java:lambda$new$0(52)) - s0@group-601F42C587AE->s2: decreaseNextIndex nextIndex: updateUnconditionally 42 -> 41
2023-03-14 08:39:19,735 [grpc-default-executor-7] WARN  server.GrpcLogAppender (LogUtils.java:warn(122)) - s0@group-601F42C587AE->s2-AppendLogResponseHandler: Failed appendEntries: org.apache.ratis.thirdparty.io.grpc.StatusRuntimeException: UNAVAILABLE: io exception
2023-03-14 08:39:19,735 [grpc-default-executor-10] WARN  server.GrpcLogAppender (LogUtils.java:warn(122)) - s0@group-601F42C587AE->s2-AppendLogResponseHandler: Failed appendEntries: org.apache.ratis.thirdparty.io.grpc.StatusRuntimeException: UNAVAILABLE: io exception
2023-03-14 08:39:19,735 [grpc-default-executor-7] INFO  leader.FollowerInfo (FollowerInfoImpl.java:lambda$new$0(52)) - s0@group-601F42C587AE->s2: decreaseNextIndex nextIndex: updateUnconditionally 45 -> 44
2023-03-14 08:39:19,736 [grpc-default-executor-10] INFO  leader.FollowerInfo (FollowerInfoImpl.java:lambda$new$0(52)) - s0@group-601F42C587AE->s2: decreaseNextIndex nextIndex: updateUnconditionally 44 -> 43
2023-03-14 08:39:19,762 [grpc-default-executor-7] WARN  server.GrpcLogAppender (LogUtils.java:warn(122)) - s0@group-601F42C587AE->s2-AppendLogResponseHandler: Failed appendEntries: org.apache.ratis.thirdparty.io.grpc.StatusRuntimeException: UNAVAILABLE: io exception
2023-03-14 08:39:19,762 [grpc-default-executor-10] WARN  server.GrpcLogAppender (LogUtils.java:warn(122)) - s0@group-601F42C587AE->s2-AppendLogResponseHandler: Failed appendEntries: org.apache.ratis.thirdparty.io.grpc.StatusRuntimeException: UNAVAILABLE: io exception
2023-03-14 08:39:19,763 [grpc-default-executor-7] INFO  leader.FollowerInfo (FollowerInfoImpl.java:lambda$new$0(52)) - s0@group-601F42C587AE->s2: decreaseNextIndex nextIndex: updateUnconditionally 43 -> 42
2023-03-14 08:39:19,763 [grpc-default-executor-10] INFO  leader.FollowerInfo (FollowerInfoImpl.java:lambda$new$0(52)) - s0@group-601F42C587AE->s2: decreaseNextIndex nextIndex: updateUnconditionally 42 -> 41
2023-03-14 08:39:19,773 [grpc-default-executor-7] WARN  server.GrpcLogAppender (LogUtils.java:warn(122)) - s0@group-601F42C587AE->s2-AppendLogResponseHandler: Failed appendEntries: org.apache.ratis.thirdparty.io.grpc.StatusRuntimeException: UNAVAILABLE: io exception
2023-03-14 08:39:19,773 [grpc-default-executor-10] WARN  server.GrpcLogAppender (LogUtils.java:warn(122)) - s0@group-601F42C587AE->s2-AppendLogResponseHandler: Failed appendEntries: org.apache.ratis.thirdparty.io.grpc.StatusRuntimeException: UNAVAILABLE: io exception
2023-03-14 08:39:19,773 [grpc-default-executor-7] INFO  leader.FollowerInfo (FollowerInfoImpl.java:lambda$new$0(52)) - s0@group-601F42C587AE->s2: decreaseNextIndex nextIndex: updateUnconditionally 45 -> 44
2023-03-14 08:39:19,773 [grpc-default-executor-10] INFO  leader.FollowerInfo (FollowerInfoImpl.java:lambda$new$0(52)) - s0@group-601F42C587AE->s2: decreaseNextIndex nextIndex: updateUnconditionally 44 -> 43
2023-03-14 08:39:19,800 [grpc-default-executor-7] WARN  server.GrpcLogAppender (LogUtils.java:warn(122)) - s0@group-601F42C587AE->s2-AppendLogResponseHandler: Failed appendEntries: org.apache.ratis.thirdparty.io.grpc.StatusRuntimeException: UNAVAILABLE: io exception
2023-03-14 08:39:19,800 [grpc-default-executor-10] WARN  server.GrpcLogAppender (LogUtils.java:warn(122)) - s0@group-601F42C587AE->s2-AppendLogResponseHandler: Failed appendEntries: org.apache.ratis.thirdparty.io.grpc.StatusRuntimeException: UNAVAILABLE: io exception
2023-03-14 08:39:19,800 [grpc-default-executor-7] INFO  leader.FollowerInfo (FollowerInfoImpl.java:lambda$new$0(52)) - s0@group-601F42C587AE->s2: decreaseNextIndex nextIndex: updateUnconditionally 43 -> 42
2023-03-14 08:39:19,800 [grpc-default-executor-10] INFO  leader.FollowerInfo (FollowerInfoImpl.java:lambda$new$0(52)) - s0@group-601F42C587AE->s2: decreaseNextIndex nextIndex: updateUnconditionally 42 -> 41
2023-03-14 08:39:19,810 [grpc-default-executor-7] WARN  server.GrpcLogAppender (LogUtils.java:warn(122)) - s0@group-601F42C587AE->s2-AppendLogResponseHandler: Failed appendEntries: org.apache.ratis.thirdparty.io.grpc.StatusRuntimeException: UNAVAILABLE: io exception
2023-03-14 08:39:19,810 [grpc-default-executor-10] WARN  server.GrpcLogAppender (LogUtils.java:warn(122)) - s0@group-601F42C587AE->s2-AppendLogResponseHandler: Failed appendEntries: org.apache.ratis.thirdparty.io.grpc.StatusRuntimeException: UNAVAILABLE: io exception
2023-03-14 08:39:19,810 [grpc-default-executor-7] INFO  leader.FollowerInfo (FollowerInfoImpl.java:lambda$new$0(52)) - s0@group-601F42C587AE->s2: decreaseNextIndex nextIndex: updateUnconditionally 45 -> 44
2023-03-14 08:39:19,810 [grpc-default-executor-10] INFO  leader.FollowerInfo (FollowerInfoImpl.java:lambda$new$0(52)) - s0@group-601F42C587AE->s2: decreaseNextIndex nextIndex: updateUnconditionally 44 -> 43
2023-03-14 08:39:19,837 [grpc-default-executor-7] WARN  server.GrpcLogAppender (LogUtils.java:warn(122)) - s0@group-601F42C587AE->s2-AppendLogResponseHandler: Failed appendEntries: org.apache.ratis.thirdparty.io.grpc.StatusRuntimeException: UNAVAILABLE: io exception
2023-03-14 08:39:19,837 [grpc-default-executor-10] WARN  server.GrpcLogAppender (LogUtils.java:warn(122)) - s0@group-601F42C587AE->s2-AppendLogResponseHandler: Failed appendEntries: org.apache.ratis.thirdparty.io.grpc.StatusRuntimeException: UNAVAILABLE: io exception
2023-03-14 08:39:19,837 [grpc-default-executor-7] INFO  leader.FollowerInfo (FollowerInfoImpl.java:lambda$new$0(52)) - s0@group-601F42C587AE->s2: decreaseNextIndex nextIndex: updateUnconditionally 43 -> 42
2023-03-14 08:39:19,837 [grpc-default-executor-10] INFO  leader.FollowerInfo (FollowerInfoImpl.java:lambda$new$0(52)) - s0@group-601F42C587AE->s2: decreaseNextIndex nextIndex: updateUnconditionally 42 -> 41
2023-03-14 08:39:19,847 [grpc-default-executor-7] WARN  server.GrpcLogAppender (LogUtils.java:warn(122)) - s0@group-601F42C587AE->s2-AppendLogResponseHandler: Failed appendEntries: org.apache.ratis.thirdparty.io.grpc.StatusRuntimeException: UNAVAILABLE: io exception
2023-03-14 08:39:19,847 [grpc-default-executor-10] WARN  server.GrpcLogAppender (LogUtils.java:warn(122)) - s0@group-601F42C587AE->s2-AppendLogResponseHandler: Failed appendEntries: org.apache.ratis.thirdparty.io.grpc.StatusRuntimeException: UNAVAILABLE: io exception
2023-03-14 08:39:19,847 [grpc-default-executor-7] INFO  leader.FollowerInfo (FollowerInfoImpl.java:lambda$new$0(52)) - s0@group-601F42C587AE->s2: decreaseNextIndex nextIndex: updateUnconditionally 45 -> 44
2023-03-14 08:39:19,847 [grpc-default-executor-10] INFO  leader.FollowerInfo (FollowerInfoImpl.java:lambda$new$0(52)) - s0@group-601F42C587AE->s2: decreaseNextIndex nextIndex: updateUnconditionally 44 -> 43
2023-03-14 08:39:19,874 [grpc-default-executor-7] WARN  server.GrpcLogAppender (LogUtils.java:warn(122)) - s0@group-601F42C587AE->s2-AppendLogResponseHandler: Failed appendEntries: org.apache.ratis.thirdparty.io.grpc.StatusRuntimeException: UNAVAILABLE: io exception
2023-03-14 08:39:19,874 [grpc-default-executor-10] WARN  server.GrpcLogAppender (LogUtils.java:warn(122)) - s0@group-601F42C587AE->s2-AppendLogResponseHandler: Failed appendEntries: org.apache.ratis.thirdparty.io.grpc.StatusRuntimeException: UNAVAILABLE: io exception
2023-03-14 08:39:19,874 [grpc-default-executor-7] INFO  leader.FollowerInfo (FollowerInfoImpl.java:lambda$new$0(52)) - s0@group-601F42C587AE->s2: decreaseNextIndex nextIndex: updateUnconditionally 43 -> 42
2023-03-14 08:39:19,875 [grpc-default-executor-10] INFO  leader.FollowerInfo (FollowerInfoImpl.java:lambda$new$0(52)) - s0@group-601F42C587AE->s2: decreaseNextIndex nextIndex: updateUnconditionally 42 -> 41
2023-03-14 08:39:19,884 [grpc-default-executor-7] WARN  server.GrpcLogAppender (LogUtils.java:warn(122)) - s0@group-601F42C587AE->s2-AppendLogResponseHandler: Failed appendEntries: org.apache.ratis.thirdparty.io.grpc.StatusRuntimeException: UNAVAILABLE: io exception
2023-03-14 08:39:19,884 [grpc-default-executor-10] WARN  server.GrpcLogAppender (LogUtils.java:warn(122)) - s0@group-601F42C587AE->s2-AppendLogResponseHandler: Failed appendEntries: org.apache.ratis.thirdparty.io.grpc.StatusRuntimeException: UNAVAILABLE: io exception
2023-03-14 08:39:19,885 [grpc-default-executor-7] INFO  leader.FollowerInfo (FollowerInfoImpl.java:lambda$new$0(52)) - s0@group-601F42C587AE->s2: decreaseNextIndex nextIndex: updateUnconditionally 45 -> 44
2023-03-14 08:39:19,885 [grpc-default-executor-10] INFO  leader.FollowerInfo (FollowerInfoImpl.java:lambda$new$0(52)) - s0@group-601F42C587AE->s2: decreaseNextIndex nextIndex: updateUnconditionally 44 -> 43
2023-03-14 08:39:19,912 [grpc-default-executor-7] WARN  server.GrpcLogAppender (LogUtils.java:warn(122)) - s0@group-601F42C587AE->s2-AppendLogResponseHandler: Failed appendEntries: org.apache.ratis.thirdparty.io.grpc.StatusRuntimeException: UNAVAILABLE: io exception
2023-03-14 08:39:19,912 [grpc-default-executor-10] WARN  server.GrpcLogAppender (LogUtils.java:warn(122)) - s0@group-601F42C587AE->s2-AppendLogResponseHandler: Failed appendEntries: org.apache.ratis.thirdparty.io.grpc.StatusRuntimeException: UNAVAILABLE: io exception
2023-03-14 08:39:19,912 [grpc-default-executor-7] INFO  leader.FollowerInfo (FollowerInfoImpl.java:lambda$new$0(52)) - s0@group-601F42C587AE->s2: decreaseNextIndex nextIndex: updateUnconditionally 43 -> 42
2023-03-14 08:39:19,912 [grpc-default-executor-10] INFO  leader.FollowerInfo (FollowerInfoImpl.java:lambda$new$0(52)) - s0@group-601F42C587AE->s2: decreaseNextIndex nextIndex: updateUnconditionally 42 -> 41
2023-03-14 08:39:19,922 [grpc-default-executor-10] WARN  server.GrpcLogAppender (LogUtils.java:warn(122)) - s0@group-601F42C587AE->s2-AppendLogResponseHandler: Failed appendEntries: org.apache.ratis.thirdparty.io.grpc.StatusRuntimeException: UNAVAILABLE: io exception
2023-03-14 08:39:19,922 [grpc-default-executor-10] INFO  leader.FollowerInfo (FollowerInfoImpl.java:lambda$new$0(52)) - s0@group-601F42C587AE->s2: decreaseNextIndex nextIndex: updateUnconditionally 45 -> 44
2023-03-14 08:39:19,922 [grpc-default-executor-7] WARN  server.GrpcLogAppender (LogUtils.java:warn(122)) - s0@group-601F42C587AE->s2-AppendLogResponseHandler: Failed appendEntries: org.apache.ratis.thirdparty.io.grpc.StatusRuntimeException: UNAVAILABLE: io exception
2023-03-14 08:39:19,922 [grpc-default-executor-7] INFO  leader.FollowerInfo (FollowerInfoImpl.java:lambda$new$0(52)) - s0@group-601F42C587AE->s2: decreaseNextIndex nextIndex: updateUnconditionally 44 -> 43
2023-03-14 08:39:19,949 [grpc-default-executor-7] WARN  server.GrpcLogAppender (LogUtils.java:warn(122)) - s0@group-601F42C587AE->s2-AppendLogResponseHandler: Failed appendEntries: org.apache.ratis.thirdparty.io.grpc.StatusRuntimeException: UNAVAILABLE: io exception
2023-03-14 08:39:19,949 [grpc-default-executor-7] INFO  leader.FollowerInfo (FollowerInfoImpl.java:lambda$new$0(52)) - s0@group-601F42C587AE->s2: decreaseNextIndex nextIndex: updateUnconditionally 43 -> 42
2023-03-14 08:39:19,949 [grpc-default-executor-10] WARN  server.GrpcLogAppender (LogUtils.java:warn(122)) - s0@group-601F42C587AE->s2-AppendLogResponseHandler: Failed appendEntries: org.apache.ratis.thirdparty.io.grpc.StatusRuntimeException: UNAVAILABLE: io exception
2023-03-14 08:39:19,949 [grpc-default-executor-10] INFO  leader.FollowerInfo (FollowerInfoImpl.java:lambda$new$0(52)) - s0@group-601F42C587AE->s2: decreaseNextIndex nextIndex: updateUnconditionally 42 -> 41
2023-03-14 08:39:19,959 [grpc-default-executor-10] WARN  server.GrpcLogAppender (LogUtils.java:warn(122)) - s0@group-601F42C587AE->s2-AppendLogResponseHandler: Failed appendEntries: org.apache.ratis.thirdparty.io.grpc.StatusRuntimeException: UNAVAILABLE: io exception
2023-03-14 08:39:19,959 [grpc-default-executor-10] INFO  leader.FollowerInfo (FollowerInfoImpl.java:lambda$new$0(52)) - s0@group-601F42C587AE->s2: decreaseNextIndex nextIndex: updateUnconditionally 45 -> 44
2023-03-14 08:39:19,959 [grpc-default-executor-7] WARN  server.GrpcLogAppender (LogUtils.java:warn(122)) - s0@group-601F42C587AE->s2-AppendLogResponseHandler: Failed appendEntries: org.apache.ratis.thirdparty.io.grpc.StatusRuntimeException: UNAVAILABLE: io exception
2023-03-14 08:39:19,959 [grpc-default-executor-7] INFO  leader.FollowerInfo (FollowerInfoImpl.java:lambda$new$0(52)) - s0@group-601F42C587AE->s2: decreaseNextIndex nextIndex: updateUnconditionally 44 -> 43
2023-03-14 08:39:19,986 [grpc-default-executor-7] WARN  server.GrpcLogAppender (LogUtils.java:warn(122)) - s0@group-601F42C587AE->s2-AppendLogResponseHandler: Failed appendEntries: org.apache.ratis.thirdparty.io.grpc.StatusRuntimeException: UNAVAILABLE: io exception
2023-03-14 08:39:19,986 [grpc-default-executor-10] WARN  server.GrpcLogAppender (LogUtils.java:warn(122)) - s0@group-601F42C587AE->s2-AppendLogResponseHandler: Failed appendEntries: org.apache.ratis.thirdparty.io.grpc.StatusRuntimeException: UNAVAILABLE: io exception
2023-03-14 08:39:19,986 [grpc-default-executor-7] INFO  leader.FollowerInfo (FollowerInfoImpl.java:lambda$new$0(52)) - s0@group-601F42C587AE->s2: decreaseNextIndex nextIndex: updateUnconditionally 43 -> 42
2023-03-14 08:39:19,987 [grpc-default-executor-10] INFO  leader.FollowerInfo (FollowerInfoImpl.java:lambda$new$0(52)) - s0@group-601F42C587AE->s2: decreaseNextIndex nextIndex: updateUnconditionally 42 -> 41
2023-03-14 08:39:19,996 [grpc-default-executor-7] WARN  server.GrpcLogAppender (LogUtils.java:warn(122)) - s0@group-601F42C587AE->s2-AppendLogResponseHandler: Failed appendEntries: org.apache.ratis.thirdparty.io.grpc.StatusRuntimeException: UNAVAILABLE: io exception
2023-03-14 08:39:19,996 [grpc-default-executor-10] WARN  server.GrpcLogAppender (LogUtils.java:warn(122)) - s0@group-601F42C587AE->s2-AppendLogResponseHandler: Failed appendEntries: org.apache.ratis.thirdparty.io.grpc.StatusRuntimeException: UNAVAILABLE: io exception
2023-03-14 08:39:19,997 [grpc-default-executor-7] INFO  leader.FollowerInfo (FollowerInfoImpl.java:lambda$new$0(52)) - s0@group-601F42C587AE->s2: decreaseNextIndex nextIndex: updateUnconditionally 45 -> 44
2023-03-14 08:39:19,997 [grpc-default-executor-10] INFO  leader.FollowerInfo (FollowerInfoImpl.java:lambda$new$0(52)) - s0@group-601F42C587AE->s2: decreaseNextIndex nextIndex: updateUnconditionally 44 -> 43
2023-03-14 08:39:20,023 [grpc-default-executor-7] WARN  server.GrpcLogAppender (LogUtils.java:warn(122)) - s0@group-601F42C587AE->s2-AppendLogResponseHandler: Failed appendEntries: org.apache.ratis.thirdparty.io.grpc.StatusRuntimeException: UNAVAILABLE: io exception
2023-03-14 08:39:20,024 [grpc-default-executor-10] WARN  server.GrpcLogAppender (LogUtils.java:warn(122)) - s0@group-601F42C587AE->s2-AppendLogResponseHandler: Failed appendEntries: org.apache.ratis.thirdparty.io.grpc.StatusRuntimeException: UNAVAILABLE: io exception
2023-03-14 08:39:20,024 [grpc-default-executor-7] INFO  leader.FollowerInfo (FollowerInfoImpl.java:lambda$new$0(52)) - s0@group-601F42C587AE->s2: decreaseNextIndex nextIndex: updateUnconditionally 43 -> 42
2023-03-14 08:39:20,024 [grpc-default-executor-10] INFO  leader.FollowerInfo (FollowerInfoImpl.java:lambda$new$0(52)) - s0@group-601F42C587AE->s2: decreaseNextIndex nextIndex: updateUnconditionally 42 -> 41
2023-03-14 08:39:20,034 [grpc-default-executor-7] WARN  server.GrpcLogAppender (LogUtils.java:warn(122)) - s0@group-601F42C587AE->s2-AppendLogResponseHandler: Failed appendEntries: org.apache.ratis.thirdparty.io.grpc.StatusRuntimeException: UNAVAILABLE: io exception
2023-03-14 08:39:20,034 [grpc-default-executor-10] WARN  server.GrpcLogAppender (LogUtils.java:warn(122)) - s0@group-601F42C587AE->s2-AppendLogResponseHandler: Failed appendEntries: org.apache.ratis.thirdparty.io.grpc.StatusRuntimeException: UNAVAILABLE: io exception
2023-03-14 08:39:20,034 [grpc-default-executor-7] INFO  leader.FollowerInfo (FollowerInfoImpl.java:lambda$new$0(52)) - s0@group-601F42C587AE->s2: decreaseNextIndex nextIndex: updateUnconditionally 45 -> 44
2023-03-14 08:39:20,034 [grpc-default-executor-10] INFO  leader.FollowerInfo (FollowerInfoImpl.java:lambda$new$0(52)) - s0@group-601F42C587AE->s2: decreaseNextIndex nextIndex: updateUnconditionally 44 -> 43
2023-03-14 08:39:20,061 [grpc-default-executor-7] WARN  server.GrpcLogAppender (LogUtils.java:warn(122)) - s0@group-601F42C587AE->s2-AppendLogResponseHandler: Failed appendEntries: org.apache.ratis.thirdparty.io.grpc.StatusRuntimeException: UNAVAILABLE: io exception
2023-03-14 08:39:20,061 [grpc-default-executor-10] WARN  server.GrpcLogAppender (LogUtils.java:warn(122)) - s0@group-601F42C587AE->s2-AppendLogResponseHandler: Failed appendEntries: org.apache.ratis.thirdparty.io.grpc.StatusRuntimeException: UNAVAILABLE: io exception
2023-03-14 08:39:20,061 [grpc-default-executor-7] INFO  leader.FollowerInfo (FollowerInfoImpl.java:lambda$new$0(52)) - s0@group-601F42C587AE->s2: decreaseNextIndex nextIndex: updateUnconditionally 43 -> 42
2023-03-14 08:39:20,061 [grpc-default-executor-10] INFO  leader.FollowerInfo (FollowerInfoImpl.java:lambda$new$0(52)) - s0@group-601F42C587AE->s2: decreaseNextIndex nextIndex: updateUnconditionally 42 -> 41
2023-03-14 08:39:20,071 [grpc-default-executor-7] WARN  server.GrpcLogAppender (LogUtils.java:warn(122)) - s0@group-601F42C587AE->s2-AppendLogResponseHandler: Failed appendEntries: org.apache.ratis.thirdparty.io.grpc.StatusRuntimeException: UNAVAILABLE: io exception
2023-03-14 08:39:20,071 [grpc-default-executor-10] WARN  server.GrpcLogAppender (LogUtils.java:warn(122)) - s0@group-601F42C587AE->s2-AppendLogResponseHandler: Failed appendEntries: org.apache.ratis.thirdparty.io.grpc.StatusRuntimeException: UNAVAILABLE: io exception
2023-03-14 08:39:20,071 [grpc-default-executor-7] INFO  leader.FollowerInfo (FollowerInfoImpl.java:lambda$new$0(52)) - s0@group-601F42C587AE->s2: decreaseNextIndex nextIndex: updateUnconditionally 45 -> 44
2023-03-14 08:39:20,072 [grpc-default-executor-10] INFO  leader.FollowerInfo (FollowerInfoImpl.java:lambda$new$0(52)) - s0@group-601F42C587AE->s2: decreaseNextIndex nextIndex: updateUnconditionally 44 -> 43
2023-03-14 08:39:20,098 [grpc-default-executor-7] WARN  server.GrpcLogAppender (LogUtils.java:warn(122)) - s0@group-601F42C587AE->s2-AppendLogResponseHandler: Failed appendEntries: org.apache.ratis.thirdparty.io.grpc.StatusRuntimeException: UNAVAILABLE: io exception
2023-03-14 08:39:20,098 [grpc-default-executor-10] WARN  server.GrpcLogAppender (LogUtils.java:warn(122)) - s0@group-601F42C587AE->s2-AppendLogResponseHandler: Failed appendEntries: org.apache.ratis.thirdparty.io.grpc.StatusRuntimeException: UNAVAILABLE: io exception
2023-03-14 08:39:20,098 [grpc-default-executor-7] INFO  leader.FollowerInfo (FollowerInfoImpl.java:lambda$new$0(52)) - s0@group-601F42C587AE->s2: decreaseNextIndex nextIndex: updateUnconditionally 43 -> 42
2023-03-14 08:39:20,099 [grpc-default-executor-10] INFO  leader.FollowerInfo (FollowerInfoImpl.java:lambda$new$0(52)) - s0@group-601F42C587AE->s2: decreaseNextIndex nextIndex: updateUnconditionally 42 -> 41
2023-03-14 08:39:20,108 [grpc-default-executor-7] WARN  server.GrpcLogAppender (LogUtils.java:warn(122)) - s0@group-601F42C587AE->s2-AppendLogResponseHandler: Failed appendEntries: org.apache.ratis.thirdparty.io.grpc.StatusRuntimeException: UNAVAILABLE: io exception
2023-03-14 08:39:20,108 [grpc-default-executor-10] WARN  server.GrpcLogAppender (LogUtils.java:warn(122)) - s0@group-601F42C587AE->s2-AppendLogResponseHandler: Failed appendEntries: org.apache.ratis.thirdparty.io.grpc.StatusRuntimeException: UNAVAILABLE: io exception
2023-03-14 08:39:20,108 [grpc-default-executor-7] INFO  leader.FollowerInfo (FollowerInfoImpl.java:lambda$new$0(52)) - s0@group-601F42C587AE->s2: decreaseNextIndex nextIndex: updateUnconditionally 45 -> 44
2023-03-14 08:39:20,109 [grpc-default-executor-10] INFO  leader.FollowerInfo (FollowerInfoImpl.java:lambda$new$0(52)) - s0@group-601F42C587AE->s2: decreaseNextIndex nextIndex: updateUnconditionally 44 -> 43
2023-03-14 08:39:20,135 [grpc-default-executor-7] WARN  server.GrpcLogAppender (LogUtils.java:warn(122)) - s0@group-601F42C587AE->s2-AppendLogResponseHandler: Failed appendEntries: org.apache.ratis.thirdparty.io.grpc.StatusRuntimeException: UNAVAILABLE: io exception
2023-03-14 08:39:20,135 [grpc-default-executor-10] WARN  server.GrpcLogAppender (LogUtils.java:warn(122)) - s0@group-601F42C587AE->s2-AppendLogResponseHandler: Failed appendEntries: org.apache.ratis.thirdparty.io.grpc.StatusRuntimeException: UNAVAILABLE: io exception
2023-03-14 08:39:20,136 [grpc-default-executor-7] INFO  leader.FollowerInfo (FollowerInfoImpl.java:lambda$new$0(52)) - s0@group-601F42C587AE->s2: decreaseNextIndex nextIndex: updateUnconditionally 43 -> 42
2023-03-14 08:39:20,136 [grpc-default-executor-10] INFO  leader.FollowerInfo (FollowerInfoImpl.java:lambda$new$0(52)) - s0@group-601F42C587AE->s2: decreaseNextIndex nextIndex: updateUnconditionally 42 -> 41
2023-03-14 08:39:20,146 [grpc-default-executor-7] WARN  server.GrpcLogAppender (LogUtils.java:warn(122)) - s0@group-601F42C587AE->s2-AppendLogResponseHandler: Failed appendEntries: org.apache.ratis.thirdparty.io.grpc.StatusRuntimeException: UNAVAILABLE: io exception
2023-03-14 08:39:20,146 [grpc-default-executor-7] INFO  leader.FollowerInfo (FollowerInfoImpl.java:lambda$new$0(52)) - s0@group-601F42C587AE->s2: decreaseNextIndex nextIndex: updateUnconditionally 45 -> 44
2023-03-14 08:39:20,146 [grpc-default-executor-10] WARN  server.GrpcLogAppender (LogUtils.java:warn(122)) - s0@group-601F42C587AE->s2-AppendLogResponseHandler: Failed appendEntries: org.apache.ratis.thirdparty.io.grpc.StatusRuntimeException: UNAVAILABLE: io exception
2023-03-14 08:39:20,146 [grpc-default-executor-10] INFO  leader.FollowerInfo (FollowerInfoImpl.java:lambda$new$0(52)) - s0@group-601F42C587AE->s2: decreaseNextIndex nextIndex: updateUnconditionally 44 -> 43
2023-03-14 08:39:20,173 [grpc-default-executor-7] WARN  server.GrpcLogAppender (LogUtils.java:warn(122)) - s0@group-601F42C587AE->s2-AppendLogResponseHandler: Failed appendEntries: org.apache.ratis.thirdparty.io.grpc.StatusRuntimeException: UNAVAILABLE: io exception
2023-03-14 08:39:20,173 [grpc-default-executor-7] INFO  leader.FollowerInfo (FollowerInfoImpl.java:lambda$new$0(52)) - s0@group-601F42C587AE->s2: decreaseNextIndex nextIndex: updateUnconditionally 43 -> 42
2023-03-14 08:39:20,173 [grpc-default-executor-10] WARN  server.GrpcLogAppender (LogUtils.java:warn(122)) - s0@group-601F42C587AE->s2-AppendLogResponseHandler: Failed appendEntries: org.apache.ratis.thirdparty.io.grpc.StatusRuntimeException: UNAVAILABLE: io exception
2023-03-14 08:39:20,173 [grpc-default-executor-10] INFO  leader.FollowerInfo (FollowerInfoImpl.java:lambda$new$0(52)) - s0@group-601F42C587AE->s2: decreaseNextIndex nextIndex: updateUnconditionally 42 -> 41
2023-03-14 08:39:20,183 [grpc-default-executor-7] WARN  server.GrpcLogAppender (LogUtils.java:warn(122)) - s0@group-601F42C587AE->s2-AppendLogResponseHandler: Failed appendEntries: org.apache.ratis.thirdparty.io.grpc.StatusRuntimeException: UNAVAILABLE: io exception
2023-03-14 08:39:20,183 [grpc-default-executor-7] INFO  leader.FollowerInfo (FollowerInfoImpl.java:lambda$new$0(52)) - s0@group-601F42C587AE->s2: decreaseNextIndex nextIndex: updateUnconditionally 45 -> 44
2023-03-14 08:39:20,183 [grpc-default-executor-10] WARN  server.GrpcLogAppender (LogUtils.java:warn(122)) - s0@group-601F42C587AE->s2-AppendLogResponseHandler: Failed appendEntries: org.apache.ratis.thirdparty.io.grpc.StatusRuntimeException: UNAVAILABLE: io exception
2023-03-14 08:39:20,183 [grpc-default-executor-10] INFO  leader.FollowerInfo (FollowerInfoImpl.java:lambda$new$0(52)) - s0@group-601F42C587AE->s2: decreaseNextIndex nextIndex: updateUnconditionally 44 -> 43
2023-03-14 08:39:20,210 [grpc-default-executor-10] WARN  server.GrpcLogAppender (LogUtils.java:warn(122)) - s0@group-601F42C587AE->s2-AppendLogResponseHandler: Failed appendEntries: org.apache.ratis.thirdparty.io.grpc.StatusRuntimeException: UNAVAILABLE: io exception
2023-03-14 08:39:20,210 [grpc-default-executor-7] WARN  server.GrpcLogAppender (LogUtils.java:warn(122)) - s0@group-601F42C587AE->s2-AppendLogResponseHandler: Failed appendEntries: org.apache.ratis.thirdparty.io.grpc.StatusRuntimeException: UNAVAILABLE: io exception
2023-03-14 08:39:20,210 [grpc-default-executor-10] INFO  leader.FollowerInfo (FollowerInfoImpl.java:lambda$new$0(52)) - s0@group-601F42C587AE->s2: decreaseNextIndex nextIndex: updateUnconditionally 43 -> 42
2023-03-14 08:39:20,210 [grpc-default-executor-7] INFO  leader.FollowerInfo (FollowerInfoImpl.java:lambda$new$0(52)) - s0@group-601F42C587AE->s2: decreaseNextIndex nextIndex: updateUnconditionally 42 -> 41
2023-03-14 08:39:20,222 [grpc-default-executor-7] WARN  server.GrpcLogAppender (LogUtils.java:warn(122)) - s0@group-601F42C587AE->s2-AppendLogResponseHandler: Failed appendEntries: org.apache.ratis.thirdparty.io.grpc.StatusRuntimeException: UNAVAILABLE: io exception
2023-03-14 08:39:20,223 [grpc-default-executor-7] INFO  leader.FollowerInfo (FollowerInfoImpl.java:lambda$new$0(52)) - s0@group-601F42C587AE->s2: decreaseNextIndex nextIndex: updateUnconditionally 45 -> 44
2023-03-14 08:39:20,223 [grpc-default-executor-10] WARN  server.GrpcLogAppender (LogUtils.java:warn(122)) - s0@group-601F42C587AE->s2-AppendLogResponseHandler: Failed appendEntries: org.apache.ratis.thirdparty.io.grpc.StatusRuntimeException: UNAVAILABLE: io exception
2023-03-14 08:39:20,223 [grpc-default-executor-10] INFO  leader.FollowerInfo (FollowerInfoImpl.java:lambda$new$0(52)) - s0@group-601F42C587AE->s2: decreaseNextIndex nextIndex: updateUnconditionally 44 -> 43
2023-03-14 08:39:20,247 [grpc-default-executor-7] WARN  server.GrpcLogAppender (LogUtils.java:warn(122)) - s0@group-601F42C587AE->s2-AppendLogResponseHandler: Failed appendEntries: org.apache.ratis.thirdparty.io.grpc.StatusRuntimeException: UNAVAILABLE: io exception
2023-03-14 08:39:20,247 [grpc-default-executor-7] INFO  leader.FollowerInfo (FollowerInfoImpl.java:lambda$new$0(52)) - s0@group-601F42C587AE->s2: decreaseNextIndex nextIndex: updateUnconditionally 43 -> 42
2023-03-14 08:39:20,248 [grpc-default-executor-10] WARN  server.GrpcLogAppender (LogUtils.java:warn(122)) - s0@group-601F42C587AE->s2-AppendLogResponseHandler: Failed appendEntries: org.apache.ratis.thirdparty.io.grpc.StatusRuntimeException: UNAVAILABLE: io exception
2023-03-14 08:39:20,248 [grpc-default-executor-10] INFO  leader.FollowerInfo (FollowerInfoImpl.java:lambda$new$0(52)) - s0@group-601F42C587AE->s2: decreaseNextIndex nextIndex: updateUnconditionally 42 -> 41
2023-03-14 08:39:20,257 [grpc-default-executor-7] WARN  server.GrpcLogAppender (LogUtils.java:warn(122)) - s0@group-601F42C587AE->s2-AppendLogResponseHandler: Failed appendEntries: org.apache.ratis.thirdparty.io.grpc.StatusRuntimeException: UNAVAILABLE: io exception
2023-03-14 08:39:20,258 [grpc-default-executor-7] INFO  leader.FollowerInfo (FollowerInfoImpl.java:lambda$new$0(52)) - s0@group-601F42C587AE->s2: decreaseNextIndex nextIndex: updateUnconditionally 45 -> 44
2023-03-14 08:39:20,258 [grpc-default-executor-10] WARN  server.GrpcLogAppender (LogUtils.java:warn(122)) - s0@group-601F42C587AE->s2-AppendLogResponseHandler: Failed appendEntries: org.apache.ratis.thirdparty.io.grpc.StatusRuntimeException: UNAVAILABLE: io exception
2023-03-14 08:39:20,258 [grpc-default-executor-10] INFO  leader.FollowerInfo (FollowerInfoImpl.java:lambda$new$0(52)) - s0@group-601F42C587AE->s2: decreaseNextIndex nextIndex: updateUnconditionally 44 -> 43
2023-03-14 08:39:20,285 [grpc-default-executor-10] WARN  server.GrpcLogAppender (LogUtils.java:warn(122)) - s0@group-601F42C587AE->s2-AppendLogResponseHandler: Failed appendEntries: org.apache.ratis.thirdparty.io.grpc.StatusRuntimeException: UNAVAILABLE: io exception
2023-03-14 08:39:20,285 [grpc-default-executor-7] WARN  server.GrpcLogAppender (LogUtils.java:warn(122)) - s0@group-601F42C587AE->s2-AppendLogResponseHandler: Failed appendEntries: org.apache.ratis.thirdparty.io.grpc.StatusRuntimeException: UNAVAILABLE: io exception
2023-03-14 08:39:20,285 [grpc-default-executor-10] INFO  leader.FollowerInfo (FollowerInfoImpl.java:lambda$new$0(52)) - s0@group-601F42C587AE->s2: decreaseNextIndex nextIndex: updateUnconditionally 43 -> 42
2023-03-14 08:39:20,285 [grpc-default-executor-7] INFO  leader.FollowerInfo (FollowerInfoImpl.java:lambda$new$0(52)) - s0@group-601F42C587AE->s2: decreaseNextIndex nextIndex: updateUnconditionally 42 -> 41
2023-03-14 08:39:20,295 [grpc-default-executor-10] WARN  server.GrpcLogAppender (LogUtils.java:warn(122)) - s0@group-601F42C587AE->s2-AppendLogResponseHandler: Failed appendEntries: org.apache.ratis.thirdparty.io.grpc.StatusRuntimeException: UNAVAILABLE: io exception
2023-03-14 08:39:20,295 [grpc-default-executor-10] INFO  leader.FollowerInfo (FollowerInfoImpl.java:lambda$new$0(52)) - s0@group-601F42C587AE->s2: decreaseNextIndex nextIndex: updateUnconditionally 45 -> 44
2023-03-14 08:39:20,295 [grpc-default-executor-7] WARN  server.GrpcLogAppender (LogUtils.java:warn(122)) - s0@group-601F42C587AE->s2-AppendLogResponseHandler: Failed appendEntries: org.apache.ratis.thirdparty.io.grpc.StatusRuntimeException: UNAVAILABLE: io exception
2023-03-14 08:39:20,295 [grpc-default-executor-7] INFO  leader.FollowerInfo (FollowerInfoImpl.java:lambda$new$0(52)) - s0@group-601F42C587AE->s2: decreaseNextIndex nextIndex: updateUnconditionally 44 -> 43
2023-03-14 08:39:20,322 [grpc-default-executor-7] WARN  server.GrpcLogAppender (LogUtils.java:warn(122)) - s0@group-601F42C587AE->s2-AppendLogResponseHandler: Failed appendEntries: org.apache.ratis.thirdparty.io.grpc.StatusRuntimeException: UNAVAILABLE: io exception
2023-03-14 08:39:20,322 [grpc-default-executor-7] INFO  leader.FollowerInfo (FollowerInfoImpl.java:lambda$new$0(52)) - s0@group-601F42C587AE->s2: decreaseNextIndex nextIndex: updateUnconditionally 43 -> 42
2023-03-14 08:39:20,322 [grpc-default-executor-10] WARN  server.GrpcLogAppender (LogUtils.java:warn(122)) - s0@group-601F42C587AE->s2-AppendLogResponseHandler: Failed appendEntries: org.apache.ratis.thirdparty.io.grpc.StatusRuntimeException: UNAVAILABLE: io exception
2023-03-14 08:39:20,322 [grpc-default-executor-10] INFO  leader.FollowerInfo (FollowerInfoImpl.java:lambda$new$0(52)) - s0@group-601F42C587AE->s2: decreaseNextIndex nextIndex: updateUnconditionally 42 -> 41
2023-03-14 08:39:20,332 [grpc-default-executor-10] WARN  server.GrpcLogAppender (LogUtils.java:warn(122)) - s0@group-601F42C587AE->s2-AppendLogResponseHandler: Failed appendEntries: org.apache.ratis.thirdparty.io.grpc.StatusRuntimeException: UNAVAILABLE: io exception
2023-03-14 08:39:20,332 [grpc-default-executor-10] INFO  leader.FollowerInfo (FollowerInfoImpl.java:lambda$new$0(52)) - s0@group-601F42C587AE->s2: decreaseNextIndex nextIndex: updateUnconditionally 45 -> 44
2023-03-14 08:39:20,332 [grpc-default-executor-7] WARN  server.GrpcLogAppender (LogUtils.java:warn(122)) - s0@group-601F42C587AE->s2-AppendLogResponseHandler: Failed appendEntries: org.apache.ratis.thirdparty.io.grpc.StatusRuntimeException: UNAVAILABLE: io exception
2023-03-14 08:39:20,332 [grpc-default-executor-7] INFO  leader.FollowerInfo (FollowerInfoImpl.java:lambda$new$0(52)) - s0@group-601F42C587AE->s2: decreaseNextIndex nextIndex: updateUnconditionally 44 -> 43
2023-03-14 08:39:20,359 [grpc-default-executor-7] WARN  server.GrpcLogAppender (LogUtils.java:warn(122)) - s0@group-601F42C587AE->s2-AppendLogResponseHandler: Failed appendEntries: org.apache.ratis.thirdparty.io.grpc.StatusRuntimeException: UNAVAILABLE: io exception
2023-03-14 08:39:20,359 [grpc-default-executor-10] WARN  server.GrpcLogAppender (LogUtils.java:warn(122)) - s0@group-601F42C587AE->s2-AppendLogResponseHandler: Failed appendEntries: org.apache.ratis.thirdparty.io.grpc.StatusRuntimeException: UNAVAILABLE: io exception
2023-03-14 08:39:20,359 [grpc-default-executor-7] INFO  leader.FollowerInfo (FollowerInfoImpl.java:lambda$new$0(52)) - s0@group-601F42C587AE->s2: decreaseNextIndex nextIndex: updateUnconditionally 43 -> 42
2023-03-14 08:39:20,360 [grpc-default-executor-10] INFO  leader.FollowerInfo (FollowerInfoImpl.java:lambda$new$0(52)) - s0@group-601F42C587AE->s2: decreaseNextIndex nextIndex: updateUnconditionally 42 -> 41
2023-03-14 08:39:20,369 [grpc-default-executor-7] WARN  server.GrpcLogAppender (LogUtils.java:warn(122)) - s0@group-601F42C587AE->s2-AppendLogResponseHandler: Failed appendEntries: org.apache.ratis.thirdparty.io.grpc.StatusRuntimeException: UNAVAILABLE: io exception
2023-03-14 08:39:20,369 [grpc-default-executor-10] WARN  server.GrpcLogAppender (LogUtils.java:warn(122)) - s0@group-601F42C587AE->s2-AppendLogResponseHandler: Failed appendEntries: org.apache.ratis.thirdparty.io.grpc.StatusRuntimeException: UNAVAILABLE: io exception
2023-03-14 08:39:20,369 [grpc-default-executor-7] INFO  leader.FollowerInfo (FollowerInfoImpl.java:lambda$new$0(52)) - s0@group-601F42C587AE->s2: decreaseNextIndex nextIndex: updateUnconditionally 45 -> 44
2023-03-14 08:39:20,370 [grpc-default-executor-10] INFO  leader.FollowerInfo (FollowerInfoImpl.java:lambda$new$0(52)) - s0@group-601F42C587AE->s2: decreaseNextIndex nextIndex: updateUnconditionally 44 -> 43
2023-03-14 08:39:20,396 [grpc-default-executor-7] WARN  server.GrpcLogAppender (LogUtils.java:warn(122)) - s0@group-601F42C587AE->s2-AppendLogResponseHandler: Failed appendEntries: org.apache.ratis.thirdparty.io.grpc.StatusRuntimeException: UNAVAILABLE: io exception
2023-03-14 08:39:20,396 [grpc-default-executor-10] WARN  server.GrpcLogAppender (LogUtils.java:warn(122)) - s0@group-601F42C587AE->s2-AppendLogResponseHandler: Failed appendEntries: org.apache.ratis.thirdparty.io.grpc.StatusRuntimeException: UNAVAILABLE: io exception
2023-03-14 08:39:20,397 [grpc-default-executor-7] INFO  leader.FollowerInfo (FollowerInfoImpl.java:lambda$new$0(52)) - s0@group-601F42C587AE->s2: decreaseNextIndex nextIndex: updateUnconditionally 43 -> 42
2023-03-14 08:39:20,397 [grpc-default-executor-10] INFO  leader.FollowerInfo (FollowerInfoImpl.java:lambda$new$0(52)) - s0@group-601F42C587AE->s2: decreaseNextIndex nextIndex: updateUnconditionally 42 -> 41
2023-03-14 08:39:20,407 [grpc-default-executor-7] WARN  server.GrpcLogAppender (LogUtils.java:warn(122)) - s0@group-601F42C587AE->s2-AppendLogResponseHandler: Failed appendEntries: org.apache.ratis.thirdparty.io.grpc.StatusRuntimeException: UNAVAILABLE: io exception
2023-03-14 08:39:20,407 [grpc-default-executor-10] WARN  server.GrpcLogAppender (LogUtils.java:warn(122)) - s0@group-601F42C587AE->s2-AppendLogResponseHandler: Failed appendEntries: org.apache.ratis.thirdparty.io.grpc.StatusRuntimeException: UNAVAILABLE: io exception
2023-03-14 08:39:20,407 [grpc-default-executor-7] INFO  leader.FollowerInfo (FollowerInfoImpl.java:lambda$new$0(52)) - s0@group-601F42C587AE->s2: decreaseNextIndex nextIndex: updateUnconditionally 45 -> 44
2023-03-14 08:39:20,407 [grpc-default-executor-10] INFO  leader.FollowerInfo (FollowerInfoImpl.java:lambda$new$0(52)) - s0@group-601F42C587AE->s2: decreaseNextIndex nextIndex: updateUnconditionally 44 -> 43
2023-03-14 08:39:20,434 [grpc-default-executor-7] WARN  server.GrpcLogAppender (LogUtils.java:warn(122)) - s0@group-601F42C587AE->s2-AppendLogResponseHandler: Failed appendEntries: org.apache.ratis.thirdparty.io.grpc.StatusRuntimeException: UNAVAILABLE: io exception
2023-03-14 08:39:20,434 [grpc-default-executor-10] WARN  server.GrpcLogAppender (LogUtils.java:warn(122)) - s0@group-601F42C587AE->s2-AppendLogResponseHandler: Failed appendEntries: org.apache.ratis.thirdparty.io.grpc.StatusRuntimeException: UNAVAILABLE: io exception
2023-03-14 08:39:20,434 [grpc-default-executor-7] INFO  leader.FollowerInfo (FollowerInfoImpl.java:lambda$new$0(52)) - s0@group-601F42C587AE->s2: decreaseNextIndex nextIndex: updateUnconditionally 43 -> 42
2023-03-14 08:39:20,434 [grpc-default-executor-10] INFO  leader.FollowerInfo (FollowerInfoImpl.java:lambda$new$0(52)) - s0@group-601F42C587AE->s2: decreaseNextIndex nextIndex: updateUnconditionally 42 -> 41
2023-03-14 08:39:20,444 [grpc-default-executor-7] WARN  server.GrpcLogAppender (LogUtils.java:warn(122)) - s0@group-601F42C587AE->s2-AppendLogResponseHandler: Failed appendEntries: org.apache.ratis.thirdparty.io.grpc.StatusRuntimeException: UNAVAILABLE: io exception
2023-03-14 08:39:20,444 [grpc-default-executor-7] INFO  leader.FollowerInfo (FollowerInfoImpl.java:lambda$new$0(52)) - s0@group-601F42C587AE->s2: decreaseNextIndex nextIndex: updateUnconditionally 45 -> 44
2023-03-14 08:39:20,444 [grpc-default-executor-10] WARN  server.GrpcLogAppender (LogUtils.java:warn(122)) - s0@group-601F42C587AE->s2-AppendLogResponseHandler: Failed appendEntries: org.apache.ratis.thirdparty.io.grpc.StatusRuntimeException: UNAVAILABLE: io exception
2023-03-14 08:39:20,444 [grpc-default-executor-10] INFO  leader.FollowerInfo (FollowerInfoImpl.java:lambda$new$0(52)) - s0@group-601F42C587AE->s2: decreaseNextIndex nextIndex: updateUnconditionally 44 -> 43
2023-03-14 08:39:20,471 [grpc-default-executor-7] WARN  server.GrpcLogAppender (LogUtils.java:warn(122)) - s0@group-601F42C587AE->s2-AppendLogResponseHandler: Failed appendEntries: org.apache.ratis.thirdparty.io.grpc.StatusRuntimeException: UNAVAILABLE: io exception
2023-03-14 08:39:20,471 [grpc-default-executor-7] INFO  leader.FollowerInfo (FollowerInfoImpl.java:lambda$new$0(52)) - s0@group-601F42C587AE->s2: decreaseNextIndex nextIndex: updateUnconditionally 43 -> 42
2023-03-14 08:39:20,472 [grpc-default-executor-10] WARN  server.GrpcLogAppender (LogUtils.java:warn(122)) - s0@group-601F42C587AE->s2-AppendLogResponseHandler: Failed appendEntries: org.apache.ratis.thirdparty.io.grpc.StatusRuntimeException: UNAVAILABLE: io exception
2023-03-14 08:39:20,472 [grpc-default-executor-10] INFO  leader.FollowerInfo (FollowerInfoImpl.java:lambda$new$0(52)) - s0@group-601F42C587AE->s2: decreaseNextIndex nextIndex: updateUnconditionally 42 -> 41
2023-03-14 08:39:20,481 [grpc-default-executor-7] WARN  server.GrpcLogAppender (LogUtils.java:warn(122)) - s0@group-601F42C587AE->s2-AppendLogResponseHandler: Failed appendEntries: org.apache.ratis.thirdparty.io.grpc.StatusRuntimeException: UNAVAILABLE: io exception
2023-03-14 08:39:20,481 [grpc-default-executor-7] INFO  leader.FollowerInfo (FollowerInfoImpl.java:lambda$new$0(52)) - s0@group-601F42C587AE->s2: decreaseNextIndex nextIndex: updateUnconditionally 45 -> 44
2023-03-14 08:39:20,482 [grpc-default-executor-10] WARN  server.GrpcLogAppender (LogUtils.java:warn(122)) - s0@group-601F42C587AE->s2-AppendLogResponseHandler: Failed appendEntries: org.apache.ratis.thirdparty.io.grpc.StatusRuntimeException: UNAVAILABLE: io exception
2023-03-14 08:39:20,482 [grpc-default-executor-10] INFO  leader.FollowerInfo (FollowerInfoImpl.java:lambda$new$0(52)) - s0@group-601F42C587AE->s2: decreaseNextIndex nextIndex: updateUnconditionally 44 -> 43
2023-03-14 08:39:20,508 [grpc-default-executor-7] WARN  server.GrpcLogAppender (LogUtils.java:warn(122)) - s0@group-601F42C587AE->s2-AppendLogResponseHandler: Failed appendEntries: org.apache.ratis.thirdparty.io.grpc.StatusRuntimeException: UNAVAILABLE: io exception
2023-03-14 08:39:20,509 [grpc-default-executor-7] INFO  leader.FollowerInfo (FollowerInfoImpl.java:lambda$new$0(52)) - s0@group-601F42C587AE->s2: decreaseNextIndex nextIndex: updateUnconditionally 43 -> 42
2023-03-14 08:39:20,509 [grpc-default-executor-10] WARN  server.GrpcLogAppender (LogUtils.java:warn(122)) - s0@group-601F42C587AE->s2-AppendLogResponseHandler: Failed appendEntries: org.apache.ratis.thirdparty.io.grpc.StatusRuntimeException: UNAVAILABLE: io exception
2023-03-14 08:39:20,509 [grpc-default-executor-10] INFO  leader.FollowerInfo (FollowerInfoImpl.java:lambda$new$0(52)) - s0@group-601F42C587AE->s2: decreaseNextIndex nextIndex: updateUnconditionally 42 -> 41
2023-03-14 08:39:20,519 [grpc-default-executor-10] WARN  server.GrpcLogAppender (LogUtils.java:warn(122)) - s0@group-601F42C587AE->s2-AppendLogResponseHandler: Failed appendEntries: org.apache.ratis.thirdparty.io.grpc.StatusRuntimeException: UNAVAILABLE: io exception
2023-03-14 08:39:20,519 [grpc-default-executor-7] WARN  server.GrpcLogAppender (LogUtils.java:warn(122)) - s0@group-601F42C587AE->s2-AppendLogResponseHandler: Failed appendEntries: org.apache.ratis.thirdparty.io.grpc.StatusRuntimeException: UNAVAILABLE: io exception
2023-03-14 08:39:20,519 [grpc-default-executor-10] INFO  leader.FollowerInfo (FollowerInfoImpl.java:lambda$new$0(52)) - s0@group-601F42C587AE->s2: decreaseNextIndex nextIndex: updateUnconditionally 45 -> 44
2023-03-14 08:39:20,519 [grpc-default-executor-7] INFO  leader.FollowerInfo (FollowerInfoImpl.java:lambda$new$0(52)) - s0@group-601F42C587AE->s2: decreaseNextIndex nextIndex: updateUnconditionally 44 -> 43
2023-03-14 08:39:20,546 [grpc-default-executor-10] WARN  server.GrpcLogAppender (LogUtils.java:warn(122)) - s0@group-601F42C587AE->s2-AppendLogResponseHandler: Failed appendEntries: org.apache.ratis.thirdparty.io.grpc.StatusRuntimeException: UNAVAILABLE: io exception
2023-03-14 08:39:20,546 [grpc-default-executor-7] WARN  server.GrpcLogAppender (LogUtils.java:warn(122)) - s0@group-601F42C587AE->s2-AppendLogResponseHandler: Failed appendEntries: org.apache.ratis.thirdparty.io.grpc.StatusRuntimeException: UNAVAILABLE: io exception
2023-03-14 08:39:20,546 [grpc-default-executor-10] INFO  leader.FollowerInfo (FollowerInfoImpl.java:lambda$new$0(52)) - s0@group-601F42C587AE->s2: decreaseNextIndex nextIndex: updateUnconditionally 43 -> 42
2023-03-14 08:39:20,546 [grpc-default-executor-7] INFO  leader.FollowerInfo (FollowerInfoImpl.java:lambda$new$0(52)) - s0@group-601F42C587AE->s2: decreaseNextIndex nextIndex: updateUnconditionally 42 -> 41
2023-03-14 08:39:20,556 [grpc-default-executor-7] WARN  server.GrpcLogAppender (LogUtils.java:warn(122)) - s0@group-601F42C587AE->s2-AppendLogResponseHandler: Failed appendEntries: org.apache.ratis.thirdparty.io.grpc.StatusRuntimeException: UNAVAILABLE: io exception
2023-03-14 08:39:20,556 [grpc-default-executor-7] INFO  leader.FollowerInfo (FollowerInfoImpl.java:lambda$new$0(52)) - s0@group-601F42C587AE->s2: decreaseNextIndex nextIndex: updateUnconditionally 45 -> 44
2023-03-14 08:39:20,557 [s2-impl-thread1] INFO  segmented.SegmentedRaftLogWorker (SegmentedRaftLogWorker.java:close(242)) - s2@group-601F42C587AE-SegmentedRaftLogWorker close()
2023-03-14 08:39:20,557 [grpc-default-executor-10] WARN  server.GrpcLogAppender (LogUtils.java:warn(122)) - s0@group-601F42C587AE->s2-AppendLogResponseHandler: Failed appendEntries: org.apache.ratis.thirdparty.io.grpc.StatusRuntimeException: UNAVAILABLE: io exception
2023-03-14 08:39:20,557 [grpc-default-executor-10] INFO  leader.FollowerInfo (FollowerInfoImpl.java:lambda$new$0(52)) - s0@group-601F42C587AE->s2: decreaseNextIndex nextIndex: updateUnconditionally 44 -> 43
2023-03-14 08:39:20,557 [JvmPauseMonitor73] INFO  util.JvmPauseMonitor (JvmPauseMonitor.java:run(109)) - JvmPauseMonitor-s2: Stopped
2023-03-14 08:39:20,557 [Time-limited test] INFO  impl.MiniRaftCluster (MiniRaftCluster.java:newRaftServer(382)) - newRaftServer: s2, group-601F42C587AE:[s0|rpc:localhost:37053|admin:localhost:46553|client:localhost:45499|dataStream:localhost:39313|priority:0|startupRole:FOLLOWER, s1|rpc:0.0.0.0:39533|priority:0|startupRole:FOLLOWER, s2|rpc:0.0.0.0:38849|priority:0|startupRole:FOLLOWER], format? true
2023-03-14 08:39:20,557 [Time-limited test] TRACE util.FileUtils (FileUtils.java:deleteFully(201)) - deleteFully target/test/data/be523d36/MiniRaftClusterWithGrpcce1a277e/s2
2023-03-14 08:39:20,558 [Time-limited test] TRACE util.FileUtils (LogUtils.java:runAndLog(49)) - Successfully ran Files.delete target/test/data/be523d36/MiniRaftClusterWithGrpcce1a277e/s2/f36edab9-02ec-4d78-8876-601f42c587ae/in_use.lock
2023-03-14 08:39:20,558 [Time-limited test] TRACE util.FileUtils (LogUtils.java:runAndLog(49)) - Successfully ran Files.delete target/test/data/be523d36/MiniRaftClusterWithGrpcce1a277e/s2/f36edab9-02ec-4d78-8876-601f42c587ae/sm
2023-03-14 08:39:20,558 [Time-limited test] TRACE util.FileUtils (LogUtils.java:runAndLog(49)) - Successfully ran Files.delete target/test/data/be523d36/MiniRaftClusterWithGrpcce1a277e/s2/f36edab9-02ec-4d78-8876-601f42c587ae/current/raft-meta.conf
2023-03-14 08:39:20,558 [Time-limited test] TRACE util.FileUtils (LogUtils.java:runAndLog(49)) - Successfully ran Files.delete target/test/data/be523d36/MiniRaftClusterWithGrpcce1a277e/s2/f36edab9-02ec-4d78-8876-601f42c587ae/current/raft-meta
2023-03-14 08:39:20,558 [Time-limited test] TRACE util.FileUtils (LogUtils.java:runAndLog(49)) - Successfully ran Files.delete target/test/data/be523d36/MiniRaftClusterWithGrpcce1a277e/s2/f36edab9-02ec-4d78-8876-601f42c587ae/current/log_inprogress_0
2023-03-14 08:39:20,558 [Time-limited test] TRACE util.FileUtils (LogUtils.java:runAndLog(49)) - Successfully ran Files.delete target/test/data/be523d36/MiniRaftClusterWithGrpcce1a277e/s2/f36edab9-02ec-4d78-8876-601f42c587ae/current
2023-03-14 08:39:20,558 [Time-limited test] TRACE util.FileUtils (LogUtils.java:runAndLog(49)) - Successfully ran Files.delete target/test/data/be523d36/MiniRaftClusterWithGrpcce1a277e/s2/f36edab9-02ec-4d78-8876-601f42c587ae
2023-03-14 08:39:20,558 [Time-limited test] TRACE util.FileUtils (LogUtils.java:runAndLog(49)) - Successfully ran Files.delete target/test/data/be523d36/MiniRaftClusterWithGrpcce1a277e/s2
2023-03-14 08:39:20,558 [Time-limited test] INFO  impl.MiniRaftCluster (MiniRaftCluster.java:newRaftServer(387)) - Formatted directory target/test/data/be523d36/MiniRaftClusterWithGrpcce1a277e/s2
2023-03-14 08:39:20,558 [Time-limited test] INFO  server.RaftServer (ConfUtils.java:logGet(46)) - raft.rpc.type = GRPC (default)
2023-03-14 08:39:20,559 [Time-limited test] INFO  grpc.GrpcConfigKeys (ConfUtils.java:logFallback(53)) - raft.grpc.admin.host = null (fallback to raft.grpc.server.host)
2023-03-14 08:39:20,559 [Time-limited test] INFO  grpc.GrpcConfigKeys (ConfUtils.java:logGet(46)) - raft.grpc.admin.port = 38849 (custom)
2023-03-14 08:39:20,559 [Time-limited test] INFO  grpc.GrpcConfigKeys (ConfUtils.java:logFallback(53)) - raft.grpc.client.host = null (fallback to raft.grpc.server.host)
2023-03-14 08:39:20,559 [Time-limited test] INFO  grpc.GrpcConfigKeys (ConfUtils.java:logGet(46)) - raft.grpc.client.port = 38849 (custom)
2023-03-14 08:39:20,559 [Time-limited test] INFO  grpc.GrpcConfigKeys (ConfUtils.java:logGet(46)) - raft.grpc.server.host = null (default)
2023-03-14 08:39:20,559 [Time-limited test] INFO  grpc.GrpcConfigKeys (ConfUtils.java:logGet(46)) - raft.grpc.server.port = 38849 (custom)
2023-03-14 08:39:20,559 [Time-limited test] INFO  server.GrpcService (ConfUtils.java:logGet(46)) - raft.grpc.message.size.max = 64MB (=67108864) (default)
2023-03-14 08:39:20,559 [Time-limited test] INFO  server.RaftServerConfigKeys (ConfUtils.java:logGet(46)) - raft.server.log.appender.buffer.byte-limit = 4MB (=4194304) (default)
2023-03-14 08:39:20,559 [Time-limited test] INFO  server.GrpcService (ConfUtils.java:logGet(46)) - raft.grpc.flow.control.window = 1MB (=1048576) (default)
2023-03-14 08:39:20,559 [Time-limited test] INFO  server.RaftServerConfigKeys (ConfUtils.java:logGet(46)) - raft.server.rpc.request.timeout = 3000ms (default)
2023-03-14 08:39:20,559 [Time-limited test] INFO  grpc.GrpcConfigKeys (ConfUtils.java:logGet(46)) - raft.grpc.server.heartbeat.channel = true (default)
2023-03-14 08:39:20,559 [Time-limited test] INFO  grpc.GrpcConfigKeys (ConfUtils.java:logGet(46)) - raft.grpc.server.async.request.thread.pool.cached = true (default)
2023-03-14 08:39:20,559 [Time-limited test] INFO  grpc.GrpcConfigKeys (ConfUtils.java:logGet(46)) - raft.grpc.server.async.request.thread.pool.size = 32 (default)
2023-03-14 08:39:20,559 [Time-limited test] INFO  impl.DataStreamServerImpl (ConfUtils.java:logGet(46)) - raft.datastream.type = DISABLED (default)
2023-03-14 08:39:20,559 [Time-limited test] INFO  server.RaftServerConfigKeys (ConfUtils.java:logGet(46)) - raft.server.threadpool.proxy.cached = true (default)
2023-03-14 08:39:20,560 [Time-limited test] INFO  server.RaftServerConfigKeys (ConfUtils.java:logGet(46)) - raft.server.threadpool.proxy.size = 0 (default)
2023-03-14 08:39:20,560 [Time-limited test] INFO  server.RaftServerConfigKeys (ConfUtils.java:logGet(46)) - raft.server.rpc.slowness.timeout = 60s (default)
2023-03-14 08:39:20,560 [Time-limited test] INFO  server.RaftServerConfigKeys (ConfUtils.java:logGet(46)) - raft.server.leaderelection.leader.step-down.wait-time = 10s (default)
2023-03-14 08:39:20,560 [Time-limited test] INFO  server.RaftServerConfigKeys (ConfUtils.java:logGet(46)) - raft.server.storage.dir = [/home/runner/work/ratis/ratis/ratis-test/target/test/data/be523d36/MiniRaftClusterWithGrpcce1a277e/s2] (custom)
2023-03-14 08:39:20,560 [Time-limited test] INFO  server.RaftServer (RaftServerProxy.java:addNew(99)) - s2: addNew group-601F42C587AE:[s0|rpc:localhost:37053|admin:localhost:46553|client:localhost:45499|dataStream:localhost:39313|priority:0|startupRole:FOLLOWER, s1|rpc:0.0.0.0:39533|priority:0|startupRole:FOLLOWER, s2|rpc:0.0.0.0:38849|priority:0|startupRole:FOLLOWER] returns group-601F42C587AE:java.util.concurrent.CompletableFuture@96e244f[Not completed]
2023-03-14 08:39:20,560 [s2-groupManagement] INFO  server.RaftServer$Division (RaftServerImpl.java:<init>(198)) - s2: new RaftServerImpl for group-601F42C587AE:[s0|rpc:localhost:37053|admin:localhost:46553|client:localhost:45499|dataStream:localhost:39313|priority:0|startupRole:FOLLOWER, s1|rpc:0.0.0.0:39533|priority:0|startupRole:FOLLOWER, s2|rpc:0.0.0.0:38849|priority:0|startupRole:FOLLOWER] with BaseStateMachine:uninitialized
2023-03-14 08:39:20,560 [s2-groupManagement] INFO  server.RaftServerConfigKeys (ConfUtils.java:logGet(46)) - raft.server.rpc.timeout.min = 150ms (default)
2023-03-14 08:39:20,560 [s2-groupManagement] INFO  server.RaftServerConfigKeys (ConfUtils.java:logGet(46)) - raft.server.rpc.timeout.max = 300ms (default)
2023-03-14 08:39:20,560 [s2-groupManagement] INFO  server.RaftServerConfigKeys (ConfUtils.java:logGet(46)) - raft.server.rpc.sleep.time = 25ms (default)
2023-03-14 08:39:20,560 [s2-groupManagement] INFO  server.RaftServerConfigKeys (ConfUtils.java:logGet(46)) - raft.server.rpc.slowness.timeout = 60s (default)
2023-03-14 08:39:20,560 [s2-groupManagement] INFO  server.RaftServerConfigKeys (ConfUtils.java:logGet(46)) - raft.server.leaderelection.leader.step-down.wait-time = 10s (default)
2023-03-14 08:39:20,560 [s2-groupManagement] INFO  server.RaftServerConfigKeys (ConfUtils.java:logGet(46)) - raft.server.sleep.deviation.threshold = 300ms (default)
2023-03-14 08:39:20,560 [s2-groupManagement] INFO  server.RaftServer$Division (ServerState.java:<init>(113)) - s2@group-601F42C587AE: ConfigurationManager, init=-1: peers:[s0|rpc:localhost:37053|admin:localhost:46553|client:localhost:45499|dataStream:localhost:39313|priority:0|startupRole:FOLLOWER, s1|rpc:0.0.0.0:39533|priority:0|startupRole:FOLLOWER, s2|rpc:0.0.0.0:38849|priority:0|startupRole:FOLLOWER]|listeners:[], old=null, confs=<EMPTY_MAP>
2023-03-14 08:39:20,560 [s2-groupManagement] INFO  server.RaftServerConfigKeys (ConfUtils.java:logGet(46)) - raft.server.notification.no-leader.timeout = 60s (default)
2023-03-14 08:39:20,560 [s2-groupManagement] INFO  server.RaftServerConfigKeys (ConfUtils.java:logGet(46)) - raft.server.read.timeout = 10s (default)
2023-03-14 08:39:20,561 [s2-groupManagement] INFO  server.RaftServerConfigKeys (ConfUtils.java:logGet(46)) - raft.server.retrycache.expirytime = 60s (default)
2023-03-14 08:39:20,561 [s2-groupManagement] INFO  server.RaftServerConfigKeys (ConfUtils.java:logGet(46)) - raft.server.retrycache.statistics.expirytime = 100μs (default)
2023-03-14 08:39:20,561 [s2-groupManagement] INFO  server.RaftServerConfigKeys (ConfUtils.java:logGet(46)) - raft.server.read.option = DEFAULT (default)
2023-03-14 08:39:20,561 [s2-groupManagement] INFO  server.RaftServerConfigKeys (ConfUtils.java:logGet(46)) - raft.server.log.appender.install.snapshot.enabled = true (default)
2023-03-14 08:39:20,561 [s2-groupManagement] INFO  server.RaftServerConfigKeys (ConfUtils.java:logGet(46)) - raft.server.threadpool.server.cached = true (default)
2023-03-14 08:39:20,561 [s2-groupManagement] INFO  server.RaftServerConfigKeys (ConfUtils.java:logGet(46)) - raft.server.threadpool.server.size = 0 (default)
2023-03-14 08:39:20,561 [s2-groupManagement] INFO  server.RaftServerConfigKeys (ConfUtils.java:logGet(46)) - raft.server.threadpool.client.cached = true (default)
2023-03-14 08:39:20,561 [s2-groupManagement] INFO  server.RaftServerConfigKeys (ConfUtils.java:logGet(46)) - raft.server.threadpool.client.size = 0 (default)
2023-03-14 08:39:20,561 [s2-impl-thread1] INFO  server.RaftServerConfigKeys (ConfUtils.java:logGet(46)) - raft.server.storage.free-space.min = 0MB (=0) (default)
2023-03-14 08:39:20,561 [s2-impl-thread1] INFO  server.RaftServerConfigKeys (ConfUtils.java:logGet(46)) - raft.server.log.corruption.policy = EXCEPTION (default)
2023-03-14 08:39:20,561 [s2-impl-thread1] INFO  server.RaftServerConfigKeys (ConfUtils.java:logGet(46)) - raft.server.storage.dir = [/home/runner/work/ratis/ratis/ratis-test/target/test/data/be523d36/MiniRaftClusterWithGrpcce1a277e/s2] (custom)
2023-03-14 08:39:20,562 [s2-impl-thread1] INFO  storage.RaftStorageDirectory (RaftStorageDirectoryImpl.java:analyzeStorage(138)) - The storage directory /home/runner/work/ratis/ratis/ratis-test/target/test/data/be523d36/MiniRaftClusterWithGrpcce1a277e/s2/f36edab9-02ec-4d78-8876-601f42c587ae does not exist. Creating ...
2023-03-14 08:39:20,562 [s2-impl-thread1] TRACE util.FileUtils (LogUtils.java:runAndLog(49)) - Successfully ran Files.createDirectories /home/runner/work/ratis/ratis/ratis-test/target/test/data/be523d36/MiniRaftClusterWithGrpcce1a277e/s2/f36edab9-02ec-4d78-8876-601f42c587ae
2023-03-14 08:39:20,563 [s2-impl-thread1] INFO  storage.RaftStorageDirectory (RaftStorageDirectoryImpl.java:tryLock(232)) - Lock on /home/runner/work/ratis/ratis/ratis-test/target/test/data/be523d36/MiniRaftClusterWithGrpcce1a277e/s2/f36edab9-02ec-4d78-8876-601f42c587ae/in_use.lock acquired by nodename 10435@fv-az41-628
2023-03-14 08:39:20,563 [s2-impl-thread1] TRACE util.FileUtils (LogUtils.java:runAndLog(49)) - Successfully ran Files.createDirectories /home/runner/work/ratis/ratis/ratis-test/target/test/data/be523d36/MiniRaftClusterWithGrpcce1a277e/s2/f36edab9-02ec-4d78-8876-601f42c587ae/current
2023-03-14 08:39:20,563 [s2-impl-thread1] TRACE util.FileUtils (LogUtils.java:runAndLog(49)) - Successfully ran Files.createDirectories /home/runner/work/ratis/ratis/ratis-test/target/test/data/be523d36/MiniRaftClusterWithGrpcce1a277e/s2/f36edab9-02ec-4d78-8876-601f42c587ae/sm
2023-03-14 08:39:20,564 [s2-impl-thread1] INFO  storage.RaftStorage (RaftStorageImpl.java:format(96)) - Storage directory /home/runner/work/ratis/ratis/ratis-test/target/test/data/be523d36/MiniRaftClusterWithGrpcce1a277e/s2/f36edab9-02ec-4d78-8876-601f42c587ae has been successfully formatted.
2023-03-14 08:39:20,564 [s2-impl-thread1] INFO  server.RaftServerConfigKeys (ConfUtils.java:logGet(46)) - raft.server.log.use.memory = false (default)
2023-03-14 08:39:20,564 [s2-impl-thread1] INFO  server.RaftServerConfigKeys (ConfUtils.java:logGet(46)) - raft.server.log.purge.gap = 1024 (default)
2023-03-14 08:39:20,564 [s2-impl-thread1] INFO  server.RaftServerConfigKeys (ConfUtils.java:logGet(46)) - raft.server.log.appender.buffer.byte-limit = 4MB (=4194304) (default)
2023-03-14 08:39:20,564 [s2-impl-thread1] INFO  server.RaftServerConfigKeys (ConfUtils.java:logGet(46)) - raft.server.log.statemachine.data.read.timeout = 1000ms (default)
2023-03-14 08:39:20,564 [s2-impl-thread1] INFO  server.RaftServerConfigKeys (ConfUtils.java:logGet(46)) - raft.server.log.purge.preservation.log.num = 0 (default)
2023-03-14 08:39:20,565 [s2-impl-thread1] INFO  server.RaftServerConfigKeys (ConfUtils.java:logGet(46)) - raft.server.log.segment.size.max = 8MB (=8388608) (default)
2023-03-14 08:39:20,565 [s2-impl-thread1] INFO  server.RaftServerConfigKeys (ConfUtils.java:logGet(46)) - raft.server.log.segment.cache.num.max = 6 (default)
2023-03-14 08:39:20,565 [s2-impl-thread1] INFO  server.RaftServerConfigKeys (ConfUtils.java:logGet(46)) - raft.server.log.segment.cache.size.max = 200MB (=209715200) (default)
2023-03-14 08:39:20,565 [s2-impl-thread1] INFO  server.RaftServerConfigKeys (ConfUtils.java:logGet(46)) - raft.server.log.appender.buffer.byte-limit = 4MB (=4194304) (default)
2023-03-14 08:39:20,565 [s2-impl-thread1] INFO  segmented.SegmentedRaftLogWorker (SegmentedRaftLogWorker.java:<init>(183)) - new s2@group-601F42C587AE-SegmentedRaftLogWorker for RaftStorageImpl:Storage Directory /home/runner/work/ratis/ratis/ratis-test/target/test/data/be523d36/MiniRaftClusterWithGrpcce1a277e/s2/f36edab9-02ec-4d78-8876-601f42c587ae
2023-03-14 08:39:20,565 [s2-impl-thread1] INFO  server.RaftServerConfigKeys (ConfUtils.java:logGet(46)) - raft.server.log.queue.byte-limit = 64MB (=67108864) (default)
2023-03-14 08:39:20,565 [s2-impl-thread1] INFO  server.RaftServerConfigKeys (ConfUtils.java:logGet(46)) - raft.server.log.queue.element-limit = 4096 (default)
2023-03-14 08:39:20,565 [s2-impl-thread1] INFO  server.RaftServerConfigKeys (ConfUtils.java:logGet(46)) - raft.server.log.segment.size.max = 8MB (=8388608) (default)
2023-03-14 08:39:20,565 [s2-impl-thread1] INFO  server.RaftServerConfigKeys (ConfUtils.java:logGet(46)) - raft.server.log.preallocated.size = 4MB (=4194304) (default)
2023-03-14 08:39:20,565 [s2-impl-thread1] INFO  server.RaftServerConfigKeys (ConfUtils.java:logGet(46)) - raft.server.log.force.sync.num = 128 (default)
2023-03-14 08:39:20,565 [s2-impl-thread1] INFO  server.RaftServerConfigKeys (ConfUtils.java:logGet(46)) - raft.server.log.statemachine.data.sync = true (default)
2023-03-14 08:39:20,565 [s2-impl-thread1] INFO  server.RaftServerConfigKeys (ConfUtils.java:logGet(46)) - raft.server.log.statemachine.data.sync.timeout = 10s (default)
2023-03-14 08:39:20,565 [s2-impl-thread1] INFO  server.RaftServerConfigKeys (ConfUtils.java:logGet(46)) - raft.server.log.statemachine.data.sync.timeout.retry = -1 (default)
2023-03-14 08:39:20,565 [s2-impl-thread1] INFO  server.RaftServerConfigKeys (ConfUtils.java:logGet(46)) - raft.server.log.write.buffer.size = 64KB (=65536) (default)
2023-03-14 08:39:20,565 [s2-impl-thread1] INFO  server.RaftServerConfigKeys (ConfUtils.java:logGet(46)) - raft.server.log.appender.buffer.byte-limit = 4MB (=4194304) (default)
2023-03-14 08:39:20,565 [s2-impl-thread1] INFO  server.RaftServerConfigKeys (ConfUtils.java:logGet(46)) - raft.server.log.unsafe-flush.enabled = false (default)
2023-03-14 08:39:20,565 [s2-impl-thread1] INFO  server.RaftServerConfigKeys (ConfUtils.java:logGet(46)) - raft.server.log.async-flush.enabled = false (default)
2023-03-14 08:39:20,565 [s2-impl-thread1] INFO  server.RaftServerConfigKeys (ConfUtils.java:logGet(46)) - raft.server.log.statemachine.data.caching.enabled = false (default)
2023-03-14 08:39:20,565 [s2-impl-thread1] INFO  segmented.SegmentedRaftLogWorker (SegmentedRaftLogWorker.java:lambda$new$0(134)) - s2@group-601F42C587AE-SegmentedRaftLogWorker: flushIndex: setUnconditionally 0 -> -1
2023-03-14 08:39:20,566 [s2-impl-thread1] INFO  segmented.SegmentedRaftLogWorker (SegmentedRaftLogWorker.java:lambda$new$0(134)) - s2@group-601F42C587AE-SegmentedRaftLogWorker: safeCacheEvictIndex: setUnconditionally 0 -> -1
2023-03-14 08:39:20,576 [s2-impl-thread1] INFO  server.RaftServer$Division (RaftServerImpl.java:start(342)) - s2@group-601F42C587AE: start as a follower, conf=-1: peers:[s0|rpc:localhost:37053|admin:localhost:46553|client:localhost:45499|dataStream:localhost:39313|priority:0|startupRole:FOLLOWER, s1|rpc:0.0.0.0:39533|priority:0|startupRole:FOLLOWER, s2|rpc:0.0.0.0:38849|priority:0|startupRole:FOLLOWER]|listeners:[], old=null
2023-03-14 08:39:20,576 [s2-impl-thread1] INFO  server.RaftServer$Division (RaftServerImpl.java:setRole(329)) - s2@group-601F42C587AE: changes role from      null to FOLLOWER at term 0 for startAsFollower
2023-03-14 08:39:20,576 [s2-impl-thread1] INFO  impl.RoleInfo (RoleInfo.java:updateAndGet(139)) - s2: start s2@group-601F42C587AE-FollowerState
2023-03-14 08:39:20,579 [s2-impl-thread1] INFO  util.JmxRegister (JmxRegister.java:tryRegister(44)) - Successfully registered JMX Bean with object name Ratis:service=RaftServer,group=group-601F42C587AE,id=s2
2023-03-14 08:39:20,579 [s2-impl-thread1] INFO  server.RaftServerConfigKeys (ConfUtils.java:logGet(46)) - raft.server.snapshot.auto.trigger.enabled = false (default)
2023-03-14 08:39:20,579 [s2-impl-thread1] INFO  server.RaftServerConfigKeys (ConfUtils.java:logGet(46)) - raft.server.snapshot.retention.file.num = -1 (default)
2023-03-14 08:39:20,579 [s2-impl-thread1] INFO  server.RaftServerConfigKeys (ConfUtils.java:logGet(46)) - raft.server.log.purge.upto.snapshot.index = false (default)
2023-03-14 08:39:20,579 [s2@group-601F42C587AE-FollowerState] INFO  server.RaftServerConfigKeys (ConfUtils.java:logFallback(53)) - raft.server.rpc.first-election.timeout.min = 150ms (fallback to raft.server.rpc.timeout.min)
2023-03-14 08:39:20,579 [s2@group-601F42C587AE-FollowerState] INFO  server.RaftServerConfigKeys (ConfUtils.java:logFallback(53)) - raft.server.rpc.first-election.timeout.max = 300ms (fallback to raft.server.rpc.timeout.max)
2023-03-14 08:39:20,579 [Time-limited test] INFO  server.RaftServer (RaftServerProxy.java:startImpl(401)) - s2: start RPC server
2023-03-14 08:39:20,580 [Time-limited test] INFO  server.GrpcService (GrpcService.java:startImpl(302)) - s2: GrpcService started, listening on 38849
2023-03-14 08:39:20,580 [Time-limited test] INFO  grpc.TestRaftReconfigurationWithGrpc (RaftReconfigurationBaseTest.java:runTestBootstrapReconf(430)) - printing ALL groups
  s0:  RUNNING    LEADER s0@group-601F42C587AE:t1, leader=s0, voted=s0, raftlog=Memoized:s0@group-601F42C587AE-SegmentedRaftLog:OPENED:c44, conf=43: peers:[s0|rpc:localhost:37053|admin:localhost:46553|client:localhost:45499|dataStream:localhost:39313|priority:0|startupRole:FOLLOWER, s1|rpc:0.0.0.0:39533|dataStream:|priority:0|startupRole:FOLLOWER, s2|rpc:0.0.0.0:38849|dataStream:|priority:0|startupRole:FOLLOWER]|listeners:[], old=null RUNNING
  s1:  RUNNING  FOLLOWER s1@group-601F42C587AE:t1, leader=s0, voted=null, raftlog=Memoized:s1@group-601F42C587AE-SegmentedRaftLog:OPENED:c44, conf=43: peers:[s0|rpc:localhost:37053|admin:localhost:46553|client:localhost:45499|dataStream:localhost:39313|priority:0|startupRole:FOLLOWER, s1|rpc:0.0.0.0:39533|dataStream:|priority:0|startupRole:FOLLOWER, s2|rpc:0.0.0.0:38849|dataStream:|priority:0|startupRole:FOLLOWER]|listeners:[], old=null RUNNING
  s2:  RUNNING  FOLLOWER s2@group-601F42C587AE:t0, leader=null, voted=, raftlog=Memoized:s2@group-601F42C587AE-SegmentedRaftLog:OPENED:c-1, conf=-1: peers:[s0|rpc:localhost:37053|admin:localhost:46553|client:localhost:45499|dataStream:localhost:39313|priority:0|startupRole:FOLLOWER, s1|rpc:0.0.0.0:39533|priority:0|startupRole:FOLLOWER, s2|rpc:0.0.0.0:38849|priority:0|startupRole:FOLLOWER]|listeners:[], old=null RUNNING
2023-03-14 08:39:20,583 [JvmPauseMonitor75] INFO  util.JvmPauseMonitor (JvmPauseMonitor.java:run(103)) - JvmPauseMonitor-s2: Started
2023-03-14 08:39:20,583 [grpc-default-executor-10] WARN  server.GrpcLogAppender (LogUtils.java:warn(122)) - s0@group-601F42C587AE->s2-AppendLogResponseHandler: Failed appendEntries: org.apache.ratis.thirdparty.io.grpc.StatusRuntimeException: UNAVAILABLE: io exception
2023-03-14 08:39:20,583 [grpc-default-executor-7] WARN  server.GrpcLogAppender (LogUtils.java:warn(122)) - s0@group-601F42C587AE->s2-AppendLogResponseHandler: Failed appendEntries: org.apache.ratis.thirdparty.io.grpc.StatusRuntimeException: UNAVAILABLE: io exception
2023-03-14 08:39:20,583 [grpc-default-executor-10] INFO  leader.FollowerInfo (FollowerInfoImpl.java:lambda$new$0(52)) - s0@group-601F42C587AE->s2: decreaseNextIndex nextIndex: updateUnconditionally 43 -> 42
2023-03-14 08:39:20,584 [grpc-default-executor-7] INFO  leader.FollowerInfo (FollowerInfoImpl.java:lambda$new$0(52)) - s0@group-601F42C587AE->s2: decreaseNextIndex nextIndex: updateUnconditionally 42 -> 41
2023-03-14 08:39:20,600 [s2-server-thread1] DEBUG server.RaftServer$Division (RaftServerImpl.java:logAppendEntries(1430)) - s2@group-601F42C587AE: receive appendEntries(s0, 1, (t:1, i:40), 44, true, commits:[s0:c44, s1:c44, s2:c44], cId:39096, entries: [(t:1, i:41), CONFIGURATIONENTRY(current:id: "s0"
address: "localhost:37053"
dataStreamAddress: "localhost:39313"
clientAddress: "localhost:45499"
adminAddress: "localhost:46553"
startupRole: FOLLOWER
,id: "s1"
address: "0.0.0.0:39533"
clientAddress: "0.0.0.0:39533"
adminAddress: "0.0.0.0:39533"
startupRole: FOLLOWER
,id: "s2"
address: "0.0.0.0:38849"
clientAddress: "0.0.0.0:38849"
adminAddress: "0.0.0.0:38849"
startupRole: FOLLOWER
, old:id: "s0"
address: "localhost:37053"
dataStreamAddress: "localhost:39313"
clientAddress: "localhost:45499"
adminAddress: "localhost:46553"
startupRole: FOLLOWER
), (t:1, i:42), METADATAENTRY(c:41), (t:1, i:43), CONFIGURATIONENTRY(current:id: "s0"
address: "localhost:37053"
dataStreamAddress: "localhost:39313"
clientAddress: "localhost:45499"
adminAddress: "localhost:46553"
startupRole: FOLLOWER
,id: "s1"
address: "0.0.0.0:39533"
clientAddress: "0.0.0.0:39533"
adminAddress: "0.0.0.0:39533"
startupRole: FOLLOWER
,id: "s2"
address: "0.0.0.0:38849"
clientAddress: "0.0.0.0:38849"
adminAddress: "0.0.0.0:38849"
startupRole: FOLLOWER
, old:), (t:1, i:44), METADATAENTRY(c:43)]
2023-03-14 08:39:20,601 [s2-server-thread1] INFO  server.RaftServer$Division (ServerState.java:setLeader(260)) - s2@group-601F42C587AE: change Leader from null to s0 at term 1 for appendEntries, leader elected after 40ms
2023-03-14 08:39:20,601 [s2-server-thread1] INFO  server.RaftServer$Division (RaftServerImpl.java:checkInconsistentAppendEntries(1610)) - s2@group-601F42C587AE: Failed appendEntries as previous log entry ((t:1, i:40)) is not found
2023-03-14 08:39:20,601 [s2-server-thread1] INFO  server.RaftServer$Division (RaftServerImpl.java:checkInconsistentAppendEntries(1580)) - s2@group-601F42C587AE: inconsistency entries. Reply:s0<-s2#39096:FAIL-t0,INCONSISTENCY,nextIndex=0,followerCommit=-1,matchIndex=-1
2023-03-14 08:39:20,602 [grpc-default-executor-7] WARN  server.GrpcLogAppender (GrpcLogAppender.java:onNextImpl(390)) - s0@group-601F42C587AE->s2-AppendLogResponseHandler: received INCONSISTENCY reply with nextIndex 0
2023-03-14 08:39:20,602 [grpc-default-executor-7] INFO  leader.FollowerInfo (FollowerInfoImpl.java:lambda$new$0(52)) - s0@group-601F42C587AE->s2: setNextIndex nextIndex: updateUnconditionally 45 -> 0
2023-03-14 08:39:20,605 [s2-server-thread1] DEBUG server.RaftServer$Division (RaftServerImpl.java:logAppendEntries(1430)) - s2@group-601F42C587AE: receive appendEntries(s0, 1, null, 44, true, commits:[s0:c44, s1:c44, s2:c44], cId:39097, entries: [(t:1, i:0), CONFIGURATIONENTRY(current:id: "s0"
address: "localhost:37053"
dataStreamAddress: "localhost:39313"
clientAddress: "localhost:45499"
adminAddress: "localhost:46553"
startupRole: FOLLOWER
, old:), (t:1, i:1), STATEMACHINELOGENTRY, 99@client-ED1A43C046DC, (t:1, i:2), METADATAENTRY(c:1), (t:1, i:3), STATEMACHINELOGENTRY, 100@client-ED1A43C046DC, (t:1, i:4), METADATAENTRY(c:3), (t:1, i:5), STATEMACHINELOGENTRY, 101@client-ED1A43C046DC, (t:1, i:6), METADATAENTRY(c:5), (t:1, i:7), STATEMACHINELOGENTRY, 102@client-ED1A43C046DC, (t:1, i:8), METADATAENTRY(c:7), (t:1, i:9), STATEMACHINELOGENTRY, 103@client-ED1A43C046DC, (t:1, i:10), METADATAENTRY(c:9), (t:1, i:11), STATEMACHINELOGENTRY, 104@client-ED1A43C046DC, (t:1, i:12), METADATAENTRY(c:11), (t:1, i:13), STATEMACHINELOGENTRY, 105@client-ED1A43C046DC, (t:1, i:14), METADATAENTRY(c:13), (t:1, i:15), STATEMACHINELOGENTRY, 106@client-ED1A43C046DC, (t:1, i:16), METADATAENTRY(c:15), (t:1, i:17), STATEMACHINELOGENTRY, 107@client-ED1A43C046DC, (t:1, i:18), METADATAENTRY(c:17), (t:1, i:19), STATEMACHINELOGENTRY, 108@client-ED1A43C046DC, (t:1, i:20), METADATAENTRY(c:19), (t:1, i:21), STATEMACHINELOGENTRY, 109@client-ED1A43C046DC, (t:1, i:22), METADATAENTRY(c:21), (t:1, i:23), STATEMACHINELOGENTRY, 110@client-ED1A43C046DC, (t:1, i:24), METADATAENTRY(c:23), (t:1, i:25), STATEMACHINELOGENTRY, 111@client-ED1A43C046DC, (t:1, i:26), METADATAENTRY(c:25), (t:1, i:27), STATEMACHINELOGENTRY, 112@client-ED1A43C046DC, (t:1, i:28), METADATAENTRY(c:27), (t:1, i:29), STATEMACHINELOGENTRY, 113@client-ED1A43C046DC, (t:1, i:30), METADATAENTRY(c:29), (t:1, i:31), STATEMACHINELOGENTRY, 114@client-ED1A43C046DC, (t:1, i:32), METADATAENTRY(c:31), (t:1, i:33), STATEMACHINELOGENTRY, 115@client-ED1A43C046DC, (t:1, i:34), METADATAENTRY(c:33), (t:1, i:35), STATEMACHINELOGENTRY, 116@client-ED1A43C046DC, (t:1, i:36), METADATAENTRY(c:35), (t:1, i:37), STATEMACHINELOGENTRY, 117@client-ED1A43C046DC, (t:1, i:38), METADATAENTRY(c:37), (t:1, i:39), STATEMACHINELOGENTRY, 118@client-ED1A43C046DC, (t:1, i:40), METADATAENTRY(c:39), (t:1, i:41), CONFIGURATIONENTRY(current:id: "s0"
address: "localhost:37053"
dataStreamAddress: "localhost:39313"
clientAddress: "localhost:45499"
adminAddress: "localhost:46553"
startupRole: FOLLOWER
,id: "s1"
address: "0.0.0.0:39533"
clientAddress: "0.0.0.0:39533"
adminAddress: "0.0.0.0:39533"
startupRole: FOLLOWER
,id: "s2"
address: "0.0.0.0:38849"
clientAddress: "0.0.0.0:38849"
adminAddress: "0.0.0.0:38849"
startupRole: FOLLOWER
, old:id: "s0"
address: "localhost:37053"
dataStreamAddress: "localhost:39313"
clientAddress: "localhost:45499"
adminAddress: "localhost:46553"
startupRole: FOLLOWER
), (t:1, i:42), METADATAENTRY(c:41), (t:1, i:43), CONFIGURATIONENTRY(current:id: "s0"
address: "localhost:37053"
dataStreamAddress: "localhost:39313"
clientAddress: "localhost:45499"
adminAddress: "localhost:46553"
startupRole: FOLLOWER
,id: "s1"
address: "0.0.0.0:39533"
clientAddress: "0.0.0.0:39533"
adminAddress: "0.0.0.0:39533"
startupRole: FOLLOWER
,id: "s2"
address: "0.0.0.0:38849"
clientAddress: "0.0.0.0:38849"
adminAddress: "0.0.0.0:38849"
startupRole: FOLLOWER
, old:), (t:1, i:44), METADATAENTRY(c:43)]
2023-03-14 08:39:20,605 [s2-server-thread1] INFO  server.RaftServer$Division (ServerState.java:setRaftConf(378)) - s2@group-601F42C587AE: set configuration 0: peers:[s0|rpc:localhost:37053|admin:localhost:46553|client:localhost:45499|dataStream:localhost:39313|priority:0|startupRole:FOLLOWER]|listeners:[], old=null
2023-03-14 08:39:20,605 [s2-server-thread1] INFO  server.RaftServer$Division (ServerState.java:setRaftConf(378)) - s2@group-601F42C587AE: set configuration 41: peers:[s0|rpc:localhost:37053|admin:localhost:46553|client:localhost:45499|dataStream:localhost:39313|priority:0|startupRole:FOLLOWER, s1|rpc:0.0.0.0:39533|dataStream:|priority:0|startupRole:FOLLOWER, s2|rpc:0.0.0.0:38849|dataStream:|priority:0|startupRole:FOLLOWER]|listeners:[], old=peers:[s0|rpc:localhost:37053|admin:localhost:46553|client:localhost:45499|dataStream:localhost:39313|priority:0|startupRole:FOLLOWER]|listeners:[]
2023-03-14 08:39:20,605 [s2-server-thread1] INFO  server.RaftServer$Division (ServerState.java:setRaftConf(378)) - s2@group-601F42C587AE: set configuration 43: peers:[s0|rpc:localhost:37053|admin:localhost:46553|client:localhost:45499|dataStream:localhost:39313|priority:0|startupRole:FOLLOWER, s1|rpc:0.0.0.0:39533|dataStream:|priority:0|startupRole:FOLLOWER, s2|rpc:0.0.0.0:38849|dataStream:|priority:0|startupRole:FOLLOWER]|listeners:[], old=null
2023-03-14 08:39:20,605 [s2-server-thread1] INFO  segmented.SegmentedRaftLogWorker (SegmentedRaftLogWorker.java:startLogSegment(426)) - s2@group-601F42C587AE-SegmentedRaftLogWorker: Starting segment from index:0
2023-03-14 08:39:20,613 [s2@group-601F42C587AE-SegmentedRaftLogWorker] INFO  segmented.SegmentedRaftLogWorker (SegmentedRaftLogWorker.java:execute(630)) - s2@group-601F42C587AE-SegmentedRaftLogWorker: created new log segment /home/runner/work/ratis/ratis/ratis-test/target/test/data/be523d36/MiniRaftClusterWithGrpcce1a277e/s2/f36edab9-02ec-4d78-8876-601f42c587ae/current/log_inprogress_0
2023-03-14 08:39:20,614 [s2-server-thread1] DEBUG server.RaftServer$Division (RaftServerImpl.java:logAppendEntries(1430)) - s2@group-601F42C587AE: succeeded to handle AppendEntries. Reply: s0<-s2#39097:OK-t1,SUCCESS,nextIndex=45,followerCommit=44,matchIndex=44
2023-03-14 08:39:20,885 [Time-limited test] INFO  impl.MiniRaftCluster (MiniRaftCluster.java:shutdown(831)) - ************************************************************** 
2023-03-14 08:39:20,885 [Time-limited test] INFO  impl.MiniRaftCluster (MiniRaftCluster.java:shutdown(832)) - *** 
2023-03-14 08:39:20,886 [Time-limited test] INFO  impl.MiniRaftCluster (MiniRaftCluster.java:shutdown(833)) - ***     Stopping MiniRaftClusterWithGrpc
2023-03-14 08:39:20,886 [Time-limited test] INFO  impl.MiniRaftCluster (MiniRaftCluster.java:shutdown(834)) - *** 
2023-03-14 08:39:20,886 [Time-limited test] INFO  impl.MiniRaftCluster (MiniRaftCluster.java:shutdown(835)) - ************************************************************** 
2023-03-14 08:39:20,886 [Time-limited test] INFO  impl.MiniRaftCluster (MiniRaftCluster.java:shutdown(836)) - printing ALL groups
  s0:  RUNNING    LEADER s0@group-601F42C587AE:t1, leader=s0, voted=s0, raftlog=Memoized:s0@group-601F42C587AE-SegmentedRaftLog:OPENED:c44, conf=43: peers:[s0|rpc:localhost:37053|admin:localhost:46553|client:localhost:45499|dataStream:localhost:39313|priority:0|startupRole:FOLLOWER, s1|rpc:0.0.0.0:39533|dataStream:|priority:0|startupRole:FOLLOWER, s2|rpc:0.0.0.0:38849|dataStream:|priority:0|startupRole:FOLLOWER]|listeners:[], old=null RUNNING
  s1:  RUNNING  FOLLOWER s1@group-601F42C587AE:t1, leader=s0, voted=null, raftlog=Memoized:s1@group-601F42C587AE-SegmentedRaftLog:OPENED:c44, conf=43: peers:[s0|rpc:localhost:37053|admin:localhost:46553|client:localhost:45499|dataStream:localhost:39313|priority:0|startupRole:FOLLOWER, s1|rpc:0.0.0.0:39533|dataStream:|priority:0|startupRole:FOLLOWER, s2|rpc:0.0.0.0:38849|dataStream:|priority:0|startupRole:FOLLOWER]|listeners:[], old=null RUNNING
  s2:  RUNNING  FOLLOWER s2@group-601F42C587AE:t1, leader=s0, voted=null, raftlog=Memoized:s2@group-601F42C587AE-SegmentedRaftLog:OPENED:c44, conf=43: peers:[s0|rpc:localhost:37053|admin:localhost:46553|client:localhost:45499|dataStream:localhost:39313|priority:0|startupRole:FOLLOWER, s1|rpc:0.0.0.0:39533|dataStream:|priority:0|startupRole:FOLLOWER, s2|rpc:0.0.0.0:38849|dataStream:|priority:0|startupRole:FOLLOWER]|listeners:[], old=null RUNNING
2023-03-14 08:39:20,886 [MiniRaftCluster-78] INFO  server.RaftServer (RaftServerProxy.java:lambda$close$7(417)) - s0: close
2023-03-14 08:39:20,886 [MiniRaftCluster-78] INFO  server.GrpcService (GrpcService.java:closeImpl(311)) - s0: shutdown server org.apache.ratis.grpc.server.GrpcClientProtocolService now
2023-03-14 08:39:20,887 [s0-impl-thread1] INFO  server.RaftServer$Division (RaftServerImpl.java:lambda$close$4(466)) - s0@group-601F42C587AE: shutdown
2023-03-14 08:39:20,887 [s0-impl-thread1] INFO  util.JmxRegister (JmxRegister.java:unregister(73)) - Successfully un-registered JMX Bean with object name Ratis:service=RaftServer,group=group-601F42C587AE,id=s0
2023-03-14 08:39:20,887 [s0-impl-thread1] INFO  impl.RoleInfo (RoleInfo.java:shutdownLeaderState(93)) - s0: shutdown s0@group-601F42C587AE-LeaderStateImpl
2023-03-14 08:39:20,887 [s0@group-601F42C587AE->s1-GrpcLogAppender-LogAppenderDaemon] WARN  server.GrpcLogAppender (GrpcLogAppender.java:mayWait(190)) - s0@group-601F42C587AE->s1-GrpcLogAppender: Wait interrupted by java.lang.InterruptedException
2023-03-14 08:39:20,887 [s0-impl-thread1] INFO  impl.PendingRequests (PendingRequests.java:sendNotLeaderResponses(282)) - s0@group-601F42C587AE-PendingRequests: sendNotLeaderResponses
2023-03-14 08:39:20,888 [grpc-default-executor-7] INFO  server.GrpcServerProtocolService (GrpcServerProtocolService.java:onCompleted(145)) - s1: Completed APPEND_ENTRIES, lastRequest: null
2023-03-14 08:39:20,888 [grpc-default-executor-0] INFO  server.GrpcServerProtocolService (GrpcServerProtocolService.java:onCompleted(145)) - s1: Completed APPEND_ENTRIES, lastRequest: s0->s1#36866-t1,previous=(t:0, i:0),leaderCommit=44,initializing? true,entries: size=45, first=(t:1, i:0), CONFIGURATIONENTRY(current:id: "s0"
address: "localhost:37053"
dataStreamAddress: "localhost:39313"
clientAddress: "localhost:45499"
adminAddress: "localhost:46553"
startupRole: FOLLOWER
, old:)
2023-03-14 08:39:20,888 [grpc-default-executor-1] INFO  server.GrpcLogAppender (GrpcLogAppender.java:onCompleted(417)) - s0@group-601F42C587AE->s1-AppendLogResponseHandler: follower responses appendEntries COMPLETED
2023-03-14 08:39:20,888 [grpc-default-executor-1] INFO  leader.FollowerInfo (FollowerInfoImpl.java:lambda$new$0(52)) - s0@group-601F42C587AE->s1: decreaseNextIndex nextIndex: updateUnconditionally 45 -> 44
2023-03-14 08:39:20,888 [grpc-default-executor-7] INFO  server.GrpcLogAppender (GrpcLogAppender.java:onCompleted(417)) - s0@group-601F42C587AE->s1-AppendLogResponseHandler: follower responses appendEntries COMPLETED
2023-03-14 08:39:20,888 [grpc-default-executor-7] INFO  leader.FollowerInfo (FollowerInfoImpl.java:lambda$new$0(52)) - s0@group-601F42C587AE->s1: decreaseNextIndex nextIndex: updateUnconditionally 44 -> 43
2023-03-14 08:39:20,889 [grpc-default-executor-7] INFO  server.GrpcServerProtocolService (GrpcServerProtocolService.java:onCompleted(145)) - s2: Completed APPEND_ENTRIES, lastRequest: s0->s2#39097-t1,previous=(t:0, i:0),leaderCommit=44,initializing? true,entries: size=45, first=(t:1, i:0), CONFIGURATIONENTRY(current:id: "s0"
address: "localhost:37053"
dataStreamAddress: "localhost:39313"
clientAddress: "localhost:45499"
adminAddress: "localhost:46553"
startupRole: FOLLOWER
, old:)
2023-03-14 08:39:20,889 [grpc-default-executor-1] INFO  server.GrpcLogAppender (GrpcLogAppender.java:onCompleted(417)) - s0@group-601F42C587AE->s2-AppendLogResponseHandler: follower responses appendEntries COMPLETED
2023-03-14 08:39:20,889 [grpc-default-executor-1] INFO  leader.FollowerInfo (FollowerInfoImpl.java:lambda$new$0(52)) - s0@group-601F42C587AE->s2: decreaseNextIndex nextIndex: updateUnconditionally 45 -> 44
2023-03-14 08:39:20,889 [grpc-default-executor-1] INFO  server.GrpcServerProtocolService (GrpcServerProtocolService.java:onCompleted(145)) - s2: Completed APPEND_ENTRIES, lastRequest: null
2023-03-14 08:39:20,889 [MiniRaftCluster-79] INFO  server.RaftServer (RaftServerProxy.java:lambda$close$7(417)) - s1: close
2023-03-14 08:39:20,889 [s1-impl-thread1] INFO  server.RaftServer$Division (RaftServerImpl.java:lambda$close$4(466)) - s1@group-601F42C587AE: shutdown
2023-03-14 08:39:20,889 [s1-impl-thread1] INFO  util.JmxRegister (JmxRegister.java:unregister(73)) - Successfully un-registered JMX Bean with object name Ratis:service=RaftServer,group=group-601F42C587AE,id=s1
2023-03-14 08:39:20,889 [s1-impl-thread1] INFO  impl.RoleInfo (RoleInfo.java:shutdownFollowerState(110)) - s1: shutdown s1@group-601F42C587AE-FollowerState
2023-03-14 08:39:20,889 [s1-impl-thread1] INFO  impl.StateMachineUpdater (StateMachineUpdater.java:stopAndJoin(154)) - s1@group-601F42C587AE-StateMachineUpdater: set stopIndex = 44
2023-03-14 08:39:20,889 [s1@group-601F42C587AE-FollowerState] INFO  impl.FollowerState (FollowerState.java:run(152)) - s1@group-601F42C587AE-FollowerState was interrupted
2023-03-14 08:39:20,889 [grpc-default-executor-7] INFO  server.GrpcLogAppender (GrpcLogAppender.java:onCompleted(417)) - s0@group-601F42C587AE->s2-AppendLogResponseHandler: follower responses appendEntries COMPLETED
2023-03-14 08:39:20,889 [grpc-default-executor-7] INFO  leader.FollowerInfo (FollowerInfoImpl.java:lambda$new$0(52)) - s0@group-601F42C587AE->s2: decreaseNextIndex nextIndex: updateUnconditionally 44 -> 43
2023-03-14 08:39:20,889 [s1-impl-thread1] INFO  server.RaftServer$Division (ServerState.java:close(414)) - s1@group-601F42C587AE: applyIndex: 44
2023-03-14 08:39:20,889 [MiniRaftCluster-79] INFO  server.GrpcService (GrpcService.java:closeImpl(311)) - s1: shutdown server GrpcServerProtocolService now
2023-03-14 08:39:20,890 [MiniRaftCluster-80] INFO  server.RaftServer (RaftServerProxy.java:lambda$close$7(417)) - s2: close
2023-03-14 08:39:20,890 [s2-impl-thread1] INFO  server.RaftServer$Division (RaftServerImpl.java:lambda$close$4(466)) - s2@group-601F42C587AE: shutdown
2023-03-14 08:39:20,890 [s2-impl-thread1] INFO  util.JmxRegister (JmxRegister.java:unregister(73)) - Successfully un-registered JMX Bean with object name Ratis:service=RaftServer,group=group-601F42C587AE,id=s2
2023-03-14 08:39:20,890 [s2-impl-thread1] INFO  impl.RoleInfo (RoleInfo.java:shutdownFollowerState(110)) - s2: shutdown s2@group-601F42C587AE-FollowerState
2023-03-14 08:39:20,890 [s2-impl-thread1] INFO  impl.StateMachineUpdater (StateMachineUpdater.java:stopAndJoin(154)) - s2@group-601F42C587AE-StateMachineUpdater: set stopIndex = 44
2023-03-14 08:39:20,890 [s2@group-601F42C587AE-FollowerState] INFO  impl.FollowerState (FollowerState.java:run(152)) - s2@group-601F42C587AE-FollowerState was interrupted
2023-03-14 08:39:20,890 [s2-impl-thread1] INFO  server.RaftServer$Division (ServerState.java:close(414)) - s2@group-601F42C587AE: applyIndex: 44
2023-03-14 08:39:20,891 [MiniRaftCluster-80] INFO  server.GrpcService (GrpcService.java:closeImpl(311)) - s2: shutdown server GrpcServerProtocolService now
2023-03-14 08:39:20,891 [s0-impl-thread1] INFO  impl.StateMachineUpdater (StateMachineUpdater.java:stopAndJoin(154)) - s0@group-601F42C587AE-StateMachineUpdater: set stopIndex = 44
2023-03-14 08:39:20,891 [s0-impl-thread1] INFO  server.RaftServer$Division (ServerState.java:close(414)) - s0@group-601F42C587AE: applyIndex: 44
2023-03-14 08:39:20,891 [Thread-2176] INFO  server.GrpcServerProtocolClient (GrpcServerProtocolClient.java:close(102)) - s1 Close channels
2023-03-14 08:39:20,892 [Thread-2178] INFO  server.GrpcServerProtocolClient (GrpcServerProtocolClient.java:close(102)) - s2 Close channels
2023-03-14 08:39:20,892 [MiniRaftCluster-78] INFO  server.GrpcService (GrpcService.java:closeImpl(320)) - s0: shutdown server org.apache.ratis.grpc.server.GrpcClientProtocolService successfully
2023-03-14 08:39:20,892 [MiniRaftCluster-78] INFO  server.GrpcService (GrpcService.java:closeImpl(311)) - s0: shutdown server GrpcServerProtocolService now
2023-03-14 08:39:20,892 [MiniRaftCluster-80] INFO  server.GrpcService (GrpcService.java:closeImpl(320)) - s2: shutdown server GrpcServerProtocolService successfully
2023-03-14 08:39:20,893 [MiniRaftCluster-79] INFO  server.GrpcService (GrpcService.java:closeImpl(320)) - s1: shutdown server GrpcServerProtocolService successfully
2023-03-14 08:39:20,893 [MiniRaftCluster-78] INFO  server.GrpcService (GrpcService.java:closeImpl(320)) - s0: shutdown server GrpcServerProtocolService successfully
2023-03-14 08:39:20,893 [MiniRaftCluster-78] INFO  server.GrpcService (GrpcService.java:closeImpl(311)) - s0: shutdown server org.apache.ratis.grpc.server.GrpcAdminProtocolService now
2023-03-14 08:39:20,894 [MiniRaftCluster-78] INFO  server.GrpcService (GrpcService.java:closeImpl(320)) - s0: shutdown server org.apache.ratis.grpc.server.GrpcAdminProtocolService successfully
2023-03-14 08:39:21,545 [s0-impl-thread1] INFO  segmented.SegmentedRaftLogWorker (SegmentedRaftLogWorker.java:close(242)) - s0@group-601F42C587AE-SegmentedRaftLogWorker close()
2023-03-14 08:39:21,546 [JvmPauseMonitor71] INFO  util.JvmPauseMonitor (JvmPauseMonitor.java:run(109)) - JvmPauseMonitor-s0: Stopped
2023-03-14 08:39:21,598 [s1-impl-thread1] INFO  segmented.SegmentedRaftLogWorker (SegmentedRaftLogWorker.java:close(242)) - s1@group-601F42C587AE-SegmentedRaftLogWorker close()
2023-03-14 08:39:21,598 [JvmPauseMonitor74] INFO  util.JvmPauseMonitor (JvmPauseMonitor.java:run(109)) - JvmPauseMonitor-s1: Stopped
2023-03-14 08:39:21,615 [s2-impl-thread1] INFO  segmented.SegmentedRaftLogWorker (SegmentedRaftLogWorker.java:close(242)) - s2@group-601F42C587AE-SegmentedRaftLogWorker close()
2023-03-14 08:39:21,615 [JvmPauseMonitor75] INFO  util.JvmPauseMonitor (JvmPauseMonitor.java:run(109)) - JvmPauseMonitor-s2: Stopped
]]></system-out>
  </testcase>
  <testcase name="testBootstrapReconfWithSingleNodeAddTwo" classname="org.apache.ratis.grpc.TestRaftReconfigurationWithGrpc" time="3.689">
    <failure message="Unexpected exit." type="java.lang.AssertionError">java.lang.AssertionError: Unexpected exit.
	at org.apache.ratis.util.ExitUtils.assertNotTerminated(ExitUtils.java:109)
	at org.apache.ratis.BaseTest.assertNoFailures(BaseTest.java:89)
	at jdk.internal.reflect.GeneratedMethodAccessor18.invoke(Unknown Source)
	at java.base/jdk.internal.reflect.DelegatingMethodAccessorImpl.invoke(DelegatingMethodAccessorImpl.java:43)
	at java.base/java.lang.reflect.Method.invoke(Method.java:566)
	at org.junit.runners.model.FrameworkMethod$1.runReflectiveCall(FrameworkMethod.java:59)
	at org.junit.internal.runners.model.ReflectiveCallable.run(ReflectiveCallable.java:12)
	at org.junit.runners.model.FrameworkMethod.invokeExplosively(FrameworkMethod.java:56)
	at org.junit.internal.runners.statements.RunAfters.invokeMethod(RunAfters.java:46)
	at org.junit.internal.runners.statements.RunAfters.evaluate(RunAfters.java:33)
	at org.junit.internal.runners.statements.FailOnTimeout$CallableStatement.call(FailOnTimeout.java:299)
	at org.junit.internal.runners.statements.FailOnTimeout$CallableStatement.call(FailOnTimeout.java:293)
	at java.base/java.util.concurrent.FutureTask.run(FutureTask.java:264)
	at java.base/java.lang.Thread.run(Thread.java:829)
Caused by: org.apache.ratis.util.ExitUtils$ExitException: Failed to start Grpc server
	at org.apache.ratis.util.ExitUtils.terminate(ExitUtils.java:141)
	at org.apache.ratis.util.ExitUtils.terminate(ExitUtils.java:151)
	at org.apache.ratis.grpc.server.GrpcService.startImpl(GrpcService.java:300)
	at org.apache.ratis.util.LifeCycle.startAndTransition(LifeCycle.java:270)
	at org.apache.ratis.server.RaftServerRpcWithProxy.start(RaftServerRpcWithProxy.java:72)
	at org.apache.ratis.server.impl.RaftServerProxy.startImpl(RaftServerProxy.java:402)
	at org.apache.ratis.util.LifeCycle.startAndTransition(LifeCycle.java:270)
	at org.apache.ratis.server.impl.RaftServerProxy.start(RaftServerProxy.java:395)
	at org.apache.ratis.server.impl.MiniRaftCluster.startServers(MiniRaftCluster.java:499)
	at org.apache.ratis.server.impl.MiniRaftCluster.start(MiniRaftCluster.java:346)
	at org.apache.ratis.server.impl.MiniRaftCluster.restart(MiniRaftCluster.java:374)
	at org.apache.ratis.server.impl.RaftReconfigurationBaseTest.lambda$testRestorePriority$0(RaftReconfigurationBaseTest.java:123)
	at org.apache.ratis.server.impl.MiniRaftCluster$Factory$Get.runWithNewCluster(MiniRaftCluster.java:141)
	at org.apache.ratis.server.impl.MiniRaftCluster$Factory$Get.runWithNewCluster(MiniRaftCluster.java:121)
	at org.apache.ratis.server.impl.RaftReconfigurationBaseTest.testRestorePriority(RaftReconfigurationBaseTest.java:100)
	at java.base/jdk.internal.reflect.NativeMethodAccessorImpl.invoke0(Native Method)
	at java.base/jdk.internal.reflect.NativeMethodAccessorImpl.invoke(NativeMethodAccessorImpl.java:62)
	at java.base/jdk.internal.reflect.DelegatingMethodAccessorImpl.invoke(DelegatingMethodAccessorImpl.java:43)
	at java.base/java.lang.reflect.Method.invoke(Method.java:566)
	at org.junit.runners.model.FrameworkMethod$1.runReflectiveCall(FrameworkMethod.java:59)
	at org.junit.internal.runners.model.ReflectiveCallable.run(ReflectiveCallable.java:12)
	at org.junit.runners.model.FrameworkMethod.invokeExplosively(FrameworkMethod.java:56)
	at org.junit.internal.runners.statements.InvokeMethod.evaluate(InvokeMethod.java:17)
	at org.junit.internal.runners.statements.RunAfters.evaluate(RunAfters.java:27)
	... 4 more
Caused by: java.io.IOException: Failed to bind to address 0.0.0.0/0.0.0.0:46109
	at org.apache.ratis.thirdparty.io.grpc.netty.NettyServer.start(NettyServer.java:328)
	at org.apache.ratis.thirdparty.io.grpc.internal.ServerImpl.start(ServerImpl.java:183)
	at org.apache.ratis.thirdparty.io.grpc.internal.ServerImpl.start(ServerImpl.java:92)
	at org.apache.ratis.grpc.server.GrpcService.startImpl(GrpcService.java:298)
	... 25 more
Caused by: org.apache.ratis.thirdparty.io.netty.channel.unix.Errors$NativeIoException: bind(..) failed: Address already in use
</failure>
  </testcase>
</testsuite>