<?xml version="1.0" encoding="UTF-8"?>
<testsuite xmlns:xsi="http://www.w3.org/2001/XMLSchema-instance" xsi:noNamespaceSchemaLocation="https://maven.apache.org/surefire/maven-surefire-plugin/xsd/surefire-test-report.xsd" name="org.apache.ratis.grpc.TestRaftServerWithGrpc" time="35.003" tests="12" errors="0" skipped="0" failures="1">
  <properties>
    <property name="awt.toolkit" value="sun.awt.X11.XToolkit"/>
    <property name="java.specification.version" value="11"/>
    <property name="sun.cpu.isalist" value=""/>
    <property name="sun.jnu.encoding" value="UTF-8"/>
    <property name="java.class.path" value="/home/runner/work/ratis/ratis/ratis-test/target/test-classes:/home/runner/work/ratis/ratis/ratis-test/target/classes:/home/runner/work/ratis/ratis/ratis-common/target/classes:/home/runner/.m2/repository/org/apache/ratis/ratis-thirdparty-misc/1.0.3/ratis-thirdparty-misc-1.0.3.jar:/home/runner/work/ratis/ratis/ratis-proto/target/ratis-proto-3.0.0-SNAPSHOT.jar:/home/runner/work/ratis/ratis/ratis-common/target/test-classes:/home/runner/work/ratis/ratis/ratis-client/target/classes:/home/runner/work/ratis/ratis/ratis-server/target/classes:/home/runner/work/ratis/ratis/ratis-server-api/target/classes:/home/runner/work/ratis/ratis/ratis-metrics-api/target/classes:/home/runner/work/ratis/ratis/ratis-server/target/test-classes:/home/runner/work/ratis/ratis/ratis-metrics-default/target/classes:/home/runner/work/ratis/ratis/ratis-netty/target/classes:/home/runner/work/ratis/ratis/ratis-netty/target/test-classes:/home/runner/work/ratis/ratis/ratis-grpc/target/classes:/home/runner/work/ratis/ratis/ratis-grpc/target/test-classes:/home/runner/work/ratis/ratis/ratis-shell/target/classes:/home/runner/.m2/repository/commons-cli/commons-cli/1.5.0/commons-cli-1.5.0.jar:/home/runner/.m2/repository/org/reflections/reflections/0.10.2/reflections-0.10.2.jar:/home/runner/.m2/repository/org/javassist/javassist/3.28.0-GA/javassist-3.28.0-GA.jar:/home/runner/.m2/repository/com/google/code/findbugs/jsr305/3.0.2/jsr305-3.0.2.jar:/home/runner/.m2/repository/org/bouncycastle/bcprov-jdk15on/1.70/bcprov-jdk15on-1.70.jar:/home/runner/.m2/repository/org/bouncycastle/bcpkix-jdk15on/1.70/bcpkix-jdk15on-1.70.jar:/home/runner/.m2/repository/org/bouncycastle/bcutil-jdk15on/1.70/bcutil-jdk15on-1.70.jar:/home/runner/.m2/repository/org/slf4j/slf4j-api/1.7.29/slf4j-api-1.7.29.jar:/home/runner/.m2/repository/org/slf4j/slf4j-log4j12/1.7.29/slf4j-log4j12-1.7.29.jar:/home/runner/.m2/repository/log4j/log4j/1.2.17/log4j-1.2.17.jar:/home/runner/.m2/repository/junit/junit/4.13.2/junit-4.13.2.jar:/home/runner/.m2/repository/org/hamcrest/hamcrest-core/1.3/hamcrest-core-1.3.jar:/home/runner/.m2/repository/org/mockito/mockito-core/4.3.1/mockito-core-4.3.1.jar:/home/runner/.m2/repository/net/bytebuddy/byte-buddy/1.12.7/byte-buddy-1.12.7.jar:/home/runner/.m2/repository/net/bytebuddy/byte-buddy-agent/1.12.7/byte-buddy-agent-1.12.7.jar:/home/runner/.m2/repository/org/objenesis/objenesis/3.2/objenesis-3.2.jar:"/>
    <property name="java.vm.vendor" value="Eclipse Adoptium"/>
    <property name="sun.arch.data.model" value="64"/>
    <property name="java.vendor.url" value="https://adoptium.net/"/>
    <property name="user.timezone" value=""/>
    <property name="java.vm.specification.version" value="11"/>
    <property name="os.name" value="Linux"/>
    <property name="sun.java.launcher" value="SUN_STANDARD"/>
    <property name="sun.boot.library.path" value="/usr/lib/jvm/temurin-11-jdk-amd64/lib"/>
    <property name="sun.java.command" value="/home/runner/work/ratis/ratis/ratis-test/target/surefire/surefirebooter3187796721243537611.jar /home/runner/work/ratis/ratis/ratis-test/target/surefire 2023-01-19T14-35-58_999-jvmRun1 surefire8404943014726432268tmp surefire_418107669070021624258tmp"/>
    <property name="jdk.debug" value="release"/>
    <property name="surefire.test.class.path" value="/home/runner/work/ratis/ratis/ratis-test/target/test-classes:/home/runner/work/ratis/ratis/ratis-test/target/classes:/home/runner/work/ratis/ratis/ratis-common/target/classes:/home/runner/.m2/repository/org/apache/ratis/ratis-thirdparty-misc/1.0.3/ratis-thirdparty-misc-1.0.3.jar:/home/runner/work/ratis/ratis/ratis-proto/target/ratis-proto-3.0.0-SNAPSHOT.jar:/home/runner/work/ratis/ratis/ratis-common/target/test-classes:/home/runner/work/ratis/ratis/ratis-client/target/classes:/home/runner/work/ratis/ratis/ratis-server/target/classes:/home/runner/work/ratis/ratis/ratis-server-api/target/classes:/home/runner/work/ratis/ratis/ratis-metrics-api/target/classes:/home/runner/work/ratis/ratis/ratis-server/target/test-classes:/home/runner/work/ratis/ratis/ratis-metrics-default/target/classes:/home/runner/work/ratis/ratis/ratis-netty/target/classes:/home/runner/work/ratis/ratis/ratis-netty/target/test-classes:/home/runner/work/ratis/ratis/ratis-grpc/target/classes:/home/runner/work/ratis/ratis/ratis-grpc/target/test-classes:/home/runner/work/ratis/ratis/ratis-shell/target/classes:/home/runner/.m2/repository/commons-cli/commons-cli/1.5.0/commons-cli-1.5.0.jar:/home/runner/.m2/repository/org/reflections/reflections/0.10.2/reflections-0.10.2.jar:/home/runner/.m2/repository/org/javassist/javassist/3.28.0-GA/javassist-3.28.0-GA.jar:/home/runner/.m2/repository/com/google/code/findbugs/jsr305/3.0.2/jsr305-3.0.2.jar:/home/runner/.m2/repository/org/bouncycastle/bcprov-jdk15on/1.70/bcprov-jdk15on-1.70.jar:/home/runner/.m2/repository/org/bouncycastle/bcpkix-jdk15on/1.70/bcpkix-jdk15on-1.70.jar:/home/runner/.m2/repository/org/bouncycastle/bcutil-jdk15on/1.70/bcutil-jdk15on-1.70.jar:/home/runner/.m2/repository/org/slf4j/slf4j-api/1.7.29/slf4j-api-1.7.29.jar:/home/runner/.m2/repository/org/slf4j/slf4j-log4j12/1.7.29/slf4j-log4j12-1.7.29.jar:/home/runner/.m2/repository/log4j/log4j/1.2.17/log4j-1.2.17.jar:/home/runner/.m2/repository/junit/junit/4.13.2/junit-4.13.2.jar:/home/runner/.m2/repository/org/hamcrest/hamcrest-core/1.3/hamcrest-core-1.3.jar:/home/runner/.m2/repository/org/mockito/mockito-core/4.3.1/mockito-core-4.3.1.jar:/home/runner/.m2/repository/net/bytebuddy/byte-buddy/1.12.7/byte-buddy-1.12.7.jar:/home/runner/.m2/repository/net/bytebuddy/byte-buddy-agent/1.12.7/byte-buddy-agent-1.12.7.jar:/home/runner/.m2/repository/org/objenesis/objenesis/3.2/objenesis-3.2.jar:"/>
    <property name="sun.cpu.endian" value="little"/>
    <property name="user.home" value="/home/runner"/>
    <property name="user.language" value="en"/>
    <property name="java.specification.vendor" value="Oracle Corporation"/>
    <property name="java.version.date" value="2022-10-18"/>
    <property name="java.home" value="/usr/lib/jvm/temurin-11-jdk-amd64"/>
    <property name="file.separator" value="/"/>
    <property name="basedir" value="/home/runner/work/ratis/ratis/ratis-test"/>
    <property name="java.vm.compressedOopsMode" value="32-bit"/>
    <property name="line.separator" value="&#10;"/>
    <property name="java.specification.name" value="Java Platform API Specification"/>
    <property name="java.vm.specification.vendor" value="Oracle Corporation"/>
    <property name="java.awt.graphicsenv" value="sun.awt.X11GraphicsEnvironment"/>
    <property name="surefire.real.class.path" value="/home/runner/work/ratis/ratis/ratis-test/target/surefire/surefirebooter3187796721243537611.jar"/>
    <property name="sun.management.compiler" value="HotSpot 64-Bit Tiered Compilers"/>
    <property name="java.runtime.version" value="11.0.17+8"/>
    <property name="user.name" value="runner"/>
    <property name="java.net.preferIPv4Stack" value="true"/>
    <property name="path.separator" value=":"/>
    <property name="os.version" value="5.15.0-1030-azure"/>
    <property name="java.runtime.name" value="OpenJDK Runtime Environment"/>
    <property name="file.encoding" value="UTF-8"/>
    <property name="java.vm.name" value="OpenJDK 64-Bit Server VM"/>
    <property name="java.vendor.version" value="Temurin-11.0.17+8"/>
    <property name="localRepository" value="/home/runner/.m2/repository"/>
    <property name="java.vendor.url.bug" value="https://github.com/adoptium/adoptium-support/issues"/>
    <property name="java.io.tmpdir" value="/tmp"/>
    <property name="java.version" value="11.0.17"/>
    <property name="user.dir" value="/home/runner/work/ratis/ratis/ratis-test"/>
    <property name="os.arch" value="amd64"/>
    <property name="ratis.tmp.dir" value="/home/runner/work/ratis/ratis/ratis-test/target/tmp"/>
    <property name="java.vm.specification.name" value="Java Virtual Machine Specification"/>
    <property name="java.awt.printerjob" value="sun.print.PSPrinterJob"/>
    <property name="ratis.log.dir" value="/home/runner/work/ratis/ratis/ratis-test/target/log"/>
    <property name="sun.os.patch.level" value="unknown"/>
    <property name="java.library.path" value="/usr/java/packages/lib:/usr/lib64:/lib64:/lib:/usr/lib"/>
    <property name="java.vm.info" value="mixed mode"/>
    <property name="java.vendor" value="Eclipse Adoptium"/>
    <property name="java.vm.version" value="11.0.17+8"/>
    <property name="sun.io.unicode.encoding" value="UnicodeLittle"/>
    <property name="java.class.version" value="55.0"/>
  </properties>
  <testcase name="testRaftClientMetrics[0]" classname="org.apache.ratis.grpc.TestRaftServerWithGrpc" time="2.282">
    <failure type="java.lang.AssertionError">java.lang.AssertionError
	at org.junit.Assert.fail(Assert.java:87)
	at org.junit.Assert.assertTrue(Assert.java:42)
	at org.junit.Assert.assertTrue(Assert.java:53)
	at org.apache.ratis.grpc.TestRaftServerWithGrpc.testRaftClientRequestMetrics(TestRaftServerWithGrpc.java:316)
	at org.apache.ratis.server.impl.MiniRaftCluster$Factory$Get.runWithNewCluster(MiniRaftCluster.java:141)
	at org.apache.ratis.server.impl.MiniRaftCluster$Factory$Get.runWithNewCluster(MiniRaftCluster.java:121)
	at org.apache.ratis.grpc.TestRaftServerWithGrpc.testRaftClientMetrics(TestRaftServerWithGrpc.java:219)
	at java.base/jdk.internal.reflect.NativeMethodAccessorImpl.invoke0(Native Method)
	at java.base/jdk.internal.reflect.NativeMethodAccessorImpl.invoke(NativeMethodAccessorImpl.java:62)
	at java.base/jdk.internal.reflect.DelegatingMethodAccessorImpl.invoke(DelegatingMethodAccessorImpl.java:43)
	at java.base/java.lang.reflect.Method.invoke(Method.java:566)
	at org.junit.runners.model.FrameworkMethod$1.runReflectiveCall(FrameworkMethod.java:59)
	at org.junit.internal.runners.model.ReflectiveCallable.run(ReflectiveCallable.java:12)
	at org.junit.runners.model.FrameworkMethod.invokeExplosively(FrameworkMethod.java:56)
	at org.junit.internal.runners.statements.InvokeMethod.evaluate(InvokeMethod.java:17)
	at org.junit.internal.runners.statements.RunBefores.evaluate(RunBefores.java:26)
	at org.junit.internal.runners.statements.RunAfters.evaluate(RunAfters.java:27)
	at org.junit.internal.runners.statements.FailOnTimeout$CallableStatement.call(FailOnTimeout.java:299)
	at org.junit.internal.runners.statements.FailOnTimeout$CallableStatement.call(FailOnTimeout.java:293)
	at java.base/java.util.concurrent.FutureTask.run(FutureTask.java:264)
	at java.base/java.lang.Thread.run(Thread.java:829)
</failure>
    <system-out><![CDATA[2023-01-19 14:38:38,363 [main] INFO  util.LogUtils (Slf4jUtils.java:setLogLevel(38)) - Successfully set org.apache.ratis.conf.ConfUtils log level to WARN
2023-01-19 14:38:38,376 [main] INFO  util.LogUtils (Slf4jUtils.java:setLogLevel(38)) - Successfully set org.apache.ratis.util.FileUtils log level to TRACE
2023-01-19 14:38:38,381 [main] INFO  util.LogUtils (Slf4jUtils.java:setLogLevel(38)) - Successfully set org.apache.ratis.grpc.client.GrpcClientProtocolClient log level to TRACE
2023-01-19 14:38:38,419 [Time-limited test] INFO  impl.MiniRaftCluster (MiniRaftCluster.java:runWithNewCluster(135)) - Running runWithNewCluster
2023-01-19 14:38:38,482 [Time-limited test] INFO  impl.MiniRaftCluster (MiniRaftCluster.java:<init>(306)) - new MiniRaftClusterWithGrpc with group-768B129E9DAC:[s0|rpc:localhost:37101|admin:localhost:34901|client:localhost:41987|dataStream:localhost:35177|priority:0|startupRole:FOLLOWER, s1|rpc:localhost:37711|admin:localhost:38053|client:localhost:44313|dataStream:localhost:39539|priority:0|startupRole:FOLLOWER, s2|rpc:localhost:38829|admin:localhost:34203|client:localhost:44949|dataStream:localhost:38579|priority:0|startupRole:FOLLOWER]
2023-01-19 14:38:38,482 [Time-limited test] INFO  impl.MiniRaftCluster (MiniRaftCluster.java:start(339)) - .............................................................. 
2023-01-19 14:38:38,483 [Time-limited test] INFO  impl.MiniRaftCluster (MiniRaftCluster.java:start(340)) - ... 
2023-01-19 14:38:38,484 [Time-limited test] INFO  impl.MiniRaftCluster (MiniRaftCluster.java:start(341)) - ...     Starting MiniRaftClusterWithGrpc
2023-01-19 14:38:38,485 [Time-limited test] INFO  impl.MiniRaftCluster (MiniRaftCluster.java:start(342)) - ... 
2023-01-19 14:38:38,485 [Time-limited test] INFO  impl.MiniRaftCluster (MiniRaftCluster.java:start(343)) - .............................................................. 
2023-01-19 14:38:38,486 [Time-limited test] INFO  impl.MiniRaftCluster (MiniRaftCluster.java:initServers(318)) - servers = {}
2023-01-19 14:38:38,491 [Time-limited test] INFO  impl.MiniRaftCluster (MiniRaftCluster.java:newRaftServer(382)) - newRaftServer: s0, group-768B129E9DAC:[s0|rpc:localhost:37101|admin:localhost:34901|client:localhost:41987|dataStream:localhost:35177|priority:0|startupRole:FOLLOWER, s1|rpc:localhost:37711|admin:localhost:38053|client:localhost:44313|dataStream:localhost:39539|priority:0|startupRole:FOLLOWER, s2|rpc:localhost:38829|admin:localhost:34203|client:localhost:44949|dataStream:localhost:38579|priority:0|startupRole:FOLLOWER], format? true
2023-01-19 14:38:38,494 [Time-limited test] TRACE util.FileUtils (FileUtils.java:deleteFully(201)) - deleteFully target/test/data/f0947725/MiniRaftClusterWithGrpc4d613736/s0
2023-01-19 14:38:38,494 [Time-limited test] TRACE util.FileUtils (FileUtils.java:deleteFully(217)) - deleteFully: target/test/data/f0947725/MiniRaftClusterWithGrpc4d613736/s0 does not exist.
2023-01-19 14:38:38,495 [Time-limited test] INFO  impl.MiniRaftCluster (MiniRaftCluster.java:newRaftServer(387)) - Formatted directory target/test/data/f0947725/MiniRaftClusterWithGrpc4d613736/s0
2023-01-19 14:38:38,528 [Time-limited test] INFO  server.RaftServer (ConfUtils.java:logGet(46)) - raft.rpc.type = GRPC (default)
2023-01-19 14:38:38,603 [Time-limited test] INFO  grpc.GrpcConfigKeys (ConfUtils.java:logFallback(53)) - raft.grpc.admin.host = null (fallback to raft.grpc.server.host)
2023-01-19 14:38:38,605 [Time-limited test] INFO  grpc.GrpcConfigKeys (ConfUtils.java:logGet(46)) - raft.grpc.admin.port = 34901 (custom)
2023-01-19 14:38:38,606 [Time-limited test] INFO  grpc.GrpcConfigKeys (ConfUtils.java:logFallback(53)) - raft.grpc.client.host = null (fallback to raft.grpc.server.host)
2023-01-19 14:38:38,606 [Time-limited test] INFO  grpc.GrpcConfigKeys (ConfUtils.java:logGet(46)) - raft.grpc.client.port = 41987 (custom)
2023-01-19 14:38:38,607 [Time-limited test] INFO  grpc.GrpcConfigKeys (ConfUtils.java:logGet(46)) - raft.grpc.server.host = null (default)
2023-01-19 14:38:38,607 [Time-limited test] INFO  grpc.GrpcConfigKeys (ConfUtils.java:logGet(46)) - raft.grpc.server.port = 37101 (custom)
2023-01-19 14:38:38,608 [Time-limited test] INFO  server.GrpcService (ConfUtils.java:logGet(46)) - raft.grpc.message.size.max = 64MB (=67108864) (default)
2023-01-19 14:38:38,611 [Time-limited test] INFO  server.RaftServerConfigKeys (ConfUtils.java:logGet(46)) - raft.server.log.appender.buffer.byte-limit = 4MB (=4194304) (default)
2023-01-19 14:38:38,612 [Time-limited test] INFO  server.GrpcService (ConfUtils.java:logGet(46)) - raft.grpc.flow.control.window = 1MB (=1048576) (default)
2023-01-19 14:38:38,613 [Time-limited test] INFO  server.RaftServerConfigKeys (ConfUtils.java:logGet(46)) - raft.server.rpc.request.timeout = 3000ms (default)
2023-01-19 14:38:38,630 [Time-limited test] INFO  grpc.GrpcConfigKeys (ConfUtils.java:logGet(46)) - raft.grpc.server.heartbeat.channel = false (custom)
2023-01-19 14:38:38,634 [Time-limited test] INFO  grpc.GrpcConfigKeys (ConfUtils.java:logGet(46)) - raft.grpc.server.async.request.thread.pool.cached = true (default)
2023-01-19 14:38:38,634 [Time-limited test] INFO  grpc.GrpcConfigKeys (ConfUtils.java:logGet(46)) - raft.grpc.server.async.request.thread.pool.size = 32 (default)
2023-01-19 14:38:38,835 [Time-limited test] INFO  impl.DataStreamServerImpl (ConfUtils.java:logGet(46)) - raft.datastream.type = DISABLED (default)
2023-01-19 14:38:38,839 [Time-limited test] INFO  server.RaftServerConfigKeys (ConfUtils.java:logGet(46)) - raft.server.threadpool.proxy.cached = true (default)
2023-01-19 14:38:38,839 [Time-limited test] INFO  server.RaftServerConfigKeys (ConfUtils.java:logGet(46)) - raft.server.threadpool.proxy.size = 0 (default)
2023-01-19 14:38:38,840 [Time-limited test] INFO  server.RaftServerConfigKeys (ConfUtils.java:logGet(46)) - raft.server.rpc.slowness.timeout = 60s (default)
2023-01-19 14:38:38,841 [Time-limited test] INFO  server.RaftServerConfigKeys (ConfUtils.java:logGet(46)) - raft.server.leaderelection.leader.step-down.wait-time = 10s (default)
2023-01-19 14:38:38,843 [Time-limited test] INFO  server.RaftServerConfigKeys (ConfUtils.java:logGet(46)) - raft.server.storage.dir = [/home/runner/work/ratis/ratis/ratis-test/target/test/data/f0947725/MiniRaftClusterWithGrpc4d613736/s0] (custom)
2023-01-19 14:38:38,854 [Time-limited test] INFO  server.RaftServer (RaftServerProxy.java:addNew(99)) - s0: addNew group-768B129E9DAC:[s0|rpc:localhost:37101|admin:localhost:34901|client:localhost:41987|dataStream:localhost:35177|priority:0|startupRole:FOLLOWER, s1|rpc:localhost:37711|admin:localhost:38053|client:localhost:44313|dataStream:localhost:39539|priority:0|startupRole:FOLLOWER, s2|rpc:localhost:38829|admin:localhost:34203|client:localhost:44949|dataStream:localhost:38579|priority:0|startupRole:FOLLOWER] returns group-768B129E9DAC:java.util.concurrent.CompletableFuture@108c8b97[Not completed]
2023-01-19 14:38:38,854 [Time-limited test] INFO  impl.MiniRaftCluster (MiniRaftCluster.java:newRaftServer(382)) - newRaftServer: s1, group-768B129E9DAC:[s0|rpc:localhost:37101|admin:localhost:34901|client:localhost:41987|dataStream:localhost:35177|priority:0|startupRole:FOLLOWER, s1|rpc:localhost:37711|admin:localhost:38053|client:localhost:44313|dataStream:localhost:39539|priority:0|startupRole:FOLLOWER, s2|rpc:localhost:38829|admin:localhost:34203|client:localhost:44949|dataStream:localhost:38579|priority:0|startupRole:FOLLOWER], format? true
2023-01-19 14:38:38,854 [Time-limited test] TRACE util.FileUtils (FileUtils.java:deleteFully(201)) - deleteFully target/test/data/f0947725/MiniRaftClusterWithGrpc4d613736/s1
2023-01-19 14:38:38,855 [Time-limited test] TRACE util.FileUtils (FileUtils.java:deleteFully(217)) - deleteFully: target/test/data/f0947725/MiniRaftClusterWithGrpc4d613736/s1 does not exist.
2023-01-19 14:38:38,855 [Time-limited test] INFO  impl.MiniRaftCluster (MiniRaftCluster.java:newRaftServer(387)) - Formatted directory target/test/data/f0947725/MiniRaftClusterWithGrpc4d613736/s1
2023-01-19 14:38:38,855 [Time-limited test] INFO  server.RaftServer (ConfUtils.java:logGet(46)) - raft.rpc.type = GRPC (default)
2023-01-19 14:38:38,856 [Time-limited test] INFO  grpc.GrpcConfigKeys (ConfUtils.java:logFallback(53)) - raft.grpc.admin.host = null (fallback to raft.grpc.server.host)
2023-01-19 14:38:38,856 [Time-limited test] INFO  grpc.GrpcConfigKeys (ConfUtils.java:logGet(46)) - raft.grpc.admin.port = 38053 (custom)
2023-01-19 14:38:38,856 [Time-limited test] INFO  grpc.GrpcConfigKeys (ConfUtils.java:logFallback(53)) - raft.grpc.client.host = null (fallback to raft.grpc.server.host)
2023-01-19 14:38:38,856 [Time-limited test] INFO  grpc.GrpcConfigKeys (ConfUtils.java:logGet(46)) - raft.grpc.client.port = 44313 (custom)
2023-01-19 14:38:38,857 [Time-limited test] INFO  grpc.GrpcConfigKeys (ConfUtils.java:logGet(46)) - raft.grpc.server.host = null (default)
2023-01-19 14:38:38,857 [Time-limited test] INFO  grpc.GrpcConfigKeys (ConfUtils.java:logGet(46)) - raft.grpc.server.port = 37711 (custom)
2023-01-19 14:38:38,857 [Time-limited test] INFO  server.GrpcService (ConfUtils.java:logGet(46)) - raft.grpc.message.size.max = 64MB (=67108864) (default)
2023-01-19 14:38:38,857 [Time-limited test] INFO  server.RaftServerConfigKeys (ConfUtils.java:logGet(46)) - raft.server.log.appender.buffer.byte-limit = 4MB (=4194304) (default)
2023-01-19 14:38:38,858 [Time-limited test] INFO  server.GrpcService (ConfUtils.java:logGet(46)) - raft.grpc.flow.control.window = 1MB (=1048576) (default)
2023-01-19 14:38:38,858 [Time-limited test] INFO  server.RaftServerConfigKeys (ConfUtils.java:logGet(46)) - raft.server.rpc.request.timeout = 3000ms (default)
2023-01-19 14:38:38,863 [Time-limited test] INFO  grpc.GrpcConfigKeys (ConfUtils.java:logGet(46)) - raft.grpc.server.heartbeat.channel = false (custom)
2023-01-19 14:38:38,864 [Time-limited test] INFO  grpc.GrpcConfigKeys (ConfUtils.java:logGet(46)) - raft.grpc.server.async.request.thread.pool.cached = true (default)
2023-01-19 14:38:38,864 [Time-limited test] INFO  grpc.GrpcConfigKeys (ConfUtils.java:logGet(46)) - raft.grpc.server.async.request.thread.pool.size = 32 (default)
2023-01-19 14:38:38,866 [Time-limited test] INFO  impl.DataStreamServerImpl (ConfUtils.java:logGet(46)) - raft.datastream.type = DISABLED (default)
2023-01-19 14:38:38,867 [Time-limited test] INFO  server.RaftServerConfigKeys (ConfUtils.java:logGet(46)) - raft.server.threadpool.proxy.cached = true (default)
2023-01-19 14:38:38,867 [Time-limited test] INFO  server.RaftServerConfigKeys (ConfUtils.java:logGet(46)) - raft.server.threadpool.proxy.size = 0 (default)
2023-01-19 14:38:38,868 [Time-limited test] INFO  server.RaftServerConfigKeys (ConfUtils.java:logGet(46)) - raft.server.rpc.slowness.timeout = 60s (default)
2023-01-19 14:38:38,868 [Time-limited test] INFO  server.RaftServerConfigKeys (ConfUtils.java:logGet(46)) - raft.server.leaderelection.leader.step-down.wait-time = 10s (default)
2023-01-19 14:38:38,868 [Time-limited test] INFO  server.RaftServerConfigKeys (ConfUtils.java:logGet(46)) - raft.server.storage.dir = [/home/runner/work/ratis/ratis/ratis-test/target/test/data/f0947725/MiniRaftClusterWithGrpc4d613736/s1] (custom)
2023-01-19 14:38:38,880 [Time-limited test] INFO  server.RaftServer (RaftServerProxy.java:addNew(99)) - s1: addNew group-768B129E9DAC:[s0|rpc:localhost:37101|admin:localhost:34901|client:localhost:41987|dataStream:localhost:35177|priority:0|startupRole:FOLLOWER, s1|rpc:localhost:37711|admin:localhost:38053|client:localhost:44313|dataStream:localhost:39539|priority:0|startupRole:FOLLOWER, s2|rpc:localhost:38829|admin:localhost:34203|client:localhost:44949|dataStream:localhost:38579|priority:0|startupRole:FOLLOWER] returns group-768B129E9DAC:java.util.concurrent.CompletableFuture@7192a2dc[Not completed]
2023-01-19 14:38:38,880 [Time-limited test] INFO  impl.MiniRaftCluster (MiniRaftCluster.java:newRaftServer(382)) - newRaftServer: s2, group-768B129E9DAC:[s0|rpc:localhost:37101|admin:localhost:34901|client:localhost:41987|dataStream:localhost:35177|priority:0|startupRole:FOLLOWER, s1|rpc:localhost:37711|admin:localhost:38053|client:localhost:44313|dataStream:localhost:39539|priority:0|startupRole:FOLLOWER, s2|rpc:localhost:38829|admin:localhost:34203|client:localhost:44949|dataStream:localhost:38579|priority:0|startupRole:FOLLOWER], format? true
2023-01-19 14:38:38,880 [Time-limited test] TRACE util.FileUtils (FileUtils.java:deleteFully(201)) - deleteFully target/test/data/f0947725/MiniRaftClusterWithGrpc4d613736/s2
2023-01-19 14:38:38,881 [Time-limited test] TRACE util.FileUtils (FileUtils.java:deleteFully(217)) - deleteFully: target/test/data/f0947725/MiniRaftClusterWithGrpc4d613736/s2 does not exist.
2023-01-19 14:38:38,881 [Time-limited test] INFO  impl.MiniRaftCluster (MiniRaftCluster.java:newRaftServer(387)) - Formatted directory target/test/data/f0947725/MiniRaftClusterWithGrpc4d613736/s2
2023-01-19 14:38:38,884 [Time-limited test] INFO  server.RaftServer (ConfUtils.java:logGet(46)) - raft.rpc.type = GRPC (default)
2023-01-19 14:38:38,885 [Time-limited test] INFO  grpc.GrpcConfigKeys (ConfUtils.java:logFallback(53)) - raft.grpc.admin.host = null (fallback to raft.grpc.server.host)
2023-01-19 14:38:38,885 [Time-limited test] INFO  grpc.GrpcConfigKeys (ConfUtils.java:logGet(46)) - raft.grpc.admin.port = 34203 (custom)
2023-01-19 14:38:38,885 [Time-limited test] INFO  grpc.GrpcConfigKeys (ConfUtils.java:logFallback(53)) - raft.grpc.client.host = null (fallback to raft.grpc.server.host)
2023-01-19 14:38:38,885 [Time-limited test] INFO  grpc.GrpcConfigKeys (ConfUtils.java:logGet(46)) - raft.grpc.client.port = 44949 (custom)
2023-01-19 14:38:38,886 [Time-limited test] INFO  grpc.GrpcConfigKeys (ConfUtils.java:logGet(46)) - raft.grpc.server.host = null (default)
2023-01-19 14:38:38,886 [Time-limited test] INFO  grpc.GrpcConfigKeys (ConfUtils.java:logGet(46)) - raft.grpc.server.port = 38829 (custom)
2023-01-19 14:38:38,886 [Time-limited test] INFO  server.GrpcService (ConfUtils.java:logGet(46)) - raft.grpc.message.size.max = 64MB (=67108864) (default)
2023-01-19 14:38:38,886 [Time-limited test] INFO  server.RaftServerConfigKeys (ConfUtils.java:logGet(46)) - raft.server.log.appender.buffer.byte-limit = 4MB (=4194304) (default)
2023-01-19 14:38:38,886 [Time-limited test] INFO  server.GrpcService (ConfUtils.java:logGet(46)) - raft.grpc.flow.control.window = 1MB (=1048576) (default)
2023-01-19 14:38:38,887 [Time-limited test] INFO  server.RaftServerConfigKeys (ConfUtils.java:logGet(46)) - raft.server.rpc.request.timeout = 3000ms (default)
2023-01-19 14:38:38,887 [Time-limited test] INFO  grpc.GrpcConfigKeys (ConfUtils.java:logGet(46)) - raft.grpc.server.heartbeat.channel = false (custom)
2023-01-19 14:38:38,887 [Time-limited test] INFO  grpc.GrpcConfigKeys (ConfUtils.java:logGet(46)) - raft.grpc.server.async.request.thread.pool.cached = true (default)
2023-01-19 14:38:38,887 [Time-limited test] INFO  grpc.GrpcConfigKeys (ConfUtils.java:logGet(46)) - raft.grpc.server.async.request.thread.pool.size = 32 (default)
2023-01-19 14:38:38,889 [Time-limited test] INFO  impl.DataStreamServerImpl (ConfUtils.java:logGet(46)) - raft.datastream.type = DISABLED (default)
2023-01-19 14:38:38,889 [Time-limited test] INFO  server.RaftServerConfigKeys (ConfUtils.java:logGet(46)) - raft.server.threadpool.proxy.cached = true (default)
2023-01-19 14:38:38,895 [Time-limited test] INFO  server.RaftServerConfigKeys (ConfUtils.java:logGet(46)) - raft.server.threadpool.proxy.size = 0 (default)
2023-01-19 14:38:38,896 [Time-limited test] INFO  server.RaftServerConfigKeys (ConfUtils.java:logGet(46)) - raft.server.rpc.slowness.timeout = 60s (default)
2023-01-19 14:38:38,896 [Time-limited test] INFO  server.RaftServerConfigKeys (ConfUtils.java:logGet(46)) - raft.server.leaderelection.leader.step-down.wait-time = 10s (default)
2023-01-19 14:38:38,896 [Time-limited test] INFO  server.RaftServerConfigKeys (ConfUtils.java:logGet(46)) - raft.server.storage.dir = [/home/runner/work/ratis/ratis/ratis-test/target/test/data/f0947725/MiniRaftClusterWithGrpc4d613736/s2] (custom)
2023-01-19 14:38:38,895 [pool-2-thread-1] INFO  server.RaftServerConfigKeys (ConfUtils.java:logGet(46)) - raft.server.log.segment.size.max = 8MB (=8388608) (default)
2023-01-19 14:38:38,900 [pool-2-thread-1] INFO  server.RaftServerConfigKeys (ConfUtils.java:logGet(46)) - raft.server.log.preallocated.size = 4MB (=4194304) (default)
2023-01-19 14:38:38,900 [pool-2-thread-1] INFO  server.RaftServerConfigKeys (ConfUtils.java:logGet(46)) - raft.server.log.write.buffer.size = 64KB (=65536) (default)
2023-01-19 14:38:38,895 [pool-1-thread-1] INFO  server.RaftServerConfigKeys (ConfUtils.java:logGet(46)) - raft.server.log.segment.size.max = 8MB (=8388608) (default)
2023-01-19 14:38:38,901 [pool-1-thread-1] INFO  server.RaftServerConfigKeys (ConfUtils.java:logGet(46)) - raft.server.log.preallocated.size = 4MB (=4194304) (default)
2023-01-19 14:38:38,902 [pool-1-thread-1] INFO  server.RaftServerConfigKeys (ConfUtils.java:logGet(46)) - raft.server.log.write.buffer.size = 64KB (=65536) (default)
2023-01-19 14:38:38,908 [Time-limited test] INFO  server.RaftServer (RaftServerProxy.java:addNew(99)) - s2: addNew group-768B129E9DAC:[s0|rpc:localhost:37101|admin:localhost:34901|client:localhost:41987|dataStream:localhost:35177|priority:0|startupRole:FOLLOWER, s1|rpc:localhost:37711|admin:localhost:38053|client:localhost:44313|dataStream:localhost:39539|priority:0|startupRole:FOLLOWER, s2|rpc:localhost:38829|admin:localhost:34203|client:localhost:44949|dataStream:localhost:38579|priority:0|startupRole:FOLLOWER] returns group-768B129E9DAC:java.util.concurrent.CompletableFuture@70e57f5a[Not completed]
2023-01-19 14:38:38,911 [pool-1-thread-1] INFO  server.RaftServer$Division (RaftServerImpl.java:<init>(198)) - s0: new RaftServerImpl for group-768B129E9DAC:[s0|rpc:localhost:37101|admin:localhost:34901|client:localhost:41987|dataStream:localhost:35177|priority:0|startupRole:FOLLOWER, s1|rpc:localhost:37711|admin:localhost:38053|client:localhost:44313|dataStream:localhost:39539|priority:0|startupRole:FOLLOWER, s2|rpc:localhost:38829|admin:localhost:34203|client:localhost:44949|dataStream:localhost:38579|priority:0|startupRole:FOLLOWER] with SimpleStateMachine4Testing:uninitialized
2023-01-19 14:38:38,912 [pool-3-thread-1] INFO  server.RaftServerConfigKeys (ConfUtils.java:logGet(46)) - raft.server.log.segment.size.max = 8MB (=8388608) (default)
2023-01-19 14:38:38,914 [pool-3-thread-1] INFO  server.RaftServerConfigKeys (ConfUtils.java:logGet(46)) - raft.server.log.preallocated.size = 4MB (=4194304) (default)
2023-01-19 14:38:38,914 [pool-3-thread-1] INFO  server.RaftServerConfigKeys (ConfUtils.java:logGet(46)) - raft.server.log.write.buffer.size = 64KB (=65536) (default)
2023-01-19 14:38:38,915 [pool-1-thread-1] INFO  server.RaftServerConfigKeys (ConfUtils.java:logGet(46)) - raft.server.rpc.timeout.min = 150ms (default)
2023-01-19 14:38:38,914 [pool-3-thread-1] INFO  server.RaftServer$Division (RaftServerImpl.java:<init>(198)) - s2: new RaftServerImpl for group-768B129E9DAC:[s0|rpc:localhost:37101|admin:localhost:34901|client:localhost:41987|dataStream:localhost:35177|priority:0|startupRole:FOLLOWER, s1|rpc:localhost:37711|admin:localhost:38053|client:localhost:44313|dataStream:localhost:39539|priority:0|startupRole:FOLLOWER, s2|rpc:localhost:38829|admin:localhost:34203|client:localhost:44949|dataStream:localhost:38579|priority:0|startupRole:FOLLOWER] with SimpleStateMachine4Testing:uninitialized
2023-01-19 14:38:38,915 [pool-1-thread-1] INFO  server.RaftServerConfigKeys (ConfUtils.java:logGet(46)) - raft.server.rpc.timeout.max = 300ms (default)
2023-01-19 14:38:38,915 [pool-3-thread-1] INFO  server.RaftServerConfigKeys (ConfUtils.java:logGet(46)) - raft.server.rpc.timeout.min = 150ms (default)
2023-01-19 14:38:38,916 [pool-1-thread-1] INFO  server.RaftServerConfigKeys (ConfUtils.java:logGet(46)) - raft.server.rpc.sleep.time = 25ms (default)
2023-01-19 14:38:38,916 [pool-1-thread-1] INFO  server.RaftServerConfigKeys (ConfUtils.java:logGet(46)) - raft.server.rpc.slowness.timeout = 60s (default)
2023-01-19 14:38:38,916 [pool-1-thread-1] INFO  server.RaftServerConfigKeys (ConfUtils.java:logGet(46)) - raft.server.leaderelection.leader.step-down.wait-time = 10s (default)
2023-01-19 14:38:38,917 [pool-1-thread-1] INFO  server.RaftServerConfigKeys (ConfUtils.java:logGet(46)) - raft.server.sleep.deviation.threshold = 300ms (default)
2023-01-19 14:38:38,916 [pool-3-thread-1] INFO  server.RaftServerConfigKeys (ConfUtils.java:logGet(46)) - raft.server.rpc.timeout.max = 300ms (default)
2023-01-19 14:38:38,925 [pool-3-thread-1] INFO  server.RaftServerConfigKeys (ConfUtils.java:logGet(46)) - raft.server.rpc.sleep.time = 25ms (default)
2023-01-19 14:38:38,926 [pool-3-thread-1] INFO  server.RaftServerConfigKeys (ConfUtils.java:logGet(46)) - raft.server.rpc.slowness.timeout = 60s (default)
2023-01-19 14:38:38,926 [pool-3-thread-1] INFO  server.RaftServerConfigKeys (ConfUtils.java:logGet(46)) - raft.server.leaderelection.leader.step-down.wait-time = 10s (default)
2023-01-19 14:38:38,926 [pool-3-thread-1] INFO  server.RaftServerConfigKeys (ConfUtils.java:logGet(46)) - raft.server.sleep.deviation.threshold = 300ms (default)
2023-01-19 14:38:38,927 [pool-2-thread-1] INFO  server.RaftServer$Division (RaftServerImpl.java:<init>(198)) - s1: new RaftServerImpl for group-768B129E9DAC:[s0|rpc:localhost:37101|admin:localhost:34901|client:localhost:41987|dataStream:localhost:35177|priority:0|startupRole:FOLLOWER, s1|rpc:localhost:37711|admin:localhost:38053|client:localhost:44313|dataStream:localhost:39539|priority:0|startupRole:FOLLOWER, s2|rpc:localhost:38829|admin:localhost:34203|client:localhost:44949|dataStream:localhost:38579|priority:0|startupRole:FOLLOWER] with SimpleStateMachine4Testing:uninitialized
2023-01-19 14:38:38,927 [pool-2-thread-1] INFO  server.RaftServerConfigKeys (ConfUtils.java:logGet(46)) - raft.server.rpc.timeout.min = 150ms (default)
2023-01-19 14:38:38,937 [pool-2-thread-1] INFO  server.RaftServerConfigKeys (ConfUtils.java:logGet(46)) - raft.server.rpc.timeout.max = 300ms (default)
2023-01-19 14:38:38,945 [pool-2-thread-1] INFO  server.RaftServerConfigKeys (ConfUtils.java:logGet(46)) - raft.server.rpc.sleep.time = 25ms (default)
2023-01-19 14:38:38,946 [pool-2-thread-1] INFO  server.RaftServerConfigKeys (ConfUtils.java:logGet(46)) - raft.server.rpc.slowness.timeout = 60s (default)
2023-01-19 14:38:38,946 [pool-2-thread-1] INFO  server.RaftServerConfigKeys (ConfUtils.java:logGet(46)) - raft.server.leaderelection.leader.step-down.wait-time = 10s (default)
2023-01-19 14:38:38,946 [pool-2-thread-1] INFO  server.RaftServerConfigKeys (ConfUtils.java:logGet(46)) - raft.server.sleep.deviation.threshold = 300ms (default)
2023-01-19 14:38:38,946 [pool-2-thread-1] INFO  server.RaftServer$Division (ServerState.java:<init>(113)) - s1@group-768B129E9DAC: ConfigurationManager, init=-1: peers:[s0|rpc:localhost:37101|admin:localhost:34901|client:localhost:41987|dataStream:localhost:35177|priority:0|startupRole:FOLLOWER, s1|rpc:localhost:37711|admin:localhost:38053|client:localhost:44313|dataStream:localhost:39539|priority:0|startupRole:FOLLOWER, s2|rpc:localhost:38829|admin:localhost:34203|client:localhost:44949|dataStream:localhost:38579|priority:0|startupRole:FOLLOWER]|listeners:[], old=null, confs=<EMPTY_MAP>
2023-01-19 14:38:38,942 [pool-1-thread-1] INFO  server.RaftServer$Division (ServerState.java:<init>(113)) - s0@group-768B129E9DAC: ConfigurationManager, init=-1: peers:[s0|rpc:localhost:37101|admin:localhost:34901|client:localhost:41987|dataStream:localhost:35177|priority:0|startupRole:FOLLOWER, s1|rpc:localhost:37711|admin:localhost:38053|client:localhost:44313|dataStream:localhost:39539|priority:0|startupRole:FOLLOWER, s2|rpc:localhost:38829|admin:localhost:34203|client:localhost:44949|dataStream:localhost:38579|priority:0|startupRole:FOLLOWER]|listeners:[], old=null, confs=<EMPTY_MAP>
2023-01-19 14:38:38,942 [pool-3-thread-1] INFO  server.RaftServer$Division (ServerState.java:<init>(113)) - s2@group-768B129E9DAC: ConfigurationManager, init=-1: peers:[s0|rpc:localhost:37101|admin:localhost:34901|client:localhost:41987|dataStream:localhost:35177|priority:0|startupRole:FOLLOWER, s1|rpc:localhost:37711|admin:localhost:38053|client:localhost:44313|dataStream:localhost:39539|priority:0|startupRole:FOLLOWER, s2|rpc:localhost:38829|admin:localhost:34203|client:localhost:44949|dataStream:localhost:38579|priority:0|startupRole:FOLLOWER]|listeners:[], old=null, confs=<EMPTY_MAP>
2023-01-19 14:38:38,956 [pool-3-thread-1] INFO  server.RaftServerConfigKeys (ConfUtils.java:logGet(46)) - raft.server.notification.no-leader.timeout = 60s (default)
2023-01-19 14:38:38,957 [pool-1-thread-1] INFO  server.RaftServerConfigKeys (ConfUtils.java:logGet(46)) - raft.server.notification.no-leader.timeout = 60s (default)
2023-01-19 14:38:38,963 [pool-1-thread-1] INFO  server.RaftServerConfigKeys (ConfUtils.java:logGet(46)) - raft.server.read.timeout = 10s (default)
2023-01-19 14:38:38,968 [pool-1-thread-1] INFO  server.RaftServerConfigKeys (ConfUtils.java:logGet(46)) - raft.server.retrycache.expirytime = 60s (default)
2023-01-19 14:38:38,968 [pool-1-thread-1] INFO  server.RaftServerConfigKeys (ConfUtils.java:logGet(46)) - raft.server.retrycache.statistics.expirytime = 100μs (default)
2023-01-19 14:38:38,969 [pool-3-thread-1] INFO  server.RaftServerConfigKeys (ConfUtils.java:logGet(46)) - raft.server.read.timeout = 10s (default)
2023-01-19 14:38:38,970 [pool-3-thread-1] INFO  server.RaftServerConfigKeys (ConfUtils.java:logGet(46)) - raft.server.retrycache.expirytime = 60s (default)
2023-01-19 14:38:38,970 [pool-3-thread-1] INFO  server.RaftServerConfigKeys (ConfUtils.java:logGet(46)) - raft.server.retrycache.statistics.expirytime = 100μs (default)
2023-01-19 14:38:38,977 [pool-2-thread-1] INFO  server.RaftServerConfigKeys (ConfUtils.java:logGet(46)) - raft.server.notification.no-leader.timeout = 60s (default)
2023-01-19 14:38:38,978 [pool-2-thread-1] INFO  server.RaftServerConfigKeys (ConfUtils.java:logGet(46)) - raft.server.read.timeout = 10s (default)
2023-01-19 14:38:38,978 [pool-2-thread-1] INFO  server.RaftServerConfigKeys (ConfUtils.java:logGet(46)) - raft.server.retrycache.expirytime = 60s (default)
2023-01-19 14:38:38,978 [pool-2-thread-1] INFO  server.RaftServerConfigKeys (ConfUtils.java:logGet(46)) - raft.server.retrycache.statistics.expirytime = 100μs (default)
2023-01-19 14:38:38,993 [pool-2-thread-1] INFO  server.RaftServerConfigKeys (ConfUtils.java:logGet(46)) - raft.server.read.option = DEFAULT (default)
2023-01-19 14:38:38,994 [pool-1-thread-1] INFO  server.RaftServerConfigKeys (ConfUtils.java:logGet(46)) - raft.server.read.option = DEFAULT (default)
2023-01-19 14:38:38,998 [pool-3-thread-1] INFO  server.RaftServerConfigKeys (ConfUtils.java:logGet(46)) - raft.server.read.option = DEFAULT (default)
2023-01-19 14:38:39,001 [pool-1-thread-1] INFO  metrics.MetricRegistries (MetricRegistriesLoader.java:load(64)) - Loaded MetricRegistries class org.apache.ratis.metrics.impl.MetricRegistriesImpl
2023-01-19 14:38:39,140 [pool-3-thread-1] INFO  server.RaftServerConfigKeys (ConfUtils.java:logGet(46)) - raft.server.log.appender.install.snapshot.enabled = true (default)
2023-01-19 14:38:39,140 [pool-3-thread-1] INFO  server.RaftServerConfigKeys (ConfUtils.java:logGet(46)) - raft.server.threadpool.server.cached = true (default)
2023-01-19 14:38:39,140 [pool-1-thread-1] INFO  server.RaftServerConfigKeys (ConfUtils.java:logGet(46)) - raft.server.log.appender.install.snapshot.enabled = true (default)
2023-01-19 14:38:39,141 [pool-1-thread-1] INFO  server.RaftServerConfigKeys (ConfUtils.java:logGet(46)) - raft.server.threadpool.server.cached = true (default)
2023-01-19 14:38:39,141 [pool-1-thread-1] INFO  server.RaftServerConfigKeys (ConfUtils.java:logGet(46)) - raft.server.threadpool.server.size = 0 (default)
2023-01-19 14:38:39,141 [pool-1-thread-1] INFO  server.RaftServerConfigKeys (ConfUtils.java:logGet(46)) - raft.server.threadpool.client.cached = true (default)
2023-01-19 14:38:39,142 [pool-1-thread-1] INFO  server.RaftServerConfigKeys (ConfUtils.java:logGet(46)) - raft.server.threadpool.client.size = 0 (default)
2023-01-19 14:38:39,142 [pool-3-thread-1] INFO  server.RaftServerConfigKeys (ConfUtils.java:logGet(46)) - raft.server.threadpool.server.size = 0 (default)
2023-01-19 14:38:39,142 [pool-3-thread-1] INFO  server.RaftServerConfigKeys (ConfUtils.java:logGet(46)) - raft.server.threadpool.client.cached = true (default)
2023-01-19 14:38:39,142 [pool-3-thread-1] INFO  server.RaftServerConfigKeys (ConfUtils.java:logGet(46)) - raft.server.threadpool.client.size = 0 (default)
2023-01-19 14:38:39,143 [pool-2-thread-1] INFO  server.RaftServerConfigKeys (ConfUtils.java:logGet(46)) - raft.server.log.appender.install.snapshot.enabled = true (default)
2023-01-19 14:38:39,143 [pool-2-thread-1] INFO  server.RaftServerConfigKeys (ConfUtils.java:logGet(46)) - raft.server.threadpool.server.cached = true (default)
2023-01-19 14:38:39,143 [pool-2-thread-1] INFO  server.RaftServerConfigKeys (ConfUtils.java:logGet(46)) - raft.server.threadpool.server.size = 0 (default)
2023-01-19 14:38:39,143 [pool-2-thread-1] INFO  server.RaftServerConfigKeys (ConfUtils.java:logGet(46)) - raft.server.threadpool.client.cached = true (default)
2023-01-19 14:38:39,143 [pool-2-thread-1] INFO  server.RaftServerConfigKeys (ConfUtils.java:logGet(46)) - raft.server.threadpool.client.size = 0 (default)
2023-01-19 14:38:39,143 [s0-impl-thread1] INFO  server.RaftServerConfigKeys (ConfUtils.java:logGet(46)) - raft.server.storage.free-space.min = 0MB (=0) (default)
2023-01-19 14:38:39,144 [s0-impl-thread1] INFO  server.RaftServerConfigKeys (ConfUtils.java:logGet(46)) - raft.server.log.corruption.policy = EXCEPTION (default)
2023-01-19 14:38:39,144 [s0-impl-thread1] INFO  server.RaftServerConfigKeys (ConfUtils.java:logGet(46)) - raft.server.storage.dir = [/home/runner/work/ratis/ratis/ratis-test/target/test/data/f0947725/MiniRaftClusterWithGrpc4d613736/s0] (custom)
2023-01-19 14:38:39,155 [s0-impl-thread1] INFO  storage.RaftStorageDirectory (RaftStorageDirectoryImpl.java:analyzeStorage(138)) - The storage directory /home/runner/work/ratis/ratis/ratis-test/target/test/data/f0947725/MiniRaftClusterWithGrpc4d613736/s0/9061accc-2e4d-4991-a9f3-768b129e9dac does not exist. Creating ...
2023-01-19 14:38:39,157 [s0-impl-thread1] TRACE util.FileUtils (LogUtils.java:runAndLog(49)) - Successfully ran Files.createDirectories /home/runner/work/ratis/ratis/ratis-test/target/test/data/f0947725/MiniRaftClusterWithGrpc4d613736/s0/9061accc-2e4d-4991-a9f3-768b129e9dac
2023-01-19 14:38:39,162 [s0-impl-thread1] INFO  storage.RaftStorageDirectory (RaftStorageDirectoryImpl.java:tryLock(232)) - Lock on /home/runner/work/ratis/ratis/ratis-test/target/test/data/f0947725/MiniRaftClusterWithGrpc4d613736/s0/9061accc-2e4d-4991-a9f3-768b129e9dac/in_use.lock acquired by nodename 4721@fv-az82-597
2023-01-19 14:38:39,162 [s0-impl-thread1] TRACE util.FileUtils (LogUtils.java:runAndLog(49)) - Successfully ran Files.createDirectories /home/runner/work/ratis/ratis/ratis-test/target/test/data/f0947725/MiniRaftClusterWithGrpc4d613736/s0/9061accc-2e4d-4991-a9f3-768b129e9dac/current
2023-01-19 14:38:39,163 [s0-impl-thread1] TRACE util.FileUtils (LogUtils.java:runAndLog(49)) - Successfully ran Files.createDirectories /home/runner/work/ratis/ratis/ratis-test/target/test/data/f0947725/MiniRaftClusterWithGrpc4d613736/s0/9061accc-2e4d-4991-a9f3-768b129e9dac/sm
2023-01-19 14:38:39,177 [s0-impl-thread1] INFO  storage.RaftStorage (RaftStorageImpl.java:format(96)) - Storage directory /home/runner/work/ratis/ratis/ratis-test/target/test/data/f0947725/MiniRaftClusterWithGrpc4d613736/s0/9061accc-2e4d-4991-a9f3-768b129e9dac has been successfully formatted.
2023-01-19 14:38:39,178 [s0-impl-thread1] INFO  impl.SimpleStateMachine4Testing (SimpleStateMachine4Testing.java:initialize(213)) - Initializing SimpleStateMachine4Testing:uninitialized
2023-01-19 14:38:39,180 [s0-impl-thread1] INFO  impl.SimpleStateMachine4Testing (SimpleStateMachine4Testing.java:loadSnapshot(293)) - Loading snapshot null
2023-01-19 14:38:39,182 [s0-impl-thread1] INFO  server.RaftServerConfigKeys (ConfUtils.java:logGet(46)) - raft.server.log.use.memory = false (default)
2023-01-19 14:38:39,188 [s0-impl-thread1] INFO  server.RaftServerConfigKeys (ConfUtils.java:logGet(46)) - raft.server.log.purge.gap = 1024 (default)
2023-01-19 14:38:39,188 [s0-impl-thread1] INFO  server.RaftServerConfigKeys (ConfUtils.java:logGet(46)) - raft.server.log.appender.buffer.byte-limit = 4MB (=4194304) (default)
2023-01-19 14:38:39,190 [s0-impl-thread1] INFO  server.RaftServerConfigKeys (ConfUtils.java:logGet(46)) - raft.server.log.statemachine.data.read.timeout = 1000ms (default)
2023-01-19 14:38:39,191 [s0-impl-thread1] INFO  server.RaftServerConfigKeys (ConfUtils.java:logGet(46)) - raft.server.log.purge.preservation.log.num = 0 (default)
2023-01-19 14:38:39,194 [s0-impl-thread1] INFO  server.RaftServerConfigKeys (ConfUtils.java:logGet(46)) - raft.server.log.segment.size.max = 8MB (=8388608) (default)
2023-01-19 14:38:39,200 [s0-impl-thread1] INFO  server.RaftServerConfigKeys (ConfUtils.java:logGet(46)) - raft.server.log.segment.cache.num.max = 6 (default)
2023-01-19 14:38:39,200 [s0-impl-thread1] INFO  server.RaftServerConfigKeys (ConfUtils.java:logGet(46)) - raft.server.log.segment.cache.size.max = 200MB (=209715200) (default)
2023-01-19 14:38:39,204 [s0-impl-thread1] INFO  segmented.SegmentedRaftLogWorker (SegmentedRaftLogWorker.java:<init>(184)) - new s0@group-768B129E9DAC-SegmentedRaftLogWorker for RaftStorageImpl:Storage Directory /home/runner/work/ratis/ratis/ratis-test/target/test/data/f0947725/MiniRaftClusterWithGrpc4d613736/s0/9061accc-2e4d-4991-a9f3-768b129e9dac
2023-01-19 14:38:39,204 [s0-impl-thread1] INFO  server.RaftServerConfigKeys (ConfUtils.java:logGet(46)) - raft.server.log.queue.byte-limit = 64MB (=67108864) (default)
2023-01-19 14:38:39,205 [s0-impl-thread1] INFO  server.RaftServerConfigKeys (ConfUtils.java:logGet(46)) - raft.server.log.queue.element-limit = 4096 (default)
2023-01-19 14:38:39,206 [s0-impl-thread1] INFO  server.RaftServerConfigKeys (ConfUtils.java:logGet(46)) - raft.server.log.segment.size.max = 8MB (=8388608) (default)
2023-01-19 14:38:39,206 [s0-impl-thread1] INFO  server.RaftServerConfigKeys (ConfUtils.java:logGet(46)) - raft.server.log.preallocated.size = 4MB (=4194304) (default)
2023-01-19 14:38:39,207 [s0-impl-thread1] INFO  server.RaftServerConfigKeys (ConfUtils.java:logGet(46)) - raft.server.log.force.sync.num = 128 (default)
2023-01-19 14:38:39,207 [s0-impl-thread1] INFO  server.RaftServerConfigKeys (ConfUtils.java:logGet(46)) - raft.server.log.statemachine.data.sync = true (default)
2023-01-19 14:38:39,208 [s0-impl-thread1] INFO  server.RaftServerConfigKeys (ConfUtils.java:logGet(46)) - raft.server.log.statemachine.data.sync.timeout = 10s (default)
2023-01-19 14:38:39,208 [s0-impl-thread1] INFO  server.RaftServerConfigKeys (ConfUtils.java:logGet(46)) - raft.server.log.statemachine.data.sync.timeout.retry = -1 (default)
2023-01-19 14:38:39,210 [s0-impl-thread1] INFO  server.RaftServerConfigKeys (ConfUtils.java:logGet(46)) - raft.server.log.write.buffer.size = 64KB (=65536) (default)
2023-01-19 14:38:39,211 [s0-impl-thread1] INFO  server.RaftServerConfigKeys (ConfUtils.java:logGet(46)) - raft.server.log.appender.buffer.byte-limit = 4MB (=4194304) (default)
2023-01-19 14:38:39,213 [s0-impl-thread1] INFO  server.RaftServerConfigKeys (ConfUtils.java:logGet(46)) - raft.server.log.unsafe-flush.enabled = false (default)
2023-01-19 14:38:39,213 [s0-impl-thread1] INFO  server.RaftServerConfigKeys (ConfUtils.java:logGet(46)) - raft.server.log.async-flush.enabled = false (default)
2023-01-19 14:38:39,214 [s0-impl-thread1] INFO  server.RaftServerConfigKeys (ConfUtils.java:logGet(46)) - raft.server.log.statemachine.data.caching.enabled = false (default)
2023-01-19 14:38:39,221 [s0-impl-thread1] INFO  segmented.SegmentedRaftLogWorker (SegmentedRaftLogWorker.java:lambda$new$0(134)) - s0@group-768B129E9DAC-SegmentedRaftLogWorker: flushIndex: setUnconditionally 0 -> -1
2023-01-19 14:38:39,221 [s0-impl-thread1] INFO  segmented.SegmentedRaftLogWorker (SegmentedRaftLogWorker.java:lambda$new$0(134)) - s0@group-768B129E9DAC-SegmentedRaftLogWorker: safeCacheEvictIndex: setUnconditionally 0 -> -1
2023-01-19 14:38:39,223 [s0-impl-thread1] INFO  server.RaftServer$Division (RaftServerImpl.java:start(338)) - s0@group-768B129E9DAC: start as a follower, conf=-1: peers:[s0|rpc:localhost:37101|admin:localhost:34901|client:localhost:41987|dataStream:localhost:35177|priority:0|startupRole:FOLLOWER, s1|rpc:localhost:37711|admin:localhost:38053|client:localhost:44313|dataStream:localhost:39539|priority:0|startupRole:FOLLOWER, s2|rpc:localhost:38829|admin:localhost:34203|client:localhost:44949|dataStream:localhost:38579|priority:0|startupRole:FOLLOWER]|listeners:[], old=null
2023-01-19 14:38:39,223 [s0-impl-thread1] INFO  server.RaftServer$Division (RaftServerImpl.java:setRole(325)) - s0@group-768B129E9DAC: changes role from      null to FOLLOWER at term 0 for startAsFollower
2023-01-19 14:38:39,224 [s0-impl-thread1] INFO  impl.RoleInfo (RoleInfo.java:updateAndGet(139)) - s0: start s0@group-768B129E9DAC-FollowerState
2023-01-19 14:38:39,234 [s0@group-768B129E9DAC-FollowerState] INFO  server.RaftServerConfigKeys (ConfUtils.java:logFallback(53)) - raft.server.rpc.first-election.timeout.min = 150ms (fallback to raft.server.rpc.timeout.min)
2023-01-19 14:38:39,237 [s0@group-768B129E9DAC-FollowerState] INFO  server.RaftServerConfigKeys (ConfUtils.java:logFallback(53)) - raft.server.rpc.first-election.timeout.max = 300ms (fallback to raft.server.rpc.timeout.max)
2023-01-19 14:38:39,237 [s0-impl-thread1] INFO  util.JmxRegister (JmxRegister.java:tryRegister(44)) - Successfully registered JMX Bean with object name Ratis:service=RaftServer,group=group-768B129E9DAC,id=s0
2023-01-19 14:38:39,239 [s0-impl-thread1] INFO  server.RaftServerConfigKeys (ConfUtils.java:logGet(46)) - raft.server.snapshot.auto.trigger.enabled = false (default)
2023-01-19 14:38:39,240 [s0-impl-thread1] INFO  server.RaftServerConfigKeys (ConfUtils.java:logGet(46)) - raft.server.snapshot.retention.file.num = -1 (default)
2023-01-19 14:38:39,240 [s0-impl-thread1] INFO  server.RaftServerConfigKeys (ConfUtils.java:logGet(46)) - raft.server.log.purge.upto.snapshot.index = false (default)
2023-01-19 14:38:39,245 [Time-limited test] INFO  server.RaftServer (RaftServerProxy.java:startImpl(396)) - s0: start RPC server
2023-01-19 14:38:39,295 [Time-limited test] INFO  server.GrpcService (GrpcService.java:startImpl(302)) - s0: GrpcService started, listening on 41987
2023-01-19 14:38:39,297 [Time-limited test] INFO  server.GrpcService (GrpcService.java:startImpl(302)) - s0: GrpcService started, listening on 37101
2023-01-19 14:38:39,299 [Time-limited test] INFO  server.GrpcService (GrpcService.java:startImpl(302)) - s0: GrpcService started, listening on 34901
2023-01-19 14:38:39,302 [s1-impl-thread1] INFO  server.RaftServerConfigKeys (ConfUtils.java:logGet(46)) - raft.server.storage.free-space.min = 0MB (=0) (default)
2023-01-19 14:38:39,302 [s1-impl-thread1] INFO  server.RaftServerConfigKeys (ConfUtils.java:logGet(46)) - raft.server.log.corruption.policy = EXCEPTION (default)
2023-01-19 14:38:39,303 [s1-impl-thread1] INFO  server.RaftServerConfigKeys (ConfUtils.java:logGet(46)) - raft.server.storage.dir = [/home/runner/work/ratis/ratis/ratis-test/target/test/data/f0947725/MiniRaftClusterWithGrpc4d613736/s1] (custom)
2023-01-19 14:38:39,303 [s1-impl-thread1] INFO  storage.RaftStorageDirectory (RaftStorageDirectoryImpl.java:analyzeStorage(138)) - The storage directory /home/runner/work/ratis/ratis/ratis-test/target/test/data/f0947725/MiniRaftClusterWithGrpc4d613736/s1/9061accc-2e4d-4991-a9f3-768b129e9dac does not exist. Creating ...
2023-01-19 14:38:39,306 [s1-impl-thread1] TRACE util.FileUtils (LogUtils.java:runAndLog(49)) - Successfully ran Files.createDirectories /home/runner/work/ratis/ratis/ratis-test/target/test/data/f0947725/MiniRaftClusterWithGrpc4d613736/s1/9061accc-2e4d-4991-a9f3-768b129e9dac
2023-01-19 14:38:39,308 [JvmPauseMonitor0] INFO  util.JvmPauseMonitor (JvmPauseMonitor.java:run(105)) - JvmPauseMonitor-s0: Started
2023-01-19 14:38:39,309 [s1-impl-thread1] INFO  storage.RaftStorageDirectory (RaftStorageDirectoryImpl.java:tryLock(232)) - Lock on /home/runner/work/ratis/ratis/ratis-test/target/test/data/f0947725/MiniRaftClusterWithGrpc4d613736/s1/9061accc-2e4d-4991-a9f3-768b129e9dac/in_use.lock acquired by nodename 4721@fv-az82-597
2023-01-19 14:38:39,309 [s1-impl-thread1] TRACE util.FileUtils (LogUtils.java:runAndLog(49)) - Successfully ran Files.createDirectories /home/runner/work/ratis/ratis/ratis-test/target/test/data/f0947725/MiniRaftClusterWithGrpc4d613736/s1/9061accc-2e4d-4991-a9f3-768b129e9dac/current
2023-01-19 14:38:39,309 [s1-impl-thread1] TRACE util.FileUtils (LogUtils.java:runAndLog(49)) - Successfully ran Files.createDirectories /home/runner/work/ratis/ratis/ratis-test/target/test/data/f0947725/MiniRaftClusterWithGrpc4d613736/s1/9061accc-2e4d-4991-a9f3-768b129e9dac/sm
2023-01-19 14:38:39,311 [s1-impl-thread1] INFO  storage.RaftStorage (RaftStorageImpl.java:format(96)) - Storage directory /home/runner/work/ratis/ratis/ratis-test/target/test/data/f0947725/MiniRaftClusterWithGrpc4d613736/s1/9061accc-2e4d-4991-a9f3-768b129e9dac has been successfully formatted.
2023-01-19 14:38:39,313 [s1-impl-thread1] INFO  impl.SimpleStateMachine4Testing (SimpleStateMachine4Testing.java:initialize(213)) - Initializing SimpleStateMachine4Testing:uninitialized
2023-01-19 14:38:39,314 [s1-impl-thread1] INFO  impl.SimpleStateMachine4Testing (SimpleStateMachine4Testing.java:loadSnapshot(293)) - Loading snapshot null
2023-01-19 14:38:39,314 [s1-impl-thread1] INFO  server.RaftServerConfigKeys (ConfUtils.java:logGet(46)) - raft.server.log.use.memory = false (default)
2023-01-19 14:38:39,316 [s1-impl-thread1] INFO  server.RaftServerConfigKeys (ConfUtils.java:logGet(46)) - raft.server.log.purge.gap = 1024 (default)
2023-01-19 14:38:39,317 [s1-impl-thread1] INFO  server.RaftServerConfigKeys (ConfUtils.java:logGet(46)) - raft.server.log.appender.buffer.byte-limit = 4MB (=4194304) (default)
2023-01-19 14:38:39,317 [s1-impl-thread1] INFO  server.RaftServerConfigKeys (ConfUtils.java:logGet(46)) - raft.server.log.statemachine.data.read.timeout = 1000ms (default)
2023-01-19 14:38:39,317 [s1-impl-thread1] INFO  server.RaftServerConfigKeys (ConfUtils.java:logGet(46)) - raft.server.log.purge.preservation.log.num = 0 (default)
2023-01-19 14:38:39,319 [s1-impl-thread1] INFO  server.RaftServerConfigKeys (ConfUtils.java:logGet(46)) - raft.server.log.segment.size.max = 8MB (=8388608) (default)
2023-01-19 14:38:39,320 [s1-impl-thread1] INFO  server.RaftServerConfigKeys (ConfUtils.java:logGet(46)) - raft.server.log.segment.cache.num.max = 6 (default)
2023-01-19 14:38:39,320 [s1-impl-thread1] INFO  server.RaftServerConfigKeys (ConfUtils.java:logGet(46)) - raft.server.log.segment.cache.size.max = 200MB (=209715200) (default)
2023-01-19 14:38:39,320 [s1-impl-thread1] INFO  segmented.SegmentedRaftLogWorker (SegmentedRaftLogWorker.java:<init>(184)) - new s1@group-768B129E9DAC-SegmentedRaftLogWorker for RaftStorageImpl:Storage Directory /home/runner/work/ratis/ratis/ratis-test/target/test/data/f0947725/MiniRaftClusterWithGrpc4d613736/s1/9061accc-2e4d-4991-a9f3-768b129e9dac
2023-01-19 14:38:39,324 [s1-impl-thread1] INFO  server.RaftServerConfigKeys (ConfUtils.java:logGet(46)) - raft.server.log.queue.byte-limit = 64MB (=67108864) (default)
2023-01-19 14:38:39,324 [s1-impl-thread1] INFO  server.RaftServerConfigKeys (ConfUtils.java:logGet(46)) - raft.server.log.queue.element-limit = 4096 (default)
2023-01-19 14:38:39,324 [s1-impl-thread1] INFO  server.RaftServerConfigKeys (ConfUtils.java:logGet(46)) - raft.server.log.segment.size.max = 8MB (=8388608) (default)
2023-01-19 14:38:39,324 [s1-impl-thread1] INFO  server.RaftServerConfigKeys (ConfUtils.java:logGet(46)) - raft.server.log.preallocated.size = 4MB (=4194304) (default)
2023-01-19 14:38:39,324 [s1-impl-thread1] INFO  server.RaftServerConfigKeys (ConfUtils.java:logGet(46)) - raft.server.log.force.sync.num = 128 (default)
2023-01-19 14:38:39,325 [s1-impl-thread1] INFO  server.RaftServerConfigKeys (ConfUtils.java:logGet(46)) - raft.server.log.statemachine.data.sync = true (default)
2023-01-19 14:38:39,325 [s1-impl-thread1] INFO  server.RaftServerConfigKeys (ConfUtils.java:logGet(46)) - raft.server.log.statemachine.data.sync.timeout = 10s (default)
2023-01-19 14:38:39,325 [s1-impl-thread1] INFO  server.RaftServerConfigKeys (ConfUtils.java:logGet(46)) - raft.server.log.statemachine.data.sync.timeout.retry = -1 (default)
2023-01-19 14:38:39,325 [s1-impl-thread1] INFO  server.RaftServerConfigKeys (ConfUtils.java:logGet(46)) - raft.server.log.write.buffer.size = 64KB (=65536) (default)
2023-01-19 14:38:39,326 [s1-impl-thread1] INFO  server.RaftServerConfigKeys (ConfUtils.java:logGet(46)) - raft.server.log.appender.buffer.byte-limit = 4MB (=4194304) (default)
2023-01-19 14:38:39,327 [s1-impl-thread1] INFO  server.RaftServerConfigKeys (ConfUtils.java:logGet(46)) - raft.server.log.unsafe-flush.enabled = false (default)
2023-01-19 14:38:39,327 [s1-impl-thread1] INFO  server.RaftServerConfigKeys (ConfUtils.java:logGet(46)) - raft.server.log.async-flush.enabled = false (default)
2023-01-19 14:38:39,327 [s1-impl-thread1] INFO  server.RaftServerConfigKeys (ConfUtils.java:logGet(46)) - raft.server.log.statemachine.data.caching.enabled = false (default)
2023-01-19 14:38:39,328 [s1-impl-thread1] INFO  segmented.SegmentedRaftLogWorker (SegmentedRaftLogWorker.java:lambda$new$0(134)) - s1@group-768B129E9DAC-SegmentedRaftLogWorker: flushIndex: setUnconditionally 0 -> -1
2023-01-19 14:38:39,328 [s1-impl-thread1] INFO  segmented.SegmentedRaftLogWorker (SegmentedRaftLogWorker.java:lambda$new$0(134)) - s1@group-768B129E9DAC-SegmentedRaftLogWorker: safeCacheEvictIndex: setUnconditionally 0 -> -1
2023-01-19 14:38:39,329 [s1-impl-thread1] INFO  server.RaftServer$Division (RaftServerImpl.java:start(338)) - s1@group-768B129E9DAC: start as a follower, conf=-1: peers:[s0|rpc:localhost:37101|admin:localhost:34901|client:localhost:41987|dataStream:localhost:35177|priority:0|startupRole:FOLLOWER, s1|rpc:localhost:37711|admin:localhost:38053|client:localhost:44313|dataStream:localhost:39539|priority:0|startupRole:FOLLOWER, s2|rpc:localhost:38829|admin:localhost:34203|client:localhost:44949|dataStream:localhost:38579|priority:0|startupRole:FOLLOWER]|listeners:[], old=null
2023-01-19 14:38:39,335 [s1-impl-thread1] INFO  server.RaftServer$Division (RaftServerImpl.java:setRole(325)) - s1@group-768B129E9DAC: changes role from      null to FOLLOWER at term 0 for startAsFollower
2023-01-19 14:38:39,335 [s1-impl-thread1] INFO  impl.RoleInfo (RoleInfo.java:updateAndGet(139)) - s1: start s1@group-768B129E9DAC-FollowerState
2023-01-19 14:38:39,337 [s1-impl-thread1] INFO  util.JmxRegister (JmxRegister.java:tryRegister(44)) - Successfully registered JMX Bean with object name Ratis:service=RaftServer,group=group-768B129E9DAC,id=s1
2023-01-19 14:38:39,340 [s1-impl-thread1] INFO  server.RaftServerConfigKeys (ConfUtils.java:logGet(46)) - raft.server.snapshot.auto.trigger.enabled = false (default)
2023-01-19 14:38:39,340 [s1-impl-thread1] INFO  server.RaftServerConfigKeys (ConfUtils.java:logGet(46)) - raft.server.snapshot.retention.file.num = -1 (default)
2023-01-19 14:38:39,340 [s1-impl-thread1] INFO  server.RaftServerConfigKeys (ConfUtils.java:logGet(46)) - raft.server.log.purge.upto.snapshot.index = false (default)
2023-01-19 14:38:39,341 [Time-limited test] INFO  server.RaftServer (RaftServerProxy.java:startImpl(396)) - s1: start RPC server
2023-01-19 14:38:39,345 [Time-limited test] INFO  server.GrpcService (GrpcService.java:startImpl(302)) - s1: GrpcService started, listening on 44313
2023-01-19 14:38:39,345 [s1@group-768B129E9DAC-FollowerState] INFO  server.RaftServerConfigKeys (ConfUtils.java:logFallback(53)) - raft.server.rpc.first-election.timeout.min = 150ms (fallback to raft.server.rpc.timeout.min)
2023-01-19 14:38:39,346 [s1@group-768B129E9DAC-FollowerState] INFO  server.RaftServerConfigKeys (ConfUtils.java:logFallback(53)) - raft.server.rpc.first-election.timeout.max = 300ms (fallback to raft.server.rpc.timeout.max)
2023-01-19 14:38:39,346 [Time-limited test] INFO  server.GrpcService (GrpcService.java:startImpl(302)) - s1: GrpcService started, listening on 37711
2023-01-19 14:38:39,347 [Time-limited test] INFO  server.GrpcService (GrpcService.java:startImpl(302)) - s1: GrpcService started, listening on 38053
2023-01-19 14:38:39,348 [s2-impl-thread1] INFO  server.RaftServerConfigKeys (ConfUtils.java:logGet(46)) - raft.server.storage.free-space.min = 0MB (=0) (default)
2023-01-19 14:38:39,348 [s2-impl-thread1] INFO  server.RaftServerConfigKeys (ConfUtils.java:logGet(46)) - raft.server.log.corruption.policy = EXCEPTION (default)
2023-01-19 14:38:39,348 [s2-impl-thread1] INFO  server.RaftServerConfigKeys (ConfUtils.java:logGet(46)) - raft.server.storage.dir = [/home/runner/work/ratis/ratis/ratis-test/target/test/data/f0947725/MiniRaftClusterWithGrpc4d613736/s2] (custom)
2023-01-19 14:38:39,349 [s2-impl-thread1] INFO  storage.RaftStorageDirectory (RaftStorageDirectoryImpl.java:analyzeStorage(138)) - The storage directory /home/runner/work/ratis/ratis/ratis-test/target/test/data/f0947725/MiniRaftClusterWithGrpc4d613736/s2/9061accc-2e4d-4991-a9f3-768b129e9dac does not exist. Creating ...
2023-01-19 14:38:39,350 [s2-impl-thread1] TRACE util.FileUtils (LogUtils.java:runAndLog(49)) - Successfully ran Files.createDirectories /home/runner/work/ratis/ratis/ratis-test/target/test/data/f0947725/MiniRaftClusterWithGrpc4d613736/s2/9061accc-2e4d-4991-a9f3-768b129e9dac
2023-01-19 14:38:39,351 [JvmPauseMonitor1] INFO  util.JvmPauseMonitor (JvmPauseMonitor.java:run(105)) - JvmPauseMonitor-s1: Started
2023-01-19 14:38:39,354 [s2-impl-thread1] INFO  storage.RaftStorageDirectory (RaftStorageDirectoryImpl.java:tryLock(232)) - Lock on /home/runner/work/ratis/ratis/ratis-test/target/test/data/f0947725/MiniRaftClusterWithGrpc4d613736/s2/9061accc-2e4d-4991-a9f3-768b129e9dac/in_use.lock acquired by nodename 4721@fv-az82-597
2023-01-19 14:38:39,354 [s2-impl-thread1] TRACE util.FileUtils (LogUtils.java:runAndLog(49)) - Successfully ran Files.createDirectories /home/runner/work/ratis/ratis/ratis-test/target/test/data/f0947725/MiniRaftClusterWithGrpc4d613736/s2/9061accc-2e4d-4991-a9f3-768b129e9dac/current
2023-01-19 14:38:39,354 [s2-impl-thread1] TRACE util.FileUtils (LogUtils.java:runAndLog(49)) - Successfully ran Files.createDirectories /home/runner/work/ratis/ratis/ratis-test/target/test/data/f0947725/MiniRaftClusterWithGrpc4d613736/s2/9061accc-2e4d-4991-a9f3-768b129e9dac/sm
2023-01-19 14:38:39,356 [s2-impl-thread1] INFO  storage.RaftStorage (RaftStorageImpl.java:format(96)) - Storage directory /home/runner/work/ratis/ratis/ratis-test/target/test/data/f0947725/MiniRaftClusterWithGrpc4d613736/s2/9061accc-2e4d-4991-a9f3-768b129e9dac has been successfully formatted.
2023-01-19 14:38:39,356 [s2-impl-thread1] INFO  impl.SimpleStateMachine4Testing (SimpleStateMachine4Testing.java:initialize(213)) - Initializing SimpleStateMachine4Testing:uninitialized
2023-01-19 14:38:39,356 [s2-impl-thread1] INFO  impl.SimpleStateMachine4Testing (SimpleStateMachine4Testing.java:loadSnapshot(293)) - Loading snapshot null
2023-01-19 14:38:39,357 [s2-impl-thread1] INFO  server.RaftServerConfigKeys (ConfUtils.java:logGet(46)) - raft.server.log.use.memory = false (default)
2023-01-19 14:38:39,357 [s2-impl-thread1] INFO  server.RaftServerConfigKeys (ConfUtils.java:logGet(46)) - raft.server.log.purge.gap = 1024 (default)
2023-01-19 14:38:39,357 [s2-impl-thread1] INFO  server.RaftServerConfigKeys (ConfUtils.java:logGet(46)) - raft.server.log.appender.buffer.byte-limit = 4MB (=4194304) (default)
2023-01-19 14:38:39,357 [s2-impl-thread1] INFO  server.RaftServerConfigKeys (ConfUtils.java:logGet(46)) - raft.server.log.statemachine.data.read.timeout = 1000ms (default)
2023-01-19 14:38:39,358 [s2-impl-thread1] INFO  server.RaftServerConfigKeys (ConfUtils.java:logGet(46)) - raft.server.log.purge.preservation.log.num = 0 (default)
2023-01-19 14:38:39,360 [s2-impl-thread1] INFO  server.RaftServerConfigKeys (ConfUtils.java:logGet(46)) - raft.server.log.segment.size.max = 8MB (=8388608) (default)
2023-01-19 14:38:39,360 [s2-impl-thread1] INFO  server.RaftServerConfigKeys (ConfUtils.java:logGet(46)) - raft.server.log.segment.cache.num.max = 6 (default)
2023-01-19 14:38:39,361 [s2-impl-thread1] INFO  server.RaftServerConfigKeys (ConfUtils.java:logGet(46)) - raft.server.log.segment.cache.size.max = 200MB (=209715200) (default)
2023-01-19 14:38:39,361 [s2-impl-thread1] INFO  segmented.SegmentedRaftLogWorker (SegmentedRaftLogWorker.java:<init>(184)) - new s2@group-768B129E9DAC-SegmentedRaftLogWorker for RaftStorageImpl:Storage Directory /home/runner/work/ratis/ratis/ratis-test/target/test/data/f0947725/MiniRaftClusterWithGrpc4d613736/s2/9061accc-2e4d-4991-a9f3-768b129e9dac
2023-01-19 14:38:39,361 [s2-impl-thread1] INFO  server.RaftServerConfigKeys (ConfUtils.java:logGet(46)) - raft.server.log.queue.byte-limit = 64MB (=67108864) (default)
2023-01-19 14:38:39,361 [s2-impl-thread1] INFO  server.RaftServerConfigKeys (ConfUtils.java:logGet(46)) - raft.server.log.queue.element-limit = 4096 (default)
2023-01-19 14:38:39,362 [s2-impl-thread1] INFO  server.RaftServerConfigKeys (ConfUtils.java:logGet(46)) - raft.server.log.segment.size.max = 8MB (=8388608) (default)
2023-01-19 14:38:39,362 [s2-impl-thread1] INFO  server.RaftServerConfigKeys (ConfUtils.java:logGet(46)) - raft.server.log.preallocated.size = 4MB (=4194304) (default)
2023-01-19 14:38:39,366 [s2-impl-thread1] INFO  server.RaftServerConfigKeys (ConfUtils.java:logGet(46)) - raft.server.log.force.sync.num = 128 (default)
2023-01-19 14:38:39,367 [s2-impl-thread1] INFO  server.RaftServerConfigKeys (ConfUtils.java:logGet(46)) - raft.server.log.statemachine.data.sync = true (default)
2023-01-19 14:38:39,367 [s2-impl-thread1] INFO  server.RaftServerConfigKeys (ConfUtils.java:logGet(46)) - raft.server.log.statemachine.data.sync.timeout = 10s (default)
2023-01-19 14:38:39,367 [s2-impl-thread1] INFO  server.RaftServerConfigKeys (ConfUtils.java:logGet(46)) - raft.server.log.statemachine.data.sync.timeout.retry = -1 (default)
2023-01-19 14:38:39,369 [s2-impl-thread1] INFO  server.RaftServerConfigKeys (ConfUtils.java:logGet(46)) - raft.server.log.write.buffer.size = 64KB (=65536) (default)
2023-01-19 14:38:39,369 [s2-impl-thread1] INFO  server.RaftServerConfigKeys (ConfUtils.java:logGet(46)) - raft.server.log.appender.buffer.byte-limit = 4MB (=4194304) (default)
2023-01-19 14:38:39,371 [s2-impl-thread1] INFO  server.RaftServerConfigKeys (ConfUtils.java:logGet(46)) - raft.server.log.unsafe-flush.enabled = false (default)
2023-01-19 14:38:39,371 [s2-impl-thread1] INFO  server.RaftServerConfigKeys (ConfUtils.java:logGet(46)) - raft.server.log.async-flush.enabled = false (default)
2023-01-19 14:38:39,372 [s2-impl-thread1] INFO  server.RaftServerConfigKeys (ConfUtils.java:logGet(46)) - raft.server.log.statemachine.data.caching.enabled = false (default)
2023-01-19 14:38:39,372 [s2-impl-thread1] INFO  segmented.SegmentedRaftLogWorker (SegmentedRaftLogWorker.java:lambda$new$0(134)) - s2@group-768B129E9DAC-SegmentedRaftLogWorker: flushIndex: setUnconditionally 0 -> -1
2023-01-19 14:38:39,372 [s2-impl-thread1] INFO  segmented.SegmentedRaftLogWorker (SegmentedRaftLogWorker.java:lambda$new$0(134)) - s2@group-768B129E9DAC-SegmentedRaftLogWorker: safeCacheEvictIndex: setUnconditionally 0 -> -1
2023-01-19 14:38:39,372 [s2-impl-thread1] INFO  server.RaftServer$Division (RaftServerImpl.java:start(338)) - s2@group-768B129E9DAC: start as a follower, conf=-1: peers:[s0|rpc:localhost:37101|admin:localhost:34901|client:localhost:41987|dataStream:localhost:35177|priority:0|startupRole:FOLLOWER, s1|rpc:localhost:37711|admin:localhost:38053|client:localhost:44313|dataStream:localhost:39539|priority:0|startupRole:FOLLOWER, s2|rpc:localhost:38829|admin:localhost:34203|client:localhost:44949|dataStream:localhost:38579|priority:0|startupRole:FOLLOWER]|listeners:[], old=null
2023-01-19 14:38:39,373 [s2-impl-thread1] INFO  server.RaftServer$Division (RaftServerImpl.java:setRole(325)) - s2@group-768B129E9DAC: changes role from      null to FOLLOWER at term 0 for startAsFollower
2023-01-19 14:38:39,373 [s2-impl-thread1] INFO  impl.RoleInfo (RoleInfo.java:updateAndGet(139)) - s2: start s2@group-768B129E9DAC-FollowerState
2023-01-19 14:38:39,373 [s2@group-768B129E9DAC-FollowerState] INFO  server.RaftServerConfigKeys (ConfUtils.java:logFallback(53)) - raft.server.rpc.first-election.timeout.min = 150ms (fallback to raft.server.rpc.timeout.min)
2023-01-19 14:38:39,373 [s2-impl-thread1] INFO  util.JmxRegister (JmxRegister.java:tryRegister(44)) - Successfully registered JMX Bean with object name Ratis:service=RaftServer,group=group-768B129E9DAC,id=s2
2023-01-19 14:38:39,374 [s2-impl-thread1] INFO  server.RaftServerConfigKeys (ConfUtils.java:logGet(46)) - raft.server.snapshot.auto.trigger.enabled = false (default)
2023-01-19 14:38:39,374 [s2-impl-thread1] INFO  server.RaftServerConfigKeys (ConfUtils.java:logGet(46)) - raft.server.snapshot.retention.file.num = -1 (default)
2023-01-19 14:38:39,374 [s2-impl-thread1] INFO  server.RaftServerConfigKeys (ConfUtils.java:logGet(46)) - raft.server.log.purge.upto.snapshot.index = false (default)
2023-01-19 14:38:39,375 [s2@group-768B129E9DAC-FollowerState] INFO  server.RaftServerConfigKeys (ConfUtils.java:logFallback(53)) - raft.server.rpc.first-election.timeout.max = 300ms (fallback to raft.server.rpc.timeout.max)
2023-01-19 14:38:39,377 [Time-limited test] INFO  server.RaftServer (RaftServerProxy.java:startImpl(396)) - s2: start RPC server
2023-01-19 14:38:39,378 [Time-limited test] INFO  server.GrpcService (GrpcService.java:startImpl(302)) - s2: GrpcService started, listening on 44949
2023-01-19 14:38:39,379 [Time-limited test] INFO  server.GrpcService (GrpcService.java:startImpl(302)) - s2: GrpcService started, listening on 38829
2023-01-19 14:38:39,380 [Time-limited test] INFO  server.GrpcService (GrpcService.java:startImpl(302)) - s2: GrpcService started, listening on 34203
2023-01-19 14:38:39,382 [JvmPauseMonitor2] INFO  util.JvmPauseMonitor (JvmPauseMonitor.java:run(105)) - JvmPauseMonitor-s2: Started
2023-01-19 14:38:39,386 [Time-limited test] INFO  server.RaftServerConfigKeys (ConfUtils.java:logGet(46)) - raft.server.rpc.timeout.max = 300ms (default)
2023-01-19 14:38:39,388 [Time-limited test] INFO  ratis.RaftTestUtil (RaftTestUtil.java:waitForLeader(100)) - printing ALL groups
  s0:  RUNNING  FOLLOWER s0@group-768B129E9DAC:t0, leader=null, voted=, raftlog=Memoized:s0@group-768B129E9DAC-SegmentedRaftLog:OPENED:c-1, conf=-1: peers:[s0|rpc:localhost:37101|admin:localhost:34901|client:localhost:41987|dataStream:localhost:35177|priority:0|startupRole:FOLLOWER, s1|rpc:localhost:37711|admin:localhost:38053|client:localhost:44313|dataStream:localhost:39539|priority:0|startupRole:FOLLOWER, s2|rpc:localhost:38829|admin:localhost:34203|client:localhost:44949|dataStream:localhost:38579|priority:0|startupRole:FOLLOWER]|listeners:[], old=null RUNNING
  s1:  RUNNING  FOLLOWER s1@group-768B129E9DAC:t0, leader=null, voted=, raftlog=Memoized:s1@group-768B129E9DAC-SegmentedRaftLog:OPENED:c-1, conf=-1: peers:[s0|rpc:localhost:37101|admin:localhost:34901|client:localhost:41987|dataStream:localhost:35177|priority:0|startupRole:FOLLOWER, s1|rpc:localhost:37711|admin:localhost:38053|client:localhost:44313|dataStream:localhost:39539|priority:0|startupRole:FOLLOWER, s2|rpc:localhost:38829|admin:localhost:34203|client:localhost:44949|dataStream:localhost:38579|priority:0|startupRole:FOLLOWER]|listeners:[], old=null RUNNING
  s2:  RUNNING  FOLLOWER s2@group-768B129E9DAC:t0, leader=null, voted=, raftlog=Memoized:s2@group-768B129E9DAC-SegmentedRaftLog:OPENED:c-1, conf=-1: peers:[s0|rpc:localhost:37101|admin:localhost:34901|client:localhost:41987|dataStream:localhost:35177|priority:0|startupRole:FOLLOWER, s1|rpc:localhost:37711|admin:localhost:38053|client:localhost:44313|dataStream:localhost:39539|priority:0|startupRole:FOLLOWER, s2|rpc:localhost:38829|admin:localhost:34203|client:localhost:44949|dataStream:localhost:38579|priority:0|startupRole:FOLLOWER]|listeners:[], old=null RUNNING
2023-01-19 14:38:39,392 [Time-limited test] WARN  ratis.RaftTestUtil (JavaUtils.java:attempt(217)) - FAILED "waitForLeader-null-(expectLeader? true)", attempt #1/100: java.lang.IllegalStateException: No leader yet : printing ALL groups
  s0:  RUNNING  FOLLOWER s0@group-768B129E9DAC:t0, leader=null, voted=, raftlog=Memoized:s0@group-768B129E9DAC-SegmentedRaftLog:OPENED:c-1, conf=-1: peers:[s0|rpc:localhost:37101|admin:localhost:34901|client:localhost:41987|dataStream:localhost:35177|priority:0|startupRole:FOLLOWER, s1|rpc:localhost:37711|admin:localhost:38053|client:localhost:44313|dataStream:localhost:39539|priority:0|startupRole:FOLLOWER, s2|rpc:localhost:38829|admin:localhost:34203|client:localhost:44949|dataStream:localhost:38579|priority:0|startupRole:FOLLOWER]|listeners:[], old=null RUNNING
  s1:  RUNNING  FOLLOWER s1@group-768B129E9DAC:t0, leader=null, voted=, raftlog=Memoized:s1@group-768B129E9DAC-SegmentedRaftLog:OPENED:c-1, conf=-1: peers:[s0|rpc:localhost:37101|admin:localhost:34901|client:localhost:41987|dataStream:localhost:35177|priority:0|startupRole:FOLLOWER, s1|rpc:localhost:37711|admin:localhost:38053|client:localhost:44313|dataStream:localhost:39539|priority:0|startupRole:FOLLOWER, s2|rpc:localhost:38829|admin:localhost:34203|client:localhost:44949|dataStream:localhost:38579|priority:0|startupRole:FOLLOWER]|listeners:[], old=null RUNNING
  s2:  RUNNING  FOLLOWER s2@group-768B129E9DAC:t0, leader=null, voted=, raftlog=Memoized:s2@group-768B129E9DAC-SegmentedRaftLog:OPENED:c-1, conf=-1: peers:[s0|rpc:localhost:37101|admin:localhost:34901|client:localhost:41987|dataStream:localhost:35177|priority:0|startupRole:FOLLOWER, s1|rpc:localhost:37711|admin:localhost:38053|client:localhost:44313|dataStream:localhost:39539|priority:0|startupRole:FOLLOWER, s2|rpc:localhost:38829|admin:localhost:34203|client:localhost:44949|dataStream:localhost:38579|priority:0|startupRole:FOLLOWER]|listeners:[], old=null RUNNING, sleep 450ms and then retry.
java.lang.IllegalStateException: No leader yet : printing ALL groups
  s0:  RUNNING  FOLLOWER s0@group-768B129E9DAC:t0, leader=null, voted=, raftlog=Memoized:s0@group-768B129E9DAC-SegmentedRaftLog:OPENED:c-1, conf=-1: peers:[s0|rpc:localhost:37101|admin:localhost:34901|client:localhost:41987|dataStream:localhost:35177|priority:0|startupRole:FOLLOWER, s1|rpc:localhost:37711|admin:localhost:38053|client:localhost:44313|dataStream:localhost:39539|priority:0|startupRole:FOLLOWER, s2|rpc:localhost:38829|admin:localhost:34203|client:localhost:44949|dataStream:localhost:38579|priority:0|startupRole:FOLLOWER]|listeners:[], old=null RUNNING
  s1:  RUNNING  FOLLOWER s1@group-768B129E9DAC:t0, leader=null, voted=, raftlog=Memoized:s1@group-768B129E9DAC-SegmentedRaftLog:OPENED:c-1, conf=-1: peers:[s0|rpc:localhost:37101|admin:localhost:34901|client:localhost:41987|dataStream:localhost:35177|priority:0|startupRole:FOLLOWER, s1|rpc:localhost:37711|admin:localhost:38053|client:localhost:44313|dataStream:localhost:39539|priority:0|startupRole:FOLLOWER, s2|rpc:localhost:38829|admin:localhost:34203|client:localhost:44949|dataStream:localhost:38579|priority:0|startupRole:FOLLOWER]|listeners:[], old=null RUNNING
  s2:  RUNNING  FOLLOWER s2@group-768B129E9DAC:t0, leader=null, voted=, raftlog=Memoized:s2@group-768B129E9DAC-SegmentedRaftLog:OPENED:c-1, conf=-1: peers:[s0|rpc:localhost:37101|admin:localhost:34901|client:localhost:41987|dataStream:localhost:35177|priority:0|startupRole:FOLLOWER, s1|rpc:localhost:37711|admin:localhost:38053|client:localhost:44313|dataStream:localhost:39539|priority:0|startupRole:FOLLOWER, s2|rpc:localhost:38829|admin:localhost:34203|client:localhost:44949|dataStream:localhost:38579|priority:0|startupRole:FOLLOWER]|listeners:[], old=null RUNNING
	at org.apache.ratis.server.impl.MiniRaftCluster.newIllegalStateExceptionForNoLeaders(MiniRaftCluster.java:581)
	at org.apache.ratis.RaftTestUtil.lambda$waitForLeader$1(RaftTestUtil.java:104)
	at org.apache.ratis.server.impl.MiniRaftCluster.getLeader(MiniRaftCluster.java:615)
	at org.apache.ratis.server.impl.MiniRaftCluster.getLeader(MiniRaftCluster.java:608)
	at org.apache.ratis.RaftTestUtil.lambda$waitForLeader$3(RaftTestUtil.java:112)
	at org.apache.ratis.util.JavaUtils.attempt(JavaUtils.java:211)
	at org.apache.ratis.util.JavaUtils.attemptRepeatedly(JavaUtils.java:197)
	at org.apache.ratis.RaftTestUtil.waitForLeader(RaftTestUtil.java:111)
	at org.apache.ratis.RaftTestUtil.waitForLeader(RaftTestUtil.java:92)
	at org.apache.ratis.RaftTestUtil.waitForLeader(RaftTestUtil.java:87)
	at org.apache.ratis.grpc.TestRaftServerWithGrpc.testRaftClientRequestMetrics(TestRaftServerWithGrpc.java:308)
	at org.apache.ratis.server.impl.MiniRaftCluster$Factory$Get.runWithNewCluster(MiniRaftCluster.java:141)
	at org.apache.ratis.server.impl.MiniRaftCluster$Factory$Get.runWithNewCluster(MiniRaftCluster.java:121)
	at org.apache.ratis.grpc.TestRaftServerWithGrpc.testRaftClientMetrics(TestRaftServerWithGrpc.java:219)
	at java.base/jdk.internal.reflect.NativeMethodAccessorImpl.invoke0(Native Method)
	at java.base/jdk.internal.reflect.NativeMethodAccessorImpl.invoke(NativeMethodAccessorImpl.java:62)
	at java.base/jdk.internal.reflect.DelegatingMethodAccessorImpl.invoke(DelegatingMethodAccessorImpl.java:43)
	at java.base/java.lang.reflect.Method.invoke(Method.java:566)
	at org.junit.runners.model.FrameworkMethod$1.runReflectiveCall(FrameworkMethod.java:59)
	at org.junit.internal.runners.model.ReflectiveCallable.run(ReflectiveCallable.java:12)
	at org.junit.runners.model.FrameworkMethod.invokeExplosively(FrameworkMethod.java:56)
	at org.junit.internal.runners.statements.InvokeMethod.evaluate(InvokeMethod.java:17)
	at org.junit.internal.runners.statements.RunBefores.evaluate(RunBefores.java:26)
	at org.junit.internal.runners.statements.RunAfters.evaluate(RunAfters.java:27)
	at org.junit.internal.runners.statements.FailOnTimeout$CallableStatement.call(FailOnTimeout.java:299)
	at org.junit.internal.runners.statements.FailOnTimeout$CallableStatement.call(FailOnTimeout.java:293)
	at java.base/java.util.concurrent.FutureTask.run(FutureTask.java:264)
	at java.base/java.lang.Thread.run(Thread.java:829)
2023-01-19 14:38:39,429 [s0@group-768B129E9DAC-FollowerState] INFO  impl.FollowerState (FollowerState.java:run(143)) - s0@group-768B129E9DAC-FollowerState: change to CANDIDATE, lastRpcElapsedTime:205162183ns, electionTimeout:191ms
2023-01-19 14:38:39,429 [s0@group-768B129E9DAC-FollowerState] INFO  impl.RoleInfo (RoleInfo.java:shutdownFollowerState(110)) - s0: shutdown s0@group-768B129E9DAC-FollowerState
2023-01-19 14:38:39,429 [s0@group-768B129E9DAC-FollowerState] INFO  server.RaftServer$Division (RaftServerImpl.java:setRole(325)) - s0@group-768B129E9DAC: changes role from  FOLLOWER to CANDIDATE at term 0 for changeToCandidate
2023-01-19 14:38:39,432 [s0@group-768B129E9DAC-FollowerState] INFO  server.RaftServerConfigKeys (ConfUtils.java:logGet(46)) - raft.server.leaderelection.pre-vote = true (default)
2023-01-19 14:38:39,432 [s0@group-768B129E9DAC-FollowerState] INFO  impl.RoleInfo (RoleInfo.java:updateAndGet(139)) - s0: start s0@group-768B129E9DAC-LeaderElection1
2023-01-19 14:38:39,437 [s0@group-768B129E9DAC-LeaderElection1] INFO  impl.LeaderElection (LeaderElection.java:askForVotes(309)) - s0@group-768B129E9DAC-LeaderElection1 PRE_VOTE round 0: submit vote requests at term 0 for -1: peers:[s0|rpc:localhost:37101|admin:localhost:34901|client:localhost:41987|dataStream:localhost:35177|priority:0|startupRole:FOLLOWER, s1|rpc:localhost:37711|admin:localhost:38053|client:localhost:44313|dataStream:localhost:39539|priority:0|startupRole:FOLLOWER, s2|rpc:localhost:38829|admin:localhost:34203|client:localhost:44949|dataStream:localhost:38579|priority:0|startupRole:FOLLOWER]|listeners:[], old=null
2023-01-19 14:38:39,454 [s0@group-768B129E9DAC-LeaderElection1] INFO  server.RaftServerConfigKeys (ConfUtils.java:logFallback(53)) - raft.server.rpc.first-election.timeout.min = 150ms (fallback to raft.server.rpc.timeout.min)
2023-01-19 14:38:39,455 [s0@group-768B129E9DAC-LeaderElection1] INFO  server.RaftServerConfigKeys (ConfUtils.java:logFallback(53)) - raft.server.rpc.first-election.timeout.max = 300ms (fallback to raft.server.rpc.timeout.max)
2023-01-19 14:38:39,456 [s0@group-768B129E9DAC-LeaderElection1-2] INFO  server.GrpcServerProtocolClient (GrpcServerProtocolClient.java:<init>(63)) - Build channel for s2
2023-01-19 14:38:39,457 [s0@group-768B129E9DAC-LeaderElection1-1] INFO  server.GrpcServerProtocolClient (GrpcServerProtocolClient.java:<init>(63)) - Build channel for s1
2023-01-19 14:38:39,581 [s1@group-768B129E9DAC-FollowerState] INFO  impl.FollowerState (FollowerState.java:run(143)) - s1@group-768B129E9DAC-FollowerState: change to CANDIDATE, lastRpcElapsedTime:245990871ns, electionTimeout:234ms
2023-01-19 14:38:39,582 [s1@group-768B129E9DAC-FollowerState] INFO  impl.RoleInfo (RoleInfo.java:shutdownFollowerState(110)) - s1: shutdown s1@group-768B129E9DAC-FollowerState
2023-01-19 14:38:39,582 [s1@group-768B129E9DAC-FollowerState] INFO  server.RaftServer$Division (RaftServerImpl.java:setRole(325)) - s1@group-768B129E9DAC: changes role from  FOLLOWER to CANDIDATE at term 0 for changeToCandidate
2023-01-19 14:38:39,582 [s1@group-768B129E9DAC-FollowerState] INFO  server.RaftServerConfigKeys (ConfUtils.java:logGet(46)) - raft.server.leaderelection.pre-vote = true (default)
2023-01-19 14:38:39,582 [s1@group-768B129E9DAC-FollowerState] INFO  impl.RoleInfo (RoleInfo.java:updateAndGet(139)) - s1: start s1@group-768B129E9DAC-LeaderElection2
2023-01-19 14:38:39,590 [s2@group-768B129E9DAC-FollowerState] INFO  impl.FollowerState (FollowerState.java:run(143)) - s2@group-768B129E9DAC-FollowerState: change to CANDIDATE, lastRpcElapsedTime:217459792ns, electionTimeout:215ms
2023-01-19 14:38:39,590 [s2@group-768B129E9DAC-FollowerState] INFO  impl.RoleInfo (RoleInfo.java:shutdownFollowerState(110)) - s2: shutdown s2@group-768B129E9DAC-FollowerState
2023-01-19 14:38:39,590 [s2@group-768B129E9DAC-FollowerState] INFO  server.RaftServer$Division (RaftServerImpl.java:setRole(325)) - s2@group-768B129E9DAC: changes role from  FOLLOWER to CANDIDATE at term 0 for changeToCandidate
2023-01-19 14:38:39,593 [s2@group-768B129E9DAC-FollowerState] INFO  server.RaftServerConfigKeys (ConfUtils.java:logGet(46)) - raft.server.leaderelection.pre-vote = true (default)
2023-01-19 14:38:39,593 [s2@group-768B129E9DAC-FollowerState] INFO  impl.RoleInfo (RoleInfo.java:updateAndGet(139)) - s2: start s2@group-768B129E9DAC-LeaderElection3
2023-01-19 14:38:39,594 [s1@group-768B129E9DAC-LeaderElection2] INFO  impl.LeaderElection (LeaderElection.java:askForVotes(309)) - s1@group-768B129E9DAC-LeaderElection2 PRE_VOTE round 0: submit vote requests at term 0 for -1: peers:[s0|rpc:localhost:37101|admin:localhost:34901|client:localhost:41987|dataStream:localhost:35177|priority:0|startupRole:FOLLOWER, s1|rpc:localhost:37711|admin:localhost:38053|client:localhost:44313|dataStream:localhost:39539|priority:0|startupRole:FOLLOWER, s2|rpc:localhost:38829|admin:localhost:34203|client:localhost:44949|dataStream:localhost:38579|priority:0|startupRole:FOLLOWER]|listeners:[], old=null
2023-01-19 14:38:39,602 [s2@group-768B129E9DAC-LeaderElection3] INFO  impl.LeaderElection (LeaderElection.java:askForVotes(309)) - s2@group-768B129E9DAC-LeaderElection3 PRE_VOTE round 0: submit vote requests at term 0 for -1: peers:[s0|rpc:localhost:37101|admin:localhost:34901|client:localhost:41987|dataStream:localhost:35177|priority:0|startupRole:FOLLOWER, s1|rpc:localhost:37711|admin:localhost:38053|client:localhost:44313|dataStream:localhost:39539|priority:0|startupRole:FOLLOWER, s2|rpc:localhost:38829|admin:localhost:34203|client:localhost:44949|dataStream:localhost:38579|priority:0|startupRole:FOLLOWER]|listeners:[], old=null
2023-01-19 14:38:39,605 [s1@group-768B129E9DAC-LeaderElection2-1] INFO  server.GrpcServerProtocolClient (GrpcServerProtocolClient.java:<init>(63)) - Build channel for s0
2023-01-19 14:38:39,607 [s1@group-768B129E9DAC-LeaderElection2] INFO  server.RaftServerConfigKeys (ConfUtils.java:logFallback(53)) - raft.server.rpc.first-election.timeout.min = 150ms (fallback to raft.server.rpc.timeout.min)
2023-01-19 14:38:39,609 [s1@group-768B129E9DAC-LeaderElection2] INFO  server.RaftServerConfigKeys (ConfUtils.java:logFallback(53)) - raft.server.rpc.first-election.timeout.max = 300ms (fallback to raft.server.rpc.timeout.max)
2023-01-19 14:38:39,610 [s2@group-768B129E9DAC-LeaderElection3] INFO  server.RaftServerConfigKeys (ConfUtils.java:logFallback(53)) - raft.server.rpc.first-election.timeout.min = 150ms (fallback to raft.server.rpc.timeout.min)
2023-01-19 14:38:39,611 [s2@group-768B129E9DAC-LeaderElection3] INFO  server.RaftServerConfigKeys (ConfUtils.java:logFallback(53)) - raft.server.rpc.first-election.timeout.max = 300ms (fallback to raft.server.rpc.timeout.max)
2023-01-19 14:38:39,611 [s2@group-768B129E9DAC-LeaderElection3-1] INFO  server.GrpcServerProtocolClient (GrpcServerProtocolClient.java:<init>(63)) - Build channel for s0
2023-01-19 14:38:39,612 [s0@group-768B129E9DAC-LeaderElection1] INFO  impl.LeaderElection (LeaderElection.java:logAndReturn(89)) - s0@group-768B129E9DAC-LeaderElection1: PRE_VOTE TIMEOUT received 0 response(s) and 0 exception(s):
2023-01-19 14:38:39,613 [s0@group-768B129E9DAC-LeaderElection1] INFO  impl.LeaderElection (LeaderElection.java:askForVotes(311)) - s0@group-768B129E9DAC-LeaderElection1 PRE_VOTE round 0: result TIMEOUT
2023-01-19 14:38:39,613 [s0@group-768B129E9DAC-LeaderElection1] INFO  impl.LeaderElection (LeaderElection.java:askForVotes(309)) - s0@group-768B129E9DAC-LeaderElection1 PRE_VOTE round 1: submit vote requests at term 0 for -1: peers:[s0|rpc:localhost:37101|admin:localhost:34901|client:localhost:41987|dataStream:localhost:35177|priority:0|startupRole:FOLLOWER, s1|rpc:localhost:37711|admin:localhost:38053|client:localhost:44313|dataStream:localhost:39539|priority:0|startupRole:FOLLOWER, s2|rpc:localhost:38829|admin:localhost:34203|client:localhost:44949|dataStream:localhost:38579|priority:0|startupRole:FOLLOWER]|listeners:[], old=null
2023-01-19 14:38:39,614 [s2@group-768B129E9DAC-LeaderElection3-2] INFO  server.GrpcServerProtocolClient (GrpcServerProtocolClient.java:<init>(63)) - Build channel for s1
2023-01-19 14:38:39,615 [s1@group-768B129E9DAC-LeaderElection2-2] INFO  server.GrpcServerProtocolClient (GrpcServerProtocolClient.java:<init>(63)) - Build channel for s2
2023-01-19 14:38:39,618 [s0@group-768B129E9DAC-LeaderElection1] INFO  server.RaftServerConfigKeys (ConfUtils.java:logFallback(53)) - raft.server.rpc.first-election.timeout.min = 150ms (fallback to raft.server.rpc.timeout.min)
2023-01-19 14:38:39,624 [s0@group-768B129E9DAC-LeaderElection1] INFO  server.RaftServerConfigKeys (ConfUtils.java:logFallback(53)) - raft.server.rpc.first-election.timeout.max = 300ms (fallback to raft.server.rpc.timeout.max)
2023-01-19 14:38:39,785 [s2@group-768B129E9DAC-LeaderElection3] INFO  impl.LeaderElection (LeaderElection.java:logAndReturn(89)) - s2@group-768B129E9DAC-LeaderElection3: PRE_VOTE TIMEOUT received 0 response(s) and 0 exception(s):
2023-01-19 14:38:39,785 [s2@group-768B129E9DAC-LeaderElection3] INFO  impl.LeaderElection (LeaderElection.java:askForVotes(311)) - s2@group-768B129E9DAC-LeaderElection3 PRE_VOTE round 0: result TIMEOUT
2023-01-19 14:38:39,785 [s2@group-768B129E9DAC-LeaderElection3] INFO  impl.LeaderElection (LeaderElection.java:askForVotes(309)) - s2@group-768B129E9DAC-LeaderElection3 PRE_VOTE round 1: submit vote requests at term 0 for -1: peers:[s0|rpc:localhost:37101|admin:localhost:34901|client:localhost:41987|dataStream:localhost:35177|priority:0|startupRole:FOLLOWER, s1|rpc:localhost:37711|admin:localhost:38053|client:localhost:44313|dataStream:localhost:39539|priority:0|startupRole:FOLLOWER, s2|rpc:localhost:38829|admin:localhost:34203|client:localhost:44949|dataStream:localhost:38579|priority:0|startupRole:FOLLOWER]|listeners:[], old=null
2023-01-19 14:38:39,799 [s2@group-768B129E9DAC-LeaderElection3] INFO  server.RaftServerConfigKeys (ConfUtils.java:logFallback(53)) - raft.server.rpc.first-election.timeout.min = 150ms (fallback to raft.server.rpc.timeout.min)
2023-01-19 14:38:39,800 [s2@group-768B129E9DAC-LeaderElection3] INFO  server.RaftServerConfigKeys (ConfUtils.java:logFallback(53)) - raft.server.rpc.first-election.timeout.max = 300ms (fallback to raft.server.rpc.timeout.max)
2023-01-19 14:38:39,801 [s1@group-768B129E9DAC-LeaderElection2] INFO  impl.LeaderElection (LeaderElection.java:logAndReturn(89)) - s1@group-768B129E9DAC-LeaderElection2: PRE_VOTE TIMEOUT received 0 response(s) and 0 exception(s):
2023-01-19 14:38:39,802 [s1@group-768B129E9DAC-LeaderElection2] INFO  impl.LeaderElection (LeaderElection.java:askForVotes(311)) - s1@group-768B129E9DAC-LeaderElection2 PRE_VOTE round 0: result TIMEOUT
2023-01-19 14:38:39,802 [s1@group-768B129E9DAC-LeaderElection2] INFO  impl.LeaderElection (LeaderElection.java:askForVotes(309)) - s1@group-768B129E9DAC-LeaderElection2 PRE_VOTE round 1: submit vote requests at term 0 for -1: peers:[s0|rpc:localhost:37101|admin:localhost:34901|client:localhost:41987|dataStream:localhost:35177|priority:0|startupRole:FOLLOWER, s1|rpc:localhost:37711|admin:localhost:38053|client:localhost:44313|dataStream:localhost:39539|priority:0|startupRole:FOLLOWER, s2|rpc:localhost:38829|admin:localhost:34203|client:localhost:44949|dataStream:localhost:38579|priority:0|startupRole:FOLLOWER]|listeners:[], old=null
2023-01-19 14:38:39,807 [s1@group-768B129E9DAC-LeaderElection2] INFO  server.RaftServerConfigKeys (ConfUtils.java:logFallback(53)) - raft.server.rpc.first-election.timeout.min = 150ms (fallback to raft.server.rpc.timeout.min)
2023-01-19 14:38:39,807 [s1@group-768B129E9DAC-LeaderElection2] INFO  server.RaftServerConfigKeys (ConfUtils.java:logFallback(53)) - raft.server.rpc.first-election.timeout.max = 300ms (fallback to raft.server.rpc.timeout.max)
2023-01-19 14:38:39,827 [grpc-default-executor-5] INFO  server.RaftServer$Division (RaftServerImpl.java:requestVote(1298)) - s1@group-768B129E9DAC: receive requestVote(PRE_VOTE, s0, group-768B129E9DAC, 0, (t:0, i:0))
2023-01-19 14:38:39,836 [grpc-default-executor-5] INFO  impl.VoteContext (VoteContext.java:log(49)) - s1@group-768B129E9DAC-CANDIDATE: accept PRE_VOTE from s0: our priority 0 <= candidate's priority 0
2023-01-19 14:38:39,841 [grpc-default-executor-8] INFO  server.RaftServer$Division (RaftServerImpl.java:requestVote(1298)) - s2@group-768B129E9DAC: receive requestVote(PRE_VOTE, s1, group-768B129E9DAC, 0, (t:0, i:0))
2023-01-19 14:38:39,844 [Time-limited test] WARN  ratis.RaftTestUtil (JavaUtils.java:attempt(217)) - FAILED "waitForLeader-null-(expectLeader? true)", attempt #2/100: java.lang.IllegalStateException: No leader yet : printing ALL groups
  s0:  RUNNING CANDIDATE s0@group-768B129E9DAC:t0, leader=null, voted=, raftlog=Memoized:s0@group-768B129E9DAC-SegmentedRaftLog:OPENED:c-1, conf=-1: peers:[s0|rpc:localhost:37101|admin:localhost:34901|client:localhost:41987|dataStream:localhost:35177|priority:0|startupRole:FOLLOWER, s1|rpc:localhost:37711|admin:localhost:38053|client:localhost:44313|dataStream:localhost:39539|priority:0|startupRole:FOLLOWER, s2|rpc:localhost:38829|admin:localhost:34203|client:localhost:44949|dataStream:localhost:38579|priority:0|startupRole:FOLLOWER]|listeners:[], old=null RUNNING
  s1:  RUNNING CANDIDATE s1@group-768B129E9DAC:t0, leader=null, voted=, raftlog=Memoized:s1@group-768B129E9DAC-SegmentedRaftLog:OPENED:c-1, conf=-1: peers:[s0|rpc:localhost:37101|admin:localhost:34901|client:localhost:41987|dataStream:localhost:35177|priority:0|startupRole:FOLLOWER, s1|rpc:localhost:37711|admin:localhost:38053|client:localhost:44313|dataStream:localhost:39539|priority:0|startupRole:FOLLOWER, s2|rpc:localhost:38829|admin:localhost:34203|client:localhost:44949|dataStream:localhost:38579|priority:0|startupRole:FOLLOWER]|listeners:[], old=null RUNNING
  s2:  RUNNING CANDIDATE s2@group-768B129E9DAC:t0, leader=null, voted=, raftlog=Memoized:s2@group-768B129E9DAC-SegmentedRaftLog:OPENED:c-1, conf=-1: peers:[s0|rpc:localhost:37101|admin:localhost:34901|client:localhost:41987|dataStream:localhost:35177|priority:0|startupRole:FOLLOWER, s1|rpc:localhost:37711|admin:localhost:38053|client:localhost:44313|dataStream:localhost:39539|priority:0|startupRole:FOLLOWER, s2|rpc:localhost:38829|admin:localhost:34203|client:localhost:44949|dataStream:localhost:38579|priority:0|startupRole:FOLLOWER]|listeners:[], old=null RUNNING, sleep 450ms and then retry.
java.lang.IllegalStateException: No leader yet : printing ALL groups
  s0:  RUNNING CANDIDATE s0@group-768B129E9DAC:t0, leader=null, voted=, raftlog=Memoized:s0@group-768B129E9DAC-SegmentedRaftLog:OPENED:c-1, conf=-1: peers:[s0|rpc:localhost:37101|admin:localhost:34901|client:localhost:41987|dataStream:localhost:35177|priority:0|startupRole:FOLLOWER, s1|rpc:localhost:37711|admin:localhost:38053|client:localhost:44313|dataStream:localhost:39539|priority:0|startupRole:FOLLOWER, s2|rpc:localhost:38829|admin:localhost:34203|client:localhost:44949|dataStream:localhost:38579|priority:0|startupRole:FOLLOWER]|listeners:[], old=null RUNNING
  s1:  RUNNING CANDIDATE s1@group-768B129E9DAC:t0, leader=null, voted=, raftlog=Memoized:s1@group-768B129E9DAC-SegmentedRaftLog:OPENED:c-1, conf=-1: peers:[s0|rpc:localhost:37101|admin:localhost:34901|client:localhost:41987|dataStream:localhost:35177|priority:0|startupRole:FOLLOWER, s1|rpc:localhost:37711|admin:localhost:38053|client:localhost:44313|dataStream:localhost:39539|priority:0|startupRole:FOLLOWER, s2|rpc:localhost:38829|admin:localhost:34203|client:localhost:44949|dataStream:localhost:38579|priority:0|startupRole:FOLLOWER]|listeners:[], old=null RUNNING
  s2:  RUNNING CANDIDATE s2@group-768B129E9DAC:t0, leader=null, voted=, raftlog=Memoized:s2@group-768B129E9DAC-SegmentedRaftLog:OPENED:c-1, conf=-1: peers:[s0|rpc:localhost:37101|admin:localhost:34901|client:localhost:41987|dataStream:localhost:35177|priority:0|startupRole:FOLLOWER, s1|rpc:localhost:37711|admin:localhost:38053|client:localhost:44313|dataStream:localhost:39539|priority:0|startupRole:FOLLOWER, s2|rpc:localhost:38829|admin:localhost:34203|client:localhost:44949|dataStream:localhost:38579|priority:0|startupRole:FOLLOWER]|listeners:[], old=null RUNNING
	at org.apache.ratis.server.impl.MiniRaftCluster.newIllegalStateExceptionForNoLeaders(MiniRaftCluster.java:581)
	at org.apache.ratis.RaftTestUtil.lambda$waitForLeader$1(RaftTestUtil.java:104)
	at org.apache.ratis.server.impl.MiniRaftCluster.getLeader(MiniRaftCluster.java:615)
	at org.apache.ratis.server.impl.MiniRaftCluster.getLeader(MiniRaftCluster.java:608)
	at org.apache.ratis.RaftTestUtil.lambda$waitForLeader$3(RaftTestUtil.java:112)
	at org.apache.ratis.util.JavaUtils.attempt(JavaUtils.java:211)
	at org.apache.ratis.util.JavaUtils.attemptRepeatedly(JavaUtils.java:197)
	at org.apache.ratis.RaftTestUtil.waitForLeader(RaftTestUtil.java:111)
	at org.apache.ratis.RaftTestUtil.waitForLeader(RaftTestUtil.java:92)
	at org.apache.ratis.RaftTestUtil.waitForLeader(RaftTestUtil.java:87)
	at org.apache.ratis.grpc.TestRaftServerWithGrpc.testRaftClientRequestMetrics(TestRaftServerWithGrpc.java:308)
	at org.apache.ratis.server.impl.MiniRaftCluster$Factory$Get.runWithNewCluster(MiniRaftCluster.java:141)
	at org.apache.ratis.server.impl.MiniRaftCluster$Factory$Get.runWithNewCluster(MiniRaftCluster.java:121)
	at org.apache.ratis.grpc.TestRaftServerWithGrpc.testRaftClientMetrics(TestRaftServerWithGrpc.java:219)
	at java.base/jdk.internal.reflect.NativeMethodAccessorImpl.invoke0(Native Method)
	at java.base/jdk.internal.reflect.NativeMethodAccessorImpl.invoke(NativeMethodAccessorImpl.java:62)
	at java.base/jdk.internal.reflect.DelegatingMethodAccessorImpl.invoke(DelegatingMethodAccessorImpl.java:43)
	at java.base/java.lang.reflect.Method.invoke(Method.java:566)
	at org.junit.runners.model.FrameworkMethod$1.runReflectiveCall(FrameworkMethod.java:59)
	at org.junit.internal.runners.model.ReflectiveCallable.run(ReflectiveCallable.java:12)
	at org.junit.runners.model.FrameworkMethod.invokeExplosively(FrameworkMethod.java:56)
	at org.junit.internal.runners.statements.InvokeMethod.evaluate(InvokeMethod.java:17)
	at org.junit.internal.runners.statements.RunBefores.evaluate(RunBefores.java:26)
	at org.junit.internal.runners.statements.RunAfters.evaluate(RunAfters.java:27)
	at org.junit.internal.runners.statements.FailOnTimeout$CallableStatement.call(FailOnTimeout.java:299)
	at org.junit.internal.runners.statements.FailOnTimeout$CallableStatement.call(FailOnTimeout.java:293)
	at java.base/java.util.concurrent.FutureTask.run(FutureTask.java:264)
	at java.base/java.lang.Thread.run(Thread.java:829)
2023-01-19 14:38:39,828 [grpc-default-executor-4] INFO  server.RaftServer$Division (RaftServerImpl.java:requestVote(1298)) - s1@group-768B129E9DAC: receive requestVote(PRE_VOTE, s0, group-768B129E9DAC, 0, (t:0, i:0))
2023-01-19 14:38:39,828 [grpc-default-executor-3] INFO  server.RaftServer$Division (RaftServerImpl.java:requestVote(1298)) - s0@group-768B129E9DAC: receive requestVote(PRE_VOTE, s1, group-768B129E9DAC, 0, (t:0, i:0))
2023-01-19 14:38:39,828 [grpc-default-executor-2] INFO  server.RaftServer$Division (RaftServerImpl.java:requestVote(1298)) - s2@group-768B129E9DAC: receive requestVote(PRE_VOTE, s0, group-768B129E9DAC, 0, (t:0, i:0))
2023-01-19 14:38:39,827 [grpc-default-executor-0] INFO  server.RaftServer$Division (RaftServerImpl.java:requestVote(1298)) - s2@group-768B129E9DAC: receive requestVote(PRE_VOTE, s0, group-768B129E9DAC, 0, (t:0, i:0))
2023-01-19 14:38:39,827 [grpc-default-executor-1] INFO  server.RaftServer$Division (RaftServerImpl.java:requestVote(1298)) - s0@group-768B129E9DAC: receive requestVote(PRE_VOTE, s2, group-768B129E9DAC, 0, (t:0, i:0))
2023-01-19 14:38:39,853 [grpc-default-executor-3] INFO  impl.VoteContext (VoteContext.java:log(49)) - s0@group-768B129E9DAC-CANDIDATE: accept PRE_VOTE from s1: our priority 0 <= candidate's priority 0
2023-01-19 14:38:39,853 [grpc-default-executor-11] INFO  server.RaftServer$Division (RaftServerImpl.java:requestVote(1298)) - s1@group-768B129E9DAC: receive requestVote(PRE_VOTE, s2, group-768B129E9DAC, 0, (t:0, i:0))
2023-01-19 14:38:39,854 [grpc-default-executor-3] INFO  server.RaftServer$Division (RaftServerImpl.java:requestVote(1331)) - s0@group-768B129E9DAC replies to PRE_VOTE vote request: s1<-s0#0:OK-t0. Peer's state: s0@group-768B129E9DAC:t0, leader=null, voted=, raftlog=Memoized:s0@group-768B129E9DAC-SegmentedRaftLog:OPENED:c-1, conf=-1: peers:[s0|rpc:localhost:37101|admin:localhost:34901|client:localhost:41987|dataStream:localhost:35177|priority:0|startupRole:FOLLOWER, s1|rpc:localhost:37711|admin:localhost:38053|client:localhost:44313|dataStream:localhost:39539|priority:0|startupRole:FOLLOWER, s2|rpc:localhost:38829|admin:localhost:34203|client:localhost:44949|dataStream:localhost:38579|priority:0|startupRole:FOLLOWER]|listeners:[], old=null
2023-01-19 14:38:39,841 [grpc-default-executor-8] INFO  impl.VoteContext (VoteContext.java:log(49)) - s2@group-768B129E9DAC-CANDIDATE: accept PRE_VOTE from s1: our priority 0 <= candidate's priority 0
2023-01-19 14:38:39,854 [grpc-default-executor-8] INFO  server.RaftServer$Division (RaftServerImpl.java:requestVote(1331)) - s2@group-768B129E9DAC replies to PRE_VOTE vote request: s1<-s2#0:OK-t0. Peer's state: s2@group-768B129E9DAC:t0, leader=null, voted=, raftlog=Memoized:s2@group-768B129E9DAC-SegmentedRaftLog:OPENED:c-1, conf=-1: peers:[s0|rpc:localhost:37101|admin:localhost:34901|client:localhost:41987|dataStream:localhost:35177|priority:0|startupRole:FOLLOWER, s1|rpc:localhost:37711|admin:localhost:38053|client:localhost:44313|dataStream:localhost:39539|priority:0|startupRole:FOLLOWER, s2|rpc:localhost:38829|admin:localhost:34203|client:localhost:44949|dataStream:localhost:38579|priority:0|startupRole:FOLLOWER]|listeners:[], old=null
2023-01-19 14:38:39,852 [grpc-default-executor-10] INFO  server.RaftServer$Division (RaftServerImpl.java:requestVote(1298)) - s0@group-768B129E9DAC: receive requestVote(PRE_VOTE, s2, group-768B129E9DAC, 0, (t:0, i:0))
2023-01-19 14:38:39,851 [grpc-default-executor-7] INFO  server.RaftServer$Division (RaftServerImpl.java:requestVote(1298)) - s1@group-768B129E9DAC: receive requestVote(PRE_VOTE, s2, group-768B129E9DAC, 0, (t:0, i:0))
2023-01-19 14:38:39,848 [grpc-default-executor-6] INFO  server.RaftServer$Division (RaftServerImpl.java:requestVote(1298)) - s2@group-768B129E9DAC: receive requestVote(PRE_VOTE, s1, group-768B129E9DAC, 0, (t:0, i:0))
2023-01-19 14:38:39,847 [grpc-default-executor-5] INFO  server.RaftServer$Division (RaftServerImpl.java:requestVote(1331)) - s1@group-768B129E9DAC replies to PRE_VOTE vote request: s0<-s1#0:OK-t0. Peer's state: s1@group-768B129E9DAC:t0, leader=null, voted=, raftlog=Memoized:s1@group-768B129E9DAC-SegmentedRaftLog:OPENED:c-1, conf=-1: peers:[s0|rpc:localhost:37101|admin:localhost:34901|client:localhost:41987|dataStream:localhost:35177|priority:0|startupRole:FOLLOWER, s1|rpc:localhost:37711|admin:localhost:38053|client:localhost:44313|dataStream:localhost:39539|priority:0|startupRole:FOLLOWER, s2|rpc:localhost:38829|admin:localhost:34203|client:localhost:44949|dataStream:localhost:38579|priority:0|startupRole:FOLLOWER]|listeners:[], old=null
2023-01-19 14:38:39,867 [grpc-default-executor-7] INFO  impl.VoteContext (VoteContext.java:log(49)) - s1@group-768B129E9DAC-CANDIDATE: accept PRE_VOTE from s2: our priority 0 <= candidate's priority 0
2023-01-19 14:38:39,868 [grpc-default-executor-7] INFO  server.RaftServer$Division (RaftServerImpl.java:requestVote(1331)) - s1@group-768B129E9DAC replies to PRE_VOTE vote request: s2<-s1#0:OK-t0. Peer's state: s1@group-768B129E9DAC:t0, leader=null, voted=, raftlog=Memoized:s1@group-768B129E9DAC-SegmentedRaftLog:OPENED:c-1, conf=-1: peers:[s0|rpc:localhost:37101|admin:localhost:34901|client:localhost:41987|dataStream:localhost:35177|priority:0|startupRole:FOLLOWER, s1|rpc:localhost:37711|admin:localhost:38053|client:localhost:44313|dataStream:localhost:39539|priority:0|startupRole:FOLLOWER, s2|rpc:localhost:38829|admin:localhost:34203|client:localhost:44949|dataStream:localhost:38579|priority:0|startupRole:FOLLOWER]|listeners:[], old=null
2023-01-19 14:38:39,868 [s0@group-768B129E9DAC-LeaderElection1] INFO  impl.LeaderElection (LeaderElection.java:logAndReturn(89)) - s0@group-768B129E9DAC-LeaderElection1: PRE_VOTE TIMEOUT received 0 response(s) and 0 exception(s):
2023-01-19 14:38:39,869 [s0@group-768B129E9DAC-LeaderElection1] INFO  impl.LeaderElection (LeaderElection.java:askForVotes(311)) - s0@group-768B129E9DAC-LeaderElection1 PRE_VOTE round 1: result TIMEOUT
2023-01-19 14:38:39,864 [grpc-default-executor-9] INFO  server.RaftServer$Division (RaftServerImpl.java:requestVote(1298)) - s0@group-768B129E9DAC: receive requestVote(PRE_VOTE, s1, group-768B129E9DAC, 0, (t:0, i:0))
2023-01-19 14:38:39,856 [grpc-default-executor-1] INFO  impl.VoteContext (VoteContext.java:log(49)) - s0@group-768B129E9DAC-CANDIDATE: accept PRE_VOTE from s2: our priority 0 <= candidate's priority 0
2023-01-19 14:38:39,870 [grpc-default-executor-1] INFO  server.RaftServer$Division (RaftServerImpl.java:requestVote(1331)) - s0@group-768B129E9DAC replies to PRE_VOTE vote request: s2<-s0#0:OK-t0. Peer's state: s0@group-768B129E9DAC:t0, leader=null, voted=, raftlog=Memoized:s0@group-768B129E9DAC-SegmentedRaftLog:OPENED:c-1, conf=-1: peers:[s0|rpc:localhost:37101|admin:localhost:34901|client:localhost:41987|dataStream:localhost:35177|priority:0|startupRole:FOLLOWER, s1|rpc:localhost:37711|admin:localhost:38053|client:localhost:44313|dataStream:localhost:39539|priority:0|startupRole:FOLLOWER, s2|rpc:localhost:38829|admin:localhost:34203|client:localhost:44949|dataStream:localhost:38579|priority:0|startupRole:FOLLOWER]|listeners:[], old=null
2023-01-19 14:38:39,856 [grpc-default-executor-0] INFO  impl.VoteContext (VoteContext.java:log(49)) - s2@group-768B129E9DAC-CANDIDATE: accept PRE_VOTE from s0: our priority 0 <= candidate's priority 0
2023-01-19 14:38:39,871 [grpc-default-executor-0] INFO  server.RaftServer$Division (RaftServerImpl.java:requestVote(1331)) - s2@group-768B129E9DAC replies to PRE_VOTE vote request: s0<-s2#0:OK-t0. Peer's state: s2@group-768B129E9DAC:t0, leader=null, voted=, raftlog=Memoized:s2@group-768B129E9DAC-SegmentedRaftLog:OPENED:c-1, conf=-1: peers:[s0|rpc:localhost:37101|admin:localhost:34901|client:localhost:41987|dataStream:localhost:35177|priority:0|startupRole:FOLLOWER, s1|rpc:localhost:37711|admin:localhost:38053|client:localhost:44313|dataStream:localhost:39539|priority:0|startupRole:FOLLOWER, s2|rpc:localhost:38829|admin:localhost:34203|client:localhost:44949|dataStream:localhost:38579|priority:0|startupRole:FOLLOWER]|listeners:[], old=null
2023-01-19 14:38:39,872 [grpc-default-executor-2] INFO  impl.VoteContext (VoteContext.java:log(49)) - s2@group-768B129E9DAC-CANDIDATE: accept PRE_VOTE from s0: our priority 0 <= candidate's priority 0
2023-01-19 14:38:39,872 [grpc-default-executor-2] INFO  server.RaftServer$Division (RaftServerImpl.java:requestVote(1331)) - s2@group-768B129E9DAC replies to PRE_VOTE vote request: s0<-s2#0:OK-t0. Peer's state: s2@group-768B129E9DAC:t0, leader=null, voted=, raftlog=Memoized:s2@group-768B129E9DAC-SegmentedRaftLog:OPENED:c-1, conf=-1: peers:[s0|rpc:localhost:37101|admin:localhost:34901|client:localhost:41987|dataStream:localhost:35177|priority:0|startupRole:FOLLOWER, s1|rpc:localhost:37711|admin:localhost:38053|client:localhost:44313|dataStream:localhost:39539|priority:0|startupRole:FOLLOWER, s2|rpc:localhost:38829|admin:localhost:34203|client:localhost:44949|dataStream:localhost:38579|priority:0|startupRole:FOLLOWER]|listeners:[], old=null
2023-01-19 14:38:39,873 [grpc-default-executor-6] INFO  impl.VoteContext (VoteContext.java:log(49)) - s2@group-768B129E9DAC-CANDIDATE: accept PRE_VOTE from s1: our priority 0 <= candidate's priority 0
2023-01-19 14:38:39,873 [grpc-default-executor-6] INFO  server.RaftServer$Division (RaftServerImpl.java:requestVote(1331)) - s2@group-768B129E9DAC replies to PRE_VOTE vote request: s1<-s2#0:OK-t0. Peer's state: s2@group-768B129E9DAC:t0, leader=null, voted=, raftlog=Memoized:s2@group-768B129E9DAC-SegmentedRaftLog:OPENED:c-1, conf=-1: peers:[s0|rpc:localhost:37101|admin:localhost:34901|client:localhost:41987|dataStream:localhost:35177|priority:0|startupRole:FOLLOWER, s1|rpc:localhost:37711|admin:localhost:38053|client:localhost:44313|dataStream:localhost:39539|priority:0|startupRole:FOLLOWER, s2|rpc:localhost:38829|admin:localhost:34203|client:localhost:44949|dataStream:localhost:38579|priority:0|startupRole:FOLLOWER]|listeners:[], old=null
2023-01-19 14:38:39,874 [grpc-default-executor-9] INFO  impl.VoteContext (VoteContext.java:log(49)) - s0@group-768B129E9DAC-CANDIDATE: accept PRE_VOTE from s1: our priority 0 <= candidate's priority 0
2023-01-19 14:38:39,875 [grpc-default-executor-9] INFO  server.RaftServer$Division (RaftServerImpl.java:requestVote(1331)) - s0@group-768B129E9DAC replies to PRE_VOTE vote request: s1<-s0#0:OK-t0. Peer's state: s0@group-768B129E9DAC:t0, leader=null, voted=, raftlog=Memoized:s0@group-768B129E9DAC-SegmentedRaftLog:OPENED:c-1, conf=-1: peers:[s0|rpc:localhost:37101|admin:localhost:34901|client:localhost:41987|dataStream:localhost:35177|priority:0|startupRole:FOLLOWER, s1|rpc:localhost:37711|admin:localhost:38053|client:localhost:44313|dataStream:localhost:39539|priority:0|startupRole:FOLLOWER, s2|rpc:localhost:38829|admin:localhost:34203|client:localhost:44949|dataStream:localhost:38579|priority:0|startupRole:FOLLOWER]|listeners:[], old=null
2023-01-19 14:38:39,875 [grpc-default-executor-10] INFO  impl.VoteContext (VoteContext.java:log(49)) - s0@group-768B129E9DAC-CANDIDATE: accept PRE_VOTE from s2: our priority 0 <= candidate's priority 0
2023-01-19 14:38:39,872 [grpc-default-executor-11] INFO  impl.VoteContext (VoteContext.java:log(49)) - s1@group-768B129E9DAC-CANDIDATE: accept PRE_VOTE from s2: our priority 0 <= candidate's priority 0
2023-01-19 14:38:39,882 [grpc-default-executor-11] INFO  server.RaftServer$Division (RaftServerImpl.java:requestVote(1331)) - s1@group-768B129E9DAC replies to PRE_VOTE vote request: s2<-s1#0:OK-t0. Peer's state: s1@group-768B129E9DAC:t0, leader=null, voted=, raftlog=Memoized:s1@group-768B129E9DAC-SegmentedRaftLog:OPENED:c-1, conf=-1: peers:[s0|rpc:localhost:37101|admin:localhost:34901|client:localhost:41987|dataStream:localhost:35177|priority:0|startupRole:FOLLOWER, s1|rpc:localhost:37711|admin:localhost:38053|client:localhost:44313|dataStream:localhost:39539|priority:0|startupRole:FOLLOWER, s2|rpc:localhost:38829|admin:localhost:34203|client:localhost:44949|dataStream:localhost:38579|priority:0|startupRole:FOLLOWER]|listeners:[], old=null
2023-01-19 14:38:39,883 [grpc-default-executor-4] INFO  impl.VoteContext (VoteContext.java:log(49)) - s1@group-768B129E9DAC-CANDIDATE: accept PRE_VOTE from s0: our priority 0 <= candidate's priority 0
2023-01-19 14:38:39,883 [grpc-default-executor-4] INFO  server.RaftServer$Division (RaftServerImpl.java:requestVote(1331)) - s1@group-768B129E9DAC replies to PRE_VOTE vote request: s0<-s1#0:OK-t0. Peer's state: s1@group-768B129E9DAC:t0, leader=null, voted=, raftlog=Memoized:s1@group-768B129E9DAC-SegmentedRaftLog:OPENED:c-1, conf=-1: peers:[s0|rpc:localhost:37101|admin:localhost:34901|client:localhost:41987|dataStream:localhost:35177|priority:0|startupRole:FOLLOWER, s1|rpc:localhost:37711|admin:localhost:38053|client:localhost:44313|dataStream:localhost:39539|priority:0|startupRole:FOLLOWER, s2|rpc:localhost:38829|admin:localhost:34203|client:localhost:44949|dataStream:localhost:38579|priority:0|startupRole:FOLLOWER]|listeners:[], old=null
2023-01-19 14:38:39,882 [grpc-default-executor-10] INFO  server.RaftServer$Division (RaftServerImpl.java:requestVote(1331)) - s0@group-768B129E9DAC replies to PRE_VOTE vote request: s2<-s0#0:OK-t0. Peer's state: s0@group-768B129E9DAC:t0, leader=null, voted=, raftlog=Memoized:s0@group-768B129E9DAC-SegmentedRaftLog:OPENED:c-1, conf=-1: peers:[s0|rpc:localhost:37101|admin:localhost:34901|client:localhost:41987|dataStream:localhost:35177|priority:0|startupRole:FOLLOWER, s1|rpc:localhost:37711|admin:localhost:38053|client:localhost:44313|dataStream:localhost:39539|priority:0|startupRole:FOLLOWER, s2|rpc:localhost:38829|admin:localhost:34203|client:localhost:44949|dataStream:localhost:38579|priority:0|startupRole:FOLLOWER]|listeners:[], old=null
2023-01-19 14:38:39,875 [s0@group-768B129E9DAC-LeaderElection1] INFO  impl.LeaderElection (LeaderElection.java:askForVotes(309)) - s0@group-768B129E9DAC-LeaderElection1 PRE_VOTE round 2: submit vote requests at term 0 for -1: peers:[s0|rpc:localhost:37101|admin:localhost:34901|client:localhost:41987|dataStream:localhost:35177|priority:0|startupRole:FOLLOWER, s1|rpc:localhost:37711|admin:localhost:38053|client:localhost:44313|dataStream:localhost:39539|priority:0|startupRole:FOLLOWER, s2|rpc:localhost:38829|admin:localhost:34203|client:localhost:44949|dataStream:localhost:38579|priority:0|startupRole:FOLLOWER]|listeners:[], old=null
2023-01-19 14:38:39,889 [s1@group-768B129E9DAC-LeaderElection2] INFO  impl.LeaderElection (LeaderElection.java:logAndReturn(89)) - s1@group-768B129E9DAC-LeaderElection2: PRE_VOTE PASSED received 1 response(s) and 0 exception(s):
2023-01-19 14:38:39,897 [s1@group-768B129E9DAC-LeaderElection2] INFO  impl.LeaderElection (LeaderElection.java:logAndReturn(93)) -   Response 0: s1<-s2#0:OK-t0
2023-01-19 14:38:39,898 [s1@group-768B129E9DAC-LeaderElection2] INFO  impl.LeaderElection (LeaderElection.java:askForVotes(311)) - s1@group-768B129E9DAC-LeaderElection2 PRE_VOTE round 1: result PASSED
2023-01-19 14:38:39,894 [s0@group-768B129E9DAC-LeaderElection1] INFO  server.RaftServerConfigKeys (ConfUtils.java:logFallback(53)) - raft.server.rpc.first-election.timeout.min = 150ms (fallback to raft.server.rpc.timeout.min)
2023-01-19 14:38:39,899 [s0@group-768B129E9DAC-LeaderElection1] INFO  server.RaftServerConfigKeys (ConfUtils.java:logFallback(53)) - raft.server.rpc.first-election.timeout.max = 300ms (fallback to raft.server.rpc.timeout.max)
2023-01-19 14:38:39,899 [s1@group-768B129E9DAC-LeaderElection2] INFO  impl.LeaderElection (LeaderElection.java:askForVotes(309)) - s1@group-768B129E9DAC-LeaderElection2 ELECTION round 0: submit vote requests at term 1 for -1: peers:[s0|rpc:localhost:37101|admin:localhost:34901|client:localhost:41987|dataStream:localhost:35177|priority:0|startupRole:FOLLOWER, s1|rpc:localhost:37711|admin:localhost:38053|client:localhost:44313|dataStream:localhost:39539|priority:0|startupRole:FOLLOWER, s2|rpc:localhost:38829|admin:localhost:34203|client:localhost:44949|dataStream:localhost:38579|priority:0|startupRole:FOLLOWER]|listeners:[], old=null
2023-01-19 14:38:39,901 [s1@group-768B129E9DAC-LeaderElection2] INFO  server.RaftServerConfigKeys (ConfUtils.java:logFallback(53)) - raft.server.rpc.first-election.timeout.min = 150ms (fallback to raft.server.rpc.timeout.min)
2023-01-19 14:38:39,901 [s1@group-768B129E9DAC-LeaderElection2] INFO  server.RaftServerConfigKeys (ConfUtils.java:logFallback(53)) - raft.server.rpc.first-election.timeout.max = 300ms (fallback to raft.server.rpc.timeout.max)
2023-01-19 14:38:39,911 [s2@group-768B129E9DAC-LeaderElection3] INFO  impl.LeaderElection (LeaderElection.java:logAndReturn(89)) - s2@group-768B129E9DAC-LeaderElection3: PRE_VOTE PASSED received 1 response(s) and 0 exception(s):
2023-01-19 14:38:39,911 [s2@group-768B129E9DAC-LeaderElection3] INFO  impl.LeaderElection (LeaderElection.java:logAndReturn(93)) -   Response 0: s2<-s1#0:OK-t0
2023-01-19 14:38:39,911 [s2@group-768B129E9DAC-LeaderElection3] INFO  impl.LeaderElection (LeaderElection.java:askForVotes(311)) - s2@group-768B129E9DAC-LeaderElection3 PRE_VOTE round 1: result PASSED
2023-01-19 14:38:39,913 [s2@group-768B129E9DAC-LeaderElection3] INFO  impl.LeaderElection (LeaderElection.java:askForVotes(309)) - s2@group-768B129E9DAC-LeaderElection3 ELECTION round 0: submit vote requests at term 1 for -1: peers:[s0|rpc:localhost:37101|admin:localhost:34901|client:localhost:41987|dataStream:localhost:35177|priority:0|startupRole:FOLLOWER, s1|rpc:localhost:37711|admin:localhost:38053|client:localhost:44313|dataStream:localhost:39539|priority:0|startupRole:FOLLOWER, s2|rpc:localhost:38829|admin:localhost:34203|client:localhost:44949|dataStream:localhost:38579|priority:0|startupRole:FOLLOWER]|listeners:[], old=null
2023-01-19 14:38:39,914 [s2@group-768B129E9DAC-LeaderElection3] INFO  server.RaftServerConfigKeys (ConfUtils.java:logFallback(53)) - raft.server.rpc.first-election.timeout.min = 150ms (fallback to raft.server.rpc.timeout.min)
2023-01-19 14:38:39,914 [s2@group-768B129E9DAC-LeaderElection3] INFO  server.RaftServerConfigKeys (ConfUtils.java:logFallback(53)) - raft.server.rpc.first-election.timeout.max = 300ms (fallback to raft.server.rpc.timeout.max)
2023-01-19 14:38:39,933 [grpc-default-executor-4] INFO  server.RaftServer$Division (RaftServerImpl.java:requestVote(1298)) - s2@group-768B129E9DAC: receive requestVote(PRE_VOTE, s0, group-768B129E9DAC, 0, (t:0, i:0))
2023-01-19 14:38:39,934 [grpc-default-executor-4] INFO  impl.VoteContext (VoteContext.java:log(49)) - s2@group-768B129E9DAC-CANDIDATE: accept PRE_VOTE from s0: our priority 0 <= candidate's priority 0
2023-01-19 14:38:39,934 [grpc-default-executor-4] INFO  server.RaftServer$Division (RaftServerImpl.java:requestVote(1331)) - s2@group-768B129E9DAC replies to PRE_VOTE vote request: s0<-s2#0:OK-t1. Peer's state: s2@group-768B129E9DAC:t1, leader=null, voted=s2, raftlog=Memoized:s2@group-768B129E9DAC-SegmentedRaftLog:OPENED:c-1, conf=-1: peers:[s0|rpc:localhost:37101|admin:localhost:34901|client:localhost:41987|dataStream:localhost:35177|priority:0|startupRole:FOLLOWER, s1|rpc:localhost:37711|admin:localhost:38053|client:localhost:44313|dataStream:localhost:39539|priority:0|startupRole:FOLLOWER, s2|rpc:localhost:38829|admin:localhost:34203|client:localhost:44949|dataStream:localhost:38579|priority:0|startupRole:FOLLOWER]|listeners:[], old=null
2023-01-19 14:38:39,938 [grpc-default-executor-4] INFO  server.RaftServer$Division (RaftServerImpl.java:requestVote(1298)) - s0@group-768B129E9DAC: receive requestVote(ELECTION, s2, group-768B129E9DAC, 1, (t:0, i:0))
2023-01-19 14:38:39,938 [grpc-default-executor-4] INFO  impl.VoteContext (VoteContext.java:log(49)) - s0@group-768B129E9DAC-CANDIDATE: accept ELECTION from s2: our priority 0 <= candidate's priority 0
2023-01-19 14:38:39,938 [s0@group-768B129E9DAC-LeaderElection1] INFO  impl.LeaderElection (LeaderElection.java:logAndReturn(89)) - s0@group-768B129E9DAC-LeaderElection1: PRE_VOTE DISCOVERED_A_NEW_TERM (term=1) received 1 response(s) and 0 exception(s):
2023-01-19 14:38:39,940 [s0@group-768B129E9DAC-LeaderElection1] INFO  impl.LeaderElection (LeaderElection.java:logAndReturn(93)) -   Response 0: s0<-s2#0:OK-t1
2023-01-19 14:38:39,939 [grpc-default-executor-4] INFO  server.RaftServer$Division (RaftServerImpl.java:setRole(325)) - s0@group-768B129E9DAC: changes role from CANDIDATE to FOLLOWER at term 1 for candidate:s2
2023-01-19 14:38:39,939 [grpc-default-executor-11] INFO  server.RaftServer$Division (RaftServerImpl.java:requestVote(1298)) - s1@group-768B129E9DAC: receive requestVote(ELECTION, s2, group-768B129E9DAC, 1, (t:0, i:0))
2023-01-19 14:38:39,940 [grpc-default-executor-4] INFO  impl.RoleInfo (RoleInfo.java:shutdownLeaderElection(130)) - s0: shutdown s0@group-768B129E9DAC-LeaderElection1
2023-01-19 14:38:39,942 [grpc-default-executor-4] INFO  impl.RoleInfo (RoleInfo.java:updateAndGet(139)) - s0: start s0@group-768B129E9DAC-FollowerState
2023-01-19 14:38:39,940 [s0@group-768B129E9DAC-LeaderElection1] INFO  impl.LeaderElection (LeaderElection.java:askForVotes(311)) - s0@group-768B129E9DAC-LeaderElection1 PRE_VOTE round 2: result DISCOVERED_A_NEW_TERM (term=1)
2023-01-19 14:38:39,941 [grpc-default-executor-11] INFO  impl.VoteContext (VoteContext.java:log(49)) - s1@group-768B129E9DAC-CANDIDATE: reject ELECTION from s2: already has voted for s1 at current term 1
2023-01-19 14:38:39,943 [grpc-default-executor-11] INFO  server.RaftServer$Division (RaftServerImpl.java:requestVote(1331)) - s1@group-768B129E9DAC replies to ELECTION vote request: s2<-s1#0:FAIL-t1. Peer's state: s1@group-768B129E9DAC:t1, leader=null, voted=s1, raftlog=Memoized:s1@group-768B129E9DAC-SegmentedRaftLog:OPENED:c-1, conf=-1: peers:[s0|rpc:localhost:37101|admin:localhost:34901|client:localhost:41987|dataStream:localhost:35177|priority:0|startupRole:FOLLOWER, s1|rpc:localhost:37711|admin:localhost:38053|client:localhost:44313|dataStream:localhost:39539|priority:0|startupRole:FOLLOWER, s2|rpc:localhost:38829|admin:localhost:34203|client:localhost:44949|dataStream:localhost:38579|priority:0|startupRole:FOLLOWER]|listeners:[], old=null
2023-01-19 14:38:39,945 [grpc-default-executor-9] INFO  server.RaftServer$Division (RaftServerImpl.java:requestVote(1298)) - s2@group-768B129E9DAC: receive requestVote(ELECTION, s1, group-768B129E9DAC, 1, (t:0, i:0))
2023-01-19 14:38:39,945 [grpc-default-executor-9] INFO  impl.VoteContext (VoteContext.java:log(49)) - s2@group-768B129E9DAC-CANDIDATE: reject ELECTION from s1: already has voted for s2 at current term 1
2023-01-19 14:38:39,945 [grpc-default-executor-9] INFO  server.RaftServer$Division (RaftServerImpl.java:requestVote(1331)) - s2@group-768B129E9DAC replies to ELECTION vote request: s1<-s2#0:FAIL-t1. Peer's state: s2@group-768B129E9DAC:t1, leader=null, voted=s2, raftlog=Memoized:s2@group-768B129E9DAC-SegmentedRaftLog:OPENED:c-1, conf=-1: peers:[s0|rpc:localhost:37101|admin:localhost:34901|client:localhost:41987|dataStream:localhost:35177|priority:0|startupRole:FOLLOWER, s1|rpc:localhost:37711|admin:localhost:38053|client:localhost:44313|dataStream:localhost:39539|priority:0|startupRole:FOLLOWER, s2|rpc:localhost:38829|admin:localhost:34203|client:localhost:44949|dataStream:localhost:38579|priority:0|startupRole:FOLLOWER]|listeners:[], old=null
2023-01-19 14:38:39,948 [grpc-default-executor-11] INFO  server.RaftServer$Division (RaftServerImpl.java:requestVote(1298)) - s0@group-768B129E9DAC: receive requestVote(ELECTION, s1, group-768B129E9DAC, 1, (t:0, i:0))
2023-01-19 14:38:39,948 [grpc-default-executor-10] INFO  server.RaftServer$Division (RaftServerImpl.java:requestVote(1298)) - s1@group-768B129E9DAC: receive requestVote(PRE_VOTE, s0, group-768B129E9DAC, 0, (t:0, i:0))
2023-01-19 14:38:39,949 [grpc-default-executor-10] INFO  impl.VoteContext (VoteContext.java:log(49)) - s1@group-768B129E9DAC-CANDIDATE: accept PRE_VOTE from s0: our priority 0 <= candidate's priority 0
2023-01-19 14:38:39,949 [s0@group-768B129E9DAC-FollowerState] INFO  server.RaftServerConfigKeys (ConfUtils.java:logFallback(53)) - raft.server.rpc.first-election.timeout.min = 150ms (fallback to raft.server.rpc.timeout.min)
2023-01-19 14:38:39,949 [s0@group-768B129E9DAC-FollowerState] INFO  server.RaftServerConfigKeys (ConfUtils.java:logFallback(53)) - raft.server.rpc.first-election.timeout.max = 300ms (fallback to raft.server.rpc.timeout.max)
2023-01-19 14:38:39,951 [grpc-default-executor-4] INFO  server.RaftServer$Division (RaftServerImpl.java:requestVote(1331)) - s0@group-768B129E9DAC replies to ELECTION vote request: s2<-s0#0:OK-t1. Peer's state: s0@group-768B129E9DAC:t1, leader=null, voted=s2, raftlog=Memoized:s0@group-768B129E9DAC-SegmentedRaftLog:OPENED:c-1, conf=-1: peers:[s0|rpc:localhost:37101|admin:localhost:34901|client:localhost:41987|dataStream:localhost:35177|priority:0|startupRole:FOLLOWER, s1|rpc:localhost:37711|admin:localhost:38053|client:localhost:44313|dataStream:localhost:39539|priority:0|startupRole:FOLLOWER, s2|rpc:localhost:38829|admin:localhost:34203|client:localhost:44949|dataStream:localhost:38579|priority:0|startupRole:FOLLOWER]|listeners:[], old=null
2023-01-19 14:38:39,951 [grpc-default-executor-11] INFO  impl.VoteContext (VoteContext.java:log(49)) - s0@group-768B129E9DAC-FOLLOWER: reject ELECTION from s1: already has voted for s2 at current term 1
2023-01-19 14:38:39,952 [grpc-default-executor-11] INFO  server.RaftServer$Division (RaftServerImpl.java:requestVote(1331)) - s0@group-768B129E9DAC replies to ELECTION vote request: s1<-s0#0:FAIL-t1. Peer's state: s0@group-768B129E9DAC:t1, leader=null, voted=s2, raftlog=Memoized:s0@group-768B129E9DAC-SegmentedRaftLog:OPENED:c-1, conf=-1: peers:[s0|rpc:localhost:37101|admin:localhost:34901|client:localhost:41987|dataStream:localhost:35177|priority:0|startupRole:FOLLOWER, s1|rpc:localhost:37711|admin:localhost:38053|client:localhost:44313|dataStream:localhost:39539|priority:0|startupRole:FOLLOWER, s2|rpc:localhost:38829|admin:localhost:34203|client:localhost:44949|dataStream:localhost:38579|priority:0|startupRole:FOLLOWER]|listeners:[], old=null
2023-01-19 14:38:39,949 [grpc-default-executor-10] INFO  server.RaftServer$Division (RaftServerImpl.java:requestVote(1331)) - s1@group-768B129E9DAC replies to PRE_VOTE vote request: s0<-s1#0:OK-t1. Peer's state: s1@group-768B129E9DAC:t1, leader=null, voted=s1, raftlog=Memoized:s1@group-768B129E9DAC-SegmentedRaftLog:OPENED:c-1, conf=-1: peers:[s0|rpc:localhost:37101|admin:localhost:34901|client:localhost:41987|dataStream:localhost:35177|priority:0|startupRole:FOLLOWER, s1|rpc:localhost:37711|admin:localhost:38053|client:localhost:44313|dataStream:localhost:39539|priority:0|startupRole:FOLLOWER, s2|rpc:localhost:38829|admin:localhost:34203|client:localhost:44949|dataStream:localhost:38579|priority:0|startupRole:FOLLOWER]|listeners:[], old=null
2023-01-19 14:38:39,956 [s1@group-768B129E9DAC-LeaderElection2] INFO  impl.LeaderElection (LeaderElection.java:logAndReturn(89)) - s1@group-768B129E9DAC-LeaderElection2: ELECTION REJECTED received 2 response(s) and 0 exception(s):
2023-01-19 14:38:39,956 [s1@group-768B129E9DAC-LeaderElection2] INFO  impl.LeaderElection (LeaderElection.java:logAndReturn(93)) -   Response 0: s1<-s0#0:FAIL-t1
2023-01-19 14:38:39,956 [s1@group-768B129E9DAC-LeaderElection2] INFO  impl.LeaderElection (LeaderElection.java:logAndReturn(93)) -   Response 1: s1<-s2#0:FAIL-t1
2023-01-19 14:38:39,956 [s1@group-768B129E9DAC-LeaderElection2] INFO  impl.LeaderElection (LeaderElection.java:askForVotes(311)) - s1@group-768B129E9DAC-LeaderElection2 ELECTION round 0: result REJECTED
2023-01-19 14:38:39,956 [s1@group-768B129E9DAC-LeaderElection2] INFO  server.RaftServer$Division (RaftServerImpl.java:setRole(325)) - s1@group-768B129E9DAC: changes role from CANDIDATE to FOLLOWER at term 1 for REJECTED
2023-01-19 14:38:39,956 [s1@group-768B129E9DAC-LeaderElection2] INFO  impl.RoleInfo (RoleInfo.java:shutdownLeaderElection(130)) - s1: shutdown s1@group-768B129E9DAC-LeaderElection2
2023-01-19 14:38:39,956 [s1@group-768B129E9DAC-LeaderElection2] INFO  impl.RoleInfo (RoleInfo.java:updateAndGet(139)) - s1: start s1@group-768B129E9DAC-FollowerState
2023-01-19 14:38:39,959 [s1@group-768B129E9DAC-FollowerState] INFO  server.RaftServerConfigKeys (ConfUtils.java:logFallback(53)) - raft.server.rpc.first-election.timeout.min = 150ms (fallback to raft.server.rpc.timeout.min)
2023-01-19 14:38:39,959 [s1@group-768B129E9DAC-FollowerState] INFO  server.RaftServerConfigKeys (ConfUtils.java:logFallback(53)) - raft.server.rpc.first-election.timeout.max = 300ms (fallback to raft.server.rpc.timeout.max)
2023-01-19 14:38:39,965 [s2@group-768B129E9DAC-LeaderElection3] INFO  impl.LeaderElection (LeaderElection.java:logAndReturn(89)) - s2@group-768B129E9DAC-LeaderElection3: ELECTION PASSED received 2 response(s) and 0 exception(s):
2023-01-19 14:38:39,966 [s2@group-768B129E9DAC-LeaderElection3] INFO  impl.LeaderElection (LeaderElection.java:logAndReturn(93)) -   Response 0: s2<-s0#0:OK-t1
2023-01-19 14:38:39,966 [s2@group-768B129E9DAC-LeaderElection3] INFO  impl.LeaderElection (LeaderElection.java:logAndReturn(93)) -   Response 1: s2<-s1#0:FAIL-t1
2023-01-19 14:38:39,966 [s2@group-768B129E9DAC-LeaderElection3] INFO  impl.LeaderElection (LeaderElection.java:askForVotes(311)) - s2@group-768B129E9DAC-LeaderElection3 ELECTION round 0: result PASSED
2023-01-19 14:38:39,966 [s2@group-768B129E9DAC-LeaderElection3] INFO  impl.RoleInfo (RoleInfo.java:shutdownLeaderElection(130)) - s2: shutdown s2@group-768B129E9DAC-LeaderElection3
2023-01-19 14:38:39,966 [s2@group-768B129E9DAC-LeaderElection3] INFO  server.RaftServer$Division (RaftServerImpl.java:setRole(325)) - s2@group-768B129E9DAC: changes role from CANDIDATE to LEADER at term 1 for changeToLeader
2023-01-19 14:38:39,966 [s2@group-768B129E9DAC-LeaderElection3] INFO  server.RaftServer$Division (ServerState.java:setLeader(260)) - s2@group-768B129E9DAC: change Leader from null to s2 at term 1 for becomeLeader, leader elected after 1010ms
2023-01-19 14:38:39,975 [s2@group-768B129E9DAC-LeaderElection3] INFO  server.RaftServerConfigKeys (ConfUtils.java:logGet(46)) - raft.server.staging.catchup.gap = 1000 (default)
2023-01-19 14:38:39,979 [s2@group-768B129E9DAC-LeaderElection3] INFO  server.RaftServerConfigKeys (ConfUtils.java:logGet(46)) - raft.server.write.element-limit = 4096 (default)
2023-01-19 14:38:39,981 [s2@group-768B129E9DAC-LeaderElection3] INFO  server.RaftServerConfigKeys (ConfUtils.java:logGet(46)) - raft.server.write.byte-limit = 64MB (=67108864) (default)
2023-01-19 14:38:39,984 [s2@group-768B129E9DAC-LeaderElection3] INFO  server.RaftServerConfigKeys (ConfUtils.java:logGet(46)) - raft.server.watch.timeout = 10s (default)
2023-01-19 14:38:39,985 [s2@group-768B129E9DAC-LeaderElection3] INFO  server.RaftServerConfigKeys (ConfUtils.java:logGet(46)) - raft.server.watch.timeout.denomination = 1s (default)
2023-01-19 14:38:39,985 [s2@group-768B129E9DAC-LeaderElection3] INFO  server.RaftServerConfigKeys (ConfUtils.java:logGet(46)) - raft.server.watch.element-limit = 65536 (default)
2023-01-19 14:38:39,997 [s2@group-768B129E9DAC-LeaderElection3] INFO  server.RaftServerConfigKeys (ConfUtils.java:logGet(46)) - raft.server.write.element-limit = 4096 (default)
2023-01-19 14:38:40,000 [s2@group-768B129E9DAC-LeaderElection3] INFO  server.RaftServerConfigKeys (ConfUtils.java:logGet(46)) - raft.server.write.follower.gap.ratio.max = -1.0 (default)
2023-01-19 14:38:40,010 [s2@group-768B129E9DAC-LeaderElection3] INFO  server.RaftServerConfigKeys (ConfUtils.java:logGet(46)) - raft.server.log.appender.snapshot.chunk.size.max = 16MB (=16777216) (default)
2023-01-19 14:38:40,010 [s2@group-768B129E9DAC-LeaderElection3] INFO  server.RaftServerConfigKeys (ConfUtils.java:logGet(46)) - raft.server.log.appender.buffer.byte-limit = 4MB (=4194304) (default)
2023-01-19 14:38:40,011 [s2@group-768B129E9DAC-LeaderElection3] INFO  server.RaftServerConfigKeys (ConfUtils.java:logGet(46)) - raft.server.log.appender.buffer.element-limit = 0 (default)
2023-01-19 14:38:40,013 [s2@group-768B129E9DAC-LeaderElection3] INFO  grpc.GrpcConfigKeys (ConfUtils.java:logGet(46)) - raft.grpc.server.leader.outstanding.appends.max = 128 (default)
2023-01-19 14:38:40,013 [s2@group-768B129E9DAC-LeaderElection3] INFO  server.RaftServerConfigKeys (ConfUtils.java:logGet(46)) - raft.server.rpc.request.timeout = 3000ms (default)
2023-01-19 14:38:40,014 [s2@group-768B129E9DAC-LeaderElection3] INFO  server.RaftServerConfigKeys (ConfUtils.java:logGet(46)) - raft.server.log.appender.install.snapshot.enabled = true (default)
2023-01-19 14:38:40,014 [s2@group-768B129E9DAC-LeaderElection3] INFO  grpc.GrpcConfigKeys (ConfUtils.java:logGet(46)) - raft.grpc.server.heartbeat.channel = false (custom)
2023-01-19 14:38:40,014 [s2@group-768B129E9DAC-LeaderElection3] INFO  server.RaftServerConfigKeys (ConfUtils.java:logGet(46)) - raft.server.log.appender.wait-time.min = 10ms (default)
2023-01-19 14:38:40,017 [s2@group-768B129E9DAC-LeaderElection3] INFO  server.RaftServerConfigKeys (ConfUtils.java:logGet(46)) - raft.server.log.appender.snapshot.chunk.size.max = 16MB (=16777216) (default)
2023-01-19 14:38:40,017 [s2@group-768B129E9DAC-LeaderElection3] INFO  server.RaftServerConfigKeys (ConfUtils.java:logGet(46)) - raft.server.log.appender.buffer.byte-limit = 4MB (=4194304) (default)
2023-01-19 14:38:40,017 [s2@group-768B129E9DAC-LeaderElection3] INFO  server.RaftServerConfigKeys (ConfUtils.java:logGet(46)) - raft.server.log.appender.buffer.element-limit = 0 (default)
2023-01-19 14:38:40,017 [s2@group-768B129E9DAC-LeaderElection3] INFO  grpc.GrpcConfigKeys (ConfUtils.java:logGet(46)) - raft.grpc.server.leader.outstanding.appends.max = 128 (default)
2023-01-19 14:38:40,017 [s2@group-768B129E9DAC-LeaderElection3] INFO  server.RaftServerConfigKeys (ConfUtils.java:logGet(46)) - raft.server.rpc.request.timeout = 3000ms (default)
2023-01-19 14:38:40,017 [s2@group-768B129E9DAC-LeaderElection3] INFO  server.RaftServerConfigKeys (ConfUtils.java:logGet(46)) - raft.server.log.appender.install.snapshot.enabled = true (default)
2023-01-19 14:38:40,018 [s2@group-768B129E9DAC-LeaderElection3] INFO  grpc.GrpcConfigKeys (ConfUtils.java:logGet(46)) - raft.grpc.server.heartbeat.channel = false (custom)
2023-01-19 14:38:40,018 [s2@group-768B129E9DAC-LeaderElection3] INFO  server.RaftServerConfigKeys (ConfUtils.java:logGet(46)) - raft.server.log.appender.wait-time.min = 10ms (default)
2023-01-19 14:38:40,019 [s2@group-768B129E9DAC-LeaderElection3] INFO  impl.RoleInfo (RoleInfo.java:updateAndGet(139)) - s2: start s2@group-768B129E9DAC-LeaderStateImpl
2023-01-19 14:38:40,034 [s2@group-768B129E9DAC-LeaderElection3] INFO  segmented.SegmentedRaftLogWorker (SegmentedRaftLogWorker.java:startLogSegment(431)) - s2@group-768B129E9DAC-SegmentedRaftLogWorker: Starting segment from index:0
2023-01-19 14:38:40,090 [s2@group-768B129E9DAC-LeaderElection3] INFO  server.RaftServer$Division (ServerState.java:setRaftConf(378)) - s2@group-768B129E9DAC: set configuration 0: peers:[s0|rpc:localhost:37101|admin:localhost:34901|client:localhost:41987|dataStream:localhost:35177|priority:0|startupRole:FOLLOWER, s1|rpc:localhost:37711|admin:localhost:38053|client:localhost:44313|dataStream:localhost:39539|priority:0|startupRole:FOLLOWER, s2|rpc:localhost:38829|admin:localhost:34203|client:localhost:44949|dataStream:localhost:38579|priority:0|startupRole:FOLLOWER]|listeners:[], old=null
2023-01-19 14:38:40,121 [s1@group-768B129E9DAC-FollowerState] INFO  impl.FollowerState (FollowerState.java:run(143)) - s1@group-768B129E9DAC-FollowerState: change to CANDIDATE, lastRpcElapsedTime:165265182ns, electionTimeout:162ms
2023-01-19 14:38:40,122 [s1@group-768B129E9DAC-FollowerState] INFO  impl.RoleInfo (RoleInfo.java:shutdownFollowerState(110)) - s1: shutdown s1@group-768B129E9DAC-FollowerState
2023-01-19 14:38:40,122 [s1@group-768B129E9DAC-FollowerState] INFO  server.RaftServer$Division (RaftServerImpl.java:setRole(325)) - s1@group-768B129E9DAC: changes role from  FOLLOWER to CANDIDATE at term 1 for changeToCandidate
2023-01-19 14:38:40,122 [s1@group-768B129E9DAC-FollowerState] INFO  server.RaftServerConfigKeys (ConfUtils.java:logGet(46)) - raft.server.leaderelection.pre-vote = true (default)
2023-01-19 14:38:40,122 [s1@group-768B129E9DAC-FollowerState] INFO  impl.RoleInfo (RoleInfo.java:updateAndGet(139)) - s1: start s1@group-768B129E9DAC-LeaderElection4
2023-01-19 14:38:40,125 [s0@group-768B129E9DAC-FollowerState] INFO  server.RaftServerConfigKeys (ConfUtils.java:logFallback(53)) - raft.server.rpc.first-election.timeout.min = 150ms (fallback to raft.server.rpc.timeout.min)
2023-01-19 14:38:40,125 [s0@group-768B129E9DAC-FollowerState] INFO  server.RaftServerConfigKeys (ConfUtils.java:logFallback(53)) - raft.server.rpc.first-election.timeout.max = 300ms (fallback to raft.server.rpc.timeout.max)
2023-01-19 14:38:40,125 [s0-server-thread1] INFO  server.RaftServer$Division (ServerState.java:setLeader(260)) - s0@group-768B129E9DAC: change Leader from null to s2 at term 1 for appendEntries, leader elected after 1169ms
2023-01-19 14:38:40,159 [s1-server-thread1] INFO  server.RaftServer$Division (RaftServerImpl.java:setRole(325)) - s1@group-768B129E9DAC: changes role from CANDIDATE to FOLLOWER at term 1 for appendEntries
2023-01-19 14:38:40,160 [s1-server-thread1] INFO  impl.RoleInfo (RoleInfo.java:shutdownLeaderElection(130)) - s1: shutdown s1@group-768B129E9DAC-LeaderElection4
2023-01-19 14:38:40,160 [s1-server-thread1] INFO  impl.RoleInfo (RoleInfo.java:updateAndGet(139)) - s1: start s1@group-768B129E9DAC-FollowerState
2023-01-19 14:38:40,163 [s0-server-thread1] INFO  server.RaftServer$Division (ServerState.java:setRaftConf(378)) - s0@group-768B129E9DAC: set configuration 0: peers:[s0|rpc:localhost:37101|admin:localhost:34901|client:localhost:41987|dataStream:localhost:35177|priority:0|startupRole:FOLLOWER, s1|rpc:localhost:37711|admin:localhost:38053|client:localhost:44313|dataStream:localhost:39539|priority:0|startupRole:FOLLOWER, s2|rpc:localhost:38829|admin:localhost:34203|client:localhost:44949|dataStream:localhost:38579|priority:0|startupRole:FOLLOWER]|listeners:[], old=null
2023-01-19 14:38:40,163 [s0-server-thread1] INFO  segmented.SegmentedRaftLogWorker (SegmentedRaftLogWorker.java:startLogSegment(431)) - s0@group-768B129E9DAC-SegmentedRaftLogWorker: Starting segment from index:0
2023-01-19 14:38:40,183 [s1-server-thread1] INFO  server.RaftServer$Division (ServerState.java:setLeader(260)) - s1@group-768B129E9DAC: change Leader from null to s2 at term 1 for appendEntries, leader elected after 1205ms
2023-01-19 14:38:40,196 [s1@group-768B129E9DAC-LeaderElection4] INFO  impl.LeaderElection (LeaderElection.java:run(232)) - s1@group-768B129E9DAC-LeaderElection4: skip running since this is already CLOSING
2023-01-19 14:38:40,205 [s0@group-768B129E9DAC-SegmentedRaftLogWorker] INFO  segmented.SegmentedRaftLogWorker (SegmentedRaftLogWorker.java:execute(635)) - s0@group-768B129E9DAC-SegmentedRaftLogWorker: created new log segment /home/runner/work/ratis/ratis/ratis-test/target/test/data/f0947725/MiniRaftClusterWithGrpc4d613736/s0/9061accc-2e4d-4991-a9f3-768b129e9dac/current/log_inprogress_0
2023-01-19 14:38:40,218 [s1-server-thread1] INFO  server.RaftServer$Division (ServerState.java:setRaftConf(378)) - s1@group-768B129E9DAC: set configuration 0: peers:[s0|rpc:localhost:37101|admin:localhost:34901|client:localhost:41987|dataStream:localhost:35177|priority:0|startupRole:FOLLOWER, s1|rpc:localhost:37711|admin:localhost:38053|client:localhost:44313|dataStream:localhost:39539|priority:0|startupRole:FOLLOWER, s2|rpc:localhost:38829|admin:localhost:34203|client:localhost:44949|dataStream:localhost:38579|priority:0|startupRole:FOLLOWER]|listeners:[], old=null
2023-01-19 14:38:40,218 [s1-server-thread1] INFO  segmented.SegmentedRaftLogWorker (SegmentedRaftLogWorker.java:startLogSegment(431)) - s1@group-768B129E9DAC-SegmentedRaftLogWorker: Starting segment from index:0
2023-01-19 14:38:40,231 [s2@group-768B129E9DAC-SegmentedRaftLogWorker] INFO  segmented.SegmentedRaftLogWorker (SegmentedRaftLogWorker.java:execute(635)) - s2@group-768B129E9DAC-SegmentedRaftLogWorker: created new log segment /home/runner/work/ratis/ratis/ratis-test/target/test/data/f0947725/MiniRaftClusterWithGrpc4d613736/s2/9061accc-2e4d-4991-a9f3-768b129e9dac/current/log_inprogress_0
2023-01-19 14:38:40,231 [s1@group-768B129E9DAC-SegmentedRaftLogWorker] INFO  segmented.SegmentedRaftLogWorker (SegmentedRaftLogWorker.java:execute(635)) - s1@group-768B129E9DAC-SegmentedRaftLogWorker: created new log segment /home/runner/work/ratis/ratis/ratis-test/target/test/data/f0947725/MiniRaftClusterWithGrpc4d613736/s1/9061accc-2e4d-4991-a9f3-768b129e9dac/current/log_inprogress_0
2023-01-19 14:38:40,297 [Time-limited test] INFO  ratis.RaftTestUtil (RaftTestUtil.java:waitForLeader(119)) - printing ALL groups
  s0:  RUNNING  FOLLOWER s0@group-768B129E9DAC:t1, leader=s2, voted=s2, raftlog=Memoized:s0@group-768B129E9DAC-SegmentedRaftLog:OPENED:c-1, conf=0: peers:[s0|rpc:localhost:37101|admin:localhost:34901|client:localhost:41987|dataStream:localhost:35177|priority:0|startupRole:FOLLOWER, s1|rpc:localhost:37711|admin:localhost:38053|client:localhost:44313|dataStream:localhost:39539|priority:0|startupRole:FOLLOWER, s2|rpc:localhost:38829|admin:localhost:34203|client:localhost:44949|dataStream:localhost:38579|priority:0|startupRole:FOLLOWER]|listeners:[], old=null RUNNING
  s1:  RUNNING  FOLLOWER s1@group-768B129E9DAC:t1, leader=s2, voted=s1, raftlog=Memoized:s1@group-768B129E9DAC-SegmentedRaftLog:OPENED:c-1, conf=0: peers:[s0|rpc:localhost:37101|admin:localhost:34901|client:localhost:41987|dataStream:localhost:35177|priority:0|startupRole:FOLLOWER, s1|rpc:localhost:37711|admin:localhost:38053|client:localhost:44313|dataStream:localhost:39539|priority:0|startupRole:FOLLOWER, s2|rpc:localhost:38829|admin:localhost:34203|client:localhost:44949|dataStream:localhost:38579|priority:0|startupRole:FOLLOWER]|listeners:[], old=null RUNNING
  s2:  RUNNING    LEADER s2@group-768B129E9DAC:t1, leader=s2, voted=s2, raftlog=Memoized:s2@group-768B129E9DAC-SegmentedRaftLog:OPENED:c0, conf=0: peers:[s0|rpc:localhost:37101|admin:localhost:34901|client:localhost:41987|dataStream:localhost:35177|priority:0|startupRole:FOLLOWER, s1|rpc:localhost:37711|admin:localhost:38053|client:localhost:44313|dataStream:localhost:39539|priority:0|startupRole:FOLLOWER, s2|rpc:localhost:38829|admin:localhost:34203|client:localhost:44949|dataStream:localhost:38579|priority:0|startupRole:FOLLOWER]|listeners:[], old=null RUNNING
2023-01-19 14:38:40,350 [Time-limited test] DEBUG client.GrpcClientProtocolClient (ConfUtils.java:logGet(46)) - raft.grpc.flow.control.window = 1MB (=1048576) (default)
2023-01-19 14:38:40,350 [Time-limited test] DEBUG client.GrpcClientProtocolClient (ConfUtils.java:logGet(46)) - raft.grpc.message.size.max = 64MB (=67108864) (default)
2023-01-19 14:38:40,432 [grpc-default-executor-11] TRACE client.GrpcClientProtocolClient (GrpcClientProtocolClient.java:onNext(311)) - client-9DB8F4B41E40->s0: receive RaftClientReply:client-9DB8F4B41E40->s0@group-768B129E9DAC, cid=0, FAILED org.apache.ratis.protocol.exceptions.NotLeaderException: Server s0@group-768B129E9DAC is not the leader s2|rpc:localhost:38829|admin:localhost:34203|client:localhost:44949|dataStream:localhost:38579|priority:0|startupRole:FOLLOWER, logIndex=0, commits[s0:c0, s1:c0, s2:c0]
2023-01-19 14:38:40,447 [timer4] DEBUG client.GrpcClientProtocolClient (ConfUtils.java:logGet(46)) - raft.grpc.flow.control.window = 1MB (=1048576) (default)
2023-01-19 14:38:40,447 [timer4] DEBUG client.GrpcClientProtocolClient (ConfUtils.java:logGet(46)) - raft.grpc.message.size.max = 64MB (=67108864) (default)
2023-01-19 14:38:40,471 [grpc-default-executor-4] TRACE client.GrpcClientProtocolClient (GrpcClientProtocolClient.java:onNext(311)) - client-9DB8F4B41E40->s2: receive RaftClientReply:client-9DB8F4B41E40->s2@group-768B129E9DAC, cid=0, SUCCESS, logIndex=0, commits[s2:c0, s0:c0, s1:c0]
2023-01-19 14:38:40,514 [s2@group-768B129E9DAC-StateMachineUpdater] INFO  impl.SimpleStateMachine4Testing (SimpleStateMachine4Testing.java:put(205)) - s2: put 1, testing -> (t:1, i:1), STATEMACHINELOGENTRY, 1@client-9DB8F4B41E40
2023-01-19 14:38:40,518 [grpc-default-executor-4] TRACE client.GrpcClientProtocolClient (GrpcClientProtocolClient.java:onNext(311)) - client-9DB8F4B41E40->s2: receive RaftClientReply:client-9DB8F4B41E40->s2@group-768B129E9DAC, cid=1, SUCCESS, logIndex=1, commits[s2:c1, s0:c0, s1:c0]
2023-01-19 14:38:40,525 [s1@group-768B129E9DAC-StateMachineUpdater] INFO  impl.SimpleStateMachine4Testing (SimpleStateMachine4Testing.java:put(205)) - s1: put 1, testing -> (t:1, i:1), STATEMACHINELOGENTRY, 1@client-9DB8F4B41E40
2023-01-19 14:38:40,525 [s0@group-768B129E9DAC-StateMachineUpdater] INFO  impl.SimpleStateMachine4Testing (SimpleStateMachine4Testing.java:put(205)) - s0: put 1, testing -> (t:1, i:1), STATEMACHINELOGENTRY, 1@client-9DB8F4B41E40
2023-01-19 14:38:40,533 [Time-limited test] INFO  impl.MiniRaftCluster (MiniRaftCluster.java:shutdown(831)) - ************************************************************** 
2023-01-19 14:38:40,533 [Time-limited test] INFO  impl.MiniRaftCluster (MiniRaftCluster.java:shutdown(832)) - *** 
2023-01-19 14:38:40,533 [Time-limited test] INFO  impl.MiniRaftCluster (MiniRaftCluster.java:shutdown(833)) - ***     Stopping MiniRaftClusterWithGrpc
2023-01-19 14:38:40,533 [Time-limited test] INFO  impl.MiniRaftCluster (MiniRaftCluster.java:shutdown(834)) - *** 
2023-01-19 14:38:40,533 [Time-limited test] INFO  impl.MiniRaftCluster (MiniRaftCluster.java:shutdown(835)) - ************************************************************** 
2023-01-19 14:38:40,534 [Time-limited test] INFO  impl.MiniRaftCluster (MiniRaftCluster.java:shutdown(836)) - printing ALL groups
  s0:  RUNNING  FOLLOWER s0@group-768B129E9DAC:t1, leader=s2, voted=s2, raftlog=Memoized:s0@group-768B129E9DAC-SegmentedRaftLog:OPENED:c1, conf=0: peers:[s0|rpc:localhost:37101|admin:localhost:34901|client:localhost:41987|dataStream:localhost:35177|priority:0|startupRole:FOLLOWER, s1|rpc:localhost:37711|admin:localhost:38053|client:localhost:44313|dataStream:localhost:39539|priority:0|startupRole:FOLLOWER, s2|rpc:localhost:38829|admin:localhost:34203|client:localhost:44949|dataStream:localhost:38579|priority:0|startupRole:FOLLOWER]|listeners:[], old=null RUNNING
  s1:  RUNNING  FOLLOWER s1@group-768B129E9DAC:t1, leader=s2, voted=s1, raftlog=Memoized:s1@group-768B129E9DAC-SegmentedRaftLog:OPENED:c1, conf=0: peers:[s0|rpc:localhost:37101|admin:localhost:34901|client:localhost:41987|dataStream:localhost:35177|priority:0|startupRole:FOLLOWER, s1|rpc:localhost:37711|admin:localhost:38053|client:localhost:44313|dataStream:localhost:39539|priority:0|startupRole:FOLLOWER, s2|rpc:localhost:38829|admin:localhost:34203|client:localhost:44949|dataStream:localhost:38579|priority:0|startupRole:FOLLOWER]|listeners:[], old=null RUNNING
  s2:  RUNNING    LEADER s2@group-768B129E9DAC:t1, leader=s2, voted=s2, raftlog=Memoized:s2@group-768B129E9DAC-SegmentedRaftLog:OPENED:c2, conf=0: peers:[s0|rpc:localhost:37101|admin:localhost:34901|client:localhost:41987|dataStream:localhost:35177|priority:0|startupRole:FOLLOWER, s1|rpc:localhost:37711|admin:localhost:38053|client:localhost:44313|dataStream:localhost:39539|priority:0|startupRole:FOLLOWER, s2|rpc:localhost:38829|admin:localhost:34203|client:localhost:44949|dataStream:localhost:38579|priority:0|startupRole:FOLLOWER]|listeners:[], old=null RUNNING
2023-01-19 14:38:40,538 [MiniRaftCluster-2] INFO  server.RaftServer (RaftServerProxy.java:lambda$close$7(412)) - s1: close
2023-01-19 14:38:40,540 [MiniRaftCluster-3] INFO  server.RaftServer (RaftServerProxy.java:lambda$close$7(412)) - s2: close
2023-01-19 14:38:40,543 [s1-impl-thread1] INFO  server.RaftServer$Division (RaftServerImpl.java:lambda$close$4(462)) - s1@group-768B129E9DAC: shutdown
2023-01-19 14:38:40,544 [s1-impl-thread1] INFO  util.JmxRegister (JmxRegister.java:unregister(73)) - Successfully un-registered JMX Bean with object name Ratis:service=RaftServer,group=group-768B129E9DAC,id=s1
2023-01-19 14:38:40,544 [s1-impl-thread1] INFO  impl.RoleInfo (RoleInfo.java:shutdownFollowerState(110)) - s1: shutdown s1@group-768B129E9DAC-FollowerState
2023-01-19 14:38:40,544 [s1-impl-thread1] INFO  impl.StateMachineUpdater (StateMachineUpdater.java:stopAndJoin(154)) - s1@group-768B129E9DAC-StateMachineUpdater: set stopIndex = 1
2023-01-19 14:38:40,544 [s1@group-768B129E9DAC-FollowerState] INFO  impl.FollowerState (FollowerState.java:run(152)) - s1@group-768B129E9DAC-FollowerState was interrupted
2023-01-19 14:38:40,542 [MiniRaftCluster-1] INFO  server.RaftServer (RaftServerProxy.java:lambda$close$7(412)) - s0: close
2023-01-19 14:38:40,547 [s1-impl-thread1] INFO  server.RaftServer$Division (ServerState.java:close(414)) - s1@group-768B129E9DAC: applyIndex: 1
2023-01-19 14:38:40,547 [MiniRaftCluster-1] INFO  server.GrpcService (GrpcService.java:closeImpl(311)) - s0: shutdown server org.apache.ratis.grpc.server.GrpcClientProtocolService now
2023-01-19 14:38:40,548 [s0-impl-thread1] INFO  server.RaftServer$Division (RaftServerImpl.java:lambda$close$4(462)) - s0@group-768B129E9DAC: shutdown
2023-01-19 14:38:40,548 [s0-impl-thread1] INFO  util.JmxRegister (JmxRegister.java:unregister(73)) - Successfully un-registered JMX Bean with object name Ratis:service=RaftServer,group=group-768B129E9DAC,id=s0
2023-01-19 14:38:40,548 [s0-impl-thread1] INFO  impl.RoleInfo (RoleInfo.java:shutdownFollowerState(110)) - s0: shutdown s0@group-768B129E9DAC-FollowerState
2023-01-19 14:38:40,548 [s1@group-768B129E9DAC-SegmentedRaftLogWorker] INFO  segmented.SegmentedRaftLogWorker (SegmentedRaftLogWorker.java:run(334)) - s1@group-768B129E9DAC-SegmentedRaftLogWorker was interrupted, exiting. There are 0 tasks remaining in the queue.
2023-01-19 14:38:40,549 [s0@group-768B129E9DAC-FollowerState] INFO  impl.FollowerState (FollowerState.java:run(152)) - s0@group-768B129E9DAC-FollowerState was interrupted
2023-01-19 14:38:40,544 [MiniRaftCluster-2] INFO  server.GrpcService (GrpcService.java:closeImpl(311)) - s1: shutdown server org.apache.ratis.grpc.server.GrpcClientProtocolService now
2023-01-19 14:38:40,551 [MiniRaftCluster-3] INFO  server.GrpcService (GrpcService.java:closeImpl(311)) - s2: shutdown server org.apache.ratis.grpc.server.GrpcClientProtocolService now
2023-01-19 14:38:40,551 [s2-impl-thread1] INFO  server.RaftServer$Division (RaftServerImpl.java:lambda$close$4(462)) - s2@group-768B129E9DAC: shutdown
2023-01-19 14:38:40,551 [s2-impl-thread1] INFO  util.JmxRegister (JmxRegister.java:unregister(73)) - Successfully un-registered JMX Bean with object name Ratis:service=RaftServer,group=group-768B129E9DAC,id=s2
2023-01-19 14:38:40,552 [s2-impl-thread1] INFO  impl.RoleInfo (RoleInfo.java:shutdownLeaderState(93)) - s2: shutdown s2@group-768B129E9DAC-LeaderStateImpl
2023-01-19 14:38:40,552 [s2@group-768B129E9DAC->s0-GrpcLogAppender-LogAppenderDaemon] WARN  server.GrpcLogAppender (GrpcLogAppender.java:mayWait(199)) - s2@group-768B129E9DAC->s0-GrpcLogAppender: Wait interrupted by java.lang.InterruptedException
2023-01-19 14:38:40,548 [s0-impl-thread1] INFO  impl.StateMachineUpdater (StateMachineUpdater.java:stopAndJoin(154)) - s0@group-768B129E9DAC-StateMachineUpdater: set stopIndex = 1
2023-01-19 14:38:40,552 [s0-impl-thread1] INFO  server.RaftServer$Division (ServerState.java:close(414)) - s0@group-768B129E9DAC: applyIndex: 1
2023-01-19 14:38:40,553 [s0@group-768B129E9DAC-SegmentedRaftLogWorker] INFO  segmented.SegmentedRaftLogWorker (SegmentedRaftLogWorker.java:run(334)) - s0@group-768B129E9DAC-SegmentedRaftLogWorker was interrupted, exiting. There are 0 tasks remaining in the queue.
2023-01-19 14:38:40,554 [grpc-default-executor-11] INFO  server.GrpcServerProtocolService (GrpcServerProtocolService.java:onCompleted(143)) - s0: Completed APPEND_ENTRIES, lastRequest: s2->s0#15-t1,previous=(t:1, i:1),leaderCommit=1,initializing? true,entries: size=1, first=(t:1, i:2), METADATAENTRY(c:1)
2023-01-19 14:38:40,552 [s2-impl-thread1] INFO  impl.PendingRequests (PendingRequests.java:sendNotLeaderResponses(282)) - s2@group-768B129E9DAC-PendingRequests: sendNotLeaderResponses
2023-01-19 14:38:40,552 [s2@group-768B129E9DAC->s1-GrpcLogAppender-LogAppenderDaemon] WARN  server.GrpcLogAppender (GrpcLogAppender.java:mayWait(199)) - s2@group-768B129E9DAC->s1-GrpcLogAppender: Wait interrupted by java.lang.InterruptedException
2023-01-19 14:38:40,557 [s1-impl-thread1] INFO  segmented.SegmentedRaftLogWorker (SegmentedRaftLogWorker.java:close(247)) - s1@group-768B129E9DAC-SegmentedRaftLogWorker close()
2023-01-19 14:38:40,557 [grpc-default-executor-9] INFO  server.GrpcServerProtocolService (GrpcServerProtocolService.java:onCompleted(143)) - s1: Completed APPEND_ENTRIES, lastRequest: s2->s1#16-t1,previous=(t:1, i:1),leaderCommit=1,initializing? true,entries: size=1, first=(t:1, i:2), METADATAENTRY(c:1)
2023-01-19 14:38:40,555 [grpc-default-executor-4] INFO  server.GrpcLogAppender (GrpcLogAppender.java:onCompleted(413)) - s2@group-768B129E9DAC->s0-AppendLogResponseHandler: follower responses appendEntries COMPLETED
2023-01-19 14:38:40,560 [grpc-default-executor-4] INFO  leader.FollowerInfo (FollowerInfoImpl.java:lambda$new$0(48)) - s2@group-768B129E9DAC->s0: nextIndex: updateUnconditionally 3 -> 2
2023-01-19 14:38:40,561 [grpc-default-executor-9] INFO  server.GrpcLogAppender (GrpcLogAppender.java:onCompleted(413)) - s2@group-768B129E9DAC->s1-AppendLogResponseHandler: follower responses appendEntries COMPLETED
2023-01-19 14:38:40,565 [s0-impl-thread1] INFO  segmented.SegmentedRaftLogWorker (SegmentedRaftLogWorker.java:close(247)) - s0@group-768B129E9DAC-SegmentedRaftLogWorker close()
2023-01-19 14:38:40,566 [MiniRaftCluster-2] INFO  server.GrpcServerProtocolClient (GrpcServerProtocolClient.java:close(101)) - s0 Close channels
2023-01-19 14:38:40,569 [MiniRaftCluster-3] INFO  server.GrpcServerProtocolClient (GrpcServerProtocolClient.java:close(101)) - s0 Close channels
2023-01-19 14:38:40,562 [grpc-default-executor-9] INFO  leader.FollowerInfo (FollowerInfoImpl.java:lambda$new$0(48)) - s2@group-768B129E9DAC->s1: nextIndex: updateUnconditionally 3 -> 2
2023-01-19 14:38:40,581 [MiniRaftCluster-1] INFO  server.GrpcServerProtocolClient (GrpcServerProtocolClient.java:close(101)) - s1 Close channels
2023-01-19 14:38:40,583 [s2-impl-thread1] INFO  impl.StateMachineUpdater (StateMachineUpdater.java:stopAndJoin(154)) - s2@group-768B129E9DAC-StateMachineUpdater: set stopIndex = 2
2023-01-19 14:38:40,584 [MiniRaftCluster-1] INFO  server.GrpcServerProtocolClient (GrpcServerProtocolClient.java:close(101)) - s2 Close channels
2023-01-19 14:38:40,584 [MiniRaftCluster-2] INFO  server.GrpcServerProtocolClient (GrpcServerProtocolClient.java:close(101)) - s2 Close channels
2023-01-19 14:38:40,584 [MiniRaftCluster-3] INFO  server.GrpcServerProtocolClient (GrpcServerProtocolClient.java:close(101)) - s1 Close channels
2023-01-19 14:38:40,584 [MiniRaftCluster-1] INFO  server.GrpcService (GrpcService.java:closeImpl(320)) - s0: shutdown server org.apache.ratis.grpc.server.GrpcClientProtocolService successfully
2023-01-19 14:38:40,586 [MiniRaftCluster-1] INFO  server.GrpcService (GrpcService.java:closeImpl(311)) - s0: shutdown server GrpcServerProtocolService now
2023-01-19 14:38:40,585 [s2-impl-thread1] INFO  server.RaftServer$Division (ServerState.java:close(414)) - s2@group-768B129E9DAC: applyIndex: 2
2023-01-19 14:38:40,586 [s2@group-768B129E9DAC-SegmentedRaftLogWorker] INFO  segmented.SegmentedRaftLogWorker (SegmentedRaftLogWorker.java:run(334)) - s2@group-768B129E9DAC-SegmentedRaftLogWorker was interrupted, exiting. There are 0 tasks remaining in the queue.
2023-01-19 14:38:40,585 [MiniRaftCluster-2] INFO  server.GrpcService (GrpcService.java:closeImpl(320)) - s1: shutdown server org.apache.ratis.grpc.server.GrpcClientProtocolService successfully
2023-01-19 14:38:40,587 [MiniRaftCluster-2] INFO  server.GrpcService (GrpcService.java:closeImpl(311)) - s1: shutdown server GrpcServerProtocolService now
2023-01-19 14:38:40,589 [MiniRaftCluster-3] INFO  server.GrpcService (GrpcService.java:closeImpl(320)) - s2: shutdown server org.apache.ratis.grpc.server.GrpcClientProtocolService successfully
2023-01-19 14:38:40,589 [MiniRaftCluster-3] INFO  server.GrpcService (GrpcService.java:closeImpl(311)) - s2: shutdown server GrpcServerProtocolService now
2023-01-19 14:38:40,590 [MiniRaftCluster-1] INFO  server.GrpcService (GrpcService.java:closeImpl(320)) - s0: shutdown server GrpcServerProtocolService successfully
2023-01-19 14:38:40,590 [MiniRaftCluster-1] INFO  server.GrpcService (GrpcService.java:closeImpl(311)) - s0: shutdown server org.apache.ratis.grpc.server.GrpcAdminProtocolService now
2023-01-19 14:38:40,591 [MiniRaftCluster-3] INFO  server.GrpcService (GrpcService.java:closeImpl(320)) - s2: shutdown server GrpcServerProtocolService successfully
2023-01-19 14:38:40,591 [MiniRaftCluster-3] INFO  server.GrpcService (GrpcService.java:closeImpl(311)) - s2: shutdown server org.apache.ratis.grpc.server.GrpcAdminProtocolService now
2023-01-19 14:38:40,597 [s2-impl-thread1] INFO  segmented.SegmentedRaftLogWorker (SegmentedRaftLogWorker.java:close(247)) - s2@group-768B129E9DAC-SegmentedRaftLogWorker close()
2023-01-19 14:38:40,597 [MiniRaftCluster-1] INFO  server.GrpcService (GrpcService.java:closeImpl(320)) - s0: shutdown server org.apache.ratis.grpc.server.GrpcAdminProtocolService successfully
2023-01-19 14:38:40,598 [JvmPauseMonitor0] INFO  util.JvmPauseMonitor (JvmPauseMonitor.java:run(111)) - JvmPauseMonitor-s0: Stopped
2023-01-19 14:38:40,599 [MiniRaftCluster-2] INFO  server.GrpcService (GrpcService.java:closeImpl(320)) - s1: shutdown server GrpcServerProtocolService successfully
2023-01-19 14:38:40,600 [MiniRaftCluster-2] INFO  server.GrpcService (GrpcService.java:closeImpl(311)) - s1: shutdown server org.apache.ratis.grpc.server.GrpcAdminProtocolService now
2023-01-19 14:38:40,601 [MiniRaftCluster-3] INFO  server.GrpcService (GrpcService.java:closeImpl(320)) - s2: shutdown server org.apache.ratis.grpc.server.GrpcAdminProtocolService successfully
2023-01-19 14:38:40,607 [MiniRaftCluster-2] INFO  server.GrpcService (GrpcService.java:closeImpl(320)) - s1: shutdown server org.apache.ratis.grpc.server.GrpcAdminProtocolService successfully
2023-01-19 14:38:40,608 [JvmPauseMonitor1] INFO  util.JvmPauseMonitor (JvmPauseMonitor.java:run(111)) - JvmPauseMonitor-s1: Stopped
2023-01-19 14:38:40,608 [JvmPauseMonitor2] INFO  util.JvmPauseMonitor (JvmPauseMonitor.java:run(111)) - JvmPauseMonitor-s2: Stopped
2023-01-19 14:38:40,609 [Time-limited test] INFO  impl.MiniRaftCluster (MiniRaftCluster.java:shutdown(855)) - MiniRaftClusterWithGrpc shutdown completed
]]></system-out>
  </testcase>
  <testcase name="testTlsWithKeyAndTrustManager[0]" classname="org.apache.ratis.grpc.TestRaftServerWithGrpc" time="2.858"/>
  <testcase name="testRaftServerMetrics[0]" classname="org.apache.ratis.grpc.TestRaftServerWithGrpc" time="1.239"/>
  <testcase name="testUnsupportedMethods[0]" classname="org.apache.ratis.grpc.TestRaftServerWithGrpc" time="0.5"/>
  <testcase name="testServerRestartOnException[0]" classname="org.apache.ratis.grpc.TestRaftServerWithGrpc" time="4.529"/>
  <testcase name="testLeaderRestart[0]" classname="org.apache.ratis.grpc.TestRaftServerWithGrpc" time="5.511"/>
  <testcase name="testRaftClientMetrics[1]" classname="org.apache.ratis.grpc.TestRaftServerWithGrpc" time="4.804"/>
  <testcase name="testTlsWithKeyAndTrustManager[1]" classname="org.apache.ratis.grpc.TestRaftServerWithGrpc" time="1.595"/>
  <testcase name="testRaftServerMetrics[1]" classname="org.apache.ratis.grpc.TestRaftServerWithGrpc" time="0.853"/>
  <testcase name="testUnsupportedMethods[1]" classname="org.apache.ratis.grpc.TestRaftServerWithGrpc" time="0.577"/>
  <testcase name="testServerRestartOnException[1]" classname="org.apache.ratis.grpc.TestRaftServerWithGrpc" time="4.517"/>
  <testcase name="testLeaderRestart[1]" classname="org.apache.ratis.grpc.TestRaftServerWithGrpc" time="5.457"/>
</testsuite>