<?xml version="1.0" encoding="UTF-8"?>
<testsuite xmlns:xsi="http://www.w3.org/2001/XMLSchema-instance" xsi:noNamespaceSchemaLocation="https://maven.apache.org/surefire/maven-surefire-plugin/xsd/surefire-test-report.xsd" name="org.apache.ratis.grpc.TestRaftStateMachineExceptionWithGrpc" time="9.195" tests="3" errors="0" skipped="0" failures="1">
  <properties>
    <property name="awt.toolkit" value="sun.awt.X11.XToolkit"/>
    <property name="java.specification.version" value="11"/>
    <property name="sun.cpu.isalist" value=""/>
    <property name="sun.jnu.encoding" value="UTF-8"/>
    <property name="java.class.path" value="/home/runner/work/ratis/ratis/ratis-test/target/test-classes:/home/runner/work/ratis/ratis/ratis-test/target/classes:/home/runner/work/ratis/ratis/ratis-common/target/classes:/home/runner/.m2/repository/org/apache/ratis/ratis-thirdparty-misc/1.0.3/ratis-thirdparty-misc-1.0.3.jar:/home/runner/work/ratis/ratis/ratis-proto/target/ratis-proto-3.0.0-SNAPSHOT.jar:/home/runner/work/ratis/ratis/ratis-common/target/test-classes:/home/runner/work/ratis/ratis/ratis-client/target/classes:/home/runner/work/ratis/ratis/ratis-server/target/classes:/home/runner/work/ratis/ratis/ratis-server-api/target/classes:/home/runner/work/ratis/ratis/ratis-metrics-api/target/classes:/home/runner/work/ratis/ratis/ratis-server/target/test-classes:/home/runner/work/ratis/ratis/ratis-metrics-default/target/classes:/home/runner/work/ratis/ratis/ratis-netty/target/classes:/home/runner/work/ratis/ratis/ratis-netty/target/test-classes:/home/runner/work/ratis/ratis/ratis-grpc/target/classes:/home/runner/work/ratis/ratis/ratis-grpc/target/test-classes:/home/runner/.m2/repository/org/slf4j/slf4j-api/1.7.29/slf4j-api-1.7.29.jar:/home/runner/.m2/repository/org/slf4j/slf4j-log4j12/1.7.29/slf4j-log4j12-1.7.29.jar:/home/runner/.m2/repository/log4j/log4j/1.2.17/log4j-1.2.17.jar:/home/runner/.m2/repository/junit/junit/4.13.2/junit-4.13.2.jar:/home/runner/.m2/repository/org/hamcrest/hamcrest-core/1.3/hamcrest-core-1.3.jar:/home/runner/.m2/repository/org/mockito/mockito-core/4.3.1/mockito-core-4.3.1.jar:/home/runner/.m2/repository/net/bytebuddy/byte-buddy/1.12.7/byte-buddy-1.12.7.jar:/home/runner/.m2/repository/net/bytebuddy/byte-buddy-agent/1.12.7/byte-buddy-agent-1.12.7.jar:/home/runner/.m2/repository/org/objenesis/objenesis/3.2/objenesis-3.2.jar:/home/runner/work/ratis/ratis/ratis-shell/target/classes:/home/runner/.m2/repository/commons-cli/commons-cli/1.5.0/commons-cli-1.5.0.jar:/home/runner/.m2/repository/org/slf4j/slf4j-simple/1.7.29/slf4j-simple-1.7.29.jar:/home/runner/.m2/repository/org/reflections/reflections/0.10.2/reflections-0.10.2.jar:/home/runner/.m2/repository/org/javassist/javassist/3.28.0-GA/javassist-3.28.0-GA.jar:/home/runner/.m2/repository/com/google/code/findbugs/jsr305/3.0.2/jsr305-3.0.2.jar:"/>
    <property name="java.vm.vendor" value="Eclipse Adoptium"/>
    <property name="sun.arch.data.model" value="64"/>
    <property name="java.vendor.url" value="https://adoptium.net/"/>
    <property name="user.timezone" value=""/>
    <property name="java.vm.specification.version" value="11"/>
    <property name="os.name" value="Linux"/>
    <property name="sun.java.launcher" value="SUN_STANDARD"/>
    <property name="sun.boot.library.path" value="/usr/lib/jvm/temurin-11-jdk-amd64/lib"/>
    <property name="sun.java.command" value="/home/runner/work/ratis/ratis/ratis-test/target/surefire/surefirebooter2850265292717712649.jar /home/runner/work/ratis/ratis/ratis-test/target/surefire 2022-11-08T19-08-37_552-jvmRun1 surefire10646540545009551788tmp surefire_44217767638066095380tmp"/>
    <property name="jdk.debug" value="release"/>
    <property name="surefire.test.class.path" value="/home/runner/work/ratis/ratis/ratis-test/target/test-classes:/home/runner/work/ratis/ratis/ratis-test/target/classes:/home/runner/work/ratis/ratis/ratis-common/target/classes:/home/runner/.m2/repository/org/apache/ratis/ratis-thirdparty-misc/1.0.3/ratis-thirdparty-misc-1.0.3.jar:/home/runner/work/ratis/ratis/ratis-proto/target/ratis-proto-3.0.0-SNAPSHOT.jar:/home/runner/work/ratis/ratis/ratis-common/target/test-classes:/home/runner/work/ratis/ratis/ratis-client/target/classes:/home/runner/work/ratis/ratis/ratis-server/target/classes:/home/runner/work/ratis/ratis/ratis-server-api/target/classes:/home/runner/work/ratis/ratis/ratis-metrics-api/target/classes:/home/runner/work/ratis/ratis/ratis-server/target/test-classes:/home/runner/work/ratis/ratis/ratis-metrics-default/target/classes:/home/runner/work/ratis/ratis/ratis-netty/target/classes:/home/runner/work/ratis/ratis/ratis-netty/target/test-classes:/home/runner/work/ratis/ratis/ratis-grpc/target/classes:/home/runner/work/ratis/ratis/ratis-grpc/target/test-classes:/home/runner/.m2/repository/org/slf4j/slf4j-api/1.7.29/slf4j-api-1.7.29.jar:/home/runner/.m2/repository/org/slf4j/slf4j-log4j12/1.7.29/slf4j-log4j12-1.7.29.jar:/home/runner/.m2/repository/log4j/log4j/1.2.17/log4j-1.2.17.jar:/home/runner/.m2/repository/junit/junit/4.13.2/junit-4.13.2.jar:/home/runner/.m2/repository/org/hamcrest/hamcrest-core/1.3/hamcrest-core-1.3.jar:/home/runner/.m2/repository/org/mockito/mockito-core/4.3.1/mockito-core-4.3.1.jar:/home/runner/.m2/repository/net/bytebuddy/byte-buddy/1.12.7/byte-buddy-1.12.7.jar:/home/runner/.m2/repository/net/bytebuddy/byte-buddy-agent/1.12.7/byte-buddy-agent-1.12.7.jar:/home/runner/.m2/repository/org/objenesis/objenesis/3.2/objenesis-3.2.jar:/home/runner/work/ratis/ratis/ratis-shell/target/classes:/home/runner/.m2/repository/commons-cli/commons-cli/1.5.0/commons-cli-1.5.0.jar:/home/runner/.m2/repository/org/slf4j/slf4j-simple/1.7.29/slf4j-simple-1.7.29.jar:/home/runner/.m2/repository/org/reflections/reflections/0.10.2/reflections-0.10.2.jar:/home/runner/.m2/repository/org/javassist/javassist/3.28.0-GA/javassist-3.28.0-GA.jar:/home/runner/.m2/repository/com/google/code/findbugs/jsr305/3.0.2/jsr305-3.0.2.jar:"/>
    <property name="sun.cpu.endian" value="little"/>
    <property name="user.home" value="/home/runner"/>
    <property name="user.language" value="en"/>
    <property name="java.specification.vendor" value="Oracle Corporation"/>
    <property name="java.version.date" value="2022-08-12"/>
    <property name="java.home" value="/usr/lib/jvm/temurin-11-jdk-amd64"/>
    <property name="file.separator" value="/"/>
    <property name="basedir" value="/home/runner/work/ratis/ratis/ratis-test"/>
    <property name="java.vm.compressedOopsMode" value="32-bit"/>
    <property name="line.separator" value="&#10;"/>
    <property name="java.specification.name" value="Java Platform API Specification"/>
    <property name="java.vm.specification.vendor" value="Oracle Corporation"/>
    <property name="java.awt.graphicsenv" value="sun.awt.X11GraphicsEnvironment"/>
    <property name="surefire.real.class.path" value="/home/runner/work/ratis/ratis/ratis-test/target/surefire/surefirebooter2850265292717712649.jar"/>
    <property name="sun.management.compiler" value="HotSpot 64-Bit Tiered Compilers"/>
    <property name="java.runtime.version" value="11.0.16.1+1"/>
    <property name="user.name" value="runner"/>
    <property name="java.net.preferIPv4Stack" value="true"/>
    <property name="path.separator" value=":"/>
    <property name="os.version" value="5.15.0-1022-azure"/>
    <property name="java.runtime.name" value="OpenJDK Runtime Environment"/>
    <property name="file.encoding" value="UTF-8"/>
    <property name="java.vm.name" value="OpenJDK 64-Bit Server VM"/>
    <property name="java.vendor.version" value="Temurin-11.0.16.1+1"/>
    <property name="localRepository" value="/home/runner/.m2/repository"/>
    <property name="java.vendor.url.bug" value="https://github.com/adoptium/adoptium-support/issues"/>
    <property name="java.io.tmpdir" value="/tmp"/>
    <property name="java.version" value="11.0.16.1"/>
    <property name="user.dir" value="/home/runner/work/ratis/ratis/ratis-test"/>
    <property name="os.arch" value="amd64"/>
    <property name="ratis.tmp.dir" value="/home/runner/work/ratis/ratis/ratis-test/target/tmp"/>
    <property name="java.vm.specification.name" value="Java Virtual Machine Specification"/>
    <property name="java.awt.printerjob" value="sun.print.PSPrinterJob"/>
    <property name="ratis.log.dir" value="/home/runner/work/ratis/ratis/ratis-test/target/log"/>
    <property name="sun.os.patch.level" value="unknown"/>
    <property name="java.library.path" value="/usr/java/packages/lib:/usr/lib64:/lib64:/lib:/usr/lib"/>
    <property name="java.vm.info" value="mixed mode"/>
    <property name="java.vendor" value="Eclipse Adoptium"/>
    <property name="java.vm.version" value="11.0.16.1+1"/>
    <property name="sun.io.unicode.encoding" value="UnicodeLittle"/>
    <property name="java.class.version" value="55.0"/>
  </properties>
  <testcase name="testRetryOnStateMachineException" classname="org.apache.ratis.grpc.TestRaftStateMachineExceptionWithGrpc" time="7.228">
    <failure type="java.lang.AssertionError">java.lang.AssertionError
	at org.junit.Assert.fail(Assert.java:87)
	at org.junit.Assert.assertTrue(Assert.java:42)
	at org.junit.Assert.assertNotNull(Assert.java:713)
	at org.junit.Assert.assertNotNull(Assert.java:723)
	at org.apache.ratis.server.impl.RaftStateMachineExceptionTests.lambda$runTestRetryOnStateMachineException$0(RaftStateMachineExceptionTests.java:133)
	at org.apache.ratis.util.JavaUtils.attempt(JavaUtils.java:211)
	at org.apache.ratis.util.JavaUtils.attemptRepeatedly(JavaUtils.java:197)
	at org.apache.ratis.server.impl.RaftStateMachineExceptionTests.runTestRetryOnStateMachineException(RaftStateMachineExceptionTests.java:132)
	at org.apache.ratis.server.impl.MiniRaftCluster$Factory$Get.runWithNewCluster(MiniRaftCluster.java:141)
	at org.apache.ratis.server.impl.MiniRaftCluster$Factory$Get.runWithNewCluster(MiniRaftCluster.java:121)
	at org.apache.ratis.server.impl.RaftStateMachineExceptionTests.testRetryOnStateMachineException(RaftStateMachineExceptionTests.java:102)
	at java.base/jdk.internal.reflect.NativeMethodAccessorImpl.invoke0(Native Method)
	at java.base/jdk.internal.reflect.NativeMethodAccessorImpl.invoke(NativeMethodAccessorImpl.java:62)
	at java.base/jdk.internal.reflect.DelegatingMethodAccessorImpl.invoke(DelegatingMethodAccessorImpl.java:43)
	at java.base/java.lang.reflect.Method.invoke(Method.java:566)
	at org.junit.runners.model.FrameworkMethod$1.runReflectiveCall(FrameworkMethod.java:59)
	at org.junit.internal.runners.model.ReflectiveCallable.run(ReflectiveCallable.java:12)
	at org.junit.runners.model.FrameworkMethod.invokeExplosively(FrameworkMethod.java:56)
	at org.junit.internal.runners.statements.InvokeMethod.evaluate(InvokeMethod.java:17)
	at org.junit.internal.runners.statements.RunAfters.evaluate(RunAfters.java:27)
	at org.junit.internal.runners.statements.FailOnTimeout$CallableStatement.call(FailOnTimeout.java:299)
	at org.junit.internal.runners.statements.FailOnTimeout$CallableStatement.call(FailOnTimeout.java:293)
	at java.base/java.util.concurrent.FutureTask.run(FutureTask.java:264)
	at java.base/java.lang.Thread.run(Thread.java:829)
</failure>
    <system-out><![CDATA[2022-11-08 19:12:03,951 [main] INFO  util.LogUtils (Slf4jUtils.java:setLogLevel(33)) - Set org.apache.ratis.conf.ConfUtils log level to WARN
2022-11-08 19:12:03,956 [main] INFO  util.LogUtils (Slf4jUtils.java:setLogLevel(33)) - Set org.apache.ratis.util.FileUtils log level to TRACE
2022-11-08 19:12:03,959 [main] INFO  util.LogUtils (Slf4jUtils.java:setLogLevel(33)) - Set org.apache.ratis.server.RaftServer$Division log level to DEBUG
2022-11-08 19:12:03,960 [main] INFO  util.LogUtils (Slf4jUtils.java:setLogLevel(33)) - Set org.apache.ratis.server.raftlog.RaftLog log level to DEBUG
2022-11-08 19:12:03,960 [main] INFO  util.LogUtils (Slf4jUtils.java:setLogLevel(33)) - Set org.apache.ratis.client.RaftClient log level to DEBUG
2022-11-08 19:12:03,973 [Time-limited test] INFO  impl.MiniRaftCluster (MiniRaftCluster.java:runWithNewCluster(135)) - Running runWithNewCluster
2022-11-08 19:12:04,028 [Time-limited test] INFO  impl.MiniRaftCluster (MiniRaftCluster.java:<init>(306)) - new MiniRaftClusterWithGrpc with group-EA982605F2E5:[s0|rpc:localhost:34297|admin:localhost:37077|client:localhost:39609|dataStream:localhost:43983|priority:0|startupRole:FOLLOWER, s1|rpc:localhost:38917|admin:localhost:40635|client:localhost:36975|dataStream:localhost:45719|priority:0|startupRole:FOLLOWER, s2|rpc:localhost:35511|admin:localhost:36791|client:localhost:42865|dataStream:localhost:38827|priority:0|startupRole:FOLLOWER]
2022-11-08 19:12:04,029 [Time-limited test] INFO  impl.MiniRaftCluster (MiniRaftCluster.java:start(339)) - .............................................................. 
2022-11-08 19:12:04,029 [Time-limited test] INFO  impl.MiniRaftCluster (MiniRaftCluster.java:start(340)) - ... 
2022-11-08 19:12:04,029 [Time-limited test] INFO  impl.MiniRaftCluster (MiniRaftCluster.java:start(341)) - ...     Starting MiniRaftClusterWithGrpc
2022-11-08 19:12:04,029 [Time-limited test] INFO  impl.MiniRaftCluster (MiniRaftCluster.java:start(342)) - ... 
2022-11-08 19:12:04,030 [Time-limited test] INFO  impl.MiniRaftCluster (MiniRaftCluster.java:start(343)) - .............................................................. 
2022-11-08 19:12:04,030 [Time-limited test] INFO  impl.MiniRaftCluster (MiniRaftCluster.java:initServers(318)) - servers = {}
2022-11-08 19:12:04,034 [Time-limited test] INFO  impl.MiniRaftCluster (MiniRaftCluster.java:newRaftServer(382)) - newRaftServer: s0, group-EA982605F2E5:[s0|rpc:localhost:34297|admin:localhost:37077|client:localhost:39609|dataStream:localhost:43983|priority:0|startupRole:FOLLOWER, s1|rpc:localhost:38917|admin:localhost:40635|client:localhost:36975|dataStream:localhost:45719|priority:0|startupRole:FOLLOWER, s2|rpc:localhost:35511|admin:localhost:36791|client:localhost:42865|dataStream:localhost:38827|priority:0|startupRole:FOLLOWER], format? true
2022-11-08 19:12:04,035 [Time-limited test] TRACE util.FileUtils (FileUtils.java:deleteFully(170)) - deleteFully target/test/data/39edf034/MiniRaftClusterWithGrpc1caade96/s0
2022-11-08 19:12:04,036 [Time-limited test] TRACE util.FileUtils (FileUtils.java:deleteFully(186)) - deleteFully: target/test/data/39edf034/MiniRaftClusterWithGrpc1caade96/s0 does not exist.
2022-11-08 19:12:04,038 [Time-limited test] INFO  impl.MiniRaftCluster (MiniRaftCluster.java:newRaftServer(387)) - Formatted directory target/test/data/39edf034/MiniRaftClusterWithGrpc1caade96/s0
2022-11-08 19:12:04,071 [Time-limited test] INFO  server.RaftServer (ConfUtils.java:logGet(46)) - raft.rpc.type = GRPC (default)
2022-11-08 19:12:04,145 [Time-limited test] INFO  grpc.GrpcConfigKeys (ConfUtils.java:logFallback(53)) - raft.grpc.admin.host = null (fallback to raft.grpc.server.host)
2022-11-08 19:12:04,154 [Time-limited test] INFO  grpc.GrpcConfigKeys (ConfUtils.java:logGet(46)) - raft.grpc.admin.port = 37077 (custom)
2022-11-08 19:12:04,155 [Time-limited test] INFO  grpc.GrpcConfigKeys (ConfUtils.java:logFallback(53)) - raft.grpc.client.host = null (fallback to raft.grpc.server.host)
2022-11-08 19:12:04,155 [Time-limited test] INFO  grpc.GrpcConfigKeys (ConfUtils.java:logGet(46)) - raft.grpc.client.port = 39609 (custom)
2022-11-08 19:12:04,156 [Time-limited test] INFO  grpc.GrpcConfigKeys (ConfUtils.java:logGet(46)) - raft.grpc.server.host = null (default)
2022-11-08 19:12:04,156 [Time-limited test] INFO  grpc.GrpcConfigKeys (ConfUtils.java:logGet(46)) - raft.grpc.server.port = 34297 (custom)
2022-11-08 19:12:04,157 [Time-limited test] INFO  server.GrpcService (ConfUtils.java:logGet(46)) - raft.grpc.message.size.max = 64MB (=67108864) (default)
2022-11-08 19:12:04,160 [Time-limited test] INFO  server.RaftServerConfigKeys (ConfUtils.java:logGet(46)) - raft.server.log.appender.buffer.byte-limit = 4MB (=4194304) (default)
2022-11-08 19:12:04,164 [Time-limited test] INFO  server.GrpcService (ConfUtils.java:logGet(46)) - raft.grpc.flow.control.window = 1MB (=1048576) (default)
2022-11-08 19:12:04,175 [Time-limited test] INFO  server.RaftServerConfigKeys (ConfUtils.java:logGet(46)) - raft.server.rpc.request.timeout = 3000ms (default)
2022-11-08 19:12:04,197 [Time-limited test] INFO  grpc.GrpcConfigKeys (ConfUtils.java:logGet(46)) - raft.grpc.server.heartbeat.channel = true (default)
2022-11-08 19:12:04,212 [Time-limited test] INFO  grpc.GrpcConfigKeys (ConfUtils.java:logGet(46)) - raft.grpc.server.async.request.thread.pool.cached = true (default)
2022-11-08 19:12:04,213 [Time-limited test] INFO  grpc.GrpcConfigKeys (ConfUtils.java:logGet(46)) - raft.grpc.server.async.request.thread.pool.size = 32 (default)
2022-11-08 19:12:04,463 [Time-limited test] INFO  impl.DataStreamServerImpl (ConfUtils.java:logGet(46)) - raft.datastream.type = DISABLED (default)
2022-11-08 19:12:04,465 [Time-limited test] INFO  server.RaftServerConfigKeys (ConfUtils.java:logGet(46)) - raft.server.threadpool.proxy.cached = true (default)
2022-11-08 19:12:04,466 [Time-limited test] INFO  server.RaftServerConfigKeys (ConfUtils.java:logGet(46)) - raft.server.threadpool.proxy.size = 0 (default)
2022-11-08 19:12:04,466 [Time-limited test] INFO  server.RaftServerConfigKeys (ConfUtils.java:logGet(46)) - raft.server.rpc.slowness.timeout = 60s (default)
2022-11-08 19:12:04,467 [Time-limited test] INFO  server.RaftServerConfigKeys (ConfUtils.java:logGet(46)) - raft.server.leaderelection.leader.step-down.wait-time = 10s (default)
2022-11-08 19:12:04,470 [Time-limited test] INFO  server.RaftServerConfigKeys (ConfUtils.java:logGet(46)) - raft.server.storage.dir = [/home/runner/work/ratis/ratis/ratis-test/target/test/data/39edf034/MiniRaftClusterWithGrpc1caade96/s0] (custom)
2022-11-08 19:12:04,481 [Time-limited test] INFO  server.RaftServer (RaftServerProxy.java:addNew(99)) - s0: addNew group-EA982605F2E5:[s0|rpc:localhost:34297|admin:localhost:37077|client:localhost:39609|dataStream:localhost:43983|priority:0|startupRole:FOLLOWER, s1|rpc:localhost:38917|admin:localhost:40635|client:localhost:36975|dataStream:localhost:45719|priority:0|startupRole:FOLLOWER, s2|rpc:localhost:35511|admin:localhost:36791|client:localhost:42865|dataStream:localhost:38827|priority:0|startupRole:FOLLOWER] returns group-EA982605F2E5:java.util.concurrent.CompletableFuture@405d3e50[Not completed]
2022-11-08 19:12:04,482 [Time-limited test] INFO  impl.MiniRaftCluster (MiniRaftCluster.java:newRaftServer(382)) - newRaftServer: s1, group-EA982605F2E5:[s0|rpc:localhost:34297|admin:localhost:37077|client:localhost:39609|dataStream:localhost:43983|priority:0|startupRole:FOLLOWER, s1|rpc:localhost:38917|admin:localhost:40635|client:localhost:36975|dataStream:localhost:45719|priority:0|startupRole:FOLLOWER, s2|rpc:localhost:35511|admin:localhost:36791|client:localhost:42865|dataStream:localhost:38827|priority:0|startupRole:FOLLOWER], format? true
2022-11-08 19:12:04,482 [Time-limited test] TRACE util.FileUtils (FileUtils.java:deleteFully(170)) - deleteFully target/test/data/39edf034/MiniRaftClusterWithGrpc1caade96/s1
2022-11-08 19:12:04,482 [Time-limited test] TRACE util.FileUtils (FileUtils.java:deleteFully(186)) - deleteFully: target/test/data/39edf034/MiniRaftClusterWithGrpc1caade96/s1 does not exist.
2022-11-08 19:12:04,482 [Time-limited test] INFO  impl.MiniRaftCluster (MiniRaftCluster.java:newRaftServer(387)) - Formatted directory target/test/data/39edf034/MiniRaftClusterWithGrpc1caade96/s1
2022-11-08 19:12:04,483 [Time-limited test] INFO  server.RaftServer (ConfUtils.java:logGet(46)) - raft.rpc.type = GRPC (default)
2022-11-08 19:12:04,483 [Time-limited test] INFO  grpc.GrpcConfigKeys (ConfUtils.java:logFallback(53)) - raft.grpc.admin.host = null (fallback to raft.grpc.server.host)
2022-11-08 19:12:04,484 [Time-limited test] INFO  grpc.GrpcConfigKeys (ConfUtils.java:logGet(46)) - raft.grpc.admin.port = 40635 (custom)
2022-11-08 19:12:04,484 [Time-limited test] INFO  grpc.GrpcConfigKeys (ConfUtils.java:logFallback(53)) - raft.grpc.client.host = null (fallback to raft.grpc.server.host)
2022-11-08 19:12:04,484 [Time-limited test] INFO  grpc.GrpcConfigKeys (ConfUtils.java:logGet(46)) - raft.grpc.client.port = 36975 (custom)
2022-11-08 19:12:04,485 [Time-limited test] INFO  grpc.GrpcConfigKeys (ConfUtils.java:logGet(46)) - raft.grpc.server.host = null (default)
2022-11-08 19:12:04,485 [Time-limited test] INFO  grpc.GrpcConfigKeys (ConfUtils.java:logGet(46)) - raft.grpc.server.port = 38917 (custom)
2022-11-08 19:12:04,485 [Time-limited test] INFO  server.GrpcService (ConfUtils.java:logGet(46)) - raft.grpc.message.size.max = 64MB (=67108864) (default)
2022-11-08 19:12:04,485 [Time-limited test] INFO  server.RaftServerConfigKeys (ConfUtils.java:logGet(46)) - raft.server.log.appender.buffer.byte-limit = 4MB (=4194304) (default)
2022-11-08 19:12:04,489 [Time-limited test] INFO  server.GrpcService (ConfUtils.java:logGet(46)) - raft.grpc.flow.control.window = 1MB (=1048576) (default)
2022-11-08 19:12:04,489 [Time-limited test] INFO  server.RaftServerConfigKeys (ConfUtils.java:logGet(46)) - raft.server.rpc.request.timeout = 3000ms (default)
2022-11-08 19:12:04,490 [Time-limited test] INFO  grpc.GrpcConfigKeys (ConfUtils.java:logGet(46)) - raft.grpc.server.heartbeat.channel = true (default)
2022-11-08 19:12:04,490 [Time-limited test] INFO  grpc.GrpcConfigKeys (ConfUtils.java:logGet(46)) - raft.grpc.server.async.request.thread.pool.cached = true (default)
2022-11-08 19:12:04,496 [Time-limited test] INFO  grpc.GrpcConfigKeys (ConfUtils.java:logGet(46)) - raft.grpc.server.async.request.thread.pool.size = 32 (default)
2022-11-08 19:12:04,499 [Time-limited test] INFO  impl.DataStreamServerImpl (ConfUtils.java:logGet(46)) - raft.datastream.type = DISABLED (default)
2022-11-08 19:12:04,502 [Time-limited test] INFO  server.RaftServerConfigKeys (ConfUtils.java:logGet(46)) - raft.server.threadpool.proxy.cached = true (default)
2022-11-08 19:12:04,503 [Time-limited test] INFO  server.RaftServerConfigKeys (ConfUtils.java:logGet(46)) - raft.server.threadpool.proxy.size = 0 (default)
2022-11-08 19:12:04,503 [Time-limited test] INFO  server.RaftServerConfigKeys (ConfUtils.java:logGet(46)) - raft.server.rpc.slowness.timeout = 60s (default)
2022-11-08 19:12:04,503 [Time-limited test] INFO  server.RaftServerConfigKeys (ConfUtils.java:logGet(46)) - raft.server.leaderelection.leader.step-down.wait-time = 10s (default)
2022-11-08 19:12:04,504 [Time-limited test] INFO  server.RaftServerConfigKeys (ConfUtils.java:logGet(46)) - raft.server.storage.dir = [/home/runner/work/ratis/ratis/ratis-test/target/test/data/39edf034/MiniRaftClusterWithGrpc1caade96/s1] (custom)
2022-11-08 19:12:04,515 [Time-limited test] INFO  server.RaftServer (RaftServerProxy.java:addNew(99)) - s1: addNew group-EA982605F2E5:[s0|rpc:localhost:34297|admin:localhost:37077|client:localhost:39609|dataStream:localhost:43983|priority:0|startupRole:FOLLOWER, s1|rpc:localhost:38917|admin:localhost:40635|client:localhost:36975|dataStream:localhost:45719|priority:0|startupRole:FOLLOWER, s2|rpc:localhost:35511|admin:localhost:36791|client:localhost:42865|dataStream:localhost:38827|priority:0|startupRole:FOLLOWER] returns group-EA982605F2E5:java.util.concurrent.CompletableFuture@40cf365e[Not completed]
2022-11-08 19:12:04,516 [Time-limited test] INFO  impl.MiniRaftCluster (MiniRaftCluster.java:newRaftServer(382)) - newRaftServer: s2, group-EA982605F2E5:[s0|rpc:localhost:34297|admin:localhost:37077|client:localhost:39609|dataStream:localhost:43983|priority:0|startupRole:FOLLOWER, s1|rpc:localhost:38917|admin:localhost:40635|client:localhost:36975|dataStream:localhost:45719|priority:0|startupRole:FOLLOWER, s2|rpc:localhost:35511|admin:localhost:36791|client:localhost:42865|dataStream:localhost:38827|priority:0|startupRole:FOLLOWER], format? true
2022-11-08 19:12:04,516 [Time-limited test] TRACE util.FileUtils (FileUtils.java:deleteFully(170)) - deleteFully target/test/data/39edf034/MiniRaftClusterWithGrpc1caade96/s2
2022-11-08 19:12:04,516 [Time-limited test] TRACE util.FileUtils (FileUtils.java:deleteFully(186)) - deleteFully: target/test/data/39edf034/MiniRaftClusterWithGrpc1caade96/s2 does not exist.
2022-11-08 19:12:04,516 [Time-limited test] INFO  impl.MiniRaftCluster (MiniRaftCluster.java:newRaftServer(387)) - Formatted directory target/test/data/39edf034/MiniRaftClusterWithGrpc1caade96/s2
2022-11-08 19:12:04,517 [Time-limited test] INFO  server.RaftServer (ConfUtils.java:logGet(46)) - raft.rpc.type = GRPC (default)
2022-11-08 19:12:04,517 [Time-limited test] INFO  grpc.GrpcConfigKeys (ConfUtils.java:logFallback(53)) - raft.grpc.admin.host = null (fallback to raft.grpc.server.host)
2022-11-08 19:12:04,517 [Time-limited test] INFO  grpc.GrpcConfigKeys (ConfUtils.java:logGet(46)) - raft.grpc.admin.port = 36791 (custom)
2022-11-08 19:12:04,518 [Time-limited test] INFO  grpc.GrpcConfigKeys (ConfUtils.java:logFallback(53)) - raft.grpc.client.host = null (fallback to raft.grpc.server.host)
2022-11-08 19:12:04,518 [Time-limited test] INFO  grpc.GrpcConfigKeys (ConfUtils.java:logGet(46)) - raft.grpc.client.port = 42865 (custom)
2022-11-08 19:12:04,518 [Time-limited test] INFO  grpc.GrpcConfigKeys (ConfUtils.java:logGet(46)) - raft.grpc.server.host = null (default)
2022-11-08 19:12:04,518 [Time-limited test] INFO  grpc.GrpcConfigKeys (ConfUtils.java:logGet(46)) - raft.grpc.server.port = 35511 (custom)
2022-11-08 19:12:04,518 [Time-limited test] INFO  server.GrpcService (ConfUtils.java:logGet(46)) - raft.grpc.message.size.max = 64MB (=67108864) (default)
2022-11-08 19:12:04,519 [Time-limited test] INFO  server.RaftServerConfigKeys (ConfUtils.java:logGet(46)) - raft.server.log.appender.buffer.byte-limit = 4MB (=4194304) (default)
2022-11-08 19:12:04,519 [Time-limited test] INFO  server.GrpcService (ConfUtils.java:logGet(46)) - raft.grpc.flow.control.window = 1MB (=1048576) (default)
2022-11-08 19:12:04,519 [Time-limited test] INFO  server.RaftServerConfigKeys (ConfUtils.java:logGet(46)) - raft.server.rpc.request.timeout = 3000ms (default)
2022-11-08 19:12:04,520 [Time-limited test] INFO  grpc.GrpcConfigKeys (ConfUtils.java:logGet(46)) - raft.grpc.server.heartbeat.channel = true (default)
2022-11-08 19:12:04,520 [Time-limited test] INFO  grpc.GrpcConfigKeys (ConfUtils.java:logGet(46)) - raft.grpc.server.async.request.thread.pool.cached = true (default)
2022-11-08 19:12:04,520 [Time-limited test] INFO  grpc.GrpcConfigKeys (ConfUtils.java:logGet(46)) - raft.grpc.server.async.request.thread.pool.size = 32 (default)
2022-11-08 19:12:04,515 [pool-1-thread-1] INFO  server.RaftServerConfigKeys (ConfUtils.java:logGet(46)) - raft.server.log.segment.size.max = 8MB (=8388608) (default)
2022-11-08 19:12:04,523 [pool-1-thread-1] INFO  server.RaftServerConfigKeys (ConfUtils.java:logGet(46)) - raft.server.log.preallocated.size = 4MB (=4194304) (default)
2022-11-08 19:12:04,524 [pool-1-thread-1] INFO  server.RaftServerConfigKeys (ConfUtils.java:logGet(46)) - raft.server.log.write.buffer.size = 64KB (=65536) (default)
2022-11-08 19:12:04,522 [Time-limited test] INFO  impl.DataStreamServerImpl (ConfUtils.java:logGet(46)) - raft.datastream.type = DISABLED (default)
2022-11-08 19:12:04,529 [Time-limited test] INFO  server.RaftServerConfigKeys (ConfUtils.java:logGet(46)) - raft.server.threadpool.proxy.cached = true (default)
2022-11-08 19:12:04,529 [Time-limited test] INFO  server.RaftServerConfigKeys (ConfUtils.java:logGet(46)) - raft.server.threadpool.proxy.size = 0 (default)
2022-11-08 19:12:04,529 [Time-limited test] INFO  server.RaftServerConfigKeys (ConfUtils.java:logGet(46)) - raft.server.rpc.slowness.timeout = 60s (default)
2022-11-08 19:12:04,530 [Time-limited test] INFO  server.RaftServerConfigKeys (ConfUtils.java:logGet(46)) - raft.server.leaderelection.leader.step-down.wait-time = 10s (default)
2022-11-08 19:12:04,530 [Time-limited test] INFO  server.RaftServerConfigKeys (ConfUtils.java:logGet(46)) - raft.server.storage.dir = [/home/runner/work/ratis/ratis/ratis-test/target/test/data/39edf034/MiniRaftClusterWithGrpc1caade96/s2] (custom)
2022-11-08 19:12:04,522 [pool-2-thread-1] INFO  server.RaftServerConfigKeys (ConfUtils.java:logGet(46)) - raft.server.log.segment.size.max = 8MB (=8388608) (default)
2022-11-08 19:12:04,531 [pool-2-thread-1] INFO  server.RaftServerConfigKeys (ConfUtils.java:logGet(46)) - raft.server.log.preallocated.size = 4MB (=4194304) (default)
2022-11-08 19:12:04,531 [pool-2-thread-1] INFO  server.RaftServerConfigKeys (ConfUtils.java:logGet(46)) - raft.server.log.write.buffer.size = 64KB (=65536) (default)
2022-11-08 19:12:04,531 [pool-2-thread-1] INFO  server.RaftServer$Division (RaftServerImpl.java:<init>(198)) - s1: new RaftServerImpl for group-EA982605F2E5:[s0|rpc:localhost:34297|admin:localhost:37077|client:localhost:39609|dataStream:localhost:43983|priority:0|startupRole:FOLLOWER, s1|rpc:localhost:38917|admin:localhost:40635|client:localhost:36975|dataStream:localhost:45719|priority:0|startupRole:FOLLOWER, s2|rpc:localhost:35511|admin:localhost:36791|client:localhost:42865|dataStream:localhost:38827|priority:0|startupRole:FOLLOWER] with StateMachineWithException:uninitialized
2022-11-08 19:12:04,532 [pool-2-thread-1] INFO  server.RaftServerConfigKeys (ConfUtils.java:logGet(46)) - raft.server.rpc.timeout.min = 150ms (default)
2022-11-08 19:12:04,533 [pool-2-thread-1] INFO  server.RaftServerConfigKeys (ConfUtils.java:logGet(46)) - raft.server.rpc.timeout.max = 300ms (default)
2022-11-08 19:12:04,533 [pool-2-thread-1] INFO  server.RaftServerConfigKeys (ConfUtils.java:logGet(46)) - raft.server.rpc.sleep.time = 25ms (default)
2022-11-08 19:12:04,533 [pool-2-thread-1] INFO  server.RaftServerConfigKeys (ConfUtils.java:logGet(46)) - raft.server.rpc.slowness.timeout = 60s (default)
2022-11-08 19:12:04,533 [pool-2-thread-1] INFO  server.RaftServerConfigKeys (ConfUtils.java:logGet(46)) - raft.server.leaderelection.leader.step-down.wait-time = 10s (default)
2022-11-08 19:12:04,534 [pool-2-thread-1] INFO  server.RaftServerConfigKeys (ConfUtils.java:logGet(46)) - raft.server.sleep.deviation.threshold = 300ms (default)
2022-11-08 19:12:04,539 [pool-1-thread-1] INFO  server.RaftServer$Division (RaftServerImpl.java:<init>(198)) - s0: new RaftServerImpl for group-EA982605F2E5:[s0|rpc:localhost:34297|admin:localhost:37077|client:localhost:39609|dataStream:localhost:43983|priority:0|startupRole:FOLLOWER, s1|rpc:localhost:38917|admin:localhost:40635|client:localhost:36975|dataStream:localhost:45719|priority:0|startupRole:FOLLOWER, s2|rpc:localhost:35511|admin:localhost:36791|client:localhost:42865|dataStream:localhost:38827|priority:0|startupRole:FOLLOWER] with StateMachineWithException:uninitialized
2022-11-08 19:12:04,540 [pool-1-thread-1] INFO  server.RaftServerConfigKeys (ConfUtils.java:logGet(46)) - raft.server.rpc.timeout.min = 150ms (default)
2022-11-08 19:12:04,540 [pool-1-thread-1] INFO  server.RaftServerConfigKeys (ConfUtils.java:logGet(46)) - raft.server.rpc.timeout.max = 300ms (default)
2022-11-08 19:12:04,540 [pool-1-thread-1] INFO  server.RaftServerConfigKeys (ConfUtils.java:logGet(46)) - raft.server.rpc.sleep.time = 25ms (default)
2022-11-08 19:12:04,540 [pool-1-thread-1] INFO  server.RaftServerConfigKeys (ConfUtils.java:logGet(46)) - raft.server.rpc.slowness.timeout = 60s (default)
2022-11-08 19:12:04,540 [pool-1-thread-1] INFO  server.RaftServerConfigKeys (ConfUtils.java:logGet(46)) - raft.server.leaderelection.leader.step-down.wait-time = 10s (default)
2022-11-08 19:12:04,541 [pool-1-thread-1] INFO  server.RaftServerConfigKeys (ConfUtils.java:logGet(46)) - raft.server.sleep.deviation.threshold = 300ms (default)
2022-11-08 19:12:04,541 [pool-1-thread-1] INFO  server.RaftServer$Division (ServerState.java:<init>(113)) - s0@group-EA982605F2E5: ConfigurationManager, init=-1: peers:[s0|rpc:localhost:34297|admin:localhost:37077|client:localhost:39609|dataStream:localhost:43983|priority:0|startupRole:FOLLOWER, s1|rpc:localhost:38917|admin:localhost:40635|client:localhost:36975|dataStream:localhost:45719|priority:0|startupRole:FOLLOWER, s2|rpc:localhost:35511|admin:localhost:36791|client:localhost:42865|dataStream:localhost:38827|priority:0|startupRole:FOLLOWER]|listeners:[], old=null, confs=<EMPTY_MAP>
2022-11-08 19:12:04,544 [pool-1-thread-1] INFO  server.RaftServerConfigKeys (ConfUtils.java:logGet(46)) - raft.server.notification.no-leader.timeout = 60s (default)
2022-11-08 19:12:04,540 [pool-2-thread-1] INFO  server.RaftServer$Division (ServerState.java:<init>(113)) - s1@group-EA982605F2E5: ConfigurationManager, init=-1: peers:[s0|rpc:localhost:34297|admin:localhost:37077|client:localhost:39609|dataStream:localhost:43983|priority:0|startupRole:FOLLOWER, s1|rpc:localhost:38917|admin:localhost:40635|client:localhost:36975|dataStream:localhost:45719|priority:0|startupRole:FOLLOWER, s2|rpc:localhost:35511|admin:localhost:36791|client:localhost:42865|dataStream:localhost:38827|priority:0|startupRole:FOLLOWER]|listeners:[], old=null, confs=<EMPTY_MAP>
2022-11-08 19:12:04,547 [Time-limited test] INFO  server.RaftServer (RaftServerProxy.java:addNew(99)) - s2: addNew group-EA982605F2E5:[s0|rpc:localhost:34297|admin:localhost:37077|client:localhost:39609|dataStream:localhost:43983|priority:0|startupRole:FOLLOWER, s1|rpc:localhost:38917|admin:localhost:40635|client:localhost:36975|dataStream:localhost:45719|priority:0|startupRole:FOLLOWER, s2|rpc:localhost:35511|admin:localhost:36791|client:localhost:42865|dataStream:localhost:38827|priority:0|startupRole:FOLLOWER] returns group-EA982605F2E5:java.util.concurrent.CompletableFuture@3dcdb817[Not completed]
2022-11-08 19:12:04,556 [pool-2-thread-1] INFO  server.RaftServerConfigKeys (ConfUtils.java:logGet(46)) - raft.server.notification.no-leader.timeout = 60s (default)
2022-11-08 19:12:04,561 [pool-2-thread-1] INFO  server.RaftServerConfigKeys (ConfUtils.java:logGet(46)) - raft.server.read.timeout = 10s (default)
2022-11-08 19:12:04,561 [pool-1-thread-1] INFO  server.RaftServerConfigKeys (ConfUtils.java:logGet(46)) - raft.server.read.timeout = 10s (default)
2022-11-08 19:12:04,558 [pool-3-thread-1] INFO  server.RaftServerConfigKeys (ConfUtils.java:logGet(46)) - raft.server.log.segment.size.max = 8MB (=8388608) (default)
2022-11-08 19:12:04,575 [pool-3-thread-1] INFO  server.RaftServerConfigKeys (ConfUtils.java:logGet(46)) - raft.server.log.preallocated.size = 4MB (=4194304) (default)
2022-11-08 19:12:04,575 [pool-3-thread-1] INFO  server.RaftServerConfigKeys (ConfUtils.java:logGet(46)) - raft.server.log.write.buffer.size = 64KB (=65536) (default)
2022-11-08 19:12:04,576 [pool-3-thread-1] INFO  server.RaftServer$Division (RaftServerImpl.java:<init>(198)) - s2: new RaftServerImpl for group-EA982605F2E5:[s0|rpc:localhost:34297|admin:localhost:37077|client:localhost:39609|dataStream:localhost:43983|priority:0|startupRole:FOLLOWER, s1|rpc:localhost:38917|admin:localhost:40635|client:localhost:36975|dataStream:localhost:45719|priority:0|startupRole:FOLLOWER, s2|rpc:localhost:35511|admin:localhost:36791|client:localhost:42865|dataStream:localhost:38827|priority:0|startupRole:FOLLOWER] with StateMachineWithException:uninitialized
2022-11-08 19:12:04,576 [pool-3-thread-1] INFO  server.RaftServerConfigKeys (ConfUtils.java:logGet(46)) - raft.server.rpc.timeout.min = 150ms (default)
2022-11-08 19:12:04,576 [pool-3-thread-1] INFO  server.RaftServerConfigKeys (ConfUtils.java:logGet(46)) - raft.server.rpc.timeout.max = 300ms (default)
2022-11-08 19:12:04,576 [pool-3-thread-1] INFO  server.RaftServerConfigKeys (ConfUtils.java:logGet(46)) - raft.server.rpc.sleep.time = 25ms (default)
2022-11-08 19:12:04,576 [pool-3-thread-1] INFO  server.RaftServerConfigKeys (ConfUtils.java:logGet(46)) - raft.server.rpc.slowness.timeout = 60s (default)
2022-11-08 19:12:04,576 [pool-3-thread-1] INFO  server.RaftServerConfigKeys (ConfUtils.java:logGet(46)) - raft.server.leaderelection.leader.step-down.wait-time = 10s (default)
2022-11-08 19:12:04,576 [pool-3-thread-1] INFO  server.RaftServerConfigKeys (ConfUtils.java:logGet(46)) - raft.server.sleep.deviation.threshold = 300ms (default)
2022-11-08 19:12:04,577 [pool-3-thread-1] INFO  server.RaftServer$Division (ServerState.java:<init>(113)) - s2@group-EA982605F2E5: ConfigurationManager, init=-1: peers:[s0|rpc:localhost:34297|admin:localhost:37077|client:localhost:39609|dataStream:localhost:43983|priority:0|startupRole:FOLLOWER, s1|rpc:localhost:38917|admin:localhost:40635|client:localhost:36975|dataStream:localhost:45719|priority:0|startupRole:FOLLOWER, s2|rpc:localhost:35511|admin:localhost:36791|client:localhost:42865|dataStream:localhost:38827|priority:0|startupRole:FOLLOWER]|listeners:[], old=null, confs=<EMPTY_MAP>
2022-11-08 19:12:04,577 [pool-3-thread-1] INFO  server.RaftServerConfigKeys (ConfUtils.java:logGet(46)) - raft.server.notification.no-leader.timeout = 60s (default)
2022-11-08 19:12:04,577 [pool-3-thread-1] INFO  server.RaftServerConfigKeys (ConfUtils.java:logGet(46)) - raft.server.read.timeout = 10s (default)
2022-11-08 19:12:04,577 [pool-3-thread-1] INFO  server.RaftServerConfigKeys (ConfUtils.java:logGet(46)) - raft.server.retrycache.expirytime = 60s (default)
2022-11-08 19:12:04,577 [pool-3-thread-1] INFO  server.RaftServerConfigKeys (ConfUtils.java:logGet(46)) - raft.server.retrycache.statistics.expirytime = 100μs (default)
2022-11-08 19:12:04,575 [pool-1-thread-1] INFO  server.RaftServerConfigKeys (ConfUtils.java:logGet(46)) - raft.server.retrycache.expirytime = 60s (default)
2022-11-08 19:12:04,580 [pool-1-thread-1] INFO  server.RaftServerConfigKeys (ConfUtils.java:logGet(46)) - raft.server.retrycache.statistics.expirytime = 100μs (default)
2022-11-08 19:12:04,574 [pool-2-thread-1] INFO  server.RaftServerConfigKeys (ConfUtils.java:logGet(46)) - raft.server.retrycache.expirytime = 60s (default)
2022-11-08 19:12:04,581 [pool-2-thread-1] INFO  server.RaftServerConfigKeys (ConfUtils.java:logGet(46)) - raft.server.retrycache.statistics.expirytime = 100μs (default)
2022-11-08 19:12:04,612 [pool-1-thread-1] INFO  server.RaftServerConfigKeys (ConfUtils.java:logGet(46)) - raft.server.read.option = DEFAULT (default)
2022-11-08 19:12:04,616 [pool-2-thread-1] INFO  server.RaftServerConfigKeys (ConfUtils.java:logGet(46)) - raft.server.read.option = DEFAULT (default)
2022-11-08 19:12:04,616 [pool-3-thread-1] INFO  server.RaftServerConfigKeys (ConfUtils.java:logGet(46)) - raft.server.read.option = DEFAULT (default)
2022-11-08 19:12:04,622 [pool-1-thread-1] INFO  metrics.MetricRegistries (MetricRegistriesLoader.java:load(64)) - Loaded MetricRegistries class org.apache.ratis.metrics.impl.MetricRegistriesImpl
2022-11-08 19:12:04,823 [pool-2-thread-1] INFO  server.RaftServerConfigKeys (ConfUtils.java:logGet(46)) - raft.server.log.appender.install.snapshot.enabled = true (default)
2022-11-08 19:12:04,823 [pool-3-thread-1] INFO  server.RaftServerConfigKeys (ConfUtils.java:logGet(46)) - raft.server.log.appender.install.snapshot.enabled = true (default)
2022-11-08 19:12:04,823 [pool-2-thread-1] INFO  server.RaftServerConfigKeys (ConfUtils.java:logGet(46)) - raft.server.threadpool.server.cached = true (default)
2022-11-08 19:12:04,823 [pool-3-thread-1] INFO  server.RaftServerConfigKeys (ConfUtils.java:logGet(46)) - raft.server.threadpool.server.cached = true (default)
2022-11-08 19:12:04,824 [pool-2-thread-1] INFO  server.RaftServerConfigKeys (ConfUtils.java:logGet(46)) - raft.server.threadpool.server.size = 0 (default)
2022-11-08 19:12:04,824 [pool-3-thread-1] INFO  server.RaftServerConfigKeys (ConfUtils.java:logGet(46)) - raft.server.threadpool.server.size = 0 (default)
2022-11-08 19:12:04,824 [pool-2-thread-1] INFO  server.RaftServerConfigKeys (ConfUtils.java:logGet(46)) - raft.server.threadpool.client.cached = true (default)
2022-11-08 19:12:04,824 [pool-3-thread-1] INFO  server.RaftServerConfigKeys (ConfUtils.java:logGet(46)) - raft.server.threadpool.client.cached = true (default)
2022-11-08 19:12:04,825 [pool-2-thread-1] INFO  server.RaftServerConfigKeys (ConfUtils.java:logGet(46)) - raft.server.threadpool.client.size = 0 (default)
2022-11-08 19:12:04,825 [pool-3-thread-1] INFO  server.RaftServerConfigKeys (ConfUtils.java:logGet(46)) - raft.server.threadpool.client.size = 0 (default)
2022-11-08 19:12:04,825 [pool-1-thread-1] INFO  server.RaftServerConfigKeys (ConfUtils.java:logGet(46)) - raft.server.log.appender.install.snapshot.enabled = true (default)
2022-11-08 19:12:04,826 [pool-1-thread-1] INFO  server.RaftServerConfigKeys (ConfUtils.java:logGet(46)) - raft.server.threadpool.server.cached = true (default)
2022-11-08 19:12:04,826 [pool-1-thread-1] INFO  server.RaftServerConfigKeys (ConfUtils.java:logGet(46)) - raft.server.threadpool.server.size = 0 (default)
2022-11-08 19:12:04,826 [pool-1-thread-1] INFO  server.RaftServerConfigKeys (ConfUtils.java:logGet(46)) - raft.server.threadpool.client.cached = true (default)
2022-11-08 19:12:04,826 [pool-1-thread-1] INFO  server.RaftServerConfigKeys (ConfUtils.java:logGet(46)) - raft.server.threadpool.client.size = 0 (default)
2022-11-08 19:12:04,828 [s0-impl-thread1] INFO  server.RaftServerConfigKeys (ConfUtils.java:logGet(46)) - raft.server.storage.free-space.min = 0MB (=0) (default)
2022-11-08 19:12:04,829 [s0-impl-thread1] INFO  server.RaftServerConfigKeys (ConfUtils.java:logGet(46)) - raft.server.log.corruption.policy = EXCEPTION (default)
2022-11-08 19:12:04,829 [s0-impl-thread1] INFO  server.RaftServerConfigKeys (ConfUtils.java:logGet(46)) - raft.server.storage.dir = [/home/runner/work/ratis/ratis/ratis-test/target/test/data/39edf034/MiniRaftClusterWithGrpc1caade96/s0] (custom)
2022-11-08 19:12:04,851 [s0-impl-thread1] INFO  storage.RaftStorageDirectory (RaftStorageDirectoryImpl.java:analyzeStorage(138)) - The storage directory /home/runner/work/ratis/ratis/ratis-test/target/test/data/39edf034/MiniRaftClusterWithGrpc1caade96/s0/6773c5a3-d481-4750-a6ba-ea982605f2e5 does not exist. Creating ...
2022-11-08 19:12:04,853 [s0-impl-thread1] TRACE util.FileUtils (LogUtils.java:runAndLog(49)) - Successfully ran Files.createDirectories /home/runner/work/ratis/ratis/ratis-test/target/test/data/39edf034/MiniRaftClusterWithGrpc1caade96/s0/6773c5a3-d481-4750-a6ba-ea982605f2e5
2022-11-08 19:12:04,859 [s0-impl-thread1] INFO  storage.RaftStorageDirectory (RaftStorageDirectoryImpl.java:tryLock(232)) - Lock on /home/runner/work/ratis/ratis/ratis-test/target/test/data/39edf034/MiniRaftClusterWithGrpc1caade96/s0/6773c5a3-d481-4750-a6ba-ea982605f2e5/in_use.lock acquired by nodename 7759@fv-az215-517
2022-11-08 19:12:04,860 [s0-impl-thread1] TRACE util.FileUtils (LogUtils.java:runAndLog(49)) - Successfully ran Files.createDirectories /home/runner/work/ratis/ratis/ratis-test/target/test/data/39edf034/MiniRaftClusterWithGrpc1caade96/s0/6773c5a3-d481-4750-a6ba-ea982605f2e5/current
2022-11-08 19:12:04,860 [s0-impl-thread1] TRACE util.FileUtils (LogUtils.java:runAndLog(49)) - Successfully ran Files.createDirectories /home/runner/work/ratis/ratis/ratis-test/target/test/data/39edf034/MiniRaftClusterWithGrpc1caade96/s0/6773c5a3-d481-4750-a6ba-ea982605f2e5/sm
2022-11-08 19:12:04,878 [s0-impl-thread1] INFO  storage.RaftStorage (RaftStorageImpl.java:format(96)) - Storage directory /home/runner/work/ratis/ratis/ratis-test/target/test/data/39edf034/MiniRaftClusterWithGrpc1caade96/s0/6773c5a3-d481-4750-a6ba-ea982605f2e5 has been successfully formatted.
2022-11-08 19:12:04,882 [s0-impl-thread1] INFO  impl.SimpleStateMachine4Testing (SimpleStateMachine4Testing.java:initialize(213)) - Initializing StateMachineWithException:uninitialized
2022-11-08 19:12:04,885 [s0-impl-thread1] INFO  impl.SimpleStateMachine4Testing (SimpleStateMachine4Testing.java:loadSnapshot(293)) - Loading snapshot null
2022-11-08 19:12:04,887 [s0-impl-thread1] INFO  server.RaftServerConfigKeys (ConfUtils.java:logGet(46)) - raft.server.log.use.memory = false (default)
2022-11-08 19:12:04,895 [s0-impl-thread1] INFO  server.RaftServerConfigKeys (ConfUtils.java:logGet(46)) - raft.server.log.purge.gap = 1024 (default)
2022-11-08 19:12:04,895 [s0-impl-thread1] INFO  server.RaftServerConfigKeys (ConfUtils.java:logGet(46)) - raft.server.log.appender.buffer.byte-limit = 4MB (=4194304) (default)
2022-11-08 19:12:04,896 [s0-impl-thread1] INFO  server.RaftServerConfigKeys (ConfUtils.java:logGet(46)) - raft.server.log.statemachine.data.read.timeout = 1000ms (default)
2022-11-08 19:12:04,897 [s0-impl-thread1] INFO  server.RaftServerConfigKeys (ConfUtils.java:logGet(46)) - raft.server.log.purge.preservation.log.num = 0 (default)
2022-11-08 19:12:04,907 [s0-impl-thread1] INFO  server.RaftServerConfigKeys (ConfUtils.java:logGet(46)) - raft.server.log.segment.size.max = 8MB (=8388608) (default)
2022-11-08 19:12:04,914 [s0-impl-thread1] INFO  server.RaftServerConfigKeys (ConfUtils.java:logGet(46)) - raft.server.log.segment.cache.num.max = 6 (default)
2022-11-08 19:12:04,915 [s0-impl-thread1] INFO  server.RaftServerConfigKeys (ConfUtils.java:logGet(46)) - raft.server.log.segment.cache.size.max = 200MB (=209715200) (default)
2022-11-08 19:12:04,925 [s0-impl-thread1] INFO  segmented.SegmentedRaftLogWorker (SegmentedRaftLogWorker.java:<init>(184)) - new s0@group-EA982605F2E5-SegmentedRaftLogWorker for RaftStorageImpl:Storage Directory /home/runner/work/ratis/ratis/ratis-test/target/test/data/39edf034/MiniRaftClusterWithGrpc1caade96/s0/6773c5a3-d481-4750-a6ba-ea982605f2e5
2022-11-08 19:12:04,926 [s0-impl-thread1] INFO  server.RaftServerConfigKeys (ConfUtils.java:logGet(46)) - raft.server.log.queue.byte-limit = 64MB (=67108864) (default)
2022-11-08 19:12:04,927 [s0-impl-thread1] INFO  server.RaftServerConfigKeys (ConfUtils.java:logGet(46)) - raft.server.log.queue.element-limit = 4096 (default)
2022-11-08 19:12:04,929 [s0-impl-thread1] INFO  server.RaftServerConfigKeys (ConfUtils.java:logGet(46)) - raft.server.log.segment.size.max = 8MB (=8388608) (default)
2022-11-08 19:12:04,929 [s0-impl-thread1] INFO  server.RaftServerConfigKeys (ConfUtils.java:logGet(46)) - raft.server.log.preallocated.size = 4MB (=4194304) (default)
2022-11-08 19:12:04,930 [s0-impl-thread1] INFO  server.RaftServerConfigKeys (ConfUtils.java:logGet(46)) - raft.server.log.force.sync.num = 128 (default)
2022-11-08 19:12:04,932 [s0-impl-thread1] INFO  server.RaftServerConfigKeys (ConfUtils.java:logGet(46)) - raft.server.log.statemachine.data.sync = true (default)
2022-11-08 19:12:04,932 [s0-impl-thread1] INFO  server.RaftServerConfigKeys (ConfUtils.java:logGet(46)) - raft.server.log.statemachine.data.sync.timeout = 10s (default)
2022-11-08 19:12:04,933 [s0-impl-thread1] INFO  server.RaftServerConfigKeys (ConfUtils.java:logGet(46)) - raft.server.log.statemachine.data.sync.timeout.retry = -1 (default)
2022-11-08 19:12:04,938 [s0-impl-thread1] INFO  server.RaftServerConfigKeys (ConfUtils.java:logGet(46)) - raft.server.log.write.buffer.size = 64KB (=65536) (default)
2022-11-08 19:12:04,939 [s0-impl-thread1] INFO  server.RaftServerConfigKeys (ConfUtils.java:logGet(46)) - raft.server.log.appender.buffer.byte-limit = 4MB (=4194304) (default)
2022-11-08 19:12:04,939 [s0-impl-thread1] INFO  server.RaftServerConfigKeys (ConfUtils.java:logGet(46)) - raft.server.log.unsafe-flush.enabled = false (default)
2022-11-08 19:12:04,940 [s0-impl-thread1] INFO  server.RaftServerConfigKeys (ConfUtils.java:logGet(46)) - raft.server.log.async-flush.enabled = false (default)
2022-11-08 19:12:04,941 [s0-impl-thread1] INFO  server.RaftServerConfigKeys (ConfUtils.java:logGet(46)) - raft.server.log.statemachine.data.caching.enabled = false (default)
2022-11-08 19:12:04,949 [s0-impl-thread1] INFO  segmented.SegmentedRaftLogWorker (SegmentedRaftLogWorker.java:lambda$new$0(134)) - s0@group-EA982605F2E5-SegmentedRaftLogWorker: flushIndex: setUnconditionally 0 -> -1
2022-11-08 19:12:04,949 [s0-impl-thread1] INFO  segmented.SegmentedRaftLogWorker (SegmentedRaftLogWorker.java:lambda$new$0(134)) - s0@group-EA982605F2E5-SegmentedRaftLogWorker: safeCacheEvictIndex: setUnconditionally 0 -> -1
2022-11-08 19:12:04,955 [s0-impl-thread1] INFO  server.RaftServer$Division (RaftServerImpl.java:start(338)) - s0@group-EA982605F2E5: start as a follower, conf=-1: peers:[s0|rpc:localhost:34297|admin:localhost:37077|client:localhost:39609|dataStream:localhost:43983|priority:0|startupRole:FOLLOWER, s1|rpc:localhost:38917|admin:localhost:40635|client:localhost:36975|dataStream:localhost:45719|priority:0|startupRole:FOLLOWER, s2|rpc:localhost:35511|admin:localhost:36791|client:localhost:42865|dataStream:localhost:38827|priority:0|startupRole:FOLLOWER]|listeners:[], old=null
2022-11-08 19:12:04,956 [s0-impl-thread1] INFO  server.RaftServer$Division (RaftServerImpl.java:setRole(325)) - s0@group-EA982605F2E5: changes role from      null to FOLLOWER at term 0 for startAsFollower
2022-11-08 19:12:04,958 [s0-impl-thread1] INFO  impl.RoleInfo (RoleInfo.java:updateAndGet(139)) - s0: start s0@group-EA982605F2E5-FollowerState
2022-11-08 19:12:04,966 [s0@group-EA982605F2E5-FollowerState] INFO  server.RaftServerConfigKeys (ConfUtils.java:logFallback(53)) - raft.server.rpc.first-election.timeout.min = 150ms (fallback to raft.server.rpc.timeout.min)
2022-11-08 19:12:04,973 [s0-impl-thread1] INFO  util.JmxRegister (JmxRegister.java:tryRegister(44)) - Successfully registered JMX Bean with object name Ratis:service=RaftServer,group=group-EA982605F2E5,id=s0
2022-11-08 19:12:04,980 [s0-impl-thread1] INFO  server.RaftServerConfigKeys (ConfUtils.java:logGet(46)) - raft.server.snapshot.auto.trigger.enabled = false (default)
2022-11-08 19:12:04,981 [s0-impl-thread1] INFO  server.RaftServerConfigKeys (ConfUtils.java:logGet(46)) - raft.server.snapshot.retention.file.num = -1 (default)
2022-11-08 19:12:04,981 [s0-impl-thread1] INFO  server.RaftServerConfigKeys (ConfUtils.java:logGet(46)) - raft.server.log.purge.upto.snapshot.index = false (default)
2022-11-08 19:12:04,984 [s0@group-EA982605F2E5-FollowerState] INFO  server.RaftServerConfigKeys (ConfUtils.java:logFallback(53)) - raft.server.rpc.first-election.timeout.max = 300ms (fallback to raft.server.rpc.timeout.max)
2022-11-08 19:12:04,985 [Time-limited test] INFO  server.RaftServer (RaftServerProxy.java:startImpl(396)) - s0: start RPC server
2022-11-08 19:12:05,031 [Time-limited test] INFO  server.GrpcService (GrpcService.java:startImpl(310)) - s0: GrpcService started, listening on 39609
2022-11-08 19:12:05,032 [Time-limited test] INFO  server.GrpcService (GrpcService.java:startImpl(310)) - s0: GrpcService started, listening on 34297
2022-11-08 19:12:05,033 [Time-limited test] INFO  server.GrpcService (GrpcService.java:startImpl(310)) - s0: GrpcService started, listening on 37077
2022-11-08 19:12:05,035 [s1-impl-thread1] INFO  server.RaftServerConfigKeys (ConfUtils.java:logGet(46)) - raft.server.storage.free-space.min = 0MB (=0) (default)
2022-11-08 19:12:05,035 [s1-impl-thread1] INFO  server.RaftServerConfigKeys (ConfUtils.java:logGet(46)) - raft.server.log.corruption.policy = EXCEPTION (default)
2022-11-08 19:12:05,036 [s1-impl-thread1] INFO  server.RaftServerConfigKeys (ConfUtils.java:logGet(46)) - raft.server.storage.dir = [/home/runner/work/ratis/ratis/ratis-test/target/test/data/39edf034/MiniRaftClusterWithGrpc1caade96/s1] (custom)
2022-11-08 19:12:05,036 [JvmPauseMonitor0] INFO  util.JvmPauseMonitor (JvmPauseMonitor.java:run(105)) - JvmPauseMonitor-s0: Started
2022-11-08 19:12:05,036 [s1-impl-thread1] INFO  storage.RaftStorageDirectory (RaftStorageDirectoryImpl.java:analyzeStorage(138)) - The storage directory /home/runner/work/ratis/ratis/ratis-test/target/test/data/39edf034/MiniRaftClusterWithGrpc1caade96/s1/6773c5a3-d481-4750-a6ba-ea982605f2e5 does not exist. Creating ...
2022-11-08 19:12:05,037 [s1-impl-thread1] TRACE util.FileUtils (LogUtils.java:runAndLog(49)) - Successfully ran Files.createDirectories /home/runner/work/ratis/ratis/ratis-test/target/test/data/39edf034/MiniRaftClusterWithGrpc1caade96/s1/6773c5a3-d481-4750-a6ba-ea982605f2e5
2022-11-08 19:12:05,039 [s1-impl-thread1] INFO  storage.RaftStorageDirectory (RaftStorageDirectoryImpl.java:tryLock(232)) - Lock on /home/runner/work/ratis/ratis/ratis-test/target/test/data/39edf034/MiniRaftClusterWithGrpc1caade96/s1/6773c5a3-d481-4750-a6ba-ea982605f2e5/in_use.lock acquired by nodename 7759@fv-az215-517
2022-11-08 19:12:05,039 [s1-impl-thread1] TRACE util.FileUtils (LogUtils.java:runAndLog(49)) - Successfully ran Files.createDirectories /home/runner/work/ratis/ratis/ratis-test/target/test/data/39edf034/MiniRaftClusterWithGrpc1caade96/s1/6773c5a3-d481-4750-a6ba-ea982605f2e5/current
2022-11-08 19:12:05,039 [s1-impl-thread1] TRACE util.FileUtils (LogUtils.java:runAndLog(49)) - Successfully ran Files.createDirectories /home/runner/work/ratis/ratis/ratis-test/target/test/data/39edf034/MiniRaftClusterWithGrpc1caade96/s1/6773c5a3-d481-4750-a6ba-ea982605f2e5/sm
2022-11-08 19:12:05,040 [s1-impl-thread1] INFO  storage.RaftStorage (RaftStorageImpl.java:format(96)) - Storage directory /home/runner/work/ratis/ratis/ratis-test/target/test/data/39edf034/MiniRaftClusterWithGrpc1caade96/s1/6773c5a3-d481-4750-a6ba-ea982605f2e5 has been successfully formatted.
2022-11-08 19:12:05,041 [s1-impl-thread1] INFO  impl.SimpleStateMachine4Testing (SimpleStateMachine4Testing.java:initialize(213)) - Initializing StateMachineWithException:uninitialized
2022-11-08 19:12:05,041 [s1-impl-thread1] INFO  impl.SimpleStateMachine4Testing (SimpleStateMachine4Testing.java:loadSnapshot(293)) - Loading snapshot null
2022-11-08 19:12:05,042 [s1-impl-thread1] INFO  server.RaftServerConfigKeys (ConfUtils.java:logGet(46)) - raft.server.log.use.memory = false (default)
2022-11-08 19:12:05,042 [s1-impl-thread1] INFO  server.RaftServerConfigKeys (ConfUtils.java:logGet(46)) - raft.server.log.purge.gap = 1024 (default)
2022-11-08 19:12:05,042 [s1-impl-thread1] INFO  server.RaftServerConfigKeys (ConfUtils.java:logGet(46)) - raft.server.log.appender.buffer.byte-limit = 4MB (=4194304) (default)
2022-11-08 19:12:05,042 [s1-impl-thread1] INFO  server.RaftServerConfigKeys (ConfUtils.java:logGet(46)) - raft.server.log.statemachine.data.read.timeout = 1000ms (default)
2022-11-08 19:12:05,042 [s1-impl-thread1] INFO  server.RaftServerConfigKeys (ConfUtils.java:logGet(46)) - raft.server.log.purge.preservation.log.num = 0 (default)
2022-11-08 19:12:05,045 [s1-impl-thread1] INFO  server.RaftServerConfigKeys (ConfUtils.java:logGet(46)) - raft.server.log.segment.size.max = 8MB (=8388608) (default)
2022-11-08 19:12:05,046 [s1-impl-thread1] INFO  server.RaftServerConfigKeys (ConfUtils.java:logGet(46)) - raft.server.log.segment.cache.num.max = 6 (default)
2022-11-08 19:12:05,047 [s1-impl-thread1] INFO  server.RaftServerConfigKeys (ConfUtils.java:logGet(46)) - raft.server.log.segment.cache.size.max = 200MB (=209715200) (default)
2022-11-08 19:12:05,047 [s1-impl-thread1] INFO  segmented.SegmentedRaftLogWorker (SegmentedRaftLogWorker.java:<init>(184)) - new s1@group-EA982605F2E5-SegmentedRaftLogWorker for RaftStorageImpl:Storage Directory /home/runner/work/ratis/ratis/ratis-test/target/test/data/39edf034/MiniRaftClusterWithGrpc1caade96/s1/6773c5a3-d481-4750-a6ba-ea982605f2e5
2022-11-08 19:12:05,048 [s1-impl-thread1] INFO  server.RaftServerConfigKeys (ConfUtils.java:logGet(46)) - raft.server.log.queue.byte-limit = 64MB (=67108864) (default)
2022-11-08 19:12:05,048 [s1-impl-thread1] INFO  server.RaftServerConfigKeys (ConfUtils.java:logGet(46)) - raft.server.log.queue.element-limit = 4096 (default)
2022-11-08 19:12:05,048 [s1-impl-thread1] INFO  server.RaftServerConfigKeys (ConfUtils.java:logGet(46)) - raft.server.log.segment.size.max = 8MB (=8388608) (default)
2022-11-08 19:12:05,048 [s1-impl-thread1] INFO  server.RaftServerConfigKeys (ConfUtils.java:logGet(46)) - raft.server.log.preallocated.size = 4MB (=4194304) (default)
2022-11-08 19:12:05,048 [s1-impl-thread1] INFO  server.RaftServerConfigKeys (ConfUtils.java:logGet(46)) - raft.server.log.force.sync.num = 128 (default)
2022-11-08 19:12:05,048 [s1-impl-thread1] INFO  server.RaftServerConfigKeys (ConfUtils.java:logGet(46)) - raft.server.log.statemachine.data.sync = true (default)
2022-11-08 19:12:05,049 [s1-impl-thread1] INFO  server.RaftServerConfigKeys (ConfUtils.java:logGet(46)) - raft.server.log.statemachine.data.sync.timeout = 10s (default)
2022-11-08 19:12:05,049 [s1-impl-thread1] INFO  server.RaftServerConfigKeys (ConfUtils.java:logGet(46)) - raft.server.log.statemachine.data.sync.timeout.retry = -1 (default)
2022-11-08 19:12:05,049 [s1-impl-thread1] INFO  server.RaftServerConfigKeys (ConfUtils.java:logGet(46)) - raft.server.log.write.buffer.size = 64KB (=65536) (default)
2022-11-08 19:12:05,050 [s1-impl-thread1] INFO  server.RaftServerConfigKeys (ConfUtils.java:logGet(46)) - raft.server.log.appender.buffer.byte-limit = 4MB (=4194304) (default)
2022-11-08 19:12:05,050 [s1-impl-thread1] INFO  server.RaftServerConfigKeys (ConfUtils.java:logGet(46)) - raft.server.log.unsafe-flush.enabled = false (default)
2022-11-08 19:12:05,050 [s1-impl-thread1] INFO  server.RaftServerConfigKeys (ConfUtils.java:logGet(46)) - raft.server.log.async-flush.enabled = false (default)
2022-11-08 19:12:05,050 [s1-impl-thread1] INFO  server.RaftServerConfigKeys (ConfUtils.java:logGet(46)) - raft.server.log.statemachine.data.caching.enabled = false (default)
2022-11-08 19:12:05,051 [s1-impl-thread1] INFO  segmented.SegmentedRaftLogWorker (SegmentedRaftLogWorker.java:lambda$new$0(134)) - s1@group-EA982605F2E5-SegmentedRaftLogWorker: flushIndex: setUnconditionally 0 -> -1
2022-11-08 19:12:05,051 [s1-impl-thread1] INFO  segmented.SegmentedRaftLogWorker (SegmentedRaftLogWorker.java:lambda$new$0(134)) - s1@group-EA982605F2E5-SegmentedRaftLogWorker: safeCacheEvictIndex: setUnconditionally 0 -> -1
2022-11-08 19:12:05,057 [s1-impl-thread1] INFO  server.RaftServer$Division (RaftServerImpl.java:start(338)) - s1@group-EA982605F2E5: start as a follower, conf=-1: peers:[s0|rpc:localhost:34297|admin:localhost:37077|client:localhost:39609|dataStream:localhost:43983|priority:0|startupRole:FOLLOWER, s1|rpc:localhost:38917|admin:localhost:40635|client:localhost:36975|dataStream:localhost:45719|priority:0|startupRole:FOLLOWER, s2|rpc:localhost:35511|admin:localhost:36791|client:localhost:42865|dataStream:localhost:38827|priority:0|startupRole:FOLLOWER]|listeners:[], old=null
2022-11-08 19:12:05,057 [s1-impl-thread1] INFO  server.RaftServer$Division (RaftServerImpl.java:setRole(325)) - s1@group-EA982605F2E5: changes role from      null to FOLLOWER at term 0 for startAsFollower
2022-11-08 19:12:05,057 [s1-impl-thread1] INFO  impl.RoleInfo (RoleInfo.java:updateAndGet(139)) - s1: start s1@group-EA982605F2E5-FollowerState
2022-11-08 19:12:05,058 [s1-impl-thread1] INFO  util.JmxRegister (JmxRegister.java:tryRegister(44)) - Successfully registered JMX Bean with object name Ratis:service=RaftServer,group=group-EA982605F2E5,id=s1
2022-11-08 19:12:05,062 [s1-impl-thread1] INFO  server.RaftServerConfigKeys (ConfUtils.java:logGet(46)) - raft.server.snapshot.auto.trigger.enabled = false (default)
2022-11-08 19:12:05,062 [s1-impl-thread1] INFO  server.RaftServerConfigKeys (ConfUtils.java:logGet(46)) - raft.server.snapshot.retention.file.num = -1 (default)
2022-11-08 19:12:05,062 [s1-impl-thread1] INFO  server.RaftServerConfigKeys (ConfUtils.java:logGet(46)) - raft.server.log.purge.upto.snapshot.index = false (default)
2022-11-08 19:12:05,068 [Time-limited test] INFO  server.RaftServer (RaftServerProxy.java:startImpl(396)) - s1: start RPC server
2022-11-08 19:12:05,075 [Time-limited test] INFO  server.GrpcService (GrpcService.java:startImpl(310)) - s1: GrpcService started, listening on 36975
2022-11-08 19:12:05,076 [s1@group-EA982605F2E5-FollowerState] INFO  server.RaftServerConfigKeys (ConfUtils.java:logFallback(53)) - raft.server.rpc.first-election.timeout.min = 150ms (fallback to raft.server.rpc.timeout.min)
2022-11-08 19:12:05,077 [s1@group-EA982605F2E5-FollowerState] INFO  server.RaftServerConfigKeys (ConfUtils.java:logFallback(53)) - raft.server.rpc.first-election.timeout.max = 300ms (fallback to raft.server.rpc.timeout.max)
2022-11-08 19:12:05,078 [Time-limited test] INFO  server.GrpcService (GrpcService.java:startImpl(310)) - s1: GrpcService started, listening on 38917
2022-11-08 19:12:05,079 [Time-limited test] INFO  server.GrpcService (GrpcService.java:startImpl(310)) - s1: GrpcService started, listening on 40635
2022-11-08 19:12:05,081 [s2-impl-thread1] INFO  server.RaftServerConfigKeys (ConfUtils.java:logGet(46)) - raft.server.storage.free-space.min = 0MB (=0) (default)
2022-11-08 19:12:05,081 [s2-impl-thread1] INFO  server.RaftServerConfigKeys (ConfUtils.java:logGet(46)) - raft.server.log.corruption.policy = EXCEPTION (default)
2022-11-08 19:12:05,081 [s2-impl-thread1] INFO  server.RaftServerConfigKeys (ConfUtils.java:logGet(46)) - raft.server.storage.dir = [/home/runner/work/ratis/ratis/ratis-test/target/test/data/39edf034/MiniRaftClusterWithGrpc1caade96/s2] (custom)
2022-11-08 19:12:05,081 [s2-impl-thread1] INFO  storage.RaftStorageDirectory (RaftStorageDirectoryImpl.java:analyzeStorage(138)) - The storage directory /home/runner/work/ratis/ratis/ratis-test/target/test/data/39edf034/MiniRaftClusterWithGrpc1caade96/s2/6773c5a3-d481-4750-a6ba-ea982605f2e5 does not exist. Creating ...
2022-11-08 19:12:05,082 [s2-impl-thread1] TRACE util.FileUtils (LogUtils.java:runAndLog(49)) - Successfully ran Files.createDirectories /home/runner/work/ratis/ratis/ratis-test/target/test/data/39edf034/MiniRaftClusterWithGrpc1caade96/s2/6773c5a3-d481-4750-a6ba-ea982605f2e5
2022-11-08 19:12:05,081 [JvmPauseMonitor1] INFO  util.JvmPauseMonitor (JvmPauseMonitor.java:run(105)) - JvmPauseMonitor-s1: Started
2022-11-08 19:12:05,085 [s2-impl-thread1] INFO  storage.RaftStorageDirectory (RaftStorageDirectoryImpl.java:tryLock(232)) - Lock on /home/runner/work/ratis/ratis/ratis-test/target/test/data/39edf034/MiniRaftClusterWithGrpc1caade96/s2/6773c5a3-d481-4750-a6ba-ea982605f2e5/in_use.lock acquired by nodename 7759@fv-az215-517
2022-11-08 19:12:05,085 [s2-impl-thread1] TRACE util.FileUtils (LogUtils.java:runAndLog(49)) - Successfully ran Files.createDirectories /home/runner/work/ratis/ratis/ratis-test/target/test/data/39edf034/MiniRaftClusterWithGrpc1caade96/s2/6773c5a3-d481-4750-a6ba-ea982605f2e5/current
2022-11-08 19:12:05,085 [s2-impl-thread1] TRACE util.FileUtils (LogUtils.java:runAndLog(49)) - Successfully ran Files.createDirectories /home/runner/work/ratis/ratis/ratis-test/target/test/data/39edf034/MiniRaftClusterWithGrpc1caade96/s2/6773c5a3-d481-4750-a6ba-ea982605f2e5/sm
2022-11-08 19:12:05,088 [s2-impl-thread1] INFO  storage.RaftStorage (RaftStorageImpl.java:format(96)) - Storage directory /home/runner/work/ratis/ratis/ratis-test/target/test/data/39edf034/MiniRaftClusterWithGrpc1caade96/s2/6773c5a3-d481-4750-a6ba-ea982605f2e5 has been successfully formatted.
2022-11-08 19:12:05,088 [s2-impl-thread1] INFO  impl.SimpleStateMachine4Testing (SimpleStateMachine4Testing.java:initialize(213)) - Initializing StateMachineWithException:uninitialized
2022-11-08 19:12:05,088 [s2-impl-thread1] INFO  impl.SimpleStateMachine4Testing (SimpleStateMachine4Testing.java:loadSnapshot(293)) - Loading snapshot null
2022-11-08 19:12:05,088 [s2-impl-thread1] INFO  server.RaftServerConfigKeys (ConfUtils.java:logGet(46)) - raft.server.log.use.memory = false (default)
2022-11-08 19:12:05,089 [s2-impl-thread1] INFO  server.RaftServerConfigKeys (ConfUtils.java:logGet(46)) - raft.server.log.purge.gap = 1024 (default)
2022-11-08 19:12:05,089 [s2-impl-thread1] INFO  server.RaftServerConfigKeys (ConfUtils.java:logGet(46)) - raft.server.log.appender.buffer.byte-limit = 4MB (=4194304) (default)
2022-11-08 19:12:05,089 [s2-impl-thread1] INFO  server.RaftServerConfigKeys (ConfUtils.java:logGet(46)) - raft.server.log.statemachine.data.read.timeout = 1000ms (default)
2022-11-08 19:12:05,089 [s2-impl-thread1] INFO  server.RaftServerConfigKeys (ConfUtils.java:logGet(46)) - raft.server.log.purge.preservation.log.num = 0 (default)
2022-11-08 19:12:05,092 [s2-impl-thread1] INFO  server.RaftServerConfigKeys (ConfUtils.java:logGet(46)) - raft.server.log.segment.size.max = 8MB (=8388608) (default)
2022-11-08 19:12:05,095 [s2-impl-thread1] INFO  server.RaftServerConfigKeys (ConfUtils.java:logGet(46)) - raft.server.log.segment.cache.num.max = 6 (default)
2022-11-08 19:12:05,097 [s2-impl-thread1] INFO  server.RaftServerConfigKeys (ConfUtils.java:logGet(46)) - raft.server.log.segment.cache.size.max = 200MB (=209715200) (default)
2022-11-08 19:12:05,097 [s2-impl-thread1] INFO  segmented.SegmentedRaftLogWorker (SegmentedRaftLogWorker.java:<init>(184)) - new s2@group-EA982605F2E5-SegmentedRaftLogWorker for RaftStorageImpl:Storage Directory /home/runner/work/ratis/ratis/ratis-test/target/test/data/39edf034/MiniRaftClusterWithGrpc1caade96/s2/6773c5a3-d481-4750-a6ba-ea982605f2e5
2022-11-08 19:12:05,098 [s2-impl-thread1] INFO  server.RaftServerConfigKeys (ConfUtils.java:logGet(46)) - raft.server.log.queue.byte-limit = 64MB (=67108864) (default)
2022-11-08 19:12:05,098 [s2-impl-thread1] INFO  server.RaftServerConfigKeys (ConfUtils.java:logGet(46)) - raft.server.log.queue.element-limit = 4096 (default)
2022-11-08 19:12:05,098 [s2-impl-thread1] INFO  server.RaftServerConfigKeys (ConfUtils.java:logGet(46)) - raft.server.log.segment.size.max = 8MB (=8388608) (default)
2022-11-08 19:12:05,098 [s2-impl-thread1] INFO  server.RaftServerConfigKeys (ConfUtils.java:logGet(46)) - raft.server.log.preallocated.size = 4MB (=4194304) (default)
2022-11-08 19:12:05,098 [s2-impl-thread1] INFO  server.RaftServerConfigKeys (ConfUtils.java:logGet(46)) - raft.server.log.force.sync.num = 128 (default)
2022-11-08 19:12:05,098 [s2-impl-thread1] INFO  server.RaftServerConfigKeys (ConfUtils.java:logGet(46)) - raft.server.log.statemachine.data.sync = true (default)
2022-11-08 19:12:05,099 [s2-impl-thread1] INFO  server.RaftServerConfigKeys (ConfUtils.java:logGet(46)) - raft.server.log.statemachine.data.sync.timeout = 10s (default)
2022-11-08 19:12:05,099 [s2-impl-thread1] INFO  server.RaftServerConfigKeys (ConfUtils.java:logGet(46)) - raft.server.log.statemachine.data.sync.timeout.retry = -1 (default)
2022-11-08 19:12:05,103 [s2-impl-thread1] INFO  server.RaftServerConfigKeys (ConfUtils.java:logGet(46)) - raft.server.log.write.buffer.size = 64KB (=65536) (default)
2022-11-08 19:12:05,104 [s2-impl-thread1] INFO  server.RaftServerConfigKeys (ConfUtils.java:logGet(46)) - raft.server.log.appender.buffer.byte-limit = 4MB (=4194304) (default)
2022-11-08 19:12:05,104 [s2-impl-thread1] INFO  server.RaftServerConfigKeys (ConfUtils.java:logGet(46)) - raft.server.log.unsafe-flush.enabled = false (default)
2022-11-08 19:12:05,104 [s2-impl-thread1] INFO  server.RaftServerConfigKeys (ConfUtils.java:logGet(46)) - raft.server.log.async-flush.enabled = false (default)
2022-11-08 19:12:05,104 [s2-impl-thread1] INFO  server.RaftServerConfigKeys (ConfUtils.java:logGet(46)) - raft.server.log.statemachine.data.caching.enabled = false (default)
2022-11-08 19:12:05,105 [s2-impl-thread1] INFO  segmented.SegmentedRaftLogWorker (SegmentedRaftLogWorker.java:lambda$new$0(134)) - s2@group-EA982605F2E5-SegmentedRaftLogWorker: flushIndex: setUnconditionally 0 -> -1
2022-11-08 19:12:05,105 [s2-impl-thread1] INFO  segmented.SegmentedRaftLogWorker (SegmentedRaftLogWorker.java:lambda$new$0(134)) - s2@group-EA982605F2E5-SegmentedRaftLogWorker: safeCacheEvictIndex: setUnconditionally 0 -> -1
2022-11-08 19:12:05,108 [s2-impl-thread1] INFO  server.RaftServer$Division (RaftServerImpl.java:start(338)) - s2@group-EA982605F2E5: start as a follower, conf=-1: peers:[s0|rpc:localhost:34297|admin:localhost:37077|client:localhost:39609|dataStream:localhost:43983|priority:0|startupRole:FOLLOWER, s1|rpc:localhost:38917|admin:localhost:40635|client:localhost:36975|dataStream:localhost:45719|priority:0|startupRole:FOLLOWER, s2|rpc:localhost:35511|admin:localhost:36791|client:localhost:42865|dataStream:localhost:38827|priority:0|startupRole:FOLLOWER]|listeners:[], old=null
2022-11-08 19:12:05,109 [s2-impl-thread1] INFO  server.RaftServer$Division (RaftServerImpl.java:setRole(325)) - s2@group-EA982605F2E5: changes role from      null to FOLLOWER at term 0 for startAsFollower
2022-11-08 19:12:05,109 [s2-impl-thread1] INFO  impl.RoleInfo (RoleInfo.java:updateAndGet(139)) - s2: start s2@group-EA982605F2E5-FollowerState
2022-11-08 19:12:05,113 [s2-impl-thread1] INFO  util.JmxRegister (JmxRegister.java:tryRegister(44)) - Successfully registered JMX Bean with object name Ratis:service=RaftServer,group=group-EA982605F2E5,id=s2
2022-11-08 19:12:05,113 [s2-impl-thread1] INFO  server.RaftServerConfigKeys (ConfUtils.java:logGet(46)) - raft.server.snapshot.auto.trigger.enabled = false (default)
2022-11-08 19:12:05,113 [s2-impl-thread1] INFO  server.RaftServerConfigKeys (ConfUtils.java:logGet(46)) - raft.server.snapshot.retention.file.num = -1 (default)
2022-11-08 19:12:05,113 [s2-impl-thread1] INFO  server.RaftServerConfigKeys (ConfUtils.java:logGet(46)) - raft.server.log.purge.upto.snapshot.index = false (default)
2022-11-08 19:12:05,117 [s2@group-EA982605F2E5-FollowerState] INFO  server.RaftServerConfigKeys (ConfUtils.java:logFallback(53)) - raft.server.rpc.first-election.timeout.min = 150ms (fallback to raft.server.rpc.timeout.min)
2022-11-08 19:12:05,123 [Time-limited test] INFO  server.RaftServer (RaftServerProxy.java:startImpl(396)) - s2: start RPC server
2022-11-08 19:12:05,124 [Time-limited test] INFO  server.GrpcService (GrpcService.java:startImpl(310)) - s2: GrpcService started, listening on 42865
2022-11-08 19:12:05,125 [s2@group-EA982605F2E5-FollowerState] INFO  server.RaftServerConfigKeys (ConfUtils.java:logFallback(53)) - raft.server.rpc.first-election.timeout.max = 300ms (fallback to raft.server.rpc.timeout.max)
2022-11-08 19:12:05,126 [Time-limited test] INFO  server.GrpcService (GrpcService.java:startImpl(310)) - s2: GrpcService started, listening on 35511
2022-11-08 19:12:05,130 [Time-limited test] INFO  server.GrpcService (GrpcService.java:startImpl(310)) - s2: GrpcService started, listening on 36791
2022-11-08 19:12:05,132 [JvmPauseMonitor2] INFO  util.JvmPauseMonitor (JvmPauseMonitor.java:run(105)) - JvmPauseMonitor-s2: Started
2022-11-08 19:12:05,136 [Time-limited test] INFO  server.RaftServerConfigKeys (ConfUtils.java:logGet(46)) - raft.server.rpc.timeout.max = 300ms (default)
2022-11-08 19:12:05,139 [Time-limited test] INFO  ratis.RaftTestUtil (RaftTestUtil.java:waitForLeader(100)) - printing ALL groups
  s0:  RUNNING  FOLLOWER s0@group-EA982605F2E5:t0, leader=null, voted=, raftlog=Memoized:s0@group-EA982605F2E5-SegmentedRaftLog:OPENED:c-1, conf=-1: peers:[s0|rpc:localhost:34297|admin:localhost:37077|client:localhost:39609|dataStream:localhost:43983|priority:0|startupRole:FOLLOWER, s1|rpc:localhost:38917|admin:localhost:40635|client:localhost:36975|dataStream:localhost:45719|priority:0|startupRole:FOLLOWER, s2|rpc:localhost:35511|admin:localhost:36791|client:localhost:42865|dataStream:localhost:38827|priority:0|startupRole:FOLLOWER]|listeners:[], old=null RUNNING
  s1:  RUNNING  FOLLOWER s1@group-EA982605F2E5:t0, leader=null, voted=, raftlog=Memoized:s1@group-EA982605F2E5-SegmentedRaftLog:OPENED:c-1, conf=-1: peers:[s0|rpc:localhost:34297|admin:localhost:37077|client:localhost:39609|dataStream:localhost:43983|priority:0|startupRole:FOLLOWER, s1|rpc:localhost:38917|admin:localhost:40635|client:localhost:36975|dataStream:localhost:45719|priority:0|startupRole:FOLLOWER, s2|rpc:localhost:35511|admin:localhost:36791|client:localhost:42865|dataStream:localhost:38827|priority:0|startupRole:FOLLOWER]|listeners:[], old=null RUNNING
  s2:  RUNNING  FOLLOWER s2@group-EA982605F2E5:t0, leader=null, voted=, raftlog=Memoized:s2@group-EA982605F2E5-SegmentedRaftLog:OPENED:c-1, conf=-1: peers:[s0|rpc:localhost:34297|admin:localhost:37077|client:localhost:39609|dataStream:localhost:43983|priority:0|startupRole:FOLLOWER, s1|rpc:localhost:38917|admin:localhost:40635|client:localhost:36975|dataStream:localhost:45719|priority:0|startupRole:FOLLOWER, s2|rpc:localhost:35511|admin:localhost:36791|client:localhost:42865|dataStream:localhost:38827|priority:0|startupRole:FOLLOWER]|listeners:[], old=null RUNNING
2022-11-08 19:12:05,144 [Time-limited test] WARN  ratis.RaftTestUtil (JavaUtils.java:attempt(217)) - FAILED "waitForLeader-null-(expectLeader? true)", attempt #1/100: java.lang.IllegalStateException: No leader yet : printing ALL groups
  s0:  RUNNING  FOLLOWER s0@group-EA982605F2E5:t0, leader=null, voted=, raftlog=Memoized:s0@group-EA982605F2E5-SegmentedRaftLog:OPENED:c-1, conf=-1: peers:[s0|rpc:localhost:34297|admin:localhost:37077|client:localhost:39609|dataStream:localhost:43983|priority:0|startupRole:FOLLOWER, s1|rpc:localhost:38917|admin:localhost:40635|client:localhost:36975|dataStream:localhost:45719|priority:0|startupRole:FOLLOWER, s2|rpc:localhost:35511|admin:localhost:36791|client:localhost:42865|dataStream:localhost:38827|priority:0|startupRole:FOLLOWER]|listeners:[], old=null RUNNING
  s1:  RUNNING  FOLLOWER s1@group-EA982605F2E5:t0, leader=null, voted=, raftlog=Memoized:s1@group-EA982605F2E5-SegmentedRaftLog:OPENED:c-1, conf=-1: peers:[s0|rpc:localhost:34297|admin:localhost:37077|client:localhost:39609|dataStream:localhost:43983|priority:0|startupRole:FOLLOWER, s1|rpc:localhost:38917|admin:localhost:40635|client:localhost:36975|dataStream:localhost:45719|priority:0|startupRole:FOLLOWER, s2|rpc:localhost:35511|admin:localhost:36791|client:localhost:42865|dataStream:localhost:38827|priority:0|startupRole:FOLLOWER]|listeners:[], old=null RUNNING
  s2:  RUNNING  FOLLOWER s2@group-EA982605F2E5:t0, leader=null, voted=, raftlog=Memoized:s2@group-EA982605F2E5-SegmentedRaftLog:OPENED:c-1, conf=-1: peers:[s0|rpc:localhost:34297|admin:localhost:37077|client:localhost:39609|dataStream:localhost:43983|priority:0|startupRole:FOLLOWER, s1|rpc:localhost:38917|admin:localhost:40635|client:localhost:36975|dataStream:localhost:45719|priority:0|startupRole:FOLLOWER, s2|rpc:localhost:35511|admin:localhost:36791|client:localhost:42865|dataStream:localhost:38827|priority:0|startupRole:FOLLOWER]|listeners:[], old=null RUNNING, sleep 450ms and then retry.
java.lang.IllegalStateException: No leader yet : printing ALL groups
  s0:  RUNNING  FOLLOWER s0@group-EA982605F2E5:t0, leader=null, voted=, raftlog=Memoized:s0@group-EA982605F2E5-SegmentedRaftLog:OPENED:c-1, conf=-1: peers:[s0|rpc:localhost:34297|admin:localhost:37077|client:localhost:39609|dataStream:localhost:43983|priority:0|startupRole:FOLLOWER, s1|rpc:localhost:38917|admin:localhost:40635|client:localhost:36975|dataStream:localhost:45719|priority:0|startupRole:FOLLOWER, s2|rpc:localhost:35511|admin:localhost:36791|client:localhost:42865|dataStream:localhost:38827|priority:0|startupRole:FOLLOWER]|listeners:[], old=null RUNNING
  s1:  RUNNING  FOLLOWER s1@group-EA982605F2E5:t0, leader=null, voted=, raftlog=Memoized:s1@group-EA982605F2E5-SegmentedRaftLog:OPENED:c-1, conf=-1: peers:[s0|rpc:localhost:34297|admin:localhost:37077|client:localhost:39609|dataStream:localhost:43983|priority:0|startupRole:FOLLOWER, s1|rpc:localhost:38917|admin:localhost:40635|client:localhost:36975|dataStream:localhost:45719|priority:0|startupRole:FOLLOWER, s2|rpc:localhost:35511|admin:localhost:36791|client:localhost:42865|dataStream:localhost:38827|priority:0|startupRole:FOLLOWER]|listeners:[], old=null RUNNING
  s2:  RUNNING  FOLLOWER s2@group-EA982605F2E5:t0, leader=null, voted=, raftlog=Memoized:s2@group-EA982605F2E5-SegmentedRaftLog:OPENED:c-1, conf=-1: peers:[s0|rpc:localhost:34297|admin:localhost:37077|client:localhost:39609|dataStream:localhost:43983|priority:0|startupRole:FOLLOWER, s1|rpc:localhost:38917|admin:localhost:40635|client:localhost:36975|dataStream:localhost:45719|priority:0|startupRole:FOLLOWER, s2|rpc:localhost:35511|admin:localhost:36791|client:localhost:42865|dataStream:localhost:38827|priority:0|startupRole:FOLLOWER]|listeners:[], old=null RUNNING
	at org.apache.ratis.server.impl.MiniRaftCluster.newIllegalStateExceptionForNoLeaders(MiniRaftCluster.java:581)
	at org.apache.ratis.RaftTestUtil.lambda$waitForLeader$1(RaftTestUtil.java:104)
	at org.apache.ratis.server.impl.MiniRaftCluster.getLeader(MiniRaftCluster.java:615)
	at org.apache.ratis.server.impl.MiniRaftCluster.getLeader(MiniRaftCluster.java:608)
	at org.apache.ratis.RaftTestUtil.lambda$waitForLeader$3(RaftTestUtil.java:112)
	at org.apache.ratis.util.JavaUtils.attempt(JavaUtils.java:211)
	at org.apache.ratis.util.JavaUtils.attemptRepeatedly(JavaUtils.java:197)
	at org.apache.ratis.RaftTestUtil.waitForLeader(RaftTestUtil.java:111)
	at org.apache.ratis.RaftTestUtil.waitForLeader(RaftTestUtil.java:92)
	at org.apache.ratis.RaftTestUtil.waitForLeader(RaftTestUtil.java:87)
	at org.apache.ratis.server.impl.RaftStateMachineExceptionTests.runTestRetryOnStateMachineException(RaftStateMachineExceptionTests.java:106)
	at org.apache.ratis.server.impl.MiniRaftCluster$Factory$Get.runWithNewCluster(MiniRaftCluster.java:141)
	at org.apache.ratis.server.impl.MiniRaftCluster$Factory$Get.runWithNewCluster(MiniRaftCluster.java:121)
	at org.apache.ratis.server.impl.RaftStateMachineExceptionTests.testRetryOnStateMachineException(RaftStateMachineExceptionTests.java:102)
	at java.base/jdk.internal.reflect.NativeMethodAccessorImpl.invoke0(Native Method)
	at java.base/jdk.internal.reflect.NativeMethodAccessorImpl.invoke(NativeMethodAccessorImpl.java:62)
	at java.base/jdk.internal.reflect.DelegatingMethodAccessorImpl.invoke(DelegatingMethodAccessorImpl.java:43)
	at java.base/java.lang.reflect.Method.invoke(Method.java:566)
	at org.junit.runners.model.FrameworkMethod$1.runReflectiveCall(FrameworkMethod.java:59)
	at org.junit.internal.runners.model.ReflectiveCallable.run(ReflectiveCallable.java:12)
	at org.junit.runners.model.FrameworkMethod.invokeExplosively(FrameworkMethod.java:56)
	at org.junit.internal.runners.statements.InvokeMethod.evaluate(InvokeMethod.java:17)
	at org.junit.internal.runners.statements.RunAfters.evaluate(RunAfters.java:27)
	at org.junit.internal.runners.statements.FailOnTimeout$CallableStatement.call(FailOnTimeout.java:299)
	at org.junit.internal.runners.statements.FailOnTimeout$CallableStatement.call(FailOnTimeout.java:293)
	at java.base/java.util.concurrent.FutureTask.run(FutureTask.java:264)
	at java.base/java.lang.Thread.run(Thread.java:829)
2022-11-08 19:12:05,275 [s0@group-EA982605F2E5-FollowerState] INFO  impl.FollowerState (FollowerState.java:run(143)) - s0@group-EA982605F2E5-FollowerState: change to CANDIDATE, lastRpcElapsedTime:318415909ns, electionTimeout:290ms
2022-11-08 19:12:05,276 [s0@group-EA982605F2E5-FollowerState] INFO  impl.RoleInfo (RoleInfo.java:shutdownFollowerState(110)) - s0: shutdown s0@group-EA982605F2E5-FollowerState
2022-11-08 19:12:05,276 [s0@group-EA982605F2E5-FollowerState] INFO  server.RaftServer$Division (RaftServerImpl.java:setRole(325)) - s0@group-EA982605F2E5: changes role from  FOLLOWER to CANDIDATE at term 0 for changeToCandidate
2022-11-08 19:12:05,278 [s0@group-EA982605F2E5-FollowerState] INFO  server.RaftServerConfigKeys (ConfUtils.java:logGet(46)) - raft.server.leaderelection.pre-vote = true (default)
2022-11-08 19:12:05,279 [s0@group-EA982605F2E5-FollowerState] INFO  impl.RoleInfo (RoleInfo.java:updateAndGet(139)) - s0: start s0@group-EA982605F2E5-LeaderElection1
2022-11-08 19:12:05,284 [s0@group-EA982605F2E5-LeaderElection1] INFO  impl.LeaderElection (LeaderElection.java:askForVotes(309)) - s0@group-EA982605F2E5-LeaderElection1 PRE_VOTE round 0: submit vote requests at term 0 for -1: peers:[s0|rpc:localhost:34297|admin:localhost:37077|client:localhost:39609|dataStream:localhost:43983|priority:0|startupRole:FOLLOWER, s1|rpc:localhost:38917|admin:localhost:40635|client:localhost:36975|dataStream:localhost:45719|priority:0|startupRole:FOLLOWER, s2|rpc:localhost:35511|admin:localhost:36791|client:localhost:42865|dataStream:localhost:38827|priority:0|startupRole:FOLLOWER]|listeners:[], old=null
2022-11-08 19:12:05,302 [s0@group-EA982605F2E5-LeaderElection1] INFO  server.RaftServerConfigKeys (ConfUtils.java:logFallback(53)) - raft.server.rpc.first-election.timeout.min = 150ms (fallback to raft.server.rpc.timeout.min)
2022-11-08 19:12:05,303 [s0@group-EA982605F2E5-LeaderElection1] INFO  server.RaftServerConfigKeys (ConfUtils.java:logFallback(53)) - raft.server.rpc.first-election.timeout.max = 300ms (fallback to raft.server.rpc.timeout.max)
2022-11-08 19:12:05,306 [s0@group-EA982605F2E5-LeaderElection1-1] INFO  server.GrpcServerProtocolClient (GrpcServerProtocolClient.java:<init>(63)) - Build channel for s1
2022-11-08 19:12:05,306 [s0@group-EA982605F2E5-LeaderElection1-2] INFO  server.GrpcServerProtocolClient (GrpcServerProtocolClient.java:<init>(63)) - Build channel for s2
2022-11-08 19:12:05,319 [s1@group-EA982605F2E5-FollowerState] INFO  impl.FollowerState (FollowerState.java:run(143)) - s1@group-EA982605F2E5-FollowerState: change to CANDIDATE, lastRpcElapsedTime:262113289ns, electionTimeout:242ms
2022-11-08 19:12:05,321 [s1@group-EA982605F2E5-FollowerState] INFO  impl.RoleInfo (RoleInfo.java:shutdownFollowerState(110)) - s1: shutdown s1@group-EA982605F2E5-FollowerState
2022-11-08 19:12:05,321 [s1@group-EA982605F2E5-FollowerState] INFO  server.RaftServer$Division (RaftServerImpl.java:setRole(325)) - s1@group-EA982605F2E5: changes role from  FOLLOWER to CANDIDATE at term 0 for changeToCandidate
2022-11-08 19:12:05,325 [s1@group-EA982605F2E5-FollowerState] INFO  server.RaftServerConfigKeys (ConfUtils.java:logGet(46)) - raft.server.leaderelection.pre-vote = true (default)
2022-11-08 19:12:05,325 [s1@group-EA982605F2E5-FollowerState] INFO  impl.RoleInfo (RoleInfo.java:updateAndGet(139)) - s1: start s1@group-EA982605F2E5-LeaderElection2
2022-11-08 19:12:05,330 [s2@group-EA982605F2E5-FollowerState] INFO  impl.FollowerState (FollowerState.java:run(143)) - s2@group-EA982605F2E5-FollowerState: change to CANDIDATE, lastRpcElapsedTime:221600359ns, electionTimeout:202ms
2022-11-08 19:12:05,331 [s2@group-EA982605F2E5-FollowerState] INFO  impl.RoleInfo (RoleInfo.java:shutdownFollowerState(110)) - s2: shutdown s2@group-EA982605F2E5-FollowerState
2022-11-08 19:12:05,331 [s2@group-EA982605F2E5-FollowerState] INFO  server.RaftServer$Division (RaftServerImpl.java:setRole(325)) - s2@group-EA982605F2E5: changes role from  FOLLOWER to CANDIDATE at term 0 for changeToCandidate
2022-11-08 19:12:05,333 [s2@group-EA982605F2E5-FollowerState] INFO  server.RaftServerConfigKeys (ConfUtils.java:logGet(46)) - raft.server.leaderelection.pre-vote = true (default)
2022-11-08 19:12:05,333 [s2@group-EA982605F2E5-FollowerState] INFO  impl.RoleInfo (RoleInfo.java:updateAndGet(139)) - s2: start s2@group-EA982605F2E5-LeaderElection3
2022-11-08 19:12:05,333 [s1@group-EA982605F2E5-LeaderElection2] INFO  impl.LeaderElection (LeaderElection.java:askForVotes(309)) - s1@group-EA982605F2E5-LeaderElection2 PRE_VOTE round 0: submit vote requests at term 0 for -1: peers:[s0|rpc:localhost:34297|admin:localhost:37077|client:localhost:39609|dataStream:localhost:43983|priority:0|startupRole:FOLLOWER, s1|rpc:localhost:38917|admin:localhost:40635|client:localhost:36975|dataStream:localhost:45719|priority:0|startupRole:FOLLOWER, s2|rpc:localhost:35511|admin:localhost:36791|client:localhost:42865|dataStream:localhost:38827|priority:0|startupRole:FOLLOWER]|listeners:[], old=null
2022-11-08 19:12:05,345 [s1@group-EA982605F2E5-LeaderElection2-1] INFO  server.GrpcServerProtocolClient (GrpcServerProtocolClient.java:<init>(63)) - Build channel for s0
2022-11-08 19:12:05,345 [s1@group-EA982605F2E5-LeaderElection2] INFO  server.RaftServerConfigKeys (ConfUtils.java:logFallback(53)) - raft.server.rpc.first-election.timeout.min = 150ms (fallback to raft.server.rpc.timeout.min)
2022-11-08 19:12:05,348 [s1@group-EA982605F2E5-LeaderElection2] INFO  server.RaftServerConfigKeys (ConfUtils.java:logFallback(53)) - raft.server.rpc.first-election.timeout.max = 300ms (fallback to raft.server.rpc.timeout.max)
2022-11-08 19:12:05,353 [s2@group-EA982605F2E5-LeaderElection3] INFO  impl.LeaderElection (LeaderElection.java:askForVotes(309)) - s2@group-EA982605F2E5-LeaderElection3 PRE_VOTE round 0: submit vote requests at term 0 for -1: peers:[s0|rpc:localhost:34297|admin:localhost:37077|client:localhost:39609|dataStream:localhost:43983|priority:0|startupRole:FOLLOWER, s1|rpc:localhost:38917|admin:localhost:40635|client:localhost:36975|dataStream:localhost:45719|priority:0|startupRole:FOLLOWER, s2|rpc:localhost:35511|admin:localhost:36791|client:localhost:42865|dataStream:localhost:38827|priority:0|startupRole:FOLLOWER]|listeners:[], old=null
2022-11-08 19:12:05,353 [s2@group-EA982605F2E5-LeaderElection3] INFO  server.RaftServerConfigKeys (ConfUtils.java:logFallback(53)) - raft.server.rpc.first-election.timeout.min = 150ms (fallback to raft.server.rpc.timeout.min)
2022-11-08 19:12:05,354 [s2@group-EA982605F2E5-LeaderElection3] INFO  server.RaftServerConfigKeys (ConfUtils.java:logFallback(53)) - raft.server.rpc.first-election.timeout.max = 300ms (fallback to raft.server.rpc.timeout.max)
2022-11-08 19:12:05,354 [s1@group-EA982605F2E5-LeaderElection2-2] INFO  server.GrpcServerProtocolClient (GrpcServerProtocolClient.java:<init>(63)) - Build channel for s2
2022-11-08 19:12:05,363 [s2@group-EA982605F2E5-LeaderElection3-1] INFO  server.GrpcServerProtocolClient (GrpcServerProtocolClient.java:<init>(63)) - Build channel for s0
2022-11-08 19:12:05,364 [s2@group-EA982605F2E5-LeaderElection3-2] INFO  server.GrpcServerProtocolClient (GrpcServerProtocolClient.java:<init>(63)) - Build channel for s1
2022-11-08 19:12:05,547 [s1@group-EA982605F2E5-LeaderElection2] INFO  impl.LeaderElection (LeaderElection.java:logAndReturn(89)) - s1@group-EA982605F2E5-LeaderElection2: PRE_VOTE TIMEOUT received 0 response(s) and 0 exception(s):
2022-11-08 19:12:05,547 [s1@group-EA982605F2E5-LeaderElection2] INFO  impl.LeaderElection (LeaderElection.java:askForVotes(311)) - s1@group-EA982605F2E5-LeaderElection2 PRE_VOTE round 0: result TIMEOUT
2022-11-08 19:12:05,547 [s1@group-EA982605F2E5-LeaderElection2] INFO  impl.LeaderElection (LeaderElection.java:askForVotes(309)) - s1@group-EA982605F2E5-LeaderElection2 PRE_VOTE round 1: submit vote requests at term 0 for -1: peers:[s0|rpc:localhost:34297|admin:localhost:37077|client:localhost:39609|dataStream:localhost:43983|priority:0|startupRole:FOLLOWER, s1|rpc:localhost:38917|admin:localhost:40635|client:localhost:36975|dataStream:localhost:45719|priority:0|startupRole:FOLLOWER, s2|rpc:localhost:35511|admin:localhost:36791|client:localhost:42865|dataStream:localhost:38827|priority:0|startupRole:FOLLOWER]|listeners:[], old=null
2022-11-08 19:12:05,555 [s1@group-EA982605F2E5-LeaderElection2] INFO  server.RaftServerConfigKeys (ConfUtils.java:logFallback(53)) - raft.server.rpc.first-election.timeout.min = 150ms (fallback to raft.server.rpc.timeout.min)
2022-11-08 19:12:05,556 [s1@group-EA982605F2E5-LeaderElection2] INFO  server.RaftServerConfigKeys (ConfUtils.java:logFallback(53)) - raft.server.rpc.first-election.timeout.max = 300ms (fallback to raft.server.rpc.timeout.max)
2022-11-08 19:12:05,577 [s0@group-EA982605F2E5-LeaderElection1] INFO  impl.LeaderElection (LeaderElection.java:logAndReturn(89)) - s0@group-EA982605F2E5-LeaderElection1: PRE_VOTE TIMEOUT received 0 response(s) and 0 exception(s):
2022-11-08 19:12:05,577 [s0@group-EA982605F2E5-LeaderElection1] INFO  impl.LeaderElection (LeaderElection.java:askForVotes(311)) - s0@group-EA982605F2E5-LeaderElection1 PRE_VOTE round 0: result TIMEOUT
2022-11-08 19:12:05,577 [s0@group-EA982605F2E5-LeaderElection1] INFO  impl.LeaderElection (LeaderElection.java:askForVotes(309)) - s0@group-EA982605F2E5-LeaderElection1 PRE_VOTE round 1: submit vote requests at term 0 for -1: peers:[s0|rpc:localhost:34297|admin:localhost:37077|client:localhost:39609|dataStream:localhost:43983|priority:0|startupRole:FOLLOWER, s1|rpc:localhost:38917|admin:localhost:40635|client:localhost:36975|dataStream:localhost:45719|priority:0|startupRole:FOLLOWER, s2|rpc:localhost:35511|admin:localhost:36791|client:localhost:42865|dataStream:localhost:38827|priority:0|startupRole:FOLLOWER]|listeners:[], old=null
2022-11-08 19:12:05,590 [s0@group-EA982605F2E5-LeaderElection1] INFO  server.RaftServerConfigKeys (ConfUtils.java:logFallback(53)) - raft.server.rpc.first-election.timeout.min = 150ms (fallback to raft.server.rpc.timeout.min)
2022-11-08 19:12:05,591 [s0@group-EA982605F2E5-LeaderElection1] INFO  server.RaftServerConfigKeys (ConfUtils.java:logFallback(53)) - raft.server.rpc.first-election.timeout.max = 300ms (fallback to raft.server.rpc.timeout.max)
2022-11-08 19:12:05,607 [Time-limited test] WARN  ratis.RaftTestUtil (JavaUtils.java:attempt(217)) - FAILED "waitForLeader-null-(expectLeader? true)", attempt #2/100: java.lang.IllegalStateException: No leader yet : printing ALL groups
  s0:  RUNNING CANDIDATE s0@group-EA982605F2E5:t0, leader=null, voted=, raftlog=Memoized:s0@group-EA982605F2E5-SegmentedRaftLog:OPENED:c-1, conf=-1: peers:[s0|rpc:localhost:34297|admin:localhost:37077|client:localhost:39609|dataStream:localhost:43983|priority:0|startupRole:FOLLOWER, s1|rpc:localhost:38917|admin:localhost:40635|client:localhost:36975|dataStream:localhost:45719|priority:0|startupRole:FOLLOWER, s2|rpc:localhost:35511|admin:localhost:36791|client:localhost:42865|dataStream:localhost:38827|priority:0|startupRole:FOLLOWER]|listeners:[], old=null RUNNING
  s1:  RUNNING CANDIDATE s1@group-EA982605F2E5:t0, leader=null, voted=, raftlog=Memoized:s1@group-EA982605F2E5-SegmentedRaftLog:OPENED:c-1, conf=-1: peers:[s0|rpc:localhost:34297|admin:localhost:37077|client:localhost:39609|dataStream:localhost:43983|priority:0|startupRole:FOLLOWER, s1|rpc:localhost:38917|admin:localhost:40635|client:localhost:36975|dataStream:localhost:45719|priority:0|startupRole:FOLLOWER, s2|rpc:localhost:35511|admin:localhost:36791|client:localhost:42865|dataStream:localhost:38827|priority:0|startupRole:FOLLOWER]|listeners:[], old=null RUNNING
  s2:  RUNNING CANDIDATE s2@group-EA982605F2E5:t0, leader=null, voted=, raftlog=Memoized:s2@group-EA982605F2E5-SegmentedRaftLog:OPENED:c-1, conf=-1: peers:[s0|rpc:localhost:34297|admin:localhost:37077|client:localhost:39609|dataStream:localhost:43983|priority:0|startupRole:FOLLOWER, s1|rpc:localhost:38917|admin:localhost:40635|client:localhost:36975|dataStream:localhost:45719|priority:0|startupRole:FOLLOWER, s2|rpc:localhost:35511|admin:localhost:36791|client:localhost:42865|dataStream:localhost:38827|priority:0|startupRole:FOLLOWER]|listeners:[], old=null RUNNING, sleep 450ms and then retry.
java.lang.IllegalStateException: No leader yet : printing ALL groups
  s0:  RUNNING CANDIDATE s0@group-EA982605F2E5:t0, leader=null, voted=, raftlog=Memoized:s0@group-EA982605F2E5-SegmentedRaftLog:OPENED:c-1, conf=-1: peers:[s0|rpc:localhost:34297|admin:localhost:37077|client:localhost:39609|dataStream:localhost:43983|priority:0|startupRole:FOLLOWER, s1|rpc:localhost:38917|admin:localhost:40635|client:localhost:36975|dataStream:localhost:45719|priority:0|startupRole:FOLLOWER, s2|rpc:localhost:35511|admin:localhost:36791|client:localhost:42865|dataStream:localhost:38827|priority:0|startupRole:FOLLOWER]|listeners:[], old=null RUNNING
  s1:  RUNNING CANDIDATE s1@group-EA982605F2E5:t0, leader=null, voted=, raftlog=Memoized:s1@group-EA982605F2E5-SegmentedRaftLog:OPENED:c-1, conf=-1: peers:[s0|rpc:localhost:34297|admin:localhost:37077|client:localhost:39609|dataStream:localhost:43983|priority:0|startupRole:FOLLOWER, s1|rpc:localhost:38917|admin:localhost:40635|client:localhost:36975|dataStream:localhost:45719|priority:0|startupRole:FOLLOWER, s2|rpc:localhost:35511|admin:localhost:36791|client:localhost:42865|dataStream:localhost:38827|priority:0|startupRole:FOLLOWER]|listeners:[], old=null RUNNING
  s2:  RUNNING CANDIDATE s2@group-EA982605F2E5:t0, leader=null, voted=, raftlog=Memoized:s2@group-EA982605F2E5-SegmentedRaftLog:OPENED:c-1, conf=-1: peers:[s0|rpc:localhost:34297|admin:localhost:37077|client:localhost:39609|dataStream:localhost:43983|priority:0|startupRole:FOLLOWER, s1|rpc:localhost:38917|admin:localhost:40635|client:localhost:36975|dataStream:localhost:45719|priority:0|startupRole:FOLLOWER, s2|rpc:localhost:35511|admin:localhost:36791|client:localhost:42865|dataStream:localhost:38827|priority:0|startupRole:FOLLOWER]|listeners:[], old=null RUNNING
	at org.apache.ratis.server.impl.MiniRaftCluster.newIllegalStateExceptionForNoLeaders(MiniRaftCluster.java:581)
	at org.apache.ratis.RaftTestUtil.lambda$waitForLeader$1(RaftTestUtil.java:104)
	at org.apache.ratis.server.impl.MiniRaftCluster.getLeader(MiniRaftCluster.java:615)
	at org.apache.ratis.server.impl.MiniRaftCluster.getLeader(MiniRaftCluster.java:608)
	at org.apache.ratis.RaftTestUtil.lambda$waitForLeader$3(RaftTestUtil.java:112)
	at org.apache.ratis.util.JavaUtils.attempt(JavaUtils.java:211)
	at org.apache.ratis.util.JavaUtils.attemptRepeatedly(JavaUtils.java:197)
	at org.apache.ratis.RaftTestUtil.waitForLeader(RaftTestUtil.java:111)
	at org.apache.ratis.RaftTestUtil.waitForLeader(RaftTestUtil.java:92)
	at org.apache.ratis.RaftTestUtil.waitForLeader(RaftTestUtil.java:87)
	at org.apache.ratis.server.impl.RaftStateMachineExceptionTests.runTestRetryOnStateMachineException(RaftStateMachineExceptionTests.java:106)
	at org.apache.ratis.server.impl.MiniRaftCluster$Factory$Get.runWithNewCluster(MiniRaftCluster.java:141)
	at org.apache.ratis.server.impl.MiniRaftCluster$Factory$Get.runWithNewCluster(MiniRaftCluster.java:121)
	at org.apache.ratis.server.impl.RaftStateMachineExceptionTests.testRetryOnStateMachineException(RaftStateMachineExceptionTests.java:102)
	at java.base/jdk.internal.reflect.NativeMethodAccessorImpl.invoke0(Native Method)
	at java.base/jdk.internal.reflect.NativeMethodAccessorImpl.invoke(NativeMethodAccessorImpl.java:62)
	at java.base/jdk.internal.reflect.DelegatingMethodAccessorImpl.invoke(DelegatingMethodAccessorImpl.java:43)
	at java.base/java.lang.reflect.Method.invoke(Method.java:566)
	at org.junit.runners.model.FrameworkMethod$1.runReflectiveCall(FrameworkMethod.java:59)
	at org.junit.internal.runners.model.ReflectiveCallable.run(ReflectiveCallable.java:12)
	at org.junit.runners.model.FrameworkMethod.invokeExplosively(FrameworkMethod.java:56)
	at org.junit.internal.runners.statements.InvokeMethod.evaluate(InvokeMethod.java:17)
	at org.junit.internal.runners.statements.RunAfters.evaluate(RunAfters.java:27)
	at org.junit.internal.runners.statements.FailOnTimeout$CallableStatement.call(FailOnTimeout.java:299)
	at org.junit.internal.runners.statements.FailOnTimeout$CallableStatement.call(FailOnTimeout.java:293)
	at java.base/java.util.concurrent.FutureTask.run(FutureTask.java:264)
	at java.base/java.lang.Thread.run(Thread.java:829)
2022-11-08 19:12:05,616 [s2@group-EA982605F2E5-LeaderElection3] INFO  impl.LeaderElection (LeaderElection.java:logAndReturn(89)) - s2@group-EA982605F2E5-LeaderElection3: PRE_VOTE TIMEOUT received 0 response(s) and 0 exception(s):
2022-11-08 19:12:05,616 [s2@group-EA982605F2E5-LeaderElection3] INFO  impl.LeaderElection (LeaderElection.java:askForVotes(311)) - s2@group-EA982605F2E5-LeaderElection3 PRE_VOTE round 0: result TIMEOUT
2022-11-08 19:12:05,616 [s2@group-EA982605F2E5-LeaderElection3] INFO  impl.LeaderElection (LeaderElection.java:askForVotes(309)) - s2@group-EA982605F2E5-LeaderElection3 PRE_VOTE round 1: submit vote requests at term 0 for -1: peers:[s0|rpc:localhost:34297|admin:localhost:37077|client:localhost:39609|dataStream:localhost:43983|priority:0|startupRole:FOLLOWER, s1|rpc:localhost:38917|admin:localhost:40635|client:localhost:36975|dataStream:localhost:45719|priority:0|startupRole:FOLLOWER, s2|rpc:localhost:35511|admin:localhost:36791|client:localhost:42865|dataStream:localhost:38827|priority:0|startupRole:FOLLOWER]|listeners:[], old=null
2022-11-08 19:12:05,620 [s2@group-EA982605F2E5-LeaderElection3] INFO  server.RaftServerConfigKeys (ConfUtils.java:logFallback(53)) - raft.server.rpc.first-election.timeout.min = 150ms (fallback to raft.server.rpc.timeout.min)
2022-11-08 19:12:05,620 [s2@group-EA982605F2E5-LeaderElection3] INFO  server.RaftServerConfigKeys (ConfUtils.java:logFallback(53)) - raft.server.rpc.first-election.timeout.max = 300ms (fallback to raft.server.rpc.timeout.max)
2022-11-08 19:12:05,739 [grpc-default-executor-7] INFO  server.RaftServer$Division (RaftServerImpl.java:requestVote(1294)) - s1@group-EA982605F2E5: receive requestVote(PRE_VOTE, s0, group-EA982605F2E5, 0, (t:0, i:0))
2022-11-08 19:12:05,743 [grpc-default-executor-2] INFO  server.RaftServer$Division (RaftServerImpl.java:requestVote(1294)) - s0@group-EA982605F2E5: receive requestVote(PRE_VOTE, s1, group-EA982605F2E5, 0, (t:0, i:0))
2022-11-08 19:12:05,744 [grpc-default-executor-2] INFO  impl.VoteContext (VoteContext.java:log(49)) - s0@group-EA982605F2E5-CANDIDATE: accept PRE_VOTE from s1: our priority 0 <= candidate's priority 0
2022-11-08 19:12:05,745 [s0@group-EA982605F2E5-LeaderElection1] INFO  impl.LeaderElection (LeaderElection.java:logAndReturn(89)) - s0@group-EA982605F2E5-LeaderElection1: PRE_VOTE TIMEOUT received 0 response(s) and 0 exception(s):
2022-11-08 19:12:05,742 [grpc-default-executor-5] INFO  server.RaftServer$Division (RaftServerImpl.java:requestVote(1294)) - s2@group-EA982605F2E5: receive requestVote(PRE_VOTE, s1, group-EA982605F2E5, 0, (t:0, i:0))
2022-11-08 19:12:05,742 [grpc-default-executor-8] INFO  server.RaftServer$Division (RaftServerImpl.java:requestVote(1294)) - s1@group-EA982605F2E5: receive requestVote(PRE_VOTE, s0, group-EA982605F2E5, 0, (t:0, i:0))
2022-11-08 19:12:05,742 [grpc-default-executor-4] INFO  server.RaftServer$Division (RaftServerImpl.java:requestVote(1294)) - s0@group-EA982605F2E5: receive requestVote(PRE_VOTE, s2, group-EA982605F2E5, 0, (t:0, i:0))
2022-11-08 19:12:05,740 [grpc-default-executor-6] INFO  server.RaftServer$Division (RaftServerImpl.java:requestVote(1294)) - s1@group-EA982605F2E5: receive requestVote(PRE_VOTE, s2, group-EA982605F2E5, 0, (t:0, i:0))
2022-11-08 19:12:05,740 [grpc-default-executor-3] INFO  server.RaftServer$Division (RaftServerImpl.java:requestVote(1294)) - s2@group-EA982605F2E5: receive requestVote(PRE_VOTE, s0, group-EA982605F2E5, 0, (t:0, i:0))
2022-11-08 19:12:05,740 [grpc-default-executor-0] INFO  server.RaftServer$Division (RaftServerImpl.java:requestVote(1294)) - s1@group-EA982605F2E5: receive requestVote(PRE_VOTE, s2, group-EA982605F2E5, 0, (t:0, i:0))
2022-11-08 19:12:05,745 [s0@group-EA982605F2E5-LeaderElection1] INFO  impl.LeaderElection (LeaderElection.java:askForVotes(311)) - s0@group-EA982605F2E5-LeaderElection1 PRE_VOTE round 1: result TIMEOUT
2022-11-08 19:12:05,745 [grpc-default-executor-1] INFO  server.RaftServer$Division (RaftServerImpl.java:requestVote(1294)) - s2@group-EA982605F2E5: receive requestVote(PRE_VOTE, s1, group-EA982605F2E5, 0, (t:0, i:0))
2022-11-08 19:12:05,747 [s1@group-EA982605F2E5-LeaderElection2] INFO  impl.LeaderElection (LeaderElection.java:logAndReturn(89)) - s1@group-EA982605F2E5-LeaderElection2: PRE_VOTE TIMEOUT received 0 response(s) and 0 exception(s):
2022-11-08 19:12:05,748 [s1@group-EA982605F2E5-LeaderElection2] INFO  impl.LeaderElection (LeaderElection.java:askForVotes(311)) - s1@group-EA982605F2E5-LeaderElection2 PRE_VOTE round 1: result TIMEOUT
2022-11-08 19:12:05,747 [grpc-default-executor-5] INFO  impl.VoteContext (VoteContext.java:log(49)) - s2@group-EA982605F2E5-CANDIDATE: accept PRE_VOTE from s1: our priority 0 <= candidate's priority 0
2022-11-08 19:12:05,747 [grpc-default-executor-7] INFO  impl.VoteContext (VoteContext.java:log(49)) - s1@group-EA982605F2E5-CANDIDATE: accept PRE_VOTE from s0: our priority 0 <= candidate's priority 0
2022-11-08 19:12:05,754 [grpc-default-executor-9] INFO  server.RaftServer$Division (RaftServerImpl.java:requestVote(1294)) - s0@group-EA982605F2E5: receive requestVote(PRE_VOTE, s1, group-EA982605F2E5, 0, (t:0, i:0))
2022-11-08 19:12:05,754 [grpc-default-executor-11] INFO  server.RaftServer$Division (RaftServerImpl.java:requestVote(1294)) - s2@group-EA982605F2E5: receive requestVote(PRE_VOTE, s0, group-EA982605F2E5, 0, (t:0, i:0))
2022-11-08 19:12:05,757 [grpc-default-executor-2] INFO  server.RaftServer$Division (RaftServerImpl.java:requestVote(1327)) - s0@group-EA982605F2E5 replies to PRE_VOTE vote request: s1<-s0#0:OK-t0. Peer's state: s0@group-EA982605F2E5:t0, leader=null, voted=, raftlog=Memoized:s0@group-EA982605F2E5-SegmentedRaftLog:OPENED:c-1, conf=-1: peers:[s0|rpc:localhost:34297|admin:localhost:37077|client:localhost:39609|dataStream:localhost:43983|priority:0|startupRole:FOLLOWER, s1|rpc:localhost:38917|admin:localhost:40635|client:localhost:36975|dataStream:localhost:45719|priority:0|startupRole:FOLLOWER, s2|rpc:localhost:35511|admin:localhost:36791|client:localhost:42865|dataStream:localhost:38827|priority:0|startupRole:FOLLOWER]|listeners:[], old=null
2022-11-08 19:12:05,757 [grpc-default-executor-5] INFO  server.RaftServer$Division (RaftServerImpl.java:requestVote(1327)) - s2@group-EA982605F2E5 replies to PRE_VOTE vote request: s1<-s2#0:OK-t0. Peer's state: s2@group-EA982605F2E5:t0, leader=null, voted=, raftlog=Memoized:s2@group-EA982605F2E5-SegmentedRaftLog:OPENED:c-1, conf=-1: peers:[s0|rpc:localhost:34297|admin:localhost:37077|client:localhost:39609|dataStream:localhost:43983|priority:0|startupRole:FOLLOWER, s1|rpc:localhost:38917|admin:localhost:40635|client:localhost:36975|dataStream:localhost:45719|priority:0|startupRole:FOLLOWER, s2|rpc:localhost:35511|admin:localhost:36791|client:localhost:42865|dataStream:localhost:38827|priority:0|startupRole:FOLLOWER]|listeners:[], old=null
2022-11-08 19:12:05,757 [grpc-default-executor-11] INFO  impl.VoteContext (VoteContext.java:log(49)) - s2@group-EA982605F2E5-CANDIDATE: accept PRE_VOTE from s0: our priority 0 <= candidate's priority 0
2022-11-08 19:12:05,757 [grpc-default-executor-7] INFO  server.RaftServer$Division (RaftServerImpl.java:requestVote(1327)) - s1@group-EA982605F2E5 replies to PRE_VOTE vote request: s0<-s1#0:OK-t0. Peer's state: s1@group-EA982605F2E5:t0, leader=null, voted=, raftlog=Memoized:s1@group-EA982605F2E5-SegmentedRaftLog:OPENED:c-1, conf=-1: peers:[s0|rpc:localhost:34297|admin:localhost:37077|client:localhost:39609|dataStream:localhost:43983|priority:0|startupRole:FOLLOWER, s1|rpc:localhost:38917|admin:localhost:40635|client:localhost:36975|dataStream:localhost:45719|priority:0|startupRole:FOLLOWER, s2|rpc:localhost:35511|admin:localhost:36791|client:localhost:42865|dataStream:localhost:38827|priority:0|startupRole:FOLLOWER]|listeners:[], old=null
2022-11-08 19:12:05,762 [grpc-default-executor-10] INFO  server.RaftServer$Division (RaftServerImpl.java:requestVote(1294)) - s0@group-EA982605F2E5: receive requestVote(PRE_VOTE, s2, group-EA982605F2E5, 0, (t:0, i:0))
2022-11-08 19:12:05,762 [grpc-default-executor-9] INFO  impl.VoteContext (VoteContext.java:log(49)) - s0@group-EA982605F2E5-CANDIDATE: accept PRE_VOTE from s1: our priority 0 <= candidate's priority 0
2022-11-08 19:12:05,762 [s1@group-EA982605F2E5-LeaderElection2] INFO  impl.LeaderElection (LeaderElection.java:askForVotes(309)) - s1@group-EA982605F2E5-LeaderElection2 PRE_VOTE round 2: submit vote requests at term 0 for -1: peers:[s0|rpc:localhost:34297|admin:localhost:37077|client:localhost:39609|dataStream:localhost:43983|priority:0|startupRole:FOLLOWER, s1|rpc:localhost:38917|admin:localhost:40635|client:localhost:36975|dataStream:localhost:45719|priority:0|startupRole:FOLLOWER, s2|rpc:localhost:35511|admin:localhost:36791|client:localhost:42865|dataStream:localhost:38827|priority:0|startupRole:FOLLOWER]|listeners:[], old=null
2022-11-08 19:12:05,763 [grpc-default-executor-6] INFO  impl.VoteContext (VoteContext.java:log(49)) - s1@group-EA982605F2E5-CANDIDATE: accept PRE_VOTE from s2: our priority 0 <= candidate's priority 0
2022-11-08 19:12:05,765 [grpc-default-executor-6] INFO  server.RaftServer$Division (RaftServerImpl.java:requestVote(1327)) - s1@group-EA982605F2E5 replies to PRE_VOTE vote request: s2<-s1#0:OK-t0. Peer's state: s1@group-EA982605F2E5:t0, leader=null, voted=, raftlog=Memoized:s1@group-EA982605F2E5-SegmentedRaftLog:OPENED:c-1, conf=-1: peers:[s0|rpc:localhost:34297|admin:localhost:37077|client:localhost:39609|dataStream:localhost:43983|priority:0|startupRole:FOLLOWER, s1|rpc:localhost:38917|admin:localhost:40635|client:localhost:36975|dataStream:localhost:45719|priority:0|startupRole:FOLLOWER, s2|rpc:localhost:35511|admin:localhost:36791|client:localhost:42865|dataStream:localhost:38827|priority:0|startupRole:FOLLOWER]|listeners:[], old=null
2022-11-08 19:12:05,765 [grpc-default-executor-9] INFO  server.RaftServer$Division (RaftServerImpl.java:requestVote(1327)) - s0@group-EA982605F2E5 replies to PRE_VOTE vote request: s1<-s0#0:OK-t0. Peer's state: s0@group-EA982605F2E5:t0, leader=null, voted=, raftlog=Memoized:s0@group-EA982605F2E5-SegmentedRaftLog:OPENED:c-1, conf=-1: peers:[s0|rpc:localhost:34297|admin:localhost:37077|client:localhost:39609|dataStream:localhost:43983|priority:0|startupRole:FOLLOWER, s1|rpc:localhost:38917|admin:localhost:40635|client:localhost:36975|dataStream:localhost:45719|priority:0|startupRole:FOLLOWER, s2|rpc:localhost:35511|admin:localhost:36791|client:localhost:42865|dataStream:localhost:38827|priority:0|startupRole:FOLLOWER]|listeners:[], old=null
2022-11-08 19:12:05,773 [s0@group-EA982605F2E5-LeaderElection1] INFO  impl.LeaderElection (LeaderElection.java:askForVotes(309)) - s0@group-EA982605F2E5-LeaderElection1 PRE_VOTE round 2: submit vote requests at term 0 for -1: peers:[s0|rpc:localhost:34297|admin:localhost:37077|client:localhost:39609|dataStream:localhost:43983|priority:0|startupRole:FOLLOWER, s1|rpc:localhost:38917|admin:localhost:40635|client:localhost:36975|dataStream:localhost:45719|priority:0|startupRole:FOLLOWER, s2|rpc:localhost:35511|admin:localhost:36791|client:localhost:42865|dataStream:localhost:38827|priority:0|startupRole:FOLLOWER]|listeners:[], old=null
2022-11-08 19:12:05,763 [grpc-default-executor-11] INFO  server.RaftServer$Division (RaftServerImpl.java:requestVote(1327)) - s2@group-EA982605F2E5 replies to PRE_VOTE vote request: s0<-s2#0:OK-t0. Peer's state: s2@group-EA982605F2E5:t0, leader=null, voted=, raftlog=Memoized:s2@group-EA982605F2E5-SegmentedRaftLog:OPENED:c-1, conf=-1: peers:[s0|rpc:localhost:34297|admin:localhost:37077|client:localhost:39609|dataStream:localhost:43983|priority:0|startupRole:FOLLOWER, s1|rpc:localhost:38917|admin:localhost:40635|client:localhost:36975|dataStream:localhost:45719|priority:0|startupRole:FOLLOWER, s2|rpc:localhost:35511|admin:localhost:36791|client:localhost:42865|dataStream:localhost:38827|priority:0|startupRole:FOLLOWER]|listeners:[], old=null
2022-11-08 19:12:05,773 [grpc-default-executor-4] INFO  impl.VoteContext (VoteContext.java:log(49)) - s0@group-EA982605F2E5-CANDIDATE: accept PRE_VOTE from s2: our priority 0 <= candidate's priority 0
2022-11-08 19:12:05,779 [grpc-default-executor-4] INFO  server.RaftServer$Division (RaftServerImpl.java:requestVote(1327)) - s0@group-EA982605F2E5 replies to PRE_VOTE vote request: s2<-s0#0:OK-t0. Peer's state: s0@group-EA982605F2E5:t0, leader=null, voted=, raftlog=Memoized:s0@group-EA982605F2E5-SegmentedRaftLog:OPENED:c-1, conf=-1: peers:[s0|rpc:localhost:34297|admin:localhost:37077|client:localhost:39609|dataStream:localhost:43983|priority:0|startupRole:FOLLOWER, s1|rpc:localhost:38917|admin:localhost:40635|client:localhost:36975|dataStream:localhost:45719|priority:0|startupRole:FOLLOWER, s2|rpc:localhost:35511|admin:localhost:36791|client:localhost:42865|dataStream:localhost:38827|priority:0|startupRole:FOLLOWER]|listeners:[], old=null
2022-11-08 19:12:05,770 [s1@group-EA982605F2E5-LeaderElection2] INFO  server.RaftServerConfigKeys (ConfUtils.java:logFallback(53)) - raft.server.rpc.first-election.timeout.min = 150ms (fallback to raft.server.rpc.timeout.min)
2022-11-08 19:12:05,787 [s1@group-EA982605F2E5-LeaderElection2] INFO  server.RaftServerConfigKeys (ConfUtils.java:logFallback(53)) - raft.server.rpc.first-election.timeout.max = 300ms (fallback to raft.server.rpc.timeout.max)
2022-11-08 19:12:05,765 [grpc-default-executor-0] INFO  impl.VoteContext (VoteContext.java:log(49)) - s1@group-EA982605F2E5-CANDIDATE: accept PRE_VOTE from s2: our priority 0 <= candidate's priority 0
2022-11-08 19:12:05,788 [grpc-default-executor-0] INFO  server.RaftServer$Division (RaftServerImpl.java:requestVote(1327)) - s1@group-EA982605F2E5 replies to PRE_VOTE vote request: s2<-s1#0:OK-t0. Peer's state: s1@group-EA982605F2E5:t0, leader=null, voted=, raftlog=Memoized:s1@group-EA982605F2E5-SegmentedRaftLog:OPENED:c-1, conf=-1: peers:[s0|rpc:localhost:34297|admin:localhost:37077|client:localhost:39609|dataStream:localhost:43983|priority:0|startupRole:FOLLOWER, s1|rpc:localhost:38917|admin:localhost:40635|client:localhost:36975|dataStream:localhost:45719|priority:0|startupRole:FOLLOWER, s2|rpc:localhost:35511|admin:localhost:36791|client:localhost:42865|dataStream:localhost:38827|priority:0|startupRole:FOLLOWER]|listeners:[], old=null
2022-11-08 19:12:05,788 [grpc-default-executor-8] INFO  impl.VoteContext (VoteContext.java:log(49)) - s1@group-EA982605F2E5-CANDIDATE: accept PRE_VOTE from s0: our priority 0 <= candidate's priority 0
2022-11-08 19:12:05,789 [grpc-default-executor-8] INFO  server.RaftServer$Division (RaftServerImpl.java:requestVote(1327)) - s1@group-EA982605F2E5 replies to PRE_VOTE vote request: s0<-s1#0:OK-t0. Peer's state: s1@group-EA982605F2E5:t0, leader=null, voted=, raftlog=Memoized:s1@group-EA982605F2E5-SegmentedRaftLog:OPENED:c-1, conf=-1: peers:[s0|rpc:localhost:34297|admin:localhost:37077|client:localhost:39609|dataStream:localhost:43983|priority:0|startupRole:FOLLOWER, s1|rpc:localhost:38917|admin:localhost:40635|client:localhost:36975|dataStream:localhost:45719|priority:0|startupRole:FOLLOWER, s2|rpc:localhost:35511|admin:localhost:36791|client:localhost:42865|dataStream:localhost:38827|priority:0|startupRole:FOLLOWER]|listeners:[], old=null
2022-11-08 19:12:05,787 [grpc-default-executor-10] INFO  impl.VoteContext (VoteContext.java:log(49)) - s0@group-EA982605F2E5-CANDIDATE: accept PRE_VOTE from s2: our priority 0 <= candidate's priority 0
2022-11-08 19:12:05,789 [grpc-default-executor-10] INFO  server.RaftServer$Division (RaftServerImpl.java:requestVote(1327)) - s0@group-EA982605F2E5 replies to PRE_VOTE vote request: s2<-s0#0:OK-t0. Peer's state: s0@group-EA982605F2E5:t0, leader=null, voted=, raftlog=Memoized:s0@group-EA982605F2E5-SegmentedRaftLog:OPENED:c-1, conf=-1: peers:[s0|rpc:localhost:34297|admin:localhost:37077|client:localhost:39609|dataStream:localhost:43983|priority:0|startupRole:FOLLOWER, s1|rpc:localhost:38917|admin:localhost:40635|client:localhost:36975|dataStream:localhost:45719|priority:0|startupRole:FOLLOWER, s2|rpc:localhost:35511|admin:localhost:36791|client:localhost:42865|dataStream:localhost:38827|priority:0|startupRole:FOLLOWER]|listeners:[], old=null
2022-11-08 19:12:05,781 [s0@group-EA982605F2E5-LeaderElection1] INFO  server.RaftServerConfigKeys (ConfUtils.java:logFallback(53)) - raft.server.rpc.first-election.timeout.min = 150ms (fallback to raft.server.rpc.timeout.min)
2022-11-08 19:12:05,790 [s0@group-EA982605F2E5-LeaderElection1] INFO  server.RaftServerConfigKeys (ConfUtils.java:logFallback(53)) - raft.server.rpc.first-election.timeout.max = 300ms (fallback to raft.server.rpc.timeout.max)
2022-11-08 19:12:05,779 [grpc-default-executor-1] INFO  impl.VoteContext (VoteContext.java:log(49)) - s2@group-EA982605F2E5-CANDIDATE: accept PRE_VOTE from s1: our priority 0 <= candidate's priority 0
2022-11-08 19:12:05,792 [grpc-default-executor-1] INFO  server.RaftServer$Division (RaftServerImpl.java:requestVote(1327)) - s2@group-EA982605F2E5 replies to PRE_VOTE vote request: s1<-s2#0:OK-t0. Peer's state: s2@group-EA982605F2E5:t0, leader=null, voted=, raftlog=Memoized:s2@group-EA982605F2E5-SegmentedRaftLog:OPENED:c-1, conf=-1: peers:[s0|rpc:localhost:34297|admin:localhost:37077|client:localhost:39609|dataStream:localhost:43983|priority:0|startupRole:FOLLOWER, s1|rpc:localhost:38917|admin:localhost:40635|client:localhost:36975|dataStream:localhost:45719|priority:0|startupRole:FOLLOWER, s2|rpc:localhost:35511|admin:localhost:36791|client:localhost:42865|dataStream:localhost:38827|priority:0|startupRole:FOLLOWER]|listeners:[], old=null
2022-11-08 19:12:05,793 [grpc-default-executor-3] INFO  impl.VoteContext (VoteContext.java:log(49)) - s2@group-EA982605F2E5-CANDIDATE: accept PRE_VOTE from s0: our priority 0 <= candidate's priority 0
2022-11-08 19:12:05,793 [grpc-default-executor-3] INFO  server.RaftServer$Division (RaftServerImpl.java:requestVote(1327)) - s2@group-EA982605F2E5 replies to PRE_VOTE vote request: s0<-s2#0:OK-t0. Peer's state: s2@group-EA982605F2E5:t0, leader=null, voted=, raftlog=Memoized:s2@group-EA982605F2E5-SegmentedRaftLog:OPENED:c-1, conf=-1: peers:[s0|rpc:localhost:34297|admin:localhost:37077|client:localhost:39609|dataStream:localhost:43983|priority:0|startupRole:FOLLOWER, s1|rpc:localhost:38917|admin:localhost:40635|client:localhost:36975|dataStream:localhost:45719|priority:0|startupRole:FOLLOWER, s2|rpc:localhost:35511|admin:localhost:36791|client:localhost:42865|dataStream:localhost:38827|priority:0|startupRole:FOLLOWER]|listeners:[], old=null
2022-11-08 19:12:05,805 [s2@group-EA982605F2E5-LeaderElection3] INFO  impl.LeaderElection (LeaderElection.java:logAndReturn(89)) - s2@group-EA982605F2E5-LeaderElection3: PRE_VOTE PASSED received 1 response(s) and 0 exception(s):
2022-11-08 19:12:05,805 [s2@group-EA982605F2E5-LeaderElection3] INFO  impl.LeaderElection (LeaderElection.java:logAndReturn(93)) -   Response 0: s2<-s1#0:OK-t0
2022-11-08 19:12:05,805 [s2@group-EA982605F2E5-LeaderElection3] INFO  impl.LeaderElection (LeaderElection.java:askForVotes(311)) - s2@group-EA982605F2E5-LeaderElection3 PRE_VOTE round 1: result PASSED
2022-11-08 19:12:05,807 [s2@group-EA982605F2E5-LeaderElection3] INFO  impl.LeaderElection (LeaderElection.java:askForVotes(309)) - s2@group-EA982605F2E5-LeaderElection3 ELECTION round 0: submit vote requests at term 1 for -1: peers:[s0|rpc:localhost:34297|admin:localhost:37077|client:localhost:39609|dataStream:localhost:43983|priority:0|startupRole:FOLLOWER, s1|rpc:localhost:38917|admin:localhost:40635|client:localhost:36975|dataStream:localhost:45719|priority:0|startupRole:FOLLOWER, s2|rpc:localhost:35511|admin:localhost:36791|client:localhost:42865|dataStream:localhost:38827|priority:0|startupRole:FOLLOWER]|listeners:[], old=null
2022-11-08 19:12:05,813 [s2@group-EA982605F2E5-LeaderElection3] INFO  server.RaftServerConfigKeys (ConfUtils.java:logFallback(53)) - raft.server.rpc.first-election.timeout.min = 150ms (fallback to raft.server.rpc.timeout.min)
2022-11-08 19:12:05,813 [s2@group-EA982605F2E5-LeaderElection3] INFO  server.RaftServerConfigKeys (ConfUtils.java:logFallback(53)) - raft.server.rpc.first-election.timeout.max = 300ms (fallback to raft.server.rpc.timeout.max)
2022-11-08 19:12:05,831 [grpc-default-executor-3] INFO  server.RaftServer$Division (RaftServerImpl.java:requestVote(1294)) - s0@group-EA982605F2E5: receive requestVote(PRE_VOTE, s1, group-EA982605F2E5, 0, (t:0, i:0))
2022-11-08 19:12:05,834 [grpc-default-executor-3] INFO  impl.VoteContext (VoteContext.java:log(49)) - s0@group-EA982605F2E5-CANDIDATE: accept PRE_VOTE from s1: our priority 0 <= candidate's priority 0
2022-11-08 19:12:05,834 [grpc-default-executor-3] INFO  server.RaftServer$Division (RaftServerImpl.java:requestVote(1327)) - s0@group-EA982605F2E5 replies to PRE_VOTE vote request: s1<-s0#0:OK-t0. Peer's state: s0@group-EA982605F2E5:t0, leader=null, voted=, raftlog=Memoized:s0@group-EA982605F2E5-SegmentedRaftLog:OPENED:c-1, conf=-1: peers:[s0|rpc:localhost:34297|admin:localhost:37077|client:localhost:39609|dataStream:localhost:43983|priority:0|startupRole:FOLLOWER, s1|rpc:localhost:38917|admin:localhost:40635|client:localhost:36975|dataStream:localhost:45719|priority:0|startupRole:FOLLOWER, s2|rpc:localhost:35511|admin:localhost:36791|client:localhost:42865|dataStream:localhost:38827|priority:0|startupRole:FOLLOWER]|listeners:[], old=null
2022-11-08 19:12:05,841 [grpc-default-executor-3] INFO  server.RaftServer$Division (RaftServerImpl.java:requestVote(1294)) - s1@group-EA982605F2E5: receive requestVote(PRE_VOTE, s0, group-EA982605F2E5, 0, (t:0, i:0))
2022-11-08 19:12:05,842 [grpc-default-executor-3] INFO  impl.VoteContext (VoteContext.java:log(49)) - s1@group-EA982605F2E5-CANDIDATE: accept PRE_VOTE from s0: our priority 0 <= candidate's priority 0
2022-11-08 19:12:05,842 [grpc-default-executor-3] INFO  server.RaftServer$Division (RaftServerImpl.java:requestVote(1327)) - s1@group-EA982605F2E5 replies to PRE_VOTE vote request: s0<-s1#0:OK-t0. Peer's state: s1@group-EA982605F2E5:t0, leader=null, voted=, raftlog=Memoized:s1@group-EA982605F2E5-SegmentedRaftLog:OPENED:c-1, conf=-1: peers:[s0|rpc:localhost:34297|admin:localhost:37077|client:localhost:39609|dataStream:localhost:43983|priority:0|startupRole:FOLLOWER, s1|rpc:localhost:38917|admin:localhost:40635|client:localhost:36975|dataStream:localhost:45719|priority:0|startupRole:FOLLOWER, s2|rpc:localhost:35511|admin:localhost:36791|client:localhost:42865|dataStream:localhost:38827|priority:0|startupRole:FOLLOWER]|listeners:[], old=null
2022-11-08 19:12:05,843 [grpc-default-executor-1] INFO  server.RaftServer$Division (RaftServerImpl.java:requestVote(1294)) - s1@group-EA982605F2E5: receive requestVote(ELECTION, s2, group-EA982605F2E5, 1, (t:0, i:0))
2022-11-08 19:12:05,845 [grpc-default-executor-1] INFO  impl.VoteContext (VoteContext.java:log(49)) - s1@group-EA982605F2E5-CANDIDATE: accept ELECTION from s2: our priority 0 <= candidate's priority 0
2022-11-08 19:12:05,846 [grpc-default-executor-1] INFO  server.RaftServer$Division (RaftServerImpl.java:setRole(325)) - s1@group-EA982605F2E5: changes role from CANDIDATE to FOLLOWER at term 1 for candidate:s2
2022-11-08 19:12:05,846 [grpc-default-executor-1] INFO  impl.RoleInfo (RoleInfo.java:shutdownLeaderElection(130)) - s1: shutdown s1@group-EA982605F2E5-LeaderElection2
2022-11-08 19:12:05,847 [grpc-default-executor-1] INFO  impl.RoleInfo (RoleInfo.java:updateAndGet(139)) - s1: start s1@group-EA982605F2E5-FollowerState
2022-11-08 19:12:05,848 [s1@group-EA982605F2E5-FollowerState] INFO  server.RaftServerConfigKeys (ConfUtils.java:logFallback(53)) - raft.server.rpc.first-election.timeout.min = 150ms (fallback to raft.server.rpc.timeout.min)
2022-11-08 19:12:05,852 [s1@group-EA982605F2E5-LeaderElection2] INFO  impl.LeaderElection (LeaderElection.java:logAndReturn(89)) - s1@group-EA982605F2E5-LeaderElection2: PRE_VOTE PASSED received 1 response(s) and 0 exception(s):
2022-11-08 19:12:05,851 [grpc-default-executor-1] INFO  server.RaftServer$Division (RaftServerImpl.java:requestVote(1327)) - s1@group-EA982605F2E5 replies to ELECTION vote request: s2<-s1#0:OK-t1. Peer's state: s1@group-EA982605F2E5:t1, leader=null, voted=s2, raftlog=Memoized:s1@group-EA982605F2E5-SegmentedRaftLog:OPENED:c-1, conf=-1: peers:[s0|rpc:localhost:34297|admin:localhost:37077|client:localhost:39609|dataStream:localhost:43983|priority:0|startupRole:FOLLOWER, s1|rpc:localhost:38917|admin:localhost:40635|client:localhost:36975|dataStream:localhost:45719|priority:0|startupRole:FOLLOWER, s2|rpc:localhost:35511|admin:localhost:36791|client:localhost:42865|dataStream:localhost:38827|priority:0|startupRole:FOLLOWER]|listeners:[], old=null
2022-11-08 19:12:05,853 [s1@group-EA982605F2E5-LeaderElection2] INFO  impl.LeaderElection (LeaderElection.java:logAndReturn(93)) -   Response 0: s1<-s0#0:OK-t0
2022-11-08 19:12:05,853 [s1@group-EA982605F2E5-LeaderElection2] INFO  impl.LeaderElection (LeaderElection.java:askForVotes(311)) - s1@group-EA982605F2E5-LeaderElection2 PRE_VOTE round 2: result PASSED
2022-11-08 19:12:05,856 [s1@group-EA982605F2E5-FollowerState] INFO  server.RaftServerConfigKeys (ConfUtils.java:logFallback(53)) - raft.server.rpc.first-election.timeout.max = 300ms (fallback to raft.server.rpc.timeout.max)
2022-11-08 19:12:05,866 [s2@group-EA982605F2E5-LeaderElection3] INFO  impl.LeaderElection (LeaderElection.java:logAndReturn(89)) - s2@group-EA982605F2E5-LeaderElection3: ELECTION PASSED received 1 response(s) and 0 exception(s):
2022-11-08 19:12:05,866 [s2@group-EA982605F2E5-LeaderElection3] INFO  impl.LeaderElection (LeaderElection.java:logAndReturn(93)) -   Response 0: s2<-s1#0:OK-t1
2022-11-08 19:12:05,866 [s2@group-EA982605F2E5-LeaderElection3] INFO  impl.LeaderElection (LeaderElection.java:askForVotes(311)) - s2@group-EA982605F2E5-LeaderElection3 ELECTION round 0: result PASSED
2022-11-08 19:12:05,866 [s2@group-EA982605F2E5-LeaderElection3] INFO  impl.RoleInfo (RoleInfo.java:shutdownLeaderElection(130)) - s2: shutdown s2@group-EA982605F2E5-LeaderElection3
2022-11-08 19:12:05,866 [s2@group-EA982605F2E5-LeaderElection3] INFO  server.RaftServer$Division (RaftServerImpl.java:setRole(325)) - s2@group-EA982605F2E5: changes role from CANDIDATE to LEADER at term 1 for changeToLeader
2022-11-08 19:12:05,867 [s2@group-EA982605F2E5-LeaderElection3] INFO  server.RaftServer$Division (ServerState.java:setLeader(259)) - s2@group-EA982605F2E5: change Leader from null to s2 at term 1 for becomeLeader, leader elected after 1289ms
2022-11-08 19:12:05,876 [s2@group-EA982605F2E5-LeaderElection3] INFO  server.RaftServerConfigKeys (ConfUtils.java:logGet(46)) - raft.server.staging.catchup.gap = 1000 (default)
2022-11-08 19:12:05,889 [grpc-default-executor-1] INFO  server.RaftServer$Division (RaftServerImpl.java:requestVote(1294)) - s2@group-EA982605F2E5: receive requestVote(PRE_VOTE, s1, group-EA982605F2E5, 0, (t:0, i:0))
2022-11-08 19:12:05,890 [grpc-default-executor-3] INFO  server.RaftServer$Division (RaftServerImpl.java:requestVote(1294)) - s2@group-EA982605F2E5: receive requestVote(PRE_VOTE, s0, group-EA982605F2E5, 0, (t:0, i:0))
2022-11-08 19:12:05,890 [grpc-default-executor-10] INFO  server.RaftServer$Division (RaftServerImpl.java:requestVote(1294)) - s0@group-EA982605F2E5: receive requestVote(ELECTION, s2, group-EA982605F2E5, 1, (t:0, i:0))
2022-11-08 19:12:05,891 [grpc-default-executor-10] INFO  impl.VoteContext (VoteContext.java:log(49)) - s0@group-EA982605F2E5-CANDIDATE: accept ELECTION from s2: our priority 0 <= candidate's priority 0
2022-11-08 19:12:05,891 [grpc-default-executor-10] INFO  server.RaftServer$Division (RaftServerImpl.java:setRole(325)) - s0@group-EA982605F2E5: changes role from CANDIDATE to FOLLOWER at term 1 for candidate:s2
2022-11-08 19:12:05,891 [grpc-default-executor-10] INFO  impl.RoleInfo (RoleInfo.java:shutdownLeaderElection(130)) - s0: shutdown s0@group-EA982605F2E5-LeaderElection1
2022-11-08 19:12:05,891 [grpc-default-executor-10] INFO  impl.RoleInfo (RoleInfo.java:updateAndGet(139)) - s0: start s0@group-EA982605F2E5-FollowerState
2022-11-08 19:12:05,892 [s0@group-EA982605F2E5-LeaderElection1] INFO  impl.LeaderElection (LeaderElection.java:logAndReturn(89)) - s0@group-EA982605F2E5-LeaderElection1: PRE_VOTE PASSED received 1 response(s) and 0 exception(s):
2022-11-08 19:12:05,892 [s0@group-EA982605F2E5-LeaderElection1] INFO  impl.LeaderElection (LeaderElection.java:logAndReturn(93)) -   Response 0: s0<-s1#0:OK-t0
2022-11-08 19:12:05,892 [s0@group-EA982605F2E5-LeaderElection1] INFO  impl.LeaderElection (LeaderElection.java:askForVotes(311)) - s0@group-EA982605F2E5-LeaderElection1 PRE_VOTE round 2: result PASSED
2022-11-08 19:12:05,900 [grpc-default-executor-10] INFO  server.RaftServer$Division (RaftServerImpl.java:requestVote(1327)) - s0@group-EA982605F2E5 replies to ELECTION vote request: s2<-s0#0:OK-t1. Peer's state: s0@group-EA982605F2E5:t1, leader=null, voted=s2, raftlog=Memoized:s0@group-EA982605F2E5-SegmentedRaftLog:OPENED:c-1, conf=-1: peers:[s0|rpc:localhost:34297|admin:localhost:37077|client:localhost:39609|dataStream:localhost:43983|priority:0|startupRole:FOLLOWER, s1|rpc:localhost:38917|admin:localhost:40635|client:localhost:36975|dataStream:localhost:45719|priority:0|startupRole:FOLLOWER, s2|rpc:localhost:35511|admin:localhost:36791|client:localhost:42865|dataStream:localhost:38827|priority:0|startupRole:FOLLOWER]|listeners:[], old=null
2022-11-08 19:12:05,901 [s0@group-EA982605F2E5-FollowerState] INFO  server.RaftServerConfigKeys (ConfUtils.java:logFallback(53)) - raft.server.rpc.first-election.timeout.min = 150ms (fallback to raft.server.rpc.timeout.min)
2022-11-08 19:12:05,901 [s0@group-EA982605F2E5-FollowerState] INFO  server.RaftServerConfigKeys (ConfUtils.java:logFallback(53)) - raft.server.rpc.first-election.timeout.max = 300ms (fallback to raft.server.rpc.timeout.max)
2022-11-08 19:12:05,902 [s2@group-EA982605F2E5-LeaderElection3] INFO  server.RaftServerConfigKeys (ConfUtils.java:logGet(46)) - raft.server.write.element-limit = 4096 (default)
2022-11-08 19:12:05,905 [s2@group-EA982605F2E5-LeaderElection3] INFO  server.RaftServerConfigKeys (ConfUtils.java:logGet(46)) - raft.server.write.byte-limit = 64MB (=67108864) (default)
2022-11-08 19:12:05,910 [s2@group-EA982605F2E5-LeaderElection3] INFO  server.RaftServerConfigKeys (ConfUtils.java:logGet(46)) - raft.server.watch.timeout = 10s (default)
2022-11-08 19:12:05,910 [s2@group-EA982605F2E5-LeaderElection3] INFO  server.RaftServerConfigKeys (ConfUtils.java:logGet(46)) - raft.server.watch.timeout.denomination = 1s (default)
2022-11-08 19:12:05,910 [s2@group-EA982605F2E5-LeaderElection3] INFO  server.RaftServerConfigKeys (ConfUtils.java:logGet(46)) - raft.server.watch.element-limit = 65536 (default)
2022-11-08 19:12:05,923 [s2@group-EA982605F2E5-LeaderElection3] INFO  server.RaftServerConfigKeys (ConfUtils.java:logGet(46)) - raft.server.write.element-limit = 4096 (default)
2022-11-08 19:12:05,925 [s2@group-EA982605F2E5-LeaderElection3] INFO  server.RaftServerConfigKeys (ConfUtils.java:logGet(46)) - raft.server.write.follower.gap.ratio.max = -1.0 (default)
2022-11-08 19:12:05,939 [s2@group-EA982605F2E5-LeaderElection3] INFO  server.RaftServerConfigKeys (ConfUtils.java:logGet(46)) - raft.server.log.appender.snapshot.chunk.size.max = 16MB (=16777216) (default)
2022-11-08 19:12:05,940 [s2@group-EA982605F2E5-LeaderElection3] INFO  server.RaftServerConfigKeys (ConfUtils.java:logGet(46)) - raft.server.log.appender.buffer.byte-limit = 4MB (=4194304) (default)
2022-11-08 19:12:05,941 [s2@group-EA982605F2E5-LeaderElection3] INFO  server.RaftServerConfigKeys (ConfUtils.java:logGet(46)) - raft.server.log.appender.buffer.element-limit = 0 (default)
2022-11-08 19:12:05,944 [s2@group-EA982605F2E5-LeaderElection3] INFO  grpc.GrpcConfigKeys (ConfUtils.java:logGet(46)) - raft.grpc.server.leader.outstanding.appends.max = 128 (default)
2022-11-08 19:12:05,944 [s2@group-EA982605F2E5-LeaderElection3] INFO  server.RaftServerConfigKeys (ConfUtils.java:logGet(46)) - raft.server.rpc.request.timeout = 3000ms (default)
2022-11-08 19:12:05,945 [s2@group-EA982605F2E5-LeaderElection3] INFO  server.RaftServerConfigKeys (ConfUtils.java:logGet(46)) - raft.server.log.appender.install.snapshot.enabled = true (default)
2022-11-08 19:12:05,945 [s2@group-EA982605F2E5-LeaderElection3] INFO  grpc.GrpcConfigKeys (ConfUtils.java:logGet(46)) - raft.grpc.server.heartbeat.channel = true (default)
2022-11-08 19:12:05,945 [s2@group-EA982605F2E5-LeaderElection3] INFO  server.RaftServerConfigKeys (ConfUtils.java:logGet(46)) - raft.server.log.appender.wait-time.min = 10ms (default)
2022-11-08 19:12:05,951 [s2@group-EA982605F2E5-LeaderElection3] INFO  server.RaftServerConfigKeys (ConfUtils.java:logGet(46)) - raft.server.log.appender.snapshot.chunk.size.max = 16MB (=16777216) (default)
2022-11-08 19:12:05,951 [s2@group-EA982605F2E5-LeaderElection3] INFO  server.RaftServerConfigKeys (ConfUtils.java:logGet(46)) - raft.server.log.appender.buffer.byte-limit = 4MB (=4194304) (default)
2022-11-08 19:12:05,951 [s2@group-EA982605F2E5-LeaderElection3] INFO  server.RaftServerConfigKeys (ConfUtils.java:logGet(46)) - raft.server.log.appender.buffer.element-limit = 0 (default)
2022-11-08 19:12:05,951 [s2@group-EA982605F2E5-LeaderElection3] INFO  grpc.GrpcConfigKeys (ConfUtils.java:logGet(46)) - raft.grpc.server.leader.outstanding.appends.max = 128 (default)
2022-11-08 19:12:05,951 [s2@group-EA982605F2E5-LeaderElection3] INFO  server.RaftServerConfigKeys (ConfUtils.java:logGet(46)) - raft.server.rpc.request.timeout = 3000ms (default)
2022-11-08 19:12:05,951 [s2@group-EA982605F2E5-LeaderElection3] INFO  server.RaftServerConfigKeys (ConfUtils.java:logGet(46)) - raft.server.log.appender.install.snapshot.enabled = true (default)
2022-11-08 19:12:05,952 [s2@group-EA982605F2E5-LeaderElection3] INFO  grpc.GrpcConfigKeys (ConfUtils.java:logGet(46)) - raft.grpc.server.heartbeat.channel = true (default)
2022-11-08 19:12:05,952 [s2@group-EA982605F2E5-LeaderElection3] INFO  server.RaftServerConfigKeys (ConfUtils.java:logGet(46)) - raft.server.log.appender.wait-time.min = 10ms (default)
2022-11-08 19:12:05,955 [s2@group-EA982605F2E5-LeaderElection3] INFO  impl.RoleInfo (RoleInfo.java:updateAndGet(139)) - s2: start s2@group-EA982605F2E5-LeaderStateImpl
2022-11-08 19:12:05,970 [s2@group-EA982605F2E5-LeaderElection3] DEBUG raftlog.RaftLog (SegmentedRaftLog.java:appendImpl(446)) - truncateIndex=-1, arrayIndex=0
2022-11-08 19:12:05,973 [s2@group-EA982605F2E5-LeaderElection3] INFO  segmented.SegmentedRaftLogWorker (SegmentedRaftLogWorker.java:startLogSegment(431)) - s2@group-EA982605F2E5-SegmentedRaftLogWorker: Starting segment from index:0
2022-11-08 19:12:06,047 [s2@group-EA982605F2E5-LeaderElection3] INFO  server.RaftServer$Division (ServerState.java:setRaftConf(376)) - s2@group-EA982605F2E5: set configuration 0: peers:[s0|rpc:localhost:34297|admin:localhost:37077|client:localhost:39609|dataStream:localhost:43983|priority:0|startupRole:FOLLOWER, s1|rpc:localhost:38917|admin:localhost:40635|client:localhost:36975|dataStream:localhost:45719|priority:0|startupRole:FOLLOWER, s2|rpc:localhost:35511|admin:localhost:36791|client:localhost:42865|dataStream:localhost:38827|priority:0|startupRole:FOLLOWER]|listeners:[], old=null
2022-11-08 19:12:06,053 [grpc-default-executor-3] INFO  impl.VoteContext (VoteContext.java:log(49)) - s2@group-EA982605F2E5-LEADER: reject PRE_VOTE from s0: this server is the leader and still has leadership
2022-11-08 19:12:06,053 [grpc-default-executor-3] INFO  server.RaftServer$Division (RaftServerImpl.java:requestVote(1327)) - s2@group-EA982605F2E5 replies to PRE_VOTE vote request: s0<-s2#0:FAIL-t1. Peer's state: s2@group-EA982605F2E5:t1, leader=s2, voted=s2, raftlog=Memoized:s2@group-EA982605F2E5-SegmentedRaftLog:OPENED:c-1, conf=0: peers:[s0|rpc:localhost:34297|admin:localhost:37077|client:localhost:39609|dataStream:localhost:43983|priority:0|startupRole:FOLLOWER, s1|rpc:localhost:38917|admin:localhost:40635|client:localhost:36975|dataStream:localhost:45719|priority:0|startupRole:FOLLOWER, s2|rpc:localhost:35511|admin:localhost:36791|client:localhost:42865|dataStream:localhost:38827|priority:0|startupRole:FOLLOWER]|listeners:[], old=null
2022-11-08 19:12:06,060 [grpc-default-executor-1] INFO  impl.VoteContext (VoteContext.java:log(49)) - s2@group-EA982605F2E5-LEADER: reject PRE_VOTE from s1: this server is the leader and still has leadership
2022-11-08 19:12:06,064 [grpc-default-executor-1] INFO  server.RaftServer$Division (RaftServerImpl.java:requestVote(1327)) - s2@group-EA982605F2E5 replies to PRE_VOTE vote request: s1<-s2#0:FAIL-t1. Peer's state: s2@group-EA982605F2E5:t1, leader=s2, voted=s2, raftlog=Memoized:s2@group-EA982605F2E5-SegmentedRaftLog:OPENED:c-1, conf=0: peers:[s0|rpc:localhost:34297|admin:localhost:37077|client:localhost:39609|dataStream:localhost:43983|priority:0|startupRole:FOLLOWER, s1|rpc:localhost:38917|admin:localhost:40635|client:localhost:36975|dataStream:localhost:45719|priority:0|startupRole:FOLLOWER, s2|rpc:localhost:35511|admin:localhost:36791|client:localhost:42865|dataStream:localhost:38827|priority:0|startupRole:FOLLOWER]|listeners:[], old=null
2022-11-08 19:12:06,067 [Time-limited test] WARN  ratis.RaftTestUtil (JavaUtils.java:attempt(217)) - FAILED "waitForLeader-null-(expectLeader? true)", attempt #3/100: java.lang.IllegalStateException: Leader: s2@group-EA982605F2E5 not ready, sleep 450ms and then retry.
java.lang.IllegalStateException: Leader: s2@group-EA982605F2E5 not ready
	at org.apache.ratis.RaftTestUtil.lambda$waitForLeader$3(RaftTestUtil.java:114)
	at org.apache.ratis.util.JavaUtils.attempt(JavaUtils.java:211)
	at org.apache.ratis.util.JavaUtils.attemptRepeatedly(JavaUtils.java:197)
	at org.apache.ratis.RaftTestUtil.waitForLeader(RaftTestUtil.java:111)
	at org.apache.ratis.RaftTestUtil.waitForLeader(RaftTestUtil.java:92)
	at org.apache.ratis.RaftTestUtil.waitForLeader(RaftTestUtil.java:87)
	at org.apache.ratis.server.impl.RaftStateMachineExceptionTests.runTestRetryOnStateMachineException(RaftStateMachineExceptionTests.java:106)
	at org.apache.ratis.server.impl.MiniRaftCluster$Factory$Get.runWithNewCluster(MiniRaftCluster.java:141)
	at org.apache.ratis.server.impl.MiniRaftCluster$Factory$Get.runWithNewCluster(MiniRaftCluster.java:121)
	at org.apache.ratis.server.impl.RaftStateMachineExceptionTests.testRetryOnStateMachineException(RaftStateMachineExceptionTests.java:102)
	at java.base/jdk.internal.reflect.NativeMethodAccessorImpl.invoke0(Native Method)
	at java.base/jdk.internal.reflect.NativeMethodAccessorImpl.invoke(NativeMethodAccessorImpl.java:62)
	at java.base/jdk.internal.reflect.DelegatingMethodAccessorImpl.invoke(DelegatingMethodAccessorImpl.java:43)
	at java.base/java.lang.reflect.Method.invoke(Method.java:566)
	at org.junit.runners.model.FrameworkMethod$1.runReflectiveCall(FrameworkMethod.java:59)
	at org.junit.internal.runners.model.ReflectiveCallable.run(ReflectiveCallable.java:12)
	at org.junit.runners.model.FrameworkMethod.invokeExplosively(FrameworkMethod.java:56)
	at org.junit.internal.runners.statements.InvokeMethod.evaluate(InvokeMethod.java:17)
	at org.junit.internal.runners.statements.RunAfters.evaluate(RunAfters.java:27)
	at org.junit.internal.runners.statements.FailOnTimeout$CallableStatement.call(FailOnTimeout.java:299)
	at org.junit.internal.runners.statements.FailOnTimeout$CallableStatement.call(FailOnTimeout.java:293)
	at java.base/java.util.concurrent.FutureTask.run(FutureTask.java:264)
	at java.base/java.lang.Thread.run(Thread.java:829)
2022-11-08 19:12:06,082 [s1@group-EA982605F2E5-FollowerState] INFO  impl.FollowerState (FollowerState.java:run(143)) - s1@group-EA982605F2E5-FollowerState: change to CANDIDATE, lastRpcElapsedTime:231332513ns, electionTimeout:223ms
2022-11-08 19:12:06,098 [s1@group-EA982605F2E5-FollowerState] INFO  impl.RoleInfo (RoleInfo.java:shutdownFollowerState(110)) - s1: shutdown s1@group-EA982605F2E5-FollowerState
2022-11-08 19:12:06,098 [s1@group-EA982605F2E5-FollowerState] INFO  server.RaftServer$Division (RaftServerImpl.java:setRole(325)) - s1@group-EA982605F2E5: changes role from  FOLLOWER to CANDIDATE at term 1 for changeToCandidate
2022-11-08 19:12:06,099 [s1@group-EA982605F2E5-FollowerState] INFO  server.RaftServerConfigKeys (ConfUtils.java:logGet(46)) - raft.server.leaderelection.pre-vote = true (default)
2022-11-08 19:12:06,099 [s1@group-EA982605F2E5-FollowerState] INFO  impl.RoleInfo (RoleInfo.java:updateAndGet(139)) - s1: start s1@group-EA982605F2E5-LeaderElection4
2022-11-08 19:12:06,093 [s0@group-EA982605F2E5-FollowerState] INFO  impl.FollowerState (FollowerState.java:run(143)) - s0@group-EA982605F2E5-FollowerState: change to CANDIDATE, lastRpcElapsedTime:195476310ns, electionTimeout:192ms
2022-11-08 19:12:06,099 [s0@group-EA982605F2E5-FollowerState] INFO  impl.RoleInfo (RoleInfo.java:shutdownFollowerState(110)) - s0: shutdown s0@group-EA982605F2E5-FollowerState
2022-11-08 19:12:06,099 [s0@group-EA982605F2E5-FollowerState] INFO  server.RaftServer$Division (RaftServerImpl.java:setRole(325)) - s0@group-EA982605F2E5: changes role from  FOLLOWER to CANDIDATE at term 1 for changeToCandidate
2022-11-08 19:12:06,099 [s0@group-EA982605F2E5-FollowerState] INFO  server.RaftServerConfigKeys (ConfUtils.java:logGet(46)) - raft.server.leaderelection.pre-vote = true (default)
2022-11-08 19:12:06,099 [s0@group-EA982605F2E5-FollowerState] INFO  impl.RoleInfo (RoleInfo.java:updateAndGet(139)) - s0: start s0@group-EA982605F2E5-LeaderElection5
2022-11-08 19:12:06,105 [s1@group-EA982605F2E5-LeaderElection4] INFO  impl.LeaderElection (LeaderElection.java:askForVotes(309)) - s1@group-EA982605F2E5-LeaderElection4 PRE_VOTE round 0: submit vote requests at term 1 for -1: peers:[s0|rpc:localhost:34297|admin:localhost:37077|client:localhost:39609|dataStream:localhost:43983|priority:0|startupRole:FOLLOWER, s1|rpc:localhost:38917|admin:localhost:40635|client:localhost:36975|dataStream:localhost:45719|priority:0|startupRole:FOLLOWER, s2|rpc:localhost:35511|admin:localhost:36791|client:localhost:42865|dataStream:localhost:38827|priority:0|startupRole:FOLLOWER]|listeners:[], old=null
2022-11-08 19:12:06,106 [s1@group-EA982605F2E5-LeaderElection4] INFO  server.RaftServerConfigKeys (ConfUtils.java:logFallback(53)) - raft.server.rpc.first-election.timeout.min = 150ms (fallback to raft.server.rpc.timeout.min)
2022-11-08 19:12:06,106 [s1@group-EA982605F2E5-LeaderElection4] INFO  server.RaftServerConfigKeys (ConfUtils.java:logFallback(53)) - raft.server.rpc.first-election.timeout.max = 300ms (fallback to raft.server.rpc.timeout.max)
2022-11-08 19:12:06,140 [s0@group-EA982605F2E5-LeaderElection5] INFO  impl.LeaderElection (LeaderElection.java:askForVotes(309)) - s0@group-EA982605F2E5-LeaderElection5 PRE_VOTE round 0: submit vote requests at term 1 for -1: peers:[s0|rpc:localhost:34297|admin:localhost:37077|client:localhost:39609|dataStream:localhost:43983|priority:0|startupRole:FOLLOWER, s1|rpc:localhost:38917|admin:localhost:40635|client:localhost:36975|dataStream:localhost:45719|priority:0|startupRole:FOLLOWER, s2|rpc:localhost:35511|admin:localhost:36791|client:localhost:42865|dataStream:localhost:38827|priority:0|startupRole:FOLLOWER]|listeners:[], old=null
2022-11-08 19:12:06,144 [s2@group-EA982605F2E5-SegmentedRaftLogWorker] INFO  segmented.SegmentedRaftLogWorker (SegmentedRaftLogWorker.java:execute(635)) - s2@group-EA982605F2E5-SegmentedRaftLogWorker: created new log segment /home/runner/work/ratis/ratis/ratis-test/target/test/data/39edf034/MiniRaftClusterWithGrpc1caade96/s2/6773c5a3-d481-4750-a6ba-ea982605f2e5/current/log_inprogress_0
2022-11-08 19:12:06,158 [grpc-default-executor-1] INFO  server.RaftServer$Division (RaftServerImpl.java:requestVote(1294)) - s0@group-EA982605F2E5: receive requestVote(PRE_VOTE, s1, group-EA982605F2E5, 1, (t:0, i:0))
2022-11-08 19:12:06,158 [grpc-default-executor-1] INFO  impl.VoteContext (VoteContext.java:log(49)) - s0@group-EA982605F2E5-CANDIDATE: accept PRE_VOTE from s1: our priority 0 <= candidate's priority 0
2022-11-08 19:12:06,158 [grpc-default-executor-1] INFO  server.RaftServer$Division (RaftServerImpl.java:requestVote(1327)) - s0@group-EA982605F2E5 replies to PRE_VOTE vote request: s1<-s0#0:OK-t1. Peer's state: s0@group-EA982605F2E5:t1, leader=null, voted=s2, raftlog=Memoized:s0@group-EA982605F2E5-SegmentedRaftLog:OPENED:c-1, conf=-1: peers:[s0|rpc:localhost:34297|admin:localhost:37077|client:localhost:39609|dataStream:localhost:43983|priority:0|startupRole:FOLLOWER, s1|rpc:localhost:38917|admin:localhost:40635|client:localhost:36975|dataStream:localhost:45719|priority:0|startupRole:FOLLOWER, s2|rpc:localhost:35511|admin:localhost:36791|client:localhost:42865|dataStream:localhost:38827|priority:0|startupRole:FOLLOWER]|listeners:[], old=null
2022-11-08 19:12:06,177 [s0@group-EA982605F2E5-LeaderElection5] INFO  server.RaftServerConfigKeys (ConfUtils.java:logFallback(53)) - raft.server.rpc.first-election.timeout.min = 150ms (fallback to raft.server.rpc.timeout.min)
2022-11-08 19:12:06,177 [s0@group-EA982605F2E5-LeaderElection5] INFO  server.RaftServerConfigKeys (ConfUtils.java:logFallback(53)) - raft.server.rpc.first-election.timeout.max = 300ms (fallback to raft.server.rpc.timeout.max)
2022-11-08 19:12:06,201 [grpc-default-executor-10] INFO  server.RaftServer$Division (RaftServerImpl.java:requestVote(1294)) - s2@group-EA982605F2E5: receive requestVote(PRE_VOTE, s1, group-EA982605F2E5, 1, (t:0, i:0))
2022-11-08 19:12:06,201 [grpc-default-executor-10] WARN  server.RaftServer$Division (LeaderStateImpl.java:checkLeadership(1063)) - s2@group-EA982605F2E5-LeaderStateImpl: Lost leadership on term: 1. Election timeout: 300ms. In charge for: 334ms. Conf: 0: peers:[s0|rpc:localhost:34297|admin:localhost:37077|client:localhost:39609|dataStream:localhost:43983|priority:0|startupRole:FOLLOWER, s1|rpc:localhost:38917|admin:localhost:40635|client:localhost:36975|dataStream:localhost:45719|priority:0|startupRole:FOLLOWER, s2|rpc:localhost:35511|admin:localhost:36791|client:localhost:42865|dataStream:localhost:38827|priority:0|startupRole:FOLLOWER]|listeners:[], old=null
2022-11-08 19:12:06,202 [grpc-default-executor-10] WARN  server.RaftServer$Division (LeaderStateImpl.java:lambda$checkLeadership$17(1067)) - Follower s2@group-EA982605F2E5->s0(c-1,m0,n1, attendVote=true, lastRpcSendTime=55, lastRpcResponseTime=576)
2022-11-08 19:12:06,202 [grpc-default-executor-10] WARN  server.RaftServer$Division (LeaderStateImpl.java:lambda$checkLeadership$17(1067)) - Follower s2@group-EA982605F2E5->s1(c-1,m0,n1, attendVote=true, lastRpcSendTime=57, lastRpcResponseTime=576)
2022-11-08 19:12:06,202 [grpc-default-executor-10] INFO  server.RaftServer$Division (RaftServerImpl.java:setRole(325)) - s2@group-EA982605F2E5: changes role from    LEADER to FOLLOWER at term 1 for StepDownReason:LOST_MAJORITY_HEARTBEATS
2022-11-08 19:12:06,202 [grpc-default-executor-10] INFO  impl.RoleInfo (RoleInfo.java:shutdownLeaderState(93)) - s2: shutdown s2@group-EA982605F2E5-LeaderStateImpl
2022-11-08 19:12:06,205 [grpc-default-executor-10] INFO  impl.PendingRequests (PendingRequests.java:sendNotLeaderResponses(282)) - s2@group-EA982605F2E5-PendingRequests: sendNotLeaderResponses
2022-11-08 19:12:06,207 [grpc-default-executor-10] INFO  impl.RoleInfo (RoleInfo.java:updateAndGet(139)) - s2: start s2@group-EA982605F2E5-FollowerState
2022-11-08 19:12:06,209 [grpc-default-executor-10] INFO  impl.VoteContext (VoteContext.java:log(49)) - s2@group-EA982605F2E5-FOLLOWER: reject PRE_VOTE from s1: this server is a follower and still has a valid leader s2
2022-11-08 19:12:06,209 [grpc-default-executor-10] INFO  server.RaftServer$Division (RaftServerImpl.java:requestVote(1327)) - s2@group-EA982605F2E5 replies to PRE_VOTE vote request: s1<-s2#0:FAIL-t1. Peer's state: s2@group-EA982605F2E5:t1, leader=s2, voted=s2, raftlog=Memoized:s2@group-EA982605F2E5-SegmentedRaftLog:OPENED:c0, conf=0: peers:[s0|rpc:localhost:34297|admin:localhost:37077|client:localhost:39609|dataStream:localhost:43983|priority:0|startupRole:FOLLOWER, s1|rpc:localhost:38917|admin:localhost:40635|client:localhost:36975|dataStream:localhost:45719|priority:0|startupRole:FOLLOWER, s2|rpc:localhost:35511|admin:localhost:36791|client:localhost:42865|dataStream:localhost:38827|priority:0|startupRole:FOLLOWER]|listeners:[], old=null
2022-11-08 19:12:06,217 [s2@group-EA982605F2E5->s1-GrpcLogAppender-LogAppenderDaemon] WARN  server.GrpcLogAppender (GrpcLogAppender.java:mayWait(199)) - s2@group-EA982605F2E5->s1-GrpcLogAppender: Wait interrupted by java.lang.InterruptedException
2022-11-08 19:12:06,220 [s2@group-EA982605F2E5->s0-GrpcLogAppender-LogAppenderDaemon] WARN  server.GrpcLogAppender (GrpcLogAppender.java:mayWait(199)) - s2@group-EA982605F2E5->s0-GrpcLogAppender: Wait interrupted by java.lang.InterruptedException
2022-11-08 19:12:06,227 [grpc-default-executor-8] INFO  server.RaftServer$Division (RaftServerImpl.java:requestVote(1294)) - s2@group-EA982605F2E5: receive requestVote(PRE_VOTE, s0, group-EA982605F2E5, 1, (t:0, i:0))
2022-11-08 19:12:06,227 [grpc-default-executor-8] INFO  impl.VoteContext (VoteContext.java:log(49)) - s2@group-EA982605F2E5-FOLLOWER: reject PRE_VOTE from s0: this server is a follower and still has a valid leader s2
2022-11-08 19:12:06,227 [grpc-default-executor-8] INFO  server.RaftServer$Division (RaftServerImpl.java:requestVote(1327)) - s2@group-EA982605F2E5 replies to PRE_VOTE vote request: s0<-s2#0:FAIL-t1. Peer's state: s2@group-EA982605F2E5:t1, leader=s2, voted=s2, raftlog=Memoized:s2@group-EA982605F2E5-SegmentedRaftLog:OPENED:c0, conf=0: peers:[s0|rpc:localhost:34297|admin:localhost:37077|client:localhost:39609|dataStream:localhost:43983|priority:0|startupRole:FOLLOWER, s1|rpc:localhost:38917|admin:localhost:40635|client:localhost:36975|dataStream:localhost:45719|priority:0|startupRole:FOLLOWER, s2|rpc:localhost:35511|admin:localhost:36791|client:localhost:42865|dataStream:localhost:38827|priority:0|startupRole:FOLLOWER]|listeners:[], old=null
2022-11-08 19:12:06,240 [s1@group-EA982605F2E5-LeaderElection4] INFO  impl.LeaderElection (LeaderElection.java:logAndReturn(89)) - s1@group-EA982605F2E5-LeaderElection4: PRE_VOTE PASSED received 2 response(s) and 0 exception(s):
2022-11-08 19:12:06,240 [s1@group-EA982605F2E5-LeaderElection4] INFO  impl.LeaderElection (LeaderElection.java:logAndReturn(93)) -   Response 0: s1<-s0#0:OK-t1
2022-11-08 19:12:06,240 [s1@group-EA982605F2E5-LeaderElection4] INFO  impl.LeaderElection (LeaderElection.java:logAndReturn(93)) -   Response 1: s1<-s2#0:FAIL-t1
2022-11-08 19:12:06,240 [s1@group-EA982605F2E5-LeaderElection4] INFO  impl.LeaderElection (LeaderElection.java:askForVotes(311)) - s1@group-EA982605F2E5-LeaderElection4 PRE_VOTE round 0: result PASSED
2022-11-08 19:12:06,250 [s1@group-EA982605F2E5-LeaderElection4] INFO  impl.LeaderElection (LeaderElection.java:askForVotes(309)) - s1@group-EA982605F2E5-LeaderElection4 ELECTION round 0: submit vote requests at term 2 for -1: peers:[s0|rpc:localhost:34297|admin:localhost:37077|client:localhost:39609|dataStream:localhost:43983|priority:0|startupRole:FOLLOWER, s1|rpc:localhost:38917|admin:localhost:40635|client:localhost:36975|dataStream:localhost:45719|priority:0|startupRole:FOLLOWER, s2|rpc:localhost:35511|admin:localhost:36791|client:localhost:42865|dataStream:localhost:38827|priority:0|startupRole:FOLLOWER]|listeners:[], old=null
2022-11-08 19:12:06,256 [s0-server-thread2] INFO  server.RaftServer$Division (RaftServerImpl.java:setRole(325)) - s0@group-EA982605F2E5: changes role from CANDIDATE to FOLLOWER at term 1 for appendEntries
2022-11-08 19:12:06,257 [s0-server-thread2] INFO  impl.RoleInfo (RoleInfo.java:shutdownLeaderElection(130)) - s0: shutdown s0@group-EA982605F2E5-LeaderElection5
2022-11-08 19:12:06,258 [s0-server-thread2] INFO  impl.RoleInfo (RoleInfo.java:updateAndGet(139)) - s0: start s0@group-EA982605F2E5-FollowerState
2022-11-08 19:12:06,259 [s1-server-thread2] DEBUG server.RaftServer$Division (RaftServerImpl.java:appendEntriesAsync(1484)) - s1@group-EA982605F2E5: Not recognize s2 (term=1) as leader, state: s1@group-EA982605F2E5:t2, leader=null, voted=s1, raftlog=Memoized:s1@group-EA982605F2E5-SegmentedRaftLog:OPENED:c-1, conf=-1: peers:[s0|rpc:localhost:34297|admin:localhost:37077|client:localhost:39609|dataStream:localhost:43983|priority:0|startupRole:FOLLOWER, s1|rpc:localhost:38917|admin:localhost:40635|client:localhost:36975|dataStream:localhost:45719|priority:0|startupRole:FOLLOWER, s2|rpc:localhost:35511|admin:localhost:36791|client:localhost:42865|dataStream:localhost:38827|priority:0|startupRole:FOLLOWER]|listeners:[], old=null reply: s2<-s1#0:FAIL-t2,NOT_LEADER,nextIndex=0,followerCommit=-1,matchIndex=-1
2022-11-08 19:12:06,267 [s1-server-thread2] DEBUG server.RaftServer$Division (RaftServerImpl.java:appendEntriesAsync(1484)) - s1@group-EA982605F2E5: Not recognize s2 (term=1) as leader, state: s1@group-EA982605F2E5:t2, leader=null, voted=s1, raftlog=Memoized:s1@group-EA982605F2E5-SegmentedRaftLog:OPENED:c-1, conf=-1: peers:[s0|rpc:localhost:34297|admin:localhost:37077|client:localhost:39609|dataStream:localhost:43983|priority:0|startupRole:FOLLOWER, s1|rpc:localhost:38917|admin:localhost:40635|client:localhost:36975|dataStream:localhost:45719|priority:0|startupRole:FOLLOWER, s2|rpc:localhost:35511|admin:localhost:36791|client:localhost:42865|dataStream:localhost:38827|priority:0|startupRole:FOLLOWER]|listeners:[], old=null reply: s2<-s1#2:FAIL-t2,NOT_LEADER,nextIndex=0,followerCommit=-1,matchIndex=-1
2022-11-08 19:12:06,268 [s1-server-thread2] DEBUG server.RaftServer$Division (RaftServerImpl.java:appendEntriesAsync(1484)) - s1@group-EA982605F2E5: Not recognize s2 (term=1) as leader, state: s1@group-EA982605F2E5:t2, leader=null, voted=s1, raftlog=Memoized:s1@group-EA982605F2E5-SegmentedRaftLog:OPENED:c-1, conf=-1: peers:[s0|rpc:localhost:34297|admin:localhost:37077|client:localhost:39609|dataStream:localhost:43983|priority:0|startupRole:FOLLOWER, s1|rpc:localhost:38917|admin:localhost:40635|client:localhost:36975|dataStream:localhost:45719|priority:0|startupRole:FOLLOWER, s2|rpc:localhost:35511|admin:localhost:36791|client:localhost:42865|dataStream:localhost:38827|priority:0|startupRole:FOLLOWER]|listeners:[], old=null reply: s2<-s1#3:FAIL-t2,NOT_LEADER,nextIndex=0,followerCommit=-1,matchIndex=-1
2022-11-08 19:12:06,269 [grpc-default-executor-8] INFO  server.GrpcServerProtocolService (GrpcServerProtocolService.java:onCompleted(143)) - s1: Completed APPEND_ENTRIES, lastRequest: null
2022-11-08 19:12:06,278 [s1@group-EA982605F2E5-LeaderElection4] INFO  server.RaftServerConfigKeys (ConfUtils.java:logFallback(53)) - raft.server.rpc.first-election.timeout.min = 150ms (fallback to raft.server.rpc.timeout.min)
2022-11-08 19:12:06,278 [s1@group-EA982605F2E5-LeaderElection4] INFO  server.RaftServerConfigKeys (ConfUtils.java:logFallback(53)) - raft.server.rpc.first-election.timeout.max = 300ms (fallback to raft.server.rpc.timeout.max)
2022-11-08 19:12:06,286 [grpc-default-executor-10] INFO  server.RaftServer$Division (RaftServerImpl.java:requestVote(1294)) - s1@group-EA982605F2E5: receive requestVote(PRE_VOTE, s0, group-EA982605F2E5, 1, (t:0, i:0))
2022-11-08 19:12:06,286 [grpc-default-executor-10] INFO  impl.VoteContext (VoteContext.java:log(49)) - s1@group-EA982605F2E5-CANDIDATE: accept PRE_VOTE from s0: our priority 0 <= candidate's priority 0
2022-11-08 19:12:06,286 [grpc-default-executor-10] INFO  server.RaftServer$Division (RaftServerImpl.java:requestVote(1327)) - s1@group-EA982605F2E5 replies to PRE_VOTE vote request: s0<-s1#0:OK-t2. Peer's state: s1@group-EA982605F2E5:t2, leader=null, voted=s1, raftlog=Memoized:s1@group-EA982605F2E5-SegmentedRaftLog:OPENED:c-1, conf=-1: peers:[s0|rpc:localhost:34297|admin:localhost:37077|client:localhost:39609|dataStream:localhost:43983|priority:0|startupRole:FOLLOWER, s1|rpc:localhost:38917|admin:localhost:40635|client:localhost:36975|dataStream:localhost:45719|priority:0|startupRole:FOLLOWER, s2|rpc:localhost:35511|admin:localhost:36791|client:localhost:42865|dataStream:localhost:38827|priority:0|startupRole:FOLLOWER]|listeners:[], old=null
2022-11-08 19:12:06,287 [grpc-default-executor-8] INFO  server.RaftServer$Division (RaftServerImpl.java:requestVote(1294)) - s0@group-EA982605F2E5: receive requestVote(ELECTION, s1, group-EA982605F2E5, 2, (t:0, i:0))
2022-11-08 19:12:06,289 [s0@group-EA982605F2E5-LeaderElection5] INFO  impl.LeaderElection (LeaderElection.java:logAndReturn(89)) - s0@group-EA982605F2E5-LeaderElection5: PRE_VOTE DISCOVERED_A_NEW_TERM (term=2) received 2 response(s) and 0 exception(s):
2022-11-08 19:12:06,289 [s0@group-EA982605F2E5-LeaderElection5] INFO  impl.LeaderElection (LeaderElection.java:logAndReturn(93)) -   Response 0: s0<-s1#0:OK-t2
2022-11-08 19:12:06,289 [s0@group-EA982605F2E5-LeaderElection5] INFO  impl.LeaderElection (LeaderElection.java:logAndReturn(93)) -   Response 1: s0<-s2#0:FAIL-t1
2022-11-08 19:12:06,289 [s0@group-EA982605F2E5-LeaderElection5] INFO  impl.LeaderElection (LeaderElection.java:askForVotes(311)) - s0@group-EA982605F2E5-LeaderElection5 PRE_VOTE round 0: result DISCOVERED_A_NEW_TERM (term=2)
2022-11-08 19:12:06,301 [grpc-default-executor-4] INFO  server.RaftServer$Division (RaftServerImpl.java:requestVote(1294)) - s2@group-EA982605F2E5: receive requestVote(ELECTION, s1, group-EA982605F2E5, 2, (t:0, i:0))
2022-11-08 19:12:06,301 [grpc-default-executor-4] INFO  impl.VoteContext (VoteContext.java:log(49)) - s2@group-EA982605F2E5-FOLLOWER: reject ELECTION from s1: our last entry (t:1, i:0) > candidate's last entry (t:0, i:0)
2022-11-08 19:12:06,301 [grpc-default-executor-4] INFO  server.RaftServer$Division (ServerState.java:setLeader(259)) - s2@group-EA982605F2E5: change Leader from s2 to null at term 2 for updateCurrentTerm
2022-11-08 19:12:06,301 [grpc-default-executor-4] INFO  server.RaftServer$Division (RaftServerImpl.java:setRole(325)) - s2@group-EA982605F2E5: changes role from  FOLLOWER to FOLLOWER at term 2 for candidate:s1
2022-11-08 19:12:06,301 [grpc-default-executor-4] INFO  impl.RoleInfo (RoleInfo.java:shutdownFollowerState(110)) - s2: shutdown s2@group-EA982605F2E5-FollowerState
2022-11-08 19:12:06,301 [grpc-default-executor-4] INFO  impl.RoleInfo (RoleInfo.java:updateAndGet(139)) - s2: start s2@group-EA982605F2E5-FollowerState
2022-11-08 19:12:06,303 [s0-server-thread2] INFO  server.RaftServer$Division (ServerState.java:setLeader(259)) - s0@group-EA982605F2E5: change Leader from null to s2 at term 1 for appendEntries, leader elected after 1759ms
2022-11-08 19:12:06,303 [s0@group-EA982605F2E5-FollowerState] INFO  server.RaftServerConfigKeys (ConfUtils.java:logFallback(53)) - raft.server.rpc.first-election.timeout.min = 150ms (fallback to raft.server.rpc.timeout.min)
2022-11-08 19:12:06,315 [s0@group-EA982605F2E5-FollowerState] INFO  server.RaftServerConfigKeys (ConfUtils.java:logFallback(53)) - raft.server.rpc.first-election.timeout.max = 300ms (fallback to raft.server.rpc.timeout.max)
2022-11-08 19:12:06,316 [grpc-default-executor-4] INFO  server.RaftServer$Division (RaftServerImpl.java:requestVote(1327)) - s2@group-EA982605F2E5 replies to ELECTION vote request: s1<-s2#0:FAIL-t2. Peer's state: s2@group-EA982605F2E5:t2, leader=null, voted=null, raftlog=Memoized:s2@group-EA982605F2E5-SegmentedRaftLog:OPENED:c0, conf=0: peers:[s0|rpc:localhost:34297|admin:localhost:37077|client:localhost:39609|dataStream:localhost:43983|priority:0|startupRole:FOLLOWER, s1|rpc:localhost:38917|admin:localhost:40635|client:localhost:36975|dataStream:localhost:45719|priority:0|startupRole:FOLLOWER, s2|rpc:localhost:35511|admin:localhost:36791|client:localhost:42865|dataStream:localhost:38827|priority:0|startupRole:FOLLOWER]|listeners:[], old=null
2022-11-08 19:12:06,316 [grpc-default-executor-8] INFO  impl.VoteContext (VoteContext.java:log(49)) - s0@group-EA982605F2E5-FOLLOWER: accept ELECTION from s1: our priority 0 <= candidate's priority 0
2022-11-08 19:12:06,316 [grpc-default-executor-8] INFO  server.RaftServer$Division (ServerState.java:setLeader(259)) - s0@group-EA982605F2E5: change Leader from s2 to null at term 2 for updateCurrentTerm
2022-11-08 19:12:06,316 [grpc-default-executor-8] INFO  server.RaftServer$Division (RaftServerImpl.java:setRole(325)) - s0@group-EA982605F2E5: changes role from  FOLLOWER to FOLLOWER at term 2 for candidate:s1
2022-11-08 19:12:06,316 [grpc-default-executor-8] INFO  impl.RoleInfo (RoleInfo.java:shutdownFollowerState(110)) - s0: shutdown s0@group-EA982605F2E5-FollowerState
2022-11-08 19:12:06,320 [grpc-default-executor-8] INFO  impl.RoleInfo (RoleInfo.java:updateAndGet(139)) - s0: start s0@group-EA982605F2E5-FollowerState
2022-11-08 19:12:06,321 [s0@group-EA982605F2E5-FollowerState] INFO  impl.FollowerState (FollowerState.java:run(152)) - s0@group-EA982605F2E5-FollowerState was interrupted
2022-11-08 19:12:06,315 [s0-server-thread1] DEBUG server.RaftServer$Division (RaftServerImpl.java:logAppendEntries(1421)) - s0@group-EA982605F2E5: receive appendEntries(s2, 1, null, -1, true, commits:[s2:c-1, s0:c-1, s1:c-1], cId:1, entries: [(t:1, i:0), CONFIGURATIONENTRY(current:id: "s0"
address: "localhost:34297"
dataStreamAddress: "localhost:43983"
clientAddress: "localhost:39609"
adminAddress: "localhost:37077"
startupRole: FOLLOWER
,id: "s1"
address: "localhost:38917"
dataStreamAddress: "localhost:45719"
clientAddress: "localhost:36975"
adminAddress: "localhost:40635"
startupRole: FOLLOWER
,id: "s2"
address: "localhost:35511"
dataStreamAddress: "localhost:38827"
clientAddress: "localhost:42865"
adminAddress: "localhost:36791"
startupRole: FOLLOWER
, old:)]
2022-11-08 19:12:06,307 [s2@group-EA982605F2E5-FollowerState] INFO  impl.FollowerState (FollowerState.java:run(152)) - s2@group-EA982605F2E5-FollowerState was interrupted
2022-11-08 19:12:06,325 [grpc-default-executor-10] INFO  server.GrpcLogAppender (GrpcLogAppender.java:onCompleted(413)) - s2@group-EA982605F2E5->s1-AppendLogResponseHandler: follower responses appendEntries COMPLETED
2022-11-08 19:12:06,325 [s1-server-thread1] DEBUG server.RaftServer$Division (RaftServerImpl.java:logAppendEntries(1421)) - s1@group-EA982605F2E5: receive appendEntries(s2, 1, null, -1, true, commits:[s2:c-1, s0:c-1, s1:c-1], cId:1, entries: [(t:1, i:0), CONFIGURATIONENTRY(current:id: "s0"
address: "localhost:34297"
dataStreamAddress: "localhost:43983"
clientAddress: "localhost:39609"
adminAddress: "localhost:37077"
startupRole: FOLLOWER
,id: "s1"
address: "localhost:38917"
dataStreamAddress: "localhost:45719"
clientAddress: "localhost:36975"
adminAddress: "localhost:40635"
startupRole: FOLLOWER
,id: "s2"
address: "localhost:35511"
dataStreamAddress: "localhost:38827"
clientAddress: "localhost:42865"
adminAddress: "localhost:36791"
startupRole: FOLLOWER
, old:)]
2022-11-08 19:12:06,325 [s1-server-thread1] DEBUG server.RaftServer$Division (RaftServerImpl.java:appendEntriesAsync(1484)) - s1@group-EA982605F2E5: Not recognize s2 (term=1) as leader, state: s1@group-EA982605F2E5:t2, leader=null, voted=s1, raftlog=Memoized:s1@group-EA982605F2E5-SegmentedRaftLog:OPENED:c-1, conf=-1: peers:[s0|rpc:localhost:34297|admin:localhost:37077|client:localhost:39609|dataStream:localhost:43983|priority:0|startupRole:FOLLOWER, s1|rpc:localhost:38917|admin:localhost:40635|client:localhost:36975|dataStream:localhost:45719|priority:0|startupRole:FOLLOWER, s2|rpc:localhost:35511|admin:localhost:36791|client:localhost:42865|dataStream:localhost:38827|priority:0|startupRole:FOLLOWER]|listeners:[], old=null reply: s2<-s1#1:FAIL-t2,NOT_LEADER,nextIndex=0,followerCommit=-1,matchIndex=-1
2022-11-08 19:12:06,346 [grpc-default-executor-10] INFO  leader.FollowerInfo (FollowerInfoImpl.java:lambda$new$0(48)) - s2@group-EA982605F2E5->s1: nextIndex: updateUnconditionally 1 -> 0
2022-11-08 19:12:06,348 [grpc-default-executor-8] INFO  server.RaftServer$Division (RaftServerImpl.java:requestVote(1327)) - s0@group-EA982605F2E5 replies to ELECTION vote request: s1<-s0#0:OK-t2. Peer's state: s0@group-EA982605F2E5:t2, leader=null, voted=s1, raftlog=Memoized:s0@group-EA982605F2E5-SegmentedRaftLog:OPENED:c-1, conf=-1: peers:[s0|rpc:localhost:34297|admin:localhost:37077|client:localhost:39609|dataStream:localhost:43983|priority:0|startupRole:FOLLOWER, s1|rpc:localhost:38917|admin:localhost:40635|client:localhost:36975|dataStream:localhost:45719|priority:0|startupRole:FOLLOWER, s2|rpc:localhost:35511|admin:localhost:36791|client:localhost:42865|dataStream:localhost:38827|priority:0|startupRole:FOLLOWER]|listeners:[], old=null
2022-11-08 19:12:06,351 [s1@group-EA982605F2E5-LeaderElection4] INFO  impl.LeaderElection (LeaderElection.java:logAndReturn(89)) - s1@group-EA982605F2E5-LeaderElection4: ELECTION PASSED received 2 response(s) and 0 exception(s):
2022-11-08 19:12:06,351 [s1@group-EA982605F2E5-LeaderElection4] INFO  impl.LeaderElection (LeaderElection.java:logAndReturn(93)) -   Response 0: s1<-s0#0:OK-t2
2022-11-08 19:12:06,351 [s1@group-EA982605F2E5-LeaderElection4] INFO  impl.LeaderElection (LeaderElection.java:logAndReturn(93)) -   Response 1: s1<-s2#0:FAIL-t2
2022-11-08 19:12:06,351 [s1@group-EA982605F2E5-LeaderElection4] INFO  impl.LeaderElection (LeaderElection.java:askForVotes(311)) - s1@group-EA982605F2E5-LeaderElection4 ELECTION round 0: result PASSED
2022-11-08 19:12:06,351 [s1@group-EA982605F2E5-LeaderElection4] INFO  impl.RoleInfo (RoleInfo.java:shutdownLeaderElection(130)) - s1: shutdown s1@group-EA982605F2E5-LeaderElection4
2022-11-08 19:12:06,352 [s1@group-EA982605F2E5-LeaderElection4] INFO  server.RaftServer$Division (RaftServerImpl.java:setRole(325)) - s1@group-EA982605F2E5: changes role from CANDIDATE to LEADER at term 2 for changeToLeader
2022-11-08 19:12:06,352 [s1@group-EA982605F2E5-LeaderElection4] INFO  server.RaftServer$Division (ServerState.java:setLeader(259)) - s1@group-EA982605F2E5: change Leader from null to s1 at term 2 for becomeLeader, leader elected after 1795ms
2022-11-08 19:12:06,352 [s1@group-EA982605F2E5-LeaderElection4] INFO  server.RaftServerConfigKeys (ConfUtils.java:logGet(46)) - raft.server.staging.catchup.gap = 1000 (default)
2022-11-08 19:12:06,352 [s1@group-EA982605F2E5-LeaderElection4] INFO  server.RaftServerConfigKeys (ConfUtils.java:logGet(46)) - raft.server.write.element-limit = 4096 (default)
2022-11-08 19:12:06,352 [s1@group-EA982605F2E5-LeaderElection4] INFO  server.RaftServerConfigKeys (ConfUtils.java:logGet(46)) - raft.server.write.byte-limit = 64MB (=67108864) (default)
2022-11-08 19:12:06,353 [s1@group-EA982605F2E5-LeaderElection4] INFO  server.RaftServerConfigKeys (ConfUtils.java:logGet(46)) - raft.server.watch.timeout = 10s (default)
2022-11-08 19:12:06,353 [s1@group-EA982605F2E5-LeaderElection4] INFO  server.RaftServerConfigKeys (ConfUtils.java:logGet(46)) - raft.server.watch.timeout.denomination = 1s (default)
2022-11-08 19:12:06,353 [s1@group-EA982605F2E5-LeaderElection4] INFO  server.RaftServerConfigKeys (ConfUtils.java:logGet(46)) - raft.server.watch.element-limit = 65536 (default)
2022-11-08 19:12:06,353 [s1@group-EA982605F2E5-LeaderElection4] INFO  server.RaftServerConfigKeys (ConfUtils.java:logGet(46)) - raft.server.write.element-limit = 4096 (default)
2022-11-08 19:12:06,353 [s1@group-EA982605F2E5-LeaderElection4] INFO  server.RaftServerConfigKeys (ConfUtils.java:logGet(46)) - raft.server.write.follower.gap.ratio.max = -1.0 (default)
2022-11-08 19:12:06,354 [s1@group-EA982605F2E5-LeaderElection4] INFO  server.RaftServerConfigKeys (ConfUtils.java:logGet(46)) - raft.server.log.appender.snapshot.chunk.size.max = 16MB (=16777216) (default)
2022-11-08 19:12:06,354 [s1@group-EA982605F2E5-LeaderElection4] INFO  server.RaftServerConfigKeys (ConfUtils.java:logGet(46)) - raft.server.log.appender.buffer.byte-limit = 4MB (=4194304) (default)
2022-11-08 19:12:06,354 [s1@group-EA982605F2E5-LeaderElection4] INFO  server.RaftServerConfigKeys (ConfUtils.java:logGet(46)) - raft.server.log.appender.buffer.element-limit = 0 (default)
2022-11-08 19:12:06,354 [s1@group-EA982605F2E5-LeaderElection4] INFO  grpc.GrpcConfigKeys (ConfUtils.java:logGet(46)) - raft.grpc.server.leader.outstanding.appends.max = 128 (default)
2022-11-08 19:12:06,355 [s0-server-thread2] DEBUG server.RaftServer$Division (RaftServerImpl.java:appendEntriesAsync(1484)) - s0@group-EA982605F2E5: Not recognize s2 (term=1) as leader, state: s0@group-EA982605F2E5:t2, leader=null, voted=s1, raftlog=Memoized:s0@group-EA982605F2E5-SegmentedRaftLog:OPENED:c-1, conf=-1: peers:[s0|rpc:localhost:34297|admin:localhost:37077|client:localhost:39609|dataStream:localhost:43983|priority:0|startupRole:FOLLOWER, s1|rpc:localhost:38917|admin:localhost:40635|client:localhost:36975|dataStream:localhost:45719|priority:0|startupRole:FOLLOWER, s2|rpc:localhost:35511|admin:localhost:36791|client:localhost:42865|dataStream:localhost:38827|priority:0|startupRole:FOLLOWER]|listeners:[], old=null reply: s2<-s0#2:FAIL-t2,NOT_LEADER,nextIndex=0,followerCommit=-1,matchIndex=-1
2022-11-08 19:12:06,356 [s0-server-thread1] DEBUG server.RaftServer$Division (RaftServerImpl.java:appendEntriesAsync(1484)) - s0@group-EA982605F2E5: Not recognize s2 (term=1) as leader, state: s0@group-EA982605F2E5:t2, leader=null, voted=s1, raftlog=Memoized:s0@group-EA982605F2E5-SegmentedRaftLog:OPENED:c-1, conf=-1: peers:[s0|rpc:localhost:34297|admin:localhost:37077|client:localhost:39609|dataStream:localhost:43983|priority:0|startupRole:FOLLOWER, s1|rpc:localhost:38917|admin:localhost:40635|client:localhost:36975|dataStream:localhost:45719|priority:0|startupRole:FOLLOWER, s2|rpc:localhost:35511|admin:localhost:36791|client:localhost:42865|dataStream:localhost:38827|priority:0|startupRole:FOLLOWER]|listeners:[], old=null reply: s2<-s0#1:FAIL-t2,NOT_LEADER,nextIndex=0,followerCommit=-1,matchIndex=-1
2022-11-08 19:12:06,346 [grpc-default-executor-3] INFO  server.GrpcServerProtocolService (GrpcServerProtocolService.java:onCompleted(143)) - s1: Completed APPEND_ENTRIES, lastRequest: s2->s1#1-t1,previous=(t:0, i:0),leaderCommit=-1,initializing? true,entries: size=1, first=(t:1, i:0), CONFIGURATIONENTRY(current:id: "s0"
address: "localhost:34297"
dataStreamAddress: "localhost:43983"
clientAddress: "localhost:39609"
adminAddress: "localhost:37077"
startupRole: FOLLOWER
,id: "s1"
address: "localhost:38917"
dataStreamAddress: "localhost:45719"
clientAddress: "localhost:36975"
adminAddress: "localhost:40635"
startupRole: FOLLOWER
,id: "s2"
address: "localhost:35511"
dataStreamAddress: "localhost:38827"
clientAddress: "localhost:42865"
adminAddress: "localhost:36791"
startupRole: FOLLOWER
, old:)
2022-11-08 19:12:06,361 [grpc-default-executor-1] INFO  server.GrpcServerProtocolService (GrpcServerProtocolService.java:onCompleted(143)) - s0: Completed APPEND_ENTRIES, lastRequest: s2->s0#1-t1,previous=(t:0, i:0),leaderCommit=-1,initializing? true,entries: size=1, first=(t:1, i:0), CONFIGURATIONENTRY(current:id: "s0"
address: "localhost:34297"
dataStreamAddress: "localhost:43983"
clientAddress: "localhost:39609"
adminAddress: "localhost:37077"
startupRole: FOLLOWER
,id: "s1"
address: "localhost:38917"
dataStreamAddress: "localhost:45719"
clientAddress: "localhost:36975"
adminAddress: "localhost:40635"
startupRole: FOLLOWER
,id: "s2"
address: "localhost:35511"
dataStreamAddress: "localhost:38827"
clientAddress: "localhost:42865"
adminAddress: "localhost:36791"
startupRole: FOLLOWER
, old:)
2022-11-08 19:12:06,362 [s0-server-thread1] DEBUG server.RaftServer$Division (RaftServerImpl.java:appendEntriesAsync(1484)) - s0@group-EA982605F2E5: Not recognize s2 (term=1) as leader, state: s0@group-EA982605F2E5:t2, leader=null, voted=s1, raftlog=Memoized:s0@group-EA982605F2E5-SegmentedRaftLog:OPENED:c-1, conf=-1: peers:[s0|rpc:localhost:34297|admin:localhost:37077|client:localhost:39609|dataStream:localhost:43983|priority:0|startupRole:FOLLOWER, s1|rpc:localhost:38917|admin:localhost:40635|client:localhost:36975|dataStream:localhost:45719|priority:0|startupRole:FOLLOWER, s2|rpc:localhost:35511|admin:localhost:36791|client:localhost:42865|dataStream:localhost:38827|priority:0|startupRole:FOLLOWER]|listeners:[], old=null reply: s2<-s0#3:FAIL-t2,NOT_LEADER,nextIndex=0,followerCommit=-1,matchIndex=-1
2022-11-08 19:12:06,362 [grpc-default-executor-0] INFO  server.GrpcServerProtocolService (GrpcServerProtocolService.java:onCompleted(143)) - s0: Completed APPEND_ENTRIES, lastRequest: null
2022-11-08 19:12:06,363 [grpc-default-executor-10] INFO  server.GrpcLogAppender (GrpcLogAppender.java:onCompleted(413)) - s2@group-EA982605F2E5->s1-AppendLogResponseHandler: follower responses appendEntries COMPLETED
2022-11-08 19:12:06,363 [grpc-default-executor-10] INFO  leader.FollowerInfo (FollowerInfoImpl.java:lambda$new$0(48)) - s2@group-EA982605F2E5->s1: nextIndex: updateUnconditionally 0 -> 0
2022-11-08 19:12:06,368 [s1@group-EA982605F2E5-LeaderElection4] INFO  server.RaftServerConfigKeys (ConfUtils.java:logGet(46)) - raft.server.rpc.request.timeout = 3000ms (default)
2022-11-08 19:12:06,369 [s1@group-EA982605F2E5-LeaderElection4] INFO  server.RaftServerConfigKeys (ConfUtils.java:logGet(46)) - raft.server.log.appender.install.snapshot.enabled = true (default)
2022-11-08 19:12:06,369 [s1@group-EA982605F2E5-LeaderElection4] INFO  grpc.GrpcConfigKeys (ConfUtils.java:logGet(46)) - raft.grpc.server.heartbeat.channel = true (default)
2022-11-08 19:12:06,369 [s1@group-EA982605F2E5-LeaderElection4] INFO  server.RaftServerConfigKeys (ConfUtils.java:logGet(46)) - raft.server.log.appender.wait-time.min = 10ms (default)
2022-11-08 19:12:06,370 [grpc-default-executor-0] INFO  server.GrpcLogAppender (GrpcLogAppender.java:onCompleted(413)) - s2@group-EA982605F2E5->s0-AppendLogResponseHandler: follower responses appendEntries COMPLETED
2022-11-08 19:12:06,370 [grpc-default-executor-0] INFO  leader.FollowerInfo (FollowerInfoImpl.java:lambda$new$0(48)) - s2@group-EA982605F2E5->s0: nextIndex: updateUnconditionally 1 -> 0
2022-11-08 19:12:06,374 [grpc-default-executor-1] INFO  server.GrpcLogAppender (GrpcLogAppender.java:onCompleted(413)) - s2@group-EA982605F2E5->s0-AppendLogResponseHandler: follower responses appendEntries COMPLETED
2022-11-08 19:12:06,374 [grpc-default-executor-1] INFO  leader.FollowerInfo (FollowerInfoImpl.java:lambda$new$0(48)) - s2@group-EA982605F2E5->s0: nextIndex: updateUnconditionally 0 -> 0
2022-11-08 19:12:06,377 [s1@group-EA982605F2E5-LeaderElection4] INFO  server.RaftServerConfigKeys (ConfUtils.java:logGet(46)) - raft.server.log.appender.snapshot.chunk.size.max = 16MB (=16777216) (default)
2022-11-08 19:12:06,377 [s1@group-EA982605F2E5-LeaderElection4] INFO  server.RaftServerConfigKeys (ConfUtils.java:logGet(46)) - raft.server.log.appender.buffer.byte-limit = 4MB (=4194304) (default)
2022-11-08 19:12:06,377 [s1@group-EA982605F2E5-LeaderElection4] INFO  server.RaftServerConfigKeys (ConfUtils.java:logGet(46)) - raft.server.log.appender.buffer.element-limit = 0 (default)
2022-11-08 19:12:06,377 [s1@group-EA982605F2E5-LeaderElection4] INFO  grpc.GrpcConfigKeys (ConfUtils.java:logGet(46)) - raft.grpc.server.leader.outstanding.appends.max = 128 (default)
2022-11-08 19:12:06,377 [s1@group-EA982605F2E5-LeaderElection4] INFO  server.RaftServerConfigKeys (ConfUtils.java:logGet(46)) - raft.server.rpc.request.timeout = 3000ms (default)
2022-11-08 19:12:06,378 [s1@group-EA982605F2E5-LeaderElection4] INFO  server.RaftServerConfigKeys (ConfUtils.java:logGet(46)) - raft.server.log.appender.install.snapshot.enabled = true (default)
2022-11-08 19:12:06,378 [s1@group-EA982605F2E5-LeaderElection4] INFO  grpc.GrpcConfigKeys (ConfUtils.java:logGet(46)) - raft.grpc.server.heartbeat.channel = true (default)
2022-11-08 19:12:06,378 [s1@group-EA982605F2E5-LeaderElection4] INFO  server.RaftServerConfigKeys (ConfUtils.java:logGet(46)) - raft.server.log.appender.wait-time.min = 10ms (default)
2022-11-08 19:12:06,378 [s1@group-EA982605F2E5-LeaderElection4] INFO  impl.RoleInfo (RoleInfo.java:updateAndGet(139)) - s1: start s1@group-EA982605F2E5-LeaderStateImpl
2022-11-08 19:12:06,378 [s1@group-EA982605F2E5-LeaderElection4] DEBUG raftlog.RaftLog (SegmentedRaftLog.java:appendImpl(446)) - truncateIndex=-1, arrayIndex=0
2022-11-08 19:12:06,382 [s1@group-EA982605F2E5-LeaderElection4] INFO  segmented.SegmentedRaftLogWorker (SegmentedRaftLogWorker.java:startLogSegment(431)) - s1@group-EA982605F2E5-SegmentedRaftLogWorker: Starting segment from index:0
2022-11-08 19:12:06,395 [s1@group-EA982605F2E5-SegmentedRaftLogWorker] INFO  segmented.SegmentedRaftLogWorker (SegmentedRaftLogWorker.java:execute(635)) - s1@group-EA982605F2E5-SegmentedRaftLogWorker: created new log segment /home/runner/work/ratis/ratis/ratis-test/target/test/data/39edf034/MiniRaftClusterWithGrpc1caade96/s1/6773c5a3-d481-4750-a6ba-ea982605f2e5/current/log_inprogress_0
2022-11-08 19:12:06,399 [s1@group-EA982605F2E5-LeaderElection4] INFO  server.RaftServer$Division (ServerState.java:setRaftConf(376)) - s1@group-EA982605F2E5: set configuration 0: peers:[s0|rpc:localhost:34297|admin:localhost:37077|client:localhost:39609|dataStream:localhost:43983|priority:0|startupRole:FOLLOWER, s1|rpc:localhost:38917|admin:localhost:40635|client:localhost:36975|dataStream:localhost:45719|priority:0|startupRole:FOLLOWER, s2|rpc:localhost:35511|admin:localhost:36791|client:localhost:42865|dataStream:localhost:38827|priority:0|startupRole:FOLLOWER]|listeners:[], old=null
2022-11-08 19:12:06,419 [s2-server-thread1] INFO  server.RaftServer$Division (ServerState.java:setLeader(259)) - s2@group-EA982605F2E5: change Leader from null to s1 at term 2 for appendEntries, leader elected after 117ms
2022-11-08 19:12:06,419 [s0-server-thread1] INFO  server.RaftServer$Division (ServerState.java:setLeader(259)) - s0@group-EA982605F2E5: change Leader from null to s1 at term 2 for appendEntries, leader elected after 102ms
2022-11-08 19:12:06,424 [s0-server-thread3] DEBUG server.RaftServer$Division (RaftServerImpl.java:logAppendEntries(1421)) - s0@group-EA982605F2E5: receive appendEntries(s1, 2, null, 0, true, commits:[s1:c0, s0:c-1, s2:c-1], cId:1, entries: [(t:2, i:0), CONFIGURATIONENTRY(current:id: "s0"
address: "localhost:34297"
dataStreamAddress: "localhost:43983"
clientAddress: "localhost:39609"
adminAddress: "localhost:37077"
startupRole: FOLLOWER
,id: "s1"
address: "localhost:38917"
dataStreamAddress: "localhost:45719"
clientAddress: "localhost:36975"
adminAddress: "localhost:40635"
startupRole: FOLLOWER
,id: "s2"
address: "localhost:35511"
dataStreamAddress: "localhost:38827"
clientAddress: "localhost:42865"
adminAddress: "localhost:36791"
startupRole: FOLLOWER
, old:)]
2022-11-08 19:12:06,429 [s0-server-thread3] INFO  server.RaftServer$Division (ServerState.java:setRaftConf(376)) - s0@group-EA982605F2E5: set configuration 0: peers:[s0|rpc:localhost:34297|admin:localhost:37077|client:localhost:39609|dataStream:localhost:43983|priority:0|startupRole:FOLLOWER, s1|rpc:localhost:38917|admin:localhost:40635|client:localhost:36975|dataStream:localhost:45719|priority:0|startupRole:FOLLOWER, s2|rpc:localhost:35511|admin:localhost:36791|client:localhost:42865|dataStream:localhost:38827|priority:0|startupRole:FOLLOWER]|listeners:[], old=null
2022-11-08 19:12:06,430 [s2-server-thread3] DEBUG server.RaftServer$Division (RaftServerImpl.java:logAppendEntries(1421)) - s2@group-EA982605F2E5: receive appendEntries(s1, 2, null, 0, true, commits:[s1:c0, s0:c-1, s2:c-1], cId:1, entries: [(t:2, i:0), CONFIGURATIONENTRY(current:id: "s0"
address: "localhost:34297"
dataStreamAddress: "localhost:43983"
clientAddress: "localhost:39609"
adminAddress: "localhost:37077"
startupRole: FOLLOWER
,id: "s1"
address: "localhost:38917"
dataStreamAddress: "localhost:45719"
clientAddress: "localhost:36975"
adminAddress: "localhost:40635"
startupRole: FOLLOWER
,id: "s2"
address: "localhost:35511"
dataStreamAddress: "localhost:38827"
clientAddress: "localhost:42865"
adminAddress: "localhost:36791"
startupRole: FOLLOWER
, old:)]
2022-11-08 19:12:06,430 [s2-server-thread3] INFO  server.RaftServer$Division (RaftServerImpl.java:checkInconsistentAppendEntries(1592)) - s2@group-EA982605F2E5: Failed appendEntries as the first entry (index 0) already exists (snapshotIndex: -1, commitIndex: 0)
2022-11-08 19:12:06,431 [s2-server-thread3] INFO  server.RaftServer$Division (RaftServerImpl.java:checkInconsistentAppendEntries(1572)) - s2@group-EA982605F2E5: inconsistency entries. Reply:s1<-s2#1:FAIL-t2,INCONSISTENCY,nextIndex=1,followerCommit=0,matchIndex=-1
2022-11-08 19:12:06,430 [s0-server-thread3] DEBUG raftlog.RaftLog (SegmentedRaftLog.java:appendImpl(446)) - truncateIndex=-1, arrayIndex=0
2022-11-08 19:12:06,432 [s0-server-thread3] INFO  segmented.SegmentedRaftLogWorker (SegmentedRaftLogWorker.java:startLogSegment(431)) - s0@group-EA982605F2E5-SegmentedRaftLogWorker: Starting segment from index:0
2022-11-08 19:12:06,436 [grpc-default-executor-3] INFO  leader.FollowerInfo (FollowerInfoImpl.java:lambda$new$0(48)) - s1@group-EA982605F2E5->s2: nextIndex: updateUnconditionally 1 -> 1
2022-11-08 19:12:06,448 [s0@group-EA982605F2E5-SegmentedRaftLogWorker] INFO  segmented.SegmentedRaftLogWorker (SegmentedRaftLogWorker.java:execute(635)) - s0@group-EA982605F2E5-SegmentedRaftLogWorker: created new log segment /home/runner/work/ratis/ratis/ratis-test/target/test/data/39edf034/MiniRaftClusterWithGrpc1caade96/s0/6773c5a3-d481-4750-a6ba-ea982605f2e5/current/log_inprogress_0
2022-11-08 19:12:06,451 [s0-server-thread3] DEBUG server.RaftServer$Division (RaftServerImpl.java:logAppendEntries(1421)) - s0@group-EA982605F2E5: succeeded to handle AppendEntries. Reply: s1<-s0#1:OK-t2,SUCCESS,nextIndex=1,followerCommit=0,matchIndex=0
2022-11-08 19:12:06,520 [Time-limited test] INFO  ratis.RaftTestUtil (RaftTestUtil.java:waitForLeader(119)) - printing ALL groups
  s0:  RUNNING  FOLLOWER s0@group-EA982605F2E5:t2, leader=s1, voted=s1, raftlog=Memoized:s0@group-EA982605F2E5-SegmentedRaftLog:OPENED:c0, conf=0: peers:[s0|rpc:localhost:34297|admin:localhost:37077|client:localhost:39609|dataStream:localhost:43983|priority:0|startupRole:FOLLOWER, s1|rpc:localhost:38917|admin:localhost:40635|client:localhost:36975|dataStream:localhost:45719|priority:0|startupRole:FOLLOWER, s2|rpc:localhost:35511|admin:localhost:36791|client:localhost:42865|dataStream:localhost:38827|priority:0|startupRole:FOLLOWER]|listeners:[], old=null RUNNING
  s1:  RUNNING    LEADER s1@group-EA982605F2E5:t2, leader=s1, voted=s1, raftlog=Memoized:s1@group-EA982605F2E5-SegmentedRaftLog:OPENED:c0, conf=0: peers:[s0|rpc:localhost:34297|admin:localhost:37077|client:localhost:39609|dataStream:localhost:43983|priority:0|startupRole:FOLLOWER, s1|rpc:localhost:38917|admin:localhost:40635|client:localhost:36975|dataStream:localhost:45719|priority:0|startupRole:FOLLOWER, s2|rpc:localhost:35511|admin:localhost:36791|client:localhost:42865|dataStream:localhost:38827|priority:0|startupRole:FOLLOWER]|listeners:[], old=null RUNNING
  s2:  RUNNING  FOLLOWER s2@group-EA982605F2E5:t2, leader=s1, voted=null, raftlog=Memoized:s2@group-EA982605F2E5-SegmentedRaftLog:OPENED:c0, conf=0: peers:[s0|rpc:localhost:34297|admin:localhost:37077|client:localhost:39609|dataStream:localhost:43983|priority:0|startupRole:FOLLOWER, s1|rpc:localhost:38917|admin:localhost:40635|client:localhost:36975|dataStream:localhost:45719|priority:0|startupRole:FOLLOWER, s2|rpc:localhost:35511|admin:localhost:36791|client:localhost:42865|dataStream:localhost:38827|priority:0|startupRole:FOLLOWER]|listeners:[], old=null RUNNING
2022-11-08 19:12:06,523 [s2-server-thread2] INFO  server.RaftServer$Division (RaftServerImpl.java:checkInconsistentAppendEntries(1602)) - s2@group-EA982605F2E5: Failed appendEntries as previous log entry ((t:2, i:0)) is not found
2022-11-08 19:12:06,523 [s2-server-thread2] INFO  server.RaftServer$Division (RaftServerImpl.java:checkInconsistentAppendEntries(1572)) - s2@group-EA982605F2E5: inconsistency entries. Reply:s1<-s2#3:FAIL-t2,INCONSISTENCY,nextIndex=0,followerCommit=0,matchIndex=-1
2022-11-08 19:12:06,524 [grpc-default-executor-3] INFO  leader.FollowerInfo (FollowerInfoImpl.java:lambda$new$0(48)) - s1@group-EA982605F2E5->s2: nextIndex: updateUnconditionally 1 -> 0
2022-11-08 19:12:06,527 [s2-server-thread3] DEBUG server.RaftServer$Division (RaftServerImpl.java:logAppendEntries(1421)) - s2@group-EA982605F2E5: receive appendEntries(s1, 2, null, 0, true, commits:[s1:c0, s0:c0, s2:c0], cId:4, entries: [(t:2, i:0), CONFIGURATIONENTRY(current:id: "s0"
address: "localhost:34297"
dataStreamAddress: "localhost:43983"
clientAddress: "localhost:39609"
adminAddress: "localhost:37077"
startupRole: FOLLOWER
,id: "s1"
address: "localhost:38917"
dataStreamAddress: "localhost:45719"
clientAddress: "localhost:36975"
adminAddress: "localhost:40635"
startupRole: FOLLOWER
,id: "s2"
address: "localhost:35511"
dataStreamAddress: "localhost:38827"
clientAddress: "localhost:42865"
adminAddress: "localhost:36791"
startupRole: FOLLOWER
, old:)]
2022-11-08 19:12:06,528 [s2-server-thread3] INFO  server.RaftServer$Division (RaftServerImpl.java:checkInconsistentAppendEntries(1592)) - s2@group-EA982605F2E5: Failed appendEntries as the first entry (index 0) already exists (snapshotIndex: -1, commitIndex: 0)
2022-11-08 19:12:06,528 [s2-server-thread3] INFO  server.RaftServer$Division (RaftServerImpl.java:checkInconsistentAppendEntries(1572)) - s2@group-EA982605F2E5: inconsistency entries. Reply:s1<-s2#4:FAIL-t2,INCONSISTENCY,nextIndex=1,followerCommit=0,matchIndex=-1
2022-11-08 19:12:06,529 [grpc-default-executor-3] INFO  leader.FollowerInfo (FollowerInfoImpl.java:lambda$new$0(48)) - s1@group-EA982605F2E5->s2: nextIndex: updateUnconditionally 1 -> 1
2022-11-08 19:12:06,529 [Time-limited test] DEBUG client.RaftClient (ConfUtils.java:logGet(46)) - raft.rpc.type = GRPC (default)
2022-11-08 19:12:06,599 [s1-client-thread1] DEBUG server.RaftServer$Division (RaftServerImpl.java:submitClientRequestAsync(827)) - s1@group-EA982605F2E5: receive client request(RaftClientRequest:client-2EFB324ADA71->s1@group-EA982605F2E5, cid=0, seq=0, RW, Message:6669727374206d736720...(size=30))
2022-11-08 19:12:06,607 [s2-server-thread2] INFO  server.RaftServer$Division (RaftServerImpl.java:checkInconsistentAppendEntries(1602)) - s2@group-EA982605F2E5: Failed appendEntries as previous log entry ((t:2, i:0)) is not found
2022-11-08 19:12:06,607 [s2-server-thread2] INFO  server.RaftServer$Division (RaftServerImpl.java:checkInconsistentAppendEntries(1572)) - s2@group-EA982605F2E5: inconsistency entries. Reply:s1<-s2#5:FAIL-t2,INCONSISTENCY,nextIndex=0,followerCommit=0,matchIndex=-1
2022-11-08 19:12:06,609 [grpc-default-executor-8] INFO  leader.FollowerInfo (FollowerInfoImpl.java:lambda$new$0(48)) - s1@group-EA982605F2E5->s2: nextIndex: updateUnconditionally 1 -> 0
2022-11-08 19:12:06,611 [s2-server-thread2] DEBUG server.RaftServer$Division (RaftServerImpl.java:logAppendEntries(1421)) - s2@group-EA982605F2E5: receive appendEntries(s1, 2, null, 0, true, commits:[s1:c0, s0:c0, s2:c0], cId:6, entries: [(t:2, i:0), CONFIGURATIONENTRY(current:id: "s0"
address: "localhost:34297"
dataStreamAddress: "localhost:43983"
clientAddress: "localhost:39609"
adminAddress: "localhost:37077"
startupRole: FOLLOWER
,id: "s1"
address: "localhost:38917"
dataStreamAddress: "localhost:45719"
clientAddress: "localhost:36975"
adminAddress: "localhost:40635"
startupRole: FOLLOWER
,id: "s2"
address: "localhost:35511"
dataStreamAddress: "localhost:38827"
clientAddress: "localhost:42865"
adminAddress: "localhost:36791"
startupRole: FOLLOWER
, old:)]
2022-11-08 19:12:06,611 [s2-server-thread2] INFO  server.RaftServer$Division (RaftServerImpl.java:checkInconsistentAppendEntries(1592)) - s2@group-EA982605F2E5: Failed appendEntries as the first entry (index 0) already exists (snapshotIndex: -1, commitIndex: 0)
2022-11-08 19:12:06,611 [s2-server-thread2] INFO  server.RaftServer$Division (RaftServerImpl.java:checkInconsistentAppendEntries(1572)) - s2@group-EA982605F2E5: inconsistency entries. Reply:s1<-s2#6:FAIL-t2,INCONSISTENCY,nextIndex=1,followerCommit=0,matchIndex=-1
2022-11-08 19:12:06,613 [grpc-default-executor-8] INFO  leader.FollowerInfo (FollowerInfoImpl.java:lambda$new$0(48)) - s1@group-EA982605F2E5->s2: nextIndex: updateUnconditionally 1 -> 1
2022-11-08 19:12:06,642 [s2-server-thread2] DEBUG server.RaftServer$Division (RaftServerImpl.java:logAppendEntries(1421)) - s2@group-EA982605F2E5: receive appendEntries(s1, 2, (t:2, i:0), 0, true, commits:[s1:c0, s0:c0, s2:c0], cId:7, entries: [(t:2, i:1), STATEMACHINELOGENTRY, 0@client-2EFB324ADA71]
2022-11-08 19:12:06,642 [s2-server-thread2] INFO  server.RaftServer$Division (RaftServerImpl.java:checkInconsistentAppendEntries(1602)) - s2@group-EA982605F2E5: Failed appendEntries as previous log entry ((t:2, i:0)) is not found
2022-11-08 19:12:06,642 [s2-server-thread2] INFO  server.RaftServer$Division (RaftServerImpl.java:checkInconsistentAppendEntries(1572)) - s2@group-EA982605F2E5: inconsistency entries. Reply:s1<-s2#7:FAIL-t2,INCONSISTENCY,nextIndex=0,followerCommit=0,matchIndex=-1
2022-11-08 19:12:06,642 [s0-server-thread3] DEBUG server.RaftServer$Division (RaftServerImpl.java:logAppendEntries(1421)) - s0@group-EA982605F2E5: receive appendEntries(s1, 2, (t:2, i:0), 0, true, commits:[s1:c0, s0:c0, s2:c0], cId:7, entries: [(t:2, i:1), STATEMACHINELOGENTRY, 0@client-2EFB324ADA71]
2022-11-08 19:12:06,643 [s0-server-thread3] DEBUG raftlog.RaftLog (SegmentedRaftLog.java:appendImpl(446)) - truncateIndex=-1, arrayIndex=0
2022-11-08 19:12:06,645 [grpc-default-executor-8] INFO  leader.FollowerInfo (FollowerInfoImpl.java:lambda$new$0(48)) - s1@group-EA982605F2E5->s2: nextIndex: updateUnconditionally 2 -> 0
2022-11-08 19:12:06,645 [s0-server-thread3] DEBUG server.RaftServer$Division (RaftServerImpl.java:logAppendEntries(1421)) - s0@group-EA982605F2E5: succeeded to handle AppendEntries. Reply: s1<-s0#7:OK-t2,SUCCESS,nextIndex=2,followerCommit=0,matchIndex=1
2022-11-08 19:12:06,647 [s2-server-thread2] DEBUG server.RaftServer$Division (RaftServerImpl.java:logAppendEntries(1421)) - s2@group-EA982605F2E5: receive appendEntries(s1, 2, null, 0, true, commits:[s1:c0, s0:c0, s2:c0], cId:8, entries: [(t:2, i:0), CONFIGURATIONENTRY(current:id: "s0"
address: "localhost:34297"
dataStreamAddress: "localhost:43983"
clientAddress: "localhost:39609"
adminAddress: "localhost:37077"
startupRole: FOLLOWER
,id: "s1"
address: "localhost:38917"
dataStreamAddress: "localhost:45719"
clientAddress: "localhost:36975"
adminAddress: "localhost:40635"
startupRole: FOLLOWER
,id: "s2"
address: "localhost:35511"
dataStreamAddress: "localhost:38827"
clientAddress: "localhost:42865"
adminAddress: "localhost:36791"
startupRole: FOLLOWER
, old:), (t:2, i:1), STATEMACHINELOGENTRY, 0@client-2EFB324ADA71]
2022-11-08 19:12:06,648 [s2-server-thread2] INFO  server.RaftServer$Division (RaftServerImpl.java:checkInconsistentAppendEntries(1592)) - s2@group-EA982605F2E5: Failed appendEntries as the first entry (index 0) already exists (snapshotIndex: -1, commitIndex: 0)
2022-11-08 19:12:06,648 [s2-server-thread2] INFO  server.RaftServer$Division (RaftServerImpl.java:checkInconsistentAppendEntries(1572)) - s2@group-EA982605F2E5: inconsistency entries. Reply:s1<-s2#8:FAIL-t2,INCONSISTENCY,nextIndex=1,followerCommit=0,matchIndex=-1
2022-11-08 19:12:06,649 [grpc-default-executor-8] INFO  leader.FollowerInfo (FollowerInfoImpl.java:lambda$new$0(48)) - s1@group-EA982605F2E5->s2: nextIndex: updateUnconditionally 2 -> 1
2022-11-08 19:12:06,651 [s2-server-thread2] DEBUG server.RaftServer$Division (RaftServerImpl.java:logAppendEntries(1421)) - s2@group-EA982605F2E5: receive appendEntries(s1, 2, (t:2, i:0), 0, true, commits:[s1:c0, s0:c0, s2:c0], cId:9, entries: [(t:2, i:1), STATEMACHINELOGENTRY, 0@client-2EFB324ADA71]
2022-11-08 19:12:06,651 [s1-client-thread1] DEBUG server.RaftServer$Division (LeaderStateImpl.java:addPendingRequest(410)) - s1@group-EA982605F2E5-LeaderStateImpl: addPendingRequest at RaftClientRequest:client-2EFB324ADA71->s1@group-EA982605F2E5, cid=0, seq=0, RW, Message:6669727374206d736720...(size=30), entry=(t:2, i:1), STATEMACHINELOGENTRY, 0@client-2EFB324ADA71
2022-11-08 19:12:06,651 [s2-server-thread2] INFO  server.RaftServer$Division (RaftServerImpl.java:checkInconsistentAppendEntries(1602)) - s2@group-EA982605F2E5: Failed appendEntries as previous log entry ((t:2, i:0)) is not found
2022-11-08 19:12:06,651 [s2-server-thread2] INFO  server.RaftServer$Division (RaftServerImpl.java:checkInconsistentAppendEntries(1572)) - s2@group-EA982605F2E5: inconsistency entries. Reply:s1<-s2#9:FAIL-t2,INCONSISTENCY,nextIndex=0,followerCommit=0,matchIndex=-1
2022-11-08 19:12:06,652 [grpc-default-executor-8] INFO  leader.FollowerInfo (FollowerInfoImpl.java:lambda$new$0(48)) - s1@group-EA982605F2E5->s2: nextIndex: updateUnconditionally 2 -> 0
2022-11-08 19:12:06,655 [s2-server-thread2] DEBUG server.RaftServer$Division (RaftServerImpl.java:logAppendEntries(1421)) - s2@group-EA982605F2E5: receive appendEntries(s1, 2, null, 1, true, commits:[s1:c1, s0:c0, s2:c0], cId:10, entries: [(t:2, i:0), CONFIGURATIONENTRY(current:id: "s0"
address: "localhost:34297"
dataStreamAddress: "localhost:43983"
clientAddress: "localhost:39609"
adminAddress: "localhost:37077"
startupRole: FOLLOWER
,id: "s1"
address: "localhost:38917"
dataStreamAddress: "localhost:45719"
clientAddress: "localhost:36975"
adminAddress: "localhost:40635"
startupRole: FOLLOWER
,id: "s2"
address: "localhost:35511"
dataStreamAddress: "localhost:38827"
clientAddress: "localhost:42865"
adminAddress: "localhost:36791"
startupRole: FOLLOWER
, old:), (t:2, i:1), STATEMACHINELOGENTRY, 0@client-2EFB324ADA71]
2022-11-08 19:12:06,655 [s2-server-thread2] INFO  server.RaftServer$Division (RaftServerImpl.java:checkInconsistentAppendEntries(1592)) - s2@group-EA982605F2E5: Failed appendEntries as the first entry (index 0) already exists (snapshotIndex: -1, commitIndex: 0)
2022-11-08 19:12:06,656 [s2-server-thread2] INFO  server.RaftServer$Division (RaftServerImpl.java:checkInconsistentAppendEntries(1572)) - s2@group-EA982605F2E5: inconsistency entries. Reply:s1<-s2#10:FAIL-t2,INCONSISTENCY,nextIndex=1,followerCommit=0,matchIndex=-1
2022-11-08 19:12:06,656 [grpc-default-executor-8] INFO  leader.FollowerInfo (FollowerInfoImpl.java:lambda$new$0(48)) - s1@group-EA982605F2E5->s2: nextIndex: updateUnconditionally 2 -> 1
2022-11-08 19:12:06,658 [s2-server-thread3] DEBUG server.RaftServer$Division (RaftServerImpl.java:logAppendEntries(1421)) - s2@group-EA982605F2E5: receive appendEntries(s1, 2, (t:2, i:0), 1, true, commits:[s1:c1, s0:c0, s2:c0], cId:11, entries: [(t:2, i:1), STATEMACHINELOGENTRY, 0@client-2EFB324ADA71]
2022-11-08 19:12:06,658 [s2-server-thread3] INFO  server.RaftServer$Division (RaftServerImpl.java:checkInconsistentAppendEntries(1602)) - s2@group-EA982605F2E5: Failed appendEntries as previous log entry ((t:2, i:0)) is not found
2022-11-08 19:12:06,658 [s2-server-thread3] INFO  server.RaftServer$Division (RaftServerImpl.java:checkInconsistentAppendEntries(1572)) - s2@group-EA982605F2E5: inconsistency entries. Reply:s1<-s2#11:FAIL-t2,INCONSISTENCY,nextIndex=0,followerCommit=0,matchIndex=-1
2022-11-08 19:12:06,659 [grpc-default-executor-8] INFO  leader.FollowerInfo (FollowerInfoImpl.java:lambda$new$0(48)) - s1@group-EA982605F2E5->s2: nextIndex: updateUnconditionally 2 -> 0
2022-11-08 19:12:06,663 [s0-server-thread3] DEBUG server.RaftServer$Division (RaftServerImpl.java:logAppendEntries(1421)) - s0@group-EA982605F2E5: receive appendEntries(s1, 2, (t:2, i:1), 1, true, commits:[s1:c1, s0:c0, s2:c0], cId:8, entries: [(t:2, i:2), METADATAENTRY(c:1)]
2022-11-08 19:12:06,663 [s0-server-thread3] DEBUG raftlog.RaftLog (SegmentedRaftLog.java:appendImpl(446)) - truncateIndex=-1, arrayIndex=0
2022-11-08 19:12:06,664 [s0-server-thread3] DEBUG server.RaftServer$Division (RaftServerImpl.java:logAppendEntries(1421)) - s0@group-EA982605F2E5: succeeded to handle AppendEntries. Reply: s1<-s0#8:OK-t2,SUCCESS,nextIndex=3,followerCommit=1,matchIndex=2
2022-11-08 19:12:06,669 [s2-server-thread2] DEBUG server.RaftServer$Division (RaftServerImpl.java:logAppendEntries(1421)) - s2@group-EA982605F2E5: receive appendEntries(s1, 2, null, 1, true, commits:[s1:c1, s0:c0, s2:c0], cId:12, entries: [(t:2, i:0), CONFIGURATIONENTRY(current:id: "s0"
address: "localhost:34297"
dataStreamAddress: "localhost:43983"
clientAddress: "localhost:39609"
adminAddress: "localhost:37077"
startupRole: FOLLOWER
,id: "s1"
address: "localhost:38917"
dataStreamAddress: "localhost:45719"
clientAddress: "localhost:36975"
adminAddress: "localhost:40635"
startupRole: FOLLOWER
,id: "s2"
address: "localhost:35511"
dataStreamAddress: "localhost:38827"
clientAddress: "localhost:42865"
adminAddress: "localhost:36791"
startupRole: FOLLOWER
, old:), (t:2, i:1), STATEMACHINELOGENTRY, 0@client-2EFB324ADA71, (t:2, i:2), METADATAENTRY(c:1)]
2022-11-08 19:12:06,669 [s2-server-thread2] INFO  server.RaftServer$Division (RaftServerImpl.java:checkInconsistentAppendEntries(1592)) - s2@group-EA982605F2E5: Failed appendEntries as the first entry (index 0) already exists (snapshotIndex: -1, commitIndex: 0)
2022-11-08 19:12:06,669 [null-request--thread1] INFO  server.GrpcClientProtocolService (GrpcClientProtocolService.java:lambda$processClientRequest$0(284)) - Failed RaftClientRequest:client-2EFB324ADA71->s1@group-EA982605F2E5, cid=0, seq=0, RW, Message:6669727374206d736720...(size=30), reply=RaftClientReply:client-2EFB324ADA71->s1@group-EA982605F2E5, cid=0, FAILED org.apache.ratis.protocol.exceptions.StateMachineException: org.apache.ratis.protocol.exceptions.StateMachineException from Server s1@group-EA982605F2E5: Fake Exception, logIndex=1, commits[s1:c1, s0:c0, s2:c0]
2022-11-08 19:12:06,669 [s2-server-thread2] INFO  server.RaftServer$Division (RaftServerImpl.java:checkInconsistentAppendEntries(1572)) - s2@group-EA982605F2E5: inconsistency entries. Reply:s1<-s2#12:FAIL-t2,INCONSISTENCY,nextIndex=1,followerCommit=0,matchIndex=-1
2022-11-08 19:12:06,670 [grpc-default-executor-3] INFO  leader.FollowerInfo (FollowerInfoImpl.java:lambda$new$0(48)) - s1@group-EA982605F2E5->s2: nextIndex: updateUnconditionally 3 -> 1
2022-11-08 19:12:06,672 [s2-server-thread2] DEBUG server.RaftServer$Division (RaftServerImpl.java:logAppendEntries(1421)) - s2@group-EA982605F2E5: receive appendEntries(s1, 2, (t:2, i:0), 2, true, commits:[s1:c2, s0:c1, s2:c0], cId:15, entries: [(t:2, i:1), STATEMACHINELOGENTRY, 0@client-2EFB324ADA71, (t:2, i:2), METADATAENTRY(c:1)]
2022-11-08 19:12:06,672 [s2-server-thread2] INFO  server.RaftServer$Division (RaftServerImpl.java:checkInconsistentAppendEntries(1602)) - s2@group-EA982605F2E5: Failed appendEntries as previous log entry ((t:2, i:0)) is not found
2022-11-08 19:12:06,672 [s2-server-thread2] INFO  server.RaftServer$Division (RaftServerImpl.java:checkInconsistentAppendEntries(1572)) - s2@group-EA982605F2E5: inconsistency entries. Reply:s1<-s2#15:FAIL-t2,INCONSISTENCY,nextIndex=0,followerCommit=0,matchIndex=-1
2022-11-08 19:12:06,673 [grpc-default-executor-3] INFO  leader.FollowerInfo (FollowerInfoImpl.java:lambda$new$0(48)) - s1@group-EA982605F2E5->s2: nextIndex: updateUnconditionally 3 -> 0
2022-11-08 19:12:06,690 [s2-server-thread3] DEBUG server.RaftServer$Division (RaftServerImpl.java:logAppendEntries(1421)) - s2@group-EA982605F2E5: receive appendEntries(s1, 2, null, 2, true, commits:[s1:c2, s0:c1, s2:c0], cId:16, entries: [(t:2, i:0), CONFIGURATIONENTRY(current:id: "s0"
address: "localhost:34297"
dataStreamAddress: "localhost:43983"
clientAddress: "localhost:39609"
adminAddress: "localhost:37077"
startupRole: FOLLOWER
,id: "s1"
address: "localhost:38917"
dataStreamAddress: "localhost:45719"
clientAddress: "localhost:36975"
adminAddress: "localhost:40635"
startupRole: FOLLOWER
,id: "s2"
address: "localhost:35511"
dataStreamAddress: "localhost:38827"
clientAddress: "localhost:42865"
adminAddress: "localhost:36791"
startupRole: FOLLOWER
, old:), (t:2, i:1), STATEMACHINELOGENTRY, 0@client-2EFB324ADA71, (t:2, i:2), METADATAENTRY(c:1)]
2022-11-08 19:12:06,691 [s2-server-thread3] INFO  server.RaftServer$Division (RaftServerImpl.java:checkInconsistentAppendEntries(1592)) - s2@group-EA982605F2E5: Failed appendEntries as the first entry (index 0) already exists (snapshotIndex: -1, commitIndex: 0)
2022-11-08 19:12:06,691 [s2-server-thread3] INFO  server.RaftServer$Division (RaftServerImpl.java:checkInconsistentAppendEntries(1572)) - s2@group-EA982605F2E5: inconsistency entries. Reply:s1<-s2#16:FAIL-t2,INCONSISTENCY,nextIndex=1,followerCommit=0,matchIndex=-1
2022-11-08 19:12:06,692 [grpc-default-executor-3] INFO  leader.FollowerInfo (FollowerInfoImpl.java:lambda$new$0(48)) - s1@group-EA982605F2E5->s2: nextIndex: updateUnconditionally 3 -> 1
2022-11-08 19:12:06,694 [s2-server-thread3] DEBUG server.RaftServer$Division (RaftServerImpl.java:logAppendEntries(1421)) - s2@group-EA982605F2E5: receive appendEntries(s1, 2, (t:2, i:0), 2, true, commits:[s1:c2, s0:c1, s2:c0], cId:17, entries: [(t:2, i:1), STATEMACHINELOGENTRY, 0@client-2EFB324ADA71, (t:2, i:2), METADATAENTRY(c:1)]
2022-11-08 19:12:06,695 [s2-server-thread3] INFO  server.RaftServer$Division (RaftServerImpl.java:checkInconsistentAppendEntries(1602)) - s2@group-EA982605F2E5: Failed appendEntries as previous log entry ((t:2, i:0)) is not found
2022-11-08 19:12:06,695 [s2-server-thread3] INFO  server.RaftServer$Division (RaftServerImpl.java:checkInconsistentAppendEntries(1572)) - s2@group-EA982605F2E5: inconsistency entries. Reply:s1<-s2#17:FAIL-t2,INCONSISTENCY,nextIndex=0,followerCommit=0,matchIndex=-1
2022-11-08 19:12:06,701 [grpc-default-executor-3] INFO  leader.FollowerInfo (FollowerInfoImpl.java:lambda$new$0(48)) - s1@group-EA982605F2E5->s2: nextIndex: updateUnconditionally 3 -> 0
2022-11-08 19:12:06,704 [s2-server-thread3] DEBUG server.RaftServer$Division (RaftServerImpl.java:logAppendEntries(1421)) - s2@group-EA982605F2E5: receive appendEntries(s1, 2, null, 2, true, commits:[s1:c2, s0:c1, s2:c0], cId:18, entries: [(t:2, i:0), CONFIGURATIONENTRY(current:id: "s0"
address: "localhost:34297"
dataStreamAddress: "localhost:43983"
clientAddress: "localhost:39609"
adminAddress: "localhost:37077"
startupRole: FOLLOWER
,id: "s1"
address: "localhost:38917"
dataStreamAddress: "localhost:45719"
clientAddress: "localhost:36975"
adminAddress: "localhost:40635"
startupRole: FOLLOWER
,id: "s2"
address: "localhost:35511"
dataStreamAddress: "localhost:38827"
clientAddress: "localhost:42865"
adminAddress: "localhost:36791"
startupRole: FOLLOWER
, old:), (t:2, i:1), STATEMACHINELOGENTRY, 0@client-2EFB324ADA71, (t:2, i:2), METADATAENTRY(c:1)]
2022-11-08 19:12:06,705 [s2-server-thread3] INFO  server.RaftServer$Division (RaftServerImpl.java:checkInconsistentAppendEntries(1592)) - s2@group-EA982605F2E5: Failed appendEntries as the first entry (index 0) already exists (snapshotIndex: -1, commitIndex: 0)
2022-11-08 19:12:06,705 [s2-server-thread3] INFO  server.RaftServer$Division (RaftServerImpl.java:checkInconsistentAppendEntries(1572)) - s2@group-EA982605F2E5: inconsistency entries. Reply:s1<-s2#18:FAIL-t2,INCONSISTENCY,nextIndex=1,followerCommit=0,matchIndex=-1
2022-11-08 19:12:06,706 [grpc-default-executor-3] INFO  leader.FollowerInfo (FollowerInfoImpl.java:lambda$new$0(48)) - s1@group-EA982605F2E5->s2: nextIndex: updateUnconditionally 3 -> 1
2022-11-08 19:12:06,708 [s2-server-thread3] DEBUG server.RaftServer$Division (RaftServerImpl.java:logAppendEntries(1421)) - s2@group-EA982605F2E5: receive appendEntries(s1, 2, (t:2, i:0), 2, true, commits:[s1:c2, s0:c1, s2:c0], cId:19, entries: [(t:2, i:1), STATEMACHINELOGENTRY, 0@client-2EFB324ADA71, (t:2, i:2), METADATAENTRY(c:1)]
2022-11-08 19:12:06,708 [s2-server-thread3] INFO  server.RaftServer$Division (RaftServerImpl.java:checkInconsistentAppendEntries(1602)) - s2@group-EA982605F2E5: Failed appendEntries as previous log entry ((t:2, i:0)) is not found
2022-11-08 19:12:06,708 [s2-server-thread3] INFO  server.RaftServer$Division (RaftServerImpl.java:checkInconsistentAppendEntries(1572)) - s2@group-EA982605F2E5: inconsistency entries. Reply:s1<-s2#19:FAIL-t2,INCONSISTENCY,nextIndex=0,followerCommit=0,matchIndex=-1
2022-11-08 19:12:06,710 [grpc-default-executor-3] INFO  leader.FollowerInfo (FollowerInfoImpl.java:lambda$new$0(48)) - s1@group-EA982605F2E5->s2: nextIndex: updateUnconditionally 3 -> 0
2022-11-08 19:12:06,719 [s2-server-thread3] DEBUG server.RaftServer$Division (RaftServerImpl.java:logAppendEntries(1421)) - s2@group-EA982605F2E5: receive appendEntries(s1, 2, null, 2, true, commits:[s1:c2, s0:c1, s2:c0], cId:20, entries: [(t:2, i:0), CONFIGURATIONENTRY(current:id: "s0"
address: "localhost:34297"
dataStreamAddress: "localhost:43983"
clientAddress: "localhost:39609"
adminAddress: "localhost:37077"
startupRole: FOLLOWER
,id: "s1"
address: "localhost:38917"
dataStreamAddress: "localhost:45719"
clientAddress: "localhost:36975"
adminAddress: "localhost:40635"
startupRole: FOLLOWER
,id: "s2"
address: "localhost:35511"
dataStreamAddress: "localhost:38827"
clientAddress: "localhost:42865"
adminAddress: "localhost:36791"
startupRole: FOLLOWER
, old:), (t:2, i:1), STATEMACHINELOGENTRY, 0@client-2EFB324ADA71, (t:2, i:2), METADATAENTRY(c:1)]
2022-11-08 19:12:06,720 [s2-server-thread3] INFO  server.RaftServer$Division (RaftServerImpl.java:checkInconsistentAppendEntries(1592)) - s2@group-EA982605F2E5: Failed appendEntries as the first entry (index 0) already exists (snapshotIndex: -1, commitIndex: 0)
2022-11-08 19:12:06,720 [s2-server-thread3] INFO  server.RaftServer$Division (RaftServerImpl.java:checkInconsistentAppendEntries(1572)) - s2@group-EA982605F2E5: inconsistency entries. Reply:s1<-s2#20:FAIL-t2,INCONSISTENCY,nextIndex=1,followerCommit=0,matchIndex=-1
2022-11-08 19:12:06,721 [grpc-default-executor-3] INFO  leader.FollowerInfo (FollowerInfoImpl.java:lambda$new$0(48)) - s1@group-EA982605F2E5->s2: nextIndex: updateUnconditionally 3 -> 1
2022-11-08 19:12:06,723 [s2-server-thread3] DEBUG server.RaftServer$Division (RaftServerImpl.java:logAppendEntries(1421)) - s2@group-EA982605F2E5: receive appendEntries(s1, 2, (t:2, i:0), 2, true, commits:[s1:c2, s0:c1, s2:c0], cId:22, entries: [(t:2, i:1), STATEMACHINELOGENTRY, 0@client-2EFB324ADA71, (t:2, i:2), METADATAENTRY(c:1)]
2022-11-08 19:12:06,724 [s2-server-thread3] INFO  server.RaftServer$Division (RaftServerImpl.java:checkInconsistentAppendEntries(1602)) - s2@group-EA982605F2E5: Failed appendEntries as previous log entry ((t:2, i:0)) is not found
2022-11-08 19:12:06,724 [s2-server-thread3] INFO  server.RaftServer$Division (RaftServerImpl.java:checkInconsistentAppendEntries(1572)) - s2@group-EA982605F2E5: inconsistency entries. Reply:s1<-s2#22:FAIL-t2,INCONSISTENCY,nextIndex=0,followerCommit=0,matchIndex=-1
2022-11-08 19:12:06,725 [grpc-default-executor-3] INFO  leader.FollowerInfo (FollowerInfoImpl.java:lambda$new$0(48)) - s1@group-EA982605F2E5->s2: nextIndex: updateUnconditionally 3 -> 0
2022-11-08 19:12:06,727 [s2-server-thread3] DEBUG server.RaftServer$Division (RaftServerImpl.java:logAppendEntries(1421)) - s2@group-EA982605F2E5: receive appendEntries(s1, 2, null, 2, true, commits:[s1:c2, s0:c1, s2:c0], cId:23, entries: [(t:2, i:0), CONFIGURATIONENTRY(current:id: "s0"
address: "localhost:34297"
dataStreamAddress: "localhost:43983"
clientAddress: "localhost:39609"
adminAddress: "localhost:37077"
startupRole: FOLLOWER
,id: "s1"
address: "localhost:38917"
dataStreamAddress: "localhost:45719"
clientAddress: "localhost:36975"
adminAddress: "localhost:40635"
startupRole: FOLLOWER
,id: "s2"
address: "localhost:35511"
dataStreamAddress: "localhost:38827"
clientAddress: "localhost:42865"
adminAddress: "localhost:36791"
startupRole: FOLLOWER
, old:), (t:2, i:1), STATEMACHINELOGENTRY, 0@client-2EFB324ADA71, (t:2, i:2), METADATAENTRY(c:1)]
2022-11-08 19:12:06,727 [s2-server-thread3] INFO  server.RaftServer$Division (RaftServerImpl.java:checkInconsistentAppendEntries(1592)) - s2@group-EA982605F2E5: Failed appendEntries as the first entry (index 0) already exists (snapshotIndex: -1, commitIndex: 0)
2022-11-08 19:12:06,727 [s2-server-thread3] INFO  server.RaftServer$Division (RaftServerImpl.java:checkInconsistentAppendEntries(1572)) - s2@group-EA982605F2E5: inconsistency entries. Reply:s1<-s2#23:FAIL-t2,INCONSISTENCY,nextIndex=1,followerCommit=0,matchIndex=-1
2022-11-08 19:12:06,729 [grpc-default-executor-3] INFO  leader.FollowerInfo (FollowerInfoImpl.java:lambda$new$0(48)) - s1@group-EA982605F2E5->s2: nextIndex: updateUnconditionally 3 -> 1
2022-11-08 19:12:06,730 [s2-server-thread3] DEBUG server.RaftServer$Division (RaftServerImpl.java:logAppendEntries(1421)) - s2@group-EA982605F2E5: receive appendEntries(s1, 2, (t:2, i:0), 2, true, commits:[s1:c2, s0:c1, s2:c0], cId:24, entries: [(t:2, i:1), STATEMACHINELOGENTRY, 0@client-2EFB324ADA71, (t:2, i:2), METADATAENTRY(c:1)]
2022-11-08 19:12:06,730 [s2-server-thread3] INFO  server.RaftServer$Division (RaftServerImpl.java:checkInconsistentAppendEntries(1602)) - s2@group-EA982605F2E5: Failed appendEntries as previous log entry ((t:2, i:0)) is not found
2022-11-08 19:12:06,731 [s2-server-thread3] INFO  server.RaftServer$Division (RaftServerImpl.java:checkInconsistentAppendEntries(1572)) - s2@group-EA982605F2E5: inconsistency entries. Reply:s1<-s2#24:FAIL-t2,INCONSISTENCY,nextIndex=0,followerCommit=0,matchIndex=-1
2022-11-08 19:12:06,731 [grpc-default-executor-3] INFO  leader.FollowerInfo (FollowerInfoImpl.java:lambda$new$0(48)) - s1@group-EA982605F2E5->s2: nextIndex: updateUnconditionally 3 -> 0
2022-11-08 19:12:06,734 [s2-server-thread3] DEBUG server.RaftServer$Division (RaftServerImpl.java:logAppendEntries(1421)) - s2@group-EA982605F2E5: receive appendEntries(s1, 2, null, 2, true, commits:[s1:c2, s0:c1, s2:c0], cId:25, entries: [(t:2, i:0), CONFIGURATIONENTRY(current:id: "s0"
address: "localhost:34297"
dataStreamAddress: "localhost:43983"
clientAddress: "localhost:39609"
adminAddress: "localhost:37077"
startupRole: FOLLOWER
,id: "s1"
address: "localhost:38917"
dataStreamAddress: "localhost:45719"
clientAddress: "localhost:36975"
adminAddress: "localhost:40635"
startupRole: FOLLOWER
,id: "s2"
address: "localhost:35511"
dataStreamAddress: "localhost:38827"
clientAddress: "localhost:42865"
adminAddress: "localhost:36791"
startupRole: FOLLOWER
, old:), (t:2, i:1), STATEMACHINELOGENTRY, 0@client-2EFB324ADA71, (t:2, i:2), METADATAENTRY(c:1)]
2022-11-08 19:12:06,734 [s2-server-thread3] INFO  server.RaftServer$Division (RaftServerImpl.java:checkInconsistentAppendEntries(1592)) - s2@group-EA982605F2E5: Failed appendEntries as the first entry (index 0) already exists (snapshotIndex: -1, commitIndex: 0)
2022-11-08 19:12:06,734 [s2-server-thread3] INFO  server.RaftServer$Division (RaftServerImpl.java:checkInconsistentAppendEntries(1572)) - s2@group-EA982605F2E5: inconsistency entries. Reply:s1<-s2#25:FAIL-t2,INCONSISTENCY,nextIndex=1,followerCommit=0,matchIndex=-1
2022-11-08 19:12:06,735 [grpc-default-executor-3] INFO  leader.FollowerInfo (FollowerInfoImpl.java:lambda$new$0(48)) - s1@group-EA982605F2E5->s2: nextIndex: updateUnconditionally 3 -> 1
2022-11-08 19:12:06,738 [s2-server-thread3] DEBUG server.RaftServer$Division (RaftServerImpl.java:logAppendEntries(1421)) - s2@group-EA982605F2E5: receive appendEntries(s1, 2, (t:2, i:0), 2, true, commits:[s1:c2, s0:c1, s2:c0], cId:26, entries: [(t:2, i:1), STATEMACHINELOGENTRY, 0@client-2EFB324ADA71, (t:2, i:2), METADATAENTRY(c:1)]
2022-11-08 19:12:06,738 [s2-server-thread3] INFO  server.RaftServer$Division (RaftServerImpl.java:checkInconsistentAppendEntries(1602)) - s2@group-EA982605F2E5: Failed appendEntries as previous log entry ((t:2, i:0)) is not found
2022-11-08 19:12:06,738 [s2-server-thread3] INFO  server.RaftServer$Division (RaftServerImpl.java:checkInconsistentAppendEntries(1572)) - s2@group-EA982605F2E5: inconsistency entries. Reply:s1<-s2#26:FAIL-t2,INCONSISTENCY,nextIndex=0,followerCommit=0,matchIndex=-1
2022-11-08 19:12:06,739 [grpc-default-executor-3] INFO  leader.FollowerInfo (FollowerInfoImpl.java:lambda$new$0(48)) - s1@group-EA982605F2E5->s2: nextIndex: updateUnconditionally 3 -> 0
2022-11-08 19:12:06,745 [s2-server-thread3] DEBUG server.RaftServer$Division (RaftServerImpl.java:logAppendEntries(1421)) - s2@group-EA982605F2E5: receive appendEntries(s1, 2, null, 2, true, commits:[s1:c2, s0:c1, s2:c0], cId:27, entries: [(t:2, i:0), CONFIGURATIONENTRY(current:id: "s0"
address: "localhost:34297"
dataStreamAddress: "localhost:43983"
clientAddress: "localhost:39609"
adminAddress: "localhost:37077"
startupRole: FOLLOWER
,id: "s1"
address: "localhost:38917"
dataStreamAddress: "localhost:45719"
clientAddress: "localhost:36975"
adminAddress: "localhost:40635"
startupRole: FOLLOWER
,id: "s2"
address: "localhost:35511"
dataStreamAddress: "localhost:38827"
clientAddress: "localhost:42865"
adminAddress: "localhost:36791"
startupRole: FOLLOWER
, old:), (t:2, i:1), STATEMACHINELOGENTRY, 0@client-2EFB324ADA71, (t:2, i:2), METADATAENTRY(c:1)]
2022-11-08 19:12:06,746 [s2-server-thread3] INFO  server.RaftServer$Division (RaftServerImpl.java:checkInconsistentAppendEntries(1592)) - s2@group-EA982605F2E5: Failed appendEntries as the first entry (index 0) already exists (snapshotIndex: -1, commitIndex: 0)
2022-11-08 19:12:06,746 [s2-server-thread3] INFO  server.RaftServer$Division (RaftServerImpl.java:checkInconsistentAppendEntries(1572)) - s2@group-EA982605F2E5: inconsistency entries. Reply:s1<-s2#27:FAIL-t2,INCONSISTENCY,nextIndex=1,followerCommit=0,matchIndex=-1
2022-11-08 19:12:06,748 [grpc-default-executor-8] INFO  leader.FollowerInfo (FollowerInfoImpl.java:lambda$new$0(48)) - s1@group-EA982605F2E5->s2: nextIndex: updateUnconditionally 3 -> 1
2022-11-08 19:12:06,749 [s2-server-thread3] DEBUG server.RaftServer$Division (RaftServerImpl.java:logAppendEntries(1421)) - s2@group-EA982605F2E5: receive appendEntries(s1, 2, (t:2, i:0), 2, true, commits:[s1:c2, s0:c1, s2:c0], cId:28, entries: [(t:2, i:1), STATEMACHINELOGENTRY, 0@client-2EFB324ADA71, (t:2, i:2), METADATAENTRY(c:1)]
2022-11-08 19:12:06,750 [s2-server-thread3] INFO  server.RaftServer$Division (RaftServerImpl.java:checkInconsistentAppendEntries(1602)) - s2@group-EA982605F2E5: Failed appendEntries as previous log entry ((t:2, i:0)) is not found
2022-11-08 19:12:06,750 [s2-server-thread3] INFO  server.RaftServer$Division (RaftServerImpl.java:checkInconsistentAppendEntries(1572)) - s2@group-EA982605F2E5: inconsistency entries. Reply:s1<-s2#28:FAIL-t2,INCONSISTENCY,nextIndex=0,followerCommit=0,matchIndex=-1
2022-11-08 19:12:06,751 [grpc-default-executor-8] INFO  leader.FollowerInfo (FollowerInfoImpl.java:lambda$new$0(48)) - s1@group-EA982605F2E5->s2: nextIndex: updateUnconditionally 3 -> 0
2022-11-08 19:12:06,758 [s2-server-thread3] DEBUG server.RaftServer$Division (RaftServerImpl.java:logAppendEntries(1421)) - s2@group-EA982605F2E5: receive appendEntries(s1, 2, null, 2, true, commits:[s1:c2, s0:c1, s2:c0], cId:29, entries: [(t:2, i:0), CONFIGURATIONENTRY(current:id: "s0"
address: "localhost:34297"
dataStreamAddress: "localhost:43983"
clientAddress: "localhost:39609"
adminAddress: "localhost:37077"
startupRole: FOLLOWER
,id: "s1"
address: "localhost:38917"
dataStreamAddress: "localhost:45719"
clientAddress: "localhost:36975"
adminAddress: "localhost:40635"
startupRole: FOLLOWER
,id: "s2"
address: "localhost:35511"
dataStreamAddress: "localhost:38827"
clientAddress: "localhost:42865"
adminAddress: "localhost:36791"
startupRole: FOLLOWER
, old:), (t:2, i:1), STATEMACHINELOGENTRY, 0@client-2EFB324ADA71, (t:2, i:2), METADATAENTRY(c:1)]
2022-11-08 19:12:06,758 [s2-server-thread3] INFO  server.RaftServer$Division (RaftServerImpl.java:checkInconsistentAppendEntries(1592)) - s2@group-EA982605F2E5: Failed appendEntries as the first entry (index 0) already exists (snapshotIndex: -1, commitIndex: 0)
2022-11-08 19:12:06,758 [s2-server-thread3] INFO  server.RaftServer$Division (RaftServerImpl.java:checkInconsistentAppendEntries(1572)) - s2@group-EA982605F2E5: inconsistency entries. Reply:s1<-s2#29:FAIL-t2,INCONSISTENCY,nextIndex=1,followerCommit=0,matchIndex=-1
2022-11-08 19:12:06,759 [grpc-default-executor-1] INFO  leader.FollowerInfo (FollowerInfoImpl.java:lambda$new$0(48)) - s1@group-EA982605F2E5->s2: nextIndex: updateUnconditionally 3 -> 1
2022-11-08 19:12:06,762 [s2-server-thread3] DEBUG server.RaftServer$Division (RaftServerImpl.java:logAppendEntries(1421)) - s2@group-EA982605F2E5: receive appendEntries(s1, 2, (t:2, i:0), 2, true, commits:[s1:c2, s0:c2, s2:c0], cId:31, entries: [(t:2, i:1), STATEMACHINELOGENTRY, 0@client-2EFB324ADA71, (t:2, i:2), METADATAENTRY(c:1)]
2022-11-08 19:12:06,762 [s2-server-thread3] INFO  server.RaftServer$Division (RaftServerImpl.java:checkInconsistentAppendEntries(1602)) - s2@group-EA982605F2E5: Failed appendEntries as previous log entry ((t:2, i:0)) is not found
2022-11-08 19:12:06,762 [s2-server-thread3] INFO  server.RaftServer$Division (RaftServerImpl.java:checkInconsistentAppendEntries(1572)) - s2@group-EA982605F2E5: inconsistency entries. Reply:s1<-s2#31:FAIL-t2,INCONSISTENCY,nextIndex=0,followerCommit=0,matchIndex=-1
2022-11-08 19:12:06,765 [grpc-default-executor-3] INFO  leader.FollowerInfo (FollowerInfoImpl.java:lambda$new$0(48)) - s1@group-EA982605F2E5->s2: nextIndex: updateUnconditionally 3 -> 0
2022-11-08 19:12:06,770 [Time-limited test] DEBUG client.RaftClient (ConfUtils.java:logGet(46)) - raft.rpc.type = GRPC (default)
2022-11-08 19:12:06,772 [s2-server-thread3] DEBUG server.RaftServer$Division (RaftServerImpl.java:logAppendEntries(1421)) - s2@group-EA982605F2E5: receive appendEntries(s1, 2, null, 2, true, commits:[s1:c2, s0:c2, s2:c0], cId:32, entries: [(t:2, i:0), CONFIGURATIONENTRY(current:id: "s0"
address: "localhost:34297"
dataStreamAddress: "localhost:43983"
clientAddress: "localhost:39609"
adminAddress: "localhost:37077"
startupRole: FOLLOWER
,id: "s1"
address: "localhost:38917"
dataStreamAddress: "localhost:45719"
clientAddress: "localhost:36975"
adminAddress: "localhost:40635"
startupRole: FOLLOWER
,id: "s2"
address: "localhost:35511"
dataStreamAddress: "localhost:38827"
clientAddress: "localhost:42865"
adminAddress: "localhost:36791"
startupRole: FOLLOWER
, old:), (t:2, i:1), STATEMACHINELOGENTRY, 0@client-2EFB324ADA71, (t:2, i:2), METADATAENTRY(c:1)]
2022-11-08 19:12:06,772 [s2-server-thread3] INFO  server.RaftServer$Division (RaftServerImpl.java:checkInconsistentAppendEntries(1592)) - s2@group-EA982605F2E5: Failed appendEntries as the first entry (index 0) already exists (snapshotIndex: -1, commitIndex: 0)
2022-11-08 19:12:06,772 [s2-server-thread3] INFO  server.RaftServer$Division (RaftServerImpl.java:checkInconsistentAppendEntries(1572)) - s2@group-EA982605F2E5: inconsistency entries. Reply:s1<-s2#32:FAIL-t2,INCONSISTENCY,nextIndex=1,followerCommit=0,matchIndex=-1
2022-11-08 19:12:06,776 [grpc-default-executor-3] INFO  leader.FollowerInfo (FollowerInfoImpl.java:lambda$new$0(48)) - s1@group-EA982605F2E5->s2: nextIndex: updateUnconditionally 3 -> 1
2022-11-08 19:12:06,779 [s2-server-thread3] DEBUG server.RaftServer$Division (RaftServerImpl.java:logAppendEntries(1421)) - s2@group-EA982605F2E5: receive appendEntries(s1, 2, (t:2, i:0), 2, true, commits:[s1:c2, s0:c2, s2:c0], cId:33, entries: [(t:2, i:1), STATEMACHINELOGENTRY, 0@client-2EFB324ADA71, (t:2, i:2), METADATAENTRY(c:1)]
2022-11-08 19:12:06,779 [s2-server-thread3] INFO  server.RaftServer$Division (RaftServerImpl.java:checkInconsistentAppendEntries(1602)) - s2@group-EA982605F2E5: Failed appendEntries as previous log entry ((t:2, i:0)) is not found
2022-11-08 19:12:06,779 [s2-server-thread3] INFO  server.RaftServer$Division (RaftServerImpl.java:checkInconsistentAppendEntries(1572)) - s2@group-EA982605F2E5: inconsistency entries. Reply:s1<-s2#33:FAIL-t2,INCONSISTENCY,nextIndex=0,followerCommit=0,matchIndex=-1
2022-11-08 19:12:06,780 [grpc-default-executor-3] INFO  leader.FollowerInfo (FollowerInfoImpl.java:lambda$new$0(48)) - s1@group-EA982605F2E5->s2: nextIndex: updateUnconditionally 3 -> 0
2022-11-08 19:12:06,786 [s1-client-thread1] DEBUG server.RaftServer$Division (RaftServerImpl.java:submitClientRequestAsync(827)) - s1@group-EA982605F2E5: receive client request(RaftClientRequest:client-AE8279CAF820->s1@group-EA982605F2E5, cid=999, seq=0, RW, Message:6d657373616765)
2022-11-08 19:12:06,786 [s2-server-thread3] DEBUG server.RaftServer$Division (RaftServerImpl.java:logAppendEntries(1421)) - s2@group-EA982605F2E5: receive appendEntries(s1, 2, null, 2, true, commits:[s1:c2, s0:c2, s2:c0], cId:34, entries: [(t:2, i:0), CONFIGURATIONENTRY(current:id: "s0"
address: "localhost:34297"
dataStreamAddress: "localhost:43983"
clientAddress: "localhost:39609"
adminAddress: "localhost:37077"
startupRole: FOLLOWER
,id: "s1"
address: "localhost:38917"
dataStreamAddress: "localhost:45719"
clientAddress: "localhost:36975"
adminAddress: "localhost:40635"
startupRole: FOLLOWER
,id: "s2"
address: "localhost:35511"
dataStreamAddress: "localhost:38827"
clientAddress: "localhost:42865"
adminAddress: "localhost:36791"
startupRole: FOLLOWER
, old:), (t:2, i:1), STATEMACHINELOGENTRY, 0@client-2EFB324ADA71, (t:2, i:2), METADATAENTRY(c:1)]
2022-11-08 19:12:06,786 [s2-server-thread3] INFO  server.RaftServer$Division (RaftServerImpl.java:checkInconsistentAppendEntries(1592)) - s2@group-EA982605F2E5: Failed appendEntries as the first entry (index 0) already exists (snapshotIndex: -1, commitIndex: 0)
2022-11-08 19:12:06,786 [s2-server-thread3] INFO  server.RaftServer$Division (RaftServerImpl.java:checkInconsistentAppendEntries(1572)) - s2@group-EA982605F2E5: inconsistency entries. Reply:s1<-s2#34:FAIL-t2,INCONSISTENCY,nextIndex=1,followerCommit=0,matchIndex=-1
2022-11-08 19:12:06,787 [s1-client-thread1] DEBUG server.RaftServer$Division (LeaderStateImpl.java:addPendingRequest(410)) - s1@group-EA982605F2E5-LeaderStateImpl: addPendingRequest at RaftClientRequest:client-AE8279CAF820->s1@group-EA982605F2E5, cid=999, seq=0, RW, Message:6d657373616765, entry=(t:2, i:3), STATEMACHINELOGENTRY, 999@client-AE8279CAF820
2022-11-08 19:12:06,789 [s0-server-thread1] DEBUG server.RaftServer$Division (RaftServerImpl.java:logAppendEntries(1421)) - s0@group-EA982605F2E5: receive appendEntries(s1, 2, (t:2, i:2), 2, true, commits:[s1:c2, s0:c2, s2:c0], cId:16, entries: [(t:2, i:3), STATEMACHINELOGENTRY, 999@client-AE8279CAF820]
2022-11-08 19:12:06,789 [s0-server-thread1] DEBUG raftlog.RaftLog (SegmentedRaftLog.java:appendImpl(446)) - truncateIndex=-1, arrayIndex=0
2022-11-08 19:12:06,790 [s0-server-thread1] DEBUG server.RaftServer$Division (RaftServerImpl.java:logAppendEntries(1421)) - s0@group-EA982605F2E5: succeeded to handle AppendEntries. Reply: s1<-s0#16:OK-t2,SUCCESS,nextIndex=4,followerCommit=2,matchIndex=3
2022-11-08 19:12:06,790 [grpc-default-executor-1] INFO  leader.FollowerInfo (FollowerInfoImpl.java:lambda$new$0(48)) - s1@group-EA982605F2E5->s2: nextIndex: updateUnconditionally 4 -> 1
2022-11-08 19:12:06,792 [null-request--thread1] INFO  server.GrpcClientProtocolService (GrpcClientProtocolService.java:lambda$processClientRequest$0(284)) - Failed RaftClientRequest:client-AE8279CAF820->s1@group-EA982605F2E5, cid=999, seq=0, RW, Message:6d657373616765, reply=RaftClientReply:client-AE8279CAF820->s1@group-EA982605F2E5, cid=999, FAILED org.apache.ratis.protocol.exceptions.StateMachineException: org.apache.ratis.protocol.exceptions.StateMachineException from Server s1@group-EA982605F2E5: Fake Exception, logIndex=3, commits[s1:c3, s0:c2, s2:c0]
2022-11-08 19:12:06,794 [s2-server-thread3] DEBUG server.RaftServer$Division (RaftServerImpl.java:logAppendEntries(1421)) - s2@group-EA982605F2E5: receive appendEntries(s1, 2, (t:2, i:2), 2, true, commits:[s1:c2, s0:c2, s2:c0], cId:35, entries: [(t:2, i:3), STATEMACHINELOGENTRY, 999@client-AE8279CAF820]
2022-11-08 19:12:06,794 [s2-server-thread3] INFO  server.RaftServer$Division (RaftServerImpl.java:checkInconsistentAppendEntries(1602)) - s2@group-EA982605F2E5: Failed appendEntries as previous log entry ((t:2, i:2)) is not found
2022-11-08 19:12:06,794 [s2-server-thread3] INFO  server.RaftServer$Division (RaftServerImpl.java:checkInconsistentAppendEntries(1572)) - s2@group-EA982605F2E5: inconsistency entries. Reply:s1<-s2#35:FAIL-t2,INCONSISTENCY,nextIndex=1,followerCommit=0,matchIndex=-1
2022-11-08 19:12:06,797 [s2-server-thread3] DEBUG server.RaftServer$Division (RaftServerImpl.java:logAppendEntries(1421)) - s2@group-EA982605F2E5: receive appendEntries(s1, 2, (t:2, i:0), 3, true, commits:[s1:c3, s0:c2, s2:c0], cId:36, entries: [(t:2, i:1), STATEMACHINELOGENTRY, 0@client-2EFB324ADA71, (t:2, i:2), METADATAENTRY(c:1), (t:2, i:3), STATEMACHINELOGENTRY, 999@client-AE8279CAF820, (t:2, i:4), METADATAENTRY(c:3)]
2022-11-08 19:12:06,797 [s2-server-thread3] INFO  server.RaftServer$Division (RaftServerImpl.java:checkInconsistentAppendEntries(1602)) - s2@group-EA982605F2E5: Failed appendEntries as previous log entry ((t:2, i:0)) is not found
2022-11-08 19:12:06,797 [s2-server-thread3] INFO  server.RaftServer$Division (RaftServerImpl.java:checkInconsistentAppendEntries(1572)) - s2@group-EA982605F2E5: inconsistency entries. Reply:s1<-s2#36:FAIL-t2,INCONSISTENCY,nextIndex=0,followerCommit=0,matchIndex=-1
2022-11-08 19:12:06,798 [grpc-default-executor-1] INFO  leader.FollowerInfo (FollowerInfoImpl.java:lambda$new$0(48)) - s1@group-EA982605F2E5->s2: nextIndex: updateUnconditionally 5 -> 1
2022-11-08 19:12:06,801 [s0-server-thread1] DEBUG server.RaftServer$Division (RaftServerImpl.java:logAppendEntries(1421)) - s0@group-EA982605F2E5: receive appendEntries(s1, 2, (t:2, i:3), 3, true, commits:[s1:c3, s0:c2, s2:c0], cId:17, entries: [(t:2, i:4), METADATAENTRY(c:3)]
2022-11-08 19:12:06,801 [s0-server-thread1] DEBUG raftlog.RaftLog (SegmentedRaftLog.java:appendImpl(446)) - truncateIndex=-1, arrayIndex=0
2022-11-08 19:12:06,802 [s0-server-thread1] DEBUG server.RaftServer$Division (RaftServerImpl.java:logAppendEntries(1421)) - s0@group-EA982605F2E5: succeeded to handle AppendEntries. Reply: s1<-s0#17:OK-t2,SUCCESS,nextIndex=5,followerCommit=3,matchIndex=4
2022-11-08 19:12:06,805 [grpc-default-executor-3] INFO  leader.FollowerInfo (FollowerInfoImpl.java:lambda$new$0(48)) - s1@group-EA982605F2E5->s2: nextIndex: updateUnconditionally 5 -> 0
2022-11-08 19:12:06,806 [s2-server-thread3] DEBUG server.RaftServer$Division (RaftServerImpl.java:logAppendEntries(1421)) - s2@group-EA982605F2E5: receive appendEntries(s1, 2, (t:2, i:0), 3, true, commits:[s1:c3, s0:c2, s2:c0], cId:37, entries: [(t:2, i:1), STATEMACHINELOGENTRY, 0@client-2EFB324ADA71, (t:2, i:2), METADATAENTRY(c:1), (t:2, i:3), STATEMACHINELOGENTRY, 999@client-AE8279CAF820, (t:2, i:4), METADATAENTRY(c:3)]
2022-11-08 19:12:06,806 [s2-server-thread3] INFO  server.RaftServer$Division (RaftServerImpl.java:checkInconsistentAppendEntries(1602)) - s2@group-EA982605F2E5: Failed appendEntries as previous log entry ((t:2, i:0)) is not found
2022-11-08 19:12:06,806 [s2-server-thread3] INFO  server.RaftServer$Division (RaftServerImpl.java:checkInconsistentAppendEntries(1572)) - s2@group-EA982605F2E5: inconsistency entries. Reply:s1<-s2#37:FAIL-t2,INCONSISTENCY,nextIndex=0,followerCommit=0,matchIndex=-1
2022-11-08 19:12:06,808 [s1-client-thread1] DEBUG server.RaftServer$Division (RaftServerImpl.java:submitClientRequestAsync(827)) - s1@group-EA982605F2E5: receive client request(RaftClientRequest:client-AE8279CAF820->s1@group-EA982605F2E5, cid=999, seq=0, RW, Message:6d657373616765)
2022-11-08 19:12:06,809 [grpc-default-executor-8] INFO  leader.FollowerInfo (FollowerInfoImpl.java:lambda$new$0(48)) - s1@group-EA982605F2E5->s2: nextIndex: updateUnconditionally 5 -> 0
2022-11-08 19:12:06,809 [null-request--thread1] INFO  server.GrpcClientProtocolService (GrpcClientProtocolService.java:lambda$processClientRequest$0(284)) - Failed RaftClientRequest:client-AE8279CAF820->s1@group-EA982605F2E5, cid=999, seq=0, RW, Message:6d657373616765, reply=RaftClientReply:client-AE8279CAF820->s1@group-EA982605F2E5, cid=999, FAILED org.apache.ratis.protocol.exceptions.StateMachineException: org.apache.ratis.protocol.exceptions.StateMachineException from Server s1@group-EA982605F2E5: Fake Exception, logIndex=3, commits[s1:c3, s0:c2, s2:c0]
2022-11-08 19:12:06,810 [s2-server-thread3] DEBUG server.RaftServer$Division (RaftServerImpl.java:logAppendEntries(1421)) - s2@group-EA982605F2E5: receive appendEntries(s1, 2, null, 4, true, commits:[s1:c4, s0:c3, s2:c0], cId:39, entries: [(t:2, i:0), CONFIGURATIONENTRY(current:id: "s0"
address: "localhost:34297"
dataStreamAddress: "localhost:43983"
clientAddress: "localhost:39609"
adminAddress: "localhost:37077"
startupRole: FOLLOWER
,id: "s1"
address: "localhost:38917"
dataStreamAddress: "localhost:45719"
clientAddress: "localhost:36975"
adminAddress: "localhost:40635"
startupRole: FOLLOWER
,id: "s2"
address: "localhost:35511"
dataStreamAddress: "localhost:38827"
clientAddress: "localhost:42865"
adminAddress: "localhost:36791"
startupRole: FOLLOWER
, old:), (t:2, i:1), STATEMACHINELOGENTRY, 0@client-2EFB324ADA71, (t:2, i:2), METADATAENTRY(c:1), (t:2, i:3), STATEMACHINELOGENTRY, 999@client-AE8279CAF820, (t:2, i:4), METADATAENTRY(c:3)]
2022-11-08 19:12:06,810 [s2-server-thread3] INFO  server.RaftServer$Division (RaftServerImpl.java:checkInconsistentAppendEntries(1592)) - s2@group-EA982605F2E5: Failed appendEntries as the first entry (index 0) already exists (snapshotIndex: -1, commitIndex: 0)
2022-11-08 19:12:06,810 [s2-server-thread3] INFO  server.RaftServer$Division (RaftServerImpl.java:checkInconsistentAppendEntries(1572)) - s2@group-EA982605F2E5: inconsistency entries. Reply:s1<-s2#39:FAIL-t2,INCONSISTENCY,nextIndex=1,followerCommit=0,matchIndex=-1
2022-11-08 19:12:06,811 [grpc-default-executor-1] INFO  leader.FollowerInfo (FollowerInfoImpl.java:lambda$new$0(48)) - s1@group-EA982605F2E5->s2: nextIndex: updateUnconditionally 5 -> 1
2022-11-08 19:12:06,813 [s2-server-thread3] DEBUG server.RaftServer$Division (RaftServerImpl.java:logAppendEntries(1421)) - s2@group-EA982605F2E5: receive appendEntries(s1, 2, null, 4, true, commits:[s1:c4, s0:c3, s2:c0], cId:40, entries: [(t:2, i:0), CONFIGURATIONENTRY(current:id: "s0"
address: "localhost:34297"
dataStreamAddress: "localhost:43983"
clientAddress: "localhost:39609"
adminAddress: "localhost:37077"
startupRole: FOLLOWER
,id: "s1"
address: "localhost:38917"
dataStreamAddress: "localhost:45719"
clientAddress: "localhost:36975"
adminAddress: "localhost:40635"
startupRole: FOLLOWER
,id: "s2"
address: "localhost:35511"
dataStreamAddress: "localhost:38827"
clientAddress: "localhost:42865"
adminAddress: "localhost:36791"
startupRole: FOLLOWER
, old:), (t:2, i:1), STATEMACHINELOGENTRY, 0@client-2EFB324ADA71, (t:2, i:2), METADATAENTRY(c:1), (t:2, i:3), STATEMACHINELOGENTRY, 999@client-AE8279CAF820, (t:2, i:4), METADATAENTRY(c:3)]
2022-11-08 19:12:06,813 [s2-server-thread3] INFO  server.RaftServer$Division (RaftServerImpl.java:checkInconsistentAppendEntries(1592)) - s2@group-EA982605F2E5: Failed appendEntries as the first entry (index 0) already exists (snapshotIndex: -1, commitIndex: 0)
2022-11-08 19:12:06,813 [s2-server-thread3] INFO  server.RaftServer$Division (RaftServerImpl.java:checkInconsistentAppendEntries(1572)) - s2@group-EA982605F2E5: inconsistency entries. Reply:s1<-s2#40:FAIL-t2,INCONSISTENCY,nextIndex=1,followerCommit=0,matchIndex=-1
2022-11-08 19:12:06,815 [s2-server-thread3] DEBUG server.RaftServer$Division (RaftServerImpl.java:logAppendEntries(1421)) - s2@group-EA982605F2E5: receive appendEntries(s1, 2, (t:2, i:0), 4, true, commits:[s1:c4, s0:c3, s2:c0], cId:41, entries: [(t:2, i:1), STATEMACHINELOGENTRY, 0@client-2EFB324ADA71, (t:2, i:2), METADATAENTRY(c:1), (t:2, i:3), STATEMACHINELOGENTRY, 999@client-AE8279CAF820, (t:2, i:4), METADATAENTRY(c:3)]
2022-11-08 19:12:06,815 [s2-server-thread3] INFO  server.RaftServer$Division (RaftServerImpl.java:checkInconsistentAppendEntries(1602)) - s2@group-EA982605F2E5: Failed appendEntries as previous log entry ((t:2, i:0)) is not found
2022-11-08 19:12:06,815 [s2-server-thread3] INFO  server.RaftServer$Division (RaftServerImpl.java:checkInconsistentAppendEntries(1572)) - s2@group-EA982605F2E5: inconsistency entries. Reply:s1<-s2#41:FAIL-t2,INCONSISTENCY,nextIndex=0,followerCommit=0,matchIndex=-1
2022-11-08 19:12:06,817 [grpc-default-executor-3] INFO  leader.FollowerInfo (FollowerInfoImpl.java:lambda$new$0(48)) - s1@group-EA982605F2E5->s2: nextIndex: updateUnconditionally 5 -> 1
2022-11-08 19:12:06,822 [grpc-default-executor-3] INFO  leader.FollowerInfo (FollowerInfoImpl.java:lambda$new$0(48)) - s1@group-EA982605F2E5->s2: nextIndex: updateUnconditionally 5 -> 0
2022-11-08 19:12:06,823 [s1-client-thread1] DEBUG server.RaftServer$Division (RaftServerImpl.java:submitClientRequestAsync(827)) - s1@group-EA982605F2E5: receive client request(RaftClientRequest:client-AE8279CAF820->s1@group-EA982605F2E5, cid=999, seq=0, RW, Message:6d657373616765)
2022-11-08 19:12:06,823 [s2-server-thread3] DEBUG server.RaftServer$Division (RaftServerImpl.java:logAppendEntries(1421)) - s2@group-EA982605F2E5: receive appendEntries(s1, 2, (t:2, i:0), 4, true, commits:[s1:c4, s0:c3, s2:c0], cId:42, entries: [(t:2, i:1), STATEMACHINELOGENTRY, 0@client-2EFB324ADA71, (t:2, i:2), METADATAENTRY(c:1), (t:2, i:3), STATEMACHINELOGENTRY, 999@client-AE8279CAF820, (t:2, i:4), METADATAENTRY(c:3)]
2022-11-08 19:12:06,824 [null-request--thread1] INFO  server.GrpcClientProtocolService (GrpcClientProtocolService.java:lambda$processClientRequest$0(284)) - Failed RaftClientRequest:client-AE8279CAF820->s1@group-EA982605F2E5, cid=999, seq=0, RW, Message:6d657373616765, reply=RaftClientReply:client-AE8279CAF820->s1@group-EA982605F2E5, cid=999, FAILED org.apache.ratis.protocol.exceptions.StateMachineException: org.apache.ratis.protocol.exceptions.StateMachineException from Server s1@group-EA982605F2E5: Fake Exception, logIndex=3, commits[s1:c3, s0:c2, s2:c0]
2022-11-08 19:12:06,824 [s2-server-thread3] INFO  server.RaftServer$Division (RaftServerImpl.java:checkInconsistentAppendEntries(1602)) - s2@group-EA982605F2E5: Failed appendEntries as previous log entry ((t:2, i:0)) is not found
2022-11-08 19:12:06,824 [s2-server-thread3] INFO  server.RaftServer$Division (RaftServerImpl.java:checkInconsistentAppendEntries(1572)) - s2@group-EA982605F2E5: inconsistency entries. Reply:s1<-s2#42:FAIL-t2,INCONSISTENCY,nextIndex=0,followerCommit=0,matchIndex=-1
2022-11-08 19:12:06,825 [grpc-default-executor-1] INFO  leader.FollowerInfo (FollowerInfoImpl.java:lambda$new$0(48)) - s1@group-EA982605F2E5->s2: nextIndex: updateUnconditionally 5 -> 0
2022-11-08 19:12:06,830 [s2-server-thread3] DEBUG server.RaftServer$Division (RaftServerImpl.java:logAppendEntries(1421)) - s2@group-EA982605F2E5: receive appendEntries(s1, 2, null, 4, true, commits:[s1:c4, s0:c3, s2:c0], cId:43, entries: [(t:2, i:0), CONFIGURATIONENTRY(current:id: "s0"
address: "localhost:34297"
dataStreamAddress: "localhost:43983"
clientAddress: "localhost:39609"
adminAddress: "localhost:37077"
startupRole: FOLLOWER
,id: "s1"
address: "localhost:38917"
dataStreamAddress: "localhost:45719"
clientAddress: "localhost:36975"
adminAddress: "localhost:40635"
startupRole: FOLLOWER
,id: "s2"
address: "localhost:35511"
dataStreamAddress: "localhost:38827"
clientAddress: "localhost:42865"
adminAddress: "localhost:36791"
startupRole: FOLLOWER
, old:), (t:2, i:1), STATEMACHINELOGENTRY, 0@client-2EFB324ADA71, (t:2, i:2), METADATAENTRY(c:1), (t:2, i:3), STATEMACHINELOGENTRY, 999@client-AE8279CAF820, (t:2, i:4), METADATAENTRY(c:3)]
2022-11-08 19:12:06,830 [s2-server-thread3] INFO  server.RaftServer$Division (RaftServerImpl.java:checkInconsistentAppendEntries(1592)) - s2@group-EA982605F2E5: Failed appendEntries as the first entry (index 0) already exists (snapshotIndex: -1, commitIndex: 0)
2022-11-08 19:12:06,830 [s2-server-thread3] INFO  server.RaftServer$Division (RaftServerImpl.java:checkInconsistentAppendEntries(1572)) - s2@group-EA982605F2E5: inconsistency entries. Reply:s1<-s2#43:FAIL-t2,INCONSISTENCY,nextIndex=1,followerCommit=0,matchIndex=-1
2022-11-08 19:12:06,832 [grpc-default-executor-8] INFO  leader.FollowerInfo (FollowerInfoImpl.java:lambda$new$0(48)) - s1@group-EA982605F2E5->s2: nextIndex: updateUnconditionally 5 -> 1
2022-11-08 19:12:06,833 [s2-server-thread3] DEBUG server.RaftServer$Division (RaftServerImpl.java:logAppendEntries(1421)) - s2@group-EA982605F2E5: receive appendEntries(s1, 2, null, 4, true, commits:[s1:c4, s0:c3, s2:c0], cId:44, entries: [(t:2, i:0), CONFIGURATIONENTRY(current:id: "s0"
address: "localhost:34297"
dataStreamAddress: "localhost:43983"
clientAddress: "localhost:39609"
adminAddress: "localhost:37077"
startupRole: FOLLOWER
,id: "s1"
address: "localhost:38917"
dataStreamAddress: "localhost:45719"
clientAddress: "localhost:36975"
adminAddress: "localhost:40635"
startupRole: FOLLOWER
,id: "s2"
address: "localhost:35511"
dataStreamAddress: "localhost:38827"
clientAddress: "localhost:42865"
adminAddress: "localhost:36791"
startupRole: FOLLOWER
, old:), (t:2, i:1), STATEMACHINELOGENTRY, 0@client-2EFB324ADA71, (t:2, i:2), METADATAENTRY(c:1), (t:2, i:3), STATEMACHINELOGENTRY, 999@client-AE8279CAF820, (t:2, i:4), METADATAENTRY(c:3)]
2022-11-08 19:12:06,834 [s2-server-thread3] INFO  server.RaftServer$Division (RaftServerImpl.java:checkInconsistentAppendEntries(1592)) - s2@group-EA982605F2E5: Failed appendEntries as the first entry (index 0) already exists (snapshotIndex: -1, commitIndex: 0)
2022-11-08 19:12:06,834 [s2-server-thread3] INFO  server.RaftServer$Division (RaftServerImpl.java:checkInconsistentAppendEntries(1572)) - s2@group-EA982605F2E5: inconsistency entries. Reply:s1<-s2#44:FAIL-t2,INCONSISTENCY,nextIndex=1,followerCommit=0,matchIndex=-1
2022-11-08 19:12:06,835 [grpc-default-executor-3] INFO  leader.FollowerInfo (FollowerInfoImpl.java:lambda$new$0(48)) - s1@group-EA982605F2E5->s2: nextIndex: updateUnconditionally 5 -> 1
2022-11-08 19:12:06,837 [s2-server-thread3] DEBUG server.RaftServer$Division (RaftServerImpl.java:logAppendEntries(1421)) - s2@group-EA982605F2E5: receive appendEntries(s1, 2, (t:2, i:0), 4, true, commits:[s1:c4, s0:c3, s2:c0], cId:45, entries: [(t:2, i:1), STATEMACHINELOGENTRY, 0@client-2EFB324ADA71, (t:2, i:2), METADATAENTRY(c:1), (t:2, i:3), STATEMACHINELOGENTRY, 999@client-AE8279CAF820, (t:2, i:4), METADATAENTRY(c:3)]
2022-11-08 19:12:06,837 [s2-server-thread3] INFO  server.RaftServer$Division (RaftServerImpl.java:checkInconsistentAppendEntries(1602)) - s2@group-EA982605F2E5: Failed appendEntries as previous log entry ((t:2, i:0)) is not found
2022-11-08 19:12:06,837 [s2-server-thread3] INFO  server.RaftServer$Division (RaftServerImpl.java:checkInconsistentAppendEntries(1572)) - s2@group-EA982605F2E5: inconsistency entries. Reply:s1<-s2#45:FAIL-t2,INCONSISTENCY,nextIndex=0,followerCommit=0,matchIndex=-1
2022-11-08 19:12:06,838 [s1-client-thread1] DEBUG server.RaftServer$Division (RaftServerImpl.java:submitClientRequestAsync(827)) - s1@group-EA982605F2E5: receive client request(RaftClientRequest:client-AE8279CAF820->s1@group-EA982605F2E5, cid=999, seq=0, RW, Message:6d657373616765)
2022-11-08 19:12:06,838 [grpc-default-executor-8] INFO  leader.FollowerInfo (FollowerInfoImpl.java:lambda$new$0(48)) - s1@group-EA982605F2E5->s2: nextIndex: updateUnconditionally 5 -> 0
2022-11-08 19:12:06,838 [null-request--thread1] INFO  server.GrpcClientProtocolService (GrpcClientProtocolService.java:lambda$processClientRequest$0(284)) - Failed RaftClientRequest:client-AE8279CAF820->s1@group-EA982605F2E5, cid=999, seq=0, RW, Message:6d657373616765, reply=RaftClientReply:client-AE8279CAF820->s1@group-EA982605F2E5, cid=999, FAILED org.apache.ratis.protocol.exceptions.StateMachineException: org.apache.ratis.protocol.exceptions.StateMachineException from Server s1@group-EA982605F2E5: Fake Exception, logIndex=3, commits[s1:c3, s0:c2, s2:c0]
2022-11-08 19:12:06,839 [s2-server-thread3] DEBUG server.RaftServer$Division (RaftServerImpl.java:logAppendEntries(1421)) - s2@group-EA982605F2E5: receive appendEntries(s1, 2, (t:2, i:0), 4, true, commits:[s1:c4, s0:c3, s2:c0], cId:46, entries: [(t:2, i:1), STATEMACHINELOGENTRY, 0@client-2EFB324ADA71, (t:2, i:2), METADATAENTRY(c:1), (t:2, i:3), STATEMACHINELOGENTRY, 999@client-AE8279CAF820, (t:2, i:4), METADATAENTRY(c:3)]
2022-11-08 19:12:06,839 [s2-server-thread3] INFO  server.RaftServer$Division (RaftServerImpl.java:checkInconsistentAppendEntries(1602)) - s2@group-EA982605F2E5: Failed appendEntries as previous log entry ((t:2, i:0)) is not found
2022-11-08 19:12:06,839 [s2-server-thread3] INFO  server.RaftServer$Division (RaftServerImpl.java:checkInconsistentAppendEntries(1572)) - s2@group-EA982605F2E5: inconsistency entries. Reply:s1<-s2#46:FAIL-t2,INCONSISTENCY,nextIndex=0,followerCommit=0,matchIndex=-1
2022-11-08 19:12:06,846 [s2-server-thread3] DEBUG server.RaftServer$Division (RaftServerImpl.java:logAppendEntries(1421)) - s2@group-EA982605F2E5: receive appendEntries(s1, 2, null, 4, true, commits:[s1:c4, s0:c3, s2:c0], cId:47, entries: [(t:2, i:0), CONFIGURATIONENTRY(current:id: "s0"
address: "localhost:34297"
dataStreamAddress: "localhost:43983"
clientAddress: "localhost:39609"
adminAddress: "localhost:37077"
startupRole: FOLLOWER
,id: "s1"
address: "localhost:38917"
dataStreamAddress: "localhost:45719"
clientAddress: "localhost:36975"
adminAddress: "localhost:40635"
startupRole: FOLLOWER
,id: "s2"
address: "localhost:35511"
dataStreamAddress: "localhost:38827"
clientAddress: "localhost:42865"
adminAddress: "localhost:36791"
startupRole: FOLLOWER
, old:), (t:2, i:1), STATEMACHINELOGENTRY, 0@client-2EFB324ADA71, (t:2, i:2), METADATAENTRY(c:1), (t:2, i:3), STATEMACHINELOGENTRY, 999@client-AE8279CAF820, (t:2, i:4), METADATAENTRY(c:3)]
2022-11-08 19:12:06,846 [s2-server-thread3] INFO  server.RaftServer$Division (RaftServerImpl.java:checkInconsistentAppendEntries(1592)) - s2@group-EA982605F2E5: Failed appendEntries as the first entry (index 0) already exists (snapshotIndex: -1, commitIndex: 0)
2022-11-08 19:12:06,846 [s2-server-thread3] INFO  server.RaftServer$Division (RaftServerImpl.java:checkInconsistentAppendEntries(1572)) - s2@group-EA982605F2E5: inconsistency entries. Reply:s1<-s2#47:FAIL-t2,INCONSISTENCY,nextIndex=1,followerCommit=0,matchIndex=-1
2022-11-08 19:12:06,847 [grpc-default-executor-1] INFO  leader.FollowerInfo (FollowerInfoImpl.java:lambda$new$0(48)) - s1@group-EA982605F2E5->s2: nextIndex: updateUnconditionally 5 -> 0
2022-11-08 19:12:06,850 [grpc-default-executor-1] INFO  leader.FollowerInfo (FollowerInfoImpl.java:lambda$new$0(48)) - s1@group-EA982605F2E5->s2: nextIndex: updateUnconditionally 5 -> 1
2022-11-08 19:12:06,852 [s1-client-thread1] DEBUG server.RaftServer$Division (RaftServerImpl.java:submitClientRequestAsync(827)) - s1@group-EA982605F2E5: receive client request(RaftClientRequest:client-AE8279CAF820->s1@group-EA982605F2E5, cid=999, seq=0, RW, Message:6d657373616765)
2022-11-08 19:12:06,852 [null-request--thread1] INFO  server.GrpcClientProtocolService (GrpcClientProtocolService.java:lambda$processClientRequest$0(284)) - Failed RaftClientRequest:client-AE8279CAF820->s1@group-EA982605F2E5, cid=999, seq=0, RW, Message:6d657373616765, reply=RaftClientReply:client-AE8279CAF820->s1@group-EA982605F2E5, cid=999, FAILED org.apache.ratis.protocol.exceptions.StateMachineException: org.apache.ratis.protocol.exceptions.StateMachineException from Server s1@group-EA982605F2E5: Fake Exception, logIndex=3, commits[s1:c3, s0:c2, s2:c0]
2022-11-08 19:12:06,852 [s2-server-thread3] DEBUG server.RaftServer$Division (RaftServerImpl.java:logAppendEntries(1421)) - s2@group-EA982605F2E5: receive appendEntries(s1, 2, null, 4, true, commits:[s1:c4, s0:c3, s2:c0], cId:48, entries: [(t:2, i:0), CONFIGURATIONENTRY(current:id: "s0"
address: "localhost:34297"
dataStreamAddress: "localhost:43983"
clientAddress: "localhost:39609"
adminAddress: "localhost:37077"
startupRole: FOLLOWER
,id: "s1"
address: "localhost:38917"
dataStreamAddress: "localhost:45719"
clientAddress: "localhost:36975"
adminAddress: "localhost:40635"
startupRole: FOLLOWER
,id: "s2"
address: "localhost:35511"
dataStreamAddress: "localhost:38827"
clientAddress: "localhost:42865"
adminAddress: "localhost:36791"
startupRole: FOLLOWER
, old:), (t:2, i:1), STATEMACHINELOGENTRY, 0@client-2EFB324ADA71, (t:2, i:2), METADATAENTRY(c:1), (t:2, i:3), STATEMACHINELOGENTRY, 999@client-AE8279CAF820, (t:2, i:4), METADATAENTRY(c:3)]
2022-11-08 19:12:06,852 [s2-server-thread3] INFO  server.RaftServer$Division (RaftServerImpl.java:checkInconsistentAppendEntries(1592)) - s2@group-EA982605F2E5: Failed appendEntries as the first entry (index 0) already exists (snapshotIndex: -1, commitIndex: 0)
2022-11-08 19:12:06,852 [s2-server-thread3] INFO  server.RaftServer$Division (RaftServerImpl.java:checkInconsistentAppendEntries(1572)) - s2@group-EA982605F2E5: inconsistency entries. Reply:s1<-s2#48:FAIL-t2,INCONSISTENCY,nextIndex=1,followerCommit=0,matchIndex=-1
2022-11-08 19:12:06,855 [grpc-default-executor-1] INFO  leader.FollowerInfo (FollowerInfoImpl.java:lambda$new$0(48)) - s1@group-EA982605F2E5->s2: nextIndex: updateUnconditionally 5 -> 1
2022-11-08 19:12:06,856 [s2-server-thread3] DEBUG server.RaftServer$Division (RaftServerImpl.java:logAppendEntries(1421)) - s2@group-EA982605F2E5: receive appendEntries(s1, 2, (t:2, i:0), 4, true, commits:[s1:c4, s0:c3, s2:c0], cId:49, entries: [(t:2, i:1), STATEMACHINELOGENTRY, 0@client-2EFB324ADA71, (t:2, i:2), METADATAENTRY(c:1), (t:2, i:3), STATEMACHINELOGENTRY, 999@client-AE8279CAF820, (t:2, i:4), METADATAENTRY(c:3)]
2022-11-08 19:12:06,856 [s2-server-thread3] INFO  server.RaftServer$Division (RaftServerImpl.java:checkInconsistentAppendEntries(1602)) - s2@group-EA982605F2E5: Failed appendEntries as previous log entry ((t:2, i:0)) is not found
2022-11-08 19:12:06,856 [s2-server-thread3] INFO  server.RaftServer$Division (RaftServerImpl.java:checkInconsistentAppendEntries(1572)) - s2@group-EA982605F2E5: inconsistency entries. Reply:s1<-s2#49:FAIL-t2,INCONSISTENCY,nextIndex=0,followerCommit=0,matchIndex=-1
2022-11-08 19:12:06,857 [grpc-default-executor-8] INFO  leader.FollowerInfo (FollowerInfoImpl.java:lambda$new$0(48)) - s1@group-EA982605F2E5->s2: nextIndex: updateUnconditionally 5 -> 0
2022-11-08 19:12:06,859 [s1-client-thread1] DEBUG server.RaftServer$Division (RaftServerImpl.java:submitClientRequestAsync(827)) - s1@group-EA982605F2E5: receive client request(RaftClientRequest:client-AE8279CAF820->s1@group-EA982605F2E5, cid=999, seq=0, RW, Message:6d657373616765)
2022-11-08 19:12:06,859 [s2-server-thread3] DEBUG server.RaftServer$Division (RaftServerImpl.java:logAppendEntries(1421)) - s2@group-EA982605F2E5: receive appendEntries(s1, 2, (t:2, i:0), 4, true, commits:[s1:c4, s0:c3, s2:c0], cId:50, entries: [(t:2, i:1), STATEMACHINELOGENTRY, 0@client-2EFB324ADA71, (t:2, i:2), METADATAENTRY(c:1), (t:2, i:3), STATEMACHINELOGENTRY, 999@client-AE8279CAF820, (t:2, i:4), METADATAENTRY(c:3)]
2022-11-08 19:12:06,860 [s2-server-thread3] INFO  server.RaftServer$Division (RaftServerImpl.java:checkInconsistentAppendEntries(1602)) - s2@group-EA982605F2E5: Failed appendEntries as previous log entry ((t:2, i:0)) is not found
2022-11-08 19:12:06,860 [null-request--thread1] INFO  server.GrpcClientProtocolService (GrpcClientProtocolService.java:lambda$processClientRequest$0(284)) - Failed RaftClientRequest:client-AE8279CAF820->s1@group-EA982605F2E5, cid=999, seq=0, RW, Message:6d657373616765, reply=RaftClientReply:client-AE8279CAF820->s1@group-EA982605F2E5, cid=999, FAILED org.apache.ratis.protocol.exceptions.StateMachineException: org.apache.ratis.protocol.exceptions.StateMachineException from Server s1@group-EA982605F2E5: Fake Exception, logIndex=3, commits[s1:c3, s0:c2, s2:c0]
2022-11-08 19:12:06,860 [s2-server-thread3] INFO  server.RaftServer$Division (RaftServerImpl.java:checkInconsistentAppendEntries(1572)) - s2@group-EA982605F2E5: inconsistency entries. Reply:s1<-s2#50:FAIL-t2,INCONSISTENCY,nextIndex=0,followerCommit=0,matchIndex=-1
2022-11-08 19:12:06,862 [grpc-default-executor-8] INFO  leader.FollowerInfo (FollowerInfoImpl.java:lambda$new$0(48)) - s1@group-EA982605F2E5->s2: nextIndex: updateUnconditionally 5 -> 0
2022-11-08 19:12:06,864 [s2-server-thread3] DEBUG server.RaftServer$Division (RaftServerImpl.java:logAppendEntries(1421)) - s2@group-EA982605F2E5: receive appendEntries(s1, 2, null, 4, true, commits:[s1:c4, s0:c3, s2:c0], cId:51, entries: [(t:2, i:0), CONFIGURATIONENTRY(current:id: "s0"
address: "localhost:34297"
dataStreamAddress: "localhost:43983"
clientAddress: "localhost:39609"
adminAddress: "localhost:37077"
startupRole: FOLLOWER
,id: "s1"
address: "localhost:38917"
dataStreamAddress: "localhost:45719"
clientAddress: "localhost:36975"
adminAddress: "localhost:40635"
startupRole: FOLLOWER
,id: "s2"
address: "localhost:35511"
dataStreamAddress: "localhost:38827"
clientAddress: "localhost:42865"
adminAddress: "localhost:36791"
startupRole: FOLLOWER
, old:), (t:2, i:1), STATEMACHINELOGENTRY, 0@client-2EFB324ADA71, (t:2, i:2), METADATAENTRY(c:1), (t:2, i:3), STATEMACHINELOGENTRY, 999@client-AE8279CAF820, (t:2, i:4), METADATAENTRY(c:3)]
2022-11-08 19:12:06,864 [s2-server-thread3] INFO  server.RaftServer$Division (RaftServerImpl.java:checkInconsistentAppendEntries(1592)) - s2@group-EA982605F2E5: Failed appendEntries as the first entry (index 0) already exists (snapshotIndex: -1, commitIndex: 0)
2022-11-08 19:12:06,864 [s2-server-thread3] INFO  server.RaftServer$Division (RaftServerImpl.java:checkInconsistentAppendEntries(1572)) - s2@group-EA982605F2E5: inconsistency entries. Reply:s1<-s2#51:FAIL-t2,INCONSISTENCY,nextIndex=1,followerCommit=0,matchIndex=-1
2022-11-08 19:12:06,866 [Time-limited test] INFO  grpc.TestRaftStateMachineExceptionWithGrpc (RaftStateMachineExceptionTests.java:runTestRetryOnStateMachineException(130)) - check server s0
2022-11-08 19:12:06,866 [s2-server-thread3] DEBUG server.RaftServer$Division (RaftServerImpl.java:logAppendEntries(1421)) - s2@group-EA982605F2E5: receive appendEntries(s1, 2, null, 4, true, commits:[s1:c4, s0:c3, s2:c0], cId:52, entries: [(t:2, i:0), CONFIGURATIONENTRY(current:id: "s0"
address: "localhost:34297"
dataStreamAddress: "localhost:43983"
clientAddress: "localhost:39609"
adminAddress: "localhost:37077"
startupRole: FOLLOWER
,id: "s1"
address: "localhost:38917"
dataStreamAddress: "localhost:45719"
clientAddress: "localhost:36975"
adminAddress: "localhost:40635"
startupRole: FOLLOWER
,id: "s2"
address: "localhost:35511"
dataStreamAddress: "localhost:38827"
clientAddress: "localhost:42865"
adminAddress: "localhost:36791"
startupRole: FOLLOWER
, old:), (t:2, i:1), STATEMACHINELOGENTRY, 0@client-2EFB324ADA71, (t:2, i:2), METADATAENTRY(c:1), (t:2, i:3), STATEMACHINELOGENTRY, 999@client-AE8279CAF820, (t:2, i:4), METADATAENTRY(c:3)]
2022-11-08 19:12:06,866 [s2-server-thread3] INFO  server.RaftServer$Division (RaftServerImpl.java:checkInconsistentAppendEntries(1592)) - s2@group-EA982605F2E5: Failed appendEntries as the first entry (index 0) already exists (snapshotIndex: -1, commitIndex: 0)
2022-11-08 19:12:06,866 [s2-server-thread3] INFO  server.RaftServer$Division (RaftServerImpl.java:checkInconsistentAppendEntries(1572)) - s2@group-EA982605F2E5: inconsistency entries. Reply:s1<-s2#52:FAIL-t2,INCONSISTENCY,nextIndex=1,followerCommit=0,matchIndex=-1
2022-11-08 19:12:06,866 [Time-limited test] INFO  grpc.TestRaftStateMachineExceptionWithGrpc (RaftStateMachineExceptionTests.java:runTestRetryOnStateMachineException(130)) - check server s1
2022-11-08 19:12:06,867 [grpc-default-executor-3] INFO  leader.FollowerInfo (FollowerInfoImpl.java:lambda$new$0(48)) - s1@group-EA982605F2E5->s2: nextIndex: updateUnconditionally 5 -> 1
2022-11-08 19:12:06,867 [Time-limited test] INFO  grpc.TestRaftStateMachineExceptionWithGrpc (RaftStateMachineExceptionTests.java:runTestRetryOnStateMachineException(130)) - check server s2
2022-11-08 19:12:06,867 [Time-limited test] WARN  grpc.TestRaftStateMachineExceptionWithGrpc (JavaUtils.java:attempt(217)) - FAILED "GetRetryEntry", attempt #1/5: java.lang.AssertionError, sleep 1s and then retry.
java.lang.AssertionError
	at org.junit.Assert.fail(Assert.java:87)
	at org.junit.Assert.assertTrue(Assert.java:42)
	at org.junit.Assert.assertNotNull(Assert.java:713)
	at org.junit.Assert.assertNotNull(Assert.java:723)
	at org.apache.ratis.server.impl.RaftStateMachineExceptionTests.lambda$runTestRetryOnStateMachineException$0(RaftStateMachineExceptionTests.java:133)
	at org.apache.ratis.util.JavaUtils.attempt(JavaUtils.java:211)
	at org.apache.ratis.util.JavaUtils.attemptRepeatedly(JavaUtils.java:197)
	at org.apache.ratis.server.impl.RaftStateMachineExceptionTests.runTestRetryOnStateMachineException(RaftStateMachineExceptionTests.java:132)
	at org.apache.ratis.server.impl.MiniRaftCluster$Factory$Get.runWithNewCluster(MiniRaftCluster.java:141)
	at org.apache.ratis.server.impl.MiniRaftCluster$Factory$Get.runWithNewCluster(MiniRaftCluster.java:121)
	at org.apache.ratis.server.impl.RaftStateMachineExceptionTests.testRetryOnStateMachineException(RaftStateMachineExceptionTests.java:102)
	at java.base/jdk.internal.reflect.NativeMethodAccessorImpl.invoke0(Native Method)
	at java.base/jdk.internal.reflect.NativeMethodAccessorImpl.invoke(NativeMethodAccessorImpl.java:62)
	at java.base/jdk.internal.reflect.DelegatingMethodAccessorImpl.invoke(DelegatingMethodAccessorImpl.java:43)
	at java.base/java.lang.reflect.Method.invoke(Method.java:566)
	at org.junit.runners.model.FrameworkMethod$1.runReflectiveCall(FrameworkMethod.java:59)
	at org.junit.internal.runners.model.ReflectiveCallable.run(ReflectiveCallable.java:12)
	at org.junit.runners.model.FrameworkMethod.invokeExplosively(FrameworkMethod.java:56)
	at org.junit.internal.runners.statements.InvokeMethod.evaluate(InvokeMethod.java:17)
	at org.junit.internal.runners.statements.RunAfters.evaluate(RunAfters.java:27)
	at org.junit.internal.runners.statements.FailOnTimeout$CallableStatement.call(FailOnTimeout.java:299)
	at org.junit.internal.runners.statements.FailOnTimeout$CallableStatement.call(FailOnTimeout.java:293)
	at java.base/java.util.concurrent.FutureTask.run(FutureTask.java:264)
	at java.base/java.lang.Thread.run(Thread.java:829)
2022-11-08 19:12:06,868 [grpc-default-executor-3] INFO  leader.FollowerInfo (FollowerInfoImpl.java:lambda$new$0(48)) - s1@group-EA982605F2E5->s2: nextIndex: updateUnconditionally 5 -> 1
2022-11-08 19:12:06,869 [s2-server-thread3] DEBUG server.RaftServer$Division (RaftServerImpl.java:logAppendEntries(1421)) - s2@group-EA982605F2E5: receive appendEntries(s1, 2, (t:2, i:0), 4, true, commits:[s1:c4, s0:c3, s2:c0], cId:53, entries: [(t:2, i:1), STATEMACHINELOGENTRY, 0@client-2EFB324ADA71, (t:2, i:2), METADATAENTRY(c:1), (t:2, i:3), STATEMACHINELOGENTRY, 999@client-AE8279CAF820, (t:2, i:4), METADATAENTRY(c:3)]
2022-11-08 19:12:06,870 [s2-server-thread3] INFO  server.RaftServer$Division (RaftServerImpl.java:checkInconsistentAppendEntries(1602)) - s2@group-EA982605F2E5: Failed appendEntries as previous log entry ((t:2, i:0)) is not found
2022-11-08 19:12:06,870 [s2-server-thread3] INFO  server.RaftServer$Division (RaftServerImpl.java:checkInconsistentAppendEntries(1572)) - s2@group-EA982605F2E5: inconsistency entries. Reply:s1<-s2#53:FAIL-t2,INCONSISTENCY,nextIndex=0,followerCommit=0,matchIndex=-1
2022-11-08 19:12:06,871 [s2-server-thread2] DEBUG server.RaftServer$Division (RaftServerImpl.java:logAppendEntries(1421)) - s2@group-EA982605F2E5: receive appendEntries(s1, 2, (t:2, i:0), 4, true, commits:[s1:c4, s0:c3, s2:c0], cId:54, entries: [(t:2, i:1), STATEMACHINELOGENTRY, 0@client-2EFB324ADA71, (t:2, i:2), METADATAENTRY(c:1), (t:2, i:3), STATEMACHINELOGENTRY, 999@client-AE8279CAF820, (t:2, i:4), METADATAENTRY(c:3)]
2022-11-08 19:12:06,871 [s2-server-thread2] INFO  server.RaftServer$Division (RaftServerImpl.java:checkInconsistentAppendEntries(1602)) - s2@group-EA982605F2E5: Failed appendEntries as previous log entry ((t:2, i:0)) is not found
2022-11-08 19:12:06,871 [s2-server-thread2] INFO  server.RaftServer$Division (RaftServerImpl.java:checkInconsistentAppendEntries(1572)) - s2@group-EA982605F2E5: inconsistency entries. Reply:s1<-s2#54:FAIL-t2,INCONSISTENCY,nextIndex=0,followerCommit=0,matchIndex=-1
2022-11-08 19:12:06,872 [grpc-default-executor-3] INFO  leader.FollowerInfo (FollowerInfoImpl.java:lambda$new$0(48)) - s1@group-EA982605F2E5->s2: nextIndex: updateUnconditionally 5 -> 0
2022-11-08 19:12:06,873 [grpc-default-executor-3] INFO  leader.FollowerInfo (FollowerInfoImpl.java:lambda$new$0(48)) - s1@group-EA982605F2E5->s2: nextIndex: updateUnconditionally 5 -> 0
2022-11-08 19:12:06,876 [s2-server-thread3] DEBUG server.RaftServer$Division (RaftServerImpl.java:logAppendEntries(1421)) - s2@group-EA982605F2E5: receive appendEntries(s1, 2, null, 4, true, commits:[s1:c4, s0:c3, s2:c0], cId:55, entries: [(t:2, i:0), CONFIGURATIONENTRY(current:id: "s0"
address: "localhost:34297"
dataStreamAddress: "localhost:43983"
clientAddress: "localhost:39609"
adminAddress: "localhost:37077"
startupRole: FOLLOWER
,id: "s1"
address: "localhost:38917"
dataStreamAddress: "localhost:45719"
clientAddress: "localhost:36975"
adminAddress: "localhost:40635"
startupRole: FOLLOWER
,id: "s2"
address: "localhost:35511"
dataStreamAddress: "localhost:38827"
clientAddress: "localhost:42865"
adminAddress: "localhost:36791"
startupRole: FOLLOWER
, old:), (t:2, i:1), STATEMACHINELOGENTRY, 0@client-2EFB324ADA71, (t:2, i:2), METADATAENTRY(c:1), (t:2, i:3), STATEMACHINELOGENTRY, 999@client-AE8279CAF820, (t:2, i:4), METADATAENTRY(c:3)]
2022-11-08 19:12:06,877 [s2-server-thread3] INFO  server.RaftServer$Division (RaftServerImpl.java:checkInconsistentAppendEntries(1592)) - s2@group-EA982605F2E5: Failed appendEntries as the first entry (index 0) already exists (snapshotIndex: -1, commitIndex: 0)
2022-11-08 19:12:06,877 [s2-server-thread3] INFO  server.RaftServer$Division (RaftServerImpl.java:checkInconsistentAppendEntries(1572)) - s2@group-EA982605F2E5: inconsistency entries. Reply:s1<-s2#55:FAIL-t2,INCONSISTENCY,nextIndex=1,followerCommit=0,matchIndex=-1
2022-11-08 19:12:06,878 [s2-server-thread2] DEBUG server.RaftServer$Division (RaftServerImpl.java:logAppendEntries(1421)) - s2@group-EA982605F2E5: receive appendEntries(s1, 2, null, 4, true, commits:[s1:c4, s0:c3, s2:c0], cId:56, entries: [(t:2, i:0), CONFIGURATIONENTRY(current:id: "s0"
address: "localhost:34297"
dataStreamAddress: "localhost:43983"
clientAddress: "localhost:39609"
adminAddress: "localhost:37077"
startupRole: FOLLOWER
,id: "s1"
address: "localhost:38917"
dataStreamAddress: "localhost:45719"
clientAddress: "localhost:36975"
adminAddress: "localhost:40635"
startupRole: FOLLOWER
,id: "s2"
address: "localhost:35511"
dataStreamAddress: "localhost:38827"
clientAddress: "localhost:42865"
adminAddress: "localhost:36791"
startupRole: FOLLOWER
, old:), (t:2, i:1), STATEMACHINELOGENTRY, 0@client-2EFB324ADA71, (t:2, i:2), METADATAENTRY(c:1), (t:2, i:3), STATEMACHINELOGENTRY, 999@client-AE8279CAF820, (t:2, i:4), METADATAENTRY(c:3)]
2022-11-08 19:12:06,878 [s2-server-thread2] INFO  server.RaftServer$Division (RaftServerImpl.java:checkInconsistentAppendEntries(1592)) - s2@group-EA982605F2E5: Failed appendEntries as the first entry (index 0) already exists (snapshotIndex: -1, commitIndex: 0)
2022-11-08 19:12:06,878 [s2-server-thread2] INFO  server.RaftServer$Division (RaftServerImpl.java:checkInconsistentAppendEntries(1572)) - s2@group-EA982605F2E5: inconsistency entries. Reply:s1<-s2#56:FAIL-t2,INCONSISTENCY,nextIndex=1,followerCommit=0,matchIndex=-1
2022-11-08 19:12:06,882 [grpc-default-executor-3] INFO  leader.FollowerInfo (FollowerInfoImpl.java:lambda$new$0(48)) - s1@group-EA982605F2E5->s2: nextIndex: updateUnconditionally 5 -> 1
2022-11-08 19:12:06,882 [grpc-default-executor-3] INFO  leader.FollowerInfo (FollowerInfoImpl.java:lambda$new$0(48)) - s1@group-EA982605F2E5->s2: nextIndex: updateUnconditionally 5 -> 1
2022-11-08 19:12:06,883 [s2-server-thread3] DEBUG server.RaftServer$Division (RaftServerImpl.java:logAppendEntries(1421)) - s2@group-EA982605F2E5: receive appendEntries(s1, 2, (t:2, i:0), 4, true, commits:[s1:c4, s0:c4, s2:c0], cId:58, entries: [(t:2, i:1), STATEMACHINELOGENTRY, 0@client-2EFB324ADA71, (t:2, i:2), METADATAENTRY(c:1), (t:2, i:3), STATEMACHINELOGENTRY, 999@client-AE8279CAF820, (t:2, i:4), METADATAENTRY(c:3)]
2022-11-08 19:12:06,883 [s2-server-thread3] INFO  server.RaftServer$Division (RaftServerImpl.java:checkInconsistentAppendEntries(1602)) - s2@group-EA982605F2E5: Failed appendEntries as previous log entry ((t:2, i:0)) is not found
2022-11-08 19:12:06,884 [s2-server-thread3] INFO  server.RaftServer$Division (RaftServerImpl.java:checkInconsistentAppendEntries(1572)) - s2@group-EA982605F2E5: inconsistency entries. Reply:s1<-s2#58:FAIL-t2,INCONSISTENCY,nextIndex=0,followerCommit=0,matchIndex=-1
2022-11-08 19:12:06,885 [grpc-default-executor-3] INFO  leader.FollowerInfo (FollowerInfoImpl.java:lambda$new$0(48)) - s1@group-EA982605F2E5->s2: nextIndex: updateUnconditionally 1 -> 0
2022-11-08 19:12:06,888 [s2-server-thread3] DEBUG server.RaftServer$Division (RaftServerImpl.java:logAppendEntries(1421)) - s2@group-EA982605F2E5: receive appendEntries(s1, 2, null, 4, true, commits:[s1:c4, s0:c4, s2:c0], cId:59, entries: [(t:2, i:0), CONFIGURATIONENTRY(current:id: "s0"
address: "localhost:34297"
dataStreamAddress: "localhost:43983"
clientAddress: "localhost:39609"
adminAddress: "localhost:37077"
startupRole: FOLLOWER
,id: "s1"
address: "localhost:38917"
dataStreamAddress: "localhost:45719"
clientAddress: "localhost:36975"
adminAddress: "localhost:40635"
startupRole: FOLLOWER
,id: "s2"
address: "localhost:35511"
dataStreamAddress: "localhost:38827"
clientAddress: "localhost:42865"
adminAddress: "localhost:36791"
startupRole: FOLLOWER
, old:), (t:2, i:1), STATEMACHINELOGENTRY, 0@client-2EFB324ADA71, (t:2, i:2), METADATAENTRY(c:1), (t:2, i:3), STATEMACHINELOGENTRY, 999@client-AE8279CAF820, (t:2, i:4), METADATAENTRY(c:3)]
2022-11-08 19:12:06,889 [s2-server-thread3] INFO  server.RaftServer$Division (RaftServerImpl.java:checkInconsistentAppendEntries(1592)) - s2@group-EA982605F2E5: Failed appendEntries as the first entry (index 0) already exists (snapshotIndex: -1, commitIndex: 0)
2022-11-08 19:12:06,889 [s2-server-thread3] INFO  server.RaftServer$Division (RaftServerImpl.java:checkInconsistentAppendEntries(1572)) - s2@group-EA982605F2E5: inconsistency entries. Reply:s1<-s2#59:FAIL-t2,INCONSISTENCY,nextIndex=1,followerCommit=0,matchIndex=-1
2022-11-08 19:12:06,890 [grpc-default-executor-3] INFO  leader.FollowerInfo (FollowerInfoImpl.java:lambda$new$0(48)) - s1@group-EA982605F2E5->s2: nextIndex: updateUnconditionally 5 -> 1
2022-11-08 19:12:06,894 [s2-server-thread3] DEBUG server.RaftServer$Division (RaftServerImpl.java:logAppendEntries(1421)) - s2@group-EA982605F2E5: receive appendEntries(s1, 2, (t:2, i:0), 4, true, commits:[s1:c4, s0:c4, s2:c0], cId:60, entries: [(t:2, i:1), STATEMACHINELOGENTRY, 0@client-2EFB324ADA71, (t:2, i:2), METADATAENTRY(c:1), (t:2, i:3), STATEMACHINELOGENTRY, 999@client-AE8279CAF820, (t:2, i:4), METADATAENTRY(c:3)]
2022-11-08 19:12:06,895 [s2-server-thread3] INFO  server.RaftServer$Division (RaftServerImpl.java:checkInconsistentAppendEntries(1602)) - s2@group-EA982605F2E5: Failed appendEntries as previous log entry ((t:2, i:0)) is not found
2022-11-08 19:12:06,895 [s2-server-thread3] INFO  server.RaftServer$Division (RaftServerImpl.java:checkInconsistentAppendEntries(1572)) - s2@group-EA982605F2E5: inconsistency entries. Reply:s1<-s2#60:FAIL-t2,INCONSISTENCY,nextIndex=0,followerCommit=0,matchIndex=-1
2022-11-08 19:12:06,896 [grpc-default-executor-3] INFO  leader.FollowerInfo (FollowerInfoImpl.java:lambda$new$0(48)) - s1@group-EA982605F2E5->s2: nextIndex: updateUnconditionally 5 -> 0
2022-11-08 19:12:06,898 [s2-server-thread3] DEBUG server.RaftServer$Division (RaftServerImpl.java:logAppendEntries(1421)) - s2@group-EA982605F2E5: receive appendEntries(s1, 2, null, 4, true, commits:[s1:c4, s0:c4, s2:c0], cId:61, entries: [(t:2, i:0), CONFIGURATIONENTRY(current:id: "s0"
address: "localhost:34297"
dataStreamAddress: "localhost:43983"
clientAddress: "localhost:39609"
adminAddress: "localhost:37077"
startupRole: FOLLOWER
,id: "s1"
address: "localhost:38917"
dataStreamAddress: "localhost:45719"
clientAddress: "localhost:36975"
adminAddress: "localhost:40635"
startupRole: FOLLOWER
,id: "s2"
address: "localhost:35511"
dataStreamAddress: "localhost:38827"
clientAddress: "localhost:42865"
adminAddress: "localhost:36791"
startupRole: FOLLOWER
, old:), (t:2, i:1), STATEMACHINELOGENTRY, 0@client-2EFB324ADA71, (t:2, i:2), METADATAENTRY(c:1), (t:2, i:3), STATEMACHINELOGENTRY, 999@client-AE8279CAF820, (t:2, i:4), METADATAENTRY(c:3)]
2022-11-08 19:12:06,898 [s2-server-thread3] INFO  server.RaftServer$Division (RaftServerImpl.java:checkInconsistentAppendEntries(1592)) - s2@group-EA982605F2E5: Failed appendEntries as the first entry (index 0) already exists (snapshotIndex: -1, commitIndex: 0)
2022-11-08 19:12:06,898 [s2-server-thread3] INFO  server.RaftServer$Division (RaftServerImpl.java:checkInconsistentAppendEntries(1572)) - s2@group-EA982605F2E5: inconsistency entries. Reply:s1<-s2#61:FAIL-t2,INCONSISTENCY,nextIndex=1,followerCommit=0,matchIndex=-1
2022-11-08 19:12:06,899 [grpc-default-executor-3] INFO  leader.FollowerInfo (FollowerInfoImpl.java:lambda$new$0(48)) - s1@group-EA982605F2E5->s2: nextIndex: updateUnconditionally 5 -> 1
2022-11-08 19:12:06,901 [s2-server-thread3] DEBUG server.RaftServer$Division (RaftServerImpl.java:logAppendEntries(1421)) - s2@group-EA982605F2E5: receive appendEntries(s1, 2, (t:2, i:0), 4, true, commits:[s1:c4, s0:c4, s2:c0], cId:62, entries: [(t:2, i:1), STATEMACHINELOGENTRY, 0@client-2EFB324ADA71, (t:2, i:2), METADATAENTRY(c:1), (t:2, i:3), STATEMACHINELOGENTRY, 999@client-AE8279CAF820, (t:2, i:4), METADATAENTRY(c:3)]
2022-11-08 19:12:06,901 [s2-server-thread3] INFO  server.RaftServer$Division (RaftServerImpl.java:checkInconsistentAppendEntries(1602)) - s2@group-EA982605F2E5: Failed appendEntries as previous log entry ((t:2, i:0)) is not found
2022-11-08 19:12:06,901 [s2-server-thread3] INFO  server.RaftServer$Division (RaftServerImpl.java:checkInconsistentAppendEntries(1572)) - s2@group-EA982605F2E5: inconsistency entries. Reply:s1<-s2#62:FAIL-t2,INCONSISTENCY,nextIndex=0,followerCommit=0,matchIndex=-1
2022-11-08 19:12:06,902 [grpc-default-executor-3] INFO  leader.FollowerInfo (FollowerInfoImpl.java:lambda$new$0(48)) - s1@group-EA982605F2E5->s2: nextIndex: updateUnconditionally 5 -> 0
2022-11-08 19:12:06,904 [s2-server-thread3] DEBUG server.RaftServer$Division (RaftServerImpl.java:logAppendEntries(1421)) - s2@group-EA982605F2E5: receive appendEntries(s1, 2, null, 4, true, commits:[s1:c4, s0:c4, s2:c0], cId:63, entries: [(t:2, i:0), CONFIGURATIONENTRY(current:id: "s0"
address: "localhost:34297"
dataStreamAddress: "localhost:43983"
clientAddress: "localhost:39609"
adminAddress: "localhost:37077"
startupRole: FOLLOWER
,id: "s1"
address: "localhost:38917"
dataStreamAddress: "localhost:45719"
clientAddress: "localhost:36975"
adminAddress: "localhost:40635"
startupRole: FOLLOWER
,id: "s2"
address: "localhost:35511"
dataStreamAddress: "localhost:38827"
clientAddress: "localhost:42865"
adminAddress: "localhost:36791"
startupRole: FOLLOWER
, old:), (t:2, i:1), STATEMACHINELOGENTRY, 0@client-2EFB324ADA71, (t:2, i:2), METADATAENTRY(c:1), (t:2, i:3), STATEMACHINELOGENTRY, 999@client-AE8279CAF820, (t:2, i:4), METADATAENTRY(c:3)]
2022-11-08 19:12:06,904 [s2-server-thread3] INFO  server.RaftServer$Division (RaftServerImpl.java:checkInconsistentAppendEntries(1592)) - s2@group-EA982605F2E5: Failed appendEntries as the first entry (index 0) already exists (snapshotIndex: -1, commitIndex: 0)
2022-11-08 19:12:06,904 [s2-server-thread3] INFO  server.RaftServer$Division (RaftServerImpl.java:checkInconsistentAppendEntries(1572)) - s2@group-EA982605F2E5: inconsistency entries. Reply:s1<-s2#63:FAIL-t2,INCONSISTENCY,nextIndex=1,followerCommit=0,matchIndex=-1
2022-11-08 19:12:06,905 [grpc-default-executor-3] INFO  leader.FollowerInfo (FollowerInfoImpl.java:lambda$new$0(48)) - s1@group-EA982605F2E5->s2: nextIndex: updateUnconditionally 5 -> 1
2022-11-08 19:12:06,906 [s2-server-thread3] DEBUG server.RaftServer$Division (RaftServerImpl.java:logAppendEntries(1421)) - s2@group-EA982605F2E5: receive appendEntries(s1, 2, (t:2, i:0), 4, true, commits:[s1:c4, s0:c4, s2:c0], cId:64, entries: [(t:2, i:1), STATEMACHINELOGENTRY, 0@client-2EFB324ADA71, (t:2, i:2), METADATAENTRY(c:1), (t:2, i:3), STATEMACHINELOGENTRY, 999@client-AE8279CAF820, (t:2, i:4), METADATAENTRY(c:3)]
2022-11-08 19:12:06,907 [s2-server-thread3] INFO  server.RaftServer$Division (RaftServerImpl.java:checkInconsistentAppendEntries(1602)) - s2@group-EA982605F2E5: Failed appendEntries as previous log entry ((t:2, i:0)) is not found
2022-11-08 19:12:06,907 [s2-server-thread3] INFO  server.RaftServer$Division (RaftServerImpl.java:checkInconsistentAppendEntries(1572)) - s2@group-EA982605F2E5: inconsistency entries. Reply:s1<-s2#64:FAIL-t2,INCONSISTENCY,nextIndex=0,followerCommit=0,matchIndex=-1
2022-11-08 19:12:06,907 [grpc-default-executor-3] INFO  leader.FollowerInfo (FollowerInfoImpl.java:lambda$new$0(48)) - s1@group-EA982605F2E5->s2: nextIndex: updateUnconditionally 5 -> 0
2022-11-08 19:12:06,909 [s2-server-thread3] DEBUG server.RaftServer$Division (RaftServerImpl.java:logAppendEntries(1421)) - s2@group-EA982605F2E5: receive appendEntries(s1, 2, null, 4, true, commits:[s1:c4, s0:c4, s2:c0], cId:65, entries: [(t:2, i:0), CONFIGURATIONENTRY(current:id: "s0"
address: "localhost:34297"
dataStreamAddress: "localhost:43983"
clientAddress: "localhost:39609"
adminAddress: "localhost:37077"
startupRole: FOLLOWER
,id: "s1"
address: "localhost:38917"
dataStreamAddress: "localhost:45719"
clientAddress: "localhost:36975"
adminAddress: "localhost:40635"
startupRole: FOLLOWER
,id: "s2"
address: "localhost:35511"
dataStreamAddress: "localhost:38827"
clientAddress: "localhost:42865"
adminAddress: "localhost:36791"
startupRole: FOLLOWER
, old:), (t:2, i:1), STATEMACHINELOGENTRY, 0@client-2EFB324ADA71, (t:2, i:2), METADATAENTRY(c:1), (t:2, i:3), STATEMACHINELOGENTRY, 999@client-AE8279CAF820, (t:2, i:4), METADATAENTRY(c:3)]
2022-11-08 19:12:06,910 [s2-server-thread3] INFO  server.RaftServer$Division (RaftServerImpl.java:checkInconsistentAppendEntries(1592)) - s2@group-EA982605F2E5: Failed appendEntries as the first entry (index 0) already exists (snapshotIndex: -1, commitIndex: 0)
2022-11-08 19:12:06,910 [s2-server-thread3] INFO  server.RaftServer$Division (RaftServerImpl.java:checkInconsistentAppendEntries(1572)) - s2@group-EA982605F2E5: inconsistency entries. Reply:s1<-s2#65:FAIL-t2,INCONSISTENCY,nextIndex=1,followerCommit=0,matchIndex=-1
2022-11-08 19:12:06,910 [grpc-default-executor-3] INFO  leader.FollowerInfo (FollowerInfoImpl.java:lambda$new$0(48)) - s1@group-EA982605F2E5->s2: nextIndex: updateUnconditionally 5 -> 1
2022-11-08 19:12:06,912 [s2-server-thread3] DEBUG server.RaftServer$Division (RaftServerImpl.java:logAppendEntries(1421)) - s2@group-EA982605F2E5: receive appendEntries(s1, 2, (t:2, i:0), 4, true, commits:[s1:c4, s0:c4, s2:c0], cId:66, entries: [(t:2, i:1), STATEMACHINELOGENTRY, 0@client-2EFB324ADA71, (t:2, i:2), METADATAENTRY(c:1), (t:2, i:3), STATEMACHINELOGENTRY, 999@client-AE8279CAF820, (t:2, i:4), METADATAENTRY(c:3)]
2022-11-08 19:12:06,912 [s2-server-thread3] INFO  server.RaftServer$Division (RaftServerImpl.java:checkInconsistentAppendEntries(1602)) - s2@group-EA982605F2E5: Failed appendEntries as previous log entry ((t:2, i:0)) is not found
2022-11-08 19:12:06,913 [s2-server-thread3] INFO  server.RaftServer$Division (RaftServerImpl.java:checkInconsistentAppendEntries(1572)) - s2@group-EA982605F2E5: inconsistency entries. Reply:s1<-s2#66:FAIL-t2,INCONSISTENCY,nextIndex=0,followerCommit=0,matchIndex=-1
2022-11-08 19:12:06,913 [grpc-default-executor-3] INFO  leader.FollowerInfo (FollowerInfoImpl.java:lambda$new$0(48)) - s1@group-EA982605F2E5->s2: nextIndex: updateUnconditionally 5 -> 0
2022-11-08 19:12:06,915 [s2-server-thread3] DEBUG server.RaftServer$Division (RaftServerImpl.java:logAppendEntries(1421)) - s2@group-EA982605F2E5: receive appendEntries(s1, 2, null, 4, true, commits:[s1:c4, s0:c4, s2:c0], cId:67, entries: [(t:2, i:0), CONFIGURATIONENTRY(current:id: "s0"
address: "localhost:34297"
dataStreamAddress: "localhost:43983"
clientAddress: "localhost:39609"
adminAddress: "localhost:37077"
startupRole: FOLLOWER
,id: "s1"
address: "localhost:38917"
dataStreamAddress: "localhost:45719"
clientAddress: "localhost:36975"
adminAddress: "localhost:40635"
startupRole: FOLLOWER
,id: "s2"
address: "localhost:35511"
dataStreamAddress: "localhost:38827"
clientAddress: "localhost:42865"
adminAddress: "localhost:36791"
startupRole: FOLLOWER
, old:), (t:2, i:1), STATEMACHINELOGENTRY, 0@client-2EFB324ADA71, (t:2, i:2), METADATAENTRY(c:1), (t:2, i:3), STATEMACHINELOGENTRY, 999@client-AE8279CAF820, (t:2, i:4), METADATAENTRY(c:3)]
2022-11-08 19:12:06,916 [s2-server-thread3] INFO  server.RaftServer$Division (RaftServerImpl.java:checkInconsistentAppendEntries(1592)) - s2@group-EA982605F2E5: Failed appendEntries as the first entry (index 0) already exists (snapshotIndex: -1, commitIndex: 0)
2022-11-08 19:12:06,916 [s2-server-thread3] INFO  server.RaftServer$Division (RaftServerImpl.java:checkInconsistentAppendEntries(1572)) - s2@group-EA982605F2E5: inconsistency entries. Reply:s1<-s2#67:FAIL-t2,INCONSISTENCY,nextIndex=1,followerCommit=0,matchIndex=-1
2022-11-08 19:12:06,916 [grpc-default-executor-3] INFO  leader.FollowerInfo (FollowerInfoImpl.java:lambda$new$0(48)) - s1@group-EA982605F2E5->s2: nextIndex: updateUnconditionally 5 -> 1
2022-11-08 19:12:06,918 [s2-server-thread3] DEBUG server.RaftServer$Division (RaftServerImpl.java:logAppendEntries(1421)) - s2@group-EA982605F2E5: receive appendEntries(s1, 2, (t:2, i:0), 4, true, commits:[s1:c4, s0:c4, s2:c0], cId:68, entries: [(t:2, i:1), STATEMACHINELOGENTRY, 0@client-2EFB324ADA71, (t:2, i:2), METADATAENTRY(c:1), (t:2, i:3), STATEMACHINELOGENTRY, 999@client-AE8279CAF820, (t:2, i:4), METADATAENTRY(c:3)]
2022-11-08 19:12:06,918 [s2-server-thread3] INFO  server.RaftServer$Division (RaftServerImpl.java:checkInconsistentAppendEntries(1602)) - s2@group-EA982605F2E5: Failed appendEntries as previous log entry ((t:2, i:0)) is not found
2022-11-08 19:12:06,918 [s2-server-thread3] INFO  server.RaftServer$Division (RaftServerImpl.java:checkInconsistentAppendEntries(1572)) - s2@group-EA982605F2E5: inconsistency entries. Reply:s1<-s2#68:FAIL-t2,INCONSISTENCY,nextIndex=0,followerCommit=0,matchIndex=-1
2022-11-08 19:12:06,919 [grpc-default-executor-3] INFO  leader.FollowerInfo (FollowerInfoImpl.java:lambda$new$0(48)) - s1@group-EA982605F2E5->s2: nextIndex: updateUnconditionally 5 -> 0
2022-11-08 19:12:06,921 [s2-server-thread3] DEBUG server.RaftServer$Division (RaftServerImpl.java:logAppendEntries(1421)) - s2@group-EA982605F2E5: receive appendEntries(s1, 2, null, 4, true, commits:[s1:c4, s0:c4, s2:c0], cId:69, entries: [(t:2, i:0), CONFIGURATIONENTRY(current:id: "s0"
address: "localhost:34297"
dataStreamAddress: "localhost:43983"
clientAddress: "localhost:39609"
adminAddress: "localhost:37077"
startupRole: FOLLOWER
,id: "s1"
address: "localhost:38917"
dataStreamAddress: "localhost:45719"
clientAddress: "localhost:36975"
adminAddress: "localhost:40635"
startupRole: FOLLOWER
,id: "s2"
address: "localhost:35511"
dataStreamAddress: "localhost:38827"
clientAddress: "localhost:42865"
adminAddress: "localhost:36791"
startupRole: FOLLOWER
, old:), (t:2, i:1), STATEMACHINELOGENTRY, 0@client-2EFB324ADA71, (t:2, i:2), METADATAENTRY(c:1), (t:2, i:3), STATEMACHINELOGENTRY, 999@client-AE8279CAF820, (t:2, i:4), METADATAENTRY(c:3)]
2022-11-08 19:12:06,921 [s2-server-thread3] INFO  server.RaftServer$Division (RaftServerImpl.java:checkInconsistentAppendEntries(1592)) - s2@group-EA982605F2E5: Failed appendEntries as the first entry (index 0) already exists (snapshotIndex: -1, commitIndex: 0)
2022-11-08 19:12:06,921 [s2-server-thread3] INFO  server.RaftServer$Division (RaftServerImpl.java:checkInconsistentAppendEntries(1572)) - s2@group-EA982605F2E5: inconsistency entries. Reply:s1<-s2#69:FAIL-t2,INCONSISTENCY,nextIndex=1,followerCommit=0,matchIndex=-1
2022-11-08 19:12:06,922 [grpc-default-executor-3] INFO  leader.FollowerInfo (FollowerInfoImpl.java:lambda$new$0(48)) - s1@group-EA982605F2E5->s2: nextIndex: updateUnconditionally 5 -> 1
2022-11-08 19:12:06,923 [s2-server-thread3] DEBUG server.RaftServer$Division (RaftServerImpl.java:logAppendEntries(1421)) - s2@group-EA982605F2E5: receive appendEntries(s1, 2, (t:2, i:0), 4, true, commits:[s1:c4, s0:c4, s2:c0], cId:70, entries: [(t:2, i:1), STATEMACHINELOGENTRY, 0@client-2EFB324ADA71, (t:2, i:2), METADATAENTRY(c:1), (t:2, i:3), STATEMACHINELOGENTRY, 999@client-AE8279CAF820, (t:2, i:4), METADATAENTRY(c:3)]
2022-11-08 19:12:06,924 [s2-server-thread3] INFO  server.RaftServer$Division (RaftServerImpl.java:checkInconsistentAppendEntries(1602)) - s2@group-EA982605F2E5: Failed appendEntries as previous log entry ((t:2, i:0)) is not found
2022-11-08 19:12:06,924 [s2-server-thread3] INFO  server.RaftServer$Division (RaftServerImpl.java:checkInconsistentAppendEntries(1572)) - s2@group-EA982605F2E5: inconsistency entries. Reply:s1<-s2#70:FAIL-t2,INCONSISTENCY,nextIndex=0,followerCommit=0,matchIndex=-1
2022-11-08 19:12:06,925 [grpc-default-executor-3] INFO  leader.FollowerInfo (FollowerInfoImpl.java:lambda$new$0(48)) - s1@group-EA982605F2E5->s2: nextIndex: updateUnconditionally 5 -> 0
2022-11-08 19:12:06,927 [s2-server-thread3] DEBUG server.RaftServer$Division (RaftServerImpl.java:logAppendEntries(1421)) - s2@group-EA982605F2E5: receive appendEntries(s1, 2, null, 4, true, commits:[s1:c4, s0:c4, s2:c0], cId:71, entries: [(t:2, i:0), CONFIGURATIONENTRY(current:id: "s0"
address: "localhost:34297"
dataStreamAddress: "localhost:43983"
clientAddress: "localhost:39609"
adminAddress: "localhost:37077"
startupRole: FOLLOWER
,id: "s1"
address: "localhost:38917"
dataStreamAddress: "localhost:45719"
clientAddress: "localhost:36975"
adminAddress: "localhost:40635"
startupRole: FOLLOWER
,id: "s2"
address: "localhost:35511"
dataStreamAddress: "localhost:38827"
clientAddress: "localhost:42865"
adminAddress: "localhost:36791"
startupRole: FOLLOWER
, old:), (t:2, i:1), STATEMACHINELOGENTRY, 0@client-2EFB324ADA71, (t:2, i:2), METADATAENTRY(c:1), (t:2, i:3), STATEMACHINELOGENTRY, 999@client-AE8279CAF820, (t:2, i:4), METADATAENTRY(c:3)]
2022-11-08 19:12:06,927 [s2-server-thread3] INFO  server.RaftServer$Division (RaftServerImpl.java:checkInconsistentAppendEntries(1592)) - s2@group-EA982605F2E5: Failed appendEntries as the first entry (index 0) already exists (snapshotIndex: -1, commitIndex: 0)
2022-11-08 19:12:06,928 [s2-server-thread3] INFO  server.RaftServer$Division (RaftServerImpl.java:checkInconsistentAppendEntries(1572)) - s2@group-EA982605F2E5: inconsistency entries. Reply:s1<-s2#71:FAIL-t2,INCONSISTENCY,nextIndex=1,followerCommit=0,matchIndex=-1
2022-11-08 19:12:06,928 [grpc-default-executor-3] INFO  leader.FollowerInfo (FollowerInfoImpl.java:lambda$new$0(48)) - s1@group-EA982605F2E5->s2: nextIndex: updateUnconditionally 5 -> 1
2022-11-08 19:12:06,930 [s2-server-thread3] DEBUG server.RaftServer$Division (RaftServerImpl.java:logAppendEntries(1421)) - s2@group-EA982605F2E5: receive appendEntries(s1, 2, (t:2, i:0), 4, true, commits:[s1:c4, s0:c4, s2:c0], cId:72, entries: [(t:2, i:1), STATEMACHINELOGENTRY, 0@client-2EFB324ADA71, (t:2, i:2), METADATAENTRY(c:1), (t:2, i:3), STATEMACHINELOGENTRY, 999@client-AE8279CAF820, (t:2, i:4), METADATAENTRY(c:3)]
2022-11-08 19:12:06,930 [s2-server-thread3] INFO  server.RaftServer$Division (RaftServerImpl.java:checkInconsistentAppendEntries(1602)) - s2@group-EA982605F2E5: Failed appendEntries as previous log entry ((t:2, i:0)) is not found
2022-11-08 19:12:06,930 [s2-server-thread3] INFO  server.RaftServer$Division (RaftServerImpl.java:checkInconsistentAppendEntries(1572)) - s2@group-EA982605F2E5: inconsistency entries. Reply:s1<-s2#72:FAIL-t2,INCONSISTENCY,nextIndex=0,followerCommit=0,matchIndex=-1
2022-11-08 19:12:06,931 [grpc-default-executor-3] INFO  leader.FollowerInfo (FollowerInfoImpl.java:lambda$new$0(48)) - s1@group-EA982605F2E5->s2: nextIndex: updateUnconditionally 5 -> 0
2022-11-08 19:12:06,932 [s2-server-thread3] DEBUG server.RaftServer$Division (RaftServerImpl.java:logAppendEntries(1421)) - s2@group-EA982605F2E5: receive appendEntries(s1, 2, null, 4, true, commits:[s1:c4, s0:c4, s2:c0], cId:73, entries: [(t:2, i:0), CONFIGURATIONENTRY(current:id: "s0"
address: "localhost:34297"
dataStreamAddress: "localhost:43983"
clientAddress: "localhost:39609"
adminAddress: "localhost:37077"
startupRole: FOLLOWER
,id: "s1"
address: "localhost:38917"
dataStreamAddress: "localhost:45719"
clientAddress: "localhost:36975"
adminAddress: "localhost:40635"
startupRole: FOLLOWER
,id: "s2"
address: "localhost:35511"
dataStreamAddress: "localhost:38827"
clientAddress: "localhost:42865"
adminAddress: "localhost:36791"
startupRole: FOLLOWER
, old:), (t:2, i:1), STATEMACHINELOGENTRY, 0@client-2EFB324ADA71, (t:2, i:2), METADATAENTRY(c:1), (t:2, i:3), STATEMACHINELOGENTRY, 999@client-AE8279CAF820, (t:2, i:4), METADATAENTRY(c:3)]
2022-11-08 19:12:06,933 [s2-server-thread3] INFO  server.RaftServer$Division (RaftServerImpl.java:checkInconsistentAppendEntries(1592)) - s2@group-EA982605F2E5: Failed appendEntries as the first entry (index 0) already exists (snapshotIndex: -1, commitIndex: 0)
2022-11-08 19:12:06,933 [s2-server-thread3] INFO  server.RaftServer$Division (RaftServerImpl.java:checkInconsistentAppendEntries(1572)) - s2@group-EA982605F2E5: inconsistency entries. Reply:s1<-s2#73:FAIL-t2,INCONSISTENCY,nextIndex=1,followerCommit=0,matchIndex=-1
2022-11-08 19:12:06,933 [grpc-default-executor-3] INFO  leader.FollowerInfo (FollowerInfoImpl.java:lambda$new$0(48)) - s1@group-EA982605F2E5->s2: nextIndex: updateUnconditionally 5 -> 1
2022-11-08 19:12:06,935 [s2-server-thread3] DEBUG server.RaftServer$Division (RaftServerImpl.java:logAppendEntries(1421)) - s2@group-EA982605F2E5: receive appendEntries(s1, 2, (t:2, i:0), 4, true, commits:[s1:c4, s0:c4, s2:c0], cId:74, entries: [(t:2, i:1), STATEMACHINELOGENTRY, 0@client-2EFB324ADA71, (t:2, i:2), METADATAENTRY(c:1), (t:2, i:3), STATEMACHINELOGENTRY, 999@client-AE8279CAF820, (t:2, i:4), METADATAENTRY(c:3)]
2022-11-08 19:12:06,935 [s2-server-thread3] INFO  server.RaftServer$Division (RaftServerImpl.java:checkInconsistentAppendEntries(1602)) - s2@group-EA982605F2E5: Failed appendEntries as previous log entry ((t:2, i:0)) is not found
2022-11-08 19:12:06,935 [s2-server-thread3] INFO  server.RaftServer$Division (RaftServerImpl.java:checkInconsistentAppendEntries(1572)) - s2@group-EA982605F2E5: inconsistency entries. Reply:s1<-s2#74:FAIL-t2,INCONSISTENCY,nextIndex=0,followerCommit=0,matchIndex=-1
2022-11-08 19:12:06,936 [grpc-default-executor-3] INFO  leader.FollowerInfo (FollowerInfoImpl.java:lambda$new$0(48)) - s1@group-EA982605F2E5->s2: nextIndex: updateUnconditionally 5 -> 0
2022-11-08 19:12:06,938 [s2-server-thread3] DEBUG server.RaftServer$Division (RaftServerImpl.java:logAppendEntries(1421)) - s2@group-EA982605F2E5: receive appendEntries(s1, 2, null, 4, true, commits:[s1:c4, s0:c4, s2:c0], cId:75, entries: [(t:2, i:0), CONFIGURATIONENTRY(current:id: "s0"
address: "localhost:34297"
dataStreamAddress: "localhost:43983"
clientAddress: "localhost:39609"
adminAddress: "localhost:37077"
startupRole: FOLLOWER
,id: "s1"
address: "localhost:38917"
dataStreamAddress: "localhost:45719"
clientAddress: "localhost:36975"
adminAddress: "localhost:40635"
startupRole: FOLLOWER
,id: "s2"
address: "localhost:35511"
dataStreamAddress: "localhost:38827"
clientAddress: "localhost:42865"
adminAddress: "localhost:36791"
startupRole: FOLLOWER
, old:), (t:2, i:1), STATEMACHINELOGENTRY, 0@client-2EFB324ADA71, (t:2, i:2), METADATAENTRY(c:1), (t:2, i:3), STATEMACHINELOGENTRY, 999@client-AE8279CAF820, (t:2, i:4), METADATAENTRY(c:3)]
2022-11-08 19:12:06,938 [s2-server-thread3] INFO  server.RaftServer$Division (RaftServerImpl.java:checkInconsistentAppendEntries(1592)) - s2@group-EA982605F2E5: Failed appendEntries as the first entry (index 0) already exists (snapshotIndex: -1, commitIndex: 0)
2022-11-08 19:12:06,938 [s2-server-thread3] INFO  server.RaftServer$Division (RaftServerImpl.java:checkInconsistentAppendEntries(1572)) - s2@group-EA982605F2E5: inconsistency entries. Reply:s1<-s2#75:FAIL-t2,INCONSISTENCY,nextIndex=1,followerCommit=0,matchIndex=-1
2022-11-08 19:12:06,939 [grpc-default-executor-3] INFO  leader.FollowerInfo (FollowerInfoImpl.java:lambda$new$0(48)) - s1@group-EA982605F2E5->s2: nextIndex: updateUnconditionally 5 -> 1
2022-11-08 19:12:06,940 [s2-server-thread2] DEBUG server.RaftServer$Division (RaftServerImpl.java:logAppendEntries(1421)) - s2@group-EA982605F2E5: receive appendEntries(s1, 2, (t:2, i:0), 4, true, commits:[s1:c4, s0:c4, s2:c0], cId:76, entries: [(t:2, i:1), STATEMACHINELOGENTRY, 0@client-2EFB324ADA71, (t:2, i:2), METADATAENTRY(c:1), (t:2, i:3), STATEMACHINELOGENTRY, 999@client-AE8279CAF820, (t:2, i:4), METADATAENTRY(c:3)]
2022-11-08 19:12:06,940 [s2-server-thread2] INFO  server.RaftServer$Division (RaftServerImpl.java:checkInconsistentAppendEntries(1602)) - s2@group-EA982605F2E5: Failed appendEntries as previous log entry ((t:2, i:0)) is not found
2022-11-08 19:12:06,941 [s2-server-thread2] INFO  server.RaftServer$Division (RaftServerImpl.java:checkInconsistentAppendEntries(1572)) - s2@group-EA982605F2E5: inconsistency entries. Reply:s1<-s2#76:FAIL-t2,INCONSISTENCY,nextIndex=0,followerCommit=0,matchIndex=-1
2022-11-08 19:12:06,941 [grpc-default-executor-3] INFO  leader.FollowerInfo (FollowerInfoImpl.java:lambda$new$0(48)) - s1@group-EA982605F2E5->s2: nextIndex: updateUnconditionally 5 -> 0
2022-11-08 19:12:06,943 [s2-server-thread3] DEBUG server.RaftServer$Division (RaftServerImpl.java:logAppendEntries(1421)) - s2@group-EA982605F2E5: receive appendEntries(s1, 2, null, 4, true, commits:[s1:c4, s0:c4, s2:c0], cId:77, entries: [(t:2, i:0), CONFIGURATIONENTRY(current:id: "s0"
address: "localhost:34297"
dataStreamAddress: "localhost:43983"
clientAddress: "localhost:39609"
adminAddress: "localhost:37077"
startupRole: FOLLOWER
,id: "s1"
address: "localhost:38917"
dataStreamAddress: "localhost:45719"
clientAddress: "localhost:36975"
adminAddress: "localhost:40635"
startupRole: FOLLOWER
,id: "s2"
address: "localhost:35511"
dataStreamAddress: "localhost:38827"
clientAddress: "localhost:42865"
adminAddress: "localhost:36791"
startupRole: FOLLOWER
, old:), (t:2, i:1), STATEMACHINELOGENTRY, 0@client-2EFB324ADA71, (t:2, i:2), METADATAENTRY(c:1), (t:2, i:3), STATEMACHINELOGENTRY, 999@client-AE8279CAF820, (t:2, i:4), METADATAENTRY(c:3)]
2022-11-08 19:12:06,943 [s2-server-thread3] INFO  server.RaftServer$Division (RaftServerImpl.java:checkInconsistentAppendEntries(1592)) - s2@group-EA982605F2E5: Failed appendEntries as the first entry (index 0) already exists (snapshotIndex: -1, commitIndex: 0)
2022-11-08 19:12:06,943 [s2-server-thread3] INFO  server.RaftServer$Division (RaftServerImpl.java:checkInconsistentAppendEntries(1572)) - s2@group-EA982605F2E5: inconsistency entries. Reply:s1<-s2#77:FAIL-t2,INCONSISTENCY,nextIndex=1,followerCommit=0,matchIndex=-1
2022-11-08 19:12:06,944 [grpc-default-executor-3] INFO  leader.FollowerInfo (FollowerInfoImpl.java:lambda$new$0(48)) - s1@group-EA982605F2E5->s2: nextIndex: updateUnconditionally 5 -> 1
2022-11-08 19:12:06,946 [s2-server-thread2] DEBUG server.RaftServer$Division (RaftServerImpl.java:logAppendEntries(1421)) - s2@group-EA982605F2E5: receive appendEntries(s1, 2, (t:2, i:0), 4, true, commits:[s1:c4, s0:c4, s2:c0], cId:78, entries: [(t:2, i:1), STATEMACHINELOGENTRY, 0@client-2EFB324ADA71, (t:2, i:2), METADATAENTRY(c:1), (t:2, i:3), STATEMACHINELOGENTRY, 999@client-AE8279CAF820, (t:2, i:4), METADATAENTRY(c:3)]
2022-11-08 19:12:06,946 [s2-server-thread2] INFO  server.RaftServer$Division (RaftServerImpl.java:checkInconsistentAppendEntries(1602)) - s2@group-EA982605F2E5: Failed appendEntries as previous log entry ((t:2, i:0)) is not found
2022-11-08 19:12:06,946 [s2-server-thread2] INFO  server.RaftServer$Division (RaftServerImpl.java:checkInconsistentAppendEntries(1572)) - s2@group-EA982605F2E5: inconsistency entries. Reply:s1<-s2#78:FAIL-t2,INCONSISTENCY,nextIndex=0,followerCommit=0,matchIndex=-1
2022-11-08 19:12:06,947 [grpc-default-executor-3] INFO  leader.FollowerInfo (FollowerInfoImpl.java:lambda$new$0(48)) - s1@group-EA982605F2E5->s2: nextIndex: updateUnconditionally 5 -> 0
2022-11-08 19:12:06,949 [s2-server-thread3] DEBUG server.RaftServer$Division (RaftServerImpl.java:logAppendEntries(1421)) - s2@group-EA982605F2E5: receive appendEntries(s1, 2, null, 4, true, commits:[s1:c4, s0:c4, s2:c0], cId:79, entries: [(t:2, i:0), CONFIGURATIONENTRY(current:id: "s0"
address: "localhost:34297"
dataStreamAddress: "localhost:43983"
clientAddress: "localhost:39609"
adminAddress: "localhost:37077"
startupRole: FOLLOWER
,id: "s1"
address: "localhost:38917"
dataStreamAddress: "localhost:45719"
clientAddress: "localhost:36975"
adminAddress: "localhost:40635"
startupRole: FOLLOWER
,id: "s2"
address: "localhost:35511"
dataStreamAddress: "localhost:38827"
clientAddress: "localhost:42865"
adminAddress: "localhost:36791"
startupRole: FOLLOWER
, old:), (t:2, i:1), STATEMACHINELOGENTRY, 0@client-2EFB324ADA71, (t:2, i:2), METADATAENTRY(c:1), (t:2, i:3), STATEMACHINELOGENTRY, 999@client-AE8279CAF820, (t:2, i:4), METADATAENTRY(c:3)]
2022-11-08 19:12:06,949 [s2-server-thread3] INFO  server.RaftServer$Division (RaftServerImpl.java:checkInconsistentAppendEntries(1592)) - s2@group-EA982605F2E5: Failed appendEntries as the first entry (index 0) already exists (snapshotIndex: -1, commitIndex: 0)
2022-11-08 19:12:06,952 [s2-server-thread3] INFO  server.RaftServer$Division (RaftServerImpl.java:checkInconsistentAppendEntries(1572)) - s2@group-EA982605F2E5: inconsistency entries. Reply:s1<-s2#79:FAIL-t2,INCONSISTENCY,nextIndex=1,followerCommit=0,matchIndex=-1
2022-11-08 19:12:06,953 [grpc-default-executor-3] INFO  leader.FollowerInfo (FollowerInfoImpl.java:lambda$new$0(48)) - s1@group-EA982605F2E5->s2: nextIndex: updateUnconditionally 5 -> 1
2022-11-08 19:12:06,956 [s2-server-thread3] DEBUG server.RaftServer$Division (RaftServerImpl.java:logAppendEntries(1421)) - s2@group-EA982605F2E5: receive appendEntries(s1, 2, (t:2, i:0), 4, true, commits:[s1:c4, s0:c4, s2:c0], cId:80, entries: [(t:2, i:1), STATEMACHINELOGENTRY, 0@client-2EFB324ADA71, (t:2, i:2), METADATAENTRY(c:1), (t:2, i:3), STATEMACHINELOGENTRY, 999@client-AE8279CAF820, (t:2, i:4), METADATAENTRY(c:3)]
2022-11-08 19:12:06,956 [s2-server-thread3] INFO  server.RaftServer$Division (RaftServerImpl.java:checkInconsistentAppendEntries(1602)) - s2@group-EA982605F2E5: Failed appendEntries as previous log entry ((t:2, i:0)) is not found
2022-11-08 19:12:06,956 [s2-server-thread3] INFO  server.RaftServer$Division (RaftServerImpl.java:checkInconsistentAppendEntries(1572)) - s2@group-EA982605F2E5: inconsistency entries. Reply:s1<-s2#80:FAIL-t2,INCONSISTENCY,nextIndex=0,followerCommit=0,matchIndex=-1
2022-11-08 19:12:06,957 [grpc-default-executor-3] INFO  leader.FollowerInfo (FollowerInfoImpl.java:lambda$new$0(48)) - s1@group-EA982605F2E5->s2: nextIndex: updateUnconditionally 5 -> 0
2022-11-08 19:12:06,960 [s2-server-thread2] DEBUG server.RaftServer$Division (RaftServerImpl.java:logAppendEntries(1421)) - s2@group-EA982605F2E5: receive appendEntries(s1, 2, null, 4, true, commits:[s1:c4, s0:c4, s2:c0], cId:81, entries: [(t:2, i:0), CONFIGURATIONENTRY(current:id: "s0"
address: "localhost:34297"
dataStreamAddress: "localhost:43983"
clientAddress: "localhost:39609"
adminAddress: "localhost:37077"
startupRole: FOLLOWER
,id: "s1"
address: "localhost:38917"
dataStreamAddress: "localhost:45719"
clientAddress: "localhost:36975"
adminAddress: "localhost:40635"
startupRole: FOLLOWER
,id: "s2"
address: "localhost:35511"
dataStreamAddress: "localhost:38827"
clientAddress: "localhost:42865"
adminAddress: "localhost:36791"
startupRole: FOLLOWER
, old:), (t:2, i:1), STATEMACHINELOGENTRY, 0@client-2EFB324ADA71, (t:2, i:2), METADATAENTRY(c:1), (t:2, i:3), STATEMACHINELOGENTRY, 999@client-AE8279CAF820, (t:2, i:4), METADATAENTRY(c:3)]
2022-11-08 19:12:06,960 [s2-server-thread2] INFO  server.RaftServer$Division (RaftServerImpl.java:checkInconsistentAppendEntries(1592)) - s2@group-EA982605F2E5: Failed appendEntries as the first entry (index 0) already exists (snapshotIndex: -1, commitIndex: 0)
2022-11-08 19:12:06,961 [s2-server-thread2] INFO  server.RaftServer$Division (RaftServerImpl.java:checkInconsistentAppendEntries(1572)) - s2@group-EA982605F2E5: inconsistency entries. Reply:s1<-s2#81:FAIL-t2,INCONSISTENCY,nextIndex=1,followerCommit=0,matchIndex=-1
2022-11-08 19:12:06,961 [grpc-default-executor-3] INFO  leader.FollowerInfo (FollowerInfoImpl.java:lambda$new$0(48)) - s1@group-EA982605F2E5->s2: nextIndex: updateUnconditionally 5 -> 1
2022-11-08 19:12:06,963 [s2-server-thread3] DEBUG server.RaftServer$Division (RaftServerImpl.java:logAppendEntries(1421)) - s2@group-EA982605F2E5: receive appendEntries(s1, 2, (t:2, i:0), 4, true, commits:[s1:c4, s0:c4, s2:c0], cId:82, entries: [(t:2, i:1), STATEMACHINELOGENTRY, 0@client-2EFB324ADA71, (t:2, i:2), METADATAENTRY(c:1), (t:2, i:3), STATEMACHINELOGENTRY, 999@client-AE8279CAF820, (t:2, i:4), METADATAENTRY(c:3)]
2022-11-08 19:12:06,963 [s2-server-thread3] INFO  server.RaftServer$Division (RaftServerImpl.java:checkInconsistentAppendEntries(1602)) - s2@group-EA982605F2E5: Failed appendEntries as previous log entry ((t:2, i:0)) is not found
2022-11-08 19:12:06,963 [s2-server-thread3] INFO  server.RaftServer$Division (RaftServerImpl.java:checkInconsistentAppendEntries(1572)) - s2@group-EA982605F2E5: inconsistency entries. Reply:s1<-s2#82:FAIL-t2,INCONSISTENCY,nextIndex=0,followerCommit=0,matchIndex=-1
2022-11-08 19:12:06,964 [grpc-default-executor-3] INFO  leader.FollowerInfo (FollowerInfoImpl.java:lambda$new$0(48)) - s1@group-EA982605F2E5->s2: nextIndex: updateUnconditionally 5 -> 0
2022-11-08 19:12:06,966 [s2-server-thread2] DEBUG server.RaftServer$Division (RaftServerImpl.java:logAppendEntries(1421)) - s2@group-EA982605F2E5: receive appendEntries(s1, 2, null, 4, true, commits:[s1:c4, s0:c4, s2:c0], cId:83, entries: [(t:2, i:0), CONFIGURATIONENTRY(current:id: "s0"
address: "localhost:34297"
dataStreamAddress: "localhost:43983"
clientAddress: "localhost:39609"
adminAddress: "localhost:37077"
startupRole: FOLLOWER
,id: "s1"
address: "localhost:38917"
dataStreamAddress: "localhost:45719"
clientAddress: "localhost:36975"
adminAddress: "localhost:40635"
startupRole: FOLLOWER
,id: "s2"
address: "localhost:35511"
dataStreamAddress: "localhost:38827"
clientAddress: "localhost:42865"
adminAddress: "localhost:36791"
startupRole: FOLLOWER
, old:), (t:2, i:1), STATEMACHINELOGENTRY, 0@client-2EFB324ADA71, (t:2, i:2), METADATAENTRY(c:1), (t:2, i:3), STATEMACHINELOGENTRY, 999@client-AE8279CAF820, (t:2, i:4), METADATAENTRY(c:3)]
2022-11-08 19:12:06,966 [s2-server-thread2] INFO  server.RaftServer$Division (RaftServerImpl.java:checkInconsistentAppendEntries(1592)) - s2@group-EA982605F2E5: Failed appendEntries as the first entry (index 0) already exists (snapshotIndex: -1, commitIndex: 0)
2022-11-08 19:12:06,966 [s2-server-thread2] INFO  server.RaftServer$Division (RaftServerImpl.java:checkInconsistentAppendEntries(1572)) - s2@group-EA982605F2E5: inconsistency entries. Reply:s1<-s2#83:FAIL-t2,INCONSISTENCY,nextIndex=1,followerCommit=0,matchIndex=-1
2022-11-08 19:12:06,967 [grpc-default-executor-3] INFO  leader.FollowerInfo (FollowerInfoImpl.java:lambda$new$0(48)) - s1@group-EA982605F2E5->s2: nextIndex: updateUnconditionally 5 -> 1
2022-11-08 19:12:06,968 [s2-server-thread2] DEBUG server.RaftServer$Division (RaftServerImpl.java:logAppendEntries(1421)) - s2@group-EA982605F2E5: receive appendEntries(s1, 2, (t:2, i:0), 4, true, commits:[s1:c4, s0:c4, s2:c0], cId:84, entries: [(t:2, i:1), STATEMACHINELOGENTRY, 0@client-2EFB324ADA71, (t:2, i:2), METADATAENTRY(c:1), (t:2, i:3), STATEMACHINELOGENTRY, 999@client-AE8279CAF820, (t:2, i:4), METADATAENTRY(c:3)]
2022-11-08 19:12:06,968 [s2-server-thread2] INFO  server.RaftServer$Division (RaftServerImpl.java:checkInconsistentAppendEntries(1602)) - s2@group-EA982605F2E5: Failed appendEntries as previous log entry ((t:2, i:0)) is not found
2022-11-08 19:12:06,969 [s2-server-thread2] INFO  server.RaftServer$Division (RaftServerImpl.java:checkInconsistentAppendEntries(1572)) - s2@group-EA982605F2E5: inconsistency entries. Reply:s1<-s2#84:FAIL-t2,INCONSISTENCY,nextIndex=0,followerCommit=0,matchIndex=-1
2022-11-08 19:12:06,969 [grpc-default-executor-3] INFO  leader.FollowerInfo (FollowerInfoImpl.java:lambda$new$0(48)) - s1@group-EA982605F2E5->s2: nextIndex: updateUnconditionally 5 -> 0
2022-11-08 19:12:06,971 [s2-server-thread2] DEBUG server.RaftServer$Division (RaftServerImpl.java:logAppendEntries(1421)) - s2@group-EA982605F2E5: receive appendEntries(s1, 2, null, 4, true, commits:[s1:c4, s0:c4, s2:c0], cId:85, entries: [(t:2, i:0), CONFIGURATIONENTRY(current:id: "s0"
address: "localhost:34297"
dataStreamAddress: "localhost:43983"
clientAddress: "localhost:39609"
adminAddress: "localhost:37077"
startupRole: FOLLOWER
,id: "s1"
address: "localhost:38917"
dataStreamAddress: "localhost:45719"
clientAddress: "localhost:36975"
adminAddress: "localhost:40635"
startupRole: FOLLOWER
,id: "s2"
address: "localhost:35511"
dataStreamAddress: "localhost:38827"
clientAddress: "localhost:42865"
adminAddress: "localhost:36791"
startupRole: FOLLOWER
, old:), (t:2, i:1), STATEMACHINELOGENTRY, 0@client-2EFB324ADA71, (t:2, i:2), METADATAENTRY(c:1), (t:2, i:3), STATEMACHINELOGENTRY, 999@client-AE8279CAF820, (t:2, i:4), METADATAENTRY(c:3)]
2022-11-08 19:12:06,971 [s2-server-thread2] INFO  server.RaftServer$Division (RaftServerImpl.java:checkInconsistentAppendEntries(1592)) - s2@group-EA982605F2E5: Failed appendEntries as the first entry (index 0) already exists (snapshotIndex: -1, commitIndex: 0)
2022-11-08 19:12:06,971 [s2-server-thread2] INFO  server.RaftServer$Division (RaftServerImpl.java:checkInconsistentAppendEntries(1572)) - s2@group-EA982605F2E5: inconsistency entries. Reply:s1<-s2#85:FAIL-t2,INCONSISTENCY,nextIndex=1,followerCommit=0,matchIndex=-1
2022-11-08 19:12:06,972 [grpc-default-executor-3] INFO  leader.FollowerInfo (FollowerInfoImpl.java:lambda$new$0(48)) - s1@group-EA982605F2E5->s2: nextIndex: updateUnconditionally 5 -> 1
2022-11-08 19:12:06,974 [s2-server-thread2] DEBUG server.RaftServer$Division (RaftServerImpl.java:logAppendEntries(1421)) - s2@group-EA982605F2E5: receive appendEntries(s1, 2, (t:2, i:0), 4, true, commits:[s1:c4, s0:c4, s2:c0], cId:86, entries: [(t:2, i:1), STATEMACHINELOGENTRY, 0@client-2EFB324ADA71, (t:2, i:2), METADATAENTRY(c:1), (t:2, i:3), STATEMACHINELOGENTRY, 999@client-AE8279CAF820, (t:2, i:4), METADATAENTRY(c:3)]
2022-11-08 19:12:06,974 [s2-server-thread2] INFO  server.RaftServer$Division (RaftServerImpl.java:checkInconsistentAppendEntries(1602)) - s2@group-EA982605F2E5: Failed appendEntries as previous log entry ((t:2, i:0)) is not found
2022-11-08 19:12:06,974 [s2-server-thread2] INFO  server.RaftServer$Division (RaftServerImpl.java:checkInconsistentAppendEntries(1572)) - s2@group-EA982605F2E5: inconsistency entries. Reply:s1<-s2#86:FAIL-t2,INCONSISTENCY,nextIndex=0,followerCommit=0,matchIndex=-1
2022-11-08 19:12:06,974 [grpc-default-executor-3] INFO  leader.FollowerInfo (FollowerInfoImpl.java:lambda$new$0(48)) - s1@group-EA982605F2E5->s2: nextIndex: updateUnconditionally 5 -> 0
2022-11-08 19:12:06,976 [s2-server-thread2] DEBUG server.RaftServer$Division (RaftServerImpl.java:logAppendEntries(1421)) - s2@group-EA982605F2E5: receive appendEntries(s1, 2, null, 4, true, commits:[s1:c4, s0:c4, s2:c0], cId:87, entries: [(t:2, i:0), CONFIGURATIONENTRY(current:id: "s0"
address: "localhost:34297"
dataStreamAddress: "localhost:43983"
clientAddress: "localhost:39609"
adminAddress: "localhost:37077"
startupRole: FOLLOWER
,id: "s1"
address: "localhost:38917"
dataStreamAddress: "localhost:45719"
clientAddress: "localhost:36975"
adminAddress: "localhost:40635"
startupRole: FOLLOWER
,id: "s2"
address: "localhost:35511"
dataStreamAddress: "localhost:38827"
clientAddress: "localhost:42865"
adminAddress: "localhost:36791"
startupRole: FOLLOWER
, old:), (t:2, i:1), STATEMACHINELOGENTRY, 0@client-2EFB324ADA71, (t:2, i:2), METADATAENTRY(c:1), (t:2, i:3), STATEMACHINELOGENTRY, 999@client-AE8279CAF820, (t:2, i:4), METADATAENTRY(c:3)]
2022-11-08 19:12:06,977 [s2-server-thread2] INFO  server.RaftServer$Division (RaftServerImpl.java:checkInconsistentAppendEntries(1592)) - s2@group-EA982605F2E5: Failed appendEntries as the first entry (index 0) already exists (snapshotIndex: -1, commitIndex: 0)
2022-11-08 19:12:06,977 [s2-server-thread2] INFO  server.RaftServer$Division (RaftServerImpl.java:checkInconsistentAppendEntries(1572)) - s2@group-EA982605F2E5: inconsistency entries. Reply:s1<-s2#87:FAIL-t2,INCONSISTENCY,nextIndex=1,followerCommit=0,matchIndex=-1
2022-11-08 19:12:06,977 [grpc-default-executor-3] INFO  leader.FollowerInfo (FollowerInfoImpl.java:lambda$new$0(48)) - s1@group-EA982605F2E5->s2: nextIndex: updateUnconditionally 5 -> 1
2022-11-08 19:12:06,979 [s2-server-thread2] DEBUG server.RaftServer$Division (RaftServerImpl.java:logAppendEntries(1421)) - s2@group-EA982605F2E5: receive appendEntries(s1, 2, (t:2, i:0), 4, true, commits:[s1:c4, s0:c4, s2:c0], cId:88, entries: [(t:2, i:1), STATEMACHINELOGENTRY, 0@client-2EFB324ADA71, (t:2, i:2), METADATAENTRY(c:1), (t:2, i:3), STATEMACHINELOGENTRY, 999@client-AE8279CAF820, (t:2, i:4), METADATAENTRY(c:3)]
2022-11-08 19:12:06,979 [s2-server-thread2] INFO  server.RaftServer$Division (RaftServerImpl.java:checkInconsistentAppendEntries(1602)) - s2@group-EA982605F2E5: Failed appendEntries as previous log entry ((t:2, i:0)) is not found
2022-11-08 19:12:06,979 [s2-server-thread2] INFO  server.RaftServer$Division (RaftServerImpl.java:checkInconsistentAppendEntries(1572)) - s2@group-EA982605F2E5: inconsistency entries. Reply:s1<-s2#88:FAIL-t2,INCONSISTENCY,nextIndex=0,followerCommit=0,matchIndex=-1
2022-11-08 19:12:06,980 [grpc-default-executor-3] INFO  leader.FollowerInfo (FollowerInfoImpl.java:lambda$new$0(48)) - s1@group-EA982605F2E5->s2: nextIndex: updateUnconditionally 5 -> 0
2022-11-08 19:12:06,982 [s2-server-thread2] DEBUG server.RaftServer$Division (RaftServerImpl.java:logAppendEntries(1421)) - s2@group-EA982605F2E5: receive appendEntries(s1, 2, null, 4, true, commits:[s1:c4, s0:c4, s2:c0], cId:89, entries: [(t:2, i:0), CONFIGURATIONENTRY(current:id: "s0"
address: "localhost:34297"
dataStreamAddress: "localhost:43983"
clientAddress: "localhost:39609"
adminAddress: "localhost:37077"
startupRole: FOLLOWER
,id: "s1"
address: "localhost:38917"
dataStreamAddress: "localhost:45719"
clientAddress: "localhost:36975"
adminAddress: "localhost:40635"
startupRole: FOLLOWER
,id: "s2"
address: "localhost:35511"
dataStreamAddress: "localhost:38827"
clientAddress: "localhost:42865"
adminAddress: "localhost:36791"
startupRole: FOLLOWER
, old:), (t:2, i:1), STATEMACHINELOGENTRY, 0@client-2EFB324ADA71, (t:2, i:2), METADATAENTRY(c:1), (t:2, i:3), STATEMACHINELOGENTRY, 999@client-AE8279CAF820, (t:2, i:4), METADATAENTRY(c:3)]
2022-11-08 19:12:06,982 [s2-server-thread2] INFO  server.RaftServer$Division (RaftServerImpl.java:checkInconsistentAppendEntries(1592)) - s2@group-EA982605F2E5: Failed appendEntries as the first entry (index 0) already exists (snapshotIndex: -1, commitIndex: 0)
2022-11-08 19:12:06,982 [s2-server-thread2] INFO  server.RaftServer$Division (RaftServerImpl.java:checkInconsistentAppendEntries(1572)) - s2@group-EA982605F2E5: inconsistency entries. Reply:s1<-s2#89:FAIL-t2,INCONSISTENCY,nextIndex=1,followerCommit=0,matchIndex=-1
2022-11-08 19:12:06,983 [grpc-default-executor-3] INFO  leader.FollowerInfo (FollowerInfoImpl.java:lambda$new$0(48)) - s1@group-EA982605F2E5->s2: nextIndex: updateUnconditionally 5 -> 1
2022-11-08 19:12:06,984 [s2-server-thread3] DEBUG server.RaftServer$Division (RaftServerImpl.java:logAppendEntries(1421)) - s2@group-EA982605F2E5: receive appendEntries(s1, 2, (t:2, i:0), 4, true, commits:[s1:c4, s0:c4, s2:c0], cId:90, entries: [(t:2, i:1), STATEMACHINELOGENTRY, 0@client-2EFB324ADA71, (t:2, i:2), METADATAENTRY(c:1), (t:2, i:3), STATEMACHINELOGENTRY, 999@client-AE8279CAF820, (t:2, i:4), METADATAENTRY(c:3)]
2022-11-08 19:12:06,985 [s2-server-thread3] INFO  server.RaftServer$Division (RaftServerImpl.java:checkInconsistentAppendEntries(1602)) - s2@group-EA982605F2E5: Failed appendEntries as previous log entry ((t:2, i:0)) is not found
2022-11-08 19:12:06,985 [s2-server-thread3] INFO  server.RaftServer$Division (RaftServerImpl.java:checkInconsistentAppendEntries(1572)) - s2@group-EA982605F2E5: inconsistency entries. Reply:s1<-s2#90:FAIL-t2,INCONSISTENCY,nextIndex=0,followerCommit=0,matchIndex=-1
2022-11-08 19:12:06,986 [grpc-default-executor-3] INFO  leader.FollowerInfo (FollowerInfoImpl.java:lambda$new$0(48)) - s1@group-EA982605F2E5->s2: nextIndex: updateUnconditionally 5 -> 0
2022-11-08 19:12:06,988 [s2-server-thread2] DEBUG server.RaftServer$Division (RaftServerImpl.java:logAppendEntries(1421)) - s2@group-EA982605F2E5: receive appendEntries(s1, 2, null, 4, true, commits:[s1:c4, s0:c4, s2:c0], cId:91, entries: [(t:2, i:0), CONFIGURATIONENTRY(current:id: "s0"
address: "localhost:34297"
dataStreamAddress: "localhost:43983"
clientAddress: "localhost:39609"
adminAddress: "localhost:37077"
startupRole: FOLLOWER
,id: "s1"
address: "localhost:38917"
dataStreamAddress: "localhost:45719"
clientAddress: "localhost:36975"
adminAddress: "localhost:40635"
startupRole: FOLLOWER
,id: "s2"
address: "localhost:35511"
dataStreamAddress: "localhost:38827"
clientAddress: "localhost:42865"
adminAddress: "localhost:36791"
startupRole: FOLLOWER
, old:), (t:2, i:1), STATEMACHINELOGENTRY, 0@client-2EFB324ADA71, (t:2, i:2), METADATAENTRY(c:1), (t:2, i:3), STATEMACHINELOGENTRY, 999@client-AE8279CAF820, (t:2, i:4), METADATAENTRY(c:3)]
2022-11-08 19:12:06,988 [s2-server-thread2] INFO  server.RaftServer$Division (RaftServerImpl.java:checkInconsistentAppendEntries(1592)) - s2@group-EA982605F2E5: Failed appendEntries as the first entry (index 0) already exists (snapshotIndex: -1, commitIndex: 0)
2022-11-08 19:12:06,988 [s2-server-thread2] INFO  server.RaftServer$Division (RaftServerImpl.java:checkInconsistentAppendEntries(1572)) - s2@group-EA982605F2E5: inconsistency entries. Reply:s1<-s2#91:FAIL-t2,INCONSISTENCY,nextIndex=1,followerCommit=0,matchIndex=-1
2022-11-08 19:12:06,989 [grpc-default-executor-3] INFO  leader.FollowerInfo (FollowerInfoImpl.java:lambda$new$0(48)) - s1@group-EA982605F2E5->s2: nextIndex: updateUnconditionally 5 -> 1
2022-11-08 19:12:06,991 [s2-server-thread2] DEBUG server.RaftServer$Division (RaftServerImpl.java:logAppendEntries(1421)) - s2@group-EA982605F2E5: receive appendEntries(s1, 2, (t:2, i:0), 4, true, commits:[s1:c4, s0:c4, s2:c0], cId:92, entries: [(t:2, i:1), STATEMACHINELOGENTRY, 0@client-2EFB324ADA71, (t:2, i:2), METADATAENTRY(c:1), (t:2, i:3), STATEMACHINELOGENTRY, 999@client-AE8279CAF820, (t:2, i:4), METADATAENTRY(c:3)]
2022-11-08 19:12:06,991 [s2-server-thread2] INFO  server.RaftServer$Division (RaftServerImpl.java:checkInconsistentAppendEntries(1602)) - s2@group-EA982605F2E5: Failed appendEntries as previous log entry ((t:2, i:0)) is not found
2022-11-08 19:12:06,991 [s2-server-thread2] INFO  server.RaftServer$Division (RaftServerImpl.java:checkInconsistentAppendEntries(1572)) - s2@group-EA982605F2E5: inconsistency entries. Reply:s1<-s2#92:FAIL-t2,INCONSISTENCY,nextIndex=0,followerCommit=0,matchIndex=-1
2022-11-08 19:12:06,992 [grpc-default-executor-0] INFO  leader.FollowerInfo (FollowerInfoImpl.java:lambda$new$0(48)) - s1@group-EA982605F2E5->s2: nextIndex: updateUnconditionally 5 -> 0
2022-11-08 19:12:06,993 [s2-server-thread3] DEBUG server.RaftServer$Division (RaftServerImpl.java:logAppendEntries(1421)) - s2@group-EA982605F2E5: receive appendEntries(s1, 2, null, 4, true, commits:[s1:c4, s0:c4, s2:c0], cId:93, entries: [(t:2, i:0), CONFIGURATIONENTRY(current:id: "s0"
address: "localhost:34297"
dataStreamAddress: "localhost:43983"
clientAddress: "localhost:39609"
adminAddress: "localhost:37077"
startupRole: FOLLOWER
,id: "s1"
address: "localhost:38917"
dataStreamAddress: "localhost:45719"
clientAddress: "localhost:36975"
adminAddress: "localhost:40635"
startupRole: FOLLOWER
,id: "s2"
address: "localhost:35511"
dataStreamAddress: "localhost:38827"
clientAddress: "localhost:42865"
adminAddress: "localhost:36791"
startupRole: FOLLOWER
, old:), (t:2, i:1), STATEMACHINELOGENTRY, 0@client-2EFB324ADA71, (t:2, i:2), METADATAENTRY(c:1), (t:2, i:3), STATEMACHINELOGENTRY, 999@client-AE8279CAF820, (t:2, i:4), METADATAENTRY(c:3)]
2022-11-08 19:12:06,994 [s2-server-thread3] INFO  server.RaftServer$Division (RaftServerImpl.java:checkInconsistentAppendEntries(1592)) - s2@group-EA982605F2E5: Failed appendEntries as the first entry (index 0) already exists (snapshotIndex: -1, commitIndex: 0)
2022-11-08 19:12:06,994 [s2-server-thread3] INFO  server.RaftServer$Division (RaftServerImpl.java:checkInconsistentAppendEntries(1572)) - s2@group-EA982605F2E5: inconsistency entries. Reply:s1<-s2#93:FAIL-t2,INCONSISTENCY,nextIndex=1,followerCommit=0,matchIndex=-1
2022-11-08 19:12:06,994 [grpc-default-executor-0] INFO  leader.FollowerInfo (FollowerInfoImpl.java:lambda$new$0(48)) - s1@group-EA982605F2E5->s2: nextIndex: updateUnconditionally 5 -> 1
2022-11-08 19:12:06,996 [s2-server-thread1] DEBUG server.RaftServer$Division (RaftServerImpl.java:logAppendEntries(1421)) - s2@group-EA982605F2E5: receive appendEntries(s1, 2, (t:2, i:0), 4, true, commits:[s1:c4, s0:c4, s2:c0], cId:94, entries: [(t:2, i:1), STATEMACHINELOGENTRY, 0@client-2EFB324ADA71, (t:2, i:2), METADATAENTRY(c:1), (t:2, i:3), STATEMACHINELOGENTRY, 999@client-AE8279CAF820, (t:2, i:4), METADATAENTRY(c:3)]
2022-11-08 19:12:06,996 [s2-server-thread1] INFO  server.RaftServer$Division (RaftServerImpl.java:checkInconsistentAppendEntries(1602)) - s2@group-EA982605F2E5: Failed appendEntries as previous log entry ((t:2, i:0)) is not found
2022-11-08 19:12:06,996 [s2-server-thread1] INFO  server.RaftServer$Division (RaftServerImpl.java:checkInconsistentAppendEntries(1572)) - s2@group-EA982605F2E5: inconsistency entries. Reply:s1<-s2#94:FAIL-t2,INCONSISTENCY,nextIndex=0,followerCommit=0,matchIndex=-1
2022-11-08 19:12:07,001 [grpc-default-executor-0] INFO  leader.FollowerInfo (FollowerInfoImpl.java:lambda$new$0(48)) - s1@group-EA982605F2E5->s2: nextIndex: updateUnconditionally 5 -> 0
2022-11-08 19:12:07,003 [s2-server-thread1] DEBUG server.RaftServer$Division (RaftServerImpl.java:logAppendEntries(1421)) - s2@group-EA982605F2E5: receive appendEntries(s1, 2, null, 4, true, commits:[s1:c4, s0:c4, s2:c0], cId:95, entries: [(t:2, i:0), CONFIGURATIONENTRY(current:id: "s0"
address: "localhost:34297"
dataStreamAddress: "localhost:43983"
clientAddress: "localhost:39609"
adminAddress: "localhost:37077"
startupRole: FOLLOWER
,id: "s1"
address: "localhost:38917"
dataStreamAddress: "localhost:45719"
clientAddress: "localhost:36975"
adminAddress: "localhost:40635"
startupRole: FOLLOWER
,id: "s2"
address: "localhost:35511"
dataStreamAddress: "localhost:38827"
clientAddress: "localhost:42865"
adminAddress: "localhost:36791"
startupRole: FOLLOWER
, old:), (t:2, i:1), STATEMACHINELOGENTRY, 0@client-2EFB324ADA71, (t:2, i:2), METADATAENTRY(c:1), (t:2, i:3), STATEMACHINELOGENTRY, 999@client-AE8279CAF820, (t:2, i:4), METADATAENTRY(c:3)]
2022-11-08 19:12:07,003 [s2-server-thread1] INFO  server.RaftServer$Division (RaftServerImpl.java:checkInconsistentAppendEntries(1592)) - s2@group-EA982605F2E5: Failed appendEntries as the first entry (index 0) already exists (snapshotIndex: -1, commitIndex: 0)
2022-11-08 19:12:07,003 [s2-server-thread1] INFO  server.RaftServer$Division (RaftServerImpl.java:checkInconsistentAppendEntries(1572)) - s2@group-EA982605F2E5: inconsistency entries. Reply:s1<-s2#95:FAIL-t2,INCONSISTENCY,nextIndex=1,followerCommit=0,matchIndex=-1
2022-11-08 19:12:07,004 [grpc-default-executor-0] INFO  leader.FollowerInfo (FollowerInfoImpl.java:lambda$new$0(48)) - s1@group-EA982605F2E5->s2: nextIndex: updateUnconditionally 5 -> 1
2022-11-08 19:12:07,006 [s2-server-thread1] DEBUG server.RaftServer$Division (RaftServerImpl.java:logAppendEntries(1421)) - s2@group-EA982605F2E5: receive appendEntries(s1, 2, (t:2, i:0), 4, true, commits:[s1:c4, s0:c4, s2:c0], cId:96, entries: [(t:2, i:1), STATEMACHINELOGENTRY, 0@client-2EFB324ADA71, (t:2, i:2), METADATAENTRY(c:1), (t:2, i:3), STATEMACHINELOGENTRY, 999@client-AE8279CAF820, (t:2, i:4), METADATAENTRY(c:3)]
2022-11-08 19:12:07,006 [s2-server-thread1] INFO  server.RaftServer$Division (RaftServerImpl.java:checkInconsistentAppendEntries(1602)) - s2@group-EA982605F2E5: Failed appendEntries as previous log entry ((t:2, i:0)) is not found
2022-11-08 19:12:07,006 [s2-server-thread1] INFO  server.RaftServer$Division (RaftServerImpl.java:checkInconsistentAppendEntries(1572)) - s2@group-EA982605F2E5: inconsistency entries. Reply:s1<-s2#96:FAIL-t2,INCONSISTENCY,nextIndex=0,followerCommit=0,matchIndex=-1
2022-11-08 19:12:07,007 [grpc-default-executor-0] INFO  leader.FollowerInfo (FollowerInfoImpl.java:lambda$new$0(48)) - s1@group-EA982605F2E5->s2: nextIndex: updateUnconditionally 5 -> 0
2022-11-08 19:12:07,009 [s2-server-thread1] DEBUG server.RaftServer$Division (RaftServerImpl.java:logAppendEntries(1421)) - s2@group-EA982605F2E5: receive appendEntries(s1, 2, null, 4, true, commits:[s1:c4, s0:c4, s2:c0], cId:97, entries: [(t:2, i:0), CONFIGURATIONENTRY(current:id: "s0"
address: "localhost:34297"
dataStreamAddress: "localhost:43983"
clientAddress: "localhost:39609"
adminAddress: "localhost:37077"
startupRole: FOLLOWER
,id: "s1"
address: "localhost:38917"
dataStreamAddress: "localhost:45719"
clientAddress: "localhost:36975"
adminAddress: "localhost:40635"
startupRole: FOLLOWER
,id: "s2"
address: "localhost:35511"
dataStreamAddress: "localhost:38827"
clientAddress: "localhost:42865"
adminAddress: "localhost:36791"
startupRole: FOLLOWER
, old:), (t:2, i:1), STATEMACHINELOGENTRY, 0@client-2EFB324ADA71, (t:2, i:2), METADATAENTRY(c:1), (t:2, i:3), STATEMACHINELOGENTRY, 999@client-AE8279CAF820, (t:2, i:4), METADATAENTRY(c:3)]
2022-11-08 19:12:07,009 [s2-server-thread1] INFO  server.RaftServer$Division (RaftServerImpl.java:checkInconsistentAppendEntries(1592)) - s2@group-EA982605F2E5: Failed appendEntries as the first entry (index 0) already exists (snapshotIndex: -1, commitIndex: 0)
2022-11-08 19:12:07,009 [s2-server-thread1] INFO  server.RaftServer$Division (RaftServerImpl.java:checkInconsistentAppendEntries(1572)) - s2@group-EA982605F2E5: inconsistency entries. Reply:s1<-s2#97:FAIL-t2,INCONSISTENCY,nextIndex=1,followerCommit=0,matchIndex=-1
2022-11-08 19:12:07,010 [grpc-default-executor-0] INFO  leader.FollowerInfo (FollowerInfoImpl.java:lambda$new$0(48)) - s1@group-EA982605F2E5->s2: nextIndex: updateUnconditionally 5 -> 1
2022-11-08 19:12:07,011 [s2-server-thread1] DEBUG server.RaftServer$Division (RaftServerImpl.java:logAppendEntries(1421)) - s2@group-EA982605F2E5: receive appendEntries(s1, 2, (t:2, i:0), 4, true, commits:[s1:c4, s0:c4, s2:c0], cId:98, entries: [(t:2, i:1), STATEMACHINELOGENTRY, 0@client-2EFB324ADA71, (t:2, i:2), METADATAENTRY(c:1), (t:2, i:3), STATEMACHINELOGENTRY, 999@client-AE8279CAF820, (t:2, i:4), METADATAENTRY(c:3)]
2022-11-08 19:12:07,011 [s2-server-thread1] INFO  server.RaftServer$Division (RaftServerImpl.java:checkInconsistentAppendEntries(1602)) - s2@group-EA982605F2E5: Failed appendEntries as previous log entry ((t:2, i:0)) is not found
2022-11-08 19:12:07,012 [s2-server-thread1] INFO  server.RaftServer$Division (RaftServerImpl.java:checkInconsistentAppendEntries(1572)) - s2@group-EA982605F2E5: inconsistency entries. Reply:s1<-s2#98:FAIL-t2,INCONSISTENCY,nextIndex=0,followerCommit=0,matchIndex=-1
2022-11-08 19:12:07,012 [grpc-default-executor-0] INFO  leader.FollowerInfo (FollowerInfoImpl.java:lambda$new$0(48)) - s1@group-EA982605F2E5->s2: nextIndex: updateUnconditionally 5 -> 0
2022-11-08 19:12:07,014 [s2-server-thread1] DEBUG server.RaftServer$Division (RaftServerImpl.java:logAppendEntries(1421)) - s2@group-EA982605F2E5: receive appendEntries(s1, 2, null, 4, true, commits:[s1:c4, s0:c4, s2:c0], cId:99, entries: [(t:2, i:0), CONFIGURATIONENTRY(current:id: "s0"
address: "localhost:34297"
dataStreamAddress: "localhost:43983"
clientAddress: "localhost:39609"
adminAddress: "localhost:37077"
startupRole: FOLLOWER
,id: "s1"
address: "localhost:38917"
dataStreamAddress: "localhost:45719"
clientAddress: "localhost:36975"
adminAddress: "localhost:40635"
startupRole: FOLLOWER
,id: "s2"
address: "localhost:35511"
dataStreamAddress: "localhost:38827"
clientAddress: "localhost:42865"
adminAddress: "localhost:36791"
startupRole: FOLLOWER
, old:), (t:2, i:1), STATEMACHINELOGENTRY, 0@client-2EFB324ADA71, (t:2, i:2), METADATAENTRY(c:1), (t:2, i:3), STATEMACHINELOGENTRY, 999@client-AE8279CAF820, (t:2, i:4), METADATAENTRY(c:3)]
2022-11-08 19:12:07,014 [s2-server-thread1] INFO  server.RaftServer$Division (RaftServerImpl.java:checkInconsistentAppendEntries(1592)) - s2@group-EA982605F2E5: Failed appendEntries as the first entry (index 0) already exists (snapshotIndex: -1, commitIndex: 0)
2022-11-08 19:12:07,015 [s2-server-thread1] INFO  server.RaftServer$Division (RaftServerImpl.java:checkInconsistentAppendEntries(1572)) - s2@group-EA982605F2E5: inconsistency entries. Reply:s1<-s2#99:FAIL-t2,INCONSISTENCY,nextIndex=1,followerCommit=0,matchIndex=-1
2022-11-08 19:12:07,015 [grpc-default-executor-0] INFO  leader.FollowerInfo (FollowerInfoImpl.java:lambda$new$0(48)) - s1@group-EA982605F2E5->s2: nextIndex: updateUnconditionally 5 -> 1
2022-11-08 19:12:07,022 [s2-server-thread1] DEBUG server.RaftServer$Division (RaftServerImpl.java:logAppendEntries(1421)) - s2@group-EA982605F2E5: receive appendEntries(s1, 2, (t:2, i:0), 4, true, commits:[s1:c4, s0:c4, s2:c0], cId:100, entries: [(t:2, i:1), STATEMACHINELOGENTRY, 0@client-2EFB324ADA71, (t:2, i:2), METADATAENTRY(c:1), (t:2, i:3), STATEMACHINELOGENTRY, 999@client-AE8279CAF820, (t:2, i:4), METADATAENTRY(c:3)]
2022-11-08 19:12:07,022 [s2-server-thread1] INFO  server.RaftServer$Division (RaftServerImpl.java:checkInconsistentAppendEntries(1602)) - s2@group-EA982605F2E5: Failed appendEntries as previous log entry ((t:2, i:0)) is not found
2022-11-08 19:12:07,022 [s2-server-thread1] INFO  server.RaftServer$Division (RaftServerImpl.java:checkInconsistentAppendEntries(1572)) - s2@group-EA982605F2E5: inconsistency entries. Reply:s1<-s2#100:FAIL-t2,INCONSISTENCY,nextIndex=0,followerCommit=0,matchIndex=-1
2022-11-08 19:12:07,026 [grpc-default-executor-0] INFO  leader.FollowerInfo (FollowerInfoImpl.java:lambda$new$0(48)) - s1@group-EA982605F2E5->s2: nextIndex: updateUnconditionally 5 -> 0
2022-11-08 19:12:07,029 [s2-server-thread1] DEBUG server.RaftServer$Division (RaftServerImpl.java:logAppendEntries(1421)) - s2@group-EA982605F2E5: receive appendEntries(s1, 2, null, 4, true, commits:[s1:c4, s0:c4, s2:c0], cId:101, entries: [(t:2, i:0), CONFIGURATIONENTRY(current:id: "s0"
address: "localhost:34297"
dataStreamAddress: "localhost:43983"
clientAddress: "localhost:39609"
adminAddress: "localhost:37077"
startupRole: FOLLOWER
,id: "s1"
address: "localhost:38917"
dataStreamAddress: "localhost:45719"
clientAddress: "localhost:36975"
adminAddress: "localhost:40635"
startupRole: FOLLOWER
,id: "s2"
address: "localhost:35511"
dataStreamAddress: "localhost:38827"
clientAddress: "localhost:42865"
adminAddress: "localhost:36791"
startupRole: FOLLOWER
, old:), (t:2, i:1), STATEMACHINELOGENTRY, 0@client-2EFB324ADA71, (t:2, i:2), METADATAENTRY(c:1), (t:2, i:3), STATEMACHINELOGENTRY, 999@client-AE8279CAF820, (t:2, i:4), METADATAENTRY(c:3)]
2022-11-08 19:12:07,029 [s2-server-thread1] INFO  server.RaftServer$Division (RaftServerImpl.java:checkInconsistentAppendEntries(1592)) - s2@group-EA982605F2E5: Failed appendEntries as the first entry (index 0) already exists (snapshotIndex: -1, commitIndex: 0)
2022-11-08 19:12:07,029 [s2-server-thread1] INFO  server.RaftServer$Division (RaftServerImpl.java:checkInconsistentAppendEntries(1572)) - s2@group-EA982605F2E5: inconsistency entries. Reply:s1<-s2#101:FAIL-t2,INCONSISTENCY,nextIndex=1,followerCommit=0,matchIndex=-1
2022-11-08 19:12:07,030 [grpc-default-executor-0] INFO  leader.FollowerInfo (FollowerInfoImpl.java:lambda$new$0(48)) - s1@group-EA982605F2E5->s2: nextIndex: updateUnconditionally 5 -> 1
2022-11-08 19:12:07,032 [s2-server-thread1] DEBUG server.RaftServer$Division (RaftServerImpl.java:logAppendEntries(1421)) - s2@group-EA982605F2E5: receive appendEntries(s1, 2, (t:2, i:0), 4, true, commits:[s1:c4, s0:c4, s2:c0], cId:102, entries: [(t:2, i:1), STATEMACHINELOGENTRY, 0@client-2EFB324ADA71, (t:2, i:2), METADATAENTRY(c:1), (t:2, i:3), STATEMACHINELOGENTRY, 999@client-AE8279CAF820, (t:2, i:4), METADATAENTRY(c:3)]
2022-11-08 19:12:07,032 [s2-server-thread1] INFO  server.RaftServer$Division (RaftServerImpl.java:checkInconsistentAppendEntries(1602)) - s2@group-EA982605F2E5: Failed appendEntries as previous log entry ((t:2, i:0)) is not found
2022-11-08 19:12:07,032 [s2-server-thread1] INFO  server.RaftServer$Division (RaftServerImpl.java:checkInconsistentAppendEntries(1572)) - s2@group-EA982605F2E5: inconsistency entries. Reply:s1<-s2#102:FAIL-t2,INCONSISTENCY,nextIndex=0,followerCommit=0,matchIndex=-1
2022-11-08 19:12:07,033 [grpc-default-executor-0] INFO  leader.FollowerInfo (FollowerInfoImpl.java:lambda$new$0(48)) - s1@group-EA982605F2E5->s2: nextIndex: updateUnconditionally 5 -> 0
2022-11-08 19:12:07,035 [s2-server-thread1] DEBUG server.RaftServer$Division (RaftServerImpl.java:logAppendEntries(1421)) - s2@group-EA982605F2E5: receive appendEntries(s1, 2, null, 4, true, commits:[s1:c4, s0:c4, s2:c0], cId:103, entries: [(t:2, i:0), CONFIGURATIONENTRY(current:id: "s0"
address: "localhost:34297"
dataStreamAddress: "localhost:43983"
clientAddress: "localhost:39609"
adminAddress: "localhost:37077"
startupRole: FOLLOWER
,id: "s1"
address: "localhost:38917"
dataStreamAddress: "localhost:45719"
clientAddress: "localhost:36975"
adminAddress: "localhost:40635"
startupRole: FOLLOWER
,id: "s2"
address: "localhost:35511"
dataStreamAddress: "localhost:38827"
clientAddress: "localhost:42865"
adminAddress: "localhost:36791"
startupRole: FOLLOWER
, old:), (t:2, i:1), STATEMACHINELOGENTRY, 0@client-2EFB324ADA71, (t:2, i:2), METADATAENTRY(c:1), (t:2, i:3), STATEMACHINELOGENTRY, 999@client-AE8279CAF820, (t:2, i:4), METADATAENTRY(c:3)]
2022-11-08 19:12:07,036 [s2-server-thread1] INFO  server.RaftServer$Division (RaftServerImpl.java:checkInconsistentAppendEntries(1592)) - s2@group-EA982605F2E5: Failed appendEntries as the first entry (index 0) already exists (snapshotIndex: -1, commitIndex: 0)
2022-11-08 19:12:07,037 [s2-server-thread1] INFO  server.RaftServer$Division (RaftServerImpl.java:checkInconsistentAppendEntries(1572)) - s2@group-EA982605F2E5: inconsistency entries. Reply:s1<-s2#103:FAIL-t2,INCONSISTENCY,nextIndex=1,followerCommit=0,matchIndex=-1
2022-11-08 19:12:07,038 [grpc-default-executor-3] INFO  leader.FollowerInfo (FollowerInfoImpl.java:lambda$new$0(48)) - s1@group-EA982605F2E5->s2: nextIndex: updateUnconditionally 5 -> 1
2022-11-08 19:12:07,040 [s2-server-thread1] DEBUG server.RaftServer$Division (RaftServerImpl.java:logAppendEntries(1421)) - s2@group-EA982605F2E5: receive appendEntries(s1, 2, (t:2, i:0), 4, true, commits:[s1:c4, s0:c4, s2:c0], cId:104, entries: [(t:2, i:1), STATEMACHINELOGENTRY, 0@client-2EFB324ADA71, (t:2, i:2), METADATAENTRY(c:1), (t:2, i:3), STATEMACHINELOGENTRY, 999@client-AE8279CAF820, (t:2, i:4), METADATAENTRY(c:3)]
2022-11-08 19:12:07,041 [s2-server-thread1] INFO  server.RaftServer$Division (RaftServerImpl.java:checkInconsistentAppendEntries(1602)) - s2@group-EA982605F2E5: Failed appendEntries as previous log entry ((t:2, i:0)) is not found
2022-11-08 19:12:07,041 [s2-server-thread1] INFO  server.RaftServer$Division (RaftServerImpl.java:checkInconsistentAppendEntries(1572)) - s2@group-EA982605F2E5: inconsistency entries. Reply:s1<-s2#104:FAIL-t2,INCONSISTENCY,nextIndex=0,followerCommit=0,matchIndex=-1
2022-11-08 19:12:07,041 [grpc-default-executor-0] INFO  leader.FollowerInfo (FollowerInfoImpl.java:lambda$new$0(48)) - s1@group-EA982605F2E5->s2: nextIndex: updateUnconditionally 5 -> 0
2022-11-08 19:12:07,043 [s2-server-thread1] DEBUG server.RaftServer$Division (RaftServerImpl.java:logAppendEntries(1421)) - s2@group-EA982605F2E5: receive appendEntries(s1, 2, null, 4, true, commits:[s1:c4, s0:c4, s2:c0], cId:105, entries: [(t:2, i:0), CONFIGURATIONENTRY(current:id: "s0"
address: "localhost:34297"
dataStreamAddress: "localhost:43983"
clientAddress: "localhost:39609"
adminAddress: "localhost:37077"
startupRole: FOLLOWER
,id: "s1"
address: "localhost:38917"
dataStreamAddress: "localhost:45719"
clientAddress: "localhost:36975"
adminAddress: "localhost:40635"
startupRole: FOLLOWER
,id: "s2"
address: "localhost:35511"
dataStreamAddress: "localhost:38827"
clientAddress: "localhost:42865"
adminAddress: "localhost:36791"
startupRole: FOLLOWER
, old:), (t:2, i:1), STATEMACHINELOGENTRY, 0@client-2EFB324ADA71, (t:2, i:2), METADATAENTRY(c:1), (t:2, i:3), STATEMACHINELOGENTRY, 999@client-AE8279CAF820, (t:2, i:4), METADATAENTRY(c:3)]
2022-11-08 19:12:07,043 [s2-server-thread1] INFO  server.RaftServer$Division (RaftServerImpl.java:checkInconsistentAppendEntries(1592)) - s2@group-EA982605F2E5: Failed appendEntries as the first entry (index 0) already exists (snapshotIndex: -1, commitIndex: 0)
2022-11-08 19:12:07,044 [s2-server-thread1] INFO  server.RaftServer$Division (RaftServerImpl.java:checkInconsistentAppendEntries(1572)) - s2@group-EA982605F2E5: inconsistency entries. Reply:s1<-s2#105:FAIL-t2,INCONSISTENCY,nextIndex=1,followerCommit=0,matchIndex=-1
2022-11-08 19:12:07,044 [grpc-default-executor-0] INFO  leader.FollowerInfo (FollowerInfoImpl.java:lambda$new$0(48)) - s1@group-EA982605F2E5->s2: nextIndex: updateUnconditionally 5 -> 1
2022-11-08 19:12:07,046 [s2-server-thread1] DEBUG server.RaftServer$Division (RaftServerImpl.java:logAppendEntries(1421)) - s2@group-EA982605F2E5: receive appendEntries(s1, 2, (t:2, i:0), 4, true, commits:[s1:c4, s0:c4, s2:c0], cId:106, entries: [(t:2, i:1), STATEMACHINELOGENTRY, 0@client-2EFB324ADA71, (t:2, i:2), METADATAENTRY(c:1), (t:2, i:3), STATEMACHINELOGENTRY, 999@client-AE8279CAF820, (t:2, i:4), METADATAENTRY(c:3)]
2022-11-08 19:12:07,046 [s2-server-thread1] INFO  server.RaftServer$Division (RaftServerImpl.java:checkInconsistentAppendEntries(1602)) - s2@group-EA982605F2E5: Failed appendEntries as previous log entry ((t:2, i:0)) is not found
2022-11-08 19:12:07,046 [s2-server-thread1] INFO  server.RaftServer$Division (RaftServerImpl.java:checkInconsistentAppendEntries(1572)) - s2@group-EA982605F2E5: inconsistency entries. Reply:s1<-s2#106:FAIL-t2,INCONSISTENCY,nextIndex=0,followerCommit=0,matchIndex=-1
2022-11-08 19:12:07,047 [grpc-default-executor-0] INFO  leader.FollowerInfo (FollowerInfoImpl.java:lambda$new$0(48)) - s1@group-EA982605F2E5->s2: nextIndex: updateUnconditionally 5 -> 0
2022-11-08 19:12:07,049 [s2-server-thread1] DEBUG server.RaftServer$Division (RaftServerImpl.java:logAppendEntries(1421)) - s2@group-EA982605F2E5: receive appendEntries(s1, 2, null, 4, true, commits:[s1:c4, s0:c4, s2:c0], cId:107, entries: [(t:2, i:0), CONFIGURATIONENTRY(current:id: "s0"
address: "localhost:34297"
dataStreamAddress: "localhost:43983"
clientAddress: "localhost:39609"
adminAddress: "localhost:37077"
startupRole: FOLLOWER
,id: "s1"
address: "localhost:38917"
dataStreamAddress: "localhost:45719"
clientAddress: "localhost:36975"
adminAddress: "localhost:40635"
startupRole: FOLLOWER
,id: "s2"
address: "localhost:35511"
dataStreamAddress: "localhost:38827"
clientAddress: "localhost:42865"
adminAddress: "localhost:36791"
startupRole: FOLLOWER
, old:), (t:2, i:1), STATEMACHINELOGENTRY, 0@client-2EFB324ADA71, (t:2, i:2), METADATAENTRY(c:1), (t:2, i:3), STATEMACHINELOGENTRY, 999@client-AE8279CAF820, (t:2, i:4), METADATAENTRY(c:3)]
2022-11-08 19:12:07,049 [s2-server-thread1] INFO  server.RaftServer$Division (RaftServerImpl.java:checkInconsistentAppendEntries(1592)) - s2@group-EA982605F2E5: Failed appendEntries as the first entry (index 0) already exists (snapshotIndex: -1, commitIndex: 0)
2022-11-08 19:12:07,049 [s2-server-thread1] INFO  server.RaftServer$Division (RaftServerImpl.java:checkInconsistentAppendEntries(1572)) - s2@group-EA982605F2E5: inconsistency entries. Reply:s1<-s2#107:FAIL-t2,INCONSISTENCY,nextIndex=1,followerCommit=0,matchIndex=-1
2022-11-08 19:12:07,050 [grpc-default-executor-0] INFO  leader.FollowerInfo (FollowerInfoImpl.java:lambda$new$0(48)) - s1@group-EA982605F2E5->s2: nextIndex: updateUnconditionally 5 -> 1
2022-11-08 19:12:07,051 [s2-server-thread1] DEBUG server.RaftServer$Division (RaftServerImpl.java:logAppendEntries(1421)) - s2@group-EA982605F2E5: receive appendEntries(s1, 2, (t:2, i:0), 4, true, commits:[s1:c4, s0:c4, s2:c0], cId:108, entries: [(t:2, i:1), STATEMACHINELOGENTRY, 0@client-2EFB324ADA71, (t:2, i:2), METADATAENTRY(c:1), (t:2, i:3), STATEMACHINELOGENTRY, 999@client-AE8279CAF820, (t:2, i:4), METADATAENTRY(c:3)]
2022-11-08 19:12:07,052 [s2-server-thread1] INFO  server.RaftServer$Division (RaftServerImpl.java:checkInconsistentAppendEntries(1602)) - s2@group-EA982605F2E5: Failed appendEntries as previous log entry ((t:2, i:0)) is not found
2022-11-08 19:12:07,052 [s2-server-thread1] INFO  server.RaftServer$Division (RaftServerImpl.java:checkInconsistentAppendEntries(1572)) - s2@group-EA982605F2E5: inconsistency entries. Reply:s1<-s2#108:FAIL-t2,INCONSISTENCY,nextIndex=0,followerCommit=0,matchIndex=-1
2022-11-08 19:12:07,053 [grpc-default-executor-0] INFO  leader.FollowerInfo (FollowerInfoImpl.java:lambda$new$0(48)) - s1@group-EA982605F2E5->s2: nextIndex: updateUnconditionally 5 -> 0
2022-11-08 19:12:07,054 [s2-server-thread1] DEBUG server.RaftServer$Division (RaftServerImpl.java:logAppendEntries(1421)) - s2@group-EA982605F2E5: receive appendEntries(s1, 2, null, 4, true, commits:[s1:c4, s0:c4, s2:c0], cId:109, entries: [(t:2, i:0), CONFIGURATIONENTRY(current:id: "s0"
address: "localhost:34297"
dataStreamAddress: "localhost:43983"
clientAddress: "localhost:39609"
adminAddress: "localhost:37077"
startupRole: FOLLOWER
,id: "s1"
address: "localhost:38917"
dataStreamAddress: "localhost:45719"
clientAddress: "localhost:36975"
adminAddress: "localhost:40635"
startupRole: FOLLOWER
,id: "s2"
address: "localhost:35511"
dataStreamAddress: "localhost:38827"
clientAddress: "localhost:42865"
adminAddress: "localhost:36791"
startupRole: FOLLOWER
, old:), (t:2, i:1), STATEMACHINELOGENTRY, 0@client-2EFB324ADA71, (t:2, i:2), METADATAENTRY(c:1), (t:2, i:3), STATEMACHINELOGENTRY, 999@client-AE8279CAF820, (t:2, i:4), METADATAENTRY(c:3)]
2022-11-08 19:12:07,055 [s2-server-thread1] INFO  server.RaftServer$Division (RaftServerImpl.java:checkInconsistentAppendEntries(1592)) - s2@group-EA982605F2E5: Failed appendEntries as the first entry (index 0) already exists (snapshotIndex: -1, commitIndex: 0)
2022-11-08 19:12:07,055 [s2-server-thread1] INFO  server.RaftServer$Division (RaftServerImpl.java:checkInconsistentAppendEntries(1572)) - s2@group-EA982605F2E5: inconsistency entries. Reply:s1<-s2#109:FAIL-t2,INCONSISTENCY,nextIndex=1,followerCommit=0,matchIndex=-1
2022-11-08 19:12:07,056 [grpc-default-executor-0] INFO  leader.FollowerInfo (FollowerInfoImpl.java:lambda$new$0(48)) - s1@group-EA982605F2E5->s2: nextIndex: updateUnconditionally 5 -> 1
2022-11-08 19:12:07,057 [s2-server-thread1] DEBUG server.RaftServer$Division (RaftServerImpl.java:logAppendEntries(1421)) - s2@group-EA982605F2E5: receive appendEntries(s1, 2, (t:2, i:0), 4, true, commits:[s1:c4, s0:c4, s2:c0], cId:110, entries: [(t:2, i:1), STATEMACHINELOGENTRY, 0@client-2EFB324ADA71, (t:2, i:2), METADATAENTRY(c:1), (t:2, i:3), STATEMACHINELOGENTRY, 999@client-AE8279CAF820, (t:2, i:4), METADATAENTRY(c:3)]
2022-11-08 19:12:07,057 [s2-server-thread1] INFO  server.RaftServer$Division (RaftServerImpl.java:checkInconsistentAppendEntries(1602)) - s2@group-EA982605F2E5: Failed appendEntries as previous log entry ((t:2, i:0)) is not found
2022-11-08 19:12:07,057 [s2-server-thread1] INFO  server.RaftServer$Division (RaftServerImpl.java:checkInconsistentAppendEntries(1572)) - s2@group-EA982605F2E5: inconsistency entries. Reply:s1<-s2#110:FAIL-t2,INCONSISTENCY,nextIndex=0,followerCommit=0,matchIndex=-1
2022-11-08 19:12:07,058 [grpc-default-executor-0] INFO  leader.FollowerInfo (FollowerInfoImpl.java:lambda$new$0(48)) - s1@group-EA982605F2E5->s2: nextIndex: updateUnconditionally 5 -> 0
2022-11-08 19:12:07,060 [s2-server-thread1] DEBUG server.RaftServer$Division (RaftServerImpl.java:logAppendEntries(1421)) - s2@group-EA982605F2E5: receive appendEntries(s1, 2, null, 4, true, commits:[s1:c4, s0:c4, s2:c0], cId:111, entries: [(t:2, i:0), CONFIGURATIONENTRY(current:id: "s0"
address: "localhost:34297"
dataStreamAddress: "localhost:43983"
clientAddress: "localhost:39609"
adminAddress: "localhost:37077"
startupRole: FOLLOWER
,id: "s1"
address: "localhost:38917"
dataStreamAddress: "localhost:45719"
clientAddress: "localhost:36975"
adminAddress: "localhost:40635"
startupRole: FOLLOWER
,id: "s2"
address: "localhost:35511"
dataStreamAddress: "localhost:38827"
clientAddress: "localhost:42865"
adminAddress: "localhost:36791"
startupRole: FOLLOWER
, old:), (t:2, i:1), STATEMACHINELOGENTRY, 0@client-2EFB324ADA71, (t:2, i:2), METADATAENTRY(c:1), (t:2, i:3), STATEMACHINELOGENTRY, 999@client-AE8279CAF820, (t:2, i:4), METADATAENTRY(c:3)]
2022-11-08 19:12:07,060 [s2-server-thread1] INFO  server.RaftServer$Division (RaftServerImpl.java:checkInconsistentAppendEntries(1592)) - s2@group-EA982605F2E5: Failed appendEntries as the first entry (index 0) already exists (snapshotIndex: -1, commitIndex: 0)
2022-11-08 19:12:07,060 [s2-server-thread1] INFO  server.RaftServer$Division (RaftServerImpl.java:checkInconsistentAppendEntries(1572)) - s2@group-EA982605F2E5: inconsistency entries. Reply:s1<-s2#111:FAIL-t2,INCONSISTENCY,nextIndex=1,followerCommit=0,matchIndex=-1
2022-11-08 19:12:07,061 [grpc-default-executor-0] INFO  leader.FollowerInfo (FollowerInfoImpl.java:lambda$new$0(48)) - s1@group-EA982605F2E5->s2: nextIndex: updateUnconditionally 5 -> 1
2022-11-08 19:12:07,062 [s2-server-thread1] DEBUG server.RaftServer$Division (RaftServerImpl.java:logAppendEntries(1421)) - s2@group-EA982605F2E5: receive appendEntries(s1, 2, (t:2, i:0), 4, true, commits:[s1:c4, s0:c4, s2:c0], cId:112, entries: [(t:2, i:1), STATEMACHINELOGENTRY, 0@client-2EFB324ADA71, (t:2, i:2), METADATAENTRY(c:1), (t:2, i:3), STATEMACHINELOGENTRY, 999@client-AE8279CAF820, (t:2, i:4), METADATAENTRY(c:3)]
2022-11-08 19:12:07,062 [s2-server-thread1] INFO  server.RaftServer$Division (RaftServerImpl.java:checkInconsistentAppendEntries(1602)) - s2@group-EA982605F2E5: Failed appendEntries as previous log entry ((t:2, i:0)) is not found
2022-11-08 19:12:07,062 [s2-server-thread1] INFO  server.RaftServer$Division (RaftServerImpl.java:checkInconsistentAppendEntries(1572)) - s2@group-EA982605F2E5: inconsistency entries. Reply:s1<-s2#112:FAIL-t2,INCONSISTENCY,nextIndex=0,followerCommit=0,matchIndex=-1
2022-11-08 19:12:07,063 [grpc-default-executor-0] INFO  leader.FollowerInfo (FollowerInfoImpl.java:lambda$new$0(48)) - s1@group-EA982605F2E5->s2: nextIndex: updateUnconditionally 5 -> 0
2022-11-08 19:12:07,065 [s2-server-thread1] DEBUG server.RaftServer$Division (RaftServerImpl.java:logAppendEntries(1421)) - s2@group-EA982605F2E5: receive appendEntries(s1, 2, null, 4, true, commits:[s1:c4, s0:c4, s2:c0], cId:113, entries: [(t:2, i:0), CONFIGURATIONENTRY(current:id: "s0"
address: "localhost:34297"
dataStreamAddress: "localhost:43983"
clientAddress: "localhost:39609"
adminAddress: "localhost:37077"
startupRole: FOLLOWER
,id: "s1"
address: "localhost:38917"
dataStreamAddress: "localhost:45719"
clientAddress: "localhost:36975"
adminAddress: "localhost:40635"
startupRole: FOLLOWER
,id: "s2"
address: "localhost:35511"
dataStreamAddress: "localhost:38827"
clientAddress: "localhost:42865"
adminAddress: "localhost:36791"
startupRole: FOLLOWER
, old:), (t:2, i:1), STATEMACHINELOGENTRY, 0@client-2EFB324ADA71, (t:2, i:2), METADATAENTRY(c:1), (t:2, i:3), STATEMACHINELOGENTRY, 999@client-AE8279CAF820, (t:2, i:4), METADATAENTRY(c:3)]
2022-11-08 19:12:07,065 [s2-server-thread1] INFO  server.RaftServer$Division (RaftServerImpl.java:checkInconsistentAppendEntries(1592)) - s2@group-EA982605F2E5: Failed appendEntries as the first entry (index 0) already exists (snapshotIndex: -1, commitIndex: 0)
2022-11-08 19:12:07,065 [s2-server-thread1] INFO  server.RaftServer$Division (RaftServerImpl.java:checkInconsistentAppendEntries(1572)) - s2@group-EA982605F2E5: inconsistency entries. Reply:s1<-s2#113:FAIL-t2,INCONSISTENCY,nextIndex=1,followerCommit=0,matchIndex=-1
2022-11-08 19:12:07,066 [grpc-default-executor-0] INFO  leader.FollowerInfo (FollowerInfoImpl.java:lambda$new$0(48)) - s1@group-EA982605F2E5->s2: nextIndex: updateUnconditionally 5 -> 1
2022-11-08 19:12:07,067 [s2-server-thread1] DEBUG server.RaftServer$Division (RaftServerImpl.java:logAppendEntries(1421)) - s2@group-EA982605F2E5: receive appendEntries(s1, 2, (t:2, i:0), 4, true, commits:[s1:c4, s0:c4, s2:c0], cId:114, entries: [(t:2, i:1), STATEMACHINELOGENTRY, 0@client-2EFB324ADA71, (t:2, i:2), METADATAENTRY(c:1), (t:2, i:3), STATEMACHINELOGENTRY, 999@client-AE8279CAF820, (t:2, i:4), METADATAENTRY(c:3)]
2022-11-08 19:12:07,068 [s2-server-thread1] INFO  server.RaftServer$Division (RaftServerImpl.java:checkInconsistentAppendEntries(1602)) - s2@group-EA982605F2E5: Failed appendEntries as previous log entry ((t:2, i:0)) is not found
2022-11-08 19:12:07,068 [s2-server-thread1] INFO  server.RaftServer$Division (RaftServerImpl.java:checkInconsistentAppendEntries(1572)) - s2@group-EA982605F2E5: inconsistency entries. Reply:s1<-s2#114:FAIL-t2,INCONSISTENCY,nextIndex=0,followerCommit=0,matchIndex=-1
2022-11-08 19:12:07,068 [grpc-default-executor-0] INFO  leader.FollowerInfo (FollowerInfoImpl.java:lambda$new$0(48)) - s1@group-EA982605F2E5->s2: nextIndex: updateUnconditionally 5 -> 0
2022-11-08 19:12:07,070 [s2-server-thread1] DEBUG server.RaftServer$Division (RaftServerImpl.java:logAppendEntries(1421)) - s2@group-EA982605F2E5: receive appendEntries(s1, 2, null, 4, true, commits:[s1:c4, s0:c4, s2:c0], cId:115, entries: [(t:2, i:0), CONFIGURATIONENTRY(current:id: "s0"
address: "localhost:34297"
dataStreamAddress: "localhost:43983"
clientAddress: "localhost:39609"
adminAddress: "localhost:37077"
startupRole: FOLLOWER
,id: "s1"
address: "localhost:38917"
dataStreamAddress: "localhost:45719"
clientAddress: "localhost:36975"
adminAddress: "localhost:40635"
startupRole: FOLLOWER
,id: "s2"
address: "localhost:35511"
dataStreamAddress: "localhost:38827"
clientAddress: "localhost:42865"
adminAddress: "localhost:36791"
startupRole: FOLLOWER
, old:), (t:2, i:1), STATEMACHINELOGENTRY, 0@client-2EFB324ADA71, (t:2, i:2), METADATAENTRY(c:1), (t:2, i:3), STATEMACHINELOGENTRY, 999@client-AE8279CAF820, (t:2, i:4), METADATAENTRY(c:3)]
2022-11-08 19:12:07,070 [s2-server-thread1] INFO  server.RaftServer$Division (RaftServerImpl.java:checkInconsistentAppendEntries(1592)) - s2@group-EA982605F2E5: Failed appendEntries as the first entry (index 0) already exists (snapshotIndex: -1, commitIndex: 0)
2022-11-08 19:12:07,070 [s2-server-thread1] INFO  server.RaftServer$Division (RaftServerImpl.java:checkInconsistentAppendEntries(1572)) - s2@group-EA982605F2E5: inconsistency entries. Reply:s1<-s2#115:FAIL-t2,INCONSISTENCY,nextIndex=1,followerCommit=0,matchIndex=-1
2022-11-08 19:12:07,071 [grpc-default-executor-0] INFO  leader.FollowerInfo (FollowerInfoImpl.java:lambda$new$0(48)) - s1@group-EA982605F2E5->s2: nextIndex: updateUnconditionally 5 -> 1
2022-11-08 19:12:07,072 [s2-server-thread1] DEBUG server.RaftServer$Division (RaftServerImpl.java:logAppendEntries(1421)) - s2@group-EA982605F2E5: receive appendEntries(s1, 2, (t:2, i:0), 4, true, commits:[s1:c4, s0:c4, s2:c0], cId:116, entries: [(t:2, i:1), STATEMACHINELOGENTRY, 0@client-2EFB324ADA71, (t:2, i:2), METADATAENTRY(c:1), (t:2, i:3), STATEMACHINELOGENTRY, 999@client-AE8279CAF820, (t:2, i:4), METADATAENTRY(c:3)]
2022-11-08 19:12:07,073 [s2-server-thread1] INFO  server.RaftServer$Division (RaftServerImpl.java:checkInconsistentAppendEntries(1602)) - s2@group-EA982605F2E5: Failed appendEntries as previous log entry ((t:2, i:0)) is not found
2022-11-08 19:12:07,073 [s2-server-thread1] INFO  server.RaftServer$Division (RaftServerImpl.java:checkInconsistentAppendEntries(1572)) - s2@group-EA982605F2E5: inconsistency entries. Reply:s1<-s2#116:FAIL-t2,INCONSISTENCY,nextIndex=0,followerCommit=0,matchIndex=-1
2022-11-08 19:12:07,073 [grpc-default-executor-0] INFO  leader.FollowerInfo (FollowerInfoImpl.java:lambda$new$0(48)) - s1@group-EA982605F2E5->s2: nextIndex: updateUnconditionally 5 -> 0
2022-11-08 19:12:07,075 [s2-server-thread1] DEBUG server.RaftServer$Division (RaftServerImpl.java:logAppendEntries(1421)) - s2@group-EA982605F2E5: receive appendEntries(s1, 2, null, 4, true, commits:[s1:c4, s0:c4, s2:c0], cId:117, entries: [(t:2, i:0), CONFIGURATIONENTRY(current:id: "s0"
address: "localhost:34297"
dataStreamAddress: "localhost:43983"
clientAddress: "localhost:39609"
adminAddress: "localhost:37077"
startupRole: FOLLOWER
,id: "s1"
address: "localhost:38917"
dataStreamAddress: "localhost:45719"
clientAddress: "localhost:36975"
adminAddress: "localhost:40635"
startupRole: FOLLOWER
,id: "s2"
address: "localhost:35511"
dataStreamAddress: "localhost:38827"
clientAddress: "localhost:42865"
adminAddress: "localhost:36791"
startupRole: FOLLOWER
, old:), (t:2, i:1), STATEMACHINELOGENTRY, 0@client-2EFB324ADA71, (t:2, i:2), METADATAENTRY(c:1), (t:2, i:3), STATEMACHINELOGENTRY, 999@client-AE8279CAF820, (t:2, i:4), METADATAENTRY(c:3)]
2022-11-08 19:12:07,075 [s2-server-thread1] INFO  server.RaftServer$Division (RaftServerImpl.java:checkInconsistentAppendEntries(1592)) - s2@group-EA982605F2E5: Failed appendEntries as the first entry (index 0) already exists (snapshotIndex: -1, commitIndex: 0)
2022-11-08 19:12:07,075 [s2-server-thread1] INFO  server.RaftServer$Division (RaftServerImpl.java:checkInconsistentAppendEntries(1572)) - s2@group-EA982605F2E5: inconsistency entries. Reply:s1<-s2#117:FAIL-t2,INCONSISTENCY,nextIndex=1,followerCommit=0,matchIndex=-1
2022-11-08 19:12:07,076 [grpc-default-executor-0] INFO  leader.FollowerInfo (FollowerInfoImpl.java:lambda$new$0(48)) - s1@group-EA982605F2E5->s2: nextIndex: updateUnconditionally 5 -> 1
2022-11-08 19:12:07,077 [s2-server-thread1] DEBUG server.RaftServer$Division (RaftServerImpl.java:logAppendEntries(1421)) - s2@group-EA982605F2E5: receive appendEntries(s1, 2, (t:2, i:0), 4, true, commits:[s1:c4, s0:c4, s2:c0], cId:118, entries: [(t:2, i:1), STATEMACHINELOGENTRY, 0@client-2EFB324ADA71, (t:2, i:2), METADATAENTRY(c:1), (t:2, i:3), STATEMACHINELOGENTRY, 999@client-AE8279CAF820, (t:2, i:4), METADATAENTRY(c:3)]
2022-11-08 19:12:07,078 [s2-server-thread1] INFO  server.RaftServer$Division (RaftServerImpl.java:checkInconsistentAppendEntries(1602)) - s2@group-EA982605F2E5: Failed appendEntries as previous log entry ((t:2, i:0)) is not found
2022-11-08 19:12:07,078 [s2-server-thread1] INFO  server.RaftServer$Division (RaftServerImpl.java:checkInconsistentAppendEntries(1572)) - s2@group-EA982605F2E5: inconsistency entries. Reply:s1<-s2#118:FAIL-t2,INCONSISTENCY,nextIndex=0,followerCommit=0,matchIndex=-1
2022-11-08 19:12:07,078 [grpc-default-executor-0] INFO  leader.FollowerInfo (FollowerInfoImpl.java:lambda$new$0(48)) - s1@group-EA982605F2E5->s2: nextIndex: updateUnconditionally 5 -> 0
2022-11-08 19:12:07,080 [s2-server-thread1] DEBUG server.RaftServer$Division (RaftServerImpl.java:logAppendEntries(1421)) - s2@group-EA982605F2E5: receive appendEntries(s1, 2, null, 4, true, commits:[s1:c4, s0:c4, s2:c0], cId:119, entries: [(t:2, i:0), CONFIGURATIONENTRY(current:id: "s0"
address: "localhost:34297"
dataStreamAddress: "localhost:43983"
clientAddress: "localhost:39609"
adminAddress: "localhost:37077"
startupRole: FOLLOWER
,id: "s1"
address: "localhost:38917"
dataStreamAddress: "localhost:45719"
clientAddress: "localhost:36975"
adminAddress: "localhost:40635"
startupRole: FOLLOWER
,id: "s2"
address: "localhost:35511"
dataStreamAddress: "localhost:38827"
clientAddress: "localhost:42865"
adminAddress: "localhost:36791"
startupRole: FOLLOWER
, old:), (t:2, i:1), STATEMACHINELOGENTRY, 0@client-2EFB324ADA71, (t:2, i:2), METADATAENTRY(c:1), (t:2, i:3), STATEMACHINELOGENTRY, 999@client-AE8279CAF820, (t:2, i:4), METADATAENTRY(c:3)]
2022-11-08 19:12:07,081 [s2-server-thread1] INFO  server.RaftServer$Division (RaftServerImpl.java:checkInconsistentAppendEntries(1592)) - s2@group-EA982605F2E5: Failed appendEntries as the first entry (index 0) already exists (snapshotIndex: -1, commitIndex: 0)
2022-11-08 19:12:07,081 [s2-server-thread1] INFO  server.RaftServer$Division (RaftServerImpl.java:checkInconsistentAppendEntries(1572)) - s2@group-EA982605F2E5: inconsistency entries. Reply:s1<-s2#119:FAIL-t2,INCONSISTENCY,nextIndex=1,followerCommit=0,matchIndex=-1
2022-11-08 19:12:07,081 [grpc-default-executor-0] INFO  leader.FollowerInfo (FollowerInfoImpl.java:lambda$new$0(48)) - s1@group-EA982605F2E5->s2: nextIndex: updateUnconditionally 5 -> 1
2022-11-08 19:12:07,083 [s2-server-thread1] DEBUG server.RaftServer$Division (RaftServerImpl.java:logAppendEntries(1421)) - s2@group-EA982605F2E5: receive appendEntries(s1, 2, (t:2, i:0), 4, true, commits:[s1:c4, s0:c4, s2:c0], cId:120, entries: [(t:2, i:1), STATEMACHINELOGENTRY, 0@client-2EFB324ADA71, (t:2, i:2), METADATAENTRY(c:1), (t:2, i:3), STATEMACHINELOGENTRY, 999@client-AE8279CAF820, (t:2, i:4), METADATAENTRY(c:3)]
2022-11-08 19:12:07,083 [s2-server-thread1] INFO  server.RaftServer$Division (RaftServerImpl.java:checkInconsistentAppendEntries(1602)) - s2@group-EA982605F2E5: Failed appendEntries as previous log entry ((t:2, i:0)) is not found
2022-11-08 19:12:07,083 [s2-server-thread1] INFO  server.RaftServer$Division (RaftServerImpl.java:checkInconsistentAppendEntries(1572)) - s2@group-EA982605F2E5: inconsistency entries. Reply:s1<-s2#120:FAIL-t2,INCONSISTENCY,nextIndex=0,followerCommit=0,matchIndex=-1
2022-11-08 19:12:07,084 [grpc-default-executor-0] INFO  leader.FollowerInfo (FollowerInfoImpl.java:lambda$new$0(48)) - s1@group-EA982605F2E5->s2: nextIndex: updateUnconditionally 5 -> 0
2022-11-08 19:12:07,085 [s2-server-thread1] DEBUG server.RaftServer$Division (RaftServerImpl.java:logAppendEntries(1421)) - s2@group-EA982605F2E5: receive appendEntries(s1, 2, null, 4, true, commits:[s1:c4, s0:c4, s2:c0], cId:121, entries: [(t:2, i:0), CONFIGURATIONENTRY(current:id: "s0"
address: "localhost:34297"
dataStreamAddress: "localhost:43983"
clientAddress: "localhost:39609"
adminAddress: "localhost:37077"
startupRole: FOLLOWER
,id: "s1"
address: "localhost:38917"
dataStreamAddress: "localhost:45719"
clientAddress: "localhost:36975"
adminAddress: "localhost:40635"
startupRole: FOLLOWER
,id: "s2"
address: "localhost:35511"
dataStreamAddress: "localhost:38827"
clientAddress: "localhost:42865"
adminAddress: "localhost:36791"
startupRole: FOLLOWER
, old:), (t:2, i:1), STATEMACHINELOGENTRY, 0@client-2EFB324ADA71, (t:2, i:2), METADATAENTRY(c:1), (t:2, i:3), STATEMACHINELOGENTRY, 999@client-AE8279CAF820, (t:2, i:4), METADATAENTRY(c:3)]
2022-11-08 19:12:07,086 [s2-server-thread1] INFO  server.RaftServer$Division (RaftServerImpl.java:checkInconsistentAppendEntries(1592)) - s2@group-EA982605F2E5: Failed appendEntries as the first entry (index 0) already exists (snapshotIndex: -1, commitIndex: 0)
2022-11-08 19:12:07,086 [s2-server-thread1] INFO  server.RaftServer$Division (RaftServerImpl.java:checkInconsistentAppendEntries(1572)) - s2@group-EA982605F2E5: inconsistency entries. Reply:s1<-s2#121:FAIL-t2,INCONSISTENCY,nextIndex=1,followerCommit=0,matchIndex=-1
2022-11-08 19:12:07,087 [grpc-default-executor-0] INFO  leader.FollowerInfo (FollowerInfoImpl.java:lambda$new$0(48)) - s1@group-EA982605F2E5->s2: nextIndex: updateUnconditionally 5 -> 1
2022-11-08 19:12:07,088 [s2-server-thread1] DEBUG server.RaftServer$Division (RaftServerImpl.java:logAppendEntries(1421)) - s2@group-EA982605F2E5: receive appendEntries(s1, 2, (t:2, i:0), 4, true, commits:[s1:c4, s0:c4, s2:c0], cId:122, entries: [(t:2, i:1), STATEMACHINELOGENTRY, 0@client-2EFB324ADA71, (t:2, i:2), METADATAENTRY(c:1), (t:2, i:3), STATEMACHINELOGENTRY, 999@client-AE8279CAF820, (t:2, i:4), METADATAENTRY(c:3)]
2022-11-08 19:12:07,088 [s2-server-thread1] INFO  server.RaftServer$Division (RaftServerImpl.java:checkInconsistentAppendEntries(1602)) - s2@group-EA982605F2E5: Failed appendEntries as previous log entry ((t:2, i:0)) is not found
2022-11-08 19:12:07,088 [s2-server-thread1] INFO  server.RaftServer$Division (RaftServerImpl.java:checkInconsistentAppendEntries(1572)) - s2@group-EA982605F2E5: inconsistency entries. Reply:s1<-s2#122:FAIL-t2,INCONSISTENCY,nextIndex=0,followerCommit=0,matchIndex=-1
2022-11-08 19:12:07,089 [grpc-default-executor-0] INFO  leader.FollowerInfo (FollowerInfoImpl.java:lambda$new$0(48)) - s1@group-EA982605F2E5->s2: nextIndex: updateUnconditionally 5 -> 0
2022-11-08 19:12:07,091 [s2-server-thread1] DEBUG server.RaftServer$Division (RaftServerImpl.java:logAppendEntries(1421)) - s2@group-EA982605F2E5: receive appendEntries(s1, 2, null, 4, true, commits:[s1:c4, s0:c4, s2:c0], cId:123, entries: [(t:2, i:0), CONFIGURATIONENTRY(current:id: "s0"
address: "localhost:34297"
dataStreamAddress: "localhost:43983"
clientAddress: "localhost:39609"
adminAddress: "localhost:37077"
startupRole: FOLLOWER
,id: "s1"
address: "localhost:38917"
dataStreamAddress: "localhost:45719"
clientAddress: "localhost:36975"
adminAddress: "localhost:40635"
startupRole: FOLLOWER
,id: "s2"
address: "localhost:35511"
dataStreamAddress: "localhost:38827"
clientAddress: "localhost:42865"
adminAddress: "localhost:36791"
startupRole: FOLLOWER
, old:), (t:2, i:1), STATEMACHINELOGENTRY, 0@client-2EFB324ADA71, (t:2, i:2), METADATAENTRY(c:1), (t:2, i:3), STATEMACHINELOGENTRY, 999@client-AE8279CAF820, (t:2, i:4), METADATAENTRY(c:3)]
2022-11-08 19:12:07,092 [s2-server-thread1] INFO  server.RaftServer$Division (RaftServerImpl.java:checkInconsistentAppendEntries(1592)) - s2@group-EA982605F2E5: Failed appendEntries as the first entry (index 0) already exists (snapshotIndex: -1, commitIndex: 0)
2022-11-08 19:12:07,092 [s2-server-thread1] INFO  server.RaftServer$Division (RaftServerImpl.java:checkInconsistentAppendEntries(1572)) - s2@group-EA982605F2E5: inconsistency entries. Reply:s1<-s2#123:FAIL-t2,INCONSISTENCY,nextIndex=1,followerCommit=0,matchIndex=-1
2022-11-08 19:12:07,092 [grpc-default-executor-0] INFO  leader.FollowerInfo (FollowerInfoImpl.java:lambda$new$0(48)) - s1@group-EA982605F2E5->s2: nextIndex: updateUnconditionally 5 -> 1
2022-11-08 19:12:07,094 [s2-server-thread1] DEBUG server.RaftServer$Division (RaftServerImpl.java:logAppendEntries(1421)) - s2@group-EA982605F2E5: receive appendEntries(s1, 2, (t:2, i:0), 4, true, commits:[s1:c4, s0:c4, s2:c0], cId:124, entries: [(t:2, i:1), STATEMACHINELOGENTRY, 0@client-2EFB324ADA71, (t:2, i:2), METADATAENTRY(c:1), (t:2, i:3), STATEMACHINELOGENTRY, 999@client-AE8279CAF820, (t:2, i:4), METADATAENTRY(c:3)]
2022-11-08 19:12:07,094 [s2-server-thread1] INFO  server.RaftServer$Division (RaftServerImpl.java:checkInconsistentAppendEntries(1602)) - s2@group-EA982605F2E5: Failed appendEntries as previous log entry ((t:2, i:0)) is not found
2022-11-08 19:12:07,094 [s2-server-thread1] INFO  server.RaftServer$Division (RaftServerImpl.java:checkInconsistentAppendEntries(1572)) - s2@group-EA982605F2E5: inconsistency entries. Reply:s1<-s2#124:FAIL-t2,INCONSISTENCY,nextIndex=0,followerCommit=0,matchIndex=-1
2022-11-08 19:12:07,095 [grpc-default-executor-0] INFO  leader.FollowerInfo (FollowerInfoImpl.java:lambda$new$0(48)) - s1@group-EA982605F2E5->s2: nextIndex: updateUnconditionally 5 -> 0
2022-11-08 19:12:07,097 [s2-server-thread1] DEBUG server.RaftServer$Division (RaftServerImpl.java:logAppendEntries(1421)) - s2@group-EA982605F2E5: receive appendEntries(s1, 2, null, 4, true, commits:[s1:c4, s0:c4, s2:c0], cId:125, entries: [(t:2, i:0), CONFIGURATIONENTRY(current:id: "s0"
address: "localhost:34297"
dataStreamAddress: "localhost:43983"
clientAddress: "localhost:39609"
adminAddress: "localhost:37077"
startupRole: FOLLOWER
,id: "s1"
address: "localhost:38917"
dataStreamAddress: "localhost:45719"
clientAddress: "localhost:36975"
adminAddress: "localhost:40635"
startupRole: FOLLOWER
,id: "s2"
address: "localhost:35511"
dataStreamAddress: "localhost:38827"
clientAddress: "localhost:42865"
adminAddress: "localhost:36791"
startupRole: FOLLOWER
, old:), (t:2, i:1), STATEMACHINELOGENTRY, 0@client-2EFB324ADA71, (t:2, i:2), METADATAENTRY(c:1), (t:2, i:3), STATEMACHINELOGENTRY, 999@client-AE8279CAF820, (t:2, i:4), METADATAENTRY(c:3)]
2022-11-08 19:12:07,097 [s2-server-thread1] INFO  server.RaftServer$Division (RaftServerImpl.java:checkInconsistentAppendEntries(1592)) - s2@group-EA982605F2E5: Failed appendEntries as the first entry (index 0) already exists (snapshotIndex: -1, commitIndex: 0)
2022-11-08 19:12:07,097 [s2-server-thread1] INFO  server.RaftServer$Division (RaftServerImpl.java:checkInconsistentAppendEntries(1572)) - s2@group-EA982605F2E5: inconsistency entries. Reply:s1<-s2#125:FAIL-t2,INCONSISTENCY,nextIndex=1,followerCommit=0,matchIndex=-1
2022-11-08 19:12:07,098 [grpc-default-executor-0] INFO  leader.FollowerInfo (FollowerInfoImpl.java:lambda$new$0(48)) - s1@group-EA982605F2E5->s2: nextIndex: updateUnconditionally 5 -> 1
2022-11-08 19:12:07,099 [s2-server-thread1] DEBUG server.RaftServer$Division (RaftServerImpl.java:logAppendEntries(1421)) - s2@group-EA982605F2E5: receive appendEntries(s1, 2, (t:2, i:0), 4, true, commits:[s1:c4, s0:c4, s2:c0], cId:126, entries: [(t:2, i:1), STATEMACHINELOGENTRY, 0@client-2EFB324ADA71, (t:2, i:2), METADATAENTRY(c:1), (t:2, i:3), STATEMACHINELOGENTRY, 999@client-AE8279CAF820, (t:2, i:4), METADATAENTRY(c:3)]
2022-11-08 19:12:07,100 [s2-server-thread1] INFO  server.RaftServer$Division (RaftServerImpl.java:checkInconsistentAppendEntries(1602)) - s2@group-EA982605F2E5: Failed appendEntries as previous log entry ((t:2, i:0)) is not found
2022-11-08 19:12:07,100 [s2-server-thread1] INFO  server.RaftServer$Division (RaftServerImpl.java:checkInconsistentAppendEntries(1572)) - s2@group-EA982605F2E5: inconsistency entries. Reply:s1<-s2#126:FAIL-t2,INCONSISTENCY,nextIndex=0,followerCommit=0,matchIndex=-1
2022-11-08 19:12:07,101 [grpc-default-executor-0] INFO  leader.FollowerInfo (FollowerInfoImpl.java:lambda$new$0(48)) - s1@group-EA982605F2E5->s2: nextIndex: updateUnconditionally 5 -> 0
2022-11-08 19:12:07,102 [s2-server-thread1] DEBUG server.RaftServer$Division (RaftServerImpl.java:logAppendEntries(1421)) - s2@group-EA982605F2E5: receive appendEntries(s1, 2, null, 4, true, commits:[s1:c4, s0:c4, s2:c0], cId:127, entries: [(t:2, i:0), CONFIGURATIONENTRY(current:id: "s0"
address: "localhost:34297"
dataStreamAddress: "localhost:43983"
clientAddress: "localhost:39609"
adminAddress: "localhost:37077"
startupRole: FOLLOWER
,id: "s1"
address: "localhost:38917"
dataStreamAddress: "localhost:45719"
clientAddress: "localhost:36975"
adminAddress: "localhost:40635"
startupRole: FOLLOWER
,id: "s2"
address: "localhost:35511"
dataStreamAddress: "localhost:38827"
clientAddress: "localhost:42865"
adminAddress: "localhost:36791"
startupRole: FOLLOWER
, old:), (t:2, i:1), STATEMACHINELOGENTRY, 0@client-2EFB324ADA71, (t:2, i:2), METADATAENTRY(c:1), (t:2, i:3), STATEMACHINELOGENTRY, 999@client-AE8279CAF820, (t:2, i:4), METADATAENTRY(c:3)]
2022-11-08 19:12:07,103 [s2-server-thread1] INFO  server.RaftServer$Division (RaftServerImpl.java:checkInconsistentAppendEntries(1592)) - s2@group-EA982605F2E5: Failed appendEntries as the first entry (index 0) already exists (snapshotIndex: -1, commitIndex: 0)
2022-11-08 19:12:07,103 [s2-server-thread1] INFO  server.RaftServer$Division (RaftServerImpl.java:checkInconsistentAppendEntries(1572)) - s2@group-EA982605F2E5: inconsistency entries. Reply:s1<-s2#127:FAIL-t2,INCONSISTENCY,nextIndex=1,followerCommit=0,matchIndex=-1
2022-11-08 19:12:07,103 [grpc-default-executor-0] INFO  leader.FollowerInfo (FollowerInfoImpl.java:lambda$new$0(48)) - s1@group-EA982605F2E5->s2: nextIndex: updateUnconditionally 5 -> 1
2022-11-08 19:12:07,105 [s2-server-thread1] DEBUG server.RaftServer$Division (RaftServerImpl.java:logAppendEntries(1421)) - s2@group-EA982605F2E5: receive appendEntries(s1, 2, (t:2, i:0), 4, true, commits:[s1:c4, s0:c4, s2:c0], cId:128, entries: [(t:2, i:1), STATEMACHINELOGENTRY, 0@client-2EFB324ADA71, (t:2, i:2), METADATAENTRY(c:1), (t:2, i:3), STATEMACHINELOGENTRY, 999@client-AE8279CAF820, (t:2, i:4), METADATAENTRY(c:3)]
2022-11-08 19:12:07,105 [s2-server-thread1] INFO  server.RaftServer$Division (RaftServerImpl.java:checkInconsistentAppendEntries(1602)) - s2@group-EA982605F2E5: Failed appendEntries as previous log entry ((t:2, i:0)) is not found
2022-11-08 19:12:07,105 [s2-server-thread1] INFO  server.RaftServer$Division (RaftServerImpl.java:checkInconsistentAppendEntries(1572)) - s2@group-EA982605F2E5: inconsistency entries. Reply:s1<-s2#128:FAIL-t2,INCONSISTENCY,nextIndex=0,followerCommit=0,matchIndex=-1
2022-11-08 19:12:07,106 [grpc-default-executor-0] INFO  leader.FollowerInfo (FollowerInfoImpl.java:lambda$new$0(48)) - s1@group-EA982605F2E5->s2: nextIndex: updateUnconditionally 5 -> 0
2022-11-08 19:12:07,108 [s2-server-thread1] DEBUG server.RaftServer$Division (RaftServerImpl.java:logAppendEntries(1421)) - s2@group-EA982605F2E5: receive appendEntries(s1, 2, null, 4, true, commits:[s1:c4, s0:c4, s2:c0], cId:129, entries: [(t:2, i:0), CONFIGURATIONENTRY(current:id: "s0"
address: "localhost:34297"
dataStreamAddress: "localhost:43983"
clientAddress: "localhost:39609"
adminAddress: "localhost:37077"
startupRole: FOLLOWER
,id: "s1"
address: "localhost:38917"
dataStreamAddress: "localhost:45719"
clientAddress: "localhost:36975"
adminAddress: "localhost:40635"
startupRole: FOLLOWER
,id: "s2"
address: "localhost:35511"
dataStreamAddress: "localhost:38827"
clientAddress: "localhost:42865"
adminAddress: "localhost:36791"
startupRole: FOLLOWER
, old:), (t:2, i:1), STATEMACHINELOGENTRY, 0@client-2EFB324ADA71, (t:2, i:2), METADATAENTRY(c:1), (t:2, i:3), STATEMACHINELOGENTRY, 999@client-AE8279CAF820, (t:2, i:4), METADATAENTRY(c:3)]
2022-11-08 19:12:07,108 [s2-server-thread1] INFO  server.RaftServer$Division (RaftServerImpl.java:checkInconsistentAppendEntries(1592)) - s2@group-EA982605F2E5: Failed appendEntries as the first entry (index 0) already exists (snapshotIndex: -1, commitIndex: 0)
2022-11-08 19:12:07,108 [s2-server-thread1] INFO  server.RaftServer$Division (RaftServerImpl.java:checkInconsistentAppendEntries(1572)) - s2@group-EA982605F2E5: inconsistency entries. Reply:s1<-s2#129:FAIL-t2,INCONSISTENCY,nextIndex=1,followerCommit=0,matchIndex=-1
2022-11-08 19:12:07,109 [grpc-default-executor-0] INFO  leader.FollowerInfo (FollowerInfoImpl.java:lambda$new$0(48)) - s1@group-EA982605F2E5->s2: nextIndex: updateUnconditionally 5 -> 1
2022-11-08 19:12:07,110 [s2-server-thread1] DEBUG server.RaftServer$Division (RaftServerImpl.java:logAppendEntries(1421)) - s2@group-EA982605F2E5: receive appendEntries(s1, 2, (t:2, i:0), 4, true, commits:[s1:c4, s0:c4, s2:c0], cId:130, entries: [(t:2, i:1), STATEMACHINELOGENTRY, 0@client-2EFB324ADA71, (t:2, i:2), METADATAENTRY(c:1), (t:2, i:3), STATEMACHINELOGENTRY, 999@client-AE8279CAF820, (t:2, i:4), METADATAENTRY(c:3)]
2022-11-08 19:12:07,110 [s2-server-thread1] INFO  server.RaftServer$Division (RaftServerImpl.java:checkInconsistentAppendEntries(1602)) - s2@group-EA982605F2E5: Failed appendEntries as previous log entry ((t:2, i:0)) is not found
2022-11-08 19:12:07,111 [s2-server-thread1] INFO  server.RaftServer$Division (RaftServerImpl.java:checkInconsistentAppendEntries(1572)) - s2@group-EA982605F2E5: inconsistency entries. Reply:s1<-s2#130:FAIL-t2,INCONSISTENCY,nextIndex=0,followerCommit=0,matchIndex=-1
2022-11-08 19:12:07,111 [grpc-default-executor-0] INFO  leader.FollowerInfo (FollowerInfoImpl.java:lambda$new$0(48)) - s1@group-EA982605F2E5->s2: nextIndex: updateUnconditionally 5 -> 0
2022-11-08 19:12:07,113 [s2-server-thread1] DEBUG server.RaftServer$Division (RaftServerImpl.java:logAppendEntries(1421)) - s2@group-EA982605F2E5: receive appendEntries(s1, 2, null, 4, true, commits:[s1:c4, s0:c4, s2:c0], cId:131, entries: [(t:2, i:0), CONFIGURATIONENTRY(current:id: "s0"
address: "localhost:34297"
dataStreamAddress: "localhost:43983"
clientAddress: "localhost:39609"
adminAddress: "localhost:37077"
startupRole: FOLLOWER
,id: "s1"
address: "localhost:38917"
dataStreamAddress: "localhost:45719"
clientAddress: "localhost:36975"
adminAddress: "localhost:40635"
startupRole: FOLLOWER
,id: "s2"
address: "localhost:35511"
dataStreamAddress: "localhost:38827"
clientAddress: "localhost:42865"
adminAddress: "localhost:36791"
startupRole: FOLLOWER
, old:), (t:2, i:1), STATEMACHINELOGENTRY, 0@client-2EFB324ADA71, (t:2, i:2), METADATAENTRY(c:1), (t:2, i:3), STATEMACHINELOGENTRY, 999@client-AE8279CAF820, (t:2, i:4), METADATAENTRY(c:3)]
2022-11-08 19:12:07,113 [s2-server-thread1] INFO  server.RaftServer$Division (RaftServerImpl.java:checkInconsistentAppendEntries(1592)) - s2@group-EA982605F2E5: Failed appendEntries as the first entry (index 0) already exists (snapshotIndex: -1, commitIndex: 0)
2022-11-08 19:12:07,113 [s2-server-thread1] INFO  server.RaftServer$Division (RaftServerImpl.java:checkInconsistentAppendEntries(1572)) - s2@group-EA982605F2E5: inconsistency entries. Reply:s1<-s2#131:FAIL-t2,INCONSISTENCY,nextIndex=1,followerCommit=0,matchIndex=-1
2022-11-08 19:12:07,114 [grpc-default-executor-0] INFO  leader.FollowerInfo (FollowerInfoImpl.java:lambda$new$0(48)) - s1@group-EA982605F2E5->s2: nextIndex: updateUnconditionally 5 -> 1
2022-11-08 19:12:07,117 [s2-server-thread1] DEBUG server.RaftServer$Division (RaftServerImpl.java:logAppendEntries(1421)) - s2@group-EA982605F2E5: receive appendEntries(s1, 2, (t:2, i:0), 4, true, commits:[s1:c4, s0:c4, s2:c0], cId:132, entries: [(t:2, i:1), STATEMACHINELOGENTRY, 0@client-2EFB324ADA71, (t:2, i:2), METADATAENTRY(c:1), (t:2, i:3), STATEMACHINELOGENTRY, 999@client-AE8279CAF820, (t:2, i:4), METADATAENTRY(c:3)]
2022-11-08 19:12:07,117 [s2-server-thread1] INFO  server.RaftServer$Division (RaftServerImpl.java:checkInconsistentAppendEntries(1602)) - s2@group-EA982605F2E5: Failed appendEntries as previous log entry ((t:2, i:0)) is not found
2022-11-08 19:12:07,117 [s2-server-thread1] INFO  server.RaftServer$Division (RaftServerImpl.java:checkInconsistentAppendEntries(1572)) - s2@group-EA982605F2E5: inconsistency entries. Reply:s1<-s2#132:FAIL-t2,INCONSISTENCY,nextIndex=0,followerCommit=0,matchIndex=-1
2022-11-08 19:12:07,118 [grpc-default-executor-0] INFO  leader.FollowerInfo (FollowerInfoImpl.java:lambda$new$0(48)) - s1@group-EA982605F2E5->s2: nextIndex: updateUnconditionally 5 -> 0
2022-11-08 19:12:07,120 [s2-server-thread1] DEBUG server.RaftServer$Division (RaftServerImpl.java:logAppendEntries(1421)) - s2@group-EA982605F2E5: receive appendEntries(s1, 2, null, 4, true, commits:[s1:c4, s0:c4, s2:c0], cId:133, entries: [(t:2, i:0), CONFIGURATIONENTRY(current:id: "s0"
address: "localhost:34297"
dataStreamAddress: "localhost:43983"
clientAddress: "localhost:39609"
adminAddress: "localhost:37077"
startupRole: FOLLOWER
,id: "s1"
address: "localhost:38917"
dataStreamAddress: "localhost:45719"
clientAddress: "localhost:36975"
adminAddress: "localhost:40635"
startupRole: FOLLOWER
,id: "s2"
address: "localhost:35511"
dataStreamAddress: "localhost:38827"
clientAddress: "localhost:42865"
adminAddress: "localhost:36791"
startupRole: FOLLOWER
, old:), (t:2, i:1), STATEMACHINELOGENTRY, 0@client-2EFB324ADA71, (t:2, i:2), METADATAENTRY(c:1), (t:2, i:3), STATEMACHINELOGENTRY, 999@client-AE8279CAF820, (t:2, i:4), METADATAENTRY(c:3)]
2022-11-08 19:12:07,120 [s2-server-thread1] INFO  server.RaftServer$Division (RaftServerImpl.java:checkInconsistentAppendEntries(1592)) - s2@group-EA982605F2E5: Failed appendEntries as the first entry (index 0) already exists (snapshotIndex: -1, commitIndex: 0)
2022-11-08 19:12:07,120 [s2-server-thread1] INFO  server.RaftServer$Division (RaftServerImpl.java:checkInconsistentAppendEntries(1572)) - s2@group-EA982605F2E5: inconsistency entries. Reply:s1<-s2#133:FAIL-t2,INCONSISTENCY,nextIndex=1,followerCommit=0,matchIndex=-1
2022-11-08 19:12:07,121 [grpc-default-executor-0] INFO  leader.FollowerInfo (FollowerInfoImpl.java:lambda$new$0(48)) - s1@group-EA982605F2E5->s2: nextIndex: updateUnconditionally 5 -> 1
2022-11-08 19:12:07,122 [s2-server-thread1] DEBUG server.RaftServer$Division (RaftServerImpl.java:logAppendEntries(1421)) - s2@group-EA982605F2E5: receive appendEntries(s1, 2, (t:2, i:0), 4, true, commits:[s1:c4, s0:c4, s2:c0], cId:134, entries: [(t:2, i:1), STATEMACHINELOGENTRY, 0@client-2EFB324ADA71, (t:2, i:2), METADATAENTRY(c:1), (t:2, i:3), STATEMACHINELOGENTRY, 999@client-AE8279CAF820, (t:2, i:4), METADATAENTRY(c:3)]
2022-11-08 19:12:07,122 [s2-server-thread1] INFO  server.RaftServer$Division (RaftServerImpl.java:checkInconsistentAppendEntries(1602)) - s2@group-EA982605F2E5: Failed appendEntries as previous log entry ((t:2, i:0)) is not found
2022-11-08 19:12:07,122 [s2-server-thread1] INFO  server.RaftServer$Division (RaftServerImpl.java:checkInconsistentAppendEntries(1572)) - s2@group-EA982605F2E5: inconsistency entries. Reply:s1<-s2#134:FAIL-t2,INCONSISTENCY,nextIndex=0,followerCommit=0,matchIndex=-1
2022-11-08 19:12:07,123 [grpc-default-executor-0] INFO  leader.FollowerInfo (FollowerInfoImpl.java:lambda$new$0(48)) - s1@group-EA982605F2E5->s2: nextIndex: updateUnconditionally 5 -> 0
2022-11-08 19:12:07,125 [s2-server-thread1] DEBUG server.RaftServer$Division (RaftServerImpl.java:logAppendEntries(1421)) - s2@group-EA982605F2E5: receive appendEntries(s1, 2, null, 4, true, commits:[s1:c4, s0:c4, s2:c0], cId:135, entries: [(t:2, i:0), CONFIGURATIONENTRY(current:id: "s0"
address: "localhost:34297"
dataStreamAddress: "localhost:43983"
clientAddress: "localhost:39609"
adminAddress: "localhost:37077"
startupRole: FOLLOWER
,id: "s1"
address: "localhost:38917"
dataStreamAddress: "localhost:45719"
clientAddress: "localhost:36975"
adminAddress: "localhost:40635"
startupRole: FOLLOWER
,id: "s2"
address: "localhost:35511"
dataStreamAddress: "localhost:38827"
clientAddress: "localhost:42865"
adminAddress: "localhost:36791"
startupRole: FOLLOWER
, old:), (t:2, i:1), STATEMACHINELOGENTRY, 0@client-2EFB324ADA71, (t:2, i:2), METADATAENTRY(c:1), (t:2, i:3), STATEMACHINELOGENTRY, 999@client-AE8279CAF820, (t:2, i:4), METADATAENTRY(c:3)]
2022-11-08 19:12:07,125 [s2-server-thread1] INFO  server.RaftServer$Division (RaftServerImpl.java:checkInconsistentAppendEntries(1592)) - s2@group-EA982605F2E5: Failed appendEntries as the first entry (index 0) already exists (snapshotIndex: -1, commitIndex: 0)
2022-11-08 19:12:07,125 [s2-server-thread1] INFO  server.RaftServer$Division (RaftServerImpl.java:checkInconsistentAppendEntries(1572)) - s2@group-EA982605F2E5: inconsistency entries. Reply:s1<-s2#135:FAIL-t2,INCONSISTENCY,nextIndex=1,followerCommit=0,matchIndex=-1
2022-11-08 19:12:07,126 [grpc-default-executor-0] INFO  leader.FollowerInfo (FollowerInfoImpl.java:lambda$new$0(48)) - s1@group-EA982605F2E5->s2: nextIndex: updateUnconditionally 5 -> 1
2022-11-08 19:12:07,128 [s2-server-thread1] DEBUG server.RaftServer$Division (RaftServerImpl.java:logAppendEntries(1421)) - s2@group-EA982605F2E5: receive appendEntries(s1, 2, (t:2, i:0), 4, true, commits:[s1:c4, s0:c4, s2:c0], cId:136, entries: [(t:2, i:1), STATEMACHINELOGENTRY, 0@client-2EFB324ADA71, (t:2, i:2), METADATAENTRY(c:1), (t:2, i:3), STATEMACHINELOGENTRY, 999@client-AE8279CAF820, (t:2, i:4), METADATAENTRY(c:3)]
2022-11-08 19:12:07,128 [s2-server-thread1] INFO  server.RaftServer$Division (RaftServerImpl.java:checkInconsistentAppendEntries(1602)) - s2@group-EA982605F2E5: Failed appendEntries as previous log entry ((t:2, i:0)) is not found
2022-11-08 19:12:07,128 [s2-server-thread1] INFO  server.RaftServer$Division (RaftServerImpl.java:checkInconsistentAppendEntries(1572)) - s2@group-EA982605F2E5: inconsistency entries. Reply:s1<-s2#136:FAIL-t2,INCONSISTENCY,nextIndex=0,followerCommit=0,matchIndex=-1
2022-11-08 19:12:07,129 [grpc-default-executor-0] INFO  leader.FollowerInfo (FollowerInfoImpl.java:lambda$new$0(48)) - s1@group-EA982605F2E5->s2: nextIndex: updateUnconditionally 5 -> 0
2022-11-08 19:12:07,131 [s2-server-thread1] DEBUG server.RaftServer$Division (RaftServerImpl.java:logAppendEntries(1421)) - s2@group-EA982605F2E5: receive appendEntries(s1, 2, null, 4, true, commits:[s1:c4, s0:c4, s2:c0], cId:137, entries: [(t:2, i:0), CONFIGURATIONENTRY(current:id: "s0"
address: "localhost:34297"
dataStreamAddress: "localhost:43983"
clientAddress: "localhost:39609"
adminAddress: "localhost:37077"
startupRole: FOLLOWER
,id: "s1"
address: "localhost:38917"
dataStreamAddress: "localhost:45719"
clientAddress: "localhost:36975"
adminAddress: "localhost:40635"
startupRole: FOLLOWER
,id: "s2"
address: "localhost:35511"
dataStreamAddress: "localhost:38827"
clientAddress: "localhost:42865"
adminAddress: "localhost:36791"
startupRole: FOLLOWER
, old:), (t:2, i:1), STATEMACHINELOGENTRY, 0@client-2EFB324ADA71, (t:2, i:2), METADATAENTRY(c:1), (t:2, i:3), STATEMACHINELOGENTRY, 999@client-AE8279CAF820, (t:2, i:4), METADATAENTRY(c:3)]
2022-11-08 19:12:07,131 [s2-server-thread1] INFO  server.RaftServer$Division (RaftServerImpl.java:checkInconsistentAppendEntries(1592)) - s2@group-EA982605F2E5: Failed appendEntries as the first entry (index 0) already exists (snapshotIndex: -1, commitIndex: 0)
2022-11-08 19:12:07,131 [s2-server-thread1] INFO  server.RaftServer$Division (RaftServerImpl.java:checkInconsistentAppendEntries(1572)) - s2@group-EA982605F2E5: inconsistency entries. Reply:s1<-s2#137:FAIL-t2,INCONSISTENCY,nextIndex=1,followerCommit=0,matchIndex=-1
2022-11-08 19:12:07,132 [grpc-default-executor-0] INFO  leader.FollowerInfo (FollowerInfoImpl.java:lambda$new$0(48)) - s1@group-EA982605F2E5->s2: nextIndex: updateUnconditionally 5 -> 1
2022-11-08 19:12:07,133 [s2-server-thread1] DEBUG server.RaftServer$Division (RaftServerImpl.java:logAppendEntries(1421)) - s2@group-EA982605F2E5: receive appendEntries(s1, 2, (t:2, i:0), 4, true, commits:[s1:c4, s0:c4, s2:c0], cId:138, entries: [(t:2, i:1), STATEMACHINELOGENTRY, 0@client-2EFB324ADA71, (t:2, i:2), METADATAENTRY(c:1), (t:2, i:3), STATEMACHINELOGENTRY, 999@client-AE8279CAF820, (t:2, i:4), METADATAENTRY(c:3)]
2022-11-08 19:12:07,133 [s2-server-thread1] INFO  server.RaftServer$Division (RaftServerImpl.java:checkInconsistentAppendEntries(1602)) - s2@group-EA982605F2E5: Failed appendEntries as previous log entry ((t:2, i:0)) is not found
2022-11-08 19:12:07,133 [s2-server-thread1] INFO  server.RaftServer$Division (RaftServerImpl.java:checkInconsistentAppendEntries(1572)) - s2@group-EA982605F2E5: inconsistency entries. Reply:s1<-s2#138:FAIL-t2,INCONSISTENCY,nextIndex=0,followerCommit=0,matchIndex=-1
2022-11-08 19:12:07,134 [grpc-default-executor-0] INFO  leader.FollowerInfo (FollowerInfoImpl.java:lambda$new$0(48)) - s1@group-EA982605F2E5->s2: nextIndex: updateUnconditionally 5 -> 0
2022-11-08 19:12:07,136 [s2-server-thread2] DEBUG server.RaftServer$Division (RaftServerImpl.java:logAppendEntries(1421)) - s2@group-EA982605F2E5: receive appendEntries(s1, 2, null, 4, true, commits:[s1:c4, s0:c4, s2:c0], cId:139, entries: [(t:2, i:0), CONFIGURATIONENTRY(current:id: "s0"
address: "localhost:34297"
dataStreamAddress: "localhost:43983"
clientAddress: "localhost:39609"
adminAddress: "localhost:37077"
startupRole: FOLLOWER
,id: "s1"
address: "localhost:38917"
dataStreamAddress: "localhost:45719"
clientAddress: "localhost:36975"
adminAddress: "localhost:40635"
startupRole: FOLLOWER
,id: "s2"
address: "localhost:35511"
dataStreamAddress: "localhost:38827"
clientAddress: "localhost:42865"
adminAddress: "localhost:36791"
startupRole: FOLLOWER
, old:), (t:2, i:1), STATEMACHINELOGENTRY, 0@client-2EFB324ADA71, (t:2, i:2), METADATAENTRY(c:1), (t:2, i:3), STATEMACHINELOGENTRY, 999@client-AE8279CAF820, (t:2, i:4), METADATAENTRY(c:3)]
2022-11-08 19:12:07,136 [s2-server-thread2] INFO  server.RaftServer$Division (RaftServerImpl.java:checkInconsistentAppendEntries(1592)) - s2@group-EA982605F2E5: Failed appendEntries as the first entry (index 0) already exists (snapshotIndex: -1, commitIndex: 0)
2022-11-08 19:12:07,136 [s2-server-thread2] INFO  server.RaftServer$Division (RaftServerImpl.java:checkInconsistentAppendEntries(1572)) - s2@group-EA982605F2E5: inconsistency entries. Reply:s1<-s2#139:FAIL-t2,INCONSISTENCY,nextIndex=1,followerCommit=0,matchIndex=-1
2022-11-08 19:12:07,138 [grpc-default-executor-0] INFO  leader.FollowerInfo (FollowerInfoImpl.java:lambda$new$0(48)) - s1@group-EA982605F2E5->s2: nextIndex: updateUnconditionally 5 -> 1
2022-11-08 19:12:07,141 [s2-server-thread1] DEBUG server.RaftServer$Division (RaftServerImpl.java:logAppendEntries(1421)) - s2@group-EA982605F2E5: receive appendEntries(s1, 2, (t:2, i:0), 4, true, commits:[s1:c4, s0:c4, s2:c0], cId:140, entries: [(t:2, i:1), STATEMACHINELOGENTRY, 0@client-2EFB324ADA71, (t:2, i:2), METADATAENTRY(c:1), (t:2, i:3), STATEMACHINELOGENTRY, 999@client-AE8279CAF820, (t:2, i:4), METADATAENTRY(c:3)]
2022-11-08 19:12:07,141 [s2-server-thread1] INFO  server.RaftServer$Division (RaftServerImpl.java:checkInconsistentAppendEntries(1602)) - s2@group-EA982605F2E5: Failed appendEntries as previous log entry ((t:2, i:0)) is not found
2022-11-08 19:12:07,142 [s2-server-thread1] INFO  server.RaftServer$Division (RaftServerImpl.java:checkInconsistentAppendEntries(1572)) - s2@group-EA982605F2E5: inconsistency entries. Reply:s1<-s2#140:FAIL-t2,INCONSISTENCY,nextIndex=0,followerCommit=0,matchIndex=-1
2022-11-08 19:12:07,142 [grpc-default-executor-0] INFO  leader.FollowerInfo (FollowerInfoImpl.java:lambda$new$0(48)) - s1@group-EA982605F2E5->s2: nextIndex: updateUnconditionally 5 -> 0
2022-11-08 19:12:07,144 [s2-server-thread1] DEBUG server.RaftServer$Division (RaftServerImpl.java:logAppendEntries(1421)) - s2@group-EA982605F2E5: receive appendEntries(s1, 2, null, 4, true, commits:[s1:c4, s0:c4, s2:c0], cId:141, entries: [(t:2, i:0), CONFIGURATIONENTRY(current:id: "s0"
address: "localhost:34297"
dataStreamAddress: "localhost:43983"
clientAddress: "localhost:39609"
adminAddress: "localhost:37077"
startupRole: FOLLOWER
,id: "s1"
address: "localhost:38917"
dataStreamAddress: "localhost:45719"
clientAddress: "localhost:36975"
adminAddress: "localhost:40635"
startupRole: FOLLOWER
,id: "s2"
address: "localhost:35511"
dataStreamAddress: "localhost:38827"
clientAddress: "localhost:42865"
adminAddress: "localhost:36791"
startupRole: FOLLOWER
, old:), (t:2, i:1), STATEMACHINELOGENTRY, 0@client-2EFB324ADA71, (t:2, i:2), METADATAENTRY(c:1), (t:2, i:3), STATEMACHINELOGENTRY, 999@client-AE8279CAF820, (t:2, i:4), METADATAENTRY(c:3)]
2022-11-08 19:12:07,144 [s2-server-thread1] INFO  server.RaftServer$Division (RaftServerImpl.java:checkInconsistentAppendEntries(1592)) - s2@group-EA982605F2E5: Failed appendEntries as the first entry (index 0) already exists (snapshotIndex: -1, commitIndex: 0)
2022-11-08 19:12:07,144 [s2-server-thread1] INFO  server.RaftServer$Division (RaftServerImpl.java:checkInconsistentAppendEntries(1572)) - s2@group-EA982605F2E5: inconsistency entries. Reply:s1<-s2#141:FAIL-t2,INCONSISTENCY,nextIndex=1,followerCommit=0,matchIndex=-1
2022-11-08 19:12:07,145 [grpc-default-executor-0] INFO  leader.FollowerInfo (FollowerInfoImpl.java:lambda$new$0(48)) - s1@group-EA982605F2E5->s2: nextIndex: updateUnconditionally 5 -> 1
2022-11-08 19:12:07,148 [s2-server-thread1] DEBUG server.RaftServer$Division (RaftServerImpl.java:logAppendEntries(1421)) - s2@group-EA982605F2E5: receive appendEntries(s1, 2, (t:2, i:0), 4, true, commits:[s1:c4, s0:c4, s2:c0], cId:142, entries: [(t:2, i:1), STATEMACHINELOGENTRY, 0@client-2EFB324ADA71, (t:2, i:2), METADATAENTRY(c:1), (t:2, i:3), STATEMACHINELOGENTRY, 999@client-AE8279CAF820, (t:2, i:4), METADATAENTRY(c:3)]
2022-11-08 19:12:07,148 [s2-server-thread1] INFO  server.RaftServer$Division (RaftServerImpl.java:checkInconsistentAppendEntries(1602)) - s2@group-EA982605F2E5: Failed appendEntries as previous log entry ((t:2, i:0)) is not found
2022-11-08 19:12:07,148 [s2-server-thread1] INFO  server.RaftServer$Division (RaftServerImpl.java:checkInconsistentAppendEntries(1572)) - s2@group-EA982605F2E5: inconsistency entries. Reply:s1<-s2#142:FAIL-t2,INCONSISTENCY,nextIndex=0,followerCommit=0,matchIndex=-1
2022-11-08 19:12:07,149 [grpc-default-executor-0] INFO  leader.FollowerInfo (FollowerInfoImpl.java:lambda$new$0(48)) - s1@group-EA982605F2E5->s2: nextIndex: updateUnconditionally 5 -> 0
2022-11-08 19:12:07,151 [s2-server-thread1] DEBUG server.RaftServer$Division (RaftServerImpl.java:logAppendEntries(1421)) - s2@group-EA982605F2E5: receive appendEntries(s1, 2, null, 4, true, commits:[s1:c4, s0:c4, s2:c0], cId:143, entries: [(t:2, i:0), CONFIGURATIONENTRY(current:id: "s0"
address: "localhost:34297"
dataStreamAddress: "localhost:43983"
clientAddress: "localhost:39609"
adminAddress: "localhost:37077"
startupRole: FOLLOWER
,id: "s1"
address: "localhost:38917"
dataStreamAddress: "localhost:45719"
clientAddress: "localhost:36975"
adminAddress: "localhost:40635"
startupRole: FOLLOWER
,id: "s2"
address: "localhost:35511"
dataStreamAddress: "localhost:38827"
clientAddress: "localhost:42865"
adminAddress: "localhost:36791"
startupRole: FOLLOWER
, old:), (t:2, i:1), STATEMACHINELOGENTRY, 0@client-2EFB324ADA71, (t:2, i:2), METADATAENTRY(c:1), (t:2, i:3), STATEMACHINELOGENTRY, 999@client-AE8279CAF820, (t:2, i:4), METADATAENTRY(c:3)]
2022-11-08 19:12:07,151 [s2-server-thread1] INFO  server.RaftServer$Division (RaftServerImpl.java:checkInconsistentAppendEntries(1592)) - s2@group-EA982605F2E5: Failed appendEntries as the first entry (index 0) already exists (snapshotIndex: -1, commitIndex: 0)
2022-11-08 19:12:07,151 [s2-server-thread1] INFO  server.RaftServer$Division (RaftServerImpl.java:checkInconsistentAppendEntries(1572)) - s2@group-EA982605F2E5: inconsistency entries. Reply:s1<-s2#143:FAIL-t2,INCONSISTENCY,nextIndex=1,followerCommit=0,matchIndex=-1
2022-11-08 19:12:07,152 [grpc-default-executor-0] INFO  leader.FollowerInfo (FollowerInfoImpl.java:lambda$new$0(48)) - s1@group-EA982605F2E5->s2: nextIndex: updateUnconditionally 5 -> 1
2022-11-08 19:12:07,153 [s2-server-thread1] DEBUG server.RaftServer$Division (RaftServerImpl.java:logAppendEntries(1421)) - s2@group-EA982605F2E5: receive appendEntries(s1, 2, (t:2, i:0), 4, true, commits:[s1:c4, s0:c4, s2:c0], cId:144, entries: [(t:2, i:1), STATEMACHINELOGENTRY, 0@client-2EFB324ADA71, (t:2, i:2), METADATAENTRY(c:1), (t:2, i:3), STATEMACHINELOGENTRY, 999@client-AE8279CAF820, (t:2, i:4), METADATAENTRY(c:3)]
2022-11-08 19:12:07,153 [s2-server-thread1] INFO  server.RaftServer$Division (RaftServerImpl.java:checkInconsistentAppendEntries(1602)) - s2@group-EA982605F2E5: Failed appendEntries as previous log entry ((t:2, i:0)) is not found
2022-11-08 19:12:07,153 [s2-server-thread1] INFO  server.RaftServer$Division (RaftServerImpl.java:checkInconsistentAppendEntries(1572)) - s2@group-EA982605F2E5: inconsistency entries. Reply:s1<-s2#144:FAIL-t2,INCONSISTENCY,nextIndex=0,followerCommit=0,matchIndex=-1
2022-11-08 19:12:07,154 [grpc-default-executor-0] INFO  leader.FollowerInfo (FollowerInfoImpl.java:lambda$new$0(48)) - s1@group-EA982605F2E5->s2: nextIndex: updateUnconditionally 5 -> 0
2022-11-08 19:12:07,155 [s2-server-thread1] DEBUG server.RaftServer$Division (RaftServerImpl.java:logAppendEntries(1421)) - s2@group-EA982605F2E5: receive appendEntries(s1, 2, null, 4, true, commits:[s1:c4, s0:c4, s2:c0], cId:145, entries: [(t:2, i:0), CONFIGURATIONENTRY(current:id: "s0"
address: "localhost:34297"
dataStreamAddress: "localhost:43983"
clientAddress: "localhost:39609"
adminAddress: "localhost:37077"
startupRole: FOLLOWER
,id: "s1"
address: "localhost:38917"
dataStreamAddress: "localhost:45719"
clientAddress: "localhost:36975"
adminAddress: "localhost:40635"
startupRole: FOLLOWER
,id: "s2"
address: "localhost:35511"
dataStreamAddress: "localhost:38827"
clientAddress: "localhost:42865"
adminAddress: "localhost:36791"
startupRole: FOLLOWER
, old:), (t:2, i:1), STATEMACHINELOGENTRY, 0@client-2EFB324ADA71, (t:2, i:2), METADATAENTRY(c:1), (t:2, i:3), STATEMACHINELOGENTRY, 999@client-AE8279CAF820, (t:2, i:4), METADATAENTRY(c:3)]
2022-11-08 19:12:07,156 [s2-server-thread1] INFO  server.RaftServer$Division (RaftServerImpl.java:checkInconsistentAppendEntries(1592)) - s2@group-EA982605F2E5: Failed appendEntries as the first entry (index 0) already exists (snapshotIndex: -1, commitIndex: 0)
2022-11-08 19:12:07,156 [s2-server-thread1] INFO  server.RaftServer$Division (RaftServerImpl.java:checkInconsistentAppendEntries(1572)) - s2@group-EA982605F2E5: inconsistency entries. Reply:s1<-s2#145:FAIL-t2,INCONSISTENCY,nextIndex=1,followerCommit=0,matchIndex=-1
2022-11-08 19:12:07,156 [grpc-default-executor-0] INFO  leader.FollowerInfo (FollowerInfoImpl.java:lambda$new$0(48)) - s1@group-EA982605F2E5->s2: nextIndex: updateUnconditionally 5 -> 1
2022-11-08 19:12:07,158 [s2-server-thread2] DEBUG server.RaftServer$Division (RaftServerImpl.java:logAppendEntries(1421)) - s2@group-EA982605F2E5: receive appendEntries(s1, 2, (t:2, i:0), 4, true, commits:[s1:c4, s0:c4, s2:c0], cId:146, entries: [(t:2, i:1), STATEMACHINELOGENTRY, 0@client-2EFB324ADA71, (t:2, i:2), METADATAENTRY(c:1), (t:2, i:3), STATEMACHINELOGENTRY, 999@client-AE8279CAF820, (t:2, i:4), METADATAENTRY(c:3)]
2022-11-08 19:12:07,159 [s2-server-thread2] INFO  server.RaftServer$Division (RaftServerImpl.java:checkInconsistentAppendEntries(1602)) - s2@group-EA982605F2E5: Failed appendEntries as previous log entry ((t:2, i:0)) is not found
2022-11-08 19:12:07,159 [s2-server-thread2] INFO  server.RaftServer$Division (RaftServerImpl.java:checkInconsistentAppendEntries(1572)) - s2@group-EA982605F2E5: inconsistency entries. Reply:s1<-s2#146:FAIL-t2,INCONSISTENCY,nextIndex=0,followerCommit=0,matchIndex=-1
2022-11-08 19:12:07,160 [grpc-default-executor-0] INFO  leader.FollowerInfo (FollowerInfoImpl.java:lambda$new$0(48)) - s1@group-EA982605F2E5->s2: nextIndex: updateUnconditionally 5 -> 0
2022-11-08 19:12:07,161 [s2-server-thread1] DEBUG server.RaftServer$Division (RaftServerImpl.java:logAppendEntries(1421)) - s2@group-EA982605F2E5: receive appendEntries(s1, 2, null, 4, true, commits:[s1:c4, s0:c4, s2:c0], cId:147, entries: [(t:2, i:0), CONFIGURATIONENTRY(current:id: "s0"
address: "localhost:34297"
dataStreamAddress: "localhost:43983"
clientAddress: "localhost:39609"
adminAddress: "localhost:37077"
startupRole: FOLLOWER
,id: "s1"
address: "localhost:38917"
dataStreamAddress: "localhost:45719"
clientAddress: "localhost:36975"
adminAddress: "localhost:40635"
startupRole: FOLLOWER
,id: "s2"
address: "localhost:35511"
dataStreamAddress: "localhost:38827"
clientAddress: "localhost:42865"
adminAddress: "localhost:36791"
startupRole: FOLLOWER
, old:), (t:2, i:1), STATEMACHINELOGENTRY, 0@client-2EFB324ADA71, (t:2, i:2), METADATAENTRY(c:1), (t:2, i:3), STATEMACHINELOGENTRY, 999@client-AE8279CAF820, (t:2, i:4), METADATAENTRY(c:3)]
2022-11-08 19:12:07,161 [s2-server-thread1] INFO  server.RaftServer$Division (RaftServerImpl.java:checkInconsistentAppendEntries(1592)) - s2@group-EA982605F2E5: Failed appendEntries as the first entry (index 0) already exists (snapshotIndex: -1, commitIndex: 0)
2022-11-08 19:12:07,161 [s2-server-thread1] INFO  server.RaftServer$Division (RaftServerImpl.java:checkInconsistentAppendEntries(1572)) - s2@group-EA982605F2E5: inconsistency entries. Reply:s1<-s2#147:FAIL-t2,INCONSISTENCY,nextIndex=1,followerCommit=0,matchIndex=-1
2022-11-08 19:12:07,162 [grpc-default-executor-0] INFO  leader.FollowerInfo (FollowerInfoImpl.java:lambda$new$0(48)) - s1@group-EA982605F2E5->s2: nextIndex: updateUnconditionally 5 -> 1
2022-11-08 19:12:07,163 [s2-server-thread1] DEBUG server.RaftServer$Division (RaftServerImpl.java:logAppendEntries(1421)) - s2@group-EA982605F2E5: receive appendEntries(s1, 2, (t:2, i:0), 4, true, commits:[s1:c4, s0:c4, s2:c0], cId:148, entries: [(t:2, i:1), STATEMACHINELOGENTRY, 0@client-2EFB324ADA71, (t:2, i:2), METADATAENTRY(c:1), (t:2, i:3), STATEMACHINELOGENTRY, 999@client-AE8279CAF820, (t:2, i:4), METADATAENTRY(c:3)]
2022-11-08 19:12:07,164 [s2-server-thread1] INFO  server.RaftServer$Division (RaftServerImpl.java:checkInconsistentAppendEntries(1602)) - s2@group-EA982605F2E5: Failed appendEntries as previous log entry ((t:2, i:0)) is not found
2022-11-08 19:12:07,164 [s2-server-thread1] INFO  server.RaftServer$Division (RaftServerImpl.java:checkInconsistentAppendEntries(1572)) - s2@group-EA982605F2E5: inconsistency entries. Reply:s1<-s2#148:FAIL-t2,INCONSISTENCY,nextIndex=0,followerCommit=0,matchIndex=-1
2022-11-08 19:12:07,164 [grpc-default-executor-0] INFO  leader.FollowerInfo (FollowerInfoImpl.java:lambda$new$0(48)) - s1@group-EA982605F2E5->s2: nextIndex: updateUnconditionally 5 -> 0
2022-11-08 19:12:07,166 [s2-server-thread1] DEBUG server.RaftServer$Division (RaftServerImpl.java:logAppendEntries(1421)) - s2@group-EA982605F2E5: receive appendEntries(s1, 2, null, 4, true, commits:[s1:c4, s0:c4, s2:c0], cId:149, entries: [(t:2, i:0), CONFIGURATIONENTRY(current:id: "s0"
address: "localhost:34297"
dataStreamAddress: "localhost:43983"
clientAddress: "localhost:39609"
adminAddress: "localhost:37077"
startupRole: FOLLOWER
,id: "s1"
address: "localhost:38917"
dataStreamAddress: "localhost:45719"
clientAddress: "localhost:36975"
adminAddress: "localhost:40635"
startupRole: FOLLOWER
,id: "s2"
address: "localhost:35511"
dataStreamAddress: "localhost:38827"
clientAddress: "localhost:42865"
adminAddress: "localhost:36791"
startupRole: FOLLOWER
, old:), (t:2, i:1), STATEMACHINELOGENTRY, 0@client-2EFB324ADA71, (t:2, i:2), METADATAENTRY(c:1), (t:2, i:3), STATEMACHINELOGENTRY, 999@client-AE8279CAF820, (t:2, i:4), METADATAENTRY(c:3)]
2022-11-08 19:12:07,166 [s2-server-thread1] INFO  server.RaftServer$Division (RaftServerImpl.java:checkInconsistentAppendEntries(1592)) - s2@group-EA982605F2E5: Failed appendEntries as the first entry (index 0) already exists (snapshotIndex: -1, commitIndex: 0)
2022-11-08 19:12:07,166 [s2-server-thread1] INFO  server.RaftServer$Division (RaftServerImpl.java:checkInconsistentAppendEntries(1572)) - s2@group-EA982605F2E5: inconsistency entries. Reply:s1<-s2#149:FAIL-t2,INCONSISTENCY,nextIndex=1,followerCommit=0,matchIndex=-1
2022-11-08 19:12:07,167 [grpc-default-executor-0] INFO  leader.FollowerInfo (FollowerInfoImpl.java:lambda$new$0(48)) - s1@group-EA982605F2E5->s2: nextIndex: updateUnconditionally 5 -> 1
2022-11-08 19:12:07,169 [s2-server-thread1] DEBUG server.RaftServer$Division (RaftServerImpl.java:logAppendEntries(1421)) - s2@group-EA982605F2E5: receive appendEntries(s1, 2, (t:2, i:0), 4, true, commits:[s1:c4, s0:c4, s2:c0], cId:150, entries: [(t:2, i:1), STATEMACHINELOGENTRY, 0@client-2EFB324ADA71, (t:2, i:2), METADATAENTRY(c:1), (t:2, i:3), STATEMACHINELOGENTRY, 999@client-AE8279CAF820, (t:2, i:4), METADATAENTRY(c:3)]
2022-11-08 19:12:07,169 [s2-server-thread1] INFO  server.RaftServer$Division (RaftServerImpl.java:checkInconsistentAppendEntries(1602)) - s2@group-EA982605F2E5: Failed appendEntries as previous log entry ((t:2, i:0)) is not found
2022-11-08 19:12:07,169 [s2-server-thread1] INFO  server.RaftServer$Division (RaftServerImpl.java:checkInconsistentAppendEntries(1572)) - s2@group-EA982605F2E5: inconsistency entries. Reply:s1<-s2#150:FAIL-t2,INCONSISTENCY,nextIndex=0,followerCommit=0,matchIndex=-1
2022-11-08 19:12:07,170 [grpc-default-executor-0] INFO  leader.FollowerInfo (FollowerInfoImpl.java:lambda$new$0(48)) - s1@group-EA982605F2E5->s2: nextIndex: updateUnconditionally 5 -> 0
2022-11-08 19:12:07,171 [s2-server-thread1] DEBUG server.RaftServer$Division (RaftServerImpl.java:logAppendEntries(1421)) - s2@group-EA982605F2E5: receive appendEntries(s1, 2, null, 4, true, commits:[s1:c4, s0:c4, s2:c0], cId:151, entries: [(t:2, i:0), CONFIGURATIONENTRY(current:id: "s0"
address: "localhost:34297"
dataStreamAddress: "localhost:43983"
clientAddress: "localhost:39609"
adminAddress: "localhost:37077"
startupRole: FOLLOWER
,id: "s1"
address: "localhost:38917"
dataStreamAddress: "localhost:45719"
clientAddress: "localhost:36975"
adminAddress: "localhost:40635"
startupRole: FOLLOWER
,id: "s2"
address: "localhost:35511"
dataStreamAddress: "localhost:38827"
clientAddress: "localhost:42865"
adminAddress: "localhost:36791"
startupRole: FOLLOWER
, old:), (t:2, i:1), STATEMACHINELOGENTRY, 0@client-2EFB324ADA71, (t:2, i:2), METADATAENTRY(c:1), (t:2, i:3), STATEMACHINELOGENTRY, 999@client-AE8279CAF820, (t:2, i:4), METADATAENTRY(c:3)]
2022-11-08 19:12:07,171 [s2-server-thread1] INFO  server.RaftServer$Division (RaftServerImpl.java:checkInconsistentAppendEntries(1592)) - s2@group-EA982605F2E5: Failed appendEntries as the first entry (index 0) already exists (snapshotIndex: -1, commitIndex: 0)
2022-11-08 19:12:07,171 [s2-server-thread1] INFO  server.RaftServer$Division (RaftServerImpl.java:checkInconsistentAppendEntries(1572)) - s2@group-EA982605F2E5: inconsistency entries. Reply:s1<-s2#151:FAIL-t2,INCONSISTENCY,nextIndex=1,followerCommit=0,matchIndex=-1
2022-11-08 19:12:07,172 [grpc-default-executor-0] INFO  leader.FollowerInfo (FollowerInfoImpl.java:lambda$new$0(48)) - s1@group-EA982605F2E5->s2: nextIndex: updateUnconditionally 5 -> 1
2022-11-08 19:12:07,174 [s2-server-thread1] DEBUG server.RaftServer$Division (RaftServerImpl.java:logAppendEntries(1421)) - s2@group-EA982605F2E5: receive appendEntries(s1, 2, (t:2, i:0), 4, true, commits:[s1:c4, s0:c4, s2:c0], cId:152, entries: [(t:2, i:1), STATEMACHINELOGENTRY, 0@client-2EFB324ADA71, (t:2, i:2), METADATAENTRY(c:1), (t:2, i:3), STATEMACHINELOGENTRY, 999@client-AE8279CAF820, (t:2, i:4), METADATAENTRY(c:3)]
2022-11-08 19:12:07,174 [s2-server-thread1] INFO  server.RaftServer$Division (RaftServerImpl.java:checkInconsistentAppendEntries(1602)) - s2@group-EA982605F2E5: Failed appendEntries as previous log entry ((t:2, i:0)) is not found
2022-11-08 19:12:07,174 [s2-server-thread1] INFO  server.RaftServer$Division (RaftServerImpl.java:checkInconsistentAppendEntries(1572)) - s2@group-EA982605F2E5: inconsistency entries. Reply:s1<-s2#152:FAIL-t2,INCONSISTENCY,nextIndex=0,followerCommit=0,matchIndex=-1
2022-11-08 19:12:07,174 [grpc-default-executor-0] INFO  leader.FollowerInfo (FollowerInfoImpl.java:lambda$new$0(48)) - s1@group-EA982605F2E5->s2: nextIndex: updateUnconditionally 5 -> 0
2022-11-08 19:12:07,176 [s2-server-thread1] DEBUG server.RaftServer$Division (RaftServerImpl.java:logAppendEntries(1421)) - s2@group-EA982605F2E5: receive appendEntries(s1, 2, null, 4, true, commits:[s1:c4, s0:c4, s2:c0], cId:153, entries: [(t:2, i:0), CONFIGURATIONENTRY(current:id: "s0"
address: "localhost:34297"
dataStreamAddress: "localhost:43983"
clientAddress: "localhost:39609"
adminAddress: "localhost:37077"
startupRole: FOLLOWER
,id: "s1"
address: "localhost:38917"
dataStreamAddress: "localhost:45719"
clientAddress: "localhost:36975"
adminAddress: "localhost:40635"
startupRole: FOLLOWER
,id: "s2"
address: "localhost:35511"
dataStreamAddress: "localhost:38827"
clientAddress: "localhost:42865"
adminAddress: "localhost:36791"
startupRole: FOLLOWER
, old:), (t:2, i:1), STATEMACHINELOGENTRY, 0@client-2EFB324ADA71, (t:2, i:2), METADATAENTRY(c:1), (t:2, i:3), STATEMACHINELOGENTRY, 999@client-AE8279CAF820, (t:2, i:4), METADATAENTRY(c:3)]
2022-11-08 19:12:07,176 [s2-server-thread1] INFO  server.RaftServer$Division (RaftServerImpl.java:checkInconsistentAppendEntries(1592)) - s2@group-EA982605F2E5: Failed appendEntries as the first entry (index 0) already exists (snapshotIndex: -1, commitIndex: 0)
2022-11-08 19:12:07,176 [s2-server-thread1] INFO  server.RaftServer$Division (RaftServerImpl.java:checkInconsistentAppendEntries(1572)) - s2@group-EA982605F2E5: inconsistency entries. Reply:s1<-s2#153:FAIL-t2,INCONSISTENCY,nextIndex=1,followerCommit=0,matchIndex=-1
2022-11-08 19:12:07,177 [grpc-default-executor-0] INFO  leader.FollowerInfo (FollowerInfoImpl.java:lambda$new$0(48)) - s1@group-EA982605F2E5->s2: nextIndex: updateUnconditionally 5 -> 1
2022-11-08 19:12:07,179 [s2-server-thread2] DEBUG server.RaftServer$Division (RaftServerImpl.java:logAppendEntries(1421)) - s2@group-EA982605F2E5: receive appendEntries(s1, 2, (t:2, i:0), 4, true, commits:[s1:c4, s0:c4, s2:c0], cId:154, entries: [(t:2, i:1), STATEMACHINELOGENTRY, 0@client-2EFB324ADA71, (t:2, i:2), METADATAENTRY(c:1), (t:2, i:3), STATEMACHINELOGENTRY, 999@client-AE8279CAF820, (t:2, i:4), METADATAENTRY(c:3)]
2022-11-08 19:12:07,179 [s2-server-thread2] INFO  server.RaftServer$Division (RaftServerImpl.java:checkInconsistentAppendEntries(1602)) - s2@group-EA982605F2E5: Failed appendEntries as previous log entry ((t:2, i:0)) is not found
2022-11-08 19:12:07,179 [s2-server-thread2] INFO  server.RaftServer$Division (RaftServerImpl.java:checkInconsistentAppendEntries(1572)) - s2@group-EA982605F2E5: inconsistency entries. Reply:s1<-s2#154:FAIL-t2,INCONSISTENCY,nextIndex=0,followerCommit=0,matchIndex=-1
2022-11-08 19:12:07,180 [grpc-default-executor-0] INFO  leader.FollowerInfo (FollowerInfoImpl.java:lambda$new$0(48)) - s1@group-EA982605F2E5->s2: nextIndex: updateUnconditionally 5 -> 0
2022-11-08 19:12:07,182 [s2-server-thread1] DEBUG server.RaftServer$Division (RaftServerImpl.java:logAppendEntries(1421)) - s2@group-EA982605F2E5: receive appendEntries(s1, 2, null, 4, true, commits:[s1:c4, s0:c4, s2:c0], cId:155, entries: [(t:2, i:0), CONFIGURATIONENTRY(current:id: "s0"
address: "localhost:34297"
dataStreamAddress: "localhost:43983"
clientAddress: "localhost:39609"
adminAddress: "localhost:37077"
startupRole: FOLLOWER
,id: "s1"
address: "localhost:38917"
dataStreamAddress: "localhost:45719"
clientAddress: "localhost:36975"
adminAddress: "localhost:40635"
startupRole: FOLLOWER
,id: "s2"
address: "localhost:35511"
dataStreamAddress: "localhost:38827"
clientAddress: "localhost:42865"
adminAddress: "localhost:36791"
startupRole: FOLLOWER
, old:), (t:2, i:1), STATEMACHINELOGENTRY, 0@client-2EFB324ADA71, (t:2, i:2), METADATAENTRY(c:1), (t:2, i:3), STATEMACHINELOGENTRY, 999@client-AE8279CAF820, (t:2, i:4), METADATAENTRY(c:3)]
2022-11-08 19:12:07,182 [s2-server-thread1] INFO  server.RaftServer$Division (RaftServerImpl.java:checkInconsistentAppendEntries(1592)) - s2@group-EA982605F2E5: Failed appendEntries as the first entry (index 0) already exists (snapshotIndex: -1, commitIndex: 0)
2022-11-08 19:12:07,182 [s2-server-thread1] INFO  server.RaftServer$Division (RaftServerImpl.java:checkInconsistentAppendEntries(1572)) - s2@group-EA982605F2E5: inconsistency entries. Reply:s1<-s2#155:FAIL-t2,INCONSISTENCY,nextIndex=1,followerCommit=0,matchIndex=-1
2022-11-08 19:12:07,182 [grpc-default-executor-0] INFO  leader.FollowerInfo (FollowerInfoImpl.java:lambda$new$0(48)) - s1@group-EA982605F2E5->s2: nextIndex: updateUnconditionally 5 -> 1
2022-11-08 19:12:07,184 [s2-server-thread1] DEBUG server.RaftServer$Division (RaftServerImpl.java:logAppendEntries(1421)) - s2@group-EA982605F2E5: receive appendEntries(s1, 2, (t:2, i:0), 4, true, commits:[s1:c4, s0:c4, s2:c0], cId:156, entries: [(t:2, i:1), STATEMACHINELOGENTRY, 0@client-2EFB324ADA71, (t:2, i:2), METADATAENTRY(c:1), (t:2, i:3), STATEMACHINELOGENTRY, 999@client-AE8279CAF820, (t:2, i:4), METADATAENTRY(c:3)]
2022-11-08 19:12:07,184 [s2-server-thread1] INFO  server.RaftServer$Division (RaftServerImpl.java:checkInconsistentAppendEntries(1602)) - s2@group-EA982605F2E5: Failed appendEntries as previous log entry ((t:2, i:0)) is not found
2022-11-08 19:12:07,184 [s2-server-thread1] INFO  server.RaftServer$Division (RaftServerImpl.java:checkInconsistentAppendEntries(1572)) - s2@group-EA982605F2E5: inconsistency entries. Reply:s1<-s2#156:FAIL-t2,INCONSISTENCY,nextIndex=0,followerCommit=0,matchIndex=-1
2022-11-08 19:12:07,185 [grpc-default-executor-0] INFO  leader.FollowerInfo (FollowerInfoImpl.java:lambda$new$0(48)) - s1@group-EA982605F2E5->s2: nextIndex: updateUnconditionally 5 -> 0
2022-11-08 19:12:07,186 [s2-server-thread1] DEBUG server.RaftServer$Division (RaftServerImpl.java:logAppendEntries(1421)) - s2@group-EA982605F2E5: receive appendEntries(s1, 2, null, 4, true, commits:[s1:c4, s0:c4, s2:c0], cId:157, entries: [(t:2, i:0), CONFIGURATIONENTRY(current:id: "s0"
address: "localhost:34297"
dataStreamAddress: "localhost:43983"
clientAddress: "localhost:39609"
adminAddress: "localhost:37077"
startupRole: FOLLOWER
,id: "s1"
address: "localhost:38917"
dataStreamAddress: "localhost:45719"
clientAddress: "localhost:36975"
adminAddress: "localhost:40635"
startupRole: FOLLOWER
,id: "s2"
address: "localhost:35511"
dataStreamAddress: "localhost:38827"
clientAddress: "localhost:42865"
adminAddress: "localhost:36791"
startupRole: FOLLOWER
, old:), (t:2, i:1), STATEMACHINELOGENTRY, 0@client-2EFB324ADA71, (t:2, i:2), METADATAENTRY(c:1), (t:2, i:3), STATEMACHINELOGENTRY, 999@client-AE8279CAF820, (t:2, i:4), METADATAENTRY(c:3)]
2022-11-08 19:12:07,187 [s2-server-thread1] INFO  server.RaftServer$Division (RaftServerImpl.java:checkInconsistentAppendEntries(1592)) - s2@group-EA982605F2E5: Failed appendEntries as the first entry (index 0) already exists (snapshotIndex: -1, commitIndex: 0)
2022-11-08 19:12:07,187 [s2-server-thread1] INFO  server.RaftServer$Division (RaftServerImpl.java:checkInconsistentAppendEntries(1572)) - s2@group-EA982605F2E5: inconsistency entries. Reply:s1<-s2#157:FAIL-t2,INCONSISTENCY,nextIndex=1,followerCommit=0,matchIndex=-1
2022-11-08 19:12:07,187 [grpc-default-executor-0] INFO  leader.FollowerInfo (FollowerInfoImpl.java:lambda$new$0(48)) - s1@group-EA982605F2E5->s2: nextIndex: updateUnconditionally 5 -> 1
2022-11-08 19:12:07,189 [s2-server-thread1] DEBUG server.RaftServer$Division (RaftServerImpl.java:logAppendEntries(1421)) - s2@group-EA982605F2E5: receive appendEntries(s1, 2, (t:2, i:0), 4, true, commits:[s1:c4, s0:c4, s2:c0], cId:158, entries: [(t:2, i:1), STATEMACHINELOGENTRY, 0@client-2EFB324ADA71, (t:2, i:2), METADATAENTRY(c:1), (t:2, i:3), STATEMACHINELOGENTRY, 999@client-AE8279CAF820, (t:2, i:4), METADATAENTRY(c:3)]
2022-11-08 19:12:07,189 [s2-server-thread1] INFO  server.RaftServer$Division (RaftServerImpl.java:checkInconsistentAppendEntries(1602)) - s2@group-EA982605F2E5: Failed appendEntries as previous log entry ((t:2, i:0)) is not found
2022-11-08 19:12:07,189 [s2-server-thread1] INFO  server.RaftServer$Division (RaftServerImpl.java:checkInconsistentAppendEntries(1572)) - s2@group-EA982605F2E5: inconsistency entries. Reply:s1<-s2#158:FAIL-t2,INCONSISTENCY,nextIndex=0,followerCommit=0,matchIndex=-1
2022-11-08 19:12:07,190 [grpc-default-executor-0] INFO  leader.FollowerInfo (FollowerInfoImpl.java:lambda$new$0(48)) - s1@group-EA982605F2E5->s2: nextIndex: updateUnconditionally 5 -> 0
2022-11-08 19:12:07,192 [s2-server-thread1] DEBUG server.RaftServer$Division (RaftServerImpl.java:logAppendEntries(1421)) - s2@group-EA982605F2E5: receive appendEntries(s1, 2, null, 4, true, commits:[s1:c4, s0:c4, s2:c0], cId:159, entries: [(t:2, i:0), CONFIGURATIONENTRY(current:id: "s0"
address: "localhost:34297"
dataStreamAddress: "localhost:43983"
clientAddress: "localhost:39609"
adminAddress: "localhost:37077"
startupRole: FOLLOWER
,id: "s1"
address: "localhost:38917"
dataStreamAddress: "localhost:45719"
clientAddress: "localhost:36975"
adminAddress: "localhost:40635"
startupRole: FOLLOWER
,id: "s2"
address: "localhost:35511"
dataStreamAddress: "localhost:38827"
clientAddress: "localhost:42865"
adminAddress: "localhost:36791"
startupRole: FOLLOWER
, old:), (t:2, i:1), STATEMACHINELOGENTRY, 0@client-2EFB324ADA71, (t:2, i:2), METADATAENTRY(c:1), (t:2, i:3), STATEMACHINELOGENTRY, 999@client-AE8279CAF820, (t:2, i:4), METADATAENTRY(c:3)]
2022-11-08 19:12:07,199 [s2-server-thread1] INFO  server.RaftServer$Division (RaftServerImpl.java:checkInconsistentAppendEntries(1592)) - s2@group-EA982605F2E5: Failed appendEntries as the first entry (index 0) already exists (snapshotIndex: -1, commitIndex: 0)
2022-11-08 19:12:07,199 [s2-server-thread1] INFO  server.RaftServer$Division (RaftServerImpl.java:checkInconsistentAppendEntries(1572)) - s2@group-EA982605F2E5: inconsistency entries. Reply:s1<-s2#159:FAIL-t2,INCONSISTENCY,nextIndex=1,followerCommit=0,matchIndex=-1
2022-11-08 19:12:07,199 [grpc-default-executor-0] INFO  leader.FollowerInfo (FollowerInfoImpl.java:lambda$new$0(48)) - s1@group-EA982605F2E5->s2: nextIndex: updateUnconditionally 5 -> 1
2022-11-08 19:12:07,201 [s2-server-thread1] DEBUG server.RaftServer$Division (RaftServerImpl.java:logAppendEntries(1421)) - s2@group-EA982605F2E5: receive appendEntries(s1, 2, (t:2, i:0), 4, true, commits:[s1:c4, s0:c4, s2:c0], cId:160, entries: [(t:2, i:1), STATEMACHINELOGENTRY, 0@client-2EFB324ADA71, (t:2, i:2), METADATAENTRY(c:1), (t:2, i:3), STATEMACHINELOGENTRY, 999@client-AE8279CAF820, (t:2, i:4), METADATAENTRY(c:3)]
2022-11-08 19:12:07,201 [s2-server-thread1] INFO  server.RaftServer$Division (RaftServerImpl.java:checkInconsistentAppendEntries(1602)) - s2@group-EA982605F2E5: Failed appendEntries as previous log entry ((t:2, i:0)) is not found
2022-11-08 19:12:07,201 [s2-server-thread1] INFO  server.RaftServer$Division (RaftServerImpl.java:checkInconsistentAppendEntries(1572)) - s2@group-EA982605F2E5: inconsistency entries. Reply:s1<-s2#160:FAIL-t2,INCONSISTENCY,nextIndex=0,followerCommit=0,matchIndex=-1
2022-11-08 19:12:07,206 [grpc-default-executor-0] INFO  leader.FollowerInfo (FollowerInfoImpl.java:lambda$new$0(48)) - s1@group-EA982605F2E5->s2: nextIndex: updateUnconditionally 5 -> 0
2022-11-08 19:12:07,208 [s2-server-thread2] DEBUG server.RaftServer$Division (RaftServerImpl.java:logAppendEntries(1421)) - s2@group-EA982605F2E5: receive appendEntries(s1, 2, null, 4, true, commits:[s1:c4, s0:c4, s2:c0], cId:161, entries: [(t:2, i:0), CONFIGURATIONENTRY(current:id: "s0"
address: "localhost:34297"
dataStreamAddress: "localhost:43983"
clientAddress: "localhost:39609"
adminAddress: "localhost:37077"
startupRole: FOLLOWER
,id: "s1"
address: "localhost:38917"
dataStreamAddress: "localhost:45719"
clientAddress: "localhost:36975"
adminAddress: "localhost:40635"
startupRole: FOLLOWER
,id: "s2"
address: "localhost:35511"
dataStreamAddress: "localhost:38827"
clientAddress: "localhost:42865"
adminAddress: "localhost:36791"
startupRole: FOLLOWER
, old:), (t:2, i:1), STATEMACHINELOGENTRY, 0@client-2EFB324ADA71, (t:2, i:2), METADATAENTRY(c:1), (t:2, i:3), STATEMACHINELOGENTRY, 999@client-AE8279CAF820, (t:2, i:4), METADATAENTRY(c:3)]
2022-11-08 19:12:07,208 [s2-server-thread2] INFO  server.RaftServer$Division (RaftServerImpl.java:checkInconsistentAppendEntries(1592)) - s2@group-EA982605F2E5: Failed appendEntries as the first entry (index 0) already exists (snapshotIndex: -1, commitIndex: 0)
2022-11-08 19:12:07,208 [s2-server-thread2] INFO  server.RaftServer$Division (RaftServerImpl.java:checkInconsistentAppendEntries(1572)) - s2@group-EA982605F2E5: inconsistency entries. Reply:s1<-s2#161:FAIL-t2,INCONSISTENCY,nextIndex=1,followerCommit=0,matchIndex=-1
2022-11-08 19:12:07,209 [grpc-default-executor-0] INFO  leader.FollowerInfo (FollowerInfoImpl.java:lambda$new$0(48)) - s1@group-EA982605F2E5->s2: nextIndex: updateUnconditionally 5 -> 1
2022-11-08 19:12:07,210 [s2-server-thread1] DEBUG server.RaftServer$Division (RaftServerImpl.java:logAppendEntries(1421)) - s2@group-EA982605F2E5: receive appendEntries(s1, 2, (t:2, i:0), 4, true, commits:[s1:c4, s0:c4, s2:c0], cId:162, entries: [(t:2, i:1), STATEMACHINELOGENTRY, 0@client-2EFB324ADA71, (t:2, i:2), METADATAENTRY(c:1), (t:2, i:3), STATEMACHINELOGENTRY, 999@client-AE8279CAF820, (t:2, i:4), METADATAENTRY(c:3)]
2022-11-08 19:12:07,211 [s2-server-thread1] INFO  server.RaftServer$Division (RaftServerImpl.java:checkInconsistentAppendEntries(1602)) - s2@group-EA982605F2E5: Failed appendEntries as previous log entry ((t:2, i:0)) is not found
2022-11-08 19:12:07,211 [s2-server-thread1] INFO  server.RaftServer$Division (RaftServerImpl.java:checkInconsistentAppendEntries(1572)) - s2@group-EA982605F2E5: inconsistency entries. Reply:s1<-s2#162:FAIL-t2,INCONSISTENCY,nextIndex=0,followerCommit=0,matchIndex=-1
2022-11-08 19:12:07,211 [grpc-default-executor-0] INFO  leader.FollowerInfo (FollowerInfoImpl.java:lambda$new$0(48)) - s1@group-EA982605F2E5->s2: nextIndex: updateUnconditionally 5 -> 0
2022-11-08 19:12:07,213 [s2-server-thread1] DEBUG server.RaftServer$Division (RaftServerImpl.java:logAppendEntries(1421)) - s2@group-EA982605F2E5: receive appendEntries(s1, 2, null, 4, true, commits:[s1:c4, s0:c4, s2:c0], cId:163, entries: [(t:2, i:0), CONFIGURATIONENTRY(current:id: "s0"
address: "localhost:34297"
dataStreamAddress: "localhost:43983"
clientAddress: "localhost:39609"
adminAddress: "localhost:37077"
startupRole: FOLLOWER
,id: "s1"
address: "localhost:38917"
dataStreamAddress: "localhost:45719"
clientAddress: "localhost:36975"
adminAddress: "localhost:40635"
startupRole: FOLLOWER
,id: "s2"
address: "localhost:35511"
dataStreamAddress: "localhost:38827"
clientAddress: "localhost:42865"
adminAddress: "localhost:36791"
startupRole: FOLLOWER
, old:), (t:2, i:1), STATEMACHINELOGENTRY, 0@client-2EFB324ADA71, (t:2, i:2), METADATAENTRY(c:1), (t:2, i:3), STATEMACHINELOGENTRY, 999@client-AE8279CAF820, (t:2, i:4), METADATAENTRY(c:3)]
2022-11-08 19:12:07,213 [s2-server-thread1] INFO  server.RaftServer$Division (RaftServerImpl.java:checkInconsistentAppendEntries(1592)) - s2@group-EA982605F2E5: Failed appendEntries as the first entry (index 0) already exists (snapshotIndex: -1, commitIndex: 0)
2022-11-08 19:12:07,213 [s2-server-thread1] INFO  server.RaftServer$Division (RaftServerImpl.java:checkInconsistentAppendEntries(1572)) - s2@group-EA982605F2E5: inconsistency entries. Reply:s1<-s2#163:FAIL-t2,INCONSISTENCY,nextIndex=1,followerCommit=0,matchIndex=-1
2022-11-08 19:12:07,214 [grpc-default-executor-0] INFO  leader.FollowerInfo (FollowerInfoImpl.java:lambda$new$0(48)) - s1@group-EA982605F2E5->s2: nextIndex: updateUnconditionally 5 -> 1
2022-11-08 19:12:07,215 [s2-server-thread1] DEBUG server.RaftServer$Division (RaftServerImpl.java:logAppendEntries(1421)) - s2@group-EA982605F2E5: receive appendEntries(s1, 2, (t:2, i:0), 4, true, commits:[s1:c4, s0:c4, s2:c0], cId:164, entries: [(t:2, i:1), STATEMACHINELOGENTRY, 0@client-2EFB324ADA71, (t:2, i:2), METADATAENTRY(c:1), (t:2, i:3), STATEMACHINELOGENTRY, 999@client-AE8279CAF820, (t:2, i:4), METADATAENTRY(c:3)]
2022-11-08 19:12:07,215 [s2-server-thread1] INFO  server.RaftServer$Division (RaftServerImpl.java:checkInconsistentAppendEntries(1602)) - s2@group-EA982605F2E5: Failed appendEntries as previous log entry ((t:2, i:0)) is not found
2022-11-08 19:12:07,215 [s2-server-thread1] INFO  server.RaftServer$Division (RaftServerImpl.java:checkInconsistentAppendEntries(1572)) - s2@group-EA982605F2E5: inconsistency entries. Reply:s1<-s2#164:FAIL-t2,INCONSISTENCY,nextIndex=0,followerCommit=0,matchIndex=-1
2022-11-08 19:12:07,216 [grpc-default-executor-0] INFO  leader.FollowerInfo (FollowerInfoImpl.java:lambda$new$0(48)) - s1@group-EA982605F2E5->s2: nextIndex: updateUnconditionally 5 -> 0
2022-11-08 19:12:07,217 [s2-server-thread1] DEBUG server.RaftServer$Division (RaftServerImpl.java:logAppendEntries(1421)) - s2@group-EA982605F2E5: receive appendEntries(s1, 2, null, 4, true, commits:[s1:c4, s0:c4, s2:c0], cId:165, entries: [(t:2, i:0), CONFIGURATIONENTRY(current:id: "s0"
address: "localhost:34297"
dataStreamAddress: "localhost:43983"
clientAddress: "localhost:39609"
adminAddress: "localhost:37077"
startupRole: FOLLOWER
,id: "s1"
address: "localhost:38917"
dataStreamAddress: "localhost:45719"
clientAddress: "localhost:36975"
adminAddress: "localhost:40635"
startupRole: FOLLOWER
,id: "s2"
address: "localhost:35511"
dataStreamAddress: "localhost:38827"
clientAddress: "localhost:42865"
adminAddress: "localhost:36791"
startupRole: FOLLOWER
, old:), (t:2, i:1), STATEMACHINELOGENTRY, 0@client-2EFB324ADA71, (t:2, i:2), METADATAENTRY(c:1), (t:2, i:3), STATEMACHINELOGENTRY, 999@client-AE8279CAF820, (t:2, i:4), METADATAENTRY(c:3)]
2022-11-08 19:12:07,218 [s2-server-thread1] INFO  server.RaftServer$Division (RaftServerImpl.java:checkInconsistentAppendEntries(1592)) - s2@group-EA982605F2E5: Failed appendEntries as the first entry (index 0) already exists (snapshotIndex: -1, commitIndex: 0)
2022-11-08 19:12:07,218 [s2-server-thread1] INFO  server.RaftServer$Division (RaftServerImpl.java:checkInconsistentAppendEntries(1572)) - s2@group-EA982605F2E5: inconsistency entries. Reply:s1<-s2#165:FAIL-t2,INCONSISTENCY,nextIndex=1,followerCommit=0,matchIndex=-1
2022-11-08 19:12:07,218 [grpc-default-executor-0] INFO  leader.FollowerInfo (FollowerInfoImpl.java:lambda$new$0(48)) - s1@group-EA982605F2E5->s2: nextIndex: updateUnconditionally 5 -> 1
2022-11-08 19:12:07,220 [s2-server-thread1] DEBUG server.RaftServer$Division (RaftServerImpl.java:logAppendEntries(1421)) - s2@group-EA982605F2E5: receive appendEntries(s1, 2, (t:2, i:0), 4, true, commits:[s1:c4, s0:c4, s2:c0], cId:166, entries: [(t:2, i:1), STATEMACHINELOGENTRY, 0@client-2EFB324ADA71, (t:2, i:2), METADATAENTRY(c:1), (t:2, i:3), STATEMACHINELOGENTRY, 999@client-AE8279CAF820, (t:2, i:4), METADATAENTRY(c:3)]
2022-11-08 19:12:07,220 [s2-server-thread1] INFO  server.RaftServer$Division (RaftServerImpl.java:checkInconsistentAppendEntries(1602)) - s2@group-EA982605F2E5: Failed appendEntries as previous log entry ((t:2, i:0)) is not found
2022-11-08 19:12:07,220 [s2-server-thread1] INFO  server.RaftServer$Division (RaftServerImpl.java:checkInconsistentAppendEntries(1572)) - s2@group-EA982605F2E5: inconsistency entries. Reply:s1<-s2#166:FAIL-t2,INCONSISTENCY,nextIndex=0,followerCommit=0,matchIndex=-1
2022-11-08 19:12:07,220 [grpc-default-executor-0] INFO  leader.FollowerInfo (FollowerInfoImpl.java:lambda$new$0(48)) - s1@group-EA982605F2E5->s2: nextIndex: updateUnconditionally 5 -> 0
2022-11-08 19:12:07,222 [s2-server-thread1] DEBUG server.RaftServer$Division (RaftServerImpl.java:logAppendEntries(1421)) - s2@group-EA982605F2E5: receive appendEntries(s1, 2, null, 4, true, commits:[s1:c4, s0:c4, s2:c0], cId:167, entries: [(t:2, i:0), CONFIGURATIONENTRY(current:id: "s0"
address: "localhost:34297"
dataStreamAddress: "localhost:43983"
clientAddress: "localhost:39609"
adminAddress: "localhost:37077"
startupRole: FOLLOWER
,id: "s1"
address: "localhost:38917"
dataStreamAddress: "localhost:45719"
clientAddress: "localhost:36975"
adminAddress: "localhost:40635"
startupRole: FOLLOWER
,id: "s2"
address: "localhost:35511"
dataStreamAddress: "localhost:38827"
clientAddress: "localhost:42865"
adminAddress: "localhost:36791"
startupRole: FOLLOWER
, old:), (t:2, i:1), STATEMACHINELOGENTRY, 0@client-2EFB324ADA71, (t:2, i:2), METADATAENTRY(c:1), (t:2, i:3), STATEMACHINELOGENTRY, 999@client-AE8279CAF820, (t:2, i:4), METADATAENTRY(c:3)]
2022-11-08 19:12:07,222 [s2-server-thread1] INFO  server.RaftServer$Division (RaftServerImpl.java:checkInconsistentAppendEntries(1592)) - s2@group-EA982605F2E5: Failed appendEntries as the first entry (index 0) already exists (snapshotIndex: -1, commitIndex: 0)
2022-11-08 19:12:07,222 [s2-server-thread1] INFO  server.RaftServer$Division (RaftServerImpl.java:checkInconsistentAppendEntries(1572)) - s2@group-EA982605F2E5: inconsistency entries. Reply:s1<-s2#167:FAIL-t2,INCONSISTENCY,nextIndex=1,followerCommit=0,matchIndex=-1
2022-11-08 19:12:07,223 [grpc-default-executor-0] INFO  leader.FollowerInfo (FollowerInfoImpl.java:lambda$new$0(48)) - s1@group-EA982605F2E5->s2: nextIndex: updateUnconditionally 5 -> 1
2022-11-08 19:12:07,225 [s2-server-thread1] DEBUG server.RaftServer$Division (RaftServerImpl.java:logAppendEntries(1421)) - s2@group-EA982605F2E5: receive appendEntries(s1, 2, (t:2, i:0), 4, true, commits:[s1:c4, s0:c4, s2:c0], cId:168, entries: [(t:2, i:1), STATEMACHINELOGENTRY, 0@client-2EFB324ADA71, (t:2, i:2), METADATAENTRY(c:1), (t:2, i:3), STATEMACHINELOGENTRY, 999@client-AE8279CAF820, (t:2, i:4), METADATAENTRY(c:3)]
2022-11-08 19:12:07,225 [s2-server-thread1] INFO  server.RaftServer$Division (RaftServerImpl.java:checkInconsistentAppendEntries(1602)) - s2@group-EA982605F2E5: Failed appendEntries as previous log entry ((t:2, i:0)) is not found
2022-11-08 19:12:07,225 [s2-server-thread1] INFO  server.RaftServer$Division (RaftServerImpl.java:checkInconsistentAppendEntries(1572)) - s2@group-EA982605F2E5: inconsistency entries. Reply:s1<-s2#168:FAIL-t2,INCONSISTENCY,nextIndex=0,followerCommit=0,matchIndex=-1
2022-11-08 19:12:07,225 [grpc-default-executor-0] INFO  leader.FollowerInfo (FollowerInfoImpl.java:lambda$new$0(48)) - s1@group-EA982605F2E5->s2: nextIndex: updateUnconditionally 5 -> 0
2022-11-08 19:12:07,227 [s2-server-thread1] DEBUG server.RaftServer$Division (RaftServerImpl.java:logAppendEntries(1421)) - s2@group-EA982605F2E5: receive appendEntries(s1, 2, null, 4, true, commits:[s1:c4, s0:c4, s2:c0], cId:169, entries: [(t:2, i:0), CONFIGURATIONENTRY(current:id: "s0"
address: "localhost:34297"
dataStreamAddress: "localhost:43983"
clientAddress: "localhost:39609"
adminAddress: "localhost:37077"
startupRole: FOLLOWER
,id: "s1"
address: "localhost:38917"
dataStreamAddress: "localhost:45719"
clientAddress: "localhost:36975"
adminAddress: "localhost:40635"
startupRole: FOLLOWER
,id: "s2"
address: "localhost:35511"
dataStreamAddress: "localhost:38827"
clientAddress: "localhost:42865"
adminAddress: "localhost:36791"
startupRole: FOLLOWER
, old:), (t:2, i:1), STATEMACHINELOGENTRY, 0@client-2EFB324ADA71, (t:2, i:2), METADATAENTRY(c:1), (t:2, i:3), STATEMACHINELOGENTRY, 999@client-AE8279CAF820, (t:2, i:4), METADATAENTRY(c:3)]
2022-11-08 19:12:07,227 [s2-server-thread1] INFO  server.RaftServer$Division (RaftServerImpl.java:checkInconsistentAppendEntries(1592)) - s2@group-EA982605F2E5: Failed appendEntries as the first entry (index 0) already exists (snapshotIndex: -1, commitIndex: 0)
2022-11-08 19:12:07,227 [s2-server-thread1] INFO  server.RaftServer$Division (RaftServerImpl.java:checkInconsistentAppendEntries(1572)) - s2@group-EA982605F2E5: inconsistency entries. Reply:s1<-s2#169:FAIL-t2,INCONSISTENCY,nextIndex=1,followerCommit=0,matchIndex=-1
2022-11-08 19:12:07,228 [grpc-default-executor-0] INFO  leader.FollowerInfo (FollowerInfoImpl.java:lambda$new$0(48)) - s1@group-EA982605F2E5->s2: nextIndex: updateUnconditionally 5 -> 1
2022-11-08 19:12:07,229 [s2-server-thread2] DEBUG server.RaftServer$Division (RaftServerImpl.java:logAppendEntries(1421)) - s2@group-EA982605F2E5: receive appendEntries(s1, 2, (t:2, i:0), 4, true, commits:[s1:c4, s0:c4, s2:c0], cId:170, entries: [(t:2, i:1), STATEMACHINELOGENTRY, 0@client-2EFB324ADA71, (t:2, i:2), METADATAENTRY(c:1), (t:2, i:3), STATEMACHINELOGENTRY, 999@client-AE8279CAF820, (t:2, i:4), METADATAENTRY(c:3)]
2022-11-08 19:12:07,229 [s2-server-thread2] INFO  server.RaftServer$Division (RaftServerImpl.java:checkInconsistentAppendEntries(1602)) - s2@group-EA982605F2E5: Failed appendEntries as previous log entry ((t:2, i:0)) is not found
2022-11-08 19:12:07,229 [s2-server-thread2] INFO  server.RaftServer$Division (RaftServerImpl.java:checkInconsistentAppendEntries(1572)) - s2@group-EA982605F2E5: inconsistency entries. Reply:s1<-s2#170:FAIL-t2,INCONSISTENCY,nextIndex=0,followerCommit=0,matchIndex=-1
2022-11-08 19:12:07,230 [grpc-default-executor-0] INFO  leader.FollowerInfo (FollowerInfoImpl.java:lambda$new$0(48)) - s1@group-EA982605F2E5->s2: nextIndex: updateUnconditionally 5 -> 0
2022-11-08 19:12:07,231 [s2-server-thread1] DEBUG server.RaftServer$Division (RaftServerImpl.java:logAppendEntries(1421)) - s2@group-EA982605F2E5: receive appendEntries(s1, 2, null, 4, true, commits:[s1:c4, s0:c4, s2:c0], cId:171, entries: [(t:2, i:0), CONFIGURATIONENTRY(current:id: "s0"
address: "localhost:34297"
dataStreamAddress: "localhost:43983"
clientAddress: "localhost:39609"
adminAddress: "localhost:37077"
startupRole: FOLLOWER
,id: "s1"
address: "localhost:38917"
dataStreamAddress: "localhost:45719"
clientAddress: "localhost:36975"
adminAddress: "localhost:40635"
startupRole: FOLLOWER
,id: "s2"
address: "localhost:35511"
dataStreamAddress: "localhost:38827"
clientAddress: "localhost:42865"
adminAddress: "localhost:36791"
startupRole: FOLLOWER
, old:), (t:2, i:1), STATEMACHINELOGENTRY, 0@client-2EFB324ADA71, (t:2, i:2), METADATAENTRY(c:1), (t:2, i:3), STATEMACHINELOGENTRY, 999@client-AE8279CAF820, (t:2, i:4), METADATAENTRY(c:3)]
2022-11-08 19:12:07,231 [s2-server-thread1] INFO  server.RaftServer$Division (RaftServerImpl.java:checkInconsistentAppendEntries(1592)) - s2@group-EA982605F2E5: Failed appendEntries as the first entry (index 0) already exists (snapshotIndex: -1, commitIndex: 0)
2022-11-08 19:12:07,232 [s2-server-thread1] INFO  server.RaftServer$Division (RaftServerImpl.java:checkInconsistentAppendEntries(1572)) - s2@group-EA982605F2E5: inconsistency entries. Reply:s1<-s2#171:FAIL-t2,INCONSISTENCY,nextIndex=1,followerCommit=0,matchIndex=-1
2022-11-08 19:12:07,232 [grpc-default-executor-0] INFO  leader.FollowerInfo (FollowerInfoImpl.java:lambda$new$0(48)) - s1@group-EA982605F2E5->s2: nextIndex: updateUnconditionally 5 -> 1
2022-11-08 19:12:07,233 [s2-server-thread1] DEBUG server.RaftServer$Division (RaftServerImpl.java:logAppendEntries(1421)) - s2@group-EA982605F2E5: receive appendEntries(s1, 2, (t:2, i:0), 4, true, commits:[s1:c4, s0:c4, s2:c0], cId:172, entries: [(t:2, i:1), STATEMACHINELOGENTRY, 0@client-2EFB324ADA71, (t:2, i:2), METADATAENTRY(c:1), (t:2, i:3), STATEMACHINELOGENTRY, 999@client-AE8279CAF820, (t:2, i:4), METADATAENTRY(c:3)]
2022-11-08 19:12:07,234 [s2-server-thread1] INFO  server.RaftServer$Division (RaftServerImpl.java:checkInconsistentAppendEntries(1602)) - s2@group-EA982605F2E5: Failed appendEntries as previous log entry ((t:2, i:0)) is not found
2022-11-08 19:12:07,234 [s2-server-thread1] INFO  server.RaftServer$Division (RaftServerImpl.java:checkInconsistentAppendEntries(1572)) - s2@group-EA982605F2E5: inconsistency entries. Reply:s1<-s2#172:FAIL-t2,INCONSISTENCY,nextIndex=0,followerCommit=0,matchIndex=-1
2022-11-08 19:12:07,234 [grpc-default-executor-0] INFO  leader.FollowerInfo (FollowerInfoImpl.java:lambda$new$0(48)) - s1@group-EA982605F2E5->s2: nextIndex: updateUnconditionally 5 -> 0
2022-11-08 19:12:07,236 [s2-server-thread1] DEBUG server.RaftServer$Division (RaftServerImpl.java:logAppendEntries(1421)) - s2@group-EA982605F2E5: receive appendEntries(s1, 2, null, 4, true, commits:[s1:c4, s0:c4, s2:c0], cId:173, entries: [(t:2, i:0), CONFIGURATIONENTRY(current:id: "s0"
address: "localhost:34297"
dataStreamAddress: "localhost:43983"
clientAddress: "localhost:39609"
adminAddress: "localhost:37077"
startupRole: FOLLOWER
,id: "s1"
address: "localhost:38917"
dataStreamAddress: "localhost:45719"
clientAddress: "localhost:36975"
adminAddress: "localhost:40635"
startupRole: FOLLOWER
,id: "s2"
address: "localhost:35511"
dataStreamAddress: "localhost:38827"
clientAddress: "localhost:42865"
adminAddress: "localhost:36791"
startupRole: FOLLOWER
, old:), (t:2, i:1), STATEMACHINELOGENTRY, 0@client-2EFB324ADA71, (t:2, i:2), METADATAENTRY(c:1), (t:2, i:3), STATEMACHINELOGENTRY, 999@client-AE8279CAF820, (t:2, i:4), METADATAENTRY(c:3)]
2022-11-08 19:12:07,236 [s2-server-thread1] INFO  server.RaftServer$Division (RaftServerImpl.java:checkInconsistentAppendEntries(1592)) - s2@group-EA982605F2E5: Failed appendEntries as the first entry (index 0) already exists (snapshotIndex: -1, commitIndex: 0)
2022-11-08 19:12:07,236 [s2-server-thread1] INFO  server.RaftServer$Division (RaftServerImpl.java:checkInconsistentAppendEntries(1572)) - s2@group-EA982605F2E5: inconsistency entries. Reply:s1<-s2#173:FAIL-t2,INCONSISTENCY,nextIndex=1,followerCommit=0,matchIndex=-1
2022-11-08 19:12:07,236 [grpc-default-executor-0] INFO  leader.FollowerInfo (FollowerInfoImpl.java:lambda$new$0(48)) - s1@group-EA982605F2E5->s2: nextIndex: updateUnconditionally 5 -> 1
2022-11-08 19:12:07,238 [s2-server-thread2] DEBUG server.RaftServer$Division (RaftServerImpl.java:logAppendEntries(1421)) - s2@group-EA982605F2E5: receive appendEntries(s1, 2, (t:2, i:0), 4, true, commits:[s1:c4, s0:c4, s2:c0], cId:174, entries: [(t:2, i:1), STATEMACHINELOGENTRY, 0@client-2EFB324ADA71, (t:2, i:2), METADATAENTRY(c:1), (t:2, i:3), STATEMACHINELOGENTRY, 999@client-AE8279CAF820, (t:2, i:4), METADATAENTRY(c:3)]
2022-11-08 19:12:07,238 [s2-server-thread2] INFO  server.RaftServer$Division (RaftServerImpl.java:checkInconsistentAppendEntries(1602)) - s2@group-EA982605F2E5: Failed appendEntries as previous log entry ((t:2, i:0)) is not found
2022-11-08 19:12:07,238 [s2-server-thread2] INFO  server.RaftServer$Division (RaftServerImpl.java:checkInconsistentAppendEntries(1572)) - s2@group-EA982605F2E5: inconsistency entries. Reply:s1<-s2#174:FAIL-t2,INCONSISTENCY,nextIndex=0,followerCommit=0,matchIndex=-1
2022-11-08 19:12:07,239 [grpc-default-executor-0] INFO  leader.FollowerInfo (FollowerInfoImpl.java:lambda$new$0(48)) - s1@group-EA982605F2E5->s2: nextIndex: updateUnconditionally 5 -> 0
2022-11-08 19:12:07,240 [s2-server-thread1] DEBUG server.RaftServer$Division (RaftServerImpl.java:logAppendEntries(1421)) - s2@group-EA982605F2E5: receive appendEntries(s1, 2, null, 4, true, commits:[s1:c4, s0:c4, s2:c0], cId:175, entries: [(t:2, i:0), CONFIGURATIONENTRY(current:id: "s0"
address: "localhost:34297"
dataStreamAddress: "localhost:43983"
clientAddress: "localhost:39609"
adminAddress: "localhost:37077"
startupRole: FOLLOWER
,id: "s1"
address: "localhost:38917"
dataStreamAddress: "localhost:45719"
clientAddress: "localhost:36975"
adminAddress: "localhost:40635"
startupRole: FOLLOWER
,id: "s2"
address: "localhost:35511"
dataStreamAddress: "localhost:38827"
clientAddress: "localhost:42865"
adminAddress: "localhost:36791"
startupRole: FOLLOWER
, old:), (t:2, i:1), STATEMACHINELOGENTRY, 0@client-2EFB324ADA71, (t:2, i:2), METADATAENTRY(c:1), (t:2, i:3), STATEMACHINELOGENTRY, 999@client-AE8279CAF820, (t:2, i:4), METADATAENTRY(c:3)]
2022-11-08 19:12:07,241 [s2-server-thread1] INFO  server.RaftServer$Division (RaftServerImpl.java:checkInconsistentAppendEntries(1592)) - s2@group-EA982605F2E5: Failed appendEntries as the first entry (index 0) already exists (snapshotIndex: -1, commitIndex: 0)
2022-11-08 19:12:07,241 [s2-server-thread1] INFO  server.RaftServer$Division (RaftServerImpl.java:checkInconsistentAppendEntries(1572)) - s2@group-EA982605F2E5: inconsistency entries. Reply:s1<-s2#175:FAIL-t2,INCONSISTENCY,nextIndex=1,followerCommit=0,matchIndex=-1
2022-11-08 19:12:07,241 [grpc-default-executor-0] INFO  leader.FollowerInfo (FollowerInfoImpl.java:lambda$new$0(48)) - s1@group-EA982605F2E5->s2: nextIndex: updateUnconditionally 5 -> 1
2022-11-08 19:12:07,244 [s2-server-thread1] DEBUG server.RaftServer$Division (RaftServerImpl.java:logAppendEntries(1421)) - s2@group-EA982605F2E5: receive appendEntries(s1, 2, (t:2, i:0), 4, true, commits:[s1:c4, s0:c4, s2:c0], cId:176, entries: [(t:2, i:1), STATEMACHINELOGENTRY, 0@client-2EFB324ADA71, (t:2, i:2), METADATAENTRY(c:1), (t:2, i:3), STATEMACHINELOGENTRY, 999@client-AE8279CAF820, (t:2, i:4), METADATAENTRY(c:3)]
2022-11-08 19:12:07,244 [s2-server-thread1] INFO  server.RaftServer$Division (RaftServerImpl.java:checkInconsistentAppendEntries(1602)) - s2@group-EA982605F2E5: Failed appendEntries as previous log entry ((t:2, i:0)) is not found
2022-11-08 19:12:07,244 [s2-server-thread1] INFO  server.RaftServer$Division (RaftServerImpl.java:checkInconsistentAppendEntries(1572)) - s2@group-EA982605F2E5: inconsistency entries. Reply:s1<-s2#176:FAIL-t2,INCONSISTENCY,nextIndex=0,followerCommit=0,matchIndex=-1
2022-11-08 19:12:07,245 [grpc-default-executor-0] INFO  leader.FollowerInfo (FollowerInfoImpl.java:lambda$new$0(48)) - s1@group-EA982605F2E5->s2: nextIndex: updateUnconditionally 5 -> 0
2022-11-08 19:12:07,246 [s2-server-thread1] DEBUG server.RaftServer$Division (RaftServerImpl.java:logAppendEntries(1421)) - s2@group-EA982605F2E5: receive appendEntries(s1, 2, null, 4, true, commits:[s1:c4, s0:c4, s2:c0], cId:177, entries: [(t:2, i:0), CONFIGURATIONENTRY(current:id: "s0"
address: "localhost:34297"
dataStreamAddress: "localhost:43983"
clientAddress: "localhost:39609"
adminAddress: "localhost:37077"
startupRole: FOLLOWER
,id: "s1"
address: "localhost:38917"
dataStreamAddress: "localhost:45719"
clientAddress: "localhost:36975"
adminAddress: "localhost:40635"
startupRole: FOLLOWER
,id: "s2"
address: "localhost:35511"
dataStreamAddress: "localhost:38827"
clientAddress: "localhost:42865"
adminAddress: "localhost:36791"
startupRole: FOLLOWER
, old:), (t:2, i:1), STATEMACHINELOGENTRY, 0@client-2EFB324ADA71, (t:2, i:2), METADATAENTRY(c:1), (t:2, i:3), STATEMACHINELOGENTRY, 999@client-AE8279CAF820, (t:2, i:4), METADATAENTRY(c:3)]
2022-11-08 19:12:07,247 [s2-server-thread1] INFO  server.RaftServer$Division (RaftServerImpl.java:checkInconsistentAppendEntries(1592)) - s2@group-EA982605F2E5: Failed appendEntries as the first entry (index 0) already exists (snapshotIndex: -1, commitIndex: 0)
2022-11-08 19:12:07,247 [s2-server-thread1] INFO  server.RaftServer$Division (RaftServerImpl.java:checkInconsistentAppendEntries(1572)) - s2@group-EA982605F2E5: inconsistency entries. Reply:s1<-s2#177:FAIL-t2,INCONSISTENCY,nextIndex=1,followerCommit=0,matchIndex=-1
2022-11-08 19:12:07,247 [grpc-default-executor-0] INFO  leader.FollowerInfo (FollowerInfoImpl.java:lambda$new$0(48)) - s1@group-EA982605F2E5->s2: nextIndex: updateUnconditionally 5 -> 1
2022-11-08 19:12:07,249 [s2-server-thread2] DEBUG server.RaftServer$Division (RaftServerImpl.java:logAppendEntries(1421)) - s2@group-EA982605F2E5: receive appendEntries(s1, 2, (t:2, i:0), 4, true, commits:[s1:c4, s0:c4, s2:c0], cId:178, entries: [(t:2, i:1), STATEMACHINELOGENTRY, 0@client-2EFB324ADA71, (t:2, i:2), METADATAENTRY(c:1), (t:2, i:3), STATEMACHINELOGENTRY, 999@client-AE8279CAF820, (t:2, i:4), METADATAENTRY(c:3)]
2022-11-08 19:12:07,249 [s2-server-thread2] INFO  server.RaftServer$Division (RaftServerImpl.java:checkInconsistentAppendEntries(1602)) - s2@group-EA982605F2E5: Failed appendEntries as previous log entry ((t:2, i:0)) is not found
2022-11-08 19:12:07,249 [s2-server-thread2] INFO  server.RaftServer$Division (RaftServerImpl.java:checkInconsistentAppendEntries(1572)) - s2@group-EA982605F2E5: inconsistency entries. Reply:s1<-s2#178:FAIL-t2,INCONSISTENCY,nextIndex=0,followerCommit=0,matchIndex=-1
2022-11-08 19:12:07,251 [grpc-default-executor-0] INFO  leader.FollowerInfo (FollowerInfoImpl.java:lambda$new$0(48)) - s1@group-EA982605F2E5->s2: nextIndex: updateUnconditionally 5 -> 0
2022-11-08 19:12:07,252 [s2-server-thread2] DEBUG server.RaftServer$Division (RaftServerImpl.java:logAppendEntries(1421)) - s2@group-EA982605F2E5: receive appendEntries(s1, 2, null, 4, true, commits:[s1:c4, s0:c4, s2:c0], cId:179, entries: [(t:2, i:0), CONFIGURATIONENTRY(current:id: "s0"
address: "localhost:34297"
dataStreamAddress: "localhost:43983"
clientAddress: "localhost:39609"
adminAddress: "localhost:37077"
startupRole: FOLLOWER
,id: "s1"
address: "localhost:38917"
dataStreamAddress: "localhost:45719"
clientAddress: "localhost:36975"
adminAddress: "localhost:40635"
startupRole: FOLLOWER
,id: "s2"
address: "localhost:35511"
dataStreamAddress: "localhost:38827"
clientAddress: "localhost:42865"
adminAddress: "localhost:36791"
startupRole: FOLLOWER
, old:), (t:2, i:1), STATEMACHINELOGENTRY, 0@client-2EFB324ADA71, (t:2, i:2), METADATAENTRY(c:1), (t:2, i:3), STATEMACHINELOGENTRY, 999@client-AE8279CAF820, (t:2, i:4), METADATAENTRY(c:3)]
2022-11-08 19:12:07,253 [s2-server-thread2] INFO  server.RaftServer$Division (RaftServerImpl.java:checkInconsistentAppendEntries(1592)) - s2@group-EA982605F2E5: Failed appendEntries as the first entry (index 0) already exists (snapshotIndex: -1, commitIndex: 0)
2022-11-08 19:12:07,253 [s2-server-thread2] INFO  server.RaftServer$Division (RaftServerImpl.java:checkInconsistentAppendEntries(1572)) - s2@group-EA982605F2E5: inconsistency entries. Reply:s1<-s2#179:FAIL-t2,INCONSISTENCY,nextIndex=1,followerCommit=0,matchIndex=-1
2022-11-08 19:12:07,256 [grpc-default-executor-0] INFO  leader.FollowerInfo (FollowerInfoImpl.java:lambda$new$0(48)) - s1@group-EA982605F2E5->s2: nextIndex: updateUnconditionally 5 -> 1
2022-11-08 19:12:07,260 [s2-server-thread2] DEBUG server.RaftServer$Division (RaftServerImpl.java:logAppendEntries(1421)) - s2@group-EA982605F2E5: receive appendEntries(s1, 2, (t:2, i:0), 4, true, commits:[s1:c4, s0:c4, s2:c0], cId:180, entries: [(t:2, i:1), STATEMACHINELOGENTRY, 0@client-2EFB324ADA71, (t:2, i:2), METADATAENTRY(c:1), (t:2, i:3), STATEMACHINELOGENTRY, 999@client-AE8279CAF820, (t:2, i:4), METADATAENTRY(c:3)]
2022-11-08 19:12:07,260 [s2-server-thread2] INFO  server.RaftServer$Division (RaftServerImpl.java:checkInconsistentAppendEntries(1602)) - s2@group-EA982605F2E5: Failed appendEntries as previous log entry ((t:2, i:0)) is not found
2022-11-08 19:12:07,260 [s2-server-thread2] INFO  server.RaftServer$Division (RaftServerImpl.java:checkInconsistentAppendEntries(1572)) - s2@group-EA982605F2E5: inconsistency entries. Reply:s1<-s2#180:FAIL-t2,INCONSISTENCY,nextIndex=0,followerCommit=0,matchIndex=-1
2022-11-08 19:12:07,261 [grpc-default-executor-0] INFO  leader.FollowerInfo (FollowerInfoImpl.java:lambda$new$0(48)) - s1@group-EA982605F2E5->s2: nextIndex: updateUnconditionally 5 -> 0
2022-11-08 19:12:07,265 [s2-server-thread2] DEBUG server.RaftServer$Division (RaftServerImpl.java:logAppendEntries(1421)) - s2@group-EA982605F2E5: receive appendEntries(s1, 2, null, 4, true, commits:[s1:c4, s0:c4, s2:c0], cId:181, entries: [(t:2, i:0), CONFIGURATIONENTRY(current:id: "s0"
address: "localhost:34297"
dataStreamAddress: "localhost:43983"
clientAddress: "localhost:39609"
adminAddress: "localhost:37077"
startupRole: FOLLOWER
,id: "s1"
address: "localhost:38917"
dataStreamAddress: "localhost:45719"
clientAddress: "localhost:36975"
adminAddress: "localhost:40635"
startupRole: FOLLOWER
,id: "s2"
address: "localhost:35511"
dataStreamAddress: "localhost:38827"
clientAddress: "localhost:42865"
adminAddress: "localhost:36791"
startupRole: FOLLOWER
, old:), (t:2, i:1), STATEMACHINELOGENTRY, 0@client-2EFB324ADA71, (t:2, i:2), METADATAENTRY(c:1), (t:2, i:3), STATEMACHINELOGENTRY, 999@client-AE8279CAF820, (t:2, i:4), METADATAENTRY(c:3)]
2022-11-08 19:12:07,265 [s2-server-thread2] INFO  server.RaftServer$Division (RaftServerImpl.java:checkInconsistentAppendEntries(1592)) - s2@group-EA982605F2E5: Failed appendEntries as the first entry (index 0) already exists (snapshotIndex: -1, commitIndex: 0)
2022-11-08 19:12:07,265 [s2-server-thread2] INFO  server.RaftServer$Division (RaftServerImpl.java:checkInconsistentAppendEntries(1572)) - s2@group-EA982605F2E5: inconsistency entries. Reply:s1<-s2#181:FAIL-t2,INCONSISTENCY,nextIndex=1,followerCommit=0,matchIndex=-1
2022-11-08 19:12:07,266 [grpc-default-executor-0] INFO  leader.FollowerInfo (FollowerInfoImpl.java:lambda$new$0(48)) - s1@group-EA982605F2E5->s2: nextIndex: updateUnconditionally 5 -> 1
2022-11-08 19:12:07,267 [s2-server-thread2] DEBUG server.RaftServer$Division (RaftServerImpl.java:logAppendEntries(1421)) - s2@group-EA982605F2E5: receive appendEntries(s1, 2, (t:2, i:0), 4, true, commits:[s1:c4, s0:c4, s2:c0], cId:182, entries: [(t:2, i:1), STATEMACHINELOGENTRY, 0@client-2EFB324ADA71, (t:2, i:2), METADATAENTRY(c:1), (t:2, i:3), STATEMACHINELOGENTRY, 999@client-AE8279CAF820, (t:2, i:4), METADATAENTRY(c:3)]
2022-11-08 19:12:07,267 [s2-server-thread2] INFO  server.RaftServer$Division (RaftServerImpl.java:checkInconsistentAppendEntries(1602)) - s2@group-EA982605F2E5: Failed appendEntries as previous log entry ((t:2, i:0)) is not found
2022-11-08 19:12:07,268 [s2-server-thread2] INFO  server.RaftServer$Division (RaftServerImpl.java:checkInconsistentAppendEntries(1572)) - s2@group-EA982605F2E5: inconsistency entries. Reply:s1<-s2#182:FAIL-t2,INCONSISTENCY,nextIndex=0,followerCommit=0,matchIndex=-1
2022-11-08 19:12:07,268 [grpc-default-executor-0] INFO  leader.FollowerInfo (FollowerInfoImpl.java:lambda$new$0(48)) - s1@group-EA982605F2E5->s2: nextIndex: updateUnconditionally 5 -> 0
2022-11-08 19:12:07,270 [s2-server-thread2] DEBUG server.RaftServer$Division (RaftServerImpl.java:logAppendEntries(1421)) - s2@group-EA982605F2E5: receive appendEntries(s1, 2, null, 4, true, commits:[s1:c4, s0:c4, s2:c0], cId:183, entries: [(t:2, i:0), CONFIGURATIONENTRY(current:id: "s0"
address: "localhost:34297"
dataStreamAddress: "localhost:43983"
clientAddress: "localhost:39609"
adminAddress: "localhost:37077"
startupRole: FOLLOWER
,id: "s1"
address: "localhost:38917"
dataStreamAddress: "localhost:45719"
clientAddress: "localhost:36975"
adminAddress: "localhost:40635"
startupRole: FOLLOWER
,id: "s2"
address: "localhost:35511"
dataStreamAddress: "localhost:38827"
clientAddress: "localhost:42865"
adminAddress: "localhost:36791"
startupRole: FOLLOWER
, old:), (t:2, i:1), STATEMACHINELOGENTRY, 0@client-2EFB324ADA71, (t:2, i:2), METADATAENTRY(c:1), (t:2, i:3), STATEMACHINELOGENTRY, 999@client-AE8279CAF820, (t:2, i:4), METADATAENTRY(c:3)]
2022-11-08 19:12:07,270 [s2-server-thread2] INFO  server.RaftServer$Division (RaftServerImpl.java:checkInconsistentAppendEntries(1592)) - s2@group-EA982605F2E5: Failed appendEntries as the first entry (index 0) already exists (snapshotIndex: -1, commitIndex: 0)
2022-11-08 19:12:07,270 [s2-server-thread2] INFO  server.RaftServer$Division (RaftServerImpl.java:checkInconsistentAppendEntries(1572)) - s2@group-EA982605F2E5: inconsistency entries. Reply:s1<-s2#183:FAIL-t2,INCONSISTENCY,nextIndex=1,followerCommit=0,matchIndex=-1
2022-11-08 19:12:07,271 [grpc-default-executor-0] INFO  leader.FollowerInfo (FollowerInfoImpl.java:lambda$new$0(48)) - s1@group-EA982605F2E5->s2: nextIndex: updateUnconditionally 5 -> 1
2022-11-08 19:12:07,272 [s2-server-thread2] DEBUG server.RaftServer$Division (RaftServerImpl.java:logAppendEntries(1421)) - s2@group-EA982605F2E5: receive appendEntries(s1, 2, (t:2, i:0), 4, true, commits:[s1:c4, s0:c4, s2:c0], cId:184, entries: [(t:2, i:1), STATEMACHINELOGENTRY, 0@client-2EFB324ADA71, (t:2, i:2), METADATAENTRY(c:1), (t:2, i:3), STATEMACHINELOGENTRY, 999@client-AE8279CAF820, (t:2, i:4), METADATAENTRY(c:3)]
2022-11-08 19:12:07,272 [s2-server-thread2] INFO  server.RaftServer$Division (RaftServerImpl.java:checkInconsistentAppendEntries(1602)) - s2@group-EA982605F2E5: Failed appendEntries as previous log entry ((t:2, i:0)) is not found
2022-11-08 19:12:07,272 [s2-server-thread2] INFO  server.RaftServer$Division (RaftServerImpl.java:checkInconsistentAppendEntries(1572)) - s2@group-EA982605F2E5: inconsistency entries. Reply:s1<-s2#184:FAIL-t2,INCONSISTENCY,nextIndex=0,followerCommit=0,matchIndex=-1
2022-11-08 19:12:07,273 [grpc-default-executor-0] INFO  leader.FollowerInfo (FollowerInfoImpl.java:lambda$new$0(48)) - s1@group-EA982605F2E5->s2: nextIndex: updateUnconditionally 5 -> 0
2022-11-08 19:12:07,276 [s2-server-thread2] DEBUG server.RaftServer$Division (RaftServerImpl.java:logAppendEntries(1421)) - s2@group-EA982605F2E5: receive appendEntries(s1, 2, null, 4, true, commits:[s1:c4, s0:c4, s2:c0], cId:185, entries: [(t:2, i:0), CONFIGURATIONENTRY(current:id: "s0"
address: "localhost:34297"
dataStreamAddress: "localhost:43983"
clientAddress: "localhost:39609"
adminAddress: "localhost:37077"
startupRole: FOLLOWER
,id: "s1"
address: "localhost:38917"
dataStreamAddress: "localhost:45719"
clientAddress: "localhost:36975"
adminAddress: "localhost:40635"
startupRole: FOLLOWER
,id: "s2"
address: "localhost:35511"
dataStreamAddress: "localhost:38827"
clientAddress: "localhost:42865"
adminAddress: "localhost:36791"
startupRole: FOLLOWER
, old:), (t:2, i:1), STATEMACHINELOGENTRY, 0@client-2EFB324ADA71, (t:2, i:2), METADATAENTRY(c:1), (t:2, i:3), STATEMACHINELOGENTRY, 999@client-AE8279CAF820, (t:2, i:4), METADATAENTRY(c:3)]
2022-11-08 19:12:07,276 [s2-server-thread2] INFO  server.RaftServer$Division (RaftServerImpl.java:checkInconsistentAppendEntries(1592)) - s2@group-EA982605F2E5: Failed appendEntries as the first entry (index 0) already exists (snapshotIndex: -1, commitIndex: 0)
2022-11-08 19:12:07,276 [s2-server-thread2] INFO  server.RaftServer$Division (RaftServerImpl.java:checkInconsistentAppendEntries(1572)) - s2@group-EA982605F2E5: inconsistency entries. Reply:s1<-s2#185:FAIL-t2,INCONSISTENCY,nextIndex=1,followerCommit=0,matchIndex=-1
2022-11-08 19:12:07,277 [grpc-default-executor-0] INFO  leader.FollowerInfo (FollowerInfoImpl.java:lambda$new$0(48)) - s1@group-EA982605F2E5->s2: nextIndex: updateUnconditionally 5 -> 1
2022-11-08 19:12:07,278 [s2-server-thread2] DEBUG server.RaftServer$Division (RaftServerImpl.java:logAppendEntries(1421)) - s2@group-EA982605F2E5: receive appendEntries(s1, 2, (t:2, i:0), 4, true, commits:[s1:c4, s0:c4, s2:c0], cId:186, entries: [(t:2, i:1), STATEMACHINELOGENTRY, 0@client-2EFB324ADA71, (t:2, i:2), METADATAENTRY(c:1), (t:2, i:3), STATEMACHINELOGENTRY, 999@client-AE8279CAF820, (t:2, i:4), METADATAENTRY(c:3)]
2022-11-08 19:12:07,278 [s2-server-thread2] INFO  server.RaftServer$Division (RaftServerImpl.java:checkInconsistentAppendEntries(1602)) - s2@group-EA982605F2E5: Failed appendEntries as previous log entry ((t:2, i:0)) is not found
2022-11-08 19:12:07,278 [s2-server-thread2] INFO  server.RaftServer$Division (RaftServerImpl.java:checkInconsistentAppendEntries(1572)) - s2@group-EA982605F2E5: inconsistency entries. Reply:s1<-s2#186:FAIL-t2,INCONSISTENCY,nextIndex=0,followerCommit=0,matchIndex=-1
2022-11-08 19:12:07,279 [grpc-default-executor-0] INFO  leader.FollowerInfo (FollowerInfoImpl.java:lambda$new$0(48)) - s1@group-EA982605F2E5->s2: nextIndex: updateUnconditionally 5 -> 0
2022-11-08 19:12:07,280 [s2-server-thread2] DEBUG server.RaftServer$Division (RaftServerImpl.java:logAppendEntries(1421)) - s2@group-EA982605F2E5: receive appendEntries(s1, 2, null, 4, true, commits:[s1:c4, s0:c4, s2:c0], cId:187, entries: [(t:2, i:0), CONFIGURATIONENTRY(current:id: "s0"
address: "localhost:34297"
dataStreamAddress: "localhost:43983"
clientAddress: "localhost:39609"
adminAddress: "localhost:37077"
startupRole: FOLLOWER
,id: "s1"
address: "localhost:38917"
dataStreamAddress: "localhost:45719"
clientAddress: "localhost:36975"
adminAddress: "localhost:40635"
startupRole: FOLLOWER
,id: "s2"
address: "localhost:35511"
dataStreamAddress: "localhost:38827"
clientAddress: "localhost:42865"
adminAddress: "localhost:36791"
startupRole: FOLLOWER
, old:), (t:2, i:1), STATEMACHINELOGENTRY, 0@client-2EFB324ADA71, (t:2, i:2), METADATAENTRY(c:1), (t:2, i:3), STATEMACHINELOGENTRY, 999@client-AE8279CAF820, (t:2, i:4), METADATAENTRY(c:3)]
2022-11-08 19:12:07,280 [s2-server-thread2] INFO  server.RaftServer$Division (RaftServerImpl.java:checkInconsistentAppendEntries(1592)) - s2@group-EA982605F2E5: Failed appendEntries as the first entry (index 0) already exists (snapshotIndex: -1, commitIndex: 0)
2022-11-08 19:12:07,280 [s2-server-thread2] INFO  server.RaftServer$Division (RaftServerImpl.java:checkInconsistentAppendEntries(1572)) - s2@group-EA982605F2E5: inconsistency entries. Reply:s1<-s2#187:FAIL-t2,INCONSISTENCY,nextIndex=1,followerCommit=0,matchIndex=-1
2022-11-08 19:12:07,281 [grpc-default-executor-0] INFO  leader.FollowerInfo (FollowerInfoImpl.java:lambda$new$0(48)) - s1@group-EA982605F2E5->s2: nextIndex: updateUnconditionally 5 -> 1
2022-11-08 19:12:07,282 [s2-server-thread2] DEBUG server.RaftServer$Division (RaftServerImpl.java:logAppendEntries(1421)) - s2@group-EA982605F2E5: receive appendEntries(s1, 2, (t:2, i:0), 4, true, commits:[s1:c4, s0:c4, s2:c0], cId:188, entries: [(t:2, i:1), STATEMACHINELOGENTRY, 0@client-2EFB324ADA71, (t:2, i:2), METADATAENTRY(c:1), (t:2, i:3), STATEMACHINELOGENTRY, 999@client-AE8279CAF820, (t:2, i:4), METADATAENTRY(c:3)]
2022-11-08 19:12:07,282 [s2-server-thread2] INFO  server.RaftServer$Division (RaftServerImpl.java:checkInconsistentAppendEntries(1602)) - s2@group-EA982605F2E5: Failed appendEntries as previous log entry ((t:2, i:0)) is not found
2022-11-08 19:12:07,283 [s2-server-thread2] INFO  server.RaftServer$Division (RaftServerImpl.java:checkInconsistentAppendEntries(1572)) - s2@group-EA982605F2E5: inconsistency entries. Reply:s1<-s2#188:FAIL-t2,INCONSISTENCY,nextIndex=0,followerCommit=0,matchIndex=-1
2022-11-08 19:12:07,283 [grpc-default-executor-0] INFO  leader.FollowerInfo (FollowerInfoImpl.java:lambda$new$0(48)) - s1@group-EA982605F2E5->s2: nextIndex: updateUnconditionally 5 -> 0
2022-11-08 19:12:07,285 [s2-server-thread2] DEBUG server.RaftServer$Division (RaftServerImpl.java:logAppendEntries(1421)) - s2@group-EA982605F2E5: receive appendEntries(s1, 2, null, 4, true, commits:[s1:c4, s0:c4, s2:c0], cId:189, entries: [(t:2, i:0), CONFIGURATIONENTRY(current:id: "s0"
address: "localhost:34297"
dataStreamAddress: "localhost:43983"
clientAddress: "localhost:39609"
adminAddress: "localhost:37077"
startupRole: FOLLOWER
,id: "s1"
address: "localhost:38917"
dataStreamAddress: "localhost:45719"
clientAddress: "localhost:36975"
adminAddress: "localhost:40635"
startupRole: FOLLOWER
,id: "s2"
address: "localhost:35511"
dataStreamAddress: "localhost:38827"
clientAddress: "localhost:42865"
adminAddress: "localhost:36791"
startupRole: FOLLOWER
, old:), (t:2, i:1), STATEMACHINELOGENTRY, 0@client-2EFB324ADA71, (t:2, i:2), METADATAENTRY(c:1), (t:2, i:3), STATEMACHINELOGENTRY, 999@client-AE8279CAF820, (t:2, i:4), METADATAENTRY(c:3)]
2022-11-08 19:12:07,285 [s2-server-thread2] INFO  server.RaftServer$Division (RaftServerImpl.java:checkInconsistentAppendEntries(1592)) - s2@group-EA982605F2E5: Failed appendEntries as the first entry (index 0) already exists (snapshotIndex: -1, commitIndex: 0)
2022-11-08 19:12:07,285 [s2-server-thread2] INFO  server.RaftServer$Division (RaftServerImpl.java:checkInconsistentAppendEntries(1572)) - s2@group-EA982605F2E5: inconsistency entries. Reply:s1<-s2#189:FAIL-t2,INCONSISTENCY,nextIndex=1,followerCommit=0,matchIndex=-1
2022-11-08 19:12:07,285 [grpc-default-executor-0] INFO  leader.FollowerInfo (FollowerInfoImpl.java:lambda$new$0(48)) - s1@group-EA982605F2E5->s2: nextIndex: updateUnconditionally 5 -> 1
2022-11-08 19:12:07,287 [s2-server-thread2] DEBUG server.RaftServer$Division (RaftServerImpl.java:logAppendEntries(1421)) - s2@group-EA982605F2E5: receive appendEntries(s1, 2, (t:2, i:0), 4, true, commits:[s1:c4, s0:c4, s2:c0], cId:190, entries: [(t:2, i:1), STATEMACHINELOGENTRY, 0@client-2EFB324ADA71, (t:2, i:2), METADATAENTRY(c:1), (t:2, i:3), STATEMACHINELOGENTRY, 999@client-AE8279CAF820, (t:2, i:4), METADATAENTRY(c:3)]
2022-11-08 19:12:07,287 [s2-server-thread2] INFO  server.RaftServer$Division (RaftServerImpl.java:checkInconsistentAppendEntries(1602)) - s2@group-EA982605F2E5: Failed appendEntries as previous log entry ((t:2, i:0)) is not found
2022-11-08 19:12:07,287 [s2-server-thread2] INFO  server.RaftServer$Division (RaftServerImpl.java:checkInconsistentAppendEntries(1572)) - s2@group-EA982605F2E5: inconsistency entries. Reply:s1<-s2#190:FAIL-t2,INCONSISTENCY,nextIndex=0,followerCommit=0,matchIndex=-1
2022-11-08 19:12:07,288 [grpc-default-executor-0] INFO  leader.FollowerInfo (FollowerInfoImpl.java:lambda$new$0(48)) - s1@group-EA982605F2E5->s2: nextIndex: updateUnconditionally 5 -> 0
2022-11-08 19:12:07,289 [s2-server-thread2] DEBUG server.RaftServer$Division (RaftServerImpl.java:logAppendEntries(1421)) - s2@group-EA982605F2E5: receive appendEntries(s1, 2, null, 4, true, commits:[s1:c4, s0:c4, s2:c0], cId:191, entries: [(t:2, i:0), CONFIGURATIONENTRY(current:id: "s0"
address: "localhost:34297"
dataStreamAddress: "localhost:43983"
clientAddress: "localhost:39609"
adminAddress: "localhost:37077"
startupRole: FOLLOWER
,id: "s1"
address: "localhost:38917"
dataStreamAddress: "localhost:45719"
clientAddress: "localhost:36975"
adminAddress: "localhost:40635"
startupRole: FOLLOWER
,id: "s2"
address: "localhost:35511"
dataStreamAddress: "localhost:38827"
clientAddress: "localhost:42865"
adminAddress: "localhost:36791"
startupRole: FOLLOWER
, old:), (t:2, i:1), STATEMACHINELOGENTRY, 0@client-2EFB324ADA71, (t:2, i:2), METADATAENTRY(c:1), (t:2, i:3), STATEMACHINELOGENTRY, 999@client-AE8279CAF820, (t:2, i:4), METADATAENTRY(c:3)]
2022-11-08 19:12:07,290 [s2-server-thread2] INFO  server.RaftServer$Division (RaftServerImpl.java:checkInconsistentAppendEntries(1592)) - s2@group-EA982605F2E5: Failed appendEntries as the first entry (index 0) already exists (snapshotIndex: -1, commitIndex: 0)
2022-11-08 19:12:07,290 [s2-server-thread2] INFO  server.RaftServer$Division (RaftServerImpl.java:checkInconsistentAppendEntries(1572)) - s2@group-EA982605F2E5: inconsistency entries. Reply:s1<-s2#191:FAIL-t2,INCONSISTENCY,nextIndex=1,followerCommit=0,matchIndex=-1
2022-11-08 19:12:07,290 [grpc-default-executor-0] INFO  leader.FollowerInfo (FollowerInfoImpl.java:lambda$new$0(48)) - s1@group-EA982605F2E5->s2: nextIndex: updateUnconditionally 5 -> 1
2022-11-08 19:12:07,292 [s2-server-thread2] DEBUG server.RaftServer$Division (RaftServerImpl.java:logAppendEntries(1421)) - s2@group-EA982605F2E5: receive appendEntries(s1, 2, (t:2, i:0), 4, true, commits:[s1:c4, s0:c4, s2:c0], cId:192, entries: [(t:2, i:1), STATEMACHINELOGENTRY, 0@client-2EFB324ADA71, (t:2, i:2), METADATAENTRY(c:1), (t:2, i:3), STATEMACHINELOGENTRY, 999@client-AE8279CAF820, (t:2, i:4), METADATAENTRY(c:3)]
2022-11-08 19:12:07,292 [s2-server-thread2] INFO  server.RaftServer$Division (RaftServerImpl.java:checkInconsistentAppendEntries(1602)) - s2@group-EA982605F2E5: Failed appendEntries as previous log entry ((t:2, i:0)) is not found
2022-11-08 19:12:07,292 [s2-server-thread2] INFO  server.RaftServer$Division (RaftServerImpl.java:checkInconsistentAppendEntries(1572)) - s2@group-EA982605F2E5: inconsistency entries. Reply:s1<-s2#192:FAIL-t2,INCONSISTENCY,nextIndex=0,followerCommit=0,matchIndex=-1
2022-11-08 19:12:07,293 [grpc-default-executor-0] INFO  leader.FollowerInfo (FollowerInfoImpl.java:lambda$new$0(48)) - s1@group-EA982605F2E5->s2: nextIndex: updateUnconditionally 5 -> 0
2022-11-08 19:12:07,294 [s2-server-thread2] DEBUG server.RaftServer$Division (RaftServerImpl.java:logAppendEntries(1421)) - s2@group-EA982605F2E5: receive appendEntries(s1, 2, null, 4, true, commits:[s1:c4, s0:c4, s2:c0], cId:193, entries: [(t:2, i:0), CONFIGURATIONENTRY(current:id: "s0"
address: "localhost:34297"
dataStreamAddress: "localhost:43983"
clientAddress: "localhost:39609"
adminAddress: "localhost:37077"
startupRole: FOLLOWER
,id: "s1"
address: "localhost:38917"
dataStreamAddress: "localhost:45719"
clientAddress: "localhost:36975"
adminAddress: "localhost:40635"
startupRole: FOLLOWER
,id: "s2"
address: "localhost:35511"
dataStreamAddress: "localhost:38827"
clientAddress: "localhost:42865"
adminAddress: "localhost:36791"
startupRole: FOLLOWER
, old:), (t:2, i:1), STATEMACHINELOGENTRY, 0@client-2EFB324ADA71, (t:2, i:2), METADATAENTRY(c:1), (t:2, i:3), STATEMACHINELOGENTRY, 999@client-AE8279CAF820, (t:2, i:4), METADATAENTRY(c:3)]
2022-11-08 19:12:07,295 [s2-server-thread2] INFO  server.RaftServer$Division (RaftServerImpl.java:checkInconsistentAppendEntries(1592)) - s2@group-EA982605F2E5: Failed appendEntries as the first entry (index 0) already exists (snapshotIndex: -1, commitIndex: 0)
2022-11-08 19:12:07,295 [s2-server-thread2] INFO  server.RaftServer$Division (RaftServerImpl.java:checkInconsistentAppendEntries(1572)) - s2@group-EA982605F2E5: inconsistency entries. Reply:s1<-s2#193:FAIL-t2,INCONSISTENCY,nextIndex=1,followerCommit=0,matchIndex=-1
2022-11-08 19:12:07,295 [grpc-default-executor-0] INFO  leader.FollowerInfo (FollowerInfoImpl.java:lambda$new$0(48)) - s1@group-EA982605F2E5->s2: nextIndex: updateUnconditionally 5 -> 1
2022-11-08 19:12:07,297 [s2-server-thread2] DEBUG server.RaftServer$Division (RaftServerImpl.java:logAppendEntries(1421)) - s2@group-EA982605F2E5: receive appendEntries(s1, 2, (t:2, i:0), 4, true, commits:[s1:c4, s0:c4, s2:c0], cId:194, entries: [(t:2, i:1), STATEMACHINELOGENTRY, 0@client-2EFB324ADA71, (t:2, i:2), METADATAENTRY(c:1), (t:2, i:3), STATEMACHINELOGENTRY, 999@client-AE8279CAF820, (t:2, i:4), METADATAENTRY(c:3)]
2022-11-08 19:12:07,297 [s2-server-thread2] INFO  server.RaftServer$Division (RaftServerImpl.java:checkInconsistentAppendEntries(1602)) - s2@group-EA982605F2E5: Failed appendEntries as previous log entry ((t:2, i:0)) is not found
2022-11-08 19:12:07,297 [s2-server-thread2] INFO  server.RaftServer$Division (RaftServerImpl.java:checkInconsistentAppendEntries(1572)) - s2@group-EA982605F2E5: inconsistency entries. Reply:s1<-s2#194:FAIL-t2,INCONSISTENCY,nextIndex=0,followerCommit=0,matchIndex=-1
2022-11-08 19:12:07,298 [grpc-default-executor-0] INFO  leader.FollowerInfo (FollowerInfoImpl.java:lambda$new$0(48)) - s1@group-EA982605F2E5->s2: nextIndex: updateUnconditionally 5 -> 0
2022-11-08 19:12:07,299 [s2-server-thread2] DEBUG server.RaftServer$Division (RaftServerImpl.java:logAppendEntries(1421)) - s2@group-EA982605F2E5: receive appendEntries(s1, 2, null, 4, true, commits:[s1:c4, s0:c4, s2:c0], cId:195, entries: [(t:2, i:0), CONFIGURATIONENTRY(current:id: "s0"
address: "localhost:34297"
dataStreamAddress: "localhost:43983"
clientAddress: "localhost:39609"
adminAddress: "localhost:37077"
startupRole: FOLLOWER
,id: "s1"
address: "localhost:38917"
dataStreamAddress: "localhost:45719"
clientAddress: "localhost:36975"
adminAddress: "localhost:40635"
startupRole: FOLLOWER
,id: "s2"
address: "localhost:35511"
dataStreamAddress: "localhost:38827"
clientAddress: "localhost:42865"
adminAddress: "localhost:36791"
startupRole: FOLLOWER
, old:), (t:2, i:1), STATEMACHINELOGENTRY, 0@client-2EFB324ADA71, (t:2, i:2), METADATAENTRY(c:1), (t:2, i:3), STATEMACHINELOGENTRY, 999@client-AE8279CAF820, (t:2, i:4), METADATAENTRY(c:3)]
2022-11-08 19:12:07,300 [s2-server-thread2] INFO  server.RaftServer$Division (RaftServerImpl.java:checkInconsistentAppendEntries(1592)) - s2@group-EA982605F2E5: Failed appendEntries as the first entry (index 0) already exists (snapshotIndex: -1, commitIndex: 0)
2022-11-08 19:12:07,300 [s2-server-thread2] INFO  server.RaftServer$Division (RaftServerImpl.java:checkInconsistentAppendEntries(1572)) - s2@group-EA982605F2E5: inconsistency entries. Reply:s1<-s2#195:FAIL-t2,INCONSISTENCY,nextIndex=1,followerCommit=0,matchIndex=-1
2022-11-08 19:12:07,300 [grpc-default-executor-0] INFO  leader.FollowerInfo (FollowerInfoImpl.java:lambda$new$0(48)) - s1@group-EA982605F2E5->s2: nextIndex: updateUnconditionally 5 -> 1
2022-11-08 19:12:07,302 [s2-server-thread1] DEBUG server.RaftServer$Division (RaftServerImpl.java:logAppendEntries(1421)) - s2@group-EA982605F2E5: receive appendEntries(s1, 2, (t:2, i:0), 4, true, commits:[s1:c4, s0:c4, s2:c0], cId:196, entries: [(t:2, i:1), STATEMACHINELOGENTRY, 0@client-2EFB324ADA71, (t:2, i:2), METADATAENTRY(c:1), (t:2, i:3), STATEMACHINELOGENTRY, 999@client-AE8279CAF820, (t:2, i:4), METADATAENTRY(c:3)]
2022-11-08 19:12:07,302 [s2-server-thread1] INFO  server.RaftServer$Division (RaftServerImpl.java:checkInconsistentAppendEntries(1602)) - s2@group-EA982605F2E5: Failed appendEntries as previous log entry ((t:2, i:0)) is not found
2022-11-08 19:12:07,302 [s2-server-thread1] INFO  server.RaftServer$Division (RaftServerImpl.java:checkInconsistentAppendEntries(1572)) - s2@group-EA982605F2E5: inconsistency entries. Reply:s1<-s2#196:FAIL-t2,INCONSISTENCY,nextIndex=0,followerCommit=0,matchIndex=-1
2022-11-08 19:12:07,302 [grpc-default-executor-0] INFO  leader.FollowerInfo (FollowerInfoImpl.java:lambda$new$0(48)) - s1@group-EA982605F2E5->s2: nextIndex: updateUnconditionally 5 -> 0
2022-11-08 19:12:07,304 [s2-server-thread2] DEBUG server.RaftServer$Division (RaftServerImpl.java:logAppendEntries(1421)) - s2@group-EA982605F2E5: receive appendEntries(s1, 2, null, 4, true, commits:[s1:c4, s0:c4, s2:c0], cId:197, entries: [(t:2, i:0), CONFIGURATIONENTRY(current:id: "s0"
address: "localhost:34297"
dataStreamAddress: "localhost:43983"
clientAddress: "localhost:39609"
adminAddress: "localhost:37077"
startupRole: FOLLOWER
,id: "s1"
address: "localhost:38917"
dataStreamAddress: "localhost:45719"
clientAddress: "localhost:36975"
adminAddress: "localhost:40635"
startupRole: FOLLOWER
,id: "s2"
address: "localhost:35511"
dataStreamAddress: "localhost:38827"
clientAddress: "localhost:42865"
adminAddress: "localhost:36791"
startupRole: FOLLOWER
, old:), (t:2, i:1), STATEMACHINELOGENTRY, 0@client-2EFB324ADA71, (t:2, i:2), METADATAENTRY(c:1), (t:2, i:3), STATEMACHINELOGENTRY, 999@client-AE8279CAF820, (t:2, i:4), METADATAENTRY(c:3)]
2022-11-08 19:12:07,304 [s2-server-thread2] INFO  server.RaftServer$Division (RaftServerImpl.java:checkInconsistentAppendEntries(1592)) - s2@group-EA982605F2E5: Failed appendEntries as the first entry (index 0) already exists (snapshotIndex: -1, commitIndex: 0)
2022-11-08 19:12:07,304 [s2-server-thread2] INFO  server.RaftServer$Division (RaftServerImpl.java:checkInconsistentAppendEntries(1572)) - s2@group-EA982605F2E5: inconsistency entries. Reply:s1<-s2#197:FAIL-t2,INCONSISTENCY,nextIndex=1,followerCommit=0,matchIndex=-1
2022-11-08 19:12:07,305 [grpc-default-executor-0] INFO  leader.FollowerInfo (FollowerInfoImpl.java:lambda$new$0(48)) - s1@group-EA982605F2E5->s2: nextIndex: updateUnconditionally 5 -> 1
2022-11-08 19:12:07,306 [s2-server-thread2] DEBUG server.RaftServer$Division (RaftServerImpl.java:logAppendEntries(1421)) - s2@group-EA982605F2E5: receive appendEntries(s1, 2, (t:2, i:0), 4, true, commits:[s1:c4, s0:c4, s2:c0], cId:198, entries: [(t:2, i:1), STATEMACHINELOGENTRY, 0@client-2EFB324ADA71, (t:2, i:2), METADATAENTRY(c:1), (t:2, i:3), STATEMACHINELOGENTRY, 999@client-AE8279CAF820, (t:2, i:4), METADATAENTRY(c:3)]
2022-11-08 19:12:07,306 [s2-server-thread2] INFO  server.RaftServer$Division (RaftServerImpl.java:checkInconsistentAppendEntries(1602)) - s2@group-EA982605F2E5: Failed appendEntries as previous log entry ((t:2, i:0)) is not found
2022-11-08 19:12:07,306 [s2-server-thread2] INFO  server.RaftServer$Division (RaftServerImpl.java:checkInconsistentAppendEntries(1572)) - s2@group-EA982605F2E5: inconsistency entries. Reply:s1<-s2#198:FAIL-t2,INCONSISTENCY,nextIndex=0,followerCommit=0,matchIndex=-1
2022-11-08 19:12:07,307 [grpc-default-executor-0] INFO  leader.FollowerInfo (FollowerInfoImpl.java:lambda$new$0(48)) - s1@group-EA982605F2E5->s2: nextIndex: updateUnconditionally 5 -> 0
2022-11-08 19:12:07,308 [s2-server-thread2] DEBUG server.RaftServer$Division (RaftServerImpl.java:logAppendEntries(1421)) - s2@group-EA982605F2E5: receive appendEntries(s1, 2, null, 4, true, commits:[s1:c4, s0:c4, s2:c0], cId:199, entries: [(t:2, i:0), CONFIGURATIONENTRY(current:id: "s0"
address: "localhost:34297"
dataStreamAddress: "localhost:43983"
clientAddress: "localhost:39609"
adminAddress: "localhost:37077"
startupRole: FOLLOWER
,id: "s1"
address: "localhost:38917"
dataStreamAddress: "localhost:45719"
clientAddress: "localhost:36975"
adminAddress: "localhost:40635"
startupRole: FOLLOWER
,id: "s2"
address: "localhost:35511"
dataStreamAddress: "localhost:38827"
clientAddress: "localhost:42865"
adminAddress: "localhost:36791"
startupRole: FOLLOWER
, old:), (t:2, i:1), STATEMACHINELOGENTRY, 0@client-2EFB324ADA71, (t:2, i:2), METADATAENTRY(c:1), (t:2, i:3), STATEMACHINELOGENTRY, 999@client-AE8279CAF820, (t:2, i:4), METADATAENTRY(c:3)]
2022-11-08 19:12:07,309 [s2-server-thread2] INFO  server.RaftServer$Division (RaftServerImpl.java:checkInconsistentAppendEntries(1592)) - s2@group-EA982605F2E5: Failed appendEntries as the first entry (index 0) already exists (snapshotIndex: -1, commitIndex: 0)
2022-11-08 19:12:07,309 [s2-server-thread2] INFO  server.RaftServer$Division (RaftServerImpl.java:checkInconsistentAppendEntries(1572)) - s2@group-EA982605F2E5: inconsistency entries. Reply:s1<-s2#199:FAIL-t2,INCONSISTENCY,nextIndex=1,followerCommit=0,matchIndex=-1
2022-11-08 19:12:07,309 [grpc-default-executor-0] INFO  leader.FollowerInfo (FollowerInfoImpl.java:lambda$new$0(48)) - s1@group-EA982605F2E5->s2: nextIndex: updateUnconditionally 5 -> 1
2022-11-08 19:12:07,311 [s2-server-thread1] DEBUG server.RaftServer$Division (RaftServerImpl.java:logAppendEntries(1421)) - s2@group-EA982605F2E5: receive appendEntries(s1, 2, (t:2, i:0), 4, true, commits:[s1:c4, s0:c4, s2:c0], cId:200, entries: [(t:2, i:1), STATEMACHINELOGENTRY, 0@client-2EFB324ADA71, (t:2, i:2), METADATAENTRY(c:1), (t:2, i:3), STATEMACHINELOGENTRY, 999@client-AE8279CAF820, (t:2, i:4), METADATAENTRY(c:3)]
2022-11-08 19:12:07,311 [s2-server-thread1] INFO  server.RaftServer$Division (RaftServerImpl.java:checkInconsistentAppendEntries(1602)) - s2@group-EA982605F2E5: Failed appendEntries as previous log entry ((t:2, i:0)) is not found
2022-11-08 19:12:07,311 [s2-server-thread1] INFO  server.RaftServer$Division (RaftServerImpl.java:checkInconsistentAppendEntries(1572)) - s2@group-EA982605F2E5: inconsistency entries. Reply:s1<-s2#200:FAIL-t2,INCONSISTENCY,nextIndex=0,followerCommit=0,matchIndex=-1
2022-11-08 19:12:07,312 [grpc-default-executor-0] INFO  leader.FollowerInfo (FollowerInfoImpl.java:lambda$new$0(48)) - s1@group-EA982605F2E5->s2: nextIndex: updateUnconditionally 5 -> 0
2022-11-08 19:12:07,313 [s2-server-thread2] DEBUG server.RaftServer$Division (RaftServerImpl.java:logAppendEntries(1421)) - s2@group-EA982605F2E5: receive appendEntries(s1, 2, null, 4, true, commits:[s1:c4, s0:c4, s2:c0], cId:201, entries: [(t:2, i:0), CONFIGURATIONENTRY(current:id: "s0"
address: "localhost:34297"
dataStreamAddress: "localhost:43983"
clientAddress: "localhost:39609"
adminAddress: "localhost:37077"
startupRole: FOLLOWER
,id: "s1"
address: "localhost:38917"
dataStreamAddress: "localhost:45719"
clientAddress: "localhost:36975"
adminAddress: "localhost:40635"
startupRole: FOLLOWER
,id: "s2"
address: "localhost:35511"
dataStreamAddress: "localhost:38827"
clientAddress: "localhost:42865"
adminAddress: "localhost:36791"
startupRole: FOLLOWER
, old:), (t:2, i:1), STATEMACHINELOGENTRY, 0@client-2EFB324ADA71, (t:2, i:2), METADATAENTRY(c:1), (t:2, i:3), STATEMACHINELOGENTRY, 999@client-AE8279CAF820, (t:2, i:4), METADATAENTRY(c:3)]
2022-11-08 19:12:07,314 [s2-server-thread2] INFO  server.RaftServer$Division (RaftServerImpl.java:checkInconsistentAppendEntries(1592)) - s2@group-EA982605F2E5: Failed appendEntries as the first entry (index 0) already exists (snapshotIndex: -1, commitIndex: 0)
2022-11-08 19:12:07,314 [s2-server-thread2] INFO  server.RaftServer$Division (RaftServerImpl.java:checkInconsistentAppendEntries(1572)) - s2@group-EA982605F2E5: inconsistency entries. Reply:s1<-s2#201:FAIL-t2,INCONSISTENCY,nextIndex=1,followerCommit=0,matchIndex=-1
2022-11-08 19:12:07,314 [grpc-default-executor-0] INFO  leader.FollowerInfo (FollowerInfoImpl.java:lambda$new$0(48)) - s1@group-EA982605F2E5->s2: nextIndex: updateUnconditionally 5 -> 1
2022-11-08 19:12:07,315 [s2-server-thread2] DEBUG server.RaftServer$Division (RaftServerImpl.java:logAppendEntries(1421)) - s2@group-EA982605F2E5: receive appendEntries(s1, 2, (t:2, i:0), 4, true, commits:[s1:c4, s0:c4, s2:c0], cId:202, entries: [(t:2, i:1), STATEMACHINELOGENTRY, 0@client-2EFB324ADA71, (t:2, i:2), METADATAENTRY(c:1), (t:2, i:3), STATEMACHINELOGENTRY, 999@client-AE8279CAF820, (t:2, i:4), METADATAENTRY(c:3)]
2022-11-08 19:12:07,316 [s2-server-thread2] INFO  server.RaftServer$Division (RaftServerImpl.java:checkInconsistentAppendEntries(1602)) - s2@group-EA982605F2E5: Failed appendEntries as previous log entry ((t:2, i:0)) is not found
2022-11-08 19:12:07,316 [s2-server-thread2] INFO  server.RaftServer$Division (RaftServerImpl.java:checkInconsistentAppendEntries(1572)) - s2@group-EA982605F2E5: inconsistency entries. Reply:s1<-s2#202:FAIL-t2,INCONSISTENCY,nextIndex=0,followerCommit=0,matchIndex=-1
2022-11-08 19:12:07,316 [grpc-default-executor-0] INFO  leader.FollowerInfo (FollowerInfoImpl.java:lambda$new$0(48)) - s1@group-EA982605F2E5->s2: nextIndex: updateUnconditionally 5 -> 0
2022-11-08 19:12:07,318 [s2-server-thread2] DEBUG server.RaftServer$Division (RaftServerImpl.java:logAppendEntries(1421)) - s2@group-EA982605F2E5: receive appendEntries(s1, 2, null, 4, true, commits:[s1:c4, s0:c4, s2:c0], cId:203, entries: [(t:2, i:0), CONFIGURATIONENTRY(current:id: "s0"
address: "localhost:34297"
dataStreamAddress: "localhost:43983"
clientAddress: "localhost:39609"
adminAddress: "localhost:37077"
startupRole: FOLLOWER
,id: "s1"
address: "localhost:38917"
dataStreamAddress: "localhost:45719"
clientAddress: "localhost:36975"
adminAddress: "localhost:40635"
startupRole: FOLLOWER
,id: "s2"
address: "localhost:35511"
dataStreamAddress: "localhost:38827"
clientAddress: "localhost:42865"
adminAddress: "localhost:36791"
startupRole: FOLLOWER
, old:), (t:2, i:1), STATEMACHINELOGENTRY, 0@client-2EFB324ADA71, (t:2, i:2), METADATAENTRY(c:1), (t:2, i:3), STATEMACHINELOGENTRY, 999@client-AE8279CAF820, (t:2, i:4), METADATAENTRY(c:3)]
2022-11-08 19:12:07,318 [s2-server-thread2] INFO  server.RaftServer$Division (RaftServerImpl.java:checkInconsistentAppendEntries(1592)) - s2@group-EA982605F2E5: Failed appendEntries as the first entry (index 0) already exists (snapshotIndex: -1, commitIndex: 0)
2022-11-08 19:12:07,318 [s2-server-thread2] INFO  server.RaftServer$Division (RaftServerImpl.java:checkInconsistentAppendEntries(1572)) - s2@group-EA982605F2E5: inconsistency entries. Reply:s1<-s2#203:FAIL-t2,INCONSISTENCY,nextIndex=1,followerCommit=0,matchIndex=-1
2022-11-08 19:12:07,319 [grpc-default-executor-0] INFO  leader.FollowerInfo (FollowerInfoImpl.java:lambda$new$0(48)) - s1@group-EA982605F2E5->s2: nextIndex: updateUnconditionally 5 -> 1
2022-11-08 19:12:07,320 [s2-server-thread1] DEBUG server.RaftServer$Division (RaftServerImpl.java:logAppendEntries(1421)) - s2@group-EA982605F2E5: receive appendEntries(s1, 2, (t:2, i:0), 4, true, commits:[s1:c4, s0:c4, s2:c0], cId:204, entries: [(t:2, i:1), STATEMACHINELOGENTRY, 0@client-2EFB324ADA71, (t:2, i:2), METADATAENTRY(c:1), (t:2, i:3), STATEMACHINELOGENTRY, 999@client-AE8279CAF820, (t:2, i:4), METADATAENTRY(c:3)]
2022-11-08 19:12:07,320 [s2-server-thread1] INFO  server.RaftServer$Division (RaftServerImpl.java:checkInconsistentAppendEntries(1602)) - s2@group-EA982605F2E5: Failed appendEntries as previous log entry ((t:2, i:0)) is not found
2022-11-08 19:12:07,321 [s2-server-thread1] INFO  server.RaftServer$Division (RaftServerImpl.java:checkInconsistentAppendEntries(1572)) - s2@group-EA982605F2E5: inconsistency entries. Reply:s1<-s2#204:FAIL-t2,INCONSISTENCY,nextIndex=0,followerCommit=0,matchIndex=-1
2022-11-08 19:12:07,321 [grpc-default-executor-0] INFO  leader.FollowerInfo (FollowerInfoImpl.java:lambda$new$0(48)) - s1@group-EA982605F2E5->s2: nextIndex: updateUnconditionally 5 -> 0
2022-11-08 19:12:07,323 [s2-server-thread2] DEBUG server.RaftServer$Division (RaftServerImpl.java:logAppendEntries(1421)) - s2@group-EA982605F2E5: receive appendEntries(s1, 2, null, 4, true, commits:[s1:c4, s0:c4, s2:c0], cId:205, entries: [(t:2, i:0), CONFIGURATIONENTRY(current:id: "s0"
address: "localhost:34297"
dataStreamAddress: "localhost:43983"
clientAddress: "localhost:39609"
adminAddress: "localhost:37077"
startupRole: FOLLOWER
,id: "s1"
address: "localhost:38917"
dataStreamAddress: "localhost:45719"
clientAddress: "localhost:36975"
adminAddress: "localhost:40635"
startupRole: FOLLOWER
,id: "s2"
address: "localhost:35511"
dataStreamAddress: "localhost:38827"
clientAddress: "localhost:42865"
adminAddress: "localhost:36791"
startupRole: FOLLOWER
, old:), (t:2, i:1), STATEMACHINELOGENTRY, 0@client-2EFB324ADA71, (t:2, i:2), METADATAENTRY(c:1), (t:2, i:3), STATEMACHINELOGENTRY, 999@client-AE8279CAF820, (t:2, i:4), METADATAENTRY(c:3)]
2022-11-08 19:12:07,323 [s2-server-thread2] INFO  server.RaftServer$Division (RaftServerImpl.java:checkInconsistentAppendEntries(1592)) - s2@group-EA982605F2E5: Failed appendEntries as the first entry (index 0) already exists (snapshotIndex: -1, commitIndex: 0)
2022-11-08 19:12:07,323 [s2-server-thread2] INFO  server.RaftServer$Division (RaftServerImpl.java:checkInconsistentAppendEntries(1572)) - s2@group-EA982605F2E5: inconsistency entries. Reply:s1<-s2#205:FAIL-t2,INCONSISTENCY,nextIndex=1,followerCommit=0,matchIndex=-1
2022-11-08 19:12:07,323 [grpc-default-executor-0] INFO  leader.FollowerInfo (FollowerInfoImpl.java:lambda$new$0(48)) - s1@group-EA982605F2E5->s2: nextIndex: updateUnconditionally 5 -> 1
2022-11-08 19:12:07,325 [s2-server-thread2] DEBUG server.RaftServer$Division (RaftServerImpl.java:logAppendEntries(1421)) - s2@group-EA982605F2E5: receive appendEntries(s1, 2, (t:2, i:0), 4, true, commits:[s1:c4, s0:c4, s2:c0], cId:206, entries: [(t:2, i:1), STATEMACHINELOGENTRY, 0@client-2EFB324ADA71, (t:2, i:2), METADATAENTRY(c:1), (t:2, i:3), STATEMACHINELOGENTRY, 999@client-AE8279CAF820, (t:2, i:4), METADATAENTRY(c:3)]
2022-11-08 19:12:07,325 [s2-server-thread2] INFO  server.RaftServer$Division (RaftServerImpl.java:checkInconsistentAppendEntries(1602)) - s2@group-EA982605F2E5: Failed appendEntries as previous log entry ((t:2, i:0)) is not found
2022-11-08 19:12:07,325 [s2-server-thread2] INFO  server.RaftServer$Division (RaftServerImpl.java:checkInconsistentAppendEntries(1572)) - s2@group-EA982605F2E5: inconsistency entries. Reply:s1<-s2#206:FAIL-t2,INCONSISTENCY,nextIndex=0,followerCommit=0,matchIndex=-1
2022-11-08 19:12:07,326 [grpc-default-executor-0] INFO  leader.FollowerInfo (FollowerInfoImpl.java:lambda$new$0(48)) - s1@group-EA982605F2E5->s2: nextIndex: updateUnconditionally 5 -> 0
2022-11-08 19:12:07,327 [s2-server-thread2] DEBUG server.RaftServer$Division (RaftServerImpl.java:logAppendEntries(1421)) - s2@group-EA982605F2E5: receive appendEntries(s1, 2, null, 4, true, commits:[s1:c4, s0:c4, s2:c0], cId:207, entries: [(t:2, i:0), CONFIGURATIONENTRY(current:id: "s0"
address: "localhost:34297"
dataStreamAddress: "localhost:43983"
clientAddress: "localhost:39609"
adminAddress: "localhost:37077"
startupRole: FOLLOWER
,id: "s1"
address: "localhost:38917"
dataStreamAddress: "localhost:45719"
clientAddress: "localhost:36975"
adminAddress: "localhost:40635"
startupRole: FOLLOWER
,id: "s2"
address: "localhost:35511"
dataStreamAddress: "localhost:38827"
clientAddress: "localhost:42865"
adminAddress: "localhost:36791"
startupRole: FOLLOWER
, old:), (t:2, i:1), STATEMACHINELOGENTRY, 0@client-2EFB324ADA71, (t:2, i:2), METADATAENTRY(c:1), (t:2, i:3), STATEMACHINELOGENTRY, 999@client-AE8279CAF820, (t:2, i:4), METADATAENTRY(c:3)]
2022-11-08 19:12:07,327 [s2-server-thread2] INFO  server.RaftServer$Division (RaftServerImpl.java:checkInconsistentAppendEntries(1592)) - s2@group-EA982605F2E5: Failed appendEntries as the first entry (index 0) already exists (snapshotIndex: -1, commitIndex: 0)
2022-11-08 19:12:07,327 [s2-server-thread2] INFO  server.RaftServer$Division (RaftServerImpl.java:checkInconsistentAppendEntries(1572)) - s2@group-EA982605F2E5: inconsistency entries. Reply:s1<-s2#207:FAIL-t2,INCONSISTENCY,nextIndex=1,followerCommit=0,matchIndex=-1
2022-11-08 19:12:07,328 [grpc-default-executor-0] INFO  leader.FollowerInfo (FollowerInfoImpl.java:lambda$new$0(48)) - s1@group-EA982605F2E5->s2: nextIndex: updateUnconditionally 5 -> 1
2022-11-08 19:12:07,329 [s2-server-thread2] DEBUG server.RaftServer$Division (RaftServerImpl.java:logAppendEntries(1421)) - s2@group-EA982605F2E5: receive appendEntries(s1, 2, (t:2, i:0), 4, true, commits:[s1:c4, s0:c4, s2:c0], cId:208, entries: [(t:2, i:1), STATEMACHINELOGENTRY, 0@client-2EFB324ADA71, (t:2, i:2), METADATAENTRY(c:1), (t:2, i:3), STATEMACHINELOGENTRY, 999@client-AE8279CAF820, (t:2, i:4), METADATAENTRY(c:3)]
2022-11-08 19:12:07,330 [s2-server-thread2] INFO  server.RaftServer$Division (RaftServerImpl.java:checkInconsistentAppendEntries(1602)) - s2@group-EA982605F2E5: Failed appendEntries as previous log entry ((t:2, i:0)) is not found
2022-11-08 19:12:07,330 [s2-server-thread2] INFO  server.RaftServer$Division (RaftServerImpl.java:checkInconsistentAppendEntries(1572)) - s2@group-EA982605F2E5: inconsistency entries. Reply:s1<-s2#208:FAIL-t2,INCONSISTENCY,nextIndex=0,followerCommit=0,matchIndex=-1
2022-11-08 19:12:07,331 [grpc-default-executor-0] INFO  leader.FollowerInfo (FollowerInfoImpl.java:lambda$new$0(48)) - s1@group-EA982605F2E5->s2: nextIndex: updateUnconditionally 5 -> 0
2022-11-08 19:12:07,332 [s2-server-thread2] DEBUG server.RaftServer$Division (RaftServerImpl.java:logAppendEntries(1421)) - s2@group-EA982605F2E5: receive appendEntries(s1, 2, null, 4, true, commits:[s1:c4, s0:c4, s2:c0], cId:209, entries: [(t:2, i:0), CONFIGURATIONENTRY(current:id: "s0"
address: "localhost:34297"
dataStreamAddress: "localhost:43983"
clientAddress: "localhost:39609"
adminAddress: "localhost:37077"
startupRole: FOLLOWER
,id: "s1"
address: "localhost:38917"
dataStreamAddress: "localhost:45719"
clientAddress: "localhost:36975"
adminAddress: "localhost:40635"
startupRole: FOLLOWER
,id: "s2"
address: "localhost:35511"
dataStreamAddress: "localhost:38827"
clientAddress: "localhost:42865"
adminAddress: "localhost:36791"
startupRole: FOLLOWER
, old:), (t:2, i:1), STATEMACHINELOGENTRY, 0@client-2EFB324ADA71, (t:2, i:2), METADATAENTRY(c:1), (t:2, i:3), STATEMACHINELOGENTRY, 999@client-AE8279CAF820, (t:2, i:4), METADATAENTRY(c:3)]
2022-11-08 19:12:07,333 [s2-server-thread2] INFO  server.RaftServer$Division (RaftServerImpl.java:checkInconsistentAppendEntries(1592)) - s2@group-EA982605F2E5: Failed appendEntries as the first entry (index 0) already exists (snapshotIndex: -1, commitIndex: 0)
2022-11-08 19:12:07,333 [s2-server-thread2] INFO  server.RaftServer$Division (RaftServerImpl.java:checkInconsistentAppendEntries(1572)) - s2@group-EA982605F2E5: inconsistency entries. Reply:s1<-s2#209:FAIL-t2,INCONSISTENCY,nextIndex=1,followerCommit=0,matchIndex=-1
2022-11-08 19:12:07,334 [grpc-default-executor-0] INFO  leader.FollowerInfo (FollowerInfoImpl.java:lambda$new$0(48)) - s1@group-EA982605F2E5->s2: nextIndex: updateUnconditionally 5 -> 1
2022-11-08 19:12:07,335 [s2-server-thread2] DEBUG server.RaftServer$Division (RaftServerImpl.java:logAppendEntries(1421)) - s2@group-EA982605F2E5: receive appendEntries(s1, 2, (t:2, i:0), 4, true, commits:[s1:c4, s0:c4, s2:c0], cId:210, entries: [(t:2, i:1), STATEMACHINELOGENTRY, 0@client-2EFB324ADA71, (t:2, i:2), METADATAENTRY(c:1), (t:2, i:3), STATEMACHINELOGENTRY, 999@client-AE8279CAF820, (t:2, i:4), METADATAENTRY(c:3)]
2022-11-08 19:12:07,335 [s2-server-thread2] INFO  server.RaftServer$Division (RaftServerImpl.java:checkInconsistentAppendEntries(1602)) - s2@group-EA982605F2E5: Failed appendEntries as previous log entry ((t:2, i:0)) is not found
2022-11-08 19:12:07,335 [s2-server-thread2] INFO  server.RaftServer$Division (RaftServerImpl.java:checkInconsistentAppendEntries(1572)) - s2@group-EA982605F2E5: inconsistency entries. Reply:s1<-s2#210:FAIL-t2,INCONSISTENCY,nextIndex=0,followerCommit=0,matchIndex=-1
2022-11-08 19:12:07,336 [grpc-default-executor-0] INFO  leader.FollowerInfo (FollowerInfoImpl.java:lambda$new$0(48)) - s1@group-EA982605F2E5->s2: nextIndex: updateUnconditionally 5 -> 0
2022-11-08 19:12:07,337 [s2-server-thread2] DEBUG server.RaftServer$Division (RaftServerImpl.java:logAppendEntries(1421)) - s2@group-EA982605F2E5: receive appendEntries(s1, 2, null, 4, true, commits:[s1:c4, s0:c4, s2:c0], cId:211, entries: [(t:2, i:0), CONFIGURATIONENTRY(current:id: "s0"
address: "localhost:34297"
dataStreamAddress: "localhost:43983"
clientAddress: "localhost:39609"
adminAddress: "localhost:37077"
startupRole: FOLLOWER
,id: "s1"
address: "localhost:38917"
dataStreamAddress: "localhost:45719"
clientAddress: "localhost:36975"
adminAddress: "localhost:40635"
startupRole: FOLLOWER
,id: "s2"
address: "localhost:35511"
dataStreamAddress: "localhost:38827"
clientAddress: "localhost:42865"
adminAddress: "localhost:36791"
startupRole: FOLLOWER
, old:), (t:2, i:1), STATEMACHINELOGENTRY, 0@client-2EFB324ADA71, (t:2, i:2), METADATAENTRY(c:1), (t:2, i:3), STATEMACHINELOGENTRY, 999@client-AE8279CAF820, (t:2, i:4), METADATAENTRY(c:3)]
2022-11-08 19:12:07,337 [s2-server-thread2] INFO  server.RaftServer$Division (RaftServerImpl.java:checkInconsistentAppendEntries(1592)) - s2@group-EA982605F2E5: Failed appendEntries as the first entry (index 0) already exists (snapshotIndex: -1, commitIndex: 0)
2022-11-08 19:12:07,338 [s2-server-thread2] INFO  server.RaftServer$Division (RaftServerImpl.java:checkInconsistentAppendEntries(1572)) - s2@group-EA982605F2E5: inconsistency entries. Reply:s1<-s2#211:FAIL-t2,INCONSISTENCY,nextIndex=1,followerCommit=0,matchIndex=-1
2022-11-08 19:12:07,338 [grpc-default-executor-0] INFO  leader.FollowerInfo (FollowerInfoImpl.java:lambda$new$0(48)) - s1@group-EA982605F2E5->s2: nextIndex: updateUnconditionally 5 -> 1
2022-11-08 19:12:07,339 [s2-server-thread1] DEBUG server.RaftServer$Division (RaftServerImpl.java:logAppendEntries(1421)) - s2@group-EA982605F2E5: receive appendEntries(s1, 2, (t:2, i:0), 4, true, commits:[s1:c4, s0:c4, s2:c0], cId:212, entries: [(t:2, i:1), STATEMACHINELOGENTRY, 0@client-2EFB324ADA71, (t:2, i:2), METADATAENTRY(c:1), (t:2, i:3), STATEMACHINELOGENTRY, 999@client-AE8279CAF820, (t:2, i:4), METADATAENTRY(c:3)]
2022-11-08 19:12:07,339 [s2-server-thread1] INFO  server.RaftServer$Division (RaftServerImpl.java:checkInconsistentAppendEntries(1602)) - s2@group-EA982605F2E5: Failed appendEntries as previous log entry ((t:2, i:0)) is not found
2022-11-08 19:12:07,340 [s2-server-thread1] INFO  server.RaftServer$Division (RaftServerImpl.java:checkInconsistentAppendEntries(1572)) - s2@group-EA982605F2E5: inconsistency entries. Reply:s1<-s2#212:FAIL-t2,INCONSISTENCY,nextIndex=0,followerCommit=0,matchIndex=-1
2022-11-08 19:12:07,340 [grpc-default-executor-0] INFO  leader.FollowerInfo (FollowerInfoImpl.java:lambda$new$0(48)) - s1@group-EA982605F2E5->s2: nextIndex: updateUnconditionally 5 -> 0
2022-11-08 19:12:07,341 [s2-server-thread2] DEBUG server.RaftServer$Division (RaftServerImpl.java:logAppendEntries(1421)) - s2@group-EA982605F2E5: receive appendEntries(s1, 2, null, 4, true, commits:[s1:c4, s0:c4, s2:c0], cId:213, entries: [(t:2, i:0), CONFIGURATIONENTRY(current:id: "s0"
address: "localhost:34297"
dataStreamAddress: "localhost:43983"
clientAddress: "localhost:39609"
adminAddress: "localhost:37077"
startupRole: FOLLOWER
,id: "s1"
address: "localhost:38917"
dataStreamAddress: "localhost:45719"
clientAddress: "localhost:36975"
adminAddress: "localhost:40635"
startupRole: FOLLOWER
,id: "s2"
address: "localhost:35511"
dataStreamAddress: "localhost:38827"
clientAddress: "localhost:42865"
adminAddress: "localhost:36791"
startupRole: FOLLOWER
, old:), (t:2, i:1), STATEMACHINELOGENTRY, 0@client-2EFB324ADA71, (t:2, i:2), METADATAENTRY(c:1), (t:2, i:3), STATEMACHINELOGENTRY, 999@client-AE8279CAF820, (t:2, i:4), METADATAENTRY(c:3)]
2022-11-08 19:12:07,342 [s2-server-thread2] INFO  server.RaftServer$Division (RaftServerImpl.java:checkInconsistentAppendEntries(1592)) - s2@group-EA982605F2E5: Failed appendEntries as the first entry (index 0) already exists (snapshotIndex: -1, commitIndex: 0)
2022-11-08 19:12:07,342 [s2-server-thread2] INFO  server.RaftServer$Division (RaftServerImpl.java:checkInconsistentAppendEntries(1572)) - s2@group-EA982605F2E5: inconsistency entries. Reply:s1<-s2#213:FAIL-t2,INCONSISTENCY,nextIndex=1,followerCommit=0,matchIndex=-1
2022-11-08 19:12:07,342 [grpc-default-executor-0] INFO  leader.FollowerInfo (FollowerInfoImpl.java:lambda$new$0(48)) - s1@group-EA982605F2E5->s2: nextIndex: updateUnconditionally 5 -> 1
2022-11-08 19:12:07,344 [s2-server-thread2] DEBUG server.RaftServer$Division (RaftServerImpl.java:logAppendEntries(1421)) - s2@group-EA982605F2E5: receive appendEntries(s1, 2, (t:2, i:0), 4, true, commits:[s1:c4, s0:c4, s2:c0], cId:214, entries: [(t:2, i:1), STATEMACHINELOGENTRY, 0@client-2EFB324ADA71, (t:2, i:2), METADATAENTRY(c:1), (t:2, i:3), STATEMACHINELOGENTRY, 999@client-AE8279CAF820, (t:2, i:4), METADATAENTRY(c:3)]
2022-11-08 19:12:07,344 [s2-server-thread2] INFO  server.RaftServer$Division (RaftServerImpl.java:checkInconsistentAppendEntries(1602)) - s2@group-EA982605F2E5: Failed appendEntries as previous log entry ((t:2, i:0)) is not found
2022-11-08 19:12:07,344 [s2-server-thread2] INFO  server.RaftServer$Division (RaftServerImpl.java:checkInconsistentAppendEntries(1572)) - s2@group-EA982605F2E5: inconsistency entries. Reply:s1<-s2#214:FAIL-t2,INCONSISTENCY,nextIndex=0,followerCommit=0,matchIndex=-1
2022-11-08 19:12:07,345 [grpc-default-executor-0] INFO  leader.FollowerInfo (FollowerInfoImpl.java:lambda$new$0(48)) - s1@group-EA982605F2E5->s2: nextIndex: updateUnconditionally 5 -> 0
2022-11-08 19:12:07,346 [s2-server-thread2] DEBUG server.RaftServer$Division (RaftServerImpl.java:logAppendEntries(1421)) - s2@group-EA982605F2E5: receive appendEntries(s1, 2, null, 4, true, commits:[s1:c4, s0:c4, s2:c0], cId:215, entries: [(t:2, i:0), CONFIGURATIONENTRY(current:id: "s0"
address: "localhost:34297"
dataStreamAddress: "localhost:43983"
clientAddress: "localhost:39609"
adminAddress: "localhost:37077"
startupRole: FOLLOWER
,id: "s1"
address: "localhost:38917"
dataStreamAddress: "localhost:45719"
clientAddress: "localhost:36975"
adminAddress: "localhost:40635"
startupRole: FOLLOWER
,id: "s2"
address: "localhost:35511"
dataStreamAddress: "localhost:38827"
clientAddress: "localhost:42865"
adminAddress: "localhost:36791"
startupRole: FOLLOWER
, old:), (t:2, i:1), STATEMACHINELOGENTRY, 0@client-2EFB324ADA71, (t:2, i:2), METADATAENTRY(c:1), (t:2, i:3), STATEMACHINELOGENTRY, 999@client-AE8279CAF820, (t:2, i:4), METADATAENTRY(c:3)]
2022-11-08 19:12:07,346 [s2-server-thread2] INFO  server.RaftServer$Division (RaftServerImpl.java:checkInconsistentAppendEntries(1592)) - s2@group-EA982605F2E5: Failed appendEntries as the first entry (index 0) already exists (snapshotIndex: -1, commitIndex: 0)
2022-11-08 19:12:07,346 [s2-server-thread2] INFO  server.RaftServer$Division (RaftServerImpl.java:checkInconsistentAppendEntries(1572)) - s2@group-EA982605F2E5: inconsistency entries. Reply:s1<-s2#215:FAIL-t2,INCONSISTENCY,nextIndex=1,followerCommit=0,matchIndex=-1
2022-11-08 19:12:07,347 [grpc-default-executor-0] INFO  leader.FollowerInfo (FollowerInfoImpl.java:lambda$new$0(48)) - s1@group-EA982605F2E5->s2: nextIndex: updateUnconditionally 5 -> 1
2022-11-08 19:12:07,348 [s2-server-thread2] DEBUG server.RaftServer$Division (RaftServerImpl.java:logAppendEntries(1421)) - s2@group-EA982605F2E5: receive appendEntries(s1, 2, (t:2, i:0), 4, true, commits:[s1:c4, s0:c4, s2:c0], cId:216, entries: [(t:2, i:1), STATEMACHINELOGENTRY, 0@client-2EFB324ADA71, (t:2, i:2), METADATAENTRY(c:1), (t:2, i:3), STATEMACHINELOGENTRY, 999@client-AE8279CAF820, (t:2, i:4), METADATAENTRY(c:3)]
2022-11-08 19:12:07,348 [s2-server-thread2] INFO  server.RaftServer$Division (RaftServerImpl.java:checkInconsistentAppendEntries(1602)) - s2@group-EA982605F2E5: Failed appendEntries as previous log entry ((t:2, i:0)) is not found
2022-11-08 19:12:07,349 [s2-server-thread2] INFO  server.RaftServer$Division (RaftServerImpl.java:checkInconsistentAppendEntries(1572)) - s2@group-EA982605F2E5: inconsistency entries. Reply:s1<-s2#216:FAIL-t2,INCONSISTENCY,nextIndex=0,followerCommit=0,matchIndex=-1
2022-11-08 19:12:07,353 [grpc-default-executor-0] INFO  leader.FollowerInfo (FollowerInfoImpl.java:lambda$new$0(48)) - s1@group-EA982605F2E5->s2: nextIndex: updateUnconditionally 5 -> 0
2022-11-08 19:12:07,356 [s2-server-thread2] DEBUG server.RaftServer$Division (RaftServerImpl.java:logAppendEntries(1421)) - s2@group-EA982605F2E5: receive appendEntries(s1, 2, null, 4, true, commits:[s1:c4, s0:c4, s2:c0], cId:217, entries: [(t:2, i:0), CONFIGURATIONENTRY(current:id: "s0"
address: "localhost:34297"
dataStreamAddress: "localhost:43983"
clientAddress: "localhost:39609"
adminAddress: "localhost:37077"
startupRole: FOLLOWER
,id: "s1"
address: "localhost:38917"
dataStreamAddress: "localhost:45719"
clientAddress: "localhost:36975"
adminAddress: "localhost:40635"
startupRole: FOLLOWER
,id: "s2"
address: "localhost:35511"
dataStreamAddress: "localhost:38827"
clientAddress: "localhost:42865"
adminAddress: "localhost:36791"
startupRole: FOLLOWER
, old:), (t:2, i:1), STATEMACHINELOGENTRY, 0@client-2EFB324ADA71, (t:2, i:2), METADATAENTRY(c:1), (t:2, i:3), STATEMACHINELOGENTRY, 999@client-AE8279CAF820, (t:2, i:4), METADATAENTRY(c:3)]
2022-11-08 19:12:07,357 [s2-server-thread2] INFO  server.RaftServer$Division (RaftServerImpl.java:checkInconsistentAppendEntries(1592)) - s2@group-EA982605F2E5: Failed appendEntries as the first entry (index 0) already exists (snapshotIndex: -1, commitIndex: 0)
2022-11-08 19:12:07,357 [s2-server-thread2] INFO  server.RaftServer$Division (RaftServerImpl.java:checkInconsistentAppendEntries(1572)) - s2@group-EA982605F2E5: inconsistency entries. Reply:s1<-s2#217:FAIL-t2,INCONSISTENCY,nextIndex=1,followerCommit=0,matchIndex=-1
2022-11-08 19:12:07,357 [grpc-default-executor-0] INFO  leader.FollowerInfo (FollowerInfoImpl.java:lambda$new$0(48)) - s1@group-EA982605F2E5->s2: nextIndex: updateUnconditionally 5 -> 1
2022-11-08 19:12:07,359 [s2-server-thread2] DEBUG server.RaftServer$Division (RaftServerImpl.java:logAppendEntries(1421)) - s2@group-EA982605F2E5: receive appendEntries(s1, 2, (t:2, i:0), 4, true, commits:[s1:c4, s0:c4, s2:c0], cId:218, entries: [(t:2, i:1), STATEMACHINELOGENTRY, 0@client-2EFB324ADA71, (t:2, i:2), METADATAENTRY(c:1), (t:2, i:3), STATEMACHINELOGENTRY, 999@client-AE8279CAF820, (t:2, i:4), METADATAENTRY(c:3)]
2022-11-08 19:12:07,359 [s2-server-thread2] INFO  server.RaftServer$Division (RaftServerImpl.java:checkInconsistentAppendEntries(1602)) - s2@group-EA982605F2E5: Failed appendEntries as previous log entry ((t:2, i:0)) is not found
2022-11-08 19:12:07,359 [s2-server-thread2] INFO  server.RaftServer$Division (RaftServerImpl.java:checkInconsistentAppendEntries(1572)) - s2@group-EA982605F2E5: inconsistency entries. Reply:s1<-s2#218:FAIL-t2,INCONSISTENCY,nextIndex=0,followerCommit=0,matchIndex=-1
2022-11-08 19:12:07,360 [grpc-default-executor-0] INFO  leader.FollowerInfo (FollowerInfoImpl.java:lambda$new$0(48)) - s1@group-EA982605F2E5->s2: nextIndex: updateUnconditionally 5 -> 0
2022-11-08 19:12:07,361 [s2-server-thread2] DEBUG server.RaftServer$Division (RaftServerImpl.java:logAppendEntries(1421)) - s2@group-EA982605F2E5: receive appendEntries(s1, 2, null, 4, true, commits:[s1:c4, s0:c4, s2:c0], cId:219, entries: [(t:2, i:0), CONFIGURATIONENTRY(current:id: "s0"
address: "localhost:34297"
dataStreamAddress: "localhost:43983"
clientAddress: "localhost:39609"
adminAddress: "localhost:37077"
startupRole: FOLLOWER
,id: "s1"
address: "localhost:38917"
dataStreamAddress: "localhost:45719"
clientAddress: "localhost:36975"
adminAddress: "localhost:40635"
startupRole: FOLLOWER
,id: "s2"
address: "localhost:35511"
dataStreamAddress: "localhost:38827"
clientAddress: "localhost:42865"
adminAddress: "localhost:36791"
startupRole: FOLLOWER
, old:), (t:2, i:1), STATEMACHINELOGENTRY, 0@client-2EFB324ADA71, (t:2, i:2), METADATAENTRY(c:1), (t:2, i:3), STATEMACHINELOGENTRY, 999@client-AE8279CAF820, (t:2, i:4), METADATAENTRY(c:3)]
2022-11-08 19:12:07,361 [s2-server-thread2] INFO  server.RaftServer$Division (RaftServerImpl.java:checkInconsistentAppendEntries(1592)) - s2@group-EA982605F2E5: Failed appendEntries as the first entry (index 0) already exists (snapshotIndex: -1, commitIndex: 0)
2022-11-08 19:12:07,362 [s2-server-thread2] INFO  server.RaftServer$Division (RaftServerImpl.java:checkInconsistentAppendEntries(1572)) - s2@group-EA982605F2E5: inconsistency entries. Reply:s1<-s2#219:FAIL-t2,INCONSISTENCY,nextIndex=1,followerCommit=0,matchIndex=-1
2022-11-08 19:12:07,362 [grpc-default-executor-0] INFO  leader.FollowerInfo (FollowerInfoImpl.java:lambda$new$0(48)) - s1@group-EA982605F2E5->s2: nextIndex: updateUnconditionally 5 -> 1
2022-11-08 19:12:07,363 [s2-server-thread2] DEBUG server.RaftServer$Division (RaftServerImpl.java:logAppendEntries(1421)) - s2@group-EA982605F2E5: receive appendEntries(s1, 2, (t:2, i:0), 4, true, commits:[s1:c4, s0:c4, s2:c0], cId:220, entries: [(t:2, i:1), STATEMACHINELOGENTRY, 0@client-2EFB324ADA71, (t:2, i:2), METADATAENTRY(c:1), (t:2, i:3), STATEMACHINELOGENTRY, 999@client-AE8279CAF820, (t:2, i:4), METADATAENTRY(c:3)]
2022-11-08 19:12:07,364 [s2-server-thread2] INFO  server.RaftServer$Division (RaftServerImpl.java:checkInconsistentAppendEntries(1602)) - s2@group-EA982605F2E5: Failed appendEntries as previous log entry ((t:2, i:0)) is not found
2022-11-08 19:12:07,364 [s2-server-thread2] INFO  server.RaftServer$Division (RaftServerImpl.java:checkInconsistentAppendEntries(1572)) - s2@group-EA982605F2E5: inconsistency entries. Reply:s1<-s2#220:FAIL-t2,INCONSISTENCY,nextIndex=0,followerCommit=0,matchIndex=-1
2022-11-08 19:12:07,364 [grpc-default-executor-0] INFO  leader.FollowerInfo (FollowerInfoImpl.java:lambda$new$0(48)) - s1@group-EA982605F2E5->s2: nextIndex: updateUnconditionally 5 -> 0
2022-11-08 19:12:07,366 [s2-server-thread2] DEBUG server.RaftServer$Division (RaftServerImpl.java:logAppendEntries(1421)) - s2@group-EA982605F2E5: receive appendEntries(s1, 2, null, 4, true, commits:[s1:c4, s0:c4, s2:c0], cId:221, entries: [(t:2, i:0), CONFIGURATIONENTRY(current:id: "s0"
address: "localhost:34297"
dataStreamAddress: "localhost:43983"
clientAddress: "localhost:39609"
adminAddress: "localhost:37077"
startupRole: FOLLOWER
,id: "s1"
address: "localhost:38917"
dataStreamAddress: "localhost:45719"
clientAddress: "localhost:36975"
adminAddress: "localhost:40635"
startupRole: FOLLOWER
,id: "s2"
address: "localhost:35511"
dataStreamAddress: "localhost:38827"
clientAddress: "localhost:42865"
adminAddress: "localhost:36791"
startupRole: FOLLOWER
, old:), (t:2, i:1), STATEMACHINELOGENTRY, 0@client-2EFB324ADA71, (t:2, i:2), METADATAENTRY(c:1), (t:2, i:3), STATEMACHINELOGENTRY, 999@client-AE8279CAF820, (t:2, i:4), METADATAENTRY(c:3)]
2022-11-08 19:12:07,366 [s2-server-thread2] INFO  server.RaftServer$Division (RaftServerImpl.java:checkInconsistentAppendEntries(1592)) - s2@group-EA982605F2E5: Failed appendEntries as the first entry (index 0) already exists (snapshotIndex: -1, commitIndex: 0)
2022-11-08 19:12:07,366 [s2-server-thread2] INFO  server.RaftServer$Division (RaftServerImpl.java:checkInconsistentAppendEntries(1572)) - s2@group-EA982605F2E5: inconsistency entries. Reply:s1<-s2#221:FAIL-t2,INCONSISTENCY,nextIndex=1,followerCommit=0,matchIndex=-1
2022-11-08 19:12:07,367 [grpc-default-executor-0] INFO  leader.FollowerInfo (FollowerInfoImpl.java:lambda$new$0(48)) - s1@group-EA982605F2E5->s2: nextIndex: updateUnconditionally 5 -> 1
2022-11-08 19:12:07,368 [s2-server-thread2] DEBUG server.RaftServer$Division (RaftServerImpl.java:logAppendEntries(1421)) - s2@group-EA982605F2E5: receive appendEntries(s1, 2, (t:2, i:0), 4, true, commits:[s1:c4, s0:c4, s2:c0], cId:222, entries: [(t:2, i:1), STATEMACHINELOGENTRY, 0@client-2EFB324ADA71, (t:2, i:2), METADATAENTRY(c:1), (t:2, i:3), STATEMACHINELOGENTRY, 999@client-AE8279CAF820, (t:2, i:4), METADATAENTRY(c:3)]
2022-11-08 19:12:07,368 [s2-server-thread2] INFO  server.RaftServer$Division (RaftServerImpl.java:checkInconsistentAppendEntries(1602)) - s2@group-EA982605F2E5: Failed appendEntries as previous log entry ((t:2, i:0)) is not found
2022-11-08 19:12:07,368 [s2-server-thread2] INFO  server.RaftServer$Division (RaftServerImpl.java:checkInconsistentAppendEntries(1572)) - s2@group-EA982605F2E5: inconsistency entries. Reply:s1<-s2#222:FAIL-t2,INCONSISTENCY,nextIndex=0,followerCommit=0,matchIndex=-1
2022-11-08 19:12:07,369 [grpc-default-executor-0] INFO  leader.FollowerInfo (FollowerInfoImpl.java:lambda$new$0(48)) - s1@group-EA982605F2E5->s2: nextIndex: updateUnconditionally 5 -> 0
2022-11-08 19:12:07,370 [s2-server-thread2] DEBUG server.RaftServer$Division (RaftServerImpl.java:logAppendEntries(1421)) - s2@group-EA982605F2E5: receive appendEntries(s1, 2, null, 4, true, commits:[s1:c4, s0:c4, s2:c0], cId:223, entries: [(t:2, i:0), CONFIGURATIONENTRY(current:id: "s0"
address: "localhost:34297"
dataStreamAddress: "localhost:43983"
clientAddress: "localhost:39609"
adminAddress: "localhost:37077"
startupRole: FOLLOWER
,id: "s1"
address: "localhost:38917"
dataStreamAddress: "localhost:45719"
clientAddress: "localhost:36975"
adminAddress: "localhost:40635"
startupRole: FOLLOWER
,id: "s2"
address: "localhost:35511"
dataStreamAddress: "localhost:38827"
clientAddress: "localhost:42865"
adminAddress: "localhost:36791"
startupRole: FOLLOWER
, old:), (t:2, i:1), STATEMACHINELOGENTRY, 0@client-2EFB324ADA71, (t:2, i:2), METADATAENTRY(c:1), (t:2, i:3), STATEMACHINELOGENTRY, 999@client-AE8279CAF820, (t:2, i:4), METADATAENTRY(c:3)]
2022-11-08 19:12:07,370 [s2-server-thread2] INFO  server.RaftServer$Division (RaftServerImpl.java:checkInconsistentAppendEntries(1592)) - s2@group-EA982605F2E5: Failed appendEntries as the first entry (index 0) already exists (snapshotIndex: -1, commitIndex: 0)
2022-11-08 19:12:07,371 [s2-server-thread2] INFO  server.RaftServer$Division (RaftServerImpl.java:checkInconsistentAppendEntries(1572)) - s2@group-EA982605F2E5: inconsistency entries. Reply:s1<-s2#223:FAIL-t2,INCONSISTENCY,nextIndex=1,followerCommit=0,matchIndex=-1
2022-11-08 19:12:07,371 [grpc-default-executor-0] INFO  leader.FollowerInfo (FollowerInfoImpl.java:lambda$new$0(48)) - s1@group-EA982605F2E5->s2: nextIndex: updateUnconditionally 5 -> 1
2022-11-08 19:12:07,372 [s2-server-thread2] DEBUG server.RaftServer$Division (RaftServerImpl.java:logAppendEntries(1421)) - s2@group-EA982605F2E5: receive appendEntries(s1, 2, (t:2, i:0), 4, true, commits:[s1:c4, s0:c4, s2:c0], cId:224, entries: [(t:2, i:1), STATEMACHINELOGENTRY, 0@client-2EFB324ADA71, (t:2, i:2), METADATAENTRY(c:1), (t:2, i:3), STATEMACHINELOGENTRY, 999@client-AE8279CAF820, (t:2, i:4), METADATAENTRY(c:3)]
2022-11-08 19:12:07,373 [s2-server-thread2] INFO  server.RaftServer$Division (RaftServerImpl.java:checkInconsistentAppendEntries(1602)) - s2@group-EA982605F2E5: Failed appendEntries as previous log entry ((t:2, i:0)) is not found
2022-11-08 19:12:07,373 [s2-server-thread2] INFO  server.RaftServer$Division (RaftServerImpl.java:checkInconsistentAppendEntries(1572)) - s2@group-EA982605F2E5: inconsistency entries. Reply:s1<-s2#224:FAIL-t2,INCONSISTENCY,nextIndex=0,followerCommit=0,matchIndex=-1
2022-11-08 19:12:07,373 [grpc-default-executor-0] INFO  leader.FollowerInfo (FollowerInfoImpl.java:lambda$new$0(48)) - s1@group-EA982605F2E5->s2: nextIndex: updateUnconditionally 5 -> 0
2022-11-08 19:12:07,375 [s2-server-thread2] DEBUG server.RaftServer$Division (RaftServerImpl.java:logAppendEntries(1421)) - s2@group-EA982605F2E5: receive appendEntries(s1, 2, null, 4, true, commits:[s1:c4, s0:c4, s2:c0], cId:225, entries: [(t:2, i:0), CONFIGURATIONENTRY(current:id: "s0"
address: "localhost:34297"
dataStreamAddress: "localhost:43983"
clientAddress: "localhost:39609"
adminAddress: "localhost:37077"
startupRole: FOLLOWER
,id: "s1"
address: "localhost:38917"
dataStreamAddress: "localhost:45719"
clientAddress: "localhost:36975"
adminAddress: "localhost:40635"
startupRole: FOLLOWER
,id: "s2"
address: "localhost:35511"
dataStreamAddress: "localhost:38827"
clientAddress: "localhost:42865"
adminAddress: "localhost:36791"
startupRole: FOLLOWER
, old:), (t:2, i:1), STATEMACHINELOGENTRY, 0@client-2EFB324ADA71, (t:2, i:2), METADATAENTRY(c:1), (t:2, i:3), STATEMACHINELOGENTRY, 999@client-AE8279CAF820, (t:2, i:4), METADATAENTRY(c:3)]
2022-11-08 19:12:07,375 [s2-server-thread2] INFO  server.RaftServer$Division (RaftServerImpl.java:checkInconsistentAppendEntries(1592)) - s2@group-EA982605F2E5: Failed appendEntries as the first entry (index 0) already exists (snapshotIndex: -1, commitIndex: 0)
2022-11-08 19:12:07,375 [s2-server-thread2] INFO  server.RaftServer$Division (RaftServerImpl.java:checkInconsistentAppendEntries(1572)) - s2@group-EA982605F2E5: inconsistency entries. Reply:s1<-s2#225:FAIL-t2,INCONSISTENCY,nextIndex=1,followerCommit=0,matchIndex=-1
2022-11-08 19:12:07,376 [grpc-default-executor-0] INFO  leader.FollowerInfo (FollowerInfoImpl.java:lambda$new$0(48)) - s1@group-EA982605F2E5->s2: nextIndex: updateUnconditionally 5 -> 1
2022-11-08 19:12:07,377 [s2-server-thread2] DEBUG server.RaftServer$Division (RaftServerImpl.java:logAppendEntries(1421)) - s2@group-EA982605F2E5: receive appendEntries(s1, 2, (t:2, i:0), 4, true, commits:[s1:c4, s0:c4, s2:c0], cId:226, entries: [(t:2, i:1), STATEMACHINELOGENTRY, 0@client-2EFB324ADA71, (t:2, i:2), METADATAENTRY(c:1), (t:2, i:3), STATEMACHINELOGENTRY, 999@client-AE8279CAF820, (t:2, i:4), METADATAENTRY(c:3)]
2022-11-08 19:12:07,377 [s2-server-thread2] INFO  server.RaftServer$Division (RaftServerImpl.java:checkInconsistentAppendEntries(1602)) - s2@group-EA982605F2E5: Failed appendEntries as previous log entry ((t:2, i:0)) is not found
2022-11-08 19:12:07,377 [s2-server-thread2] INFO  server.RaftServer$Division (RaftServerImpl.java:checkInconsistentAppendEntries(1572)) - s2@group-EA982605F2E5: inconsistency entries. Reply:s1<-s2#226:FAIL-t2,INCONSISTENCY,nextIndex=0,followerCommit=0,matchIndex=-1
2022-11-08 19:12:07,378 [grpc-default-executor-0] INFO  leader.FollowerInfo (FollowerInfoImpl.java:lambda$new$0(48)) - s1@group-EA982605F2E5->s2: nextIndex: updateUnconditionally 5 -> 0
2022-11-08 19:12:07,379 [s2-server-thread2] DEBUG server.RaftServer$Division (RaftServerImpl.java:logAppendEntries(1421)) - s2@group-EA982605F2E5: receive appendEntries(s1, 2, null, 4, true, commits:[s1:c4, s0:c4, s2:c0], cId:227, entries: [(t:2, i:0), CONFIGURATIONENTRY(current:id: "s0"
address: "localhost:34297"
dataStreamAddress: "localhost:43983"
clientAddress: "localhost:39609"
adminAddress: "localhost:37077"
startupRole: FOLLOWER
,id: "s1"
address: "localhost:38917"
dataStreamAddress: "localhost:45719"
clientAddress: "localhost:36975"
adminAddress: "localhost:40635"
startupRole: FOLLOWER
,id: "s2"
address: "localhost:35511"
dataStreamAddress: "localhost:38827"
clientAddress: "localhost:42865"
adminAddress: "localhost:36791"
startupRole: FOLLOWER
, old:), (t:2, i:1), STATEMACHINELOGENTRY, 0@client-2EFB324ADA71, (t:2, i:2), METADATAENTRY(c:1), (t:2, i:3), STATEMACHINELOGENTRY, 999@client-AE8279CAF820, (t:2, i:4), METADATAENTRY(c:3)]
2022-11-08 19:12:07,379 [s2-server-thread2] INFO  server.RaftServer$Division (RaftServerImpl.java:checkInconsistentAppendEntries(1592)) - s2@group-EA982605F2E5: Failed appendEntries as the first entry (index 0) already exists (snapshotIndex: -1, commitIndex: 0)
2022-11-08 19:12:07,379 [s2-server-thread2] INFO  server.RaftServer$Division (RaftServerImpl.java:checkInconsistentAppendEntries(1572)) - s2@group-EA982605F2E5: inconsistency entries. Reply:s1<-s2#227:FAIL-t2,INCONSISTENCY,nextIndex=1,followerCommit=0,matchIndex=-1
2022-11-08 19:12:07,380 [grpc-default-executor-0] INFO  leader.FollowerInfo (FollowerInfoImpl.java:lambda$new$0(48)) - s1@group-EA982605F2E5->s2: nextIndex: updateUnconditionally 5 -> 1
2022-11-08 19:12:07,381 [s2-server-thread2] DEBUG server.RaftServer$Division (RaftServerImpl.java:logAppendEntries(1421)) - s2@group-EA982605F2E5: receive appendEntries(s1, 2, (t:2, i:0), 4, true, commits:[s1:c4, s0:c4, s2:c0], cId:228, entries: [(t:2, i:1), STATEMACHINELOGENTRY, 0@client-2EFB324ADA71, (t:2, i:2), METADATAENTRY(c:1), (t:2, i:3), STATEMACHINELOGENTRY, 999@client-AE8279CAF820, (t:2, i:4), METADATAENTRY(c:3)]
2022-11-08 19:12:07,382 [s2-server-thread2] INFO  server.RaftServer$Division (RaftServerImpl.java:checkInconsistentAppendEntries(1602)) - s2@group-EA982605F2E5: Failed appendEntries as previous log entry ((t:2, i:0)) is not found
2022-11-08 19:12:07,382 [s2-server-thread2] INFO  server.RaftServer$Division (RaftServerImpl.java:checkInconsistentAppendEntries(1572)) - s2@group-EA982605F2E5: inconsistency entries. Reply:s1<-s2#228:FAIL-t2,INCONSISTENCY,nextIndex=0,followerCommit=0,matchIndex=-1
2022-11-08 19:12:07,383 [grpc-default-executor-0] INFO  leader.FollowerInfo (FollowerInfoImpl.java:lambda$new$0(48)) - s1@group-EA982605F2E5->s2: nextIndex: updateUnconditionally 5 -> 0
2022-11-08 19:12:07,384 [s2-server-thread2] DEBUG server.RaftServer$Division (RaftServerImpl.java:logAppendEntries(1421)) - s2@group-EA982605F2E5: receive appendEntries(s1, 2, null, 4, true, commits:[s1:c4, s0:c4, s2:c0], cId:229, entries: [(t:2, i:0), CONFIGURATIONENTRY(current:id: "s0"
address: "localhost:34297"
dataStreamAddress: "localhost:43983"
clientAddress: "localhost:39609"
adminAddress: "localhost:37077"
startupRole: FOLLOWER
,id: "s1"
address: "localhost:38917"
dataStreamAddress: "localhost:45719"
clientAddress: "localhost:36975"
adminAddress: "localhost:40635"
startupRole: FOLLOWER
,id: "s2"
address: "localhost:35511"
dataStreamAddress: "localhost:38827"
clientAddress: "localhost:42865"
adminAddress: "localhost:36791"
startupRole: FOLLOWER
, old:), (t:2, i:1), STATEMACHINELOGENTRY, 0@client-2EFB324ADA71, (t:2, i:2), METADATAENTRY(c:1), (t:2, i:3), STATEMACHINELOGENTRY, 999@client-AE8279CAF820, (t:2, i:4), METADATAENTRY(c:3)]
2022-11-08 19:12:07,384 [s2-server-thread2] INFO  server.RaftServer$Division (RaftServerImpl.java:checkInconsistentAppendEntries(1592)) - s2@group-EA982605F2E5: Failed appendEntries as the first entry (index 0) already exists (snapshotIndex: -1, commitIndex: 0)
2022-11-08 19:12:07,385 [s2-server-thread2] INFO  server.RaftServer$Division (RaftServerImpl.java:checkInconsistentAppendEntries(1572)) - s2@group-EA982605F2E5: inconsistency entries. Reply:s1<-s2#229:FAIL-t2,INCONSISTENCY,nextIndex=1,followerCommit=0,matchIndex=-1
2022-11-08 19:12:07,385 [grpc-default-executor-0] INFO  leader.FollowerInfo (FollowerInfoImpl.java:lambda$new$0(48)) - s1@group-EA982605F2E5->s2: nextIndex: updateUnconditionally 5 -> 1
2022-11-08 19:12:07,386 [s2-server-thread2] DEBUG server.RaftServer$Division (RaftServerImpl.java:logAppendEntries(1421)) - s2@group-EA982605F2E5: receive appendEntries(s1, 2, (t:2, i:0), 4, true, commits:[s1:c4, s0:c4, s2:c0], cId:230, entries: [(t:2, i:1), STATEMACHINELOGENTRY, 0@client-2EFB324ADA71, (t:2, i:2), METADATAENTRY(c:1), (t:2, i:3), STATEMACHINELOGENTRY, 999@client-AE8279CAF820, (t:2, i:4), METADATAENTRY(c:3)]
2022-11-08 19:12:07,387 [s2-server-thread2] INFO  server.RaftServer$Division (RaftServerImpl.java:checkInconsistentAppendEntries(1602)) - s2@group-EA982605F2E5: Failed appendEntries as previous log entry ((t:2, i:0)) is not found
2022-11-08 19:12:07,387 [s2-server-thread2] INFO  server.RaftServer$Division (RaftServerImpl.java:checkInconsistentAppendEntries(1572)) - s2@group-EA982605F2E5: inconsistency entries. Reply:s1<-s2#230:FAIL-t2,INCONSISTENCY,nextIndex=0,followerCommit=0,matchIndex=-1
2022-11-08 19:12:07,387 [grpc-default-executor-0] INFO  leader.FollowerInfo (FollowerInfoImpl.java:lambda$new$0(48)) - s1@group-EA982605F2E5->s2: nextIndex: updateUnconditionally 5 -> 0
2022-11-08 19:12:07,389 [s2-server-thread2] DEBUG server.RaftServer$Division (RaftServerImpl.java:logAppendEntries(1421)) - s2@group-EA982605F2E5: receive appendEntries(s1, 2, null, 4, true, commits:[s1:c4, s0:c4, s2:c0], cId:231, entries: [(t:2, i:0), CONFIGURATIONENTRY(current:id: "s0"
address: "localhost:34297"
dataStreamAddress: "localhost:43983"
clientAddress: "localhost:39609"
adminAddress: "localhost:37077"
startupRole: FOLLOWER
,id: "s1"
address: "localhost:38917"
dataStreamAddress: "localhost:45719"
clientAddress: "localhost:36975"
adminAddress: "localhost:40635"
startupRole: FOLLOWER
,id: "s2"
address: "localhost:35511"
dataStreamAddress: "localhost:38827"
clientAddress: "localhost:42865"
adminAddress: "localhost:36791"
startupRole: FOLLOWER
, old:), (t:2, i:1), STATEMACHINELOGENTRY, 0@client-2EFB324ADA71, (t:2, i:2), METADATAENTRY(c:1), (t:2, i:3), STATEMACHINELOGENTRY, 999@client-AE8279CAF820, (t:2, i:4), METADATAENTRY(c:3)]
2022-11-08 19:12:07,389 [s2-server-thread2] INFO  server.RaftServer$Division (RaftServerImpl.java:checkInconsistentAppendEntries(1592)) - s2@group-EA982605F2E5: Failed appendEntries as the first entry (index 0) already exists (snapshotIndex: -1, commitIndex: 0)
2022-11-08 19:12:07,389 [s2-server-thread2] INFO  server.RaftServer$Division (RaftServerImpl.java:checkInconsistentAppendEntries(1572)) - s2@group-EA982605F2E5: inconsistency entries. Reply:s1<-s2#231:FAIL-t2,INCONSISTENCY,nextIndex=1,followerCommit=0,matchIndex=-1
2022-11-08 19:12:07,390 [grpc-default-executor-0] INFO  leader.FollowerInfo (FollowerInfoImpl.java:lambda$new$0(48)) - s1@group-EA982605F2E5->s2: nextIndex: updateUnconditionally 5 -> 1
2022-11-08 19:12:07,391 [s2-server-thread2] DEBUG server.RaftServer$Division (RaftServerImpl.java:logAppendEntries(1421)) - s2@group-EA982605F2E5: receive appendEntries(s1, 2, (t:2, i:0), 4, true, commits:[s1:c4, s0:c4, s2:c0], cId:232, entries: [(t:2, i:1), STATEMACHINELOGENTRY, 0@client-2EFB324ADA71, (t:2, i:2), METADATAENTRY(c:1), (t:2, i:3), STATEMACHINELOGENTRY, 999@client-AE8279CAF820, (t:2, i:4), METADATAENTRY(c:3)]
2022-11-08 19:12:07,391 [s2-server-thread2] INFO  server.RaftServer$Division (RaftServerImpl.java:checkInconsistentAppendEntries(1602)) - s2@group-EA982605F2E5: Failed appendEntries as previous log entry ((t:2, i:0)) is not found
2022-11-08 19:12:07,392 [s2-server-thread2] INFO  server.RaftServer$Division (RaftServerImpl.java:checkInconsistentAppendEntries(1572)) - s2@group-EA982605F2E5: inconsistency entries. Reply:s1<-s2#232:FAIL-t2,INCONSISTENCY,nextIndex=0,followerCommit=0,matchIndex=-1
2022-11-08 19:12:07,392 [grpc-default-executor-0] INFO  leader.FollowerInfo (FollowerInfoImpl.java:lambda$new$0(48)) - s1@group-EA982605F2E5->s2: nextIndex: updateUnconditionally 5 -> 0
2022-11-08 19:12:07,394 [s2-server-thread2] DEBUG server.RaftServer$Division (RaftServerImpl.java:logAppendEntries(1421)) - s2@group-EA982605F2E5: receive appendEntries(s1, 2, null, 4, true, commits:[s1:c4, s0:c4, s2:c0], cId:233, entries: [(t:2, i:0), CONFIGURATIONENTRY(current:id: "s0"
address: "localhost:34297"
dataStreamAddress: "localhost:43983"
clientAddress: "localhost:39609"
adminAddress: "localhost:37077"
startupRole: FOLLOWER
,id: "s1"
address: "localhost:38917"
dataStreamAddress: "localhost:45719"
clientAddress: "localhost:36975"
adminAddress: "localhost:40635"
startupRole: FOLLOWER
,id: "s2"
address: "localhost:35511"
dataStreamAddress: "localhost:38827"
clientAddress: "localhost:42865"
adminAddress: "localhost:36791"
startupRole: FOLLOWER
, old:), (t:2, i:1), STATEMACHINELOGENTRY, 0@client-2EFB324ADA71, (t:2, i:2), METADATAENTRY(c:1), (t:2, i:3), STATEMACHINELOGENTRY, 999@client-AE8279CAF820, (t:2, i:4), METADATAENTRY(c:3)]
2022-11-08 19:12:07,394 [s2-server-thread2] INFO  server.RaftServer$Division (RaftServerImpl.java:checkInconsistentAppendEntries(1592)) - s2@group-EA982605F2E5: Failed appendEntries as the first entry (index 0) already exists (snapshotIndex: -1, commitIndex: 0)
2022-11-08 19:12:07,394 [s2-server-thread2] INFO  server.RaftServer$Division (RaftServerImpl.java:checkInconsistentAppendEntries(1572)) - s2@group-EA982605F2E5: inconsistency entries. Reply:s1<-s2#233:FAIL-t2,INCONSISTENCY,nextIndex=1,followerCommit=0,matchIndex=-1
2022-11-08 19:12:07,395 [grpc-default-executor-0] INFO  leader.FollowerInfo (FollowerInfoImpl.java:lambda$new$0(48)) - s1@group-EA982605F2E5->s2: nextIndex: updateUnconditionally 5 -> 1
2022-11-08 19:12:07,396 [s2-server-thread2] DEBUG server.RaftServer$Division (RaftServerImpl.java:logAppendEntries(1421)) - s2@group-EA982605F2E5: receive appendEntries(s1, 2, (t:2, i:0), 4, true, commits:[s1:c4, s0:c4, s2:c0], cId:234, entries: [(t:2, i:1), STATEMACHINELOGENTRY, 0@client-2EFB324ADA71, (t:2, i:2), METADATAENTRY(c:1), (t:2, i:3), STATEMACHINELOGENTRY, 999@client-AE8279CAF820, (t:2, i:4), METADATAENTRY(c:3)]
2022-11-08 19:12:07,397 [s2-server-thread2] INFO  server.RaftServer$Division (RaftServerImpl.java:checkInconsistentAppendEntries(1602)) - s2@group-EA982605F2E5: Failed appendEntries as previous log entry ((t:2, i:0)) is not found
2022-11-08 19:12:07,397 [s2-server-thread2] INFO  server.RaftServer$Division (RaftServerImpl.java:checkInconsistentAppendEntries(1572)) - s2@group-EA982605F2E5: inconsistency entries. Reply:s1<-s2#234:FAIL-t2,INCONSISTENCY,nextIndex=0,followerCommit=0,matchIndex=-1
2022-11-08 19:12:07,397 [grpc-default-executor-0] INFO  leader.FollowerInfo (FollowerInfoImpl.java:lambda$new$0(48)) - s1@group-EA982605F2E5->s2: nextIndex: updateUnconditionally 5 -> 0
2022-11-08 19:12:07,399 [s2-server-thread2] DEBUG server.RaftServer$Division (RaftServerImpl.java:logAppendEntries(1421)) - s2@group-EA982605F2E5: receive appendEntries(s1, 2, null, 4, true, commits:[s1:c4, s0:c4, s2:c0], cId:235, entries: [(t:2, i:0), CONFIGURATIONENTRY(current:id: "s0"
address: "localhost:34297"
dataStreamAddress: "localhost:43983"
clientAddress: "localhost:39609"
adminAddress: "localhost:37077"
startupRole: FOLLOWER
,id: "s1"
address: "localhost:38917"
dataStreamAddress: "localhost:45719"
clientAddress: "localhost:36975"
adminAddress: "localhost:40635"
startupRole: FOLLOWER
,id: "s2"
address: "localhost:35511"
dataStreamAddress: "localhost:38827"
clientAddress: "localhost:42865"
adminAddress: "localhost:36791"
startupRole: FOLLOWER
, old:), (t:2, i:1), STATEMACHINELOGENTRY, 0@client-2EFB324ADA71, (t:2, i:2), METADATAENTRY(c:1), (t:2, i:3), STATEMACHINELOGENTRY, 999@client-AE8279CAF820, (t:2, i:4), METADATAENTRY(c:3)]
2022-11-08 19:12:07,399 [s2-server-thread2] INFO  server.RaftServer$Division (RaftServerImpl.java:checkInconsistentAppendEntries(1592)) - s2@group-EA982605F2E5: Failed appendEntries as the first entry (index 0) already exists (snapshotIndex: -1, commitIndex: 0)
2022-11-08 19:12:07,399 [s2-server-thread2] INFO  server.RaftServer$Division (RaftServerImpl.java:checkInconsistentAppendEntries(1572)) - s2@group-EA982605F2E5: inconsistency entries. Reply:s1<-s2#235:FAIL-t2,INCONSISTENCY,nextIndex=1,followerCommit=0,matchIndex=-1
2022-11-08 19:12:07,400 [grpc-default-executor-0] INFO  leader.FollowerInfo (FollowerInfoImpl.java:lambda$new$0(48)) - s1@group-EA982605F2E5->s2: nextIndex: updateUnconditionally 5 -> 1
2022-11-08 19:12:07,401 [s2-server-thread1] DEBUG server.RaftServer$Division (RaftServerImpl.java:logAppendEntries(1421)) - s2@group-EA982605F2E5: receive appendEntries(s1, 2, (t:2, i:0), 4, true, commits:[s1:c4, s0:c4, s2:c0], cId:236, entries: [(t:2, i:1), STATEMACHINELOGENTRY, 0@client-2EFB324ADA71, (t:2, i:2), METADATAENTRY(c:1), (t:2, i:3), STATEMACHINELOGENTRY, 999@client-AE8279CAF820, (t:2, i:4), METADATAENTRY(c:3)]
2022-11-08 19:12:07,401 [s2-server-thread1] INFO  server.RaftServer$Division (RaftServerImpl.java:checkInconsistentAppendEntries(1602)) - s2@group-EA982605F2E5: Failed appendEntries as previous log entry ((t:2, i:0)) is not found
2022-11-08 19:12:07,401 [s2-server-thread1] INFO  server.RaftServer$Division (RaftServerImpl.java:checkInconsistentAppendEntries(1572)) - s2@group-EA982605F2E5: inconsistency entries. Reply:s1<-s2#236:FAIL-t2,INCONSISTENCY,nextIndex=0,followerCommit=0,matchIndex=-1
2022-11-08 19:12:07,402 [grpc-default-executor-0] INFO  leader.FollowerInfo (FollowerInfoImpl.java:lambda$new$0(48)) - s1@group-EA982605F2E5->s2: nextIndex: updateUnconditionally 5 -> 0
2022-11-08 19:12:07,403 [s2-server-thread2] DEBUG server.RaftServer$Division (RaftServerImpl.java:logAppendEntries(1421)) - s2@group-EA982605F2E5: receive appendEntries(s1, 2, null, 4, true, commits:[s1:c4, s0:c4, s2:c0], cId:237, entries: [(t:2, i:0), CONFIGURATIONENTRY(current:id: "s0"
address: "localhost:34297"
dataStreamAddress: "localhost:43983"
clientAddress: "localhost:39609"
adminAddress: "localhost:37077"
startupRole: FOLLOWER
,id: "s1"
address: "localhost:38917"
dataStreamAddress: "localhost:45719"
clientAddress: "localhost:36975"
adminAddress: "localhost:40635"
startupRole: FOLLOWER
,id: "s2"
address: "localhost:35511"
dataStreamAddress: "localhost:38827"
clientAddress: "localhost:42865"
adminAddress: "localhost:36791"
startupRole: FOLLOWER
, old:), (t:2, i:1), STATEMACHINELOGENTRY, 0@client-2EFB324ADA71, (t:2, i:2), METADATAENTRY(c:1), (t:2, i:3), STATEMACHINELOGENTRY, 999@client-AE8279CAF820, (t:2, i:4), METADATAENTRY(c:3)]
2022-11-08 19:12:07,403 [s2-server-thread2] INFO  server.RaftServer$Division (RaftServerImpl.java:checkInconsistentAppendEntries(1592)) - s2@group-EA982605F2E5: Failed appendEntries as the first entry (index 0) already exists (snapshotIndex: -1, commitIndex: 0)
2022-11-08 19:12:07,404 [s2-server-thread2] INFO  server.RaftServer$Division (RaftServerImpl.java:checkInconsistentAppendEntries(1572)) - s2@group-EA982605F2E5: inconsistency entries. Reply:s1<-s2#237:FAIL-t2,INCONSISTENCY,nextIndex=1,followerCommit=0,matchIndex=-1
2022-11-08 19:12:07,404 [grpc-default-executor-0] INFO  leader.FollowerInfo (FollowerInfoImpl.java:lambda$new$0(48)) - s1@group-EA982605F2E5->s2: nextIndex: updateUnconditionally 5 -> 1
2022-11-08 19:12:07,405 [s2-server-thread2] DEBUG server.RaftServer$Division (RaftServerImpl.java:logAppendEntries(1421)) - s2@group-EA982605F2E5: receive appendEntries(s1, 2, (t:2, i:0), 4, true, commits:[s1:c4, s0:c4, s2:c0], cId:238, entries: [(t:2, i:1), STATEMACHINELOGENTRY, 0@client-2EFB324ADA71, (t:2, i:2), METADATAENTRY(c:1), (t:2, i:3), STATEMACHINELOGENTRY, 999@client-AE8279CAF820, (t:2, i:4), METADATAENTRY(c:3)]
2022-11-08 19:12:07,406 [s2-server-thread2] INFO  server.RaftServer$Division (RaftServerImpl.java:checkInconsistentAppendEntries(1602)) - s2@group-EA982605F2E5: Failed appendEntries as previous log entry ((t:2, i:0)) is not found
2022-11-08 19:12:07,406 [s2-server-thread2] INFO  server.RaftServer$Division (RaftServerImpl.java:checkInconsistentAppendEntries(1572)) - s2@group-EA982605F2E5: inconsistency entries. Reply:s1<-s2#238:FAIL-t2,INCONSISTENCY,nextIndex=0,followerCommit=0,matchIndex=-1
2022-11-08 19:12:07,406 [grpc-default-executor-0] INFO  leader.FollowerInfo (FollowerInfoImpl.java:lambda$new$0(48)) - s1@group-EA982605F2E5->s2: nextIndex: updateUnconditionally 5 -> 0
2022-11-08 19:12:07,408 [s2-server-thread2] DEBUG server.RaftServer$Division (RaftServerImpl.java:logAppendEntries(1421)) - s2@group-EA982605F2E5: receive appendEntries(s1, 2, null, 4, true, commits:[s1:c4, s0:c4, s2:c0], cId:239, entries: [(t:2, i:0), CONFIGURATIONENTRY(current:id: "s0"
address: "localhost:34297"
dataStreamAddress: "localhost:43983"
clientAddress: "localhost:39609"
adminAddress: "localhost:37077"
startupRole: FOLLOWER
,id: "s1"
address: "localhost:38917"
dataStreamAddress: "localhost:45719"
clientAddress: "localhost:36975"
adminAddress: "localhost:40635"
startupRole: FOLLOWER
,id: "s2"
address: "localhost:35511"
dataStreamAddress: "localhost:38827"
clientAddress: "localhost:42865"
adminAddress: "localhost:36791"
startupRole: FOLLOWER
, old:), (t:2, i:1), STATEMACHINELOGENTRY, 0@client-2EFB324ADA71, (t:2, i:2), METADATAENTRY(c:1), (t:2, i:3), STATEMACHINELOGENTRY, 999@client-AE8279CAF820, (t:2, i:4), METADATAENTRY(c:3)]
2022-11-08 19:12:07,408 [s2-server-thread2] INFO  server.RaftServer$Division (RaftServerImpl.java:checkInconsistentAppendEntries(1592)) - s2@group-EA982605F2E5: Failed appendEntries as the first entry (index 0) already exists (snapshotIndex: -1, commitIndex: 0)
2022-11-08 19:12:07,408 [s2-server-thread2] INFO  server.RaftServer$Division (RaftServerImpl.java:checkInconsistentAppendEntries(1572)) - s2@group-EA982605F2E5: inconsistency entries. Reply:s1<-s2#239:FAIL-t2,INCONSISTENCY,nextIndex=1,followerCommit=0,matchIndex=-1
2022-11-08 19:12:07,409 [grpc-default-executor-0] INFO  leader.FollowerInfo (FollowerInfoImpl.java:lambda$new$0(48)) - s1@group-EA982605F2E5->s2: nextIndex: updateUnconditionally 5 -> 1
2022-11-08 19:12:07,410 [s2-server-thread2] DEBUG server.RaftServer$Division (RaftServerImpl.java:logAppendEntries(1421)) - s2@group-EA982605F2E5: receive appendEntries(s1, 2, (t:2, i:0), 4, true, commits:[s1:c4, s0:c4, s2:c0], cId:240, entries: [(t:2, i:1), STATEMACHINELOGENTRY, 0@client-2EFB324ADA71, (t:2, i:2), METADATAENTRY(c:1), (t:2, i:3), STATEMACHINELOGENTRY, 999@client-AE8279CAF820, (t:2, i:4), METADATAENTRY(c:3)]
2022-11-08 19:12:07,410 [s2-server-thread2] INFO  server.RaftServer$Division (RaftServerImpl.java:checkInconsistentAppendEntries(1602)) - s2@group-EA982605F2E5: Failed appendEntries as previous log entry ((t:2, i:0)) is not found
2022-11-08 19:12:07,410 [s2-server-thread2] INFO  server.RaftServer$Division (RaftServerImpl.java:checkInconsistentAppendEntries(1572)) - s2@group-EA982605F2E5: inconsistency entries. Reply:s1<-s2#240:FAIL-t2,INCONSISTENCY,nextIndex=0,followerCommit=0,matchIndex=-1
2022-11-08 19:12:07,411 [grpc-default-executor-0] INFO  leader.FollowerInfo (FollowerInfoImpl.java:lambda$new$0(48)) - s1@group-EA982605F2E5->s2: nextIndex: updateUnconditionally 5 -> 0
2022-11-08 19:12:07,412 [s2-server-thread2] DEBUG server.RaftServer$Division (RaftServerImpl.java:logAppendEntries(1421)) - s2@group-EA982605F2E5: receive appendEntries(s1, 2, null, 4, true, commits:[s1:c4, s0:c4, s2:c0], cId:241, entries: [(t:2, i:0), CONFIGURATIONENTRY(current:id: "s0"
address: "localhost:34297"
dataStreamAddress: "localhost:43983"
clientAddress: "localhost:39609"
adminAddress: "localhost:37077"
startupRole: FOLLOWER
,id: "s1"
address: "localhost:38917"
dataStreamAddress: "localhost:45719"
clientAddress: "localhost:36975"
adminAddress: "localhost:40635"
startupRole: FOLLOWER
,id: "s2"
address: "localhost:35511"
dataStreamAddress: "localhost:38827"
clientAddress: "localhost:42865"
adminAddress: "localhost:36791"
startupRole: FOLLOWER
, old:), (t:2, i:1), STATEMACHINELOGENTRY, 0@client-2EFB324ADA71, (t:2, i:2), METADATAENTRY(c:1), (t:2, i:3), STATEMACHINELOGENTRY, 999@client-AE8279CAF820, (t:2, i:4), METADATAENTRY(c:3)]
2022-11-08 19:12:07,413 [s2-server-thread2] INFO  server.RaftServer$Division (RaftServerImpl.java:checkInconsistentAppendEntries(1592)) - s2@group-EA982605F2E5: Failed appendEntries as the first entry (index 0) already exists (snapshotIndex: -1, commitIndex: 0)
2022-11-08 19:12:07,413 [s2-server-thread2] INFO  server.RaftServer$Division (RaftServerImpl.java:checkInconsistentAppendEntries(1572)) - s2@group-EA982605F2E5: inconsistency entries. Reply:s1<-s2#241:FAIL-t2,INCONSISTENCY,nextIndex=1,followerCommit=0,matchIndex=-1
2022-11-08 19:12:07,413 [grpc-default-executor-0] INFO  leader.FollowerInfo (FollowerInfoImpl.java:lambda$new$0(48)) - s1@group-EA982605F2E5->s2: nextIndex: updateUnconditionally 5 -> 1
2022-11-08 19:12:07,414 [s2-server-thread1] DEBUG server.RaftServer$Division (RaftServerImpl.java:logAppendEntries(1421)) - s2@group-EA982605F2E5: receive appendEntries(s1, 2, (t:2, i:0), 4, true, commits:[s1:c4, s0:c4, s2:c0], cId:242, entries: [(t:2, i:1), STATEMACHINELOGENTRY, 0@client-2EFB324ADA71, (t:2, i:2), METADATAENTRY(c:1), (t:2, i:3), STATEMACHINELOGENTRY, 999@client-AE8279CAF820, (t:2, i:4), METADATAENTRY(c:3)]
2022-11-08 19:12:07,414 [s2-server-thread1] INFO  server.RaftServer$Division (RaftServerImpl.java:checkInconsistentAppendEntries(1602)) - s2@group-EA982605F2E5: Failed appendEntries as previous log entry ((t:2, i:0)) is not found
2022-11-08 19:12:07,415 [s2-server-thread1] INFO  server.RaftServer$Division (RaftServerImpl.java:checkInconsistentAppendEntries(1572)) - s2@group-EA982605F2E5: inconsistency entries. Reply:s1<-s2#242:FAIL-t2,INCONSISTENCY,nextIndex=0,followerCommit=0,matchIndex=-1
2022-11-08 19:12:07,415 [grpc-default-executor-0] INFO  leader.FollowerInfo (FollowerInfoImpl.java:lambda$new$0(48)) - s1@group-EA982605F2E5->s2: nextIndex: updateUnconditionally 5 -> 0
2022-11-08 19:12:07,417 [s2-server-thread2] DEBUG server.RaftServer$Division (RaftServerImpl.java:logAppendEntries(1421)) - s2@group-EA982605F2E5: receive appendEntries(s1, 2, null, 4, true, commits:[s1:c4, s0:c4, s2:c0], cId:243, entries: [(t:2, i:0), CONFIGURATIONENTRY(current:id: "s0"
address: "localhost:34297"
dataStreamAddress: "localhost:43983"
clientAddress: "localhost:39609"
adminAddress: "localhost:37077"
startupRole: FOLLOWER
,id: "s1"
address: "localhost:38917"
dataStreamAddress: "localhost:45719"
clientAddress: "localhost:36975"
adminAddress: "localhost:40635"
startupRole: FOLLOWER
,id: "s2"
address: "localhost:35511"
dataStreamAddress: "localhost:38827"
clientAddress: "localhost:42865"
adminAddress: "localhost:36791"
startupRole: FOLLOWER
, old:), (t:2, i:1), STATEMACHINELOGENTRY, 0@client-2EFB324ADA71, (t:2, i:2), METADATAENTRY(c:1), (t:2, i:3), STATEMACHINELOGENTRY, 999@client-AE8279CAF820, (t:2, i:4), METADATAENTRY(c:3)]
2022-11-08 19:12:07,417 [s2-server-thread2] INFO  server.RaftServer$Division (RaftServerImpl.java:checkInconsistentAppendEntries(1592)) - s2@group-EA982605F2E5: Failed appendEntries as the first entry (index 0) already exists (snapshotIndex: -1, commitIndex: 0)
2022-11-08 19:12:07,417 [s2-server-thread2] INFO  server.RaftServer$Division (RaftServerImpl.java:checkInconsistentAppendEntries(1572)) - s2@group-EA982605F2E5: inconsistency entries. Reply:s1<-s2#243:FAIL-t2,INCONSISTENCY,nextIndex=1,followerCommit=0,matchIndex=-1
2022-11-08 19:12:07,418 [grpc-default-executor-0] INFO  leader.FollowerInfo (FollowerInfoImpl.java:lambda$new$0(48)) - s1@group-EA982605F2E5->s2: nextIndex: updateUnconditionally 5 -> 1
2022-11-08 19:12:07,419 [s2-server-thread2] DEBUG server.RaftServer$Division (RaftServerImpl.java:logAppendEntries(1421)) - s2@group-EA982605F2E5: receive appendEntries(s1, 2, (t:2, i:0), 4, true, commits:[s1:c4, s0:c4, s2:c0], cId:244, entries: [(t:2, i:1), STATEMACHINELOGENTRY, 0@client-2EFB324ADA71, (t:2, i:2), METADATAENTRY(c:1), (t:2, i:3), STATEMACHINELOGENTRY, 999@client-AE8279CAF820, (t:2, i:4), METADATAENTRY(c:3)]
2022-11-08 19:12:07,419 [s2-server-thread2] INFO  server.RaftServer$Division (RaftServerImpl.java:checkInconsistentAppendEntries(1602)) - s2@group-EA982605F2E5: Failed appendEntries as previous log entry ((t:2, i:0)) is not found
2022-11-08 19:12:07,419 [s2-server-thread2] INFO  server.RaftServer$Division (RaftServerImpl.java:checkInconsistentAppendEntries(1572)) - s2@group-EA982605F2E5: inconsistency entries. Reply:s1<-s2#244:FAIL-t2,INCONSISTENCY,nextIndex=0,followerCommit=0,matchIndex=-1
2022-11-08 19:12:07,420 [grpc-default-executor-0] INFO  leader.FollowerInfo (FollowerInfoImpl.java:lambda$new$0(48)) - s1@group-EA982605F2E5->s2: nextIndex: updateUnconditionally 5 -> 0
2022-11-08 19:12:07,421 [s2-server-thread2] DEBUG server.RaftServer$Division (RaftServerImpl.java:logAppendEntries(1421)) - s2@group-EA982605F2E5: receive appendEntries(s1, 2, null, 4, true, commits:[s1:c4, s0:c4, s2:c0], cId:245, entries: [(t:2, i:0), CONFIGURATIONENTRY(current:id: "s0"
address: "localhost:34297"
dataStreamAddress: "localhost:43983"
clientAddress: "localhost:39609"
adminAddress: "localhost:37077"
startupRole: FOLLOWER
,id: "s1"
address: "localhost:38917"
dataStreamAddress: "localhost:45719"
clientAddress: "localhost:36975"
adminAddress: "localhost:40635"
startupRole: FOLLOWER
,id: "s2"
address: "localhost:35511"
dataStreamAddress: "localhost:38827"
clientAddress: "localhost:42865"
adminAddress: "localhost:36791"
startupRole: FOLLOWER
, old:), (t:2, i:1), STATEMACHINELOGENTRY, 0@client-2EFB324ADA71, (t:2, i:2), METADATAENTRY(c:1), (t:2, i:3), STATEMACHINELOGENTRY, 999@client-AE8279CAF820, (t:2, i:4), METADATAENTRY(c:3)]
2022-11-08 19:12:07,421 [s2-server-thread2] INFO  server.RaftServer$Division (RaftServerImpl.java:checkInconsistentAppendEntries(1592)) - s2@group-EA982605F2E5: Failed appendEntries as the first entry (index 0) already exists (snapshotIndex: -1, commitIndex: 0)
2022-11-08 19:12:07,422 [s2-server-thread2] INFO  server.RaftServer$Division (RaftServerImpl.java:checkInconsistentAppendEntries(1572)) - s2@group-EA982605F2E5: inconsistency entries. Reply:s1<-s2#245:FAIL-t2,INCONSISTENCY,nextIndex=1,followerCommit=0,matchIndex=-1
2022-11-08 19:12:07,422 [grpc-default-executor-0] INFO  leader.FollowerInfo (FollowerInfoImpl.java:lambda$new$0(48)) - s1@group-EA982605F2E5->s2: nextIndex: updateUnconditionally 5 -> 1
2022-11-08 19:12:07,423 [s2-server-thread2] DEBUG server.RaftServer$Division (RaftServerImpl.java:logAppendEntries(1421)) - s2@group-EA982605F2E5: receive appendEntries(s1, 2, (t:2, i:0), 4, true, commits:[s1:c4, s0:c4, s2:c0], cId:246, entries: [(t:2, i:1), STATEMACHINELOGENTRY, 0@client-2EFB324ADA71, (t:2, i:2), METADATAENTRY(c:1), (t:2, i:3), STATEMACHINELOGENTRY, 999@client-AE8279CAF820, (t:2, i:4), METADATAENTRY(c:3)]
2022-11-08 19:12:07,423 [s2-server-thread2] INFO  server.RaftServer$Division (RaftServerImpl.java:checkInconsistentAppendEntries(1602)) - s2@group-EA982605F2E5: Failed appendEntries as previous log entry ((t:2, i:0)) is not found
2022-11-08 19:12:07,424 [s2-server-thread2] INFO  server.RaftServer$Division (RaftServerImpl.java:checkInconsistentAppendEntries(1572)) - s2@group-EA982605F2E5: inconsistency entries. Reply:s1<-s2#246:FAIL-t2,INCONSISTENCY,nextIndex=0,followerCommit=0,matchIndex=-1
2022-11-08 19:12:07,424 [grpc-default-executor-0] INFO  leader.FollowerInfo (FollowerInfoImpl.java:lambda$new$0(48)) - s1@group-EA982605F2E5->s2: nextIndex: updateUnconditionally 5 -> 0
2022-11-08 19:12:07,426 [s2-server-thread2] DEBUG server.RaftServer$Division (RaftServerImpl.java:logAppendEntries(1421)) - s2@group-EA982605F2E5: receive appendEntries(s1, 2, null, 4, true, commits:[s1:c4, s0:c4, s2:c0], cId:247, entries: [(t:2, i:0), CONFIGURATIONENTRY(current:id: "s0"
address: "localhost:34297"
dataStreamAddress: "localhost:43983"
clientAddress: "localhost:39609"
adminAddress: "localhost:37077"
startupRole: FOLLOWER
,id: "s1"
address: "localhost:38917"
dataStreamAddress: "localhost:45719"
clientAddress: "localhost:36975"
adminAddress: "localhost:40635"
startupRole: FOLLOWER
,id: "s2"
address: "localhost:35511"
dataStreamAddress: "localhost:38827"
clientAddress: "localhost:42865"
adminAddress: "localhost:36791"
startupRole: FOLLOWER
, old:), (t:2, i:1), STATEMACHINELOGENTRY, 0@client-2EFB324ADA71, (t:2, i:2), METADATAENTRY(c:1), (t:2, i:3), STATEMACHINELOGENTRY, 999@client-AE8279CAF820, (t:2, i:4), METADATAENTRY(c:3)]
2022-11-08 19:12:07,426 [s2-server-thread2] INFO  server.RaftServer$Division (RaftServerImpl.java:checkInconsistentAppendEntries(1592)) - s2@group-EA982605F2E5: Failed appendEntries as the first entry (index 0) already exists (snapshotIndex: -1, commitIndex: 0)
2022-11-08 19:12:07,426 [s2-server-thread2] INFO  server.RaftServer$Division (RaftServerImpl.java:checkInconsistentAppendEntries(1572)) - s2@group-EA982605F2E5: inconsistency entries. Reply:s1<-s2#247:FAIL-t2,INCONSISTENCY,nextIndex=1,followerCommit=0,matchIndex=-1
2022-11-08 19:12:07,427 [grpc-default-executor-0] INFO  leader.FollowerInfo (FollowerInfoImpl.java:lambda$new$0(48)) - s1@group-EA982605F2E5->s2: nextIndex: updateUnconditionally 5 -> 1
2022-11-08 19:12:07,430 [s2-server-thread2] DEBUG server.RaftServer$Division (RaftServerImpl.java:logAppendEntries(1421)) - s2@group-EA982605F2E5: receive appendEntries(s1, 2, (t:2, i:0), 4, true, commits:[s1:c4, s0:c4, s2:c0], cId:248, entries: [(t:2, i:1), STATEMACHINELOGENTRY, 0@client-2EFB324ADA71, (t:2, i:2), METADATAENTRY(c:1), (t:2, i:3), STATEMACHINELOGENTRY, 999@client-AE8279CAF820, (t:2, i:4), METADATAENTRY(c:3)]
2022-11-08 19:12:07,430 [s2-server-thread2] INFO  server.RaftServer$Division (RaftServerImpl.java:checkInconsistentAppendEntries(1602)) - s2@group-EA982605F2E5: Failed appendEntries as previous log entry ((t:2, i:0)) is not found
2022-11-08 19:12:07,430 [s2-server-thread2] INFO  server.RaftServer$Division (RaftServerImpl.java:checkInconsistentAppendEntries(1572)) - s2@group-EA982605F2E5: inconsistency entries. Reply:s1<-s2#248:FAIL-t2,INCONSISTENCY,nextIndex=0,followerCommit=0,matchIndex=-1
2022-11-08 19:12:07,431 [grpc-default-executor-0] INFO  leader.FollowerInfo (FollowerInfoImpl.java:lambda$new$0(48)) - s1@group-EA982605F2E5->s2: nextIndex: updateUnconditionally 5 -> 0
2022-11-08 19:12:07,432 [s2-server-thread1] DEBUG server.RaftServer$Division (RaftServerImpl.java:logAppendEntries(1421)) - s2@group-EA982605F2E5: receive appendEntries(s1, 2, null, 4, true, commits:[s1:c4, s0:c4, s2:c0], cId:249, entries: [(t:2, i:0), CONFIGURATIONENTRY(current:id: "s0"
address: "localhost:34297"
dataStreamAddress: "localhost:43983"
clientAddress: "localhost:39609"
adminAddress: "localhost:37077"
startupRole: FOLLOWER
,id: "s1"
address: "localhost:38917"
dataStreamAddress: "localhost:45719"
clientAddress: "localhost:36975"
adminAddress: "localhost:40635"
startupRole: FOLLOWER
,id: "s2"
address: "localhost:35511"
dataStreamAddress: "localhost:38827"
clientAddress: "localhost:42865"
adminAddress: "localhost:36791"
startupRole: FOLLOWER
, old:), (t:2, i:1), STATEMACHINELOGENTRY, 0@client-2EFB324ADA71, (t:2, i:2), METADATAENTRY(c:1), (t:2, i:3), STATEMACHINELOGENTRY, 999@client-AE8279CAF820, (t:2, i:4), METADATAENTRY(c:3)]
2022-11-08 19:12:07,432 [s2-server-thread1] INFO  server.RaftServer$Division (RaftServerImpl.java:checkInconsistentAppendEntries(1592)) - s2@group-EA982605F2E5: Failed appendEntries as the first entry (index 0) already exists (snapshotIndex: -1, commitIndex: 0)
2022-11-08 19:12:07,432 [s2-server-thread1] INFO  server.RaftServer$Division (RaftServerImpl.java:checkInconsistentAppendEntries(1572)) - s2@group-EA982605F2E5: inconsistency entries. Reply:s1<-s2#249:FAIL-t2,INCONSISTENCY,nextIndex=1,followerCommit=0,matchIndex=-1
2022-11-08 19:12:07,433 [grpc-default-executor-0] INFO  leader.FollowerInfo (FollowerInfoImpl.java:lambda$new$0(48)) - s1@group-EA982605F2E5->s2: nextIndex: updateUnconditionally 5 -> 1
2022-11-08 19:12:07,434 [s2-server-thread2] DEBUG server.RaftServer$Division (RaftServerImpl.java:logAppendEntries(1421)) - s2@group-EA982605F2E5: receive appendEntries(s1, 2, (t:2, i:0), 4, true, commits:[s1:c4, s0:c4, s2:c0], cId:250, entries: [(t:2, i:1), STATEMACHINELOGENTRY, 0@client-2EFB324ADA71, (t:2, i:2), METADATAENTRY(c:1), (t:2, i:3), STATEMACHINELOGENTRY, 999@client-AE8279CAF820, (t:2, i:4), METADATAENTRY(c:3)]
2022-11-08 19:12:07,434 [s2-server-thread2] INFO  server.RaftServer$Division (RaftServerImpl.java:checkInconsistentAppendEntries(1602)) - s2@group-EA982605F2E5: Failed appendEntries as previous log entry ((t:2, i:0)) is not found
2022-11-08 19:12:07,434 [s2-server-thread2] INFO  server.RaftServer$Division (RaftServerImpl.java:checkInconsistentAppendEntries(1572)) - s2@group-EA982605F2E5: inconsistency entries. Reply:s1<-s2#250:FAIL-t2,INCONSISTENCY,nextIndex=0,followerCommit=0,matchIndex=-1
2022-11-08 19:12:07,435 [grpc-default-executor-0] INFO  leader.FollowerInfo (FollowerInfoImpl.java:lambda$new$0(48)) - s1@group-EA982605F2E5->s2: nextIndex: updateUnconditionally 5 -> 0
2022-11-08 19:12:07,436 [s2-server-thread2] DEBUG server.RaftServer$Division (RaftServerImpl.java:logAppendEntries(1421)) - s2@group-EA982605F2E5: receive appendEntries(s1, 2, null, 4, true, commits:[s1:c4, s0:c4, s2:c0], cId:251, entries: [(t:2, i:0), CONFIGURATIONENTRY(current:id: "s0"
address: "localhost:34297"
dataStreamAddress: "localhost:43983"
clientAddress: "localhost:39609"
adminAddress: "localhost:37077"
startupRole: FOLLOWER
,id: "s1"
address: "localhost:38917"
dataStreamAddress: "localhost:45719"
clientAddress: "localhost:36975"
adminAddress: "localhost:40635"
startupRole: FOLLOWER
,id: "s2"
address: "localhost:35511"
dataStreamAddress: "localhost:38827"
clientAddress: "localhost:42865"
adminAddress: "localhost:36791"
startupRole: FOLLOWER
, old:), (t:2, i:1), STATEMACHINELOGENTRY, 0@client-2EFB324ADA71, (t:2, i:2), METADATAENTRY(c:1), (t:2, i:3), STATEMACHINELOGENTRY, 999@client-AE8279CAF820, (t:2, i:4), METADATAENTRY(c:3)]
2022-11-08 19:12:07,436 [s2-server-thread2] INFO  server.RaftServer$Division (RaftServerImpl.java:checkInconsistentAppendEntries(1592)) - s2@group-EA982605F2E5: Failed appendEntries as the first entry (index 0) already exists (snapshotIndex: -1, commitIndex: 0)
2022-11-08 19:12:07,437 [s2-server-thread2] INFO  server.RaftServer$Division (RaftServerImpl.java:checkInconsistentAppendEntries(1572)) - s2@group-EA982605F2E5: inconsistency entries. Reply:s1<-s2#251:FAIL-t2,INCONSISTENCY,nextIndex=1,followerCommit=0,matchIndex=-1
2022-11-08 19:12:07,437 [grpc-default-executor-0] INFO  leader.FollowerInfo (FollowerInfoImpl.java:lambda$new$0(48)) - s1@group-EA982605F2E5->s2: nextIndex: updateUnconditionally 5 -> 1
2022-11-08 19:12:07,438 [s2-server-thread2] DEBUG server.RaftServer$Division (RaftServerImpl.java:logAppendEntries(1421)) - s2@group-EA982605F2E5: receive appendEntries(s1, 2, (t:2, i:0), 4, true, commits:[s1:c4, s0:c4, s2:c0], cId:252, entries: [(t:2, i:1), STATEMACHINELOGENTRY, 0@client-2EFB324ADA71, (t:2, i:2), METADATAENTRY(c:1), (t:2, i:3), STATEMACHINELOGENTRY, 999@client-AE8279CAF820, (t:2, i:4), METADATAENTRY(c:3)]
2022-11-08 19:12:07,439 [s2-server-thread2] INFO  server.RaftServer$Division (RaftServerImpl.java:checkInconsistentAppendEntries(1602)) - s2@group-EA982605F2E5: Failed appendEntries as previous log entry ((t:2, i:0)) is not found
2022-11-08 19:12:07,439 [s2-server-thread2] INFO  server.RaftServer$Division (RaftServerImpl.java:checkInconsistentAppendEntries(1572)) - s2@group-EA982605F2E5: inconsistency entries. Reply:s1<-s2#252:FAIL-t2,INCONSISTENCY,nextIndex=0,followerCommit=0,matchIndex=-1
2022-11-08 19:12:07,439 [grpc-default-executor-0] INFO  leader.FollowerInfo (FollowerInfoImpl.java:lambda$new$0(48)) - s1@group-EA982605F2E5->s2: nextIndex: updateUnconditionally 5 -> 0
2022-11-08 19:12:07,441 [s2-server-thread2] DEBUG server.RaftServer$Division (RaftServerImpl.java:logAppendEntries(1421)) - s2@group-EA982605F2E5: receive appendEntries(s1, 2, null, 4, true, commits:[s1:c4, s0:c4, s2:c0], cId:253, entries: [(t:2, i:0), CONFIGURATIONENTRY(current:id: "s0"
address: "localhost:34297"
dataStreamAddress: "localhost:43983"
clientAddress: "localhost:39609"
adminAddress: "localhost:37077"
startupRole: FOLLOWER
,id: "s1"
address: "localhost:38917"
dataStreamAddress: "localhost:45719"
clientAddress: "localhost:36975"
adminAddress: "localhost:40635"
startupRole: FOLLOWER
,id: "s2"
address: "localhost:35511"
dataStreamAddress: "localhost:38827"
clientAddress: "localhost:42865"
adminAddress: "localhost:36791"
startupRole: FOLLOWER
, old:), (t:2, i:1), STATEMACHINELOGENTRY, 0@client-2EFB324ADA71, (t:2, i:2), METADATAENTRY(c:1), (t:2, i:3), STATEMACHINELOGENTRY, 999@client-AE8279CAF820, (t:2, i:4), METADATAENTRY(c:3)]
2022-11-08 19:12:07,441 [s2-server-thread2] INFO  server.RaftServer$Division (RaftServerImpl.java:checkInconsistentAppendEntries(1592)) - s2@group-EA982605F2E5: Failed appendEntries as the first entry (index 0) already exists (snapshotIndex: -1, commitIndex: 0)
2022-11-08 19:12:07,441 [s2-server-thread2] INFO  server.RaftServer$Division (RaftServerImpl.java:checkInconsistentAppendEntries(1572)) - s2@group-EA982605F2E5: inconsistency entries. Reply:s1<-s2#253:FAIL-t2,INCONSISTENCY,nextIndex=1,followerCommit=0,matchIndex=-1
2022-11-08 19:12:07,442 [grpc-default-executor-0] INFO  leader.FollowerInfo (FollowerInfoImpl.java:lambda$new$0(48)) - s1@group-EA982605F2E5->s2: nextIndex: updateUnconditionally 5 -> 1
2022-11-08 19:12:07,443 [s2-server-thread1] DEBUG server.RaftServer$Division (RaftServerImpl.java:logAppendEntries(1421)) - s2@group-EA982605F2E5: receive appendEntries(s1, 2, (t:2, i:0), 4, true, commits:[s1:c4, s0:c4, s2:c0], cId:254, entries: [(t:2, i:1), STATEMACHINELOGENTRY, 0@client-2EFB324ADA71, (t:2, i:2), METADATAENTRY(c:1), (t:2, i:3), STATEMACHINELOGENTRY, 999@client-AE8279CAF820, (t:2, i:4), METADATAENTRY(c:3)]
2022-11-08 19:12:07,443 [s2-server-thread1] INFO  server.RaftServer$Division (RaftServerImpl.java:checkInconsistentAppendEntries(1602)) - s2@group-EA982605F2E5: Failed appendEntries as previous log entry ((t:2, i:0)) is not found
2022-11-08 19:12:07,443 [s2-server-thread1] INFO  server.RaftServer$Division (RaftServerImpl.java:checkInconsistentAppendEntries(1572)) - s2@group-EA982605F2E5: inconsistency entries. Reply:s1<-s2#254:FAIL-t2,INCONSISTENCY,nextIndex=0,followerCommit=0,matchIndex=-1
2022-11-08 19:12:07,444 [grpc-default-executor-0] INFO  leader.FollowerInfo (FollowerInfoImpl.java:lambda$new$0(48)) - s1@group-EA982605F2E5->s2: nextIndex: updateUnconditionally 5 -> 0
2022-11-08 19:12:07,445 [s2-server-thread2] DEBUG server.RaftServer$Division (RaftServerImpl.java:logAppendEntries(1421)) - s2@group-EA982605F2E5: receive appendEntries(s1, 2, null, 4, true, commits:[s1:c4, s0:c4, s2:c0], cId:255, entries: [(t:2, i:0), CONFIGURATIONENTRY(current:id: "s0"
address: "localhost:34297"
dataStreamAddress: "localhost:43983"
clientAddress: "localhost:39609"
adminAddress: "localhost:37077"
startupRole: FOLLOWER
,id: "s1"
address: "localhost:38917"
dataStreamAddress: "localhost:45719"
clientAddress: "localhost:36975"
adminAddress: "localhost:40635"
startupRole: FOLLOWER
,id: "s2"
address: "localhost:35511"
dataStreamAddress: "localhost:38827"
clientAddress: "localhost:42865"
adminAddress: "localhost:36791"
startupRole: FOLLOWER
, old:), (t:2, i:1), STATEMACHINELOGENTRY, 0@client-2EFB324ADA71, (t:2, i:2), METADATAENTRY(c:1), (t:2, i:3), STATEMACHINELOGENTRY, 999@client-AE8279CAF820, (t:2, i:4), METADATAENTRY(c:3)]
2022-11-08 19:12:07,445 [s2-server-thread2] INFO  server.RaftServer$Division (RaftServerImpl.java:checkInconsistentAppendEntries(1592)) - s2@group-EA982605F2E5: Failed appendEntries as the first entry (index 0) already exists (snapshotIndex: -1, commitIndex: 0)
2022-11-08 19:12:07,446 [s2-server-thread2] INFO  server.RaftServer$Division (RaftServerImpl.java:checkInconsistentAppendEntries(1572)) - s2@group-EA982605F2E5: inconsistency entries. Reply:s1<-s2#255:FAIL-t2,INCONSISTENCY,nextIndex=1,followerCommit=0,matchIndex=-1
2022-11-08 19:12:07,446 [grpc-default-executor-0] INFO  leader.FollowerInfo (FollowerInfoImpl.java:lambda$new$0(48)) - s1@group-EA982605F2E5->s2: nextIndex: updateUnconditionally 5 -> 1
2022-11-08 19:12:07,447 [s2-server-thread2] DEBUG server.RaftServer$Division (RaftServerImpl.java:logAppendEntries(1421)) - s2@group-EA982605F2E5: receive appendEntries(s1, 2, (t:2, i:0), 4, true, commits:[s1:c4, s0:c4, s2:c0], cId:256, entries: [(t:2, i:1), STATEMACHINELOGENTRY, 0@client-2EFB324ADA71, (t:2, i:2), METADATAENTRY(c:1), (t:2, i:3), STATEMACHINELOGENTRY, 999@client-AE8279CAF820, (t:2, i:4), METADATAENTRY(c:3)]
2022-11-08 19:12:07,447 [s2-server-thread2] INFO  server.RaftServer$Division (RaftServerImpl.java:checkInconsistentAppendEntries(1602)) - s2@group-EA982605F2E5: Failed appendEntries as previous log entry ((t:2, i:0)) is not found
2022-11-08 19:12:07,448 [s2-server-thread2] INFO  server.RaftServer$Division (RaftServerImpl.java:checkInconsistentAppendEntries(1572)) - s2@group-EA982605F2E5: inconsistency entries. Reply:s1<-s2#256:FAIL-t2,INCONSISTENCY,nextIndex=0,followerCommit=0,matchIndex=-1
2022-11-08 19:12:07,448 [grpc-default-executor-0] INFO  leader.FollowerInfo (FollowerInfoImpl.java:lambda$new$0(48)) - s1@group-EA982605F2E5->s2: nextIndex: updateUnconditionally 5 -> 0
2022-11-08 19:12:07,450 [s2-server-thread2] DEBUG server.RaftServer$Division (RaftServerImpl.java:logAppendEntries(1421)) - s2@group-EA982605F2E5: receive appendEntries(s1, 2, null, 4, true, commits:[s1:c4, s0:c4, s2:c0], cId:257, entries: [(t:2, i:0), CONFIGURATIONENTRY(current:id: "s0"
address: "localhost:34297"
dataStreamAddress: "localhost:43983"
clientAddress: "localhost:39609"
adminAddress: "localhost:37077"
startupRole: FOLLOWER
,id: "s1"
address: "localhost:38917"
dataStreamAddress: "localhost:45719"
clientAddress: "localhost:36975"
adminAddress: "localhost:40635"
startupRole: FOLLOWER
,id: "s2"
address: "localhost:35511"
dataStreamAddress: "localhost:38827"
clientAddress: "localhost:42865"
adminAddress: "localhost:36791"
startupRole: FOLLOWER
, old:), (t:2, i:1), STATEMACHINELOGENTRY, 0@client-2EFB324ADA71, (t:2, i:2), METADATAENTRY(c:1), (t:2, i:3), STATEMACHINELOGENTRY, 999@client-AE8279CAF820, (t:2, i:4), METADATAENTRY(c:3)]
2022-11-08 19:12:07,450 [s2-server-thread2] INFO  server.RaftServer$Division (RaftServerImpl.java:checkInconsistentAppendEntries(1592)) - s2@group-EA982605F2E5: Failed appendEntries as the first entry (index 0) already exists (snapshotIndex: -1, commitIndex: 0)
2022-11-08 19:12:07,451 [s2-server-thread2] INFO  server.RaftServer$Division (RaftServerImpl.java:checkInconsistentAppendEntries(1572)) - s2@group-EA982605F2E5: inconsistency entries. Reply:s1<-s2#257:FAIL-t2,INCONSISTENCY,nextIndex=1,followerCommit=0,matchIndex=-1
2022-11-08 19:12:07,451 [grpc-default-executor-0] INFO  leader.FollowerInfo (FollowerInfoImpl.java:lambda$new$0(48)) - s1@group-EA982605F2E5->s2: nextIndex: updateUnconditionally 5 -> 1
2022-11-08 19:12:07,452 [s2-server-thread2] DEBUG server.RaftServer$Division (RaftServerImpl.java:logAppendEntries(1421)) - s2@group-EA982605F2E5: receive appendEntries(s1, 2, (t:2, i:0), 4, true, commits:[s1:c4, s0:c4, s2:c0], cId:258, entries: [(t:2, i:1), STATEMACHINELOGENTRY, 0@client-2EFB324ADA71, (t:2, i:2), METADATAENTRY(c:1), (t:2, i:3), STATEMACHINELOGENTRY, 999@client-AE8279CAF820, (t:2, i:4), METADATAENTRY(c:3)]
2022-11-08 19:12:07,453 [s2-server-thread2] INFO  server.RaftServer$Division (RaftServerImpl.java:checkInconsistentAppendEntries(1602)) - s2@group-EA982605F2E5: Failed appendEntries as previous log entry ((t:2, i:0)) is not found
2022-11-08 19:12:07,453 [s2-server-thread2] INFO  server.RaftServer$Division (RaftServerImpl.java:checkInconsistentAppendEntries(1572)) - s2@group-EA982605F2E5: inconsistency entries. Reply:s1<-s2#258:FAIL-t2,INCONSISTENCY,nextIndex=0,followerCommit=0,matchIndex=-1
2022-11-08 19:12:07,453 [grpc-default-executor-0] INFO  leader.FollowerInfo (FollowerInfoImpl.java:lambda$new$0(48)) - s1@group-EA982605F2E5->s2: nextIndex: updateUnconditionally 5 -> 0
2022-11-08 19:12:07,454 [s2-server-thread2] DEBUG server.RaftServer$Division (RaftServerImpl.java:logAppendEntries(1421)) - s2@group-EA982605F2E5: receive appendEntries(s1, 2, null, 4, true, commits:[s1:c4, s0:c4, s2:c0], cId:259, entries: [(t:2, i:0), CONFIGURATIONENTRY(current:id: "s0"
address: "localhost:34297"
dataStreamAddress: "localhost:43983"
clientAddress: "localhost:39609"
adminAddress: "localhost:37077"
startupRole: FOLLOWER
,id: "s1"
address: "localhost:38917"
dataStreamAddress: "localhost:45719"
clientAddress: "localhost:36975"
adminAddress: "localhost:40635"
startupRole: FOLLOWER
,id: "s2"
address: "localhost:35511"
dataStreamAddress: "localhost:38827"
clientAddress: "localhost:42865"
adminAddress: "localhost:36791"
startupRole: FOLLOWER
, old:), (t:2, i:1), STATEMACHINELOGENTRY, 0@client-2EFB324ADA71, (t:2, i:2), METADATAENTRY(c:1), (t:2, i:3), STATEMACHINELOGENTRY, 999@client-AE8279CAF820, (t:2, i:4), METADATAENTRY(c:3)]
2022-11-08 19:12:07,455 [s2-server-thread2] INFO  server.RaftServer$Division (RaftServerImpl.java:checkInconsistentAppendEntries(1592)) - s2@group-EA982605F2E5: Failed appendEntries as the first entry (index 0) already exists (snapshotIndex: -1, commitIndex: 0)
2022-11-08 19:12:07,455 [s2-server-thread2] INFO  server.RaftServer$Division (RaftServerImpl.java:checkInconsistentAppendEntries(1572)) - s2@group-EA982605F2E5: inconsistency entries. Reply:s1<-s2#259:FAIL-t2,INCONSISTENCY,nextIndex=1,followerCommit=0,matchIndex=-1
2022-11-08 19:12:07,455 [grpc-default-executor-0] INFO  leader.FollowerInfo (FollowerInfoImpl.java:lambda$new$0(48)) - s1@group-EA982605F2E5->s2: nextIndex: updateUnconditionally 5 -> 1
2022-11-08 19:12:07,456 [s2-server-thread2] DEBUG server.RaftServer$Division (RaftServerImpl.java:logAppendEntries(1421)) - s2@group-EA982605F2E5: receive appendEntries(s1, 2, (t:2, i:0), 4, true, commits:[s1:c4, s0:c4, s2:c0], cId:260, entries: [(t:2, i:1), STATEMACHINELOGENTRY, 0@client-2EFB324ADA71, (t:2, i:2), METADATAENTRY(c:1), (t:2, i:3), STATEMACHINELOGENTRY, 999@client-AE8279CAF820, (t:2, i:4), METADATAENTRY(c:3)]
2022-11-08 19:12:07,457 [s2-server-thread2] INFO  server.RaftServer$Division (RaftServerImpl.java:checkInconsistentAppendEntries(1602)) - s2@group-EA982605F2E5: Failed appendEntries as previous log entry ((t:2, i:0)) is not found
2022-11-08 19:12:07,457 [s2-server-thread2] INFO  server.RaftServer$Division (RaftServerImpl.java:checkInconsistentAppendEntries(1572)) - s2@group-EA982605F2E5: inconsistency entries. Reply:s1<-s2#260:FAIL-t2,INCONSISTENCY,nextIndex=0,followerCommit=0,matchIndex=-1
2022-11-08 19:12:07,457 [grpc-default-executor-0] INFO  leader.FollowerInfo (FollowerInfoImpl.java:lambda$new$0(48)) - s1@group-EA982605F2E5->s2: nextIndex: updateUnconditionally 5 -> 0
2022-11-08 19:12:07,459 [s2-server-thread2] DEBUG server.RaftServer$Division (RaftServerImpl.java:logAppendEntries(1421)) - s2@group-EA982605F2E5: receive appendEntries(s1, 2, null, 4, true, commits:[s1:c4, s0:c4, s2:c0], cId:261, entries: [(t:2, i:0), CONFIGURATIONENTRY(current:id: "s0"
address: "localhost:34297"
dataStreamAddress: "localhost:43983"
clientAddress: "localhost:39609"
adminAddress: "localhost:37077"
startupRole: FOLLOWER
,id: "s1"
address: "localhost:38917"
dataStreamAddress: "localhost:45719"
clientAddress: "localhost:36975"
adminAddress: "localhost:40635"
startupRole: FOLLOWER
,id: "s2"
address: "localhost:35511"
dataStreamAddress: "localhost:38827"
clientAddress: "localhost:42865"
adminAddress: "localhost:36791"
startupRole: FOLLOWER
, old:), (t:2, i:1), STATEMACHINELOGENTRY, 0@client-2EFB324ADA71, (t:2, i:2), METADATAENTRY(c:1), (t:2, i:3), STATEMACHINELOGENTRY, 999@client-AE8279CAF820, (t:2, i:4), METADATAENTRY(c:3)]
2022-11-08 19:12:07,459 [s2-server-thread2] INFO  server.RaftServer$Division (RaftServerImpl.java:checkInconsistentAppendEntries(1592)) - s2@group-EA982605F2E5: Failed appendEntries as the first entry (index 0) already exists (snapshotIndex: -1, commitIndex: 0)
2022-11-08 19:12:07,459 [s2-server-thread2] INFO  server.RaftServer$Division (RaftServerImpl.java:checkInconsistentAppendEntries(1572)) - s2@group-EA982605F2E5: inconsistency entries. Reply:s1<-s2#261:FAIL-t2,INCONSISTENCY,nextIndex=1,followerCommit=0,matchIndex=-1
2022-11-08 19:12:07,460 [grpc-default-executor-0] INFO  leader.FollowerInfo (FollowerInfoImpl.java:lambda$new$0(48)) - s1@group-EA982605F2E5->s2: nextIndex: updateUnconditionally 5 -> 1
2022-11-08 19:12:07,461 [s2-server-thread2] DEBUG server.RaftServer$Division (RaftServerImpl.java:logAppendEntries(1421)) - s2@group-EA982605F2E5: receive appendEntries(s1, 2, (t:2, i:0), 4, true, commits:[s1:c4, s0:c4, s2:c0], cId:262, entries: [(t:2, i:1), STATEMACHINELOGENTRY, 0@client-2EFB324ADA71, (t:2, i:2), METADATAENTRY(c:1), (t:2, i:3), STATEMACHINELOGENTRY, 999@client-AE8279CAF820, (t:2, i:4), METADATAENTRY(c:3)]
2022-11-08 19:12:07,461 [s2-server-thread2] INFO  server.RaftServer$Division (RaftServerImpl.java:checkInconsistentAppendEntries(1602)) - s2@group-EA982605F2E5: Failed appendEntries as previous log entry ((t:2, i:0)) is not found
2022-11-08 19:12:07,461 [s2-server-thread2] INFO  server.RaftServer$Division (RaftServerImpl.java:checkInconsistentAppendEntries(1572)) - s2@group-EA982605F2E5: inconsistency entries. Reply:s1<-s2#262:FAIL-t2,INCONSISTENCY,nextIndex=0,followerCommit=0,matchIndex=-1
2022-11-08 19:12:07,462 [grpc-default-executor-0] INFO  leader.FollowerInfo (FollowerInfoImpl.java:lambda$new$0(48)) - s1@group-EA982605F2E5->s2: nextIndex: updateUnconditionally 5 -> 0
2022-11-08 19:12:07,463 [s2-server-thread2] DEBUG server.RaftServer$Division (RaftServerImpl.java:logAppendEntries(1421)) - s2@group-EA982605F2E5: receive appendEntries(s1, 2, null, 4, true, commits:[s1:c4, s0:c4, s2:c0], cId:263, entries: [(t:2, i:0), CONFIGURATIONENTRY(current:id: "s0"
address: "localhost:34297"
dataStreamAddress: "localhost:43983"
clientAddress: "localhost:39609"
adminAddress: "localhost:37077"
startupRole: FOLLOWER
,id: "s1"
address: "localhost:38917"
dataStreamAddress: "localhost:45719"
clientAddress: "localhost:36975"
adminAddress: "localhost:40635"
startupRole: FOLLOWER
,id: "s2"
address: "localhost:35511"
dataStreamAddress: "localhost:38827"
clientAddress: "localhost:42865"
adminAddress: "localhost:36791"
startupRole: FOLLOWER
, old:), (t:2, i:1), STATEMACHINELOGENTRY, 0@client-2EFB324ADA71, (t:2, i:2), METADATAENTRY(c:1), (t:2, i:3), STATEMACHINELOGENTRY, 999@client-AE8279CAF820, (t:2, i:4), METADATAENTRY(c:3)]
2022-11-08 19:12:07,463 [s2-server-thread2] INFO  server.RaftServer$Division (RaftServerImpl.java:checkInconsistentAppendEntries(1592)) - s2@group-EA982605F2E5: Failed appendEntries as the first entry (index 0) already exists (snapshotIndex: -1, commitIndex: 0)
2022-11-08 19:12:07,463 [s2-server-thread2] INFO  server.RaftServer$Division (RaftServerImpl.java:checkInconsistentAppendEntries(1572)) - s2@group-EA982605F2E5: inconsistency entries. Reply:s1<-s2#263:FAIL-t2,INCONSISTENCY,nextIndex=1,followerCommit=0,matchIndex=-1
2022-11-08 19:12:07,464 [grpc-default-executor-0] INFO  leader.FollowerInfo (FollowerInfoImpl.java:lambda$new$0(48)) - s1@group-EA982605F2E5->s2: nextIndex: updateUnconditionally 5 -> 1
2022-11-08 19:12:07,465 [s2-server-thread2] DEBUG server.RaftServer$Division (RaftServerImpl.java:logAppendEntries(1421)) - s2@group-EA982605F2E5: receive appendEntries(s1, 2, (t:2, i:0), 4, true, commits:[s1:c4, s0:c4, s2:c0], cId:264, entries: [(t:2, i:1), STATEMACHINELOGENTRY, 0@client-2EFB324ADA71, (t:2, i:2), METADATAENTRY(c:1), (t:2, i:3), STATEMACHINELOGENTRY, 999@client-AE8279CAF820, (t:2, i:4), METADATAENTRY(c:3)]
2022-11-08 19:12:07,466 [s2-server-thread2] INFO  server.RaftServer$Division (RaftServerImpl.java:checkInconsistentAppendEntries(1602)) - s2@group-EA982605F2E5: Failed appendEntries as previous log entry ((t:2, i:0)) is not found
2022-11-08 19:12:07,466 [s2-server-thread2] INFO  server.RaftServer$Division (RaftServerImpl.java:checkInconsistentAppendEntries(1572)) - s2@group-EA982605F2E5: inconsistency entries. Reply:s1<-s2#264:FAIL-t2,INCONSISTENCY,nextIndex=0,followerCommit=0,matchIndex=-1
2022-11-08 19:12:07,466 [grpc-default-executor-0] INFO  leader.FollowerInfo (FollowerInfoImpl.java:lambda$new$0(48)) - s1@group-EA982605F2E5->s2: nextIndex: updateUnconditionally 5 -> 0
2022-11-08 19:12:07,468 [s2-server-thread2] DEBUG server.RaftServer$Division (RaftServerImpl.java:logAppendEntries(1421)) - s2@group-EA982605F2E5: receive appendEntries(s1, 2, null, 4, true, commits:[s1:c4, s0:c4, s2:c0], cId:265, entries: [(t:2, i:0), CONFIGURATIONENTRY(current:id: "s0"
address: "localhost:34297"
dataStreamAddress: "localhost:43983"
clientAddress: "localhost:39609"
adminAddress: "localhost:37077"
startupRole: FOLLOWER
,id: "s1"
address: "localhost:38917"
dataStreamAddress: "localhost:45719"
clientAddress: "localhost:36975"
adminAddress: "localhost:40635"
startupRole: FOLLOWER
,id: "s2"
address: "localhost:35511"
dataStreamAddress: "localhost:38827"
clientAddress: "localhost:42865"
adminAddress: "localhost:36791"
startupRole: FOLLOWER
, old:), (t:2, i:1), STATEMACHINELOGENTRY, 0@client-2EFB324ADA71, (t:2, i:2), METADATAENTRY(c:1), (t:2, i:3), STATEMACHINELOGENTRY, 999@client-AE8279CAF820, (t:2, i:4), METADATAENTRY(c:3)]
2022-11-08 19:12:07,468 [s2-server-thread2] INFO  server.RaftServer$Division (RaftServerImpl.java:checkInconsistentAppendEntries(1592)) - s2@group-EA982605F2E5: Failed appendEntries as the first entry (index 0) already exists (snapshotIndex: -1, commitIndex: 0)
2022-11-08 19:12:07,468 [s2-server-thread2] INFO  server.RaftServer$Division (RaftServerImpl.java:checkInconsistentAppendEntries(1572)) - s2@group-EA982605F2E5: inconsistency entries. Reply:s1<-s2#265:FAIL-t2,INCONSISTENCY,nextIndex=1,followerCommit=0,matchIndex=-1
2022-11-08 19:12:07,469 [grpc-default-executor-0] INFO  leader.FollowerInfo (FollowerInfoImpl.java:lambda$new$0(48)) - s1@group-EA982605F2E5->s2: nextIndex: updateUnconditionally 5 -> 1
2022-11-08 19:12:07,470 [s2-server-thread1] DEBUG server.RaftServer$Division (RaftServerImpl.java:logAppendEntries(1421)) - s2@group-EA982605F2E5: receive appendEntries(s1, 2, (t:2, i:0), 4, true, commits:[s1:c4, s0:c4, s2:c0], cId:266, entries: [(t:2, i:1), STATEMACHINELOGENTRY, 0@client-2EFB324ADA71, (t:2, i:2), METADATAENTRY(c:1), (t:2, i:3), STATEMACHINELOGENTRY, 999@client-AE8279CAF820, (t:2, i:4), METADATAENTRY(c:3)]
2022-11-08 19:12:07,470 [s2-server-thread1] INFO  server.RaftServer$Division (RaftServerImpl.java:checkInconsistentAppendEntries(1602)) - s2@group-EA982605F2E5: Failed appendEntries as previous log entry ((t:2, i:0)) is not found
2022-11-08 19:12:07,470 [s2-server-thread1] INFO  server.RaftServer$Division (RaftServerImpl.java:checkInconsistentAppendEntries(1572)) - s2@group-EA982605F2E5: inconsistency entries. Reply:s1<-s2#266:FAIL-t2,INCONSISTENCY,nextIndex=0,followerCommit=0,matchIndex=-1
2022-11-08 19:12:07,471 [grpc-default-executor-0] INFO  leader.FollowerInfo (FollowerInfoImpl.java:lambda$new$0(48)) - s1@group-EA982605F2E5->s2: nextIndex: updateUnconditionally 5 -> 0
2022-11-08 19:12:07,472 [s2-server-thread2] DEBUG server.RaftServer$Division (RaftServerImpl.java:logAppendEntries(1421)) - s2@group-EA982605F2E5: receive appendEntries(s1, 2, null, 4, true, commits:[s1:c4, s0:c4, s2:c0], cId:267, entries: [(t:2, i:0), CONFIGURATIONENTRY(current:id: "s0"
address: "localhost:34297"
dataStreamAddress: "localhost:43983"
clientAddress: "localhost:39609"
adminAddress: "localhost:37077"
startupRole: FOLLOWER
,id: "s1"
address: "localhost:38917"
dataStreamAddress: "localhost:45719"
clientAddress: "localhost:36975"
adminAddress: "localhost:40635"
startupRole: FOLLOWER
,id: "s2"
address: "localhost:35511"
dataStreamAddress: "localhost:38827"
clientAddress: "localhost:42865"
adminAddress: "localhost:36791"
startupRole: FOLLOWER
, old:), (t:2, i:1), STATEMACHINELOGENTRY, 0@client-2EFB324ADA71, (t:2, i:2), METADATAENTRY(c:1), (t:2, i:3), STATEMACHINELOGENTRY, 999@client-AE8279CAF820, (t:2, i:4), METADATAENTRY(c:3)]
2022-11-08 19:12:07,472 [s2-server-thread2] INFO  server.RaftServer$Division (RaftServerImpl.java:checkInconsistentAppendEntries(1592)) - s2@group-EA982605F2E5: Failed appendEntries as the first entry (index 0) already exists (snapshotIndex: -1, commitIndex: 0)
2022-11-08 19:12:07,473 [s2-server-thread2] INFO  server.RaftServer$Division (RaftServerImpl.java:checkInconsistentAppendEntries(1572)) - s2@group-EA982605F2E5: inconsistency entries. Reply:s1<-s2#267:FAIL-t2,INCONSISTENCY,nextIndex=1,followerCommit=0,matchIndex=-1
2022-11-08 19:12:07,473 [grpc-default-executor-0] INFO  leader.FollowerInfo (FollowerInfoImpl.java:lambda$new$0(48)) - s1@group-EA982605F2E5->s2: nextIndex: updateUnconditionally 5 -> 1
2022-11-08 19:12:07,474 [s2-server-thread2] DEBUG server.RaftServer$Division (RaftServerImpl.java:logAppendEntries(1421)) - s2@group-EA982605F2E5: receive appendEntries(s1, 2, (t:2, i:0), 4, true, commits:[s1:c4, s0:c4, s2:c0], cId:268, entries: [(t:2, i:1), STATEMACHINELOGENTRY, 0@client-2EFB324ADA71, (t:2, i:2), METADATAENTRY(c:1), (t:2, i:3), STATEMACHINELOGENTRY, 999@client-AE8279CAF820, (t:2, i:4), METADATAENTRY(c:3)]
2022-11-08 19:12:07,475 [s2-server-thread2] INFO  server.RaftServer$Division (RaftServerImpl.java:checkInconsistentAppendEntries(1602)) - s2@group-EA982605F2E5: Failed appendEntries as previous log entry ((t:2, i:0)) is not found
2022-11-08 19:12:07,475 [s2-server-thread2] INFO  server.RaftServer$Division (RaftServerImpl.java:checkInconsistentAppendEntries(1572)) - s2@group-EA982605F2E5: inconsistency entries. Reply:s1<-s2#268:FAIL-t2,INCONSISTENCY,nextIndex=0,followerCommit=0,matchIndex=-1
2022-11-08 19:12:07,475 [grpc-default-executor-0] INFO  leader.FollowerInfo (FollowerInfoImpl.java:lambda$new$0(48)) - s1@group-EA982605F2E5->s2: nextIndex: updateUnconditionally 5 -> 0
2022-11-08 19:12:07,477 [s2-server-thread2] DEBUG server.RaftServer$Division (RaftServerImpl.java:logAppendEntries(1421)) - s2@group-EA982605F2E5: receive appendEntries(s1, 2, null, 4, true, commits:[s1:c4, s0:c4, s2:c0], cId:269, entries: [(t:2, i:0), CONFIGURATIONENTRY(current:id: "s0"
address: "localhost:34297"
dataStreamAddress: "localhost:43983"
clientAddress: "localhost:39609"
adminAddress: "localhost:37077"
startupRole: FOLLOWER
,id: "s1"
address: "localhost:38917"
dataStreamAddress: "localhost:45719"
clientAddress: "localhost:36975"
adminAddress: "localhost:40635"
startupRole: FOLLOWER
,id: "s2"
address: "localhost:35511"
dataStreamAddress: "localhost:38827"
clientAddress: "localhost:42865"
adminAddress: "localhost:36791"
startupRole: FOLLOWER
, old:), (t:2, i:1), STATEMACHINELOGENTRY, 0@client-2EFB324ADA71, (t:2, i:2), METADATAENTRY(c:1), (t:2, i:3), STATEMACHINELOGENTRY, 999@client-AE8279CAF820, (t:2, i:4), METADATAENTRY(c:3)]
2022-11-08 19:12:07,477 [s2-server-thread2] INFO  server.RaftServer$Division (RaftServerImpl.java:checkInconsistentAppendEntries(1592)) - s2@group-EA982605F2E5: Failed appendEntries as the first entry (index 0) already exists (snapshotIndex: -1, commitIndex: 0)
2022-11-08 19:12:07,477 [s2-server-thread2] INFO  server.RaftServer$Division (RaftServerImpl.java:checkInconsistentAppendEntries(1572)) - s2@group-EA982605F2E5: inconsistency entries. Reply:s1<-s2#269:FAIL-t2,INCONSISTENCY,nextIndex=1,followerCommit=0,matchIndex=-1
2022-11-08 19:12:07,478 [grpc-default-executor-0] INFO  leader.FollowerInfo (FollowerInfoImpl.java:lambda$new$0(48)) - s1@group-EA982605F2E5->s2: nextIndex: updateUnconditionally 5 -> 1
2022-11-08 19:12:07,479 [s2-server-thread2] DEBUG server.RaftServer$Division (RaftServerImpl.java:logAppendEntries(1421)) - s2@group-EA982605F2E5: receive appendEntries(s1, 2, (t:2, i:0), 4, true, commits:[s1:c4, s0:c4, s2:c0], cId:270, entries: [(t:2, i:1), STATEMACHINELOGENTRY, 0@client-2EFB324ADA71, (t:2, i:2), METADATAENTRY(c:1), (t:2, i:3), STATEMACHINELOGENTRY, 999@client-AE8279CAF820, (t:2, i:4), METADATAENTRY(c:3)]
2022-11-08 19:12:07,479 [s2-server-thread2] INFO  server.RaftServer$Division (RaftServerImpl.java:checkInconsistentAppendEntries(1602)) - s2@group-EA982605F2E5: Failed appendEntries as previous log entry ((t:2, i:0)) is not found
2022-11-08 19:12:07,479 [s2-server-thread2] INFO  server.RaftServer$Division (RaftServerImpl.java:checkInconsistentAppendEntries(1572)) - s2@group-EA982605F2E5: inconsistency entries. Reply:s1<-s2#270:FAIL-t2,INCONSISTENCY,nextIndex=0,followerCommit=0,matchIndex=-1
2022-11-08 19:12:07,480 [grpc-default-executor-0] INFO  leader.FollowerInfo (FollowerInfoImpl.java:lambda$new$0(48)) - s1@group-EA982605F2E5->s2: nextIndex: updateUnconditionally 5 -> 0
2022-11-08 19:12:07,482 [s2-server-thread2] DEBUG server.RaftServer$Division (RaftServerImpl.java:logAppendEntries(1421)) - s2@group-EA982605F2E5: receive appendEntries(s1, 2, null, 4, true, commits:[s1:c4, s0:c4, s2:c0], cId:271, entries: [(t:2, i:0), CONFIGURATIONENTRY(current:id: "s0"
address: "localhost:34297"
dataStreamAddress: "localhost:43983"
clientAddress: "localhost:39609"
adminAddress: "localhost:37077"
startupRole: FOLLOWER
,id: "s1"
address: "localhost:38917"
dataStreamAddress: "localhost:45719"
clientAddress: "localhost:36975"
adminAddress: "localhost:40635"
startupRole: FOLLOWER
,id: "s2"
address: "localhost:35511"
dataStreamAddress: "localhost:38827"
clientAddress: "localhost:42865"
adminAddress: "localhost:36791"
startupRole: FOLLOWER
, old:), (t:2, i:1), STATEMACHINELOGENTRY, 0@client-2EFB324ADA71, (t:2, i:2), METADATAENTRY(c:1), (t:2, i:3), STATEMACHINELOGENTRY, 999@client-AE8279CAF820, (t:2, i:4), METADATAENTRY(c:3)]
2022-11-08 19:12:07,482 [s2-server-thread2] INFO  server.RaftServer$Division (RaftServerImpl.java:checkInconsistentAppendEntries(1592)) - s2@group-EA982605F2E5: Failed appendEntries as the first entry (index 0) already exists (snapshotIndex: -1, commitIndex: 0)
2022-11-08 19:12:07,482 [s2-server-thread2] INFO  server.RaftServer$Division (RaftServerImpl.java:checkInconsistentAppendEntries(1572)) - s2@group-EA982605F2E5: inconsistency entries. Reply:s1<-s2#271:FAIL-t2,INCONSISTENCY,nextIndex=1,followerCommit=0,matchIndex=-1
2022-11-08 19:12:07,483 [grpc-default-executor-0] INFO  leader.FollowerInfo (FollowerInfoImpl.java:lambda$new$0(48)) - s1@group-EA982605F2E5->s2: nextIndex: updateUnconditionally 5 -> 1
2022-11-08 19:12:07,484 [s2-server-thread2] DEBUG server.RaftServer$Division (RaftServerImpl.java:logAppendEntries(1421)) - s2@group-EA982605F2E5: receive appendEntries(s1, 2, (t:2, i:0), 4, true, commits:[s1:c4, s0:c4, s2:c0], cId:272, entries: [(t:2, i:1), STATEMACHINELOGENTRY, 0@client-2EFB324ADA71, (t:2, i:2), METADATAENTRY(c:1), (t:2, i:3), STATEMACHINELOGENTRY, 999@client-AE8279CAF820, (t:2, i:4), METADATAENTRY(c:3)]
2022-11-08 19:12:07,484 [s2-server-thread2] INFO  server.RaftServer$Division (RaftServerImpl.java:checkInconsistentAppendEntries(1602)) - s2@group-EA982605F2E5: Failed appendEntries as previous log entry ((t:2, i:0)) is not found
2022-11-08 19:12:07,484 [s2-server-thread2] INFO  server.RaftServer$Division (RaftServerImpl.java:checkInconsistentAppendEntries(1572)) - s2@group-EA982605F2E5: inconsistency entries. Reply:s1<-s2#272:FAIL-t2,INCONSISTENCY,nextIndex=0,followerCommit=0,matchIndex=-1
2022-11-08 19:12:07,485 [grpc-default-executor-0] INFO  leader.FollowerInfo (FollowerInfoImpl.java:lambda$new$0(48)) - s1@group-EA982605F2E5->s2: nextIndex: updateUnconditionally 5 -> 0
2022-11-08 19:12:07,486 [s2-server-thread2] DEBUG server.RaftServer$Division (RaftServerImpl.java:logAppendEntries(1421)) - s2@group-EA982605F2E5: receive appendEntries(s1, 2, null, 4, true, commits:[s1:c4, s0:c4, s2:c0], cId:273, entries: [(t:2, i:0), CONFIGURATIONENTRY(current:id: "s0"
address: "localhost:34297"
dataStreamAddress: "localhost:43983"
clientAddress: "localhost:39609"
adminAddress: "localhost:37077"
startupRole: FOLLOWER
,id: "s1"
address: "localhost:38917"
dataStreamAddress: "localhost:45719"
clientAddress: "localhost:36975"
adminAddress: "localhost:40635"
startupRole: FOLLOWER
,id: "s2"
address: "localhost:35511"
dataStreamAddress: "localhost:38827"
clientAddress: "localhost:42865"
adminAddress: "localhost:36791"
startupRole: FOLLOWER
, old:), (t:2, i:1), STATEMACHINELOGENTRY, 0@client-2EFB324ADA71, (t:2, i:2), METADATAENTRY(c:1), (t:2, i:3), STATEMACHINELOGENTRY, 999@client-AE8279CAF820, (t:2, i:4), METADATAENTRY(c:3)]
2022-11-08 19:12:07,486 [s2-server-thread2] INFO  server.RaftServer$Division (RaftServerImpl.java:checkInconsistentAppendEntries(1592)) - s2@group-EA982605F2E5: Failed appendEntries as the first entry (index 0) already exists (snapshotIndex: -1, commitIndex: 0)
2022-11-08 19:12:07,486 [s2-server-thread2] INFO  server.RaftServer$Division (RaftServerImpl.java:checkInconsistentAppendEntries(1572)) - s2@group-EA982605F2E5: inconsistency entries. Reply:s1<-s2#273:FAIL-t2,INCONSISTENCY,nextIndex=1,followerCommit=0,matchIndex=-1
2022-11-08 19:12:07,487 [grpc-default-executor-0] INFO  leader.FollowerInfo (FollowerInfoImpl.java:lambda$new$0(48)) - s1@group-EA982605F2E5->s2: nextIndex: updateUnconditionally 5 -> 1
2022-11-08 19:12:07,488 [s2-server-thread2] DEBUG server.RaftServer$Division (RaftServerImpl.java:logAppendEntries(1421)) - s2@group-EA982605F2E5: receive appendEntries(s1, 2, (t:2, i:0), 4, true, commits:[s1:c4, s0:c4, s2:c0], cId:274, entries: [(t:2, i:1), STATEMACHINELOGENTRY, 0@client-2EFB324ADA71, (t:2, i:2), METADATAENTRY(c:1), (t:2, i:3), STATEMACHINELOGENTRY, 999@client-AE8279CAF820, (t:2, i:4), METADATAENTRY(c:3)]
2022-11-08 19:12:07,488 [s2-server-thread2] INFO  server.RaftServer$Division (RaftServerImpl.java:checkInconsistentAppendEntries(1602)) - s2@group-EA982605F2E5: Failed appendEntries as previous log entry ((t:2, i:0)) is not found
2022-11-08 19:12:07,489 [s2-server-thread2] INFO  server.RaftServer$Division (RaftServerImpl.java:checkInconsistentAppendEntries(1572)) - s2@group-EA982605F2E5: inconsistency entries. Reply:s1<-s2#274:FAIL-t2,INCONSISTENCY,nextIndex=0,followerCommit=0,matchIndex=-1
2022-11-08 19:12:07,489 [grpc-default-executor-0] INFO  leader.FollowerInfo (FollowerInfoImpl.java:lambda$new$0(48)) - s1@group-EA982605F2E5->s2: nextIndex: updateUnconditionally 5 -> 0
2022-11-08 19:12:07,490 [s2-server-thread2] DEBUG server.RaftServer$Division (RaftServerImpl.java:logAppendEntries(1421)) - s2@group-EA982605F2E5: receive appendEntries(s1, 2, null, 4, true, commits:[s1:c4, s0:c4, s2:c0], cId:275, entries: [(t:2, i:0), CONFIGURATIONENTRY(current:id: "s0"
address: "localhost:34297"
dataStreamAddress: "localhost:43983"
clientAddress: "localhost:39609"
adminAddress: "localhost:37077"
startupRole: FOLLOWER
,id: "s1"
address: "localhost:38917"
dataStreamAddress: "localhost:45719"
clientAddress: "localhost:36975"
adminAddress: "localhost:40635"
startupRole: FOLLOWER
,id: "s2"
address: "localhost:35511"
dataStreamAddress: "localhost:38827"
clientAddress: "localhost:42865"
adminAddress: "localhost:36791"
startupRole: FOLLOWER
, old:), (t:2, i:1), STATEMACHINELOGENTRY, 0@client-2EFB324ADA71, (t:2, i:2), METADATAENTRY(c:1), (t:2, i:3), STATEMACHINELOGENTRY, 999@client-AE8279CAF820, (t:2, i:4), METADATAENTRY(c:3)]
2022-11-08 19:12:07,491 [s2-server-thread2] INFO  server.RaftServer$Division (RaftServerImpl.java:checkInconsistentAppendEntries(1592)) - s2@group-EA982605F2E5: Failed appendEntries as the first entry (index 0) already exists (snapshotIndex: -1, commitIndex: 0)
2022-11-08 19:12:07,491 [s2-server-thread2] INFO  server.RaftServer$Division (RaftServerImpl.java:checkInconsistentAppendEntries(1572)) - s2@group-EA982605F2E5: inconsistency entries. Reply:s1<-s2#275:FAIL-t2,INCONSISTENCY,nextIndex=1,followerCommit=0,matchIndex=-1
2022-11-08 19:12:07,491 [grpc-default-executor-0] INFO  leader.FollowerInfo (FollowerInfoImpl.java:lambda$new$0(48)) - s1@group-EA982605F2E5->s2: nextIndex: updateUnconditionally 5 -> 1
2022-11-08 19:12:07,493 [s2-server-thread2] DEBUG server.RaftServer$Division (RaftServerImpl.java:logAppendEntries(1421)) - s2@group-EA982605F2E5: receive appendEntries(s1, 2, (t:2, i:0), 4, true, commits:[s1:c4, s0:c4, s2:c0], cId:276, entries: [(t:2, i:1), STATEMACHINELOGENTRY, 0@client-2EFB324ADA71, (t:2, i:2), METADATAENTRY(c:1), (t:2, i:3), STATEMACHINELOGENTRY, 999@client-AE8279CAF820, (t:2, i:4), METADATAENTRY(c:3)]
2022-11-08 19:12:07,493 [s2-server-thread2] INFO  server.RaftServer$Division (RaftServerImpl.java:checkInconsistentAppendEntries(1602)) - s2@group-EA982605F2E5: Failed appendEntries as previous log entry ((t:2, i:0)) is not found
2022-11-08 19:12:07,493 [s2-server-thread2] INFO  server.RaftServer$Division (RaftServerImpl.java:checkInconsistentAppendEntries(1572)) - s2@group-EA982605F2E5: inconsistency entries. Reply:s1<-s2#276:FAIL-t2,INCONSISTENCY,nextIndex=0,followerCommit=0,matchIndex=-1
2022-11-08 19:12:07,494 [grpc-default-executor-0] INFO  leader.FollowerInfo (FollowerInfoImpl.java:lambda$new$0(48)) - s1@group-EA982605F2E5->s2: nextIndex: updateUnconditionally 5 -> 0
2022-11-08 19:12:07,495 [s2-server-thread2] DEBUG server.RaftServer$Division (RaftServerImpl.java:logAppendEntries(1421)) - s2@group-EA982605F2E5: receive appendEntries(s1, 2, null, 4, true, commits:[s1:c4, s0:c4, s2:c0], cId:277, entries: [(t:2, i:0), CONFIGURATIONENTRY(current:id: "s0"
address: "localhost:34297"
dataStreamAddress: "localhost:43983"
clientAddress: "localhost:39609"
adminAddress: "localhost:37077"
startupRole: FOLLOWER
,id: "s1"
address: "localhost:38917"
dataStreamAddress: "localhost:45719"
clientAddress: "localhost:36975"
adminAddress: "localhost:40635"
startupRole: FOLLOWER
,id: "s2"
address: "localhost:35511"
dataStreamAddress: "localhost:38827"
clientAddress: "localhost:42865"
adminAddress: "localhost:36791"
startupRole: FOLLOWER
, old:), (t:2, i:1), STATEMACHINELOGENTRY, 0@client-2EFB324ADA71, (t:2, i:2), METADATAENTRY(c:1), (t:2, i:3), STATEMACHINELOGENTRY, 999@client-AE8279CAF820, (t:2, i:4), METADATAENTRY(c:3)]
2022-11-08 19:12:07,495 [s2-server-thread2] INFO  server.RaftServer$Division (RaftServerImpl.java:checkInconsistentAppendEntries(1592)) - s2@group-EA982605F2E5: Failed appendEntries as the first entry (index 0) already exists (snapshotIndex: -1, commitIndex: 0)
2022-11-08 19:12:07,495 [s2-server-thread2] INFO  server.RaftServer$Division (RaftServerImpl.java:checkInconsistentAppendEntries(1572)) - s2@group-EA982605F2E5: inconsistency entries. Reply:s1<-s2#277:FAIL-t2,INCONSISTENCY,nextIndex=1,followerCommit=0,matchIndex=-1
2022-11-08 19:12:07,496 [grpc-default-executor-0] INFO  leader.FollowerInfo (FollowerInfoImpl.java:lambda$new$0(48)) - s1@group-EA982605F2E5->s2: nextIndex: updateUnconditionally 5 -> 1
2022-11-08 19:12:07,497 [s2-server-thread1] DEBUG server.RaftServer$Division (RaftServerImpl.java:logAppendEntries(1421)) - s2@group-EA982605F2E5: receive appendEntries(s1, 2, (t:2, i:0), 4, true, commits:[s1:c4, s0:c4, s2:c0], cId:278, entries: [(t:2, i:1), STATEMACHINELOGENTRY, 0@client-2EFB324ADA71, (t:2, i:2), METADATAENTRY(c:1), (t:2, i:3), STATEMACHINELOGENTRY, 999@client-AE8279CAF820, (t:2, i:4), METADATAENTRY(c:3)]
2022-11-08 19:12:07,497 [s2-server-thread1] INFO  server.RaftServer$Division (RaftServerImpl.java:checkInconsistentAppendEntries(1602)) - s2@group-EA982605F2E5: Failed appendEntries as previous log entry ((t:2, i:0)) is not found
2022-11-08 19:12:07,497 [s2-server-thread1] INFO  server.RaftServer$Division (RaftServerImpl.java:checkInconsistentAppendEntries(1572)) - s2@group-EA982605F2E5: inconsistency entries. Reply:s1<-s2#278:FAIL-t2,INCONSISTENCY,nextIndex=0,followerCommit=0,matchIndex=-1
2022-11-08 19:12:07,498 [grpc-default-executor-0] INFO  leader.FollowerInfo (FollowerInfoImpl.java:lambda$new$0(48)) - s1@group-EA982605F2E5->s2: nextIndex: updateUnconditionally 5 -> 0
2022-11-08 19:12:07,499 [s2-server-thread2] DEBUG server.RaftServer$Division (RaftServerImpl.java:logAppendEntries(1421)) - s2@group-EA982605F2E5: receive appendEntries(s1, 2, null, 4, true, commits:[s1:c4, s0:c4, s2:c0], cId:279, entries: [(t:2, i:0), CONFIGURATIONENTRY(current:id: "s0"
address: "localhost:34297"
dataStreamAddress: "localhost:43983"
clientAddress: "localhost:39609"
adminAddress: "localhost:37077"
startupRole: FOLLOWER
,id: "s1"
address: "localhost:38917"
dataStreamAddress: "localhost:45719"
clientAddress: "localhost:36975"
adminAddress: "localhost:40635"
startupRole: FOLLOWER
,id: "s2"
address: "localhost:35511"
dataStreamAddress: "localhost:38827"
clientAddress: "localhost:42865"
adminAddress: "localhost:36791"
startupRole: FOLLOWER
, old:), (t:2, i:1), STATEMACHINELOGENTRY, 0@client-2EFB324ADA71, (t:2, i:2), METADATAENTRY(c:1), (t:2, i:3), STATEMACHINELOGENTRY, 999@client-AE8279CAF820, (t:2, i:4), METADATAENTRY(c:3)]
2022-11-08 19:12:07,500 [s2-server-thread2] INFO  server.RaftServer$Division (RaftServerImpl.java:checkInconsistentAppendEntries(1592)) - s2@group-EA982605F2E5: Failed appendEntries as the first entry (index 0) already exists (snapshotIndex: -1, commitIndex: 0)
2022-11-08 19:12:07,500 [s2-server-thread2] INFO  server.RaftServer$Division (RaftServerImpl.java:checkInconsistentAppendEntries(1572)) - s2@group-EA982605F2E5: inconsistency entries. Reply:s1<-s2#279:FAIL-t2,INCONSISTENCY,nextIndex=1,followerCommit=0,matchIndex=-1
2022-11-08 19:12:07,500 [grpc-default-executor-0] INFO  leader.FollowerInfo (FollowerInfoImpl.java:lambda$new$0(48)) - s1@group-EA982605F2E5->s2: nextIndex: updateUnconditionally 5 -> 1
2022-11-08 19:12:07,502 [s2-server-thread2] DEBUG server.RaftServer$Division (RaftServerImpl.java:logAppendEntries(1421)) - s2@group-EA982605F2E5: receive appendEntries(s1, 2, (t:2, i:0), 4, true, commits:[s1:c4, s0:c4, s2:c0], cId:280, entries: [(t:2, i:1), STATEMACHINELOGENTRY, 0@client-2EFB324ADA71, (t:2, i:2), METADATAENTRY(c:1), (t:2, i:3), STATEMACHINELOGENTRY, 999@client-AE8279CAF820, (t:2, i:4), METADATAENTRY(c:3)]
2022-11-08 19:12:07,502 [s2-server-thread2] INFO  server.RaftServer$Division (RaftServerImpl.java:checkInconsistentAppendEntries(1602)) - s2@group-EA982605F2E5: Failed appendEntries as previous log entry ((t:2, i:0)) is not found
2022-11-08 19:12:07,502 [s2-server-thread2] INFO  server.RaftServer$Division (RaftServerImpl.java:checkInconsistentAppendEntries(1572)) - s2@group-EA982605F2E5: inconsistency entries. Reply:s1<-s2#280:FAIL-t2,INCONSISTENCY,nextIndex=0,followerCommit=0,matchIndex=-1
2022-11-08 19:12:07,503 [grpc-default-executor-0] INFO  leader.FollowerInfo (FollowerInfoImpl.java:lambda$new$0(48)) - s1@group-EA982605F2E5->s2: nextIndex: updateUnconditionally 5 -> 0
2022-11-08 19:12:07,504 [s2-server-thread2] DEBUG server.RaftServer$Division (RaftServerImpl.java:logAppendEntries(1421)) - s2@group-EA982605F2E5: receive appendEntries(s1, 2, null, 4, true, commits:[s1:c4, s0:c4, s2:c0], cId:281, entries: [(t:2, i:0), CONFIGURATIONENTRY(current:id: "s0"
address: "localhost:34297"
dataStreamAddress: "localhost:43983"
clientAddress: "localhost:39609"
adminAddress: "localhost:37077"
startupRole: FOLLOWER
,id: "s1"
address: "localhost:38917"
dataStreamAddress: "localhost:45719"
clientAddress: "localhost:36975"
adminAddress: "localhost:40635"
startupRole: FOLLOWER
,id: "s2"
address: "localhost:35511"
dataStreamAddress: "localhost:38827"
clientAddress: "localhost:42865"
adminAddress: "localhost:36791"
startupRole: FOLLOWER
, old:), (t:2, i:1), STATEMACHINELOGENTRY, 0@client-2EFB324ADA71, (t:2, i:2), METADATAENTRY(c:1), (t:2, i:3), STATEMACHINELOGENTRY, 999@client-AE8279CAF820, (t:2, i:4), METADATAENTRY(c:3)]
2022-11-08 19:12:07,504 [s2-server-thread2] INFO  server.RaftServer$Division (RaftServerImpl.java:checkInconsistentAppendEntries(1592)) - s2@group-EA982605F2E5: Failed appendEntries as the first entry (index 0) already exists (snapshotIndex: -1, commitIndex: 0)
2022-11-08 19:12:07,504 [s2-server-thread2] INFO  server.RaftServer$Division (RaftServerImpl.java:checkInconsistentAppendEntries(1572)) - s2@group-EA982605F2E5: inconsistency entries. Reply:s1<-s2#281:FAIL-t2,INCONSISTENCY,nextIndex=1,followerCommit=0,matchIndex=-1
2022-11-08 19:12:07,505 [grpc-default-executor-0] INFO  leader.FollowerInfo (FollowerInfoImpl.java:lambda$new$0(48)) - s1@group-EA982605F2E5->s2: nextIndex: updateUnconditionally 5 -> 1
2022-11-08 19:12:07,508 [s2-server-thread1] DEBUG server.RaftServer$Division (RaftServerImpl.java:logAppendEntries(1421)) - s2@group-EA982605F2E5: receive appendEntries(s1, 2, (t:2, i:0), 4, true, commits:[s1:c4, s0:c4, s2:c0], cId:282, entries: [(t:2, i:1), STATEMACHINELOGENTRY, 0@client-2EFB324ADA71, (t:2, i:2), METADATAENTRY(c:1), (t:2, i:3), STATEMACHINELOGENTRY, 999@client-AE8279CAF820, (t:2, i:4), METADATAENTRY(c:3)]
2022-11-08 19:12:07,508 [s2-server-thread1] INFO  server.RaftServer$Division (RaftServerImpl.java:checkInconsistentAppendEntries(1602)) - s2@group-EA982605F2E5: Failed appendEntries as previous log entry ((t:2, i:0)) is not found
2022-11-08 19:12:07,508 [s2-server-thread1] INFO  server.RaftServer$Division (RaftServerImpl.java:checkInconsistentAppendEntries(1572)) - s2@group-EA982605F2E5: inconsistency entries. Reply:s1<-s2#282:FAIL-t2,INCONSISTENCY,nextIndex=0,followerCommit=0,matchIndex=-1
2022-11-08 19:12:07,509 [grpc-default-executor-0] INFO  leader.FollowerInfo (FollowerInfoImpl.java:lambda$new$0(48)) - s1@group-EA982605F2E5->s2: nextIndex: updateUnconditionally 5 -> 0
2022-11-08 19:12:07,510 [s2-server-thread2] DEBUG server.RaftServer$Division (RaftServerImpl.java:logAppendEntries(1421)) - s2@group-EA982605F2E5: receive appendEntries(s1, 2, null, 4, true, commits:[s1:c4, s0:c4, s2:c0], cId:283, entries: [(t:2, i:0), CONFIGURATIONENTRY(current:id: "s0"
address: "localhost:34297"
dataStreamAddress: "localhost:43983"
clientAddress: "localhost:39609"
adminAddress: "localhost:37077"
startupRole: FOLLOWER
,id: "s1"
address: "localhost:38917"
dataStreamAddress: "localhost:45719"
clientAddress: "localhost:36975"
adminAddress: "localhost:40635"
startupRole: FOLLOWER
,id: "s2"
address: "localhost:35511"
dataStreamAddress: "localhost:38827"
clientAddress: "localhost:42865"
adminAddress: "localhost:36791"
startupRole: FOLLOWER
, old:), (t:2, i:1), STATEMACHINELOGENTRY, 0@client-2EFB324ADA71, (t:2, i:2), METADATAENTRY(c:1), (t:2, i:3), STATEMACHINELOGENTRY, 999@client-AE8279CAF820, (t:2, i:4), METADATAENTRY(c:3)]
2022-11-08 19:12:07,510 [s2-server-thread2] INFO  server.RaftServer$Division (RaftServerImpl.java:checkInconsistentAppendEntries(1592)) - s2@group-EA982605F2E5: Failed appendEntries as the first entry (index 0) already exists (snapshotIndex: -1, commitIndex: 0)
2022-11-08 19:12:07,510 [s2-server-thread2] INFO  server.RaftServer$Division (RaftServerImpl.java:checkInconsistentAppendEntries(1572)) - s2@group-EA982605F2E5: inconsistency entries. Reply:s1<-s2#283:FAIL-t2,INCONSISTENCY,nextIndex=1,followerCommit=0,matchIndex=-1
2022-11-08 19:12:07,511 [grpc-default-executor-0] INFO  leader.FollowerInfo (FollowerInfoImpl.java:lambda$new$0(48)) - s1@group-EA982605F2E5->s2: nextIndex: updateUnconditionally 5 -> 1
2022-11-08 19:12:07,512 [s2-server-thread2] DEBUG server.RaftServer$Division (RaftServerImpl.java:logAppendEntries(1421)) - s2@group-EA982605F2E5: receive appendEntries(s1, 2, (t:2, i:0), 4, true, commits:[s1:c4, s0:c4, s2:c0], cId:284, entries: [(t:2, i:1), STATEMACHINELOGENTRY, 0@client-2EFB324ADA71, (t:2, i:2), METADATAENTRY(c:1), (t:2, i:3), STATEMACHINELOGENTRY, 999@client-AE8279CAF820, (t:2, i:4), METADATAENTRY(c:3)]
2022-11-08 19:12:07,513 [s2-server-thread2] INFO  server.RaftServer$Division (RaftServerImpl.java:checkInconsistentAppendEntries(1602)) - s2@group-EA982605F2E5: Failed appendEntries as previous log entry ((t:2, i:0)) is not found
2022-11-08 19:12:07,513 [s2-server-thread2] INFO  server.RaftServer$Division (RaftServerImpl.java:checkInconsistentAppendEntries(1572)) - s2@group-EA982605F2E5: inconsistency entries. Reply:s1<-s2#284:FAIL-t2,INCONSISTENCY,nextIndex=0,followerCommit=0,matchIndex=-1
2022-11-08 19:12:07,513 [grpc-default-executor-0] INFO  leader.FollowerInfo (FollowerInfoImpl.java:lambda$new$0(48)) - s1@group-EA982605F2E5->s2: nextIndex: updateUnconditionally 5 -> 0
2022-11-08 19:12:07,515 [s2-server-thread2] DEBUG server.RaftServer$Division (RaftServerImpl.java:logAppendEntries(1421)) - s2@group-EA982605F2E5: receive appendEntries(s1, 2, null, 4, true, commits:[s1:c4, s0:c4, s2:c0], cId:285, entries: [(t:2, i:0), CONFIGURATIONENTRY(current:id: "s0"
address: "localhost:34297"
dataStreamAddress: "localhost:43983"
clientAddress: "localhost:39609"
adminAddress: "localhost:37077"
startupRole: FOLLOWER
,id: "s1"
address: "localhost:38917"
dataStreamAddress: "localhost:45719"
clientAddress: "localhost:36975"
adminAddress: "localhost:40635"
startupRole: FOLLOWER
,id: "s2"
address: "localhost:35511"
dataStreamAddress: "localhost:38827"
clientAddress: "localhost:42865"
adminAddress: "localhost:36791"
startupRole: FOLLOWER
, old:), (t:2, i:1), STATEMACHINELOGENTRY, 0@client-2EFB324ADA71, (t:2, i:2), METADATAENTRY(c:1), (t:2, i:3), STATEMACHINELOGENTRY, 999@client-AE8279CAF820, (t:2, i:4), METADATAENTRY(c:3)]
2022-11-08 19:12:07,515 [s2-server-thread2] INFO  server.RaftServer$Division (RaftServerImpl.java:checkInconsistentAppendEntries(1592)) - s2@group-EA982605F2E5: Failed appendEntries as the first entry (index 0) already exists (snapshotIndex: -1, commitIndex: 0)
2022-11-08 19:12:07,515 [s2-server-thread2] INFO  server.RaftServer$Division (RaftServerImpl.java:checkInconsistentAppendEntries(1572)) - s2@group-EA982605F2E5: inconsistency entries. Reply:s1<-s2#285:FAIL-t2,INCONSISTENCY,nextIndex=1,followerCommit=0,matchIndex=-1
2022-11-08 19:12:07,516 [grpc-default-executor-0] INFO  leader.FollowerInfo (FollowerInfoImpl.java:lambda$new$0(48)) - s1@group-EA982605F2E5->s2: nextIndex: updateUnconditionally 5 -> 1
2022-11-08 19:12:07,517 [s2-server-thread2] DEBUG server.RaftServer$Division (RaftServerImpl.java:logAppendEntries(1421)) - s2@group-EA982605F2E5: receive appendEntries(s1, 2, (t:2, i:0), 4, true, commits:[s1:c4, s0:c4, s2:c0], cId:286, entries: [(t:2, i:1), STATEMACHINELOGENTRY, 0@client-2EFB324ADA71, (t:2, i:2), METADATAENTRY(c:1), (t:2, i:3), STATEMACHINELOGENTRY, 999@client-AE8279CAF820, (t:2, i:4), METADATAENTRY(c:3)]
2022-11-08 19:12:07,517 [s2-server-thread2] INFO  server.RaftServer$Division (RaftServerImpl.java:checkInconsistentAppendEntries(1602)) - s2@group-EA982605F2E5: Failed appendEntries as previous log entry ((t:2, i:0)) is not found
2022-11-08 19:12:07,517 [s2-server-thread2] INFO  server.RaftServer$Division (RaftServerImpl.java:checkInconsistentAppendEntries(1572)) - s2@group-EA982605F2E5: inconsistency entries. Reply:s1<-s2#286:FAIL-t2,INCONSISTENCY,nextIndex=0,followerCommit=0,matchIndex=-1
2022-11-08 19:12:07,518 [grpc-default-executor-0] INFO  leader.FollowerInfo (FollowerInfoImpl.java:lambda$new$0(48)) - s1@group-EA982605F2E5->s2: nextIndex: updateUnconditionally 5 -> 0
2022-11-08 19:12:07,519 [s2-server-thread2] DEBUG server.RaftServer$Division (RaftServerImpl.java:logAppendEntries(1421)) - s2@group-EA982605F2E5: receive appendEntries(s1, 2, null, 4, true, commits:[s1:c4, s0:c4, s2:c0], cId:287, entries: [(t:2, i:0), CONFIGURATIONENTRY(current:id: "s0"
address: "localhost:34297"
dataStreamAddress: "localhost:43983"
clientAddress: "localhost:39609"
adminAddress: "localhost:37077"
startupRole: FOLLOWER
,id: "s1"
address: "localhost:38917"
dataStreamAddress: "localhost:45719"
clientAddress: "localhost:36975"
adminAddress: "localhost:40635"
startupRole: FOLLOWER
,id: "s2"
address: "localhost:35511"
dataStreamAddress: "localhost:38827"
clientAddress: "localhost:42865"
adminAddress: "localhost:36791"
startupRole: FOLLOWER
, old:), (t:2, i:1), STATEMACHINELOGENTRY, 0@client-2EFB324ADA71, (t:2, i:2), METADATAENTRY(c:1), (t:2, i:3), STATEMACHINELOGENTRY, 999@client-AE8279CAF820, (t:2, i:4), METADATAENTRY(c:3)]
2022-11-08 19:12:07,519 [s2-server-thread2] INFO  server.RaftServer$Division (RaftServerImpl.java:checkInconsistentAppendEntries(1592)) - s2@group-EA982605F2E5: Failed appendEntries as the first entry (index 0) already exists (snapshotIndex: -1, commitIndex: 0)
2022-11-08 19:12:07,520 [s2-server-thread2] INFO  server.RaftServer$Division (RaftServerImpl.java:checkInconsistentAppendEntries(1572)) - s2@group-EA982605F2E5: inconsistency entries. Reply:s1<-s2#287:FAIL-t2,INCONSISTENCY,nextIndex=1,followerCommit=0,matchIndex=-1
2022-11-08 19:12:07,520 [grpc-default-executor-0] INFO  leader.FollowerInfo (FollowerInfoImpl.java:lambda$new$0(48)) - s1@group-EA982605F2E5->s2: nextIndex: updateUnconditionally 5 -> 1
2022-11-08 19:12:07,521 [s2-server-thread2] DEBUG server.RaftServer$Division (RaftServerImpl.java:logAppendEntries(1421)) - s2@group-EA982605F2E5: receive appendEntries(s1, 2, (t:2, i:0), 4, true, commits:[s1:c4, s0:c4, s2:c0], cId:288, entries: [(t:2, i:1), STATEMACHINELOGENTRY, 0@client-2EFB324ADA71, (t:2, i:2), METADATAENTRY(c:1), (t:2, i:3), STATEMACHINELOGENTRY, 999@client-AE8279CAF820, (t:2, i:4), METADATAENTRY(c:3)]
2022-11-08 19:12:07,522 [s2-server-thread2] INFO  server.RaftServer$Division (RaftServerImpl.java:checkInconsistentAppendEntries(1602)) - s2@group-EA982605F2E5: Failed appendEntries as previous log entry ((t:2, i:0)) is not found
2022-11-08 19:12:07,522 [s2-server-thread2] INFO  server.RaftServer$Division (RaftServerImpl.java:checkInconsistentAppendEntries(1572)) - s2@group-EA982605F2E5: inconsistency entries. Reply:s1<-s2#288:FAIL-t2,INCONSISTENCY,nextIndex=0,followerCommit=0,matchIndex=-1
2022-11-08 19:12:07,522 [grpc-default-executor-0] INFO  leader.FollowerInfo (FollowerInfoImpl.java:lambda$new$0(48)) - s1@group-EA982605F2E5->s2: nextIndex: updateUnconditionally 5 -> 0
2022-11-08 19:12:07,524 [s2-server-thread2] DEBUG server.RaftServer$Division (RaftServerImpl.java:logAppendEntries(1421)) - s2@group-EA982605F2E5: receive appendEntries(s1, 2, null, 4, true, commits:[s1:c4, s0:c4, s2:c0], cId:289, entries: [(t:2, i:0), CONFIGURATIONENTRY(current:id: "s0"
address: "localhost:34297"
dataStreamAddress: "localhost:43983"
clientAddress: "localhost:39609"
adminAddress: "localhost:37077"
startupRole: FOLLOWER
,id: "s1"
address: "localhost:38917"
dataStreamAddress: "localhost:45719"
clientAddress: "localhost:36975"
adminAddress: "localhost:40635"
startupRole: FOLLOWER
,id: "s2"
address: "localhost:35511"
dataStreamAddress: "localhost:38827"
clientAddress: "localhost:42865"
adminAddress: "localhost:36791"
startupRole: FOLLOWER
, old:), (t:2, i:1), STATEMACHINELOGENTRY, 0@client-2EFB324ADA71, (t:2, i:2), METADATAENTRY(c:1), (t:2, i:3), STATEMACHINELOGENTRY, 999@client-AE8279CAF820, (t:2, i:4), METADATAENTRY(c:3)]
2022-11-08 19:12:07,524 [s2-server-thread2] INFO  server.RaftServer$Division (RaftServerImpl.java:checkInconsistentAppendEntries(1592)) - s2@group-EA982605F2E5: Failed appendEntries as the first entry (index 0) already exists (snapshotIndex: -1, commitIndex: 0)
2022-11-08 19:12:07,524 [s2-server-thread2] INFO  server.RaftServer$Division (RaftServerImpl.java:checkInconsistentAppendEntries(1572)) - s2@group-EA982605F2E5: inconsistency entries. Reply:s1<-s2#289:FAIL-t2,INCONSISTENCY,nextIndex=1,followerCommit=0,matchIndex=-1
2022-11-08 19:12:07,527 [grpc-default-executor-0] INFO  leader.FollowerInfo (FollowerInfoImpl.java:lambda$new$0(48)) - s1@group-EA982605F2E5->s2: nextIndex: updateUnconditionally 5 -> 1
2022-11-08 19:12:07,529 [s2-server-thread2] DEBUG server.RaftServer$Division (RaftServerImpl.java:logAppendEntries(1421)) - s2@group-EA982605F2E5: receive appendEntries(s1, 2, (t:2, i:0), 4, true, commits:[s1:c4, s0:c4, s2:c0], cId:290, entries: [(t:2, i:1), STATEMACHINELOGENTRY, 0@client-2EFB324ADA71, (t:2, i:2), METADATAENTRY(c:1), (t:2, i:3), STATEMACHINELOGENTRY, 999@client-AE8279CAF820, (t:2, i:4), METADATAENTRY(c:3)]
2022-11-08 19:12:07,529 [s2-server-thread2] INFO  server.RaftServer$Division (RaftServerImpl.java:checkInconsistentAppendEntries(1602)) - s2@group-EA982605F2E5: Failed appendEntries as previous log entry ((t:2, i:0)) is not found
2022-11-08 19:12:07,529 [s2-server-thread2] INFO  server.RaftServer$Division (RaftServerImpl.java:checkInconsistentAppendEntries(1572)) - s2@group-EA982605F2E5: inconsistency entries. Reply:s1<-s2#290:FAIL-t2,INCONSISTENCY,nextIndex=0,followerCommit=0,matchIndex=-1
2022-11-08 19:12:07,530 [grpc-default-executor-0] INFO  leader.FollowerInfo (FollowerInfoImpl.java:lambda$new$0(48)) - s1@group-EA982605F2E5->s2: nextIndex: updateUnconditionally 5 -> 0
2022-11-08 19:12:07,531 [s2-server-thread2] DEBUG server.RaftServer$Division (RaftServerImpl.java:logAppendEntries(1421)) - s2@group-EA982605F2E5: receive appendEntries(s1, 2, null, 4, true, commits:[s1:c4, s0:c4, s2:c0], cId:291, entries: [(t:2, i:0), CONFIGURATIONENTRY(current:id: "s0"
address: "localhost:34297"
dataStreamAddress: "localhost:43983"
clientAddress: "localhost:39609"
adminAddress: "localhost:37077"
startupRole: FOLLOWER
,id: "s1"
address: "localhost:38917"
dataStreamAddress: "localhost:45719"
clientAddress: "localhost:36975"
adminAddress: "localhost:40635"
startupRole: FOLLOWER
,id: "s2"
address: "localhost:35511"
dataStreamAddress: "localhost:38827"
clientAddress: "localhost:42865"
adminAddress: "localhost:36791"
startupRole: FOLLOWER
, old:), (t:2, i:1), STATEMACHINELOGENTRY, 0@client-2EFB324ADA71, (t:2, i:2), METADATAENTRY(c:1), (t:2, i:3), STATEMACHINELOGENTRY, 999@client-AE8279CAF820, (t:2, i:4), METADATAENTRY(c:3)]
2022-11-08 19:12:07,532 [s2-server-thread2] INFO  server.RaftServer$Division (RaftServerImpl.java:checkInconsistentAppendEntries(1592)) - s2@group-EA982605F2E5: Failed appendEntries as the first entry (index 0) already exists (snapshotIndex: -1, commitIndex: 0)
2022-11-08 19:12:07,532 [s2-server-thread2] INFO  server.RaftServer$Division (RaftServerImpl.java:checkInconsistentAppendEntries(1572)) - s2@group-EA982605F2E5: inconsistency entries. Reply:s1<-s2#291:FAIL-t2,INCONSISTENCY,nextIndex=1,followerCommit=0,matchIndex=-1
2022-11-08 19:12:07,532 [grpc-default-executor-0] INFO  leader.FollowerInfo (FollowerInfoImpl.java:lambda$new$0(48)) - s1@group-EA982605F2E5->s2: nextIndex: updateUnconditionally 5 -> 1
2022-11-08 19:12:07,533 [s2-server-thread2] DEBUG server.RaftServer$Division (RaftServerImpl.java:logAppendEntries(1421)) - s2@group-EA982605F2E5: receive appendEntries(s1, 2, (t:2, i:0), 4, true, commits:[s1:c4, s0:c4, s2:c0], cId:292, entries: [(t:2, i:1), STATEMACHINELOGENTRY, 0@client-2EFB324ADA71, (t:2, i:2), METADATAENTRY(c:1), (t:2, i:3), STATEMACHINELOGENTRY, 999@client-AE8279CAF820, (t:2, i:4), METADATAENTRY(c:3)]
2022-11-08 19:12:07,536 [s2-server-thread2] INFO  server.RaftServer$Division (RaftServerImpl.java:checkInconsistentAppendEntries(1602)) - s2@group-EA982605F2E5: Failed appendEntries as previous log entry ((t:2, i:0)) is not found
2022-11-08 19:12:07,537 [s2-server-thread2] INFO  server.RaftServer$Division (RaftServerImpl.java:checkInconsistentAppendEntries(1572)) - s2@group-EA982605F2E5: inconsistency entries. Reply:s1<-s2#292:FAIL-t2,INCONSISTENCY,nextIndex=0,followerCommit=0,matchIndex=-1
2022-11-08 19:12:07,538 [grpc-default-executor-0] INFO  leader.FollowerInfo (FollowerInfoImpl.java:lambda$new$0(48)) - s1@group-EA982605F2E5->s2: nextIndex: updateUnconditionally 5 -> 0
2022-11-08 19:12:07,539 [s2-server-thread2] DEBUG server.RaftServer$Division (RaftServerImpl.java:logAppendEntries(1421)) - s2@group-EA982605F2E5: receive appendEntries(s1, 2, null, 4, true, commits:[s1:c4, s0:c4, s2:c0], cId:293, entries: [(t:2, i:0), CONFIGURATIONENTRY(current:id: "s0"
address: "localhost:34297"
dataStreamAddress: "localhost:43983"
clientAddress: "localhost:39609"
adminAddress: "localhost:37077"
startupRole: FOLLOWER
,id: "s1"
address: "localhost:38917"
dataStreamAddress: "localhost:45719"
clientAddress: "localhost:36975"
adminAddress: "localhost:40635"
startupRole: FOLLOWER
,id: "s2"
address: "localhost:35511"
dataStreamAddress: "localhost:38827"
clientAddress: "localhost:42865"
adminAddress: "localhost:36791"
startupRole: FOLLOWER
, old:), (t:2, i:1), STATEMACHINELOGENTRY, 0@client-2EFB324ADA71, (t:2, i:2), METADATAENTRY(c:1), (t:2, i:3), STATEMACHINELOGENTRY, 999@client-AE8279CAF820, (t:2, i:4), METADATAENTRY(c:3)]
2022-11-08 19:12:07,540 [s2-server-thread2] INFO  server.RaftServer$Division (RaftServerImpl.java:checkInconsistentAppendEntries(1592)) - s2@group-EA982605F2E5: Failed appendEntries as the first entry (index 0) already exists (snapshotIndex: -1, commitIndex: 0)
2022-11-08 19:12:07,540 [s2-server-thread2] INFO  server.RaftServer$Division (RaftServerImpl.java:checkInconsistentAppendEntries(1572)) - s2@group-EA982605F2E5: inconsistency entries. Reply:s1<-s2#293:FAIL-t2,INCONSISTENCY,nextIndex=1,followerCommit=0,matchIndex=-1
2022-11-08 19:12:07,540 [grpc-default-executor-0] INFO  leader.FollowerInfo (FollowerInfoImpl.java:lambda$new$0(48)) - s1@group-EA982605F2E5->s2: nextIndex: updateUnconditionally 5 -> 1
2022-11-08 19:12:07,542 [s2-server-thread2] DEBUG server.RaftServer$Division (RaftServerImpl.java:logAppendEntries(1421)) - s2@group-EA982605F2E5: receive appendEntries(s1, 2, (t:2, i:0), 4, true, commits:[s1:c4, s0:c4, s2:c0], cId:294, entries: [(t:2, i:1), STATEMACHINELOGENTRY, 0@client-2EFB324ADA71, (t:2, i:2), METADATAENTRY(c:1), (t:2, i:3), STATEMACHINELOGENTRY, 999@client-AE8279CAF820, (t:2, i:4), METADATAENTRY(c:3)]
2022-11-08 19:12:07,542 [s2-server-thread2] INFO  server.RaftServer$Division (RaftServerImpl.java:checkInconsistentAppendEntries(1602)) - s2@group-EA982605F2E5: Failed appendEntries as previous log entry ((t:2, i:0)) is not found
2022-11-08 19:12:07,542 [s2-server-thread2] INFO  server.RaftServer$Division (RaftServerImpl.java:checkInconsistentAppendEntries(1572)) - s2@group-EA982605F2E5: inconsistency entries. Reply:s1<-s2#294:FAIL-t2,INCONSISTENCY,nextIndex=0,followerCommit=0,matchIndex=-1
2022-11-08 19:12:07,543 [grpc-default-executor-0] INFO  leader.FollowerInfo (FollowerInfoImpl.java:lambda$new$0(48)) - s1@group-EA982605F2E5->s2: nextIndex: updateUnconditionally 5 -> 0
2022-11-08 19:12:07,544 [s2-server-thread2] DEBUG server.RaftServer$Division (RaftServerImpl.java:logAppendEntries(1421)) - s2@group-EA982605F2E5: receive appendEntries(s1, 2, null, 4, true, commits:[s1:c4, s0:c4, s2:c0], cId:295, entries: [(t:2, i:0), CONFIGURATIONENTRY(current:id: "s0"
address: "localhost:34297"
dataStreamAddress: "localhost:43983"
clientAddress: "localhost:39609"
adminAddress: "localhost:37077"
startupRole: FOLLOWER
,id: "s1"
address: "localhost:38917"
dataStreamAddress: "localhost:45719"
clientAddress: "localhost:36975"
adminAddress: "localhost:40635"
startupRole: FOLLOWER
,id: "s2"
address: "localhost:35511"
dataStreamAddress: "localhost:38827"
clientAddress: "localhost:42865"
adminAddress: "localhost:36791"
startupRole: FOLLOWER
, old:), (t:2, i:1), STATEMACHINELOGENTRY, 0@client-2EFB324ADA71, (t:2, i:2), METADATAENTRY(c:1), (t:2, i:3), STATEMACHINELOGENTRY, 999@client-AE8279CAF820, (t:2, i:4), METADATAENTRY(c:3)]
2022-11-08 19:12:07,544 [s2-server-thread2] INFO  server.RaftServer$Division (RaftServerImpl.java:checkInconsistentAppendEntries(1592)) - s2@group-EA982605F2E5: Failed appendEntries as the first entry (index 0) already exists (snapshotIndex: -1, commitIndex: 0)
2022-11-08 19:12:07,544 [s2-server-thread2] INFO  server.RaftServer$Division (RaftServerImpl.java:checkInconsistentAppendEntries(1572)) - s2@group-EA982605F2E5: inconsistency entries. Reply:s1<-s2#295:FAIL-t2,INCONSISTENCY,nextIndex=1,followerCommit=0,matchIndex=-1
2022-11-08 19:12:07,545 [grpc-default-executor-0] INFO  leader.FollowerInfo (FollowerInfoImpl.java:lambda$new$0(48)) - s1@group-EA982605F2E5->s2: nextIndex: updateUnconditionally 5 -> 1
2022-11-08 19:12:07,546 [s2-server-thread2] DEBUG server.RaftServer$Division (RaftServerImpl.java:logAppendEntries(1421)) - s2@group-EA982605F2E5: receive appendEntries(s1, 2, (t:2, i:0), 4, true, commits:[s1:c4, s0:c4, s2:c0], cId:296, entries: [(t:2, i:1), STATEMACHINELOGENTRY, 0@client-2EFB324ADA71, (t:2, i:2), METADATAENTRY(c:1), (t:2, i:3), STATEMACHINELOGENTRY, 999@client-AE8279CAF820, (t:2, i:4), METADATAENTRY(c:3)]
2022-11-08 19:12:07,546 [s2-server-thread2] INFO  server.RaftServer$Division (RaftServerImpl.java:checkInconsistentAppendEntries(1602)) - s2@group-EA982605F2E5: Failed appendEntries as previous log entry ((t:2, i:0)) is not found
2022-11-08 19:12:07,547 [s2-server-thread2] INFO  server.RaftServer$Division (RaftServerImpl.java:checkInconsistentAppendEntries(1572)) - s2@group-EA982605F2E5: inconsistency entries. Reply:s1<-s2#296:FAIL-t2,INCONSISTENCY,nextIndex=0,followerCommit=0,matchIndex=-1
2022-11-08 19:12:07,547 [grpc-default-executor-0] INFO  leader.FollowerInfo (FollowerInfoImpl.java:lambda$new$0(48)) - s1@group-EA982605F2E5->s2: nextIndex: updateUnconditionally 5 -> 0
2022-11-08 19:12:07,549 [s2-server-thread2] DEBUG server.RaftServer$Division (RaftServerImpl.java:logAppendEntries(1421)) - s2@group-EA982605F2E5: receive appendEntries(s1, 2, null, 4, true, commits:[s1:c4, s0:c4, s2:c0], cId:297, entries: [(t:2, i:0), CONFIGURATIONENTRY(current:id: "s0"
address: "localhost:34297"
dataStreamAddress: "localhost:43983"
clientAddress: "localhost:39609"
adminAddress: "localhost:37077"
startupRole: FOLLOWER
,id: "s1"
address: "localhost:38917"
dataStreamAddress: "localhost:45719"
clientAddress: "localhost:36975"
adminAddress: "localhost:40635"
startupRole: FOLLOWER
,id: "s2"
address: "localhost:35511"
dataStreamAddress: "localhost:38827"
clientAddress: "localhost:42865"
adminAddress: "localhost:36791"
startupRole: FOLLOWER
, old:), (t:2, i:1), STATEMACHINELOGENTRY, 0@client-2EFB324ADA71, (t:2, i:2), METADATAENTRY(c:1), (t:2, i:3), STATEMACHINELOGENTRY, 999@client-AE8279CAF820, (t:2, i:4), METADATAENTRY(c:3)]
2022-11-08 19:12:07,549 [s2-server-thread2] INFO  server.RaftServer$Division (RaftServerImpl.java:checkInconsistentAppendEntries(1592)) - s2@group-EA982605F2E5: Failed appendEntries as the first entry (index 0) already exists (snapshotIndex: -1, commitIndex: 0)
2022-11-08 19:12:07,549 [s2-server-thread2] INFO  server.RaftServer$Division (RaftServerImpl.java:checkInconsistentAppendEntries(1572)) - s2@group-EA982605F2E5: inconsistency entries. Reply:s1<-s2#297:FAIL-t2,INCONSISTENCY,nextIndex=1,followerCommit=0,matchIndex=-1
2022-11-08 19:12:07,549 [grpc-default-executor-0] INFO  leader.FollowerInfo (FollowerInfoImpl.java:lambda$new$0(48)) - s1@group-EA982605F2E5->s2: nextIndex: updateUnconditionally 5 -> 1
2022-11-08 19:12:07,551 [s2-server-thread2] DEBUG server.RaftServer$Division (RaftServerImpl.java:logAppendEntries(1421)) - s2@group-EA982605F2E5: receive appendEntries(s1, 2, (t:2, i:0), 4, true, commits:[s1:c4, s0:c4, s2:c0], cId:298, entries: [(t:2, i:1), STATEMACHINELOGENTRY, 0@client-2EFB324ADA71, (t:2, i:2), METADATAENTRY(c:1), (t:2, i:3), STATEMACHINELOGENTRY, 999@client-AE8279CAF820, (t:2, i:4), METADATAENTRY(c:3)]
2022-11-08 19:12:07,551 [s2-server-thread2] INFO  server.RaftServer$Division (RaftServerImpl.java:checkInconsistentAppendEntries(1602)) - s2@group-EA982605F2E5: Failed appendEntries as previous log entry ((t:2, i:0)) is not found
2022-11-08 19:12:07,551 [s2-server-thread2] INFO  server.RaftServer$Division (RaftServerImpl.java:checkInconsistentAppendEntries(1572)) - s2@group-EA982605F2E5: inconsistency entries. Reply:s1<-s2#298:FAIL-t2,INCONSISTENCY,nextIndex=0,followerCommit=0,matchIndex=-1
2022-11-08 19:12:07,552 [grpc-default-executor-0] INFO  leader.FollowerInfo (FollowerInfoImpl.java:lambda$new$0(48)) - s1@group-EA982605F2E5->s2: nextIndex: updateUnconditionally 5 -> 0
2022-11-08 19:12:07,553 [s2-server-thread2] DEBUG server.RaftServer$Division (RaftServerImpl.java:logAppendEntries(1421)) - s2@group-EA982605F2E5: receive appendEntries(s1, 2, null, 4, true, commits:[s1:c4, s0:c4, s2:c0], cId:299, entries: [(t:2, i:0), CONFIGURATIONENTRY(current:id: "s0"
address: "localhost:34297"
dataStreamAddress: "localhost:43983"
clientAddress: "localhost:39609"
adminAddress: "localhost:37077"
startupRole: FOLLOWER
,id: "s1"
address: "localhost:38917"
dataStreamAddress: "localhost:45719"
clientAddress: "localhost:36975"
adminAddress: "localhost:40635"
startupRole: FOLLOWER
,id: "s2"
address: "localhost:35511"
dataStreamAddress: "localhost:38827"
clientAddress: "localhost:42865"
adminAddress: "localhost:36791"
startupRole: FOLLOWER
, old:), (t:2, i:1), STATEMACHINELOGENTRY, 0@client-2EFB324ADA71, (t:2, i:2), METADATAENTRY(c:1), (t:2, i:3), STATEMACHINELOGENTRY, 999@client-AE8279CAF820, (t:2, i:4), METADATAENTRY(c:3)]
2022-11-08 19:12:07,553 [s2-server-thread2] INFO  server.RaftServer$Division (RaftServerImpl.java:checkInconsistentAppendEntries(1592)) - s2@group-EA982605F2E5: Failed appendEntries as the first entry (index 0) already exists (snapshotIndex: -1, commitIndex: 0)
2022-11-08 19:12:07,553 [s2-server-thread2] INFO  server.RaftServer$Division (RaftServerImpl.java:checkInconsistentAppendEntries(1572)) - s2@group-EA982605F2E5: inconsistency entries. Reply:s1<-s2#299:FAIL-t2,INCONSISTENCY,nextIndex=1,followerCommit=0,matchIndex=-1
2022-11-08 19:12:07,554 [grpc-default-executor-0] INFO  leader.FollowerInfo (FollowerInfoImpl.java:lambda$new$0(48)) - s1@group-EA982605F2E5->s2: nextIndex: updateUnconditionally 5 -> 1
2022-11-08 19:12:07,556 [s2-server-thread2] DEBUG server.RaftServer$Division (RaftServerImpl.java:logAppendEntries(1421)) - s2@group-EA982605F2E5: receive appendEntries(s1, 2, (t:2, i:0), 4, true, commits:[s1:c4, s0:c4, s2:c0], cId:300, entries: [(t:2, i:1), STATEMACHINELOGENTRY, 0@client-2EFB324ADA71, (t:2, i:2), METADATAENTRY(c:1), (t:2, i:3), STATEMACHINELOGENTRY, 999@client-AE8279CAF820, (t:2, i:4), METADATAENTRY(c:3)]
2022-11-08 19:12:07,556 [s2-server-thread2] INFO  server.RaftServer$Division (RaftServerImpl.java:checkInconsistentAppendEntries(1602)) - s2@group-EA982605F2E5: Failed appendEntries as previous log entry ((t:2, i:0)) is not found
2022-11-08 19:12:07,556 [s2-server-thread2] INFO  server.RaftServer$Division (RaftServerImpl.java:checkInconsistentAppendEntries(1572)) - s2@group-EA982605F2E5: inconsistency entries. Reply:s1<-s2#300:FAIL-t2,INCONSISTENCY,nextIndex=0,followerCommit=0,matchIndex=-1
2022-11-08 19:12:07,557 [grpc-default-executor-0] INFO  leader.FollowerInfo (FollowerInfoImpl.java:lambda$new$0(48)) - s1@group-EA982605F2E5->s2: nextIndex: updateUnconditionally 5 -> 0
2022-11-08 19:12:07,558 [s2-server-thread2] DEBUG server.RaftServer$Division (RaftServerImpl.java:logAppendEntries(1421)) - s2@group-EA982605F2E5: receive appendEntries(s1, 2, null, 4, true, commits:[s1:c4, s0:c4, s2:c0], cId:301, entries: [(t:2, i:0), CONFIGURATIONENTRY(current:id: "s0"
address: "localhost:34297"
dataStreamAddress: "localhost:43983"
clientAddress: "localhost:39609"
adminAddress: "localhost:37077"
startupRole: FOLLOWER
,id: "s1"
address: "localhost:38917"
dataStreamAddress: "localhost:45719"
clientAddress: "localhost:36975"
adminAddress: "localhost:40635"
startupRole: FOLLOWER
,id: "s2"
address: "localhost:35511"
dataStreamAddress: "localhost:38827"
clientAddress: "localhost:42865"
adminAddress: "localhost:36791"
startupRole: FOLLOWER
, old:), (t:2, i:1), STATEMACHINELOGENTRY, 0@client-2EFB324ADA71, (t:2, i:2), METADATAENTRY(c:1), (t:2, i:3), STATEMACHINELOGENTRY, 999@client-AE8279CAF820, (t:2, i:4), METADATAENTRY(c:3)]
2022-11-08 19:12:07,558 [s2-server-thread2] INFO  server.RaftServer$Division (RaftServerImpl.java:checkInconsistentAppendEntries(1592)) - s2@group-EA982605F2E5: Failed appendEntries as the first entry (index 0) already exists (snapshotIndex: -1, commitIndex: 0)
2022-11-08 19:12:07,558 [s2-server-thread2] INFO  server.RaftServer$Division (RaftServerImpl.java:checkInconsistentAppendEntries(1572)) - s2@group-EA982605F2E5: inconsistency entries. Reply:s1<-s2#301:FAIL-t2,INCONSISTENCY,nextIndex=1,followerCommit=0,matchIndex=-1
2022-11-08 19:12:07,559 [grpc-default-executor-0] INFO  leader.FollowerInfo (FollowerInfoImpl.java:lambda$new$0(48)) - s1@group-EA982605F2E5->s2: nextIndex: updateUnconditionally 5 -> 1
2022-11-08 19:12:07,560 [s2-server-thread2] DEBUG server.RaftServer$Division (RaftServerImpl.java:logAppendEntries(1421)) - s2@group-EA982605F2E5: receive appendEntries(s1, 2, (t:2, i:0), 4, true, commits:[s1:c4, s0:c4, s2:c0], cId:302, entries: [(t:2, i:1), STATEMACHINELOGENTRY, 0@client-2EFB324ADA71, (t:2, i:2), METADATAENTRY(c:1), (t:2, i:3), STATEMACHINELOGENTRY, 999@client-AE8279CAF820, (t:2, i:4), METADATAENTRY(c:3)]
2022-11-08 19:12:07,560 [s2-server-thread2] INFO  server.RaftServer$Division (RaftServerImpl.java:checkInconsistentAppendEntries(1602)) - s2@group-EA982605F2E5: Failed appendEntries as previous log entry ((t:2, i:0)) is not found
2022-11-08 19:12:07,560 [s2-server-thread2] INFO  server.RaftServer$Division (RaftServerImpl.java:checkInconsistentAppendEntries(1572)) - s2@group-EA982605F2E5: inconsistency entries. Reply:s1<-s2#302:FAIL-t2,INCONSISTENCY,nextIndex=0,followerCommit=0,matchIndex=-1
2022-11-08 19:12:07,561 [grpc-default-executor-0] INFO  leader.FollowerInfo (FollowerInfoImpl.java:lambda$new$0(48)) - s1@group-EA982605F2E5->s2: nextIndex: updateUnconditionally 5 -> 0
2022-11-08 19:12:07,563 [s2-server-thread2] DEBUG server.RaftServer$Division (RaftServerImpl.java:logAppendEntries(1421)) - s2@group-EA982605F2E5: receive appendEntries(s1, 2, null, 4, true, commits:[s1:c4, s0:c4, s2:c0], cId:303, entries: [(t:2, i:0), CONFIGURATIONENTRY(current:id: "s0"
address: "localhost:34297"
dataStreamAddress: "localhost:43983"
clientAddress: "localhost:39609"
adminAddress: "localhost:37077"
startupRole: FOLLOWER
,id: "s1"
address: "localhost:38917"
dataStreamAddress: "localhost:45719"
clientAddress: "localhost:36975"
adminAddress: "localhost:40635"
startupRole: FOLLOWER
,id: "s2"
address: "localhost:35511"
dataStreamAddress: "localhost:38827"
clientAddress: "localhost:42865"
adminAddress: "localhost:36791"
startupRole: FOLLOWER
, old:), (t:2, i:1), STATEMACHINELOGENTRY, 0@client-2EFB324ADA71, (t:2, i:2), METADATAENTRY(c:1), (t:2, i:3), STATEMACHINELOGENTRY, 999@client-AE8279CAF820, (t:2, i:4), METADATAENTRY(c:3)]
2022-11-08 19:12:07,563 [s2-server-thread2] INFO  server.RaftServer$Division (RaftServerImpl.java:checkInconsistentAppendEntries(1592)) - s2@group-EA982605F2E5: Failed appendEntries as the first entry (index 0) already exists (snapshotIndex: -1, commitIndex: 0)
2022-11-08 19:12:07,563 [s2-server-thread2] INFO  server.RaftServer$Division (RaftServerImpl.java:checkInconsistentAppendEntries(1572)) - s2@group-EA982605F2E5: inconsistency entries. Reply:s1<-s2#303:FAIL-t2,INCONSISTENCY,nextIndex=1,followerCommit=0,matchIndex=-1
2022-11-08 19:12:07,563 [grpc-default-executor-0] INFO  leader.FollowerInfo (FollowerInfoImpl.java:lambda$new$0(48)) - s1@group-EA982605F2E5->s2: nextIndex: updateUnconditionally 5 -> 1
2022-11-08 19:12:07,565 [s2-server-thread2] DEBUG server.RaftServer$Division (RaftServerImpl.java:logAppendEntries(1421)) - s2@group-EA982605F2E5: receive appendEntries(s1, 2, (t:2, i:0), 4, true, commits:[s1:c4, s0:c4, s2:c0], cId:304, entries: [(t:2, i:1), STATEMACHINELOGENTRY, 0@client-2EFB324ADA71, (t:2, i:2), METADATAENTRY(c:1), (t:2, i:3), STATEMACHINELOGENTRY, 999@client-AE8279CAF820, (t:2, i:4), METADATAENTRY(c:3)]
2022-11-08 19:12:07,565 [s2-server-thread2] INFO  server.RaftServer$Division (RaftServerImpl.java:checkInconsistentAppendEntries(1602)) - s2@group-EA982605F2E5: Failed appendEntries as previous log entry ((t:2, i:0)) is not found
2022-11-08 19:12:07,565 [s2-server-thread2] INFO  server.RaftServer$Division (RaftServerImpl.java:checkInconsistentAppendEntries(1572)) - s2@group-EA982605F2E5: inconsistency entries. Reply:s1<-s2#304:FAIL-t2,INCONSISTENCY,nextIndex=0,followerCommit=0,matchIndex=-1
2022-11-08 19:12:07,566 [grpc-default-executor-0] INFO  leader.FollowerInfo (FollowerInfoImpl.java:lambda$new$0(48)) - s1@group-EA982605F2E5->s2: nextIndex: updateUnconditionally 5 -> 0
2022-11-08 19:12:07,567 [s2-server-thread2] DEBUG server.RaftServer$Division (RaftServerImpl.java:logAppendEntries(1421)) - s2@group-EA982605F2E5: receive appendEntries(s1, 2, null, 4, true, commits:[s1:c4, s0:c4, s2:c0], cId:305, entries: [(t:2, i:0), CONFIGURATIONENTRY(current:id: "s0"
address: "localhost:34297"
dataStreamAddress: "localhost:43983"
clientAddress: "localhost:39609"
adminAddress: "localhost:37077"
startupRole: FOLLOWER
,id: "s1"
address: "localhost:38917"
dataStreamAddress: "localhost:45719"
clientAddress: "localhost:36975"
adminAddress: "localhost:40635"
startupRole: FOLLOWER
,id: "s2"
address: "localhost:35511"
dataStreamAddress: "localhost:38827"
clientAddress: "localhost:42865"
adminAddress: "localhost:36791"
startupRole: FOLLOWER
, old:), (t:2, i:1), STATEMACHINELOGENTRY, 0@client-2EFB324ADA71, (t:2, i:2), METADATAENTRY(c:1), (t:2, i:3), STATEMACHINELOGENTRY, 999@client-AE8279CAF820, (t:2, i:4), METADATAENTRY(c:3)]
2022-11-08 19:12:07,567 [s2-server-thread2] INFO  server.RaftServer$Division (RaftServerImpl.java:checkInconsistentAppendEntries(1592)) - s2@group-EA982605F2E5: Failed appendEntries as the first entry (index 0) already exists (snapshotIndex: -1, commitIndex: 0)
2022-11-08 19:12:07,568 [s2-server-thread2] INFO  server.RaftServer$Division (RaftServerImpl.java:checkInconsistentAppendEntries(1572)) - s2@group-EA982605F2E5: inconsistency entries. Reply:s1<-s2#305:FAIL-t2,INCONSISTENCY,nextIndex=1,followerCommit=0,matchIndex=-1
2022-11-08 19:12:07,568 [grpc-default-executor-0] INFO  leader.FollowerInfo (FollowerInfoImpl.java:lambda$new$0(48)) - s1@group-EA982605F2E5->s2: nextIndex: updateUnconditionally 5 -> 1
2022-11-08 19:12:07,569 [s2-server-thread2] DEBUG server.RaftServer$Division (RaftServerImpl.java:logAppendEntries(1421)) - s2@group-EA982605F2E5: receive appendEntries(s1, 2, (t:2, i:0), 4, true, commits:[s1:c4, s0:c4, s2:c0], cId:306, entries: [(t:2, i:1), STATEMACHINELOGENTRY, 0@client-2EFB324ADA71, (t:2, i:2), METADATAENTRY(c:1), (t:2, i:3), STATEMACHINELOGENTRY, 999@client-AE8279CAF820, (t:2, i:4), METADATAENTRY(c:3)]
2022-11-08 19:12:07,569 [s2-server-thread2] INFO  server.RaftServer$Division (RaftServerImpl.java:checkInconsistentAppendEntries(1602)) - s2@group-EA982605F2E5: Failed appendEntries as previous log entry ((t:2, i:0)) is not found
2022-11-08 19:12:07,570 [s2-server-thread2] INFO  server.RaftServer$Division (RaftServerImpl.java:checkInconsistentAppendEntries(1572)) - s2@group-EA982605F2E5: inconsistency entries. Reply:s1<-s2#306:FAIL-t2,INCONSISTENCY,nextIndex=0,followerCommit=0,matchIndex=-1
2022-11-08 19:12:07,570 [grpc-default-executor-0] INFO  leader.FollowerInfo (FollowerInfoImpl.java:lambda$new$0(48)) - s1@group-EA982605F2E5->s2: nextIndex: updateUnconditionally 5 -> 0
2022-11-08 19:12:07,571 [s2-server-thread2] DEBUG server.RaftServer$Division (RaftServerImpl.java:logAppendEntries(1421)) - s2@group-EA982605F2E5: receive appendEntries(s1, 2, null, 4, true, commits:[s1:c4, s0:c4, s2:c0], cId:307, entries: [(t:2, i:0), CONFIGURATIONENTRY(current:id: "s0"
address: "localhost:34297"
dataStreamAddress: "localhost:43983"
clientAddress: "localhost:39609"
adminAddress: "localhost:37077"
startupRole: FOLLOWER
,id: "s1"
address: "localhost:38917"
dataStreamAddress: "localhost:45719"
clientAddress: "localhost:36975"
adminAddress: "localhost:40635"
startupRole: FOLLOWER
,id: "s2"
address: "localhost:35511"
dataStreamAddress: "localhost:38827"
clientAddress: "localhost:42865"
adminAddress: "localhost:36791"
startupRole: FOLLOWER
, old:), (t:2, i:1), STATEMACHINELOGENTRY, 0@client-2EFB324ADA71, (t:2, i:2), METADATAENTRY(c:1), (t:2, i:3), STATEMACHINELOGENTRY, 999@client-AE8279CAF820, (t:2, i:4), METADATAENTRY(c:3)]
2022-11-08 19:12:07,572 [s2-server-thread2] INFO  server.RaftServer$Division (RaftServerImpl.java:checkInconsistentAppendEntries(1592)) - s2@group-EA982605F2E5: Failed appendEntries as the first entry (index 0) already exists (snapshotIndex: -1, commitIndex: 0)
2022-11-08 19:12:07,572 [s2-server-thread2] INFO  server.RaftServer$Division (RaftServerImpl.java:checkInconsistentAppendEntries(1572)) - s2@group-EA982605F2E5: inconsistency entries. Reply:s1<-s2#307:FAIL-t2,INCONSISTENCY,nextIndex=1,followerCommit=0,matchIndex=-1
2022-11-08 19:12:07,572 [grpc-default-executor-0] INFO  leader.FollowerInfo (FollowerInfoImpl.java:lambda$new$0(48)) - s1@group-EA982605F2E5->s2: nextIndex: updateUnconditionally 5 -> 1
2022-11-08 19:12:07,574 [s2-server-thread2] DEBUG server.RaftServer$Division (RaftServerImpl.java:logAppendEntries(1421)) - s2@group-EA982605F2E5: receive appendEntries(s1, 2, (t:2, i:0), 4, true, commits:[s1:c4, s0:c4, s2:c0], cId:308, entries: [(t:2, i:1), STATEMACHINELOGENTRY, 0@client-2EFB324ADA71, (t:2, i:2), METADATAENTRY(c:1), (t:2, i:3), STATEMACHINELOGENTRY, 999@client-AE8279CAF820, (t:2, i:4), METADATAENTRY(c:3)]
2022-11-08 19:12:07,574 [s2-server-thread2] INFO  server.RaftServer$Division (RaftServerImpl.java:checkInconsistentAppendEntries(1602)) - s2@group-EA982605F2E5: Failed appendEntries as previous log entry ((t:2, i:0)) is not found
2022-11-08 19:12:07,574 [s2-server-thread2] INFO  server.RaftServer$Division (RaftServerImpl.java:checkInconsistentAppendEntries(1572)) - s2@group-EA982605F2E5: inconsistency entries. Reply:s1<-s2#308:FAIL-t2,INCONSISTENCY,nextIndex=0,followerCommit=0,matchIndex=-1
2022-11-08 19:12:07,574 [grpc-default-executor-0] INFO  leader.FollowerInfo (FollowerInfoImpl.java:lambda$new$0(48)) - s1@group-EA982605F2E5->s2: nextIndex: updateUnconditionally 5 -> 0
2022-11-08 19:12:07,577 [s2-server-thread2] DEBUG server.RaftServer$Division (RaftServerImpl.java:logAppendEntries(1421)) - s2@group-EA982605F2E5: receive appendEntries(s1, 2, null, 4, true, commits:[s1:c4, s0:c4, s2:c0], cId:309, entries: [(t:2, i:0), CONFIGURATIONENTRY(current:id: "s0"
address: "localhost:34297"
dataStreamAddress: "localhost:43983"
clientAddress: "localhost:39609"
adminAddress: "localhost:37077"
startupRole: FOLLOWER
,id: "s1"
address: "localhost:38917"
dataStreamAddress: "localhost:45719"
clientAddress: "localhost:36975"
adminAddress: "localhost:40635"
startupRole: FOLLOWER
,id: "s2"
address: "localhost:35511"
dataStreamAddress: "localhost:38827"
clientAddress: "localhost:42865"
adminAddress: "localhost:36791"
startupRole: FOLLOWER
, old:), (t:2, i:1), STATEMACHINELOGENTRY, 0@client-2EFB324ADA71, (t:2, i:2), METADATAENTRY(c:1), (t:2, i:3), STATEMACHINELOGENTRY, 999@client-AE8279CAF820, (t:2, i:4), METADATAENTRY(c:3)]
2022-11-08 19:12:07,577 [s2-server-thread2] INFO  server.RaftServer$Division (RaftServerImpl.java:checkInconsistentAppendEntries(1592)) - s2@group-EA982605F2E5: Failed appendEntries as the first entry (index 0) already exists (snapshotIndex: -1, commitIndex: 0)
2022-11-08 19:12:07,578 [s2-server-thread2] INFO  server.RaftServer$Division (RaftServerImpl.java:checkInconsistentAppendEntries(1572)) - s2@group-EA982605F2E5: inconsistency entries. Reply:s1<-s2#309:FAIL-t2,INCONSISTENCY,nextIndex=1,followerCommit=0,matchIndex=-1
2022-11-08 19:12:07,578 [grpc-default-executor-0] INFO  leader.FollowerInfo (FollowerInfoImpl.java:lambda$new$0(48)) - s1@group-EA982605F2E5->s2: nextIndex: updateUnconditionally 5 -> 1
2022-11-08 19:12:07,579 [s2-server-thread2] DEBUG server.RaftServer$Division (RaftServerImpl.java:logAppendEntries(1421)) - s2@group-EA982605F2E5: receive appendEntries(s1, 2, (t:2, i:0), 4, true, commits:[s1:c4, s0:c4, s2:c0], cId:310, entries: [(t:2, i:1), STATEMACHINELOGENTRY, 0@client-2EFB324ADA71, (t:2, i:2), METADATAENTRY(c:1), (t:2, i:3), STATEMACHINELOGENTRY, 999@client-AE8279CAF820, (t:2, i:4), METADATAENTRY(c:3)]
2022-11-08 19:12:07,580 [s2-server-thread2] INFO  server.RaftServer$Division (RaftServerImpl.java:checkInconsistentAppendEntries(1602)) - s2@group-EA982605F2E5: Failed appendEntries as previous log entry ((t:2, i:0)) is not found
2022-11-08 19:12:07,580 [s2-server-thread2] INFO  server.RaftServer$Division (RaftServerImpl.java:checkInconsistentAppendEntries(1572)) - s2@group-EA982605F2E5: inconsistency entries. Reply:s1<-s2#310:FAIL-t2,INCONSISTENCY,nextIndex=0,followerCommit=0,matchIndex=-1
2022-11-08 19:12:07,580 [grpc-default-executor-0] INFO  leader.FollowerInfo (FollowerInfoImpl.java:lambda$new$0(48)) - s1@group-EA982605F2E5->s2: nextIndex: updateUnconditionally 5 -> 0
2022-11-08 19:12:07,582 [s2-server-thread2] DEBUG server.RaftServer$Division (RaftServerImpl.java:logAppendEntries(1421)) - s2@group-EA982605F2E5: receive appendEntries(s1, 2, null, 4, true, commits:[s1:c4, s0:c4, s2:c0], cId:311, entries: [(t:2, i:0), CONFIGURATIONENTRY(current:id: "s0"
address: "localhost:34297"
dataStreamAddress: "localhost:43983"
clientAddress: "localhost:39609"
adminAddress: "localhost:37077"
startupRole: FOLLOWER
,id: "s1"
address: "localhost:38917"
dataStreamAddress: "localhost:45719"
clientAddress: "localhost:36975"
adminAddress: "localhost:40635"
startupRole: FOLLOWER
,id: "s2"
address: "localhost:35511"
dataStreamAddress: "localhost:38827"
clientAddress: "localhost:42865"
adminAddress: "localhost:36791"
startupRole: FOLLOWER
, old:), (t:2, i:1), STATEMACHINELOGENTRY, 0@client-2EFB324ADA71, (t:2, i:2), METADATAENTRY(c:1), (t:2, i:3), STATEMACHINELOGENTRY, 999@client-AE8279CAF820, (t:2, i:4), METADATAENTRY(c:3)]
2022-11-08 19:12:07,582 [s2-server-thread2] INFO  server.RaftServer$Division (RaftServerImpl.java:checkInconsistentAppendEntries(1592)) - s2@group-EA982605F2E5: Failed appendEntries as the first entry (index 0) already exists (snapshotIndex: -1, commitIndex: 0)
2022-11-08 19:12:07,582 [s2-server-thread2] INFO  server.RaftServer$Division (RaftServerImpl.java:checkInconsistentAppendEntries(1572)) - s2@group-EA982605F2E5: inconsistency entries. Reply:s1<-s2#311:FAIL-t2,INCONSISTENCY,nextIndex=1,followerCommit=0,matchIndex=-1
2022-11-08 19:12:07,583 [grpc-default-executor-0] INFO  leader.FollowerInfo (FollowerInfoImpl.java:lambda$new$0(48)) - s1@group-EA982605F2E5->s2: nextIndex: updateUnconditionally 5 -> 1
2022-11-08 19:12:07,585 [s2-server-thread2] DEBUG server.RaftServer$Division (RaftServerImpl.java:logAppendEntries(1421)) - s2@group-EA982605F2E5: receive appendEntries(s1, 2, (t:2, i:0), 4, true, commits:[s1:c4, s0:c4, s2:c0], cId:312, entries: [(t:2, i:1), STATEMACHINELOGENTRY, 0@client-2EFB324ADA71, (t:2, i:2), METADATAENTRY(c:1), (t:2, i:3), STATEMACHINELOGENTRY, 999@client-AE8279CAF820, (t:2, i:4), METADATAENTRY(c:3)]
2022-11-08 19:12:07,585 [s2-server-thread2] INFO  server.RaftServer$Division (RaftServerImpl.java:checkInconsistentAppendEntries(1602)) - s2@group-EA982605F2E5: Failed appendEntries as previous log entry ((t:2, i:0)) is not found
2022-11-08 19:12:07,589 [s2-server-thread2] INFO  server.RaftServer$Division (RaftServerImpl.java:checkInconsistentAppendEntries(1572)) - s2@group-EA982605F2E5: inconsistency entries. Reply:s1<-s2#312:FAIL-t2,INCONSISTENCY,nextIndex=0,followerCommit=0,matchIndex=-1
2022-11-08 19:12:07,589 [grpc-default-executor-0] INFO  leader.FollowerInfo (FollowerInfoImpl.java:lambda$new$0(48)) - s1@group-EA982605F2E5->s2: nextIndex: updateUnconditionally 5 -> 0
2022-11-08 19:12:07,591 [s2-server-thread2] DEBUG server.RaftServer$Division (RaftServerImpl.java:logAppendEntries(1421)) - s2@group-EA982605F2E5: receive appendEntries(s1, 2, null, 4, true, commits:[s1:c4, s0:c4, s2:c0], cId:313, entries: [(t:2, i:0), CONFIGURATIONENTRY(current:id: "s0"
address: "localhost:34297"
dataStreamAddress: "localhost:43983"
clientAddress: "localhost:39609"
adminAddress: "localhost:37077"
startupRole: FOLLOWER
,id: "s1"
address: "localhost:38917"
dataStreamAddress: "localhost:45719"
clientAddress: "localhost:36975"
adminAddress: "localhost:40635"
startupRole: FOLLOWER
,id: "s2"
address: "localhost:35511"
dataStreamAddress: "localhost:38827"
clientAddress: "localhost:42865"
adminAddress: "localhost:36791"
startupRole: FOLLOWER
, old:), (t:2, i:1), STATEMACHINELOGENTRY, 0@client-2EFB324ADA71, (t:2, i:2), METADATAENTRY(c:1), (t:2, i:3), STATEMACHINELOGENTRY, 999@client-AE8279CAF820, (t:2, i:4), METADATAENTRY(c:3)]
2022-11-08 19:12:07,591 [s2-server-thread2] INFO  server.RaftServer$Division (RaftServerImpl.java:checkInconsistentAppendEntries(1592)) - s2@group-EA982605F2E5: Failed appendEntries as the first entry (index 0) already exists (snapshotIndex: -1, commitIndex: 0)
2022-11-08 19:12:07,592 [s2-server-thread2] INFO  server.RaftServer$Division (RaftServerImpl.java:checkInconsistentAppendEntries(1572)) - s2@group-EA982605F2E5: inconsistency entries. Reply:s1<-s2#313:FAIL-t2,INCONSISTENCY,nextIndex=1,followerCommit=0,matchIndex=-1
2022-11-08 19:12:07,592 [grpc-default-executor-0] INFO  leader.FollowerInfo (FollowerInfoImpl.java:lambda$new$0(48)) - s1@group-EA982605F2E5->s2: nextIndex: updateUnconditionally 5 -> 1
2022-11-08 19:12:07,593 [s2-server-thread2] DEBUG server.RaftServer$Division (RaftServerImpl.java:logAppendEntries(1421)) - s2@group-EA982605F2E5: receive appendEntries(s1, 2, (t:2, i:0), 4, true, commits:[s1:c4, s0:c4, s2:c0], cId:314, entries: [(t:2, i:1), STATEMACHINELOGENTRY, 0@client-2EFB324ADA71, (t:2, i:2), METADATAENTRY(c:1), (t:2, i:3), STATEMACHINELOGENTRY, 999@client-AE8279CAF820, (t:2, i:4), METADATAENTRY(c:3)]
2022-11-08 19:12:07,594 [s2-server-thread2] INFO  server.RaftServer$Division (RaftServerImpl.java:checkInconsistentAppendEntries(1602)) - s2@group-EA982605F2E5: Failed appendEntries as previous log entry ((t:2, i:0)) is not found
2022-11-08 19:12:07,594 [s2-server-thread2] INFO  server.RaftServer$Division (RaftServerImpl.java:checkInconsistentAppendEntries(1572)) - s2@group-EA982605F2E5: inconsistency entries. Reply:s1<-s2#314:FAIL-t2,INCONSISTENCY,nextIndex=0,followerCommit=0,matchIndex=-1
2022-11-08 19:12:07,594 [grpc-default-executor-0] INFO  leader.FollowerInfo (FollowerInfoImpl.java:lambda$new$0(48)) - s1@group-EA982605F2E5->s2: nextIndex: updateUnconditionally 5 -> 0
2022-11-08 19:12:07,595 [s2-server-thread2] DEBUG server.RaftServer$Division (RaftServerImpl.java:logAppendEntries(1421)) - s2@group-EA982605F2E5: receive appendEntries(s1, 2, null, 4, true, commits:[s1:c4, s0:c4, s2:c0], cId:315, entries: [(t:2, i:0), CONFIGURATIONENTRY(current:id: "s0"
address: "localhost:34297"
dataStreamAddress: "localhost:43983"
clientAddress: "localhost:39609"
adminAddress: "localhost:37077"
startupRole: FOLLOWER
,id: "s1"
address: "localhost:38917"
dataStreamAddress: "localhost:45719"
clientAddress: "localhost:36975"
adminAddress: "localhost:40635"
startupRole: FOLLOWER
,id: "s2"
address: "localhost:35511"
dataStreamAddress: "localhost:38827"
clientAddress: "localhost:42865"
adminAddress: "localhost:36791"
startupRole: FOLLOWER
, old:), (t:2, i:1), STATEMACHINELOGENTRY, 0@client-2EFB324ADA71, (t:2, i:2), METADATAENTRY(c:1), (t:2, i:3), STATEMACHINELOGENTRY, 999@client-AE8279CAF820, (t:2, i:4), METADATAENTRY(c:3)]
2022-11-08 19:12:07,596 [s2-server-thread2] INFO  server.RaftServer$Division (RaftServerImpl.java:checkInconsistentAppendEntries(1592)) - s2@group-EA982605F2E5: Failed appendEntries as the first entry (index 0) already exists (snapshotIndex: -1, commitIndex: 0)
2022-11-08 19:12:07,596 [s2-server-thread2] INFO  server.RaftServer$Division (RaftServerImpl.java:checkInconsistentAppendEntries(1572)) - s2@group-EA982605F2E5: inconsistency entries. Reply:s1<-s2#315:FAIL-t2,INCONSISTENCY,nextIndex=1,followerCommit=0,matchIndex=-1
2022-11-08 19:12:07,596 [grpc-default-executor-0] INFO  leader.FollowerInfo (FollowerInfoImpl.java:lambda$new$0(48)) - s1@group-EA982605F2E5->s2: nextIndex: updateUnconditionally 5 -> 1
2022-11-08 19:12:07,597 [s2-server-thread2] DEBUG server.RaftServer$Division (RaftServerImpl.java:logAppendEntries(1421)) - s2@group-EA982605F2E5: receive appendEntries(s1, 2, (t:2, i:0), 4, true, commits:[s1:c4, s0:c4, s2:c0], cId:316, entries: [(t:2, i:1), STATEMACHINELOGENTRY, 0@client-2EFB324ADA71, (t:2, i:2), METADATAENTRY(c:1), (t:2, i:3), STATEMACHINELOGENTRY, 999@client-AE8279CAF820, (t:2, i:4), METADATAENTRY(c:3)]
2022-11-08 19:12:07,598 [s2-server-thread2] INFO  server.RaftServer$Division (RaftServerImpl.java:checkInconsistentAppendEntries(1602)) - s2@group-EA982605F2E5: Failed appendEntries as previous log entry ((t:2, i:0)) is not found
2022-11-08 19:12:07,598 [s2-server-thread2] INFO  server.RaftServer$Division (RaftServerImpl.java:checkInconsistentAppendEntries(1572)) - s2@group-EA982605F2E5: inconsistency entries. Reply:s1<-s2#316:FAIL-t2,INCONSISTENCY,nextIndex=0,followerCommit=0,matchIndex=-1
2022-11-08 19:12:07,598 [grpc-default-executor-0] INFO  leader.FollowerInfo (FollowerInfoImpl.java:lambda$new$0(48)) - s1@group-EA982605F2E5->s2: nextIndex: updateUnconditionally 5 -> 0
2022-11-08 19:12:07,600 [s2-server-thread2] DEBUG server.RaftServer$Division (RaftServerImpl.java:logAppendEntries(1421)) - s2@group-EA982605F2E5: receive appendEntries(s1, 2, null, 4, true, commits:[s1:c4, s0:c4, s2:c0], cId:317, entries: [(t:2, i:0), CONFIGURATIONENTRY(current:id: "s0"
address: "localhost:34297"
dataStreamAddress: "localhost:43983"
clientAddress: "localhost:39609"
adminAddress: "localhost:37077"
startupRole: FOLLOWER
,id: "s1"
address: "localhost:38917"
dataStreamAddress: "localhost:45719"
clientAddress: "localhost:36975"
adminAddress: "localhost:40635"
startupRole: FOLLOWER
,id: "s2"
address: "localhost:35511"
dataStreamAddress: "localhost:38827"
clientAddress: "localhost:42865"
adminAddress: "localhost:36791"
startupRole: FOLLOWER
, old:), (t:2, i:1), STATEMACHINELOGENTRY, 0@client-2EFB324ADA71, (t:2, i:2), METADATAENTRY(c:1), (t:2, i:3), STATEMACHINELOGENTRY, 999@client-AE8279CAF820, (t:2, i:4), METADATAENTRY(c:3)]
2022-11-08 19:12:07,600 [s2-server-thread2] INFO  server.RaftServer$Division (RaftServerImpl.java:checkInconsistentAppendEntries(1592)) - s2@group-EA982605F2E5: Failed appendEntries as the first entry (index 0) already exists (snapshotIndex: -1, commitIndex: 0)
2022-11-08 19:12:07,600 [s2-server-thread2] INFO  server.RaftServer$Division (RaftServerImpl.java:checkInconsistentAppendEntries(1572)) - s2@group-EA982605F2E5: inconsistency entries. Reply:s1<-s2#317:FAIL-t2,INCONSISTENCY,nextIndex=1,followerCommit=0,matchIndex=-1
2022-11-08 19:12:07,601 [grpc-default-executor-0] INFO  leader.FollowerInfo (FollowerInfoImpl.java:lambda$new$0(48)) - s1@group-EA982605F2E5->s2: nextIndex: updateUnconditionally 5 -> 1
2022-11-08 19:12:07,602 [s2-server-thread2] DEBUG server.RaftServer$Division (RaftServerImpl.java:logAppendEntries(1421)) - s2@group-EA982605F2E5: receive appendEntries(s1, 2, (t:2, i:0), 4, true, commits:[s1:c4, s0:c4, s2:c0], cId:318, entries: [(t:2, i:1), STATEMACHINELOGENTRY, 0@client-2EFB324ADA71, (t:2, i:2), METADATAENTRY(c:1), (t:2, i:3), STATEMACHINELOGENTRY, 999@client-AE8279CAF820, (t:2, i:4), METADATAENTRY(c:3)]
2022-11-08 19:12:07,602 [s2-server-thread2] INFO  server.RaftServer$Division (RaftServerImpl.java:checkInconsistentAppendEntries(1602)) - s2@group-EA982605F2E5: Failed appendEntries as previous log entry ((t:2, i:0)) is not found
2022-11-08 19:12:07,602 [s2-server-thread2] INFO  server.RaftServer$Division (RaftServerImpl.java:checkInconsistentAppendEntries(1572)) - s2@group-EA982605F2E5: inconsistency entries. Reply:s1<-s2#318:FAIL-t2,INCONSISTENCY,nextIndex=0,followerCommit=0,matchIndex=-1
2022-11-08 19:12:07,602 [grpc-default-executor-0] INFO  leader.FollowerInfo (FollowerInfoImpl.java:lambda$new$0(48)) - s1@group-EA982605F2E5->s2: nextIndex: updateUnconditionally 5 -> 0
2022-11-08 19:12:07,604 [s2-server-thread2] DEBUG server.RaftServer$Division (RaftServerImpl.java:logAppendEntries(1421)) - s2@group-EA982605F2E5: receive appendEntries(s1, 2, null, 4, true, commits:[s1:c4, s0:c4, s2:c0], cId:319, entries: [(t:2, i:0), CONFIGURATIONENTRY(current:id: "s0"
address: "localhost:34297"
dataStreamAddress: "localhost:43983"
clientAddress: "localhost:39609"
adminAddress: "localhost:37077"
startupRole: FOLLOWER
,id: "s1"
address: "localhost:38917"
dataStreamAddress: "localhost:45719"
clientAddress: "localhost:36975"
adminAddress: "localhost:40635"
startupRole: FOLLOWER
,id: "s2"
address: "localhost:35511"
dataStreamAddress: "localhost:38827"
clientAddress: "localhost:42865"
adminAddress: "localhost:36791"
startupRole: FOLLOWER
, old:), (t:2, i:1), STATEMACHINELOGENTRY, 0@client-2EFB324ADA71, (t:2, i:2), METADATAENTRY(c:1), (t:2, i:3), STATEMACHINELOGENTRY, 999@client-AE8279CAF820, (t:2, i:4), METADATAENTRY(c:3)]
2022-11-08 19:12:07,604 [s2-server-thread2] INFO  server.RaftServer$Division (RaftServerImpl.java:checkInconsistentAppendEntries(1592)) - s2@group-EA982605F2E5: Failed appendEntries as the first entry (index 0) already exists (snapshotIndex: -1, commitIndex: 0)
2022-11-08 19:12:07,604 [s2-server-thread2] INFO  server.RaftServer$Division (RaftServerImpl.java:checkInconsistentAppendEntries(1572)) - s2@group-EA982605F2E5: inconsistency entries. Reply:s1<-s2#319:FAIL-t2,INCONSISTENCY,nextIndex=1,followerCommit=0,matchIndex=-1
2022-11-08 19:12:07,605 [grpc-default-executor-0] INFO  leader.FollowerInfo (FollowerInfoImpl.java:lambda$new$0(48)) - s1@group-EA982605F2E5->s2: nextIndex: updateUnconditionally 5 -> 1
2022-11-08 19:12:07,606 [s2-server-thread2] DEBUG server.RaftServer$Division (RaftServerImpl.java:logAppendEntries(1421)) - s2@group-EA982605F2E5: receive appendEntries(s1, 2, (t:2, i:0), 4, true, commits:[s1:c4, s0:c4, s2:c0], cId:320, entries: [(t:2, i:1), STATEMACHINELOGENTRY, 0@client-2EFB324ADA71, (t:2, i:2), METADATAENTRY(c:1), (t:2, i:3), STATEMACHINELOGENTRY, 999@client-AE8279CAF820, (t:2, i:4), METADATAENTRY(c:3)]
2022-11-08 19:12:07,606 [s2-server-thread2] INFO  server.RaftServer$Division (RaftServerImpl.java:checkInconsistentAppendEntries(1602)) - s2@group-EA982605F2E5: Failed appendEntries as previous log entry ((t:2, i:0)) is not found
2022-11-08 19:12:07,606 [s2-server-thread2] INFO  server.RaftServer$Division (RaftServerImpl.java:checkInconsistentAppendEntries(1572)) - s2@group-EA982605F2E5: inconsistency entries. Reply:s1<-s2#320:FAIL-t2,INCONSISTENCY,nextIndex=0,followerCommit=0,matchIndex=-1
2022-11-08 19:12:07,607 [grpc-default-executor-0] INFO  leader.FollowerInfo (FollowerInfoImpl.java:lambda$new$0(48)) - s1@group-EA982605F2E5->s2: nextIndex: updateUnconditionally 5 -> 0
2022-11-08 19:12:07,611 [s2-server-thread2] DEBUG server.RaftServer$Division (RaftServerImpl.java:logAppendEntries(1421)) - s2@group-EA982605F2E5: receive appendEntries(s1, 2, null, 4, true, commits:[s1:c4, s0:c4, s2:c0], cId:321, entries: [(t:2, i:0), CONFIGURATIONENTRY(current:id: "s0"
address: "localhost:34297"
dataStreamAddress: "localhost:43983"
clientAddress: "localhost:39609"
adminAddress: "localhost:37077"
startupRole: FOLLOWER
,id: "s1"
address: "localhost:38917"
dataStreamAddress: "localhost:45719"
clientAddress: "localhost:36975"
adminAddress: "localhost:40635"
startupRole: FOLLOWER
,id: "s2"
address: "localhost:35511"
dataStreamAddress: "localhost:38827"
clientAddress: "localhost:42865"
adminAddress: "localhost:36791"
startupRole: FOLLOWER
, old:), (t:2, i:1), STATEMACHINELOGENTRY, 0@client-2EFB324ADA71, (t:2, i:2), METADATAENTRY(c:1), (t:2, i:3), STATEMACHINELOGENTRY, 999@client-AE8279CAF820, (t:2, i:4), METADATAENTRY(c:3)]
2022-11-08 19:12:07,611 [s2-server-thread2] INFO  server.RaftServer$Division (RaftServerImpl.java:checkInconsistentAppendEntries(1592)) - s2@group-EA982605F2E5: Failed appendEntries as the first entry (index 0) already exists (snapshotIndex: -1, commitIndex: 0)
2022-11-08 19:12:07,611 [s2-server-thread2] INFO  server.RaftServer$Division (RaftServerImpl.java:checkInconsistentAppendEntries(1572)) - s2@group-EA982605F2E5: inconsistency entries. Reply:s1<-s2#321:FAIL-t2,INCONSISTENCY,nextIndex=1,followerCommit=0,matchIndex=-1
2022-11-08 19:12:07,612 [grpc-default-executor-0] INFO  leader.FollowerInfo (FollowerInfoImpl.java:lambda$new$0(48)) - s1@group-EA982605F2E5->s2: nextIndex: updateUnconditionally 5 -> 1
2022-11-08 19:12:07,613 [s2-server-thread2] DEBUG server.RaftServer$Division (RaftServerImpl.java:logAppendEntries(1421)) - s2@group-EA982605F2E5: receive appendEntries(s1, 2, (t:2, i:0), 4, true, commits:[s1:c4, s0:c4, s2:c0], cId:322, entries: [(t:2, i:1), STATEMACHINELOGENTRY, 0@client-2EFB324ADA71, (t:2, i:2), METADATAENTRY(c:1), (t:2, i:3), STATEMACHINELOGENTRY, 999@client-AE8279CAF820, (t:2, i:4), METADATAENTRY(c:3)]
2022-11-08 19:12:07,613 [s2-server-thread2] INFO  server.RaftServer$Division (RaftServerImpl.java:checkInconsistentAppendEntries(1602)) - s2@group-EA982605F2E5: Failed appendEntries as previous log entry ((t:2, i:0)) is not found
2022-11-08 19:12:07,613 [s2-server-thread2] INFO  server.RaftServer$Division (RaftServerImpl.java:checkInconsistentAppendEntries(1572)) - s2@group-EA982605F2E5: inconsistency entries. Reply:s1<-s2#322:FAIL-t2,INCONSISTENCY,nextIndex=0,followerCommit=0,matchIndex=-1
2022-11-08 19:12:07,614 [grpc-default-executor-0] INFO  leader.FollowerInfo (FollowerInfoImpl.java:lambda$new$0(48)) - s1@group-EA982605F2E5->s2: nextIndex: updateUnconditionally 5 -> 0
2022-11-08 19:12:07,615 [s2-server-thread2] DEBUG server.RaftServer$Division (RaftServerImpl.java:logAppendEntries(1421)) - s2@group-EA982605F2E5: receive appendEntries(s1, 2, null, 4, true, commits:[s1:c4, s0:c4, s2:c0], cId:323, entries: [(t:2, i:0), CONFIGURATIONENTRY(current:id: "s0"
address: "localhost:34297"
dataStreamAddress: "localhost:43983"
clientAddress: "localhost:39609"
adminAddress: "localhost:37077"
startupRole: FOLLOWER
,id: "s1"
address: "localhost:38917"
dataStreamAddress: "localhost:45719"
clientAddress: "localhost:36975"
adminAddress: "localhost:40635"
startupRole: FOLLOWER
,id: "s2"
address: "localhost:35511"
dataStreamAddress: "localhost:38827"
clientAddress: "localhost:42865"
adminAddress: "localhost:36791"
startupRole: FOLLOWER
, old:), (t:2, i:1), STATEMACHINELOGENTRY, 0@client-2EFB324ADA71, (t:2, i:2), METADATAENTRY(c:1), (t:2, i:3), STATEMACHINELOGENTRY, 999@client-AE8279CAF820, (t:2, i:4), METADATAENTRY(c:3)]
2022-11-08 19:12:07,617 [s2-server-thread2] INFO  server.RaftServer$Division (RaftServerImpl.java:checkInconsistentAppendEntries(1592)) - s2@group-EA982605F2E5: Failed appendEntries as the first entry (index 0) already exists (snapshotIndex: -1, commitIndex: 0)
2022-11-08 19:12:07,617 [s2-server-thread2] INFO  server.RaftServer$Division (RaftServerImpl.java:checkInconsistentAppendEntries(1572)) - s2@group-EA982605F2E5: inconsistency entries. Reply:s1<-s2#323:FAIL-t2,INCONSISTENCY,nextIndex=1,followerCommit=0,matchIndex=-1
2022-11-08 19:12:07,618 [grpc-default-executor-0] INFO  leader.FollowerInfo (FollowerInfoImpl.java:lambda$new$0(48)) - s1@group-EA982605F2E5->s2: nextIndex: updateUnconditionally 5 -> 1
2022-11-08 19:12:07,619 [s2-server-thread2] DEBUG server.RaftServer$Division (RaftServerImpl.java:logAppendEntries(1421)) - s2@group-EA982605F2E5: receive appendEntries(s1, 2, (t:2, i:0), 4, true, commits:[s1:c4, s0:c4, s2:c0], cId:324, entries: [(t:2, i:1), STATEMACHINELOGENTRY, 0@client-2EFB324ADA71, (t:2, i:2), METADATAENTRY(c:1), (t:2, i:3), STATEMACHINELOGENTRY, 999@client-AE8279CAF820, (t:2, i:4), METADATAENTRY(c:3)]
2022-11-08 19:12:07,619 [s2-server-thread2] INFO  server.RaftServer$Division (RaftServerImpl.java:checkInconsistentAppendEntries(1602)) - s2@group-EA982605F2E5: Failed appendEntries as previous log entry ((t:2, i:0)) is not found
2022-11-08 19:12:07,619 [s2-server-thread2] INFO  server.RaftServer$Division (RaftServerImpl.java:checkInconsistentAppendEntries(1572)) - s2@group-EA982605F2E5: inconsistency entries. Reply:s1<-s2#324:FAIL-t2,INCONSISTENCY,nextIndex=0,followerCommit=0,matchIndex=-1
2022-11-08 19:12:07,620 [grpc-default-executor-0] INFO  leader.FollowerInfo (FollowerInfoImpl.java:lambda$new$0(48)) - s1@group-EA982605F2E5->s2: nextIndex: updateUnconditionally 5 -> 0
2022-11-08 19:12:07,621 [s2-server-thread2] DEBUG server.RaftServer$Division (RaftServerImpl.java:logAppendEntries(1421)) - s2@group-EA982605F2E5: receive appendEntries(s1, 2, null, 4, true, commits:[s1:c4, s0:c4, s2:c0], cId:325, entries: [(t:2, i:0), CONFIGURATIONENTRY(current:id: "s0"
address: "localhost:34297"
dataStreamAddress: "localhost:43983"
clientAddress: "localhost:39609"
adminAddress: "localhost:37077"
startupRole: FOLLOWER
,id: "s1"
address: "localhost:38917"
dataStreamAddress: "localhost:45719"
clientAddress: "localhost:36975"
adminAddress: "localhost:40635"
startupRole: FOLLOWER
,id: "s2"
address: "localhost:35511"
dataStreamAddress: "localhost:38827"
clientAddress: "localhost:42865"
adminAddress: "localhost:36791"
startupRole: FOLLOWER
, old:), (t:2, i:1), STATEMACHINELOGENTRY, 0@client-2EFB324ADA71, (t:2, i:2), METADATAENTRY(c:1), (t:2, i:3), STATEMACHINELOGENTRY, 999@client-AE8279CAF820, (t:2, i:4), METADATAENTRY(c:3)]
2022-11-08 19:12:07,621 [s2-server-thread2] INFO  server.RaftServer$Division (RaftServerImpl.java:checkInconsistentAppendEntries(1592)) - s2@group-EA982605F2E5: Failed appendEntries as the first entry (index 0) already exists (snapshotIndex: -1, commitIndex: 0)
2022-11-08 19:12:07,621 [s2-server-thread2] INFO  server.RaftServer$Division (RaftServerImpl.java:checkInconsistentAppendEntries(1572)) - s2@group-EA982605F2E5: inconsistency entries. Reply:s1<-s2#325:FAIL-t2,INCONSISTENCY,nextIndex=1,followerCommit=0,matchIndex=-1
2022-11-08 19:12:07,622 [grpc-default-executor-0] INFO  leader.FollowerInfo (FollowerInfoImpl.java:lambda$new$0(48)) - s1@group-EA982605F2E5->s2: nextIndex: updateUnconditionally 5 -> 1
2022-11-08 19:12:07,623 [s2-server-thread2] DEBUG server.RaftServer$Division (RaftServerImpl.java:logAppendEntries(1421)) - s2@group-EA982605F2E5: receive appendEntries(s1, 2, (t:2, i:0), 4, true, commits:[s1:c4, s0:c4, s2:c0], cId:326, entries: [(t:2, i:1), STATEMACHINELOGENTRY, 0@client-2EFB324ADA71, (t:2, i:2), METADATAENTRY(c:1), (t:2, i:3), STATEMACHINELOGENTRY, 999@client-AE8279CAF820, (t:2, i:4), METADATAENTRY(c:3)]
2022-11-08 19:12:07,623 [s2-server-thread2] INFO  server.RaftServer$Division (RaftServerImpl.java:checkInconsistentAppendEntries(1602)) - s2@group-EA982605F2E5: Failed appendEntries as previous log entry ((t:2, i:0)) is not found
2022-11-08 19:12:07,623 [s2-server-thread2] INFO  server.RaftServer$Division (RaftServerImpl.java:checkInconsistentAppendEntries(1572)) - s2@group-EA982605F2E5: inconsistency entries. Reply:s1<-s2#326:FAIL-t2,INCONSISTENCY,nextIndex=0,followerCommit=0,matchIndex=-1
2022-11-08 19:12:07,624 [grpc-default-executor-0] INFO  leader.FollowerInfo (FollowerInfoImpl.java:lambda$new$0(48)) - s1@group-EA982605F2E5->s2: nextIndex: updateUnconditionally 5 -> 0
2022-11-08 19:12:07,625 [s2-server-thread2] DEBUG server.RaftServer$Division (RaftServerImpl.java:logAppendEntries(1421)) - s2@group-EA982605F2E5: receive appendEntries(s1, 2, null, 4, true, commits:[s1:c4, s0:c4, s2:c0], cId:327, entries: [(t:2, i:0), CONFIGURATIONENTRY(current:id: "s0"
address: "localhost:34297"
dataStreamAddress: "localhost:43983"
clientAddress: "localhost:39609"
adminAddress: "localhost:37077"
startupRole: FOLLOWER
,id: "s1"
address: "localhost:38917"
dataStreamAddress: "localhost:45719"
clientAddress: "localhost:36975"
adminAddress: "localhost:40635"
startupRole: FOLLOWER
,id: "s2"
address: "localhost:35511"
dataStreamAddress: "localhost:38827"
clientAddress: "localhost:42865"
adminAddress: "localhost:36791"
startupRole: FOLLOWER
, old:), (t:2, i:1), STATEMACHINELOGENTRY, 0@client-2EFB324ADA71, (t:2, i:2), METADATAENTRY(c:1), (t:2, i:3), STATEMACHINELOGENTRY, 999@client-AE8279CAF820, (t:2, i:4), METADATAENTRY(c:3)]
2022-11-08 19:12:07,625 [s2-server-thread2] INFO  server.RaftServer$Division (RaftServerImpl.java:checkInconsistentAppendEntries(1592)) - s2@group-EA982605F2E5: Failed appendEntries as the first entry (index 0) already exists (snapshotIndex: -1, commitIndex: 0)
2022-11-08 19:12:07,626 [s2-server-thread2] INFO  server.RaftServer$Division (RaftServerImpl.java:checkInconsistentAppendEntries(1572)) - s2@group-EA982605F2E5: inconsistency entries. Reply:s1<-s2#327:FAIL-t2,INCONSISTENCY,nextIndex=1,followerCommit=0,matchIndex=-1
2022-11-08 19:12:07,626 [grpc-default-executor-0] INFO  leader.FollowerInfo (FollowerInfoImpl.java:lambda$new$0(48)) - s1@group-EA982605F2E5->s2: nextIndex: updateUnconditionally 5 -> 1
2022-11-08 19:12:07,627 [s2-server-thread2] DEBUG server.RaftServer$Division (RaftServerImpl.java:logAppendEntries(1421)) - s2@group-EA982605F2E5: receive appendEntries(s1, 2, (t:2, i:0), 4, true, commits:[s1:c4, s0:c4, s2:c0], cId:328, entries: [(t:2, i:1), STATEMACHINELOGENTRY, 0@client-2EFB324ADA71, (t:2, i:2), METADATAENTRY(c:1), (t:2, i:3), STATEMACHINELOGENTRY, 999@client-AE8279CAF820, (t:2, i:4), METADATAENTRY(c:3)]
2022-11-08 19:12:07,628 [s2-server-thread2] INFO  server.RaftServer$Division (RaftServerImpl.java:checkInconsistentAppendEntries(1602)) - s2@group-EA982605F2E5: Failed appendEntries as previous log entry ((t:2, i:0)) is not found
2022-11-08 19:12:07,628 [s2-server-thread2] INFO  server.RaftServer$Division (RaftServerImpl.java:checkInconsistentAppendEntries(1572)) - s2@group-EA982605F2E5: inconsistency entries. Reply:s1<-s2#328:FAIL-t2,INCONSISTENCY,nextIndex=0,followerCommit=0,matchIndex=-1
2022-11-08 19:12:07,628 [grpc-default-executor-0] INFO  leader.FollowerInfo (FollowerInfoImpl.java:lambda$new$0(48)) - s1@group-EA982605F2E5->s2: nextIndex: updateUnconditionally 5 -> 0
2022-11-08 19:12:07,629 [s2-server-thread2] DEBUG server.RaftServer$Division (RaftServerImpl.java:logAppendEntries(1421)) - s2@group-EA982605F2E5: receive appendEntries(s1, 2, null, 4, true, commits:[s1:c4, s0:c4, s2:c0], cId:329, entries: [(t:2, i:0), CONFIGURATIONENTRY(current:id: "s0"
address: "localhost:34297"
dataStreamAddress: "localhost:43983"
clientAddress: "localhost:39609"
adminAddress: "localhost:37077"
startupRole: FOLLOWER
,id: "s1"
address: "localhost:38917"
dataStreamAddress: "localhost:45719"
clientAddress: "localhost:36975"
adminAddress: "localhost:40635"
startupRole: FOLLOWER
,id: "s2"
address: "localhost:35511"
dataStreamAddress: "localhost:38827"
clientAddress: "localhost:42865"
adminAddress: "localhost:36791"
startupRole: FOLLOWER
, old:), (t:2, i:1), STATEMACHINELOGENTRY, 0@client-2EFB324ADA71, (t:2, i:2), METADATAENTRY(c:1), (t:2, i:3), STATEMACHINELOGENTRY, 999@client-AE8279CAF820, (t:2, i:4), METADATAENTRY(c:3)]
2022-11-08 19:12:07,630 [s2-server-thread2] INFO  server.RaftServer$Division (RaftServerImpl.java:checkInconsistentAppendEntries(1592)) - s2@group-EA982605F2E5: Failed appendEntries as the first entry (index 0) already exists (snapshotIndex: -1, commitIndex: 0)
2022-11-08 19:12:07,630 [s2-server-thread2] INFO  server.RaftServer$Division (RaftServerImpl.java:checkInconsistentAppendEntries(1572)) - s2@group-EA982605F2E5: inconsistency entries. Reply:s1<-s2#329:FAIL-t2,INCONSISTENCY,nextIndex=1,followerCommit=0,matchIndex=-1
2022-11-08 19:12:07,630 [grpc-default-executor-0] INFO  leader.FollowerInfo (FollowerInfoImpl.java:lambda$new$0(48)) - s1@group-EA982605F2E5->s2: nextIndex: updateUnconditionally 5 -> 1
2022-11-08 19:12:07,631 [s2-server-thread2] DEBUG server.RaftServer$Division (RaftServerImpl.java:logAppendEntries(1421)) - s2@group-EA982605F2E5: receive appendEntries(s1, 2, (t:2, i:0), 4, true, commits:[s1:c4, s0:c4, s2:c0], cId:330, entries: [(t:2, i:1), STATEMACHINELOGENTRY, 0@client-2EFB324ADA71, (t:2, i:2), METADATAENTRY(c:1), (t:2, i:3), STATEMACHINELOGENTRY, 999@client-AE8279CAF820, (t:2, i:4), METADATAENTRY(c:3)]
2022-11-08 19:12:07,632 [s2-server-thread2] INFO  server.RaftServer$Division (RaftServerImpl.java:checkInconsistentAppendEntries(1602)) - s2@group-EA982605F2E5: Failed appendEntries as previous log entry ((t:2, i:0)) is not found
2022-11-08 19:12:07,632 [s2-server-thread2] INFO  server.RaftServer$Division (RaftServerImpl.java:checkInconsistentAppendEntries(1572)) - s2@group-EA982605F2E5: inconsistency entries. Reply:s1<-s2#330:FAIL-t2,INCONSISTENCY,nextIndex=0,followerCommit=0,matchIndex=-1
2022-11-08 19:12:07,632 [grpc-default-executor-0] INFO  leader.FollowerInfo (FollowerInfoImpl.java:lambda$new$0(48)) - s1@group-EA982605F2E5->s2: nextIndex: updateUnconditionally 5 -> 0
2022-11-08 19:12:07,634 [s2-server-thread2] DEBUG server.RaftServer$Division (RaftServerImpl.java:logAppendEntries(1421)) - s2@group-EA982605F2E5: receive appendEntries(s1, 2, null, 4, true, commits:[s1:c4, s0:c4, s2:c0], cId:331, entries: [(t:2, i:0), CONFIGURATIONENTRY(current:id: "s0"
address: "localhost:34297"
dataStreamAddress: "localhost:43983"
clientAddress: "localhost:39609"
adminAddress: "localhost:37077"
startupRole: FOLLOWER
,id: "s1"
address: "localhost:38917"
dataStreamAddress: "localhost:45719"
clientAddress: "localhost:36975"
adminAddress: "localhost:40635"
startupRole: FOLLOWER
,id: "s2"
address: "localhost:35511"
dataStreamAddress: "localhost:38827"
clientAddress: "localhost:42865"
adminAddress: "localhost:36791"
startupRole: FOLLOWER
, old:), (t:2, i:1), STATEMACHINELOGENTRY, 0@client-2EFB324ADA71, (t:2, i:2), METADATAENTRY(c:1), (t:2, i:3), STATEMACHINELOGENTRY, 999@client-AE8279CAF820, (t:2, i:4), METADATAENTRY(c:3)]
2022-11-08 19:12:07,634 [s2-server-thread2] INFO  server.RaftServer$Division (RaftServerImpl.java:checkInconsistentAppendEntries(1592)) - s2@group-EA982605F2E5: Failed appendEntries as the first entry (index 0) already exists (snapshotIndex: -1, commitIndex: 0)
2022-11-08 19:12:07,634 [s2-server-thread2] INFO  server.RaftServer$Division (RaftServerImpl.java:checkInconsistentAppendEntries(1572)) - s2@group-EA982605F2E5: inconsistency entries. Reply:s1<-s2#331:FAIL-t2,INCONSISTENCY,nextIndex=1,followerCommit=0,matchIndex=-1
2022-11-08 19:12:07,634 [grpc-default-executor-0] INFO  leader.FollowerInfo (FollowerInfoImpl.java:lambda$new$0(48)) - s1@group-EA982605F2E5->s2: nextIndex: updateUnconditionally 5 -> 1
2022-11-08 19:12:07,635 [s2-server-thread2] DEBUG server.RaftServer$Division (RaftServerImpl.java:logAppendEntries(1421)) - s2@group-EA982605F2E5: receive appendEntries(s1, 2, (t:2, i:0), 4, true, commits:[s1:c4, s0:c4, s2:c0], cId:332, entries: [(t:2, i:1), STATEMACHINELOGENTRY, 0@client-2EFB324ADA71, (t:2, i:2), METADATAENTRY(c:1), (t:2, i:3), STATEMACHINELOGENTRY, 999@client-AE8279CAF820, (t:2, i:4), METADATAENTRY(c:3)]
2022-11-08 19:12:07,636 [s2-server-thread2] INFO  server.RaftServer$Division (RaftServerImpl.java:checkInconsistentAppendEntries(1602)) - s2@group-EA982605F2E5: Failed appendEntries as previous log entry ((t:2, i:0)) is not found
2022-11-08 19:12:07,636 [s2-server-thread2] INFO  server.RaftServer$Division (RaftServerImpl.java:checkInconsistentAppendEntries(1572)) - s2@group-EA982605F2E5: inconsistency entries. Reply:s1<-s2#332:FAIL-t2,INCONSISTENCY,nextIndex=0,followerCommit=0,matchIndex=-1
2022-11-08 19:12:07,636 [grpc-default-executor-0] INFO  leader.FollowerInfo (FollowerInfoImpl.java:lambda$new$0(48)) - s1@group-EA982605F2E5->s2: nextIndex: updateUnconditionally 5 -> 0
2022-11-08 19:12:07,638 [s2-server-thread2] DEBUG server.RaftServer$Division (RaftServerImpl.java:logAppendEntries(1421)) - s2@group-EA982605F2E5: receive appendEntries(s1, 2, null, 4, true, commits:[s1:c4, s0:c4, s2:c0], cId:333, entries: [(t:2, i:0), CONFIGURATIONENTRY(current:id: "s0"
address: "localhost:34297"
dataStreamAddress: "localhost:43983"
clientAddress: "localhost:39609"
adminAddress: "localhost:37077"
startupRole: FOLLOWER
,id: "s1"
address: "localhost:38917"
dataStreamAddress: "localhost:45719"
clientAddress: "localhost:36975"
adminAddress: "localhost:40635"
startupRole: FOLLOWER
,id: "s2"
address: "localhost:35511"
dataStreamAddress: "localhost:38827"
clientAddress: "localhost:42865"
adminAddress: "localhost:36791"
startupRole: FOLLOWER
, old:), (t:2, i:1), STATEMACHINELOGENTRY, 0@client-2EFB324ADA71, (t:2, i:2), METADATAENTRY(c:1), (t:2, i:3), STATEMACHINELOGENTRY, 999@client-AE8279CAF820, (t:2, i:4), METADATAENTRY(c:3)]
2022-11-08 19:12:07,638 [s2-server-thread2] INFO  server.RaftServer$Division (RaftServerImpl.java:checkInconsistentAppendEntries(1592)) - s2@group-EA982605F2E5: Failed appendEntries as the first entry (index 0) already exists (snapshotIndex: -1, commitIndex: 0)
2022-11-08 19:12:07,638 [s2-server-thread2] INFO  server.RaftServer$Division (RaftServerImpl.java:checkInconsistentAppendEntries(1572)) - s2@group-EA982605F2E5: inconsistency entries. Reply:s1<-s2#333:FAIL-t2,INCONSISTENCY,nextIndex=1,followerCommit=0,matchIndex=-1
2022-11-08 19:12:07,639 [grpc-default-executor-0] INFO  leader.FollowerInfo (FollowerInfoImpl.java:lambda$new$0(48)) - s1@group-EA982605F2E5->s2: nextIndex: updateUnconditionally 5 -> 1
2022-11-08 19:12:07,640 [s2-server-thread2] DEBUG server.RaftServer$Division (RaftServerImpl.java:logAppendEntries(1421)) - s2@group-EA982605F2E5: receive appendEntries(s1, 2, (t:2, i:0), 4, true, commits:[s1:c4, s0:c4, s2:c0], cId:334, entries: [(t:2, i:1), STATEMACHINELOGENTRY, 0@client-2EFB324ADA71, (t:2, i:2), METADATAENTRY(c:1), (t:2, i:3), STATEMACHINELOGENTRY, 999@client-AE8279CAF820, (t:2, i:4), METADATAENTRY(c:3)]
2022-11-08 19:12:07,640 [s2-server-thread2] INFO  server.RaftServer$Division (RaftServerImpl.java:checkInconsistentAppendEntries(1602)) - s2@group-EA982605F2E5: Failed appendEntries as previous log entry ((t:2, i:0)) is not found
2022-11-08 19:12:07,640 [s2-server-thread2] INFO  server.RaftServer$Division (RaftServerImpl.java:checkInconsistentAppendEntries(1572)) - s2@group-EA982605F2E5: inconsistency entries. Reply:s1<-s2#334:FAIL-t2,INCONSISTENCY,nextIndex=0,followerCommit=0,matchIndex=-1
2022-11-08 19:12:07,641 [grpc-default-executor-0] INFO  leader.FollowerInfo (FollowerInfoImpl.java:lambda$new$0(48)) - s1@group-EA982605F2E5->s2: nextIndex: updateUnconditionally 5 -> 0
2022-11-08 19:12:07,642 [s2-server-thread2] DEBUG server.RaftServer$Division (RaftServerImpl.java:logAppendEntries(1421)) - s2@group-EA982605F2E5: receive appendEntries(s1, 2, null, 4, true, commits:[s1:c4, s0:c4, s2:c0], cId:335, entries: [(t:2, i:0), CONFIGURATIONENTRY(current:id: "s0"
address: "localhost:34297"
dataStreamAddress: "localhost:43983"
clientAddress: "localhost:39609"
adminAddress: "localhost:37077"
startupRole: FOLLOWER
,id: "s1"
address: "localhost:38917"
dataStreamAddress: "localhost:45719"
clientAddress: "localhost:36975"
adminAddress: "localhost:40635"
startupRole: FOLLOWER
,id: "s2"
address: "localhost:35511"
dataStreamAddress: "localhost:38827"
clientAddress: "localhost:42865"
adminAddress: "localhost:36791"
startupRole: FOLLOWER
, old:), (t:2, i:1), STATEMACHINELOGENTRY, 0@client-2EFB324ADA71, (t:2, i:2), METADATAENTRY(c:1), (t:2, i:3), STATEMACHINELOGENTRY, 999@client-AE8279CAF820, (t:2, i:4), METADATAENTRY(c:3)]
2022-11-08 19:12:07,642 [s2-server-thread2] INFO  server.RaftServer$Division (RaftServerImpl.java:checkInconsistentAppendEntries(1592)) - s2@group-EA982605F2E5: Failed appendEntries as the first entry (index 0) already exists (snapshotIndex: -1, commitIndex: 0)
2022-11-08 19:12:07,642 [s2-server-thread2] INFO  server.RaftServer$Division (RaftServerImpl.java:checkInconsistentAppendEntries(1572)) - s2@group-EA982605F2E5: inconsistency entries. Reply:s1<-s2#335:FAIL-t2,INCONSISTENCY,nextIndex=1,followerCommit=0,matchIndex=-1
2022-11-08 19:12:07,643 [grpc-default-executor-0] INFO  leader.FollowerInfo (FollowerInfoImpl.java:lambda$new$0(48)) - s1@group-EA982605F2E5->s2: nextIndex: updateUnconditionally 5 -> 1
2022-11-08 19:12:07,644 [s2-server-thread2] DEBUG server.RaftServer$Division (RaftServerImpl.java:logAppendEntries(1421)) - s2@group-EA982605F2E5: receive appendEntries(s1, 2, (t:2, i:0), 4, true, commits:[s1:c4, s0:c4, s2:c0], cId:336, entries: [(t:2, i:1), STATEMACHINELOGENTRY, 0@client-2EFB324ADA71, (t:2, i:2), METADATAENTRY(c:1), (t:2, i:3), STATEMACHINELOGENTRY, 999@client-AE8279CAF820, (t:2, i:4), METADATAENTRY(c:3)]
2022-11-08 19:12:07,644 [s2-server-thread2] INFO  server.RaftServer$Division (RaftServerImpl.java:checkInconsistentAppendEntries(1602)) - s2@group-EA982605F2E5: Failed appendEntries as previous log entry ((t:2, i:0)) is not found
2022-11-08 19:12:07,644 [s2-server-thread2] INFO  server.RaftServer$Division (RaftServerImpl.java:checkInconsistentAppendEntries(1572)) - s2@group-EA982605F2E5: inconsistency entries. Reply:s1<-s2#336:FAIL-t2,INCONSISTENCY,nextIndex=0,followerCommit=0,matchIndex=-1
2022-11-08 19:12:07,645 [grpc-default-executor-0] INFO  leader.FollowerInfo (FollowerInfoImpl.java:lambda$new$0(48)) - s1@group-EA982605F2E5->s2: nextIndex: updateUnconditionally 5 -> 0
2022-11-08 19:12:07,646 [s2-server-thread2] DEBUG server.RaftServer$Division (RaftServerImpl.java:logAppendEntries(1421)) - s2@group-EA982605F2E5: receive appendEntries(s1, 2, null, 4, true, commits:[s1:c4, s0:c4, s2:c0], cId:337, entries: [(t:2, i:0), CONFIGURATIONENTRY(current:id: "s0"
address: "localhost:34297"
dataStreamAddress: "localhost:43983"
clientAddress: "localhost:39609"
adminAddress: "localhost:37077"
startupRole: FOLLOWER
,id: "s1"
address: "localhost:38917"
dataStreamAddress: "localhost:45719"
clientAddress: "localhost:36975"
adminAddress: "localhost:40635"
startupRole: FOLLOWER
,id: "s2"
address: "localhost:35511"
dataStreamAddress: "localhost:38827"
clientAddress: "localhost:42865"
adminAddress: "localhost:36791"
startupRole: FOLLOWER
, old:), (t:2, i:1), STATEMACHINELOGENTRY, 0@client-2EFB324ADA71, (t:2, i:2), METADATAENTRY(c:1), (t:2, i:3), STATEMACHINELOGENTRY, 999@client-AE8279CAF820, (t:2, i:4), METADATAENTRY(c:3)]
2022-11-08 19:12:07,646 [s2-server-thread2] INFO  server.RaftServer$Division (RaftServerImpl.java:checkInconsistentAppendEntries(1592)) - s2@group-EA982605F2E5: Failed appendEntries as the first entry (index 0) already exists (snapshotIndex: -1, commitIndex: 0)
2022-11-08 19:12:07,646 [s2-server-thread2] INFO  server.RaftServer$Division (RaftServerImpl.java:checkInconsistentAppendEntries(1572)) - s2@group-EA982605F2E5: inconsistency entries. Reply:s1<-s2#337:FAIL-t2,INCONSISTENCY,nextIndex=1,followerCommit=0,matchIndex=-1
2022-11-08 19:12:07,647 [grpc-default-executor-0] INFO  leader.FollowerInfo (FollowerInfoImpl.java:lambda$new$0(48)) - s1@group-EA982605F2E5->s2: nextIndex: updateUnconditionally 5 -> 1
2022-11-08 19:12:07,648 [s2-server-thread2] DEBUG server.RaftServer$Division (RaftServerImpl.java:logAppendEntries(1421)) - s2@group-EA982605F2E5: receive appendEntries(s1, 2, (t:2, i:0), 4, true, commits:[s1:c4, s0:c4, s2:c0], cId:338, entries: [(t:2, i:1), STATEMACHINELOGENTRY, 0@client-2EFB324ADA71, (t:2, i:2), METADATAENTRY(c:1), (t:2, i:3), STATEMACHINELOGENTRY, 999@client-AE8279CAF820, (t:2, i:4), METADATAENTRY(c:3)]
2022-11-08 19:12:07,648 [s2-server-thread2] INFO  server.RaftServer$Division (RaftServerImpl.java:checkInconsistentAppendEntries(1602)) - s2@group-EA982605F2E5: Failed appendEntries as previous log entry ((t:2, i:0)) is not found
2022-11-08 19:12:07,648 [s2-server-thread2] INFO  server.RaftServer$Division (RaftServerImpl.java:checkInconsistentAppendEntries(1572)) - s2@group-EA982605F2E5: inconsistency entries. Reply:s1<-s2#338:FAIL-t2,INCONSISTENCY,nextIndex=0,followerCommit=0,matchIndex=-1
2022-11-08 19:12:07,649 [grpc-default-executor-0] INFO  leader.FollowerInfo (FollowerInfoImpl.java:lambda$new$0(48)) - s1@group-EA982605F2E5->s2: nextIndex: updateUnconditionally 5 -> 0
2022-11-08 19:12:07,651 [s2-server-thread2] DEBUG server.RaftServer$Division (RaftServerImpl.java:logAppendEntries(1421)) - s2@group-EA982605F2E5: receive appendEntries(s1, 2, null, 4, true, commits:[s1:c4, s0:c4, s2:c0], cId:339, entries: [(t:2, i:0), CONFIGURATIONENTRY(current:id: "s0"
address: "localhost:34297"
dataStreamAddress: "localhost:43983"
clientAddress: "localhost:39609"
adminAddress: "localhost:37077"
startupRole: FOLLOWER
,id: "s1"
address: "localhost:38917"
dataStreamAddress: "localhost:45719"
clientAddress: "localhost:36975"
adminAddress: "localhost:40635"
startupRole: FOLLOWER
,id: "s2"
address: "localhost:35511"
dataStreamAddress: "localhost:38827"
clientAddress: "localhost:42865"
adminAddress: "localhost:36791"
startupRole: FOLLOWER
, old:), (t:2, i:1), STATEMACHINELOGENTRY, 0@client-2EFB324ADA71, (t:2, i:2), METADATAENTRY(c:1), (t:2, i:3), STATEMACHINELOGENTRY, 999@client-AE8279CAF820, (t:2, i:4), METADATAENTRY(c:3)]
2022-11-08 19:12:07,651 [s2-server-thread2] INFO  server.RaftServer$Division (RaftServerImpl.java:checkInconsistentAppendEntries(1592)) - s2@group-EA982605F2E5: Failed appendEntries as the first entry (index 0) already exists (snapshotIndex: -1, commitIndex: 0)
2022-11-08 19:12:07,651 [s2-server-thread2] INFO  server.RaftServer$Division (RaftServerImpl.java:checkInconsistentAppendEntries(1572)) - s2@group-EA982605F2E5: inconsistency entries. Reply:s1<-s2#339:FAIL-t2,INCONSISTENCY,nextIndex=1,followerCommit=0,matchIndex=-1
2022-11-08 19:12:07,652 [grpc-default-executor-0] INFO  leader.FollowerInfo (FollowerInfoImpl.java:lambda$new$0(48)) - s1@group-EA982605F2E5->s2: nextIndex: updateUnconditionally 5 -> 1
2022-11-08 19:12:07,653 [s2-server-thread2] DEBUG server.RaftServer$Division (RaftServerImpl.java:logAppendEntries(1421)) - s2@group-EA982605F2E5: receive appendEntries(s1, 2, (t:2, i:0), 4, true, commits:[s1:c4, s0:c4, s2:c0], cId:340, entries: [(t:2, i:1), STATEMACHINELOGENTRY, 0@client-2EFB324ADA71, (t:2, i:2), METADATAENTRY(c:1), (t:2, i:3), STATEMACHINELOGENTRY, 999@client-AE8279CAF820, (t:2, i:4), METADATAENTRY(c:3)]
2022-11-08 19:12:07,653 [s2-server-thread2] INFO  server.RaftServer$Division (RaftServerImpl.java:checkInconsistentAppendEntries(1602)) - s2@group-EA982605F2E5: Failed appendEntries as previous log entry ((t:2, i:0)) is not found
2022-11-08 19:12:07,653 [s2-server-thread2] INFO  server.RaftServer$Division (RaftServerImpl.java:checkInconsistentAppendEntries(1572)) - s2@group-EA982605F2E5: inconsistency entries. Reply:s1<-s2#340:FAIL-t2,INCONSISTENCY,nextIndex=0,followerCommit=0,matchIndex=-1
2022-11-08 19:12:07,654 [grpc-default-executor-0] INFO  leader.FollowerInfo (FollowerInfoImpl.java:lambda$new$0(48)) - s1@group-EA982605F2E5->s2: nextIndex: updateUnconditionally 5 -> 0
2022-11-08 19:12:07,655 [s2-server-thread2] DEBUG server.RaftServer$Division (RaftServerImpl.java:logAppendEntries(1421)) - s2@group-EA982605F2E5: receive appendEntries(s1, 2, null, 4, true, commits:[s1:c4, s0:c4, s2:c0], cId:341, entries: [(t:2, i:0), CONFIGURATIONENTRY(current:id: "s0"
address: "localhost:34297"
dataStreamAddress: "localhost:43983"
clientAddress: "localhost:39609"
adminAddress: "localhost:37077"
startupRole: FOLLOWER
,id: "s1"
address: "localhost:38917"
dataStreamAddress: "localhost:45719"
clientAddress: "localhost:36975"
adminAddress: "localhost:40635"
startupRole: FOLLOWER
,id: "s2"
address: "localhost:35511"
dataStreamAddress: "localhost:38827"
clientAddress: "localhost:42865"
adminAddress: "localhost:36791"
startupRole: FOLLOWER
, old:), (t:2, i:1), STATEMACHINELOGENTRY, 0@client-2EFB324ADA71, (t:2, i:2), METADATAENTRY(c:1), (t:2, i:3), STATEMACHINELOGENTRY, 999@client-AE8279CAF820, (t:2, i:4), METADATAENTRY(c:3)]
2022-11-08 19:12:07,655 [s2-server-thread2] INFO  server.RaftServer$Division (RaftServerImpl.java:checkInconsistentAppendEntries(1592)) - s2@group-EA982605F2E5: Failed appendEntries as the first entry (index 0) already exists (snapshotIndex: -1, commitIndex: 0)
2022-11-08 19:12:07,655 [s2-server-thread2] INFO  server.RaftServer$Division (RaftServerImpl.java:checkInconsistentAppendEntries(1572)) - s2@group-EA982605F2E5: inconsistency entries. Reply:s1<-s2#341:FAIL-t2,INCONSISTENCY,nextIndex=1,followerCommit=0,matchIndex=-1
2022-11-08 19:12:07,656 [grpc-default-executor-0] INFO  leader.FollowerInfo (FollowerInfoImpl.java:lambda$new$0(48)) - s1@group-EA982605F2E5->s2: nextIndex: updateUnconditionally 5 -> 1
2022-11-08 19:12:07,657 [s2-server-thread2] DEBUG server.RaftServer$Division (RaftServerImpl.java:logAppendEntries(1421)) - s2@group-EA982605F2E5: receive appendEntries(s1, 2, (t:2, i:0), 4, true, commits:[s1:c4, s0:c4, s2:c0], cId:342, entries: [(t:2, i:1), STATEMACHINELOGENTRY, 0@client-2EFB324ADA71, (t:2, i:2), METADATAENTRY(c:1), (t:2, i:3), STATEMACHINELOGENTRY, 999@client-AE8279CAF820, (t:2, i:4), METADATAENTRY(c:3)]
2022-11-08 19:12:07,657 [s2-server-thread2] INFO  server.RaftServer$Division (RaftServerImpl.java:checkInconsistentAppendEntries(1602)) - s2@group-EA982605F2E5: Failed appendEntries as previous log entry ((t:2, i:0)) is not found
2022-11-08 19:12:07,657 [s2-server-thread2] INFO  server.RaftServer$Division (RaftServerImpl.java:checkInconsistentAppendEntries(1572)) - s2@group-EA982605F2E5: inconsistency entries. Reply:s1<-s2#342:FAIL-t2,INCONSISTENCY,nextIndex=0,followerCommit=0,matchIndex=-1
2022-11-08 19:12:07,658 [grpc-default-executor-0] INFO  leader.FollowerInfo (FollowerInfoImpl.java:lambda$new$0(48)) - s1@group-EA982605F2E5->s2: nextIndex: updateUnconditionally 5 -> 0
2022-11-08 19:12:07,659 [s2-server-thread2] DEBUG server.RaftServer$Division (RaftServerImpl.java:logAppendEntries(1421)) - s2@group-EA982605F2E5: receive appendEntries(s1, 2, null, 4, true, commits:[s1:c4, s0:c4, s2:c0], cId:343, entries: [(t:2, i:0), CONFIGURATIONENTRY(current:id: "s0"
address: "localhost:34297"
dataStreamAddress: "localhost:43983"
clientAddress: "localhost:39609"
adminAddress: "localhost:37077"
startupRole: FOLLOWER
,id: "s1"
address: "localhost:38917"
dataStreamAddress: "localhost:45719"
clientAddress: "localhost:36975"
adminAddress: "localhost:40635"
startupRole: FOLLOWER
,id: "s2"
address: "localhost:35511"
dataStreamAddress: "localhost:38827"
clientAddress: "localhost:42865"
adminAddress: "localhost:36791"
startupRole: FOLLOWER
, old:), (t:2, i:1), STATEMACHINELOGENTRY, 0@client-2EFB324ADA71, (t:2, i:2), METADATAENTRY(c:1), (t:2, i:3), STATEMACHINELOGENTRY, 999@client-AE8279CAF820, (t:2, i:4), METADATAENTRY(c:3)]
2022-11-08 19:12:07,659 [s2-server-thread2] INFO  server.RaftServer$Division (RaftServerImpl.java:checkInconsistentAppendEntries(1592)) - s2@group-EA982605F2E5: Failed appendEntries as the first entry (index 0) already exists (snapshotIndex: -1, commitIndex: 0)
2022-11-08 19:12:07,660 [s2-server-thread2] INFO  server.RaftServer$Division (RaftServerImpl.java:checkInconsistentAppendEntries(1572)) - s2@group-EA982605F2E5: inconsistency entries. Reply:s1<-s2#343:FAIL-t2,INCONSISTENCY,nextIndex=1,followerCommit=0,matchIndex=-1
2022-11-08 19:12:07,660 [grpc-default-executor-0] INFO  leader.FollowerInfo (FollowerInfoImpl.java:lambda$new$0(48)) - s1@group-EA982605F2E5->s2: nextIndex: updateUnconditionally 5 -> 1
2022-11-08 19:12:07,662 [s2-server-thread2] DEBUG server.RaftServer$Division (RaftServerImpl.java:logAppendEntries(1421)) - s2@group-EA982605F2E5: receive appendEntries(s1, 2, (t:2, i:0), 4, true, commits:[s1:c4, s0:c4, s2:c0], cId:344, entries: [(t:2, i:1), STATEMACHINELOGENTRY, 0@client-2EFB324ADA71, (t:2, i:2), METADATAENTRY(c:1), (t:2, i:3), STATEMACHINELOGENTRY, 999@client-AE8279CAF820, (t:2, i:4), METADATAENTRY(c:3)]
2022-11-08 19:12:07,662 [s2-server-thread2] INFO  server.RaftServer$Division (RaftServerImpl.java:checkInconsistentAppendEntries(1602)) - s2@group-EA982605F2E5: Failed appendEntries as previous log entry ((t:2, i:0)) is not found
2022-11-08 19:12:07,663 [s2-server-thread2] INFO  server.RaftServer$Division (RaftServerImpl.java:checkInconsistentAppendEntries(1572)) - s2@group-EA982605F2E5: inconsistency entries. Reply:s1<-s2#344:FAIL-t2,INCONSISTENCY,nextIndex=0,followerCommit=0,matchIndex=-1
2022-11-08 19:12:07,663 [grpc-default-executor-3] INFO  leader.FollowerInfo (FollowerInfoImpl.java:lambda$new$0(48)) - s1@group-EA982605F2E5->s2: nextIndex: updateUnconditionally 5 -> 0
2022-11-08 19:12:07,664 [s2-server-thread2] DEBUG server.RaftServer$Division (RaftServerImpl.java:logAppendEntries(1421)) - s2@group-EA982605F2E5: receive appendEntries(s1, 2, null, 4, true, commits:[s1:c4, s0:c4, s2:c0], cId:345, entries: [(t:2, i:0), CONFIGURATIONENTRY(current:id: "s0"
address: "localhost:34297"
dataStreamAddress: "localhost:43983"
clientAddress: "localhost:39609"
adminAddress: "localhost:37077"
startupRole: FOLLOWER
,id: "s1"
address: "localhost:38917"
dataStreamAddress: "localhost:45719"
clientAddress: "localhost:36975"
adminAddress: "localhost:40635"
startupRole: FOLLOWER
,id: "s2"
address: "localhost:35511"
dataStreamAddress: "localhost:38827"
clientAddress: "localhost:42865"
adminAddress: "localhost:36791"
startupRole: FOLLOWER
, old:), (t:2, i:1), STATEMACHINELOGENTRY, 0@client-2EFB324ADA71, (t:2, i:2), METADATAENTRY(c:1), (t:2, i:3), STATEMACHINELOGENTRY, 999@client-AE8279CAF820, (t:2, i:4), METADATAENTRY(c:3)]
2022-11-08 19:12:07,665 [s2-server-thread2] INFO  server.RaftServer$Division (RaftServerImpl.java:checkInconsistentAppendEntries(1592)) - s2@group-EA982605F2E5: Failed appendEntries as the first entry (index 0) already exists (snapshotIndex: -1, commitIndex: 0)
2022-11-08 19:12:07,665 [s2-server-thread2] INFO  server.RaftServer$Division (RaftServerImpl.java:checkInconsistentAppendEntries(1572)) - s2@group-EA982605F2E5: inconsistency entries. Reply:s1<-s2#345:FAIL-t2,INCONSISTENCY,nextIndex=1,followerCommit=0,matchIndex=-1
2022-11-08 19:12:07,665 [grpc-default-executor-3] INFO  leader.FollowerInfo (FollowerInfoImpl.java:lambda$new$0(48)) - s1@group-EA982605F2E5->s2: nextIndex: updateUnconditionally 5 -> 1
2022-11-08 19:12:07,666 [s2-server-thread2] DEBUG server.RaftServer$Division (RaftServerImpl.java:logAppendEntries(1421)) - s2@group-EA982605F2E5: receive appendEntries(s1, 2, (t:2, i:0), 4, true, commits:[s1:c4, s0:c4, s2:c0], cId:346, entries: [(t:2, i:1), STATEMACHINELOGENTRY, 0@client-2EFB324ADA71, (t:2, i:2), METADATAENTRY(c:1), (t:2, i:3), STATEMACHINELOGENTRY, 999@client-AE8279CAF820, (t:2, i:4), METADATAENTRY(c:3)]
2022-11-08 19:12:07,667 [s2-server-thread2] INFO  server.RaftServer$Division (RaftServerImpl.java:checkInconsistentAppendEntries(1602)) - s2@group-EA982605F2E5: Failed appendEntries as previous log entry ((t:2, i:0)) is not found
2022-11-08 19:12:07,667 [s2-server-thread2] INFO  server.RaftServer$Division (RaftServerImpl.java:checkInconsistentAppendEntries(1572)) - s2@group-EA982605F2E5: inconsistency entries. Reply:s1<-s2#346:FAIL-t2,INCONSISTENCY,nextIndex=0,followerCommit=0,matchIndex=-1
2022-11-08 19:12:07,667 [grpc-default-executor-3] INFO  leader.FollowerInfo (FollowerInfoImpl.java:lambda$new$0(48)) - s1@group-EA982605F2E5->s2: nextIndex: updateUnconditionally 5 -> 0
2022-11-08 19:12:07,669 [s2-server-thread2] DEBUG server.RaftServer$Division (RaftServerImpl.java:logAppendEntries(1421)) - s2@group-EA982605F2E5: receive appendEntries(s1, 2, null, 4, true, commits:[s1:c4, s0:c4, s2:c0], cId:347, entries: [(t:2, i:0), CONFIGURATIONENTRY(current:id: "s0"
address: "localhost:34297"
dataStreamAddress: "localhost:43983"
clientAddress: "localhost:39609"
adminAddress: "localhost:37077"
startupRole: FOLLOWER
,id: "s1"
address: "localhost:38917"
dataStreamAddress: "localhost:45719"
clientAddress: "localhost:36975"
adminAddress: "localhost:40635"
startupRole: FOLLOWER
,id: "s2"
address: "localhost:35511"
dataStreamAddress: "localhost:38827"
clientAddress: "localhost:42865"
adminAddress: "localhost:36791"
startupRole: FOLLOWER
, old:), (t:2, i:1), STATEMACHINELOGENTRY, 0@client-2EFB324ADA71, (t:2, i:2), METADATAENTRY(c:1), (t:2, i:3), STATEMACHINELOGENTRY, 999@client-AE8279CAF820, (t:2, i:4), METADATAENTRY(c:3)]
2022-11-08 19:12:07,669 [s2-server-thread2] INFO  server.RaftServer$Division (RaftServerImpl.java:checkInconsistentAppendEntries(1592)) - s2@group-EA982605F2E5: Failed appendEntries as the first entry (index 0) already exists (snapshotIndex: -1, commitIndex: 0)
2022-11-08 19:12:07,669 [s2-server-thread2] INFO  server.RaftServer$Division (RaftServerImpl.java:checkInconsistentAppendEntries(1572)) - s2@group-EA982605F2E5: inconsistency entries. Reply:s1<-s2#347:FAIL-t2,INCONSISTENCY,nextIndex=1,followerCommit=0,matchIndex=-1
2022-11-08 19:12:07,669 [grpc-default-executor-3] INFO  leader.FollowerInfo (FollowerInfoImpl.java:lambda$new$0(48)) - s1@group-EA982605F2E5->s2: nextIndex: updateUnconditionally 5 -> 1
2022-11-08 19:12:07,671 [s2-server-thread2] DEBUG server.RaftServer$Division (RaftServerImpl.java:logAppendEntries(1421)) - s2@group-EA982605F2E5: receive appendEntries(s1, 2, (t:2, i:0), 4, true, commits:[s1:c4, s0:c4, s2:c0], cId:348, entries: [(t:2, i:1), STATEMACHINELOGENTRY, 0@client-2EFB324ADA71, (t:2, i:2), METADATAENTRY(c:1), (t:2, i:3), STATEMACHINELOGENTRY, 999@client-AE8279CAF820, (t:2, i:4), METADATAENTRY(c:3)]
2022-11-08 19:12:07,671 [s2-server-thread2] INFO  server.RaftServer$Division (RaftServerImpl.java:checkInconsistentAppendEntries(1602)) - s2@group-EA982605F2E5: Failed appendEntries as previous log entry ((t:2, i:0)) is not found
2022-11-08 19:12:07,671 [s2-server-thread2] INFO  server.RaftServer$Division (RaftServerImpl.java:checkInconsistentAppendEntries(1572)) - s2@group-EA982605F2E5: inconsistency entries. Reply:s1<-s2#348:FAIL-t2,INCONSISTENCY,nextIndex=0,followerCommit=0,matchIndex=-1
2022-11-08 19:12:07,671 [grpc-default-executor-3] INFO  leader.FollowerInfo (FollowerInfoImpl.java:lambda$new$0(48)) - s1@group-EA982605F2E5->s2: nextIndex: updateUnconditionally 5 -> 0
2022-11-08 19:12:07,673 [s2-server-thread2] DEBUG server.RaftServer$Division (RaftServerImpl.java:logAppendEntries(1421)) - s2@group-EA982605F2E5: receive appendEntries(s1, 2, null, 4, true, commits:[s1:c4, s0:c4, s2:c0], cId:349, entries: [(t:2, i:0), CONFIGURATIONENTRY(current:id: "s0"
address: "localhost:34297"
dataStreamAddress: "localhost:43983"
clientAddress: "localhost:39609"
adminAddress: "localhost:37077"
startupRole: FOLLOWER
,id: "s1"
address: "localhost:38917"
dataStreamAddress: "localhost:45719"
clientAddress: "localhost:36975"
adminAddress: "localhost:40635"
startupRole: FOLLOWER
,id: "s2"
address: "localhost:35511"
dataStreamAddress: "localhost:38827"
clientAddress: "localhost:42865"
adminAddress: "localhost:36791"
startupRole: FOLLOWER
, old:), (t:2, i:1), STATEMACHINELOGENTRY, 0@client-2EFB324ADA71, (t:2, i:2), METADATAENTRY(c:1), (t:2, i:3), STATEMACHINELOGENTRY, 999@client-AE8279CAF820, (t:2, i:4), METADATAENTRY(c:3)]
2022-11-08 19:12:07,673 [s2-server-thread2] INFO  server.RaftServer$Division (RaftServerImpl.java:checkInconsistentAppendEntries(1592)) - s2@group-EA982605F2E5: Failed appendEntries as the first entry (index 0) already exists (snapshotIndex: -1, commitIndex: 0)
2022-11-08 19:12:07,673 [s2-server-thread2] INFO  server.RaftServer$Division (RaftServerImpl.java:checkInconsistentAppendEntries(1572)) - s2@group-EA982605F2E5: inconsistency entries. Reply:s1<-s2#349:FAIL-t2,INCONSISTENCY,nextIndex=1,followerCommit=0,matchIndex=-1
2022-11-08 19:12:07,674 [grpc-default-executor-0] INFO  leader.FollowerInfo (FollowerInfoImpl.java:lambda$new$0(48)) - s1@group-EA982605F2E5->s2: nextIndex: updateUnconditionally 5 -> 1
2022-11-08 19:12:07,675 [s2-server-thread2] DEBUG server.RaftServer$Division (RaftServerImpl.java:logAppendEntries(1421)) - s2@group-EA982605F2E5: receive appendEntries(s1, 2, (t:2, i:0), 4, true, commits:[s1:c4, s0:c4, s2:c0], cId:350, entries: [(t:2, i:1), STATEMACHINELOGENTRY, 0@client-2EFB324ADA71, (t:2, i:2), METADATAENTRY(c:1), (t:2, i:3), STATEMACHINELOGENTRY, 999@client-AE8279CAF820, (t:2, i:4), METADATAENTRY(c:3)]
2022-11-08 19:12:07,675 [s2-server-thread2] INFO  server.RaftServer$Division (RaftServerImpl.java:checkInconsistentAppendEntries(1602)) - s2@group-EA982605F2E5: Failed appendEntries as previous log entry ((t:2, i:0)) is not found
2022-11-08 19:12:07,675 [s2-server-thread2] INFO  server.RaftServer$Division (RaftServerImpl.java:checkInconsistentAppendEntries(1572)) - s2@group-EA982605F2E5: inconsistency entries. Reply:s1<-s2#350:FAIL-t2,INCONSISTENCY,nextIndex=0,followerCommit=0,matchIndex=-1
2022-11-08 19:12:07,675 [grpc-default-executor-0] INFO  leader.FollowerInfo (FollowerInfoImpl.java:lambda$new$0(48)) - s1@group-EA982605F2E5->s2: nextIndex: updateUnconditionally 5 -> 0
2022-11-08 19:12:07,677 [s2-server-thread2] DEBUG server.RaftServer$Division (RaftServerImpl.java:logAppendEntries(1421)) - s2@group-EA982605F2E5: receive appendEntries(s1, 2, null, 4, true, commits:[s1:c4, s0:c4, s2:c0], cId:351, entries: [(t:2, i:0), CONFIGURATIONENTRY(current:id: "s0"
address: "localhost:34297"
dataStreamAddress: "localhost:43983"
clientAddress: "localhost:39609"
adminAddress: "localhost:37077"
startupRole: FOLLOWER
,id: "s1"
address: "localhost:38917"
dataStreamAddress: "localhost:45719"
clientAddress: "localhost:36975"
adminAddress: "localhost:40635"
startupRole: FOLLOWER
,id: "s2"
address: "localhost:35511"
dataStreamAddress: "localhost:38827"
clientAddress: "localhost:42865"
adminAddress: "localhost:36791"
startupRole: FOLLOWER
, old:), (t:2, i:1), STATEMACHINELOGENTRY, 0@client-2EFB324ADA71, (t:2, i:2), METADATAENTRY(c:1), (t:2, i:3), STATEMACHINELOGENTRY, 999@client-AE8279CAF820, (t:2, i:4), METADATAENTRY(c:3)]
2022-11-08 19:12:07,677 [s2-server-thread2] INFO  server.RaftServer$Division (RaftServerImpl.java:checkInconsistentAppendEntries(1592)) - s2@group-EA982605F2E5: Failed appendEntries as the first entry (index 0) already exists (snapshotIndex: -1, commitIndex: 0)
2022-11-08 19:12:07,677 [s2-server-thread2] INFO  server.RaftServer$Division (RaftServerImpl.java:checkInconsistentAppendEntries(1572)) - s2@group-EA982605F2E5: inconsistency entries. Reply:s1<-s2#351:FAIL-t2,INCONSISTENCY,nextIndex=1,followerCommit=0,matchIndex=-1
2022-11-08 19:12:07,677 [grpc-default-executor-0] INFO  leader.FollowerInfo (FollowerInfoImpl.java:lambda$new$0(48)) - s1@group-EA982605F2E5->s2: nextIndex: updateUnconditionally 5 -> 1
2022-11-08 19:12:07,678 [s2-server-thread2] DEBUG server.RaftServer$Division (RaftServerImpl.java:logAppendEntries(1421)) - s2@group-EA982605F2E5: receive appendEntries(s1, 2, (t:2, i:0), 4, true, commits:[s1:c4, s0:c4, s2:c0], cId:352, entries: [(t:2, i:1), STATEMACHINELOGENTRY, 0@client-2EFB324ADA71, (t:2, i:2), METADATAENTRY(c:1), (t:2, i:3), STATEMACHINELOGENTRY, 999@client-AE8279CAF820, (t:2, i:4), METADATAENTRY(c:3)]
2022-11-08 19:12:07,678 [s2-server-thread2] INFO  server.RaftServer$Division (RaftServerImpl.java:checkInconsistentAppendEntries(1602)) - s2@group-EA982605F2E5: Failed appendEntries as previous log entry ((t:2, i:0)) is not found
2022-11-08 19:12:07,679 [s2-server-thread2] INFO  server.RaftServer$Division (RaftServerImpl.java:checkInconsistentAppendEntries(1572)) - s2@group-EA982605F2E5: inconsistency entries. Reply:s1<-s2#352:FAIL-t2,INCONSISTENCY,nextIndex=0,followerCommit=0,matchIndex=-1
2022-11-08 19:12:07,679 [grpc-default-executor-0] INFO  leader.FollowerInfo (FollowerInfoImpl.java:lambda$new$0(48)) - s1@group-EA982605F2E5->s2: nextIndex: updateUnconditionally 5 -> 0
2022-11-08 19:12:07,680 [s2-server-thread2] DEBUG server.RaftServer$Division (RaftServerImpl.java:logAppendEntries(1421)) - s2@group-EA982605F2E5: receive appendEntries(s1, 2, null, 4, true, commits:[s1:c4, s0:c4, s2:c0], cId:353, entries: [(t:2, i:0), CONFIGURATIONENTRY(current:id: "s0"
address: "localhost:34297"
dataStreamAddress: "localhost:43983"
clientAddress: "localhost:39609"
adminAddress: "localhost:37077"
startupRole: FOLLOWER
,id: "s1"
address: "localhost:38917"
dataStreamAddress: "localhost:45719"
clientAddress: "localhost:36975"
adminAddress: "localhost:40635"
startupRole: FOLLOWER
,id: "s2"
address: "localhost:35511"
dataStreamAddress: "localhost:38827"
clientAddress: "localhost:42865"
adminAddress: "localhost:36791"
startupRole: FOLLOWER
, old:), (t:2, i:1), STATEMACHINELOGENTRY, 0@client-2EFB324ADA71, (t:2, i:2), METADATAENTRY(c:1), (t:2, i:3), STATEMACHINELOGENTRY, 999@client-AE8279CAF820, (t:2, i:4), METADATAENTRY(c:3)]
2022-11-08 19:12:07,680 [s2-server-thread2] INFO  server.RaftServer$Division (RaftServerImpl.java:checkInconsistentAppendEntries(1592)) - s2@group-EA982605F2E5: Failed appendEntries as the first entry (index 0) already exists (snapshotIndex: -1, commitIndex: 0)
2022-11-08 19:12:07,680 [s2-server-thread2] INFO  server.RaftServer$Division (RaftServerImpl.java:checkInconsistentAppendEntries(1572)) - s2@group-EA982605F2E5: inconsistency entries. Reply:s1<-s2#353:FAIL-t2,INCONSISTENCY,nextIndex=1,followerCommit=0,matchIndex=-1
2022-11-08 19:12:07,681 [grpc-default-executor-0] INFO  leader.FollowerInfo (FollowerInfoImpl.java:lambda$new$0(48)) - s1@group-EA982605F2E5->s2: nextIndex: updateUnconditionally 5 -> 1
2022-11-08 19:12:07,682 [s2-server-thread2] DEBUG server.RaftServer$Division (RaftServerImpl.java:logAppendEntries(1421)) - s2@group-EA982605F2E5: receive appendEntries(s1, 2, (t:2, i:0), 4, true, commits:[s1:c4, s0:c4, s2:c0], cId:354, entries: [(t:2, i:1), STATEMACHINELOGENTRY, 0@client-2EFB324ADA71, (t:2, i:2), METADATAENTRY(c:1), (t:2, i:3), STATEMACHINELOGENTRY, 999@client-AE8279CAF820, (t:2, i:4), METADATAENTRY(c:3)]
2022-11-08 19:12:07,682 [s2-server-thread2] INFO  server.RaftServer$Division (RaftServerImpl.java:checkInconsistentAppendEntries(1602)) - s2@group-EA982605F2E5: Failed appendEntries as previous log entry ((t:2, i:0)) is not found
2022-11-08 19:12:07,682 [s2-server-thread2] INFO  server.RaftServer$Division (RaftServerImpl.java:checkInconsistentAppendEntries(1572)) - s2@group-EA982605F2E5: inconsistency entries. Reply:s1<-s2#354:FAIL-t2,INCONSISTENCY,nextIndex=0,followerCommit=0,matchIndex=-1
2022-11-08 19:12:07,683 [grpc-default-executor-0] INFO  leader.FollowerInfo (FollowerInfoImpl.java:lambda$new$0(48)) - s1@group-EA982605F2E5->s2: nextIndex: updateUnconditionally 5 -> 0
2022-11-08 19:12:07,684 [s2-server-thread2] DEBUG server.RaftServer$Division (RaftServerImpl.java:logAppendEntries(1421)) - s2@group-EA982605F2E5: receive appendEntries(s1, 2, null, 4, true, commits:[s1:c4, s0:c4, s2:c0], cId:355, entries: [(t:2, i:0), CONFIGURATIONENTRY(current:id: "s0"
address: "localhost:34297"
dataStreamAddress: "localhost:43983"
clientAddress: "localhost:39609"
adminAddress: "localhost:37077"
startupRole: FOLLOWER
,id: "s1"
address: "localhost:38917"
dataStreamAddress: "localhost:45719"
clientAddress: "localhost:36975"
adminAddress: "localhost:40635"
startupRole: FOLLOWER
,id: "s2"
address: "localhost:35511"
dataStreamAddress: "localhost:38827"
clientAddress: "localhost:42865"
adminAddress: "localhost:36791"
startupRole: FOLLOWER
, old:), (t:2, i:1), STATEMACHINELOGENTRY, 0@client-2EFB324ADA71, (t:2, i:2), METADATAENTRY(c:1), (t:2, i:3), STATEMACHINELOGENTRY, 999@client-AE8279CAF820, (t:2, i:4), METADATAENTRY(c:3)]
2022-11-08 19:12:07,684 [s2-server-thread2] INFO  server.RaftServer$Division (RaftServerImpl.java:checkInconsistentAppendEntries(1592)) - s2@group-EA982605F2E5: Failed appendEntries as the first entry (index 0) already exists (snapshotIndex: -1, commitIndex: 0)
2022-11-08 19:12:07,684 [s2-server-thread2] INFO  server.RaftServer$Division (RaftServerImpl.java:checkInconsistentAppendEntries(1572)) - s2@group-EA982605F2E5: inconsistency entries. Reply:s1<-s2#355:FAIL-t2,INCONSISTENCY,nextIndex=1,followerCommit=0,matchIndex=-1
2022-11-08 19:12:07,685 [grpc-default-executor-0] INFO  leader.FollowerInfo (FollowerInfoImpl.java:lambda$new$0(48)) - s1@group-EA982605F2E5->s2: nextIndex: updateUnconditionally 5 -> 1
2022-11-08 19:12:07,686 [s2-server-thread2] DEBUG server.RaftServer$Division (RaftServerImpl.java:logAppendEntries(1421)) - s2@group-EA982605F2E5: receive appendEntries(s1, 2, (t:2, i:0), 4, true, commits:[s1:c4, s0:c4, s2:c0], cId:356, entries: [(t:2, i:1), STATEMACHINELOGENTRY, 0@client-2EFB324ADA71, (t:2, i:2), METADATAENTRY(c:1), (t:2, i:3), STATEMACHINELOGENTRY, 999@client-AE8279CAF820, (t:2, i:4), METADATAENTRY(c:3)]
2022-11-08 19:12:07,686 [s2-server-thread2] INFO  server.RaftServer$Division (RaftServerImpl.java:checkInconsistentAppendEntries(1602)) - s2@group-EA982605F2E5: Failed appendEntries as previous log entry ((t:2, i:0)) is not found
2022-11-08 19:12:07,686 [s2-server-thread2] INFO  server.RaftServer$Division (RaftServerImpl.java:checkInconsistentAppendEntries(1572)) - s2@group-EA982605F2E5: inconsistency entries. Reply:s1<-s2#356:FAIL-t2,INCONSISTENCY,nextIndex=0,followerCommit=0,matchIndex=-1
2022-11-08 19:12:07,689 [grpc-default-executor-0] INFO  leader.FollowerInfo (FollowerInfoImpl.java:lambda$new$0(48)) - s1@group-EA982605F2E5->s2: nextIndex: updateUnconditionally 5 -> 0
2022-11-08 19:12:07,691 [s2-server-thread2] DEBUG server.RaftServer$Division (RaftServerImpl.java:logAppendEntries(1421)) - s2@group-EA982605F2E5: receive appendEntries(s1, 2, null, 4, true, commits:[s1:c4, s0:c4, s2:c0], cId:357, entries: [(t:2, i:0), CONFIGURATIONENTRY(current:id: "s0"
address: "localhost:34297"
dataStreamAddress: "localhost:43983"
clientAddress: "localhost:39609"
adminAddress: "localhost:37077"
startupRole: FOLLOWER
,id: "s1"
address: "localhost:38917"
dataStreamAddress: "localhost:45719"
clientAddress: "localhost:36975"
adminAddress: "localhost:40635"
startupRole: FOLLOWER
,id: "s2"
address: "localhost:35511"
dataStreamAddress: "localhost:38827"
clientAddress: "localhost:42865"
adminAddress: "localhost:36791"
startupRole: FOLLOWER
, old:), (t:2, i:1), STATEMACHINELOGENTRY, 0@client-2EFB324ADA71, (t:2, i:2), METADATAENTRY(c:1), (t:2, i:3), STATEMACHINELOGENTRY, 999@client-AE8279CAF820, (t:2, i:4), METADATAENTRY(c:3)]
2022-11-08 19:12:07,691 [s2-server-thread2] INFO  server.RaftServer$Division (RaftServerImpl.java:checkInconsistentAppendEntries(1592)) - s2@group-EA982605F2E5: Failed appendEntries as the first entry (index 0) already exists (snapshotIndex: -1, commitIndex: 0)
2022-11-08 19:12:07,691 [s2-server-thread2] INFO  server.RaftServer$Division (RaftServerImpl.java:checkInconsistentAppendEntries(1572)) - s2@group-EA982605F2E5: inconsistency entries. Reply:s1<-s2#357:FAIL-t2,INCONSISTENCY,nextIndex=1,followerCommit=0,matchIndex=-1
2022-11-08 19:12:07,692 [grpc-default-executor-0] INFO  leader.FollowerInfo (FollowerInfoImpl.java:lambda$new$0(48)) - s1@group-EA982605F2E5->s2: nextIndex: updateUnconditionally 5 -> 1
2022-11-08 19:12:07,693 [s2-server-thread2] DEBUG server.RaftServer$Division (RaftServerImpl.java:logAppendEntries(1421)) - s2@group-EA982605F2E5: receive appendEntries(s1, 2, (t:2, i:0), 4, true, commits:[s1:c4, s0:c4, s2:c0], cId:358, entries: [(t:2, i:1), STATEMACHINELOGENTRY, 0@client-2EFB324ADA71, (t:2, i:2), METADATAENTRY(c:1), (t:2, i:3), STATEMACHINELOGENTRY, 999@client-AE8279CAF820, (t:2, i:4), METADATAENTRY(c:3)]
2022-11-08 19:12:07,693 [s2-server-thread2] INFO  server.RaftServer$Division (RaftServerImpl.java:checkInconsistentAppendEntries(1602)) - s2@group-EA982605F2E5: Failed appendEntries as previous log entry ((t:2, i:0)) is not found
2022-11-08 19:12:07,693 [s2-server-thread2] INFO  server.RaftServer$Division (RaftServerImpl.java:checkInconsistentAppendEntries(1572)) - s2@group-EA982605F2E5: inconsistency entries. Reply:s1<-s2#358:FAIL-t2,INCONSISTENCY,nextIndex=0,followerCommit=0,matchIndex=-1
2022-11-08 19:12:07,693 [grpc-default-executor-0] INFO  leader.FollowerInfo (FollowerInfoImpl.java:lambda$new$0(48)) - s1@group-EA982605F2E5->s2: nextIndex: updateUnconditionally 5 -> 0
2022-11-08 19:12:07,695 [s2-server-thread2] DEBUG server.RaftServer$Division (RaftServerImpl.java:logAppendEntries(1421)) - s2@group-EA982605F2E5: receive appendEntries(s1, 2, null, 4, true, commits:[s1:c4, s0:c4, s2:c0], cId:359, entries: [(t:2, i:0), CONFIGURATIONENTRY(current:id: "s0"
address: "localhost:34297"
dataStreamAddress: "localhost:43983"
clientAddress: "localhost:39609"
adminAddress: "localhost:37077"
startupRole: FOLLOWER
,id: "s1"
address: "localhost:38917"
dataStreamAddress: "localhost:45719"
clientAddress: "localhost:36975"
adminAddress: "localhost:40635"
startupRole: FOLLOWER
,id: "s2"
address: "localhost:35511"
dataStreamAddress: "localhost:38827"
clientAddress: "localhost:42865"
adminAddress: "localhost:36791"
startupRole: FOLLOWER
, old:), (t:2, i:1), STATEMACHINELOGENTRY, 0@client-2EFB324ADA71, (t:2, i:2), METADATAENTRY(c:1), (t:2, i:3), STATEMACHINELOGENTRY, 999@client-AE8279CAF820, (t:2, i:4), METADATAENTRY(c:3)]
2022-11-08 19:12:07,695 [s2-server-thread2] INFO  server.RaftServer$Division (RaftServerImpl.java:checkInconsistentAppendEntries(1592)) - s2@group-EA982605F2E5: Failed appendEntries as the first entry (index 0) already exists (snapshotIndex: -1, commitIndex: 0)
2022-11-08 19:12:07,695 [s2-server-thread2] INFO  server.RaftServer$Division (RaftServerImpl.java:checkInconsistentAppendEntries(1572)) - s2@group-EA982605F2E5: inconsistency entries. Reply:s1<-s2#359:FAIL-t2,INCONSISTENCY,nextIndex=1,followerCommit=0,matchIndex=-1
2022-11-08 19:12:07,695 [grpc-default-executor-0] INFO  leader.FollowerInfo (FollowerInfoImpl.java:lambda$new$0(48)) - s1@group-EA982605F2E5->s2: nextIndex: updateUnconditionally 5 -> 1
2022-11-08 19:12:07,701 [s2-server-thread2] DEBUG server.RaftServer$Division (RaftServerImpl.java:logAppendEntries(1421)) - s2@group-EA982605F2E5: receive appendEntries(s1, 2, (t:2, i:0), 4, true, commits:[s1:c4, s0:c4, s2:c0], cId:360, entries: [(t:2, i:1), STATEMACHINELOGENTRY, 0@client-2EFB324ADA71, (t:2, i:2), METADATAENTRY(c:1), (t:2, i:3), STATEMACHINELOGENTRY, 999@client-AE8279CAF820, (t:2, i:4), METADATAENTRY(c:3)]
2022-11-08 19:12:07,701 [s2-server-thread2] INFO  server.RaftServer$Division (RaftServerImpl.java:checkInconsistentAppendEntries(1602)) - s2@group-EA982605F2E5: Failed appendEntries as previous log entry ((t:2, i:0)) is not found
2022-11-08 19:12:07,701 [s2-server-thread2] INFO  server.RaftServer$Division (RaftServerImpl.java:checkInconsistentAppendEntries(1572)) - s2@group-EA982605F2E5: inconsistency entries. Reply:s1<-s2#360:FAIL-t2,INCONSISTENCY,nextIndex=0,followerCommit=0,matchIndex=-1
2022-11-08 19:12:07,702 [grpc-default-executor-0] INFO  leader.FollowerInfo (FollowerInfoImpl.java:lambda$new$0(48)) - s1@group-EA982605F2E5->s2: nextIndex: updateUnconditionally 5 -> 0
2022-11-08 19:12:07,703 [s2-server-thread2] DEBUG server.RaftServer$Division (RaftServerImpl.java:logAppendEntries(1421)) - s2@group-EA982605F2E5: receive appendEntries(s1, 2, null, 4, true, commits:[s1:c4, s0:c4, s2:c0], cId:361, entries: [(t:2, i:0), CONFIGURATIONENTRY(current:id: "s0"
address: "localhost:34297"
dataStreamAddress: "localhost:43983"
clientAddress: "localhost:39609"
adminAddress: "localhost:37077"
startupRole: FOLLOWER
,id: "s1"
address: "localhost:38917"
dataStreamAddress: "localhost:45719"
clientAddress: "localhost:36975"
adminAddress: "localhost:40635"
startupRole: FOLLOWER
,id: "s2"
address: "localhost:35511"
dataStreamAddress: "localhost:38827"
clientAddress: "localhost:42865"
adminAddress: "localhost:36791"
startupRole: FOLLOWER
, old:), (t:2, i:1), STATEMACHINELOGENTRY, 0@client-2EFB324ADA71, (t:2, i:2), METADATAENTRY(c:1), (t:2, i:3), STATEMACHINELOGENTRY, 999@client-AE8279CAF820, (t:2, i:4), METADATAENTRY(c:3)]
2022-11-08 19:12:07,703 [s2-server-thread2] INFO  server.RaftServer$Division (RaftServerImpl.java:checkInconsistentAppendEntries(1592)) - s2@group-EA982605F2E5: Failed appendEntries as the first entry (index 0) already exists (snapshotIndex: -1, commitIndex: 0)
2022-11-08 19:12:07,703 [s2-server-thread2] INFO  server.RaftServer$Division (RaftServerImpl.java:checkInconsistentAppendEntries(1572)) - s2@group-EA982605F2E5: inconsistency entries. Reply:s1<-s2#361:FAIL-t2,INCONSISTENCY,nextIndex=1,followerCommit=0,matchIndex=-1
2022-11-08 19:12:07,704 [grpc-default-executor-0] INFO  leader.FollowerInfo (FollowerInfoImpl.java:lambda$new$0(48)) - s1@group-EA982605F2E5->s2: nextIndex: updateUnconditionally 5 -> 1
2022-11-08 19:12:07,705 [s2-server-thread2] DEBUG server.RaftServer$Division (RaftServerImpl.java:logAppendEntries(1421)) - s2@group-EA982605F2E5: receive appendEntries(s1, 2, (t:2, i:0), 4, true, commits:[s1:c4, s0:c4, s2:c0], cId:362, entries: [(t:2, i:1), STATEMACHINELOGENTRY, 0@client-2EFB324ADA71, (t:2, i:2), METADATAENTRY(c:1), (t:2, i:3), STATEMACHINELOGENTRY, 999@client-AE8279CAF820, (t:2, i:4), METADATAENTRY(c:3)]
2022-11-08 19:12:07,705 [s2-server-thread2] INFO  server.RaftServer$Division (RaftServerImpl.java:checkInconsistentAppendEntries(1602)) - s2@group-EA982605F2E5: Failed appendEntries as previous log entry ((t:2, i:0)) is not found
2022-11-08 19:12:07,705 [s2-server-thread2] INFO  server.RaftServer$Division (RaftServerImpl.java:checkInconsistentAppendEntries(1572)) - s2@group-EA982605F2E5: inconsistency entries. Reply:s1<-s2#362:FAIL-t2,INCONSISTENCY,nextIndex=0,followerCommit=0,matchIndex=-1
2022-11-08 19:12:07,706 [grpc-default-executor-0] INFO  leader.FollowerInfo (FollowerInfoImpl.java:lambda$new$0(48)) - s1@group-EA982605F2E5->s2: nextIndex: updateUnconditionally 5 -> 0
2022-11-08 19:12:07,707 [s2-server-thread2] DEBUG server.RaftServer$Division (RaftServerImpl.java:logAppendEntries(1421)) - s2@group-EA982605F2E5: receive appendEntries(s1, 2, null, 4, true, commits:[s1:c4, s0:c4, s2:c0], cId:363, entries: [(t:2, i:0), CONFIGURATIONENTRY(current:id: "s0"
address: "localhost:34297"
dataStreamAddress: "localhost:43983"
clientAddress: "localhost:39609"
adminAddress: "localhost:37077"
startupRole: FOLLOWER
,id: "s1"
address: "localhost:38917"
dataStreamAddress: "localhost:45719"
clientAddress: "localhost:36975"
adminAddress: "localhost:40635"
startupRole: FOLLOWER
,id: "s2"
address: "localhost:35511"
dataStreamAddress: "localhost:38827"
clientAddress: "localhost:42865"
adminAddress: "localhost:36791"
startupRole: FOLLOWER
, old:), (t:2, i:1), STATEMACHINELOGENTRY, 0@client-2EFB324ADA71, (t:2, i:2), METADATAENTRY(c:1), (t:2, i:3), STATEMACHINELOGENTRY, 999@client-AE8279CAF820, (t:2, i:4), METADATAENTRY(c:3)]
2022-11-08 19:12:07,707 [s2-server-thread2] INFO  server.RaftServer$Division (RaftServerImpl.java:checkInconsistentAppendEntries(1592)) - s2@group-EA982605F2E5: Failed appendEntries as the first entry (index 0) already exists (snapshotIndex: -1, commitIndex: 0)
2022-11-08 19:12:07,707 [s2-server-thread2] INFO  server.RaftServer$Division (RaftServerImpl.java:checkInconsistentAppendEntries(1572)) - s2@group-EA982605F2E5: inconsistency entries. Reply:s1<-s2#363:FAIL-t2,INCONSISTENCY,nextIndex=1,followerCommit=0,matchIndex=-1
2022-11-08 19:12:07,708 [grpc-default-executor-0] INFO  leader.FollowerInfo (FollowerInfoImpl.java:lambda$new$0(48)) - s1@group-EA982605F2E5->s2: nextIndex: updateUnconditionally 5 -> 1
2022-11-08 19:12:07,709 [s2-server-thread2] DEBUG server.RaftServer$Division (RaftServerImpl.java:logAppendEntries(1421)) - s2@group-EA982605F2E5: receive appendEntries(s1, 2, (t:2, i:0), 4, true, commits:[s1:c4, s0:c4, s2:c0], cId:364, entries: [(t:2, i:1), STATEMACHINELOGENTRY, 0@client-2EFB324ADA71, (t:2, i:2), METADATAENTRY(c:1), (t:2, i:3), STATEMACHINELOGENTRY, 999@client-AE8279CAF820, (t:2, i:4), METADATAENTRY(c:3)]
2022-11-08 19:12:07,709 [s2-server-thread2] INFO  server.RaftServer$Division (RaftServerImpl.java:checkInconsistentAppendEntries(1602)) - s2@group-EA982605F2E5: Failed appendEntries as previous log entry ((t:2, i:0)) is not found
2022-11-08 19:12:07,709 [s2-server-thread2] INFO  server.RaftServer$Division (RaftServerImpl.java:checkInconsistentAppendEntries(1572)) - s2@group-EA982605F2E5: inconsistency entries. Reply:s1<-s2#364:FAIL-t2,INCONSISTENCY,nextIndex=0,followerCommit=0,matchIndex=-1
2022-11-08 19:12:07,710 [grpc-default-executor-0] INFO  leader.FollowerInfo (FollowerInfoImpl.java:lambda$new$0(48)) - s1@group-EA982605F2E5->s2: nextIndex: updateUnconditionally 5 -> 0
2022-11-08 19:12:07,711 [s2-server-thread2] DEBUG server.RaftServer$Division (RaftServerImpl.java:logAppendEntries(1421)) - s2@group-EA982605F2E5: receive appendEntries(s1, 2, null, 4, true, commits:[s1:c4, s0:c4, s2:c0], cId:365, entries: [(t:2, i:0), CONFIGURATIONENTRY(current:id: "s0"
address: "localhost:34297"
dataStreamAddress: "localhost:43983"
clientAddress: "localhost:39609"
adminAddress: "localhost:37077"
startupRole: FOLLOWER
,id: "s1"
address: "localhost:38917"
dataStreamAddress: "localhost:45719"
clientAddress: "localhost:36975"
adminAddress: "localhost:40635"
startupRole: FOLLOWER
,id: "s2"
address: "localhost:35511"
dataStreamAddress: "localhost:38827"
clientAddress: "localhost:42865"
adminAddress: "localhost:36791"
startupRole: FOLLOWER
, old:), (t:2, i:1), STATEMACHINELOGENTRY, 0@client-2EFB324ADA71, (t:2, i:2), METADATAENTRY(c:1), (t:2, i:3), STATEMACHINELOGENTRY, 999@client-AE8279CAF820, (t:2, i:4), METADATAENTRY(c:3)]
2022-11-08 19:12:07,711 [s2-server-thread2] INFO  server.RaftServer$Division (RaftServerImpl.java:checkInconsistentAppendEntries(1592)) - s2@group-EA982605F2E5: Failed appendEntries as the first entry (index 0) already exists (snapshotIndex: -1, commitIndex: 0)
2022-11-08 19:12:07,711 [s2-server-thread2] INFO  server.RaftServer$Division (RaftServerImpl.java:checkInconsistentAppendEntries(1572)) - s2@group-EA982605F2E5: inconsistency entries. Reply:s1<-s2#365:FAIL-t2,INCONSISTENCY,nextIndex=1,followerCommit=0,matchIndex=-1
2022-11-08 19:12:07,712 [grpc-default-executor-0] INFO  leader.FollowerInfo (FollowerInfoImpl.java:lambda$new$0(48)) - s1@group-EA982605F2E5->s2: nextIndex: updateUnconditionally 5 -> 1
2022-11-08 19:12:07,713 [s2-server-thread2] DEBUG server.RaftServer$Division (RaftServerImpl.java:logAppendEntries(1421)) - s2@group-EA982605F2E5: receive appendEntries(s1, 2, (t:2, i:0), 4, true, commits:[s1:c4, s0:c4, s2:c0], cId:366, entries: [(t:2, i:1), STATEMACHINELOGENTRY, 0@client-2EFB324ADA71, (t:2, i:2), METADATAENTRY(c:1), (t:2, i:3), STATEMACHINELOGENTRY, 999@client-AE8279CAF820, (t:2, i:4), METADATAENTRY(c:3)]
2022-11-08 19:12:07,713 [s2-server-thread2] INFO  server.RaftServer$Division (RaftServerImpl.java:checkInconsistentAppendEntries(1602)) - s2@group-EA982605F2E5: Failed appendEntries as previous log entry ((t:2, i:0)) is not found
2022-11-08 19:12:07,713 [s2-server-thread2] INFO  server.RaftServer$Division (RaftServerImpl.java:checkInconsistentAppendEntries(1572)) - s2@group-EA982605F2E5: inconsistency entries. Reply:s1<-s2#366:FAIL-t2,INCONSISTENCY,nextIndex=0,followerCommit=0,matchIndex=-1
2022-11-08 19:12:07,714 [grpc-default-executor-0] INFO  leader.FollowerInfo (FollowerInfoImpl.java:lambda$new$0(48)) - s1@group-EA982605F2E5->s2: nextIndex: updateUnconditionally 5 -> 0
2022-11-08 19:12:07,715 [s2-server-thread2] DEBUG server.RaftServer$Division (RaftServerImpl.java:logAppendEntries(1421)) - s2@group-EA982605F2E5: receive appendEntries(s1, 2, null, 4, true, commits:[s1:c4, s0:c4, s2:c0], cId:367, entries: [(t:2, i:0), CONFIGURATIONENTRY(current:id: "s0"
address: "localhost:34297"
dataStreamAddress: "localhost:43983"
clientAddress: "localhost:39609"
adminAddress: "localhost:37077"
startupRole: FOLLOWER
,id: "s1"
address: "localhost:38917"
dataStreamAddress: "localhost:45719"
clientAddress: "localhost:36975"
adminAddress: "localhost:40635"
startupRole: FOLLOWER
,id: "s2"
address: "localhost:35511"
dataStreamAddress: "localhost:38827"
clientAddress: "localhost:42865"
adminAddress: "localhost:36791"
startupRole: FOLLOWER
, old:), (t:2, i:1), STATEMACHINELOGENTRY, 0@client-2EFB324ADA71, (t:2, i:2), METADATAENTRY(c:1), (t:2, i:3), STATEMACHINELOGENTRY, 999@client-AE8279CAF820, (t:2, i:4), METADATAENTRY(c:3)]
2022-11-08 19:12:07,715 [s2-server-thread2] INFO  server.RaftServer$Division (RaftServerImpl.java:checkInconsistentAppendEntries(1592)) - s2@group-EA982605F2E5: Failed appendEntries as the first entry (index 0) already exists (snapshotIndex: -1, commitIndex: 0)
2022-11-08 19:12:07,715 [s2-server-thread2] INFO  server.RaftServer$Division (RaftServerImpl.java:checkInconsistentAppendEntries(1572)) - s2@group-EA982605F2E5: inconsistency entries. Reply:s1<-s2#367:FAIL-t2,INCONSISTENCY,nextIndex=1,followerCommit=0,matchIndex=-1
2022-11-08 19:12:07,715 [grpc-default-executor-0] INFO  leader.FollowerInfo (FollowerInfoImpl.java:lambda$new$0(48)) - s1@group-EA982605F2E5->s2: nextIndex: updateUnconditionally 5 -> 1
2022-11-08 19:12:07,717 [s2-server-thread2] DEBUG server.RaftServer$Division (RaftServerImpl.java:logAppendEntries(1421)) - s2@group-EA982605F2E5: receive appendEntries(s1, 2, (t:2, i:0), 4, true, commits:[s1:c4, s0:c4, s2:c0], cId:368, entries: [(t:2, i:1), STATEMACHINELOGENTRY, 0@client-2EFB324ADA71, (t:2, i:2), METADATAENTRY(c:1), (t:2, i:3), STATEMACHINELOGENTRY, 999@client-AE8279CAF820, (t:2, i:4), METADATAENTRY(c:3)]
2022-11-08 19:12:07,717 [s2-server-thread2] INFO  server.RaftServer$Division (RaftServerImpl.java:checkInconsistentAppendEntries(1602)) - s2@group-EA982605F2E5: Failed appendEntries as previous log entry ((t:2, i:0)) is not found
2022-11-08 19:12:07,717 [s2-server-thread2] INFO  server.RaftServer$Division (RaftServerImpl.java:checkInconsistentAppendEntries(1572)) - s2@group-EA982605F2E5: inconsistency entries. Reply:s1<-s2#368:FAIL-t2,INCONSISTENCY,nextIndex=0,followerCommit=0,matchIndex=-1
2022-11-08 19:12:07,718 [grpc-default-executor-0] INFO  leader.FollowerInfo (FollowerInfoImpl.java:lambda$new$0(48)) - s1@group-EA982605F2E5->s2: nextIndex: updateUnconditionally 5 -> 0
2022-11-08 19:12:07,719 [s2-server-thread2] DEBUG server.RaftServer$Division (RaftServerImpl.java:logAppendEntries(1421)) - s2@group-EA982605F2E5: receive appendEntries(s1, 2, null, 4, true, commits:[s1:c4, s0:c4, s2:c0], cId:369, entries: [(t:2, i:0), CONFIGURATIONENTRY(current:id: "s0"
address: "localhost:34297"
dataStreamAddress: "localhost:43983"
clientAddress: "localhost:39609"
adminAddress: "localhost:37077"
startupRole: FOLLOWER
,id: "s1"
address: "localhost:38917"
dataStreamAddress: "localhost:45719"
clientAddress: "localhost:36975"
adminAddress: "localhost:40635"
startupRole: FOLLOWER
,id: "s2"
address: "localhost:35511"
dataStreamAddress: "localhost:38827"
clientAddress: "localhost:42865"
adminAddress: "localhost:36791"
startupRole: FOLLOWER
, old:), (t:2, i:1), STATEMACHINELOGENTRY, 0@client-2EFB324ADA71, (t:2, i:2), METADATAENTRY(c:1), (t:2, i:3), STATEMACHINELOGENTRY, 999@client-AE8279CAF820, (t:2, i:4), METADATAENTRY(c:3)]
2022-11-08 19:12:07,719 [s2-server-thread2] INFO  server.RaftServer$Division (RaftServerImpl.java:checkInconsistentAppendEntries(1592)) - s2@group-EA982605F2E5: Failed appendEntries as the first entry (index 0) already exists (snapshotIndex: -1, commitIndex: 0)
2022-11-08 19:12:07,719 [s2-server-thread2] INFO  server.RaftServer$Division (RaftServerImpl.java:checkInconsistentAppendEntries(1572)) - s2@group-EA982605F2E5: inconsistency entries. Reply:s1<-s2#369:FAIL-t2,INCONSISTENCY,nextIndex=1,followerCommit=0,matchIndex=-1
2022-11-08 19:12:07,720 [grpc-default-executor-0] INFO  leader.FollowerInfo (FollowerInfoImpl.java:lambda$new$0(48)) - s1@group-EA982605F2E5->s2: nextIndex: updateUnconditionally 5 -> 1
2022-11-08 19:12:07,721 [s2-server-thread2] DEBUG server.RaftServer$Division (RaftServerImpl.java:logAppendEntries(1421)) - s2@group-EA982605F2E5: receive appendEntries(s1, 2, (t:2, i:0), 4, true, commits:[s1:c4, s0:c4, s2:c0], cId:370, entries: [(t:2, i:1), STATEMACHINELOGENTRY, 0@client-2EFB324ADA71, (t:2, i:2), METADATAENTRY(c:1), (t:2, i:3), STATEMACHINELOGENTRY, 999@client-AE8279CAF820, (t:2, i:4), METADATAENTRY(c:3)]
2022-11-08 19:12:07,721 [s2-server-thread2] INFO  server.RaftServer$Division (RaftServerImpl.java:checkInconsistentAppendEntries(1602)) - s2@group-EA982605F2E5: Failed appendEntries as previous log entry ((t:2, i:0)) is not found
2022-11-08 19:12:07,721 [s2-server-thread2] INFO  server.RaftServer$Division (RaftServerImpl.java:checkInconsistentAppendEntries(1572)) - s2@group-EA982605F2E5: inconsistency entries. Reply:s1<-s2#370:FAIL-t2,INCONSISTENCY,nextIndex=0,followerCommit=0,matchIndex=-1
2022-11-08 19:12:07,722 [grpc-default-executor-0] INFO  leader.FollowerInfo (FollowerInfoImpl.java:lambda$new$0(48)) - s1@group-EA982605F2E5->s2: nextIndex: updateUnconditionally 5 -> 0
2022-11-08 19:12:07,723 [s2-server-thread2] DEBUG server.RaftServer$Division (RaftServerImpl.java:logAppendEntries(1421)) - s2@group-EA982605F2E5: receive appendEntries(s1, 2, null, 4, true, commits:[s1:c4, s0:c4, s2:c0], cId:371, entries: [(t:2, i:0), CONFIGURATIONENTRY(current:id: "s0"
address: "localhost:34297"
dataStreamAddress: "localhost:43983"
clientAddress: "localhost:39609"
adminAddress: "localhost:37077"
startupRole: FOLLOWER
,id: "s1"
address: "localhost:38917"
dataStreamAddress: "localhost:45719"
clientAddress: "localhost:36975"
adminAddress: "localhost:40635"
startupRole: FOLLOWER
,id: "s2"
address: "localhost:35511"
dataStreamAddress: "localhost:38827"
clientAddress: "localhost:42865"
adminAddress: "localhost:36791"
startupRole: FOLLOWER
, old:), (t:2, i:1), STATEMACHINELOGENTRY, 0@client-2EFB324ADA71, (t:2, i:2), METADATAENTRY(c:1), (t:2, i:3), STATEMACHINELOGENTRY, 999@client-AE8279CAF820, (t:2, i:4), METADATAENTRY(c:3)]
2022-11-08 19:12:07,723 [s2-server-thread2] INFO  server.RaftServer$Division (RaftServerImpl.java:checkInconsistentAppendEntries(1592)) - s2@group-EA982605F2E5: Failed appendEntries as the first entry (index 0) already exists (snapshotIndex: -1, commitIndex: 0)
2022-11-08 19:12:07,723 [s2-server-thread2] INFO  server.RaftServer$Division (RaftServerImpl.java:checkInconsistentAppendEntries(1572)) - s2@group-EA982605F2E5: inconsistency entries. Reply:s1<-s2#371:FAIL-t2,INCONSISTENCY,nextIndex=1,followerCommit=0,matchIndex=-1
2022-11-08 19:12:07,724 [grpc-default-executor-0] INFO  leader.FollowerInfo (FollowerInfoImpl.java:lambda$new$0(48)) - s1@group-EA982605F2E5->s2: nextIndex: updateUnconditionally 5 -> 1
2022-11-08 19:12:07,725 [s2-server-thread2] DEBUG server.RaftServer$Division (RaftServerImpl.java:logAppendEntries(1421)) - s2@group-EA982605F2E5: receive appendEntries(s1, 2, (t:2, i:0), 4, true, commits:[s1:c4, s0:c4, s2:c0], cId:372, entries: [(t:2, i:1), STATEMACHINELOGENTRY, 0@client-2EFB324ADA71, (t:2, i:2), METADATAENTRY(c:1), (t:2, i:3), STATEMACHINELOGENTRY, 999@client-AE8279CAF820, (t:2, i:4), METADATAENTRY(c:3)]
2022-11-08 19:12:07,725 [s2-server-thread2] INFO  server.RaftServer$Division (RaftServerImpl.java:checkInconsistentAppendEntries(1602)) - s2@group-EA982605F2E5: Failed appendEntries as previous log entry ((t:2, i:0)) is not found
2022-11-08 19:12:07,725 [s2-server-thread2] INFO  server.RaftServer$Division (RaftServerImpl.java:checkInconsistentAppendEntries(1572)) - s2@group-EA982605F2E5: inconsistency entries. Reply:s1<-s2#372:FAIL-t2,INCONSISTENCY,nextIndex=0,followerCommit=0,matchIndex=-1
2022-11-08 19:12:07,725 [grpc-default-executor-0] INFO  leader.FollowerInfo (FollowerInfoImpl.java:lambda$new$0(48)) - s1@group-EA982605F2E5->s2: nextIndex: updateUnconditionally 5 -> 0
2022-11-08 19:12:07,727 [s2-server-thread2] DEBUG server.RaftServer$Division (RaftServerImpl.java:logAppendEntries(1421)) - s2@group-EA982605F2E5: receive appendEntries(s1, 2, null, 4, true, commits:[s1:c4, s0:c4, s2:c0], cId:373, entries: [(t:2, i:0), CONFIGURATIONENTRY(current:id: "s0"
address: "localhost:34297"
dataStreamAddress: "localhost:43983"
clientAddress: "localhost:39609"
adminAddress: "localhost:37077"
startupRole: FOLLOWER
,id: "s1"
address: "localhost:38917"
dataStreamAddress: "localhost:45719"
clientAddress: "localhost:36975"
adminAddress: "localhost:40635"
startupRole: FOLLOWER
,id: "s2"
address: "localhost:35511"
dataStreamAddress: "localhost:38827"
clientAddress: "localhost:42865"
adminAddress: "localhost:36791"
startupRole: FOLLOWER
, old:), (t:2, i:1), STATEMACHINELOGENTRY, 0@client-2EFB324ADA71, (t:2, i:2), METADATAENTRY(c:1), (t:2, i:3), STATEMACHINELOGENTRY, 999@client-AE8279CAF820, (t:2, i:4), METADATAENTRY(c:3)]
2022-11-08 19:12:07,727 [s2-server-thread2] INFO  server.RaftServer$Division (RaftServerImpl.java:checkInconsistentAppendEntries(1592)) - s2@group-EA982605F2E5: Failed appendEntries as the first entry (index 0) already exists (snapshotIndex: -1, commitIndex: 0)
2022-11-08 19:12:07,727 [s2-server-thread2] INFO  server.RaftServer$Division (RaftServerImpl.java:checkInconsistentAppendEntries(1572)) - s2@group-EA982605F2E5: inconsistency entries. Reply:s1<-s2#373:FAIL-t2,INCONSISTENCY,nextIndex=1,followerCommit=0,matchIndex=-1
2022-11-08 19:12:07,727 [grpc-default-executor-0] INFO  leader.FollowerInfo (FollowerInfoImpl.java:lambda$new$0(48)) - s1@group-EA982605F2E5->s2: nextIndex: updateUnconditionally 5 -> 1
2022-11-08 19:12:07,728 [s2-server-thread2] DEBUG server.RaftServer$Division (RaftServerImpl.java:logAppendEntries(1421)) - s2@group-EA982605F2E5: receive appendEntries(s1, 2, (t:2, i:0), 4, true, commits:[s1:c4, s0:c4, s2:c0], cId:374, entries: [(t:2, i:1), STATEMACHINELOGENTRY, 0@client-2EFB324ADA71, (t:2, i:2), METADATAENTRY(c:1), (t:2, i:3), STATEMACHINELOGENTRY, 999@client-AE8279CAF820, (t:2, i:4), METADATAENTRY(c:3)]
2022-11-08 19:12:07,729 [s2-server-thread2] INFO  server.RaftServer$Division (RaftServerImpl.java:checkInconsistentAppendEntries(1602)) - s2@group-EA982605F2E5: Failed appendEntries as previous log entry ((t:2, i:0)) is not found
2022-11-08 19:12:07,729 [s2-server-thread2] INFO  server.RaftServer$Division (RaftServerImpl.java:checkInconsistentAppendEntries(1572)) - s2@group-EA982605F2E5: inconsistency entries. Reply:s1<-s2#374:FAIL-t2,INCONSISTENCY,nextIndex=0,followerCommit=0,matchIndex=-1
2022-11-08 19:12:07,729 [grpc-default-executor-0] INFO  leader.FollowerInfo (FollowerInfoImpl.java:lambda$new$0(48)) - s1@group-EA982605F2E5->s2: nextIndex: updateUnconditionally 5 -> 0
2022-11-08 19:12:07,730 [s2-server-thread2] DEBUG server.RaftServer$Division (RaftServerImpl.java:logAppendEntries(1421)) - s2@group-EA982605F2E5: receive appendEntries(s1, 2, null, 4, true, commits:[s1:c4, s0:c4, s2:c0], cId:375, entries: [(t:2, i:0), CONFIGURATIONENTRY(current:id: "s0"
address: "localhost:34297"
dataStreamAddress: "localhost:43983"
clientAddress: "localhost:39609"
adminAddress: "localhost:37077"
startupRole: FOLLOWER
,id: "s1"
address: "localhost:38917"
dataStreamAddress: "localhost:45719"
clientAddress: "localhost:36975"
adminAddress: "localhost:40635"
startupRole: FOLLOWER
,id: "s2"
address: "localhost:35511"
dataStreamAddress: "localhost:38827"
clientAddress: "localhost:42865"
adminAddress: "localhost:36791"
startupRole: FOLLOWER
, old:), (t:2, i:1), STATEMACHINELOGENTRY, 0@client-2EFB324ADA71, (t:2, i:2), METADATAENTRY(c:1), (t:2, i:3), STATEMACHINELOGENTRY, 999@client-AE8279CAF820, (t:2, i:4), METADATAENTRY(c:3)]
2022-11-08 19:12:07,730 [s2-server-thread2] INFO  server.RaftServer$Division (RaftServerImpl.java:checkInconsistentAppendEntries(1592)) - s2@group-EA982605F2E5: Failed appendEntries as the first entry (index 0) already exists (snapshotIndex: -1, commitIndex: 0)
2022-11-08 19:12:07,730 [s2-server-thread2] INFO  server.RaftServer$Division (RaftServerImpl.java:checkInconsistentAppendEntries(1572)) - s2@group-EA982605F2E5: inconsistency entries. Reply:s1<-s2#375:FAIL-t2,INCONSISTENCY,nextIndex=1,followerCommit=0,matchIndex=-1
2022-11-08 19:12:07,731 [grpc-default-executor-0] INFO  leader.FollowerInfo (FollowerInfoImpl.java:lambda$new$0(48)) - s1@group-EA982605F2E5->s2: nextIndex: updateUnconditionally 5 -> 1
2022-11-08 19:12:07,732 [s2-server-thread2] DEBUG server.RaftServer$Division (RaftServerImpl.java:logAppendEntries(1421)) - s2@group-EA982605F2E5: receive appendEntries(s1, 2, (t:2, i:0), 4, true, commits:[s1:c4, s0:c4, s2:c0], cId:376, entries: [(t:2, i:1), STATEMACHINELOGENTRY, 0@client-2EFB324ADA71, (t:2, i:2), METADATAENTRY(c:1), (t:2, i:3), STATEMACHINELOGENTRY, 999@client-AE8279CAF820, (t:2, i:4), METADATAENTRY(c:3)]
2022-11-08 19:12:07,732 [s2-server-thread2] INFO  server.RaftServer$Division (RaftServerImpl.java:checkInconsistentAppendEntries(1602)) - s2@group-EA982605F2E5: Failed appendEntries as previous log entry ((t:2, i:0)) is not found
2022-11-08 19:12:07,732 [s2-server-thread2] INFO  server.RaftServer$Division (RaftServerImpl.java:checkInconsistentAppendEntries(1572)) - s2@group-EA982605F2E5: inconsistency entries. Reply:s1<-s2#376:FAIL-t2,INCONSISTENCY,nextIndex=0,followerCommit=0,matchIndex=-1
2022-11-08 19:12:07,733 [grpc-default-executor-0] INFO  leader.FollowerInfo (FollowerInfoImpl.java:lambda$new$0(48)) - s1@group-EA982605F2E5->s2: nextIndex: updateUnconditionally 5 -> 0
2022-11-08 19:12:07,734 [s2-server-thread2] DEBUG server.RaftServer$Division (RaftServerImpl.java:logAppendEntries(1421)) - s2@group-EA982605F2E5: receive appendEntries(s1, 2, null, 4, true, commits:[s1:c4, s0:c4, s2:c0], cId:377, entries: [(t:2, i:0), CONFIGURATIONENTRY(current:id: "s0"
address: "localhost:34297"
dataStreamAddress: "localhost:43983"
clientAddress: "localhost:39609"
adminAddress: "localhost:37077"
startupRole: FOLLOWER
,id: "s1"
address: "localhost:38917"
dataStreamAddress: "localhost:45719"
clientAddress: "localhost:36975"
adminAddress: "localhost:40635"
startupRole: FOLLOWER
,id: "s2"
address: "localhost:35511"
dataStreamAddress: "localhost:38827"
clientAddress: "localhost:42865"
adminAddress: "localhost:36791"
startupRole: FOLLOWER
, old:), (t:2, i:1), STATEMACHINELOGENTRY, 0@client-2EFB324ADA71, (t:2, i:2), METADATAENTRY(c:1), (t:2, i:3), STATEMACHINELOGENTRY, 999@client-AE8279CAF820, (t:2, i:4), METADATAENTRY(c:3)]
2022-11-08 19:12:07,734 [s2-server-thread2] INFO  server.RaftServer$Division (RaftServerImpl.java:checkInconsistentAppendEntries(1592)) - s2@group-EA982605F2E5: Failed appendEntries as the first entry (index 0) already exists (snapshotIndex: -1, commitIndex: 0)
2022-11-08 19:12:07,734 [s2-server-thread2] INFO  server.RaftServer$Division (RaftServerImpl.java:checkInconsistentAppendEntries(1572)) - s2@group-EA982605F2E5: inconsistency entries. Reply:s1<-s2#377:FAIL-t2,INCONSISTENCY,nextIndex=1,followerCommit=0,matchIndex=-1
2022-11-08 19:12:07,735 [grpc-default-executor-0] INFO  leader.FollowerInfo (FollowerInfoImpl.java:lambda$new$0(48)) - s1@group-EA982605F2E5->s2: nextIndex: updateUnconditionally 5 -> 1
2022-11-08 19:12:07,736 [s2-server-thread2] DEBUG server.RaftServer$Division (RaftServerImpl.java:logAppendEntries(1421)) - s2@group-EA982605F2E5: receive appendEntries(s1, 2, (t:2, i:0), 4, true, commits:[s1:c4, s0:c4, s2:c0], cId:378, entries: [(t:2, i:1), STATEMACHINELOGENTRY, 0@client-2EFB324ADA71, (t:2, i:2), METADATAENTRY(c:1), (t:2, i:3), STATEMACHINELOGENTRY, 999@client-AE8279CAF820, (t:2, i:4), METADATAENTRY(c:3)]
2022-11-08 19:12:07,736 [s2-server-thread2] INFO  server.RaftServer$Division (RaftServerImpl.java:checkInconsistentAppendEntries(1602)) - s2@group-EA982605F2E5: Failed appendEntries as previous log entry ((t:2, i:0)) is not found
2022-11-08 19:12:07,736 [s2-server-thread2] INFO  server.RaftServer$Division (RaftServerImpl.java:checkInconsistentAppendEntries(1572)) - s2@group-EA982605F2E5: inconsistency entries. Reply:s1<-s2#378:FAIL-t2,INCONSISTENCY,nextIndex=0,followerCommit=0,matchIndex=-1
2022-11-08 19:12:07,737 [grpc-default-executor-0] INFO  leader.FollowerInfo (FollowerInfoImpl.java:lambda$new$0(48)) - s1@group-EA982605F2E5->s2: nextIndex: updateUnconditionally 5 -> 0
2022-11-08 19:12:07,738 [s2-server-thread2] DEBUG server.RaftServer$Division (RaftServerImpl.java:logAppendEntries(1421)) - s2@group-EA982605F2E5: receive appendEntries(s1, 2, null, 4, true, commits:[s1:c4, s0:c4, s2:c0], cId:379, entries: [(t:2, i:0), CONFIGURATIONENTRY(current:id: "s0"
address: "localhost:34297"
dataStreamAddress: "localhost:43983"
clientAddress: "localhost:39609"
adminAddress: "localhost:37077"
startupRole: FOLLOWER
,id: "s1"
address: "localhost:38917"
dataStreamAddress: "localhost:45719"
clientAddress: "localhost:36975"
adminAddress: "localhost:40635"
startupRole: FOLLOWER
,id: "s2"
address: "localhost:35511"
dataStreamAddress: "localhost:38827"
clientAddress: "localhost:42865"
adminAddress: "localhost:36791"
startupRole: FOLLOWER
, old:), (t:2, i:1), STATEMACHINELOGENTRY, 0@client-2EFB324ADA71, (t:2, i:2), METADATAENTRY(c:1), (t:2, i:3), STATEMACHINELOGENTRY, 999@client-AE8279CAF820, (t:2, i:4), METADATAENTRY(c:3)]
2022-11-08 19:12:07,738 [s2-server-thread2] INFO  server.RaftServer$Division (RaftServerImpl.java:checkInconsistentAppendEntries(1592)) - s2@group-EA982605F2E5: Failed appendEntries as the first entry (index 0) already exists (snapshotIndex: -1, commitIndex: 0)
2022-11-08 19:12:07,738 [s2-server-thread2] INFO  server.RaftServer$Division (RaftServerImpl.java:checkInconsistentAppendEntries(1572)) - s2@group-EA982605F2E5: inconsistency entries. Reply:s1<-s2#379:FAIL-t2,INCONSISTENCY,nextIndex=1,followerCommit=0,matchIndex=-1
2022-11-08 19:12:07,739 [grpc-default-executor-3] INFO  leader.FollowerInfo (FollowerInfoImpl.java:lambda$new$0(48)) - s1@group-EA982605F2E5->s2: nextIndex: updateUnconditionally 5 -> 1
2022-11-08 19:12:07,740 [s2-server-thread2] DEBUG server.RaftServer$Division (RaftServerImpl.java:logAppendEntries(1421)) - s2@group-EA982605F2E5: receive appendEntries(s1, 2, (t:2, i:0), 4, true, commits:[s1:c4, s0:c4, s2:c0], cId:380, entries: [(t:2, i:1), STATEMACHINELOGENTRY, 0@client-2EFB324ADA71, (t:2, i:2), METADATAENTRY(c:1), (t:2, i:3), STATEMACHINELOGENTRY, 999@client-AE8279CAF820, (t:2, i:4), METADATAENTRY(c:3)]
2022-11-08 19:12:07,740 [s2-server-thread2] INFO  server.RaftServer$Division (RaftServerImpl.java:checkInconsistentAppendEntries(1602)) - s2@group-EA982605F2E5: Failed appendEntries as previous log entry ((t:2, i:0)) is not found
2022-11-08 19:12:07,740 [s2-server-thread2] INFO  server.RaftServer$Division (RaftServerImpl.java:checkInconsistentAppendEntries(1572)) - s2@group-EA982605F2E5: inconsistency entries. Reply:s1<-s2#380:FAIL-t2,INCONSISTENCY,nextIndex=0,followerCommit=0,matchIndex=-1
2022-11-08 19:12:07,741 [grpc-default-executor-3] INFO  leader.FollowerInfo (FollowerInfoImpl.java:lambda$new$0(48)) - s1@group-EA982605F2E5->s2: nextIndex: updateUnconditionally 5 -> 0
2022-11-08 19:12:07,742 [s2-server-thread2] DEBUG server.RaftServer$Division (RaftServerImpl.java:logAppendEntries(1421)) - s2@group-EA982605F2E5: receive appendEntries(s1, 2, null, 4, true, commits:[s1:c4, s0:c4, s2:c0], cId:381, entries: [(t:2, i:0), CONFIGURATIONENTRY(current:id: "s0"
address: "localhost:34297"
dataStreamAddress: "localhost:43983"
clientAddress: "localhost:39609"
adminAddress: "localhost:37077"
startupRole: FOLLOWER
,id: "s1"
address: "localhost:38917"
dataStreamAddress: "localhost:45719"
clientAddress: "localhost:36975"
adminAddress: "localhost:40635"
startupRole: FOLLOWER
,id: "s2"
address: "localhost:35511"
dataStreamAddress: "localhost:38827"
clientAddress: "localhost:42865"
adminAddress: "localhost:36791"
startupRole: FOLLOWER
, old:), (t:2, i:1), STATEMACHINELOGENTRY, 0@client-2EFB324ADA71, (t:2, i:2), METADATAENTRY(c:1), (t:2, i:3), STATEMACHINELOGENTRY, 999@client-AE8279CAF820, (t:2, i:4), METADATAENTRY(c:3)]
2022-11-08 19:12:07,742 [s2-server-thread2] INFO  server.RaftServer$Division (RaftServerImpl.java:checkInconsistentAppendEntries(1592)) - s2@group-EA982605F2E5: Failed appendEntries as the first entry (index 0) already exists (snapshotIndex: -1, commitIndex: 0)
2022-11-08 19:12:07,743 [s2-server-thread2] INFO  server.RaftServer$Division (RaftServerImpl.java:checkInconsistentAppendEntries(1572)) - s2@group-EA982605F2E5: inconsistency entries. Reply:s1<-s2#381:FAIL-t2,INCONSISTENCY,nextIndex=1,followerCommit=0,matchIndex=-1
2022-11-08 19:12:07,743 [grpc-default-executor-3] INFO  leader.FollowerInfo (FollowerInfoImpl.java:lambda$new$0(48)) - s1@group-EA982605F2E5->s2: nextIndex: updateUnconditionally 5 -> 1
2022-11-08 19:12:07,744 [s2-server-thread2] DEBUG server.RaftServer$Division (RaftServerImpl.java:logAppendEntries(1421)) - s2@group-EA982605F2E5: receive appendEntries(s1, 2, (t:2, i:0), 4, true, commits:[s1:c4, s0:c4, s2:c0], cId:382, entries: [(t:2, i:1), STATEMACHINELOGENTRY, 0@client-2EFB324ADA71, (t:2, i:2), METADATAENTRY(c:1), (t:2, i:3), STATEMACHINELOGENTRY, 999@client-AE8279CAF820, (t:2, i:4), METADATAENTRY(c:3)]
2022-11-08 19:12:07,744 [s2-server-thread2] INFO  server.RaftServer$Division (RaftServerImpl.java:checkInconsistentAppendEntries(1602)) - s2@group-EA982605F2E5: Failed appendEntries as previous log entry ((t:2, i:0)) is not found
2022-11-08 19:12:07,744 [s2-server-thread2] INFO  server.RaftServer$Division (RaftServerImpl.java:checkInconsistentAppendEntries(1572)) - s2@group-EA982605F2E5: inconsistency entries. Reply:s1<-s2#382:FAIL-t2,INCONSISTENCY,nextIndex=0,followerCommit=0,matchIndex=-1
2022-11-08 19:12:07,745 [grpc-default-executor-3] INFO  leader.FollowerInfo (FollowerInfoImpl.java:lambda$new$0(48)) - s1@group-EA982605F2E5->s2: nextIndex: updateUnconditionally 5 -> 0
2022-11-08 19:12:07,746 [s2-server-thread2] DEBUG server.RaftServer$Division (RaftServerImpl.java:logAppendEntries(1421)) - s2@group-EA982605F2E5: receive appendEntries(s1, 2, null, 4, true, commits:[s1:c4, s0:c4, s2:c0], cId:383, entries: [(t:2, i:0), CONFIGURATIONENTRY(current:id: "s0"
address: "localhost:34297"
dataStreamAddress: "localhost:43983"
clientAddress: "localhost:39609"
adminAddress: "localhost:37077"
startupRole: FOLLOWER
,id: "s1"
address: "localhost:38917"
dataStreamAddress: "localhost:45719"
clientAddress: "localhost:36975"
adminAddress: "localhost:40635"
startupRole: FOLLOWER
,id: "s2"
address: "localhost:35511"
dataStreamAddress: "localhost:38827"
clientAddress: "localhost:42865"
adminAddress: "localhost:36791"
startupRole: FOLLOWER
, old:), (t:2, i:1), STATEMACHINELOGENTRY, 0@client-2EFB324ADA71, (t:2, i:2), METADATAENTRY(c:1), (t:2, i:3), STATEMACHINELOGENTRY, 999@client-AE8279CAF820, (t:2, i:4), METADATAENTRY(c:3)]
2022-11-08 19:12:07,746 [s2-server-thread2] INFO  server.RaftServer$Division (RaftServerImpl.java:checkInconsistentAppendEntries(1592)) - s2@group-EA982605F2E5: Failed appendEntries as the first entry (index 0) already exists (snapshotIndex: -1, commitIndex: 0)
2022-11-08 19:12:07,746 [s2-server-thread2] INFO  server.RaftServer$Division (RaftServerImpl.java:checkInconsistentAppendEntries(1572)) - s2@group-EA982605F2E5: inconsistency entries. Reply:s1<-s2#383:FAIL-t2,INCONSISTENCY,nextIndex=1,followerCommit=0,matchIndex=-1
2022-11-08 19:12:07,747 [grpc-default-executor-3] INFO  leader.FollowerInfo (FollowerInfoImpl.java:lambda$new$0(48)) - s1@group-EA982605F2E5->s2: nextIndex: updateUnconditionally 5 -> 1
2022-11-08 19:12:07,748 [s2-server-thread2] DEBUG server.RaftServer$Division (RaftServerImpl.java:logAppendEntries(1421)) - s2@group-EA982605F2E5: receive appendEntries(s1, 2, (t:2, i:0), 4, true, commits:[s1:c4, s0:c4, s2:c0], cId:384, entries: [(t:2, i:1), STATEMACHINELOGENTRY, 0@client-2EFB324ADA71, (t:2, i:2), METADATAENTRY(c:1), (t:2, i:3), STATEMACHINELOGENTRY, 999@client-AE8279CAF820, (t:2, i:4), METADATAENTRY(c:3)]
2022-11-08 19:12:07,748 [s2-server-thread2] INFO  server.RaftServer$Division (RaftServerImpl.java:checkInconsistentAppendEntries(1602)) - s2@group-EA982605F2E5: Failed appendEntries as previous log entry ((t:2, i:0)) is not found
2022-11-08 19:12:07,748 [s2-server-thread2] INFO  server.RaftServer$Division (RaftServerImpl.java:checkInconsistentAppendEntries(1572)) - s2@group-EA982605F2E5: inconsistency entries. Reply:s1<-s2#384:FAIL-t2,INCONSISTENCY,nextIndex=0,followerCommit=0,matchIndex=-1
2022-11-08 19:12:07,748 [grpc-default-executor-3] INFO  leader.FollowerInfo (FollowerInfoImpl.java:lambda$new$0(48)) - s1@group-EA982605F2E5->s2: nextIndex: updateUnconditionally 5 -> 0
2022-11-08 19:12:07,750 [s2-server-thread2] DEBUG server.RaftServer$Division (RaftServerImpl.java:logAppendEntries(1421)) - s2@group-EA982605F2E5: receive appendEntries(s1, 2, null, 4, true, commits:[s1:c4, s0:c4, s2:c0], cId:385, entries: [(t:2, i:0), CONFIGURATIONENTRY(current:id: "s0"
address: "localhost:34297"
dataStreamAddress: "localhost:43983"
clientAddress: "localhost:39609"
adminAddress: "localhost:37077"
startupRole: FOLLOWER
,id: "s1"
address: "localhost:38917"
dataStreamAddress: "localhost:45719"
clientAddress: "localhost:36975"
adminAddress: "localhost:40635"
startupRole: FOLLOWER
,id: "s2"
address: "localhost:35511"
dataStreamAddress: "localhost:38827"
clientAddress: "localhost:42865"
adminAddress: "localhost:36791"
startupRole: FOLLOWER
, old:), (t:2, i:1), STATEMACHINELOGENTRY, 0@client-2EFB324ADA71, (t:2, i:2), METADATAENTRY(c:1), (t:2, i:3), STATEMACHINELOGENTRY, 999@client-AE8279CAF820, (t:2, i:4), METADATAENTRY(c:3)]
2022-11-08 19:12:07,750 [s2-server-thread2] INFO  server.RaftServer$Division (RaftServerImpl.java:checkInconsistentAppendEntries(1592)) - s2@group-EA982605F2E5: Failed appendEntries as the first entry (index 0) already exists (snapshotIndex: -1, commitIndex: 0)
2022-11-08 19:12:07,750 [s2-server-thread2] INFO  server.RaftServer$Division (RaftServerImpl.java:checkInconsistentAppendEntries(1572)) - s2@group-EA982605F2E5: inconsistency entries. Reply:s1<-s2#385:FAIL-t2,INCONSISTENCY,nextIndex=1,followerCommit=0,matchIndex=-1
2022-11-08 19:12:07,750 [grpc-default-executor-3] INFO  leader.FollowerInfo (FollowerInfoImpl.java:lambda$new$0(48)) - s1@group-EA982605F2E5->s2: nextIndex: updateUnconditionally 5 -> 1
2022-11-08 19:12:07,751 [s2-server-thread2] DEBUG server.RaftServer$Division (RaftServerImpl.java:logAppendEntries(1421)) - s2@group-EA982605F2E5: receive appendEntries(s1, 2, (t:2, i:0), 4, true, commits:[s1:c4, s0:c4, s2:c0], cId:386, entries: [(t:2, i:1), STATEMACHINELOGENTRY, 0@client-2EFB324ADA71, (t:2, i:2), METADATAENTRY(c:1), (t:2, i:3), STATEMACHINELOGENTRY, 999@client-AE8279CAF820, (t:2, i:4), METADATAENTRY(c:3)]
2022-11-08 19:12:07,752 [s2-server-thread2] INFO  server.RaftServer$Division (RaftServerImpl.java:checkInconsistentAppendEntries(1602)) - s2@group-EA982605F2E5: Failed appendEntries as previous log entry ((t:2, i:0)) is not found
2022-11-08 19:12:07,752 [s2-server-thread2] INFO  server.RaftServer$Division (RaftServerImpl.java:checkInconsistentAppendEntries(1572)) - s2@group-EA982605F2E5: inconsistency entries. Reply:s1<-s2#386:FAIL-t2,INCONSISTENCY,nextIndex=0,followerCommit=0,matchIndex=-1
2022-11-08 19:12:07,752 [grpc-default-executor-3] INFO  leader.FollowerInfo (FollowerInfoImpl.java:lambda$new$0(48)) - s1@group-EA982605F2E5->s2: nextIndex: updateUnconditionally 5 -> 0
2022-11-08 19:12:07,754 [s2-server-thread2] DEBUG server.RaftServer$Division (RaftServerImpl.java:logAppendEntries(1421)) - s2@group-EA982605F2E5: receive appendEntries(s1, 2, null, 4, true, commits:[s1:c4, s0:c4, s2:c0], cId:387, entries: [(t:2, i:0), CONFIGURATIONENTRY(current:id: "s0"
address: "localhost:34297"
dataStreamAddress: "localhost:43983"
clientAddress: "localhost:39609"
adminAddress: "localhost:37077"
startupRole: FOLLOWER
,id: "s1"
address: "localhost:38917"
dataStreamAddress: "localhost:45719"
clientAddress: "localhost:36975"
adminAddress: "localhost:40635"
startupRole: FOLLOWER
,id: "s2"
address: "localhost:35511"
dataStreamAddress: "localhost:38827"
clientAddress: "localhost:42865"
adminAddress: "localhost:36791"
startupRole: FOLLOWER
, old:), (t:2, i:1), STATEMACHINELOGENTRY, 0@client-2EFB324ADA71, (t:2, i:2), METADATAENTRY(c:1), (t:2, i:3), STATEMACHINELOGENTRY, 999@client-AE8279CAF820, (t:2, i:4), METADATAENTRY(c:3)]
2022-11-08 19:12:07,754 [s2-server-thread2] INFO  server.RaftServer$Division (RaftServerImpl.java:checkInconsistentAppendEntries(1592)) - s2@group-EA982605F2E5: Failed appendEntries as the first entry (index 0) already exists (snapshotIndex: -1, commitIndex: 0)
2022-11-08 19:12:07,754 [s2-server-thread2] INFO  server.RaftServer$Division (RaftServerImpl.java:checkInconsistentAppendEntries(1572)) - s2@group-EA982605F2E5: inconsistency entries. Reply:s1<-s2#387:FAIL-t2,INCONSISTENCY,nextIndex=1,followerCommit=0,matchIndex=-1
2022-11-08 19:12:07,754 [grpc-default-executor-3] INFO  leader.FollowerInfo (FollowerInfoImpl.java:lambda$new$0(48)) - s1@group-EA982605F2E5->s2: nextIndex: updateUnconditionally 5 -> 1
2022-11-08 19:12:07,755 [s2-server-thread2] DEBUG server.RaftServer$Division (RaftServerImpl.java:logAppendEntries(1421)) - s2@group-EA982605F2E5: receive appendEntries(s1, 2, (t:2, i:0), 4, true, commits:[s1:c4, s0:c4, s2:c0], cId:388, entries: [(t:2, i:1), STATEMACHINELOGENTRY, 0@client-2EFB324ADA71, (t:2, i:2), METADATAENTRY(c:1), (t:2, i:3), STATEMACHINELOGENTRY, 999@client-AE8279CAF820, (t:2, i:4), METADATAENTRY(c:3)]
2022-11-08 19:12:07,756 [s2-server-thread2] INFO  server.RaftServer$Division (RaftServerImpl.java:checkInconsistentAppendEntries(1602)) - s2@group-EA982605F2E5: Failed appendEntries as previous log entry ((t:2, i:0)) is not found
2022-11-08 19:12:07,756 [s2-server-thread2] INFO  server.RaftServer$Division (RaftServerImpl.java:checkInconsistentAppendEntries(1572)) - s2@group-EA982605F2E5: inconsistency entries. Reply:s1<-s2#388:FAIL-t2,INCONSISTENCY,nextIndex=0,followerCommit=0,matchIndex=-1
2022-11-08 19:12:07,756 [grpc-default-executor-3] INFO  leader.FollowerInfo (FollowerInfoImpl.java:lambda$new$0(48)) - s1@group-EA982605F2E5->s2: nextIndex: updateUnconditionally 5 -> 0
2022-11-08 19:12:07,758 [s2-server-thread2] DEBUG server.RaftServer$Division (RaftServerImpl.java:logAppendEntries(1421)) - s2@group-EA982605F2E5: receive appendEntries(s1, 2, null, 4, true, commits:[s1:c4, s0:c4, s2:c0], cId:389, entries: [(t:2, i:0), CONFIGURATIONENTRY(current:id: "s0"
address: "localhost:34297"
dataStreamAddress: "localhost:43983"
clientAddress: "localhost:39609"
adminAddress: "localhost:37077"
startupRole: FOLLOWER
,id: "s1"
address: "localhost:38917"
dataStreamAddress: "localhost:45719"
clientAddress: "localhost:36975"
adminAddress: "localhost:40635"
startupRole: FOLLOWER
,id: "s2"
address: "localhost:35511"
dataStreamAddress: "localhost:38827"
clientAddress: "localhost:42865"
adminAddress: "localhost:36791"
startupRole: FOLLOWER
, old:), (t:2, i:1), STATEMACHINELOGENTRY, 0@client-2EFB324ADA71, (t:2, i:2), METADATAENTRY(c:1), (t:2, i:3), STATEMACHINELOGENTRY, 999@client-AE8279CAF820, (t:2, i:4), METADATAENTRY(c:3)]
2022-11-08 19:12:07,758 [s2-server-thread2] INFO  server.RaftServer$Division (RaftServerImpl.java:checkInconsistentAppendEntries(1592)) - s2@group-EA982605F2E5: Failed appendEntries as the first entry (index 0) already exists (snapshotIndex: -1, commitIndex: 0)
2022-11-08 19:12:07,758 [s2-server-thread2] INFO  server.RaftServer$Division (RaftServerImpl.java:checkInconsistentAppendEntries(1572)) - s2@group-EA982605F2E5: inconsistency entries. Reply:s1<-s2#389:FAIL-t2,INCONSISTENCY,nextIndex=1,followerCommit=0,matchIndex=-1
2022-11-08 19:12:07,758 [grpc-default-executor-3] INFO  leader.FollowerInfo (FollowerInfoImpl.java:lambda$new$0(48)) - s1@group-EA982605F2E5->s2: nextIndex: updateUnconditionally 5 -> 1
2022-11-08 19:12:07,759 [s2-server-thread2] DEBUG server.RaftServer$Division (RaftServerImpl.java:logAppendEntries(1421)) - s2@group-EA982605F2E5: receive appendEntries(s1, 2, (t:2, i:0), 4, true, commits:[s1:c4, s0:c4, s2:c0], cId:390, entries: [(t:2, i:1), STATEMACHINELOGENTRY, 0@client-2EFB324ADA71, (t:2, i:2), METADATAENTRY(c:1), (t:2, i:3), STATEMACHINELOGENTRY, 999@client-AE8279CAF820, (t:2, i:4), METADATAENTRY(c:3)]
2022-11-08 19:12:07,759 [s2-server-thread2] INFO  server.RaftServer$Division (RaftServerImpl.java:checkInconsistentAppendEntries(1602)) - s2@group-EA982605F2E5: Failed appendEntries as previous log entry ((t:2, i:0)) is not found
2022-11-08 19:12:07,760 [s2-server-thread2] INFO  server.RaftServer$Division (RaftServerImpl.java:checkInconsistentAppendEntries(1572)) - s2@group-EA982605F2E5: inconsistency entries. Reply:s1<-s2#390:FAIL-t2,INCONSISTENCY,nextIndex=0,followerCommit=0,matchIndex=-1
2022-11-08 19:12:07,760 [grpc-default-executor-3] INFO  leader.FollowerInfo (FollowerInfoImpl.java:lambda$new$0(48)) - s1@group-EA982605F2E5->s2: nextIndex: updateUnconditionally 5 -> 0
2022-11-08 19:12:07,761 [s2-server-thread2] DEBUG server.RaftServer$Division (RaftServerImpl.java:logAppendEntries(1421)) - s2@group-EA982605F2E5: receive appendEntries(s1, 2, null, 4, true, commits:[s1:c4, s0:c4, s2:c0], cId:391, entries: [(t:2, i:0), CONFIGURATIONENTRY(current:id: "s0"
address: "localhost:34297"
dataStreamAddress: "localhost:43983"
clientAddress: "localhost:39609"
adminAddress: "localhost:37077"
startupRole: FOLLOWER
,id: "s1"
address: "localhost:38917"
dataStreamAddress: "localhost:45719"
clientAddress: "localhost:36975"
adminAddress: "localhost:40635"
startupRole: FOLLOWER
,id: "s2"
address: "localhost:35511"
dataStreamAddress: "localhost:38827"
clientAddress: "localhost:42865"
adminAddress: "localhost:36791"
startupRole: FOLLOWER
, old:), (t:2, i:1), STATEMACHINELOGENTRY, 0@client-2EFB324ADA71, (t:2, i:2), METADATAENTRY(c:1), (t:2, i:3), STATEMACHINELOGENTRY, 999@client-AE8279CAF820, (t:2, i:4), METADATAENTRY(c:3)]
2022-11-08 19:12:07,761 [s2-server-thread2] INFO  server.RaftServer$Division (RaftServerImpl.java:checkInconsistentAppendEntries(1592)) - s2@group-EA982605F2E5: Failed appendEntries as the first entry (index 0) already exists (snapshotIndex: -1, commitIndex: 0)
2022-11-08 19:12:07,761 [s2-server-thread2] INFO  server.RaftServer$Division (RaftServerImpl.java:checkInconsistentAppendEntries(1572)) - s2@group-EA982605F2E5: inconsistency entries. Reply:s1<-s2#391:FAIL-t2,INCONSISTENCY,nextIndex=1,followerCommit=0,matchIndex=-1
2022-11-08 19:12:07,762 [grpc-default-executor-3] INFO  leader.FollowerInfo (FollowerInfoImpl.java:lambda$new$0(48)) - s1@group-EA982605F2E5->s2: nextIndex: updateUnconditionally 5 -> 1
2022-11-08 19:12:07,763 [s2-server-thread2] DEBUG server.RaftServer$Division (RaftServerImpl.java:logAppendEntries(1421)) - s2@group-EA982605F2E5: receive appendEntries(s1, 2, (t:2, i:0), 4, true, commits:[s1:c4, s0:c4, s2:c0], cId:392, entries: [(t:2, i:1), STATEMACHINELOGENTRY, 0@client-2EFB324ADA71, (t:2, i:2), METADATAENTRY(c:1), (t:2, i:3), STATEMACHINELOGENTRY, 999@client-AE8279CAF820, (t:2, i:4), METADATAENTRY(c:3)]
2022-11-08 19:12:07,763 [s2-server-thread2] INFO  server.RaftServer$Division (RaftServerImpl.java:checkInconsistentAppendEntries(1602)) - s2@group-EA982605F2E5: Failed appendEntries as previous log entry ((t:2, i:0)) is not found
2022-11-08 19:12:07,763 [s2-server-thread2] INFO  server.RaftServer$Division (RaftServerImpl.java:checkInconsistentAppendEntries(1572)) - s2@group-EA982605F2E5: inconsistency entries. Reply:s1<-s2#392:FAIL-t2,INCONSISTENCY,nextIndex=0,followerCommit=0,matchIndex=-1
2022-11-08 19:12:07,764 [grpc-default-executor-3] INFO  leader.FollowerInfo (FollowerInfoImpl.java:lambda$new$0(48)) - s1@group-EA982605F2E5->s2: nextIndex: updateUnconditionally 5 -> 0
2022-11-08 19:12:07,765 [s2-server-thread2] DEBUG server.RaftServer$Division (RaftServerImpl.java:logAppendEntries(1421)) - s2@group-EA982605F2E5: receive appendEntries(s1, 2, null, 4, true, commits:[s1:c4, s0:c4, s2:c0], cId:393, entries: [(t:2, i:0), CONFIGURATIONENTRY(current:id: "s0"
address: "localhost:34297"
dataStreamAddress: "localhost:43983"
clientAddress: "localhost:39609"
adminAddress: "localhost:37077"
startupRole: FOLLOWER
,id: "s1"
address: "localhost:38917"
dataStreamAddress: "localhost:45719"
clientAddress: "localhost:36975"
adminAddress: "localhost:40635"
startupRole: FOLLOWER
,id: "s2"
address: "localhost:35511"
dataStreamAddress: "localhost:38827"
clientAddress: "localhost:42865"
adminAddress: "localhost:36791"
startupRole: FOLLOWER
, old:), (t:2, i:1), STATEMACHINELOGENTRY, 0@client-2EFB324ADA71, (t:2, i:2), METADATAENTRY(c:1), (t:2, i:3), STATEMACHINELOGENTRY, 999@client-AE8279CAF820, (t:2, i:4), METADATAENTRY(c:3)]
2022-11-08 19:12:07,765 [s2-server-thread2] INFO  server.RaftServer$Division (RaftServerImpl.java:checkInconsistentAppendEntries(1592)) - s2@group-EA982605F2E5: Failed appendEntries as the first entry (index 0) already exists (snapshotIndex: -1, commitIndex: 0)
2022-11-08 19:12:07,765 [s2-server-thread2] INFO  server.RaftServer$Division (RaftServerImpl.java:checkInconsistentAppendEntries(1572)) - s2@group-EA982605F2E5: inconsistency entries. Reply:s1<-s2#393:FAIL-t2,INCONSISTENCY,nextIndex=1,followerCommit=0,matchIndex=-1
2022-11-08 19:12:07,766 [grpc-default-executor-3] INFO  leader.FollowerInfo (FollowerInfoImpl.java:lambda$new$0(48)) - s1@group-EA982605F2E5->s2: nextIndex: updateUnconditionally 5 -> 1
2022-11-08 19:12:07,767 [s2-server-thread2] DEBUG server.RaftServer$Division (RaftServerImpl.java:logAppendEntries(1421)) - s2@group-EA982605F2E5: receive appendEntries(s1, 2, (t:2, i:0), 4, true, commits:[s1:c4, s0:c4, s2:c0], cId:394, entries: [(t:2, i:1), STATEMACHINELOGENTRY, 0@client-2EFB324ADA71, (t:2, i:2), METADATAENTRY(c:1), (t:2, i:3), STATEMACHINELOGENTRY, 999@client-AE8279CAF820, (t:2, i:4), METADATAENTRY(c:3)]
2022-11-08 19:12:07,767 [s2-server-thread2] INFO  server.RaftServer$Division (RaftServerImpl.java:checkInconsistentAppendEntries(1602)) - s2@group-EA982605F2E5: Failed appendEntries as previous log entry ((t:2, i:0)) is not found
2022-11-08 19:12:07,767 [s2-server-thread2] INFO  server.RaftServer$Division (RaftServerImpl.java:checkInconsistentAppendEntries(1572)) - s2@group-EA982605F2E5: inconsistency entries. Reply:s1<-s2#394:FAIL-t2,INCONSISTENCY,nextIndex=0,followerCommit=0,matchIndex=-1
2022-11-08 19:12:07,768 [grpc-default-executor-3] INFO  leader.FollowerInfo (FollowerInfoImpl.java:lambda$new$0(48)) - s1@group-EA982605F2E5->s2: nextIndex: updateUnconditionally 5 -> 0
2022-11-08 19:12:07,769 [s2-server-thread2] DEBUG server.RaftServer$Division (RaftServerImpl.java:logAppendEntries(1421)) - s2@group-EA982605F2E5: receive appendEntries(s1, 2, null, 4, true, commits:[s1:c4, s0:c4, s2:c0], cId:395, entries: [(t:2, i:0), CONFIGURATIONENTRY(current:id: "s0"
address: "localhost:34297"
dataStreamAddress: "localhost:43983"
clientAddress: "localhost:39609"
adminAddress: "localhost:37077"
startupRole: FOLLOWER
,id: "s1"
address: "localhost:38917"
dataStreamAddress: "localhost:45719"
clientAddress: "localhost:36975"
adminAddress: "localhost:40635"
startupRole: FOLLOWER
,id: "s2"
address: "localhost:35511"
dataStreamAddress: "localhost:38827"
clientAddress: "localhost:42865"
adminAddress: "localhost:36791"
startupRole: FOLLOWER
, old:), (t:2, i:1), STATEMACHINELOGENTRY, 0@client-2EFB324ADA71, (t:2, i:2), METADATAENTRY(c:1), (t:2, i:3), STATEMACHINELOGENTRY, 999@client-AE8279CAF820, (t:2, i:4), METADATAENTRY(c:3)]
2022-11-08 19:12:07,769 [s2-server-thread2] INFO  server.RaftServer$Division (RaftServerImpl.java:checkInconsistentAppendEntries(1592)) - s2@group-EA982605F2E5: Failed appendEntries as the first entry (index 0) already exists (snapshotIndex: -1, commitIndex: 0)
2022-11-08 19:12:07,769 [s2-server-thread2] INFO  server.RaftServer$Division (RaftServerImpl.java:checkInconsistentAppendEntries(1572)) - s2@group-EA982605F2E5: inconsistency entries. Reply:s1<-s2#395:FAIL-t2,INCONSISTENCY,nextIndex=1,followerCommit=0,matchIndex=-1
2022-11-08 19:12:07,770 [grpc-default-executor-3] INFO  leader.FollowerInfo (FollowerInfoImpl.java:lambda$new$0(48)) - s1@group-EA982605F2E5->s2: nextIndex: updateUnconditionally 5 -> 1
2022-11-08 19:12:07,776 [s2-server-thread2] DEBUG server.RaftServer$Division (RaftServerImpl.java:logAppendEntries(1421)) - s2@group-EA982605F2E5: receive appendEntries(s1, 2, (t:2, i:0), 4, true, commits:[s1:c4, s0:c4, s2:c0], cId:396, entries: [(t:2, i:1), STATEMACHINELOGENTRY, 0@client-2EFB324ADA71, (t:2, i:2), METADATAENTRY(c:1), (t:2, i:3), STATEMACHINELOGENTRY, 999@client-AE8279CAF820, (t:2, i:4), METADATAENTRY(c:3)]
2022-11-08 19:12:07,776 [s2-server-thread2] INFO  server.RaftServer$Division (RaftServerImpl.java:checkInconsistentAppendEntries(1602)) - s2@group-EA982605F2E5: Failed appendEntries as previous log entry ((t:2, i:0)) is not found
2022-11-08 19:12:07,776 [s2-server-thread2] INFO  server.RaftServer$Division (RaftServerImpl.java:checkInconsistentAppendEntries(1572)) - s2@group-EA982605F2E5: inconsistency entries. Reply:s1<-s2#396:FAIL-t2,INCONSISTENCY,nextIndex=0,followerCommit=0,matchIndex=-1
2022-11-08 19:12:07,777 [grpc-default-executor-3] INFO  leader.FollowerInfo (FollowerInfoImpl.java:lambda$new$0(48)) - s1@group-EA982605F2E5->s2: nextIndex: updateUnconditionally 5 -> 0
2022-11-08 19:12:07,778 [s2-server-thread2] DEBUG server.RaftServer$Division (RaftServerImpl.java:logAppendEntries(1421)) - s2@group-EA982605F2E5: receive appendEntries(s1, 2, null, 4, true, commits:[s1:c4, s0:c4, s2:c0], cId:397, entries: [(t:2, i:0), CONFIGURATIONENTRY(current:id: "s0"
address: "localhost:34297"
dataStreamAddress: "localhost:43983"
clientAddress: "localhost:39609"
adminAddress: "localhost:37077"
startupRole: FOLLOWER
,id: "s1"
address: "localhost:38917"
dataStreamAddress: "localhost:45719"
clientAddress: "localhost:36975"
adminAddress: "localhost:40635"
startupRole: FOLLOWER
,id: "s2"
address: "localhost:35511"
dataStreamAddress: "localhost:38827"
clientAddress: "localhost:42865"
adminAddress: "localhost:36791"
startupRole: FOLLOWER
, old:), (t:2, i:1), STATEMACHINELOGENTRY, 0@client-2EFB324ADA71, (t:2, i:2), METADATAENTRY(c:1), (t:2, i:3), STATEMACHINELOGENTRY, 999@client-AE8279CAF820, (t:2, i:4), METADATAENTRY(c:3)]
2022-11-08 19:12:07,778 [s2-server-thread2] INFO  server.RaftServer$Division (RaftServerImpl.java:checkInconsistentAppendEntries(1592)) - s2@group-EA982605F2E5: Failed appendEntries as the first entry (index 0) already exists (snapshotIndex: -1, commitIndex: 0)
2022-11-08 19:12:07,778 [s2-server-thread2] INFO  server.RaftServer$Division (RaftServerImpl.java:checkInconsistentAppendEntries(1572)) - s2@group-EA982605F2E5: inconsistency entries. Reply:s1<-s2#397:FAIL-t2,INCONSISTENCY,nextIndex=1,followerCommit=0,matchIndex=-1
2022-11-08 19:12:07,778 [grpc-default-executor-3] INFO  leader.FollowerInfo (FollowerInfoImpl.java:lambda$new$0(48)) - s1@group-EA982605F2E5->s2: nextIndex: updateUnconditionally 5 -> 1
2022-11-08 19:12:07,779 [s2-server-thread2] DEBUG server.RaftServer$Division (RaftServerImpl.java:logAppendEntries(1421)) - s2@group-EA982605F2E5: receive appendEntries(s1, 2, (t:2, i:0), 4, true, commits:[s1:c4, s0:c4, s2:c0], cId:398, entries: [(t:2, i:1), STATEMACHINELOGENTRY, 0@client-2EFB324ADA71, (t:2, i:2), METADATAENTRY(c:1), (t:2, i:3), STATEMACHINELOGENTRY, 999@client-AE8279CAF820, (t:2, i:4), METADATAENTRY(c:3)]
2022-11-08 19:12:07,780 [s2-server-thread2] INFO  server.RaftServer$Division (RaftServerImpl.java:checkInconsistentAppendEntries(1602)) - s2@group-EA982605F2E5: Failed appendEntries as previous log entry ((t:2, i:0)) is not found
2022-11-08 19:12:07,780 [s2-server-thread2] INFO  server.RaftServer$Division (RaftServerImpl.java:checkInconsistentAppendEntries(1572)) - s2@group-EA982605F2E5: inconsistency entries. Reply:s1<-s2#398:FAIL-t2,INCONSISTENCY,nextIndex=0,followerCommit=0,matchIndex=-1
2022-11-08 19:12:07,780 [grpc-default-executor-3] INFO  leader.FollowerInfo (FollowerInfoImpl.java:lambda$new$0(48)) - s1@group-EA982605F2E5->s2: nextIndex: updateUnconditionally 5 -> 0
2022-11-08 19:12:07,781 [s2-server-thread2] DEBUG server.RaftServer$Division (RaftServerImpl.java:logAppendEntries(1421)) - s2@group-EA982605F2E5: receive appendEntries(s1, 2, null, 4, true, commits:[s1:c4, s0:c4, s2:c0], cId:399, entries: [(t:2, i:0), CONFIGURATIONENTRY(current:id: "s0"
address: "localhost:34297"
dataStreamAddress: "localhost:43983"
clientAddress: "localhost:39609"
adminAddress: "localhost:37077"
startupRole: FOLLOWER
,id: "s1"
address: "localhost:38917"
dataStreamAddress: "localhost:45719"
clientAddress: "localhost:36975"
adminAddress: "localhost:40635"
startupRole: FOLLOWER
,id: "s2"
address: "localhost:35511"
dataStreamAddress: "localhost:38827"
clientAddress: "localhost:42865"
adminAddress: "localhost:36791"
startupRole: FOLLOWER
, old:), (t:2, i:1), STATEMACHINELOGENTRY, 0@client-2EFB324ADA71, (t:2, i:2), METADATAENTRY(c:1), (t:2, i:3), STATEMACHINELOGENTRY, 999@client-AE8279CAF820, (t:2, i:4), METADATAENTRY(c:3)]
2022-11-08 19:12:07,782 [s2-server-thread2] INFO  server.RaftServer$Division (RaftServerImpl.java:checkInconsistentAppendEntries(1592)) - s2@group-EA982605F2E5: Failed appendEntries as the first entry (index 0) already exists (snapshotIndex: -1, commitIndex: 0)
2022-11-08 19:12:07,782 [s2-server-thread2] INFO  server.RaftServer$Division (RaftServerImpl.java:checkInconsistentAppendEntries(1572)) - s2@group-EA982605F2E5: inconsistency entries. Reply:s1<-s2#399:FAIL-t2,INCONSISTENCY,nextIndex=1,followerCommit=0,matchIndex=-1
2022-11-08 19:12:07,782 [grpc-default-executor-3] INFO  leader.FollowerInfo (FollowerInfoImpl.java:lambda$new$0(48)) - s1@group-EA982605F2E5->s2: nextIndex: updateUnconditionally 5 -> 1
2022-11-08 19:12:07,783 [s2-server-thread2] DEBUG server.RaftServer$Division (RaftServerImpl.java:logAppendEntries(1421)) - s2@group-EA982605F2E5: receive appendEntries(s1, 2, (t:2, i:0), 4, true, commits:[s1:c4, s0:c4, s2:c0], cId:400, entries: [(t:2, i:1), STATEMACHINELOGENTRY, 0@client-2EFB324ADA71, (t:2, i:2), METADATAENTRY(c:1), (t:2, i:3), STATEMACHINELOGENTRY, 999@client-AE8279CAF820, (t:2, i:4), METADATAENTRY(c:3)]
2022-11-08 19:12:07,783 [s2-server-thread2] INFO  server.RaftServer$Division (RaftServerImpl.java:checkInconsistentAppendEntries(1602)) - s2@group-EA982605F2E5: Failed appendEntries as previous log entry ((t:2, i:0)) is not found
2022-11-08 19:12:07,784 [s2-server-thread2] INFO  server.RaftServer$Division (RaftServerImpl.java:checkInconsistentAppendEntries(1572)) - s2@group-EA982605F2E5: inconsistency entries. Reply:s1<-s2#400:FAIL-t2,INCONSISTENCY,nextIndex=0,followerCommit=0,matchIndex=-1
2022-11-08 19:12:07,784 [grpc-default-executor-3] INFO  leader.FollowerInfo (FollowerInfoImpl.java:lambda$new$0(48)) - s1@group-EA982605F2E5->s2: nextIndex: updateUnconditionally 5 -> 0
2022-11-08 19:12:07,785 [s2-server-thread2] DEBUG server.RaftServer$Division (RaftServerImpl.java:logAppendEntries(1421)) - s2@group-EA982605F2E5: receive appendEntries(s1, 2, null, 4, true, commits:[s1:c4, s0:c4, s2:c0], cId:401, entries: [(t:2, i:0), CONFIGURATIONENTRY(current:id: "s0"
address: "localhost:34297"
dataStreamAddress: "localhost:43983"
clientAddress: "localhost:39609"
adminAddress: "localhost:37077"
startupRole: FOLLOWER
,id: "s1"
address: "localhost:38917"
dataStreamAddress: "localhost:45719"
clientAddress: "localhost:36975"
adminAddress: "localhost:40635"
startupRole: FOLLOWER
,id: "s2"
address: "localhost:35511"
dataStreamAddress: "localhost:38827"
clientAddress: "localhost:42865"
adminAddress: "localhost:36791"
startupRole: FOLLOWER
, old:), (t:2, i:1), STATEMACHINELOGENTRY, 0@client-2EFB324ADA71, (t:2, i:2), METADATAENTRY(c:1), (t:2, i:3), STATEMACHINELOGENTRY, 999@client-AE8279CAF820, (t:2, i:4), METADATAENTRY(c:3)]
2022-11-08 19:12:07,785 [s2-server-thread2] INFO  server.RaftServer$Division (RaftServerImpl.java:checkInconsistentAppendEntries(1592)) - s2@group-EA982605F2E5: Failed appendEntries as the first entry (index 0) already exists (snapshotIndex: -1, commitIndex: 0)
2022-11-08 19:12:07,785 [s2-server-thread2] INFO  server.RaftServer$Division (RaftServerImpl.java:checkInconsistentAppendEntries(1572)) - s2@group-EA982605F2E5: inconsistency entries. Reply:s1<-s2#401:FAIL-t2,INCONSISTENCY,nextIndex=1,followerCommit=0,matchIndex=-1
2022-11-08 19:12:07,786 [grpc-default-executor-3] INFO  leader.FollowerInfo (FollowerInfoImpl.java:lambda$new$0(48)) - s1@group-EA982605F2E5->s2: nextIndex: updateUnconditionally 5 -> 1
2022-11-08 19:12:07,787 [s2-server-thread2] DEBUG server.RaftServer$Division (RaftServerImpl.java:logAppendEntries(1421)) - s2@group-EA982605F2E5: receive appendEntries(s1, 2, (t:2, i:0), 4, true, commits:[s1:c4, s0:c4, s2:c0], cId:402, entries: [(t:2, i:1), STATEMACHINELOGENTRY, 0@client-2EFB324ADA71, (t:2, i:2), METADATAENTRY(c:1), (t:2, i:3), STATEMACHINELOGENTRY, 999@client-AE8279CAF820, (t:2, i:4), METADATAENTRY(c:3)]
2022-11-08 19:12:07,787 [s2-server-thread2] INFO  server.RaftServer$Division (RaftServerImpl.java:checkInconsistentAppendEntries(1602)) - s2@group-EA982605F2E5: Failed appendEntries as previous log entry ((t:2, i:0)) is not found
2022-11-08 19:12:07,787 [s2-server-thread2] INFO  server.RaftServer$Division (RaftServerImpl.java:checkInconsistentAppendEntries(1572)) - s2@group-EA982605F2E5: inconsistency entries. Reply:s1<-s2#402:FAIL-t2,INCONSISTENCY,nextIndex=0,followerCommit=0,matchIndex=-1
2022-11-08 19:12:07,787 [grpc-default-executor-3] INFO  leader.FollowerInfo (FollowerInfoImpl.java:lambda$new$0(48)) - s1@group-EA982605F2E5->s2: nextIndex: updateUnconditionally 5 -> 0
2022-11-08 19:12:07,789 [s2-server-thread2] DEBUG server.RaftServer$Division (RaftServerImpl.java:logAppendEntries(1421)) - s2@group-EA982605F2E5: receive appendEntries(s1, 2, null, 4, true, commits:[s1:c4, s0:c4, s2:c0], cId:403, entries: [(t:2, i:0), CONFIGURATIONENTRY(current:id: "s0"
address: "localhost:34297"
dataStreamAddress: "localhost:43983"
clientAddress: "localhost:39609"
adminAddress: "localhost:37077"
startupRole: FOLLOWER
,id: "s1"
address: "localhost:38917"
dataStreamAddress: "localhost:45719"
clientAddress: "localhost:36975"
adminAddress: "localhost:40635"
startupRole: FOLLOWER
,id: "s2"
address: "localhost:35511"
dataStreamAddress: "localhost:38827"
clientAddress: "localhost:42865"
adminAddress: "localhost:36791"
startupRole: FOLLOWER
, old:), (t:2, i:1), STATEMACHINELOGENTRY, 0@client-2EFB324ADA71, (t:2, i:2), METADATAENTRY(c:1), (t:2, i:3), STATEMACHINELOGENTRY, 999@client-AE8279CAF820, (t:2, i:4), METADATAENTRY(c:3)]
2022-11-08 19:12:07,789 [s2-server-thread2] INFO  server.RaftServer$Division (RaftServerImpl.java:checkInconsistentAppendEntries(1592)) - s2@group-EA982605F2E5: Failed appendEntries as the first entry (index 0) already exists (snapshotIndex: -1, commitIndex: 0)
2022-11-08 19:12:07,789 [s2-server-thread2] INFO  server.RaftServer$Division (RaftServerImpl.java:checkInconsistentAppendEntries(1572)) - s2@group-EA982605F2E5: inconsistency entries. Reply:s1<-s2#403:FAIL-t2,INCONSISTENCY,nextIndex=1,followerCommit=0,matchIndex=-1
2022-11-08 19:12:07,789 [grpc-default-executor-3] INFO  leader.FollowerInfo (FollowerInfoImpl.java:lambda$new$0(48)) - s1@group-EA982605F2E5->s2: nextIndex: updateUnconditionally 5 -> 1
2022-11-08 19:12:07,790 [s2-server-thread2] DEBUG server.RaftServer$Division (RaftServerImpl.java:logAppendEntries(1421)) - s2@group-EA982605F2E5: receive appendEntries(s1, 2, (t:2, i:0), 4, true, commits:[s1:c4, s0:c4, s2:c0], cId:404, entries: [(t:2, i:1), STATEMACHINELOGENTRY, 0@client-2EFB324ADA71, (t:2, i:2), METADATAENTRY(c:1), (t:2, i:3), STATEMACHINELOGENTRY, 999@client-AE8279CAF820, (t:2, i:4), METADATAENTRY(c:3)]
2022-11-08 19:12:07,790 [s2-server-thread2] INFO  server.RaftServer$Division (RaftServerImpl.java:checkInconsistentAppendEntries(1602)) - s2@group-EA982605F2E5: Failed appendEntries as previous log entry ((t:2, i:0)) is not found
2022-11-08 19:12:07,790 [s2-server-thread2] INFO  server.RaftServer$Division (RaftServerImpl.java:checkInconsistentAppendEntries(1572)) - s2@group-EA982605F2E5: inconsistency entries. Reply:s1<-s2#404:FAIL-t2,INCONSISTENCY,nextIndex=0,followerCommit=0,matchIndex=-1
2022-11-08 19:12:07,791 [grpc-default-executor-3] INFO  leader.FollowerInfo (FollowerInfoImpl.java:lambda$new$0(48)) - s1@group-EA982605F2E5->s2: nextIndex: updateUnconditionally 5 -> 0
2022-11-08 19:12:07,792 [s2-server-thread2] DEBUG server.RaftServer$Division (RaftServerImpl.java:logAppendEntries(1421)) - s2@group-EA982605F2E5: receive appendEntries(s1, 2, null, 4, true, commits:[s1:c4, s0:c4, s2:c0], cId:405, entries: [(t:2, i:0), CONFIGURATIONENTRY(current:id: "s0"
address: "localhost:34297"
dataStreamAddress: "localhost:43983"
clientAddress: "localhost:39609"
adminAddress: "localhost:37077"
startupRole: FOLLOWER
,id: "s1"
address: "localhost:38917"
dataStreamAddress: "localhost:45719"
clientAddress: "localhost:36975"
adminAddress: "localhost:40635"
startupRole: FOLLOWER
,id: "s2"
address: "localhost:35511"
dataStreamAddress: "localhost:38827"
clientAddress: "localhost:42865"
adminAddress: "localhost:36791"
startupRole: FOLLOWER
, old:), (t:2, i:1), STATEMACHINELOGENTRY, 0@client-2EFB324ADA71, (t:2, i:2), METADATAENTRY(c:1), (t:2, i:3), STATEMACHINELOGENTRY, 999@client-AE8279CAF820, (t:2, i:4), METADATAENTRY(c:3)]
2022-11-08 19:12:07,792 [s2-server-thread2] INFO  server.RaftServer$Division (RaftServerImpl.java:checkInconsistentAppendEntries(1592)) - s2@group-EA982605F2E5: Failed appendEntries as the first entry (index 0) already exists (snapshotIndex: -1, commitIndex: 0)
2022-11-08 19:12:07,792 [s2-server-thread2] INFO  server.RaftServer$Division (RaftServerImpl.java:checkInconsistentAppendEntries(1572)) - s2@group-EA982605F2E5: inconsistency entries. Reply:s1<-s2#405:FAIL-t2,INCONSISTENCY,nextIndex=1,followerCommit=0,matchIndex=-1
2022-11-08 19:12:07,793 [grpc-default-executor-3] INFO  leader.FollowerInfo (FollowerInfoImpl.java:lambda$new$0(48)) - s1@group-EA982605F2E5->s2: nextIndex: updateUnconditionally 5 -> 1
2022-11-08 19:12:07,794 [s2-server-thread2] DEBUG server.RaftServer$Division (RaftServerImpl.java:logAppendEntries(1421)) - s2@group-EA982605F2E5: receive appendEntries(s1, 2, (t:2, i:0), 4, true, commits:[s1:c4, s0:c4, s2:c0], cId:406, entries: [(t:2, i:1), STATEMACHINELOGENTRY, 0@client-2EFB324ADA71, (t:2, i:2), METADATAENTRY(c:1), (t:2, i:3), STATEMACHINELOGENTRY, 999@client-AE8279CAF820, (t:2, i:4), METADATAENTRY(c:3)]
2022-11-08 19:12:07,794 [s2-server-thread2] INFO  server.RaftServer$Division (RaftServerImpl.java:checkInconsistentAppendEntries(1602)) - s2@group-EA982605F2E5: Failed appendEntries as previous log entry ((t:2, i:0)) is not found
2022-11-08 19:12:07,794 [s2-server-thread2] INFO  server.RaftServer$Division (RaftServerImpl.java:checkInconsistentAppendEntries(1572)) - s2@group-EA982605F2E5: inconsistency entries. Reply:s1<-s2#406:FAIL-t2,INCONSISTENCY,nextIndex=0,followerCommit=0,matchIndex=-1
2022-11-08 19:12:07,794 [grpc-default-executor-3] INFO  leader.FollowerInfo (FollowerInfoImpl.java:lambda$new$0(48)) - s1@group-EA982605F2E5->s2: nextIndex: updateUnconditionally 5 -> 0
2022-11-08 19:12:07,795 [s2-server-thread2] DEBUG server.RaftServer$Division (RaftServerImpl.java:logAppendEntries(1421)) - s2@group-EA982605F2E5: receive appendEntries(s1, 2, null, 4, true, commits:[s1:c4, s0:c4, s2:c0], cId:407, entries: [(t:2, i:0), CONFIGURATIONENTRY(current:id: "s0"
address: "localhost:34297"
dataStreamAddress: "localhost:43983"
clientAddress: "localhost:39609"
adminAddress: "localhost:37077"
startupRole: FOLLOWER
,id: "s1"
address: "localhost:38917"
dataStreamAddress: "localhost:45719"
clientAddress: "localhost:36975"
adminAddress: "localhost:40635"
startupRole: FOLLOWER
,id: "s2"
address: "localhost:35511"
dataStreamAddress: "localhost:38827"
clientAddress: "localhost:42865"
adminAddress: "localhost:36791"
startupRole: FOLLOWER
, old:), (t:2, i:1), STATEMACHINELOGENTRY, 0@client-2EFB324ADA71, (t:2, i:2), METADATAENTRY(c:1), (t:2, i:3), STATEMACHINELOGENTRY, 999@client-AE8279CAF820, (t:2, i:4), METADATAENTRY(c:3)]
2022-11-08 19:12:07,796 [s2-server-thread2] INFO  server.RaftServer$Division (RaftServerImpl.java:checkInconsistentAppendEntries(1592)) - s2@group-EA982605F2E5: Failed appendEntries as the first entry (index 0) already exists (snapshotIndex: -1, commitIndex: 0)
2022-11-08 19:12:07,796 [s2-server-thread2] INFO  server.RaftServer$Division (RaftServerImpl.java:checkInconsistentAppendEntries(1572)) - s2@group-EA982605F2E5: inconsistency entries. Reply:s1<-s2#407:FAIL-t2,INCONSISTENCY,nextIndex=1,followerCommit=0,matchIndex=-1
2022-11-08 19:12:07,796 [grpc-default-executor-3] INFO  leader.FollowerInfo (FollowerInfoImpl.java:lambda$new$0(48)) - s1@group-EA982605F2E5->s2: nextIndex: updateUnconditionally 5 -> 1
2022-11-08 19:12:07,798 [s2-server-thread2] DEBUG server.RaftServer$Division (RaftServerImpl.java:logAppendEntries(1421)) - s2@group-EA982605F2E5: receive appendEntries(s1, 2, (t:2, i:0), 4, true, commits:[s1:c4, s0:c4, s2:c0], cId:408, entries: [(t:2, i:1), STATEMACHINELOGENTRY, 0@client-2EFB324ADA71, (t:2, i:2), METADATAENTRY(c:1), (t:2, i:3), STATEMACHINELOGENTRY, 999@client-AE8279CAF820, (t:2, i:4), METADATAENTRY(c:3)]
2022-11-08 19:12:07,798 [s2-server-thread2] INFO  server.RaftServer$Division (RaftServerImpl.java:checkInconsistentAppendEntries(1602)) - s2@group-EA982605F2E5: Failed appendEntries as previous log entry ((t:2, i:0)) is not found
2022-11-08 19:12:07,798 [s2-server-thread2] INFO  server.RaftServer$Division (RaftServerImpl.java:checkInconsistentAppendEntries(1572)) - s2@group-EA982605F2E5: inconsistency entries. Reply:s1<-s2#408:FAIL-t2,INCONSISTENCY,nextIndex=0,followerCommit=0,matchIndex=-1
2022-11-08 19:12:07,798 [grpc-default-executor-3] INFO  leader.FollowerInfo (FollowerInfoImpl.java:lambda$new$0(48)) - s1@group-EA982605F2E5->s2: nextIndex: updateUnconditionally 5 -> 0
2022-11-08 19:12:07,800 [s2-server-thread2] DEBUG server.RaftServer$Division (RaftServerImpl.java:logAppendEntries(1421)) - s2@group-EA982605F2E5: receive appendEntries(s1, 2, null, 4, true, commits:[s1:c4, s0:c4, s2:c0], cId:409, entries: [(t:2, i:0), CONFIGURATIONENTRY(current:id: "s0"
address: "localhost:34297"
dataStreamAddress: "localhost:43983"
clientAddress: "localhost:39609"
adminAddress: "localhost:37077"
startupRole: FOLLOWER
,id: "s1"
address: "localhost:38917"
dataStreamAddress: "localhost:45719"
clientAddress: "localhost:36975"
adminAddress: "localhost:40635"
startupRole: FOLLOWER
,id: "s2"
address: "localhost:35511"
dataStreamAddress: "localhost:38827"
clientAddress: "localhost:42865"
adminAddress: "localhost:36791"
startupRole: FOLLOWER
, old:), (t:2, i:1), STATEMACHINELOGENTRY, 0@client-2EFB324ADA71, (t:2, i:2), METADATAENTRY(c:1), (t:2, i:3), STATEMACHINELOGENTRY, 999@client-AE8279CAF820, (t:2, i:4), METADATAENTRY(c:3)]
2022-11-08 19:12:07,800 [s2-server-thread2] INFO  server.RaftServer$Division (RaftServerImpl.java:checkInconsistentAppendEntries(1592)) - s2@group-EA982605F2E5: Failed appendEntries as the first entry (index 0) already exists (snapshotIndex: -1, commitIndex: 0)
2022-11-08 19:12:07,800 [s2-server-thread2] INFO  server.RaftServer$Division (RaftServerImpl.java:checkInconsistentAppendEntries(1572)) - s2@group-EA982605F2E5: inconsistency entries. Reply:s1<-s2#409:FAIL-t2,INCONSISTENCY,nextIndex=1,followerCommit=0,matchIndex=-1
2022-11-08 19:12:07,801 [grpc-default-executor-3] INFO  leader.FollowerInfo (FollowerInfoImpl.java:lambda$new$0(48)) - s1@group-EA982605F2E5->s2: nextIndex: updateUnconditionally 5 -> 1
2022-11-08 19:12:07,802 [s2-server-thread2] DEBUG server.RaftServer$Division (RaftServerImpl.java:logAppendEntries(1421)) - s2@group-EA982605F2E5: receive appendEntries(s1, 2, (t:2, i:0), 4, true, commits:[s1:c4, s0:c4, s2:c0], cId:410, entries: [(t:2, i:1), STATEMACHINELOGENTRY, 0@client-2EFB324ADA71, (t:2, i:2), METADATAENTRY(c:1), (t:2, i:3), STATEMACHINELOGENTRY, 999@client-AE8279CAF820, (t:2, i:4), METADATAENTRY(c:3)]
2022-11-08 19:12:07,802 [s2-server-thread2] INFO  server.RaftServer$Division (RaftServerImpl.java:checkInconsistentAppendEntries(1602)) - s2@group-EA982605F2E5: Failed appendEntries as previous log entry ((t:2, i:0)) is not found
2022-11-08 19:12:07,802 [s2-server-thread2] INFO  server.RaftServer$Division (RaftServerImpl.java:checkInconsistentAppendEntries(1572)) - s2@group-EA982605F2E5: inconsistency entries. Reply:s1<-s2#410:FAIL-t2,INCONSISTENCY,nextIndex=0,followerCommit=0,matchIndex=-1
2022-11-08 19:12:07,802 [grpc-default-executor-3] INFO  leader.FollowerInfo (FollowerInfoImpl.java:lambda$new$0(48)) - s1@group-EA982605F2E5->s2: nextIndex: updateUnconditionally 5 -> 0
2022-11-08 19:12:07,809 [s2-server-thread2] DEBUG server.RaftServer$Division (RaftServerImpl.java:logAppendEntries(1421)) - s2@group-EA982605F2E5: receive appendEntries(s1, 2, null, 4, true, commits:[s1:c4, s0:c4, s2:c0], cId:411, entries: [(t:2, i:0), CONFIGURATIONENTRY(current:id: "s0"
address: "localhost:34297"
dataStreamAddress: "localhost:43983"
clientAddress: "localhost:39609"
adminAddress: "localhost:37077"
startupRole: FOLLOWER
,id: "s1"
address: "localhost:38917"
dataStreamAddress: "localhost:45719"
clientAddress: "localhost:36975"
adminAddress: "localhost:40635"
startupRole: FOLLOWER
,id: "s2"
address: "localhost:35511"
dataStreamAddress: "localhost:38827"
clientAddress: "localhost:42865"
adminAddress: "localhost:36791"
startupRole: FOLLOWER
, old:), (t:2, i:1), STATEMACHINELOGENTRY, 0@client-2EFB324ADA71, (t:2, i:2), METADATAENTRY(c:1), (t:2, i:3), STATEMACHINELOGENTRY, 999@client-AE8279CAF820, (t:2, i:4), METADATAENTRY(c:3)]
2022-11-08 19:12:07,809 [s2-server-thread2] INFO  server.RaftServer$Division (RaftServerImpl.java:checkInconsistentAppendEntries(1592)) - s2@group-EA982605F2E5: Failed appendEntries as the first entry (index 0) already exists (snapshotIndex: -1, commitIndex: 0)
2022-11-08 19:12:07,809 [s2-server-thread2] INFO  server.RaftServer$Division (RaftServerImpl.java:checkInconsistentAppendEntries(1572)) - s2@group-EA982605F2E5: inconsistency entries. Reply:s1<-s2#411:FAIL-t2,INCONSISTENCY,nextIndex=1,followerCommit=0,matchIndex=-1
2022-11-08 19:12:07,810 [grpc-default-executor-3] INFO  leader.FollowerInfo (FollowerInfoImpl.java:lambda$new$0(48)) - s1@group-EA982605F2E5->s2: nextIndex: updateUnconditionally 5 -> 1
2022-11-08 19:12:07,812 [s2-server-thread2] DEBUG server.RaftServer$Division (RaftServerImpl.java:logAppendEntries(1421)) - s2@group-EA982605F2E5: receive appendEntries(s1, 2, (t:2, i:0), 4, true, commits:[s1:c4, s0:c4, s2:c0], cId:412, entries: [(t:2, i:1), STATEMACHINELOGENTRY, 0@client-2EFB324ADA71, (t:2, i:2), METADATAENTRY(c:1), (t:2, i:3), STATEMACHINELOGENTRY, 999@client-AE8279CAF820, (t:2, i:4), METADATAENTRY(c:3)]
2022-11-08 19:12:07,812 [s2-server-thread2] INFO  server.RaftServer$Division (RaftServerImpl.java:checkInconsistentAppendEntries(1602)) - s2@group-EA982605F2E5: Failed appendEntries as previous log entry ((t:2, i:0)) is not found
2022-11-08 19:12:07,812 [s2-server-thread2] INFO  server.RaftServer$Division (RaftServerImpl.java:checkInconsistentAppendEntries(1572)) - s2@group-EA982605F2E5: inconsistency entries. Reply:s1<-s2#412:FAIL-t2,INCONSISTENCY,nextIndex=0,followerCommit=0,matchIndex=-1
2022-11-08 19:12:07,812 [grpc-default-executor-3] INFO  leader.FollowerInfo (FollowerInfoImpl.java:lambda$new$0(48)) - s1@group-EA982605F2E5->s2: nextIndex: updateUnconditionally 5 -> 0
2022-11-08 19:12:07,814 [s2-server-thread2] DEBUG server.RaftServer$Division (RaftServerImpl.java:logAppendEntries(1421)) - s2@group-EA982605F2E5: receive appendEntries(s1, 2, null, 4, true, commits:[s1:c4, s0:c4, s2:c0], cId:413, entries: [(t:2, i:0), CONFIGURATIONENTRY(current:id: "s0"
address: "localhost:34297"
dataStreamAddress: "localhost:43983"
clientAddress: "localhost:39609"
adminAddress: "localhost:37077"
startupRole: FOLLOWER
,id: "s1"
address: "localhost:38917"
dataStreamAddress: "localhost:45719"
clientAddress: "localhost:36975"
adminAddress: "localhost:40635"
startupRole: FOLLOWER
,id: "s2"
address: "localhost:35511"
dataStreamAddress: "localhost:38827"
clientAddress: "localhost:42865"
adminAddress: "localhost:36791"
startupRole: FOLLOWER
, old:), (t:2, i:1), STATEMACHINELOGENTRY, 0@client-2EFB324ADA71, (t:2, i:2), METADATAENTRY(c:1), (t:2, i:3), STATEMACHINELOGENTRY, 999@client-AE8279CAF820, (t:2, i:4), METADATAENTRY(c:3)]
2022-11-08 19:12:07,814 [s2-server-thread2] INFO  server.RaftServer$Division (RaftServerImpl.java:checkInconsistentAppendEntries(1592)) - s2@group-EA982605F2E5: Failed appendEntries as the first entry (index 0) already exists (snapshotIndex: -1, commitIndex: 0)
2022-11-08 19:12:07,815 [s2-server-thread2] INFO  server.RaftServer$Division (RaftServerImpl.java:checkInconsistentAppendEntries(1572)) - s2@group-EA982605F2E5: inconsistency entries. Reply:s1<-s2#413:FAIL-t2,INCONSISTENCY,nextIndex=1,followerCommit=0,matchIndex=-1
2022-11-08 19:12:07,816 [grpc-default-executor-0] INFO  leader.FollowerInfo (FollowerInfoImpl.java:lambda$new$0(48)) - s1@group-EA982605F2E5->s2: nextIndex: updateUnconditionally 5 -> 1
2022-11-08 19:12:07,817 [s2-server-thread2] DEBUG server.RaftServer$Division (RaftServerImpl.java:logAppendEntries(1421)) - s2@group-EA982605F2E5: receive appendEntries(s1, 2, (t:2, i:0), 4, true, commits:[s1:c4, s0:c4, s2:c0], cId:414, entries: [(t:2, i:1), STATEMACHINELOGENTRY, 0@client-2EFB324ADA71, (t:2, i:2), METADATAENTRY(c:1), (t:2, i:3), STATEMACHINELOGENTRY, 999@client-AE8279CAF820, (t:2, i:4), METADATAENTRY(c:3)]
2022-11-08 19:12:07,817 [s2-server-thread2] INFO  server.RaftServer$Division (RaftServerImpl.java:checkInconsistentAppendEntries(1602)) - s2@group-EA982605F2E5: Failed appendEntries as previous log entry ((t:2, i:0)) is not found
2022-11-08 19:12:07,817 [s2-server-thread2] INFO  server.RaftServer$Division (RaftServerImpl.java:checkInconsistentAppendEntries(1572)) - s2@group-EA982605F2E5: inconsistency entries. Reply:s1<-s2#414:FAIL-t2,INCONSISTENCY,nextIndex=0,followerCommit=0,matchIndex=-1
2022-11-08 19:12:07,818 [grpc-default-executor-0] INFO  leader.FollowerInfo (FollowerInfoImpl.java:lambda$new$0(48)) - s1@group-EA982605F2E5->s2: nextIndex: updateUnconditionally 5 -> 0
2022-11-08 19:12:07,819 [s2-server-thread2] DEBUG server.RaftServer$Division (RaftServerImpl.java:logAppendEntries(1421)) - s2@group-EA982605F2E5: receive appendEntries(s1, 2, null, 4, true, commits:[s1:c4, s0:c4, s2:c0], cId:415, entries: [(t:2, i:0), CONFIGURATIONENTRY(current:id: "s0"
address: "localhost:34297"
dataStreamAddress: "localhost:43983"
clientAddress: "localhost:39609"
adminAddress: "localhost:37077"
startupRole: FOLLOWER
,id: "s1"
address: "localhost:38917"
dataStreamAddress: "localhost:45719"
clientAddress: "localhost:36975"
adminAddress: "localhost:40635"
startupRole: FOLLOWER
,id: "s2"
address: "localhost:35511"
dataStreamAddress: "localhost:38827"
clientAddress: "localhost:42865"
adminAddress: "localhost:36791"
startupRole: FOLLOWER
, old:), (t:2, i:1), STATEMACHINELOGENTRY, 0@client-2EFB324ADA71, (t:2, i:2), METADATAENTRY(c:1), (t:2, i:3), STATEMACHINELOGENTRY, 999@client-AE8279CAF820, (t:2, i:4), METADATAENTRY(c:3)]
2022-11-08 19:12:07,819 [s2-server-thread2] INFO  server.RaftServer$Division (RaftServerImpl.java:checkInconsistentAppendEntries(1592)) - s2@group-EA982605F2E5: Failed appendEntries as the first entry (index 0) already exists (snapshotIndex: -1, commitIndex: 0)
2022-11-08 19:12:07,819 [s2-server-thread2] INFO  server.RaftServer$Division (RaftServerImpl.java:checkInconsistentAppendEntries(1572)) - s2@group-EA982605F2E5: inconsistency entries. Reply:s1<-s2#415:FAIL-t2,INCONSISTENCY,nextIndex=1,followerCommit=0,matchIndex=-1
2022-11-08 19:12:07,819 [grpc-default-executor-0] INFO  leader.FollowerInfo (FollowerInfoImpl.java:lambda$new$0(48)) - s1@group-EA982605F2E5->s2: nextIndex: updateUnconditionally 5 -> 1
2022-11-08 19:12:07,820 [s2-server-thread2] DEBUG server.RaftServer$Division (RaftServerImpl.java:logAppendEntries(1421)) - s2@group-EA982605F2E5: receive appendEntries(s1, 2, (t:2, i:0), 4, true, commits:[s1:c4, s0:c4, s2:c0], cId:416, entries: [(t:2, i:1), STATEMACHINELOGENTRY, 0@client-2EFB324ADA71, (t:2, i:2), METADATAENTRY(c:1), (t:2, i:3), STATEMACHINELOGENTRY, 999@client-AE8279CAF820, (t:2, i:4), METADATAENTRY(c:3)]
2022-11-08 19:12:07,821 [s2-server-thread2] INFO  server.RaftServer$Division (RaftServerImpl.java:checkInconsistentAppendEntries(1602)) - s2@group-EA982605F2E5: Failed appendEntries as previous log entry ((t:2, i:0)) is not found
2022-11-08 19:12:07,821 [s2-server-thread2] INFO  server.RaftServer$Division (RaftServerImpl.java:checkInconsistentAppendEntries(1572)) - s2@group-EA982605F2E5: inconsistency entries. Reply:s1<-s2#416:FAIL-t2,INCONSISTENCY,nextIndex=0,followerCommit=0,matchIndex=-1
2022-11-08 19:12:07,821 [grpc-default-executor-0] INFO  leader.FollowerInfo (FollowerInfoImpl.java:lambda$new$0(48)) - s1@group-EA982605F2E5->s2: nextIndex: updateUnconditionally 5 -> 0
2022-11-08 19:12:07,822 [s2-server-thread2] DEBUG server.RaftServer$Division (RaftServerImpl.java:logAppendEntries(1421)) - s2@group-EA982605F2E5: receive appendEntries(s1, 2, null, 4, true, commits:[s1:c4, s0:c4, s2:c0], cId:417, entries: [(t:2, i:0), CONFIGURATIONENTRY(current:id: "s0"
address: "localhost:34297"
dataStreamAddress: "localhost:43983"
clientAddress: "localhost:39609"
adminAddress: "localhost:37077"
startupRole: FOLLOWER
,id: "s1"
address: "localhost:38917"
dataStreamAddress: "localhost:45719"
clientAddress: "localhost:36975"
adminAddress: "localhost:40635"
startupRole: FOLLOWER
,id: "s2"
address: "localhost:35511"
dataStreamAddress: "localhost:38827"
clientAddress: "localhost:42865"
adminAddress: "localhost:36791"
startupRole: FOLLOWER
, old:), (t:2, i:1), STATEMACHINELOGENTRY, 0@client-2EFB324ADA71, (t:2, i:2), METADATAENTRY(c:1), (t:2, i:3), STATEMACHINELOGENTRY, 999@client-AE8279CAF820, (t:2, i:4), METADATAENTRY(c:3)]
2022-11-08 19:12:07,822 [s2-server-thread2] INFO  server.RaftServer$Division (RaftServerImpl.java:checkInconsistentAppendEntries(1592)) - s2@group-EA982605F2E5: Failed appendEntries as the first entry (index 0) already exists (snapshotIndex: -1, commitIndex: 0)
2022-11-08 19:12:07,823 [s2-server-thread2] INFO  server.RaftServer$Division (RaftServerImpl.java:checkInconsistentAppendEntries(1572)) - s2@group-EA982605F2E5: inconsistency entries. Reply:s1<-s2#417:FAIL-t2,INCONSISTENCY,nextIndex=1,followerCommit=0,matchIndex=-1
2022-11-08 19:12:07,823 [grpc-default-executor-0] INFO  leader.FollowerInfo (FollowerInfoImpl.java:lambda$new$0(48)) - s1@group-EA982605F2E5->s2: nextIndex: updateUnconditionally 5 -> 1
2022-11-08 19:12:07,824 [s2-server-thread2] DEBUG server.RaftServer$Division (RaftServerImpl.java:logAppendEntries(1421)) - s2@group-EA982605F2E5: receive appendEntries(s1, 2, (t:2, i:0), 4, true, commits:[s1:c4, s0:c4, s2:c0], cId:418, entries: [(t:2, i:1), STATEMACHINELOGENTRY, 0@client-2EFB324ADA71, (t:2, i:2), METADATAENTRY(c:1), (t:2, i:3), STATEMACHINELOGENTRY, 999@client-AE8279CAF820, (t:2, i:4), METADATAENTRY(c:3)]
2022-11-08 19:12:07,824 [s2-server-thread2] INFO  server.RaftServer$Division (RaftServerImpl.java:checkInconsistentAppendEntries(1602)) - s2@group-EA982605F2E5: Failed appendEntries as previous log entry ((t:2, i:0)) is not found
2022-11-08 19:12:07,824 [s2-server-thread2] INFO  server.RaftServer$Division (RaftServerImpl.java:checkInconsistentAppendEntries(1572)) - s2@group-EA982605F2E5: inconsistency entries. Reply:s1<-s2#418:FAIL-t2,INCONSISTENCY,nextIndex=0,followerCommit=0,matchIndex=-1
2022-11-08 19:12:07,825 [grpc-default-executor-0] INFO  leader.FollowerInfo (FollowerInfoImpl.java:lambda$new$0(48)) - s1@group-EA982605F2E5->s2: nextIndex: updateUnconditionally 5 -> 0
2022-11-08 19:12:07,826 [s2-server-thread2] DEBUG server.RaftServer$Division (RaftServerImpl.java:logAppendEntries(1421)) - s2@group-EA982605F2E5: receive appendEntries(s1, 2, null, 4, true, commits:[s1:c4, s0:c4, s2:c0], cId:419, entries: [(t:2, i:0), CONFIGURATIONENTRY(current:id: "s0"
address: "localhost:34297"
dataStreamAddress: "localhost:43983"
clientAddress: "localhost:39609"
adminAddress: "localhost:37077"
startupRole: FOLLOWER
,id: "s1"
address: "localhost:38917"
dataStreamAddress: "localhost:45719"
clientAddress: "localhost:36975"
adminAddress: "localhost:40635"
startupRole: FOLLOWER
,id: "s2"
address: "localhost:35511"
dataStreamAddress: "localhost:38827"
clientAddress: "localhost:42865"
adminAddress: "localhost:36791"
startupRole: FOLLOWER
, old:), (t:2, i:1), STATEMACHINELOGENTRY, 0@client-2EFB324ADA71, (t:2, i:2), METADATAENTRY(c:1), (t:2, i:3), STATEMACHINELOGENTRY, 999@client-AE8279CAF820, (t:2, i:4), METADATAENTRY(c:3)]
2022-11-08 19:12:07,826 [s2-server-thread2] INFO  server.RaftServer$Division (RaftServerImpl.java:checkInconsistentAppendEntries(1592)) - s2@group-EA982605F2E5: Failed appendEntries as the first entry (index 0) already exists (snapshotIndex: -1, commitIndex: 0)
2022-11-08 19:12:07,826 [s2-server-thread2] INFO  server.RaftServer$Division (RaftServerImpl.java:checkInconsistentAppendEntries(1572)) - s2@group-EA982605F2E5: inconsistency entries. Reply:s1<-s2#419:FAIL-t2,INCONSISTENCY,nextIndex=1,followerCommit=0,matchIndex=-1
2022-11-08 19:12:07,827 [grpc-default-executor-0] INFO  leader.FollowerInfo (FollowerInfoImpl.java:lambda$new$0(48)) - s1@group-EA982605F2E5->s2: nextIndex: updateUnconditionally 5 -> 1
2022-11-08 19:12:07,828 [s2-server-thread2] DEBUG server.RaftServer$Division (RaftServerImpl.java:logAppendEntries(1421)) - s2@group-EA982605F2E5: receive appendEntries(s1, 2, (t:2, i:0), 4, true, commits:[s1:c4, s0:c4, s2:c0], cId:420, entries: [(t:2, i:1), STATEMACHINELOGENTRY, 0@client-2EFB324ADA71, (t:2, i:2), METADATAENTRY(c:1), (t:2, i:3), STATEMACHINELOGENTRY, 999@client-AE8279CAF820, (t:2, i:4), METADATAENTRY(c:3)]
2022-11-08 19:12:07,828 [s2-server-thread2] INFO  server.RaftServer$Division (RaftServerImpl.java:checkInconsistentAppendEntries(1602)) - s2@group-EA982605F2E5: Failed appendEntries as previous log entry ((t:2, i:0)) is not found
2022-11-08 19:12:07,828 [s2-server-thread2] INFO  server.RaftServer$Division (RaftServerImpl.java:checkInconsistentAppendEntries(1572)) - s2@group-EA982605F2E5: inconsistency entries. Reply:s1<-s2#420:FAIL-t2,INCONSISTENCY,nextIndex=0,followerCommit=0,matchIndex=-1
2022-11-08 19:12:07,828 [grpc-default-executor-0] INFO  leader.FollowerInfo (FollowerInfoImpl.java:lambda$new$0(48)) - s1@group-EA982605F2E5->s2: nextIndex: updateUnconditionally 5 -> 0
2022-11-08 19:12:07,830 [s2-server-thread2] DEBUG server.RaftServer$Division (RaftServerImpl.java:logAppendEntries(1421)) - s2@group-EA982605F2E5: receive appendEntries(s1, 2, null, 4, true, commits:[s1:c4, s0:c4, s2:c0], cId:421, entries: [(t:2, i:0), CONFIGURATIONENTRY(current:id: "s0"
address: "localhost:34297"
dataStreamAddress: "localhost:43983"
clientAddress: "localhost:39609"
adminAddress: "localhost:37077"
startupRole: FOLLOWER
,id: "s1"
address: "localhost:38917"
dataStreamAddress: "localhost:45719"
clientAddress: "localhost:36975"
adminAddress: "localhost:40635"
startupRole: FOLLOWER
,id: "s2"
address: "localhost:35511"
dataStreamAddress: "localhost:38827"
clientAddress: "localhost:42865"
adminAddress: "localhost:36791"
startupRole: FOLLOWER
, old:), (t:2, i:1), STATEMACHINELOGENTRY, 0@client-2EFB324ADA71, (t:2, i:2), METADATAENTRY(c:1), (t:2, i:3), STATEMACHINELOGENTRY, 999@client-AE8279CAF820, (t:2, i:4), METADATAENTRY(c:3)]
2022-11-08 19:12:07,830 [s2-server-thread2] INFO  server.RaftServer$Division (RaftServerImpl.java:checkInconsistentAppendEntries(1592)) - s2@group-EA982605F2E5: Failed appendEntries as the first entry (index 0) already exists (snapshotIndex: -1, commitIndex: 0)
2022-11-08 19:12:07,830 [s2-server-thread2] INFO  server.RaftServer$Division (RaftServerImpl.java:checkInconsistentAppendEntries(1572)) - s2@group-EA982605F2E5: inconsistency entries. Reply:s1<-s2#421:FAIL-t2,INCONSISTENCY,nextIndex=1,followerCommit=0,matchIndex=-1
2022-11-08 19:12:07,830 [grpc-default-executor-0] INFO  leader.FollowerInfo (FollowerInfoImpl.java:lambda$new$0(48)) - s1@group-EA982605F2E5->s2: nextIndex: updateUnconditionally 5 -> 1
2022-11-08 19:12:07,831 [s2-server-thread2] DEBUG server.RaftServer$Division (RaftServerImpl.java:logAppendEntries(1421)) - s2@group-EA982605F2E5: receive appendEntries(s1, 2, (t:2, i:0), 4, true, commits:[s1:c4, s0:c4, s2:c0], cId:422, entries: [(t:2, i:1), STATEMACHINELOGENTRY, 0@client-2EFB324ADA71, (t:2, i:2), METADATAENTRY(c:1), (t:2, i:3), STATEMACHINELOGENTRY, 999@client-AE8279CAF820, (t:2, i:4), METADATAENTRY(c:3)]
2022-11-08 19:12:07,831 [s2-server-thread2] INFO  server.RaftServer$Division (RaftServerImpl.java:checkInconsistentAppendEntries(1602)) - s2@group-EA982605F2E5: Failed appendEntries as previous log entry ((t:2, i:0)) is not found
2022-11-08 19:12:07,831 [s2-server-thread2] INFO  server.RaftServer$Division (RaftServerImpl.java:checkInconsistentAppendEntries(1572)) - s2@group-EA982605F2E5: inconsistency entries. Reply:s1<-s2#422:FAIL-t2,INCONSISTENCY,nextIndex=0,followerCommit=0,matchIndex=-1
2022-11-08 19:12:07,832 [grpc-default-executor-0] INFO  leader.FollowerInfo (FollowerInfoImpl.java:lambda$new$0(48)) - s1@group-EA982605F2E5->s2: nextIndex: updateUnconditionally 5 -> 0
2022-11-08 19:12:07,833 [s2-server-thread2] DEBUG server.RaftServer$Division (RaftServerImpl.java:logAppendEntries(1421)) - s2@group-EA982605F2E5: receive appendEntries(s1, 2, null, 4, true, commits:[s1:c4, s0:c4, s2:c0], cId:423, entries: [(t:2, i:0), CONFIGURATIONENTRY(current:id: "s0"
address: "localhost:34297"
dataStreamAddress: "localhost:43983"
clientAddress: "localhost:39609"
adminAddress: "localhost:37077"
startupRole: FOLLOWER
,id: "s1"
address: "localhost:38917"
dataStreamAddress: "localhost:45719"
clientAddress: "localhost:36975"
adminAddress: "localhost:40635"
startupRole: FOLLOWER
,id: "s2"
address: "localhost:35511"
dataStreamAddress: "localhost:38827"
clientAddress: "localhost:42865"
adminAddress: "localhost:36791"
startupRole: FOLLOWER
, old:), (t:2, i:1), STATEMACHINELOGENTRY, 0@client-2EFB324ADA71, (t:2, i:2), METADATAENTRY(c:1), (t:2, i:3), STATEMACHINELOGENTRY, 999@client-AE8279CAF820, (t:2, i:4), METADATAENTRY(c:3)]
2022-11-08 19:12:07,833 [s2-server-thread2] INFO  server.RaftServer$Division (RaftServerImpl.java:checkInconsistentAppendEntries(1592)) - s2@group-EA982605F2E5: Failed appendEntries as the first entry (index 0) already exists (snapshotIndex: -1, commitIndex: 0)
2022-11-08 19:12:07,833 [s2-server-thread2] INFO  server.RaftServer$Division (RaftServerImpl.java:checkInconsistentAppendEntries(1572)) - s2@group-EA982605F2E5: inconsistency entries. Reply:s1<-s2#423:FAIL-t2,INCONSISTENCY,nextIndex=1,followerCommit=0,matchIndex=-1
2022-11-08 19:12:07,834 [grpc-default-executor-0] INFO  leader.FollowerInfo (FollowerInfoImpl.java:lambda$new$0(48)) - s1@group-EA982605F2E5->s2: nextIndex: updateUnconditionally 5 -> 1
2022-11-08 19:12:07,835 [s2-server-thread2] DEBUG server.RaftServer$Division (RaftServerImpl.java:logAppendEntries(1421)) - s2@group-EA982605F2E5: receive appendEntries(s1, 2, (t:2, i:0), 4, true, commits:[s1:c4, s0:c4, s2:c0], cId:424, entries: [(t:2, i:1), STATEMACHINELOGENTRY, 0@client-2EFB324ADA71, (t:2, i:2), METADATAENTRY(c:1), (t:2, i:3), STATEMACHINELOGENTRY, 999@client-AE8279CAF820, (t:2, i:4), METADATAENTRY(c:3)]
2022-11-08 19:12:07,835 [s2-server-thread2] INFO  server.RaftServer$Division (RaftServerImpl.java:checkInconsistentAppendEntries(1602)) - s2@group-EA982605F2E5: Failed appendEntries as previous log entry ((t:2, i:0)) is not found
2022-11-08 19:12:07,835 [s2-server-thread2] INFO  server.RaftServer$Division (RaftServerImpl.java:checkInconsistentAppendEntries(1572)) - s2@group-EA982605F2E5: inconsistency entries. Reply:s1<-s2#424:FAIL-t2,INCONSISTENCY,nextIndex=0,followerCommit=0,matchIndex=-1
2022-11-08 19:12:07,836 [grpc-default-executor-0] INFO  leader.FollowerInfo (FollowerInfoImpl.java:lambda$new$0(48)) - s1@group-EA982605F2E5->s2: nextIndex: updateUnconditionally 5 -> 0
2022-11-08 19:12:07,837 [s2-server-thread2] DEBUG server.RaftServer$Division (RaftServerImpl.java:logAppendEntries(1421)) - s2@group-EA982605F2E5: receive appendEntries(s1, 2, null, 4, true, commits:[s1:c4, s0:c4, s2:c0], cId:425, entries: [(t:2, i:0), CONFIGURATIONENTRY(current:id: "s0"
address: "localhost:34297"
dataStreamAddress: "localhost:43983"
clientAddress: "localhost:39609"
adminAddress: "localhost:37077"
startupRole: FOLLOWER
,id: "s1"
address: "localhost:38917"
dataStreamAddress: "localhost:45719"
clientAddress: "localhost:36975"
adminAddress: "localhost:40635"
startupRole: FOLLOWER
,id: "s2"
address: "localhost:35511"
dataStreamAddress: "localhost:38827"
clientAddress: "localhost:42865"
adminAddress: "localhost:36791"
startupRole: FOLLOWER
, old:), (t:2, i:1), STATEMACHINELOGENTRY, 0@client-2EFB324ADA71, (t:2, i:2), METADATAENTRY(c:1), (t:2, i:3), STATEMACHINELOGENTRY, 999@client-AE8279CAF820, (t:2, i:4), METADATAENTRY(c:3)]
2022-11-08 19:12:07,837 [s2-server-thread2] INFO  server.RaftServer$Division (RaftServerImpl.java:checkInconsistentAppendEntries(1592)) - s2@group-EA982605F2E5: Failed appendEntries as the first entry (index 0) already exists (snapshotIndex: -1, commitIndex: 0)
2022-11-08 19:12:07,837 [s2-server-thread2] INFO  server.RaftServer$Division (RaftServerImpl.java:checkInconsistentAppendEntries(1572)) - s2@group-EA982605F2E5: inconsistency entries. Reply:s1<-s2#425:FAIL-t2,INCONSISTENCY,nextIndex=1,followerCommit=0,matchIndex=-1
2022-11-08 19:12:07,837 [grpc-default-executor-0] INFO  leader.FollowerInfo (FollowerInfoImpl.java:lambda$new$0(48)) - s1@group-EA982605F2E5->s2: nextIndex: updateUnconditionally 5 -> 1
2022-11-08 19:12:07,838 [s2-server-thread2] DEBUG server.RaftServer$Division (RaftServerImpl.java:logAppendEntries(1421)) - s2@group-EA982605F2E5: receive appendEntries(s1, 2, (t:2, i:0), 4, true, commits:[s1:c4, s0:c4, s2:c0], cId:426, entries: [(t:2, i:1), STATEMACHINELOGENTRY, 0@client-2EFB324ADA71, (t:2, i:2), METADATAENTRY(c:1), (t:2, i:3), STATEMACHINELOGENTRY, 999@client-AE8279CAF820, (t:2, i:4), METADATAENTRY(c:3)]
2022-11-08 19:12:07,838 [s2-server-thread2] INFO  server.RaftServer$Division (RaftServerImpl.java:checkInconsistentAppendEntries(1602)) - s2@group-EA982605F2E5: Failed appendEntries as previous log entry ((t:2, i:0)) is not found
2022-11-08 19:12:07,838 [s2-server-thread2] INFO  server.RaftServer$Division (RaftServerImpl.java:checkInconsistentAppendEntries(1572)) - s2@group-EA982605F2E5: inconsistency entries. Reply:s1<-s2#426:FAIL-t2,INCONSISTENCY,nextIndex=0,followerCommit=0,matchIndex=-1
2022-11-08 19:12:07,839 [grpc-default-executor-0] INFO  leader.FollowerInfo (FollowerInfoImpl.java:lambda$new$0(48)) - s1@group-EA982605F2E5->s2: nextIndex: updateUnconditionally 5 -> 0
2022-11-08 19:12:07,840 [s2-server-thread2] DEBUG server.RaftServer$Division (RaftServerImpl.java:logAppendEntries(1421)) - s2@group-EA982605F2E5: receive appendEntries(s1, 2, null, 4, true, commits:[s1:c4, s0:c4, s2:c0], cId:427, entries: [(t:2, i:0), CONFIGURATIONENTRY(current:id: "s0"
address: "localhost:34297"
dataStreamAddress: "localhost:43983"
clientAddress: "localhost:39609"
adminAddress: "localhost:37077"
startupRole: FOLLOWER
,id: "s1"
address: "localhost:38917"
dataStreamAddress: "localhost:45719"
clientAddress: "localhost:36975"
adminAddress: "localhost:40635"
startupRole: FOLLOWER
,id: "s2"
address: "localhost:35511"
dataStreamAddress: "localhost:38827"
clientAddress: "localhost:42865"
adminAddress: "localhost:36791"
startupRole: FOLLOWER
, old:), (t:2, i:1), STATEMACHINELOGENTRY, 0@client-2EFB324ADA71, (t:2, i:2), METADATAENTRY(c:1), (t:2, i:3), STATEMACHINELOGENTRY, 999@client-AE8279CAF820, (t:2, i:4), METADATAENTRY(c:3)]
2022-11-08 19:12:07,840 [s2-server-thread2] INFO  server.RaftServer$Division (RaftServerImpl.java:checkInconsistentAppendEntries(1592)) - s2@group-EA982605F2E5: Failed appendEntries as the first entry (index 0) already exists (snapshotIndex: -1, commitIndex: 0)
2022-11-08 19:12:07,840 [s2-server-thread2] INFO  server.RaftServer$Division (RaftServerImpl.java:checkInconsistentAppendEntries(1572)) - s2@group-EA982605F2E5: inconsistency entries. Reply:s1<-s2#427:FAIL-t2,INCONSISTENCY,nextIndex=1,followerCommit=0,matchIndex=-1
2022-11-08 19:12:07,841 [grpc-default-executor-0] INFO  leader.FollowerInfo (FollowerInfoImpl.java:lambda$new$0(48)) - s1@group-EA982605F2E5->s2: nextIndex: updateUnconditionally 5 -> 1
2022-11-08 19:12:07,842 [s2-server-thread2] DEBUG server.RaftServer$Division (RaftServerImpl.java:logAppendEntries(1421)) - s2@group-EA982605F2E5: receive appendEntries(s1, 2, (t:2, i:0), 4, true, commits:[s1:c4, s0:c4, s2:c0], cId:428, entries: [(t:2, i:1), STATEMACHINELOGENTRY, 0@client-2EFB324ADA71, (t:2, i:2), METADATAENTRY(c:1), (t:2, i:3), STATEMACHINELOGENTRY, 999@client-AE8279CAF820, (t:2, i:4), METADATAENTRY(c:3)]
2022-11-08 19:12:07,842 [s2-server-thread2] INFO  server.RaftServer$Division (RaftServerImpl.java:checkInconsistentAppendEntries(1602)) - s2@group-EA982605F2E5: Failed appendEntries as previous log entry ((t:2, i:0)) is not found
2022-11-08 19:12:07,842 [s2-server-thread2] INFO  server.RaftServer$Division (RaftServerImpl.java:checkInconsistentAppendEntries(1572)) - s2@group-EA982605F2E5: inconsistency entries. Reply:s1<-s2#428:FAIL-t2,INCONSISTENCY,nextIndex=0,followerCommit=0,matchIndex=-1
2022-11-08 19:12:07,842 [grpc-default-executor-0] INFO  leader.FollowerInfo (FollowerInfoImpl.java:lambda$new$0(48)) - s1@group-EA982605F2E5->s2: nextIndex: updateUnconditionally 5 -> 0
2022-11-08 19:12:07,844 [s2-server-thread2] DEBUG server.RaftServer$Division (RaftServerImpl.java:logAppendEntries(1421)) - s2@group-EA982605F2E5: receive appendEntries(s1, 2, null, 4, true, commits:[s1:c4, s0:c4, s2:c0], cId:429, entries: [(t:2, i:0), CONFIGURATIONENTRY(current:id: "s0"
address: "localhost:34297"
dataStreamAddress: "localhost:43983"
clientAddress: "localhost:39609"
adminAddress: "localhost:37077"
startupRole: FOLLOWER
,id: "s1"
address: "localhost:38917"
dataStreamAddress: "localhost:45719"
clientAddress: "localhost:36975"
adminAddress: "localhost:40635"
startupRole: FOLLOWER
,id: "s2"
address: "localhost:35511"
dataStreamAddress: "localhost:38827"
clientAddress: "localhost:42865"
adminAddress: "localhost:36791"
startupRole: FOLLOWER
, old:), (t:2, i:1), STATEMACHINELOGENTRY, 0@client-2EFB324ADA71, (t:2, i:2), METADATAENTRY(c:1), (t:2, i:3), STATEMACHINELOGENTRY, 999@client-AE8279CAF820, (t:2, i:4), METADATAENTRY(c:3)]
2022-11-08 19:12:07,844 [s2-server-thread2] INFO  server.RaftServer$Division (RaftServerImpl.java:checkInconsistentAppendEntries(1592)) - s2@group-EA982605F2E5: Failed appendEntries as the first entry (index 0) already exists (snapshotIndex: -1, commitIndex: 0)
2022-11-08 19:12:07,844 [s2-server-thread2] INFO  server.RaftServer$Division (RaftServerImpl.java:checkInconsistentAppendEntries(1572)) - s2@group-EA982605F2E5: inconsistency entries. Reply:s1<-s2#429:FAIL-t2,INCONSISTENCY,nextIndex=1,followerCommit=0,matchIndex=-1
2022-11-08 19:12:07,844 [grpc-default-executor-0] INFO  leader.FollowerInfo (FollowerInfoImpl.java:lambda$new$0(48)) - s1@group-EA982605F2E5->s2: nextIndex: updateUnconditionally 5 -> 1
2022-11-08 19:12:07,847 [s2-server-thread2] DEBUG server.RaftServer$Division (RaftServerImpl.java:logAppendEntries(1421)) - s2@group-EA982605F2E5: receive appendEntries(s1, 2, (t:2, i:0), 4, true, commits:[s1:c4, s0:c4, s2:c0], cId:430, entries: [(t:2, i:1), STATEMACHINELOGENTRY, 0@client-2EFB324ADA71, (t:2, i:2), METADATAENTRY(c:1), (t:2, i:3), STATEMACHINELOGENTRY, 999@client-AE8279CAF820, (t:2, i:4), METADATAENTRY(c:3)]
2022-11-08 19:12:07,847 [s2-server-thread2] INFO  server.RaftServer$Division (RaftServerImpl.java:checkInconsistentAppendEntries(1602)) - s2@group-EA982605F2E5: Failed appendEntries as previous log entry ((t:2, i:0)) is not found
2022-11-08 19:12:07,847 [s2-server-thread2] INFO  server.RaftServer$Division (RaftServerImpl.java:checkInconsistentAppendEntries(1572)) - s2@group-EA982605F2E5: inconsistency entries. Reply:s1<-s2#430:FAIL-t2,INCONSISTENCY,nextIndex=0,followerCommit=0,matchIndex=-1
2022-11-08 19:12:07,847 [grpc-default-executor-0] INFO  leader.FollowerInfo (FollowerInfoImpl.java:lambda$new$0(48)) - s1@group-EA982605F2E5->s2: nextIndex: updateUnconditionally 5 -> 0
2022-11-08 19:12:07,849 [s2-server-thread2] DEBUG server.RaftServer$Division (RaftServerImpl.java:logAppendEntries(1421)) - s2@group-EA982605F2E5: receive appendEntries(s1, 2, null, 4, true, commits:[s1:c4, s0:c4, s2:c0], cId:431, entries: [(t:2, i:0), CONFIGURATIONENTRY(current:id: "s0"
address: "localhost:34297"
dataStreamAddress: "localhost:43983"
clientAddress: "localhost:39609"
adminAddress: "localhost:37077"
startupRole: FOLLOWER
,id: "s1"
address: "localhost:38917"
dataStreamAddress: "localhost:45719"
clientAddress: "localhost:36975"
adminAddress: "localhost:40635"
startupRole: FOLLOWER
,id: "s2"
address: "localhost:35511"
dataStreamAddress: "localhost:38827"
clientAddress: "localhost:42865"
adminAddress: "localhost:36791"
startupRole: FOLLOWER
, old:), (t:2, i:1), STATEMACHINELOGENTRY, 0@client-2EFB324ADA71, (t:2, i:2), METADATAENTRY(c:1), (t:2, i:3), STATEMACHINELOGENTRY, 999@client-AE8279CAF820, (t:2, i:4), METADATAENTRY(c:3)]
2022-11-08 19:12:07,849 [s2-server-thread2] INFO  server.RaftServer$Division (RaftServerImpl.java:checkInconsistentAppendEntries(1592)) - s2@group-EA982605F2E5: Failed appendEntries as the first entry (index 0) already exists (snapshotIndex: -1, commitIndex: 0)
2022-11-08 19:12:07,849 [s2-server-thread2] INFO  server.RaftServer$Division (RaftServerImpl.java:checkInconsistentAppendEntries(1572)) - s2@group-EA982605F2E5: inconsistency entries. Reply:s1<-s2#431:FAIL-t2,INCONSISTENCY,nextIndex=1,followerCommit=0,matchIndex=-1
2022-11-08 19:12:07,849 [grpc-default-executor-0] INFO  leader.FollowerInfo (FollowerInfoImpl.java:lambda$new$0(48)) - s1@group-EA982605F2E5->s2: nextIndex: updateUnconditionally 5 -> 1
2022-11-08 19:12:07,850 [s2-server-thread2] DEBUG server.RaftServer$Division (RaftServerImpl.java:logAppendEntries(1421)) - s2@group-EA982605F2E5: receive appendEntries(s1, 2, (t:2, i:0), 4, true, commits:[s1:c4, s0:c4, s2:c0], cId:432, entries: [(t:2, i:1), STATEMACHINELOGENTRY, 0@client-2EFB324ADA71, (t:2, i:2), METADATAENTRY(c:1), (t:2, i:3), STATEMACHINELOGENTRY, 999@client-AE8279CAF820, (t:2, i:4), METADATAENTRY(c:3)]
2022-11-08 19:12:07,850 [s2-server-thread2] INFO  server.RaftServer$Division (RaftServerImpl.java:checkInconsistentAppendEntries(1602)) - s2@group-EA982605F2E5: Failed appendEntries as previous log entry ((t:2, i:0)) is not found
2022-11-08 19:12:07,851 [s2-server-thread2] INFO  server.RaftServer$Division (RaftServerImpl.java:checkInconsistentAppendEntries(1572)) - s2@group-EA982605F2E5: inconsistency entries. Reply:s1<-s2#432:FAIL-t2,INCONSISTENCY,nextIndex=0,followerCommit=0,matchIndex=-1
2022-11-08 19:12:07,851 [grpc-default-executor-0] INFO  leader.FollowerInfo (FollowerInfoImpl.java:lambda$new$0(48)) - s1@group-EA982605F2E5->s2: nextIndex: updateUnconditionally 5 -> 0
2022-11-08 19:12:07,852 [s2-server-thread2] DEBUG server.RaftServer$Division (RaftServerImpl.java:logAppendEntries(1421)) - s2@group-EA982605F2E5: receive appendEntries(s1, 2, null, 4, true, commits:[s1:c4, s0:c4, s2:c0], cId:433, entries: [(t:2, i:0), CONFIGURATIONENTRY(current:id: "s0"
address: "localhost:34297"
dataStreamAddress: "localhost:43983"
clientAddress: "localhost:39609"
adminAddress: "localhost:37077"
startupRole: FOLLOWER
,id: "s1"
address: "localhost:38917"
dataStreamAddress: "localhost:45719"
clientAddress: "localhost:36975"
adminAddress: "localhost:40635"
startupRole: FOLLOWER
,id: "s2"
address: "localhost:35511"
dataStreamAddress: "localhost:38827"
clientAddress: "localhost:42865"
adminAddress: "localhost:36791"
startupRole: FOLLOWER
, old:), (t:2, i:1), STATEMACHINELOGENTRY, 0@client-2EFB324ADA71, (t:2, i:2), METADATAENTRY(c:1), (t:2, i:3), STATEMACHINELOGENTRY, 999@client-AE8279CAF820, (t:2, i:4), METADATAENTRY(c:3)]
2022-11-08 19:12:07,852 [s2-server-thread2] INFO  server.RaftServer$Division (RaftServerImpl.java:checkInconsistentAppendEntries(1592)) - s2@group-EA982605F2E5: Failed appendEntries as the first entry (index 0) already exists (snapshotIndex: -1, commitIndex: 0)
2022-11-08 19:12:07,852 [s2-server-thread2] INFO  server.RaftServer$Division (RaftServerImpl.java:checkInconsistentAppendEntries(1572)) - s2@group-EA982605F2E5: inconsistency entries. Reply:s1<-s2#433:FAIL-t2,INCONSISTENCY,nextIndex=1,followerCommit=0,matchIndex=-1
2022-11-08 19:12:07,853 [grpc-default-executor-0] INFO  leader.FollowerInfo (FollowerInfoImpl.java:lambda$new$0(48)) - s1@group-EA982605F2E5->s2: nextIndex: updateUnconditionally 5 -> 1
2022-11-08 19:12:07,854 [s2-server-thread2] DEBUG server.RaftServer$Division (RaftServerImpl.java:logAppendEntries(1421)) - s2@group-EA982605F2E5: receive appendEntries(s1, 2, (t:2, i:0), 4, true, commits:[s1:c4, s0:c4, s2:c0], cId:434, entries: [(t:2, i:1), STATEMACHINELOGENTRY, 0@client-2EFB324ADA71, (t:2, i:2), METADATAENTRY(c:1), (t:2, i:3), STATEMACHINELOGENTRY, 999@client-AE8279CAF820, (t:2, i:4), METADATAENTRY(c:3)]
2022-11-08 19:12:07,854 [s2-server-thread2] INFO  server.RaftServer$Division (RaftServerImpl.java:checkInconsistentAppendEntries(1602)) - s2@group-EA982605F2E5: Failed appendEntries as previous log entry ((t:2, i:0)) is not found
2022-11-08 19:12:07,854 [s2-server-thread2] INFO  server.RaftServer$Division (RaftServerImpl.java:checkInconsistentAppendEntries(1572)) - s2@group-EA982605F2E5: inconsistency entries. Reply:s1<-s2#434:FAIL-t2,INCONSISTENCY,nextIndex=0,followerCommit=0,matchIndex=-1
2022-11-08 19:12:07,855 [grpc-default-executor-0] INFO  leader.FollowerInfo (FollowerInfoImpl.java:lambda$new$0(48)) - s1@group-EA982605F2E5->s2: nextIndex: updateUnconditionally 5 -> 0
2022-11-08 19:12:07,856 [s2-server-thread2] DEBUG server.RaftServer$Division (RaftServerImpl.java:logAppendEntries(1421)) - s2@group-EA982605F2E5: receive appendEntries(s1, 2, null, 4, true, commits:[s1:c4, s0:c4, s2:c0], cId:435, entries: [(t:2, i:0), CONFIGURATIONENTRY(current:id: "s0"
address: "localhost:34297"
dataStreamAddress: "localhost:43983"
clientAddress: "localhost:39609"
adminAddress: "localhost:37077"
startupRole: FOLLOWER
,id: "s1"
address: "localhost:38917"
dataStreamAddress: "localhost:45719"
clientAddress: "localhost:36975"
adminAddress: "localhost:40635"
startupRole: FOLLOWER
,id: "s2"
address: "localhost:35511"
dataStreamAddress: "localhost:38827"
clientAddress: "localhost:42865"
adminAddress: "localhost:36791"
startupRole: FOLLOWER
, old:), (t:2, i:1), STATEMACHINELOGENTRY, 0@client-2EFB324ADA71, (t:2, i:2), METADATAENTRY(c:1), (t:2, i:3), STATEMACHINELOGENTRY, 999@client-AE8279CAF820, (t:2, i:4), METADATAENTRY(c:3)]
2022-11-08 19:12:07,856 [s2-server-thread2] INFO  server.RaftServer$Division (RaftServerImpl.java:checkInconsistentAppendEntries(1592)) - s2@group-EA982605F2E5: Failed appendEntries as the first entry (index 0) already exists (snapshotIndex: -1, commitIndex: 0)
2022-11-08 19:12:07,856 [s2-server-thread2] INFO  server.RaftServer$Division (RaftServerImpl.java:checkInconsistentAppendEntries(1572)) - s2@group-EA982605F2E5: inconsistency entries. Reply:s1<-s2#435:FAIL-t2,INCONSISTENCY,nextIndex=1,followerCommit=0,matchIndex=-1
2022-11-08 19:12:07,856 [grpc-default-executor-0] INFO  leader.FollowerInfo (FollowerInfoImpl.java:lambda$new$0(48)) - s1@group-EA982605F2E5->s2: nextIndex: updateUnconditionally 5 -> 1
2022-11-08 19:12:07,857 [s2-server-thread2] DEBUG server.RaftServer$Division (RaftServerImpl.java:logAppendEntries(1421)) - s2@group-EA982605F2E5: receive appendEntries(s1, 2, (t:2, i:0), 4, true, commits:[s1:c4, s0:c4, s2:c0], cId:436, entries: [(t:2, i:1), STATEMACHINELOGENTRY, 0@client-2EFB324ADA71, (t:2, i:2), METADATAENTRY(c:1), (t:2, i:3), STATEMACHINELOGENTRY, 999@client-AE8279CAF820, (t:2, i:4), METADATAENTRY(c:3)]
2022-11-08 19:12:07,857 [s2-server-thread2] INFO  server.RaftServer$Division (RaftServerImpl.java:checkInconsistentAppendEntries(1602)) - s2@group-EA982605F2E5: Failed appendEntries as previous log entry ((t:2, i:0)) is not found
2022-11-08 19:12:07,857 [s2-server-thread2] INFO  server.RaftServer$Division (RaftServerImpl.java:checkInconsistentAppendEntries(1572)) - s2@group-EA982605F2E5: inconsistency entries. Reply:s1<-s2#436:FAIL-t2,INCONSISTENCY,nextIndex=0,followerCommit=0,matchIndex=-1
2022-11-08 19:12:07,858 [grpc-default-executor-0] INFO  leader.FollowerInfo (FollowerInfoImpl.java:lambda$new$0(48)) - s1@group-EA982605F2E5->s2: nextIndex: updateUnconditionally 5 -> 0
2022-11-08 19:12:07,859 [s2-server-thread2] DEBUG server.RaftServer$Division (RaftServerImpl.java:logAppendEntries(1421)) - s2@group-EA982605F2E5: receive appendEntries(s1, 2, null, 4, true, commits:[s1:c4, s0:c4, s2:c0], cId:437, entries: [(t:2, i:0), CONFIGURATIONENTRY(current:id: "s0"
address: "localhost:34297"
dataStreamAddress: "localhost:43983"
clientAddress: "localhost:39609"
adminAddress: "localhost:37077"
startupRole: FOLLOWER
,id: "s1"
address: "localhost:38917"
dataStreamAddress: "localhost:45719"
clientAddress: "localhost:36975"
adminAddress: "localhost:40635"
startupRole: FOLLOWER
,id: "s2"
address: "localhost:35511"
dataStreamAddress: "localhost:38827"
clientAddress: "localhost:42865"
adminAddress: "localhost:36791"
startupRole: FOLLOWER
, old:), (t:2, i:1), STATEMACHINELOGENTRY, 0@client-2EFB324ADA71, (t:2, i:2), METADATAENTRY(c:1), (t:2, i:3), STATEMACHINELOGENTRY, 999@client-AE8279CAF820, (t:2, i:4), METADATAENTRY(c:3)]
2022-11-08 19:12:07,859 [s2-server-thread2] INFO  server.RaftServer$Division (RaftServerImpl.java:checkInconsistentAppendEntries(1592)) - s2@group-EA982605F2E5: Failed appendEntries as the first entry (index 0) already exists (snapshotIndex: -1, commitIndex: 0)
2022-11-08 19:12:07,859 [s2-server-thread2] INFO  server.RaftServer$Division (RaftServerImpl.java:checkInconsistentAppendEntries(1572)) - s2@group-EA982605F2E5: inconsistency entries. Reply:s1<-s2#437:FAIL-t2,INCONSISTENCY,nextIndex=1,followerCommit=0,matchIndex=-1
2022-11-08 19:12:07,860 [grpc-default-executor-0] INFO  leader.FollowerInfo (FollowerInfoImpl.java:lambda$new$0(48)) - s1@group-EA982605F2E5->s2: nextIndex: updateUnconditionally 5 -> 1
2022-11-08 19:12:07,861 [s2-server-thread2] DEBUG server.RaftServer$Division (RaftServerImpl.java:logAppendEntries(1421)) - s2@group-EA982605F2E5: receive appendEntries(s1, 2, (t:2, i:0), 4, true, commits:[s1:c4, s0:c4, s2:c0], cId:438, entries: [(t:2, i:1), STATEMACHINELOGENTRY, 0@client-2EFB324ADA71, (t:2, i:2), METADATAENTRY(c:1), (t:2, i:3), STATEMACHINELOGENTRY, 999@client-AE8279CAF820, (t:2, i:4), METADATAENTRY(c:3)]
2022-11-08 19:12:07,861 [s2-server-thread2] INFO  server.RaftServer$Division (RaftServerImpl.java:checkInconsistentAppendEntries(1602)) - s2@group-EA982605F2E5: Failed appendEntries as previous log entry ((t:2, i:0)) is not found
2022-11-08 19:12:07,861 [s2-server-thread2] INFO  server.RaftServer$Division (RaftServerImpl.java:checkInconsistentAppendEntries(1572)) - s2@group-EA982605F2E5: inconsistency entries. Reply:s1<-s2#438:FAIL-t2,INCONSISTENCY,nextIndex=0,followerCommit=0,matchIndex=-1
2022-11-08 19:12:07,861 [grpc-default-executor-0] INFO  leader.FollowerInfo (FollowerInfoImpl.java:lambda$new$0(48)) - s1@group-EA982605F2E5->s2: nextIndex: updateUnconditionally 5 -> 0
2022-11-08 19:12:07,863 [s2-server-thread2] DEBUG server.RaftServer$Division (RaftServerImpl.java:logAppendEntries(1421)) - s2@group-EA982605F2E5: receive appendEntries(s1, 2, null, 4, true, commits:[s1:c4, s0:c4, s2:c0], cId:439, entries: [(t:2, i:0), CONFIGURATIONENTRY(current:id: "s0"
address: "localhost:34297"
dataStreamAddress: "localhost:43983"
clientAddress: "localhost:39609"
adminAddress: "localhost:37077"
startupRole: FOLLOWER
,id: "s1"
address: "localhost:38917"
dataStreamAddress: "localhost:45719"
clientAddress: "localhost:36975"
adminAddress: "localhost:40635"
startupRole: FOLLOWER
,id: "s2"
address: "localhost:35511"
dataStreamAddress: "localhost:38827"
clientAddress: "localhost:42865"
adminAddress: "localhost:36791"
startupRole: FOLLOWER
, old:), (t:2, i:1), STATEMACHINELOGENTRY, 0@client-2EFB324ADA71, (t:2, i:2), METADATAENTRY(c:1), (t:2, i:3), STATEMACHINELOGENTRY, 999@client-AE8279CAF820, (t:2, i:4), METADATAENTRY(c:3)]
2022-11-08 19:12:07,863 [s2-server-thread2] INFO  server.RaftServer$Division (RaftServerImpl.java:checkInconsistentAppendEntries(1592)) - s2@group-EA982605F2E5: Failed appendEntries as the first entry (index 0) already exists (snapshotIndex: -1, commitIndex: 0)
2022-11-08 19:12:07,863 [s2-server-thread2] INFO  server.RaftServer$Division (RaftServerImpl.java:checkInconsistentAppendEntries(1572)) - s2@group-EA982605F2E5: inconsistency entries. Reply:s1<-s2#439:FAIL-t2,INCONSISTENCY,nextIndex=1,followerCommit=0,matchIndex=-1
2022-11-08 19:12:07,863 [grpc-default-executor-0] INFO  leader.FollowerInfo (FollowerInfoImpl.java:lambda$new$0(48)) - s1@group-EA982605F2E5->s2: nextIndex: updateUnconditionally 5 -> 1
2022-11-08 19:12:07,864 [s2-server-thread2] DEBUG server.RaftServer$Division (RaftServerImpl.java:logAppendEntries(1421)) - s2@group-EA982605F2E5: receive appendEntries(s1, 2, (t:2, i:0), 4, true, commits:[s1:c4, s0:c4, s2:c0], cId:440, entries: [(t:2, i:1), STATEMACHINELOGENTRY, 0@client-2EFB324ADA71, (t:2, i:2), METADATAENTRY(c:1), (t:2, i:3), STATEMACHINELOGENTRY, 999@client-AE8279CAF820, (t:2, i:4), METADATAENTRY(c:3)]
2022-11-08 19:12:07,865 [s2-server-thread2] INFO  server.RaftServer$Division (RaftServerImpl.java:checkInconsistentAppendEntries(1602)) - s2@group-EA982605F2E5: Failed appendEntries as previous log entry ((t:2, i:0)) is not found
2022-11-08 19:12:07,865 [s2-server-thread2] INFO  server.RaftServer$Division (RaftServerImpl.java:checkInconsistentAppendEntries(1572)) - s2@group-EA982605F2E5: inconsistency entries. Reply:s1<-s2#440:FAIL-t2,INCONSISTENCY,nextIndex=0,followerCommit=0,matchIndex=-1
2022-11-08 19:12:07,865 [grpc-default-executor-0] INFO  leader.FollowerInfo (FollowerInfoImpl.java:lambda$new$0(48)) - s1@group-EA982605F2E5->s2: nextIndex: updateUnconditionally 5 -> 0
2022-11-08 19:12:07,866 [s2-server-thread2] DEBUG server.RaftServer$Division (RaftServerImpl.java:logAppendEntries(1421)) - s2@group-EA982605F2E5: receive appendEntries(s1, 2, null, 4, true, commits:[s1:c4, s0:c4, s2:c0], cId:441, entries: [(t:2, i:0), CONFIGURATIONENTRY(current:id: "s0"
address: "localhost:34297"
dataStreamAddress: "localhost:43983"
clientAddress: "localhost:39609"
adminAddress: "localhost:37077"
startupRole: FOLLOWER
,id: "s1"
address: "localhost:38917"
dataStreamAddress: "localhost:45719"
clientAddress: "localhost:36975"
adminAddress: "localhost:40635"
startupRole: FOLLOWER
,id: "s2"
address: "localhost:35511"
dataStreamAddress: "localhost:38827"
clientAddress: "localhost:42865"
adminAddress: "localhost:36791"
startupRole: FOLLOWER
, old:), (t:2, i:1), STATEMACHINELOGENTRY, 0@client-2EFB324ADA71, (t:2, i:2), METADATAENTRY(c:1), (t:2, i:3), STATEMACHINELOGENTRY, 999@client-AE8279CAF820, (t:2, i:4), METADATAENTRY(c:3)]
2022-11-08 19:12:07,866 [s2-server-thread2] INFO  server.RaftServer$Division (RaftServerImpl.java:checkInconsistentAppendEntries(1592)) - s2@group-EA982605F2E5: Failed appendEntries as the first entry (index 0) already exists (snapshotIndex: -1, commitIndex: 0)
2022-11-08 19:12:07,867 [s2-server-thread2] INFO  server.RaftServer$Division (RaftServerImpl.java:checkInconsistentAppendEntries(1572)) - s2@group-EA982605F2E5: inconsistency entries. Reply:s1<-s2#441:FAIL-t2,INCONSISTENCY,nextIndex=1,followerCommit=0,matchIndex=-1
2022-11-08 19:12:07,867 [grpc-default-executor-0] INFO  leader.FollowerInfo (FollowerInfoImpl.java:lambda$new$0(48)) - s1@group-EA982605F2E5->s2: nextIndex: updateUnconditionally 5 -> 1
2022-11-08 19:12:07,868 [Time-limited test] WARN  grpc.TestRaftStateMachineExceptionWithGrpc (JavaUtils.java:attempt(217)) - FAILED "GetRetryEntry", attempt #2/5: java.lang.AssertionError, sleep 1s and then retry.
java.lang.AssertionError
	at org.junit.Assert.fail(Assert.java:87)
	at org.junit.Assert.assertTrue(Assert.java:42)
	at org.junit.Assert.assertNotNull(Assert.java:713)
	at org.junit.Assert.assertNotNull(Assert.java:723)
	at org.apache.ratis.server.impl.RaftStateMachineExceptionTests.lambda$runTestRetryOnStateMachineException$0(RaftStateMachineExceptionTests.java:133)
	at org.apache.ratis.util.JavaUtils.attempt(JavaUtils.java:211)
	at org.apache.ratis.util.JavaUtils.attemptRepeatedly(JavaUtils.java:197)
	at org.apache.ratis.server.impl.RaftStateMachineExceptionTests.runTestRetryOnStateMachineException(RaftStateMachineExceptionTests.java:132)
	at org.apache.ratis.server.impl.MiniRaftCluster$Factory$Get.runWithNewCluster(MiniRaftCluster.java:141)
	at org.apache.ratis.server.impl.MiniRaftCluster$Factory$Get.runWithNewCluster(MiniRaftCluster.java:121)
	at org.apache.ratis.server.impl.RaftStateMachineExceptionTests.testRetryOnStateMachineException(RaftStateMachineExceptionTests.java:102)
	at java.base/jdk.internal.reflect.NativeMethodAccessorImpl.invoke0(Native Method)
	at java.base/jdk.internal.reflect.NativeMethodAccessorImpl.invoke(NativeMethodAccessorImpl.java:62)
	at java.base/jdk.internal.reflect.DelegatingMethodAccessorImpl.invoke(DelegatingMethodAccessorImpl.java:43)
	at java.base/java.lang.reflect.Method.invoke(Method.java:566)
	at org.junit.runners.model.FrameworkMethod$1.runReflectiveCall(FrameworkMethod.java:59)
	at org.junit.internal.runners.model.ReflectiveCallable.run(ReflectiveCallable.java:12)
	at org.junit.runners.model.FrameworkMethod.invokeExplosively(FrameworkMethod.java:56)
	at org.junit.internal.runners.statements.InvokeMethod.evaluate(InvokeMethod.java:17)
	at org.junit.internal.runners.statements.RunAfters.evaluate(RunAfters.java:27)
	at org.junit.internal.runners.statements.FailOnTimeout$CallableStatement.call(FailOnTimeout.java:299)
	at org.junit.internal.runners.statements.FailOnTimeout$CallableStatement.call(FailOnTimeout.java:293)
	at java.base/java.util.concurrent.FutureTask.run(FutureTask.java:264)
	at java.base/java.lang.Thread.run(Thread.java:829)
2022-11-08 19:12:07,869 [s2-server-thread2] DEBUG server.RaftServer$Division (RaftServerImpl.java:logAppendEntries(1421)) - s2@group-EA982605F2E5: receive appendEntries(s1, 2, (t:2, i:0), 4, true, commits:[s1:c4, s0:c4, s2:c0], cId:442, entries: [(t:2, i:1), STATEMACHINELOGENTRY, 0@client-2EFB324ADA71, (t:2, i:2), METADATAENTRY(c:1), (t:2, i:3), STATEMACHINELOGENTRY, 999@client-AE8279CAF820, (t:2, i:4), METADATAENTRY(c:3)]
2022-11-08 19:12:07,869 [s2-server-thread2] INFO  server.RaftServer$Division (RaftServerImpl.java:checkInconsistentAppendEntries(1602)) - s2@group-EA982605F2E5: Failed appendEntries as previous log entry ((t:2, i:0)) is not found
2022-11-08 19:12:07,869 [s2-server-thread2] INFO  server.RaftServer$Division (RaftServerImpl.java:checkInconsistentAppendEntries(1572)) - s2@group-EA982605F2E5: inconsistency entries. Reply:s1<-s2#442:FAIL-t2,INCONSISTENCY,nextIndex=0,followerCommit=0,matchIndex=-1
2022-11-08 19:12:07,869 [grpc-default-executor-0] INFO  leader.FollowerInfo (FollowerInfoImpl.java:lambda$new$0(48)) - s1@group-EA982605F2E5->s2: nextIndex: updateUnconditionally 5 -> 0
2022-11-08 19:12:07,870 [s2-server-thread2] DEBUG server.RaftServer$Division (RaftServerImpl.java:logAppendEntries(1421)) - s2@group-EA982605F2E5: receive appendEntries(s1, 2, null, 4, true, commits:[s1:c4, s0:c4, s2:c0], cId:443, entries: [(t:2, i:0), CONFIGURATIONENTRY(current:id: "s0"
address: "localhost:34297"
dataStreamAddress: "localhost:43983"
clientAddress: "localhost:39609"
adminAddress: "localhost:37077"
startupRole: FOLLOWER
,id: "s1"
address: "localhost:38917"
dataStreamAddress: "localhost:45719"
clientAddress: "localhost:36975"
adminAddress: "localhost:40635"
startupRole: FOLLOWER
,id: "s2"
address: "localhost:35511"
dataStreamAddress: "localhost:38827"
clientAddress: "localhost:42865"
adminAddress: "localhost:36791"
startupRole: FOLLOWER
, old:), (t:2, i:1), STATEMACHINELOGENTRY, 0@client-2EFB324ADA71, (t:2, i:2), METADATAENTRY(c:1), (t:2, i:3), STATEMACHINELOGENTRY, 999@client-AE8279CAF820, (t:2, i:4), METADATAENTRY(c:3)]
2022-11-08 19:12:07,870 [s2-server-thread2] INFO  server.RaftServer$Division (RaftServerImpl.java:checkInconsistentAppendEntries(1592)) - s2@group-EA982605F2E5: Failed appendEntries as the first entry (index 0) already exists (snapshotIndex: -1, commitIndex: 0)
2022-11-08 19:12:07,871 [s2-server-thread2] INFO  server.RaftServer$Division (RaftServerImpl.java:checkInconsistentAppendEntries(1572)) - s2@group-EA982605F2E5: inconsistency entries. Reply:s1<-s2#443:FAIL-t2,INCONSISTENCY,nextIndex=1,followerCommit=0,matchIndex=-1
2022-11-08 19:12:07,871 [grpc-default-executor-0] INFO  leader.FollowerInfo (FollowerInfoImpl.java:lambda$new$0(48)) - s1@group-EA982605F2E5->s2: nextIndex: updateUnconditionally 5 -> 1
2022-11-08 19:12:07,872 [s2-server-thread2] DEBUG server.RaftServer$Division (RaftServerImpl.java:logAppendEntries(1421)) - s2@group-EA982605F2E5: receive appendEntries(s1, 2, (t:2, i:0), 4, true, commits:[s1:c4, s0:c4, s2:c0], cId:444, entries: [(t:2, i:1), STATEMACHINELOGENTRY, 0@client-2EFB324ADA71, (t:2, i:2), METADATAENTRY(c:1), (t:2, i:3), STATEMACHINELOGENTRY, 999@client-AE8279CAF820, (t:2, i:4), METADATAENTRY(c:3)]
2022-11-08 19:12:07,872 [s2-server-thread2] INFO  server.RaftServer$Division (RaftServerImpl.java:checkInconsistentAppendEntries(1602)) - s2@group-EA982605F2E5: Failed appendEntries as previous log entry ((t:2, i:0)) is not found
2022-11-08 19:12:07,872 [s2-server-thread2] INFO  server.RaftServer$Division (RaftServerImpl.java:checkInconsistentAppendEntries(1572)) - s2@group-EA982605F2E5: inconsistency entries. Reply:s1<-s2#444:FAIL-t2,INCONSISTENCY,nextIndex=0,followerCommit=0,matchIndex=-1
2022-11-08 19:12:07,873 [grpc-default-executor-0] INFO  leader.FollowerInfo (FollowerInfoImpl.java:lambda$new$0(48)) - s1@group-EA982605F2E5->s2: nextIndex: updateUnconditionally 5 -> 0
2022-11-08 19:12:07,874 [s2-server-thread2] DEBUG server.RaftServer$Division (RaftServerImpl.java:logAppendEntries(1421)) - s2@group-EA982605F2E5: receive appendEntries(s1, 2, null, 4, true, commits:[s1:c4, s0:c4, s2:c0], cId:445, entries: [(t:2, i:0), CONFIGURATIONENTRY(current:id: "s0"
address: "localhost:34297"
dataStreamAddress: "localhost:43983"
clientAddress: "localhost:39609"
adminAddress: "localhost:37077"
startupRole: FOLLOWER
,id: "s1"
address: "localhost:38917"
dataStreamAddress: "localhost:45719"
clientAddress: "localhost:36975"
adminAddress: "localhost:40635"
startupRole: FOLLOWER
,id: "s2"
address: "localhost:35511"
dataStreamAddress: "localhost:38827"
clientAddress: "localhost:42865"
adminAddress: "localhost:36791"
startupRole: FOLLOWER
, old:), (t:2, i:1), STATEMACHINELOGENTRY, 0@client-2EFB324ADA71, (t:2, i:2), METADATAENTRY(c:1), (t:2, i:3), STATEMACHINELOGENTRY, 999@client-AE8279CAF820, (t:2, i:4), METADATAENTRY(c:3)]
2022-11-08 19:12:07,874 [s2-server-thread2] INFO  server.RaftServer$Division (RaftServerImpl.java:checkInconsistentAppendEntries(1592)) - s2@group-EA982605F2E5: Failed appendEntries as the first entry (index 0) already exists (snapshotIndex: -1, commitIndex: 0)
2022-11-08 19:12:07,874 [s2-server-thread2] INFO  server.RaftServer$Division (RaftServerImpl.java:checkInconsistentAppendEntries(1572)) - s2@group-EA982605F2E5: inconsistency entries. Reply:s1<-s2#445:FAIL-t2,INCONSISTENCY,nextIndex=1,followerCommit=0,matchIndex=-1
2022-11-08 19:12:07,875 [grpc-default-executor-0] INFO  leader.FollowerInfo (FollowerInfoImpl.java:lambda$new$0(48)) - s1@group-EA982605F2E5->s2: nextIndex: updateUnconditionally 5 -> 1
2022-11-08 19:12:07,876 [s2-server-thread2] DEBUG server.RaftServer$Division (RaftServerImpl.java:logAppendEntries(1421)) - s2@group-EA982605F2E5: receive appendEntries(s1, 2, (t:2, i:0), 4, true, commits:[s1:c4, s0:c4, s2:c0], cId:446, entries: [(t:2, i:1), STATEMACHINELOGENTRY, 0@client-2EFB324ADA71, (t:2, i:2), METADATAENTRY(c:1), (t:2, i:3), STATEMACHINELOGENTRY, 999@client-AE8279CAF820, (t:2, i:4), METADATAENTRY(c:3)]
2022-11-08 19:12:07,876 [s2-server-thread2] INFO  server.RaftServer$Division (RaftServerImpl.java:checkInconsistentAppendEntries(1602)) - s2@group-EA982605F2E5: Failed appendEntries as previous log entry ((t:2, i:0)) is not found
2022-11-08 19:12:07,876 [s2-server-thread2] INFO  server.RaftServer$Division (RaftServerImpl.java:checkInconsistentAppendEntries(1572)) - s2@group-EA982605F2E5: inconsistency entries. Reply:s1<-s2#446:FAIL-t2,INCONSISTENCY,nextIndex=0,followerCommit=0,matchIndex=-1
2022-11-08 19:12:07,877 [grpc-default-executor-0] INFO  leader.FollowerInfo (FollowerInfoImpl.java:lambda$new$0(48)) - s1@group-EA982605F2E5->s2: nextIndex: updateUnconditionally 5 -> 0
2022-11-08 19:12:07,880 [s2-server-thread2] DEBUG server.RaftServer$Division (RaftServerImpl.java:logAppendEntries(1421)) - s2@group-EA982605F2E5: receive appendEntries(s1, 2, null, 4, true, commits:[s1:c4, s0:c4, s2:c0], cId:447, entries: [(t:2, i:0), CONFIGURATIONENTRY(current:id: "s0"
address: "localhost:34297"
dataStreamAddress: "localhost:43983"
clientAddress: "localhost:39609"
adminAddress: "localhost:37077"
startupRole: FOLLOWER
,id: "s1"
address: "localhost:38917"
dataStreamAddress: "localhost:45719"
clientAddress: "localhost:36975"
adminAddress: "localhost:40635"
startupRole: FOLLOWER
,id: "s2"
address: "localhost:35511"
dataStreamAddress: "localhost:38827"
clientAddress: "localhost:42865"
adminAddress: "localhost:36791"
startupRole: FOLLOWER
, old:), (t:2, i:1), STATEMACHINELOGENTRY, 0@client-2EFB324ADA71, (t:2, i:2), METADATAENTRY(c:1), (t:2, i:3), STATEMACHINELOGENTRY, 999@client-AE8279CAF820, (t:2, i:4), METADATAENTRY(c:3)]
2022-11-08 19:12:07,880 [s2-server-thread2] INFO  server.RaftServer$Division (RaftServerImpl.java:checkInconsistentAppendEntries(1592)) - s2@group-EA982605F2E5: Failed appendEntries as the first entry (index 0) already exists (snapshotIndex: -1, commitIndex: 0)
2022-11-08 19:12:07,880 [s2-server-thread2] INFO  server.RaftServer$Division (RaftServerImpl.java:checkInconsistentAppendEntries(1572)) - s2@group-EA982605F2E5: inconsistency entries. Reply:s1<-s2#447:FAIL-t2,INCONSISTENCY,nextIndex=1,followerCommit=0,matchIndex=-1
2022-11-08 19:12:07,881 [grpc-default-executor-0] INFO  leader.FollowerInfo (FollowerInfoImpl.java:lambda$new$0(48)) - s1@group-EA982605F2E5->s2: nextIndex: updateUnconditionally 5 -> 1
2022-11-08 19:12:07,882 [s2-server-thread2] DEBUG server.RaftServer$Division (RaftServerImpl.java:logAppendEntries(1421)) - s2@group-EA982605F2E5: receive appendEntries(s1, 2, (t:2, i:0), 4, true, commits:[s1:c4, s0:c4, s2:c0], cId:448, entries: [(t:2, i:1), STATEMACHINELOGENTRY, 0@client-2EFB324ADA71, (t:2, i:2), METADATAENTRY(c:1), (t:2, i:3), STATEMACHINELOGENTRY, 999@client-AE8279CAF820, (t:2, i:4), METADATAENTRY(c:3)]
2022-11-08 19:12:07,882 [s2-server-thread2] INFO  server.RaftServer$Division (RaftServerImpl.java:checkInconsistentAppendEntries(1602)) - s2@group-EA982605F2E5: Failed appendEntries as previous log entry ((t:2, i:0)) is not found
2022-11-08 19:12:07,882 [s2-server-thread2] INFO  server.RaftServer$Division (RaftServerImpl.java:checkInconsistentAppendEntries(1572)) - s2@group-EA982605F2E5: inconsistency entries. Reply:s1<-s2#448:FAIL-t2,INCONSISTENCY,nextIndex=0,followerCommit=0,matchIndex=-1
2022-11-08 19:12:07,883 [grpc-default-executor-0] INFO  leader.FollowerInfo (FollowerInfoImpl.java:lambda$new$0(48)) - s1@group-EA982605F2E5->s2: nextIndex: updateUnconditionally 5 -> 0
2022-11-08 19:12:07,885 [s2-server-thread2] DEBUG server.RaftServer$Division (RaftServerImpl.java:logAppendEntries(1421)) - s2@group-EA982605F2E5: receive appendEntries(s1, 2, null, 4, true, commits:[s1:c4, s0:c4, s2:c0], cId:449, entries: [(t:2, i:0), CONFIGURATIONENTRY(current:id: "s0"
address: "localhost:34297"
dataStreamAddress: "localhost:43983"
clientAddress: "localhost:39609"
adminAddress: "localhost:37077"
startupRole: FOLLOWER
,id: "s1"
address: "localhost:38917"
dataStreamAddress: "localhost:45719"
clientAddress: "localhost:36975"
adminAddress: "localhost:40635"
startupRole: FOLLOWER
,id: "s2"
address: "localhost:35511"
dataStreamAddress: "localhost:38827"
clientAddress: "localhost:42865"
adminAddress: "localhost:36791"
startupRole: FOLLOWER
, old:), (t:2, i:1), STATEMACHINELOGENTRY, 0@client-2EFB324ADA71, (t:2, i:2), METADATAENTRY(c:1), (t:2, i:3), STATEMACHINELOGENTRY, 999@client-AE8279CAF820, (t:2, i:4), METADATAENTRY(c:3)]
2022-11-08 19:12:07,886 [s2-server-thread2] INFO  server.RaftServer$Division (RaftServerImpl.java:checkInconsistentAppendEntries(1592)) - s2@group-EA982605F2E5: Failed appendEntries as the first entry (index 0) already exists (snapshotIndex: -1, commitIndex: 0)
2022-11-08 19:12:07,886 [s2-server-thread2] INFO  server.RaftServer$Division (RaftServerImpl.java:checkInconsistentAppendEntries(1572)) - s2@group-EA982605F2E5: inconsistency entries. Reply:s1<-s2#449:FAIL-t2,INCONSISTENCY,nextIndex=1,followerCommit=0,matchIndex=-1
2022-11-08 19:12:07,886 [grpc-default-executor-0] INFO  leader.FollowerInfo (FollowerInfoImpl.java:lambda$new$0(48)) - s1@group-EA982605F2E5->s2: nextIndex: updateUnconditionally 5 -> 1
2022-11-08 19:12:07,887 [s2-server-thread2] DEBUG server.RaftServer$Division (RaftServerImpl.java:logAppendEntries(1421)) - s2@group-EA982605F2E5: receive appendEntries(s1, 2, (t:2, i:0), 4, true, commits:[s1:c4, s0:c4, s2:c0], cId:450, entries: [(t:2, i:1), STATEMACHINELOGENTRY, 0@client-2EFB324ADA71, (t:2, i:2), METADATAENTRY(c:1), (t:2, i:3), STATEMACHINELOGENTRY, 999@client-AE8279CAF820, (t:2, i:4), METADATAENTRY(c:3)]
2022-11-08 19:12:07,887 [s2-server-thread2] INFO  server.RaftServer$Division (RaftServerImpl.java:checkInconsistentAppendEntries(1602)) - s2@group-EA982605F2E5: Failed appendEntries as previous log entry ((t:2, i:0)) is not found
2022-11-08 19:12:07,888 [s2-server-thread2] INFO  server.RaftServer$Division (RaftServerImpl.java:checkInconsistentAppendEntries(1572)) - s2@group-EA982605F2E5: inconsistency entries. Reply:s1<-s2#450:FAIL-t2,INCONSISTENCY,nextIndex=0,followerCommit=0,matchIndex=-1
2022-11-08 19:12:07,888 [grpc-default-executor-0] INFO  leader.FollowerInfo (FollowerInfoImpl.java:lambda$new$0(48)) - s1@group-EA982605F2E5->s2: nextIndex: updateUnconditionally 5 -> 0
2022-11-08 19:12:07,893 [s2-server-thread2] DEBUG server.RaftServer$Division (RaftServerImpl.java:logAppendEntries(1421)) - s2@group-EA982605F2E5: receive appendEntries(s1, 2, null, 4, true, commits:[s1:c4, s0:c4, s2:c0], cId:451, entries: [(t:2, i:0), CONFIGURATIONENTRY(current:id: "s0"
address: "localhost:34297"
dataStreamAddress: "localhost:43983"
clientAddress: "localhost:39609"
adminAddress: "localhost:37077"
startupRole: FOLLOWER
,id: "s1"
address: "localhost:38917"
dataStreamAddress: "localhost:45719"
clientAddress: "localhost:36975"
adminAddress: "localhost:40635"
startupRole: FOLLOWER
,id: "s2"
address: "localhost:35511"
dataStreamAddress: "localhost:38827"
clientAddress: "localhost:42865"
adminAddress: "localhost:36791"
startupRole: FOLLOWER
, old:), (t:2, i:1), STATEMACHINELOGENTRY, 0@client-2EFB324ADA71, (t:2, i:2), METADATAENTRY(c:1), (t:2, i:3), STATEMACHINELOGENTRY, 999@client-AE8279CAF820, (t:2, i:4), METADATAENTRY(c:3)]
2022-11-08 19:12:07,893 [s2-server-thread2] INFO  server.RaftServer$Division (RaftServerImpl.java:checkInconsistentAppendEntries(1592)) - s2@group-EA982605F2E5: Failed appendEntries as the first entry (index 0) already exists (snapshotIndex: -1, commitIndex: 0)
2022-11-08 19:12:07,894 [s2-server-thread2] INFO  server.RaftServer$Division (RaftServerImpl.java:checkInconsistentAppendEntries(1572)) - s2@group-EA982605F2E5: inconsistency entries. Reply:s1<-s2#451:FAIL-t2,INCONSISTENCY,nextIndex=1,followerCommit=0,matchIndex=-1
2022-11-08 19:12:07,894 [grpc-default-executor-0] INFO  leader.FollowerInfo (FollowerInfoImpl.java:lambda$new$0(48)) - s1@group-EA982605F2E5->s2: nextIndex: updateUnconditionally 5 -> 1
2022-11-08 19:12:07,895 [s2-server-thread2] DEBUG server.RaftServer$Division (RaftServerImpl.java:logAppendEntries(1421)) - s2@group-EA982605F2E5: receive appendEntries(s1, 2, (t:2, i:0), 4, true, commits:[s1:c4, s0:c4, s2:c0], cId:452, entries: [(t:2, i:1), STATEMACHINELOGENTRY, 0@client-2EFB324ADA71, (t:2, i:2), METADATAENTRY(c:1), (t:2, i:3), STATEMACHINELOGENTRY, 999@client-AE8279CAF820, (t:2, i:4), METADATAENTRY(c:3)]
2022-11-08 19:12:07,895 [s2-server-thread2] INFO  server.RaftServer$Division (RaftServerImpl.java:checkInconsistentAppendEntries(1602)) - s2@group-EA982605F2E5: Failed appendEntries as previous log entry ((t:2, i:0)) is not found
2022-11-08 19:12:07,895 [s2-server-thread2] INFO  server.RaftServer$Division (RaftServerImpl.java:checkInconsistentAppendEntries(1572)) - s2@group-EA982605F2E5: inconsistency entries. Reply:s1<-s2#452:FAIL-t2,INCONSISTENCY,nextIndex=0,followerCommit=0,matchIndex=-1
2022-11-08 19:12:07,896 [grpc-default-executor-0] INFO  leader.FollowerInfo (FollowerInfoImpl.java:lambda$new$0(48)) - s1@group-EA982605F2E5->s2: nextIndex: updateUnconditionally 5 -> 0
2022-11-08 19:12:07,897 [s2-server-thread2] DEBUG server.RaftServer$Division (RaftServerImpl.java:logAppendEntries(1421)) - s2@group-EA982605F2E5: receive appendEntries(s1, 2, null, 4, true, commits:[s1:c4, s0:c4, s2:c0], cId:453, entries: [(t:2, i:0), CONFIGURATIONENTRY(current:id: "s0"
address: "localhost:34297"
dataStreamAddress: "localhost:43983"
clientAddress: "localhost:39609"
adminAddress: "localhost:37077"
startupRole: FOLLOWER
,id: "s1"
address: "localhost:38917"
dataStreamAddress: "localhost:45719"
clientAddress: "localhost:36975"
adminAddress: "localhost:40635"
startupRole: FOLLOWER
,id: "s2"
address: "localhost:35511"
dataStreamAddress: "localhost:38827"
clientAddress: "localhost:42865"
adminAddress: "localhost:36791"
startupRole: FOLLOWER
, old:), (t:2, i:1), STATEMACHINELOGENTRY, 0@client-2EFB324ADA71, (t:2, i:2), METADATAENTRY(c:1), (t:2, i:3), STATEMACHINELOGENTRY, 999@client-AE8279CAF820, (t:2, i:4), METADATAENTRY(c:3)]
2022-11-08 19:12:07,897 [s2-server-thread2] INFO  server.RaftServer$Division (RaftServerImpl.java:checkInconsistentAppendEntries(1592)) - s2@group-EA982605F2E5: Failed appendEntries as the first entry (index 0) already exists (snapshotIndex: -1, commitIndex: 0)
2022-11-08 19:12:07,897 [s2-server-thread2] INFO  server.RaftServer$Division (RaftServerImpl.java:checkInconsistentAppendEntries(1572)) - s2@group-EA982605F2E5: inconsistency entries. Reply:s1<-s2#453:FAIL-t2,INCONSISTENCY,nextIndex=1,followerCommit=0,matchIndex=-1
2022-11-08 19:12:07,898 [grpc-default-executor-0] INFO  leader.FollowerInfo (FollowerInfoImpl.java:lambda$new$0(48)) - s1@group-EA982605F2E5->s2: nextIndex: updateUnconditionally 5 -> 1
2022-11-08 19:12:07,899 [s2-server-thread2] DEBUG server.RaftServer$Division (RaftServerImpl.java:logAppendEntries(1421)) - s2@group-EA982605F2E5: receive appendEntries(s1, 2, (t:2, i:0), 4, true, commits:[s1:c4, s0:c4, s2:c0], cId:454, entries: [(t:2, i:1), STATEMACHINELOGENTRY, 0@client-2EFB324ADA71, (t:2, i:2), METADATAENTRY(c:1), (t:2, i:3), STATEMACHINELOGENTRY, 999@client-AE8279CAF820, (t:2, i:4), METADATAENTRY(c:3)]
2022-11-08 19:12:07,899 [s2-server-thread2] INFO  server.RaftServer$Division (RaftServerImpl.java:checkInconsistentAppendEntries(1602)) - s2@group-EA982605F2E5: Failed appendEntries as previous log entry ((t:2, i:0)) is not found
2022-11-08 19:12:07,899 [s2-server-thread2] INFO  server.RaftServer$Division (RaftServerImpl.java:checkInconsistentAppendEntries(1572)) - s2@group-EA982605F2E5: inconsistency entries. Reply:s1<-s2#454:FAIL-t2,INCONSISTENCY,nextIndex=0,followerCommit=0,matchIndex=-1
2022-11-08 19:12:07,900 [grpc-default-executor-0] INFO  leader.FollowerInfo (FollowerInfoImpl.java:lambda$new$0(48)) - s1@group-EA982605F2E5->s2: nextIndex: updateUnconditionally 5 -> 0
2022-11-08 19:12:07,901 [s2-server-thread2] DEBUG server.RaftServer$Division (RaftServerImpl.java:logAppendEntries(1421)) - s2@group-EA982605F2E5: receive appendEntries(s1, 2, null, 4, true, commits:[s1:c4, s0:c4, s2:c0], cId:455, entries: [(t:2, i:0), CONFIGURATIONENTRY(current:id: "s0"
address: "localhost:34297"
dataStreamAddress: "localhost:43983"
clientAddress: "localhost:39609"
adminAddress: "localhost:37077"
startupRole: FOLLOWER
,id: "s1"
address: "localhost:38917"
dataStreamAddress: "localhost:45719"
clientAddress: "localhost:36975"
adminAddress: "localhost:40635"
startupRole: FOLLOWER
,id: "s2"
address: "localhost:35511"
dataStreamAddress: "localhost:38827"
clientAddress: "localhost:42865"
adminAddress: "localhost:36791"
startupRole: FOLLOWER
, old:), (t:2, i:1), STATEMACHINELOGENTRY, 0@client-2EFB324ADA71, (t:2, i:2), METADATAENTRY(c:1), (t:2, i:3), STATEMACHINELOGENTRY, 999@client-AE8279CAF820, (t:2, i:4), METADATAENTRY(c:3)]
2022-11-08 19:12:07,901 [s2-server-thread2] INFO  server.RaftServer$Division (RaftServerImpl.java:checkInconsistentAppendEntries(1592)) - s2@group-EA982605F2E5: Failed appendEntries as the first entry (index 0) already exists (snapshotIndex: -1, commitIndex: 0)
2022-11-08 19:12:07,901 [s2-server-thread2] INFO  server.RaftServer$Division (RaftServerImpl.java:checkInconsistentAppendEntries(1572)) - s2@group-EA982605F2E5: inconsistency entries. Reply:s1<-s2#455:FAIL-t2,INCONSISTENCY,nextIndex=1,followerCommit=0,matchIndex=-1
2022-11-08 19:12:07,901 [grpc-default-executor-0] INFO  leader.FollowerInfo (FollowerInfoImpl.java:lambda$new$0(48)) - s1@group-EA982605F2E5->s2: nextIndex: updateUnconditionally 5 -> 1
2022-11-08 19:12:07,903 [s2-server-thread2] DEBUG server.RaftServer$Division (RaftServerImpl.java:logAppendEntries(1421)) - s2@group-EA982605F2E5: receive appendEntries(s1, 2, (t:2, i:0), 4, true, commits:[s1:c4, s0:c4, s2:c0], cId:456, entries: [(t:2, i:1), STATEMACHINELOGENTRY, 0@client-2EFB324ADA71, (t:2, i:2), METADATAENTRY(c:1), (t:2, i:3), STATEMACHINELOGENTRY, 999@client-AE8279CAF820, (t:2, i:4), METADATAENTRY(c:3)]
2022-11-08 19:12:07,903 [s2-server-thread2] INFO  server.RaftServer$Division (RaftServerImpl.java:checkInconsistentAppendEntries(1602)) - s2@group-EA982605F2E5: Failed appendEntries as previous log entry ((t:2, i:0)) is not found
2022-11-08 19:12:07,903 [s2-server-thread2] INFO  server.RaftServer$Division (RaftServerImpl.java:checkInconsistentAppendEntries(1572)) - s2@group-EA982605F2E5: inconsistency entries. Reply:s1<-s2#456:FAIL-t2,INCONSISTENCY,nextIndex=0,followerCommit=0,matchIndex=-1
2022-11-08 19:12:07,904 [grpc-default-executor-0] INFO  leader.FollowerInfo (FollowerInfoImpl.java:lambda$new$0(48)) - s1@group-EA982605F2E5->s2: nextIndex: updateUnconditionally 5 -> 0
2022-11-08 19:12:07,905 [s2-server-thread2] DEBUG server.RaftServer$Division (RaftServerImpl.java:logAppendEntries(1421)) - s2@group-EA982605F2E5: receive appendEntries(s1, 2, null, 4, true, commits:[s1:c4, s0:c4, s2:c0], cId:457, entries: [(t:2, i:0), CONFIGURATIONENTRY(current:id: "s0"
address: "localhost:34297"
dataStreamAddress: "localhost:43983"
clientAddress: "localhost:39609"
adminAddress: "localhost:37077"
startupRole: FOLLOWER
,id: "s1"
address: "localhost:38917"
dataStreamAddress: "localhost:45719"
clientAddress: "localhost:36975"
adminAddress: "localhost:40635"
startupRole: FOLLOWER
,id: "s2"
address: "localhost:35511"
dataStreamAddress: "localhost:38827"
clientAddress: "localhost:42865"
adminAddress: "localhost:36791"
startupRole: FOLLOWER
, old:), (t:2, i:1), STATEMACHINELOGENTRY, 0@client-2EFB324ADA71, (t:2, i:2), METADATAENTRY(c:1), (t:2, i:3), STATEMACHINELOGENTRY, 999@client-AE8279CAF820, (t:2, i:4), METADATAENTRY(c:3)]
2022-11-08 19:12:07,905 [s2-server-thread2] INFO  server.RaftServer$Division (RaftServerImpl.java:checkInconsistentAppendEntries(1592)) - s2@group-EA982605F2E5: Failed appendEntries as the first entry (index 0) already exists (snapshotIndex: -1, commitIndex: 0)
2022-11-08 19:12:07,905 [s2-server-thread2] INFO  server.RaftServer$Division (RaftServerImpl.java:checkInconsistentAppendEntries(1572)) - s2@group-EA982605F2E5: inconsistency entries. Reply:s1<-s2#457:FAIL-t2,INCONSISTENCY,nextIndex=1,followerCommit=0,matchIndex=-1
2022-11-08 19:12:07,906 [grpc-default-executor-0] INFO  leader.FollowerInfo (FollowerInfoImpl.java:lambda$new$0(48)) - s1@group-EA982605F2E5->s2: nextIndex: updateUnconditionally 5 -> 1
2022-11-08 19:12:07,908 [s2-server-thread2] DEBUG server.RaftServer$Division (RaftServerImpl.java:logAppendEntries(1421)) - s2@group-EA982605F2E5: receive appendEntries(s1, 2, (t:2, i:0), 4, true, commits:[s1:c4, s0:c4, s2:c0], cId:458, entries: [(t:2, i:1), STATEMACHINELOGENTRY, 0@client-2EFB324ADA71, (t:2, i:2), METADATAENTRY(c:1), (t:2, i:3), STATEMACHINELOGENTRY, 999@client-AE8279CAF820, (t:2, i:4), METADATAENTRY(c:3)]
2022-11-08 19:12:07,908 [s2-server-thread2] INFO  server.RaftServer$Division (RaftServerImpl.java:checkInconsistentAppendEntries(1602)) - s2@group-EA982605F2E5: Failed appendEntries as previous log entry ((t:2, i:0)) is not found
2022-11-08 19:12:07,909 [s2-server-thread2] INFO  server.RaftServer$Division (RaftServerImpl.java:checkInconsistentAppendEntries(1572)) - s2@group-EA982605F2E5: inconsistency entries. Reply:s1<-s2#458:FAIL-t2,INCONSISTENCY,nextIndex=0,followerCommit=0,matchIndex=-1
2022-11-08 19:12:07,910 [grpc-default-executor-0] INFO  leader.FollowerInfo (FollowerInfoImpl.java:lambda$new$0(48)) - s1@group-EA982605F2E5->s2: nextIndex: updateUnconditionally 5 -> 0
2022-11-08 19:12:07,911 [s2-server-thread2] DEBUG server.RaftServer$Division (RaftServerImpl.java:logAppendEntries(1421)) - s2@group-EA982605F2E5: receive appendEntries(s1, 2, null, 4, true, commits:[s1:c4, s0:c4, s2:c0], cId:459, entries: [(t:2, i:0), CONFIGURATIONENTRY(current:id: "s0"
address: "localhost:34297"
dataStreamAddress: "localhost:43983"
clientAddress: "localhost:39609"
adminAddress: "localhost:37077"
startupRole: FOLLOWER
,id: "s1"
address: "localhost:38917"
dataStreamAddress: "localhost:45719"
clientAddress: "localhost:36975"
adminAddress: "localhost:40635"
startupRole: FOLLOWER
,id: "s2"
address: "localhost:35511"
dataStreamAddress: "localhost:38827"
clientAddress: "localhost:42865"
adminAddress: "localhost:36791"
startupRole: FOLLOWER
, old:), (t:2, i:1), STATEMACHINELOGENTRY, 0@client-2EFB324ADA71, (t:2, i:2), METADATAENTRY(c:1), (t:2, i:3), STATEMACHINELOGENTRY, 999@client-AE8279CAF820, (t:2, i:4), METADATAENTRY(c:3)]
2022-11-08 19:12:07,912 [s2-server-thread2] INFO  server.RaftServer$Division (RaftServerImpl.java:checkInconsistentAppendEntries(1592)) - s2@group-EA982605F2E5: Failed appendEntries as the first entry (index 0) already exists (snapshotIndex: -1, commitIndex: 0)
2022-11-08 19:12:07,913 [s2-server-thread2] INFO  server.RaftServer$Division (RaftServerImpl.java:checkInconsistentAppendEntries(1572)) - s2@group-EA982605F2E5: inconsistency entries. Reply:s1<-s2#459:FAIL-t2,INCONSISTENCY,nextIndex=1,followerCommit=0,matchIndex=-1
2022-11-08 19:12:07,913 [grpc-default-executor-0] INFO  leader.FollowerInfo (FollowerInfoImpl.java:lambda$new$0(48)) - s1@group-EA982605F2E5->s2: nextIndex: updateUnconditionally 5 -> 1
2022-11-08 19:12:07,914 [s2-server-thread1] DEBUG server.RaftServer$Division (RaftServerImpl.java:logAppendEntries(1421)) - s2@group-EA982605F2E5: receive appendEntries(s1, 2, (t:2, i:0), 4, true, commits:[s1:c4, s0:c4, s2:c0], cId:460, entries: [(t:2, i:1), STATEMACHINELOGENTRY, 0@client-2EFB324ADA71, (t:2, i:2), METADATAENTRY(c:1), (t:2, i:3), STATEMACHINELOGENTRY, 999@client-AE8279CAF820, (t:2, i:4), METADATAENTRY(c:3)]
2022-11-08 19:12:07,915 [s2-server-thread1] INFO  server.RaftServer$Division (RaftServerImpl.java:checkInconsistentAppendEntries(1602)) - s2@group-EA982605F2E5: Failed appendEntries as previous log entry ((t:2, i:0)) is not found
2022-11-08 19:12:07,915 [s2-server-thread1] INFO  server.RaftServer$Division (RaftServerImpl.java:checkInconsistentAppendEntries(1572)) - s2@group-EA982605F2E5: inconsistency entries. Reply:s1<-s2#460:FAIL-t2,INCONSISTENCY,nextIndex=0,followerCommit=0,matchIndex=-1
2022-11-08 19:12:07,915 [grpc-default-executor-0] INFO  leader.FollowerInfo (FollowerInfoImpl.java:lambda$new$0(48)) - s1@group-EA982605F2E5->s2: nextIndex: updateUnconditionally 5 -> 0
2022-11-08 19:12:07,916 [s2-server-thread2] DEBUG server.RaftServer$Division (RaftServerImpl.java:logAppendEntries(1421)) - s2@group-EA982605F2E5: receive appendEntries(s1, 2, null, 4, true, commits:[s1:c4, s0:c4, s2:c0], cId:461, entries: [(t:2, i:0), CONFIGURATIONENTRY(current:id: "s0"
address: "localhost:34297"
dataStreamAddress: "localhost:43983"
clientAddress: "localhost:39609"
adminAddress: "localhost:37077"
startupRole: FOLLOWER
,id: "s1"
address: "localhost:38917"
dataStreamAddress: "localhost:45719"
clientAddress: "localhost:36975"
adminAddress: "localhost:40635"
startupRole: FOLLOWER
,id: "s2"
address: "localhost:35511"
dataStreamAddress: "localhost:38827"
clientAddress: "localhost:42865"
adminAddress: "localhost:36791"
startupRole: FOLLOWER
, old:), (t:2, i:1), STATEMACHINELOGENTRY, 0@client-2EFB324ADA71, (t:2, i:2), METADATAENTRY(c:1), (t:2, i:3), STATEMACHINELOGENTRY, 999@client-AE8279CAF820, (t:2, i:4), METADATAENTRY(c:3)]
2022-11-08 19:12:07,917 [s2-server-thread2] INFO  server.RaftServer$Division (RaftServerImpl.java:checkInconsistentAppendEntries(1592)) - s2@group-EA982605F2E5: Failed appendEntries as the first entry (index 0) already exists (snapshotIndex: -1, commitIndex: 0)
2022-11-08 19:12:07,917 [s2-server-thread2] INFO  server.RaftServer$Division (RaftServerImpl.java:checkInconsistentAppendEntries(1572)) - s2@group-EA982605F2E5: inconsistency entries. Reply:s1<-s2#461:FAIL-t2,INCONSISTENCY,nextIndex=1,followerCommit=0,matchIndex=-1
2022-11-08 19:12:07,918 [grpc-default-executor-0] INFO  leader.FollowerInfo (FollowerInfoImpl.java:lambda$new$0(48)) - s1@group-EA982605F2E5->s2: nextIndex: updateUnconditionally 5 -> 1
2022-11-08 19:12:07,919 [s2-server-thread2] DEBUG server.RaftServer$Division (RaftServerImpl.java:logAppendEntries(1421)) - s2@group-EA982605F2E5: receive appendEntries(s1, 2, (t:2, i:0), 4, true, commits:[s1:c4, s0:c4, s2:c0], cId:462, entries: [(t:2, i:1), STATEMACHINELOGENTRY, 0@client-2EFB324ADA71, (t:2, i:2), METADATAENTRY(c:1), (t:2, i:3), STATEMACHINELOGENTRY, 999@client-AE8279CAF820, (t:2, i:4), METADATAENTRY(c:3)]
2022-11-08 19:12:07,919 [s2-server-thread2] INFO  server.RaftServer$Division (RaftServerImpl.java:checkInconsistentAppendEntries(1602)) - s2@group-EA982605F2E5: Failed appendEntries as previous log entry ((t:2, i:0)) is not found
2022-11-08 19:12:07,919 [s2-server-thread2] INFO  server.RaftServer$Division (RaftServerImpl.java:checkInconsistentAppendEntries(1572)) - s2@group-EA982605F2E5: inconsistency entries. Reply:s1<-s2#462:FAIL-t2,INCONSISTENCY,nextIndex=0,followerCommit=0,matchIndex=-1
2022-11-08 19:12:07,920 [grpc-default-executor-0] INFO  leader.FollowerInfo (FollowerInfoImpl.java:lambda$new$0(48)) - s1@group-EA982605F2E5->s2: nextIndex: updateUnconditionally 5 -> 0
2022-11-08 19:12:07,921 [s2-server-thread2] DEBUG server.RaftServer$Division (RaftServerImpl.java:logAppendEntries(1421)) - s2@group-EA982605F2E5: receive appendEntries(s1, 2, null, 4, true, commits:[s1:c4, s0:c4, s2:c0], cId:463, entries: [(t:2, i:0), CONFIGURATIONENTRY(current:id: "s0"
address: "localhost:34297"
dataStreamAddress: "localhost:43983"
clientAddress: "localhost:39609"
adminAddress: "localhost:37077"
startupRole: FOLLOWER
,id: "s1"
address: "localhost:38917"
dataStreamAddress: "localhost:45719"
clientAddress: "localhost:36975"
adminAddress: "localhost:40635"
startupRole: FOLLOWER
,id: "s2"
address: "localhost:35511"
dataStreamAddress: "localhost:38827"
clientAddress: "localhost:42865"
adminAddress: "localhost:36791"
startupRole: FOLLOWER
, old:), (t:2, i:1), STATEMACHINELOGENTRY, 0@client-2EFB324ADA71, (t:2, i:2), METADATAENTRY(c:1), (t:2, i:3), STATEMACHINELOGENTRY, 999@client-AE8279CAF820, (t:2, i:4), METADATAENTRY(c:3)]
2022-11-08 19:12:07,921 [s2-server-thread2] INFO  server.RaftServer$Division (RaftServerImpl.java:checkInconsistentAppendEntries(1592)) - s2@group-EA982605F2E5: Failed appendEntries as the first entry (index 0) already exists (snapshotIndex: -1, commitIndex: 0)
2022-11-08 19:12:07,921 [s2-server-thread2] INFO  server.RaftServer$Division (RaftServerImpl.java:checkInconsistentAppendEntries(1572)) - s2@group-EA982605F2E5: inconsistency entries. Reply:s1<-s2#463:FAIL-t2,INCONSISTENCY,nextIndex=1,followerCommit=0,matchIndex=-1
2022-11-08 19:12:07,922 [grpc-default-executor-0] INFO  leader.FollowerInfo (FollowerInfoImpl.java:lambda$new$0(48)) - s1@group-EA982605F2E5->s2: nextIndex: updateUnconditionally 5 -> 1
2022-11-08 19:12:07,923 [s2-server-thread2] DEBUG server.RaftServer$Division (RaftServerImpl.java:logAppendEntries(1421)) - s2@group-EA982605F2E5: receive appendEntries(s1, 2, (t:2, i:0), 4, true, commits:[s1:c4, s0:c4, s2:c0], cId:464, entries: [(t:2, i:1), STATEMACHINELOGENTRY, 0@client-2EFB324ADA71, (t:2, i:2), METADATAENTRY(c:1), (t:2, i:3), STATEMACHINELOGENTRY, 999@client-AE8279CAF820, (t:2, i:4), METADATAENTRY(c:3)]
2022-11-08 19:12:07,923 [s2-server-thread2] INFO  server.RaftServer$Division (RaftServerImpl.java:checkInconsistentAppendEntries(1602)) - s2@group-EA982605F2E5: Failed appendEntries as previous log entry ((t:2, i:0)) is not found
2022-11-08 19:12:07,923 [s2-server-thread2] INFO  server.RaftServer$Division (RaftServerImpl.java:checkInconsistentAppendEntries(1572)) - s2@group-EA982605F2E5: inconsistency entries. Reply:s1<-s2#464:FAIL-t2,INCONSISTENCY,nextIndex=0,followerCommit=0,matchIndex=-1
2022-11-08 19:12:07,924 [grpc-default-executor-0] INFO  leader.FollowerInfo (FollowerInfoImpl.java:lambda$new$0(48)) - s1@group-EA982605F2E5->s2: nextIndex: updateUnconditionally 5 -> 0
2022-11-08 19:12:07,925 [s2-server-thread2] DEBUG server.RaftServer$Division (RaftServerImpl.java:logAppendEntries(1421)) - s2@group-EA982605F2E5: receive appendEntries(s1, 2, null, 4, true, commits:[s1:c4, s0:c4, s2:c0], cId:465, entries: [(t:2, i:0), CONFIGURATIONENTRY(current:id: "s0"
address: "localhost:34297"
dataStreamAddress: "localhost:43983"
clientAddress: "localhost:39609"
adminAddress: "localhost:37077"
startupRole: FOLLOWER
,id: "s1"
address: "localhost:38917"
dataStreamAddress: "localhost:45719"
clientAddress: "localhost:36975"
adminAddress: "localhost:40635"
startupRole: FOLLOWER
,id: "s2"
address: "localhost:35511"
dataStreamAddress: "localhost:38827"
clientAddress: "localhost:42865"
adminAddress: "localhost:36791"
startupRole: FOLLOWER
, old:), (t:2, i:1), STATEMACHINELOGENTRY, 0@client-2EFB324ADA71, (t:2, i:2), METADATAENTRY(c:1), (t:2, i:3), STATEMACHINELOGENTRY, 999@client-AE8279CAF820, (t:2, i:4), METADATAENTRY(c:3)]
2022-11-08 19:12:07,925 [s2-server-thread2] INFO  server.RaftServer$Division (RaftServerImpl.java:checkInconsistentAppendEntries(1592)) - s2@group-EA982605F2E5: Failed appendEntries as the first entry (index 0) already exists (snapshotIndex: -1, commitIndex: 0)
2022-11-08 19:12:07,926 [s2-server-thread2] INFO  server.RaftServer$Division (RaftServerImpl.java:checkInconsistentAppendEntries(1572)) - s2@group-EA982605F2E5: inconsistency entries. Reply:s1<-s2#465:FAIL-t2,INCONSISTENCY,nextIndex=1,followerCommit=0,matchIndex=-1
2022-11-08 19:12:07,926 [grpc-default-executor-0] INFO  leader.FollowerInfo (FollowerInfoImpl.java:lambda$new$0(48)) - s1@group-EA982605F2E5->s2: nextIndex: updateUnconditionally 5 -> 1
2022-11-08 19:12:07,927 [s2-server-thread2] DEBUG server.RaftServer$Division (RaftServerImpl.java:logAppendEntries(1421)) - s2@group-EA982605F2E5: receive appendEntries(s1, 2, (t:2, i:0), 4, true, commits:[s1:c4, s0:c4, s2:c0], cId:466, entries: [(t:2, i:1), STATEMACHINELOGENTRY, 0@client-2EFB324ADA71, (t:2, i:2), METADATAENTRY(c:1), (t:2, i:3), STATEMACHINELOGENTRY, 999@client-AE8279CAF820, (t:2, i:4), METADATAENTRY(c:3)]
2022-11-08 19:12:07,927 [s2-server-thread2] INFO  server.RaftServer$Division (RaftServerImpl.java:checkInconsistentAppendEntries(1602)) - s2@group-EA982605F2E5: Failed appendEntries as previous log entry ((t:2, i:0)) is not found
2022-11-08 19:12:07,927 [s2-server-thread2] INFO  server.RaftServer$Division (RaftServerImpl.java:checkInconsistentAppendEntries(1572)) - s2@group-EA982605F2E5: inconsistency entries. Reply:s1<-s2#466:FAIL-t2,INCONSISTENCY,nextIndex=0,followerCommit=0,matchIndex=-1
2022-11-08 19:12:07,928 [grpc-default-executor-0] INFO  leader.FollowerInfo (FollowerInfoImpl.java:lambda$new$0(48)) - s1@group-EA982605F2E5->s2: nextIndex: updateUnconditionally 5 -> 0
2022-11-08 19:12:07,930 [s2-server-thread2] DEBUG server.RaftServer$Division (RaftServerImpl.java:logAppendEntries(1421)) - s2@group-EA982605F2E5: receive appendEntries(s1, 2, null, 4, true, commits:[s1:c4, s0:c4, s2:c0], cId:467, entries: [(t:2, i:0), CONFIGURATIONENTRY(current:id: "s0"
address: "localhost:34297"
dataStreamAddress: "localhost:43983"
clientAddress: "localhost:39609"
adminAddress: "localhost:37077"
startupRole: FOLLOWER
,id: "s1"
address: "localhost:38917"
dataStreamAddress: "localhost:45719"
clientAddress: "localhost:36975"
adminAddress: "localhost:40635"
startupRole: FOLLOWER
,id: "s2"
address: "localhost:35511"
dataStreamAddress: "localhost:38827"
clientAddress: "localhost:42865"
adminAddress: "localhost:36791"
startupRole: FOLLOWER
, old:), (t:2, i:1), STATEMACHINELOGENTRY, 0@client-2EFB324ADA71, (t:2, i:2), METADATAENTRY(c:1), (t:2, i:3), STATEMACHINELOGENTRY, 999@client-AE8279CAF820, (t:2, i:4), METADATAENTRY(c:3)]
2022-11-08 19:12:07,931 [s2-server-thread2] INFO  server.RaftServer$Division (RaftServerImpl.java:checkInconsistentAppendEntries(1592)) - s2@group-EA982605F2E5: Failed appendEntries as the first entry (index 0) already exists (snapshotIndex: -1, commitIndex: 0)
2022-11-08 19:12:07,931 [s2-server-thread2] INFO  server.RaftServer$Division (RaftServerImpl.java:checkInconsistentAppendEntries(1572)) - s2@group-EA982605F2E5: inconsistency entries. Reply:s1<-s2#467:FAIL-t2,INCONSISTENCY,nextIndex=1,followerCommit=0,matchIndex=-1
2022-11-08 19:12:07,932 [grpc-default-executor-0] INFO  leader.FollowerInfo (FollowerInfoImpl.java:lambda$new$0(48)) - s1@group-EA982605F2E5->s2: nextIndex: updateUnconditionally 5 -> 1
2022-11-08 19:12:07,933 [s2-server-thread2] DEBUG server.RaftServer$Division (RaftServerImpl.java:logAppendEntries(1421)) - s2@group-EA982605F2E5: receive appendEntries(s1, 2, (t:2, i:0), 4, true, commits:[s1:c4, s0:c4, s2:c0], cId:468, entries: [(t:2, i:1), STATEMACHINELOGENTRY, 0@client-2EFB324ADA71, (t:2, i:2), METADATAENTRY(c:1), (t:2, i:3), STATEMACHINELOGENTRY, 999@client-AE8279CAF820, (t:2, i:4), METADATAENTRY(c:3)]
2022-11-08 19:12:07,933 [s2-server-thread2] INFO  server.RaftServer$Division (RaftServerImpl.java:checkInconsistentAppendEntries(1602)) - s2@group-EA982605F2E5: Failed appendEntries as previous log entry ((t:2, i:0)) is not found
2022-11-08 19:12:07,933 [s2-server-thread2] INFO  server.RaftServer$Division (RaftServerImpl.java:checkInconsistentAppendEntries(1572)) - s2@group-EA982605F2E5: inconsistency entries. Reply:s1<-s2#468:FAIL-t2,INCONSISTENCY,nextIndex=0,followerCommit=0,matchIndex=-1
2022-11-08 19:12:07,933 [grpc-default-executor-0] INFO  leader.FollowerInfo (FollowerInfoImpl.java:lambda$new$0(48)) - s1@group-EA982605F2E5->s2: nextIndex: updateUnconditionally 5 -> 0
2022-11-08 19:12:07,935 [s2-server-thread2] DEBUG server.RaftServer$Division (RaftServerImpl.java:logAppendEntries(1421)) - s2@group-EA982605F2E5: receive appendEntries(s1, 2, null, 4, true, commits:[s1:c4, s0:c4, s2:c0], cId:469, entries: [(t:2, i:0), CONFIGURATIONENTRY(current:id: "s0"
address: "localhost:34297"
dataStreamAddress: "localhost:43983"
clientAddress: "localhost:39609"
adminAddress: "localhost:37077"
startupRole: FOLLOWER
,id: "s1"
address: "localhost:38917"
dataStreamAddress: "localhost:45719"
clientAddress: "localhost:36975"
adminAddress: "localhost:40635"
startupRole: FOLLOWER
,id: "s2"
address: "localhost:35511"
dataStreamAddress: "localhost:38827"
clientAddress: "localhost:42865"
adminAddress: "localhost:36791"
startupRole: FOLLOWER
, old:), (t:2, i:1), STATEMACHINELOGENTRY, 0@client-2EFB324ADA71, (t:2, i:2), METADATAENTRY(c:1), (t:2, i:3), STATEMACHINELOGENTRY, 999@client-AE8279CAF820, (t:2, i:4), METADATAENTRY(c:3)]
2022-11-08 19:12:07,935 [s2-server-thread2] INFO  server.RaftServer$Division (RaftServerImpl.java:checkInconsistentAppendEntries(1592)) - s2@group-EA982605F2E5: Failed appendEntries as the first entry (index 0) already exists (snapshotIndex: -1, commitIndex: 0)
2022-11-08 19:12:07,935 [s2-server-thread2] INFO  server.RaftServer$Division (RaftServerImpl.java:checkInconsistentAppendEntries(1572)) - s2@group-EA982605F2E5: inconsistency entries. Reply:s1<-s2#469:FAIL-t2,INCONSISTENCY,nextIndex=1,followerCommit=0,matchIndex=-1
2022-11-08 19:12:07,935 [grpc-default-executor-0] INFO  leader.FollowerInfo (FollowerInfoImpl.java:lambda$new$0(48)) - s1@group-EA982605F2E5->s2: nextIndex: updateUnconditionally 5 -> 1
2022-11-08 19:12:07,936 [s2-server-thread2] DEBUG server.RaftServer$Division (RaftServerImpl.java:logAppendEntries(1421)) - s2@group-EA982605F2E5: receive appendEntries(s1, 2, (t:2, i:0), 4, true, commits:[s1:c4, s0:c4, s2:c0], cId:470, entries: [(t:2, i:1), STATEMACHINELOGENTRY, 0@client-2EFB324ADA71, (t:2, i:2), METADATAENTRY(c:1), (t:2, i:3), STATEMACHINELOGENTRY, 999@client-AE8279CAF820, (t:2, i:4), METADATAENTRY(c:3)]
2022-11-08 19:12:07,936 [s2-server-thread2] INFO  server.RaftServer$Division (RaftServerImpl.java:checkInconsistentAppendEntries(1602)) - s2@group-EA982605F2E5: Failed appendEntries as previous log entry ((t:2, i:0)) is not found
2022-11-08 19:12:07,937 [s2-server-thread2] INFO  server.RaftServer$Division (RaftServerImpl.java:checkInconsistentAppendEntries(1572)) - s2@group-EA982605F2E5: inconsistency entries. Reply:s1<-s2#470:FAIL-t2,INCONSISTENCY,nextIndex=0,followerCommit=0,matchIndex=-1
2022-11-08 19:12:07,937 [grpc-default-executor-0] INFO  leader.FollowerInfo (FollowerInfoImpl.java:lambda$new$0(48)) - s1@group-EA982605F2E5->s2: nextIndex: updateUnconditionally 5 -> 0
2022-11-08 19:12:07,938 [s2-server-thread2] DEBUG server.RaftServer$Division (RaftServerImpl.java:logAppendEntries(1421)) - s2@group-EA982605F2E5: receive appendEntries(s1, 2, null, 4, true, commits:[s1:c4, s0:c4, s2:c0], cId:471, entries: [(t:2, i:0), CONFIGURATIONENTRY(current:id: "s0"
address: "localhost:34297"
dataStreamAddress: "localhost:43983"
clientAddress: "localhost:39609"
adminAddress: "localhost:37077"
startupRole: FOLLOWER
,id: "s1"
address: "localhost:38917"
dataStreamAddress: "localhost:45719"
clientAddress: "localhost:36975"
adminAddress: "localhost:40635"
startupRole: FOLLOWER
,id: "s2"
address: "localhost:35511"
dataStreamAddress: "localhost:38827"
clientAddress: "localhost:42865"
adminAddress: "localhost:36791"
startupRole: FOLLOWER
, old:), (t:2, i:1), STATEMACHINELOGENTRY, 0@client-2EFB324ADA71, (t:2, i:2), METADATAENTRY(c:1), (t:2, i:3), STATEMACHINELOGENTRY, 999@client-AE8279CAF820, (t:2, i:4), METADATAENTRY(c:3)]
2022-11-08 19:12:07,938 [s2-server-thread2] INFO  server.RaftServer$Division (RaftServerImpl.java:checkInconsistentAppendEntries(1592)) - s2@group-EA982605F2E5: Failed appendEntries as the first entry (index 0) already exists (snapshotIndex: -1, commitIndex: 0)
2022-11-08 19:12:07,939 [s2-server-thread2] INFO  server.RaftServer$Division (RaftServerImpl.java:checkInconsistentAppendEntries(1572)) - s2@group-EA982605F2E5: inconsistency entries. Reply:s1<-s2#471:FAIL-t2,INCONSISTENCY,nextIndex=1,followerCommit=0,matchIndex=-1
2022-11-08 19:12:07,939 [grpc-default-executor-0] INFO  leader.FollowerInfo (FollowerInfoImpl.java:lambda$new$0(48)) - s1@group-EA982605F2E5->s2: nextIndex: updateUnconditionally 5 -> 1
2022-11-08 19:12:07,945 [s2-server-thread2] DEBUG server.RaftServer$Division (RaftServerImpl.java:logAppendEntries(1421)) - s2@group-EA982605F2E5: receive appendEntries(s1, 2, (t:2, i:0), 4, true, commits:[s1:c4, s0:c4, s2:c0], cId:472, entries: [(t:2, i:1), STATEMACHINELOGENTRY, 0@client-2EFB324ADA71, (t:2, i:2), METADATAENTRY(c:1), (t:2, i:3), STATEMACHINELOGENTRY, 999@client-AE8279CAF820, (t:2, i:4), METADATAENTRY(c:3)]
2022-11-08 19:12:07,945 [s2-server-thread2] INFO  server.RaftServer$Division (RaftServerImpl.java:checkInconsistentAppendEntries(1602)) - s2@group-EA982605F2E5: Failed appendEntries as previous log entry ((t:2, i:0)) is not found
2022-11-08 19:12:07,945 [s2-server-thread2] INFO  server.RaftServer$Division (RaftServerImpl.java:checkInconsistentAppendEntries(1572)) - s2@group-EA982605F2E5: inconsistency entries. Reply:s1<-s2#472:FAIL-t2,INCONSISTENCY,nextIndex=0,followerCommit=0,matchIndex=-1
2022-11-08 19:12:07,946 [grpc-default-executor-0] INFO  leader.FollowerInfo (FollowerInfoImpl.java:lambda$new$0(48)) - s1@group-EA982605F2E5->s2: nextIndex: updateUnconditionally 5 -> 0
2022-11-08 19:12:07,947 [s2-server-thread2] DEBUG server.RaftServer$Division (RaftServerImpl.java:logAppendEntries(1421)) - s2@group-EA982605F2E5: receive appendEntries(s1, 2, null, 4, true, commits:[s1:c4, s0:c4, s2:c0], cId:473, entries: [(t:2, i:0), CONFIGURATIONENTRY(current:id: "s0"
address: "localhost:34297"
dataStreamAddress: "localhost:43983"
clientAddress: "localhost:39609"
adminAddress: "localhost:37077"
startupRole: FOLLOWER
,id: "s1"
address: "localhost:38917"
dataStreamAddress: "localhost:45719"
clientAddress: "localhost:36975"
adminAddress: "localhost:40635"
startupRole: FOLLOWER
,id: "s2"
address: "localhost:35511"
dataStreamAddress: "localhost:38827"
clientAddress: "localhost:42865"
adminAddress: "localhost:36791"
startupRole: FOLLOWER
, old:), (t:2, i:1), STATEMACHINELOGENTRY, 0@client-2EFB324ADA71, (t:2, i:2), METADATAENTRY(c:1), (t:2, i:3), STATEMACHINELOGENTRY, 999@client-AE8279CAF820, (t:2, i:4), METADATAENTRY(c:3)]
2022-11-08 19:12:07,951 [s2-server-thread2] INFO  server.RaftServer$Division (RaftServerImpl.java:checkInconsistentAppendEntries(1592)) - s2@group-EA982605F2E5: Failed appendEntries as the first entry (index 0) already exists (snapshotIndex: -1, commitIndex: 0)
2022-11-08 19:12:07,951 [s2-server-thread2] INFO  server.RaftServer$Division (RaftServerImpl.java:checkInconsistentAppendEntries(1572)) - s2@group-EA982605F2E5: inconsistency entries. Reply:s1<-s2#473:FAIL-t2,INCONSISTENCY,nextIndex=1,followerCommit=0,matchIndex=-1
2022-11-08 19:12:07,952 [grpc-default-executor-0] INFO  leader.FollowerInfo (FollowerInfoImpl.java:lambda$new$0(48)) - s1@group-EA982605F2E5->s2: nextIndex: updateUnconditionally 5 -> 1
2022-11-08 19:12:07,953 [s2-server-thread2] DEBUG server.RaftServer$Division (RaftServerImpl.java:logAppendEntries(1421)) - s2@group-EA982605F2E5: receive appendEntries(s1, 2, (t:2, i:0), 4, true, commits:[s1:c4, s0:c4, s2:c0], cId:474, entries: [(t:2, i:1), STATEMACHINELOGENTRY, 0@client-2EFB324ADA71, (t:2, i:2), METADATAENTRY(c:1), (t:2, i:3), STATEMACHINELOGENTRY, 999@client-AE8279CAF820, (t:2, i:4), METADATAENTRY(c:3)]
2022-11-08 19:12:07,953 [s2-server-thread2] INFO  server.RaftServer$Division (RaftServerImpl.java:checkInconsistentAppendEntries(1602)) - s2@group-EA982605F2E5: Failed appendEntries as previous log entry ((t:2, i:0)) is not found
2022-11-08 19:12:07,953 [s2-server-thread2] INFO  server.RaftServer$Division (RaftServerImpl.java:checkInconsistentAppendEntries(1572)) - s2@group-EA982605F2E5: inconsistency entries. Reply:s1<-s2#474:FAIL-t2,INCONSISTENCY,nextIndex=0,followerCommit=0,matchIndex=-1
2022-11-08 19:12:07,954 [grpc-default-executor-0] INFO  leader.FollowerInfo (FollowerInfoImpl.java:lambda$new$0(48)) - s1@group-EA982605F2E5->s2: nextIndex: updateUnconditionally 5 -> 0
2022-11-08 19:12:07,955 [s2-server-thread2] DEBUG server.RaftServer$Division (RaftServerImpl.java:logAppendEntries(1421)) - s2@group-EA982605F2E5: receive appendEntries(s1, 2, null, 4, true, commits:[s1:c4, s0:c4, s2:c0], cId:475, entries: [(t:2, i:0), CONFIGURATIONENTRY(current:id: "s0"
address: "localhost:34297"
dataStreamAddress: "localhost:43983"
clientAddress: "localhost:39609"
adminAddress: "localhost:37077"
startupRole: FOLLOWER
,id: "s1"
address: "localhost:38917"
dataStreamAddress: "localhost:45719"
clientAddress: "localhost:36975"
adminAddress: "localhost:40635"
startupRole: FOLLOWER
,id: "s2"
address: "localhost:35511"
dataStreamAddress: "localhost:38827"
clientAddress: "localhost:42865"
adminAddress: "localhost:36791"
startupRole: FOLLOWER
, old:), (t:2, i:1), STATEMACHINELOGENTRY, 0@client-2EFB324ADA71, (t:2, i:2), METADATAENTRY(c:1), (t:2, i:3), STATEMACHINELOGENTRY, 999@client-AE8279CAF820, (t:2, i:4), METADATAENTRY(c:3)]
2022-11-08 19:12:07,955 [s2-server-thread2] INFO  server.RaftServer$Division (RaftServerImpl.java:checkInconsistentAppendEntries(1592)) - s2@group-EA982605F2E5: Failed appendEntries as the first entry (index 0) already exists (snapshotIndex: -1, commitIndex: 0)
2022-11-08 19:12:07,955 [s2-server-thread2] INFO  server.RaftServer$Division (RaftServerImpl.java:checkInconsistentAppendEntries(1572)) - s2@group-EA982605F2E5: inconsistency entries. Reply:s1<-s2#475:FAIL-t2,INCONSISTENCY,nextIndex=1,followerCommit=0,matchIndex=-1
2022-11-08 19:12:07,959 [grpc-default-executor-0] INFO  leader.FollowerInfo (FollowerInfoImpl.java:lambda$new$0(48)) - s1@group-EA982605F2E5->s2: nextIndex: updateUnconditionally 5 -> 1
2022-11-08 19:12:07,961 [s2-server-thread2] DEBUG server.RaftServer$Division (RaftServerImpl.java:logAppendEntries(1421)) - s2@group-EA982605F2E5: receive appendEntries(s1, 2, (t:2, i:0), 4, true, commits:[s1:c4, s0:c4, s2:c0], cId:476, entries: [(t:2, i:1), STATEMACHINELOGENTRY, 0@client-2EFB324ADA71, (t:2, i:2), METADATAENTRY(c:1), (t:2, i:3), STATEMACHINELOGENTRY, 999@client-AE8279CAF820, (t:2, i:4), METADATAENTRY(c:3)]
2022-11-08 19:12:07,961 [s2-server-thread2] INFO  server.RaftServer$Division (RaftServerImpl.java:checkInconsistentAppendEntries(1602)) - s2@group-EA982605F2E5: Failed appendEntries as previous log entry ((t:2, i:0)) is not found
2022-11-08 19:12:07,961 [s2-server-thread2] INFO  server.RaftServer$Division (RaftServerImpl.java:checkInconsistentAppendEntries(1572)) - s2@group-EA982605F2E5: inconsistency entries. Reply:s1<-s2#476:FAIL-t2,INCONSISTENCY,nextIndex=0,followerCommit=0,matchIndex=-1
2022-11-08 19:12:07,961 [grpc-default-executor-0] INFO  leader.FollowerInfo (FollowerInfoImpl.java:lambda$new$0(48)) - s1@group-EA982605F2E5->s2: nextIndex: updateUnconditionally 5 -> 0
2022-11-08 19:12:07,962 [s2-server-thread2] DEBUG server.RaftServer$Division (RaftServerImpl.java:logAppendEntries(1421)) - s2@group-EA982605F2E5: receive appendEntries(s1, 2, null, 4, true, commits:[s1:c4, s0:c4, s2:c0], cId:477, entries: [(t:2, i:0), CONFIGURATIONENTRY(current:id: "s0"
address: "localhost:34297"
dataStreamAddress: "localhost:43983"
clientAddress: "localhost:39609"
adminAddress: "localhost:37077"
startupRole: FOLLOWER
,id: "s1"
address: "localhost:38917"
dataStreamAddress: "localhost:45719"
clientAddress: "localhost:36975"
adminAddress: "localhost:40635"
startupRole: FOLLOWER
,id: "s2"
address: "localhost:35511"
dataStreamAddress: "localhost:38827"
clientAddress: "localhost:42865"
adminAddress: "localhost:36791"
startupRole: FOLLOWER
, old:), (t:2, i:1), STATEMACHINELOGENTRY, 0@client-2EFB324ADA71, (t:2, i:2), METADATAENTRY(c:1), (t:2, i:3), STATEMACHINELOGENTRY, 999@client-AE8279CAF820, (t:2, i:4), METADATAENTRY(c:3)]
2022-11-08 19:12:07,962 [s2-server-thread2] INFO  server.RaftServer$Division (RaftServerImpl.java:checkInconsistentAppendEntries(1592)) - s2@group-EA982605F2E5: Failed appendEntries as the first entry (index 0) already exists (snapshotIndex: -1, commitIndex: 0)
2022-11-08 19:12:07,963 [s2-server-thread2] INFO  server.RaftServer$Division (RaftServerImpl.java:checkInconsistentAppendEntries(1572)) - s2@group-EA982605F2E5: inconsistency entries. Reply:s1<-s2#477:FAIL-t2,INCONSISTENCY,nextIndex=1,followerCommit=0,matchIndex=-1
2022-11-08 19:12:07,963 [grpc-default-executor-0] INFO  leader.FollowerInfo (FollowerInfoImpl.java:lambda$new$0(48)) - s1@group-EA982605F2E5->s2: nextIndex: updateUnconditionally 5 -> 1
2022-11-08 19:12:07,964 [s2-server-thread2] DEBUG server.RaftServer$Division (RaftServerImpl.java:logAppendEntries(1421)) - s2@group-EA982605F2E5: receive appendEntries(s1, 2, (t:2, i:0), 4, true, commits:[s1:c4, s0:c4, s2:c0], cId:478, entries: [(t:2, i:1), STATEMACHINELOGENTRY, 0@client-2EFB324ADA71, (t:2, i:2), METADATAENTRY(c:1), (t:2, i:3), STATEMACHINELOGENTRY, 999@client-AE8279CAF820, (t:2, i:4), METADATAENTRY(c:3)]
2022-11-08 19:12:07,965 [s2-server-thread2] INFO  server.RaftServer$Division (RaftServerImpl.java:checkInconsistentAppendEntries(1602)) - s2@group-EA982605F2E5: Failed appendEntries as previous log entry ((t:2, i:0)) is not found
2022-11-08 19:12:07,965 [s2-server-thread2] INFO  server.RaftServer$Division (RaftServerImpl.java:checkInconsistentAppendEntries(1572)) - s2@group-EA982605F2E5: inconsistency entries. Reply:s1<-s2#478:FAIL-t2,INCONSISTENCY,nextIndex=0,followerCommit=0,matchIndex=-1
2022-11-08 19:12:07,965 [grpc-default-executor-0] INFO  leader.FollowerInfo (FollowerInfoImpl.java:lambda$new$0(48)) - s1@group-EA982605F2E5->s2: nextIndex: updateUnconditionally 5 -> 0
2022-11-08 19:12:07,966 [s2-server-thread2] DEBUG server.RaftServer$Division (RaftServerImpl.java:logAppendEntries(1421)) - s2@group-EA982605F2E5: receive appendEntries(s1, 2, null, 4, true, commits:[s1:c4, s0:c4, s2:c0], cId:479, entries: [(t:2, i:0), CONFIGURATIONENTRY(current:id: "s0"
address: "localhost:34297"
dataStreamAddress: "localhost:43983"
clientAddress: "localhost:39609"
adminAddress: "localhost:37077"
startupRole: FOLLOWER
,id: "s1"
address: "localhost:38917"
dataStreamAddress: "localhost:45719"
clientAddress: "localhost:36975"
adminAddress: "localhost:40635"
startupRole: FOLLOWER
,id: "s2"
address: "localhost:35511"
dataStreamAddress: "localhost:38827"
clientAddress: "localhost:42865"
adminAddress: "localhost:36791"
startupRole: FOLLOWER
, old:), (t:2, i:1), STATEMACHINELOGENTRY, 0@client-2EFB324ADA71, (t:2, i:2), METADATAENTRY(c:1), (t:2, i:3), STATEMACHINELOGENTRY, 999@client-AE8279CAF820, (t:2, i:4), METADATAENTRY(c:3)]
2022-11-08 19:12:07,967 [s2-server-thread2] INFO  server.RaftServer$Division (RaftServerImpl.java:checkInconsistentAppendEntries(1592)) - s2@group-EA982605F2E5: Failed appendEntries as the first entry (index 0) already exists (snapshotIndex: -1, commitIndex: 0)
2022-11-08 19:12:07,967 [s2-server-thread2] INFO  server.RaftServer$Division (RaftServerImpl.java:checkInconsistentAppendEntries(1572)) - s2@group-EA982605F2E5: inconsistency entries. Reply:s1<-s2#479:FAIL-t2,INCONSISTENCY,nextIndex=1,followerCommit=0,matchIndex=-1
2022-11-08 19:12:07,968 [grpc-default-executor-0] INFO  leader.FollowerInfo (FollowerInfoImpl.java:lambda$new$0(48)) - s1@group-EA982605F2E5->s2: nextIndex: updateUnconditionally 5 -> 1
2022-11-08 19:12:07,969 [s2-server-thread2] DEBUG server.RaftServer$Division (RaftServerImpl.java:logAppendEntries(1421)) - s2@group-EA982605F2E5: receive appendEntries(s1, 2, (t:2, i:0), 4, true, commits:[s1:c4, s0:c4, s2:c0], cId:480, entries: [(t:2, i:1), STATEMACHINELOGENTRY, 0@client-2EFB324ADA71, (t:2, i:2), METADATAENTRY(c:1), (t:2, i:3), STATEMACHINELOGENTRY, 999@client-AE8279CAF820, (t:2, i:4), METADATAENTRY(c:3)]
2022-11-08 19:12:07,969 [s2-server-thread2] INFO  server.RaftServer$Division (RaftServerImpl.java:checkInconsistentAppendEntries(1602)) - s2@group-EA982605F2E5: Failed appendEntries as previous log entry ((t:2, i:0)) is not found
2022-11-08 19:12:07,969 [s2-server-thread2] INFO  server.RaftServer$Division (RaftServerImpl.java:checkInconsistentAppendEntries(1572)) - s2@group-EA982605F2E5: inconsistency entries. Reply:s1<-s2#480:FAIL-t2,INCONSISTENCY,nextIndex=0,followerCommit=0,matchIndex=-1
2022-11-08 19:12:07,970 [grpc-default-executor-3] INFO  leader.FollowerInfo (FollowerInfoImpl.java:lambda$new$0(48)) - s1@group-EA982605F2E5->s2: nextIndex: updateUnconditionally 5 -> 0
2022-11-08 19:12:07,971 [s2-server-thread2] DEBUG server.RaftServer$Division (RaftServerImpl.java:logAppendEntries(1421)) - s2@group-EA982605F2E5: receive appendEntries(s1, 2, null, 4, true, commits:[s1:c4, s0:c4, s2:c0], cId:481, entries: [(t:2, i:0), CONFIGURATIONENTRY(current:id: "s0"
address: "localhost:34297"
dataStreamAddress: "localhost:43983"
clientAddress: "localhost:39609"
adminAddress: "localhost:37077"
startupRole: FOLLOWER
,id: "s1"
address: "localhost:38917"
dataStreamAddress: "localhost:45719"
clientAddress: "localhost:36975"
adminAddress: "localhost:40635"
startupRole: FOLLOWER
,id: "s2"
address: "localhost:35511"
dataStreamAddress: "localhost:38827"
clientAddress: "localhost:42865"
adminAddress: "localhost:36791"
startupRole: FOLLOWER
, old:), (t:2, i:1), STATEMACHINELOGENTRY, 0@client-2EFB324ADA71, (t:2, i:2), METADATAENTRY(c:1), (t:2, i:3), STATEMACHINELOGENTRY, 999@client-AE8279CAF820, (t:2, i:4), METADATAENTRY(c:3)]
2022-11-08 19:12:07,971 [s2-server-thread2] INFO  server.RaftServer$Division (RaftServerImpl.java:checkInconsistentAppendEntries(1592)) - s2@group-EA982605F2E5: Failed appendEntries as the first entry (index 0) already exists (snapshotIndex: -1, commitIndex: 0)
2022-11-08 19:12:07,971 [s2-server-thread2] INFO  server.RaftServer$Division (RaftServerImpl.java:checkInconsistentAppendEntries(1572)) - s2@group-EA982605F2E5: inconsistency entries. Reply:s1<-s2#481:FAIL-t2,INCONSISTENCY,nextIndex=1,followerCommit=0,matchIndex=-1
2022-11-08 19:12:07,972 [grpc-default-executor-3] INFO  leader.FollowerInfo (FollowerInfoImpl.java:lambda$new$0(48)) - s1@group-EA982605F2E5->s2: nextIndex: updateUnconditionally 5 -> 1
2022-11-08 19:12:07,973 [s2-server-thread2] DEBUG server.RaftServer$Division (RaftServerImpl.java:logAppendEntries(1421)) - s2@group-EA982605F2E5: receive appendEntries(s1, 2, (t:2, i:0), 4, true, commits:[s1:c4, s0:c4, s2:c0], cId:482, entries: [(t:2, i:1), STATEMACHINELOGENTRY, 0@client-2EFB324ADA71, (t:2, i:2), METADATAENTRY(c:1), (t:2, i:3), STATEMACHINELOGENTRY, 999@client-AE8279CAF820, (t:2, i:4), METADATAENTRY(c:3)]
2022-11-08 19:12:07,973 [s2-server-thread2] INFO  server.RaftServer$Division (RaftServerImpl.java:checkInconsistentAppendEntries(1602)) - s2@group-EA982605F2E5: Failed appendEntries as previous log entry ((t:2, i:0)) is not found
2022-11-08 19:12:07,973 [s2-server-thread2] INFO  server.RaftServer$Division (RaftServerImpl.java:checkInconsistentAppendEntries(1572)) - s2@group-EA982605F2E5: inconsistency entries. Reply:s1<-s2#482:FAIL-t2,INCONSISTENCY,nextIndex=0,followerCommit=0,matchIndex=-1
2022-11-08 19:12:07,974 [grpc-default-executor-3] INFO  leader.FollowerInfo (FollowerInfoImpl.java:lambda$new$0(48)) - s1@group-EA982605F2E5->s2: nextIndex: updateUnconditionally 5 -> 0
2022-11-08 19:12:07,975 [s2-server-thread2] DEBUG server.RaftServer$Division (RaftServerImpl.java:logAppendEntries(1421)) - s2@group-EA982605F2E5: receive appendEntries(s1, 2, null, 4, true, commits:[s1:c4, s0:c4, s2:c0], cId:483, entries: [(t:2, i:0), CONFIGURATIONENTRY(current:id: "s0"
address: "localhost:34297"
dataStreamAddress: "localhost:43983"
clientAddress: "localhost:39609"
adminAddress: "localhost:37077"
startupRole: FOLLOWER
,id: "s1"
address: "localhost:38917"
dataStreamAddress: "localhost:45719"
clientAddress: "localhost:36975"
adminAddress: "localhost:40635"
startupRole: FOLLOWER
,id: "s2"
address: "localhost:35511"
dataStreamAddress: "localhost:38827"
clientAddress: "localhost:42865"
adminAddress: "localhost:36791"
startupRole: FOLLOWER
, old:), (t:2, i:1), STATEMACHINELOGENTRY, 0@client-2EFB324ADA71, (t:2, i:2), METADATAENTRY(c:1), (t:2, i:3), STATEMACHINELOGENTRY, 999@client-AE8279CAF820, (t:2, i:4), METADATAENTRY(c:3)]
2022-11-08 19:12:07,975 [s2-server-thread2] INFO  server.RaftServer$Division (RaftServerImpl.java:checkInconsistentAppendEntries(1592)) - s2@group-EA982605F2E5: Failed appendEntries as the first entry (index 0) already exists (snapshotIndex: -1, commitIndex: 0)
2022-11-08 19:12:07,975 [s2-server-thread2] INFO  server.RaftServer$Division (RaftServerImpl.java:checkInconsistentAppendEntries(1572)) - s2@group-EA982605F2E5: inconsistency entries. Reply:s1<-s2#483:FAIL-t2,INCONSISTENCY,nextIndex=1,followerCommit=0,matchIndex=-1
2022-11-08 19:12:07,976 [grpc-default-executor-3] INFO  leader.FollowerInfo (FollowerInfoImpl.java:lambda$new$0(48)) - s1@group-EA982605F2E5->s2: nextIndex: updateUnconditionally 5 -> 1
2022-11-08 19:12:07,977 [s2-server-thread2] DEBUG server.RaftServer$Division (RaftServerImpl.java:logAppendEntries(1421)) - s2@group-EA982605F2E5: receive appendEntries(s1, 2, (t:2, i:0), 4, true, commits:[s1:c4, s0:c4, s2:c0], cId:484, entries: [(t:2, i:1), STATEMACHINELOGENTRY, 0@client-2EFB324ADA71, (t:2, i:2), METADATAENTRY(c:1), (t:2, i:3), STATEMACHINELOGENTRY, 999@client-AE8279CAF820, (t:2, i:4), METADATAENTRY(c:3)]
2022-11-08 19:12:07,977 [s2-server-thread2] INFO  server.RaftServer$Division (RaftServerImpl.java:checkInconsistentAppendEntries(1602)) - s2@group-EA982605F2E5: Failed appendEntries as previous log entry ((t:2, i:0)) is not found
2022-11-08 19:12:07,977 [s2-server-thread2] INFO  server.RaftServer$Division (RaftServerImpl.java:checkInconsistentAppendEntries(1572)) - s2@group-EA982605F2E5: inconsistency entries. Reply:s1<-s2#484:FAIL-t2,INCONSISTENCY,nextIndex=0,followerCommit=0,matchIndex=-1
2022-11-08 19:12:07,977 [grpc-default-executor-3] INFO  leader.FollowerInfo (FollowerInfoImpl.java:lambda$new$0(48)) - s1@group-EA982605F2E5->s2: nextIndex: updateUnconditionally 5 -> 0
2022-11-08 19:12:07,978 [s2-server-thread2] DEBUG server.RaftServer$Division (RaftServerImpl.java:logAppendEntries(1421)) - s2@group-EA982605F2E5: receive appendEntries(s1, 2, null, 4, true, commits:[s1:c4, s0:c4, s2:c0], cId:485, entries: [(t:2, i:0), CONFIGURATIONENTRY(current:id: "s0"
address: "localhost:34297"
dataStreamAddress: "localhost:43983"
clientAddress: "localhost:39609"
adminAddress: "localhost:37077"
startupRole: FOLLOWER
,id: "s1"
address: "localhost:38917"
dataStreamAddress: "localhost:45719"
clientAddress: "localhost:36975"
adminAddress: "localhost:40635"
startupRole: FOLLOWER
,id: "s2"
address: "localhost:35511"
dataStreamAddress: "localhost:38827"
clientAddress: "localhost:42865"
adminAddress: "localhost:36791"
startupRole: FOLLOWER
, old:), (t:2, i:1), STATEMACHINELOGENTRY, 0@client-2EFB324ADA71, (t:2, i:2), METADATAENTRY(c:1), (t:2, i:3), STATEMACHINELOGENTRY, 999@client-AE8279CAF820, (t:2, i:4), METADATAENTRY(c:3)]
2022-11-08 19:12:07,979 [s2-server-thread2] INFO  server.RaftServer$Division (RaftServerImpl.java:checkInconsistentAppendEntries(1592)) - s2@group-EA982605F2E5: Failed appendEntries as the first entry (index 0) already exists (snapshotIndex: -1, commitIndex: 0)
2022-11-08 19:12:07,979 [s2-server-thread2] INFO  server.RaftServer$Division (RaftServerImpl.java:checkInconsistentAppendEntries(1572)) - s2@group-EA982605F2E5: inconsistency entries. Reply:s1<-s2#485:FAIL-t2,INCONSISTENCY,nextIndex=1,followerCommit=0,matchIndex=-1
2022-11-08 19:12:07,979 [grpc-default-executor-3] INFO  leader.FollowerInfo (FollowerInfoImpl.java:lambda$new$0(48)) - s1@group-EA982605F2E5->s2: nextIndex: updateUnconditionally 5 -> 1
2022-11-08 19:12:07,980 [s2-server-thread2] DEBUG server.RaftServer$Division (RaftServerImpl.java:logAppendEntries(1421)) - s2@group-EA982605F2E5: receive appendEntries(s1, 2, (t:2, i:0), 4, true, commits:[s1:c4, s0:c4, s2:c0], cId:486, entries: [(t:2, i:1), STATEMACHINELOGENTRY, 0@client-2EFB324ADA71, (t:2, i:2), METADATAENTRY(c:1), (t:2, i:3), STATEMACHINELOGENTRY, 999@client-AE8279CAF820, (t:2, i:4), METADATAENTRY(c:3)]
2022-11-08 19:12:07,981 [s2-server-thread2] INFO  server.RaftServer$Division (RaftServerImpl.java:checkInconsistentAppendEntries(1602)) - s2@group-EA982605F2E5: Failed appendEntries as previous log entry ((t:2, i:0)) is not found
2022-11-08 19:12:07,981 [s2-server-thread2] INFO  server.RaftServer$Division (RaftServerImpl.java:checkInconsistentAppendEntries(1572)) - s2@group-EA982605F2E5: inconsistency entries. Reply:s1<-s2#486:FAIL-t2,INCONSISTENCY,nextIndex=0,followerCommit=0,matchIndex=-1
2022-11-08 19:12:07,981 [grpc-default-executor-3] INFO  leader.FollowerInfo (FollowerInfoImpl.java:lambda$new$0(48)) - s1@group-EA982605F2E5->s2: nextIndex: updateUnconditionally 5 -> 0
2022-11-08 19:12:07,983 [s2-server-thread2] DEBUG server.RaftServer$Division (RaftServerImpl.java:logAppendEntries(1421)) - s2@group-EA982605F2E5: receive appendEntries(s1, 2, null, 4, true, commits:[s1:c4, s0:c4, s2:c0], cId:487, entries: [(t:2, i:0), CONFIGURATIONENTRY(current:id: "s0"
address: "localhost:34297"
dataStreamAddress: "localhost:43983"
clientAddress: "localhost:39609"
adminAddress: "localhost:37077"
startupRole: FOLLOWER
,id: "s1"
address: "localhost:38917"
dataStreamAddress: "localhost:45719"
clientAddress: "localhost:36975"
adminAddress: "localhost:40635"
startupRole: FOLLOWER
,id: "s2"
address: "localhost:35511"
dataStreamAddress: "localhost:38827"
clientAddress: "localhost:42865"
adminAddress: "localhost:36791"
startupRole: FOLLOWER
, old:), (t:2, i:1), STATEMACHINELOGENTRY, 0@client-2EFB324ADA71, (t:2, i:2), METADATAENTRY(c:1), (t:2, i:3), STATEMACHINELOGENTRY, 999@client-AE8279CAF820, (t:2, i:4), METADATAENTRY(c:3)]
2022-11-08 19:12:07,983 [s2-server-thread2] INFO  server.RaftServer$Division (RaftServerImpl.java:checkInconsistentAppendEntries(1592)) - s2@group-EA982605F2E5: Failed appendEntries as the first entry (index 0) already exists (snapshotIndex: -1, commitIndex: 0)
2022-11-08 19:12:07,983 [s2-server-thread2] INFO  server.RaftServer$Division (RaftServerImpl.java:checkInconsistentAppendEntries(1572)) - s2@group-EA982605F2E5: inconsistency entries. Reply:s1<-s2#487:FAIL-t2,INCONSISTENCY,nextIndex=1,followerCommit=0,matchIndex=-1
2022-11-08 19:12:07,983 [grpc-default-executor-3] INFO  leader.FollowerInfo (FollowerInfoImpl.java:lambda$new$0(48)) - s1@group-EA982605F2E5->s2: nextIndex: updateUnconditionally 5 -> 1
2022-11-08 19:12:07,984 [s2-server-thread2] DEBUG server.RaftServer$Division (RaftServerImpl.java:logAppendEntries(1421)) - s2@group-EA982605F2E5: receive appendEntries(s1, 2, (t:2, i:0), 4, true, commits:[s1:c4, s0:c4, s2:c0], cId:488, entries: [(t:2, i:1), STATEMACHINELOGENTRY, 0@client-2EFB324ADA71, (t:2, i:2), METADATAENTRY(c:1), (t:2, i:3), STATEMACHINELOGENTRY, 999@client-AE8279CAF820, (t:2, i:4), METADATAENTRY(c:3)]
2022-11-08 19:12:07,984 [s2-server-thread2] INFO  server.RaftServer$Division (RaftServerImpl.java:checkInconsistentAppendEntries(1602)) - s2@group-EA982605F2E5: Failed appendEntries as previous log entry ((t:2, i:0)) is not found
2022-11-08 19:12:07,984 [s2-server-thread2] INFO  server.RaftServer$Division (RaftServerImpl.java:checkInconsistentAppendEntries(1572)) - s2@group-EA982605F2E5: inconsistency entries. Reply:s1<-s2#488:FAIL-t2,INCONSISTENCY,nextIndex=0,followerCommit=0,matchIndex=-1
2022-11-08 19:12:07,985 [grpc-default-executor-3] INFO  leader.FollowerInfo (FollowerInfoImpl.java:lambda$new$0(48)) - s1@group-EA982605F2E5->s2: nextIndex: updateUnconditionally 5 -> 0
2022-11-08 19:12:07,986 [s2-server-thread2] DEBUG server.RaftServer$Division (RaftServerImpl.java:logAppendEntries(1421)) - s2@group-EA982605F2E5: receive appendEntries(s1, 2, null, 4, true, commits:[s1:c4, s0:c4, s2:c0], cId:489, entries: [(t:2, i:0), CONFIGURATIONENTRY(current:id: "s0"
address: "localhost:34297"
dataStreamAddress: "localhost:43983"
clientAddress: "localhost:39609"
adminAddress: "localhost:37077"
startupRole: FOLLOWER
,id: "s1"
address: "localhost:38917"
dataStreamAddress: "localhost:45719"
clientAddress: "localhost:36975"
adminAddress: "localhost:40635"
startupRole: FOLLOWER
,id: "s2"
address: "localhost:35511"
dataStreamAddress: "localhost:38827"
clientAddress: "localhost:42865"
adminAddress: "localhost:36791"
startupRole: FOLLOWER
, old:), (t:2, i:1), STATEMACHINELOGENTRY, 0@client-2EFB324ADA71, (t:2, i:2), METADATAENTRY(c:1), (t:2, i:3), STATEMACHINELOGENTRY, 999@client-AE8279CAF820, (t:2, i:4), METADATAENTRY(c:3)]
2022-11-08 19:12:07,986 [s2-server-thread2] INFO  server.RaftServer$Division (RaftServerImpl.java:checkInconsistentAppendEntries(1592)) - s2@group-EA982605F2E5: Failed appendEntries as the first entry (index 0) already exists (snapshotIndex: -1, commitIndex: 0)
2022-11-08 19:12:07,986 [s2-server-thread2] INFO  server.RaftServer$Division (RaftServerImpl.java:checkInconsistentAppendEntries(1572)) - s2@group-EA982605F2E5: inconsistency entries. Reply:s1<-s2#489:FAIL-t2,INCONSISTENCY,nextIndex=1,followerCommit=0,matchIndex=-1
2022-11-08 19:12:07,987 [grpc-default-executor-3] INFO  leader.FollowerInfo (FollowerInfoImpl.java:lambda$new$0(48)) - s1@group-EA982605F2E5->s2: nextIndex: updateUnconditionally 5 -> 1
2022-11-08 19:12:07,988 [s2-server-thread2] DEBUG server.RaftServer$Division (RaftServerImpl.java:logAppendEntries(1421)) - s2@group-EA982605F2E5: receive appendEntries(s1, 2, (t:2, i:0), 4, true, commits:[s1:c4, s0:c4, s2:c0], cId:490, entries: [(t:2, i:1), STATEMACHINELOGENTRY, 0@client-2EFB324ADA71, (t:2, i:2), METADATAENTRY(c:1), (t:2, i:3), STATEMACHINELOGENTRY, 999@client-AE8279CAF820, (t:2, i:4), METADATAENTRY(c:3)]
2022-11-08 19:12:07,988 [s2-server-thread2] INFO  server.RaftServer$Division (RaftServerImpl.java:checkInconsistentAppendEntries(1602)) - s2@group-EA982605F2E5: Failed appendEntries as previous log entry ((t:2, i:0)) is not found
2022-11-08 19:12:07,988 [s2-server-thread2] INFO  server.RaftServer$Division (RaftServerImpl.java:checkInconsistentAppendEntries(1572)) - s2@group-EA982605F2E5: inconsistency entries. Reply:s1<-s2#490:FAIL-t2,INCONSISTENCY,nextIndex=0,followerCommit=0,matchIndex=-1
2022-11-08 19:12:07,989 [grpc-default-executor-3] INFO  leader.FollowerInfo (FollowerInfoImpl.java:lambda$new$0(48)) - s1@group-EA982605F2E5->s2: nextIndex: updateUnconditionally 5 -> 0
2022-11-08 19:12:07,990 [s2-server-thread2] DEBUG server.RaftServer$Division (RaftServerImpl.java:logAppendEntries(1421)) - s2@group-EA982605F2E5: receive appendEntries(s1, 2, null, 4, true, commits:[s1:c4, s0:c4, s2:c0], cId:491, entries: [(t:2, i:0), CONFIGURATIONENTRY(current:id: "s0"
address: "localhost:34297"
dataStreamAddress: "localhost:43983"
clientAddress: "localhost:39609"
adminAddress: "localhost:37077"
startupRole: FOLLOWER
,id: "s1"
address: "localhost:38917"
dataStreamAddress: "localhost:45719"
clientAddress: "localhost:36975"
adminAddress: "localhost:40635"
startupRole: FOLLOWER
,id: "s2"
address: "localhost:35511"
dataStreamAddress: "localhost:38827"
clientAddress: "localhost:42865"
adminAddress: "localhost:36791"
startupRole: FOLLOWER
, old:), (t:2, i:1), STATEMACHINELOGENTRY, 0@client-2EFB324ADA71, (t:2, i:2), METADATAENTRY(c:1), (t:2, i:3), STATEMACHINELOGENTRY, 999@client-AE8279CAF820, (t:2, i:4), METADATAENTRY(c:3)]
2022-11-08 19:12:07,990 [s2-server-thread2] INFO  server.RaftServer$Division (RaftServerImpl.java:checkInconsistentAppendEntries(1592)) - s2@group-EA982605F2E5: Failed appendEntries as the first entry (index 0) already exists (snapshotIndex: -1, commitIndex: 0)
2022-11-08 19:12:07,990 [s2-server-thread2] INFO  server.RaftServer$Division (RaftServerImpl.java:checkInconsistentAppendEntries(1572)) - s2@group-EA982605F2E5: inconsistency entries. Reply:s1<-s2#491:FAIL-t2,INCONSISTENCY,nextIndex=1,followerCommit=0,matchIndex=-1
2022-11-08 19:12:07,990 [grpc-default-executor-3] INFO  leader.FollowerInfo (FollowerInfoImpl.java:lambda$new$0(48)) - s1@group-EA982605F2E5->s2: nextIndex: updateUnconditionally 5 -> 1
2022-11-08 19:12:07,991 [s2-server-thread2] DEBUG server.RaftServer$Division (RaftServerImpl.java:logAppendEntries(1421)) - s2@group-EA982605F2E5: receive appendEntries(s1, 2, (t:2, i:0), 4, true, commits:[s1:c4, s0:c4, s2:c0], cId:492, entries: [(t:2, i:1), STATEMACHINELOGENTRY, 0@client-2EFB324ADA71, (t:2, i:2), METADATAENTRY(c:1), (t:2, i:3), STATEMACHINELOGENTRY, 999@client-AE8279CAF820, (t:2, i:4), METADATAENTRY(c:3)]
2022-11-08 19:12:07,992 [s2-server-thread2] INFO  server.RaftServer$Division (RaftServerImpl.java:checkInconsistentAppendEntries(1602)) - s2@group-EA982605F2E5: Failed appendEntries as previous log entry ((t:2, i:0)) is not found
2022-11-08 19:12:07,992 [s2-server-thread2] INFO  server.RaftServer$Division (RaftServerImpl.java:checkInconsistentAppendEntries(1572)) - s2@group-EA982605F2E5: inconsistency entries. Reply:s1<-s2#492:FAIL-t2,INCONSISTENCY,nextIndex=0,followerCommit=0,matchIndex=-1
2022-11-08 19:12:07,992 [grpc-default-executor-3] INFO  leader.FollowerInfo (FollowerInfoImpl.java:lambda$new$0(48)) - s1@group-EA982605F2E5->s2: nextIndex: updateUnconditionally 5 -> 0
2022-11-08 19:12:07,993 [s2-server-thread2] DEBUG server.RaftServer$Division (RaftServerImpl.java:logAppendEntries(1421)) - s2@group-EA982605F2E5: receive appendEntries(s1, 2, null, 4, true, commits:[s1:c4, s0:c4, s2:c0], cId:493, entries: [(t:2, i:0), CONFIGURATIONENTRY(current:id: "s0"
address: "localhost:34297"
dataStreamAddress: "localhost:43983"
clientAddress: "localhost:39609"
adminAddress: "localhost:37077"
startupRole: FOLLOWER
,id: "s1"
address: "localhost:38917"
dataStreamAddress: "localhost:45719"
clientAddress: "localhost:36975"
adminAddress: "localhost:40635"
startupRole: FOLLOWER
,id: "s2"
address: "localhost:35511"
dataStreamAddress: "localhost:38827"
clientAddress: "localhost:42865"
adminAddress: "localhost:36791"
startupRole: FOLLOWER
, old:), (t:2, i:1), STATEMACHINELOGENTRY, 0@client-2EFB324ADA71, (t:2, i:2), METADATAENTRY(c:1), (t:2, i:3), STATEMACHINELOGENTRY, 999@client-AE8279CAF820, (t:2, i:4), METADATAENTRY(c:3)]
2022-11-08 19:12:07,993 [s2-server-thread2] INFO  server.RaftServer$Division (RaftServerImpl.java:checkInconsistentAppendEntries(1592)) - s2@group-EA982605F2E5: Failed appendEntries as the first entry (index 0) already exists (snapshotIndex: -1, commitIndex: 0)
2022-11-08 19:12:07,993 [s2-server-thread2] INFO  server.RaftServer$Division (RaftServerImpl.java:checkInconsistentAppendEntries(1572)) - s2@group-EA982605F2E5: inconsistency entries. Reply:s1<-s2#493:FAIL-t2,INCONSISTENCY,nextIndex=1,followerCommit=0,matchIndex=-1
2022-11-08 19:12:07,994 [grpc-default-executor-3] INFO  leader.FollowerInfo (FollowerInfoImpl.java:lambda$new$0(48)) - s1@group-EA982605F2E5->s2: nextIndex: updateUnconditionally 5 -> 1
2022-11-08 19:12:07,995 [s2-server-thread2] DEBUG server.RaftServer$Division (RaftServerImpl.java:logAppendEntries(1421)) - s2@group-EA982605F2E5: receive appendEntries(s1, 2, (t:2, i:0), 4, true, commits:[s1:c4, s0:c4, s2:c0], cId:494, entries: [(t:2, i:1), STATEMACHINELOGENTRY, 0@client-2EFB324ADA71, (t:2, i:2), METADATAENTRY(c:1), (t:2, i:3), STATEMACHINELOGENTRY, 999@client-AE8279CAF820, (t:2, i:4), METADATAENTRY(c:3)]
2022-11-08 19:12:07,995 [s2-server-thread2] INFO  server.RaftServer$Division (RaftServerImpl.java:checkInconsistentAppendEntries(1602)) - s2@group-EA982605F2E5: Failed appendEntries as previous log entry ((t:2, i:0)) is not found
2022-11-08 19:12:07,995 [s2-server-thread2] INFO  server.RaftServer$Division (RaftServerImpl.java:checkInconsistentAppendEntries(1572)) - s2@group-EA982605F2E5: inconsistency entries. Reply:s1<-s2#494:FAIL-t2,INCONSISTENCY,nextIndex=0,followerCommit=0,matchIndex=-1
2022-11-08 19:12:07,996 [grpc-default-executor-3] INFO  leader.FollowerInfo (FollowerInfoImpl.java:lambda$new$0(48)) - s1@group-EA982605F2E5->s2: nextIndex: updateUnconditionally 5 -> 0
2022-11-08 19:12:07,997 [s2-server-thread2] DEBUG server.RaftServer$Division (RaftServerImpl.java:logAppendEntries(1421)) - s2@group-EA982605F2E5: receive appendEntries(s1, 2, null, 4, true, commits:[s1:c4, s0:c4, s2:c0], cId:495, entries: [(t:2, i:0), CONFIGURATIONENTRY(current:id: "s0"
address: "localhost:34297"
dataStreamAddress: "localhost:43983"
clientAddress: "localhost:39609"
adminAddress: "localhost:37077"
startupRole: FOLLOWER
,id: "s1"
address: "localhost:38917"
dataStreamAddress: "localhost:45719"
clientAddress: "localhost:36975"
adminAddress: "localhost:40635"
startupRole: FOLLOWER
,id: "s2"
address: "localhost:35511"
dataStreamAddress: "localhost:38827"
clientAddress: "localhost:42865"
adminAddress: "localhost:36791"
startupRole: FOLLOWER
, old:), (t:2, i:1), STATEMACHINELOGENTRY, 0@client-2EFB324ADA71, (t:2, i:2), METADATAENTRY(c:1), (t:2, i:3), STATEMACHINELOGENTRY, 999@client-AE8279CAF820, (t:2, i:4), METADATAENTRY(c:3)]
2022-11-08 19:12:07,997 [s2-server-thread2] INFO  server.RaftServer$Division (RaftServerImpl.java:checkInconsistentAppendEntries(1592)) - s2@group-EA982605F2E5: Failed appendEntries as the first entry (index 0) already exists (snapshotIndex: -1, commitIndex: 0)
2022-11-08 19:12:07,997 [s2-server-thread2] INFO  server.RaftServer$Division (RaftServerImpl.java:checkInconsistentAppendEntries(1572)) - s2@group-EA982605F2E5: inconsistency entries. Reply:s1<-s2#495:FAIL-t2,INCONSISTENCY,nextIndex=1,followerCommit=0,matchIndex=-1
2022-11-08 19:12:07,997 [grpc-default-executor-3] INFO  leader.FollowerInfo (FollowerInfoImpl.java:lambda$new$0(48)) - s1@group-EA982605F2E5->s2: nextIndex: updateUnconditionally 5 -> 1
2022-11-08 19:12:07,998 [s2-server-thread2] DEBUG server.RaftServer$Division (RaftServerImpl.java:logAppendEntries(1421)) - s2@group-EA982605F2E5: receive appendEntries(s1, 2, (t:2, i:0), 4, true, commits:[s1:c4, s0:c4, s2:c0], cId:496, entries: [(t:2, i:1), STATEMACHINELOGENTRY, 0@client-2EFB324ADA71, (t:2, i:2), METADATAENTRY(c:1), (t:2, i:3), STATEMACHINELOGENTRY, 999@client-AE8279CAF820, (t:2, i:4), METADATAENTRY(c:3)]
2022-11-08 19:12:07,999 [s2-server-thread2] INFO  server.RaftServer$Division (RaftServerImpl.java:checkInconsistentAppendEntries(1602)) - s2@group-EA982605F2E5: Failed appendEntries as previous log entry ((t:2, i:0)) is not found
2022-11-08 19:12:07,999 [s2-server-thread2] INFO  server.RaftServer$Division (RaftServerImpl.java:checkInconsistentAppendEntries(1572)) - s2@group-EA982605F2E5: inconsistency entries. Reply:s1<-s2#496:FAIL-t2,INCONSISTENCY,nextIndex=0,followerCommit=0,matchIndex=-1
2022-11-08 19:12:07,999 [grpc-default-executor-3] INFO  leader.FollowerInfo (FollowerInfoImpl.java:lambda$new$0(48)) - s1@group-EA982605F2E5->s2: nextIndex: updateUnconditionally 5 -> 0
2022-11-08 19:12:08,000 [s2-server-thread2] DEBUG server.RaftServer$Division (RaftServerImpl.java:logAppendEntries(1421)) - s2@group-EA982605F2E5: receive appendEntries(s1, 2, null, 4, true, commits:[s1:c4, s0:c4, s2:c0], cId:497, entries: [(t:2, i:0), CONFIGURATIONENTRY(current:id: "s0"
address: "localhost:34297"
dataStreamAddress: "localhost:43983"
clientAddress: "localhost:39609"
adminAddress: "localhost:37077"
startupRole: FOLLOWER
,id: "s1"
address: "localhost:38917"
dataStreamAddress: "localhost:45719"
clientAddress: "localhost:36975"
adminAddress: "localhost:40635"
startupRole: FOLLOWER
,id: "s2"
address: "localhost:35511"
dataStreamAddress: "localhost:38827"
clientAddress: "localhost:42865"
adminAddress: "localhost:36791"
startupRole: FOLLOWER
, old:), (t:2, i:1), STATEMACHINELOGENTRY, 0@client-2EFB324ADA71, (t:2, i:2), METADATAENTRY(c:1), (t:2, i:3), STATEMACHINELOGENTRY, 999@client-AE8279CAF820, (t:2, i:4), METADATAENTRY(c:3)]
2022-11-08 19:12:08,000 [s2-server-thread2] INFO  server.RaftServer$Division (RaftServerImpl.java:checkInconsistentAppendEntries(1592)) - s2@group-EA982605F2E5: Failed appendEntries as the first entry (index 0) already exists (snapshotIndex: -1, commitIndex: 0)
2022-11-08 19:12:08,000 [s2-server-thread2] INFO  server.RaftServer$Division (RaftServerImpl.java:checkInconsistentAppendEntries(1572)) - s2@group-EA982605F2E5: inconsistency entries. Reply:s1<-s2#497:FAIL-t2,INCONSISTENCY,nextIndex=1,followerCommit=0,matchIndex=-1
2022-11-08 19:12:08,001 [grpc-default-executor-3] INFO  leader.FollowerInfo (FollowerInfoImpl.java:lambda$new$0(48)) - s1@group-EA982605F2E5->s2: nextIndex: updateUnconditionally 5 -> 1
2022-11-08 19:12:08,002 [s2-server-thread2] DEBUG server.RaftServer$Division (RaftServerImpl.java:logAppendEntries(1421)) - s2@group-EA982605F2E5: receive appendEntries(s1, 2, (t:2, i:0), 4, true, commits:[s1:c4, s0:c4, s2:c0], cId:498, entries: [(t:2, i:1), STATEMACHINELOGENTRY, 0@client-2EFB324ADA71, (t:2, i:2), METADATAENTRY(c:1), (t:2, i:3), STATEMACHINELOGENTRY, 999@client-AE8279CAF820, (t:2, i:4), METADATAENTRY(c:3)]
2022-11-08 19:12:08,002 [s2-server-thread2] INFO  server.RaftServer$Division (RaftServerImpl.java:checkInconsistentAppendEntries(1602)) - s2@group-EA982605F2E5: Failed appendEntries as previous log entry ((t:2, i:0)) is not found
2022-11-08 19:12:08,002 [s2-server-thread2] INFO  server.RaftServer$Division (RaftServerImpl.java:checkInconsistentAppendEntries(1572)) - s2@group-EA982605F2E5: inconsistency entries. Reply:s1<-s2#498:FAIL-t2,INCONSISTENCY,nextIndex=0,followerCommit=0,matchIndex=-1
2022-11-08 19:12:08,003 [grpc-default-executor-3] INFO  leader.FollowerInfo (FollowerInfoImpl.java:lambda$new$0(48)) - s1@group-EA982605F2E5->s2: nextIndex: updateUnconditionally 5 -> 0
2022-11-08 19:12:08,004 [s2-server-thread2] DEBUG server.RaftServer$Division (RaftServerImpl.java:logAppendEntries(1421)) - s2@group-EA982605F2E5: receive appendEntries(s1, 2, null, 4, true, commits:[s1:c4, s0:c4, s2:c0], cId:499, entries: [(t:2, i:0), CONFIGURATIONENTRY(current:id: "s0"
address: "localhost:34297"
dataStreamAddress: "localhost:43983"
clientAddress: "localhost:39609"
adminAddress: "localhost:37077"
startupRole: FOLLOWER
,id: "s1"
address: "localhost:38917"
dataStreamAddress: "localhost:45719"
clientAddress: "localhost:36975"
adminAddress: "localhost:40635"
startupRole: FOLLOWER
,id: "s2"
address: "localhost:35511"
dataStreamAddress: "localhost:38827"
clientAddress: "localhost:42865"
adminAddress: "localhost:36791"
startupRole: FOLLOWER
, old:), (t:2, i:1), STATEMACHINELOGENTRY, 0@client-2EFB324ADA71, (t:2, i:2), METADATAENTRY(c:1), (t:2, i:3), STATEMACHINELOGENTRY, 999@client-AE8279CAF820, (t:2, i:4), METADATAENTRY(c:3)]
2022-11-08 19:12:08,004 [s2-server-thread2] INFO  server.RaftServer$Division (RaftServerImpl.java:checkInconsistentAppendEntries(1592)) - s2@group-EA982605F2E5: Failed appendEntries as the first entry (index 0) already exists (snapshotIndex: -1, commitIndex: 0)
2022-11-08 19:12:08,004 [s2-server-thread2] INFO  server.RaftServer$Division (RaftServerImpl.java:checkInconsistentAppendEntries(1572)) - s2@group-EA982605F2E5: inconsistency entries. Reply:s1<-s2#499:FAIL-t2,INCONSISTENCY,nextIndex=1,followerCommit=0,matchIndex=-1
2022-11-08 19:12:08,005 [grpc-default-executor-3] INFO  leader.FollowerInfo (FollowerInfoImpl.java:lambda$new$0(48)) - s1@group-EA982605F2E5->s2: nextIndex: updateUnconditionally 5 -> 1
2022-11-08 19:12:08,006 [s2-server-thread2] DEBUG server.RaftServer$Division (RaftServerImpl.java:logAppendEntries(1421)) - s2@group-EA982605F2E5: receive appendEntries(s1, 2, (t:2, i:0), 4, true, commits:[s1:c4, s0:c4, s2:c0], cId:500, entries: [(t:2, i:1), STATEMACHINELOGENTRY, 0@client-2EFB324ADA71, (t:2, i:2), METADATAENTRY(c:1), (t:2, i:3), STATEMACHINELOGENTRY, 999@client-AE8279CAF820, (t:2, i:4), METADATAENTRY(c:3)]
2022-11-08 19:12:08,006 [s2-server-thread2] INFO  server.RaftServer$Division (RaftServerImpl.java:checkInconsistentAppendEntries(1602)) - s2@group-EA982605F2E5: Failed appendEntries as previous log entry ((t:2, i:0)) is not found
2022-11-08 19:12:08,006 [s2-server-thread2] INFO  server.RaftServer$Division (RaftServerImpl.java:checkInconsistentAppendEntries(1572)) - s2@group-EA982605F2E5: inconsistency entries. Reply:s1<-s2#500:FAIL-t2,INCONSISTENCY,nextIndex=0,followerCommit=0,matchIndex=-1
2022-11-08 19:12:08,006 [grpc-default-executor-3] INFO  leader.FollowerInfo (FollowerInfoImpl.java:lambda$new$0(48)) - s1@group-EA982605F2E5->s2: nextIndex: updateUnconditionally 5 -> 0
2022-11-08 19:12:08,007 [s2-server-thread2] DEBUG server.RaftServer$Division (RaftServerImpl.java:logAppendEntries(1421)) - s2@group-EA982605F2E5: receive appendEntries(s1, 2, null, 4, true, commits:[s1:c4, s0:c4, s2:c0], cId:501, entries: [(t:2, i:0), CONFIGURATIONENTRY(current:id: "s0"
address: "localhost:34297"
dataStreamAddress: "localhost:43983"
clientAddress: "localhost:39609"
adminAddress: "localhost:37077"
startupRole: FOLLOWER
,id: "s1"
address: "localhost:38917"
dataStreamAddress: "localhost:45719"
clientAddress: "localhost:36975"
adminAddress: "localhost:40635"
startupRole: FOLLOWER
,id: "s2"
address: "localhost:35511"
dataStreamAddress: "localhost:38827"
clientAddress: "localhost:42865"
adminAddress: "localhost:36791"
startupRole: FOLLOWER
, old:), (t:2, i:1), STATEMACHINELOGENTRY, 0@client-2EFB324ADA71, (t:2, i:2), METADATAENTRY(c:1), (t:2, i:3), STATEMACHINELOGENTRY, 999@client-AE8279CAF820, (t:2, i:4), METADATAENTRY(c:3)]
2022-11-08 19:12:08,007 [s2-server-thread2] INFO  server.RaftServer$Division (RaftServerImpl.java:checkInconsistentAppendEntries(1592)) - s2@group-EA982605F2E5: Failed appendEntries as the first entry (index 0) already exists (snapshotIndex: -1, commitIndex: 0)
2022-11-08 19:12:08,008 [s2-server-thread2] INFO  server.RaftServer$Division (RaftServerImpl.java:checkInconsistentAppendEntries(1572)) - s2@group-EA982605F2E5: inconsistency entries. Reply:s1<-s2#501:FAIL-t2,INCONSISTENCY,nextIndex=1,followerCommit=0,matchIndex=-1
2022-11-08 19:12:08,008 [grpc-default-executor-3] INFO  leader.FollowerInfo (FollowerInfoImpl.java:lambda$new$0(48)) - s1@group-EA982605F2E5->s2: nextIndex: updateUnconditionally 5 -> 1
2022-11-08 19:12:08,009 [s2-server-thread2] DEBUG server.RaftServer$Division (RaftServerImpl.java:logAppendEntries(1421)) - s2@group-EA982605F2E5: receive appendEntries(s1, 2, (t:2, i:0), 4, true, commits:[s1:c4, s0:c4, s2:c0], cId:502, entries: [(t:2, i:1), STATEMACHINELOGENTRY, 0@client-2EFB324ADA71, (t:2, i:2), METADATAENTRY(c:1), (t:2, i:3), STATEMACHINELOGENTRY, 999@client-AE8279CAF820, (t:2, i:4), METADATAENTRY(c:3)]
2022-11-08 19:12:08,009 [s2-server-thread2] INFO  server.RaftServer$Division (RaftServerImpl.java:checkInconsistentAppendEntries(1602)) - s2@group-EA982605F2E5: Failed appendEntries as previous log entry ((t:2, i:0)) is not found
2022-11-08 19:12:08,009 [s2-server-thread2] INFO  server.RaftServer$Division (RaftServerImpl.java:checkInconsistentAppendEntries(1572)) - s2@group-EA982605F2E5: inconsistency entries. Reply:s1<-s2#502:FAIL-t2,INCONSISTENCY,nextIndex=0,followerCommit=0,matchIndex=-1
2022-11-08 19:12:08,010 [grpc-default-executor-3] INFO  leader.FollowerInfo (FollowerInfoImpl.java:lambda$new$0(48)) - s1@group-EA982605F2E5->s2: nextIndex: updateUnconditionally 5 -> 0
2022-11-08 19:12:08,011 [s2-server-thread2] DEBUG server.RaftServer$Division (RaftServerImpl.java:logAppendEntries(1421)) - s2@group-EA982605F2E5: receive appendEntries(s1, 2, null, 4, true, commits:[s1:c4, s0:c4, s2:c0], cId:503, entries: [(t:2, i:0), CONFIGURATIONENTRY(current:id: "s0"
address: "localhost:34297"
dataStreamAddress: "localhost:43983"
clientAddress: "localhost:39609"
adminAddress: "localhost:37077"
startupRole: FOLLOWER
,id: "s1"
address: "localhost:38917"
dataStreamAddress: "localhost:45719"
clientAddress: "localhost:36975"
adminAddress: "localhost:40635"
startupRole: FOLLOWER
,id: "s2"
address: "localhost:35511"
dataStreamAddress: "localhost:38827"
clientAddress: "localhost:42865"
adminAddress: "localhost:36791"
startupRole: FOLLOWER
, old:), (t:2, i:1), STATEMACHINELOGENTRY, 0@client-2EFB324ADA71, (t:2, i:2), METADATAENTRY(c:1), (t:2, i:3), STATEMACHINELOGENTRY, 999@client-AE8279CAF820, (t:2, i:4), METADATAENTRY(c:3)]
2022-11-08 19:12:08,011 [s2-server-thread2] INFO  server.RaftServer$Division (RaftServerImpl.java:checkInconsistentAppendEntries(1592)) - s2@group-EA982605F2E5: Failed appendEntries as the first entry (index 0) already exists (snapshotIndex: -1, commitIndex: 0)
2022-11-08 19:12:08,011 [s2-server-thread2] INFO  server.RaftServer$Division (RaftServerImpl.java:checkInconsistentAppendEntries(1572)) - s2@group-EA982605F2E5: inconsistency entries. Reply:s1<-s2#503:FAIL-t2,INCONSISTENCY,nextIndex=1,followerCommit=0,matchIndex=-1
2022-11-08 19:12:08,012 [grpc-default-executor-3] INFO  leader.FollowerInfo (FollowerInfoImpl.java:lambda$new$0(48)) - s1@group-EA982605F2E5->s2: nextIndex: updateUnconditionally 5 -> 1
2022-11-08 19:12:08,012 [s2-server-thread2] DEBUG server.RaftServer$Division (RaftServerImpl.java:logAppendEntries(1421)) - s2@group-EA982605F2E5: receive appendEntries(s1, 2, (t:2, i:0), 4, true, commits:[s1:c4, s0:c4, s2:c0], cId:504, entries: [(t:2, i:1), STATEMACHINELOGENTRY, 0@client-2EFB324ADA71, (t:2, i:2), METADATAENTRY(c:1), (t:2, i:3), STATEMACHINELOGENTRY, 999@client-AE8279CAF820, (t:2, i:4), METADATAENTRY(c:3)]
2022-11-08 19:12:08,013 [s2-server-thread2] INFO  server.RaftServer$Division (RaftServerImpl.java:checkInconsistentAppendEntries(1602)) - s2@group-EA982605F2E5: Failed appendEntries as previous log entry ((t:2, i:0)) is not found
2022-11-08 19:12:08,013 [s2-server-thread2] INFO  server.RaftServer$Division (RaftServerImpl.java:checkInconsistentAppendEntries(1572)) - s2@group-EA982605F2E5: inconsistency entries. Reply:s1<-s2#504:FAIL-t2,INCONSISTENCY,nextIndex=0,followerCommit=0,matchIndex=-1
2022-11-08 19:12:08,013 [grpc-default-executor-3] INFO  leader.FollowerInfo (FollowerInfoImpl.java:lambda$new$0(48)) - s1@group-EA982605F2E5->s2: nextIndex: updateUnconditionally 5 -> 0
2022-11-08 19:12:08,014 [s2-server-thread2] DEBUG server.RaftServer$Division (RaftServerImpl.java:logAppendEntries(1421)) - s2@group-EA982605F2E5: receive appendEntries(s1, 2, null, 4, true, commits:[s1:c4, s0:c4, s2:c0], cId:505, entries: [(t:2, i:0), CONFIGURATIONENTRY(current:id: "s0"
address: "localhost:34297"
dataStreamAddress: "localhost:43983"
clientAddress: "localhost:39609"
adminAddress: "localhost:37077"
startupRole: FOLLOWER
,id: "s1"
address: "localhost:38917"
dataStreamAddress: "localhost:45719"
clientAddress: "localhost:36975"
adminAddress: "localhost:40635"
startupRole: FOLLOWER
,id: "s2"
address: "localhost:35511"
dataStreamAddress: "localhost:38827"
clientAddress: "localhost:42865"
adminAddress: "localhost:36791"
startupRole: FOLLOWER
, old:), (t:2, i:1), STATEMACHINELOGENTRY, 0@client-2EFB324ADA71, (t:2, i:2), METADATAENTRY(c:1), (t:2, i:3), STATEMACHINELOGENTRY, 999@client-AE8279CAF820, (t:2, i:4), METADATAENTRY(c:3)]
2022-11-08 19:12:08,014 [s2-server-thread2] INFO  server.RaftServer$Division (RaftServerImpl.java:checkInconsistentAppendEntries(1592)) - s2@group-EA982605F2E5: Failed appendEntries as the first entry (index 0) already exists (snapshotIndex: -1, commitIndex: 0)
2022-11-08 19:12:08,014 [s2-server-thread2] INFO  server.RaftServer$Division (RaftServerImpl.java:checkInconsistentAppendEntries(1572)) - s2@group-EA982605F2E5: inconsistency entries. Reply:s1<-s2#505:FAIL-t2,INCONSISTENCY,nextIndex=1,followerCommit=0,matchIndex=-1
2022-11-08 19:12:08,016 [grpc-default-executor-3] INFO  leader.FollowerInfo (FollowerInfoImpl.java:lambda$new$0(48)) - s1@group-EA982605F2E5->s2: nextIndex: updateUnconditionally 5 -> 1
2022-11-08 19:12:08,017 [s2-server-thread2] DEBUG server.RaftServer$Division (RaftServerImpl.java:logAppendEntries(1421)) - s2@group-EA982605F2E5: receive appendEntries(s1, 2, (t:2, i:0), 4, true, commits:[s1:c4, s0:c4, s2:c0], cId:506, entries: [(t:2, i:1), STATEMACHINELOGENTRY, 0@client-2EFB324ADA71, (t:2, i:2), METADATAENTRY(c:1), (t:2, i:3), STATEMACHINELOGENTRY, 999@client-AE8279CAF820, (t:2, i:4), METADATAENTRY(c:3)]
2022-11-08 19:12:08,017 [s2-server-thread2] INFO  server.RaftServer$Division (RaftServerImpl.java:checkInconsistentAppendEntries(1602)) - s2@group-EA982605F2E5: Failed appendEntries as previous log entry ((t:2, i:0)) is not found
2022-11-08 19:12:08,017 [s2-server-thread2] INFO  server.RaftServer$Division (RaftServerImpl.java:checkInconsistentAppendEntries(1572)) - s2@group-EA982605F2E5: inconsistency entries. Reply:s1<-s2#506:FAIL-t2,INCONSISTENCY,nextIndex=0,followerCommit=0,matchIndex=-1
2022-11-08 19:12:08,018 [grpc-default-executor-3] INFO  leader.FollowerInfo (FollowerInfoImpl.java:lambda$new$0(48)) - s1@group-EA982605F2E5->s2: nextIndex: updateUnconditionally 5 -> 0
2022-11-08 19:12:08,019 [s2-server-thread2] DEBUG server.RaftServer$Division (RaftServerImpl.java:logAppendEntries(1421)) - s2@group-EA982605F2E5: receive appendEntries(s1, 2, null, 4, true, commits:[s1:c4, s0:c4, s2:c0], cId:507, entries: [(t:2, i:0), CONFIGURATIONENTRY(current:id: "s0"
address: "localhost:34297"
dataStreamAddress: "localhost:43983"
clientAddress: "localhost:39609"
adminAddress: "localhost:37077"
startupRole: FOLLOWER
,id: "s1"
address: "localhost:38917"
dataStreamAddress: "localhost:45719"
clientAddress: "localhost:36975"
adminAddress: "localhost:40635"
startupRole: FOLLOWER
,id: "s2"
address: "localhost:35511"
dataStreamAddress: "localhost:38827"
clientAddress: "localhost:42865"
adminAddress: "localhost:36791"
startupRole: FOLLOWER
, old:), (t:2, i:1), STATEMACHINELOGENTRY, 0@client-2EFB324ADA71, (t:2, i:2), METADATAENTRY(c:1), (t:2, i:3), STATEMACHINELOGENTRY, 999@client-AE8279CAF820, (t:2, i:4), METADATAENTRY(c:3)]
2022-11-08 19:12:08,019 [s2-server-thread2] INFO  server.RaftServer$Division (RaftServerImpl.java:checkInconsistentAppendEntries(1592)) - s2@group-EA982605F2E5: Failed appendEntries as the first entry (index 0) already exists (snapshotIndex: -1, commitIndex: 0)
2022-11-08 19:12:08,019 [s2-server-thread2] INFO  server.RaftServer$Division (RaftServerImpl.java:checkInconsistentAppendEntries(1572)) - s2@group-EA982605F2E5: inconsistency entries. Reply:s1<-s2#507:FAIL-t2,INCONSISTENCY,nextIndex=1,followerCommit=0,matchIndex=-1
2022-11-08 19:12:08,020 [grpc-default-executor-3] INFO  leader.FollowerInfo (FollowerInfoImpl.java:lambda$new$0(48)) - s1@group-EA982605F2E5->s2: nextIndex: updateUnconditionally 5 -> 1
2022-11-08 19:12:08,021 [s2-server-thread2] DEBUG server.RaftServer$Division (RaftServerImpl.java:logAppendEntries(1421)) - s2@group-EA982605F2E5: receive appendEntries(s1, 2, (t:2, i:0), 4, true, commits:[s1:c4, s0:c4, s2:c0], cId:508, entries: [(t:2, i:1), STATEMACHINELOGENTRY, 0@client-2EFB324ADA71, (t:2, i:2), METADATAENTRY(c:1), (t:2, i:3), STATEMACHINELOGENTRY, 999@client-AE8279CAF820, (t:2, i:4), METADATAENTRY(c:3)]
2022-11-08 19:12:08,021 [s2-server-thread2] INFO  server.RaftServer$Division (RaftServerImpl.java:checkInconsistentAppendEntries(1602)) - s2@group-EA982605F2E5: Failed appendEntries as previous log entry ((t:2, i:0)) is not found
2022-11-08 19:12:08,021 [s2-server-thread2] INFO  server.RaftServer$Division (RaftServerImpl.java:checkInconsistentAppendEntries(1572)) - s2@group-EA982605F2E5: inconsistency entries. Reply:s1<-s2#508:FAIL-t2,INCONSISTENCY,nextIndex=0,followerCommit=0,matchIndex=-1
2022-11-08 19:12:08,021 [grpc-default-executor-3] INFO  leader.FollowerInfo (FollowerInfoImpl.java:lambda$new$0(48)) - s1@group-EA982605F2E5->s2: nextIndex: updateUnconditionally 5 -> 0
2022-11-08 19:12:08,022 [s2-server-thread2] DEBUG server.RaftServer$Division (RaftServerImpl.java:logAppendEntries(1421)) - s2@group-EA982605F2E5: receive appendEntries(s1, 2, null, 4, true, commits:[s1:c4, s0:c4, s2:c0], cId:509, entries: [(t:2, i:0), CONFIGURATIONENTRY(current:id: "s0"
address: "localhost:34297"
dataStreamAddress: "localhost:43983"
clientAddress: "localhost:39609"
adminAddress: "localhost:37077"
startupRole: FOLLOWER
,id: "s1"
address: "localhost:38917"
dataStreamAddress: "localhost:45719"
clientAddress: "localhost:36975"
adminAddress: "localhost:40635"
startupRole: FOLLOWER
,id: "s2"
address: "localhost:35511"
dataStreamAddress: "localhost:38827"
clientAddress: "localhost:42865"
adminAddress: "localhost:36791"
startupRole: FOLLOWER
, old:), (t:2, i:1), STATEMACHINELOGENTRY, 0@client-2EFB324ADA71, (t:2, i:2), METADATAENTRY(c:1), (t:2, i:3), STATEMACHINELOGENTRY, 999@client-AE8279CAF820, (t:2, i:4), METADATAENTRY(c:3)]
2022-11-08 19:12:08,023 [s2-server-thread2] INFO  server.RaftServer$Division (RaftServerImpl.java:checkInconsistentAppendEntries(1592)) - s2@group-EA982605F2E5: Failed appendEntries as the first entry (index 0) already exists (snapshotIndex: -1, commitIndex: 0)
2022-11-08 19:12:08,023 [s2-server-thread2] INFO  server.RaftServer$Division (RaftServerImpl.java:checkInconsistentAppendEntries(1572)) - s2@group-EA982605F2E5: inconsistency entries. Reply:s1<-s2#509:FAIL-t2,INCONSISTENCY,nextIndex=1,followerCommit=0,matchIndex=-1
2022-11-08 19:12:08,023 [grpc-default-executor-3] INFO  leader.FollowerInfo (FollowerInfoImpl.java:lambda$new$0(48)) - s1@group-EA982605F2E5->s2: nextIndex: updateUnconditionally 5 -> 1
2022-11-08 19:12:08,024 [s2-server-thread2] DEBUG server.RaftServer$Division (RaftServerImpl.java:logAppendEntries(1421)) - s2@group-EA982605F2E5: receive appendEntries(s1, 2, (t:2, i:0), 4, true, commits:[s1:c4, s0:c4, s2:c0], cId:510, entries: [(t:2, i:1), STATEMACHINELOGENTRY, 0@client-2EFB324ADA71, (t:2, i:2), METADATAENTRY(c:1), (t:2, i:3), STATEMACHINELOGENTRY, 999@client-AE8279CAF820, (t:2, i:4), METADATAENTRY(c:3)]
2022-11-08 19:12:08,024 [s2-server-thread2] INFO  server.RaftServer$Division (RaftServerImpl.java:checkInconsistentAppendEntries(1602)) - s2@group-EA982605F2E5: Failed appendEntries as previous log entry ((t:2, i:0)) is not found
2022-11-08 19:12:08,024 [s2-server-thread2] INFO  server.RaftServer$Division (RaftServerImpl.java:checkInconsistentAppendEntries(1572)) - s2@group-EA982605F2E5: inconsistency entries. Reply:s1<-s2#510:FAIL-t2,INCONSISTENCY,nextIndex=0,followerCommit=0,matchIndex=-1
2022-11-08 19:12:08,025 [grpc-default-executor-3] INFO  leader.FollowerInfo (FollowerInfoImpl.java:lambda$new$0(48)) - s1@group-EA982605F2E5->s2: nextIndex: updateUnconditionally 5 -> 0
2022-11-08 19:12:08,026 [s2-server-thread2] DEBUG server.RaftServer$Division (RaftServerImpl.java:logAppendEntries(1421)) - s2@group-EA982605F2E5: receive appendEntries(s1, 2, null, 4, true, commits:[s1:c4, s0:c4, s2:c0], cId:511, entries: [(t:2, i:0), CONFIGURATIONENTRY(current:id: "s0"
address: "localhost:34297"
dataStreamAddress: "localhost:43983"
clientAddress: "localhost:39609"
adminAddress: "localhost:37077"
startupRole: FOLLOWER
,id: "s1"
address: "localhost:38917"
dataStreamAddress: "localhost:45719"
clientAddress: "localhost:36975"
adminAddress: "localhost:40635"
startupRole: FOLLOWER
,id: "s2"
address: "localhost:35511"
dataStreamAddress: "localhost:38827"
clientAddress: "localhost:42865"
adminAddress: "localhost:36791"
startupRole: FOLLOWER
, old:), (t:2, i:1), STATEMACHINELOGENTRY, 0@client-2EFB324ADA71, (t:2, i:2), METADATAENTRY(c:1), (t:2, i:3), STATEMACHINELOGENTRY, 999@client-AE8279CAF820, (t:2, i:4), METADATAENTRY(c:3)]
2022-11-08 19:12:08,026 [s2-server-thread2] INFO  server.RaftServer$Division (RaftServerImpl.java:checkInconsistentAppendEntries(1592)) - s2@group-EA982605F2E5: Failed appendEntries as the first entry (index 0) already exists (snapshotIndex: -1, commitIndex: 0)
2022-11-08 19:12:08,026 [s2-server-thread2] INFO  server.RaftServer$Division (RaftServerImpl.java:checkInconsistentAppendEntries(1572)) - s2@group-EA982605F2E5: inconsistency entries. Reply:s1<-s2#511:FAIL-t2,INCONSISTENCY,nextIndex=1,followerCommit=0,matchIndex=-1
2022-11-08 19:12:08,027 [grpc-default-executor-3] INFO  leader.FollowerInfo (FollowerInfoImpl.java:lambda$new$0(48)) - s1@group-EA982605F2E5->s2: nextIndex: updateUnconditionally 5 -> 1
2022-11-08 19:12:08,027 [s2-server-thread2] DEBUG server.RaftServer$Division (RaftServerImpl.java:logAppendEntries(1421)) - s2@group-EA982605F2E5: receive appendEntries(s1, 2, (t:2, i:0), 4, true, commits:[s1:c4, s0:c4, s2:c0], cId:512, entries: [(t:2, i:1), STATEMACHINELOGENTRY, 0@client-2EFB324ADA71, (t:2, i:2), METADATAENTRY(c:1), (t:2, i:3), STATEMACHINELOGENTRY, 999@client-AE8279CAF820, (t:2, i:4), METADATAENTRY(c:3)]
2022-11-08 19:12:08,028 [s2-server-thread2] INFO  server.RaftServer$Division (RaftServerImpl.java:checkInconsistentAppendEntries(1602)) - s2@group-EA982605F2E5: Failed appendEntries as previous log entry ((t:2, i:0)) is not found
2022-11-08 19:12:08,028 [s2-server-thread2] INFO  server.RaftServer$Division (RaftServerImpl.java:checkInconsistentAppendEntries(1572)) - s2@group-EA982605F2E5: inconsistency entries. Reply:s1<-s2#512:FAIL-t2,INCONSISTENCY,nextIndex=0,followerCommit=0,matchIndex=-1
2022-11-08 19:12:08,028 [grpc-default-executor-3] INFO  leader.FollowerInfo (FollowerInfoImpl.java:lambda$new$0(48)) - s1@group-EA982605F2E5->s2: nextIndex: updateUnconditionally 5 -> 0
2022-11-08 19:12:08,029 [s2-server-thread2] DEBUG server.RaftServer$Division (RaftServerImpl.java:logAppendEntries(1421)) - s2@group-EA982605F2E5: receive appendEntries(s1, 2, null, 4, true, commits:[s1:c4, s0:c4, s2:c0], cId:513, entries: [(t:2, i:0), CONFIGURATIONENTRY(current:id: "s0"
address: "localhost:34297"
dataStreamAddress: "localhost:43983"
clientAddress: "localhost:39609"
adminAddress: "localhost:37077"
startupRole: FOLLOWER
,id: "s1"
address: "localhost:38917"
dataStreamAddress: "localhost:45719"
clientAddress: "localhost:36975"
adminAddress: "localhost:40635"
startupRole: FOLLOWER
,id: "s2"
address: "localhost:35511"
dataStreamAddress: "localhost:38827"
clientAddress: "localhost:42865"
adminAddress: "localhost:36791"
startupRole: FOLLOWER
, old:), (t:2, i:1), STATEMACHINELOGENTRY, 0@client-2EFB324ADA71, (t:2, i:2), METADATAENTRY(c:1), (t:2, i:3), STATEMACHINELOGENTRY, 999@client-AE8279CAF820, (t:2, i:4), METADATAENTRY(c:3)]
2022-11-08 19:12:08,030 [s2-server-thread2] INFO  server.RaftServer$Division (RaftServerImpl.java:checkInconsistentAppendEntries(1592)) - s2@group-EA982605F2E5: Failed appendEntries as the first entry (index 0) already exists (snapshotIndex: -1, commitIndex: 0)
2022-11-08 19:12:08,030 [s2-server-thread2] INFO  server.RaftServer$Division (RaftServerImpl.java:checkInconsistentAppendEntries(1572)) - s2@group-EA982605F2E5: inconsistency entries. Reply:s1<-s2#513:FAIL-t2,INCONSISTENCY,nextIndex=1,followerCommit=0,matchIndex=-1
2022-11-08 19:12:08,030 [grpc-default-executor-3] INFO  leader.FollowerInfo (FollowerInfoImpl.java:lambda$new$0(48)) - s1@group-EA982605F2E5->s2: nextIndex: updateUnconditionally 5 -> 1
2022-11-08 19:12:08,031 [s2-server-thread2] DEBUG server.RaftServer$Division (RaftServerImpl.java:logAppendEntries(1421)) - s2@group-EA982605F2E5: receive appendEntries(s1, 2, (t:2, i:0), 4, true, commits:[s1:c4, s0:c4, s2:c0], cId:514, entries: [(t:2, i:1), STATEMACHINELOGENTRY, 0@client-2EFB324ADA71, (t:2, i:2), METADATAENTRY(c:1), (t:2, i:3), STATEMACHINELOGENTRY, 999@client-AE8279CAF820, (t:2, i:4), METADATAENTRY(c:3)]
2022-11-08 19:12:08,031 [s2-server-thread2] INFO  server.RaftServer$Division (RaftServerImpl.java:checkInconsistentAppendEntries(1602)) - s2@group-EA982605F2E5: Failed appendEntries as previous log entry ((t:2, i:0)) is not found
2022-11-08 19:12:08,031 [s2-server-thread2] INFO  server.RaftServer$Division (RaftServerImpl.java:checkInconsistentAppendEntries(1572)) - s2@group-EA982605F2E5: inconsistency entries. Reply:s1<-s2#514:FAIL-t2,INCONSISTENCY,nextIndex=0,followerCommit=0,matchIndex=-1
2022-11-08 19:12:08,032 [grpc-default-executor-3] INFO  leader.FollowerInfo (FollowerInfoImpl.java:lambda$new$0(48)) - s1@group-EA982605F2E5->s2: nextIndex: updateUnconditionally 5 -> 0
2022-11-08 19:12:08,033 [s2-server-thread2] DEBUG server.RaftServer$Division (RaftServerImpl.java:logAppendEntries(1421)) - s2@group-EA982605F2E5: receive appendEntries(s1, 2, null, 4, true, commits:[s1:c4, s0:c4, s2:c0], cId:515, entries: [(t:2, i:0), CONFIGURATIONENTRY(current:id: "s0"
address: "localhost:34297"
dataStreamAddress: "localhost:43983"
clientAddress: "localhost:39609"
adminAddress: "localhost:37077"
startupRole: FOLLOWER
,id: "s1"
address: "localhost:38917"
dataStreamAddress: "localhost:45719"
clientAddress: "localhost:36975"
adminAddress: "localhost:40635"
startupRole: FOLLOWER
,id: "s2"
address: "localhost:35511"
dataStreamAddress: "localhost:38827"
clientAddress: "localhost:42865"
adminAddress: "localhost:36791"
startupRole: FOLLOWER
, old:), (t:2, i:1), STATEMACHINELOGENTRY, 0@client-2EFB324ADA71, (t:2, i:2), METADATAENTRY(c:1), (t:2, i:3), STATEMACHINELOGENTRY, 999@client-AE8279CAF820, (t:2, i:4), METADATAENTRY(c:3)]
2022-11-08 19:12:08,033 [s2-server-thread2] INFO  server.RaftServer$Division (RaftServerImpl.java:checkInconsistentAppendEntries(1592)) - s2@group-EA982605F2E5: Failed appendEntries as the first entry (index 0) already exists (snapshotIndex: -1, commitIndex: 0)
2022-11-08 19:12:08,033 [s2-server-thread2] INFO  server.RaftServer$Division (RaftServerImpl.java:checkInconsistentAppendEntries(1572)) - s2@group-EA982605F2E5: inconsistency entries. Reply:s1<-s2#515:FAIL-t2,INCONSISTENCY,nextIndex=1,followerCommit=0,matchIndex=-1
2022-11-08 19:12:08,033 [grpc-default-executor-3] INFO  leader.FollowerInfo (FollowerInfoImpl.java:lambda$new$0(48)) - s1@group-EA982605F2E5->s2: nextIndex: updateUnconditionally 5 -> 1
2022-11-08 19:12:08,034 [s2-server-thread2] DEBUG server.RaftServer$Division (RaftServerImpl.java:logAppendEntries(1421)) - s2@group-EA982605F2E5: receive appendEntries(s1, 2, (t:2, i:0), 4, true, commits:[s1:c4, s0:c4, s2:c0], cId:516, entries: [(t:2, i:1), STATEMACHINELOGENTRY, 0@client-2EFB324ADA71, (t:2, i:2), METADATAENTRY(c:1), (t:2, i:3), STATEMACHINELOGENTRY, 999@client-AE8279CAF820, (t:2, i:4), METADATAENTRY(c:3)]
2022-11-08 19:12:08,034 [s2-server-thread2] INFO  server.RaftServer$Division (RaftServerImpl.java:checkInconsistentAppendEntries(1602)) - s2@group-EA982605F2E5: Failed appendEntries as previous log entry ((t:2, i:0)) is not found
2022-11-08 19:12:08,034 [s2-server-thread2] INFO  server.RaftServer$Division (RaftServerImpl.java:checkInconsistentAppendEntries(1572)) - s2@group-EA982605F2E5: inconsistency entries. Reply:s1<-s2#516:FAIL-t2,INCONSISTENCY,nextIndex=0,followerCommit=0,matchIndex=-1
2022-11-08 19:12:08,035 [grpc-default-executor-3] INFO  leader.FollowerInfo (FollowerInfoImpl.java:lambda$new$0(48)) - s1@group-EA982605F2E5->s2: nextIndex: updateUnconditionally 5 -> 0
2022-11-08 19:12:08,036 [s2-server-thread2] DEBUG server.RaftServer$Division (RaftServerImpl.java:logAppendEntries(1421)) - s2@group-EA982605F2E5: receive appendEntries(s1, 2, null, 4, true, commits:[s1:c4, s0:c4, s2:c0], cId:517, entries: [(t:2, i:0), CONFIGURATIONENTRY(current:id: "s0"
address: "localhost:34297"
dataStreamAddress: "localhost:43983"
clientAddress: "localhost:39609"
adminAddress: "localhost:37077"
startupRole: FOLLOWER
,id: "s1"
address: "localhost:38917"
dataStreamAddress: "localhost:45719"
clientAddress: "localhost:36975"
adminAddress: "localhost:40635"
startupRole: FOLLOWER
,id: "s2"
address: "localhost:35511"
dataStreamAddress: "localhost:38827"
clientAddress: "localhost:42865"
adminAddress: "localhost:36791"
startupRole: FOLLOWER
, old:), (t:2, i:1), STATEMACHINELOGENTRY, 0@client-2EFB324ADA71, (t:2, i:2), METADATAENTRY(c:1), (t:2, i:3), STATEMACHINELOGENTRY, 999@client-AE8279CAF820, (t:2, i:4), METADATAENTRY(c:3)]
2022-11-08 19:12:08,036 [s2-server-thread2] INFO  server.RaftServer$Division (RaftServerImpl.java:checkInconsistentAppendEntries(1592)) - s2@group-EA982605F2E5: Failed appendEntries as the first entry (index 0) already exists (snapshotIndex: -1, commitIndex: 0)
2022-11-08 19:12:08,036 [s2-server-thread2] INFO  server.RaftServer$Division (RaftServerImpl.java:checkInconsistentAppendEntries(1572)) - s2@group-EA982605F2E5: inconsistency entries. Reply:s1<-s2#517:FAIL-t2,INCONSISTENCY,nextIndex=1,followerCommit=0,matchIndex=-1
2022-11-08 19:12:08,037 [grpc-default-executor-3] INFO  leader.FollowerInfo (FollowerInfoImpl.java:lambda$new$0(48)) - s1@group-EA982605F2E5->s2: nextIndex: updateUnconditionally 5 -> 1
2022-11-08 19:12:08,038 [s2-server-thread2] DEBUG server.RaftServer$Division (RaftServerImpl.java:logAppendEntries(1421)) - s2@group-EA982605F2E5: receive appendEntries(s1, 2, (t:2, i:0), 4, true, commits:[s1:c4, s0:c4, s2:c0], cId:518, entries: [(t:2, i:1), STATEMACHINELOGENTRY, 0@client-2EFB324ADA71, (t:2, i:2), METADATAENTRY(c:1), (t:2, i:3), STATEMACHINELOGENTRY, 999@client-AE8279CAF820, (t:2, i:4), METADATAENTRY(c:3)]
2022-11-08 19:12:08,038 [s2-server-thread2] INFO  server.RaftServer$Division (RaftServerImpl.java:checkInconsistentAppendEntries(1602)) - s2@group-EA982605F2E5: Failed appendEntries as previous log entry ((t:2, i:0)) is not found
2022-11-08 19:12:08,038 [s2-server-thread2] INFO  server.RaftServer$Division (RaftServerImpl.java:checkInconsistentAppendEntries(1572)) - s2@group-EA982605F2E5: inconsistency entries. Reply:s1<-s2#518:FAIL-t2,INCONSISTENCY,nextIndex=0,followerCommit=0,matchIndex=-1
2022-11-08 19:12:08,038 [grpc-default-executor-3] INFO  leader.FollowerInfo (FollowerInfoImpl.java:lambda$new$0(48)) - s1@group-EA982605F2E5->s2: nextIndex: updateUnconditionally 5 -> 0
2022-11-08 19:12:08,039 [s2-server-thread2] DEBUG server.RaftServer$Division (RaftServerImpl.java:logAppendEntries(1421)) - s2@group-EA982605F2E5: receive appendEntries(s1, 2, null, 4, true, commits:[s1:c4, s0:c4, s2:c0], cId:519, entries: [(t:2, i:0), CONFIGURATIONENTRY(current:id: "s0"
address: "localhost:34297"
dataStreamAddress: "localhost:43983"
clientAddress: "localhost:39609"
adminAddress: "localhost:37077"
startupRole: FOLLOWER
,id: "s1"
address: "localhost:38917"
dataStreamAddress: "localhost:45719"
clientAddress: "localhost:36975"
adminAddress: "localhost:40635"
startupRole: FOLLOWER
,id: "s2"
address: "localhost:35511"
dataStreamAddress: "localhost:38827"
clientAddress: "localhost:42865"
adminAddress: "localhost:36791"
startupRole: FOLLOWER
, old:), (t:2, i:1), STATEMACHINELOGENTRY, 0@client-2EFB324ADA71, (t:2, i:2), METADATAENTRY(c:1), (t:2, i:3), STATEMACHINELOGENTRY, 999@client-AE8279CAF820, (t:2, i:4), METADATAENTRY(c:3)]
2022-11-08 19:12:08,039 [s2-server-thread2] INFO  server.RaftServer$Division (RaftServerImpl.java:checkInconsistentAppendEntries(1592)) - s2@group-EA982605F2E5: Failed appendEntries as the first entry (index 0) already exists (snapshotIndex: -1, commitIndex: 0)
2022-11-08 19:12:08,039 [s2-server-thread2] INFO  server.RaftServer$Division (RaftServerImpl.java:checkInconsistentAppendEntries(1572)) - s2@group-EA982605F2E5: inconsistency entries. Reply:s1<-s2#519:FAIL-t2,INCONSISTENCY,nextIndex=1,followerCommit=0,matchIndex=-1
2022-11-08 19:12:08,040 [grpc-default-executor-3] INFO  leader.FollowerInfo (FollowerInfoImpl.java:lambda$new$0(48)) - s1@group-EA982605F2E5->s2: nextIndex: updateUnconditionally 5 -> 1
2022-11-08 19:12:08,041 [s2-server-thread2] DEBUG server.RaftServer$Division (RaftServerImpl.java:logAppendEntries(1421)) - s2@group-EA982605F2E5: receive appendEntries(s1, 2, (t:2, i:0), 4, true, commits:[s1:c4, s0:c4, s2:c0], cId:520, entries: [(t:2, i:1), STATEMACHINELOGENTRY, 0@client-2EFB324ADA71, (t:2, i:2), METADATAENTRY(c:1), (t:2, i:3), STATEMACHINELOGENTRY, 999@client-AE8279CAF820, (t:2, i:4), METADATAENTRY(c:3)]
2022-11-08 19:12:08,041 [s2-server-thread2] INFO  server.RaftServer$Division (RaftServerImpl.java:checkInconsistentAppendEntries(1602)) - s2@group-EA982605F2E5: Failed appendEntries as previous log entry ((t:2, i:0)) is not found
2022-11-08 19:12:08,041 [s2-server-thread2] INFO  server.RaftServer$Division (RaftServerImpl.java:checkInconsistentAppendEntries(1572)) - s2@group-EA982605F2E5: inconsistency entries. Reply:s1<-s2#520:FAIL-t2,INCONSISTENCY,nextIndex=0,followerCommit=0,matchIndex=-1
2022-11-08 19:12:08,042 [grpc-default-executor-3] INFO  leader.FollowerInfo (FollowerInfoImpl.java:lambda$new$0(48)) - s1@group-EA982605F2E5->s2: nextIndex: updateUnconditionally 5 -> 0
2022-11-08 19:12:08,043 [s2-server-thread2] DEBUG server.RaftServer$Division (RaftServerImpl.java:logAppendEntries(1421)) - s2@group-EA982605F2E5: receive appendEntries(s1, 2, null, 4, true, commits:[s1:c4, s0:c4, s2:c0], cId:521, entries: [(t:2, i:0), CONFIGURATIONENTRY(current:id: "s0"
address: "localhost:34297"
dataStreamAddress: "localhost:43983"
clientAddress: "localhost:39609"
adminAddress: "localhost:37077"
startupRole: FOLLOWER
,id: "s1"
address: "localhost:38917"
dataStreamAddress: "localhost:45719"
clientAddress: "localhost:36975"
adminAddress: "localhost:40635"
startupRole: FOLLOWER
,id: "s2"
address: "localhost:35511"
dataStreamAddress: "localhost:38827"
clientAddress: "localhost:42865"
adminAddress: "localhost:36791"
startupRole: FOLLOWER
, old:), (t:2, i:1), STATEMACHINELOGENTRY, 0@client-2EFB324ADA71, (t:2, i:2), METADATAENTRY(c:1), (t:2, i:3), STATEMACHINELOGENTRY, 999@client-AE8279CAF820, (t:2, i:4), METADATAENTRY(c:3)]
2022-11-08 19:12:08,043 [s2-server-thread2] INFO  server.RaftServer$Division (RaftServerImpl.java:checkInconsistentAppendEntries(1592)) - s2@group-EA982605F2E5: Failed appendEntries as the first entry (index 0) already exists (snapshotIndex: -1, commitIndex: 0)
2022-11-08 19:12:08,043 [s2-server-thread2] INFO  server.RaftServer$Division (RaftServerImpl.java:checkInconsistentAppendEntries(1572)) - s2@group-EA982605F2E5: inconsistency entries. Reply:s1<-s2#521:FAIL-t2,INCONSISTENCY,nextIndex=1,followerCommit=0,matchIndex=-1
2022-11-08 19:12:08,043 [grpc-default-executor-3] INFO  leader.FollowerInfo (FollowerInfoImpl.java:lambda$new$0(48)) - s1@group-EA982605F2E5->s2: nextIndex: updateUnconditionally 5 -> 1
2022-11-08 19:12:08,044 [s2-server-thread2] DEBUG server.RaftServer$Division (RaftServerImpl.java:logAppendEntries(1421)) - s2@group-EA982605F2E5: receive appendEntries(s1, 2, (t:2, i:0), 4, true, commits:[s1:c4, s0:c4, s2:c0], cId:522, entries: [(t:2, i:1), STATEMACHINELOGENTRY, 0@client-2EFB324ADA71, (t:2, i:2), METADATAENTRY(c:1), (t:2, i:3), STATEMACHINELOGENTRY, 999@client-AE8279CAF820, (t:2, i:4), METADATAENTRY(c:3)]
2022-11-08 19:12:08,044 [s2-server-thread2] INFO  server.RaftServer$Division (RaftServerImpl.java:checkInconsistentAppendEntries(1602)) - s2@group-EA982605F2E5: Failed appendEntries as previous log entry ((t:2, i:0)) is not found
2022-11-08 19:12:08,044 [s2-server-thread2] INFO  server.RaftServer$Division (RaftServerImpl.java:checkInconsistentAppendEntries(1572)) - s2@group-EA982605F2E5: inconsistency entries. Reply:s1<-s2#522:FAIL-t2,INCONSISTENCY,nextIndex=0,followerCommit=0,matchIndex=-1
2022-11-08 19:12:08,045 [grpc-default-executor-3] INFO  leader.FollowerInfo (FollowerInfoImpl.java:lambda$new$0(48)) - s1@group-EA982605F2E5->s2: nextIndex: updateUnconditionally 5 -> 0
2022-11-08 19:12:08,046 [s2-server-thread2] DEBUG server.RaftServer$Division (RaftServerImpl.java:logAppendEntries(1421)) - s2@group-EA982605F2E5: receive appendEntries(s1, 2, null, 4, true, commits:[s1:c4, s0:c4, s2:c0], cId:523, entries: [(t:2, i:0), CONFIGURATIONENTRY(current:id: "s0"
address: "localhost:34297"
dataStreamAddress: "localhost:43983"
clientAddress: "localhost:39609"
adminAddress: "localhost:37077"
startupRole: FOLLOWER
,id: "s1"
address: "localhost:38917"
dataStreamAddress: "localhost:45719"
clientAddress: "localhost:36975"
adminAddress: "localhost:40635"
startupRole: FOLLOWER
,id: "s2"
address: "localhost:35511"
dataStreamAddress: "localhost:38827"
clientAddress: "localhost:42865"
adminAddress: "localhost:36791"
startupRole: FOLLOWER
, old:), (t:2, i:1), STATEMACHINELOGENTRY, 0@client-2EFB324ADA71, (t:2, i:2), METADATAENTRY(c:1), (t:2, i:3), STATEMACHINELOGENTRY, 999@client-AE8279CAF820, (t:2, i:4), METADATAENTRY(c:3)]
2022-11-08 19:12:08,046 [s2-server-thread2] INFO  server.RaftServer$Division (RaftServerImpl.java:checkInconsistentAppendEntries(1592)) - s2@group-EA982605F2E5: Failed appendEntries as the first entry (index 0) already exists (snapshotIndex: -1, commitIndex: 0)
2022-11-08 19:12:08,046 [s2-server-thread2] INFO  server.RaftServer$Division (RaftServerImpl.java:checkInconsistentAppendEntries(1572)) - s2@group-EA982605F2E5: inconsistency entries. Reply:s1<-s2#523:FAIL-t2,INCONSISTENCY,nextIndex=1,followerCommit=0,matchIndex=-1
2022-11-08 19:12:08,046 [grpc-default-executor-3] INFO  leader.FollowerInfo (FollowerInfoImpl.java:lambda$new$0(48)) - s1@group-EA982605F2E5->s2: nextIndex: updateUnconditionally 5 -> 1
2022-11-08 19:12:08,048 [s2-server-thread2] DEBUG server.RaftServer$Division (RaftServerImpl.java:logAppendEntries(1421)) - s2@group-EA982605F2E5: receive appendEntries(s1, 2, (t:2, i:0), 4, true, commits:[s1:c4, s0:c4, s2:c0], cId:524, entries: [(t:2, i:1), STATEMACHINELOGENTRY, 0@client-2EFB324ADA71, (t:2, i:2), METADATAENTRY(c:1), (t:2, i:3), STATEMACHINELOGENTRY, 999@client-AE8279CAF820, (t:2, i:4), METADATAENTRY(c:3)]
2022-11-08 19:12:08,048 [s2-server-thread2] INFO  server.RaftServer$Division (RaftServerImpl.java:checkInconsistentAppendEntries(1602)) - s2@group-EA982605F2E5: Failed appendEntries as previous log entry ((t:2, i:0)) is not found
2022-11-08 19:12:08,048 [s2-server-thread2] INFO  server.RaftServer$Division (RaftServerImpl.java:checkInconsistentAppendEntries(1572)) - s2@group-EA982605F2E5: inconsistency entries. Reply:s1<-s2#524:FAIL-t2,INCONSISTENCY,nextIndex=0,followerCommit=0,matchIndex=-1
2022-11-08 19:12:08,048 [grpc-default-executor-3] INFO  leader.FollowerInfo (FollowerInfoImpl.java:lambda$new$0(48)) - s1@group-EA982605F2E5->s2: nextIndex: updateUnconditionally 5 -> 0
2022-11-08 19:12:08,049 [s2-server-thread2] DEBUG server.RaftServer$Division (RaftServerImpl.java:logAppendEntries(1421)) - s2@group-EA982605F2E5: receive appendEntries(s1, 2, null, 4, true, commits:[s1:c4, s0:c4, s2:c0], cId:525, entries: [(t:2, i:0), CONFIGURATIONENTRY(current:id: "s0"
address: "localhost:34297"
dataStreamAddress: "localhost:43983"
clientAddress: "localhost:39609"
adminAddress: "localhost:37077"
startupRole: FOLLOWER
,id: "s1"
address: "localhost:38917"
dataStreamAddress: "localhost:45719"
clientAddress: "localhost:36975"
adminAddress: "localhost:40635"
startupRole: FOLLOWER
,id: "s2"
address: "localhost:35511"
dataStreamAddress: "localhost:38827"
clientAddress: "localhost:42865"
adminAddress: "localhost:36791"
startupRole: FOLLOWER
, old:), (t:2, i:1), STATEMACHINELOGENTRY, 0@client-2EFB324ADA71, (t:2, i:2), METADATAENTRY(c:1), (t:2, i:3), STATEMACHINELOGENTRY, 999@client-AE8279CAF820, (t:2, i:4), METADATAENTRY(c:3)]
2022-11-08 19:12:08,049 [s2-server-thread2] INFO  server.RaftServer$Division (RaftServerImpl.java:checkInconsistentAppendEntries(1592)) - s2@group-EA982605F2E5: Failed appendEntries as the first entry (index 0) already exists (snapshotIndex: -1, commitIndex: 0)
2022-11-08 19:12:08,049 [s2-server-thread2] INFO  server.RaftServer$Division (RaftServerImpl.java:checkInconsistentAppendEntries(1572)) - s2@group-EA982605F2E5: inconsistency entries. Reply:s1<-s2#525:FAIL-t2,INCONSISTENCY,nextIndex=1,followerCommit=0,matchIndex=-1
2022-11-08 19:12:08,050 [grpc-default-executor-3] INFO  leader.FollowerInfo (FollowerInfoImpl.java:lambda$new$0(48)) - s1@group-EA982605F2E5->s2: nextIndex: updateUnconditionally 5 -> 1
2022-11-08 19:12:08,051 [s2-server-thread2] DEBUG server.RaftServer$Division (RaftServerImpl.java:logAppendEntries(1421)) - s2@group-EA982605F2E5: receive appendEntries(s1, 2, (t:2, i:0), 4, true, commits:[s1:c4, s0:c4, s2:c0], cId:526, entries: [(t:2, i:1), STATEMACHINELOGENTRY, 0@client-2EFB324ADA71, (t:2, i:2), METADATAENTRY(c:1), (t:2, i:3), STATEMACHINELOGENTRY, 999@client-AE8279CAF820, (t:2, i:4), METADATAENTRY(c:3)]
2022-11-08 19:12:08,051 [s2-server-thread2] INFO  server.RaftServer$Division (RaftServerImpl.java:checkInconsistentAppendEntries(1602)) - s2@group-EA982605F2E5: Failed appendEntries as previous log entry ((t:2, i:0)) is not found
2022-11-08 19:12:08,051 [s2-server-thread2] INFO  server.RaftServer$Division (RaftServerImpl.java:checkInconsistentAppendEntries(1572)) - s2@group-EA982605F2E5: inconsistency entries. Reply:s1<-s2#526:FAIL-t2,INCONSISTENCY,nextIndex=0,followerCommit=0,matchIndex=-1
2022-11-08 19:12:08,052 [grpc-default-executor-3] INFO  leader.FollowerInfo (FollowerInfoImpl.java:lambda$new$0(48)) - s1@group-EA982605F2E5->s2: nextIndex: updateUnconditionally 5 -> 0
2022-11-08 19:12:08,053 [s2-server-thread2] DEBUG server.RaftServer$Division (RaftServerImpl.java:logAppendEntries(1421)) - s2@group-EA982605F2E5: receive appendEntries(s1, 2, null, 4, true, commits:[s1:c4, s0:c4, s2:c0], cId:527, entries: [(t:2, i:0), CONFIGURATIONENTRY(current:id: "s0"
address: "localhost:34297"
dataStreamAddress: "localhost:43983"
clientAddress: "localhost:39609"
adminAddress: "localhost:37077"
startupRole: FOLLOWER
,id: "s1"
address: "localhost:38917"
dataStreamAddress: "localhost:45719"
clientAddress: "localhost:36975"
adminAddress: "localhost:40635"
startupRole: FOLLOWER
,id: "s2"
address: "localhost:35511"
dataStreamAddress: "localhost:38827"
clientAddress: "localhost:42865"
adminAddress: "localhost:36791"
startupRole: FOLLOWER
, old:), (t:2, i:1), STATEMACHINELOGENTRY, 0@client-2EFB324ADA71, (t:2, i:2), METADATAENTRY(c:1), (t:2, i:3), STATEMACHINELOGENTRY, 999@client-AE8279CAF820, (t:2, i:4), METADATAENTRY(c:3)]
2022-11-08 19:12:08,053 [s2-server-thread2] INFO  server.RaftServer$Division (RaftServerImpl.java:checkInconsistentAppendEntries(1592)) - s2@group-EA982605F2E5: Failed appendEntries as the first entry (index 0) already exists (snapshotIndex: -1, commitIndex: 0)
2022-11-08 19:12:08,053 [s2-server-thread2] INFO  server.RaftServer$Division (RaftServerImpl.java:checkInconsistentAppendEntries(1572)) - s2@group-EA982605F2E5: inconsistency entries. Reply:s1<-s2#527:FAIL-t2,INCONSISTENCY,nextIndex=1,followerCommit=0,matchIndex=-1
2022-11-08 19:12:08,053 [grpc-default-executor-3] INFO  leader.FollowerInfo (FollowerInfoImpl.java:lambda$new$0(48)) - s1@group-EA982605F2E5->s2: nextIndex: updateUnconditionally 5 -> 1
2022-11-08 19:12:08,055 [s2-server-thread2] DEBUG server.RaftServer$Division (RaftServerImpl.java:logAppendEntries(1421)) - s2@group-EA982605F2E5: receive appendEntries(s1, 2, (t:2, i:0), 4, true, commits:[s1:c4, s0:c4, s2:c0], cId:528, entries: [(t:2, i:1), STATEMACHINELOGENTRY, 0@client-2EFB324ADA71, (t:2, i:2), METADATAENTRY(c:1), (t:2, i:3), STATEMACHINELOGENTRY, 999@client-AE8279CAF820, (t:2, i:4), METADATAENTRY(c:3)]
2022-11-08 19:12:08,055 [s2-server-thread2] INFO  server.RaftServer$Division (RaftServerImpl.java:checkInconsistentAppendEntries(1602)) - s2@group-EA982605F2E5: Failed appendEntries as previous log entry ((t:2, i:0)) is not found
2022-11-08 19:12:08,055 [s2-server-thread2] INFO  server.RaftServer$Division (RaftServerImpl.java:checkInconsistentAppendEntries(1572)) - s2@group-EA982605F2E5: inconsistency entries. Reply:s1<-s2#528:FAIL-t2,INCONSISTENCY,nextIndex=0,followerCommit=0,matchIndex=-1
2022-11-08 19:12:08,056 [grpc-default-executor-3] INFO  leader.FollowerInfo (FollowerInfoImpl.java:lambda$new$0(48)) - s1@group-EA982605F2E5->s2: nextIndex: updateUnconditionally 5 -> 0
2022-11-08 19:12:08,057 [s2-server-thread2] DEBUG server.RaftServer$Division (RaftServerImpl.java:logAppendEntries(1421)) - s2@group-EA982605F2E5: receive appendEntries(s1, 2, null, 4, true, commits:[s1:c4, s0:c4, s2:c0], cId:529, entries: [(t:2, i:0), CONFIGURATIONENTRY(current:id: "s0"
address: "localhost:34297"
dataStreamAddress: "localhost:43983"
clientAddress: "localhost:39609"
adminAddress: "localhost:37077"
startupRole: FOLLOWER
,id: "s1"
address: "localhost:38917"
dataStreamAddress: "localhost:45719"
clientAddress: "localhost:36975"
adminAddress: "localhost:40635"
startupRole: FOLLOWER
,id: "s2"
address: "localhost:35511"
dataStreamAddress: "localhost:38827"
clientAddress: "localhost:42865"
adminAddress: "localhost:36791"
startupRole: FOLLOWER
, old:), (t:2, i:1), STATEMACHINELOGENTRY, 0@client-2EFB324ADA71, (t:2, i:2), METADATAENTRY(c:1), (t:2, i:3), STATEMACHINELOGENTRY, 999@client-AE8279CAF820, (t:2, i:4), METADATAENTRY(c:3)]
2022-11-08 19:12:08,057 [s2-server-thread2] INFO  server.RaftServer$Division (RaftServerImpl.java:checkInconsistentAppendEntries(1592)) - s2@group-EA982605F2E5: Failed appendEntries as the first entry (index 0) already exists (snapshotIndex: -1, commitIndex: 0)
2022-11-08 19:12:08,057 [s2-server-thread2] INFO  server.RaftServer$Division (RaftServerImpl.java:checkInconsistentAppendEntries(1572)) - s2@group-EA982605F2E5: inconsistency entries. Reply:s1<-s2#529:FAIL-t2,INCONSISTENCY,nextIndex=1,followerCommit=0,matchIndex=-1
2022-11-08 19:12:08,057 [grpc-default-executor-3] INFO  leader.FollowerInfo (FollowerInfoImpl.java:lambda$new$0(48)) - s1@group-EA982605F2E5->s2: nextIndex: updateUnconditionally 5 -> 1
2022-11-08 19:12:08,058 [s2-server-thread2] DEBUG server.RaftServer$Division (RaftServerImpl.java:logAppendEntries(1421)) - s2@group-EA982605F2E5: receive appendEntries(s1, 2, (t:2, i:0), 4, true, commits:[s1:c4, s0:c4, s2:c0], cId:530, entries: [(t:2, i:1), STATEMACHINELOGENTRY, 0@client-2EFB324ADA71, (t:2, i:2), METADATAENTRY(c:1), (t:2, i:3), STATEMACHINELOGENTRY, 999@client-AE8279CAF820, (t:2, i:4), METADATAENTRY(c:3)]
2022-11-08 19:12:08,058 [s2-server-thread2] INFO  server.RaftServer$Division (RaftServerImpl.java:checkInconsistentAppendEntries(1602)) - s2@group-EA982605F2E5: Failed appendEntries as previous log entry ((t:2, i:0)) is not found
2022-11-08 19:12:08,058 [s2-server-thread2] INFO  server.RaftServer$Division (RaftServerImpl.java:checkInconsistentAppendEntries(1572)) - s2@group-EA982605F2E5: inconsistency entries. Reply:s1<-s2#530:FAIL-t2,INCONSISTENCY,nextIndex=0,followerCommit=0,matchIndex=-1
2022-11-08 19:12:08,059 [grpc-default-executor-3] INFO  leader.FollowerInfo (FollowerInfoImpl.java:lambda$new$0(48)) - s1@group-EA982605F2E5->s2: nextIndex: updateUnconditionally 5 -> 0
2022-11-08 19:12:08,060 [s2-server-thread2] DEBUG server.RaftServer$Division (RaftServerImpl.java:logAppendEntries(1421)) - s2@group-EA982605F2E5: receive appendEntries(s1, 2, null, 4, true, commits:[s1:c4, s0:c4, s2:c0], cId:531, entries: [(t:2, i:0), CONFIGURATIONENTRY(current:id: "s0"
address: "localhost:34297"
dataStreamAddress: "localhost:43983"
clientAddress: "localhost:39609"
adminAddress: "localhost:37077"
startupRole: FOLLOWER
,id: "s1"
address: "localhost:38917"
dataStreamAddress: "localhost:45719"
clientAddress: "localhost:36975"
adminAddress: "localhost:40635"
startupRole: FOLLOWER
,id: "s2"
address: "localhost:35511"
dataStreamAddress: "localhost:38827"
clientAddress: "localhost:42865"
adminAddress: "localhost:36791"
startupRole: FOLLOWER
, old:), (t:2, i:1), STATEMACHINELOGENTRY, 0@client-2EFB324ADA71, (t:2, i:2), METADATAENTRY(c:1), (t:2, i:3), STATEMACHINELOGENTRY, 999@client-AE8279CAF820, (t:2, i:4), METADATAENTRY(c:3)]
2022-11-08 19:12:08,060 [s2-server-thread2] INFO  server.RaftServer$Division (RaftServerImpl.java:checkInconsistentAppendEntries(1592)) - s2@group-EA982605F2E5: Failed appendEntries as the first entry (index 0) already exists (snapshotIndex: -1, commitIndex: 0)
2022-11-08 19:12:08,060 [s2-server-thread2] INFO  server.RaftServer$Division (RaftServerImpl.java:checkInconsistentAppendEntries(1572)) - s2@group-EA982605F2E5: inconsistency entries. Reply:s1<-s2#531:FAIL-t2,INCONSISTENCY,nextIndex=1,followerCommit=0,matchIndex=-1
2022-11-08 19:12:08,061 [grpc-default-executor-3] INFO  leader.FollowerInfo (FollowerInfoImpl.java:lambda$new$0(48)) - s1@group-EA982605F2E5->s2: nextIndex: updateUnconditionally 5 -> 1
2022-11-08 19:12:08,062 [s2-server-thread2] DEBUG server.RaftServer$Division (RaftServerImpl.java:logAppendEntries(1421)) - s2@group-EA982605F2E5: receive appendEntries(s1, 2, (t:2, i:0), 4, true, commits:[s1:c4, s0:c4, s2:c0], cId:532, entries: [(t:2, i:1), STATEMACHINELOGENTRY, 0@client-2EFB324ADA71, (t:2, i:2), METADATAENTRY(c:1), (t:2, i:3), STATEMACHINELOGENTRY, 999@client-AE8279CAF820, (t:2, i:4), METADATAENTRY(c:3)]
2022-11-08 19:12:08,062 [s2-server-thread2] INFO  server.RaftServer$Division (RaftServerImpl.java:checkInconsistentAppendEntries(1602)) - s2@group-EA982605F2E5: Failed appendEntries as previous log entry ((t:2, i:0)) is not found
2022-11-08 19:12:08,062 [s2-server-thread2] INFO  server.RaftServer$Division (RaftServerImpl.java:checkInconsistentAppendEntries(1572)) - s2@group-EA982605F2E5: inconsistency entries. Reply:s1<-s2#532:FAIL-t2,INCONSISTENCY,nextIndex=0,followerCommit=0,matchIndex=-1
2022-11-08 19:12:08,062 [grpc-default-executor-3] INFO  leader.FollowerInfo (FollowerInfoImpl.java:lambda$new$0(48)) - s1@group-EA982605F2E5->s2: nextIndex: updateUnconditionally 5 -> 0
2022-11-08 19:12:08,063 [s2-server-thread2] DEBUG server.RaftServer$Division (RaftServerImpl.java:logAppendEntries(1421)) - s2@group-EA982605F2E5: receive appendEntries(s1, 2, null, 4, true, commits:[s1:c4, s0:c4, s2:c0], cId:533, entries: [(t:2, i:0), CONFIGURATIONENTRY(current:id: "s0"
address: "localhost:34297"
dataStreamAddress: "localhost:43983"
clientAddress: "localhost:39609"
adminAddress: "localhost:37077"
startupRole: FOLLOWER
,id: "s1"
address: "localhost:38917"
dataStreamAddress: "localhost:45719"
clientAddress: "localhost:36975"
adminAddress: "localhost:40635"
startupRole: FOLLOWER
,id: "s2"
address: "localhost:35511"
dataStreamAddress: "localhost:38827"
clientAddress: "localhost:42865"
adminAddress: "localhost:36791"
startupRole: FOLLOWER
, old:), (t:2, i:1), STATEMACHINELOGENTRY, 0@client-2EFB324ADA71, (t:2, i:2), METADATAENTRY(c:1), (t:2, i:3), STATEMACHINELOGENTRY, 999@client-AE8279CAF820, (t:2, i:4), METADATAENTRY(c:3)]
2022-11-08 19:12:08,064 [s2-server-thread2] INFO  server.RaftServer$Division (RaftServerImpl.java:checkInconsistentAppendEntries(1592)) - s2@group-EA982605F2E5: Failed appendEntries as the first entry (index 0) already exists (snapshotIndex: -1, commitIndex: 0)
2022-11-08 19:12:08,064 [s2-server-thread2] INFO  server.RaftServer$Division (RaftServerImpl.java:checkInconsistentAppendEntries(1572)) - s2@group-EA982605F2E5: inconsistency entries. Reply:s1<-s2#533:FAIL-t2,INCONSISTENCY,nextIndex=1,followerCommit=0,matchIndex=-1
2022-11-08 19:12:08,064 [grpc-default-executor-3] INFO  leader.FollowerInfo (FollowerInfoImpl.java:lambda$new$0(48)) - s1@group-EA982605F2E5->s2: nextIndex: updateUnconditionally 5 -> 1
2022-11-08 19:12:08,065 [s2-server-thread2] DEBUG server.RaftServer$Division (RaftServerImpl.java:logAppendEntries(1421)) - s2@group-EA982605F2E5: receive appendEntries(s1, 2, (t:2, i:0), 4, true, commits:[s1:c4, s0:c4, s2:c0], cId:534, entries: [(t:2, i:1), STATEMACHINELOGENTRY, 0@client-2EFB324ADA71, (t:2, i:2), METADATAENTRY(c:1), (t:2, i:3), STATEMACHINELOGENTRY, 999@client-AE8279CAF820, (t:2, i:4), METADATAENTRY(c:3)]
2022-11-08 19:12:08,065 [s2-server-thread2] INFO  server.RaftServer$Division (RaftServerImpl.java:checkInconsistentAppendEntries(1602)) - s2@group-EA982605F2E5: Failed appendEntries as previous log entry ((t:2, i:0)) is not found
2022-11-08 19:12:08,065 [s2-server-thread2] INFO  server.RaftServer$Division (RaftServerImpl.java:checkInconsistentAppendEntries(1572)) - s2@group-EA982605F2E5: inconsistency entries. Reply:s1<-s2#534:FAIL-t2,INCONSISTENCY,nextIndex=0,followerCommit=0,matchIndex=-1
2022-11-08 19:12:08,066 [grpc-default-executor-3] INFO  leader.FollowerInfo (FollowerInfoImpl.java:lambda$new$0(48)) - s1@group-EA982605F2E5->s2: nextIndex: updateUnconditionally 5 -> 0
2022-11-08 19:12:08,067 [s2-server-thread2] DEBUG server.RaftServer$Division (RaftServerImpl.java:logAppendEntries(1421)) - s2@group-EA982605F2E5: receive appendEntries(s1, 2, null, 4, true, commits:[s1:c4, s0:c4, s2:c0], cId:535, entries: [(t:2, i:0), CONFIGURATIONENTRY(current:id: "s0"
address: "localhost:34297"
dataStreamAddress: "localhost:43983"
clientAddress: "localhost:39609"
adminAddress: "localhost:37077"
startupRole: FOLLOWER
,id: "s1"
address: "localhost:38917"
dataStreamAddress: "localhost:45719"
clientAddress: "localhost:36975"
adminAddress: "localhost:40635"
startupRole: FOLLOWER
,id: "s2"
address: "localhost:35511"
dataStreamAddress: "localhost:38827"
clientAddress: "localhost:42865"
adminAddress: "localhost:36791"
startupRole: FOLLOWER
, old:), (t:2, i:1), STATEMACHINELOGENTRY, 0@client-2EFB324ADA71, (t:2, i:2), METADATAENTRY(c:1), (t:2, i:3), STATEMACHINELOGENTRY, 999@client-AE8279CAF820, (t:2, i:4), METADATAENTRY(c:3)]
2022-11-08 19:12:08,067 [s2-server-thread2] INFO  server.RaftServer$Division (RaftServerImpl.java:checkInconsistentAppendEntries(1592)) - s2@group-EA982605F2E5: Failed appendEntries as the first entry (index 0) already exists (snapshotIndex: -1, commitIndex: 0)
2022-11-08 19:12:08,067 [s2-server-thread2] INFO  server.RaftServer$Division (RaftServerImpl.java:checkInconsistentAppendEntries(1572)) - s2@group-EA982605F2E5: inconsistency entries. Reply:s1<-s2#535:FAIL-t2,INCONSISTENCY,nextIndex=1,followerCommit=0,matchIndex=-1
2022-11-08 19:12:08,068 [grpc-default-executor-3] INFO  leader.FollowerInfo (FollowerInfoImpl.java:lambda$new$0(48)) - s1@group-EA982605F2E5->s2: nextIndex: updateUnconditionally 5 -> 1
2022-11-08 19:12:08,069 [s2-server-thread2] DEBUG server.RaftServer$Division (RaftServerImpl.java:logAppendEntries(1421)) - s2@group-EA982605F2E5: receive appendEntries(s1, 2, (t:2, i:0), 4, true, commits:[s1:c4, s0:c4, s2:c0], cId:536, entries: [(t:2, i:1), STATEMACHINELOGENTRY, 0@client-2EFB324ADA71, (t:2, i:2), METADATAENTRY(c:1), (t:2, i:3), STATEMACHINELOGENTRY, 999@client-AE8279CAF820, (t:2, i:4), METADATAENTRY(c:3)]
2022-11-08 19:12:08,069 [s2-server-thread2] INFO  server.RaftServer$Division (RaftServerImpl.java:checkInconsistentAppendEntries(1602)) - s2@group-EA982605F2E5: Failed appendEntries as previous log entry ((t:2, i:0)) is not found
2022-11-08 19:12:08,069 [s2-server-thread2] INFO  server.RaftServer$Division (RaftServerImpl.java:checkInconsistentAppendEntries(1572)) - s2@group-EA982605F2E5: inconsistency entries. Reply:s1<-s2#536:FAIL-t2,INCONSISTENCY,nextIndex=0,followerCommit=0,matchIndex=-1
2022-11-08 19:12:08,070 [grpc-default-executor-3] INFO  leader.FollowerInfo (FollowerInfoImpl.java:lambda$new$0(48)) - s1@group-EA982605F2E5->s2: nextIndex: updateUnconditionally 5 -> 0
2022-11-08 19:12:08,070 [s2-server-thread2] DEBUG server.RaftServer$Division (RaftServerImpl.java:logAppendEntries(1421)) - s2@group-EA982605F2E5: receive appendEntries(s1, 2, null, 4, true, commits:[s1:c4, s0:c4, s2:c0], cId:537, entries: [(t:2, i:0), CONFIGURATIONENTRY(current:id: "s0"
address: "localhost:34297"
dataStreamAddress: "localhost:43983"
clientAddress: "localhost:39609"
adminAddress: "localhost:37077"
startupRole: FOLLOWER
,id: "s1"
address: "localhost:38917"
dataStreamAddress: "localhost:45719"
clientAddress: "localhost:36975"
adminAddress: "localhost:40635"
startupRole: FOLLOWER
,id: "s2"
address: "localhost:35511"
dataStreamAddress: "localhost:38827"
clientAddress: "localhost:42865"
adminAddress: "localhost:36791"
startupRole: FOLLOWER
, old:), (t:2, i:1), STATEMACHINELOGENTRY, 0@client-2EFB324ADA71, (t:2, i:2), METADATAENTRY(c:1), (t:2, i:3), STATEMACHINELOGENTRY, 999@client-AE8279CAF820, (t:2, i:4), METADATAENTRY(c:3)]
2022-11-08 19:12:08,071 [s2-server-thread2] INFO  server.RaftServer$Division (RaftServerImpl.java:checkInconsistentAppendEntries(1592)) - s2@group-EA982605F2E5: Failed appendEntries as the first entry (index 0) already exists (snapshotIndex: -1, commitIndex: 0)
2022-11-08 19:12:08,071 [s2-server-thread2] INFO  server.RaftServer$Division (RaftServerImpl.java:checkInconsistentAppendEntries(1572)) - s2@group-EA982605F2E5: inconsistency entries. Reply:s1<-s2#537:FAIL-t2,INCONSISTENCY,nextIndex=1,followerCommit=0,matchIndex=-1
2022-11-08 19:12:08,071 [grpc-default-executor-3] INFO  leader.FollowerInfo (FollowerInfoImpl.java:lambda$new$0(48)) - s1@group-EA982605F2E5->s2: nextIndex: updateUnconditionally 5 -> 1
2022-11-08 19:12:08,072 [s2-server-thread2] DEBUG server.RaftServer$Division (RaftServerImpl.java:logAppendEntries(1421)) - s2@group-EA982605F2E5: receive appendEntries(s1, 2, (t:2, i:0), 4, true, commits:[s1:c4, s0:c4, s2:c0], cId:538, entries: [(t:2, i:1), STATEMACHINELOGENTRY, 0@client-2EFB324ADA71, (t:2, i:2), METADATAENTRY(c:1), (t:2, i:3), STATEMACHINELOGENTRY, 999@client-AE8279CAF820, (t:2, i:4), METADATAENTRY(c:3)]
2022-11-08 19:12:08,072 [s2-server-thread2] INFO  server.RaftServer$Division (RaftServerImpl.java:checkInconsistentAppendEntries(1602)) - s2@group-EA982605F2E5: Failed appendEntries as previous log entry ((t:2, i:0)) is not found
2022-11-08 19:12:08,072 [s2-server-thread2] INFO  server.RaftServer$Division (RaftServerImpl.java:checkInconsistentAppendEntries(1572)) - s2@group-EA982605F2E5: inconsistency entries. Reply:s1<-s2#538:FAIL-t2,INCONSISTENCY,nextIndex=0,followerCommit=0,matchIndex=-1
2022-11-08 19:12:08,073 [grpc-default-executor-3] INFO  leader.FollowerInfo (FollowerInfoImpl.java:lambda$new$0(48)) - s1@group-EA982605F2E5->s2: nextIndex: updateUnconditionally 5 -> 0
2022-11-08 19:12:08,074 [s2-server-thread2] DEBUG server.RaftServer$Division (RaftServerImpl.java:logAppendEntries(1421)) - s2@group-EA982605F2E5: receive appendEntries(s1, 2, null, 4, true, commits:[s1:c4, s0:c4, s2:c0], cId:539, entries: [(t:2, i:0), CONFIGURATIONENTRY(current:id: "s0"
address: "localhost:34297"
dataStreamAddress: "localhost:43983"
clientAddress: "localhost:39609"
adminAddress: "localhost:37077"
startupRole: FOLLOWER
,id: "s1"
address: "localhost:38917"
dataStreamAddress: "localhost:45719"
clientAddress: "localhost:36975"
adminAddress: "localhost:40635"
startupRole: FOLLOWER
,id: "s2"
address: "localhost:35511"
dataStreamAddress: "localhost:38827"
clientAddress: "localhost:42865"
adminAddress: "localhost:36791"
startupRole: FOLLOWER
, old:), (t:2, i:1), STATEMACHINELOGENTRY, 0@client-2EFB324ADA71, (t:2, i:2), METADATAENTRY(c:1), (t:2, i:3), STATEMACHINELOGENTRY, 999@client-AE8279CAF820, (t:2, i:4), METADATAENTRY(c:3)]
2022-11-08 19:12:08,074 [s2-server-thread2] INFO  server.RaftServer$Division (RaftServerImpl.java:checkInconsistentAppendEntries(1592)) - s2@group-EA982605F2E5: Failed appendEntries as the first entry (index 0) already exists (snapshotIndex: -1, commitIndex: 0)
2022-11-08 19:12:08,074 [s2-server-thread2] INFO  server.RaftServer$Division (RaftServerImpl.java:checkInconsistentAppendEntries(1572)) - s2@group-EA982605F2E5: inconsistency entries. Reply:s1<-s2#539:FAIL-t2,INCONSISTENCY,nextIndex=1,followerCommit=0,matchIndex=-1
2022-11-08 19:12:08,075 [grpc-default-executor-3] INFO  leader.FollowerInfo (FollowerInfoImpl.java:lambda$new$0(48)) - s1@group-EA982605F2E5->s2: nextIndex: updateUnconditionally 5 -> 1
2022-11-08 19:12:08,076 [s2-server-thread2] DEBUG server.RaftServer$Division (RaftServerImpl.java:logAppendEntries(1421)) - s2@group-EA982605F2E5: receive appendEntries(s1, 2, (t:2, i:0), 4, true, commits:[s1:c4, s0:c4, s2:c0], cId:540, entries: [(t:2, i:1), STATEMACHINELOGENTRY, 0@client-2EFB324ADA71, (t:2, i:2), METADATAENTRY(c:1), (t:2, i:3), STATEMACHINELOGENTRY, 999@client-AE8279CAF820, (t:2, i:4), METADATAENTRY(c:3)]
2022-11-08 19:12:08,076 [s2-server-thread2] INFO  server.RaftServer$Division (RaftServerImpl.java:checkInconsistentAppendEntries(1602)) - s2@group-EA982605F2E5: Failed appendEntries as previous log entry ((t:2, i:0)) is not found
2022-11-08 19:12:08,076 [s2-server-thread2] INFO  server.RaftServer$Division (RaftServerImpl.java:checkInconsistentAppendEntries(1572)) - s2@group-EA982605F2E5: inconsistency entries. Reply:s1<-s2#540:FAIL-t2,INCONSISTENCY,nextIndex=0,followerCommit=0,matchIndex=-1
2022-11-08 19:12:08,077 [grpc-default-executor-3] INFO  leader.FollowerInfo (FollowerInfoImpl.java:lambda$new$0(48)) - s1@group-EA982605F2E5->s2: nextIndex: updateUnconditionally 5 -> 0
2022-11-08 19:12:08,078 [s2-server-thread2] DEBUG server.RaftServer$Division (RaftServerImpl.java:logAppendEntries(1421)) - s2@group-EA982605F2E5: receive appendEntries(s1, 2, null, 4, true, commits:[s1:c4, s0:c4, s2:c0], cId:541, entries: [(t:2, i:0), CONFIGURATIONENTRY(current:id: "s0"
address: "localhost:34297"
dataStreamAddress: "localhost:43983"
clientAddress: "localhost:39609"
adminAddress: "localhost:37077"
startupRole: FOLLOWER
,id: "s1"
address: "localhost:38917"
dataStreamAddress: "localhost:45719"
clientAddress: "localhost:36975"
adminAddress: "localhost:40635"
startupRole: FOLLOWER
,id: "s2"
address: "localhost:35511"
dataStreamAddress: "localhost:38827"
clientAddress: "localhost:42865"
adminAddress: "localhost:36791"
startupRole: FOLLOWER
, old:), (t:2, i:1), STATEMACHINELOGENTRY, 0@client-2EFB324ADA71, (t:2, i:2), METADATAENTRY(c:1), (t:2, i:3), STATEMACHINELOGENTRY, 999@client-AE8279CAF820, (t:2, i:4), METADATAENTRY(c:3)]
2022-11-08 19:12:08,078 [s2-server-thread2] INFO  server.RaftServer$Division (RaftServerImpl.java:checkInconsistentAppendEntries(1592)) - s2@group-EA982605F2E5: Failed appendEntries as the first entry (index 0) already exists (snapshotIndex: -1, commitIndex: 0)
2022-11-08 19:12:08,078 [s2-server-thread2] INFO  server.RaftServer$Division (RaftServerImpl.java:checkInconsistentAppendEntries(1572)) - s2@group-EA982605F2E5: inconsistency entries. Reply:s1<-s2#541:FAIL-t2,INCONSISTENCY,nextIndex=1,followerCommit=0,matchIndex=-1
2022-11-08 19:12:08,078 [grpc-default-executor-3] INFO  leader.FollowerInfo (FollowerInfoImpl.java:lambda$new$0(48)) - s1@group-EA982605F2E5->s2: nextIndex: updateUnconditionally 5 -> 1
2022-11-08 19:12:08,079 [s2-server-thread2] DEBUG server.RaftServer$Division (RaftServerImpl.java:logAppendEntries(1421)) - s2@group-EA982605F2E5: receive appendEntries(s1, 2, (t:2, i:0), 4, true, commits:[s1:c4, s0:c4, s2:c0], cId:542, entries: [(t:2, i:1), STATEMACHINELOGENTRY, 0@client-2EFB324ADA71, (t:2, i:2), METADATAENTRY(c:1), (t:2, i:3), STATEMACHINELOGENTRY, 999@client-AE8279CAF820, (t:2, i:4), METADATAENTRY(c:3)]
2022-11-08 19:12:08,079 [s2-server-thread2] INFO  server.RaftServer$Division (RaftServerImpl.java:checkInconsistentAppendEntries(1602)) - s2@group-EA982605F2E5: Failed appendEntries as previous log entry ((t:2, i:0)) is not found
2022-11-08 19:12:08,079 [s2-server-thread2] INFO  server.RaftServer$Division (RaftServerImpl.java:checkInconsistentAppendEntries(1572)) - s2@group-EA982605F2E5: inconsistency entries. Reply:s1<-s2#542:FAIL-t2,INCONSISTENCY,nextIndex=0,followerCommit=0,matchIndex=-1
2022-11-08 19:12:08,080 [grpc-default-executor-3] INFO  leader.FollowerInfo (FollowerInfoImpl.java:lambda$new$0(48)) - s1@group-EA982605F2E5->s2: nextIndex: updateUnconditionally 5 -> 0
2022-11-08 19:12:08,081 [s2-server-thread2] DEBUG server.RaftServer$Division (RaftServerImpl.java:logAppendEntries(1421)) - s2@group-EA982605F2E5: receive appendEntries(s1, 2, null, 4, true, commits:[s1:c4, s0:c4, s2:c0], cId:543, entries: [(t:2, i:0), CONFIGURATIONENTRY(current:id: "s0"
address: "localhost:34297"
dataStreamAddress: "localhost:43983"
clientAddress: "localhost:39609"
adminAddress: "localhost:37077"
startupRole: FOLLOWER
,id: "s1"
address: "localhost:38917"
dataStreamAddress: "localhost:45719"
clientAddress: "localhost:36975"
adminAddress: "localhost:40635"
startupRole: FOLLOWER
,id: "s2"
address: "localhost:35511"
dataStreamAddress: "localhost:38827"
clientAddress: "localhost:42865"
adminAddress: "localhost:36791"
startupRole: FOLLOWER
, old:), (t:2, i:1), STATEMACHINELOGENTRY, 0@client-2EFB324ADA71, (t:2, i:2), METADATAENTRY(c:1), (t:2, i:3), STATEMACHINELOGENTRY, 999@client-AE8279CAF820, (t:2, i:4), METADATAENTRY(c:3)]
2022-11-08 19:12:08,081 [s2-server-thread2] INFO  server.RaftServer$Division (RaftServerImpl.java:checkInconsistentAppendEntries(1592)) - s2@group-EA982605F2E5: Failed appendEntries as the first entry (index 0) already exists (snapshotIndex: -1, commitIndex: 0)
2022-11-08 19:12:08,081 [s2-server-thread2] INFO  server.RaftServer$Division (RaftServerImpl.java:checkInconsistentAppendEntries(1572)) - s2@group-EA982605F2E5: inconsistency entries. Reply:s1<-s2#543:FAIL-t2,INCONSISTENCY,nextIndex=1,followerCommit=0,matchIndex=-1
2022-11-08 19:12:08,082 [grpc-default-executor-3] INFO  leader.FollowerInfo (FollowerInfoImpl.java:lambda$new$0(48)) - s1@group-EA982605F2E5->s2: nextIndex: updateUnconditionally 5 -> 1
2022-11-08 19:12:08,083 [s2-server-thread2] DEBUG server.RaftServer$Division (RaftServerImpl.java:logAppendEntries(1421)) - s2@group-EA982605F2E5: receive appendEntries(s1, 2, (t:2, i:0), 4, true, commits:[s1:c4, s0:c4, s2:c0], cId:544, entries: [(t:2, i:1), STATEMACHINELOGENTRY, 0@client-2EFB324ADA71, (t:2, i:2), METADATAENTRY(c:1), (t:2, i:3), STATEMACHINELOGENTRY, 999@client-AE8279CAF820, (t:2, i:4), METADATAENTRY(c:3)]
2022-11-08 19:12:08,083 [s2-server-thread2] INFO  server.RaftServer$Division (RaftServerImpl.java:checkInconsistentAppendEntries(1602)) - s2@group-EA982605F2E5: Failed appendEntries as previous log entry ((t:2, i:0)) is not found
2022-11-08 19:12:08,083 [s2-server-thread2] INFO  server.RaftServer$Division (RaftServerImpl.java:checkInconsistentAppendEntries(1572)) - s2@group-EA982605F2E5: inconsistency entries. Reply:s1<-s2#544:FAIL-t2,INCONSISTENCY,nextIndex=0,followerCommit=0,matchIndex=-1
2022-11-08 19:12:08,083 [grpc-default-executor-3] INFO  leader.FollowerInfo (FollowerInfoImpl.java:lambda$new$0(48)) - s1@group-EA982605F2E5->s2: nextIndex: updateUnconditionally 5 -> 0
2022-11-08 19:12:08,084 [s2-server-thread2] DEBUG server.RaftServer$Division (RaftServerImpl.java:logAppendEntries(1421)) - s2@group-EA982605F2E5: receive appendEntries(s1, 2, null, 4, true, commits:[s1:c4, s0:c4, s2:c0], cId:545, entries: [(t:2, i:0), CONFIGURATIONENTRY(current:id: "s0"
address: "localhost:34297"
dataStreamAddress: "localhost:43983"
clientAddress: "localhost:39609"
adminAddress: "localhost:37077"
startupRole: FOLLOWER
,id: "s1"
address: "localhost:38917"
dataStreamAddress: "localhost:45719"
clientAddress: "localhost:36975"
adminAddress: "localhost:40635"
startupRole: FOLLOWER
,id: "s2"
address: "localhost:35511"
dataStreamAddress: "localhost:38827"
clientAddress: "localhost:42865"
adminAddress: "localhost:36791"
startupRole: FOLLOWER
, old:), (t:2, i:1), STATEMACHINELOGENTRY, 0@client-2EFB324ADA71, (t:2, i:2), METADATAENTRY(c:1), (t:2, i:3), STATEMACHINELOGENTRY, 999@client-AE8279CAF820, (t:2, i:4), METADATAENTRY(c:3)]
2022-11-08 19:12:08,084 [s2-server-thread2] INFO  server.RaftServer$Division (RaftServerImpl.java:checkInconsistentAppendEntries(1592)) - s2@group-EA982605F2E5: Failed appendEntries as the first entry (index 0) already exists (snapshotIndex: -1, commitIndex: 0)
2022-11-08 19:12:08,084 [s2-server-thread2] INFO  server.RaftServer$Division (RaftServerImpl.java:checkInconsistentAppendEntries(1572)) - s2@group-EA982605F2E5: inconsistency entries. Reply:s1<-s2#545:FAIL-t2,INCONSISTENCY,nextIndex=1,followerCommit=0,matchIndex=-1
2022-11-08 19:12:08,085 [grpc-default-executor-3] INFO  leader.FollowerInfo (FollowerInfoImpl.java:lambda$new$0(48)) - s1@group-EA982605F2E5->s2: nextIndex: updateUnconditionally 5 -> 1
2022-11-08 19:12:08,087 [s2-server-thread2] DEBUG server.RaftServer$Division (RaftServerImpl.java:logAppendEntries(1421)) - s2@group-EA982605F2E5: receive appendEntries(s1, 2, (t:2, i:0), 4, true, commits:[s1:c4, s0:c4, s2:c0], cId:546, entries: [(t:2, i:1), STATEMACHINELOGENTRY, 0@client-2EFB324ADA71, (t:2, i:2), METADATAENTRY(c:1), (t:2, i:3), STATEMACHINELOGENTRY, 999@client-AE8279CAF820, (t:2, i:4), METADATAENTRY(c:3)]
2022-11-08 19:12:08,087 [s2-server-thread2] INFO  server.RaftServer$Division (RaftServerImpl.java:checkInconsistentAppendEntries(1602)) - s2@group-EA982605F2E5: Failed appendEntries as previous log entry ((t:2, i:0)) is not found
2022-11-08 19:12:08,087 [s2-server-thread2] INFO  server.RaftServer$Division (RaftServerImpl.java:checkInconsistentAppendEntries(1572)) - s2@group-EA982605F2E5: inconsistency entries. Reply:s1<-s2#546:FAIL-t2,INCONSISTENCY,nextIndex=0,followerCommit=0,matchIndex=-1
2022-11-08 19:12:08,088 [grpc-default-executor-3] INFO  leader.FollowerInfo (FollowerInfoImpl.java:lambda$new$0(48)) - s1@group-EA982605F2E5->s2: nextIndex: updateUnconditionally 5 -> 0
2022-11-08 19:12:08,089 [s2-server-thread2] DEBUG server.RaftServer$Division (RaftServerImpl.java:logAppendEntries(1421)) - s2@group-EA982605F2E5: receive appendEntries(s1, 2, null, 4, true, commits:[s1:c4, s0:c4, s2:c0], cId:547, entries: [(t:2, i:0), CONFIGURATIONENTRY(current:id: "s0"
address: "localhost:34297"
dataStreamAddress: "localhost:43983"
clientAddress: "localhost:39609"
adminAddress: "localhost:37077"
startupRole: FOLLOWER
,id: "s1"
address: "localhost:38917"
dataStreamAddress: "localhost:45719"
clientAddress: "localhost:36975"
adminAddress: "localhost:40635"
startupRole: FOLLOWER
,id: "s2"
address: "localhost:35511"
dataStreamAddress: "localhost:38827"
clientAddress: "localhost:42865"
adminAddress: "localhost:36791"
startupRole: FOLLOWER
, old:), (t:2, i:1), STATEMACHINELOGENTRY, 0@client-2EFB324ADA71, (t:2, i:2), METADATAENTRY(c:1), (t:2, i:3), STATEMACHINELOGENTRY, 999@client-AE8279CAF820, (t:2, i:4), METADATAENTRY(c:3)]
2022-11-08 19:12:08,089 [s2-server-thread2] INFO  server.RaftServer$Division (RaftServerImpl.java:checkInconsistentAppendEntries(1592)) - s2@group-EA982605F2E5: Failed appendEntries as the first entry (index 0) already exists (snapshotIndex: -1, commitIndex: 0)
2022-11-08 19:12:08,089 [s2-server-thread2] INFO  server.RaftServer$Division (RaftServerImpl.java:checkInconsistentAppendEntries(1572)) - s2@group-EA982605F2E5: inconsistency entries. Reply:s1<-s2#547:FAIL-t2,INCONSISTENCY,nextIndex=1,followerCommit=0,matchIndex=-1
2022-11-08 19:12:08,091 [grpc-default-executor-3] INFO  leader.FollowerInfo (FollowerInfoImpl.java:lambda$new$0(48)) - s1@group-EA982605F2E5->s2: nextIndex: updateUnconditionally 5 -> 1
2022-11-08 19:12:08,092 [s2-server-thread2] DEBUG server.RaftServer$Division (RaftServerImpl.java:logAppendEntries(1421)) - s2@group-EA982605F2E5: receive appendEntries(s1, 2, (t:2, i:0), 4, true, commits:[s1:c4, s0:c4, s2:c0], cId:548, entries: [(t:2, i:1), STATEMACHINELOGENTRY, 0@client-2EFB324ADA71, (t:2, i:2), METADATAENTRY(c:1), (t:2, i:3), STATEMACHINELOGENTRY, 999@client-AE8279CAF820, (t:2, i:4), METADATAENTRY(c:3)]
2022-11-08 19:12:08,092 [s2-server-thread2] INFO  server.RaftServer$Division (RaftServerImpl.java:checkInconsistentAppendEntries(1602)) - s2@group-EA982605F2E5: Failed appendEntries as previous log entry ((t:2, i:0)) is not found
2022-11-08 19:12:08,092 [s2-server-thread2] INFO  server.RaftServer$Division (RaftServerImpl.java:checkInconsistentAppendEntries(1572)) - s2@group-EA982605F2E5: inconsistency entries. Reply:s1<-s2#548:FAIL-t2,INCONSISTENCY,nextIndex=0,followerCommit=0,matchIndex=-1
2022-11-08 19:12:08,093 [grpc-default-executor-3] INFO  leader.FollowerInfo (FollowerInfoImpl.java:lambda$new$0(48)) - s1@group-EA982605F2E5->s2: nextIndex: updateUnconditionally 5 -> 0
2022-11-08 19:12:08,094 [s2-server-thread2] DEBUG server.RaftServer$Division (RaftServerImpl.java:logAppendEntries(1421)) - s2@group-EA982605F2E5: receive appendEntries(s1, 2, null, 4, true, commits:[s1:c4, s0:c4, s2:c0], cId:549, entries: [(t:2, i:0), CONFIGURATIONENTRY(current:id: "s0"
address: "localhost:34297"
dataStreamAddress: "localhost:43983"
clientAddress: "localhost:39609"
adminAddress: "localhost:37077"
startupRole: FOLLOWER
,id: "s1"
address: "localhost:38917"
dataStreamAddress: "localhost:45719"
clientAddress: "localhost:36975"
adminAddress: "localhost:40635"
startupRole: FOLLOWER
,id: "s2"
address: "localhost:35511"
dataStreamAddress: "localhost:38827"
clientAddress: "localhost:42865"
adminAddress: "localhost:36791"
startupRole: FOLLOWER
, old:), (t:2, i:1), STATEMACHINELOGENTRY, 0@client-2EFB324ADA71, (t:2, i:2), METADATAENTRY(c:1), (t:2, i:3), STATEMACHINELOGENTRY, 999@client-AE8279CAF820, (t:2, i:4), METADATAENTRY(c:3)]
2022-11-08 19:12:08,094 [s2-server-thread2] INFO  server.RaftServer$Division (RaftServerImpl.java:checkInconsistentAppendEntries(1592)) - s2@group-EA982605F2E5: Failed appendEntries as the first entry (index 0) already exists (snapshotIndex: -1, commitIndex: 0)
2022-11-08 19:12:08,094 [s2-server-thread2] INFO  server.RaftServer$Division (RaftServerImpl.java:checkInconsistentAppendEntries(1572)) - s2@group-EA982605F2E5: inconsistency entries. Reply:s1<-s2#549:FAIL-t2,INCONSISTENCY,nextIndex=1,followerCommit=0,matchIndex=-1
2022-11-08 19:12:08,094 [grpc-default-executor-3] INFO  leader.FollowerInfo (FollowerInfoImpl.java:lambda$new$0(48)) - s1@group-EA982605F2E5->s2: nextIndex: updateUnconditionally 5 -> 1
2022-11-08 19:12:08,095 [s2-server-thread2] DEBUG server.RaftServer$Division (RaftServerImpl.java:logAppendEntries(1421)) - s2@group-EA982605F2E5: receive appendEntries(s1, 2, (t:2, i:0), 4, true, commits:[s1:c4, s0:c4, s2:c0], cId:550, entries: [(t:2, i:1), STATEMACHINELOGENTRY, 0@client-2EFB324ADA71, (t:2, i:2), METADATAENTRY(c:1), (t:2, i:3), STATEMACHINELOGENTRY, 999@client-AE8279CAF820, (t:2, i:4), METADATAENTRY(c:3)]
2022-11-08 19:12:08,095 [s2-server-thread2] INFO  server.RaftServer$Division (RaftServerImpl.java:checkInconsistentAppendEntries(1602)) - s2@group-EA982605F2E5: Failed appendEntries as previous log entry ((t:2, i:0)) is not found
2022-11-08 19:12:08,095 [s2-server-thread2] INFO  server.RaftServer$Division (RaftServerImpl.java:checkInconsistentAppendEntries(1572)) - s2@group-EA982605F2E5: inconsistency entries. Reply:s1<-s2#550:FAIL-t2,INCONSISTENCY,nextIndex=0,followerCommit=0,matchIndex=-1
2022-11-08 19:12:08,096 [grpc-default-executor-3] INFO  leader.FollowerInfo (FollowerInfoImpl.java:lambda$new$0(48)) - s1@group-EA982605F2E5->s2: nextIndex: updateUnconditionally 5 -> 0
2022-11-08 19:12:08,097 [s2-server-thread2] DEBUG server.RaftServer$Division (RaftServerImpl.java:logAppendEntries(1421)) - s2@group-EA982605F2E5: receive appendEntries(s1, 2, null, 4, true, commits:[s1:c4, s0:c4, s2:c0], cId:551, entries: [(t:2, i:0), CONFIGURATIONENTRY(current:id: "s0"
address: "localhost:34297"
dataStreamAddress: "localhost:43983"
clientAddress: "localhost:39609"
adminAddress: "localhost:37077"
startupRole: FOLLOWER
,id: "s1"
address: "localhost:38917"
dataStreamAddress: "localhost:45719"
clientAddress: "localhost:36975"
adminAddress: "localhost:40635"
startupRole: FOLLOWER
,id: "s2"
address: "localhost:35511"
dataStreamAddress: "localhost:38827"
clientAddress: "localhost:42865"
adminAddress: "localhost:36791"
startupRole: FOLLOWER
, old:), (t:2, i:1), STATEMACHINELOGENTRY, 0@client-2EFB324ADA71, (t:2, i:2), METADATAENTRY(c:1), (t:2, i:3), STATEMACHINELOGENTRY, 999@client-AE8279CAF820, (t:2, i:4), METADATAENTRY(c:3)]
2022-11-08 19:12:08,097 [s2-server-thread2] INFO  server.RaftServer$Division (RaftServerImpl.java:checkInconsistentAppendEntries(1592)) - s2@group-EA982605F2E5: Failed appendEntries as the first entry (index 0) already exists (snapshotIndex: -1, commitIndex: 0)
2022-11-08 19:12:08,097 [s2-server-thread2] INFO  server.RaftServer$Division (RaftServerImpl.java:checkInconsistentAppendEntries(1572)) - s2@group-EA982605F2E5: inconsistency entries. Reply:s1<-s2#551:FAIL-t2,INCONSISTENCY,nextIndex=1,followerCommit=0,matchIndex=-1
2022-11-08 19:12:08,097 [grpc-default-executor-3] INFO  leader.FollowerInfo (FollowerInfoImpl.java:lambda$new$0(48)) - s1@group-EA982605F2E5->s2: nextIndex: updateUnconditionally 5 -> 1
2022-11-08 19:12:08,098 [s2-server-thread2] DEBUG server.RaftServer$Division (RaftServerImpl.java:logAppendEntries(1421)) - s2@group-EA982605F2E5: receive appendEntries(s1, 2, (t:2, i:0), 4, true, commits:[s1:c4, s0:c4, s2:c0], cId:552, entries: [(t:2, i:1), STATEMACHINELOGENTRY, 0@client-2EFB324ADA71, (t:2, i:2), METADATAENTRY(c:1), (t:2, i:3), STATEMACHINELOGENTRY, 999@client-AE8279CAF820, (t:2, i:4), METADATAENTRY(c:3)]
2022-11-08 19:12:08,098 [s2-server-thread2] INFO  server.RaftServer$Division (RaftServerImpl.java:checkInconsistentAppendEntries(1602)) - s2@group-EA982605F2E5: Failed appendEntries as previous log entry ((t:2, i:0)) is not found
2022-11-08 19:12:08,099 [s2-server-thread2] INFO  server.RaftServer$Division (RaftServerImpl.java:checkInconsistentAppendEntries(1572)) - s2@group-EA982605F2E5: inconsistency entries. Reply:s1<-s2#552:FAIL-t2,INCONSISTENCY,nextIndex=0,followerCommit=0,matchIndex=-1
2022-11-08 19:12:08,099 [grpc-default-executor-3] INFO  leader.FollowerInfo (FollowerInfoImpl.java:lambda$new$0(48)) - s1@group-EA982605F2E5->s2: nextIndex: updateUnconditionally 5 -> 0
2022-11-08 19:12:08,100 [s2-server-thread2] DEBUG server.RaftServer$Division (RaftServerImpl.java:logAppendEntries(1421)) - s2@group-EA982605F2E5: receive appendEntries(s1, 2, null, 4, true, commits:[s1:c4, s0:c4, s2:c0], cId:553, entries: [(t:2, i:0), CONFIGURATIONENTRY(current:id: "s0"
address: "localhost:34297"
dataStreamAddress: "localhost:43983"
clientAddress: "localhost:39609"
adminAddress: "localhost:37077"
startupRole: FOLLOWER
,id: "s1"
address: "localhost:38917"
dataStreamAddress: "localhost:45719"
clientAddress: "localhost:36975"
adminAddress: "localhost:40635"
startupRole: FOLLOWER
,id: "s2"
address: "localhost:35511"
dataStreamAddress: "localhost:38827"
clientAddress: "localhost:42865"
adminAddress: "localhost:36791"
startupRole: FOLLOWER
, old:), (t:2, i:1), STATEMACHINELOGENTRY, 0@client-2EFB324ADA71, (t:2, i:2), METADATAENTRY(c:1), (t:2, i:3), STATEMACHINELOGENTRY, 999@client-AE8279CAF820, (t:2, i:4), METADATAENTRY(c:3)]
2022-11-08 19:12:08,100 [s2-server-thread2] INFO  server.RaftServer$Division (RaftServerImpl.java:checkInconsistentAppendEntries(1592)) - s2@group-EA982605F2E5: Failed appendEntries as the first entry (index 0) already exists (snapshotIndex: -1, commitIndex: 0)
2022-11-08 19:12:08,100 [s2-server-thread2] INFO  server.RaftServer$Division (RaftServerImpl.java:checkInconsistentAppendEntries(1572)) - s2@group-EA982605F2E5: inconsistency entries. Reply:s1<-s2#553:FAIL-t2,INCONSISTENCY,nextIndex=1,followerCommit=0,matchIndex=-1
2022-11-08 19:12:08,101 [grpc-default-executor-3] INFO  leader.FollowerInfo (FollowerInfoImpl.java:lambda$new$0(48)) - s1@group-EA982605F2E5->s2: nextIndex: updateUnconditionally 5 -> 1
2022-11-08 19:12:08,101 [s2-server-thread2] DEBUG server.RaftServer$Division (RaftServerImpl.java:logAppendEntries(1421)) - s2@group-EA982605F2E5: receive appendEntries(s1, 2, (t:2, i:0), 4, true, commits:[s1:c4, s0:c4, s2:c0], cId:554, entries: [(t:2, i:1), STATEMACHINELOGENTRY, 0@client-2EFB324ADA71, (t:2, i:2), METADATAENTRY(c:1), (t:2, i:3), STATEMACHINELOGENTRY, 999@client-AE8279CAF820, (t:2, i:4), METADATAENTRY(c:3)]
2022-11-08 19:12:08,102 [s2-server-thread2] INFO  server.RaftServer$Division (RaftServerImpl.java:checkInconsistentAppendEntries(1602)) - s2@group-EA982605F2E5: Failed appendEntries as previous log entry ((t:2, i:0)) is not found
2022-11-08 19:12:08,102 [s2-server-thread2] INFO  server.RaftServer$Division (RaftServerImpl.java:checkInconsistentAppendEntries(1572)) - s2@group-EA982605F2E5: inconsistency entries. Reply:s1<-s2#554:FAIL-t2,INCONSISTENCY,nextIndex=0,followerCommit=0,matchIndex=-1
2022-11-08 19:12:08,102 [grpc-default-executor-3] INFO  leader.FollowerInfo (FollowerInfoImpl.java:lambda$new$0(48)) - s1@group-EA982605F2E5->s2: nextIndex: updateUnconditionally 5 -> 0
2022-11-08 19:12:08,103 [s2-server-thread2] DEBUG server.RaftServer$Division (RaftServerImpl.java:logAppendEntries(1421)) - s2@group-EA982605F2E5: receive appendEntries(s1, 2, null, 4, true, commits:[s1:c4, s0:c4, s2:c0], cId:555, entries: [(t:2, i:0), CONFIGURATIONENTRY(current:id: "s0"
address: "localhost:34297"
dataStreamAddress: "localhost:43983"
clientAddress: "localhost:39609"
adminAddress: "localhost:37077"
startupRole: FOLLOWER
,id: "s1"
address: "localhost:38917"
dataStreamAddress: "localhost:45719"
clientAddress: "localhost:36975"
adminAddress: "localhost:40635"
startupRole: FOLLOWER
,id: "s2"
address: "localhost:35511"
dataStreamAddress: "localhost:38827"
clientAddress: "localhost:42865"
adminAddress: "localhost:36791"
startupRole: FOLLOWER
, old:), (t:2, i:1), STATEMACHINELOGENTRY, 0@client-2EFB324ADA71, (t:2, i:2), METADATAENTRY(c:1), (t:2, i:3), STATEMACHINELOGENTRY, 999@client-AE8279CAF820, (t:2, i:4), METADATAENTRY(c:3)]
2022-11-08 19:12:08,103 [s2-server-thread2] INFO  server.RaftServer$Division (RaftServerImpl.java:checkInconsistentAppendEntries(1592)) - s2@group-EA982605F2E5: Failed appendEntries as the first entry (index 0) already exists (snapshotIndex: -1, commitIndex: 0)
2022-11-08 19:12:08,103 [s2-server-thread2] INFO  server.RaftServer$Division (RaftServerImpl.java:checkInconsistentAppendEntries(1572)) - s2@group-EA982605F2E5: inconsistency entries. Reply:s1<-s2#555:FAIL-t2,INCONSISTENCY,nextIndex=1,followerCommit=0,matchIndex=-1
2022-11-08 19:12:08,104 [grpc-default-executor-3] INFO  leader.FollowerInfo (FollowerInfoImpl.java:lambda$new$0(48)) - s1@group-EA982605F2E5->s2: nextIndex: updateUnconditionally 5 -> 1
2022-11-08 19:12:08,104 [s2-server-thread2] DEBUG server.RaftServer$Division (RaftServerImpl.java:logAppendEntries(1421)) - s2@group-EA982605F2E5: receive appendEntries(s1, 2, (t:2, i:0), 4, true, commits:[s1:c4, s0:c4, s2:c0], cId:556, entries: [(t:2, i:1), STATEMACHINELOGENTRY, 0@client-2EFB324ADA71, (t:2, i:2), METADATAENTRY(c:1), (t:2, i:3), STATEMACHINELOGENTRY, 999@client-AE8279CAF820, (t:2, i:4), METADATAENTRY(c:3)]
2022-11-08 19:12:08,105 [s2-server-thread2] INFO  server.RaftServer$Division (RaftServerImpl.java:checkInconsistentAppendEntries(1602)) - s2@group-EA982605F2E5: Failed appendEntries as previous log entry ((t:2, i:0)) is not found
2022-11-08 19:12:08,105 [s2-server-thread2] INFO  server.RaftServer$Division (RaftServerImpl.java:checkInconsistentAppendEntries(1572)) - s2@group-EA982605F2E5: inconsistency entries. Reply:s1<-s2#556:FAIL-t2,INCONSISTENCY,nextIndex=0,followerCommit=0,matchIndex=-1
2022-11-08 19:12:08,105 [grpc-default-executor-3] INFO  leader.FollowerInfo (FollowerInfoImpl.java:lambda$new$0(48)) - s1@group-EA982605F2E5->s2: nextIndex: updateUnconditionally 5 -> 0
2022-11-08 19:12:08,106 [s2-server-thread2] DEBUG server.RaftServer$Division (RaftServerImpl.java:logAppendEntries(1421)) - s2@group-EA982605F2E5: receive appendEntries(s1, 2, null, 4, true, commits:[s1:c4, s0:c4, s2:c0], cId:557, entries: [(t:2, i:0), CONFIGURATIONENTRY(current:id: "s0"
address: "localhost:34297"
dataStreamAddress: "localhost:43983"
clientAddress: "localhost:39609"
adminAddress: "localhost:37077"
startupRole: FOLLOWER
,id: "s1"
address: "localhost:38917"
dataStreamAddress: "localhost:45719"
clientAddress: "localhost:36975"
adminAddress: "localhost:40635"
startupRole: FOLLOWER
,id: "s2"
address: "localhost:35511"
dataStreamAddress: "localhost:38827"
clientAddress: "localhost:42865"
adminAddress: "localhost:36791"
startupRole: FOLLOWER
, old:), (t:2, i:1), STATEMACHINELOGENTRY, 0@client-2EFB324ADA71, (t:2, i:2), METADATAENTRY(c:1), (t:2, i:3), STATEMACHINELOGENTRY, 999@client-AE8279CAF820, (t:2, i:4), METADATAENTRY(c:3)]
2022-11-08 19:12:08,106 [s2-server-thread2] INFO  server.RaftServer$Division (RaftServerImpl.java:checkInconsistentAppendEntries(1592)) - s2@group-EA982605F2E5: Failed appendEntries as the first entry (index 0) already exists (snapshotIndex: -1, commitIndex: 0)
2022-11-08 19:12:08,107 [s2-server-thread2] INFO  server.RaftServer$Division (RaftServerImpl.java:checkInconsistentAppendEntries(1572)) - s2@group-EA982605F2E5: inconsistency entries. Reply:s1<-s2#557:FAIL-t2,INCONSISTENCY,nextIndex=1,followerCommit=0,matchIndex=-1
2022-11-08 19:12:08,107 [grpc-default-executor-3] INFO  leader.FollowerInfo (FollowerInfoImpl.java:lambda$new$0(48)) - s1@group-EA982605F2E5->s2: nextIndex: updateUnconditionally 5 -> 1
2022-11-08 19:12:08,108 [s2-server-thread2] DEBUG server.RaftServer$Division (RaftServerImpl.java:logAppendEntries(1421)) - s2@group-EA982605F2E5: receive appendEntries(s1, 2, (t:2, i:0), 4, true, commits:[s1:c4, s0:c4, s2:c0], cId:558, entries: [(t:2, i:1), STATEMACHINELOGENTRY, 0@client-2EFB324ADA71, (t:2, i:2), METADATAENTRY(c:1), (t:2, i:3), STATEMACHINELOGENTRY, 999@client-AE8279CAF820, (t:2, i:4), METADATAENTRY(c:3)]
2022-11-08 19:12:08,108 [s2-server-thread2] INFO  server.RaftServer$Division (RaftServerImpl.java:checkInconsistentAppendEntries(1602)) - s2@group-EA982605F2E5: Failed appendEntries as previous log entry ((t:2, i:0)) is not found
2022-11-08 19:12:08,108 [s2-server-thread2] INFO  server.RaftServer$Division (RaftServerImpl.java:checkInconsistentAppendEntries(1572)) - s2@group-EA982605F2E5: inconsistency entries. Reply:s1<-s2#558:FAIL-t2,INCONSISTENCY,nextIndex=0,followerCommit=0,matchIndex=-1
2022-11-08 19:12:08,109 [grpc-default-executor-3] INFO  leader.FollowerInfo (FollowerInfoImpl.java:lambda$new$0(48)) - s1@group-EA982605F2E5->s2: nextIndex: updateUnconditionally 5 -> 0
2022-11-08 19:12:08,110 [s2-server-thread2] DEBUG server.RaftServer$Division (RaftServerImpl.java:logAppendEntries(1421)) - s2@group-EA982605F2E5: receive appendEntries(s1, 2, null, 4, true, commits:[s1:c4, s0:c4, s2:c0], cId:559, entries: [(t:2, i:0), CONFIGURATIONENTRY(current:id: "s0"
address: "localhost:34297"
dataStreamAddress: "localhost:43983"
clientAddress: "localhost:39609"
adminAddress: "localhost:37077"
startupRole: FOLLOWER
,id: "s1"
address: "localhost:38917"
dataStreamAddress: "localhost:45719"
clientAddress: "localhost:36975"
adminAddress: "localhost:40635"
startupRole: FOLLOWER
,id: "s2"
address: "localhost:35511"
dataStreamAddress: "localhost:38827"
clientAddress: "localhost:42865"
adminAddress: "localhost:36791"
startupRole: FOLLOWER
, old:), (t:2, i:1), STATEMACHINELOGENTRY, 0@client-2EFB324ADA71, (t:2, i:2), METADATAENTRY(c:1), (t:2, i:3), STATEMACHINELOGENTRY, 999@client-AE8279CAF820, (t:2, i:4), METADATAENTRY(c:3)]
2022-11-08 19:12:08,110 [s2-server-thread2] INFO  server.RaftServer$Division (RaftServerImpl.java:checkInconsistentAppendEntries(1592)) - s2@group-EA982605F2E5: Failed appendEntries as the first entry (index 0) already exists (snapshotIndex: -1, commitIndex: 0)
2022-11-08 19:12:08,110 [s2-server-thread2] INFO  server.RaftServer$Division (RaftServerImpl.java:checkInconsistentAppendEntries(1572)) - s2@group-EA982605F2E5: inconsistency entries. Reply:s1<-s2#559:FAIL-t2,INCONSISTENCY,nextIndex=1,followerCommit=0,matchIndex=-1
2022-11-08 19:12:08,111 [grpc-default-executor-3] INFO  leader.FollowerInfo (FollowerInfoImpl.java:lambda$new$0(48)) - s1@group-EA982605F2E5->s2: nextIndex: updateUnconditionally 5 -> 1
2022-11-08 19:12:08,112 [s2-server-thread2] DEBUG server.RaftServer$Division (RaftServerImpl.java:logAppendEntries(1421)) - s2@group-EA982605F2E5: receive appendEntries(s1, 2, (t:2, i:0), 4, true, commits:[s1:c4, s0:c4, s2:c0], cId:560, entries: [(t:2, i:1), STATEMACHINELOGENTRY, 0@client-2EFB324ADA71, (t:2, i:2), METADATAENTRY(c:1), (t:2, i:3), STATEMACHINELOGENTRY, 999@client-AE8279CAF820, (t:2, i:4), METADATAENTRY(c:3)]
2022-11-08 19:12:08,112 [s2-server-thread2] INFO  server.RaftServer$Division (RaftServerImpl.java:checkInconsistentAppendEntries(1602)) - s2@group-EA982605F2E5: Failed appendEntries as previous log entry ((t:2, i:0)) is not found
2022-11-08 19:12:08,112 [s2-server-thread2] INFO  server.RaftServer$Division (RaftServerImpl.java:checkInconsistentAppendEntries(1572)) - s2@group-EA982605F2E5: inconsistency entries. Reply:s1<-s2#560:FAIL-t2,INCONSISTENCY,nextIndex=0,followerCommit=0,matchIndex=-1
2022-11-08 19:12:08,113 [grpc-default-executor-3] INFO  leader.FollowerInfo (FollowerInfoImpl.java:lambda$new$0(48)) - s1@group-EA982605F2E5->s2: nextIndex: updateUnconditionally 5 -> 0
2022-11-08 19:12:08,114 [s2-server-thread2] DEBUG server.RaftServer$Division (RaftServerImpl.java:logAppendEntries(1421)) - s2@group-EA982605F2E5: receive appendEntries(s1, 2, null, 4, true, commits:[s1:c4, s0:c4, s2:c0], cId:561, entries: [(t:2, i:0), CONFIGURATIONENTRY(current:id: "s0"
address: "localhost:34297"
dataStreamAddress: "localhost:43983"
clientAddress: "localhost:39609"
adminAddress: "localhost:37077"
startupRole: FOLLOWER
,id: "s1"
address: "localhost:38917"
dataStreamAddress: "localhost:45719"
clientAddress: "localhost:36975"
adminAddress: "localhost:40635"
startupRole: FOLLOWER
,id: "s2"
address: "localhost:35511"
dataStreamAddress: "localhost:38827"
clientAddress: "localhost:42865"
adminAddress: "localhost:36791"
startupRole: FOLLOWER
, old:), (t:2, i:1), STATEMACHINELOGENTRY, 0@client-2EFB324ADA71, (t:2, i:2), METADATAENTRY(c:1), (t:2, i:3), STATEMACHINELOGENTRY, 999@client-AE8279CAF820, (t:2, i:4), METADATAENTRY(c:3)]
2022-11-08 19:12:08,114 [s2-server-thread2] INFO  server.RaftServer$Division (RaftServerImpl.java:checkInconsistentAppendEntries(1592)) - s2@group-EA982605F2E5: Failed appendEntries as the first entry (index 0) already exists (snapshotIndex: -1, commitIndex: 0)
2022-11-08 19:12:08,114 [s2-server-thread2] INFO  server.RaftServer$Division (RaftServerImpl.java:checkInconsistentAppendEntries(1572)) - s2@group-EA982605F2E5: inconsistency entries. Reply:s1<-s2#561:FAIL-t2,INCONSISTENCY,nextIndex=1,followerCommit=0,matchIndex=-1
2022-11-08 19:12:08,115 [grpc-default-executor-3] INFO  leader.FollowerInfo (FollowerInfoImpl.java:lambda$new$0(48)) - s1@group-EA982605F2E5->s2: nextIndex: updateUnconditionally 5 -> 1
2022-11-08 19:12:08,116 [s2-server-thread2] DEBUG server.RaftServer$Division (RaftServerImpl.java:logAppendEntries(1421)) - s2@group-EA982605F2E5: receive appendEntries(s1, 2, (t:2, i:0), 4, true, commits:[s1:c4, s0:c4, s2:c0], cId:562, entries: [(t:2, i:1), STATEMACHINELOGENTRY, 0@client-2EFB324ADA71, (t:2, i:2), METADATAENTRY(c:1), (t:2, i:3), STATEMACHINELOGENTRY, 999@client-AE8279CAF820, (t:2, i:4), METADATAENTRY(c:3)]
2022-11-08 19:12:08,116 [s2-server-thread2] INFO  server.RaftServer$Division (RaftServerImpl.java:checkInconsistentAppendEntries(1602)) - s2@group-EA982605F2E5: Failed appendEntries as previous log entry ((t:2, i:0)) is not found
2022-11-08 19:12:08,116 [s2-server-thread2] INFO  server.RaftServer$Division (RaftServerImpl.java:checkInconsistentAppendEntries(1572)) - s2@group-EA982605F2E5: inconsistency entries. Reply:s1<-s2#562:FAIL-t2,INCONSISTENCY,nextIndex=0,followerCommit=0,matchIndex=-1
2022-11-08 19:12:08,117 [grpc-default-executor-3] INFO  leader.FollowerInfo (FollowerInfoImpl.java:lambda$new$0(48)) - s1@group-EA982605F2E5->s2: nextIndex: updateUnconditionally 5 -> 0
2022-11-08 19:12:08,118 [s2-server-thread2] DEBUG server.RaftServer$Division (RaftServerImpl.java:logAppendEntries(1421)) - s2@group-EA982605F2E5: receive appendEntries(s1, 2, null, 4, true, commits:[s1:c4, s0:c4, s2:c0], cId:563, entries: [(t:2, i:0), CONFIGURATIONENTRY(current:id: "s0"
address: "localhost:34297"
dataStreamAddress: "localhost:43983"
clientAddress: "localhost:39609"
adminAddress: "localhost:37077"
startupRole: FOLLOWER
,id: "s1"
address: "localhost:38917"
dataStreamAddress: "localhost:45719"
clientAddress: "localhost:36975"
adminAddress: "localhost:40635"
startupRole: FOLLOWER
,id: "s2"
address: "localhost:35511"
dataStreamAddress: "localhost:38827"
clientAddress: "localhost:42865"
adminAddress: "localhost:36791"
startupRole: FOLLOWER
, old:), (t:2, i:1), STATEMACHINELOGENTRY, 0@client-2EFB324ADA71, (t:2, i:2), METADATAENTRY(c:1), (t:2, i:3), STATEMACHINELOGENTRY, 999@client-AE8279CAF820, (t:2, i:4), METADATAENTRY(c:3)]
2022-11-08 19:12:08,118 [s2-server-thread2] INFO  server.RaftServer$Division (RaftServerImpl.java:checkInconsistentAppendEntries(1592)) - s2@group-EA982605F2E5: Failed appendEntries as the first entry (index 0) already exists (snapshotIndex: -1, commitIndex: 0)
2022-11-08 19:12:08,118 [s2-server-thread2] INFO  server.RaftServer$Division (RaftServerImpl.java:checkInconsistentAppendEntries(1572)) - s2@group-EA982605F2E5: inconsistency entries. Reply:s1<-s2#563:FAIL-t2,INCONSISTENCY,nextIndex=1,followerCommit=0,matchIndex=-1
2022-11-08 19:12:08,119 [grpc-default-executor-3] INFO  leader.FollowerInfo (FollowerInfoImpl.java:lambda$new$0(48)) - s1@group-EA982605F2E5->s2: nextIndex: updateUnconditionally 5 -> 1
2022-11-08 19:12:08,120 [s2-server-thread2] DEBUG server.RaftServer$Division (RaftServerImpl.java:logAppendEntries(1421)) - s2@group-EA982605F2E5: receive appendEntries(s1, 2, (t:2, i:0), 4, true, commits:[s1:c4, s0:c4, s2:c0], cId:564, entries: [(t:2, i:1), STATEMACHINELOGENTRY, 0@client-2EFB324ADA71, (t:2, i:2), METADATAENTRY(c:1), (t:2, i:3), STATEMACHINELOGENTRY, 999@client-AE8279CAF820, (t:2, i:4), METADATAENTRY(c:3)]
2022-11-08 19:12:08,120 [s2-server-thread2] INFO  server.RaftServer$Division (RaftServerImpl.java:checkInconsistentAppendEntries(1602)) - s2@group-EA982605F2E5: Failed appendEntries as previous log entry ((t:2, i:0)) is not found
2022-11-08 19:12:08,120 [s2-server-thread2] INFO  server.RaftServer$Division (RaftServerImpl.java:checkInconsistentAppendEntries(1572)) - s2@group-EA982605F2E5: inconsistency entries. Reply:s1<-s2#564:FAIL-t2,INCONSISTENCY,nextIndex=0,followerCommit=0,matchIndex=-1
2022-11-08 19:12:08,121 [grpc-default-executor-3] INFO  leader.FollowerInfo (FollowerInfoImpl.java:lambda$new$0(48)) - s1@group-EA982605F2E5->s2: nextIndex: updateUnconditionally 5 -> 0
2022-11-08 19:12:08,122 [s2-server-thread2] DEBUG server.RaftServer$Division (RaftServerImpl.java:logAppendEntries(1421)) - s2@group-EA982605F2E5: receive appendEntries(s1, 2, null, 4, true, commits:[s1:c4, s0:c4, s2:c0], cId:565, entries: [(t:2, i:0), CONFIGURATIONENTRY(current:id: "s0"
address: "localhost:34297"
dataStreamAddress: "localhost:43983"
clientAddress: "localhost:39609"
adminAddress: "localhost:37077"
startupRole: FOLLOWER
,id: "s1"
address: "localhost:38917"
dataStreamAddress: "localhost:45719"
clientAddress: "localhost:36975"
adminAddress: "localhost:40635"
startupRole: FOLLOWER
,id: "s2"
address: "localhost:35511"
dataStreamAddress: "localhost:38827"
clientAddress: "localhost:42865"
adminAddress: "localhost:36791"
startupRole: FOLLOWER
, old:), (t:2, i:1), STATEMACHINELOGENTRY, 0@client-2EFB324ADA71, (t:2, i:2), METADATAENTRY(c:1), (t:2, i:3), STATEMACHINELOGENTRY, 999@client-AE8279CAF820, (t:2, i:4), METADATAENTRY(c:3)]
2022-11-08 19:12:08,122 [s2-server-thread2] INFO  server.RaftServer$Division (RaftServerImpl.java:checkInconsistentAppendEntries(1592)) - s2@group-EA982605F2E5: Failed appendEntries as the first entry (index 0) already exists (snapshotIndex: -1, commitIndex: 0)
2022-11-08 19:12:08,122 [s2-server-thread2] INFO  server.RaftServer$Division (RaftServerImpl.java:checkInconsistentAppendEntries(1572)) - s2@group-EA982605F2E5: inconsistency entries. Reply:s1<-s2#565:FAIL-t2,INCONSISTENCY,nextIndex=1,followerCommit=0,matchIndex=-1
2022-11-08 19:12:08,124 [grpc-default-executor-3] INFO  leader.FollowerInfo (FollowerInfoImpl.java:lambda$new$0(48)) - s1@group-EA982605F2E5->s2: nextIndex: updateUnconditionally 5 -> 1
2022-11-08 19:12:08,125 [s2-server-thread2] DEBUG server.RaftServer$Division (RaftServerImpl.java:logAppendEntries(1421)) - s2@group-EA982605F2E5: receive appendEntries(s1, 2, (t:2, i:0), 4, true, commits:[s1:c4, s0:c4, s2:c0], cId:566, entries: [(t:2, i:1), STATEMACHINELOGENTRY, 0@client-2EFB324ADA71, (t:2, i:2), METADATAENTRY(c:1), (t:2, i:3), STATEMACHINELOGENTRY, 999@client-AE8279CAF820, (t:2, i:4), METADATAENTRY(c:3)]
2022-11-08 19:12:08,125 [s2-server-thread2] INFO  server.RaftServer$Division (RaftServerImpl.java:checkInconsistentAppendEntries(1602)) - s2@group-EA982605F2E5: Failed appendEntries as previous log entry ((t:2, i:0)) is not found
2022-11-08 19:12:08,125 [s2-server-thread2] INFO  server.RaftServer$Division (RaftServerImpl.java:checkInconsistentAppendEntries(1572)) - s2@group-EA982605F2E5: inconsistency entries. Reply:s1<-s2#566:FAIL-t2,INCONSISTENCY,nextIndex=0,followerCommit=0,matchIndex=-1
2022-11-08 19:12:08,126 [grpc-default-executor-0] INFO  leader.FollowerInfo (FollowerInfoImpl.java:lambda$new$0(48)) - s1@group-EA982605F2E5->s2: nextIndex: updateUnconditionally 5 -> 0
2022-11-08 19:12:08,127 [s2-server-thread2] DEBUG server.RaftServer$Division (RaftServerImpl.java:logAppendEntries(1421)) - s2@group-EA982605F2E5: receive appendEntries(s1, 2, null, 4, true, commits:[s1:c4, s0:c4, s2:c0], cId:567, entries: [(t:2, i:0), CONFIGURATIONENTRY(current:id: "s0"
address: "localhost:34297"
dataStreamAddress: "localhost:43983"
clientAddress: "localhost:39609"
adminAddress: "localhost:37077"
startupRole: FOLLOWER
,id: "s1"
address: "localhost:38917"
dataStreamAddress: "localhost:45719"
clientAddress: "localhost:36975"
adminAddress: "localhost:40635"
startupRole: FOLLOWER
,id: "s2"
address: "localhost:35511"
dataStreamAddress: "localhost:38827"
clientAddress: "localhost:42865"
adminAddress: "localhost:36791"
startupRole: FOLLOWER
, old:), (t:2, i:1), STATEMACHINELOGENTRY, 0@client-2EFB324ADA71, (t:2, i:2), METADATAENTRY(c:1), (t:2, i:3), STATEMACHINELOGENTRY, 999@client-AE8279CAF820, (t:2, i:4), METADATAENTRY(c:3)]
2022-11-08 19:12:08,127 [s2-server-thread2] INFO  server.RaftServer$Division (RaftServerImpl.java:checkInconsistentAppendEntries(1592)) - s2@group-EA982605F2E5: Failed appendEntries as the first entry (index 0) already exists (snapshotIndex: -1, commitIndex: 0)
2022-11-08 19:12:08,127 [s2-server-thread2] INFO  server.RaftServer$Division (RaftServerImpl.java:checkInconsistentAppendEntries(1572)) - s2@group-EA982605F2E5: inconsistency entries. Reply:s1<-s2#567:FAIL-t2,INCONSISTENCY,nextIndex=1,followerCommit=0,matchIndex=-1
2022-11-08 19:12:08,127 [grpc-default-executor-0] INFO  leader.FollowerInfo (FollowerInfoImpl.java:lambda$new$0(48)) - s1@group-EA982605F2E5->s2: nextIndex: updateUnconditionally 5 -> 1
2022-11-08 19:12:08,128 [s2-server-thread2] DEBUG server.RaftServer$Division (RaftServerImpl.java:logAppendEntries(1421)) - s2@group-EA982605F2E5: receive appendEntries(s1, 2, (t:2, i:0), 4, true, commits:[s1:c4, s0:c4, s2:c0], cId:568, entries: [(t:2, i:1), STATEMACHINELOGENTRY, 0@client-2EFB324ADA71, (t:2, i:2), METADATAENTRY(c:1), (t:2, i:3), STATEMACHINELOGENTRY, 999@client-AE8279CAF820, (t:2, i:4), METADATAENTRY(c:3)]
2022-11-08 19:12:08,128 [s2-server-thread2] INFO  server.RaftServer$Division (RaftServerImpl.java:checkInconsistentAppendEntries(1602)) - s2@group-EA982605F2E5: Failed appendEntries as previous log entry ((t:2, i:0)) is not found
2022-11-08 19:12:08,129 [s2-server-thread2] INFO  server.RaftServer$Division (RaftServerImpl.java:checkInconsistentAppendEntries(1572)) - s2@group-EA982605F2E5: inconsistency entries. Reply:s1<-s2#568:FAIL-t2,INCONSISTENCY,nextIndex=0,followerCommit=0,matchIndex=-1
2022-11-08 19:12:08,135 [grpc-default-executor-0] INFO  leader.FollowerInfo (FollowerInfoImpl.java:lambda$new$0(48)) - s1@group-EA982605F2E5->s2: nextIndex: updateUnconditionally 5 -> 0
2022-11-08 19:12:08,136 [s2-server-thread2] DEBUG server.RaftServer$Division (RaftServerImpl.java:logAppendEntries(1421)) - s2@group-EA982605F2E5: receive appendEntries(s1, 2, null, 4, true, commits:[s1:c4, s0:c4, s2:c0], cId:569, entries: [(t:2, i:0), CONFIGURATIONENTRY(current:id: "s0"
address: "localhost:34297"
dataStreamAddress: "localhost:43983"
clientAddress: "localhost:39609"
adminAddress: "localhost:37077"
startupRole: FOLLOWER
,id: "s1"
address: "localhost:38917"
dataStreamAddress: "localhost:45719"
clientAddress: "localhost:36975"
adminAddress: "localhost:40635"
startupRole: FOLLOWER
,id: "s2"
address: "localhost:35511"
dataStreamAddress: "localhost:38827"
clientAddress: "localhost:42865"
adminAddress: "localhost:36791"
startupRole: FOLLOWER
, old:), (t:2, i:1), STATEMACHINELOGENTRY, 0@client-2EFB324ADA71, (t:2, i:2), METADATAENTRY(c:1), (t:2, i:3), STATEMACHINELOGENTRY, 999@client-AE8279CAF820, (t:2, i:4), METADATAENTRY(c:3)]
2022-11-08 19:12:08,136 [s2-server-thread2] INFO  server.RaftServer$Division (RaftServerImpl.java:checkInconsistentAppendEntries(1592)) - s2@group-EA982605F2E5: Failed appendEntries as the first entry (index 0) already exists (snapshotIndex: -1, commitIndex: 0)
2022-11-08 19:12:08,136 [s2-server-thread2] INFO  server.RaftServer$Division (RaftServerImpl.java:checkInconsistentAppendEntries(1572)) - s2@group-EA982605F2E5: inconsistency entries. Reply:s1<-s2#569:FAIL-t2,INCONSISTENCY,nextIndex=1,followerCommit=0,matchIndex=-1
2022-11-08 19:12:08,137 [grpc-default-executor-0] INFO  leader.FollowerInfo (FollowerInfoImpl.java:lambda$new$0(48)) - s1@group-EA982605F2E5->s2: nextIndex: updateUnconditionally 5 -> 1
2022-11-08 19:12:08,138 [s2-server-thread2] DEBUG server.RaftServer$Division (RaftServerImpl.java:logAppendEntries(1421)) - s2@group-EA982605F2E5: receive appendEntries(s1, 2, (t:2, i:0), 4, true, commits:[s1:c4, s0:c4, s2:c0], cId:570, entries: [(t:2, i:1), STATEMACHINELOGENTRY, 0@client-2EFB324ADA71, (t:2, i:2), METADATAENTRY(c:1), (t:2, i:3), STATEMACHINELOGENTRY, 999@client-AE8279CAF820, (t:2, i:4), METADATAENTRY(c:3)]
2022-11-08 19:12:08,139 [s2-server-thread2] INFO  server.RaftServer$Division (RaftServerImpl.java:checkInconsistentAppendEntries(1602)) - s2@group-EA982605F2E5: Failed appendEntries as previous log entry ((t:2, i:0)) is not found
2022-11-08 19:12:08,139 [s2-server-thread2] INFO  server.RaftServer$Division (RaftServerImpl.java:checkInconsistentAppendEntries(1572)) - s2@group-EA982605F2E5: inconsistency entries. Reply:s1<-s2#570:FAIL-t2,INCONSISTENCY,nextIndex=0,followerCommit=0,matchIndex=-1
2022-11-08 19:12:08,139 [grpc-default-executor-0] INFO  leader.FollowerInfo (FollowerInfoImpl.java:lambda$new$0(48)) - s1@group-EA982605F2E5->s2: nextIndex: updateUnconditionally 5 -> 0
2022-11-08 19:12:08,140 [s2-server-thread2] DEBUG server.RaftServer$Division (RaftServerImpl.java:logAppendEntries(1421)) - s2@group-EA982605F2E5: receive appendEntries(s1, 2, null, 4, true, commits:[s1:c4, s0:c4, s2:c0], cId:571, entries: [(t:2, i:0), CONFIGURATIONENTRY(current:id: "s0"
address: "localhost:34297"
dataStreamAddress: "localhost:43983"
clientAddress: "localhost:39609"
adminAddress: "localhost:37077"
startupRole: FOLLOWER
,id: "s1"
address: "localhost:38917"
dataStreamAddress: "localhost:45719"
clientAddress: "localhost:36975"
adminAddress: "localhost:40635"
startupRole: FOLLOWER
,id: "s2"
address: "localhost:35511"
dataStreamAddress: "localhost:38827"
clientAddress: "localhost:42865"
adminAddress: "localhost:36791"
startupRole: FOLLOWER
, old:), (t:2, i:1), STATEMACHINELOGENTRY, 0@client-2EFB324ADA71, (t:2, i:2), METADATAENTRY(c:1), (t:2, i:3), STATEMACHINELOGENTRY, 999@client-AE8279CAF820, (t:2, i:4), METADATAENTRY(c:3)]
2022-11-08 19:12:08,141 [s2-server-thread2] INFO  server.RaftServer$Division (RaftServerImpl.java:checkInconsistentAppendEntries(1592)) - s2@group-EA982605F2E5: Failed appendEntries as the first entry (index 0) already exists (snapshotIndex: -1, commitIndex: 0)
2022-11-08 19:12:08,141 [s2-server-thread2] INFO  server.RaftServer$Division (RaftServerImpl.java:checkInconsistentAppendEntries(1572)) - s2@group-EA982605F2E5: inconsistency entries. Reply:s1<-s2#571:FAIL-t2,INCONSISTENCY,nextIndex=1,followerCommit=0,matchIndex=-1
2022-11-08 19:12:08,141 [grpc-default-executor-0] INFO  leader.FollowerInfo (FollowerInfoImpl.java:lambda$new$0(48)) - s1@group-EA982605F2E5->s2: nextIndex: updateUnconditionally 5 -> 1
2022-11-08 19:12:08,142 [s2-server-thread2] DEBUG server.RaftServer$Division (RaftServerImpl.java:logAppendEntries(1421)) - s2@group-EA982605F2E5: receive appendEntries(s1, 2, (t:2, i:0), 4, true, commits:[s1:c4, s0:c4, s2:c0], cId:572, entries: [(t:2, i:1), STATEMACHINELOGENTRY, 0@client-2EFB324ADA71, (t:2, i:2), METADATAENTRY(c:1), (t:2, i:3), STATEMACHINELOGENTRY, 999@client-AE8279CAF820, (t:2, i:4), METADATAENTRY(c:3)]
2022-11-08 19:12:08,142 [s2-server-thread2] INFO  server.RaftServer$Division (RaftServerImpl.java:checkInconsistentAppendEntries(1602)) - s2@group-EA982605F2E5: Failed appendEntries as previous log entry ((t:2, i:0)) is not found
2022-11-08 19:12:08,143 [s2-server-thread2] INFO  server.RaftServer$Division (RaftServerImpl.java:checkInconsistentAppendEntries(1572)) - s2@group-EA982605F2E5: inconsistency entries. Reply:s1<-s2#572:FAIL-t2,INCONSISTENCY,nextIndex=0,followerCommit=0,matchIndex=-1
2022-11-08 19:12:08,143 [grpc-default-executor-0] INFO  leader.FollowerInfo (FollowerInfoImpl.java:lambda$new$0(48)) - s1@group-EA982605F2E5->s2: nextIndex: updateUnconditionally 5 -> 0
2022-11-08 19:12:08,144 [s2-server-thread2] DEBUG server.RaftServer$Division (RaftServerImpl.java:logAppendEntries(1421)) - s2@group-EA982605F2E5: receive appendEntries(s1, 2, null, 4, true, commits:[s1:c4, s0:c4, s2:c0], cId:573, entries: [(t:2, i:0), CONFIGURATIONENTRY(current:id: "s0"
address: "localhost:34297"
dataStreamAddress: "localhost:43983"
clientAddress: "localhost:39609"
adminAddress: "localhost:37077"
startupRole: FOLLOWER
,id: "s1"
address: "localhost:38917"
dataStreamAddress: "localhost:45719"
clientAddress: "localhost:36975"
adminAddress: "localhost:40635"
startupRole: FOLLOWER
,id: "s2"
address: "localhost:35511"
dataStreamAddress: "localhost:38827"
clientAddress: "localhost:42865"
adminAddress: "localhost:36791"
startupRole: FOLLOWER
, old:), (t:2, i:1), STATEMACHINELOGENTRY, 0@client-2EFB324ADA71, (t:2, i:2), METADATAENTRY(c:1), (t:2, i:3), STATEMACHINELOGENTRY, 999@client-AE8279CAF820, (t:2, i:4), METADATAENTRY(c:3)]
2022-11-08 19:12:08,145 [s2-server-thread2] INFO  server.RaftServer$Division (RaftServerImpl.java:checkInconsistentAppendEntries(1592)) - s2@group-EA982605F2E5: Failed appendEntries as the first entry (index 0) already exists (snapshotIndex: -1, commitIndex: 0)
2022-11-08 19:12:08,145 [s2-server-thread2] INFO  server.RaftServer$Division (RaftServerImpl.java:checkInconsistentAppendEntries(1572)) - s2@group-EA982605F2E5: inconsistency entries. Reply:s1<-s2#573:FAIL-t2,INCONSISTENCY,nextIndex=1,followerCommit=0,matchIndex=-1
2022-11-08 19:12:08,145 [grpc-default-executor-0] INFO  leader.FollowerInfo (FollowerInfoImpl.java:lambda$new$0(48)) - s1@group-EA982605F2E5->s2: nextIndex: updateUnconditionally 5 -> 1
2022-11-08 19:12:08,146 [s2-server-thread2] DEBUG server.RaftServer$Division (RaftServerImpl.java:logAppendEntries(1421)) - s2@group-EA982605F2E5: receive appendEntries(s1, 2, (t:2, i:0), 4, true, commits:[s1:c4, s0:c4, s2:c0], cId:574, entries: [(t:2, i:1), STATEMACHINELOGENTRY, 0@client-2EFB324ADA71, (t:2, i:2), METADATAENTRY(c:1), (t:2, i:3), STATEMACHINELOGENTRY, 999@client-AE8279CAF820, (t:2, i:4), METADATAENTRY(c:3)]
2022-11-08 19:12:08,147 [s2-server-thread2] INFO  server.RaftServer$Division (RaftServerImpl.java:checkInconsistentAppendEntries(1602)) - s2@group-EA982605F2E5: Failed appendEntries as previous log entry ((t:2, i:0)) is not found
2022-11-08 19:12:08,147 [s2-server-thread2] INFO  server.RaftServer$Division (RaftServerImpl.java:checkInconsistentAppendEntries(1572)) - s2@group-EA982605F2E5: inconsistency entries. Reply:s1<-s2#574:FAIL-t2,INCONSISTENCY,nextIndex=0,followerCommit=0,matchIndex=-1
2022-11-08 19:12:08,147 [grpc-default-executor-0] INFO  leader.FollowerInfo (FollowerInfoImpl.java:lambda$new$0(48)) - s1@group-EA982605F2E5->s2: nextIndex: updateUnconditionally 5 -> 0
2022-11-08 19:12:08,149 [s2-server-thread2] DEBUG server.RaftServer$Division (RaftServerImpl.java:logAppendEntries(1421)) - s2@group-EA982605F2E5: receive appendEntries(s1, 2, null, 4, true, commits:[s1:c4, s0:c4, s2:c0], cId:575, entries: [(t:2, i:0), CONFIGURATIONENTRY(current:id: "s0"
address: "localhost:34297"
dataStreamAddress: "localhost:43983"
clientAddress: "localhost:39609"
adminAddress: "localhost:37077"
startupRole: FOLLOWER
,id: "s1"
address: "localhost:38917"
dataStreamAddress: "localhost:45719"
clientAddress: "localhost:36975"
adminAddress: "localhost:40635"
startupRole: FOLLOWER
,id: "s2"
address: "localhost:35511"
dataStreamAddress: "localhost:38827"
clientAddress: "localhost:42865"
adminAddress: "localhost:36791"
startupRole: FOLLOWER
, old:), (t:2, i:1), STATEMACHINELOGENTRY, 0@client-2EFB324ADA71, (t:2, i:2), METADATAENTRY(c:1), (t:2, i:3), STATEMACHINELOGENTRY, 999@client-AE8279CAF820, (t:2, i:4), METADATAENTRY(c:3)]
2022-11-08 19:12:08,149 [s2-server-thread2] INFO  server.RaftServer$Division (RaftServerImpl.java:checkInconsistentAppendEntries(1592)) - s2@group-EA982605F2E5: Failed appendEntries as the first entry (index 0) already exists (snapshotIndex: -1, commitIndex: 0)
2022-11-08 19:12:08,150 [s2-server-thread2] INFO  server.RaftServer$Division (RaftServerImpl.java:checkInconsistentAppendEntries(1572)) - s2@group-EA982605F2E5: inconsistency entries. Reply:s1<-s2#575:FAIL-t2,INCONSISTENCY,nextIndex=1,followerCommit=0,matchIndex=-1
2022-11-08 19:12:08,150 [grpc-default-executor-0] INFO  leader.FollowerInfo (FollowerInfoImpl.java:lambda$new$0(48)) - s1@group-EA982605F2E5->s2: nextIndex: updateUnconditionally 5 -> 1
2022-11-08 19:12:08,151 [s2-server-thread2] DEBUG server.RaftServer$Division (RaftServerImpl.java:logAppendEntries(1421)) - s2@group-EA982605F2E5: receive appendEntries(s1, 2, (t:2, i:0), 4, true, commits:[s1:c4, s0:c4, s2:c0], cId:576, entries: [(t:2, i:1), STATEMACHINELOGENTRY, 0@client-2EFB324ADA71, (t:2, i:2), METADATAENTRY(c:1), (t:2, i:3), STATEMACHINELOGENTRY, 999@client-AE8279CAF820, (t:2, i:4), METADATAENTRY(c:3)]
2022-11-08 19:12:08,152 [s2-server-thread2] INFO  server.RaftServer$Division (RaftServerImpl.java:checkInconsistentAppendEntries(1602)) - s2@group-EA982605F2E5: Failed appendEntries as previous log entry ((t:2, i:0)) is not found
2022-11-08 19:12:08,152 [s2-server-thread2] INFO  server.RaftServer$Division (RaftServerImpl.java:checkInconsistentAppendEntries(1572)) - s2@group-EA982605F2E5: inconsistency entries. Reply:s1<-s2#576:FAIL-t2,INCONSISTENCY,nextIndex=0,followerCommit=0,matchIndex=-1
2022-11-08 19:12:08,152 [grpc-default-executor-0] INFO  leader.FollowerInfo (FollowerInfoImpl.java:lambda$new$0(48)) - s1@group-EA982605F2E5->s2: nextIndex: updateUnconditionally 5 -> 0
2022-11-08 19:12:08,153 [s2-server-thread2] DEBUG server.RaftServer$Division (RaftServerImpl.java:logAppendEntries(1421)) - s2@group-EA982605F2E5: receive appendEntries(s1, 2, null, 4, true, commits:[s1:c4, s0:c4, s2:c0], cId:577, entries: [(t:2, i:0), CONFIGURATIONENTRY(current:id: "s0"
address: "localhost:34297"
dataStreamAddress: "localhost:43983"
clientAddress: "localhost:39609"
adminAddress: "localhost:37077"
startupRole: FOLLOWER
,id: "s1"
address: "localhost:38917"
dataStreamAddress: "localhost:45719"
clientAddress: "localhost:36975"
adminAddress: "localhost:40635"
startupRole: FOLLOWER
,id: "s2"
address: "localhost:35511"
dataStreamAddress: "localhost:38827"
clientAddress: "localhost:42865"
adminAddress: "localhost:36791"
startupRole: FOLLOWER
, old:), (t:2, i:1), STATEMACHINELOGENTRY, 0@client-2EFB324ADA71, (t:2, i:2), METADATAENTRY(c:1), (t:2, i:3), STATEMACHINELOGENTRY, 999@client-AE8279CAF820, (t:2, i:4), METADATAENTRY(c:3)]
2022-11-08 19:12:08,154 [s2-server-thread2] INFO  server.RaftServer$Division (RaftServerImpl.java:checkInconsistentAppendEntries(1592)) - s2@group-EA982605F2E5: Failed appendEntries as the first entry (index 0) already exists (snapshotIndex: -1, commitIndex: 0)
2022-11-08 19:12:08,154 [s2-server-thread2] INFO  server.RaftServer$Division (RaftServerImpl.java:checkInconsistentAppendEntries(1572)) - s2@group-EA982605F2E5: inconsistency entries. Reply:s1<-s2#577:FAIL-t2,INCONSISTENCY,nextIndex=1,followerCommit=0,matchIndex=-1
2022-11-08 19:12:08,154 [grpc-default-executor-0] INFO  leader.FollowerInfo (FollowerInfoImpl.java:lambda$new$0(48)) - s1@group-EA982605F2E5->s2: nextIndex: updateUnconditionally 5 -> 1
2022-11-08 19:12:08,155 [s2-server-thread2] DEBUG server.RaftServer$Division (RaftServerImpl.java:logAppendEntries(1421)) - s2@group-EA982605F2E5: receive appendEntries(s1, 2, (t:2, i:0), 4, true, commits:[s1:c4, s0:c4, s2:c0], cId:578, entries: [(t:2, i:1), STATEMACHINELOGENTRY, 0@client-2EFB324ADA71, (t:2, i:2), METADATAENTRY(c:1), (t:2, i:3), STATEMACHINELOGENTRY, 999@client-AE8279CAF820, (t:2, i:4), METADATAENTRY(c:3)]
2022-11-08 19:12:08,155 [s2-server-thread2] INFO  server.RaftServer$Division (RaftServerImpl.java:checkInconsistentAppendEntries(1602)) - s2@group-EA982605F2E5: Failed appendEntries as previous log entry ((t:2, i:0)) is not found
2022-11-08 19:12:08,156 [s2-server-thread2] INFO  server.RaftServer$Division (RaftServerImpl.java:checkInconsistentAppendEntries(1572)) - s2@group-EA982605F2E5: inconsistency entries. Reply:s1<-s2#578:FAIL-t2,INCONSISTENCY,nextIndex=0,followerCommit=0,matchIndex=-1
2022-11-08 19:12:08,156 [grpc-default-executor-0] INFO  leader.FollowerInfo (FollowerInfoImpl.java:lambda$new$0(48)) - s1@group-EA982605F2E5->s2: nextIndex: updateUnconditionally 5 -> 0
2022-11-08 19:12:08,157 [s2-server-thread2] DEBUG server.RaftServer$Division (RaftServerImpl.java:logAppendEntries(1421)) - s2@group-EA982605F2E5: receive appendEntries(s1, 2, null, 4, true, commits:[s1:c4, s0:c4, s2:c0], cId:579, entries: [(t:2, i:0), CONFIGURATIONENTRY(current:id: "s0"
address: "localhost:34297"
dataStreamAddress: "localhost:43983"
clientAddress: "localhost:39609"
adminAddress: "localhost:37077"
startupRole: FOLLOWER
,id: "s1"
address: "localhost:38917"
dataStreamAddress: "localhost:45719"
clientAddress: "localhost:36975"
adminAddress: "localhost:40635"
startupRole: FOLLOWER
,id: "s2"
address: "localhost:35511"
dataStreamAddress: "localhost:38827"
clientAddress: "localhost:42865"
adminAddress: "localhost:36791"
startupRole: FOLLOWER
, old:), (t:2, i:1), STATEMACHINELOGENTRY, 0@client-2EFB324ADA71, (t:2, i:2), METADATAENTRY(c:1), (t:2, i:3), STATEMACHINELOGENTRY, 999@client-AE8279CAF820, (t:2, i:4), METADATAENTRY(c:3)]
2022-11-08 19:12:08,157 [s2-server-thread2] INFO  server.RaftServer$Division (RaftServerImpl.java:checkInconsistentAppendEntries(1592)) - s2@group-EA982605F2E5: Failed appendEntries as the first entry (index 0) already exists (snapshotIndex: -1, commitIndex: 0)
2022-11-08 19:12:08,158 [s2-server-thread2] INFO  server.RaftServer$Division (RaftServerImpl.java:checkInconsistentAppendEntries(1572)) - s2@group-EA982605F2E5: inconsistency entries. Reply:s1<-s2#579:FAIL-t2,INCONSISTENCY,nextIndex=1,followerCommit=0,matchIndex=-1
2022-11-08 19:12:08,158 [grpc-default-executor-0] INFO  leader.FollowerInfo (FollowerInfoImpl.java:lambda$new$0(48)) - s1@group-EA982605F2E5->s2: nextIndex: updateUnconditionally 5 -> 1
2022-11-08 19:12:08,159 [s2-server-thread2] DEBUG server.RaftServer$Division (RaftServerImpl.java:logAppendEntries(1421)) - s2@group-EA982605F2E5: receive appendEntries(s1, 2, (t:2, i:0), 4, true, commits:[s1:c4, s0:c4, s2:c0], cId:580, entries: [(t:2, i:1), STATEMACHINELOGENTRY, 0@client-2EFB324ADA71, (t:2, i:2), METADATAENTRY(c:1), (t:2, i:3), STATEMACHINELOGENTRY, 999@client-AE8279CAF820, (t:2, i:4), METADATAENTRY(c:3)]
2022-11-08 19:12:08,159 [s2-server-thread2] INFO  server.RaftServer$Division (RaftServerImpl.java:checkInconsistentAppendEntries(1602)) - s2@group-EA982605F2E5: Failed appendEntries as previous log entry ((t:2, i:0)) is not found
2022-11-08 19:12:08,159 [s2-server-thread2] INFO  server.RaftServer$Division (RaftServerImpl.java:checkInconsistentAppendEntries(1572)) - s2@group-EA982605F2E5: inconsistency entries. Reply:s1<-s2#580:FAIL-t2,INCONSISTENCY,nextIndex=0,followerCommit=0,matchIndex=-1
2022-11-08 19:12:08,160 [grpc-default-executor-0] INFO  leader.FollowerInfo (FollowerInfoImpl.java:lambda$new$0(48)) - s1@group-EA982605F2E5->s2: nextIndex: updateUnconditionally 5 -> 0
2022-11-08 19:12:08,161 [s2-server-thread2] DEBUG server.RaftServer$Division (RaftServerImpl.java:logAppendEntries(1421)) - s2@group-EA982605F2E5: receive appendEntries(s1, 2, null, 4, true, commits:[s1:c4, s0:c4, s2:c0], cId:581, entries: [(t:2, i:0), CONFIGURATIONENTRY(current:id: "s0"
address: "localhost:34297"
dataStreamAddress: "localhost:43983"
clientAddress: "localhost:39609"
adminAddress: "localhost:37077"
startupRole: FOLLOWER
,id: "s1"
address: "localhost:38917"
dataStreamAddress: "localhost:45719"
clientAddress: "localhost:36975"
adminAddress: "localhost:40635"
startupRole: FOLLOWER
,id: "s2"
address: "localhost:35511"
dataStreamAddress: "localhost:38827"
clientAddress: "localhost:42865"
adminAddress: "localhost:36791"
startupRole: FOLLOWER
, old:), (t:2, i:1), STATEMACHINELOGENTRY, 0@client-2EFB324ADA71, (t:2, i:2), METADATAENTRY(c:1), (t:2, i:3), STATEMACHINELOGENTRY, 999@client-AE8279CAF820, (t:2, i:4), METADATAENTRY(c:3)]
2022-11-08 19:12:08,161 [s2-server-thread2] INFO  server.RaftServer$Division (RaftServerImpl.java:checkInconsistentAppendEntries(1592)) - s2@group-EA982605F2E5: Failed appendEntries as the first entry (index 0) already exists (snapshotIndex: -1, commitIndex: 0)
2022-11-08 19:12:08,161 [s2-server-thread2] INFO  server.RaftServer$Division (RaftServerImpl.java:checkInconsistentAppendEntries(1572)) - s2@group-EA982605F2E5: inconsistency entries. Reply:s1<-s2#581:FAIL-t2,INCONSISTENCY,nextIndex=1,followerCommit=0,matchIndex=-1
2022-11-08 19:12:08,162 [grpc-default-executor-0] INFO  leader.FollowerInfo (FollowerInfoImpl.java:lambda$new$0(48)) - s1@group-EA982605F2E5->s2: nextIndex: updateUnconditionally 5 -> 1
2022-11-08 19:12:08,162 [s2-server-thread2] DEBUG server.RaftServer$Division (RaftServerImpl.java:logAppendEntries(1421)) - s2@group-EA982605F2E5: receive appendEntries(s1, 2, (t:2, i:0), 4, true, commits:[s1:c4, s0:c4, s2:c0], cId:582, entries: [(t:2, i:1), STATEMACHINELOGENTRY, 0@client-2EFB324ADA71, (t:2, i:2), METADATAENTRY(c:1), (t:2, i:3), STATEMACHINELOGENTRY, 999@client-AE8279CAF820, (t:2, i:4), METADATAENTRY(c:3)]
2022-11-08 19:12:08,163 [s2-server-thread2] INFO  server.RaftServer$Division (RaftServerImpl.java:checkInconsistentAppendEntries(1602)) - s2@group-EA982605F2E5: Failed appendEntries as previous log entry ((t:2, i:0)) is not found
2022-11-08 19:12:08,163 [s2-server-thread2] INFO  server.RaftServer$Division (RaftServerImpl.java:checkInconsistentAppendEntries(1572)) - s2@group-EA982605F2E5: inconsistency entries. Reply:s1<-s2#582:FAIL-t2,INCONSISTENCY,nextIndex=0,followerCommit=0,matchIndex=-1
2022-11-08 19:12:08,163 [grpc-default-executor-0] INFO  leader.FollowerInfo (FollowerInfoImpl.java:lambda$new$0(48)) - s1@group-EA982605F2E5->s2: nextIndex: updateUnconditionally 5 -> 0
2022-11-08 19:12:08,164 [s2-server-thread2] DEBUG server.RaftServer$Division (RaftServerImpl.java:logAppendEntries(1421)) - s2@group-EA982605F2E5: receive appendEntries(s1, 2, null, 4, true, commits:[s1:c4, s0:c4, s2:c0], cId:583, entries: [(t:2, i:0), CONFIGURATIONENTRY(current:id: "s0"
address: "localhost:34297"
dataStreamAddress: "localhost:43983"
clientAddress: "localhost:39609"
adminAddress: "localhost:37077"
startupRole: FOLLOWER
,id: "s1"
address: "localhost:38917"
dataStreamAddress: "localhost:45719"
clientAddress: "localhost:36975"
adminAddress: "localhost:40635"
startupRole: FOLLOWER
,id: "s2"
address: "localhost:35511"
dataStreamAddress: "localhost:38827"
clientAddress: "localhost:42865"
adminAddress: "localhost:36791"
startupRole: FOLLOWER
, old:), (t:2, i:1), STATEMACHINELOGENTRY, 0@client-2EFB324ADA71, (t:2, i:2), METADATAENTRY(c:1), (t:2, i:3), STATEMACHINELOGENTRY, 999@client-AE8279CAF820, (t:2, i:4), METADATAENTRY(c:3)]
2022-11-08 19:12:08,164 [s2-server-thread2] INFO  server.RaftServer$Division (RaftServerImpl.java:checkInconsistentAppendEntries(1592)) - s2@group-EA982605F2E5: Failed appendEntries as the first entry (index 0) already exists (snapshotIndex: -1, commitIndex: 0)
2022-11-08 19:12:08,165 [s2-server-thread2] INFO  server.RaftServer$Division (RaftServerImpl.java:checkInconsistentAppendEntries(1572)) - s2@group-EA982605F2E5: inconsistency entries. Reply:s1<-s2#583:FAIL-t2,INCONSISTENCY,nextIndex=1,followerCommit=0,matchIndex=-1
2022-11-08 19:12:08,165 [grpc-default-executor-0] INFO  leader.FollowerInfo (FollowerInfoImpl.java:lambda$new$0(48)) - s1@group-EA982605F2E5->s2: nextIndex: updateUnconditionally 5 -> 1
2022-11-08 19:12:08,167 [s2-server-thread2] DEBUG server.RaftServer$Division (RaftServerImpl.java:logAppendEntries(1421)) - s2@group-EA982605F2E5: receive appendEntries(s1, 2, (t:2, i:0), 4, true, commits:[s1:c4, s0:c4, s2:c0], cId:584, entries: [(t:2, i:1), STATEMACHINELOGENTRY, 0@client-2EFB324ADA71, (t:2, i:2), METADATAENTRY(c:1), (t:2, i:3), STATEMACHINELOGENTRY, 999@client-AE8279CAF820, (t:2, i:4), METADATAENTRY(c:3)]
2022-11-08 19:12:08,167 [s2-server-thread2] INFO  server.RaftServer$Division (RaftServerImpl.java:checkInconsistentAppendEntries(1602)) - s2@group-EA982605F2E5: Failed appendEntries as previous log entry ((t:2, i:0)) is not found
2022-11-08 19:12:08,167 [s2-server-thread2] INFO  server.RaftServer$Division (RaftServerImpl.java:checkInconsistentAppendEntries(1572)) - s2@group-EA982605F2E5: inconsistency entries. Reply:s1<-s2#584:FAIL-t2,INCONSISTENCY,nextIndex=0,followerCommit=0,matchIndex=-1
2022-11-08 19:12:08,167 [grpc-default-executor-0] INFO  leader.FollowerInfo (FollowerInfoImpl.java:lambda$new$0(48)) - s1@group-EA982605F2E5->s2: nextIndex: updateUnconditionally 5 -> 0
2022-11-08 19:12:08,168 [s2-server-thread2] DEBUG server.RaftServer$Division (RaftServerImpl.java:logAppendEntries(1421)) - s2@group-EA982605F2E5: receive appendEntries(s1, 2, null, 4, true, commits:[s1:c4, s0:c4, s2:c0], cId:585, entries: [(t:2, i:0), CONFIGURATIONENTRY(current:id: "s0"
address: "localhost:34297"
dataStreamAddress: "localhost:43983"
clientAddress: "localhost:39609"
adminAddress: "localhost:37077"
startupRole: FOLLOWER
,id: "s1"
address: "localhost:38917"
dataStreamAddress: "localhost:45719"
clientAddress: "localhost:36975"
adminAddress: "localhost:40635"
startupRole: FOLLOWER
,id: "s2"
address: "localhost:35511"
dataStreamAddress: "localhost:38827"
clientAddress: "localhost:42865"
adminAddress: "localhost:36791"
startupRole: FOLLOWER
, old:), (t:2, i:1), STATEMACHINELOGENTRY, 0@client-2EFB324ADA71, (t:2, i:2), METADATAENTRY(c:1), (t:2, i:3), STATEMACHINELOGENTRY, 999@client-AE8279CAF820, (t:2, i:4), METADATAENTRY(c:3)]
2022-11-08 19:12:08,168 [s2-server-thread2] INFO  server.RaftServer$Division (RaftServerImpl.java:checkInconsistentAppendEntries(1592)) - s2@group-EA982605F2E5: Failed appendEntries as the first entry (index 0) already exists (snapshotIndex: -1, commitIndex: 0)
2022-11-08 19:12:08,169 [s2-server-thread2] INFO  server.RaftServer$Division (RaftServerImpl.java:checkInconsistentAppendEntries(1572)) - s2@group-EA982605F2E5: inconsistency entries. Reply:s1<-s2#585:FAIL-t2,INCONSISTENCY,nextIndex=1,followerCommit=0,matchIndex=-1
2022-11-08 19:12:08,169 [grpc-default-executor-0] INFO  leader.FollowerInfo (FollowerInfoImpl.java:lambda$new$0(48)) - s1@group-EA982605F2E5->s2: nextIndex: updateUnconditionally 5 -> 1
2022-11-08 19:12:08,170 [s2-server-thread2] DEBUG server.RaftServer$Division (RaftServerImpl.java:logAppendEntries(1421)) - s2@group-EA982605F2E5: receive appendEntries(s1, 2, (t:2, i:0), 4, true, commits:[s1:c4, s0:c4, s2:c0], cId:586, entries: [(t:2, i:1), STATEMACHINELOGENTRY, 0@client-2EFB324ADA71, (t:2, i:2), METADATAENTRY(c:1), (t:2, i:3), STATEMACHINELOGENTRY, 999@client-AE8279CAF820, (t:2, i:4), METADATAENTRY(c:3)]
2022-11-08 19:12:08,171 [s2-server-thread2] INFO  server.RaftServer$Division (RaftServerImpl.java:checkInconsistentAppendEntries(1602)) - s2@group-EA982605F2E5: Failed appendEntries as previous log entry ((t:2, i:0)) is not found
2022-11-08 19:12:08,171 [s2-server-thread2] INFO  server.RaftServer$Division (RaftServerImpl.java:checkInconsistentAppendEntries(1572)) - s2@group-EA982605F2E5: inconsistency entries. Reply:s1<-s2#586:FAIL-t2,INCONSISTENCY,nextIndex=0,followerCommit=0,matchIndex=-1
2022-11-08 19:12:08,171 [grpc-default-executor-0] INFO  leader.FollowerInfo (FollowerInfoImpl.java:lambda$new$0(48)) - s1@group-EA982605F2E5->s2: nextIndex: updateUnconditionally 5 -> 0
2022-11-08 19:12:08,173 [s2-server-thread2] DEBUG server.RaftServer$Division (RaftServerImpl.java:logAppendEntries(1421)) - s2@group-EA982605F2E5: receive appendEntries(s1, 2, null, 4, true, commits:[s1:c4, s0:c4, s2:c0], cId:587, entries: [(t:2, i:0), CONFIGURATIONENTRY(current:id: "s0"
address: "localhost:34297"
dataStreamAddress: "localhost:43983"
clientAddress: "localhost:39609"
adminAddress: "localhost:37077"
startupRole: FOLLOWER
,id: "s1"
address: "localhost:38917"
dataStreamAddress: "localhost:45719"
clientAddress: "localhost:36975"
adminAddress: "localhost:40635"
startupRole: FOLLOWER
,id: "s2"
address: "localhost:35511"
dataStreamAddress: "localhost:38827"
clientAddress: "localhost:42865"
adminAddress: "localhost:36791"
startupRole: FOLLOWER
, old:), (t:2, i:1), STATEMACHINELOGENTRY, 0@client-2EFB324ADA71, (t:2, i:2), METADATAENTRY(c:1), (t:2, i:3), STATEMACHINELOGENTRY, 999@client-AE8279CAF820, (t:2, i:4), METADATAENTRY(c:3)]
2022-11-08 19:12:08,175 [s2-server-thread2] INFO  server.RaftServer$Division (RaftServerImpl.java:checkInconsistentAppendEntries(1592)) - s2@group-EA982605F2E5: Failed appendEntries as the first entry (index 0) already exists (snapshotIndex: -1, commitIndex: 0)
2022-11-08 19:12:08,175 [s2-server-thread2] INFO  server.RaftServer$Division (RaftServerImpl.java:checkInconsistentAppendEntries(1572)) - s2@group-EA982605F2E5: inconsistency entries. Reply:s1<-s2#587:FAIL-t2,INCONSISTENCY,nextIndex=1,followerCommit=0,matchIndex=-1
2022-11-08 19:12:08,176 [grpc-default-executor-0] INFO  leader.FollowerInfo (FollowerInfoImpl.java:lambda$new$0(48)) - s1@group-EA982605F2E5->s2: nextIndex: updateUnconditionally 5 -> 1
2022-11-08 19:12:08,177 [s2-server-thread2] DEBUG server.RaftServer$Division (RaftServerImpl.java:logAppendEntries(1421)) - s2@group-EA982605F2E5: receive appendEntries(s1, 2, (t:2, i:0), 4, true, commits:[s1:c4, s0:c4, s2:c0], cId:588, entries: [(t:2, i:1), STATEMACHINELOGENTRY, 0@client-2EFB324ADA71, (t:2, i:2), METADATAENTRY(c:1), (t:2, i:3), STATEMACHINELOGENTRY, 999@client-AE8279CAF820, (t:2, i:4), METADATAENTRY(c:3)]
2022-11-08 19:12:08,177 [s2-server-thread2] INFO  server.RaftServer$Division (RaftServerImpl.java:checkInconsistentAppendEntries(1602)) - s2@group-EA982605F2E5: Failed appendEntries as previous log entry ((t:2, i:0)) is not found
2022-11-08 19:12:08,177 [s2-server-thread2] INFO  server.RaftServer$Division (RaftServerImpl.java:checkInconsistentAppendEntries(1572)) - s2@group-EA982605F2E5: inconsistency entries. Reply:s1<-s2#588:FAIL-t2,INCONSISTENCY,nextIndex=0,followerCommit=0,matchIndex=-1
2022-11-08 19:12:08,178 [grpc-default-executor-0] INFO  leader.FollowerInfo (FollowerInfoImpl.java:lambda$new$0(48)) - s1@group-EA982605F2E5->s2: nextIndex: updateUnconditionally 5 -> 0
2022-11-08 19:12:08,179 [s2-server-thread2] DEBUG server.RaftServer$Division (RaftServerImpl.java:logAppendEntries(1421)) - s2@group-EA982605F2E5: receive appendEntries(s1, 2, null, 4, true, commits:[s1:c4, s0:c4, s2:c0], cId:589, entries: [(t:2, i:0), CONFIGURATIONENTRY(current:id: "s0"
address: "localhost:34297"
dataStreamAddress: "localhost:43983"
clientAddress: "localhost:39609"
adminAddress: "localhost:37077"
startupRole: FOLLOWER
,id: "s1"
address: "localhost:38917"
dataStreamAddress: "localhost:45719"
clientAddress: "localhost:36975"
adminAddress: "localhost:40635"
startupRole: FOLLOWER
,id: "s2"
address: "localhost:35511"
dataStreamAddress: "localhost:38827"
clientAddress: "localhost:42865"
adminAddress: "localhost:36791"
startupRole: FOLLOWER
, old:), (t:2, i:1), STATEMACHINELOGENTRY, 0@client-2EFB324ADA71, (t:2, i:2), METADATAENTRY(c:1), (t:2, i:3), STATEMACHINELOGENTRY, 999@client-AE8279CAF820, (t:2, i:4), METADATAENTRY(c:3)]
2022-11-08 19:12:08,179 [s2-server-thread2] INFO  server.RaftServer$Division (RaftServerImpl.java:checkInconsistentAppendEntries(1592)) - s2@group-EA982605F2E5: Failed appendEntries as the first entry (index 0) already exists (snapshotIndex: -1, commitIndex: 0)
2022-11-08 19:12:08,179 [s2-server-thread2] INFO  server.RaftServer$Division (RaftServerImpl.java:checkInconsistentAppendEntries(1572)) - s2@group-EA982605F2E5: inconsistency entries. Reply:s1<-s2#589:FAIL-t2,INCONSISTENCY,nextIndex=1,followerCommit=0,matchIndex=-1
2022-11-08 19:12:08,180 [grpc-default-executor-0] INFO  leader.FollowerInfo (FollowerInfoImpl.java:lambda$new$0(48)) - s1@group-EA982605F2E5->s2: nextIndex: updateUnconditionally 5 -> 1
2022-11-08 19:12:08,181 [s2-server-thread2] DEBUG server.RaftServer$Division (RaftServerImpl.java:logAppendEntries(1421)) - s2@group-EA982605F2E5: receive appendEntries(s1, 2, (t:2, i:0), 4, true, commits:[s1:c4, s0:c4, s2:c0], cId:590, entries: [(t:2, i:1), STATEMACHINELOGENTRY, 0@client-2EFB324ADA71, (t:2, i:2), METADATAENTRY(c:1), (t:2, i:3), STATEMACHINELOGENTRY, 999@client-AE8279CAF820, (t:2, i:4), METADATAENTRY(c:3)]
2022-11-08 19:12:08,181 [s2-server-thread2] INFO  server.RaftServer$Division (RaftServerImpl.java:checkInconsistentAppendEntries(1602)) - s2@group-EA982605F2E5: Failed appendEntries as previous log entry ((t:2, i:0)) is not found
2022-11-08 19:12:08,181 [s2-server-thread2] INFO  server.RaftServer$Division (RaftServerImpl.java:checkInconsistentAppendEntries(1572)) - s2@group-EA982605F2E5: inconsistency entries. Reply:s1<-s2#590:FAIL-t2,INCONSISTENCY,nextIndex=0,followerCommit=0,matchIndex=-1
2022-11-08 19:12:08,182 [grpc-default-executor-0] INFO  leader.FollowerInfo (FollowerInfoImpl.java:lambda$new$0(48)) - s1@group-EA982605F2E5->s2: nextIndex: updateUnconditionally 5 -> 0
2022-11-08 19:12:08,182 [s2-server-thread2] DEBUG server.RaftServer$Division (RaftServerImpl.java:logAppendEntries(1421)) - s2@group-EA982605F2E5: receive appendEntries(s1, 2, null, 4, true, commits:[s1:c4, s0:c4, s2:c0], cId:591, entries: [(t:2, i:0), CONFIGURATIONENTRY(current:id: "s0"
address: "localhost:34297"
dataStreamAddress: "localhost:43983"
clientAddress: "localhost:39609"
adminAddress: "localhost:37077"
startupRole: FOLLOWER
,id: "s1"
address: "localhost:38917"
dataStreamAddress: "localhost:45719"
clientAddress: "localhost:36975"
adminAddress: "localhost:40635"
startupRole: FOLLOWER
,id: "s2"
address: "localhost:35511"
dataStreamAddress: "localhost:38827"
clientAddress: "localhost:42865"
adminAddress: "localhost:36791"
startupRole: FOLLOWER
, old:), (t:2, i:1), STATEMACHINELOGENTRY, 0@client-2EFB324ADA71, (t:2, i:2), METADATAENTRY(c:1), (t:2, i:3), STATEMACHINELOGENTRY, 999@client-AE8279CAF820, (t:2, i:4), METADATAENTRY(c:3)]
2022-11-08 19:12:08,183 [s2-server-thread2] INFO  server.RaftServer$Division (RaftServerImpl.java:checkInconsistentAppendEntries(1592)) - s2@group-EA982605F2E5: Failed appendEntries as the first entry (index 0) already exists (snapshotIndex: -1, commitIndex: 0)
2022-11-08 19:12:08,183 [s2-server-thread2] INFO  server.RaftServer$Division (RaftServerImpl.java:checkInconsistentAppendEntries(1572)) - s2@group-EA982605F2E5: inconsistency entries. Reply:s1<-s2#591:FAIL-t2,INCONSISTENCY,nextIndex=1,followerCommit=0,matchIndex=-1
2022-11-08 19:12:08,183 [grpc-default-executor-0] INFO  leader.FollowerInfo (FollowerInfoImpl.java:lambda$new$0(48)) - s1@group-EA982605F2E5->s2: nextIndex: updateUnconditionally 5 -> 1
2022-11-08 19:12:08,184 [s2-server-thread2] DEBUG server.RaftServer$Division (RaftServerImpl.java:logAppendEntries(1421)) - s2@group-EA982605F2E5: receive appendEntries(s1, 2, (t:2, i:0), 4, true, commits:[s1:c4, s0:c4, s2:c0], cId:592, entries: [(t:2, i:1), STATEMACHINELOGENTRY, 0@client-2EFB324ADA71, (t:2, i:2), METADATAENTRY(c:1), (t:2, i:3), STATEMACHINELOGENTRY, 999@client-AE8279CAF820, (t:2, i:4), METADATAENTRY(c:3)]
2022-11-08 19:12:08,184 [s2-server-thread2] INFO  server.RaftServer$Division (RaftServerImpl.java:checkInconsistentAppendEntries(1602)) - s2@group-EA982605F2E5: Failed appendEntries as previous log entry ((t:2, i:0)) is not found
2022-11-08 19:12:08,184 [s2-server-thread2] INFO  server.RaftServer$Division (RaftServerImpl.java:checkInconsistentAppendEntries(1572)) - s2@group-EA982605F2E5: inconsistency entries. Reply:s1<-s2#592:FAIL-t2,INCONSISTENCY,nextIndex=0,followerCommit=0,matchIndex=-1
2022-11-08 19:12:08,185 [grpc-default-executor-0] INFO  leader.FollowerInfo (FollowerInfoImpl.java:lambda$new$0(48)) - s1@group-EA982605F2E5->s2: nextIndex: updateUnconditionally 5 -> 0
2022-11-08 19:12:08,186 [s2-server-thread2] DEBUG server.RaftServer$Division (RaftServerImpl.java:logAppendEntries(1421)) - s2@group-EA982605F2E5: receive appendEntries(s1, 2, null, 4, true, commits:[s1:c4, s0:c4, s2:c0], cId:593, entries: [(t:2, i:0), CONFIGURATIONENTRY(current:id: "s0"
address: "localhost:34297"
dataStreamAddress: "localhost:43983"
clientAddress: "localhost:39609"
adminAddress: "localhost:37077"
startupRole: FOLLOWER
,id: "s1"
address: "localhost:38917"
dataStreamAddress: "localhost:45719"
clientAddress: "localhost:36975"
adminAddress: "localhost:40635"
startupRole: FOLLOWER
,id: "s2"
address: "localhost:35511"
dataStreamAddress: "localhost:38827"
clientAddress: "localhost:42865"
adminAddress: "localhost:36791"
startupRole: FOLLOWER
, old:), (t:2, i:1), STATEMACHINELOGENTRY, 0@client-2EFB324ADA71, (t:2, i:2), METADATAENTRY(c:1), (t:2, i:3), STATEMACHINELOGENTRY, 999@client-AE8279CAF820, (t:2, i:4), METADATAENTRY(c:3)]
2022-11-08 19:12:08,186 [s2-server-thread2] INFO  server.RaftServer$Division (RaftServerImpl.java:checkInconsistentAppendEntries(1592)) - s2@group-EA982605F2E5: Failed appendEntries as the first entry (index 0) already exists (snapshotIndex: -1, commitIndex: 0)
2022-11-08 19:12:08,186 [s2-server-thread2] INFO  server.RaftServer$Division (RaftServerImpl.java:checkInconsistentAppendEntries(1572)) - s2@group-EA982605F2E5: inconsistency entries. Reply:s1<-s2#593:FAIL-t2,INCONSISTENCY,nextIndex=1,followerCommit=0,matchIndex=-1
2022-11-08 19:12:08,186 [grpc-default-executor-0] INFO  leader.FollowerInfo (FollowerInfoImpl.java:lambda$new$0(48)) - s1@group-EA982605F2E5->s2: nextIndex: updateUnconditionally 5 -> 1
2022-11-08 19:12:08,187 [s2-server-thread2] DEBUG server.RaftServer$Division (RaftServerImpl.java:logAppendEntries(1421)) - s2@group-EA982605F2E5: receive appendEntries(s1, 2, (t:2, i:0), 4, true, commits:[s1:c4, s0:c4, s2:c0], cId:594, entries: [(t:2, i:1), STATEMACHINELOGENTRY, 0@client-2EFB324ADA71, (t:2, i:2), METADATAENTRY(c:1), (t:2, i:3), STATEMACHINELOGENTRY, 999@client-AE8279CAF820, (t:2, i:4), METADATAENTRY(c:3)]
2022-11-08 19:12:08,188 [s2-server-thread2] INFO  server.RaftServer$Division (RaftServerImpl.java:checkInconsistentAppendEntries(1602)) - s2@group-EA982605F2E5: Failed appendEntries as previous log entry ((t:2, i:0)) is not found
2022-11-08 19:12:08,188 [s2-server-thread2] INFO  server.RaftServer$Division (RaftServerImpl.java:checkInconsistentAppendEntries(1572)) - s2@group-EA982605F2E5: inconsistency entries. Reply:s1<-s2#594:FAIL-t2,INCONSISTENCY,nextIndex=0,followerCommit=0,matchIndex=-1
2022-11-08 19:12:08,188 [grpc-default-executor-0] INFO  leader.FollowerInfo (FollowerInfoImpl.java:lambda$new$0(48)) - s1@group-EA982605F2E5->s2: nextIndex: updateUnconditionally 5 -> 0
2022-11-08 19:12:08,190 [s2-server-thread2] DEBUG server.RaftServer$Division (RaftServerImpl.java:logAppendEntries(1421)) - s2@group-EA982605F2E5: receive appendEntries(s1, 2, null, 4, true, commits:[s1:c4, s0:c4, s2:c0], cId:595, entries: [(t:2, i:0), CONFIGURATIONENTRY(current:id: "s0"
address: "localhost:34297"
dataStreamAddress: "localhost:43983"
clientAddress: "localhost:39609"
adminAddress: "localhost:37077"
startupRole: FOLLOWER
,id: "s1"
address: "localhost:38917"
dataStreamAddress: "localhost:45719"
clientAddress: "localhost:36975"
adminAddress: "localhost:40635"
startupRole: FOLLOWER
,id: "s2"
address: "localhost:35511"
dataStreamAddress: "localhost:38827"
clientAddress: "localhost:42865"
adminAddress: "localhost:36791"
startupRole: FOLLOWER
, old:), (t:2, i:1), STATEMACHINELOGENTRY, 0@client-2EFB324ADA71, (t:2, i:2), METADATAENTRY(c:1), (t:2, i:3), STATEMACHINELOGENTRY, 999@client-AE8279CAF820, (t:2, i:4), METADATAENTRY(c:3)]
2022-11-08 19:12:08,190 [s2-server-thread2] INFO  server.RaftServer$Division (RaftServerImpl.java:checkInconsistentAppendEntries(1592)) - s2@group-EA982605F2E5: Failed appendEntries as the first entry (index 0) already exists (snapshotIndex: -1, commitIndex: 0)
2022-11-08 19:12:08,190 [s2-server-thread2] INFO  server.RaftServer$Division (RaftServerImpl.java:checkInconsistentAppendEntries(1572)) - s2@group-EA982605F2E5: inconsistency entries. Reply:s1<-s2#595:FAIL-t2,INCONSISTENCY,nextIndex=1,followerCommit=0,matchIndex=-1
2022-11-08 19:12:08,190 [grpc-default-executor-0] INFO  leader.FollowerInfo (FollowerInfoImpl.java:lambda$new$0(48)) - s1@group-EA982605F2E5->s2: nextIndex: updateUnconditionally 5 -> 1
2022-11-08 19:12:08,191 [s2-server-thread2] DEBUG server.RaftServer$Division (RaftServerImpl.java:logAppendEntries(1421)) - s2@group-EA982605F2E5: receive appendEntries(s1, 2, (t:2, i:0), 4, true, commits:[s1:c4, s0:c4, s2:c0], cId:596, entries: [(t:2, i:1), STATEMACHINELOGENTRY, 0@client-2EFB324ADA71, (t:2, i:2), METADATAENTRY(c:1), (t:2, i:3), STATEMACHINELOGENTRY, 999@client-AE8279CAF820, (t:2, i:4), METADATAENTRY(c:3)]
2022-11-08 19:12:08,191 [s2-server-thread2] INFO  server.RaftServer$Division (RaftServerImpl.java:checkInconsistentAppendEntries(1602)) - s2@group-EA982605F2E5: Failed appendEntries as previous log entry ((t:2, i:0)) is not found
2022-11-08 19:12:08,191 [s2-server-thread2] INFO  server.RaftServer$Division (RaftServerImpl.java:checkInconsistentAppendEntries(1572)) - s2@group-EA982605F2E5: inconsistency entries. Reply:s1<-s2#596:FAIL-t2,INCONSISTENCY,nextIndex=0,followerCommit=0,matchIndex=-1
2022-11-08 19:12:08,192 [grpc-default-executor-0] INFO  leader.FollowerInfo (FollowerInfoImpl.java:lambda$new$0(48)) - s1@group-EA982605F2E5->s2: nextIndex: updateUnconditionally 5 -> 0
2022-11-08 19:12:08,193 [s2-server-thread2] DEBUG server.RaftServer$Division (RaftServerImpl.java:logAppendEntries(1421)) - s2@group-EA982605F2E5: receive appendEntries(s1, 2, null, 4, true, commits:[s1:c4, s0:c4, s2:c0], cId:597, entries: [(t:2, i:0), CONFIGURATIONENTRY(current:id: "s0"
address: "localhost:34297"
dataStreamAddress: "localhost:43983"
clientAddress: "localhost:39609"
adminAddress: "localhost:37077"
startupRole: FOLLOWER
,id: "s1"
address: "localhost:38917"
dataStreamAddress: "localhost:45719"
clientAddress: "localhost:36975"
adminAddress: "localhost:40635"
startupRole: FOLLOWER
,id: "s2"
address: "localhost:35511"
dataStreamAddress: "localhost:38827"
clientAddress: "localhost:42865"
adminAddress: "localhost:36791"
startupRole: FOLLOWER
, old:), (t:2, i:1), STATEMACHINELOGENTRY, 0@client-2EFB324ADA71, (t:2, i:2), METADATAENTRY(c:1), (t:2, i:3), STATEMACHINELOGENTRY, 999@client-AE8279CAF820, (t:2, i:4), METADATAENTRY(c:3)]
2022-11-08 19:12:08,193 [s2-server-thread2] INFO  server.RaftServer$Division (RaftServerImpl.java:checkInconsistentAppendEntries(1592)) - s2@group-EA982605F2E5: Failed appendEntries as the first entry (index 0) already exists (snapshotIndex: -1, commitIndex: 0)
2022-11-08 19:12:08,193 [s2-server-thread2] INFO  server.RaftServer$Division (RaftServerImpl.java:checkInconsistentAppendEntries(1572)) - s2@group-EA982605F2E5: inconsistency entries. Reply:s1<-s2#597:FAIL-t2,INCONSISTENCY,nextIndex=1,followerCommit=0,matchIndex=-1
2022-11-08 19:12:08,193 [grpc-default-executor-0] INFO  leader.FollowerInfo (FollowerInfoImpl.java:lambda$new$0(48)) - s1@group-EA982605F2E5->s2: nextIndex: updateUnconditionally 5 -> 1
2022-11-08 19:12:08,194 [s2-server-thread2] DEBUG server.RaftServer$Division (RaftServerImpl.java:logAppendEntries(1421)) - s2@group-EA982605F2E5: receive appendEntries(s1, 2, (t:2, i:0), 4, true, commits:[s1:c4, s0:c4, s2:c0], cId:598, entries: [(t:2, i:1), STATEMACHINELOGENTRY, 0@client-2EFB324ADA71, (t:2, i:2), METADATAENTRY(c:1), (t:2, i:3), STATEMACHINELOGENTRY, 999@client-AE8279CAF820, (t:2, i:4), METADATAENTRY(c:3)]
2022-11-08 19:12:08,195 [s2-server-thread2] INFO  server.RaftServer$Division (RaftServerImpl.java:checkInconsistentAppendEntries(1602)) - s2@group-EA982605F2E5: Failed appendEntries as previous log entry ((t:2, i:0)) is not found
2022-11-08 19:12:08,195 [s2-server-thread2] INFO  server.RaftServer$Division (RaftServerImpl.java:checkInconsistentAppendEntries(1572)) - s2@group-EA982605F2E5: inconsistency entries. Reply:s1<-s2#598:FAIL-t2,INCONSISTENCY,nextIndex=0,followerCommit=0,matchIndex=-1
2022-11-08 19:12:08,195 [grpc-default-executor-0] INFO  leader.FollowerInfo (FollowerInfoImpl.java:lambda$new$0(48)) - s1@group-EA982605F2E5->s2: nextIndex: updateUnconditionally 5 -> 0
2022-11-08 19:12:08,196 [s2-server-thread2] DEBUG server.RaftServer$Division (RaftServerImpl.java:logAppendEntries(1421)) - s2@group-EA982605F2E5: receive appendEntries(s1, 2, null, 4, true, commits:[s1:c4, s0:c4, s2:c0], cId:599, entries: [(t:2, i:0), CONFIGURATIONENTRY(current:id: "s0"
address: "localhost:34297"
dataStreamAddress: "localhost:43983"
clientAddress: "localhost:39609"
adminAddress: "localhost:37077"
startupRole: FOLLOWER
,id: "s1"
address: "localhost:38917"
dataStreamAddress: "localhost:45719"
clientAddress: "localhost:36975"
adminAddress: "localhost:40635"
startupRole: FOLLOWER
,id: "s2"
address: "localhost:35511"
dataStreamAddress: "localhost:38827"
clientAddress: "localhost:42865"
adminAddress: "localhost:36791"
startupRole: FOLLOWER
, old:), (t:2, i:1), STATEMACHINELOGENTRY, 0@client-2EFB324ADA71, (t:2, i:2), METADATAENTRY(c:1), (t:2, i:3), STATEMACHINELOGENTRY, 999@client-AE8279CAF820, (t:2, i:4), METADATAENTRY(c:3)]
2022-11-08 19:12:08,196 [s2-server-thread2] INFO  server.RaftServer$Division (RaftServerImpl.java:checkInconsistentAppendEntries(1592)) - s2@group-EA982605F2E5: Failed appendEntries as the first entry (index 0) already exists (snapshotIndex: -1, commitIndex: 0)
2022-11-08 19:12:08,196 [s2-server-thread2] INFO  server.RaftServer$Division (RaftServerImpl.java:checkInconsistentAppendEntries(1572)) - s2@group-EA982605F2E5: inconsistency entries. Reply:s1<-s2#599:FAIL-t2,INCONSISTENCY,nextIndex=1,followerCommit=0,matchIndex=-1
2022-11-08 19:12:08,197 [grpc-default-executor-0] INFO  leader.FollowerInfo (FollowerInfoImpl.java:lambda$new$0(48)) - s1@group-EA982605F2E5->s2: nextIndex: updateUnconditionally 5 -> 1
2022-11-08 19:12:08,198 [s2-server-thread2] DEBUG server.RaftServer$Division (RaftServerImpl.java:logAppendEntries(1421)) - s2@group-EA982605F2E5: receive appendEntries(s1, 2, (t:2, i:0), 4, true, commits:[s1:c4, s0:c4, s2:c0], cId:600, entries: [(t:2, i:1), STATEMACHINELOGENTRY, 0@client-2EFB324ADA71, (t:2, i:2), METADATAENTRY(c:1), (t:2, i:3), STATEMACHINELOGENTRY, 999@client-AE8279CAF820, (t:2, i:4), METADATAENTRY(c:3)]
2022-11-08 19:12:08,198 [s2-server-thread2] INFO  server.RaftServer$Division (RaftServerImpl.java:checkInconsistentAppendEntries(1602)) - s2@group-EA982605F2E5: Failed appendEntries as previous log entry ((t:2, i:0)) is not found
2022-11-08 19:12:08,198 [s2-server-thread2] INFO  server.RaftServer$Division (RaftServerImpl.java:checkInconsistentAppendEntries(1572)) - s2@group-EA982605F2E5: inconsistency entries. Reply:s1<-s2#600:FAIL-t2,INCONSISTENCY,nextIndex=0,followerCommit=0,matchIndex=-1
2022-11-08 19:12:08,198 [grpc-default-executor-0] INFO  leader.FollowerInfo (FollowerInfoImpl.java:lambda$new$0(48)) - s1@group-EA982605F2E5->s2: nextIndex: updateUnconditionally 5 -> 0
2022-11-08 19:12:08,199 [s2-server-thread2] DEBUG server.RaftServer$Division (RaftServerImpl.java:logAppendEntries(1421)) - s2@group-EA982605F2E5: receive appendEntries(s1, 2, null, 4, true, commits:[s1:c4, s0:c4, s2:c0], cId:601, entries: [(t:2, i:0), CONFIGURATIONENTRY(current:id: "s0"
address: "localhost:34297"
dataStreamAddress: "localhost:43983"
clientAddress: "localhost:39609"
adminAddress: "localhost:37077"
startupRole: FOLLOWER
,id: "s1"
address: "localhost:38917"
dataStreamAddress: "localhost:45719"
clientAddress: "localhost:36975"
adminAddress: "localhost:40635"
startupRole: FOLLOWER
,id: "s2"
address: "localhost:35511"
dataStreamAddress: "localhost:38827"
clientAddress: "localhost:42865"
adminAddress: "localhost:36791"
startupRole: FOLLOWER
, old:), (t:2, i:1), STATEMACHINELOGENTRY, 0@client-2EFB324ADA71, (t:2, i:2), METADATAENTRY(c:1), (t:2, i:3), STATEMACHINELOGENTRY, 999@client-AE8279CAF820, (t:2, i:4), METADATAENTRY(c:3)]
2022-11-08 19:12:08,199 [s2-server-thread2] INFO  server.RaftServer$Division (RaftServerImpl.java:checkInconsistentAppendEntries(1592)) - s2@group-EA982605F2E5: Failed appendEntries as the first entry (index 0) already exists (snapshotIndex: -1, commitIndex: 0)
2022-11-08 19:12:08,202 [s2-server-thread2] INFO  server.RaftServer$Division (RaftServerImpl.java:checkInconsistentAppendEntries(1572)) - s2@group-EA982605F2E5: inconsistency entries. Reply:s1<-s2#601:FAIL-t2,INCONSISTENCY,nextIndex=1,followerCommit=0,matchIndex=-1
2022-11-08 19:12:08,202 [grpc-default-executor-0] INFO  leader.FollowerInfo (FollowerInfoImpl.java:lambda$new$0(48)) - s1@group-EA982605F2E5->s2: nextIndex: updateUnconditionally 5 -> 1
2022-11-08 19:12:08,203 [s2-server-thread2] DEBUG server.RaftServer$Division (RaftServerImpl.java:logAppendEntries(1421)) - s2@group-EA982605F2E5: receive appendEntries(s1, 2, (t:2, i:0), 4, true, commits:[s1:c4, s0:c4, s2:c0], cId:602, entries: [(t:2, i:1), STATEMACHINELOGENTRY, 0@client-2EFB324ADA71, (t:2, i:2), METADATAENTRY(c:1), (t:2, i:3), STATEMACHINELOGENTRY, 999@client-AE8279CAF820, (t:2, i:4), METADATAENTRY(c:3)]
2022-11-08 19:12:08,204 [s2-server-thread2] INFO  server.RaftServer$Division (RaftServerImpl.java:checkInconsistentAppendEntries(1602)) - s2@group-EA982605F2E5: Failed appendEntries as previous log entry ((t:2, i:0)) is not found
2022-11-08 19:12:08,204 [s2-server-thread2] INFO  server.RaftServer$Division (RaftServerImpl.java:checkInconsistentAppendEntries(1572)) - s2@group-EA982605F2E5: inconsistency entries. Reply:s1<-s2#602:FAIL-t2,INCONSISTENCY,nextIndex=0,followerCommit=0,matchIndex=-1
2022-11-08 19:12:08,204 [grpc-default-executor-0] INFO  leader.FollowerInfo (FollowerInfoImpl.java:lambda$new$0(48)) - s1@group-EA982605F2E5->s2: nextIndex: updateUnconditionally 5 -> 0
2022-11-08 19:12:08,205 [s2-server-thread2] DEBUG server.RaftServer$Division (RaftServerImpl.java:logAppendEntries(1421)) - s2@group-EA982605F2E5: receive appendEntries(s1, 2, null, 4, true, commits:[s1:c4, s0:c4, s2:c0], cId:603, entries: [(t:2, i:0), CONFIGURATIONENTRY(current:id: "s0"
address: "localhost:34297"
dataStreamAddress: "localhost:43983"
clientAddress: "localhost:39609"
adminAddress: "localhost:37077"
startupRole: FOLLOWER
,id: "s1"
address: "localhost:38917"
dataStreamAddress: "localhost:45719"
clientAddress: "localhost:36975"
adminAddress: "localhost:40635"
startupRole: FOLLOWER
,id: "s2"
address: "localhost:35511"
dataStreamAddress: "localhost:38827"
clientAddress: "localhost:42865"
adminAddress: "localhost:36791"
startupRole: FOLLOWER
, old:), (t:2, i:1), STATEMACHINELOGENTRY, 0@client-2EFB324ADA71, (t:2, i:2), METADATAENTRY(c:1), (t:2, i:3), STATEMACHINELOGENTRY, 999@client-AE8279CAF820, (t:2, i:4), METADATAENTRY(c:3)]
2022-11-08 19:12:08,205 [s2-server-thread2] INFO  server.RaftServer$Division (RaftServerImpl.java:checkInconsistentAppendEntries(1592)) - s2@group-EA982605F2E5: Failed appendEntries as the first entry (index 0) already exists (snapshotIndex: -1, commitIndex: 0)
2022-11-08 19:12:08,205 [s2-server-thread2] INFO  server.RaftServer$Division (RaftServerImpl.java:checkInconsistentAppendEntries(1572)) - s2@group-EA982605F2E5: inconsistency entries. Reply:s1<-s2#603:FAIL-t2,INCONSISTENCY,nextIndex=1,followerCommit=0,matchIndex=-1
2022-11-08 19:12:08,206 [grpc-default-executor-0] INFO  leader.FollowerInfo (FollowerInfoImpl.java:lambda$new$0(48)) - s1@group-EA982605F2E5->s2: nextIndex: updateUnconditionally 5 -> 1
2022-11-08 19:12:08,207 [s2-server-thread2] DEBUG server.RaftServer$Division (RaftServerImpl.java:logAppendEntries(1421)) - s2@group-EA982605F2E5: receive appendEntries(s1, 2, (t:2, i:0), 4, true, commits:[s1:c4, s0:c4, s2:c0], cId:604, entries: [(t:2, i:1), STATEMACHINELOGENTRY, 0@client-2EFB324ADA71, (t:2, i:2), METADATAENTRY(c:1), (t:2, i:3), STATEMACHINELOGENTRY, 999@client-AE8279CAF820, (t:2, i:4), METADATAENTRY(c:3)]
2022-11-08 19:12:08,207 [s2-server-thread2] INFO  server.RaftServer$Division (RaftServerImpl.java:checkInconsistentAppendEntries(1602)) - s2@group-EA982605F2E5: Failed appendEntries as previous log entry ((t:2, i:0)) is not found
2022-11-08 19:12:08,207 [s2-server-thread2] INFO  server.RaftServer$Division (RaftServerImpl.java:checkInconsistentAppendEntries(1572)) - s2@group-EA982605F2E5: inconsistency entries. Reply:s1<-s2#604:FAIL-t2,INCONSISTENCY,nextIndex=0,followerCommit=0,matchIndex=-1
2022-11-08 19:12:08,208 [grpc-default-executor-0] INFO  leader.FollowerInfo (FollowerInfoImpl.java:lambda$new$0(48)) - s1@group-EA982605F2E5->s2: nextIndex: updateUnconditionally 5 -> 0
2022-11-08 19:12:08,209 [s2-server-thread2] DEBUG server.RaftServer$Division (RaftServerImpl.java:logAppendEntries(1421)) - s2@group-EA982605F2E5: receive appendEntries(s1, 2, null, 4, true, commits:[s1:c4, s0:c4, s2:c0], cId:605, entries: [(t:2, i:0), CONFIGURATIONENTRY(current:id: "s0"
address: "localhost:34297"
dataStreamAddress: "localhost:43983"
clientAddress: "localhost:39609"
adminAddress: "localhost:37077"
startupRole: FOLLOWER
,id: "s1"
address: "localhost:38917"
dataStreamAddress: "localhost:45719"
clientAddress: "localhost:36975"
adminAddress: "localhost:40635"
startupRole: FOLLOWER
,id: "s2"
address: "localhost:35511"
dataStreamAddress: "localhost:38827"
clientAddress: "localhost:42865"
adminAddress: "localhost:36791"
startupRole: FOLLOWER
, old:), (t:2, i:1), STATEMACHINELOGENTRY, 0@client-2EFB324ADA71, (t:2, i:2), METADATAENTRY(c:1), (t:2, i:3), STATEMACHINELOGENTRY, 999@client-AE8279CAF820, (t:2, i:4), METADATAENTRY(c:3)]
2022-11-08 19:12:08,209 [s2-server-thread2] INFO  server.RaftServer$Division (RaftServerImpl.java:checkInconsistentAppendEntries(1592)) - s2@group-EA982605F2E5: Failed appendEntries as the first entry (index 0) already exists (snapshotIndex: -1, commitIndex: 0)
2022-11-08 19:12:08,209 [s2-server-thread2] INFO  server.RaftServer$Division (RaftServerImpl.java:checkInconsistentAppendEntries(1572)) - s2@group-EA982605F2E5: inconsistency entries. Reply:s1<-s2#605:FAIL-t2,INCONSISTENCY,nextIndex=1,followerCommit=0,matchIndex=-1
2022-11-08 19:12:08,210 [grpc-default-executor-0] INFO  leader.FollowerInfo (FollowerInfoImpl.java:lambda$new$0(48)) - s1@group-EA982605F2E5->s2: nextIndex: updateUnconditionally 5 -> 1
2022-11-08 19:12:08,211 [s2-server-thread2] DEBUG server.RaftServer$Division (RaftServerImpl.java:logAppendEntries(1421)) - s2@group-EA982605F2E5: receive appendEntries(s1, 2, (t:2, i:0), 4, true, commits:[s1:c4, s0:c4, s2:c0], cId:606, entries: [(t:2, i:1), STATEMACHINELOGENTRY, 0@client-2EFB324ADA71, (t:2, i:2), METADATAENTRY(c:1), (t:2, i:3), STATEMACHINELOGENTRY, 999@client-AE8279CAF820, (t:2, i:4), METADATAENTRY(c:3)]
2022-11-08 19:12:08,211 [s2-server-thread2] INFO  server.RaftServer$Division (RaftServerImpl.java:checkInconsistentAppendEntries(1602)) - s2@group-EA982605F2E5: Failed appendEntries as previous log entry ((t:2, i:0)) is not found
2022-11-08 19:12:08,211 [s2-server-thread2] INFO  server.RaftServer$Division (RaftServerImpl.java:checkInconsistentAppendEntries(1572)) - s2@group-EA982605F2E5: inconsistency entries. Reply:s1<-s2#606:FAIL-t2,INCONSISTENCY,nextIndex=0,followerCommit=0,matchIndex=-1
2022-11-08 19:12:08,212 [grpc-default-executor-0] INFO  leader.FollowerInfo (FollowerInfoImpl.java:lambda$new$0(48)) - s1@group-EA982605F2E5->s2: nextIndex: updateUnconditionally 5 -> 0
2022-11-08 19:12:08,213 [s2-server-thread2] DEBUG server.RaftServer$Division (RaftServerImpl.java:logAppendEntries(1421)) - s2@group-EA982605F2E5: receive appendEntries(s1, 2, null, 4, true, commits:[s1:c4, s0:c4, s2:c0], cId:607, entries: [(t:2, i:0), CONFIGURATIONENTRY(current:id: "s0"
address: "localhost:34297"
dataStreamAddress: "localhost:43983"
clientAddress: "localhost:39609"
adminAddress: "localhost:37077"
startupRole: FOLLOWER
,id: "s1"
address: "localhost:38917"
dataStreamAddress: "localhost:45719"
clientAddress: "localhost:36975"
adminAddress: "localhost:40635"
startupRole: FOLLOWER
,id: "s2"
address: "localhost:35511"
dataStreamAddress: "localhost:38827"
clientAddress: "localhost:42865"
adminAddress: "localhost:36791"
startupRole: FOLLOWER
, old:), (t:2, i:1), STATEMACHINELOGENTRY, 0@client-2EFB324ADA71, (t:2, i:2), METADATAENTRY(c:1), (t:2, i:3), STATEMACHINELOGENTRY, 999@client-AE8279CAF820, (t:2, i:4), METADATAENTRY(c:3)]
2022-11-08 19:12:08,213 [s2-server-thread2] INFO  server.RaftServer$Division (RaftServerImpl.java:checkInconsistentAppendEntries(1592)) - s2@group-EA982605F2E5: Failed appendEntries as the first entry (index 0) already exists (snapshotIndex: -1, commitIndex: 0)
2022-11-08 19:12:08,213 [s2-server-thread2] INFO  server.RaftServer$Division (RaftServerImpl.java:checkInconsistentAppendEntries(1572)) - s2@group-EA982605F2E5: inconsistency entries. Reply:s1<-s2#607:FAIL-t2,INCONSISTENCY,nextIndex=1,followerCommit=0,matchIndex=-1
2022-11-08 19:12:08,214 [grpc-default-executor-0] INFO  leader.FollowerInfo (FollowerInfoImpl.java:lambda$new$0(48)) - s1@group-EA982605F2E5->s2: nextIndex: updateUnconditionally 5 -> 1
2022-11-08 19:12:08,215 [s2-server-thread2] DEBUG server.RaftServer$Division (RaftServerImpl.java:logAppendEntries(1421)) - s2@group-EA982605F2E5: receive appendEntries(s1, 2, (t:2, i:0), 4, true, commits:[s1:c4, s0:c4, s2:c0], cId:608, entries: [(t:2, i:1), STATEMACHINELOGENTRY, 0@client-2EFB324ADA71, (t:2, i:2), METADATAENTRY(c:1), (t:2, i:3), STATEMACHINELOGENTRY, 999@client-AE8279CAF820, (t:2, i:4), METADATAENTRY(c:3)]
2022-11-08 19:12:08,215 [s2-server-thread2] INFO  server.RaftServer$Division (RaftServerImpl.java:checkInconsistentAppendEntries(1602)) - s2@group-EA982605F2E5: Failed appendEntries as previous log entry ((t:2, i:0)) is not found
2022-11-08 19:12:08,215 [s2-server-thread2] INFO  server.RaftServer$Division (RaftServerImpl.java:checkInconsistentAppendEntries(1572)) - s2@group-EA982605F2E5: inconsistency entries. Reply:s1<-s2#608:FAIL-t2,INCONSISTENCY,nextIndex=0,followerCommit=0,matchIndex=-1
2022-11-08 19:12:08,216 [grpc-default-executor-0] INFO  leader.FollowerInfo (FollowerInfoImpl.java:lambda$new$0(48)) - s1@group-EA982605F2E5->s2: nextIndex: updateUnconditionally 5 -> 0
2022-11-08 19:12:08,217 [s2-server-thread2] DEBUG server.RaftServer$Division (RaftServerImpl.java:logAppendEntries(1421)) - s2@group-EA982605F2E5: receive appendEntries(s1, 2, null, 4, true, commits:[s1:c4, s0:c4, s2:c0], cId:609, entries: [(t:2, i:0), CONFIGURATIONENTRY(current:id: "s0"
address: "localhost:34297"
dataStreamAddress: "localhost:43983"
clientAddress: "localhost:39609"
adminAddress: "localhost:37077"
startupRole: FOLLOWER
,id: "s1"
address: "localhost:38917"
dataStreamAddress: "localhost:45719"
clientAddress: "localhost:36975"
adminAddress: "localhost:40635"
startupRole: FOLLOWER
,id: "s2"
address: "localhost:35511"
dataStreamAddress: "localhost:38827"
clientAddress: "localhost:42865"
adminAddress: "localhost:36791"
startupRole: FOLLOWER
, old:), (t:2, i:1), STATEMACHINELOGENTRY, 0@client-2EFB324ADA71, (t:2, i:2), METADATAENTRY(c:1), (t:2, i:3), STATEMACHINELOGENTRY, 999@client-AE8279CAF820, (t:2, i:4), METADATAENTRY(c:3)]
2022-11-08 19:12:08,217 [s2-server-thread2] INFO  server.RaftServer$Division (RaftServerImpl.java:checkInconsistentAppendEntries(1592)) - s2@group-EA982605F2E5: Failed appendEntries as the first entry (index 0) already exists (snapshotIndex: -1, commitIndex: 0)
2022-11-08 19:12:08,217 [s2-server-thread2] INFO  server.RaftServer$Division (RaftServerImpl.java:checkInconsistentAppendEntries(1572)) - s2@group-EA982605F2E5: inconsistency entries. Reply:s1<-s2#609:FAIL-t2,INCONSISTENCY,nextIndex=1,followerCommit=0,matchIndex=-1
2022-11-08 19:12:08,217 [grpc-default-executor-0] INFO  leader.FollowerInfo (FollowerInfoImpl.java:lambda$new$0(48)) - s1@group-EA982605F2E5->s2: nextIndex: updateUnconditionally 5 -> 1
2022-11-08 19:12:08,218 [s2-server-thread2] DEBUG server.RaftServer$Division (RaftServerImpl.java:logAppendEntries(1421)) - s2@group-EA982605F2E5: receive appendEntries(s1, 2, (t:2, i:0), 4, true, commits:[s1:c4, s0:c4, s2:c0], cId:610, entries: [(t:2, i:1), STATEMACHINELOGENTRY, 0@client-2EFB324ADA71, (t:2, i:2), METADATAENTRY(c:1), (t:2, i:3), STATEMACHINELOGENTRY, 999@client-AE8279CAF820, (t:2, i:4), METADATAENTRY(c:3)]
2022-11-08 19:12:08,219 [s2-server-thread2] INFO  server.RaftServer$Division (RaftServerImpl.java:checkInconsistentAppendEntries(1602)) - s2@group-EA982605F2E5: Failed appendEntries as previous log entry ((t:2, i:0)) is not found
2022-11-08 19:12:08,219 [s2-server-thread2] INFO  server.RaftServer$Division (RaftServerImpl.java:checkInconsistentAppendEntries(1572)) - s2@group-EA982605F2E5: inconsistency entries. Reply:s1<-s2#610:FAIL-t2,INCONSISTENCY,nextIndex=0,followerCommit=0,matchIndex=-1
2022-11-08 19:12:08,219 [grpc-default-executor-0] INFO  leader.FollowerInfo (FollowerInfoImpl.java:lambda$new$0(48)) - s1@group-EA982605F2E5->s2: nextIndex: updateUnconditionally 5 -> 0
2022-11-08 19:12:08,220 [s2-server-thread2] DEBUG server.RaftServer$Division (RaftServerImpl.java:logAppendEntries(1421)) - s2@group-EA982605F2E5: receive appendEntries(s1, 2, null, 4, true, commits:[s1:c4, s0:c4, s2:c0], cId:611, entries: [(t:2, i:0), CONFIGURATIONENTRY(current:id: "s0"
address: "localhost:34297"
dataStreamAddress: "localhost:43983"
clientAddress: "localhost:39609"
adminAddress: "localhost:37077"
startupRole: FOLLOWER
,id: "s1"
address: "localhost:38917"
dataStreamAddress: "localhost:45719"
clientAddress: "localhost:36975"
adminAddress: "localhost:40635"
startupRole: FOLLOWER
,id: "s2"
address: "localhost:35511"
dataStreamAddress: "localhost:38827"
clientAddress: "localhost:42865"
adminAddress: "localhost:36791"
startupRole: FOLLOWER
, old:), (t:2, i:1), STATEMACHINELOGENTRY, 0@client-2EFB324ADA71, (t:2, i:2), METADATAENTRY(c:1), (t:2, i:3), STATEMACHINELOGENTRY, 999@client-AE8279CAF820, (t:2, i:4), METADATAENTRY(c:3)]
2022-11-08 19:12:08,220 [s2-server-thread2] INFO  server.RaftServer$Division (RaftServerImpl.java:checkInconsistentAppendEntries(1592)) - s2@group-EA982605F2E5: Failed appendEntries as the first entry (index 0) already exists (snapshotIndex: -1, commitIndex: 0)
2022-11-08 19:12:08,220 [s2-server-thread2] INFO  server.RaftServer$Division (RaftServerImpl.java:checkInconsistentAppendEntries(1572)) - s2@group-EA982605F2E5: inconsistency entries. Reply:s1<-s2#611:FAIL-t2,INCONSISTENCY,nextIndex=1,followerCommit=0,matchIndex=-1
2022-11-08 19:12:08,221 [grpc-default-executor-0] INFO  leader.FollowerInfo (FollowerInfoImpl.java:lambda$new$0(48)) - s1@group-EA982605F2E5->s2: nextIndex: updateUnconditionally 5 -> 1
2022-11-08 19:12:08,222 [s2-server-thread2] DEBUG server.RaftServer$Division (RaftServerImpl.java:logAppendEntries(1421)) - s2@group-EA982605F2E5: receive appendEntries(s1, 2, (t:2, i:0), 4, true, commits:[s1:c4, s0:c4, s2:c0], cId:612, entries: [(t:2, i:1), STATEMACHINELOGENTRY, 0@client-2EFB324ADA71, (t:2, i:2), METADATAENTRY(c:1), (t:2, i:3), STATEMACHINELOGENTRY, 999@client-AE8279CAF820, (t:2, i:4), METADATAENTRY(c:3)]
2022-11-08 19:12:08,222 [s2-server-thread2] INFO  server.RaftServer$Division (RaftServerImpl.java:checkInconsistentAppendEntries(1602)) - s2@group-EA982605F2E5: Failed appendEntries as previous log entry ((t:2, i:0)) is not found
2022-11-08 19:12:08,222 [s2-server-thread2] INFO  server.RaftServer$Division (RaftServerImpl.java:checkInconsistentAppendEntries(1572)) - s2@group-EA982605F2E5: inconsistency entries. Reply:s1<-s2#612:FAIL-t2,INCONSISTENCY,nextIndex=0,followerCommit=0,matchIndex=-1
2022-11-08 19:12:08,222 [grpc-default-executor-0] INFO  leader.FollowerInfo (FollowerInfoImpl.java:lambda$new$0(48)) - s1@group-EA982605F2E5->s2: nextIndex: updateUnconditionally 5 -> 0
2022-11-08 19:12:08,223 [s2-server-thread2] DEBUG server.RaftServer$Division (RaftServerImpl.java:logAppendEntries(1421)) - s2@group-EA982605F2E5: receive appendEntries(s1, 2, null, 4, true, commits:[s1:c4, s0:c4, s2:c0], cId:613, entries: [(t:2, i:0), CONFIGURATIONENTRY(current:id: "s0"
address: "localhost:34297"
dataStreamAddress: "localhost:43983"
clientAddress: "localhost:39609"
adminAddress: "localhost:37077"
startupRole: FOLLOWER
,id: "s1"
address: "localhost:38917"
dataStreamAddress: "localhost:45719"
clientAddress: "localhost:36975"
adminAddress: "localhost:40635"
startupRole: FOLLOWER
,id: "s2"
address: "localhost:35511"
dataStreamAddress: "localhost:38827"
clientAddress: "localhost:42865"
adminAddress: "localhost:36791"
startupRole: FOLLOWER
, old:), (t:2, i:1), STATEMACHINELOGENTRY, 0@client-2EFB324ADA71, (t:2, i:2), METADATAENTRY(c:1), (t:2, i:3), STATEMACHINELOGENTRY, 999@client-AE8279CAF820, (t:2, i:4), METADATAENTRY(c:3)]
2022-11-08 19:12:08,223 [s2-server-thread2] INFO  server.RaftServer$Division (RaftServerImpl.java:checkInconsistentAppendEntries(1592)) - s2@group-EA982605F2E5: Failed appendEntries as the first entry (index 0) already exists (snapshotIndex: -1, commitIndex: 0)
2022-11-08 19:12:08,223 [s2-server-thread2] INFO  server.RaftServer$Division (RaftServerImpl.java:checkInconsistentAppendEntries(1572)) - s2@group-EA982605F2E5: inconsistency entries. Reply:s1<-s2#613:FAIL-t2,INCONSISTENCY,nextIndex=1,followerCommit=0,matchIndex=-1
2022-11-08 19:12:08,224 [grpc-default-executor-0] INFO  leader.FollowerInfo (FollowerInfoImpl.java:lambda$new$0(48)) - s1@group-EA982605F2E5->s2: nextIndex: updateUnconditionally 5 -> 1
2022-11-08 19:12:08,225 [s2-server-thread2] DEBUG server.RaftServer$Division (RaftServerImpl.java:logAppendEntries(1421)) - s2@group-EA982605F2E5: receive appendEntries(s1, 2, (t:2, i:0), 4, true, commits:[s1:c4, s0:c4, s2:c0], cId:614, entries: [(t:2, i:1), STATEMACHINELOGENTRY, 0@client-2EFB324ADA71, (t:2, i:2), METADATAENTRY(c:1), (t:2, i:3), STATEMACHINELOGENTRY, 999@client-AE8279CAF820, (t:2, i:4), METADATAENTRY(c:3)]
2022-11-08 19:12:08,225 [s2-server-thread2] INFO  server.RaftServer$Division (RaftServerImpl.java:checkInconsistentAppendEntries(1602)) - s2@group-EA982605F2E5: Failed appendEntries as previous log entry ((t:2, i:0)) is not found
2022-11-08 19:12:08,225 [s2-server-thread2] INFO  server.RaftServer$Division (RaftServerImpl.java:checkInconsistentAppendEntries(1572)) - s2@group-EA982605F2E5: inconsistency entries. Reply:s1<-s2#614:FAIL-t2,INCONSISTENCY,nextIndex=0,followerCommit=0,matchIndex=-1
2022-11-08 19:12:08,226 [grpc-default-executor-0] INFO  leader.FollowerInfo (FollowerInfoImpl.java:lambda$new$0(48)) - s1@group-EA982605F2E5->s2: nextIndex: updateUnconditionally 5 -> 0
2022-11-08 19:12:08,227 [s2-server-thread2] DEBUG server.RaftServer$Division (RaftServerImpl.java:logAppendEntries(1421)) - s2@group-EA982605F2E5: receive appendEntries(s1, 2, null, 4, true, commits:[s1:c4, s0:c4, s2:c0], cId:615, entries: [(t:2, i:0), CONFIGURATIONENTRY(current:id: "s0"
address: "localhost:34297"
dataStreamAddress: "localhost:43983"
clientAddress: "localhost:39609"
adminAddress: "localhost:37077"
startupRole: FOLLOWER
,id: "s1"
address: "localhost:38917"
dataStreamAddress: "localhost:45719"
clientAddress: "localhost:36975"
adminAddress: "localhost:40635"
startupRole: FOLLOWER
,id: "s2"
address: "localhost:35511"
dataStreamAddress: "localhost:38827"
clientAddress: "localhost:42865"
adminAddress: "localhost:36791"
startupRole: FOLLOWER
, old:), (t:2, i:1), STATEMACHINELOGENTRY, 0@client-2EFB324ADA71, (t:2, i:2), METADATAENTRY(c:1), (t:2, i:3), STATEMACHINELOGENTRY, 999@client-AE8279CAF820, (t:2, i:4), METADATAENTRY(c:3)]
2022-11-08 19:12:08,228 [s2-server-thread2] INFO  server.RaftServer$Division (RaftServerImpl.java:checkInconsistentAppendEntries(1592)) - s2@group-EA982605F2E5: Failed appendEntries as the first entry (index 0) already exists (snapshotIndex: -1, commitIndex: 0)
2022-11-08 19:12:08,228 [s2-server-thread2] INFO  server.RaftServer$Division (RaftServerImpl.java:checkInconsistentAppendEntries(1572)) - s2@group-EA982605F2E5: inconsistency entries. Reply:s1<-s2#615:FAIL-t2,INCONSISTENCY,nextIndex=1,followerCommit=0,matchIndex=-1
2022-11-08 19:12:08,228 [grpc-default-executor-0] INFO  leader.FollowerInfo (FollowerInfoImpl.java:lambda$new$0(48)) - s1@group-EA982605F2E5->s2: nextIndex: updateUnconditionally 5 -> 1
2022-11-08 19:12:08,229 [s2-server-thread2] DEBUG server.RaftServer$Division (RaftServerImpl.java:logAppendEntries(1421)) - s2@group-EA982605F2E5: receive appendEntries(s1, 2, (t:2, i:0), 4, true, commits:[s1:c4, s0:c4, s2:c0], cId:616, entries: [(t:2, i:1), STATEMACHINELOGENTRY, 0@client-2EFB324ADA71, (t:2, i:2), METADATAENTRY(c:1), (t:2, i:3), STATEMACHINELOGENTRY, 999@client-AE8279CAF820, (t:2, i:4), METADATAENTRY(c:3)]
2022-11-08 19:12:08,229 [s2-server-thread2] INFO  server.RaftServer$Division (RaftServerImpl.java:checkInconsistentAppendEntries(1602)) - s2@group-EA982605F2E5: Failed appendEntries as previous log entry ((t:2, i:0)) is not found
2022-11-08 19:12:08,229 [s2-server-thread2] INFO  server.RaftServer$Division (RaftServerImpl.java:checkInconsistentAppendEntries(1572)) - s2@group-EA982605F2E5: inconsistency entries. Reply:s1<-s2#616:FAIL-t2,INCONSISTENCY,nextIndex=0,followerCommit=0,matchIndex=-1
2022-11-08 19:12:08,230 [grpc-default-executor-0] INFO  leader.FollowerInfo (FollowerInfoImpl.java:lambda$new$0(48)) - s1@group-EA982605F2E5->s2: nextIndex: updateUnconditionally 5 -> 0
2022-11-08 19:12:08,231 [s2-server-thread2] DEBUG server.RaftServer$Division (RaftServerImpl.java:logAppendEntries(1421)) - s2@group-EA982605F2E5: receive appendEntries(s1, 2, null, 4, true, commits:[s1:c4, s0:c4, s2:c0], cId:617, entries: [(t:2, i:0), CONFIGURATIONENTRY(current:id: "s0"
address: "localhost:34297"
dataStreamAddress: "localhost:43983"
clientAddress: "localhost:39609"
adminAddress: "localhost:37077"
startupRole: FOLLOWER
,id: "s1"
address: "localhost:38917"
dataStreamAddress: "localhost:45719"
clientAddress: "localhost:36975"
adminAddress: "localhost:40635"
startupRole: FOLLOWER
,id: "s2"
address: "localhost:35511"
dataStreamAddress: "localhost:38827"
clientAddress: "localhost:42865"
adminAddress: "localhost:36791"
startupRole: FOLLOWER
, old:), (t:2, i:1), STATEMACHINELOGENTRY, 0@client-2EFB324ADA71, (t:2, i:2), METADATAENTRY(c:1), (t:2, i:3), STATEMACHINELOGENTRY, 999@client-AE8279CAF820, (t:2, i:4), METADATAENTRY(c:3)]
2022-11-08 19:12:08,231 [s2-server-thread2] INFO  server.RaftServer$Division (RaftServerImpl.java:checkInconsistentAppendEntries(1592)) - s2@group-EA982605F2E5: Failed appendEntries as the first entry (index 0) already exists (snapshotIndex: -1, commitIndex: 0)
2022-11-08 19:12:08,231 [s2-server-thread2] INFO  server.RaftServer$Division (RaftServerImpl.java:checkInconsistentAppendEntries(1572)) - s2@group-EA982605F2E5: inconsistency entries. Reply:s1<-s2#617:FAIL-t2,INCONSISTENCY,nextIndex=1,followerCommit=0,matchIndex=-1
2022-11-08 19:12:08,231 [grpc-default-executor-0] INFO  leader.FollowerInfo (FollowerInfoImpl.java:lambda$new$0(48)) - s1@group-EA982605F2E5->s2: nextIndex: updateUnconditionally 5 -> 1
2022-11-08 19:12:08,232 [s2-server-thread2] DEBUG server.RaftServer$Division (RaftServerImpl.java:logAppendEntries(1421)) - s2@group-EA982605F2E5: receive appendEntries(s1, 2, (t:2, i:0), 4, true, commits:[s1:c4, s0:c4, s2:c0], cId:618, entries: [(t:2, i:1), STATEMACHINELOGENTRY, 0@client-2EFB324ADA71, (t:2, i:2), METADATAENTRY(c:1), (t:2, i:3), STATEMACHINELOGENTRY, 999@client-AE8279CAF820, (t:2, i:4), METADATAENTRY(c:3)]
2022-11-08 19:12:08,232 [s2-server-thread2] INFO  server.RaftServer$Division (RaftServerImpl.java:checkInconsistentAppendEntries(1602)) - s2@group-EA982605F2E5: Failed appendEntries as previous log entry ((t:2, i:0)) is not found
2022-11-08 19:12:08,233 [s2-server-thread2] INFO  server.RaftServer$Division (RaftServerImpl.java:checkInconsistentAppendEntries(1572)) - s2@group-EA982605F2E5: inconsistency entries. Reply:s1<-s2#618:FAIL-t2,INCONSISTENCY,nextIndex=0,followerCommit=0,matchIndex=-1
2022-11-08 19:12:08,233 [grpc-default-executor-0] INFO  leader.FollowerInfo (FollowerInfoImpl.java:lambda$new$0(48)) - s1@group-EA982605F2E5->s2: nextIndex: updateUnconditionally 5 -> 0
2022-11-08 19:12:08,234 [s2-server-thread2] DEBUG server.RaftServer$Division (RaftServerImpl.java:logAppendEntries(1421)) - s2@group-EA982605F2E5: receive appendEntries(s1, 2, null, 4, true, commits:[s1:c4, s0:c4, s2:c0], cId:619, entries: [(t:2, i:0), CONFIGURATIONENTRY(current:id: "s0"
address: "localhost:34297"
dataStreamAddress: "localhost:43983"
clientAddress: "localhost:39609"
adminAddress: "localhost:37077"
startupRole: FOLLOWER
,id: "s1"
address: "localhost:38917"
dataStreamAddress: "localhost:45719"
clientAddress: "localhost:36975"
adminAddress: "localhost:40635"
startupRole: FOLLOWER
,id: "s2"
address: "localhost:35511"
dataStreamAddress: "localhost:38827"
clientAddress: "localhost:42865"
adminAddress: "localhost:36791"
startupRole: FOLLOWER
, old:), (t:2, i:1), STATEMACHINELOGENTRY, 0@client-2EFB324ADA71, (t:2, i:2), METADATAENTRY(c:1), (t:2, i:3), STATEMACHINELOGENTRY, 999@client-AE8279CAF820, (t:2, i:4), METADATAENTRY(c:3)]
2022-11-08 19:12:08,234 [s2-server-thread2] INFO  server.RaftServer$Division (RaftServerImpl.java:checkInconsistentAppendEntries(1592)) - s2@group-EA982605F2E5: Failed appendEntries as the first entry (index 0) already exists (snapshotIndex: -1, commitIndex: 0)
2022-11-08 19:12:08,234 [s2-server-thread2] INFO  server.RaftServer$Division (RaftServerImpl.java:checkInconsistentAppendEntries(1572)) - s2@group-EA982605F2E5: inconsistency entries. Reply:s1<-s2#619:FAIL-t2,INCONSISTENCY,nextIndex=1,followerCommit=0,matchIndex=-1
2022-11-08 19:12:08,235 [grpc-default-executor-0] INFO  leader.FollowerInfo (FollowerInfoImpl.java:lambda$new$0(48)) - s1@group-EA982605F2E5->s2: nextIndex: updateUnconditionally 5 -> 1
2022-11-08 19:12:08,236 [s2-server-thread2] DEBUG server.RaftServer$Division (RaftServerImpl.java:logAppendEntries(1421)) - s2@group-EA982605F2E5: receive appendEntries(s1, 2, (t:2, i:0), 4, true, commits:[s1:c4, s0:c4, s2:c0], cId:620, entries: [(t:2, i:1), STATEMACHINELOGENTRY, 0@client-2EFB324ADA71, (t:2, i:2), METADATAENTRY(c:1), (t:2, i:3), STATEMACHINELOGENTRY, 999@client-AE8279CAF820, (t:2, i:4), METADATAENTRY(c:3)]
2022-11-08 19:12:08,236 [s2-server-thread2] INFO  server.RaftServer$Division (RaftServerImpl.java:checkInconsistentAppendEntries(1602)) - s2@group-EA982605F2E5: Failed appendEntries as previous log entry ((t:2, i:0)) is not found
2022-11-08 19:12:08,236 [s2-server-thread2] INFO  server.RaftServer$Division (RaftServerImpl.java:checkInconsistentAppendEntries(1572)) - s2@group-EA982605F2E5: inconsistency entries. Reply:s1<-s2#620:FAIL-t2,INCONSISTENCY,nextIndex=0,followerCommit=0,matchIndex=-1
2022-11-08 19:12:08,236 [grpc-default-executor-0] INFO  leader.FollowerInfo (FollowerInfoImpl.java:lambda$new$0(48)) - s1@group-EA982605F2E5->s2: nextIndex: updateUnconditionally 5 -> 0
2022-11-08 19:12:08,239 [s2-server-thread2] DEBUG server.RaftServer$Division (RaftServerImpl.java:logAppendEntries(1421)) - s2@group-EA982605F2E5: receive appendEntries(s1, 2, null, 4, true, commits:[s1:c4, s0:c4, s2:c0], cId:621, entries: [(t:2, i:0), CONFIGURATIONENTRY(current:id: "s0"
address: "localhost:34297"
dataStreamAddress: "localhost:43983"
clientAddress: "localhost:39609"
adminAddress: "localhost:37077"
startupRole: FOLLOWER
,id: "s1"
address: "localhost:38917"
dataStreamAddress: "localhost:45719"
clientAddress: "localhost:36975"
adminAddress: "localhost:40635"
startupRole: FOLLOWER
,id: "s2"
address: "localhost:35511"
dataStreamAddress: "localhost:38827"
clientAddress: "localhost:42865"
adminAddress: "localhost:36791"
startupRole: FOLLOWER
, old:), (t:2, i:1), STATEMACHINELOGENTRY, 0@client-2EFB324ADA71, (t:2, i:2), METADATAENTRY(c:1), (t:2, i:3), STATEMACHINELOGENTRY, 999@client-AE8279CAF820, (t:2, i:4), METADATAENTRY(c:3)]
2022-11-08 19:12:08,239 [s2-server-thread2] INFO  server.RaftServer$Division (RaftServerImpl.java:checkInconsistentAppendEntries(1592)) - s2@group-EA982605F2E5: Failed appendEntries as the first entry (index 0) already exists (snapshotIndex: -1, commitIndex: 0)
2022-11-08 19:12:08,240 [s2-server-thread2] INFO  server.RaftServer$Division (RaftServerImpl.java:checkInconsistentAppendEntries(1572)) - s2@group-EA982605F2E5: inconsistency entries. Reply:s1<-s2#621:FAIL-t2,INCONSISTENCY,nextIndex=1,followerCommit=0,matchIndex=-1
2022-11-08 19:12:08,240 [grpc-default-executor-0] INFO  leader.FollowerInfo (FollowerInfoImpl.java:lambda$new$0(48)) - s1@group-EA982605F2E5->s2: nextIndex: updateUnconditionally 5 -> 1
2022-11-08 19:12:08,241 [s2-server-thread2] DEBUG server.RaftServer$Division (RaftServerImpl.java:logAppendEntries(1421)) - s2@group-EA982605F2E5: receive appendEntries(s1, 2, (t:2, i:0), 4, true, commits:[s1:c4, s0:c4, s2:c0], cId:622, entries: [(t:2, i:1), STATEMACHINELOGENTRY, 0@client-2EFB324ADA71, (t:2, i:2), METADATAENTRY(c:1), (t:2, i:3), STATEMACHINELOGENTRY, 999@client-AE8279CAF820, (t:2, i:4), METADATAENTRY(c:3)]
2022-11-08 19:12:08,243 [s2-server-thread2] INFO  server.RaftServer$Division (RaftServerImpl.java:checkInconsistentAppendEntries(1602)) - s2@group-EA982605F2E5: Failed appendEntries as previous log entry ((t:2, i:0)) is not found
2022-11-08 19:12:08,244 [s2-server-thread2] INFO  server.RaftServer$Division (RaftServerImpl.java:checkInconsistentAppendEntries(1572)) - s2@group-EA982605F2E5: inconsistency entries. Reply:s1<-s2#622:FAIL-t2,INCONSISTENCY,nextIndex=0,followerCommit=0,matchIndex=-1
2022-11-08 19:12:08,245 [grpc-default-executor-0] INFO  leader.FollowerInfo (FollowerInfoImpl.java:lambda$new$0(48)) - s1@group-EA982605F2E5->s2: nextIndex: updateUnconditionally 5 -> 0
2022-11-08 19:12:08,246 [s2-server-thread2] DEBUG server.RaftServer$Division (RaftServerImpl.java:logAppendEntries(1421)) - s2@group-EA982605F2E5: receive appendEntries(s1, 2, null, 4, true, commits:[s1:c4, s0:c4, s2:c0], cId:623, entries: [(t:2, i:0), CONFIGURATIONENTRY(current:id: "s0"
address: "localhost:34297"
dataStreamAddress: "localhost:43983"
clientAddress: "localhost:39609"
adminAddress: "localhost:37077"
startupRole: FOLLOWER
,id: "s1"
address: "localhost:38917"
dataStreamAddress: "localhost:45719"
clientAddress: "localhost:36975"
adminAddress: "localhost:40635"
startupRole: FOLLOWER
,id: "s2"
address: "localhost:35511"
dataStreamAddress: "localhost:38827"
clientAddress: "localhost:42865"
adminAddress: "localhost:36791"
startupRole: FOLLOWER
, old:), (t:2, i:1), STATEMACHINELOGENTRY, 0@client-2EFB324ADA71, (t:2, i:2), METADATAENTRY(c:1), (t:2, i:3), STATEMACHINELOGENTRY, 999@client-AE8279CAF820, (t:2, i:4), METADATAENTRY(c:3)]
2022-11-08 19:12:08,246 [s2-server-thread2] INFO  server.RaftServer$Division (RaftServerImpl.java:checkInconsistentAppendEntries(1592)) - s2@group-EA982605F2E5: Failed appendEntries as the first entry (index 0) already exists (snapshotIndex: -1, commitIndex: 0)
2022-11-08 19:12:08,246 [s2-server-thread2] INFO  server.RaftServer$Division (RaftServerImpl.java:checkInconsistentAppendEntries(1572)) - s2@group-EA982605F2E5: inconsistency entries. Reply:s1<-s2#623:FAIL-t2,INCONSISTENCY,nextIndex=1,followerCommit=0,matchIndex=-1
2022-11-08 19:12:08,247 [grpc-default-executor-0] INFO  leader.FollowerInfo (FollowerInfoImpl.java:lambda$new$0(48)) - s1@group-EA982605F2E5->s2: nextIndex: updateUnconditionally 5 -> 1
2022-11-08 19:12:08,247 [s2-server-thread2] DEBUG server.RaftServer$Division (RaftServerImpl.java:logAppendEntries(1421)) - s2@group-EA982605F2E5: receive appendEntries(s1, 2, (t:2, i:0), 4, true, commits:[s1:c4, s0:c4, s2:c0], cId:624, entries: [(t:2, i:1), STATEMACHINELOGENTRY, 0@client-2EFB324ADA71, (t:2, i:2), METADATAENTRY(c:1), (t:2, i:3), STATEMACHINELOGENTRY, 999@client-AE8279CAF820, (t:2, i:4), METADATAENTRY(c:3)]
2022-11-08 19:12:08,248 [s2-server-thread2] INFO  server.RaftServer$Division (RaftServerImpl.java:checkInconsistentAppendEntries(1602)) - s2@group-EA982605F2E5: Failed appendEntries as previous log entry ((t:2, i:0)) is not found
2022-11-08 19:12:08,248 [s2-server-thread2] INFO  server.RaftServer$Division (RaftServerImpl.java:checkInconsistentAppendEntries(1572)) - s2@group-EA982605F2E5: inconsistency entries. Reply:s1<-s2#624:FAIL-t2,INCONSISTENCY,nextIndex=0,followerCommit=0,matchIndex=-1
2022-11-08 19:12:08,248 [grpc-default-executor-0] INFO  leader.FollowerInfo (FollowerInfoImpl.java:lambda$new$0(48)) - s1@group-EA982605F2E5->s2: nextIndex: updateUnconditionally 5 -> 0
2022-11-08 19:12:08,249 [s2-server-thread2] DEBUG server.RaftServer$Division (RaftServerImpl.java:logAppendEntries(1421)) - s2@group-EA982605F2E5: receive appendEntries(s1, 2, null, 4, true, commits:[s1:c4, s0:c4, s2:c0], cId:625, entries: [(t:2, i:0), CONFIGURATIONENTRY(current:id: "s0"
address: "localhost:34297"
dataStreamAddress: "localhost:43983"
clientAddress: "localhost:39609"
adminAddress: "localhost:37077"
startupRole: FOLLOWER
,id: "s1"
address: "localhost:38917"
dataStreamAddress: "localhost:45719"
clientAddress: "localhost:36975"
adminAddress: "localhost:40635"
startupRole: FOLLOWER
,id: "s2"
address: "localhost:35511"
dataStreamAddress: "localhost:38827"
clientAddress: "localhost:42865"
adminAddress: "localhost:36791"
startupRole: FOLLOWER
, old:), (t:2, i:1), STATEMACHINELOGENTRY, 0@client-2EFB324ADA71, (t:2, i:2), METADATAENTRY(c:1), (t:2, i:3), STATEMACHINELOGENTRY, 999@client-AE8279CAF820, (t:2, i:4), METADATAENTRY(c:3)]
2022-11-08 19:12:08,249 [s2-server-thread2] INFO  server.RaftServer$Division (RaftServerImpl.java:checkInconsistentAppendEntries(1592)) - s2@group-EA982605F2E5: Failed appendEntries as the first entry (index 0) already exists (snapshotIndex: -1, commitIndex: 0)
2022-11-08 19:12:08,249 [s2-server-thread2] INFO  server.RaftServer$Division (RaftServerImpl.java:checkInconsistentAppendEntries(1572)) - s2@group-EA982605F2E5: inconsistency entries. Reply:s1<-s2#625:FAIL-t2,INCONSISTENCY,nextIndex=1,followerCommit=0,matchIndex=-1
2022-11-08 19:12:08,250 [grpc-default-executor-0] INFO  leader.FollowerInfo (FollowerInfoImpl.java:lambda$new$0(48)) - s1@group-EA982605F2E5->s2: nextIndex: updateUnconditionally 5 -> 1
2022-11-08 19:12:08,251 [s2-server-thread2] DEBUG server.RaftServer$Division (RaftServerImpl.java:logAppendEntries(1421)) - s2@group-EA982605F2E5: receive appendEntries(s1, 2, (t:2, i:0), 4, true, commits:[s1:c4, s0:c4, s2:c0], cId:626, entries: [(t:2, i:1), STATEMACHINELOGENTRY, 0@client-2EFB324ADA71, (t:2, i:2), METADATAENTRY(c:1), (t:2, i:3), STATEMACHINELOGENTRY, 999@client-AE8279CAF820, (t:2, i:4), METADATAENTRY(c:3)]
2022-11-08 19:12:08,251 [s2-server-thread2] INFO  server.RaftServer$Division (RaftServerImpl.java:checkInconsistentAppendEntries(1602)) - s2@group-EA982605F2E5: Failed appendEntries as previous log entry ((t:2, i:0)) is not found
2022-11-08 19:12:08,251 [s2-server-thread2] INFO  server.RaftServer$Division (RaftServerImpl.java:checkInconsistentAppendEntries(1572)) - s2@group-EA982605F2E5: inconsistency entries. Reply:s1<-s2#626:FAIL-t2,INCONSISTENCY,nextIndex=0,followerCommit=0,matchIndex=-1
2022-11-08 19:12:08,251 [grpc-default-executor-0] INFO  leader.FollowerInfo (FollowerInfoImpl.java:lambda$new$0(48)) - s1@group-EA982605F2E5->s2: nextIndex: updateUnconditionally 5 -> 0
2022-11-08 19:12:08,253 [s2-server-thread2] DEBUG server.RaftServer$Division (RaftServerImpl.java:logAppendEntries(1421)) - s2@group-EA982605F2E5: receive appendEntries(s1, 2, null, 4, true, commits:[s1:c4, s0:c4, s2:c0], cId:627, entries: [(t:2, i:0), CONFIGURATIONENTRY(current:id: "s0"
address: "localhost:34297"
dataStreamAddress: "localhost:43983"
clientAddress: "localhost:39609"
adminAddress: "localhost:37077"
startupRole: FOLLOWER
,id: "s1"
address: "localhost:38917"
dataStreamAddress: "localhost:45719"
clientAddress: "localhost:36975"
adminAddress: "localhost:40635"
startupRole: FOLLOWER
,id: "s2"
address: "localhost:35511"
dataStreamAddress: "localhost:38827"
clientAddress: "localhost:42865"
adminAddress: "localhost:36791"
startupRole: FOLLOWER
, old:), (t:2, i:1), STATEMACHINELOGENTRY, 0@client-2EFB324ADA71, (t:2, i:2), METADATAENTRY(c:1), (t:2, i:3), STATEMACHINELOGENTRY, 999@client-AE8279CAF820, (t:2, i:4), METADATAENTRY(c:3)]
2022-11-08 19:12:08,253 [s2-server-thread2] INFO  server.RaftServer$Division (RaftServerImpl.java:checkInconsistentAppendEntries(1592)) - s2@group-EA982605F2E5: Failed appendEntries as the first entry (index 0) already exists (snapshotIndex: -1, commitIndex: 0)
2022-11-08 19:12:08,260 [s2-server-thread2] INFO  server.RaftServer$Division (RaftServerImpl.java:checkInconsistentAppendEntries(1572)) - s2@group-EA982605F2E5: inconsistency entries. Reply:s1<-s2#627:FAIL-t2,INCONSISTENCY,nextIndex=1,followerCommit=0,matchIndex=-1
2022-11-08 19:12:08,261 [grpc-default-executor-0] INFO  leader.FollowerInfo (FollowerInfoImpl.java:lambda$new$0(48)) - s1@group-EA982605F2E5->s2: nextIndex: updateUnconditionally 5 -> 1
2022-11-08 19:12:08,262 [s2-server-thread2] DEBUG server.RaftServer$Division (RaftServerImpl.java:logAppendEntries(1421)) - s2@group-EA982605F2E5: receive appendEntries(s1, 2, (t:2, i:0), 4, true, commits:[s1:c4, s0:c4, s2:c0], cId:628, entries: [(t:2, i:1), STATEMACHINELOGENTRY, 0@client-2EFB324ADA71, (t:2, i:2), METADATAENTRY(c:1), (t:2, i:3), STATEMACHINELOGENTRY, 999@client-AE8279CAF820, (t:2, i:4), METADATAENTRY(c:3)]
2022-11-08 19:12:08,262 [s2-server-thread2] INFO  server.RaftServer$Division (RaftServerImpl.java:checkInconsistentAppendEntries(1602)) - s2@group-EA982605F2E5: Failed appendEntries as previous log entry ((t:2, i:0)) is not found
2022-11-08 19:12:08,262 [s2-server-thread2] INFO  server.RaftServer$Division (RaftServerImpl.java:checkInconsistentAppendEntries(1572)) - s2@group-EA982605F2E5: inconsistency entries. Reply:s1<-s2#628:FAIL-t2,INCONSISTENCY,nextIndex=0,followerCommit=0,matchIndex=-1
2022-11-08 19:12:08,262 [grpc-default-executor-0] INFO  leader.FollowerInfo (FollowerInfoImpl.java:lambda$new$0(48)) - s1@group-EA982605F2E5->s2: nextIndex: updateUnconditionally 5 -> 0
2022-11-08 19:12:08,263 [s2-server-thread2] DEBUG server.RaftServer$Division (RaftServerImpl.java:logAppendEntries(1421)) - s2@group-EA982605F2E5: receive appendEntries(s1, 2, null, 4, true, commits:[s1:c4, s0:c4, s2:c0], cId:629, entries: [(t:2, i:0), CONFIGURATIONENTRY(current:id: "s0"
address: "localhost:34297"
dataStreamAddress: "localhost:43983"
clientAddress: "localhost:39609"
adminAddress: "localhost:37077"
startupRole: FOLLOWER
,id: "s1"
address: "localhost:38917"
dataStreamAddress: "localhost:45719"
clientAddress: "localhost:36975"
adminAddress: "localhost:40635"
startupRole: FOLLOWER
,id: "s2"
address: "localhost:35511"
dataStreamAddress: "localhost:38827"
clientAddress: "localhost:42865"
adminAddress: "localhost:36791"
startupRole: FOLLOWER
, old:), (t:2, i:1), STATEMACHINELOGENTRY, 0@client-2EFB324ADA71, (t:2, i:2), METADATAENTRY(c:1), (t:2, i:3), STATEMACHINELOGENTRY, 999@client-AE8279CAF820, (t:2, i:4), METADATAENTRY(c:3)]
2022-11-08 19:12:08,264 [s2-server-thread2] INFO  server.RaftServer$Division (RaftServerImpl.java:checkInconsistentAppendEntries(1592)) - s2@group-EA982605F2E5: Failed appendEntries as the first entry (index 0) already exists (snapshotIndex: -1, commitIndex: 0)
2022-11-08 19:12:08,264 [s2-server-thread2] INFO  server.RaftServer$Division (RaftServerImpl.java:checkInconsistentAppendEntries(1572)) - s2@group-EA982605F2E5: inconsistency entries. Reply:s1<-s2#629:FAIL-t2,INCONSISTENCY,nextIndex=1,followerCommit=0,matchIndex=-1
2022-11-08 19:12:08,264 [grpc-default-executor-0] INFO  leader.FollowerInfo (FollowerInfoImpl.java:lambda$new$0(48)) - s1@group-EA982605F2E5->s2: nextIndex: updateUnconditionally 5 -> 1
2022-11-08 19:12:08,265 [s2-server-thread2] DEBUG server.RaftServer$Division (RaftServerImpl.java:logAppendEntries(1421)) - s2@group-EA982605F2E5: receive appendEntries(s1, 2, (t:2, i:0), 4, true, commits:[s1:c4, s0:c4, s2:c0], cId:630, entries: [(t:2, i:1), STATEMACHINELOGENTRY, 0@client-2EFB324ADA71, (t:2, i:2), METADATAENTRY(c:1), (t:2, i:3), STATEMACHINELOGENTRY, 999@client-AE8279CAF820, (t:2, i:4), METADATAENTRY(c:3)]
2022-11-08 19:12:08,265 [s2-server-thread2] INFO  server.RaftServer$Division (RaftServerImpl.java:checkInconsistentAppendEntries(1602)) - s2@group-EA982605F2E5: Failed appendEntries as previous log entry ((t:2, i:0)) is not found
2022-11-08 19:12:08,265 [s2-server-thread2] INFO  server.RaftServer$Division (RaftServerImpl.java:checkInconsistentAppendEntries(1572)) - s2@group-EA982605F2E5: inconsistency entries. Reply:s1<-s2#630:FAIL-t2,INCONSISTENCY,nextIndex=0,followerCommit=0,matchIndex=-1
2022-11-08 19:12:08,266 [grpc-default-executor-0] INFO  leader.FollowerInfo (FollowerInfoImpl.java:lambda$new$0(48)) - s1@group-EA982605F2E5->s2: nextIndex: updateUnconditionally 5 -> 0
2022-11-08 19:12:08,266 [s2-server-thread2] DEBUG server.RaftServer$Division (RaftServerImpl.java:logAppendEntries(1421)) - s2@group-EA982605F2E5: receive appendEntries(s1, 2, null, 4, true, commits:[s1:c4, s0:c4, s2:c0], cId:631, entries: [(t:2, i:0), CONFIGURATIONENTRY(current:id: "s0"
address: "localhost:34297"
dataStreamAddress: "localhost:43983"
clientAddress: "localhost:39609"
adminAddress: "localhost:37077"
startupRole: FOLLOWER
,id: "s1"
address: "localhost:38917"
dataStreamAddress: "localhost:45719"
clientAddress: "localhost:36975"
adminAddress: "localhost:40635"
startupRole: FOLLOWER
,id: "s2"
address: "localhost:35511"
dataStreamAddress: "localhost:38827"
clientAddress: "localhost:42865"
adminAddress: "localhost:36791"
startupRole: FOLLOWER
, old:), (t:2, i:1), STATEMACHINELOGENTRY, 0@client-2EFB324ADA71, (t:2, i:2), METADATAENTRY(c:1), (t:2, i:3), STATEMACHINELOGENTRY, 999@client-AE8279CAF820, (t:2, i:4), METADATAENTRY(c:3)]
2022-11-08 19:12:08,267 [s2-server-thread2] INFO  server.RaftServer$Division (RaftServerImpl.java:checkInconsistentAppendEntries(1592)) - s2@group-EA982605F2E5: Failed appendEntries as the first entry (index 0) already exists (snapshotIndex: -1, commitIndex: 0)
2022-11-08 19:12:08,267 [s2-server-thread2] INFO  server.RaftServer$Division (RaftServerImpl.java:checkInconsistentAppendEntries(1572)) - s2@group-EA982605F2E5: inconsistency entries. Reply:s1<-s2#631:FAIL-t2,INCONSISTENCY,nextIndex=1,followerCommit=0,matchIndex=-1
2022-11-08 19:12:08,267 [grpc-default-executor-0] INFO  leader.FollowerInfo (FollowerInfoImpl.java:lambda$new$0(48)) - s1@group-EA982605F2E5->s2: nextIndex: updateUnconditionally 5 -> 1
2022-11-08 19:12:08,268 [s2-server-thread2] DEBUG server.RaftServer$Division (RaftServerImpl.java:logAppendEntries(1421)) - s2@group-EA982605F2E5: receive appendEntries(s1, 2, (t:2, i:0), 4, true, commits:[s1:c4, s0:c4, s2:c0], cId:632, entries: [(t:2, i:1), STATEMACHINELOGENTRY, 0@client-2EFB324ADA71, (t:2, i:2), METADATAENTRY(c:1), (t:2, i:3), STATEMACHINELOGENTRY, 999@client-AE8279CAF820, (t:2, i:4), METADATAENTRY(c:3)]
2022-11-08 19:12:08,268 [s2-server-thread2] INFO  server.RaftServer$Division (RaftServerImpl.java:checkInconsistentAppendEntries(1602)) - s2@group-EA982605F2E5: Failed appendEntries as previous log entry ((t:2, i:0)) is not found
2022-11-08 19:12:08,268 [s2-server-thread2] INFO  server.RaftServer$Division (RaftServerImpl.java:checkInconsistentAppendEntries(1572)) - s2@group-EA982605F2E5: inconsistency entries. Reply:s1<-s2#632:FAIL-t2,INCONSISTENCY,nextIndex=0,followerCommit=0,matchIndex=-1
2022-11-08 19:12:08,269 [grpc-default-executor-0] INFO  leader.FollowerInfo (FollowerInfoImpl.java:lambda$new$0(48)) - s1@group-EA982605F2E5->s2: nextIndex: updateUnconditionally 5 -> 0
2022-11-08 19:12:08,270 [s2-server-thread2] DEBUG server.RaftServer$Division (RaftServerImpl.java:logAppendEntries(1421)) - s2@group-EA982605F2E5: receive appendEntries(s1, 2, null, 4, true, commits:[s1:c4, s0:c4, s2:c0], cId:633, entries: [(t:2, i:0), CONFIGURATIONENTRY(current:id: "s0"
address: "localhost:34297"
dataStreamAddress: "localhost:43983"
clientAddress: "localhost:39609"
adminAddress: "localhost:37077"
startupRole: FOLLOWER
,id: "s1"
address: "localhost:38917"
dataStreamAddress: "localhost:45719"
clientAddress: "localhost:36975"
adminAddress: "localhost:40635"
startupRole: FOLLOWER
,id: "s2"
address: "localhost:35511"
dataStreamAddress: "localhost:38827"
clientAddress: "localhost:42865"
adminAddress: "localhost:36791"
startupRole: FOLLOWER
, old:), (t:2, i:1), STATEMACHINELOGENTRY, 0@client-2EFB324ADA71, (t:2, i:2), METADATAENTRY(c:1), (t:2, i:3), STATEMACHINELOGENTRY, 999@client-AE8279CAF820, (t:2, i:4), METADATAENTRY(c:3)]
2022-11-08 19:12:08,270 [s2-server-thread2] INFO  server.RaftServer$Division (RaftServerImpl.java:checkInconsistentAppendEntries(1592)) - s2@group-EA982605F2E5: Failed appendEntries as the first entry (index 0) already exists (snapshotIndex: -1, commitIndex: 0)
2022-11-08 19:12:08,270 [s2-server-thread2] INFO  server.RaftServer$Division (RaftServerImpl.java:checkInconsistentAppendEntries(1572)) - s2@group-EA982605F2E5: inconsistency entries. Reply:s1<-s2#633:FAIL-t2,INCONSISTENCY,nextIndex=1,followerCommit=0,matchIndex=-1
2022-11-08 19:12:08,271 [grpc-default-executor-0] INFO  leader.FollowerInfo (FollowerInfoImpl.java:lambda$new$0(48)) - s1@group-EA982605F2E5->s2: nextIndex: updateUnconditionally 5 -> 1
2022-11-08 19:12:08,272 [s2-server-thread2] DEBUG server.RaftServer$Division (RaftServerImpl.java:logAppendEntries(1421)) - s2@group-EA982605F2E5: receive appendEntries(s1, 2, (t:2, i:0), 4, true, commits:[s1:c4, s0:c4, s2:c0], cId:634, entries: [(t:2, i:1), STATEMACHINELOGENTRY, 0@client-2EFB324ADA71, (t:2, i:2), METADATAENTRY(c:1), (t:2, i:3), STATEMACHINELOGENTRY, 999@client-AE8279CAF820, (t:2, i:4), METADATAENTRY(c:3)]
2022-11-08 19:12:08,272 [s2-server-thread2] INFO  server.RaftServer$Division (RaftServerImpl.java:checkInconsistentAppendEntries(1602)) - s2@group-EA982605F2E5: Failed appendEntries as previous log entry ((t:2, i:0)) is not found
2022-11-08 19:12:08,272 [s2-server-thread2] INFO  server.RaftServer$Division (RaftServerImpl.java:checkInconsistentAppendEntries(1572)) - s2@group-EA982605F2E5: inconsistency entries. Reply:s1<-s2#634:FAIL-t2,INCONSISTENCY,nextIndex=0,followerCommit=0,matchIndex=-1
2022-11-08 19:12:08,273 [grpc-default-executor-0] INFO  leader.FollowerInfo (FollowerInfoImpl.java:lambda$new$0(48)) - s1@group-EA982605F2E5->s2: nextIndex: updateUnconditionally 5 -> 0
2022-11-08 19:12:08,274 [s2-server-thread2] DEBUG server.RaftServer$Division (RaftServerImpl.java:logAppendEntries(1421)) - s2@group-EA982605F2E5: receive appendEntries(s1, 2, null, 4, true, commits:[s1:c4, s0:c4, s2:c0], cId:635, entries: [(t:2, i:0), CONFIGURATIONENTRY(current:id: "s0"
address: "localhost:34297"
dataStreamAddress: "localhost:43983"
clientAddress: "localhost:39609"
adminAddress: "localhost:37077"
startupRole: FOLLOWER
,id: "s1"
address: "localhost:38917"
dataStreamAddress: "localhost:45719"
clientAddress: "localhost:36975"
adminAddress: "localhost:40635"
startupRole: FOLLOWER
,id: "s2"
address: "localhost:35511"
dataStreamAddress: "localhost:38827"
clientAddress: "localhost:42865"
adminAddress: "localhost:36791"
startupRole: FOLLOWER
, old:), (t:2, i:1), STATEMACHINELOGENTRY, 0@client-2EFB324ADA71, (t:2, i:2), METADATAENTRY(c:1), (t:2, i:3), STATEMACHINELOGENTRY, 999@client-AE8279CAF820, (t:2, i:4), METADATAENTRY(c:3)]
2022-11-08 19:12:08,274 [s2-server-thread2] INFO  server.RaftServer$Division (RaftServerImpl.java:checkInconsistentAppendEntries(1592)) - s2@group-EA982605F2E5: Failed appendEntries as the first entry (index 0) already exists (snapshotIndex: -1, commitIndex: 0)
2022-11-08 19:12:08,274 [s2-server-thread2] INFO  server.RaftServer$Division (RaftServerImpl.java:checkInconsistentAppendEntries(1572)) - s2@group-EA982605F2E5: inconsistency entries. Reply:s1<-s2#635:FAIL-t2,INCONSISTENCY,nextIndex=1,followerCommit=0,matchIndex=-1
2022-11-08 19:12:08,275 [grpc-default-executor-0] INFO  leader.FollowerInfo (FollowerInfoImpl.java:lambda$new$0(48)) - s1@group-EA982605F2E5->s2: nextIndex: updateUnconditionally 5 -> 1
2022-11-08 19:12:08,276 [s2-server-thread2] DEBUG server.RaftServer$Division (RaftServerImpl.java:logAppendEntries(1421)) - s2@group-EA982605F2E5: receive appendEntries(s1, 2, (t:2, i:0), 4, true, commits:[s1:c4, s0:c4, s2:c0], cId:636, entries: [(t:2, i:1), STATEMACHINELOGENTRY, 0@client-2EFB324ADA71, (t:2, i:2), METADATAENTRY(c:1), (t:2, i:3), STATEMACHINELOGENTRY, 999@client-AE8279CAF820, (t:2, i:4), METADATAENTRY(c:3)]
2022-11-08 19:12:08,276 [s2-server-thread2] INFO  server.RaftServer$Division (RaftServerImpl.java:checkInconsistentAppendEntries(1602)) - s2@group-EA982605F2E5: Failed appendEntries as previous log entry ((t:2, i:0)) is not found
2022-11-08 19:12:08,276 [s2-server-thread2] INFO  server.RaftServer$Division (RaftServerImpl.java:checkInconsistentAppendEntries(1572)) - s2@group-EA982605F2E5: inconsistency entries. Reply:s1<-s2#636:FAIL-t2,INCONSISTENCY,nextIndex=0,followerCommit=0,matchIndex=-1
2022-11-08 19:12:08,276 [grpc-default-executor-0] INFO  leader.FollowerInfo (FollowerInfoImpl.java:lambda$new$0(48)) - s1@group-EA982605F2E5->s2: nextIndex: updateUnconditionally 5 -> 0
2022-11-08 19:12:08,277 [s2-server-thread2] DEBUG server.RaftServer$Division (RaftServerImpl.java:logAppendEntries(1421)) - s2@group-EA982605F2E5: receive appendEntries(s1, 2, null, 4, true, commits:[s1:c4, s0:c4, s2:c0], cId:637, entries: [(t:2, i:0), CONFIGURATIONENTRY(current:id: "s0"
address: "localhost:34297"
dataStreamAddress: "localhost:43983"
clientAddress: "localhost:39609"
adminAddress: "localhost:37077"
startupRole: FOLLOWER
,id: "s1"
address: "localhost:38917"
dataStreamAddress: "localhost:45719"
clientAddress: "localhost:36975"
adminAddress: "localhost:40635"
startupRole: FOLLOWER
,id: "s2"
address: "localhost:35511"
dataStreamAddress: "localhost:38827"
clientAddress: "localhost:42865"
adminAddress: "localhost:36791"
startupRole: FOLLOWER
, old:), (t:2, i:1), STATEMACHINELOGENTRY, 0@client-2EFB324ADA71, (t:2, i:2), METADATAENTRY(c:1), (t:2, i:3), STATEMACHINELOGENTRY, 999@client-AE8279CAF820, (t:2, i:4), METADATAENTRY(c:3)]
2022-11-08 19:12:08,278 [s2-server-thread2] INFO  server.RaftServer$Division (RaftServerImpl.java:checkInconsistentAppendEntries(1592)) - s2@group-EA982605F2E5: Failed appendEntries as the first entry (index 0) already exists (snapshotIndex: -1, commitIndex: 0)
2022-11-08 19:12:08,278 [s2-server-thread2] INFO  server.RaftServer$Division (RaftServerImpl.java:checkInconsistentAppendEntries(1572)) - s2@group-EA982605F2E5: inconsistency entries. Reply:s1<-s2#637:FAIL-t2,INCONSISTENCY,nextIndex=1,followerCommit=0,matchIndex=-1
2022-11-08 19:12:08,279 [grpc-default-executor-0] INFO  leader.FollowerInfo (FollowerInfoImpl.java:lambda$new$0(48)) - s1@group-EA982605F2E5->s2: nextIndex: updateUnconditionally 5 -> 1
2022-11-08 19:12:08,280 [s2-server-thread2] DEBUG server.RaftServer$Division (RaftServerImpl.java:logAppendEntries(1421)) - s2@group-EA982605F2E5: receive appendEntries(s1, 2, (t:2, i:0), 4, true, commits:[s1:c4, s0:c4, s2:c0], cId:638, entries: [(t:2, i:1), STATEMACHINELOGENTRY, 0@client-2EFB324ADA71, (t:2, i:2), METADATAENTRY(c:1), (t:2, i:3), STATEMACHINELOGENTRY, 999@client-AE8279CAF820, (t:2, i:4), METADATAENTRY(c:3)]
2022-11-08 19:12:08,280 [s2-server-thread2] INFO  server.RaftServer$Division (RaftServerImpl.java:checkInconsistentAppendEntries(1602)) - s2@group-EA982605F2E5: Failed appendEntries as previous log entry ((t:2, i:0)) is not found
2022-11-08 19:12:08,280 [s2-server-thread2] INFO  server.RaftServer$Division (RaftServerImpl.java:checkInconsistentAppendEntries(1572)) - s2@group-EA982605F2E5: inconsistency entries. Reply:s1<-s2#638:FAIL-t2,INCONSISTENCY,nextIndex=0,followerCommit=0,matchIndex=-1
2022-11-08 19:12:08,280 [grpc-default-executor-3] INFO  leader.FollowerInfo (FollowerInfoImpl.java:lambda$new$0(48)) - s1@group-EA982605F2E5->s2: nextIndex: updateUnconditionally 5 -> 0
2022-11-08 19:12:08,281 [s2-server-thread2] DEBUG server.RaftServer$Division (RaftServerImpl.java:logAppendEntries(1421)) - s2@group-EA982605F2E5: receive appendEntries(s1, 2, null, 4, true, commits:[s1:c4, s0:c4, s2:c0], cId:639, entries: [(t:2, i:0), CONFIGURATIONENTRY(current:id: "s0"
address: "localhost:34297"
dataStreamAddress: "localhost:43983"
clientAddress: "localhost:39609"
adminAddress: "localhost:37077"
startupRole: FOLLOWER
,id: "s1"
address: "localhost:38917"
dataStreamAddress: "localhost:45719"
clientAddress: "localhost:36975"
adminAddress: "localhost:40635"
startupRole: FOLLOWER
,id: "s2"
address: "localhost:35511"
dataStreamAddress: "localhost:38827"
clientAddress: "localhost:42865"
adminAddress: "localhost:36791"
startupRole: FOLLOWER
, old:), (t:2, i:1), STATEMACHINELOGENTRY, 0@client-2EFB324ADA71, (t:2, i:2), METADATAENTRY(c:1), (t:2, i:3), STATEMACHINELOGENTRY, 999@client-AE8279CAF820, (t:2, i:4), METADATAENTRY(c:3)]
2022-11-08 19:12:08,281 [s2-server-thread2] INFO  server.RaftServer$Division (RaftServerImpl.java:checkInconsistentAppendEntries(1592)) - s2@group-EA982605F2E5: Failed appendEntries as the first entry (index 0) already exists (snapshotIndex: -1, commitIndex: 0)
2022-11-08 19:12:08,282 [s2-server-thread2] INFO  server.RaftServer$Division (RaftServerImpl.java:checkInconsistentAppendEntries(1572)) - s2@group-EA982605F2E5: inconsistency entries. Reply:s1<-s2#639:FAIL-t2,INCONSISTENCY,nextIndex=1,followerCommit=0,matchIndex=-1
2022-11-08 19:12:08,282 [grpc-default-executor-3] INFO  leader.FollowerInfo (FollowerInfoImpl.java:lambda$new$0(48)) - s1@group-EA982605F2E5->s2: nextIndex: updateUnconditionally 5 -> 1
2022-11-08 19:12:08,283 [s2-server-thread2] DEBUG server.RaftServer$Division (RaftServerImpl.java:logAppendEntries(1421)) - s2@group-EA982605F2E5: receive appendEntries(s1, 2, (t:2, i:0), 4, true, commits:[s1:c4, s0:c4, s2:c0], cId:640, entries: [(t:2, i:1), STATEMACHINELOGENTRY, 0@client-2EFB324ADA71, (t:2, i:2), METADATAENTRY(c:1), (t:2, i:3), STATEMACHINELOGENTRY, 999@client-AE8279CAF820, (t:2, i:4), METADATAENTRY(c:3)]
2022-11-08 19:12:08,283 [s2-server-thread2] INFO  server.RaftServer$Division (RaftServerImpl.java:checkInconsistentAppendEntries(1602)) - s2@group-EA982605F2E5: Failed appendEntries as previous log entry ((t:2, i:0)) is not found
2022-11-08 19:12:08,283 [s2-server-thread2] INFO  server.RaftServer$Division (RaftServerImpl.java:checkInconsistentAppendEntries(1572)) - s2@group-EA982605F2E5: inconsistency entries. Reply:s1<-s2#640:FAIL-t2,INCONSISTENCY,nextIndex=0,followerCommit=0,matchIndex=-1
2022-11-08 19:12:08,284 [grpc-default-executor-3] INFO  leader.FollowerInfo (FollowerInfoImpl.java:lambda$new$0(48)) - s1@group-EA982605F2E5->s2: nextIndex: updateUnconditionally 5 -> 0
2022-11-08 19:12:08,285 [s2-server-thread2] DEBUG server.RaftServer$Division (RaftServerImpl.java:logAppendEntries(1421)) - s2@group-EA982605F2E5: receive appendEntries(s1, 2, null, 4, true, commits:[s1:c4, s0:c4, s2:c0], cId:641, entries: [(t:2, i:0), CONFIGURATIONENTRY(current:id: "s0"
address: "localhost:34297"
dataStreamAddress: "localhost:43983"
clientAddress: "localhost:39609"
adminAddress: "localhost:37077"
startupRole: FOLLOWER
,id: "s1"
address: "localhost:38917"
dataStreamAddress: "localhost:45719"
clientAddress: "localhost:36975"
adminAddress: "localhost:40635"
startupRole: FOLLOWER
,id: "s2"
address: "localhost:35511"
dataStreamAddress: "localhost:38827"
clientAddress: "localhost:42865"
adminAddress: "localhost:36791"
startupRole: FOLLOWER
, old:), (t:2, i:1), STATEMACHINELOGENTRY, 0@client-2EFB324ADA71, (t:2, i:2), METADATAENTRY(c:1), (t:2, i:3), STATEMACHINELOGENTRY, 999@client-AE8279CAF820, (t:2, i:4), METADATAENTRY(c:3)]
2022-11-08 19:12:08,285 [s2-server-thread2] INFO  server.RaftServer$Division (RaftServerImpl.java:checkInconsistentAppendEntries(1592)) - s2@group-EA982605F2E5: Failed appendEntries as the first entry (index 0) already exists (snapshotIndex: -1, commitIndex: 0)
2022-11-08 19:12:08,285 [s2-server-thread2] INFO  server.RaftServer$Division (RaftServerImpl.java:checkInconsistentAppendEntries(1572)) - s2@group-EA982605F2E5: inconsistency entries. Reply:s1<-s2#641:FAIL-t2,INCONSISTENCY,nextIndex=1,followerCommit=0,matchIndex=-1
2022-11-08 19:12:08,285 [grpc-default-executor-3] INFO  leader.FollowerInfo (FollowerInfoImpl.java:lambda$new$0(48)) - s1@group-EA982605F2E5->s2: nextIndex: updateUnconditionally 5 -> 1
2022-11-08 19:12:08,286 [s2-server-thread2] DEBUG server.RaftServer$Division (RaftServerImpl.java:logAppendEntries(1421)) - s2@group-EA982605F2E5: receive appendEntries(s1, 2, (t:2, i:0), 4, true, commits:[s1:c4, s0:c4, s2:c0], cId:642, entries: [(t:2, i:1), STATEMACHINELOGENTRY, 0@client-2EFB324ADA71, (t:2, i:2), METADATAENTRY(c:1), (t:2, i:3), STATEMACHINELOGENTRY, 999@client-AE8279CAF820, (t:2, i:4), METADATAENTRY(c:3)]
2022-11-08 19:12:08,286 [s2-server-thread2] INFO  server.RaftServer$Division (RaftServerImpl.java:checkInconsistentAppendEntries(1602)) - s2@group-EA982605F2E5: Failed appendEntries as previous log entry ((t:2, i:0)) is not found
2022-11-08 19:12:08,286 [s2-server-thread2] INFO  server.RaftServer$Division (RaftServerImpl.java:checkInconsistentAppendEntries(1572)) - s2@group-EA982605F2E5: inconsistency entries. Reply:s1<-s2#642:FAIL-t2,INCONSISTENCY,nextIndex=0,followerCommit=0,matchIndex=-1
2022-11-08 19:12:08,287 [grpc-default-executor-3] INFO  leader.FollowerInfo (FollowerInfoImpl.java:lambda$new$0(48)) - s1@group-EA982605F2E5->s2: nextIndex: updateUnconditionally 5 -> 0
2022-11-08 19:12:08,288 [s2-server-thread2] DEBUG server.RaftServer$Division (RaftServerImpl.java:logAppendEntries(1421)) - s2@group-EA982605F2E5: receive appendEntries(s1, 2, null, 4, true, commits:[s1:c4, s0:c4, s2:c0], cId:643, entries: [(t:2, i:0), CONFIGURATIONENTRY(current:id: "s0"
address: "localhost:34297"
dataStreamAddress: "localhost:43983"
clientAddress: "localhost:39609"
adminAddress: "localhost:37077"
startupRole: FOLLOWER
,id: "s1"
address: "localhost:38917"
dataStreamAddress: "localhost:45719"
clientAddress: "localhost:36975"
adminAddress: "localhost:40635"
startupRole: FOLLOWER
,id: "s2"
address: "localhost:35511"
dataStreamAddress: "localhost:38827"
clientAddress: "localhost:42865"
adminAddress: "localhost:36791"
startupRole: FOLLOWER
, old:), (t:2, i:1), STATEMACHINELOGENTRY, 0@client-2EFB324ADA71, (t:2, i:2), METADATAENTRY(c:1), (t:2, i:3), STATEMACHINELOGENTRY, 999@client-AE8279CAF820, (t:2, i:4), METADATAENTRY(c:3)]
2022-11-08 19:12:08,288 [s2-server-thread2] INFO  server.RaftServer$Division (RaftServerImpl.java:checkInconsistentAppendEntries(1592)) - s2@group-EA982605F2E5: Failed appendEntries as the first entry (index 0) already exists (snapshotIndex: -1, commitIndex: 0)
2022-11-08 19:12:08,288 [s2-server-thread2] INFO  server.RaftServer$Division (RaftServerImpl.java:checkInconsistentAppendEntries(1572)) - s2@group-EA982605F2E5: inconsistency entries. Reply:s1<-s2#643:FAIL-t2,INCONSISTENCY,nextIndex=1,followerCommit=0,matchIndex=-1
2022-11-08 19:12:08,288 [grpc-default-executor-3] INFO  leader.FollowerInfo (FollowerInfoImpl.java:lambda$new$0(48)) - s1@group-EA982605F2E5->s2: nextIndex: updateUnconditionally 5 -> 1
2022-11-08 19:12:08,290 [s2-server-thread2] DEBUG server.RaftServer$Division (RaftServerImpl.java:logAppendEntries(1421)) - s2@group-EA982605F2E5: receive appendEntries(s1, 2, (t:2, i:0), 4, true, commits:[s1:c4, s0:c4, s2:c0], cId:644, entries: [(t:2, i:1), STATEMACHINELOGENTRY, 0@client-2EFB324ADA71, (t:2, i:2), METADATAENTRY(c:1), (t:2, i:3), STATEMACHINELOGENTRY, 999@client-AE8279CAF820, (t:2, i:4), METADATAENTRY(c:3)]
2022-11-08 19:12:08,290 [s2-server-thread2] INFO  server.RaftServer$Division (RaftServerImpl.java:checkInconsistentAppendEntries(1602)) - s2@group-EA982605F2E5: Failed appendEntries as previous log entry ((t:2, i:0)) is not found
2022-11-08 19:12:08,290 [s2-server-thread2] INFO  server.RaftServer$Division (RaftServerImpl.java:checkInconsistentAppendEntries(1572)) - s2@group-EA982605F2E5: inconsistency entries. Reply:s1<-s2#644:FAIL-t2,INCONSISTENCY,nextIndex=0,followerCommit=0,matchIndex=-1
2022-11-08 19:12:08,290 [grpc-default-executor-3] INFO  leader.FollowerInfo (FollowerInfoImpl.java:lambda$new$0(48)) - s1@group-EA982605F2E5->s2: nextIndex: updateUnconditionally 5 -> 0
2022-11-08 19:12:08,306 [s2-server-thread2] DEBUG server.RaftServer$Division (RaftServerImpl.java:logAppendEntries(1421)) - s2@group-EA982605F2E5: receive appendEntries(s1, 2, null, 4, true, commits:[s1:c4, s0:c4, s2:c0], cId:645, entries: [(t:2, i:0), CONFIGURATIONENTRY(current:id: "s0"
address: "localhost:34297"
dataStreamAddress: "localhost:43983"
clientAddress: "localhost:39609"
adminAddress: "localhost:37077"
startupRole: FOLLOWER
,id: "s1"
address: "localhost:38917"
dataStreamAddress: "localhost:45719"
clientAddress: "localhost:36975"
adminAddress: "localhost:40635"
startupRole: FOLLOWER
,id: "s2"
address: "localhost:35511"
dataStreamAddress: "localhost:38827"
clientAddress: "localhost:42865"
adminAddress: "localhost:36791"
startupRole: FOLLOWER
, old:), (t:2, i:1), STATEMACHINELOGENTRY, 0@client-2EFB324ADA71, (t:2, i:2), METADATAENTRY(c:1), (t:2, i:3), STATEMACHINELOGENTRY, 999@client-AE8279CAF820, (t:2, i:4), METADATAENTRY(c:3)]
2022-11-08 19:12:08,306 [s2-server-thread2] INFO  server.RaftServer$Division (RaftServerImpl.java:checkInconsistentAppendEntries(1592)) - s2@group-EA982605F2E5: Failed appendEntries as the first entry (index 0) already exists (snapshotIndex: -1, commitIndex: 0)
2022-11-08 19:12:08,306 [s2-server-thread2] INFO  server.RaftServer$Division (RaftServerImpl.java:checkInconsistentAppendEntries(1572)) - s2@group-EA982605F2E5: inconsistency entries. Reply:s1<-s2#645:FAIL-t2,INCONSISTENCY,nextIndex=1,followerCommit=0,matchIndex=-1
2022-11-08 19:12:08,307 [grpc-default-executor-3] INFO  leader.FollowerInfo (FollowerInfoImpl.java:lambda$new$0(48)) - s1@group-EA982605F2E5->s2: nextIndex: updateUnconditionally 5 -> 1
2022-11-08 19:12:08,308 [s2-server-thread2] DEBUG server.RaftServer$Division (RaftServerImpl.java:logAppendEntries(1421)) - s2@group-EA982605F2E5: receive appendEntries(s1, 2, (t:2, i:0), 4, true, commits:[s1:c4, s0:c4, s2:c0], cId:646, entries: [(t:2, i:1), STATEMACHINELOGENTRY, 0@client-2EFB324ADA71, (t:2, i:2), METADATAENTRY(c:1), (t:2, i:3), STATEMACHINELOGENTRY, 999@client-AE8279CAF820, (t:2, i:4), METADATAENTRY(c:3)]
2022-11-08 19:12:08,308 [s2-server-thread2] INFO  server.RaftServer$Division (RaftServerImpl.java:checkInconsistentAppendEntries(1602)) - s2@group-EA982605F2E5: Failed appendEntries as previous log entry ((t:2, i:0)) is not found
2022-11-08 19:12:08,308 [s2-server-thread2] INFO  server.RaftServer$Division (RaftServerImpl.java:checkInconsistentAppendEntries(1572)) - s2@group-EA982605F2E5: inconsistency entries. Reply:s1<-s2#646:FAIL-t2,INCONSISTENCY,nextIndex=0,followerCommit=0,matchIndex=-1
2022-11-08 19:12:08,308 [grpc-default-executor-3] INFO  leader.FollowerInfo (FollowerInfoImpl.java:lambda$new$0(48)) - s1@group-EA982605F2E5->s2: nextIndex: updateUnconditionally 5 -> 0
2022-11-08 19:12:08,309 [s2-server-thread2] DEBUG server.RaftServer$Division (RaftServerImpl.java:logAppendEntries(1421)) - s2@group-EA982605F2E5: receive appendEntries(s1, 2, null, 4, true, commits:[s1:c4, s0:c4, s2:c0], cId:647, entries: [(t:2, i:0), CONFIGURATIONENTRY(current:id: "s0"
address: "localhost:34297"
dataStreamAddress: "localhost:43983"
clientAddress: "localhost:39609"
adminAddress: "localhost:37077"
startupRole: FOLLOWER
,id: "s1"
address: "localhost:38917"
dataStreamAddress: "localhost:45719"
clientAddress: "localhost:36975"
adminAddress: "localhost:40635"
startupRole: FOLLOWER
,id: "s2"
address: "localhost:35511"
dataStreamAddress: "localhost:38827"
clientAddress: "localhost:42865"
adminAddress: "localhost:36791"
startupRole: FOLLOWER
, old:), (t:2, i:1), STATEMACHINELOGENTRY, 0@client-2EFB324ADA71, (t:2, i:2), METADATAENTRY(c:1), (t:2, i:3), STATEMACHINELOGENTRY, 999@client-AE8279CAF820, (t:2, i:4), METADATAENTRY(c:3)]
2022-11-08 19:12:08,310 [s2-server-thread2] INFO  server.RaftServer$Division (RaftServerImpl.java:checkInconsistentAppendEntries(1592)) - s2@group-EA982605F2E5: Failed appendEntries as the first entry (index 0) already exists (snapshotIndex: -1, commitIndex: 0)
2022-11-08 19:12:08,310 [s2-server-thread2] INFO  server.RaftServer$Division (RaftServerImpl.java:checkInconsistentAppendEntries(1572)) - s2@group-EA982605F2E5: inconsistency entries. Reply:s1<-s2#647:FAIL-t2,INCONSISTENCY,nextIndex=1,followerCommit=0,matchIndex=-1
2022-11-08 19:12:08,310 [grpc-default-executor-3] INFO  leader.FollowerInfo (FollowerInfoImpl.java:lambda$new$0(48)) - s1@group-EA982605F2E5->s2: nextIndex: updateUnconditionally 5 -> 1
2022-11-08 19:12:08,311 [s2-server-thread2] DEBUG server.RaftServer$Division (RaftServerImpl.java:logAppendEntries(1421)) - s2@group-EA982605F2E5: receive appendEntries(s1, 2, (t:2, i:0), 4, true, commits:[s1:c4, s0:c4, s2:c0], cId:648, entries: [(t:2, i:1), STATEMACHINELOGENTRY, 0@client-2EFB324ADA71, (t:2, i:2), METADATAENTRY(c:1), (t:2, i:3), STATEMACHINELOGENTRY, 999@client-AE8279CAF820, (t:2, i:4), METADATAENTRY(c:3)]
2022-11-08 19:12:08,311 [s2-server-thread2] INFO  server.RaftServer$Division (RaftServerImpl.java:checkInconsistentAppendEntries(1602)) - s2@group-EA982605F2E5: Failed appendEntries as previous log entry ((t:2, i:0)) is not found
2022-11-08 19:12:08,311 [s2-server-thread2] INFO  server.RaftServer$Division (RaftServerImpl.java:checkInconsistentAppendEntries(1572)) - s2@group-EA982605F2E5: inconsistency entries. Reply:s1<-s2#648:FAIL-t2,INCONSISTENCY,nextIndex=0,followerCommit=0,matchIndex=-1
2022-11-08 19:12:08,312 [grpc-default-executor-3] INFO  leader.FollowerInfo (FollowerInfoImpl.java:lambda$new$0(48)) - s1@group-EA982605F2E5->s2: nextIndex: updateUnconditionally 5 -> 0
2022-11-08 19:12:08,312 [s2-server-thread2] DEBUG server.RaftServer$Division (RaftServerImpl.java:logAppendEntries(1421)) - s2@group-EA982605F2E5: receive appendEntries(s1, 2, null, 4, true, commits:[s1:c4, s0:c4, s2:c0], cId:649, entries: [(t:2, i:0), CONFIGURATIONENTRY(current:id: "s0"
address: "localhost:34297"
dataStreamAddress: "localhost:43983"
clientAddress: "localhost:39609"
adminAddress: "localhost:37077"
startupRole: FOLLOWER
,id: "s1"
address: "localhost:38917"
dataStreamAddress: "localhost:45719"
clientAddress: "localhost:36975"
adminAddress: "localhost:40635"
startupRole: FOLLOWER
,id: "s2"
address: "localhost:35511"
dataStreamAddress: "localhost:38827"
clientAddress: "localhost:42865"
adminAddress: "localhost:36791"
startupRole: FOLLOWER
, old:), (t:2, i:1), STATEMACHINELOGENTRY, 0@client-2EFB324ADA71, (t:2, i:2), METADATAENTRY(c:1), (t:2, i:3), STATEMACHINELOGENTRY, 999@client-AE8279CAF820, (t:2, i:4), METADATAENTRY(c:3)]
2022-11-08 19:12:08,313 [s2-server-thread2] INFO  server.RaftServer$Division (RaftServerImpl.java:checkInconsistentAppendEntries(1592)) - s2@group-EA982605F2E5: Failed appendEntries as the first entry (index 0) already exists (snapshotIndex: -1, commitIndex: 0)
2022-11-08 19:12:08,313 [s2-server-thread2] INFO  server.RaftServer$Division (RaftServerImpl.java:checkInconsistentAppendEntries(1572)) - s2@group-EA982605F2E5: inconsistency entries. Reply:s1<-s2#649:FAIL-t2,INCONSISTENCY,nextIndex=1,followerCommit=0,matchIndex=-1
2022-11-08 19:12:08,313 [grpc-default-executor-3] INFO  leader.FollowerInfo (FollowerInfoImpl.java:lambda$new$0(48)) - s1@group-EA982605F2E5->s2: nextIndex: updateUnconditionally 5 -> 1
2022-11-08 19:12:08,314 [s2-server-thread2] DEBUG server.RaftServer$Division (RaftServerImpl.java:logAppendEntries(1421)) - s2@group-EA982605F2E5: receive appendEntries(s1, 2, (t:2, i:0), 4, true, commits:[s1:c4, s0:c4, s2:c0], cId:650, entries: [(t:2, i:1), STATEMACHINELOGENTRY, 0@client-2EFB324ADA71, (t:2, i:2), METADATAENTRY(c:1), (t:2, i:3), STATEMACHINELOGENTRY, 999@client-AE8279CAF820, (t:2, i:4), METADATAENTRY(c:3)]
2022-11-08 19:12:08,314 [s2-server-thread2] INFO  server.RaftServer$Division (RaftServerImpl.java:checkInconsistentAppendEntries(1602)) - s2@group-EA982605F2E5: Failed appendEntries as previous log entry ((t:2, i:0)) is not found
2022-11-08 19:12:08,314 [s2-server-thread2] INFO  server.RaftServer$Division (RaftServerImpl.java:checkInconsistentAppendEntries(1572)) - s2@group-EA982605F2E5: inconsistency entries. Reply:s1<-s2#650:FAIL-t2,INCONSISTENCY,nextIndex=0,followerCommit=0,matchIndex=-1
2022-11-08 19:12:08,315 [grpc-default-executor-3] INFO  leader.FollowerInfo (FollowerInfoImpl.java:lambda$new$0(48)) - s1@group-EA982605F2E5->s2: nextIndex: updateUnconditionally 5 -> 0
2022-11-08 19:12:08,316 [s2-server-thread2] DEBUG server.RaftServer$Division (RaftServerImpl.java:logAppendEntries(1421)) - s2@group-EA982605F2E5: receive appendEntries(s1, 2, null, 4, true, commits:[s1:c4, s0:c4, s2:c0], cId:651, entries: [(t:2, i:0), CONFIGURATIONENTRY(current:id: "s0"
address: "localhost:34297"
dataStreamAddress: "localhost:43983"
clientAddress: "localhost:39609"
adminAddress: "localhost:37077"
startupRole: FOLLOWER
,id: "s1"
address: "localhost:38917"
dataStreamAddress: "localhost:45719"
clientAddress: "localhost:36975"
adminAddress: "localhost:40635"
startupRole: FOLLOWER
,id: "s2"
address: "localhost:35511"
dataStreamAddress: "localhost:38827"
clientAddress: "localhost:42865"
adminAddress: "localhost:36791"
startupRole: FOLLOWER
, old:), (t:2, i:1), STATEMACHINELOGENTRY, 0@client-2EFB324ADA71, (t:2, i:2), METADATAENTRY(c:1), (t:2, i:3), STATEMACHINELOGENTRY, 999@client-AE8279CAF820, (t:2, i:4), METADATAENTRY(c:3)]
2022-11-08 19:12:08,316 [s2-server-thread2] INFO  server.RaftServer$Division (RaftServerImpl.java:checkInconsistentAppendEntries(1592)) - s2@group-EA982605F2E5: Failed appendEntries as the first entry (index 0) already exists (snapshotIndex: -1, commitIndex: 0)
2022-11-08 19:12:08,316 [s2-server-thread2] INFO  server.RaftServer$Division (RaftServerImpl.java:checkInconsistentAppendEntries(1572)) - s2@group-EA982605F2E5: inconsistency entries. Reply:s1<-s2#651:FAIL-t2,INCONSISTENCY,nextIndex=1,followerCommit=0,matchIndex=-1
2022-11-08 19:12:08,316 [grpc-default-executor-3] INFO  leader.FollowerInfo (FollowerInfoImpl.java:lambda$new$0(48)) - s1@group-EA982605F2E5->s2: nextIndex: updateUnconditionally 5 -> 1
2022-11-08 19:12:08,317 [s2-server-thread2] DEBUG server.RaftServer$Division (RaftServerImpl.java:logAppendEntries(1421)) - s2@group-EA982605F2E5: receive appendEntries(s1, 2, (t:2, i:0), 4, true, commits:[s1:c4, s0:c4, s2:c0], cId:652, entries: [(t:2, i:1), STATEMACHINELOGENTRY, 0@client-2EFB324ADA71, (t:2, i:2), METADATAENTRY(c:1), (t:2, i:3), STATEMACHINELOGENTRY, 999@client-AE8279CAF820, (t:2, i:4), METADATAENTRY(c:3)]
2022-11-08 19:12:08,317 [s2-server-thread2] INFO  server.RaftServer$Division (RaftServerImpl.java:checkInconsistentAppendEntries(1602)) - s2@group-EA982605F2E5: Failed appendEntries as previous log entry ((t:2, i:0)) is not found
2022-11-08 19:12:08,318 [s2-server-thread2] INFO  server.RaftServer$Division (RaftServerImpl.java:checkInconsistentAppendEntries(1572)) - s2@group-EA982605F2E5: inconsistency entries. Reply:s1<-s2#652:FAIL-t2,INCONSISTENCY,nextIndex=0,followerCommit=0,matchIndex=-1
2022-11-08 19:12:08,318 [grpc-default-executor-3] INFO  leader.FollowerInfo (FollowerInfoImpl.java:lambda$new$0(48)) - s1@group-EA982605F2E5->s2: nextIndex: updateUnconditionally 5 -> 0
2022-11-08 19:12:08,319 [s2-server-thread2] DEBUG server.RaftServer$Division (RaftServerImpl.java:logAppendEntries(1421)) - s2@group-EA982605F2E5: receive appendEntries(s1, 2, null, 4, true, commits:[s1:c4, s0:c4, s2:c0], cId:653, entries: [(t:2, i:0), CONFIGURATIONENTRY(current:id: "s0"
address: "localhost:34297"
dataStreamAddress: "localhost:43983"
clientAddress: "localhost:39609"
adminAddress: "localhost:37077"
startupRole: FOLLOWER
,id: "s1"
address: "localhost:38917"
dataStreamAddress: "localhost:45719"
clientAddress: "localhost:36975"
adminAddress: "localhost:40635"
startupRole: FOLLOWER
,id: "s2"
address: "localhost:35511"
dataStreamAddress: "localhost:38827"
clientAddress: "localhost:42865"
adminAddress: "localhost:36791"
startupRole: FOLLOWER
, old:), (t:2, i:1), STATEMACHINELOGENTRY, 0@client-2EFB324ADA71, (t:2, i:2), METADATAENTRY(c:1), (t:2, i:3), STATEMACHINELOGENTRY, 999@client-AE8279CAF820, (t:2, i:4), METADATAENTRY(c:3)]
2022-11-08 19:12:08,319 [s2-server-thread2] INFO  server.RaftServer$Division (RaftServerImpl.java:checkInconsistentAppendEntries(1592)) - s2@group-EA982605F2E5: Failed appendEntries as the first entry (index 0) already exists (snapshotIndex: -1, commitIndex: 0)
2022-11-08 19:12:08,319 [s2-server-thread2] INFO  server.RaftServer$Division (RaftServerImpl.java:checkInconsistentAppendEntries(1572)) - s2@group-EA982605F2E5: inconsistency entries. Reply:s1<-s2#653:FAIL-t2,INCONSISTENCY,nextIndex=1,followerCommit=0,matchIndex=-1
2022-11-08 19:12:08,320 [grpc-default-executor-3] INFO  leader.FollowerInfo (FollowerInfoImpl.java:lambda$new$0(48)) - s1@group-EA982605F2E5->s2: nextIndex: updateUnconditionally 5 -> 1
2022-11-08 19:12:08,321 [s2-server-thread2] DEBUG server.RaftServer$Division (RaftServerImpl.java:logAppendEntries(1421)) - s2@group-EA982605F2E5: receive appendEntries(s1, 2, (t:2, i:0), 4, true, commits:[s1:c4, s0:c4, s2:c0], cId:654, entries: [(t:2, i:1), STATEMACHINELOGENTRY, 0@client-2EFB324ADA71, (t:2, i:2), METADATAENTRY(c:1), (t:2, i:3), STATEMACHINELOGENTRY, 999@client-AE8279CAF820, (t:2, i:4), METADATAENTRY(c:3)]
2022-11-08 19:12:08,321 [s2-server-thread2] INFO  server.RaftServer$Division (RaftServerImpl.java:checkInconsistentAppendEntries(1602)) - s2@group-EA982605F2E5: Failed appendEntries as previous log entry ((t:2, i:0)) is not found
2022-11-08 19:12:08,321 [s2-server-thread2] INFO  server.RaftServer$Division (RaftServerImpl.java:checkInconsistentAppendEntries(1572)) - s2@group-EA982605F2E5: inconsistency entries. Reply:s1<-s2#654:FAIL-t2,INCONSISTENCY,nextIndex=0,followerCommit=0,matchIndex=-1
2022-11-08 19:12:08,322 [grpc-default-executor-3] INFO  leader.FollowerInfo (FollowerInfoImpl.java:lambda$new$0(48)) - s1@group-EA982605F2E5->s2: nextIndex: updateUnconditionally 5 -> 0
2022-11-08 19:12:08,322 [s2-server-thread2] DEBUG server.RaftServer$Division (RaftServerImpl.java:logAppendEntries(1421)) - s2@group-EA982605F2E5: receive appendEntries(s1, 2, null, 4, true, commits:[s1:c4, s0:c4, s2:c0], cId:655, entries: [(t:2, i:0), CONFIGURATIONENTRY(current:id: "s0"
address: "localhost:34297"
dataStreamAddress: "localhost:43983"
clientAddress: "localhost:39609"
adminAddress: "localhost:37077"
startupRole: FOLLOWER
,id: "s1"
address: "localhost:38917"
dataStreamAddress: "localhost:45719"
clientAddress: "localhost:36975"
adminAddress: "localhost:40635"
startupRole: FOLLOWER
,id: "s2"
address: "localhost:35511"
dataStreamAddress: "localhost:38827"
clientAddress: "localhost:42865"
adminAddress: "localhost:36791"
startupRole: FOLLOWER
, old:), (t:2, i:1), STATEMACHINELOGENTRY, 0@client-2EFB324ADA71, (t:2, i:2), METADATAENTRY(c:1), (t:2, i:3), STATEMACHINELOGENTRY, 999@client-AE8279CAF820, (t:2, i:4), METADATAENTRY(c:3)]
2022-11-08 19:12:08,323 [s2-server-thread2] INFO  server.RaftServer$Division (RaftServerImpl.java:checkInconsistentAppendEntries(1592)) - s2@group-EA982605F2E5: Failed appendEntries as the first entry (index 0) already exists (snapshotIndex: -1, commitIndex: 0)
2022-11-08 19:12:08,326 [s2-server-thread2] INFO  server.RaftServer$Division (RaftServerImpl.java:checkInconsistentAppendEntries(1572)) - s2@group-EA982605F2E5: inconsistency entries. Reply:s1<-s2#655:FAIL-t2,INCONSISTENCY,nextIndex=1,followerCommit=0,matchIndex=-1
2022-11-08 19:12:08,326 [grpc-default-executor-3] INFO  leader.FollowerInfo (FollowerInfoImpl.java:lambda$new$0(48)) - s1@group-EA982605F2E5->s2: nextIndex: updateUnconditionally 5 -> 1
2022-11-08 19:12:08,327 [s2-server-thread2] DEBUG server.RaftServer$Division (RaftServerImpl.java:logAppendEntries(1421)) - s2@group-EA982605F2E5: receive appendEntries(s1, 2, (t:2, i:0), 4, true, commits:[s1:c4, s0:c4, s2:c0], cId:656, entries: [(t:2, i:1), STATEMACHINELOGENTRY, 0@client-2EFB324ADA71, (t:2, i:2), METADATAENTRY(c:1), (t:2, i:3), STATEMACHINELOGENTRY, 999@client-AE8279CAF820, (t:2, i:4), METADATAENTRY(c:3)]
2022-11-08 19:12:08,327 [s2-server-thread2] INFO  server.RaftServer$Division (RaftServerImpl.java:checkInconsistentAppendEntries(1602)) - s2@group-EA982605F2E5: Failed appendEntries as previous log entry ((t:2, i:0)) is not found
2022-11-08 19:12:08,327 [s2-server-thread2] INFO  server.RaftServer$Division (RaftServerImpl.java:checkInconsistentAppendEntries(1572)) - s2@group-EA982605F2E5: inconsistency entries. Reply:s1<-s2#656:FAIL-t2,INCONSISTENCY,nextIndex=0,followerCommit=0,matchIndex=-1
2022-11-08 19:12:08,328 [grpc-default-executor-3] INFO  leader.FollowerInfo (FollowerInfoImpl.java:lambda$new$0(48)) - s1@group-EA982605F2E5->s2: nextIndex: updateUnconditionally 5 -> 0
2022-11-08 19:12:08,329 [s2-server-thread2] DEBUG server.RaftServer$Division (RaftServerImpl.java:logAppendEntries(1421)) - s2@group-EA982605F2E5: receive appendEntries(s1, 2, null, 4, true, commits:[s1:c4, s0:c4, s2:c0], cId:657, entries: [(t:2, i:0), CONFIGURATIONENTRY(current:id: "s0"
address: "localhost:34297"
dataStreamAddress: "localhost:43983"
clientAddress: "localhost:39609"
adminAddress: "localhost:37077"
startupRole: FOLLOWER
,id: "s1"
address: "localhost:38917"
dataStreamAddress: "localhost:45719"
clientAddress: "localhost:36975"
adminAddress: "localhost:40635"
startupRole: FOLLOWER
,id: "s2"
address: "localhost:35511"
dataStreamAddress: "localhost:38827"
clientAddress: "localhost:42865"
adminAddress: "localhost:36791"
startupRole: FOLLOWER
, old:), (t:2, i:1), STATEMACHINELOGENTRY, 0@client-2EFB324ADA71, (t:2, i:2), METADATAENTRY(c:1), (t:2, i:3), STATEMACHINELOGENTRY, 999@client-AE8279CAF820, (t:2, i:4), METADATAENTRY(c:3)]
2022-11-08 19:12:08,329 [s2-server-thread2] INFO  server.RaftServer$Division (RaftServerImpl.java:checkInconsistentAppendEntries(1592)) - s2@group-EA982605F2E5: Failed appendEntries as the first entry (index 0) already exists (snapshotIndex: -1, commitIndex: 0)
2022-11-08 19:12:08,329 [s2-server-thread2] INFO  server.RaftServer$Division (RaftServerImpl.java:checkInconsistentAppendEntries(1572)) - s2@group-EA982605F2E5: inconsistency entries. Reply:s1<-s2#657:FAIL-t2,INCONSISTENCY,nextIndex=1,followerCommit=0,matchIndex=-1
2022-11-08 19:12:08,329 [grpc-default-executor-3] INFO  leader.FollowerInfo (FollowerInfoImpl.java:lambda$new$0(48)) - s1@group-EA982605F2E5->s2: nextIndex: updateUnconditionally 5 -> 1
2022-11-08 19:12:08,330 [s2-server-thread2] DEBUG server.RaftServer$Division (RaftServerImpl.java:logAppendEntries(1421)) - s2@group-EA982605F2E5: receive appendEntries(s1, 2, (t:2, i:0), 4, true, commits:[s1:c4, s0:c4, s2:c0], cId:658, entries: [(t:2, i:1), STATEMACHINELOGENTRY, 0@client-2EFB324ADA71, (t:2, i:2), METADATAENTRY(c:1), (t:2, i:3), STATEMACHINELOGENTRY, 999@client-AE8279CAF820, (t:2, i:4), METADATAENTRY(c:3)]
2022-11-08 19:12:08,331 [s2-server-thread2] INFO  server.RaftServer$Division (RaftServerImpl.java:checkInconsistentAppendEntries(1602)) - s2@group-EA982605F2E5: Failed appendEntries as previous log entry ((t:2, i:0)) is not found
2022-11-08 19:12:08,331 [s2-server-thread2] INFO  server.RaftServer$Division (RaftServerImpl.java:checkInconsistentAppendEntries(1572)) - s2@group-EA982605F2E5: inconsistency entries. Reply:s1<-s2#658:FAIL-t2,INCONSISTENCY,nextIndex=0,followerCommit=0,matchIndex=-1
2022-11-08 19:12:08,331 [grpc-default-executor-3] INFO  leader.FollowerInfo (FollowerInfoImpl.java:lambda$new$0(48)) - s1@group-EA982605F2E5->s2: nextIndex: updateUnconditionally 5 -> 0
2022-11-08 19:12:08,332 [s2-server-thread2] DEBUG server.RaftServer$Division (RaftServerImpl.java:logAppendEntries(1421)) - s2@group-EA982605F2E5: receive appendEntries(s1, 2, null, 4, true, commits:[s1:c4, s0:c4, s2:c0], cId:659, entries: [(t:2, i:0), CONFIGURATIONENTRY(current:id: "s0"
address: "localhost:34297"
dataStreamAddress: "localhost:43983"
clientAddress: "localhost:39609"
adminAddress: "localhost:37077"
startupRole: FOLLOWER
,id: "s1"
address: "localhost:38917"
dataStreamAddress: "localhost:45719"
clientAddress: "localhost:36975"
adminAddress: "localhost:40635"
startupRole: FOLLOWER
,id: "s2"
address: "localhost:35511"
dataStreamAddress: "localhost:38827"
clientAddress: "localhost:42865"
adminAddress: "localhost:36791"
startupRole: FOLLOWER
, old:), (t:2, i:1), STATEMACHINELOGENTRY, 0@client-2EFB324ADA71, (t:2, i:2), METADATAENTRY(c:1), (t:2, i:3), STATEMACHINELOGENTRY, 999@client-AE8279CAF820, (t:2, i:4), METADATAENTRY(c:3)]
2022-11-08 19:12:08,332 [s2-server-thread2] INFO  server.RaftServer$Division (RaftServerImpl.java:checkInconsistentAppendEntries(1592)) - s2@group-EA982605F2E5: Failed appendEntries as the first entry (index 0) already exists (snapshotIndex: -1, commitIndex: 0)
2022-11-08 19:12:08,332 [s2-server-thread2] INFO  server.RaftServer$Division (RaftServerImpl.java:checkInconsistentAppendEntries(1572)) - s2@group-EA982605F2E5: inconsistency entries. Reply:s1<-s2#659:FAIL-t2,INCONSISTENCY,nextIndex=1,followerCommit=0,matchIndex=-1
2022-11-08 19:12:08,333 [grpc-default-executor-3] INFO  leader.FollowerInfo (FollowerInfoImpl.java:lambda$new$0(48)) - s1@group-EA982605F2E5->s2: nextIndex: updateUnconditionally 5 -> 1
2022-11-08 19:12:08,333 [s2-server-thread2] DEBUG server.RaftServer$Division (RaftServerImpl.java:logAppendEntries(1421)) - s2@group-EA982605F2E5: receive appendEntries(s1, 2, (t:2, i:0), 4, true, commits:[s1:c4, s0:c4, s2:c0], cId:660, entries: [(t:2, i:1), STATEMACHINELOGENTRY, 0@client-2EFB324ADA71, (t:2, i:2), METADATAENTRY(c:1), (t:2, i:3), STATEMACHINELOGENTRY, 999@client-AE8279CAF820, (t:2, i:4), METADATAENTRY(c:3)]
2022-11-08 19:12:08,334 [s2-server-thread2] INFO  server.RaftServer$Division (RaftServerImpl.java:checkInconsistentAppendEntries(1602)) - s2@group-EA982605F2E5: Failed appendEntries as previous log entry ((t:2, i:0)) is not found
2022-11-08 19:12:08,334 [s2-server-thread2] INFO  server.RaftServer$Division (RaftServerImpl.java:checkInconsistentAppendEntries(1572)) - s2@group-EA982605F2E5: inconsistency entries. Reply:s1<-s2#660:FAIL-t2,INCONSISTENCY,nextIndex=0,followerCommit=0,matchIndex=-1
2022-11-08 19:12:08,334 [grpc-default-executor-3] INFO  leader.FollowerInfo (FollowerInfoImpl.java:lambda$new$0(48)) - s1@group-EA982605F2E5->s2: nextIndex: updateUnconditionally 5 -> 0
2022-11-08 19:12:08,335 [s2-server-thread2] DEBUG server.RaftServer$Division (RaftServerImpl.java:logAppendEntries(1421)) - s2@group-EA982605F2E5: receive appendEntries(s1, 2, null, 4, true, commits:[s1:c4, s0:c4, s2:c0], cId:661, entries: [(t:2, i:0), CONFIGURATIONENTRY(current:id: "s0"
address: "localhost:34297"
dataStreamAddress: "localhost:43983"
clientAddress: "localhost:39609"
adminAddress: "localhost:37077"
startupRole: FOLLOWER
,id: "s1"
address: "localhost:38917"
dataStreamAddress: "localhost:45719"
clientAddress: "localhost:36975"
adminAddress: "localhost:40635"
startupRole: FOLLOWER
,id: "s2"
address: "localhost:35511"
dataStreamAddress: "localhost:38827"
clientAddress: "localhost:42865"
adminAddress: "localhost:36791"
startupRole: FOLLOWER
, old:), (t:2, i:1), STATEMACHINELOGENTRY, 0@client-2EFB324ADA71, (t:2, i:2), METADATAENTRY(c:1), (t:2, i:3), STATEMACHINELOGENTRY, 999@client-AE8279CAF820, (t:2, i:4), METADATAENTRY(c:3)]
2022-11-08 19:12:08,335 [s2-server-thread2] INFO  server.RaftServer$Division (RaftServerImpl.java:checkInconsistentAppendEntries(1592)) - s2@group-EA982605F2E5: Failed appendEntries as the first entry (index 0) already exists (snapshotIndex: -1, commitIndex: 0)
2022-11-08 19:12:08,335 [s2-server-thread2] INFO  server.RaftServer$Division (RaftServerImpl.java:checkInconsistentAppendEntries(1572)) - s2@group-EA982605F2E5: inconsistency entries. Reply:s1<-s2#661:FAIL-t2,INCONSISTENCY,nextIndex=1,followerCommit=0,matchIndex=-1
2022-11-08 19:12:08,335 [grpc-default-executor-3] INFO  leader.FollowerInfo (FollowerInfoImpl.java:lambda$new$0(48)) - s1@group-EA982605F2E5->s2: nextIndex: updateUnconditionally 5 -> 1
2022-11-08 19:12:08,336 [s2-server-thread2] DEBUG server.RaftServer$Division (RaftServerImpl.java:logAppendEntries(1421)) - s2@group-EA982605F2E5: receive appendEntries(s1, 2, (t:2, i:0), 4, true, commits:[s1:c4, s0:c4, s2:c0], cId:662, entries: [(t:2, i:1), STATEMACHINELOGENTRY, 0@client-2EFB324ADA71, (t:2, i:2), METADATAENTRY(c:1), (t:2, i:3), STATEMACHINELOGENTRY, 999@client-AE8279CAF820, (t:2, i:4), METADATAENTRY(c:3)]
2022-11-08 19:12:08,336 [s2-server-thread2] INFO  server.RaftServer$Division (RaftServerImpl.java:checkInconsistentAppendEntries(1602)) - s2@group-EA982605F2E5: Failed appendEntries as previous log entry ((t:2, i:0)) is not found
2022-11-08 19:12:08,337 [s2-server-thread2] INFO  server.RaftServer$Division (RaftServerImpl.java:checkInconsistentAppendEntries(1572)) - s2@group-EA982605F2E5: inconsistency entries. Reply:s1<-s2#662:FAIL-t2,INCONSISTENCY,nextIndex=0,followerCommit=0,matchIndex=-1
2022-11-08 19:12:08,337 [grpc-default-executor-3] INFO  leader.FollowerInfo (FollowerInfoImpl.java:lambda$new$0(48)) - s1@group-EA982605F2E5->s2: nextIndex: updateUnconditionally 5 -> 0
2022-11-08 19:12:08,338 [s2-server-thread2] DEBUG server.RaftServer$Division (RaftServerImpl.java:logAppendEntries(1421)) - s2@group-EA982605F2E5: receive appendEntries(s1, 2, null, 4, true, commits:[s1:c4, s0:c4, s2:c0], cId:663, entries: [(t:2, i:0), CONFIGURATIONENTRY(current:id: "s0"
address: "localhost:34297"
dataStreamAddress: "localhost:43983"
clientAddress: "localhost:39609"
adminAddress: "localhost:37077"
startupRole: FOLLOWER
,id: "s1"
address: "localhost:38917"
dataStreamAddress: "localhost:45719"
clientAddress: "localhost:36975"
adminAddress: "localhost:40635"
startupRole: FOLLOWER
,id: "s2"
address: "localhost:35511"
dataStreamAddress: "localhost:38827"
clientAddress: "localhost:42865"
adminAddress: "localhost:36791"
startupRole: FOLLOWER
, old:), (t:2, i:1), STATEMACHINELOGENTRY, 0@client-2EFB324ADA71, (t:2, i:2), METADATAENTRY(c:1), (t:2, i:3), STATEMACHINELOGENTRY, 999@client-AE8279CAF820, (t:2, i:4), METADATAENTRY(c:3)]
2022-11-08 19:12:08,338 [s2-server-thread2] INFO  server.RaftServer$Division (RaftServerImpl.java:checkInconsistentAppendEntries(1592)) - s2@group-EA982605F2E5: Failed appendEntries as the first entry (index 0) already exists (snapshotIndex: -1, commitIndex: 0)
2022-11-08 19:12:08,338 [s2-server-thread2] INFO  server.RaftServer$Division (RaftServerImpl.java:checkInconsistentAppendEntries(1572)) - s2@group-EA982605F2E5: inconsistency entries. Reply:s1<-s2#663:FAIL-t2,INCONSISTENCY,nextIndex=1,followerCommit=0,matchIndex=-1
2022-11-08 19:12:08,339 [grpc-default-executor-3] INFO  leader.FollowerInfo (FollowerInfoImpl.java:lambda$new$0(48)) - s1@group-EA982605F2E5->s2: nextIndex: updateUnconditionally 5 -> 1
2022-11-08 19:12:08,339 [s2-server-thread2] DEBUG server.RaftServer$Division (RaftServerImpl.java:logAppendEntries(1421)) - s2@group-EA982605F2E5: receive appendEntries(s1, 2, (t:2, i:0), 4, true, commits:[s1:c4, s0:c4, s2:c0], cId:664, entries: [(t:2, i:1), STATEMACHINELOGENTRY, 0@client-2EFB324ADA71, (t:2, i:2), METADATAENTRY(c:1), (t:2, i:3), STATEMACHINELOGENTRY, 999@client-AE8279CAF820, (t:2, i:4), METADATAENTRY(c:3)]
2022-11-08 19:12:08,340 [s2-server-thread2] INFO  server.RaftServer$Division (RaftServerImpl.java:checkInconsistentAppendEntries(1602)) - s2@group-EA982605F2E5: Failed appendEntries as previous log entry ((t:2, i:0)) is not found
2022-11-08 19:12:08,340 [s2-server-thread2] INFO  server.RaftServer$Division (RaftServerImpl.java:checkInconsistentAppendEntries(1572)) - s2@group-EA982605F2E5: inconsistency entries. Reply:s1<-s2#664:FAIL-t2,INCONSISTENCY,nextIndex=0,followerCommit=0,matchIndex=-1
2022-11-08 19:12:08,340 [grpc-default-executor-3] INFO  leader.FollowerInfo (FollowerInfoImpl.java:lambda$new$0(48)) - s1@group-EA982605F2E5->s2: nextIndex: updateUnconditionally 5 -> 0
2022-11-08 19:12:08,341 [s2-server-thread2] DEBUG server.RaftServer$Division (RaftServerImpl.java:logAppendEntries(1421)) - s2@group-EA982605F2E5: receive appendEntries(s1, 2, null, 4, true, commits:[s1:c4, s0:c4, s2:c0], cId:665, entries: [(t:2, i:0), CONFIGURATIONENTRY(current:id: "s0"
address: "localhost:34297"
dataStreamAddress: "localhost:43983"
clientAddress: "localhost:39609"
adminAddress: "localhost:37077"
startupRole: FOLLOWER
,id: "s1"
address: "localhost:38917"
dataStreamAddress: "localhost:45719"
clientAddress: "localhost:36975"
adminAddress: "localhost:40635"
startupRole: FOLLOWER
,id: "s2"
address: "localhost:35511"
dataStreamAddress: "localhost:38827"
clientAddress: "localhost:42865"
adminAddress: "localhost:36791"
startupRole: FOLLOWER
, old:), (t:2, i:1), STATEMACHINELOGENTRY, 0@client-2EFB324ADA71, (t:2, i:2), METADATAENTRY(c:1), (t:2, i:3), STATEMACHINELOGENTRY, 999@client-AE8279CAF820, (t:2, i:4), METADATAENTRY(c:3)]
2022-11-08 19:12:08,341 [s2-server-thread2] INFO  server.RaftServer$Division (RaftServerImpl.java:checkInconsistentAppendEntries(1592)) - s2@group-EA982605F2E5: Failed appendEntries as the first entry (index 0) already exists (snapshotIndex: -1, commitIndex: 0)
2022-11-08 19:12:08,341 [s2-server-thread2] INFO  server.RaftServer$Division (RaftServerImpl.java:checkInconsistentAppendEntries(1572)) - s2@group-EA982605F2E5: inconsistency entries. Reply:s1<-s2#665:FAIL-t2,INCONSISTENCY,nextIndex=1,followerCommit=0,matchIndex=-1
2022-11-08 19:12:08,342 [grpc-default-executor-3] INFO  leader.FollowerInfo (FollowerInfoImpl.java:lambda$new$0(48)) - s1@group-EA982605F2E5->s2: nextIndex: updateUnconditionally 5 -> 1
2022-11-08 19:12:08,343 [s2-server-thread2] DEBUG server.RaftServer$Division (RaftServerImpl.java:logAppendEntries(1421)) - s2@group-EA982605F2E5: receive appendEntries(s1, 2, (t:2, i:0), 4, true, commits:[s1:c4, s0:c4, s2:c0], cId:666, entries: [(t:2, i:1), STATEMACHINELOGENTRY, 0@client-2EFB324ADA71, (t:2, i:2), METADATAENTRY(c:1), (t:2, i:3), STATEMACHINELOGENTRY, 999@client-AE8279CAF820, (t:2, i:4), METADATAENTRY(c:3)]
2022-11-08 19:12:08,343 [s2-server-thread2] INFO  server.RaftServer$Division (RaftServerImpl.java:checkInconsistentAppendEntries(1602)) - s2@group-EA982605F2E5: Failed appendEntries as previous log entry ((t:2, i:0)) is not found
2022-11-08 19:12:08,343 [s2-server-thread2] INFO  server.RaftServer$Division (RaftServerImpl.java:checkInconsistentAppendEntries(1572)) - s2@group-EA982605F2E5: inconsistency entries. Reply:s1<-s2#666:FAIL-t2,INCONSISTENCY,nextIndex=0,followerCommit=0,matchIndex=-1
2022-11-08 19:12:08,343 [grpc-default-executor-3] INFO  leader.FollowerInfo (FollowerInfoImpl.java:lambda$new$0(48)) - s1@group-EA982605F2E5->s2: nextIndex: updateUnconditionally 5 -> 0
2022-11-08 19:12:08,344 [s2-server-thread2] DEBUG server.RaftServer$Division (RaftServerImpl.java:logAppendEntries(1421)) - s2@group-EA982605F2E5: receive appendEntries(s1, 2, null, 4, true, commits:[s1:c4, s0:c4, s2:c0], cId:667, entries: [(t:2, i:0), CONFIGURATIONENTRY(current:id: "s0"
address: "localhost:34297"
dataStreamAddress: "localhost:43983"
clientAddress: "localhost:39609"
adminAddress: "localhost:37077"
startupRole: FOLLOWER
,id: "s1"
address: "localhost:38917"
dataStreamAddress: "localhost:45719"
clientAddress: "localhost:36975"
adminAddress: "localhost:40635"
startupRole: FOLLOWER
,id: "s2"
address: "localhost:35511"
dataStreamAddress: "localhost:38827"
clientAddress: "localhost:42865"
adminAddress: "localhost:36791"
startupRole: FOLLOWER
, old:), (t:2, i:1), STATEMACHINELOGENTRY, 0@client-2EFB324ADA71, (t:2, i:2), METADATAENTRY(c:1), (t:2, i:3), STATEMACHINELOGENTRY, 999@client-AE8279CAF820, (t:2, i:4), METADATAENTRY(c:3)]
2022-11-08 19:12:08,344 [s2-server-thread2] INFO  server.RaftServer$Division (RaftServerImpl.java:checkInconsistentAppendEntries(1592)) - s2@group-EA982605F2E5: Failed appendEntries as the first entry (index 0) already exists (snapshotIndex: -1, commitIndex: 0)
2022-11-08 19:12:08,344 [s2-server-thread2] INFO  server.RaftServer$Division (RaftServerImpl.java:checkInconsistentAppendEntries(1572)) - s2@group-EA982605F2E5: inconsistency entries. Reply:s1<-s2#667:FAIL-t2,INCONSISTENCY,nextIndex=1,followerCommit=0,matchIndex=-1
2022-11-08 19:12:08,345 [grpc-default-executor-3] INFO  leader.FollowerInfo (FollowerInfoImpl.java:lambda$new$0(48)) - s1@group-EA982605F2E5->s2: nextIndex: updateUnconditionally 5 -> 1
2022-11-08 19:12:08,346 [s2-server-thread2] DEBUG server.RaftServer$Division (RaftServerImpl.java:logAppendEntries(1421)) - s2@group-EA982605F2E5: receive appendEntries(s1, 2, (t:2, i:0), 4, true, commits:[s1:c4, s0:c4, s2:c0], cId:668, entries: [(t:2, i:1), STATEMACHINELOGENTRY, 0@client-2EFB324ADA71, (t:2, i:2), METADATAENTRY(c:1), (t:2, i:3), STATEMACHINELOGENTRY, 999@client-AE8279CAF820, (t:2, i:4), METADATAENTRY(c:3)]
2022-11-08 19:12:08,346 [s2-server-thread2] INFO  server.RaftServer$Division (RaftServerImpl.java:checkInconsistentAppendEntries(1602)) - s2@group-EA982605F2E5: Failed appendEntries as previous log entry ((t:2, i:0)) is not found
2022-11-08 19:12:08,346 [s2-server-thread2] INFO  server.RaftServer$Division (RaftServerImpl.java:checkInconsistentAppendEntries(1572)) - s2@group-EA982605F2E5: inconsistency entries. Reply:s1<-s2#668:FAIL-t2,INCONSISTENCY,nextIndex=0,followerCommit=0,matchIndex=-1
2022-11-08 19:12:08,346 [grpc-default-executor-3] INFO  leader.FollowerInfo (FollowerInfoImpl.java:lambda$new$0(48)) - s1@group-EA982605F2E5->s2: nextIndex: updateUnconditionally 5 -> 0
2022-11-08 19:12:08,347 [s2-server-thread2] DEBUG server.RaftServer$Division (RaftServerImpl.java:logAppendEntries(1421)) - s2@group-EA982605F2E5: receive appendEntries(s1, 2, null, 4, true, commits:[s1:c4, s0:c4, s2:c0], cId:669, entries: [(t:2, i:0), CONFIGURATIONENTRY(current:id: "s0"
address: "localhost:34297"
dataStreamAddress: "localhost:43983"
clientAddress: "localhost:39609"
adminAddress: "localhost:37077"
startupRole: FOLLOWER
,id: "s1"
address: "localhost:38917"
dataStreamAddress: "localhost:45719"
clientAddress: "localhost:36975"
adminAddress: "localhost:40635"
startupRole: FOLLOWER
,id: "s2"
address: "localhost:35511"
dataStreamAddress: "localhost:38827"
clientAddress: "localhost:42865"
adminAddress: "localhost:36791"
startupRole: FOLLOWER
, old:), (t:2, i:1), STATEMACHINELOGENTRY, 0@client-2EFB324ADA71, (t:2, i:2), METADATAENTRY(c:1), (t:2, i:3), STATEMACHINELOGENTRY, 999@client-AE8279CAF820, (t:2, i:4), METADATAENTRY(c:3)]
2022-11-08 19:12:08,347 [s2-server-thread2] INFO  server.RaftServer$Division (RaftServerImpl.java:checkInconsistentAppendEntries(1592)) - s2@group-EA982605F2E5: Failed appendEntries as the first entry (index 0) already exists (snapshotIndex: -1, commitIndex: 0)
2022-11-08 19:12:08,347 [s2-server-thread2] INFO  server.RaftServer$Division (RaftServerImpl.java:checkInconsistentAppendEntries(1572)) - s2@group-EA982605F2E5: inconsistency entries. Reply:s1<-s2#669:FAIL-t2,INCONSISTENCY,nextIndex=1,followerCommit=0,matchIndex=-1
2022-11-08 19:12:08,348 [grpc-default-executor-3] INFO  leader.FollowerInfo (FollowerInfoImpl.java:lambda$new$0(48)) - s1@group-EA982605F2E5->s2: nextIndex: updateUnconditionally 5 -> 1
2022-11-08 19:12:08,350 [s2-server-thread2] DEBUG server.RaftServer$Division (RaftServerImpl.java:logAppendEntries(1421)) - s2@group-EA982605F2E5: receive appendEntries(s1, 2, (t:2, i:0), 4, true, commits:[s1:c4, s0:c4, s2:c0], cId:670, entries: [(t:2, i:1), STATEMACHINELOGENTRY, 0@client-2EFB324ADA71, (t:2, i:2), METADATAENTRY(c:1), (t:2, i:3), STATEMACHINELOGENTRY, 999@client-AE8279CAF820, (t:2, i:4), METADATAENTRY(c:3)]
2022-11-08 19:12:08,350 [s2-server-thread2] INFO  server.RaftServer$Division (RaftServerImpl.java:checkInconsistentAppendEntries(1602)) - s2@group-EA982605F2E5: Failed appendEntries as previous log entry ((t:2, i:0)) is not found
2022-11-08 19:12:08,350 [s2-server-thread2] INFO  server.RaftServer$Division (RaftServerImpl.java:checkInconsistentAppendEntries(1572)) - s2@group-EA982605F2E5: inconsistency entries. Reply:s1<-s2#670:FAIL-t2,INCONSISTENCY,nextIndex=0,followerCommit=0,matchIndex=-1
2022-11-08 19:12:08,351 [grpc-default-executor-3] INFO  leader.FollowerInfo (FollowerInfoImpl.java:lambda$new$0(48)) - s1@group-EA982605F2E5->s2: nextIndex: updateUnconditionally 5 -> 0
2022-11-08 19:12:08,352 [s2-server-thread2] DEBUG server.RaftServer$Division (RaftServerImpl.java:logAppendEntries(1421)) - s2@group-EA982605F2E5: receive appendEntries(s1, 2, null, 4, true, commits:[s1:c4, s0:c4, s2:c0], cId:671, entries: [(t:2, i:0), CONFIGURATIONENTRY(current:id: "s0"
address: "localhost:34297"
dataStreamAddress: "localhost:43983"
clientAddress: "localhost:39609"
adminAddress: "localhost:37077"
startupRole: FOLLOWER
,id: "s1"
address: "localhost:38917"
dataStreamAddress: "localhost:45719"
clientAddress: "localhost:36975"
adminAddress: "localhost:40635"
startupRole: FOLLOWER
,id: "s2"
address: "localhost:35511"
dataStreamAddress: "localhost:38827"
clientAddress: "localhost:42865"
adminAddress: "localhost:36791"
startupRole: FOLLOWER
, old:), (t:2, i:1), STATEMACHINELOGENTRY, 0@client-2EFB324ADA71, (t:2, i:2), METADATAENTRY(c:1), (t:2, i:3), STATEMACHINELOGENTRY, 999@client-AE8279CAF820, (t:2, i:4), METADATAENTRY(c:3)]
2022-11-08 19:12:08,352 [s2-server-thread2] INFO  server.RaftServer$Division (RaftServerImpl.java:checkInconsistentAppendEntries(1592)) - s2@group-EA982605F2E5: Failed appendEntries as the first entry (index 0) already exists (snapshotIndex: -1, commitIndex: 0)
2022-11-08 19:12:08,352 [s2-server-thread2] INFO  server.RaftServer$Division (RaftServerImpl.java:checkInconsistentAppendEntries(1572)) - s2@group-EA982605F2E5: inconsistency entries. Reply:s1<-s2#671:FAIL-t2,INCONSISTENCY,nextIndex=1,followerCommit=0,matchIndex=-1
2022-11-08 19:12:08,352 [grpc-default-executor-3] INFO  leader.FollowerInfo (FollowerInfoImpl.java:lambda$new$0(48)) - s1@group-EA982605F2E5->s2: nextIndex: updateUnconditionally 5 -> 1
2022-11-08 19:12:08,353 [s2-server-thread2] DEBUG server.RaftServer$Division (RaftServerImpl.java:logAppendEntries(1421)) - s2@group-EA982605F2E5: receive appendEntries(s1, 2, (t:2, i:0), 4, true, commits:[s1:c4, s0:c4, s2:c0], cId:672, entries: [(t:2, i:1), STATEMACHINELOGENTRY, 0@client-2EFB324ADA71, (t:2, i:2), METADATAENTRY(c:1), (t:2, i:3), STATEMACHINELOGENTRY, 999@client-AE8279CAF820, (t:2, i:4), METADATAENTRY(c:3)]
2022-11-08 19:12:08,353 [s2-server-thread2] INFO  server.RaftServer$Division (RaftServerImpl.java:checkInconsistentAppendEntries(1602)) - s2@group-EA982605F2E5: Failed appendEntries as previous log entry ((t:2, i:0)) is not found
2022-11-08 19:12:08,353 [s2-server-thread2] INFO  server.RaftServer$Division (RaftServerImpl.java:checkInconsistentAppendEntries(1572)) - s2@group-EA982605F2E5: inconsistency entries. Reply:s1<-s2#672:FAIL-t2,INCONSISTENCY,nextIndex=0,followerCommit=0,matchIndex=-1
2022-11-08 19:12:08,354 [grpc-default-executor-3] INFO  leader.FollowerInfo (FollowerInfoImpl.java:lambda$new$0(48)) - s1@group-EA982605F2E5->s2: nextIndex: updateUnconditionally 5 -> 0
2022-11-08 19:12:08,355 [s2-server-thread2] DEBUG server.RaftServer$Division (RaftServerImpl.java:logAppendEntries(1421)) - s2@group-EA982605F2E5: receive appendEntries(s1, 2, null, 4, true, commits:[s1:c4, s0:c4, s2:c0], cId:673, entries: [(t:2, i:0), CONFIGURATIONENTRY(current:id: "s0"
address: "localhost:34297"
dataStreamAddress: "localhost:43983"
clientAddress: "localhost:39609"
adminAddress: "localhost:37077"
startupRole: FOLLOWER
,id: "s1"
address: "localhost:38917"
dataStreamAddress: "localhost:45719"
clientAddress: "localhost:36975"
adminAddress: "localhost:40635"
startupRole: FOLLOWER
,id: "s2"
address: "localhost:35511"
dataStreamAddress: "localhost:38827"
clientAddress: "localhost:42865"
adminAddress: "localhost:36791"
startupRole: FOLLOWER
, old:), (t:2, i:1), STATEMACHINELOGENTRY, 0@client-2EFB324ADA71, (t:2, i:2), METADATAENTRY(c:1), (t:2, i:3), STATEMACHINELOGENTRY, 999@client-AE8279CAF820, (t:2, i:4), METADATAENTRY(c:3)]
2022-11-08 19:12:08,356 [s2-server-thread2] INFO  server.RaftServer$Division (RaftServerImpl.java:checkInconsistentAppendEntries(1592)) - s2@group-EA982605F2E5: Failed appendEntries as the first entry (index 0) already exists (snapshotIndex: -1, commitIndex: 0)
2022-11-08 19:12:08,356 [s2-server-thread2] INFO  server.RaftServer$Division (RaftServerImpl.java:checkInconsistentAppendEntries(1572)) - s2@group-EA982605F2E5: inconsistency entries. Reply:s1<-s2#673:FAIL-t2,INCONSISTENCY,nextIndex=1,followerCommit=0,matchIndex=-1
2022-11-08 19:12:08,356 [grpc-default-executor-0] INFO  leader.FollowerInfo (FollowerInfoImpl.java:lambda$new$0(48)) - s1@group-EA982605F2E5->s2: nextIndex: updateUnconditionally 5 -> 1
2022-11-08 19:12:08,357 [s2-server-thread2] DEBUG server.RaftServer$Division (RaftServerImpl.java:logAppendEntries(1421)) - s2@group-EA982605F2E5: receive appendEntries(s1, 2, (t:2, i:0), 4, true, commits:[s1:c4, s0:c4, s2:c0], cId:674, entries: [(t:2, i:1), STATEMACHINELOGENTRY, 0@client-2EFB324ADA71, (t:2, i:2), METADATAENTRY(c:1), (t:2, i:3), STATEMACHINELOGENTRY, 999@client-AE8279CAF820, (t:2, i:4), METADATAENTRY(c:3)]
2022-11-08 19:12:08,357 [s2-server-thread2] INFO  server.RaftServer$Division (RaftServerImpl.java:checkInconsistentAppendEntries(1602)) - s2@group-EA982605F2E5: Failed appendEntries as previous log entry ((t:2, i:0)) is not found
2022-11-08 19:12:08,357 [s2-server-thread2] INFO  server.RaftServer$Division (RaftServerImpl.java:checkInconsistentAppendEntries(1572)) - s2@group-EA982605F2E5: inconsistency entries. Reply:s1<-s2#674:FAIL-t2,INCONSISTENCY,nextIndex=0,followerCommit=0,matchIndex=-1
2022-11-08 19:12:08,358 [grpc-default-executor-3] INFO  leader.FollowerInfo (FollowerInfoImpl.java:lambda$new$0(48)) - s1@group-EA982605F2E5->s2: nextIndex: updateUnconditionally 5 -> 0
2022-11-08 19:12:08,359 [s2-server-thread2] DEBUG server.RaftServer$Division (RaftServerImpl.java:logAppendEntries(1421)) - s2@group-EA982605F2E5: receive appendEntries(s1, 2, null, 4, true, commits:[s1:c4, s0:c4, s2:c0], cId:675, entries: [(t:2, i:0), CONFIGURATIONENTRY(current:id: "s0"
address: "localhost:34297"
dataStreamAddress: "localhost:43983"
clientAddress: "localhost:39609"
adminAddress: "localhost:37077"
startupRole: FOLLOWER
,id: "s1"
address: "localhost:38917"
dataStreamAddress: "localhost:45719"
clientAddress: "localhost:36975"
adminAddress: "localhost:40635"
startupRole: FOLLOWER
,id: "s2"
address: "localhost:35511"
dataStreamAddress: "localhost:38827"
clientAddress: "localhost:42865"
adminAddress: "localhost:36791"
startupRole: FOLLOWER
, old:), (t:2, i:1), STATEMACHINELOGENTRY, 0@client-2EFB324ADA71, (t:2, i:2), METADATAENTRY(c:1), (t:2, i:3), STATEMACHINELOGENTRY, 999@client-AE8279CAF820, (t:2, i:4), METADATAENTRY(c:3)]
2022-11-08 19:12:08,359 [s2-server-thread2] INFO  server.RaftServer$Division (RaftServerImpl.java:checkInconsistentAppendEntries(1592)) - s2@group-EA982605F2E5: Failed appendEntries as the first entry (index 0) already exists (snapshotIndex: -1, commitIndex: 0)
2022-11-08 19:12:08,359 [s2-server-thread2] INFO  server.RaftServer$Division (RaftServerImpl.java:checkInconsistentAppendEntries(1572)) - s2@group-EA982605F2E5: inconsistency entries. Reply:s1<-s2#675:FAIL-t2,INCONSISTENCY,nextIndex=1,followerCommit=0,matchIndex=-1
2022-11-08 19:12:08,360 [grpc-default-executor-3] INFO  leader.FollowerInfo (FollowerInfoImpl.java:lambda$new$0(48)) - s1@group-EA982605F2E5->s2: nextIndex: updateUnconditionally 5 -> 1
2022-11-08 19:12:08,360 [s2-server-thread2] DEBUG server.RaftServer$Division (RaftServerImpl.java:logAppendEntries(1421)) - s2@group-EA982605F2E5: receive appendEntries(s1, 2, (t:2, i:0), 4, true, commits:[s1:c4, s0:c4, s2:c0], cId:676, entries: [(t:2, i:1), STATEMACHINELOGENTRY, 0@client-2EFB324ADA71, (t:2, i:2), METADATAENTRY(c:1), (t:2, i:3), STATEMACHINELOGENTRY, 999@client-AE8279CAF820, (t:2, i:4), METADATAENTRY(c:3)]
2022-11-08 19:12:08,361 [s2-server-thread2] INFO  server.RaftServer$Division (RaftServerImpl.java:checkInconsistentAppendEntries(1602)) - s2@group-EA982605F2E5: Failed appendEntries as previous log entry ((t:2, i:0)) is not found
2022-11-08 19:12:08,361 [s2-server-thread2] INFO  server.RaftServer$Division (RaftServerImpl.java:checkInconsistentAppendEntries(1572)) - s2@group-EA982605F2E5: inconsistency entries. Reply:s1<-s2#676:FAIL-t2,INCONSISTENCY,nextIndex=0,followerCommit=0,matchIndex=-1
2022-11-08 19:12:08,361 [grpc-default-executor-3] INFO  leader.FollowerInfo (FollowerInfoImpl.java:lambda$new$0(48)) - s1@group-EA982605F2E5->s2: nextIndex: updateUnconditionally 5 -> 0
2022-11-08 19:12:08,362 [s2-server-thread2] DEBUG server.RaftServer$Division (RaftServerImpl.java:logAppendEntries(1421)) - s2@group-EA982605F2E5: receive appendEntries(s1, 2, null, 4, true, commits:[s1:c4, s0:c4, s2:c0], cId:677, entries: [(t:2, i:0), CONFIGURATIONENTRY(current:id: "s0"
address: "localhost:34297"
dataStreamAddress: "localhost:43983"
clientAddress: "localhost:39609"
adminAddress: "localhost:37077"
startupRole: FOLLOWER
,id: "s1"
address: "localhost:38917"
dataStreamAddress: "localhost:45719"
clientAddress: "localhost:36975"
adminAddress: "localhost:40635"
startupRole: FOLLOWER
,id: "s2"
address: "localhost:35511"
dataStreamAddress: "localhost:38827"
clientAddress: "localhost:42865"
adminAddress: "localhost:36791"
startupRole: FOLLOWER
, old:), (t:2, i:1), STATEMACHINELOGENTRY, 0@client-2EFB324ADA71, (t:2, i:2), METADATAENTRY(c:1), (t:2, i:3), STATEMACHINELOGENTRY, 999@client-AE8279CAF820, (t:2, i:4), METADATAENTRY(c:3)]
2022-11-08 19:12:08,362 [s2-server-thread2] INFO  server.RaftServer$Division (RaftServerImpl.java:checkInconsistentAppendEntries(1592)) - s2@group-EA982605F2E5: Failed appendEntries as the first entry (index 0) already exists (snapshotIndex: -1, commitIndex: 0)
2022-11-08 19:12:08,363 [s2-server-thread2] INFO  server.RaftServer$Division (RaftServerImpl.java:checkInconsistentAppendEntries(1572)) - s2@group-EA982605F2E5: inconsistency entries. Reply:s1<-s2#677:FAIL-t2,INCONSISTENCY,nextIndex=1,followerCommit=0,matchIndex=-1
2022-11-08 19:12:08,363 [grpc-default-executor-3] INFO  leader.FollowerInfo (FollowerInfoImpl.java:lambda$new$0(48)) - s1@group-EA982605F2E5->s2: nextIndex: updateUnconditionally 5 -> 1
2022-11-08 19:12:08,364 [s2-server-thread2] DEBUG server.RaftServer$Division (RaftServerImpl.java:logAppendEntries(1421)) - s2@group-EA982605F2E5: receive appendEntries(s1, 2, (t:2, i:0), 4, true, commits:[s1:c4, s0:c4, s2:c0], cId:678, entries: [(t:2, i:1), STATEMACHINELOGENTRY, 0@client-2EFB324ADA71, (t:2, i:2), METADATAENTRY(c:1), (t:2, i:3), STATEMACHINELOGENTRY, 999@client-AE8279CAF820, (t:2, i:4), METADATAENTRY(c:3)]
2022-11-08 19:12:08,364 [s2-server-thread2] INFO  server.RaftServer$Division (RaftServerImpl.java:checkInconsistentAppendEntries(1602)) - s2@group-EA982605F2E5: Failed appendEntries as previous log entry ((t:2, i:0)) is not found
2022-11-08 19:12:08,364 [s2-server-thread2] INFO  server.RaftServer$Division (RaftServerImpl.java:checkInconsistentAppendEntries(1572)) - s2@group-EA982605F2E5: inconsistency entries. Reply:s1<-s2#678:FAIL-t2,INCONSISTENCY,nextIndex=0,followerCommit=0,matchIndex=-1
2022-11-08 19:12:08,364 [grpc-default-executor-3] INFO  leader.FollowerInfo (FollowerInfoImpl.java:lambda$new$0(48)) - s1@group-EA982605F2E5->s2: nextIndex: updateUnconditionally 5 -> 0
2022-11-08 19:12:08,366 [s2-server-thread2] DEBUG server.RaftServer$Division (RaftServerImpl.java:logAppendEntries(1421)) - s2@group-EA982605F2E5: receive appendEntries(s1, 2, null, 4, true, commits:[s1:c4, s0:c4, s2:c0], cId:679, entries: [(t:2, i:0), CONFIGURATIONENTRY(current:id: "s0"
address: "localhost:34297"
dataStreamAddress: "localhost:43983"
clientAddress: "localhost:39609"
adminAddress: "localhost:37077"
startupRole: FOLLOWER
,id: "s1"
address: "localhost:38917"
dataStreamAddress: "localhost:45719"
clientAddress: "localhost:36975"
adminAddress: "localhost:40635"
startupRole: FOLLOWER
,id: "s2"
address: "localhost:35511"
dataStreamAddress: "localhost:38827"
clientAddress: "localhost:42865"
adminAddress: "localhost:36791"
startupRole: FOLLOWER
, old:), (t:2, i:1), STATEMACHINELOGENTRY, 0@client-2EFB324ADA71, (t:2, i:2), METADATAENTRY(c:1), (t:2, i:3), STATEMACHINELOGENTRY, 999@client-AE8279CAF820, (t:2, i:4), METADATAENTRY(c:3)]
2022-11-08 19:12:08,366 [s2-server-thread2] INFO  server.RaftServer$Division (RaftServerImpl.java:checkInconsistentAppendEntries(1592)) - s2@group-EA982605F2E5: Failed appendEntries as the first entry (index 0) already exists (snapshotIndex: -1, commitIndex: 0)
2022-11-08 19:12:08,366 [s2-server-thread2] INFO  server.RaftServer$Division (RaftServerImpl.java:checkInconsistentAppendEntries(1572)) - s2@group-EA982605F2E5: inconsistency entries. Reply:s1<-s2#679:FAIL-t2,INCONSISTENCY,nextIndex=1,followerCommit=0,matchIndex=-1
2022-11-08 19:12:08,366 [grpc-default-executor-3] INFO  leader.FollowerInfo (FollowerInfoImpl.java:lambda$new$0(48)) - s1@group-EA982605F2E5->s2: nextIndex: updateUnconditionally 5 -> 1
2022-11-08 19:12:08,367 [s2-server-thread2] DEBUG server.RaftServer$Division (RaftServerImpl.java:logAppendEntries(1421)) - s2@group-EA982605F2E5: receive appendEntries(s1, 2, (t:2, i:0), 4, true, commits:[s1:c4, s0:c4, s2:c0], cId:680, entries: [(t:2, i:1), STATEMACHINELOGENTRY, 0@client-2EFB324ADA71, (t:2, i:2), METADATAENTRY(c:1), (t:2, i:3), STATEMACHINELOGENTRY, 999@client-AE8279CAF820, (t:2, i:4), METADATAENTRY(c:3)]
2022-11-08 19:12:08,367 [s2-server-thread2] INFO  server.RaftServer$Division (RaftServerImpl.java:checkInconsistentAppendEntries(1602)) - s2@group-EA982605F2E5: Failed appendEntries as previous log entry ((t:2, i:0)) is not found
2022-11-08 19:12:08,367 [s2-server-thread2] INFO  server.RaftServer$Division (RaftServerImpl.java:checkInconsistentAppendEntries(1572)) - s2@group-EA982605F2E5: inconsistency entries. Reply:s1<-s2#680:FAIL-t2,INCONSISTENCY,nextIndex=0,followerCommit=0,matchIndex=-1
2022-11-08 19:12:08,368 [grpc-default-executor-3] INFO  leader.FollowerInfo (FollowerInfoImpl.java:lambda$new$0(48)) - s1@group-EA982605F2E5->s2: nextIndex: updateUnconditionally 5 -> 0
2022-11-08 19:12:08,369 [s2-server-thread2] DEBUG server.RaftServer$Division (RaftServerImpl.java:logAppendEntries(1421)) - s2@group-EA982605F2E5: receive appendEntries(s1, 2, null, 4, true, commits:[s1:c4, s0:c4, s2:c0], cId:681, entries: [(t:2, i:0), CONFIGURATIONENTRY(current:id: "s0"
address: "localhost:34297"
dataStreamAddress: "localhost:43983"
clientAddress: "localhost:39609"
adminAddress: "localhost:37077"
startupRole: FOLLOWER
,id: "s1"
address: "localhost:38917"
dataStreamAddress: "localhost:45719"
clientAddress: "localhost:36975"
adminAddress: "localhost:40635"
startupRole: FOLLOWER
,id: "s2"
address: "localhost:35511"
dataStreamAddress: "localhost:38827"
clientAddress: "localhost:42865"
adminAddress: "localhost:36791"
startupRole: FOLLOWER
, old:), (t:2, i:1), STATEMACHINELOGENTRY, 0@client-2EFB324ADA71, (t:2, i:2), METADATAENTRY(c:1), (t:2, i:3), STATEMACHINELOGENTRY, 999@client-AE8279CAF820, (t:2, i:4), METADATAENTRY(c:3)]
2022-11-08 19:12:08,372 [s2-server-thread2] INFO  server.RaftServer$Division (RaftServerImpl.java:checkInconsistentAppendEntries(1592)) - s2@group-EA982605F2E5: Failed appendEntries as the first entry (index 0) already exists (snapshotIndex: -1, commitIndex: 0)
2022-11-08 19:12:08,373 [s2-server-thread2] INFO  server.RaftServer$Division (RaftServerImpl.java:checkInconsistentAppendEntries(1572)) - s2@group-EA982605F2E5: inconsistency entries. Reply:s1<-s2#681:FAIL-t2,INCONSISTENCY,nextIndex=1,followerCommit=0,matchIndex=-1
2022-11-08 19:12:08,373 [grpc-default-executor-3] INFO  leader.FollowerInfo (FollowerInfoImpl.java:lambda$new$0(48)) - s1@group-EA982605F2E5->s2: nextIndex: updateUnconditionally 5 -> 1
2022-11-08 19:12:08,374 [s2-server-thread2] DEBUG server.RaftServer$Division (RaftServerImpl.java:logAppendEntries(1421)) - s2@group-EA982605F2E5: receive appendEntries(s1, 2, (t:2, i:0), 4, true, commits:[s1:c4, s0:c4, s2:c0], cId:682, entries: [(t:2, i:1), STATEMACHINELOGENTRY, 0@client-2EFB324ADA71, (t:2, i:2), METADATAENTRY(c:1), (t:2, i:3), STATEMACHINELOGENTRY, 999@client-AE8279CAF820, (t:2, i:4), METADATAENTRY(c:3)]
2022-11-08 19:12:08,374 [s2-server-thread2] INFO  server.RaftServer$Division (RaftServerImpl.java:checkInconsistentAppendEntries(1602)) - s2@group-EA982605F2E5: Failed appendEntries as previous log entry ((t:2, i:0)) is not found
2022-11-08 19:12:08,374 [s2-server-thread2] INFO  server.RaftServer$Division (RaftServerImpl.java:checkInconsistentAppendEntries(1572)) - s2@group-EA982605F2E5: inconsistency entries. Reply:s1<-s2#682:FAIL-t2,INCONSISTENCY,nextIndex=0,followerCommit=0,matchIndex=-1
2022-11-08 19:12:08,375 [grpc-default-executor-3] INFO  leader.FollowerInfo (FollowerInfoImpl.java:lambda$new$0(48)) - s1@group-EA982605F2E5->s2: nextIndex: updateUnconditionally 5 -> 0
2022-11-08 19:12:08,376 [s2-server-thread2] DEBUG server.RaftServer$Division (RaftServerImpl.java:logAppendEntries(1421)) - s2@group-EA982605F2E5: receive appendEntries(s1, 2, null, 4, true, commits:[s1:c4, s0:c4, s2:c0], cId:683, entries: [(t:2, i:0), CONFIGURATIONENTRY(current:id: "s0"
address: "localhost:34297"
dataStreamAddress: "localhost:43983"
clientAddress: "localhost:39609"
adminAddress: "localhost:37077"
startupRole: FOLLOWER
,id: "s1"
address: "localhost:38917"
dataStreamAddress: "localhost:45719"
clientAddress: "localhost:36975"
adminAddress: "localhost:40635"
startupRole: FOLLOWER
,id: "s2"
address: "localhost:35511"
dataStreamAddress: "localhost:38827"
clientAddress: "localhost:42865"
adminAddress: "localhost:36791"
startupRole: FOLLOWER
, old:), (t:2, i:1), STATEMACHINELOGENTRY, 0@client-2EFB324ADA71, (t:2, i:2), METADATAENTRY(c:1), (t:2, i:3), STATEMACHINELOGENTRY, 999@client-AE8279CAF820, (t:2, i:4), METADATAENTRY(c:3)]
2022-11-08 19:12:08,376 [s2-server-thread2] INFO  server.RaftServer$Division (RaftServerImpl.java:checkInconsistentAppendEntries(1592)) - s2@group-EA982605F2E5: Failed appendEntries as the first entry (index 0) already exists (snapshotIndex: -1, commitIndex: 0)
2022-11-08 19:12:08,376 [s2-server-thread2] INFO  server.RaftServer$Division (RaftServerImpl.java:checkInconsistentAppendEntries(1572)) - s2@group-EA982605F2E5: inconsistency entries. Reply:s1<-s2#683:FAIL-t2,INCONSISTENCY,nextIndex=1,followerCommit=0,matchIndex=-1
2022-11-08 19:12:08,376 [grpc-default-executor-3] INFO  leader.FollowerInfo (FollowerInfoImpl.java:lambda$new$0(48)) - s1@group-EA982605F2E5->s2: nextIndex: updateUnconditionally 5 -> 1
2022-11-08 19:12:08,377 [s2-server-thread2] DEBUG server.RaftServer$Division (RaftServerImpl.java:logAppendEntries(1421)) - s2@group-EA982605F2E5: receive appendEntries(s1, 2, (t:2, i:0), 4, true, commits:[s1:c4, s0:c4, s2:c0], cId:684, entries: [(t:2, i:1), STATEMACHINELOGENTRY, 0@client-2EFB324ADA71, (t:2, i:2), METADATAENTRY(c:1), (t:2, i:3), STATEMACHINELOGENTRY, 999@client-AE8279CAF820, (t:2, i:4), METADATAENTRY(c:3)]
2022-11-08 19:12:08,377 [s2-server-thread2] INFO  server.RaftServer$Division (RaftServerImpl.java:checkInconsistentAppendEntries(1602)) - s2@group-EA982605F2E5: Failed appendEntries as previous log entry ((t:2, i:0)) is not found
2022-11-08 19:12:08,377 [s2-server-thread2] INFO  server.RaftServer$Division (RaftServerImpl.java:checkInconsistentAppendEntries(1572)) - s2@group-EA982605F2E5: inconsistency entries. Reply:s1<-s2#684:FAIL-t2,INCONSISTENCY,nextIndex=0,followerCommit=0,matchIndex=-1
2022-11-08 19:12:08,378 [grpc-default-executor-3] INFO  leader.FollowerInfo (FollowerInfoImpl.java:lambda$new$0(48)) - s1@group-EA982605F2E5->s2: nextIndex: updateUnconditionally 5 -> 0
2022-11-08 19:12:08,379 [s2-server-thread2] DEBUG server.RaftServer$Division (RaftServerImpl.java:logAppendEntries(1421)) - s2@group-EA982605F2E5: receive appendEntries(s1, 2, null, 4, true, commits:[s1:c4, s0:c4, s2:c0], cId:685, entries: [(t:2, i:0), CONFIGURATIONENTRY(current:id: "s0"
address: "localhost:34297"
dataStreamAddress: "localhost:43983"
clientAddress: "localhost:39609"
adminAddress: "localhost:37077"
startupRole: FOLLOWER
,id: "s1"
address: "localhost:38917"
dataStreamAddress: "localhost:45719"
clientAddress: "localhost:36975"
adminAddress: "localhost:40635"
startupRole: FOLLOWER
,id: "s2"
address: "localhost:35511"
dataStreamAddress: "localhost:38827"
clientAddress: "localhost:42865"
adminAddress: "localhost:36791"
startupRole: FOLLOWER
, old:), (t:2, i:1), STATEMACHINELOGENTRY, 0@client-2EFB324ADA71, (t:2, i:2), METADATAENTRY(c:1), (t:2, i:3), STATEMACHINELOGENTRY, 999@client-AE8279CAF820, (t:2, i:4), METADATAENTRY(c:3)]
2022-11-08 19:12:08,379 [s2-server-thread2] INFO  server.RaftServer$Division (RaftServerImpl.java:checkInconsistentAppendEntries(1592)) - s2@group-EA982605F2E5: Failed appendEntries as the first entry (index 0) already exists (snapshotIndex: -1, commitIndex: 0)
2022-11-08 19:12:08,379 [s2-server-thread2] INFO  server.RaftServer$Division (RaftServerImpl.java:checkInconsistentAppendEntries(1572)) - s2@group-EA982605F2E5: inconsistency entries. Reply:s1<-s2#685:FAIL-t2,INCONSISTENCY,nextIndex=1,followerCommit=0,matchIndex=-1
2022-11-08 19:12:08,380 [grpc-default-executor-3] INFO  leader.FollowerInfo (FollowerInfoImpl.java:lambda$new$0(48)) - s1@group-EA982605F2E5->s2: nextIndex: updateUnconditionally 5 -> 1
2022-11-08 19:12:08,382 [s2-server-thread2] DEBUG server.RaftServer$Division (RaftServerImpl.java:logAppendEntries(1421)) - s2@group-EA982605F2E5: receive appendEntries(s1, 2, (t:2, i:0), 4, true, commits:[s1:c4, s0:c4, s2:c0], cId:686, entries: [(t:2, i:1), STATEMACHINELOGENTRY, 0@client-2EFB324ADA71, (t:2, i:2), METADATAENTRY(c:1), (t:2, i:3), STATEMACHINELOGENTRY, 999@client-AE8279CAF820, (t:2, i:4), METADATAENTRY(c:3)]
2022-11-08 19:12:08,382 [s2-server-thread2] INFO  server.RaftServer$Division (RaftServerImpl.java:checkInconsistentAppendEntries(1602)) - s2@group-EA982605F2E5: Failed appendEntries as previous log entry ((t:2, i:0)) is not found
2022-11-08 19:12:08,383 [s2-server-thread2] INFO  server.RaftServer$Division (RaftServerImpl.java:checkInconsistentAppendEntries(1572)) - s2@group-EA982605F2E5: inconsistency entries. Reply:s1<-s2#686:FAIL-t2,INCONSISTENCY,nextIndex=0,followerCommit=0,matchIndex=-1
2022-11-08 19:12:08,383 [grpc-default-executor-3] INFO  leader.FollowerInfo (FollowerInfoImpl.java:lambda$new$0(48)) - s1@group-EA982605F2E5->s2: nextIndex: updateUnconditionally 5 -> 0
2022-11-08 19:12:08,384 [s2-server-thread2] DEBUG server.RaftServer$Division (RaftServerImpl.java:logAppendEntries(1421)) - s2@group-EA982605F2E5: receive appendEntries(s1, 2, null, 4, true, commits:[s1:c4, s0:c4, s2:c0], cId:687, entries: [(t:2, i:0), CONFIGURATIONENTRY(current:id: "s0"
address: "localhost:34297"
dataStreamAddress: "localhost:43983"
clientAddress: "localhost:39609"
adminAddress: "localhost:37077"
startupRole: FOLLOWER
,id: "s1"
address: "localhost:38917"
dataStreamAddress: "localhost:45719"
clientAddress: "localhost:36975"
adminAddress: "localhost:40635"
startupRole: FOLLOWER
,id: "s2"
address: "localhost:35511"
dataStreamAddress: "localhost:38827"
clientAddress: "localhost:42865"
adminAddress: "localhost:36791"
startupRole: FOLLOWER
, old:), (t:2, i:1), STATEMACHINELOGENTRY, 0@client-2EFB324ADA71, (t:2, i:2), METADATAENTRY(c:1), (t:2, i:3), STATEMACHINELOGENTRY, 999@client-AE8279CAF820, (t:2, i:4), METADATAENTRY(c:3)]
2022-11-08 19:12:08,384 [s2-server-thread2] INFO  server.RaftServer$Division (RaftServerImpl.java:checkInconsistentAppendEntries(1592)) - s2@group-EA982605F2E5: Failed appendEntries as the first entry (index 0) already exists (snapshotIndex: -1, commitIndex: 0)
2022-11-08 19:12:08,384 [s2-server-thread2] INFO  server.RaftServer$Division (RaftServerImpl.java:checkInconsistentAppendEntries(1572)) - s2@group-EA982605F2E5: inconsistency entries. Reply:s1<-s2#687:FAIL-t2,INCONSISTENCY,nextIndex=1,followerCommit=0,matchIndex=-1
2022-11-08 19:12:08,385 [grpc-default-executor-3] INFO  leader.FollowerInfo (FollowerInfoImpl.java:lambda$new$0(48)) - s1@group-EA982605F2E5->s2: nextIndex: updateUnconditionally 5 -> 1
2022-11-08 19:12:08,385 [s2-server-thread2] DEBUG server.RaftServer$Division (RaftServerImpl.java:logAppendEntries(1421)) - s2@group-EA982605F2E5: receive appendEntries(s1, 2, (t:2, i:0), 4, true, commits:[s1:c4, s0:c4, s2:c0], cId:688, entries: [(t:2, i:1), STATEMACHINELOGENTRY, 0@client-2EFB324ADA71, (t:2, i:2), METADATAENTRY(c:1), (t:2, i:3), STATEMACHINELOGENTRY, 999@client-AE8279CAF820, (t:2, i:4), METADATAENTRY(c:3)]
2022-11-08 19:12:08,386 [s2-server-thread2] INFO  server.RaftServer$Division (RaftServerImpl.java:checkInconsistentAppendEntries(1602)) - s2@group-EA982605F2E5: Failed appendEntries as previous log entry ((t:2, i:0)) is not found
2022-11-08 19:12:08,386 [s2-server-thread2] INFO  server.RaftServer$Division (RaftServerImpl.java:checkInconsistentAppendEntries(1572)) - s2@group-EA982605F2E5: inconsistency entries. Reply:s1<-s2#688:FAIL-t2,INCONSISTENCY,nextIndex=0,followerCommit=0,matchIndex=-1
2022-11-08 19:12:08,386 [grpc-default-executor-3] INFO  leader.FollowerInfo (FollowerInfoImpl.java:lambda$new$0(48)) - s1@group-EA982605F2E5->s2: nextIndex: updateUnconditionally 5 -> 0
2022-11-08 19:12:08,387 [s2-server-thread2] DEBUG server.RaftServer$Division (RaftServerImpl.java:logAppendEntries(1421)) - s2@group-EA982605F2E5: receive appendEntries(s1, 2, null, 4, true, commits:[s1:c4, s0:c4, s2:c0], cId:689, entries: [(t:2, i:0), CONFIGURATIONENTRY(current:id: "s0"
address: "localhost:34297"
dataStreamAddress: "localhost:43983"
clientAddress: "localhost:39609"
adminAddress: "localhost:37077"
startupRole: FOLLOWER
,id: "s1"
address: "localhost:38917"
dataStreamAddress: "localhost:45719"
clientAddress: "localhost:36975"
adminAddress: "localhost:40635"
startupRole: FOLLOWER
,id: "s2"
address: "localhost:35511"
dataStreamAddress: "localhost:38827"
clientAddress: "localhost:42865"
adminAddress: "localhost:36791"
startupRole: FOLLOWER
, old:), (t:2, i:1), STATEMACHINELOGENTRY, 0@client-2EFB324ADA71, (t:2, i:2), METADATAENTRY(c:1), (t:2, i:3), STATEMACHINELOGENTRY, 999@client-AE8279CAF820, (t:2, i:4), METADATAENTRY(c:3)]
2022-11-08 19:12:08,387 [s2-server-thread2] INFO  server.RaftServer$Division (RaftServerImpl.java:checkInconsistentAppendEntries(1592)) - s2@group-EA982605F2E5: Failed appendEntries as the first entry (index 0) already exists (snapshotIndex: -1, commitIndex: 0)
2022-11-08 19:12:08,387 [s2-server-thread2] INFO  server.RaftServer$Division (RaftServerImpl.java:checkInconsistentAppendEntries(1572)) - s2@group-EA982605F2E5: inconsistency entries. Reply:s1<-s2#689:FAIL-t2,INCONSISTENCY,nextIndex=1,followerCommit=0,matchIndex=-1
2022-11-08 19:12:08,388 [grpc-default-executor-3] INFO  leader.FollowerInfo (FollowerInfoImpl.java:lambda$new$0(48)) - s1@group-EA982605F2E5->s2: nextIndex: updateUnconditionally 5 -> 1
2022-11-08 19:12:08,390 [s2-server-thread2] DEBUG server.RaftServer$Division (RaftServerImpl.java:logAppendEntries(1421)) - s2@group-EA982605F2E5: receive appendEntries(s1, 2, (t:2, i:0), 4, true, commits:[s1:c4, s0:c4, s2:c0], cId:690, entries: [(t:2, i:1), STATEMACHINELOGENTRY, 0@client-2EFB324ADA71, (t:2, i:2), METADATAENTRY(c:1), (t:2, i:3), STATEMACHINELOGENTRY, 999@client-AE8279CAF820, (t:2, i:4), METADATAENTRY(c:3)]
2022-11-08 19:12:08,391 [s2-server-thread2] INFO  server.RaftServer$Division (RaftServerImpl.java:checkInconsistentAppendEntries(1602)) - s2@group-EA982605F2E5: Failed appendEntries as previous log entry ((t:2, i:0)) is not found
2022-11-08 19:12:08,391 [s2-server-thread2] INFO  server.RaftServer$Division (RaftServerImpl.java:checkInconsistentAppendEntries(1572)) - s2@group-EA982605F2E5: inconsistency entries. Reply:s1<-s2#690:FAIL-t2,INCONSISTENCY,nextIndex=0,followerCommit=0,matchIndex=-1
2022-11-08 19:12:08,391 [grpc-default-executor-3] INFO  leader.FollowerInfo (FollowerInfoImpl.java:lambda$new$0(48)) - s1@group-EA982605F2E5->s2: nextIndex: updateUnconditionally 5 -> 0
2022-11-08 19:12:08,392 [s2-server-thread2] DEBUG server.RaftServer$Division (RaftServerImpl.java:logAppendEntries(1421)) - s2@group-EA982605F2E5: receive appendEntries(s1, 2, null, 4, true, commits:[s1:c4, s0:c4, s2:c0], cId:691, entries: [(t:2, i:0), CONFIGURATIONENTRY(current:id: "s0"
address: "localhost:34297"
dataStreamAddress: "localhost:43983"
clientAddress: "localhost:39609"
adminAddress: "localhost:37077"
startupRole: FOLLOWER
,id: "s1"
address: "localhost:38917"
dataStreamAddress: "localhost:45719"
clientAddress: "localhost:36975"
adminAddress: "localhost:40635"
startupRole: FOLLOWER
,id: "s2"
address: "localhost:35511"
dataStreamAddress: "localhost:38827"
clientAddress: "localhost:42865"
adminAddress: "localhost:36791"
startupRole: FOLLOWER
, old:), (t:2, i:1), STATEMACHINELOGENTRY, 0@client-2EFB324ADA71, (t:2, i:2), METADATAENTRY(c:1), (t:2, i:3), STATEMACHINELOGENTRY, 999@client-AE8279CAF820, (t:2, i:4), METADATAENTRY(c:3)]
2022-11-08 19:12:08,392 [s2-server-thread2] INFO  server.RaftServer$Division (RaftServerImpl.java:checkInconsistentAppendEntries(1592)) - s2@group-EA982605F2E5: Failed appendEntries as the first entry (index 0) already exists (snapshotIndex: -1, commitIndex: 0)
2022-11-08 19:12:08,392 [s2-server-thread2] INFO  server.RaftServer$Division (RaftServerImpl.java:checkInconsistentAppendEntries(1572)) - s2@group-EA982605F2E5: inconsistency entries. Reply:s1<-s2#691:FAIL-t2,INCONSISTENCY,nextIndex=1,followerCommit=0,matchIndex=-1
2022-11-08 19:12:08,393 [grpc-default-executor-3] INFO  leader.FollowerInfo (FollowerInfoImpl.java:lambda$new$0(48)) - s1@group-EA982605F2E5->s2: nextIndex: updateUnconditionally 5 -> 1
2022-11-08 19:12:08,394 [s2-server-thread2] DEBUG server.RaftServer$Division (RaftServerImpl.java:logAppendEntries(1421)) - s2@group-EA982605F2E5: receive appendEntries(s1, 2, (t:2, i:0), 4, true, commits:[s1:c4, s0:c4, s2:c0], cId:692, entries: [(t:2, i:1), STATEMACHINELOGENTRY, 0@client-2EFB324ADA71, (t:2, i:2), METADATAENTRY(c:1), (t:2, i:3), STATEMACHINELOGENTRY, 999@client-AE8279CAF820, (t:2, i:4), METADATAENTRY(c:3)]
2022-11-08 19:12:08,394 [s2-server-thread2] INFO  server.RaftServer$Division (RaftServerImpl.java:checkInconsistentAppendEntries(1602)) - s2@group-EA982605F2E5: Failed appendEntries as previous log entry ((t:2, i:0)) is not found
2022-11-08 19:12:08,394 [s2-server-thread2] INFO  server.RaftServer$Division (RaftServerImpl.java:checkInconsistentAppendEntries(1572)) - s2@group-EA982605F2E5: inconsistency entries. Reply:s1<-s2#692:FAIL-t2,INCONSISTENCY,nextIndex=0,followerCommit=0,matchIndex=-1
2022-11-08 19:12:08,394 [grpc-default-executor-3] INFO  leader.FollowerInfo (FollowerInfoImpl.java:lambda$new$0(48)) - s1@group-EA982605F2E5->s2: nextIndex: updateUnconditionally 5 -> 0
2022-11-08 19:12:08,396 [s2-server-thread2] DEBUG server.RaftServer$Division (RaftServerImpl.java:logAppendEntries(1421)) - s2@group-EA982605F2E5: receive appendEntries(s1, 2, null, 4, true, commits:[s1:c4, s0:c4, s2:c0], cId:693, entries: [(t:2, i:0), CONFIGURATIONENTRY(current:id: "s0"
address: "localhost:34297"
dataStreamAddress: "localhost:43983"
clientAddress: "localhost:39609"
adminAddress: "localhost:37077"
startupRole: FOLLOWER
,id: "s1"
address: "localhost:38917"
dataStreamAddress: "localhost:45719"
clientAddress: "localhost:36975"
adminAddress: "localhost:40635"
startupRole: FOLLOWER
,id: "s2"
address: "localhost:35511"
dataStreamAddress: "localhost:38827"
clientAddress: "localhost:42865"
adminAddress: "localhost:36791"
startupRole: FOLLOWER
, old:), (t:2, i:1), STATEMACHINELOGENTRY, 0@client-2EFB324ADA71, (t:2, i:2), METADATAENTRY(c:1), (t:2, i:3), STATEMACHINELOGENTRY, 999@client-AE8279CAF820, (t:2, i:4), METADATAENTRY(c:3)]
2022-11-08 19:12:08,396 [s2-server-thread2] INFO  server.RaftServer$Division (RaftServerImpl.java:checkInconsistentAppendEntries(1592)) - s2@group-EA982605F2E5: Failed appendEntries as the first entry (index 0) already exists (snapshotIndex: -1, commitIndex: 0)
2022-11-08 19:12:08,396 [s2-server-thread2] INFO  server.RaftServer$Division (RaftServerImpl.java:checkInconsistentAppendEntries(1572)) - s2@group-EA982605F2E5: inconsistency entries. Reply:s1<-s2#693:FAIL-t2,INCONSISTENCY,nextIndex=1,followerCommit=0,matchIndex=-1
2022-11-08 19:12:08,396 [grpc-default-executor-3] INFO  leader.FollowerInfo (FollowerInfoImpl.java:lambda$new$0(48)) - s1@group-EA982605F2E5->s2: nextIndex: updateUnconditionally 5 -> 1
2022-11-08 19:12:08,397 [s2-server-thread2] DEBUG server.RaftServer$Division (RaftServerImpl.java:logAppendEntries(1421)) - s2@group-EA982605F2E5: receive appendEntries(s1, 2, (t:2, i:0), 4, true, commits:[s1:c4, s0:c4, s2:c0], cId:694, entries: [(t:2, i:1), STATEMACHINELOGENTRY, 0@client-2EFB324ADA71, (t:2, i:2), METADATAENTRY(c:1), (t:2, i:3), STATEMACHINELOGENTRY, 999@client-AE8279CAF820, (t:2, i:4), METADATAENTRY(c:3)]
2022-11-08 19:12:08,397 [s2-server-thread2] INFO  server.RaftServer$Division (RaftServerImpl.java:checkInconsistentAppendEntries(1602)) - s2@group-EA982605F2E5: Failed appendEntries as previous log entry ((t:2, i:0)) is not found
2022-11-08 19:12:08,397 [s2-server-thread2] INFO  server.RaftServer$Division (RaftServerImpl.java:checkInconsistentAppendEntries(1572)) - s2@group-EA982605F2E5: inconsistency entries. Reply:s1<-s2#694:FAIL-t2,INCONSISTENCY,nextIndex=0,followerCommit=0,matchIndex=-1
2022-11-08 19:12:08,398 [grpc-default-executor-3] INFO  leader.FollowerInfo (FollowerInfoImpl.java:lambda$new$0(48)) - s1@group-EA982605F2E5->s2: nextIndex: updateUnconditionally 5 -> 0
2022-11-08 19:12:08,399 [s2-server-thread2] DEBUG server.RaftServer$Division (RaftServerImpl.java:logAppendEntries(1421)) - s2@group-EA982605F2E5: receive appendEntries(s1, 2, null, 4, true, commits:[s1:c4, s0:c4, s2:c0], cId:695, entries: [(t:2, i:0), CONFIGURATIONENTRY(current:id: "s0"
address: "localhost:34297"
dataStreamAddress: "localhost:43983"
clientAddress: "localhost:39609"
adminAddress: "localhost:37077"
startupRole: FOLLOWER
,id: "s1"
address: "localhost:38917"
dataStreamAddress: "localhost:45719"
clientAddress: "localhost:36975"
adminAddress: "localhost:40635"
startupRole: FOLLOWER
,id: "s2"
address: "localhost:35511"
dataStreamAddress: "localhost:38827"
clientAddress: "localhost:42865"
adminAddress: "localhost:36791"
startupRole: FOLLOWER
, old:), (t:2, i:1), STATEMACHINELOGENTRY, 0@client-2EFB324ADA71, (t:2, i:2), METADATAENTRY(c:1), (t:2, i:3), STATEMACHINELOGENTRY, 999@client-AE8279CAF820, (t:2, i:4), METADATAENTRY(c:3)]
2022-11-08 19:12:08,400 [s2-server-thread2] INFO  server.RaftServer$Division (RaftServerImpl.java:checkInconsistentAppendEntries(1592)) - s2@group-EA982605F2E5: Failed appendEntries as the first entry (index 0) already exists (snapshotIndex: -1, commitIndex: 0)
2022-11-08 19:12:08,400 [s2-server-thread2] INFO  server.RaftServer$Division (RaftServerImpl.java:checkInconsistentAppendEntries(1572)) - s2@group-EA982605F2E5: inconsistency entries. Reply:s1<-s2#695:FAIL-t2,INCONSISTENCY,nextIndex=1,followerCommit=0,matchIndex=-1
2022-11-08 19:12:08,400 [grpc-default-executor-3] INFO  leader.FollowerInfo (FollowerInfoImpl.java:lambda$new$0(48)) - s1@group-EA982605F2E5->s2: nextIndex: updateUnconditionally 5 -> 1
2022-11-08 19:12:08,401 [s2-server-thread2] DEBUG server.RaftServer$Division (RaftServerImpl.java:logAppendEntries(1421)) - s2@group-EA982605F2E5: receive appendEntries(s1, 2, (t:2, i:0), 4, true, commits:[s1:c4, s0:c4, s2:c0], cId:696, entries: [(t:2, i:1), STATEMACHINELOGENTRY, 0@client-2EFB324ADA71, (t:2, i:2), METADATAENTRY(c:1), (t:2, i:3), STATEMACHINELOGENTRY, 999@client-AE8279CAF820, (t:2, i:4), METADATAENTRY(c:3)]
2022-11-08 19:12:08,401 [s2-server-thread2] INFO  server.RaftServer$Division (RaftServerImpl.java:checkInconsistentAppendEntries(1602)) - s2@group-EA982605F2E5: Failed appendEntries as previous log entry ((t:2, i:0)) is not found
2022-11-08 19:12:08,401 [s2-server-thread2] INFO  server.RaftServer$Division (RaftServerImpl.java:checkInconsistentAppendEntries(1572)) - s2@group-EA982605F2E5: inconsistency entries. Reply:s1<-s2#696:FAIL-t2,INCONSISTENCY,nextIndex=0,followerCommit=0,matchIndex=-1
2022-11-08 19:12:08,402 [grpc-default-executor-3] INFO  leader.FollowerInfo (FollowerInfoImpl.java:lambda$new$0(48)) - s1@group-EA982605F2E5->s2: nextIndex: updateUnconditionally 5 -> 0
2022-11-08 19:12:08,403 [s2-server-thread2] DEBUG server.RaftServer$Division (RaftServerImpl.java:logAppendEntries(1421)) - s2@group-EA982605F2E5: receive appendEntries(s1, 2, null, 4, true, commits:[s1:c4, s0:c4, s2:c0], cId:697, entries: [(t:2, i:0), CONFIGURATIONENTRY(current:id: "s0"
address: "localhost:34297"
dataStreamAddress: "localhost:43983"
clientAddress: "localhost:39609"
adminAddress: "localhost:37077"
startupRole: FOLLOWER
,id: "s1"
address: "localhost:38917"
dataStreamAddress: "localhost:45719"
clientAddress: "localhost:36975"
adminAddress: "localhost:40635"
startupRole: FOLLOWER
,id: "s2"
address: "localhost:35511"
dataStreamAddress: "localhost:38827"
clientAddress: "localhost:42865"
adminAddress: "localhost:36791"
startupRole: FOLLOWER
, old:), (t:2, i:1), STATEMACHINELOGENTRY, 0@client-2EFB324ADA71, (t:2, i:2), METADATAENTRY(c:1), (t:2, i:3), STATEMACHINELOGENTRY, 999@client-AE8279CAF820, (t:2, i:4), METADATAENTRY(c:3)]
2022-11-08 19:12:08,403 [s2-server-thread2] INFO  server.RaftServer$Division (RaftServerImpl.java:checkInconsistentAppendEntries(1592)) - s2@group-EA982605F2E5: Failed appendEntries as the first entry (index 0) already exists (snapshotIndex: -1, commitIndex: 0)
2022-11-08 19:12:08,403 [s2-server-thread2] INFO  server.RaftServer$Division (RaftServerImpl.java:checkInconsistentAppendEntries(1572)) - s2@group-EA982605F2E5: inconsistency entries. Reply:s1<-s2#697:FAIL-t2,INCONSISTENCY,nextIndex=1,followerCommit=0,matchIndex=-1
2022-11-08 19:12:08,403 [grpc-default-executor-3] INFO  leader.FollowerInfo (FollowerInfoImpl.java:lambda$new$0(48)) - s1@group-EA982605F2E5->s2: nextIndex: updateUnconditionally 5 -> 1
2022-11-08 19:12:08,404 [s2-server-thread2] DEBUG server.RaftServer$Division (RaftServerImpl.java:logAppendEntries(1421)) - s2@group-EA982605F2E5: receive appendEntries(s1, 2, (t:2, i:0), 4, true, commits:[s1:c4, s0:c4, s2:c0], cId:698, entries: [(t:2, i:1), STATEMACHINELOGENTRY, 0@client-2EFB324ADA71, (t:2, i:2), METADATAENTRY(c:1), (t:2, i:3), STATEMACHINELOGENTRY, 999@client-AE8279CAF820, (t:2, i:4), METADATAENTRY(c:3)]
2022-11-08 19:12:08,404 [s2-server-thread2] INFO  server.RaftServer$Division (RaftServerImpl.java:checkInconsistentAppendEntries(1602)) - s2@group-EA982605F2E5: Failed appendEntries as previous log entry ((t:2, i:0)) is not found
2022-11-08 19:12:08,404 [s2-server-thread2] INFO  server.RaftServer$Division (RaftServerImpl.java:checkInconsistentAppendEntries(1572)) - s2@group-EA982605F2E5: inconsistency entries. Reply:s1<-s2#698:FAIL-t2,INCONSISTENCY,nextIndex=0,followerCommit=0,matchIndex=-1
2022-11-08 19:12:08,405 [grpc-default-executor-3] INFO  leader.FollowerInfo (FollowerInfoImpl.java:lambda$new$0(48)) - s1@group-EA982605F2E5->s2: nextIndex: updateUnconditionally 5 -> 0
2022-11-08 19:12:08,406 [s2-server-thread2] DEBUG server.RaftServer$Division (RaftServerImpl.java:logAppendEntries(1421)) - s2@group-EA982605F2E5: receive appendEntries(s1, 2, null, 4, true, commits:[s1:c4, s0:c4, s2:c0], cId:699, entries: [(t:2, i:0), CONFIGURATIONENTRY(current:id: "s0"
address: "localhost:34297"
dataStreamAddress: "localhost:43983"
clientAddress: "localhost:39609"
adminAddress: "localhost:37077"
startupRole: FOLLOWER
,id: "s1"
address: "localhost:38917"
dataStreamAddress: "localhost:45719"
clientAddress: "localhost:36975"
adminAddress: "localhost:40635"
startupRole: FOLLOWER
,id: "s2"
address: "localhost:35511"
dataStreamAddress: "localhost:38827"
clientAddress: "localhost:42865"
adminAddress: "localhost:36791"
startupRole: FOLLOWER
, old:), (t:2, i:1), STATEMACHINELOGENTRY, 0@client-2EFB324ADA71, (t:2, i:2), METADATAENTRY(c:1), (t:2, i:3), STATEMACHINELOGENTRY, 999@client-AE8279CAF820, (t:2, i:4), METADATAENTRY(c:3)]
2022-11-08 19:12:08,406 [s2-server-thread2] INFO  server.RaftServer$Division (RaftServerImpl.java:checkInconsistentAppendEntries(1592)) - s2@group-EA982605F2E5: Failed appendEntries as the first entry (index 0) already exists (snapshotIndex: -1, commitIndex: 0)
2022-11-08 19:12:08,406 [s2-server-thread2] INFO  server.RaftServer$Division (RaftServerImpl.java:checkInconsistentAppendEntries(1572)) - s2@group-EA982605F2E5: inconsistency entries. Reply:s1<-s2#699:FAIL-t2,INCONSISTENCY,nextIndex=1,followerCommit=0,matchIndex=-1
2022-11-08 19:12:08,406 [grpc-default-executor-3] INFO  leader.FollowerInfo (FollowerInfoImpl.java:lambda$new$0(48)) - s1@group-EA982605F2E5->s2: nextIndex: updateUnconditionally 5 -> 1
2022-11-08 19:12:08,407 [s2-server-thread2] DEBUG server.RaftServer$Division (RaftServerImpl.java:logAppendEntries(1421)) - s2@group-EA982605F2E5: receive appendEntries(s1, 2, (t:2, i:0), 4, true, commits:[s1:c4, s0:c4, s2:c0], cId:700, entries: [(t:2, i:1), STATEMACHINELOGENTRY, 0@client-2EFB324ADA71, (t:2, i:2), METADATAENTRY(c:1), (t:2, i:3), STATEMACHINELOGENTRY, 999@client-AE8279CAF820, (t:2, i:4), METADATAENTRY(c:3)]
2022-11-08 19:12:08,407 [s2-server-thread2] INFO  server.RaftServer$Division (RaftServerImpl.java:checkInconsistentAppendEntries(1602)) - s2@group-EA982605F2E5: Failed appendEntries as previous log entry ((t:2, i:0)) is not found
2022-11-08 19:12:08,407 [s2-server-thread2] INFO  server.RaftServer$Division (RaftServerImpl.java:checkInconsistentAppendEntries(1572)) - s2@group-EA982605F2E5: inconsistency entries. Reply:s1<-s2#700:FAIL-t2,INCONSISTENCY,nextIndex=0,followerCommit=0,matchIndex=-1
2022-11-08 19:12:08,408 [grpc-default-executor-3] INFO  leader.FollowerInfo (FollowerInfoImpl.java:lambda$new$0(48)) - s1@group-EA982605F2E5->s2: nextIndex: updateUnconditionally 5 -> 0
2022-11-08 19:12:08,409 [s2-server-thread2] DEBUG server.RaftServer$Division (RaftServerImpl.java:logAppendEntries(1421)) - s2@group-EA982605F2E5: receive appendEntries(s1, 2, null, 4, true, commits:[s1:c4, s0:c4, s2:c0], cId:701, entries: [(t:2, i:0), CONFIGURATIONENTRY(current:id: "s0"
address: "localhost:34297"
dataStreamAddress: "localhost:43983"
clientAddress: "localhost:39609"
adminAddress: "localhost:37077"
startupRole: FOLLOWER
,id: "s1"
address: "localhost:38917"
dataStreamAddress: "localhost:45719"
clientAddress: "localhost:36975"
adminAddress: "localhost:40635"
startupRole: FOLLOWER
,id: "s2"
address: "localhost:35511"
dataStreamAddress: "localhost:38827"
clientAddress: "localhost:42865"
adminAddress: "localhost:36791"
startupRole: FOLLOWER
, old:), (t:2, i:1), STATEMACHINELOGENTRY, 0@client-2EFB324ADA71, (t:2, i:2), METADATAENTRY(c:1), (t:2, i:3), STATEMACHINELOGENTRY, 999@client-AE8279CAF820, (t:2, i:4), METADATAENTRY(c:3)]
2022-11-08 19:12:08,409 [s2-server-thread2] INFO  server.RaftServer$Division (RaftServerImpl.java:checkInconsistentAppendEntries(1592)) - s2@group-EA982605F2E5: Failed appendEntries as the first entry (index 0) already exists (snapshotIndex: -1, commitIndex: 0)
2022-11-08 19:12:08,409 [s2-server-thread2] INFO  server.RaftServer$Division (RaftServerImpl.java:checkInconsistentAppendEntries(1572)) - s2@group-EA982605F2E5: inconsistency entries. Reply:s1<-s2#701:FAIL-t2,INCONSISTENCY,nextIndex=1,followerCommit=0,matchIndex=-1
2022-11-08 19:12:08,409 [grpc-default-executor-3] INFO  leader.FollowerInfo (FollowerInfoImpl.java:lambda$new$0(48)) - s1@group-EA982605F2E5->s2: nextIndex: updateUnconditionally 5 -> 1
2022-11-08 19:12:08,410 [s2-server-thread2] DEBUG server.RaftServer$Division (RaftServerImpl.java:logAppendEntries(1421)) - s2@group-EA982605F2E5: receive appendEntries(s1, 2, (t:2, i:0), 4, true, commits:[s1:c4, s0:c4, s2:c0], cId:702, entries: [(t:2, i:1), STATEMACHINELOGENTRY, 0@client-2EFB324ADA71, (t:2, i:2), METADATAENTRY(c:1), (t:2, i:3), STATEMACHINELOGENTRY, 999@client-AE8279CAF820, (t:2, i:4), METADATAENTRY(c:3)]
2022-11-08 19:12:08,410 [s2-server-thread2] INFO  server.RaftServer$Division (RaftServerImpl.java:checkInconsistentAppendEntries(1602)) - s2@group-EA982605F2E5: Failed appendEntries as previous log entry ((t:2, i:0)) is not found
2022-11-08 19:12:08,410 [s2-server-thread2] INFO  server.RaftServer$Division (RaftServerImpl.java:checkInconsistentAppendEntries(1572)) - s2@group-EA982605F2E5: inconsistency entries. Reply:s1<-s2#702:FAIL-t2,INCONSISTENCY,nextIndex=0,followerCommit=0,matchIndex=-1
2022-11-08 19:12:08,411 [grpc-default-executor-3] INFO  leader.FollowerInfo (FollowerInfoImpl.java:lambda$new$0(48)) - s1@group-EA982605F2E5->s2: nextIndex: updateUnconditionally 5 -> 0
2022-11-08 19:12:08,412 [s2-server-thread2] DEBUG server.RaftServer$Division (RaftServerImpl.java:logAppendEntries(1421)) - s2@group-EA982605F2E5: receive appendEntries(s1, 2, null, 4, true, commits:[s1:c4, s0:c4, s2:c0], cId:703, entries: [(t:2, i:0), CONFIGURATIONENTRY(current:id: "s0"
address: "localhost:34297"
dataStreamAddress: "localhost:43983"
clientAddress: "localhost:39609"
adminAddress: "localhost:37077"
startupRole: FOLLOWER
,id: "s1"
address: "localhost:38917"
dataStreamAddress: "localhost:45719"
clientAddress: "localhost:36975"
adminAddress: "localhost:40635"
startupRole: FOLLOWER
,id: "s2"
address: "localhost:35511"
dataStreamAddress: "localhost:38827"
clientAddress: "localhost:42865"
adminAddress: "localhost:36791"
startupRole: FOLLOWER
, old:), (t:2, i:1), STATEMACHINELOGENTRY, 0@client-2EFB324ADA71, (t:2, i:2), METADATAENTRY(c:1), (t:2, i:3), STATEMACHINELOGENTRY, 999@client-AE8279CAF820, (t:2, i:4), METADATAENTRY(c:3)]
2022-11-08 19:12:08,412 [s2-server-thread2] INFO  server.RaftServer$Division (RaftServerImpl.java:checkInconsistentAppendEntries(1592)) - s2@group-EA982605F2E5: Failed appendEntries as the first entry (index 0) already exists (snapshotIndex: -1, commitIndex: 0)
2022-11-08 19:12:08,412 [s2-server-thread2] INFO  server.RaftServer$Division (RaftServerImpl.java:checkInconsistentAppendEntries(1572)) - s2@group-EA982605F2E5: inconsistency entries. Reply:s1<-s2#703:FAIL-t2,INCONSISTENCY,nextIndex=1,followerCommit=0,matchIndex=-1
2022-11-08 19:12:08,412 [grpc-default-executor-3] INFO  leader.FollowerInfo (FollowerInfoImpl.java:lambda$new$0(48)) - s1@group-EA982605F2E5->s2: nextIndex: updateUnconditionally 5 -> 1
2022-11-08 19:12:08,413 [s2-server-thread2] DEBUG server.RaftServer$Division (RaftServerImpl.java:logAppendEntries(1421)) - s2@group-EA982605F2E5: receive appendEntries(s1, 2, (t:2, i:0), 4, true, commits:[s1:c4, s0:c4, s2:c0], cId:704, entries: [(t:2, i:1), STATEMACHINELOGENTRY, 0@client-2EFB324ADA71, (t:2, i:2), METADATAENTRY(c:1), (t:2, i:3), STATEMACHINELOGENTRY, 999@client-AE8279CAF820, (t:2, i:4), METADATAENTRY(c:3)]
2022-11-08 19:12:08,414 [s2-server-thread2] INFO  server.RaftServer$Division (RaftServerImpl.java:checkInconsistentAppendEntries(1602)) - s2@group-EA982605F2E5: Failed appendEntries as previous log entry ((t:2, i:0)) is not found
2022-11-08 19:12:08,414 [s2-server-thread2] INFO  server.RaftServer$Division (RaftServerImpl.java:checkInconsistentAppendEntries(1572)) - s2@group-EA982605F2E5: inconsistency entries. Reply:s1<-s2#704:FAIL-t2,INCONSISTENCY,nextIndex=0,followerCommit=0,matchIndex=-1
2022-11-08 19:12:08,414 [grpc-default-executor-3] INFO  leader.FollowerInfo (FollowerInfoImpl.java:lambda$new$0(48)) - s1@group-EA982605F2E5->s2: nextIndex: updateUnconditionally 5 -> 0
2022-11-08 19:12:08,415 [s2-server-thread1] DEBUG server.RaftServer$Division (RaftServerImpl.java:logAppendEntries(1421)) - s2@group-EA982605F2E5: receive appendEntries(s1, 2, null, 4, true, commits:[s1:c4, s0:c4, s2:c0], cId:705, entries: [(t:2, i:0), CONFIGURATIONENTRY(current:id: "s0"
address: "localhost:34297"
dataStreamAddress: "localhost:43983"
clientAddress: "localhost:39609"
adminAddress: "localhost:37077"
startupRole: FOLLOWER
,id: "s1"
address: "localhost:38917"
dataStreamAddress: "localhost:45719"
clientAddress: "localhost:36975"
adminAddress: "localhost:40635"
startupRole: FOLLOWER
,id: "s2"
address: "localhost:35511"
dataStreamAddress: "localhost:38827"
clientAddress: "localhost:42865"
adminAddress: "localhost:36791"
startupRole: FOLLOWER
, old:), (t:2, i:1), STATEMACHINELOGENTRY, 0@client-2EFB324ADA71, (t:2, i:2), METADATAENTRY(c:1), (t:2, i:3), STATEMACHINELOGENTRY, 999@client-AE8279CAF820, (t:2, i:4), METADATAENTRY(c:3)]
2022-11-08 19:12:08,415 [s2-server-thread1] INFO  server.RaftServer$Division (RaftServerImpl.java:checkInconsistentAppendEntries(1592)) - s2@group-EA982605F2E5: Failed appendEntries as the first entry (index 0) already exists (snapshotIndex: -1, commitIndex: 0)
2022-11-08 19:12:08,415 [s2-server-thread1] INFO  server.RaftServer$Division (RaftServerImpl.java:checkInconsistentAppendEntries(1572)) - s2@group-EA982605F2E5: inconsistency entries. Reply:s1<-s2#705:FAIL-t2,INCONSISTENCY,nextIndex=1,followerCommit=0,matchIndex=-1
2022-11-08 19:12:08,416 [grpc-default-executor-3] INFO  leader.FollowerInfo (FollowerInfoImpl.java:lambda$new$0(48)) - s1@group-EA982605F2E5->s2: nextIndex: updateUnconditionally 5 -> 1
2022-11-08 19:12:08,417 [s2-server-thread1] DEBUG server.RaftServer$Division (RaftServerImpl.java:logAppendEntries(1421)) - s2@group-EA982605F2E5: receive appendEntries(s1, 2, (t:2, i:0), 4, true, commits:[s1:c4, s0:c4, s2:c0], cId:706, entries: [(t:2, i:1), STATEMACHINELOGENTRY, 0@client-2EFB324ADA71, (t:2, i:2), METADATAENTRY(c:1), (t:2, i:3), STATEMACHINELOGENTRY, 999@client-AE8279CAF820, (t:2, i:4), METADATAENTRY(c:3)]
2022-11-08 19:12:08,417 [s2-server-thread1] INFO  server.RaftServer$Division (RaftServerImpl.java:checkInconsistentAppendEntries(1602)) - s2@group-EA982605F2E5: Failed appendEntries as previous log entry ((t:2, i:0)) is not found
2022-11-08 19:12:08,417 [s2-server-thread1] INFO  server.RaftServer$Division (RaftServerImpl.java:checkInconsistentAppendEntries(1572)) - s2@group-EA982605F2E5: inconsistency entries. Reply:s1<-s2#706:FAIL-t2,INCONSISTENCY,nextIndex=0,followerCommit=0,matchIndex=-1
2022-11-08 19:12:08,417 [grpc-default-executor-3] INFO  leader.FollowerInfo (FollowerInfoImpl.java:lambda$new$0(48)) - s1@group-EA982605F2E5->s2: nextIndex: updateUnconditionally 5 -> 0
2022-11-08 19:12:08,418 [s2-server-thread1] DEBUG server.RaftServer$Division (RaftServerImpl.java:logAppendEntries(1421)) - s2@group-EA982605F2E5: receive appendEntries(s1, 2, null, 4, true, commits:[s1:c4, s0:c4, s2:c0], cId:707, entries: [(t:2, i:0), CONFIGURATIONENTRY(current:id: "s0"
address: "localhost:34297"
dataStreamAddress: "localhost:43983"
clientAddress: "localhost:39609"
adminAddress: "localhost:37077"
startupRole: FOLLOWER
,id: "s1"
address: "localhost:38917"
dataStreamAddress: "localhost:45719"
clientAddress: "localhost:36975"
adminAddress: "localhost:40635"
startupRole: FOLLOWER
,id: "s2"
address: "localhost:35511"
dataStreamAddress: "localhost:38827"
clientAddress: "localhost:42865"
adminAddress: "localhost:36791"
startupRole: FOLLOWER
, old:), (t:2, i:1), STATEMACHINELOGENTRY, 0@client-2EFB324ADA71, (t:2, i:2), METADATAENTRY(c:1), (t:2, i:3), STATEMACHINELOGENTRY, 999@client-AE8279CAF820, (t:2, i:4), METADATAENTRY(c:3)]
2022-11-08 19:12:08,418 [s2-server-thread1] INFO  server.RaftServer$Division (RaftServerImpl.java:checkInconsistentAppendEntries(1592)) - s2@group-EA982605F2E5: Failed appendEntries as the first entry (index 0) already exists (snapshotIndex: -1, commitIndex: 0)
2022-11-08 19:12:08,418 [s2-server-thread1] INFO  server.RaftServer$Division (RaftServerImpl.java:checkInconsistentAppendEntries(1572)) - s2@group-EA982605F2E5: inconsistency entries. Reply:s1<-s2#707:FAIL-t2,INCONSISTENCY,nextIndex=1,followerCommit=0,matchIndex=-1
2022-11-08 19:12:08,419 [grpc-default-executor-3] INFO  leader.FollowerInfo (FollowerInfoImpl.java:lambda$new$0(48)) - s1@group-EA982605F2E5->s2: nextIndex: updateUnconditionally 5 -> 1
2022-11-08 19:12:08,420 [s2-server-thread1] DEBUG server.RaftServer$Division (RaftServerImpl.java:logAppendEntries(1421)) - s2@group-EA982605F2E5: receive appendEntries(s1, 2, (t:2, i:0), 4, true, commits:[s1:c4, s0:c4, s2:c0], cId:708, entries: [(t:2, i:1), STATEMACHINELOGENTRY, 0@client-2EFB324ADA71, (t:2, i:2), METADATAENTRY(c:1), (t:2, i:3), STATEMACHINELOGENTRY, 999@client-AE8279CAF820, (t:2, i:4), METADATAENTRY(c:3)]
2022-11-08 19:12:08,420 [s2-server-thread1] INFO  server.RaftServer$Division (RaftServerImpl.java:checkInconsistentAppendEntries(1602)) - s2@group-EA982605F2E5: Failed appendEntries as previous log entry ((t:2, i:0)) is not found
2022-11-08 19:12:08,420 [s2-server-thread1] INFO  server.RaftServer$Division (RaftServerImpl.java:checkInconsistentAppendEntries(1572)) - s2@group-EA982605F2E5: inconsistency entries. Reply:s1<-s2#708:FAIL-t2,INCONSISTENCY,nextIndex=0,followerCommit=0,matchIndex=-1
2022-11-08 19:12:08,421 [grpc-default-executor-3] INFO  leader.FollowerInfo (FollowerInfoImpl.java:lambda$new$0(48)) - s1@group-EA982605F2E5->s2: nextIndex: updateUnconditionally 5 -> 0
2022-11-08 19:12:08,421 [s2-server-thread1] DEBUG server.RaftServer$Division (RaftServerImpl.java:logAppendEntries(1421)) - s2@group-EA982605F2E5: receive appendEntries(s1, 2, null, 4, true, commits:[s1:c4, s0:c4, s2:c0], cId:709, entries: [(t:2, i:0), CONFIGURATIONENTRY(current:id: "s0"
address: "localhost:34297"
dataStreamAddress: "localhost:43983"
clientAddress: "localhost:39609"
adminAddress: "localhost:37077"
startupRole: FOLLOWER
,id: "s1"
address: "localhost:38917"
dataStreamAddress: "localhost:45719"
clientAddress: "localhost:36975"
adminAddress: "localhost:40635"
startupRole: FOLLOWER
,id: "s2"
address: "localhost:35511"
dataStreamAddress: "localhost:38827"
clientAddress: "localhost:42865"
adminAddress: "localhost:36791"
startupRole: FOLLOWER
, old:), (t:2, i:1), STATEMACHINELOGENTRY, 0@client-2EFB324ADA71, (t:2, i:2), METADATAENTRY(c:1), (t:2, i:3), STATEMACHINELOGENTRY, 999@client-AE8279CAF820, (t:2, i:4), METADATAENTRY(c:3)]
2022-11-08 19:12:08,422 [s2-server-thread1] INFO  server.RaftServer$Division (RaftServerImpl.java:checkInconsistentAppendEntries(1592)) - s2@group-EA982605F2E5: Failed appendEntries as the first entry (index 0) already exists (snapshotIndex: -1, commitIndex: 0)
2022-11-08 19:12:08,422 [s2-server-thread1] INFO  server.RaftServer$Division (RaftServerImpl.java:checkInconsistentAppendEntries(1572)) - s2@group-EA982605F2E5: inconsistency entries. Reply:s1<-s2#709:FAIL-t2,INCONSISTENCY,nextIndex=1,followerCommit=0,matchIndex=-1
2022-11-08 19:12:08,422 [grpc-default-executor-3] INFO  leader.FollowerInfo (FollowerInfoImpl.java:lambda$new$0(48)) - s1@group-EA982605F2E5->s2: nextIndex: updateUnconditionally 5 -> 1
2022-11-08 19:12:08,423 [s2-server-thread1] DEBUG server.RaftServer$Division (RaftServerImpl.java:logAppendEntries(1421)) - s2@group-EA982605F2E5: receive appendEntries(s1, 2, (t:2, i:0), 4, true, commits:[s1:c4, s0:c4, s2:c0], cId:710, entries: [(t:2, i:1), STATEMACHINELOGENTRY, 0@client-2EFB324ADA71, (t:2, i:2), METADATAENTRY(c:1), (t:2, i:3), STATEMACHINELOGENTRY, 999@client-AE8279CAF820, (t:2, i:4), METADATAENTRY(c:3)]
2022-11-08 19:12:08,423 [s2-server-thread1] INFO  server.RaftServer$Division (RaftServerImpl.java:checkInconsistentAppendEntries(1602)) - s2@group-EA982605F2E5: Failed appendEntries as previous log entry ((t:2, i:0)) is not found
2022-11-08 19:12:08,423 [s2-server-thread1] INFO  server.RaftServer$Division (RaftServerImpl.java:checkInconsistentAppendEntries(1572)) - s2@group-EA982605F2E5: inconsistency entries. Reply:s1<-s2#710:FAIL-t2,INCONSISTENCY,nextIndex=0,followerCommit=0,matchIndex=-1
2022-11-08 19:12:08,424 [grpc-default-executor-3] INFO  leader.FollowerInfo (FollowerInfoImpl.java:lambda$new$0(48)) - s1@group-EA982605F2E5->s2: nextIndex: updateUnconditionally 5 -> 0
2022-11-08 19:12:08,425 [s2-server-thread1] DEBUG server.RaftServer$Division (RaftServerImpl.java:logAppendEntries(1421)) - s2@group-EA982605F2E5: receive appendEntries(s1, 2, null, 4, true, commits:[s1:c4, s0:c4, s2:c0], cId:711, entries: [(t:2, i:0), CONFIGURATIONENTRY(current:id: "s0"
address: "localhost:34297"
dataStreamAddress: "localhost:43983"
clientAddress: "localhost:39609"
adminAddress: "localhost:37077"
startupRole: FOLLOWER
,id: "s1"
address: "localhost:38917"
dataStreamAddress: "localhost:45719"
clientAddress: "localhost:36975"
adminAddress: "localhost:40635"
startupRole: FOLLOWER
,id: "s2"
address: "localhost:35511"
dataStreamAddress: "localhost:38827"
clientAddress: "localhost:42865"
adminAddress: "localhost:36791"
startupRole: FOLLOWER
, old:), (t:2, i:1), STATEMACHINELOGENTRY, 0@client-2EFB324ADA71, (t:2, i:2), METADATAENTRY(c:1), (t:2, i:3), STATEMACHINELOGENTRY, 999@client-AE8279CAF820, (t:2, i:4), METADATAENTRY(c:3)]
2022-11-08 19:12:08,425 [s2-server-thread1] INFO  server.RaftServer$Division (RaftServerImpl.java:checkInconsistentAppendEntries(1592)) - s2@group-EA982605F2E5: Failed appendEntries as the first entry (index 0) already exists (snapshotIndex: -1, commitIndex: 0)
2022-11-08 19:12:08,425 [s2-server-thread1] INFO  server.RaftServer$Division (RaftServerImpl.java:checkInconsistentAppendEntries(1572)) - s2@group-EA982605F2E5: inconsistency entries. Reply:s1<-s2#711:FAIL-t2,INCONSISTENCY,nextIndex=1,followerCommit=0,matchIndex=-1
2022-11-08 19:12:08,426 [grpc-default-executor-3] INFO  leader.FollowerInfo (FollowerInfoImpl.java:lambda$new$0(48)) - s1@group-EA982605F2E5->s2: nextIndex: updateUnconditionally 5 -> 1
2022-11-08 19:12:08,426 [s2-server-thread1] DEBUG server.RaftServer$Division (RaftServerImpl.java:logAppendEntries(1421)) - s2@group-EA982605F2E5: receive appendEntries(s1, 2, (t:2, i:0), 4, true, commits:[s1:c4, s0:c4, s2:c0], cId:712, entries: [(t:2, i:1), STATEMACHINELOGENTRY, 0@client-2EFB324ADA71, (t:2, i:2), METADATAENTRY(c:1), (t:2, i:3), STATEMACHINELOGENTRY, 999@client-AE8279CAF820, (t:2, i:4), METADATAENTRY(c:3)]
2022-11-08 19:12:08,427 [s2-server-thread1] INFO  server.RaftServer$Division (RaftServerImpl.java:checkInconsistentAppendEntries(1602)) - s2@group-EA982605F2E5: Failed appendEntries as previous log entry ((t:2, i:0)) is not found
2022-11-08 19:12:08,427 [s2-server-thread1] INFO  server.RaftServer$Division (RaftServerImpl.java:checkInconsistentAppendEntries(1572)) - s2@group-EA982605F2E5: inconsistency entries. Reply:s1<-s2#712:FAIL-t2,INCONSISTENCY,nextIndex=0,followerCommit=0,matchIndex=-1
2022-11-08 19:12:08,427 [grpc-default-executor-3] INFO  leader.FollowerInfo (FollowerInfoImpl.java:lambda$new$0(48)) - s1@group-EA982605F2E5->s2: nextIndex: updateUnconditionally 5 -> 0
2022-11-08 19:12:08,428 [s2-server-thread1] DEBUG server.RaftServer$Division (RaftServerImpl.java:logAppendEntries(1421)) - s2@group-EA982605F2E5: receive appendEntries(s1, 2, null, 4, true, commits:[s1:c4, s0:c4, s2:c0], cId:713, entries: [(t:2, i:0), CONFIGURATIONENTRY(current:id: "s0"
address: "localhost:34297"
dataStreamAddress: "localhost:43983"
clientAddress: "localhost:39609"
adminAddress: "localhost:37077"
startupRole: FOLLOWER
,id: "s1"
address: "localhost:38917"
dataStreamAddress: "localhost:45719"
clientAddress: "localhost:36975"
adminAddress: "localhost:40635"
startupRole: FOLLOWER
,id: "s2"
address: "localhost:35511"
dataStreamAddress: "localhost:38827"
clientAddress: "localhost:42865"
adminAddress: "localhost:36791"
startupRole: FOLLOWER
, old:), (t:2, i:1), STATEMACHINELOGENTRY, 0@client-2EFB324ADA71, (t:2, i:2), METADATAENTRY(c:1), (t:2, i:3), STATEMACHINELOGENTRY, 999@client-AE8279CAF820, (t:2, i:4), METADATAENTRY(c:3)]
2022-11-08 19:12:08,428 [s2-server-thread1] INFO  server.RaftServer$Division (RaftServerImpl.java:checkInconsistentAppendEntries(1592)) - s2@group-EA982605F2E5: Failed appendEntries as the first entry (index 0) already exists (snapshotIndex: -1, commitIndex: 0)
2022-11-08 19:12:08,428 [s2-server-thread1] INFO  server.RaftServer$Division (RaftServerImpl.java:checkInconsistentAppendEntries(1572)) - s2@group-EA982605F2E5: inconsistency entries. Reply:s1<-s2#713:FAIL-t2,INCONSISTENCY,nextIndex=1,followerCommit=0,matchIndex=-1
2022-11-08 19:12:08,429 [grpc-default-executor-3] INFO  leader.FollowerInfo (FollowerInfoImpl.java:lambda$new$0(48)) - s1@group-EA982605F2E5->s2: nextIndex: updateUnconditionally 5 -> 1
2022-11-08 19:12:08,430 [s2-server-thread1] DEBUG server.RaftServer$Division (RaftServerImpl.java:logAppendEntries(1421)) - s2@group-EA982605F2E5: receive appendEntries(s1, 2, (t:2, i:0), 4, true, commits:[s1:c4, s0:c4, s2:c0], cId:714, entries: [(t:2, i:1), STATEMACHINELOGENTRY, 0@client-2EFB324ADA71, (t:2, i:2), METADATAENTRY(c:1), (t:2, i:3), STATEMACHINELOGENTRY, 999@client-AE8279CAF820, (t:2, i:4), METADATAENTRY(c:3)]
2022-11-08 19:12:08,430 [s2-server-thread1] INFO  server.RaftServer$Division (RaftServerImpl.java:checkInconsistentAppendEntries(1602)) - s2@group-EA982605F2E5: Failed appendEntries as previous log entry ((t:2, i:0)) is not found
2022-11-08 19:12:08,430 [s2-server-thread1] INFO  server.RaftServer$Division (RaftServerImpl.java:checkInconsistentAppendEntries(1572)) - s2@group-EA982605F2E5: inconsistency entries. Reply:s1<-s2#714:FAIL-t2,INCONSISTENCY,nextIndex=0,followerCommit=0,matchIndex=-1
2022-11-08 19:12:08,430 [grpc-default-executor-3] INFO  leader.FollowerInfo (FollowerInfoImpl.java:lambda$new$0(48)) - s1@group-EA982605F2E5->s2: nextIndex: updateUnconditionally 5 -> 0
2022-11-08 19:12:08,431 [s2-server-thread1] DEBUG server.RaftServer$Division (RaftServerImpl.java:logAppendEntries(1421)) - s2@group-EA982605F2E5: receive appendEntries(s1, 2, null, 4, true, commits:[s1:c4, s0:c4, s2:c0], cId:715, entries: [(t:2, i:0), CONFIGURATIONENTRY(current:id: "s0"
address: "localhost:34297"
dataStreamAddress: "localhost:43983"
clientAddress: "localhost:39609"
adminAddress: "localhost:37077"
startupRole: FOLLOWER
,id: "s1"
address: "localhost:38917"
dataStreamAddress: "localhost:45719"
clientAddress: "localhost:36975"
adminAddress: "localhost:40635"
startupRole: FOLLOWER
,id: "s2"
address: "localhost:35511"
dataStreamAddress: "localhost:38827"
clientAddress: "localhost:42865"
adminAddress: "localhost:36791"
startupRole: FOLLOWER
, old:), (t:2, i:1), STATEMACHINELOGENTRY, 0@client-2EFB324ADA71, (t:2, i:2), METADATAENTRY(c:1), (t:2, i:3), STATEMACHINELOGENTRY, 999@client-AE8279CAF820, (t:2, i:4), METADATAENTRY(c:3)]
2022-11-08 19:12:08,431 [s2-server-thread1] INFO  server.RaftServer$Division (RaftServerImpl.java:checkInconsistentAppendEntries(1592)) - s2@group-EA982605F2E5: Failed appendEntries as the first entry (index 0) already exists (snapshotIndex: -1, commitIndex: 0)
2022-11-08 19:12:08,432 [s2-server-thread1] INFO  server.RaftServer$Division (RaftServerImpl.java:checkInconsistentAppendEntries(1572)) - s2@group-EA982605F2E5: inconsistency entries. Reply:s1<-s2#715:FAIL-t2,INCONSISTENCY,nextIndex=1,followerCommit=0,matchIndex=-1
2022-11-08 19:12:08,432 [grpc-default-executor-3] INFO  leader.FollowerInfo (FollowerInfoImpl.java:lambda$new$0(48)) - s1@group-EA982605F2E5->s2: nextIndex: updateUnconditionally 5 -> 1
2022-11-08 19:12:08,434 [s2-server-thread2] DEBUG server.RaftServer$Division (RaftServerImpl.java:logAppendEntries(1421)) - s2@group-EA982605F2E5: receive appendEntries(s1, 2, (t:2, i:0), 4, true, commits:[s1:c4, s0:c4, s2:c0], cId:716, entries: [(t:2, i:1), STATEMACHINELOGENTRY, 0@client-2EFB324ADA71, (t:2, i:2), METADATAENTRY(c:1), (t:2, i:3), STATEMACHINELOGENTRY, 999@client-AE8279CAF820, (t:2, i:4), METADATAENTRY(c:3)]
2022-11-08 19:12:08,434 [s2-server-thread2] INFO  server.RaftServer$Division (RaftServerImpl.java:checkInconsistentAppendEntries(1602)) - s2@group-EA982605F2E5: Failed appendEntries as previous log entry ((t:2, i:0)) is not found
2022-11-08 19:12:08,434 [s2-server-thread2] INFO  server.RaftServer$Division (RaftServerImpl.java:checkInconsistentAppendEntries(1572)) - s2@group-EA982605F2E5: inconsistency entries. Reply:s1<-s2#716:FAIL-t2,INCONSISTENCY,nextIndex=0,followerCommit=0,matchIndex=-1
2022-11-08 19:12:08,435 [grpc-default-executor-0] INFO  leader.FollowerInfo (FollowerInfoImpl.java:lambda$new$0(48)) - s1@group-EA982605F2E5->s2: nextIndex: updateUnconditionally 5 -> 0
2022-11-08 19:12:08,436 [s2-server-thread1] DEBUG server.RaftServer$Division (RaftServerImpl.java:logAppendEntries(1421)) - s2@group-EA982605F2E5: receive appendEntries(s1, 2, null, 4, true, commits:[s1:c4, s0:c4, s2:c0], cId:717, entries: [(t:2, i:0), CONFIGURATIONENTRY(current:id: "s0"
address: "localhost:34297"
dataStreamAddress: "localhost:43983"
clientAddress: "localhost:39609"
adminAddress: "localhost:37077"
startupRole: FOLLOWER
,id: "s1"
address: "localhost:38917"
dataStreamAddress: "localhost:45719"
clientAddress: "localhost:36975"
adminAddress: "localhost:40635"
startupRole: FOLLOWER
,id: "s2"
address: "localhost:35511"
dataStreamAddress: "localhost:38827"
clientAddress: "localhost:42865"
adminAddress: "localhost:36791"
startupRole: FOLLOWER
, old:), (t:2, i:1), STATEMACHINELOGENTRY, 0@client-2EFB324ADA71, (t:2, i:2), METADATAENTRY(c:1), (t:2, i:3), STATEMACHINELOGENTRY, 999@client-AE8279CAF820, (t:2, i:4), METADATAENTRY(c:3)]
2022-11-08 19:12:08,436 [s2-server-thread1] INFO  server.RaftServer$Division (RaftServerImpl.java:checkInconsistentAppendEntries(1592)) - s2@group-EA982605F2E5: Failed appendEntries as the first entry (index 0) already exists (snapshotIndex: -1, commitIndex: 0)
2022-11-08 19:12:08,436 [s2-server-thread1] INFO  server.RaftServer$Division (RaftServerImpl.java:checkInconsistentAppendEntries(1572)) - s2@group-EA982605F2E5: inconsistency entries. Reply:s1<-s2#717:FAIL-t2,INCONSISTENCY,nextIndex=1,followerCommit=0,matchIndex=-1
2022-11-08 19:12:08,437 [grpc-default-executor-0] INFO  leader.FollowerInfo (FollowerInfoImpl.java:lambda$new$0(48)) - s1@group-EA982605F2E5->s2: nextIndex: updateUnconditionally 5 -> 1
2022-11-08 19:12:08,437 [s2-server-thread1] DEBUG server.RaftServer$Division (RaftServerImpl.java:logAppendEntries(1421)) - s2@group-EA982605F2E5: receive appendEntries(s1, 2, (t:2, i:0), 4, true, commits:[s1:c4, s0:c4, s2:c0], cId:718, entries: [(t:2, i:1), STATEMACHINELOGENTRY, 0@client-2EFB324ADA71, (t:2, i:2), METADATAENTRY(c:1), (t:2, i:3), STATEMACHINELOGENTRY, 999@client-AE8279CAF820, (t:2, i:4), METADATAENTRY(c:3)]
2022-11-08 19:12:08,438 [s2-server-thread1] INFO  server.RaftServer$Division (RaftServerImpl.java:checkInconsistentAppendEntries(1602)) - s2@group-EA982605F2E5: Failed appendEntries as previous log entry ((t:2, i:0)) is not found
2022-11-08 19:12:08,438 [s2-server-thread1] INFO  server.RaftServer$Division (RaftServerImpl.java:checkInconsistentAppendEntries(1572)) - s2@group-EA982605F2E5: inconsistency entries. Reply:s1<-s2#718:FAIL-t2,INCONSISTENCY,nextIndex=0,followerCommit=0,matchIndex=-1
2022-11-08 19:12:08,438 [grpc-default-executor-0] INFO  leader.FollowerInfo (FollowerInfoImpl.java:lambda$new$0(48)) - s1@group-EA982605F2E5->s2: nextIndex: updateUnconditionally 5 -> 0
2022-11-08 19:12:08,439 [s2-server-thread2] DEBUG server.RaftServer$Division (RaftServerImpl.java:logAppendEntries(1421)) - s2@group-EA982605F2E5: receive appendEntries(s1, 2, null, 4, true, commits:[s1:c4, s0:c4, s2:c0], cId:719, entries: [(t:2, i:0), CONFIGURATIONENTRY(current:id: "s0"
address: "localhost:34297"
dataStreamAddress: "localhost:43983"
clientAddress: "localhost:39609"
adminAddress: "localhost:37077"
startupRole: FOLLOWER
,id: "s1"
address: "localhost:38917"
dataStreamAddress: "localhost:45719"
clientAddress: "localhost:36975"
adminAddress: "localhost:40635"
startupRole: FOLLOWER
,id: "s2"
address: "localhost:35511"
dataStreamAddress: "localhost:38827"
clientAddress: "localhost:42865"
adminAddress: "localhost:36791"
startupRole: FOLLOWER
, old:), (t:2, i:1), STATEMACHINELOGENTRY, 0@client-2EFB324ADA71, (t:2, i:2), METADATAENTRY(c:1), (t:2, i:3), STATEMACHINELOGENTRY, 999@client-AE8279CAF820, (t:2, i:4), METADATAENTRY(c:3)]
2022-11-08 19:12:08,439 [s2-server-thread2] INFO  server.RaftServer$Division (RaftServerImpl.java:checkInconsistentAppendEntries(1592)) - s2@group-EA982605F2E5: Failed appendEntries as the first entry (index 0) already exists (snapshotIndex: -1, commitIndex: 0)
2022-11-08 19:12:08,439 [s2-server-thread2] INFO  server.RaftServer$Division (RaftServerImpl.java:checkInconsistentAppendEntries(1572)) - s2@group-EA982605F2E5: inconsistency entries. Reply:s1<-s2#719:FAIL-t2,INCONSISTENCY,nextIndex=1,followerCommit=0,matchIndex=-1
2022-11-08 19:12:08,440 [grpc-default-executor-0] INFO  leader.FollowerInfo (FollowerInfoImpl.java:lambda$new$0(48)) - s1@group-EA982605F2E5->s2: nextIndex: updateUnconditionally 5 -> 1
2022-11-08 19:12:08,441 [s2-server-thread1] DEBUG server.RaftServer$Division (RaftServerImpl.java:logAppendEntries(1421)) - s2@group-EA982605F2E5: receive appendEntries(s1, 2, (t:2, i:0), 4, true, commits:[s1:c4, s0:c4, s2:c0], cId:720, entries: [(t:2, i:1), STATEMACHINELOGENTRY, 0@client-2EFB324ADA71, (t:2, i:2), METADATAENTRY(c:1), (t:2, i:3), STATEMACHINELOGENTRY, 999@client-AE8279CAF820, (t:2, i:4), METADATAENTRY(c:3)]
2022-11-08 19:12:08,441 [s2-server-thread1] INFO  server.RaftServer$Division (RaftServerImpl.java:checkInconsistentAppendEntries(1602)) - s2@group-EA982605F2E5: Failed appendEntries as previous log entry ((t:2, i:0)) is not found
2022-11-08 19:12:08,441 [s2-server-thread1] INFO  server.RaftServer$Division (RaftServerImpl.java:checkInconsistentAppendEntries(1572)) - s2@group-EA982605F2E5: inconsistency entries. Reply:s1<-s2#720:FAIL-t2,INCONSISTENCY,nextIndex=0,followerCommit=0,matchIndex=-1
2022-11-08 19:12:08,441 [grpc-default-executor-0] INFO  leader.FollowerInfo (FollowerInfoImpl.java:lambda$new$0(48)) - s1@group-EA982605F2E5->s2: nextIndex: updateUnconditionally 5 -> 0
2022-11-08 19:12:08,442 [s2-server-thread2] DEBUG server.RaftServer$Division (RaftServerImpl.java:logAppendEntries(1421)) - s2@group-EA982605F2E5: receive appendEntries(s1, 2, null, 4, true, commits:[s1:c4, s0:c4, s2:c0], cId:721, entries: [(t:2, i:0), CONFIGURATIONENTRY(current:id: "s0"
address: "localhost:34297"
dataStreamAddress: "localhost:43983"
clientAddress: "localhost:39609"
adminAddress: "localhost:37077"
startupRole: FOLLOWER
,id: "s1"
address: "localhost:38917"
dataStreamAddress: "localhost:45719"
clientAddress: "localhost:36975"
adminAddress: "localhost:40635"
startupRole: FOLLOWER
,id: "s2"
address: "localhost:35511"
dataStreamAddress: "localhost:38827"
clientAddress: "localhost:42865"
adminAddress: "localhost:36791"
startupRole: FOLLOWER
, old:), (t:2, i:1), STATEMACHINELOGENTRY, 0@client-2EFB324ADA71, (t:2, i:2), METADATAENTRY(c:1), (t:2, i:3), STATEMACHINELOGENTRY, 999@client-AE8279CAF820, (t:2, i:4), METADATAENTRY(c:3)]
2022-11-08 19:12:08,442 [s2-server-thread2] INFO  server.RaftServer$Division (RaftServerImpl.java:checkInconsistentAppendEntries(1592)) - s2@group-EA982605F2E5: Failed appendEntries as the first entry (index 0) already exists (snapshotIndex: -1, commitIndex: 0)
2022-11-08 19:12:08,442 [s2-server-thread2] INFO  server.RaftServer$Division (RaftServerImpl.java:checkInconsistentAppendEntries(1572)) - s2@group-EA982605F2E5: inconsistency entries. Reply:s1<-s2#721:FAIL-t2,INCONSISTENCY,nextIndex=1,followerCommit=0,matchIndex=-1
2022-11-08 19:12:08,443 [grpc-default-executor-0] INFO  leader.FollowerInfo (FollowerInfoImpl.java:lambda$new$0(48)) - s1@group-EA982605F2E5->s2: nextIndex: updateUnconditionally 5 -> 1
2022-11-08 19:12:08,444 [s2-server-thread2] DEBUG server.RaftServer$Division (RaftServerImpl.java:logAppendEntries(1421)) - s2@group-EA982605F2E5: receive appendEntries(s1, 2, (t:2, i:0), 4, true, commits:[s1:c4, s0:c4, s2:c0], cId:722, entries: [(t:2, i:1), STATEMACHINELOGENTRY, 0@client-2EFB324ADA71, (t:2, i:2), METADATAENTRY(c:1), (t:2, i:3), STATEMACHINELOGENTRY, 999@client-AE8279CAF820, (t:2, i:4), METADATAENTRY(c:3)]
2022-11-08 19:12:08,444 [s2-server-thread2] INFO  server.RaftServer$Division (RaftServerImpl.java:checkInconsistentAppendEntries(1602)) - s2@group-EA982605F2E5: Failed appendEntries as previous log entry ((t:2, i:0)) is not found
2022-11-08 19:12:08,444 [s2-server-thread2] INFO  server.RaftServer$Division (RaftServerImpl.java:checkInconsistentAppendEntries(1572)) - s2@group-EA982605F2E5: inconsistency entries. Reply:s1<-s2#722:FAIL-t2,INCONSISTENCY,nextIndex=0,followerCommit=0,matchIndex=-1
2022-11-08 19:12:08,445 [grpc-default-executor-0] INFO  leader.FollowerInfo (FollowerInfoImpl.java:lambda$new$0(48)) - s1@group-EA982605F2E5->s2: nextIndex: updateUnconditionally 5 -> 0
2022-11-08 19:12:08,445 [s2-server-thread2] DEBUG server.RaftServer$Division (RaftServerImpl.java:logAppendEntries(1421)) - s2@group-EA982605F2E5: receive appendEntries(s1, 2, null, 4, true, commits:[s1:c4, s0:c4, s2:c0], cId:723, entries: [(t:2, i:0), CONFIGURATIONENTRY(current:id: "s0"
address: "localhost:34297"
dataStreamAddress: "localhost:43983"
clientAddress: "localhost:39609"
adminAddress: "localhost:37077"
startupRole: FOLLOWER
,id: "s1"
address: "localhost:38917"
dataStreamAddress: "localhost:45719"
clientAddress: "localhost:36975"
adminAddress: "localhost:40635"
startupRole: FOLLOWER
,id: "s2"
address: "localhost:35511"
dataStreamAddress: "localhost:38827"
clientAddress: "localhost:42865"
adminAddress: "localhost:36791"
startupRole: FOLLOWER
, old:), (t:2, i:1), STATEMACHINELOGENTRY, 0@client-2EFB324ADA71, (t:2, i:2), METADATAENTRY(c:1), (t:2, i:3), STATEMACHINELOGENTRY, 999@client-AE8279CAF820, (t:2, i:4), METADATAENTRY(c:3)]
2022-11-08 19:12:08,446 [s2-server-thread2] INFO  server.RaftServer$Division (RaftServerImpl.java:checkInconsistentAppendEntries(1592)) - s2@group-EA982605F2E5: Failed appendEntries as the first entry (index 0) already exists (snapshotIndex: -1, commitIndex: 0)
2022-11-08 19:12:08,446 [s2-server-thread2] INFO  server.RaftServer$Division (RaftServerImpl.java:checkInconsistentAppendEntries(1572)) - s2@group-EA982605F2E5: inconsistency entries. Reply:s1<-s2#723:FAIL-t2,INCONSISTENCY,nextIndex=1,followerCommit=0,matchIndex=-1
2022-11-08 19:12:08,446 [grpc-default-executor-0] INFO  leader.FollowerInfo (FollowerInfoImpl.java:lambda$new$0(48)) - s1@group-EA982605F2E5->s2: nextIndex: updateUnconditionally 5 -> 1
2022-11-08 19:12:08,447 [s2-server-thread2] DEBUG server.RaftServer$Division (RaftServerImpl.java:logAppendEntries(1421)) - s2@group-EA982605F2E5: receive appendEntries(s1, 2, (t:2, i:0), 4, true, commits:[s1:c4, s0:c4, s2:c0], cId:724, entries: [(t:2, i:1), STATEMACHINELOGENTRY, 0@client-2EFB324ADA71, (t:2, i:2), METADATAENTRY(c:1), (t:2, i:3), STATEMACHINELOGENTRY, 999@client-AE8279CAF820, (t:2, i:4), METADATAENTRY(c:3)]
2022-11-08 19:12:08,447 [s2-server-thread2] INFO  server.RaftServer$Division (RaftServerImpl.java:checkInconsistentAppendEntries(1602)) - s2@group-EA982605F2E5: Failed appendEntries as previous log entry ((t:2, i:0)) is not found
2022-11-08 19:12:08,447 [s2-server-thread2] INFO  server.RaftServer$Division (RaftServerImpl.java:checkInconsistentAppendEntries(1572)) - s2@group-EA982605F2E5: inconsistency entries. Reply:s1<-s2#724:FAIL-t2,INCONSISTENCY,nextIndex=0,followerCommit=0,matchIndex=-1
2022-11-08 19:12:08,448 [grpc-default-executor-0] INFO  leader.FollowerInfo (FollowerInfoImpl.java:lambda$new$0(48)) - s1@group-EA982605F2E5->s2: nextIndex: updateUnconditionally 5 -> 0
2022-11-08 19:12:08,448 [s2-server-thread1] DEBUG server.RaftServer$Division (RaftServerImpl.java:logAppendEntries(1421)) - s2@group-EA982605F2E5: receive appendEntries(s1, 2, null, 4, true, commits:[s1:c4, s0:c4, s2:c0], cId:725, entries: [(t:2, i:0), CONFIGURATIONENTRY(current:id: "s0"
address: "localhost:34297"
dataStreamAddress: "localhost:43983"
clientAddress: "localhost:39609"
adminAddress: "localhost:37077"
startupRole: FOLLOWER
,id: "s1"
address: "localhost:38917"
dataStreamAddress: "localhost:45719"
clientAddress: "localhost:36975"
adminAddress: "localhost:40635"
startupRole: FOLLOWER
,id: "s2"
address: "localhost:35511"
dataStreamAddress: "localhost:38827"
clientAddress: "localhost:42865"
adminAddress: "localhost:36791"
startupRole: FOLLOWER
, old:), (t:2, i:1), STATEMACHINELOGENTRY, 0@client-2EFB324ADA71, (t:2, i:2), METADATAENTRY(c:1), (t:2, i:3), STATEMACHINELOGENTRY, 999@client-AE8279CAF820, (t:2, i:4), METADATAENTRY(c:3)]
2022-11-08 19:12:08,449 [s2-server-thread1] INFO  server.RaftServer$Division (RaftServerImpl.java:checkInconsistentAppendEntries(1592)) - s2@group-EA982605F2E5: Failed appendEntries as the first entry (index 0) already exists (snapshotIndex: -1, commitIndex: 0)
2022-11-08 19:12:08,449 [s2-server-thread1] INFO  server.RaftServer$Division (RaftServerImpl.java:checkInconsistentAppendEntries(1572)) - s2@group-EA982605F2E5: inconsistency entries. Reply:s1<-s2#725:FAIL-t2,INCONSISTENCY,nextIndex=1,followerCommit=0,matchIndex=-1
2022-11-08 19:12:08,451 [grpc-default-executor-0] INFO  leader.FollowerInfo (FollowerInfoImpl.java:lambda$new$0(48)) - s1@group-EA982605F2E5->s2: nextIndex: updateUnconditionally 5 -> 1
2022-11-08 19:12:08,452 [s2-server-thread2] DEBUG server.RaftServer$Division (RaftServerImpl.java:logAppendEntries(1421)) - s2@group-EA982605F2E5: receive appendEntries(s1, 2, (t:2, i:0), 4, true, commits:[s1:c4, s0:c4, s2:c0], cId:726, entries: [(t:2, i:1), STATEMACHINELOGENTRY, 0@client-2EFB324ADA71, (t:2, i:2), METADATAENTRY(c:1), (t:2, i:3), STATEMACHINELOGENTRY, 999@client-AE8279CAF820, (t:2, i:4), METADATAENTRY(c:3)]
2022-11-08 19:12:08,452 [s2-server-thread2] INFO  server.RaftServer$Division (RaftServerImpl.java:checkInconsistentAppendEntries(1602)) - s2@group-EA982605F2E5: Failed appendEntries as previous log entry ((t:2, i:0)) is not found
2022-11-08 19:12:08,452 [s2-server-thread2] INFO  server.RaftServer$Division (RaftServerImpl.java:checkInconsistentAppendEntries(1572)) - s2@group-EA982605F2E5: inconsistency entries. Reply:s1<-s2#726:FAIL-t2,INCONSISTENCY,nextIndex=0,followerCommit=0,matchIndex=-1
2022-11-08 19:12:08,452 [grpc-default-executor-0] INFO  leader.FollowerInfo (FollowerInfoImpl.java:lambda$new$0(48)) - s1@group-EA982605F2E5->s2: nextIndex: updateUnconditionally 5 -> 0
2022-11-08 19:12:08,453 [s2-server-thread2] DEBUG server.RaftServer$Division (RaftServerImpl.java:logAppendEntries(1421)) - s2@group-EA982605F2E5: receive appendEntries(s1, 2, null, 4, true, commits:[s1:c4, s0:c4, s2:c0], cId:727, entries: [(t:2, i:0), CONFIGURATIONENTRY(current:id: "s0"
address: "localhost:34297"
dataStreamAddress: "localhost:43983"
clientAddress: "localhost:39609"
adminAddress: "localhost:37077"
startupRole: FOLLOWER
,id: "s1"
address: "localhost:38917"
dataStreamAddress: "localhost:45719"
clientAddress: "localhost:36975"
adminAddress: "localhost:40635"
startupRole: FOLLOWER
,id: "s2"
address: "localhost:35511"
dataStreamAddress: "localhost:38827"
clientAddress: "localhost:42865"
adminAddress: "localhost:36791"
startupRole: FOLLOWER
, old:), (t:2, i:1), STATEMACHINELOGENTRY, 0@client-2EFB324ADA71, (t:2, i:2), METADATAENTRY(c:1), (t:2, i:3), STATEMACHINELOGENTRY, 999@client-AE8279CAF820, (t:2, i:4), METADATAENTRY(c:3)]
2022-11-08 19:12:08,453 [s2-server-thread2] INFO  server.RaftServer$Division (RaftServerImpl.java:checkInconsistentAppendEntries(1592)) - s2@group-EA982605F2E5: Failed appendEntries as the first entry (index 0) already exists (snapshotIndex: -1, commitIndex: 0)
2022-11-08 19:12:08,454 [s2-server-thread2] INFO  server.RaftServer$Division (RaftServerImpl.java:checkInconsistentAppendEntries(1572)) - s2@group-EA982605F2E5: inconsistency entries. Reply:s1<-s2#727:FAIL-t2,INCONSISTENCY,nextIndex=1,followerCommit=0,matchIndex=-1
2022-11-08 19:12:08,454 [grpc-default-executor-0] INFO  leader.FollowerInfo (FollowerInfoImpl.java:lambda$new$0(48)) - s1@group-EA982605F2E5->s2: nextIndex: updateUnconditionally 5 -> 1
2022-11-08 19:12:08,455 [s2-server-thread2] DEBUG server.RaftServer$Division (RaftServerImpl.java:logAppendEntries(1421)) - s2@group-EA982605F2E5: receive appendEntries(s1, 2, (t:2, i:0), 4, true, commits:[s1:c4, s0:c4, s2:c0], cId:728, entries: [(t:2, i:1), STATEMACHINELOGENTRY, 0@client-2EFB324ADA71, (t:2, i:2), METADATAENTRY(c:1), (t:2, i:3), STATEMACHINELOGENTRY, 999@client-AE8279CAF820, (t:2, i:4), METADATAENTRY(c:3)]
2022-11-08 19:12:08,455 [s2-server-thread2] INFO  server.RaftServer$Division (RaftServerImpl.java:checkInconsistentAppendEntries(1602)) - s2@group-EA982605F2E5: Failed appendEntries as previous log entry ((t:2, i:0)) is not found
2022-11-08 19:12:08,455 [s2-server-thread2] INFO  server.RaftServer$Division (RaftServerImpl.java:checkInconsistentAppendEntries(1572)) - s2@group-EA982605F2E5: inconsistency entries. Reply:s1<-s2#728:FAIL-t2,INCONSISTENCY,nextIndex=0,followerCommit=0,matchIndex=-1
2022-11-08 19:12:08,456 [grpc-default-executor-0] INFO  leader.FollowerInfo (FollowerInfoImpl.java:lambda$new$0(48)) - s1@group-EA982605F2E5->s2: nextIndex: updateUnconditionally 5 -> 0
2022-11-08 19:12:08,457 [s2-server-thread2] DEBUG server.RaftServer$Division (RaftServerImpl.java:logAppendEntries(1421)) - s2@group-EA982605F2E5: receive appendEntries(s1, 2, null, 4, true, commits:[s1:c4, s0:c4, s2:c0], cId:729, entries: [(t:2, i:0), CONFIGURATIONENTRY(current:id: "s0"
address: "localhost:34297"
dataStreamAddress: "localhost:43983"
clientAddress: "localhost:39609"
adminAddress: "localhost:37077"
startupRole: FOLLOWER
,id: "s1"
address: "localhost:38917"
dataStreamAddress: "localhost:45719"
clientAddress: "localhost:36975"
adminAddress: "localhost:40635"
startupRole: FOLLOWER
,id: "s2"
address: "localhost:35511"
dataStreamAddress: "localhost:38827"
clientAddress: "localhost:42865"
adminAddress: "localhost:36791"
startupRole: FOLLOWER
, old:), (t:2, i:1), STATEMACHINELOGENTRY, 0@client-2EFB324ADA71, (t:2, i:2), METADATAENTRY(c:1), (t:2, i:3), STATEMACHINELOGENTRY, 999@client-AE8279CAF820, (t:2, i:4), METADATAENTRY(c:3)]
2022-11-08 19:12:08,457 [s2-server-thread2] INFO  server.RaftServer$Division (RaftServerImpl.java:checkInconsistentAppendEntries(1592)) - s2@group-EA982605F2E5: Failed appendEntries as the first entry (index 0) already exists (snapshotIndex: -1, commitIndex: 0)
2022-11-08 19:12:08,457 [s2-server-thread2] INFO  server.RaftServer$Division (RaftServerImpl.java:checkInconsistentAppendEntries(1572)) - s2@group-EA982605F2E5: inconsistency entries. Reply:s1<-s2#729:FAIL-t2,INCONSISTENCY,nextIndex=1,followerCommit=0,matchIndex=-1
2022-11-08 19:12:08,458 [grpc-default-executor-0] INFO  leader.FollowerInfo (FollowerInfoImpl.java:lambda$new$0(48)) - s1@group-EA982605F2E5->s2: nextIndex: updateUnconditionally 5 -> 1
2022-11-08 19:12:08,458 [s2-server-thread2] DEBUG server.RaftServer$Division (RaftServerImpl.java:logAppendEntries(1421)) - s2@group-EA982605F2E5: receive appendEntries(s1, 2, (t:2, i:0), 4, true, commits:[s1:c4, s0:c4, s2:c0], cId:730, entries: [(t:2, i:1), STATEMACHINELOGENTRY, 0@client-2EFB324ADA71, (t:2, i:2), METADATAENTRY(c:1), (t:2, i:3), STATEMACHINELOGENTRY, 999@client-AE8279CAF820, (t:2, i:4), METADATAENTRY(c:3)]
2022-11-08 19:12:08,458 [s2-server-thread2] INFO  server.RaftServer$Division (RaftServerImpl.java:checkInconsistentAppendEntries(1602)) - s2@group-EA982605F2E5: Failed appendEntries as previous log entry ((t:2, i:0)) is not found
2022-11-08 19:12:08,459 [s2-server-thread2] INFO  server.RaftServer$Division (RaftServerImpl.java:checkInconsistentAppendEntries(1572)) - s2@group-EA982605F2E5: inconsistency entries. Reply:s1<-s2#730:FAIL-t2,INCONSISTENCY,nextIndex=0,followerCommit=0,matchIndex=-1
2022-11-08 19:12:08,459 [grpc-default-executor-0] INFO  leader.FollowerInfo (FollowerInfoImpl.java:lambda$new$0(48)) - s1@group-EA982605F2E5->s2: nextIndex: updateUnconditionally 5 -> 0
2022-11-08 19:12:08,460 [s2-server-thread2] DEBUG server.RaftServer$Division (RaftServerImpl.java:logAppendEntries(1421)) - s2@group-EA982605F2E5: receive appendEntries(s1, 2, null, 4, true, commits:[s1:c4, s0:c4, s2:c0], cId:731, entries: [(t:2, i:0), CONFIGURATIONENTRY(current:id: "s0"
address: "localhost:34297"
dataStreamAddress: "localhost:43983"
clientAddress: "localhost:39609"
adminAddress: "localhost:37077"
startupRole: FOLLOWER
,id: "s1"
address: "localhost:38917"
dataStreamAddress: "localhost:45719"
clientAddress: "localhost:36975"
adminAddress: "localhost:40635"
startupRole: FOLLOWER
,id: "s2"
address: "localhost:35511"
dataStreamAddress: "localhost:38827"
clientAddress: "localhost:42865"
adminAddress: "localhost:36791"
startupRole: FOLLOWER
, old:), (t:2, i:1), STATEMACHINELOGENTRY, 0@client-2EFB324ADA71, (t:2, i:2), METADATAENTRY(c:1), (t:2, i:3), STATEMACHINELOGENTRY, 999@client-AE8279CAF820, (t:2, i:4), METADATAENTRY(c:3)]
2022-11-08 19:12:08,460 [s2-server-thread2] INFO  server.RaftServer$Division (RaftServerImpl.java:checkInconsistentAppendEntries(1592)) - s2@group-EA982605F2E5: Failed appendEntries as the first entry (index 0) already exists (snapshotIndex: -1, commitIndex: 0)
2022-11-08 19:12:08,460 [s2-server-thread2] INFO  server.RaftServer$Division (RaftServerImpl.java:checkInconsistentAppendEntries(1572)) - s2@group-EA982605F2E5: inconsistency entries. Reply:s1<-s2#731:FAIL-t2,INCONSISTENCY,nextIndex=1,followerCommit=0,matchIndex=-1
2022-11-08 19:12:08,461 [grpc-default-executor-0] INFO  leader.FollowerInfo (FollowerInfoImpl.java:lambda$new$0(48)) - s1@group-EA982605F2E5->s2: nextIndex: updateUnconditionally 5 -> 1
2022-11-08 19:12:08,461 [s2-server-thread2] DEBUG server.RaftServer$Division (RaftServerImpl.java:logAppendEntries(1421)) - s2@group-EA982605F2E5: receive appendEntries(s1, 2, (t:2, i:0), 4, true, commits:[s1:c4, s0:c4, s2:c0], cId:732, entries: [(t:2, i:1), STATEMACHINELOGENTRY, 0@client-2EFB324ADA71, (t:2, i:2), METADATAENTRY(c:1), (t:2, i:3), STATEMACHINELOGENTRY, 999@client-AE8279CAF820, (t:2, i:4), METADATAENTRY(c:3)]
2022-11-08 19:12:08,462 [s2-server-thread2] INFO  server.RaftServer$Division (RaftServerImpl.java:checkInconsistentAppendEntries(1602)) - s2@group-EA982605F2E5: Failed appendEntries as previous log entry ((t:2, i:0)) is not found
2022-11-08 19:12:08,462 [s2-server-thread2] INFO  server.RaftServer$Division (RaftServerImpl.java:checkInconsistentAppendEntries(1572)) - s2@group-EA982605F2E5: inconsistency entries. Reply:s1<-s2#732:FAIL-t2,INCONSISTENCY,nextIndex=0,followerCommit=0,matchIndex=-1
2022-11-08 19:12:08,462 [grpc-default-executor-0] INFO  leader.FollowerInfo (FollowerInfoImpl.java:lambda$new$0(48)) - s1@group-EA982605F2E5->s2: nextIndex: updateUnconditionally 5 -> 0
2022-11-08 19:12:08,464 [s2-server-thread2] DEBUG server.RaftServer$Division (RaftServerImpl.java:logAppendEntries(1421)) - s2@group-EA982605F2E5: receive appendEntries(s1, 2, null, 4, true, commits:[s1:c4, s0:c4, s2:c0], cId:733, entries: [(t:2, i:0), CONFIGURATIONENTRY(current:id: "s0"
address: "localhost:34297"
dataStreamAddress: "localhost:43983"
clientAddress: "localhost:39609"
adminAddress: "localhost:37077"
startupRole: FOLLOWER
,id: "s1"
address: "localhost:38917"
dataStreamAddress: "localhost:45719"
clientAddress: "localhost:36975"
adminAddress: "localhost:40635"
startupRole: FOLLOWER
,id: "s2"
address: "localhost:35511"
dataStreamAddress: "localhost:38827"
clientAddress: "localhost:42865"
adminAddress: "localhost:36791"
startupRole: FOLLOWER
, old:), (t:2, i:1), STATEMACHINELOGENTRY, 0@client-2EFB324ADA71, (t:2, i:2), METADATAENTRY(c:1), (t:2, i:3), STATEMACHINELOGENTRY, 999@client-AE8279CAF820, (t:2, i:4), METADATAENTRY(c:3)]
2022-11-08 19:12:08,464 [s2-server-thread2] INFO  server.RaftServer$Division (RaftServerImpl.java:checkInconsistentAppendEntries(1592)) - s2@group-EA982605F2E5: Failed appendEntries as the first entry (index 0) already exists (snapshotIndex: -1, commitIndex: 0)
2022-11-08 19:12:08,464 [s2-server-thread2] INFO  server.RaftServer$Division (RaftServerImpl.java:checkInconsistentAppendEntries(1572)) - s2@group-EA982605F2E5: inconsistency entries. Reply:s1<-s2#733:FAIL-t2,INCONSISTENCY,nextIndex=1,followerCommit=0,matchIndex=-1
2022-11-08 19:12:08,464 [grpc-default-executor-0] INFO  leader.FollowerInfo (FollowerInfoImpl.java:lambda$new$0(48)) - s1@group-EA982605F2E5->s2: nextIndex: updateUnconditionally 5 -> 1
2022-11-08 19:12:08,465 [s2-server-thread2] DEBUG server.RaftServer$Division (RaftServerImpl.java:logAppendEntries(1421)) - s2@group-EA982605F2E5: receive appendEntries(s1, 2, (t:2, i:0), 4, true, commits:[s1:c4, s0:c4, s2:c0], cId:734, entries: [(t:2, i:1), STATEMACHINELOGENTRY, 0@client-2EFB324ADA71, (t:2, i:2), METADATAENTRY(c:1), (t:2, i:3), STATEMACHINELOGENTRY, 999@client-AE8279CAF820, (t:2, i:4), METADATAENTRY(c:3)]
2022-11-08 19:12:08,465 [s2-server-thread2] INFO  server.RaftServer$Division (RaftServerImpl.java:checkInconsistentAppendEntries(1602)) - s2@group-EA982605F2E5: Failed appendEntries as previous log entry ((t:2, i:0)) is not found
2022-11-08 19:12:08,466 [s2-server-thread2] INFO  server.RaftServer$Division (RaftServerImpl.java:checkInconsistentAppendEntries(1572)) - s2@group-EA982605F2E5: inconsistency entries. Reply:s1<-s2#734:FAIL-t2,INCONSISTENCY,nextIndex=0,followerCommit=0,matchIndex=-1
2022-11-08 19:12:08,466 [grpc-default-executor-0] INFO  leader.FollowerInfo (FollowerInfoImpl.java:lambda$new$0(48)) - s1@group-EA982605F2E5->s2: nextIndex: updateUnconditionally 5 -> 0
2022-11-08 19:12:08,467 [s2-server-thread2] DEBUG server.RaftServer$Division (RaftServerImpl.java:logAppendEntries(1421)) - s2@group-EA982605F2E5: receive appendEntries(s1, 2, null, 4, true, commits:[s1:c4, s0:c4, s2:c0], cId:735, entries: [(t:2, i:0), CONFIGURATIONENTRY(current:id: "s0"
address: "localhost:34297"
dataStreamAddress: "localhost:43983"
clientAddress: "localhost:39609"
adminAddress: "localhost:37077"
startupRole: FOLLOWER
,id: "s1"
address: "localhost:38917"
dataStreamAddress: "localhost:45719"
clientAddress: "localhost:36975"
adminAddress: "localhost:40635"
startupRole: FOLLOWER
,id: "s2"
address: "localhost:35511"
dataStreamAddress: "localhost:38827"
clientAddress: "localhost:42865"
adminAddress: "localhost:36791"
startupRole: FOLLOWER
, old:), (t:2, i:1), STATEMACHINELOGENTRY, 0@client-2EFB324ADA71, (t:2, i:2), METADATAENTRY(c:1), (t:2, i:3), STATEMACHINELOGENTRY, 999@client-AE8279CAF820, (t:2, i:4), METADATAENTRY(c:3)]
2022-11-08 19:12:08,467 [s2-server-thread2] INFO  server.RaftServer$Division (RaftServerImpl.java:checkInconsistentAppendEntries(1592)) - s2@group-EA982605F2E5: Failed appendEntries as the first entry (index 0) already exists (snapshotIndex: -1, commitIndex: 0)
2022-11-08 19:12:08,467 [s2-server-thread2] INFO  server.RaftServer$Division (RaftServerImpl.java:checkInconsistentAppendEntries(1572)) - s2@group-EA982605F2E5: inconsistency entries. Reply:s1<-s2#735:FAIL-t2,INCONSISTENCY,nextIndex=1,followerCommit=0,matchIndex=-1
2022-11-08 19:12:08,467 [grpc-default-executor-0] INFO  leader.FollowerInfo (FollowerInfoImpl.java:lambda$new$0(48)) - s1@group-EA982605F2E5->s2: nextIndex: updateUnconditionally 5 -> 1
2022-11-08 19:12:08,469 [s2-server-thread2] DEBUG server.RaftServer$Division (RaftServerImpl.java:logAppendEntries(1421)) - s2@group-EA982605F2E5: receive appendEntries(s1, 2, (t:2, i:0), 4, true, commits:[s1:c4, s0:c4, s2:c0], cId:736, entries: [(t:2, i:1), STATEMACHINELOGENTRY, 0@client-2EFB324ADA71, (t:2, i:2), METADATAENTRY(c:1), (t:2, i:3), STATEMACHINELOGENTRY, 999@client-AE8279CAF820, (t:2, i:4), METADATAENTRY(c:3)]
2022-11-08 19:12:08,469 [s2-server-thread2] INFO  server.RaftServer$Division (RaftServerImpl.java:checkInconsistentAppendEntries(1602)) - s2@group-EA982605F2E5: Failed appendEntries as previous log entry ((t:2, i:0)) is not found
2022-11-08 19:12:08,469 [s2-server-thread2] INFO  server.RaftServer$Division (RaftServerImpl.java:checkInconsistentAppendEntries(1572)) - s2@group-EA982605F2E5: inconsistency entries. Reply:s1<-s2#736:FAIL-t2,INCONSISTENCY,nextIndex=0,followerCommit=0,matchIndex=-1
2022-11-08 19:12:08,474 [grpc-default-executor-0] INFO  leader.FollowerInfo (FollowerInfoImpl.java:lambda$new$0(48)) - s1@group-EA982605F2E5->s2: nextIndex: updateUnconditionally 5 -> 0
2022-11-08 19:12:08,475 [s2-server-thread2] DEBUG server.RaftServer$Division (RaftServerImpl.java:logAppendEntries(1421)) - s2@group-EA982605F2E5: receive appendEntries(s1, 2, null, 4, true, commits:[s1:c4, s0:c4, s2:c0], cId:737, entries: [(t:2, i:0), CONFIGURATIONENTRY(current:id: "s0"
address: "localhost:34297"
dataStreamAddress: "localhost:43983"
clientAddress: "localhost:39609"
adminAddress: "localhost:37077"
startupRole: FOLLOWER
,id: "s1"
address: "localhost:38917"
dataStreamAddress: "localhost:45719"
clientAddress: "localhost:36975"
adminAddress: "localhost:40635"
startupRole: FOLLOWER
,id: "s2"
address: "localhost:35511"
dataStreamAddress: "localhost:38827"
clientAddress: "localhost:42865"
adminAddress: "localhost:36791"
startupRole: FOLLOWER
, old:), (t:2, i:1), STATEMACHINELOGENTRY, 0@client-2EFB324ADA71, (t:2, i:2), METADATAENTRY(c:1), (t:2, i:3), STATEMACHINELOGENTRY, 999@client-AE8279CAF820, (t:2, i:4), METADATAENTRY(c:3)]
2022-11-08 19:12:08,475 [s2-server-thread2] INFO  server.RaftServer$Division (RaftServerImpl.java:checkInconsistentAppendEntries(1592)) - s2@group-EA982605F2E5: Failed appendEntries as the first entry (index 0) already exists (snapshotIndex: -1, commitIndex: 0)
2022-11-08 19:12:08,475 [s2-server-thread2] INFO  server.RaftServer$Division (RaftServerImpl.java:checkInconsistentAppendEntries(1572)) - s2@group-EA982605F2E5: inconsistency entries. Reply:s1<-s2#737:FAIL-t2,INCONSISTENCY,nextIndex=1,followerCommit=0,matchIndex=-1
2022-11-08 19:12:08,476 [grpc-default-executor-0] INFO  leader.FollowerInfo (FollowerInfoImpl.java:lambda$new$0(48)) - s1@group-EA982605F2E5->s2: nextIndex: updateUnconditionally 5 -> 1
2022-11-08 19:12:08,477 [s2-server-thread2] DEBUG server.RaftServer$Division (RaftServerImpl.java:logAppendEntries(1421)) - s2@group-EA982605F2E5: receive appendEntries(s1, 2, (t:2, i:0), 4, true, commits:[s1:c4, s0:c4, s2:c0], cId:738, entries: [(t:2, i:1), STATEMACHINELOGENTRY, 0@client-2EFB324ADA71, (t:2, i:2), METADATAENTRY(c:1), (t:2, i:3), STATEMACHINELOGENTRY, 999@client-AE8279CAF820, (t:2, i:4), METADATAENTRY(c:3)]
2022-11-08 19:12:08,477 [s2-server-thread2] INFO  server.RaftServer$Division (RaftServerImpl.java:checkInconsistentAppendEntries(1602)) - s2@group-EA982605F2E5: Failed appendEntries as previous log entry ((t:2, i:0)) is not found
2022-11-08 19:12:08,477 [s2-server-thread2] INFO  server.RaftServer$Division (RaftServerImpl.java:checkInconsistentAppendEntries(1572)) - s2@group-EA982605F2E5: inconsistency entries. Reply:s1<-s2#738:FAIL-t2,INCONSISTENCY,nextIndex=0,followerCommit=0,matchIndex=-1
2022-11-08 19:12:08,477 [grpc-default-executor-0] INFO  leader.FollowerInfo (FollowerInfoImpl.java:lambda$new$0(48)) - s1@group-EA982605F2E5->s2: nextIndex: updateUnconditionally 5 -> 0
2022-11-08 19:12:08,478 [s2-server-thread2] DEBUG server.RaftServer$Division (RaftServerImpl.java:logAppendEntries(1421)) - s2@group-EA982605F2E5: receive appendEntries(s1, 2, null, 4, true, commits:[s1:c4, s0:c4, s2:c0], cId:739, entries: [(t:2, i:0), CONFIGURATIONENTRY(current:id: "s0"
address: "localhost:34297"
dataStreamAddress: "localhost:43983"
clientAddress: "localhost:39609"
adminAddress: "localhost:37077"
startupRole: FOLLOWER
,id: "s1"
address: "localhost:38917"
dataStreamAddress: "localhost:45719"
clientAddress: "localhost:36975"
adminAddress: "localhost:40635"
startupRole: FOLLOWER
,id: "s2"
address: "localhost:35511"
dataStreamAddress: "localhost:38827"
clientAddress: "localhost:42865"
adminAddress: "localhost:36791"
startupRole: FOLLOWER
, old:), (t:2, i:1), STATEMACHINELOGENTRY, 0@client-2EFB324ADA71, (t:2, i:2), METADATAENTRY(c:1), (t:2, i:3), STATEMACHINELOGENTRY, 999@client-AE8279CAF820, (t:2, i:4), METADATAENTRY(c:3)]
2022-11-08 19:12:08,478 [s2-server-thread2] INFO  server.RaftServer$Division (RaftServerImpl.java:checkInconsistentAppendEntries(1592)) - s2@group-EA982605F2E5: Failed appendEntries as the first entry (index 0) already exists (snapshotIndex: -1, commitIndex: 0)
2022-11-08 19:12:08,479 [s2-server-thread2] INFO  server.RaftServer$Division (RaftServerImpl.java:checkInconsistentAppendEntries(1572)) - s2@group-EA982605F2E5: inconsistency entries. Reply:s1<-s2#739:FAIL-t2,INCONSISTENCY,nextIndex=1,followerCommit=0,matchIndex=-1
2022-11-08 19:12:08,479 [grpc-default-executor-0] INFO  leader.FollowerInfo (FollowerInfoImpl.java:lambda$new$0(48)) - s1@group-EA982605F2E5->s2: nextIndex: updateUnconditionally 5 -> 1
2022-11-08 19:12:08,480 [s2-server-thread2] DEBUG server.RaftServer$Division (RaftServerImpl.java:logAppendEntries(1421)) - s2@group-EA982605F2E5: receive appendEntries(s1, 2, (t:2, i:0), 4, true, commits:[s1:c4, s0:c4, s2:c0], cId:740, entries: [(t:2, i:1), STATEMACHINELOGENTRY, 0@client-2EFB324ADA71, (t:2, i:2), METADATAENTRY(c:1), (t:2, i:3), STATEMACHINELOGENTRY, 999@client-AE8279CAF820, (t:2, i:4), METADATAENTRY(c:3)]
2022-11-08 19:12:08,480 [s2-server-thread2] INFO  server.RaftServer$Division (RaftServerImpl.java:checkInconsistentAppendEntries(1602)) - s2@group-EA982605F2E5: Failed appendEntries as previous log entry ((t:2, i:0)) is not found
2022-11-08 19:12:08,480 [s2-server-thread2] INFO  server.RaftServer$Division (RaftServerImpl.java:checkInconsistentAppendEntries(1572)) - s2@group-EA982605F2E5: inconsistency entries. Reply:s1<-s2#740:FAIL-t2,INCONSISTENCY,nextIndex=0,followerCommit=0,matchIndex=-1
2022-11-08 19:12:08,480 [grpc-default-executor-0] INFO  leader.FollowerInfo (FollowerInfoImpl.java:lambda$new$0(48)) - s1@group-EA982605F2E5->s2: nextIndex: updateUnconditionally 5 -> 0
2022-11-08 19:12:08,481 [s2-server-thread1] DEBUG server.RaftServer$Division (RaftServerImpl.java:logAppendEntries(1421)) - s2@group-EA982605F2E5: receive appendEntries(s1, 2, null, 4, true, commits:[s1:c4, s0:c4, s2:c0], cId:741, entries: [(t:2, i:0), CONFIGURATIONENTRY(current:id: "s0"
address: "localhost:34297"
dataStreamAddress: "localhost:43983"
clientAddress: "localhost:39609"
adminAddress: "localhost:37077"
startupRole: FOLLOWER
,id: "s1"
address: "localhost:38917"
dataStreamAddress: "localhost:45719"
clientAddress: "localhost:36975"
adminAddress: "localhost:40635"
startupRole: FOLLOWER
,id: "s2"
address: "localhost:35511"
dataStreamAddress: "localhost:38827"
clientAddress: "localhost:42865"
adminAddress: "localhost:36791"
startupRole: FOLLOWER
, old:), (t:2, i:1), STATEMACHINELOGENTRY, 0@client-2EFB324ADA71, (t:2, i:2), METADATAENTRY(c:1), (t:2, i:3), STATEMACHINELOGENTRY, 999@client-AE8279CAF820, (t:2, i:4), METADATAENTRY(c:3)]
2022-11-08 19:12:08,481 [s2-server-thread1] INFO  server.RaftServer$Division (RaftServerImpl.java:checkInconsistentAppendEntries(1592)) - s2@group-EA982605F2E5: Failed appendEntries as the first entry (index 0) already exists (snapshotIndex: -1, commitIndex: 0)
2022-11-08 19:12:08,482 [s2-server-thread1] INFO  server.RaftServer$Division (RaftServerImpl.java:checkInconsistentAppendEntries(1572)) - s2@group-EA982605F2E5: inconsistency entries. Reply:s1<-s2#741:FAIL-t2,INCONSISTENCY,nextIndex=1,followerCommit=0,matchIndex=-1
2022-11-08 19:12:08,482 [grpc-default-executor-0] INFO  leader.FollowerInfo (FollowerInfoImpl.java:lambda$new$0(48)) - s1@group-EA982605F2E5->s2: nextIndex: updateUnconditionally 5 -> 1
2022-11-08 19:12:08,483 [s2-server-thread2] DEBUG server.RaftServer$Division (RaftServerImpl.java:logAppendEntries(1421)) - s2@group-EA982605F2E5: receive appendEntries(s1, 2, (t:2, i:0), 4, true, commits:[s1:c4, s0:c4, s2:c0], cId:742, entries: [(t:2, i:1), STATEMACHINELOGENTRY, 0@client-2EFB324ADA71, (t:2, i:2), METADATAENTRY(c:1), (t:2, i:3), STATEMACHINELOGENTRY, 999@client-AE8279CAF820, (t:2, i:4), METADATAENTRY(c:3)]
2022-11-08 19:12:08,483 [s2-server-thread2] INFO  server.RaftServer$Division (RaftServerImpl.java:checkInconsistentAppendEntries(1602)) - s2@group-EA982605F2E5: Failed appendEntries as previous log entry ((t:2, i:0)) is not found
2022-11-08 19:12:08,483 [s2-server-thread2] INFO  server.RaftServer$Division (RaftServerImpl.java:checkInconsistentAppendEntries(1572)) - s2@group-EA982605F2E5: inconsistency entries. Reply:s1<-s2#742:FAIL-t2,INCONSISTENCY,nextIndex=0,followerCommit=0,matchIndex=-1
2022-11-08 19:12:08,483 [grpc-default-executor-0] INFO  leader.FollowerInfo (FollowerInfoImpl.java:lambda$new$0(48)) - s1@group-EA982605F2E5->s2: nextIndex: updateUnconditionally 5 -> 0
2022-11-08 19:12:08,484 [s2-server-thread2] DEBUG server.RaftServer$Division (RaftServerImpl.java:logAppendEntries(1421)) - s2@group-EA982605F2E5: receive appendEntries(s1, 2, null, 4, true, commits:[s1:c4, s0:c4, s2:c0], cId:743, entries: [(t:2, i:0), CONFIGURATIONENTRY(current:id: "s0"
address: "localhost:34297"
dataStreamAddress: "localhost:43983"
clientAddress: "localhost:39609"
adminAddress: "localhost:37077"
startupRole: FOLLOWER
,id: "s1"
address: "localhost:38917"
dataStreamAddress: "localhost:45719"
clientAddress: "localhost:36975"
adminAddress: "localhost:40635"
startupRole: FOLLOWER
,id: "s2"
address: "localhost:35511"
dataStreamAddress: "localhost:38827"
clientAddress: "localhost:42865"
adminAddress: "localhost:36791"
startupRole: FOLLOWER
, old:), (t:2, i:1), STATEMACHINELOGENTRY, 0@client-2EFB324ADA71, (t:2, i:2), METADATAENTRY(c:1), (t:2, i:3), STATEMACHINELOGENTRY, 999@client-AE8279CAF820, (t:2, i:4), METADATAENTRY(c:3)]
2022-11-08 19:12:08,485 [s2-server-thread2] INFO  server.RaftServer$Division (RaftServerImpl.java:checkInconsistentAppendEntries(1592)) - s2@group-EA982605F2E5: Failed appendEntries as the first entry (index 0) already exists (snapshotIndex: -1, commitIndex: 0)
2022-11-08 19:12:08,485 [s2-server-thread2] INFO  server.RaftServer$Division (RaftServerImpl.java:checkInconsistentAppendEntries(1572)) - s2@group-EA982605F2E5: inconsistency entries. Reply:s1<-s2#743:FAIL-t2,INCONSISTENCY,nextIndex=1,followerCommit=0,matchIndex=-1
2022-11-08 19:12:08,485 [grpc-default-executor-0] INFO  leader.FollowerInfo (FollowerInfoImpl.java:lambda$new$0(48)) - s1@group-EA982605F2E5->s2: nextIndex: updateUnconditionally 5 -> 1
2022-11-08 19:12:08,486 [s2-server-thread2] DEBUG server.RaftServer$Division (RaftServerImpl.java:logAppendEntries(1421)) - s2@group-EA982605F2E5: receive appendEntries(s1, 2, (t:2, i:0), 4, true, commits:[s1:c4, s0:c4, s2:c0], cId:744, entries: [(t:2, i:1), STATEMACHINELOGENTRY, 0@client-2EFB324ADA71, (t:2, i:2), METADATAENTRY(c:1), (t:2, i:3), STATEMACHINELOGENTRY, 999@client-AE8279CAF820, (t:2, i:4), METADATAENTRY(c:3)]
2022-11-08 19:12:08,486 [s2-server-thread2] INFO  server.RaftServer$Division (RaftServerImpl.java:checkInconsistentAppendEntries(1602)) - s2@group-EA982605F2E5: Failed appendEntries as previous log entry ((t:2, i:0)) is not found
2022-11-08 19:12:08,486 [s2-server-thread2] INFO  server.RaftServer$Division (RaftServerImpl.java:checkInconsistentAppendEntries(1572)) - s2@group-EA982605F2E5: inconsistency entries. Reply:s1<-s2#744:FAIL-t2,INCONSISTENCY,nextIndex=0,followerCommit=0,matchIndex=-1
2022-11-08 19:12:08,487 [grpc-default-executor-0] INFO  leader.FollowerInfo (FollowerInfoImpl.java:lambda$new$0(48)) - s1@group-EA982605F2E5->s2: nextIndex: updateUnconditionally 5 -> 0
2022-11-08 19:12:08,487 [s2-server-thread1] DEBUG server.RaftServer$Division (RaftServerImpl.java:logAppendEntries(1421)) - s2@group-EA982605F2E5: receive appendEntries(s1, 2, null, 4, true, commits:[s1:c4, s0:c4, s2:c0], cId:745, entries: [(t:2, i:0), CONFIGURATIONENTRY(current:id: "s0"
address: "localhost:34297"
dataStreamAddress: "localhost:43983"
clientAddress: "localhost:39609"
adminAddress: "localhost:37077"
startupRole: FOLLOWER
,id: "s1"
address: "localhost:38917"
dataStreamAddress: "localhost:45719"
clientAddress: "localhost:36975"
adminAddress: "localhost:40635"
startupRole: FOLLOWER
,id: "s2"
address: "localhost:35511"
dataStreamAddress: "localhost:38827"
clientAddress: "localhost:42865"
adminAddress: "localhost:36791"
startupRole: FOLLOWER
, old:), (t:2, i:1), STATEMACHINELOGENTRY, 0@client-2EFB324ADA71, (t:2, i:2), METADATAENTRY(c:1), (t:2, i:3), STATEMACHINELOGENTRY, 999@client-AE8279CAF820, (t:2, i:4), METADATAENTRY(c:3)]
2022-11-08 19:12:08,487 [s2-server-thread1] INFO  server.RaftServer$Division (RaftServerImpl.java:checkInconsistentAppendEntries(1592)) - s2@group-EA982605F2E5: Failed appendEntries as the first entry (index 0) already exists (snapshotIndex: -1, commitIndex: 0)
2022-11-08 19:12:08,487 [s2-server-thread1] INFO  server.RaftServer$Division (RaftServerImpl.java:checkInconsistentAppendEntries(1572)) - s2@group-EA982605F2E5: inconsistency entries. Reply:s1<-s2#745:FAIL-t2,INCONSISTENCY,nextIndex=1,followerCommit=0,matchIndex=-1
2022-11-08 19:12:08,488 [grpc-default-executor-0] INFO  leader.FollowerInfo (FollowerInfoImpl.java:lambda$new$0(48)) - s1@group-EA982605F2E5->s2: nextIndex: updateUnconditionally 5 -> 1
2022-11-08 19:12:08,489 [s2-server-thread2] DEBUG server.RaftServer$Division (RaftServerImpl.java:logAppendEntries(1421)) - s2@group-EA982605F2E5: receive appendEntries(s1, 2, (t:2, i:0), 4, true, commits:[s1:c4, s0:c4, s2:c0], cId:746, entries: [(t:2, i:1), STATEMACHINELOGENTRY, 0@client-2EFB324ADA71, (t:2, i:2), METADATAENTRY(c:1), (t:2, i:3), STATEMACHINELOGENTRY, 999@client-AE8279CAF820, (t:2, i:4), METADATAENTRY(c:3)]
2022-11-08 19:12:08,489 [s2-server-thread2] INFO  server.RaftServer$Division (RaftServerImpl.java:checkInconsistentAppendEntries(1602)) - s2@group-EA982605F2E5: Failed appendEntries as previous log entry ((t:2, i:0)) is not found
2022-11-08 19:12:08,489 [s2-server-thread2] INFO  server.RaftServer$Division (RaftServerImpl.java:checkInconsistentAppendEntries(1572)) - s2@group-EA982605F2E5: inconsistency entries. Reply:s1<-s2#746:FAIL-t2,INCONSISTENCY,nextIndex=0,followerCommit=0,matchIndex=-1
2022-11-08 19:12:08,490 [grpc-default-executor-0] INFO  leader.FollowerInfo (FollowerInfoImpl.java:lambda$new$0(48)) - s1@group-EA982605F2E5->s2: nextIndex: updateUnconditionally 5 -> 0
2022-11-08 19:12:08,491 [s2-server-thread2] DEBUG server.RaftServer$Division (RaftServerImpl.java:logAppendEntries(1421)) - s2@group-EA982605F2E5: receive appendEntries(s1, 2, null, 4, true, commits:[s1:c4, s0:c4, s2:c0], cId:747, entries: [(t:2, i:0), CONFIGURATIONENTRY(current:id: "s0"
address: "localhost:34297"
dataStreamAddress: "localhost:43983"
clientAddress: "localhost:39609"
adminAddress: "localhost:37077"
startupRole: FOLLOWER
,id: "s1"
address: "localhost:38917"
dataStreamAddress: "localhost:45719"
clientAddress: "localhost:36975"
adminAddress: "localhost:40635"
startupRole: FOLLOWER
,id: "s2"
address: "localhost:35511"
dataStreamAddress: "localhost:38827"
clientAddress: "localhost:42865"
adminAddress: "localhost:36791"
startupRole: FOLLOWER
, old:), (t:2, i:1), STATEMACHINELOGENTRY, 0@client-2EFB324ADA71, (t:2, i:2), METADATAENTRY(c:1), (t:2, i:3), STATEMACHINELOGENTRY, 999@client-AE8279CAF820, (t:2, i:4), METADATAENTRY(c:3)]
2022-11-08 19:12:08,491 [s2-server-thread2] INFO  server.RaftServer$Division (RaftServerImpl.java:checkInconsistentAppendEntries(1592)) - s2@group-EA982605F2E5: Failed appendEntries as the first entry (index 0) already exists (snapshotIndex: -1, commitIndex: 0)
2022-11-08 19:12:08,491 [s2-server-thread2] INFO  server.RaftServer$Division (RaftServerImpl.java:checkInconsistentAppendEntries(1572)) - s2@group-EA982605F2E5: inconsistency entries. Reply:s1<-s2#747:FAIL-t2,INCONSISTENCY,nextIndex=1,followerCommit=0,matchIndex=-1
2022-11-08 19:12:08,492 [grpc-default-executor-0] INFO  leader.FollowerInfo (FollowerInfoImpl.java:lambda$new$0(48)) - s1@group-EA982605F2E5->s2: nextIndex: updateUnconditionally 5 -> 1
2022-11-08 19:12:08,492 [s2-server-thread1] DEBUG server.RaftServer$Division (RaftServerImpl.java:logAppendEntries(1421)) - s2@group-EA982605F2E5: receive appendEntries(s1, 2, (t:2, i:0), 4, true, commits:[s1:c4, s0:c4, s2:c0], cId:748, entries: [(t:2, i:1), STATEMACHINELOGENTRY, 0@client-2EFB324ADA71, (t:2, i:2), METADATAENTRY(c:1), (t:2, i:3), STATEMACHINELOGENTRY, 999@client-AE8279CAF820, (t:2, i:4), METADATAENTRY(c:3)]
2022-11-08 19:12:08,492 [s2-server-thread1] INFO  server.RaftServer$Division (RaftServerImpl.java:checkInconsistentAppendEntries(1602)) - s2@group-EA982605F2E5: Failed appendEntries as previous log entry ((t:2, i:0)) is not found
2022-11-08 19:12:08,492 [s2-server-thread1] INFO  server.RaftServer$Division (RaftServerImpl.java:checkInconsistentAppendEntries(1572)) - s2@group-EA982605F2E5: inconsistency entries. Reply:s1<-s2#748:FAIL-t2,INCONSISTENCY,nextIndex=0,followerCommit=0,matchIndex=-1
2022-11-08 19:12:08,495 [grpc-default-executor-0] INFO  leader.FollowerInfo (FollowerInfoImpl.java:lambda$new$0(48)) - s1@group-EA982605F2E5->s2: nextIndex: updateUnconditionally 5 -> 0
2022-11-08 19:12:08,496 [s2-server-thread2] DEBUG server.RaftServer$Division (RaftServerImpl.java:logAppendEntries(1421)) - s2@group-EA982605F2E5: receive appendEntries(s1, 2, null, 4, true, commits:[s1:c4, s0:c4, s2:c0], cId:749, entries: [(t:2, i:0), CONFIGURATIONENTRY(current:id: "s0"
address: "localhost:34297"
dataStreamAddress: "localhost:43983"
clientAddress: "localhost:39609"
adminAddress: "localhost:37077"
startupRole: FOLLOWER
,id: "s1"
address: "localhost:38917"
dataStreamAddress: "localhost:45719"
clientAddress: "localhost:36975"
adminAddress: "localhost:40635"
startupRole: FOLLOWER
,id: "s2"
address: "localhost:35511"
dataStreamAddress: "localhost:38827"
clientAddress: "localhost:42865"
adminAddress: "localhost:36791"
startupRole: FOLLOWER
, old:), (t:2, i:1), STATEMACHINELOGENTRY, 0@client-2EFB324ADA71, (t:2, i:2), METADATAENTRY(c:1), (t:2, i:3), STATEMACHINELOGENTRY, 999@client-AE8279CAF820, (t:2, i:4), METADATAENTRY(c:3)]
2022-11-08 19:12:08,497 [s2-server-thread2] INFO  server.RaftServer$Division (RaftServerImpl.java:checkInconsistentAppendEntries(1592)) - s2@group-EA982605F2E5: Failed appendEntries as the first entry (index 0) already exists (snapshotIndex: -1, commitIndex: 0)
2022-11-08 19:12:08,497 [s2-server-thread2] INFO  server.RaftServer$Division (RaftServerImpl.java:checkInconsistentAppendEntries(1572)) - s2@group-EA982605F2E5: inconsistency entries. Reply:s1<-s2#749:FAIL-t2,INCONSISTENCY,nextIndex=1,followerCommit=0,matchIndex=-1
2022-11-08 19:12:08,497 [grpc-default-executor-0] INFO  leader.FollowerInfo (FollowerInfoImpl.java:lambda$new$0(48)) - s1@group-EA982605F2E5->s2: nextIndex: updateUnconditionally 5 -> 1
2022-11-08 19:12:08,498 [s2-server-thread2] DEBUG server.RaftServer$Division (RaftServerImpl.java:logAppendEntries(1421)) - s2@group-EA982605F2E5: receive appendEntries(s1, 2, (t:2, i:0), 4, true, commits:[s1:c4, s0:c4, s2:c0], cId:750, entries: [(t:2, i:1), STATEMACHINELOGENTRY, 0@client-2EFB324ADA71, (t:2, i:2), METADATAENTRY(c:1), (t:2, i:3), STATEMACHINELOGENTRY, 999@client-AE8279CAF820, (t:2, i:4), METADATAENTRY(c:3)]
2022-11-08 19:12:08,498 [s2-server-thread2] INFO  server.RaftServer$Division (RaftServerImpl.java:checkInconsistentAppendEntries(1602)) - s2@group-EA982605F2E5: Failed appendEntries as previous log entry ((t:2, i:0)) is not found
2022-11-08 19:12:08,498 [s2-server-thread2] INFO  server.RaftServer$Division (RaftServerImpl.java:checkInconsistentAppendEntries(1572)) - s2@group-EA982605F2E5: inconsistency entries. Reply:s1<-s2#750:FAIL-t2,INCONSISTENCY,nextIndex=0,followerCommit=0,matchIndex=-1
2022-11-08 19:12:08,499 [grpc-default-executor-0] INFO  leader.FollowerInfo (FollowerInfoImpl.java:lambda$new$0(48)) - s1@group-EA982605F2E5->s2: nextIndex: updateUnconditionally 5 -> 0
2022-11-08 19:12:08,499 [s2-server-thread2] DEBUG server.RaftServer$Division (RaftServerImpl.java:logAppendEntries(1421)) - s2@group-EA982605F2E5: receive appendEntries(s1, 2, null, 4, true, commits:[s1:c4, s0:c4, s2:c0], cId:751, entries: [(t:2, i:0), CONFIGURATIONENTRY(current:id: "s0"
address: "localhost:34297"
dataStreamAddress: "localhost:43983"
clientAddress: "localhost:39609"
adminAddress: "localhost:37077"
startupRole: FOLLOWER
,id: "s1"
address: "localhost:38917"
dataStreamAddress: "localhost:45719"
clientAddress: "localhost:36975"
adminAddress: "localhost:40635"
startupRole: FOLLOWER
,id: "s2"
address: "localhost:35511"
dataStreamAddress: "localhost:38827"
clientAddress: "localhost:42865"
adminAddress: "localhost:36791"
startupRole: FOLLOWER
, old:), (t:2, i:1), STATEMACHINELOGENTRY, 0@client-2EFB324ADA71, (t:2, i:2), METADATAENTRY(c:1), (t:2, i:3), STATEMACHINELOGENTRY, 999@client-AE8279CAF820, (t:2, i:4), METADATAENTRY(c:3)]
2022-11-08 19:12:08,500 [s2-server-thread2] INFO  server.RaftServer$Division (RaftServerImpl.java:checkInconsistentAppendEntries(1592)) - s2@group-EA982605F2E5: Failed appendEntries as the first entry (index 0) already exists (snapshotIndex: -1, commitIndex: 0)
2022-11-08 19:12:08,500 [s2-server-thread2] INFO  server.RaftServer$Division (RaftServerImpl.java:checkInconsistentAppendEntries(1572)) - s2@group-EA982605F2E5: inconsistency entries. Reply:s1<-s2#751:FAIL-t2,INCONSISTENCY,nextIndex=1,followerCommit=0,matchIndex=-1
2022-11-08 19:12:08,500 [grpc-default-executor-0] INFO  leader.FollowerInfo (FollowerInfoImpl.java:lambda$new$0(48)) - s1@group-EA982605F2E5->s2: nextIndex: updateUnconditionally 5 -> 1
2022-11-08 19:12:08,501 [s2-server-thread1] DEBUG server.RaftServer$Division (RaftServerImpl.java:logAppendEntries(1421)) - s2@group-EA982605F2E5: receive appendEntries(s1, 2, (t:2, i:0), 4, true, commits:[s1:c4, s0:c4, s2:c0], cId:752, entries: [(t:2, i:1), STATEMACHINELOGENTRY, 0@client-2EFB324ADA71, (t:2, i:2), METADATAENTRY(c:1), (t:2, i:3), STATEMACHINELOGENTRY, 999@client-AE8279CAF820, (t:2, i:4), METADATAENTRY(c:3)]
2022-11-08 19:12:08,501 [s2-server-thread1] INFO  server.RaftServer$Division (RaftServerImpl.java:checkInconsistentAppendEntries(1602)) - s2@group-EA982605F2E5: Failed appendEntries as previous log entry ((t:2, i:0)) is not found
2022-11-08 19:12:08,501 [s2-server-thread1] INFO  server.RaftServer$Division (RaftServerImpl.java:checkInconsistentAppendEntries(1572)) - s2@group-EA982605F2E5: inconsistency entries. Reply:s1<-s2#752:FAIL-t2,INCONSISTENCY,nextIndex=0,followerCommit=0,matchIndex=-1
2022-11-08 19:12:08,502 [grpc-default-executor-0] INFO  leader.FollowerInfo (FollowerInfoImpl.java:lambda$new$0(48)) - s1@group-EA982605F2E5->s2: nextIndex: updateUnconditionally 5 -> 0
2022-11-08 19:12:08,502 [s2-server-thread2] DEBUG server.RaftServer$Division (RaftServerImpl.java:logAppendEntries(1421)) - s2@group-EA982605F2E5: receive appendEntries(s1, 2, null, 4, true, commits:[s1:c4, s0:c4, s2:c0], cId:753, entries: [(t:2, i:0), CONFIGURATIONENTRY(current:id: "s0"
address: "localhost:34297"
dataStreamAddress: "localhost:43983"
clientAddress: "localhost:39609"
adminAddress: "localhost:37077"
startupRole: FOLLOWER
,id: "s1"
address: "localhost:38917"
dataStreamAddress: "localhost:45719"
clientAddress: "localhost:36975"
adminAddress: "localhost:40635"
startupRole: FOLLOWER
,id: "s2"
address: "localhost:35511"
dataStreamAddress: "localhost:38827"
clientAddress: "localhost:42865"
adminAddress: "localhost:36791"
startupRole: FOLLOWER
, old:), (t:2, i:1), STATEMACHINELOGENTRY, 0@client-2EFB324ADA71, (t:2, i:2), METADATAENTRY(c:1), (t:2, i:3), STATEMACHINELOGENTRY, 999@client-AE8279CAF820, (t:2, i:4), METADATAENTRY(c:3)]
2022-11-08 19:12:08,503 [s2-server-thread2] INFO  server.RaftServer$Division (RaftServerImpl.java:checkInconsistentAppendEntries(1592)) - s2@group-EA982605F2E5: Failed appendEntries as the first entry (index 0) already exists (snapshotIndex: -1, commitIndex: 0)
2022-11-08 19:12:08,503 [s2-server-thread2] INFO  server.RaftServer$Division (RaftServerImpl.java:checkInconsistentAppendEntries(1572)) - s2@group-EA982605F2E5: inconsistency entries. Reply:s1<-s2#753:FAIL-t2,INCONSISTENCY,nextIndex=1,followerCommit=0,matchIndex=-1
2022-11-08 19:12:08,503 [grpc-default-executor-0] INFO  leader.FollowerInfo (FollowerInfoImpl.java:lambda$new$0(48)) - s1@group-EA982605F2E5->s2: nextIndex: updateUnconditionally 5 -> 1
2022-11-08 19:12:08,504 [s2-server-thread2] DEBUG server.RaftServer$Division (RaftServerImpl.java:logAppendEntries(1421)) - s2@group-EA982605F2E5: receive appendEntries(s1, 2, (t:2, i:0), 4, true, commits:[s1:c4, s0:c4, s2:c0], cId:754, entries: [(t:2, i:1), STATEMACHINELOGENTRY, 0@client-2EFB324ADA71, (t:2, i:2), METADATAENTRY(c:1), (t:2, i:3), STATEMACHINELOGENTRY, 999@client-AE8279CAF820, (t:2, i:4), METADATAENTRY(c:3)]
2022-11-08 19:12:08,504 [s2-server-thread2] INFO  server.RaftServer$Division (RaftServerImpl.java:checkInconsistentAppendEntries(1602)) - s2@group-EA982605F2E5: Failed appendEntries as previous log entry ((t:2, i:0)) is not found
2022-11-08 19:12:08,504 [s2-server-thread2] INFO  server.RaftServer$Division (RaftServerImpl.java:checkInconsistentAppendEntries(1572)) - s2@group-EA982605F2E5: inconsistency entries. Reply:s1<-s2#754:FAIL-t2,INCONSISTENCY,nextIndex=0,followerCommit=0,matchIndex=-1
2022-11-08 19:12:08,505 [grpc-default-executor-0] INFO  leader.FollowerInfo (FollowerInfoImpl.java:lambda$new$0(48)) - s1@group-EA982605F2E5->s2: nextIndex: updateUnconditionally 5 -> 0
2022-11-08 19:12:08,506 [s2-server-thread1] DEBUG server.RaftServer$Division (RaftServerImpl.java:logAppendEntries(1421)) - s2@group-EA982605F2E5: receive appendEntries(s1, 2, null, 4, true, commits:[s1:c4, s0:c4, s2:c0], cId:755, entries: [(t:2, i:0), CONFIGURATIONENTRY(current:id: "s0"
address: "localhost:34297"
dataStreamAddress: "localhost:43983"
clientAddress: "localhost:39609"
adminAddress: "localhost:37077"
startupRole: FOLLOWER
,id: "s1"
address: "localhost:38917"
dataStreamAddress: "localhost:45719"
clientAddress: "localhost:36975"
adminAddress: "localhost:40635"
startupRole: FOLLOWER
,id: "s2"
address: "localhost:35511"
dataStreamAddress: "localhost:38827"
clientAddress: "localhost:42865"
adminAddress: "localhost:36791"
startupRole: FOLLOWER
, old:), (t:2, i:1), STATEMACHINELOGENTRY, 0@client-2EFB324ADA71, (t:2, i:2), METADATAENTRY(c:1), (t:2, i:3), STATEMACHINELOGENTRY, 999@client-AE8279CAF820, (t:2, i:4), METADATAENTRY(c:3)]
2022-11-08 19:12:08,506 [s2-server-thread1] INFO  server.RaftServer$Division (RaftServerImpl.java:checkInconsistentAppendEntries(1592)) - s2@group-EA982605F2E5: Failed appendEntries as the first entry (index 0) already exists (snapshotIndex: -1, commitIndex: 0)
2022-11-08 19:12:08,506 [s2-server-thread1] INFO  server.RaftServer$Division (RaftServerImpl.java:checkInconsistentAppendEntries(1572)) - s2@group-EA982605F2E5: inconsistency entries. Reply:s1<-s2#755:FAIL-t2,INCONSISTENCY,nextIndex=1,followerCommit=0,matchIndex=-1
2022-11-08 19:12:08,506 [grpc-default-executor-0] INFO  leader.FollowerInfo (FollowerInfoImpl.java:lambda$new$0(48)) - s1@group-EA982605F2E5->s2: nextIndex: updateUnconditionally 5 -> 1
2022-11-08 19:12:08,507 [s2-server-thread2] DEBUG server.RaftServer$Division (RaftServerImpl.java:logAppendEntries(1421)) - s2@group-EA982605F2E5: receive appendEntries(s1, 2, (t:2, i:0), 4, true, commits:[s1:c4, s0:c4, s2:c0], cId:756, entries: [(t:2, i:1), STATEMACHINELOGENTRY, 0@client-2EFB324ADA71, (t:2, i:2), METADATAENTRY(c:1), (t:2, i:3), STATEMACHINELOGENTRY, 999@client-AE8279CAF820, (t:2, i:4), METADATAENTRY(c:3)]
2022-11-08 19:12:08,507 [s2-server-thread2] INFO  server.RaftServer$Division (RaftServerImpl.java:checkInconsistentAppendEntries(1602)) - s2@group-EA982605F2E5: Failed appendEntries as previous log entry ((t:2, i:0)) is not found
2022-11-08 19:12:08,507 [s2-server-thread2] INFO  server.RaftServer$Division (RaftServerImpl.java:checkInconsistentAppendEntries(1572)) - s2@group-EA982605F2E5: inconsistency entries. Reply:s1<-s2#756:FAIL-t2,INCONSISTENCY,nextIndex=0,followerCommit=0,matchIndex=-1
2022-11-08 19:12:08,508 [grpc-default-executor-0] INFO  leader.FollowerInfo (FollowerInfoImpl.java:lambda$new$0(48)) - s1@group-EA982605F2E5->s2: nextIndex: updateUnconditionally 5 -> 0
2022-11-08 19:12:08,509 [s2-server-thread2] DEBUG server.RaftServer$Division (RaftServerImpl.java:logAppendEntries(1421)) - s2@group-EA982605F2E5: receive appendEntries(s1, 2, null, 4, true, commits:[s1:c4, s0:c4, s2:c0], cId:757, entries: [(t:2, i:0), CONFIGURATIONENTRY(current:id: "s0"
address: "localhost:34297"
dataStreamAddress: "localhost:43983"
clientAddress: "localhost:39609"
adminAddress: "localhost:37077"
startupRole: FOLLOWER
,id: "s1"
address: "localhost:38917"
dataStreamAddress: "localhost:45719"
clientAddress: "localhost:36975"
adminAddress: "localhost:40635"
startupRole: FOLLOWER
,id: "s2"
address: "localhost:35511"
dataStreamAddress: "localhost:38827"
clientAddress: "localhost:42865"
adminAddress: "localhost:36791"
startupRole: FOLLOWER
, old:), (t:2, i:1), STATEMACHINELOGENTRY, 0@client-2EFB324ADA71, (t:2, i:2), METADATAENTRY(c:1), (t:2, i:3), STATEMACHINELOGENTRY, 999@client-AE8279CAF820, (t:2, i:4), METADATAENTRY(c:3)]
2022-11-08 19:12:08,509 [s2-server-thread2] INFO  server.RaftServer$Division (RaftServerImpl.java:checkInconsistentAppendEntries(1592)) - s2@group-EA982605F2E5: Failed appendEntries as the first entry (index 0) already exists (snapshotIndex: -1, commitIndex: 0)
2022-11-08 19:12:08,509 [s2-server-thread2] INFO  server.RaftServer$Division (RaftServerImpl.java:checkInconsistentAppendEntries(1572)) - s2@group-EA982605F2E5: inconsistency entries. Reply:s1<-s2#757:FAIL-t2,INCONSISTENCY,nextIndex=1,followerCommit=0,matchIndex=-1
2022-11-08 19:12:08,511 [grpc-default-executor-3] INFO  leader.FollowerInfo (FollowerInfoImpl.java:lambda$new$0(48)) - s1@group-EA982605F2E5->s2: nextIndex: updateUnconditionally 5 -> 1
2022-11-08 19:12:08,512 [s2-server-thread1] DEBUG server.RaftServer$Division (RaftServerImpl.java:logAppendEntries(1421)) - s2@group-EA982605F2E5: receive appendEntries(s1, 2, (t:2, i:0), 4, true, commits:[s1:c4, s0:c4, s2:c0], cId:758, entries: [(t:2, i:1), STATEMACHINELOGENTRY, 0@client-2EFB324ADA71, (t:2, i:2), METADATAENTRY(c:1), (t:2, i:3), STATEMACHINELOGENTRY, 999@client-AE8279CAF820, (t:2, i:4), METADATAENTRY(c:3)]
2022-11-08 19:12:08,512 [s2-server-thread1] INFO  server.RaftServer$Division (RaftServerImpl.java:checkInconsistentAppendEntries(1602)) - s2@group-EA982605F2E5: Failed appendEntries as previous log entry ((t:2, i:0)) is not found
2022-11-08 19:12:08,512 [s2-server-thread1] INFO  server.RaftServer$Division (RaftServerImpl.java:checkInconsistentAppendEntries(1572)) - s2@group-EA982605F2E5: inconsistency entries. Reply:s1<-s2#758:FAIL-t2,INCONSISTENCY,nextIndex=0,followerCommit=0,matchIndex=-1
2022-11-08 19:12:08,512 [grpc-default-executor-3] INFO  leader.FollowerInfo (FollowerInfoImpl.java:lambda$new$0(48)) - s1@group-EA982605F2E5->s2: nextIndex: updateUnconditionally 5 -> 0
2022-11-08 19:12:08,513 [s2-server-thread2] DEBUG server.RaftServer$Division (RaftServerImpl.java:logAppendEntries(1421)) - s2@group-EA982605F2E5: receive appendEntries(s1, 2, null, 4, true, commits:[s1:c4, s0:c4, s2:c0], cId:759, entries: [(t:2, i:0), CONFIGURATIONENTRY(current:id: "s0"
address: "localhost:34297"
dataStreamAddress: "localhost:43983"
clientAddress: "localhost:39609"
adminAddress: "localhost:37077"
startupRole: FOLLOWER
,id: "s1"
address: "localhost:38917"
dataStreamAddress: "localhost:45719"
clientAddress: "localhost:36975"
adminAddress: "localhost:40635"
startupRole: FOLLOWER
,id: "s2"
address: "localhost:35511"
dataStreamAddress: "localhost:38827"
clientAddress: "localhost:42865"
adminAddress: "localhost:36791"
startupRole: FOLLOWER
, old:), (t:2, i:1), STATEMACHINELOGENTRY, 0@client-2EFB324ADA71, (t:2, i:2), METADATAENTRY(c:1), (t:2, i:3), STATEMACHINELOGENTRY, 999@client-AE8279CAF820, (t:2, i:4), METADATAENTRY(c:3)]
2022-11-08 19:12:08,514 [s2-server-thread2] INFO  server.RaftServer$Division (RaftServerImpl.java:checkInconsistentAppendEntries(1592)) - s2@group-EA982605F2E5: Failed appendEntries as the first entry (index 0) already exists (snapshotIndex: -1, commitIndex: 0)
2022-11-08 19:12:08,514 [s2-server-thread2] INFO  server.RaftServer$Division (RaftServerImpl.java:checkInconsistentAppendEntries(1572)) - s2@group-EA982605F2E5: inconsistency entries. Reply:s1<-s2#759:FAIL-t2,INCONSISTENCY,nextIndex=1,followerCommit=0,matchIndex=-1
2022-11-08 19:12:08,514 [grpc-default-executor-3] INFO  leader.FollowerInfo (FollowerInfoImpl.java:lambda$new$0(48)) - s1@group-EA982605F2E5->s2: nextIndex: updateUnconditionally 5 -> 1
2022-11-08 19:12:08,515 [s2-server-thread2] DEBUG server.RaftServer$Division (RaftServerImpl.java:logAppendEntries(1421)) - s2@group-EA982605F2E5: receive appendEntries(s1, 2, (t:2, i:0), 4, true, commits:[s1:c4, s0:c4, s2:c0], cId:760, entries: [(t:2, i:1), STATEMACHINELOGENTRY, 0@client-2EFB324ADA71, (t:2, i:2), METADATAENTRY(c:1), (t:2, i:3), STATEMACHINELOGENTRY, 999@client-AE8279CAF820, (t:2, i:4), METADATAENTRY(c:3)]
2022-11-08 19:12:08,515 [s2-server-thread2] INFO  server.RaftServer$Division (RaftServerImpl.java:checkInconsistentAppendEntries(1602)) - s2@group-EA982605F2E5: Failed appendEntries as previous log entry ((t:2, i:0)) is not found
2022-11-08 19:12:08,515 [s2-server-thread2] INFO  server.RaftServer$Division (RaftServerImpl.java:checkInconsistentAppendEntries(1572)) - s2@group-EA982605F2E5: inconsistency entries. Reply:s1<-s2#760:FAIL-t2,INCONSISTENCY,nextIndex=0,followerCommit=0,matchIndex=-1
2022-11-08 19:12:08,516 [grpc-default-executor-3] INFO  leader.FollowerInfo (FollowerInfoImpl.java:lambda$new$0(48)) - s1@group-EA982605F2E5->s2: nextIndex: updateUnconditionally 5 -> 0
2022-11-08 19:12:08,516 [s2-server-thread2] DEBUG server.RaftServer$Division (RaftServerImpl.java:logAppendEntries(1421)) - s2@group-EA982605F2E5: receive appendEntries(s1, 2, null, 4, true, commits:[s1:c4, s0:c4, s2:c0], cId:761, entries: [(t:2, i:0), CONFIGURATIONENTRY(current:id: "s0"
address: "localhost:34297"
dataStreamAddress: "localhost:43983"
clientAddress: "localhost:39609"
adminAddress: "localhost:37077"
startupRole: FOLLOWER
,id: "s1"
address: "localhost:38917"
dataStreamAddress: "localhost:45719"
clientAddress: "localhost:36975"
adminAddress: "localhost:40635"
startupRole: FOLLOWER
,id: "s2"
address: "localhost:35511"
dataStreamAddress: "localhost:38827"
clientAddress: "localhost:42865"
adminAddress: "localhost:36791"
startupRole: FOLLOWER
, old:), (t:2, i:1), STATEMACHINELOGENTRY, 0@client-2EFB324ADA71, (t:2, i:2), METADATAENTRY(c:1), (t:2, i:3), STATEMACHINELOGENTRY, 999@client-AE8279CAF820, (t:2, i:4), METADATAENTRY(c:3)]
2022-11-08 19:12:08,517 [s2-server-thread2] INFO  server.RaftServer$Division (RaftServerImpl.java:checkInconsistentAppendEntries(1592)) - s2@group-EA982605F2E5: Failed appendEntries as the first entry (index 0) already exists (snapshotIndex: -1, commitIndex: 0)
2022-11-08 19:12:08,517 [s2-server-thread2] INFO  server.RaftServer$Division (RaftServerImpl.java:checkInconsistentAppendEntries(1572)) - s2@group-EA982605F2E5: inconsistency entries. Reply:s1<-s2#761:FAIL-t2,INCONSISTENCY,nextIndex=1,followerCommit=0,matchIndex=-1
2022-11-08 19:12:08,517 [grpc-default-executor-3] INFO  leader.FollowerInfo (FollowerInfoImpl.java:lambda$new$0(48)) - s1@group-EA982605F2E5->s2: nextIndex: updateUnconditionally 5 -> 1
2022-11-08 19:12:08,518 [s2-server-thread2] DEBUG server.RaftServer$Division (RaftServerImpl.java:logAppendEntries(1421)) - s2@group-EA982605F2E5: receive appendEntries(s1, 2, (t:2, i:0), 4, true, commits:[s1:c4, s0:c4, s2:c0], cId:762, entries: [(t:2, i:1), STATEMACHINELOGENTRY, 0@client-2EFB324ADA71, (t:2, i:2), METADATAENTRY(c:1), (t:2, i:3), STATEMACHINELOGENTRY, 999@client-AE8279CAF820, (t:2, i:4), METADATAENTRY(c:3)]
2022-11-08 19:12:08,519 [s2-server-thread2] INFO  server.RaftServer$Division (RaftServerImpl.java:checkInconsistentAppendEntries(1602)) - s2@group-EA982605F2E5: Failed appendEntries as previous log entry ((t:2, i:0)) is not found
2022-11-08 19:12:08,519 [s2-server-thread2] INFO  server.RaftServer$Division (RaftServerImpl.java:checkInconsistentAppendEntries(1572)) - s2@group-EA982605F2E5: inconsistency entries. Reply:s1<-s2#762:FAIL-t2,INCONSISTENCY,nextIndex=0,followerCommit=0,matchIndex=-1
2022-11-08 19:12:08,519 [grpc-default-executor-3] INFO  leader.FollowerInfo (FollowerInfoImpl.java:lambda$new$0(48)) - s1@group-EA982605F2E5->s2: nextIndex: updateUnconditionally 5 -> 0
2022-11-08 19:12:08,520 [s2-server-thread1] DEBUG server.RaftServer$Division (RaftServerImpl.java:logAppendEntries(1421)) - s2@group-EA982605F2E5: receive appendEntries(s1, 2, null, 4, true, commits:[s1:c4, s0:c4, s2:c0], cId:763, entries: [(t:2, i:0), CONFIGURATIONENTRY(current:id: "s0"
address: "localhost:34297"
dataStreamAddress: "localhost:43983"
clientAddress: "localhost:39609"
adminAddress: "localhost:37077"
startupRole: FOLLOWER
,id: "s1"
address: "localhost:38917"
dataStreamAddress: "localhost:45719"
clientAddress: "localhost:36975"
adminAddress: "localhost:40635"
startupRole: FOLLOWER
,id: "s2"
address: "localhost:35511"
dataStreamAddress: "localhost:38827"
clientAddress: "localhost:42865"
adminAddress: "localhost:36791"
startupRole: FOLLOWER
, old:), (t:2, i:1), STATEMACHINELOGENTRY, 0@client-2EFB324ADA71, (t:2, i:2), METADATAENTRY(c:1), (t:2, i:3), STATEMACHINELOGENTRY, 999@client-AE8279CAF820, (t:2, i:4), METADATAENTRY(c:3)]
2022-11-08 19:12:08,520 [s2-server-thread1] INFO  server.RaftServer$Division (RaftServerImpl.java:checkInconsistentAppendEntries(1592)) - s2@group-EA982605F2E5: Failed appendEntries as the first entry (index 0) already exists (snapshotIndex: -1, commitIndex: 0)
2022-11-08 19:12:08,520 [s2-server-thread1] INFO  server.RaftServer$Division (RaftServerImpl.java:checkInconsistentAppendEntries(1572)) - s2@group-EA982605F2E5: inconsistency entries. Reply:s1<-s2#763:FAIL-t2,INCONSISTENCY,nextIndex=1,followerCommit=0,matchIndex=-1
2022-11-08 19:12:08,521 [grpc-default-executor-3] INFO  leader.FollowerInfo (FollowerInfoImpl.java:lambda$new$0(48)) - s1@group-EA982605F2E5->s2: nextIndex: updateUnconditionally 5 -> 1
2022-11-08 19:12:08,521 [s2-server-thread2] DEBUG server.RaftServer$Division (RaftServerImpl.java:logAppendEntries(1421)) - s2@group-EA982605F2E5: receive appendEntries(s1, 2, (t:2, i:0), 4, true, commits:[s1:c4, s0:c4, s2:c0], cId:764, entries: [(t:2, i:1), STATEMACHINELOGENTRY, 0@client-2EFB324ADA71, (t:2, i:2), METADATAENTRY(c:1), (t:2, i:3), STATEMACHINELOGENTRY, 999@client-AE8279CAF820, (t:2, i:4), METADATAENTRY(c:3)]
2022-11-08 19:12:08,522 [s2-server-thread2] INFO  server.RaftServer$Division (RaftServerImpl.java:checkInconsistentAppendEntries(1602)) - s2@group-EA982605F2E5: Failed appendEntries as previous log entry ((t:2, i:0)) is not found
2022-11-08 19:12:08,522 [s2-server-thread2] INFO  server.RaftServer$Division (RaftServerImpl.java:checkInconsistentAppendEntries(1572)) - s2@group-EA982605F2E5: inconsistency entries. Reply:s1<-s2#764:FAIL-t2,INCONSISTENCY,nextIndex=0,followerCommit=0,matchIndex=-1
2022-11-08 19:12:08,522 [grpc-default-executor-3] INFO  leader.FollowerInfo (FollowerInfoImpl.java:lambda$new$0(48)) - s1@group-EA982605F2E5->s2: nextIndex: updateUnconditionally 5 -> 0
2022-11-08 19:12:08,523 [s2-server-thread2] DEBUG server.RaftServer$Division (RaftServerImpl.java:logAppendEntries(1421)) - s2@group-EA982605F2E5: receive appendEntries(s1, 2, null, 4, true, commits:[s1:c4, s0:c4, s2:c0], cId:765, entries: [(t:2, i:0), CONFIGURATIONENTRY(current:id: "s0"
address: "localhost:34297"
dataStreamAddress: "localhost:43983"
clientAddress: "localhost:39609"
adminAddress: "localhost:37077"
startupRole: FOLLOWER
,id: "s1"
address: "localhost:38917"
dataStreamAddress: "localhost:45719"
clientAddress: "localhost:36975"
adminAddress: "localhost:40635"
startupRole: FOLLOWER
,id: "s2"
address: "localhost:35511"
dataStreamAddress: "localhost:38827"
clientAddress: "localhost:42865"
adminAddress: "localhost:36791"
startupRole: FOLLOWER
, old:), (t:2, i:1), STATEMACHINELOGENTRY, 0@client-2EFB324ADA71, (t:2, i:2), METADATAENTRY(c:1), (t:2, i:3), STATEMACHINELOGENTRY, 999@client-AE8279CAF820, (t:2, i:4), METADATAENTRY(c:3)]
2022-11-08 19:12:08,523 [s2-server-thread2] INFO  server.RaftServer$Division (RaftServerImpl.java:checkInconsistentAppendEntries(1592)) - s2@group-EA982605F2E5: Failed appendEntries as the first entry (index 0) already exists (snapshotIndex: -1, commitIndex: 0)
2022-11-08 19:12:08,523 [s2-server-thread2] INFO  server.RaftServer$Division (RaftServerImpl.java:checkInconsistentAppendEntries(1572)) - s2@group-EA982605F2E5: inconsistency entries. Reply:s1<-s2#765:FAIL-t2,INCONSISTENCY,nextIndex=1,followerCommit=0,matchIndex=-1
2022-11-08 19:12:08,524 [grpc-default-executor-3] INFO  leader.FollowerInfo (FollowerInfoImpl.java:lambda$new$0(48)) - s1@group-EA982605F2E5->s2: nextIndex: updateUnconditionally 5 -> 1
2022-11-08 19:12:08,524 [s2-server-thread2] DEBUG server.RaftServer$Division (RaftServerImpl.java:logAppendEntries(1421)) - s2@group-EA982605F2E5: receive appendEntries(s1, 2, (t:2, i:0), 4, true, commits:[s1:c4, s0:c4, s2:c0], cId:766, entries: [(t:2, i:1), STATEMACHINELOGENTRY, 0@client-2EFB324ADA71, (t:2, i:2), METADATAENTRY(c:1), (t:2, i:3), STATEMACHINELOGENTRY, 999@client-AE8279CAF820, (t:2, i:4), METADATAENTRY(c:3)]
2022-11-08 19:12:08,525 [s2-server-thread2] INFO  server.RaftServer$Division (RaftServerImpl.java:checkInconsistentAppendEntries(1602)) - s2@group-EA982605F2E5: Failed appendEntries as previous log entry ((t:2, i:0)) is not found
2022-11-08 19:12:08,525 [s2-server-thread2] INFO  server.RaftServer$Division (RaftServerImpl.java:checkInconsistentAppendEntries(1572)) - s2@group-EA982605F2E5: inconsistency entries. Reply:s1<-s2#766:FAIL-t2,INCONSISTENCY,nextIndex=0,followerCommit=0,matchIndex=-1
2022-11-08 19:12:08,525 [grpc-default-executor-3] INFO  leader.FollowerInfo (FollowerInfoImpl.java:lambda$new$0(48)) - s1@group-EA982605F2E5->s2: nextIndex: updateUnconditionally 5 -> 0
2022-11-08 19:12:08,526 [s2-server-thread1] DEBUG server.RaftServer$Division (RaftServerImpl.java:logAppendEntries(1421)) - s2@group-EA982605F2E5: receive appendEntries(s1, 2, null, 4, true, commits:[s1:c4, s0:c4, s2:c0], cId:767, entries: [(t:2, i:0), CONFIGURATIONENTRY(current:id: "s0"
address: "localhost:34297"
dataStreamAddress: "localhost:43983"
clientAddress: "localhost:39609"
adminAddress: "localhost:37077"
startupRole: FOLLOWER
,id: "s1"
address: "localhost:38917"
dataStreamAddress: "localhost:45719"
clientAddress: "localhost:36975"
adminAddress: "localhost:40635"
startupRole: FOLLOWER
,id: "s2"
address: "localhost:35511"
dataStreamAddress: "localhost:38827"
clientAddress: "localhost:42865"
adminAddress: "localhost:36791"
startupRole: FOLLOWER
, old:), (t:2, i:1), STATEMACHINELOGENTRY, 0@client-2EFB324ADA71, (t:2, i:2), METADATAENTRY(c:1), (t:2, i:3), STATEMACHINELOGENTRY, 999@client-AE8279CAF820, (t:2, i:4), METADATAENTRY(c:3)]
2022-11-08 19:12:08,526 [s2-server-thread1] INFO  server.RaftServer$Division (RaftServerImpl.java:checkInconsistentAppendEntries(1592)) - s2@group-EA982605F2E5: Failed appendEntries as the first entry (index 0) already exists (snapshotIndex: -1, commitIndex: 0)
2022-11-08 19:12:08,526 [s2-server-thread1] INFO  server.RaftServer$Division (RaftServerImpl.java:checkInconsistentAppendEntries(1572)) - s2@group-EA982605F2E5: inconsistency entries. Reply:s1<-s2#767:FAIL-t2,INCONSISTENCY,nextIndex=1,followerCommit=0,matchIndex=-1
2022-11-08 19:12:08,527 [grpc-default-executor-3] INFO  leader.FollowerInfo (FollowerInfoImpl.java:lambda$new$0(48)) - s1@group-EA982605F2E5->s2: nextIndex: updateUnconditionally 5 -> 1
2022-11-08 19:12:08,527 [s2-server-thread2] DEBUG server.RaftServer$Division (RaftServerImpl.java:logAppendEntries(1421)) - s2@group-EA982605F2E5: receive appendEntries(s1, 2, (t:2, i:0), 4, true, commits:[s1:c4, s0:c4, s2:c0], cId:768, entries: [(t:2, i:1), STATEMACHINELOGENTRY, 0@client-2EFB324ADA71, (t:2, i:2), METADATAENTRY(c:1), (t:2, i:3), STATEMACHINELOGENTRY, 999@client-AE8279CAF820, (t:2, i:4), METADATAENTRY(c:3)]
2022-11-08 19:12:08,528 [s2-server-thread2] INFO  server.RaftServer$Division (RaftServerImpl.java:checkInconsistentAppendEntries(1602)) - s2@group-EA982605F2E5: Failed appendEntries as previous log entry ((t:2, i:0)) is not found
2022-11-08 19:12:08,528 [s2-server-thread2] INFO  server.RaftServer$Division (RaftServerImpl.java:checkInconsistentAppendEntries(1572)) - s2@group-EA982605F2E5: inconsistency entries. Reply:s1<-s2#768:FAIL-t2,INCONSISTENCY,nextIndex=0,followerCommit=0,matchIndex=-1
2022-11-08 19:12:08,528 [grpc-default-executor-3] INFO  leader.FollowerInfo (FollowerInfoImpl.java:lambda$new$0(48)) - s1@group-EA982605F2E5->s2: nextIndex: updateUnconditionally 5 -> 0
2022-11-08 19:12:08,529 [s2-server-thread2] DEBUG server.RaftServer$Division (RaftServerImpl.java:logAppendEntries(1421)) - s2@group-EA982605F2E5: receive appendEntries(s1, 2, null, 4, true, commits:[s1:c4, s0:c4, s2:c0], cId:769, entries: [(t:2, i:0), CONFIGURATIONENTRY(current:id: "s0"
address: "localhost:34297"
dataStreamAddress: "localhost:43983"
clientAddress: "localhost:39609"
adminAddress: "localhost:37077"
startupRole: FOLLOWER
,id: "s1"
address: "localhost:38917"
dataStreamAddress: "localhost:45719"
clientAddress: "localhost:36975"
adminAddress: "localhost:40635"
startupRole: FOLLOWER
,id: "s2"
address: "localhost:35511"
dataStreamAddress: "localhost:38827"
clientAddress: "localhost:42865"
adminAddress: "localhost:36791"
startupRole: FOLLOWER
, old:), (t:2, i:1), STATEMACHINELOGENTRY, 0@client-2EFB324ADA71, (t:2, i:2), METADATAENTRY(c:1), (t:2, i:3), STATEMACHINELOGENTRY, 999@client-AE8279CAF820, (t:2, i:4), METADATAENTRY(c:3)]
2022-11-08 19:12:08,529 [s2-server-thread2] INFO  server.RaftServer$Division (RaftServerImpl.java:checkInconsistentAppendEntries(1592)) - s2@group-EA982605F2E5: Failed appendEntries as the first entry (index 0) already exists (snapshotIndex: -1, commitIndex: 0)
2022-11-08 19:12:08,529 [s2-server-thread2] INFO  server.RaftServer$Division (RaftServerImpl.java:checkInconsistentAppendEntries(1572)) - s2@group-EA982605F2E5: inconsistency entries. Reply:s1<-s2#769:FAIL-t2,INCONSISTENCY,nextIndex=1,followerCommit=0,matchIndex=-1
2022-11-08 19:12:08,530 [grpc-default-executor-3] INFO  leader.FollowerInfo (FollowerInfoImpl.java:lambda$new$0(48)) - s1@group-EA982605F2E5->s2: nextIndex: updateUnconditionally 5 -> 1
2022-11-08 19:12:08,531 [s2-server-thread2] DEBUG server.RaftServer$Division (RaftServerImpl.java:logAppendEntries(1421)) - s2@group-EA982605F2E5: receive appendEntries(s1, 2, (t:2, i:0), 4, true, commits:[s1:c4, s0:c4, s2:c0], cId:770, entries: [(t:2, i:1), STATEMACHINELOGENTRY, 0@client-2EFB324ADA71, (t:2, i:2), METADATAENTRY(c:1), (t:2, i:3), STATEMACHINELOGENTRY, 999@client-AE8279CAF820, (t:2, i:4), METADATAENTRY(c:3)]
2022-11-08 19:12:08,531 [s2-server-thread2] INFO  server.RaftServer$Division (RaftServerImpl.java:checkInconsistentAppendEntries(1602)) - s2@group-EA982605F2E5: Failed appendEntries as previous log entry ((t:2, i:0)) is not found
2022-11-08 19:12:08,531 [s2-server-thread2] INFO  server.RaftServer$Division (RaftServerImpl.java:checkInconsistentAppendEntries(1572)) - s2@group-EA982605F2E5: inconsistency entries. Reply:s1<-s2#770:FAIL-t2,INCONSISTENCY,nextIndex=0,followerCommit=0,matchIndex=-1
2022-11-08 19:12:08,531 [grpc-default-executor-3] INFO  leader.FollowerInfo (FollowerInfoImpl.java:lambda$new$0(48)) - s1@group-EA982605F2E5->s2: nextIndex: updateUnconditionally 5 -> 0
2022-11-08 19:12:08,532 [s2-server-thread1] DEBUG server.RaftServer$Division (RaftServerImpl.java:logAppendEntries(1421)) - s2@group-EA982605F2E5: receive appendEntries(s1, 2, null, 4, true, commits:[s1:c4, s0:c4, s2:c0], cId:771, entries: [(t:2, i:0), CONFIGURATIONENTRY(current:id: "s0"
address: "localhost:34297"
dataStreamAddress: "localhost:43983"
clientAddress: "localhost:39609"
adminAddress: "localhost:37077"
startupRole: FOLLOWER
,id: "s1"
address: "localhost:38917"
dataStreamAddress: "localhost:45719"
clientAddress: "localhost:36975"
adminAddress: "localhost:40635"
startupRole: FOLLOWER
,id: "s2"
address: "localhost:35511"
dataStreamAddress: "localhost:38827"
clientAddress: "localhost:42865"
adminAddress: "localhost:36791"
startupRole: FOLLOWER
, old:), (t:2, i:1), STATEMACHINELOGENTRY, 0@client-2EFB324ADA71, (t:2, i:2), METADATAENTRY(c:1), (t:2, i:3), STATEMACHINELOGENTRY, 999@client-AE8279CAF820, (t:2, i:4), METADATAENTRY(c:3)]
2022-11-08 19:12:08,533 [s2-server-thread1] INFO  server.RaftServer$Division (RaftServerImpl.java:checkInconsistentAppendEntries(1592)) - s2@group-EA982605F2E5: Failed appendEntries as the first entry (index 0) already exists (snapshotIndex: -1, commitIndex: 0)
2022-11-08 19:12:08,533 [s2-server-thread1] INFO  server.RaftServer$Division (RaftServerImpl.java:checkInconsistentAppendEntries(1572)) - s2@group-EA982605F2E5: inconsistency entries. Reply:s1<-s2#771:FAIL-t2,INCONSISTENCY,nextIndex=1,followerCommit=0,matchIndex=-1
2022-11-08 19:12:08,533 [grpc-default-executor-3] INFO  leader.FollowerInfo (FollowerInfoImpl.java:lambda$new$0(48)) - s1@group-EA982605F2E5->s2: nextIndex: updateUnconditionally 5 -> 1
2022-11-08 19:12:08,534 [s2-server-thread2] DEBUG server.RaftServer$Division (RaftServerImpl.java:logAppendEntries(1421)) - s2@group-EA982605F2E5: receive appendEntries(s1, 2, (t:2, i:0), 4, true, commits:[s1:c4, s0:c4, s2:c0], cId:772, entries: [(t:2, i:1), STATEMACHINELOGENTRY, 0@client-2EFB324ADA71, (t:2, i:2), METADATAENTRY(c:1), (t:2, i:3), STATEMACHINELOGENTRY, 999@client-AE8279CAF820, (t:2, i:4), METADATAENTRY(c:3)]
2022-11-08 19:12:08,534 [s2-server-thread2] INFO  server.RaftServer$Division (RaftServerImpl.java:checkInconsistentAppendEntries(1602)) - s2@group-EA982605F2E5: Failed appendEntries as previous log entry ((t:2, i:0)) is not found
2022-11-08 19:12:08,534 [s2-server-thread2] INFO  server.RaftServer$Division (RaftServerImpl.java:checkInconsistentAppendEntries(1572)) - s2@group-EA982605F2E5: inconsistency entries. Reply:s1<-s2#772:FAIL-t2,INCONSISTENCY,nextIndex=0,followerCommit=0,matchIndex=-1
2022-11-08 19:12:08,535 [grpc-default-executor-3] INFO  leader.FollowerInfo (FollowerInfoImpl.java:lambda$new$0(48)) - s1@group-EA982605F2E5->s2: nextIndex: updateUnconditionally 5 -> 0
2022-11-08 19:12:08,535 [s2-server-thread2] DEBUG server.RaftServer$Division (RaftServerImpl.java:logAppendEntries(1421)) - s2@group-EA982605F2E5: receive appendEntries(s1, 2, null, 4, true, commits:[s1:c4, s0:c4, s2:c0], cId:773, entries: [(t:2, i:0), CONFIGURATIONENTRY(current:id: "s0"
address: "localhost:34297"
dataStreamAddress: "localhost:43983"
clientAddress: "localhost:39609"
adminAddress: "localhost:37077"
startupRole: FOLLOWER
,id: "s1"
address: "localhost:38917"
dataStreamAddress: "localhost:45719"
clientAddress: "localhost:36975"
adminAddress: "localhost:40635"
startupRole: FOLLOWER
,id: "s2"
address: "localhost:35511"
dataStreamAddress: "localhost:38827"
clientAddress: "localhost:42865"
adminAddress: "localhost:36791"
startupRole: FOLLOWER
, old:), (t:2, i:1), STATEMACHINELOGENTRY, 0@client-2EFB324ADA71, (t:2, i:2), METADATAENTRY(c:1), (t:2, i:3), STATEMACHINELOGENTRY, 999@client-AE8279CAF820, (t:2, i:4), METADATAENTRY(c:3)]
2022-11-08 19:12:08,536 [s2-server-thread2] INFO  server.RaftServer$Division (RaftServerImpl.java:checkInconsistentAppendEntries(1592)) - s2@group-EA982605F2E5: Failed appendEntries as the first entry (index 0) already exists (snapshotIndex: -1, commitIndex: 0)
2022-11-08 19:12:08,536 [s2-server-thread2] INFO  server.RaftServer$Division (RaftServerImpl.java:checkInconsistentAppendEntries(1572)) - s2@group-EA982605F2E5: inconsistency entries. Reply:s1<-s2#773:FAIL-t2,INCONSISTENCY,nextIndex=1,followerCommit=0,matchIndex=-1
2022-11-08 19:12:08,536 [grpc-default-executor-3] INFO  leader.FollowerInfo (FollowerInfoImpl.java:lambda$new$0(48)) - s1@group-EA982605F2E5->s2: nextIndex: updateUnconditionally 5 -> 1
2022-11-08 19:12:08,537 [s2-server-thread1] DEBUG server.RaftServer$Division (RaftServerImpl.java:logAppendEntries(1421)) - s2@group-EA982605F2E5: receive appendEntries(s1, 2, (t:2, i:0), 4, true, commits:[s1:c4, s0:c4, s2:c0], cId:774, entries: [(t:2, i:1), STATEMACHINELOGENTRY, 0@client-2EFB324ADA71, (t:2, i:2), METADATAENTRY(c:1), (t:2, i:3), STATEMACHINELOGENTRY, 999@client-AE8279CAF820, (t:2, i:4), METADATAENTRY(c:3)]
2022-11-08 19:12:08,537 [s2-server-thread1] INFO  server.RaftServer$Division (RaftServerImpl.java:checkInconsistentAppendEntries(1602)) - s2@group-EA982605F2E5: Failed appendEntries as previous log entry ((t:2, i:0)) is not found
2022-11-08 19:12:08,537 [s2-server-thread1] INFO  server.RaftServer$Division (RaftServerImpl.java:checkInconsistentAppendEntries(1572)) - s2@group-EA982605F2E5: inconsistency entries. Reply:s1<-s2#774:FAIL-t2,INCONSISTENCY,nextIndex=0,followerCommit=0,matchIndex=-1
2022-11-08 19:12:08,537 [grpc-default-executor-3] INFO  leader.FollowerInfo (FollowerInfoImpl.java:lambda$new$0(48)) - s1@group-EA982605F2E5->s2: nextIndex: updateUnconditionally 5 -> 0
2022-11-08 19:12:08,538 [s2-server-thread2] DEBUG server.RaftServer$Division (RaftServerImpl.java:logAppendEntries(1421)) - s2@group-EA982605F2E5: receive appendEntries(s1, 2, null, 4, true, commits:[s1:c4, s0:c4, s2:c0], cId:775, entries: [(t:2, i:0), CONFIGURATIONENTRY(current:id: "s0"
address: "localhost:34297"
dataStreamAddress: "localhost:43983"
clientAddress: "localhost:39609"
adminAddress: "localhost:37077"
startupRole: FOLLOWER
,id: "s1"
address: "localhost:38917"
dataStreamAddress: "localhost:45719"
clientAddress: "localhost:36975"
adminAddress: "localhost:40635"
startupRole: FOLLOWER
,id: "s2"
address: "localhost:35511"
dataStreamAddress: "localhost:38827"
clientAddress: "localhost:42865"
adminAddress: "localhost:36791"
startupRole: FOLLOWER
, old:), (t:2, i:1), STATEMACHINELOGENTRY, 0@client-2EFB324ADA71, (t:2, i:2), METADATAENTRY(c:1), (t:2, i:3), STATEMACHINELOGENTRY, 999@client-AE8279CAF820, (t:2, i:4), METADATAENTRY(c:3)]
2022-11-08 19:12:08,538 [s2-server-thread2] INFO  server.RaftServer$Division (RaftServerImpl.java:checkInconsistentAppendEntries(1592)) - s2@group-EA982605F2E5: Failed appendEntries as the first entry (index 0) already exists (snapshotIndex: -1, commitIndex: 0)
2022-11-08 19:12:08,539 [s2-server-thread2] INFO  server.RaftServer$Division (RaftServerImpl.java:checkInconsistentAppendEntries(1572)) - s2@group-EA982605F2E5: inconsistency entries. Reply:s1<-s2#775:FAIL-t2,INCONSISTENCY,nextIndex=1,followerCommit=0,matchIndex=-1
2022-11-08 19:12:08,539 [grpc-default-executor-3] INFO  leader.FollowerInfo (FollowerInfoImpl.java:lambda$new$0(48)) - s1@group-EA982605F2E5->s2: nextIndex: updateUnconditionally 5 -> 1
2022-11-08 19:12:08,540 [s2-server-thread2] DEBUG server.RaftServer$Division (RaftServerImpl.java:logAppendEntries(1421)) - s2@group-EA982605F2E5: receive appendEntries(s1, 2, (t:2, i:0), 4, true, commits:[s1:c4, s0:c4, s2:c0], cId:776, entries: [(t:2, i:1), STATEMACHINELOGENTRY, 0@client-2EFB324ADA71, (t:2, i:2), METADATAENTRY(c:1), (t:2, i:3), STATEMACHINELOGENTRY, 999@client-AE8279CAF820, (t:2, i:4), METADATAENTRY(c:3)]
2022-11-08 19:12:08,540 [s2-server-thread2] INFO  server.RaftServer$Division (RaftServerImpl.java:checkInconsistentAppendEntries(1602)) - s2@group-EA982605F2E5: Failed appendEntries as previous log entry ((t:2, i:0)) is not found
2022-11-08 19:12:08,540 [s2-server-thread2] INFO  server.RaftServer$Division (RaftServerImpl.java:checkInconsistentAppendEntries(1572)) - s2@group-EA982605F2E5: inconsistency entries. Reply:s1<-s2#776:FAIL-t2,INCONSISTENCY,nextIndex=0,followerCommit=0,matchIndex=-1
2022-11-08 19:12:08,541 [grpc-default-executor-3] INFO  leader.FollowerInfo (FollowerInfoImpl.java:lambda$new$0(48)) - s1@group-EA982605F2E5->s2: nextIndex: updateUnconditionally 5 -> 0
2022-11-08 19:12:08,541 [s2-server-thread1] DEBUG server.RaftServer$Division (RaftServerImpl.java:logAppendEntries(1421)) - s2@group-EA982605F2E5: receive appendEntries(s1, 2, null, 4, true, commits:[s1:c4, s0:c4, s2:c0], cId:777, entries: [(t:2, i:0), CONFIGURATIONENTRY(current:id: "s0"
address: "localhost:34297"
dataStreamAddress: "localhost:43983"
clientAddress: "localhost:39609"
adminAddress: "localhost:37077"
startupRole: FOLLOWER
,id: "s1"
address: "localhost:38917"
dataStreamAddress: "localhost:45719"
clientAddress: "localhost:36975"
adminAddress: "localhost:40635"
startupRole: FOLLOWER
,id: "s2"
address: "localhost:35511"
dataStreamAddress: "localhost:38827"
clientAddress: "localhost:42865"
adminAddress: "localhost:36791"
startupRole: FOLLOWER
, old:), (t:2, i:1), STATEMACHINELOGENTRY, 0@client-2EFB324ADA71, (t:2, i:2), METADATAENTRY(c:1), (t:2, i:3), STATEMACHINELOGENTRY, 999@client-AE8279CAF820, (t:2, i:4), METADATAENTRY(c:3)]
2022-11-08 19:12:08,541 [s2-server-thread1] INFO  server.RaftServer$Division (RaftServerImpl.java:checkInconsistentAppendEntries(1592)) - s2@group-EA982605F2E5: Failed appendEntries as the first entry (index 0) already exists (snapshotIndex: -1, commitIndex: 0)
2022-11-08 19:12:08,541 [s2-server-thread1] INFO  server.RaftServer$Division (RaftServerImpl.java:checkInconsistentAppendEntries(1572)) - s2@group-EA982605F2E5: inconsistency entries. Reply:s1<-s2#777:FAIL-t2,INCONSISTENCY,nextIndex=1,followerCommit=0,matchIndex=-1
2022-11-08 19:12:08,542 [grpc-default-executor-3] INFO  leader.FollowerInfo (FollowerInfoImpl.java:lambda$new$0(48)) - s1@group-EA982605F2E5->s2: nextIndex: updateUnconditionally 5 -> 1
2022-11-08 19:12:08,543 [s2-server-thread2] DEBUG server.RaftServer$Division (RaftServerImpl.java:logAppendEntries(1421)) - s2@group-EA982605F2E5: receive appendEntries(s1, 2, (t:2, i:0), 4, true, commits:[s1:c4, s0:c4, s2:c0], cId:778, entries: [(t:2, i:1), STATEMACHINELOGENTRY, 0@client-2EFB324ADA71, (t:2, i:2), METADATAENTRY(c:1), (t:2, i:3), STATEMACHINELOGENTRY, 999@client-AE8279CAF820, (t:2, i:4), METADATAENTRY(c:3)]
2022-11-08 19:12:08,543 [s2-server-thread2] INFO  server.RaftServer$Division (RaftServerImpl.java:checkInconsistentAppendEntries(1602)) - s2@group-EA982605F2E5: Failed appendEntries as previous log entry ((t:2, i:0)) is not found
2022-11-08 19:12:08,543 [s2-server-thread2] INFO  server.RaftServer$Division (RaftServerImpl.java:checkInconsistentAppendEntries(1572)) - s2@group-EA982605F2E5: inconsistency entries. Reply:s1<-s2#778:FAIL-t2,INCONSISTENCY,nextIndex=0,followerCommit=0,matchIndex=-1
2022-11-08 19:12:08,543 [grpc-default-executor-3] INFO  leader.FollowerInfo (FollowerInfoImpl.java:lambda$new$0(48)) - s1@group-EA982605F2E5->s2: nextIndex: updateUnconditionally 5 -> 0
2022-11-08 19:12:08,544 [s2-server-thread2] DEBUG server.RaftServer$Division (RaftServerImpl.java:logAppendEntries(1421)) - s2@group-EA982605F2E5: receive appendEntries(s1, 2, null, 4, true, commits:[s1:c4, s0:c4, s2:c0], cId:779, entries: [(t:2, i:0), CONFIGURATIONENTRY(current:id: "s0"
address: "localhost:34297"
dataStreamAddress: "localhost:43983"
clientAddress: "localhost:39609"
adminAddress: "localhost:37077"
startupRole: FOLLOWER
,id: "s1"
address: "localhost:38917"
dataStreamAddress: "localhost:45719"
clientAddress: "localhost:36975"
adminAddress: "localhost:40635"
startupRole: FOLLOWER
,id: "s2"
address: "localhost:35511"
dataStreamAddress: "localhost:38827"
clientAddress: "localhost:42865"
adminAddress: "localhost:36791"
startupRole: FOLLOWER
, old:), (t:2, i:1), STATEMACHINELOGENTRY, 0@client-2EFB324ADA71, (t:2, i:2), METADATAENTRY(c:1), (t:2, i:3), STATEMACHINELOGENTRY, 999@client-AE8279CAF820, (t:2, i:4), METADATAENTRY(c:3)]
2022-11-08 19:12:08,544 [s2-server-thread2] INFO  server.RaftServer$Division (RaftServerImpl.java:checkInconsistentAppendEntries(1592)) - s2@group-EA982605F2E5: Failed appendEntries as the first entry (index 0) already exists (snapshotIndex: -1, commitIndex: 0)
2022-11-08 19:12:08,545 [s2-server-thread2] INFO  server.RaftServer$Division (RaftServerImpl.java:checkInconsistentAppendEntries(1572)) - s2@group-EA982605F2E5: inconsistency entries. Reply:s1<-s2#779:FAIL-t2,INCONSISTENCY,nextIndex=1,followerCommit=0,matchIndex=-1
2022-11-08 19:12:08,545 [grpc-default-executor-3] INFO  leader.FollowerInfo (FollowerInfoImpl.java:lambda$new$0(48)) - s1@group-EA982605F2E5->s2: nextIndex: updateUnconditionally 5 -> 1
2022-11-08 19:12:08,546 [s2-server-thread1] DEBUG server.RaftServer$Division (RaftServerImpl.java:logAppendEntries(1421)) - s2@group-EA982605F2E5: receive appendEntries(s1, 2, (t:2, i:0), 4, true, commits:[s1:c4, s0:c4, s2:c0], cId:780, entries: [(t:2, i:1), STATEMACHINELOGENTRY, 0@client-2EFB324ADA71, (t:2, i:2), METADATAENTRY(c:1), (t:2, i:3), STATEMACHINELOGENTRY, 999@client-AE8279CAF820, (t:2, i:4), METADATAENTRY(c:3)]
2022-11-08 19:12:08,546 [s2-server-thread1] INFO  server.RaftServer$Division (RaftServerImpl.java:checkInconsistentAppendEntries(1602)) - s2@group-EA982605F2E5: Failed appendEntries as previous log entry ((t:2, i:0)) is not found
2022-11-08 19:12:08,546 [s2-server-thread1] INFO  server.RaftServer$Division (RaftServerImpl.java:checkInconsistentAppendEntries(1572)) - s2@group-EA982605F2E5: inconsistency entries. Reply:s1<-s2#780:FAIL-t2,INCONSISTENCY,nextIndex=0,followerCommit=0,matchIndex=-1
2022-11-08 19:12:08,546 [grpc-default-executor-3] INFO  leader.FollowerInfo (FollowerInfoImpl.java:lambda$new$0(48)) - s1@group-EA982605F2E5->s2: nextIndex: updateUnconditionally 5 -> 0
2022-11-08 19:12:08,547 [s2-server-thread2] DEBUG server.RaftServer$Division (RaftServerImpl.java:logAppendEntries(1421)) - s2@group-EA982605F2E5: receive appendEntries(s1, 2, null, 4, true, commits:[s1:c4, s0:c4, s2:c0], cId:781, entries: [(t:2, i:0), CONFIGURATIONENTRY(current:id: "s0"
address: "localhost:34297"
dataStreamAddress: "localhost:43983"
clientAddress: "localhost:39609"
adminAddress: "localhost:37077"
startupRole: FOLLOWER
,id: "s1"
address: "localhost:38917"
dataStreamAddress: "localhost:45719"
clientAddress: "localhost:36975"
adminAddress: "localhost:40635"
startupRole: FOLLOWER
,id: "s2"
address: "localhost:35511"
dataStreamAddress: "localhost:38827"
clientAddress: "localhost:42865"
adminAddress: "localhost:36791"
startupRole: FOLLOWER
, old:), (t:2, i:1), STATEMACHINELOGENTRY, 0@client-2EFB324ADA71, (t:2, i:2), METADATAENTRY(c:1), (t:2, i:3), STATEMACHINELOGENTRY, 999@client-AE8279CAF820, (t:2, i:4), METADATAENTRY(c:3)]
2022-11-08 19:12:08,548 [s2-server-thread2] INFO  server.RaftServer$Division (RaftServerImpl.java:checkInconsistentAppendEntries(1592)) - s2@group-EA982605F2E5: Failed appendEntries as the first entry (index 0) already exists (snapshotIndex: -1, commitIndex: 0)
2022-11-08 19:12:08,548 [s2-server-thread2] INFO  server.RaftServer$Division (RaftServerImpl.java:checkInconsistentAppendEntries(1572)) - s2@group-EA982605F2E5: inconsistency entries. Reply:s1<-s2#781:FAIL-t2,INCONSISTENCY,nextIndex=1,followerCommit=0,matchIndex=-1
2022-11-08 19:12:08,548 [grpc-default-executor-3] INFO  leader.FollowerInfo (FollowerInfoImpl.java:lambda$new$0(48)) - s1@group-EA982605F2E5->s2: nextIndex: updateUnconditionally 5 -> 1
2022-11-08 19:12:08,549 [s2-server-thread1] DEBUG server.RaftServer$Division (RaftServerImpl.java:logAppendEntries(1421)) - s2@group-EA982605F2E5: receive appendEntries(s1, 2, (t:2, i:0), 4, true, commits:[s1:c4, s0:c4, s2:c0], cId:782, entries: [(t:2, i:1), STATEMACHINELOGENTRY, 0@client-2EFB324ADA71, (t:2, i:2), METADATAENTRY(c:1), (t:2, i:3), STATEMACHINELOGENTRY, 999@client-AE8279CAF820, (t:2, i:4), METADATAENTRY(c:3)]
2022-11-08 19:12:08,549 [s2-server-thread1] INFO  server.RaftServer$Division (RaftServerImpl.java:checkInconsistentAppendEntries(1602)) - s2@group-EA982605F2E5: Failed appendEntries as previous log entry ((t:2, i:0)) is not found
2022-11-08 19:12:08,549 [s2-server-thread1] INFO  server.RaftServer$Division (RaftServerImpl.java:checkInconsistentAppendEntries(1572)) - s2@group-EA982605F2E5: inconsistency entries. Reply:s1<-s2#782:FAIL-t2,INCONSISTENCY,nextIndex=0,followerCommit=0,matchIndex=-1
2022-11-08 19:12:08,550 [grpc-default-executor-3] INFO  leader.FollowerInfo (FollowerInfoImpl.java:lambda$new$0(48)) - s1@group-EA982605F2E5->s2: nextIndex: updateUnconditionally 5 -> 0
2022-11-08 19:12:08,554 [s2-server-thread2] DEBUG server.RaftServer$Division (RaftServerImpl.java:logAppendEntries(1421)) - s2@group-EA982605F2E5: receive appendEntries(s1, 2, null, 4, true, commits:[s1:c4, s0:c4, s2:c0], cId:783, entries: [(t:2, i:0), CONFIGURATIONENTRY(current:id: "s0"
address: "localhost:34297"
dataStreamAddress: "localhost:43983"
clientAddress: "localhost:39609"
adminAddress: "localhost:37077"
startupRole: FOLLOWER
,id: "s1"
address: "localhost:38917"
dataStreamAddress: "localhost:45719"
clientAddress: "localhost:36975"
adminAddress: "localhost:40635"
startupRole: FOLLOWER
,id: "s2"
address: "localhost:35511"
dataStreamAddress: "localhost:38827"
clientAddress: "localhost:42865"
adminAddress: "localhost:36791"
startupRole: FOLLOWER
, old:), (t:2, i:1), STATEMACHINELOGENTRY, 0@client-2EFB324ADA71, (t:2, i:2), METADATAENTRY(c:1), (t:2, i:3), STATEMACHINELOGENTRY, 999@client-AE8279CAF820, (t:2, i:4), METADATAENTRY(c:3)]
2022-11-08 19:12:08,554 [s2-server-thread2] INFO  server.RaftServer$Division (RaftServerImpl.java:checkInconsistentAppendEntries(1592)) - s2@group-EA982605F2E5: Failed appendEntries as the first entry (index 0) already exists (snapshotIndex: -1, commitIndex: 0)
2022-11-08 19:12:08,554 [s2-server-thread2] INFO  server.RaftServer$Division (RaftServerImpl.java:checkInconsistentAppendEntries(1572)) - s2@group-EA982605F2E5: inconsistency entries. Reply:s1<-s2#783:FAIL-t2,INCONSISTENCY,nextIndex=1,followerCommit=0,matchIndex=-1
2022-11-08 19:12:08,555 [grpc-default-executor-3] INFO  leader.FollowerInfo (FollowerInfoImpl.java:lambda$new$0(48)) - s1@group-EA982605F2E5->s2: nextIndex: updateUnconditionally 5 -> 1
2022-11-08 19:12:08,556 [s2-server-thread2] DEBUG server.RaftServer$Division (RaftServerImpl.java:logAppendEntries(1421)) - s2@group-EA982605F2E5: receive appendEntries(s1, 2, (t:2, i:0), 4, true, commits:[s1:c4, s0:c4, s2:c0], cId:784, entries: [(t:2, i:1), STATEMACHINELOGENTRY, 0@client-2EFB324ADA71, (t:2, i:2), METADATAENTRY(c:1), (t:2, i:3), STATEMACHINELOGENTRY, 999@client-AE8279CAF820, (t:2, i:4), METADATAENTRY(c:3)]
2022-11-08 19:12:08,556 [s2-server-thread2] INFO  server.RaftServer$Division (RaftServerImpl.java:checkInconsistentAppendEntries(1602)) - s2@group-EA982605F2E5: Failed appendEntries as previous log entry ((t:2, i:0)) is not found
2022-11-08 19:12:08,556 [s2-server-thread2] INFO  server.RaftServer$Division (RaftServerImpl.java:checkInconsistentAppendEntries(1572)) - s2@group-EA982605F2E5: inconsistency entries. Reply:s1<-s2#784:FAIL-t2,INCONSISTENCY,nextIndex=0,followerCommit=0,matchIndex=-1
2022-11-08 19:12:08,557 [grpc-default-executor-3] INFO  leader.FollowerInfo (FollowerInfoImpl.java:lambda$new$0(48)) - s1@group-EA982605F2E5->s2: nextIndex: updateUnconditionally 5 -> 0
2022-11-08 19:12:08,557 [s2-server-thread2] DEBUG server.RaftServer$Division (RaftServerImpl.java:logAppendEntries(1421)) - s2@group-EA982605F2E5: receive appendEntries(s1, 2, null, 4, true, commits:[s1:c4, s0:c4, s2:c0], cId:785, entries: [(t:2, i:0), CONFIGURATIONENTRY(current:id: "s0"
address: "localhost:34297"
dataStreamAddress: "localhost:43983"
clientAddress: "localhost:39609"
adminAddress: "localhost:37077"
startupRole: FOLLOWER
,id: "s1"
address: "localhost:38917"
dataStreamAddress: "localhost:45719"
clientAddress: "localhost:36975"
adminAddress: "localhost:40635"
startupRole: FOLLOWER
,id: "s2"
address: "localhost:35511"
dataStreamAddress: "localhost:38827"
clientAddress: "localhost:42865"
adminAddress: "localhost:36791"
startupRole: FOLLOWER
, old:), (t:2, i:1), STATEMACHINELOGENTRY, 0@client-2EFB324ADA71, (t:2, i:2), METADATAENTRY(c:1), (t:2, i:3), STATEMACHINELOGENTRY, 999@client-AE8279CAF820, (t:2, i:4), METADATAENTRY(c:3)]
2022-11-08 19:12:08,558 [s2-server-thread2] INFO  server.RaftServer$Division (RaftServerImpl.java:checkInconsistentAppendEntries(1592)) - s2@group-EA982605F2E5: Failed appendEntries as the first entry (index 0) already exists (snapshotIndex: -1, commitIndex: 0)
2022-11-08 19:12:08,558 [s2-server-thread2] INFO  server.RaftServer$Division (RaftServerImpl.java:checkInconsistentAppendEntries(1572)) - s2@group-EA982605F2E5: inconsistency entries. Reply:s1<-s2#785:FAIL-t2,INCONSISTENCY,nextIndex=1,followerCommit=0,matchIndex=-1
2022-11-08 19:12:08,558 [grpc-default-executor-3] INFO  leader.FollowerInfo (FollowerInfoImpl.java:lambda$new$0(48)) - s1@group-EA982605F2E5->s2: nextIndex: updateUnconditionally 5 -> 1
2022-11-08 19:12:08,559 [s2-server-thread2] DEBUG server.RaftServer$Division (RaftServerImpl.java:logAppendEntries(1421)) - s2@group-EA982605F2E5: receive appendEntries(s1, 2, (t:2, i:0), 4, true, commits:[s1:c4, s0:c4, s2:c0], cId:786, entries: [(t:2, i:1), STATEMACHINELOGENTRY, 0@client-2EFB324ADA71, (t:2, i:2), METADATAENTRY(c:1), (t:2, i:3), STATEMACHINELOGENTRY, 999@client-AE8279CAF820, (t:2, i:4), METADATAENTRY(c:3)]
2022-11-08 19:12:08,559 [s2-server-thread2] INFO  server.RaftServer$Division (RaftServerImpl.java:checkInconsistentAppendEntries(1602)) - s2@group-EA982605F2E5: Failed appendEntries as previous log entry ((t:2, i:0)) is not found
2022-11-08 19:12:08,559 [s2-server-thread2] INFO  server.RaftServer$Division (RaftServerImpl.java:checkInconsistentAppendEntries(1572)) - s2@group-EA982605F2E5: inconsistency entries. Reply:s1<-s2#786:FAIL-t2,INCONSISTENCY,nextIndex=0,followerCommit=0,matchIndex=-1
2022-11-08 19:12:08,560 [grpc-default-executor-3] INFO  leader.FollowerInfo (FollowerInfoImpl.java:lambda$new$0(48)) - s1@group-EA982605F2E5->s2: nextIndex: updateUnconditionally 5 -> 0
2022-11-08 19:12:08,561 [s2-server-thread2] DEBUG server.RaftServer$Division (RaftServerImpl.java:logAppendEntries(1421)) - s2@group-EA982605F2E5: receive appendEntries(s1, 2, null, 4, true, commits:[s1:c4, s0:c4, s2:c0], cId:787, entries: [(t:2, i:0), CONFIGURATIONENTRY(current:id: "s0"
address: "localhost:34297"
dataStreamAddress: "localhost:43983"
clientAddress: "localhost:39609"
adminAddress: "localhost:37077"
startupRole: FOLLOWER
,id: "s1"
address: "localhost:38917"
dataStreamAddress: "localhost:45719"
clientAddress: "localhost:36975"
adminAddress: "localhost:40635"
startupRole: FOLLOWER
,id: "s2"
address: "localhost:35511"
dataStreamAddress: "localhost:38827"
clientAddress: "localhost:42865"
adminAddress: "localhost:36791"
startupRole: FOLLOWER
, old:), (t:2, i:1), STATEMACHINELOGENTRY, 0@client-2EFB324ADA71, (t:2, i:2), METADATAENTRY(c:1), (t:2, i:3), STATEMACHINELOGENTRY, 999@client-AE8279CAF820, (t:2, i:4), METADATAENTRY(c:3)]
2022-11-08 19:12:08,561 [s2-server-thread2] INFO  server.RaftServer$Division (RaftServerImpl.java:checkInconsistentAppendEntries(1592)) - s2@group-EA982605F2E5: Failed appendEntries as the first entry (index 0) already exists (snapshotIndex: -1, commitIndex: 0)
2022-11-08 19:12:08,561 [s2-server-thread2] INFO  server.RaftServer$Division (RaftServerImpl.java:checkInconsistentAppendEntries(1572)) - s2@group-EA982605F2E5: inconsistency entries. Reply:s1<-s2#787:FAIL-t2,INCONSISTENCY,nextIndex=1,followerCommit=0,matchIndex=-1
2022-11-08 19:12:08,561 [grpc-default-executor-3] INFO  leader.FollowerInfo (FollowerInfoImpl.java:lambda$new$0(48)) - s1@group-EA982605F2E5->s2: nextIndex: updateUnconditionally 5 -> 1
2022-11-08 19:12:08,562 [s2-server-thread2] DEBUG server.RaftServer$Division (RaftServerImpl.java:logAppendEntries(1421)) - s2@group-EA982605F2E5: receive appendEntries(s1, 2, (t:2, i:0), 4, true, commits:[s1:c4, s0:c4, s2:c0], cId:788, entries: [(t:2, i:1), STATEMACHINELOGENTRY, 0@client-2EFB324ADA71, (t:2, i:2), METADATAENTRY(c:1), (t:2, i:3), STATEMACHINELOGENTRY, 999@client-AE8279CAF820, (t:2, i:4), METADATAENTRY(c:3)]
2022-11-08 19:12:08,562 [s2-server-thread2] INFO  server.RaftServer$Division (RaftServerImpl.java:checkInconsistentAppendEntries(1602)) - s2@group-EA982605F2E5: Failed appendEntries as previous log entry ((t:2, i:0)) is not found
2022-11-08 19:12:08,563 [s2-server-thread2] INFO  server.RaftServer$Division (RaftServerImpl.java:checkInconsistentAppendEntries(1572)) - s2@group-EA982605F2E5: inconsistency entries. Reply:s1<-s2#788:FAIL-t2,INCONSISTENCY,nextIndex=0,followerCommit=0,matchIndex=-1
2022-11-08 19:12:08,563 [grpc-default-executor-3] INFO  leader.FollowerInfo (FollowerInfoImpl.java:lambda$new$0(48)) - s1@group-EA982605F2E5->s2: nextIndex: updateUnconditionally 5 -> 0
2022-11-08 19:12:08,564 [s2-server-thread2] DEBUG server.RaftServer$Division (RaftServerImpl.java:logAppendEntries(1421)) - s2@group-EA982605F2E5: receive appendEntries(s1, 2, null, 4, true, commits:[s1:c4, s0:c4, s2:c0], cId:789, entries: [(t:2, i:0), CONFIGURATIONENTRY(current:id: "s0"
address: "localhost:34297"
dataStreamAddress: "localhost:43983"
clientAddress: "localhost:39609"
adminAddress: "localhost:37077"
startupRole: FOLLOWER
,id: "s1"
address: "localhost:38917"
dataStreamAddress: "localhost:45719"
clientAddress: "localhost:36975"
adminAddress: "localhost:40635"
startupRole: FOLLOWER
,id: "s2"
address: "localhost:35511"
dataStreamAddress: "localhost:38827"
clientAddress: "localhost:42865"
adminAddress: "localhost:36791"
startupRole: FOLLOWER
, old:), (t:2, i:1), STATEMACHINELOGENTRY, 0@client-2EFB324ADA71, (t:2, i:2), METADATAENTRY(c:1), (t:2, i:3), STATEMACHINELOGENTRY, 999@client-AE8279CAF820, (t:2, i:4), METADATAENTRY(c:3)]
2022-11-08 19:12:08,564 [s2-server-thread2] INFO  server.RaftServer$Division (RaftServerImpl.java:checkInconsistentAppendEntries(1592)) - s2@group-EA982605F2E5: Failed appendEntries as the first entry (index 0) already exists (snapshotIndex: -1, commitIndex: 0)
2022-11-08 19:12:08,564 [s2-server-thread2] INFO  server.RaftServer$Division (RaftServerImpl.java:checkInconsistentAppendEntries(1572)) - s2@group-EA982605F2E5: inconsistency entries. Reply:s1<-s2#789:FAIL-t2,INCONSISTENCY,nextIndex=1,followerCommit=0,matchIndex=-1
2022-11-08 19:12:08,565 [grpc-default-executor-3] INFO  leader.FollowerInfo (FollowerInfoImpl.java:lambda$new$0(48)) - s1@group-EA982605F2E5->s2: nextIndex: updateUnconditionally 5 -> 1
2022-11-08 19:12:08,565 [s2-server-thread2] DEBUG server.RaftServer$Division (RaftServerImpl.java:logAppendEntries(1421)) - s2@group-EA982605F2E5: receive appendEntries(s1, 2, (t:2, i:0), 4, true, commits:[s1:c4, s0:c4, s2:c0], cId:790, entries: [(t:2, i:1), STATEMACHINELOGENTRY, 0@client-2EFB324ADA71, (t:2, i:2), METADATAENTRY(c:1), (t:2, i:3), STATEMACHINELOGENTRY, 999@client-AE8279CAF820, (t:2, i:4), METADATAENTRY(c:3)]
2022-11-08 19:12:08,566 [s2-server-thread2] INFO  server.RaftServer$Division (RaftServerImpl.java:checkInconsistentAppendEntries(1602)) - s2@group-EA982605F2E5: Failed appendEntries as previous log entry ((t:2, i:0)) is not found
2022-11-08 19:12:08,566 [s2-server-thread2] INFO  server.RaftServer$Division (RaftServerImpl.java:checkInconsistentAppendEntries(1572)) - s2@group-EA982605F2E5: inconsistency entries. Reply:s1<-s2#790:FAIL-t2,INCONSISTENCY,nextIndex=0,followerCommit=0,matchIndex=-1
2022-11-08 19:12:08,566 [grpc-default-executor-3] INFO  leader.FollowerInfo (FollowerInfoImpl.java:lambda$new$0(48)) - s1@group-EA982605F2E5->s2: nextIndex: updateUnconditionally 5 -> 0
2022-11-08 19:12:08,567 [s2-server-thread2] DEBUG server.RaftServer$Division (RaftServerImpl.java:logAppendEntries(1421)) - s2@group-EA982605F2E5: receive appendEntries(s1, 2, null, 4, true, commits:[s1:c4, s0:c4, s2:c0], cId:791, entries: [(t:2, i:0), CONFIGURATIONENTRY(current:id: "s0"
address: "localhost:34297"
dataStreamAddress: "localhost:43983"
clientAddress: "localhost:39609"
adminAddress: "localhost:37077"
startupRole: FOLLOWER
,id: "s1"
address: "localhost:38917"
dataStreamAddress: "localhost:45719"
clientAddress: "localhost:36975"
adminAddress: "localhost:40635"
startupRole: FOLLOWER
,id: "s2"
address: "localhost:35511"
dataStreamAddress: "localhost:38827"
clientAddress: "localhost:42865"
adminAddress: "localhost:36791"
startupRole: FOLLOWER
, old:), (t:2, i:1), STATEMACHINELOGENTRY, 0@client-2EFB324ADA71, (t:2, i:2), METADATAENTRY(c:1), (t:2, i:3), STATEMACHINELOGENTRY, 999@client-AE8279CAF820, (t:2, i:4), METADATAENTRY(c:3)]
2022-11-08 19:12:08,567 [s2-server-thread2] INFO  server.RaftServer$Division (RaftServerImpl.java:checkInconsistentAppendEntries(1592)) - s2@group-EA982605F2E5: Failed appendEntries as the first entry (index 0) already exists (snapshotIndex: -1, commitIndex: 0)
2022-11-08 19:12:08,567 [s2-server-thread2] INFO  server.RaftServer$Division (RaftServerImpl.java:checkInconsistentAppendEntries(1572)) - s2@group-EA982605F2E5: inconsistency entries. Reply:s1<-s2#791:FAIL-t2,INCONSISTENCY,nextIndex=1,followerCommit=0,matchIndex=-1
2022-11-08 19:12:08,567 [grpc-default-executor-3] INFO  leader.FollowerInfo (FollowerInfoImpl.java:lambda$new$0(48)) - s1@group-EA982605F2E5->s2: nextIndex: updateUnconditionally 5 -> 1
2022-11-08 19:12:08,568 [s2-server-thread2] DEBUG server.RaftServer$Division (RaftServerImpl.java:logAppendEntries(1421)) - s2@group-EA982605F2E5: receive appendEntries(s1, 2, (t:2, i:0), 4, true, commits:[s1:c4, s0:c4, s2:c0], cId:792, entries: [(t:2, i:1), STATEMACHINELOGENTRY, 0@client-2EFB324ADA71, (t:2, i:2), METADATAENTRY(c:1), (t:2, i:3), STATEMACHINELOGENTRY, 999@client-AE8279CAF820, (t:2, i:4), METADATAENTRY(c:3)]
2022-11-08 19:12:08,568 [s2-server-thread2] INFO  server.RaftServer$Division (RaftServerImpl.java:checkInconsistentAppendEntries(1602)) - s2@group-EA982605F2E5: Failed appendEntries as previous log entry ((t:2, i:0)) is not found
2022-11-08 19:12:08,569 [s2-server-thread2] INFO  server.RaftServer$Division (RaftServerImpl.java:checkInconsistentAppendEntries(1572)) - s2@group-EA982605F2E5: inconsistency entries. Reply:s1<-s2#792:FAIL-t2,INCONSISTENCY,nextIndex=0,followerCommit=0,matchIndex=-1
2022-11-08 19:12:08,569 [grpc-default-executor-3] INFO  leader.FollowerInfo (FollowerInfoImpl.java:lambda$new$0(48)) - s1@group-EA982605F2E5->s2: nextIndex: updateUnconditionally 5 -> 0
2022-11-08 19:12:08,570 [s2-server-thread2] DEBUG server.RaftServer$Division (RaftServerImpl.java:logAppendEntries(1421)) - s2@group-EA982605F2E5: receive appendEntries(s1, 2, null, 4, true, commits:[s1:c4, s0:c4, s2:c0], cId:793, entries: [(t:2, i:0), CONFIGURATIONENTRY(current:id: "s0"
address: "localhost:34297"
dataStreamAddress: "localhost:43983"
clientAddress: "localhost:39609"
adminAddress: "localhost:37077"
startupRole: FOLLOWER
,id: "s1"
address: "localhost:38917"
dataStreamAddress: "localhost:45719"
clientAddress: "localhost:36975"
adminAddress: "localhost:40635"
startupRole: FOLLOWER
,id: "s2"
address: "localhost:35511"
dataStreamAddress: "localhost:38827"
clientAddress: "localhost:42865"
adminAddress: "localhost:36791"
startupRole: FOLLOWER
, old:), (t:2, i:1), STATEMACHINELOGENTRY, 0@client-2EFB324ADA71, (t:2, i:2), METADATAENTRY(c:1), (t:2, i:3), STATEMACHINELOGENTRY, 999@client-AE8279CAF820, (t:2, i:4), METADATAENTRY(c:3)]
2022-11-08 19:12:08,570 [s2-server-thread2] INFO  server.RaftServer$Division (RaftServerImpl.java:checkInconsistentAppendEntries(1592)) - s2@group-EA982605F2E5: Failed appendEntries as the first entry (index 0) already exists (snapshotIndex: -1, commitIndex: 0)
2022-11-08 19:12:08,570 [s2-server-thread2] INFO  server.RaftServer$Division (RaftServerImpl.java:checkInconsistentAppendEntries(1572)) - s2@group-EA982605F2E5: inconsistency entries. Reply:s1<-s2#793:FAIL-t2,INCONSISTENCY,nextIndex=1,followerCommit=0,matchIndex=-1
2022-11-08 19:12:08,571 [grpc-default-executor-3] INFO  leader.FollowerInfo (FollowerInfoImpl.java:lambda$new$0(48)) - s1@group-EA982605F2E5->s2: nextIndex: updateUnconditionally 5 -> 1
2022-11-08 19:12:08,571 [s2-server-thread2] DEBUG server.RaftServer$Division (RaftServerImpl.java:logAppendEntries(1421)) - s2@group-EA982605F2E5: receive appendEntries(s1, 2, (t:2, i:0), 4, true, commits:[s1:c4, s0:c4, s2:c0], cId:794, entries: [(t:2, i:1), STATEMACHINELOGENTRY, 0@client-2EFB324ADA71, (t:2, i:2), METADATAENTRY(c:1), (t:2, i:3), STATEMACHINELOGENTRY, 999@client-AE8279CAF820, (t:2, i:4), METADATAENTRY(c:3)]
2022-11-08 19:12:08,571 [s2-server-thread2] INFO  server.RaftServer$Division (RaftServerImpl.java:checkInconsistentAppendEntries(1602)) - s2@group-EA982605F2E5: Failed appendEntries as previous log entry ((t:2, i:0)) is not found
2022-11-08 19:12:08,572 [s2-server-thread2] INFO  server.RaftServer$Division (RaftServerImpl.java:checkInconsistentAppendEntries(1572)) - s2@group-EA982605F2E5: inconsistency entries. Reply:s1<-s2#794:FAIL-t2,INCONSISTENCY,nextIndex=0,followerCommit=0,matchIndex=-1
2022-11-08 19:12:08,572 [grpc-default-executor-3] INFO  leader.FollowerInfo (FollowerInfoImpl.java:lambda$new$0(48)) - s1@group-EA982605F2E5->s2: nextIndex: updateUnconditionally 5 -> 0
2022-11-08 19:12:08,573 [s2-server-thread2] DEBUG server.RaftServer$Division (RaftServerImpl.java:logAppendEntries(1421)) - s2@group-EA982605F2E5: receive appendEntries(s1, 2, null, 4, true, commits:[s1:c4, s0:c4, s2:c0], cId:795, entries: [(t:2, i:0), CONFIGURATIONENTRY(current:id: "s0"
address: "localhost:34297"
dataStreamAddress: "localhost:43983"
clientAddress: "localhost:39609"
adminAddress: "localhost:37077"
startupRole: FOLLOWER
,id: "s1"
address: "localhost:38917"
dataStreamAddress: "localhost:45719"
clientAddress: "localhost:36975"
adminAddress: "localhost:40635"
startupRole: FOLLOWER
,id: "s2"
address: "localhost:35511"
dataStreamAddress: "localhost:38827"
clientAddress: "localhost:42865"
adminAddress: "localhost:36791"
startupRole: FOLLOWER
, old:), (t:2, i:1), STATEMACHINELOGENTRY, 0@client-2EFB324ADA71, (t:2, i:2), METADATAENTRY(c:1), (t:2, i:3), STATEMACHINELOGENTRY, 999@client-AE8279CAF820, (t:2, i:4), METADATAENTRY(c:3)]
2022-11-08 19:12:08,573 [s2-server-thread2] INFO  server.RaftServer$Division (RaftServerImpl.java:checkInconsistentAppendEntries(1592)) - s2@group-EA982605F2E5: Failed appendEntries as the first entry (index 0) already exists (snapshotIndex: -1, commitIndex: 0)
2022-11-08 19:12:08,573 [s2-server-thread2] INFO  server.RaftServer$Division (RaftServerImpl.java:checkInconsistentAppendEntries(1572)) - s2@group-EA982605F2E5: inconsistency entries. Reply:s1<-s2#795:FAIL-t2,INCONSISTENCY,nextIndex=1,followerCommit=0,matchIndex=-1
2022-11-08 19:12:08,573 [grpc-default-executor-3] INFO  leader.FollowerInfo (FollowerInfoImpl.java:lambda$new$0(48)) - s1@group-EA982605F2E5->s2: nextIndex: updateUnconditionally 5 -> 1
2022-11-08 19:12:08,574 [s2-server-thread2] DEBUG server.RaftServer$Division (RaftServerImpl.java:logAppendEntries(1421)) - s2@group-EA982605F2E5: receive appendEntries(s1, 2, (t:2, i:0), 4, true, commits:[s1:c4, s0:c4, s2:c0], cId:796, entries: [(t:2, i:1), STATEMACHINELOGENTRY, 0@client-2EFB324ADA71, (t:2, i:2), METADATAENTRY(c:1), (t:2, i:3), STATEMACHINELOGENTRY, 999@client-AE8279CAF820, (t:2, i:4), METADATAENTRY(c:3)]
2022-11-08 19:12:08,574 [s2-server-thread2] INFO  server.RaftServer$Division (RaftServerImpl.java:checkInconsistentAppendEntries(1602)) - s2@group-EA982605F2E5: Failed appendEntries as previous log entry ((t:2, i:0)) is not found
2022-11-08 19:12:08,575 [s2-server-thread2] INFO  server.RaftServer$Division (RaftServerImpl.java:checkInconsistentAppendEntries(1572)) - s2@group-EA982605F2E5: inconsistency entries. Reply:s1<-s2#796:FAIL-t2,INCONSISTENCY,nextIndex=0,followerCommit=0,matchIndex=-1
2022-11-08 19:12:08,575 [grpc-default-executor-3] INFO  leader.FollowerInfo (FollowerInfoImpl.java:lambda$new$0(48)) - s1@group-EA982605F2E5->s2: nextIndex: updateUnconditionally 5 -> 0
2022-11-08 19:12:08,577 [s2-server-thread2] DEBUG server.RaftServer$Division (RaftServerImpl.java:logAppendEntries(1421)) - s2@group-EA982605F2E5: receive appendEntries(s1, 2, null, 4, true, commits:[s1:c4, s0:c4, s2:c0], cId:797, entries: [(t:2, i:0), CONFIGURATIONENTRY(current:id: "s0"
address: "localhost:34297"
dataStreamAddress: "localhost:43983"
clientAddress: "localhost:39609"
adminAddress: "localhost:37077"
startupRole: FOLLOWER
,id: "s1"
address: "localhost:38917"
dataStreamAddress: "localhost:45719"
clientAddress: "localhost:36975"
adminAddress: "localhost:40635"
startupRole: FOLLOWER
,id: "s2"
address: "localhost:35511"
dataStreamAddress: "localhost:38827"
clientAddress: "localhost:42865"
adminAddress: "localhost:36791"
startupRole: FOLLOWER
, old:), (t:2, i:1), STATEMACHINELOGENTRY, 0@client-2EFB324ADA71, (t:2, i:2), METADATAENTRY(c:1), (t:2, i:3), STATEMACHINELOGENTRY, 999@client-AE8279CAF820, (t:2, i:4), METADATAENTRY(c:3)]
2022-11-08 19:12:08,577 [s2-server-thread2] INFO  server.RaftServer$Division (RaftServerImpl.java:checkInconsistentAppendEntries(1592)) - s2@group-EA982605F2E5: Failed appendEntries as the first entry (index 0) already exists (snapshotIndex: -1, commitIndex: 0)
2022-11-08 19:12:08,577 [s2-server-thread2] INFO  server.RaftServer$Division (RaftServerImpl.java:checkInconsistentAppendEntries(1572)) - s2@group-EA982605F2E5: inconsistency entries. Reply:s1<-s2#797:FAIL-t2,INCONSISTENCY,nextIndex=1,followerCommit=0,matchIndex=-1
2022-11-08 19:12:08,577 [grpc-default-executor-3] INFO  leader.FollowerInfo (FollowerInfoImpl.java:lambda$new$0(48)) - s1@group-EA982605F2E5->s2: nextIndex: updateUnconditionally 5 -> 1
2022-11-08 19:12:08,578 [s2-server-thread2] DEBUG server.RaftServer$Division (RaftServerImpl.java:logAppendEntries(1421)) - s2@group-EA982605F2E5: receive appendEntries(s1, 2, (t:2, i:0), 4, true, commits:[s1:c4, s0:c4, s2:c0], cId:798, entries: [(t:2, i:1), STATEMACHINELOGENTRY, 0@client-2EFB324ADA71, (t:2, i:2), METADATAENTRY(c:1), (t:2, i:3), STATEMACHINELOGENTRY, 999@client-AE8279CAF820, (t:2, i:4), METADATAENTRY(c:3)]
2022-11-08 19:12:08,578 [s2-server-thread2] INFO  server.RaftServer$Division (RaftServerImpl.java:checkInconsistentAppendEntries(1602)) - s2@group-EA982605F2E5: Failed appendEntries as previous log entry ((t:2, i:0)) is not found
2022-11-08 19:12:08,578 [s2-server-thread2] INFO  server.RaftServer$Division (RaftServerImpl.java:checkInconsistentAppendEntries(1572)) - s2@group-EA982605F2E5: inconsistency entries. Reply:s1<-s2#798:FAIL-t2,INCONSISTENCY,nextIndex=0,followerCommit=0,matchIndex=-1
2022-11-08 19:12:08,579 [grpc-default-executor-3] INFO  leader.FollowerInfo (FollowerInfoImpl.java:lambda$new$0(48)) - s1@group-EA982605F2E5->s2: nextIndex: updateUnconditionally 5 -> 0
2022-11-08 19:12:08,580 [s2-server-thread2] DEBUG server.RaftServer$Division (RaftServerImpl.java:logAppendEntries(1421)) - s2@group-EA982605F2E5: receive appendEntries(s1, 2, null, 4, true, commits:[s1:c4, s0:c4, s2:c0], cId:799, entries: [(t:2, i:0), CONFIGURATIONENTRY(current:id: "s0"
address: "localhost:34297"
dataStreamAddress: "localhost:43983"
clientAddress: "localhost:39609"
adminAddress: "localhost:37077"
startupRole: FOLLOWER
,id: "s1"
address: "localhost:38917"
dataStreamAddress: "localhost:45719"
clientAddress: "localhost:36975"
adminAddress: "localhost:40635"
startupRole: FOLLOWER
,id: "s2"
address: "localhost:35511"
dataStreamAddress: "localhost:38827"
clientAddress: "localhost:42865"
adminAddress: "localhost:36791"
startupRole: FOLLOWER
, old:), (t:2, i:1), STATEMACHINELOGENTRY, 0@client-2EFB324ADA71, (t:2, i:2), METADATAENTRY(c:1), (t:2, i:3), STATEMACHINELOGENTRY, 999@client-AE8279CAF820, (t:2, i:4), METADATAENTRY(c:3)]
2022-11-08 19:12:08,580 [s2-server-thread2] INFO  server.RaftServer$Division (RaftServerImpl.java:checkInconsistentAppendEntries(1592)) - s2@group-EA982605F2E5: Failed appendEntries as the first entry (index 0) already exists (snapshotIndex: -1, commitIndex: 0)
2022-11-08 19:12:08,580 [s2-server-thread2] INFO  server.RaftServer$Division (RaftServerImpl.java:checkInconsistentAppendEntries(1572)) - s2@group-EA982605F2E5: inconsistency entries. Reply:s1<-s2#799:FAIL-t2,INCONSISTENCY,nextIndex=1,followerCommit=0,matchIndex=-1
2022-11-08 19:12:08,580 [grpc-default-executor-3] INFO  leader.FollowerInfo (FollowerInfoImpl.java:lambda$new$0(48)) - s1@group-EA982605F2E5->s2: nextIndex: updateUnconditionally 5 -> 1
2022-11-08 19:12:08,581 [s2-server-thread2] DEBUG server.RaftServer$Division (RaftServerImpl.java:logAppendEntries(1421)) - s2@group-EA982605F2E5: receive appendEntries(s1, 2, (t:2, i:0), 4, true, commits:[s1:c4, s0:c4, s2:c0], cId:800, entries: [(t:2, i:1), STATEMACHINELOGENTRY, 0@client-2EFB324ADA71, (t:2, i:2), METADATAENTRY(c:1), (t:2, i:3), STATEMACHINELOGENTRY, 999@client-AE8279CAF820, (t:2, i:4), METADATAENTRY(c:3)]
2022-11-08 19:12:08,581 [s2-server-thread2] INFO  server.RaftServer$Division (RaftServerImpl.java:checkInconsistentAppendEntries(1602)) - s2@group-EA982605F2E5: Failed appendEntries as previous log entry ((t:2, i:0)) is not found
2022-11-08 19:12:08,581 [s2-server-thread2] INFO  server.RaftServer$Division (RaftServerImpl.java:checkInconsistentAppendEntries(1572)) - s2@group-EA982605F2E5: inconsistency entries. Reply:s1<-s2#800:FAIL-t2,INCONSISTENCY,nextIndex=0,followerCommit=0,matchIndex=-1
2022-11-08 19:12:08,582 [grpc-default-executor-3] INFO  leader.FollowerInfo (FollowerInfoImpl.java:lambda$new$0(48)) - s1@group-EA982605F2E5->s2: nextIndex: updateUnconditionally 5 -> 0
2022-11-08 19:12:08,583 [s2-server-thread2] DEBUG server.RaftServer$Division (RaftServerImpl.java:logAppendEntries(1421)) - s2@group-EA982605F2E5: receive appendEntries(s1, 2, null, 4, true, commits:[s1:c4, s0:c4, s2:c0], cId:801, entries: [(t:2, i:0), CONFIGURATIONENTRY(current:id: "s0"
address: "localhost:34297"
dataStreamAddress: "localhost:43983"
clientAddress: "localhost:39609"
adminAddress: "localhost:37077"
startupRole: FOLLOWER
,id: "s1"
address: "localhost:38917"
dataStreamAddress: "localhost:45719"
clientAddress: "localhost:36975"
adminAddress: "localhost:40635"
startupRole: FOLLOWER
,id: "s2"
address: "localhost:35511"
dataStreamAddress: "localhost:38827"
clientAddress: "localhost:42865"
adminAddress: "localhost:36791"
startupRole: FOLLOWER
, old:), (t:2, i:1), STATEMACHINELOGENTRY, 0@client-2EFB324ADA71, (t:2, i:2), METADATAENTRY(c:1), (t:2, i:3), STATEMACHINELOGENTRY, 999@client-AE8279CAF820, (t:2, i:4), METADATAENTRY(c:3)]
2022-11-08 19:12:08,583 [s2-server-thread2] INFO  server.RaftServer$Division (RaftServerImpl.java:checkInconsistentAppendEntries(1592)) - s2@group-EA982605F2E5: Failed appendEntries as the first entry (index 0) already exists (snapshotIndex: -1, commitIndex: 0)
2022-11-08 19:12:08,583 [s2-server-thread2] INFO  server.RaftServer$Division (RaftServerImpl.java:checkInconsistentAppendEntries(1572)) - s2@group-EA982605F2E5: inconsistency entries. Reply:s1<-s2#801:FAIL-t2,INCONSISTENCY,nextIndex=1,followerCommit=0,matchIndex=-1
2022-11-08 19:12:08,583 [grpc-default-executor-3] INFO  leader.FollowerInfo (FollowerInfoImpl.java:lambda$new$0(48)) - s1@group-EA982605F2E5->s2: nextIndex: updateUnconditionally 5 -> 1
2022-11-08 19:12:08,584 [s2-server-thread2] DEBUG server.RaftServer$Division (RaftServerImpl.java:logAppendEntries(1421)) - s2@group-EA982605F2E5: receive appendEntries(s1, 2, (t:2, i:0), 4, true, commits:[s1:c4, s0:c4, s2:c0], cId:802, entries: [(t:2, i:1), STATEMACHINELOGENTRY, 0@client-2EFB324ADA71, (t:2, i:2), METADATAENTRY(c:1), (t:2, i:3), STATEMACHINELOGENTRY, 999@client-AE8279CAF820, (t:2, i:4), METADATAENTRY(c:3)]
2022-11-08 19:12:08,584 [s2-server-thread2] INFO  server.RaftServer$Division (RaftServerImpl.java:checkInconsistentAppendEntries(1602)) - s2@group-EA982605F2E5: Failed appendEntries as previous log entry ((t:2, i:0)) is not found
2022-11-08 19:12:08,584 [s2-server-thread2] INFO  server.RaftServer$Division (RaftServerImpl.java:checkInconsistentAppendEntries(1572)) - s2@group-EA982605F2E5: inconsistency entries. Reply:s1<-s2#802:FAIL-t2,INCONSISTENCY,nextIndex=0,followerCommit=0,matchIndex=-1
2022-11-08 19:12:08,585 [grpc-default-executor-3] INFO  leader.FollowerInfo (FollowerInfoImpl.java:lambda$new$0(48)) - s1@group-EA982605F2E5->s2: nextIndex: updateUnconditionally 5 -> 0
2022-11-08 19:12:08,586 [s2-server-thread2] DEBUG server.RaftServer$Division (RaftServerImpl.java:logAppendEntries(1421)) - s2@group-EA982605F2E5: receive appendEntries(s1, 2, null, 4, true, commits:[s1:c4, s0:c4, s2:c0], cId:803, entries: [(t:2, i:0), CONFIGURATIONENTRY(current:id: "s0"
address: "localhost:34297"
dataStreamAddress: "localhost:43983"
clientAddress: "localhost:39609"
adminAddress: "localhost:37077"
startupRole: FOLLOWER
,id: "s1"
address: "localhost:38917"
dataStreamAddress: "localhost:45719"
clientAddress: "localhost:36975"
adminAddress: "localhost:40635"
startupRole: FOLLOWER
,id: "s2"
address: "localhost:35511"
dataStreamAddress: "localhost:38827"
clientAddress: "localhost:42865"
adminAddress: "localhost:36791"
startupRole: FOLLOWER
, old:), (t:2, i:1), STATEMACHINELOGENTRY, 0@client-2EFB324ADA71, (t:2, i:2), METADATAENTRY(c:1), (t:2, i:3), STATEMACHINELOGENTRY, 999@client-AE8279CAF820, (t:2, i:4), METADATAENTRY(c:3)]
2022-11-08 19:12:08,586 [s2-server-thread2] INFO  server.RaftServer$Division (RaftServerImpl.java:checkInconsistentAppendEntries(1592)) - s2@group-EA982605F2E5: Failed appendEntries as the first entry (index 0) already exists (snapshotIndex: -1, commitIndex: 0)
2022-11-08 19:12:08,586 [s2-server-thread2] INFO  server.RaftServer$Division (RaftServerImpl.java:checkInconsistentAppendEntries(1572)) - s2@group-EA982605F2E5: inconsistency entries. Reply:s1<-s2#803:FAIL-t2,INCONSISTENCY,nextIndex=1,followerCommit=0,matchIndex=-1
2022-11-08 19:12:08,587 [grpc-default-executor-0] INFO  leader.FollowerInfo (FollowerInfoImpl.java:lambda$new$0(48)) - s1@group-EA982605F2E5->s2: nextIndex: updateUnconditionally 5 -> 1
2022-11-08 19:12:08,588 [s2-server-thread2] DEBUG server.RaftServer$Division (RaftServerImpl.java:logAppendEntries(1421)) - s2@group-EA982605F2E5: receive appendEntries(s1, 2, (t:2, i:0), 4, true, commits:[s1:c4, s0:c4, s2:c0], cId:804, entries: [(t:2, i:1), STATEMACHINELOGENTRY, 0@client-2EFB324ADA71, (t:2, i:2), METADATAENTRY(c:1), (t:2, i:3), STATEMACHINELOGENTRY, 999@client-AE8279CAF820, (t:2, i:4), METADATAENTRY(c:3)]
2022-11-08 19:12:08,588 [s2-server-thread2] INFO  server.RaftServer$Division (RaftServerImpl.java:checkInconsistentAppendEntries(1602)) - s2@group-EA982605F2E5: Failed appendEntries as previous log entry ((t:2, i:0)) is not found
2022-11-08 19:12:08,588 [s2-server-thread2] INFO  server.RaftServer$Division (RaftServerImpl.java:checkInconsistentAppendEntries(1572)) - s2@group-EA982605F2E5: inconsistency entries. Reply:s1<-s2#804:FAIL-t2,INCONSISTENCY,nextIndex=0,followerCommit=0,matchIndex=-1
2022-11-08 19:12:08,589 [grpc-default-executor-0] INFO  leader.FollowerInfo (FollowerInfoImpl.java:lambda$new$0(48)) - s1@group-EA982605F2E5->s2: nextIndex: updateUnconditionally 5 -> 0
2022-11-08 19:12:08,590 [s2-server-thread2] DEBUG server.RaftServer$Division (RaftServerImpl.java:logAppendEntries(1421)) - s2@group-EA982605F2E5: receive appendEntries(s1, 2, null, 4, true, commits:[s1:c4, s0:c4, s2:c0], cId:805, entries: [(t:2, i:0), CONFIGURATIONENTRY(current:id: "s0"
address: "localhost:34297"
dataStreamAddress: "localhost:43983"
clientAddress: "localhost:39609"
adminAddress: "localhost:37077"
startupRole: FOLLOWER
,id: "s1"
address: "localhost:38917"
dataStreamAddress: "localhost:45719"
clientAddress: "localhost:36975"
adminAddress: "localhost:40635"
startupRole: FOLLOWER
,id: "s2"
address: "localhost:35511"
dataStreamAddress: "localhost:38827"
clientAddress: "localhost:42865"
adminAddress: "localhost:36791"
startupRole: FOLLOWER
, old:), (t:2, i:1), STATEMACHINELOGENTRY, 0@client-2EFB324ADA71, (t:2, i:2), METADATAENTRY(c:1), (t:2, i:3), STATEMACHINELOGENTRY, 999@client-AE8279CAF820, (t:2, i:4), METADATAENTRY(c:3)]
2022-11-08 19:12:08,590 [s2-server-thread2] INFO  server.RaftServer$Division (RaftServerImpl.java:checkInconsistentAppendEntries(1592)) - s2@group-EA982605F2E5: Failed appendEntries as the first entry (index 0) already exists (snapshotIndex: -1, commitIndex: 0)
2022-11-08 19:12:08,590 [s2-server-thread2] INFO  server.RaftServer$Division (RaftServerImpl.java:checkInconsistentAppendEntries(1572)) - s2@group-EA982605F2E5: inconsistency entries. Reply:s1<-s2#805:FAIL-t2,INCONSISTENCY,nextIndex=1,followerCommit=0,matchIndex=-1
2022-11-08 19:12:08,590 [grpc-default-executor-0] INFO  leader.FollowerInfo (FollowerInfoImpl.java:lambda$new$0(48)) - s1@group-EA982605F2E5->s2: nextIndex: updateUnconditionally 5 -> 1
2022-11-08 19:12:08,591 [s2-server-thread2] DEBUG server.RaftServer$Division (RaftServerImpl.java:logAppendEntries(1421)) - s2@group-EA982605F2E5: receive appendEntries(s1, 2, (t:2, i:0), 4, true, commits:[s1:c4, s0:c4, s2:c0], cId:806, entries: [(t:2, i:1), STATEMACHINELOGENTRY, 0@client-2EFB324ADA71, (t:2, i:2), METADATAENTRY(c:1), (t:2, i:3), STATEMACHINELOGENTRY, 999@client-AE8279CAF820, (t:2, i:4), METADATAENTRY(c:3)]
2022-11-08 19:12:08,591 [s2-server-thread2] INFO  server.RaftServer$Division (RaftServerImpl.java:checkInconsistentAppendEntries(1602)) - s2@group-EA982605F2E5: Failed appendEntries as previous log entry ((t:2, i:0)) is not found
2022-11-08 19:12:08,591 [s2-server-thread2] INFO  server.RaftServer$Division (RaftServerImpl.java:checkInconsistentAppendEntries(1572)) - s2@group-EA982605F2E5: inconsistency entries. Reply:s1<-s2#806:FAIL-t2,INCONSISTENCY,nextIndex=0,followerCommit=0,matchIndex=-1
2022-11-08 19:12:08,592 [grpc-default-executor-0] INFO  leader.FollowerInfo (FollowerInfoImpl.java:lambda$new$0(48)) - s1@group-EA982605F2E5->s2: nextIndex: updateUnconditionally 5 -> 0
2022-11-08 19:12:08,593 [s2-server-thread2] DEBUG server.RaftServer$Division (RaftServerImpl.java:logAppendEntries(1421)) - s2@group-EA982605F2E5: receive appendEntries(s1, 2, null, 4, true, commits:[s1:c4, s0:c4, s2:c0], cId:807, entries: [(t:2, i:0), CONFIGURATIONENTRY(current:id: "s0"
address: "localhost:34297"
dataStreamAddress: "localhost:43983"
clientAddress: "localhost:39609"
adminAddress: "localhost:37077"
startupRole: FOLLOWER
,id: "s1"
address: "localhost:38917"
dataStreamAddress: "localhost:45719"
clientAddress: "localhost:36975"
adminAddress: "localhost:40635"
startupRole: FOLLOWER
,id: "s2"
address: "localhost:35511"
dataStreamAddress: "localhost:38827"
clientAddress: "localhost:42865"
adminAddress: "localhost:36791"
startupRole: FOLLOWER
, old:), (t:2, i:1), STATEMACHINELOGENTRY, 0@client-2EFB324ADA71, (t:2, i:2), METADATAENTRY(c:1), (t:2, i:3), STATEMACHINELOGENTRY, 999@client-AE8279CAF820, (t:2, i:4), METADATAENTRY(c:3)]
2022-11-08 19:12:08,593 [s2-server-thread2] INFO  server.RaftServer$Division (RaftServerImpl.java:checkInconsistentAppendEntries(1592)) - s2@group-EA982605F2E5: Failed appendEntries as the first entry (index 0) already exists (snapshotIndex: -1, commitIndex: 0)
2022-11-08 19:12:08,593 [s2-server-thread2] INFO  server.RaftServer$Division (RaftServerImpl.java:checkInconsistentAppendEntries(1572)) - s2@group-EA982605F2E5: inconsistency entries. Reply:s1<-s2#807:FAIL-t2,INCONSISTENCY,nextIndex=1,followerCommit=0,matchIndex=-1
2022-11-08 19:12:08,593 [grpc-default-executor-0] INFO  leader.FollowerInfo (FollowerInfoImpl.java:lambda$new$0(48)) - s1@group-EA982605F2E5->s2: nextIndex: updateUnconditionally 5 -> 1
2022-11-08 19:12:08,594 [s2-server-thread2] DEBUG server.RaftServer$Division (RaftServerImpl.java:logAppendEntries(1421)) - s2@group-EA982605F2E5: receive appendEntries(s1, 2, (t:2, i:0), 4, true, commits:[s1:c4, s0:c4, s2:c0], cId:808, entries: [(t:2, i:1), STATEMACHINELOGENTRY, 0@client-2EFB324ADA71, (t:2, i:2), METADATAENTRY(c:1), (t:2, i:3), STATEMACHINELOGENTRY, 999@client-AE8279CAF820, (t:2, i:4), METADATAENTRY(c:3)]
2022-11-08 19:12:08,594 [s2-server-thread2] INFO  server.RaftServer$Division (RaftServerImpl.java:checkInconsistentAppendEntries(1602)) - s2@group-EA982605F2E5: Failed appendEntries as previous log entry ((t:2, i:0)) is not found
2022-11-08 19:12:08,594 [s2-server-thread2] INFO  server.RaftServer$Division (RaftServerImpl.java:checkInconsistentAppendEntries(1572)) - s2@group-EA982605F2E5: inconsistency entries. Reply:s1<-s2#808:FAIL-t2,INCONSISTENCY,nextIndex=0,followerCommit=0,matchIndex=-1
2022-11-08 19:12:08,595 [grpc-default-executor-0] INFO  leader.FollowerInfo (FollowerInfoImpl.java:lambda$new$0(48)) - s1@group-EA982605F2E5->s2: nextIndex: updateUnconditionally 5 -> 0
2022-11-08 19:12:08,596 [s2-server-thread2] DEBUG server.RaftServer$Division (RaftServerImpl.java:logAppendEntries(1421)) - s2@group-EA982605F2E5: receive appendEntries(s1, 2, null, 4, true, commits:[s1:c4, s0:c4, s2:c0], cId:809, entries: [(t:2, i:0), CONFIGURATIONENTRY(current:id: "s0"
address: "localhost:34297"
dataStreamAddress: "localhost:43983"
clientAddress: "localhost:39609"
adminAddress: "localhost:37077"
startupRole: FOLLOWER
,id: "s1"
address: "localhost:38917"
dataStreamAddress: "localhost:45719"
clientAddress: "localhost:36975"
adminAddress: "localhost:40635"
startupRole: FOLLOWER
,id: "s2"
address: "localhost:35511"
dataStreamAddress: "localhost:38827"
clientAddress: "localhost:42865"
adminAddress: "localhost:36791"
startupRole: FOLLOWER
, old:), (t:2, i:1), STATEMACHINELOGENTRY, 0@client-2EFB324ADA71, (t:2, i:2), METADATAENTRY(c:1), (t:2, i:3), STATEMACHINELOGENTRY, 999@client-AE8279CAF820, (t:2, i:4), METADATAENTRY(c:3)]
2022-11-08 19:12:08,596 [s2-server-thread2] INFO  server.RaftServer$Division (RaftServerImpl.java:checkInconsistentAppendEntries(1592)) - s2@group-EA982605F2E5: Failed appendEntries as the first entry (index 0) already exists (snapshotIndex: -1, commitIndex: 0)
2022-11-08 19:12:08,596 [s2-server-thread2] INFO  server.RaftServer$Division (RaftServerImpl.java:checkInconsistentAppendEntries(1572)) - s2@group-EA982605F2E5: inconsistency entries. Reply:s1<-s2#809:FAIL-t2,INCONSISTENCY,nextIndex=1,followerCommit=0,matchIndex=-1
2022-11-08 19:12:08,596 [grpc-default-executor-0] INFO  leader.FollowerInfo (FollowerInfoImpl.java:lambda$new$0(48)) - s1@group-EA982605F2E5->s2: nextIndex: updateUnconditionally 5 -> 1
2022-11-08 19:12:08,597 [s2-server-thread2] DEBUG server.RaftServer$Division (RaftServerImpl.java:logAppendEntries(1421)) - s2@group-EA982605F2E5: receive appendEntries(s1, 2, (t:2, i:0), 4, true, commits:[s1:c4, s0:c4, s2:c0], cId:810, entries: [(t:2, i:1), STATEMACHINELOGENTRY, 0@client-2EFB324ADA71, (t:2, i:2), METADATAENTRY(c:1), (t:2, i:3), STATEMACHINELOGENTRY, 999@client-AE8279CAF820, (t:2, i:4), METADATAENTRY(c:3)]
2022-11-08 19:12:08,597 [s2-server-thread2] INFO  server.RaftServer$Division (RaftServerImpl.java:checkInconsistentAppendEntries(1602)) - s2@group-EA982605F2E5: Failed appendEntries as previous log entry ((t:2, i:0)) is not found
2022-11-08 19:12:08,597 [s2-server-thread2] INFO  server.RaftServer$Division (RaftServerImpl.java:checkInconsistentAppendEntries(1572)) - s2@group-EA982605F2E5: inconsistency entries. Reply:s1<-s2#810:FAIL-t2,INCONSISTENCY,nextIndex=0,followerCommit=0,matchIndex=-1
2022-11-08 19:12:08,598 [grpc-default-executor-0] INFO  leader.FollowerInfo (FollowerInfoImpl.java:lambda$new$0(48)) - s1@group-EA982605F2E5->s2: nextIndex: updateUnconditionally 5 -> 0
2022-11-08 19:12:08,599 [s2-server-thread2] DEBUG server.RaftServer$Division (RaftServerImpl.java:logAppendEntries(1421)) - s2@group-EA982605F2E5: receive appendEntries(s1, 2, null, 4, true, commits:[s1:c4, s0:c4, s2:c0], cId:811, entries: [(t:2, i:0), CONFIGURATIONENTRY(current:id: "s0"
address: "localhost:34297"
dataStreamAddress: "localhost:43983"
clientAddress: "localhost:39609"
adminAddress: "localhost:37077"
startupRole: FOLLOWER
,id: "s1"
address: "localhost:38917"
dataStreamAddress: "localhost:45719"
clientAddress: "localhost:36975"
adminAddress: "localhost:40635"
startupRole: FOLLOWER
,id: "s2"
address: "localhost:35511"
dataStreamAddress: "localhost:38827"
clientAddress: "localhost:42865"
adminAddress: "localhost:36791"
startupRole: FOLLOWER
, old:), (t:2, i:1), STATEMACHINELOGENTRY, 0@client-2EFB324ADA71, (t:2, i:2), METADATAENTRY(c:1), (t:2, i:3), STATEMACHINELOGENTRY, 999@client-AE8279CAF820, (t:2, i:4), METADATAENTRY(c:3)]
2022-11-08 19:12:08,599 [s2-server-thread2] INFO  server.RaftServer$Division (RaftServerImpl.java:checkInconsistentAppendEntries(1592)) - s2@group-EA982605F2E5: Failed appendEntries as the first entry (index 0) already exists (snapshotIndex: -1, commitIndex: 0)
2022-11-08 19:12:08,599 [s2-server-thread2] INFO  server.RaftServer$Division (RaftServerImpl.java:checkInconsistentAppendEntries(1572)) - s2@group-EA982605F2E5: inconsistency entries. Reply:s1<-s2#811:FAIL-t2,INCONSISTENCY,nextIndex=1,followerCommit=0,matchIndex=-1
2022-11-08 19:12:08,599 [grpc-default-executor-0] INFO  leader.FollowerInfo (FollowerInfoImpl.java:lambda$new$0(48)) - s1@group-EA982605F2E5->s2: nextIndex: updateUnconditionally 5 -> 1
2022-11-08 19:12:08,600 [s2-server-thread2] DEBUG server.RaftServer$Division (RaftServerImpl.java:logAppendEntries(1421)) - s2@group-EA982605F2E5: receive appendEntries(s1, 2, (t:2, i:0), 4, true, commits:[s1:c4, s0:c4, s2:c0], cId:812, entries: [(t:2, i:1), STATEMACHINELOGENTRY, 0@client-2EFB324ADA71, (t:2, i:2), METADATAENTRY(c:1), (t:2, i:3), STATEMACHINELOGENTRY, 999@client-AE8279CAF820, (t:2, i:4), METADATAENTRY(c:3)]
2022-11-08 19:12:08,600 [s2-server-thread2] INFO  server.RaftServer$Division (RaftServerImpl.java:checkInconsistentAppendEntries(1602)) - s2@group-EA982605F2E5: Failed appendEntries as previous log entry ((t:2, i:0)) is not found
2022-11-08 19:12:08,601 [s2-server-thread2] INFO  server.RaftServer$Division (RaftServerImpl.java:checkInconsistentAppendEntries(1572)) - s2@group-EA982605F2E5: inconsistency entries. Reply:s1<-s2#812:FAIL-t2,INCONSISTENCY,nextIndex=0,followerCommit=0,matchIndex=-1
2022-11-08 19:12:08,601 [grpc-default-executor-0] INFO  leader.FollowerInfo (FollowerInfoImpl.java:lambda$new$0(48)) - s1@group-EA982605F2E5->s2: nextIndex: updateUnconditionally 5 -> 0
2022-11-08 19:12:08,602 [s2-server-thread1] DEBUG server.RaftServer$Division (RaftServerImpl.java:logAppendEntries(1421)) - s2@group-EA982605F2E5: receive appendEntries(s1, 2, null, 4, true, commits:[s1:c4, s0:c4, s2:c0], cId:813, entries: [(t:2, i:0), CONFIGURATIONENTRY(current:id: "s0"
address: "localhost:34297"
dataStreamAddress: "localhost:43983"
clientAddress: "localhost:39609"
adminAddress: "localhost:37077"
startupRole: FOLLOWER
,id: "s1"
address: "localhost:38917"
dataStreamAddress: "localhost:45719"
clientAddress: "localhost:36975"
adminAddress: "localhost:40635"
startupRole: FOLLOWER
,id: "s2"
address: "localhost:35511"
dataStreamAddress: "localhost:38827"
clientAddress: "localhost:42865"
adminAddress: "localhost:36791"
startupRole: FOLLOWER
, old:), (t:2, i:1), STATEMACHINELOGENTRY, 0@client-2EFB324ADA71, (t:2, i:2), METADATAENTRY(c:1), (t:2, i:3), STATEMACHINELOGENTRY, 999@client-AE8279CAF820, (t:2, i:4), METADATAENTRY(c:3)]
2022-11-08 19:12:08,602 [s2-server-thread1] INFO  server.RaftServer$Division (RaftServerImpl.java:checkInconsistentAppendEntries(1592)) - s2@group-EA982605F2E5: Failed appendEntries as the first entry (index 0) already exists (snapshotIndex: -1, commitIndex: 0)
2022-11-08 19:12:08,602 [s2-server-thread1] INFO  server.RaftServer$Division (RaftServerImpl.java:checkInconsistentAppendEntries(1572)) - s2@group-EA982605F2E5: inconsistency entries. Reply:s1<-s2#813:FAIL-t2,INCONSISTENCY,nextIndex=1,followerCommit=0,matchIndex=-1
2022-11-08 19:12:08,602 [grpc-default-executor-0] INFO  leader.FollowerInfo (FollowerInfoImpl.java:lambda$new$0(48)) - s1@group-EA982605F2E5->s2: nextIndex: updateUnconditionally 5 -> 1
2022-11-08 19:12:08,603 [s2-server-thread2] DEBUG server.RaftServer$Division (RaftServerImpl.java:logAppendEntries(1421)) - s2@group-EA982605F2E5: receive appendEntries(s1, 2, (t:2, i:0), 4, true, commits:[s1:c4, s0:c4, s2:c0], cId:814, entries: [(t:2, i:1), STATEMACHINELOGENTRY, 0@client-2EFB324ADA71, (t:2, i:2), METADATAENTRY(c:1), (t:2, i:3), STATEMACHINELOGENTRY, 999@client-AE8279CAF820, (t:2, i:4), METADATAENTRY(c:3)]
2022-11-08 19:12:08,603 [s2-server-thread2] INFO  server.RaftServer$Division (RaftServerImpl.java:checkInconsistentAppendEntries(1602)) - s2@group-EA982605F2E5: Failed appendEntries as previous log entry ((t:2, i:0)) is not found
2022-11-08 19:12:08,604 [s2-server-thread2] INFO  server.RaftServer$Division (RaftServerImpl.java:checkInconsistentAppendEntries(1572)) - s2@group-EA982605F2E5: inconsistency entries. Reply:s1<-s2#814:FAIL-t2,INCONSISTENCY,nextIndex=0,followerCommit=0,matchIndex=-1
2022-11-08 19:12:08,604 [grpc-default-executor-0] INFO  leader.FollowerInfo (FollowerInfoImpl.java:lambda$new$0(48)) - s1@group-EA982605F2E5->s2: nextIndex: updateUnconditionally 5 -> 0
2022-11-08 19:12:08,605 [s2-server-thread2] DEBUG server.RaftServer$Division (RaftServerImpl.java:logAppendEntries(1421)) - s2@group-EA982605F2E5: receive appendEntries(s1, 2, null, 4, true, commits:[s1:c4, s0:c4, s2:c0], cId:815, entries: [(t:2, i:0), CONFIGURATIONENTRY(current:id: "s0"
address: "localhost:34297"
dataStreamAddress: "localhost:43983"
clientAddress: "localhost:39609"
adminAddress: "localhost:37077"
startupRole: FOLLOWER
,id: "s1"
address: "localhost:38917"
dataStreamAddress: "localhost:45719"
clientAddress: "localhost:36975"
adminAddress: "localhost:40635"
startupRole: FOLLOWER
,id: "s2"
address: "localhost:35511"
dataStreamAddress: "localhost:38827"
clientAddress: "localhost:42865"
adminAddress: "localhost:36791"
startupRole: FOLLOWER
, old:), (t:2, i:1), STATEMACHINELOGENTRY, 0@client-2EFB324ADA71, (t:2, i:2), METADATAENTRY(c:1), (t:2, i:3), STATEMACHINELOGENTRY, 999@client-AE8279CAF820, (t:2, i:4), METADATAENTRY(c:3)]
2022-11-08 19:12:08,605 [s2-server-thread2] INFO  server.RaftServer$Division (RaftServerImpl.java:checkInconsistentAppendEntries(1592)) - s2@group-EA982605F2E5: Failed appendEntries as the first entry (index 0) already exists (snapshotIndex: -1, commitIndex: 0)
2022-11-08 19:12:08,605 [s2-server-thread2] INFO  server.RaftServer$Division (RaftServerImpl.java:checkInconsistentAppendEntries(1572)) - s2@group-EA982605F2E5: inconsistency entries. Reply:s1<-s2#815:FAIL-t2,INCONSISTENCY,nextIndex=1,followerCommit=0,matchIndex=-1
2022-11-08 19:12:08,605 [grpc-default-executor-0] INFO  leader.FollowerInfo (FollowerInfoImpl.java:lambda$new$0(48)) - s1@group-EA982605F2E5->s2: nextIndex: updateUnconditionally 5 -> 1
2022-11-08 19:12:08,606 [s2-server-thread1] DEBUG server.RaftServer$Division (RaftServerImpl.java:logAppendEntries(1421)) - s2@group-EA982605F2E5: receive appendEntries(s1, 2, (t:2, i:0), 4, true, commits:[s1:c4, s0:c4, s2:c0], cId:816, entries: [(t:2, i:1), STATEMACHINELOGENTRY, 0@client-2EFB324ADA71, (t:2, i:2), METADATAENTRY(c:1), (t:2, i:3), STATEMACHINELOGENTRY, 999@client-AE8279CAF820, (t:2, i:4), METADATAENTRY(c:3)]
2022-11-08 19:12:08,606 [s2-server-thread1] INFO  server.RaftServer$Division (RaftServerImpl.java:checkInconsistentAppendEntries(1602)) - s2@group-EA982605F2E5: Failed appendEntries as previous log entry ((t:2, i:0)) is not found
2022-11-08 19:12:08,606 [s2-server-thread1] INFO  server.RaftServer$Division (RaftServerImpl.java:checkInconsistentAppendEntries(1572)) - s2@group-EA982605F2E5: inconsistency entries. Reply:s1<-s2#816:FAIL-t2,INCONSISTENCY,nextIndex=0,followerCommit=0,matchIndex=-1
2022-11-08 19:12:08,607 [grpc-default-executor-0] INFO  leader.FollowerInfo (FollowerInfoImpl.java:lambda$new$0(48)) - s1@group-EA982605F2E5->s2: nextIndex: updateUnconditionally 5 -> 0
2022-11-08 19:12:08,608 [s2-server-thread2] DEBUG server.RaftServer$Division (RaftServerImpl.java:logAppendEntries(1421)) - s2@group-EA982605F2E5: receive appendEntries(s1, 2, null, 4, true, commits:[s1:c4, s0:c4, s2:c0], cId:817, entries: [(t:2, i:0), CONFIGURATIONENTRY(current:id: "s0"
address: "localhost:34297"
dataStreamAddress: "localhost:43983"
clientAddress: "localhost:39609"
adminAddress: "localhost:37077"
startupRole: FOLLOWER
,id: "s1"
address: "localhost:38917"
dataStreamAddress: "localhost:45719"
clientAddress: "localhost:36975"
adminAddress: "localhost:40635"
startupRole: FOLLOWER
,id: "s2"
address: "localhost:35511"
dataStreamAddress: "localhost:38827"
clientAddress: "localhost:42865"
adminAddress: "localhost:36791"
startupRole: FOLLOWER
, old:), (t:2, i:1), STATEMACHINELOGENTRY, 0@client-2EFB324ADA71, (t:2, i:2), METADATAENTRY(c:1), (t:2, i:3), STATEMACHINELOGENTRY, 999@client-AE8279CAF820, (t:2, i:4), METADATAENTRY(c:3)]
2022-11-08 19:12:08,608 [s2-server-thread2] INFO  server.RaftServer$Division (RaftServerImpl.java:checkInconsistentAppendEntries(1592)) - s2@group-EA982605F2E5: Failed appendEntries as the first entry (index 0) already exists (snapshotIndex: -1, commitIndex: 0)
2022-11-08 19:12:08,608 [s2-server-thread2] INFO  server.RaftServer$Division (RaftServerImpl.java:checkInconsistentAppendEntries(1572)) - s2@group-EA982605F2E5: inconsistency entries. Reply:s1<-s2#817:FAIL-t2,INCONSISTENCY,nextIndex=1,followerCommit=0,matchIndex=-1
2022-11-08 19:12:08,609 [grpc-default-executor-0] INFO  leader.FollowerInfo (FollowerInfoImpl.java:lambda$new$0(48)) - s1@group-EA982605F2E5->s2: nextIndex: updateUnconditionally 5 -> 1
2022-11-08 19:12:08,609 [s2-server-thread1] DEBUG server.RaftServer$Division (RaftServerImpl.java:logAppendEntries(1421)) - s2@group-EA982605F2E5: receive appendEntries(s1, 2, (t:2, i:0), 4, true, commits:[s1:c4, s0:c4, s2:c0], cId:818, entries: [(t:2, i:1), STATEMACHINELOGENTRY, 0@client-2EFB324ADA71, (t:2, i:2), METADATAENTRY(c:1), (t:2, i:3), STATEMACHINELOGENTRY, 999@client-AE8279CAF820, (t:2, i:4), METADATAENTRY(c:3)]
2022-11-08 19:12:08,610 [s2-server-thread1] INFO  server.RaftServer$Division (RaftServerImpl.java:checkInconsistentAppendEntries(1602)) - s2@group-EA982605F2E5: Failed appendEntries as previous log entry ((t:2, i:0)) is not found
2022-11-08 19:12:08,610 [s2-server-thread1] INFO  server.RaftServer$Division (RaftServerImpl.java:checkInconsistentAppendEntries(1572)) - s2@group-EA982605F2E5: inconsistency entries. Reply:s1<-s2#818:FAIL-t2,INCONSISTENCY,nextIndex=0,followerCommit=0,matchIndex=-1
2022-11-08 19:12:08,610 [grpc-default-executor-0] INFO  leader.FollowerInfo (FollowerInfoImpl.java:lambda$new$0(48)) - s1@group-EA982605F2E5->s2: nextIndex: updateUnconditionally 5 -> 0
2022-11-08 19:12:08,611 [s2-server-thread2] DEBUG server.RaftServer$Division (RaftServerImpl.java:logAppendEntries(1421)) - s2@group-EA982605F2E5: receive appendEntries(s1, 2, null, 4, true, commits:[s1:c4, s0:c4, s2:c0], cId:819, entries: [(t:2, i:0), CONFIGURATIONENTRY(current:id: "s0"
address: "localhost:34297"
dataStreamAddress: "localhost:43983"
clientAddress: "localhost:39609"
adminAddress: "localhost:37077"
startupRole: FOLLOWER
,id: "s1"
address: "localhost:38917"
dataStreamAddress: "localhost:45719"
clientAddress: "localhost:36975"
adminAddress: "localhost:40635"
startupRole: FOLLOWER
,id: "s2"
address: "localhost:35511"
dataStreamAddress: "localhost:38827"
clientAddress: "localhost:42865"
adminAddress: "localhost:36791"
startupRole: FOLLOWER
, old:), (t:2, i:1), STATEMACHINELOGENTRY, 0@client-2EFB324ADA71, (t:2, i:2), METADATAENTRY(c:1), (t:2, i:3), STATEMACHINELOGENTRY, 999@client-AE8279CAF820, (t:2, i:4), METADATAENTRY(c:3)]
2022-11-08 19:12:08,611 [s2-server-thread2] INFO  server.RaftServer$Division (RaftServerImpl.java:checkInconsistentAppendEntries(1592)) - s2@group-EA982605F2E5: Failed appendEntries as the first entry (index 0) already exists (snapshotIndex: -1, commitIndex: 0)
2022-11-08 19:12:08,611 [s2-server-thread2] INFO  server.RaftServer$Division (RaftServerImpl.java:checkInconsistentAppendEntries(1572)) - s2@group-EA982605F2E5: inconsistency entries. Reply:s1<-s2#819:FAIL-t2,INCONSISTENCY,nextIndex=1,followerCommit=0,matchIndex=-1
2022-11-08 19:12:08,612 [grpc-default-executor-0] INFO  leader.FollowerInfo (FollowerInfoImpl.java:lambda$new$0(48)) - s1@group-EA982605F2E5->s2: nextIndex: updateUnconditionally 5 -> 1
2022-11-08 19:12:08,612 [s2-server-thread2] DEBUG server.RaftServer$Division (RaftServerImpl.java:logAppendEntries(1421)) - s2@group-EA982605F2E5: receive appendEntries(s1, 2, (t:2, i:0), 4, true, commits:[s1:c4, s0:c4, s2:c0], cId:820, entries: [(t:2, i:1), STATEMACHINELOGENTRY, 0@client-2EFB324ADA71, (t:2, i:2), METADATAENTRY(c:1), (t:2, i:3), STATEMACHINELOGENTRY, 999@client-AE8279CAF820, (t:2, i:4), METADATAENTRY(c:3)]
2022-11-08 19:12:08,612 [s2-server-thread2] INFO  server.RaftServer$Division (RaftServerImpl.java:checkInconsistentAppendEntries(1602)) - s2@group-EA982605F2E5: Failed appendEntries as previous log entry ((t:2, i:0)) is not found
2022-11-08 19:12:08,613 [s2-server-thread2] INFO  server.RaftServer$Division (RaftServerImpl.java:checkInconsistentAppendEntries(1572)) - s2@group-EA982605F2E5: inconsistency entries. Reply:s1<-s2#820:FAIL-t2,INCONSISTENCY,nextIndex=0,followerCommit=0,matchIndex=-1
2022-11-08 19:12:08,613 [grpc-default-executor-0] INFO  leader.FollowerInfo (FollowerInfoImpl.java:lambda$new$0(48)) - s1@group-EA982605F2E5->s2: nextIndex: updateUnconditionally 5 -> 0
2022-11-08 19:12:08,614 [s2-server-thread2] DEBUG server.RaftServer$Division (RaftServerImpl.java:logAppendEntries(1421)) - s2@group-EA982605F2E5: receive appendEntries(s1, 2, null, 4, true, commits:[s1:c4, s0:c4, s2:c0], cId:821, entries: [(t:2, i:0), CONFIGURATIONENTRY(current:id: "s0"
address: "localhost:34297"
dataStreamAddress: "localhost:43983"
clientAddress: "localhost:39609"
adminAddress: "localhost:37077"
startupRole: FOLLOWER
,id: "s1"
address: "localhost:38917"
dataStreamAddress: "localhost:45719"
clientAddress: "localhost:36975"
adminAddress: "localhost:40635"
startupRole: FOLLOWER
,id: "s2"
address: "localhost:35511"
dataStreamAddress: "localhost:38827"
clientAddress: "localhost:42865"
adminAddress: "localhost:36791"
startupRole: FOLLOWER
, old:), (t:2, i:1), STATEMACHINELOGENTRY, 0@client-2EFB324ADA71, (t:2, i:2), METADATAENTRY(c:1), (t:2, i:3), STATEMACHINELOGENTRY, 999@client-AE8279CAF820, (t:2, i:4), METADATAENTRY(c:3)]
2022-11-08 19:12:08,614 [s2-server-thread2] INFO  server.RaftServer$Division (RaftServerImpl.java:checkInconsistentAppendEntries(1592)) - s2@group-EA982605F2E5: Failed appendEntries as the first entry (index 0) already exists (snapshotIndex: -1, commitIndex: 0)
2022-11-08 19:12:08,614 [s2-server-thread2] INFO  server.RaftServer$Division (RaftServerImpl.java:checkInconsistentAppendEntries(1572)) - s2@group-EA982605F2E5: inconsistency entries. Reply:s1<-s2#821:FAIL-t2,INCONSISTENCY,nextIndex=1,followerCommit=0,matchIndex=-1
2022-11-08 19:12:08,614 [grpc-default-executor-0] INFO  leader.FollowerInfo (FollowerInfoImpl.java:lambda$new$0(48)) - s1@group-EA982605F2E5->s2: nextIndex: updateUnconditionally 5 -> 1
2022-11-08 19:12:08,615 [s2-server-thread2] DEBUG server.RaftServer$Division (RaftServerImpl.java:logAppendEntries(1421)) - s2@group-EA982605F2E5: receive appendEntries(s1, 2, (t:2, i:0), 4, true, commits:[s1:c4, s0:c4, s2:c0], cId:822, entries: [(t:2, i:1), STATEMACHINELOGENTRY, 0@client-2EFB324ADA71, (t:2, i:2), METADATAENTRY(c:1), (t:2, i:3), STATEMACHINELOGENTRY, 999@client-AE8279CAF820, (t:2, i:4), METADATAENTRY(c:3)]
2022-11-08 19:12:08,615 [s2-server-thread2] INFO  server.RaftServer$Division (RaftServerImpl.java:checkInconsistentAppendEntries(1602)) - s2@group-EA982605F2E5: Failed appendEntries as previous log entry ((t:2, i:0)) is not found
2022-11-08 19:12:08,616 [s2-server-thread2] INFO  server.RaftServer$Division (RaftServerImpl.java:checkInconsistentAppendEntries(1572)) - s2@group-EA982605F2E5: inconsistency entries. Reply:s1<-s2#822:FAIL-t2,INCONSISTENCY,nextIndex=0,followerCommit=0,matchIndex=-1
2022-11-08 19:12:08,616 [grpc-default-executor-0] INFO  leader.FollowerInfo (FollowerInfoImpl.java:lambda$new$0(48)) - s1@group-EA982605F2E5->s2: nextIndex: updateUnconditionally 5 -> 0
2022-11-08 19:12:08,617 [s2-server-thread1] DEBUG server.RaftServer$Division (RaftServerImpl.java:logAppendEntries(1421)) - s2@group-EA982605F2E5: receive appendEntries(s1, 2, null, 4, true, commits:[s1:c4, s0:c4, s2:c0], cId:823, entries: [(t:2, i:0), CONFIGURATIONENTRY(current:id: "s0"
address: "localhost:34297"
dataStreamAddress: "localhost:43983"
clientAddress: "localhost:39609"
adminAddress: "localhost:37077"
startupRole: FOLLOWER
,id: "s1"
address: "localhost:38917"
dataStreamAddress: "localhost:45719"
clientAddress: "localhost:36975"
adminAddress: "localhost:40635"
startupRole: FOLLOWER
,id: "s2"
address: "localhost:35511"
dataStreamAddress: "localhost:38827"
clientAddress: "localhost:42865"
adminAddress: "localhost:36791"
startupRole: FOLLOWER
, old:), (t:2, i:1), STATEMACHINELOGENTRY, 0@client-2EFB324ADA71, (t:2, i:2), METADATAENTRY(c:1), (t:2, i:3), STATEMACHINELOGENTRY, 999@client-AE8279CAF820, (t:2, i:4), METADATAENTRY(c:3)]
2022-11-08 19:12:08,617 [s2-server-thread1] INFO  server.RaftServer$Division (RaftServerImpl.java:checkInconsistentAppendEntries(1592)) - s2@group-EA982605F2E5: Failed appendEntries as the first entry (index 0) already exists (snapshotIndex: -1, commitIndex: 0)
2022-11-08 19:12:08,617 [s2-server-thread1] INFO  server.RaftServer$Division (RaftServerImpl.java:checkInconsistentAppendEntries(1572)) - s2@group-EA982605F2E5: inconsistency entries. Reply:s1<-s2#823:FAIL-t2,INCONSISTENCY,nextIndex=1,followerCommit=0,matchIndex=-1
2022-11-08 19:12:08,617 [grpc-default-executor-0] INFO  leader.FollowerInfo (FollowerInfoImpl.java:lambda$new$0(48)) - s1@group-EA982605F2E5->s2: nextIndex: updateUnconditionally 5 -> 1
2022-11-08 19:12:08,618 [s2-server-thread2] DEBUG server.RaftServer$Division (RaftServerImpl.java:logAppendEntries(1421)) - s2@group-EA982605F2E5: receive appendEntries(s1, 2, (t:2, i:0), 4, true, commits:[s1:c4, s0:c4, s2:c0], cId:824, entries: [(t:2, i:1), STATEMACHINELOGENTRY, 0@client-2EFB324ADA71, (t:2, i:2), METADATAENTRY(c:1), (t:2, i:3), STATEMACHINELOGENTRY, 999@client-AE8279CAF820, (t:2, i:4), METADATAENTRY(c:3)]
2022-11-08 19:12:08,618 [s2-server-thread2] INFO  server.RaftServer$Division (RaftServerImpl.java:checkInconsistentAppendEntries(1602)) - s2@group-EA982605F2E5: Failed appendEntries as previous log entry ((t:2, i:0)) is not found
2022-11-08 19:12:08,618 [s2-server-thread2] INFO  server.RaftServer$Division (RaftServerImpl.java:checkInconsistentAppendEntries(1572)) - s2@group-EA982605F2E5: inconsistency entries. Reply:s1<-s2#824:FAIL-t2,INCONSISTENCY,nextIndex=0,followerCommit=0,matchIndex=-1
2022-11-08 19:12:08,619 [grpc-default-executor-0] INFO  leader.FollowerInfo (FollowerInfoImpl.java:lambda$new$0(48)) - s1@group-EA982605F2E5->s2: nextIndex: updateUnconditionally 5 -> 0
2022-11-08 19:12:08,620 [s2-server-thread2] DEBUG server.RaftServer$Division (RaftServerImpl.java:logAppendEntries(1421)) - s2@group-EA982605F2E5: receive appendEntries(s1, 2, null, 4, true, commits:[s1:c4, s0:c4, s2:c0], cId:825, entries: [(t:2, i:0), CONFIGURATIONENTRY(current:id: "s0"
address: "localhost:34297"
dataStreamAddress: "localhost:43983"
clientAddress: "localhost:39609"
adminAddress: "localhost:37077"
startupRole: FOLLOWER
,id: "s1"
address: "localhost:38917"
dataStreamAddress: "localhost:45719"
clientAddress: "localhost:36975"
adminAddress: "localhost:40635"
startupRole: FOLLOWER
,id: "s2"
address: "localhost:35511"
dataStreamAddress: "localhost:38827"
clientAddress: "localhost:42865"
adminAddress: "localhost:36791"
startupRole: FOLLOWER
, old:), (t:2, i:1), STATEMACHINELOGENTRY, 0@client-2EFB324ADA71, (t:2, i:2), METADATAENTRY(c:1), (t:2, i:3), STATEMACHINELOGENTRY, 999@client-AE8279CAF820, (t:2, i:4), METADATAENTRY(c:3)]
2022-11-08 19:12:08,620 [s2-server-thread2] INFO  server.RaftServer$Division (RaftServerImpl.java:checkInconsistentAppendEntries(1592)) - s2@group-EA982605F2E5: Failed appendEntries as the first entry (index 0) already exists (snapshotIndex: -1, commitIndex: 0)
2022-11-08 19:12:08,620 [s2-server-thread2] INFO  server.RaftServer$Division (RaftServerImpl.java:checkInconsistentAppendEntries(1572)) - s2@group-EA982605F2E5: inconsistency entries. Reply:s1<-s2#825:FAIL-t2,INCONSISTENCY,nextIndex=1,followerCommit=0,matchIndex=-1
2022-11-08 19:12:08,620 [grpc-default-executor-0] INFO  leader.FollowerInfo (FollowerInfoImpl.java:lambda$new$0(48)) - s1@group-EA982605F2E5->s2: nextIndex: updateUnconditionally 5 -> 1
2022-11-08 19:12:08,621 [s2-server-thread2] DEBUG server.RaftServer$Division (RaftServerImpl.java:logAppendEntries(1421)) - s2@group-EA982605F2E5: receive appendEntries(s1, 2, (t:2, i:0), 4, true, commits:[s1:c4, s0:c4, s2:c0], cId:826, entries: [(t:2, i:1), STATEMACHINELOGENTRY, 0@client-2EFB324ADA71, (t:2, i:2), METADATAENTRY(c:1), (t:2, i:3), STATEMACHINELOGENTRY, 999@client-AE8279CAF820, (t:2, i:4), METADATAENTRY(c:3)]
2022-11-08 19:12:08,621 [s2-server-thread2] INFO  server.RaftServer$Division (RaftServerImpl.java:checkInconsistentAppendEntries(1602)) - s2@group-EA982605F2E5: Failed appendEntries as previous log entry ((t:2, i:0)) is not found
2022-11-08 19:12:08,621 [s2-server-thread2] INFO  server.RaftServer$Division (RaftServerImpl.java:checkInconsistentAppendEntries(1572)) - s2@group-EA982605F2E5: inconsistency entries. Reply:s1<-s2#826:FAIL-t2,INCONSISTENCY,nextIndex=0,followerCommit=0,matchIndex=-1
2022-11-08 19:12:08,622 [grpc-default-executor-0] INFO  leader.FollowerInfo (FollowerInfoImpl.java:lambda$new$0(48)) - s1@group-EA982605F2E5->s2: nextIndex: updateUnconditionally 5 -> 0
2022-11-08 19:12:08,623 [s2-server-thread2] DEBUG server.RaftServer$Division (RaftServerImpl.java:logAppendEntries(1421)) - s2@group-EA982605F2E5: receive appendEntries(s1, 2, null, 4, true, commits:[s1:c4, s0:c4, s2:c0], cId:827, entries: [(t:2, i:0), CONFIGURATIONENTRY(current:id: "s0"
address: "localhost:34297"
dataStreamAddress: "localhost:43983"
clientAddress: "localhost:39609"
adminAddress: "localhost:37077"
startupRole: FOLLOWER
,id: "s1"
address: "localhost:38917"
dataStreamAddress: "localhost:45719"
clientAddress: "localhost:36975"
adminAddress: "localhost:40635"
startupRole: FOLLOWER
,id: "s2"
address: "localhost:35511"
dataStreamAddress: "localhost:38827"
clientAddress: "localhost:42865"
adminAddress: "localhost:36791"
startupRole: FOLLOWER
, old:), (t:2, i:1), STATEMACHINELOGENTRY, 0@client-2EFB324ADA71, (t:2, i:2), METADATAENTRY(c:1), (t:2, i:3), STATEMACHINELOGENTRY, 999@client-AE8279CAF820, (t:2, i:4), METADATAENTRY(c:3)]
2022-11-08 19:12:08,623 [s2-server-thread2] INFO  server.RaftServer$Division (RaftServerImpl.java:checkInconsistentAppendEntries(1592)) - s2@group-EA982605F2E5: Failed appendEntries as the first entry (index 0) already exists (snapshotIndex: -1, commitIndex: 0)
2022-11-08 19:12:08,623 [s2-server-thread2] INFO  server.RaftServer$Division (RaftServerImpl.java:checkInconsistentAppendEntries(1572)) - s2@group-EA982605F2E5: inconsistency entries. Reply:s1<-s2#827:FAIL-t2,INCONSISTENCY,nextIndex=1,followerCommit=0,matchIndex=-1
2022-11-08 19:12:08,623 [grpc-default-executor-0] INFO  leader.FollowerInfo (FollowerInfoImpl.java:lambda$new$0(48)) - s1@group-EA982605F2E5->s2: nextIndex: updateUnconditionally 5 -> 1
2022-11-08 19:12:08,624 [s2-server-thread1] DEBUG server.RaftServer$Division (RaftServerImpl.java:logAppendEntries(1421)) - s2@group-EA982605F2E5: receive appendEntries(s1, 2, (t:2, i:0), 4, true, commits:[s1:c4, s0:c4, s2:c0], cId:828, entries: [(t:2, i:1), STATEMACHINELOGENTRY, 0@client-2EFB324ADA71, (t:2, i:2), METADATAENTRY(c:1), (t:2, i:3), STATEMACHINELOGENTRY, 999@client-AE8279CAF820, (t:2, i:4), METADATAENTRY(c:3)]
2022-11-08 19:12:08,624 [s2-server-thread1] INFO  server.RaftServer$Division (RaftServerImpl.java:checkInconsistentAppendEntries(1602)) - s2@group-EA982605F2E5: Failed appendEntries as previous log entry ((t:2, i:0)) is not found
2022-11-08 19:12:08,624 [s2-server-thread1] INFO  server.RaftServer$Division (RaftServerImpl.java:checkInconsistentAppendEntries(1572)) - s2@group-EA982605F2E5: inconsistency entries. Reply:s1<-s2#828:FAIL-t2,INCONSISTENCY,nextIndex=0,followerCommit=0,matchIndex=-1
2022-11-08 19:12:08,625 [grpc-default-executor-0] INFO  leader.FollowerInfo (FollowerInfoImpl.java:lambda$new$0(48)) - s1@group-EA982605F2E5->s2: nextIndex: updateUnconditionally 5 -> 0
2022-11-08 19:12:08,626 [s2-server-thread2] DEBUG server.RaftServer$Division (RaftServerImpl.java:logAppendEntries(1421)) - s2@group-EA982605F2E5: receive appendEntries(s1, 2, null, 4, true, commits:[s1:c4, s0:c4, s2:c0], cId:829, entries: [(t:2, i:0), CONFIGURATIONENTRY(current:id: "s0"
address: "localhost:34297"
dataStreamAddress: "localhost:43983"
clientAddress: "localhost:39609"
adminAddress: "localhost:37077"
startupRole: FOLLOWER
,id: "s1"
address: "localhost:38917"
dataStreamAddress: "localhost:45719"
clientAddress: "localhost:36975"
adminAddress: "localhost:40635"
startupRole: FOLLOWER
,id: "s2"
address: "localhost:35511"
dataStreamAddress: "localhost:38827"
clientAddress: "localhost:42865"
adminAddress: "localhost:36791"
startupRole: FOLLOWER
, old:), (t:2, i:1), STATEMACHINELOGENTRY, 0@client-2EFB324ADA71, (t:2, i:2), METADATAENTRY(c:1), (t:2, i:3), STATEMACHINELOGENTRY, 999@client-AE8279CAF820, (t:2, i:4), METADATAENTRY(c:3)]
2022-11-08 19:12:08,626 [s2-server-thread2] INFO  server.RaftServer$Division (RaftServerImpl.java:checkInconsistentAppendEntries(1592)) - s2@group-EA982605F2E5: Failed appendEntries as the first entry (index 0) already exists (snapshotIndex: -1, commitIndex: 0)
2022-11-08 19:12:08,626 [s2-server-thread2] INFO  server.RaftServer$Division (RaftServerImpl.java:checkInconsistentAppendEntries(1572)) - s2@group-EA982605F2E5: inconsistency entries. Reply:s1<-s2#829:FAIL-t2,INCONSISTENCY,nextIndex=1,followerCommit=0,matchIndex=-1
2022-11-08 19:12:08,627 [grpc-default-executor-0] INFO  leader.FollowerInfo (FollowerInfoImpl.java:lambda$new$0(48)) - s1@group-EA982605F2E5->s2: nextIndex: updateUnconditionally 5 -> 1
2022-11-08 19:12:08,628 [s2-server-thread2] DEBUG server.RaftServer$Division (RaftServerImpl.java:logAppendEntries(1421)) - s2@group-EA982605F2E5: receive appendEntries(s1, 2, (t:2, i:0), 4, true, commits:[s1:c4, s0:c4, s2:c0], cId:830, entries: [(t:2, i:1), STATEMACHINELOGENTRY, 0@client-2EFB324ADA71, (t:2, i:2), METADATAENTRY(c:1), (t:2, i:3), STATEMACHINELOGENTRY, 999@client-AE8279CAF820, (t:2, i:4), METADATAENTRY(c:3)]
2022-11-08 19:12:08,628 [s2-server-thread2] INFO  server.RaftServer$Division (RaftServerImpl.java:checkInconsistentAppendEntries(1602)) - s2@group-EA982605F2E5: Failed appendEntries as previous log entry ((t:2, i:0)) is not found
2022-11-08 19:12:08,628 [s2-server-thread2] INFO  server.RaftServer$Division (RaftServerImpl.java:checkInconsistentAppendEntries(1572)) - s2@group-EA982605F2E5: inconsistency entries. Reply:s1<-s2#830:FAIL-t2,INCONSISTENCY,nextIndex=0,followerCommit=0,matchIndex=-1
2022-11-08 19:12:08,628 [grpc-default-executor-0] INFO  leader.FollowerInfo (FollowerInfoImpl.java:lambda$new$0(48)) - s1@group-EA982605F2E5->s2: nextIndex: updateUnconditionally 5 -> 0
2022-11-08 19:12:08,629 [s2-server-thread2] DEBUG server.RaftServer$Division (RaftServerImpl.java:logAppendEntries(1421)) - s2@group-EA982605F2E5: receive appendEntries(s1, 2, null, 4, true, commits:[s1:c4, s0:c4, s2:c0], cId:831, entries: [(t:2, i:0), CONFIGURATIONENTRY(current:id: "s0"
address: "localhost:34297"
dataStreamAddress: "localhost:43983"
clientAddress: "localhost:39609"
adminAddress: "localhost:37077"
startupRole: FOLLOWER
,id: "s1"
address: "localhost:38917"
dataStreamAddress: "localhost:45719"
clientAddress: "localhost:36975"
adminAddress: "localhost:40635"
startupRole: FOLLOWER
,id: "s2"
address: "localhost:35511"
dataStreamAddress: "localhost:38827"
clientAddress: "localhost:42865"
adminAddress: "localhost:36791"
startupRole: FOLLOWER
, old:), (t:2, i:1), STATEMACHINELOGENTRY, 0@client-2EFB324ADA71, (t:2, i:2), METADATAENTRY(c:1), (t:2, i:3), STATEMACHINELOGENTRY, 999@client-AE8279CAF820, (t:2, i:4), METADATAENTRY(c:3)]
2022-11-08 19:12:08,629 [s2-server-thread2] INFO  server.RaftServer$Division (RaftServerImpl.java:checkInconsistentAppendEntries(1592)) - s2@group-EA982605F2E5: Failed appendEntries as the first entry (index 0) already exists (snapshotIndex: -1, commitIndex: 0)
2022-11-08 19:12:08,630 [s2-server-thread2] INFO  server.RaftServer$Division (RaftServerImpl.java:checkInconsistentAppendEntries(1572)) - s2@group-EA982605F2E5: inconsistency entries. Reply:s1<-s2#831:FAIL-t2,INCONSISTENCY,nextIndex=1,followerCommit=0,matchIndex=-1
2022-11-08 19:12:08,630 [grpc-default-executor-0] INFO  leader.FollowerInfo (FollowerInfoImpl.java:lambda$new$0(48)) - s1@group-EA982605F2E5->s2: nextIndex: updateUnconditionally 5 -> 1
2022-11-08 19:12:08,631 [s2-server-thread2] DEBUG server.RaftServer$Division (RaftServerImpl.java:logAppendEntries(1421)) - s2@group-EA982605F2E5: receive appendEntries(s1, 2, (t:2, i:0), 4, true, commits:[s1:c4, s0:c4, s2:c0], cId:832, entries: [(t:2, i:1), STATEMACHINELOGENTRY, 0@client-2EFB324ADA71, (t:2, i:2), METADATAENTRY(c:1), (t:2, i:3), STATEMACHINELOGENTRY, 999@client-AE8279CAF820, (t:2, i:4), METADATAENTRY(c:3)]
2022-11-08 19:12:08,631 [s2-server-thread2] INFO  server.RaftServer$Division (RaftServerImpl.java:checkInconsistentAppendEntries(1602)) - s2@group-EA982605F2E5: Failed appendEntries as previous log entry ((t:2, i:0)) is not found
2022-11-08 19:12:08,631 [s2-server-thread2] INFO  server.RaftServer$Division (RaftServerImpl.java:checkInconsistentAppendEntries(1572)) - s2@group-EA982605F2E5: inconsistency entries. Reply:s1<-s2#832:FAIL-t2,INCONSISTENCY,nextIndex=0,followerCommit=0,matchIndex=-1
2022-11-08 19:12:08,632 [grpc-default-executor-0] INFO  leader.FollowerInfo (FollowerInfoImpl.java:lambda$new$0(48)) - s1@group-EA982605F2E5->s2: nextIndex: updateUnconditionally 5 -> 0
2022-11-08 19:12:08,632 [s2-server-thread1] DEBUG server.RaftServer$Division (RaftServerImpl.java:logAppendEntries(1421)) - s2@group-EA982605F2E5: receive appendEntries(s1, 2, null, 4, true, commits:[s1:c4, s0:c4, s2:c0], cId:833, entries: [(t:2, i:0), CONFIGURATIONENTRY(current:id: "s0"
address: "localhost:34297"
dataStreamAddress: "localhost:43983"
clientAddress: "localhost:39609"
adminAddress: "localhost:37077"
startupRole: FOLLOWER
,id: "s1"
address: "localhost:38917"
dataStreamAddress: "localhost:45719"
clientAddress: "localhost:36975"
adminAddress: "localhost:40635"
startupRole: FOLLOWER
,id: "s2"
address: "localhost:35511"
dataStreamAddress: "localhost:38827"
clientAddress: "localhost:42865"
adminAddress: "localhost:36791"
startupRole: FOLLOWER
, old:), (t:2, i:1), STATEMACHINELOGENTRY, 0@client-2EFB324ADA71, (t:2, i:2), METADATAENTRY(c:1), (t:2, i:3), STATEMACHINELOGENTRY, 999@client-AE8279CAF820, (t:2, i:4), METADATAENTRY(c:3)]
2022-11-08 19:12:08,633 [s2-server-thread1] INFO  server.RaftServer$Division (RaftServerImpl.java:checkInconsistentAppendEntries(1592)) - s2@group-EA982605F2E5: Failed appendEntries as the first entry (index 0) already exists (snapshotIndex: -1, commitIndex: 0)
2022-11-08 19:12:08,633 [s2-server-thread1] INFO  server.RaftServer$Division (RaftServerImpl.java:checkInconsistentAppendEntries(1572)) - s2@group-EA982605F2E5: inconsistency entries. Reply:s1<-s2#833:FAIL-t2,INCONSISTENCY,nextIndex=1,followerCommit=0,matchIndex=-1
2022-11-08 19:12:08,633 [grpc-default-executor-0] INFO  leader.FollowerInfo (FollowerInfoImpl.java:lambda$new$0(48)) - s1@group-EA982605F2E5->s2: nextIndex: updateUnconditionally 5 -> 1
2022-11-08 19:12:08,634 [s2-server-thread2] DEBUG server.RaftServer$Division (RaftServerImpl.java:logAppendEntries(1421)) - s2@group-EA982605F2E5: receive appendEntries(s1, 2, (t:2, i:0), 4, true, commits:[s1:c4, s0:c4, s2:c0], cId:834, entries: [(t:2, i:1), STATEMACHINELOGENTRY, 0@client-2EFB324ADA71, (t:2, i:2), METADATAENTRY(c:1), (t:2, i:3), STATEMACHINELOGENTRY, 999@client-AE8279CAF820, (t:2, i:4), METADATAENTRY(c:3)]
2022-11-08 19:12:08,634 [s2-server-thread2] INFO  server.RaftServer$Division (RaftServerImpl.java:checkInconsistentAppendEntries(1602)) - s2@group-EA982605F2E5: Failed appendEntries as previous log entry ((t:2, i:0)) is not found
2022-11-08 19:12:08,634 [s2-server-thread2] INFO  server.RaftServer$Division (RaftServerImpl.java:checkInconsistentAppendEntries(1572)) - s2@group-EA982605F2E5: inconsistency entries. Reply:s1<-s2#834:FAIL-t2,INCONSISTENCY,nextIndex=0,followerCommit=0,matchIndex=-1
2022-11-08 19:12:08,635 [grpc-default-executor-0] INFO  leader.FollowerInfo (FollowerInfoImpl.java:lambda$new$0(48)) - s1@group-EA982605F2E5->s2: nextIndex: updateUnconditionally 5 -> 0
2022-11-08 19:12:08,635 [s2-server-thread2] DEBUG server.RaftServer$Division (RaftServerImpl.java:logAppendEntries(1421)) - s2@group-EA982605F2E5: receive appendEntries(s1, 2, null, 4, true, commits:[s1:c4, s0:c4, s2:c0], cId:835, entries: [(t:2, i:0), CONFIGURATIONENTRY(current:id: "s0"
address: "localhost:34297"
dataStreamAddress: "localhost:43983"
clientAddress: "localhost:39609"
adminAddress: "localhost:37077"
startupRole: FOLLOWER
,id: "s1"
address: "localhost:38917"
dataStreamAddress: "localhost:45719"
clientAddress: "localhost:36975"
adminAddress: "localhost:40635"
startupRole: FOLLOWER
,id: "s2"
address: "localhost:35511"
dataStreamAddress: "localhost:38827"
clientAddress: "localhost:42865"
adminAddress: "localhost:36791"
startupRole: FOLLOWER
, old:), (t:2, i:1), STATEMACHINELOGENTRY, 0@client-2EFB324ADA71, (t:2, i:2), METADATAENTRY(c:1), (t:2, i:3), STATEMACHINELOGENTRY, 999@client-AE8279CAF820, (t:2, i:4), METADATAENTRY(c:3)]
2022-11-08 19:12:08,636 [s2-server-thread2] INFO  server.RaftServer$Division (RaftServerImpl.java:checkInconsistentAppendEntries(1592)) - s2@group-EA982605F2E5: Failed appendEntries as the first entry (index 0) already exists (snapshotIndex: -1, commitIndex: 0)
2022-11-08 19:12:08,636 [s2-server-thread2] INFO  server.RaftServer$Division (RaftServerImpl.java:checkInconsistentAppendEntries(1572)) - s2@group-EA982605F2E5: inconsistency entries. Reply:s1<-s2#835:FAIL-t2,INCONSISTENCY,nextIndex=1,followerCommit=0,matchIndex=-1
2022-11-08 19:12:08,636 [grpc-default-executor-0] INFO  leader.FollowerInfo (FollowerInfoImpl.java:lambda$new$0(48)) - s1@group-EA982605F2E5->s2: nextIndex: updateUnconditionally 5 -> 1
2022-11-08 19:12:08,637 [s2-server-thread2] DEBUG server.RaftServer$Division (RaftServerImpl.java:logAppendEntries(1421)) - s2@group-EA982605F2E5: receive appendEntries(s1, 2, (t:2, i:0), 4, true, commits:[s1:c4, s0:c4, s2:c0], cId:836, entries: [(t:2, i:1), STATEMACHINELOGENTRY, 0@client-2EFB324ADA71, (t:2, i:2), METADATAENTRY(c:1), (t:2, i:3), STATEMACHINELOGENTRY, 999@client-AE8279CAF820, (t:2, i:4), METADATAENTRY(c:3)]
2022-11-08 19:12:08,637 [s2-server-thread2] INFO  server.RaftServer$Division (RaftServerImpl.java:checkInconsistentAppendEntries(1602)) - s2@group-EA982605F2E5: Failed appendEntries as previous log entry ((t:2, i:0)) is not found
2022-11-08 19:12:08,637 [s2-server-thread2] INFO  server.RaftServer$Division (RaftServerImpl.java:checkInconsistentAppendEntries(1572)) - s2@group-EA982605F2E5: inconsistency entries. Reply:s1<-s2#836:FAIL-t2,INCONSISTENCY,nextIndex=0,followerCommit=0,matchIndex=-1
2022-11-08 19:12:08,638 [grpc-default-executor-0] INFO  leader.FollowerInfo (FollowerInfoImpl.java:lambda$new$0(48)) - s1@group-EA982605F2E5->s2: nextIndex: updateUnconditionally 5 -> 0
2022-11-08 19:12:08,639 [s2-server-thread2] DEBUG server.RaftServer$Division (RaftServerImpl.java:logAppendEntries(1421)) - s2@group-EA982605F2E5: receive appendEntries(s1, 2, null, 4, true, commits:[s1:c4, s0:c4, s2:c0], cId:837, entries: [(t:2, i:0), CONFIGURATIONENTRY(current:id: "s0"
address: "localhost:34297"
dataStreamAddress: "localhost:43983"
clientAddress: "localhost:39609"
adminAddress: "localhost:37077"
startupRole: FOLLOWER
,id: "s1"
address: "localhost:38917"
dataStreamAddress: "localhost:45719"
clientAddress: "localhost:36975"
adminAddress: "localhost:40635"
startupRole: FOLLOWER
,id: "s2"
address: "localhost:35511"
dataStreamAddress: "localhost:38827"
clientAddress: "localhost:42865"
adminAddress: "localhost:36791"
startupRole: FOLLOWER
, old:), (t:2, i:1), STATEMACHINELOGENTRY, 0@client-2EFB324ADA71, (t:2, i:2), METADATAENTRY(c:1), (t:2, i:3), STATEMACHINELOGENTRY, 999@client-AE8279CAF820, (t:2, i:4), METADATAENTRY(c:3)]
2022-11-08 19:12:08,639 [s2-server-thread2] INFO  server.RaftServer$Division (RaftServerImpl.java:checkInconsistentAppendEntries(1592)) - s2@group-EA982605F2E5: Failed appendEntries as the first entry (index 0) already exists (snapshotIndex: -1, commitIndex: 0)
2022-11-08 19:12:08,639 [s2-server-thread2] INFO  server.RaftServer$Division (RaftServerImpl.java:checkInconsistentAppendEntries(1572)) - s2@group-EA982605F2E5: inconsistency entries. Reply:s1<-s2#837:FAIL-t2,INCONSISTENCY,nextIndex=1,followerCommit=0,matchIndex=-1
2022-11-08 19:12:08,640 [grpc-default-executor-0] INFO  leader.FollowerInfo (FollowerInfoImpl.java:lambda$new$0(48)) - s1@group-EA982605F2E5->s2: nextIndex: updateUnconditionally 5 -> 1
2022-11-08 19:12:08,640 [s2-server-thread1] DEBUG server.RaftServer$Division (RaftServerImpl.java:logAppendEntries(1421)) - s2@group-EA982605F2E5: receive appendEntries(s1, 2, (t:2, i:0), 4, true, commits:[s1:c4, s0:c4, s2:c0], cId:838, entries: [(t:2, i:1), STATEMACHINELOGENTRY, 0@client-2EFB324ADA71, (t:2, i:2), METADATAENTRY(c:1), (t:2, i:3), STATEMACHINELOGENTRY, 999@client-AE8279CAF820, (t:2, i:4), METADATAENTRY(c:3)]
2022-11-08 19:12:08,641 [s2-server-thread1] INFO  server.RaftServer$Division (RaftServerImpl.java:checkInconsistentAppendEntries(1602)) - s2@group-EA982605F2E5: Failed appendEntries as previous log entry ((t:2, i:0)) is not found
2022-11-08 19:12:08,641 [s2-server-thread1] INFO  server.RaftServer$Division (RaftServerImpl.java:checkInconsistentAppendEntries(1572)) - s2@group-EA982605F2E5: inconsistency entries. Reply:s1<-s2#838:FAIL-t2,INCONSISTENCY,nextIndex=0,followerCommit=0,matchIndex=-1
2022-11-08 19:12:08,641 [grpc-default-executor-0] INFO  leader.FollowerInfo (FollowerInfoImpl.java:lambda$new$0(48)) - s1@group-EA982605F2E5->s2: nextIndex: updateUnconditionally 5 -> 0
2022-11-08 19:12:08,642 [s2-server-thread2] DEBUG server.RaftServer$Division (RaftServerImpl.java:logAppendEntries(1421)) - s2@group-EA982605F2E5: receive appendEntries(s1, 2, null, 4, true, commits:[s1:c4, s0:c4, s2:c0], cId:839, entries: [(t:2, i:0), CONFIGURATIONENTRY(current:id: "s0"
address: "localhost:34297"
dataStreamAddress: "localhost:43983"
clientAddress: "localhost:39609"
adminAddress: "localhost:37077"
startupRole: FOLLOWER
,id: "s1"
address: "localhost:38917"
dataStreamAddress: "localhost:45719"
clientAddress: "localhost:36975"
adminAddress: "localhost:40635"
startupRole: FOLLOWER
,id: "s2"
address: "localhost:35511"
dataStreamAddress: "localhost:38827"
clientAddress: "localhost:42865"
adminAddress: "localhost:36791"
startupRole: FOLLOWER
, old:), (t:2, i:1), STATEMACHINELOGENTRY, 0@client-2EFB324ADA71, (t:2, i:2), METADATAENTRY(c:1), (t:2, i:3), STATEMACHINELOGENTRY, 999@client-AE8279CAF820, (t:2, i:4), METADATAENTRY(c:3)]
2022-11-08 19:12:08,642 [s2-server-thread2] INFO  server.RaftServer$Division (RaftServerImpl.java:checkInconsistentAppendEntries(1592)) - s2@group-EA982605F2E5: Failed appendEntries as the first entry (index 0) already exists (snapshotIndex: -1, commitIndex: 0)
2022-11-08 19:12:08,642 [s2-server-thread2] INFO  server.RaftServer$Division (RaftServerImpl.java:checkInconsistentAppendEntries(1572)) - s2@group-EA982605F2E5: inconsistency entries. Reply:s1<-s2#839:FAIL-t2,INCONSISTENCY,nextIndex=1,followerCommit=0,matchIndex=-1
2022-11-08 19:12:08,643 [grpc-default-executor-0] INFO  leader.FollowerInfo (FollowerInfoImpl.java:lambda$new$0(48)) - s1@group-EA982605F2E5->s2: nextIndex: updateUnconditionally 5 -> 1
2022-11-08 19:12:08,643 [s2-server-thread2] DEBUG server.RaftServer$Division (RaftServerImpl.java:logAppendEntries(1421)) - s2@group-EA982605F2E5: receive appendEntries(s1, 2, (t:2, i:0), 4, true, commits:[s1:c4, s0:c4, s2:c0], cId:840, entries: [(t:2, i:1), STATEMACHINELOGENTRY, 0@client-2EFB324ADA71, (t:2, i:2), METADATAENTRY(c:1), (t:2, i:3), STATEMACHINELOGENTRY, 999@client-AE8279CAF820, (t:2, i:4), METADATAENTRY(c:3)]
2022-11-08 19:12:08,644 [s2-server-thread2] INFO  server.RaftServer$Division (RaftServerImpl.java:checkInconsistentAppendEntries(1602)) - s2@group-EA982605F2E5: Failed appendEntries as previous log entry ((t:2, i:0)) is not found
2022-11-08 19:12:08,644 [s2-server-thread2] INFO  server.RaftServer$Division (RaftServerImpl.java:checkInconsistentAppendEntries(1572)) - s2@group-EA982605F2E5: inconsistency entries. Reply:s1<-s2#840:FAIL-t2,INCONSISTENCY,nextIndex=0,followerCommit=0,matchIndex=-1
2022-11-08 19:12:08,644 [grpc-default-executor-0] INFO  leader.FollowerInfo (FollowerInfoImpl.java:lambda$new$0(48)) - s1@group-EA982605F2E5->s2: nextIndex: updateUnconditionally 5 -> 0
2022-11-08 19:12:08,645 [s2-server-thread2] DEBUG server.RaftServer$Division (RaftServerImpl.java:logAppendEntries(1421)) - s2@group-EA982605F2E5: receive appendEntries(s1, 2, null, 4, true, commits:[s1:c4, s0:c4, s2:c0], cId:841, entries: [(t:2, i:0), CONFIGURATIONENTRY(current:id: "s0"
address: "localhost:34297"
dataStreamAddress: "localhost:43983"
clientAddress: "localhost:39609"
adminAddress: "localhost:37077"
startupRole: FOLLOWER
,id: "s1"
address: "localhost:38917"
dataStreamAddress: "localhost:45719"
clientAddress: "localhost:36975"
adminAddress: "localhost:40635"
startupRole: FOLLOWER
,id: "s2"
address: "localhost:35511"
dataStreamAddress: "localhost:38827"
clientAddress: "localhost:42865"
adminAddress: "localhost:36791"
startupRole: FOLLOWER
, old:), (t:2, i:1), STATEMACHINELOGENTRY, 0@client-2EFB324ADA71, (t:2, i:2), METADATAENTRY(c:1), (t:2, i:3), STATEMACHINELOGENTRY, 999@client-AE8279CAF820, (t:2, i:4), METADATAENTRY(c:3)]
2022-11-08 19:12:08,645 [s2-server-thread2] INFO  server.RaftServer$Division (RaftServerImpl.java:checkInconsistentAppendEntries(1592)) - s2@group-EA982605F2E5: Failed appendEntries as the first entry (index 0) already exists (snapshotIndex: -1, commitIndex: 0)
2022-11-08 19:12:08,645 [s2-server-thread2] INFO  server.RaftServer$Division (RaftServerImpl.java:checkInconsistentAppendEntries(1572)) - s2@group-EA982605F2E5: inconsistency entries. Reply:s1<-s2#841:FAIL-t2,INCONSISTENCY,nextIndex=1,followerCommit=0,matchIndex=-1
2022-11-08 19:12:08,646 [grpc-default-executor-0] INFO  leader.FollowerInfo (FollowerInfoImpl.java:lambda$new$0(48)) - s1@group-EA982605F2E5->s2: nextIndex: updateUnconditionally 5 -> 1
2022-11-08 19:12:08,646 [s2-server-thread2] DEBUG server.RaftServer$Division (RaftServerImpl.java:logAppendEntries(1421)) - s2@group-EA982605F2E5: receive appendEntries(s1, 2, (t:2, i:0), 4, true, commits:[s1:c4, s0:c4, s2:c0], cId:842, entries: [(t:2, i:1), STATEMACHINELOGENTRY, 0@client-2EFB324ADA71, (t:2, i:2), METADATAENTRY(c:1), (t:2, i:3), STATEMACHINELOGENTRY, 999@client-AE8279CAF820, (t:2, i:4), METADATAENTRY(c:3)]
2022-11-08 19:12:08,646 [s2-server-thread2] INFO  server.RaftServer$Division (RaftServerImpl.java:checkInconsistentAppendEntries(1602)) - s2@group-EA982605F2E5: Failed appendEntries as previous log entry ((t:2, i:0)) is not found
2022-11-08 19:12:08,647 [s2-server-thread2] INFO  server.RaftServer$Division (RaftServerImpl.java:checkInconsistentAppendEntries(1572)) - s2@group-EA982605F2E5: inconsistency entries. Reply:s1<-s2#842:FAIL-t2,INCONSISTENCY,nextIndex=0,followerCommit=0,matchIndex=-1
2022-11-08 19:12:08,647 [grpc-default-executor-0] INFO  leader.FollowerInfo (FollowerInfoImpl.java:lambda$new$0(48)) - s1@group-EA982605F2E5->s2: nextIndex: updateUnconditionally 5 -> 0
2022-11-08 19:12:08,648 [s2-server-thread2] DEBUG server.RaftServer$Division (RaftServerImpl.java:logAppendEntries(1421)) - s2@group-EA982605F2E5: receive appendEntries(s1, 2, null, 4, true, commits:[s1:c4, s0:c4, s2:c0], cId:843, entries: [(t:2, i:0), CONFIGURATIONENTRY(current:id: "s0"
address: "localhost:34297"
dataStreamAddress: "localhost:43983"
clientAddress: "localhost:39609"
adminAddress: "localhost:37077"
startupRole: FOLLOWER
,id: "s1"
address: "localhost:38917"
dataStreamAddress: "localhost:45719"
clientAddress: "localhost:36975"
adminAddress: "localhost:40635"
startupRole: FOLLOWER
,id: "s2"
address: "localhost:35511"
dataStreamAddress: "localhost:38827"
clientAddress: "localhost:42865"
adminAddress: "localhost:36791"
startupRole: FOLLOWER
, old:), (t:2, i:1), STATEMACHINELOGENTRY, 0@client-2EFB324ADA71, (t:2, i:2), METADATAENTRY(c:1), (t:2, i:3), STATEMACHINELOGENTRY, 999@client-AE8279CAF820, (t:2, i:4), METADATAENTRY(c:3)]
2022-11-08 19:12:08,648 [s2-server-thread2] INFO  server.RaftServer$Division (RaftServerImpl.java:checkInconsistentAppendEntries(1592)) - s2@group-EA982605F2E5: Failed appendEntries as the first entry (index 0) already exists (snapshotIndex: -1, commitIndex: 0)
2022-11-08 19:12:08,648 [s2-server-thread2] INFO  server.RaftServer$Division (RaftServerImpl.java:checkInconsistentAppendEntries(1572)) - s2@group-EA982605F2E5: inconsistency entries. Reply:s1<-s2#843:FAIL-t2,INCONSISTENCY,nextIndex=1,followerCommit=0,matchIndex=-1
2022-11-08 19:12:08,649 [grpc-default-executor-0] INFO  leader.FollowerInfo (FollowerInfoImpl.java:lambda$new$0(48)) - s1@group-EA982605F2E5->s2: nextIndex: updateUnconditionally 5 -> 1
2022-11-08 19:12:08,650 [s2-server-thread1] DEBUG server.RaftServer$Division (RaftServerImpl.java:logAppendEntries(1421)) - s2@group-EA982605F2E5: receive appendEntries(s1, 2, (t:2, i:0), 4, true, commits:[s1:c4, s0:c4, s2:c0], cId:844, entries: [(t:2, i:1), STATEMACHINELOGENTRY, 0@client-2EFB324ADA71, (t:2, i:2), METADATAENTRY(c:1), (t:2, i:3), STATEMACHINELOGENTRY, 999@client-AE8279CAF820, (t:2, i:4), METADATAENTRY(c:3)]
2022-11-08 19:12:08,650 [s2-server-thread1] INFO  server.RaftServer$Division (RaftServerImpl.java:checkInconsistentAppendEntries(1602)) - s2@group-EA982605F2E5: Failed appendEntries as previous log entry ((t:2, i:0)) is not found
2022-11-08 19:12:08,650 [s2-server-thread1] INFO  server.RaftServer$Division (RaftServerImpl.java:checkInconsistentAppendEntries(1572)) - s2@group-EA982605F2E5: inconsistency entries. Reply:s1<-s2#844:FAIL-t2,INCONSISTENCY,nextIndex=0,followerCommit=0,matchIndex=-1
2022-11-08 19:12:08,650 [grpc-default-executor-0] INFO  leader.FollowerInfo (FollowerInfoImpl.java:lambda$new$0(48)) - s1@group-EA982605F2E5->s2: nextIndex: updateUnconditionally 5 -> 0
2022-11-08 19:12:08,651 [s2-server-thread2] DEBUG server.RaftServer$Division (RaftServerImpl.java:logAppendEntries(1421)) - s2@group-EA982605F2E5: receive appendEntries(s1, 2, null, 4, true, commits:[s1:c4, s0:c4, s2:c0], cId:845, entries: [(t:2, i:0), CONFIGURATIONENTRY(current:id: "s0"
address: "localhost:34297"
dataStreamAddress: "localhost:43983"
clientAddress: "localhost:39609"
adminAddress: "localhost:37077"
startupRole: FOLLOWER
,id: "s1"
address: "localhost:38917"
dataStreamAddress: "localhost:45719"
clientAddress: "localhost:36975"
adminAddress: "localhost:40635"
startupRole: FOLLOWER
,id: "s2"
address: "localhost:35511"
dataStreamAddress: "localhost:38827"
clientAddress: "localhost:42865"
adminAddress: "localhost:36791"
startupRole: FOLLOWER
, old:), (t:2, i:1), STATEMACHINELOGENTRY, 0@client-2EFB324ADA71, (t:2, i:2), METADATAENTRY(c:1), (t:2, i:3), STATEMACHINELOGENTRY, 999@client-AE8279CAF820, (t:2, i:4), METADATAENTRY(c:3)]
2022-11-08 19:12:08,651 [s2-server-thread2] INFO  server.RaftServer$Division (RaftServerImpl.java:checkInconsistentAppendEntries(1592)) - s2@group-EA982605F2E5: Failed appendEntries as the first entry (index 0) already exists (snapshotIndex: -1, commitIndex: 0)
2022-11-08 19:12:08,651 [s2-server-thread2] INFO  server.RaftServer$Division (RaftServerImpl.java:checkInconsistentAppendEntries(1572)) - s2@group-EA982605F2E5: inconsistency entries. Reply:s1<-s2#845:FAIL-t2,INCONSISTENCY,nextIndex=1,followerCommit=0,matchIndex=-1
2022-11-08 19:12:08,652 [grpc-default-executor-0] INFO  leader.FollowerInfo (FollowerInfoImpl.java:lambda$new$0(48)) - s1@group-EA982605F2E5->s2: nextIndex: updateUnconditionally 5 -> 1
2022-11-08 19:12:08,653 [s2-server-thread2] DEBUG server.RaftServer$Division (RaftServerImpl.java:logAppendEntries(1421)) - s2@group-EA982605F2E5: receive appendEntries(s1, 2, (t:2, i:0), 4, true, commits:[s1:c4, s0:c4, s2:c0], cId:846, entries: [(t:2, i:1), STATEMACHINELOGENTRY, 0@client-2EFB324ADA71, (t:2, i:2), METADATAENTRY(c:1), (t:2, i:3), STATEMACHINELOGENTRY, 999@client-AE8279CAF820, (t:2, i:4), METADATAENTRY(c:3)]
2022-11-08 19:12:08,653 [s2-server-thread2] INFO  server.RaftServer$Division (RaftServerImpl.java:checkInconsistentAppendEntries(1602)) - s2@group-EA982605F2E5: Failed appendEntries as previous log entry ((t:2, i:0)) is not found
2022-11-08 19:12:08,653 [s2-server-thread2] INFO  server.RaftServer$Division (RaftServerImpl.java:checkInconsistentAppendEntries(1572)) - s2@group-EA982605F2E5: inconsistency entries. Reply:s1<-s2#846:FAIL-t2,INCONSISTENCY,nextIndex=0,followerCommit=0,matchIndex=-1
2022-11-08 19:12:08,653 [grpc-default-executor-0] INFO  leader.FollowerInfo (FollowerInfoImpl.java:lambda$new$0(48)) - s1@group-EA982605F2E5->s2: nextIndex: updateUnconditionally 5 -> 0
2022-11-08 19:12:08,654 [s2-server-thread1] DEBUG server.RaftServer$Division (RaftServerImpl.java:logAppendEntries(1421)) - s2@group-EA982605F2E5: receive appendEntries(s1, 2, null, 4, true, commits:[s1:c4, s0:c4, s2:c0], cId:847, entries: [(t:2, i:0), CONFIGURATIONENTRY(current:id: "s0"
address: "localhost:34297"
dataStreamAddress: "localhost:43983"
clientAddress: "localhost:39609"
adminAddress: "localhost:37077"
startupRole: FOLLOWER
,id: "s1"
address: "localhost:38917"
dataStreamAddress: "localhost:45719"
clientAddress: "localhost:36975"
adminAddress: "localhost:40635"
startupRole: FOLLOWER
,id: "s2"
address: "localhost:35511"
dataStreamAddress: "localhost:38827"
clientAddress: "localhost:42865"
adminAddress: "localhost:36791"
startupRole: FOLLOWER
, old:), (t:2, i:1), STATEMACHINELOGENTRY, 0@client-2EFB324ADA71, (t:2, i:2), METADATAENTRY(c:1), (t:2, i:3), STATEMACHINELOGENTRY, 999@client-AE8279CAF820, (t:2, i:4), METADATAENTRY(c:3)]
2022-11-08 19:12:08,654 [s2-server-thread1] INFO  server.RaftServer$Division (RaftServerImpl.java:checkInconsistentAppendEntries(1592)) - s2@group-EA982605F2E5: Failed appendEntries as the first entry (index 0) already exists (snapshotIndex: -1, commitIndex: 0)
2022-11-08 19:12:08,654 [s2-server-thread1] INFO  server.RaftServer$Division (RaftServerImpl.java:checkInconsistentAppendEntries(1572)) - s2@group-EA982605F2E5: inconsistency entries. Reply:s1<-s2#847:FAIL-t2,INCONSISTENCY,nextIndex=1,followerCommit=0,matchIndex=-1
2022-11-08 19:12:08,655 [grpc-default-executor-0] INFO  leader.FollowerInfo (FollowerInfoImpl.java:lambda$new$0(48)) - s1@group-EA982605F2E5->s2: nextIndex: updateUnconditionally 5 -> 1
2022-11-08 19:12:08,655 [s2-server-thread2] DEBUG server.RaftServer$Division (RaftServerImpl.java:logAppendEntries(1421)) - s2@group-EA982605F2E5: receive appendEntries(s1, 2, (t:2, i:0), 4, true, commits:[s1:c4, s0:c4, s2:c0], cId:848, entries: [(t:2, i:1), STATEMACHINELOGENTRY, 0@client-2EFB324ADA71, (t:2, i:2), METADATAENTRY(c:1), (t:2, i:3), STATEMACHINELOGENTRY, 999@client-AE8279CAF820, (t:2, i:4), METADATAENTRY(c:3)]
2022-11-08 19:12:08,656 [s2-server-thread2] INFO  server.RaftServer$Division (RaftServerImpl.java:checkInconsistentAppendEntries(1602)) - s2@group-EA982605F2E5: Failed appendEntries as previous log entry ((t:2, i:0)) is not found
2022-11-08 19:12:08,656 [s2-server-thread2] INFO  server.RaftServer$Division (RaftServerImpl.java:checkInconsistentAppendEntries(1572)) - s2@group-EA982605F2E5: inconsistency entries. Reply:s1<-s2#848:FAIL-t2,INCONSISTENCY,nextIndex=0,followerCommit=0,matchIndex=-1
2022-11-08 19:12:08,656 [grpc-default-executor-0] INFO  leader.FollowerInfo (FollowerInfoImpl.java:lambda$new$0(48)) - s1@group-EA982605F2E5->s2: nextIndex: updateUnconditionally 5 -> 0
2022-11-08 19:12:08,657 [s2-server-thread2] DEBUG server.RaftServer$Division (RaftServerImpl.java:logAppendEntries(1421)) - s2@group-EA982605F2E5: receive appendEntries(s1, 2, null, 4, true, commits:[s1:c4, s0:c4, s2:c0], cId:849, entries: [(t:2, i:0), CONFIGURATIONENTRY(current:id: "s0"
address: "localhost:34297"
dataStreamAddress: "localhost:43983"
clientAddress: "localhost:39609"
adminAddress: "localhost:37077"
startupRole: FOLLOWER
,id: "s1"
address: "localhost:38917"
dataStreamAddress: "localhost:45719"
clientAddress: "localhost:36975"
adminAddress: "localhost:40635"
startupRole: FOLLOWER
,id: "s2"
address: "localhost:35511"
dataStreamAddress: "localhost:38827"
clientAddress: "localhost:42865"
adminAddress: "localhost:36791"
startupRole: FOLLOWER
, old:), (t:2, i:1), STATEMACHINELOGENTRY, 0@client-2EFB324ADA71, (t:2, i:2), METADATAENTRY(c:1), (t:2, i:3), STATEMACHINELOGENTRY, 999@client-AE8279CAF820, (t:2, i:4), METADATAENTRY(c:3)]
2022-11-08 19:12:08,657 [s2-server-thread2] INFO  server.RaftServer$Division (RaftServerImpl.java:checkInconsistentAppendEntries(1592)) - s2@group-EA982605F2E5: Failed appendEntries as the first entry (index 0) already exists (snapshotIndex: -1, commitIndex: 0)
2022-11-08 19:12:08,657 [s2-server-thread2] INFO  server.RaftServer$Division (RaftServerImpl.java:checkInconsistentAppendEntries(1572)) - s2@group-EA982605F2E5: inconsistency entries. Reply:s1<-s2#849:FAIL-t2,INCONSISTENCY,nextIndex=1,followerCommit=0,matchIndex=-1
2022-11-08 19:12:08,658 [grpc-default-executor-0] INFO  leader.FollowerInfo (FollowerInfoImpl.java:lambda$new$0(48)) - s1@group-EA982605F2E5->s2: nextIndex: updateUnconditionally 5 -> 1
2022-11-08 19:12:08,659 [s2-server-thread2] DEBUG server.RaftServer$Division (RaftServerImpl.java:logAppendEntries(1421)) - s2@group-EA982605F2E5: receive appendEntries(s1, 2, (t:2, i:0), 4, true, commits:[s1:c4, s0:c4, s2:c0], cId:850, entries: [(t:2, i:1), STATEMACHINELOGENTRY, 0@client-2EFB324ADA71, (t:2, i:2), METADATAENTRY(c:1), (t:2, i:3), STATEMACHINELOGENTRY, 999@client-AE8279CAF820, (t:2, i:4), METADATAENTRY(c:3)]
2022-11-08 19:12:08,659 [s2-server-thread2] INFO  server.RaftServer$Division (RaftServerImpl.java:checkInconsistentAppendEntries(1602)) - s2@group-EA982605F2E5: Failed appendEntries as previous log entry ((t:2, i:0)) is not found
2022-11-08 19:12:08,659 [s2-server-thread2] INFO  server.RaftServer$Division (RaftServerImpl.java:checkInconsistentAppendEntries(1572)) - s2@group-EA982605F2E5: inconsistency entries. Reply:s1<-s2#850:FAIL-t2,INCONSISTENCY,nextIndex=0,followerCommit=0,matchIndex=-1
2022-11-08 19:12:08,659 [grpc-default-executor-0] INFO  leader.FollowerInfo (FollowerInfoImpl.java:lambda$new$0(48)) - s1@group-EA982605F2E5->s2: nextIndex: updateUnconditionally 5 -> 0
2022-11-08 19:12:08,660 [s2-server-thread2] DEBUG server.RaftServer$Division (RaftServerImpl.java:logAppendEntries(1421)) - s2@group-EA982605F2E5: receive appendEntries(s1, 2, null, 4, true, commits:[s1:c4, s0:c4, s2:c0], cId:851, entries: [(t:2, i:0), CONFIGURATIONENTRY(current:id: "s0"
address: "localhost:34297"
dataStreamAddress: "localhost:43983"
clientAddress: "localhost:39609"
adminAddress: "localhost:37077"
startupRole: FOLLOWER
,id: "s1"
address: "localhost:38917"
dataStreamAddress: "localhost:45719"
clientAddress: "localhost:36975"
adminAddress: "localhost:40635"
startupRole: FOLLOWER
,id: "s2"
address: "localhost:35511"
dataStreamAddress: "localhost:38827"
clientAddress: "localhost:42865"
adminAddress: "localhost:36791"
startupRole: FOLLOWER
, old:), (t:2, i:1), STATEMACHINELOGENTRY, 0@client-2EFB324ADA71, (t:2, i:2), METADATAENTRY(c:1), (t:2, i:3), STATEMACHINELOGENTRY, 999@client-AE8279CAF820, (t:2, i:4), METADATAENTRY(c:3)]
2022-11-08 19:12:08,660 [s2-server-thread2] INFO  server.RaftServer$Division (RaftServerImpl.java:checkInconsistentAppendEntries(1592)) - s2@group-EA982605F2E5: Failed appendEntries as the first entry (index 0) already exists (snapshotIndex: -1, commitIndex: 0)
2022-11-08 19:12:08,660 [s2-server-thread2] INFO  server.RaftServer$Division (RaftServerImpl.java:checkInconsistentAppendEntries(1572)) - s2@group-EA982605F2E5: inconsistency entries. Reply:s1<-s2#851:FAIL-t2,INCONSISTENCY,nextIndex=1,followerCommit=0,matchIndex=-1
2022-11-08 19:12:08,661 [grpc-default-executor-0] INFO  leader.FollowerInfo (FollowerInfoImpl.java:lambda$new$0(48)) - s1@group-EA982605F2E5->s2: nextIndex: updateUnconditionally 5 -> 1
2022-11-08 19:12:08,662 [s2-server-thread1] DEBUG server.RaftServer$Division (RaftServerImpl.java:logAppendEntries(1421)) - s2@group-EA982605F2E5: receive appendEntries(s1, 2, (t:2, i:0), 4, true, commits:[s1:c4, s0:c4, s2:c0], cId:852, entries: [(t:2, i:1), STATEMACHINELOGENTRY, 0@client-2EFB324ADA71, (t:2, i:2), METADATAENTRY(c:1), (t:2, i:3), STATEMACHINELOGENTRY, 999@client-AE8279CAF820, (t:2, i:4), METADATAENTRY(c:3)]
2022-11-08 19:12:08,662 [s2-server-thread1] INFO  server.RaftServer$Division (RaftServerImpl.java:checkInconsistentAppendEntries(1602)) - s2@group-EA982605F2E5: Failed appendEntries as previous log entry ((t:2, i:0)) is not found
2022-11-08 19:12:08,662 [s2-server-thread1] INFO  server.RaftServer$Division (RaftServerImpl.java:checkInconsistentAppendEntries(1572)) - s2@group-EA982605F2E5: inconsistency entries. Reply:s1<-s2#852:FAIL-t2,INCONSISTENCY,nextIndex=0,followerCommit=0,matchIndex=-1
2022-11-08 19:12:08,662 [grpc-default-executor-0] INFO  leader.FollowerInfo (FollowerInfoImpl.java:lambda$new$0(48)) - s1@group-EA982605F2E5->s2: nextIndex: updateUnconditionally 5 -> 0
2022-11-08 19:12:08,663 [s2-server-thread2] DEBUG server.RaftServer$Division (RaftServerImpl.java:logAppendEntries(1421)) - s2@group-EA982605F2E5: receive appendEntries(s1, 2, null, 4, true, commits:[s1:c4, s0:c4, s2:c0], cId:853, entries: [(t:2, i:0), CONFIGURATIONENTRY(current:id: "s0"
address: "localhost:34297"
dataStreamAddress: "localhost:43983"
clientAddress: "localhost:39609"
adminAddress: "localhost:37077"
startupRole: FOLLOWER
,id: "s1"
address: "localhost:38917"
dataStreamAddress: "localhost:45719"
clientAddress: "localhost:36975"
adminAddress: "localhost:40635"
startupRole: FOLLOWER
,id: "s2"
address: "localhost:35511"
dataStreamAddress: "localhost:38827"
clientAddress: "localhost:42865"
adminAddress: "localhost:36791"
startupRole: FOLLOWER
, old:), (t:2, i:1), STATEMACHINELOGENTRY, 0@client-2EFB324ADA71, (t:2, i:2), METADATAENTRY(c:1), (t:2, i:3), STATEMACHINELOGENTRY, 999@client-AE8279CAF820, (t:2, i:4), METADATAENTRY(c:3)]
2022-11-08 19:12:08,663 [s2-server-thread2] INFO  server.RaftServer$Division (RaftServerImpl.java:checkInconsistentAppendEntries(1592)) - s2@group-EA982605F2E5: Failed appendEntries as the first entry (index 0) already exists (snapshotIndex: -1, commitIndex: 0)
2022-11-08 19:12:08,663 [s2-server-thread2] INFO  server.RaftServer$Division (RaftServerImpl.java:checkInconsistentAppendEntries(1572)) - s2@group-EA982605F2E5: inconsistency entries. Reply:s1<-s2#853:FAIL-t2,INCONSISTENCY,nextIndex=1,followerCommit=0,matchIndex=-1
2022-11-08 19:12:08,664 [grpc-default-executor-3] INFO  leader.FollowerInfo (FollowerInfoImpl.java:lambda$new$0(48)) - s1@group-EA982605F2E5->s2: nextIndex: updateUnconditionally 5 -> 1
2022-11-08 19:12:08,665 [s2-server-thread2] DEBUG server.RaftServer$Division (RaftServerImpl.java:logAppendEntries(1421)) - s2@group-EA982605F2E5: receive appendEntries(s1, 2, (t:2, i:0), 4, true, commits:[s1:c4, s0:c4, s2:c0], cId:854, entries: [(t:2, i:1), STATEMACHINELOGENTRY, 0@client-2EFB324ADA71, (t:2, i:2), METADATAENTRY(c:1), (t:2, i:3), STATEMACHINELOGENTRY, 999@client-AE8279CAF820, (t:2, i:4), METADATAENTRY(c:3)]
2022-11-08 19:12:08,665 [s2-server-thread2] INFO  server.RaftServer$Division (RaftServerImpl.java:checkInconsistentAppendEntries(1602)) - s2@group-EA982605F2E5: Failed appendEntries as previous log entry ((t:2, i:0)) is not found
2022-11-08 19:12:08,665 [s2-server-thread2] INFO  server.RaftServer$Division (RaftServerImpl.java:checkInconsistentAppendEntries(1572)) - s2@group-EA982605F2E5: inconsistency entries. Reply:s1<-s2#854:FAIL-t2,INCONSISTENCY,nextIndex=0,followerCommit=0,matchIndex=-1
2022-11-08 19:12:08,666 [grpc-default-executor-3] INFO  leader.FollowerInfo (FollowerInfoImpl.java:lambda$new$0(48)) - s1@group-EA982605F2E5->s2: nextIndex: updateUnconditionally 5 -> 0
2022-11-08 19:12:08,667 [s2-server-thread2] DEBUG server.RaftServer$Division (RaftServerImpl.java:logAppendEntries(1421)) - s2@group-EA982605F2E5: receive appendEntries(s1, 2, null, 4, true, commits:[s1:c4, s0:c4, s2:c0], cId:855, entries: [(t:2, i:0), CONFIGURATIONENTRY(current:id: "s0"
address: "localhost:34297"
dataStreamAddress: "localhost:43983"
clientAddress: "localhost:39609"
adminAddress: "localhost:37077"
startupRole: FOLLOWER
,id: "s1"
address: "localhost:38917"
dataStreamAddress: "localhost:45719"
clientAddress: "localhost:36975"
adminAddress: "localhost:40635"
startupRole: FOLLOWER
,id: "s2"
address: "localhost:35511"
dataStreamAddress: "localhost:38827"
clientAddress: "localhost:42865"
adminAddress: "localhost:36791"
startupRole: FOLLOWER
, old:), (t:2, i:1), STATEMACHINELOGENTRY, 0@client-2EFB324ADA71, (t:2, i:2), METADATAENTRY(c:1), (t:2, i:3), STATEMACHINELOGENTRY, 999@client-AE8279CAF820, (t:2, i:4), METADATAENTRY(c:3)]
2022-11-08 19:12:08,667 [s2-server-thread2] INFO  server.RaftServer$Division (RaftServerImpl.java:checkInconsistentAppendEntries(1592)) - s2@group-EA982605F2E5: Failed appendEntries as the first entry (index 0) already exists (snapshotIndex: -1, commitIndex: 0)
2022-11-08 19:12:08,667 [s2-server-thread2] INFO  server.RaftServer$Division (RaftServerImpl.java:checkInconsistentAppendEntries(1572)) - s2@group-EA982605F2E5: inconsistency entries. Reply:s1<-s2#855:FAIL-t2,INCONSISTENCY,nextIndex=1,followerCommit=0,matchIndex=-1
2022-11-08 19:12:08,667 [grpc-default-executor-3] INFO  leader.FollowerInfo (FollowerInfoImpl.java:lambda$new$0(48)) - s1@group-EA982605F2E5->s2: nextIndex: updateUnconditionally 5 -> 1
2022-11-08 19:12:08,668 [s2-server-thread1] DEBUG server.RaftServer$Division (RaftServerImpl.java:logAppendEntries(1421)) - s2@group-EA982605F2E5: receive appendEntries(s1, 2, (t:2, i:0), 4, true, commits:[s1:c4, s0:c4, s2:c0], cId:856, entries: [(t:2, i:1), STATEMACHINELOGENTRY, 0@client-2EFB324ADA71, (t:2, i:2), METADATAENTRY(c:1), (t:2, i:3), STATEMACHINELOGENTRY, 999@client-AE8279CAF820, (t:2, i:4), METADATAENTRY(c:3)]
2022-11-08 19:12:08,668 [s2-server-thread1] INFO  server.RaftServer$Division (RaftServerImpl.java:checkInconsistentAppendEntries(1602)) - s2@group-EA982605F2E5: Failed appendEntries as previous log entry ((t:2, i:0)) is not found
2022-11-08 19:12:08,668 [s2-server-thread1] INFO  server.RaftServer$Division (RaftServerImpl.java:checkInconsistentAppendEntries(1572)) - s2@group-EA982605F2E5: inconsistency entries. Reply:s1<-s2#856:FAIL-t2,INCONSISTENCY,nextIndex=0,followerCommit=0,matchIndex=-1
2022-11-08 19:12:08,669 [grpc-default-executor-3] INFO  leader.FollowerInfo (FollowerInfoImpl.java:lambda$new$0(48)) - s1@group-EA982605F2E5->s2: nextIndex: updateUnconditionally 5 -> 0
2022-11-08 19:12:08,669 [s2-server-thread2] DEBUG server.RaftServer$Division (RaftServerImpl.java:logAppendEntries(1421)) - s2@group-EA982605F2E5: receive appendEntries(s1, 2, null, 4, true, commits:[s1:c4, s0:c4, s2:c0], cId:857, entries: [(t:2, i:0), CONFIGURATIONENTRY(current:id: "s0"
address: "localhost:34297"
dataStreamAddress: "localhost:43983"
clientAddress: "localhost:39609"
adminAddress: "localhost:37077"
startupRole: FOLLOWER
,id: "s1"
address: "localhost:38917"
dataStreamAddress: "localhost:45719"
clientAddress: "localhost:36975"
adminAddress: "localhost:40635"
startupRole: FOLLOWER
,id: "s2"
address: "localhost:35511"
dataStreamAddress: "localhost:38827"
clientAddress: "localhost:42865"
adminAddress: "localhost:36791"
startupRole: FOLLOWER
, old:), (t:2, i:1), STATEMACHINELOGENTRY, 0@client-2EFB324ADA71, (t:2, i:2), METADATAENTRY(c:1), (t:2, i:3), STATEMACHINELOGENTRY, 999@client-AE8279CAF820, (t:2, i:4), METADATAENTRY(c:3)]
2022-11-08 19:12:08,670 [s2-server-thread2] INFO  server.RaftServer$Division (RaftServerImpl.java:checkInconsistentAppendEntries(1592)) - s2@group-EA982605F2E5: Failed appendEntries as the first entry (index 0) already exists (snapshotIndex: -1, commitIndex: 0)
2022-11-08 19:12:08,670 [s2-server-thread2] INFO  server.RaftServer$Division (RaftServerImpl.java:checkInconsistentAppendEntries(1572)) - s2@group-EA982605F2E5: inconsistency entries. Reply:s1<-s2#857:FAIL-t2,INCONSISTENCY,nextIndex=1,followerCommit=0,matchIndex=-1
2022-11-08 19:12:08,670 [grpc-default-executor-3] INFO  leader.FollowerInfo (FollowerInfoImpl.java:lambda$new$0(48)) - s1@group-EA982605F2E5->s2: nextIndex: updateUnconditionally 5 -> 1
2022-11-08 19:12:08,671 [s2-server-thread2] DEBUG server.RaftServer$Division (RaftServerImpl.java:logAppendEntries(1421)) - s2@group-EA982605F2E5: receive appendEntries(s1, 2, (t:2, i:0), 4, true, commits:[s1:c4, s0:c4, s2:c0], cId:858, entries: [(t:2, i:1), STATEMACHINELOGENTRY, 0@client-2EFB324ADA71, (t:2, i:2), METADATAENTRY(c:1), (t:2, i:3), STATEMACHINELOGENTRY, 999@client-AE8279CAF820, (t:2, i:4), METADATAENTRY(c:3)]
2022-11-08 19:12:08,671 [s2-server-thread2] INFO  server.RaftServer$Division (RaftServerImpl.java:checkInconsistentAppendEntries(1602)) - s2@group-EA982605F2E5: Failed appendEntries as previous log entry ((t:2, i:0)) is not found
2022-11-08 19:12:08,672 [s2-server-thread2] INFO  server.RaftServer$Division (RaftServerImpl.java:checkInconsistentAppendEntries(1572)) - s2@group-EA982605F2E5: inconsistency entries. Reply:s1<-s2#858:FAIL-t2,INCONSISTENCY,nextIndex=0,followerCommit=0,matchIndex=-1
2022-11-08 19:12:08,672 [grpc-default-executor-3] INFO  leader.FollowerInfo (FollowerInfoImpl.java:lambda$new$0(48)) - s1@group-EA982605F2E5->s2: nextIndex: updateUnconditionally 5 -> 0
2022-11-08 19:12:08,673 [s2-server-thread1] DEBUG server.RaftServer$Division (RaftServerImpl.java:logAppendEntries(1421)) - s2@group-EA982605F2E5: receive appendEntries(s1, 2, null, 4, true, commits:[s1:c4, s0:c4, s2:c0], cId:859, entries: [(t:2, i:0), CONFIGURATIONENTRY(current:id: "s0"
address: "localhost:34297"
dataStreamAddress: "localhost:43983"
clientAddress: "localhost:39609"
adminAddress: "localhost:37077"
startupRole: FOLLOWER
,id: "s1"
address: "localhost:38917"
dataStreamAddress: "localhost:45719"
clientAddress: "localhost:36975"
adminAddress: "localhost:40635"
startupRole: FOLLOWER
,id: "s2"
address: "localhost:35511"
dataStreamAddress: "localhost:38827"
clientAddress: "localhost:42865"
adminAddress: "localhost:36791"
startupRole: FOLLOWER
, old:), (t:2, i:1), STATEMACHINELOGENTRY, 0@client-2EFB324ADA71, (t:2, i:2), METADATAENTRY(c:1), (t:2, i:3), STATEMACHINELOGENTRY, 999@client-AE8279CAF820, (t:2, i:4), METADATAENTRY(c:3)]
2022-11-08 19:12:08,673 [s2-server-thread1] INFO  server.RaftServer$Division (RaftServerImpl.java:checkInconsistentAppendEntries(1592)) - s2@group-EA982605F2E5: Failed appendEntries as the first entry (index 0) already exists (snapshotIndex: -1, commitIndex: 0)
2022-11-08 19:12:08,674 [s2-server-thread1] INFO  server.RaftServer$Division (RaftServerImpl.java:checkInconsistentAppendEntries(1572)) - s2@group-EA982605F2E5: inconsistency entries. Reply:s1<-s2#859:FAIL-t2,INCONSISTENCY,nextIndex=1,followerCommit=0,matchIndex=-1
2022-11-08 19:12:08,674 [grpc-default-executor-3] INFO  leader.FollowerInfo (FollowerInfoImpl.java:lambda$new$0(48)) - s1@group-EA982605F2E5->s2: nextIndex: updateUnconditionally 5 -> 1
2022-11-08 19:12:08,675 [s2-server-thread2] DEBUG server.RaftServer$Division (RaftServerImpl.java:logAppendEntries(1421)) - s2@group-EA982605F2E5: receive appendEntries(s1, 2, (t:2, i:0), 4, true, commits:[s1:c4, s0:c4, s2:c0], cId:860, entries: [(t:2, i:1), STATEMACHINELOGENTRY, 0@client-2EFB324ADA71, (t:2, i:2), METADATAENTRY(c:1), (t:2, i:3), STATEMACHINELOGENTRY, 999@client-AE8279CAF820, (t:2, i:4), METADATAENTRY(c:3)]
2022-11-08 19:12:08,675 [s2-server-thread2] INFO  server.RaftServer$Division (RaftServerImpl.java:checkInconsistentAppendEntries(1602)) - s2@group-EA982605F2E5: Failed appendEntries as previous log entry ((t:2, i:0)) is not found
2022-11-08 19:12:08,675 [s2-server-thread2] INFO  server.RaftServer$Division (RaftServerImpl.java:checkInconsistentAppendEntries(1572)) - s2@group-EA982605F2E5: inconsistency entries. Reply:s1<-s2#860:FAIL-t2,INCONSISTENCY,nextIndex=0,followerCommit=0,matchIndex=-1
2022-11-08 19:12:08,676 [grpc-default-executor-3] INFO  leader.FollowerInfo (FollowerInfoImpl.java:lambda$new$0(48)) - s1@group-EA982605F2E5->s2: nextIndex: updateUnconditionally 5 -> 0
2022-11-08 19:12:08,676 [s2-server-thread2] DEBUG server.RaftServer$Division (RaftServerImpl.java:logAppendEntries(1421)) - s2@group-EA982605F2E5: receive appendEntries(s1, 2, null, 4, true, commits:[s1:c4, s0:c4, s2:c0], cId:861, entries: [(t:2, i:0), CONFIGURATIONENTRY(current:id: "s0"
address: "localhost:34297"
dataStreamAddress: "localhost:43983"
clientAddress: "localhost:39609"
adminAddress: "localhost:37077"
startupRole: FOLLOWER
,id: "s1"
address: "localhost:38917"
dataStreamAddress: "localhost:45719"
clientAddress: "localhost:36975"
adminAddress: "localhost:40635"
startupRole: FOLLOWER
,id: "s2"
address: "localhost:35511"
dataStreamAddress: "localhost:38827"
clientAddress: "localhost:42865"
adminAddress: "localhost:36791"
startupRole: FOLLOWER
, old:), (t:2, i:1), STATEMACHINELOGENTRY, 0@client-2EFB324ADA71, (t:2, i:2), METADATAENTRY(c:1), (t:2, i:3), STATEMACHINELOGENTRY, 999@client-AE8279CAF820, (t:2, i:4), METADATAENTRY(c:3)]
2022-11-08 19:12:08,676 [s2-server-thread2] INFO  server.RaftServer$Division (RaftServerImpl.java:checkInconsistentAppendEntries(1592)) - s2@group-EA982605F2E5: Failed appendEntries as the first entry (index 0) already exists (snapshotIndex: -1, commitIndex: 0)
2022-11-08 19:12:08,677 [s2-server-thread2] INFO  server.RaftServer$Division (RaftServerImpl.java:checkInconsistentAppendEntries(1572)) - s2@group-EA982605F2E5: inconsistency entries. Reply:s1<-s2#861:FAIL-t2,INCONSISTENCY,nextIndex=1,followerCommit=0,matchIndex=-1
2022-11-08 19:12:08,677 [grpc-default-executor-3] INFO  leader.FollowerInfo (FollowerInfoImpl.java:lambda$new$0(48)) - s1@group-EA982605F2E5->s2: nextIndex: updateUnconditionally 5 -> 1
2022-11-08 19:12:08,678 [s2-server-thread2] DEBUG server.RaftServer$Division (RaftServerImpl.java:logAppendEntries(1421)) - s2@group-EA982605F2E5: receive appendEntries(s1, 2, (t:2, i:0), 4, true, commits:[s1:c4, s0:c4, s2:c0], cId:862, entries: [(t:2, i:1), STATEMACHINELOGENTRY, 0@client-2EFB324ADA71, (t:2, i:2), METADATAENTRY(c:1), (t:2, i:3), STATEMACHINELOGENTRY, 999@client-AE8279CAF820, (t:2, i:4), METADATAENTRY(c:3)]
2022-11-08 19:12:08,678 [s2-server-thread2] INFO  server.RaftServer$Division (RaftServerImpl.java:checkInconsistentAppendEntries(1602)) - s2@group-EA982605F2E5: Failed appendEntries as previous log entry ((t:2, i:0)) is not found
2022-11-08 19:12:08,678 [s2-server-thread2] INFO  server.RaftServer$Division (RaftServerImpl.java:checkInconsistentAppendEntries(1572)) - s2@group-EA982605F2E5: inconsistency entries. Reply:s1<-s2#862:FAIL-t2,INCONSISTENCY,nextIndex=0,followerCommit=0,matchIndex=-1
2022-11-08 19:12:08,678 [grpc-default-executor-3] INFO  leader.FollowerInfo (FollowerInfoImpl.java:lambda$new$0(48)) - s1@group-EA982605F2E5->s2: nextIndex: updateUnconditionally 5 -> 0
2022-11-08 19:12:08,679 [s2-server-thread2] DEBUG server.RaftServer$Division (RaftServerImpl.java:logAppendEntries(1421)) - s2@group-EA982605F2E5: receive appendEntries(s1, 2, null, 4, true, commits:[s1:c4, s0:c4, s2:c0], cId:863, entries: [(t:2, i:0), CONFIGURATIONENTRY(current:id: "s0"
address: "localhost:34297"
dataStreamAddress: "localhost:43983"
clientAddress: "localhost:39609"
adminAddress: "localhost:37077"
startupRole: FOLLOWER
,id: "s1"
address: "localhost:38917"
dataStreamAddress: "localhost:45719"
clientAddress: "localhost:36975"
adminAddress: "localhost:40635"
startupRole: FOLLOWER
,id: "s2"
address: "localhost:35511"
dataStreamAddress: "localhost:38827"
clientAddress: "localhost:42865"
adminAddress: "localhost:36791"
startupRole: FOLLOWER
, old:), (t:2, i:1), STATEMACHINELOGENTRY, 0@client-2EFB324ADA71, (t:2, i:2), METADATAENTRY(c:1), (t:2, i:3), STATEMACHINELOGENTRY, 999@client-AE8279CAF820, (t:2, i:4), METADATAENTRY(c:3)]
2022-11-08 19:12:08,679 [s2-server-thread2] INFO  server.RaftServer$Division (RaftServerImpl.java:checkInconsistentAppendEntries(1592)) - s2@group-EA982605F2E5: Failed appendEntries as the first entry (index 0) already exists (snapshotIndex: -1, commitIndex: 0)
2022-11-08 19:12:08,679 [s2-server-thread2] INFO  server.RaftServer$Division (RaftServerImpl.java:checkInconsistentAppendEntries(1572)) - s2@group-EA982605F2E5: inconsistency entries. Reply:s1<-s2#863:FAIL-t2,INCONSISTENCY,nextIndex=1,followerCommit=0,matchIndex=-1
2022-11-08 19:12:08,679 [grpc-default-executor-3] INFO  leader.FollowerInfo (FollowerInfoImpl.java:lambda$new$0(48)) - s1@group-EA982605F2E5->s2: nextIndex: updateUnconditionally 5 -> 1
2022-11-08 19:12:08,680 [s2-server-thread1] DEBUG server.RaftServer$Division (RaftServerImpl.java:logAppendEntries(1421)) - s2@group-EA982605F2E5: receive appendEntries(s1, 2, (t:2, i:0), 4, true, commits:[s1:c4, s0:c4, s2:c0], cId:864, entries: [(t:2, i:1), STATEMACHINELOGENTRY, 0@client-2EFB324ADA71, (t:2, i:2), METADATAENTRY(c:1), (t:2, i:3), STATEMACHINELOGENTRY, 999@client-AE8279CAF820, (t:2, i:4), METADATAENTRY(c:3)]
2022-11-08 19:12:08,680 [s2-server-thread1] INFO  server.RaftServer$Division (RaftServerImpl.java:checkInconsistentAppendEntries(1602)) - s2@group-EA982605F2E5: Failed appendEntries as previous log entry ((t:2, i:0)) is not found
2022-11-08 19:12:08,680 [s2-server-thread1] INFO  server.RaftServer$Division (RaftServerImpl.java:checkInconsistentAppendEntries(1572)) - s2@group-EA982605F2E5: inconsistency entries. Reply:s1<-s2#864:FAIL-t2,INCONSISTENCY,nextIndex=0,followerCommit=0,matchIndex=-1
2022-11-08 19:12:08,681 [grpc-default-executor-3] INFO  leader.FollowerInfo (FollowerInfoImpl.java:lambda$new$0(48)) - s1@group-EA982605F2E5->s2: nextIndex: updateUnconditionally 5 -> 0
2022-11-08 19:12:08,681 [s2-server-thread2] DEBUG server.RaftServer$Division (RaftServerImpl.java:logAppendEntries(1421)) - s2@group-EA982605F2E5: receive appendEntries(s1, 2, null, 4, true, commits:[s1:c4, s0:c4, s2:c0], cId:865, entries: [(t:2, i:0), CONFIGURATIONENTRY(current:id: "s0"
address: "localhost:34297"
dataStreamAddress: "localhost:43983"
clientAddress: "localhost:39609"
adminAddress: "localhost:37077"
startupRole: FOLLOWER
,id: "s1"
address: "localhost:38917"
dataStreamAddress: "localhost:45719"
clientAddress: "localhost:36975"
adminAddress: "localhost:40635"
startupRole: FOLLOWER
,id: "s2"
address: "localhost:35511"
dataStreamAddress: "localhost:38827"
clientAddress: "localhost:42865"
adminAddress: "localhost:36791"
startupRole: FOLLOWER
, old:), (t:2, i:1), STATEMACHINELOGENTRY, 0@client-2EFB324ADA71, (t:2, i:2), METADATAENTRY(c:1), (t:2, i:3), STATEMACHINELOGENTRY, 999@client-AE8279CAF820, (t:2, i:4), METADATAENTRY(c:3)]
2022-11-08 19:12:08,682 [s2-server-thread2] INFO  server.RaftServer$Division (RaftServerImpl.java:checkInconsistentAppendEntries(1592)) - s2@group-EA982605F2E5: Failed appendEntries as the first entry (index 0) already exists (snapshotIndex: -1, commitIndex: 0)
2022-11-08 19:12:08,682 [s2-server-thread2] INFO  server.RaftServer$Division (RaftServerImpl.java:checkInconsistentAppendEntries(1572)) - s2@group-EA982605F2E5: inconsistency entries. Reply:s1<-s2#865:FAIL-t2,INCONSISTENCY,nextIndex=1,followerCommit=0,matchIndex=-1
2022-11-08 19:12:08,682 [grpc-default-executor-3] INFO  leader.FollowerInfo (FollowerInfoImpl.java:lambda$new$0(48)) - s1@group-EA982605F2E5->s2: nextIndex: updateUnconditionally 5 -> 1
2022-11-08 19:12:08,683 [s2-server-thread2] DEBUG server.RaftServer$Division (RaftServerImpl.java:logAppendEntries(1421)) - s2@group-EA982605F2E5: receive appendEntries(s1, 2, (t:2, i:0), 4, true, commits:[s1:c4, s0:c4, s2:c0], cId:866, entries: [(t:2, i:1), STATEMACHINELOGENTRY, 0@client-2EFB324ADA71, (t:2, i:2), METADATAENTRY(c:1), (t:2, i:3), STATEMACHINELOGENTRY, 999@client-AE8279CAF820, (t:2, i:4), METADATAENTRY(c:3)]
2022-11-08 19:12:08,683 [s2-server-thread2] INFO  server.RaftServer$Division (RaftServerImpl.java:checkInconsistentAppendEntries(1602)) - s2@group-EA982605F2E5: Failed appendEntries as previous log entry ((t:2, i:0)) is not found
2022-11-08 19:12:08,683 [s2-server-thread2] INFO  server.RaftServer$Division (RaftServerImpl.java:checkInconsistentAppendEntries(1572)) - s2@group-EA982605F2E5: inconsistency entries. Reply:s1<-s2#866:FAIL-t2,INCONSISTENCY,nextIndex=0,followerCommit=0,matchIndex=-1
2022-11-08 19:12:08,683 [grpc-default-executor-3] INFO  leader.FollowerInfo (FollowerInfoImpl.java:lambda$new$0(48)) - s1@group-EA982605F2E5->s2: nextIndex: updateUnconditionally 5 -> 0
2022-11-08 19:12:08,684 [s2-server-thread1] DEBUG server.RaftServer$Division (RaftServerImpl.java:logAppendEntries(1421)) - s2@group-EA982605F2E5: receive appendEntries(s1, 2, null, 4, true, commits:[s1:c4, s0:c4, s2:c0], cId:867, entries: [(t:2, i:0), CONFIGURATIONENTRY(current:id: "s0"
address: "localhost:34297"
dataStreamAddress: "localhost:43983"
clientAddress: "localhost:39609"
adminAddress: "localhost:37077"
startupRole: FOLLOWER
,id: "s1"
address: "localhost:38917"
dataStreamAddress: "localhost:45719"
clientAddress: "localhost:36975"
adminAddress: "localhost:40635"
startupRole: FOLLOWER
,id: "s2"
address: "localhost:35511"
dataStreamAddress: "localhost:38827"
clientAddress: "localhost:42865"
adminAddress: "localhost:36791"
startupRole: FOLLOWER
, old:), (t:2, i:1), STATEMACHINELOGENTRY, 0@client-2EFB324ADA71, (t:2, i:2), METADATAENTRY(c:1), (t:2, i:3), STATEMACHINELOGENTRY, 999@client-AE8279CAF820, (t:2, i:4), METADATAENTRY(c:3)]
2022-11-08 19:12:08,684 [s2-server-thread1] INFO  server.RaftServer$Division (RaftServerImpl.java:checkInconsistentAppendEntries(1592)) - s2@group-EA982605F2E5: Failed appendEntries as the first entry (index 0) already exists (snapshotIndex: -1, commitIndex: 0)
2022-11-08 19:12:08,684 [s2-server-thread1] INFO  server.RaftServer$Division (RaftServerImpl.java:checkInconsistentAppendEntries(1572)) - s2@group-EA982605F2E5: inconsistency entries. Reply:s1<-s2#867:FAIL-t2,INCONSISTENCY,nextIndex=1,followerCommit=0,matchIndex=-1
2022-11-08 19:12:08,684 [grpc-default-executor-3] INFO  leader.FollowerInfo (FollowerInfoImpl.java:lambda$new$0(48)) - s1@group-EA982605F2E5->s2: nextIndex: updateUnconditionally 5 -> 1
2022-11-08 19:12:08,685 [s2-server-thread2] DEBUG server.RaftServer$Division (RaftServerImpl.java:logAppendEntries(1421)) - s2@group-EA982605F2E5: receive appendEntries(s1, 2, (t:2, i:0), 4, true, commits:[s1:c4, s0:c4, s2:c0], cId:868, entries: [(t:2, i:1), STATEMACHINELOGENTRY, 0@client-2EFB324ADA71, (t:2, i:2), METADATAENTRY(c:1), (t:2, i:3), STATEMACHINELOGENTRY, 999@client-AE8279CAF820, (t:2, i:4), METADATAENTRY(c:3)]
2022-11-08 19:12:08,685 [s2-server-thread2] INFO  server.RaftServer$Division (RaftServerImpl.java:checkInconsistentAppendEntries(1602)) - s2@group-EA982605F2E5: Failed appendEntries as previous log entry ((t:2, i:0)) is not found
2022-11-08 19:12:08,685 [s2-server-thread2] INFO  server.RaftServer$Division (RaftServerImpl.java:checkInconsistentAppendEntries(1572)) - s2@group-EA982605F2E5: inconsistency entries. Reply:s1<-s2#868:FAIL-t2,INCONSISTENCY,nextIndex=0,followerCommit=0,matchIndex=-1
2022-11-08 19:12:08,686 [grpc-default-executor-3] INFO  leader.FollowerInfo (FollowerInfoImpl.java:lambda$new$0(48)) - s1@group-EA982605F2E5->s2: nextIndex: updateUnconditionally 5 -> 0
2022-11-08 19:12:08,686 [s2-server-thread2] DEBUG server.RaftServer$Division (RaftServerImpl.java:logAppendEntries(1421)) - s2@group-EA982605F2E5: receive appendEntries(s1, 2, null, 4, true, commits:[s1:c4, s0:c4, s2:c0], cId:869, entries: [(t:2, i:0), CONFIGURATIONENTRY(current:id: "s0"
address: "localhost:34297"
dataStreamAddress: "localhost:43983"
clientAddress: "localhost:39609"
adminAddress: "localhost:37077"
startupRole: FOLLOWER
,id: "s1"
address: "localhost:38917"
dataStreamAddress: "localhost:45719"
clientAddress: "localhost:36975"
adminAddress: "localhost:40635"
startupRole: FOLLOWER
,id: "s2"
address: "localhost:35511"
dataStreamAddress: "localhost:38827"
clientAddress: "localhost:42865"
adminAddress: "localhost:36791"
startupRole: FOLLOWER
, old:), (t:2, i:1), STATEMACHINELOGENTRY, 0@client-2EFB324ADA71, (t:2, i:2), METADATAENTRY(c:1), (t:2, i:3), STATEMACHINELOGENTRY, 999@client-AE8279CAF820, (t:2, i:4), METADATAENTRY(c:3)]
2022-11-08 19:12:08,687 [s2-server-thread2] INFO  server.RaftServer$Division (RaftServerImpl.java:checkInconsistentAppendEntries(1592)) - s2@group-EA982605F2E5: Failed appendEntries as the first entry (index 0) already exists (snapshotIndex: -1, commitIndex: 0)
2022-11-08 19:12:08,687 [s2-server-thread2] INFO  server.RaftServer$Division (RaftServerImpl.java:checkInconsistentAppendEntries(1572)) - s2@group-EA982605F2E5: inconsistency entries. Reply:s1<-s2#869:FAIL-t2,INCONSISTENCY,nextIndex=1,followerCommit=0,matchIndex=-1
2022-11-08 19:12:08,687 [grpc-default-executor-3] INFO  leader.FollowerInfo (FollowerInfoImpl.java:lambda$new$0(48)) - s1@group-EA982605F2E5->s2: nextIndex: updateUnconditionally 5 -> 1
2022-11-08 19:12:08,688 [s2-server-thread2] DEBUG server.RaftServer$Division (RaftServerImpl.java:logAppendEntries(1421)) - s2@group-EA982605F2E5: receive appendEntries(s1, 2, (t:2, i:0), 4, true, commits:[s1:c4, s0:c4, s2:c0], cId:870, entries: [(t:2, i:1), STATEMACHINELOGENTRY, 0@client-2EFB324ADA71, (t:2, i:2), METADATAENTRY(c:1), (t:2, i:3), STATEMACHINELOGENTRY, 999@client-AE8279CAF820, (t:2, i:4), METADATAENTRY(c:3)]
2022-11-08 19:12:08,688 [s2-server-thread2] INFO  server.RaftServer$Division (RaftServerImpl.java:checkInconsistentAppendEntries(1602)) - s2@group-EA982605F2E5: Failed appendEntries as previous log entry ((t:2, i:0)) is not found
2022-11-08 19:12:08,688 [s2-server-thread2] INFO  server.RaftServer$Division (RaftServerImpl.java:checkInconsistentAppendEntries(1572)) - s2@group-EA982605F2E5: inconsistency entries. Reply:s1<-s2#870:FAIL-t2,INCONSISTENCY,nextIndex=0,followerCommit=0,matchIndex=-1
2022-11-08 19:12:08,688 [grpc-default-executor-3] INFO  leader.FollowerInfo (FollowerInfoImpl.java:lambda$new$0(48)) - s1@group-EA982605F2E5->s2: nextIndex: updateUnconditionally 5 -> 0
2022-11-08 19:12:08,693 [s2-server-thread2] DEBUG server.RaftServer$Division (RaftServerImpl.java:logAppendEntries(1421)) - s2@group-EA982605F2E5: receive appendEntries(s1, 2, null, 4, true, commits:[s1:c4, s0:c4, s2:c0], cId:871, entries: [(t:2, i:0), CONFIGURATIONENTRY(current:id: "s0"
address: "localhost:34297"
dataStreamAddress: "localhost:43983"
clientAddress: "localhost:39609"
adminAddress: "localhost:37077"
startupRole: FOLLOWER
,id: "s1"
address: "localhost:38917"
dataStreamAddress: "localhost:45719"
clientAddress: "localhost:36975"
adminAddress: "localhost:40635"
startupRole: FOLLOWER
,id: "s2"
address: "localhost:35511"
dataStreamAddress: "localhost:38827"
clientAddress: "localhost:42865"
adminAddress: "localhost:36791"
startupRole: FOLLOWER
, old:), (t:2, i:1), STATEMACHINELOGENTRY, 0@client-2EFB324ADA71, (t:2, i:2), METADATAENTRY(c:1), (t:2, i:3), STATEMACHINELOGENTRY, 999@client-AE8279CAF820, (t:2, i:4), METADATAENTRY(c:3)]
2022-11-08 19:12:08,693 [s2-server-thread2] INFO  server.RaftServer$Division (RaftServerImpl.java:checkInconsistentAppendEntries(1592)) - s2@group-EA982605F2E5: Failed appendEntries as the first entry (index 0) already exists (snapshotIndex: -1, commitIndex: 0)
2022-11-08 19:12:08,693 [s2-server-thread2] INFO  server.RaftServer$Division (RaftServerImpl.java:checkInconsistentAppendEntries(1572)) - s2@group-EA982605F2E5: inconsistency entries. Reply:s1<-s2#871:FAIL-t2,INCONSISTENCY,nextIndex=1,followerCommit=0,matchIndex=-1
2022-11-08 19:12:08,695 [grpc-default-executor-3] INFO  leader.FollowerInfo (FollowerInfoImpl.java:lambda$new$0(48)) - s1@group-EA982605F2E5->s2: nextIndex: updateUnconditionally 5 -> 1
2022-11-08 19:12:08,696 [s2-server-thread1] DEBUG server.RaftServer$Division (RaftServerImpl.java:logAppendEntries(1421)) - s2@group-EA982605F2E5: receive appendEntries(s1, 2, (t:2, i:0), 4, true, commits:[s1:c4, s0:c4, s2:c0], cId:872, entries: [(t:2, i:1), STATEMACHINELOGENTRY, 0@client-2EFB324ADA71, (t:2, i:2), METADATAENTRY(c:1), (t:2, i:3), STATEMACHINELOGENTRY, 999@client-AE8279CAF820, (t:2, i:4), METADATAENTRY(c:3)]
2022-11-08 19:12:08,696 [s2-server-thread1] INFO  server.RaftServer$Division (RaftServerImpl.java:checkInconsistentAppendEntries(1602)) - s2@group-EA982605F2E5: Failed appendEntries as previous log entry ((t:2, i:0)) is not found
2022-11-08 19:12:08,696 [s2-server-thread1] INFO  server.RaftServer$Division (RaftServerImpl.java:checkInconsistentAppendEntries(1572)) - s2@group-EA982605F2E5: inconsistency entries. Reply:s1<-s2#872:FAIL-t2,INCONSISTENCY,nextIndex=0,followerCommit=0,matchIndex=-1
2022-11-08 19:12:08,697 [grpc-default-executor-3] INFO  leader.FollowerInfo (FollowerInfoImpl.java:lambda$new$0(48)) - s1@group-EA982605F2E5->s2: nextIndex: updateUnconditionally 5 -> 0
2022-11-08 19:12:08,698 [s2-server-thread2] DEBUG server.RaftServer$Division (RaftServerImpl.java:logAppendEntries(1421)) - s2@group-EA982605F2E5: receive appendEntries(s1, 2, null, 4, true, commits:[s1:c4, s0:c4, s2:c0], cId:873, entries: [(t:2, i:0), CONFIGURATIONENTRY(current:id: "s0"
address: "localhost:34297"
dataStreamAddress: "localhost:43983"
clientAddress: "localhost:39609"
adminAddress: "localhost:37077"
startupRole: FOLLOWER
,id: "s1"
address: "localhost:38917"
dataStreamAddress: "localhost:45719"
clientAddress: "localhost:36975"
adminAddress: "localhost:40635"
startupRole: FOLLOWER
,id: "s2"
address: "localhost:35511"
dataStreamAddress: "localhost:38827"
clientAddress: "localhost:42865"
adminAddress: "localhost:36791"
startupRole: FOLLOWER
, old:), (t:2, i:1), STATEMACHINELOGENTRY, 0@client-2EFB324ADA71, (t:2, i:2), METADATAENTRY(c:1), (t:2, i:3), STATEMACHINELOGENTRY, 999@client-AE8279CAF820, (t:2, i:4), METADATAENTRY(c:3)]
2022-11-08 19:12:08,698 [s2-server-thread2] INFO  server.RaftServer$Division (RaftServerImpl.java:checkInconsistentAppendEntries(1592)) - s2@group-EA982605F2E5: Failed appendEntries as the first entry (index 0) already exists (snapshotIndex: -1, commitIndex: 0)
2022-11-08 19:12:08,698 [s2-server-thread2] INFO  server.RaftServer$Division (RaftServerImpl.java:checkInconsistentAppendEntries(1572)) - s2@group-EA982605F2E5: inconsistency entries. Reply:s1<-s2#873:FAIL-t2,INCONSISTENCY,nextIndex=1,followerCommit=0,matchIndex=-1
2022-11-08 19:12:08,698 [grpc-default-executor-3] INFO  leader.FollowerInfo (FollowerInfoImpl.java:lambda$new$0(48)) - s1@group-EA982605F2E5->s2: nextIndex: updateUnconditionally 5 -> 1
2022-11-08 19:12:08,699 [s2-server-thread2] DEBUG server.RaftServer$Division (RaftServerImpl.java:logAppendEntries(1421)) - s2@group-EA982605F2E5: receive appendEntries(s1, 2, (t:2, i:0), 4, true, commits:[s1:c4, s0:c4, s2:c0], cId:874, entries: [(t:2, i:1), STATEMACHINELOGENTRY, 0@client-2EFB324ADA71, (t:2, i:2), METADATAENTRY(c:1), (t:2, i:3), STATEMACHINELOGENTRY, 999@client-AE8279CAF820, (t:2, i:4), METADATAENTRY(c:3)]
2022-11-08 19:12:08,699 [s2-server-thread2] INFO  server.RaftServer$Division (RaftServerImpl.java:checkInconsistentAppendEntries(1602)) - s2@group-EA982605F2E5: Failed appendEntries as previous log entry ((t:2, i:0)) is not found
2022-11-08 19:12:08,699 [s2-server-thread2] INFO  server.RaftServer$Division (RaftServerImpl.java:checkInconsistentAppendEntries(1572)) - s2@group-EA982605F2E5: inconsistency entries. Reply:s1<-s2#874:FAIL-t2,INCONSISTENCY,nextIndex=0,followerCommit=0,matchIndex=-1
2022-11-08 19:12:08,699 [grpc-default-executor-3] INFO  leader.FollowerInfo (FollowerInfoImpl.java:lambda$new$0(48)) - s1@group-EA982605F2E5->s2: nextIndex: updateUnconditionally 5 -> 0
2022-11-08 19:12:08,700 [s2-server-thread2] DEBUG server.RaftServer$Division (RaftServerImpl.java:logAppendEntries(1421)) - s2@group-EA982605F2E5: receive appendEntries(s1, 2, null, 4, true, commits:[s1:c4, s0:c4, s2:c0], cId:875, entries: [(t:2, i:0), CONFIGURATIONENTRY(current:id: "s0"
address: "localhost:34297"
dataStreamAddress: "localhost:43983"
clientAddress: "localhost:39609"
adminAddress: "localhost:37077"
startupRole: FOLLOWER
,id: "s1"
address: "localhost:38917"
dataStreamAddress: "localhost:45719"
clientAddress: "localhost:36975"
adminAddress: "localhost:40635"
startupRole: FOLLOWER
,id: "s2"
address: "localhost:35511"
dataStreamAddress: "localhost:38827"
clientAddress: "localhost:42865"
adminAddress: "localhost:36791"
startupRole: FOLLOWER
, old:), (t:2, i:1), STATEMACHINELOGENTRY, 0@client-2EFB324ADA71, (t:2, i:2), METADATAENTRY(c:1), (t:2, i:3), STATEMACHINELOGENTRY, 999@client-AE8279CAF820, (t:2, i:4), METADATAENTRY(c:3)]
2022-11-08 19:12:08,700 [s2-server-thread2] INFO  server.RaftServer$Division (RaftServerImpl.java:checkInconsistentAppendEntries(1592)) - s2@group-EA982605F2E5: Failed appendEntries as the first entry (index 0) already exists (snapshotIndex: -1, commitIndex: 0)
2022-11-08 19:12:08,700 [s2-server-thread2] INFO  server.RaftServer$Division (RaftServerImpl.java:checkInconsistentAppendEntries(1572)) - s2@group-EA982605F2E5: inconsistency entries. Reply:s1<-s2#875:FAIL-t2,INCONSISTENCY,nextIndex=1,followerCommit=0,matchIndex=-1
2022-11-08 19:12:08,701 [grpc-default-executor-3] INFO  leader.FollowerInfo (FollowerInfoImpl.java:lambda$new$0(48)) - s1@group-EA982605F2E5->s2: nextIndex: updateUnconditionally 5 -> 1
2022-11-08 19:12:08,701 [s2-server-thread1] DEBUG server.RaftServer$Division (RaftServerImpl.java:logAppendEntries(1421)) - s2@group-EA982605F2E5: receive appendEntries(s1, 2, (t:2, i:0), 4, true, commits:[s1:c4, s0:c4, s2:c0], cId:876, entries: [(t:2, i:1), STATEMACHINELOGENTRY, 0@client-2EFB324ADA71, (t:2, i:2), METADATAENTRY(c:1), (t:2, i:3), STATEMACHINELOGENTRY, 999@client-AE8279CAF820, (t:2, i:4), METADATAENTRY(c:3)]
2022-11-08 19:12:08,701 [s2-server-thread1] INFO  server.RaftServer$Division (RaftServerImpl.java:checkInconsistentAppendEntries(1602)) - s2@group-EA982605F2E5: Failed appendEntries as previous log entry ((t:2, i:0)) is not found
2022-11-08 19:12:08,702 [s2-server-thread1] INFO  server.RaftServer$Division (RaftServerImpl.java:checkInconsistentAppendEntries(1572)) - s2@group-EA982605F2E5: inconsistency entries. Reply:s1<-s2#876:FAIL-t2,INCONSISTENCY,nextIndex=0,followerCommit=0,matchIndex=-1
2022-11-08 19:12:08,702 [grpc-default-executor-3] INFO  leader.FollowerInfo (FollowerInfoImpl.java:lambda$new$0(48)) - s1@group-EA982605F2E5->s2: nextIndex: updateUnconditionally 5 -> 0
2022-11-08 19:12:08,706 [s2-server-thread2] DEBUG server.RaftServer$Division (RaftServerImpl.java:logAppendEntries(1421)) - s2@group-EA982605F2E5: receive appendEntries(s1, 2, null, 4, true, commits:[s1:c4, s0:c4, s2:c0], cId:877, entries: [(t:2, i:0), CONFIGURATIONENTRY(current:id: "s0"
address: "localhost:34297"
dataStreamAddress: "localhost:43983"
clientAddress: "localhost:39609"
adminAddress: "localhost:37077"
startupRole: FOLLOWER
,id: "s1"
address: "localhost:38917"
dataStreamAddress: "localhost:45719"
clientAddress: "localhost:36975"
adminAddress: "localhost:40635"
startupRole: FOLLOWER
,id: "s2"
address: "localhost:35511"
dataStreamAddress: "localhost:38827"
clientAddress: "localhost:42865"
adminAddress: "localhost:36791"
startupRole: FOLLOWER
, old:), (t:2, i:1), STATEMACHINELOGENTRY, 0@client-2EFB324ADA71, (t:2, i:2), METADATAENTRY(c:1), (t:2, i:3), STATEMACHINELOGENTRY, 999@client-AE8279CAF820, (t:2, i:4), METADATAENTRY(c:3)]
2022-11-08 19:12:08,706 [s2-server-thread2] INFO  server.RaftServer$Division (RaftServerImpl.java:checkInconsistentAppendEntries(1592)) - s2@group-EA982605F2E5: Failed appendEntries as the first entry (index 0) already exists (snapshotIndex: -1, commitIndex: 0)
2022-11-08 19:12:08,706 [s2-server-thread2] INFO  server.RaftServer$Division (RaftServerImpl.java:checkInconsistentAppendEntries(1572)) - s2@group-EA982605F2E5: inconsistency entries. Reply:s1<-s2#877:FAIL-t2,INCONSISTENCY,nextIndex=1,followerCommit=0,matchIndex=-1
2022-11-08 19:12:08,706 [grpc-default-executor-3] INFO  leader.FollowerInfo (FollowerInfoImpl.java:lambda$new$0(48)) - s1@group-EA982605F2E5->s2: nextIndex: updateUnconditionally 5 -> 1
2022-11-08 19:12:08,707 [s2-server-thread2] DEBUG server.RaftServer$Division (RaftServerImpl.java:logAppendEntries(1421)) - s2@group-EA982605F2E5: receive appendEntries(s1, 2, (t:2, i:0), 4, true, commits:[s1:c4, s0:c4, s2:c0], cId:878, entries: [(t:2, i:1), STATEMACHINELOGENTRY, 0@client-2EFB324ADA71, (t:2, i:2), METADATAENTRY(c:1), (t:2, i:3), STATEMACHINELOGENTRY, 999@client-AE8279CAF820, (t:2, i:4), METADATAENTRY(c:3)]
2022-11-08 19:12:08,707 [s2-server-thread2] INFO  server.RaftServer$Division (RaftServerImpl.java:checkInconsistentAppendEntries(1602)) - s2@group-EA982605F2E5: Failed appendEntries as previous log entry ((t:2, i:0)) is not found
2022-11-08 19:12:08,707 [s2-server-thread2] INFO  server.RaftServer$Division (RaftServerImpl.java:checkInconsistentAppendEntries(1572)) - s2@group-EA982605F2E5: inconsistency entries. Reply:s1<-s2#878:FAIL-t2,INCONSISTENCY,nextIndex=0,followerCommit=0,matchIndex=-1
2022-11-08 19:12:08,708 [grpc-default-executor-3] INFO  leader.FollowerInfo (FollowerInfoImpl.java:lambda$new$0(48)) - s1@group-EA982605F2E5->s2: nextIndex: updateUnconditionally 5 -> 0
2022-11-08 19:12:08,708 [s2-server-thread1] DEBUG server.RaftServer$Division (RaftServerImpl.java:logAppendEntries(1421)) - s2@group-EA982605F2E5: receive appendEntries(s1, 2, null, 4, true, commits:[s1:c4, s0:c4, s2:c0], cId:879, entries: [(t:2, i:0), CONFIGURATIONENTRY(current:id: "s0"
address: "localhost:34297"
dataStreamAddress: "localhost:43983"
clientAddress: "localhost:39609"
adminAddress: "localhost:37077"
startupRole: FOLLOWER
,id: "s1"
address: "localhost:38917"
dataStreamAddress: "localhost:45719"
clientAddress: "localhost:36975"
adminAddress: "localhost:40635"
startupRole: FOLLOWER
,id: "s2"
address: "localhost:35511"
dataStreamAddress: "localhost:38827"
clientAddress: "localhost:42865"
adminAddress: "localhost:36791"
startupRole: FOLLOWER
, old:), (t:2, i:1), STATEMACHINELOGENTRY, 0@client-2EFB324ADA71, (t:2, i:2), METADATAENTRY(c:1), (t:2, i:3), STATEMACHINELOGENTRY, 999@client-AE8279CAF820, (t:2, i:4), METADATAENTRY(c:3)]
2022-11-08 19:12:08,709 [s2-server-thread1] INFO  server.RaftServer$Division (RaftServerImpl.java:checkInconsistentAppendEntries(1592)) - s2@group-EA982605F2E5: Failed appendEntries as the first entry (index 0) already exists (snapshotIndex: -1, commitIndex: 0)
2022-11-08 19:12:08,709 [s2-server-thread1] INFO  server.RaftServer$Division (RaftServerImpl.java:checkInconsistentAppendEntries(1572)) - s2@group-EA982605F2E5: inconsistency entries. Reply:s1<-s2#879:FAIL-t2,INCONSISTENCY,nextIndex=1,followerCommit=0,matchIndex=-1
2022-11-08 19:12:08,709 [grpc-default-executor-3] INFO  leader.FollowerInfo (FollowerInfoImpl.java:lambda$new$0(48)) - s1@group-EA982605F2E5->s2: nextIndex: updateUnconditionally 5 -> 1
2022-11-08 19:12:08,710 [s2-server-thread2] DEBUG server.RaftServer$Division (RaftServerImpl.java:logAppendEntries(1421)) - s2@group-EA982605F2E5: receive appendEntries(s1, 2, (t:2, i:0), 4, true, commits:[s1:c4, s0:c4, s2:c0], cId:880, entries: [(t:2, i:1), STATEMACHINELOGENTRY, 0@client-2EFB324ADA71, (t:2, i:2), METADATAENTRY(c:1), (t:2, i:3), STATEMACHINELOGENTRY, 999@client-AE8279CAF820, (t:2, i:4), METADATAENTRY(c:3)]
2022-11-08 19:12:08,710 [s2-server-thread2] INFO  server.RaftServer$Division (RaftServerImpl.java:checkInconsistentAppendEntries(1602)) - s2@group-EA982605F2E5: Failed appendEntries as previous log entry ((t:2, i:0)) is not found
2022-11-08 19:12:08,710 [s2-server-thread2] INFO  server.RaftServer$Division (RaftServerImpl.java:checkInconsistentAppendEntries(1572)) - s2@group-EA982605F2E5: inconsistency entries. Reply:s1<-s2#880:FAIL-t2,INCONSISTENCY,nextIndex=0,followerCommit=0,matchIndex=-1
2022-11-08 19:12:08,710 [grpc-default-executor-3] INFO  leader.FollowerInfo (FollowerInfoImpl.java:lambda$new$0(48)) - s1@group-EA982605F2E5->s2: nextIndex: updateUnconditionally 5 -> 0
2022-11-08 19:12:08,711 [s2-server-thread2] DEBUG server.RaftServer$Division (RaftServerImpl.java:logAppendEntries(1421)) - s2@group-EA982605F2E5: receive appendEntries(s1, 2, null, 4, true, commits:[s1:c4, s0:c4, s2:c0], cId:881, entries: [(t:2, i:0), CONFIGURATIONENTRY(current:id: "s0"
address: "localhost:34297"
dataStreamAddress: "localhost:43983"
clientAddress: "localhost:39609"
adminAddress: "localhost:37077"
startupRole: FOLLOWER
,id: "s1"
address: "localhost:38917"
dataStreamAddress: "localhost:45719"
clientAddress: "localhost:36975"
adminAddress: "localhost:40635"
startupRole: FOLLOWER
,id: "s2"
address: "localhost:35511"
dataStreamAddress: "localhost:38827"
clientAddress: "localhost:42865"
adminAddress: "localhost:36791"
startupRole: FOLLOWER
, old:), (t:2, i:1), STATEMACHINELOGENTRY, 0@client-2EFB324ADA71, (t:2, i:2), METADATAENTRY(c:1), (t:2, i:3), STATEMACHINELOGENTRY, 999@client-AE8279CAF820, (t:2, i:4), METADATAENTRY(c:3)]
2022-11-08 19:12:08,711 [s2-server-thread2] INFO  server.RaftServer$Division (RaftServerImpl.java:checkInconsistentAppendEntries(1592)) - s2@group-EA982605F2E5: Failed appendEntries as the first entry (index 0) already exists (snapshotIndex: -1, commitIndex: 0)
2022-11-08 19:12:08,711 [s2-server-thread2] INFO  server.RaftServer$Division (RaftServerImpl.java:checkInconsistentAppendEntries(1572)) - s2@group-EA982605F2E5: inconsistency entries. Reply:s1<-s2#881:FAIL-t2,INCONSISTENCY,nextIndex=1,followerCommit=0,matchIndex=-1
2022-11-08 19:12:08,711 [grpc-default-executor-3] INFO  leader.FollowerInfo (FollowerInfoImpl.java:lambda$new$0(48)) - s1@group-EA982605F2E5->s2: nextIndex: updateUnconditionally 5 -> 1
2022-11-08 19:12:08,712 [s2-server-thread2] DEBUG server.RaftServer$Division (RaftServerImpl.java:logAppendEntries(1421)) - s2@group-EA982605F2E5: receive appendEntries(s1, 2, (t:2, i:0), 4, true, commits:[s1:c4, s0:c4, s2:c0], cId:882, entries: [(t:2, i:1), STATEMACHINELOGENTRY, 0@client-2EFB324ADA71, (t:2, i:2), METADATAENTRY(c:1), (t:2, i:3), STATEMACHINELOGENTRY, 999@client-AE8279CAF820, (t:2, i:4), METADATAENTRY(c:3)]
2022-11-08 19:12:08,712 [s2-server-thread2] INFO  server.RaftServer$Division (RaftServerImpl.java:checkInconsistentAppendEntries(1602)) - s2@group-EA982605F2E5: Failed appendEntries as previous log entry ((t:2, i:0)) is not found
2022-11-08 19:12:08,712 [s2-server-thread2] INFO  server.RaftServer$Division (RaftServerImpl.java:checkInconsistentAppendEntries(1572)) - s2@group-EA982605F2E5: inconsistency entries. Reply:s1<-s2#882:FAIL-t2,INCONSISTENCY,nextIndex=0,followerCommit=0,matchIndex=-1
2022-11-08 19:12:08,713 [grpc-default-executor-3] INFO  leader.FollowerInfo (FollowerInfoImpl.java:lambda$new$0(48)) - s1@group-EA982605F2E5->s2: nextIndex: updateUnconditionally 5 -> 0
2022-11-08 19:12:08,713 [s2-server-thread2] DEBUG server.RaftServer$Division (RaftServerImpl.java:logAppendEntries(1421)) - s2@group-EA982605F2E5: receive appendEntries(s1, 2, null, 4, true, commits:[s1:c4, s0:c4, s2:c0], cId:883, entries: [(t:2, i:0), CONFIGURATIONENTRY(current:id: "s0"
address: "localhost:34297"
dataStreamAddress: "localhost:43983"
clientAddress: "localhost:39609"
adminAddress: "localhost:37077"
startupRole: FOLLOWER
,id: "s1"
address: "localhost:38917"
dataStreamAddress: "localhost:45719"
clientAddress: "localhost:36975"
adminAddress: "localhost:40635"
startupRole: FOLLOWER
,id: "s2"
address: "localhost:35511"
dataStreamAddress: "localhost:38827"
clientAddress: "localhost:42865"
adminAddress: "localhost:36791"
startupRole: FOLLOWER
, old:), (t:2, i:1), STATEMACHINELOGENTRY, 0@client-2EFB324ADA71, (t:2, i:2), METADATAENTRY(c:1), (t:2, i:3), STATEMACHINELOGENTRY, 999@client-AE8279CAF820, (t:2, i:4), METADATAENTRY(c:3)]
2022-11-08 19:12:08,713 [s2-server-thread2] INFO  server.RaftServer$Division (RaftServerImpl.java:checkInconsistentAppendEntries(1592)) - s2@group-EA982605F2E5: Failed appendEntries as the first entry (index 0) already exists (snapshotIndex: -1, commitIndex: 0)
2022-11-08 19:12:08,713 [s2-server-thread2] INFO  server.RaftServer$Division (RaftServerImpl.java:checkInconsistentAppendEntries(1572)) - s2@group-EA982605F2E5: inconsistency entries. Reply:s1<-s2#883:FAIL-t2,INCONSISTENCY,nextIndex=1,followerCommit=0,matchIndex=-1
2022-11-08 19:12:08,714 [grpc-default-executor-3] INFO  leader.FollowerInfo (FollowerInfoImpl.java:lambda$new$0(48)) - s1@group-EA982605F2E5->s2: nextIndex: updateUnconditionally 5 -> 1
2022-11-08 19:12:08,714 [s2-server-thread1] DEBUG server.RaftServer$Division (RaftServerImpl.java:logAppendEntries(1421)) - s2@group-EA982605F2E5: receive appendEntries(s1, 2, (t:2, i:0), 4, true, commits:[s1:c4, s0:c4, s2:c0], cId:884, entries: [(t:2, i:1), STATEMACHINELOGENTRY, 0@client-2EFB324ADA71, (t:2, i:2), METADATAENTRY(c:1), (t:2, i:3), STATEMACHINELOGENTRY, 999@client-AE8279CAF820, (t:2, i:4), METADATAENTRY(c:3)]
2022-11-08 19:12:08,714 [s2-server-thread1] INFO  server.RaftServer$Division (RaftServerImpl.java:checkInconsistentAppendEntries(1602)) - s2@group-EA982605F2E5: Failed appendEntries as previous log entry ((t:2, i:0)) is not found
2022-11-08 19:12:08,715 [s2-server-thread1] INFO  server.RaftServer$Division (RaftServerImpl.java:checkInconsistentAppendEntries(1572)) - s2@group-EA982605F2E5: inconsistency entries. Reply:s1<-s2#884:FAIL-t2,INCONSISTENCY,nextIndex=0,followerCommit=0,matchIndex=-1
2022-11-08 19:12:08,715 [grpc-default-executor-3] INFO  leader.FollowerInfo (FollowerInfoImpl.java:lambda$new$0(48)) - s1@group-EA982605F2E5->s2: nextIndex: updateUnconditionally 5 -> 0
2022-11-08 19:12:08,716 [s2-server-thread2] DEBUG server.RaftServer$Division (RaftServerImpl.java:logAppendEntries(1421)) - s2@group-EA982605F2E5: receive appendEntries(s1, 2, null, 4, true, commits:[s1:c4, s0:c4, s2:c0], cId:885, entries: [(t:2, i:0), CONFIGURATIONENTRY(current:id: "s0"
address: "localhost:34297"
dataStreamAddress: "localhost:43983"
clientAddress: "localhost:39609"
adminAddress: "localhost:37077"
startupRole: FOLLOWER
,id: "s1"
address: "localhost:38917"
dataStreamAddress: "localhost:45719"
clientAddress: "localhost:36975"
adminAddress: "localhost:40635"
startupRole: FOLLOWER
,id: "s2"
address: "localhost:35511"
dataStreamAddress: "localhost:38827"
clientAddress: "localhost:42865"
adminAddress: "localhost:36791"
startupRole: FOLLOWER
, old:), (t:2, i:1), STATEMACHINELOGENTRY, 0@client-2EFB324ADA71, (t:2, i:2), METADATAENTRY(c:1), (t:2, i:3), STATEMACHINELOGENTRY, 999@client-AE8279CAF820, (t:2, i:4), METADATAENTRY(c:3)]
2022-11-08 19:12:08,716 [s2-server-thread2] INFO  server.RaftServer$Division (RaftServerImpl.java:checkInconsistentAppendEntries(1592)) - s2@group-EA982605F2E5: Failed appendEntries as the first entry (index 0) already exists (snapshotIndex: -1, commitIndex: 0)
2022-11-08 19:12:08,716 [s2-server-thread2] INFO  server.RaftServer$Division (RaftServerImpl.java:checkInconsistentAppendEntries(1572)) - s2@group-EA982605F2E5: inconsistency entries. Reply:s1<-s2#885:FAIL-t2,INCONSISTENCY,nextIndex=1,followerCommit=0,matchIndex=-1
2022-11-08 19:12:08,716 [grpc-default-executor-3] INFO  leader.FollowerInfo (FollowerInfoImpl.java:lambda$new$0(48)) - s1@group-EA982605F2E5->s2: nextIndex: updateUnconditionally 5 -> 1
2022-11-08 19:12:08,719 [s2-server-thread2] DEBUG server.RaftServer$Division (RaftServerImpl.java:logAppendEntries(1421)) - s2@group-EA982605F2E5: receive appendEntries(s1, 2, (t:2, i:0), 4, true, commits:[s1:c4, s0:c4, s2:c0], cId:886, entries: [(t:2, i:1), STATEMACHINELOGENTRY, 0@client-2EFB324ADA71, (t:2, i:2), METADATAENTRY(c:1), (t:2, i:3), STATEMACHINELOGENTRY, 999@client-AE8279CAF820, (t:2, i:4), METADATAENTRY(c:3)]
2022-11-08 19:12:08,719 [s2-server-thread2] INFO  server.RaftServer$Division (RaftServerImpl.java:checkInconsistentAppendEntries(1602)) - s2@group-EA982605F2E5: Failed appendEntries as previous log entry ((t:2, i:0)) is not found
2022-11-08 19:12:08,719 [s2-server-thread2] INFO  server.RaftServer$Division (RaftServerImpl.java:checkInconsistentAppendEntries(1572)) - s2@group-EA982605F2E5: inconsistency entries. Reply:s1<-s2#886:FAIL-t2,INCONSISTENCY,nextIndex=0,followerCommit=0,matchIndex=-1
2022-11-08 19:12:08,720 [grpc-default-executor-3] INFO  leader.FollowerInfo (FollowerInfoImpl.java:lambda$new$0(48)) - s1@group-EA982605F2E5->s2: nextIndex: updateUnconditionally 5 -> 0
2022-11-08 19:12:08,721 [s2-server-thread2] DEBUG server.RaftServer$Division (RaftServerImpl.java:logAppendEntries(1421)) - s2@group-EA982605F2E5: receive appendEntries(s1, 2, null, 4, true, commits:[s1:c4, s0:c4, s2:c0], cId:887, entries: [(t:2, i:0), CONFIGURATIONENTRY(current:id: "s0"
address: "localhost:34297"
dataStreamAddress: "localhost:43983"
clientAddress: "localhost:39609"
adminAddress: "localhost:37077"
startupRole: FOLLOWER
,id: "s1"
address: "localhost:38917"
dataStreamAddress: "localhost:45719"
clientAddress: "localhost:36975"
adminAddress: "localhost:40635"
startupRole: FOLLOWER
,id: "s2"
address: "localhost:35511"
dataStreamAddress: "localhost:38827"
clientAddress: "localhost:42865"
adminAddress: "localhost:36791"
startupRole: FOLLOWER
, old:), (t:2, i:1), STATEMACHINELOGENTRY, 0@client-2EFB324ADA71, (t:2, i:2), METADATAENTRY(c:1), (t:2, i:3), STATEMACHINELOGENTRY, 999@client-AE8279CAF820, (t:2, i:4), METADATAENTRY(c:3)]
2022-11-08 19:12:08,721 [s2-server-thread2] INFO  server.RaftServer$Division (RaftServerImpl.java:checkInconsistentAppendEntries(1592)) - s2@group-EA982605F2E5: Failed appendEntries as the first entry (index 0) already exists (snapshotIndex: -1, commitIndex: 0)
2022-11-08 19:12:08,721 [s2-server-thread2] INFO  server.RaftServer$Division (RaftServerImpl.java:checkInconsistentAppendEntries(1572)) - s2@group-EA982605F2E5: inconsistency entries. Reply:s1<-s2#887:FAIL-t2,INCONSISTENCY,nextIndex=1,followerCommit=0,matchIndex=-1
2022-11-08 19:12:08,721 [grpc-default-executor-3] INFO  leader.FollowerInfo (FollowerInfoImpl.java:lambda$new$0(48)) - s1@group-EA982605F2E5->s2: nextIndex: updateUnconditionally 5 -> 1
2022-11-08 19:12:08,722 [s2-server-thread1] DEBUG server.RaftServer$Division (RaftServerImpl.java:logAppendEntries(1421)) - s2@group-EA982605F2E5: receive appendEntries(s1, 2, (t:2, i:0), 4, true, commits:[s1:c4, s0:c4, s2:c0], cId:888, entries: [(t:2, i:1), STATEMACHINELOGENTRY, 0@client-2EFB324ADA71, (t:2, i:2), METADATAENTRY(c:1), (t:2, i:3), STATEMACHINELOGENTRY, 999@client-AE8279CAF820, (t:2, i:4), METADATAENTRY(c:3)]
2022-11-08 19:12:08,722 [s2-server-thread1] INFO  server.RaftServer$Division (RaftServerImpl.java:checkInconsistentAppendEntries(1602)) - s2@group-EA982605F2E5: Failed appendEntries as previous log entry ((t:2, i:0)) is not found
2022-11-08 19:12:08,722 [s2-server-thread1] INFO  server.RaftServer$Division (RaftServerImpl.java:checkInconsistentAppendEntries(1572)) - s2@group-EA982605F2E5: inconsistency entries. Reply:s1<-s2#888:FAIL-t2,INCONSISTENCY,nextIndex=0,followerCommit=0,matchIndex=-1
2022-11-08 19:12:08,723 [grpc-default-executor-3] INFO  leader.FollowerInfo (FollowerInfoImpl.java:lambda$new$0(48)) - s1@group-EA982605F2E5->s2: nextIndex: updateUnconditionally 5 -> 0
2022-11-08 19:12:08,723 [s2-server-thread2] DEBUG server.RaftServer$Division (RaftServerImpl.java:logAppendEntries(1421)) - s2@group-EA982605F2E5: receive appendEntries(s1, 2, null, 4, true, commits:[s1:c4, s0:c4, s2:c0], cId:889, entries: [(t:2, i:0), CONFIGURATIONENTRY(current:id: "s0"
address: "localhost:34297"
dataStreamAddress: "localhost:43983"
clientAddress: "localhost:39609"
adminAddress: "localhost:37077"
startupRole: FOLLOWER
,id: "s1"
address: "localhost:38917"
dataStreamAddress: "localhost:45719"
clientAddress: "localhost:36975"
adminAddress: "localhost:40635"
startupRole: FOLLOWER
,id: "s2"
address: "localhost:35511"
dataStreamAddress: "localhost:38827"
clientAddress: "localhost:42865"
adminAddress: "localhost:36791"
startupRole: FOLLOWER
, old:), (t:2, i:1), STATEMACHINELOGENTRY, 0@client-2EFB324ADA71, (t:2, i:2), METADATAENTRY(c:1), (t:2, i:3), STATEMACHINELOGENTRY, 999@client-AE8279CAF820, (t:2, i:4), METADATAENTRY(c:3)]
2022-11-08 19:12:08,723 [s2-server-thread2] INFO  server.RaftServer$Division (RaftServerImpl.java:checkInconsistentAppendEntries(1592)) - s2@group-EA982605F2E5: Failed appendEntries as the first entry (index 0) already exists (snapshotIndex: -1, commitIndex: 0)
2022-11-08 19:12:08,723 [s2-server-thread2] INFO  server.RaftServer$Division (RaftServerImpl.java:checkInconsistentAppendEntries(1572)) - s2@group-EA982605F2E5: inconsistency entries. Reply:s1<-s2#889:FAIL-t2,INCONSISTENCY,nextIndex=1,followerCommit=0,matchIndex=-1
2022-11-08 19:12:08,724 [grpc-default-executor-3] INFO  leader.FollowerInfo (FollowerInfoImpl.java:lambda$new$0(48)) - s1@group-EA982605F2E5->s2: nextIndex: updateUnconditionally 5 -> 1
2022-11-08 19:12:08,726 [s2-server-thread2] DEBUG server.RaftServer$Division (RaftServerImpl.java:logAppendEntries(1421)) - s2@group-EA982605F2E5: receive appendEntries(s1, 2, (t:2, i:0), 4, true, commits:[s1:c4, s0:c4, s2:c0], cId:890, entries: [(t:2, i:1), STATEMACHINELOGENTRY, 0@client-2EFB324ADA71, (t:2, i:2), METADATAENTRY(c:1), (t:2, i:3), STATEMACHINELOGENTRY, 999@client-AE8279CAF820, (t:2, i:4), METADATAENTRY(c:3)]
2022-11-08 19:12:08,726 [s2-server-thread2] INFO  server.RaftServer$Division (RaftServerImpl.java:checkInconsistentAppendEntries(1602)) - s2@group-EA982605F2E5: Failed appendEntries as previous log entry ((t:2, i:0)) is not found
2022-11-08 19:12:08,726 [s2-server-thread2] INFO  server.RaftServer$Division (RaftServerImpl.java:checkInconsistentAppendEntries(1572)) - s2@group-EA982605F2E5: inconsistency entries. Reply:s1<-s2#890:FAIL-t2,INCONSISTENCY,nextIndex=0,followerCommit=0,matchIndex=-1
2022-11-08 19:12:08,726 [grpc-default-executor-3] INFO  leader.FollowerInfo (FollowerInfoImpl.java:lambda$new$0(48)) - s1@group-EA982605F2E5->s2: nextIndex: updateUnconditionally 5 -> 0
2022-11-08 19:12:08,727 [s2-server-thread2] DEBUG server.RaftServer$Division (RaftServerImpl.java:logAppendEntries(1421)) - s2@group-EA982605F2E5: receive appendEntries(s1, 2, null, 4, true, commits:[s1:c4, s0:c4, s2:c0], cId:891, entries: [(t:2, i:0), CONFIGURATIONENTRY(current:id: "s0"
address: "localhost:34297"
dataStreamAddress: "localhost:43983"
clientAddress: "localhost:39609"
adminAddress: "localhost:37077"
startupRole: FOLLOWER
,id: "s1"
address: "localhost:38917"
dataStreamAddress: "localhost:45719"
clientAddress: "localhost:36975"
adminAddress: "localhost:40635"
startupRole: FOLLOWER
,id: "s2"
address: "localhost:35511"
dataStreamAddress: "localhost:38827"
clientAddress: "localhost:42865"
adminAddress: "localhost:36791"
startupRole: FOLLOWER
, old:), (t:2, i:1), STATEMACHINELOGENTRY, 0@client-2EFB324ADA71, (t:2, i:2), METADATAENTRY(c:1), (t:2, i:3), STATEMACHINELOGENTRY, 999@client-AE8279CAF820, (t:2, i:4), METADATAENTRY(c:3)]
2022-11-08 19:12:08,727 [s2-server-thread2] INFO  server.RaftServer$Division (RaftServerImpl.java:checkInconsistentAppendEntries(1592)) - s2@group-EA982605F2E5: Failed appendEntries as the first entry (index 0) already exists (snapshotIndex: -1, commitIndex: 0)
2022-11-08 19:12:08,728 [s2-server-thread2] INFO  server.RaftServer$Division (RaftServerImpl.java:checkInconsistentAppendEntries(1572)) - s2@group-EA982605F2E5: inconsistency entries. Reply:s1<-s2#891:FAIL-t2,INCONSISTENCY,nextIndex=1,followerCommit=0,matchIndex=-1
2022-11-08 19:12:08,728 [grpc-default-executor-3] INFO  leader.FollowerInfo (FollowerInfoImpl.java:lambda$new$0(48)) - s1@group-EA982605F2E5->s2: nextIndex: updateUnconditionally 5 -> 1
2022-11-08 19:12:08,728 [s2-server-thread2] DEBUG server.RaftServer$Division (RaftServerImpl.java:logAppendEntries(1421)) - s2@group-EA982605F2E5: receive appendEntries(s1, 2, (t:2, i:0), 4, true, commits:[s1:c4, s0:c4, s2:c0], cId:892, entries: [(t:2, i:1), STATEMACHINELOGENTRY, 0@client-2EFB324ADA71, (t:2, i:2), METADATAENTRY(c:1), (t:2, i:3), STATEMACHINELOGENTRY, 999@client-AE8279CAF820, (t:2, i:4), METADATAENTRY(c:3)]
2022-11-08 19:12:08,729 [s2-server-thread2] INFO  server.RaftServer$Division (RaftServerImpl.java:checkInconsistentAppendEntries(1602)) - s2@group-EA982605F2E5: Failed appendEntries as previous log entry ((t:2, i:0)) is not found
2022-11-08 19:12:08,729 [s2-server-thread2] INFO  server.RaftServer$Division (RaftServerImpl.java:checkInconsistentAppendEntries(1572)) - s2@group-EA982605F2E5: inconsistency entries. Reply:s1<-s2#892:FAIL-t2,INCONSISTENCY,nextIndex=0,followerCommit=0,matchIndex=-1
2022-11-08 19:12:08,729 [grpc-default-executor-3] INFO  leader.FollowerInfo (FollowerInfoImpl.java:lambda$new$0(48)) - s1@group-EA982605F2E5->s2: nextIndex: updateUnconditionally 5 -> 0
2022-11-08 19:12:08,730 [s2-server-thread1] DEBUG server.RaftServer$Division (RaftServerImpl.java:logAppendEntries(1421)) - s2@group-EA982605F2E5: receive appendEntries(s1, 2, null, 4, true, commits:[s1:c4, s0:c4, s2:c0], cId:893, entries: [(t:2, i:0), CONFIGURATIONENTRY(current:id: "s0"
address: "localhost:34297"
dataStreamAddress: "localhost:43983"
clientAddress: "localhost:39609"
adminAddress: "localhost:37077"
startupRole: FOLLOWER
,id: "s1"
address: "localhost:38917"
dataStreamAddress: "localhost:45719"
clientAddress: "localhost:36975"
adminAddress: "localhost:40635"
startupRole: FOLLOWER
,id: "s2"
address: "localhost:35511"
dataStreamAddress: "localhost:38827"
clientAddress: "localhost:42865"
adminAddress: "localhost:36791"
startupRole: FOLLOWER
, old:), (t:2, i:1), STATEMACHINELOGENTRY, 0@client-2EFB324ADA71, (t:2, i:2), METADATAENTRY(c:1), (t:2, i:3), STATEMACHINELOGENTRY, 999@client-AE8279CAF820, (t:2, i:4), METADATAENTRY(c:3)]
2022-11-08 19:12:08,730 [s2-server-thread1] INFO  server.RaftServer$Division (RaftServerImpl.java:checkInconsistentAppendEntries(1592)) - s2@group-EA982605F2E5: Failed appendEntries as the first entry (index 0) already exists (snapshotIndex: -1, commitIndex: 0)
2022-11-08 19:12:08,730 [s2-server-thread1] INFO  server.RaftServer$Division (RaftServerImpl.java:checkInconsistentAppendEntries(1572)) - s2@group-EA982605F2E5: inconsistency entries. Reply:s1<-s2#893:FAIL-t2,INCONSISTENCY,nextIndex=1,followerCommit=0,matchIndex=-1
2022-11-08 19:12:08,730 [grpc-default-executor-3] INFO  leader.FollowerInfo (FollowerInfoImpl.java:lambda$new$0(48)) - s1@group-EA982605F2E5->s2: nextIndex: updateUnconditionally 5 -> 1
2022-11-08 19:12:08,731 [s2-server-thread2] DEBUG server.RaftServer$Division (RaftServerImpl.java:logAppendEntries(1421)) - s2@group-EA982605F2E5: receive appendEntries(s1, 2, (t:2, i:0), 4, true, commits:[s1:c4, s0:c4, s2:c0], cId:894, entries: [(t:2, i:1), STATEMACHINELOGENTRY, 0@client-2EFB324ADA71, (t:2, i:2), METADATAENTRY(c:1), (t:2, i:3), STATEMACHINELOGENTRY, 999@client-AE8279CAF820, (t:2, i:4), METADATAENTRY(c:3)]
2022-11-08 19:12:08,731 [s2-server-thread2] INFO  server.RaftServer$Division (RaftServerImpl.java:checkInconsistentAppendEntries(1602)) - s2@group-EA982605F2E5: Failed appendEntries as previous log entry ((t:2, i:0)) is not found
2022-11-08 19:12:08,731 [s2-server-thread2] INFO  server.RaftServer$Division (RaftServerImpl.java:checkInconsistentAppendEntries(1572)) - s2@group-EA982605F2E5: inconsistency entries. Reply:s1<-s2#894:FAIL-t2,INCONSISTENCY,nextIndex=0,followerCommit=0,matchIndex=-1
2022-11-08 19:12:08,731 [grpc-default-executor-3] INFO  leader.FollowerInfo (FollowerInfoImpl.java:lambda$new$0(48)) - s1@group-EA982605F2E5->s2: nextIndex: updateUnconditionally 5 -> 0
2022-11-08 19:12:08,732 [s2-server-thread2] DEBUG server.RaftServer$Division (RaftServerImpl.java:logAppendEntries(1421)) - s2@group-EA982605F2E5: receive appendEntries(s1, 2, null, 4, true, commits:[s1:c4, s0:c4, s2:c0], cId:895, entries: [(t:2, i:0), CONFIGURATIONENTRY(current:id: "s0"
address: "localhost:34297"
dataStreamAddress: "localhost:43983"
clientAddress: "localhost:39609"
adminAddress: "localhost:37077"
startupRole: FOLLOWER
,id: "s1"
address: "localhost:38917"
dataStreamAddress: "localhost:45719"
clientAddress: "localhost:36975"
adminAddress: "localhost:40635"
startupRole: FOLLOWER
,id: "s2"
address: "localhost:35511"
dataStreamAddress: "localhost:38827"
clientAddress: "localhost:42865"
adminAddress: "localhost:36791"
startupRole: FOLLOWER
, old:), (t:2, i:1), STATEMACHINELOGENTRY, 0@client-2EFB324ADA71, (t:2, i:2), METADATAENTRY(c:1), (t:2, i:3), STATEMACHINELOGENTRY, 999@client-AE8279CAF820, (t:2, i:4), METADATAENTRY(c:3)]
2022-11-08 19:12:08,732 [s2-server-thread2] INFO  server.RaftServer$Division (RaftServerImpl.java:checkInconsistentAppendEntries(1592)) - s2@group-EA982605F2E5: Failed appendEntries as the first entry (index 0) already exists (snapshotIndex: -1, commitIndex: 0)
2022-11-08 19:12:08,732 [s2-server-thread2] INFO  server.RaftServer$Division (RaftServerImpl.java:checkInconsistentAppendEntries(1572)) - s2@group-EA982605F2E5: inconsistency entries. Reply:s1<-s2#895:FAIL-t2,INCONSISTENCY,nextIndex=1,followerCommit=0,matchIndex=-1
2022-11-08 19:12:08,733 [grpc-default-executor-3] INFO  leader.FollowerInfo (FollowerInfoImpl.java:lambda$new$0(48)) - s1@group-EA982605F2E5->s2: nextIndex: updateUnconditionally 5 -> 1
2022-11-08 19:12:08,734 [s2-server-thread2] DEBUG server.RaftServer$Division (RaftServerImpl.java:logAppendEntries(1421)) - s2@group-EA982605F2E5: receive appendEntries(s1, 2, (t:2, i:0), 4, true, commits:[s1:c4, s0:c4, s2:c0], cId:896, entries: [(t:2, i:1), STATEMACHINELOGENTRY, 0@client-2EFB324ADA71, (t:2, i:2), METADATAENTRY(c:1), (t:2, i:3), STATEMACHINELOGENTRY, 999@client-AE8279CAF820, (t:2, i:4), METADATAENTRY(c:3)]
2022-11-08 19:12:08,734 [s2-server-thread2] INFO  server.RaftServer$Division (RaftServerImpl.java:checkInconsistentAppendEntries(1602)) - s2@group-EA982605F2E5: Failed appendEntries as previous log entry ((t:2, i:0)) is not found
2022-11-08 19:12:08,734 [s2-server-thread2] INFO  server.RaftServer$Division (RaftServerImpl.java:checkInconsistentAppendEntries(1572)) - s2@group-EA982605F2E5: inconsistency entries. Reply:s1<-s2#896:FAIL-t2,INCONSISTENCY,nextIndex=0,followerCommit=0,matchIndex=-1
2022-11-08 19:12:08,734 [grpc-default-executor-3] INFO  leader.FollowerInfo (FollowerInfoImpl.java:lambda$new$0(48)) - s1@group-EA982605F2E5->s2: nextIndex: updateUnconditionally 5 -> 0
2022-11-08 19:12:08,735 [s2-server-thread2] DEBUG server.RaftServer$Division (RaftServerImpl.java:logAppendEntries(1421)) - s2@group-EA982605F2E5: receive appendEntries(s1, 2, null, 4, true, commits:[s1:c4, s0:c4, s2:c0], cId:897, entries: [(t:2, i:0), CONFIGURATIONENTRY(current:id: "s0"
address: "localhost:34297"
dataStreamAddress: "localhost:43983"
clientAddress: "localhost:39609"
adminAddress: "localhost:37077"
startupRole: FOLLOWER
,id: "s1"
address: "localhost:38917"
dataStreamAddress: "localhost:45719"
clientAddress: "localhost:36975"
adminAddress: "localhost:40635"
startupRole: FOLLOWER
,id: "s2"
address: "localhost:35511"
dataStreamAddress: "localhost:38827"
clientAddress: "localhost:42865"
adminAddress: "localhost:36791"
startupRole: FOLLOWER
, old:), (t:2, i:1), STATEMACHINELOGENTRY, 0@client-2EFB324ADA71, (t:2, i:2), METADATAENTRY(c:1), (t:2, i:3), STATEMACHINELOGENTRY, 999@client-AE8279CAF820, (t:2, i:4), METADATAENTRY(c:3)]
2022-11-08 19:12:08,735 [s2-server-thread2] INFO  server.RaftServer$Division (RaftServerImpl.java:checkInconsistentAppendEntries(1592)) - s2@group-EA982605F2E5: Failed appendEntries as the first entry (index 0) already exists (snapshotIndex: -1, commitIndex: 0)
2022-11-08 19:12:08,735 [s2-server-thread2] INFO  server.RaftServer$Division (RaftServerImpl.java:checkInconsistentAppendEntries(1572)) - s2@group-EA982605F2E5: inconsistency entries. Reply:s1<-s2#897:FAIL-t2,INCONSISTENCY,nextIndex=1,followerCommit=0,matchIndex=-1
2022-11-08 19:12:08,737 [grpc-default-executor-3] INFO  leader.FollowerInfo (FollowerInfoImpl.java:lambda$new$0(48)) - s1@group-EA982605F2E5->s2: nextIndex: updateUnconditionally 5 -> 1
2022-11-08 19:12:08,737 [s2-server-thread1] DEBUG server.RaftServer$Division (RaftServerImpl.java:logAppendEntries(1421)) - s2@group-EA982605F2E5: receive appendEntries(s1, 2, (t:2, i:0), 4, true, commits:[s1:c4, s0:c4, s2:c0], cId:898, entries: [(t:2, i:1), STATEMACHINELOGENTRY, 0@client-2EFB324ADA71, (t:2, i:2), METADATAENTRY(c:1), (t:2, i:3), STATEMACHINELOGENTRY, 999@client-AE8279CAF820, (t:2, i:4), METADATAENTRY(c:3)]
2022-11-08 19:12:08,737 [s2-server-thread1] INFO  server.RaftServer$Division (RaftServerImpl.java:checkInconsistentAppendEntries(1602)) - s2@group-EA982605F2E5: Failed appendEntries as previous log entry ((t:2, i:0)) is not found
2022-11-08 19:12:08,737 [s2-server-thread1] INFO  server.RaftServer$Division (RaftServerImpl.java:checkInconsistentAppendEntries(1572)) - s2@group-EA982605F2E5: inconsistency entries. Reply:s1<-s2#898:FAIL-t2,INCONSISTENCY,nextIndex=0,followerCommit=0,matchIndex=-1
2022-11-08 19:12:08,738 [grpc-default-executor-3] INFO  leader.FollowerInfo (FollowerInfoImpl.java:lambda$new$0(48)) - s1@group-EA982605F2E5->s2: nextIndex: updateUnconditionally 5 -> 0
2022-11-08 19:12:08,739 [s2-server-thread2] DEBUG server.RaftServer$Division (RaftServerImpl.java:logAppendEntries(1421)) - s2@group-EA982605F2E5: receive appendEntries(s1, 2, null, 4, true, commits:[s1:c4, s0:c4, s2:c0], cId:899, entries: [(t:2, i:0), CONFIGURATIONENTRY(current:id: "s0"
address: "localhost:34297"
dataStreamAddress: "localhost:43983"
clientAddress: "localhost:39609"
adminAddress: "localhost:37077"
startupRole: FOLLOWER
,id: "s1"
address: "localhost:38917"
dataStreamAddress: "localhost:45719"
clientAddress: "localhost:36975"
adminAddress: "localhost:40635"
startupRole: FOLLOWER
,id: "s2"
address: "localhost:35511"
dataStreamAddress: "localhost:38827"
clientAddress: "localhost:42865"
adminAddress: "localhost:36791"
startupRole: FOLLOWER
, old:), (t:2, i:1), STATEMACHINELOGENTRY, 0@client-2EFB324ADA71, (t:2, i:2), METADATAENTRY(c:1), (t:2, i:3), STATEMACHINELOGENTRY, 999@client-AE8279CAF820, (t:2, i:4), METADATAENTRY(c:3)]
2022-11-08 19:12:08,739 [s2-server-thread2] INFO  server.RaftServer$Division (RaftServerImpl.java:checkInconsistentAppendEntries(1592)) - s2@group-EA982605F2E5: Failed appendEntries as the first entry (index 0) already exists (snapshotIndex: -1, commitIndex: 0)
2022-11-08 19:12:08,739 [s2-server-thread2] INFO  server.RaftServer$Division (RaftServerImpl.java:checkInconsistentAppendEntries(1572)) - s2@group-EA982605F2E5: inconsistency entries. Reply:s1<-s2#899:FAIL-t2,INCONSISTENCY,nextIndex=1,followerCommit=0,matchIndex=-1
2022-11-08 19:12:08,739 [grpc-default-executor-3] INFO  leader.FollowerInfo (FollowerInfoImpl.java:lambda$new$0(48)) - s1@group-EA982605F2E5->s2: nextIndex: updateUnconditionally 5 -> 1
2022-11-08 19:12:08,740 [s2-server-thread2] DEBUG server.RaftServer$Division (RaftServerImpl.java:logAppendEntries(1421)) - s2@group-EA982605F2E5: receive appendEntries(s1, 2, (t:2, i:0), 4, true, commits:[s1:c4, s0:c4, s2:c0], cId:900, entries: [(t:2, i:1), STATEMACHINELOGENTRY, 0@client-2EFB324ADA71, (t:2, i:2), METADATAENTRY(c:1), (t:2, i:3), STATEMACHINELOGENTRY, 999@client-AE8279CAF820, (t:2, i:4), METADATAENTRY(c:3)]
2022-11-08 19:12:08,740 [s2-server-thread2] INFO  server.RaftServer$Division (RaftServerImpl.java:checkInconsistentAppendEntries(1602)) - s2@group-EA982605F2E5: Failed appendEntries as previous log entry ((t:2, i:0)) is not found
2022-11-08 19:12:08,740 [s2-server-thread2] INFO  server.RaftServer$Division (RaftServerImpl.java:checkInconsistentAppendEntries(1572)) - s2@group-EA982605F2E5: inconsistency entries. Reply:s1<-s2#900:FAIL-t2,INCONSISTENCY,nextIndex=0,followerCommit=0,matchIndex=-1
2022-11-08 19:12:08,740 [grpc-default-executor-3] INFO  leader.FollowerInfo (FollowerInfoImpl.java:lambda$new$0(48)) - s1@group-EA982605F2E5->s2: nextIndex: updateUnconditionally 5 -> 0
2022-11-08 19:12:08,742 [s2-server-thread2] DEBUG server.RaftServer$Division (RaftServerImpl.java:logAppendEntries(1421)) - s2@group-EA982605F2E5: receive appendEntries(s1, 2, null, 4, true, commits:[s1:c4, s0:c4, s2:c0], cId:901, entries: [(t:2, i:0), CONFIGURATIONENTRY(current:id: "s0"
address: "localhost:34297"
dataStreamAddress: "localhost:43983"
clientAddress: "localhost:39609"
adminAddress: "localhost:37077"
startupRole: FOLLOWER
,id: "s1"
address: "localhost:38917"
dataStreamAddress: "localhost:45719"
clientAddress: "localhost:36975"
adminAddress: "localhost:40635"
startupRole: FOLLOWER
,id: "s2"
address: "localhost:35511"
dataStreamAddress: "localhost:38827"
clientAddress: "localhost:42865"
adminAddress: "localhost:36791"
startupRole: FOLLOWER
, old:), (t:2, i:1), STATEMACHINELOGENTRY, 0@client-2EFB324ADA71, (t:2, i:2), METADATAENTRY(c:1), (t:2, i:3), STATEMACHINELOGENTRY, 999@client-AE8279CAF820, (t:2, i:4), METADATAENTRY(c:3)]
2022-11-08 19:12:08,742 [s2-server-thread2] INFO  server.RaftServer$Division (RaftServerImpl.java:checkInconsistentAppendEntries(1592)) - s2@group-EA982605F2E5: Failed appendEntries as the first entry (index 0) already exists (snapshotIndex: -1, commitIndex: 0)
2022-11-08 19:12:08,742 [s2-server-thread2] INFO  server.RaftServer$Division (RaftServerImpl.java:checkInconsistentAppendEntries(1572)) - s2@group-EA982605F2E5: inconsistency entries. Reply:s1<-s2#901:FAIL-t2,INCONSISTENCY,nextIndex=1,followerCommit=0,matchIndex=-1
2022-11-08 19:12:08,742 [grpc-default-executor-0] INFO  leader.FollowerInfo (FollowerInfoImpl.java:lambda$new$0(48)) - s1@group-EA982605F2E5->s2: nextIndex: updateUnconditionally 5 -> 1
2022-11-08 19:12:08,743 [s2-server-thread2] DEBUG server.RaftServer$Division (RaftServerImpl.java:logAppendEntries(1421)) - s2@group-EA982605F2E5: receive appendEntries(s1, 2, (t:2, i:0), 4, true, commits:[s1:c4, s0:c4, s2:c0], cId:902, entries: [(t:2, i:1), STATEMACHINELOGENTRY, 0@client-2EFB324ADA71, (t:2, i:2), METADATAENTRY(c:1), (t:2, i:3), STATEMACHINELOGENTRY, 999@client-AE8279CAF820, (t:2, i:4), METADATAENTRY(c:3)]
2022-11-08 19:12:08,743 [s2-server-thread2] INFO  server.RaftServer$Division (RaftServerImpl.java:checkInconsistentAppendEntries(1602)) - s2@group-EA982605F2E5: Failed appendEntries as previous log entry ((t:2, i:0)) is not found
2022-11-08 19:12:08,743 [s2-server-thread2] INFO  server.RaftServer$Division (RaftServerImpl.java:checkInconsistentAppendEntries(1572)) - s2@group-EA982605F2E5: inconsistency entries. Reply:s1<-s2#902:FAIL-t2,INCONSISTENCY,nextIndex=0,followerCommit=0,matchIndex=-1
2022-11-08 19:12:08,744 [grpc-default-executor-0] INFO  leader.FollowerInfo (FollowerInfoImpl.java:lambda$new$0(48)) - s1@group-EA982605F2E5->s2: nextIndex: updateUnconditionally 5 -> 0
2022-11-08 19:12:08,745 [s2-server-thread1] DEBUG server.RaftServer$Division (RaftServerImpl.java:logAppendEntries(1421)) - s2@group-EA982605F2E5: receive appendEntries(s1, 2, null, 4, true, commits:[s1:c4, s0:c4, s2:c0], cId:903, entries: [(t:2, i:0), CONFIGURATIONENTRY(current:id: "s0"
address: "localhost:34297"
dataStreamAddress: "localhost:43983"
clientAddress: "localhost:39609"
adminAddress: "localhost:37077"
startupRole: FOLLOWER
,id: "s1"
address: "localhost:38917"
dataStreamAddress: "localhost:45719"
clientAddress: "localhost:36975"
adminAddress: "localhost:40635"
startupRole: FOLLOWER
,id: "s2"
address: "localhost:35511"
dataStreamAddress: "localhost:38827"
clientAddress: "localhost:42865"
adminAddress: "localhost:36791"
startupRole: FOLLOWER
, old:), (t:2, i:1), STATEMACHINELOGENTRY, 0@client-2EFB324ADA71, (t:2, i:2), METADATAENTRY(c:1), (t:2, i:3), STATEMACHINELOGENTRY, 999@client-AE8279CAF820, (t:2, i:4), METADATAENTRY(c:3)]
2022-11-08 19:12:08,745 [s2-server-thread1] INFO  server.RaftServer$Division (RaftServerImpl.java:checkInconsistentAppendEntries(1592)) - s2@group-EA982605F2E5: Failed appendEntries as the first entry (index 0) already exists (snapshotIndex: -1, commitIndex: 0)
2022-11-08 19:12:08,745 [s2-server-thread1] INFO  server.RaftServer$Division (RaftServerImpl.java:checkInconsistentAppendEntries(1572)) - s2@group-EA982605F2E5: inconsistency entries. Reply:s1<-s2#903:FAIL-t2,INCONSISTENCY,nextIndex=1,followerCommit=0,matchIndex=-1
2022-11-08 19:12:08,745 [grpc-default-executor-0] INFO  leader.FollowerInfo (FollowerInfoImpl.java:lambda$new$0(48)) - s1@group-EA982605F2E5->s2: nextIndex: updateUnconditionally 5 -> 1
2022-11-08 19:12:08,746 [s2-server-thread2] DEBUG server.RaftServer$Division (RaftServerImpl.java:logAppendEntries(1421)) - s2@group-EA982605F2E5: receive appendEntries(s1, 2, (t:2, i:0), 4, true, commits:[s1:c4, s0:c4, s2:c0], cId:904, entries: [(t:2, i:1), STATEMACHINELOGENTRY, 0@client-2EFB324ADA71, (t:2, i:2), METADATAENTRY(c:1), (t:2, i:3), STATEMACHINELOGENTRY, 999@client-AE8279CAF820, (t:2, i:4), METADATAENTRY(c:3)]
2022-11-08 19:12:08,746 [s2-server-thread2] INFO  server.RaftServer$Division (RaftServerImpl.java:checkInconsistentAppendEntries(1602)) - s2@group-EA982605F2E5: Failed appendEntries as previous log entry ((t:2, i:0)) is not found
2022-11-08 19:12:08,746 [s2-server-thread2] INFO  server.RaftServer$Division (RaftServerImpl.java:checkInconsistentAppendEntries(1572)) - s2@group-EA982605F2E5: inconsistency entries. Reply:s1<-s2#904:FAIL-t2,INCONSISTENCY,nextIndex=0,followerCommit=0,matchIndex=-1
2022-11-08 19:12:08,746 [grpc-default-executor-0] INFO  leader.FollowerInfo (FollowerInfoImpl.java:lambda$new$0(48)) - s1@group-EA982605F2E5->s2: nextIndex: updateUnconditionally 5 -> 0
2022-11-08 19:12:08,747 [s2-server-thread2] DEBUG server.RaftServer$Division (RaftServerImpl.java:logAppendEntries(1421)) - s2@group-EA982605F2E5: receive appendEntries(s1, 2, null, 4, true, commits:[s1:c4, s0:c4, s2:c0], cId:905, entries: [(t:2, i:0), CONFIGURATIONENTRY(current:id: "s0"
address: "localhost:34297"
dataStreamAddress: "localhost:43983"
clientAddress: "localhost:39609"
adminAddress: "localhost:37077"
startupRole: FOLLOWER
,id: "s1"
address: "localhost:38917"
dataStreamAddress: "localhost:45719"
clientAddress: "localhost:36975"
adminAddress: "localhost:40635"
startupRole: FOLLOWER
,id: "s2"
address: "localhost:35511"
dataStreamAddress: "localhost:38827"
clientAddress: "localhost:42865"
adminAddress: "localhost:36791"
startupRole: FOLLOWER
, old:), (t:2, i:1), STATEMACHINELOGENTRY, 0@client-2EFB324ADA71, (t:2, i:2), METADATAENTRY(c:1), (t:2, i:3), STATEMACHINELOGENTRY, 999@client-AE8279CAF820, (t:2, i:4), METADATAENTRY(c:3)]
2022-11-08 19:12:08,747 [s2-server-thread2] INFO  server.RaftServer$Division (RaftServerImpl.java:checkInconsistentAppendEntries(1592)) - s2@group-EA982605F2E5: Failed appendEntries as the first entry (index 0) already exists (snapshotIndex: -1, commitIndex: 0)
2022-11-08 19:12:08,747 [s2-server-thread2] INFO  server.RaftServer$Division (RaftServerImpl.java:checkInconsistentAppendEntries(1572)) - s2@group-EA982605F2E5: inconsistency entries. Reply:s1<-s2#905:FAIL-t2,INCONSISTENCY,nextIndex=1,followerCommit=0,matchIndex=-1
2022-11-08 19:12:08,747 [grpc-default-executor-0] INFO  leader.FollowerInfo (FollowerInfoImpl.java:lambda$new$0(48)) - s1@group-EA982605F2E5->s2: nextIndex: updateUnconditionally 5 -> 1
2022-11-08 19:12:08,748 [s2-server-thread2] DEBUG server.RaftServer$Division (RaftServerImpl.java:logAppendEntries(1421)) - s2@group-EA982605F2E5: receive appendEntries(s1, 2, (t:2, i:0), 4, true, commits:[s1:c4, s0:c4, s2:c0], cId:906, entries: [(t:2, i:1), STATEMACHINELOGENTRY, 0@client-2EFB324ADA71, (t:2, i:2), METADATAENTRY(c:1), (t:2, i:3), STATEMACHINELOGENTRY, 999@client-AE8279CAF820, (t:2, i:4), METADATAENTRY(c:3)]
2022-11-08 19:12:08,748 [s2-server-thread2] INFO  server.RaftServer$Division (RaftServerImpl.java:checkInconsistentAppendEntries(1602)) - s2@group-EA982605F2E5: Failed appendEntries as previous log entry ((t:2, i:0)) is not found
2022-11-08 19:12:08,748 [s2-server-thread2] INFO  server.RaftServer$Division (RaftServerImpl.java:checkInconsistentAppendEntries(1572)) - s2@group-EA982605F2E5: inconsistency entries. Reply:s1<-s2#906:FAIL-t2,INCONSISTENCY,nextIndex=0,followerCommit=0,matchIndex=-1
2022-11-08 19:12:08,749 [grpc-default-executor-0] INFO  leader.FollowerInfo (FollowerInfoImpl.java:lambda$new$0(48)) - s1@group-EA982605F2E5->s2: nextIndex: updateUnconditionally 5 -> 0
2022-11-08 19:12:08,749 [s2-server-thread1] DEBUG server.RaftServer$Division (RaftServerImpl.java:logAppendEntries(1421)) - s2@group-EA982605F2E5: receive appendEntries(s1, 2, null, 4, true, commits:[s1:c4, s0:c4, s2:c0], cId:907, entries: [(t:2, i:0), CONFIGURATIONENTRY(current:id: "s0"
address: "localhost:34297"
dataStreamAddress: "localhost:43983"
clientAddress: "localhost:39609"
adminAddress: "localhost:37077"
startupRole: FOLLOWER
,id: "s1"
address: "localhost:38917"
dataStreamAddress: "localhost:45719"
clientAddress: "localhost:36975"
adminAddress: "localhost:40635"
startupRole: FOLLOWER
,id: "s2"
address: "localhost:35511"
dataStreamAddress: "localhost:38827"
clientAddress: "localhost:42865"
adminAddress: "localhost:36791"
startupRole: FOLLOWER
, old:), (t:2, i:1), STATEMACHINELOGENTRY, 0@client-2EFB324ADA71, (t:2, i:2), METADATAENTRY(c:1), (t:2, i:3), STATEMACHINELOGENTRY, 999@client-AE8279CAF820, (t:2, i:4), METADATAENTRY(c:3)]
2022-11-08 19:12:08,749 [s2-server-thread1] INFO  server.RaftServer$Division (RaftServerImpl.java:checkInconsistentAppendEntries(1592)) - s2@group-EA982605F2E5: Failed appendEntries as the first entry (index 0) already exists (snapshotIndex: -1, commitIndex: 0)
2022-11-08 19:12:08,749 [s2-server-thread1] INFO  server.RaftServer$Division (RaftServerImpl.java:checkInconsistentAppendEntries(1572)) - s2@group-EA982605F2E5: inconsistency entries. Reply:s1<-s2#907:FAIL-t2,INCONSISTENCY,nextIndex=1,followerCommit=0,matchIndex=-1
2022-11-08 19:12:08,750 [grpc-default-executor-0] INFO  leader.FollowerInfo (FollowerInfoImpl.java:lambda$new$0(48)) - s1@group-EA982605F2E5->s2: nextIndex: updateUnconditionally 5 -> 1
2022-11-08 19:12:08,750 [s2-server-thread2] DEBUG server.RaftServer$Division (RaftServerImpl.java:logAppendEntries(1421)) - s2@group-EA982605F2E5: receive appendEntries(s1, 2, (t:2, i:0), 4, true, commits:[s1:c4, s0:c4, s2:c0], cId:908, entries: [(t:2, i:1), STATEMACHINELOGENTRY, 0@client-2EFB324ADA71, (t:2, i:2), METADATAENTRY(c:1), (t:2, i:3), STATEMACHINELOGENTRY, 999@client-AE8279CAF820, (t:2, i:4), METADATAENTRY(c:3)]
2022-11-08 19:12:08,751 [s2-server-thread2] INFO  server.RaftServer$Division (RaftServerImpl.java:checkInconsistentAppendEntries(1602)) - s2@group-EA982605F2E5: Failed appendEntries as previous log entry ((t:2, i:0)) is not found
2022-11-08 19:12:08,751 [s2-server-thread2] INFO  server.RaftServer$Division (RaftServerImpl.java:checkInconsistentAppendEntries(1572)) - s2@group-EA982605F2E5: inconsistency entries. Reply:s1<-s2#908:FAIL-t2,INCONSISTENCY,nextIndex=0,followerCommit=0,matchIndex=-1
2022-11-08 19:12:08,751 [grpc-default-executor-0] INFO  leader.FollowerInfo (FollowerInfoImpl.java:lambda$new$0(48)) - s1@group-EA982605F2E5->s2: nextIndex: updateUnconditionally 5 -> 0
2022-11-08 19:12:08,752 [s2-server-thread2] DEBUG server.RaftServer$Division (RaftServerImpl.java:logAppendEntries(1421)) - s2@group-EA982605F2E5: receive appendEntries(s1, 2, null, 4, true, commits:[s1:c4, s0:c4, s2:c0], cId:909, entries: [(t:2, i:0), CONFIGURATIONENTRY(current:id: "s0"
address: "localhost:34297"
dataStreamAddress: "localhost:43983"
clientAddress: "localhost:39609"
adminAddress: "localhost:37077"
startupRole: FOLLOWER
,id: "s1"
address: "localhost:38917"
dataStreamAddress: "localhost:45719"
clientAddress: "localhost:36975"
adminAddress: "localhost:40635"
startupRole: FOLLOWER
,id: "s2"
address: "localhost:35511"
dataStreamAddress: "localhost:38827"
clientAddress: "localhost:42865"
adminAddress: "localhost:36791"
startupRole: FOLLOWER
, old:), (t:2, i:1), STATEMACHINELOGENTRY, 0@client-2EFB324ADA71, (t:2, i:2), METADATAENTRY(c:1), (t:2, i:3), STATEMACHINELOGENTRY, 999@client-AE8279CAF820, (t:2, i:4), METADATAENTRY(c:3)]
2022-11-08 19:12:08,752 [s2-server-thread2] INFO  server.RaftServer$Division (RaftServerImpl.java:checkInconsistentAppendEntries(1592)) - s2@group-EA982605F2E5: Failed appendEntries as the first entry (index 0) already exists (snapshotIndex: -1, commitIndex: 0)
2022-11-08 19:12:08,752 [s2-server-thread2] INFO  server.RaftServer$Division (RaftServerImpl.java:checkInconsistentAppendEntries(1572)) - s2@group-EA982605F2E5: inconsistency entries. Reply:s1<-s2#909:FAIL-t2,INCONSISTENCY,nextIndex=1,followerCommit=0,matchIndex=-1
2022-11-08 19:12:08,753 [grpc-default-executor-0] INFO  leader.FollowerInfo (FollowerInfoImpl.java:lambda$new$0(48)) - s1@group-EA982605F2E5->s2: nextIndex: updateUnconditionally 5 -> 1
2022-11-08 19:12:08,753 [s2-server-thread2] DEBUG server.RaftServer$Division (RaftServerImpl.java:logAppendEntries(1421)) - s2@group-EA982605F2E5: receive appendEntries(s1, 2, (t:2, i:0), 4, true, commits:[s1:c4, s0:c4, s2:c0], cId:910, entries: [(t:2, i:1), STATEMACHINELOGENTRY, 0@client-2EFB324ADA71, (t:2, i:2), METADATAENTRY(c:1), (t:2, i:3), STATEMACHINELOGENTRY, 999@client-AE8279CAF820, (t:2, i:4), METADATAENTRY(c:3)]
2022-11-08 19:12:08,753 [s2-server-thread2] INFO  server.RaftServer$Division (RaftServerImpl.java:checkInconsistentAppendEntries(1602)) - s2@group-EA982605F2E5: Failed appendEntries as previous log entry ((t:2, i:0)) is not found
2022-11-08 19:12:08,753 [s2-server-thread2] INFO  server.RaftServer$Division (RaftServerImpl.java:checkInconsistentAppendEntries(1572)) - s2@group-EA982605F2E5: inconsistency entries. Reply:s1<-s2#910:FAIL-t2,INCONSISTENCY,nextIndex=0,followerCommit=0,matchIndex=-1
2022-11-08 19:12:08,754 [grpc-default-executor-0] INFO  leader.FollowerInfo (FollowerInfoImpl.java:lambda$new$0(48)) - s1@group-EA982605F2E5->s2: nextIndex: updateUnconditionally 5 -> 0
2022-11-08 19:12:08,754 [s2-server-thread2] DEBUG server.RaftServer$Division (RaftServerImpl.java:logAppendEntries(1421)) - s2@group-EA982605F2E5: receive appendEntries(s1, 2, null, 4, true, commits:[s1:c4, s0:c4, s2:c0], cId:911, entries: [(t:2, i:0), CONFIGURATIONENTRY(current:id: "s0"
address: "localhost:34297"
dataStreamAddress: "localhost:43983"
clientAddress: "localhost:39609"
adminAddress: "localhost:37077"
startupRole: FOLLOWER
,id: "s1"
address: "localhost:38917"
dataStreamAddress: "localhost:45719"
clientAddress: "localhost:36975"
adminAddress: "localhost:40635"
startupRole: FOLLOWER
,id: "s2"
address: "localhost:35511"
dataStreamAddress: "localhost:38827"
clientAddress: "localhost:42865"
adminAddress: "localhost:36791"
startupRole: FOLLOWER
, old:), (t:2, i:1), STATEMACHINELOGENTRY, 0@client-2EFB324ADA71, (t:2, i:2), METADATAENTRY(c:1), (t:2, i:3), STATEMACHINELOGENTRY, 999@client-AE8279CAF820, (t:2, i:4), METADATAENTRY(c:3)]
2022-11-08 19:12:08,755 [s2-server-thread2] INFO  server.RaftServer$Division (RaftServerImpl.java:checkInconsistentAppendEntries(1592)) - s2@group-EA982605F2E5: Failed appendEntries as the first entry (index 0) already exists (snapshotIndex: -1, commitIndex: 0)
2022-11-08 19:12:08,755 [s2-server-thread2] INFO  server.RaftServer$Division (RaftServerImpl.java:checkInconsistentAppendEntries(1572)) - s2@group-EA982605F2E5: inconsistency entries. Reply:s1<-s2#911:FAIL-t2,INCONSISTENCY,nextIndex=1,followerCommit=0,matchIndex=-1
2022-11-08 19:12:08,755 [grpc-default-executor-0] INFO  leader.FollowerInfo (FollowerInfoImpl.java:lambda$new$0(48)) - s1@group-EA982605F2E5->s2: nextIndex: updateUnconditionally 5 -> 1
2022-11-08 19:12:08,756 [s2-server-thread2] DEBUG server.RaftServer$Division (RaftServerImpl.java:logAppendEntries(1421)) - s2@group-EA982605F2E5: receive appendEntries(s1, 2, (t:2, i:0), 4, true, commits:[s1:c4, s0:c4, s2:c0], cId:912, entries: [(t:2, i:1), STATEMACHINELOGENTRY, 0@client-2EFB324ADA71, (t:2, i:2), METADATAENTRY(c:1), (t:2, i:3), STATEMACHINELOGENTRY, 999@client-AE8279CAF820, (t:2, i:4), METADATAENTRY(c:3)]
2022-11-08 19:12:08,756 [s2-server-thread2] INFO  server.RaftServer$Division (RaftServerImpl.java:checkInconsistentAppendEntries(1602)) - s2@group-EA982605F2E5: Failed appendEntries as previous log entry ((t:2, i:0)) is not found
2022-11-08 19:12:08,756 [s2-server-thread2] INFO  server.RaftServer$Division (RaftServerImpl.java:checkInconsistentAppendEntries(1572)) - s2@group-EA982605F2E5: inconsistency entries. Reply:s1<-s2#912:FAIL-t2,INCONSISTENCY,nextIndex=0,followerCommit=0,matchIndex=-1
2022-11-08 19:12:08,756 [grpc-default-executor-0] INFO  leader.FollowerInfo (FollowerInfoImpl.java:lambda$new$0(48)) - s1@group-EA982605F2E5->s2: nextIndex: updateUnconditionally 5 -> 0
2022-11-08 19:12:08,757 [s2-server-thread2] DEBUG server.RaftServer$Division (RaftServerImpl.java:logAppendEntries(1421)) - s2@group-EA982605F2E5: receive appendEntries(s1, 2, null, 4, true, commits:[s1:c4, s0:c4, s2:c0], cId:913, entries: [(t:2, i:0), CONFIGURATIONENTRY(current:id: "s0"
address: "localhost:34297"
dataStreamAddress: "localhost:43983"
clientAddress: "localhost:39609"
adminAddress: "localhost:37077"
startupRole: FOLLOWER
,id: "s1"
address: "localhost:38917"
dataStreamAddress: "localhost:45719"
clientAddress: "localhost:36975"
adminAddress: "localhost:40635"
startupRole: FOLLOWER
,id: "s2"
address: "localhost:35511"
dataStreamAddress: "localhost:38827"
clientAddress: "localhost:42865"
adminAddress: "localhost:36791"
startupRole: FOLLOWER
, old:), (t:2, i:1), STATEMACHINELOGENTRY, 0@client-2EFB324ADA71, (t:2, i:2), METADATAENTRY(c:1), (t:2, i:3), STATEMACHINELOGENTRY, 999@client-AE8279CAF820, (t:2, i:4), METADATAENTRY(c:3)]
2022-11-08 19:12:08,757 [s2-server-thread2] INFO  server.RaftServer$Division (RaftServerImpl.java:checkInconsistentAppendEntries(1592)) - s2@group-EA982605F2E5: Failed appendEntries as the first entry (index 0) already exists (snapshotIndex: -1, commitIndex: 0)
2022-11-08 19:12:08,757 [s2-server-thread2] INFO  server.RaftServer$Division (RaftServerImpl.java:checkInconsistentAppendEntries(1572)) - s2@group-EA982605F2E5: inconsistency entries. Reply:s1<-s2#913:FAIL-t2,INCONSISTENCY,nextIndex=1,followerCommit=0,matchIndex=-1
2022-11-08 19:12:08,757 [grpc-default-executor-0] INFO  leader.FollowerInfo (FollowerInfoImpl.java:lambda$new$0(48)) - s1@group-EA982605F2E5->s2: nextIndex: updateUnconditionally 5 -> 1
2022-11-08 19:12:08,758 [s2-server-thread1] DEBUG server.RaftServer$Division (RaftServerImpl.java:logAppendEntries(1421)) - s2@group-EA982605F2E5: receive appendEntries(s1, 2, (t:2, i:0), 4, true, commits:[s1:c4, s0:c4, s2:c0], cId:914, entries: [(t:2, i:1), STATEMACHINELOGENTRY, 0@client-2EFB324ADA71, (t:2, i:2), METADATAENTRY(c:1), (t:2, i:3), STATEMACHINELOGENTRY, 999@client-AE8279CAF820, (t:2, i:4), METADATAENTRY(c:3)]
2022-11-08 19:12:08,758 [s2-server-thread1] INFO  server.RaftServer$Division (RaftServerImpl.java:checkInconsistentAppendEntries(1602)) - s2@group-EA982605F2E5: Failed appendEntries as previous log entry ((t:2, i:0)) is not found
2022-11-08 19:12:08,758 [s2-server-thread1] INFO  server.RaftServer$Division (RaftServerImpl.java:checkInconsistentAppendEntries(1572)) - s2@group-EA982605F2E5: inconsistency entries. Reply:s1<-s2#914:FAIL-t2,INCONSISTENCY,nextIndex=0,followerCommit=0,matchIndex=-1
2022-11-08 19:12:08,759 [grpc-default-executor-0] INFO  leader.FollowerInfo (FollowerInfoImpl.java:lambda$new$0(48)) - s1@group-EA982605F2E5->s2: nextIndex: updateUnconditionally 5 -> 0
2022-11-08 19:12:08,759 [s2-server-thread2] DEBUG server.RaftServer$Division (RaftServerImpl.java:logAppendEntries(1421)) - s2@group-EA982605F2E5: receive appendEntries(s1, 2, null, 4, true, commits:[s1:c4, s0:c4, s2:c0], cId:915, entries: [(t:2, i:0), CONFIGURATIONENTRY(current:id: "s0"
address: "localhost:34297"
dataStreamAddress: "localhost:43983"
clientAddress: "localhost:39609"
adminAddress: "localhost:37077"
startupRole: FOLLOWER
,id: "s1"
address: "localhost:38917"
dataStreamAddress: "localhost:45719"
clientAddress: "localhost:36975"
adminAddress: "localhost:40635"
startupRole: FOLLOWER
,id: "s2"
address: "localhost:35511"
dataStreamAddress: "localhost:38827"
clientAddress: "localhost:42865"
adminAddress: "localhost:36791"
startupRole: FOLLOWER
, old:), (t:2, i:1), STATEMACHINELOGENTRY, 0@client-2EFB324ADA71, (t:2, i:2), METADATAENTRY(c:1), (t:2, i:3), STATEMACHINELOGENTRY, 999@client-AE8279CAF820, (t:2, i:4), METADATAENTRY(c:3)]
2022-11-08 19:12:08,759 [s2-server-thread2] INFO  server.RaftServer$Division (RaftServerImpl.java:checkInconsistentAppendEntries(1592)) - s2@group-EA982605F2E5: Failed appendEntries as the first entry (index 0) already exists (snapshotIndex: -1, commitIndex: 0)
2022-11-08 19:12:08,759 [s2-server-thread2] INFO  server.RaftServer$Division (RaftServerImpl.java:checkInconsistentAppendEntries(1572)) - s2@group-EA982605F2E5: inconsistency entries. Reply:s1<-s2#915:FAIL-t2,INCONSISTENCY,nextIndex=1,followerCommit=0,matchIndex=-1
2022-11-08 19:12:08,760 [grpc-default-executor-0] INFO  leader.FollowerInfo (FollowerInfoImpl.java:lambda$new$0(48)) - s1@group-EA982605F2E5->s2: nextIndex: updateUnconditionally 5 -> 1
2022-11-08 19:12:08,760 [s2-server-thread2] DEBUG server.RaftServer$Division (RaftServerImpl.java:logAppendEntries(1421)) - s2@group-EA982605F2E5: receive appendEntries(s1, 2, (t:2, i:0), 4, true, commits:[s1:c4, s0:c4, s2:c0], cId:916, entries: [(t:2, i:1), STATEMACHINELOGENTRY, 0@client-2EFB324ADA71, (t:2, i:2), METADATAENTRY(c:1), (t:2, i:3), STATEMACHINELOGENTRY, 999@client-AE8279CAF820, (t:2, i:4), METADATAENTRY(c:3)]
2022-11-08 19:12:08,761 [s2-server-thread2] INFO  server.RaftServer$Division (RaftServerImpl.java:checkInconsistentAppendEntries(1602)) - s2@group-EA982605F2E5: Failed appendEntries as previous log entry ((t:2, i:0)) is not found
2022-11-08 19:12:08,761 [s2-server-thread2] INFO  server.RaftServer$Division (RaftServerImpl.java:checkInconsistentAppendEntries(1572)) - s2@group-EA982605F2E5: inconsistency entries. Reply:s1<-s2#916:FAIL-t2,INCONSISTENCY,nextIndex=0,followerCommit=0,matchIndex=-1
2022-11-08 19:12:08,761 [grpc-default-executor-0] INFO  leader.FollowerInfo (FollowerInfoImpl.java:lambda$new$0(48)) - s1@group-EA982605F2E5->s2: nextIndex: updateUnconditionally 5 -> 0
2022-11-08 19:12:08,762 [s2-server-thread2] DEBUG server.RaftServer$Division (RaftServerImpl.java:logAppendEntries(1421)) - s2@group-EA982605F2E5: receive appendEntries(s1, 2, null, 4, true, commits:[s1:c4, s0:c4, s2:c0], cId:917, entries: [(t:2, i:0), CONFIGURATIONENTRY(current:id: "s0"
address: "localhost:34297"
dataStreamAddress: "localhost:43983"
clientAddress: "localhost:39609"
adminAddress: "localhost:37077"
startupRole: FOLLOWER
,id: "s1"
address: "localhost:38917"
dataStreamAddress: "localhost:45719"
clientAddress: "localhost:36975"
adminAddress: "localhost:40635"
startupRole: FOLLOWER
,id: "s2"
address: "localhost:35511"
dataStreamAddress: "localhost:38827"
clientAddress: "localhost:42865"
adminAddress: "localhost:36791"
startupRole: FOLLOWER
, old:), (t:2, i:1), STATEMACHINELOGENTRY, 0@client-2EFB324ADA71, (t:2, i:2), METADATAENTRY(c:1), (t:2, i:3), STATEMACHINELOGENTRY, 999@client-AE8279CAF820, (t:2, i:4), METADATAENTRY(c:3)]
2022-11-08 19:12:08,762 [s2-server-thread2] INFO  server.RaftServer$Division (RaftServerImpl.java:checkInconsistentAppendEntries(1592)) - s2@group-EA982605F2E5: Failed appendEntries as the first entry (index 0) already exists (snapshotIndex: -1, commitIndex: 0)
2022-11-08 19:12:08,762 [s2-server-thread2] INFO  server.RaftServer$Division (RaftServerImpl.java:checkInconsistentAppendEntries(1572)) - s2@group-EA982605F2E5: inconsistency entries. Reply:s1<-s2#917:FAIL-t2,INCONSISTENCY,nextIndex=1,followerCommit=0,matchIndex=-1
2022-11-08 19:12:08,762 [grpc-default-executor-0] INFO  leader.FollowerInfo (FollowerInfoImpl.java:lambda$new$0(48)) - s1@group-EA982605F2E5->s2: nextIndex: updateUnconditionally 5 -> 1
2022-11-08 19:12:08,763 [s2-server-thread2] DEBUG server.RaftServer$Division (RaftServerImpl.java:logAppendEntries(1421)) - s2@group-EA982605F2E5: receive appendEntries(s1, 2, (t:2, i:0), 4, true, commits:[s1:c4, s0:c4, s2:c0], cId:918, entries: [(t:2, i:1), STATEMACHINELOGENTRY, 0@client-2EFB324ADA71, (t:2, i:2), METADATAENTRY(c:1), (t:2, i:3), STATEMACHINELOGENTRY, 999@client-AE8279CAF820, (t:2, i:4), METADATAENTRY(c:3)]
2022-11-08 19:12:08,763 [s2-server-thread2] INFO  server.RaftServer$Division (RaftServerImpl.java:checkInconsistentAppendEntries(1602)) - s2@group-EA982605F2E5: Failed appendEntries as previous log entry ((t:2, i:0)) is not found
2022-11-08 19:12:08,763 [s2-server-thread2] INFO  server.RaftServer$Division (RaftServerImpl.java:checkInconsistentAppendEntries(1572)) - s2@group-EA982605F2E5: inconsistency entries. Reply:s1<-s2#918:FAIL-t2,INCONSISTENCY,nextIndex=0,followerCommit=0,matchIndex=-1
2022-11-08 19:12:08,763 [grpc-default-executor-0] INFO  leader.FollowerInfo (FollowerInfoImpl.java:lambda$new$0(48)) - s1@group-EA982605F2E5->s2: nextIndex: updateUnconditionally 5 -> 0
2022-11-08 19:12:08,764 [s2-server-thread2] DEBUG server.RaftServer$Division (RaftServerImpl.java:logAppendEntries(1421)) - s2@group-EA982605F2E5: receive appendEntries(s1, 2, null, 4, true, commits:[s1:c4, s0:c4, s2:c0], cId:919, entries: [(t:2, i:0), CONFIGURATIONENTRY(current:id: "s0"
address: "localhost:34297"
dataStreamAddress: "localhost:43983"
clientAddress: "localhost:39609"
adminAddress: "localhost:37077"
startupRole: FOLLOWER
,id: "s1"
address: "localhost:38917"
dataStreamAddress: "localhost:45719"
clientAddress: "localhost:36975"
adminAddress: "localhost:40635"
startupRole: FOLLOWER
,id: "s2"
address: "localhost:35511"
dataStreamAddress: "localhost:38827"
clientAddress: "localhost:42865"
adminAddress: "localhost:36791"
startupRole: FOLLOWER
, old:), (t:2, i:1), STATEMACHINELOGENTRY, 0@client-2EFB324ADA71, (t:2, i:2), METADATAENTRY(c:1), (t:2, i:3), STATEMACHINELOGENTRY, 999@client-AE8279CAF820, (t:2, i:4), METADATAENTRY(c:3)]
2022-11-08 19:12:08,764 [s2-server-thread2] INFO  server.RaftServer$Division (RaftServerImpl.java:checkInconsistentAppendEntries(1592)) - s2@group-EA982605F2E5: Failed appendEntries as the first entry (index 0) already exists (snapshotIndex: -1, commitIndex: 0)
2022-11-08 19:12:08,764 [s2-server-thread2] INFO  server.RaftServer$Division (RaftServerImpl.java:checkInconsistentAppendEntries(1572)) - s2@group-EA982605F2E5: inconsistency entries. Reply:s1<-s2#919:FAIL-t2,INCONSISTENCY,nextIndex=1,followerCommit=0,matchIndex=-1
2022-11-08 19:12:08,765 [grpc-default-executor-0] INFO  leader.FollowerInfo (FollowerInfoImpl.java:lambda$new$0(48)) - s1@group-EA982605F2E5->s2: nextIndex: updateUnconditionally 5 -> 1
2022-11-08 19:12:08,765 [s2-server-thread1] DEBUG server.RaftServer$Division (RaftServerImpl.java:logAppendEntries(1421)) - s2@group-EA982605F2E5: receive appendEntries(s1, 2, (t:2, i:0), 4, true, commits:[s1:c4, s0:c4, s2:c0], cId:920, entries: [(t:2, i:1), STATEMACHINELOGENTRY, 0@client-2EFB324ADA71, (t:2, i:2), METADATAENTRY(c:1), (t:2, i:3), STATEMACHINELOGENTRY, 999@client-AE8279CAF820, (t:2, i:4), METADATAENTRY(c:3)]
2022-11-08 19:12:08,766 [s2-server-thread1] INFO  server.RaftServer$Division (RaftServerImpl.java:checkInconsistentAppendEntries(1602)) - s2@group-EA982605F2E5: Failed appendEntries as previous log entry ((t:2, i:0)) is not found
2022-11-08 19:12:08,766 [s2-server-thread1] INFO  server.RaftServer$Division (RaftServerImpl.java:checkInconsistentAppendEntries(1572)) - s2@group-EA982605F2E5: inconsistency entries. Reply:s1<-s2#920:FAIL-t2,INCONSISTENCY,nextIndex=0,followerCommit=0,matchIndex=-1
2022-11-08 19:12:08,766 [grpc-default-executor-0] INFO  leader.FollowerInfo (FollowerInfoImpl.java:lambda$new$0(48)) - s1@group-EA982605F2E5->s2: nextIndex: updateUnconditionally 5 -> 0
2022-11-08 19:12:08,767 [s2-server-thread2] DEBUG server.RaftServer$Division (RaftServerImpl.java:logAppendEntries(1421)) - s2@group-EA982605F2E5: receive appendEntries(s1, 2, null, 4, true, commits:[s1:c4, s0:c4, s2:c0], cId:921, entries: [(t:2, i:0), CONFIGURATIONENTRY(current:id: "s0"
address: "localhost:34297"
dataStreamAddress: "localhost:43983"
clientAddress: "localhost:39609"
adminAddress: "localhost:37077"
startupRole: FOLLOWER
,id: "s1"
address: "localhost:38917"
dataStreamAddress: "localhost:45719"
clientAddress: "localhost:36975"
adminAddress: "localhost:40635"
startupRole: FOLLOWER
,id: "s2"
address: "localhost:35511"
dataStreamAddress: "localhost:38827"
clientAddress: "localhost:42865"
adminAddress: "localhost:36791"
startupRole: FOLLOWER
, old:), (t:2, i:1), STATEMACHINELOGENTRY, 0@client-2EFB324ADA71, (t:2, i:2), METADATAENTRY(c:1), (t:2, i:3), STATEMACHINELOGENTRY, 999@client-AE8279CAF820, (t:2, i:4), METADATAENTRY(c:3)]
2022-11-08 19:12:08,767 [s2-server-thread2] INFO  server.RaftServer$Division (RaftServerImpl.java:checkInconsistentAppendEntries(1592)) - s2@group-EA982605F2E5: Failed appendEntries as the first entry (index 0) already exists (snapshotIndex: -1, commitIndex: 0)
2022-11-08 19:12:08,767 [s2-server-thread2] INFO  server.RaftServer$Division (RaftServerImpl.java:checkInconsistentAppendEntries(1572)) - s2@group-EA982605F2E5: inconsistency entries. Reply:s1<-s2#921:FAIL-t2,INCONSISTENCY,nextIndex=1,followerCommit=0,matchIndex=-1
2022-11-08 19:12:08,769 [grpc-default-executor-0] INFO  leader.FollowerInfo (FollowerInfoImpl.java:lambda$new$0(48)) - s1@group-EA982605F2E5->s2: nextIndex: updateUnconditionally 5 -> 1
2022-11-08 19:12:08,769 [s2-server-thread2] DEBUG server.RaftServer$Division (RaftServerImpl.java:logAppendEntries(1421)) - s2@group-EA982605F2E5: receive appendEntries(s1, 2, (t:2, i:0), 4, true, commits:[s1:c4, s0:c4, s2:c0], cId:922, entries: [(t:2, i:1), STATEMACHINELOGENTRY, 0@client-2EFB324ADA71, (t:2, i:2), METADATAENTRY(c:1), (t:2, i:3), STATEMACHINELOGENTRY, 999@client-AE8279CAF820, (t:2, i:4), METADATAENTRY(c:3)]
2022-11-08 19:12:08,769 [s2-server-thread2] INFO  server.RaftServer$Division (RaftServerImpl.java:checkInconsistentAppendEntries(1602)) - s2@group-EA982605F2E5: Failed appendEntries as previous log entry ((t:2, i:0)) is not found
2022-11-08 19:12:08,770 [s2-server-thread2] INFO  server.RaftServer$Division (RaftServerImpl.java:checkInconsistentAppendEntries(1572)) - s2@group-EA982605F2E5: inconsistency entries. Reply:s1<-s2#922:FAIL-t2,INCONSISTENCY,nextIndex=0,followerCommit=0,matchIndex=-1
2022-11-08 19:12:08,770 [grpc-default-executor-0] INFO  leader.FollowerInfo (FollowerInfoImpl.java:lambda$new$0(48)) - s1@group-EA982605F2E5->s2: nextIndex: updateUnconditionally 5 -> 0
2022-11-08 19:12:08,771 [s2-server-thread2] DEBUG server.RaftServer$Division (RaftServerImpl.java:logAppendEntries(1421)) - s2@group-EA982605F2E5: receive appendEntries(s1, 2, null, 4, true, commits:[s1:c4, s0:c4, s2:c0], cId:923, entries: [(t:2, i:0), CONFIGURATIONENTRY(current:id: "s0"
address: "localhost:34297"
dataStreamAddress: "localhost:43983"
clientAddress: "localhost:39609"
adminAddress: "localhost:37077"
startupRole: FOLLOWER
,id: "s1"
address: "localhost:38917"
dataStreamAddress: "localhost:45719"
clientAddress: "localhost:36975"
adminAddress: "localhost:40635"
startupRole: FOLLOWER
,id: "s2"
address: "localhost:35511"
dataStreamAddress: "localhost:38827"
clientAddress: "localhost:42865"
adminAddress: "localhost:36791"
startupRole: FOLLOWER
, old:), (t:2, i:1), STATEMACHINELOGENTRY, 0@client-2EFB324ADA71, (t:2, i:2), METADATAENTRY(c:1), (t:2, i:3), STATEMACHINELOGENTRY, 999@client-AE8279CAF820, (t:2, i:4), METADATAENTRY(c:3)]
2022-11-08 19:12:08,771 [s2-server-thread2] INFO  server.RaftServer$Division (RaftServerImpl.java:checkInconsistentAppendEntries(1592)) - s2@group-EA982605F2E5: Failed appendEntries as the first entry (index 0) already exists (snapshotIndex: -1, commitIndex: 0)
2022-11-08 19:12:08,771 [s2-server-thread2] INFO  server.RaftServer$Division (RaftServerImpl.java:checkInconsistentAppendEntries(1572)) - s2@group-EA982605F2E5: inconsistency entries. Reply:s1<-s2#923:FAIL-t2,INCONSISTENCY,nextIndex=1,followerCommit=0,matchIndex=-1
2022-11-08 19:12:08,772 [grpc-default-executor-0] INFO  leader.FollowerInfo (FollowerInfoImpl.java:lambda$new$0(48)) - s1@group-EA982605F2E5->s2: nextIndex: updateUnconditionally 5 -> 1
2022-11-08 19:12:08,772 [s2-server-thread1] DEBUG server.RaftServer$Division (RaftServerImpl.java:logAppendEntries(1421)) - s2@group-EA982605F2E5: receive appendEntries(s1, 2, (t:2, i:0), 4, true, commits:[s1:c4, s0:c4, s2:c0], cId:924, entries: [(t:2, i:1), STATEMACHINELOGENTRY, 0@client-2EFB324ADA71, (t:2, i:2), METADATAENTRY(c:1), (t:2, i:3), STATEMACHINELOGENTRY, 999@client-AE8279CAF820, (t:2, i:4), METADATAENTRY(c:3)]
2022-11-08 19:12:08,773 [s2-server-thread1] INFO  server.RaftServer$Division (RaftServerImpl.java:checkInconsistentAppendEntries(1602)) - s2@group-EA982605F2E5: Failed appendEntries as previous log entry ((t:2, i:0)) is not found
2022-11-08 19:12:08,773 [s2-server-thread1] INFO  server.RaftServer$Division (RaftServerImpl.java:checkInconsistentAppendEntries(1572)) - s2@group-EA982605F2E5: inconsistency entries. Reply:s1<-s2#924:FAIL-t2,INCONSISTENCY,nextIndex=0,followerCommit=0,matchIndex=-1
2022-11-08 19:12:08,773 [grpc-default-executor-0] INFO  leader.FollowerInfo (FollowerInfoImpl.java:lambda$new$0(48)) - s1@group-EA982605F2E5->s2: nextIndex: updateUnconditionally 5 -> 0
2022-11-08 19:12:08,774 [s2-server-thread2] DEBUG server.RaftServer$Division (RaftServerImpl.java:logAppendEntries(1421)) - s2@group-EA982605F2E5: receive appendEntries(s1, 2, null, 4, true, commits:[s1:c4, s0:c4, s2:c0], cId:925, entries: [(t:2, i:0), CONFIGURATIONENTRY(current:id: "s0"
address: "localhost:34297"
dataStreamAddress: "localhost:43983"
clientAddress: "localhost:39609"
adminAddress: "localhost:37077"
startupRole: FOLLOWER
,id: "s1"
address: "localhost:38917"
dataStreamAddress: "localhost:45719"
clientAddress: "localhost:36975"
adminAddress: "localhost:40635"
startupRole: FOLLOWER
,id: "s2"
address: "localhost:35511"
dataStreamAddress: "localhost:38827"
clientAddress: "localhost:42865"
adminAddress: "localhost:36791"
startupRole: FOLLOWER
, old:), (t:2, i:1), STATEMACHINELOGENTRY, 0@client-2EFB324ADA71, (t:2, i:2), METADATAENTRY(c:1), (t:2, i:3), STATEMACHINELOGENTRY, 999@client-AE8279CAF820, (t:2, i:4), METADATAENTRY(c:3)]
2022-11-08 19:12:08,774 [s2-server-thread2] INFO  server.RaftServer$Division (RaftServerImpl.java:checkInconsistentAppendEntries(1592)) - s2@group-EA982605F2E5: Failed appendEntries as the first entry (index 0) already exists (snapshotIndex: -1, commitIndex: 0)
2022-11-08 19:12:08,774 [s2-server-thread2] INFO  server.RaftServer$Division (RaftServerImpl.java:checkInconsistentAppendEntries(1572)) - s2@group-EA982605F2E5: inconsistency entries. Reply:s1<-s2#925:FAIL-t2,INCONSISTENCY,nextIndex=1,followerCommit=0,matchIndex=-1
2022-11-08 19:12:08,774 [grpc-default-executor-0] INFO  leader.FollowerInfo (FollowerInfoImpl.java:lambda$new$0(48)) - s1@group-EA982605F2E5->s2: nextIndex: updateUnconditionally 5 -> 1
2022-11-08 19:12:08,775 [s2-server-thread2] DEBUG server.RaftServer$Division (RaftServerImpl.java:logAppendEntries(1421)) - s2@group-EA982605F2E5: receive appendEntries(s1, 2, (t:2, i:0), 4, true, commits:[s1:c4, s0:c4, s2:c0], cId:926, entries: [(t:2, i:1), STATEMACHINELOGENTRY, 0@client-2EFB324ADA71, (t:2, i:2), METADATAENTRY(c:1), (t:2, i:3), STATEMACHINELOGENTRY, 999@client-AE8279CAF820, (t:2, i:4), METADATAENTRY(c:3)]
2022-11-08 19:12:08,775 [s2-server-thread2] INFO  server.RaftServer$Division (RaftServerImpl.java:checkInconsistentAppendEntries(1602)) - s2@group-EA982605F2E5: Failed appendEntries as previous log entry ((t:2, i:0)) is not found
2022-11-08 19:12:08,775 [s2-server-thread2] INFO  server.RaftServer$Division (RaftServerImpl.java:checkInconsistentAppendEntries(1572)) - s2@group-EA982605F2E5: inconsistency entries. Reply:s1<-s2#926:FAIL-t2,INCONSISTENCY,nextIndex=0,followerCommit=0,matchIndex=-1
2022-11-08 19:12:08,776 [grpc-default-executor-0] INFO  leader.FollowerInfo (FollowerInfoImpl.java:lambda$new$0(48)) - s1@group-EA982605F2E5->s2: nextIndex: updateUnconditionally 5 -> 0
2022-11-08 19:12:08,776 [s2-server-thread1] DEBUG server.RaftServer$Division (RaftServerImpl.java:logAppendEntries(1421)) - s2@group-EA982605F2E5: receive appendEntries(s1, 2, null, 4, true, commits:[s1:c4, s0:c4, s2:c0], cId:927, entries: [(t:2, i:0), CONFIGURATIONENTRY(current:id: "s0"
address: "localhost:34297"
dataStreamAddress: "localhost:43983"
clientAddress: "localhost:39609"
adminAddress: "localhost:37077"
startupRole: FOLLOWER
,id: "s1"
address: "localhost:38917"
dataStreamAddress: "localhost:45719"
clientAddress: "localhost:36975"
adminAddress: "localhost:40635"
startupRole: FOLLOWER
,id: "s2"
address: "localhost:35511"
dataStreamAddress: "localhost:38827"
clientAddress: "localhost:42865"
adminAddress: "localhost:36791"
startupRole: FOLLOWER
, old:), (t:2, i:1), STATEMACHINELOGENTRY, 0@client-2EFB324ADA71, (t:2, i:2), METADATAENTRY(c:1), (t:2, i:3), STATEMACHINELOGENTRY, 999@client-AE8279CAF820, (t:2, i:4), METADATAENTRY(c:3)]
2022-11-08 19:12:08,776 [s2-server-thread1] INFO  server.RaftServer$Division (RaftServerImpl.java:checkInconsistentAppendEntries(1592)) - s2@group-EA982605F2E5: Failed appendEntries as the first entry (index 0) already exists (snapshotIndex: -1, commitIndex: 0)
2022-11-08 19:12:08,776 [s2-server-thread1] INFO  server.RaftServer$Division (RaftServerImpl.java:checkInconsistentAppendEntries(1572)) - s2@group-EA982605F2E5: inconsistency entries. Reply:s1<-s2#927:FAIL-t2,INCONSISTENCY,nextIndex=1,followerCommit=0,matchIndex=-1
2022-11-08 19:12:08,777 [grpc-default-executor-0] INFO  leader.FollowerInfo (FollowerInfoImpl.java:lambda$new$0(48)) - s1@group-EA982605F2E5->s2: nextIndex: updateUnconditionally 5 -> 1
2022-11-08 19:12:08,777 [s2-server-thread2] DEBUG server.RaftServer$Division (RaftServerImpl.java:logAppendEntries(1421)) - s2@group-EA982605F2E5: receive appendEntries(s1, 2, (t:2, i:0), 4, true, commits:[s1:c4, s0:c4, s2:c0], cId:928, entries: [(t:2, i:1), STATEMACHINELOGENTRY, 0@client-2EFB324ADA71, (t:2, i:2), METADATAENTRY(c:1), (t:2, i:3), STATEMACHINELOGENTRY, 999@client-AE8279CAF820, (t:2, i:4), METADATAENTRY(c:3)]
2022-11-08 19:12:08,778 [s2-server-thread2] INFO  server.RaftServer$Division (RaftServerImpl.java:checkInconsistentAppendEntries(1602)) - s2@group-EA982605F2E5: Failed appendEntries as previous log entry ((t:2, i:0)) is not found
2022-11-08 19:12:08,778 [s2-server-thread2] INFO  server.RaftServer$Division (RaftServerImpl.java:checkInconsistentAppendEntries(1572)) - s2@group-EA982605F2E5: inconsistency entries. Reply:s1<-s2#928:FAIL-t2,INCONSISTENCY,nextIndex=0,followerCommit=0,matchIndex=-1
2022-11-08 19:12:08,778 [grpc-default-executor-0] INFO  leader.FollowerInfo (FollowerInfoImpl.java:lambda$new$0(48)) - s1@group-EA982605F2E5->s2: nextIndex: updateUnconditionally 5 -> 0
2022-11-08 19:12:08,779 [s2-server-thread2] DEBUG server.RaftServer$Division (RaftServerImpl.java:logAppendEntries(1421)) - s2@group-EA982605F2E5: receive appendEntries(s1, 2, null, 4, true, commits:[s1:c4, s0:c4, s2:c0], cId:929, entries: [(t:2, i:0), CONFIGURATIONENTRY(current:id: "s0"
address: "localhost:34297"
dataStreamAddress: "localhost:43983"
clientAddress: "localhost:39609"
adminAddress: "localhost:37077"
startupRole: FOLLOWER
,id: "s1"
address: "localhost:38917"
dataStreamAddress: "localhost:45719"
clientAddress: "localhost:36975"
adminAddress: "localhost:40635"
startupRole: FOLLOWER
,id: "s2"
address: "localhost:35511"
dataStreamAddress: "localhost:38827"
clientAddress: "localhost:42865"
adminAddress: "localhost:36791"
startupRole: FOLLOWER
, old:), (t:2, i:1), STATEMACHINELOGENTRY, 0@client-2EFB324ADA71, (t:2, i:2), METADATAENTRY(c:1), (t:2, i:3), STATEMACHINELOGENTRY, 999@client-AE8279CAF820, (t:2, i:4), METADATAENTRY(c:3)]
2022-11-08 19:12:08,779 [s2-server-thread2] INFO  server.RaftServer$Division (RaftServerImpl.java:checkInconsistentAppendEntries(1592)) - s2@group-EA982605F2E5: Failed appendEntries as the first entry (index 0) already exists (snapshotIndex: -1, commitIndex: 0)
2022-11-08 19:12:08,779 [s2-server-thread2] INFO  server.RaftServer$Division (RaftServerImpl.java:checkInconsistentAppendEntries(1572)) - s2@group-EA982605F2E5: inconsistency entries. Reply:s1<-s2#929:FAIL-t2,INCONSISTENCY,nextIndex=1,followerCommit=0,matchIndex=-1
2022-11-08 19:12:08,779 [grpc-default-executor-0] INFO  leader.FollowerInfo (FollowerInfoImpl.java:lambda$new$0(48)) - s1@group-EA982605F2E5->s2: nextIndex: updateUnconditionally 5 -> 1
2022-11-08 19:12:08,780 [s2-server-thread2] DEBUG server.RaftServer$Division (RaftServerImpl.java:logAppendEntries(1421)) - s2@group-EA982605F2E5: receive appendEntries(s1, 2, (t:2, i:0), 4, true, commits:[s1:c4, s0:c4, s2:c0], cId:930, entries: [(t:2, i:1), STATEMACHINELOGENTRY, 0@client-2EFB324ADA71, (t:2, i:2), METADATAENTRY(c:1), (t:2, i:3), STATEMACHINELOGENTRY, 999@client-AE8279CAF820, (t:2, i:4), METADATAENTRY(c:3)]
2022-11-08 19:12:08,780 [s2-server-thread2] INFO  server.RaftServer$Division (RaftServerImpl.java:checkInconsistentAppendEntries(1602)) - s2@group-EA982605F2E5: Failed appendEntries as previous log entry ((t:2, i:0)) is not found
2022-11-08 19:12:08,780 [s2-server-thread2] INFO  server.RaftServer$Division (RaftServerImpl.java:checkInconsistentAppendEntries(1572)) - s2@group-EA982605F2E5: inconsistency entries. Reply:s1<-s2#930:FAIL-t2,INCONSISTENCY,nextIndex=0,followerCommit=0,matchIndex=-1
2022-11-08 19:12:08,780 [grpc-default-executor-0] INFO  leader.FollowerInfo (FollowerInfoImpl.java:lambda$new$0(48)) - s1@group-EA982605F2E5->s2: nextIndex: updateUnconditionally 5 -> 0
2022-11-08 19:12:08,781 [s2-server-thread2] DEBUG server.RaftServer$Division (RaftServerImpl.java:logAppendEntries(1421)) - s2@group-EA982605F2E5: receive appendEntries(s1, 2, null, 4, true, commits:[s1:c4, s0:c4, s2:c0], cId:931, entries: [(t:2, i:0), CONFIGURATIONENTRY(current:id: "s0"
address: "localhost:34297"
dataStreamAddress: "localhost:43983"
clientAddress: "localhost:39609"
adminAddress: "localhost:37077"
startupRole: FOLLOWER
,id: "s1"
address: "localhost:38917"
dataStreamAddress: "localhost:45719"
clientAddress: "localhost:36975"
adminAddress: "localhost:40635"
startupRole: FOLLOWER
,id: "s2"
address: "localhost:35511"
dataStreamAddress: "localhost:38827"
clientAddress: "localhost:42865"
adminAddress: "localhost:36791"
startupRole: FOLLOWER
, old:), (t:2, i:1), STATEMACHINELOGENTRY, 0@client-2EFB324ADA71, (t:2, i:2), METADATAENTRY(c:1), (t:2, i:3), STATEMACHINELOGENTRY, 999@client-AE8279CAF820, (t:2, i:4), METADATAENTRY(c:3)]
2022-11-08 19:12:08,781 [s2-server-thread2] INFO  server.RaftServer$Division (RaftServerImpl.java:checkInconsistentAppendEntries(1592)) - s2@group-EA982605F2E5: Failed appendEntries as the first entry (index 0) already exists (snapshotIndex: -1, commitIndex: 0)
2022-11-08 19:12:08,781 [s2-server-thread2] INFO  server.RaftServer$Division (RaftServerImpl.java:checkInconsistentAppendEntries(1572)) - s2@group-EA982605F2E5: inconsistency entries. Reply:s1<-s2#931:FAIL-t2,INCONSISTENCY,nextIndex=1,followerCommit=0,matchIndex=-1
2022-11-08 19:12:08,781 [grpc-default-executor-0] INFO  leader.FollowerInfo (FollowerInfoImpl.java:lambda$new$0(48)) - s1@group-EA982605F2E5->s2: nextIndex: updateUnconditionally 5 -> 1
2022-11-08 19:12:08,782 [s2-server-thread1] DEBUG server.RaftServer$Division (RaftServerImpl.java:logAppendEntries(1421)) - s2@group-EA982605F2E5: receive appendEntries(s1, 2, (t:2, i:0), 4, true, commits:[s1:c4, s0:c4, s2:c0], cId:932, entries: [(t:2, i:1), STATEMACHINELOGENTRY, 0@client-2EFB324ADA71, (t:2, i:2), METADATAENTRY(c:1), (t:2, i:3), STATEMACHINELOGENTRY, 999@client-AE8279CAF820, (t:2, i:4), METADATAENTRY(c:3)]
2022-11-08 19:12:08,782 [s2-server-thread1] INFO  server.RaftServer$Division (RaftServerImpl.java:checkInconsistentAppendEntries(1602)) - s2@group-EA982605F2E5: Failed appendEntries as previous log entry ((t:2, i:0)) is not found
2022-11-08 19:12:08,782 [s2-server-thread1] INFO  server.RaftServer$Division (RaftServerImpl.java:checkInconsistentAppendEntries(1572)) - s2@group-EA982605F2E5: inconsistency entries. Reply:s1<-s2#932:FAIL-t2,INCONSISTENCY,nextIndex=0,followerCommit=0,matchIndex=-1
2022-11-08 19:12:08,782 [grpc-default-executor-0] INFO  leader.FollowerInfo (FollowerInfoImpl.java:lambda$new$0(48)) - s1@group-EA982605F2E5->s2: nextIndex: updateUnconditionally 5 -> 0
2022-11-08 19:12:08,783 [s2-server-thread2] DEBUG server.RaftServer$Division (RaftServerImpl.java:logAppendEntries(1421)) - s2@group-EA982605F2E5: receive appendEntries(s1, 2, null, 4, true, commits:[s1:c4, s0:c4, s2:c0], cId:933, entries: [(t:2, i:0), CONFIGURATIONENTRY(current:id: "s0"
address: "localhost:34297"
dataStreamAddress: "localhost:43983"
clientAddress: "localhost:39609"
adminAddress: "localhost:37077"
startupRole: FOLLOWER
,id: "s1"
address: "localhost:38917"
dataStreamAddress: "localhost:45719"
clientAddress: "localhost:36975"
adminAddress: "localhost:40635"
startupRole: FOLLOWER
,id: "s2"
address: "localhost:35511"
dataStreamAddress: "localhost:38827"
clientAddress: "localhost:42865"
adminAddress: "localhost:36791"
startupRole: FOLLOWER
, old:), (t:2, i:1), STATEMACHINELOGENTRY, 0@client-2EFB324ADA71, (t:2, i:2), METADATAENTRY(c:1), (t:2, i:3), STATEMACHINELOGENTRY, 999@client-AE8279CAF820, (t:2, i:4), METADATAENTRY(c:3)]
2022-11-08 19:12:08,783 [s2-server-thread2] INFO  server.RaftServer$Division (RaftServerImpl.java:checkInconsistentAppendEntries(1592)) - s2@group-EA982605F2E5: Failed appendEntries as the first entry (index 0) already exists (snapshotIndex: -1, commitIndex: 0)
2022-11-08 19:12:08,783 [s2-server-thread2] INFO  server.RaftServer$Division (RaftServerImpl.java:checkInconsistentAppendEntries(1572)) - s2@group-EA982605F2E5: inconsistency entries. Reply:s1<-s2#933:FAIL-t2,INCONSISTENCY,nextIndex=1,followerCommit=0,matchIndex=-1
2022-11-08 19:12:08,784 [grpc-default-executor-0] INFO  leader.FollowerInfo (FollowerInfoImpl.java:lambda$new$0(48)) - s1@group-EA982605F2E5->s2: nextIndex: updateUnconditionally 5 -> 1
2022-11-08 19:12:08,784 [s2-server-thread2] DEBUG server.RaftServer$Division (RaftServerImpl.java:logAppendEntries(1421)) - s2@group-EA982605F2E5: receive appendEntries(s1, 2, (t:2, i:0), 4, true, commits:[s1:c4, s0:c4, s2:c0], cId:934, entries: [(t:2, i:1), STATEMACHINELOGENTRY, 0@client-2EFB324ADA71, (t:2, i:2), METADATAENTRY(c:1), (t:2, i:3), STATEMACHINELOGENTRY, 999@client-AE8279CAF820, (t:2, i:4), METADATAENTRY(c:3)]
2022-11-08 19:12:08,784 [s2-server-thread2] INFO  server.RaftServer$Division (RaftServerImpl.java:checkInconsistentAppendEntries(1602)) - s2@group-EA982605F2E5: Failed appendEntries as previous log entry ((t:2, i:0)) is not found
2022-11-08 19:12:08,785 [s2-server-thread2] INFO  server.RaftServer$Division (RaftServerImpl.java:checkInconsistentAppendEntries(1572)) - s2@group-EA982605F2E5: inconsistency entries. Reply:s1<-s2#934:FAIL-t2,INCONSISTENCY,nextIndex=0,followerCommit=0,matchIndex=-1
2022-11-08 19:12:08,785 [grpc-default-executor-0] INFO  leader.FollowerInfo (FollowerInfoImpl.java:lambda$new$0(48)) - s1@group-EA982605F2E5->s2: nextIndex: updateUnconditionally 5 -> 0
2022-11-08 19:12:08,786 [s2-server-thread2] DEBUG server.RaftServer$Division (RaftServerImpl.java:logAppendEntries(1421)) - s2@group-EA982605F2E5: receive appendEntries(s1, 2, null, 4, true, commits:[s1:c4, s0:c4, s2:c0], cId:935, entries: [(t:2, i:0), CONFIGURATIONENTRY(current:id: "s0"
address: "localhost:34297"
dataStreamAddress: "localhost:43983"
clientAddress: "localhost:39609"
adminAddress: "localhost:37077"
startupRole: FOLLOWER
,id: "s1"
address: "localhost:38917"
dataStreamAddress: "localhost:45719"
clientAddress: "localhost:36975"
adminAddress: "localhost:40635"
startupRole: FOLLOWER
,id: "s2"
address: "localhost:35511"
dataStreamAddress: "localhost:38827"
clientAddress: "localhost:42865"
adminAddress: "localhost:36791"
startupRole: FOLLOWER
, old:), (t:2, i:1), STATEMACHINELOGENTRY, 0@client-2EFB324ADA71, (t:2, i:2), METADATAENTRY(c:1), (t:2, i:3), STATEMACHINELOGENTRY, 999@client-AE8279CAF820, (t:2, i:4), METADATAENTRY(c:3)]
2022-11-08 19:12:08,786 [s2-server-thread2] INFO  server.RaftServer$Division (RaftServerImpl.java:checkInconsistentAppendEntries(1592)) - s2@group-EA982605F2E5: Failed appendEntries as the first entry (index 0) already exists (snapshotIndex: -1, commitIndex: 0)
2022-11-08 19:12:08,786 [s2-server-thread2] INFO  server.RaftServer$Division (RaftServerImpl.java:checkInconsistentAppendEntries(1572)) - s2@group-EA982605F2E5: inconsistency entries. Reply:s1<-s2#935:FAIL-t2,INCONSISTENCY,nextIndex=1,followerCommit=0,matchIndex=-1
2022-11-08 19:12:08,786 [grpc-default-executor-0] INFO  leader.FollowerInfo (FollowerInfoImpl.java:lambda$new$0(48)) - s1@group-EA982605F2E5->s2: nextIndex: updateUnconditionally 5 -> 1
2022-11-08 19:12:08,787 [s2-server-thread2] DEBUG server.RaftServer$Division (RaftServerImpl.java:logAppendEntries(1421)) - s2@group-EA982605F2E5: receive appendEntries(s1, 2, (t:2, i:0), 4, true, commits:[s1:c4, s0:c4, s2:c0], cId:936, entries: [(t:2, i:1), STATEMACHINELOGENTRY, 0@client-2EFB324ADA71, (t:2, i:2), METADATAENTRY(c:1), (t:2, i:3), STATEMACHINELOGENTRY, 999@client-AE8279CAF820, (t:2, i:4), METADATAENTRY(c:3)]
2022-11-08 19:12:08,787 [s2-server-thread2] INFO  server.RaftServer$Division (RaftServerImpl.java:checkInconsistentAppendEntries(1602)) - s2@group-EA982605F2E5: Failed appendEntries as previous log entry ((t:2, i:0)) is not found
2022-11-08 19:12:08,787 [s2-server-thread2] INFO  server.RaftServer$Division (RaftServerImpl.java:checkInconsistentAppendEntries(1572)) - s2@group-EA982605F2E5: inconsistency entries. Reply:s1<-s2#936:FAIL-t2,INCONSISTENCY,nextIndex=0,followerCommit=0,matchIndex=-1
2022-11-08 19:12:08,787 [grpc-default-executor-0] INFO  leader.FollowerInfo (FollowerInfoImpl.java:lambda$new$0(48)) - s1@group-EA982605F2E5->s2: nextIndex: updateUnconditionally 5 -> 0
2022-11-08 19:12:08,788 [s2-server-thread1] DEBUG server.RaftServer$Division (RaftServerImpl.java:logAppendEntries(1421)) - s2@group-EA982605F2E5: receive appendEntries(s1, 2, null, 4, true, commits:[s1:c4, s0:c4, s2:c0], cId:937, entries: [(t:2, i:0), CONFIGURATIONENTRY(current:id: "s0"
address: "localhost:34297"
dataStreamAddress: "localhost:43983"
clientAddress: "localhost:39609"
adminAddress: "localhost:37077"
startupRole: FOLLOWER
,id: "s1"
address: "localhost:38917"
dataStreamAddress: "localhost:45719"
clientAddress: "localhost:36975"
adminAddress: "localhost:40635"
startupRole: FOLLOWER
,id: "s2"
address: "localhost:35511"
dataStreamAddress: "localhost:38827"
clientAddress: "localhost:42865"
adminAddress: "localhost:36791"
startupRole: FOLLOWER
, old:), (t:2, i:1), STATEMACHINELOGENTRY, 0@client-2EFB324ADA71, (t:2, i:2), METADATAENTRY(c:1), (t:2, i:3), STATEMACHINELOGENTRY, 999@client-AE8279CAF820, (t:2, i:4), METADATAENTRY(c:3)]
2022-11-08 19:12:08,788 [s2-server-thread1] INFO  server.RaftServer$Division (RaftServerImpl.java:checkInconsistentAppendEntries(1592)) - s2@group-EA982605F2E5: Failed appendEntries as the first entry (index 0) already exists (snapshotIndex: -1, commitIndex: 0)
2022-11-08 19:12:08,788 [s2-server-thread1] INFO  server.RaftServer$Division (RaftServerImpl.java:checkInconsistentAppendEntries(1572)) - s2@group-EA982605F2E5: inconsistency entries. Reply:s1<-s2#937:FAIL-t2,INCONSISTENCY,nextIndex=1,followerCommit=0,matchIndex=-1
2022-11-08 19:12:08,788 [grpc-default-executor-0] INFO  leader.FollowerInfo (FollowerInfoImpl.java:lambda$new$0(48)) - s1@group-EA982605F2E5->s2: nextIndex: updateUnconditionally 5 -> 1
2022-11-08 19:12:08,789 [s2-server-thread2] DEBUG server.RaftServer$Division (RaftServerImpl.java:logAppendEntries(1421)) - s2@group-EA982605F2E5: receive appendEntries(s1, 2, (t:2, i:0), 4, true, commits:[s1:c4, s0:c4, s2:c0], cId:938, entries: [(t:2, i:1), STATEMACHINELOGENTRY, 0@client-2EFB324ADA71, (t:2, i:2), METADATAENTRY(c:1), (t:2, i:3), STATEMACHINELOGENTRY, 999@client-AE8279CAF820, (t:2, i:4), METADATAENTRY(c:3)]
2022-11-08 19:12:08,789 [s2-server-thread2] INFO  server.RaftServer$Division (RaftServerImpl.java:checkInconsistentAppendEntries(1602)) - s2@group-EA982605F2E5: Failed appendEntries as previous log entry ((t:2, i:0)) is not found
2022-11-08 19:12:08,789 [s2-server-thread2] INFO  server.RaftServer$Division (RaftServerImpl.java:checkInconsistentAppendEntries(1572)) - s2@group-EA982605F2E5: inconsistency entries. Reply:s1<-s2#938:FAIL-t2,INCONSISTENCY,nextIndex=0,followerCommit=0,matchIndex=-1
2022-11-08 19:12:08,789 [grpc-default-executor-0] INFO  leader.FollowerInfo (FollowerInfoImpl.java:lambda$new$0(48)) - s1@group-EA982605F2E5->s2: nextIndex: updateUnconditionally 5 -> 0
2022-11-08 19:12:08,790 [s2-server-thread2] DEBUG server.RaftServer$Division (RaftServerImpl.java:logAppendEntries(1421)) - s2@group-EA982605F2E5: receive appendEntries(s1, 2, null, 4, true, commits:[s1:c4, s0:c4, s2:c0], cId:939, entries: [(t:2, i:0), CONFIGURATIONENTRY(current:id: "s0"
address: "localhost:34297"
dataStreamAddress: "localhost:43983"
clientAddress: "localhost:39609"
adminAddress: "localhost:37077"
startupRole: FOLLOWER
,id: "s1"
address: "localhost:38917"
dataStreamAddress: "localhost:45719"
clientAddress: "localhost:36975"
adminAddress: "localhost:40635"
startupRole: FOLLOWER
,id: "s2"
address: "localhost:35511"
dataStreamAddress: "localhost:38827"
clientAddress: "localhost:42865"
adminAddress: "localhost:36791"
startupRole: FOLLOWER
, old:), (t:2, i:1), STATEMACHINELOGENTRY, 0@client-2EFB324ADA71, (t:2, i:2), METADATAENTRY(c:1), (t:2, i:3), STATEMACHINELOGENTRY, 999@client-AE8279CAF820, (t:2, i:4), METADATAENTRY(c:3)]
2022-11-08 19:12:08,790 [s2-server-thread2] INFO  server.RaftServer$Division (RaftServerImpl.java:checkInconsistentAppendEntries(1592)) - s2@group-EA982605F2E5: Failed appendEntries as the first entry (index 0) already exists (snapshotIndex: -1, commitIndex: 0)
2022-11-08 19:12:08,790 [s2-server-thread2] INFO  server.RaftServer$Division (RaftServerImpl.java:checkInconsistentAppendEntries(1572)) - s2@group-EA982605F2E5: inconsistency entries. Reply:s1<-s2#939:FAIL-t2,INCONSISTENCY,nextIndex=1,followerCommit=0,matchIndex=-1
2022-11-08 19:12:08,791 [grpc-default-executor-0] INFO  leader.FollowerInfo (FollowerInfoImpl.java:lambda$new$0(48)) - s1@group-EA982605F2E5->s2: nextIndex: updateUnconditionally 5 -> 1
2022-11-08 19:12:08,791 [s2-server-thread2] DEBUG server.RaftServer$Division (RaftServerImpl.java:logAppendEntries(1421)) - s2@group-EA982605F2E5: receive appendEntries(s1, 2, (t:2, i:0), 4, true, commits:[s1:c4, s0:c4, s2:c0], cId:940, entries: [(t:2, i:1), STATEMACHINELOGENTRY, 0@client-2EFB324ADA71, (t:2, i:2), METADATAENTRY(c:1), (t:2, i:3), STATEMACHINELOGENTRY, 999@client-AE8279CAF820, (t:2, i:4), METADATAENTRY(c:3)]
2022-11-08 19:12:08,791 [s2-server-thread2] INFO  server.RaftServer$Division (RaftServerImpl.java:checkInconsistentAppendEntries(1602)) - s2@group-EA982605F2E5: Failed appendEntries as previous log entry ((t:2, i:0)) is not found
2022-11-08 19:12:08,791 [s2-server-thread2] INFO  server.RaftServer$Division (RaftServerImpl.java:checkInconsistentAppendEntries(1572)) - s2@group-EA982605F2E5: inconsistency entries. Reply:s1<-s2#940:FAIL-t2,INCONSISTENCY,nextIndex=0,followerCommit=0,matchIndex=-1
2022-11-08 19:12:08,792 [grpc-default-executor-0] INFO  leader.FollowerInfo (FollowerInfoImpl.java:lambda$new$0(48)) - s1@group-EA982605F2E5->s2: nextIndex: updateUnconditionally 5 -> 0
2022-11-08 19:12:08,792 [s2-server-thread2] DEBUG server.RaftServer$Division (RaftServerImpl.java:logAppendEntries(1421)) - s2@group-EA982605F2E5: receive appendEntries(s1, 2, null, 4, true, commits:[s1:c4, s0:c4, s2:c0], cId:941, entries: [(t:2, i:0), CONFIGURATIONENTRY(current:id: "s0"
address: "localhost:34297"
dataStreamAddress: "localhost:43983"
clientAddress: "localhost:39609"
adminAddress: "localhost:37077"
startupRole: FOLLOWER
,id: "s1"
address: "localhost:38917"
dataStreamAddress: "localhost:45719"
clientAddress: "localhost:36975"
adminAddress: "localhost:40635"
startupRole: FOLLOWER
,id: "s2"
address: "localhost:35511"
dataStreamAddress: "localhost:38827"
clientAddress: "localhost:42865"
adminAddress: "localhost:36791"
startupRole: FOLLOWER
, old:), (t:2, i:1), STATEMACHINELOGENTRY, 0@client-2EFB324ADA71, (t:2, i:2), METADATAENTRY(c:1), (t:2, i:3), STATEMACHINELOGENTRY, 999@client-AE8279CAF820, (t:2, i:4), METADATAENTRY(c:3)]
2022-11-08 19:12:08,792 [s2-server-thread2] INFO  server.RaftServer$Division (RaftServerImpl.java:checkInconsistentAppendEntries(1592)) - s2@group-EA982605F2E5: Failed appendEntries as the first entry (index 0) already exists (snapshotIndex: -1, commitIndex: 0)
2022-11-08 19:12:08,793 [s2-server-thread2] INFO  server.RaftServer$Division (RaftServerImpl.java:checkInconsistentAppendEntries(1572)) - s2@group-EA982605F2E5: inconsistency entries. Reply:s1<-s2#941:FAIL-t2,INCONSISTENCY,nextIndex=1,followerCommit=0,matchIndex=-1
2022-11-08 19:12:08,793 [grpc-default-executor-0] INFO  leader.FollowerInfo (FollowerInfoImpl.java:lambda$new$0(48)) - s1@group-EA982605F2E5->s2: nextIndex: updateUnconditionally 5 -> 1
2022-11-08 19:12:08,794 [s2-server-thread1] DEBUG server.RaftServer$Division (RaftServerImpl.java:logAppendEntries(1421)) - s2@group-EA982605F2E5: receive appendEntries(s1, 2, (t:2, i:0), 4, true, commits:[s1:c4, s0:c4, s2:c0], cId:942, entries: [(t:2, i:1), STATEMACHINELOGENTRY, 0@client-2EFB324ADA71, (t:2, i:2), METADATAENTRY(c:1), (t:2, i:3), STATEMACHINELOGENTRY, 999@client-AE8279CAF820, (t:2, i:4), METADATAENTRY(c:3)]
2022-11-08 19:12:08,794 [s2-server-thread1] INFO  server.RaftServer$Division (RaftServerImpl.java:checkInconsistentAppendEntries(1602)) - s2@group-EA982605F2E5: Failed appendEntries as previous log entry ((t:2, i:0)) is not found
2022-11-08 19:12:08,794 [s2-server-thread1] INFO  server.RaftServer$Division (RaftServerImpl.java:checkInconsistentAppendEntries(1572)) - s2@group-EA982605F2E5: inconsistency entries. Reply:s1<-s2#942:FAIL-t2,INCONSISTENCY,nextIndex=0,followerCommit=0,matchIndex=-1
2022-11-08 19:12:08,794 [grpc-default-executor-0] INFO  leader.FollowerInfo (FollowerInfoImpl.java:lambda$new$0(48)) - s1@group-EA982605F2E5->s2: nextIndex: updateUnconditionally 5 -> 0
2022-11-08 19:12:08,795 [s2-server-thread2] DEBUG server.RaftServer$Division (RaftServerImpl.java:logAppendEntries(1421)) - s2@group-EA982605F2E5: receive appendEntries(s1, 2, null, 4, true, commits:[s1:c4, s0:c4, s2:c0], cId:943, entries: [(t:2, i:0), CONFIGURATIONENTRY(current:id: "s0"
address: "localhost:34297"
dataStreamAddress: "localhost:43983"
clientAddress: "localhost:39609"
adminAddress: "localhost:37077"
startupRole: FOLLOWER
,id: "s1"
address: "localhost:38917"
dataStreamAddress: "localhost:45719"
clientAddress: "localhost:36975"
adminAddress: "localhost:40635"
startupRole: FOLLOWER
,id: "s2"
address: "localhost:35511"
dataStreamAddress: "localhost:38827"
clientAddress: "localhost:42865"
adminAddress: "localhost:36791"
startupRole: FOLLOWER
, old:), (t:2, i:1), STATEMACHINELOGENTRY, 0@client-2EFB324ADA71, (t:2, i:2), METADATAENTRY(c:1), (t:2, i:3), STATEMACHINELOGENTRY, 999@client-AE8279CAF820, (t:2, i:4), METADATAENTRY(c:3)]
2022-11-08 19:12:08,795 [s2-server-thread2] INFO  server.RaftServer$Division (RaftServerImpl.java:checkInconsistentAppendEntries(1592)) - s2@group-EA982605F2E5: Failed appendEntries as the first entry (index 0) already exists (snapshotIndex: -1, commitIndex: 0)
2022-11-08 19:12:08,795 [s2-server-thread2] INFO  server.RaftServer$Division (RaftServerImpl.java:checkInconsistentAppendEntries(1572)) - s2@group-EA982605F2E5: inconsistency entries. Reply:s1<-s2#943:FAIL-t2,INCONSISTENCY,nextIndex=1,followerCommit=0,matchIndex=-1
2022-11-08 19:12:08,795 [grpc-default-executor-0] INFO  leader.FollowerInfo (FollowerInfoImpl.java:lambda$new$0(48)) - s1@group-EA982605F2E5->s2: nextIndex: updateUnconditionally 5 -> 1
2022-11-08 19:12:08,796 [s2-server-thread2] DEBUG server.RaftServer$Division (RaftServerImpl.java:logAppendEntries(1421)) - s2@group-EA982605F2E5: receive appendEntries(s1, 2, (t:2, i:0), 4, true, commits:[s1:c4, s0:c4, s2:c0], cId:944, entries: [(t:2, i:1), STATEMACHINELOGENTRY, 0@client-2EFB324ADA71, (t:2, i:2), METADATAENTRY(c:1), (t:2, i:3), STATEMACHINELOGENTRY, 999@client-AE8279CAF820, (t:2, i:4), METADATAENTRY(c:3)]
2022-11-08 19:12:08,796 [s2-server-thread2] INFO  server.RaftServer$Division (RaftServerImpl.java:checkInconsistentAppendEntries(1602)) - s2@group-EA982605F2E5: Failed appendEntries as previous log entry ((t:2, i:0)) is not found
2022-11-08 19:12:08,796 [s2-server-thread2] INFO  server.RaftServer$Division (RaftServerImpl.java:checkInconsistentAppendEntries(1572)) - s2@group-EA982605F2E5: inconsistency entries. Reply:s1<-s2#944:FAIL-t2,INCONSISTENCY,nextIndex=0,followerCommit=0,matchIndex=-1
2022-11-08 19:12:08,796 [grpc-default-executor-0] INFO  leader.FollowerInfo (FollowerInfoImpl.java:lambda$new$0(48)) - s1@group-EA982605F2E5->s2: nextIndex: updateUnconditionally 5 -> 0
2022-11-08 19:12:08,797 [s2-server-thread1] DEBUG server.RaftServer$Division (RaftServerImpl.java:logAppendEntries(1421)) - s2@group-EA982605F2E5: receive appendEntries(s1, 2, null, 4, true, commits:[s1:c4, s0:c4, s2:c0], cId:945, entries: [(t:2, i:0), CONFIGURATIONENTRY(current:id: "s0"
address: "localhost:34297"
dataStreamAddress: "localhost:43983"
clientAddress: "localhost:39609"
adminAddress: "localhost:37077"
startupRole: FOLLOWER
,id: "s1"
address: "localhost:38917"
dataStreamAddress: "localhost:45719"
clientAddress: "localhost:36975"
adminAddress: "localhost:40635"
startupRole: FOLLOWER
,id: "s2"
address: "localhost:35511"
dataStreamAddress: "localhost:38827"
clientAddress: "localhost:42865"
adminAddress: "localhost:36791"
startupRole: FOLLOWER
, old:), (t:2, i:1), STATEMACHINELOGENTRY, 0@client-2EFB324ADA71, (t:2, i:2), METADATAENTRY(c:1), (t:2, i:3), STATEMACHINELOGENTRY, 999@client-AE8279CAF820, (t:2, i:4), METADATAENTRY(c:3)]
2022-11-08 19:12:08,797 [s2-server-thread1] INFO  server.RaftServer$Division (RaftServerImpl.java:checkInconsistentAppendEntries(1592)) - s2@group-EA982605F2E5: Failed appendEntries as the first entry (index 0) already exists (snapshotIndex: -1, commitIndex: 0)
2022-11-08 19:12:08,797 [s2-server-thread1] INFO  server.RaftServer$Division (RaftServerImpl.java:checkInconsistentAppendEntries(1572)) - s2@group-EA982605F2E5: inconsistency entries. Reply:s1<-s2#945:FAIL-t2,INCONSISTENCY,nextIndex=1,followerCommit=0,matchIndex=-1
2022-11-08 19:12:08,798 [grpc-default-executor-0] INFO  leader.FollowerInfo (FollowerInfoImpl.java:lambda$new$0(48)) - s1@group-EA982605F2E5->s2: nextIndex: updateUnconditionally 5 -> 1
2022-11-08 19:12:08,798 [s2-server-thread2] DEBUG server.RaftServer$Division (RaftServerImpl.java:logAppendEntries(1421)) - s2@group-EA982605F2E5: receive appendEntries(s1, 2, (t:2, i:0), 4, true, commits:[s1:c4, s0:c4, s2:c0], cId:946, entries: [(t:2, i:1), STATEMACHINELOGENTRY, 0@client-2EFB324ADA71, (t:2, i:2), METADATAENTRY(c:1), (t:2, i:3), STATEMACHINELOGENTRY, 999@client-AE8279CAF820, (t:2, i:4), METADATAENTRY(c:3)]
2022-11-08 19:12:08,798 [s2-server-thread2] INFO  server.RaftServer$Division (RaftServerImpl.java:checkInconsistentAppendEntries(1602)) - s2@group-EA982605F2E5: Failed appendEntries as previous log entry ((t:2, i:0)) is not found
2022-11-08 19:12:08,799 [s2-server-thread2] INFO  server.RaftServer$Division (RaftServerImpl.java:checkInconsistentAppendEntries(1572)) - s2@group-EA982605F2E5: inconsistency entries. Reply:s1<-s2#946:FAIL-t2,INCONSISTENCY,nextIndex=0,followerCommit=0,matchIndex=-1
2022-11-08 19:12:08,799 [grpc-default-executor-0] INFO  leader.FollowerInfo (FollowerInfoImpl.java:lambda$new$0(48)) - s1@group-EA982605F2E5->s2: nextIndex: updateUnconditionally 5 -> 0
2022-11-08 19:12:08,800 [s2-server-thread2] DEBUG server.RaftServer$Division (RaftServerImpl.java:logAppendEntries(1421)) - s2@group-EA982605F2E5: receive appendEntries(s1, 2, null, 4, true, commits:[s1:c4, s0:c4, s2:c0], cId:947, entries: [(t:2, i:0), CONFIGURATIONENTRY(current:id: "s0"
address: "localhost:34297"
dataStreamAddress: "localhost:43983"
clientAddress: "localhost:39609"
adminAddress: "localhost:37077"
startupRole: FOLLOWER
,id: "s1"
address: "localhost:38917"
dataStreamAddress: "localhost:45719"
clientAddress: "localhost:36975"
adminAddress: "localhost:40635"
startupRole: FOLLOWER
,id: "s2"
address: "localhost:35511"
dataStreamAddress: "localhost:38827"
clientAddress: "localhost:42865"
adminAddress: "localhost:36791"
startupRole: FOLLOWER
, old:), (t:2, i:1), STATEMACHINELOGENTRY, 0@client-2EFB324ADA71, (t:2, i:2), METADATAENTRY(c:1), (t:2, i:3), STATEMACHINELOGENTRY, 999@client-AE8279CAF820, (t:2, i:4), METADATAENTRY(c:3)]
2022-11-08 19:12:08,800 [s2-server-thread2] INFO  server.RaftServer$Division (RaftServerImpl.java:checkInconsistentAppendEntries(1592)) - s2@group-EA982605F2E5: Failed appendEntries as the first entry (index 0) already exists (snapshotIndex: -1, commitIndex: 0)
2022-11-08 19:12:08,800 [s2-server-thread2] INFO  server.RaftServer$Division (RaftServerImpl.java:checkInconsistentAppendEntries(1572)) - s2@group-EA982605F2E5: inconsistency entries. Reply:s1<-s2#947:FAIL-t2,INCONSISTENCY,nextIndex=1,followerCommit=0,matchIndex=-1
2022-11-08 19:12:08,800 [grpc-default-executor-0] INFO  leader.FollowerInfo (FollowerInfoImpl.java:lambda$new$0(48)) - s1@group-EA982605F2E5->s2: nextIndex: updateUnconditionally 5 -> 1
2022-11-08 19:12:08,801 [s2-server-thread2] DEBUG server.RaftServer$Division (RaftServerImpl.java:logAppendEntries(1421)) - s2@group-EA982605F2E5: receive appendEntries(s1, 2, (t:2, i:0), 4, true, commits:[s1:c4, s0:c4, s2:c0], cId:948, entries: [(t:2, i:1), STATEMACHINELOGENTRY, 0@client-2EFB324ADA71, (t:2, i:2), METADATAENTRY(c:1), (t:2, i:3), STATEMACHINELOGENTRY, 999@client-AE8279CAF820, (t:2, i:4), METADATAENTRY(c:3)]
2022-11-08 19:12:08,801 [s2-server-thread2] INFO  server.RaftServer$Division (RaftServerImpl.java:checkInconsistentAppendEntries(1602)) - s2@group-EA982605F2E5: Failed appendEntries as previous log entry ((t:2, i:0)) is not found
2022-11-08 19:12:08,801 [s2-server-thread2] INFO  server.RaftServer$Division (RaftServerImpl.java:checkInconsistentAppendEntries(1572)) - s2@group-EA982605F2E5: inconsistency entries. Reply:s1<-s2#948:FAIL-t2,INCONSISTENCY,nextIndex=0,followerCommit=0,matchIndex=-1
2022-11-08 19:12:08,801 [grpc-default-executor-0] INFO  leader.FollowerInfo (FollowerInfoImpl.java:lambda$new$0(48)) - s1@group-EA982605F2E5->s2: nextIndex: updateUnconditionally 5 -> 0
2022-11-08 19:12:08,802 [s2-server-thread2] DEBUG server.RaftServer$Division (RaftServerImpl.java:logAppendEntries(1421)) - s2@group-EA982605F2E5: receive appendEntries(s1, 2, null, 4, true, commits:[s1:c4, s0:c4, s2:c0], cId:949, entries: [(t:2, i:0), CONFIGURATIONENTRY(current:id: "s0"
address: "localhost:34297"
dataStreamAddress: "localhost:43983"
clientAddress: "localhost:39609"
adminAddress: "localhost:37077"
startupRole: FOLLOWER
,id: "s1"
address: "localhost:38917"
dataStreamAddress: "localhost:45719"
clientAddress: "localhost:36975"
adminAddress: "localhost:40635"
startupRole: FOLLOWER
,id: "s2"
address: "localhost:35511"
dataStreamAddress: "localhost:38827"
clientAddress: "localhost:42865"
adminAddress: "localhost:36791"
startupRole: FOLLOWER
, old:), (t:2, i:1), STATEMACHINELOGENTRY, 0@client-2EFB324ADA71, (t:2, i:2), METADATAENTRY(c:1), (t:2, i:3), STATEMACHINELOGENTRY, 999@client-AE8279CAF820, (t:2, i:4), METADATAENTRY(c:3)]
2022-11-08 19:12:08,802 [s2-server-thread2] INFO  server.RaftServer$Division (RaftServerImpl.java:checkInconsistentAppendEntries(1592)) - s2@group-EA982605F2E5: Failed appendEntries as the first entry (index 0) already exists (snapshotIndex: -1, commitIndex: 0)
2022-11-08 19:12:08,802 [s2-server-thread2] INFO  server.RaftServer$Division (RaftServerImpl.java:checkInconsistentAppendEntries(1572)) - s2@group-EA982605F2E5: inconsistency entries. Reply:s1<-s2#949:FAIL-t2,INCONSISTENCY,nextIndex=1,followerCommit=0,matchIndex=-1
2022-11-08 19:12:08,802 [grpc-default-executor-0] INFO  leader.FollowerInfo (FollowerInfoImpl.java:lambda$new$0(48)) - s1@group-EA982605F2E5->s2: nextIndex: updateUnconditionally 5 -> 1
2022-11-08 19:12:08,803 [s2-server-thread2] DEBUG server.RaftServer$Division (RaftServerImpl.java:logAppendEntries(1421)) - s2@group-EA982605F2E5: receive appendEntries(s1, 2, (t:2, i:0), 4, true, commits:[s1:c4, s0:c4, s2:c0], cId:950, entries: [(t:2, i:1), STATEMACHINELOGENTRY, 0@client-2EFB324ADA71, (t:2, i:2), METADATAENTRY(c:1), (t:2, i:3), STATEMACHINELOGENTRY, 999@client-AE8279CAF820, (t:2, i:4), METADATAENTRY(c:3)]
2022-11-08 19:12:08,803 [s2-server-thread2] INFO  server.RaftServer$Division (RaftServerImpl.java:checkInconsistentAppendEntries(1602)) - s2@group-EA982605F2E5: Failed appendEntries as previous log entry ((t:2, i:0)) is not found
2022-11-08 19:12:08,803 [s2-server-thread2] INFO  server.RaftServer$Division (RaftServerImpl.java:checkInconsistentAppendEntries(1572)) - s2@group-EA982605F2E5: inconsistency entries. Reply:s1<-s2#950:FAIL-t2,INCONSISTENCY,nextIndex=0,followerCommit=0,matchIndex=-1
2022-11-08 19:12:08,804 [grpc-default-executor-0] INFO  leader.FollowerInfo (FollowerInfoImpl.java:lambda$new$0(48)) - s1@group-EA982605F2E5->s2: nextIndex: updateUnconditionally 5 -> 0
2022-11-08 19:12:08,804 [s2-server-thread1] DEBUG server.RaftServer$Division (RaftServerImpl.java:logAppendEntries(1421)) - s2@group-EA982605F2E5: receive appendEntries(s1, 2, null, 4, true, commits:[s1:c4, s0:c4, s2:c0], cId:951, entries: [(t:2, i:0), CONFIGURATIONENTRY(current:id: "s0"
address: "localhost:34297"
dataStreamAddress: "localhost:43983"
clientAddress: "localhost:39609"
adminAddress: "localhost:37077"
startupRole: FOLLOWER
,id: "s1"
address: "localhost:38917"
dataStreamAddress: "localhost:45719"
clientAddress: "localhost:36975"
adminAddress: "localhost:40635"
startupRole: FOLLOWER
,id: "s2"
address: "localhost:35511"
dataStreamAddress: "localhost:38827"
clientAddress: "localhost:42865"
adminAddress: "localhost:36791"
startupRole: FOLLOWER
, old:), (t:2, i:1), STATEMACHINELOGENTRY, 0@client-2EFB324ADA71, (t:2, i:2), METADATAENTRY(c:1), (t:2, i:3), STATEMACHINELOGENTRY, 999@client-AE8279CAF820, (t:2, i:4), METADATAENTRY(c:3)]
2022-11-08 19:12:08,804 [s2-server-thread1] INFO  server.RaftServer$Division (RaftServerImpl.java:checkInconsistentAppendEntries(1592)) - s2@group-EA982605F2E5: Failed appendEntries as the first entry (index 0) already exists (snapshotIndex: -1, commitIndex: 0)
2022-11-08 19:12:08,805 [s2-server-thread1] INFO  server.RaftServer$Division (RaftServerImpl.java:checkInconsistentAppendEntries(1572)) - s2@group-EA982605F2E5: inconsistency entries. Reply:s1<-s2#951:FAIL-t2,INCONSISTENCY,nextIndex=1,followerCommit=0,matchIndex=-1
2022-11-08 19:12:08,805 [grpc-default-executor-0] INFO  leader.FollowerInfo (FollowerInfoImpl.java:lambda$new$0(48)) - s1@group-EA982605F2E5->s2: nextIndex: updateUnconditionally 5 -> 1
2022-11-08 19:12:08,805 [s2-server-thread2] DEBUG server.RaftServer$Division (RaftServerImpl.java:logAppendEntries(1421)) - s2@group-EA982605F2E5: receive appendEntries(s1, 2, (t:2, i:0), 4, true, commits:[s1:c4, s0:c4, s2:c0], cId:952, entries: [(t:2, i:1), STATEMACHINELOGENTRY, 0@client-2EFB324ADA71, (t:2, i:2), METADATAENTRY(c:1), (t:2, i:3), STATEMACHINELOGENTRY, 999@client-AE8279CAF820, (t:2, i:4), METADATAENTRY(c:3)]
2022-11-08 19:12:08,806 [s2-server-thread2] INFO  server.RaftServer$Division (RaftServerImpl.java:checkInconsistentAppendEntries(1602)) - s2@group-EA982605F2E5: Failed appendEntries as previous log entry ((t:2, i:0)) is not found
2022-11-08 19:12:08,806 [s2-server-thread2] INFO  server.RaftServer$Division (RaftServerImpl.java:checkInconsistentAppendEntries(1572)) - s2@group-EA982605F2E5: inconsistency entries. Reply:s1<-s2#952:FAIL-t2,INCONSISTENCY,nextIndex=0,followerCommit=0,matchIndex=-1
2022-11-08 19:12:08,806 [grpc-default-executor-0] INFO  leader.FollowerInfo (FollowerInfoImpl.java:lambda$new$0(48)) - s1@group-EA982605F2E5->s2: nextIndex: updateUnconditionally 5 -> 0
2022-11-08 19:12:08,807 [s2-server-thread1] DEBUG server.RaftServer$Division (RaftServerImpl.java:logAppendEntries(1421)) - s2@group-EA982605F2E5: receive appendEntries(s1, 2, null, 4, true, commits:[s1:c4, s0:c4, s2:c0], cId:953, entries: [(t:2, i:0), CONFIGURATIONENTRY(current:id: "s0"
address: "localhost:34297"
dataStreamAddress: "localhost:43983"
clientAddress: "localhost:39609"
adminAddress: "localhost:37077"
startupRole: FOLLOWER
,id: "s1"
address: "localhost:38917"
dataStreamAddress: "localhost:45719"
clientAddress: "localhost:36975"
adminAddress: "localhost:40635"
startupRole: FOLLOWER
,id: "s2"
address: "localhost:35511"
dataStreamAddress: "localhost:38827"
clientAddress: "localhost:42865"
adminAddress: "localhost:36791"
startupRole: FOLLOWER
, old:), (t:2, i:1), STATEMACHINELOGENTRY, 0@client-2EFB324ADA71, (t:2, i:2), METADATAENTRY(c:1), (t:2, i:3), STATEMACHINELOGENTRY, 999@client-AE8279CAF820, (t:2, i:4), METADATAENTRY(c:3)]
2022-11-08 19:12:08,807 [s2-server-thread1] INFO  server.RaftServer$Division (RaftServerImpl.java:checkInconsistentAppendEntries(1592)) - s2@group-EA982605F2E5: Failed appendEntries as the first entry (index 0) already exists (snapshotIndex: -1, commitIndex: 0)
2022-11-08 19:12:08,808 [s2-server-thread1] INFO  server.RaftServer$Division (RaftServerImpl.java:checkInconsistentAppendEntries(1572)) - s2@group-EA982605F2E5: inconsistency entries. Reply:s1<-s2#953:FAIL-t2,INCONSISTENCY,nextIndex=1,followerCommit=0,matchIndex=-1
2022-11-08 19:12:08,808 [grpc-default-executor-0] INFO  leader.FollowerInfo (FollowerInfoImpl.java:lambda$new$0(48)) - s1@group-EA982605F2E5->s2: nextIndex: updateUnconditionally 5 -> 1
2022-11-08 19:12:08,808 [s2-server-thread2] DEBUG server.RaftServer$Division (RaftServerImpl.java:logAppendEntries(1421)) - s2@group-EA982605F2E5: receive appendEntries(s1, 2, (t:2, i:0), 4, true, commits:[s1:c4, s0:c4, s2:c0], cId:954, entries: [(t:2, i:1), STATEMACHINELOGENTRY, 0@client-2EFB324ADA71, (t:2, i:2), METADATAENTRY(c:1), (t:2, i:3), STATEMACHINELOGENTRY, 999@client-AE8279CAF820, (t:2, i:4), METADATAENTRY(c:3)]
2022-11-08 19:12:08,809 [s2-server-thread2] INFO  server.RaftServer$Division (RaftServerImpl.java:checkInconsistentAppendEntries(1602)) - s2@group-EA982605F2E5: Failed appendEntries as previous log entry ((t:2, i:0)) is not found
2022-11-08 19:12:08,809 [s2-server-thread2] INFO  server.RaftServer$Division (RaftServerImpl.java:checkInconsistentAppendEntries(1572)) - s2@group-EA982605F2E5: inconsistency entries. Reply:s1<-s2#954:FAIL-t2,INCONSISTENCY,nextIndex=0,followerCommit=0,matchIndex=-1
2022-11-08 19:12:08,809 [grpc-default-executor-0] INFO  leader.FollowerInfo (FollowerInfoImpl.java:lambda$new$0(48)) - s1@group-EA982605F2E5->s2: nextIndex: updateUnconditionally 5 -> 0
2022-11-08 19:12:08,810 [s2-server-thread2] DEBUG server.RaftServer$Division (RaftServerImpl.java:logAppendEntries(1421)) - s2@group-EA982605F2E5: receive appendEntries(s1, 2, null, 4, true, commits:[s1:c4, s0:c4, s2:c0], cId:955, entries: [(t:2, i:0), CONFIGURATIONENTRY(current:id: "s0"
address: "localhost:34297"
dataStreamAddress: "localhost:43983"
clientAddress: "localhost:39609"
adminAddress: "localhost:37077"
startupRole: FOLLOWER
,id: "s1"
address: "localhost:38917"
dataStreamAddress: "localhost:45719"
clientAddress: "localhost:36975"
adminAddress: "localhost:40635"
startupRole: FOLLOWER
,id: "s2"
address: "localhost:35511"
dataStreamAddress: "localhost:38827"
clientAddress: "localhost:42865"
adminAddress: "localhost:36791"
startupRole: FOLLOWER
, old:), (t:2, i:1), STATEMACHINELOGENTRY, 0@client-2EFB324ADA71, (t:2, i:2), METADATAENTRY(c:1), (t:2, i:3), STATEMACHINELOGENTRY, 999@client-AE8279CAF820, (t:2, i:4), METADATAENTRY(c:3)]
2022-11-08 19:12:08,810 [s2-server-thread2] INFO  server.RaftServer$Division (RaftServerImpl.java:checkInconsistentAppendEntries(1592)) - s2@group-EA982605F2E5: Failed appendEntries as the first entry (index 0) already exists (snapshotIndex: -1, commitIndex: 0)
2022-11-08 19:12:08,810 [s2-server-thread2] INFO  server.RaftServer$Division (RaftServerImpl.java:checkInconsistentAppendEntries(1572)) - s2@group-EA982605F2E5: inconsistency entries. Reply:s1<-s2#955:FAIL-t2,INCONSISTENCY,nextIndex=1,followerCommit=0,matchIndex=-1
2022-11-08 19:12:08,810 [grpc-default-executor-0] INFO  leader.FollowerInfo (FollowerInfoImpl.java:lambda$new$0(48)) - s1@group-EA982605F2E5->s2: nextIndex: updateUnconditionally 5 -> 1
2022-11-08 19:12:08,811 [s2-server-thread2] DEBUG server.RaftServer$Division (RaftServerImpl.java:logAppendEntries(1421)) - s2@group-EA982605F2E5: receive appendEntries(s1, 2, (t:2, i:0), 4, true, commits:[s1:c4, s0:c4, s2:c0], cId:956, entries: [(t:2, i:1), STATEMACHINELOGENTRY, 0@client-2EFB324ADA71, (t:2, i:2), METADATAENTRY(c:1), (t:2, i:3), STATEMACHINELOGENTRY, 999@client-AE8279CAF820, (t:2, i:4), METADATAENTRY(c:3)]
2022-11-08 19:12:08,811 [s2-server-thread2] INFO  server.RaftServer$Division (RaftServerImpl.java:checkInconsistentAppendEntries(1602)) - s2@group-EA982605F2E5: Failed appendEntries as previous log entry ((t:2, i:0)) is not found
2022-11-08 19:12:08,811 [s2-server-thread2] INFO  server.RaftServer$Division (RaftServerImpl.java:checkInconsistentAppendEntries(1572)) - s2@group-EA982605F2E5: inconsistency entries. Reply:s1<-s2#956:FAIL-t2,INCONSISTENCY,nextIndex=0,followerCommit=0,matchIndex=-1
2022-11-08 19:12:08,811 [grpc-default-executor-0] INFO  leader.FollowerInfo (FollowerInfoImpl.java:lambda$new$0(48)) - s1@group-EA982605F2E5->s2: nextIndex: updateUnconditionally 5 -> 0
2022-11-08 19:12:08,812 [s2-server-thread2] DEBUG server.RaftServer$Division (RaftServerImpl.java:logAppendEntries(1421)) - s2@group-EA982605F2E5: receive appendEntries(s1, 2, null, 4, true, commits:[s1:c4, s0:c4, s2:c0], cId:957, entries: [(t:2, i:0), CONFIGURATIONENTRY(current:id: "s0"
address: "localhost:34297"
dataStreamAddress: "localhost:43983"
clientAddress: "localhost:39609"
adminAddress: "localhost:37077"
startupRole: FOLLOWER
,id: "s1"
address: "localhost:38917"
dataStreamAddress: "localhost:45719"
clientAddress: "localhost:36975"
adminAddress: "localhost:40635"
startupRole: FOLLOWER
,id: "s2"
address: "localhost:35511"
dataStreamAddress: "localhost:38827"
clientAddress: "localhost:42865"
adminAddress: "localhost:36791"
startupRole: FOLLOWER
, old:), (t:2, i:1), STATEMACHINELOGENTRY, 0@client-2EFB324ADA71, (t:2, i:2), METADATAENTRY(c:1), (t:2, i:3), STATEMACHINELOGENTRY, 999@client-AE8279CAF820, (t:2, i:4), METADATAENTRY(c:3)]
2022-11-08 19:12:08,812 [s2-server-thread2] INFO  server.RaftServer$Division (RaftServerImpl.java:checkInconsistentAppendEntries(1592)) - s2@group-EA982605F2E5: Failed appendEntries as the first entry (index 0) already exists (snapshotIndex: -1, commitIndex: 0)
2022-11-08 19:12:08,812 [s2-server-thread2] INFO  server.RaftServer$Division (RaftServerImpl.java:checkInconsistentAppendEntries(1572)) - s2@group-EA982605F2E5: inconsistency entries. Reply:s1<-s2#957:FAIL-t2,INCONSISTENCY,nextIndex=1,followerCommit=0,matchIndex=-1
2022-11-08 19:12:08,813 [grpc-default-executor-0] INFO  leader.FollowerInfo (FollowerInfoImpl.java:lambda$new$0(48)) - s1@group-EA982605F2E5->s2: nextIndex: updateUnconditionally 5 -> 1
2022-11-08 19:12:08,813 [s2-server-thread1] DEBUG server.RaftServer$Division (RaftServerImpl.java:logAppendEntries(1421)) - s2@group-EA982605F2E5: receive appendEntries(s1, 2, (t:2, i:0), 4, true, commits:[s1:c4, s0:c4, s2:c0], cId:958, entries: [(t:2, i:1), STATEMACHINELOGENTRY, 0@client-2EFB324ADA71, (t:2, i:2), METADATAENTRY(c:1), (t:2, i:3), STATEMACHINELOGENTRY, 999@client-AE8279CAF820, (t:2, i:4), METADATAENTRY(c:3)]
2022-11-08 19:12:08,813 [s2-server-thread1] INFO  server.RaftServer$Division (RaftServerImpl.java:checkInconsistentAppendEntries(1602)) - s2@group-EA982605F2E5: Failed appendEntries as previous log entry ((t:2, i:0)) is not found
2022-11-08 19:12:08,813 [s2-server-thread1] INFO  server.RaftServer$Division (RaftServerImpl.java:checkInconsistentAppendEntries(1572)) - s2@group-EA982605F2E5: inconsistency entries. Reply:s1<-s2#958:FAIL-t2,INCONSISTENCY,nextIndex=0,followerCommit=0,matchIndex=-1
2022-11-08 19:12:08,814 [grpc-default-executor-0] INFO  leader.FollowerInfo (FollowerInfoImpl.java:lambda$new$0(48)) - s1@group-EA982605F2E5->s2: nextIndex: updateUnconditionally 5 -> 0
2022-11-08 19:12:08,814 [s2-server-thread1] DEBUG server.RaftServer$Division (RaftServerImpl.java:logAppendEntries(1421)) - s2@group-EA982605F2E5: receive appendEntries(s1, 2, null, 4, true, commits:[s1:c4, s0:c4, s2:c0], cId:959, entries: [(t:2, i:0), CONFIGURATIONENTRY(current:id: "s0"
address: "localhost:34297"
dataStreamAddress: "localhost:43983"
clientAddress: "localhost:39609"
adminAddress: "localhost:37077"
startupRole: FOLLOWER
,id: "s1"
address: "localhost:38917"
dataStreamAddress: "localhost:45719"
clientAddress: "localhost:36975"
adminAddress: "localhost:40635"
startupRole: FOLLOWER
,id: "s2"
address: "localhost:35511"
dataStreamAddress: "localhost:38827"
clientAddress: "localhost:42865"
adminAddress: "localhost:36791"
startupRole: FOLLOWER
, old:), (t:2, i:1), STATEMACHINELOGENTRY, 0@client-2EFB324ADA71, (t:2, i:2), METADATAENTRY(c:1), (t:2, i:3), STATEMACHINELOGENTRY, 999@client-AE8279CAF820, (t:2, i:4), METADATAENTRY(c:3)]
2022-11-08 19:12:08,815 [s2-server-thread1] INFO  server.RaftServer$Division (RaftServerImpl.java:checkInconsistentAppendEntries(1592)) - s2@group-EA982605F2E5: Failed appendEntries as the first entry (index 0) already exists (snapshotIndex: -1, commitIndex: 0)
2022-11-08 19:12:08,815 [s2-server-thread1] INFO  server.RaftServer$Division (RaftServerImpl.java:checkInconsistentAppendEntries(1572)) - s2@group-EA982605F2E5: inconsistency entries. Reply:s1<-s2#959:FAIL-t2,INCONSISTENCY,nextIndex=1,followerCommit=0,matchIndex=-1
2022-11-08 19:12:08,815 [grpc-default-executor-0] INFO  leader.FollowerInfo (FollowerInfoImpl.java:lambda$new$0(48)) - s1@group-EA982605F2E5->s2: nextIndex: updateUnconditionally 5 -> 1
2022-11-08 19:12:08,815 [s2-server-thread1] DEBUG server.RaftServer$Division (RaftServerImpl.java:logAppendEntries(1421)) - s2@group-EA982605F2E5: receive appendEntries(s1, 2, (t:2, i:0), 4, true, commits:[s1:c4, s0:c4, s2:c0], cId:960, entries: [(t:2, i:1), STATEMACHINELOGENTRY, 0@client-2EFB324ADA71, (t:2, i:2), METADATAENTRY(c:1), (t:2, i:3), STATEMACHINELOGENTRY, 999@client-AE8279CAF820, (t:2, i:4), METADATAENTRY(c:3)]
2022-11-08 19:12:08,816 [s2-server-thread1] INFO  server.RaftServer$Division (RaftServerImpl.java:checkInconsistentAppendEntries(1602)) - s2@group-EA982605F2E5: Failed appendEntries as previous log entry ((t:2, i:0)) is not found
2022-11-08 19:12:08,816 [s2-server-thread1] INFO  server.RaftServer$Division (RaftServerImpl.java:checkInconsistentAppendEntries(1572)) - s2@group-EA982605F2E5: inconsistency entries. Reply:s1<-s2#960:FAIL-t2,INCONSISTENCY,nextIndex=0,followerCommit=0,matchIndex=-1
2022-11-08 19:12:08,816 [grpc-default-executor-0] INFO  leader.FollowerInfo (FollowerInfoImpl.java:lambda$new$0(48)) - s1@group-EA982605F2E5->s2: nextIndex: updateUnconditionally 5 -> 0
2022-11-08 19:12:08,817 [s2-server-thread1] DEBUG server.RaftServer$Division (RaftServerImpl.java:logAppendEntries(1421)) - s2@group-EA982605F2E5: receive appendEntries(s1, 2, null, 4, true, commits:[s1:c4, s0:c4, s2:c0], cId:961, entries: [(t:2, i:0), CONFIGURATIONENTRY(current:id: "s0"
address: "localhost:34297"
dataStreamAddress: "localhost:43983"
clientAddress: "localhost:39609"
adminAddress: "localhost:37077"
startupRole: FOLLOWER
,id: "s1"
address: "localhost:38917"
dataStreamAddress: "localhost:45719"
clientAddress: "localhost:36975"
adminAddress: "localhost:40635"
startupRole: FOLLOWER
,id: "s2"
address: "localhost:35511"
dataStreamAddress: "localhost:38827"
clientAddress: "localhost:42865"
adminAddress: "localhost:36791"
startupRole: FOLLOWER
, old:), (t:2, i:1), STATEMACHINELOGENTRY, 0@client-2EFB324ADA71, (t:2, i:2), METADATAENTRY(c:1), (t:2, i:3), STATEMACHINELOGENTRY, 999@client-AE8279CAF820, (t:2, i:4), METADATAENTRY(c:3)]
2022-11-08 19:12:08,817 [s2-server-thread1] INFO  server.RaftServer$Division (RaftServerImpl.java:checkInconsistentAppendEntries(1592)) - s2@group-EA982605F2E5: Failed appendEntries as the first entry (index 0) already exists (snapshotIndex: -1, commitIndex: 0)
2022-11-08 19:12:08,817 [s2-server-thread1] INFO  server.RaftServer$Division (RaftServerImpl.java:checkInconsistentAppendEntries(1572)) - s2@group-EA982605F2E5: inconsistency entries. Reply:s1<-s2#961:FAIL-t2,INCONSISTENCY,nextIndex=1,followerCommit=0,matchIndex=-1
2022-11-08 19:12:08,817 [grpc-default-executor-0] INFO  leader.FollowerInfo (FollowerInfoImpl.java:lambda$new$0(48)) - s1@group-EA982605F2E5->s2: nextIndex: updateUnconditionally 5 -> 1
2022-11-08 19:12:08,818 [s2-server-thread1] DEBUG server.RaftServer$Division (RaftServerImpl.java:logAppendEntries(1421)) - s2@group-EA982605F2E5: receive appendEntries(s1, 2, (t:2, i:0), 4, true, commits:[s1:c4, s0:c4, s2:c0], cId:962, entries: [(t:2, i:1), STATEMACHINELOGENTRY, 0@client-2EFB324ADA71, (t:2, i:2), METADATAENTRY(c:1), (t:2, i:3), STATEMACHINELOGENTRY, 999@client-AE8279CAF820, (t:2, i:4), METADATAENTRY(c:3)]
2022-11-08 19:12:08,818 [s2-server-thread1] INFO  server.RaftServer$Division (RaftServerImpl.java:checkInconsistentAppendEntries(1602)) - s2@group-EA982605F2E5: Failed appendEntries as previous log entry ((t:2, i:0)) is not found
2022-11-08 19:12:08,818 [s2-server-thread1] INFO  server.RaftServer$Division (RaftServerImpl.java:checkInconsistentAppendEntries(1572)) - s2@group-EA982605F2E5: inconsistency entries. Reply:s1<-s2#962:FAIL-t2,INCONSISTENCY,nextIndex=0,followerCommit=0,matchIndex=-1
2022-11-08 19:12:08,819 [grpc-default-executor-3] INFO  leader.FollowerInfo (FollowerInfoImpl.java:lambda$new$0(48)) - s1@group-EA982605F2E5->s2: nextIndex: updateUnconditionally 5 -> 0
2022-11-08 19:12:08,820 [s2-server-thread1] DEBUG server.RaftServer$Division (RaftServerImpl.java:logAppendEntries(1421)) - s2@group-EA982605F2E5: receive appendEntries(s1, 2, null, 4, true, commits:[s1:c4, s0:c4, s2:c0], cId:963, entries: [(t:2, i:0), CONFIGURATIONENTRY(current:id: "s0"
address: "localhost:34297"
dataStreamAddress: "localhost:43983"
clientAddress: "localhost:39609"
adminAddress: "localhost:37077"
startupRole: FOLLOWER
,id: "s1"
address: "localhost:38917"
dataStreamAddress: "localhost:45719"
clientAddress: "localhost:36975"
adminAddress: "localhost:40635"
startupRole: FOLLOWER
,id: "s2"
address: "localhost:35511"
dataStreamAddress: "localhost:38827"
clientAddress: "localhost:42865"
adminAddress: "localhost:36791"
startupRole: FOLLOWER
, old:), (t:2, i:1), STATEMACHINELOGENTRY, 0@client-2EFB324ADA71, (t:2, i:2), METADATAENTRY(c:1), (t:2, i:3), STATEMACHINELOGENTRY, 999@client-AE8279CAF820, (t:2, i:4), METADATAENTRY(c:3)]
2022-11-08 19:12:08,820 [s2-server-thread1] INFO  server.RaftServer$Division (RaftServerImpl.java:checkInconsistentAppendEntries(1592)) - s2@group-EA982605F2E5: Failed appendEntries as the first entry (index 0) already exists (snapshotIndex: -1, commitIndex: 0)
2022-11-08 19:12:08,821 [s2-server-thread1] INFO  server.RaftServer$Division (RaftServerImpl.java:checkInconsistentAppendEntries(1572)) - s2@group-EA982605F2E5: inconsistency entries. Reply:s1<-s2#963:FAIL-t2,INCONSISTENCY,nextIndex=1,followerCommit=0,matchIndex=-1
2022-11-08 19:12:08,822 [grpc-default-executor-3] INFO  leader.FollowerInfo (FollowerInfoImpl.java:lambda$new$0(48)) - s1@group-EA982605F2E5->s2: nextIndex: updateUnconditionally 5 -> 1
2022-11-08 19:12:08,822 [s2-server-thread1] DEBUG server.RaftServer$Division (RaftServerImpl.java:logAppendEntries(1421)) - s2@group-EA982605F2E5: receive appendEntries(s1, 2, (t:2, i:0), 4, true, commits:[s1:c4, s0:c4, s2:c0], cId:964, entries: [(t:2, i:1), STATEMACHINELOGENTRY, 0@client-2EFB324ADA71, (t:2, i:2), METADATAENTRY(c:1), (t:2, i:3), STATEMACHINELOGENTRY, 999@client-AE8279CAF820, (t:2, i:4), METADATAENTRY(c:3)]
2022-11-08 19:12:08,822 [s2-server-thread1] INFO  server.RaftServer$Division (RaftServerImpl.java:checkInconsistentAppendEntries(1602)) - s2@group-EA982605F2E5: Failed appendEntries as previous log entry ((t:2, i:0)) is not found
2022-11-08 19:12:08,823 [s2-server-thread1] INFO  server.RaftServer$Division (RaftServerImpl.java:checkInconsistentAppendEntries(1572)) - s2@group-EA982605F2E5: inconsistency entries. Reply:s1<-s2#964:FAIL-t2,INCONSISTENCY,nextIndex=0,followerCommit=0,matchIndex=-1
2022-11-08 19:12:08,823 [grpc-default-executor-3] INFO  leader.FollowerInfo (FollowerInfoImpl.java:lambda$new$0(48)) - s1@group-EA982605F2E5->s2: nextIndex: updateUnconditionally 5 -> 0
2022-11-08 19:12:08,824 [s2-server-thread1] DEBUG server.RaftServer$Division (RaftServerImpl.java:logAppendEntries(1421)) - s2@group-EA982605F2E5: receive appendEntries(s1, 2, null, 4, true, commits:[s1:c4, s0:c4, s2:c0], cId:965, entries: [(t:2, i:0), CONFIGURATIONENTRY(current:id: "s0"
address: "localhost:34297"
dataStreamAddress: "localhost:43983"
clientAddress: "localhost:39609"
adminAddress: "localhost:37077"
startupRole: FOLLOWER
,id: "s1"
address: "localhost:38917"
dataStreamAddress: "localhost:45719"
clientAddress: "localhost:36975"
adminAddress: "localhost:40635"
startupRole: FOLLOWER
,id: "s2"
address: "localhost:35511"
dataStreamAddress: "localhost:38827"
clientAddress: "localhost:42865"
adminAddress: "localhost:36791"
startupRole: FOLLOWER
, old:), (t:2, i:1), STATEMACHINELOGENTRY, 0@client-2EFB324ADA71, (t:2, i:2), METADATAENTRY(c:1), (t:2, i:3), STATEMACHINELOGENTRY, 999@client-AE8279CAF820, (t:2, i:4), METADATAENTRY(c:3)]
2022-11-08 19:12:08,824 [s2-server-thread1] INFO  server.RaftServer$Division (RaftServerImpl.java:checkInconsistentAppendEntries(1592)) - s2@group-EA982605F2E5: Failed appendEntries as the first entry (index 0) already exists (snapshotIndex: -1, commitIndex: 0)
2022-11-08 19:12:08,824 [s2-server-thread1] INFO  server.RaftServer$Division (RaftServerImpl.java:checkInconsistentAppendEntries(1572)) - s2@group-EA982605F2E5: inconsistency entries. Reply:s1<-s2#965:FAIL-t2,INCONSISTENCY,nextIndex=1,followerCommit=0,matchIndex=-1
2022-11-08 19:12:08,824 [grpc-default-executor-3] INFO  leader.FollowerInfo (FollowerInfoImpl.java:lambda$new$0(48)) - s1@group-EA982605F2E5->s2: nextIndex: updateUnconditionally 5 -> 1
2022-11-08 19:12:08,825 [s2-server-thread1] DEBUG server.RaftServer$Division (RaftServerImpl.java:logAppendEntries(1421)) - s2@group-EA982605F2E5: receive appendEntries(s1, 2, (t:2, i:0), 4, true, commits:[s1:c4, s0:c4, s2:c0], cId:966, entries: [(t:2, i:1), STATEMACHINELOGENTRY, 0@client-2EFB324ADA71, (t:2, i:2), METADATAENTRY(c:1), (t:2, i:3), STATEMACHINELOGENTRY, 999@client-AE8279CAF820, (t:2, i:4), METADATAENTRY(c:3)]
2022-11-08 19:12:08,825 [s2-server-thread1] INFO  server.RaftServer$Division (RaftServerImpl.java:checkInconsistentAppendEntries(1602)) - s2@group-EA982605F2E5: Failed appendEntries as previous log entry ((t:2, i:0)) is not found
2022-11-08 19:12:08,825 [s2-server-thread1] INFO  server.RaftServer$Division (RaftServerImpl.java:checkInconsistentAppendEntries(1572)) - s2@group-EA982605F2E5: inconsistency entries. Reply:s1<-s2#966:FAIL-t2,INCONSISTENCY,nextIndex=0,followerCommit=0,matchIndex=-1
2022-11-08 19:12:08,825 [grpc-default-executor-3] INFO  leader.FollowerInfo (FollowerInfoImpl.java:lambda$new$0(48)) - s1@group-EA982605F2E5->s2: nextIndex: updateUnconditionally 5 -> 0
2022-11-08 19:12:08,826 [s2-server-thread1] DEBUG server.RaftServer$Division (RaftServerImpl.java:logAppendEntries(1421)) - s2@group-EA982605F2E5: receive appendEntries(s1, 2, null, 4, true, commits:[s1:c4, s0:c4, s2:c0], cId:967, entries: [(t:2, i:0), CONFIGURATIONENTRY(current:id: "s0"
address: "localhost:34297"
dataStreamAddress: "localhost:43983"
clientAddress: "localhost:39609"
adminAddress: "localhost:37077"
startupRole: FOLLOWER
,id: "s1"
address: "localhost:38917"
dataStreamAddress: "localhost:45719"
clientAddress: "localhost:36975"
adminAddress: "localhost:40635"
startupRole: FOLLOWER
,id: "s2"
address: "localhost:35511"
dataStreamAddress: "localhost:38827"
clientAddress: "localhost:42865"
adminAddress: "localhost:36791"
startupRole: FOLLOWER
, old:), (t:2, i:1), STATEMACHINELOGENTRY, 0@client-2EFB324ADA71, (t:2, i:2), METADATAENTRY(c:1), (t:2, i:3), STATEMACHINELOGENTRY, 999@client-AE8279CAF820, (t:2, i:4), METADATAENTRY(c:3)]
2022-11-08 19:12:08,826 [s2-server-thread1] INFO  server.RaftServer$Division (RaftServerImpl.java:checkInconsistentAppendEntries(1592)) - s2@group-EA982605F2E5: Failed appendEntries as the first entry (index 0) already exists (snapshotIndex: -1, commitIndex: 0)
2022-11-08 19:12:08,826 [s2-server-thread1] INFO  server.RaftServer$Division (RaftServerImpl.java:checkInconsistentAppendEntries(1572)) - s2@group-EA982605F2E5: inconsistency entries. Reply:s1<-s2#967:FAIL-t2,INCONSISTENCY,nextIndex=1,followerCommit=0,matchIndex=-1
2022-11-08 19:12:08,826 [grpc-default-executor-3] INFO  leader.FollowerInfo (FollowerInfoImpl.java:lambda$new$0(48)) - s1@group-EA982605F2E5->s2: nextIndex: updateUnconditionally 5 -> 1
2022-11-08 19:12:08,827 [s2-server-thread1] DEBUG server.RaftServer$Division (RaftServerImpl.java:logAppendEntries(1421)) - s2@group-EA982605F2E5: receive appendEntries(s1, 2, (t:2, i:0), 4, true, commits:[s1:c4, s0:c4, s2:c0], cId:968, entries: [(t:2, i:1), STATEMACHINELOGENTRY, 0@client-2EFB324ADA71, (t:2, i:2), METADATAENTRY(c:1), (t:2, i:3), STATEMACHINELOGENTRY, 999@client-AE8279CAF820, (t:2, i:4), METADATAENTRY(c:3)]
2022-11-08 19:12:08,827 [s2-server-thread1] INFO  server.RaftServer$Division (RaftServerImpl.java:checkInconsistentAppendEntries(1602)) - s2@group-EA982605F2E5: Failed appendEntries as previous log entry ((t:2, i:0)) is not found
2022-11-08 19:12:08,827 [s2-server-thread1] INFO  server.RaftServer$Division (RaftServerImpl.java:checkInconsistentAppendEntries(1572)) - s2@group-EA982605F2E5: inconsistency entries. Reply:s1<-s2#968:FAIL-t2,INCONSISTENCY,nextIndex=0,followerCommit=0,matchIndex=-1
2022-11-08 19:12:08,827 [grpc-default-executor-3] INFO  leader.FollowerInfo (FollowerInfoImpl.java:lambda$new$0(48)) - s1@group-EA982605F2E5->s2: nextIndex: updateUnconditionally 5 -> 0
2022-11-08 19:12:08,828 [s2-server-thread1] DEBUG server.RaftServer$Division (RaftServerImpl.java:logAppendEntries(1421)) - s2@group-EA982605F2E5: receive appendEntries(s1, 2, null, 4, true, commits:[s1:c4, s0:c4, s2:c0], cId:969, entries: [(t:2, i:0), CONFIGURATIONENTRY(current:id: "s0"
address: "localhost:34297"
dataStreamAddress: "localhost:43983"
clientAddress: "localhost:39609"
adminAddress: "localhost:37077"
startupRole: FOLLOWER
,id: "s1"
address: "localhost:38917"
dataStreamAddress: "localhost:45719"
clientAddress: "localhost:36975"
adminAddress: "localhost:40635"
startupRole: FOLLOWER
,id: "s2"
address: "localhost:35511"
dataStreamAddress: "localhost:38827"
clientAddress: "localhost:42865"
adminAddress: "localhost:36791"
startupRole: FOLLOWER
, old:), (t:2, i:1), STATEMACHINELOGENTRY, 0@client-2EFB324ADA71, (t:2, i:2), METADATAENTRY(c:1), (t:2, i:3), STATEMACHINELOGENTRY, 999@client-AE8279CAF820, (t:2, i:4), METADATAENTRY(c:3)]
2022-11-08 19:12:08,828 [s2-server-thread1] INFO  server.RaftServer$Division (RaftServerImpl.java:checkInconsistentAppendEntries(1592)) - s2@group-EA982605F2E5: Failed appendEntries as the first entry (index 0) already exists (snapshotIndex: -1, commitIndex: 0)
2022-11-08 19:12:08,828 [s2-server-thread1] INFO  server.RaftServer$Division (RaftServerImpl.java:checkInconsistentAppendEntries(1572)) - s2@group-EA982605F2E5: inconsistency entries. Reply:s1<-s2#969:FAIL-t2,INCONSISTENCY,nextIndex=1,followerCommit=0,matchIndex=-1
2022-11-08 19:12:08,829 [grpc-default-executor-3] INFO  leader.FollowerInfo (FollowerInfoImpl.java:lambda$new$0(48)) - s1@group-EA982605F2E5->s2: nextIndex: updateUnconditionally 5 -> 1
2022-11-08 19:12:08,829 [s2-server-thread1] DEBUG server.RaftServer$Division (RaftServerImpl.java:logAppendEntries(1421)) - s2@group-EA982605F2E5: receive appendEntries(s1, 2, (t:2, i:0), 4, true, commits:[s1:c4, s0:c4, s2:c0], cId:970, entries: [(t:2, i:1), STATEMACHINELOGENTRY, 0@client-2EFB324ADA71, (t:2, i:2), METADATAENTRY(c:1), (t:2, i:3), STATEMACHINELOGENTRY, 999@client-AE8279CAF820, (t:2, i:4), METADATAENTRY(c:3)]
2022-11-08 19:12:08,829 [s2-server-thread1] INFO  server.RaftServer$Division (RaftServerImpl.java:checkInconsistentAppendEntries(1602)) - s2@group-EA982605F2E5: Failed appendEntries as previous log entry ((t:2, i:0)) is not found
2022-11-08 19:12:08,829 [s2-server-thread1] INFO  server.RaftServer$Division (RaftServerImpl.java:checkInconsistentAppendEntries(1572)) - s2@group-EA982605F2E5: inconsistency entries. Reply:s1<-s2#970:FAIL-t2,INCONSISTENCY,nextIndex=0,followerCommit=0,matchIndex=-1
2022-11-08 19:12:08,830 [grpc-default-executor-3] INFO  leader.FollowerInfo (FollowerInfoImpl.java:lambda$new$0(48)) - s1@group-EA982605F2E5->s2: nextIndex: updateUnconditionally 5 -> 0
2022-11-08 19:12:08,830 [s2-server-thread1] DEBUG server.RaftServer$Division (RaftServerImpl.java:logAppendEntries(1421)) - s2@group-EA982605F2E5: receive appendEntries(s1, 2, null, 4, true, commits:[s1:c4, s0:c4, s2:c0], cId:971, entries: [(t:2, i:0), CONFIGURATIONENTRY(current:id: "s0"
address: "localhost:34297"
dataStreamAddress: "localhost:43983"
clientAddress: "localhost:39609"
adminAddress: "localhost:37077"
startupRole: FOLLOWER
,id: "s1"
address: "localhost:38917"
dataStreamAddress: "localhost:45719"
clientAddress: "localhost:36975"
adminAddress: "localhost:40635"
startupRole: FOLLOWER
,id: "s2"
address: "localhost:35511"
dataStreamAddress: "localhost:38827"
clientAddress: "localhost:42865"
adminAddress: "localhost:36791"
startupRole: FOLLOWER
, old:), (t:2, i:1), STATEMACHINELOGENTRY, 0@client-2EFB324ADA71, (t:2, i:2), METADATAENTRY(c:1), (t:2, i:3), STATEMACHINELOGENTRY, 999@client-AE8279CAF820, (t:2, i:4), METADATAENTRY(c:3)]
2022-11-08 19:12:08,831 [s2-server-thread1] INFO  server.RaftServer$Division (RaftServerImpl.java:checkInconsistentAppendEntries(1592)) - s2@group-EA982605F2E5: Failed appendEntries as the first entry (index 0) already exists (snapshotIndex: -1, commitIndex: 0)
2022-11-08 19:12:08,831 [s2-server-thread1] INFO  server.RaftServer$Division (RaftServerImpl.java:checkInconsistentAppendEntries(1572)) - s2@group-EA982605F2E5: inconsistency entries. Reply:s1<-s2#971:FAIL-t2,INCONSISTENCY,nextIndex=1,followerCommit=0,matchIndex=-1
2022-11-08 19:12:08,831 [grpc-default-executor-3] INFO  leader.FollowerInfo (FollowerInfoImpl.java:lambda$new$0(48)) - s1@group-EA982605F2E5->s2: nextIndex: updateUnconditionally 5 -> 1
2022-11-08 19:12:08,832 [s2-server-thread1] DEBUG server.RaftServer$Division (RaftServerImpl.java:logAppendEntries(1421)) - s2@group-EA982605F2E5: receive appendEntries(s1, 2, (t:2, i:0), 4, true, commits:[s1:c4, s0:c4, s2:c0], cId:972, entries: [(t:2, i:1), STATEMACHINELOGENTRY, 0@client-2EFB324ADA71, (t:2, i:2), METADATAENTRY(c:1), (t:2, i:3), STATEMACHINELOGENTRY, 999@client-AE8279CAF820, (t:2, i:4), METADATAENTRY(c:3)]
2022-11-08 19:12:08,832 [s2-server-thread1] INFO  server.RaftServer$Division (RaftServerImpl.java:checkInconsistentAppendEntries(1602)) - s2@group-EA982605F2E5: Failed appendEntries as previous log entry ((t:2, i:0)) is not found
2022-11-08 19:12:08,832 [s2-server-thread1] INFO  server.RaftServer$Division (RaftServerImpl.java:checkInconsistentAppendEntries(1572)) - s2@group-EA982605F2E5: inconsistency entries. Reply:s1<-s2#972:FAIL-t2,INCONSISTENCY,nextIndex=0,followerCommit=0,matchIndex=-1
2022-11-08 19:12:08,832 [grpc-default-executor-3] INFO  leader.FollowerInfo (FollowerInfoImpl.java:lambda$new$0(48)) - s1@group-EA982605F2E5->s2: nextIndex: updateUnconditionally 5 -> 0
2022-11-08 19:12:08,833 [s2-server-thread1] DEBUG server.RaftServer$Division (RaftServerImpl.java:logAppendEntries(1421)) - s2@group-EA982605F2E5: receive appendEntries(s1, 2, null, 4, true, commits:[s1:c4, s0:c4, s2:c0], cId:973, entries: [(t:2, i:0), CONFIGURATIONENTRY(current:id: "s0"
address: "localhost:34297"
dataStreamAddress: "localhost:43983"
clientAddress: "localhost:39609"
adminAddress: "localhost:37077"
startupRole: FOLLOWER
,id: "s1"
address: "localhost:38917"
dataStreamAddress: "localhost:45719"
clientAddress: "localhost:36975"
adminAddress: "localhost:40635"
startupRole: FOLLOWER
,id: "s2"
address: "localhost:35511"
dataStreamAddress: "localhost:38827"
clientAddress: "localhost:42865"
adminAddress: "localhost:36791"
startupRole: FOLLOWER
, old:), (t:2, i:1), STATEMACHINELOGENTRY, 0@client-2EFB324ADA71, (t:2, i:2), METADATAENTRY(c:1), (t:2, i:3), STATEMACHINELOGENTRY, 999@client-AE8279CAF820, (t:2, i:4), METADATAENTRY(c:3)]
2022-11-08 19:12:08,833 [s2-server-thread1] INFO  server.RaftServer$Division (RaftServerImpl.java:checkInconsistentAppendEntries(1592)) - s2@group-EA982605F2E5: Failed appendEntries as the first entry (index 0) already exists (snapshotIndex: -1, commitIndex: 0)
2022-11-08 19:12:08,833 [s2-server-thread1] INFO  server.RaftServer$Division (RaftServerImpl.java:checkInconsistentAppendEntries(1572)) - s2@group-EA982605F2E5: inconsistency entries. Reply:s1<-s2#973:FAIL-t2,INCONSISTENCY,nextIndex=1,followerCommit=0,matchIndex=-1
2022-11-08 19:12:08,834 [grpc-default-executor-3] INFO  leader.FollowerInfo (FollowerInfoImpl.java:lambda$new$0(48)) - s1@group-EA982605F2E5->s2: nextIndex: updateUnconditionally 5 -> 1
2022-11-08 19:12:08,834 [s2-server-thread1] DEBUG server.RaftServer$Division (RaftServerImpl.java:logAppendEntries(1421)) - s2@group-EA982605F2E5: receive appendEntries(s1, 2, (t:2, i:0), 4, true, commits:[s1:c4, s0:c4, s2:c0], cId:974, entries: [(t:2, i:1), STATEMACHINELOGENTRY, 0@client-2EFB324ADA71, (t:2, i:2), METADATAENTRY(c:1), (t:2, i:3), STATEMACHINELOGENTRY, 999@client-AE8279CAF820, (t:2, i:4), METADATAENTRY(c:3)]
2022-11-08 19:12:08,834 [s2-server-thread1] INFO  server.RaftServer$Division (RaftServerImpl.java:checkInconsistentAppendEntries(1602)) - s2@group-EA982605F2E5: Failed appendEntries as previous log entry ((t:2, i:0)) is not found
2022-11-08 19:12:08,834 [s2-server-thread1] INFO  server.RaftServer$Division (RaftServerImpl.java:checkInconsistentAppendEntries(1572)) - s2@group-EA982605F2E5: inconsistency entries. Reply:s1<-s2#974:FAIL-t2,INCONSISTENCY,nextIndex=0,followerCommit=0,matchIndex=-1
2022-11-08 19:12:08,835 [grpc-default-executor-3] INFO  leader.FollowerInfo (FollowerInfoImpl.java:lambda$new$0(48)) - s1@group-EA982605F2E5->s2: nextIndex: updateUnconditionally 5 -> 0
2022-11-08 19:12:08,836 [s2-server-thread1] DEBUG server.RaftServer$Division (RaftServerImpl.java:logAppendEntries(1421)) - s2@group-EA982605F2E5: receive appendEntries(s1, 2, null, 4, true, commits:[s1:c4, s0:c4, s2:c0], cId:975, entries: [(t:2, i:0), CONFIGURATIONENTRY(current:id: "s0"
address: "localhost:34297"
dataStreamAddress: "localhost:43983"
clientAddress: "localhost:39609"
adminAddress: "localhost:37077"
startupRole: FOLLOWER
,id: "s1"
address: "localhost:38917"
dataStreamAddress: "localhost:45719"
clientAddress: "localhost:36975"
adminAddress: "localhost:40635"
startupRole: FOLLOWER
,id: "s2"
address: "localhost:35511"
dataStreamAddress: "localhost:38827"
clientAddress: "localhost:42865"
adminAddress: "localhost:36791"
startupRole: FOLLOWER
, old:), (t:2, i:1), STATEMACHINELOGENTRY, 0@client-2EFB324ADA71, (t:2, i:2), METADATAENTRY(c:1), (t:2, i:3), STATEMACHINELOGENTRY, 999@client-AE8279CAF820, (t:2, i:4), METADATAENTRY(c:3)]
2022-11-08 19:12:08,836 [s2-server-thread1] INFO  server.RaftServer$Division (RaftServerImpl.java:checkInconsistentAppendEntries(1592)) - s2@group-EA982605F2E5: Failed appendEntries as the first entry (index 0) already exists (snapshotIndex: -1, commitIndex: 0)
2022-11-08 19:12:08,836 [s2-server-thread1] INFO  server.RaftServer$Division (RaftServerImpl.java:checkInconsistentAppendEntries(1572)) - s2@group-EA982605F2E5: inconsistency entries. Reply:s1<-s2#975:FAIL-t2,INCONSISTENCY,nextIndex=1,followerCommit=0,matchIndex=-1
2022-11-08 19:12:08,836 [grpc-default-executor-3] INFO  leader.FollowerInfo (FollowerInfoImpl.java:lambda$new$0(48)) - s1@group-EA982605F2E5->s2: nextIndex: updateUnconditionally 5 -> 1
2022-11-08 19:12:08,837 [s2-server-thread1] DEBUG server.RaftServer$Division (RaftServerImpl.java:logAppendEntries(1421)) - s2@group-EA982605F2E5: receive appendEntries(s1, 2, (t:2, i:0), 4, true, commits:[s1:c4, s0:c4, s2:c0], cId:976, entries: [(t:2, i:1), STATEMACHINELOGENTRY, 0@client-2EFB324ADA71, (t:2, i:2), METADATAENTRY(c:1), (t:2, i:3), STATEMACHINELOGENTRY, 999@client-AE8279CAF820, (t:2, i:4), METADATAENTRY(c:3)]
2022-11-08 19:12:08,837 [s2-server-thread1] INFO  server.RaftServer$Division (RaftServerImpl.java:checkInconsistentAppendEntries(1602)) - s2@group-EA982605F2E5: Failed appendEntries as previous log entry ((t:2, i:0)) is not found
2022-11-08 19:12:08,837 [s2-server-thread1] INFO  server.RaftServer$Division (RaftServerImpl.java:checkInconsistentAppendEntries(1572)) - s2@group-EA982605F2E5: inconsistency entries. Reply:s1<-s2#976:FAIL-t2,INCONSISTENCY,nextIndex=0,followerCommit=0,matchIndex=-1
2022-11-08 19:12:08,838 [grpc-default-executor-3] INFO  leader.FollowerInfo (FollowerInfoImpl.java:lambda$new$0(48)) - s1@group-EA982605F2E5->s2: nextIndex: updateUnconditionally 5 -> 0
2022-11-08 19:12:08,839 [s2-server-thread1] DEBUG server.RaftServer$Division (RaftServerImpl.java:logAppendEntries(1421)) - s2@group-EA982605F2E5: receive appendEntries(s1, 2, null, 4, true, commits:[s1:c4, s0:c4, s2:c0], cId:977, entries: [(t:2, i:0), CONFIGURATIONENTRY(current:id: "s0"
address: "localhost:34297"
dataStreamAddress: "localhost:43983"
clientAddress: "localhost:39609"
adminAddress: "localhost:37077"
startupRole: FOLLOWER
,id: "s1"
address: "localhost:38917"
dataStreamAddress: "localhost:45719"
clientAddress: "localhost:36975"
adminAddress: "localhost:40635"
startupRole: FOLLOWER
,id: "s2"
address: "localhost:35511"
dataStreamAddress: "localhost:38827"
clientAddress: "localhost:42865"
adminAddress: "localhost:36791"
startupRole: FOLLOWER
, old:), (t:2, i:1), STATEMACHINELOGENTRY, 0@client-2EFB324ADA71, (t:2, i:2), METADATAENTRY(c:1), (t:2, i:3), STATEMACHINELOGENTRY, 999@client-AE8279CAF820, (t:2, i:4), METADATAENTRY(c:3)]
2022-11-08 19:12:08,839 [s2-server-thread1] INFO  server.RaftServer$Division (RaftServerImpl.java:checkInconsistentAppendEntries(1592)) - s2@group-EA982605F2E5: Failed appendEntries as the first entry (index 0) already exists (snapshotIndex: -1, commitIndex: 0)
2022-11-08 19:12:08,839 [s2-server-thread1] INFO  server.RaftServer$Division (RaftServerImpl.java:checkInconsistentAppendEntries(1572)) - s2@group-EA982605F2E5: inconsistency entries. Reply:s1<-s2#977:FAIL-t2,INCONSISTENCY,nextIndex=1,followerCommit=0,matchIndex=-1
2022-11-08 19:12:08,839 [grpc-default-executor-3] INFO  leader.FollowerInfo (FollowerInfoImpl.java:lambda$new$0(48)) - s1@group-EA982605F2E5->s2: nextIndex: updateUnconditionally 5 -> 1
2022-11-08 19:12:08,841 [s2-server-thread1] DEBUG server.RaftServer$Division (RaftServerImpl.java:logAppendEntries(1421)) - s2@group-EA982605F2E5: receive appendEntries(s1, 2, (t:2, i:0), 4, true, commits:[s1:c4, s0:c4, s2:c0], cId:978, entries: [(t:2, i:1), STATEMACHINELOGENTRY, 0@client-2EFB324ADA71, (t:2, i:2), METADATAENTRY(c:1), (t:2, i:3), STATEMACHINELOGENTRY, 999@client-AE8279CAF820, (t:2, i:4), METADATAENTRY(c:3)]
2022-11-08 19:12:08,841 [s2-server-thread1] INFO  server.RaftServer$Division (RaftServerImpl.java:checkInconsistentAppendEntries(1602)) - s2@group-EA982605F2E5: Failed appendEntries as previous log entry ((t:2, i:0)) is not found
2022-11-08 19:12:08,841 [s2-server-thread1] INFO  server.RaftServer$Division (RaftServerImpl.java:checkInconsistentAppendEntries(1572)) - s2@group-EA982605F2E5: inconsistency entries. Reply:s1<-s2#978:FAIL-t2,INCONSISTENCY,nextIndex=0,followerCommit=0,matchIndex=-1
2022-11-08 19:12:08,841 [grpc-default-executor-3] INFO  leader.FollowerInfo (FollowerInfoImpl.java:lambda$new$0(48)) - s1@group-EA982605F2E5->s2: nextIndex: updateUnconditionally 5 -> 0
2022-11-08 19:12:08,842 [s2-server-thread1] DEBUG server.RaftServer$Division (RaftServerImpl.java:logAppendEntries(1421)) - s2@group-EA982605F2E5: receive appendEntries(s1, 2, null, 4, true, commits:[s1:c4, s0:c4, s2:c0], cId:979, entries: [(t:2, i:0), CONFIGURATIONENTRY(current:id: "s0"
address: "localhost:34297"
dataStreamAddress: "localhost:43983"
clientAddress: "localhost:39609"
adminAddress: "localhost:37077"
startupRole: FOLLOWER
,id: "s1"
address: "localhost:38917"
dataStreamAddress: "localhost:45719"
clientAddress: "localhost:36975"
adminAddress: "localhost:40635"
startupRole: FOLLOWER
,id: "s2"
address: "localhost:35511"
dataStreamAddress: "localhost:38827"
clientAddress: "localhost:42865"
adminAddress: "localhost:36791"
startupRole: FOLLOWER
, old:), (t:2, i:1), STATEMACHINELOGENTRY, 0@client-2EFB324ADA71, (t:2, i:2), METADATAENTRY(c:1), (t:2, i:3), STATEMACHINELOGENTRY, 999@client-AE8279CAF820, (t:2, i:4), METADATAENTRY(c:3)]
2022-11-08 19:12:08,842 [s2-server-thread1] INFO  server.RaftServer$Division (RaftServerImpl.java:checkInconsistentAppendEntries(1592)) - s2@group-EA982605F2E5: Failed appendEntries as the first entry (index 0) already exists (snapshotIndex: -1, commitIndex: 0)
2022-11-08 19:12:08,842 [s2-server-thread1] INFO  server.RaftServer$Division (RaftServerImpl.java:checkInconsistentAppendEntries(1572)) - s2@group-EA982605F2E5: inconsistency entries. Reply:s1<-s2#979:FAIL-t2,INCONSISTENCY,nextIndex=1,followerCommit=0,matchIndex=-1
2022-11-08 19:12:08,843 [grpc-default-executor-3] INFO  leader.FollowerInfo (FollowerInfoImpl.java:lambda$new$0(48)) - s1@group-EA982605F2E5->s2: nextIndex: updateUnconditionally 5 -> 1
2022-11-08 19:12:08,844 [s2-server-thread1] DEBUG server.RaftServer$Division (RaftServerImpl.java:logAppendEntries(1421)) - s2@group-EA982605F2E5: receive appendEntries(s1, 2, (t:2, i:0), 4, true, commits:[s1:c4, s0:c4, s2:c0], cId:980, entries: [(t:2, i:1), STATEMACHINELOGENTRY, 0@client-2EFB324ADA71, (t:2, i:2), METADATAENTRY(c:1), (t:2, i:3), STATEMACHINELOGENTRY, 999@client-AE8279CAF820, (t:2, i:4), METADATAENTRY(c:3)]
2022-11-08 19:12:08,844 [s2-server-thread1] INFO  server.RaftServer$Division (RaftServerImpl.java:checkInconsistentAppendEntries(1602)) - s2@group-EA982605F2E5: Failed appendEntries as previous log entry ((t:2, i:0)) is not found
2022-11-08 19:12:08,844 [s2-server-thread1] INFO  server.RaftServer$Division (RaftServerImpl.java:checkInconsistentAppendEntries(1572)) - s2@group-EA982605F2E5: inconsistency entries. Reply:s1<-s2#980:FAIL-t2,INCONSISTENCY,nextIndex=0,followerCommit=0,matchIndex=-1
2022-11-08 19:12:08,844 [grpc-default-executor-3] INFO  leader.FollowerInfo (FollowerInfoImpl.java:lambda$new$0(48)) - s1@group-EA982605F2E5->s2: nextIndex: updateUnconditionally 5 -> 0
2022-11-08 19:12:08,845 [s2-server-thread1] DEBUG server.RaftServer$Division (RaftServerImpl.java:logAppendEntries(1421)) - s2@group-EA982605F2E5: receive appendEntries(s1, 2, null, 4, true, commits:[s1:c4, s0:c4, s2:c0], cId:981, entries: [(t:2, i:0), CONFIGURATIONENTRY(current:id: "s0"
address: "localhost:34297"
dataStreamAddress: "localhost:43983"
clientAddress: "localhost:39609"
adminAddress: "localhost:37077"
startupRole: FOLLOWER
,id: "s1"
address: "localhost:38917"
dataStreamAddress: "localhost:45719"
clientAddress: "localhost:36975"
adminAddress: "localhost:40635"
startupRole: FOLLOWER
,id: "s2"
address: "localhost:35511"
dataStreamAddress: "localhost:38827"
clientAddress: "localhost:42865"
adminAddress: "localhost:36791"
startupRole: FOLLOWER
, old:), (t:2, i:1), STATEMACHINELOGENTRY, 0@client-2EFB324ADA71, (t:2, i:2), METADATAENTRY(c:1), (t:2, i:3), STATEMACHINELOGENTRY, 999@client-AE8279CAF820, (t:2, i:4), METADATAENTRY(c:3)]
2022-11-08 19:12:08,845 [s2-server-thread1] INFO  server.RaftServer$Division (RaftServerImpl.java:checkInconsistentAppendEntries(1592)) - s2@group-EA982605F2E5: Failed appendEntries as the first entry (index 0) already exists (snapshotIndex: -1, commitIndex: 0)
2022-11-08 19:12:08,845 [s2-server-thread1] INFO  server.RaftServer$Division (RaftServerImpl.java:checkInconsistentAppendEntries(1572)) - s2@group-EA982605F2E5: inconsistency entries. Reply:s1<-s2#981:FAIL-t2,INCONSISTENCY,nextIndex=1,followerCommit=0,matchIndex=-1
2022-11-08 19:12:08,846 [grpc-default-executor-3] INFO  leader.FollowerInfo (FollowerInfoImpl.java:lambda$new$0(48)) - s1@group-EA982605F2E5->s2: nextIndex: updateUnconditionally 5 -> 1
2022-11-08 19:12:08,846 [s2-server-thread1] DEBUG server.RaftServer$Division (RaftServerImpl.java:logAppendEntries(1421)) - s2@group-EA982605F2E5: receive appendEntries(s1, 2, (t:2, i:0), 4, true, commits:[s1:c4, s0:c4, s2:c0], cId:982, entries: [(t:2, i:1), STATEMACHINELOGENTRY, 0@client-2EFB324ADA71, (t:2, i:2), METADATAENTRY(c:1), (t:2, i:3), STATEMACHINELOGENTRY, 999@client-AE8279CAF820, (t:2, i:4), METADATAENTRY(c:3)]
2022-11-08 19:12:08,847 [s2-server-thread1] INFO  server.RaftServer$Division (RaftServerImpl.java:checkInconsistentAppendEntries(1602)) - s2@group-EA982605F2E5: Failed appendEntries as previous log entry ((t:2, i:0)) is not found
2022-11-08 19:12:08,847 [s2-server-thread1] INFO  server.RaftServer$Division (RaftServerImpl.java:checkInconsistentAppendEntries(1572)) - s2@group-EA982605F2E5: inconsistency entries. Reply:s1<-s2#982:FAIL-t2,INCONSISTENCY,nextIndex=0,followerCommit=0,matchIndex=-1
2022-11-08 19:12:08,847 [grpc-default-executor-3] INFO  leader.FollowerInfo (FollowerInfoImpl.java:lambda$new$0(48)) - s1@group-EA982605F2E5->s2: nextIndex: updateUnconditionally 5 -> 0
2022-11-08 19:12:08,848 [s2-server-thread1] DEBUG server.RaftServer$Division (RaftServerImpl.java:logAppendEntries(1421)) - s2@group-EA982605F2E5: receive appendEntries(s1, 2, null, 4, true, commits:[s1:c4, s0:c4, s2:c0], cId:983, entries: [(t:2, i:0), CONFIGURATIONENTRY(current:id: "s0"
address: "localhost:34297"
dataStreamAddress: "localhost:43983"
clientAddress: "localhost:39609"
adminAddress: "localhost:37077"
startupRole: FOLLOWER
,id: "s1"
address: "localhost:38917"
dataStreamAddress: "localhost:45719"
clientAddress: "localhost:36975"
adminAddress: "localhost:40635"
startupRole: FOLLOWER
,id: "s2"
address: "localhost:35511"
dataStreamAddress: "localhost:38827"
clientAddress: "localhost:42865"
adminAddress: "localhost:36791"
startupRole: FOLLOWER
, old:), (t:2, i:1), STATEMACHINELOGENTRY, 0@client-2EFB324ADA71, (t:2, i:2), METADATAENTRY(c:1), (t:2, i:3), STATEMACHINELOGENTRY, 999@client-AE8279CAF820, (t:2, i:4), METADATAENTRY(c:3)]
2022-11-08 19:12:08,848 [s2-server-thread1] INFO  server.RaftServer$Division (RaftServerImpl.java:checkInconsistentAppendEntries(1592)) - s2@group-EA982605F2E5: Failed appendEntries as the first entry (index 0) already exists (snapshotIndex: -1, commitIndex: 0)
2022-11-08 19:12:08,849 [s2-server-thread1] INFO  server.RaftServer$Division (RaftServerImpl.java:checkInconsistentAppendEntries(1572)) - s2@group-EA982605F2E5: inconsistency entries. Reply:s1<-s2#983:FAIL-t2,INCONSISTENCY,nextIndex=1,followerCommit=0,matchIndex=-1
2022-11-08 19:12:08,850 [grpc-default-executor-3] INFO  leader.FollowerInfo (FollowerInfoImpl.java:lambda$new$0(48)) - s1@group-EA982605F2E5->s2: nextIndex: updateUnconditionally 5 -> 1
2022-11-08 19:12:08,850 [s2-server-thread1] DEBUG server.RaftServer$Division (RaftServerImpl.java:logAppendEntries(1421)) - s2@group-EA982605F2E5: receive appendEntries(s1, 2, (t:2, i:0), 4, true, commits:[s1:c4, s0:c4, s2:c0], cId:984, entries: [(t:2, i:1), STATEMACHINELOGENTRY, 0@client-2EFB324ADA71, (t:2, i:2), METADATAENTRY(c:1), (t:2, i:3), STATEMACHINELOGENTRY, 999@client-AE8279CAF820, (t:2, i:4), METADATAENTRY(c:3)]
2022-11-08 19:12:08,851 [s2-server-thread1] INFO  server.RaftServer$Division (RaftServerImpl.java:checkInconsistentAppendEntries(1602)) - s2@group-EA982605F2E5: Failed appendEntries as previous log entry ((t:2, i:0)) is not found
2022-11-08 19:12:08,851 [s2-server-thread1] INFO  server.RaftServer$Division (RaftServerImpl.java:checkInconsistentAppendEntries(1572)) - s2@group-EA982605F2E5: inconsistency entries. Reply:s1<-s2#984:FAIL-t2,INCONSISTENCY,nextIndex=0,followerCommit=0,matchIndex=-1
2022-11-08 19:12:08,852 [grpc-default-executor-3] INFO  leader.FollowerInfo (FollowerInfoImpl.java:lambda$new$0(48)) - s1@group-EA982605F2E5->s2: nextIndex: updateUnconditionally 5 -> 0
2022-11-08 19:12:08,853 [s2-server-thread1] DEBUG server.RaftServer$Division (RaftServerImpl.java:logAppendEntries(1421)) - s2@group-EA982605F2E5: receive appendEntries(s1, 2, null, 4, true, commits:[s1:c4, s0:c4, s2:c0], cId:985, entries: [(t:2, i:0), CONFIGURATIONENTRY(current:id: "s0"
address: "localhost:34297"
dataStreamAddress: "localhost:43983"
clientAddress: "localhost:39609"
adminAddress: "localhost:37077"
startupRole: FOLLOWER
,id: "s1"
address: "localhost:38917"
dataStreamAddress: "localhost:45719"
clientAddress: "localhost:36975"
adminAddress: "localhost:40635"
startupRole: FOLLOWER
,id: "s2"
address: "localhost:35511"
dataStreamAddress: "localhost:38827"
clientAddress: "localhost:42865"
adminAddress: "localhost:36791"
startupRole: FOLLOWER
, old:), (t:2, i:1), STATEMACHINELOGENTRY, 0@client-2EFB324ADA71, (t:2, i:2), METADATAENTRY(c:1), (t:2, i:3), STATEMACHINELOGENTRY, 999@client-AE8279CAF820, (t:2, i:4), METADATAENTRY(c:3)]
2022-11-08 19:12:08,853 [s2-server-thread1] INFO  server.RaftServer$Division (RaftServerImpl.java:checkInconsistentAppendEntries(1592)) - s2@group-EA982605F2E5: Failed appendEntries as the first entry (index 0) already exists (snapshotIndex: -1, commitIndex: 0)
2022-11-08 19:12:08,853 [s2-server-thread1] INFO  server.RaftServer$Division (RaftServerImpl.java:checkInconsistentAppendEntries(1572)) - s2@group-EA982605F2E5: inconsistency entries. Reply:s1<-s2#985:FAIL-t2,INCONSISTENCY,nextIndex=1,followerCommit=0,matchIndex=-1
2022-11-08 19:12:08,853 [grpc-default-executor-3] INFO  leader.FollowerInfo (FollowerInfoImpl.java:lambda$new$0(48)) - s1@group-EA982605F2E5->s2: nextIndex: updateUnconditionally 5 -> 1
2022-11-08 19:12:08,854 [s2-server-thread1] DEBUG server.RaftServer$Division (RaftServerImpl.java:logAppendEntries(1421)) - s2@group-EA982605F2E5: receive appendEntries(s1, 2, (t:2, i:0), 4, true, commits:[s1:c4, s0:c4, s2:c0], cId:986, entries: [(t:2, i:1), STATEMACHINELOGENTRY, 0@client-2EFB324ADA71, (t:2, i:2), METADATAENTRY(c:1), (t:2, i:3), STATEMACHINELOGENTRY, 999@client-AE8279CAF820, (t:2, i:4), METADATAENTRY(c:3)]
2022-11-08 19:12:08,854 [s2-server-thread1] INFO  server.RaftServer$Division (RaftServerImpl.java:checkInconsistentAppendEntries(1602)) - s2@group-EA982605F2E5: Failed appendEntries as previous log entry ((t:2, i:0)) is not found
2022-11-08 19:12:08,854 [s2-server-thread1] INFO  server.RaftServer$Division (RaftServerImpl.java:checkInconsistentAppendEntries(1572)) - s2@group-EA982605F2E5: inconsistency entries. Reply:s1<-s2#986:FAIL-t2,INCONSISTENCY,nextIndex=0,followerCommit=0,matchIndex=-1
2022-11-08 19:12:08,855 [grpc-default-executor-3] INFO  leader.FollowerInfo (FollowerInfoImpl.java:lambda$new$0(48)) - s1@group-EA982605F2E5->s2: nextIndex: updateUnconditionally 5 -> 0
2022-11-08 19:12:08,859 [s2-server-thread1] DEBUG server.RaftServer$Division (RaftServerImpl.java:logAppendEntries(1421)) - s2@group-EA982605F2E5: receive appendEntries(s1, 2, null, 4, true, commits:[s1:c4, s0:c4, s2:c0], cId:987, entries: [(t:2, i:0), CONFIGURATIONENTRY(current:id: "s0"
address: "localhost:34297"
dataStreamAddress: "localhost:43983"
clientAddress: "localhost:39609"
adminAddress: "localhost:37077"
startupRole: FOLLOWER
,id: "s1"
address: "localhost:38917"
dataStreamAddress: "localhost:45719"
clientAddress: "localhost:36975"
adminAddress: "localhost:40635"
startupRole: FOLLOWER
,id: "s2"
address: "localhost:35511"
dataStreamAddress: "localhost:38827"
clientAddress: "localhost:42865"
adminAddress: "localhost:36791"
startupRole: FOLLOWER
, old:), (t:2, i:1), STATEMACHINELOGENTRY, 0@client-2EFB324ADA71, (t:2, i:2), METADATAENTRY(c:1), (t:2, i:3), STATEMACHINELOGENTRY, 999@client-AE8279CAF820, (t:2, i:4), METADATAENTRY(c:3)]
2022-11-08 19:12:08,859 [s2-server-thread1] INFO  server.RaftServer$Division (RaftServerImpl.java:checkInconsistentAppendEntries(1592)) - s2@group-EA982605F2E5: Failed appendEntries as the first entry (index 0) already exists (snapshotIndex: -1, commitIndex: 0)
2022-11-08 19:12:08,864 [s2-server-thread1] INFO  server.RaftServer$Division (RaftServerImpl.java:checkInconsistentAppendEntries(1572)) - s2@group-EA982605F2E5: inconsistency entries. Reply:s1<-s2#987:FAIL-t2,INCONSISTENCY,nextIndex=1,followerCommit=0,matchIndex=-1
2022-11-08 19:12:08,865 [grpc-default-executor-3] INFO  leader.FollowerInfo (FollowerInfoImpl.java:lambda$new$0(48)) - s1@group-EA982605F2E5->s2: nextIndex: updateUnconditionally 5 -> 1
2022-11-08 19:12:08,866 [s2-server-thread1] DEBUG server.RaftServer$Division (RaftServerImpl.java:logAppendEntries(1421)) - s2@group-EA982605F2E5: receive appendEntries(s1, 2, (t:2, i:0), 4, true, commits:[s1:c4, s0:c4, s2:c0], cId:988, entries: [(t:2, i:1), STATEMACHINELOGENTRY, 0@client-2EFB324ADA71, (t:2, i:2), METADATAENTRY(c:1), (t:2, i:3), STATEMACHINELOGENTRY, 999@client-AE8279CAF820, (t:2, i:4), METADATAENTRY(c:3)]
2022-11-08 19:12:08,866 [s2-server-thread1] INFO  server.RaftServer$Division (RaftServerImpl.java:checkInconsistentAppendEntries(1602)) - s2@group-EA982605F2E5: Failed appendEntries as previous log entry ((t:2, i:0)) is not found
2022-11-08 19:12:08,866 [s2-server-thread1] INFO  server.RaftServer$Division (RaftServerImpl.java:checkInconsistentAppendEntries(1572)) - s2@group-EA982605F2E5: inconsistency entries. Reply:s1<-s2#988:FAIL-t2,INCONSISTENCY,nextIndex=0,followerCommit=0,matchIndex=-1
2022-11-08 19:12:08,866 [grpc-default-executor-3] INFO  leader.FollowerInfo (FollowerInfoImpl.java:lambda$new$0(48)) - s1@group-EA982605F2E5->s2: nextIndex: updateUnconditionally 5 -> 0
2022-11-08 19:12:08,867 [s2-server-thread1] DEBUG server.RaftServer$Division (RaftServerImpl.java:logAppendEntries(1421)) - s2@group-EA982605F2E5: receive appendEntries(s1, 2, null, 4, true, commits:[s1:c4, s0:c4, s2:c0], cId:989, entries: [(t:2, i:0), CONFIGURATIONENTRY(current:id: "s0"
address: "localhost:34297"
dataStreamAddress: "localhost:43983"
clientAddress: "localhost:39609"
adminAddress: "localhost:37077"
startupRole: FOLLOWER
,id: "s1"
address: "localhost:38917"
dataStreamAddress: "localhost:45719"
clientAddress: "localhost:36975"
adminAddress: "localhost:40635"
startupRole: FOLLOWER
,id: "s2"
address: "localhost:35511"
dataStreamAddress: "localhost:38827"
clientAddress: "localhost:42865"
adminAddress: "localhost:36791"
startupRole: FOLLOWER
, old:), (t:2, i:1), STATEMACHINELOGENTRY, 0@client-2EFB324ADA71, (t:2, i:2), METADATAENTRY(c:1), (t:2, i:3), STATEMACHINELOGENTRY, 999@client-AE8279CAF820, (t:2, i:4), METADATAENTRY(c:3)]
2022-11-08 19:12:08,868 [s2-server-thread1] INFO  server.RaftServer$Division (RaftServerImpl.java:checkInconsistentAppendEntries(1592)) - s2@group-EA982605F2E5: Failed appendEntries as the first entry (index 0) already exists (snapshotIndex: -1, commitIndex: 0)
2022-11-08 19:12:08,868 [s2-server-thread1] INFO  server.RaftServer$Division (RaftServerImpl.java:checkInconsistentAppendEntries(1572)) - s2@group-EA982605F2E5: inconsistency entries. Reply:s1<-s2#989:FAIL-t2,INCONSISTENCY,nextIndex=1,followerCommit=0,matchIndex=-1
2022-11-08 19:12:08,868 [grpc-default-executor-3] INFO  leader.FollowerInfo (FollowerInfoImpl.java:lambda$new$0(48)) - s1@group-EA982605F2E5->s2: nextIndex: updateUnconditionally 5 -> 1
2022-11-08 19:12:08,868 [Time-limited test] WARN  grpc.TestRaftStateMachineExceptionWithGrpc (JavaUtils.java:attempt(217)) - FAILED "GetRetryEntry", attempt #3/5: java.lang.AssertionError, sleep 1s and then retry.
java.lang.AssertionError
	at org.junit.Assert.fail(Assert.java:87)
	at org.junit.Assert.assertTrue(Assert.java:42)
	at org.junit.Assert.assertNotNull(Assert.java:713)
	at org.junit.Assert.assertNotNull(Assert.java:723)
	at org.apache.ratis.server.impl.RaftStateMachineExceptionTests.lambda$runTestRetryOnStateMachineException$0(RaftStateMachineExceptionTests.java:133)
	at org.apache.ratis.util.JavaUtils.attempt(JavaUtils.java:211)
	at org.apache.ratis.util.JavaUtils.attemptRepeatedly(JavaUtils.java:197)
	at org.apache.ratis.server.impl.RaftStateMachineExceptionTests.runTestRetryOnStateMachineException(RaftStateMachineExceptionTests.java:132)
	at org.apache.ratis.server.impl.MiniRaftCluster$Factory$Get.runWithNewCluster(MiniRaftCluster.java:141)
	at org.apache.ratis.server.impl.MiniRaftCluster$Factory$Get.runWithNewCluster(MiniRaftCluster.java:121)
	at org.apache.ratis.server.impl.RaftStateMachineExceptionTests.testRetryOnStateMachineException(RaftStateMachineExceptionTests.java:102)
	at java.base/jdk.internal.reflect.NativeMethodAccessorImpl.invoke0(Native Method)
	at java.base/jdk.internal.reflect.NativeMethodAccessorImpl.invoke(NativeMethodAccessorImpl.java:62)
	at java.base/jdk.internal.reflect.DelegatingMethodAccessorImpl.invoke(DelegatingMethodAccessorImpl.java:43)
	at java.base/java.lang.reflect.Method.invoke(Method.java:566)
	at org.junit.runners.model.FrameworkMethod$1.runReflectiveCall(FrameworkMethod.java:59)
	at org.junit.internal.runners.model.ReflectiveCallable.run(ReflectiveCallable.java:12)
	at org.junit.runners.model.FrameworkMethod.invokeExplosively(FrameworkMethod.java:56)
	at org.junit.internal.runners.statements.InvokeMethod.evaluate(InvokeMethod.java:17)
	at org.junit.internal.runners.statements.RunAfters.evaluate(RunAfters.java:27)
	at org.junit.internal.runners.statements.FailOnTimeout$CallableStatement.call(FailOnTimeout.java:299)
	at org.junit.internal.runners.statements.FailOnTimeout$CallableStatement.call(FailOnTimeout.java:293)
	at java.base/java.util.concurrent.FutureTask.run(FutureTask.java:264)
	at java.base/java.lang.Thread.run(Thread.java:829)
2022-11-08 19:12:08,869 [s2-server-thread1] DEBUG server.RaftServer$Division (RaftServerImpl.java:logAppendEntries(1421)) - s2@group-EA982605F2E5: receive appendEntries(s1, 2, (t:2, i:0), 4, true, commits:[s1:c4, s0:c4, s2:c0], cId:990, entries: [(t:2, i:1), STATEMACHINELOGENTRY, 0@client-2EFB324ADA71, (t:2, i:2), METADATAENTRY(c:1), (t:2, i:3), STATEMACHINELOGENTRY, 999@client-AE8279CAF820, (t:2, i:4), METADATAENTRY(c:3)]
2022-11-08 19:12:08,869 [s2-server-thread1] INFO  server.RaftServer$Division (RaftServerImpl.java:checkInconsistentAppendEntries(1602)) - s2@group-EA982605F2E5: Failed appendEntries as previous log entry ((t:2, i:0)) is not found
2022-11-08 19:12:08,869 [s2-server-thread1] INFO  server.RaftServer$Division (RaftServerImpl.java:checkInconsistentAppendEntries(1572)) - s2@group-EA982605F2E5: inconsistency entries. Reply:s1<-s2#990:FAIL-t2,INCONSISTENCY,nextIndex=0,followerCommit=0,matchIndex=-1
2022-11-08 19:12:08,870 [grpc-default-executor-3] INFO  leader.FollowerInfo (FollowerInfoImpl.java:lambda$new$0(48)) - s1@group-EA982605F2E5->s2: nextIndex: updateUnconditionally 5 -> 0
2022-11-08 19:12:08,870 [s2-server-thread1] DEBUG server.RaftServer$Division (RaftServerImpl.java:logAppendEntries(1421)) - s2@group-EA982605F2E5: receive appendEntries(s1, 2, null, 4, true, commits:[s1:c4, s0:c4, s2:c0], cId:991, entries: [(t:2, i:0), CONFIGURATIONENTRY(current:id: "s0"
address: "localhost:34297"
dataStreamAddress: "localhost:43983"
clientAddress: "localhost:39609"
adminAddress: "localhost:37077"
startupRole: FOLLOWER
,id: "s1"
address: "localhost:38917"
dataStreamAddress: "localhost:45719"
clientAddress: "localhost:36975"
adminAddress: "localhost:40635"
startupRole: FOLLOWER
,id: "s2"
address: "localhost:35511"
dataStreamAddress: "localhost:38827"
clientAddress: "localhost:42865"
adminAddress: "localhost:36791"
startupRole: FOLLOWER
, old:), (t:2, i:1), STATEMACHINELOGENTRY, 0@client-2EFB324ADA71, (t:2, i:2), METADATAENTRY(c:1), (t:2, i:3), STATEMACHINELOGENTRY, 999@client-AE8279CAF820, (t:2, i:4), METADATAENTRY(c:3)]
2022-11-08 19:12:08,871 [s2-server-thread1] INFO  server.RaftServer$Division (RaftServerImpl.java:checkInconsistentAppendEntries(1592)) - s2@group-EA982605F2E5: Failed appendEntries as the first entry (index 0) already exists (snapshotIndex: -1, commitIndex: 0)
2022-11-08 19:12:08,871 [s2-server-thread1] INFO  server.RaftServer$Division (RaftServerImpl.java:checkInconsistentAppendEntries(1572)) - s2@group-EA982605F2E5: inconsistency entries. Reply:s1<-s2#991:FAIL-t2,INCONSISTENCY,nextIndex=1,followerCommit=0,matchIndex=-1
2022-11-08 19:12:08,871 [grpc-default-executor-3] INFO  leader.FollowerInfo (FollowerInfoImpl.java:lambda$new$0(48)) - s1@group-EA982605F2E5->s2: nextIndex: updateUnconditionally 5 -> 1
2022-11-08 19:12:08,872 [s2-server-thread1] DEBUG server.RaftServer$Division (RaftServerImpl.java:logAppendEntries(1421)) - s2@group-EA982605F2E5: receive appendEntries(s1, 2, (t:2, i:0), 4, true, commits:[s1:c4, s0:c4, s2:c0], cId:992, entries: [(t:2, i:1), STATEMACHINELOGENTRY, 0@client-2EFB324ADA71, (t:2, i:2), METADATAENTRY(c:1), (t:2, i:3), STATEMACHINELOGENTRY, 999@client-AE8279CAF820, (t:2, i:4), METADATAENTRY(c:3)]
2022-11-08 19:12:08,872 [s2-server-thread1] INFO  server.RaftServer$Division (RaftServerImpl.java:checkInconsistentAppendEntries(1602)) - s2@group-EA982605F2E5: Failed appendEntries as previous log entry ((t:2, i:0)) is not found
2022-11-08 19:12:08,872 [s2-server-thread1] INFO  server.RaftServer$Division (RaftServerImpl.java:checkInconsistentAppendEntries(1572)) - s2@group-EA982605F2E5: inconsistency entries. Reply:s1<-s2#992:FAIL-t2,INCONSISTENCY,nextIndex=0,followerCommit=0,matchIndex=-1
2022-11-08 19:12:08,872 [grpc-default-executor-3] INFO  leader.FollowerInfo (FollowerInfoImpl.java:lambda$new$0(48)) - s1@group-EA982605F2E5->s2: nextIndex: updateUnconditionally 5 -> 0
2022-11-08 19:12:08,873 [s2-server-thread1] DEBUG server.RaftServer$Division (RaftServerImpl.java:logAppendEntries(1421)) - s2@group-EA982605F2E5: receive appendEntries(s1, 2, null, 4, true, commits:[s1:c4, s0:c4, s2:c0], cId:993, entries: [(t:2, i:0), CONFIGURATIONENTRY(current:id: "s0"
address: "localhost:34297"
dataStreamAddress: "localhost:43983"
clientAddress: "localhost:39609"
adminAddress: "localhost:37077"
startupRole: FOLLOWER
,id: "s1"
address: "localhost:38917"
dataStreamAddress: "localhost:45719"
clientAddress: "localhost:36975"
adminAddress: "localhost:40635"
startupRole: FOLLOWER
,id: "s2"
address: "localhost:35511"
dataStreamAddress: "localhost:38827"
clientAddress: "localhost:42865"
adminAddress: "localhost:36791"
startupRole: FOLLOWER
, old:), (t:2, i:1), STATEMACHINELOGENTRY, 0@client-2EFB324ADA71, (t:2, i:2), METADATAENTRY(c:1), (t:2, i:3), STATEMACHINELOGENTRY, 999@client-AE8279CAF820, (t:2, i:4), METADATAENTRY(c:3)]
2022-11-08 19:12:08,873 [s2-server-thread1] INFO  server.RaftServer$Division (RaftServerImpl.java:checkInconsistentAppendEntries(1592)) - s2@group-EA982605F2E5: Failed appendEntries as the first entry (index 0) already exists (snapshotIndex: -1, commitIndex: 0)
2022-11-08 19:12:08,873 [s2-server-thread1] INFO  server.RaftServer$Division (RaftServerImpl.java:checkInconsistentAppendEntries(1572)) - s2@group-EA982605F2E5: inconsistency entries. Reply:s1<-s2#993:FAIL-t2,INCONSISTENCY,nextIndex=1,followerCommit=0,matchIndex=-1
2022-11-08 19:12:08,874 [grpc-default-executor-3] INFO  leader.FollowerInfo (FollowerInfoImpl.java:lambda$new$0(48)) - s1@group-EA982605F2E5->s2: nextIndex: updateUnconditionally 5 -> 1
2022-11-08 19:12:08,874 [s2-server-thread1] DEBUG server.RaftServer$Division (RaftServerImpl.java:logAppendEntries(1421)) - s2@group-EA982605F2E5: receive appendEntries(s1, 2, (t:2, i:0), 4, true, commits:[s1:c4, s0:c4, s2:c0], cId:994, entries: [(t:2, i:1), STATEMACHINELOGENTRY, 0@client-2EFB324ADA71, (t:2, i:2), METADATAENTRY(c:1), (t:2, i:3), STATEMACHINELOGENTRY, 999@client-AE8279CAF820, (t:2, i:4), METADATAENTRY(c:3)]
2022-11-08 19:12:08,875 [s2-server-thread1] INFO  server.RaftServer$Division (RaftServerImpl.java:checkInconsistentAppendEntries(1602)) - s2@group-EA982605F2E5: Failed appendEntries as previous log entry ((t:2, i:0)) is not found
2022-11-08 19:12:08,875 [s2-server-thread1] INFO  server.RaftServer$Division (RaftServerImpl.java:checkInconsistentAppendEntries(1572)) - s2@group-EA982605F2E5: inconsistency entries. Reply:s1<-s2#994:FAIL-t2,INCONSISTENCY,nextIndex=0,followerCommit=0,matchIndex=-1
2022-11-08 19:12:08,880 [grpc-default-executor-3] INFO  leader.FollowerInfo (FollowerInfoImpl.java:lambda$new$0(48)) - s1@group-EA982605F2E5->s2: nextIndex: updateUnconditionally 5 -> 0
2022-11-08 19:12:08,881 [s2-server-thread1] DEBUG server.RaftServer$Division (RaftServerImpl.java:logAppendEntries(1421)) - s2@group-EA982605F2E5: receive appendEntries(s1, 2, null, 4, true, commits:[s1:c4, s0:c4, s2:c0], cId:995, entries: [(t:2, i:0), CONFIGURATIONENTRY(current:id: "s0"
address: "localhost:34297"
dataStreamAddress: "localhost:43983"
clientAddress: "localhost:39609"
adminAddress: "localhost:37077"
startupRole: FOLLOWER
,id: "s1"
address: "localhost:38917"
dataStreamAddress: "localhost:45719"
clientAddress: "localhost:36975"
adminAddress: "localhost:40635"
startupRole: FOLLOWER
,id: "s2"
address: "localhost:35511"
dataStreamAddress: "localhost:38827"
clientAddress: "localhost:42865"
adminAddress: "localhost:36791"
startupRole: FOLLOWER
, old:), (t:2, i:1), STATEMACHINELOGENTRY, 0@client-2EFB324ADA71, (t:2, i:2), METADATAENTRY(c:1), (t:2, i:3), STATEMACHINELOGENTRY, 999@client-AE8279CAF820, (t:2, i:4), METADATAENTRY(c:3)]
2022-11-08 19:12:08,881 [s2-server-thread1] INFO  server.RaftServer$Division (RaftServerImpl.java:checkInconsistentAppendEntries(1592)) - s2@group-EA982605F2E5: Failed appendEntries as the first entry (index 0) already exists (snapshotIndex: -1, commitIndex: 0)
2022-11-08 19:12:08,881 [s2-server-thread1] INFO  server.RaftServer$Division (RaftServerImpl.java:checkInconsistentAppendEntries(1572)) - s2@group-EA982605F2E5: inconsistency entries. Reply:s1<-s2#995:FAIL-t2,INCONSISTENCY,nextIndex=1,followerCommit=0,matchIndex=-1
2022-11-08 19:12:08,881 [grpc-default-executor-3] INFO  leader.FollowerInfo (FollowerInfoImpl.java:lambda$new$0(48)) - s1@group-EA982605F2E5->s2: nextIndex: updateUnconditionally 5 -> 1
2022-11-08 19:12:08,882 [s2-server-thread1] DEBUG server.RaftServer$Division (RaftServerImpl.java:logAppendEntries(1421)) - s2@group-EA982605F2E5: receive appendEntries(s1, 2, (t:2, i:0), 4, true, commits:[s1:c4, s0:c4, s2:c0], cId:996, entries: [(t:2, i:1), STATEMACHINELOGENTRY, 0@client-2EFB324ADA71, (t:2, i:2), METADATAENTRY(c:1), (t:2, i:3), STATEMACHINELOGENTRY, 999@client-AE8279CAF820, (t:2, i:4), METADATAENTRY(c:3)]
2022-11-08 19:12:08,882 [s2-server-thread1] INFO  server.RaftServer$Division (RaftServerImpl.java:checkInconsistentAppendEntries(1602)) - s2@group-EA982605F2E5: Failed appendEntries as previous log entry ((t:2, i:0)) is not found
2022-11-08 19:12:08,882 [s2-server-thread1] INFO  server.RaftServer$Division (RaftServerImpl.java:checkInconsistentAppendEntries(1572)) - s2@group-EA982605F2E5: inconsistency entries. Reply:s1<-s2#996:FAIL-t2,INCONSISTENCY,nextIndex=0,followerCommit=0,matchIndex=-1
2022-11-08 19:12:08,883 [grpc-default-executor-3] INFO  leader.FollowerInfo (FollowerInfoImpl.java:lambda$new$0(48)) - s1@group-EA982605F2E5->s2: nextIndex: updateUnconditionally 5 -> 0
2022-11-08 19:12:08,884 [s2-server-thread1] DEBUG server.RaftServer$Division (RaftServerImpl.java:logAppendEntries(1421)) - s2@group-EA982605F2E5: receive appendEntries(s1, 2, null, 4, true, commits:[s1:c4, s0:c4, s2:c0], cId:997, entries: [(t:2, i:0), CONFIGURATIONENTRY(current:id: "s0"
address: "localhost:34297"
dataStreamAddress: "localhost:43983"
clientAddress: "localhost:39609"
adminAddress: "localhost:37077"
startupRole: FOLLOWER
,id: "s1"
address: "localhost:38917"
dataStreamAddress: "localhost:45719"
clientAddress: "localhost:36975"
adminAddress: "localhost:40635"
startupRole: FOLLOWER
,id: "s2"
address: "localhost:35511"
dataStreamAddress: "localhost:38827"
clientAddress: "localhost:42865"
adminAddress: "localhost:36791"
startupRole: FOLLOWER
, old:), (t:2, i:1), STATEMACHINELOGENTRY, 0@client-2EFB324ADA71, (t:2, i:2), METADATAENTRY(c:1), (t:2, i:3), STATEMACHINELOGENTRY, 999@client-AE8279CAF820, (t:2, i:4), METADATAENTRY(c:3)]
2022-11-08 19:12:08,884 [s2-server-thread1] INFO  server.RaftServer$Division (RaftServerImpl.java:checkInconsistentAppendEntries(1592)) - s2@group-EA982605F2E5: Failed appendEntries as the first entry (index 0) already exists (snapshotIndex: -1, commitIndex: 0)
2022-11-08 19:12:08,884 [s2-server-thread1] INFO  server.RaftServer$Division (RaftServerImpl.java:checkInconsistentAppendEntries(1572)) - s2@group-EA982605F2E5: inconsistency entries. Reply:s1<-s2#997:FAIL-t2,INCONSISTENCY,nextIndex=1,followerCommit=0,matchIndex=-1
2022-11-08 19:12:08,884 [grpc-default-executor-3] INFO  leader.FollowerInfo (FollowerInfoImpl.java:lambda$new$0(48)) - s1@group-EA982605F2E5->s2: nextIndex: updateUnconditionally 5 -> 1
2022-11-08 19:12:08,885 [s2-server-thread1] DEBUG server.RaftServer$Division (RaftServerImpl.java:logAppendEntries(1421)) - s2@group-EA982605F2E5: receive appendEntries(s1, 2, (t:2, i:0), 4, true, commits:[s1:c4, s0:c4, s2:c0], cId:998, entries: [(t:2, i:1), STATEMACHINELOGENTRY, 0@client-2EFB324ADA71, (t:2, i:2), METADATAENTRY(c:1), (t:2, i:3), STATEMACHINELOGENTRY, 999@client-AE8279CAF820, (t:2, i:4), METADATAENTRY(c:3)]
2022-11-08 19:12:08,885 [s2-server-thread1] INFO  server.RaftServer$Division (RaftServerImpl.java:checkInconsistentAppendEntries(1602)) - s2@group-EA982605F2E5: Failed appendEntries as previous log entry ((t:2, i:0)) is not found
2022-11-08 19:12:08,885 [s2-server-thread1] INFO  server.RaftServer$Division (RaftServerImpl.java:checkInconsistentAppendEntries(1572)) - s2@group-EA982605F2E5: inconsistency entries. Reply:s1<-s2#998:FAIL-t2,INCONSISTENCY,nextIndex=0,followerCommit=0,matchIndex=-1
2022-11-08 19:12:08,885 [grpc-default-executor-3] INFO  leader.FollowerInfo (FollowerInfoImpl.java:lambda$new$0(48)) - s1@group-EA982605F2E5->s2: nextIndex: updateUnconditionally 5 -> 0
2022-11-08 19:12:08,886 [s2-server-thread1] DEBUG server.RaftServer$Division (RaftServerImpl.java:logAppendEntries(1421)) - s2@group-EA982605F2E5: receive appendEntries(s1, 2, null, 4, true, commits:[s1:c4, s0:c4, s2:c0], cId:999, entries: [(t:2, i:0), CONFIGURATIONENTRY(current:id: "s0"
address: "localhost:34297"
dataStreamAddress: "localhost:43983"
clientAddress: "localhost:39609"
adminAddress: "localhost:37077"
startupRole: FOLLOWER
,id: "s1"
address: "localhost:38917"
dataStreamAddress: "localhost:45719"
clientAddress: "localhost:36975"
adminAddress: "localhost:40635"
startupRole: FOLLOWER
,id: "s2"
address: "localhost:35511"
dataStreamAddress: "localhost:38827"
clientAddress: "localhost:42865"
adminAddress: "localhost:36791"
startupRole: FOLLOWER
, old:), (t:2, i:1), STATEMACHINELOGENTRY, 0@client-2EFB324ADA71, (t:2, i:2), METADATAENTRY(c:1), (t:2, i:3), STATEMACHINELOGENTRY, 999@client-AE8279CAF820, (t:2, i:4), METADATAENTRY(c:3)]
2022-11-08 19:12:08,886 [s2-server-thread1] INFO  server.RaftServer$Division (RaftServerImpl.java:checkInconsistentAppendEntries(1592)) - s2@group-EA982605F2E5: Failed appendEntries as the first entry (index 0) already exists (snapshotIndex: -1, commitIndex: 0)
2022-11-08 19:12:08,886 [s2-server-thread1] INFO  server.RaftServer$Division (RaftServerImpl.java:checkInconsistentAppendEntries(1572)) - s2@group-EA982605F2E5: inconsistency entries. Reply:s1<-s2#999:FAIL-t2,INCONSISTENCY,nextIndex=1,followerCommit=0,matchIndex=-1
2022-11-08 19:12:08,886 [grpc-default-executor-3] INFO  leader.FollowerInfo (FollowerInfoImpl.java:lambda$new$0(48)) - s1@group-EA982605F2E5->s2: nextIndex: updateUnconditionally 5 -> 1
2022-11-08 19:12:08,887 [s2-server-thread1] DEBUG server.RaftServer$Division (RaftServerImpl.java:logAppendEntries(1421)) - s2@group-EA982605F2E5: receive appendEntries(s1, 2, (t:2, i:0), 4, true, commits:[s1:c4, s0:c4, s2:c0], cId:1000, entries: [(t:2, i:1), STATEMACHINELOGENTRY, 0@client-2EFB324ADA71, (t:2, i:2), METADATAENTRY(c:1), (t:2, i:3), STATEMACHINELOGENTRY, 999@client-AE8279CAF820, (t:2, i:4), METADATAENTRY(c:3)]
2022-11-08 19:12:08,887 [s2-server-thread1] INFO  server.RaftServer$Division (RaftServerImpl.java:checkInconsistentAppendEntries(1602)) - s2@group-EA982605F2E5: Failed appendEntries as previous log entry ((t:2, i:0)) is not found
2022-11-08 19:12:08,887 [s2-server-thread1] INFO  server.RaftServer$Division (RaftServerImpl.java:checkInconsistentAppendEntries(1572)) - s2@group-EA982605F2E5: inconsistency entries. Reply:s1<-s2#1000:FAIL-t2,INCONSISTENCY,nextIndex=0,followerCommit=0,matchIndex=-1
2022-11-08 19:12:08,887 [grpc-default-executor-3] INFO  leader.FollowerInfo (FollowerInfoImpl.java:lambda$new$0(48)) - s1@group-EA982605F2E5->s2: nextIndex: updateUnconditionally 5 -> 0
2022-11-08 19:12:08,888 [s2-server-thread1] DEBUG server.RaftServer$Division (RaftServerImpl.java:logAppendEntries(1421)) - s2@group-EA982605F2E5: receive appendEntries(s1, 2, null, 4, true, commits:[s1:c4, s0:c4, s2:c0], cId:1001, entries: [(t:2, i:0), CONFIGURATIONENTRY(current:id: "s0"
address: "localhost:34297"
dataStreamAddress: "localhost:43983"
clientAddress: "localhost:39609"
adminAddress: "localhost:37077"
startupRole: FOLLOWER
,id: "s1"
address: "localhost:38917"
dataStreamAddress: "localhost:45719"
clientAddress: "localhost:36975"
adminAddress: "localhost:40635"
startupRole: FOLLOWER
,id: "s2"
address: "localhost:35511"
dataStreamAddress: "localhost:38827"
clientAddress: "localhost:42865"
adminAddress: "localhost:36791"
startupRole: FOLLOWER
, old:), (t:2, i:1), STATEMACHINELOGENTRY, 0@client-2EFB324ADA71, (t:2, i:2), METADATAENTRY(c:1), (t:2, i:3), STATEMACHINELOGENTRY, 999@client-AE8279CAF820, (t:2, i:4), METADATAENTRY(c:3)]
2022-11-08 19:12:08,888 [s2-server-thread1] INFO  server.RaftServer$Division (RaftServerImpl.java:checkInconsistentAppendEntries(1592)) - s2@group-EA982605F2E5: Failed appendEntries as the first entry (index 0) already exists (snapshotIndex: -1, commitIndex: 0)
2022-11-08 19:12:08,888 [s2-server-thread1] INFO  server.RaftServer$Division (RaftServerImpl.java:checkInconsistentAppendEntries(1572)) - s2@group-EA982605F2E5: inconsistency entries. Reply:s1<-s2#1001:FAIL-t2,INCONSISTENCY,nextIndex=1,followerCommit=0,matchIndex=-1
2022-11-08 19:12:08,889 [grpc-default-executor-3] INFO  leader.FollowerInfo (FollowerInfoImpl.java:lambda$new$0(48)) - s1@group-EA982605F2E5->s2: nextIndex: updateUnconditionally 5 -> 1
2022-11-08 19:12:08,889 [s2-server-thread1] DEBUG server.RaftServer$Division (RaftServerImpl.java:logAppendEntries(1421)) - s2@group-EA982605F2E5: receive appendEntries(s1, 2, (t:2, i:0), 4, true, commits:[s1:c4, s0:c4, s2:c0], cId:1002, entries: [(t:2, i:1), STATEMACHINELOGENTRY, 0@client-2EFB324ADA71, (t:2, i:2), METADATAENTRY(c:1), (t:2, i:3), STATEMACHINELOGENTRY, 999@client-AE8279CAF820, (t:2, i:4), METADATAENTRY(c:3)]
2022-11-08 19:12:08,889 [s2-server-thread1] INFO  server.RaftServer$Division (RaftServerImpl.java:checkInconsistentAppendEntries(1602)) - s2@group-EA982605F2E5: Failed appendEntries as previous log entry ((t:2, i:0)) is not found
2022-11-08 19:12:08,890 [s2-server-thread1] INFO  server.RaftServer$Division (RaftServerImpl.java:checkInconsistentAppendEntries(1572)) - s2@group-EA982605F2E5: inconsistency entries. Reply:s1<-s2#1002:FAIL-t2,INCONSISTENCY,nextIndex=0,followerCommit=0,matchIndex=-1
2022-11-08 19:12:08,890 [grpc-default-executor-3] INFO  leader.FollowerInfo (FollowerInfoImpl.java:lambda$new$0(48)) - s1@group-EA982605F2E5->s2: nextIndex: updateUnconditionally 5 -> 0
2022-11-08 19:12:08,891 [s2-server-thread1] DEBUG server.RaftServer$Division (RaftServerImpl.java:logAppendEntries(1421)) - s2@group-EA982605F2E5: receive appendEntries(s1, 2, null, 4, true, commits:[s1:c4, s0:c4, s2:c0], cId:1003, entries: [(t:2, i:0), CONFIGURATIONENTRY(current:id: "s0"
address: "localhost:34297"
dataStreamAddress: "localhost:43983"
clientAddress: "localhost:39609"
adminAddress: "localhost:37077"
startupRole: FOLLOWER
,id: "s1"
address: "localhost:38917"
dataStreamAddress: "localhost:45719"
clientAddress: "localhost:36975"
adminAddress: "localhost:40635"
startupRole: FOLLOWER
,id: "s2"
address: "localhost:35511"
dataStreamAddress: "localhost:38827"
clientAddress: "localhost:42865"
adminAddress: "localhost:36791"
startupRole: FOLLOWER
, old:), (t:2, i:1), STATEMACHINELOGENTRY, 0@client-2EFB324ADA71, (t:2, i:2), METADATAENTRY(c:1), (t:2, i:3), STATEMACHINELOGENTRY, 999@client-AE8279CAF820, (t:2, i:4), METADATAENTRY(c:3)]
2022-11-08 19:12:08,891 [s2-server-thread1] INFO  server.RaftServer$Division (RaftServerImpl.java:checkInconsistentAppendEntries(1592)) - s2@group-EA982605F2E5: Failed appendEntries as the first entry (index 0) already exists (snapshotIndex: -1, commitIndex: 0)
2022-11-08 19:12:08,891 [s2-server-thread1] INFO  server.RaftServer$Division (RaftServerImpl.java:checkInconsistentAppendEntries(1572)) - s2@group-EA982605F2E5: inconsistency entries. Reply:s1<-s2#1003:FAIL-t2,INCONSISTENCY,nextIndex=1,followerCommit=0,matchIndex=-1
2022-11-08 19:12:08,891 [grpc-default-executor-3] INFO  leader.FollowerInfo (FollowerInfoImpl.java:lambda$new$0(48)) - s1@group-EA982605F2E5->s2: nextIndex: updateUnconditionally 5 -> 1
2022-11-08 19:12:08,892 [s2-server-thread1] DEBUG server.RaftServer$Division (RaftServerImpl.java:logAppendEntries(1421)) - s2@group-EA982605F2E5: receive appendEntries(s1, 2, (t:2, i:0), 4, true, commits:[s1:c4, s0:c4, s2:c0], cId:1004, entries: [(t:2, i:1), STATEMACHINELOGENTRY, 0@client-2EFB324ADA71, (t:2, i:2), METADATAENTRY(c:1), (t:2, i:3), STATEMACHINELOGENTRY, 999@client-AE8279CAF820, (t:2, i:4), METADATAENTRY(c:3)]
2022-11-08 19:12:08,892 [s2-server-thread1] INFO  server.RaftServer$Division (RaftServerImpl.java:checkInconsistentAppendEntries(1602)) - s2@group-EA982605F2E5: Failed appendEntries as previous log entry ((t:2, i:0)) is not found
2022-11-08 19:12:08,892 [s2-server-thread1] INFO  server.RaftServer$Division (RaftServerImpl.java:checkInconsistentAppendEntries(1572)) - s2@group-EA982605F2E5: inconsistency entries. Reply:s1<-s2#1004:FAIL-t2,INCONSISTENCY,nextIndex=0,followerCommit=0,matchIndex=-1
2022-11-08 19:12:08,893 [grpc-default-executor-3] INFO  leader.FollowerInfo (FollowerInfoImpl.java:lambda$new$0(48)) - s1@group-EA982605F2E5->s2: nextIndex: updateUnconditionally 5 -> 0
2022-11-08 19:12:08,893 [s2-server-thread1] DEBUG server.RaftServer$Division (RaftServerImpl.java:logAppendEntries(1421)) - s2@group-EA982605F2E5: receive appendEntries(s1, 2, null, 4, true, commits:[s1:c4, s0:c4, s2:c0], cId:1005, entries: [(t:2, i:0), CONFIGURATIONENTRY(current:id: "s0"
address: "localhost:34297"
dataStreamAddress: "localhost:43983"
clientAddress: "localhost:39609"
adminAddress: "localhost:37077"
startupRole: FOLLOWER
,id: "s1"
address: "localhost:38917"
dataStreamAddress: "localhost:45719"
clientAddress: "localhost:36975"
adminAddress: "localhost:40635"
startupRole: FOLLOWER
,id: "s2"
address: "localhost:35511"
dataStreamAddress: "localhost:38827"
clientAddress: "localhost:42865"
adminAddress: "localhost:36791"
startupRole: FOLLOWER
, old:), (t:2, i:1), STATEMACHINELOGENTRY, 0@client-2EFB324ADA71, (t:2, i:2), METADATAENTRY(c:1), (t:2, i:3), STATEMACHINELOGENTRY, 999@client-AE8279CAF820, (t:2, i:4), METADATAENTRY(c:3)]
2022-11-08 19:12:08,894 [s2-server-thread1] INFO  server.RaftServer$Division (RaftServerImpl.java:checkInconsistentAppendEntries(1592)) - s2@group-EA982605F2E5: Failed appendEntries as the first entry (index 0) already exists (snapshotIndex: -1, commitIndex: 0)
2022-11-08 19:12:08,894 [s2-server-thread1] INFO  server.RaftServer$Division (RaftServerImpl.java:checkInconsistentAppendEntries(1572)) - s2@group-EA982605F2E5: inconsistency entries. Reply:s1<-s2#1005:FAIL-t2,INCONSISTENCY,nextIndex=1,followerCommit=0,matchIndex=-1
2022-11-08 19:12:08,894 [grpc-default-executor-3] INFO  leader.FollowerInfo (FollowerInfoImpl.java:lambda$new$0(48)) - s1@group-EA982605F2E5->s2: nextIndex: updateUnconditionally 5 -> 1
2022-11-08 19:12:08,895 [s2-server-thread2] DEBUG server.RaftServer$Division (RaftServerImpl.java:logAppendEntries(1421)) - s2@group-EA982605F2E5: receive appendEntries(s1, 2, (t:2, i:0), 4, true, commits:[s1:c4, s0:c4, s2:c0], cId:1006, entries: [(t:2, i:1), STATEMACHINELOGENTRY, 0@client-2EFB324ADA71, (t:2, i:2), METADATAENTRY(c:1), (t:2, i:3), STATEMACHINELOGENTRY, 999@client-AE8279CAF820, (t:2, i:4), METADATAENTRY(c:3)]
2022-11-08 19:12:08,895 [s2-server-thread2] INFO  server.RaftServer$Division (RaftServerImpl.java:checkInconsistentAppendEntries(1602)) - s2@group-EA982605F2E5: Failed appendEntries as previous log entry ((t:2, i:0)) is not found
2022-11-08 19:12:08,895 [s2-server-thread2] INFO  server.RaftServer$Division (RaftServerImpl.java:checkInconsistentAppendEntries(1572)) - s2@group-EA982605F2E5: inconsistency entries. Reply:s1<-s2#1006:FAIL-t2,INCONSISTENCY,nextIndex=0,followerCommit=0,matchIndex=-1
2022-11-08 19:12:08,895 [grpc-default-executor-0] INFO  leader.FollowerInfo (FollowerInfoImpl.java:lambda$new$0(48)) - s1@group-EA982605F2E5->s2: nextIndex: updateUnconditionally 5 -> 0
2022-11-08 19:12:08,896 [s2-server-thread2] DEBUG server.RaftServer$Division (RaftServerImpl.java:logAppendEntries(1421)) - s2@group-EA982605F2E5: receive appendEntries(s1, 2, null, 4, true, commits:[s1:c4, s0:c4, s2:c0], cId:1007, entries: [(t:2, i:0), CONFIGURATIONENTRY(current:id: "s0"
address: "localhost:34297"
dataStreamAddress: "localhost:43983"
clientAddress: "localhost:39609"
adminAddress: "localhost:37077"
startupRole: FOLLOWER
,id: "s1"
address: "localhost:38917"
dataStreamAddress: "localhost:45719"
clientAddress: "localhost:36975"
adminAddress: "localhost:40635"
startupRole: FOLLOWER
,id: "s2"
address: "localhost:35511"
dataStreamAddress: "localhost:38827"
clientAddress: "localhost:42865"
adminAddress: "localhost:36791"
startupRole: FOLLOWER
, old:), (t:2, i:1), STATEMACHINELOGENTRY, 0@client-2EFB324ADA71, (t:2, i:2), METADATAENTRY(c:1), (t:2, i:3), STATEMACHINELOGENTRY, 999@client-AE8279CAF820, (t:2, i:4), METADATAENTRY(c:3)]
2022-11-08 19:12:08,896 [s2-server-thread2] INFO  server.RaftServer$Division (RaftServerImpl.java:checkInconsistentAppendEntries(1592)) - s2@group-EA982605F2E5: Failed appendEntries as the first entry (index 0) already exists (snapshotIndex: -1, commitIndex: 0)
2022-11-08 19:12:08,896 [s2-server-thread2] INFO  server.RaftServer$Division (RaftServerImpl.java:checkInconsistentAppendEntries(1572)) - s2@group-EA982605F2E5: inconsistency entries. Reply:s1<-s2#1007:FAIL-t2,INCONSISTENCY,nextIndex=1,followerCommit=0,matchIndex=-1
2022-11-08 19:12:08,897 [grpc-default-executor-0] INFO  leader.FollowerInfo (FollowerInfoImpl.java:lambda$new$0(48)) - s1@group-EA982605F2E5->s2: nextIndex: updateUnconditionally 5 -> 1
2022-11-08 19:12:08,897 [s2-server-thread2] DEBUG server.RaftServer$Division (RaftServerImpl.java:logAppendEntries(1421)) - s2@group-EA982605F2E5: receive appendEntries(s1, 2, (t:2, i:0), 4, true, commits:[s1:c4, s0:c4, s2:c0], cId:1008, entries: [(t:2, i:1), STATEMACHINELOGENTRY, 0@client-2EFB324ADA71, (t:2, i:2), METADATAENTRY(c:1), (t:2, i:3), STATEMACHINELOGENTRY, 999@client-AE8279CAF820, (t:2, i:4), METADATAENTRY(c:3)]
2022-11-08 19:12:08,897 [s2-server-thread2] INFO  server.RaftServer$Division (RaftServerImpl.java:checkInconsistentAppendEntries(1602)) - s2@group-EA982605F2E5: Failed appendEntries as previous log entry ((t:2, i:0)) is not found
2022-11-08 19:12:08,897 [s2-server-thread2] INFO  server.RaftServer$Division (RaftServerImpl.java:checkInconsistentAppendEntries(1572)) - s2@group-EA982605F2E5: inconsistency entries. Reply:s1<-s2#1008:FAIL-t2,INCONSISTENCY,nextIndex=0,followerCommit=0,matchIndex=-1
2022-11-08 19:12:08,898 [grpc-default-executor-0] INFO  leader.FollowerInfo (FollowerInfoImpl.java:lambda$new$0(48)) - s1@group-EA982605F2E5->s2: nextIndex: updateUnconditionally 5 -> 0
2022-11-08 19:12:08,898 [s2-server-thread2] DEBUG server.RaftServer$Division (RaftServerImpl.java:logAppendEntries(1421)) - s2@group-EA982605F2E5: receive appendEntries(s1, 2, null, 4, true, commits:[s1:c4, s0:c4, s2:c0], cId:1009, entries: [(t:2, i:0), CONFIGURATIONENTRY(current:id: "s0"
address: "localhost:34297"
dataStreamAddress: "localhost:43983"
clientAddress: "localhost:39609"
adminAddress: "localhost:37077"
startupRole: FOLLOWER
,id: "s1"
address: "localhost:38917"
dataStreamAddress: "localhost:45719"
clientAddress: "localhost:36975"
adminAddress: "localhost:40635"
startupRole: FOLLOWER
,id: "s2"
address: "localhost:35511"
dataStreamAddress: "localhost:38827"
clientAddress: "localhost:42865"
adminAddress: "localhost:36791"
startupRole: FOLLOWER
, old:), (t:2, i:1), STATEMACHINELOGENTRY, 0@client-2EFB324ADA71, (t:2, i:2), METADATAENTRY(c:1), (t:2, i:3), STATEMACHINELOGENTRY, 999@client-AE8279CAF820, (t:2, i:4), METADATAENTRY(c:3)]
2022-11-08 19:12:08,898 [s2-server-thread2] INFO  server.RaftServer$Division (RaftServerImpl.java:checkInconsistentAppendEntries(1592)) - s2@group-EA982605F2E5: Failed appendEntries as the first entry (index 0) already exists (snapshotIndex: -1, commitIndex: 0)
2022-11-08 19:12:08,899 [s2-server-thread2] INFO  server.RaftServer$Division (RaftServerImpl.java:checkInconsistentAppendEntries(1572)) - s2@group-EA982605F2E5: inconsistency entries. Reply:s1<-s2#1009:FAIL-t2,INCONSISTENCY,nextIndex=1,followerCommit=0,matchIndex=-1
2022-11-08 19:12:08,899 [grpc-default-executor-0] INFO  leader.FollowerInfo (FollowerInfoImpl.java:lambda$new$0(48)) - s1@group-EA982605F2E5->s2: nextIndex: updateUnconditionally 5 -> 1
2022-11-08 19:12:08,900 [s2-server-thread2] DEBUG server.RaftServer$Division (RaftServerImpl.java:logAppendEntries(1421)) - s2@group-EA982605F2E5: receive appendEntries(s1, 2, (t:2, i:0), 4, true, commits:[s1:c4, s0:c4, s2:c0], cId:1010, entries: [(t:2, i:1), STATEMACHINELOGENTRY, 0@client-2EFB324ADA71, (t:2, i:2), METADATAENTRY(c:1), (t:2, i:3), STATEMACHINELOGENTRY, 999@client-AE8279CAF820, (t:2, i:4), METADATAENTRY(c:3)]
2022-11-08 19:12:08,900 [s2-server-thread2] INFO  server.RaftServer$Division (RaftServerImpl.java:checkInconsistentAppendEntries(1602)) - s2@group-EA982605F2E5: Failed appendEntries as previous log entry ((t:2, i:0)) is not found
2022-11-08 19:12:08,900 [s2-server-thread2] INFO  server.RaftServer$Division (RaftServerImpl.java:checkInconsistentAppendEntries(1572)) - s2@group-EA982605F2E5: inconsistency entries. Reply:s1<-s2#1010:FAIL-t2,INCONSISTENCY,nextIndex=0,followerCommit=0,matchIndex=-1
2022-11-08 19:12:08,900 [grpc-default-executor-0] INFO  leader.FollowerInfo (FollowerInfoImpl.java:lambda$new$0(48)) - s1@group-EA982605F2E5->s2: nextIndex: updateUnconditionally 5 -> 0
2022-11-08 19:12:08,901 [s2-server-thread2] DEBUG server.RaftServer$Division (RaftServerImpl.java:logAppendEntries(1421)) - s2@group-EA982605F2E5: receive appendEntries(s1, 2, null, 4, true, commits:[s1:c4, s0:c4, s2:c0], cId:1011, entries: [(t:2, i:0), CONFIGURATIONENTRY(current:id: "s0"
address: "localhost:34297"
dataStreamAddress: "localhost:43983"
clientAddress: "localhost:39609"
adminAddress: "localhost:37077"
startupRole: FOLLOWER
,id: "s1"
address: "localhost:38917"
dataStreamAddress: "localhost:45719"
clientAddress: "localhost:36975"
adminAddress: "localhost:40635"
startupRole: FOLLOWER
,id: "s2"
address: "localhost:35511"
dataStreamAddress: "localhost:38827"
clientAddress: "localhost:42865"
adminAddress: "localhost:36791"
startupRole: FOLLOWER
, old:), (t:2, i:1), STATEMACHINELOGENTRY, 0@client-2EFB324ADA71, (t:2, i:2), METADATAENTRY(c:1), (t:2, i:3), STATEMACHINELOGENTRY, 999@client-AE8279CAF820, (t:2, i:4), METADATAENTRY(c:3)]
2022-11-08 19:12:08,901 [s2-server-thread2] INFO  server.RaftServer$Division (RaftServerImpl.java:checkInconsistentAppendEntries(1592)) - s2@group-EA982605F2E5: Failed appendEntries as the first entry (index 0) already exists (snapshotIndex: -1, commitIndex: 0)
2022-11-08 19:12:08,901 [s2-server-thread2] INFO  server.RaftServer$Division (RaftServerImpl.java:checkInconsistentAppendEntries(1572)) - s2@group-EA982605F2E5: inconsistency entries. Reply:s1<-s2#1011:FAIL-t2,INCONSISTENCY,nextIndex=1,followerCommit=0,matchIndex=-1
2022-11-08 19:12:08,901 [grpc-default-executor-0] INFO  leader.FollowerInfo (FollowerInfoImpl.java:lambda$new$0(48)) - s1@group-EA982605F2E5->s2: nextIndex: updateUnconditionally 5 -> 1
2022-11-08 19:12:08,902 [s2-server-thread2] DEBUG server.RaftServer$Division (RaftServerImpl.java:logAppendEntries(1421)) - s2@group-EA982605F2E5: receive appendEntries(s1, 2, (t:2, i:0), 4, true, commits:[s1:c4, s0:c4, s2:c0], cId:1012, entries: [(t:2, i:1), STATEMACHINELOGENTRY, 0@client-2EFB324ADA71, (t:2, i:2), METADATAENTRY(c:1), (t:2, i:3), STATEMACHINELOGENTRY, 999@client-AE8279CAF820, (t:2, i:4), METADATAENTRY(c:3)]
2022-11-08 19:12:08,902 [s2-server-thread2] INFO  server.RaftServer$Division (RaftServerImpl.java:checkInconsistentAppendEntries(1602)) - s2@group-EA982605F2E5: Failed appendEntries as previous log entry ((t:2, i:0)) is not found
2022-11-08 19:12:08,902 [s2-server-thread2] INFO  server.RaftServer$Division (RaftServerImpl.java:checkInconsistentAppendEntries(1572)) - s2@group-EA982605F2E5: inconsistency entries. Reply:s1<-s2#1012:FAIL-t2,INCONSISTENCY,nextIndex=0,followerCommit=0,matchIndex=-1
2022-11-08 19:12:08,902 [grpc-default-executor-0] INFO  leader.FollowerInfo (FollowerInfoImpl.java:lambda$new$0(48)) - s1@group-EA982605F2E5->s2: nextIndex: updateUnconditionally 5 -> 0
2022-11-08 19:12:08,903 [s2-server-thread2] DEBUG server.RaftServer$Division (RaftServerImpl.java:logAppendEntries(1421)) - s2@group-EA982605F2E5: receive appendEntries(s1, 2, null, 4, true, commits:[s1:c4, s0:c4, s2:c0], cId:1013, entries: [(t:2, i:0), CONFIGURATIONENTRY(current:id: "s0"
address: "localhost:34297"
dataStreamAddress: "localhost:43983"
clientAddress: "localhost:39609"
adminAddress: "localhost:37077"
startupRole: FOLLOWER
,id: "s1"
address: "localhost:38917"
dataStreamAddress: "localhost:45719"
clientAddress: "localhost:36975"
adminAddress: "localhost:40635"
startupRole: FOLLOWER
,id: "s2"
address: "localhost:35511"
dataStreamAddress: "localhost:38827"
clientAddress: "localhost:42865"
adminAddress: "localhost:36791"
startupRole: FOLLOWER
, old:), (t:2, i:1), STATEMACHINELOGENTRY, 0@client-2EFB324ADA71, (t:2, i:2), METADATAENTRY(c:1), (t:2, i:3), STATEMACHINELOGENTRY, 999@client-AE8279CAF820, (t:2, i:4), METADATAENTRY(c:3)]
2022-11-08 19:12:08,903 [s2-server-thread2] INFO  server.RaftServer$Division (RaftServerImpl.java:checkInconsistentAppendEntries(1592)) - s2@group-EA982605F2E5: Failed appendEntries as the first entry (index 0) already exists (snapshotIndex: -1, commitIndex: 0)
2022-11-08 19:12:08,903 [s2-server-thread2] INFO  server.RaftServer$Division (RaftServerImpl.java:checkInconsistentAppendEntries(1572)) - s2@group-EA982605F2E5: inconsistency entries. Reply:s1<-s2#1013:FAIL-t2,INCONSISTENCY,nextIndex=1,followerCommit=0,matchIndex=-1
2022-11-08 19:12:08,904 [grpc-default-executor-0] INFO  leader.FollowerInfo (FollowerInfoImpl.java:lambda$new$0(48)) - s1@group-EA982605F2E5->s2: nextIndex: updateUnconditionally 5 -> 1
2022-11-08 19:12:08,904 [s2-server-thread2] DEBUG server.RaftServer$Division (RaftServerImpl.java:logAppendEntries(1421)) - s2@group-EA982605F2E5: receive appendEntries(s1, 2, (t:2, i:0), 4, true, commits:[s1:c4, s0:c4, s2:c0], cId:1014, entries: [(t:2, i:1), STATEMACHINELOGENTRY, 0@client-2EFB324ADA71, (t:2, i:2), METADATAENTRY(c:1), (t:2, i:3), STATEMACHINELOGENTRY, 999@client-AE8279CAF820, (t:2, i:4), METADATAENTRY(c:3)]
2022-11-08 19:12:08,904 [s2-server-thread2] INFO  server.RaftServer$Division (RaftServerImpl.java:checkInconsistentAppendEntries(1602)) - s2@group-EA982605F2E5: Failed appendEntries as previous log entry ((t:2, i:0)) is not found
2022-11-08 19:12:08,904 [s2-server-thread2] INFO  server.RaftServer$Division (RaftServerImpl.java:checkInconsistentAppendEntries(1572)) - s2@group-EA982605F2E5: inconsistency entries. Reply:s1<-s2#1014:FAIL-t2,INCONSISTENCY,nextIndex=0,followerCommit=0,matchIndex=-1
2022-11-08 19:12:08,905 [grpc-default-executor-0] INFO  leader.FollowerInfo (FollowerInfoImpl.java:lambda$new$0(48)) - s1@group-EA982605F2E5->s2: nextIndex: updateUnconditionally 5 -> 0
2022-11-08 19:12:08,906 [s2-server-thread2] DEBUG server.RaftServer$Division (RaftServerImpl.java:logAppendEntries(1421)) - s2@group-EA982605F2E5: receive appendEntries(s1, 2, null, 4, true, commits:[s1:c4, s0:c4, s2:c0], cId:1015, entries: [(t:2, i:0), CONFIGURATIONENTRY(current:id: "s0"
address: "localhost:34297"
dataStreamAddress: "localhost:43983"
clientAddress: "localhost:39609"
adminAddress: "localhost:37077"
startupRole: FOLLOWER
,id: "s1"
address: "localhost:38917"
dataStreamAddress: "localhost:45719"
clientAddress: "localhost:36975"
adminAddress: "localhost:40635"
startupRole: FOLLOWER
,id: "s2"
address: "localhost:35511"
dataStreamAddress: "localhost:38827"
clientAddress: "localhost:42865"
adminAddress: "localhost:36791"
startupRole: FOLLOWER
, old:), (t:2, i:1), STATEMACHINELOGENTRY, 0@client-2EFB324ADA71, (t:2, i:2), METADATAENTRY(c:1), (t:2, i:3), STATEMACHINELOGENTRY, 999@client-AE8279CAF820, (t:2, i:4), METADATAENTRY(c:3)]
2022-11-08 19:12:08,906 [s2-server-thread2] INFO  server.RaftServer$Division (RaftServerImpl.java:checkInconsistentAppendEntries(1592)) - s2@group-EA982605F2E5: Failed appendEntries as the first entry (index 0) already exists (snapshotIndex: -1, commitIndex: 0)
2022-11-08 19:12:08,906 [s2-server-thread2] INFO  server.RaftServer$Division (RaftServerImpl.java:checkInconsistentAppendEntries(1572)) - s2@group-EA982605F2E5: inconsistency entries. Reply:s1<-s2#1015:FAIL-t2,INCONSISTENCY,nextIndex=1,followerCommit=0,matchIndex=-1
2022-11-08 19:12:08,906 [grpc-default-executor-0] INFO  leader.FollowerInfo (FollowerInfoImpl.java:lambda$new$0(48)) - s1@group-EA982605F2E5->s2: nextIndex: updateUnconditionally 5 -> 1
2022-11-08 19:12:08,907 [s2-server-thread2] DEBUG server.RaftServer$Division (RaftServerImpl.java:logAppendEntries(1421)) - s2@group-EA982605F2E5: receive appendEntries(s1, 2, (t:2, i:0), 4, true, commits:[s1:c4, s0:c4, s2:c0], cId:1016, entries: [(t:2, i:1), STATEMACHINELOGENTRY, 0@client-2EFB324ADA71, (t:2, i:2), METADATAENTRY(c:1), (t:2, i:3), STATEMACHINELOGENTRY, 999@client-AE8279CAF820, (t:2, i:4), METADATAENTRY(c:3)]
2022-11-08 19:12:08,907 [s2-server-thread2] INFO  server.RaftServer$Division (RaftServerImpl.java:checkInconsistentAppendEntries(1602)) - s2@group-EA982605F2E5: Failed appendEntries as previous log entry ((t:2, i:0)) is not found
2022-11-08 19:12:08,907 [s2-server-thread2] INFO  server.RaftServer$Division (RaftServerImpl.java:checkInconsistentAppendEntries(1572)) - s2@group-EA982605F2E5: inconsistency entries. Reply:s1<-s2#1016:FAIL-t2,INCONSISTENCY,nextIndex=0,followerCommit=0,matchIndex=-1
2022-11-08 19:12:08,907 [grpc-default-executor-0] INFO  leader.FollowerInfo (FollowerInfoImpl.java:lambda$new$0(48)) - s1@group-EA982605F2E5->s2: nextIndex: updateUnconditionally 5 -> 0
2022-11-08 19:12:08,908 [s2-server-thread2] DEBUG server.RaftServer$Division (RaftServerImpl.java:logAppendEntries(1421)) - s2@group-EA982605F2E5: receive appendEntries(s1, 2, null, 4, true, commits:[s1:c4, s0:c4, s2:c0], cId:1017, entries: [(t:2, i:0), CONFIGURATIONENTRY(current:id: "s0"
address: "localhost:34297"
dataStreamAddress: "localhost:43983"
clientAddress: "localhost:39609"
adminAddress: "localhost:37077"
startupRole: FOLLOWER
,id: "s1"
address: "localhost:38917"
dataStreamAddress: "localhost:45719"
clientAddress: "localhost:36975"
adminAddress: "localhost:40635"
startupRole: FOLLOWER
,id: "s2"
address: "localhost:35511"
dataStreamAddress: "localhost:38827"
clientAddress: "localhost:42865"
adminAddress: "localhost:36791"
startupRole: FOLLOWER
, old:), (t:2, i:1), STATEMACHINELOGENTRY, 0@client-2EFB324ADA71, (t:2, i:2), METADATAENTRY(c:1), (t:2, i:3), STATEMACHINELOGENTRY, 999@client-AE8279CAF820, (t:2, i:4), METADATAENTRY(c:3)]
2022-11-08 19:12:08,909 [s2-server-thread2] INFO  server.RaftServer$Division (RaftServerImpl.java:checkInconsistentAppendEntries(1592)) - s2@group-EA982605F2E5: Failed appendEntries as the first entry (index 0) already exists (snapshotIndex: -1, commitIndex: 0)
2022-11-08 19:12:08,909 [s2-server-thread2] INFO  server.RaftServer$Division (RaftServerImpl.java:checkInconsistentAppendEntries(1572)) - s2@group-EA982605F2E5: inconsistency entries. Reply:s1<-s2#1017:FAIL-t2,INCONSISTENCY,nextIndex=1,followerCommit=0,matchIndex=-1
2022-11-08 19:12:08,909 [grpc-default-executor-0] INFO  leader.FollowerInfo (FollowerInfoImpl.java:lambda$new$0(48)) - s1@group-EA982605F2E5->s2: nextIndex: updateUnconditionally 5 -> 1
2022-11-08 19:12:08,910 [s2-server-thread2] DEBUG server.RaftServer$Division (RaftServerImpl.java:logAppendEntries(1421)) - s2@group-EA982605F2E5: receive appendEntries(s1, 2, (t:2, i:0), 4, true, commits:[s1:c4, s0:c4, s2:c0], cId:1018, entries: [(t:2, i:1), STATEMACHINELOGENTRY, 0@client-2EFB324ADA71, (t:2, i:2), METADATAENTRY(c:1), (t:2, i:3), STATEMACHINELOGENTRY, 999@client-AE8279CAF820, (t:2, i:4), METADATAENTRY(c:3)]
2022-11-08 19:12:08,910 [s2-server-thread2] INFO  server.RaftServer$Division (RaftServerImpl.java:checkInconsistentAppendEntries(1602)) - s2@group-EA982605F2E5: Failed appendEntries as previous log entry ((t:2, i:0)) is not found
2022-11-08 19:12:08,910 [s2-server-thread2] INFO  server.RaftServer$Division (RaftServerImpl.java:checkInconsistentAppendEntries(1572)) - s2@group-EA982605F2E5: inconsistency entries. Reply:s1<-s2#1018:FAIL-t2,INCONSISTENCY,nextIndex=0,followerCommit=0,matchIndex=-1
2022-11-08 19:12:08,911 [grpc-default-executor-0] INFO  leader.FollowerInfo (FollowerInfoImpl.java:lambda$new$0(48)) - s1@group-EA982605F2E5->s2: nextIndex: updateUnconditionally 5 -> 0
2022-11-08 19:12:08,911 [s2-server-thread2] DEBUG server.RaftServer$Division (RaftServerImpl.java:logAppendEntries(1421)) - s2@group-EA982605F2E5: receive appendEntries(s1, 2, null, 4, true, commits:[s1:c4, s0:c4, s2:c0], cId:1019, entries: [(t:2, i:0), CONFIGURATIONENTRY(current:id: "s0"
address: "localhost:34297"
dataStreamAddress: "localhost:43983"
clientAddress: "localhost:39609"
adminAddress: "localhost:37077"
startupRole: FOLLOWER
,id: "s1"
address: "localhost:38917"
dataStreamAddress: "localhost:45719"
clientAddress: "localhost:36975"
adminAddress: "localhost:40635"
startupRole: FOLLOWER
,id: "s2"
address: "localhost:35511"
dataStreamAddress: "localhost:38827"
clientAddress: "localhost:42865"
adminAddress: "localhost:36791"
startupRole: FOLLOWER
, old:), (t:2, i:1), STATEMACHINELOGENTRY, 0@client-2EFB324ADA71, (t:2, i:2), METADATAENTRY(c:1), (t:2, i:3), STATEMACHINELOGENTRY, 999@client-AE8279CAF820, (t:2, i:4), METADATAENTRY(c:3)]
2022-11-08 19:12:08,911 [s2-server-thread2] INFO  server.RaftServer$Division (RaftServerImpl.java:checkInconsistentAppendEntries(1592)) - s2@group-EA982605F2E5: Failed appendEntries as the first entry (index 0) already exists (snapshotIndex: -1, commitIndex: 0)
2022-11-08 19:12:08,911 [s2-server-thread2] INFO  server.RaftServer$Division (RaftServerImpl.java:checkInconsistentAppendEntries(1572)) - s2@group-EA982605F2E5: inconsistency entries. Reply:s1<-s2#1019:FAIL-t2,INCONSISTENCY,nextIndex=1,followerCommit=0,matchIndex=-1
2022-11-08 19:12:08,912 [grpc-default-executor-0] INFO  leader.FollowerInfo (FollowerInfoImpl.java:lambda$new$0(48)) - s1@group-EA982605F2E5->s2: nextIndex: updateUnconditionally 5 -> 1
2022-11-08 19:12:08,912 [s2-server-thread2] DEBUG server.RaftServer$Division (RaftServerImpl.java:logAppendEntries(1421)) - s2@group-EA982605F2E5: receive appendEntries(s1, 2, (t:2, i:0), 4, true, commits:[s1:c4, s0:c4, s2:c0], cId:1020, entries: [(t:2, i:1), STATEMACHINELOGENTRY, 0@client-2EFB324ADA71, (t:2, i:2), METADATAENTRY(c:1), (t:2, i:3), STATEMACHINELOGENTRY, 999@client-AE8279CAF820, (t:2, i:4), METADATAENTRY(c:3)]
2022-11-08 19:12:08,912 [s2-server-thread2] INFO  server.RaftServer$Division (RaftServerImpl.java:checkInconsistentAppendEntries(1602)) - s2@group-EA982605F2E5: Failed appendEntries as previous log entry ((t:2, i:0)) is not found
2022-11-08 19:12:08,913 [s2-server-thread2] INFO  server.RaftServer$Division (RaftServerImpl.java:checkInconsistentAppendEntries(1572)) - s2@group-EA982605F2E5: inconsistency entries. Reply:s1<-s2#1020:FAIL-t2,INCONSISTENCY,nextIndex=0,followerCommit=0,matchIndex=-1
2022-11-08 19:12:08,913 [grpc-default-executor-0] INFO  leader.FollowerInfo (FollowerInfoImpl.java:lambda$new$0(48)) - s1@group-EA982605F2E5->s2: nextIndex: updateUnconditionally 5 -> 0
2022-11-08 19:12:08,914 [s2-server-thread2] DEBUG server.RaftServer$Division (RaftServerImpl.java:logAppendEntries(1421)) - s2@group-EA982605F2E5: receive appendEntries(s1, 2, null, 4, true, commits:[s1:c4, s0:c4, s2:c0], cId:1021, entries: [(t:2, i:0), CONFIGURATIONENTRY(current:id: "s0"
address: "localhost:34297"
dataStreamAddress: "localhost:43983"
clientAddress: "localhost:39609"
adminAddress: "localhost:37077"
startupRole: FOLLOWER
,id: "s1"
address: "localhost:38917"
dataStreamAddress: "localhost:45719"
clientAddress: "localhost:36975"
adminAddress: "localhost:40635"
startupRole: FOLLOWER
,id: "s2"
address: "localhost:35511"
dataStreamAddress: "localhost:38827"
clientAddress: "localhost:42865"
adminAddress: "localhost:36791"
startupRole: FOLLOWER
, old:), (t:2, i:1), STATEMACHINELOGENTRY, 0@client-2EFB324ADA71, (t:2, i:2), METADATAENTRY(c:1), (t:2, i:3), STATEMACHINELOGENTRY, 999@client-AE8279CAF820, (t:2, i:4), METADATAENTRY(c:3)]
2022-11-08 19:12:08,914 [s2-server-thread2] INFO  server.RaftServer$Division (RaftServerImpl.java:checkInconsistentAppendEntries(1592)) - s2@group-EA982605F2E5: Failed appendEntries as the first entry (index 0) already exists (snapshotIndex: -1, commitIndex: 0)
2022-11-08 19:12:08,914 [s2-server-thread2] INFO  server.RaftServer$Division (RaftServerImpl.java:checkInconsistentAppendEntries(1572)) - s2@group-EA982605F2E5: inconsistency entries. Reply:s1<-s2#1021:FAIL-t2,INCONSISTENCY,nextIndex=1,followerCommit=0,matchIndex=-1
2022-11-08 19:12:08,914 [grpc-default-executor-0] INFO  leader.FollowerInfo (FollowerInfoImpl.java:lambda$new$0(48)) - s1@group-EA982605F2E5->s2: nextIndex: updateUnconditionally 5 -> 1
2022-11-08 19:12:08,915 [s2-server-thread2] DEBUG server.RaftServer$Division (RaftServerImpl.java:logAppendEntries(1421)) - s2@group-EA982605F2E5: receive appendEntries(s1, 2, (t:2, i:0), 4, true, commits:[s1:c4, s0:c4, s2:c0], cId:1022, entries: [(t:2, i:1), STATEMACHINELOGENTRY, 0@client-2EFB324ADA71, (t:2, i:2), METADATAENTRY(c:1), (t:2, i:3), STATEMACHINELOGENTRY, 999@client-AE8279CAF820, (t:2, i:4), METADATAENTRY(c:3)]
2022-11-08 19:12:08,915 [s2-server-thread2] INFO  server.RaftServer$Division (RaftServerImpl.java:checkInconsistentAppendEntries(1602)) - s2@group-EA982605F2E5: Failed appendEntries as previous log entry ((t:2, i:0)) is not found
2022-11-08 19:12:08,915 [s2-server-thread2] INFO  server.RaftServer$Division (RaftServerImpl.java:checkInconsistentAppendEntries(1572)) - s2@group-EA982605F2E5: inconsistency entries. Reply:s1<-s2#1022:FAIL-t2,INCONSISTENCY,nextIndex=0,followerCommit=0,matchIndex=-1
2022-11-08 19:12:08,916 [grpc-default-executor-0] INFO  leader.FollowerInfo (FollowerInfoImpl.java:lambda$new$0(48)) - s1@group-EA982605F2E5->s2: nextIndex: updateUnconditionally 5 -> 0
2022-11-08 19:12:08,916 [s2-server-thread2] DEBUG server.RaftServer$Division (RaftServerImpl.java:logAppendEntries(1421)) - s2@group-EA982605F2E5: receive appendEntries(s1, 2, null, 4, true, commits:[s1:c4, s0:c4, s2:c0], cId:1023, entries: [(t:2, i:0), CONFIGURATIONENTRY(current:id: "s0"
address: "localhost:34297"
dataStreamAddress: "localhost:43983"
clientAddress: "localhost:39609"
adminAddress: "localhost:37077"
startupRole: FOLLOWER
,id: "s1"
address: "localhost:38917"
dataStreamAddress: "localhost:45719"
clientAddress: "localhost:36975"
adminAddress: "localhost:40635"
startupRole: FOLLOWER
,id: "s2"
address: "localhost:35511"
dataStreamAddress: "localhost:38827"
clientAddress: "localhost:42865"
adminAddress: "localhost:36791"
startupRole: FOLLOWER
, old:), (t:2, i:1), STATEMACHINELOGENTRY, 0@client-2EFB324ADA71, (t:2, i:2), METADATAENTRY(c:1), (t:2, i:3), STATEMACHINELOGENTRY, 999@client-AE8279CAF820, (t:2, i:4), METADATAENTRY(c:3)]
2022-11-08 19:12:08,916 [s2-server-thread2] INFO  server.RaftServer$Division (RaftServerImpl.java:checkInconsistentAppendEntries(1592)) - s2@group-EA982605F2E5: Failed appendEntries as the first entry (index 0) already exists (snapshotIndex: -1, commitIndex: 0)
2022-11-08 19:12:08,916 [s2-server-thread2] INFO  server.RaftServer$Division (RaftServerImpl.java:checkInconsistentAppendEntries(1572)) - s2@group-EA982605F2E5: inconsistency entries. Reply:s1<-s2#1023:FAIL-t2,INCONSISTENCY,nextIndex=1,followerCommit=0,matchIndex=-1
2022-11-08 19:12:08,917 [grpc-default-executor-0] INFO  leader.FollowerInfo (FollowerInfoImpl.java:lambda$new$0(48)) - s1@group-EA982605F2E5->s2: nextIndex: updateUnconditionally 5 -> 1
2022-11-08 19:12:08,917 [s2-server-thread2] DEBUG server.RaftServer$Division (RaftServerImpl.java:logAppendEntries(1421)) - s2@group-EA982605F2E5: receive appendEntries(s1, 2, (t:2, i:0), 4, true, commits:[s1:c4, s0:c4, s2:c0], cId:1024, entries: [(t:2, i:1), STATEMACHINELOGENTRY, 0@client-2EFB324ADA71, (t:2, i:2), METADATAENTRY(c:1), (t:2, i:3), STATEMACHINELOGENTRY, 999@client-AE8279CAF820, (t:2, i:4), METADATAENTRY(c:3)]
2022-11-08 19:12:08,918 [s2-server-thread2] INFO  server.RaftServer$Division (RaftServerImpl.java:checkInconsistentAppendEntries(1602)) - s2@group-EA982605F2E5: Failed appendEntries as previous log entry ((t:2, i:0)) is not found
2022-11-08 19:12:08,918 [s2-server-thread2] INFO  server.RaftServer$Division (RaftServerImpl.java:checkInconsistentAppendEntries(1572)) - s2@group-EA982605F2E5: inconsistency entries. Reply:s1<-s2#1024:FAIL-t2,INCONSISTENCY,nextIndex=0,followerCommit=0,matchIndex=-1
2022-11-08 19:12:08,918 [grpc-default-executor-0] INFO  leader.FollowerInfo (FollowerInfoImpl.java:lambda$new$0(48)) - s1@group-EA982605F2E5->s2: nextIndex: updateUnconditionally 5 -> 0
2022-11-08 19:12:08,920 [s2-server-thread2] DEBUG server.RaftServer$Division (RaftServerImpl.java:logAppendEntries(1421)) - s2@group-EA982605F2E5: receive appendEntries(s1, 2, null, 4, true, commits:[s1:c4, s0:c4, s2:c0], cId:1025, entries: [(t:2, i:0), CONFIGURATIONENTRY(current:id: "s0"
address: "localhost:34297"
dataStreamAddress: "localhost:43983"
clientAddress: "localhost:39609"
adminAddress: "localhost:37077"
startupRole: FOLLOWER
,id: "s1"
address: "localhost:38917"
dataStreamAddress: "localhost:45719"
clientAddress: "localhost:36975"
adminAddress: "localhost:40635"
startupRole: FOLLOWER
,id: "s2"
address: "localhost:35511"
dataStreamAddress: "localhost:38827"
clientAddress: "localhost:42865"
adminAddress: "localhost:36791"
startupRole: FOLLOWER
, old:), (t:2, i:1), STATEMACHINELOGENTRY, 0@client-2EFB324ADA71, (t:2, i:2), METADATAENTRY(c:1), (t:2, i:3), STATEMACHINELOGENTRY, 999@client-AE8279CAF820, (t:2, i:4), METADATAENTRY(c:3)]
2022-11-08 19:12:08,920 [s2-server-thread2] INFO  server.RaftServer$Division (RaftServerImpl.java:checkInconsistentAppendEntries(1592)) - s2@group-EA982605F2E5: Failed appendEntries as the first entry (index 0) already exists (snapshotIndex: -1, commitIndex: 0)
2022-11-08 19:12:08,920 [s2-server-thread2] INFO  server.RaftServer$Division (RaftServerImpl.java:checkInconsistentAppendEntries(1572)) - s2@group-EA982605F2E5: inconsistency entries. Reply:s1<-s2#1025:FAIL-t2,INCONSISTENCY,nextIndex=1,followerCommit=0,matchIndex=-1
2022-11-08 19:12:08,921 [grpc-default-executor-0] INFO  leader.FollowerInfo (FollowerInfoImpl.java:lambda$new$0(48)) - s1@group-EA982605F2E5->s2: nextIndex: updateUnconditionally 5 -> 1
2022-11-08 19:12:08,921 [s2-server-thread2] DEBUG server.RaftServer$Division (RaftServerImpl.java:logAppendEntries(1421)) - s2@group-EA982605F2E5: receive appendEntries(s1, 2, (t:2, i:0), 4, true, commits:[s1:c4, s0:c4, s2:c0], cId:1026, entries: [(t:2, i:1), STATEMACHINELOGENTRY, 0@client-2EFB324ADA71, (t:2, i:2), METADATAENTRY(c:1), (t:2, i:3), STATEMACHINELOGENTRY, 999@client-AE8279CAF820, (t:2, i:4), METADATAENTRY(c:3)]
2022-11-08 19:12:08,921 [s2-server-thread2] INFO  server.RaftServer$Division (RaftServerImpl.java:checkInconsistentAppendEntries(1602)) - s2@group-EA982605F2E5: Failed appendEntries as previous log entry ((t:2, i:0)) is not found
2022-11-08 19:12:08,921 [s2-server-thread2] INFO  server.RaftServer$Division (RaftServerImpl.java:checkInconsistentAppendEntries(1572)) - s2@group-EA982605F2E5: inconsistency entries. Reply:s1<-s2#1026:FAIL-t2,INCONSISTENCY,nextIndex=0,followerCommit=0,matchIndex=-1
2022-11-08 19:12:08,922 [grpc-default-executor-0] INFO  leader.FollowerInfo (FollowerInfoImpl.java:lambda$new$0(48)) - s1@group-EA982605F2E5->s2: nextIndex: updateUnconditionally 5 -> 0
2022-11-08 19:12:08,922 [s2-server-thread2] DEBUG server.RaftServer$Division (RaftServerImpl.java:logAppendEntries(1421)) - s2@group-EA982605F2E5: receive appendEntries(s1, 2, null, 4, true, commits:[s1:c4, s0:c4, s2:c0], cId:1027, entries: [(t:2, i:0), CONFIGURATIONENTRY(current:id: "s0"
address: "localhost:34297"
dataStreamAddress: "localhost:43983"
clientAddress: "localhost:39609"
adminAddress: "localhost:37077"
startupRole: FOLLOWER
,id: "s1"
address: "localhost:38917"
dataStreamAddress: "localhost:45719"
clientAddress: "localhost:36975"
adminAddress: "localhost:40635"
startupRole: FOLLOWER
,id: "s2"
address: "localhost:35511"
dataStreamAddress: "localhost:38827"
clientAddress: "localhost:42865"
adminAddress: "localhost:36791"
startupRole: FOLLOWER
, old:), (t:2, i:1), STATEMACHINELOGENTRY, 0@client-2EFB324ADA71, (t:2, i:2), METADATAENTRY(c:1), (t:2, i:3), STATEMACHINELOGENTRY, 999@client-AE8279CAF820, (t:2, i:4), METADATAENTRY(c:3)]
2022-11-08 19:12:08,923 [s2-server-thread2] INFO  server.RaftServer$Division (RaftServerImpl.java:checkInconsistentAppendEntries(1592)) - s2@group-EA982605F2E5: Failed appendEntries as the first entry (index 0) already exists (snapshotIndex: -1, commitIndex: 0)
2022-11-08 19:12:08,923 [s2-server-thread2] INFO  server.RaftServer$Division (RaftServerImpl.java:checkInconsistentAppendEntries(1572)) - s2@group-EA982605F2E5: inconsistency entries. Reply:s1<-s2#1027:FAIL-t2,INCONSISTENCY,nextIndex=1,followerCommit=0,matchIndex=-1
2022-11-08 19:12:08,923 [grpc-default-executor-0] INFO  leader.FollowerInfo (FollowerInfoImpl.java:lambda$new$0(48)) - s1@group-EA982605F2E5->s2: nextIndex: updateUnconditionally 5 -> 1
2022-11-08 19:12:08,924 [s2-server-thread2] DEBUG server.RaftServer$Division (RaftServerImpl.java:logAppendEntries(1421)) - s2@group-EA982605F2E5: receive appendEntries(s1, 2, (t:2, i:0), 4, true, commits:[s1:c4, s0:c4, s2:c0], cId:1028, entries: [(t:2, i:1), STATEMACHINELOGENTRY, 0@client-2EFB324ADA71, (t:2, i:2), METADATAENTRY(c:1), (t:2, i:3), STATEMACHINELOGENTRY, 999@client-AE8279CAF820, (t:2, i:4), METADATAENTRY(c:3)]
2022-11-08 19:12:08,924 [s2-server-thread2] INFO  server.RaftServer$Division (RaftServerImpl.java:checkInconsistentAppendEntries(1602)) - s2@group-EA982605F2E5: Failed appendEntries as previous log entry ((t:2, i:0)) is not found
2022-11-08 19:12:08,924 [s2-server-thread2] INFO  server.RaftServer$Division (RaftServerImpl.java:checkInconsistentAppendEntries(1572)) - s2@group-EA982605F2E5: inconsistency entries. Reply:s1<-s2#1028:FAIL-t2,INCONSISTENCY,nextIndex=0,followerCommit=0,matchIndex=-1
2022-11-08 19:12:08,924 [grpc-default-executor-0] INFO  leader.FollowerInfo (FollowerInfoImpl.java:lambda$new$0(48)) - s1@group-EA982605F2E5->s2: nextIndex: updateUnconditionally 5 -> 0
2022-11-08 19:12:08,927 [s2-server-thread2] DEBUG server.RaftServer$Division (RaftServerImpl.java:logAppendEntries(1421)) - s2@group-EA982605F2E5: receive appendEntries(s1, 2, null, 4, true, commits:[s1:c4, s0:c4, s2:c0], cId:1029, entries: [(t:2, i:0), CONFIGURATIONENTRY(current:id: "s0"
address: "localhost:34297"
dataStreamAddress: "localhost:43983"
clientAddress: "localhost:39609"
adminAddress: "localhost:37077"
startupRole: FOLLOWER
,id: "s1"
address: "localhost:38917"
dataStreamAddress: "localhost:45719"
clientAddress: "localhost:36975"
adminAddress: "localhost:40635"
startupRole: FOLLOWER
,id: "s2"
address: "localhost:35511"
dataStreamAddress: "localhost:38827"
clientAddress: "localhost:42865"
adminAddress: "localhost:36791"
startupRole: FOLLOWER
, old:), (t:2, i:1), STATEMACHINELOGENTRY, 0@client-2EFB324ADA71, (t:2, i:2), METADATAENTRY(c:1), (t:2, i:3), STATEMACHINELOGENTRY, 999@client-AE8279CAF820, (t:2, i:4), METADATAENTRY(c:3)]
2022-11-08 19:12:08,927 [s2-server-thread2] INFO  server.RaftServer$Division (RaftServerImpl.java:checkInconsistentAppendEntries(1592)) - s2@group-EA982605F2E5: Failed appendEntries as the first entry (index 0) already exists (snapshotIndex: -1, commitIndex: 0)
2022-11-08 19:12:08,927 [s2-server-thread2] INFO  server.RaftServer$Division (RaftServerImpl.java:checkInconsistentAppendEntries(1572)) - s2@group-EA982605F2E5: inconsistency entries. Reply:s1<-s2#1029:FAIL-t2,INCONSISTENCY,nextIndex=1,followerCommit=0,matchIndex=-1
2022-11-08 19:12:08,928 [grpc-default-executor-0] INFO  leader.FollowerInfo (FollowerInfoImpl.java:lambda$new$0(48)) - s1@group-EA982605F2E5->s2: nextIndex: updateUnconditionally 5 -> 1
2022-11-08 19:12:08,928 [s2-server-thread2] DEBUG server.RaftServer$Division (RaftServerImpl.java:logAppendEntries(1421)) - s2@group-EA982605F2E5: receive appendEntries(s1, 2, (t:2, i:0), 4, true, commits:[s1:c4, s0:c4, s2:c0], cId:1030, entries: [(t:2, i:1), STATEMACHINELOGENTRY, 0@client-2EFB324ADA71, (t:2, i:2), METADATAENTRY(c:1), (t:2, i:3), STATEMACHINELOGENTRY, 999@client-AE8279CAF820, (t:2, i:4), METADATAENTRY(c:3)]
2022-11-08 19:12:08,929 [s2-server-thread2] INFO  server.RaftServer$Division (RaftServerImpl.java:checkInconsistentAppendEntries(1602)) - s2@group-EA982605F2E5: Failed appendEntries as previous log entry ((t:2, i:0)) is not found
2022-11-08 19:12:08,929 [s2-server-thread2] INFO  server.RaftServer$Division (RaftServerImpl.java:checkInconsistentAppendEntries(1572)) - s2@group-EA982605F2E5: inconsistency entries. Reply:s1<-s2#1030:FAIL-t2,INCONSISTENCY,nextIndex=0,followerCommit=0,matchIndex=-1
2022-11-08 19:12:08,929 [grpc-default-executor-0] INFO  leader.FollowerInfo (FollowerInfoImpl.java:lambda$new$0(48)) - s1@group-EA982605F2E5->s2: nextIndex: updateUnconditionally 5 -> 0
2022-11-08 19:12:08,930 [s2-server-thread2] DEBUG server.RaftServer$Division (RaftServerImpl.java:logAppendEntries(1421)) - s2@group-EA982605F2E5: receive appendEntries(s1, 2, null, 4, true, commits:[s1:c4, s0:c4, s2:c0], cId:1031, entries: [(t:2, i:0), CONFIGURATIONENTRY(current:id: "s0"
address: "localhost:34297"
dataStreamAddress: "localhost:43983"
clientAddress: "localhost:39609"
adminAddress: "localhost:37077"
startupRole: FOLLOWER
,id: "s1"
address: "localhost:38917"
dataStreamAddress: "localhost:45719"
clientAddress: "localhost:36975"
adminAddress: "localhost:40635"
startupRole: FOLLOWER
,id: "s2"
address: "localhost:35511"
dataStreamAddress: "localhost:38827"
clientAddress: "localhost:42865"
adminAddress: "localhost:36791"
startupRole: FOLLOWER
, old:), (t:2, i:1), STATEMACHINELOGENTRY, 0@client-2EFB324ADA71, (t:2, i:2), METADATAENTRY(c:1), (t:2, i:3), STATEMACHINELOGENTRY, 999@client-AE8279CAF820, (t:2, i:4), METADATAENTRY(c:3)]
2022-11-08 19:12:08,930 [s2-server-thread2] INFO  server.RaftServer$Division (RaftServerImpl.java:checkInconsistentAppendEntries(1592)) - s2@group-EA982605F2E5: Failed appendEntries as the first entry (index 0) already exists (snapshotIndex: -1, commitIndex: 0)
2022-11-08 19:12:08,930 [s2-server-thread2] INFO  server.RaftServer$Division (RaftServerImpl.java:checkInconsistentAppendEntries(1572)) - s2@group-EA982605F2E5: inconsistency entries. Reply:s1<-s2#1031:FAIL-t2,INCONSISTENCY,nextIndex=1,followerCommit=0,matchIndex=-1
2022-11-08 19:12:08,930 [grpc-default-executor-0] INFO  leader.FollowerInfo (FollowerInfoImpl.java:lambda$new$0(48)) - s1@group-EA982605F2E5->s2: nextIndex: updateUnconditionally 5 -> 1
2022-11-08 19:12:08,931 [s2-server-thread2] DEBUG server.RaftServer$Division (RaftServerImpl.java:logAppendEntries(1421)) - s2@group-EA982605F2E5: receive appendEntries(s1, 2, (t:2, i:0), 4, true, commits:[s1:c4, s0:c4, s2:c0], cId:1032, entries: [(t:2, i:1), STATEMACHINELOGENTRY, 0@client-2EFB324ADA71, (t:2, i:2), METADATAENTRY(c:1), (t:2, i:3), STATEMACHINELOGENTRY, 999@client-AE8279CAF820, (t:2, i:4), METADATAENTRY(c:3)]
2022-11-08 19:12:08,931 [s2-server-thread2] INFO  server.RaftServer$Division (RaftServerImpl.java:checkInconsistentAppendEntries(1602)) - s2@group-EA982605F2E5: Failed appendEntries as previous log entry ((t:2, i:0)) is not found
2022-11-08 19:12:08,931 [s2-server-thread2] INFO  server.RaftServer$Division (RaftServerImpl.java:checkInconsistentAppendEntries(1572)) - s2@group-EA982605F2E5: inconsistency entries. Reply:s1<-s2#1032:FAIL-t2,INCONSISTENCY,nextIndex=0,followerCommit=0,matchIndex=-1
2022-11-08 19:12:08,932 [grpc-default-executor-0] INFO  leader.FollowerInfo (FollowerInfoImpl.java:lambda$new$0(48)) - s1@group-EA982605F2E5->s2: nextIndex: updateUnconditionally 5 -> 0
2022-11-08 19:12:08,932 [s2-server-thread2] DEBUG server.RaftServer$Division (RaftServerImpl.java:logAppendEntries(1421)) - s2@group-EA982605F2E5: receive appendEntries(s1, 2, null, 4, true, commits:[s1:c4, s0:c4, s2:c0], cId:1033, entries: [(t:2, i:0), CONFIGURATIONENTRY(current:id: "s0"
address: "localhost:34297"
dataStreamAddress: "localhost:43983"
clientAddress: "localhost:39609"
adminAddress: "localhost:37077"
startupRole: FOLLOWER
,id: "s1"
address: "localhost:38917"
dataStreamAddress: "localhost:45719"
clientAddress: "localhost:36975"
adminAddress: "localhost:40635"
startupRole: FOLLOWER
,id: "s2"
address: "localhost:35511"
dataStreamAddress: "localhost:38827"
clientAddress: "localhost:42865"
adminAddress: "localhost:36791"
startupRole: FOLLOWER
, old:), (t:2, i:1), STATEMACHINELOGENTRY, 0@client-2EFB324ADA71, (t:2, i:2), METADATAENTRY(c:1), (t:2, i:3), STATEMACHINELOGENTRY, 999@client-AE8279CAF820, (t:2, i:4), METADATAENTRY(c:3)]
2022-11-08 19:12:08,933 [s2-server-thread2] INFO  server.RaftServer$Division (RaftServerImpl.java:checkInconsistentAppendEntries(1592)) - s2@group-EA982605F2E5: Failed appendEntries as the first entry (index 0) already exists (snapshotIndex: -1, commitIndex: 0)
2022-11-08 19:12:08,933 [s2-server-thread2] INFO  server.RaftServer$Division (RaftServerImpl.java:checkInconsistentAppendEntries(1572)) - s2@group-EA982605F2E5: inconsistency entries. Reply:s1<-s2#1033:FAIL-t2,INCONSISTENCY,nextIndex=1,followerCommit=0,matchIndex=-1
2022-11-08 19:12:08,933 [grpc-default-executor-0] INFO  leader.FollowerInfo (FollowerInfoImpl.java:lambda$new$0(48)) - s1@group-EA982605F2E5->s2: nextIndex: updateUnconditionally 5 -> 1
2022-11-08 19:12:08,934 [s2-server-thread2] DEBUG server.RaftServer$Division (RaftServerImpl.java:logAppendEntries(1421)) - s2@group-EA982605F2E5: receive appendEntries(s1, 2, (t:2, i:0), 4, true, commits:[s1:c4, s0:c4, s2:c0], cId:1034, entries: [(t:2, i:1), STATEMACHINELOGENTRY, 0@client-2EFB324ADA71, (t:2, i:2), METADATAENTRY(c:1), (t:2, i:3), STATEMACHINELOGENTRY, 999@client-AE8279CAF820, (t:2, i:4), METADATAENTRY(c:3)]
2022-11-08 19:12:08,934 [s2-server-thread2] INFO  server.RaftServer$Division (RaftServerImpl.java:checkInconsistentAppendEntries(1602)) - s2@group-EA982605F2E5: Failed appendEntries as previous log entry ((t:2, i:0)) is not found
2022-11-08 19:12:08,934 [s2-server-thread2] INFO  server.RaftServer$Division (RaftServerImpl.java:checkInconsistentAppendEntries(1572)) - s2@group-EA982605F2E5: inconsistency entries. Reply:s1<-s2#1034:FAIL-t2,INCONSISTENCY,nextIndex=0,followerCommit=0,matchIndex=-1
2022-11-08 19:12:08,934 [grpc-default-executor-0] INFO  leader.FollowerInfo (FollowerInfoImpl.java:lambda$new$0(48)) - s1@group-EA982605F2E5->s2: nextIndex: updateUnconditionally 5 -> 0
2022-11-08 19:12:08,935 [s2-server-thread2] DEBUG server.RaftServer$Division (RaftServerImpl.java:logAppendEntries(1421)) - s2@group-EA982605F2E5: receive appendEntries(s1, 2, null, 4, true, commits:[s1:c4, s0:c4, s2:c0], cId:1035, entries: [(t:2, i:0), CONFIGURATIONENTRY(current:id: "s0"
address: "localhost:34297"
dataStreamAddress: "localhost:43983"
clientAddress: "localhost:39609"
adminAddress: "localhost:37077"
startupRole: FOLLOWER
,id: "s1"
address: "localhost:38917"
dataStreamAddress: "localhost:45719"
clientAddress: "localhost:36975"
adminAddress: "localhost:40635"
startupRole: FOLLOWER
,id: "s2"
address: "localhost:35511"
dataStreamAddress: "localhost:38827"
clientAddress: "localhost:42865"
adminAddress: "localhost:36791"
startupRole: FOLLOWER
, old:), (t:2, i:1), STATEMACHINELOGENTRY, 0@client-2EFB324ADA71, (t:2, i:2), METADATAENTRY(c:1), (t:2, i:3), STATEMACHINELOGENTRY, 999@client-AE8279CAF820, (t:2, i:4), METADATAENTRY(c:3)]
2022-11-08 19:12:08,935 [s2-server-thread2] INFO  server.RaftServer$Division (RaftServerImpl.java:checkInconsistentAppendEntries(1592)) - s2@group-EA982605F2E5: Failed appendEntries as the first entry (index 0) already exists (snapshotIndex: -1, commitIndex: 0)
2022-11-08 19:12:08,935 [s2-server-thread2] INFO  server.RaftServer$Division (RaftServerImpl.java:checkInconsistentAppendEntries(1572)) - s2@group-EA982605F2E5: inconsistency entries. Reply:s1<-s2#1035:FAIL-t2,INCONSISTENCY,nextIndex=1,followerCommit=0,matchIndex=-1
2022-11-08 19:12:08,936 [grpc-default-executor-0] INFO  leader.FollowerInfo (FollowerInfoImpl.java:lambda$new$0(48)) - s1@group-EA982605F2E5->s2: nextIndex: updateUnconditionally 5 -> 1
2022-11-08 19:12:08,936 [s2-server-thread2] DEBUG server.RaftServer$Division (RaftServerImpl.java:logAppendEntries(1421)) - s2@group-EA982605F2E5: receive appendEntries(s1, 2, (t:2, i:0), 4, true, commits:[s1:c4, s0:c4, s2:c0], cId:1036, entries: [(t:2, i:1), STATEMACHINELOGENTRY, 0@client-2EFB324ADA71, (t:2, i:2), METADATAENTRY(c:1), (t:2, i:3), STATEMACHINELOGENTRY, 999@client-AE8279CAF820, (t:2, i:4), METADATAENTRY(c:3)]
2022-11-08 19:12:08,936 [s2-server-thread2] INFO  server.RaftServer$Division (RaftServerImpl.java:checkInconsistentAppendEntries(1602)) - s2@group-EA982605F2E5: Failed appendEntries as previous log entry ((t:2, i:0)) is not found
2022-11-08 19:12:08,937 [s2-server-thread2] INFO  server.RaftServer$Division (RaftServerImpl.java:checkInconsistentAppendEntries(1572)) - s2@group-EA982605F2E5: inconsistency entries. Reply:s1<-s2#1036:FAIL-t2,INCONSISTENCY,nextIndex=0,followerCommit=0,matchIndex=-1
2022-11-08 19:12:08,937 [grpc-default-executor-0] INFO  leader.FollowerInfo (FollowerInfoImpl.java:lambda$new$0(48)) - s1@group-EA982605F2E5->s2: nextIndex: updateUnconditionally 5 -> 0
2022-11-08 19:12:08,938 [s2-server-thread2] DEBUG server.RaftServer$Division (RaftServerImpl.java:logAppendEntries(1421)) - s2@group-EA982605F2E5: receive appendEntries(s1, 2, null, 4, true, commits:[s1:c4, s0:c4, s2:c0], cId:1037, entries: [(t:2, i:0), CONFIGURATIONENTRY(current:id: "s0"
address: "localhost:34297"
dataStreamAddress: "localhost:43983"
clientAddress: "localhost:39609"
adminAddress: "localhost:37077"
startupRole: FOLLOWER
,id: "s1"
address: "localhost:38917"
dataStreamAddress: "localhost:45719"
clientAddress: "localhost:36975"
adminAddress: "localhost:40635"
startupRole: FOLLOWER
,id: "s2"
address: "localhost:35511"
dataStreamAddress: "localhost:38827"
clientAddress: "localhost:42865"
adminAddress: "localhost:36791"
startupRole: FOLLOWER
, old:), (t:2, i:1), STATEMACHINELOGENTRY, 0@client-2EFB324ADA71, (t:2, i:2), METADATAENTRY(c:1), (t:2, i:3), STATEMACHINELOGENTRY, 999@client-AE8279CAF820, (t:2, i:4), METADATAENTRY(c:3)]
2022-11-08 19:12:08,938 [s2-server-thread2] INFO  server.RaftServer$Division (RaftServerImpl.java:checkInconsistentAppendEntries(1592)) - s2@group-EA982605F2E5: Failed appendEntries as the first entry (index 0) already exists (snapshotIndex: -1, commitIndex: 0)
2022-11-08 19:12:08,938 [s2-server-thread2] INFO  server.RaftServer$Division (RaftServerImpl.java:checkInconsistentAppendEntries(1572)) - s2@group-EA982605F2E5: inconsistency entries. Reply:s1<-s2#1037:FAIL-t2,INCONSISTENCY,nextIndex=1,followerCommit=0,matchIndex=-1
2022-11-08 19:12:08,938 [grpc-default-executor-0] INFO  leader.FollowerInfo (FollowerInfoImpl.java:lambda$new$0(48)) - s1@group-EA982605F2E5->s2: nextIndex: updateUnconditionally 5 -> 1
2022-11-08 19:12:08,939 [s2-server-thread2] DEBUG server.RaftServer$Division (RaftServerImpl.java:logAppendEntries(1421)) - s2@group-EA982605F2E5: receive appendEntries(s1, 2, (t:2, i:0), 4, true, commits:[s1:c4, s0:c4, s2:c0], cId:1038, entries: [(t:2, i:1), STATEMACHINELOGENTRY, 0@client-2EFB324ADA71, (t:2, i:2), METADATAENTRY(c:1), (t:2, i:3), STATEMACHINELOGENTRY, 999@client-AE8279CAF820, (t:2, i:4), METADATAENTRY(c:3)]
2022-11-08 19:12:08,939 [s2-server-thread2] INFO  server.RaftServer$Division (RaftServerImpl.java:checkInconsistentAppendEntries(1602)) - s2@group-EA982605F2E5: Failed appendEntries as previous log entry ((t:2, i:0)) is not found
2022-11-08 19:12:08,939 [s2-server-thread2] INFO  server.RaftServer$Division (RaftServerImpl.java:checkInconsistentAppendEntries(1572)) - s2@group-EA982605F2E5: inconsistency entries. Reply:s1<-s2#1038:FAIL-t2,INCONSISTENCY,nextIndex=0,followerCommit=0,matchIndex=-1
2022-11-08 19:12:08,939 [grpc-default-executor-0] INFO  leader.FollowerInfo (FollowerInfoImpl.java:lambda$new$0(48)) - s1@group-EA982605F2E5->s2: nextIndex: updateUnconditionally 5 -> 0
2022-11-08 19:12:08,940 [s2-server-thread2] DEBUG server.RaftServer$Division (RaftServerImpl.java:logAppendEntries(1421)) - s2@group-EA982605F2E5: receive appendEntries(s1, 2, null, 4, true, commits:[s1:c4, s0:c4, s2:c0], cId:1039, entries: [(t:2, i:0), CONFIGURATIONENTRY(current:id: "s0"
address: "localhost:34297"
dataStreamAddress: "localhost:43983"
clientAddress: "localhost:39609"
adminAddress: "localhost:37077"
startupRole: FOLLOWER
,id: "s1"
address: "localhost:38917"
dataStreamAddress: "localhost:45719"
clientAddress: "localhost:36975"
adminAddress: "localhost:40635"
startupRole: FOLLOWER
,id: "s2"
address: "localhost:35511"
dataStreamAddress: "localhost:38827"
clientAddress: "localhost:42865"
adminAddress: "localhost:36791"
startupRole: FOLLOWER
, old:), (t:2, i:1), STATEMACHINELOGENTRY, 0@client-2EFB324ADA71, (t:2, i:2), METADATAENTRY(c:1), (t:2, i:3), STATEMACHINELOGENTRY, 999@client-AE8279CAF820, (t:2, i:4), METADATAENTRY(c:3)]
2022-11-08 19:12:08,940 [s2-server-thread2] INFO  server.RaftServer$Division (RaftServerImpl.java:checkInconsistentAppendEntries(1592)) - s2@group-EA982605F2E5: Failed appendEntries as the first entry (index 0) already exists (snapshotIndex: -1, commitIndex: 0)
2022-11-08 19:12:08,941 [s2-server-thread2] INFO  server.RaftServer$Division (RaftServerImpl.java:checkInconsistentAppendEntries(1572)) - s2@group-EA982605F2E5: inconsistency entries. Reply:s1<-s2#1039:FAIL-t2,INCONSISTENCY,nextIndex=1,followerCommit=0,matchIndex=-1
2022-11-08 19:12:08,941 [grpc-default-executor-0] INFO  leader.FollowerInfo (FollowerInfoImpl.java:lambda$new$0(48)) - s1@group-EA982605F2E5->s2: nextIndex: updateUnconditionally 5 -> 1
2022-11-08 19:12:08,942 [s2-server-thread2] DEBUG server.RaftServer$Division (RaftServerImpl.java:logAppendEntries(1421)) - s2@group-EA982605F2E5: receive appendEntries(s1, 2, (t:2, i:0), 4, true, commits:[s1:c4, s0:c4, s2:c0], cId:1040, entries: [(t:2, i:1), STATEMACHINELOGENTRY, 0@client-2EFB324ADA71, (t:2, i:2), METADATAENTRY(c:1), (t:2, i:3), STATEMACHINELOGENTRY, 999@client-AE8279CAF820, (t:2, i:4), METADATAENTRY(c:3)]
2022-11-08 19:12:08,942 [s2-server-thread2] INFO  server.RaftServer$Division (RaftServerImpl.java:checkInconsistentAppendEntries(1602)) - s2@group-EA982605F2E5: Failed appendEntries as previous log entry ((t:2, i:0)) is not found
2022-11-08 19:12:08,942 [s2-server-thread2] INFO  server.RaftServer$Division (RaftServerImpl.java:checkInconsistentAppendEntries(1572)) - s2@group-EA982605F2E5: inconsistency entries. Reply:s1<-s2#1040:FAIL-t2,INCONSISTENCY,nextIndex=0,followerCommit=0,matchIndex=-1
2022-11-08 19:12:08,942 [grpc-default-executor-0] INFO  leader.FollowerInfo (FollowerInfoImpl.java:lambda$new$0(48)) - s1@group-EA982605F2E5->s2: nextIndex: updateUnconditionally 5 -> 0
2022-11-08 19:12:08,943 [s2-server-thread2] DEBUG server.RaftServer$Division (RaftServerImpl.java:logAppendEntries(1421)) - s2@group-EA982605F2E5: receive appendEntries(s1, 2, null, 4, true, commits:[s1:c4, s0:c4, s2:c0], cId:1041, entries: [(t:2, i:0), CONFIGURATIONENTRY(current:id: "s0"
address: "localhost:34297"
dataStreamAddress: "localhost:43983"
clientAddress: "localhost:39609"
adminAddress: "localhost:37077"
startupRole: FOLLOWER
,id: "s1"
address: "localhost:38917"
dataStreamAddress: "localhost:45719"
clientAddress: "localhost:36975"
adminAddress: "localhost:40635"
startupRole: FOLLOWER
,id: "s2"
address: "localhost:35511"
dataStreamAddress: "localhost:38827"
clientAddress: "localhost:42865"
adminAddress: "localhost:36791"
startupRole: FOLLOWER
, old:), (t:2, i:1), STATEMACHINELOGENTRY, 0@client-2EFB324ADA71, (t:2, i:2), METADATAENTRY(c:1), (t:2, i:3), STATEMACHINELOGENTRY, 999@client-AE8279CAF820, (t:2, i:4), METADATAENTRY(c:3)]
2022-11-08 19:12:08,943 [s2-server-thread2] INFO  server.RaftServer$Division (RaftServerImpl.java:checkInconsistentAppendEntries(1592)) - s2@group-EA982605F2E5: Failed appendEntries as the first entry (index 0) already exists (snapshotIndex: -1, commitIndex: 0)
2022-11-08 19:12:08,943 [s2-server-thread2] INFO  server.RaftServer$Division (RaftServerImpl.java:checkInconsistentAppendEntries(1572)) - s2@group-EA982605F2E5: inconsistency entries. Reply:s1<-s2#1041:FAIL-t2,INCONSISTENCY,nextIndex=1,followerCommit=0,matchIndex=-1
2022-11-08 19:12:08,943 [grpc-default-executor-0] INFO  leader.FollowerInfo (FollowerInfoImpl.java:lambda$new$0(48)) - s1@group-EA982605F2E5->s2: nextIndex: updateUnconditionally 5 -> 1
2022-11-08 19:12:08,944 [s2-server-thread2] DEBUG server.RaftServer$Division (RaftServerImpl.java:logAppendEntries(1421)) - s2@group-EA982605F2E5: receive appendEntries(s1, 2, (t:2, i:0), 4, true, commits:[s1:c4, s0:c4, s2:c0], cId:1042, entries: [(t:2, i:1), STATEMACHINELOGENTRY, 0@client-2EFB324ADA71, (t:2, i:2), METADATAENTRY(c:1), (t:2, i:3), STATEMACHINELOGENTRY, 999@client-AE8279CAF820, (t:2, i:4), METADATAENTRY(c:3)]
2022-11-08 19:12:08,944 [s2-server-thread2] INFO  server.RaftServer$Division (RaftServerImpl.java:checkInconsistentAppendEntries(1602)) - s2@group-EA982605F2E5: Failed appendEntries as previous log entry ((t:2, i:0)) is not found
2022-11-08 19:12:08,945 [s2-server-thread2] INFO  server.RaftServer$Division (RaftServerImpl.java:checkInconsistentAppendEntries(1572)) - s2@group-EA982605F2E5: inconsistency entries. Reply:s1<-s2#1042:FAIL-t2,INCONSISTENCY,nextIndex=0,followerCommit=0,matchIndex=-1
2022-11-08 19:12:08,945 [grpc-default-executor-0] INFO  leader.FollowerInfo (FollowerInfoImpl.java:lambda$new$0(48)) - s1@group-EA982605F2E5->s2: nextIndex: updateUnconditionally 5 -> 0
2022-11-08 19:12:08,946 [s2-server-thread2] DEBUG server.RaftServer$Division (RaftServerImpl.java:logAppendEntries(1421)) - s2@group-EA982605F2E5: receive appendEntries(s1, 2, null, 4, true, commits:[s1:c4, s0:c4, s2:c0], cId:1043, entries: [(t:2, i:0), CONFIGURATIONENTRY(current:id: "s0"
address: "localhost:34297"
dataStreamAddress: "localhost:43983"
clientAddress: "localhost:39609"
adminAddress: "localhost:37077"
startupRole: FOLLOWER
,id: "s1"
address: "localhost:38917"
dataStreamAddress: "localhost:45719"
clientAddress: "localhost:36975"
adminAddress: "localhost:40635"
startupRole: FOLLOWER
,id: "s2"
address: "localhost:35511"
dataStreamAddress: "localhost:38827"
clientAddress: "localhost:42865"
adminAddress: "localhost:36791"
startupRole: FOLLOWER
, old:), (t:2, i:1), STATEMACHINELOGENTRY, 0@client-2EFB324ADA71, (t:2, i:2), METADATAENTRY(c:1), (t:2, i:3), STATEMACHINELOGENTRY, 999@client-AE8279CAF820, (t:2, i:4), METADATAENTRY(c:3)]
2022-11-08 19:12:08,946 [s2-server-thread2] INFO  server.RaftServer$Division (RaftServerImpl.java:checkInconsistentAppendEntries(1592)) - s2@group-EA982605F2E5: Failed appendEntries as the first entry (index 0) already exists (snapshotIndex: -1, commitIndex: 0)
2022-11-08 19:12:08,946 [s2-server-thread2] INFO  server.RaftServer$Division (RaftServerImpl.java:checkInconsistentAppendEntries(1572)) - s2@group-EA982605F2E5: inconsistency entries. Reply:s1<-s2#1043:FAIL-t2,INCONSISTENCY,nextIndex=1,followerCommit=0,matchIndex=-1
2022-11-08 19:12:08,946 [grpc-default-executor-0] INFO  leader.FollowerInfo (FollowerInfoImpl.java:lambda$new$0(48)) - s1@group-EA982605F2E5->s2: nextIndex: updateUnconditionally 5 -> 1
2022-11-08 19:12:08,947 [s2-server-thread2] DEBUG server.RaftServer$Division (RaftServerImpl.java:logAppendEntries(1421)) - s2@group-EA982605F2E5: receive appendEntries(s1, 2, (t:2, i:0), 4, true, commits:[s1:c4, s0:c4, s2:c0], cId:1044, entries: [(t:2, i:1), STATEMACHINELOGENTRY, 0@client-2EFB324ADA71, (t:2, i:2), METADATAENTRY(c:1), (t:2, i:3), STATEMACHINELOGENTRY, 999@client-AE8279CAF820, (t:2, i:4), METADATAENTRY(c:3)]
2022-11-08 19:12:08,947 [s2-server-thread2] INFO  server.RaftServer$Division (RaftServerImpl.java:checkInconsistentAppendEntries(1602)) - s2@group-EA982605F2E5: Failed appendEntries as previous log entry ((t:2, i:0)) is not found
2022-11-08 19:12:08,947 [s2-server-thread2] INFO  server.RaftServer$Division (RaftServerImpl.java:checkInconsistentAppendEntries(1572)) - s2@group-EA982605F2E5: inconsistency entries. Reply:s1<-s2#1044:FAIL-t2,INCONSISTENCY,nextIndex=0,followerCommit=0,matchIndex=-1
2022-11-08 19:12:08,947 [grpc-default-executor-0] INFO  leader.FollowerInfo (FollowerInfoImpl.java:lambda$new$0(48)) - s1@group-EA982605F2E5->s2: nextIndex: updateUnconditionally 5 -> 0
2022-11-08 19:12:08,948 [s2-server-thread2] DEBUG server.RaftServer$Division (RaftServerImpl.java:logAppendEntries(1421)) - s2@group-EA982605F2E5: receive appendEntries(s1, 2, null, 4, true, commits:[s1:c4, s0:c4, s2:c0], cId:1045, entries: [(t:2, i:0), CONFIGURATIONENTRY(current:id: "s0"
address: "localhost:34297"
dataStreamAddress: "localhost:43983"
clientAddress: "localhost:39609"
adminAddress: "localhost:37077"
startupRole: FOLLOWER
,id: "s1"
address: "localhost:38917"
dataStreamAddress: "localhost:45719"
clientAddress: "localhost:36975"
adminAddress: "localhost:40635"
startupRole: FOLLOWER
,id: "s2"
address: "localhost:35511"
dataStreamAddress: "localhost:38827"
clientAddress: "localhost:42865"
adminAddress: "localhost:36791"
startupRole: FOLLOWER
, old:), (t:2, i:1), STATEMACHINELOGENTRY, 0@client-2EFB324ADA71, (t:2, i:2), METADATAENTRY(c:1), (t:2, i:3), STATEMACHINELOGENTRY, 999@client-AE8279CAF820, (t:2, i:4), METADATAENTRY(c:3)]
2022-11-08 19:12:08,948 [s2-server-thread2] INFO  server.RaftServer$Division (RaftServerImpl.java:checkInconsistentAppendEntries(1592)) - s2@group-EA982605F2E5: Failed appendEntries as the first entry (index 0) already exists (snapshotIndex: -1, commitIndex: 0)
2022-11-08 19:12:08,948 [s2-server-thread2] INFO  server.RaftServer$Division (RaftServerImpl.java:checkInconsistentAppendEntries(1572)) - s2@group-EA982605F2E5: inconsistency entries. Reply:s1<-s2#1045:FAIL-t2,INCONSISTENCY,nextIndex=1,followerCommit=0,matchIndex=-1
2022-11-08 19:12:08,949 [grpc-default-executor-0] INFO  leader.FollowerInfo (FollowerInfoImpl.java:lambda$new$0(48)) - s1@group-EA982605F2E5->s2: nextIndex: updateUnconditionally 5 -> 1
2022-11-08 19:12:08,949 [s2-server-thread2] DEBUG server.RaftServer$Division (RaftServerImpl.java:logAppendEntries(1421)) - s2@group-EA982605F2E5: receive appendEntries(s1, 2, (t:2, i:0), 4, true, commits:[s1:c4, s0:c4, s2:c0], cId:1046, entries: [(t:2, i:1), STATEMACHINELOGENTRY, 0@client-2EFB324ADA71, (t:2, i:2), METADATAENTRY(c:1), (t:2, i:3), STATEMACHINELOGENTRY, 999@client-AE8279CAF820, (t:2, i:4), METADATAENTRY(c:3)]
2022-11-08 19:12:08,949 [s2-server-thread2] INFO  server.RaftServer$Division (RaftServerImpl.java:checkInconsistentAppendEntries(1602)) - s2@group-EA982605F2E5: Failed appendEntries as previous log entry ((t:2, i:0)) is not found
2022-11-08 19:12:08,949 [s2-server-thread2] INFO  server.RaftServer$Division (RaftServerImpl.java:checkInconsistentAppendEntries(1572)) - s2@group-EA982605F2E5: inconsistency entries. Reply:s1<-s2#1046:FAIL-t2,INCONSISTENCY,nextIndex=0,followerCommit=0,matchIndex=-1
2022-11-08 19:12:08,950 [grpc-default-executor-0] INFO  leader.FollowerInfo (FollowerInfoImpl.java:lambda$new$0(48)) - s1@group-EA982605F2E5->s2: nextIndex: updateUnconditionally 5 -> 0
2022-11-08 19:12:08,951 [s2-server-thread2] DEBUG server.RaftServer$Division (RaftServerImpl.java:logAppendEntries(1421)) - s2@group-EA982605F2E5: receive appendEntries(s1, 2, null, 4, true, commits:[s1:c4, s0:c4, s2:c0], cId:1047, entries: [(t:2, i:0), CONFIGURATIONENTRY(current:id: "s0"
address: "localhost:34297"
dataStreamAddress: "localhost:43983"
clientAddress: "localhost:39609"
adminAddress: "localhost:37077"
startupRole: FOLLOWER
,id: "s1"
address: "localhost:38917"
dataStreamAddress: "localhost:45719"
clientAddress: "localhost:36975"
adminAddress: "localhost:40635"
startupRole: FOLLOWER
,id: "s2"
address: "localhost:35511"
dataStreamAddress: "localhost:38827"
clientAddress: "localhost:42865"
adminAddress: "localhost:36791"
startupRole: FOLLOWER
, old:), (t:2, i:1), STATEMACHINELOGENTRY, 0@client-2EFB324ADA71, (t:2, i:2), METADATAENTRY(c:1), (t:2, i:3), STATEMACHINELOGENTRY, 999@client-AE8279CAF820, (t:2, i:4), METADATAENTRY(c:3)]
2022-11-08 19:12:08,951 [s2-server-thread2] INFO  server.RaftServer$Division (RaftServerImpl.java:checkInconsistentAppendEntries(1592)) - s2@group-EA982605F2E5: Failed appendEntries as the first entry (index 0) already exists (snapshotIndex: -1, commitIndex: 0)
2022-11-08 19:12:08,951 [s2-server-thread2] INFO  server.RaftServer$Division (RaftServerImpl.java:checkInconsistentAppendEntries(1572)) - s2@group-EA982605F2E5: inconsistency entries. Reply:s1<-s2#1047:FAIL-t2,INCONSISTENCY,nextIndex=1,followerCommit=0,matchIndex=-1
2022-11-08 19:12:08,951 [grpc-default-executor-0] INFO  leader.FollowerInfo (FollowerInfoImpl.java:lambda$new$0(48)) - s1@group-EA982605F2E5->s2: nextIndex: updateUnconditionally 5 -> 1
2022-11-08 19:12:08,952 [s2-server-thread2] DEBUG server.RaftServer$Division (RaftServerImpl.java:logAppendEntries(1421)) - s2@group-EA982605F2E5: receive appendEntries(s1, 2, (t:2, i:0), 4, true, commits:[s1:c4, s0:c4, s2:c0], cId:1048, entries: [(t:2, i:1), STATEMACHINELOGENTRY, 0@client-2EFB324ADA71, (t:2, i:2), METADATAENTRY(c:1), (t:2, i:3), STATEMACHINELOGENTRY, 999@client-AE8279CAF820, (t:2, i:4), METADATAENTRY(c:3)]
2022-11-08 19:12:08,952 [s2-server-thread2] INFO  server.RaftServer$Division (RaftServerImpl.java:checkInconsistentAppendEntries(1602)) - s2@group-EA982605F2E5: Failed appendEntries as previous log entry ((t:2, i:0)) is not found
2022-11-08 19:12:08,952 [s2-server-thread2] INFO  server.RaftServer$Division (RaftServerImpl.java:checkInconsistentAppendEntries(1572)) - s2@group-EA982605F2E5: inconsistency entries. Reply:s1<-s2#1048:FAIL-t2,INCONSISTENCY,nextIndex=0,followerCommit=0,matchIndex=-1
2022-11-08 19:12:08,952 [grpc-default-executor-0] INFO  leader.FollowerInfo (FollowerInfoImpl.java:lambda$new$0(48)) - s1@group-EA982605F2E5->s2: nextIndex: updateUnconditionally 5 -> 0
2022-11-08 19:12:08,953 [s2-server-thread2] DEBUG server.RaftServer$Division (RaftServerImpl.java:logAppendEntries(1421)) - s2@group-EA982605F2E5: receive appendEntries(s1, 2, null, 4, true, commits:[s1:c4, s0:c4, s2:c0], cId:1049, entries: [(t:2, i:0), CONFIGURATIONENTRY(current:id: "s0"
address: "localhost:34297"
dataStreamAddress: "localhost:43983"
clientAddress: "localhost:39609"
adminAddress: "localhost:37077"
startupRole: FOLLOWER
,id: "s1"
address: "localhost:38917"
dataStreamAddress: "localhost:45719"
clientAddress: "localhost:36975"
adminAddress: "localhost:40635"
startupRole: FOLLOWER
,id: "s2"
address: "localhost:35511"
dataStreamAddress: "localhost:38827"
clientAddress: "localhost:42865"
adminAddress: "localhost:36791"
startupRole: FOLLOWER
, old:), (t:2, i:1), STATEMACHINELOGENTRY, 0@client-2EFB324ADA71, (t:2, i:2), METADATAENTRY(c:1), (t:2, i:3), STATEMACHINELOGENTRY, 999@client-AE8279CAF820, (t:2, i:4), METADATAENTRY(c:3)]
2022-11-08 19:12:08,953 [s2-server-thread2] INFO  server.RaftServer$Division (RaftServerImpl.java:checkInconsistentAppendEntries(1592)) - s2@group-EA982605F2E5: Failed appendEntries as the first entry (index 0) already exists (snapshotIndex: -1, commitIndex: 0)
2022-11-08 19:12:08,953 [s2-server-thread2] INFO  server.RaftServer$Division (RaftServerImpl.java:checkInconsistentAppendEntries(1572)) - s2@group-EA982605F2E5: inconsistency entries. Reply:s1<-s2#1049:FAIL-t2,INCONSISTENCY,nextIndex=1,followerCommit=0,matchIndex=-1
2022-11-08 19:12:08,954 [grpc-default-executor-0] INFO  leader.FollowerInfo (FollowerInfoImpl.java:lambda$new$0(48)) - s1@group-EA982605F2E5->s2: nextIndex: updateUnconditionally 5 -> 1
2022-11-08 19:12:08,955 [s2-server-thread2] DEBUG server.RaftServer$Division (RaftServerImpl.java:logAppendEntries(1421)) - s2@group-EA982605F2E5: receive appendEntries(s1, 2, (t:2, i:0), 4, true, commits:[s1:c4, s0:c4, s2:c0], cId:1050, entries: [(t:2, i:1), STATEMACHINELOGENTRY, 0@client-2EFB324ADA71, (t:2, i:2), METADATAENTRY(c:1), (t:2, i:3), STATEMACHINELOGENTRY, 999@client-AE8279CAF820, (t:2, i:4), METADATAENTRY(c:3)]
2022-11-08 19:12:08,955 [s2-server-thread2] INFO  server.RaftServer$Division (RaftServerImpl.java:checkInconsistentAppendEntries(1602)) - s2@group-EA982605F2E5: Failed appendEntries as previous log entry ((t:2, i:0)) is not found
2022-11-08 19:12:08,955 [s2-server-thread2] INFO  server.RaftServer$Division (RaftServerImpl.java:checkInconsistentAppendEntries(1572)) - s2@group-EA982605F2E5: inconsistency entries. Reply:s1<-s2#1050:FAIL-t2,INCONSISTENCY,nextIndex=0,followerCommit=0,matchIndex=-1
2022-11-08 19:12:08,955 [grpc-default-executor-0] INFO  leader.FollowerInfo (FollowerInfoImpl.java:lambda$new$0(48)) - s1@group-EA982605F2E5->s2: nextIndex: updateUnconditionally 5 -> 0
2022-11-08 19:12:08,959 [s2-server-thread2] DEBUG server.RaftServer$Division (RaftServerImpl.java:logAppendEntries(1421)) - s2@group-EA982605F2E5: receive appendEntries(s1, 2, null, 4, true, commits:[s1:c4, s0:c4, s2:c0], cId:1051, entries: [(t:2, i:0), CONFIGURATIONENTRY(current:id: "s0"
address: "localhost:34297"
dataStreamAddress: "localhost:43983"
clientAddress: "localhost:39609"
adminAddress: "localhost:37077"
startupRole: FOLLOWER
,id: "s1"
address: "localhost:38917"
dataStreamAddress: "localhost:45719"
clientAddress: "localhost:36975"
adminAddress: "localhost:40635"
startupRole: FOLLOWER
,id: "s2"
address: "localhost:35511"
dataStreamAddress: "localhost:38827"
clientAddress: "localhost:42865"
adminAddress: "localhost:36791"
startupRole: FOLLOWER
, old:), (t:2, i:1), STATEMACHINELOGENTRY, 0@client-2EFB324ADA71, (t:2, i:2), METADATAENTRY(c:1), (t:2, i:3), STATEMACHINELOGENTRY, 999@client-AE8279CAF820, (t:2, i:4), METADATAENTRY(c:3)]
2022-11-08 19:12:08,959 [s2-server-thread2] INFO  server.RaftServer$Division (RaftServerImpl.java:checkInconsistentAppendEntries(1592)) - s2@group-EA982605F2E5: Failed appendEntries as the first entry (index 0) already exists (snapshotIndex: -1, commitIndex: 0)
2022-11-08 19:12:08,959 [s2-server-thread2] INFO  server.RaftServer$Division (RaftServerImpl.java:checkInconsistentAppendEntries(1572)) - s2@group-EA982605F2E5: inconsistency entries. Reply:s1<-s2#1051:FAIL-t2,INCONSISTENCY,nextIndex=1,followerCommit=0,matchIndex=-1
2022-11-08 19:12:08,959 [grpc-default-executor-0] INFO  leader.FollowerInfo (FollowerInfoImpl.java:lambda$new$0(48)) - s1@group-EA982605F2E5->s2: nextIndex: updateUnconditionally 5 -> 1
2022-11-08 19:12:08,960 [s2-server-thread2] DEBUG server.RaftServer$Division (RaftServerImpl.java:logAppendEntries(1421)) - s2@group-EA982605F2E5: receive appendEntries(s1, 2, (t:2, i:0), 4, true, commits:[s1:c4, s0:c4, s2:c0], cId:1052, entries: [(t:2, i:1), STATEMACHINELOGENTRY, 0@client-2EFB324ADA71, (t:2, i:2), METADATAENTRY(c:1), (t:2, i:3), STATEMACHINELOGENTRY, 999@client-AE8279CAF820, (t:2, i:4), METADATAENTRY(c:3)]
2022-11-08 19:12:08,960 [s2-server-thread2] INFO  server.RaftServer$Division (RaftServerImpl.java:checkInconsistentAppendEntries(1602)) - s2@group-EA982605F2E5: Failed appendEntries as previous log entry ((t:2, i:0)) is not found
2022-11-08 19:12:08,960 [s2-server-thread2] INFO  server.RaftServer$Division (RaftServerImpl.java:checkInconsistentAppendEntries(1572)) - s2@group-EA982605F2E5: inconsistency entries. Reply:s1<-s2#1052:FAIL-t2,INCONSISTENCY,nextIndex=0,followerCommit=0,matchIndex=-1
2022-11-08 19:12:08,961 [grpc-default-executor-0] INFO  leader.FollowerInfo (FollowerInfoImpl.java:lambda$new$0(48)) - s1@group-EA982605F2E5->s2: nextIndex: updateUnconditionally 5 -> 0
2022-11-08 19:12:08,961 [s2-server-thread2] DEBUG server.RaftServer$Division (RaftServerImpl.java:logAppendEntries(1421)) - s2@group-EA982605F2E5: receive appendEntries(s1, 2, null, 4, true, commits:[s1:c4, s0:c4, s2:c0], cId:1053, entries: [(t:2, i:0), CONFIGURATIONENTRY(current:id: "s0"
address: "localhost:34297"
dataStreamAddress: "localhost:43983"
clientAddress: "localhost:39609"
adminAddress: "localhost:37077"
startupRole: FOLLOWER
,id: "s1"
address: "localhost:38917"
dataStreamAddress: "localhost:45719"
clientAddress: "localhost:36975"
adminAddress: "localhost:40635"
startupRole: FOLLOWER
,id: "s2"
address: "localhost:35511"
dataStreamAddress: "localhost:38827"
clientAddress: "localhost:42865"
adminAddress: "localhost:36791"
startupRole: FOLLOWER
, old:), (t:2, i:1), STATEMACHINELOGENTRY, 0@client-2EFB324ADA71, (t:2, i:2), METADATAENTRY(c:1), (t:2, i:3), STATEMACHINELOGENTRY, 999@client-AE8279CAF820, (t:2, i:4), METADATAENTRY(c:3)]
2022-11-08 19:12:08,962 [s2-server-thread2] INFO  server.RaftServer$Division (RaftServerImpl.java:checkInconsistentAppendEntries(1592)) - s2@group-EA982605F2E5: Failed appendEntries as the first entry (index 0) already exists (snapshotIndex: -1, commitIndex: 0)
2022-11-08 19:12:08,962 [s2-server-thread2] INFO  server.RaftServer$Division (RaftServerImpl.java:checkInconsistentAppendEntries(1572)) - s2@group-EA982605F2E5: inconsistency entries. Reply:s1<-s2#1053:FAIL-t2,INCONSISTENCY,nextIndex=1,followerCommit=0,matchIndex=-1
2022-11-08 19:12:08,962 [grpc-default-executor-0] INFO  leader.FollowerInfo (FollowerInfoImpl.java:lambda$new$0(48)) - s1@group-EA982605F2E5->s2: nextIndex: updateUnconditionally 5 -> 1
2022-11-08 19:12:08,963 [s2-server-thread2] DEBUG server.RaftServer$Division (RaftServerImpl.java:logAppendEntries(1421)) - s2@group-EA982605F2E5: receive appendEntries(s1, 2, (t:2, i:0), 4, true, commits:[s1:c4, s0:c4, s2:c0], cId:1054, entries: [(t:2, i:1), STATEMACHINELOGENTRY, 0@client-2EFB324ADA71, (t:2, i:2), METADATAENTRY(c:1), (t:2, i:3), STATEMACHINELOGENTRY, 999@client-AE8279CAF820, (t:2, i:4), METADATAENTRY(c:3)]
2022-11-08 19:12:08,963 [s2-server-thread2] INFO  server.RaftServer$Division (RaftServerImpl.java:checkInconsistentAppendEntries(1602)) - s2@group-EA982605F2E5: Failed appendEntries as previous log entry ((t:2, i:0)) is not found
2022-11-08 19:12:08,963 [s2-server-thread2] INFO  server.RaftServer$Division (RaftServerImpl.java:checkInconsistentAppendEntries(1572)) - s2@group-EA982605F2E5: inconsistency entries. Reply:s1<-s2#1054:FAIL-t2,INCONSISTENCY,nextIndex=0,followerCommit=0,matchIndex=-1
2022-11-08 19:12:08,963 [grpc-default-executor-0] INFO  leader.FollowerInfo (FollowerInfoImpl.java:lambda$new$0(48)) - s1@group-EA982605F2E5->s2: nextIndex: updateUnconditionally 5 -> 0
2022-11-08 19:12:08,964 [s2-server-thread2] DEBUG server.RaftServer$Division (RaftServerImpl.java:logAppendEntries(1421)) - s2@group-EA982605F2E5: receive appendEntries(s1, 2, null, 4, true, commits:[s1:c4, s0:c4, s2:c0], cId:1055, entries: [(t:2, i:0), CONFIGURATIONENTRY(current:id: "s0"
address: "localhost:34297"
dataStreamAddress: "localhost:43983"
clientAddress: "localhost:39609"
adminAddress: "localhost:37077"
startupRole: FOLLOWER
,id: "s1"
address: "localhost:38917"
dataStreamAddress: "localhost:45719"
clientAddress: "localhost:36975"
adminAddress: "localhost:40635"
startupRole: FOLLOWER
,id: "s2"
address: "localhost:35511"
dataStreamAddress: "localhost:38827"
clientAddress: "localhost:42865"
adminAddress: "localhost:36791"
startupRole: FOLLOWER
, old:), (t:2, i:1), STATEMACHINELOGENTRY, 0@client-2EFB324ADA71, (t:2, i:2), METADATAENTRY(c:1), (t:2, i:3), STATEMACHINELOGENTRY, 999@client-AE8279CAF820, (t:2, i:4), METADATAENTRY(c:3)]
2022-11-08 19:12:08,964 [s2-server-thread2] INFO  server.RaftServer$Division (RaftServerImpl.java:checkInconsistentAppendEntries(1592)) - s2@group-EA982605F2E5: Failed appendEntries as the first entry (index 0) already exists (snapshotIndex: -1, commitIndex: 0)
2022-11-08 19:12:08,964 [s2-server-thread2] INFO  server.RaftServer$Division (RaftServerImpl.java:checkInconsistentAppendEntries(1572)) - s2@group-EA982605F2E5: inconsistency entries. Reply:s1<-s2#1055:FAIL-t2,INCONSISTENCY,nextIndex=1,followerCommit=0,matchIndex=-1
2022-11-08 19:12:08,965 [grpc-default-executor-0] INFO  leader.FollowerInfo (FollowerInfoImpl.java:lambda$new$0(48)) - s1@group-EA982605F2E5->s2: nextIndex: updateUnconditionally 5 -> 1
2022-11-08 19:12:08,965 [s2-server-thread2] DEBUG server.RaftServer$Division (RaftServerImpl.java:logAppendEntries(1421)) - s2@group-EA982605F2E5: receive appendEntries(s1, 2, (t:2, i:0), 4, true, commits:[s1:c4, s0:c4, s2:c0], cId:1056, entries: [(t:2, i:1), STATEMACHINELOGENTRY, 0@client-2EFB324ADA71, (t:2, i:2), METADATAENTRY(c:1), (t:2, i:3), STATEMACHINELOGENTRY, 999@client-AE8279CAF820, (t:2, i:4), METADATAENTRY(c:3)]
2022-11-08 19:12:08,965 [s2-server-thread2] INFO  server.RaftServer$Division (RaftServerImpl.java:checkInconsistentAppendEntries(1602)) - s2@group-EA982605F2E5: Failed appendEntries as previous log entry ((t:2, i:0)) is not found
2022-11-08 19:12:08,966 [s2-server-thread2] INFO  server.RaftServer$Division (RaftServerImpl.java:checkInconsistentAppendEntries(1572)) - s2@group-EA982605F2E5: inconsistency entries. Reply:s1<-s2#1056:FAIL-t2,INCONSISTENCY,nextIndex=0,followerCommit=0,matchIndex=-1
2022-11-08 19:12:08,966 [grpc-default-executor-0] INFO  leader.FollowerInfo (FollowerInfoImpl.java:lambda$new$0(48)) - s1@group-EA982605F2E5->s2: nextIndex: updateUnconditionally 5 -> 0
2022-11-08 19:12:08,966 [s2-server-thread2] DEBUG server.RaftServer$Division (RaftServerImpl.java:logAppendEntries(1421)) - s2@group-EA982605F2E5: receive appendEntries(s1, 2, null, 4, true, commits:[s1:c4, s0:c4, s2:c0], cId:1057, entries: [(t:2, i:0), CONFIGURATIONENTRY(current:id: "s0"
address: "localhost:34297"
dataStreamAddress: "localhost:43983"
clientAddress: "localhost:39609"
adminAddress: "localhost:37077"
startupRole: FOLLOWER
,id: "s1"
address: "localhost:38917"
dataStreamAddress: "localhost:45719"
clientAddress: "localhost:36975"
adminAddress: "localhost:40635"
startupRole: FOLLOWER
,id: "s2"
address: "localhost:35511"
dataStreamAddress: "localhost:38827"
clientAddress: "localhost:42865"
adminAddress: "localhost:36791"
startupRole: FOLLOWER
, old:), (t:2, i:1), STATEMACHINELOGENTRY, 0@client-2EFB324ADA71, (t:2, i:2), METADATAENTRY(c:1), (t:2, i:3), STATEMACHINELOGENTRY, 999@client-AE8279CAF820, (t:2, i:4), METADATAENTRY(c:3)]
2022-11-08 19:12:08,967 [s2-server-thread2] INFO  server.RaftServer$Division (RaftServerImpl.java:checkInconsistentAppendEntries(1592)) - s2@group-EA982605F2E5: Failed appendEntries as the first entry (index 0) already exists (snapshotIndex: -1, commitIndex: 0)
2022-11-08 19:12:08,967 [s2-server-thread2] INFO  server.RaftServer$Division (RaftServerImpl.java:checkInconsistentAppendEntries(1572)) - s2@group-EA982605F2E5: inconsistency entries. Reply:s1<-s2#1057:FAIL-t2,INCONSISTENCY,nextIndex=1,followerCommit=0,matchIndex=-1
2022-11-08 19:12:08,967 [grpc-default-executor-0] INFO  leader.FollowerInfo (FollowerInfoImpl.java:lambda$new$0(48)) - s1@group-EA982605F2E5->s2: nextIndex: updateUnconditionally 5 -> 1
2022-11-08 19:12:08,968 [s2-server-thread2] DEBUG server.RaftServer$Division (RaftServerImpl.java:logAppendEntries(1421)) - s2@group-EA982605F2E5: receive appendEntries(s1, 2, (t:2, i:0), 4, true, commits:[s1:c4, s0:c4, s2:c0], cId:1058, entries: [(t:2, i:1), STATEMACHINELOGENTRY, 0@client-2EFB324ADA71, (t:2, i:2), METADATAENTRY(c:1), (t:2, i:3), STATEMACHINELOGENTRY, 999@client-AE8279CAF820, (t:2, i:4), METADATAENTRY(c:3)]
2022-11-08 19:12:08,968 [s2-server-thread2] INFO  server.RaftServer$Division (RaftServerImpl.java:checkInconsistentAppendEntries(1602)) - s2@group-EA982605F2E5: Failed appendEntries as previous log entry ((t:2, i:0)) is not found
2022-11-08 19:12:08,968 [s2-server-thread2] INFO  server.RaftServer$Division (RaftServerImpl.java:checkInconsistentAppendEntries(1572)) - s2@group-EA982605F2E5: inconsistency entries. Reply:s1<-s2#1058:FAIL-t2,INCONSISTENCY,nextIndex=0,followerCommit=0,matchIndex=-1
2022-11-08 19:12:08,968 [grpc-default-executor-0] INFO  leader.FollowerInfo (FollowerInfoImpl.java:lambda$new$0(48)) - s1@group-EA982605F2E5->s2: nextIndex: updateUnconditionally 5 -> 0
2022-11-08 19:12:08,969 [s2-server-thread2] DEBUG server.RaftServer$Division (RaftServerImpl.java:logAppendEntries(1421)) - s2@group-EA982605F2E5: receive appendEntries(s1, 2, null, 4, true, commits:[s1:c4, s0:c4, s2:c0], cId:1059, entries: [(t:2, i:0), CONFIGURATIONENTRY(current:id: "s0"
address: "localhost:34297"
dataStreamAddress: "localhost:43983"
clientAddress: "localhost:39609"
adminAddress: "localhost:37077"
startupRole: FOLLOWER
,id: "s1"
address: "localhost:38917"
dataStreamAddress: "localhost:45719"
clientAddress: "localhost:36975"
adminAddress: "localhost:40635"
startupRole: FOLLOWER
,id: "s2"
address: "localhost:35511"
dataStreamAddress: "localhost:38827"
clientAddress: "localhost:42865"
adminAddress: "localhost:36791"
startupRole: FOLLOWER
, old:), (t:2, i:1), STATEMACHINELOGENTRY, 0@client-2EFB324ADA71, (t:2, i:2), METADATAENTRY(c:1), (t:2, i:3), STATEMACHINELOGENTRY, 999@client-AE8279CAF820, (t:2, i:4), METADATAENTRY(c:3)]
2022-11-08 19:12:08,969 [s2-server-thread2] INFO  server.RaftServer$Division (RaftServerImpl.java:checkInconsistentAppendEntries(1592)) - s2@group-EA982605F2E5: Failed appendEntries as the first entry (index 0) already exists (snapshotIndex: -1, commitIndex: 0)
2022-11-08 19:12:08,969 [s2-server-thread2] INFO  server.RaftServer$Division (RaftServerImpl.java:checkInconsistentAppendEntries(1572)) - s2@group-EA982605F2E5: inconsistency entries. Reply:s1<-s2#1059:FAIL-t2,INCONSISTENCY,nextIndex=1,followerCommit=0,matchIndex=-1
2022-11-08 19:12:08,970 [grpc-default-executor-0] INFO  leader.FollowerInfo (FollowerInfoImpl.java:lambda$new$0(48)) - s1@group-EA982605F2E5->s2: nextIndex: updateUnconditionally 5 -> 1
2022-11-08 19:12:08,971 [s2-server-thread2] DEBUG server.RaftServer$Division (RaftServerImpl.java:logAppendEntries(1421)) - s2@group-EA982605F2E5: receive appendEntries(s1, 2, (t:2, i:0), 4, true, commits:[s1:c4, s0:c4, s2:c0], cId:1060, entries: [(t:2, i:1), STATEMACHINELOGENTRY, 0@client-2EFB324ADA71, (t:2, i:2), METADATAENTRY(c:1), (t:2, i:3), STATEMACHINELOGENTRY, 999@client-AE8279CAF820, (t:2, i:4), METADATAENTRY(c:3)]
2022-11-08 19:12:08,971 [s2-server-thread2] INFO  server.RaftServer$Division (RaftServerImpl.java:checkInconsistentAppendEntries(1602)) - s2@group-EA982605F2E5: Failed appendEntries as previous log entry ((t:2, i:0)) is not found
2022-11-08 19:12:08,971 [s2-server-thread2] INFO  server.RaftServer$Division (RaftServerImpl.java:checkInconsistentAppendEntries(1572)) - s2@group-EA982605F2E5: inconsistency entries. Reply:s1<-s2#1060:FAIL-t2,INCONSISTENCY,nextIndex=0,followerCommit=0,matchIndex=-1
2022-11-08 19:12:08,972 [grpc-default-executor-3] INFO  leader.FollowerInfo (FollowerInfoImpl.java:lambda$new$0(48)) - s1@group-EA982605F2E5->s2: nextIndex: updateUnconditionally 5 -> 0
2022-11-08 19:12:08,973 [s2-server-thread2] DEBUG server.RaftServer$Division (RaftServerImpl.java:logAppendEntries(1421)) - s2@group-EA982605F2E5: receive appendEntries(s1, 2, null, 4, true, commits:[s1:c4, s0:c4, s2:c0], cId:1061, entries: [(t:2, i:0), CONFIGURATIONENTRY(current:id: "s0"
address: "localhost:34297"
dataStreamAddress: "localhost:43983"
clientAddress: "localhost:39609"
adminAddress: "localhost:37077"
startupRole: FOLLOWER
,id: "s1"
address: "localhost:38917"
dataStreamAddress: "localhost:45719"
clientAddress: "localhost:36975"
adminAddress: "localhost:40635"
startupRole: FOLLOWER
,id: "s2"
address: "localhost:35511"
dataStreamAddress: "localhost:38827"
clientAddress: "localhost:42865"
adminAddress: "localhost:36791"
startupRole: FOLLOWER
, old:), (t:2, i:1), STATEMACHINELOGENTRY, 0@client-2EFB324ADA71, (t:2, i:2), METADATAENTRY(c:1), (t:2, i:3), STATEMACHINELOGENTRY, 999@client-AE8279CAF820, (t:2, i:4), METADATAENTRY(c:3)]
2022-11-08 19:12:08,973 [s2-server-thread2] INFO  server.RaftServer$Division (RaftServerImpl.java:checkInconsistentAppendEntries(1592)) - s2@group-EA982605F2E5: Failed appendEntries as the first entry (index 0) already exists (snapshotIndex: -1, commitIndex: 0)
2022-11-08 19:12:08,973 [s2-server-thread2] INFO  server.RaftServer$Division (RaftServerImpl.java:checkInconsistentAppendEntries(1572)) - s2@group-EA982605F2E5: inconsistency entries. Reply:s1<-s2#1061:FAIL-t2,INCONSISTENCY,nextIndex=1,followerCommit=0,matchIndex=-1
2022-11-08 19:12:08,973 [grpc-default-executor-3] INFO  leader.FollowerInfo (FollowerInfoImpl.java:lambda$new$0(48)) - s1@group-EA982605F2E5->s2: nextIndex: updateUnconditionally 5 -> 1
2022-11-08 19:12:08,974 [s2-server-thread2] DEBUG server.RaftServer$Division (RaftServerImpl.java:logAppendEntries(1421)) - s2@group-EA982605F2E5: receive appendEntries(s1, 2, (t:2, i:0), 4, true, commits:[s1:c4, s0:c4, s2:c0], cId:1062, entries: [(t:2, i:1), STATEMACHINELOGENTRY, 0@client-2EFB324ADA71, (t:2, i:2), METADATAENTRY(c:1), (t:2, i:3), STATEMACHINELOGENTRY, 999@client-AE8279CAF820, (t:2, i:4), METADATAENTRY(c:3)]
2022-11-08 19:12:08,974 [s2-server-thread2] INFO  server.RaftServer$Division (RaftServerImpl.java:checkInconsistentAppendEntries(1602)) - s2@group-EA982605F2E5: Failed appendEntries as previous log entry ((t:2, i:0)) is not found
2022-11-08 19:12:08,974 [s2-server-thread2] INFO  server.RaftServer$Division (RaftServerImpl.java:checkInconsistentAppendEntries(1572)) - s2@group-EA982605F2E5: inconsistency entries. Reply:s1<-s2#1062:FAIL-t2,INCONSISTENCY,nextIndex=0,followerCommit=0,matchIndex=-1
2022-11-08 19:12:08,975 [grpc-default-executor-3] INFO  leader.FollowerInfo (FollowerInfoImpl.java:lambda$new$0(48)) - s1@group-EA982605F2E5->s2: nextIndex: updateUnconditionally 5 -> 0
2022-11-08 19:12:08,976 [s2-server-thread2] DEBUG server.RaftServer$Division (RaftServerImpl.java:logAppendEntries(1421)) - s2@group-EA982605F2E5: receive appendEntries(s1, 2, null, 4, true, commits:[s1:c4, s0:c4, s2:c0], cId:1063, entries: [(t:2, i:0), CONFIGURATIONENTRY(current:id: "s0"
address: "localhost:34297"
dataStreamAddress: "localhost:43983"
clientAddress: "localhost:39609"
adminAddress: "localhost:37077"
startupRole: FOLLOWER
,id: "s1"
address: "localhost:38917"
dataStreamAddress: "localhost:45719"
clientAddress: "localhost:36975"
adminAddress: "localhost:40635"
startupRole: FOLLOWER
,id: "s2"
address: "localhost:35511"
dataStreamAddress: "localhost:38827"
clientAddress: "localhost:42865"
adminAddress: "localhost:36791"
startupRole: FOLLOWER
, old:), (t:2, i:1), STATEMACHINELOGENTRY, 0@client-2EFB324ADA71, (t:2, i:2), METADATAENTRY(c:1), (t:2, i:3), STATEMACHINELOGENTRY, 999@client-AE8279CAF820, (t:2, i:4), METADATAENTRY(c:3)]
2022-11-08 19:12:08,976 [s2-server-thread2] INFO  server.RaftServer$Division (RaftServerImpl.java:checkInconsistentAppendEntries(1592)) - s2@group-EA982605F2E5: Failed appendEntries as the first entry (index 0) already exists (snapshotIndex: -1, commitIndex: 0)
2022-11-08 19:12:08,976 [s2-server-thread2] INFO  server.RaftServer$Division (RaftServerImpl.java:checkInconsistentAppendEntries(1572)) - s2@group-EA982605F2E5: inconsistency entries. Reply:s1<-s2#1063:FAIL-t2,INCONSISTENCY,nextIndex=1,followerCommit=0,matchIndex=-1
2022-11-08 19:12:08,976 [grpc-default-executor-3] INFO  leader.FollowerInfo (FollowerInfoImpl.java:lambda$new$0(48)) - s1@group-EA982605F2E5->s2: nextIndex: updateUnconditionally 5 -> 1
2022-11-08 19:12:08,977 [s2-server-thread2] DEBUG server.RaftServer$Division (RaftServerImpl.java:logAppendEntries(1421)) - s2@group-EA982605F2E5: receive appendEntries(s1, 2, (t:2, i:0), 4, true, commits:[s1:c4, s0:c4, s2:c0], cId:1064, entries: [(t:2, i:1), STATEMACHINELOGENTRY, 0@client-2EFB324ADA71, (t:2, i:2), METADATAENTRY(c:1), (t:2, i:3), STATEMACHINELOGENTRY, 999@client-AE8279CAF820, (t:2, i:4), METADATAENTRY(c:3)]
2022-11-08 19:12:08,977 [s2-server-thread2] INFO  server.RaftServer$Division (RaftServerImpl.java:checkInconsistentAppendEntries(1602)) - s2@group-EA982605F2E5: Failed appendEntries as previous log entry ((t:2, i:0)) is not found
2022-11-08 19:12:08,977 [s2-server-thread2] INFO  server.RaftServer$Division (RaftServerImpl.java:checkInconsistentAppendEntries(1572)) - s2@group-EA982605F2E5: inconsistency entries. Reply:s1<-s2#1064:FAIL-t2,INCONSISTENCY,nextIndex=0,followerCommit=0,matchIndex=-1
2022-11-08 19:12:08,978 [grpc-default-executor-3] INFO  leader.FollowerInfo (FollowerInfoImpl.java:lambda$new$0(48)) - s1@group-EA982605F2E5->s2: nextIndex: updateUnconditionally 5 -> 0
2022-11-08 19:12:08,978 [s2-server-thread2] DEBUG server.RaftServer$Division (RaftServerImpl.java:logAppendEntries(1421)) - s2@group-EA982605F2E5: receive appendEntries(s1, 2, null, 4, true, commits:[s1:c4, s0:c4, s2:c0], cId:1065, entries: [(t:2, i:0), CONFIGURATIONENTRY(current:id: "s0"
address: "localhost:34297"
dataStreamAddress: "localhost:43983"
clientAddress: "localhost:39609"
adminAddress: "localhost:37077"
startupRole: FOLLOWER
,id: "s1"
address: "localhost:38917"
dataStreamAddress: "localhost:45719"
clientAddress: "localhost:36975"
adminAddress: "localhost:40635"
startupRole: FOLLOWER
,id: "s2"
address: "localhost:35511"
dataStreamAddress: "localhost:38827"
clientAddress: "localhost:42865"
adminAddress: "localhost:36791"
startupRole: FOLLOWER
, old:), (t:2, i:1), STATEMACHINELOGENTRY, 0@client-2EFB324ADA71, (t:2, i:2), METADATAENTRY(c:1), (t:2, i:3), STATEMACHINELOGENTRY, 999@client-AE8279CAF820, (t:2, i:4), METADATAENTRY(c:3)]
2022-11-08 19:12:08,978 [s2-server-thread2] INFO  server.RaftServer$Division (RaftServerImpl.java:checkInconsistentAppendEntries(1592)) - s2@group-EA982605F2E5: Failed appendEntries as the first entry (index 0) already exists (snapshotIndex: -1, commitIndex: 0)
2022-11-08 19:12:08,978 [s2-server-thread2] INFO  server.RaftServer$Division (RaftServerImpl.java:checkInconsistentAppendEntries(1572)) - s2@group-EA982605F2E5: inconsistency entries. Reply:s1<-s2#1065:FAIL-t2,INCONSISTENCY,nextIndex=1,followerCommit=0,matchIndex=-1
2022-11-08 19:12:08,979 [grpc-default-executor-3] INFO  leader.FollowerInfo (FollowerInfoImpl.java:lambda$new$0(48)) - s1@group-EA982605F2E5->s2: nextIndex: updateUnconditionally 5 -> 1
2022-11-08 19:12:08,979 [s2-server-thread2] DEBUG server.RaftServer$Division (RaftServerImpl.java:logAppendEntries(1421)) - s2@group-EA982605F2E5: receive appendEntries(s1, 2, (t:2, i:0), 4, true, commits:[s1:c4, s0:c4, s2:c0], cId:1066, entries: [(t:2, i:1), STATEMACHINELOGENTRY, 0@client-2EFB324ADA71, (t:2, i:2), METADATAENTRY(c:1), (t:2, i:3), STATEMACHINELOGENTRY, 999@client-AE8279CAF820, (t:2, i:4), METADATAENTRY(c:3)]
2022-11-08 19:12:08,980 [s2-server-thread2] INFO  server.RaftServer$Division (RaftServerImpl.java:checkInconsistentAppendEntries(1602)) - s2@group-EA982605F2E5: Failed appendEntries as previous log entry ((t:2, i:0)) is not found
2022-11-08 19:12:08,980 [s2-server-thread2] INFO  server.RaftServer$Division (RaftServerImpl.java:checkInconsistentAppendEntries(1572)) - s2@group-EA982605F2E5: inconsistency entries. Reply:s1<-s2#1066:FAIL-t2,INCONSISTENCY,nextIndex=0,followerCommit=0,matchIndex=-1
2022-11-08 19:12:08,980 [grpc-default-executor-3] INFO  leader.FollowerInfo (FollowerInfoImpl.java:lambda$new$0(48)) - s1@group-EA982605F2E5->s2: nextIndex: updateUnconditionally 5 -> 0
2022-11-08 19:12:08,981 [s2-server-thread2] DEBUG server.RaftServer$Division (RaftServerImpl.java:logAppendEntries(1421)) - s2@group-EA982605F2E5: receive appendEntries(s1, 2, null, 4, true, commits:[s1:c4, s0:c4, s2:c0], cId:1067, entries: [(t:2, i:0), CONFIGURATIONENTRY(current:id: "s0"
address: "localhost:34297"
dataStreamAddress: "localhost:43983"
clientAddress: "localhost:39609"
adminAddress: "localhost:37077"
startupRole: FOLLOWER
,id: "s1"
address: "localhost:38917"
dataStreamAddress: "localhost:45719"
clientAddress: "localhost:36975"
adminAddress: "localhost:40635"
startupRole: FOLLOWER
,id: "s2"
address: "localhost:35511"
dataStreamAddress: "localhost:38827"
clientAddress: "localhost:42865"
adminAddress: "localhost:36791"
startupRole: FOLLOWER
, old:), (t:2, i:1), STATEMACHINELOGENTRY, 0@client-2EFB324ADA71, (t:2, i:2), METADATAENTRY(c:1), (t:2, i:3), STATEMACHINELOGENTRY, 999@client-AE8279CAF820, (t:2, i:4), METADATAENTRY(c:3)]
2022-11-08 19:12:08,981 [s2-server-thread2] INFO  server.RaftServer$Division (RaftServerImpl.java:checkInconsistentAppendEntries(1592)) - s2@group-EA982605F2E5: Failed appendEntries as the first entry (index 0) already exists (snapshotIndex: -1, commitIndex: 0)
2022-11-08 19:12:08,981 [s2-server-thread2] INFO  server.RaftServer$Division (RaftServerImpl.java:checkInconsistentAppendEntries(1572)) - s2@group-EA982605F2E5: inconsistency entries. Reply:s1<-s2#1067:FAIL-t2,INCONSISTENCY,nextIndex=1,followerCommit=0,matchIndex=-1
2022-11-08 19:12:08,981 [grpc-default-executor-3] INFO  leader.FollowerInfo (FollowerInfoImpl.java:lambda$new$0(48)) - s1@group-EA982605F2E5->s2: nextIndex: updateUnconditionally 5 -> 1
2022-11-08 19:12:08,982 [s2-server-thread2] DEBUG server.RaftServer$Division (RaftServerImpl.java:logAppendEntries(1421)) - s2@group-EA982605F2E5: receive appendEntries(s1, 2, (t:2, i:0), 4, true, commits:[s1:c4, s0:c4, s2:c0], cId:1068, entries: [(t:2, i:1), STATEMACHINELOGENTRY, 0@client-2EFB324ADA71, (t:2, i:2), METADATAENTRY(c:1), (t:2, i:3), STATEMACHINELOGENTRY, 999@client-AE8279CAF820, (t:2, i:4), METADATAENTRY(c:3)]
2022-11-08 19:12:08,982 [s2-server-thread2] INFO  server.RaftServer$Division (RaftServerImpl.java:checkInconsistentAppendEntries(1602)) - s2@group-EA982605F2E5: Failed appendEntries as previous log entry ((t:2, i:0)) is not found
2022-11-08 19:12:08,982 [s2-server-thread2] INFO  server.RaftServer$Division (RaftServerImpl.java:checkInconsistentAppendEntries(1572)) - s2@group-EA982605F2E5: inconsistency entries. Reply:s1<-s2#1068:FAIL-t2,INCONSISTENCY,nextIndex=0,followerCommit=0,matchIndex=-1
2022-11-08 19:12:08,983 [grpc-default-executor-3] INFO  leader.FollowerInfo (FollowerInfoImpl.java:lambda$new$0(48)) - s1@group-EA982605F2E5->s2: nextIndex: updateUnconditionally 5 -> 0
2022-11-08 19:12:08,983 [s2-server-thread2] DEBUG server.RaftServer$Division (RaftServerImpl.java:logAppendEntries(1421)) - s2@group-EA982605F2E5: receive appendEntries(s1, 2, null, 4, true, commits:[s1:c4, s0:c4, s2:c0], cId:1069, entries: [(t:2, i:0), CONFIGURATIONENTRY(current:id: "s0"
address: "localhost:34297"
dataStreamAddress: "localhost:43983"
clientAddress: "localhost:39609"
adminAddress: "localhost:37077"
startupRole: FOLLOWER
,id: "s1"
address: "localhost:38917"
dataStreamAddress: "localhost:45719"
clientAddress: "localhost:36975"
adminAddress: "localhost:40635"
startupRole: FOLLOWER
,id: "s2"
address: "localhost:35511"
dataStreamAddress: "localhost:38827"
clientAddress: "localhost:42865"
adminAddress: "localhost:36791"
startupRole: FOLLOWER
, old:), (t:2, i:1), STATEMACHINELOGENTRY, 0@client-2EFB324ADA71, (t:2, i:2), METADATAENTRY(c:1), (t:2, i:3), STATEMACHINELOGENTRY, 999@client-AE8279CAF820, (t:2, i:4), METADATAENTRY(c:3)]
2022-11-08 19:12:08,983 [s2-server-thread2] INFO  server.RaftServer$Division (RaftServerImpl.java:checkInconsistentAppendEntries(1592)) - s2@group-EA982605F2E5: Failed appendEntries as the first entry (index 0) already exists (snapshotIndex: -1, commitIndex: 0)
2022-11-08 19:12:08,983 [s2-server-thread2] INFO  server.RaftServer$Division (RaftServerImpl.java:checkInconsistentAppendEntries(1572)) - s2@group-EA982605F2E5: inconsistency entries. Reply:s1<-s2#1069:FAIL-t2,INCONSISTENCY,nextIndex=1,followerCommit=0,matchIndex=-1
2022-11-08 19:12:08,984 [grpc-default-executor-3] INFO  leader.FollowerInfo (FollowerInfoImpl.java:lambda$new$0(48)) - s1@group-EA982605F2E5->s2: nextIndex: updateUnconditionally 5 -> 1
2022-11-08 19:12:08,985 [s2-server-thread2] DEBUG server.RaftServer$Division (RaftServerImpl.java:logAppendEntries(1421)) - s2@group-EA982605F2E5: receive appendEntries(s1, 2, (t:2, i:0), 4, true, commits:[s1:c4, s0:c4, s2:c0], cId:1070, entries: [(t:2, i:1), STATEMACHINELOGENTRY, 0@client-2EFB324ADA71, (t:2, i:2), METADATAENTRY(c:1), (t:2, i:3), STATEMACHINELOGENTRY, 999@client-AE8279CAF820, (t:2, i:4), METADATAENTRY(c:3)]
2022-11-08 19:12:08,985 [s2-server-thread2] INFO  server.RaftServer$Division (RaftServerImpl.java:checkInconsistentAppendEntries(1602)) - s2@group-EA982605F2E5: Failed appendEntries as previous log entry ((t:2, i:0)) is not found
2022-11-08 19:12:08,985 [s2-server-thread2] INFO  server.RaftServer$Division (RaftServerImpl.java:checkInconsistentAppendEntries(1572)) - s2@group-EA982605F2E5: inconsistency entries. Reply:s1<-s2#1070:FAIL-t2,INCONSISTENCY,nextIndex=0,followerCommit=0,matchIndex=-1
2022-11-08 19:12:08,985 [grpc-default-executor-3] INFO  leader.FollowerInfo (FollowerInfoImpl.java:lambda$new$0(48)) - s1@group-EA982605F2E5->s2: nextIndex: updateUnconditionally 5 -> 0
2022-11-08 19:12:08,986 [s2-server-thread2] DEBUG server.RaftServer$Division (RaftServerImpl.java:logAppendEntries(1421)) - s2@group-EA982605F2E5: receive appendEntries(s1, 2, null, 4, true, commits:[s1:c4, s0:c4, s2:c0], cId:1071, entries: [(t:2, i:0), CONFIGURATIONENTRY(current:id: "s0"
address: "localhost:34297"
dataStreamAddress: "localhost:43983"
clientAddress: "localhost:39609"
adminAddress: "localhost:37077"
startupRole: FOLLOWER
,id: "s1"
address: "localhost:38917"
dataStreamAddress: "localhost:45719"
clientAddress: "localhost:36975"
adminAddress: "localhost:40635"
startupRole: FOLLOWER
,id: "s2"
address: "localhost:35511"
dataStreamAddress: "localhost:38827"
clientAddress: "localhost:42865"
adminAddress: "localhost:36791"
startupRole: FOLLOWER
, old:), (t:2, i:1), STATEMACHINELOGENTRY, 0@client-2EFB324ADA71, (t:2, i:2), METADATAENTRY(c:1), (t:2, i:3), STATEMACHINELOGENTRY, 999@client-AE8279CAF820, (t:2, i:4), METADATAENTRY(c:3)]
2022-11-08 19:12:08,986 [s2-server-thread2] INFO  server.RaftServer$Division (RaftServerImpl.java:checkInconsistentAppendEntries(1592)) - s2@group-EA982605F2E5: Failed appendEntries as the first entry (index 0) already exists (snapshotIndex: -1, commitIndex: 0)
2022-11-08 19:12:08,986 [s2-server-thread2] INFO  server.RaftServer$Division (RaftServerImpl.java:checkInconsistentAppendEntries(1572)) - s2@group-EA982605F2E5: inconsistency entries. Reply:s1<-s2#1071:FAIL-t2,INCONSISTENCY,nextIndex=1,followerCommit=0,matchIndex=-1
2022-11-08 19:12:08,987 [grpc-default-executor-3] INFO  leader.FollowerInfo (FollowerInfoImpl.java:lambda$new$0(48)) - s1@group-EA982605F2E5->s2: nextIndex: updateUnconditionally 5 -> 1
2022-11-08 19:12:08,988 [s2-server-thread2] DEBUG server.RaftServer$Division (RaftServerImpl.java:logAppendEntries(1421)) - s2@group-EA982605F2E5: receive appendEntries(s1, 2, (t:2, i:0), 4, true, commits:[s1:c4, s0:c4, s2:c0], cId:1072, entries: [(t:2, i:1), STATEMACHINELOGENTRY, 0@client-2EFB324ADA71, (t:2, i:2), METADATAENTRY(c:1), (t:2, i:3), STATEMACHINELOGENTRY, 999@client-AE8279CAF820, (t:2, i:4), METADATAENTRY(c:3)]
2022-11-08 19:12:08,988 [s2-server-thread2] INFO  server.RaftServer$Division (RaftServerImpl.java:checkInconsistentAppendEntries(1602)) - s2@group-EA982605F2E5: Failed appendEntries as previous log entry ((t:2, i:0)) is not found
2022-11-08 19:12:08,988 [s2-server-thread2] INFO  server.RaftServer$Division (RaftServerImpl.java:checkInconsistentAppendEntries(1572)) - s2@group-EA982605F2E5: inconsistency entries. Reply:s1<-s2#1072:FAIL-t2,INCONSISTENCY,nextIndex=0,followerCommit=0,matchIndex=-1
2022-11-08 19:12:08,988 [grpc-default-executor-3] INFO  leader.FollowerInfo (FollowerInfoImpl.java:lambda$new$0(48)) - s1@group-EA982605F2E5->s2: nextIndex: updateUnconditionally 5 -> 0
2022-11-08 19:12:08,989 [s2-server-thread2] DEBUG server.RaftServer$Division (RaftServerImpl.java:logAppendEntries(1421)) - s2@group-EA982605F2E5: receive appendEntries(s1, 2, null, 4, true, commits:[s1:c4, s0:c4, s2:c0], cId:1073, entries: [(t:2, i:0), CONFIGURATIONENTRY(current:id: "s0"
address: "localhost:34297"
dataStreamAddress: "localhost:43983"
clientAddress: "localhost:39609"
adminAddress: "localhost:37077"
startupRole: FOLLOWER
,id: "s1"
address: "localhost:38917"
dataStreamAddress: "localhost:45719"
clientAddress: "localhost:36975"
adminAddress: "localhost:40635"
startupRole: FOLLOWER
,id: "s2"
address: "localhost:35511"
dataStreamAddress: "localhost:38827"
clientAddress: "localhost:42865"
adminAddress: "localhost:36791"
startupRole: FOLLOWER
, old:), (t:2, i:1), STATEMACHINELOGENTRY, 0@client-2EFB324ADA71, (t:2, i:2), METADATAENTRY(c:1), (t:2, i:3), STATEMACHINELOGENTRY, 999@client-AE8279CAF820, (t:2, i:4), METADATAENTRY(c:3)]
2022-11-08 19:12:08,989 [s2-server-thread2] INFO  server.RaftServer$Division (RaftServerImpl.java:checkInconsistentAppendEntries(1592)) - s2@group-EA982605F2E5: Failed appendEntries as the first entry (index 0) already exists (snapshotIndex: -1, commitIndex: 0)
2022-11-08 19:12:08,989 [s2-server-thread2] INFO  server.RaftServer$Division (RaftServerImpl.java:checkInconsistentAppendEntries(1572)) - s2@group-EA982605F2E5: inconsistency entries. Reply:s1<-s2#1073:FAIL-t2,INCONSISTENCY,nextIndex=1,followerCommit=0,matchIndex=-1
2022-11-08 19:12:08,990 [grpc-default-executor-3] INFO  leader.FollowerInfo (FollowerInfoImpl.java:lambda$new$0(48)) - s1@group-EA982605F2E5->s2: nextIndex: updateUnconditionally 5 -> 1
2022-11-08 19:12:08,990 [s2-server-thread2] DEBUG server.RaftServer$Division (RaftServerImpl.java:logAppendEntries(1421)) - s2@group-EA982605F2E5: receive appendEntries(s1, 2, (t:2, i:0), 4, true, commits:[s1:c4, s0:c4, s2:c0], cId:1074, entries: [(t:2, i:1), STATEMACHINELOGENTRY, 0@client-2EFB324ADA71, (t:2, i:2), METADATAENTRY(c:1), (t:2, i:3), STATEMACHINELOGENTRY, 999@client-AE8279CAF820, (t:2, i:4), METADATAENTRY(c:3)]
2022-11-08 19:12:08,991 [s2-server-thread2] INFO  server.RaftServer$Division (RaftServerImpl.java:checkInconsistentAppendEntries(1602)) - s2@group-EA982605F2E5: Failed appendEntries as previous log entry ((t:2, i:0)) is not found
2022-11-08 19:12:08,991 [s2-server-thread2] INFO  server.RaftServer$Division (RaftServerImpl.java:checkInconsistentAppendEntries(1572)) - s2@group-EA982605F2E5: inconsistency entries. Reply:s1<-s2#1074:FAIL-t2,INCONSISTENCY,nextIndex=0,followerCommit=0,matchIndex=-1
2022-11-08 19:12:08,991 [grpc-default-executor-3] INFO  leader.FollowerInfo (FollowerInfoImpl.java:lambda$new$0(48)) - s1@group-EA982605F2E5->s2: nextIndex: updateUnconditionally 5 -> 0
2022-11-08 19:12:08,992 [s2-server-thread2] DEBUG server.RaftServer$Division (RaftServerImpl.java:logAppendEntries(1421)) - s2@group-EA982605F2E5: receive appendEntries(s1, 2, null, 4, true, commits:[s1:c4, s0:c4, s2:c0], cId:1075, entries: [(t:2, i:0), CONFIGURATIONENTRY(current:id: "s0"
address: "localhost:34297"
dataStreamAddress: "localhost:43983"
clientAddress: "localhost:39609"
adminAddress: "localhost:37077"
startupRole: FOLLOWER
,id: "s1"
address: "localhost:38917"
dataStreamAddress: "localhost:45719"
clientAddress: "localhost:36975"
adminAddress: "localhost:40635"
startupRole: FOLLOWER
,id: "s2"
address: "localhost:35511"
dataStreamAddress: "localhost:38827"
clientAddress: "localhost:42865"
adminAddress: "localhost:36791"
startupRole: FOLLOWER
, old:), (t:2, i:1), STATEMACHINELOGENTRY, 0@client-2EFB324ADA71, (t:2, i:2), METADATAENTRY(c:1), (t:2, i:3), STATEMACHINELOGENTRY, 999@client-AE8279CAF820, (t:2, i:4), METADATAENTRY(c:3)]
2022-11-08 19:12:08,992 [s2-server-thread2] INFO  server.RaftServer$Division (RaftServerImpl.java:checkInconsistentAppendEntries(1592)) - s2@group-EA982605F2E5: Failed appendEntries as the first entry (index 0) already exists (snapshotIndex: -1, commitIndex: 0)
2022-11-08 19:12:08,992 [s2-server-thread2] INFO  server.RaftServer$Division (RaftServerImpl.java:checkInconsistentAppendEntries(1572)) - s2@group-EA982605F2E5: inconsistency entries. Reply:s1<-s2#1075:FAIL-t2,INCONSISTENCY,nextIndex=1,followerCommit=0,matchIndex=-1
2022-11-08 19:12:08,993 [grpc-default-executor-3] INFO  leader.FollowerInfo (FollowerInfoImpl.java:lambda$new$0(48)) - s1@group-EA982605F2E5->s2: nextIndex: updateUnconditionally 5 -> 1
2022-11-08 19:12:08,993 [s2-server-thread2] DEBUG server.RaftServer$Division (RaftServerImpl.java:logAppendEntries(1421)) - s2@group-EA982605F2E5: receive appendEntries(s1, 2, (t:2, i:0), 4, true, commits:[s1:c4, s0:c4, s2:c0], cId:1076, entries: [(t:2, i:1), STATEMACHINELOGENTRY, 0@client-2EFB324ADA71, (t:2, i:2), METADATAENTRY(c:1), (t:2, i:3), STATEMACHINELOGENTRY, 999@client-AE8279CAF820, (t:2, i:4), METADATAENTRY(c:3)]
2022-11-08 19:12:08,993 [s2-server-thread2] INFO  server.RaftServer$Division (RaftServerImpl.java:checkInconsistentAppendEntries(1602)) - s2@group-EA982605F2E5: Failed appendEntries as previous log entry ((t:2, i:0)) is not found
2022-11-08 19:12:08,993 [s2-server-thread2] INFO  server.RaftServer$Division (RaftServerImpl.java:checkInconsistentAppendEntries(1572)) - s2@group-EA982605F2E5: inconsistency entries. Reply:s1<-s2#1076:FAIL-t2,INCONSISTENCY,nextIndex=0,followerCommit=0,matchIndex=-1
2022-11-08 19:12:08,994 [grpc-default-executor-3] INFO  leader.FollowerInfo (FollowerInfoImpl.java:lambda$new$0(48)) - s1@group-EA982605F2E5->s2: nextIndex: updateUnconditionally 5 -> 0
2022-11-08 19:12:08,995 [s2-server-thread2] DEBUG server.RaftServer$Division (RaftServerImpl.java:logAppendEntries(1421)) - s2@group-EA982605F2E5: receive appendEntries(s1, 2, null, 4, true, commits:[s1:c4, s0:c4, s2:c0], cId:1077, entries: [(t:2, i:0), CONFIGURATIONENTRY(current:id: "s0"
address: "localhost:34297"
dataStreamAddress: "localhost:43983"
clientAddress: "localhost:39609"
adminAddress: "localhost:37077"
startupRole: FOLLOWER
,id: "s1"
address: "localhost:38917"
dataStreamAddress: "localhost:45719"
clientAddress: "localhost:36975"
adminAddress: "localhost:40635"
startupRole: FOLLOWER
,id: "s2"
address: "localhost:35511"
dataStreamAddress: "localhost:38827"
clientAddress: "localhost:42865"
adminAddress: "localhost:36791"
startupRole: FOLLOWER
, old:), (t:2, i:1), STATEMACHINELOGENTRY, 0@client-2EFB324ADA71, (t:2, i:2), METADATAENTRY(c:1), (t:2, i:3), STATEMACHINELOGENTRY, 999@client-AE8279CAF820, (t:2, i:4), METADATAENTRY(c:3)]
2022-11-08 19:12:08,995 [s2-server-thread2] INFO  server.RaftServer$Division (RaftServerImpl.java:checkInconsistentAppendEntries(1592)) - s2@group-EA982605F2E5: Failed appendEntries as the first entry (index 0) already exists (snapshotIndex: -1, commitIndex: 0)
2022-11-08 19:12:08,995 [s2-server-thread2] INFO  server.RaftServer$Division (RaftServerImpl.java:checkInconsistentAppendEntries(1572)) - s2@group-EA982605F2E5: inconsistency entries. Reply:s1<-s2#1077:FAIL-t2,INCONSISTENCY,nextIndex=1,followerCommit=0,matchIndex=-1
2022-11-08 19:12:08,995 [grpc-default-executor-3] INFO  leader.FollowerInfo (FollowerInfoImpl.java:lambda$new$0(48)) - s1@group-EA982605F2E5->s2: nextIndex: updateUnconditionally 5 -> 1
2022-11-08 19:12:08,996 [s2-server-thread2] DEBUG server.RaftServer$Division (RaftServerImpl.java:logAppendEntries(1421)) - s2@group-EA982605F2E5: receive appendEntries(s1, 2, (t:2, i:0), 4, true, commits:[s1:c4, s0:c4, s2:c0], cId:1078, entries: [(t:2, i:1), STATEMACHINELOGENTRY, 0@client-2EFB324ADA71, (t:2, i:2), METADATAENTRY(c:1), (t:2, i:3), STATEMACHINELOGENTRY, 999@client-AE8279CAF820, (t:2, i:4), METADATAENTRY(c:3)]
2022-11-08 19:12:08,996 [s2-server-thread2] INFO  server.RaftServer$Division (RaftServerImpl.java:checkInconsistentAppendEntries(1602)) - s2@group-EA982605F2E5: Failed appendEntries as previous log entry ((t:2, i:0)) is not found
2022-11-08 19:12:08,996 [s2-server-thread2] INFO  server.RaftServer$Division (RaftServerImpl.java:checkInconsistentAppendEntries(1572)) - s2@group-EA982605F2E5: inconsistency entries. Reply:s1<-s2#1078:FAIL-t2,INCONSISTENCY,nextIndex=0,followerCommit=0,matchIndex=-1
2022-11-08 19:12:08,997 [grpc-default-executor-3] INFO  leader.FollowerInfo (FollowerInfoImpl.java:lambda$new$0(48)) - s1@group-EA982605F2E5->s2: nextIndex: updateUnconditionally 5 -> 0
2022-11-08 19:12:08,997 [s2-server-thread2] DEBUG server.RaftServer$Division (RaftServerImpl.java:logAppendEntries(1421)) - s2@group-EA982605F2E5: receive appendEntries(s1, 2, null, 4, true, commits:[s1:c4, s0:c4, s2:c0], cId:1079, entries: [(t:2, i:0), CONFIGURATIONENTRY(current:id: "s0"
address: "localhost:34297"
dataStreamAddress: "localhost:43983"
clientAddress: "localhost:39609"
adminAddress: "localhost:37077"
startupRole: FOLLOWER
,id: "s1"
address: "localhost:38917"
dataStreamAddress: "localhost:45719"
clientAddress: "localhost:36975"
adminAddress: "localhost:40635"
startupRole: FOLLOWER
,id: "s2"
address: "localhost:35511"
dataStreamAddress: "localhost:38827"
clientAddress: "localhost:42865"
adminAddress: "localhost:36791"
startupRole: FOLLOWER
, old:), (t:2, i:1), STATEMACHINELOGENTRY, 0@client-2EFB324ADA71, (t:2, i:2), METADATAENTRY(c:1), (t:2, i:3), STATEMACHINELOGENTRY, 999@client-AE8279CAF820, (t:2, i:4), METADATAENTRY(c:3)]
2022-11-08 19:12:08,997 [s2-server-thread2] INFO  server.RaftServer$Division (RaftServerImpl.java:checkInconsistentAppendEntries(1592)) - s2@group-EA982605F2E5: Failed appendEntries as the first entry (index 0) already exists (snapshotIndex: -1, commitIndex: 0)
2022-11-08 19:12:08,997 [s2-server-thread2] INFO  server.RaftServer$Division (RaftServerImpl.java:checkInconsistentAppendEntries(1572)) - s2@group-EA982605F2E5: inconsistency entries. Reply:s1<-s2#1079:FAIL-t2,INCONSISTENCY,nextIndex=1,followerCommit=0,matchIndex=-1
2022-11-08 19:12:08,998 [grpc-default-executor-3] INFO  leader.FollowerInfo (FollowerInfoImpl.java:lambda$new$0(48)) - s1@group-EA982605F2E5->s2: nextIndex: updateUnconditionally 5 -> 1
2022-11-08 19:12:08,998 [s2-server-thread2] DEBUG server.RaftServer$Division (RaftServerImpl.java:logAppendEntries(1421)) - s2@group-EA982605F2E5: receive appendEntries(s1, 2, (t:2, i:0), 4, true, commits:[s1:c4, s0:c4, s2:c0], cId:1080, entries: [(t:2, i:1), STATEMACHINELOGENTRY, 0@client-2EFB324ADA71, (t:2, i:2), METADATAENTRY(c:1), (t:2, i:3), STATEMACHINELOGENTRY, 999@client-AE8279CAF820, (t:2, i:4), METADATAENTRY(c:3)]
2022-11-08 19:12:08,998 [s2-server-thread2] INFO  server.RaftServer$Division (RaftServerImpl.java:checkInconsistentAppendEntries(1602)) - s2@group-EA982605F2E5: Failed appendEntries as previous log entry ((t:2, i:0)) is not found
2022-11-08 19:12:08,999 [s2-server-thread2] INFO  server.RaftServer$Division (RaftServerImpl.java:checkInconsistentAppendEntries(1572)) - s2@group-EA982605F2E5: inconsistency entries. Reply:s1<-s2#1080:FAIL-t2,INCONSISTENCY,nextIndex=0,followerCommit=0,matchIndex=-1
2022-11-08 19:12:08,999 [grpc-default-executor-3] INFO  leader.FollowerInfo (FollowerInfoImpl.java:lambda$new$0(48)) - s1@group-EA982605F2E5->s2: nextIndex: updateUnconditionally 5 -> 0
2022-11-08 19:12:09,000 [s2-server-thread2] DEBUG server.RaftServer$Division (RaftServerImpl.java:logAppendEntries(1421)) - s2@group-EA982605F2E5: receive appendEntries(s1, 2, null, 4, true, commits:[s1:c4, s0:c4, s2:c0], cId:1081, entries: [(t:2, i:0), CONFIGURATIONENTRY(current:id: "s0"
address: "localhost:34297"
dataStreamAddress: "localhost:43983"
clientAddress: "localhost:39609"
adminAddress: "localhost:37077"
startupRole: FOLLOWER
,id: "s1"
address: "localhost:38917"
dataStreamAddress: "localhost:45719"
clientAddress: "localhost:36975"
adminAddress: "localhost:40635"
startupRole: FOLLOWER
,id: "s2"
address: "localhost:35511"
dataStreamAddress: "localhost:38827"
clientAddress: "localhost:42865"
adminAddress: "localhost:36791"
startupRole: FOLLOWER
, old:), (t:2, i:1), STATEMACHINELOGENTRY, 0@client-2EFB324ADA71, (t:2, i:2), METADATAENTRY(c:1), (t:2, i:3), STATEMACHINELOGENTRY, 999@client-AE8279CAF820, (t:2, i:4), METADATAENTRY(c:3)]
2022-11-08 19:12:09,000 [s2-server-thread2] INFO  server.RaftServer$Division (RaftServerImpl.java:checkInconsistentAppendEntries(1592)) - s2@group-EA982605F2E5: Failed appendEntries as the first entry (index 0) already exists (snapshotIndex: -1, commitIndex: 0)
2022-11-08 19:12:09,000 [s2-server-thread2] INFO  server.RaftServer$Division (RaftServerImpl.java:checkInconsistentAppendEntries(1572)) - s2@group-EA982605F2E5: inconsistency entries. Reply:s1<-s2#1081:FAIL-t2,INCONSISTENCY,nextIndex=1,followerCommit=0,matchIndex=-1
2022-11-08 19:12:09,000 [grpc-default-executor-3] INFO  leader.FollowerInfo (FollowerInfoImpl.java:lambda$new$0(48)) - s1@group-EA982605F2E5->s2: nextIndex: updateUnconditionally 5 -> 1
2022-11-08 19:12:09,002 [s2-server-thread2] DEBUG server.RaftServer$Division (RaftServerImpl.java:logAppendEntries(1421)) - s2@group-EA982605F2E5: receive appendEntries(s1, 2, (t:2, i:0), 4, true, commits:[s1:c4, s0:c4, s2:c0], cId:1082, entries: [(t:2, i:1), STATEMACHINELOGENTRY, 0@client-2EFB324ADA71, (t:2, i:2), METADATAENTRY(c:1), (t:2, i:3), STATEMACHINELOGENTRY, 999@client-AE8279CAF820, (t:2, i:4), METADATAENTRY(c:3)]
2022-11-08 19:12:09,002 [s2-server-thread2] INFO  server.RaftServer$Division (RaftServerImpl.java:checkInconsistentAppendEntries(1602)) - s2@group-EA982605F2E5: Failed appendEntries as previous log entry ((t:2, i:0)) is not found
2022-11-08 19:12:09,002 [s2-server-thread2] INFO  server.RaftServer$Division (RaftServerImpl.java:checkInconsistentAppendEntries(1572)) - s2@group-EA982605F2E5: inconsistency entries. Reply:s1<-s2#1082:FAIL-t2,INCONSISTENCY,nextIndex=0,followerCommit=0,matchIndex=-1
2022-11-08 19:12:09,006 [grpc-default-executor-3] INFO  leader.FollowerInfo (FollowerInfoImpl.java:lambda$new$0(48)) - s1@group-EA982605F2E5->s2: nextIndex: updateUnconditionally 5 -> 0
2022-11-08 19:12:09,012 [s2-server-thread2] DEBUG server.RaftServer$Division (RaftServerImpl.java:logAppendEntries(1421)) - s2@group-EA982605F2E5: receive appendEntries(s1, 2, null, 4, true, commits:[s1:c4, s0:c4, s2:c0], cId:1083, entries: [(t:2, i:0), CONFIGURATIONENTRY(current:id: "s0"
address: "localhost:34297"
dataStreamAddress: "localhost:43983"
clientAddress: "localhost:39609"
adminAddress: "localhost:37077"
startupRole: FOLLOWER
,id: "s1"
address: "localhost:38917"
dataStreamAddress: "localhost:45719"
clientAddress: "localhost:36975"
adminAddress: "localhost:40635"
startupRole: FOLLOWER
,id: "s2"
address: "localhost:35511"
dataStreamAddress: "localhost:38827"
clientAddress: "localhost:42865"
adminAddress: "localhost:36791"
startupRole: FOLLOWER
, old:), (t:2, i:1), STATEMACHINELOGENTRY, 0@client-2EFB324ADA71, (t:2, i:2), METADATAENTRY(c:1), (t:2, i:3), STATEMACHINELOGENTRY, 999@client-AE8279CAF820, (t:2, i:4), METADATAENTRY(c:3)]
2022-11-08 19:12:09,012 [s2-server-thread2] INFO  server.RaftServer$Division (RaftServerImpl.java:checkInconsistentAppendEntries(1592)) - s2@group-EA982605F2E5: Failed appendEntries as the first entry (index 0) already exists (snapshotIndex: -1, commitIndex: 0)
2022-11-08 19:12:09,012 [s2-server-thread2] INFO  server.RaftServer$Division (RaftServerImpl.java:checkInconsistentAppendEntries(1572)) - s2@group-EA982605F2E5: inconsistency entries. Reply:s1<-s2#1083:FAIL-t2,INCONSISTENCY,nextIndex=1,followerCommit=0,matchIndex=-1
2022-11-08 19:12:09,013 [grpc-default-executor-3] INFO  leader.FollowerInfo (FollowerInfoImpl.java:lambda$new$0(48)) - s1@group-EA982605F2E5->s2: nextIndex: updateUnconditionally 5 -> 1
2022-11-08 19:12:09,013 [s2-server-thread2] DEBUG server.RaftServer$Division (RaftServerImpl.java:logAppendEntries(1421)) - s2@group-EA982605F2E5: receive appendEntries(s1, 2, (t:2, i:0), 4, true, commits:[s1:c4, s0:c4, s2:c0], cId:1084, entries: [(t:2, i:1), STATEMACHINELOGENTRY, 0@client-2EFB324ADA71, (t:2, i:2), METADATAENTRY(c:1), (t:2, i:3), STATEMACHINELOGENTRY, 999@client-AE8279CAF820, (t:2, i:4), METADATAENTRY(c:3)]
2022-11-08 19:12:09,013 [s2-server-thread2] INFO  server.RaftServer$Division (RaftServerImpl.java:checkInconsistentAppendEntries(1602)) - s2@group-EA982605F2E5: Failed appendEntries as previous log entry ((t:2, i:0)) is not found
2022-11-08 19:12:09,014 [s2-server-thread2] INFO  server.RaftServer$Division (RaftServerImpl.java:checkInconsistentAppendEntries(1572)) - s2@group-EA982605F2E5: inconsistency entries. Reply:s1<-s2#1084:FAIL-t2,INCONSISTENCY,nextIndex=0,followerCommit=0,matchIndex=-1
2022-11-08 19:12:09,014 [grpc-default-executor-3] INFO  leader.FollowerInfo (FollowerInfoImpl.java:lambda$new$0(48)) - s1@group-EA982605F2E5->s2: nextIndex: updateUnconditionally 5 -> 0
2022-11-08 19:12:09,015 [s2-server-thread2] DEBUG server.RaftServer$Division (RaftServerImpl.java:logAppendEntries(1421)) - s2@group-EA982605F2E5: receive appendEntries(s1, 2, null, 4, true, commits:[s1:c4, s0:c4, s2:c0], cId:1085, entries: [(t:2, i:0), CONFIGURATIONENTRY(current:id: "s0"
address: "localhost:34297"
dataStreamAddress: "localhost:43983"
clientAddress: "localhost:39609"
adminAddress: "localhost:37077"
startupRole: FOLLOWER
,id: "s1"
address: "localhost:38917"
dataStreamAddress: "localhost:45719"
clientAddress: "localhost:36975"
adminAddress: "localhost:40635"
startupRole: FOLLOWER
,id: "s2"
address: "localhost:35511"
dataStreamAddress: "localhost:38827"
clientAddress: "localhost:42865"
adminAddress: "localhost:36791"
startupRole: FOLLOWER
, old:), (t:2, i:1), STATEMACHINELOGENTRY, 0@client-2EFB324ADA71, (t:2, i:2), METADATAENTRY(c:1), (t:2, i:3), STATEMACHINELOGENTRY, 999@client-AE8279CAF820, (t:2, i:4), METADATAENTRY(c:3)]
2022-11-08 19:12:09,015 [s2-server-thread2] INFO  server.RaftServer$Division (RaftServerImpl.java:checkInconsistentAppendEntries(1592)) - s2@group-EA982605F2E5: Failed appendEntries as the first entry (index 0) already exists (snapshotIndex: -1, commitIndex: 0)
2022-11-08 19:12:09,015 [s2-server-thread2] INFO  server.RaftServer$Division (RaftServerImpl.java:checkInconsistentAppendEntries(1572)) - s2@group-EA982605F2E5: inconsistency entries. Reply:s1<-s2#1085:FAIL-t2,INCONSISTENCY,nextIndex=1,followerCommit=0,matchIndex=-1
2022-11-08 19:12:09,016 [grpc-default-executor-3] INFO  leader.FollowerInfo (FollowerInfoImpl.java:lambda$new$0(48)) - s1@group-EA982605F2E5->s2: nextIndex: updateUnconditionally 5 -> 1
2022-11-08 19:12:09,016 [s2-server-thread2] DEBUG server.RaftServer$Division (RaftServerImpl.java:logAppendEntries(1421)) - s2@group-EA982605F2E5: receive appendEntries(s1, 2, (t:2, i:0), 4, true, commits:[s1:c4, s0:c4, s2:c0], cId:1086, entries: [(t:2, i:1), STATEMACHINELOGENTRY, 0@client-2EFB324ADA71, (t:2, i:2), METADATAENTRY(c:1), (t:2, i:3), STATEMACHINELOGENTRY, 999@client-AE8279CAF820, (t:2, i:4), METADATAENTRY(c:3)]
2022-11-08 19:12:09,016 [s2-server-thread2] INFO  server.RaftServer$Division (RaftServerImpl.java:checkInconsistentAppendEntries(1602)) - s2@group-EA982605F2E5: Failed appendEntries as previous log entry ((t:2, i:0)) is not found
2022-11-08 19:12:09,017 [s2-server-thread2] INFO  server.RaftServer$Division (RaftServerImpl.java:checkInconsistentAppendEntries(1572)) - s2@group-EA982605F2E5: inconsistency entries. Reply:s1<-s2#1086:FAIL-t2,INCONSISTENCY,nextIndex=0,followerCommit=0,matchIndex=-1
2022-11-08 19:12:09,017 [grpc-default-executor-3] INFO  leader.FollowerInfo (FollowerInfoImpl.java:lambda$new$0(48)) - s1@group-EA982605F2E5->s2: nextIndex: updateUnconditionally 5 -> 0
2022-11-08 19:12:09,018 [s2-server-thread2] DEBUG server.RaftServer$Division (RaftServerImpl.java:logAppendEntries(1421)) - s2@group-EA982605F2E5: receive appendEntries(s1, 2, null, 4, true, commits:[s1:c4, s0:c4, s2:c0], cId:1087, entries: [(t:2, i:0), CONFIGURATIONENTRY(current:id: "s0"
address: "localhost:34297"
dataStreamAddress: "localhost:43983"
clientAddress: "localhost:39609"
adminAddress: "localhost:37077"
startupRole: FOLLOWER
,id: "s1"
address: "localhost:38917"
dataStreamAddress: "localhost:45719"
clientAddress: "localhost:36975"
adminAddress: "localhost:40635"
startupRole: FOLLOWER
,id: "s2"
address: "localhost:35511"
dataStreamAddress: "localhost:38827"
clientAddress: "localhost:42865"
adminAddress: "localhost:36791"
startupRole: FOLLOWER
, old:), (t:2, i:1), STATEMACHINELOGENTRY, 0@client-2EFB324ADA71, (t:2, i:2), METADATAENTRY(c:1), (t:2, i:3), STATEMACHINELOGENTRY, 999@client-AE8279CAF820, (t:2, i:4), METADATAENTRY(c:3)]
2022-11-08 19:12:09,018 [s2-server-thread2] INFO  server.RaftServer$Division (RaftServerImpl.java:checkInconsistentAppendEntries(1592)) - s2@group-EA982605F2E5: Failed appendEntries as the first entry (index 0) already exists (snapshotIndex: -1, commitIndex: 0)
2022-11-08 19:12:09,018 [s2-server-thread2] INFO  server.RaftServer$Division (RaftServerImpl.java:checkInconsistentAppendEntries(1572)) - s2@group-EA982605F2E5: inconsistency entries. Reply:s1<-s2#1087:FAIL-t2,INCONSISTENCY,nextIndex=1,followerCommit=0,matchIndex=-1
2022-11-08 19:12:09,018 [grpc-default-executor-3] INFO  leader.FollowerInfo (FollowerInfoImpl.java:lambda$new$0(48)) - s1@group-EA982605F2E5->s2: nextIndex: updateUnconditionally 5 -> 1
2022-11-08 19:12:09,021 [s2-server-thread2] DEBUG server.RaftServer$Division (RaftServerImpl.java:logAppendEntries(1421)) - s2@group-EA982605F2E5: receive appendEntries(s1, 2, (t:2, i:0), 4, true, commits:[s1:c4, s0:c4, s2:c0], cId:1088, entries: [(t:2, i:1), STATEMACHINELOGENTRY, 0@client-2EFB324ADA71, (t:2, i:2), METADATAENTRY(c:1), (t:2, i:3), STATEMACHINELOGENTRY, 999@client-AE8279CAF820, (t:2, i:4), METADATAENTRY(c:3)]
2022-11-08 19:12:09,021 [s2-server-thread2] INFO  server.RaftServer$Division (RaftServerImpl.java:checkInconsistentAppendEntries(1602)) - s2@group-EA982605F2E5: Failed appendEntries as previous log entry ((t:2, i:0)) is not found
2022-11-08 19:12:09,021 [s2-server-thread2] INFO  server.RaftServer$Division (RaftServerImpl.java:checkInconsistentAppendEntries(1572)) - s2@group-EA982605F2E5: inconsistency entries. Reply:s1<-s2#1088:FAIL-t2,INCONSISTENCY,nextIndex=0,followerCommit=0,matchIndex=-1
2022-11-08 19:12:09,022 [grpc-default-executor-3] INFO  leader.FollowerInfo (FollowerInfoImpl.java:lambda$new$0(48)) - s1@group-EA982605F2E5->s2: nextIndex: updateUnconditionally 5 -> 0
2022-11-08 19:12:09,022 [s2-server-thread2] DEBUG server.RaftServer$Division (RaftServerImpl.java:logAppendEntries(1421)) - s2@group-EA982605F2E5: receive appendEntries(s1, 2, null, 4, true, commits:[s1:c4, s0:c4, s2:c0], cId:1089, entries: [(t:2, i:0), CONFIGURATIONENTRY(current:id: "s0"
address: "localhost:34297"
dataStreamAddress: "localhost:43983"
clientAddress: "localhost:39609"
adminAddress: "localhost:37077"
startupRole: FOLLOWER
,id: "s1"
address: "localhost:38917"
dataStreamAddress: "localhost:45719"
clientAddress: "localhost:36975"
adminAddress: "localhost:40635"
startupRole: FOLLOWER
,id: "s2"
address: "localhost:35511"
dataStreamAddress: "localhost:38827"
clientAddress: "localhost:42865"
adminAddress: "localhost:36791"
startupRole: FOLLOWER
, old:), (t:2, i:1), STATEMACHINELOGENTRY, 0@client-2EFB324ADA71, (t:2, i:2), METADATAENTRY(c:1), (t:2, i:3), STATEMACHINELOGENTRY, 999@client-AE8279CAF820, (t:2, i:4), METADATAENTRY(c:3)]
2022-11-08 19:12:09,023 [s2-server-thread2] INFO  server.RaftServer$Division (RaftServerImpl.java:checkInconsistentAppendEntries(1592)) - s2@group-EA982605F2E5: Failed appendEntries as the first entry (index 0) already exists (snapshotIndex: -1, commitIndex: 0)
2022-11-08 19:12:09,023 [s2-server-thread2] INFO  server.RaftServer$Division (RaftServerImpl.java:checkInconsistentAppendEntries(1572)) - s2@group-EA982605F2E5: inconsistency entries. Reply:s1<-s2#1089:FAIL-t2,INCONSISTENCY,nextIndex=1,followerCommit=0,matchIndex=-1
2022-11-08 19:12:09,023 [grpc-default-executor-3] INFO  leader.FollowerInfo (FollowerInfoImpl.java:lambda$new$0(48)) - s1@group-EA982605F2E5->s2: nextIndex: updateUnconditionally 5 -> 1
2022-11-08 19:12:09,024 [s2-server-thread2] DEBUG server.RaftServer$Division (RaftServerImpl.java:logAppendEntries(1421)) - s2@group-EA982605F2E5: receive appendEntries(s1, 2, (t:2, i:0), 4, true, commits:[s1:c4, s0:c4, s2:c0], cId:1090, entries: [(t:2, i:1), STATEMACHINELOGENTRY, 0@client-2EFB324ADA71, (t:2, i:2), METADATAENTRY(c:1), (t:2, i:3), STATEMACHINELOGENTRY, 999@client-AE8279CAF820, (t:2, i:4), METADATAENTRY(c:3)]
2022-11-08 19:12:09,024 [s2-server-thread2] INFO  server.RaftServer$Division (RaftServerImpl.java:checkInconsistentAppendEntries(1602)) - s2@group-EA982605F2E5: Failed appendEntries as previous log entry ((t:2, i:0)) is not found
2022-11-08 19:12:09,024 [s2-server-thread2] INFO  server.RaftServer$Division (RaftServerImpl.java:checkInconsistentAppendEntries(1572)) - s2@group-EA982605F2E5: inconsistency entries. Reply:s1<-s2#1090:FAIL-t2,INCONSISTENCY,nextIndex=0,followerCommit=0,matchIndex=-1
2022-11-08 19:12:09,024 [grpc-default-executor-3] INFO  leader.FollowerInfo (FollowerInfoImpl.java:lambda$new$0(48)) - s1@group-EA982605F2E5->s2: nextIndex: updateUnconditionally 5 -> 0
2022-11-08 19:12:09,025 [s2-server-thread2] DEBUG server.RaftServer$Division (RaftServerImpl.java:logAppendEntries(1421)) - s2@group-EA982605F2E5: receive appendEntries(s1, 2, null, 4, true, commits:[s1:c4, s0:c4, s2:c0], cId:1091, entries: [(t:2, i:0), CONFIGURATIONENTRY(current:id: "s0"
address: "localhost:34297"
dataStreamAddress: "localhost:43983"
clientAddress: "localhost:39609"
adminAddress: "localhost:37077"
startupRole: FOLLOWER
,id: "s1"
address: "localhost:38917"
dataStreamAddress: "localhost:45719"
clientAddress: "localhost:36975"
adminAddress: "localhost:40635"
startupRole: FOLLOWER
,id: "s2"
address: "localhost:35511"
dataStreamAddress: "localhost:38827"
clientAddress: "localhost:42865"
adminAddress: "localhost:36791"
startupRole: FOLLOWER
, old:), (t:2, i:1), STATEMACHINELOGENTRY, 0@client-2EFB324ADA71, (t:2, i:2), METADATAENTRY(c:1), (t:2, i:3), STATEMACHINELOGENTRY, 999@client-AE8279CAF820, (t:2, i:4), METADATAENTRY(c:3)]
2022-11-08 19:12:09,025 [s2-server-thread2] INFO  server.RaftServer$Division (RaftServerImpl.java:checkInconsistentAppendEntries(1592)) - s2@group-EA982605F2E5: Failed appendEntries as the first entry (index 0) already exists (snapshotIndex: -1, commitIndex: 0)
2022-11-08 19:12:09,025 [s2-server-thread2] INFO  server.RaftServer$Division (RaftServerImpl.java:checkInconsistentAppendEntries(1572)) - s2@group-EA982605F2E5: inconsistency entries. Reply:s1<-s2#1091:FAIL-t2,INCONSISTENCY,nextIndex=1,followerCommit=0,matchIndex=-1
2022-11-08 19:12:09,026 [grpc-default-executor-3] INFO  leader.FollowerInfo (FollowerInfoImpl.java:lambda$new$0(48)) - s1@group-EA982605F2E5->s2: nextIndex: updateUnconditionally 5 -> 1
2022-11-08 19:12:09,026 [s2-server-thread2] DEBUG server.RaftServer$Division (RaftServerImpl.java:logAppendEntries(1421)) - s2@group-EA982605F2E5: receive appendEntries(s1, 2, (t:2, i:0), 4, true, commits:[s1:c4, s0:c4, s2:c0], cId:1092, entries: [(t:2, i:1), STATEMACHINELOGENTRY, 0@client-2EFB324ADA71, (t:2, i:2), METADATAENTRY(c:1), (t:2, i:3), STATEMACHINELOGENTRY, 999@client-AE8279CAF820, (t:2, i:4), METADATAENTRY(c:3)]
2022-11-08 19:12:09,027 [s2-server-thread2] INFO  server.RaftServer$Division (RaftServerImpl.java:checkInconsistentAppendEntries(1602)) - s2@group-EA982605F2E5: Failed appendEntries as previous log entry ((t:2, i:0)) is not found
2022-11-08 19:12:09,027 [s2-server-thread2] INFO  server.RaftServer$Division (RaftServerImpl.java:checkInconsistentAppendEntries(1572)) - s2@group-EA982605F2E5: inconsistency entries. Reply:s1<-s2#1092:FAIL-t2,INCONSISTENCY,nextIndex=0,followerCommit=0,matchIndex=-1
2022-11-08 19:12:09,027 [grpc-default-executor-3] INFO  leader.FollowerInfo (FollowerInfoImpl.java:lambda$new$0(48)) - s1@group-EA982605F2E5->s2: nextIndex: updateUnconditionally 5 -> 0
2022-11-08 19:12:09,028 [s2-server-thread2] DEBUG server.RaftServer$Division (RaftServerImpl.java:logAppendEntries(1421)) - s2@group-EA982605F2E5: receive appendEntries(s1, 2, null, 4, true, commits:[s1:c4, s0:c4, s2:c0], cId:1093, entries: [(t:2, i:0), CONFIGURATIONENTRY(current:id: "s0"
address: "localhost:34297"
dataStreamAddress: "localhost:43983"
clientAddress: "localhost:39609"
adminAddress: "localhost:37077"
startupRole: FOLLOWER
,id: "s1"
address: "localhost:38917"
dataStreamAddress: "localhost:45719"
clientAddress: "localhost:36975"
adminAddress: "localhost:40635"
startupRole: FOLLOWER
,id: "s2"
address: "localhost:35511"
dataStreamAddress: "localhost:38827"
clientAddress: "localhost:42865"
adminAddress: "localhost:36791"
startupRole: FOLLOWER
, old:), (t:2, i:1), STATEMACHINELOGENTRY, 0@client-2EFB324ADA71, (t:2, i:2), METADATAENTRY(c:1), (t:2, i:3), STATEMACHINELOGENTRY, 999@client-AE8279CAF820, (t:2, i:4), METADATAENTRY(c:3)]
2022-11-08 19:12:09,028 [s2-server-thread2] INFO  server.RaftServer$Division (RaftServerImpl.java:checkInconsistentAppendEntries(1592)) - s2@group-EA982605F2E5: Failed appendEntries as the first entry (index 0) already exists (snapshotIndex: -1, commitIndex: 0)
2022-11-08 19:12:09,028 [s2-server-thread2] INFO  server.RaftServer$Division (RaftServerImpl.java:checkInconsistentAppendEntries(1572)) - s2@group-EA982605F2E5: inconsistency entries. Reply:s1<-s2#1093:FAIL-t2,INCONSISTENCY,nextIndex=1,followerCommit=0,matchIndex=-1
2022-11-08 19:12:09,028 [grpc-default-executor-3] INFO  leader.FollowerInfo (FollowerInfoImpl.java:lambda$new$0(48)) - s1@group-EA982605F2E5->s2: nextIndex: updateUnconditionally 5 -> 1
2022-11-08 19:12:09,029 [s2-server-thread2] DEBUG server.RaftServer$Division (RaftServerImpl.java:logAppendEntries(1421)) - s2@group-EA982605F2E5: receive appendEntries(s1, 2, (t:2, i:0), 4, true, commits:[s1:c4, s0:c4, s2:c0], cId:1094, entries: [(t:2, i:1), STATEMACHINELOGENTRY, 0@client-2EFB324ADA71, (t:2, i:2), METADATAENTRY(c:1), (t:2, i:3), STATEMACHINELOGENTRY, 999@client-AE8279CAF820, (t:2, i:4), METADATAENTRY(c:3)]
2022-11-08 19:12:09,029 [s2-server-thread2] INFO  server.RaftServer$Division (RaftServerImpl.java:checkInconsistentAppendEntries(1602)) - s2@group-EA982605F2E5: Failed appendEntries as previous log entry ((t:2, i:0)) is not found
2022-11-08 19:12:09,029 [s2-server-thread2] INFO  server.RaftServer$Division (RaftServerImpl.java:checkInconsistentAppendEntries(1572)) - s2@group-EA982605F2E5: inconsistency entries. Reply:s1<-s2#1094:FAIL-t2,INCONSISTENCY,nextIndex=0,followerCommit=0,matchIndex=-1
2022-11-08 19:12:09,030 [grpc-default-executor-3] INFO  leader.FollowerInfo (FollowerInfoImpl.java:lambda$new$0(48)) - s1@group-EA982605F2E5->s2: nextIndex: updateUnconditionally 5 -> 0
2022-11-08 19:12:09,030 [s2-server-thread2] DEBUG server.RaftServer$Division (RaftServerImpl.java:logAppendEntries(1421)) - s2@group-EA982605F2E5: receive appendEntries(s1, 2, null, 4, true, commits:[s1:c4, s0:c4, s2:c0], cId:1095, entries: [(t:2, i:0), CONFIGURATIONENTRY(current:id: "s0"
address: "localhost:34297"
dataStreamAddress: "localhost:43983"
clientAddress: "localhost:39609"
adminAddress: "localhost:37077"
startupRole: FOLLOWER
,id: "s1"
address: "localhost:38917"
dataStreamAddress: "localhost:45719"
clientAddress: "localhost:36975"
adminAddress: "localhost:40635"
startupRole: FOLLOWER
,id: "s2"
address: "localhost:35511"
dataStreamAddress: "localhost:38827"
clientAddress: "localhost:42865"
adminAddress: "localhost:36791"
startupRole: FOLLOWER
, old:), (t:2, i:1), STATEMACHINELOGENTRY, 0@client-2EFB324ADA71, (t:2, i:2), METADATAENTRY(c:1), (t:2, i:3), STATEMACHINELOGENTRY, 999@client-AE8279CAF820, (t:2, i:4), METADATAENTRY(c:3)]
2022-11-08 19:12:09,030 [s2-server-thread2] INFO  server.RaftServer$Division (RaftServerImpl.java:checkInconsistentAppendEntries(1592)) - s2@group-EA982605F2E5: Failed appendEntries as the first entry (index 0) already exists (snapshotIndex: -1, commitIndex: 0)
2022-11-08 19:12:09,031 [s2-server-thread2] INFO  server.RaftServer$Division (RaftServerImpl.java:checkInconsistentAppendEntries(1572)) - s2@group-EA982605F2E5: inconsistency entries. Reply:s1<-s2#1095:FAIL-t2,INCONSISTENCY,nextIndex=1,followerCommit=0,matchIndex=-1
2022-11-08 19:12:09,031 [grpc-default-executor-3] INFO  leader.FollowerInfo (FollowerInfoImpl.java:lambda$new$0(48)) - s1@group-EA982605F2E5->s2: nextIndex: updateUnconditionally 5 -> 1
2022-11-08 19:12:09,031 [s2-server-thread2] DEBUG server.RaftServer$Division (RaftServerImpl.java:logAppendEntries(1421)) - s2@group-EA982605F2E5: receive appendEntries(s1, 2, (t:2, i:0), 4, true, commits:[s1:c4, s0:c4, s2:c0], cId:1096, entries: [(t:2, i:1), STATEMACHINELOGENTRY, 0@client-2EFB324ADA71, (t:2, i:2), METADATAENTRY(c:1), (t:2, i:3), STATEMACHINELOGENTRY, 999@client-AE8279CAF820, (t:2, i:4), METADATAENTRY(c:3)]
2022-11-08 19:12:09,032 [s2-server-thread2] INFO  server.RaftServer$Division (RaftServerImpl.java:checkInconsistentAppendEntries(1602)) - s2@group-EA982605F2E5: Failed appendEntries as previous log entry ((t:2, i:0)) is not found
2022-11-08 19:12:09,032 [s2-server-thread2] INFO  server.RaftServer$Division (RaftServerImpl.java:checkInconsistentAppendEntries(1572)) - s2@group-EA982605F2E5: inconsistency entries. Reply:s1<-s2#1096:FAIL-t2,INCONSISTENCY,nextIndex=0,followerCommit=0,matchIndex=-1
2022-11-08 19:12:09,032 [grpc-default-executor-3] INFO  leader.FollowerInfo (FollowerInfoImpl.java:lambda$new$0(48)) - s1@group-EA982605F2E5->s2: nextIndex: updateUnconditionally 5 -> 0
2022-11-08 19:12:09,033 [s2-server-thread2] DEBUG server.RaftServer$Division (RaftServerImpl.java:logAppendEntries(1421)) - s2@group-EA982605F2E5: receive appendEntries(s1, 2, null, 4, true, commits:[s1:c4, s0:c4, s2:c0], cId:1097, entries: [(t:2, i:0), CONFIGURATIONENTRY(current:id: "s0"
address: "localhost:34297"
dataStreamAddress: "localhost:43983"
clientAddress: "localhost:39609"
adminAddress: "localhost:37077"
startupRole: FOLLOWER
,id: "s1"
address: "localhost:38917"
dataStreamAddress: "localhost:45719"
clientAddress: "localhost:36975"
adminAddress: "localhost:40635"
startupRole: FOLLOWER
,id: "s2"
address: "localhost:35511"
dataStreamAddress: "localhost:38827"
clientAddress: "localhost:42865"
adminAddress: "localhost:36791"
startupRole: FOLLOWER
, old:), (t:2, i:1), STATEMACHINELOGENTRY, 0@client-2EFB324ADA71, (t:2, i:2), METADATAENTRY(c:1), (t:2, i:3), STATEMACHINELOGENTRY, 999@client-AE8279CAF820, (t:2, i:4), METADATAENTRY(c:3)]
2022-11-08 19:12:09,033 [s2-server-thread2] INFO  server.RaftServer$Division (RaftServerImpl.java:checkInconsistentAppendEntries(1592)) - s2@group-EA982605F2E5: Failed appendEntries as the first entry (index 0) already exists (snapshotIndex: -1, commitIndex: 0)
2022-11-08 19:12:09,033 [s2-server-thread2] INFO  server.RaftServer$Division (RaftServerImpl.java:checkInconsistentAppendEntries(1572)) - s2@group-EA982605F2E5: inconsistency entries. Reply:s1<-s2#1097:FAIL-t2,INCONSISTENCY,nextIndex=1,followerCommit=0,matchIndex=-1
2022-11-08 19:12:09,033 [grpc-default-executor-3] INFO  leader.FollowerInfo (FollowerInfoImpl.java:lambda$new$0(48)) - s1@group-EA982605F2E5->s2: nextIndex: updateUnconditionally 5 -> 1
2022-11-08 19:12:09,034 [s2-server-thread2] DEBUG server.RaftServer$Division (RaftServerImpl.java:logAppendEntries(1421)) - s2@group-EA982605F2E5: receive appendEntries(s1, 2, (t:2, i:0), 4, true, commits:[s1:c4, s0:c4, s2:c0], cId:1098, entries: [(t:2, i:1), STATEMACHINELOGENTRY, 0@client-2EFB324ADA71, (t:2, i:2), METADATAENTRY(c:1), (t:2, i:3), STATEMACHINELOGENTRY, 999@client-AE8279CAF820, (t:2, i:4), METADATAENTRY(c:3)]
2022-11-08 19:12:09,034 [s2-server-thread2] INFO  server.RaftServer$Division (RaftServerImpl.java:checkInconsistentAppendEntries(1602)) - s2@group-EA982605F2E5: Failed appendEntries as previous log entry ((t:2, i:0)) is not found
2022-11-08 19:12:09,034 [s2-server-thread2] INFO  server.RaftServer$Division (RaftServerImpl.java:checkInconsistentAppendEntries(1572)) - s2@group-EA982605F2E5: inconsistency entries. Reply:s1<-s2#1098:FAIL-t2,INCONSISTENCY,nextIndex=0,followerCommit=0,matchIndex=-1
2022-11-08 19:12:09,035 [grpc-default-executor-3] INFO  leader.FollowerInfo (FollowerInfoImpl.java:lambda$new$0(48)) - s1@group-EA982605F2E5->s2: nextIndex: updateUnconditionally 5 -> 0
2022-11-08 19:12:09,036 [s2-server-thread2] DEBUG server.RaftServer$Division (RaftServerImpl.java:logAppendEntries(1421)) - s2@group-EA982605F2E5: receive appendEntries(s1, 2, null, 4, true, commits:[s1:c4, s0:c4, s2:c0], cId:1099, entries: [(t:2, i:0), CONFIGURATIONENTRY(current:id: "s0"
address: "localhost:34297"
dataStreamAddress: "localhost:43983"
clientAddress: "localhost:39609"
adminAddress: "localhost:37077"
startupRole: FOLLOWER
,id: "s1"
address: "localhost:38917"
dataStreamAddress: "localhost:45719"
clientAddress: "localhost:36975"
adminAddress: "localhost:40635"
startupRole: FOLLOWER
,id: "s2"
address: "localhost:35511"
dataStreamAddress: "localhost:38827"
clientAddress: "localhost:42865"
adminAddress: "localhost:36791"
startupRole: FOLLOWER
, old:), (t:2, i:1), STATEMACHINELOGENTRY, 0@client-2EFB324ADA71, (t:2, i:2), METADATAENTRY(c:1), (t:2, i:3), STATEMACHINELOGENTRY, 999@client-AE8279CAF820, (t:2, i:4), METADATAENTRY(c:3)]
2022-11-08 19:12:09,037 [s2-server-thread2] INFO  server.RaftServer$Division (RaftServerImpl.java:checkInconsistentAppendEntries(1592)) - s2@group-EA982605F2E5: Failed appendEntries as the first entry (index 0) already exists (snapshotIndex: -1, commitIndex: 0)
2022-11-08 19:12:09,037 [s2-server-thread2] INFO  server.RaftServer$Division (RaftServerImpl.java:checkInconsistentAppendEntries(1572)) - s2@group-EA982605F2E5: inconsistency entries. Reply:s1<-s2#1099:FAIL-t2,INCONSISTENCY,nextIndex=1,followerCommit=0,matchIndex=-1
2022-11-08 19:12:09,037 [grpc-default-executor-3] INFO  leader.FollowerInfo (FollowerInfoImpl.java:lambda$new$0(48)) - s1@group-EA982605F2E5->s2: nextIndex: updateUnconditionally 5 -> 1
2022-11-08 19:12:09,038 [s2-server-thread2] DEBUG server.RaftServer$Division (RaftServerImpl.java:logAppendEntries(1421)) - s2@group-EA982605F2E5: receive appendEntries(s1, 2, (t:2, i:0), 4, true, commits:[s1:c4, s0:c4, s2:c0], cId:1100, entries: [(t:2, i:1), STATEMACHINELOGENTRY, 0@client-2EFB324ADA71, (t:2, i:2), METADATAENTRY(c:1), (t:2, i:3), STATEMACHINELOGENTRY, 999@client-AE8279CAF820, (t:2, i:4), METADATAENTRY(c:3)]
2022-11-08 19:12:09,038 [s2-server-thread2] INFO  server.RaftServer$Division (RaftServerImpl.java:checkInconsistentAppendEntries(1602)) - s2@group-EA982605F2E5: Failed appendEntries as previous log entry ((t:2, i:0)) is not found
2022-11-08 19:12:09,038 [s2-server-thread2] INFO  server.RaftServer$Division (RaftServerImpl.java:checkInconsistentAppendEntries(1572)) - s2@group-EA982605F2E5: inconsistency entries. Reply:s1<-s2#1100:FAIL-t2,INCONSISTENCY,nextIndex=0,followerCommit=0,matchIndex=-1
2022-11-08 19:12:09,038 [grpc-default-executor-3] INFO  leader.FollowerInfo (FollowerInfoImpl.java:lambda$new$0(48)) - s1@group-EA982605F2E5->s2: nextIndex: updateUnconditionally 5 -> 0
2022-11-08 19:12:09,039 [s2-server-thread2] DEBUG server.RaftServer$Division (RaftServerImpl.java:logAppendEntries(1421)) - s2@group-EA982605F2E5: receive appendEntries(s1, 2, null, 4, true, commits:[s1:c4, s0:c4, s2:c0], cId:1101, entries: [(t:2, i:0), CONFIGURATIONENTRY(current:id: "s0"
address: "localhost:34297"
dataStreamAddress: "localhost:43983"
clientAddress: "localhost:39609"
adminAddress: "localhost:37077"
startupRole: FOLLOWER
,id: "s1"
address: "localhost:38917"
dataStreamAddress: "localhost:45719"
clientAddress: "localhost:36975"
adminAddress: "localhost:40635"
startupRole: FOLLOWER
,id: "s2"
address: "localhost:35511"
dataStreamAddress: "localhost:38827"
clientAddress: "localhost:42865"
adminAddress: "localhost:36791"
startupRole: FOLLOWER
, old:), (t:2, i:1), STATEMACHINELOGENTRY, 0@client-2EFB324ADA71, (t:2, i:2), METADATAENTRY(c:1), (t:2, i:3), STATEMACHINELOGENTRY, 999@client-AE8279CAF820, (t:2, i:4), METADATAENTRY(c:3)]
2022-11-08 19:12:09,039 [s2-server-thread2] INFO  server.RaftServer$Division (RaftServerImpl.java:checkInconsistentAppendEntries(1592)) - s2@group-EA982605F2E5: Failed appendEntries as the first entry (index 0) already exists (snapshotIndex: -1, commitIndex: 0)
2022-11-08 19:12:09,039 [s2-server-thread2] INFO  server.RaftServer$Division (RaftServerImpl.java:checkInconsistentAppendEntries(1572)) - s2@group-EA982605F2E5: inconsistency entries. Reply:s1<-s2#1101:FAIL-t2,INCONSISTENCY,nextIndex=1,followerCommit=0,matchIndex=-1
2022-11-08 19:12:09,040 [grpc-default-executor-3] INFO  leader.FollowerInfo (FollowerInfoImpl.java:lambda$new$0(48)) - s1@group-EA982605F2E5->s2: nextIndex: updateUnconditionally 5 -> 1
2022-11-08 19:12:09,040 [s2-server-thread2] DEBUG server.RaftServer$Division (RaftServerImpl.java:logAppendEntries(1421)) - s2@group-EA982605F2E5: receive appendEntries(s1, 2, (t:2, i:0), 4, true, commits:[s1:c4, s0:c4, s2:c0], cId:1102, entries: [(t:2, i:1), STATEMACHINELOGENTRY, 0@client-2EFB324ADA71, (t:2, i:2), METADATAENTRY(c:1), (t:2, i:3), STATEMACHINELOGENTRY, 999@client-AE8279CAF820, (t:2, i:4), METADATAENTRY(c:3)]
2022-11-08 19:12:09,040 [s2-server-thread2] INFO  server.RaftServer$Division (RaftServerImpl.java:checkInconsistentAppendEntries(1602)) - s2@group-EA982605F2E5: Failed appendEntries as previous log entry ((t:2, i:0)) is not found
2022-11-08 19:12:09,040 [s2-server-thread2] INFO  server.RaftServer$Division (RaftServerImpl.java:checkInconsistentAppendEntries(1572)) - s2@group-EA982605F2E5: inconsistency entries. Reply:s1<-s2#1102:FAIL-t2,INCONSISTENCY,nextIndex=0,followerCommit=0,matchIndex=-1
2022-11-08 19:12:09,041 [grpc-default-executor-3] INFO  leader.FollowerInfo (FollowerInfoImpl.java:lambda$new$0(48)) - s1@group-EA982605F2E5->s2: nextIndex: updateUnconditionally 5 -> 0
2022-11-08 19:12:09,042 [s2-server-thread2] DEBUG server.RaftServer$Division (RaftServerImpl.java:logAppendEntries(1421)) - s2@group-EA982605F2E5: receive appendEntries(s1, 2, null, 4, true, commits:[s1:c4, s0:c4, s2:c0], cId:1103, entries: [(t:2, i:0), CONFIGURATIONENTRY(current:id: "s0"
address: "localhost:34297"
dataStreamAddress: "localhost:43983"
clientAddress: "localhost:39609"
adminAddress: "localhost:37077"
startupRole: FOLLOWER
,id: "s1"
address: "localhost:38917"
dataStreamAddress: "localhost:45719"
clientAddress: "localhost:36975"
adminAddress: "localhost:40635"
startupRole: FOLLOWER
,id: "s2"
address: "localhost:35511"
dataStreamAddress: "localhost:38827"
clientAddress: "localhost:42865"
adminAddress: "localhost:36791"
startupRole: FOLLOWER
, old:), (t:2, i:1), STATEMACHINELOGENTRY, 0@client-2EFB324ADA71, (t:2, i:2), METADATAENTRY(c:1), (t:2, i:3), STATEMACHINELOGENTRY, 999@client-AE8279CAF820, (t:2, i:4), METADATAENTRY(c:3)]
2022-11-08 19:12:09,042 [s2-server-thread2] INFO  server.RaftServer$Division (RaftServerImpl.java:checkInconsistentAppendEntries(1592)) - s2@group-EA982605F2E5: Failed appendEntries as the first entry (index 0) already exists (snapshotIndex: -1, commitIndex: 0)
2022-11-08 19:12:09,042 [s2-server-thread2] INFO  server.RaftServer$Division (RaftServerImpl.java:checkInconsistentAppendEntries(1572)) - s2@group-EA982605F2E5: inconsistency entries. Reply:s1<-s2#1103:FAIL-t2,INCONSISTENCY,nextIndex=1,followerCommit=0,matchIndex=-1
2022-11-08 19:12:09,043 [grpc-default-executor-3] INFO  leader.FollowerInfo (FollowerInfoImpl.java:lambda$new$0(48)) - s1@group-EA982605F2E5->s2: nextIndex: updateUnconditionally 5 -> 1
2022-11-08 19:12:09,043 [s2-server-thread2] DEBUG server.RaftServer$Division (RaftServerImpl.java:logAppendEntries(1421)) - s2@group-EA982605F2E5: receive appendEntries(s1, 2, (t:2, i:0), 4, true, commits:[s1:c4, s0:c4, s2:c0], cId:1104, entries: [(t:2, i:1), STATEMACHINELOGENTRY, 0@client-2EFB324ADA71, (t:2, i:2), METADATAENTRY(c:1), (t:2, i:3), STATEMACHINELOGENTRY, 999@client-AE8279CAF820, (t:2, i:4), METADATAENTRY(c:3)]
2022-11-08 19:12:09,043 [s2-server-thread2] INFO  server.RaftServer$Division (RaftServerImpl.java:checkInconsistentAppendEntries(1602)) - s2@group-EA982605F2E5: Failed appendEntries as previous log entry ((t:2, i:0)) is not found
2022-11-08 19:12:09,044 [s2-server-thread2] INFO  server.RaftServer$Division (RaftServerImpl.java:checkInconsistentAppendEntries(1572)) - s2@group-EA982605F2E5: inconsistency entries. Reply:s1<-s2#1104:FAIL-t2,INCONSISTENCY,nextIndex=0,followerCommit=0,matchIndex=-1
2022-11-08 19:12:09,044 [grpc-default-executor-3] INFO  leader.FollowerInfo (FollowerInfoImpl.java:lambda$new$0(48)) - s1@group-EA982605F2E5->s2: nextIndex: updateUnconditionally 5 -> 0
2022-11-08 19:12:09,045 [s2-server-thread2] DEBUG server.RaftServer$Division (RaftServerImpl.java:logAppendEntries(1421)) - s2@group-EA982605F2E5: receive appendEntries(s1, 2, null, 4, true, commits:[s1:c4, s0:c4, s2:c0], cId:1105, entries: [(t:2, i:0), CONFIGURATIONENTRY(current:id: "s0"
address: "localhost:34297"
dataStreamAddress: "localhost:43983"
clientAddress: "localhost:39609"
adminAddress: "localhost:37077"
startupRole: FOLLOWER
,id: "s1"
address: "localhost:38917"
dataStreamAddress: "localhost:45719"
clientAddress: "localhost:36975"
adminAddress: "localhost:40635"
startupRole: FOLLOWER
,id: "s2"
address: "localhost:35511"
dataStreamAddress: "localhost:38827"
clientAddress: "localhost:42865"
adminAddress: "localhost:36791"
startupRole: FOLLOWER
, old:), (t:2, i:1), STATEMACHINELOGENTRY, 0@client-2EFB324ADA71, (t:2, i:2), METADATAENTRY(c:1), (t:2, i:3), STATEMACHINELOGENTRY, 999@client-AE8279CAF820, (t:2, i:4), METADATAENTRY(c:3)]
2022-11-08 19:12:09,045 [s2-server-thread2] INFO  server.RaftServer$Division (RaftServerImpl.java:checkInconsistentAppendEntries(1592)) - s2@group-EA982605F2E5: Failed appendEntries as the first entry (index 0) already exists (snapshotIndex: -1, commitIndex: 0)
2022-11-08 19:12:09,045 [s2-server-thread2] INFO  server.RaftServer$Division (RaftServerImpl.java:checkInconsistentAppendEntries(1572)) - s2@group-EA982605F2E5: inconsistency entries. Reply:s1<-s2#1105:FAIL-t2,INCONSISTENCY,nextIndex=1,followerCommit=0,matchIndex=-1
2022-11-08 19:12:09,045 [grpc-default-executor-3] INFO  leader.FollowerInfo (FollowerInfoImpl.java:lambda$new$0(48)) - s1@group-EA982605F2E5->s2: nextIndex: updateUnconditionally 5 -> 1
2022-11-08 19:12:09,046 [s2-server-thread2] DEBUG server.RaftServer$Division (RaftServerImpl.java:logAppendEntries(1421)) - s2@group-EA982605F2E5: receive appendEntries(s1, 2, (t:2, i:0), 4, true, commits:[s1:c4, s0:c4, s2:c0], cId:1106, entries: [(t:2, i:1), STATEMACHINELOGENTRY, 0@client-2EFB324ADA71, (t:2, i:2), METADATAENTRY(c:1), (t:2, i:3), STATEMACHINELOGENTRY, 999@client-AE8279CAF820, (t:2, i:4), METADATAENTRY(c:3)]
2022-11-08 19:12:09,046 [s2-server-thread2] INFO  server.RaftServer$Division (RaftServerImpl.java:checkInconsistentAppendEntries(1602)) - s2@group-EA982605F2E5: Failed appendEntries as previous log entry ((t:2, i:0)) is not found
2022-11-08 19:12:09,046 [s2-server-thread2] INFO  server.RaftServer$Division (RaftServerImpl.java:checkInconsistentAppendEntries(1572)) - s2@group-EA982605F2E5: inconsistency entries. Reply:s1<-s2#1106:FAIL-t2,INCONSISTENCY,nextIndex=0,followerCommit=0,matchIndex=-1
2022-11-08 19:12:09,047 [grpc-default-executor-3] INFO  leader.FollowerInfo (FollowerInfoImpl.java:lambda$new$0(48)) - s1@group-EA982605F2E5->s2: nextIndex: updateUnconditionally 5 -> 0
2022-11-08 19:12:09,047 [s2-server-thread2] DEBUG server.RaftServer$Division (RaftServerImpl.java:logAppendEntries(1421)) - s2@group-EA982605F2E5: receive appendEntries(s1, 2, null, 4, true, commits:[s1:c4, s0:c4, s2:c0], cId:1107, entries: [(t:2, i:0), CONFIGURATIONENTRY(current:id: "s0"
address: "localhost:34297"
dataStreamAddress: "localhost:43983"
clientAddress: "localhost:39609"
adminAddress: "localhost:37077"
startupRole: FOLLOWER
,id: "s1"
address: "localhost:38917"
dataStreamAddress: "localhost:45719"
clientAddress: "localhost:36975"
adminAddress: "localhost:40635"
startupRole: FOLLOWER
,id: "s2"
address: "localhost:35511"
dataStreamAddress: "localhost:38827"
clientAddress: "localhost:42865"
adminAddress: "localhost:36791"
startupRole: FOLLOWER
, old:), (t:2, i:1), STATEMACHINELOGENTRY, 0@client-2EFB324ADA71, (t:2, i:2), METADATAENTRY(c:1), (t:2, i:3), STATEMACHINELOGENTRY, 999@client-AE8279CAF820, (t:2, i:4), METADATAENTRY(c:3)]
2022-11-08 19:12:09,048 [s2-server-thread2] INFO  server.RaftServer$Division (RaftServerImpl.java:checkInconsistentAppendEntries(1592)) - s2@group-EA982605F2E5: Failed appendEntries as the first entry (index 0) already exists (snapshotIndex: -1, commitIndex: 0)
2022-11-08 19:12:09,048 [s2-server-thread2] INFO  server.RaftServer$Division (RaftServerImpl.java:checkInconsistentAppendEntries(1572)) - s2@group-EA982605F2E5: inconsistency entries. Reply:s1<-s2#1107:FAIL-t2,INCONSISTENCY,nextIndex=1,followerCommit=0,matchIndex=-1
2022-11-08 19:12:09,048 [grpc-default-executor-0] INFO  leader.FollowerInfo (FollowerInfoImpl.java:lambda$new$0(48)) - s1@group-EA982605F2E5->s2: nextIndex: updateUnconditionally 5 -> 1
2022-11-08 19:12:09,049 [s2-server-thread2] DEBUG server.RaftServer$Division (RaftServerImpl.java:logAppendEntries(1421)) - s2@group-EA982605F2E5: receive appendEntries(s1, 2, (t:2, i:0), 4, true, commits:[s1:c4, s0:c4, s2:c0], cId:1108, entries: [(t:2, i:1), STATEMACHINELOGENTRY, 0@client-2EFB324ADA71, (t:2, i:2), METADATAENTRY(c:1), (t:2, i:3), STATEMACHINELOGENTRY, 999@client-AE8279CAF820, (t:2, i:4), METADATAENTRY(c:3)]
2022-11-08 19:12:09,049 [s2-server-thread2] INFO  server.RaftServer$Division (RaftServerImpl.java:checkInconsistentAppendEntries(1602)) - s2@group-EA982605F2E5: Failed appendEntries as previous log entry ((t:2, i:0)) is not found
2022-11-08 19:12:09,049 [s2-server-thread2] INFO  server.RaftServer$Division (RaftServerImpl.java:checkInconsistentAppendEntries(1572)) - s2@group-EA982605F2E5: inconsistency entries. Reply:s1<-s2#1108:FAIL-t2,INCONSISTENCY,nextIndex=0,followerCommit=0,matchIndex=-1
2022-11-08 19:12:09,050 [grpc-default-executor-0] INFO  leader.FollowerInfo (FollowerInfoImpl.java:lambda$new$0(48)) - s1@group-EA982605F2E5->s2: nextIndex: updateUnconditionally 5 -> 0
2022-11-08 19:12:09,050 [s2-server-thread1] DEBUG server.RaftServer$Division (RaftServerImpl.java:logAppendEntries(1421)) - s2@group-EA982605F2E5: receive appendEntries(s1, 2, null, 4, true, commits:[s1:c4, s0:c4, s2:c0], cId:1109, entries: [(t:2, i:0), CONFIGURATIONENTRY(current:id: "s0"
address: "localhost:34297"
dataStreamAddress: "localhost:43983"
clientAddress: "localhost:39609"
adminAddress: "localhost:37077"
startupRole: FOLLOWER
,id: "s1"
address: "localhost:38917"
dataStreamAddress: "localhost:45719"
clientAddress: "localhost:36975"
adminAddress: "localhost:40635"
startupRole: FOLLOWER
,id: "s2"
address: "localhost:35511"
dataStreamAddress: "localhost:38827"
clientAddress: "localhost:42865"
adminAddress: "localhost:36791"
startupRole: FOLLOWER
, old:), (t:2, i:1), STATEMACHINELOGENTRY, 0@client-2EFB324ADA71, (t:2, i:2), METADATAENTRY(c:1), (t:2, i:3), STATEMACHINELOGENTRY, 999@client-AE8279CAF820, (t:2, i:4), METADATAENTRY(c:3)]
2022-11-08 19:12:09,050 [s2-server-thread1] INFO  server.RaftServer$Division (RaftServerImpl.java:checkInconsistentAppendEntries(1592)) - s2@group-EA982605F2E5: Failed appendEntries as the first entry (index 0) already exists (snapshotIndex: -1, commitIndex: 0)
2022-11-08 19:12:09,050 [s2-server-thread1] INFO  server.RaftServer$Division (RaftServerImpl.java:checkInconsistentAppendEntries(1572)) - s2@group-EA982605F2E5: inconsistency entries. Reply:s1<-s2#1109:FAIL-t2,INCONSISTENCY,nextIndex=1,followerCommit=0,matchIndex=-1
2022-11-08 19:12:09,051 [grpc-default-executor-0] INFO  leader.FollowerInfo (FollowerInfoImpl.java:lambda$new$0(48)) - s1@group-EA982605F2E5->s2: nextIndex: updateUnconditionally 5 -> 1
2022-11-08 19:12:09,051 [s2-server-thread1] DEBUG server.RaftServer$Division (RaftServerImpl.java:logAppendEntries(1421)) - s2@group-EA982605F2E5: receive appendEntries(s1, 2, (t:2, i:0), 4, true, commits:[s1:c4, s0:c4, s2:c0], cId:1110, entries: [(t:2, i:1), STATEMACHINELOGENTRY, 0@client-2EFB324ADA71, (t:2, i:2), METADATAENTRY(c:1), (t:2, i:3), STATEMACHINELOGENTRY, 999@client-AE8279CAF820, (t:2, i:4), METADATAENTRY(c:3)]
2022-11-08 19:12:09,051 [s2-server-thread1] INFO  server.RaftServer$Division (RaftServerImpl.java:checkInconsistentAppendEntries(1602)) - s2@group-EA982605F2E5: Failed appendEntries as previous log entry ((t:2, i:0)) is not found
2022-11-08 19:12:09,051 [s2-server-thread1] INFO  server.RaftServer$Division (RaftServerImpl.java:checkInconsistentAppendEntries(1572)) - s2@group-EA982605F2E5: inconsistency entries. Reply:s1<-s2#1110:FAIL-t2,INCONSISTENCY,nextIndex=0,followerCommit=0,matchIndex=-1
2022-11-08 19:12:09,052 [grpc-default-executor-0] INFO  leader.FollowerInfo (FollowerInfoImpl.java:lambda$new$0(48)) - s1@group-EA982605F2E5->s2: nextIndex: updateUnconditionally 5 -> 0
2022-11-08 19:12:09,053 [s2-server-thread2] DEBUG server.RaftServer$Division (RaftServerImpl.java:logAppendEntries(1421)) - s2@group-EA982605F2E5: receive appendEntries(s1, 2, null, 4, true, commits:[s1:c4, s0:c4, s2:c0], cId:1111, entries: [(t:2, i:0), CONFIGURATIONENTRY(current:id: "s0"
address: "localhost:34297"
dataStreamAddress: "localhost:43983"
clientAddress: "localhost:39609"
adminAddress: "localhost:37077"
startupRole: FOLLOWER
,id: "s1"
address: "localhost:38917"
dataStreamAddress: "localhost:45719"
clientAddress: "localhost:36975"
adminAddress: "localhost:40635"
startupRole: FOLLOWER
,id: "s2"
address: "localhost:35511"
dataStreamAddress: "localhost:38827"
clientAddress: "localhost:42865"
adminAddress: "localhost:36791"
startupRole: FOLLOWER
, old:), (t:2, i:1), STATEMACHINELOGENTRY, 0@client-2EFB324ADA71, (t:2, i:2), METADATAENTRY(c:1), (t:2, i:3), STATEMACHINELOGENTRY, 999@client-AE8279CAF820, (t:2, i:4), METADATAENTRY(c:3)]
2022-11-08 19:12:09,053 [s2-server-thread2] INFO  server.RaftServer$Division (RaftServerImpl.java:checkInconsistentAppendEntries(1592)) - s2@group-EA982605F2E5: Failed appendEntries as the first entry (index 0) already exists (snapshotIndex: -1, commitIndex: 0)
2022-11-08 19:12:09,054 [s2-server-thread2] INFO  server.RaftServer$Division (RaftServerImpl.java:checkInconsistentAppendEntries(1572)) - s2@group-EA982605F2E5: inconsistency entries. Reply:s1<-s2#1111:FAIL-t2,INCONSISTENCY,nextIndex=1,followerCommit=0,matchIndex=-1
2022-11-08 19:12:09,054 [grpc-default-executor-0] INFO  leader.FollowerInfo (FollowerInfoImpl.java:lambda$new$0(48)) - s1@group-EA982605F2E5->s2: nextIndex: updateUnconditionally 5 -> 1
2022-11-08 19:12:09,054 [s2-server-thread1] DEBUG server.RaftServer$Division (RaftServerImpl.java:logAppendEntries(1421)) - s2@group-EA982605F2E5: receive appendEntries(s1, 2, (t:2, i:0), 4, true, commits:[s1:c4, s0:c4, s2:c0], cId:1112, entries: [(t:2, i:1), STATEMACHINELOGENTRY, 0@client-2EFB324ADA71, (t:2, i:2), METADATAENTRY(c:1), (t:2, i:3), STATEMACHINELOGENTRY, 999@client-AE8279CAF820, (t:2, i:4), METADATAENTRY(c:3)]
2022-11-08 19:12:09,055 [s2-server-thread1] INFO  server.RaftServer$Division (RaftServerImpl.java:checkInconsistentAppendEntries(1602)) - s2@group-EA982605F2E5: Failed appendEntries as previous log entry ((t:2, i:0)) is not found
2022-11-08 19:12:09,055 [s2-server-thread1] INFO  server.RaftServer$Division (RaftServerImpl.java:checkInconsistentAppendEntries(1572)) - s2@group-EA982605F2E5: inconsistency entries. Reply:s1<-s2#1112:FAIL-t2,INCONSISTENCY,nextIndex=0,followerCommit=0,matchIndex=-1
2022-11-08 19:12:09,055 [grpc-default-executor-0] INFO  leader.FollowerInfo (FollowerInfoImpl.java:lambda$new$0(48)) - s1@group-EA982605F2E5->s2: nextIndex: updateUnconditionally 5 -> 0
2022-11-08 19:12:09,056 [s2-server-thread1] DEBUG server.RaftServer$Division (RaftServerImpl.java:logAppendEntries(1421)) - s2@group-EA982605F2E5: receive appendEntries(s1, 2, null, 4, true, commits:[s1:c4, s0:c4, s2:c0], cId:1113, entries: [(t:2, i:0), CONFIGURATIONENTRY(current:id: "s0"
address: "localhost:34297"
dataStreamAddress: "localhost:43983"
clientAddress: "localhost:39609"
adminAddress: "localhost:37077"
startupRole: FOLLOWER
,id: "s1"
address: "localhost:38917"
dataStreamAddress: "localhost:45719"
clientAddress: "localhost:36975"
adminAddress: "localhost:40635"
startupRole: FOLLOWER
,id: "s2"
address: "localhost:35511"
dataStreamAddress: "localhost:38827"
clientAddress: "localhost:42865"
adminAddress: "localhost:36791"
startupRole: FOLLOWER
, old:), (t:2, i:1), STATEMACHINELOGENTRY, 0@client-2EFB324ADA71, (t:2, i:2), METADATAENTRY(c:1), (t:2, i:3), STATEMACHINELOGENTRY, 999@client-AE8279CAF820, (t:2, i:4), METADATAENTRY(c:3)]
2022-11-08 19:12:09,056 [s2-server-thread1] INFO  server.RaftServer$Division (RaftServerImpl.java:checkInconsistentAppendEntries(1592)) - s2@group-EA982605F2E5: Failed appendEntries as the first entry (index 0) already exists (snapshotIndex: -1, commitIndex: 0)
2022-11-08 19:12:09,056 [s2-server-thread1] INFO  server.RaftServer$Division (RaftServerImpl.java:checkInconsistentAppendEntries(1572)) - s2@group-EA982605F2E5: inconsistency entries. Reply:s1<-s2#1113:FAIL-t2,INCONSISTENCY,nextIndex=1,followerCommit=0,matchIndex=-1
2022-11-08 19:12:09,056 [grpc-default-executor-0] INFO  leader.FollowerInfo (FollowerInfoImpl.java:lambda$new$0(48)) - s1@group-EA982605F2E5->s2: nextIndex: updateUnconditionally 5 -> 1
2022-11-08 19:12:09,057 [s2-server-thread1] DEBUG server.RaftServer$Division (RaftServerImpl.java:logAppendEntries(1421)) - s2@group-EA982605F2E5: receive appendEntries(s1, 2, (t:2, i:0), 4, true, commits:[s1:c4, s0:c4, s2:c0], cId:1114, entries: [(t:2, i:1), STATEMACHINELOGENTRY, 0@client-2EFB324ADA71, (t:2, i:2), METADATAENTRY(c:1), (t:2, i:3), STATEMACHINELOGENTRY, 999@client-AE8279CAF820, (t:2, i:4), METADATAENTRY(c:3)]
2022-11-08 19:12:09,057 [s2-server-thread1] INFO  server.RaftServer$Division (RaftServerImpl.java:checkInconsistentAppendEntries(1602)) - s2@group-EA982605F2E5: Failed appendEntries as previous log entry ((t:2, i:0)) is not found
2022-11-08 19:12:09,057 [s2-server-thread1] INFO  server.RaftServer$Division (RaftServerImpl.java:checkInconsistentAppendEntries(1572)) - s2@group-EA982605F2E5: inconsistency entries. Reply:s1<-s2#1114:FAIL-t2,INCONSISTENCY,nextIndex=0,followerCommit=0,matchIndex=-1
2022-11-08 19:12:09,057 [grpc-default-executor-0] INFO  leader.FollowerInfo (FollowerInfoImpl.java:lambda$new$0(48)) - s1@group-EA982605F2E5->s2: nextIndex: updateUnconditionally 5 -> 0
2022-11-08 19:12:09,058 [s2-server-thread1] DEBUG server.RaftServer$Division (RaftServerImpl.java:logAppendEntries(1421)) - s2@group-EA982605F2E5: receive appendEntries(s1, 2, null, 4, true, commits:[s1:c4, s0:c4, s2:c0], cId:1115, entries: [(t:2, i:0), CONFIGURATIONENTRY(current:id: "s0"
address: "localhost:34297"
dataStreamAddress: "localhost:43983"
clientAddress: "localhost:39609"
adminAddress: "localhost:37077"
startupRole: FOLLOWER
,id: "s1"
address: "localhost:38917"
dataStreamAddress: "localhost:45719"
clientAddress: "localhost:36975"
adminAddress: "localhost:40635"
startupRole: FOLLOWER
,id: "s2"
address: "localhost:35511"
dataStreamAddress: "localhost:38827"
clientAddress: "localhost:42865"
adminAddress: "localhost:36791"
startupRole: FOLLOWER
, old:), (t:2, i:1), STATEMACHINELOGENTRY, 0@client-2EFB324ADA71, (t:2, i:2), METADATAENTRY(c:1), (t:2, i:3), STATEMACHINELOGENTRY, 999@client-AE8279CAF820, (t:2, i:4), METADATAENTRY(c:3)]
2022-11-08 19:12:09,058 [s2-server-thread1] INFO  server.RaftServer$Division (RaftServerImpl.java:checkInconsistentAppendEntries(1592)) - s2@group-EA982605F2E5: Failed appendEntries as the first entry (index 0) already exists (snapshotIndex: -1, commitIndex: 0)
2022-11-08 19:12:09,058 [s2-server-thread1] INFO  server.RaftServer$Division (RaftServerImpl.java:checkInconsistentAppendEntries(1572)) - s2@group-EA982605F2E5: inconsistency entries. Reply:s1<-s2#1115:FAIL-t2,INCONSISTENCY,nextIndex=1,followerCommit=0,matchIndex=-1
2022-11-08 19:12:09,058 [grpc-default-executor-0] INFO  leader.FollowerInfo (FollowerInfoImpl.java:lambda$new$0(48)) - s1@group-EA982605F2E5->s2: nextIndex: updateUnconditionally 5 -> 1
2022-11-08 19:12:09,059 [s2-server-thread1] DEBUG server.RaftServer$Division (RaftServerImpl.java:logAppendEntries(1421)) - s2@group-EA982605F2E5: receive appendEntries(s1, 2, (t:2, i:0), 4, true, commits:[s1:c4, s0:c4, s2:c0], cId:1116, entries: [(t:2, i:1), STATEMACHINELOGENTRY, 0@client-2EFB324ADA71, (t:2, i:2), METADATAENTRY(c:1), (t:2, i:3), STATEMACHINELOGENTRY, 999@client-AE8279CAF820, (t:2, i:4), METADATAENTRY(c:3)]
2022-11-08 19:12:09,059 [s2-server-thread1] INFO  server.RaftServer$Division (RaftServerImpl.java:checkInconsistentAppendEntries(1602)) - s2@group-EA982605F2E5: Failed appendEntries as previous log entry ((t:2, i:0)) is not found
2022-11-08 19:12:09,059 [s2-server-thread1] INFO  server.RaftServer$Division (RaftServerImpl.java:checkInconsistentAppendEntries(1572)) - s2@group-EA982605F2E5: inconsistency entries. Reply:s1<-s2#1116:FAIL-t2,INCONSISTENCY,nextIndex=0,followerCommit=0,matchIndex=-1
2022-11-08 19:12:09,061 [grpc-default-executor-0] INFO  leader.FollowerInfo (FollowerInfoImpl.java:lambda$new$0(48)) - s1@group-EA982605F2E5->s2: nextIndex: updateUnconditionally 5 -> 0
2022-11-08 19:12:09,061 [s2-server-thread2] DEBUG server.RaftServer$Division (RaftServerImpl.java:logAppendEntries(1421)) - s2@group-EA982605F2E5: receive appendEntries(s1, 2, null, 4, true, commits:[s1:c4, s0:c4, s2:c0], cId:1117, entries: [(t:2, i:0), CONFIGURATIONENTRY(current:id: "s0"
address: "localhost:34297"
dataStreamAddress: "localhost:43983"
clientAddress: "localhost:39609"
adminAddress: "localhost:37077"
startupRole: FOLLOWER
,id: "s1"
address: "localhost:38917"
dataStreamAddress: "localhost:45719"
clientAddress: "localhost:36975"
adminAddress: "localhost:40635"
startupRole: FOLLOWER
,id: "s2"
address: "localhost:35511"
dataStreamAddress: "localhost:38827"
clientAddress: "localhost:42865"
adminAddress: "localhost:36791"
startupRole: FOLLOWER
, old:), (t:2, i:1), STATEMACHINELOGENTRY, 0@client-2EFB324ADA71, (t:2, i:2), METADATAENTRY(c:1), (t:2, i:3), STATEMACHINELOGENTRY, 999@client-AE8279CAF820, (t:2, i:4), METADATAENTRY(c:3)]
2022-11-08 19:12:09,061 [s2-server-thread2] INFO  server.RaftServer$Division (RaftServerImpl.java:checkInconsistentAppendEntries(1592)) - s2@group-EA982605F2E5: Failed appendEntries as the first entry (index 0) already exists (snapshotIndex: -1, commitIndex: 0)
2022-11-08 19:12:09,061 [s2-server-thread2] INFO  server.RaftServer$Division (RaftServerImpl.java:checkInconsistentAppendEntries(1572)) - s2@group-EA982605F2E5: inconsistency entries. Reply:s1<-s2#1117:FAIL-t2,INCONSISTENCY,nextIndex=1,followerCommit=0,matchIndex=-1
2022-11-08 19:12:09,062 [grpc-default-executor-0] INFO  leader.FollowerInfo (FollowerInfoImpl.java:lambda$new$0(48)) - s1@group-EA982605F2E5->s2: nextIndex: updateUnconditionally 5 -> 1
2022-11-08 19:12:09,063 [s2-server-thread2] DEBUG server.RaftServer$Division (RaftServerImpl.java:logAppendEntries(1421)) - s2@group-EA982605F2E5: receive appendEntries(s1, 2, (t:2, i:0), 4, true, commits:[s1:c4, s0:c4, s2:c0], cId:1118, entries: [(t:2, i:1), STATEMACHINELOGENTRY, 0@client-2EFB324ADA71, (t:2, i:2), METADATAENTRY(c:1), (t:2, i:3), STATEMACHINELOGENTRY, 999@client-AE8279CAF820, (t:2, i:4), METADATAENTRY(c:3)]
2022-11-08 19:12:09,063 [s2-server-thread2] INFO  server.RaftServer$Division (RaftServerImpl.java:checkInconsistentAppendEntries(1602)) - s2@group-EA982605F2E5: Failed appendEntries as previous log entry ((t:2, i:0)) is not found
2022-11-08 19:12:09,063 [s2-server-thread2] INFO  server.RaftServer$Division (RaftServerImpl.java:checkInconsistentAppendEntries(1572)) - s2@group-EA982605F2E5: inconsistency entries. Reply:s1<-s2#1118:FAIL-t2,INCONSISTENCY,nextIndex=0,followerCommit=0,matchIndex=-1
2022-11-08 19:12:09,064 [grpc-default-executor-0] INFO  leader.FollowerInfo (FollowerInfoImpl.java:lambda$new$0(48)) - s1@group-EA982605F2E5->s2: nextIndex: updateUnconditionally 5 -> 0
2022-11-08 19:12:09,064 [s2-server-thread2] DEBUG server.RaftServer$Division (RaftServerImpl.java:logAppendEntries(1421)) - s2@group-EA982605F2E5: receive appendEntries(s1, 2, null, 4, true, commits:[s1:c4, s0:c4, s2:c0], cId:1119, entries: [(t:2, i:0), CONFIGURATIONENTRY(current:id: "s0"
address: "localhost:34297"
dataStreamAddress: "localhost:43983"
clientAddress: "localhost:39609"
adminAddress: "localhost:37077"
startupRole: FOLLOWER
,id: "s1"
address: "localhost:38917"
dataStreamAddress: "localhost:45719"
clientAddress: "localhost:36975"
adminAddress: "localhost:40635"
startupRole: FOLLOWER
,id: "s2"
address: "localhost:35511"
dataStreamAddress: "localhost:38827"
clientAddress: "localhost:42865"
adminAddress: "localhost:36791"
startupRole: FOLLOWER
, old:), (t:2, i:1), STATEMACHINELOGENTRY, 0@client-2EFB324ADA71, (t:2, i:2), METADATAENTRY(c:1), (t:2, i:3), STATEMACHINELOGENTRY, 999@client-AE8279CAF820, (t:2, i:4), METADATAENTRY(c:3)]
2022-11-08 19:12:09,064 [s2-server-thread2] INFO  server.RaftServer$Division (RaftServerImpl.java:checkInconsistentAppendEntries(1592)) - s2@group-EA982605F2E5: Failed appendEntries as the first entry (index 0) already exists (snapshotIndex: -1, commitIndex: 0)
2022-11-08 19:12:09,065 [s2-server-thread2] INFO  server.RaftServer$Division (RaftServerImpl.java:checkInconsistentAppendEntries(1572)) - s2@group-EA982605F2E5: inconsistency entries. Reply:s1<-s2#1119:FAIL-t2,INCONSISTENCY,nextIndex=1,followerCommit=0,matchIndex=-1
2022-11-08 19:12:09,065 [grpc-default-executor-0] INFO  leader.FollowerInfo (FollowerInfoImpl.java:lambda$new$0(48)) - s1@group-EA982605F2E5->s2: nextIndex: updateUnconditionally 5 -> 1
2022-11-08 19:12:09,066 [s2-server-thread2] DEBUG server.RaftServer$Division (RaftServerImpl.java:logAppendEntries(1421)) - s2@group-EA982605F2E5: receive appendEntries(s1, 2, (t:2, i:0), 4, true, commits:[s1:c4, s0:c4, s2:c0], cId:1120, entries: [(t:2, i:1), STATEMACHINELOGENTRY, 0@client-2EFB324ADA71, (t:2, i:2), METADATAENTRY(c:1), (t:2, i:3), STATEMACHINELOGENTRY, 999@client-AE8279CAF820, (t:2, i:4), METADATAENTRY(c:3)]
2022-11-08 19:12:09,066 [s2-server-thread2] INFO  server.RaftServer$Division (RaftServerImpl.java:checkInconsistentAppendEntries(1602)) - s2@group-EA982605F2E5: Failed appendEntries as previous log entry ((t:2, i:0)) is not found
2022-11-08 19:12:09,066 [s2-server-thread2] INFO  server.RaftServer$Division (RaftServerImpl.java:checkInconsistentAppendEntries(1572)) - s2@group-EA982605F2E5: inconsistency entries. Reply:s1<-s2#1120:FAIL-t2,INCONSISTENCY,nextIndex=0,followerCommit=0,matchIndex=-1
2022-11-08 19:12:09,066 [grpc-default-executor-0] INFO  leader.FollowerInfo (FollowerInfoImpl.java:lambda$new$0(48)) - s1@group-EA982605F2E5->s2: nextIndex: updateUnconditionally 5 -> 0
2022-11-08 19:12:09,067 [s2-server-thread1] DEBUG server.RaftServer$Division (RaftServerImpl.java:logAppendEntries(1421)) - s2@group-EA982605F2E5: receive appendEntries(s1, 2, null, 4, true, commits:[s1:c4, s0:c4, s2:c0], cId:1121, entries: [(t:2, i:0), CONFIGURATIONENTRY(current:id: "s0"
address: "localhost:34297"
dataStreamAddress: "localhost:43983"
clientAddress: "localhost:39609"
adminAddress: "localhost:37077"
startupRole: FOLLOWER
,id: "s1"
address: "localhost:38917"
dataStreamAddress: "localhost:45719"
clientAddress: "localhost:36975"
adminAddress: "localhost:40635"
startupRole: FOLLOWER
,id: "s2"
address: "localhost:35511"
dataStreamAddress: "localhost:38827"
clientAddress: "localhost:42865"
adminAddress: "localhost:36791"
startupRole: FOLLOWER
, old:), (t:2, i:1), STATEMACHINELOGENTRY, 0@client-2EFB324ADA71, (t:2, i:2), METADATAENTRY(c:1), (t:2, i:3), STATEMACHINELOGENTRY, 999@client-AE8279CAF820, (t:2, i:4), METADATAENTRY(c:3)]
2022-11-08 19:12:09,067 [s2-server-thread1] INFO  server.RaftServer$Division (RaftServerImpl.java:checkInconsistentAppendEntries(1592)) - s2@group-EA982605F2E5: Failed appendEntries as the first entry (index 0) already exists (snapshotIndex: -1, commitIndex: 0)
2022-11-08 19:12:09,067 [s2-server-thread1] INFO  server.RaftServer$Division (RaftServerImpl.java:checkInconsistentAppendEntries(1572)) - s2@group-EA982605F2E5: inconsistency entries. Reply:s1<-s2#1121:FAIL-t2,INCONSISTENCY,nextIndex=1,followerCommit=0,matchIndex=-1
2022-11-08 19:12:09,067 [grpc-default-executor-0] INFO  leader.FollowerInfo (FollowerInfoImpl.java:lambda$new$0(48)) - s1@group-EA982605F2E5->s2: nextIndex: updateUnconditionally 5 -> 1
2022-11-08 19:12:09,068 [s2-server-thread2] DEBUG server.RaftServer$Division (RaftServerImpl.java:logAppendEntries(1421)) - s2@group-EA982605F2E5: receive appendEntries(s1, 2, (t:2, i:0), 4, true, commits:[s1:c4, s0:c4, s2:c0], cId:1122, entries: [(t:2, i:1), STATEMACHINELOGENTRY, 0@client-2EFB324ADA71, (t:2, i:2), METADATAENTRY(c:1), (t:2, i:3), STATEMACHINELOGENTRY, 999@client-AE8279CAF820, (t:2, i:4), METADATAENTRY(c:3)]
2022-11-08 19:12:09,068 [s2-server-thread2] INFO  server.RaftServer$Division (RaftServerImpl.java:checkInconsistentAppendEntries(1602)) - s2@group-EA982605F2E5: Failed appendEntries as previous log entry ((t:2, i:0)) is not found
2022-11-08 19:12:09,068 [s2-server-thread2] INFO  server.RaftServer$Division (RaftServerImpl.java:checkInconsistentAppendEntries(1572)) - s2@group-EA982605F2E5: inconsistency entries. Reply:s1<-s2#1122:FAIL-t2,INCONSISTENCY,nextIndex=0,followerCommit=0,matchIndex=-1
2022-11-08 19:12:09,068 [grpc-default-executor-0] INFO  leader.FollowerInfo (FollowerInfoImpl.java:lambda$new$0(48)) - s1@group-EA982605F2E5->s2: nextIndex: updateUnconditionally 5 -> 0
2022-11-08 19:12:09,069 [s2-server-thread2] DEBUG server.RaftServer$Division (RaftServerImpl.java:logAppendEntries(1421)) - s2@group-EA982605F2E5: receive appendEntries(s1, 2, null, 4, true, commits:[s1:c4, s0:c4, s2:c0], cId:1123, entries: [(t:2, i:0), CONFIGURATIONENTRY(current:id: "s0"
address: "localhost:34297"
dataStreamAddress: "localhost:43983"
clientAddress: "localhost:39609"
adminAddress: "localhost:37077"
startupRole: FOLLOWER
,id: "s1"
address: "localhost:38917"
dataStreamAddress: "localhost:45719"
clientAddress: "localhost:36975"
adminAddress: "localhost:40635"
startupRole: FOLLOWER
,id: "s2"
address: "localhost:35511"
dataStreamAddress: "localhost:38827"
clientAddress: "localhost:42865"
adminAddress: "localhost:36791"
startupRole: FOLLOWER
, old:), (t:2, i:1), STATEMACHINELOGENTRY, 0@client-2EFB324ADA71, (t:2, i:2), METADATAENTRY(c:1), (t:2, i:3), STATEMACHINELOGENTRY, 999@client-AE8279CAF820, (t:2, i:4), METADATAENTRY(c:3)]
2022-11-08 19:12:09,069 [s2-server-thread2] INFO  server.RaftServer$Division (RaftServerImpl.java:checkInconsistentAppendEntries(1592)) - s2@group-EA982605F2E5: Failed appendEntries as the first entry (index 0) already exists (snapshotIndex: -1, commitIndex: 0)
2022-11-08 19:12:09,069 [s2-server-thread2] INFO  server.RaftServer$Division (RaftServerImpl.java:checkInconsistentAppendEntries(1572)) - s2@group-EA982605F2E5: inconsistency entries. Reply:s1<-s2#1123:FAIL-t2,INCONSISTENCY,nextIndex=1,followerCommit=0,matchIndex=-1
2022-11-08 19:12:09,070 [grpc-default-executor-0] INFO  leader.FollowerInfo (FollowerInfoImpl.java:lambda$new$0(48)) - s1@group-EA982605F2E5->s2: nextIndex: updateUnconditionally 5 -> 1
2022-11-08 19:12:09,070 [s2-server-thread2] DEBUG server.RaftServer$Division (RaftServerImpl.java:logAppendEntries(1421)) - s2@group-EA982605F2E5: receive appendEntries(s1, 2, (t:2, i:0), 4, true, commits:[s1:c4, s0:c4, s2:c0], cId:1124, entries: [(t:2, i:1), STATEMACHINELOGENTRY, 0@client-2EFB324ADA71, (t:2, i:2), METADATAENTRY(c:1), (t:2, i:3), STATEMACHINELOGENTRY, 999@client-AE8279CAF820, (t:2, i:4), METADATAENTRY(c:3)]
2022-11-08 19:12:09,070 [s2-server-thread2] INFO  server.RaftServer$Division (RaftServerImpl.java:checkInconsistentAppendEntries(1602)) - s2@group-EA982605F2E5: Failed appendEntries as previous log entry ((t:2, i:0)) is not found
2022-11-08 19:12:09,071 [s2-server-thread2] INFO  server.RaftServer$Division (RaftServerImpl.java:checkInconsistentAppendEntries(1572)) - s2@group-EA982605F2E5: inconsistency entries. Reply:s1<-s2#1124:FAIL-t2,INCONSISTENCY,nextIndex=0,followerCommit=0,matchIndex=-1
2022-11-08 19:12:09,071 [grpc-default-executor-0] INFO  leader.FollowerInfo (FollowerInfoImpl.java:lambda$new$0(48)) - s1@group-EA982605F2E5->s2: nextIndex: updateUnconditionally 5 -> 0
2022-11-08 19:12:09,072 [s2-server-thread2] DEBUG server.RaftServer$Division (RaftServerImpl.java:logAppendEntries(1421)) - s2@group-EA982605F2E5: receive appendEntries(s1, 2, null, 4, true, commits:[s1:c4, s0:c4, s2:c0], cId:1125, entries: [(t:2, i:0), CONFIGURATIONENTRY(current:id: "s0"
address: "localhost:34297"
dataStreamAddress: "localhost:43983"
clientAddress: "localhost:39609"
adminAddress: "localhost:37077"
startupRole: FOLLOWER
,id: "s1"
address: "localhost:38917"
dataStreamAddress: "localhost:45719"
clientAddress: "localhost:36975"
adminAddress: "localhost:40635"
startupRole: FOLLOWER
,id: "s2"
address: "localhost:35511"
dataStreamAddress: "localhost:38827"
clientAddress: "localhost:42865"
adminAddress: "localhost:36791"
startupRole: FOLLOWER
, old:), (t:2, i:1), STATEMACHINELOGENTRY, 0@client-2EFB324ADA71, (t:2, i:2), METADATAENTRY(c:1), (t:2, i:3), STATEMACHINELOGENTRY, 999@client-AE8279CAF820, (t:2, i:4), METADATAENTRY(c:3)]
2022-11-08 19:12:09,072 [s2-server-thread2] INFO  server.RaftServer$Division (RaftServerImpl.java:checkInconsistentAppendEntries(1592)) - s2@group-EA982605F2E5: Failed appendEntries as the first entry (index 0) already exists (snapshotIndex: -1, commitIndex: 0)
2022-11-08 19:12:09,072 [s2-server-thread2] INFO  server.RaftServer$Division (RaftServerImpl.java:checkInconsistentAppendEntries(1572)) - s2@group-EA982605F2E5: inconsistency entries. Reply:s1<-s2#1125:FAIL-t2,INCONSISTENCY,nextIndex=1,followerCommit=0,matchIndex=-1
2022-11-08 19:12:09,072 [grpc-default-executor-0] INFO  leader.FollowerInfo (FollowerInfoImpl.java:lambda$new$0(48)) - s1@group-EA982605F2E5->s2: nextIndex: updateUnconditionally 5 -> 1
2022-11-08 19:12:09,073 [s2-server-thread2] DEBUG server.RaftServer$Division (RaftServerImpl.java:logAppendEntries(1421)) - s2@group-EA982605F2E5: receive appendEntries(s1, 2, (t:2, i:0), 4, true, commits:[s1:c4, s0:c4, s2:c0], cId:1126, entries: [(t:2, i:1), STATEMACHINELOGENTRY, 0@client-2EFB324ADA71, (t:2, i:2), METADATAENTRY(c:1), (t:2, i:3), STATEMACHINELOGENTRY, 999@client-AE8279CAF820, (t:2, i:4), METADATAENTRY(c:3)]
2022-11-08 19:12:09,073 [s2-server-thread2] INFO  server.RaftServer$Division (RaftServerImpl.java:checkInconsistentAppendEntries(1602)) - s2@group-EA982605F2E5: Failed appendEntries as previous log entry ((t:2, i:0)) is not found
2022-11-08 19:12:09,073 [s2-server-thread2] INFO  server.RaftServer$Division (RaftServerImpl.java:checkInconsistentAppendEntries(1572)) - s2@group-EA982605F2E5: inconsistency entries. Reply:s1<-s2#1126:FAIL-t2,INCONSISTENCY,nextIndex=0,followerCommit=0,matchIndex=-1
2022-11-08 19:12:09,073 [grpc-default-executor-0] INFO  leader.FollowerInfo (FollowerInfoImpl.java:lambda$new$0(48)) - s1@group-EA982605F2E5->s2: nextIndex: updateUnconditionally 5 -> 0
2022-11-08 19:12:09,074 [s2-server-thread2] DEBUG server.RaftServer$Division (RaftServerImpl.java:logAppendEntries(1421)) - s2@group-EA982605F2E5: receive appendEntries(s1, 2, null, 4, true, commits:[s1:c4, s0:c4, s2:c0], cId:1127, entries: [(t:2, i:0), CONFIGURATIONENTRY(current:id: "s0"
address: "localhost:34297"
dataStreamAddress: "localhost:43983"
clientAddress: "localhost:39609"
adminAddress: "localhost:37077"
startupRole: FOLLOWER
,id: "s1"
address: "localhost:38917"
dataStreamAddress: "localhost:45719"
clientAddress: "localhost:36975"
adminAddress: "localhost:40635"
startupRole: FOLLOWER
,id: "s2"
address: "localhost:35511"
dataStreamAddress: "localhost:38827"
clientAddress: "localhost:42865"
adminAddress: "localhost:36791"
startupRole: FOLLOWER
, old:), (t:2, i:1), STATEMACHINELOGENTRY, 0@client-2EFB324ADA71, (t:2, i:2), METADATAENTRY(c:1), (t:2, i:3), STATEMACHINELOGENTRY, 999@client-AE8279CAF820, (t:2, i:4), METADATAENTRY(c:3)]
2022-11-08 19:12:09,074 [s2-server-thread2] INFO  server.RaftServer$Division (RaftServerImpl.java:checkInconsistentAppendEntries(1592)) - s2@group-EA982605F2E5: Failed appendEntries as the first entry (index 0) already exists (snapshotIndex: -1, commitIndex: 0)
2022-11-08 19:12:09,074 [s2-server-thread2] INFO  server.RaftServer$Division (RaftServerImpl.java:checkInconsistentAppendEntries(1572)) - s2@group-EA982605F2E5: inconsistency entries. Reply:s1<-s2#1127:FAIL-t2,INCONSISTENCY,nextIndex=1,followerCommit=0,matchIndex=-1
2022-11-08 19:12:09,075 [grpc-default-executor-0] INFO  leader.FollowerInfo (FollowerInfoImpl.java:lambda$new$0(48)) - s1@group-EA982605F2E5->s2: nextIndex: updateUnconditionally 5 -> 1
2022-11-08 19:12:09,075 [s2-server-thread1] DEBUG server.RaftServer$Division (RaftServerImpl.java:logAppendEntries(1421)) - s2@group-EA982605F2E5: receive appendEntries(s1, 2, (t:2, i:0), 4, true, commits:[s1:c4, s0:c4, s2:c0], cId:1128, entries: [(t:2, i:1), STATEMACHINELOGENTRY, 0@client-2EFB324ADA71, (t:2, i:2), METADATAENTRY(c:1), (t:2, i:3), STATEMACHINELOGENTRY, 999@client-AE8279CAF820, (t:2, i:4), METADATAENTRY(c:3)]
2022-11-08 19:12:09,076 [s2-server-thread1] INFO  server.RaftServer$Division (RaftServerImpl.java:checkInconsistentAppendEntries(1602)) - s2@group-EA982605F2E5: Failed appendEntries as previous log entry ((t:2, i:0)) is not found
2022-11-08 19:12:09,076 [s2-server-thread1] INFO  server.RaftServer$Division (RaftServerImpl.java:checkInconsistentAppendEntries(1572)) - s2@group-EA982605F2E5: inconsistency entries. Reply:s1<-s2#1128:FAIL-t2,INCONSISTENCY,nextIndex=0,followerCommit=0,matchIndex=-1
2022-11-08 19:12:09,076 [grpc-default-executor-0] INFO  leader.FollowerInfo (FollowerInfoImpl.java:lambda$new$0(48)) - s1@group-EA982605F2E5->s2: nextIndex: updateUnconditionally 5 -> 0
2022-11-08 19:12:09,077 [s2-server-thread2] DEBUG server.RaftServer$Division (RaftServerImpl.java:logAppendEntries(1421)) - s2@group-EA982605F2E5: receive appendEntries(s1, 2, null, 4, true, commits:[s1:c4, s0:c4, s2:c0], cId:1129, entries: [(t:2, i:0), CONFIGURATIONENTRY(current:id: "s0"
address: "localhost:34297"
dataStreamAddress: "localhost:43983"
clientAddress: "localhost:39609"
adminAddress: "localhost:37077"
startupRole: FOLLOWER
,id: "s1"
address: "localhost:38917"
dataStreamAddress: "localhost:45719"
clientAddress: "localhost:36975"
adminAddress: "localhost:40635"
startupRole: FOLLOWER
,id: "s2"
address: "localhost:35511"
dataStreamAddress: "localhost:38827"
clientAddress: "localhost:42865"
adminAddress: "localhost:36791"
startupRole: FOLLOWER
, old:), (t:2, i:1), STATEMACHINELOGENTRY, 0@client-2EFB324ADA71, (t:2, i:2), METADATAENTRY(c:1), (t:2, i:3), STATEMACHINELOGENTRY, 999@client-AE8279CAF820, (t:2, i:4), METADATAENTRY(c:3)]
2022-11-08 19:12:09,077 [s2-server-thread2] INFO  server.RaftServer$Division (RaftServerImpl.java:checkInconsistentAppendEntries(1592)) - s2@group-EA982605F2E5: Failed appendEntries as the first entry (index 0) already exists (snapshotIndex: -1, commitIndex: 0)
2022-11-08 19:12:09,077 [s2-server-thread2] INFO  server.RaftServer$Division (RaftServerImpl.java:checkInconsistentAppendEntries(1572)) - s2@group-EA982605F2E5: inconsistency entries. Reply:s1<-s2#1129:FAIL-t2,INCONSISTENCY,nextIndex=1,followerCommit=0,matchIndex=-1
2022-11-08 19:12:09,077 [grpc-default-executor-0] INFO  leader.FollowerInfo (FollowerInfoImpl.java:lambda$new$0(48)) - s1@group-EA982605F2E5->s2: nextIndex: updateUnconditionally 5 -> 1
2022-11-08 19:12:09,078 [s2-server-thread2] DEBUG server.RaftServer$Division (RaftServerImpl.java:logAppendEntries(1421)) - s2@group-EA982605F2E5: receive appendEntries(s1, 2, (t:2, i:0), 4, true, commits:[s1:c4, s0:c4, s2:c0], cId:1130, entries: [(t:2, i:1), STATEMACHINELOGENTRY, 0@client-2EFB324ADA71, (t:2, i:2), METADATAENTRY(c:1), (t:2, i:3), STATEMACHINELOGENTRY, 999@client-AE8279CAF820, (t:2, i:4), METADATAENTRY(c:3)]
2022-11-08 19:12:09,080 [s2-server-thread2] INFO  server.RaftServer$Division (RaftServerImpl.java:checkInconsistentAppendEntries(1602)) - s2@group-EA982605F2E5: Failed appendEntries as previous log entry ((t:2, i:0)) is not found
2022-11-08 19:12:09,080 [s2-server-thread2] INFO  server.RaftServer$Division (RaftServerImpl.java:checkInconsistentAppendEntries(1572)) - s2@group-EA982605F2E5: inconsistency entries. Reply:s1<-s2#1130:FAIL-t2,INCONSISTENCY,nextIndex=0,followerCommit=0,matchIndex=-1
2022-11-08 19:12:09,080 [grpc-default-executor-0] INFO  leader.FollowerInfo (FollowerInfoImpl.java:lambda$new$0(48)) - s1@group-EA982605F2E5->s2: nextIndex: updateUnconditionally 5 -> 0
2022-11-08 19:12:09,081 [s2-server-thread2] DEBUG server.RaftServer$Division (RaftServerImpl.java:logAppendEntries(1421)) - s2@group-EA982605F2E5: receive appendEntries(s1, 2, null, 4, true, commits:[s1:c4, s0:c4, s2:c0], cId:1131, entries: [(t:2, i:0), CONFIGURATIONENTRY(current:id: "s0"
address: "localhost:34297"
dataStreamAddress: "localhost:43983"
clientAddress: "localhost:39609"
adminAddress: "localhost:37077"
startupRole: FOLLOWER
,id: "s1"
address: "localhost:38917"
dataStreamAddress: "localhost:45719"
clientAddress: "localhost:36975"
adminAddress: "localhost:40635"
startupRole: FOLLOWER
,id: "s2"
address: "localhost:35511"
dataStreamAddress: "localhost:38827"
clientAddress: "localhost:42865"
adminAddress: "localhost:36791"
startupRole: FOLLOWER
, old:), (t:2, i:1), STATEMACHINELOGENTRY, 0@client-2EFB324ADA71, (t:2, i:2), METADATAENTRY(c:1), (t:2, i:3), STATEMACHINELOGENTRY, 999@client-AE8279CAF820, (t:2, i:4), METADATAENTRY(c:3)]
2022-11-08 19:12:09,081 [s2-server-thread2] INFO  server.RaftServer$Division (RaftServerImpl.java:checkInconsistentAppendEntries(1592)) - s2@group-EA982605F2E5: Failed appendEntries as the first entry (index 0) already exists (snapshotIndex: -1, commitIndex: 0)
2022-11-08 19:12:09,081 [s2-server-thread2] INFO  server.RaftServer$Division (RaftServerImpl.java:checkInconsistentAppendEntries(1572)) - s2@group-EA982605F2E5: inconsistency entries. Reply:s1<-s2#1131:FAIL-t2,INCONSISTENCY,nextIndex=1,followerCommit=0,matchIndex=-1
2022-11-08 19:12:09,081 [grpc-default-executor-0] INFO  leader.FollowerInfo (FollowerInfoImpl.java:lambda$new$0(48)) - s1@group-EA982605F2E5->s2: nextIndex: updateUnconditionally 5 -> 1
2022-11-08 19:12:09,082 [s2-server-thread2] DEBUG server.RaftServer$Division (RaftServerImpl.java:logAppendEntries(1421)) - s2@group-EA982605F2E5: receive appendEntries(s1, 2, (t:2, i:0), 4, true, commits:[s1:c4, s0:c4, s2:c0], cId:1132, entries: [(t:2, i:1), STATEMACHINELOGENTRY, 0@client-2EFB324ADA71, (t:2, i:2), METADATAENTRY(c:1), (t:2, i:3), STATEMACHINELOGENTRY, 999@client-AE8279CAF820, (t:2, i:4), METADATAENTRY(c:3)]
2022-11-08 19:12:09,082 [s2-server-thread2] INFO  server.RaftServer$Division (RaftServerImpl.java:checkInconsistentAppendEntries(1602)) - s2@group-EA982605F2E5: Failed appendEntries as previous log entry ((t:2, i:0)) is not found
2022-11-08 19:12:09,082 [s2-server-thread2] INFO  server.RaftServer$Division (RaftServerImpl.java:checkInconsistentAppendEntries(1572)) - s2@group-EA982605F2E5: inconsistency entries. Reply:s1<-s2#1132:FAIL-t2,INCONSISTENCY,nextIndex=0,followerCommit=0,matchIndex=-1
2022-11-08 19:12:09,083 [grpc-default-executor-0] INFO  leader.FollowerInfo (FollowerInfoImpl.java:lambda$new$0(48)) - s1@group-EA982605F2E5->s2: nextIndex: updateUnconditionally 5 -> 0
2022-11-08 19:12:09,083 [s2-server-thread1] DEBUG server.RaftServer$Division (RaftServerImpl.java:logAppendEntries(1421)) - s2@group-EA982605F2E5: receive appendEntries(s1, 2, null, 4, true, commits:[s1:c4, s0:c4, s2:c0], cId:1133, entries: [(t:2, i:0), CONFIGURATIONENTRY(current:id: "s0"
address: "localhost:34297"
dataStreamAddress: "localhost:43983"
clientAddress: "localhost:39609"
adminAddress: "localhost:37077"
startupRole: FOLLOWER
,id: "s1"
address: "localhost:38917"
dataStreamAddress: "localhost:45719"
clientAddress: "localhost:36975"
adminAddress: "localhost:40635"
startupRole: FOLLOWER
,id: "s2"
address: "localhost:35511"
dataStreamAddress: "localhost:38827"
clientAddress: "localhost:42865"
adminAddress: "localhost:36791"
startupRole: FOLLOWER
, old:), (t:2, i:1), STATEMACHINELOGENTRY, 0@client-2EFB324ADA71, (t:2, i:2), METADATAENTRY(c:1), (t:2, i:3), STATEMACHINELOGENTRY, 999@client-AE8279CAF820, (t:2, i:4), METADATAENTRY(c:3)]
2022-11-08 19:12:09,083 [s2-server-thread1] INFO  server.RaftServer$Division (RaftServerImpl.java:checkInconsistentAppendEntries(1592)) - s2@group-EA982605F2E5: Failed appendEntries as the first entry (index 0) already exists (snapshotIndex: -1, commitIndex: 0)
2022-11-08 19:12:09,083 [s2-server-thread1] INFO  server.RaftServer$Division (RaftServerImpl.java:checkInconsistentAppendEntries(1572)) - s2@group-EA982605F2E5: inconsistency entries. Reply:s1<-s2#1133:FAIL-t2,INCONSISTENCY,nextIndex=1,followerCommit=0,matchIndex=-1
2022-11-08 19:12:09,084 [grpc-default-executor-0] INFO  leader.FollowerInfo (FollowerInfoImpl.java:lambda$new$0(48)) - s1@group-EA982605F2E5->s2: nextIndex: updateUnconditionally 5 -> 1
2022-11-08 19:12:09,084 [s2-server-thread2] DEBUG server.RaftServer$Division (RaftServerImpl.java:logAppendEntries(1421)) - s2@group-EA982605F2E5: receive appendEntries(s1, 2, (t:2, i:0), 4, true, commits:[s1:c4, s0:c4, s2:c0], cId:1134, entries: [(t:2, i:1), STATEMACHINELOGENTRY, 0@client-2EFB324ADA71, (t:2, i:2), METADATAENTRY(c:1), (t:2, i:3), STATEMACHINELOGENTRY, 999@client-AE8279CAF820, (t:2, i:4), METADATAENTRY(c:3)]
2022-11-08 19:12:09,085 [s2-server-thread2] INFO  server.RaftServer$Division (RaftServerImpl.java:checkInconsistentAppendEntries(1602)) - s2@group-EA982605F2E5: Failed appendEntries as previous log entry ((t:2, i:0)) is not found
2022-11-08 19:12:09,085 [s2-server-thread2] INFO  server.RaftServer$Division (RaftServerImpl.java:checkInconsistentAppendEntries(1572)) - s2@group-EA982605F2E5: inconsistency entries. Reply:s1<-s2#1134:FAIL-t2,INCONSISTENCY,nextIndex=0,followerCommit=0,matchIndex=-1
2022-11-08 19:12:09,085 [grpc-default-executor-0] INFO  leader.FollowerInfo (FollowerInfoImpl.java:lambda$new$0(48)) - s1@group-EA982605F2E5->s2: nextIndex: updateUnconditionally 5 -> 0
2022-11-08 19:12:09,090 [s2-server-thread2] DEBUG server.RaftServer$Division (RaftServerImpl.java:logAppendEntries(1421)) - s2@group-EA982605F2E5: receive appendEntries(s1, 2, null, 4, true, commits:[s1:c4, s0:c4, s2:c0], cId:1135, entries: [(t:2, i:0), CONFIGURATIONENTRY(current:id: "s0"
address: "localhost:34297"
dataStreamAddress: "localhost:43983"
clientAddress: "localhost:39609"
adminAddress: "localhost:37077"
startupRole: FOLLOWER
,id: "s1"
address: "localhost:38917"
dataStreamAddress: "localhost:45719"
clientAddress: "localhost:36975"
adminAddress: "localhost:40635"
startupRole: FOLLOWER
,id: "s2"
address: "localhost:35511"
dataStreamAddress: "localhost:38827"
clientAddress: "localhost:42865"
adminAddress: "localhost:36791"
startupRole: FOLLOWER
, old:), (t:2, i:1), STATEMACHINELOGENTRY, 0@client-2EFB324ADA71, (t:2, i:2), METADATAENTRY(c:1), (t:2, i:3), STATEMACHINELOGENTRY, 999@client-AE8279CAF820, (t:2, i:4), METADATAENTRY(c:3)]
2022-11-08 19:12:09,091 [s2-server-thread2] INFO  server.RaftServer$Division (RaftServerImpl.java:checkInconsistentAppendEntries(1592)) - s2@group-EA982605F2E5: Failed appendEntries as the first entry (index 0) already exists (snapshotIndex: -1, commitIndex: 0)
2022-11-08 19:12:09,091 [s2-server-thread2] INFO  server.RaftServer$Division (RaftServerImpl.java:checkInconsistentAppendEntries(1572)) - s2@group-EA982605F2E5: inconsistency entries. Reply:s1<-s2#1135:FAIL-t2,INCONSISTENCY,nextIndex=1,followerCommit=0,matchIndex=-1
2022-11-08 19:12:09,091 [grpc-default-executor-0] INFO  leader.FollowerInfo (FollowerInfoImpl.java:lambda$new$0(48)) - s1@group-EA982605F2E5->s2: nextIndex: updateUnconditionally 5 -> 1
2022-11-08 19:12:09,092 [s2-server-thread2] DEBUG server.RaftServer$Division (RaftServerImpl.java:logAppendEntries(1421)) - s2@group-EA982605F2E5: receive appendEntries(s1, 2, (t:2, i:0), 4, true, commits:[s1:c4, s0:c4, s2:c0], cId:1136, entries: [(t:2, i:1), STATEMACHINELOGENTRY, 0@client-2EFB324ADA71, (t:2, i:2), METADATAENTRY(c:1), (t:2, i:3), STATEMACHINELOGENTRY, 999@client-AE8279CAF820, (t:2, i:4), METADATAENTRY(c:3)]
2022-11-08 19:12:09,092 [s2-server-thread2] INFO  server.RaftServer$Division (RaftServerImpl.java:checkInconsistentAppendEntries(1602)) - s2@group-EA982605F2E5: Failed appendEntries as previous log entry ((t:2, i:0)) is not found
2022-11-08 19:12:09,092 [s2-server-thread2] INFO  server.RaftServer$Division (RaftServerImpl.java:checkInconsistentAppendEntries(1572)) - s2@group-EA982605F2E5: inconsistency entries. Reply:s1<-s2#1136:FAIL-t2,INCONSISTENCY,nextIndex=0,followerCommit=0,matchIndex=-1
2022-11-08 19:12:09,092 [grpc-default-executor-0] INFO  leader.FollowerInfo (FollowerInfoImpl.java:lambda$new$0(48)) - s1@group-EA982605F2E5->s2: nextIndex: updateUnconditionally 5 -> 0
2022-11-08 19:12:09,093 [s2-server-thread2] DEBUG server.RaftServer$Division (RaftServerImpl.java:logAppendEntries(1421)) - s2@group-EA982605F2E5: receive appendEntries(s1, 2, null, 4, true, commits:[s1:c4, s0:c4, s2:c0], cId:1137, entries: [(t:2, i:0), CONFIGURATIONENTRY(current:id: "s0"
address: "localhost:34297"
dataStreamAddress: "localhost:43983"
clientAddress: "localhost:39609"
adminAddress: "localhost:37077"
startupRole: FOLLOWER
,id: "s1"
address: "localhost:38917"
dataStreamAddress: "localhost:45719"
clientAddress: "localhost:36975"
adminAddress: "localhost:40635"
startupRole: FOLLOWER
,id: "s2"
address: "localhost:35511"
dataStreamAddress: "localhost:38827"
clientAddress: "localhost:42865"
adminAddress: "localhost:36791"
startupRole: FOLLOWER
, old:), (t:2, i:1), STATEMACHINELOGENTRY, 0@client-2EFB324ADA71, (t:2, i:2), METADATAENTRY(c:1), (t:2, i:3), STATEMACHINELOGENTRY, 999@client-AE8279CAF820, (t:2, i:4), METADATAENTRY(c:3)]
2022-11-08 19:12:09,093 [s2-server-thread2] INFO  server.RaftServer$Division (RaftServerImpl.java:checkInconsistentAppendEntries(1592)) - s2@group-EA982605F2E5: Failed appendEntries as the first entry (index 0) already exists (snapshotIndex: -1, commitIndex: 0)
2022-11-08 19:12:09,093 [s2-server-thread2] INFO  server.RaftServer$Division (RaftServerImpl.java:checkInconsistentAppendEntries(1572)) - s2@group-EA982605F2E5: inconsistency entries. Reply:s1<-s2#1137:FAIL-t2,INCONSISTENCY,nextIndex=1,followerCommit=0,matchIndex=-1
2022-11-08 19:12:09,093 [grpc-default-executor-0] INFO  leader.FollowerInfo (FollowerInfoImpl.java:lambda$new$0(48)) - s1@group-EA982605F2E5->s2: nextIndex: updateUnconditionally 5 -> 1
2022-11-08 19:12:09,094 [s2-server-thread2] DEBUG server.RaftServer$Division (RaftServerImpl.java:logAppendEntries(1421)) - s2@group-EA982605F2E5: receive appendEntries(s1, 2, (t:2, i:0), 4, true, commits:[s1:c4, s0:c4, s2:c0], cId:1138, entries: [(t:2, i:1), STATEMACHINELOGENTRY, 0@client-2EFB324ADA71, (t:2, i:2), METADATAENTRY(c:1), (t:2, i:3), STATEMACHINELOGENTRY, 999@client-AE8279CAF820, (t:2, i:4), METADATAENTRY(c:3)]
2022-11-08 19:12:09,094 [s2-server-thread2] INFO  server.RaftServer$Division (RaftServerImpl.java:checkInconsistentAppendEntries(1602)) - s2@group-EA982605F2E5: Failed appendEntries as previous log entry ((t:2, i:0)) is not found
2022-11-08 19:12:09,094 [s2-server-thread2] INFO  server.RaftServer$Division (RaftServerImpl.java:checkInconsistentAppendEntries(1572)) - s2@group-EA982605F2E5: inconsistency entries. Reply:s1<-s2#1138:FAIL-t2,INCONSISTENCY,nextIndex=0,followerCommit=0,matchIndex=-1
2022-11-08 19:12:09,095 [grpc-default-executor-0] INFO  leader.FollowerInfo (FollowerInfoImpl.java:lambda$new$0(48)) - s1@group-EA982605F2E5->s2: nextIndex: updateUnconditionally 5 -> 0
2022-11-08 19:12:09,096 [s2-server-thread2] DEBUG server.RaftServer$Division (RaftServerImpl.java:logAppendEntries(1421)) - s2@group-EA982605F2E5: receive appendEntries(s1, 2, null, 4, true, commits:[s1:c4, s0:c4, s2:c0], cId:1139, entries: [(t:2, i:0), CONFIGURATIONENTRY(current:id: "s0"
address: "localhost:34297"
dataStreamAddress: "localhost:43983"
clientAddress: "localhost:39609"
adminAddress: "localhost:37077"
startupRole: FOLLOWER
,id: "s1"
address: "localhost:38917"
dataStreamAddress: "localhost:45719"
clientAddress: "localhost:36975"
adminAddress: "localhost:40635"
startupRole: FOLLOWER
,id: "s2"
address: "localhost:35511"
dataStreamAddress: "localhost:38827"
clientAddress: "localhost:42865"
adminAddress: "localhost:36791"
startupRole: FOLLOWER
, old:), (t:2, i:1), STATEMACHINELOGENTRY, 0@client-2EFB324ADA71, (t:2, i:2), METADATAENTRY(c:1), (t:2, i:3), STATEMACHINELOGENTRY, 999@client-AE8279CAF820, (t:2, i:4), METADATAENTRY(c:3)]
2022-11-08 19:12:09,096 [s2-server-thread2] INFO  server.RaftServer$Division (RaftServerImpl.java:checkInconsistentAppendEntries(1592)) - s2@group-EA982605F2E5: Failed appendEntries as the first entry (index 0) already exists (snapshotIndex: -1, commitIndex: 0)
2022-11-08 19:12:09,096 [s2-server-thread2] INFO  server.RaftServer$Division (RaftServerImpl.java:checkInconsistentAppendEntries(1572)) - s2@group-EA982605F2E5: inconsistency entries. Reply:s1<-s2#1139:FAIL-t2,INCONSISTENCY,nextIndex=1,followerCommit=0,matchIndex=-1
2022-11-08 19:12:09,096 [grpc-default-executor-0] INFO  leader.FollowerInfo (FollowerInfoImpl.java:lambda$new$0(48)) - s1@group-EA982605F2E5->s2: nextIndex: updateUnconditionally 5 -> 1
2022-11-08 19:12:09,097 [s2-server-thread2] DEBUG server.RaftServer$Division (RaftServerImpl.java:logAppendEntries(1421)) - s2@group-EA982605F2E5: receive appendEntries(s1, 2, (t:2, i:0), 4, true, commits:[s1:c4, s0:c4, s2:c0], cId:1140, entries: [(t:2, i:1), STATEMACHINELOGENTRY, 0@client-2EFB324ADA71, (t:2, i:2), METADATAENTRY(c:1), (t:2, i:3), STATEMACHINELOGENTRY, 999@client-AE8279CAF820, (t:2, i:4), METADATAENTRY(c:3)]
2022-11-08 19:12:09,097 [s2-server-thread2] INFO  server.RaftServer$Division (RaftServerImpl.java:checkInconsistentAppendEntries(1602)) - s2@group-EA982605F2E5: Failed appendEntries as previous log entry ((t:2, i:0)) is not found
2022-11-08 19:12:09,097 [s2-server-thread2] INFO  server.RaftServer$Division (RaftServerImpl.java:checkInconsistentAppendEntries(1572)) - s2@group-EA982605F2E5: inconsistency entries. Reply:s1<-s2#1140:FAIL-t2,INCONSISTENCY,nextIndex=0,followerCommit=0,matchIndex=-1
2022-11-08 19:12:09,098 [grpc-default-executor-0] INFO  leader.FollowerInfo (FollowerInfoImpl.java:lambda$new$0(48)) - s1@group-EA982605F2E5->s2: nextIndex: updateUnconditionally 5 -> 0
2022-11-08 19:12:09,098 [s2-server-thread1] DEBUG server.RaftServer$Division (RaftServerImpl.java:logAppendEntries(1421)) - s2@group-EA982605F2E5: receive appendEntries(s1, 2, null, 4, true, commits:[s1:c4, s0:c4, s2:c0], cId:1141, entries: [(t:2, i:0), CONFIGURATIONENTRY(current:id: "s0"
address: "localhost:34297"
dataStreamAddress: "localhost:43983"
clientAddress: "localhost:39609"
adminAddress: "localhost:37077"
startupRole: FOLLOWER
,id: "s1"
address: "localhost:38917"
dataStreamAddress: "localhost:45719"
clientAddress: "localhost:36975"
adminAddress: "localhost:40635"
startupRole: FOLLOWER
,id: "s2"
address: "localhost:35511"
dataStreamAddress: "localhost:38827"
clientAddress: "localhost:42865"
adminAddress: "localhost:36791"
startupRole: FOLLOWER
, old:), (t:2, i:1), STATEMACHINELOGENTRY, 0@client-2EFB324ADA71, (t:2, i:2), METADATAENTRY(c:1), (t:2, i:3), STATEMACHINELOGENTRY, 999@client-AE8279CAF820, (t:2, i:4), METADATAENTRY(c:3)]
2022-11-08 19:12:09,098 [s2-server-thread1] INFO  server.RaftServer$Division (RaftServerImpl.java:checkInconsistentAppendEntries(1592)) - s2@group-EA982605F2E5: Failed appendEntries as the first entry (index 0) already exists (snapshotIndex: -1, commitIndex: 0)
2022-11-08 19:12:09,098 [s2-server-thread1] INFO  server.RaftServer$Division (RaftServerImpl.java:checkInconsistentAppendEntries(1572)) - s2@group-EA982605F2E5: inconsistency entries. Reply:s1<-s2#1141:FAIL-t2,INCONSISTENCY,nextIndex=1,followerCommit=0,matchIndex=-1
2022-11-08 19:12:09,099 [grpc-default-executor-0] INFO  leader.FollowerInfo (FollowerInfoImpl.java:lambda$new$0(48)) - s1@group-EA982605F2E5->s2: nextIndex: updateUnconditionally 5 -> 1
2022-11-08 19:12:09,099 [s2-server-thread2] DEBUG server.RaftServer$Division (RaftServerImpl.java:logAppendEntries(1421)) - s2@group-EA982605F2E5: receive appendEntries(s1, 2, (t:2, i:0), 4, true, commits:[s1:c4, s0:c4, s2:c0], cId:1142, entries: [(t:2, i:1), STATEMACHINELOGENTRY, 0@client-2EFB324ADA71, (t:2, i:2), METADATAENTRY(c:1), (t:2, i:3), STATEMACHINELOGENTRY, 999@client-AE8279CAF820, (t:2, i:4), METADATAENTRY(c:3)]
2022-11-08 19:12:09,100 [s2-server-thread2] INFO  server.RaftServer$Division (RaftServerImpl.java:checkInconsistentAppendEntries(1602)) - s2@group-EA982605F2E5: Failed appendEntries as previous log entry ((t:2, i:0)) is not found
2022-11-08 19:12:09,100 [s2-server-thread2] INFO  server.RaftServer$Division (RaftServerImpl.java:checkInconsistentAppendEntries(1572)) - s2@group-EA982605F2E5: inconsistency entries. Reply:s1<-s2#1142:FAIL-t2,INCONSISTENCY,nextIndex=0,followerCommit=0,matchIndex=-1
2022-11-08 19:12:09,100 [grpc-default-executor-0] INFO  leader.FollowerInfo (FollowerInfoImpl.java:lambda$new$0(48)) - s1@group-EA982605F2E5->s2: nextIndex: updateUnconditionally 5 -> 0
2022-11-08 19:12:09,101 [s2-server-thread1] DEBUG server.RaftServer$Division (RaftServerImpl.java:logAppendEntries(1421)) - s2@group-EA982605F2E5: receive appendEntries(s1, 2, null, 4, true, commits:[s1:c4, s0:c4, s2:c0], cId:1143, entries: [(t:2, i:0), CONFIGURATIONENTRY(current:id: "s0"
address: "localhost:34297"
dataStreamAddress: "localhost:43983"
clientAddress: "localhost:39609"
adminAddress: "localhost:37077"
startupRole: FOLLOWER
,id: "s1"
address: "localhost:38917"
dataStreamAddress: "localhost:45719"
clientAddress: "localhost:36975"
adminAddress: "localhost:40635"
startupRole: FOLLOWER
,id: "s2"
address: "localhost:35511"
dataStreamAddress: "localhost:38827"
clientAddress: "localhost:42865"
adminAddress: "localhost:36791"
startupRole: FOLLOWER
, old:), (t:2, i:1), STATEMACHINELOGENTRY, 0@client-2EFB324ADA71, (t:2, i:2), METADATAENTRY(c:1), (t:2, i:3), STATEMACHINELOGENTRY, 999@client-AE8279CAF820, (t:2, i:4), METADATAENTRY(c:3)]
2022-11-08 19:12:09,101 [s2-server-thread1] INFO  server.RaftServer$Division (RaftServerImpl.java:checkInconsistentAppendEntries(1592)) - s2@group-EA982605F2E5: Failed appendEntries as the first entry (index 0) already exists (snapshotIndex: -1, commitIndex: 0)
2022-11-08 19:12:09,101 [s2-server-thread1] INFO  server.RaftServer$Division (RaftServerImpl.java:checkInconsistentAppendEntries(1572)) - s2@group-EA982605F2E5: inconsistency entries. Reply:s1<-s2#1143:FAIL-t2,INCONSISTENCY,nextIndex=1,followerCommit=0,matchIndex=-1
2022-11-08 19:12:09,101 [grpc-default-executor-0] INFO  leader.FollowerInfo (FollowerInfoImpl.java:lambda$new$0(48)) - s1@group-EA982605F2E5->s2: nextIndex: updateUnconditionally 5 -> 1
2022-11-08 19:12:09,102 [s2-server-thread2] DEBUG server.RaftServer$Division (RaftServerImpl.java:logAppendEntries(1421)) - s2@group-EA982605F2E5: receive appendEntries(s1, 2, (t:2, i:0), 4, true, commits:[s1:c4, s0:c4, s2:c0], cId:1144, entries: [(t:2, i:1), STATEMACHINELOGENTRY, 0@client-2EFB324ADA71, (t:2, i:2), METADATAENTRY(c:1), (t:2, i:3), STATEMACHINELOGENTRY, 999@client-AE8279CAF820, (t:2, i:4), METADATAENTRY(c:3)]
2022-11-08 19:12:09,102 [s2-server-thread2] INFO  server.RaftServer$Division (RaftServerImpl.java:checkInconsistentAppendEntries(1602)) - s2@group-EA982605F2E5: Failed appendEntries as previous log entry ((t:2, i:0)) is not found
2022-11-08 19:12:09,102 [s2-server-thread2] INFO  server.RaftServer$Division (RaftServerImpl.java:checkInconsistentAppendEntries(1572)) - s2@group-EA982605F2E5: inconsistency entries. Reply:s1<-s2#1144:FAIL-t2,INCONSISTENCY,nextIndex=0,followerCommit=0,matchIndex=-1
2022-11-08 19:12:09,103 [grpc-default-executor-0] INFO  leader.FollowerInfo (FollowerInfoImpl.java:lambda$new$0(48)) - s1@group-EA982605F2E5->s2: nextIndex: updateUnconditionally 5 -> 0
2022-11-08 19:12:09,103 [s2-server-thread2] DEBUG server.RaftServer$Division (RaftServerImpl.java:logAppendEntries(1421)) - s2@group-EA982605F2E5: receive appendEntries(s1, 2, null, 4, true, commits:[s1:c4, s0:c4, s2:c0], cId:1145, entries: [(t:2, i:0), CONFIGURATIONENTRY(current:id: "s0"
address: "localhost:34297"
dataStreamAddress: "localhost:43983"
clientAddress: "localhost:39609"
adminAddress: "localhost:37077"
startupRole: FOLLOWER
,id: "s1"
address: "localhost:38917"
dataStreamAddress: "localhost:45719"
clientAddress: "localhost:36975"
adminAddress: "localhost:40635"
startupRole: FOLLOWER
,id: "s2"
address: "localhost:35511"
dataStreamAddress: "localhost:38827"
clientAddress: "localhost:42865"
adminAddress: "localhost:36791"
startupRole: FOLLOWER
, old:), (t:2, i:1), STATEMACHINELOGENTRY, 0@client-2EFB324ADA71, (t:2, i:2), METADATAENTRY(c:1), (t:2, i:3), STATEMACHINELOGENTRY, 999@client-AE8279CAF820, (t:2, i:4), METADATAENTRY(c:3)]
2022-11-08 19:12:09,103 [s2-server-thread2] INFO  server.RaftServer$Division (RaftServerImpl.java:checkInconsistentAppendEntries(1592)) - s2@group-EA982605F2E5: Failed appendEntries as the first entry (index 0) already exists (snapshotIndex: -1, commitIndex: 0)
2022-11-08 19:12:09,103 [s2-server-thread2] INFO  server.RaftServer$Division (RaftServerImpl.java:checkInconsistentAppendEntries(1572)) - s2@group-EA982605F2E5: inconsistency entries. Reply:s1<-s2#1145:FAIL-t2,INCONSISTENCY,nextIndex=1,followerCommit=0,matchIndex=-1
2022-11-08 19:12:09,104 [grpc-default-executor-0] INFO  leader.FollowerInfo (FollowerInfoImpl.java:lambda$new$0(48)) - s1@group-EA982605F2E5->s2: nextIndex: updateUnconditionally 5 -> 1
2022-11-08 19:12:09,104 [s2-server-thread1] DEBUG server.RaftServer$Division (RaftServerImpl.java:logAppendEntries(1421)) - s2@group-EA982605F2E5: receive appendEntries(s1, 2, (t:2, i:0), 4, true, commits:[s1:c4, s0:c4, s2:c0], cId:1146, entries: [(t:2, i:1), STATEMACHINELOGENTRY, 0@client-2EFB324ADA71, (t:2, i:2), METADATAENTRY(c:1), (t:2, i:3), STATEMACHINELOGENTRY, 999@client-AE8279CAF820, (t:2, i:4), METADATAENTRY(c:3)]
2022-11-08 19:12:09,105 [s2-server-thread1] INFO  server.RaftServer$Division (RaftServerImpl.java:checkInconsistentAppendEntries(1602)) - s2@group-EA982605F2E5: Failed appendEntries as previous log entry ((t:2, i:0)) is not found
2022-11-08 19:12:09,105 [s2-server-thread1] INFO  server.RaftServer$Division (RaftServerImpl.java:checkInconsistentAppendEntries(1572)) - s2@group-EA982605F2E5: inconsistency entries. Reply:s1<-s2#1146:FAIL-t2,INCONSISTENCY,nextIndex=0,followerCommit=0,matchIndex=-1
2022-11-08 19:12:09,105 [grpc-default-executor-0] INFO  leader.FollowerInfo (FollowerInfoImpl.java:lambda$new$0(48)) - s1@group-EA982605F2E5->s2: nextIndex: updateUnconditionally 5 -> 0
2022-11-08 19:12:09,106 [s2-server-thread2] DEBUG server.RaftServer$Division (RaftServerImpl.java:logAppendEntries(1421)) - s2@group-EA982605F2E5: receive appendEntries(s1, 2, null, 4, true, commits:[s1:c4, s0:c4, s2:c0], cId:1147, entries: [(t:2, i:0), CONFIGURATIONENTRY(current:id: "s0"
address: "localhost:34297"
dataStreamAddress: "localhost:43983"
clientAddress: "localhost:39609"
adminAddress: "localhost:37077"
startupRole: FOLLOWER
,id: "s1"
address: "localhost:38917"
dataStreamAddress: "localhost:45719"
clientAddress: "localhost:36975"
adminAddress: "localhost:40635"
startupRole: FOLLOWER
,id: "s2"
address: "localhost:35511"
dataStreamAddress: "localhost:38827"
clientAddress: "localhost:42865"
adminAddress: "localhost:36791"
startupRole: FOLLOWER
, old:), (t:2, i:1), STATEMACHINELOGENTRY, 0@client-2EFB324ADA71, (t:2, i:2), METADATAENTRY(c:1), (t:2, i:3), STATEMACHINELOGENTRY, 999@client-AE8279CAF820, (t:2, i:4), METADATAENTRY(c:3)]
2022-11-08 19:12:09,106 [s2-server-thread2] INFO  server.RaftServer$Division (RaftServerImpl.java:checkInconsistentAppendEntries(1592)) - s2@group-EA982605F2E5: Failed appendEntries as the first entry (index 0) already exists (snapshotIndex: -1, commitIndex: 0)
2022-11-08 19:12:09,106 [s2-server-thread2] INFO  server.RaftServer$Division (RaftServerImpl.java:checkInconsistentAppendEntries(1572)) - s2@group-EA982605F2E5: inconsistency entries. Reply:s1<-s2#1147:FAIL-t2,INCONSISTENCY,nextIndex=1,followerCommit=0,matchIndex=-1
2022-11-08 19:12:09,106 [grpc-default-executor-0] INFO  leader.FollowerInfo (FollowerInfoImpl.java:lambda$new$0(48)) - s1@group-EA982605F2E5->s2: nextIndex: updateUnconditionally 5 -> 1
2022-11-08 19:12:09,107 [s2-server-thread2] DEBUG server.RaftServer$Division (RaftServerImpl.java:logAppendEntries(1421)) - s2@group-EA982605F2E5: receive appendEntries(s1, 2, (t:2, i:0), 4, true, commits:[s1:c4, s0:c4, s2:c0], cId:1148, entries: [(t:2, i:1), STATEMACHINELOGENTRY, 0@client-2EFB324ADA71, (t:2, i:2), METADATAENTRY(c:1), (t:2, i:3), STATEMACHINELOGENTRY, 999@client-AE8279CAF820, (t:2, i:4), METADATAENTRY(c:3)]
2022-11-08 19:12:09,107 [s2-server-thread2] INFO  server.RaftServer$Division (RaftServerImpl.java:checkInconsistentAppendEntries(1602)) - s2@group-EA982605F2E5: Failed appendEntries as previous log entry ((t:2, i:0)) is not found
2022-11-08 19:12:09,107 [s2-server-thread2] INFO  server.RaftServer$Division (RaftServerImpl.java:checkInconsistentAppendEntries(1572)) - s2@group-EA982605F2E5: inconsistency entries. Reply:s1<-s2#1148:FAIL-t2,INCONSISTENCY,nextIndex=0,followerCommit=0,matchIndex=-1
2022-11-08 19:12:09,108 [grpc-default-executor-0] INFO  leader.FollowerInfo (FollowerInfoImpl.java:lambda$new$0(48)) - s1@group-EA982605F2E5->s2: nextIndex: updateUnconditionally 5 -> 0
2022-11-08 19:12:09,109 [s2-server-thread2] DEBUG server.RaftServer$Division (RaftServerImpl.java:logAppendEntries(1421)) - s2@group-EA982605F2E5: receive appendEntries(s1, 2, null, 4, true, commits:[s1:c4, s0:c4, s2:c0], cId:1149, entries: [(t:2, i:0), CONFIGURATIONENTRY(current:id: "s0"
address: "localhost:34297"
dataStreamAddress: "localhost:43983"
clientAddress: "localhost:39609"
adminAddress: "localhost:37077"
startupRole: FOLLOWER
,id: "s1"
address: "localhost:38917"
dataStreamAddress: "localhost:45719"
clientAddress: "localhost:36975"
adminAddress: "localhost:40635"
startupRole: FOLLOWER
,id: "s2"
address: "localhost:35511"
dataStreamAddress: "localhost:38827"
clientAddress: "localhost:42865"
adminAddress: "localhost:36791"
startupRole: FOLLOWER
, old:), (t:2, i:1), STATEMACHINELOGENTRY, 0@client-2EFB324ADA71, (t:2, i:2), METADATAENTRY(c:1), (t:2, i:3), STATEMACHINELOGENTRY, 999@client-AE8279CAF820, (t:2, i:4), METADATAENTRY(c:3)]
2022-11-08 19:12:09,109 [s2-server-thread2] INFO  server.RaftServer$Division (RaftServerImpl.java:checkInconsistentAppendEntries(1592)) - s2@group-EA982605F2E5: Failed appendEntries as the first entry (index 0) already exists (snapshotIndex: -1, commitIndex: 0)
2022-11-08 19:12:09,110 [s2-server-thread2] INFO  server.RaftServer$Division (RaftServerImpl.java:checkInconsistentAppendEntries(1572)) - s2@group-EA982605F2E5: inconsistency entries. Reply:s1<-s2#1149:FAIL-t2,INCONSISTENCY,nextIndex=1,followerCommit=0,matchIndex=-1
2022-11-08 19:12:09,110 [grpc-default-executor-0] INFO  leader.FollowerInfo (FollowerInfoImpl.java:lambda$new$0(48)) - s1@group-EA982605F2E5->s2: nextIndex: updateUnconditionally 5 -> 1
2022-11-08 19:12:09,111 [s2-server-thread1] DEBUG server.RaftServer$Division (RaftServerImpl.java:logAppendEntries(1421)) - s2@group-EA982605F2E5: receive appendEntries(s1, 2, (t:2, i:0), 4, true, commits:[s1:c4, s0:c4, s2:c0], cId:1150, entries: [(t:2, i:1), STATEMACHINELOGENTRY, 0@client-2EFB324ADA71, (t:2, i:2), METADATAENTRY(c:1), (t:2, i:3), STATEMACHINELOGENTRY, 999@client-AE8279CAF820, (t:2, i:4), METADATAENTRY(c:3)]
2022-11-08 19:12:09,111 [s2-server-thread1] INFO  server.RaftServer$Division (RaftServerImpl.java:checkInconsistentAppendEntries(1602)) - s2@group-EA982605F2E5: Failed appendEntries as previous log entry ((t:2, i:0)) is not found
2022-11-08 19:12:09,111 [s2-server-thread1] INFO  server.RaftServer$Division (RaftServerImpl.java:checkInconsistentAppendEntries(1572)) - s2@group-EA982605F2E5: inconsistency entries. Reply:s1<-s2#1150:FAIL-t2,INCONSISTENCY,nextIndex=0,followerCommit=0,matchIndex=-1
2022-11-08 19:12:09,111 [grpc-default-executor-0] INFO  leader.FollowerInfo (FollowerInfoImpl.java:lambda$new$0(48)) - s1@group-EA982605F2E5->s2: nextIndex: updateUnconditionally 5 -> 0
2022-11-08 19:12:09,112 [s2-server-thread1] DEBUG server.RaftServer$Division (RaftServerImpl.java:logAppendEntries(1421)) - s2@group-EA982605F2E5: receive appendEntries(s1, 2, null, 4, true, commits:[s1:c4, s0:c4, s2:c0], cId:1151, entries: [(t:2, i:0), CONFIGURATIONENTRY(current:id: "s0"
address: "localhost:34297"
dataStreamAddress: "localhost:43983"
clientAddress: "localhost:39609"
adminAddress: "localhost:37077"
startupRole: FOLLOWER
,id: "s1"
address: "localhost:38917"
dataStreamAddress: "localhost:45719"
clientAddress: "localhost:36975"
adminAddress: "localhost:40635"
startupRole: FOLLOWER
,id: "s2"
address: "localhost:35511"
dataStreamAddress: "localhost:38827"
clientAddress: "localhost:42865"
adminAddress: "localhost:36791"
startupRole: FOLLOWER
, old:), (t:2, i:1), STATEMACHINELOGENTRY, 0@client-2EFB324ADA71, (t:2, i:2), METADATAENTRY(c:1), (t:2, i:3), STATEMACHINELOGENTRY, 999@client-AE8279CAF820, (t:2, i:4), METADATAENTRY(c:3)]
2022-11-08 19:12:09,112 [s2-server-thread1] INFO  server.RaftServer$Division (RaftServerImpl.java:checkInconsistentAppendEntries(1592)) - s2@group-EA982605F2E5: Failed appendEntries as the first entry (index 0) already exists (snapshotIndex: -1, commitIndex: 0)
2022-11-08 19:12:09,112 [s2-server-thread1] INFO  server.RaftServer$Division (RaftServerImpl.java:checkInconsistentAppendEntries(1572)) - s2@group-EA982605F2E5: inconsistency entries. Reply:s1<-s2#1151:FAIL-t2,INCONSISTENCY,nextIndex=1,followerCommit=0,matchIndex=-1
2022-11-08 19:12:09,113 [grpc-default-executor-0] INFO  leader.FollowerInfo (FollowerInfoImpl.java:lambda$new$0(48)) - s1@group-EA982605F2E5->s2: nextIndex: updateUnconditionally 5 -> 1
2022-11-08 19:12:09,113 [s2-server-thread2] DEBUG server.RaftServer$Division (RaftServerImpl.java:logAppendEntries(1421)) - s2@group-EA982605F2E5: receive appendEntries(s1, 2, (t:2, i:0), 4, true, commits:[s1:c4, s0:c4, s2:c0], cId:1152, entries: [(t:2, i:1), STATEMACHINELOGENTRY, 0@client-2EFB324ADA71, (t:2, i:2), METADATAENTRY(c:1), (t:2, i:3), STATEMACHINELOGENTRY, 999@client-AE8279CAF820, (t:2, i:4), METADATAENTRY(c:3)]
2022-11-08 19:12:09,113 [s2-server-thread2] INFO  server.RaftServer$Division (RaftServerImpl.java:checkInconsistentAppendEntries(1602)) - s2@group-EA982605F2E5: Failed appendEntries as previous log entry ((t:2, i:0)) is not found
2022-11-08 19:12:09,114 [s2-server-thread2] INFO  server.RaftServer$Division (RaftServerImpl.java:checkInconsistentAppendEntries(1572)) - s2@group-EA982605F2E5: inconsistency entries. Reply:s1<-s2#1152:FAIL-t2,INCONSISTENCY,nextIndex=0,followerCommit=0,matchIndex=-1
2022-11-08 19:12:09,114 [grpc-default-executor-0] INFO  leader.FollowerInfo (FollowerInfoImpl.java:lambda$new$0(48)) - s1@group-EA982605F2E5->s2: nextIndex: updateUnconditionally 5 -> 0
2022-11-08 19:12:09,115 [s2-server-thread2] DEBUG server.RaftServer$Division (RaftServerImpl.java:logAppendEntries(1421)) - s2@group-EA982605F2E5: receive appendEntries(s1, 2, null, 4, true, commits:[s1:c4, s0:c4, s2:c0], cId:1153, entries: [(t:2, i:0), CONFIGURATIONENTRY(current:id: "s0"
address: "localhost:34297"
dataStreamAddress: "localhost:43983"
clientAddress: "localhost:39609"
adminAddress: "localhost:37077"
startupRole: FOLLOWER
,id: "s1"
address: "localhost:38917"
dataStreamAddress: "localhost:45719"
clientAddress: "localhost:36975"
adminAddress: "localhost:40635"
startupRole: FOLLOWER
,id: "s2"
address: "localhost:35511"
dataStreamAddress: "localhost:38827"
clientAddress: "localhost:42865"
adminAddress: "localhost:36791"
startupRole: FOLLOWER
, old:), (t:2, i:1), STATEMACHINELOGENTRY, 0@client-2EFB324ADA71, (t:2, i:2), METADATAENTRY(c:1), (t:2, i:3), STATEMACHINELOGENTRY, 999@client-AE8279CAF820, (t:2, i:4), METADATAENTRY(c:3)]
2022-11-08 19:12:09,115 [s2-server-thread2] INFO  server.RaftServer$Division (RaftServerImpl.java:checkInconsistentAppendEntries(1592)) - s2@group-EA982605F2E5: Failed appendEntries as the first entry (index 0) already exists (snapshotIndex: -1, commitIndex: 0)
2022-11-08 19:12:09,115 [s2-server-thread2] INFO  server.RaftServer$Division (RaftServerImpl.java:checkInconsistentAppendEntries(1572)) - s2@group-EA982605F2E5: inconsistency entries. Reply:s1<-s2#1153:FAIL-t2,INCONSISTENCY,nextIndex=1,followerCommit=0,matchIndex=-1
2022-11-08 19:12:09,115 [grpc-default-executor-0] INFO  leader.FollowerInfo (FollowerInfoImpl.java:lambda$new$0(48)) - s1@group-EA982605F2E5->s2: nextIndex: updateUnconditionally 5 -> 1
2022-11-08 19:12:09,116 [s2-server-thread1] DEBUG server.RaftServer$Division (RaftServerImpl.java:logAppendEntries(1421)) - s2@group-EA982605F2E5: receive appendEntries(s1, 2, (t:2, i:0), 4, true, commits:[s1:c4, s0:c4, s2:c0], cId:1154, entries: [(t:2, i:1), STATEMACHINELOGENTRY, 0@client-2EFB324ADA71, (t:2, i:2), METADATAENTRY(c:1), (t:2, i:3), STATEMACHINELOGENTRY, 999@client-AE8279CAF820, (t:2, i:4), METADATAENTRY(c:3)]
2022-11-08 19:12:09,116 [s2-server-thread1] INFO  server.RaftServer$Division (RaftServerImpl.java:checkInconsistentAppendEntries(1602)) - s2@group-EA982605F2E5: Failed appendEntries as previous log entry ((t:2, i:0)) is not found
2022-11-08 19:12:09,116 [s2-server-thread1] INFO  server.RaftServer$Division (RaftServerImpl.java:checkInconsistentAppendEntries(1572)) - s2@group-EA982605F2E5: inconsistency entries. Reply:s1<-s2#1154:FAIL-t2,INCONSISTENCY,nextIndex=0,followerCommit=0,matchIndex=-1
2022-11-08 19:12:09,117 [grpc-default-executor-0] INFO  leader.FollowerInfo (FollowerInfoImpl.java:lambda$new$0(48)) - s1@group-EA982605F2E5->s2: nextIndex: updateUnconditionally 5 -> 0
2022-11-08 19:12:09,117 [s2-server-thread2] DEBUG server.RaftServer$Division (RaftServerImpl.java:logAppendEntries(1421)) - s2@group-EA982605F2E5: receive appendEntries(s1, 2, null, 4, true, commits:[s1:c4, s0:c4, s2:c0], cId:1155, entries: [(t:2, i:0), CONFIGURATIONENTRY(current:id: "s0"
address: "localhost:34297"
dataStreamAddress: "localhost:43983"
clientAddress: "localhost:39609"
adminAddress: "localhost:37077"
startupRole: FOLLOWER
,id: "s1"
address: "localhost:38917"
dataStreamAddress: "localhost:45719"
clientAddress: "localhost:36975"
adminAddress: "localhost:40635"
startupRole: FOLLOWER
,id: "s2"
address: "localhost:35511"
dataStreamAddress: "localhost:38827"
clientAddress: "localhost:42865"
adminAddress: "localhost:36791"
startupRole: FOLLOWER
, old:), (t:2, i:1), STATEMACHINELOGENTRY, 0@client-2EFB324ADA71, (t:2, i:2), METADATAENTRY(c:1), (t:2, i:3), STATEMACHINELOGENTRY, 999@client-AE8279CAF820, (t:2, i:4), METADATAENTRY(c:3)]
2022-11-08 19:12:09,117 [s2-server-thread2] INFO  server.RaftServer$Division (RaftServerImpl.java:checkInconsistentAppendEntries(1592)) - s2@group-EA982605F2E5: Failed appendEntries as the first entry (index 0) already exists (snapshotIndex: -1, commitIndex: 0)
2022-11-08 19:12:09,118 [s2-server-thread2] INFO  server.RaftServer$Division (RaftServerImpl.java:checkInconsistentAppendEntries(1572)) - s2@group-EA982605F2E5: inconsistency entries. Reply:s1<-s2#1155:FAIL-t2,INCONSISTENCY,nextIndex=1,followerCommit=0,matchIndex=-1
2022-11-08 19:12:09,118 [grpc-default-executor-0] INFO  leader.FollowerInfo (FollowerInfoImpl.java:lambda$new$0(48)) - s1@group-EA982605F2E5->s2: nextIndex: updateUnconditionally 5 -> 1
2022-11-08 19:12:09,118 [s2-server-thread2] DEBUG server.RaftServer$Division (RaftServerImpl.java:logAppendEntries(1421)) - s2@group-EA982605F2E5: receive appendEntries(s1, 2, (t:2, i:0), 4, true, commits:[s1:c4, s0:c4, s2:c0], cId:1156, entries: [(t:2, i:1), STATEMACHINELOGENTRY, 0@client-2EFB324ADA71, (t:2, i:2), METADATAENTRY(c:1), (t:2, i:3), STATEMACHINELOGENTRY, 999@client-AE8279CAF820, (t:2, i:4), METADATAENTRY(c:3)]
2022-11-08 19:12:09,119 [s2-server-thread2] INFO  server.RaftServer$Division (RaftServerImpl.java:checkInconsistentAppendEntries(1602)) - s2@group-EA982605F2E5: Failed appendEntries as previous log entry ((t:2, i:0)) is not found
2022-11-08 19:12:09,119 [s2-server-thread2] INFO  server.RaftServer$Division (RaftServerImpl.java:checkInconsistentAppendEntries(1572)) - s2@group-EA982605F2E5: inconsistency entries. Reply:s1<-s2#1156:FAIL-t2,INCONSISTENCY,nextIndex=0,followerCommit=0,matchIndex=-1
2022-11-08 19:12:09,119 [grpc-default-executor-0] INFO  leader.FollowerInfo (FollowerInfoImpl.java:lambda$new$0(48)) - s1@group-EA982605F2E5->s2: nextIndex: updateUnconditionally 5 -> 0
2022-11-08 19:12:09,120 [s2-server-thread1] DEBUG server.RaftServer$Division (RaftServerImpl.java:logAppendEntries(1421)) - s2@group-EA982605F2E5: receive appendEntries(s1, 2, null, 4, true, commits:[s1:c4, s0:c4, s2:c0], cId:1157, entries: [(t:2, i:0), CONFIGURATIONENTRY(current:id: "s0"
address: "localhost:34297"
dataStreamAddress: "localhost:43983"
clientAddress: "localhost:39609"
adminAddress: "localhost:37077"
startupRole: FOLLOWER
,id: "s1"
address: "localhost:38917"
dataStreamAddress: "localhost:45719"
clientAddress: "localhost:36975"
adminAddress: "localhost:40635"
startupRole: FOLLOWER
,id: "s2"
address: "localhost:35511"
dataStreamAddress: "localhost:38827"
clientAddress: "localhost:42865"
adminAddress: "localhost:36791"
startupRole: FOLLOWER
, old:), (t:2, i:1), STATEMACHINELOGENTRY, 0@client-2EFB324ADA71, (t:2, i:2), METADATAENTRY(c:1), (t:2, i:3), STATEMACHINELOGENTRY, 999@client-AE8279CAF820, (t:2, i:4), METADATAENTRY(c:3)]
2022-11-08 19:12:09,120 [s2-server-thread1] INFO  server.RaftServer$Division (RaftServerImpl.java:checkInconsistentAppendEntries(1592)) - s2@group-EA982605F2E5: Failed appendEntries as the first entry (index 0) already exists (snapshotIndex: -1, commitIndex: 0)
2022-11-08 19:12:09,120 [s2-server-thread1] INFO  server.RaftServer$Division (RaftServerImpl.java:checkInconsistentAppendEntries(1572)) - s2@group-EA982605F2E5: inconsistency entries. Reply:s1<-s2#1157:FAIL-t2,INCONSISTENCY,nextIndex=1,followerCommit=0,matchIndex=-1
2022-11-08 19:12:09,120 [grpc-default-executor-0] INFO  leader.FollowerInfo (FollowerInfoImpl.java:lambda$new$0(48)) - s1@group-EA982605F2E5->s2: nextIndex: updateUnconditionally 5 -> 1
2022-11-08 19:12:09,121 [s2-server-thread2] DEBUG server.RaftServer$Division (RaftServerImpl.java:logAppendEntries(1421)) - s2@group-EA982605F2E5: receive appendEntries(s1, 2, (t:2, i:0), 4, true, commits:[s1:c4, s0:c4, s2:c0], cId:1158, entries: [(t:2, i:1), STATEMACHINELOGENTRY, 0@client-2EFB324ADA71, (t:2, i:2), METADATAENTRY(c:1), (t:2, i:3), STATEMACHINELOGENTRY, 999@client-AE8279CAF820, (t:2, i:4), METADATAENTRY(c:3)]
2022-11-08 19:12:09,121 [s2-server-thread2] INFO  server.RaftServer$Division (RaftServerImpl.java:checkInconsistentAppendEntries(1602)) - s2@group-EA982605F2E5: Failed appendEntries as previous log entry ((t:2, i:0)) is not found
2022-11-08 19:12:09,121 [s2-server-thread2] INFO  server.RaftServer$Division (RaftServerImpl.java:checkInconsistentAppendEntries(1572)) - s2@group-EA982605F2E5: inconsistency entries. Reply:s1<-s2#1158:FAIL-t2,INCONSISTENCY,nextIndex=0,followerCommit=0,matchIndex=-1
2022-11-08 19:12:09,121 [grpc-default-executor-0] INFO  leader.FollowerInfo (FollowerInfoImpl.java:lambda$new$0(48)) - s1@group-EA982605F2E5->s2: nextIndex: updateUnconditionally 5 -> 0
2022-11-08 19:12:09,122 [s2-server-thread2] DEBUG server.RaftServer$Division (RaftServerImpl.java:logAppendEntries(1421)) - s2@group-EA982605F2E5: receive appendEntries(s1, 2, null, 4, true, commits:[s1:c4, s0:c4, s2:c0], cId:1159, entries: [(t:2, i:0), CONFIGURATIONENTRY(current:id: "s0"
address: "localhost:34297"
dataStreamAddress: "localhost:43983"
clientAddress: "localhost:39609"
adminAddress: "localhost:37077"
startupRole: FOLLOWER
,id: "s1"
address: "localhost:38917"
dataStreamAddress: "localhost:45719"
clientAddress: "localhost:36975"
adminAddress: "localhost:40635"
startupRole: FOLLOWER
,id: "s2"
address: "localhost:35511"
dataStreamAddress: "localhost:38827"
clientAddress: "localhost:42865"
adminAddress: "localhost:36791"
startupRole: FOLLOWER
, old:), (t:2, i:1), STATEMACHINELOGENTRY, 0@client-2EFB324ADA71, (t:2, i:2), METADATAENTRY(c:1), (t:2, i:3), STATEMACHINELOGENTRY, 999@client-AE8279CAF820, (t:2, i:4), METADATAENTRY(c:3)]
2022-11-08 19:12:09,122 [s2-server-thread2] INFO  server.RaftServer$Division (RaftServerImpl.java:checkInconsistentAppendEntries(1592)) - s2@group-EA982605F2E5: Failed appendEntries as the first entry (index 0) already exists (snapshotIndex: -1, commitIndex: 0)
2022-11-08 19:12:09,122 [s2-server-thread2] INFO  server.RaftServer$Division (RaftServerImpl.java:checkInconsistentAppendEntries(1572)) - s2@group-EA982605F2E5: inconsistency entries. Reply:s1<-s2#1159:FAIL-t2,INCONSISTENCY,nextIndex=1,followerCommit=0,matchIndex=-1
2022-11-08 19:12:09,123 [grpc-default-executor-0] INFO  leader.FollowerInfo (FollowerInfoImpl.java:lambda$new$0(48)) - s1@group-EA982605F2E5->s2: nextIndex: updateUnconditionally 5 -> 1
2022-11-08 19:12:09,123 [s2-server-thread2] DEBUG server.RaftServer$Division (RaftServerImpl.java:logAppendEntries(1421)) - s2@group-EA982605F2E5: receive appendEntries(s1, 2, (t:2, i:0), 4, true, commits:[s1:c4, s0:c4, s2:c0], cId:1160, entries: [(t:2, i:1), STATEMACHINELOGENTRY, 0@client-2EFB324ADA71, (t:2, i:2), METADATAENTRY(c:1), (t:2, i:3), STATEMACHINELOGENTRY, 999@client-AE8279CAF820, (t:2, i:4), METADATAENTRY(c:3)]
2022-11-08 19:12:09,124 [s2-server-thread2] INFO  server.RaftServer$Division (RaftServerImpl.java:checkInconsistentAppendEntries(1602)) - s2@group-EA982605F2E5: Failed appendEntries as previous log entry ((t:2, i:0)) is not found
2022-11-08 19:12:09,124 [s2-server-thread2] INFO  server.RaftServer$Division (RaftServerImpl.java:checkInconsistentAppendEntries(1572)) - s2@group-EA982605F2E5: inconsistency entries. Reply:s1<-s2#1160:FAIL-t2,INCONSISTENCY,nextIndex=0,followerCommit=0,matchIndex=-1
2022-11-08 19:12:09,124 [grpc-default-executor-0] INFO  leader.FollowerInfo (FollowerInfoImpl.java:lambda$new$0(48)) - s1@group-EA982605F2E5->s2: nextIndex: updateUnconditionally 5 -> 0
2022-11-08 19:12:09,125 [s2-server-thread2] DEBUG server.RaftServer$Division (RaftServerImpl.java:logAppendEntries(1421)) - s2@group-EA982605F2E5: receive appendEntries(s1, 2, null, 4, true, commits:[s1:c4, s0:c4, s2:c0], cId:1161, entries: [(t:2, i:0), CONFIGURATIONENTRY(current:id: "s0"
address: "localhost:34297"
dataStreamAddress: "localhost:43983"
clientAddress: "localhost:39609"
adminAddress: "localhost:37077"
startupRole: FOLLOWER
,id: "s1"
address: "localhost:38917"
dataStreamAddress: "localhost:45719"
clientAddress: "localhost:36975"
adminAddress: "localhost:40635"
startupRole: FOLLOWER
,id: "s2"
address: "localhost:35511"
dataStreamAddress: "localhost:38827"
clientAddress: "localhost:42865"
adminAddress: "localhost:36791"
startupRole: FOLLOWER
, old:), (t:2, i:1), STATEMACHINELOGENTRY, 0@client-2EFB324ADA71, (t:2, i:2), METADATAENTRY(c:1), (t:2, i:3), STATEMACHINELOGENTRY, 999@client-AE8279CAF820, (t:2, i:4), METADATAENTRY(c:3)]
2022-11-08 19:12:09,125 [s2-server-thread2] INFO  server.RaftServer$Division (RaftServerImpl.java:checkInconsistentAppendEntries(1592)) - s2@group-EA982605F2E5: Failed appendEntries as the first entry (index 0) already exists (snapshotIndex: -1, commitIndex: 0)
2022-11-08 19:12:09,125 [s2-server-thread2] INFO  server.RaftServer$Division (RaftServerImpl.java:checkInconsistentAppendEntries(1572)) - s2@group-EA982605F2E5: inconsistency entries. Reply:s1<-s2#1161:FAIL-t2,INCONSISTENCY,nextIndex=1,followerCommit=0,matchIndex=-1
2022-11-08 19:12:09,126 [grpc-default-executor-3] INFO  leader.FollowerInfo (FollowerInfoImpl.java:lambda$new$0(48)) - s1@group-EA982605F2E5->s2: nextIndex: updateUnconditionally 5 -> 1
2022-11-08 19:12:09,126 [s2-server-thread2] DEBUG server.RaftServer$Division (RaftServerImpl.java:logAppendEntries(1421)) - s2@group-EA982605F2E5: receive appendEntries(s1, 2, (t:2, i:0), 4, true, commits:[s1:c4, s0:c4, s2:c0], cId:1162, entries: [(t:2, i:1), STATEMACHINELOGENTRY, 0@client-2EFB324ADA71, (t:2, i:2), METADATAENTRY(c:1), (t:2, i:3), STATEMACHINELOGENTRY, 999@client-AE8279CAF820, (t:2, i:4), METADATAENTRY(c:3)]
2022-11-08 19:12:09,127 [s2-server-thread2] INFO  server.RaftServer$Division (RaftServerImpl.java:checkInconsistentAppendEntries(1602)) - s2@group-EA982605F2E5: Failed appendEntries as previous log entry ((t:2, i:0)) is not found
2022-11-08 19:12:09,127 [s2-server-thread2] INFO  server.RaftServer$Division (RaftServerImpl.java:checkInconsistentAppendEntries(1572)) - s2@group-EA982605F2E5: inconsistency entries. Reply:s1<-s2#1162:FAIL-t2,INCONSISTENCY,nextIndex=0,followerCommit=0,matchIndex=-1
2022-11-08 19:12:09,127 [grpc-default-executor-3] INFO  leader.FollowerInfo (FollowerInfoImpl.java:lambda$new$0(48)) - s1@group-EA982605F2E5->s2: nextIndex: updateUnconditionally 5 -> 0
2022-11-08 19:12:09,128 [s2-server-thread2] DEBUG server.RaftServer$Division (RaftServerImpl.java:logAppendEntries(1421)) - s2@group-EA982605F2E5: receive appendEntries(s1, 2, null, 4, true, commits:[s1:c4, s0:c4, s2:c0], cId:1163, entries: [(t:2, i:0), CONFIGURATIONENTRY(current:id: "s0"
address: "localhost:34297"
dataStreamAddress: "localhost:43983"
clientAddress: "localhost:39609"
adminAddress: "localhost:37077"
startupRole: FOLLOWER
,id: "s1"
address: "localhost:38917"
dataStreamAddress: "localhost:45719"
clientAddress: "localhost:36975"
adminAddress: "localhost:40635"
startupRole: FOLLOWER
,id: "s2"
address: "localhost:35511"
dataStreamAddress: "localhost:38827"
clientAddress: "localhost:42865"
adminAddress: "localhost:36791"
startupRole: FOLLOWER
, old:), (t:2, i:1), STATEMACHINELOGENTRY, 0@client-2EFB324ADA71, (t:2, i:2), METADATAENTRY(c:1), (t:2, i:3), STATEMACHINELOGENTRY, 999@client-AE8279CAF820, (t:2, i:4), METADATAENTRY(c:3)]
2022-11-08 19:12:09,128 [s2-server-thread2] INFO  server.RaftServer$Division (RaftServerImpl.java:checkInconsistentAppendEntries(1592)) - s2@group-EA982605F2E5: Failed appendEntries as the first entry (index 0) already exists (snapshotIndex: -1, commitIndex: 0)
2022-11-08 19:12:09,128 [s2-server-thread2] INFO  server.RaftServer$Division (RaftServerImpl.java:checkInconsistentAppendEntries(1572)) - s2@group-EA982605F2E5: inconsistency entries. Reply:s1<-s2#1163:FAIL-t2,INCONSISTENCY,nextIndex=1,followerCommit=0,matchIndex=-1
2022-11-08 19:12:09,128 [grpc-default-executor-3] INFO  leader.FollowerInfo (FollowerInfoImpl.java:lambda$new$0(48)) - s1@group-EA982605F2E5->s2: nextIndex: updateUnconditionally 5 -> 1
2022-11-08 19:12:09,129 [s2-server-thread2] DEBUG server.RaftServer$Division (RaftServerImpl.java:logAppendEntries(1421)) - s2@group-EA982605F2E5: receive appendEntries(s1, 2, (t:2, i:0), 4, true, commits:[s1:c4, s0:c4, s2:c0], cId:1164, entries: [(t:2, i:1), STATEMACHINELOGENTRY, 0@client-2EFB324ADA71, (t:2, i:2), METADATAENTRY(c:1), (t:2, i:3), STATEMACHINELOGENTRY, 999@client-AE8279CAF820, (t:2, i:4), METADATAENTRY(c:3)]
2022-11-08 19:12:09,129 [s2-server-thread2] INFO  server.RaftServer$Division (RaftServerImpl.java:checkInconsistentAppendEntries(1602)) - s2@group-EA982605F2E5: Failed appendEntries as previous log entry ((t:2, i:0)) is not found
2022-11-08 19:12:09,129 [s2-server-thread2] INFO  server.RaftServer$Division (RaftServerImpl.java:checkInconsistentAppendEntries(1572)) - s2@group-EA982605F2E5: inconsistency entries. Reply:s1<-s2#1164:FAIL-t2,INCONSISTENCY,nextIndex=0,followerCommit=0,matchIndex=-1
2022-11-08 19:12:09,130 [grpc-default-executor-3] INFO  leader.FollowerInfo (FollowerInfoImpl.java:lambda$new$0(48)) - s1@group-EA982605F2E5->s2: nextIndex: updateUnconditionally 5 -> 0
2022-11-08 19:12:09,130 [s2-server-thread2] DEBUG server.RaftServer$Division (RaftServerImpl.java:logAppendEntries(1421)) - s2@group-EA982605F2E5: receive appendEntries(s1, 2, null, 4, true, commits:[s1:c4, s0:c4, s2:c0], cId:1165, entries: [(t:2, i:0), CONFIGURATIONENTRY(current:id: "s0"
address: "localhost:34297"
dataStreamAddress: "localhost:43983"
clientAddress: "localhost:39609"
adminAddress: "localhost:37077"
startupRole: FOLLOWER
,id: "s1"
address: "localhost:38917"
dataStreamAddress: "localhost:45719"
clientAddress: "localhost:36975"
adminAddress: "localhost:40635"
startupRole: FOLLOWER
,id: "s2"
address: "localhost:35511"
dataStreamAddress: "localhost:38827"
clientAddress: "localhost:42865"
adminAddress: "localhost:36791"
startupRole: FOLLOWER
, old:), (t:2, i:1), STATEMACHINELOGENTRY, 0@client-2EFB324ADA71, (t:2, i:2), METADATAENTRY(c:1), (t:2, i:3), STATEMACHINELOGENTRY, 999@client-AE8279CAF820, (t:2, i:4), METADATAENTRY(c:3)]
2022-11-08 19:12:09,130 [s2-server-thread2] INFO  server.RaftServer$Division (RaftServerImpl.java:checkInconsistentAppendEntries(1592)) - s2@group-EA982605F2E5: Failed appendEntries as the first entry (index 0) already exists (snapshotIndex: -1, commitIndex: 0)
2022-11-08 19:12:09,131 [s2-server-thread2] INFO  server.RaftServer$Division (RaftServerImpl.java:checkInconsistentAppendEntries(1572)) - s2@group-EA982605F2E5: inconsistency entries. Reply:s1<-s2#1165:FAIL-t2,INCONSISTENCY,nextIndex=1,followerCommit=0,matchIndex=-1
2022-11-08 19:12:09,131 [grpc-default-executor-3] INFO  leader.FollowerInfo (FollowerInfoImpl.java:lambda$new$0(48)) - s1@group-EA982605F2E5->s2: nextIndex: updateUnconditionally 5 -> 1
2022-11-08 19:12:09,132 [s2-server-thread2] DEBUG server.RaftServer$Division (RaftServerImpl.java:logAppendEntries(1421)) - s2@group-EA982605F2E5: receive appendEntries(s1, 2, (t:2, i:0), 4, true, commits:[s1:c4, s0:c4, s2:c0], cId:1166, entries: [(t:2, i:1), STATEMACHINELOGENTRY, 0@client-2EFB324ADA71, (t:2, i:2), METADATAENTRY(c:1), (t:2, i:3), STATEMACHINELOGENTRY, 999@client-AE8279CAF820, (t:2, i:4), METADATAENTRY(c:3)]
2022-11-08 19:12:09,132 [s2-server-thread2] INFO  server.RaftServer$Division (RaftServerImpl.java:checkInconsistentAppendEntries(1602)) - s2@group-EA982605F2E5: Failed appendEntries as previous log entry ((t:2, i:0)) is not found
2022-11-08 19:12:09,132 [s2-server-thread2] INFO  server.RaftServer$Division (RaftServerImpl.java:checkInconsistentAppendEntries(1572)) - s2@group-EA982605F2E5: inconsistency entries. Reply:s1<-s2#1166:FAIL-t2,INCONSISTENCY,nextIndex=0,followerCommit=0,matchIndex=-1
2022-11-08 19:12:09,133 [grpc-default-executor-3] INFO  leader.FollowerInfo (FollowerInfoImpl.java:lambda$new$0(48)) - s1@group-EA982605F2E5->s2: nextIndex: updateUnconditionally 5 -> 0
2022-11-08 19:12:09,133 [s2-server-thread2] DEBUG server.RaftServer$Division (RaftServerImpl.java:logAppendEntries(1421)) - s2@group-EA982605F2E5: receive appendEntries(s1, 2, null, 4, true, commits:[s1:c4, s0:c4, s2:c0], cId:1167, entries: [(t:2, i:0), CONFIGURATIONENTRY(current:id: "s0"
address: "localhost:34297"
dataStreamAddress: "localhost:43983"
clientAddress: "localhost:39609"
adminAddress: "localhost:37077"
startupRole: FOLLOWER
,id: "s1"
address: "localhost:38917"
dataStreamAddress: "localhost:45719"
clientAddress: "localhost:36975"
adminAddress: "localhost:40635"
startupRole: FOLLOWER
,id: "s2"
address: "localhost:35511"
dataStreamAddress: "localhost:38827"
clientAddress: "localhost:42865"
adminAddress: "localhost:36791"
startupRole: FOLLOWER
, old:), (t:2, i:1), STATEMACHINELOGENTRY, 0@client-2EFB324ADA71, (t:2, i:2), METADATAENTRY(c:1), (t:2, i:3), STATEMACHINELOGENTRY, 999@client-AE8279CAF820, (t:2, i:4), METADATAENTRY(c:3)]
2022-11-08 19:12:09,133 [s2-server-thread2] INFO  server.RaftServer$Division (RaftServerImpl.java:checkInconsistentAppendEntries(1592)) - s2@group-EA982605F2E5: Failed appendEntries as the first entry (index 0) already exists (snapshotIndex: -1, commitIndex: 0)
2022-11-08 19:12:09,133 [s2-server-thread2] INFO  server.RaftServer$Division (RaftServerImpl.java:checkInconsistentAppendEntries(1572)) - s2@group-EA982605F2E5: inconsistency entries. Reply:s1<-s2#1167:FAIL-t2,INCONSISTENCY,nextIndex=1,followerCommit=0,matchIndex=-1
2022-11-08 19:12:09,134 [grpc-default-executor-3] INFO  leader.FollowerInfo (FollowerInfoImpl.java:lambda$new$0(48)) - s1@group-EA982605F2E5->s2: nextIndex: updateUnconditionally 5 -> 1
2022-11-08 19:12:09,134 [s2-server-thread2] DEBUG server.RaftServer$Division (RaftServerImpl.java:logAppendEntries(1421)) - s2@group-EA982605F2E5: receive appendEntries(s1, 2, (t:2, i:0), 4, true, commits:[s1:c4, s0:c4, s2:c0], cId:1168, entries: [(t:2, i:1), STATEMACHINELOGENTRY, 0@client-2EFB324ADA71, (t:2, i:2), METADATAENTRY(c:1), (t:2, i:3), STATEMACHINELOGENTRY, 999@client-AE8279CAF820, (t:2, i:4), METADATAENTRY(c:3)]
2022-11-08 19:12:09,135 [s2-server-thread2] INFO  server.RaftServer$Division (RaftServerImpl.java:checkInconsistentAppendEntries(1602)) - s2@group-EA982605F2E5: Failed appendEntries as previous log entry ((t:2, i:0)) is not found
2022-11-08 19:12:09,135 [s2-server-thread2] INFO  server.RaftServer$Division (RaftServerImpl.java:checkInconsistentAppendEntries(1572)) - s2@group-EA982605F2E5: inconsistency entries. Reply:s1<-s2#1168:FAIL-t2,INCONSISTENCY,nextIndex=0,followerCommit=0,matchIndex=-1
2022-11-08 19:12:09,135 [grpc-default-executor-3] INFO  leader.FollowerInfo (FollowerInfoImpl.java:lambda$new$0(48)) - s1@group-EA982605F2E5->s2: nextIndex: updateUnconditionally 5 -> 0
2022-11-08 19:12:09,136 [s2-server-thread2] DEBUG server.RaftServer$Division (RaftServerImpl.java:logAppendEntries(1421)) - s2@group-EA982605F2E5: receive appendEntries(s1, 2, null, 4, true, commits:[s1:c4, s0:c4, s2:c0], cId:1169, entries: [(t:2, i:0), CONFIGURATIONENTRY(current:id: "s0"
address: "localhost:34297"
dataStreamAddress: "localhost:43983"
clientAddress: "localhost:39609"
adminAddress: "localhost:37077"
startupRole: FOLLOWER
,id: "s1"
address: "localhost:38917"
dataStreamAddress: "localhost:45719"
clientAddress: "localhost:36975"
adminAddress: "localhost:40635"
startupRole: FOLLOWER
,id: "s2"
address: "localhost:35511"
dataStreamAddress: "localhost:38827"
clientAddress: "localhost:42865"
adminAddress: "localhost:36791"
startupRole: FOLLOWER
, old:), (t:2, i:1), STATEMACHINELOGENTRY, 0@client-2EFB324ADA71, (t:2, i:2), METADATAENTRY(c:1), (t:2, i:3), STATEMACHINELOGENTRY, 999@client-AE8279CAF820, (t:2, i:4), METADATAENTRY(c:3)]
2022-11-08 19:12:09,136 [s2-server-thread2] INFO  server.RaftServer$Division (RaftServerImpl.java:checkInconsistentAppendEntries(1592)) - s2@group-EA982605F2E5: Failed appendEntries as the first entry (index 0) already exists (snapshotIndex: -1, commitIndex: 0)
2022-11-08 19:12:09,136 [s2-server-thread2] INFO  server.RaftServer$Division (RaftServerImpl.java:checkInconsistentAppendEntries(1572)) - s2@group-EA982605F2E5: inconsistency entries. Reply:s1<-s2#1169:FAIL-t2,INCONSISTENCY,nextIndex=1,followerCommit=0,matchIndex=-1
2022-11-08 19:12:09,137 [grpc-default-executor-3] INFO  leader.FollowerInfo (FollowerInfoImpl.java:lambda$new$0(48)) - s1@group-EA982605F2E5->s2: nextIndex: updateUnconditionally 5 -> 1
2022-11-08 19:12:09,137 [s2-server-thread2] DEBUG server.RaftServer$Division (RaftServerImpl.java:logAppendEntries(1421)) - s2@group-EA982605F2E5: receive appendEntries(s1, 2, (t:2, i:0), 4, true, commits:[s1:c4, s0:c4, s2:c0], cId:1170, entries: [(t:2, i:1), STATEMACHINELOGENTRY, 0@client-2EFB324ADA71, (t:2, i:2), METADATAENTRY(c:1), (t:2, i:3), STATEMACHINELOGENTRY, 999@client-AE8279CAF820, (t:2, i:4), METADATAENTRY(c:3)]
2022-11-08 19:12:09,138 [s2-server-thread2] INFO  server.RaftServer$Division (RaftServerImpl.java:checkInconsistentAppendEntries(1602)) - s2@group-EA982605F2E5: Failed appendEntries as previous log entry ((t:2, i:0)) is not found
2022-11-08 19:12:09,138 [s2-server-thread2] INFO  server.RaftServer$Division (RaftServerImpl.java:checkInconsistentAppendEntries(1572)) - s2@group-EA982605F2E5: inconsistency entries. Reply:s1<-s2#1170:FAIL-t2,INCONSISTENCY,nextIndex=0,followerCommit=0,matchIndex=-1
2022-11-08 19:12:09,138 [grpc-default-executor-3] INFO  leader.FollowerInfo (FollowerInfoImpl.java:lambda$new$0(48)) - s1@group-EA982605F2E5->s2: nextIndex: updateUnconditionally 5 -> 0
2022-11-08 19:12:09,139 [s2-server-thread2] DEBUG server.RaftServer$Division (RaftServerImpl.java:logAppendEntries(1421)) - s2@group-EA982605F2E5: receive appendEntries(s1, 2, null, 4, true, commits:[s1:c4, s0:c4, s2:c0], cId:1171, entries: [(t:2, i:0), CONFIGURATIONENTRY(current:id: "s0"
address: "localhost:34297"
dataStreamAddress: "localhost:43983"
clientAddress: "localhost:39609"
adminAddress: "localhost:37077"
startupRole: FOLLOWER
,id: "s1"
address: "localhost:38917"
dataStreamAddress: "localhost:45719"
clientAddress: "localhost:36975"
adminAddress: "localhost:40635"
startupRole: FOLLOWER
,id: "s2"
address: "localhost:35511"
dataStreamAddress: "localhost:38827"
clientAddress: "localhost:42865"
adminAddress: "localhost:36791"
startupRole: FOLLOWER
, old:), (t:2, i:1), STATEMACHINELOGENTRY, 0@client-2EFB324ADA71, (t:2, i:2), METADATAENTRY(c:1), (t:2, i:3), STATEMACHINELOGENTRY, 999@client-AE8279CAF820, (t:2, i:4), METADATAENTRY(c:3)]
2022-11-08 19:12:09,139 [s2-server-thread2] INFO  server.RaftServer$Division (RaftServerImpl.java:checkInconsistentAppendEntries(1592)) - s2@group-EA982605F2E5: Failed appendEntries as the first entry (index 0) already exists (snapshotIndex: -1, commitIndex: 0)
2022-11-08 19:12:09,139 [s2-server-thread2] INFO  server.RaftServer$Division (RaftServerImpl.java:checkInconsistentAppendEntries(1572)) - s2@group-EA982605F2E5: inconsistency entries. Reply:s1<-s2#1171:FAIL-t2,INCONSISTENCY,nextIndex=1,followerCommit=0,matchIndex=-1
2022-11-08 19:12:09,140 [grpc-default-executor-3] INFO  leader.FollowerInfo (FollowerInfoImpl.java:lambda$new$0(48)) - s1@group-EA982605F2E5->s2: nextIndex: updateUnconditionally 5 -> 1
2022-11-08 19:12:09,140 [s2-server-thread1] DEBUG server.RaftServer$Division (RaftServerImpl.java:logAppendEntries(1421)) - s2@group-EA982605F2E5: receive appendEntries(s1, 2, (t:2, i:0), 4, true, commits:[s1:c4, s0:c4, s2:c0], cId:1172, entries: [(t:2, i:1), STATEMACHINELOGENTRY, 0@client-2EFB324ADA71, (t:2, i:2), METADATAENTRY(c:1), (t:2, i:3), STATEMACHINELOGENTRY, 999@client-AE8279CAF820, (t:2, i:4), METADATAENTRY(c:3)]
2022-11-08 19:12:09,140 [s2-server-thread1] INFO  server.RaftServer$Division (RaftServerImpl.java:checkInconsistentAppendEntries(1602)) - s2@group-EA982605F2E5: Failed appendEntries as previous log entry ((t:2, i:0)) is not found
2022-11-08 19:12:09,140 [s2-server-thread1] INFO  server.RaftServer$Division (RaftServerImpl.java:checkInconsistentAppendEntries(1572)) - s2@group-EA982605F2E5: inconsistency entries. Reply:s1<-s2#1172:FAIL-t2,INCONSISTENCY,nextIndex=0,followerCommit=0,matchIndex=-1
2022-11-08 19:12:09,141 [grpc-default-executor-3] INFO  leader.FollowerInfo (FollowerInfoImpl.java:lambda$new$0(48)) - s1@group-EA982605F2E5->s2: nextIndex: updateUnconditionally 5 -> 0
2022-11-08 19:12:09,141 [s2-server-thread1] DEBUG server.RaftServer$Division (RaftServerImpl.java:logAppendEntries(1421)) - s2@group-EA982605F2E5: receive appendEntries(s1, 2, null, 4, true, commits:[s1:c4, s0:c4, s2:c0], cId:1173, entries: [(t:2, i:0), CONFIGURATIONENTRY(current:id: "s0"
address: "localhost:34297"
dataStreamAddress: "localhost:43983"
clientAddress: "localhost:39609"
adminAddress: "localhost:37077"
startupRole: FOLLOWER
,id: "s1"
address: "localhost:38917"
dataStreamAddress: "localhost:45719"
clientAddress: "localhost:36975"
adminAddress: "localhost:40635"
startupRole: FOLLOWER
,id: "s2"
address: "localhost:35511"
dataStreamAddress: "localhost:38827"
clientAddress: "localhost:42865"
adminAddress: "localhost:36791"
startupRole: FOLLOWER
, old:), (t:2, i:1), STATEMACHINELOGENTRY, 0@client-2EFB324ADA71, (t:2, i:2), METADATAENTRY(c:1), (t:2, i:3), STATEMACHINELOGENTRY, 999@client-AE8279CAF820, (t:2, i:4), METADATAENTRY(c:3)]
2022-11-08 19:12:09,141 [s2-server-thread1] INFO  server.RaftServer$Division (RaftServerImpl.java:checkInconsistentAppendEntries(1592)) - s2@group-EA982605F2E5: Failed appendEntries as the first entry (index 0) already exists (snapshotIndex: -1, commitIndex: 0)
2022-11-08 19:12:09,141 [s2-server-thread1] INFO  server.RaftServer$Division (RaftServerImpl.java:checkInconsistentAppendEntries(1572)) - s2@group-EA982605F2E5: inconsistency entries. Reply:s1<-s2#1173:FAIL-t2,INCONSISTENCY,nextIndex=1,followerCommit=0,matchIndex=-1
2022-11-08 19:12:09,142 [grpc-default-executor-3] INFO  leader.FollowerInfo (FollowerInfoImpl.java:lambda$new$0(48)) - s1@group-EA982605F2E5->s2: nextIndex: updateUnconditionally 5 -> 1
2022-11-08 19:12:09,143 [s2-server-thread1] DEBUG server.RaftServer$Division (RaftServerImpl.java:logAppendEntries(1421)) - s2@group-EA982605F2E5: receive appendEntries(s1, 2, (t:2, i:0), 4, true, commits:[s1:c4, s0:c4, s2:c0], cId:1174, entries: [(t:2, i:1), STATEMACHINELOGENTRY, 0@client-2EFB324ADA71, (t:2, i:2), METADATAENTRY(c:1), (t:2, i:3), STATEMACHINELOGENTRY, 999@client-AE8279CAF820, (t:2, i:4), METADATAENTRY(c:3)]
2022-11-08 19:12:09,143 [s2-server-thread1] INFO  server.RaftServer$Division (RaftServerImpl.java:checkInconsistentAppendEntries(1602)) - s2@group-EA982605F2E5: Failed appendEntries as previous log entry ((t:2, i:0)) is not found
2022-11-08 19:12:09,143 [s2-server-thread1] INFO  server.RaftServer$Division (RaftServerImpl.java:checkInconsistentAppendEntries(1572)) - s2@group-EA982605F2E5: inconsistency entries. Reply:s1<-s2#1174:FAIL-t2,INCONSISTENCY,nextIndex=0,followerCommit=0,matchIndex=-1
2022-11-08 19:12:09,143 [grpc-default-executor-3] INFO  leader.FollowerInfo (FollowerInfoImpl.java:lambda$new$0(48)) - s1@group-EA982605F2E5->s2: nextIndex: updateUnconditionally 5 -> 0
2022-11-08 19:12:09,144 [s2-server-thread2] DEBUG server.RaftServer$Division (RaftServerImpl.java:logAppendEntries(1421)) - s2@group-EA982605F2E5: receive appendEntries(s1, 2, null, 4, true, commits:[s1:c4, s0:c4, s2:c0], cId:1175, entries: [(t:2, i:0), CONFIGURATIONENTRY(current:id: "s0"
address: "localhost:34297"
dataStreamAddress: "localhost:43983"
clientAddress: "localhost:39609"
adminAddress: "localhost:37077"
startupRole: FOLLOWER
,id: "s1"
address: "localhost:38917"
dataStreamAddress: "localhost:45719"
clientAddress: "localhost:36975"
adminAddress: "localhost:40635"
startupRole: FOLLOWER
,id: "s2"
address: "localhost:35511"
dataStreamAddress: "localhost:38827"
clientAddress: "localhost:42865"
adminAddress: "localhost:36791"
startupRole: FOLLOWER
, old:), (t:2, i:1), STATEMACHINELOGENTRY, 0@client-2EFB324ADA71, (t:2, i:2), METADATAENTRY(c:1), (t:2, i:3), STATEMACHINELOGENTRY, 999@client-AE8279CAF820, (t:2, i:4), METADATAENTRY(c:3)]
2022-11-08 19:12:09,144 [s2-server-thread2] INFO  server.RaftServer$Division (RaftServerImpl.java:checkInconsistentAppendEntries(1592)) - s2@group-EA982605F2E5: Failed appendEntries as the first entry (index 0) already exists (snapshotIndex: -1, commitIndex: 0)
2022-11-08 19:12:09,144 [s2-server-thread2] INFO  server.RaftServer$Division (RaftServerImpl.java:checkInconsistentAppendEntries(1572)) - s2@group-EA982605F2E5: inconsistency entries. Reply:s1<-s2#1175:FAIL-t2,INCONSISTENCY,nextIndex=1,followerCommit=0,matchIndex=-1
2022-11-08 19:12:09,145 [grpc-default-executor-3] INFO  leader.FollowerInfo (FollowerInfoImpl.java:lambda$new$0(48)) - s1@group-EA982605F2E5->s2: nextIndex: updateUnconditionally 5 -> 1
2022-11-08 19:12:09,145 [s2-server-thread2] DEBUG server.RaftServer$Division (RaftServerImpl.java:logAppendEntries(1421)) - s2@group-EA982605F2E5: receive appendEntries(s1, 2, (t:2, i:0), 4, true, commits:[s1:c4, s0:c4, s2:c0], cId:1176, entries: [(t:2, i:1), STATEMACHINELOGENTRY, 0@client-2EFB324ADA71, (t:2, i:2), METADATAENTRY(c:1), (t:2, i:3), STATEMACHINELOGENTRY, 999@client-AE8279CAF820, (t:2, i:4), METADATAENTRY(c:3)]
2022-11-08 19:12:09,146 [s2-server-thread2] INFO  server.RaftServer$Division (RaftServerImpl.java:checkInconsistentAppendEntries(1602)) - s2@group-EA982605F2E5: Failed appendEntries as previous log entry ((t:2, i:0)) is not found
2022-11-08 19:12:09,146 [s2-server-thread2] INFO  server.RaftServer$Division (RaftServerImpl.java:checkInconsistentAppendEntries(1572)) - s2@group-EA982605F2E5: inconsistency entries. Reply:s1<-s2#1176:FAIL-t2,INCONSISTENCY,nextIndex=0,followerCommit=0,matchIndex=-1
2022-11-08 19:12:09,146 [grpc-default-executor-3] INFO  leader.FollowerInfo (FollowerInfoImpl.java:lambda$new$0(48)) - s1@group-EA982605F2E5->s2: nextIndex: updateUnconditionally 5 -> 0
2022-11-08 19:12:09,147 [s2-server-thread1] DEBUG server.RaftServer$Division (RaftServerImpl.java:logAppendEntries(1421)) - s2@group-EA982605F2E5: receive appendEntries(s1, 2, null, 4, true, commits:[s1:c4, s0:c4, s2:c0], cId:1177, entries: [(t:2, i:0), CONFIGURATIONENTRY(current:id: "s0"
address: "localhost:34297"
dataStreamAddress: "localhost:43983"
clientAddress: "localhost:39609"
adminAddress: "localhost:37077"
startupRole: FOLLOWER
,id: "s1"
address: "localhost:38917"
dataStreamAddress: "localhost:45719"
clientAddress: "localhost:36975"
adminAddress: "localhost:40635"
startupRole: FOLLOWER
,id: "s2"
address: "localhost:35511"
dataStreamAddress: "localhost:38827"
clientAddress: "localhost:42865"
adminAddress: "localhost:36791"
startupRole: FOLLOWER
, old:), (t:2, i:1), STATEMACHINELOGENTRY, 0@client-2EFB324ADA71, (t:2, i:2), METADATAENTRY(c:1), (t:2, i:3), STATEMACHINELOGENTRY, 999@client-AE8279CAF820, (t:2, i:4), METADATAENTRY(c:3)]
2022-11-08 19:12:09,147 [s2-server-thread1] INFO  server.RaftServer$Division (RaftServerImpl.java:checkInconsistentAppendEntries(1592)) - s2@group-EA982605F2E5: Failed appendEntries as the first entry (index 0) already exists (snapshotIndex: -1, commitIndex: 0)
2022-11-08 19:12:09,147 [s2-server-thread1] INFO  server.RaftServer$Division (RaftServerImpl.java:checkInconsistentAppendEntries(1572)) - s2@group-EA982605F2E5: inconsistency entries. Reply:s1<-s2#1177:FAIL-t2,INCONSISTENCY,nextIndex=1,followerCommit=0,matchIndex=-1
2022-11-08 19:12:09,147 [grpc-default-executor-3] INFO  leader.FollowerInfo (FollowerInfoImpl.java:lambda$new$0(48)) - s1@group-EA982605F2E5->s2: nextIndex: updateUnconditionally 5 -> 1
2022-11-08 19:12:09,148 [s2-server-thread2] DEBUG server.RaftServer$Division (RaftServerImpl.java:logAppendEntries(1421)) - s2@group-EA982605F2E5: receive appendEntries(s1, 2, (t:2, i:0), 4, true, commits:[s1:c4, s0:c4, s2:c0], cId:1178, entries: [(t:2, i:1), STATEMACHINELOGENTRY, 0@client-2EFB324ADA71, (t:2, i:2), METADATAENTRY(c:1), (t:2, i:3), STATEMACHINELOGENTRY, 999@client-AE8279CAF820, (t:2, i:4), METADATAENTRY(c:3)]
2022-11-08 19:12:09,148 [s2-server-thread2] INFO  server.RaftServer$Division (RaftServerImpl.java:checkInconsistentAppendEntries(1602)) - s2@group-EA982605F2E5: Failed appendEntries as previous log entry ((t:2, i:0)) is not found
2022-11-08 19:12:09,148 [s2-server-thread2] INFO  server.RaftServer$Division (RaftServerImpl.java:checkInconsistentAppendEntries(1572)) - s2@group-EA982605F2E5: inconsistency entries. Reply:s1<-s2#1178:FAIL-t2,INCONSISTENCY,nextIndex=0,followerCommit=0,matchIndex=-1
2022-11-08 19:12:09,149 [grpc-default-executor-3] INFO  leader.FollowerInfo (FollowerInfoImpl.java:lambda$new$0(48)) - s1@group-EA982605F2E5->s2: nextIndex: updateUnconditionally 5 -> 0
2022-11-08 19:12:09,150 [s2-server-thread2] DEBUG server.RaftServer$Division (RaftServerImpl.java:logAppendEntries(1421)) - s2@group-EA982605F2E5: receive appendEntries(s1, 2, null, 4, true, commits:[s1:c4, s0:c4, s2:c0], cId:1179, entries: [(t:2, i:0), CONFIGURATIONENTRY(current:id: "s0"
address: "localhost:34297"
dataStreamAddress: "localhost:43983"
clientAddress: "localhost:39609"
adminAddress: "localhost:37077"
startupRole: FOLLOWER
,id: "s1"
address: "localhost:38917"
dataStreamAddress: "localhost:45719"
clientAddress: "localhost:36975"
adminAddress: "localhost:40635"
startupRole: FOLLOWER
,id: "s2"
address: "localhost:35511"
dataStreamAddress: "localhost:38827"
clientAddress: "localhost:42865"
adminAddress: "localhost:36791"
startupRole: FOLLOWER
, old:), (t:2, i:1), STATEMACHINELOGENTRY, 0@client-2EFB324ADA71, (t:2, i:2), METADATAENTRY(c:1), (t:2, i:3), STATEMACHINELOGENTRY, 999@client-AE8279CAF820, (t:2, i:4), METADATAENTRY(c:3)]
2022-11-08 19:12:09,150 [s2-server-thread2] INFO  server.RaftServer$Division (RaftServerImpl.java:checkInconsistentAppendEntries(1592)) - s2@group-EA982605F2E5: Failed appendEntries as the first entry (index 0) already exists (snapshotIndex: -1, commitIndex: 0)
2022-11-08 19:12:09,150 [s2-server-thread2] INFO  server.RaftServer$Division (RaftServerImpl.java:checkInconsistentAppendEntries(1572)) - s2@group-EA982605F2E5: inconsistency entries. Reply:s1<-s2#1179:FAIL-t2,INCONSISTENCY,nextIndex=1,followerCommit=0,matchIndex=-1
2022-11-08 19:12:09,150 [grpc-default-executor-3] INFO  leader.FollowerInfo (FollowerInfoImpl.java:lambda$new$0(48)) - s1@group-EA982605F2E5->s2: nextIndex: updateUnconditionally 5 -> 1
2022-11-08 19:12:09,151 [s2-server-thread2] DEBUG server.RaftServer$Division (RaftServerImpl.java:logAppendEntries(1421)) - s2@group-EA982605F2E5: receive appendEntries(s1, 2, (t:2, i:0), 4, true, commits:[s1:c4, s0:c4, s2:c0], cId:1180, entries: [(t:2, i:1), STATEMACHINELOGENTRY, 0@client-2EFB324ADA71, (t:2, i:2), METADATAENTRY(c:1), (t:2, i:3), STATEMACHINELOGENTRY, 999@client-AE8279CAF820, (t:2, i:4), METADATAENTRY(c:3)]
2022-11-08 19:12:09,151 [s2-server-thread2] INFO  server.RaftServer$Division (RaftServerImpl.java:checkInconsistentAppendEntries(1602)) - s2@group-EA982605F2E5: Failed appendEntries as previous log entry ((t:2, i:0)) is not found
2022-11-08 19:12:09,151 [s2-server-thread2] INFO  server.RaftServer$Division (RaftServerImpl.java:checkInconsistentAppendEntries(1572)) - s2@group-EA982605F2E5: inconsistency entries. Reply:s1<-s2#1180:FAIL-t2,INCONSISTENCY,nextIndex=0,followerCommit=0,matchIndex=-1
2022-11-08 19:12:09,152 [grpc-default-executor-3] INFO  leader.FollowerInfo (FollowerInfoImpl.java:lambda$new$0(48)) - s1@group-EA982605F2E5->s2: nextIndex: updateUnconditionally 5 -> 0
2022-11-08 19:12:09,152 [s2-server-thread1] DEBUG server.RaftServer$Division (RaftServerImpl.java:logAppendEntries(1421)) - s2@group-EA982605F2E5: receive appendEntries(s1, 2, null, 4, true, commits:[s1:c4, s0:c4, s2:c0], cId:1181, entries: [(t:2, i:0), CONFIGURATIONENTRY(current:id: "s0"
address: "localhost:34297"
dataStreamAddress: "localhost:43983"
clientAddress: "localhost:39609"
adminAddress: "localhost:37077"
startupRole: FOLLOWER
,id: "s1"
address: "localhost:38917"
dataStreamAddress: "localhost:45719"
clientAddress: "localhost:36975"
adminAddress: "localhost:40635"
startupRole: FOLLOWER
,id: "s2"
address: "localhost:35511"
dataStreamAddress: "localhost:38827"
clientAddress: "localhost:42865"
adminAddress: "localhost:36791"
startupRole: FOLLOWER
, old:), (t:2, i:1), STATEMACHINELOGENTRY, 0@client-2EFB324ADA71, (t:2, i:2), METADATAENTRY(c:1), (t:2, i:3), STATEMACHINELOGENTRY, 999@client-AE8279CAF820, (t:2, i:4), METADATAENTRY(c:3)]
2022-11-08 19:12:09,152 [s2-server-thread1] INFO  server.RaftServer$Division (RaftServerImpl.java:checkInconsistentAppendEntries(1592)) - s2@group-EA982605F2E5: Failed appendEntries as the first entry (index 0) already exists (snapshotIndex: -1, commitIndex: 0)
2022-11-08 19:12:09,152 [s2-server-thread1] INFO  server.RaftServer$Division (RaftServerImpl.java:checkInconsistentAppendEntries(1572)) - s2@group-EA982605F2E5: inconsistency entries. Reply:s1<-s2#1181:FAIL-t2,INCONSISTENCY,nextIndex=1,followerCommit=0,matchIndex=-1
2022-11-08 19:12:09,153 [grpc-default-executor-3] INFO  leader.FollowerInfo (FollowerInfoImpl.java:lambda$new$0(48)) - s1@group-EA982605F2E5->s2: nextIndex: updateUnconditionally 5 -> 1
2022-11-08 19:12:09,153 [s2-server-thread2] DEBUG server.RaftServer$Division (RaftServerImpl.java:logAppendEntries(1421)) - s2@group-EA982605F2E5: receive appendEntries(s1, 2, (t:2, i:0), 4, true, commits:[s1:c4, s0:c4, s2:c0], cId:1182, entries: [(t:2, i:1), STATEMACHINELOGENTRY, 0@client-2EFB324ADA71, (t:2, i:2), METADATAENTRY(c:1), (t:2, i:3), STATEMACHINELOGENTRY, 999@client-AE8279CAF820, (t:2, i:4), METADATAENTRY(c:3)]
2022-11-08 19:12:09,153 [s2-server-thread2] INFO  server.RaftServer$Division (RaftServerImpl.java:checkInconsistentAppendEntries(1602)) - s2@group-EA982605F2E5: Failed appendEntries as previous log entry ((t:2, i:0)) is not found
2022-11-08 19:12:09,154 [s2-server-thread2] INFO  server.RaftServer$Division (RaftServerImpl.java:checkInconsistentAppendEntries(1572)) - s2@group-EA982605F2E5: inconsistency entries. Reply:s1<-s2#1182:FAIL-t2,INCONSISTENCY,nextIndex=0,followerCommit=0,matchIndex=-1
2022-11-08 19:12:09,154 [grpc-default-executor-3] INFO  leader.FollowerInfo (FollowerInfoImpl.java:lambda$new$0(48)) - s1@group-EA982605F2E5->s2: nextIndex: updateUnconditionally 5 -> 0
2022-11-08 19:12:09,154 [s2-server-thread2] DEBUG server.RaftServer$Division (RaftServerImpl.java:logAppendEntries(1421)) - s2@group-EA982605F2E5: receive appendEntries(s1, 2, null, 4, true, commits:[s1:c4, s0:c4, s2:c0], cId:1183, entries: [(t:2, i:0), CONFIGURATIONENTRY(current:id: "s0"
address: "localhost:34297"
dataStreamAddress: "localhost:43983"
clientAddress: "localhost:39609"
adminAddress: "localhost:37077"
startupRole: FOLLOWER
,id: "s1"
address: "localhost:38917"
dataStreamAddress: "localhost:45719"
clientAddress: "localhost:36975"
adminAddress: "localhost:40635"
startupRole: FOLLOWER
,id: "s2"
address: "localhost:35511"
dataStreamAddress: "localhost:38827"
clientAddress: "localhost:42865"
adminAddress: "localhost:36791"
startupRole: FOLLOWER
, old:), (t:2, i:1), STATEMACHINELOGENTRY, 0@client-2EFB324ADA71, (t:2, i:2), METADATAENTRY(c:1), (t:2, i:3), STATEMACHINELOGENTRY, 999@client-AE8279CAF820, (t:2, i:4), METADATAENTRY(c:3)]
2022-11-08 19:12:09,155 [s2-server-thread2] INFO  server.RaftServer$Division (RaftServerImpl.java:checkInconsistentAppendEntries(1592)) - s2@group-EA982605F2E5: Failed appendEntries as the first entry (index 0) already exists (snapshotIndex: -1, commitIndex: 0)
2022-11-08 19:12:09,155 [s2-server-thread2] INFO  server.RaftServer$Division (RaftServerImpl.java:checkInconsistentAppendEntries(1572)) - s2@group-EA982605F2E5: inconsistency entries. Reply:s1<-s2#1183:FAIL-t2,INCONSISTENCY,nextIndex=1,followerCommit=0,matchIndex=-1
2022-11-08 19:12:09,155 [grpc-default-executor-3] INFO  leader.FollowerInfo (FollowerInfoImpl.java:lambda$new$0(48)) - s1@group-EA982605F2E5->s2: nextIndex: updateUnconditionally 5 -> 1
2022-11-08 19:12:09,156 [s2-server-thread2] DEBUG server.RaftServer$Division (RaftServerImpl.java:logAppendEntries(1421)) - s2@group-EA982605F2E5: receive appendEntries(s1, 2, (t:2, i:0), 4, true, commits:[s1:c4, s0:c4, s2:c0], cId:1184, entries: [(t:2, i:1), STATEMACHINELOGENTRY, 0@client-2EFB324ADA71, (t:2, i:2), METADATAENTRY(c:1), (t:2, i:3), STATEMACHINELOGENTRY, 999@client-AE8279CAF820, (t:2, i:4), METADATAENTRY(c:3)]
2022-11-08 19:12:09,156 [s2-server-thread2] INFO  server.RaftServer$Division (RaftServerImpl.java:checkInconsistentAppendEntries(1602)) - s2@group-EA982605F2E5: Failed appendEntries as previous log entry ((t:2, i:0)) is not found
2022-11-08 19:12:09,156 [s2-server-thread2] INFO  server.RaftServer$Division (RaftServerImpl.java:checkInconsistentAppendEntries(1572)) - s2@group-EA982605F2E5: inconsistency entries. Reply:s1<-s2#1184:FAIL-t2,INCONSISTENCY,nextIndex=0,followerCommit=0,matchIndex=-1
2022-11-08 19:12:09,156 [grpc-default-executor-3] INFO  leader.FollowerInfo (FollowerInfoImpl.java:lambda$new$0(48)) - s1@group-EA982605F2E5->s2: nextIndex: updateUnconditionally 5 -> 0
2022-11-08 19:12:09,157 [s2-server-thread2] DEBUG server.RaftServer$Division (RaftServerImpl.java:logAppendEntries(1421)) - s2@group-EA982605F2E5: receive appendEntries(s1, 2, null, 4, true, commits:[s1:c4, s0:c4, s2:c0], cId:1185, entries: [(t:2, i:0), CONFIGURATIONENTRY(current:id: "s0"
address: "localhost:34297"
dataStreamAddress: "localhost:43983"
clientAddress: "localhost:39609"
adminAddress: "localhost:37077"
startupRole: FOLLOWER
,id: "s1"
address: "localhost:38917"
dataStreamAddress: "localhost:45719"
clientAddress: "localhost:36975"
adminAddress: "localhost:40635"
startupRole: FOLLOWER
,id: "s2"
address: "localhost:35511"
dataStreamAddress: "localhost:38827"
clientAddress: "localhost:42865"
adminAddress: "localhost:36791"
startupRole: FOLLOWER
, old:), (t:2, i:1), STATEMACHINELOGENTRY, 0@client-2EFB324ADA71, (t:2, i:2), METADATAENTRY(c:1), (t:2, i:3), STATEMACHINELOGENTRY, 999@client-AE8279CAF820, (t:2, i:4), METADATAENTRY(c:3)]
2022-11-08 19:12:09,157 [s2-server-thread2] INFO  server.RaftServer$Division (RaftServerImpl.java:checkInconsistentAppendEntries(1592)) - s2@group-EA982605F2E5: Failed appendEntries as the first entry (index 0) already exists (snapshotIndex: -1, commitIndex: 0)
2022-11-08 19:12:09,157 [s2-server-thread2] INFO  server.RaftServer$Division (RaftServerImpl.java:checkInconsistentAppendEntries(1572)) - s2@group-EA982605F2E5: inconsistency entries. Reply:s1<-s2#1185:FAIL-t2,INCONSISTENCY,nextIndex=1,followerCommit=0,matchIndex=-1
2022-11-08 19:12:09,158 [grpc-default-executor-3] INFO  leader.FollowerInfo (FollowerInfoImpl.java:lambda$new$0(48)) - s1@group-EA982605F2E5->s2: nextIndex: updateUnconditionally 5 -> 1
2022-11-08 19:12:09,158 [s2-server-thread1] DEBUG server.RaftServer$Division (RaftServerImpl.java:logAppendEntries(1421)) - s2@group-EA982605F2E5: receive appendEntries(s1, 2, (t:2, i:0), 4, true, commits:[s1:c4, s0:c4, s2:c0], cId:1186, entries: [(t:2, i:1), STATEMACHINELOGENTRY, 0@client-2EFB324ADA71, (t:2, i:2), METADATAENTRY(c:1), (t:2, i:3), STATEMACHINELOGENTRY, 999@client-AE8279CAF820, (t:2, i:4), METADATAENTRY(c:3)]
2022-11-08 19:12:09,158 [s2-server-thread1] INFO  server.RaftServer$Division (RaftServerImpl.java:checkInconsistentAppendEntries(1602)) - s2@group-EA982605F2E5: Failed appendEntries as previous log entry ((t:2, i:0)) is not found
2022-11-08 19:12:09,158 [s2-server-thread1] INFO  server.RaftServer$Division (RaftServerImpl.java:checkInconsistentAppendEntries(1572)) - s2@group-EA982605F2E5: inconsistency entries. Reply:s1<-s2#1186:FAIL-t2,INCONSISTENCY,nextIndex=0,followerCommit=0,matchIndex=-1
2022-11-08 19:12:09,159 [grpc-default-executor-3] INFO  leader.FollowerInfo (FollowerInfoImpl.java:lambda$new$0(48)) - s1@group-EA982605F2E5->s2: nextIndex: updateUnconditionally 5 -> 0
2022-11-08 19:12:09,159 [s2-server-thread2] DEBUG server.RaftServer$Division (RaftServerImpl.java:logAppendEntries(1421)) - s2@group-EA982605F2E5: receive appendEntries(s1, 2, null, 4, true, commits:[s1:c4, s0:c4, s2:c0], cId:1187, entries: [(t:2, i:0), CONFIGURATIONENTRY(current:id: "s0"
address: "localhost:34297"
dataStreamAddress: "localhost:43983"
clientAddress: "localhost:39609"
adminAddress: "localhost:37077"
startupRole: FOLLOWER
,id: "s1"
address: "localhost:38917"
dataStreamAddress: "localhost:45719"
clientAddress: "localhost:36975"
adminAddress: "localhost:40635"
startupRole: FOLLOWER
,id: "s2"
address: "localhost:35511"
dataStreamAddress: "localhost:38827"
clientAddress: "localhost:42865"
adminAddress: "localhost:36791"
startupRole: FOLLOWER
, old:), (t:2, i:1), STATEMACHINELOGENTRY, 0@client-2EFB324ADA71, (t:2, i:2), METADATAENTRY(c:1), (t:2, i:3), STATEMACHINELOGENTRY, 999@client-AE8279CAF820, (t:2, i:4), METADATAENTRY(c:3)]
2022-11-08 19:12:09,159 [s2-server-thread2] INFO  server.RaftServer$Division (RaftServerImpl.java:checkInconsistentAppendEntries(1592)) - s2@group-EA982605F2E5: Failed appendEntries as the first entry (index 0) already exists (snapshotIndex: -1, commitIndex: 0)
2022-11-08 19:12:09,160 [s2-server-thread2] INFO  server.RaftServer$Division (RaftServerImpl.java:checkInconsistentAppendEntries(1572)) - s2@group-EA982605F2E5: inconsistency entries. Reply:s1<-s2#1187:FAIL-t2,INCONSISTENCY,nextIndex=1,followerCommit=0,matchIndex=-1
2022-11-08 19:12:09,160 [grpc-default-executor-3] INFO  leader.FollowerInfo (FollowerInfoImpl.java:lambda$new$0(48)) - s1@group-EA982605F2E5->s2: nextIndex: updateUnconditionally 5 -> 1
2022-11-08 19:12:09,160 [s2-server-thread2] DEBUG server.RaftServer$Division (RaftServerImpl.java:logAppendEntries(1421)) - s2@group-EA982605F2E5: receive appendEntries(s1, 2, (t:2, i:0), 4, true, commits:[s1:c4, s0:c4, s2:c0], cId:1188, entries: [(t:2, i:1), STATEMACHINELOGENTRY, 0@client-2EFB324ADA71, (t:2, i:2), METADATAENTRY(c:1), (t:2, i:3), STATEMACHINELOGENTRY, 999@client-AE8279CAF820, (t:2, i:4), METADATAENTRY(c:3)]
2022-11-08 19:12:09,161 [s2-server-thread2] INFO  server.RaftServer$Division (RaftServerImpl.java:checkInconsistentAppendEntries(1602)) - s2@group-EA982605F2E5: Failed appendEntries as previous log entry ((t:2, i:0)) is not found
2022-11-08 19:12:09,161 [s2-server-thread2] INFO  server.RaftServer$Division (RaftServerImpl.java:checkInconsistentAppendEntries(1572)) - s2@group-EA982605F2E5: inconsistency entries. Reply:s1<-s2#1188:FAIL-t2,INCONSISTENCY,nextIndex=0,followerCommit=0,matchIndex=-1
2022-11-08 19:12:09,161 [grpc-default-executor-3] INFO  leader.FollowerInfo (FollowerInfoImpl.java:lambda$new$0(48)) - s1@group-EA982605F2E5->s2: nextIndex: updateUnconditionally 5 -> 0
2022-11-08 19:12:09,162 [s2-server-thread2] DEBUG server.RaftServer$Division (RaftServerImpl.java:logAppendEntries(1421)) - s2@group-EA982605F2E5: receive appendEntries(s1, 2, null, 4, true, commits:[s1:c4, s0:c4, s2:c0], cId:1189, entries: [(t:2, i:0), CONFIGURATIONENTRY(current:id: "s0"
address: "localhost:34297"
dataStreamAddress: "localhost:43983"
clientAddress: "localhost:39609"
adminAddress: "localhost:37077"
startupRole: FOLLOWER
,id: "s1"
address: "localhost:38917"
dataStreamAddress: "localhost:45719"
clientAddress: "localhost:36975"
adminAddress: "localhost:40635"
startupRole: FOLLOWER
,id: "s2"
address: "localhost:35511"
dataStreamAddress: "localhost:38827"
clientAddress: "localhost:42865"
adminAddress: "localhost:36791"
startupRole: FOLLOWER
, old:), (t:2, i:1), STATEMACHINELOGENTRY, 0@client-2EFB324ADA71, (t:2, i:2), METADATAENTRY(c:1), (t:2, i:3), STATEMACHINELOGENTRY, 999@client-AE8279CAF820, (t:2, i:4), METADATAENTRY(c:3)]
2022-11-08 19:12:09,162 [s2-server-thread2] INFO  server.RaftServer$Division (RaftServerImpl.java:checkInconsistentAppendEntries(1592)) - s2@group-EA982605F2E5: Failed appendEntries as the first entry (index 0) already exists (snapshotIndex: -1, commitIndex: 0)
2022-11-08 19:12:09,162 [s2-server-thread2] INFO  server.RaftServer$Division (RaftServerImpl.java:checkInconsistentAppendEntries(1572)) - s2@group-EA982605F2E5: inconsistency entries. Reply:s1<-s2#1189:FAIL-t2,INCONSISTENCY,nextIndex=1,followerCommit=0,matchIndex=-1
2022-11-08 19:12:09,162 [grpc-default-executor-3] INFO  leader.FollowerInfo (FollowerInfoImpl.java:lambda$new$0(48)) - s1@group-EA982605F2E5->s2: nextIndex: updateUnconditionally 5 -> 1
2022-11-08 19:12:09,163 [s2-server-thread2] DEBUG server.RaftServer$Division (RaftServerImpl.java:logAppendEntries(1421)) - s2@group-EA982605F2E5: receive appendEntries(s1, 2, (t:2, i:0), 4, true, commits:[s1:c4, s0:c4, s2:c0], cId:1190, entries: [(t:2, i:1), STATEMACHINELOGENTRY, 0@client-2EFB324ADA71, (t:2, i:2), METADATAENTRY(c:1), (t:2, i:3), STATEMACHINELOGENTRY, 999@client-AE8279CAF820, (t:2, i:4), METADATAENTRY(c:3)]
2022-11-08 19:12:09,163 [s2-server-thread2] INFO  server.RaftServer$Division (RaftServerImpl.java:checkInconsistentAppendEntries(1602)) - s2@group-EA982605F2E5: Failed appendEntries as previous log entry ((t:2, i:0)) is not found
2022-11-08 19:12:09,163 [s2-server-thread2] INFO  server.RaftServer$Division (RaftServerImpl.java:checkInconsistentAppendEntries(1572)) - s2@group-EA982605F2E5: inconsistency entries. Reply:s1<-s2#1190:FAIL-t2,INCONSISTENCY,nextIndex=0,followerCommit=0,matchIndex=-1
2022-11-08 19:12:09,164 [grpc-default-executor-3] INFO  leader.FollowerInfo (FollowerInfoImpl.java:lambda$new$0(48)) - s1@group-EA982605F2E5->s2: nextIndex: updateUnconditionally 5 -> 0
2022-11-08 19:12:09,165 [s2-server-thread2] DEBUG server.RaftServer$Division (RaftServerImpl.java:logAppendEntries(1421)) - s2@group-EA982605F2E5: receive appendEntries(s1, 2, null, 4, true, commits:[s1:c4, s0:c4, s2:c0], cId:1191, entries: [(t:2, i:0), CONFIGURATIONENTRY(current:id: "s0"
address: "localhost:34297"
dataStreamAddress: "localhost:43983"
clientAddress: "localhost:39609"
adminAddress: "localhost:37077"
startupRole: FOLLOWER
,id: "s1"
address: "localhost:38917"
dataStreamAddress: "localhost:45719"
clientAddress: "localhost:36975"
adminAddress: "localhost:40635"
startupRole: FOLLOWER
,id: "s2"
address: "localhost:35511"
dataStreamAddress: "localhost:38827"
clientAddress: "localhost:42865"
adminAddress: "localhost:36791"
startupRole: FOLLOWER
, old:), (t:2, i:1), STATEMACHINELOGENTRY, 0@client-2EFB324ADA71, (t:2, i:2), METADATAENTRY(c:1), (t:2, i:3), STATEMACHINELOGENTRY, 999@client-AE8279CAF820, (t:2, i:4), METADATAENTRY(c:3)]
2022-11-08 19:12:09,165 [s2-server-thread2] INFO  server.RaftServer$Division (RaftServerImpl.java:checkInconsistentAppendEntries(1592)) - s2@group-EA982605F2E5: Failed appendEntries as the first entry (index 0) already exists (snapshotIndex: -1, commitIndex: 0)
2022-11-08 19:12:09,165 [s2-server-thread2] INFO  server.RaftServer$Division (RaftServerImpl.java:checkInconsistentAppendEntries(1572)) - s2@group-EA982605F2E5: inconsistency entries. Reply:s1<-s2#1191:FAIL-t2,INCONSISTENCY,nextIndex=1,followerCommit=0,matchIndex=-1
2022-11-08 19:12:09,165 [grpc-default-executor-3] INFO  leader.FollowerInfo (FollowerInfoImpl.java:lambda$new$0(48)) - s1@group-EA982605F2E5->s2: nextIndex: updateUnconditionally 5 -> 1
2022-11-08 19:12:09,166 [s2-server-thread1] DEBUG server.RaftServer$Division (RaftServerImpl.java:logAppendEntries(1421)) - s2@group-EA982605F2E5: receive appendEntries(s1, 2, (t:2, i:0), 4, true, commits:[s1:c4, s0:c4, s2:c0], cId:1192, entries: [(t:2, i:1), STATEMACHINELOGENTRY, 0@client-2EFB324ADA71, (t:2, i:2), METADATAENTRY(c:1), (t:2, i:3), STATEMACHINELOGENTRY, 999@client-AE8279CAF820, (t:2, i:4), METADATAENTRY(c:3)]
2022-11-08 19:12:09,166 [s2-server-thread1] INFO  server.RaftServer$Division (RaftServerImpl.java:checkInconsistentAppendEntries(1602)) - s2@group-EA982605F2E5: Failed appendEntries as previous log entry ((t:2, i:0)) is not found
2022-11-08 19:12:09,166 [s2-server-thread1] INFO  server.RaftServer$Division (RaftServerImpl.java:checkInconsistentAppendEntries(1572)) - s2@group-EA982605F2E5: inconsistency entries. Reply:s1<-s2#1192:FAIL-t2,INCONSISTENCY,nextIndex=0,followerCommit=0,matchIndex=-1
2022-11-08 19:12:09,167 [grpc-default-executor-3] INFO  leader.FollowerInfo (FollowerInfoImpl.java:lambda$new$0(48)) - s1@group-EA982605F2E5->s2: nextIndex: updateUnconditionally 5 -> 0
2022-11-08 19:12:09,167 [s2-server-thread2] DEBUG server.RaftServer$Division (RaftServerImpl.java:logAppendEntries(1421)) - s2@group-EA982605F2E5: receive appendEntries(s1, 2, null, 4, true, commits:[s1:c4, s0:c4, s2:c0], cId:1193, entries: [(t:2, i:0), CONFIGURATIONENTRY(current:id: "s0"
address: "localhost:34297"
dataStreamAddress: "localhost:43983"
clientAddress: "localhost:39609"
adminAddress: "localhost:37077"
startupRole: FOLLOWER
,id: "s1"
address: "localhost:38917"
dataStreamAddress: "localhost:45719"
clientAddress: "localhost:36975"
adminAddress: "localhost:40635"
startupRole: FOLLOWER
,id: "s2"
address: "localhost:35511"
dataStreamAddress: "localhost:38827"
clientAddress: "localhost:42865"
adminAddress: "localhost:36791"
startupRole: FOLLOWER
, old:), (t:2, i:1), STATEMACHINELOGENTRY, 0@client-2EFB324ADA71, (t:2, i:2), METADATAENTRY(c:1), (t:2, i:3), STATEMACHINELOGENTRY, 999@client-AE8279CAF820, (t:2, i:4), METADATAENTRY(c:3)]
2022-11-08 19:12:09,167 [s2-server-thread2] INFO  server.RaftServer$Division (RaftServerImpl.java:checkInconsistentAppendEntries(1592)) - s2@group-EA982605F2E5: Failed appendEntries as the first entry (index 0) already exists (snapshotIndex: -1, commitIndex: 0)
2022-11-08 19:12:09,168 [s2-server-thread2] INFO  server.RaftServer$Division (RaftServerImpl.java:checkInconsistentAppendEntries(1572)) - s2@group-EA982605F2E5: inconsistency entries. Reply:s1<-s2#1193:FAIL-t2,INCONSISTENCY,nextIndex=1,followerCommit=0,matchIndex=-1
2022-11-08 19:12:09,168 [grpc-default-executor-3] INFO  leader.FollowerInfo (FollowerInfoImpl.java:lambda$new$0(48)) - s1@group-EA982605F2E5->s2: nextIndex: updateUnconditionally 5 -> 1
2022-11-08 19:12:09,168 [s2-server-thread2] DEBUG server.RaftServer$Division (RaftServerImpl.java:logAppendEntries(1421)) - s2@group-EA982605F2E5: receive appendEntries(s1, 2, (t:2, i:0), 4, true, commits:[s1:c4, s0:c4, s2:c0], cId:1194, entries: [(t:2, i:1), STATEMACHINELOGENTRY, 0@client-2EFB324ADA71, (t:2, i:2), METADATAENTRY(c:1), (t:2, i:3), STATEMACHINELOGENTRY, 999@client-AE8279CAF820, (t:2, i:4), METADATAENTRY(c:3)]
2022-11-08 19:12:09,169 [s2-server-thread2] INFO  server.RaftServer$Division (RaftServerImpl.java:checkInconsistentAppendEntries(1602)) - s2@group-EA982605F2E5: Failed appendEntries as previous log entry ((t:2, i:0)) is not found
2022-11-08 19:12:09,169 [s2-server-thread2] INFO  server.RaftServer$Division (RaftServerImpl.java:checkInconsistentAppendEntries(1572)) - s2@group-EA982605F2E5: inconsistency entries. Reply:s1<-s2#1194:FAIL-t2,INCONSISTENCY,nextIndex=0,followerCommit=0,matchIndex=-1
2022-11-08 19:12:09,169 [grpc-default-executor-3] INFO  leader.FollowerInfo (FollowerInfoImpl.java:lambda$new$0(48)) - s1@group-EA982605F2E5->s2: nextIndex: updateUnconditionally 5 -> 0
2022-11-08 19:12:09,170 [s2-server-thread2] DEBUG server.RaftServer$Division (RaftServerImpl.java:logAppendEntries(1421)) - s2@group-EA982605F2E5: receive appendEntries(s1, 2, null, 4, true, commits:[s1:c4, s0:c4, s2:c0], cId:1195, entries: [(t:2, i:0), CONFIGURATIONENTRY(current:id: "s0"
address: "localhost:34297"
dataStreamAddress: "localhost:43983"
clientAddress: "localhost:39609"
adminAddress: "localhost:37077"
startupRole: FOLLOWER
,id: "s1"
address: "localhost:38917"
dataStreamAddress: "localhost:45719"
clientAddress: "localhost:36975"
adminAddress: "localhost:40635"
startupRole: FOLLOWER
,id: "s2"
address: "localhost:35511"
dataStreamAddress: "localhost:38827"
clientAddress: "localhost:42865"
adminAddress: "localhost:36791"
startupRole: FOLLOWER
, old:), (t:2, i:1), STATEMACHINELOGENTRY, 0@client-2EFB324ADA71, (t:2, i:2), METADATAENTRY(c:1), (t:2, i:3), STATEMACHINELOGENTRY, 999@client-AE8279CAF820, (t:2, i:4), METADATAENTRY(c:3)]
2022-11-08 19:12:09,170 [s2-server-thread2] INFO  server.RaftServer$Division (RaftServerImpl.java:checkInconsistentAppendEntries(1592)) - s2@group-EA982605F2E5: Failed appendEntries as the first entry (index 0) already exists (snapshotIndex: -1, commitIndex: 0)
2022-11-08 19:12:09,170 [s2-server-thread2] INFO  server.RaftServer$Division (RaftServerImpl.java:checkInconsistentAppendEntries(1572)) - s2@group-EA982605F2E5: inconsistency entries. Reply:s1<-s2#1195:FAIL-t2,INCONSISTENCY,nextIndex=1,followerCommit=0,matchIndex=-1
2022-11-08 19:12:09,170 [grpc-default-executor-3] INFO  leader.FollowerInfo (FollowerInfoImpl.java:lambda$new$0(48)) - s1@group-EA982605F2E5->s2: nextIndex: updateUnconditionally 5 -> 1
2022-11-08 19:12:09,171 [s2-server-thread2] DEBUG server.RaftServer$Division (RaftServerImpl.java:logAppendEntries(1421)) - s2@group-EA982605F2E5: receive appendEntries(s1, 2, (t:2, i:0), 4, true, commits:[s1:c4, s0:c4, s2:c0], cId:1196, entries: [(t:2, i:1), STATEMACHINELOGENTRY, 0@client-2EFB324ADA71, (t:2, i:2), METADATAENTRY(c:1), (t:2, i:3), STATEMACHINELOGENTRY, 999@client-AE8279CAF820, (t:2, i:4), METADATAENTRY(c:3)]
2022-11-08 19:12:09,171 [s2-server-thread2] INFO  server.RaftServer$Division (RaftServerImpl.java:checkInconsistentAppendEntries(1602)) - s2@group-EA982605F2E5: Failed appendEntries as previous log entry ((t:2, i:0)) is not found
2022-11-08 19:12:09,171 [s2-server-thread2] INFO  server.RaftServer$Division (RaftServerImpl.java:checkInconsistentAppendEntries(1572)) - s2@group-EA982605F2E5: inconsistency entries. Reply:s1<-s2#1196:FAIL-t2,INCONSISTENCY,nextIndex=0,followerCommit=0,matchIndex=-1
2022-11-08 19:12:09,171 [grpc-default-executor-3] INFO  leader.FollowerInfo (FollowerInfoImpl.java:lambda$new$0(48)) - s1@group-EA982605F2E5->s2: nextIndex: updateUnconditionally 5 -> 0
2022-11-08 19:12:09,172 [s2-server-thread1] DEBUG server.RaftServer$Division (RaftServerImpl.java:logAppendEntries(1421)) - s2@group-EA982605F2E5: receive appendEntries(s1, 2, null, 4, true, commits:[s1:c4, s0:c4, s2:c0], cId:1197, entries: [(t:2, i:0), CONFIGURATIONENTRY(current:id: "s0"
address: "localhost:34297"
dataStreamAddress: "localhost:43983"
clientAddress: "localhost:39609"
adminAddress: "localhost:37077"
startupRole: FOLLOWER
,id: "s1"
address: "localhost:38917"
dataStreamAddress: "localhost:45719"
clientAddress: "localhost:36975"
adminAddress: "localhost:40635"
startupRole: FOLLOWER
,id: "s2"
address: "localhost:35511"
dataStreamAddress: "localhost:38827"
clientAddress: "localhost:42865"
adminAddress: "localhost:36791"
startupRole: FOLLOWER
, old:), (t:2, i:1), STATEMACHINELOGENTRY, 0@client-2EFB324ADA71, (t:2, i:2), METADATAENTRY(c:1), (t:2, i:3), STATEMACHINELOGENTRY, 999@client-AE8279CAF820, (t:2, i:4), METADATAENTRY(c:3)]
2022-11-08 19:12:09,172 [s2-server-thread1] INFO  server.RaftServer$Division (RaftServerImpl.java:checkInconsistentAppendEntries(1592)) - s2@group-EA982605F2E5: Failed appendEntries as the first entry (index 0) already exists (snapshotIndex: -1, commitIndex: 0)
2022-11-08 19:12:09,172 [s2-server-thread1] INFO  server.RaftServer$Division (RaftServerImpl.java:checkInconsistentAppendEntries(1572)) - s2@group-EA982605F2E5: inconsistency entries. Reply:s1<-s2#1197:FAIL-t2,INCONSISTENCY,nextIndex=1,followerCommit=0,matchIndex=-1
2022-11-08 19:12:09,172 [grpc-default-executor-3] INFO  leader.FollowerInfo (FollowerInfoImpl.java:lambda$new$0(48)) - s1@group-EA982605F2E5->s2: nextIndex: updateUnconditionally 5 -> 1
2022-11-08 19:12:09,173 [s2-server-thread2] DEBUG server.RaftServer$Division (RaftServerImpl.java:logAppendEntries(1421)) - s2@group-EA982605F2E5: receive appendEntries(s1, 2, (t:2, i:0), 4, true, commits:[s1:c4, s0:c4, s2:c0], cId:1198, entries: [(t:2, i:1), STATEMACHINELOGENTRY, 0@client-2EFB324ADA71, (t:2, i:2), METADATAENTRY(c:1), (t:2, i:3), STATEMACHINELOGENTRY, 999@client-AE8279CAF820, (t:2, i:4), METADATAENTRY(c:3)]
2022-11-08 19:12:09,173 [s2-server-thread2] INFO  server.RaftServer$Division (RaftServerImpl.java:checkInconsistentAppendEntries(1602)) - s2@group-EA982605F2E5: Failed appendEntries as previous log entry ((t:2, i:0)) is not found
2022-11-08 19:12:09,173 [s2-server-thread2] INFO  server.RaftServer$Division (RaftServerImpl.java:checkInconsistentAppendEntries(1572)) - s2@group-EA982605F2E5: inconsistency entries. Reply:s1<-s2#1198:FAIL-t2,INCONSISTENCY,nextIndex=0,followerCommit=0,matchIndex=-1
2022-11-08 19:12:09,173 [grpc-default-executor-3] INFO  leader.FollowerInfo (FollowerInfoImpl.java:lambda$new$0(48)) - s1@group-EA982605F2E5->s2: nextIndex: updateUnconditionally 5 -> 0
2022-11-08 19:12:09,174 [s2-server-thread2] DEBUG server.RaftServer$Division (RaftServerImpl.java:logAppendEntries(1421)) - s2@group-EA982605F2E5: receive appendEntries(s1, 2, null, 4, true, commits:[s1:c4, s0:c4, s2:c0], cId:1199, entries: [(t:2, i:0), CONFIGURATIONENTRY(current:id: "s0"
address: "localhost:34297"
dataStreamAddress: "localhost:43983"
clientAddress: "localhost:39609"
adminAddress: "localhost:37077"
startupRole: FOLLOWER
,id: "s1"
address: "localhost:38917"
dataStreamAddress: "localhost:45719"
clientAddress: "localhost:36975"
adminAddress: "localhost:40635"
startupRole: FOLLOWER
,id: "s2"
address: "localhost:35511"
dataStreamAddress: "localhost:38827"
clientAddress: "localhost:42865"
adminAddress: "localhost:36791"
startupRole: FOLLOWER
, old:), (t:2, i:1), STATEMACHINELOGENTRY, 0@client-2EFB324ADA71, (t:2, i:2), METADATAENTRY(c:1), (t:2, i:3), STATEMACHINELOGENTRY, 999@client-AE8279CAF820, (t:2, i:4), METADATAENTRY(c:3)]
2022-11-08 19:12:09,174 [s2-server-thread2] INFO  server.RaftServer$Division (RaftServerImpl.java:checkInconsistentAppendEntries(1592)) - s2@group-EA982605F2E5: Failed appendEntries as the first entry (index 0) already exists (snapshotIndex: -1, commitIndex: 0)
2022-11-08 19:12:09,174 [s2-server-thread2] INFO  server.RaftServer$Division (RaftServerImpl.java:checkInconsistentAppendEntries(1572)) - s2@group-EA982605F2E5: inconsistency entries. Reply:s1<-s2#1199:FAIL-t2,INCONSISTENCY,nextIndex=1,followerCommit=0,matchIndex=-1
2022-11-08 19:12:09,175 [grpc-default-executor-3] INFO  leader.FollowerInfo (FollowerInfoImpl.java:lambda$new$0(48)) - s1@group-EA982605F2E5->s2: nextIndex: updateUnconditionally 5 -> 1
2022-11-08 19:12:09,175 [s2-server-thread2] DEBUG server.RaftServer$Division (RaftServerImpl.java:logAppendEntries(1421)) - s2@group-EA982605F2E5: receive appendEntries(s1, 2, (t:2, i:0), 4, true, commits:[s1:c4, s0:c4, s2:c0], cId:1200, entries: [(t:2, i:1), STATEMACHINELOGENTRY, 0@client-2EFB324ADA71, (t:2, i:2), METADATAENTRY(c:1), (t:2, i:3), STATEMACHINELOGENTRY, 999@client-AE8279CAF820, (t:2, i:4), METADATAENTRY(c:3)]
2022-11-08 19:12:09,175 [s2-server-thread2] INFO  server.RaftServer$Division (RaftServerImpl.java:checkInconsistentAppendEntries(1602)) - s2@group-EA982605F2E5: Failed appendEntries as previous log entry ((t:2, i:0)) is not found
2022-11-08 19:12:09,175 [s2-server-thread2] INFO  server.RaftServer$Division (RaftServerImpl.java:checkInconsistentAppendEntries(1572)) - s2@group-EA982605F2E5: inconsistency entries. Reply:s1<-s2#1200:FAIL-t2,INCONSISTENCY,nextIndex=0,followerCommit=0,matchIndex=-1
2022-11-08 19:12:09,176 [grpc-default-executor-3] INFO  leader.FollowerInfo (FollowerInfoImpl.java:lambda$new$0(48)) - s1@group-EA982605F2E5->s2: nextIndex: updateUnconditionally 5 -> 0
2022-11-08 19:12:09,176 [s2-server-thread2] DEBUG server.RaftServer$Division (RaftServerImpl.java:logAppendEntries(1421)) - s2@group-EA982605F2E5: receive appendEntries(s1, 2, null, 4, true, commits:[s1:c4, s0:c4, s2:c0], cId:1201, entries: [(t:2, i:0), CONFIGURATIONENTRY(current:id: "s0"
address: "localhost:34297"
dataStreamAddress: "localhost:43983"
clientAddress: "localhost:39609"
adminAddress: "localhost:37077"
startupRole: FOLLOWER
,id: "s1"
address: "localhost:38917"
dataStreamAddress: "localhost:45719"
clientAddress: "localhost:36975"
adminAddress: "localhost:40635"
startupRole: FOLLOWER
,id: "s2"
address: "localhost:35511"
dataStreamAddress: "localhost:38827"
clientAddress: "localhost:42865"
adminAddress: "localhost:36791"
startupRole: FOLLOWER
, old:), (t:2, i:1), STATEMACHINELOGENTRY, 0@client-2EFB324ADA71, (t:2, i:2), METADATAENTRY(c:1), (t:2, i:3), STATEMACHINELOGENTRY, 999@client-AE8279CAF820, (t:2, i:4), METADATAENTRY(c:3)]
2022-11-08 19:12:09,177 [s2-server-thread2] INFO  server.RaftServer$Division (RaftServerImpl.java:checkInconsistentAppendEntries(1592)) - s2@group-EA982605F2E5: Failed appendEntries as the first entry (index 0) already exists (snapshotIndex: -1, commitIndex: 0)
2022-11-08 19:12:09,177 [s2-server-thread2] INFO  server.RaftServer$Division (RaftServerImpl.java:checkInconsistentAppendEntries(1572)) - s2@group-EA982605F2E5: inconsistency entries. Reply:s1<-s2#1201:FAIL-t2,INCONSISTENCY,nextIndex=1,followerCommit=0,matchIndex=-1
2022-11-08 19:12:09,177 [grpc-default-executor-3] INFO  leader.FollowerInfo (FollowerInfoImpl.java:lambda$new$0(48)) - s1@group-EA982605F2E5->s2: nextIndex: updateUnconditionally 5 -> 1
2022-11-08 19:12:09,178 [s2-server-thread1] DEBUG server.RaftServer$Division (RaftServerImpl.java:logAppendEntries(1421)) - s2@group-EA982605F2E5: receive appendEntries(s1, 2, (t:2, i:0), 4, true, commits:[s1:c4, s0:c4, s2:c0], cId:1202, entries: [(t:2, i:1), STATEMACHINELOGENTRY, 0@client-2EFB324ADA71, (t:2, i:2), METADATAENTRY(c:1), (t:2, i:3), STATEMACHINELOGENTRY, 999@client-AE8279CAF820, (t:2, i:4), METADATAENTRY(c:3)]
2022-11-08 19:12:09,178 [s2-server-thread1] INFO  server.RaftServer$Division (RaftServerImpl.java:checkInconsistentAppendEntries(1602)) - s2@group-EA982605F2E5: Failed appendEntries as previous log entry ((t:2, i:0)) is not found
2022-11-08 19:12:09,178 [s2-server-thread1] INFO  server.RaftServer$Division (RaftServerImpl.java:checkInconsistentAppendEntries(1572)) - s2@group-EA982605F2E5: inconsistency entries. Reply:s1<-s2#1202:FAIL-t2,INCONSISTENCY,nextIndex=0,followerCommit=0,matchIndex=-1
2022-11-08 19:12:09,178 [grpc-default-executor-3] INFO  leader.FollowerInfo (FollowerInfoImpl.java:lambda$new$0(48)) - s1@group-EA982605F2E5->s2: nextIndex: updateUnconditionally 5 -> 0
2022-11-08 19:12:09,179 [s2-server-thread2] DEBUG server.RaftServer$Division (RaftServerImpl.java:logAppendEntries(1421)) - s2@group-EA982605F2E5: receive appendEntries(s1, 2, null, 4, true, commits:[s1:c4, s0:c4, s2:c0], cId:1203, entries: [(t:2, i:0), CONFIGURATIONENTRY(current:id: "s0"
address: "localhost:34297"
dataStreamAddress: "localhost:43983"
clientAddress: "localhost:39609"
adminAddress: "localhost:37077"
startupRole: FOLLOWER
,id: "s1"
address: "localhost:38917"
dataStreamAddress: "localhost:45719"
clientAddress: "localhost:36975"
adminAddress: "localhost:40635"
startupRole: FOLLOWER
,id: "s2"
address: "localhost:35511"
dataStreamAddress: "localhost:38827"
clientAddress: "localhost:42865"
adminAddress: "localhost:36791"
startupRole: FOLLOWER
, old:), (t:2, i:1), STATEMACHINELOGENTRY, 0@client-2EFB324ADA71, (t:2, i:2), METADATAENTRY(c:1), (t:2, i:3), STATEMACHINELOGENTRY, 999@client-AE8279CAF820, (t:2, i:4), METADATAENTRY(c:3)]
2022-11-08 19:12:09,179 [s2-server-thread2] INFO  server.RaftServer$Division (RaftServerImpl.java:checkInconsistentAppendEntries(1592)) - s2@group-EA982605F2E5: Failed appendEntries as the first entry (index 0) already exists (snapshotIndex: -1, commitIndex: 0)
2022-11-08 19:12:09,179 [s2-server-thread2] INFO  server.RaftServer$Division (RaftServerImpl.java:checkInconsistentAppendEntries(1572)) - s2@group-EA982605F2E5: inconsistency entries. Reply:s1<-s2#1203:FAIL-t2,INCONSISTENCY,nextIndex=1,followerCommit=0,matchIndex=-1
2022-11-08 19:12:09,179 [grpc-default-executor-3] INFO  leader.FollowerInfo (FollowerInfoImpl.java:lambda$new$0(48)) - s1@group-EA982605F2E5->s2: nextIndex: updateUnconditionally 5 -> 1
2022-11-08 19:12:09,180 [s2-server-thread2] DEBUG server.RaftServer$Division (RaftServerImpl.java:logAppendEntries(1421)) - s2@group-EA982605F2E5: receive appendEntries(s1, 2, (t:2, i:0), 4, true, commits:[s1:c4, s0:c4, s2:c0], cId:1204, entries: [(t:2, i:1), STATEMACHINELOGENTRY, 0@client-2EFB324ADA71, (t:2, i:2), METADATAENTRY(c:1), (t:2, i:3), STATEMACHINELOGENTRY, 999@client-AE8279CAF820, (t:2, i:4), METADATAENTRY(c:3)]
2022-11-08 19:12:09,180 [s2-server-thread2] INFO  server.RaftServer$Division (RaftServerImpl.java:checkInconsistentAppendEntries(1602)) - s2@group-EA982605F2E5: Failed appendEntries as previous log entry ((t:2, i:0)) is not found
2022-11-08 19:12:09,180 [s2-server-thread2] INFO  server.RaftServer$Division (RaftServerImpl.java:checkInconsistentAppendEntries(1572)) - s2@group-EA982605F2E5: inconsistency entries. Reply:s1<-s2#1204:FAIL-t2,INCONSISTENCY,nextIndex=0,followerCommit=0,matchIndex=-1
2022-11-08 19:12:09,181 [grpc-default-executor-3] INFO  leader.FollowerInfo (FollowerInfoImpl.java:lambda$new$0(48)) - s1@group-EA982605F2E5->s2: nextIndex: updateUnconditionally 5 -> 0
2022-11-08 19:12:09,182 [s2-server-thread1] DEBUG server.RaftServer$Division (RaftServerImpl.java:logAppendEntries(1421)) - s2@group-EA982605F2E5: receive appendEntries(s1, 2, null, 4, true, commits:[s1:c4, s0:c4, s2:c0], cId:1205, entries: [(t:2, i:0), CONFIGURATIONENTRY(current:id: "s0"
address: "localhost:34297"
dataStreamAddress: "localhost:43983"
clientAddress: "localhost:39609"
adminAddress: "localhost:37077"
startupRole: FOLLOWER
,id: "s1"
address: "localhost:38917"
dataStreamAddress: "localhost:45719"
clientAddress: "localhost:36975"
adminAddress: "localhost:40635"
startupRole: FOLLOWER
,id: "s2"
address: "localhost:35511"
dataStreamAddress: "localhost:38827"
clientAddress: "localhost:42865"
adminAddress: "localhost:36791"
startupRole: FOLLOWER
, old:), (t:2, i:1), STATEMACHINELOGENTRY, 0@client-2EFB324ADA71, (t:2, i:2), METADATAENTRY(c:1), (t:2, i:3), STATEMACHINELOGENTRY, 999@client-AE8279CAF820, (t:2, i:4), METADATAENTRY(c:3)]
2022-11-08 19:12:09,182 [s2-server-thread1] INFO  server.RaftServer$Division (RaftServerImpl.java:checkInconsistentAppendEntries(1592)) - s2@group-EA982605F2E5: Failed appendEntries as the first entry (index 0) already exists (snapshotIndex: -1, commitIndex: 0)
2022-11-08 19:12:09,182 [s2-server-thread1] INFO  server.RaftServer$Division (RaftServerImpl.java:checkInconsistentAppendEntries(1572)) - s2@group-EA982605F2E5: inconsistency entries. Reply:s1<-s2#1205:FAIL-t2,INCONSISTENCY,nextIndex=1,followerCommit=0,matchIndex=-1
2022-11-08 19:12:09,182 [grpc-default-executor-3] INFO  leader.FollowerInfo (FollowerInfoImpl.java:lambda$new$0(48)) - s1@group-EA982605F2E5->s2: nextIndex: updateUnconditionally 5 -> 1
2022-11-08 19:12:09,183 [s2-server-thread2] DEBUG server.RaftServer$Division (RaftServerImpl.java:logAppendEntries(1421)) - s2@group-EA982605F2E5: receive appendEntries(s1, 2, (t:2, i:0), 4, true, commits:[s1:c4, s0:c4, s2:c0], cId:1206, entries: [(t:2, i:1), STATEMACHINELOGENTRY, 0@client-2EFB324ADA71, (t:2, i:2), METADATAENTRY(c:1), (t:2, i:3), STATEMACHINELOGENTRY, 999@client-AE8279CAF820, (t:2, i:4), METADATAENTRY(c:3)]
2022-11-08 19:12:09,183 [s2-server-thread2] INFO  server.RaftServer$Division (RaftServerImpl.java:checkInconsistentAppendEntries(1602)) - s2@group-EA982605F2E5: Failed appendEntries as previous log entry ((t:2, i:0)) is not found
2022-11-08 19:12:09,183 [s2-server-thread2] INFO  server.RaftServer$Division (RaftServerImpl.java:checkInconsistentAppendEntries(1572)) - s2@group-EA982605F2E5: inconsistency entries. Reply:s1<-s2#1206:FAIL-t2,INCONSISTENCY,nextIndex=0,followerCommit=0,matchIndex=-1
2022-11-08 19:12:09,183 [grpc-default-executor-3] INFO  leader.FollowerInfo (FollowerInfoImpl.java:lambda$new$0(48)) - s1@group-EA982605F2E5->s2: nextIndex: updateUnconditionally 5 -> 0
2022-11-08 19:12:09,184 [s2-server-thread2] DEBUG server.RaftServer$Division (RaftServerImpl.java:logAppendEntries(1421)) - s2@group-EA982605F2E5: receive appendEntries(s1, 2, null, 4, true, commits:[s1:c4, s0:c4, s2:c0], cId:1207, entries: [(t:2, i:0), CONFIGURATIONENTRY(current:id: "s0"
address: "localhost:34297"
dataStreamAddress: "localhost:43983"
clientAddress: "localhost:39609"
adminAddress: "localhost:37077"
startupRole: FOLLOWER
,id: "s1"
address: "localhost:38917"
dataStreamAddress: "localhost:45719"
clientAddress: "localhost:36975"
adminAddress: "localhost:40635"
startupRole: FOLLOWER
,id: "s2"
address: "localhost:35511"
dataStreamAddress: "localhost:38827"
clientAddress: "localhost:42865"
adminAddress: "localhost:36791"
startupRole: FOLLOWER
, old:), (t:2, i:1), STATEMACHINELOGENTRY, 0@client-2EFB324ADA71, (t:2, i:2), METADATAENTRY(c:1), (t:2, i:3), STATEMACHINELOGENTRY, 999@client-AE8279CAF820, (t:2, i:4), METADATAENTRY(c:3)]
2022-11-08 19:12:09,184 [s2-server-thread2] INFO  server.RaftServer$Division (RaftServerImpl.java:checkInconsistentAppendEntries(1592)) - s2@group-EA982605F2E5: Failed appendEntries as the first entry (index 0) already exists (snapshotIndex: -1, commitIndex: 0)
2022-11-08 19:12:09,184 [s2-server-thread2] INFO  server.RaftServer$Division (RaftServerImpl.java:checkInconsistentAppendEntries(1572)) - s2@group-EA982605F2E5: inconsistency entries. Reply:s1<-s2#1207:FAIL-t2,INCONSISTENCY,nextIndex=1,followerCommit=0,matchIndex=-1
2022-11-08 19:12:09,185 [grpc-default-executor-3] INFO  leader.FollowerInfo (FollowerInfoImpl.java:lambda$new$0(48)) - s1@group-EA982605F2E5->s2: nextIndex: updateUnconditionally 5 -> 1
2022-11-08 19:12:09,185 [s2-server-thread1] DEBUG server.RaftServer$Division (RaftServerImpl.java:logAppendEntries(1421)) - s2@group-EA982605F2E5: receive appendEntries(s1, 2, (t:2, i:0), 4, true, commits:[s1:c4, s0:c4, s2:c0], cId:1208, entries: [(t:2, i:1), STATEMACHINELOGENTRY, 0@client-2EFB324ADA71, (t:2, i:2), METADATAENTRY(c:1), (t:2, i:3), STATEMACHINELOGENTRY, 999@client-AE8279CAF820, (t:2, i:4), METADATAENTRY(c:3)]
2022-11-08 19:12:09,185 [s2-server-thread1] INFO  server.RaftServer$Division (RaftServerImpl.java:checkInconsistentAppendEntries(1602)) - s2@group-EA982605F2E5: Failed appendEntries as previous log entry ((t:2, i:0)) is not found
2022-11-08 19:12:09,185 [s2-server-thread1] INFO  server.RaftServer$Division (RaftServerImpl.java:checkInconsistentAppendEntries(1572)) - s2@group-EA982605F2E5: inconsistency entries. Reply:s1<-s2#1208:FAIL-t2,INCONSISTENCY,nextIndex=0,followerCommit=0,matchIndex=-1
2022-11-08 19:12:09,186 [grpc-default-executor-3] INFO  leader.FollowerInfo (FollowerInfoImpl.java:lambda$new$0(48)) - s1@group-EA982605F2E5->s2: nextIndex: updateUnconditionally 5 -> 0
2022-11-08 19:12:09,187 [s2-server-thread2] DEBUG server.RaftServer$Division (RaftServerImpl.java:logAppendEntries(1421)) - s2@group-EA982605F2E5: receive appendEntries(s1, 2, null, 4, true, commits:[s1:c4, s0:c4, s2:c0], cId:1209, entries: [(t:2, i:0), CONFIGURATIONENTRY(current:id: "s0"
address: "localhost:34297"
dataStreamAddress: "localhost:43983"
clientAddress: "localhost:39609"
adminAddress: "localhost:37077"
startupRole: FOLLOWER
,id: "s1"
address: "localhost:38917"
dataStreamAddress: "localhost:45719"
clientAddress: "localhost:36975"
adminAddress: "localhost:40635"
startupRole: FOLLOWER
,id: "s2"
address: "localhost:35511"
dataStreamAddress: "localhost:38827"
clientAddress: "localhost:42865"
adminAddress: "localhost:36791"
startupRole: FOLLOWER
, old:), (t:2, i:1), STATEMACHINELOGENTRY, 0@client-2EFB324ADA71, (t:2, i:2), METADATAENTRY(c:1), (t:2, i:3), STATEMACHINELOGENTRY, 999@client-AE8279CAF820, (t:2, i:4), METADATAENTRY(c:3)]
2022-11-08 19:12:09,187 [s2-server-thread2] INFO  server.RaftServer$Division (RaftServerImpl.java:checkInconsistentAppendEntries(1592)) - s2@group-EA982605F2E5: Failed appendEntries as the first entry (index 0) already exists (snapshotIndex: -1, commitIndex: 0)
2022-11-08 19:12:09,187 [s2-server-thread2] INFO  server.RaftServer$Division (RaftServerImpl.java:checkInconsistentAppendEntries(1572)) - s2@group-EA982605F2E5: inconsistency entries. Reply:s1<-s2#1209:FAIL-t2,INCONSISTENCY,nextIndex=1,followerCommit=0,matchIndex=-1
2022-11-08 19:12:09,187 [grpc-default-executor-3] INFO  leader.FollowerInfo (FollowerInfoImpl.java:lambda$new$0(48)) - s1@group-EA982605F2E5->s2: nextIndex: updateUnconditionally 5 -> 1
2022-11-08 19:12:09,188 [s2-server-thread2] DEBUG server.RaftServer$Division (RaftServerImpl.java:logAppendEntries(1421)) - s2@group-EA982605F2E5: receive appendEntries(s1, 2, (t:2, i:0), 4, true, commits:[s1:c4, s0:c4, s2:c0], cId:1210, entries: [(t:2, i:1), STATEMACHINELOGENTRY, 0@client-2EFB324ADA71, (t:2, i:2), METADATAENTRY(c:1), (t:2, i:3), STATEMACHINELOGENTRY, 999@client-AE8279CAF820, (t:2, i:4), METADATAENTRY(c:3)]
2022-11-08 19:12:09,188 [s2-server-thread2] INFO  server.RaftServer$Division (RaftServerImpl.java:checkInconsistentAppendEntries(1602)) - s2@group-EA982605F2E5: Failed appendEntries as previous log entry ((t:2, i:0)) is not found
2022-11-08 19:12:09,188 [s2-server-thread2] INFO  server.RaftServer$Division (RaftServerImpl.java:checkInconsistentAppendEntries(1572)) - s2@group-EA982605F2E5: inconsistency entries. Reply:s1<-s2#1210:FAIL-t2,INCONSISTENCY,nextIndex=0,followerCommit=0,matchIndex=-1
2022-11-08 19:12:09,188 [grpc-default-executor-3] INFO  leader.FollowerInfo (FollowerInfoImpl.java:lambda$new$0(48)) - s1@group-EA982605F2E5->s2: nextIndex: updateUnconditionally 5 -> 0
2022-11-08 19:12:09,189 [s2-server-thread2] DEBUG server.RaftServer$Division (RaftServerImpl.java:logAppendEntries(1421)) - s2@group-EA982605F2E5: receive appendEntries(s1, 2, null, 4, true, commits:[s1:c4, s0:c4, s2:c0], cId:1211, entries: [(t:2, i:0), CONFIGURATIONENTRY(current:id: "s0"
address: "localhost:34297"
dataStreamAddress: "localhost:43983"
clientAddress: "localhost:39609"
adminAddress: "localhost:37077"
startupRole: FOLLOWER
,id: "s1"
address: "localhost:38917"
dataStreamAddress: "localhost:45719"
clientAddress: "localhost:36975"
adminAddress: "localhost:40635"
startupRole: FOLLOWER
,id: "s2"
address: "localhost:35511"
dataStreamAddress: "localhost:38827"
clientAddress: "localhost:42865"
adminAddress: "localhost:36791"
startupRole: FOLLOWER
, old:), (t:2, i:1), STATEMACHINELOGENTRY, 0@client-2EFB324ADA71, (t:2, i:2), METADATAENTRY(c:1), (t:2, i:3), STATEMACHINELOGENTRY, 999@client-AE8279CAF820, (t:2, i:4), METADATAENTRY(c:3)]
2022-11-08 19:12:09,189 [s2-server-thread2] INFO  server.RaftServer$Division (RaftServerImpl.java:checkInconsistentAppendEntries(1592)) - s2@group-EA982605F2E5: Failed appendEntries as the first entry (index 0) already exists (snapshotIndex: -1, commitIndex: 0)
2022-11-08 19:12:09,189 [s2-server-thread2] INFO  server.RaftServer$Division (RaftServerImpl.java:checkInconsistentAppendEntries(1572)) - s2@group-EA982605F2E5: inconsistency entries. Reply:s1<-s2#1211:FAIL-t2,INCONSISTENCY,nextIndex=1,followerCommit=0,matchIndex=-1
2022-11-08 19:12:09,189 [grpc-default-executor-3] INFO  leader.FollowerInfo (FollowerInfoImpl.java:lambda$new$0(48)) - s1@group-EA982605F2E5->s2: nextIndex: updateUnconditionally 5 -> 1
2022-11-08 19:12:09,190 [s2-server-thread2] DEBUG server.RaftServer$Division (RaftServerImpl.java:logAppendEntries(1421)) - s2@group-EA982605F2E5: receive appendEntries(s1, 2, (t:2, i:0), 4, true, commits:[s1:c4, s0:c4, s2:c0], cId:1212, entries: [(t:2, i:1), STATEMACHINELOGENTRY, 0@client-2EFB324ADA71, (t:2, i:2), METADATAENTRY(c:1), (t:2, i:3), STATEMACHINELOGENTRY, 999@client-AE8279CAF820, (t:2, i:4), METADATAENTRY(c:3)]
2022-11-08 19:12:09,190 [s2-server-thread2] INFO  server.RaftServer$Division (RaftServerImpl.java:checkInconsistentAppendEntries(1602)) - s2@group-EA982605F2E5: Failed appendEntries as previous log entry ((t:2, i:0)) is not found
2022-11-08 19:12:09,190 [s2-server-thread2] INFO  server.RaftServer$Division (RaftServerImpl.java:checkInconsistentAppendEntries(1572)) - s2@group-EA982605F2E5: inconsistency entries. Reply:s1<-s2#1212:FAIL-t2,INCONSISTENCY,nextIndex=0,followerCommit=0,matchIndex=-1
2022-11-08 19:12:09,190 [grpc-default-executor-3] INFO  leader.FollowerInfo (FollowerInfoImpl.java:lambda$new$0(48)) - s1@group-EA982605F2E5->s2: nextIndex: updateUnconditionally 5 -> 0
2022-11-08 19:12:09,191 [s2-server-thread2] DEBUG server.RaftServer$Division (RaftServerImpl.java:logAppendEntries(1421)) - s2@group-EA982605F2E5: receive appendEntries(s1, 2, null, 4, true, commits:[s1:c4, s0:c4, s2:c0], cId:1213, entries: [(t:2, i:0), CONFIGURATIONENTRY(current:id: "s0"
address: "localhost:34297"
dataStreamAddress: "localhost:43983"
clientAddress: "localhost:39609"
adminAddress: "localhost:37077"
startupRole: FOLLOWER
,id: "s1"
address: "localhost:38917"
dataStreamAddress: "localhost:45719"
clientAddress: "localhost:36975"
adminAddress: "localhost:40635"
startupRole: FOLLOWER
,id: "s2"
address: "localhost:35511"
dataStreamAddress: "localhost:38827"
clientAddress: "localhost:42865"
adminAddress: "localhost:36791"
startupRole: FOLLOWER
, old:), (t:2, i:1), STATEMACHINELOGENTRY, 0@client-2EFB324ADA71, (t:2, i:2), METADATAENTRY(c:1), (t:2, i:3), STATEMACHINELOGENTRY, 999@client-AE8279CAF820, (t:2, i:4), METADATAENTRY(c:3)]
2022-11-08 19:12:09,191 [s2-server-thread2] INFO  server.RaftServer$Division (RaftServerImpl.java:checkInconsistentAppendEntries(1592)) - s2@group-EA982605F2E5: Failed appendEntries as the first entry (index 0) already exists (snapshotIndex: -1, commitIndex: 0)
2022-11-08 19:12:09,191 [s2-server-thread2] INFO  server.RaftServer$Division (RaftServerImpl.java:checkInconsistentAppendEntries(1572)) - s2@group-EA982605F2E5: inconsistency entries. Reply:s1<-s2#1213:FAIL-t2,INCONSISTENCY,nextIndex=1,followerCommit=0,matchIndex=-1
2022-11-08 19:12:09,191 [grpc-default-executor-3] INFO  leader.FollowerInfo (FollowerInfoImpl.java:lambda$new$0(48)) - s1@group-EA982605F2E5->s2: nextIndex: updateUnconditionally 5 -> 1
2022-11-08 19:12:09,192 [s2-server-thread2] DEBUG server.RaftServer$Division (RaftServerImpl.java:logAppendEntries(1421)) - s2@group-EA982605F2E5: receive appendEntries(s1, 2, (t:2, i:0), 4, true, commits:[s1:c4, s0:c4, s2:c0], cId:1214, entries: [(t:2, i:1), STATEMACHINELOGENTRY, 0@client-2EFB324ADA71, (t:2, i:2), METADATAENTRY(c:1), (t:2, i:3), STATEMACHINELOGENTRY, 999@client-AE8279CAF820, (t:2, i:4), METADATAENTRY(c:3)]
2022-11-08 19:12:09,192 [s2-server-thread2] INFO  server.RaftServer$Division (RaftServerImpl.java:checkInconsistentAppendEntries(1602)) - s2@group-EA982605F2E5: Failed appendEntries as previous log entry ((t:2, i:0)) is not found
2022-11-08 19:12:09,192 [s2-server-thread2] INFO  server.RaftServer$Division (RaftServerImpl.java:checkInconsistentAppendEntries(1572)) - s2@group-EA982605F2E5: inconsistency entries. Reply:s1<-s2#1214:FAIL-t2,INCONSISTENCY,nextIndex=0,followerCommit=0,matchIndex=-1
2022-11-08 19:12:09,192 [grpc-default-executor-3] INFO  leader.FollowerInfo (FollowerInfoImpl.java:lambda$new$0(48)) - s1@group-EA982605F2E5->s2: nextIndex: updateUnconditionally 5 -> 0
2022-11-08 19:12:09,193 [s2-server-thread2] DEBUG server.RaftServer$Division (RaftServerImpl.java:logAppendEntries(1421)) - s2@group-EA982605F2E5: receive appendEntries(s1, 2, null, 4, true, commits:[s1:c4, s0:c4, s2:c0], cId:1215, entries: [(t:2, i:0), CONFIGURATIONENTRY(current:id: "s0"
address: "localhost:34297"
dataStreamAddress: "localhost:43983"
clientAddress: "localhost:39609"
adminAddress: "localhost:37077"
startupRole: FOLLOWER
,id: "s1"
address: "localhost:38917"
dataStreamAddress: "localhost:45719"
clientAddress: "localhost:36975"
adminAddress: "localhost:40635"
startupRole: FOLLOWER
,id: "s2"
address: "localhost:35511"
dataStreamAddress: "localhost:38827"
clientAddress: "localhost:42865"
adminAddress: "localhost:36791"
startupRole: FOLLOWER
, old:), (t:2, i:1), STATEMACHINELOGENTRY, 0@client-2EFB324ADA71, (t:2, i:2), METADATAENTRY(c:1), (t:2, i:3), STATEMACHINELOGENTRY, 999@client-AE8279CAF820, (t:2, i:4), METADATAENTRY(c:3)]
2022-11-08 19:12:09,193 [s2-server-thread2] INFO  server.RaftServer$Division (RaftServerImpl.java:checkInconsistentAppendEntries(1592)) - s2@group-EA982605F2E5: Failed appendEntries as the first entry (index 0) already exists (snapshotIndex: -1, commitIndex: 0)
2022-11-08 19:12:09,193 [s2-server-thread2] INFO  server.RaftServer$Division (RaftServerImpl.java:checkInconsistentAppendEntries(1572)) - s2@group-EA982605F2E5: inconsistency entries. Reply:s1<-s2#1215:FAIL-t2,INCONSISTENCY,nextIndex=1,followerCommit=0,matchIndex=-1
2022-11-08 19:12:09,194 [grpc-default-executor-3] INFO  leader.FollowerInfo (FollowerInfoImpl.java:lambda$new$0(48)) - s1@group-EA982605F2E5->s2: nextIndex: updateUnconditionally 5 -> 1
2022-11-08 19:12:09,194 [s2-server-thread1] DEBUG server.RaftServer$Division (RaftServerImpl.java:logAppendEntries(1421)) - s2@group-EA982605F2E5: receive appendEntries(s1, 2, (t:2, i:0), 4, true, commits:[s1:c4, s0:c4, s2:c0], cId:1216, entries: [(t:2, i:1), STATEMACHINELOGENTRY, 0@client-2EFB324ADA71, (t:2, i:2), METADATAENTRY(c:1), (t:2, i:3), STATEMACHINELOGENTRY, 999@client-AE8279CAF820, (t:2, i:4), METADATAENTRY(c:3)]
2022-11-08 19:12:09,194 [s2-server-thread1] INFO  server.RaftServer$Division (RaftServerImpl.java:checkInconsistentAppendEntries(1602)) - s2@group-EA982605F2E5: Failed appendEntries as previous log entry ((t:2, i:0)) is not found
2022-11-08 19:12:09,194 [s2-server-thread1] INFO  server.RaftServer$Division (RaftServerImpl.java:checkInconsistentAppendEntries(1572)) - s2@group-EA982605F2E5: inconsistency entries. Reply:s1<-s2#1216:FAIL-t2,INCONSISTENCY,nextIndex=0,followerCommit=0,matchIndex=-1
2022-11-08 19:12:09,195 [grpc-default-executor-3] INFO  leader.FollowerInfo (FollowerInfoImpl.java:lambda$new$0(48)) - s1@group-EA982605F2E5->s2: nextIndex: updateUnconditionally 5 -> 0
2022-11-08 19:12:09,196 [s2-server-thread2] DEBUG server.RaftServer$Division (RaftServerImpl.java:logAppendEntries(1421)) - s2@group-EA982605F2E5: receive appendEntries(s1, 2, null, 4, true, commits:[s1:c4, s0:c4, s2:c0], cId:1217, entries: [(t:2, i:0), CONFIGURATIONENTRY(current:id: "s0"
address: "localhost:34297"
dataStreamAddress: "localhost:43983"
clientAddress: "localhost:39609"
adminAddress: "localhost:37077"
startupRole: FOLLOWER
,id: "s1"
address: "localhost:38917"
dataStreamAddress: "localhost:45719"
clientAddress: "localhost:36975"
adminAddress: "localhost:40635"
startupRole: FOLLOWER
,id: "s2"
address: "localhost:35511"
dataStreamAddress: "localhost:38827"
clientAddress: "localhost:42865"
adminAddress: "localhost:36791"
startupRole: FOLLOWER
, old:), (t:2, i:1), STATEMACHINELOGENTRY, 0@client-2EFB324ADA71, (t:2, i:2), METADATAENTRY(c:1), (t:2, i:3), STATEMACHINELOGENTRY, 999@client-AE8279CAF820, (t:2, i:4), METADATAENTRY(c:3)]
2022-11-08 19:12:09,196 [s2-server-thread2] INFO  server.RaftServer$Division (RaftServerImpl.java:checkInconsistentAppendEntries(1592)) - s2@group-EA982605F2E5: Failed appendEntries as the first entry (index 0) already exists (snapshotIndex: -1, commitIndex: 0)
2022-11-08 19:12:09,196 [s2-server-thread2] INFO  server.RaftServer$Division (RaftServerImpl.java:checkInconsistentAppendEntries(1572)) - s2@group-EA982605F2E5: inconsistency entries. Reply:s1<-s2#1217:FAIL-t2,INCONSISTENCY,nextIndex=1,followerCommit=0,matchIndex=-1
2022-11-08 19:12:09,197 [grpc-default-executor-3] INFO  leader.FollowerInfo (FollowerInfoImpl.java:lambda$new$0(48)) - s1@group-EA982605F2E5->s2: nextIndex: updateUnconditionally 5 -> 1
2022-11-08 19:12:09,197 [s2-server-thread2] DEBUG server.RaftServer$Division (RaftServerImpl.java:logAppendEntries(1421)) - s2@group-EA982605F2E5: receive appendEntries(s1, 2, (t:2, i:0), 4, true, commits:[s1:c4, s0:c4, s2:c0], cId:1218, entries: [(t:2, i:1), STATEMACHINELOGENTRY, 0@client-2EFB324ADA71, (t:2, i:2), METADATAENTRY(c:1), (t:2, i:3), STATEMACHINELOGENTRY, 999@client-AE8279CAF820, (t:2, i:4), METADATAENTRY(c:3)]
2022-11-08 19:12:09,198 [s2-server-thread2] INFO  server.RaftServer$Division (RaftServerImpl.java:checkInconsistentAppendEntries(1602)) - s2@group-EA982605F2E5: Failed appendEntries as previous log entry ((t:2, i:0)) is not found
2022-11-08 19:12:09,198 [s2-server-thread2] INFO  server.RaftServer$Division (RaftServerImpl.java:checkInconsistentAppendEntries(1572)) - s2@group-EA982605F2E5: inconsistency entries. Reply:s1<-s2#1218:FAIL-t2,INCONSISTENCY,nextIndex=0,followerCommit=0,matchIndex=-1
2022-11-08 19:12:09,198 [grpc-default-executor-3] INFO  leader.FollowerInfo (FollowerInfoImpl.java:lambda$new$0(48)) - s1@group-EA982605F2E5->s2: nextIndex: updateUnconditionally 5 -> 0
2022-11-08 19:12:09,199 [s2-server-thread2] DEBUG server.RaftServer$Division (RaftServerImpl.java:logAppendEntries(1421)) - s2@group-EA982605F2E5: receive appendEntries(s1, 2, null, 4, true, commits:[s1:c4, s0:c4, s2:c0], cId:1219, entries: [(t:2, i:0), CONFIGURATIONENTRY(current:id: "s0"
address: "localhost:34297"
dataStreamAddress: "localhost:43983"
clientAddress: "localhost:39609"
adminAddress: "localhost:37077"
startupRole: FOLLOWER
,id: "s1"
address: "localhost:38917"
dataStreamAddress: "localhost:45719"
clientAddress: "localhost:36975"
adminAddress: "localhost:40635"
startupRole: FOLLOWER
,id: "s2"
address: "localhost:35511"
dataStreamAddress: "localhost:38827"
clientAddress: "localhost:42865"
adminAddress: "localhost:36791"
startupRole: FOLLOWER
, old:), (t:2, i:1), STATEMACHINELOGENTRY, 0@client-2EFB324ADA71, (t:2, i:2), METADATAENTRY(c:1), (t:2, i:3), STATEMACHINELOGENTRY, 999@client-AE8279CAF820, (t:2, i:4), METADATAENTRY(c:3)]
2022-11-08 19:12:09,199 [s2-server-thread2] INFO  server.RaftServer$Division (RaftServerImpl.java:checkInconsistentAppendEntries(1592)) - s2@group-EA982605F2E5: Failed appendEntries as the first entry (index 0) already exists (snapshotIndex: -1, commitIndex: 0)
2022-11-08 19:12:09,199 [s2-server-thread2] INFO  server.RaftServer$Division (RaftServerImpl.java:checkInconsistentAppendEntries(1572)) - s2@group-EA982605F2E5: inconsistency entries. Reply:s1<-s2#1219:FAIL-t2,INCONSISTENCY,nextIndex=1,followerCommit=0,matchIndex=-1
2022-11-08 19:12:09,199 [grpc-default-executor-3] INFO  leader.FollowerInfo (FollowerInfoImpl.java:lambda$new$0(48)) - s1@group-EA982605F2E5->s2: nextIndex: updateUnconditionally 5 -> 1
2022-11-08 19:12:09,200 [s2-server-thread2] DEBUG server.RaftServer$Division (RaftServerImpl.java:logAppendEntries(1421)) - s2@group-EA982605F2E5: receive appendEntries(s1, 2, (t:2, i:0), 4, true, commits:[s1:c4, s0:c4, s2:c0], cId:1220, entries: [(t:2, i:1), STATEMACHINELOGENTRY, 0@client-2EFB324ADA71, (t:2, i:2), METADATAENTRY(c:1), (t:2, i:3), STATEMACHINELOGENTRY, 999@client-AE8279CAF820, (t:2, i:4), METADATAENTRY(c:3)]
2022-11-08 19:12:09,200 [s2-server-thread2] INFO  server.RaftServer$Division (RaftServerImpl.java:checkInconsistentAppendEntries(1602)) - s2@group-EA982605F2E5: Failed appendEntries as previous log entry ((t:2, i:0)) is not found
2022-11-08 19:12:09,200 [s2-server-thread2] INFO  server.RaftServer$Division (RaftServerImpl.java:checkInconsistentAppendEntries(1572)) - s2@group-EA982605F2E5: inconsistency entries. Reply:s1<-s2#1220:FAIL-t2,INCONSISTENCY,nextIndex=0,followerCommit=0,matchIndex=-1
2022-11-08 19:12:09,200 [grpc-default-executor-3] INFO  leader.FollowerInfo (FollowerInfoImpl.java:lambda$new$0(48)) - s1@group-EA982605F2E5->s2: nextIndex: updateUnconditionally 5 -> 0
2022-11-08 19:12:09,201 [s2-server-thread2] DEBUG server.RaftServer$Division (RaftServerImpl.java:logAppendEntries(1421)) - s2@group-EA982605F2E5: receive appendEntries(s1, 2, null, 4, true, commits:[s1:c4, s0:c4, s2:c0], cId:1221, entries: [(t:2, i:0), CONFIGURATIONENTRY(current:id: "s0"
address: "localhost:34297"
dataStreamAddress: "localhost:43983"
clientAddress: "localhost:39609"
adminAddress: "localhost:37077"
startupRole: FOLLOWER
,id: "s1"
address: "localhost:38917"
dataStreamAddress: "localhost:45719"
clientAddress: "localhost:36975"
adminAddress: "localhost:40635"
startupRole: FOLLOWER
,id: "s2"
address: "localhost:35511"
dataStreamAddress: "localhost:38827"
clientAddress: "localhost:42865"
adminAddress: "localhost:36791"
startupRole: FOLLOWER
, old:), (t:2, i:1), STATEMACHINELOGENTRY, 0@client-2EFB324ADA71, (t:2, i:2), METADATAENTRY(c:1), (t:2, i:3), STATEMACHINELOGENTRY, 999@client-AE8279CAF820, (t:2, i:4), METADATAENTRY(c:3)]
2022-11-08 19:12:09,201 [s2-server-thread2] INFO  server.RaftServer$Division (RaftServerImpl.java:checkInconsistentAppendEntries(1592)) - s2@group-EA982605F2E5: Failed appendEntries as the first entry (index 0) already exists (snapshotIndex: -1, commitIndex: 0)
2022-11-08 19:12:09,201 [s2-server-thread2] INFO  server.RaftServer$Division (RaftServerImpl.java:checkInconsistentAppendEntries(1572)) - s2@group-EA982605F2E5: inconsistency entries. Reply:s1<-s2#1221:FAIL-t2,INCONSISTENCY,nextIndex=1,followerCommit=0,matchIndex=-1
2022-11-08 19:12:09,202 [grpc-default-executor-3] INFO  leader.FollowerInfo (FollowerInfoImpl.java:lambda$new$0(48)) - s1@group-EA982605F2E5->s2: nextIndex: updateUnconditionally 5 -> 1
2022-11-08 19:12:09,202 [s2-server-thread2] DEBUG server.RaftServer$Division (RaftServerImpl.java:logAppendEntries(1421)) - s2@group-EA982605F2E5: receive appendEntries(s1, 2, (t:2, i:0), 4, true, commits:[s1:c4, s0:c4, s2:c0], cId:1222, entries: [(t:2, i:1), STATEMACHINELOGENTRY, 0@client-2EFB324ADA71, (t:2, i:2), METADATAENTRY(c:1), (t:2, i:3), STATEMACHINELOGENTRY, 999@client-AE8279CAF820, (t:2, i:4), METADATAENTRY(c:3)]
2022-11-08 19:12:09,202 [s2-server-thread2] INFO  server.RaftServer$Division (RaftServerImpl.java:checkInconsistentAppendEntries(1602)) - s2@group-EA982605F2E5: Failed appendEntries as previous log entry ((t:2, i:0)) is not found
2022-11-08 19:12:09,202 [s2-server-thread2] INFO  server.RaftServer$Division (RaftServerImpl.java:checkInconsistentAppendEntries(1572)) - s2@group-EA982605F2E5: inconsistency entries. Reply:s1<-s2#1222:FAIL-t2,INCONSISTENCY,nextIndex=0,followerCommit=0,matchIndex=-1
2022-11-08 19:12:09,203 [grpc-default-executor-3] INFO  leader.FollowerInfo (FollowerInfoImpl.java:lambda$new$0(48)) - s1@group-EA982605F2E5->s2: nextIndex: updateUnconditionally 5 -> 0
2022-11-08 19:12:09,203 [s2-server-thread2] DEBUG server.RaftServer$Division (RaftServerImpl.java:logAppendEntries(1421)) - s2@group-EA982605F2E5: receive appendEntries(s1, 2, null, 4, true, commits:[s1:c4, s0:c4, s2:c0], cId:1223, entries: [(t:2, i:0), CONFIGURATIONENTRY(current:id: "s0"
address: "localhost:34297"
dataStreamAddress: "localhost:43983"
clientAddress: "localhost:39609"
adminAddress: "localhost:37077"
startupRole: FOLLOWER
,id: "s1"
address: "localhost:38917"
dataStreamAddress: "localhost:45719"
clientAddress: "localhost:36975"
adminAddress: "localhost:40635"
startupRole: FOLLOWER
,id: "s2"
address: "localhost:35511"
dataStreamAddress: "localhost:38827"
clientAddress: "localhost:42865"
adminAddress: "localhost:36791"
startupRole: FOLLOWER
, old:), (t:2, i:1), STATEMACHINELOGENTRY, 0@client-2EFB324ADA71, (t:2, i:2), METADATAENTRY(c:1), (t:2, i:3), STATEMACHINELOGENTRY, 999@client-AE8279CAF820, (t:2, i:4), METADATAENTRY(c:3)]
2022-11-08 19:12:09,203 [s2-server-thread2] INFO  server.RaftServer$Division (RaftServerImpl.java:checkInconsistentAppendEntries(1592)) - s2@group-EA982605F2E5: Failed appendEntries as the first entry (index 0) already exists (snapshotIndex: -1, commitIndex: 0)
2022-11-08 19:12:09,204 [s2-server-thread2] INFO  server.RaftServer$Division (RaftServerImpl.java:checkInconsistentAppendEntries(1572)) - s2@group-EA982605F2E5: inconsistency entries. Reply:s1<-s2#1223:FAIL-t2,INCONSISTENCY,nextIndex=1,followerCommit=0,matchIndex=-1
2022-11-08 19:12:09,204 [grpc-default-executor-3] INFO  leader.FollowerInfo (FollowerInfoImpl.java:lambda$new$0(48)) - s1@group-EA982605F2E5->s2: nextIndex: updateUnconditionally 5 -> 1
2022-11-08 19:12:09,204 [s2-server-thread2] DEBUG server.RaftServer$Division (RaftServerImpl.java:logAppendEntries(1421)) - s2@group-EA982605F2E5: receive appendEntries(s1, 2, (t:2, i:0), 4, true, commits:[s1:c4, s0:c4, s2:c0], cId:1224, entries: [(t:2, i:1), STATEMACHINELOGENTRY, 0@client-2EFB324ADA71, (t:2, i:2), METADATAENTRY(c:1), (t:2, i:3), STATEMACHINELOGENTRY, 999@client-AE8279CAF820, (t:2, i:4), METADATAENTRY(c:3)]
2022-11-08 19:12:09,205 [s2-server-thread2] INFO  server.RaftServer$Division (RaftServerImpl.java:checkInconsistentAppendEntries(1602)) - s2@group-EA982605F2E5: Failed appendEntries as previous log entry ((t:2, i:0)) is not found
2022-11-08 19:12:09,205 [s2-server-thread2] INFO  server.RaftServer$Division (RaftServerImpl.java:checkInconsistentAppendEntries(1572)) - s2@group-EA982605F2E5: inconsistency entries. Reply:s1<-s2#1224:FAIL-t2,INCONSISTENCY,nextIndex=0,followerCommit=0,matchIndex=-1
2022-11-08 19:12:09,205 [grpc-default-executor-3] INFO  leader.FollowerInfo (FollowerInfoImpl.java:lambda$new$0(48)) - s1@group-EA982605F2E5->s2: nextIndex: updateUnconditionally 5 -> 0
2022-11-08 19:12:09,206 [s2-server-thread2] DEBUG server.RaftServer$Division (RaftServerImpl.java:logAppendEntries(1421)) - s2@group-EA982605F2E5: receive appendEntries(s1, 2, null, 4, true, commits:[s1:c4, s0:c4, s2:c0], cId:1225, entries: [(t:2, i:0), CONFIGURATIONENTRY(current:id: "s0"
address: "localhost:34297"
dataStreamAddress: "localhost:43983"
clientAddress: "localhost:39609"
adminAddress: "localhost:37077"
startupRole: FOLLOWER
,id: "s1"
address: "localhost:38917"
dataStreamAddress: "localhost:45719"
clientAddress: "localhost:36975"
adminAddress: "localhost:40635"
startupRole: FOLLOWER
,id: "s2"
address: "localhost:35511"
dataStreamAddress: "localhost:38827"
clientAddress: "localhost:42865"
adminAddress: "localhost:36791"
startupRole: FOLLOWER
, old:), (t:2, i:1), STATEMACHINELOGENTRY, 0@client-2EFB324ADA71, (t:2, i:2), METADATAENTRY(c:1), (t:2, i:3), STATEMACHINELOGENTRY, 999@client-AE8279CAF820, (t:2, i:4), METADATAENTRY(c:3)]
2022-11-08 19:12:09,206 [s2-server-thread2] INFO  server.RaftServer$Division (RaftServerImpl.java:checkInconsistentAppendEntries(1592)) - s2@group-EA982605F2E5: Failed appendEntries as the first entry (index 0) already exists (snapshotIndex: -1, commitIndex: 0)
2022-11-08 19:12:09,206 [s2-server-thread2] INFO  server.RaftServer$Division (RaftServerImpl.java:checkInconsistentAppendEntries(1572)) - s2@group-EA982605F2E5: inconsistency entries. Reply:s1<-s2#1225:FAIL-t2,INCONSISTENCY,nextIndex=1,followerCommit=0,matchIndex=-1
2022-11-08 19:12:09,206 [grpc-default-executor-3] INFO  leader.FollowerInfo (FollowerInfoImpl.java:lambda$new$0(48)) - s1@group-EA982605F2E5->s2: nextIndex: updateUnconditionally 5 -> 1
2022-11-08 19:12:09,207 [s2-server-thread1] DEBUG server.RaftServer$Division (RaftServerImpl.java:logAppendEntries(1421)) - s2@group-EA982605F2E5: receive appendEntries(s1, 2, (t:2, i:0), 4, true, commits:[s1:c4, s0:c4, s2:c0], cId:1226, entries: [(t:2, i:1), STATEMACHINELOGENTRY, 0@client-2EFB324ADA71, (t:2, i:2), METADATAENTRY(c:1), (t:2, i:3), STATEMACHINELOGENTRY, 999@client-AE8279CAF820, (t:2, i:4), METADATAENTRY(c:3)]
2022-11-08 19:12:09,207 [s2-server-thread1] INFO  server.RaftServer$Division (RaftServerImpl.java:checkInconsistentAppendEntries(1602)) - s2@group-EA982605F2E5: Failed appendEntries as previous log entry ((t:2, i:0)) is not found
2022-11-08 19:12:09,207 [s2-server-thread1] INFO  server.RaftServer$Division (RaftServerImpl.java:checkInconsistentAppendEntries(1572)) - s2@group-EA982605F2E5: inconsistency entries. Reply:s1<-s2#1226:FAIL-t2,INCONSISTENCY,nextIndex=0,followerCommit=0,matchIndex=-1
2022-11-08 19:12:09,207 [grpc-default-executor-3] INFO  leader.FollowerInfo (FollowerInfoImpl.java:lambda$new$0(48)) - s1@group-EA982605F2E5->s2: nextIndex: updateUnconditionally 5 -> 0
2022-11-08 19:12:09,208 [s2-server-thread2] DEBUG server.RaftServer$Division (RaftServerImpl.java:logAppendEntries(1421)) - s2@group-EA982605F2E5: receive appendEntries(s1, 2, null, 4, true, commits:[s1:c4, s0:c4, s2:c0], cId:1227, entries: [(t:2, i:0), CONFIGURATIONENTRY(current:id: "s0"
address: "localhost:34297"
dataStreamAddress: "localhost:43983"
clientAddress: "localhost:39609"
adminAddress: "localhost:37077"
startupRole: FOLLOWER
,id: "s1"
address: "localhost:38917"
dataStreamAddress: "localhost:45719"
clientAddress: "localhost:36975"
adminAddress: "localhost:40635"
startupRole: FOLLOWER
,id: "s2"
address: "localhost:35511"
dataStreamAddress: "localhost:38827"
clientAddress: "localhost:42865"
adminAddress: "localhost:36791"
startupRole: FOLLOWER
, old:), (t:2, i:1), STATEMACHINELOGENTRY, 0@client-2EFB324ADA71, (t:2, i:2), METADATAENTRY(c:1), (t:2, i:3), STATEMACHINELOGENTRY, 999@client-AE8279CAF820, (t:2, i:4), METADATAENTRY(c:3)]
2022-11-08 19:12:09,208 [s2-server-thread2] INFO  server.RaftServer$Division (RaftServerImpl.java:checkInconsistentAppendEntries(1592)) - s2@group-EA982605F2E5: Failed appendEntries as the first entry (index 0) already exists (snapshotIndex: -1, commitIndex: 0)
2022-11-08 19:12:09,208 [s2-server-thread2] INFO  server.RaftServer$Division (RaftServerImpl.java:checkInconsistentAppendEntries(1572)) - s2@group-EA982605F2E5: inconsistency entries. Reply:s1<-s2#1227:FAIL-t2,INCONSISTENCY,nextIndex=1,followerCommit=0,matchIndex=-1
2022-11-08 19:12:09,209 [grpc-default-executor-3] INFO  leader.FollowerInfo (FollowerInfoImpl.java:lambda$new$0(48)) - s1@group-EA982605F2E5->s2: nextIndex: updateUnconditionally 5 -> 1
2022-11-08 19:12:09,209 [s2-server-thread2] DEBUG server.RaftServer$Division (RaftServerImpl.java:logAppendEntries(1421)) - s2@group-EA982605F2E5: receive appendEntries(s1, 2, (t:2, i:0), 4, true, commits:[s1:c4, s0:c4, s2:c0], cId:1228, entries: [(t:2, i:1), STATEMACHINELOGENTRY, 0@client-2EFB324ADA71, (t:2, i:2), METADATAENTRY(c:1), (t:2, i:3), STATEMACHINELOGENTRY, 999@client-AE8279CAF820, (t:2, i:4), METADATAENTRY(c:3)]
2022-11-08 19:12:09,209 [s2-server-thread2] INFO  server.RaftServer$Division (RaftServerImpl.java:checkInconsistentAppendEntries(1602)) - s2@group-EA982605F2E5: Failed appendEntries as previous log entry ((t:2, i:0)) is not found
2022-11-08 19:12:09,209 [s2-server-thread2] INFO  server.RaftServer$Division (RaftServerImpl.java:checkInconsistentAppendEntries(1572)) - s2@group-EA982605F2E5: inconsistency entries. Reply:s1<-s2#1228:FAIL-t2,INCONSISTENCY,nextIndex=0,followerCommit=0,matchIndex=-1
2022-11-08 19:12:09,210 [grpc-default-executor-3] INFO  leader.FollowerInfo (FollowerInfoImpl.java:lambda$new$0(48)) - s1@group-EA982605F2E5->s2: nextIndex: updateUnconditionally 5 -> 0
2022-11-08 19:12:09,211 [s2-server-thread2] DEBUG server.RaftServer$Division (RaftServerImpl.java:logAppendEntries(1421)) - s2@group-EA982605F2E5: receive appendEntries(s1, 2, null, 4, true, commits:[s1:c4, s0:c4, s2:c0], cId:1229, entries: [(t:2, i:0), CONFIGURATIONENTRY(current:id: "s0"
address: "localhost:34297"
dataStreamAddress: "localhost:43983"
clientAddress: "localhost:39609"
adminAddress: "localhost:37077"
startupRole: FOLLOWER
,id: "s1"
address: "localhost:38917"
dataStreamAddress: "localhost:45719"
clientAddress: "localhost:36975"
adminAddress: "localhost:40635"
startupRole: FOLLOWER
,id: "s2"
address: "localhost:35511"
dataStreamAddress: "localhost:38827"
clientAddress: "localhost:42865"
adminAddress: "localhost:36791"
startupRole: FOLLOWER
, old:), (t:2, i:1), STATEMACHINELOGENTRY, 0@client-2EFB324ADA71, (t:2, i:2), METADATAENTRY(c:1), (t:2, i:3), STATEMACHINELOGENTRY, 999@client-AE8279CAF820, (t:2, i:4), METADATAENTRY(c:3)]
2022-11-08 19:12:09,211 [s2-server-thread2] INFO  server.RaftServer$Division (RaftServerImpl.java:checkInconsistentAppendEntries(1592)) - s2@group-EA982605F2E5: Failed appendEntries as the first entry (index 0) already exists (snapshotIndex: -1, commitIndex: 0)
2022-11-08 19:12:09,211 [s2-server-thread2] INFO  server.RaftServer$Division (RaftServerImpl.java:checkInconsistentAppendEntries(1572)) - s2@group-EA982605F2E5: inconsistency entries. Reply:s1<-s2#1229:FAIL-t2,INCONSISTENCY,nextIndex=1,followerCommit=0,matchIndex=-1
2022-11-08 19:12:09,211 [grpc-default-executor-3] INFO  leader.FollowerInfo (FollowerInfoImpl.java:lambda$new$0(48)) - s1@group-EA982605F2E5->s2: nextIndex: updateUnconditionally 5 -> 1
2022-11-08 19:12:09,212 [s2-server-thread2] DEBUG server.RaftServer$Division (RaftServerImpl.java:logAppendEntries(1421)) - s2@group-EA982605F2E5: receive appendEntries(s1, 2, (t:2, i:0), 4, true, commits:[s1:c4, s0:c4, s2:c0], cId:1230, entries: [(t:2, i:1), STATEMACHINELOGENTRY, 0@client-2EFB324ADA71, (t:2, i:2), METADATAENTRY(c:1), (t:2, i:3), STATEMACHINELOGENTRY, 999@client-AE8279CAF820, (t:2, i:4), METADATAENTRY(c:3)]
2022-11-08 19:12:09,212 [s2-server-thread2] INFO  server.RaftServer$Division (RaftServerImpl.java:checkInconsistentAppendEntries(1602)) - s2@group-EA982605F2E5: Failed appendEntries as previous log entry ((t:2, i:0)) is not found
2022-11-08 19:12:09,212 [s2-server-thread2] INFO  server.RaftServer$Division (RaftServerImpl.java:checkInconsistentAppendEntries(1572)) - s2@group-EA982605F2E5: inconsistency entries. Reply:s1<-s2#1230:FAIL-t2,INCONSISTENCY,nextIndex=0,followerCommit=0,matchIndex=-1
2022-11-08 19:12:09,212 [grpc-default-executor-3] INFO  leader.FollowerInfo (FollowerInfoImpl.java:lambda$new$0(48)) - s1@group-EA982605F2E5->s2: nextIndex: updateUnconditionally 5 -> 0
2022-11-08 19:12:09,213 [s2-server-thread2] DEBUG server.RaftServer$Division (RaftServerImpl.java:logAppendEntries(1421)) - s2@group-EA982605F2E5: receive appendEntries(s1, 2, null, 4, true, commits:[s1:c4, s0:c4, s2:c0], cId:1231, entries: [(t:2, i:0), CONFIGURATIONENTRY(current:id: "s0"
address: "localhost:34297"
dataStreamAddress: "localhost:43983"
clientAddress: "localhost:39609"
adminAddress: "localhost:37077"
startupRole: FOLLOWER
,id: "s1"
address: "localhost:38917"
dataStreamAddress: "localhost:45719"
clientAddress: "localhost:36975"
adminAddress: "localhost:40635"
startupRole: FOLLOWER
,id: "s2"
address: "localhost:35511"
dataStreamAddress: "localhost:38827"
clientAddress: "localhost:42865"
adminAddress: "localhost:36791"
startupRole: FOLLOWER
, old:), (t:2, i:1), STATEMACHINELOGENTRY, 0@client-2EFB324ADA71, (t:2, i:2), METADATAENTRY(c:1), (t:2, i:3), STATEMACHINELOGENTRY, 999@client-AE8279CAF820, (t:2, i:4), METADATAENTRY(c:3)]
2022-11-08 19:12:09,213 [s2-server-thread2] INFO  server.RaftServer$Division (RaftServerImpl.java:checkInconsistentAppendEntries(1592)) - s2@group-EA982605F2E5: Failed appendEntries as the first entry (index 0) already exists (snapshotIndex: -1, commitIndex: 0)
2022-11-08 19:12:09,213 [s2-server-thread2] INFO  server.RaftServer$Division (RaftServerImpl.java:checkInconsistentAppendEntries(1572)) - s2@group-EA982605F2E5: inconsistency entries. Reply:s1<-s2#1231:FAIL-t2,INCONSISTENCY,nextIndex=1,followerCommit=0,matchIndex=-1
2022-11-08 19:12:09,213 [grpc-default-executor-3] INFO  leader.FollowerInfo (FollowerInfoImpl.java:lambda$new$0(48)) - s1@group-EA982605F2E5->s2: nextIndex: updateUnconditionally 5 -> 1
2022-11-08 19:12:09,214 [s2-server-thread1] DEBUG server.RaftServer$Division (RaftServerImpl.java:logAppendEntries(1421)) - s2@group-EA982605F2E5: receive appendEntries(s1, 2, (t:2, i:0), 4, true, commits:[s1:c4, s0:c4, s2:c0], cId:1232, entries: [(t:2, i:1), STATEMACHINELOGENTRY, 0@client-2EFB324ADA71, (t:2, i:2), METADATAENTRY(c:1), (t:2, i:3), STATEMACHINELOGENTRY, 999@client-AE8279CAF820, (t:2, i:4), METADATAENTRY(c:3)]
2022-11-08 19:12:09,214 [s2-server-thread1] INFO  server.RaftServer$Division (RaftServerImpl.java:checkInconsistentAppendEntries(1602)) - s2@group-EA982605F2E5: Failed appendEntries as previous log entry ((t:2, i:0)) is not found
2022-11-08 19:12:09,214 [s2-server-thread1] INFO  server.RaftServer$Division (RaftServerImpl.java:checkInconsistentAppendEntries(1572)) - s2@group-EA982605F2E5: inconsistency entries. Reply:s1<-s2#1232:FAIL-t2,INCONSISTENCY,nextIndex=0,followerCommit=0,matchIndex=-1
2022-11-08 19:12:09,214 [grpc-default-executor-3] INFO  leader.FollowerInfo (FollowerInfoImpl.java:lambda$new$0(48)) - s1@group-EA982605F2E5->s2: nextIndex: updateUnconditionally 5 -> 0
2022-11-08 19:12:09,215 [s2-server-thread2] DEBUG server.RaftServer$Division (RaftServerImpl.java:logAppendEntries(1421)) - s2@group-EA982605F2E5: receive appendEntries(s1, 2, null, 4, true, commits:[s1:c4, s0:c4, s2:c0], cId:1233, entries: [(t:2, i:0), CONFIGURATIONENTRY(current:id: "s0"
address: "localhost:34297"
dataStreamAddress: "localhost:43983"
clientAddress: "localhost:39609"
adminAddress: "localhost:37077"
startupRole: FOLLOWER
,id: "s1"
address: "localhost:38917"
dataStreamAddress: "localhost:45719"
clientAddress: "localhost:36975"
adminAddress: "localhost:40635"
startupRole: FOLLOWER
,id: "s2"
address: "localhost:35511"
dataStreamAddress: "localhost:38827"
clientAddress: "localhost:42865"
adminAddress: "localhost:36791"
startupRole: FOLLOWER
, old:), (t:2, i:1), STATEMACHINELOGENTRY, 0@client-2EFB324ADA71, (t:2, i:2), METADATAENTRY(c:1), (t:2, i:3), STATEMACHINELOGENTRY, 999@client-AE8279CAF820, (t:2, i:4), METADATAENTRY(c:3)]
2022-11-08 19:12:09,215 [s2-server-thread2] INFO  server.RaftServer$Division (RaftServerImpl.java:checkInconsistentAppendEntries(1592)) - s2@group-EA982605F2E5: Failed appendEntries as the first entry (index 0) already exists (snapshotIndex: -1, commitIndex: 0)
2022-11-08 19:12:09,215 [s2-server-thread2] INFO  server.RaftServer$Division (RaftServerImpl.java:checkInconsistentAppendEntries(1572)) - s2@group-EA982605F2E5: inconsistency entries. Reply:s1<-s2#1233:FAIL-t2,INCONSISTENCY,nextIndex=1,followerCommit=0,matchIndex=-1
2022-11-08 19:12:09,216 [grpc-default-executor-3] INFO  leader.FollowerInfo (FollowerInfoImpl.java:lambda$new$0(48)) - s1@group-EA982605F2E5->s2: nextIndex: updateUnconditionally 5 -> 1
2022-11-08 19:12:09,216 [s2-server-thread2] DEBUG server.RaftServer$Division (RaftServerImpl.java:logAppendEntries(1421)) - s2@group-EA982605F2E5: receive appendEntries(s1, 2, (t:2, i:0), 4, true, commits:[s1:c4, s0:c4, s2:c0], cId:1234, entries: [(t:2, i:1), STATEMACHINELOGENTRY, 0@client-2EFB324ADA71, (t:2, i:2), METADATAENTRY(c:1), (t:2, i:3), STATEMACHINELOGENTRY, 999@client-AE8279CAF820, (t:2, i:4), METADATAENTRY(c:3)]
2022-11-08 19:12:09,216 [s2-server-thread2] INFO  server.RaftServer$Division (RaftServerImpl.java:checkInconsistentAppendEntries(1602)) - s2@group-EA982605F2E5: Failed appendEntries as previous log entry ((t:2, i:0)) is not found
2022-11-08 19:12:09,216 [s2-server-thread2] INFO  server.RaftServer$Division (RaftServerImpl.java:checkInconsistentAppendEntries(1572)) - s2@group-EA982605F2E5: inconsistency entries. Reply:s1<-s2#1234:FAIL-t2,INCONSISTENCY,nextIndex=0,followerCommit=0,matchIndex=-1
2022-11-08 19:12:09,217 [grpc-default-executor-3] INFO  leader.FollowerInfo (FollowerInfoImpl.java:lambda$new$0(48)) - s1@group-EA982605F2E5->s2: nextIndex: updateUnconditionally 5 -> 0
2022-11-08 19:12:09,217 [s2-server-thread1] DEBUG server.RaftServer$Division (RaftServerImpl.java:logAppendEntries(1421)) - s2@group-EA982605F2E5: receive appendEntries(s1, 2, null, 4, true, commits:[s1:c4, s0:c4, s2:c0], cId:1235, entries: [(t:2, i:0), CONFIGURATIONENTRY(current:id: "s0"
address: "localhost:34297"
dataStreamAddress: "localhost:43983"
clientAddress: "localhost:39609"
adminAddress: "localhost:37077"
startupRole: FOLLOWER
,id: "s1"
address: "localhost:38917"
dataStreamAddress: "localhost:45719"
clientAddress: "localhost:36975"
adminAddress: "localhost:40635"
startupRole: FOLLOWER
,id: "s2"
address: "localhost:35511"
dataStreamAddress: "localhost:38827"
clientAddress: "localhost:42865"
adminAddress: "localhost:36791"
startupRole: FOLLOWER
, old:), (t:2, i:1), STATEMACHINELOGENTRY, 0@client-2EFB324ADA71, (t:2, i:2), METADATAENTRY(c:1), (t:2, i:3), STATEMACHINELOGENTRY, 999@client-AE8279CAF820, (t:2, i:4), METADATAENTRY(c:3)]
2022-11-08 19:12:09,217 [s2-server-thread1] INFO  server.RaftServer$Division (RaftServerImpl.java:checkInconsistentAppendEntries(1592)) - s2@group-EA982605F2E5: Failed appendEntries as the first entry (index 0) already exists (snapshotIndex: -1, commitIndex: 0)
2022-11-08 19:12:09,217 [s2-server-thread1] INFO  server.RaftServer$Division (RaftServerImpl.java:checkInconsistentAppendEntries(1572)) - s2@group-EA982605F2E5: inconsistency entries. Reply:s1<-s2#1235:FAIL-t2,INCONSISTENCY,nextIndex=1,followerCommit=0,matchIndex=-1
2022-11-08 19:12:09,218 [grpc-default-executor-3] INFO  leader.FollowerInfo (FollowerInfoImpl.java:lambda$new$0(48)) - s1@group-EA982605F2E5->s2: nextIndex: updateUnconditionally 5 -> 1
2022-11-08 19:12:09,218 [s2-server-thread2] DEBUG server.RaftServer$Division (RaftServerImpl.java:logAppendEntries(1421)) - s2@group-EA982605F2E5: receive appendEntries(s1, 2, (t:2, i:0), 4, true, commits:[s1:c4, s0:c4, s2:c0], cId:1236, entries: [(t:2, i:1), STATEMACHINELOGENTRY, 0@client-2EFB324ADA71, (t:2, i:2), METADATAENTRY(c:1), (t:2, i:3), STATEMACHINELOGENTRY, 999@client-AE8279CAF820, (t:2, i:4), METADATAENTRY(c:3)]
2022-11-08 19:12:09,219 [s2-server-thread2] INFO  server.RaftServer$Division (RaftServerImpl.java:checkInconsistentAppendEntries(1602)) - s2@group-EA982605F2E5: Failed appendEntries as previous log entry ((t:2, i:0)) is not found
2022-11-08 19:12:09,219 [s2-server-thread2] INFO  server.RaftServer$Division (RaftServerImpl.java:checkInconsistentAppendEntries(1572)) - s2@group-EA982605F2E5: inconsistency entries. Reply:s1<-s2#1236:FAIL-t2,INCONSISTENCY,nextIndex=0,followerCommit=0,matchIndex=-1
2022-11-08 19:12:09,219 [grpc-default-executor-3] INFO  leader.FollowerInfo (FollowerInfoImpl.java:lambda$new$0(48)) - s1@group-EA982605F2E5->s2: nextIndex: updateUnconditionally 5 -> 0
2022-11-08 19:12:09,220 [s2-server-thread2] DEBUG server.RaftServer$Division (RaftServerImpl.java:logAppendEntries(1421)) - s2@group-EA982605F2E5: receive appendEntries(s1, 2, null, 4, true, commits:[s1:c4, s0:c4, s2:c0], cId:1237, entries: [(t:2, i:0), CONFIGURATIONENTRY(current:id: "s0"
address: "localhost:34297"
dataStreamAddress: "localhost:43983"
clientAddress: "localhost:39609"
adminAddress: "localhost:37077"
startupRole: FOLLOWER
,id: "s1"
address: "localhost:38917"
dataStreamAddress: "localhost:45719"
clientAddress: "localhost:36975"
adminAddress: "localhost:40635"
startupRole: FOLLOWER
,id: "s2"
address: "localhost:35511"
dataStreamAddress: "localhost:38827"
clientAddress: "localhost:42865"
adminAddress: "localhost:36791"
startupRole: FOLLOWER
, old:), (t:2, i:1), STATEMACHINELOGENTRY, 0@client-2EFB324ADA71, (t:2, i:2), METADATAENTRY(c:1), (t:2, i:3), STATEMACHINELOGENTRY, 999@client-AE8279CAF820, (t:2, i:4), METADATAENTRY(c:3)]
2022-11-08 19:12:09,220 [s2-server-thread2] INFO  server.RaftServer$Division (RaftServerImpl.java:checkInconsistentAppendEntries(1592)) - s2@group-EA982605F2E5: Failed appendEntries as the first entry (index 0) already exists (snapshotIndex: -1, commitIndex: 0)
2022-11-08 19:12:09,220 [s2-server-thread2] INFO  server.RaftServer$Division (RaftServerImpl.java:checkInconsistentAppendEntries(1572)) - s2@group-EA982605F2E5: inconsistency entries. Reply:s1<-s2#1237:FAIL-t2,INCONSISTENCY,nextIndex=1,followerCommit=0,matchIndex=-1
2022-11-08 19:12:09,220 [grpc-default-executor-3] INFO  leader.FollowerInfo (FollowerInfoImpl.java:lambda$new$0(48)) - s1@group-EA982605F2E5->s2: nextIndex: updateUnconditionally 5 -> 1
2022-11-08 19:12:09,221 [s2-server-thread1] DEBUG server.RaftServer$Division (RaftServerImpl.java:logAppendEntries(1421)) - s2@group-EA982605F2E5: receive appendEntries(s1, 2, (t:2, i:0), 4, true, commits:[s1:c4, s0:c4, s2:c0], cId:1238, entries: [(t:2, i:1), STATEMACHINELOGENTRY, 0@client-2EFB324ADA71, (t:2, i:2), METADATAENTRY(c:1), (t:2, i:3), STATEMACHINELOGENTRY, 999@client-AE8279CAF820, (t:2, i:4), METADATAENTRY(c:3)]
2022-11-08 19:12:09,221 [s2-server-thread1] INFO  server.RaftServer$Division (RaftServerImpl.java:checkInconsistentAppendEntries(1602)) - s2@group-EA982605F2E5: Failed appendEntries as previous log entry ((t:2, i:0)) is not found
2022-11-08 19:12:09,221 [s2-server-thread1] INFO  server.RaftServer$Division (RaftServerImpl.java:checkInconsistentAppendEntries(1572)) - s2@group-EA982605F2E5: inconsistency entries. Reply:s1<-s2#1238:FAIL-t2,INCONSISTENCY,nextIndex=0,followerCommit=0,matchIndex=-1
2022-11-08 19:12:09,221 [grpc-default-executor-3] INFO  leader.FollowerInfo (FollowerInfoImpl.java:lambda$new$0(48)) - s1@group-EA982605F2E5->s2: nextIndex: updateUnconditionally 5 -> 0
2022-11-08 19:12:09,222 [s2-server-thread2] DEBUG server.RaftServer$Division (RaftServerImpl.java:logAppendEntries(1421)) - s2@group-EA982605F2E5: receive appendEntries(s1, 2, null, 4, true, commits:[s1:c4, s0:c4, s2:c0], cId:1239, entries: [(t:2, i:0), CONFIGURATIONENTRY(current:id: "s0"
address: "localhost:34297"
dataStreamAddress: "localhost:43983"
clientAddress: "localhost:39609"
adminAddress: "localhost:37077"
startupRole: FOLLOWER
,id: "s1"
address: "localhost:38917"
dataStreamAddress: "localhost:45719"
clientAddress: "localhost:36975"
adminAddress: "localhost:40635"
startupRole: FOLLOWER
,id: "s2"
address: "localhost:35511"
dataStreamAddress: "localhost:38827"
clientAddress: "localhost:42865"
adminAddress: "localhost:36791"
startupRole: FOLLOWER
, old:), (t:2, i:1), STATEMACHINELOGENTRY, 0@client-2EFB324ADA71, (t:2, i:2), METADATAENTRY(c:1), (t:2, i:3), STATEMACHINELOGENTRY, 999@client-AE8279CAF820, (t:2, i:4), METADATAENTRY(c:3)]
2022-11-08 19:12:09,222 [s2-server-thread2] INFO  server.RaftServer$Division (RaftServerImpl.java:checkInconsistentAppendEntries(1592)) - s2@group-EA982605F2E5: Failed appendEntries as the first entry (index 0) already exists (snapshotIndex: -1, commitIndex: 0)
2022-11-08 19:12:09,222 [s2-server-thread2] INFO  server.RaftServer$Division (RaftServerImpl.java:checkInconsistentAppendEntries(1572)) - s2@group-EA982605F2E5: inconsistency entries. Reply:s1<-s2#1239:FAIL-t2,INCONSISTENCY,nextIndex=1,followerCommit=0,matchIndex=-1
2022-11-08 19:12:09,222 [grpc-default-executor-3] INFO  leader.FollowerInfo (FollowerInfoImpl.java:lambda$new$0(48)) - s1@group-EA982605F2E5->s2: nextIndex: updateUnconditionally 5 -> 1
2022-11-08 19:12:09,223 [s2-server-thread2] DEBUG server.RaftServer$Division (RaftServerImpl.java:logAppendEntries(1421)) - s2@group-EA982605F2E5: receive appendEntries(s1, 2, (t:2, i:0), 4, true, commits:[s1:c4, s0:c4, s2:c0], cId:1240, entries: [(t:2, i:1), STATEMACHINELOGENTRY, 0@client-2EFB324ADA71, (t:2, i:2), METADATAENTRY(c:1), (t:2, i:3), STATEMACHINELOGENTRY, 999@client-AE8279CAF820, (t:2, i:4), METADATAENTRY(c:3)]
2022-11-08 19:12:09,223 [s2-server-thread2] INFO  server.RaftServer$Division (RaftServerImpl.java:checkInconsistentAppendEntries(1602)) - s2@group-EA982605F2E5: Failed appendEntries as previous log entry ((t:2, i:0)) is not found
2022-11-08 19:12:09,223 [s2-server-thread2] INFO  server.RaftServer$Division (RaftServerImpl.java:checkInconsistentAppendEntries(1572)) - s2@group-EA982605F2E5: inconsistency entries. Reply:s1<-s2#1240:FAIL-t2,INCONSISTENCY,nextIndex=0,followerCommit=0,matchIndex=-1
2022-11-08 19:12:09,224 [grpc-default-executor-3] INFO  leader.FollowerInfo (FollowerInfoImpl.java:lambda$new$0(48)) - s1@group-EA982605F2E5->s2: nextIndex: updateUnconditionally 5 -> 0
2022-11-08 19:12:09,224 [s2-server-thread2] DEBUG server.RaftServer$Division (RaftServerImpl.java:logAppendEntries(1421)) - s2@group-EA982605F2E5: receive appendEntries(s1, 2, null, 4, true, commits:[s1:c4, s0:c4, s2:c0], cId:1241, entries: [(t:2, i:0), CONFIGURATIONENTRY(current:id: "s0"
address: "localhost:34297"
dataStreamAddress: "localhost:43983"
clientAddress: "localhost:39609"
adminAddress: "localhost:37077"
startupRole: FOLLOWER
,id: "s1"
address: "localhost:38917"
dataStreamAddress: "localhost:45719"
clientAddress: "localhost:36975"
adminAddress: "localhost:40635"
startupRole: FOLLOWER
,id: "s2"
address: "localhost:35511"
dataStreamAddress: "localhost:38827"
clientAddress: "localhost:42865"
adminAddress: "localhost:36791"
startupRole: FOLLOWER
, old:), (t:2, i:1), STATEMACHINELOGENTRY, 0@client-2EFB324ADA71, (t:2, i:2), METADATAENTRY(c:1), (t:2, i:3), STATEMACHINELOGENTRY, 999@client-AE8279CAF820, (t:2, i:4), METADATAENTRY(c:3)]
2022-11-08 19:12:09,225 [s2-server-thread2] INFO  server.RaftServer$Division (RaftServerImpl.java:checkInconsistentAppendEntries(1592)) - s2@group-EA982605F2E5: Failed appendEntries as the first entry (index 0) already exists (snapshotIndex: -1, commitIndex: 0)
2022-11-08 19:12:09,225 [s2-server-thread2] INFO  server.RaftServer$Division (RaftServerImpl.java:checkInconsistentAppendEntries(1572)) - s2@group-EA982605F2E5: inconsistency entries. Reply:s1<-s2#1241:FAIL-t2,INCONSISTENCY,nextIndex=1,followerCommit=0,matchIndex=-1
2022-11-08 19:12:09,225 [grpc-default-executor-3] INFO  leader.FollowerInfo (FollowerInfoImpl.java:lambda$new$0(48)) - s1@group-EA982605F2E5->s2: nextIndex: updateUnconditionally 5 -> 1
2022-11-08 19:12:09,225 [s2-server-thread1] DEBUG server.RaftServer$Division (RaftServerImpl.java:logAppendEntries(1421)) - s2@group-EA982605F2E5: receive appendEntries(s1, 2, (t:2, i:0), 4, true, commits:[s1:c4, s0:c4, s2:c0], cId:1242, entries: [(t:2, i:1), STATEMACHINELOGENTRY, 0@client-2EFB324ADA71, (t:2, i:2), METADATAENTRY(c:1), (t:2, i:3), STATEMACHINELOGENTRY, 999@client-AE8279CAF820, (t:2, i:4), METADATAENTRY(c:3)]
2022-11-08 19:12:09,226 [s2-server-thread1] INFO  server.RaftServer$Division (RaftServerImpl.java:checkInconsistentAppendEntries(1602)) - s2@group-EA982605F2E5: Failed appendEntries as previous log entry ((t:2, i:0)) is not found
2022-11-08 19:12:09,226 [s2-server-thread1] INFO  server.RaftServer$Division (RaftServerImpl.java:checkInconsistentAppendEntries(1572)) - s2@group-EA982605F2E5: inconsistency entries. Reply:s1<-s2#1242:FAIL-t2,INCONSISTENCY,nextIndex=0,followerCommit=0,matchIndex=-1
2022-11-08 19:12:09,226 [grpc-default-executor-3] INFO  leader.FollowerInfo (FollowerInfoImpl.java:lambda$new$0(48)) - s1@group-EA982605F2E5->s2: nextIndex: updateUnconditionally 5 -> 0
2022-11-08 19:12:09,227 [s2-server-thread2] DEBUG server.RaftServer$Division (RaftServerImpl.java:logAppendEntries(1421)) - s2@group-EA982605F2E5: receive appendEntries(s1, 2, null, 4, true, commits:[s1:c4, s0:c4, s2:c0], cId:1243, entries: [(t:2, i:0), CONFIGURATIONENTRY(current:id: "s0"
address: "localhost:34297"
dataStreamAddress: "localhost:43983"
clientAddress: "localhost:39609"
adminAddress: "localhost:37077"
startupRole: FOLLOWER
,id: "s1"
address: "localhost:38917"
dataStreamAddress: "localhost:45719"
clientAddress: "localhost:36975"
adminAddress: "localhost:40635"
startupRole: FOLLOWER
,id: "s2"
address: "localhost:35511"
dataStreamAddress: "localhost:38827"
clientAddress: "localhost:42865"
adminAddress: "localhost:36791"
startupRole: FOLLOWER
, old:), (t:2, i:1), STATEMACHINELOGENTRY, 0@client-2EFB324ADA71, (t:2, i:2), METADATAENTRY(c:1), (t:2, i:3), STATEMACHINELOGENTRY, 999@client-AE8279CAF820, (t:2, i:4), METADATAENTRY(c:3)]
2022-11-08 19:12:09,227 [s2-server-thread2] INFO  server.RaftServer$Division (RaftServerImpl.java:checkInconsistentAppendEntries(1592)) - s2@group-EA982605F2E5: Failed appendEntries as the first entry (index 0) already exists (snapshotIndex: -1, commitIndex: 0)
2022-11-08 19:12:09,227 [s2-server-thread2] INFO  server.RaftServer$Division (RaftServerImpl.java:checkInconsistentAppendEntries(1572)) - s2@group-EA982605F2E5: inconsistency entries. Reply:s1<-s2#1243:FAIL-t2,INCONSISTENCY,nextIndex=1,followerCommit=0,matchIndex=-1
2022-11-08 19:12:09,227 [grpc-default-executor-3] INFO  leader.FollowerInfo (FollowerInfoImpl.java:lambda$new$0(48)) - s1@group-EA982605F2E5->s2: nextIndex: updateUnconditionally 5 -> 1
2022-11-08 19:12:09,228 [s2-server-thread2] DEBUG server.RaftServer$Division (RaftServerImpl.java:logAppendEntries(1421)) - s2@group-EA982605F2E5: receive appendEntries(s1, 2, (t:2, i:0), 4, true, commits:[s1:c4, s0:c4, s2:c0], cId:1244, entries: [(t:2, i:1), STATEMACHINELOGENTRY, 0@client-2EFB324ADA71, (t:2, i:2), METADATAENTRY(c:1), (t:2, i:3), STATEMACHINELOGENTRY, 999@client-AE8279CAF820, (t:2, i:4), METADATAENTRY(c:3)]
2022-11-08 19:12:09,228 [s2-server-thread2] INFO  server.RaftServer$Division (RaftServerImpl.java:checkInconsistentAppendEntries(1602)) - s2@group-EA982605F2E5: Failed appendEntries as previous log entry ((t:2, i:0)) is not found
2022-11-08 19:12:09,228 [s2-server-thread2] INFO  server.RaftServer$Division (RaftServerImpl.java:checkInconsistentAppendEntries(1572)) - s2@group-EA982605F2E5: inconsistency entries. Reply:s1<-s2#1244:FAIL-t2,INCONSISTENCY,nextIndex=0,followerCommit=0,matchIndex=-1
2022-11-08 19:12:09,228 [grpc-default-executor-3] INFO  leader.FollowerInfo (FollowerInfoImpl.java:lambda$new$0(48)) - s1@group-EA982605F2E5->s2: nextIndex: updateUnconditionally 5 -> 0
2022-11-08 19:12:09,229 [s2-server-thread2] DEBUG server.RaftServer$Division (RaftServerImpl.java:logAppendEntries(1421)) - s2@group-EA982605F2E5: receive appendEntries(s1, 2, null, 4, true, commits:[s1:c4, s0:c4, s2:c0], cId:1245, entries: [(t:2, i:0), CONFIGURATIONENTRY(current:id: "s0"
address: "localhost:34297"
dataStreamAddress: "localhost:43983"
clientAddress: "localhost:39609"
adminAddress: "localhost:37077"
startupRole: FOLLOWER
,id: "s1"
address: "localhost:38917"
dataStreamAddress: "localhost:45719"
clientAddress: "localhost:36975"
adminAddress: "localhost:40635"
startupRole: FOLLOWER
,id: "s2"
address: "localhost:35511"
dataStreamAddress: "localhost:38827"
clientAddress: "localhost:42865"
adminAddress: "localhost:36791"
startupRole: FOLLOWER
, old:), (t:2, i:1), STATEMACHINELOGENTRY, 0@client-2EFB324ADA71, (t:2, i:2), METADATAENTRY(c:1), (t:2, i:3), STATEMACHINELOGENTRY, 999@client-AE8279CAF820, (t:2, i:4), METADATAENTRY(c:3)]
2022-11-08 19:12:09,229 [s2-server-thread2] INFO  server.RaftServer$Division (RaftServerImpl.java:checkInconsistentAppendEntries(1592)) - s2@group-EA982605F2E5: Failed appendEntries as the first entry (index 0) already exists (snapshotIndex: -1, commitIndex: 0)
2022-11-08 19:12:09,229 [s2-server-thread2] INFO  server.RaftServer$Division (RaftServerImpl.java:checkInconsistentAppendEntries(1572)) - s2@group-EA982605F2E5: inconsistency entries. Reply:s1<-s2#1245:FAIL-t2,INCONSISTENCY,nextIndex=1,followerCommit=0,matchIndex=-1
2022-11-08 19:12:09,229 [grpc-default-executor-3] INFO  leader.FollowerInfo (FollowerInfoImpl.java:lambda$new$0(48)) - s1@group-EA982605F2E5->s2: nextIndex: updateUnconditionally 5 -> 1
2022-11-08 19:12:09,230 [s2-server-thread1] DEBUG server.RaftServer$Division (RaftServerImpl.java:logAppendEntries(1421)) - s2@group-EA982605F2E5: receive appendEntries(s1, 2, (t:2, i:0), 4, true, commits:[s1:c4, s0:c4, s2:c0], cId:1246, entries: [(t:2, i:1), STATEMACHINELOGENTRY, 0@client-2EFB324ADA71, (t:2, i:2), METADATAENTRY(c:1), (t:2, i:3), STATEMACHINELOGENTRY, 999@client-AE8279CAF820, (t:2, i:4), METADATAENTRY(c:3)]
2022-11-08 19:12:09,230 [s2-server-thread1] INFO  server.RaftServer$Division (RaftServerImpl.java:checkInconsistentAppendEntries(1602)) - s2@group-EA982605F2E5: Failed appendEntries as previous log entry ((t:2, i:0)) is not found
2022-11-08 19:12:09,230 [s2-server-thread1] INFO  server.RaftServer$Division (RaftServerImpl.java:checkInconsistentAppendEntries(1572)) - s2@group-EA982605F2E5: inconsistency entries. Reply:s1<-s2#1246:FAIL-t2,INCONSISTENCY,nextIndex=0,followerCommit=0,matchIndex=-1
2022-11-08 19:12:09,230 [grpc-default-executor-3] INFO  leader.FollowerInfo (FollowerInfoImpl.java:lambda$new$0(48)) - s1@group-EA982605F2E5->s2: nextIndex: updateUnconditionally 5 -> 0
2022-11-08 19:12:09,231 [s2-server-thread2] DEBUG server.RaftServer$Division (RaftServerImpl.java:logAppendEntries(1421)) - s2@group-EA982605F2E5: receive appendEntries(s1, 2, null, 4, true, commits:[s1:c4, s0:c4, s2:c0], cId:1247, entries: [(t:2, i:0), CONFIGURATIONENTRY(current:id: "s0"
address: "localhost:34297"
dataStreamAddress: "localhost:43983"
clientAddress: "localhost:39609"
adminAddress: "localhost:37077"
startupRole: FOLLOWER
,id: "s1"
address: "localhost:38917"
dataStreamAddress: "localhost:45719"
clientAddress: "localhost:36975"
adminAddress: "localhost:40635"
startupRole: FOLLOWER
,id: "s2"
address: "localhost:35511"
dataStreamAddress: "localhost:38827"
clientAddress: "localhost:42865"
adminAddress: "localhost:36791"
startupRole: FOLLOWER
, old:), (t:2, i:1), STATEMACHINELOGENTRY, 0@client-2EFB324ADA71, (t:2, i:2), METADATAENTRY(c:1), (t:2, i:3), STATEMACHINELOGENTRY, 999@client-AE8279CAF820, (t:2, i:4), METADATAENTRY(c:3)]
2022-11-08 19:12:09,231 [s2-server-thread2] INFO  server.RaftServer$Division (RaftServerImpl.java:checkInconsistentAppendEntries(1592)) - s2@group-EA982605F2E5: Failed appendEntries as the first entry (index 0) already exists (snapshotIndex: -1, commitIndex: 0)
2022-11-08 19:12:09,231 [s2-server-thread2] INFO  server.RaftServer$Division (RaftServerImpl.java:checkInconsistentAppendEntries(1572)) - s2@group-EA982605F2E5: inconsistency entries. Reply:s1<-s2#1247:FAIL-t2,INCONSISTENCY,nextIndex=1,followerCommit=0,matchIndex=-1
2022-11-08 19:12:09,232 [grpc-default-executor-3] INFO  leader.FollowerInfo (FollowerInfoImpl.java:lambda$new$0(48)) - s1@group-EA982605F2E5->s2: nextIndex: updateUnconditionally 5 -> 1
2022-11-08 19:12:09,232 [s2-server-thread2] DEBUG server.RaftServer$Division (RaftServerImpl.java:logAppendEntries(1421)) - s2@group-EA982605F2E5: receive appendEntries(s1, 2, (t:2, i:0), 4, true, commits:[s1:c4, s0:c4, s2:c0], cId:1248, entries: [(t:2, i:1), STATEMACHINELOGENTRY, 0@client-2EFB324ADA71, (t:2, i:2), METADATAENTRY(c:1), (t:2, i:3), STATEMACHINELOGENTRY, 999@client-AE8279CAF820, (t:2, i:4), METADATAENTRY(c:3)]
2022-11-08 19:12:09,232 [s2-server-thread2] INFO  server.RaftServer$Division (RaftServerImpl.java:checkInconsistentAppendEntries(1602)) - s2@group-EA982605F2E5: Failed appendEntries as previous log entry ((t:2, i:0)) is not found
2022-11-08 19:12:09,232 [s2-server-thread2] INFO  server.RaftServer$Division (RaftServerImpl.java:checkInconsistentAppendEntries(1572)) - s2@group-EA982605F2E5: inconsistency entries. Reply:s1<-s2#1248:FAIL-t2,INCONSISTENCY,nextIndex=0,followerCommit=0,matchIndex=-1
2022-11-08 19:12:09,233 [grpc-default-executor-3] INFO  leader.FollowerInfo (FollowerInfoImpl.java:lambda$new$0(48)) - s1@group-EA982605F2E5->s2: nextIndex: updateUnconditionally 5 -> 0
2022-11-08 19:12:09,233 [s2-server-thread2] DEBUG server.RaftServer$Division (RaftServerImpl.java:logAppendEntries(1421)) - s2@group-EA982605F2E5: receive appendEntries(s1, 2, null, 4, true, commits:[s1:c4, s0:c4, s2:c0], cId:1249, entries: [(t:2, i:0), CONFIGURATIONENTRY(current:id: "s0"
address: "localhost:34297"
dataStreamAddress: "localhost:43983"
clientAddress: "localhost:39609"
adminAddress: "localhost:37077"
startupRole: FOLLOWER
,id: "s1"
address: "localhost:38917"
dataStreamAddress: "localhost:45719"
clientAddress: "localhost:36975"
adminAddress: "localhost:40635"
startupRole: FOLLOWER
,id: "s2"
address: "localhost:35511"
dataStreamAddress: "localhost:38827"
clientAddress: "localhost:42865"
adminAddress: "localhost:36791"
startupRole: FOLLOWER
, old:), (t:2, i:1), STATEMACHINELOGENTRY, 0@client-2EFB324ADA71, (t:2, i:2), METADATAENTRY(c:1), (t:2, i:3), STATEMACHINELOGENTRY, 999@client-AE8279CAF820, (t:2, i:4), METADATAENTRY(c:3)]
2022-11-08 19:12:09,234 [s2-server-thread2] INFO  server.RaftServer$Division (RaftServerImpl.java:checkInconsistentAppendEntries(1592)) - s2@group-EA982605F2E5: Failed appendEntries as the first entry (index 0) already exists (snapshotIndex: -1, commitIndex: 0)
2022-11-08 19:12:09,234 [s2-server-thread2] INFO  server.RaftServer$Division (RaftServerImpl.java:checkInconsistentAppendEntries(1572)) - s2@group-EA982605F2E5: inconsistency entries. Reply:s1<-s2#1249:FAIL-t2,INCONSISTENCY,nextIndex=1,followerCommit=0,matchIndex=-1
2022-11-08 19:12:09,234 [grpc-default-executor-3] INFO  leader.FollowerInfo (FollowerInfoImpl.java:lambda$new$0(48)) - s1@group-EA982605F2E5->s2: nextIndex: updateUnconditionally 5 -> 1
2022-11-08 19:12:09,234 [s2-server-thread2] DEBUG server.RaftServer$Division (RaftServerImpl.java:logAppendEntries(1421)) - s2@group-EA982605F2E5: receive appendEntries(s1, 2, (t:2, i:0), 4, true, commits:[s1:c4, s0:c4, s2:c0], cId:1250, entries: [(t:2, i:1), STATEMACHINELOGENTRY, 0@client-2EFB324ADA71, (t:2, i:2), METADATAENTRY(c:1), (t:2, i:3), STATEMACHINELOGENTRY, 999@client-AE8279CAF820, (t:2, i:4), METADATAENTRY(c:3)]
2022-11-08 19:12:09,235 [s2-server-thread2] INFO  server.RaftServer$Division (RaftServerImpl.java:checkInconsistentAppendEntries(1602)) - s2@group-EA982605F2E5: Failed appendEntries as previous log entry ((t:2, i:0)) is not found
2022-11-08 19:12:09,235 [s2-server-thread2] INFO  server.RaftServer$Division (RaftServerImpl.java:checkInconsistentAppendEntries(1572)) - s2@group-EA982605F2E5: inconsistency entries. Reply:s1<-s2#1250:FAIL-t2,INCONSISTENCY,nextIndex=0,followerCommit=0,matchIndex=-1
2022-11-08 19:12:09,235 [grpc-default-executor-3] INFO  leader.FollowerInfo (FollowerInfoImpl.java:lambda$new$0(48)) - s1@group-EA982605F2E5->s2: nextIndex: updateUnconditionally 5 -> 0
2022-11-08 19:12:09,236 [s2-server-thread2] DEBUG server.RaftServer$Division (RaftServerImpl.java:logAppendEntries(1421)) - s2@group-EA982605F2E5: receive appendEntries(s1, 2, null, 4, true, commits:[s1:c4, s0:c4, s2:c0], cId:1251, entries: [(t:2, i:0), CONFIGURATIONENTRY(current:id: "s0"
address: "localhost:34297"
dataStreamAddress: "localhost:43983"
clientAddress: "localhost:39609"
adminAddress: "localhost:37077"
startupRole: FOLLOWER
,id: "s1"
address: "localhost:38917"
dataStreamAddress: "localhost:45719"
clientAddress: "localhost:36975"
adminAddress: "localhost:40635"
startupRole: FOLLOWER
,id: "s2"
address: "localhost:35511"
dataStreamAddress: "localhost:38827"
clientAddress: "localhost:42865"
adminAddress: "localhost:36791"
startupRole: FOLLOWER
, old:), (t:2, i:1), STATEMACHINELOGENTRY, 0@client-2EFB324ADA71, (t:2, i:2), METADATAENTRY(c:1), (t:2, i:3), STATEMACHINELOGENTRY, 999@client-AE8279CAF820, (t:2, i:4), METADATAENTRY(c:3)]
2022-11-08 19:12:09,236 [s2-server-thread2] INFO  server.RaftServer$Division (RaftServerImpl.java:checkInconsistentAppendEntries(1592)) - s2@group-EA982605F2E5: Failed appendEntries as the first entry (index 0) already exists (snapshotIndex: -1, commitIndex: 0)
2022-11-08 19:12:09,236 [s2-server-thread2] INFO  server.RaftServer$Division (RaftServerImpl.java:checkInconsistentAppendEntries(1572)) - s2@group-EA982605F2E5: inconsistency entries. Reply:s1<-s2#1251:FAIL-t2,INCONSISTENCY,nextIndex=1,followerCommit=0,matchIndex=-1
2022-11-08 19:12:09,236 [grpc-default-executor-3] INFO  leader.FollowerInfo (FollowerInfoImpl.java:lambda$new$0(48)) - s1@group-EA982605F2E5->s2: nextIndex: updateUnconditionally 5 -> 1
2022-11-08 19:12:09,237 [s2-server-thread1] DEBUG server.RaftServer$Division (RaftServerImpl.java:logAppendEntries(1421)) - s2@group-EA982605F2E5: receive appendEntries(s1, 2, (t:2, i:0), 4, true, commits:[s1:c4, s0:c4, s2:c0], cId:1252, entries: [(t:2, i:1), STATEMACHINELOGENTRY, 0@client-2EFB324ADA71, (t:2, i:2), METADATAENTRY(c:1), (t:2, i:3), STATEMACHINELOGENTRY, 999@client-AE8279CAF820, (t:2, i:4), METADATAENTRY(c:3)]
2022-11-08 19:12:09,237 [s2-server-thread1] INFO  server.RaftServer$Division (RaftServerImpl.java:checkInconsistentAppendEntries(1602)) - s2@group-EA982605F2E5: Failed appendEntries as previous log entry ((t:2, i:0)) is not found
2022-11-08 19:12:09,237 [s2-server-thread1] INFO  server.RaftServer$Division (RaftServerImpl.java:checkInconsistentAppendEntries(1572)) - s2@group-EA982605F2E5: inconsistency entries. Reply:s1<-s2#1252:FAIL-t2,INCONSISTENCY,nextIndex=0,followerCommit=0,matchIndex=-1
2022-11-08 19:12:09,237 [grpc-default-executor-3] INFO  leader.FollowerInfo (FollowerInfoImpl.java:lambda$new$0(48)) - s1@group-EA982605F2E5->s2: nextIndex: updateUnconditionally 5 -> 0
2022-11-08 19:12:09,238 [s2-server-thread2] DEBUG server.RaftServer$Division (RaftServerImpl.java:logAppendEntries(1421)) - s2@group-EA982605F2E5: receive appendEntries(s1, 2, null, 4, true, commits:[s1:c4, s0:c4, s2:c0], cId:1253, entries: [(t:2, i:0), CONFIGURATIONENTRY(current:id: "s0"
address: "localhost:34297"
dataStreamAddress: "localhost:43983"
clientAddress: "localhost:39609"
adminAddress: "localhost:37077"
startupRole: FOLLOWER
,id: "s1"
address: "localhost:38917"
dataStreamAddress: "localhost:45719"
clientAddress: "localhost:36975"
adminAddress: "localhost:40635"
startupRole: FOLLOWER
,id: "s2"
address: "localhost:35511"
dataStreamAddress: "localhost:38827"
clientAddress: "localhost:42865"
adminAddress: "localhost:36791"
startupRole: FOLLOWER
, old:), (t:2, i:1), STATEMACHINELOGENTRY, 0@client-2EFB324ADA71, (t:2, i:2), METADATAENTRY(c:1), (t:2, i:3), STATEMACHINELOGENTRY, 999@client-AE8279CAF820, (t:2, i:4), METADATAENTRY(c:3)]
2022-11-08 19:12:09,238 [s2-server-thread2] INFO  server.RaftServer$Division (RaftServerImpl.java:checkInconsistentAppendEntries(1592)) - s2@group-EA982605F2E5: Failed appendEntries as the first entry (index 0) already exists (snapshotIndex: -1, commitIndex: 0)
2022-11-08 19:12:09,238 [s2-server-thread2] INFO  server.RaftServer$Division (RaftServerImpl.java:checkInconsistentAppendEntries(1572)) - s2@group-EA982605F2E5: inconsistency entries. Reply:s1<-s2#1253:FAIL-t2,INCONSISTENCY,nextIndex=1,followerCommit=0,matchIndex=-1
2022-11-08 19:12:09,238 [grpc-default-executor-3] INFO  leader.FollowerInfo (FollowerInfoImpl.java:lambda$new$0(48)) - s1@group-EA982605F2E5->s2: nextIndex: updateUnconditionally 5 -> 1
2022-11-08 19:12:09,239 [s2-server-thread2] DEBUG server.RaftServer$Division (RaftServerImpl.java:logAppendEntries(1421)) - s2@group-EA982605F2E5: receive appendEntries(s1, 2, (t:2, i:0), 4, true, commits:[s1:c4, s0:c4, s2:c0], cId:1254, entries: [(t:2, i:1), STATEMACHINELOGENTRY, 0@client-2EFB324ADA71, (t:2, i:2), METADATAENTRY(c:1), (t:2, i:3), STATEMACHINELOGENTRY, 999@client-AE8279CAF820, (t:2, i:4), METADATAENTRY(c:3)]
2022-11-08 19:12:09,239 [s2-server-thread2] INFO  server.RaftServer$Division (RaftServerImpl.java:checkInconsistentAppendEntries(1602)) - s2@group-EA982605F2E5: Failed appendEntries as previous log entry ((t:2, i:0)) is not found
2022-11-08 19:12:09,239 [s2-server-thread2] INFO  server.RaftServer$Division (RaftServerImpl.java:checkInconsistentAppendEntries(1572)) - s2@group-EA982605F2E5: inconsistency entries. Reply:s1<-s2#1254:FAIL-t2,INCONSISTENCY,nextIndex=0,followerCommit=0,matchIndex=-1
2022-11-08 19:12:09,239 [grpc-default-executor-3] INFO  leader.FollowerInfo (FollowerInfoImpl.java:lambda$new$0(48)) - s1@group-EA982605F2E5->s2: nextIndex: updateUnconditionally 5 -> 0
2022-11-08 19:12:09,240 [s2-server-thread2] DEBUG server.RaftServer$Division (RaftServerImpl.java:logAppendEntries(1421)) - s2@group-EA982605F2E5: receive appendEntries(s1, 2, null, 4, true, commits:[s1:c4, s0:c4, s2:c0], cId:1255, entries: [(t:2, i:0), CONFIGURATIONENTRY(current:id: "s0"
address: "localhost:34297"
dataStreamAddress: "localhost:43983"
clientAddress: "localhost:39609"
adminAddress: "localhost:37077"
startupRole: FOLLOWER
,id: "s1"
address: "localhost:38917"
dataStreamAddress: "localhost:45719"
clientAddress: "localhost:36975"
adminAddress: "localhost:40635"
startupRole: FOLLOWER
,id: "s2"
address: "localhost:35511"
dataStreamAddress: "localhost:38827"
clientAddress: "localhost:42865"
adminAddress: "localhost:36791"
startupRole: FOLLOWER
, old:), (t:2, i:1), STATEMACHINELOGENTRY, 0@client-2EFB324ADA71, (t:2, i:2), METADATAENTRY(c:1), (t:2, i:3), STATEMACHINELOGENTRY, 999@client-AE8279CAF820, (t:2, i:4), METADATAENTRY(c:3)]
2022-11-08 19:12:09,240 [s2-server-thread2] INFO  server.RaftServer$Division (RaftServerImpl.java:checkInconsistentAppendEntries(1592)) - s2@group-EA982605F2E5: Failed appendEntries as the first entry (index 0) already exists (snapshotIndex: -1, commitIndex: 0)
2022-11-08 19:12:09,240 [s2-server-thread2] INFO  server.RaftServer$Division (RaftServerImpl.java:checkInconsistentAppendEntries(1572)) - s2@group-EA982605F2E5: inconsistency entries. Reply:s1<-s2#1255:FAIL-t2,INCONSISTENCY,nextIndex=1,followerCommit=0,matchIndex=-1
2022-11-08 19:12:09,241 [grpc-default-executor-3] INFO  leader.FollowerInfo (FollowerInfoImpl.java:lambda$new$0(48)) - s1@group-EA982605F2E5->s2: nextIndex: updateUnconditionally 5 -> 1
2022-11-08 19:12:09,241 [s2-server-thread2] DEBUG server.RaftServer$Division (RaftServerImpl.java:logAppendEntries(1421)) - s2@group-EA982605F2E5: receive appendEntries(s1, 2, (t:2, i:0), 4, true, commits:[s1:c4, s0:c4, s2:c0], cId:1256, entries: [(t:2, i:1), STATEMACHINELOGENTRY, 0@client-2EFB324ADA71, (t:2, i:2), METADATAENTRY(c:1), (t:2, i:3), STATEMACHINELOGENTRY, 999@client-AE8279CAF820, (t:2, i:4), METADATAENTRY(c:3)]
2022-11-08 19:12:09,241 [s2-server-thread2] INFO  server.RaftServer$Division (RaftServerImpl.java:checkInconsistentAppendEntries(1602)) - s2@group-EA982605F2E5: Failed appendEntries as previous log entry ((t:2, i:0)) is not found
2022-11-08 19:12:09,241 [s2-server-thread2] INFO  server.RaftServer$Division (RaftServerImpl.java:checkInconsistentAppendEntries(1572)) - s2@group-EA982605F2E5: inconsistency entries. Reply:s1<-s2#1256:FAIL-t2,INCONSISTENCY,nextIndex=0,followerCommit=0,matchIndex=-1
2022-11-08 19:12:09,242 [grpc-default-executor-3] INFO  leader.FollowerInfo (FollowerInfoImpl.java:lambda$new$0(48)) - s1@group-EA982605F2E5->s2: nextIndex: updateUnconditionally 5 -> 0
2022-11-08 19:12:09,243 [s2-server-thread1] DEBUG server.RaftServer$Division (RaftServerImpl.java:logAppendEntries(1421)) - s2@group-EA982605F2E5: receive appendEntries(s1, 2, null, 4, true, commits:[s1:c4, s0:c4, s2:c0], cId:1257, entries: [(t:2, i:0), CONFIGURATIONENTRY(current:id: "s0"
address: "localhost:34297"
dataStreamAddress: "localhost:43983"
clientAddress: "localhost:39609"
adminAddress: "localhost:37077"
startupRole: FOLLOWER
,id: "s1"
address: "localhost:38917"
dataStreamAddress: "localhost:45719"
clientAddress: "localhost:36975"
adminAddress: "localhost:40635"
startupRole: FOLLOWER
,id: "s2"
address: "localhost:35511"
dataStreamAddress: "localhost:38827"
clientAddress: "localhost:42865"
adminAddress: "localhost:36791"
startupRole: FOLLOWER
, old:), (t:2, i:1), STATEMACHINELOGENTRY, 0@client-2EFB324ADA71, (t:2, i:2), METADATAENTRY(c:1), (t:2, i:3), STATEMACHINELOGENTRY, 999@client-AE8279CAF820, (t:2, i:4), METADATAENTRY(c:3)]
2022-11-08 19:12:09,243 [s2-server-thread1] INFO  server.RaftServer$Division (RaftServerImpl.java:checkInconsistentAppendEntries(1592)) - s2@group-EA982605F2E5: Failed appendEntries as the first entry (index 0) already exists (snapshotIndex: -1, commitIndex: 0)
2022-11-08 19:12:09,243 [s2-server-thread1] INFO  server.RaftServer$Division (RaftServerImpl.java:checkInconsistentAppendEntries(1572)) - s2@group-EA982605F2E5: inconsistency entries. Reply:s1<-s2#1257:FAIL-t2,INCONSISTENCY,nextIndex=1,followerCommit=0,matchIndex=-1
2022-11-08 19:12:09,243 [grpc-default-executor-3] INFO  leader.FollowerInfo (FollowerInfoImpl.java:lambda$new$0(48)) - s1@group-EA982605F2E5->s2: nextIndex: updateUnconditionally 5 -> 1
2022-11-08 19:12:09,244 [s2-server-thread2] DEBUG server.RaftServer$Division (RaftServerImpl.java:logAppendEntries(1421)) - s2@group-EA982605F2E5: receive appendEntries(s1, 2, (t:2, i:0), 4, true, commits:[s1:c4, s0:c4, s2:c0], cId:1258, entries: [(t:2, i:1), STATEMACHINELOGENTRY, 0@client-2EFB324ADA71, (t:2, i:2), METADATAENTRY(c:1), (t:2, i:3), STATEMACHINELOGENTRY, 999@client-AE8279CAF820, (t:2, i:4), METADATAENTRY(c:3)]
2022-11-08 19:12:09,244 [s2-server-thread2] INFO  server.RaftServer$Division (RaftServerImpl.java:checkInconsistentAppendEntries(1602)) - s2@group-EA982605F2E5: Failed appendEntries as previous log entry ((t:2, i:0)) is not found
2022-11-08 19:12:09,244 [s2-server-thread2] INFO  server.RaftServer$Division (RaftServerImpl.java:checkInconsistentAppendEntries(1572)) - s2@group-EA982605F2E5: inconsistency entries. Reply:s1<-s2#1258:FAIL-t2,INCONSISTENCY,nextIndex=0,followerCommit=0,matchIndex=-1
2022-11-08 19:12:09,244 [grpc-default-executor-3] INFO  leader.FollowerInfo (FollowerInfoImpl.java:lambda$new$0(48)) - s1@group-EA982605F2E5->s2: nextIndex: updateUnconditionally 5 -> 0
2022-11-08 19:12:09,245 [s2-server-thread2] DEBUG server.RaftServer$Division (RaftServerImpl.java:logAppendEntries(1421)) - s2@group-EA982605F2E5: receive appendEntries(s1, 2, null, 4, true, commits:[s1:c4, s0:c4, s2:c0], cId:1259, entries: [(t:2, i:0), CONFIGURATIONENTRY(current:id: "s0"
address: "localhost:34297"
dataStreamAddress: "localhost:43983"
clientAddress: "localhost:39609"
adminAddress: "localhost:37077"
startupRole: FOLLOWER
,id: "s1"
address: "localhost:38917"
dataStreamAddress: "localhost:45719"
clientAddress: "localhost:36975"
adminAddress: "localhost:40635"
startupRole: FOLLOWER
,id: "s2"
address: "localhost:35511"
dataStreamAddress: "localhost:38827"
clientAddress: "localhost:42865"
adminAddress: "localhost:36791"
startupRole: FOLLOWER
, old:), (t:2, i:1), STATEMACHINELOGENTRY, 0@client-2EFB324ADA71, (t:2, i:2), METADATAENTRY(c:1), (t:2, i:3), STATEMACHINELOGENTRY, 999@client-AE8279CAF820, (t:2, i:4), METADATAENTRY(c:3)]
2022-11-08 19:12:09,245 [s2-server-thread2] INFO  server.RaftServer$Division (RaftServerImpl.java:checkInconsistentAppendEntries(1592)) - s2@group-EA982605F2E5: Failed appendEntries as the first entry (index 0) already exists (snapshotIndex: -1, commitIndex: 0)
2022-11-08 19:12:09,245 [s2-server-thread2] INFO  server.RaftServer$Division (RaftServerImpl.java:checkInconsistentAppendEntries(1572)) - s2@group-EA982605F2E5: inconsistency entries. Reply:s1<-s2#1259:FAIL-t2,INCONSISTENCY,nextIndex=1,followerCommit=0,matchIndex=-1
2022-11-08 19:12:09,245 [grpc-default-executor-3] INFO  leader.FollowerInfo (FollowerInfoImpl.java:lambda$new$0(48)) - s1@group-EA982605F2E5->s2: nextIndex: updateUnconditionally 5 -> 1
2022-11-08 19:12:09,246 [s2-server-thread2] DEBUG server.RaftServer$Division (RaftServerImpl.java:logAppendEntries(1421)) - s2@group-EA982605F2E5: receive appendEntries(s1, 2, (t:2, i:0), 4, true, commits:[s1:c4, s0:c4, s2:c0], cId:1260, entries: [(t:2, i:1), STATEMACHINELOGENTRY, 0@client-2EFB324ADA71, (t:2, i:2), METADATAENTRY(c:1), (t:2, i:3), STATEMACHINELOGENTRY, 999@client-AE8279CAF820, (t:2, i:4), METADATAENTRY(c:3)]
2022-11-08 19:12:09,246 [s2-server-thread2] INFO  server.RaftServer$Division (RaftServerImpl.java:checkInconsistentAppendEntries(1602)) - s2@group-EA982605F2E5: Failed appendEntries as previous log entry ((t:2, i:0)) is not found
2022-11-08 19:12:09,246 [s2-server-thread2] INFO  server.RaftServer$Division (RaftServerImpl.java:checkInconsistentAppendEntries(1572)) - s2@group-EA982605F2E5: inconsistency entries. Reply:s1<-s2#1260:FAIL-t2,INCONSISTENCY,nextIndex=0,followerCommit=0,matchIndex=-1
2022-11-08 19:12:09,246 [grpc-default-executor-3] INFO  leader.FollowerInfo (FollowerInfoImpl.java:lambda$new$0(48)) - s1@group-EA982605F2E5->s2: nextIndex: updateUnconditionally 5 -> 0
2022-11-08 19:12:09,247 [s2-server-thread2] DEBUG server.RaftServer$Division (RaftServerImpl.java:logAppendEntries(1421)) - s2@group-EA982605F2E5: receive appendEntries(s1, 2, null, 4, true, commits:[s1:c4, s0:c4, s2:c0], cId:1261, entries: [(t:2, i:0), CONFIGURATIONENTRY(current:id: "s0"
address: "localhost:34297"
dataStreamAddress: "localhost:43983"
clientAddress: "localhost:39609"
adminAddress: "localhost:37077"
startupRole: FOLLOWER
,id: "s1"
address: "localhost:38917"
dataStreamAddress: "localhost:45719"
clientAddress: "localhost:36975"
adminAddress: "localhost:40635"
startupRole: FOLLOWER
,id: "s2"
address: "localhost:35511"
dataStreamAddress: "localhost:38827"
clientAddress: "localhost:42865"
adminAddress: "localhost:36791"
startupRole: FOLLOWER
, old:), (t:2, i:1), STATEMACHINELOGENTRY, 0@client-2EFB324ADA71, (t:2, i:2), METADATAENTRY(c:1), (t:2, i:3), STATEMACHINELOGENTRY, 999@client-AE8279CAF820, (t:2, i:4), METADATAENTRY(c:3)]
2022-11-08 19:12:09,247 [s2-server-thread2] INFO  server.RaftServer$Division (RaftServerImpl.java:checkInconsistentAppendEntries(1592)) - s2@group-EA982605F2E5: Failed appendEntries as the first entry (index 0) already exists (snapshotIndex: -1, commitIndex: 0)
2022-11-08 19:12:09,247 [s2-server-thread2] INFO  server.RaftServer$Division (RaftServerImpl.java:checkInconsistentAppendEntries(1572)) - s2@group-EA982605F2E5: inconsistency entries. Reply:s1<-s2#1261:FAIL-t2,INCONSISTENCY,nextIndex=1,followerCommit=0,matchIndex=-1
2022-11-08 19:12:09,248 [grpc-default-executor-3] INFO  leader.FollowerInfo (FollowerInfoImpl.java:lambda$new$0(48)) - s1@group-EA982605F2E5->s2: nextIndex: updateUnconditionally 5 -> 1
2022-11-08 19:12:09,248 [s2-server-thread2] DEBUG server.RaftServer$Division (RaftServerImpl.java:logAppendEntries(1421)) - s2@group-EA982605F2E5: receive appendEntries(s1, 2, (t:2, i:0), 4, true, commits:[s1:c4, s0:c4, s2:c0], cId:1262, entries: [(t:2, i:1), STATEMACHINELOGENTRY, 0@client-2EFB324ADA71, (t:2, i:2), METADATAENTRY(c:1), (t:2, i:3), STATEMACHINELOGENTRY, 999@client-AE8279CAF820, (t:2, i:4), METADATAENTRY(c:3)]
2022-11-08 19:12:09,248 [s2-server-thread2] INFO  server.RaftServer$Division (RaftServerImpl.java:checkInconsistentAppendEntries(1602)) - s2@group-EA982605F2E5: Failed appendEntries as previous log entry ((t:2, i:0)) is not found
2022-11-08 19:12:09,248 [s2-server-thread2] INFO  server.RaftServer$Division (RaftServerImpl.java:checkInconsistentAppendEntries(1572)) - s2@group-EA982605F2E5: inconsistency entries. Reply:s1<-s2#1262:FAIL-t2,INCONSISTENCY,nextIndex=0,followerCommit=0,matchIndex=-1
2022-11-08 19:12:09,249 [grpc-default-executor-3] INFO  leader.FollowerInfo (FollowerInfoImpl.java:lambda$new$0(48)) - s1@group-EA982605F2E5->s2: nextIndex: updateUnconditionally 5 -> 0
2022-11-08 19:12:09,249 [s2-server-thread2] DEBUG server.RaftServer$Division (RaftServerImpl.java:logAppendEntries(1421)) - s2@group-EA982605F2E5: receive appendEntries(s1, 2, null, 4, true, commits:[s1:c4, s0:c4, s2:c0], cId:1263, entries: [(t:2, i:0), CONFIGURATIONENTRY(current:id: "s0"
address: "localhost:34297"
dataStreamAddress: "localhost:43983"
clientAddress: "localhost:39609"
adminAddress: "localhost:37077"
startupRole: FOLLOWER
,id: "s1"
address: "localhost:38917"
dataStreamAddress: "localhost:45719"
clientAddress: "localhost:36975"
adminAddress: "localhost:40635"
startupRole: FOLLOWER
,id: "s2"
address: "localhost:35511"
dataStreamAddress: "localhost:38827"
clientAddress: "localhost:42865"
adminAddress: "localhost:36791"
startupRole: FOLLOWER
, old:), (t:2, i:1), STATEMACHINELOGENTRY, 0@client-2EFB324ADA71, (t:2, i:2), METADATAENTRY(c:1), (t:2, i:3), STATEMACHINELOGENTRY, 999@client-AE8279CAF820, (t:2, i:4), METADATAENTRY(c:3)]
2022-11-08 19:12:09,249 [s2-server-thread2] INFO  server.RaftServer$Division (RaftServerImpl.java:checkInconsistentAppendEntries(1592)) - s2@group-EA982605F2E5: Failed appendEntries as the first entry (index 0) already exists (snapshotIndex: -1, commitIndex: 0)
2022-11-08 19:12:09,249 [s2-server-thread2] INFO  server.RaftServer$Division (RaftServerImpl.java:checkInconsistentAppendEntries(1572)) - s2@group-EA982605F2E5: inconsistency entries. Reply:s1<-s2#1263:FAIL-t2,INCONSISTENCY,nextIndex=1,followerCommit=0,matchIndex=-1
2022-11-08 19:12:09,250 [grpc-default-executor-3] INFO  leader.FollowerInfo (FollowerInfoImpl.java:lambda$new$0(48)) - s1@group-EA982605F2E5->s2: nextIndex: updateUnconditionally 5 -> 1
2022-11-08 19:12:09,250 [s2-server-thread1] DEBUG server.RaftServer$Division (RaftServerImpl.java:logAppendEntries(1421)) - s2@group-EA982605F2E5: receive appendEntries(s1, 2, (t:2, i:0), 4, true, commits:[s1:c4, s0:c4, s2:c0], cId:1264, entries: [(t:2, i:1), STATEMACHINELOGENTRY, 0@client-2EFB324ADA71, (t:2, i:2), METADATAENTRY(c:1), (t:2, i:3), STATEMACHINELOGENTRY, 999@client-AE8279CAF820, (t:2, i:4), METADATAENTRY(c:3)]
2022-11-08 19:12:09,250 [s2-server-thread1] INFO  server.RaftServer$Division (RaftServerImpl.java:checkInconsistentAppendEntries(1602)) - s2@group-EA982605F2E5: Failed appendEntries as previous log entry ((t:2, i:0)) is not found
2022-11-08 19:12:09,250 [s2-server-thread1] INFO  server.RaftServer$Division (RaftServerImpl.java:checkInconsistentAppendEntries(1572)) - s2@group-EA982605F2E5: inconsistency entries. Reply:s1<-s2#1264:FAIL-t2,INCONSISTENCY,nextIndex=0,followerCommit=0,matchIndex=-1
2022-11-08 19:12:09,251 [grpc-default-executor-3] INFO  leader.FollowerInfo (FollowerInfoImpl.java:lambda$new$0(48)) - s1@group-EA982605F2E5->s2: nextIndex: updateUnconditionally 5 -> 0
2022-11-08 19:12:09,251 [s2-server-thread2] DEBUG server.RaftServer$Division (RaftServerImpl.java:logAppendEntries(1421)) - s2@group-EA982605F2E5: receive appendEntries(s1, 2, null, 4, true, commits:[s1:c4, s0:c4, s2:c0], cId:1265, entries: [(t:2, i:0), CONFIGURATIONENTRY(current:id: "s0"
address: "localhost:34297"
dataStreamAddress: "localhost:43983"
clientAddress: "localhost:39609"
adminAddress: "localhost:37077"
startupRole: FOLLOWER
,id: "s1"
address: "localhost:38917"
dataStreamAddress: "localhost:45719"
clientAddress: "localhost:36975"
adminAddress: "localhost:40635"
startupRole: FOLLOWER
,id: "s2"
address: "localhost:35511"
dataStreamAddress: "localhost:38827"
clientAddress: "localhost:42865"
adminAddress: "localhost:36791"
startupRole: FOLLOWER
, old:), (t:2, i:1), STATEMACHINELOGENTRY, 0@client-2EFB324ADA71, (t:2, i:2), METADATAENTRY(c:1), (t:2, i:3), STATEMACHINELOGENTRY, 999@client-AE8279CAF820, (t:2, i:4), METADATAENTRY(c:3)]
2022-11-08 19:12:09,251 [s2-server-thread2] INFO  server.RaftServer$Division (RaftServerImpl.java:checkInconsistentAppendEntries(1592)) - s2@group-EA982605F2E5: Failed appendEntries as the first entry (index 0) already exists (snapshotIndex: -1, commitIndex: 0)
2022-11-08 19:12:09,252 [s2-server-thread2] INFO  server.RaftServer$Division (RaftServerImpl.java:checkInconsistentAppendEntries(1572)) - s2@group-EA982605F2E5: inconsistency entries. Reply:s1<-s2#1265:FAIL-t2,INCONSISTENCY,nextIndex=1,followerCommit=0,matchIndex=-1
2022-11-08 19:12:09,252 [grpc-default-executor-3] INFO  leader.FollowerInfo (FollowerInfoImpl.java:lambda$new$0(48)) - s1@group-EA982605F2E5->s2: nextIndex: updateUnconditionally 5 -> 1
2022-11-08 19:12:09,252 [s2-server-thread2] DEBUG server.RaftServer$Division (RaftServerImpl.java:logAppendEntries(1421)) - s2@group-EA982605F2E5: receive appendEntries(s1, 2, (t:2, i:0), 4, true, commits:[s1:c4, s0:c4, s2:c0], cId:1266, entries: [(t:2, i:1), STATEMACHINELOGENTRY, 0@client-2EFB324ADA71, (t:2, i:2), METADATAENTRY(c:1), (t:2, i:3), STATEMACHINELOGENTRY, 999@client-AE8279CAF820, (t:2, i:4), METADATAENTRY(c:3)]
2022-11-08 19:12:09,253 [s2-server-thread2] INFO  server.RaftServer$Division (RaftServerImpl.java:checkInconsistentAppendEntries(1602)) - s2@group-EA982605F2E5: Failed appendEntries as previous log entry ((t:2, i:0)) is not found
2022-11-08 19:12:09,253 [s2-server-thread2] INFO  server.RaftServer$Division (RaftServerImpl.java:checkInconsistentAppendEntries(1572)) - s2@group-EA982605F2E5: inconsistency entries. Reply:s1<-s2#1266:FAIL-t2,INCONSISTENCY,nextIndex=0,followerCommit=0,matchIndex=-1
2022-11-08 19:12:09,253 [grpc-default-executor-3] INFO  leader.FollowerInfo (FollowerInfoImpl.java:lambda$new$0(48)) - s1@group-EA982605F2E5->s2: nextIndex: updateUnconditionally 5 -> 0
2022-11-08 19:12:09,254 [s2-server-thread2] DEBUG server.RaftServer$Division (RaftServerImpl.java:logAppendEntries(1421)) - s2@group-EA982605F2E5: receive appendEntries(s1, 2, null, 4, true, commits:[s1:c4, s0:c4, s2:c0], cId:1267, entries: [(t:2, i:0), CONFIGURATIONENTRY(current:id: "s0"
address: "localhost:34297"
dataStreamAddress: "localhost:43983"
clientAddress: "localhost:39609"
adminAddress: "localhost:37077"
startupRole: FOLLOWER
,id: "s1"
address: "localhost:38917"
dataStreamAddress: "localhost:45719"
clientAddress: "localhost:36975"
adminAddress: "localhost:40635"
startupRole: FOLLOWER
,id: "s2"
address: "localhost:35511"
dataStreamAddress: "localhost:38827"
clientAddress: "localhost:42865"
adminAddress: "localhost:36791"
startupRole: FOLLOWER
, old:), (t:2, i:1), STATEMACHINELOGENTRY, 0@client-2EFB324ADA71, (t:2, i:2), METADATAENTRY(c:1), (t:2, i:3), STATEMACHINELOGENTRY, 999@client-AE8279CAF820, (t:2, i:4), METADATAENTRY(c:3)]
2022-11-08 19:12:09,254 [s2-server-thread2] INFO  server.RaftServer$Division (RaftServerImpl.java:checkInconsistentAppendEntries(1592)) - s2@group-EA982605F2E5: Failed appendEntries as the first entry (index 0) already exists (snapshotIndex: -1, commitIndex: 0)
2022-11-08 19:12:09,254 [s2-server-thread2] INFO  server.RaftServer$Division (RaftServerImpl.java:checkInconsistentAppendEntries(1572)) - s2@group-EA982605F2E5: inconsistency entries. Reply:s1<-s2#1267:FAIL-t2,INCONSISTENCY,nextIndex=1,followerCommit=0,matchIndex=-1
2022-11-08 19:12:09,254 [grpc-default-executor-3] INFO  leader.FollowerInfo (FollowerInfoImpl.java:lambda$new$0(48)) - s1@group-EA982605F2E5->s2: nextIndex: updateUnconditionally 5 -> 1
2022-11-08 19:12:09,255 [s2-server-thread1] DEBUG server.RaftServer$Division (RaftServerImpl.java:logAppendEntries(1421)) - s2@group-EA982605F2E5: receive appendEntries(s1, 2, (t:2, i:0), 4, true, commits:[s1:c4, s0:c4, s2:c0], cId:1268, entries: [(t:2, i:1), STATEMACHINELOGENTRY, 0@client-2EFB324ADA71, (t:2, i:2), METADATAENTRY(c:1), (t:2, i:3), STATEMACHINELOGENTRY, 999@client-AE8279CAF820, (t:2, i:4), METADATAENTRY(c:3)]
2022-11-08 19:12:09,255 [s2-server-thread1] INFO  server.RaftServer$Division (RaftServerImpl.java:checkInconsistentAppendEntries(1602)) - s2@group-EA982605F2E5: Failed appendEntries as previous log entry ((t:2, i:0)) is not found
2022-11-08 19:12:09,255 [s2-server-thread1] INFO  server.RaftServer$Division (RaftServerImpl.java:checkInconsistentAppendEntries(1572)) - s2@group-EA982605F2E5: inconsistency entries. Reply:s1<-s2#1268:FAIL-t2,INCONSISTENCY,nextIndex=0,followerCommit=0,matchIndex=-1
2022-11-08 19:12:09,255 [grpc-default-executor-3] INFO  leader.FollowerInfo (FollowerInfoImpl.java:lambda$new$0(48)) - s1@group-EA982605F2E5->s2: nextIndex: updateUnconditionally 5 -> 0
2022-11-08 19:12:09,256 [s2-server-thread2] DEBUG server.RaftServer$Division (RaftServerImpl.java:logAppendEntries(1421)) - s2@group-EA982605F2E5: receive appendEntries(s1, 2, null, 4, true, commits:[s1:c4, s0:c4, s2:c0], cId:1269, entries: [(t:2, i:0), CONFIGURATIONENTRY(current:id: "s0"
address: "localhost:34297"
dataStreamAddress: "localhost:43983"
clientAddress: "localhost:39609"
adminAddress: "localhost:37077"
startupRole: FOLLOWER
,id: "s1"
address: "localhost:38917"
dataStreamAddress: "localhost:45719"
clientAddress: "localhost:36975"
adminAddress: "localhost:40635"
startupRole: FOLLOWER
,id: "s2"
address: "localhost:35511"
dataStreamAddress: "localhost:38827"
clientAddress: "localhost:42865"
adminAddress: "localhost:36791"
startupRole: FOLLOWER
, old:), (t:2, i:1), STATEMACHINELOGENTRY, 0@client-2EFB324ADA71, (t:2, i:2), METADATAENTRY(c:1), (t:2, i:3), STATEMACHINELOGENTRY, 999@client-AE8279CAF820, (t:2, i:4), METADATAENTRY(c:3)]
2022-11-08 19:12:09,256 [s2-server-thread2] INFO  server.RaftServer$Division (RaftServerImpl.java:checkInconsistentAppendEntries(1592)) - s2@group-EA982605F2E5: Failed appendEntries as the first entry (index 0) already exists (snapshotIndex: -1, commitIndex: 0)
2022-11-08 19:12:09,256 [s2-server-thread2] INFO  server.RaftServer$Division (RaftServerImpl.java:checkInconsistentAppendEntries(1572)) - s2@group-EA982605F2E5: inconsistency entries. Reply:s1<-s2#1269:FAIL-t2,INCONSISTENCY,nextIndex=1,followerCommit=0,matchIndex=-1
2022-11-08 19:12:09,256 [grpc-default-executor-3] INFO  leader.FollowerInfo (FollowerInfoImpl.java:lambda$new$0(48)) - s1@group-EA982605F2E5->s2: nextIndex: updateUnconditionally 5 -> 1
2022-11-08 19:12:09,257 [s2-server-thread2] DEBUG server.RaftServer$Division (RaftServerImpl.java:logAppendEntries(1421)) - s2@group-EA982605F2E5: receive appendEntries(s1, 2, (t:2, i:0), 4, true, commits:[s1:c4, s0:c4, s2:c0], cId:1270, entries: [(t:2, i:1), STATEMACHINELOGENTRY, 0@client-2EFB324ADA71, (t:2, i:2), METADATAENTRY(c:1), (t:2, i:3), STATEMACHINELOGENTRY, 999@client-AE8279CAF820, (t:2, i:4), METADATAENTRY(c:3)]
2022-11-08 19:12:09,257 [s2-server-thread2] INFO  server.RaftServer$Division (RaftServerImpl.java:checkInconsistentAppendEntries(1602)) - s2@group-EA982605F2E5: Failed appendEntries as previous log entry ((t:2, i:0)) is not found
2022-11-08 19:12:09,258 [s2-server-thread2] INFO  server.RaftServer$Division (RaftServerImpl.java:checkInconsistentAppendEntries(1572)) - s2@group-EA982605F2E5: inconsistency entries. Reply:s1<-s2#1270:FAIL-t2,INCONSISTENCY,nextIndex=0,followerCommit=0,matchIndex=-1
2022-11-08 19:12:09,258 [grpc-default-executor-3] INFO  leader.FollowerInfo (FollowerInfoImpl.java:lambda$new$0(48)) - s1@group-EA982605F2E5->s2: nextIndex: updateUnconditionally 5 -> 0
2022-11-08 19:12:09,259 [s2-server-thread1] DEBUG server.RaftServer$Division (RaftServerImpl.java:logAppendEntries(1421)) - s2@group-EA982605F2E5: receive appendEntries(s1, 2, null, 4, true, commits:[s1:c4, s0:c4, s2:c0], cId:1271, entries: [(t:2, i:0), CONFIGURATIONENTRY(current:id: "s0"
address: "localhost:34297"
dataStreamAddress: "localhost:43983"
clientAddress: "localhost:39609"
adminAddress: "localhost:37077"
startupRole: FOLLOWER
,id: "s1"
address: "localhost:38917"
dataStreamAddress: "localhost:45719"
clientAddress: "localhost:36975"
adminAddress: "localhost:40635"
startupRole: FOLLOWER
,id: "s2"
address: "localhost:35511"
dataStreamAddress: "localhost:38827"
clientAddress: "localhost:42865"
adminAddress: "localhost:36791"
startupRole: FOLLOWER
, old:), (t:2, i:1), STATEMACHINELOGENTRY, 0@client-2EFB324ADA71, (t:2, i:2), METADATAENTRY(c:1), (t:2, i:3), STATEMACHINELOGENTRY, 999@client-AE8279CAF820, (t:2, i:4), METADATAENTRY(c:3)]
2022-11-08 19:12:09,259 [s2-server-thread1] INFO  server.RaftServer$Division (RaftServerImpl.java:checkInconsistentAppendEntries(1592)) - s2@group-EA982605F2E5: Failed appendEntries as the first entry (index 0) already exists (snapshotIndex: -1, commitIndex: 0)
2022-11-08 19:12:09,259 [s2-server-thread1] INFO  server.RaftServer$Division (RaftServerImpl.java:checkInconsistentAppendEntries(1572)) - s2@group-EA982605F2E5: inconsistency entries. Reply:s1<-s2#1271:FAIL-t2,INCONSISTENCY,nextIndex=1,followerCommit=0,matchIndex=-1
2022-11-08 19:12:09,259 [grpc-default-executor-3] INFO  leader.FollowerInfo (FollowerInfoImpl.java:lambda$new$0(48)) - s1@group-EA982605F2E5->s2: nextIndex: updateUnconditionally 5 -> 1
2022-11-08 19:12:09,260 [s2-server-thread2] DEBUG server.RaftServer$Division (RaftServerImpl.java:logAppendEntries(1421)) - s2@group-EA982605F2E5: receive appendEntries(s1, 2, (t:2, i:0), 4, true, commits:[s1:c4, s0:c4, s2:c0], cId:1272, entries: [(t:2, i:1), STATEMACHINELOGENTRY, 0@client-2EFB324ADA71, (t:2, i:2), METADATAENTRY(c:1), (t:2, i:3), STATEMACHINELOGENTRY, 999@client-AE8279CAF820, (t:2, i:4), METADATAENTRY(c:3)]
2022-11-08 19:12:09,260 [s2-server-thread2] INFO  server.RaftServer$Division (RaftServerImpl.java:checkInconsistentAppendEntries(1602)) - s2@group-EA982605F2E5: Failed appendEntries as previous log entry ((t:2, i:0)) is not found
2022-11-08 19:12:09,260 [s2-server-thread2] INFO  server.RaftServer$Division (RaftServerImpl.java:checkInconsistentAppendEntries(1572)) - s2@group-EA982605F2E5: inconsistency entries. Reply:s1<-s2#1272:FAIL-t2,INCONSISTENCY,nextIndex=0,followerCommit=0,matchIndex=-1
2022-11-08 19:12:09,260 [grpc-default-executor-3] INFO  leader.FollowerInfo (FollowerInfoImpl.java:lambda$new$0(48)) - s1@group-EA982605F2E5->s2: nextIndex: updateUnconditionally 5 -> 0
2022-11-08 19:12:09,261 [s2-server-thread2] DEBUG server.RaftServer$Division (RaftServerImpl.java:logAppendEntries(1421)) - s2@group-EA982605F2E5: receive appendEntries(s1, 2, null, 4, true, commits:[s1:c4, s0:c4, s2:c0], cId:1273, entries: [(t:2, i:0), CONFIGURATIONENTRY(current:id: "s0"
address: "localhost:34297"
dataStreamAddress: "localhost:43983"
clientAddress: "localhost:39609"
adminAddress: "localhost:37077"
startupRole: FOLLOWER
,id: "s1"
address: "localhost:38917"
dataStreamAddress: "localhost:45719"
clientAddress: "localhost:36975"
adminAddress: "localhost:40635"
startupRole: FOLLOWER
,id: "s2"
address: "localhost:35511"
dataStreamAddress: "localhost:38827"
clientAddress: "localhost:42865"
adminAddress: "localhost:36791"
startupRole: FOLLOWER
, old:), (t:2, i:1), STATEMACHINELOGENTRY, 0@client-2EFB324ADA71, (t:2, i:2), METADATAENTRY(c:1), (t:2, i:3), STATEMACHINELOGENTRY, 999@client-AE8279CAF820, (t:2, i:4), METADATAENTRY(c:3)]
2022-11-08 19:12:09,261 [s2-server-thread2] INFO  server.RaftServer$Division (RaftServerImpl.java:checkInconsistentAppendEntries(1592)) - s2@group-EA982605F2E5: Failed appendEntries as the first entry (index 0) already exists (snapshotIndex: -1, commitIndex: 0)
2022-11-08 19:12:09,261 [s2-server-thread2] INFO  server.RaftServer$Division (RaftServerImpl.java:checkInconsistentAppendEntries(1572)) - s2@group-EA982605F2E5: inconsistency entries. Reply:s1<-s2#1273:FAIL-t2,INCONSISTENCY,nextIndex=1,followerCommit=0,matchIndex=-1
2022-11-08 19:12:09,261 [grpc-default-executor-3] INFO  leader.FollowerInfo (FollowerInfoImpl.java:lambda$new$0(48)) - s1@group-EA982605F2E5->s2: nextIndex: updateUnconditionally 5 -> 1
2022-11-08 19:12:09,262 [s2-server-thread2] DEBUG server.RaftServer$Division (RaftServerImpl.java:logAppendEntries(1421)) - s2@group-EA982605F2E5: receive appendEntries(s1, 2, (t:2, i:0), 4, true, commits:[s1:c4, s0:c4, s2:c0], cId:1274, entries: [(t:2, i:1), STATEMACHINELOGENTRY, 0@client-2EFB324ADA71, (t:2, i:2), METADATAENTRY(c:1), (t:2, i:3), STATEMACHINELOGENTRY, 999@client-AE8279CAF820, (t:2, i:4), METADATAENTRY(c:3)]
2022-11-08 19:12:09,262 [s2-server-thread2] INFO  server.RaftServer$Division (RaftServerImpl.java:checkInconsistentAppendEntries(1602)) - s2@group-EA982605F2E5: Failed appendEntries as previous log entry ((t:2, i:0)) is not found
2022-11-08 19:12:09,262 [s2-server-thread2] INFO  server.RaftServer$Division (RaftServerImpl.java:checkInconsistentAppendEntries(1572)) - s2@group-EA982605F2E5: inconsistency entries. Reply:s1<-s2#1274:FAIL-t2,INCONSISTENCY,nextIndex=0,followerCommit=0,matchIndex=-1
2022-11-08 19:12:09,263 [grpc-default-executor-3] INFO  leader.FollowerInfo (FollowerInfoImpl.java:lambda$new$0(48)) - s1@group-EA982605F2E5->s2: nextIndex: updateUnconditionally 5 -> 0
2022-11-08 19:12:09,263 [s2-server-thread2] DEBUG server.RaftServer$Division (RaftServerImpl.java:logAppendEntries(1421)) - s2@group-EA982605F2E5: receive appendEntries(s1, 2, null, 4, true, commits:[s1:c4, s0:c4, s2:c0], cId:1275, entries: [(t:2, i:0), CONFIGURATIONENTRY(current:id: "s0"
address: "localhost:34297"
dataStreamAddress: "localhost:43983"
clientAddress: "localhost:39609"
adminAddress: "localhost:37077"
startupRole: FOLLOWER
,id: "s1"
address: "localhost:38917"
dataStreamAddress: "localhost:45719"
clientAddress: "localhost:36975"
adminAddress: "localhost:40635"
startupRole: FOLLOWER
,id: "s2"
address: "localhost:35511"
dataStreamAddress: "localhost:38827"
clientAddress: "localhost:42865"
adminAddress: "localhost:36791"
startupRole: FOLLOWER
, old:), (t:2, i:1), STATEMACHINELOGENTRY, 0@client-2EFB324ADA71, (t:2, i:2), METADATAENTRY(c:1), (t:2, i:3), STATEMACHINELOGENTRY, 999@client-AE8279CAF820, (t:2, i:4), METADATAENTRY(c:3)]
2022-11-08 19:12:09,263 [s2-server-thread2] INFO  server.RaftServer$Division (RaftServerImpl.java:checkInconsistentAppendEntries(1592)) - s2@group-EA982605F2E5: Failed appendEntries as the first entry (index 0) already exists (snapshotIndex: -1, commitIndex: 0)
2022-11-08 19:12:09,263 [s2-server-thread2] INFO  server.RaftServer$Division (RaftServerImpl.java:checkInconsistentAppendEntries(1572)) - s2@group-EA982605F2E5: inconsistency entries. Reply:s1<-s2#1275:FAIL-t2,INCONSISTENCY,nextIndex=1,followerCommit=0,matchIndex=-1
2022-11-08 19:12:09,264 [grpc-default-executor-3] INFO  leader.FollowerInfo (FollowerInfoImpl.java:lambda$new$0(48)) - s1@group-EA982605F2E5->s2: nextIndex: updateUnconditionally 5 -> 1
2022-11-08 19:12:09,264 [s2-server-thread2] DEBUG server.RaftServer$Division (RaftServerImpl.java:logAppendEntries(1421)) - s2@group-EA982605F2E5: receive appendEntries(s1, 2, (t:2, i:0), 4, true, commits:[s1:c4, s0:c4, s2:c0], cId:1276, entries: [(t:2, i:1), STATEMACHINELOGENTRY, 0@client-2EFB324ADA71, (t:2, i:2), METADATAENTRY(c:1), (t:2, i:3), STATEMACHINELOGENTRY, 999@client-AE8279CAF820, (t:2, i:4), METADATAENTRY(c:3)]
2022-11-08 19:12:09,265 [s2-server-thread2] INFO  server.RaftServer$Division (RaftServerImpl.java:checkInconsistentAppendEntries(1602)) - s2@group-EA982605F2E5: Failed appendEntries as previous log entry ((t:2, i:0)) is not found
2022-11-08 19:12:09,265 [s2-server-thread2] INFO  server.RaftServer$Division (RaftServerImpl.java:checkInconsistentAppendEntries(1572)) - s2@group-EA982605F2E5: inconsistency entries. Reply:s1<-s2#1276:FAIL-t2,INCONSISTENCY,nextIndex=0,followerCommit=0,matchIndex=-1
2022-11-08 19:12:09,265 [grpc-default-executor-3] INFO  leader.FollowerInfo (FollowerInfoImpl.java:lambda$new$0(48)) - s1@group-EA982605F2E5->s2: nextIndex: updateUnconditionally 5 -> 0
2022-11-08 19:12:09,266 [s2-server-thread1] DEBUG server.RaftServer$Division (RaftServerImpl.java:logAppendEntries(1421)) - s2@group-EA982605F2E5: receive appendEntries(s1, 2, null, 4, true, commits:[s1:c4, s0:c4, s2:c0], cId:1277, entries: [(t:2, i:0), CONFIGURATIONENTRY(current:id: "s0"
address: "localhost:34297"
dataStreamAddress: "localhost:43983"
clientAddress: "localhost:39609"
adminAddress: "localhost:37077"
startupRole: FOLLOWER
,id: "s1"
address: "localhost:38917"
dataStreamAddress: "localhost:45719"
clientAddress: "localhost:36975"
adminAddress: "localhost:40635"
startupRole: FOLLOWER
,id: "s2"
address: "localhost:35511"
dataStreamAddress: "localhost:38827"
clientAddress: "localhost:42865"
adminAddress: "localhost:36791"
startupRole: FOLLOWER
, old:), (t:2, i:1), STATEMACHINELOGENTRY, 0@client-2EFB324ADA71, (t:2, i:2), METADATAENTRY(c:1), (t:2, i:3), STATEMACHINELOGENTRY, 999@client-AE8279CAF820, (t:2, i:4), METADATAENTRY(c:3)]
2022-11-08 19:12:09,266 [s2-server-thread1] INFO  server.RaftServer$Division (RaftServerImpl.java:checkInconsistentAppendEntries(1592)) - s2@group-EA982605F2E5: Failed appendEntries as the first entry (index 0) already exists (snapshotIndex: -1, commitIndex: 0)
2022-11-08 19:12:09,266 [s2-server-thread1] INFO  server.RaftServer$Division (RaftServerImpl.java:checkInconsistentAppendEntries(1572)) - s2@group-EA982605F2E5: inconsistency entries. Reply:s1<-s2#1277:FAIL-t2,INCONSISTENCY,nextIndex=1,followerCommit=0,matchIndex=-1
2022-11-08 19:12:09,266 [grpc-default-executor-3] INFO  leader.FollowerInfo (FollowerInfoImpl.java:lambda$new$0(48)) - s1@group-EA982605F2E5->s2: nextIndex: updateUnconditionally 5 -> 1
2022-11-08 19:12:09,267 [s2-server-thread2] DEBUG server.RaftServer$Division (RaftServerImpl.java:logAppendEntries(1421)) - s2@group-EA982605F2E5: receive appendEntries(s1, 2, (t:2, i:0), 4, true, commits:[s1:c4, s0:c4, s2:c0], cId:1278, entries: [(t:2, i:1), STATEMACHINELOGENTRY, 0@client-2EFB324ADA71, (t:2, i:2), METADATAENTRY(c:1), (t:2, i:3), STATEMACHINELOGENTRY, 999@client-AE8279CAF820, (t:2, i:4), METADATAENTRY(c:3)]
2022-11-08 19:12:09,267 [s2-server-thread2] INFO  server.RaftServer$Division (RaftServerImpl.java:checkInconsistentAppendEntries(1602)) - s2@group-EA982605F2E5: Failed appendEntries as previous log entry ((t:2, i:0)) is not found
2022-11-08 19:12:09,267 [s2-server-thread2] INFO  server.RaftServer$Division (RaftServerImpl.java:checkInconsistentAppendEntries(1572)) - s2@group-EA982605F2E5: inconsistency entries. Reply:s1<-s2#1278:FAIL-t2,INCONSISTENCY,nextIndex=0,followerCommit=0,matchIndex=-1
2022-11-08 19:12:09,267 [grpc-default-executor-3] INFO  leader.FollowerInfo (FollowerInfoImpl.java:lambda$new$0(48)) - s1@group-EA982605F2E5->s2: nextIndex: updateUnconditionally 5 -> 0
2022-11-08 19:12:09,268 [s2-server-thread2] DEBUG server.RaftServer$Division (RaftServerImpl.java:logAppendEntries(1421)) - s2@group-EA982605F2E5: receive appendEntries(s1, 2, null, 4, true, commits:[s1:c4, s0:c4, s2:c0], cId:1279, entries: [(t:2, i:0), CONFIGURATIONENTRY(current:id: "s0"
address: "localhost:34297"
dataStreamAddress: "localhost:43983"
clientAddress: "localhost:39609"
adminAddress: "localhost:37077"
startupRole: FOLLOWER
,id: "s1"
address: "localhost:38917"
dataStreamAddress: "localhost:45719"
clientAddress: "localhost:36975"
adminAddress: "localhost:40635"
startupRole: FOLLOWER
,id: "s2"
address: "localhost:35511"
dataStreamAddress: "localhost:38827"
clientAddress: "localhost:42865"
adminAddress: "localhost:36791"
startupRole: FOLLOWER
, old:), (t:2, i:1), STATEMACHINELOGENTRY, 0@client-2EFB324ADA71, (t:2, i:2), METADATAENTRY(c:1), (t:2, i:3), STATEMACHINELOGENTRY, 999@client-AE8279CAF820, (t:2, i:4), METADATAENTRY(c:3)]
2022-11-08 19:12:09,268 [s2-server-thread2] INFO  server.RaftServer$Division (RaftServerImpl.java:checkInconsistentAppendEntries(1592)) - s2@group-EA982605F2E5: Failed appendEntries as the first entry (index 0) already exists (snapshotIndex: -1, commitIndex: 0)
2022-11-08 19:12:09,268 [s2-server-thread2] INFO  server.RaftServer$Division (RaftServerImpl.java:checkInconsistentAppendEntries(1572)) - s2@group-EA982605F2E5: inconsistency entries. Reply:s1<-s2#1279:FAIL-t2,INCONSISTENCY,nextIndex=1,followerCommit=0,matchIndex=-1
2022-11-08 19:12:09,268 [grpc-default-executor-3] INFO  leader.FollowerInfo (FollowerInfoImpl.java:lambda$new$0(48)) - s1@group-EA982605F2E5->s2: nextIndex: updateUnconditionally 5 -> 1
2022-11-08 19:12:09,269 [s2-server-thread2] DEBUG server.RaftServer$Division (RaftServerImpl.java:logAppendEntries(1421)) - s2@group-EA982605F2E5: receive appendEntries(s1, 2, (t:2, i:0), 4, true, commits:[s1:c4, s0:c4, s2:c0], cId:1280, entries: [(t:2, i:1), STATEMACHINELOGENTRY, 0@client-2EFB324ADA71, (t:2, i:2), METADATAENTRY(c:1), (t:2, i:3), STATEMACHINELOGENTRY, 999@client-AE8279CAF820, (t:2, i:4), METADATAENTRY(c:3)]
2022-11-08 19:12:09,269 [s2-server-thread2] INFO  server.RaftServer$Division (RaftServerImpl.java:checkInconsistentAppendEntries(1602)) - s2@group-EA982605F2E5: Failed appendEntries as previous log entry ((t:2, i:0)) is not found
2022-11-08 19:12:09,269 [s2-server-thread2] INFO  server.RaftServer$Division (RaftServerImpl.java:checkInconsistentAppendEntries(1572)) - s2@group-EA982605F2E5: inconsistency entries. Reply:s1<-s2#1280:FAIL-t2,INCONSISTENCY,nextIndex=0,followerCommit=0,matchIndex=-1
2022-11-08 19:12:09,269 [grpc-default-executor-3] INFO  leader.FollowerInfo (FollowerInfoImpl.java:lambda$new$0(48)) - s1@group-EA982605F2E5->s2: nextIndex: updateUnconditionally 5 -> 0
2022-11-08 19:12:09,270 [s2-server-thread2] DEBUG server.RaftServer$Division (RaftServerImpl.java:logAppendEntries(1421)) - s2@group-EA982605F2E5: receive appendEntries(s1, 2, null, 4, true, commits:[s1:c4, s0:c4, s2:c0], cId:1281, entries: [(t:2, i:0), CONFIGURATIONENTRY(current:id: "s0"
address: "localhost:34297"
dataStreamAddress: "localhost:43983"
clientAddress: "localhost:39609"
adminAddress: "localhost:37077"
startupRole: FOLLOWER
,id: "s1"
address: "localhost:38917"
dataStreamAddress: "localhost:45719"
clientAddress: "localhost:36975"
adminAddress: "localhost:40635"
startupRole: FOLLOWER
,id: "s2"
address: "localhost:35511"
dataStreamAddress: "localhost:38827"
clientAddress: "localhost:42865"
adminAddress: "localhost:36791"
startupRole: FOLLOWER
, old:), (t:2, i:1), STATEMACHINELOGENTRY, 0@client-2EFB324ADA71, (t:2, i:2), METADATAENTRY(c:1), (t:2, i:3), STATEMACHINELOGENTRY, 999@client-AE8279CAF820, (t:2, i:4), METADATAENTRY(c:3)]
2022-11-08 19:12:09,270 [s2-server-thread2] INFO  server.RaftServer$Division (RaftServerImpl.java:checkInconsistentAppendEntries(1592)) - s2@group-EA982605F2E5: Failed appendEntries as the first entry (index 0) already exists (snapshotIndex: -1, commitIndex: 0)
2022-11-08 19:12:09,270 [s2-server-thread2] INFO  server.RaftServer$Division (RaftServerImpl.java:checkInconsistentAppendEntries(1572)) - s2@group-EA982605F2E5: inconsistency entries. Reply:s1<-s2#1281:FAIL-t2,INCONSISTENCY,nextIndex=1,followerCommit=0,matchIndex=-1
2022-11-08 19:12:09,271 [grpc-default-executor-3] INFO  leader.FollowerInfo (FollowerInfoImpl.java:lambda$new$0(48)) - s1@group-EA982605F2E5->s2: nextIndex: updateUnconditionally 5 -> 1
2022-11-08 19:12:09,271 [s2-server-thread1] DEBUG server.RaftServer$Division (RaftServerImpl.java:logAppendEntries(1421)) - s2@group-EA982605F2E5: receive appendEntries(s1, 2, (t:2, i:0), 4, true, commits:[s1:c4, s0:c4, s2:c0], cId:1282, entries: [(t:2, i:1), STATEMACHINELOGENTRY, 0@client-2EFB324ADA71, (t:2, i:2), METADATAENTRY(c:1), (t:2, i:3), STATEMACHINELOGENTRY, 999@client-AE8279CAF820, (t:2, i:4), METADATAENTRY(c:3)]
2022-11-08 19:12:09,271 [s2-server-thread1] INFO  server.RaftServer$Division (RaftServerImpl.java:checkInconsistentAppendEntries(1602)) - s2@group-EA982605F2E5: Failed appendEntries as previous log entry ((t:2, i:0)) is not found
2022-11-08 19:12:09,271 [s2-server-thread1] INFO  server.RaftServer$Division (RaftServerImpl.java:checkInconsistentAppendEntries(1572)) - s2@group-EA982605F2E5: inconsistency entries. Reply:s1<-s2#1282:FAIL-t2,INCONSISTENCY,nextIndex=0,followerCommit=0,matchIndex=-1
2022-11-08 19:12:09,272 [grpc-default-executor-3] INFO  leader.FollowerInfo (FollowerInfoImpl.java:lambda$new$0(48)) - s1@group-EA982605F2E5->s2: nextIndex: updateUnconditionally 5 -> 0
2022-11-08 19:12:09,272 [s2-server-thread2] DEBUG server.RaftServer$Division (RaftServerImpl.java:logAppendEntries(1421)) - s2@group-EA982605F2E5: receive appendEntries(s1, 2, null, 4, true, commits:[s1:c4, s0:c4, s2:c0], cId:1283, entries: [(t:2, i:0), CONFIGURATIONENTRY(current:id: "s0"
address: "localhost:34297"
dataStreamAddress: "localhost:43983"
clientAddress: "localhost:39609"
adminAddress: "localhost:37077"
startupRole: FOLLOWER
,id: "s1"
address: "localhost:38917"
dataStreamAddress: "localhost:45719"
clientAddress: "localhost:36975"
adminAddress: "localhost:40635"
startupRole: FOLLOWER
,id: "s2"
address: "localhost:35511"
dataStreamAddress: "localhost:38827"
clientAddress: "localhost:42865"
adminAddress: "localhost:36791"
startupRole: FOLLOWER
, old:), (t:2, i:1), STATEMACHINELOGENTRY, 0@client-2EFB324ADA71, (t:2, i:2), METADATAENTRY(c:1), (t:2, i:3), STATEMACHINELOGENTRY, 999@client-AE8279CAF820, (t:2, i:4), METADATAENTRY(c:3)]
2022-11-08 19:12:09,272 [s2-server-thread2] INFO  server.RaftServer$Division (RaftServerImpl.java:checkInconsistentAppendEntries(1592)) - s2@group-EA982605F2E5: Failed appendEntries as the first entry (index 0) already exists (snapshotIndex: -1, commitIndex: 0)
2022-11-08 19:12:09,272 [s2-server-thread2] INFO  server.RaftServer$Division (RaftServerImpl.java:checkInconsistentAppendEntries(1572)) - s2@group-EA982605F2E5: inconsistency entries. Reply:s1<-s2#1283:FAIL-t2,INCONSISTENCY,nextIndex=1,followerCommit=0,matchIndex=-1
2022-11-08 19:12:09,273 [grpc-default-executor-3] INFO  leader.FollowerInfo (FollowerInfoImpl.java:lambda$new$0(48)) - s1@group-EA982605F2E5->s2: nextIndex: updateUnconditionally 5 -> 1
2022-11-08 19:12:09,273 [s2-server-thread2] DEBUG server.RaftServer$Division (RaftServerImpl.java:logAppendEntries(1421)) - s2@group-EA982605F2E5: receive appendEntries(s1, 2, (t:2, i:0), 4, true, commits:[s1:c4, s0:c4, s2:c0], cId:1284, entries: [(t:2, i:1), STATEMACHINELOGENTRY, 0@client-2EFB324ADA71, (t:2, i:2), METADATAENTRY(c:1), (t:2, i:3), STATEMACHINELOGENTRY, 999@client-AE8279CAF820, (t:2, i:4), METADATAENTRY(c:3)]
2022-11-08 19:12:09,273 [s2-server-thread2] INFO  server.RaftServer$Division (RaftServerImpl.java:checkInconsistentAppendEntries(1602)) - s2@group-EA982605F2E5: Failed appendEntries as previous log entry ((t:2, i:0)) is not found
2022-11-08 19:12:09,274 [s2-server-thread2] INFO  server.RaftServer$Division (RaftServerImpl.java:checkInconsistentAppendEntries(1572)) - s2@group-EA982605F2E5: inconsistency entries. Reply:s1<-s2#1284:FAIL-t2,INCONSISTENCY,nextIndex=0,followerCommit=0,matchIndex=-1
2022-11-08 19:12:09,274 [grpc-default-executor-3] INFO  leader.FollowerInfo (FollowerInfoImpl.java:lambda$new$0(48)) - s1@group-EA982605F2E5->s2: nextIndex: updateUnconditionally 5 -> 0
2022-11-08 19:12:09,275 [s2-server-thread2] DEBUG server.RaftServer$Division (RaftServerImpl.java:logAppendEntries(1421)) - s2@group-EA982605F2E5: receive appendEntries(s1, 2, null, 4, true, commits:[s1:c4, s0:c4, s2:c0], cId:1285, entries: [(t:2, i:0), CONFIGURATIONENTRY(current:id: "s0"
address: "localhost:34297"
dataStreamAddress: "localhost:43983"
clientAddress: "localhost:39609"
adminAddress: "localhost:37077"
startupRole: FOLLOWER
,id: "s1"
address: "localhost:38917"
dataStreamAddress: "localhost:45719"
clientAddress: "localhost:36975"
adminAddress: "localhost:40635"
startupRole: FOLLOWER
,id: "s2"
address: "localhost:35511"
dataStreamAddress: "localhost:38827"
clientAddress: "localhost:42865"
adminAddress: "localhost:36791"
startupRole: FOLLOWER
, old:), (t:2, i:1), STATEMACHINELOGENTRY, 0@client-2EFB324ADA71, (t:2, i:2), METADATAENTRY(c:1), (t:2, i:3), STATEMACHINELOGENTRY, 999@client-AE8279CAF820, (t:2, i:4), METADATAENTRY(c:3)]
2022-11-08 19:12:09,275 [s2-server-thread2] INFO  server.RaftServer$Division (RaftServerImpl.java:checkInconsistentAppendEntries(1592)) - s2@group-EA982605F2E5: Failed appendEntries as the first entry (index 0) already exists (snapshotIndex: -1, commitIndex: 0)
2022-11-08 19:12:09,275 [s2-server-thread2] INFO  server.RaftServer$Division (RaftServerImpl.java:checkInconsistentAppendEntries(1572)) - s2@group-EA982605F2E5: inconsistency entries. Reply:s1<-s2#1285:FAIL-t2,INCONSISTENCY,nextIndex=1,followerCommit=0,matchIndex=-1
2022-11-08 19:12:09,275 [grpc-default-executor-3] INFO  leader.FollowerInfo (FollowerInfoImpl.java:lambda$new$0(48)) - s1@group-EA982605F2E5->s2: nextIndex: updateUnconditionally 5 -> 1
2022-11-08 19:12:09,276 [s2-server-thread2] DEBUG server.RaftServer$Division (RaftServerImpl.java:logAppendEntries(1421)) - s2@group-EA982605F2E5: receive appendEntries(s1, 2, (t:2, i:0), 4, true, commits:[s1:c4, s0:c4, s2:c0], cId:1286, entries: [(t:2, i:1), STATEMACHINELOGENTRY, 0@client-2EFB324ADA71, (t:2, i:2), METADATAENTRY(c:1), (t:2, i:3), STATEMACHINELOGENTRY, 999@client-AE8279CAF820, (t:2, i:4), METADATAENTRY(c:3)]
2022-11-08 19:12:09,276 [s2-server-thread2] INFO  server.RaftServer$Division (RaftServerImpl.java:checkInconsistentAppendEntries(1602)) - s2@group-EA982605F2E5: Failed appendEntries as previous log entry ((t:2, i:0)) is not found
2022-11-08 19:12:09,276 [s2-server-thread2] INFO  server.RaftServer$Division (RaftServerImpl.java:checkInconsistentAppendEntries(1572)) - s2@group-EA982605F2E5: inconsistency entries. Reply:s1<-s2#1286:FAIL-t2,INCONSISTENCY,nextIndex=0,followerCommit=0,matchIndex=-1
2022-11-08 19:12:09,276 [grpc-default-executor-3] INFO  leader.FollowerInfo (FollowerInfoImpl.java:lambda$new$0(48)) - s1@group-EA982605F2E5->s2: nextIndex: updateUnconditionally 5 -> 0
2022-11-08 19:12:09,277 [s2-server-thread2] DEBUG server.RaftServer$Division (RaftServerImpl.java:logAppendEntries(1421)) - s2@group-EA982605F2E5: receive appendEntries(s1, 2, null, 4, true, commits:[s1:c4, s0:c4, s2:c0], cId:1287, entries: [(t:2, i:0), CONFIGURATIONENTRY(current:id: "s0"
address: "localhost:34297"
dataStreamAddress: "localhost:43983"
clientAddress: "localhost:39609"
adminAddress: "localhost:37077"
startupRole: FOLLOWER
,id: "s1"
address: "localhost:38917"
dataStreamAddress: "localhost:45719"
clientAddress: "localhost:36975"
adminAddress: "localhost:40635"
startupRole: FOLLOWER
,id: "s2"
address: "localhost:35511"
dataStreamAddress: "localhost:38827"
clientAddress: "localhost:42865"
adminAddress: "localhost:36791"
startupRole: FOLLOWER
, old:), (t:2, i:1), STATEMACHINELOGENTRY, 0@client-2EFB324ADA71, (t:2, i:2), METADATAENTRY(c:1), (t:2, i:3), STATEMACHINELOGENTRY, 999@client-AE8279CAF820, (t:2, i:4), METADATAENTRY(c:3)]
2022-11-08 19:12:09,277 [s2-server-thread2] INFO  server.RaftServer$Division (RaftServerImpl.java:checkInconsistentAppendEntries(1592)) - s2@group-EA982605F2E5: Failed appendEntries as the first entry (index 0) already exists (snapshotIndex: -1, commitIndex: 0)
2022-11-08 19:12:09,278 [s2-server-thread2] INFO  server.RaftServer$Division (RaftServerImpl.java:checkInconsistentAppendEntries(1572)) - s2@group-EA982605F2E5: inconsistency entries. Reply:s1<-s2#1287:FAIL-t2,INCONSISTENCY,nextIndex=1,followerCommit=0,matchIndex=-1
2022-11-08 19:12:09,278 [grpc-default-executor-0] INFO  leader.FollowerInfo (FollowerInfoImpl.java:lambda$new$0(48)) - s1@group-EA982605F2E5->s2: nextIndex: updateUnconditionally 5 -> 1
2022-11-08 19:12:09,278 [s2-server-thread2] DEBUG server.RaftServer$Division (RaftServerImpl.java:logAppendEntries(1421)) - s2@group-EA982605F2E5: receive appendEntries(s1, 2, (t:2, i:0), 4, true, commits:[s1:c4, s0:c4, s2:c0], cId:1288, entries: [(t:2, i:1), STATEMACHINELOGENTRY, 0@client-2EFB324ADA71, (t:2, i:2), METADATAENTRY(c:1), (t:2, i:3), STATEMACHINELOGENTRY, 999@client-AE8279CAF820, (t:2, i:4), METADATAENTRY(c:3)]
2022-11-08 19:12:09,279 [s2-server-thread2] INFO  server.RaftServer$Division (RaftServerImpl.java:checkInconsistentAppendEntries(1602)) - s2@group-EA982605F2E5: Failed appendEntries as previous log entry ((t:2, i:0)) is not found
2022-11-08 19:12:09,279 [s2-server-thread2] INFO  server.RaftServer$Division (RaftServerImpl.java:checkInconsistentAppendEntries(1572)) - s2@group-EA982605F2E5: inconsistency entries. Reply:s1<-s2#1288:FAIL-t2,INCONSISTENCY,nextIndex=0,followerCommit=0,matchIndex=-1
2022-11-08 19:12:09,279 [grpc-default-executor-0] INFO  leader.FollowerInfo (FollowerInfoImpl.java:lambda$new$0(48)) - s1@group-EA982605F2E5->s2: nextIndex: updateUnconditionally 5 -> 0
2022-11-08 19:12:09,280 [s2-server-thread1] DEBUG server.RaftServer$Division (RaftServerImpl.java:logAppendEntries(1421)) - s2@group-EA982605F2E5: receive appendEntries(s1, 2, null, 4, true, commits:[s1:c4, s0:c4, s2:c0], cId:1289, entries: [(t:2, i:0), CONFIGURATIONENTRY(current:id: "s0"
address: "localhost:34297"
dataStreamAddress: "localhost:43983"
clientAddress: "localhost:39609"
adminAddress: "localhost:37077"
startupRole: FOLLOWER
,id: "s1"
address: "localhost:38917"
dataStreamAddress: "localhost:45719"
clientAddress: "localhost:36975"
adminAddress: "localhost:40635"
startupRole: FOLLOWER
,id: "s2"
address: "localhost:35511"
dataStreamAddress: "localhost:38827"
clientAddress: "localhost:42865"
adminAddress: "localhost:36791"
startupRole: FOLLOWER
, old:), (t:2, i:1), STATEMACHINELOGENTRY, 0@client-2EFB324ADA71, (t:2, i:2), METADATAENTRY(c:1), (t:2, i:3), STATEMACHINELOGENTRY, 999@client-AE8279CAF820, (t:2, i:4), METADATAENTRY(c:3)]
2022-11-08 19:12:09,280 [s2-server-thread1] INFO  server.RaftServer$Division (RaftServerImpl.java:checkInconsistentAppendEntries(1592)) - s2@group-EA982605F2E5: Failed appendEntries as the first entry (index 0) already exists (snapshotIndex: -1, commitIndex: 0)
2022-11-08 19:12:09,280 [s2-server-thread1] INFO  server.RaftServer$Division (RaftServerImpl.java:checkInconsistentAppendEntries(1572)) - s2@group-EA982605F2E5: inconsistency entries. Reply:s1<-s2#1289:FAIL-t2,INCONSISTENCY,nextIndex=1,followerCommit=0,matchIndex=-1
2022-11-08 19:12:09,280 [grpc-default-executor-0] INFO  leader.FollowerInfo (FollowerInfoImpl.java:lambda$new$0(48)) - s1@group-EA982605F2E5->s2: nextIndex: updateUnconditionally 5 -> 1
2022-11-08 19:12:09,281 [s2-server-thread2] DEBUG server.RaftServer$Division (RaftServerImpl.java:logAppendEntries(1421)) - s2@group-EA982605F2E5: receive appendEntries(s1, 2, (t:2, i:0), 4, true, commits:[s1:c4, s0:c4, s2:c0], cId:1290, entries: [(t:2, i:1), STATEMACHINELOGENTRY, 0@client-2EFB324ADA71, (t:2, i:2), METADATAENTRY(c:1), (t:2, i:3), STATEMACHINELOGENTRY, 999@client-AE8279CAF820, (t:2, i:4), METADATAENTRY(c:3)]
2022-11-08 19:12:09,281 [s2-server-thread2] INFO  server.RaftServer$Division (RaftServerImpl.java:checkInconsistentAppendEntries(1602)) - s2@group-EA982605F2E5: Failed appendEntries as previous log entry ((t:2, i:0)) is not found
2022-11-08 19:12:09,281 [s2-server-thread2] INFO  server.RaftServer$Division (RaftServerImpl.java:checkInconsistentAppendEntries(1572)) - s2@group-EA982605F2E5: inconsistency entries. Reply:s1<-s2#1290:FAIL-t2,INCONSISTENCY,nextIndex=0,followerCommit=0,matchIndex=-1
2022-11-08 19:12:09,281 [grpc-default-executor-0] INFO  leader.FollowerInfo (FollowerInfoImpl.java:lambda$new$0(48)) - s1@group-EA982605F2E5->s2: nextIndex: updateUnconditionally 5 -> 0
2022-11-08 19:12:09,282 [s2-server-thread2] DEBUG server.RaftServer$Division (RaftServerImpl.java:logAppendEntries(1421)) - s2@group-EA982605F2E5: receive appendEntries(s1, 2, null, 4, true, commits:[s1:c4, s0:c4, s2:c0], cId:1291, entries: [(t:2, i:0), CONFIGURATIONENTRY(current:id: "s0"
address: "localhost:34297"
dataStreamAddress: "localhost:43983"
clientAddress: "localhost:39609"
adminAddress: "localhost:37077"
startupRole: FOLLOWER
,id: "s1"
address: "localhost:38917"
dataStreamAddress: "localhost:45719"
clientAddress: "localhost:36975"
adminAddress: "localhost:40635"
startupRole: FOLLOWER
,id: "s2"
address: "localhost:35511"
dataStreamAddress: "localhost:38827"
clientAddress: "localhost:42865"
adminAddress: "localhost:36791"
startupRole: FOLLOWER
, old:), (t:2, i:1), STATEMACHINELOGENTRY, 0@client-2EFB324ADA71, (t:2, i:2), METADATAENTRY(c:1), (t:2, i:3), STATEMACHINELOGENTRY, 999@client-AE8279CAF820, (t:2, i:4), METADATAENTRY(c:3)]
2022-11-08 19:12:09,282 [s2-server-thread2] INFO  server.RaftServer$Division (RaftServerImpl.java:checkInconsistentAppendEntries(1592)) - s2@group-EA982605F2E5: Failed appendEntries as the first entry (index 0) already exists (snapshotIndex: -1, commitIndex: 0)
2022-11-08 19:12:09,282 [s2-server-thread2] INFO  server.RaftServer$Division (RaftServerImpl.java:checkInconsistentAppendEntries(1572)) - s2@group-EA982605F2E5: inconsistency entries. Reply:s1<-s2#1291:FAIL-t2,INCONSISTENCY,nextIndex=1,followerCommit=0,matchIndex=-1
2022-11-08 19:12:09,282 [grpc-default-executor-0] INFO  leader.FollowerInfo (FollowerInfoImpl.java:lambda$new$0(48)) - s1@group-EA982605F2E5->s2: nextIndex: updateUnconditionally 5 -> 1
2022-11-08 19:12:09,283 [s2-server-thread2] DEBUG server.RaftServer$Division (RaftServerImpl.java:logAppendEntries(1421)) - s2@group-EA982605F2E5: receive appendEntries(s1, 2, (t:2, i:0), 4, true, commits:[s1:c4, s0:c4, s2:c0], cId:1292, entries: [(t:2, i:1), STATEMACHINELOGENTRY, 0@client-2EFB324ADA71, (t:2, i:2), METADATAENTRY(c:1), (t:2, i:3), STATEMACHINELOGENTRY, 999@client-AE8279CAF820, (t:2, i:4), METADATAENTRY(c:3)]
2022-11-08 19:12:09,283 [s2-server-thread2] INFO  server.RaftServer$Division (RaftServerImpl.java:checkInconsistentAppendEntries(1602)) - s2@group-EA982605F2E5: Failed appendEntries as previous log entry ((t:2, i:0)) is not found
2022-11-08 19:12:09,283 [s2-server-thread2] INFO  server.RaftServer$Division (RaftServerImpl.java:checkInconsistentAppendEntries(1572)) - s2@group-EA982605F2E5: inconsistency entries. Reply:s1<-s2#1292:FAIL-t2,INCONSISTENCY,nextIndex=0,followerCommit=0,matchIndex=-1
2022-11-08 19:12:09,284 [grpc-default-executor-0] INFO  leader.FollowerInfo (FollowerInfoImpl.java:lambda$new$0(48)) - s1@group-EA982605F2E5->s2: nextIndex: updateUnconditionally 5 -> 0
2022-11-08 19:12:09,284 [s2-server-thread2] DEBUG server.RaftServer$Division (RaftServerImpl.java:logAppendEntries(1421)) - s2@group-EA982605F2E5: receive appendEntries(s1, 2, null, 4, true, commits:[s1:c4, s0:c4, s2:c0], cId:1293, entries: [(t:2, i:0), CONFIGURATIONENTRY(current:id: "s0"
address: "localhost:34297"
dataStreamAddress: "localhost:43983"
clientAddress: "localhost:39609"
adminAddress: "localhost:37077"
startupRole: FOLLOWER
,id: "s1"
address: "localhost:38917"
dataStreamAddress: "localhost:45719"
clientAddress: "localhost:36975"
adminAddress: "localhost:40635"
startupRole: FOLLOWER
,id: "s2"
address: "localhost:35511"
dataStreamAddress: "localhost:38827"
clientAddress: "localhost:42865"
adminAddress: "localhost:36791"
startupRole: FOLLOWER
, old:), (t:2, i:1), STATEMACHINELOGENTRY, 0@client-2EFB324ADA71, (t:2, i:2), METADATAENTRY(c:1), (t:2, i:3), STATEMACHINELOGENTRY, 999@client-AE8279CAF820, (t:2, i:4), METADATAENTRY(c:3)]
2022-11-08 19:12:09,284 [s2-server-thread2] INFO  server.RaftServer$Division (RaftServerImpl.java:checkInconsistentAppendEntries(1592)) - s2@group-EA982605F2E5: Failed appendEntries as the first entry (index 0) already exists (snapshotIndex: -1, commitIndex: 0)
2022-11-08 19:12:09,284 [s2-server-thread2] INFO  server.RaftServer$Division (RaftServerImpl.java:checkInconsistentAppendEntries(1572)) - s2@group-EA982605F2E5: inconsistency entries. Reply:s1<-s2#1293:FAIL-t2,INCONSISTENCY,nextIndex=1,followerCommit=0,matchIndex=-1
2022-11-08 19:12:09,285 [grpc-default-executor-0] INFO  leader.FollowerInfo (FollowerInfoImpl.java:lambda$new$0(48)) - s1@group-EA982605F2E5->s2: nextIndex: updateUnconditionally 5 -> 1
2022-11-08 19:12:09,285 [s2-server-thread1] DEBUG server.RaftServer$Division (RaftServerImpl.java:logAppendEntries(1421)) - s2@group-EA982605F2E5: receive appendEntries(s1, 2, (t:2, i:0), 4, true, commits:[s1:c4, s0:c4, s2:c0], cId:1294, entries: [(t:2, i:1), STATEMACHINELOGENTRY, 0@client-2EFB324ADA71, (t:2, i:2), METADATAENTRY(c:1), (t:2, i:3), STATEMACHINELOGENTRY, 999@client-AE8279CAF820, (t:2, i:4), METADATAENTRY(c:3)]
2022-11-08 19:12:09,285 [s2-server-thread1] INFO  server.RaftServer$Division (RaftServerImpl.java:checkInconsistentAppendEntries(1602)) - s2@group-EA982605F2E5: Failed appendEntries as previous log entry ((t:2, i:0)) is not found
2022-11-08 19:12:09,286 [s2-server-thread1] INFO  server.RaftServer$Division (RaftServerImpl.java:checkInconsistentAppendEntries(1572)) - s2@group-EA982605F2E5: inconsistency entries. Reply:s1<-s2#1294:FAIL-t2,INCONSISTENCY,nextIndex=0,followerCommit=0,matchIndex=-1
2022-11-08 19:12:09,286 [grpc-default-executor-0] INFO  leader.FollowerInfo (FollowerInfoImpl.java:lambda$new$0(48)) - s1@group-EA982605F2E5->s2: nextIndex: updateUnconditionally 5 -> 0
2022-11-08 19:12:09,286 [s2-server-thread2] DEBUG server.RaftServer$Division (RaftServerImpl.java:logAppendEntries(1421)) - s2@group-EA982605F2E5: receive appendEntries(s1, 2, null, 4, true, commits:[s1:c4, s0:c4, s2:c0], cId:1295, entries: [(t:2, i:0), CONFIGURATIONENTRY(current:id: "s0"
address: "localhost:34297"
dataStreamAddress: "localhost:43983"
clientAddress: "localhost:39609"
adminAddress: "localhost:37077"
startupRole: FOLLOWER
,id: "s1"
address: "localhost:38917"
dataStreamAddress: "localhost:45719"
clientAddress: "localhost:36975"
adminAddress: "localhost:40635"
startupRole: FOLLOWER
,id: "s2"
address: "localhost:35511"
dataStreamAddress: "localhost:38827"
clientAddress: "localhost:42865"
adminAddress: "localhost:36791"
startupRole: FOLLOWER
, old:), (t:2, i:1), STATEMACHINELOGENTRY, 0@client-2EFB324ADA71, (t:2, i:2), METADATAENTRY(c:1), (t:2, i:3), STATEMACHINELOGENTRY, 999@client-AE8279CAF820, (t:2, i:4), METADATAENTRY(c:3)]
2022-11-08 19:12:09,287 [s2-server-thread2] INFO  server.RaftServer$Division (RaftServerImpl.java:checkInconsistentAppendEntries(1592)) - s2@group-EA982605F2E5: Failed appendEntries as the first entry (index 0) already exists (snapshotIndex: -1, commitIndex: 0)
2022-11-08 19:12:09,287 [s2-server-thread2] INFO  server.RaftServer$Division (RaftServerImpl.java:checkInconsistentAppendEntries(1572)) - s2@group-EA982605F2E5: inconsistency entries. Reply:s1<-s2#1295:FAIL-t2,INCONSISTENCY,nextIndex=1,followerCommit=0,matchIndex=-1
2022-11-08 19:12:09,287 [grpc-default-executor-0] INFO  leader.FollowerInfo (FollowerInfoImpl.java:lambda$new$0(48)) - s1@group-EA982605F2E5->s2: nextIndex: updateUnconditionally 5 -> 1
2022-11-08 19:12:09,288 [s2-server-thread2] DEBUG server.RaftServer$Division (RaftServerImpl.java:logAppendEntries(1421)) - s2@group-EA982605F2E5: receive appendEntries(s1, 2, (t:2, i:0), 4, true, commits:[s1:c4, s0:c4, s2:c0], cId:1296, entries: [(t:2, i:1), STATEMACHINELOGENTRY, 0@client-2EFB324ADA71, (t:2, i:2), METADATAENTRY(c:1), (t:2, i:3), STATEMACHINELOGENTRY, 999@client-AE8279CAF820, (t:2, i:4), METADATAENTRY(c:3)]
2022-11-08 19:12:09,288 [s2-server-thread2] INFO  server.RaftServer$Division (RaftServerImpl.java:checkInconsistentAppendEntries(1602)) - s2@group-EA982605F2E5: Failed appendEntries as previous log entry ((t:2, i:0)) is not found
2022-11-08 19:12:09,288 [s2-server-thread2] INFO  server.RaftServer$Division (RaftServerImpl.java:checkInconsistentAppendEntries(1572)) - s2@group-EA982605F2E5: inconsistency entries. Reply:s1<-s2#1296:FAIL-t2,INCONSISTENCY,nextIndex=0,followerCommit=0,matchIndex=-1
2022-11-08 19:12:09,288 [grpc-default-executor-0] INFO  leader.FollowerInfo (FollowerInfoImpl.java:lambda$new$0(48)) - s1@group-EA982605F2E5->s2: nextIndex: updateUnconditionally 5 -> 0
2022-11-08 19:12:09,289 [s2-server-thread2] DEBUG server.RaftServer$Division (RaftServerImpl.java:logAppendEntries(1421)) - s2@group-EA982605F2E5: receive appendEntries(s1, 2, null, 4, true, commits:[s1:c4, s0:c4, s2:c0], cId:1297, entries: [(t:2, i:0), CONFIGURATIONENTRY(current:id: "s0"
address: "localhost:34297"
dataStreamAddress: "localhost:43983"
clientAddress: "localhost:39609"
adminAddress: "localhost:37077"
startupRole: FOLLOWER
,id: "s1"
address: "localhost:38917"
dataStreamAddress: "localhost:45719"
clientAddress: "localhost:36975"
adminAddress: "localhost:40635"
startupRole: FOLLOWER
,id: "s2"
address: "localhost:35511"
dataStreamAddress: "localhost:38827"
clientAddress: "localhost:42865"
adminAddress: "localhost:36791"
startupRole: FOLLOWER
, old:), (t:2, i:1), STATEMACHINELOGENTRY, 0@client-2EFB324ADA71, (t:2, i:2), METADATAENTRY(c:1), (t:2, i:3), STATEMACHINELOGENTRY, 999@client-AE8279CAF820, (t:2, i:4), METADATAENTRY(c:3)]
2022-11-08 19:12:09,289 [s2-server-thread2] INFO  server.RaftServer$Division (RaftServerImpl.java:checkInconsistentAppendEntries(1592)) - s2@group-EA982605F2E5: Failed appendEntries as the first entry (index 0) already exists (snapshotIndex: -1, commitIndex: 0)
2022-11-08 19:12:09,289 [s2-server-thread2] INFO  server.RaftServer$Division (RaftServerImpl.java:checkInconsistentAppendEntries(1572)) - s2@group-EA982605F2E5: inconsistency entries. Reply:s1<-s2#1297:FAIL-t2,INCONSISTENCY,nextIndex=1,followerCommit=0,matchIndex=-1
2022-11-08 19:12:09,289 [grpc-default-executor-0] INFO  leader.FollowerInfo (FollowerInfoImpl.java:lambda$new$0(48)) - s1@group-EA982605F2E5->s2: nextIndex: updateUnconditionally 5 -> 1
2022-11-08 19:12:09,290 [s2-server-thread2] DEBUG server.RaftServer$Division (RaftServerImpl.java:logAppendEntries(1421)) - s2@group-EA982605F2E5: receive appendEntries(s1, 2, (t:2, i:0), 4, true, commits:[s1:c4, s0:c4, s2:c0], cId:1298, entries: [(t:2, i:1), STATEMACHINELOGENTRY, 0@client-2EFB324ADA71, (t:2, i:2), METADATAENTRY(c:1), (t:2, i:3), STATEMACHINELOGENTRY, 999@client-AE8279CAF820, (t:2, i:4), METADATAENTRY(c:3)]
2022-11-08 19:12:09,290 [s2-server-thread2] INFO  server.RaftServer$Division (RaftServerImpl.java:checkInconsistentAppendEntries(1602)) - s2@group-EA982605F2E5: Failed appendEntries as previous log entry ((t:2, i:0)) is not found
2022-11-08 19:12:09,290 [s2-server-thread2] INFO  server.RaftServer$Division (RaftServerImpl.java:checkInconsistentAppendEntries(1572)) - s2@group-EA982605F2E5: inconsistency entries. Reply:s1<-s2#1298:FAIL-t2,INCONSISTENCY,nextIndex=0,followerCommit=0,matchIndex=-1
2022-11-08 19:12:09,291 [grpc-default-executor-0] INFO  leader.FollowerInfo (FollowerInfoImpl.java:lambda$new$0(48)) - s1@group-EA982605F2E5->s2: nextIndex: updateUnconditionally 5 -> 0
2022-11-08 19:12:09,291 [s2-server-thread1] DEBUG server.RaftServer$Division (RaftServerImpl.java:logAppendEntries(1421)) - s2@group-EA982605F2E5: receive appendEntries(s1, 2, null, 4, true, commits:[s1:c4, s0:c4, s2:c0], cId:1299, entries: [(t:2, i:0), CONFIGURATIONENTRY(current:id: "s0"
address: "localhost:34297"
dataStreamAddress: "localhost:43983"
clientAddress: "localhost:39609"
adminAddress: "localhost:37077"
startupRole: FOLLOWER
,id: "s1"
address: "localhost:38917"
dataStreamAddress: "localhost:45719"
clientAddress: "localhost:36975"
adminAddress: "localhost:40635"
startupRole: FOLLOWER
,id: "s2"
address: "localhost:35511"
dataStreamAddress: "localhost:38827"
clientAddress: "localhost:42865"
adminAddress: "localhost:36791"
startupRole: FOLLOWER
, old:), (t:2, i:1), STATEMACHINELOGENTRY, 0@client-2EFB324ADA71, (t:2, i:2), METADATAENTRY(c:1), (t:2, i:3), STATEMACHINELOGENTRY, 999@client-AE8279CAF820, (t:2, i:4), METADATAENTRY(c:3)]
2022-11-08 19:12:09,291 [s2-server-thread1] INFO  server.RaftServer$Division (RaftServerImpl.java:checkInconsistentAppendEntries(1592)) - s2@group-EA982605F2E5: Failed appendEntries as the first entry (index 0) already exists (snapshotIndex: -1, commitIndex: 0)
2022-11-08 19:12:09,291 [s2-server-thread1] INFO  server.RaftServer$Division (RaftServerImpl.java:checkInconsistentAppendEntries(1572)) - s2@group-EA982605F2E5: inconsistency entries. Reply:s1<-s2#1299:FAIL-t2,INCONSISTENCY,nextIndex=1,followerCommit=0,matchIndex=-1
2022-11-08 19:12:09,292 [grpc-default-executor-0] INFO  leader.FollowerInfo (FollowerInfoImpl.java:lambda$new$0(48)) - s1@group-EA982605F2E5->s2: nextIndex: updateUnconditionally 5 -> 1
2022-11-08 19:12:09,292 [s2-server-thread2] DEBUG server.RaftServer$Division (RaftServerImpl.java:logAppendEntries(1421)) - s2@group-EA982605F2E5: receive appendEntries(s1, 2, (t:2, i:0), 4, true, commits:[s1:c4, s0:c4, s2:c0], cId:1300, entries: [(t:2, i:1), STATEMACHINELOGENTRY, 0@client-2EFB324ADA71, (t:2, i:2), METADATAENTRY(c:1), (t:2, i:3), STATEMACHINELOGENTRY, 999@client-AE8279CAF820, (t:2, i:4), METADATAENTRY(c:3)]
2022-11-08 19:12:09,293 [s2-server-thread2] INFO  server.RaftServer$Division (RaftServerImpl.java:checkInconsistentAppendEntries(1602)) - s2@group-EA982605F2E5: Failed appendEntries as previous log entry ((t:2, i:0)) is not found
2022-11-08 19:12:09,293 [s2-server-thread2] INFO  server.RaftServer$Division (RaftServerImpl.java:checkInconsistentAppendEntries(1572)) - s2@group-EA982605F2E5: inconsistency entries. Reply:s1<-s2#1300:FAIL-t2,INCONSISTENCY,nextIndex=0,followerCommit=0,matchIndex=-1
2022-11-08 19:12:09,293 [grpc-default-executor-0] INFO  leader.FollowerInfo (FollowerInfoImpl.java:lambda$new$0(48)) - s1@group-EA982605F2E5->s2: nextIndex: updateUnconditionally 5 -> 0
2022-11-08 19:12:09,293 [s2-server-thread2] DEBUG server.RaftServer$Division (RaftServerImpl.java:logAppendEntries(1421)) - s2@group-EA982605F2E5: receive appendEntries(s1, 2, null, 4, true, commits:[s1:c4, s0:c4, s2:c0], cId:1301, entries: [(t:2, i:0), CONFIGURATIONENTRY(current:id: "s0"
address: "localhost:34297"
dataStreamAddress: "localhost:43983"
clientAddress: "localhost:39609"
adminAddress: "localhost:37077"
startupRole: FOLLOWER
,id: "s1"
address: "localhost:38917"
dataStreamAddress: "localhost:45719"
clientAddress: "localhost:36975"
adminAddress: "localhost:40635"
startupRole: FOLLOWER
,id: "s2"
address: "localhost:35511"
dataStreamAddress: "localhost:38827"
clientAddress: "localhost:42865"
adminAddress: "localhost:36791"
startupRole: FOLLOWER
, old:), (t:2, i:1), STATEMACHINELOGENTRY, 0@client-2EFB324ADA71, (t:2, i:2), METADATAENTRY(c:1), (t:2, i:3), STATEMACHINELOGENTRY, 999@client-AE8279CAF820, (t:2, i:4), METADATAENTRY(c:3)]
2022-11-08 19:12:09,294 [s2-server-thread2] INFO  server.RaftServer$Division (RaftServerImpl.java:checkInconsistentAppendEntries(1592)) - s2@group-EA982605F2E5: Failed appendEntries as the first entry (index 0) already exists (snapshotIndex: -1, commitIndex: 0)
2022-11-08 19:12:09,294 [s2-server-thread2] INFO  server.RaftServer$Division (RaftServerImpl.java:checkInconsistentAppendEntries(1572)) - s2@group-EA982605F2E5: inconsistency entries. Reply:s1<-s2#1301:FAIL-t2,INCONSISTENCY,nextIndex=1,followerCommit=0,matchIndex=-1
2022-11-08 19:12:09,294 [grpc-default-executor-0] INFO  leader.FollowerInfo (FollowerInfoImpl.java:lambda$new$0(48)) - s1@group-EA982605F2E5->s2: nextIndex: updateUnconditionally 5 -> 1
2022-11-08 19:12:09,295 [s2-server-thread2] DEBUG server.RaftServer$Division (RaftServerImpl.java:logAppendEntries(1421)) - s2@group-EA982605F2E5: receive appendEntries(s1, 2, (t:2, i:0), 4, true, commits:[s1:c4, s0:c4, s2:c0], cId:1302, entries: [(t:2, i:1), STATEMACHINELOGENTRY, 0@client-2EFB324ADA71, (t:2, i:2), METADATAENTRY(c:1), (t:2, i:3), STATEMACHINELOGENTRY, 999@client-AE8279CAF820, (t:2, i:4), METADATAENTRY(c:3)]
2022-11-08 19:12:09,295 [s2-server-thread2] INFO  server.RaftServer$Division (RaftServerImpl.java:checkInconsistentAppendEntries(1602)) - s2@group-EA982605F2E5: Failed appendEntries as previous log entry ((t:2, i:0)) is not found
2022-11-08 19:12:09,295 [s2-server-thread2] INFO  server.RaftServer$Division (RaftServerImpl.java:checkInconsistentAppendEntries(1572)) - s2@group-EA982605F2E5: inconsistency entries. Reply:s1<-s2#1302:FAIL-t2,INCONSISTENCY,nextIndex=0,followerCommit=0,matchIndex=-1
2022-11-08 19:12:09,295 [grpc-default-executor-0] INFO  leader.FollowerInfo (FollowerInfoImpl.java:lambda$new$0(48)) - s1@group-EA982605F2E5->s2: nextIndex: updateUnconditionally 5 -> 0
2022-11-08 19:12:09,296 [s2-server-thread1] DEBUG server.RaftServer$Division (RaftServerImpl.java:logAppendEntries(1421)) - s2@group-EA982605F2E5: receive appendEntries(s1, 2, null, 4, true, commits:[s1:c4, s0:c4, s2:c0], cId:1303, entries: [(t:2, i:0), CONFIGURATIONENTRY(current:id: "s0"
address: "localhost:34297"
dataStreamAddress: "localhost:43983"
clientAddress: "localhost:39609"
adminAddress: "localhost:37077"
startupRole: FOLLOWER
,id: "s1"
address: "localhost:38917"
dataStreamAddress: "localhost:45719"
clientAddress: "localhost:36975"
adminAddress: "localhost:40635"
startupRole: FOLLOWER
,id: "s2"
address: "localhost:35511"
dataStreamAddress: "localhost:38827"
clientAddress: "localhost:42865"
adminAddress: "localhost:36791"
startupRole: FOLLOWER
, old:), (t:2, i:1), STATEMACHINELOGENTRY, 0@client-2EFB324ADA71, (t:2, i:2), METADATAENTRY(c:1), (t:2, i:3), STATEMACHINELOGENTRY, 999@client-AE8279CAF820, (t:2, i:4), METADATAENTRY(c:3)]
2022-11-08 19:12:09,296 [s2-server-thread1] INFO  server.RaftServer$Division (RaftServerImpl.java:checkInconsistentAppendEntries(1592)) - s2@group-EA982605F2E5: Failed appendEntries as the first entry (index 0) already exists (snapshotIndex: -1, commitIndex: 0)
2022-11-08 19:12:09,296 [s2-server-thread1] INFO  server.RaftServer$Division (RaftServerImpl.java:checkInconsistentAppendEntries(1572)) - s2@group-EA982605F2E5: inconsistency entries. Reply:s1<-s2#1303:FAIL-t2,INCONSISTENCY,nextIndex=1,followerCommit=0,matchIndex=-1
2022-11-08 19:12:09,296 [grpc-default-executor-0] INFO  leader.FollowerInfo (FollowerInfoImpl.java:lambda$new$0(48)) - s1@group-EA982605F2E5->s2: nextIndex: updateUnconditionally 5 -> 1
2022-11-08 19:12:09,297 [s2-server-thread2] DEBUG server.RaftServer$Division (RaftServerImpl.java:logAppendEntries(1421)) - s2@group-EA982605F2E5: receive appendEntries(s1, 2, (t:2, i:0), 4, true, commits:[s1:c4, s0:c4, s2:c0], cId:1304, entries: [(t:2, i:1), STATEMACHINELOGENTRY, 0@client-2EFB324ADA71, (t:2, i:2), METADATAENTRY(c:1), (t:2, i:3), STATEMACHINELOGENTRY, 999@client-AE8279CAF820, (t:2, i:4), METADATAENTRY(c:3)]
2022-11-08 19:12:09,297 [s2-server-thread2] INFO  server.RaftServer$Division (RaftServerImpl.java:checkInconsistentAppendEntries(1602)) - s2@group-EA982605F2E5: Failed appendEntries as previous log entry ((t:2, i:0)) is not found
2022-11-08 19:12:09,297 [s2-server-thread2] INFO  server.RaftServer$Division (RaftServerImpl.java:checkInconsistentAppendEntries(1572)) - s2@group-EA982605F2E5: inconsistency entries. Reply:s1<-s2#1304:FAIL-t2,INCONSISTENCY,nextIndex=0,followerCommit=0,matchIndex=-1
2022-11-08 19:12:09,297 [grpc-default-executor-0] INFO  leader.FollowerInfo (FollowerInfoImpl.java:lambda$new$0(48)) - s1@group-EA982605F2E5->s2: nextIndex: updateUnconditionally 5 -> 0
2022-11-08 19:12:09,298 [s2-server-thread2] DEBUG server.RaftServer$Division (RaftServerImpl.java:logAppendEntries(1421)) - s2@group-EA982605F2E5: receive appendEntries(s1, 2, null, 4, true, commits:[s1:c4, s0:c4, s2:c0], cId:1305, entries: [(t:2, i:0), CONFIGURATIONENTRY(current:id: "s0"
address: "localhost:34297"
dataStreamAddress: "localhost:43983"
clientAddress: "localhost:39609"
adminAddress: "localhost:37077"
startupRole: FOLLOWER
,id: "s1"
address: "localhost:38917"
dataStreamAddress: "localhost:45719"
clientAddress: "localhost:36975"
adminAddress: "localhost:40635"
startupRole: FOLLOWER
,id: "s2"
address: "localhost:35511"
dataStreamAddress: "localhost:38827"
clientAddress: "localhost:42865"
adminAddress: "localhost:36791"
startupRole: FOLLOWER
, old:), (t:2, i:1), STATEMACHINELOGENTRY, 0@client-2EFB324ADA71, (t:2, i:2), METADATAENTRY(c:1), (t:2, i:3), STATEMACHINELOGENTRY, 999@client-AE8279CAF820, (t:2, i:4), METADATAENTRY(c:3)]
2022-11-08 19:12:09,298 [s2-server-thread2] INFO  server.RaftServer$Division (RaftServerImpl.java:checkInconsistentAppendEntries(1592)) - s2@group-EA982605F2E5: Failed appendEntries as the first entry (index 0) already exists (snapshotIndex: -1, commitIndex: 0)
2022-11-08 19:12:09,298 [s2-server-thread2] INFO  server.RaftServer$Division (RaftServerImpl.java:checkInconsistentAppendEntries(1572)) - s2@group-EA982605F2E5: inconsistency entries. Reply:s1<-s2#1305:FAIL-t2,INCONSISTENCY,nextIndex=1,followerCommit=0,matchIndex=-1
2022-11-08 19:12:09,298 [grpc-default-executor-0] INFO  leader.FollowerInfo (FollowerInfoImpl.java:lambda$new$0(48)) - s1@group-EA982605F2E5->s2: nextIndex: updateUnconditionally 5 -> 1
2022-11-08 19:12:09,299 [s2-server-thread2] DEBUG server.RaftServer$Division (RaftServerImpl.java:logAppendEntries(1421)) - s2@group-EA982605F2E5: receive appendEntries(s1, 2, (t:2, i:0), 4, true, commits:[s1:c4, s0:c4, s2:c0], cId:1306, entries: [(t:2, i:1), STATEMACHINELOGENTRY, 0@client-2EFB324ADA71, (t:2, i:2), METADATAENTRY(c:1), (t:2, i:3), STATEMACHINELOGENTRY, 999@client-AE8279CAF820, (t:2, i:4), METADATAENTRY(c:3)]
2022-11-08 19:12:09,299 [s2-server-thread2] INFO  server.RaftServer$Division (RaftServerImpl.java:checkInconsistentAppendEntries(1602)) - s2@group-EA982605F2E5: Failed appendEntries as previous log entry ((t:2, i:0)) is not found
2022-11-08 19:12:09,299 [s2-server-thread2] INFO  server.RaftServer$Division (RaftServerImpl.java:checkInconsistentAppendEntries(1572)) - s2@group-EA982605F2E5: inconsistency entries. Reply:s1<-s2#1306:FAIL-t2,INCONSISTENCY,nextIndex=0,followerCommit=0,matchIndex=-1
2022-11-08 19:12:09,300 [grpc-default-executor-0] INFO  leader.FollowerInfo (FollowerInfoImpl.java:lambda$new$0(48)) - s1@group-EA982605F2E5->s2: nextIndex: updateUnconditionally 5 -> 0
2022-11-08 19:12:09,300 [s2-server-thread2] DEBUG server.RaftServer$Division (RaftServerImpl.java:logAppendEntries(1421)) - s2@group-EA982605F2E5: receive appendEntries(s1, 2, null, 4, true, commits:[s1:c4, s0:c4, s2:c0], cId:1307, entries: [(t:2, i:0), CONFIGURATIONENTRY(current:id: "s0"
address: "localhost:34297"
dataStreamAddress: "localhost:43983"
clientAddress: "localhost:39609"
adminAddress: "localhost:37077"
startupRole: FOLLOWER
,id: "s1"
address: "localhost:38917"
dataStreamAddress: "localhost:45719"
clientAddress: "localhost:36975"
adminAddress: "localhost:40635"
startupRole: FOLLOWER
,id: "s2"
address: "localhost:35511"
dataStreamAddress: "localhost:38827"
clientAddress: "localhost:42865"
adminAddress: "localhost:36791"
startupRole: FOLLOWER
, old:), (t:2, i:1), STATEMACHINELOGENTRY, 0@client-2EFB324ADA71, (t:2, i:2), METADATAENTRY(c:1), (t:2, i:3), STATEMACHINELOGENTRY, 999@client-AE8279CAF820, (t:2, i:4), METADATAENTRY(c:3)]
2022-11-08 19:12:09,300 [s2-server-thread2] INFO  server.RaftServer$Division (RaftServerImpl.java:checkInconsistentAppendEntries(1592)) - s2@group-EA982605F2E5: Failed appendEntries as the first entry (index 0) already exists (snapshotIndex: -1, commitIndex: 0)
2022-11-08 19:12:09,301 [s2-server-thread2] INFO  server.RaftServer$Division (RaftServerImpl.java:checkInconsistentAppendEntries(1572)) - s2@group-EA982605F2E5: inconsistency entries. Reply:s1<-s2#1307:FAIL-t2,INCONSISTENCY,nextIndex=1,followerCommit=0,matchIndex=-1
2022-11-08 19:12:09,301 [grpc-default-executor-0] INFO  leader.FollowerInfo (FollowerInfoImpl.java:lambda$new$0(48)) - s1@group-EA982605F2E5->s2: nextIndex: updateUnconditionally 5 -> 1
2022-11-08 19:12:09,301 [s2-server-thread2] DEBUG server.RaftServer$Division (RaftServerImpl.java:logAppendEntries(1421)) - s2@group-EA982605F2E5: receive appendEntries(s1, 2, (t:2, i:0), 4, true, commits:[s1:c4, s0:c4, s2:c0], cId:1308, entries: [(t:2, i:1), STATEMACHINELOGENTRY, 0@client-2EFB324ADA71, (t:2, i:2), METADATAENTRY(c:1), (t:2, i:3), STATEMACHINELOGENTRY, 999@client-AE8279CAF820, (t:2, i:4), METADATAENTRY(c:3)]
2022-11-08 19:12:09,302 [s2-server-thread2] INFO  server.RaftServer$Division (RaftServerImpl.java:checkInconsistentAppendEntries(1602)) - s2@group-EA982605F2E5: Failed appendEntries as previous log entry ((t:2, i:0)) is not found
2022-11-08 19:12:09,302 [s2-server-thread2] INFO  server.RaftServer$Division (RaftServerImpl.java:checkInconsistentAppendEntries(1572)) - s2@group-EA982605F2E5: inconsistency entries. Reply:s1<-s2#1308:FAIL-t2,INCONSISTENCY,nextIndex=0,followerCommit=0,matchIndex=-1
2022-11-08 19:12:09,302 [grpc-default-executor-0] INFO  leader.FollowerInfo (FollowerInfoImpl.java:lambda$new$0(48)) - s1@group-EA982605F2E5->s2: nextIndex: updateUnconditionally 5 -> 0
2022-11-08 19:12:09,303 [s2-server-thread2] DEBUG server.RaftServer$Division (RaftServerImpl.java:logAppendEntries(1421)) - s2@group-EA982605F2E5: receive appendEntries(s1, 2, null, 4, true, commits:[s1:c4, s0:c4, s2:c0], cId:1309, entries: [(t:2, i:0), CONFIGURATIONENTRY(current:id: "s0"
address: "localhost:34297"
dataStreamAddress: "localhost:43983"
clientAddress: "localhost:39609"
adminAddress: "localhost:37077"
startupRole: FOLLOWER
,id: "s1"
address: "localhost:38917"
dataStreamAddress: "localhost:45719"
clientAddress: "localhost:36975"
adminAddress: "localhost:40635"
startupRole: FOLLOWER
,id: "s2"
address: "localhost:35511"
dataStreamAddress: "localhost:38827"
clientAddress: "localhost:42865"
adminAddress: "localhost:36791"
startupRole: FOLLOWER
, old:), (t:2, i:1), STATEMACHINELOGENTRY, 0@client-2EFB324ADA71, (t:2, i:2), METADATAENTRY(c:1), (t:2, i:3), STATEMACHINELOGENTRY, 999@client-AE8279CAF820, (t:2, i:4), METADATAENTRY(c:3)]
2022-11-08 19:12:09,303 [s2-server-thread2] INFO  server.RaftServer$Division (RaftServerImpl.java:checkInconsistentAppendEntries(1592)) - s2@group-EA982605F2E5: Failed appendEntries as the first entry (index 0) already exists (snapshotIndex: -1, commitIndex: 0)
2022-11-08 19:12:09,303 [s2-server-thread2] INFO  server.RaftServer$Division (RaftServerImpl.java:checkInconsistentAppendEntries(1572)) - s2@group-EA982605F2E5: inconsistency entries. Reply:s1<-s2#1309:FAIL-t2,INCONSISTENCY,nextIndex=1,followerCommit=0,matchIndex=-1
2022-11-08 19:12:09,303 [grpc-default-executor-0] INFO  leader.FollowerInfo (FollowerInfoImpl.java:lambda$new$0(48)) - s1@group-EA982605F2E5->s2: nextIndex: updateUnconditionally 5 -> 1
2022-11-08 19:12:09,304 [s2-server-thread2] DEBUG server.RaftServer$Division (RaftServerImpl.java:logAppendEntries(1421)) - s2@group-EA982605F2E5: receive appendEntries(s1, 2, (t:2, i:0), 4, true, commits:[s1:c4, s0:c4, s2:c0], cId:1310, entries: [(t:2, i:1), STATEMACHINELOGENTRY, 0@client-2EFB324ADA71, (t:2, i:2), METADATAENTRY(c:1), (t:2, i:3), STATEMACHINELOGENTRY, 999@client-AE8279CAF820, (t:2, i:4), METADATAENTRY(c:3)]
2022-11-08 19:12:09,304 [s2-server-thread2] INFO  server.RaftServer$Division (RaftServerImpl.java:checkInconsistentAppendEntries(1602)) - s2@group-EA982605F2E5: Failed appendEntries as previous log entry ((t:2, i:0)) is not found
2022-11-08 19:12:09,304 [s2-server-thread2] INFO  server.RaftServer$Division (RaftServerImpl.java:checkInconsistentAppendEntries(1572)) - s2@group-EA982605F2E5: inconsistency entries. Reply:s1<-s2#1310:FAIL-t2,INCONSISTENCY,nextIndex=0,followerCommit=0,matchIndex=-1
2022-11-08 19:12:09,304 [grpc-default-executor-0] INFO  leader.FollowerInfo (FollowerInfoImpl.java:lambda$new$0(48)) - s1@group-EA982605F2E5->s2: nextIndex: updateUnconditionally 5 -> 0
2022-11-08 19:12:09,308 [s2-server-thread2] DEBUG server.RaftServer$Division (RaftServerImpl.java:logAppendEntries(1421)) - s2@group-EA982605F2E5: receive appendEntries(s1, 2, null, 4, true, commits:[s1:c4, s0:c4, s2:c0], cId:1311, entries: [(t:2, i:0), CONFIGURATIONENTRY(current:id: "s0"
address: "localhost:34297"
dataStreamAddress: "localhost:43983"
clientAddress: "localhost:39609"
adminAddress: "localhost:37077"
startupRole: FOLLOWER
,id: "s1"
address: "localhost:38917"
dataStreamAddress: "localhost:45719"
clientAddress: "localhost:36975"
adminAddress: "localhost:40635"
startupRole: FOLLOWER
,id: "s2"
address: "localhost:35511"
dataStreamAddress: "localhost:38827"
clientAddress: "localhost:42865"
adminAddress: "localhost:36791"
startupRole: FOLLOWER
, old:), (t:2, i:1), STATEMACHINELOGENTRY, 0@client-2EFB324ADA71, (t:2, i:2), METADATAENTRY(c:1), (t:2, i:3), STATEMACHINELOGENTRY, 999@client-AE8279CAF820, (t:2, i:4), METADATAENTRY(c:3)]
2022-11-08 19:12:09,309 [s2-server-thread2] INFO  server.RaftServer$Division (RaftServerImpl.java:checkInconsistentAppendEntries(1592)) - s2@group-EA982605F2E5: Failed appendEntries as the first entry (index 0) already exists (snapshotIndex: -1, commitIndex: 0)
2022-11-08 19:12:09,309 [s2-server-thread2] INFO  server.RaftServer$Division (RaftServerImpl.java:checkInconsistentAppendEntries(1572)) - s2@group-EA982605F2E5: inconsistency entries. Reply:s1<-s2#1311:FAIL-t2,INCONSISTENCY,nextIndex=1,followerCommit=0,matchIndex=-1
2022-11-08 19:12:09,309 [grpc-default-executor-0] INFO  leader.FollowerInfo (FollowerInfoImpl.java:lambda$new$0(48)) - s1@group-EA982605F2E5->s2: nextIndex: updateUnconditionally 5 -> 1
2022-11-08 19:12:09,310 [s2-server-thread2] DEBUG server.RaftServer$Division (RaftServerImpl.java:logAppendEntries(1421)) - s2@group-EA982605F2E5: receive appendEntries(s1, 2, (t:2, i:0), 4, true, commits:[s1:c4, s0:c4, s2:c0], cId:1312, entries: [(t:2, i:1), STATEMACHINELOGENTRY, 0@client-2EFB324ADA71, (t:2, i:2), METADATAENTRY(c:1), (t:2, i:3), STATEMACHINELOGENTRY, 999@client-AE8279CAF820, (t:2, i:4), METADATAENTRY(c:3)]
2022-11-08 19:12:09,310 [s2-server-thread2] INFO  server.RaftServer$Division (RaftServerImpl.java:checkInconsistentAppendEntries(1602)) - s2@group-EA982605F2E5: Failed appendEntries as previous log entry ((t:2, i:0)) is not found
2022-11-08 19:12:09,310 [s2-server-thread2] INFO  server.RaftServer$Division (RaftServerImpl.java:checkInconsistentAppendEntries(1572)) - s2@group-EA982605F2E5: inconsistency entries. Reply:s1<-s2#1312:FAIL-t2,INCONSISTENCY,nextIndex=0,followerCommit=0,matchIndex=-1
2022-11-08 19:12:09,310 [grpc-default-executor-0] INFO  leader.FollowerInfo (FollowerInfoImpl.java:lambda$new$0(48)) - s1@group-EA982605F2E5->s2: nextIndex: updateUnconditionally 5 -> 0
2022-11-08 19:12:09,311 [s2-server-thread2] DEBUG server.RaftServer$Division (RaftServerImpl.java:logAppendEntries(1421)) - s2@group-EA982605F2E5: receive appendEntries(s1, 2, null, 4, true, commits:[s1:c4, s0:c4, s2:c0], cId:1313, entries: [(t:2, i:0), CONFIGURATIONENTRY(current:id: "s0"
address: "localhost:34297"
dataStreamAddress: "localhost:43983"
clientAddress: "localhost:39609"
adminAddress: "localhost:37077"
startupRole: FOLLOWER
,id: "s1"
address: "localhost:38917"
dataStreamAddress: "localhost:45719"
clientAddress: "localhost:36975"
adminAddress: "localhost:40635"
startupRole: FOLLOWER
,id: "s2"
address: "localhost:35511"
dataStreamAddress: "localhost:38827"
clientAddress: "localhost:42865"
adminAddress: "localhost:36791"
startupRole: FOLLOWER
, old:), (t:2, i:1), STATEMACHINELOGENTRY, 0@client-2EFB324ADA71, (t:2, i:2), METADATAENTRY(c:1), (t:2, i:3), STATEMACHINELOGENTRY, 999@client-AE8279CAF820, (t:2, i:4), METADATAENTRY(c:3)]
2022-11-08 19:12:09,311 [s2-server-thread2] INFO  server.RaftServer$Division (RaftServerImpl.java:checkInconsistentAppendEntries(1592)) - s2@group-EA982605F2E5: Failed appendEntries as the first entry (index 0) already exists (snapshotIndex: -1, commitIndex: 0)
2022-11-08 19:12:09,311 [s2-server-thread2] INFO  server.RaftServer$Division (RaftServerImpl.java:checkInconsistentAppendEntries(1572)) - s2@group-EA982605F2E5: inconsistency entries. Reply:s1<-s2#1313:FAIL-t2,INCONSISTENCY,nextIndex=1,followerCommit=0,matchIndex=-1
2022-11-08 19:12:09,311 [grpc-default-executor-0] INFO  leader.FollowerInfo (FollowerInfoImpl.java:lambda$new$0(48)) - s1@group-EA982605F2E5->s2: nextIndex: updateUnconditionally 5 -> 1
2022-11-08 19:12:09,312 [s2-server-thread2] DEBUG server.RaftServer$Division (RaftServerImpl.java:logAppendEntries(1421)) - s2@group-EA982605F2E5: receive appendEntries(s1, 2, (t:2, i:0), 4, true, commits:[s1:c4, s0:c4, s2:c0], cId:1314, entries: [(t:2, i:1), STATEMACHINELOGENTRY, 0@client-2EFB324ADA71, (t:2, i:2), METADATAENTRY(c:1), (t:2, i:3), STATEMACHINELOGENTRY, 999@client-AE8279CAF820, (t:2, i:4), METADATAENTRY(c:3)]
2022-11-08 19:12:09,312 [s2-server-thread2] INFO  server.RaftServer$Division (RaftServerImpl.java:checkInconsistentAppendEntries(1602)) - s2@group-EA982605F2E5: Failed appendEntries as previous log entry ((t:2, i:0)) is not found
2022-11-08 19:12:09,312 [s2-server-thread2] INFO  server.RaftServer$Division (RaftServerImpl.java:checkInconsistentAppendEntries(1572)) - s2@group-EA982605F2E5: inconsistency entries. Reply:s1<-s2#1314:FAIL-t2,INCONSISTENCY,nextIndex=0,followerCommit=0,matchIndex=-1
2022-11-08 19:12:09,312 [grpc-default-executor-0] INFO  leader.FollowerInfo (FollowerInfoImpl.java:lambda$new$0(48)) - s1@group-EA982605F2E5->s2: nextIndex: updateUnconditionally 5 -> 0
2022-11-08 19:12:09,313 [s2-server-thread2] DEBUG server.RaftServer$Division (RaftServerImpl.java:logAppendEntries(1421)) - s2@group-EA982605F2E5: receive appendEntries(s1, 2, null, 4, true, commits:[s1:c4, s0:c4, s2:c0], cId:1315, entries: [(t:2, i:0), CONFIGURATIONENTRY(current:id: "s0"
address: "localhost:34297"
dataStreamAddress: "localhost:43983"
clientAddress: "localhost:39609"
adminAddress: "localhost:37077"
startupRole: FOLLOWER
,id: "s1"
address: "localhost:38917"
dataStreamAddress: "localhost:45719"
clientAddress: "localhost:36975"
adminAddress: "localhost:40635"
startupRole: FOLLOWER
,id: "s2"
address: "localhost:35511"
dataStreamAddress: "localhost:38827"
clientAddress: "localhost:42865"
adminAddress: "localhost:36791"
startupRole: FOLLOWER
, old:), (t:2, i:1), STATEMACHINELOGENTRY, 0@client-2EFB324ADA71, (t:2, i:2), METADATAENTRY(c:1), (t:2, i:3), STATEMACHINELOGENTRY, 999@client-AE8279CAF820, (t:2, i:4), METADATAENTRY(c:3)]
2022-11-08 19:12:09,313 [s2-server-thread2] INFO  server.RaftServer$Division (RaftServerImpl.java:checkInconsistentAppendEntries(1592)) - s2@group-EA982605F2E5: Failed appendEntries as the first entry (index 0) already exists (snapshotIndex: -1, commitIndex: 0)
2022-11-08 19:12:09,313 [s2-server-thread2] INFO  server.RaftServer$Division (RaftServerImpl.java:checkInconsistentAppendEntries(1572)) - s2@group-EA982605F2E5: inconsistency entries. Reply:s1<-s2#1315:FAIL-t2,INCONSISTENCY,nextIndex=1,followerCommit=0,matchIndex=-1
2022-11-08 19:12:09,313 [grpc-default-executor-0] INFO  leader.FollowerInfo (FollowerInfoImpl.java:lambda$new$0(48)) - s1@group-EA982605F2E5->s2: nextIndex: updateUnconditionally 5 -> 1
2022-11-08 19:12:09,314 [s2-server-thread1] DEBUG server.RaftServer$Division (RaftServerImpl.java:logAppendEntries(1421)) - s2@group-EA982605F2E5: receive appendEntries(s1, 2, (t:2, i:0), 4, true, commits:[s1:c4, s0:c4, s2:c0], cId:1316, entries: [(t:2, i:1), STATEMACHINELOGENTRY, 0@client-2EFB324ADA71, (t:2, i:2), METADATAENTRY(c:1), (t:2, i:3), STATEMACHINELOGENTRY, 999@client-AE8279CAF820, (t:2, i:4), METADATAENTRY(c:3)]
2022-11-08 19:12:09,314 [s2-server-thread1] INFO  server.RaftServer$Division (RaftServerImpl.java:checkInconsistentAppendEntries(1602)) - s2@group-EA982605F2E5: Failed appendEntries as previous log entry ((t:2, i:0)) is not found
2022-11-08 19:12:09,314 [s2-server-thread1] INFO  server.RaftServer$Division (RaftServerImpl.java:checkInconsistentAppendEntries(1572)) - s2@group-EA982605F2E5: inconsistency entries. Reply:s1<-s2#1316:FAIL-t2,INCONSISTENCY,nextIndex=0,followerCommit=0,matchIndex=-1
2022-11-08 19:12:09,314 [grpc-default-executor-0] INFO  leader.FollowerInfo (FollowerInfoImpl.java:lambda$new$0(48)) - s1@group-EA982605F2E5->s2: nextIndex: updateUnconditionally 5 -> 0
2022-11-08 19:12:09,315 [s2-server-thread2] DEBUG server.RaftServer$Division (RaftServerImpl.java:logAppendEntries(1421)) - s2@group-EA982605F2E5: receive appendEntries(s1, 2, null, 4, true, commits:[s1:c4, s0:c4, s2:c0], cId:1317, entries: [(t:2, i:0), CONFIGURATIONENTRY(current:id: "s0"
address: "localhost:34297"
dataStreamAddress: "localhost:43983"
clientAddress: "localhost:39609"
adminAddress: "localhost:37077"
startupRole: FOLLOWER
,id: "s1"
address: "localhost:38917"
dataStreamAddress: "localhost:45719"
clientAddress: "localhost:36975"
adminAddress: "localhost:40635"
startupRole: FOLLOWER
,id: "s2"
address: "localhost:35511"
dataStreamAddress: "localhost:38827"
clientAddress: "localhost:42865"
adminAddress: "localhost:36791"
startupRole: FOLLOWER
, old:), (t:2, i:1), STATEMACHINELOGENTRY, 0@client-2EFB324ADA71, (t:2, i:2), METADATAENTRY(c:1), (t:2, i:3), STATEMACHINELOGENTRY, 999@client-AE8279CAF820, (t:2, i:4), METADATAENTRY(c:3)]
2022-11-08 19:12:09,315 [s2-server-thread2] INFO  server.RaftServer$Division (RaftServerImpl.java:checkInconsistentAppendEntries(1592)) - s2@group-EA982605F2E5: Failed appendEntries as the first entry (index 0) already exists (snapshotIndex: -1, commitIndex: 0)
2022-11-08 19:12:09,315 [s2-server-thread2] INFO  server.RaftServer$Division (RaftServerImpl.java:checkInconsistentAppendEntries(1572)) - s2@group-EA982605F2E5: inconsistency entries. Reply:s1<-s2#1317:FAIL-t2,INCONSISTENCY,nextIndex=1,followerCommit=0,matchIndex=-1
2022-11-08 19:12:09,316 [grpc-default-executor-0] INFO  leader.FollowerInfo (FollowerInfoImpl.java:lambda$new$0(48)) - s1@group-EA982605F2E5->s2: nextIndex: updateUnconditionally 5 -> 1
2022-11-08 19:12:09,316 [s2-server-thread2] DEBUG server.RaftServer$Division (RaftServerImpl.java:logAppendEntries(1421)) - s2@group-EA982605F2E5: receive appendEntries(s1, 2, (t:2, i:0), 4, true, commits:[s1:c4, s0:c4, s2:c0], cId:1318, entries: [(t:2, i:1), STATEMACHINELOGENTRY, 0@client-2EFB324ADA71, (t:2, i:2), METADATAENTRY(c:1), (t:2, i:3), STATEMACHINELOGENTRY, 999@client-AE8279CAF820, (t:2, i:4), METADATAENTRY(c:3)]
2022-11-08 19:12:09,317 [s2-server-thread2] INFO  server.RaftServer$Division (RaftServerImpl.java:checkInconsistentAppendEntries(1602)) - s2@group-EA982605F2E5: Failed appendEntries as previous log entry ((t:2, i:0)) is not found
2022-11-08 19:12:09,317 [s2-server-thread2] INFO  server.RaftServer$Division (RaftServerImpl.java:checkInconsistentAppendEntries(1572)) - s2@group-EA982605F2E5: inconsistency entries. Reply:s1<-s2#1318:FAIL-t2,INCONSISTENCY,nextIndex=0,followerCommit=0,matchIndex=-1
2022-11-08 19:12:09,317 [grpc-default-executor-0] INFO  leader.FollowerInfo (FollowerInfoImpl.java:lambda$new$0(48)) - s1@group-EA982605F2E5->s2: nextIndex: updateUnconditionally 5 -> 0
2022-11-08 19:12:09,318 [s2-server-thread2] DEBUG server.RaftServer$Division (RaftServerImpl.java:logAppendEntries(1421)) - s2@group-EA982605F2E5: receive appendEntries(s1, 2, null, 4, true, commits:[s1:c4, s0:c4, s2:c0], cId:1319, entries: [(t:2, i:0), CONFIGURATIONENTRY(current:id: "s0"
address: "localhost:34297"
dataStreamAddress: "localhost:43983"
clientAddress: "localhost:39609"
adminAddress: "localhost:37077"
startupRole: FOLLOWER
,id: "s1"
address: "localhost:38917"
dataStreamAddress: "localhost:45719"
clientAddress: "localhost:36975"
adminAddress: "localhost:40635"
startupRole: FOLLOWER
,id: "s2"
address: "localhost:35511"
dataStreamAddress: "localhost:38827"
clientAddress: "localhost:42865"
adminAddress: "localhost:36791"
startupRole: FOLLOWER
, old:), (t:2, i:1), STATEMACHINELOGENTRY, 0@client-2EFB324ADA71, (t:2, i:2), METADATAENTRY(c:1), (t:2, i:3), STATEMACHINELOGENTRY, 999@client-AE8279CAF820, (t:2, i:4), METADATAENTRY(c:3)]
2022-11-08 19:12:09,318 [s2-server-thread2] INFO  server.RaftServer$Division (RaftServerImpl.java:checkInconsistentAppendEntries(1592)) - s2@group-EA982605F2E5: Failed appendEntries as the first entry (index 0) already exists (snapshotIndex: -1, commitIndex: 0)
2022-11-08 19:12:09,318 [s2-server-thread2] INFO  server.RaftServer$Division (RaftServerImpl.java:checkInconsistentAppendEntries(1572)) - s2@group-EA982605F2E5: inconsistency entries. Reply:s1<-s2#1319:FAIL-t2,INCONSISTENCY,nextIndex=1,followerCommit=0,matchIndex=-1
2022-11-08 19:12:09,319 [grpc-default-executor-0] INFO  leader.FollowerInfo (FollowerInfoImpl.java:lambda$new$0(48)) - s1@group-EA982605F2E5->s2: nextIndex: updateUnconditionally 5 -> 1
2022-11-08 19:12:09,319 [s2-server-thread1] DEBUG server.RaftServer$Division (RaftServerImpl.java:logAppendEntries(1421)) - s2@group-EA982605F2E5: receive appendEntries(s1, 2, (t:2, i:0), 4, true, commits:[s1:c4, s0:c4, s2:c0], cId:1320, entries: [(t:2, i:1), STATEMACHINELOGENTRY, 0@client-2EFB324ADA71, (t:2, i:2), METADATAENTRY(c:1), (t:2, i:3), STATEMACHINELOGENTRY, 999@client-AE8279CAF820, (t:2, i:4), METADATAENTRY(c:3)]
2022-11-08 19:12:09,319 [s2-server-thread1] INFO  server.RaftServer$Division (RaftServerImpl.java:checkInconsistentAppendEntries(1602)) - s2@group-EA982605F2E5: Failed appendEntries as previous log entry ((t:2, i:0)) is not found
2022-11-08 19:12:09,319 [s2-server-thread1] INFO  server.RaftServer$Division (RaftServerImpl.java:checkInconsistentAppendEntries(1572)) - s2@group-EA982605F2E5: inconsistency entries. Reply:s1<-s2#1320:FAIL-t2,INCONSISTENCY,nextIndex=0,followerCommit=0,matchIndex=-1
2022-11-08 19:12:09,320 [grpc-default-executor-0] INFO  leader.FollowerInfo (FollowerInfoImpl.java:lambda$new$0(48)) - s1@group-EA982605F2E5->s2: nextIndex: updateUnconditionally 5 -> 0
2022-11-08 19:12:09,320 [s2-server-thread2] DEBUG server.RaftServer$Division (RaftServerImpl.java:logAppendEntries(1421)) - s2@group-EA982605F2E5: receive appendEntries(s1, 2, null, 4, true, commits:[s1:c4, s0:c4, s2:c0], cId:1321, entries: [(t:2, i:0), CONFIGURATIONENTRY(current:id: "s0"
address: "localhost:34297"
dataStreamAddress: "localhost:43983"
clientAddress: "localhost:39609"
adminAddress: "localhost:37077"
startupRole: FOLLOWER
,id: "s1"
address: "localhost:38917"
dataStreamAddress: "localhost:45719"
clientAddress: "localhost:36975"
adminAddress: "localhost:40635"
startupRole: FOLLOWER
,id: "s2"
address: "localhost:35511"
dataStreamAddress: "localhost:38827"
clientAddress: "localhost:42865"
adminAddress: "localhost:36791"
startupRole: FOLLOWER
, old:), (t:2, i:1), STATEMACHINELOGENTRY, 0@client-2EFB324ADA71, (t:2, i:2), METADATAENTRY(c:1), (t:2, i:3), STATEMACHINELOGENTRY, 999@client-AE8279CAF820, (t:2, i:4), METADATAENTRY(c:3)]
2022-11-08 19:12:09,320 [s2-server-thread2] INFO  server.RaftServer$Division (RaftServerImpl.java:checkInconsistentAppendEntries(1592)) - s2@group-EA982605F2E5: Failed appendEntries as the first entry (index 0) already exists (snapshotIndex: -1, commitIndex: 0)
2022-11-08 19:12:09,320 [s2-server-thread2] INFO  server.RaftServer$Division (RaftServerImpl.java:checkInconsistentAppendEntries(1572)) - s2@group-EA982605F2E5: inconsistency entries. Reply:s1<-s2#1321:FAIL-t2,INCONSISTENCY,nextIndex=1,followerCommit=0,matchIndex=-1
2022-11-08 19:12:09,321 [grpc-default-executor-0] INFO  leader.FollowerInfo (FollowerInfoImpl.java:lambda$new$0(48)) - s1@group-EA982605F2E5->s2: nextIndex: updateUnconditionally 5 -> 1
2022-11-08 19:12:09,321 [s2-server-thread2] DEBUG server.RaftServer$Division (RaftServerImpl.java:logAppendEntries(1421)) - s2@group-EA982605F2E5: receive appendEntries(s1, 2, (t:2, i:0), 4, true, commits:[s1:c4, s0:c4, s2:c0], cId:1322, entries: [(t:2, i:1), STATEMACHINELOGENTRY, 0@client-2EFB324ADA71, (t:2, i:2), METADATAENTRY(c:1), (t:2, i:3), STATEMACHINELOGENTRY, 999@client-AE8279CAF820, (t:2, i:4), METADATAENTRY(c:3)]
2022-11-08 19:12:09,321 [s2-server-thread2] INFO  server.RaftServer$Division (RaftServerImpl.java:checkInconsistentAppendEntries(1602)) - s2@group-EA982605F2E5: Failed appendEntries as previous log entry ((t:2, i:0)) is not found
2022-11-08 19:12:09,322 [s2-server-thread2] INFO  server.RaftServer$Division (RaftServerImpl.java:checkInconsistentAppendEntries(1572)) - s2@group-EA982605F2E5: inconsistency entries. Reply:s1<-s2#1322:FAIL-t2,INCONSISTENCY,nextIndex=0,followerCommit=0,matchIndex=-1
2022-11-08 19:12:09,322 [grpc-default-executor-0] INFO  leader.FollowerInfo (FollowerInfoImpl.java:lambda$new$0(48)) - s1@group-EA982605F2E5->s2: nextIndex: updateUnconditionally 5 -> 0
2022-11-08 19:12:09,323 [s2-server-thread2] DEBUG server.RaftServer$Division (RaftServerImpl.java:logAppendEntries(1421)) - s2@group-EA982605F2E5: receive appendEntries(s1, 2, null, 4, true, commits:[s1:c4, s0:c4, s2:c0], cId:1323, entries: [(t:2, i:0), CONFIGURATIONENTRY(current:id: "s0"
address: "localhost:34297"
dataStreamAddress: "localhost:43983"
clientAddress: "localhost:39609"
adminAddress: "localhost:37077"
startupRole: FOLLOWER
,id: "s1"
address: "localhost:38917"
dataStreamAddress: "localhost:45719"
clientAddress: "localhost:36975"
adminAddress: "localhost:40635"
startupRole: FOLLOWER
,id: "s2"
address: "localhost:35511"
dataStreamAddress: "localhost:38827"
clientAddress: "localhost:42865"
adminAddress: "localhost:36791"
startupRole: FOLLOWER
, old:), (t:2, i:1), STATEMACHINELOGENTRY, 0@client-2EFB324ADA71, (t:2, i:2), METADATAENTRY(c:1), (t:2, i:3), STATEMACHINELOGENTRY, 999@client-AE8279CAF820, (t:2, i:4), METADATAENTRY(c:3)]
2022-11-08 19:12:09,323 [s2-server-thread2] INFO  server.RaftServer$Division (RaftServerImpl.java:checkInconsistentAppendEntries(1592)) - s2@group-EA982605F2E5: Failed appendEntries as the first entry (index 0) already exists (snapshotIndex: -1, commitIndex: 0)
2022-11-08 19:12:09,323 [s2-server-thread2] INFO  server.RaftServer$Division (RaftServerImpl.java:checkInconsistentAppendEntries(1572)) - s2@group-EA982605F2E5: inconsistency entries. Reply:s1<-s2#1323:FAIL-t2,INCONSISTENCY,nextIndex=1,followerCommit=0,matchIndex=-1
2022-11-08 19:12:09,323 [grpc-default-executor-0] INFO  leader.FollowerInfo (FollowerInfoImpl.java:lambda$new$0(48)) - s1@group-EA982605F2E5->s2: nextIndex: updateUnconditionally 5 -> 1
2022-11-08 19:12:09,324 [s2-server-thread2] DEBUG server.RaftServer$Division (RaftServerImpl.java:logAppendEntries(1421)) - s2@group-EA982605F2E5: receive appendEntries(s1, 2, (t:2, i:0), 4, true, commits:[s1:c4, s0:c4, s2:c0], cId:1324, entries: [(t:2, i:1), STATEMACHINELOGENTRY, 0@client-2EFB324ADA71, (t:2, i:2), METADATAENTRY(c:1), (t:2, i:3), STATEMACHINELOGENTRY, 999@client-AE8279CAF820, (t:2, i:4), METADATAENTRY(c:3)]
2022-11-08 19:12:09,324 [s2-server-thread2] INFO  server.RaftServer$Division (RaftServerImpl.java:checkInconsistentAppendEntries(1602)) - s2@group-EA982605F2E5: Failed appendEntries as previous log entry ((t:2, i:0)) is not found
2022-11-08 19:12:09,324 [s2-server-thread2] INFO  server.RaftServer$Division (RaftServerImpl.java:checkInconsistentAppendEntries(1572)) - s2@group-EA982605F2E5: inconsistency entries. Reply:s1<-s2#1324:FAIL-t2,INCONSISTENCY,nextIndex=0,followerCommit=0,matchIndex=-1
2022-11-08 19:12:09,324 [grpc-default-executor-0] INFO  leader.FollowerInfo (FollowerInfoImpl.java:lambda$new$0(48)) - s1@group-EA982605F2E5->s2: nextIndex: updateUnconditionally 5 -> 0
2022-11-08 19:12:09,325 [s2-server-thread2] DEBUG server.RaftServer$Division (RaftServerImpl.java:logAppendEntries(1421)) - s2@group-EA982605F2E5: receive appendEntries(s1, 2, null, 4, true, commits:[s1:c4, s0:c4, s2:c0], cId:1325, entries: [(t:2, i:0), CONFIGURATIONENTRY(current:id: "s0"
address: "localhost:34297"
dataStreamAddress: "localhost:43983"
clientAddress: "localhost:39609"
adminAddress: "localhost:37077"
startupRole: FOLLOWER
,id: "s1"
address: "localhost:38917"
dataStreamAddress: "localhost:45719"
clientAddress: "localhost:36975"
adminAddress: "localhost:40635"
startupRole: FOLLOWER
,id: "s2"
address: "localhost:35511"
dataStreamAddress: "localhost:38827"
clientAddress: "localhost:42865"
adminAddress: "localhost:36791"
startupRole: FOLLOWER
, old:), (t:2, i:1), STATEMACHINELOGENTRY, 0@client-2EFB324ADA71, (t:2, i:2), METADATAENTRY(c:1), (t:2, i:3), STATEMACHINELOGENTRY, 999@client-AE8279CAF820, (t:2, i:4), METADATAENTRY(c:3)]
2022-11-08 19:12:09,325 [s2-server-thread2] INFO  server.RaftServer$Division (RaftServerImpl.java:checkInconsistentAppendEntries(1592)) - s2@group-EA982605F2E5: Failed appendEntries as the first entry (index 0) already exists (snapshotIndex: -1, commitIndex: 0)
2022-11-08 19:12:09,325 [s2-server-thread2] INFO  server.RaftServer$Division (RaftServerImpl.java:checkInconsistentAppendEntries(1572)) - s2@group-EA982605F2E5: inconsistency entries. Reply:s1<-s2#1325:FAIL-t2,INCONSISTENCY,nextIndex=1,followerCommit=0,matchIndex=-1
2022-11-08 19:12:09,325 [grpc-default-executor-0] INFO  leader.FollowerInfo (FollowerInfoImpl.java:lambda$new$0(48)) - s1@group-EA982605F2E5->s2: nextIndex: updateUnconditionally 5 -> 1
2022-11-08 19:12:09,326 [s2-server-thread1] DEBUG server.RaftServer$Division (RaftServerImpl.java:logAppendEntries(1421)) - s2@group-EA982605F2E5: receive appendEntries(s1, 2, (t:2, i:0), 4, true, commits:[s1:c4, s0:c4, s2:c0], cId:1326, entries: [(t:2, i:1), STATEMACHINELOGENTRY, 0@client-2EFB324ADA71, (t:2, i:2), METADATAENTRY(c:1), (t:2, i:3), STATEMACHINELOGENTRY, 999@client-AE8279CAF820, (t:2, i:4), METADATAENTRY(c:3)]
2022-11-08 19:12:09,326 [s2-server-thread1] INFO  server.RaftServer$Division (RaftServerImpl.java:checkInconsistentAppendEntries(1602)) - s2@group-EA982605F2E5: Failed appendEntries as previous log entry ((t:2, i:0)) is not found
2022-11-08 19:12:09,326 [s2-server-thread1] INFO  server.RaftServer$Division (RaftServerImpl.java:checkInconsistentAppendEntries(1572)) - s2@group-EA982605F2E5: inconsistency entries. Reply:s1<-s2#1326:FAIL-t2,INCONSISTENCY,nextIndex=0,followerCommit=0,matchIndex=-1
2022-11-08 19:12:09,326 [grpc-default-executor-0] INFO  leader.FollowerInfo (FollowerInfoImpl.java:lambda$new$0(48)) - s1@group-EA982605F2E5->s2: nextIndex: updateUnconditionally 5 -> 0
2022-11-08 19:12:09,327 [s2-server-thread2] DEBUG server.RaftServer$Division (RaftServerImpl.java:logAppendEntries(1421)) - s2@group-EA982605F2E5: receive appendEntries(s1, 2, null, 4, true, commits:[s1:c4, s0:c4, s2:c0], cId:1327, entries: [(t:2, i:0), CONFIGURATIONENTRY(current:id: "s0"
address: "localhost:34297"
dataStreamAddress: "localhost:43983"
clientAddress: "localhost:39609"
adminAddress: "localhost:37077"
startupRole: FOLLOWER
,id: "s1"
address: "localhost:38917"
dataStreamAddress: "localhost:45719"
clientAddress: "localhost:36975"
adminAddress: "localhost:40635"
startupRole: FOLLOWER
,id: "s2"
address: "localhost:35511"
dataStreamAddress: "localhost:38827"
clientAddress: "localhost:42865"
adminAddress: "localhost:36791"
startupRole: FOLLOWER
, old:), (t:2, i:1), STATEMACHINELOGENTRY, 0@client-2EFB324ADA71, (t:2, i:2), METADATAENTRY(c:1), (t:2, i:3), STATEMACHINELOGENTRY, 999@client-AE8279CAF820, (t:2, i:4), METADATAENTRY(c:3)]
2022-11-08 19:12:09,327 [s2-server-thread2] INFO  server.RaftServer$Division (RaftServerImpl.java:checkInconsistentAppendEntries(1592)) - s2@group-EA982605F2E5: Failed appendEntries as the first entry (index 0) already exists (snapshotIndex: -1, commitIndex: 0)
2022-11-08 19:12:09,327 [s2-server-thread2] INFO  server.RaftServer$Division (RaftServerImpl.java:checkInconsistentAppendEntries(1572)) - s2@group-EA982605F2E5: inconsistency entries. Reply:s1<-s2#1327:FAIL-t2,INCONSISTENCY,nextIndex=1,followerCommit=0,matchIndex=-1
2022-11-08 19:12:09,328 [grpc-default-executor-0] INFO  leader.FollowerInfo (FollowerInfoImpl.java:lambda$new$0(48)) - s1@group-EA982605F2E5->s2: nextIndex: updateUnconditionally 5 -> 1
2022-11-08 19:12:09,328 [s2-server-thread2] DEBUG server.RaftServer$Division (RaftServerImpl.java:logAppendEntries(1421)) - s2@group-EA982605F2E5: receive appendEntries(s1, 2, (t:2, i:0), 4, true, commits:[s1:c4, s0:c4, s2:c0], cId:1328, entries: [(t:2, i:1), STATEMACHINELOGENTRY, 0@client-2EFB324ADA71, (t:2, i:2), METADATAENTRY(c:1), (t:2, i:3), STATEMACHINELOGENTRY, 999@client-AE8279CAF820, (t:2, i:4), METADATAENTRY(c:3)]
2022-11-08 19:12:09,328 [s2-server-thread2] INFO  server.RaftServer$Division (RaftServerImpl.java:checkInconsistentAppendEntries(1602)) - s2@group-EA982605F2E5: Failed appendEntries as previous log entry ((t:2, i:0)) is not found
2022-11-08 19:12:09,328 [s2-server-thread2] INFO  server.RaftServer$Division (RaftServerImpl.java:checkInconsistentAppendEntries(1572)) - s2@group-EA982605F2E5: inconsistency entries. Reply:s1<-s2#1328:FAIL-t2,INCONSISTENCY,nextIndex=0,followerCommit=0,matchIndex=-1
2022-11-08 19:12:09,329 [grpc-default-executor-0] INFO  leader.FollowerInfo (FollowerInfoImpl.java:lambda$new$0(48)) - s1@group-EA982605F2E5->s2: nextIndex: updateUnconditionally 5 -> 0
2022-11-08 19:12:09,329 [s2-server-thread1] DEBUG server.RaftServer$Division (RaftServerImpl.java:logAppendEntries(1421)) - s2@group-EA982605F2E5: receive appendEntries(s1, 2, null, 4, true, commits:[s1:c4, s0:c4, s2:c0], cId:1329, entries: [(t:2, i:0), CONFIGURATIONENTRY(current:id: "s0"
address: "localhost:34297"
dataStreamAddress: "localhost:43983"
clientAddress: "localhost:39609"
adminAddress: "localhost:37077"
startupRole: FOLLOWER
,id: "s1"
address: "localhost:38917"
dataStreamAddress: "localhost:45719"
clientAddress: "localhost:36975"
adminAddress: "localhost:40635"
startupRole: FOLLOWER
,id: "s2"
address: "localhost:35511"
dataStreamAddress: "localhost:38827"
clientAddress: "localhost:42865"
adminAddress: "localhost:36791"
startupRole: FOLLOWER
, old:), (t:2, i:1), STATEMACHINELOGENTRY, 0@client-2EFB324ADA71, (t:2, i:2), METADATAENTRY(c:1), (t:2, i:3), STATEMACHINELOGENTRY, 999@client-AE8279CAF820, (t:2, i:4), METADATAENTRY(c:3)]
2022-11-08 19:12:09,329 [s2-server-thread1] INFO  server.RaftServer$Division (RaftServerImpl.java:checkInconsistentAppendEntries(1592)) - s2@group-EA982605F2E5: Failed appendEntries as the first entry (index 0) already exists (snapshotIndex: -1, commitIndex: 0)
2022-11-08 19:12:09,330 [s2-server-thread1] INFO  server.RaftServer$Division (RaftServerImpl.java:checkInconsistentAppendEntries(1572)) - s2@group-EA982605F2E5: inconsistency entries. Reply:s1<-s2#1329:FAIL-t2,INCONSISTENCY,nextIndex=1,followerCommit=0,matchIndex=-1
2022-11-08 19:12:09,330 [grpc-default-executor-0] INFO  leader.FollowerInfo (FollowerInfoImpl.java:lambda$new$0(48)) - s1@group-EA982605F2E5->s2: nextIndex: updateUnconditionally 5 -> 1
2022-11-08 19:12:09,330 [s2-server-thread2] DEBUG server.RaftServer$Division (RaftServerImpl.java:logAppendEntries(1421)) - s2@group-EA982605F2E5: receive appendEntries(s1, 2, (t:2, i:0), 4, true, commits:[s1:c4, s0:c4, s2:c0], cId:1330, entries: [(t:2, i:1), STATEMACHINELOGENTRY, 0@client-2EFB324ADA71, (t:2, i:2), METADATAENTRY(c:1), (t:2, i:3), STATEMACHINELOGENTRY, 999@client-AE8279CAF820, (t:2, i:4), METADATAENTRY(c:3)]
2022-11-08 19:12:09,331 [s2-server-thread2] INFO  server.RaftServer$Division (RaftServerImpl.java:checkInconsistentAppendEntries(1602)) - s2@group-EA982605F2E5: Failed appendEntries as previous log entry ((t:2, i:0)) is not found
2022-11-08 19:12:09,331 [s2-server-thread2] INFO  server.RaftServer$Division (RaftServerImpl.java:checkInconsistentAppendEntries(1572)) - s2@group-EA982605F2E5: inconsistency entries. Reply:s1<-s2#1330:FAIL-t2,INCONSISTENCY,nextIndex=0,followerCommit=0,matchIndex=-1
2022-11-08 19:12:09,331 [grpc-default-executor-0] INFO  leader.FollowerInfo (FollowerInfoImpl.java:lambda$new$0(48)) - s1@group-EA982605F2E5->s2: nextIndex: updateUnconditionally 5 -> 0
2022-11-08 19:12:09,332 [s2-server-thread2] DEBUG server.RaftServer$Division (RaftServerImpl.java:logAppendEntries(1421)) - s2@group-EA982605F2E5: receive appendEntries(s1, 2, null, 4, true, commits:[s1:c4, s0:c4, s2:c0], cId:1331, entries: [(t:2, i:0), CONFIGURATIONENTRY(current:id: "s0"
address: "localhost:34297"
dataStreamAddress: "localhost:43983"
clientAddress: "localhost:39609"
adminAddress: "localhost:37077"
startupRole: FOLLOWER
,id: "s1"
address: "localhost:38917"
dataStreamAddress: "localhost:45719"
clientAddress: "localhost:36975"
adminAddress: "localhost:40635"
startupRole: FOLLOWER
,id: "s2"
address: "localhost:35511"
dataStreamAddress: "localhost:38827"
clientAddress: "localhost:42865"
adminAddress: "localhost:36791"
startupRole: FOLLOWER
, old:), (t:2, i:1), STATEMACHINELOGENTRY, 0@client-2EFB324ADA71, (t:2, i:2), METADATAENTRY(c:1), (t:2, i:3), STATEMACHINELOGENTRY, 999@client-AE8279CAF820, (t:2, i:4), METADATAENTRY(c:3)]
2022-11-08 19:12:09,332 [s2-server-thread2] INFO  server.RaftServer$Division (RaftServerImpl.java:checkInconsistentAppendEntries(1592)) - s2@group-EA982605F2E5: Failed appendEntries as the first entry (index 0) already exists (snapshotIndex: -1, commitIndex: 0)
2022-11-08 19:12:09,332 [s2-server-thread2] INFO  server.RaftServer$Division (RaftServerImpl.java:checkInconsistentAppendEntries(1572)) - s2@group-EA982605F2E5: inconsistency entries. Reply:s1<-s2#1331:FAIL-t2,INCONSISTENCY,nextIndex=1,followerCommit=0,matchIndex=-1
2022-11-08 19:12:09,332 [grpc-default-executor-0] INFO  leader.FollowerInfo (FollowerInfoImpl.java:lambda$new$0(48)) - s1@group-EA982605F2E5->s2: nextIndex: updateUnconditionally 5 -> 1
2022-11-08 19:12:09,333 [s2-server-thread2] DEBUG server.RaftServer$Division (RaftServerImpl.java:logAppendEntries(1421)) - s2@group-EA982605F2E5: receive appendEntries(s1, 2, (t:2, i:0), 4, true, commits:[s1:c4, s0:c4, s2:c0], cId:1332, entries: [(t:2, i:1), STATEMACHINELOGENTRY, 0@client-2EFB324ADA71, (t:2, i:2), METADATAENTRY(c:1), (t:2, i:3), STATEMACHINELOGENTRY, 999@client-AE8279CAF820, (t:2, i:4), METADATAENTRY(c:3)]
2022-11-08 19:12:09,333 [s2-server-thread2] INFO  server.RaftServer$Division (RaftServerImpl.java:checkInconsistentAppendEntries(1602)) - s2@group-EA982605F2E5: Failed appendEntries as previous log entry ((t:2, i:0)) is not found
2022-11-08 19:12:09,333 [s2-server-thread2] INFO  server.RaftServer$Division (RaftServerImpl.java:checkInconsistentAppendEntries(1572)) - s2@group-EA982605F2E5: inconsistency entries. Reply:s1<-s2#1332:FAIL-t2,INCONSISTENCY,nextIndex=0,followerCommit=0,matchIndex=-1
2022-11-08 19:12:09,333 [grpc-default-executor-0] INFO  leader.FollowerInfo (FollowerInfoImpl.java:lambda$new$0(48)) - s1@group-EA982605F2E5->s2: nextIndex: updateUnconditionally 5 -> 0
2022-11-08 19:12:09,334 [s2-server-thread2] DEBUG server.RaftServer$Division (RaftServerImpl.java:logAppendEntries(1421)) - s2@group-EA982605F2E5: receive appendEntries(s1, 2, null, 4, true, commits:[s1:c4, s0:c4, s2:c0], cId:1333, entries: [(t:2, i:0), CONFIGURATIONENTRY(current:id: "s0"
address: "localhost:34297"
dataStreamAddress: "localhost:43983"
clientAddress: "localhost:39609"
adminAddress: "localhost:37077"
startupRole: FOLLOWER
,id: "s1"
address: "localhost:38917"
dataStreamAddress: "localhost:45719"
clientAddress: "localhost:36975"
adminAddress: "localhost:40635"
startupRole: FOLLOWER
,id: "s2"
address: "localhost:35511"
dataStreamAddress: "localhost:38827"
clientAddress: "localhost:42865"
adminAddress: "localhost:36791"
startupRole: FOLLOWER
, old:), (t:2, i:1), STATEMACHINELOGENTRY, 0@client-2EFB324ADA71, (t:2, i:2), METADATAENTRY(c:1), (t:2, i:3), STATEMACHINELOGENTRY, 999@client-AE8279CAF820, (t:2, i:4), METADATAENTRY(c:3)]
2022-11-08 19:12:09,334 [s2-server-thread2] INFO  server.RaftServer$Division (RaftServerImpl.java:checkInconsistentAppendEntries(1592)) - s2@group-EA982605F2E5: Failed appendEntries as the first entry (index 0) already exists (snapshotIndex: -1, commitIndex: 0)
2022-11-08 19:12:09,334 [s2-server-thread2] INFO  server.RaftServer$Division (RaftServerImpl.java:checkInconsistentAppendEntries(1572)) - s2@group-EA982605F2E5: inconsistency entries. Reply:s1<-s2#1333:FAIL-t2,INCONSISTENCY,nextIndex=1,followerCommit=0,matchIndex=-1
2022-11-08 19:12:09,334 [grpc-default-executor-0] INFO  leader.FollowerInfo (FollowerInfoImpl.java:lambda$new$0(48)) - s1@group-EA982605F2E5->s2: nextIndex: updateUnconditionally 5 -> 1
2022-11-08 19:12:09,335 [s2-server-thread2] DEBUG server.RaftServer$Division (RaftServerImpl.java:logAppendEntries(1421)) - s2@group-EA982605F2E5: receive appendEntries(s1, 2, (t:2, i:0), 4, true, commits:[s1:c4, s0:c4, s2:c0], cId:1334, entries: [(t:2, i:1), STATEMACHINELOGENTRY, 0@client-2EFB324ADA71, (t:2, i:2), METADATAENTRY(c:1), (t:2, i:3), STATEMACHINELOGENTRY, 999@client-AE8279CAF820, (t:2, i:4), METADATAENTRY(c:3)]
2022-11-08 19:12:09,335 [s2-server-thread2] INFO  server.RaftServer$Division (RaftServerImpl.java:checkInconsistentAppendEntries(1602)) - s2@group-EA982605F2E5: Failed appendEntries as previous log entry ((t:2, i:0)) is not found
2022-11-08 19:12:09,335 [s2-server-thread2] INFO  server.RaftServer$Division (RaftServerImpl.java:checkInconsistentAppendEntries(1572)) - s2@group-EA982605F2E5: inconsistency entries. Reply:s1<-s2#1334:FAIL-t2,INCONSISTENCY,nextIndex=0,followerCommit=0,matchIndex=-1
2022-11-08 19:12:09,335 [grpc-default-executor-0] INFO  leader.FollowerInfo (FollowerInfoImpl.java:lambda$new$0(48)) - s1@group-EA982605F2E5->s2: nextIndex: updateUnconditionally 5 -> 0
2022-11-08 19:12:09,336 [s2-server-thread2] DEBUG server.RaftServer$Division (RaftServerImpl.java:logAppendEntries(1421)) - s2@group-EA982605F2E5: receive appendEntries(s1, 2, null, 4, true, commits:[s1:c4, s0:c4, s2:c0], cId:1335, entries: [(t:2, i:0), CONFIGURATIONENTRY(current:id: "s0"
address: "localhost:34297"
dataStreamAddress: "localhost:43983"
clientAddress: "localhost:39609"
adminAddress: "localhost:37077"
startupRole: FOLLOWER
,id: "s1"
address: "localhost:38917"
dataStreamAddress: "localhost:45719"
clientAddress: "localhost:36975"
adminAddress: "localhost:40635"
startupRole: FOLLOWER
,id: "s2"
address: "localhost:35511"
dataStreamAddress: "localhost:38827"
clientAddress: "localhost:42865"
adminAddress: "localhost:36791"
startupRole: FOLLOWER
, old:), (t:2, i:1), STATEMACHINELOGENTRY, 0@client-2EFB324ADA71, (t:2, i:2), METADATAENTRY(c:1), (t:2, i:3), STATEMACHINELOGENTRY, 999@client-AE8279CAF820, (t:2, i:4), METADATAENTRY(c:3)]
2022-11-08 19:12:09,336 [s2-server-thread2] INFO  server.RaftServer$Division (RaftServerImpl.java:checkInconsistentAppendEntries(1592)) - s2@group-EA982605F2E5: Failed appendEntries as the first entry (index 0) already exists (snapshotIndex: -1, commitIndex: 0)
2022-11-08 19:12:09,336 [s2-server-thread2] INFO  server.RaftServer$Division (RaftServerImpl.java:checkInconsistentAppendEntries(1572)) - s2@group-EA982605F2E5: inconsistency entries. Reply:s1<-s2#1335:FAIL-t2,INCONSISTENCY,nextIndex=1,followerCommit=0,matchIndex=-1
2022-11-08 19:12:09,336 [grpc-default-executor-0] INFO  leader.FollowerInfo (FollowerInfoImpl.java:lambda$new$0(48)) - s1@group-EA982605F2E5->s2: nextIndex: updateUnconditionally 5 -> 1
2022-11-08 19:12:09,337 [s2-server-thread2] DEBUG server.RaftServer$Division (RaftServerImpl.java:logAppendEntries(1421)) - s2@group-EA982605F2E5: receive appendEntries(s1, 2, (t:2, i:0), 4, true, commits:[s1:c4, s0:c4, s2:c0], cId:1336, entries: [(t:2, i:1), STATEMACHINELOGENTRY, 0@client-2EFB324ADA71, (t:2, i:2), METADATAENTRY(c:1), (t:2, i:3), STATEMACHINELOGENTRY, 999@client-AE8279CAF820, (t:2, i:4), METADATAENTRY(c:3)]
2022-11-08 19:12:09,337 [s2-server-thread2] INFO  server.RaftServer$Division (RaftServerImpl.java:checkInconsistentAppendEntries(1602)) - s2@group-EA982605F2E5: Failed appendEntries as previous log entry ((t:2, i:0)) is not found
2022-11-08 19:12:09,337 [s2-server-thread2] INFO  server.RaftServer$Division (RaftServerImpl.java:checkInconsistentAppendEntries(1572)) - s2@group-EA982605F2E5: inconsistency entries. Reply:s1<-s2#1336:FAIL-t2,INCONSISTENCY,nextIndex=0,followerCommit=0,matchIndex=-1
2022-11-08 19:12:09,338 [grpc-default-executor-0] INFO  leader.FollowerInfo (FollowerInfoImpl.java:lambda$new$0(48)) - s1@group-EA982605F2E5->s2: nextIndex: updateUnconditionally 5 -> 0
2022-11-08 19:12:09,338 [s2-server-thread2] DEBUG server.RaftServer$Division (RaftServerImpl.java:logAppendEntries(1421)) - s2@group-EA982605F2E5: receive appendEntries(s1, 2, null, 4, true, commits:[s1:c4, s0:c4, s2:c0], cId:1337, entries: [(t:2, i:0), CONFIGURATIONENTRY(current:id: "s0"
address: "localhost:34297"
dataStreamAddress: "localhost:43983"
clientAddress: "localhost:39609"
adminAddress: "localhost:37077"
startupRole: FOLLOWER
,id: "s1"
address: "localhost:38917"
dataStreamAddress: "localhost:45719"
clientAddress: "localhost:36975"
adminAddress: "localhost:40635"
startupRole: FOLLOWER
,id: "s2"
address: "localhost:35511"
dataStreamAddress: "localhost:38827"
clientAddress: "localhost:42865"
adminAddress: "localhost:36791"
startupRole: FOLLOWER
, old:), (t:2, i:1), STATEMACHINELOGENTRY, 0@client-2EFB324ADA71, (t:2, i:2), METADATAENTRY(c:1), (t:2, i:3), STATEMACHINELOGENTRY, 999@client-AE8279CAF820, (t:2, i:4), METADATAENTRY(c:3)]
2022-11-08 19:12:09,339 [s2-server-thread2] INFO  server.RaftServer$Division (RaftServerImpl.java:checkInconsistentAppendEntries(1592)) - s2@group-EA982605F2E5: Failed appendEntries as the first entry (index 0) already exists (snapshotIndex: -1, commitIndex: 0)
2022-11-08 19:12:09,339 [s2-server-thread2] INFO  server.RaftServer$Division (RaftServerImpl.java:checkInconsistentAppendEntries(1572)) - s2@group-EA982605F2E5: inconsistency entries. Reply:s1<-s2#1337:FAIL-t2,INCONSISTENCY,nextIndex=1,followerCommit=0,matchIndex=-1
2022-11-08 19:12:09,339 [grpc-default-executor-0] INFO  leader.FollowerInfo (FollowerInfoImpl.java:lambda$new$0(48)) - s1@group-EA982605F2E5->s2: nextIndex: updateUnconditionally 5 -> 1
2022-11-08 19:12:09,339 [s2-server-thread2] DEBUG server.RaftServer$Division (RaftServerImpl.java:logAppendEntries(1421)) - s2@group-EA982605F2E5: receive appendEntries(s1, 2, (t:2, i:0), 4, true, commits:[s1:c4, s0:c4, s2:c0], cId:1338, entries: [(t:2, i:1), STATEMACHINELOGENTRY, 0@client-2EFB324ADA71, (t:2, i:2), METADATAENTRY(c:1), (t:2, i:3), STATEMACHINELOGENTRY, 999@client-AE8279CAF820, (t:2, i:4), METADATAENTRY(c:3)]
2022-11-08 19:12:09,340 [s2-server-thread2] INFO  server.RaftServer$Division (RaftServerImpl.java:checkInconsistentAppendEntries(1602)) - s2@group-EA982605F2E5: Failed appendEntries as previous log entry ((t:2, i:0)) is not found
2022-11-08 19:12:09,340 [s2-server-thread2] INFO  server.RaftServer$Division (RaftServerImpl.java:checkInconsistentAppendEntries(1572)) - s2@group-EA982605F2E5: inconsistency entries. Reply:s1<-s2#1338:FAIL-t2,INCONSISTENCY,nextIndex=0,followerCommit=0,matchIndex=-1
2022-11-08 19:12:09,340 [grpc-default-executor-0] INFO  leader.FollowerInfo (FollowerInfoImpl.java:lambda$new$0(48)) - s1@group-EA982605F2E5->s2: nextIndex: updateUnconditionally 5 -> 0
2022-11-08 19:12:09,341 [s2-server-thread2] DEBUG server.RaftServer$Division (RaftServerImpl.java:logAppendEntries(1421)) - s2@group-EA982605F2E5: receive appendEntries(s1, 2, null, 4, true, commits:[s1:c4, s0:c4, s2:c0], cId:1339, entries: [(t:2, i:0), CONFIGURATIONENTRY(current:id: "s0"
address: "localhost:34297"
dataStreamAddress: "localhost:43983"
clientAddress: "localhost:39609"
adminAddress: "localhost:37077"
startupRole: FOLLOWER
,id: "s1"
address: "localhost:38917"
dataStreamAddress: "localhost:45719"
clientAddress: "localhost:36975"
adminAddress: "localhost:40635"
startupRole: FOLLOWER
,id: "s2"
address: "localhost:35511"
dataStreamAddress: "localhost:38827"
clientAddress: "localhost:42865"
adminAddress: "localhost:36791"
startupRole: FOLLOWER
, old:), (t:2, i:1), STATEMACHINELOGENTRY, 0@client-2EFB324ADA71, (t:2, i:2), METADATAENTRY(c:1), (t:2, i:3), STATEMACHINELOGENTRY, 999@client-AE8279CAF820, (t:2, i:4), METADATAENTRY(c:3)]
2022-11-08 19:12:09,341 [s2-server-thread2] INFO  server.RaftServer$Division (RaftServerImpl.java:checkInconsistentAppendEntries(1592)) - s2@group-EA982605F2E5: Failed appendEntries as the first entry (index 0) already exists (snapshotIndex: -1, commitIndex: 0)
2022-11-08 19:12:09,341 [s2-server-thread2] INFO  server.RaftServer$Division (RaftServerImpl.java:checkInconsistentAppendEntries(1572)) - s2@group-EA982605F2E5: inconsistency entries. Reply:s1<-s2#1339:FAIL-t2,INCONSISTENCY,nextIndex=1,followerCommit=0,matchIndex=-1
2022-11-08 19:12:09,341 [grpc-default-executor-0] INFO  leader.FollowerInfo (FollowerInfoImpl.java:lambda$new$0(48)) - s1@group-EA982605F2E5->s2: nextIndex: updateUnconditionally 5 -> 1
2022-11-08 19:12:09,342 [s2-server-thread2] DEBUG server.RaftServer$Division (RaftServerImpl.java:logAppendEntries(1421)) - s2@group-EA982605F2E5: receive appendEntries(s1, 2, (t:2, i:0), 4, true, commits:[s1:c4, s0:c4, s2:c0], cId:1340, entries: [(t:2, i:1), STATEMACHINELOGENTRY, 0@client-2EFB324ADA71, (t:2, i:2), METADATAENTRY(c:1), (t:2, i:3), STATEMACHINELOGENTRY, 999@client-AE8279CAF820, (t:2, i:4), METADATAENTRY(c:3)]
2022-11-08 19:12:09,342 [s2-server-thread2] INFO  server.RaftServer$Division (RaftServerImpl.java:checkInconsistentAppendEntries(1602)) - s2@group-EA982605F2E5: Failed appendEntries as previous log entry ((t:2, i:0)) is not found
2022-11-08 19:12:09,342 [s2-server-thread2] INFO  server.RaftServer$Division (RaftServerImpl.java:checkInconsistentAppendEntries(1572)) - s2@group-EA982605F2E5: inconsistency entries. Reply:s1<-s2#1340:FAIL-t2,INCONSISTENCY,nextIndex=0,followerCommit=0,matchIndex=-1
2022-11-08 19:12:09,342 [grpc-default-executor-0] INFO  leader.FollowerInfo (FollowerInfoImpl.java:lambda$new$0(48)) - s1@group-EA982605F2E5->s2: nextIndex: updateUnconditionally 5 -> 0
2022-11-08 19:12:09,343 [s2-server-thread2] DEBUG server.RaftServer$Division (RaftServerImpl.java:logAppendEntries(1421)) - s2@group-EA982605F2E5: receive appendEntries(s1, 2, null, 4, true, commits:[s1:c4, s0:c4, s2:c0], cId:1341, entries: [(t:2, i:0), CONFIGURATIONENTRY(current:id: "s0"
address: "localhost:34297"
dataStreamAddress: "localhost:43983"
clientAddress: "localhost:39609"
adminAddress: "localhost:37077"
startupRole: FOLLOWER
,id: "s1"
address: "localhost:38917"
dataStreamAddress: "localhost:45719"
clientAddress: "localhost:36975"
adminAddress: "localhost:40635"
startupRole: FOLLOWER
,id: "s2"
address: "localhost:35511"
dataStreamAddress: "localhost:38827"
clientAddress: "localhost:42865"
adminAddress: "localhost:36791"
startupRole: FOLLOWER
, old:), (t:2, i:1), STATEMACHINELOGENTRY, 0@client-2EFB324ADA71, (t:2, i:2), METADATAENTRY(c:1), (t:2, i:3), STATEMACHINELOGENTRY, 999@client-AE8279CAF820, (t:2, i:4), METADATAENTRY(c:3)]
2022-11-08 19:12:09,343 [s2-server-thread2] INFO  server.RaftServer$Division (RaftServerImpl.java:checkInconsistentAppendEntries(1592)) - s2@group-EA982605F2E5: Failed appendEntries as the first entry (index 0) already exists (snapshotIndex: -1, commitIndex: 0)
2022-11-08 19:12:09,343 [s2-server-thread2] INFO  server.RaftServer$Division (RaftServerImpl.java:checkInconsistentAppendEntries(1572)) - s2@group-EA982605F2E5: inconsistency entries. Reply:s1<-s2#1341:FAIL-t2,INCONSISTENCY,nextIndex=1,followerCommit=0,matchIndex=-1
2022-11-08 19:12:09,343 [grpc-default-executor-0] INFO  leader.FollowerInfo (FollowerInfoImpl.java:lambda$new$0(48)) - s1@group-EA982605F2E5->s2: nextIndex: updateUnconditionally 5 -> 1
2022-11-08 19:12:09,344 [s2-server-thread2] DEBUG server.RaftServer$Division (RaftServerImpl.java:logAppendEntries(1421)) - s2@group-EA982605F2E5: receive appendEntries(s1, 2, (t:2, i:0), 4, true, commits:[s1:c4, s0:c4, s2:c0], cId:1342, entries: [(t:2, i:1), STATEMACHINELOGENTRY, 0@client-2EFB324ADA71, (t:2, i:2), METADATAENTRY(c:1), (t:2, i:3), STATEMACHINELOGENTRY, 999@client-AE8279CAF820, (t:2, i:4), METADATAENTRY(c:3)]
2022-11-08 19:12:09,344 [s2-server-thread2] INFO  server.RaftServer$Division (RaftServerImpl.java:checkInconsistentAppendEntries(1602)) - s2@group-EA982605F2E5: Failed appendEntries as previous log entry ((t:2, i:0)) is not found
2022-11-08 19:12:09,344 [s2-server-thread2] INFO  server.RaftServer$Division (RaftServerImpl.java:checkInconsistentAppendEntries(1572)) - s2@group-EA982605F2E5: inconsistency entries. Reply:s1<-s2#1342:FAIL-t2,INCONSISTENCY,nextIndex=0,followerCommit=0,matchIndex=-1
2022-11-08 19:12:09,344 [grpc-default-executor-0] INFO  leader.FollowerInfo (FollowerInfoImpl.java:lambda$new$0(48)) - s1@group-EA982605F2E5->s2: nextIndex: updateUnconditionally 5 -> 0
2022-11-08 19:12:09,345 [s2-server-thread2] DEBUG server.RaftServer$Division (RaftServerImpl.java:logAppendEntries(1421)) - s2@group-EA982605F2E5: receive appendEntries(s1, 2, null, 4, true, commits:[s1:c4, s0:c4, s2:c0], cId:1343, entries: [(t:2, i:0), CONFIGURATIONENTRY(current:id: "s0"
address: "localhost:34297"
dataStreamAddress: "localhost:43983"
clientAddress: "localhost:39609"
adminAddress: "localhost:37077"
startupRole: FOLLOWER
,id: "s1"
address: "localhost:38917"
dataStreamAddress: "localhost:45719"
clientAddress: "localhost:36975"
adminAddress: "localhost:40635"
startupRole: FOLLOWER
,id: "s2"
address: "localhost:35511"
dataStreamAddress: "localhost:38827"
clientAddress: "localhost:42865"
adminAddress: "localhost:36791"
startupRole: FOLLOWER
, old:), (t:2, i:1), STATEMACHINELOGENTRY, 0@client-2EFB324ADA71, (t:2, i:2), METADATAENTRY(c:1), (t:2, i:3), STATEMACHINELOGENTRY, 999@client-AE8279CAF820, (t:2, i:4), METADATAENTRY(c:3)]
2022-11-08 19:12:09,345 [s2-server-thread2] INFO  server.RaftServer$Division (RaftServerImpl.java:checkInconsistentAppendEntries(1592)) - s2@group-EA982605F2E5: Failed appendEntries as the first entry (index 0) already exists (snapshotIndex: -1, commitIndex: 0)
2022-11-08 19:12:09,345 [s2-server-thread2] INFO  server.RaftServer$Division (RaftServerImpl.java:checkInconsistentAppendEntries(1572)) - s2@group-EA982605F2E5: inconsistency entries. Reply:s1<-s2#1343:FAIL-t2,INCONSISTENCY,nextIndex=1,followerCommit=0,matchIndex=-1
2022-11-08 19:12:09,345 [grpc-default-executor-0] INFO  leader.FollowerInfo (FollowerInfoImpl.java:lambda$new$0(48)) - s1@group-EA982605F2E5->s2: nextIndex: updateUnconditionally 5 -> 1
2022-11-08 19:12:09,346 [s2-server-thread2] DEBUG server.RaftServer$Division (RaftServerImpl.java:logAppendEntries(1421)) - s2@group-EA982605F2E5: receive appendEntries(s1, 2, (t:2, i:0), 4, true, commits:[s1:c4, s0:c4, s2:c0], cId:1344, entries: [(t:2, i:1), STATEMACHINELOGENTRY, 0@client-2EFB324ADA71, (t:2, i:2), METADATAENTRY(c:1), (t:2, i:3), STATEMACHINELOGENTRY, 999@client-AE8279CAF820, (t:2, i:4), METADATAENTRY(c:3)]
2022-11-08 19:12:09,346 [s2-server-thread2] INFO  server.RaftServer$Division (RaftServerImpl.java:checkInconsistentAppendEntries(1602)) - s2@group-EA982605F2E5: Failed appendEntries as previous log entry ((t:2, i:0)) is not found
2022-11-08 19:12:09,346 [s2-server-thread2] INFO  server.RaftServer$Division (RaftServerImpl.java:checkInconsistentAppendEntries(1572)) - s2@group-EA982605F2E5: inconsistency entries. Reply:s1<-s2#1344:FAIL-t2,INCONSISTENCY,nextIndex=0,followerCommit=0,matchIndex=-1
2022-11-08 19:12:09,346 [grpc-default-executor-0] INFO  leader.FollowerInfo (FollowerInfoImpl.java:lambda$new$0(48)) - s1@group-EA982605F2E5->s2: nextIndex: updateUnconditionally 5 -> 0
2022-11-08 19:12:09,347 [s2-server-thread2] DEBUG server.RaftServer$Division (RaftServerImpl.java:logAppendEntries(1421)) - s2@group-EA982605F2E5: receive appendEntries(s1, 2, null, 4, true, commits:[s1:c4, s0:c4, s2:c0], cId:1345, entries: [(t:2, i:0), CONFIGURATIONENTRY(current:id: "s0"
address: "localhost:34297"
dataStreamAddress: "localhost:43983"
clientAddress: "localhost:39609"
adminAddress: "localhost:37077"
startupRole: FOLLOWER
,id: "s1"
address: "localhost:38917"
dataStreamAddress: "localhost:45719"
clientAddress: "localhost:36975"
adminAddress: "localhost:40635"
startupRole: FOLLOWER
,id: "s2"
address: "localhost:35511"
dataStreamAddress: "localhost:38827"
clientAddress: "localhost:42865"
adminAddress: "localhost:36791"
startupRole: FOLLOWER
, old:), (t:2, i:1), STATEMACHINELOGENTRY, 0@client-2EFB324ADA71, (t:2, i:2), METADATAENTRY(c:1), (t:2, i:3), STATEMACHINELOGENTRY, 999@client-AE8279CAF820, (t:2, i:4), METADATAENTRY(c:3)]
2022-11-08 19:12:09,347 [s2-server-thread2] INFO  server.RaftServer$Division (RaftServerImpl.java:checkInconsistentAppendEntries(1592)) - s2@group-EA982605F2E5: Failed appendEntries as the first entry (index 0) already exists (snapshotIndex: -1, commitIndex: 0)
2022-11-08 19:12:09,347 [s2-server-thread2] INFO  server.RaftServer$Division (RaftServerImpl.java:checkInconsistentAppendEntries(1572)) - s2@group-EA982605F2E5: inconsistency entries. Reply:s1<-s2#1345:FAIL-t2,INCONSISTENCY,nextIndex=1,followerCommit=0,matchIndex=-1
2022-11-08 19:12:09,347 [grpc-default-executor-0] INFO  leader.FollowerInfo (FollowerInfoImpl.java:lambda$new$0(48)) - s1@group-EA982605F2E5->s2: nextIndex: updateUnconditionally 5 -> 1
2022-11-08 19:12:09,348 [s2-server-thread2] DEBUG server.RaftServer$Division (RaftServerImpl.java:logAppendEntries(1421)) - s2@group-EA982605F2E5: receive appendEntries(s1, 2, (t:2, i:0), 4, true, commits:[s1:c4, s0:c4, s2:c0], cId:1346, entries: [(t:2, i:1), STATEMACHINELOGENTRY, 0@client-2EFB324ADA71, (t:2, i:2), METADATAENTRY(c:1), (t:2, i:3), STATEMACHINELOGENTRY, 999@client-AE8279CAF820, (t:2, i:4), METADATAENTRY(c:3)]
2022-11-08 19:12:09,348 [s2-server-thread2] INFO  server.RaftServer$Division (RaftServerImpl.java:checkInconsistentAppendEntries(1602)) - s2@group-EA982605F2E5: Failed appendEntries as previous log entry ((t:2, i:0)) is not found
2022-11-08 19:12:09,348 [s2-server-thread2] INFO  server.RaftServer$Division (RaftServerImpl.java:checkInconsistentAppendEntries(1572)) - s2@group-EA982605F2E5: inconsistency entries. Reply:s1<-s2#1346:FAIL-t2,INCONSISTENCY,nextIndex=0,followerCommit=0,matchIndex=-1
2022-11-08 19:12:09,349 [grpc-default-executor-0] INFO  leader.FollowerInfo (FollowerInfoImpl.java:lambda$new$0(48)) - s1@group-EA982605F2E5->s2: nextIndex: updateUnconditionally 5 -> 0
2022-11-08 19:12:09,349 [s2-server-thread2] DEBUG server.RaftServer$Division (RaftServerImpl.java:logAppendEntries(1421)) - s2@group-EA982605F2E5: receive appendEntries(s1, 2, null, 4, true, commits:[s1:c4, s0:c4, s2:c0], cId:1347, entries: [(t:2, i:0), CONFIGURATIONENTRY(current:id: "s0"
address: "localhost:34297"
dataStreamAddress: "localhost:43983"
clientAddress: "localhost:39609"
adminAddress: "localhost:37077"
startupRole: FOLLOWER
,id: "s1"
address: "localhost:38917"
dataStreamAddress: "localhost:45719"
clientAddress: "localhost:36975"
adminAddress: "localhost:40635"
startupRole: FOLLOWER
,id: "s2"
address: "localhost:35511"
dataStreamAddress: "localhost:38827"
clientAddress: "localhost:42865"
adminAddress: "localhost:36791"
startupRole: FOLLOWER
, old:), (t:2, i:1), STATEMACHINELOGENTRY, 0@client-2EFB324ADA71, (t:2, i:2), METADATAENTRY(c:1), (t:2, i:3), STATEMACHINELOGENTRY, 999@client-AE8279CAF820, (t:2, i:4), METADATAENTRY(c:3)]
2022-11-08 19:12:09,349 [s2-server-thread2] INFO  server.RaftServer$Division (RaftServerImpl.java:checkInconsistentAppendEntries(1592)) - s2@group-EA982605F2E5: Failed appendEntries as the first entry (index 0) already exists (snapshotIndex: -1, commitIndex: 0)
2022-11-08 19:12:09,349 [s2-server-thread2] INFO  server.RaftServer$Division (RaftServerImpl.java:checkInconsistentAppendEntries(1572)) - s2@group-EA982605F2E5: inconsistency entries. Reply:s1<-s2#1347:FAIL-t2,INCONSISTENCY,nextIndex=1,followerCommit=0,matchIndex=-1
2022-11-08 19:12:09,350 [grpc-default-executor-0] INFO  leader.FollowerInfo (FollowerInfoImpl.java:lambda$new$0(48)) - s1@group-EA982605F2E5->s2: nextIndex: updateUnconditionally 5 -> 1
2022-11-08 19:12:09,350 [s2-server-thread2] DEBUG server.RaftServer$Division (RaftServerImpl.java:logAppendEntries(1421)) - s2@group-EA982605F2E5: receive appendEntries(s1, 2, (t:2, i:0), 4, true, commits:[s1:c4, s0:c4, s2:c0], cId:1348, entries: [(t:2, i:1), STATEMACHINELOGENTRY, 0@client-2EFB324ADA71, (t:2, i:2), METADATAENTRY(c:1), (t:2, i:3), STATEMACHINELOGENTRY, 999@client-AE8279CAF820, (t:2, i:4), METADATAENTRY(c:3)]
2022-11-08 19:12:09,350 [s2-server-thread2] INFO  server.RaftServer$Division (RaftServerImpl.java:checkInconsistentAppendEntries(1602)) - s2@group-EA982605F2E5: Failed appendEntries as previous log entry ((t:2, i:0)) is not found
2022-11-08 19:12:09,350 [s2-server-thread2] INFO  server.RaftServer$Division (RaftServerImpl.java:checkInconsistentAppendEntries(1572)) - s2@group-EA982605F2E5: inconsistency entries. Reply:s1<-s2#1348:FAIL-t2,INCONSISTENCY,nextIndex=0,followerCommit=0,matchIndex=-1
2022-11-08 19:12:09,351 [grpc-default-executor-0] INFO  leader.FollowerInfo (FollowerInfoImpl.java:lambda$new$0(48)) - s1@group-EA982605F2E5->s2: nextIndex: updateUnconditionally 5 -> 0
2022-11-08 19:12:09,353 [s2-server-thread2] DEBUG server.RaftServer$Division (RaftServerImpl.java:logAppendEntries(1421)) - s2@group-EA982605F2E5: receive appendEntries(s1, 2, null, 4, true, commits:[s1:c4, s0:c4, s2:c0], cId:1349, entries: [(t:2, i:0), CONFIGURATIONENTRY(current:id: "s0"
address: "localhost:34297"
dataStreamAddress: "localhost:43983"
clientAddress: "localhost:39609"
adminAddress: "localhost:37077"
startupRole: FOLLOWER
,id: "s1"
address: "localhost:38917"
dataStreamAddress: "localhost:45719"
clientAddress: "localhost:36975"
adminAddress: "localhost:40635"
startupRole: FOLLOWER
,id: "s2"
address: "localhost:35511"
dataStreamAddress: "localhost:38827"
clientAddress: "localhost:42865"
adminAddress: "localhost:36791"
startupRole: FOLLOWER
, old:), (t:2, i:1), STATEMACHINELOGENTRY, 0@client-2EFB324ADA71, (t:2, i:2), METADATAENTRY(c:1), (t:2, i:3), STATEMACHINELOGENTRY, 999@client-AE8279CAF820, (t:2, i:4), METADATAENTRY(c:3)]
2022-11-08 19:12:09,353 [s2-server-thread2] INFO  server.RaftServer$Division (RaftServerImpl.java:checkInconsistentAppendEntries(1592)) - s2@group-EA982605F2E5: Failed appendEntries as the first entry (index 0) already exists (snapshotIndex: -1, commitIndex: 0)
2022-11-08 19:12:09,353 [s2-server-thread2] INFO  server.RaftServer$Division (RaftServerImpl.java:checkInconsistentAppendEntries(1572)) - s2@group-EA982605F2E5: inconsistency entries. Reply:s1<-s2#1349:FAIL-t2,INCONSISTENCY,nextIndex=1,followerCommit=0,matchIndex=-1
2022-11-08 19:12:09,354 [grpc-default-executor-3] INFO  leader.FollowerInfo (FollowerInfoImpl.java:lambda$new$0(48)) - s1@group-EA982605F2E5->s2: nextIndex: updateUnconditionally 5 -> 1
2022-11-08 19:12:09,354 [s2-server-thread2] DEBUG server.RaftServer$Division (RaftServerImpl.java:logAppendEntries(1421)) - s2@group-EA982605F2E5: receive appendEntries(s1, 2, (t:2, i:0), 4, true, commits:[s1:c4, s0:c4, s2:c0], cId:1350, entries: [(t:2, i:1), STATEMACHINELOGENTRY, 0@client-2EFB324ADA71, (t:2, i:2), METADATAENTRY(c:1), (t:2, i:3), STATEMACHINELOGENTRY, 999@client-AE8279CAF820, (t:2, i:4), METADATAENTRY(c:3)]
2022-11-08 19:12:09,355 [s2-server-thread2] INFO  server.RaftServer$Division (RaftServerImpl.java:checkInconsistentAppendEntries(1602)) - s2@group-EA982605F2E5: Failed appendEntries as previous log entry ((t:2, i:0)) is not found
2022-11-08 19:12:09,355 [s2-server-thread2] INFO  server.RaftServer$Division (RaftServerImpl.java:checkInconsistentAppendEntries(1572)) - s2@group-EA982605F2E5: inconsistency entries. Reply:s1<-s2#1350:FAIL-t2,INCONSISTENCY,nextIndex=0,followerCommit=0,matchIndex=-1
2022-11-08 19:12:09,355 [grpc-default-executor-0] INFO  leader.FollowerInfo (FollowerInfoImpl.java:lambda$new$0(48)) - s1@group-EA982605F2E5->s2: nextIndex: updateUnconditionally 5 -> 0
2022-11-08 19:12:09,356 [s2-server-thread2] DEBUG server.RaftServer$Division (RaftServerImpl.java:logAppendEntries(1421)) - s2@group-EA982605F2E5: receive appendEntries(s1, 2, null, 4, true, commits:[s1:c4, s0:c4, s2:c0], cId:1351, entries: [(t:2, i:0), CONFIGURATIONENTRY(current:id: "s0"
address: "localhost:34297"
dataStreamAddress: "localhost:43983"
clientAddress: "localhost:39609"
adminAddress: "localhost:37077"
startupRole: FOLLOWER
,id: "s1"
address: "localhost:38917"
dataStreamAddress: "localhost:45719"
clientAddress: "localhost:36975"
adminAddress: "localhost:40635"
startupRole: FOLLOWER
,id: "s2"
address: "localhost:35511"
dataStreamAddress: "localhost:38827"
clientAddress: "localhost:42865"
adminAddress: "localhost:36791"
startupRole: FOLLOWER
, old:), (t:2, i:1), STATEMACHINELOGENTRY, 0@client-2EFB324ADA71, (t:2, i:2), METADATAENTRY(c:1), (t:2, i:3), STATEMACHINELOGENTRY, 999@client-AE8279CAF820, (t:2, i:4), METADATAENTRY(c:3)]
2022-11-08 19:12:09,356 [s2-server-thread2] INFO  server.RaftServer$Division (RaftServerImpl.java:checkInconsistentAppendEntries(1592)) - s2@group-EA982605F2E5: Failed appendEntries as the first entry (index 0) already exists (snapshotIndex: -1, commitIndex: 0)
2022-11-08 19:12:09,356 [s2-server-thread2] INFO  server.RaftServer$Division (RaftServerImpl.java:checkInconsistentAppendEntries(1572)) - s2@group-EA982605F2E5: inconsistency entries. Reply:s1<-s2#1351:FAIL-t2,INCONSISTENCY,nextIndex=1,followerCommit=0,matchIndex=-1
2022-11-08 19:12:09,356 [grpc-default-executor-0] INFO  leader.FollowerInfo (FollowerInfoImpl.java:lambda$new$0(48)) - s1@group-EA982605F2E5->s2: nextIndex: updateUnconditionally 5 -> 1
2022-11-08 19:12:09,357 [s2-server-thread2] DEBUG server.RaftServer$Division (RaftServerImpl.java:logAppendEntries(1421)) - s2@group-EA982605F2E5: receive appendEntries(s1, 2, (t:2, i:0), 4, true, commits:[s1:c4, s0:c4, s2:c0], cId:1352, entries: [(t:2, i:1), STATEMACHINELOGENTRY, 0@client-2EFB324ADA71, (t:2, i:2), METADATAENTRY(c:1), (t:2, i:3), STATEMACHINELOGENTRY, 999@client-AE8279CAF820, (t:2, i:4), METADATAENTRY(c:3)]
2022-11-08 19:12:09,357 [s2-server-thread2] INFO  server.RaftServer$Division (RaftServerImpl.java:checkInconsistentAppendEntries(1602)) - s2@group-EA982605F2E5: Failed appendEntries as previous log entry ((t:2, i:0)) is not found
2022-11-08 19:12:09,357 [s2-server-thread2] INFO  server.RaftServer$Division (RaftServerImpl.java:checkInconsistentAppendEntries(1572)) - s2@group-EA982605F2E5: inconsistency entries. Reply:s1<-s2#1352:FAIL-t2,INCONSISTENCY,nextIndex=0,followerCommit=0,matchIndex=-1
2022-11-08 19:12:09,357 [grpc-default-executor-0] INFO  leader.FollowerInfo (FollowerInfoImpl.java:lambda$new$0(48)) - s1@group-EA982605F2E5->s2: nextIndex: updateUnconditionally 5 -> 0
2022-11-08 19:12:09,358 [s2-server-thread2] DEBUG server.RaftServer$Division (RaftServerImpl.java:logAppendEntries(1421)) - s2@group-EA982605F2E5: receive appendEntries(s1, 2, null, 4, true, commits:[s1:c4, s0:c4, s2:c0], cId:1353, entries: [(t:2, i:0), CONFIGURATIONENTRY(current:id: "s0"
address: "localhost:34297"
dataStreamAddress: "localhost:43983"
clientAddress: "localhost:39609"
adminAddress: "localhost:37077"
startupRole: FOLLOWER
,id: "s1"
address: "localhost:38917"
dataStreamAddress: "localhost:45719"
clientAddress: "localhost:36975"
adminAddress: "localhost:40635"
startupRole: FOLLOWER
,id: "s2"
address: "localhost:35511"
dataStreamAddress: "localhost:38827"
clientAddress: "localhost:42865"
adminAddress: "localhost:36791"
startupRole: FOLLOWER
, old:), (t:2, i:1), STATEMACHINELOGENTRY, 0@client-2EFB324ADA71, (t:2, i:2), METADATAENTRY(c:1), (t:2, i:3), STATEMACHINELOGENTRY, 999@client-AE8279CAF820, (t:2, i:4), METADATAENTRY(c:3)]
2022-11-08 19:12:09,358 [s2-server-thread2] INFO  server.RaftServer$Division (RaftServerImpl.java:checkInconsistentAppendEntries(1592)) - s2@group-EA982605F2E5: Failed appendEntries as the first entry (index 0) already exists (snapshotIndex: -1, commitIndex: 0)
2022-11-08 19:12:09,358 [s2-server-thread2] INFO  server.RaftServer$Division (RaftServerImpl.java:checkInconsistentAppendEntries(1572)) - s2@group-EA982605F2E5: inconsistency entries. Reply:s1<-s2#1353:FAIL-t2,INCONSISTENCY,nextIndex=1,followerCommit=0,matchIndex=-1
2022-11-08 19:12:09,359 [grpc-default-executor-0] INFO  leader.FollowerInfo (FollowerInfoImpl.java:lambda$new$0(48)) - s1@group-EA982605F2E5->s2: nextIndex: updateUnconditionally 5 -> 1
2022-11-08 19:12:09,364 [s2-server-thread2] DEBUG server.RaftServer$Division (RaftServerImpl.java:logAppendEntries(1421)) - s2@group-EA982605F2E5: receive appendEntries(s1, 2, (t:2, i:0), 4, true, commits:[s1:c4, s0:c4, s2:c0], cId:1354, entries: [(t:2, i:1), STATEMACHINELOGENTRY, 0@client-2EFB324ADA71, (t:2, i:2), METADATAENTRY(c:1), (t:2, i:3), STATEMACHINELOGENTRY, 999@client-AE8279CAF820, (t:2, i:4), METADATAENTRY(c:3)]
2022-11-08 19:12:09,365 [s2-server-thread2] INFO  server.RaftServer$Division (RaftServerImpl.java:checkInconsistentAppendEntries(1602)) - s2@group-EA982605F2E5: Failed appendEntries as previous log entry ((t:2, i:0)) is not found
2022-11-08 19:12:09,365 [s2-server-thread2] INFO  server.RaftServer$Division (RaftServerImpl.java:checkInconsistentAppendEntries(1572)) - s2@group-EA982605F2E5: inconsistency entries. Reply:s1<-s2#1354:FAIL-t2,INCONSISTENCY,nextIndex=0,followerCommit=0,matchIndex=-1
2022-11-08 19:12:09,365 [grpc-default-executor-0] INFO  leader.FollowerInfo (FollowerInfoImpl.java:lambda$new$0(48)) - s1@group-EA982605F2E5->s2: nextIndex: updateUnconditionally 5 -> 0
2022-11-08 19:12:09,366 [s2-server-thread2] DEBUG server.RaftServer$Division (RaftServerImpl.java:logAppendEntries(1421)) - s2@group-EA982605F2E5: receive appendEntries(s1, 2, null, 4, true, commits:[s1:c4, s0:c4, s2:c0], cId:1355, entries: [(t:2, i:0), CONFIGURATIONENTRY(current:id: "s0"
address: "localhost:34297"
dataStreamAddress: "localhost:43983"
clientAddress: "localhost:39609"
adminAddress: "localhost:37077"
startupRole: FOLLOWER
,id: "s1"
address: "localhost:38917"
dataStreamAddress: "localhost:45719"
clientAddress: "localhost:36975"
adminAddress: "localhost:40635"
startupRole: FOLLOWER
,id: "s2"
address: "localhost:35511"
dataStreamAddress: "localhost:38827"
clientAddress: "localhost:42865"
adminAddress: "localhost:36791"
startupRole: FOLLOWER
, old:), (t:2, i:1), STATEMACHINELOGENTRY, 0@client-2EFB324ADA71, (t:2, i:2), METADATAENTRY(c:1), (t:2, i:3), STATEMACHINELOGENTRY, 999@client-AE8279CAF820, (t:2, i:4), METADATAENTRY(c:3)]
2022-11-08 19:12:09,366 [s2-server-thread2] INFO  server.RaftServer$Division (RaftServerImpl.java:checkInconsistentAppendEntries(1592)) - s2@group-EA982605F2E5: Failed appendEntries as the first entry (index 0) already exists (snapshotIndex: -1, commitIndex: 0)
2022-11-08 19:12:09,366 [s2-server-thread2] INFO  server.RaftServer$Division (RaftServerImpl.java:checkInconsistentAppendEntries(1572)) - s2@group-EA982605F2E5: inconsistency entries. Reply:s1<-s2#1355:FAIL-t2,INCONSISTENCY,nextIndex=1,followerCommit=0,matchIndex=-1
2022-11-08 19:12:09,366 [grpc-default-executor-0] INFO  leader.FollowerInfo (FollowerInfoImpl.java:lambda$new$0(48)) - s1@group-EA982605F2E5->s2: nextIndex: updateUnconditionally 5 -> 1
2022-11-08 19:12:09,367 [s2-server-thread2] DEBUG server.RaftServer$Division (RaftServerImpl.java:logAppendEntries(1421)) - s2@group-EA982605F2E5: receive appendEntries(s1, 2, (t:2, i:0), 4, true, commits:[s1:c4, s0:c4, s2:c0], cId:1356, entries: [(t:2, i:1), STATEMACHINELOGENTRY, 0@client-2EFB324ADA71, (t:2, i:2), METADATAENTRY(c:1), (t:2, i:3), STATEMACHINELOGENTRY, 999@client-AE8279CAF820, (t:2, i:4), METADATAENTRY(c:3)]
2022-11-08 19:12:09,367 [s2-server-thread2] INFO  server.RaftServer$Division (RaftServerImpl.java:checkInconsistentAppendEntries(1602)) - s2@group-EA982605F2E5: Failed appendEntries as previous log entry ((t:2, i:0)) is not found
2022-11-08 19:12:09,367 [s2-server-thread2] INFO  server.RaftServer$Division (RaftServerImpl.java:checkInconsistentAppendEntries(1572)) - s2@group-EA982605F2E5: inconsistency entries. Reply:s1<-s2#1356:FAIL-t2,INCONSISTENCY,nextIndex=0,followerCommit=0,matchIndex=-1
2022-11-08 19:12:09,367 [grpc-default-executor-0] INFO  leader.FollowerInfo (FollowerInfoImpl.java:lambda$new$0(48)) - s1@group-EA982605F2E5->s2: nextIndex: updateUnconditionally 5 -> 0
2022-11-08 19:12:09,368 [s2-server-thread2] DEBUG server.RaftServer$Division (RaftServerImpl.java:logAppendEntries(1421)) - s2@group-EA982605F2E5: receive appendEntries(s1, 2, null, 4, true, commits:[s1:c4, s0:c4, s2:c0], cId:1357, entries: [(t:2, i:0), CONFIGURATIONENTRY(current:id: "s0"
address: "localhost:34297"
dataStreamAddress: "localhost:43983"
clientAddress: "localhost:39609"
adminAddress: "localhost:37077"
startupRole: FOLLOWER
,id: "s1"
address: "localhost:38917"
dataStreamAddress: "localhost:45719"
clientAddress: "localhost:36975"
adminAddress: "localhost:40635"
startupRole: FOLLOWER
,id: "s2"
address: "localhost:35511"
dataStreamAddress: "localhost:38827"
clientAddress: "localhost:42865"
adminAddress: "localhost:36791"
startupRole: FOLLOWER
, old:), (t:2, i:1), STATEMACHINELOGENTRY, 0@client-2EFB324ADA71, (t:2, i:2), METADATAENTRY(c:1), (t:2, i:3), STATEMACHINELOGENTRY, 999@client-AE8279CAF820, (t:2, i:4), METADATAENTRY(c:3)]
2022-11-08 19:12:09,368 [s2-server-thread2] INFO  server.RaftServer$Division (RaftServerImpl.java:checkInconsistentAppendEntries(1592)) - s2@group-EA982605F2E5: Failed appendEntries as the first entry (index 0) already exists (snapshotIndex: -1, commitIndex: 0)
2022-11-08 19:12:09,368 [s2-server-thread2] INFO  server.RaftServer$Division (RaftServerImpl.java:checkInconsistentAppendEntries(1572)) - s2@group-EA982605F2E5: inconsistency entries. Reply:s1<-s2#1357:FAIL-t2,INCONSISTENCY,nextIndex=1,followerCommit=0,matchIndex=-1
2022-11-08 19:12:09,369 [grpc-default-executor-0] INFO  leader.FollowerInfo (FollowerInfoImpl.java:lambda$new$0(48)) - s1@group-EA982605F2E5->s2: nextIndex: updateUnconditionally 5 -> 1
2022-11-08 19:12:09,369 [s2-server-thread2] DEBUG server.RaftServer$Division (RaftServerImpl.java:logAppendEntries(1421)) - s2@group-EA982605F2E5: receive appendEntries(s1, 2, (t:2, i:0), 4, true, commits:[s1:c4, s0:c4, s2:c0], cId:1358, entries: [(t:2, i:1), STATEMACHINELOGENTRY, 0@client-2EFB324ADA71, (t:2, i:2), METADATAENTRY(c:1), (t:2, i:3), STATEMACHINELOGENTRY, 999@client-AE8279CAF820, (t:2, i:4), METADATAENTRY(c:3)]
2022-11-08 19:12:09,369 [s2-server-thread2] INFO  server.RaftServer$Division (RaftServerImpl.java:checkInconsistentAppendEntries(1602)) - s2@group-EA982605F2E5: Failed appendEntries as previous log entry ((t:2, i:0)) is not found
2022-11-08 19:12:09,370 [s2-server-thread2] INFO  server.RaftServer$Division (RaftServerImpl.java:checkInconsistentAppendEntries(1572)) - s2@group-EA982605F2E5: inconsistency entries. Reply:s1<-s2#1358:FAIL-t2,INCONSISTENCY,nextIndex=0,followerCommit=0,matchIndex=-1
2022-11-08 19:12:09,370 [grpc-default-executor-0] INFO  leader.FollowerInfo (FollowerInfoImpl.java:lambda$new$0(48)) - s1@group-EA982605F2E5->s2: nextIndex: updateUnconditionally 5 -> 0
2022-11-08 19:12:09,370 [s2-server-thread2] DEBUG server.RaftServer$Division (RaftServerImpl.java:logAppendEntries(1421)) - s2@group-EA982605F2E5: receive appendEntries(s1, 2, null, 4, true, commits:[s1:c4, s0:c4, s2:c0], cId:1359, entries: [(t:2, i:0), CONFIGURATIONENTRY(current:id: "s0"
address: "localhost:34297"
dataStreamAddress: "localhost:43983"
clientAddress: "localhost:39609"
adminAddress: "localhost:37077"
startupRole: FOLLOWER
,id: "s1"
address: "localhost:38917"
dataStreamAddress: "localhost:45719"
clientAddress: "localhost:36975"
adminAddress: "localhost:40635"
startupRole: FOLLOWER
,id: "s2"
address: "localhost:35511"
dataStreamAddress: "localhost:38827"
clientAddress: "localhost:42865"
adminAddress: "localhost:36791"
startupRole: FOLLOWER
, old:), (t:2, i:1), STATEMACHINELOGENTRY, 0@client-2EFB324ADA71, (t:2, i:2), METADATAENTRY(c:1), (t:2, i:3), STATEMACHINELOGENTRY, 999@client-AE8279CAF820, (t:2, i:4), METADATAENTRY(c:3)]
2022-11-08 19:12:09,371 [s2-server-thread2] INFO  server.RaftServer$Division (RaftServerImpl.java:checkInconsistentAppendEntries(1592)) - s2@group-EA982605F2E5: Failed appendEntries as the first entry (index 0) already exists (snapshotIndex: -1, commitIndex: 0)
2022-11-08 19:12:09,371 [s2-server-thread2] INFO  server.RaftServer$Division (RaftServerImpl.java:checkInconsistentAppendEntries(1572)) - s2@group-EA982605F2E5: inconsistency entries. Reply:s1<-s2#1359:FAIL-t2,INCONSISTENCY,nextIndex=1,followerCommit=0,matchIndex=-1
2022-11-08 19:12:09,371 [grpc-default-executor-0] INFO  leader.FollowerInfo (FollowerInfoImpl.java:lambda$new$0(48)) - s1@group-EA982605F2E5->s2: nextIndex: updateUnconditionally 5 -> 1
2022-11-08 19:12:09,372 [s2-server-thread2] DEBUG server.RaftServer$Division (RaftServerImpl.java:logAppendEntries(1421)) - s2@group-EA982605F2E5: receive appendEntries(s1, 2, (t:2, i:0), 4, true, commits:[s1:c4, s0:c4, s2:c0], cId:1360, entries: [(t:2, i:1), STATEMACHINELOGENTRY, 0@client-2EFB324ADA71, (t:2, i:2), METADATAENTRY(c:1), (t:2, i:3), STATEMACHINELOGENTRY, 999@client-AE8279CAF820, (t:2, i:4), METADATAENTRY(c:3)]
2022-11-08 19:12:09,372 [s2-server-thread2] INFO  server.RaftServer$Division (RaftServerImpl.java:checkInconsistentAppendEntries(1602)) - s2@group-EA982605F2E5: Failed appendEntries as previous log entry ((t:2, i:0)) is not found
2022-11-08 19:12:09,372 [s2-server-thread2] INFO  server.RaftServer$Division (RaftServerImpl.java:checkInconsistentAppendEntries(1572)) - s2@group-EA982605F2E5: inconsistency entries. Reply:s1<-s2#1360:FAIL-t2,INCONSISTENCY,nextIndex=0,followerCommit=0,matchIndex=-1
2022-11-08 19:12:09,372 [grpc-default-executor-0] INFO  leader.FollowerInfo (FollowerInfoImpl.java:lambda$new$0(48)) - s1@group-EA982605F2E5->s2: nextIndex: updateUnconditionally 5 -> 0
2022-11-08 19:12:09,373 [s2-server-thread2] DEBUG server.RaftServer$Division (RaftServerImpl.java:logAppendEntries(1421)) - s2@group-EA982605F2E5: receive appendEntries(s1, 2, null, 4, true, commits:[s1:c4, s0:c4, s2:c0], cId:1361, entries: [(t:2, i:0), CONFIGURATIONENTRY(current:id: "s0"
address: "localhost:34297"
dataStreamAddress: "localhost:43983"
clientAddress: "localhost:39609"
adminAddress: "localhost:37077"
startupRole: FOLLOWER
,id: "s1"
address: "localhost:38917"
dataStreamAddress: "localhost:45719"
clientAddress: "localhost:36975"
adminAddress: "localhost:40635"
startupRole: FOLLOWER
,id: "s2"
address: "localhost:35511"
dataStreamAddress: "localhost:38827"
clientAddress: "localhost:42865"
adminAddress: "localhost:36791"
startupRole: FOLLOWER
, old:), (t:2, i:1), STATEMACHINELOGENTRY, 0@client-2EFB324ADA71, (t:2, i:2), METADATAENTRY(c:1), (t:2, i:3), STATEMACHINELOGENTRY, 999@client-AE8279CAF820, (t:2, i:4), METADATAENTRY(c:3)]
2022-11-08 19:12:09,373 [s2-server-thread2] INFO  server.RaftServer$Division (RaftServerImpl.java:checkInconsistentAppendEntries(1592)) - s2@group-EA982605F2E5: Failed appendEntries as the first entry (index 0) already exists (snapshotIndex: -1, commitIndex: 0)
2022-11-08 19:12:09,373 [s2-server-thread2] INFO  server.RaftServer$Division (RaftServerImpl.java:checkInconsistentAppendEntries(1572)) - s2@group-EA982605F2E5: inconsistency entries. Reply:s1<-s2#1361:FAIL-t2,INCONSISTENCY,nextIndex=1,followerCommit=0,matchIndex=-1
2022-11-08 19:12:09,373 [grpc-default-executor-0] INFO  leader.FollowerInfo (FollowerInfoImpl.java:lambda$new$0(48)) - s1@group-EA982605F2E5->s2: nextIndex: updateUnconditionally 5 -> 1
2022-11-08 19:12:09,374 [s2-server-thread2] DEBUG server.RaftServer$Division (RaftServerImpl.java:logAppendEntries(1421)) - s2@group-EA982605F2E5: receive appendEntries(s1, 2, (t:2, i:0), 4, true, commits:[s1:c4, s0:c4, s2:c0], cId:1362, entries: [(t:2, i:1), STATEMACHINELOGENTRY, 0@client-2EFB324ADA71, (t:2, i:2), METADATAENTRY(c:1), (t:2, i:3), STATEMACHINELOGENTRY, 999@client-AE8279CAF820, (t:2, i:4), METADATAENTRY(c:3)]
2022-11-08 19:12:09,374 [s2-server-thread2] INFO  server.RaftServer$Division (RaftServerImpl.java:checkInconsistentAppendEntries(1602)) - s2@group-EA982605F2E5: Failed appendEntries as previous log entry ((t:2, i:0)) is not found
2022-11-08 19:12:09,374 [s2-server-thread2] INFO  server.RaftServer$Division (RaftServerImpl.java:checkInconsistentAppendEntries(1572)) - s2@group-EA982605F2E5: inconsistency entries. Reply:s1<-s2#1362:FAIL-t2,INCONSISTENCY,nextIndex=0,followerCommit=0,matchIndex=-1
2022-11-08 19:12:09,375 [grpc-default-executor-0] INFO  leader.FollowerInfo (FollowerInfoImpl.java:lambda$new$0(48)) - s1@group-EA982605F2E5->s2: nextIndex: updateUnconditionally 5 -> 0
2022-11-08 19:12:09,375 [s2-server-thread2] DEBUG server.RaftServer$Division (RaftServerImpl.java:logAppendEntries(1421)) - s2@group-EA982605F2E5: receive appendEntries(s1, 2, null, 4, true, commits:[s1:c4, s0:c4, s2:c0], cId:1363, entries: [(t:2, i:0), CONFIGURATIONENTRY(current:id: "s0"
address: "localhost:34297"
dataStreamAddress: "localhost:43983"
clientAddress: "localhost:39609"
adminAddress: "localhost:37077"
startupRole: FOLLOWER
,id: "s1"
address: "localhost:38917"
dataStreamAddress: "localhost:45719"
clientAddress: "localhost:36975"
adminAddress: "localhost:40635"
startupRole: FOLLOWER
,id: "s2"
address: "localhost:35511"
dataStreamAddress: "localhost:38827"
clientAddress: "localhost:42865"
adminAddress: "localhost:36791"
startupRole: FOLLOWER
, old:), (t:2, i:1), STATEMACHINELOGENTRY, 0@client-2EFB324ADA71, (t:2, i:2), METADATAENTRY(c:1), (t:2, i:3), STATEMACHINELOGENTRY, 999@client-AE8279CAF820, (t:2, i:4), METADATAENTRY(c:3)]
2022-11-08 19:12:09,375 [s2-server-thread2] INFO  server.RaftServer$Division (RaftServerImpl.java:checkInconsistentAppendEntries(1592)) - s2@group-EA982605F2E5: Failed appendEntries as the first entry (index 0) already exists (snapshotIndex: -1, commitIndex: 0)
2022-11-08 19:12:09,375 [s2-server-thread2] INFO  server.RaftServer$Division (RaftServerImpl.java:checkInconsistentAppendEntries(1572)) - s2@group-EA982605F2E5: inconsistency entries. Reply:s1<-s2#1363:FAIL-t2,INCONSISTENCY,nextIndex=1,followerCommit=0,matchIndex=-1
2022-11-08 19:12:09,376 [grpc-default-executor-0] INFO  leader.FollowerInfo (FollowerInfoImpl.java:lambda$new$0(48)) - s1@group-EA982605F2E5->s2: nextIndex: updateUnconditionally 5 -> 1
2022-11-08 19:12:09,376 [s2-server-thread2] DEBUG server.RaftServer$Division (RaftServerImpl.java:logAppendEntries(1421)) - s2@group-EA982605F2E5: receive appendEntries(s1, 2, (t:2, i:0), 4, true, commits:[s1:c4, s0:c4, s2:c0], cId:1364, entries: [(t:2, i:1), STATEMACHINELOGENTRY, 0@client-2EFB324ADA71, (t:2, i:2), METADATAENTRY(c:1), (t:2, i:3), STATEMACHINELOGENTRY, 999@client-AE8279CAF820, (t:2, i:4), METADATAENTRY(c:3)]
2022-11-08 19:12:09,376 [s2-server-thread2] INFO  server.RaftServer$Division (RaftServerImpl.java:checkInconsistentAppendEntries(1602)) - s2@group-EA982605F2E5: Failed appendEntries as previous log entry ((t:2, i:0)) is not found
2022-11-08 19:12:09,377 [s2-server-thread2] INFO  server.RaftServer$Division (RaftServerImpl.java:checkInconsistentAppendEntries(1572)) - s2@group-EA982605F2E5: inconsistency entries. Reply:s1<-s2#1364:FAIL-t2,INCONSISTENCY,nextIndex=0,followerCommit=0,matchIndex=-1
2022-11-08 19:12:09,377 [grpc-default-executor-0] INFO  leader.FollowerInfo (FollowerInfoImpl.java:lambda$new$0(48)) - s1@group-EA982605F2E5->s2: nextIndex: updateUnconditionally 5 -> 0
2022-11-08 19:12:09,377 [s2-server-thread2] DEBUG server.RaftServer$Division (RaftServerImpl.java:logAppendEntries(1421)) - s2@group-EA982605F2E5: receive appendEntries(s1, 2, null, 4, true, commits:[s1:c4, s0:c4, s2:c0], cId:1365, entries: [(t:2, i:0), CONFIGURATIONENTRY(current:id: "s0"
address: "localhost:34297"
dataStreamAddress: "localhost:43983"
clientAddress: "localhost:39609"
adminAddress: "localhost:37077"
startupRole: FOLLOWER
,id: "s1"
address: "localhost:38917"
dataStreamAddress: "localhost:45719"
clientAddress: "localhost:36975"
adminAddress: "localhost:40635"
startupRole: FOLLOWER
,id: "s2"
address: "localhost:35511"
dataStreamAddress: "localhost:38827"
clientAddress: "localhost:42865"
adminAddress: "localhost:36791"
startupRole: FOLLOWER
, old:), (t:2, i:1), STATEMACHINELOGENTRY, 0@client-2EFB324ADA71, (t:2, i:2), METADATAENTRY(c:1), (t:2, i:3), STATEMACHINELOGENTRY, 999@client-AE8279CAF820, (t:2, i:4), METADATAENTRY(c:3)]
2022-11-08 19:12:09,378 [s2-server-thread2] INFO  server.RaftServer$Division (RaftServerImpl.java:checkInconsistentAppendEntries(1592)) - s2@group-EA982605F2E5: Failed appendEntries as the first entry (index 0) already exists (snapshotIndex: -1, commitIndex: 0)
2022-11-08 19:12:09,378 [s2-server-thread2] INFO  server.RaftServer$Division (RaftServerImpl.java:checkInconsistentAppendEntries(1572)) - s2@group-EA982605F2E5: inconsistency entries. Reply:s1<-s2#1365:FAIL-t2,INCONSISTENCY,nextIndex=1,followerCommit=0,matchIndex=-1
2022-11-08 19:12:09,378 [grpc-default-executor-0] INFO  leader.FollowerInfo (FollowerInfoImpl.java:lambda$new$0(48)) - s1@group-EA982605F2E5->s2: nextIndex: updateUnconditionally 5 -> 1
2022-11-08 19:12:09,379 [s2-server-thread2] DEBUG server.RaftServer$Division (RaftServerImpl.java:logAppendEntries(1421)) - s2@group-EA982605F2E5: receive appendEntries(s1, 2, (t:2, i:0), 4, true, commits:[s1:c4, s0:c4, s2:c0], cId:1366, entries: [(t:2, i:1), STATEMACHINELOGENTRY, 0@client-2EFB324ADA71, (t:2, i:2), METADATAENTRY(c:1), (t:2, i:3), STATEMACHINELOGENTRY, 999@client-AE8279CAF820, (t:2, i:4), METADATAENTRY(c:3)]
2022-11-08 19:12:09,379 [s2-server-thread2] INFO  server.RaftServer$Division (RaftServerImpl.java:checkInconsistentAppendEntries(1602)) - s2@group-EA982605F2E5: Failed appendEntries as previous log entry ((t:2, i:0)) is not found
2022-11-08 19:12:09,379 [s2-server-thread2] INFO  server.RaftServer$Division (RaftServerImpl.java:checkInconsistentAppendEntries(1572)) - s2@group-EA982605F2E5: inconsistency entries. Reply:s1<-s2#1366:FAIL-t2,INCONSISTENCY,nextIndex=0,followerCommit=0,matchIndex=-1
2022-11-08 19:12:09,379 [grpc-default-executor-0] INFO  leader.FollowerInfo (FollowerInfoImpl.java:lambda$new$0(48)) - s1@group-EA982605F2E5->s2: nextIndex: updateUnconditionally 5 -> 0
2022-11-08 19:12:09,380 [s2-server-thread2] DEBUG server.RaftServer$Division (RaftServerImpl.java:logAppendEntries(1421)) - s2@group-EA982605F2E5: receive appendEntries(s1, 2, null, 4, true, commits:[s1:c4, s0:c4, s2:c0], cId:1367, entries: [(t:2, i:0), CONFIGURATIONENTRY(current:id: "s0"
address: "localhost:34297"
dataStreamAddress: "localhost:43983"
clientAddress: "localhost:39609"
adminAddress: "localhost:37077"
startupRole: FOLLOWER
,id: "s1"
address: "localhost:38917"
dataStreamAddress: "localhost:45719"
clientAddress: "localhost:36975"
adminAddress: "localhost:40635"
startupRole: FOLLOWER
,id: "s2"
address: "localhost:35511"
dataStreamAddress: "localhost:38827"
clientAddress: "localhost:42865"
adminAddress: "localhost:36791"
startupRole: FOLLOWER
, old:), (t:2, i:1), STATEMACHINELOGENTRY, 0@client-2EFB324ADA71, (t:2, i:2), METADATAENTRY(c:1), (t:2, i:3), STATEMACHINELOGENTRY, 999@client-AE8279CAF820, (t:2, i:4), METADATAENTRY(c:3)]
2022-11-08 19:12:09,380 [s2-server-thread2] INFO  server.RaftServer$Division (RaftServerImpl.java:checkInconsistentAppendEntries(1592)) - s2@group-EA982605F2E5: Failed appendEntries as the first entry (index 0) already exists (snapshotIndex: -1, commitIndex: 0)
2022-11-08 19:12:09,380 [s2-server-thread2] INFO  server.RaftServer$Division (RaftServerImpl.java:checkInconsistentAppendEntries(1572)) - s2@group-EA982605F2E5: inconsistency entries. Reply:s1<-s2#1367:FAIL-t2,INCONSISTENCY,nextIndex=1,followerCommit=0,matchIndex=-1
2022-11-08 19:12:09,381 [grpc-default-executor-0] INFO  leader.FollowerInfo (FollowerInfoImpl.java:lambda$new$0(48)) - s1@group-EA982605F2E5->s2: nextIndex: updateUnconditionally 5 -> 1
2022-11-08 19:12:09,381 [s2-server-thread2] DEBUG server.RaftServer$Division (RaftServerImpl.java:logAppendEntries(1421)) - s2@group-EA982605F2E5: receive appendEntries(s1, 2, (t:2, i:0), 4, true, commits:[s1:c4, s0:c4, s2:c0], cId:1368, entries: [(t:2, i:1), STATEMACHINELOGENTRY, 0@client-2EFB324ADA71, (t:2, i:2), METADATAENTRY(c:1), (t:2, i:3), STATEMACHINELOGENTRY, 999@client-AE8279CAF820, (t:2, i:4), METADATAENTRY(c:3)]
2022-11-08 19:12:09,382 [s2-server-thread2] INFO  server.RaftServer$Division (RaftServerImpl.java:checkInconsistentAppendEntries(1602)) - s2@group-EA982605F2E5: Failed appendEntries as previous log entry ((t:2, i:0)) is not found
2022-11-08 19:12:09,382 [s2-server-thread2] INFO  server.RaftServer$Division (RaftServerImpl.java:checkInconsistentAppendEntries(1572)) - s2@group-EA982605F2E5: inconsistency entries. Reply:s1<-s2#1368:FAIL-t2,INCONSISTENCY,nextIndex=0,followerCommit=0,matchIndex=-1
2022-11-08 19:12:09,382 [grpc-default-executor-0] INFO  leader.FollowerInfo (FollowerInfoImpl.java:lambda$new$0(48)) - s1@group-EA982605F2E5->s2: nextIndex: updateUnconditionally 5 -> 0
2022-11-08 19:12:09,383 [s2-server-thread2] DEBUG server.RaftServer$Division (RaftServerImpl.java:logAppendEntries(1421)) - s2@group-EA982605F2E5: receive appendEntries(s1, 2, null, 4, true, commits:[s1:c4, s0:c4, s2:c0], cId:1369, entries: [(t:2, i:0), CONFIGURATIONENTRY(current:id: "s0"
address: "localhost:34297"
dataStreamAddress: "localhost:43983"
clientAddress: "localhost:39609"
adminAddress: "localhost:37077"
startupRole: FOLLOWER
,id: "s1"
address: "localhost:38917"
dataStreamAddress: "localhost:45719"
clientAddress: "localhost:36975"
adminAddress: "localhost:40635"
startupRole: FOLLOWER
,id: "s2"
address: "localhost:35511"
dataStreamAddress: "localhost:38827"
clientAddress: "localhost:42865"
adminAddress: "localhost:36791"
startupRole: FOLLOWER
, old:), (t:2, i:1), STATEMACHINELOGENTRY, 0@client-2EFB324ADA71, (t:2, i:2), METADATAENTRY(c:1), (t:2, i:3), STATEMACHINELOGENTRY, 999@client-AE8279CAF820, (t:2, i:4), METADATAENTRY(c:3)]
2022-11-08 19:12:09,383 [s2-server-thread2] INFO  server.RaftServer$Division (RaftServerImpl.java:checkInconsistentAppendEntries(1592)) - s2@group-EA982605F2E5: Failed appendEntries as the first entry (index 0) already exists (snapshotIndex: -1, commitIndex: 0)
2022-11-08 19:12:09,383 [s2-server-thread2] INFO  server.RaftServer$Division (RaftServerImpl.java:checkInconsistentAppendEntries(1572)) - s2@group-EA982605F2E5: inconsistency entries. Reply:s1<-s2#1369:FAIL-t2,INCONSISTENCY,nextIndex=1,followerCommit=0,matchIndex=-1
2022-11-08 19:12:09,383 [grpc-default-executor-0] INFO  leader.FollowerInfo (FollowerInfoImpl.java:lambda$new$0(48)) - s1@group-EA982605F2E5->s2: nextIndex: updateUnconditionally 5 -> 1
2022-11-08 19:12:09,384 [s2-server-thread2] DEBUG server.RaftServer$Division (RaftServerImpl.java:logAppendEntries(1421)) - s2@group-EA982605F2E5: receive appendEntries(s1, 2, (t:2, i:0), 4, true, commits:[s1:c4, s0:c4, s2:c0], cId:1370, entries: [(t:2, i:1), STATEMACHINELOGENTRY, 0@client-2EFB324ADA71, (t:2, i:2), METADATAENTRY(c:1), (t:2, i:3), STATEMACHINELOGENTRY, 999@client-AE8279CAF820, (t:2, i:4), METADATAENTRY(c:3)]
2022-11-08 19:12:09,384 [s2-server-thread2] INFO  server.RaftServer$Division (RaftServerImpl.java:checkInconsistentAppendEntries(1602)) - s2@group-EA982605F2E5: Failed appendEntries as previous log entry ((t:2, i:0)) is not found
2022-11-08 19:12:09,384 [s2-server-thread2] INFO  server.RaftServer$Division (RaftServerImpl.java:checkInconsistentAppendEntries(1572)) - s2@group-EA982605F2E5: inconsistency entries. Reply:s1<-s2#1370:FAIL-t2,INCONSISTENCY,nextIndex=0,followerCommit=0,matchIndex=-1
2022-11-08 19:12:09,385 [grpc-default-executor-0] INFO  leader.FollowerInfo (FollowerInfoImpl.java:lambda$new$0(48)) - s1@group-EA982605F2E5->s2: nextIndex: updateUnconditionally 5 -> 0
2022-11-08 19:12:09,386 [s2-server-thread2] DEBUG server.RaftServer$Division (RaftServerImpl.java:logAppendEntries(1421)) - s2@group-EA982605F2E5: receive appendEntries(s1, 2, null, 4, true, commits:[s1:c4, s0:c4, s2:c0], cId:1371, entries: [(t:2, i:0), CONFIGURATIONENTRY(current:id: "s0"
address: "localhost:34297"
dataStreamAddress: "localhost:43983"
clientAddress: "localhost:39609"
adminAddress: "localhost:37077"
startupRole: FOLLOWER
,id: "s1"
address: "localhost:38917"
dataStreamAddress: "localhost:45719"
clientAddress: "localhost:36975"
adminAddress: "localhost:40635"
startupRole: FOLLOWER
,id: "s2"
address: "localhost:35511"
dataStreamAddress: "localhost:38827"
clientAddress: "localhost:42865"
adminAddress: "localhost:36791"
startupRole: FOLLOWER
, old:), (t:2, i:1), STATEMACHINELOGENTRY, 0@client-2EFB324ADA71, (t:2, i:2), METADATAENTRY(c:1), (t:2, i:3), STATEMACHINELOGENTRY, 999@client-AE8279CAF820, (t:2, i:4), METADATAENTRY(c:3)]
2022-11-08 19:12:09,386 [s2-server-thread2] INFO  server.RaftServer$Division (RaftServerImpl.java:checkInconsistentAppendEntries(1592)) - s2@group-EA982605F2E5: Failed appendEntries as the first entry (index 0) already exists (snapshotIndex: -1, commitIndex: 0)
2022-11-08 19:12:09,386 [s2-server-thread2] INFO  server.RaftServer$Division (RaftServerImpl.java:checkInconsistentAppendEntries(1572)) - s2@group-EA982605F2E5: inconsistency entries. Reply:s1<-s2#1371:FAIL-t2,INCONSISTENCY,nextIndex=1,followerCommit=0,matchIndex=-1
2022-11-08 19:12:09,386 [grpc-default-executor-0] INFO  leader.FollowerInfo (FollowerInfoImpl.java:lambda$new$0(48)) - s1@group-EA982605F2E5->s2: nextIndex: updateUnconditionally 5 -> 1
2022-11-08 19:12:09,387 [s2-server-thread2] DEBUG server.RaftServer$Division (RaftServerImpl.java:logAppendEntries(1421)) - s2@group-EA982605F2E5: receive appendEntries(s1, 2, (t:2, i:0), 4, true, commits:[s1:c4, s0:c4, s2:c0], cId:1372, entries: [(t:2, i:1), STATEMACHINELOGENTRY, 0@client-2EFB324ADA71, (t:2, i:2), METADATAENTRY(c:1), (t:2, i:3), STATEMACHINELOGENTRY, 999@client-AE8279CAF820, (t:2, i:4), METADATAENTRY(c:3)]
2022-11-08 19:12:09,387 [s2-server-thread2] INFO  server.RaftServer$Division (RaftServerImpl.java:checkInconsistentAppendEntries(1602)) - s2@group-EA982605F2E5: Failed appendEntries as previous log entry ((t:2, i:0)) is not found
2022-11-08 19:12:09,387 [s2-server-thread2] INFO  server.RaftServer$Division (RaftServerImpl.java:checkInconsistentAppendEntries(1572)) - s2@group-EA982605F2E5: inconsistency entries. Reply:s1<-s2#1372:FAIL-t2,INCONSISTENCY,nextIndex=0,followerCommit=0,matchIndex=-1
2022-11-08 19:12:09,388 [grpc-default-executor-0] INFO  leader.FollowerInfo (FollowerInfoImpl.java:lambda$new$0(48)) - s1@group-EA982605F2E5->s2: nextIndex: updateUnconditionally 5 -> 0
2022-11-08 19:12:09,388 [s2-server-thread2] DEBUG server.RaftServer$Division (RaftServerImpl.java:logAppendEntries(1421)) - s2@group-EA982605F2E5: receive appendEntries(s1, 2, null, 4, true, commits:[s1:c4, s0:c4, s2:c0], cId:1373, entries: [(t:2, i:0), CONFIGURATIONENTRY(current:id: "s0"
address: "localhost:34297"
dataStreamAddress: "localhost:43983"
clientAddress: "localhost:39609"
adminAddress: "localhost:37077"
startupRole: FOLLOWER
,id: "s1"
address: "localhost:38917"
dataStreamAddress: "localhost:45719"
clientAddress: "localhost:36975"
adminAddress: "localhost:40635"
startupRole: FOLLOWER
,id: "s2"
address: "localhost:35511"
dataStreamAddress: "localhost:38827"
clientAddress: "localhost:42865"
adminAddress: "localhost:36791"
startupRole: FOLLOWER
, old:), (t:2, i:1), STATEMACHINELOGENTRY, 0@client-2EFB324ADA71, (t:2, i:2), METADATAENTRY(c:1), (t:2, i:3), STATEMACHINELOGENTRY, 999@client-AE8279CAF820, (t:2, i:4), METADATAENTRY(c:3)]
2022-11-08 19:12:09,389 [s2-server-thread2] INFO  server.RaftServer$Division (RaftServerImpl.java:checkInconsistentAppendEntries(1592)) - s2@group-EA982605F2E5: Failed appendEntries as the first entry (index 0) already exists (snapshotIndex: -1, commitIndex: 0)
2022-11-08 19:12:09,389 [s2-server-thread2] INFO  server.RaftServer$Division (RaftServerImpl.java:checkInconsistentAppendEntries(1572)) - s2@group-EA982605F2E5: inconsistency entries. Reply:s1<-s2#1373:FAIL-t2,INCONSISTENCY,nextIndex=1,followerCommit=0,matchIndex=-1
2022-11-08 19:12:09,389 [grpc-default-executor-0] INFO  leader.FollowerInfo (FollowerInfoImpl.java:lambda$new$0(48)) - s1@group-EA982605F2E5->s2: nextIndex: updateUnconditionally 5 -> 1
2022-11-08 19:12:09,390 [s2-server-thread2] DEBUG server.RaftServer$Division (RaftServerImpl.java:logAppendEntries(1421)) - s2@group-EA982605F2E5: receive appendEntries(s1, 2, (t:2, i:0), 4, true, commits:[s1:c4, s0:c4, s2:c0], cId:1374, entries: [(t:2, i:1), STATEMACHINELOGENTRY, 0@client-2EFB324ADA71, (t:2, i:2), METADATAENTRY(c:1), (t:2, i:3), STATEMACHINELOGENTRY, 999@client-AE8279CAF820, (t:2, i:4), METADATAENTRY(c:3)]
2022-11-08 19:12:09,390 [s2-server-thread2] INFO  server.RaftServer$Division (RaftServerImpl.java:checkInconsistentAppendEntries(1602)) - s2@group-EA982605F2E5: Failed appendEntries as previous log entry ((t:2, i:0)) is not found
2022-11-08 19:12:09,390 [s2-server-thread2] INFO  server.RaftServer$Division (RaftServerImpl.java:checkInconsistentAppendEntries(1572)) - s2@group-EA982605F2E5: inconsistency entries. Reply:s1<-s2#1374:FAIL-t2,INCONSISTENCY,nextIndex=0,followerCommit=0,matchIndex=-1
2022-11-08 19:12:09,390 [grpc-default-executor-0] INFO  leader.FollowerInfo (FollowerInfoImpl.java:lambda$new$0(48)) - s1@group-EA982605F2E5->s2: nextIndex: updateUnconditionally 5 -> 0
2022-11-08 19:12:09,391 [s2-server-thread2] DEBUG server.RaftServer$Division (RaftServerImpl.java:logAppendEntries(1421)) - s2@group-EA982605F2E5: receive appendEntries(s1, 2, null, 4, true, commits:[s1:c4, s0:c4, s2:c0], cId:1375, entries: [(t:2, i:0), CONFIGURATIONENTRY(current:id: "s0"
address: "localhost:34297"
dataStreamAddress: "localhost:43983"
clientAddress: "localhost:39609"
adminAddress: "localhost:37077"
startupRole: FOLLOWER
,id: "s1"
address: "localhost:38917"
dataStreamAddress: "localhost:45719"
clientAddress: "localhost:36975"
adminAddress: "localhost:40635"
startupRole: FOLLOWER
,id: "s2"
address: "localhost:35511"
dataStreamAddress: "localhost:38827"
clientAddress: "localhost:42865"
adminAddress: "localhost:36791"
startupRole: FOLLOWER
, old:), (t:2, i:1), STATEMACHINELOGENTRY, 0@client-2EFB324ADA71, (t:2, i:2), METADATAENTRY(c:1), (t:2, i:3), STATEMACHINELOGENTRY, 999@client-AE8279CAF820, (t:2, i:4), METADATAENTRY(c:3)]
2022-11-08 19:12:09,391 [s2-server-thread2] INFO  server.RaftServer$Division (RaftServerImpl.java:checkInconsistentAppendEntries(1592)) - s2@group-EA982605F2E5: Failed appendEntries as the first entry (index 0) already exists (snapshotIndex: -1, commitIndex: 0)
2022-11-08 19:12:09,391 [s2-server-thread2] INFO  server.RaftServer$Division (RaftServerImpl.java:checkInconsistentAppendEntries(1572)) - s2@group-EA982605F2E5: inconsistency entries. Reply:s1<-s2#1375:FAIL-t2,INCONSISTENCY,nextIndex=1,followerCommit=0,matchIndex=-1
2022-11-08 19:12:09,392 [grpc-default-executor-0] INFO  leader.FollowerInfo (FollowerInfoImpl.java:lambda$new$0(48)) - s1@group-EA982605F2E5->s2: nextIndex: updateUnconditionally 5 -> 1
2022-11-08 19:12:09,392 [s2-server-thread2] DEBUG server.RaftServer$Division (RaftServerImpl.java:logAppendEntries(1421)) - s2@group-EA982605F2E5: receive appendEntries(s1, 2, (t:2, i:0), 4, true, commits:[s1:c4, s0:c4, s2:c0], cId:1376, entries: [(t:2, i:1), STATEMACHINELOGENTRY, 0@client-2EFB324ADA71, (t:2, i:2), METADATAENTRY(c:1), (t:2, i:3), STATEMACHINELOGENTRY, 999@client-AE8279CAF820, (t:2, i:4), METADATAENTRY(c:3)]
2022-11-08 19:12:09,393 [s2-server-thread2] INFO  server.RaftServer$Division (RaftServerImpl.java:checkInconsistentAppendEntries(1602)) - s2@group-EA982605F2E5: Failed appendEntries as previous log entry ((t:2, i:0)) is not found
2022-11-08 19:12:09,393 [s2-server-thread2] INFO  server.RaftServer$Division (RaftServerImpl.java:checkInconsistentAppendEntries(1572)) - s2@group-EA982605F2E5: inconsistency entries. Reply:s1<-s2#1376:FAIL-t2,INCONSISTENCY,nextIndex=0,followerCommit=0,matchIndex=-1
2022-11-08 19:12:09,393 [grpc-default-executor-0] INFO  leader.FollowerInfo (FollowerInfoImpl.java:lambda$new$0(48)) - s1@group-EA982605F2E5->s2: nextIndex: updateUnconditionally 5 -> 0
2022-11-08 19:12:09,394 [s2-server-thread2] DEBUG server.RaftServer$Division (RaftServerImpl.java:logAppendEntries(1421)) - s2@group-EA982605F2E5: receive appendEntries(s1, 2, null, 4, true, commits:[s1:c4, s0:c4, s2:c0], cId:1377, entries: [(t:2, i:0), CONFIGURATIONENTRY(current:id: "s0"
address: "localhost:34297"
dataStreamAddress: "localhost:43983"
clientAddress: "localhost:39609"
adminAddress: "localhost:37077"
startupRole: FOLLOWER
,id: "s1"
address: "localhost:38917"
dataStreamAddress: "localhost:45719"
clientAddress: "localhost:36975"
adminAddress: "localhost:40635"
startupRole: FOLLOWER
,id: "s2"
address: "localhost:35511"
dataStreamAddress: "localhost:38827"
clientAddress: "localhost:42865"
adminAddress: "localhost:36791"
startupRole: FOLLOWER
, old:), (t:2, i:1), STATEMACHINELOGENTRY, 0@client-2EFB324ADA71, (t:2, i:2), METADATAENTRY(c:1), (t:2, i:3), STATEMACHINELOGENTRY, 999@client-AE8279CAF820, (t:2, i:4), METADATAENTRY(c:3)]
2022-11-08 19:12:09,394 [s2-server-thread2] INFO  server.RaftServer$Division (RaftServerImpl.java:checkInconsistentAppendEntries(1592)) - s2@group-EA982605F2E5: Failed appendEntries as the first entry (index 0) already exists (snapshotIndex: -1, commitIndex: 0)
2022-11-08 19:12:09,394 [s2-server-thread2] INFO  server.RaftServer$Division (RaftServerImpl.java:checkInconsistentAppendEntries(1572)) - s2@group-EA982605F2E5: inconsistency entries. Reply:s1<-s2#1377:FAIL-t2,INCONSISTENCY,nextIndex=1,followerCommit=0,matchIndex=-1
2022-11-08 19:12:09,394 [grpc-default-executor-0] INFO  leader.FollowerInfo (FollowerInfoImpl.java:lambda$new$0(48)) - s1@group-EA982605F2E5->s2: nextIndex: updateUnconditionally 5 -> 1
2022-11-08 19:12:09,395 [s2-server-thread2] DEBUG server.RaftServer$Division (RaftServerImpl.java:logAppendEntries(1421)) - s2@group-EA982605F2E5: receive appendEntries(s1, 2, (t:2, i:0), 4, true, commits:[s1:c4, s0:c4, s2:c0], cId:1378, entries: [(t:2, i:1), STATEMACHINELOGENTRY, 0@client-2EFB324ADA71, (t:2, i:2), METADATAENTRY(c:1), (t:2, i:3), STATEMACHINELOGENTRY, 999@client-AE8279CAF820, (t:2, i:4), METADATAENTRY(c:3)]
2022-11-08 19:12:09,395 [s2-server-thread2] INFO  server.RaftServer$Division (RaftServerImpl.java:checkInconsistentAppendEntries(1602)) - s2@group-EA982605F2E5: Failed appendEntries as previous log entry ((t:2, i:0)) is not found
2022-11-08 19:12:09,395 [s2-server-thread2] INFO  server.RaftServer$Division (RaftServerImpl.java:checkInconsistentAppendEntries(1572)) - s2@group-EA982605F2E5: inconsistency entries. Reply:s1<-s2#1378:FAIL-t2,INCONSISTENCY,nextIndex=0,followerCommit=0,matchIndex=-1
2022-11-08 19:12:09,396 [grpc-default-executor-0] INFO  leader.FollowerInfo (FollowerInfoImpl.java:lambda$new$0(48)) - s1@group-EA982605F2E5->s2: nextIndex: updateUnconditionally 5 -> 0
2022-11-08 19:12:09,397 [s2-server-thread2] DEBUG server.RaftServer$Division (RaftServerImpl.java:logAppendEntries(1421)) - s2@group-EA982605F2E5: receive appendEntries(s1, 2, null, 4, true, commits:[s1:c4, s0:c4, s2:c0], cId:1379, entries: [(t:2, i:0), CONFIGURATIONENTRY(current:id: "s0"
address: "localhost:34297"
dataStreamAddress: "localhost:43983"
clientAddress: "localhost:39609"
adminAddress: "localhost:37077"
startupRole: FOLLOWER
,id: "s1"
address: "localhost:38917"
dataStreamAddress: "localhost:45719"
clientAddress: "localhost:36975"
adminAddress: "localhost:40635"
startupRole: FOLLOWER
,id: "s2"
address: "localhost:35511"
dataStreamAddress: "localhost:38827"
clientAddress: "localhost:42865"
adminAddress: "localhost:36791"
startupRole: FOLLOWER
, old:), (t:2, i:1), STATEMACHINELOGENTRY, 0@client-2EFB324ADA71, (t:2, i:2), METADATAENTRY(c:1), (t:2, i:3), STATEMACHINELOGENTRY, 999@client-AE8279CAF820, (t:2, i:4), METADATAENTRY(c:3)]
2022-11-08 19:12:09,397 [s2-server-thread2] INFO  server.RaftServer$Division (RaftServerImpl.java:checkInconsistentAppendEntries(1592)) - s2@group-EA982605F2E5: Failed appendEntries as the first entry (index 0) already exists (snapshotIndex: -1, commitIndex: 0)
2022-11-08 19:12:09,397 [s2-server-thread2] INFO  server.RaftServer$Division (RaftServerImpl.java:checkInconsistentAppendEntries(1572)) - s2@group-EA982605F2E5: inconsistency entries. Reply:s1<-s2#1379:FAIL-t2,INCONSISTENCY,nextIndex=1,followerCommit=0,matchIndex=-1
2022-11-08 19:12:09,398 [grpc-default-executor-0] INFO  leader.FollowerInfo (FollowerInfoImpl.java:lambda$new$0(48)) - s1@group-EA982605F2E5->s2: nextIndex: updateUnconditionally 5 -> 1
2022-11-08 19:12:09,400 [s2-server-thread2] DEBUG server.RaftServer$Division (RaftServerImpl.java:logAppendEntries(1421)) - s2@group-EA982605F2E5: receive appendEntries(s1, 2, (t:2, i:0), 4, true, commits:[s1:c4, s0:c4, s2:c0], cId:1380, entries: [(t:2, i:1), STATEMACHINELOGENTRY, 0@client-2EFB324ADA71, (t:2, i:2), METADATAENTRY(c:1), (t:2, i:3), STATEMACHINELOGENTRY, 999@client-AE8279CAF820, (t:2, i:4), METADATAENTRY(c:3)]
2022-11-08 19:12:09,400 [s2-server-thread2] INFO  server.RaftServer$Division (RaftServerImpl.java:checkInconsistentAppendEntries(1602)) - s2@group-EA982605F2E5: Failed appendEntries as previous log entry ((t:2, i:0)) is not found
2022-11-08 19:12:09,400 [s2-server-thread2] INFO  server.RaftServer$Division (RaftServerImpl.java:checkInconsistentAppendEntries(1572)) - s2@group-EA982605F2E5: inconsistency entries. Reply:s1<-s2#1380:FAIL-t2,INCONSISTENCY,nextIndex=0,followerCommit=0,matchIndex=-1
2022-11-08 19:12:09,400 [grpc-default-executor-0] INFO  leader.FollowerInfo (FollowerInfoImpl.java:lambda$new$0(48)) - s1@group-EA982605F2E5->s2: nextIndex: updateUnconditionally 5 -> 0
2022-11-08 19:12:09,401 [s2-server-thread2] DEBUG server.RaftServer$Division (RaftServerImpl.java:logAppendEntries(1421)) - s2@group-EA982605F2E5: receive appendEntries(s1, 2, null, 4, true, commits:[s1:c4, s0:c4, s2:c0], cId:1381, entries: [(t:2, i:0), CONFIGURATIONENTRY(current:id: "s0"
address: "localhost:34297"
dataStreamAddress: "localhost:43983"
clientAddress: "localhost:39609"
adminAddress: "localhost:37077"
startupRole: FOLLOWER
,id: "s1"
address: "localhost:38917"
dataStreamAddress: "localhost:45719"
clientAddress: "localhost:36975"
adminAddress: "localhost:40635"
startupRole: FOLLOWER
,id: "s2"
address: "localhost:35511"
dataStreamAddress: "localhost:38827"
clientAddress: "localhost:42865"
adminAddress: "localhost:36791"
startupRole: FOLLOWER
, old:), (t:2, i:1), STATEMACHINELOGENTRY, 0@client-2EFB324ADA71, (t:2, i:2), METADATAENTRY(c:1), (t:2, i:3), STATEMACHINELOGENTRY, 999@client-AE8279CAF820, (t:2, i:4), METADATAENTRY(c:3)]
2022-11-08 19:12:09,401 [s2-server-thread2] INFO  server.RaftServer$Division (RaftServerImpl.java:checkInconsistentAppendEntries(1592)) - s2@group-EA982605F2E5: Failed appendEntries as the first entry (index 0) already exists (snapshotIndex: -1, commitIndex: 0)
2022-11-08 19:12:09,401 [s2-server-thread2] INFO  server.RaftServer$Division (RaftServerImpl.java:checkInconsistentAppendEntries(1572)) - s2@group-EA982605F2E5: inconsistency entries. Reply:s1<-s2#1381:FAIL-t2,INCONSISTENCY,nextIndex=1,followerCommit=0,matchIndex=-1
2022-11-08 19:12:09,402 [grpc-default-executor-0] INFO  leader.FollowerInfo (FollowerInfoImpl.java:lambda$new$0(48)) - s1@group-EA982605F2E5->s2: nextIndex: updateUnconditionally 5 -> 1
2022-11-08 19:12:09,402 [s2-server-thread2] DEBUG server.RaftServer$Division (RaftServerImpl.java:logAppendEntries(1421)) - s2@group-EA982605F2E5: receive appendEntries(s1, 2, (t:2, i:0), 4, true, commits:[s1:c4, s0:c4, s2:c0], cId:1382, entries: [(t:2, i:1), STATEMACHINELOGENTRY, 0@client-2EFB324ADA71, (t:2, i:2), METADATAENTRY(c:1), (t:2, i:3), STATEMACHINELOGENTRY, 999@client-AE8279CAF820, (t:2, i:4), METADATAENTRY(c:3)]
2022-11-08 19:12:09,402 [s2-server-thread2] INFO  server.RaftServer$Division (RaftServerImpl.java:checkInconsistentAppendEntries(1602)) - s2@group-EA982605F2E5: Failed appendEntries as previous log entry ((t:2, i:0)) is not found
2022-11-08 19:12:09,402 [s2-server-thread2] INFO  server.RaftServer$Division (RaftServerImpl.java:checkInconsistentAppendEntries(1572)) - s2@group-EA982605F2E5: inconsistency entries. Reply:s1<-s2#1382:FAIL-t2,INCONSISTENCY,nextIndex=0,followerCommit=0,matchIndex=-1
2022-11-08 19:12:09,403 [grpc-default-executor-0] INFO  leader.FollowerInfo (FollowerInfoImpl.java:lambda$new$0(48)) - s1@group-EA982605F2E5->s2: nextIndex: updateUnconditionally 5 -> 0
2022-11-08 19:12:09,403 [s2-server-thread2] DEBUG server.RaftServer$Division (RaftServerImpl.java:logAppendEntries(1421)) - s2@group-EA982605F2E5: receive appendEntries(s1, 2, null, 4, true, commits:[s1:c4, s0:c4, s2:c0], cId:1383, entries: [(t:2, i:0), CONFIGURATIONENTRY(current:id: "s0"
address: "localhost:34297"
dataStreamAddress: "localhost:43983"
clientAddress: "localhost:39609"
adminAddress: "localhost:37077"
startupRole: FOLLOWER
,id: "s1"
address: "localhost:38917"
dataStreamAddress: "localhost:45719"
clientAddress: "localhost:36975"
adminAddress: "localhost:40635"
startupRole: FOLLOWER
,id: "s2"
address: "localhost:35511"
dataStreamAddress: "localhost:38827"
clientAddress: "localhost:42865"
adminAddress: "localhost:36791"
startupRole: FOLLOWER
, old:), (t:2, i:1), STATEMACHINELOGENTRY, 0@client-2EFB324ADA71, (t:2, i:2), METADATAENTRY(c:1), (t:2, i:3), STATEMACHINELOGENTRY, 999@client-AE8279CAF820, (t:2, i:4), METADATAENTRY(c:3)]
2022-11-08 19:12:09,403 [s2-server-thread2] INFO  server.RaftServer$Division (RaftServerImpl.java:checkInconsistentAppendEntries(1592)) - s2@group-EA982605F2E5: Failed appendEntries as the first entry (index 0) already exists (snapshotIndex: -1, commitIndex: 0)
2022-11-08 19:12:09,404 [s2-server-thread2] INFO  server.RaftServer$Division (RaftServerImpl.java:checkInconsistentAppendEntries(1572)) - s2@group-EA982605F2E5: inconsistency entries. Reply:s1<-s2#1383:FAIL-t2,INCONSISTENCY,nextIndex=1,followerCommit=0,matchIndex=-1
2022-11-08 19:12:09,404 [grpc-default-executor-0] INFO  leader.FollowerInfo (FollowerInfoImpl.java:lambda$new$0(48)) - s1@group-EA982605F2E5->s2: nextIndex: updateUnconditionally 5 -> 1
2022-11-08 19:12:09,404 [s2-server-thread2] DEBUG server.RaftServer$Division (RaftServerImpl.java:logAppendEntries(1421)) - s2@group-EA982605F2E5: receive appendEntries(s1, 2, (t:2, i:0), 4, true, commits:[s1:c4, s0:c4, s2:c0], cId:1384, entries: [(t:2, i:1), STATEMACHINELOGENTRY, 0@client-2EFB324ADA71, (t:2, i:2), METADATAENTRY(c:1), (t:2, i:3), STATEMACHINELOGENTRY, 999@client-AE8279CAF820, (t:2, i:4), METADATAENTRY(c:3)]
2022-11-08 19:12:09,405 [s2-server-thread2] INFO  server.RaftServer$Division (RaftServerImpl.java:checkInconsistentAppendEntries(1602)) - s2@group-EA982605F2E5: Failed appendEntries as previous log entry ((t:2, i:0)) is not found
2022-11-08 19:12:09,405 [s2-server-thread2] INFO  server.RaftServer$Division (RaftServerImpl.java:checkInconsistentAppendEntries(1572)) - s2@group-EA982605F2E5: inconsistency entries. Reply:s1<-s2#1384:FAIL-t2,INCONSISTENCY,nextIndex=0,followerCommit=0,matchIndex=-1
2022-11-08 19:12:09,405 [grpc-default-executor-0] INFO  leader.FollowerInfo (FollowerInfoImpl.java:lambda$new$0(48)) - s1@group-EA982605F2E5->s2: nextIndex: updateUnconditionally 5 -> 0
2022-11-08 19:12:09,406 [s2-server-thread2] DEBUG server.RaftServer$Division (RaftServerImpl.java:logAppendEntries(1421)) - s2@group-EA982605F2E5: receive appendEntries(s1, 2, null, 4, true, commits:[s1:c4, s0:c4, s2:c0], cId:1385, entries: [(t:2, i:0), CONFIGURATIONENTRY(current:id: "s0"
address: "localhost:34297"
dataStreamAddress: "localhost:43983"
clientAddress: "localhost:39609"
adminAddress: "localhost:37077"
startupRole: FOLLOWER
,id: "s1"
address: "localhost:38917"
dataStreamAddress: "localhost:45719"
clientAddress: "localhost:36975"
adminAddress: "localhost:40635"
startupRole: FOLLOWER
,id: "s2"
address: "localhost:35511"
dataStreamAddress: "localhost:38827"
clientAddress: "localhost:42865"
adminAddress: "localhost:36791"
startupRole: FOLLOWER
, old:), (t:2, i:1), STATEMACHINELOGENTRY, 0@client-2EFB324ADA71, (t:2, i:2), METADATAENTRY(c:1), (t:2, i:3), STATEMACHINELOGENTRY, 999@client-AE8279CAF820, (t:2, i:4), METADATAENTRY(c:3)]
2022-11-08 19:12:09,406 [s2-server-thread2] INFO  server.RaftServer$Division (RaftServerImpl.java:checkInconsistentAppendEntries(1592)) - s2@group-EA982605F2E5: Failed appendEntries as the first entry (index 0) already exists (snapshotIndex: -1, commitIndex: 0)
2022-11-08 19:12:09,406 [s2-server-thread2] INFO  server.RaftServer$Division (RaftServerImpl.java:checkInconsistentAppendEntries(1572)) - s2@group-EA982605F2E5: inconsistency entries. Reply:s1<-s2#1385:FAIL-t2,INCONSISTENCY,nextIndex=1,followerCommit=0,matchIndex=-1
2022-11-08 19:12:09,406 [grpc-default-executor-0] INFO  leader.FollowerInfo (FollowerInfoImpl.java:lambda$new$0(48)) - s1@group-EA982605F2E5->s2: nextIndex: updateUnconditionally 5 -> 1
2022-11-08 19:12:09,407 [s2-server-thread2] DEBUG server.RaftServer$Division (RaftServerImpl.java:logAppendEntries(1421)) - s2@group-EA982605F2E5: receive appendEntries(s1, 2, (t:2, i:0), 4, true, commits:[s1:c4, s0:c4, s2:c0], cId:1386, entries: [(t:2, i:1), STATEMACHINELOGENTRY, 0@client-2EFB324ADA71, (t:2, i:2), METADATAENTRY(c:1), (t:2, i:3), STATEMACHINELOGENTRY, 999@client-AE8279CAF820, (t:2, i:4), METADATAENTRY(c:3)]
2022-11-08 19:12:09,407 [s2-server-thread2] INFO  server.RaftServer$Division (RaftServerImpl.java:checkInconsistentAppendEntries(1602)) - s2@group-EA982605F2E5: Failed appendEntries as previous log entry ((t:2, i:0)) is not found
2022-11-08 19:12:09,407 [s2-server-thread2] INFO  server.RaftServer$Division (RaftServerImpl.java:checkInconsistentAppendEntries(1572)) - s2@group-EA982605F2E5: inconsistency entries. Reply:s1<-s2#1386:FAIL-t2,INCONSISTENCY,nextIndex=0,followerCommit=0,matchIndex=-1
2022-11-08 19:12:09,407 [grpc-default-executor-0] INFO  leader.FollowerInfo (FollowerInfoImpl.java:lambda$new$0(48)) - s1@group-EA982605F2E5->s2: nextIndex: updateUnconditionally 5 -> 0
2022-11-08 19:12:09,408 [s2-server-thread2] DEBUG server.RaftServer$Division (RaftServerImpl.java:logAppendEntries(1421)) - s2@group-EA982605F2E5: receive appendEntries(s1, 2, null, 4, true, commits:[s1:c4, s0:c4, s2:c0], cId:1387, entries: [(t:2, i:0), CONFIGURATIONENTRY(current:id: "s0"
address: "localhost:34297"
dataStreamAddress: "localhost:43983"
clientAddress: "localhost:39609"
adminAddress: "localhost:37077"
startupRole: FOLLOWER
,id: "s1"
address: "localhost:38917"
dataStreamAddress: "localhost:45719"
clientAddress: "localhost:36975"
adminAddress: "localhost:40635"
startupRole: FOLLOWER
,id: "s2"
address: "localhost:35511"
dataStreamAddress: "localhost:38827"
clientAddress: "localhost:42865"
adminAddress: "localhost:36791"
startupRole: FOLLOWER
, old:), (t:2, i:1), STATEMACHINELOGENTRY, 0@client-2EFB324ADA71, (t:2, i:2), METADATAENTRY(c:1), (t:2, i:3), STATEMACHINELOGENTRY, 999@client-AE8279CAF820, (t:2, i:4), METADATAENTRY(c:3)]
2022-11-08 19:12:09,408 [s2-server-thread2] INFO  server.RaftServer$Division (RaftServerImpl.java:checkInconsistentAppendEntries(1592)) - s2@group-EA982605F2E5: Failed appendEntries as the first entry (index 0) already exists (snapshotIndex: -1, commitIndex: 0)
2022-11-08 19:12:09,408 [s2-server-thread2] INFO  server.RaftServer$Division (RaftServerImpl.java:checkInconsistentAppendEntries(1572)) - s2@group-EA982605F2E5: inconsistency entries. Reply:s1<-s2#1387:FAIL-t2,INCONSISTENCY,nextIndex=1,followerCommit=0,matchIndex=-1
2022-11-08 19:12:09,408 [grpc-default-executor-0] INFO  leader.FollowerInfo (FollowerInfoImpl.java:lambda$new$0(48)) - s1@group-EA982605F2E5->s2: nextIndex: updateUnconditionally 5 -> 1
2022-11-08 19:12:09,409 [s2-server-thread2] DEBUG server.RaftServer$Division (RaftServerImpl.java:logAppendEntries(1421)) - s2@group-EA982605F2E5: receive appendEntries(s1, 2, (t:2, i:0), 4, true, commits:[s1:c4, s0:c4, s2:c0], cId:1388, entries: [(t:2, i:1), STATEMACHINELOGENTRY, 0@client-2EFB324ADA71, (t:2, i:2), METADATAENTRY(c:1), (t:2, i:3), STATEMACHINELOGENTRY, 999@client-AE8279CAF820, (t:2, i:4), METADATAENTRY(c:3)]
2022-11-08 19:12:09,409 [s2-server-thread2] INFO  server.RaftServer$Division (RaftServerImpl.java:checkInconsistentAppendEntries(1602)) - s2@group-EA982605F2E5: Failed appendEntries as previous log entry ((t:2, i:0)) is not found
2022-11-08 19:12:09,409 [s2-server-thread2] INFO  server.RaftServer$Division (RaftServerImpl.java:checkInconsistentAppendEntries(1572)) - s2@group-EA982605F2E5: inconsistency entries. Reply:s1<-s2#1388:FAIL-t2,INCONSISTENCY,nextIndex=0,followerCommit=0,matchIndex=-1
2022-11-08 19:12:09,409 [grpc-default-executor-0] INFO  leader.FollowerInfo (FollowerInfoImpl.java:lambda$new$0(48)) - s1@group-EA982605F2E5->s2: nextIndex: updateUnconditionally 5 -> 0
2022-11-08 19:12:09,410 [s2-server-thread2] DEBUG server.RaftServer$Division (RaftServerImpl.java:logAppendEntries(1421)) - s2@group-EA982605F2E5: receive appendEntries(s1, 2, null, 4, true, commits:[s1:c4, s0:c4, s2:c0], cId:1389, entries: [(t:2, i:0), CONFIGURATIONENTRY(current:id: "s0"
address: "localhost:34297"
dataStreamAddress: "localhost:43983"
clientAddress: "localhost:39609"
adminAddress: "localhost:37077"
startupRole: FOLLOWER
,id: "s1"
address: "localhost:38917"
dataStreamAddress: "localhost:45719"
clientAddress: "localhost:36975"
adminAddress: "localhost:40635"
startupRole: FOLLOWER
,id: "s2"
address: "localhost:35511"
dataStreamAddress: "localhost:38827"
clientAddress: "localhost:42865"
adminAddress: "localhost:36791"
startupRole: FOLLOWER
, old:), (t:2, i:1), STATEMACHINELOGENTRY, 0@client-2EFB324ADA71, (t:2, i:2), METADATAENTRY(c:1), (t:2, i:3), STATEMACHINELOGENTRY, 999@client-AE8279CAF820, (t:2, i:4), METADATAENTRY(c:3)]
2022-11-08 19:12:09,410 [s2-server-thread2] INFO  server.RaftServer$Division (RaftServerImpl.java:checkInconsistentAppendEntries(1592)) - s2@group-EA982605F2E5: Failed appendEntries as the first entry (index 0) already exists (snapshotIndex: -1, commitIndex: 0)
2022-11-08 19:12:09,410 [s2-server-thread2] INFO  server.RaftServer$Division (RaftServerImpl.java:checkInconsistentAppendEntries(1572)) - s2@group-EA982605F2E5: inconsistency entries. Reply:s1<-s2#1389:FAIL-t2,INCONSISTENCY,nextIndex=1,followerCommit=0,matchIndex=-1
2022-11-08 19:12:09,410 [grpc-default-executor-0] INFO  leader.FollowerInfo (FollowerInfoImpl.java:lambda$new$0(48)) - s1@group-EA982605F2E5->s2: nextIndex: updateUnconditionally 5 -> 1
2022-11-08 19:12:09,411 [s2-server-thread2] DEBUG server.RaftServer$Division (RaftServerImpl.java:logAppendEntries(1421)) - s2@group-EA982605F2E5: receive appendEntries(s1, 2, (t:2, i:0), 4, true, commits:[s1:c4, s0:c4, s2:c0], cId:1390, entries: [(t:2, i:1), STATEMACHINELOGENTRY, 0@client-2EFB324ADA71, (t:2, i:2), METADATAENTRY(c:1), (t:2, i:3), STATEMACHINELOGENTRY, 999@client-AE8279CAF820, (t:2, i:4), METADATAENTRY(c:3)]
2022-11-08 19:12:09,411 [s2-server-thread2] INFO  server.RaftServer$Division (RaftServerImpl.java:checkInconsistentAppendEntries(1602)) - s2@group-EA982605F2E5: Failed appendEntries as previous log entry ((t:2, i:0)) is not found
2022-11-08 19:12:09,411 [s2-server-thread2] INFO  server.RaftServer$Division (RaftServerImpl.java:checkInconsistentAppendEntries(1572)) - s2@group-EA982605F2E5: inconsistency entries. Reply:s1<-s2#1390:FAIL-t2,INCONSISTENCY,nextIndex=0,followerCommit=0,matchIndex=-1
2022-11-08 19:12:09,412 [grpc-default-executor-0] INFO  leader.FollowerInfo (FollowerInfoImpl.java:lambda$new$0(48)) - s1@group-EA982605F2E5->s2: nextIndex: updateUnconditionally 5 -> 0
2022-11-08 19:12:09,412 [s2-server-thread2] DEBUG server.RaftServer$Division (RaftServerImpl.java:logAppendEntries(1421)) - s2@group-EA982605F2E5: receive appendEntries(s1, 2, null, 4, true, commits:[s1:c4, s0:c4, s2:c0], cId:1391, entries: [(t:2, i:0), CONFIGURATIONENTRY(current:id: "s0"
address: "localhost:34297"
dataStreamAddress: "localhost:43983"
clientAddress: "localhost:39609"
adminAddress: "localhost:37077"
startupRole: FOLLOWER
,id: "s1"
address: "localhost:38917"
dataStreamAddress: "localhost:45719"
clientAddress: "localhost:36975"
adminAddress: "localhost:40635"
startupRole: FOLLOWER
,id: "s2"
address: "localhost:35511"
dataStreamAddress: "localhost:38827"
clientAddress: "localhost:42865"
adminAddress: "localhost:36791"
startupRole: FOLLOWER
, old:), (t:2, i:1), STATEMACHINELOGENTRY, 0@client-2EFB324ADA71, (t:2, i:2), METADATAENTRY(c:1), (t:2, i:3), STATEMACHINELOGENTRY, 999@client-AE8279CAF820, (t:2, i:4), METADATAENTRY(c:3)]
2022-11-08 19:12:09,412 [s2-server-thread2] INFO  server.RaftServer$Division (RaftServerImpl.java:checkInconsistentAppendEntries(1592)) - s2@group-EA982605F2E5: Failed appendEntries as the first entry (index 0) already exists (snapshotIndex: -1, commitIndex: 0)
2022-11-08 19:12:09,412 [s2-server-thread2] INFO  server.RaftServer$Division (RaftServerImpl.java:checkInconsistentAppendEntries(1572)) - s2@group-EA982605F2E5: inconsistency entries. Reply:s1<-s2#1391:FAIL-t2,INCONSISTENCY,nextIndex=1,followerCommit=0,matchIndex=-1
2022-11-08 19:12:09,413 [grpc-default-executor-0] INFO  leader.FollowerInfo (FollowerInfoImpl.java:lambda$new$0(48)) - s1@group-EA982605F2E5->s2: nextIndex: updateUnconditionally 5 -> 1
2022-11-08 19:12:09,413 [s2-server-thread2] DEBUG server.RaftServer$Division (RaftServerImpl.java:logAppendEntries(1421)) - s2@group-EA982605F2E5: receive appendEntries(s1, 2, (t:2, i:0), 4, true, commits:[s1:c4, s0:c4, s2:c0], cId:1392, entries: [(t:2, i:1), STATEMACHINELOGENTRY, 0@client-2EFB324ADA71, (t:2, i:2), METADATAENTRY(c:1), (t:2, i:3), STATEMACHINELOGENTRY, 999@client-AE8279CAF820, (t:2, i:4), METADATAENTRY(c:3)]
2022-11-08 19:12:09,413 [s2-server-thread2] INFO  server.RaftServer$Division (RaftServerImpl.java:checkInconsistentAppendEntries(1602)) - s2@group-EA982605F2E5: Failed appendEntries as previous log entry ((t:2, i:0)) is not found
2022-11-08 19:12:09,413 [s2-server-thread2] INFO  server.RaftServer$Division (RaftServerImpl.java:checkInconsistentAppendEntries(1572)) - s2@group-EA982605F2E5: inconsistency entries. Reply:s1<-s2#1392:FAIL-t2,INCONSISTENCY,nextIndex=0,followerCommit=0,matchIndex=-1
2022-11-08 19:12:09,414 [grpc-default-executor-0] INFO  leader.FollowerInfo (FollowerInfoImpl.java:lambda$new$0(48)) - s1@group-EA982605F2E5->s2: nextIndex: updateUnconditionally 5 -> 0
2022-11-08 19:12:09,414 [s2-server-thread2] DEBUG server.RaftServer$Division (RaftServerImpl.java:logAppendEntries(1421)) - s2@group-EA982605F2E5: receive appendEntries(s1, 2, null, 4, true, commits:[s1:c4, s0:c4, s2:c0], cId:1393, entries: [(t:2, i:0), CONFIGURATIONENTRY(current:id: "s0"
address: "localhost:34297"
dataStreamAddress: "localhost:43983"
clientAddress: "localhost:39609"
adminAddress: "localhost:37077"
startupRole: FOLLOWER
,id: "s1"
address: "localhost:38917"
dataStreamAddress: "localhost:45719"
clientAddress: "localhost:36975"
adminAddress: "localhost:40635"
startupRole: FOLLOWER
,id: "s2"
address: "localhost:35511"
dataStreamAddress: "localhost:38827"
clientAddress: "localhost:42865"
adminAddress: "localhost:36791"
startupRole: FOLLOWER
, old:), (t:2, i:1), STATEMACHINELOGENTRY, 0@client-2EFB324ADA71, (t:2, i:2), METADATAENTRY(c:1), (t:2, i:3), STATEMACHINELOGENTRY, 999@client-AE8279CAF820, (t:2, i:4), METADATAENTRY(c:3)]
2022-11-08 19:12:09,414 [s2-server-thread2] INFO  server.RaftServer$Division (RaftServerImpl.java:checkInconsistentAppendEntries(1592)) - s2@group-EA982605F2E5: Failed appendEntries as the first entry (index 0) already exists (snapshotIndex: -1, commitIndex: 0)
2022-11-08 19:12:09,415 [s2-server-thread2] INFO  server.RaftServer$Division (RaftServerImpl.java:checkInconsistentAppendEntries(1572)) - s2@group-EA982605F2E5: inconsistency entries. Reply:s1<-s2#1393:FAIL-t2,INCONSISTENCY,nextIndex=1,followerCommit=0,matchIndex=-1
2022-11-08 19:12:09,415 [grpc-default-executor-0] INFO  leader.FollowerInfo (FollowerInfoImpl.java:lambda$new$0(48)) - s1@group-EA982605F2E5->s2: nextIndex: updateUnconditionally 5 -> 1
2022-11-08 19:12:09,416 [s2-server-thread2] DEBUG server.RaftServer$Division (RaftServerImpl.java:logAppendEntries(1421)) - s2@group-EA982605F2E5: receive appendEntries(s1, 2, (t:2, i:0), 4, true, commits:[s1:c4, s0:c4, s2:c0], cId:1394, entries: [(t:2, i:1), STATEMACHINELOGENTRY, 0@client-2EFB324ADA71, (t:2, i:2), METADATAENTRY(c:1), (t:2, i:3), STATEMACHINELOGENTRY, 999@client-AE8279CAF820, (t:2, i:4), METADATAENTRY(c:3)]
2022-11-08 19:12:09,416 [s2-server-thread2] INFO  server.RaftServer$Division (RaftServerImpl.java:checkInconsistentAppendEntries(1602)) - s2@group-EA982605F2E5: Failed appendEntries as previous log entry ((t:2, i:0)) is not found
2022-11-08 19:12:09,416 [s2-server-thread2] INFO  server.RaftServer$Division (RaftServerImpl.java:checkInconsistentAppendEntries(1572)) - s2@group-EA982605F2E5: inconsistency entries. Reply:s1<-s2#1394:FAIL-t2,INCONSISTENCY,nextIndex=0,followerCommit=0,matchIndex=-1
2022-11-08 19:12:09,417 [grpc-default-executor-0] INFO  leader.FollowerInfo (FollowerInfoImpl.java:lambda$new$0(48)) - s1@group-EA982605F2E5->s2: nextIndex: updateUnconditionally 5 -> 0
2022-11-08 19:12:09,419 [s2-server-thread2] DEBUG server.RaftServer$Division (RaftServerImpl.java:logAppendEntries(1421)) - s2@group-EA982605F2E5: receive appendEntries(s1, 2, null, 4, true, commits:[s1:c4, s0:c4, s2:c0], cId:1395, entries: [(t:2, i:0), CONFIGURATIONENTRY(current:id: "s0"
address: "localhost:34297"
dataStreamAddress: "localhost:43983"
clientAddress: "localhost:39609"
adminAddress: "localhost:37077"
startupRole: FOLLOWER
,id: "s1"
address: "localhost:38917"
dataStreamAddress: "localhost:45719"
clientAddress: "localhost:36975"
adminAddress: "localhost:40635"
startupRole: FOLLOWER
,id: "s2"
address: "localhost:35511"
dataStreamAddress: "localhost:38827"
clientAddress: "localhost:42865"
adminAddress: "localhost:36791"
startupRole: FOLLOWER
, old:), (t:2, i:1), STATEMACHINELOGENTRY, 0@client-2EFB324ADA71, (t:2, i:2), METADATAENTRY(c:1), (t:2, i:3), STATEMACHINELOGENTRY, 999@client-AE8279CAF820, (t:2, i:4), METADATAENTRY(c:3)]
2022-11-08 19:12:09,419 [s2-server-thread2] INFO  server.RaftServer$Division (RaftServerImpl.java:checkInconsistentAppendEntries(1592)) - s2@group-EA982605F2E5: Failed appendEntries as the first entry (index 0) already exists (snapshotIndex: -1, commitIndex: 0)
2022-11-08 19:12:09,419 [s2-server-thread2] INFO  server.RaftServer$Division (RaftServerImpl.java:checkInconsistentAppendEntries(1572)) - s2@group-EA982605F2E5: inconsistency entries. Reply:s1<-s2#1395:FAIL-t2,INCONSISTENCY,nextIndex=1,followerCommit=0,matchIndex=-1
2022-11-08 19:12:09,419 [grpc-default-executor-0] INFO  leader.FollowerInfo (FollowerInfoImpl.java:lambda$new$0(48)) - s1@group-EA982605F2E5->s2: nextIndex: updateUnconditionally 5 -> 1
2022-11-08 19:12:09,420 [s2-server-thread2] DEBUG server.RaftServer$Division (RaftServerImpl.java:logAppendEntries(1421)) - s2@group-EA982605F2E5: receive appendEntries(s1, 2, (t:2, i:0), 4, true, commits:[s1:c4, s0:c4, s2:c0], cId:1396, entries: [(t:2, i:1), STATEMACHINELOGENTRY, 0@client-2EFB324ADA71, (t:2, i:2), METADATAENTRY(c:1), (t:2, i:3), STATEMACHINELOGENTRY, 999@client-AE8279CAF820, (t:2, i:4), METADATAENTRY(c:3)]
2022-11-08 19:12:09,420 [s2-server-thread2] INFO  server.RaftServer$Division (RaftServerImpl.java:checkInconsistentAppendEntries(1602)) - s2@group-EA982605F2E5: Failed appendEntries as previous log entry ((t:2, i:0)) is not found
2022-11-08 19:12:09,421 [s2-server-thread2] INFO  server.RaftServer$Division (RaftServerImpl.java:checkInconsistentAppendEntries(1572)) - s2@group-EA982605F2E5: inconsistency entries. Reply:s1<-s2#1396:FAIL-t2,INCONSISTENCY,nextIndex=0,followerCommit=0,matchIndex=-1
2022-11-08 19:12:09,421 [grpc-default-executor-0] INFO  leader.FollowerInfo (FollowerInfoImpl.java:lambda$new$0(48)) - s1@group-EA982605F2E5->s2: nextIndex: updateUnconditionally 5 -> 0
2022-11-08 19:12:09,422 [s2-server-thread2] DEBUG server.RaftServer$Division (RaftServerImpl.java:logAppendEntries(1421)) - s2@group-EA982605F2E5: receive appendEntries(s1, 2, null, 4, true, commits:[s1:c4, s0:c4, s2:c0], cId:1397, entries: [(t:2, i:0), CONFIGURATIONENTRY(current:id: "s0"
address: "localhost:34297"
dataStreamAddress: "localhost:43983"
clientAddress: "localhost:39609"
adminAddress: "localhost:37077"
startupRole: FOLLOWER
,id: "s1"
address: "localhost:38917"
dataStreamAddress: "localhost:45719"
clientAddress: "localhost:36975"
adminAddress: "localhost:40635"
startupRole: FOLLOWER
,id: "s2"
address: "localhost:35511"
dataStreamAddress: "localhost:38827"
clientAddress: "localhost:42865"
adminAddress: "localhost:36791"
startupRole: FOLLOWER
, old:), (t:2, i:1), STATEMACHINELOGENTRY, 0@client-2EFB324ADA71, (t:2, i:2), METADATAENTRY(c:1), (t:2, i:3), STATEMACHINELOGENTRY, 999@client-AE8279CAF820, (t:2, i:4), METADATAENTRY(c:3)]
2022-11-08 19:12:09,422 [s2-server-thread2] INFO  server.RaftServer$Division (RaftServerImpl.java:checkInconsistentAppendEntries(1592)) - s2@group-EA982605F2E5: Failed appendEntries as the first entry (index 0) already exists (snapshotIndex: -1, commitIndex: 0)
2022-11-08 19:12:09,422 [s2-server-thread2] INFO  server.RaftServer$Division (RaftServerImpl.java:checkInconsistentAppendEntries(1572)) - s2@group-EA982605F2E5: inconsistency entries. Reply:s1<-s2#1397:FAIL-t2,INCONSISTENCY,nextIndex=1,followerCommit=0,matchIndex=-1
2022-11-08 19:12:09,422 [grpc-default-executor-0] INFO  leader.FollowerInfo (FollowerInfoImpl.java:lambda$new$0(48)) - s1@group-EA982605F2E5->s2: nextIndex: updateUnconditionally 5 -> 1
2022-11-08 19:12:09,423 [s2-server-thread2] DEBUG server.RaftServer$Division (RaftServerImpl.java:logAppendEntries(1421)) - s2@group-EA982605F2E5: receive appendEntries(s1, 2, (t:2, i:0), 4, true, commits:[s1:c4, s0:c4, s2:c0], cId:1398, entries: [(t:2, i:1), STATEMACHINELOGENTRY, 0@client-2EFB324ADA71, (t:2, i:2), METADATAENTRY(c:1), (t:2, i:3), STATEMACHINELOGENTRY, 999@client-AE8279CAF820, (t:2, i:4), METADATAENTRY(c:3)]
2022-11-08 19:12:09,423 [s2-server-thread2] INFO  server.RaftServer$Division (RaftServerImpl.java:checkInconsistentAppendEntries(1602)) - s2@group-EA982605F2E5: Failed appendEntries as previous log entry ((t:2, i:0)) is not found
2022-11-08 19:12:09,423 [s2-server-thread2] INFO  server.RaftServer$Division (RaftServerImpl.java:checkInconsistentAppendEntries(1572)) - s2@group-EA982605F2E5: inconsistency entries. Reply:s1<-s2#1398:FAIL-t2,INCONSISTENCY,nextIndex=0,followerCommit=0,matchIndex=-1
2022-11-08 19:12:09,423 [grpc-default-executor-0] INFO  leader.FollowerInfo (FollowerInfoImpl.java:lambda$new$0(48)) - s1@group-EA982605F2E5->s2: nextIndex: updateUnconditionally 5 -> 0
2022-11-08 19:12:09,424 [s2-server-thread2] DEBUG server.RaftServer$Division (RaftServerImpl.java:logAppendEntries(1421)) - s2@group-EA982605F2E5: receive appendEntries(s1, 2, null, 4, true, commits:[s1:c4, s0:c4, s2:c0], cId:1399, entries: [(t:2, i:0), CONFIGURATIONENTRY(current:id: "s0"
address: "localhost:34297"
dataStreamAddress: "localhost:43983"
clientAddress: "localhost:39609"
adminAddress: "localhost:37077"
startupRole: FOLLOWER
,id: "s1"
address: "localhost:38917"
dataStreamAddress: "localhost:45719"
clientAddress: "localhost:36975"
adminAddress: "localhost:40635"
startupRole: FOLLOWER
,id: "s2"
address: "localhost:35511"
dataStreamAddress: "localhost:38827"
clientAddress: "localhost:42865"
adminAddress: "localhost:36791"
startupRole: FOLLOWER
, old:), (t:2, i:1), STATEMACHINELOGENTRY, 0@client-2EFB324ADA71, (t:2, i:2), METADATAENTRY(c:1), (t:2, i:3), STATEMACHINELOGENTRY, 999@client-AE8279CAF820, (t:2, i:4), METADATAENTRY(c:3)]
2022-11-08 19:12:09,424 [s2-server-thread2] INFO  server.RaftServer$Division (RaftServerImpl.java:checkInconsistentAppendEntries(1592)) - s2@group-EA982605F2E5: Failed appendEntries as the first entry (index 0) already exists (snapshotIndex: -1, commitIndex: 0)
2022-11-08 19:12:09,424 [s2-server-thread2] INFO  server.RaftServer$Division (RaftServerImpl.java:checkInconsistentAppendEntries(1572)) - s2@group-EA982605F2E5: inconsistency entries. Reply:s1<-s2#1399:FAIL-t2,INCONSISTENCY,nextIndex=1,followerCommit=0,matchIndex=-1
2022-11-08 19:12:09,425 [grpc-default-executor-0] INFO  leader.FollowerInfo (FollowerInfoImpl.java:lambda$new$0(48)) - s1@group-EA982605F2E5->s2: nextIndex: updateUnconditionally 5 -> 1
2022-11-08 19:12:09,425 [s2-server-thread2] DEBUG server.RaftServer$Division (RaftServerImpl.java:logAppendEntries(1421)) - s2@group-EA982605F2E5: receive appendEntries(s1, 2, (t:2, i:0), 4, true, commits:[s1:c4, s0:c4, s2:c0], cId:1400, entries: [(t:2, i:1), STATEMACHINELOGENTRY, 0@client-2EFB324ADA71, (t:2, i:2), METADATAENTRY(c:1), (t:2, i:3), STATEMACHINELOGENTRY, 999@client-AE8279CAF820, (t:2, i:4), METADATAENTRY(c:3)]
2022-11-08 19:12:09,425 [s2-server-thread2] INFO  server.RaftServer$Division (RaftServerImpl.java:checkInconsistentAppendEntries(1602)) - s2@group-EA982605F2E5: Failed appendEntries as previous log entry ((t:2, i:0)) is not found
2022-11-08 19:12:09,425 [s2-server-thread2] INFO  server.RaftServer$Division (RaftServerImpl.java:checkInconsistentAppendEntries(1572)) - s2@group-EA982605F2E5: inconsistency entries. Reply:s1<-s2#1400:FAIL-t2,INCONSISTENCY,nextIndex=0,followerCommit=0,matchIndex=-1
2022-11-08 19:12:09,426 [grpc-default-executor-0] INFO  leader.FollowerInfo (FollowerInfoImpl.java:lambda$new$0(48)) - s1@group-EA982605F2E5->s2: nextIndex: updateUnconditionally 5 -> 0
2022-11-08 19:12:09,427 [s2-server-thread2] DEBUG server.RaftServer$Division (RaftServerImpl.java:logAppendEntries(1421)) - s2@group-EA982605F2E5: receive appendEntries(s1, 2, null, 4, true, commits:[s1:c4, s0:c4, s2:c0], cId:1401, entries: [(t:2, i:0), CONFIGURATIONENTRY(current:id: "s0"
address: "localhost:34297"
dataStreamAddress: "localhost:43983"
clientAddress: "localhost:39609"
adminAddress: "localhost:37077"
startupRole: FOLLOWER
,id: "s1"
address: "localhost:38917"
dataStreamAddress: "localhost:45719"
clientAddress: "localhost:36975"
adminAddress: "localhost:40635"
startupRole: FOLLOWER
,id: "s2"
address: "localhost:35511"
dataStreamAddress: "localhost:38827"
clientAddress: "localhost:42865"
adminAddress: "localhost:36791"
startupRole: FOLLOWER
, old:), (t:2, i:1), STATEMACHINELOGENTRY, 0@client-2EFB324ADA71, (t:2, i:2), METADATAENTRY(c:1), (t:2, i:3), STATEMACHINELOGENTRY, 999@client-AE8279CAF820, (t:2, i:4), METADATAENTRY(c:3)]
2022-11-08 19:12:09,427 [s2-server-thread2] INFO  server.RaftServer$Division (RaftServerImpl.java:checkInconsistentAppendEntries(1592)) - s2@group-EA982605F2E5: Failed appendEntries as the first entry (index 0) already exists (snapshotIndex: -1, commitIndex: 0)
2022-11-08 19:12:09,427 [s2-server-thread2] INFO  server.RaftServer$Division (RaftServerImpl.java:checkInconsistentAppendEntries(1572)) - s2@group-EA982605F2E5: inconsistency entries. Reply:s1<-s2#1401:FAIL-t2,INCONSISTENCY,nextIndex=1,followerCommit=0,matchIndex=-1
2022-11-08 19:12:09,427 [grpc-default-executor-0] INFO  leader.FollowerInfo (FollowerInfoImpl.java:lambda$new$0(48)) - s1@group-EA982605F2E5->s2: nextIndex: updateUnconditionally 5 -> 1
2022-11-08 19:12:09,428 [s2-server-thread2] DEBUG server.RaftServer$Division (RaftServerImpl.java:logAppendEntries(1421)) - s2@group-EA982605F2E5: receive appendEntries(s1, 2, (t:2, i:0), 4, true, commits:[s1:c4, s0:c4, s2:c0], cId:1402, entries: [(t:2, i:1), STATEMACHINELOGENTRY, 0@client-2EFB324ADA71, (t:2, i:2), METADATAENTRY(c:1), (t:2, i:3), STATEMACHINELOGENTRY, 999@client-AE8279CAF820, (t:2, i:4), METADATAENTRY(c:3)]
2022-11-08 19:12:09,428 [s2-server-thread2] INFO  server.RaftServer$Division (RaftServerImpl.java:checkInconsistentAppendEntries(1602)) - s2@group-EA982605F2E5: Failed appendEntries as previous log entry ((t:2, i:0)) is not found
2022-11-08 19:12:09,428 [s2-server-thread2] INFO  server.RaftServer$Division (RaftServerImpl.java:checkInconsistentAppendEntries(1572)) - s2@group-EA982605F2E5: inconsistency entries. Reply:s1<-s2#1402:FAIL-t2,INCONSISTENCY,nextIndex=0,followerCommit=0,matchIndex=-1
2022-11-08 19:12:09,428 [grpc-default-executor-0] INFO  leader.FollowerInfo (FollowerInfoImpl.java:lambda$new$0(48)) - s1@group-EA982605F2E5->s2: nextIndex: updateUnconditionally 5 -> 0
2022-11-08 19:12:09,429 [s2-server-thread2] DEBUG server.RaftServer$Division (RaftServerImpl.java:logAppendEntries(1421)) - s2@group-EA982605F2E5: receive appendEntries(s1, 2, null, 4, true, commits:[s1:c4, s0:c4, s2:c0], cId:1403, entries: [(t:2, i:0), CONFIGURATIONENTRY(current:id: "s0"
address: "localhost:34297"
dataStreamAddress: "localhost:43983"
clientAddress: "localhost:39609"
adminAddress: "localhost:37077"
startupRole: FOLLOWER
,id: "s1"
address: "localhost:38917"
dataStreamAddress: "localhost:45719"
clientAddress: "localhost:36975"
adminAddress: "localhost:40635"
startupRole: FOLLOWER
,id: "s2"
address: "localhost:35511"
dataStreamAddress: "localhost:38827"
clientAddress: "localhost:42865"
adminAddress: "localhost:36791"
startupRole: FOLLOWER
, old:), (t:2, i:1), STATEMACHINELOGENTRY, 0@client-2EFB324ADA71, (t:2, i:2), METADATAENTRY(c:1), (t:2, i:3), STATEMACHINELOGENTRY, 999@client-AE8279CAF820, (t:2, i:4), METADATAENTRY(c:3)]
2022-11-08 19:12:09,429 [s2-server-thread2] INFO  server.RaftServer$Division (RaftServerImpl.java:checkInconsistentAppendEntries(1592)) - s2@group-EA982605F2E5: Failed appendEntries as the first entry (index 0) already exists (snapshotIndex: -1, commitIndex: 0)
2022-11-08 19:12:09,429 [s2-server-thread2] INFO  server.RaftServer$Division (RaftServerImpl.java:checkInconsistentAppendEntries(1572)) - s2@group-EA982605F2E5: inconsistency entries. Reply:s1<-s2#1403:FAIL-t2,INCONSISTENCY,nextIndex=1,followerCommit=0,matchIndex=-1
2022-11-08 19:12:09,430 [grpc-default-executor-0] INFO  leader.FollowerInfo (FollowerInfoImpl.java:lambda$new$0(48)) - s1@group-EA982605F2E5->s2: nextIndex: updateUnconditionally 5 -> 1
2022-11-08 19:12:09,430 [s2-server-thread2] DEBUG server.RaftServer$Division (RaftServerImpl.java:logAppendEntries(1421)) - s2@group-EA982605F2E5: receive appendEntries(s1, 2, (t:2, i:0), 4, true, commits:[s1:c4, s0:c4, s2:c0], cId:1404, entries: [(t:2, i:1), STATEMACHINELOGENTRY, 0@client-2EFB324ADA71, (t:2, i:2), METADATAENTRY(c:1), (t:2, i:3), STATEMACHINELOGENTRY, 999@client-AE8279CAF820, (t:2, i:4), METADATAENTRY(c:3)]
2022-11-08 19:12:09,431 [s2-server-thread2] INFO  server.RaftServer$Division (RaftServerImpl.java:checkInconsistentAppendEntries(1602)) - s2@group-EA982605F2E5: Failed appendEntries as previous log entry ((t:2, i:0)) is not found
2022-11-08 19:12:09,431 [s2-server-thread2] INFO  server.RaftServer$Division (RaftServerImpl.java:checkInconsistentAppendEntries(1572)) - s2@group-EA982605F2E5: inconsistency entries. Reply:s1<-s2#1404:FAIL-t2,INCONSISTENCY,nextIndex=0,followerCommit=0,matchIndex=-1
2022-11-08 19:12:09,431 [grpc-default-executor-0] INFO  leader.FollowerInfo (FollowerInfoImpl.java:lambda$new$0(48)) - s1@group-EA982605F2E5->s2: nextIndex: updateUnconditionally 5 -> 0
2022-11-08 19:12:09,431 [s2-server-thread2] DEBUG server.RaftServer$Division (RaftServerImpl.java:logAppendEntries(1421)) - s2@group-EA982605F2E5: receive appendEntries(s1, 2, null, 4, true, commits:[s1:c4, s0:c4, s2:c0], cId:1405, entries: [(t:2, i:0), CONFIGURATIONENTRY(current:id: "s0"
address: "localhost:34297"
dataStreamAddress: "localhost:43983"
clientAddress: "localhost:39609"
adminAddress: "localhost:37077"
startupRole: FOLLOWER
,id: "s1"
address: "localhost:38917"
dataStreamAddress: "localhost:45719"
clientAddress: "localhost:36975"
adminAddress: "localhost:40635"
startupRole: FOLLOWER
,id: "s2"
address: "localhost:35511"
dataStreamAddress: "localhost:38827"
clientAddress: "localhost:42865"
adminAddress: "localhost:36791"
startupRole: FOLLOWER
, old:), (t:2, i:1), STATEMACHINELOGENTRY, 0@client-2EFB324ADA71, (t:2, i:2), METADATAENTRY(c:1), (t:2, i:3), STATEMACHINELOGENTRY, 999@client-AE8279CAF820, (t:2, i:4), METADATAENTRY(c:3)]
2022-11-08 19:12:09,432 [s2-server-thread2] INFO  server.RaftServer$Division (RaftServerImpl.java:checkInconsistentAppendEntries(1592)) - s2@group-EA982605F2E5: Failed appendEntries as the first entry (index 0) already exists (snapshotIndex: -1, commitIndex: 0)
2022-11-08 19:12:09,432 [s2-server-thread2] INFO  server.RaftServer$Division (RaftServerImpl.java:checkInconsistentAppendEntries(1572)) - s2@group-EA982605F2E5: inconsistency entries. Reply:s1<-s2#1405:FAIL-t2,INCONSISTENCY,nextIndex=1,followerCommit=0,matchIndex=-1
2022-11-08 19:12:09,432 [grpc-default-executor-0] INFO  leader.FollowerInfo (FollowerInfoImpl.java:lambda$new$0(48)) - s1@group-EA982605F2E5->s2: nextIndex: updateUnconditionally 5 -> 1
2022-11-08 19:12:09,432 [s2-server-thread2] DEBUG server.RaftServer$Division (RaftServerImpl.java:logAppendEntries(1421)) - s2@group-EA982605F2E5: receive appendEntries(s1, 2, (t:2, i:0), 4, true, commits:[s1:c4, s0:c4, s2:c0], cId:1406, entries: [(t:2, i:1), STATEMACHINELOGENTRY, 0@client-2EFB324ADA71, (t:2, i:2), METADATAENTRY(c:1), (t:2, i:3), STATEMACHINELOGENTRY, 999@client-AE8279CAF820, (t:2, i:4), METADATAENTRY(c:3)]
2022-11-08 19:12:09,433 [s2-server-thread2] INFO  server.RaftServer$Division (RaftServerImpl.java:checkInconsistentAppendEntries(1602)) - s2@group-EA982605F2E5: Failed appendEntries as previous log entry ((t:2, i:0)) is not found
2022-11-08 19:12:09,433 [s2-server-thread2] INFO  server.RaftServer$Division (RaftServerImpl.java:checkInconsistentAppendEntries(1572)) - s2@group-EA982605F2E5: inconsistency entries. Reply:s1<-s2#1406:FAIL-t2,INCONSISTENCY,nextIndex=0,followerCommit=0,matchIndex=-1
2022-11-08 19:12:09,433 [grpc-default-executor-0] INFO  leader.FollowerInfo (FollowerInfoImpl.java:lambda$new$0(48)) - s1@group-EA982605F2E5->s2: nextIndex: updateUnconditionally 5 -> 0
2022-11-08 19:12:09,434 [s2-server-thread2] DEBUG server.RaftServer$Division (RaftServerImpl.java:logAppendEntries(1421)) - s2@group-EA982605F2E5: receive appendEntries(s1, 2, null, 4, true, commits:[s1:c4, s0:c4, s2:c0], cId:1407, entries: [(t:2, i:0), CONFIGURATIONENTRY(current:id: "s0"
address: "localhost:34297"
dataStreamAddress: "localhost:43983"
clientAddress: "localhost:39609"
adminAddress: "localhost:37077"
startupRole: FOLLOWER
,id: "s1"
address: "localhost:38917"
dataStreamAddress: "localhost:45719"
clientAddress: "localhost:36975"
adminAddress: "localhost:40635"
startupRole: FOLLOWER
,id: "s2"
address: "localhost:35511"
dataStreamAddress: "localhost:38827"
clientAddress: "localhost:42865"
adminAddress: "localhost:36791"
startupRole: FOLLOWER
, old:), (t:2, i:1), STATEMACHINELOGENTRY, 0@client-2EFB324ADA71, (t:2, i:2), METADATAENTRY(c:1), (t:2, i:3), STATEMACHINELOGENTRY, 999@client-AE8279CAF820, (t:2, i:4), METADATAENTRY(c:3)]
2022-11-08 19:12:09,434 [s2-server-thread2] INFO  server.RaftServer$Division (RaftServerImpl.java:checkInconsistentAppendEntries(1592)) - s2@group-EA982605F2E5: Failed appendEntries as the first entry (index 0) already exists (snapshotIndex: -1, commitIndex: 0)
2022-11-08 19:12:09,434 [s2-server-thread2] INFO  server.RaftServer$Division (RaftServerImpl.java:checkInconsistentAppendEntries(1572)) - s2@group-EA982605F2E5: inconsistency entries. Reply:s1<-s2#1407:FAIL-t2,INCONSISTENCY,nextIndex=1,followerCommit=0,matchIndex=-1
2022-11-08 19:12:09,434 [grpc-default-executor-0] INFO  leader.FollowerInfo (FollowerInfoImpl.java:lambda$new$0(48)) - s1@group-EA982605F2E5->s2: nextIndex: updateUnconditionally 5 -> 1
2022-11-08 19:12:09,435 [s2-server-thread2] DEBUG server.RaftServer$Division (RaftServerImpl.java:logAppendEntries(1421)) - s2@group-EA982605F2E5: receive appendEntries(s1, 2, (t:2, i:0), 4, true, commits:[s1:c4, s0:c4, s2:c0], cId:1408, entries: [(t:2, i:1), STATEMACHINELOGENTRY, 0@client-2EFB324ADA71, (t:2, i:2), METADATAENTRY(c:1), (t:2, i:3), STATEMACHINELOGENTRY, 999@client-AE8279CAF820, (t:2, i:4), METADATAENTRY(c:3)]
2022-11-08 19:12:09,436 [s2-server-thread2] INFO  server.RaftServer$Division (RaftServerImpl.java:checkInconsistentAppendEntries(1602)) - s2@group-EA982605F2E5: Failed appendEntries as previous log entry ((t:2, i:0)) is not found
2022-11-08 19:12:09,436 [s2-server-thread2] INFO  server.RaftServer$Division (RaftServerImpl.java:checkInconsistentAppendEntries(1572)) - s2@group-EA982605F2E5: inconsistency entries. Reply:s1<-s2#1408:FAIL-t2,INCONSISTENCY,nextIndex=0,followerCommit=0,matchIndex=-1
2022-11-08 19:12:09,436 [grpc-default-executor-0] INFO  leader.FollowerInfo (FollowerInfoImpl.java:lambda$new$0(48)) - s1@group-EA982605F2E5->s2: nextIndex: updateUnconditionally 5 -> 0
2022-11-08 19:12:09,437 [s2-server-thread2] DEBUG server.RaftServer$Division (RaftServerImpl.java:logAppendEntries(1421)) - s2@group-EA982605F2E5: receive appendEntries(s1, 2, null, 4, true, commits:[s1:c4, s0:c4, s2:c0], cId:1409, entries: [(t:2, i:0), CONFIGURATIONENTRY(current:id: "s0"
address: "localhost:34297"
dataStreamAddress: "localhost:43983"
clientAddress: "localhost:39609"
adminAddress: "localhost:37077"
startupRole: FOLLOWER
,id: "s1"
address: "localhost:38917"
dataStreamAddress: "localhost:45719"
clientAddress: "localhost:36975"
adminAddress: "localhost:40635"
startupRole: FOLLOWER
,id: "s2"
address: "localhost:35511"
dataStreamAddress: "localhost:38827"
clientAddress: "localhost:42865"
adminAddress: "localhost:36791"
startupRole: FOLLOWER
, old:), (t:2, i:1), STATEMACHINELOGENTRY, 0@client-2EFB324ADA71, (t:2, i:2), METADATAENTRY(c:1), (t:2, i:3), STATEMACHINELOGENTRY, 999@client-AE8279CAF820, (t:2, i:4), METADATAENTRY(c:3)]
2022-11-08 19:12:09,437 [s2-server-thread2] INFO  server.RaftServer$Division (RaftServerImpl.java:checkInconsistentAppendEntries(1592)) - s2@group-EA982605F2E5: Failed appendEntries as the first entry (index 0) already exists (snapshotIndex: -1, commitIndex: 0)
2022-11-08 19:12:09,438 [s2-server-thread2] INFO  server.RaftServer$Division (RaftServerImpl.java:checkInconsistentAppendEntries(1572)) - s2@group-EA982605F2E5: inconsistency entries. Reply:s1<-s2#1409:FAIL-t2,INCONSISTENCY,nextIndex=1,followerCommit=0,matchIndex=-1
2022-11-08 19:12:09,439 [grpc-default-executor-0] INFO  leader.FollowerInfo (FollowerInfoImpl.java:lambda$new$0(48)) - s1@group-EA982605F2E5->s2: nextIndex: updateUnconditionally 5 -> 1
2022-11-08 19:12:09,439 [s2-server-thread2] DEBUG server.RaftServer$Division (RaftServerImpl.java:logAppendEntries(1421)) - s2@group-EA982605F2E5: receive appendEntries(s1, 2, (t:2, i:0), 4, true, commits:[s1:c4, s0:c4, s2:c0], cId:1410, entries: [(t:2, i:1), STATEMACHINELOGENTRY, 0@client-2EFB324ADA71, (t:2, i:2), METADATAENTRY(c:1), (t:2, i:3), STATEMACHINELOGENTRY, 999@client-AE8279CAF820, (t:2, i:4), METADATAENTRY(c:3)]
2022-11-08 19:12:09,439 [s2-server-thread2] INFO  server.RaftServer$Division (RaftServerImpl.java:checkInconsistentAppendEntries(1602)) - s2@group-EA982605F2E5: Failed appendEntries as previous log entry ((t:2, i:0)) is not found
2022-11-08 19:12:09,439 [s2-server-thread2] INFO  server.RaftServer$Division (RaftServerImpl.java:checkInconsistentAppendEntries(1572)) - s2@group-EA982605F2E5: inconsistency entries. Reply:s1<-s2#1410:FAIL-t2,INCONSISTENCY,nextIndex=0,followerCommit=0,matchIndex=-1
2022-11-08 19:12:09,440 [grpc-default-executor-0] INFO  leader.FollowerInfo (FollowerInfoImpl.java:lambda$new$0(48)) - s1@group-EA982605F2E5->s2: nextIndex: updateUnconditionally 5 -> 0
2022-11-08 19:12:09,440 [s2-server-thread2] DEBUG server.RaftServer$Division (RaftServerImpl.java:logAppendEntries(1421)) - s2@group-EA982605F2E5: receive appendEntries(s1, 2, null, 4, true, commits:[s1:c4, s0:c4, s2:c0], cId:1411, entries: [(t:2, i:0), CONFIGURATIONENTRY(current:id: "s0"
address: "localhost:34297"
dataStreamAddress: "localhost:43983"
clientAddress: "localhost:39609"
adminAddress: "localhost:37077"
startupRole: FOLLOWER
,id: "s1"
address: "localhost:38917"
dataStreamAddress: "localhost:45719"
clientAddress: "localhost:36975"
adminAddress: "localhost:40635"
startupRole: FOLLOWER
,id: "s2"
address: "localhost:35511"
dataStreamAddress: "localhost:38827"
clientAddress: "localhost:42865"
adminAddress: "localhost:36791"
startupRole: FOLLOWER
, old:), (t:2, i:1), STATEMACHINELOGENTRY, 0@client-2EFB324ADA71, (t:2, i:2), METADATAENTRY(c:1), (t:2, i:3), STATEMACHINELOGENTRY, 999@client-AE8279CAF820, (t:2, i:4), METADATAENTRY(c:3)]
2022-11-08 19:12:09,441 [s2-server-thread2] INFO  server.RaftServer$Division (RaftServerImpl.java:checkInconsistentAppendEntries(1592)) - s2@group-EA982605F2E5: Failed appendEntries as the first entry (index 0) already exists (snapshotIndex: -1, commitIndex: 0)
2022-11-08 19:12:09,441 [s2-server-thread2] INFO  server.RaftServer$Division (RaftServerImpl.java:checkInconsistentAppendEntries(1572)) - s2@group-EA982605F2E5: inconsistency entries. Reply:s1<-s2#1411:FAIL-t2,INCONSISTENCY,nextIndex=1,followerCommit=0,matchIndex=-1
2022-11-08 19:12:09,441 [grpc-default-executor-0] INFO  leader.FollowerInfo (FollowerInfoImpl.java:lambda$new$0(48)) - s1@group-EA982605F2E5->s2: nextIndex: updateUnconditionally 5 -> 1
2022-11-08 19:12:09,442 [s2-server-thread2] DEBUG server.RaftServer$Division (RaftServerImpl.java:logAppendEntries(1421)) - s2@group-EA982605F2E5: receive appendEntries(s1, 2, (t:2, i:0), 4, true, commits:[s1:c4, s0:c4, s2:c0], cId:1412, entries: [(t:2, i:1), STATEMACHINELOGENTRY, 0@client-2EFB324ADA71, (t:2, i:2), METADATAENTRY(c:1), (t:2, i:3), STATEMACHINELOGENTRY, 999@client-AE8279CAF820, (t:2, i:4), METADATAENTRY(c:3)]
2022-11-08 19:12:09,442 [s2-server-thread2] INFO  server.RaftServer$Division (RaftServerImpl.java:checkInconsistentAppendEntries(1602)) - s2@group-EA982605F2E5: Failed appendEntries as previous log entry ((t:2, i:0)) is not found
2022-11-08 19:12:09,442 [s2-server-thread2] INFO  server.RaftServer$Division (RaftServerImpl.java:checkInconsistentAppendEntries(1572)) - s2@group-EA982605F2E5: inconsistency entries. Reply:s1<-s2#1412:FAIL-t2,INCONSISTENCY,nextIndex=0,followerCommit=0,matchIndex=-1
2022-11-08 19:12:09,442 [grpc-default-executor-0] INFO  leader.FollowerInfo (FollowerInfoImpl.java:lambda$new$0(48)) - s1@group-EA982605F2E5->s2: nextIndex: updateUnconditionally 5 -> 0
2022-11-08 19:12:09,443 [s2-server-thread2] DEBUG server.RaftServer$Division (RaftServerImpl.java:logAppendEntries(1421)) - s2@group-EA982605F2E5: receive appendEntries(s1, 2, null, 4, true, commits:[s1:c4, s0:c4, s2:c0], cId:1413, entries: [(t:2, i:0), CONFIGURATIONENTRY(current:id: "s0"
address: "localhost:34297"
dataStreamAddress: "localhost:43983"
clientAddress: "localhost:39609"
adminAddress: "localhost:37077"
startupRole: FOLLOWER
,id: "s1"
address: "localhost:38917"
dataStreamAddress: "localhost:45719"
clientAddress: "localhost:36975"
adminAddress: "localhost:40635"
startupRole: FOLLOWER
,id: "s2"
address: "localhost:35511"
dataStreamAddress: "localhost:38827"
clientAddress: "localhost:42865"
adminAddress: "localhost:36791"
startupRole: FOLLOWER
, old:), (t:2, i:1), STATEMACHINELOGENTRY, 0@client-2EFB324ADA71, (t:2, i:2), METADATAENTRY(c:1), (t:2, i:3), STATEMACHINELOGENTRY, 999@client-AE8279CAF820, (t:2, i:4), METADATAENTRY(c:3)]
2022-11-08 19:12:09,443 [s2-server-thread2] INFO  server.RaftServer$Division (RaftServerImpl.java:checkInconsistentAppendEntries(1592)) - s2@group-EA982605F2E5: Failed appendEntries as the first entry (index 0) already exists (snapshotIndex: -1, commitIndex: 0)
2022-11-08 19:12:09,443 [s2-server-thread2] INFO  server.RaftServer$Division (RaftServerImpl.java:checkInconsistentAppendEntries(1572)) - s2@group-EA982605F2E5: inconsistency entries. Reply:s1<-s2#1413:FAIL-t2,INCONSISTENCY,nextIndex=1,followerCommit=0,matchIndex=-1
2022-11-08 19:12:09,443 [grpc-default-executor-0] INFO  leader.FollowerInfo (FollowerInfoImpl.java:lambda$new$0(48)) - s1@group-EA982605F2E5->s2: nextIndex: updateUnconditionally 5 -> 1
2022-11-08 19:12:09,444 [s2-server-thread2] DEBUG server.RaftServer$Division (RaftServerImpl.java:logAppendEntries(1421)) - s2@group-EA982605F2E5: receive appendEntries(s1, 2, (t:2, i:0), 4, true, commits:[s1:c4, s0:c4, s2:c0], cId:1414, entries: [(t:2, i:1), STATEMACHINELOGENTRY, 0@client-2EFB324ADA71, (t:2, i:2), METADATAENTRY(c:1), (t:2, i:3), STATEMACHINELOGENTRY, 999@client-AE8279CAF820, (t:2, i:4), METADATAENTRY(c:3)]
2022-11-08 19:12:09,444 [s2-server-thread2] INFO  server.RaftServer$Division (RaftServerImpl.java:checkInconsistentAppendEntries(1602)) - s2@group-EA982605F2E5: Failed appendEntries as previous log entry ((t:2, i:0)) is not found
2022-11-08 19:12:09,444 [s2-server-thread2] INFO  server.RaftServer$Division (RaftServerImpl.java:checkInconsistentAppendEntries(1572)) - s2@group-EA982605F2E5: inconsistency entries. Reply:s1<-s2#1414:FAIL-t2,INCONSISTENCY,nextIndex=0,followerCommit=0,matchIndex=-1
2022-11-08 19:12:09,446 [grpc-default-executor-0] INFO  leader.FollowerInfo (FollowerInfoImpl.java:lambda$new$0(48)) - s1@group-EA982605F2E5->s2: nextIndex: updateUnconditionally 5 -> 0
2022-11-08 19:12:09,446 [s2-server-thread2] DEBUG server.RaftServer$Division (RaftServerImpl.java:logAppendEntries(1421)) - s2@group-EA982605F2E5: receive appendEntries(s1, 2, null, 4, true, commits:[s1:c4, s0:c4, s2:c0], cId:1415, entries: [(t:2, i:0), CONFIGURATIONENTRY(current:id: "s0"
address: "localhost:34297"
dataStreamAddress: "localhost:43983"
clientAddress: "localhost:39609"
adminAddress: "localhost:37077"
startupRole: FOLLOWER
,id: "s1"
address: "localhost:38917"
dataStreamAddress: "localhost:45719"
clientAddress: "localhost:36975"
adminAddress: "localhost:40635"
startupRole: FOLLOWER
,id: "s2"
address: "localhost:35511"
dataStreamAddress: "localhost:38827"
clientAddress: "localhost:42865"
adminAddress: "localhost:36791"
startupRole: FOLLOWER
, old:), (t:2, i:1), STATEMACHINELOGENTRY, 0@client-2EFB324ADA71, (t:2, i:2), METADATAENTRY(c:1), (t:2, i:3), STATEMACHINELOGENTRY, 999@client-AE8279CAF820, (t:2, i:4), METADATAENTRY(c:3)]
2022-11-08 19:12:09,447 [s2-server-thread2] INFO  server.RaftServer$Division (RaftServerImpl.java:checkInconsistentAppendEntries(1592)) - s2@group-EA982605F2E5: Failed appendEntries as the first entry (index 0) already exists (snapshotIndex: -1, commitIndex: 0)
2022-11-08 19:12:09,447 [s2-server-thread2] INFO  server.RaftServer$Division (RaftServerImpl.java:checkInconsistentAppendEntries(1572)) - s2@group-EA982605F2E5: inconsistency entries. Reply:s1<-s2#1415:FAIL-t2,INCONSISTENCY,nextIndex=1,followerCommit=0,matchIndex=-1
2022-11-08 19:12:09,447 [grpc-default-executor-0] INFO  leader.FollowerInfo (FollowerInfoImpl.java:lambda$new$0(48)) - s1@group-EA982605F2E5->s2: nextIndex: updateUnconditionally 5 -> 1
2022-11-08 19:12:09,447 [s2-server-thread2] DEBUG server.RaftServer$Division (RaftServerImpl.java:logAppendEntries(1421)) - s2@group-EA982605F2E5: receive appendEntries(s1, 2, (t:2, i:0), 4, true, commits:[s1:c4, s0:c4, s2:c0], cId:1416, entries: [(t:2, i:1), STATEMACHINELOGENTRY, 0@client-2EFB324ADA71, (t:2, i:2), METADATAENTRY(c:1), (t:2, i:3), STATEMACHINELOGENTRY, 999@client-AE8279CAF820, (t:2, i:4), METADATAENTRY(c:3)]
2022-11-08 19:12:09,448 [s2-server-thread2] INFO  server.RaftServer$Division (RaftServerImpl.java:checkInconsistentAppendEntries(1602)) - s2@group-EA982605F2E5: Failed appendEntries as previous log entry ((t:2, i:0)) is not found
2022-11-08 19:12:09,448 [s2-server-thread2] INFO  server.RaftServer$Division (RaftServerImpl.java:checkInconsistentAppendEntries(1572)) - s2@group-EA982605F2E5: inconsistency entries. Reply:s1<-s2#1416:FAIL-t2,INCONSISTENCY,nextIndex=0,followerCommit=0,matchIndex=-1
2022-11-08 19:12:09,448 [grpc-default-executor-0] INFO  leader.FollowerInfo (FollowerInfoImpl.java:lambda$new$0(48)) - s1@group-EA982605F2E5->s2: nextIndex: updateUnconditionally 5 -> 0
2022-11-08 19:12:09,449 [s2-server-thread2] DEBUG server.RaftServer$Division (RaftServerImpl.java:logAppendEntries(1421)) - s2@group-EA982605F2E5: receive appendEntries(s1, 2, null, 4, true, commits:[s1:c4, s0:c4, s2:c0], cId:1417, entries: [(t:2, i:0), CONFIGURATIONENTRY(current:id: "s0"
address: "localhost:34297"
dataStreamAddress: "localhost:43983"
clientAddress: "localhost:39609"
adminAddress: "localhost:37077"
startupRole: FOLLOWER
,id: "s1"
address: "localhost:38917"
dataStreamAddress: "localhost:45719"
clientAddress: "localhost:36975"
adminAddress: "localhost:40635"
startupRole: FOLLOWER
,id: "s2"
address: "localhost:35511"
dataStreamAddress: "localhost:38827"
clientAddress: "localhost:42865"
adminAddress: "localhost:36791"
startupRole: FOLLOWER
, old:), (t:2, i:1), STATEMACHINELOGENTRY, 0@client-2EFB324ADA71, (t:2, i:2), METADATAENTRY(c:1), (t:2, i:3), STATEMACHINELOGENTRY, 999@client-AE8279CAF820, (t:2, i:4), METADATAENTRY(c:3)]
2022-11-08 19:12:09,449 [s2-server-thread2] INFO  server.RaftServer$Division (RaftServerImpl.java:checkInconsistentAppendEntries(1592)) - s2@group-EA982605F2E5: Failed appendEntries as the first entry (index 0) already exists (snapshotIndex: -1, commitIndex: 0)
2022-11-08 19:12:09,449 [s2-server-thread2] INFO  server.RaftServer$Division (RaftServerImpl.java:checkInconsistentAppendEntries(1572)) - s2@group-EA982605F2E5: inconsistency entries. Reply:s1<-s2#1417:FAIL-t2,INCONSISTENCY,nextIndex=1,followerCommit=0,matchIndex=-1
2022-11-08 19:12:09,450 [grpc-default-executor-0] INFO  leader.FollowerInfo (FollowerInfoImpl.java:lambda$new$0(48)) - s1@group-EA982605F2E5->s2: nextIndex: updateUnconditionally 5 -> 1
2022-11-08 19:12:09,450 [s2-server-thread2] DEBUG server.RaftServer$Division (RaftServerImpl.java:logAppendEntries(1421)) - s2@group-EA982605F2E5: receive appendEntries(s1, 2, (t:2, i:0), 4, true, commits:[s1:c4, s0:c4, s2:c0], cId:1418, entries: [(t:2, i:1), STATEMACHINELOGENTRY, 0@client-2EFB324ADA71, (t:2, i:2), METADATAENTRY(c:1), (t:2, i:3), STATEMACHINELOGENTRY, 999@client-AE8279CAF820, (t:2, i:4), METADATAENTRY(c:3)]
2022-11-08 19:12:09,450 [s2-server-thread2] INFO  server.RaftServer$Division (RaftServerImpl.java:checkInconsistentAppendEntries(1602)) - s2@group-EA982605F2E5: Failed appendEntries as previous log entry ((t:2, i:0)) is not found
2022-11-08 19:12:09,451 [s2-server-thread2] INFO  server.RaftServer$Division (RaftServerImpl.java:checkInconsistentAppendEntries(1572)) - s2@group-EA982605F2E5: inconsistency entries. Reply:s1<-s2#1418:FAIL-t2,INCONSISTENCY,nextIndex=0,followerCommit=0,matchIndex=-1
2022-11-08 19:12:09,451 [grpc-default-executor-0] INFO  leader.FollowerInfo (FollowerInfoImpl.java:lambda$new$0(48)) - s1@group-EA982605F2E5->s2: nextIndex: updateUnconditionally 5 -> 0
2022-11-08 19:12:09,451 [s2-server-thread2] DEBUG server.RaftServer$Division (RaftServerImpl.java:logAppendEntries(1421)) - s2@group-EA982605F2E5: receive appendEntries(s1, 2, null, 4, true, commits:[s1:c4, s0:c4, s2:c0], cId:1419, entries: [(t:2, i:0), CONFIGURATIONENTRY(current:id: "s0"
address: "localhost:34297"
dataStreamAddress: "localhost:43983"
clientAddress: "localhost:39609"
adminAddress: "localhost:37077"
startupRole: FOLLOWER
,id: "s1"
address: "localhost:38917"
dataStreamAddress: "localhost:45719"
clientAddress: "localhost:36975"
adminAddress: "localhost:40635"
startupRole: FOLLOWER
,id: "s2"
address: "localhost:35511"
dataStreamAddress: "localhost:38827"
clientAddress: "localhost:42865"
adminAddress: "localhost:36791"
startupRole: FOLLOWER
, old:), (t:2, i:1), STATEMACHINELOGENTRY, 0@client-2EFB324ADA71, (t:2, i:2), METADATAENTRY(c:1), (t:2, i:3), STATEMACHINELOGENTRY, 999@client-AE8279CAF820, (t:2, i:4), METADATAENTRY(c:3)]
2022-11-08 19:12:09,452 [s2-server-thread2] INFO  server.RaftServer$Division (RaftServerImpl.java:checkInconsistentAppendEntries(1592)) - s2@group-EA982605F2E5: Failed appendEntries as the first entry (index 0) already exists (snapshotIndex: -1, commitIndex: 0)
2022-11-08 19:12:09,452 [s2-server-thread2] INFO  server.RaftServer$Division (RaftServerImpl.java:checkInconsistentAppendEntries(1572)) - s2@group-EA982605F2E5: inconsistency entries. Reply:s1<-s2#1419:FAIL-t2,INCONSISTENCY,nextIndex=1,followerCommit=0,matchIndex=-1
2022-11-08 19:12:09,452 [grpc-default-executor-0] INFO  leader.FollowerInfo (FollowerInfoImpl.java:lambda$new$0(48)) - s1@group-EA982605F2E5->s2: nextIndex: updateUnconditionally 5 -> 1
2022-11-08 19:12:09,453 [s2-server-thread2] DEBUG server.RaftServer$Division (RaftServerImpl.java:logAppendEntries(1421)) - s2@group-EA982605F2E5: receive appendEntries(s1, 2, (t:2, i:0), 4, true, commits:[s1:c4, s0:c4, s2:c0], cId:1420, entries: [(t:2, i:1), STATEMACHINELOGENTRY, 0@client-2EFB324ADA71, (t:2, i:2), METADATAENTRY(c:1), (t:2, i:3), STATEMACHINELOGENTRY, 999@client-AE8279CAF820, (t:2, i:4), METADATAENTRY(c:3)]
2022-11-08 19:12:09,453 [s2-server-thread2] INFO  server.RaftServer$Division (RaftServerImpl.java:checkInconsistentAppendEntries(1602)) - s2@group-EA982605F2E5: Failed appendEntries as previous log entry ((t:2, i:0)) is not found
2022-11-08 19:12:09,453 [s2-server-thread2] INFO  server.RaftServer$Division (RaftServerImpl.java:checkInconsistentAppendEntries(1572)) - s2@group-EA982605F2E5: inconsistency entries. Reply:s1<-s2#1420:FAIL-t2,INCONSISTENCY,nextIndex=0,followerCommit=0,matchIndex=-1
2022-11-08 19:12:09,453 [grpc-default-executor-0] INFO  leader.FollowerInfo (FollowerInfoImpl.java:lambda$new$0(48)) - s1@group-EA982605F2E5->s2: nextIndex: updateUnconditionally 5 -> 0
2022-11-08 19:12:09,454 [s2-server-thread2] DEBUG server.RaftServer$Division (RaftServerImpl.java:logAppendEntries(1421)) - s2@group-EA982605F2E5: receive appendEntries(s1, 2, null, 4, true, commits:[s1:c4, s0:c4, s2:c0], cId:1421, entries: [(t:2, i:0), CONFIGURATIONENTRY(current:id: "s0"
address: "localhost:34297"
dataStreamAddress: "localhost:43983"
clientAddress: "localhost:39609"
adminAddress: "localhost:37077"
startupRole: FOLLOWER
,id: "s1"
address: "localhost:38917"
dataStreamAddress: "localhost:45719"
clientAddress: "localhost:36975"
adminAddress: "localhost:40635"
startupRole: FOLLOWER
,id: "s2"
address: "localhost:35511"
dataStreamAddress: "localhost:38827"
clientAddress: "localhost:42865"
adminAddress: "localhost:36791"
startupRole: FOLLOWER
, old:), (t:2, i:1), STATEMACHINELOGENTRY, 0@client-2EFB324ADA71, (t:2, i:2), METADATAENTRY(c:1), (t:2, i:3), STATEMACHINELOGENTRY, 999@client-AE8279CAF820, (t:2, i:4), METADATAENTRY(c:3)]
2022-11-08 19:12:09,454 [s2-server-thread2] INFO  server.RaftServer$Division (RaftServerImpl.java:checkInconsistentAppendEntries(1592)) - s2@group-EA982605F2E5: Failed appendEntries as the first entry (index 0) already exists (snapshotIndex: -1, commitIndex: 0)
2022-11-08 19:12:09,454 [s2-server-thread2] INFO  server.RaftServer$Division (RaftServerImpl.java:checkInconsistentAppendEntries(1572)) - s2@group-EA982605F2E5: inconsistency entries. Reply:s1<-s2#1421:FAIL-t2,INCONSISTENCY,nextIndex=1,followerCommit=0,matchIndex=-1
2022-11-08 19:12:09,454 [grpc-default-executor-0] INFO  leader.FollowerInfo (FollowerInfoImpl.java:lambda$new$0(48)) - s1@group-EA982605F2E5->s2: nextIndex: updateUnconditionally 5 -> 1
2022-11-08 19:12:09,455 [s2-server-thread2] DEBUG server.RaftServer$Division (RaftServerImpl.java:logAppendEntries(1421)) - s2@group-EA982605F2E5: receive appendEntries(s1, 2, (t:2, i:0), 4, true, commits:[s1:c4, s0:c4, s2:c0], cId:1422, entries: [(t:2, i:1), STATEMACHINELOGENTRY, 0@client-2EFB324ADA71, (t:2, i:2), METADATAENTRY(c:1), (t:2, i:3), STATEMACHINELOGENTRY, 999@client-AE8279CAF820, (t:2, i:4), METADATAENTRY(c:3)]
2022-11-08 19:12:09,455 [s2-server-thread2] INFO  server.RaftServer$Division (RaftServerImpl.java:checkInconsistentAppendEntries(1602)) - s2@group-EA982605F2E5: Failed appendEntries as previous log entry ((t:2, i:0)) is not found
2022-11-08 19:12:09,455 [s2-server-thread2] INFO  server.RaftServer$Division (RaftServerImpl.java:checkInconsistentAppendEntries(1572)) - s2@group-EA982605F2E5: inconsistency entries. Reply:s1<-s2#1422:FAIL-t2,INCONSISTENCY,nextIndex=0,followerCommit=0,matchIndex=-1
2022-11-08 19:12:09,455 [grpc-default-executor-0] INFO  leader.FollowerInfo (FollowerInfoImpl.java:lambda$new$0(48)) - s1@group-EA982605F2E5->s2: nextIndex: updateUnconditionally 5 -> 0
2022-11-08 19:12:09,456 [s2-server-thread2] DEBUG server.RaftServer$Division (RaftServerImpl.java:logAppendEntries(1421)) - s2@group-EA982605F2E5: receive appendEntries(s1, 2, null, 4, true, commits:[s1:c4, s0:c4, s2:c0], cId:1423, entries: [(t:2, i:0), CONFIGURATIONENTRY(current:id: "s0"
address: "localhost:34297"
dataStreamAddress: "localhost:43983"
clientAddress: "localhost:39609"
adminAddress: "localhost:37077"
startupRole: FOLLOWER
,id: "s1"
address: "localhost:38917"
dataStreamAddress: "localhost:45719"
clientAddress: "localhost:36975"
adminAddress: "localhost:40635"
startupRole: FOLLOWER
,id: "s2"
address: "localhost:35511"
dataStreamAddress: "localhost:38827"
clientAddress: "localhost:42865"
adminAddress: "localhost:36791"
startupRole: FOLLOWER
, old:), (t:2, i:1), STATEMACHINELOGENTRY, 0@client-2EFB324ADA71, (t:2, i:2), METADATAENTRY(c:1), (t:2, i:3), STATEMACHINELOGENTRY, 999@client-AE8279CAF820, (t:2, i:4), METADATAENTRY(c:3)]
2022-11-08 19:12:09,456 [s2-server-thread2] INFO  server.RaftServer$Division (RaftServerImpl.java:checkInconsistentAppendEntries(1592)) - s2@group-EA982605F2E5: Failed appendEntries as the first entry (index 0) already exists (snapshotIndex: -1, commitIndex: 0)
2022-11-08 19:12:09,456 [s2-server-thread2] INFO  server.RaftServer$Division (RaftServerImpl.java:checkInconsistentAppendEntries(1572)) - s2@group-EA982605F2E5: inconsistency entries. Reply:s1<-s2#1423:FAIL-t2,INCONSISTENCY,nextIndex=1,followerCommit=0,matchIndex=-1
2022-11-08 19:12:09,457 [grpc-default-executor-0] INFO  leader.FollowerInfo (FollowerInfoImpl.java:lambda$new$0(48)) - s1@group-EA982605F2E5->s2: nextIndex: updateUnconditionally 5 -> 1
2022-11-08 19:12:09,457 [s2-server-thread2] DEBUG server.RaftServer$Division (RaftServerImpl.java:logAppendEntries(1421)) - s2@group-EA982605F2E5: receive appendEntries(s1, 2, (t:2, i:0), 4, true, commits:[s1:c4, s0:c4, s2:c0], cId:1424, entries: [(t:2, i:1), STATEMACHINELOGENTRY, 0@client-2EFB324ADA71, (t:2, i:2), METADATAENTRY(c:1), (t:2, i:3), STATEMACHINELOGENTRY, 999@client-AE8279CAF820, (t:2, i:4), METADATAENTRY(c:3)]
2022-11-08 19:12:09,457 [s2-server-thread2] INFO  server.RaftServer$Division (RaftServerImpl.java:checkInconsistentAppendEntries(1602)) - s2@group-EA982605F2E5: Failed appendEntries as previous log entry ((t:2, i:0)) is not found
2022-11-08 19:12:09,457 [s2-server-thread2] INFO  server.RaftServer$Division (RaftServerImpl.java:checkInconsistentAppendEntries(1572)) - s2@group-EA982605F2E5: inconsistency entries. Reply:s1<-s2#1424:FAIL-t2,INCONSISTENCY,nextIndex=0,followerCommit=0,matchIndex=-1
2022-11-08 19:12:09,458 [grpc-default-executor-0] INFO  leader.FollowerInfo (FollowerInfoImpl.java:lambda$new$0(48)) - s1@group-EA982605F2E5->s2: nextIndex: updateUnconditionally 5 -> 0
2022-11-08 19:12:09,458 [s2-server-thread2] DEBUG server.RaftServer$Division (RaftServerImpl.java:logAppendEntries(1421)) - s2@group-EA982605F2E5: receive appendEntries(s1, 2, null, 4, true, commits:[s1:c4, s0:c4, s2:c0], cId:1425, entries: [(t:2, i:0), CONFIGURATIONENTRY(current:id: "s0"
address: "localhost:34297"
dataStreamAddress: "localhost:43983"
clientAddress: "localhost:39609"
adminAddress: "localhost:37077"
startupRole: FOLLOWER
,id: "s1"
address: "localhost:38917"
dataStreamAddress: "localhost:45719"
clientAddress: "localhost:36975"
adminAddress: "localhost:40635"
startupRole: FOLLOWER
,id: "s2"
address: "localhost:35511"
dataStreamAddress: "localhost:38827"
clientAddress: "localhost:42865"
adminAddress: "localhost:36791"
startupRole: FOLLOWER
, old:), (t:2, i:1), STATEMACHINELOGENTRY, 0@client-2EFB324ADA71, (t:2, i:2), METADATAENTRY(c:1), (t:2, i:3), STATEMACHINELOGENTRY, 999@client-AE8279CAF820, (t:2, i:4), METADATAENTRY(c:3)]
2022-11-08 19:12:09,458 [s2-server-thread2] INFO  server.RaftServer$Division (RaftServerImpl.java:checkInconsistentAppendEntries(1592)) - s2@group-EA982605F2E5: Failed appendEntries as the first entry (index 0) already exists (snapshotIndex: -1, commitIndex: 0)
2022-11-08 19:12:09,458 [s2-server-thread2] INFO  server.RaftServer$Division (RaftServerImpl.java:checkInconsistentAppendEntries(1572)) - s2@group-EA982605F2E5: inconsistency entries. Reply:s1<-s2#1425:FAIL-t2,INCONSISTENCY,nextIndex=1,followerCommit=0,matchIndex=-1
2022-11-08 19:12:09,459 [grpc-default-executor-0] INFO  leader.FollowerInfo (FollowerInfoImpl.java:lambda$new$0(48)) - s1@group-EA982605F2E5->s2: nextIndex: updateUnconditionally 5 -> 1
2022-11-08 19:12:09,461 [s2-server-thread2] DEBUG server.RaftServer$Division (RaftServerImpl.java:logAppendEntries(1421)) - s2@group-EA982605F2E5: receive appendEntries(s1, 2, (t:2, i:0), 4, true, commits:[s1:c4, s0:c4, s2:c0], cId:1426, entries: [(t:2, i:1), STATEMACHINELOGENTRY, 0@client-2EFB324ADA71, (t:2, i:2), METADATAENTRY(c:1), (t:2, i:3), STATEMACHINELOGENTRY, 999@client-AE8279CAF820, (t:2, i:4), METADATAENTRY(c:3)]
2022-11-08 19:12:09,461 [s2-server-thread2] INFO  server.RaftServer$Division (RaftServerImpl.java:checkInconsistentAppendEntries(1602)) - s2@group-EA982605F2E5: Failed appendEntries as previous log entry ((t:2, i:0)) is not found
2022-11-08 19:12:09,461 [s2-server-thread2] INFO  server.RaftServer$Division (RaftServerImpl.java:checkInconsistentAppendEntries(1572)) - s2@group-EA982605F2E5: inconsistency entries. Reply:s1<-s2#1426:FAIL-t2,INCONSISTENCY,nextIndex=0,followerCommit=0,matchIndex=-1
2022-11-08 19:12:09,461 [grpc-default-executor-0] INFO  leader.FollowerInfo (FollowerInfoImpl.java:lambda$new$0(48)) - s1@group-EA982605F2E5->s2: nextIndex: updateUnconditionally 5 -> 0
2022-11-08 19:12:09,465 [s2-server-thread2] DEBUG server.RaftServer$Division (RaftServerImpl.java:logAppendEntries(1421)) - s2@group-EA982605F2E5: receive appendEntries(s1, 2, null, 4, true, commits:[s1:c4, s0:c4, s2:c0], cId:1427, entries: [(t:2, i:0), CONFIGURATIONENTRY(current:id: "s0"
address: "localhost:34297"
dataStreamAddress: "localhost:43983"
clientAddress: "localhost:39609"
adminAddress: "localhost:37077"
startupRole: FOLLOWER
,id: "s1"
address: "localhost:38917"
dataStreamAddress: "localhost:45719"
clientAddress: "localhost:36975"
adminAddress: "localhost:40635"
startupRole: FOLLOWER
,id: "s2"
address: "localhost:35511"
dataStreamAddress: "localhost:38827"
clientAddress: "localhost:42865"
adminAddress: "localhost:36791"
startupRole: FOLLOWER
, old:), (t:2, i:1), STATEMACHINELOGENTRY, 0@client-2EFB324ADA71, (t:2, i:2), METADATAENTRY(c:1), (t:2, i:3), STATEMACHINELOGENTRY, 999@client-AE8279CAF820, (t:2, i:4), METADATAENTRY(c:3)]
2022-11-08 19:12:09,465 [s2-server-thread2] INFO  server.RaftServer$Division (RaftServerImpl.java:checkInconsistentAppendEntries(1592)) - s2@group-EA982605F2E5: Failed appendEntries as the first entry (index 0) already exists (snapshotIndex: -1, commitIndex: 0)
2022-11-08 19:12:09,465 [s2-server-thread2] INFO  server.RaftServer$Division (RaftServerImpl.java:checkInconsistentAppendEntries(1572)) - s2@group-EA982605F2E5: inconsistency entries. Reply:s1<-s2#1427:FAIL-t2,INCONSISTENCY,nextIndex=1,followerCommit=0,matchIndex=-1
2022-11-08 19:12:09,466 [grpc-default-executor-0] INFO  leader.FollowerInfo (FollowerInfoImpl.java:lambda$new$0(48)) - s1@group-EA982605F2E5->s2: nextIndex: updateUnconditionally 5 -> 1
2022-11-08 19:12:09,466 [s2-server-thread2] DEBUG server.RaftServer$Division (RaftServerImpl.java:logAppendEntries(1421)) - s2@group-EA982605F2E5: receive appendEntries(s1, 2, (t:2, i:0), 4, true, commits:[s1:c4, s0:c4, s2:c0], cId:1428, entries: [(t:2, i:1), STATEMACHINELOGENTRY, 0@client-2EFB324ADA71, (t:2, i:2), METADATAENTRY(c:1), (t:2, i:3), STATEMACHINELOGENTRY, 999@client-AE8279CAF820, (t:2, i:4), METADATAENTRY(c:3)]
2022-11-08 19:12:09,467 [s2-server-thread2] INFO  server.RaftServer$Division (RaftServerImpl.java:checkInconsistentAppendEntries(1602)) - s2@group-EA982605F2E5: Failed appendEntries as previous log entry ((t:2, i:0)) is not found
2022-11-08 19:12:09,467 [s2-server-thread2] INFO  server.RaftServer$Division (RaftServerImpl.java:checkInconsistentAppendEntries(1572)) - s2@group-EA982605F2E5: inconsistency entries. Reply:s1<-s2#1428:FAIL-t2,INCONSISTENCY,nextIndex=0,followerCommit=0,matchIndex=-1
2022-11-08 19:12:09,467 [grpc-default-executor-0] INFO  leader.FollowerInfo (FollowerInfoImpl.java:lambda$new$0(48)) - s1@group-EA982605F2E5->s2: nextIndex: updateUnconditionally 5 -> 0
2022-11-08 19:12:09,468 [s2-server-thread2] DEBUG server.RaftServer$Division (RaftServerImpl.java:logAppendEntries(1421)) - s2@group-EA982605F2E5: receive appendEntries(s1, 2, null, 4, true, commits:[s1:c4, s0:c4, s2:c0], cId:1429, entries: [(t:2, i:0), CONFIGURATIONENTRY(current:id: "s0"
address: "localhost:34297"
dataStreamAddress: "localhost:43983"
clientAddress: "localhost:39609"
adminAddress: "localhost:37077"
startupRole: FOLLOWER
,id: "s1"
address: "localhost:38917"
dataStreamAddress: "localhost:45719"
clientAddress: "localhost:36975"
adminAddress: "localhost:40635"
startupRole: FOLLOWER
,id: "s2"
address: "localhost:35511"
dataStreamAddress: "localhost:38827"
clientAddress: "localhost:42865"
adminAddress: "localhost:36791"
startupRole: FOLLOWER
, old:), (t:2, i:1), STATEMACHINELOGENTRY, 0@client-2EFB324ADA71, (t:2, i:2), METADATAENTRY(c:1), (t:2, i:3), STATEMACHINELOGENTRY, 999@client-AE8279CAF820, (t:2, i:4), METADATAENTRY(c:3)]
2022-11-08 19:12:09,468 [s2-server-thread2] INFO  server.RaftServer$Division (RaftServerImpl.java:checkInconsistentAppendEntries(1592)) - s2@group-EA982605F2E5: Failed appendEntries as the first entry (index 0) already exists (snapshotIndex: -1, commitIndex: 0)
2022-11-08 19:12:09,468 [s2-server-thread2] INFO  server.RaftServer$Division (RaftServerImpl.java:checkInconsistentAppendEntries(1572)) - s2@group-EA982605F2E5: inconsistency entries. Reply:s1<-s2#1429:FAIL-t2,INCONSISTENCY,nextIndex=1,followerCommit=0,matchIndex=-1
2022-11-08 19:12:09,468 [grpc-default-executor-0] INFO  leader.FollowerInfo (FollowerInfoImpl.java:lambda$new$0(48)) - s1@group-EA982605F2E5->s2: nextIndex: updateUnconditionally 5 -> 1
2022-11-08 19:12:09,469 [s2-server-thread2] DEBUG server.RaftServer$Division (RaftServerImpl.java:logAppendEntries(1421)) - s2@group-EA982605F2E5: receive appendEntries(s1, 2, (t:2, i:0), 4, true, commits:[s1:c4, s0:c4, s2:c0], cId:1430, entries: [(t:2, i:1), STATEMACHINELOGENTRY, 0@client-2EFB324ADA71, (t:2, i:2), METADATAENTRY(c:1), (t:2, i:3), STATEMACHINELOGENTRY, 999@client-AE8279CAF820, (t:2, i:4), METADATAENTRY(c:3)]
2022-11-08 19:12:09,469 [s2-server-thread2] INFO  server.RaftServer$Division (RaftServerImpl.java:checkInconsistentAppendEntries(1602)) - s2@group-EA982605F2E5: Failed appendEntries as previous log entry ((t:2, i:0)) is not found
2022-11-08 19:12:09,470 [s2-server-thread2] INFO  server.RaftServer$Division (RaftServerImpl.java:checkInconsistentAppendEntries(1572)) - s2@group-EA982605F2E5: inconsistency entries. Reply:s1<-s2#1430:FAIL-t2,INCONSISTENCY,nextIndex=0,followerCommit=0,matchIndex=-1
2022-11-08 19:12:09,470 [grpc-default-executor-0] INFO  leader.FollowerInfo (FollowerInfoImpl.java:lambda$new$0(48)) - s1@group-EA982605F2E5->s2: nextIndex: updateUnconditionally 5 -> 0
2022-11-08 19:12:09,474 [s2-server-thread2] DEBUG server.RaftServer$Division (RaftServerImpl.java:logAppendEntries(1421)) - s2@group-EA982605F2E5: receive appendEntries(s1, 2, null, 4, true, commits:[s1:c4, s0:c4, s2:c0], cId:1431, entries: [(t:2, i:0), CONFIGURATIONENTRY(current:id: "s0"
address: "localhost:34297"
dataStreamAddress: "localhost:43983"
clientAddress: "localhost:39609"
adminAddress: "localhost:37077"
startupRole: FOLLOWER
,id: "s1"
address: "localhost:38917"
dataStreamAddress: "localhost:45719"
clientAddress: "localhost:36975"
adminAddress: "localhost:40635"
startupRole: FOLLOWER
,id: "s2"
address: "localhost:35511"
dataStreamAddress: "localhost:38827"
clientAddress: "localhost:42865"
adminAddress: "localhost:36791"
startupRole: FOLLOWER
, old:), (t:2, i:1), STATEMACHINELOGENTRY, 0@client-2EFB324ADA71, (t:2, i:2), METADATAENTRY(c:1), (t:2, i:3), STATEMACHINELOGENTRY, 999@client-AE8279CAF820, (t:2, i:4), METADATAENTRY(c:3)]
2022-11-08 19:12:09,475 [s2-server-thread2] INFO  server.RaftServer$Division (RaftServerImpl.java:checkInconsistentAppendEntries(1592)) - s2@group-EA982605F2E5: Failed appendEntries as the first entry (index 0) already exists (snapshotIndex: -1, commitIndex: 0)
2022-11-08 19:12:09,475 [s2-server-thread2] INFO  server.RaftServer$Division (RaftServerImpl.java:checkInconsistentAppendEntries(1572)) - s2@group-EA982605F2E5: inconsistency entries. Reply:s1<-s2#1431:FAIL-t2,INCONSISTENCY,nextIndex=1,followerCommit=0,matchIndex=-1
2022-11-08 19:12:09,475 [grpc-default-executor-0] INFO  leader.FollowerInfo (FollowerInfoImpl.java:lambda$new$0(48)) - s1@group-EA982605F2E5->s2: nextIndex: updateUnconditionally 5 -> 1
2022-11-08 19:12:09,476 [s2-server-thread2] DEBUG server.RaftServer$Division (RaftServerImpl.java:logAppendEntries(1421)) - s2@group-EA982605F2E5: receive appendEntries(s1, 2, (t:2, i:0), 4, true, commits:[s1:c4, s0:c4, s2:c0], cId:1432, entries: [(t:2, i:1), STATEMACHINELOGENTRY, 0@client-2EFB324ADA71, (t:2, i:2), METADATAENTRY(c:1), (t:2, i:3), STATEMACHINELOGENTRY, 999@client-AE8279CAF820, (t:2, i:4), METADATAENTRY(c:3)]
2022-11-08 19:12:09,476 [s2-server-thread2] INFO  server.RaftServer$Division (RaftServerImpl.java:checkInconsistentAppendEntries(1602)) - s2@group-EA982605F2E5: Failed appendEntries as previous log entry ((t:2, i:0)) is not found
2022-11-08 19:12:09,476 [s2-server-thread2] INFO  server.RaftServer$Division (RaftServerImpl.java:checkInconsistentAppendEntries(1572)) - s2@group-EA982605F2E5: inconsistency entries. Reply:s1<-s2#1432:FAIL-t2,INCONSISTENCY,nextIndex=0,followerCommit=0,matchIndex=-1
2022-11-08 19:12:09,477 [grpc-default-executor-0] INFO  leader.FollowerInfo (FollowerInfoImpl.java:lambda$new$0(48)) - s1@group-EA982605F2E5->s2: nextIndex: updateUnconditionally 5 -> 0
2022-11-08 19:12:09,478 [s2-server-thread2] DEBUG server.RaftServer$Division (RaftServerImpl.java:logAppendEntries(1421)) - s2@group-EA982605F2E5: receive appendEntries(s1, 2, null, 4, true, commits:[s1:c4, s0:c4, s2:c0], cId:1433, entries: [(t:2, i:0), CONFIGURATIONENTRY(current:id: "s0"
address: "localhost:34297"
dataStreamAddress: "localhost:43983"
clientAddress: "localhost:39609"
adminAddress: "localhost:37077"
startupRole: FOLLOWER
,id: "s1"
address: "localhost:38917"
dataStreamAddress: "localhost:45719"
clientAddress: "localhost:36975"
adminAddress: "localhost:40635"
startupRole: FOLLOWER
,id: "s2"
address: "localhost:35511"
dataStreamAddress: "localhost:38827"
clientAddress: "localhost:42865"
adminAddress: "localhost:36791"
startupRole: FOLLOWER
, old:), (t:2, i:1), STATEMACHINELOGENTRY, 0@client-2EFB324ADA71, (t:2, i:2), METADATAENTRY(c:1), (t:2, i:3), STATEMACHINELOGENTRY, 999@client-AE8279CAF820, (t:2, i:4), METADATAENTRY(c:3)]
2022-11-08 19:12:09,478 [s2-server-thread2] INFO  server.RaftServer$Division (RaftServerImpl.java:checkInconsistentAppendEntries(1592)) - s2@group-EA982605F2E5: Failed appendEntries as the first entry (index 0) already exists (snapshotIndex: -1, commitIndex: 0)
2022-11-08 19:12:09,478 [s2-server-thread2] INFO  server.RaftServer$Division (RaftServerImpl.java:checkInconsistentAppendEntries(1572)) - s2@group-EA982605F2E5: inconsistency entries. Reply:s1<-s2#1433:FAIL-t2,INCONSISTENCY,nextIndex=1,followerCommit=0,matchIndex=-1
2022-11-08 19:12:09,479 [grpc-default-executor-0] INFO  leader.FollowerInfo (FollowerInfoImpl.java:lambda$new$0(48)) - s1@group-EA982605F2E5->s2: nextIndex: updateUnconditionally 5 -> 1
2022-11-08 19:12:09,480 [s2-server-thread2] DEBUG server.RaftServer$Division (RaftServerImpl.java:logAppendEntries(1421)) - s2@group-EA982605F2E5: receive appendEntries(s1, 2, (t:2, i:0), 4, true, commits:[s1:c4, s0:c4, s2:c0], cId:1434, entries: [(t:2, i:1), STATEMACHINELOGENTRY, 0@client-2EFB324ADA71, (t:2, i:2), METADATAENTRY(c:1), (t:2, i:3), STATEMACHINELOGENTRY, 999@client-AE8279CAF820, (t:2, i:4), METADATAENTRY(c:3)]
2022-11-08 19:12:09,481 [s2-server-thread2] INFO  server.RaftServer$Division (RaftServerImpl.java:checkInconsistentAppendEntries(1602)) - s2@group-EA982605F2E5: Failed appendEntries as previous log entry ((t:2, i:0)) is not found
2022-11-08 19:12:09,481 [s2-server-thread2] INFO  server.RaftServer$Division (RaftServerImpl.java:checkInconsistentAppendEntries(1572)) - s2@group-EA982605F2E5: inconsistency entries. Reply:s1<-s2#1434:FAIL-t2,INCONSISTENCY,nextIndex=0,followerCommit=0,matchIndex=-1
2022-11-08 19:12:09,482 [grpc-default-executor-0] INFO  leader.FollowerInfo (FollowerInfoImpl.java:lambda$new$0(48)) - s1@group-EA982605F2E5->s2: nextIndex: updateUnconditionally 5 -> 0
2022-11-08 19:12:09,482 [s2-server-thread2] DEBUG server.RaftServer$Division (RaftServerImpl.java:logAppendEntries(1421)) - s2@group-EA982605F2E5: receive appendEntries(s1, 2, null, 4, true, commits:[s1:c4, s0:c4, s2:c0], cId:1435, entries: [(t:2, i:0), CONFIGURATIONENTRY(current:id: "s0"
address: "localhost:34297"
dataStreamAddress: "localhost:43983"
clientAddress: "localhost:39609"
adminAddress: "localhost:37077"
startupRole: FOLLOWER
,id: "s1"
address: "localhost:38917"
dataStreamAddress: "localhost:45719"
clientAddress: "localhost:36975"
adminAddress: "localhost:40635"
startupRole: FOLLOWER
,id: "s2"
address: "localhost:35511"
dataStreamAddress: "localhost:38827"
clientAddress: "localhost:42865"
adminAddress: "localhost:36791"
startupRole: FOLLOWER
, old:), (t:2, i:1), STATEMACHINELOGENTRY, 0@client-2EFB324ADA71, (t:2, i:2), METADATAENTRY(c:1), (t:2, i:3), STATEMACHINELOGENTRY, 999@client-AE8279CAF820, (t:2, i:4), METADATAENTRY(c:3)]
2022-11-08 19:12:09,483 [s2-server-thread2] INFO  server.RaftServer$Division (RaftServerImpl.java:checkInconsistentAppendEntries(1592)) - s2@group-EA982605F2E5: Failed appendEntries as the first entry (index 0) already exists (snapshotIndex: -1, commitIndex: 0)
2022-11-08 19:12:09,483 [s2-server-thread2] INFO  server.RaftServer$Division (RaftServerImpl.java:checkInconsistentAppendEntries(1572)) - s2@group-EA982605F2E5: inconsistency entries. Reply:s1<-s2#1435:FAIL-t2,INCONSISTENCY,nextIndex=1,followerCommit=0,matchIndex=-1
2022-11-08 19:12:09,483 [grpc-default-executor-0] INFO  leader.FollowerInfo (FollowerInfoImpl.java:lambda$new$0(48)) - s1@group-EA982605F2E5->s2: nextIndex: updateUnconditionally 5 -> 1
2022-11-08 19:12:09,484 [s2-server-thread2] DEBUG server.RaftServer$Division (RaftServerImpl.java:logAppendEntries(1421)) - s2@group-EA982605F2E5: receive appendEntries(s1, 2, (t:2, i:0), 4, true, commits:[s1:c4, s0:c4, s2:c0], cId:1436, entries: [(t:2, i:1), STATEMACHINELOGENTRY, 0@client-2EFB324ADA71, (t:2, i:2), METADATAENTRY(c:1), (t:2, i:3), STATEMACHINELOGENTRY, 999@client-AE8279CAF820, (t:2, i:4), METADATAENTRY(c:3)]
2022-11-08 19:12:09,484 [s2-server-thread2] INFO  server.RaftServer$Division (RaftServerImpl.java:checkInconsistentAppendEntries(1602)) - s2@group-EA982605F2E5: Failed appendEntries as previous log entry ((t:2, i:0)) is not found
2022-11-08 19:12:09,484 [s2-server-thread2] INFO  server.RaftServer$Division (RaftServerImpl.java:checkInconsistentAppendEntries(1572)) - s2@group-EA982605F2E5: inconsistency entries. Reply:s1<-s2#1436:FAIL-t2,INCONSISTENCY,nextIndex=0,followerCommit=0,matchIndex=-1
2022-11-08 19:12:09,485 [grpc-default-executor-0] INFO  leader.FollowerInfo (FollowerInfoImpl.java:lambda$new$0(48)) - s1@group-EA982605F2E5->s2: nextIndex: updateUnconditionally 5 -> 0
2022-11-08 19:12:09,486 [s2-server-thread2] DEBUG server.RaftServer$Division (RaftServerImpl.java:logAppendEntries(1421)) - s2@group-EA982605F2E5: receive appendEntries(s1, 2, null, 4, true, commits:[s1:c4, s0:c4, s2:c0], cId:1437, entries: [(t:2, i:0), CONFIGURATIONENTRY(current:id: "s0"
address: "localhost:34297"
dataStreamAddress: "localhost:43983"
clientAddress: "localhost:39609"
adminAddress: "localhost:37077"
startupRole: FOLLOWER
,id: "s1"
address: "localhost:38917"
dataStreamAddress: "localhost:45719"
clientAddress: "localhost:36975"
adminAddress: "localhost:40635"
startupRole: FOLLOWER
,id: "s2"
address: "localhost:35511"
dataStreamAddress: "localhost:38827"
clientAddress: "localhost:42865"
adminAddress: "localhost:36791"
startupRole: FOLLOWER
, old:), (t:2, i:1), STATEMACHINELOGENTRY, 0@client-2EFB324ADA71, (t:2, i:2), METADATAENTRY(c:1), (t:2, i:3), STATEMACHINELOGENTRY, 999@client-AE8279CAF820, (t:2, i:4), METADATAENTRY(c:3)]
2022-11-08 19:12:09,486 [s2-server-thread2] INFO  server.RaftServer$Division (RaftServerImpl.java:checkInconsistentAppendEntries(1592)) - s2@group-EA982605F2E5: Failed appendEntries as the first entry (index 0) already exists (snapshotIndex: -1, commitIndex: 0)
2022-11-08 19:12:09,486 [s2-server-thread2] INFO  server.RaftServer$Division (RaftServerImpl.java:checkInconsistentAppendEntries(1572)) - s2@group-EA982605F2E5: inconsistency entries. Reply:s1<-s2#1437:FAIL-t2,INCONSISTENCY,nextIndex=1,followerCommit=0,matchIndex=-1
2022-11-08 19:12:09,486 [grpc-default-executor-0] INFO  leader.FollowerInfo (FollowerInfoImpl.java:lambda$new$0(48)) - s1@group-EA982605F2E5->s2: nextIndex: updateUnconditionally 5 -> 1
2022-11-08 19:12:09,487 [s2-server-thread2] DEBUG server.RaftServer$Division (RaftServerImpl.java:logAppendEntries(1421)) - s2@group-EA982605F2E5: receive appendEntries(s1, 2, (t:2, i:0), 4, true, commits:[s1:c4, s0:c4, s2:c0], cId:1438, entries: [(t:2, i:1), STATEMACHINELOGENTRY, 0@client-2EFB324ADA71, (t:2, i:2), METADATAENTRY(c:1), (t:2, i:3), STATEMACHINELOGENTRY, 999@client-AE8279CAF820, (t:2, i:4), METADATAENTRY(c:3)]
2022-11-08 19:12:09,487 [s2-server-thread2] INFO  server.RaftServer$Division (RaftServerImpl.java:checkInconsistentAppendEntries(1602)) - s2@group-EA982605F2E5: Failed appendEntries as previous log entry ((t:2, i:0)) is not found
2022-11-08 19:12:09,487 [s2-server-thread2] INFO  server.RaftServer$Division (RaftServerImpl.java:checkInconsistentAppendEntries(1572)) - s2@group-EA982605F2E5: inconsistency entries. Reply:s1<-s2#1438:FAIL-t2,INCONSISTENCY,nextIndex=0,followerCommit=0,matchIndex=-1
2022-11-08 19:12:09,488 [grpc-default-executor-0] INFO  leader.FollowerInfo (FollowerInfoImpl.java:lambda$new$0(48)) - s1@group-EA982605F2E5->s2: nextIndex: updateUnconditionally 5 -> 0
2022-11-08 19:12:09,489 [s2-server-thread2] DEBUG server.RaftServer$Division (RaftServerImpl.java:logAppendEntries(1421)) - s2@group-EA982605F2E5: receive appendEntries(s1, 2, null, 4, true, commits:[s1:c4, s0:c4, s2:c0], cId:1439, entries: [(t:2, i:0), CONFIGURATIONENTRY(current:id: "s0"
address: "localhost:34297"
dataStreamAddress: "localhost:43983"
clientAddress: "localhost:39609"
adminAddress: "localhost:37077"
startupRole: FOLLOWER
,id: "s1"
address: "localhost:38917"
dataStreamAddress: "localhost:45719"
clientAddress: "localhost:36975"
adminAddress: "localhost:40635"
startupRole: FOLLOWER
,id: "s2"
address: "localhost:35511"
dataStreamAddress: "localhost:38827"
clientAddress: "localhost:42865"
adminAddress: "localhost:36791"
startupRole: FOLLOWER
, old:), (t:2, i:1), STATEMACHINELOGENTRY, 0@client-2EFB324ADA71, (t:2, i:2), METADATAENTRY(c:1), (t:2, i:3), STATEMACHINELOGENTRY, 999@client-AE8279CAF820, (t:2, i:4), METADATAENTRY(c:3)]
2022-11-08 19:12:09,489 [s2-server-thread2] INFO  server.RaftServer$Division (RaftServerImpl.java:checkInconsistentAppendEntries(1592)) - s2@group-EA982605F2E5: Failed appendEntries as the first entry (index 0) already exists (snapshotIndex: -1, commitIndex: 0)
2022-11-08 19:12:09,489 [s2-server-thread2] INFO  server.RaftServer$Division (RaftServerImpl.java:checkInconsistentAppendEntries(1572)) - s2@group-EA982605F2E5: inconsistency entries. Reply:s1<-s2#1439:FAIL-t2,INCONSISTENCY,nextIndex=1,followerCommit=0,matchIndex=-1
2022-11-08 19:12:09,489 [grpc-default-executor-0] INFO  leader.FollowerInfo (FollowerInfoImpl.java:lambda$new$0(48)) - s1@group-EA982605F2E5->s2: nextIndex: updateUnconditionally 5 -> 1
2022-11-08 19:12:09,490 [s2-server-thread2] DEBUG server.RaftServer$Division (RaftServerImpl.java:logAppendEntries(1421)) - s2@group-EA982605F2E5: receive appendEntries(s1, 2, (t:2, i:0), 4, true, commits:[s1:c4, s0:c4, s2:c0], cId:1440, entries: [(t:2, i:1), STATEMACHINELOGENTRY, 0@client-2EFB324ADA71, (t:2, i:2), METADATAENTRY(c:1), (t:2, i:3), STATEMACHINELOGENTRY, 999@client-AE8279CAF820, (t:2, i:4), METADATAENTRY(c:3)]
2022-11-08 19:12:09,490 [s2-server-thread2] INFO  server.RaftServer$Division (RaftServerImpl.java:checkInconsistentAppendEntries(1602)) - s2@group-EA982605F2E5: Failed appendEntries as previous log entry ((t:2, i:0)) is not found
2022-11-08 19:12:09,490 [s2-server-thread2] INFO  server.RaftServer$Division (RaftServerImpl.java:checkInconsistentAppendEntries(1572)) - s2@group-EA982605F2E5: inconsistency entries. Reply:s1<-s2#1440:FAIL-t2,INCONSISTENCY,nextIndex=0,followerCommit=0,matchIndex=-1
2022-11-08 19:12:09,491 [grpc-default-executor-0] INFO  leader.FollowerInfo (FollowerInfoImpl.java:lambda$new$0(48)) - s1@group-EA982605F2E5->s2: nextIndex: updateUnconditionally 5 -> 0
2022-11-08 19:12:09,492 [s2-server-thread2] DEBUG server.RaftServer$Division (RaftServerImpl.java:logAppendEntries(1421)) - s2@group-EA982605F2E5: receive appendEntries(s1, 2, null, 4, true, commits:[s1:c4, s0:c4, s2:c0], cId:1441, entries: [(t:2, i:0), CONFIGURATIONENTRY(current:id: "s0"
address: "localhost:34297"
dataStreamAddress: "localhost:43983"
clientAddress: "localhost:39609"
adminAddress: "localhost:37077"
startupRole: FOLLOWER
,id: "s1"
address: "localhost:38917"
dataStreamAddress: "localhost:45719"
clientAddress: "localhost:36975"
adminAddress: "localhost:40635"
startupRole: FOLLOWER
,id: "s2"
address: "localhost:35511"
dataStreamAddress: "localhost:38827"
clientAddress: "localhost:42865"
adminAddress: "localhost:36791"
startupRole: FOLLOWER
, old:), (t:2, i:1), STATEMACHINELOGENTRY, 0@client-2EFB324ADA71, (t:2, i:2), METADATAENTRY(c:1), (t:2, i:3), STATEMACHINELOGENTRY, 999@client-AE8279CAF820, (t:2, i:4), METADATAENTRY(c:3)]
2022-11-08 19:12:09,492 [s2-server-thread2] INFO  server.RaftServer$Division (RaftServerImpl.java:checkInconsistentAppendEntries(1592)) - s2@group-EA982605F2E5: Failed appendEntries as the first entry (index 0) already exists (snapshotIndex: -1, commitIndex: 0)
2022-11-08 19:12:09,492 [s2-server-thread2] INFO  server.RaftServer$Division (RaftServerImpl.java:checkInconsistentAppendEntries(1572)) - s2@group-EA982605F2E5: inconsistency entries. Reply:s1<-s2#1441:FAIL-t2,INCONSISTENCY,nextIndex=1,followerCommit=0,matchIndex=-1
2022-11-08 19:12:09,493 [grpc-default-executor-0] INFO  leader.FollowerInfo (FollowerInfoImpl.java:lambda$new$0(48)) - s1@group-EA982605F2E5->s2: nextIndex: updateUnconditionally 5 -> 1
2022-11-08 19:12:09,494 [s2-server-thread2] DEBUG server.RaftServer$Division (RaftServerImpl.java:logAppendEntries(1421)) - s2@group-EA982605F2E5: receive appendEntries(s1, 2, (t:2, i:0), 4, true, commits:[s1:c4, s0:c4, s2:c0], cId:1442, entries: [(t:2, i:1), STATEMACHINELOGENTRY, 0@client-2EFB324ADA71, (t:2, i:2), METADATAENTRY(c:1), (t:2, i:3), STATEMACHINELOGENTRY, 999@client-AE8279CAF820, (t:2, i:4), METADATAENTRY(c:3)]
2022-11-08 19:12:09,495 [s2-server-thread2] INFO  server.RaftServer$Division (RaftServerImpl.java:checkInconsistentAppendEntries(1602)) - s2@group-EA982605F2E5: Failed appendEntries as previous log entry ((t:2, i:0)) is not found
2022-11-08 19:12:09,495 [s2-server-thread2] INFO  server.RaftServer$Division (RaftServerImpl.java:checkInconsistentAppendEntries(1572)) - s2@group-EA982605F2E5: inconsistency entries. Reply:s1<-s2#1442:FAIL-t2,INCONSISTENCY,nextIndex=0,followerCommit=0,matchIndex=-1
2022-11-08 19:12:09,495 [grpc-default-executor-0] INFO  leader.FollowerInfo (FollowerInfoImpl.java:lambda$new$0(48)) - s1@group-EA982605F2E5->s2: nextIndex: updateUnconditionally 5 -> 0
2022-11-08 19:12:09,496 [s2-server-thread2] DEBUG server.RaftServer$Division (RaftServerImpl.java:logAppendEntries(1421)) - s2@group-EA982605F2E5: receive appendEntries(s1, 2, null, 4, true, commits:[s1:c4, s0:c4, s2:c0], cId:1443, entries: [(t:2, i:0), CONFIGURATIONENTRY(current:id: "s0"
address: "localhost:34297"
dataStreamAddress: "localhost:43983"
clientAddress: "localhost:39609"
adminAddress: "localhost:37077"
startupRole: FOLLOWER
,id: "s1"
address: "localhost:38917"
dataStreamAddress: "localhost:45719"
clientAddress: "localhost:36975"
adminAddress: "localhost:40635"
startupRole: FOLLOWER
,id: "s2"
address: "localhost:35511"
dataStreamAddress: "localhost:38827"
clientAddress: "localhost:42865"
adminAddress: "localhost:36791"
startupRole: FOLLOWER
, old:), (t:2, i:1), STATEMACHINELOGENTRY, 0@client-2EFB324ADA71, (t:2, i:2), METADATAENTRY(c:1), (t:2, i:3), STATEMACHINELOGENTRY, 999@client-AE8279CAF820, (t:2, i:4), METADATAENTRY(c:3)]
2022-11-08 19:12:09,496 [s2-server-thread2] INFO  server.RaftServer$Division (RaftServerImpl.java:checkInconsistentAppendEntries(1592)) - s2@group-EA982605F2E5: Failed appendEntries as the first entry (index 0) already exists (snapshotIndex: -1, commitIndex: 0)
2022-11-08 19:12:09,496 [s2-server-thread2] INFO  server.RaftServer$Division (RaftServerImpl.java:checkInconsistentAppendEntries(1572)) - s2@group-EA982605F2E5: inconsistency entries. Reply:s1<-s2#1443:FAIL-t2,INCONSISTENCY,nextIndex=1,followerCommit=0,matchIndex=-1
2022-11-08 19:12:09,497 [grpc-default-executor-0] INFO  leader.FollowerInfo (FollowerInfoImpl.java:lambda$new$0(48)) - s1@group-EA982605F2E5->s2: nextIndex: updateUnconditionally 5 -> 1
2022-11-08 19:12:09,497 [s2-server-thread2] DEBUG server.RaftServer$Division (RaftServerImpl.java:logAppendEntries(1421)) - s2@group-EA982605F2E5: receive appendEntries(s1, 2, (t:2, i:0), 4, true, commits:[s1:c4, s0:c4, s2:c0], cId:1444, entries: [(t:2, i:1), STATEMACHINELOGENTRY, 0@client-2EFB324ADA71, (t:2, i:2), METADATAENTRY(c:1), (t:2, i:3), STATEMACHINELOGENTRY, 999@client-AE8279CAF820, (t:2, i:4), METADATAENTRY(c:3)]
2022-11-08 19:12:09,498 [s2-server-thread2] INFO  server.RaftServer$Division (RaftServerImpl.java:checkInconsistentAppendEntries(1602)) - s2@group-EA982605F2E5: Failed appendEntries as previous log entry ((t:2, i:0)) is not found
2022-11-08 19:12:09,498 [s2-server-thread2] INFO  server.RaftServer$Division (RaftServerImpl.java:checkInconsistentAppendEntries(1572)) - s2@group-EA982605F2E5: inconsistency entries. Reply:s1<-s2#1444:FAIL-t2,INCONSISTENCY,nextIndex=0,followerCommit=0,matchIndex=-1
2022-11-08 19:12:09,498 [grpc-default-executor-0] INFO  leader.FollowerInfo (FollowerInfoImpl.java:lambda$new$0(48)) - s1@group-EA982605F2E5->s2: nextIndex: updateUnconditionally 5 -> 0
2022-11-08 19:12:09,499 [s2-server-thread2] DEBUG server.RaftServer$Division (RaftServerImpl.java:logAppendEntries(1421)) - s2@group-EA982605F2E5: receive appendEntries(s1, 2, null, 4, true, commits:[s1:c4, s0:c4, s2:c0], cId:1445, entries: [(t:2, i:0), CONFIGURATIONENTRY(current:id: "s0"
address: "localhost:34297"
dataStreamAddress: "localhost:43983"
clientAddress: "localhost:39609"
adminAddress: "localhost:37077"
startupRole: FOLLOWER
,id: "s1"
address: "localhost:38917"
dataStreamAddress: "localhost:45719"
clientAddress: "localhost:36975"
adminAddress: "localhost:40635"
startupRole: FOLLOWER
,id: "s2"
address: "localhost:35511"
dataStreamAddress: "localhost:38827"
clientAddress: "localhost:42865"
adminAddress: "localhost:36791"
startupRole: FOLLOWER
, old:), (t:2, i:1), STATEMACHINELOGENTRY, 0@client-2EFB324ADA71, (t:2, i:2), METADATAENTRY(c:1), (t:2, i:3), STATEMACHINELOGENTRY, 999@client-AE8279CAF820, (t:2, i:4), METADATAENTRY(c:3)]
2022-11-08 19:12:09,499 [s2-server-thread2] INFO  server.RaftServer$Division (RaftServerImpl.java:checkInconsistentAppendEntries(1592)) - s2@group-EA982605F2E5: Failed appendEntries as the first entry (index 0) already exists (snapshotIndex: -1, commitIndex: 0)
2022-11-08 19:12:09,499 [s2-server-thread2] INFO  server.RaftServer$Division (RaftServerImpl.java:checkInconsistentAppendEntries(1572)) - s2@group-EA982605F2E5: inconsistency entries. Reply:s1<-s2#1445:FAIL-t2,INCONSISTENCY,nextIndex=1,followerCommit=0,matchIndex=-1
2022-11-08 19:12:09,499 [grpc-default-executor-0] INFO  leader.FollowerInfo (FollowerInfoImpl.java:lambda$new$0(48)) - s1@group-EA982605F2E5->s2: nextIndex: updateUnconditionally 5 -> 1
2022-11-08 19:12:09,500 [s2-server-thread2] DEBUG server.RaftServer$Division (RaftServerImpl.java:logAppendEntries(1421)) - s2@group-EA982605F2E5: receive appendEntries(s1, 2, (t:2, i:0), 4, true, commits:[s1:c4, s0:c4, s2:c0], cId:1446, entries: [(t:2, i:1), STATEMACHINELOGENTRY, 0@client-2EFB324ADA71, (t:2, i:2), METADATAENTRY(c:1), (t:2, i:3), STATEMACHINELOGENTRY, 999@client-AE8279CAF820, (t:2, i:4), METADATAENTRY(c:3)]
2022-11-08 19:12:09,500 [s2-server-thread2] INFO  server.RaftServer$Division (RaftServerImpl.java:checkInconsistentAppendEntries(1602)) - s2@group-EA982605F2E5: Failed appendEntries as previous log entry ((t:2, i:0)) is not found
2022-11-08 19:12:09,500 [s2-server-thread2] INFO  server.RaftServer$Division (RaftServerImpl.java:checkInconsistentAppendEntries(1572)) - s2@group-EA982605F2E5: inconsistency entries. Reply:s1<-s2#1446:FAIL-t2,INCONSISTENCY,nextIndex=0,followerCommit=0,matchIndex=-1
2022-11-08 19:12:09,501 [grpc-default-executor-0] INFO  leader.FollowerInfo (FollowerInfoImpl.java:lambda$new$0(48)) - s1@group-EA982605F2E5->s2: nextIndex: updateUnconditionally 5 -> 0
2022-11-08 19:12:09,502 [s2-server-thread2] DEBUG server.RaftServer$Division (RaftServerImpl.java:logAppendEntries(1421)) - s2@group-EA982605F2E5: receive appendEntries(s1, 2, null, 4, true, commits:[s1:c4, s0:c4, s2:c0], cId:1447, entries: [(t:2, i:0), CONFIGURATIONENTRY(current:id: "s0"
address: "localhost:34297"
dataStreamAddress: "localhost:43983"
clientAddress: "localhost:39609"
adminAddress: "localhost:37077"
startupRole: FOLLOWER
,id: "s1"
address: "localhost:38917"
dataStreamAddress: "localhost:45719"
clientAddress: "localhost:36975"
adminAddress: "localhost:40635"
startupRole: FOLLOWER
,id: "s2"
address: "localhost:35511"
dataStreamAddress: "localhost:38827"
clientAddress: "localhost:42865"
adminAddress: "localhost:36791"
startupRole: FOLLOWER
, old:), (t:2, i:1), STATEMACHINELOGENTRY, 0@client-2EFB324ADA71, (t:2, i:2), METADATAENTRY(c:1), (t:2, i:3), STATEMACHINELOGENTRY, 999@client-AE8279CAF820, (t:2, i:4), METADATAENTRY(c:3)]
2022-11-08 19:12:09,502 [s2-server-thread2] INFO  server.RaftServer$Division (RaftServerImpl.java:checkInconsistentAppendEntries(1592)) - s2@group-EA982605F2E5: Failed appendEntries as the first entry (index 0) already exists (snapshotIndex: -1, commitIndex: 0)
2022-11-08 19:12:09,502 [s2-server-thread2] INFO  server.RaftServer$Division (RaftServerImpl.java:checkInconsistentAppendEntries(1572)) - s2@group-EA982605F2E5: inconsistency entries. Reply:s1<-s2#1447:FAIL-t2,INCONSISTENCY,nextIndex=1,followerCommit=0,matchIndex=-1
2022-11-08 19:12:09,502 [grpc-default-executor-0] INFO  leader.FollowerInfo (FollowerInfoImpl.java:lambda$new$0(48)) - s1@group-EA982605F2E5->s2: nextIndex: updateUnconditionally 5 -> 1
2022-11-08 19:12:09,503 [s2-server-thread2] DEBUG server.RaftServer$Division (RaftServerImpl.java:logAppendEntries(1421)) - s2@group-EA982605F2E5: receive appendEntries(s1, 2, (t:2, i:0), 4, true, commits:[s1:c4, s0:c4, s2:c0], cId:1448, entries: [(t:2, i:1), STATEMACHINELOGENTRY, 0@client-2EFB324ADA71, (t:2, i:2), METADATAENTRY(c:1), (t:2, i:3), STATEMACHINELOGENTRY, 999@client-AE8279CAF820, (t:2, i:4), METADATAENTRY(c:3)]
2022-11-08 19:12:09,503 [s2-server-thread2] INFO  server.RaftServer$Division (RaftServerImpl.java:checkInconsistentAppendEntries(1602)) - s2@group-EA982605F2E5: Failed appendEntries as previous log entry ((t:2, i:0)) is not found
2022-11-08 19:12:09,503 [s2-server-thread2] INFO  server.RaftServer$Division (RaftServerImpl.java:checkInconsistentAppendEntries(1572)) - s2@group-EA982605F2E5: inconsistency entries. Reply:s1<-s2#1448:FAIL-t2,INCONSISTENCY,nextIndex=0,followerCommit=0,matchIndex=-1
2022-11-08 19:12:09,504 [grpc-default-executor-0] INFO  leader.FollowerInfo (FollowerInfoImpl.java:lambda$new$0(48)) - s1@group-EA982605F2E5->s2: nextIndex: updateUnconditionally 5 -> 0
2022-11-08 19:12:09,504 [s2-server-thread2] DEBUG server.RaftServer$Division (RaftServerImpl.java:logAppendEntries(1421)) - s2@group-EA982605F2E5: receive appendEntries(s1, 2, null, 4, true, commits:[s1:c4, s0:c4, s2:c0], cId:1449, entries: [(t:2, i:0), CONFIGURATIONENTRY(current:id: "s0"
address: "localhost:34297"
dataStreamAddress: "localhost:43983"
clientAddress: "localhost:39609"
adminAddress: "localhost:37077"
startupRole: FOLLOWER
,id: "s1"
address: "localhost:38917"
dataStreamAddress: "localhost:45719"
clientAddress: "localhost:36975"
adminAddress: "localhost:40635"
startupRole: FOLLOWER
,id: "s2"
address: "localhost:35511"
dataStreamAddress: "localhost:38827"
clientAddress: "localhost:42865"
adminAddress: "localhost:36791"
startupRole: FOLLOWER
, old:), (t:2, i:1), STATEMACHINELOGENTRY, 0@client-2EFB324ADA71, (t:2, i:2), METADATAENTRY(c:1), (t:2, i:3), STATEMACHINELOGENTRY, 999@client-AE8279CAF820, (t:2, i:4), METADATAENTRY(c:3)]
2022-11-08 19:12:09,505 [s2-server-thread2] INFO  server.RaftServer$Division (RaftServerImpl.java:checkInconsistentAppendEntries(1592)) - s2@group-EA982605F2E5: Failed appendEntries as the first entry (index 0) already exists (snapshotIndex: -1, commitIndex: 0)
2022-11-08 19:12:09,505 [s2-server-thread2] INFO  server.RaftServer$Division (RaftServerImpl.java:checkInconsistentAppendEntries(1572)) - s2@group-EA982605F2E5: inconsistency entries. Reply:s1<-s2#1449:FAIL-t2,INCONSISTENCY,nextIndex=1,followerCommit=0,matchIndex=-1
2022-11-08 19:12:09,505 [grpc-default-executor-0] INFO  leader.FollowerInfo (FollowerInfoImpl.java:lambda$new$0(48)) - s1@group-EA982605F2E5->s2: nextIndex: updateUnconditionally 5 -> 1
2022-11-08 19:12:09,507 [s2-server-thread2] DEBUG server.RaftServer$Division (RaftServerImpl.java:logAppendEntries(1421)) - s2@group-EA982605F2E5: receive appendEntries(s1, 2, (t:2, i:0), 4, true, commits:[s1:c4, s0:c4, s2:c0], cId:1450, entries: [(t:2, i:1), STATEMACHINELOGENTRY, 0@client-2EFB324ADA71, (t:2, i:2), METADATAENTRY(c:1), (t:2, i:3), STATEMACHINELOGENTRY, 999@client-AE8279CAF820, (t:2, i:4), METADATAENTRY(c:3)]
2022-11-08 19:12:09,507 [s2-server-thread2] INFO  server.RaftServer$Division (RaftServerImpl.java:checkInconsistentAppendEntries(1602)) - s2@group-EA982605F2E5: Failed appendEntries as previous log entry ((t:2, i:0)) is not found
2022-11-08 19:12:09,507 [s2-server-thread2] INFO  server.RaftServer$Division (RaftServerImpl.java:checkInconsistentAppendEntries(1572)) - s2@group-EA982605F2E5: inconsistency entries. Reply:s1<-s2#1450:FAIL-t2,INCONSISTENCY,nextIndex=0,followerCommit=0,matchIndex=-1
2022-11-08 19:12:09,507 [grpc-default-executor-0] INFO  leader.FollowerInfo (FollowerInfoImpl.java:lambda$new$0(48)) - s1@group-EA982605F2E5->s2: nextIndex: updateUnconditionally 5 -> 0
2022-11-08 19:12:09,508 [s2-server-thread2] DEBUG server.RaftServer$Division (RaftServerImpl.java:logAppendEntries(1421)) - s2@group-EA982605F2E5: receive appendEntries(s1, 2, null, 4, true, commits:[s1:c4, s0:c4, s2:c0], cId:1451, entries: [(t:2, i:0), CONFIGURATIONENTRY(current:id: "s0"
address: "localhost:34297"
dataStreamAddress: "localhost:43983"
clientAddress: "localhost:39609"
adminAddress: "localhost:37077"
startupRole: FOLLOWER
,id: "s1"
address: "localhost:38917"
dataStreamAddress: "localhost:45719"
clientAddress: "localhost:36975"
adminAddress: "localhost:40635"
startupRole: FOLLOWER
,id: "s2"
address: "localhost:35511"
dataStreamAddress: "localhost:38827"
clientAddress: "localhost:42865"
adminAddress: "localhost:36791"
startupRole: FOLLOWER
, old:), (t:2, i:1), STATEMACHINELOGENTRY, 0@client-2EFB324ADA71, (t:2, i:2), METADATAENTRY(c:1), (t:2, i:3), STATEMACHINELOGENTRY, 999@client-AE8279CAF820, (t:2, i:4), METADATAENTRY(c:3)]
2022-11-08 19:12:09,508 [s2-server-thread2] INFO  server.RaftServer$Division (RaftServerImpl.java:checkInconsistentAppendEntries(1592)) - s2@group-EA982605F2E5: Failed appendEntries as the first entry (index 0) already exists (snapshotIndex: -1, commitIndex: 0)
2022-11-08 19:12:09,508 [s2-server-thread2] INFO  server.RaftServer$Division (RaftServerImpl.java:checkInconsistentAppendEntries(1572)) - s2@group-EA982605F2E5: inconsistency entries. Reply:s1<-s2#1451:FAIL-t2,INCONSISTENCY,nextIndex=1,followerCommit=0,matchIndex=-1
2022-11-08 19:12:09,509 [grpc-default-executor-0] INFO  leader.FollowerInfo (FollowerInfoImpl.java:lambda$new$0(48)) - s1@group-EA982605F2E5->s2: nextIndex: updateUnconditionally 5 -> 1
2022-11-08 19:12:09,510 [s2-server-thread2] DEBUG server.RaftServer$Division (RaftServerImpl.java:logAppendEntries(1421)) - s2@group-EA982605F2E5: receive appendEntries(s1, 2, (t:2, i:0), 4, true, commits:[s1:c4, s0:c4, s2:c0], cId:1452, entries: [(t:2, i:1), STATEMACHINELOGENTRY, 0@client-2EFB324ADA71, (t:2, i:2), METADATAENTRY(c:1), (t:2, i:3), STATEMACHINELOGENTRY, 999@client-AE8279CAF820, (t:2, i:4), METADATAENTRY(c:3)]
2022-11-08 19:12:09,511 [s2-server-thread2] INFO  server.RaftServer$Division (RaftServerImpl.java:checkInconsistentAppendEntries(1602)) - s2@group-EA982605F2E5: Failed appendEntries as previous log entry ((t:2, i:0)) is not found
2022-11-08 19:12:09,511 [s2-server-thread2] INFO  server.RaftServer$Division (RaftServerImpl.java:checkInconsistentAppendEntries(1572)) - s2@group-EA982605F2E5: inconsistency entries. Reply:s1<-s2#1452:FAIL-t2,INCONSISTENCY,nextIndex=0,followerCommit=0,matchIndex=-1
2022-11-08 19:12:09,511 [grpc-default-executor-0] INFO  leader.FollowerInfo (FollowerInfoImpl.java:lambda$new$0(48)) - s1@group-EA982605F2E5->s2: nextIndex: updateUnconditionally 5 -> 0
2022-11-08 19:12:09,512 [s2-server-thread2] DEBUG server.RaftServer$Division (RaftServerImpl.java:logAppendEntries(1421)) - s2@group-EA982605F2E5: receive appendEntries(s1, 2, null, 4, true, commits:[s1:c4, s0:c4, s2:c0], cId:1453, entries: [(t:2, i:0), CONFIGURATIONENTRY(current:id: "s0"
address: "localhost:34297"
dataStreamAddress: "localhost:43983"
clientAddress: "localhost:39609"
adminAddress: "localhost:37077"
startupRole: FOLLOWER
,id: "s1"
address: "localhost:38917"
dataStreamAddress: "localhost:45719"
clientAddress: "localhost:36975"
adminAddress: "localhost:40635"
startupRole: FOLLOWER
,id: "s2"
address: "localhost:35511"
dataStreamAddress: "localhost:38827"
clientAddress: "localhost:42865"
adminAddress: "localhost:36791"
startupRole: FOLLOWER
, old:), (t:2, i:1), STATEMACHINELOGENTRY, 0@client-2EFB324ADA71, (t:2, i:2), METADATAENTRY(c:1), (t:2, i:3), STATEMACHINELOGENTRY, 999@client-AE8279CAF820, (t:2, i:4), METADATAENTRY(c:3)]
2022-11-08 19:12:09,512 [s2-server-thread2] INFO  server.RaftServer$Division (RaftServerImpl.java:checkInconsistentAppendEntries(1592)) - s2@group-EA982605F2E5: Failed appendEntries as the first entry (index 0) already exists (snapshotIndex: -1, commitIndex: 0)
2022-11-08 19:12:09,513 [s2-server-thread2] INFO  server.RaftServer$Division (RaftServerImpl.java:checkInconsistentAppendEntries(1572)) - s2@group-EA982605F2E5: inconsistency entries. Reply:s1<-s2#1453:FAIL-t2,INCONSISTENCY,nextIndex=1,followerCommit=0,matchIndex=-1
2022-11-08 19:12:09,513 [grpc-default-executor-0] INFO  leader.FollowerInfo (FollowerInfoImpl.java:lambda$new$0(48)) - s1@group-EA982605F2E5->s2: nextIndex: updateUnconditionally 5 -> 1
2022-11-08 19:12:09,513 [s2-server-thread2] DEBUG server.RaftServer$Division (RaftServerImpl.java:logAppendEntries(1421)) - s2@group-EA982605F2E5: receive appendEntries(s1, 2, (t:2, i:0), 4, true, commits:[s1:c4, s0:c4, s2:c0], cId:1454, entries: [(t:2, i:1), STATEMACHINELOGENTRY, 0@client-2EFB324ADA71, (t:2, i:2), METADATAENTRY(c:1), (t:2, i:3), STATEMACHINELOGENTRY, 999@client-AE8279CAF820, (t:2, i:4), METADATAENTRY(c:3)]
2022-11-08 19:12:09,514 [s2-server-thread2] INFO  server.RaftServer$Division (RaftServerImpl.java:checkInconsistentAppendEntries(1602)) - s2@group-EA982605F2E5: Failed appendEntries as previous log entry ((t:2, i:0)) is not found
2022-11-08 19:12:09,514 [s2-server-thread2] INFO  server.RaftServer$Division (RaftServerImpl.java:checkInconsistentAppendEntries(1572)) - s2@group-EA982605F2E5: inconsistency entries. Reply:s1<-s2#1454:FAIL-t2,INCONSISTENCY,nextIndex=0,followerCommit=0,matchIndex=-1
2022-11-08 19:12:09,514 [grpc-default-executor-0] INFO  leader.FollowerInfo (FollowerInfoImpl.java:lambda$new$0(48)) - s1@group-EA982605F2E5->s2: nextIndex: updateUnconditionally 5 -> 0
2022-11-08 19:12:09,515 [s2-server-thread2] DEBUG server.RaftServer$Division (RaftServerImpl.java:logAppendEntries(1421)) - s2@group-EA982605F2E5: receive appendEntries(s1, 2, null, 4, true, commits:[s1:c4, s0:c4, s2:c0], cId:1455, entries: [(t:2, i:0), CONFIGURATIONENTRY(current:id: "s0"
address: "localhost:34297"
dataStreamAddress: "localhost:43983"
clientAddress: "localhost:39609"
adminAddress: "localhost:37077"
startupRole: FOLLOWER
,id: "s1"
address: "localhost:38917"
dataStreamAddress: "localhost:45719"
clientAddress: "localhost:36975"
adminAddress: "localhost:40635"
startupRole: FOLLOWER
,id: "s2"
address: "localhost:35511"
dataStreamAddress: "localhost:38827"
clientAddress: "localhost:42865"
adminAddress: "localhost:36791"
startupRole: FOLLOWER
, old:), (t:2, i:1), STATEMACHINELOGENTRY, 0@client-2EFB324ADA71, (t:2, i:2), METADATAENTRY(c:1), (t:2, i:3), STATEMACHINELOGENTRY, 999@client-AE8279CAF820, (t:2, i:4), METADATAENTRY(c:3)]
2022-11-08 19:12:09,515 [s2-server-thread2] INFO  server.RaftServer$Division (RaftServerImpl.java:checkInconsistentAppendEntries(1592)) - s2@group-EA982605F2E5: Failed appendEntries as the first entry (index 0) already exists (snapshotIndex: -1, commitIndex: 0)
2022-11-08 19:12:09,515 [s2-server-thread2] INFO  server.RaftServer$Division (RaftServerImpl.java:checkInconsistentAppendEntries(1572)) - s2@group-EA982605F2E5: inconsistency entries. Reply:s1<-s2#1455:FAIL-t2,INCONSISTENCY,nextIndex=1,followerCommit=0,matchIndex=-1
2022-11-08 19:12:09,516 [grpc-default-executor-0] INFO  leader.FollowerInfo (FollowerInfoImpl.java:lambda$new$0(48)) - s1@group-EA982605F2E5->s2: nextIndex: updateUnconditionally 5 -> 1
2022-11-08 19:12:09,516 [s2-server-thread2] DEBUG server.RaftServer$Division (RaftServerImpl.java:logAppendEntries(1421)) - s2@group-EA982605F2E5: receive appendEntries(s1, 2, (t:2, i:0), 4, true, commits:[s1:c4, s0:c4, s2:c0], cId:1456, entries: [(t:2, i:1), STATEMACHINELOGENTRY, 0@client-2EFB324ADA71, (t:2, i:2), METADATAENTRY(c:1), (t:2, i:3), STATEMACHINELOGENTRY, 999@client-AE8279CAF820, (t:2, i:4), METADATAENTRY(c:3)]
2022-11-08 19:12:09,516 [s2-server-thread2] INFO  server.RaftServer$Division (RaftServerImpl.java:checkInconsistentAppendEntries(1602)) - s2@group-EA982605F2E5: Failed appendEntries as previous log entry ((t:2, i:0)) is not found
2022-11-08 19:12:09,516 [s2-server-thread2] INFO  server.RaftServer$Division (RaftServerImpl.java:checkInconsistentAppendEntries(1572)) - s2@group-EA982605F2E5: inconsistency entries. Reply:s1<-s2#1456:FAIL-t2,INCONSISTENCY,nextIndex=0,followerCommit=0,matchIndex=-1
2022-11-08 19:12:09,517 [grpc-default-executor-0] INFO  leader.FollowerInfo (FollowerInfoImpl.java:lambda$new$0(48)) - s1@group-EA982605F2E5->s2: nextIndex: updateUnconditionally 5 -> 0
2022-11-08 19:12:09,517 [s2-server-thread2] DEBUG server.RaftServer$Division (RaftServerImpl.java:logAppendEntries(1421)) - s2@group-EA982605F2E5: receive appendEntries(s1, 2, null, 4, true, commits:[s1:c4, s0:c4, s2:c0], cId:1457, entries: [(t:2, i:0), CONFIGURATIONENTRY(current:id: "s0"
address: "localhost:34297"
dataStreamAddress: "localhost:43983"
clientAddress: "localhost:39609"
adminAddress: "localhost:37077"
startupRole: FOLLOWER
,id: "s1"
address: "localhost:38917"
dataStreamAddress: "localhost:45719"
clientAddress: "localhost:36975"
adminAddress: "localhost:40635"
startupRole: FOLLOWER
,id: "s2"
address: "localhost:35511"
dataStreamAddress: "localhost:38827"
clientAddress: "localhost:42865"
adminAddress: "localhost:36791"
startupRole: FOLLOWER
, old:), (t:2, i:1), STATEMACHINELOGENTRY, 0@client-2EFB324ADA71, (t:2, i:2), METADATAENTRY(c:1), (t:2, i:3), STATEMACHINELOGENTRY, 999@client-AE8279CAF820, (t:2, i:4), METADATAENTRY(c:3)]
2022-11-08 19:12:09,517 [s2-server-thread2] INFO  server.RaftServer$Division (RaftServerImpl.java:checkInconsistentAppendEntries(1592)) - s2@group-EA982605F2E5: Failed appendEntries as the first entry (index 0) already exists (snapshotIndex: -1, commitIndex: 0)
2022-11-08 19:12:09,518 [s2-server-thread2] INFO  server.RaftServer$Division (RaftServerImpl.java:checkInconsistentAppendEntries(1572)) - s2@group-EA982605F2E5: inconsistency entries. Reply:s1<-s2#1457:FAIL-t2,INCONSISTENCY,nextIndex=1,followerCommit=0,matchIndex=-1
2022-11-08 19:12:09,518 [grpc-default-executor-0] INFO  leader.FollowerInfo (FollowerInfoImpl.java:lambda$new$0(48)) - s1@group-EA982605F2E5->s2: nextIndex: updateUnconditionally 5 -> 1
2022-11-08 19:12:09,518 [s2-server-thread2] DEBUG server.RaftServer$Division (RaftServerImpl.java:logAppendEntries(1421)) - s2@group-EA982605F2E5: receive appendEntries(s1, 2, (t:2, i:0), 4, true, commits:[s1:c4, s0:c4, s2:c0], cId:1458, entries: [(t:2, i:1), STATEMACHINELOGENTRY, 0@client-2EFB324ADA71, (t:2, i:2), METADATAENTRY(c:1), (t:2, i:3), STATEMACHINELOGENTRY, 999@client-AE8279CAF820, (t:2, i:4), METADATAENTRY(c:3)]
2022-11-08 19:12:09,519 [s2-server-thread2] INFO  server.RaftServer$Division (RaftServerImpl.java:checkInconsistentAppendEntries(1602)) - s2@group-EA982605F2E5: Failed appendEntries as previous log entry ((t:2, i:0)) is not found
2022-11-08 19:12:09,519 [s2-server-thread2] INFO  server.RaftServer$Division (RaftServerImpl.java:checkInconsistentAppendEntries(1572)) - s2@group-EA982605F2E5: inconsistency entries. Reply:s1<-s2#1458:FAIL-t2,INCONSISTENCY,nextIndex=0,followerCommit=0,matchIndex=-1
2022-11-08 19:12:09,519 [grpc-default-executor-0] INFO  leader.FollowerInfo (FollowerInfoImpl.java:lambda$new$0(48)) - s1@group-EA982605F2E5->s2: nextIndex: updateUnconditionally 5 -> 0
2022-11-08 19:12:09,520 [s2-server-thread2] DEBUG server.RaftServer$Division (RaftServerImpl.java:logAppendEntries(1421)) - s2@group-EA982605F2E5: receive appendEntries(s1, 2, null, 4, true, commits:[s1:c4, s0:c4, s2:c0], cId:1459, entries: [(t:2, i:0), CONFIGURATIONENTRY(current:id: "s0"
address: "localhost:34297"
dataStreamAddress: "localhost:43983"
clientAddress: "localhost:39609"
adminAddress: "localhost:37077"
startupRole: FOLLOWER
,id: "s1"
address: "localhost:38917"
dataStreamAddress: "localhost:45719"
clientAddress: "localhost:36975"
adminAddress: "localhost:40635"
startupRole: FOLLOWER
,id: "s2"
address: "localhost:35511"
dataStreamAddress: "localhost:38827"
clientAddress: "localhost:42865"
adminAddress: "localhost:36791"
startupRole: FOLLOWER
, old:), (t:2, i:1), STATEMACHINELOGENTRY, 0@client-2EFB324ADA71, (t:2, i:2), METADATAENTRY(c:1), (t:2, i:3), STATEMACHINELOGENTRY, 999@client-AE8279CAF820, (t:2, i:4), METADATAENTRY(c:3)]
2022-11-08 19:12:09,520 [s2-server-thread2] INFO  server.RaftServer$Division (RaftServerImpl.java:checkInconsistentAppendEntries(1592)) - s2@group-EA982605F2E5: Failed appendEntries as the first entry (index 0) already exists (snapshotIndex: -1, commitIndex: 0)
2022-11-08 19:12:09,520 [s2-server-thread2] INFO  server.RaftServer$Division (RaftServerImpl.java:checkInconsistentAppendEntries(1572)) - s2@group-EA982605F2E5: inconsistency entries. Reply:s1<-s2#1459:FAIL-t2,INCONSISTENCY,nextIndex=1,followerCommit=0,matchIndex=-1
2022-11-08 19:12:09,520 [grpc-default-executor-0] INFO  leader.FollowerInfo (FollowerInfoImpl.java:lambda$new$0(48)) - s1@group-EA982605F2E5->s2: nextIndex: updateUnconditionally 5 -> 1
2022-11-08 19:12:09,521 [s2-server-thread2] DEBUG server.RaftServer$Division (RaftServerImpl.java:logAppendEntries(1421)) - s2@group-EA982605F2E5: receive appendEntries(s1, 2, (t:2, i:0), 4, true, commits:[s1:c4, s0:c4, s2:c0], cId:1460, entries: [(t:2, i:1), STATEMACHINELOGENTRY, 0@client-2EFB324ADA71, (t:2, i:2), METADATAENTRY(c:1), (t:2, i:3), STATEMACHINELOGENTRY, 999@client-AE8279CAF820, (t:2, i:4), METADATAENTRY(c:3)]
2022-11-08 19:12:09,521 [s2-server-thread2] INFO  server.RaftServer$Division (RaftServerImpl.java:checkInconsistentAppendEntries(1602)) - s2@group-EA982605F2E5: Failed appendEntries as previous log entry ((t:2, i:0)) is not found
2022-11-08 19:12:09,521 [s2-server-thread2] INFO  server.RaftServer$Division (RaftServerImpl.java:checkInconsistentAppendEntries(1572)) - s2@group-EA982605F2E5: inconsistency entries. Reply:s1<-s2#1460:FAIL-t2,INCONSISTENCY,nextIndex=0,followerCommit=0,matchIndex=-1
2022-11-08 19:12:09,521 [grpc-default-executor-0] INFO  leader.FollowerInfo (FollowerInfoImpl.java:lambda$new$0(48)) - s1@group-EA982605F2E5->s2: nextIndex: updateUnconditionally 5 -> 0
2022-11-08 19:12:09,522 [s2-server-thread2] DEBUG server.RaftServer$Division (RaftServerImpl.java:logAppendEntries(1421)) - s2@group-EA982605F2E5: receive appendEntries(s1, 2, null, 4, true, commits:[s1:c4, s0:c4, s2:c0], cId:1461, entries: [(t:2, i:0), CONFIGURATIONENTRY(current:id: "s0"
address: "localhost:34297"
dataStreamAddress: "localhost:43983"
clientAddress: "localhost:39609"
adminAddress: "localhost:37077"
startupRole: FOLLOWER
,id: "s1"
address: "localhost:38917"
dataStreamAddress: "localhost:45719"
clientAddress: "localhost:36975"
adminAddress: "localhost:40635"
startupRole: FOLLOWER
,id: "s2"
address: "localhost:35511"
dataStreamAddress: "localhost:38827"
clientAddress: "localhost:42865"
adminAddress: "localhost:36791"
startupRole: FOLLOWER
, old:), (t:2, i:1), STATEMACHINELOGENTRY, 0@client-2EFB324ADA71, (t:2, i:2), METADATAENTRY(c:1), (t:2, i:3), STATEMACHINELOGENTRY, 999@client-AE8279CAF820, (t:2, i:4), METADATAENTRY(c:3)]
2022-11-08 19:12:09,522 [s2-server-thread2] INFO  server.RaftServer$Division (RaftServerImpl.java:checkInconsistentAppendEntries(1592)) - s2@group-EA982605F2E5: Failed appendEntries as the first entry (index 0) already exists (snapshotIndex: -1, commitIndex: 0)
2022-11-08 19:12:09,522 [s2-server-thread2] INFO  server.RaftServer$Division (RaftServerImpl.java:checkInconsistentAppendEntries(1572)) - s2@group-EA982605F2E5: inconsistency entries. Reply:s1<-s2#1461:FAIL-t2,INCONSISTENCY,nextIndex=1,followerCommit=0,matchIndex=-1
2022-11-08 19:12:09,522 [grpc-default-executor-0] INFO  leader.FollowerInfo (FollowerInfoImpl.java:lambda$new$0(48)) - s1@group-EA982605F2E5->s2: nextIndex: updateUnconditionally 5 -> 1
2022-11-08 19:12:09,523 [s2-server-thread2] DEBUG server.RaftServer$Division (RaftServerImpl.java:logAppendEntries(1421)) - s2@group-EA982605F2E5: receive appendEntries(s1, 2, (t:2, i:0), 4, true, commits:[s1:c4, s0:c4, s2:c0], cId:1462, entries: [(t:2, i:1), STATEMACHINELOGENTRY, 0@client-2EFB324ADA71, (t:2, i:2), METADATAENTRY(c:1), (t:2, i:3), STATEMACHINELOGENTRY, 999@client-AE8279CAF820, (t:2, i:4), METADATAENTRY(c:3)]
2022-11-08 19:12:09,523 [s2-server-thread2] INFO  server.RaftServer$Division (RaftServerImpl.java:checkInconsistentAppendEntries(1602)) - s2@group-EA982605F2E5: Failed appendEntries as previous log entry ((t:2, i:0)) is not found
2022-11-08 19:12:09,523 [s2-server-thread2] INFO  server.RaftServer$Division (RaftServerImpl.java:checkInconsistentAppendEntries(1572)) - s2@group-EA982605F2E5: inconsistency entries. Reply:s1<-s2#1462:FAIL-t2,INCONSISTENCY,nextIndex=0,followerCommit=0,matchIndex=-1
2022-11-08 19:12:09,523 [grpc-default-executor-0] INFO  leader.FollowerInfo (FollowerInfoImpl.java:lambda$new$0(48)) - s1@group-EA982605F2E5->s2: nextIndex: updateUnconditionally 5 -> 0
2022-11-08 19:12:09,524 [s2-server-thread2] DEBUG server.RaftServer$Division (RaftServerImpl.java:logAppendEntries(1421)) - s2@group-EA982605F2E5: receive appendEntries(s1, 2, null, 4, true, commits:[s1:c4, s0:c4, s2:c0], cId:1463, entries: [(t:2, i:0), CONFIGURATIONENTRY(current:id: "s0"
address: "localhost:34297"
dataStreamAddress: "localhost:43983"
clientAddress: "localhost:39609"
adminAddress: "localhost:37077"
startupRole: FOLLOWER
,id: "s1"
address: "localhost:38917"
dataStreamAddress: "localhost:45719"
clientAddress: "localhost:36975"
adminAddress: "localhost:40635"
startupRole: FOLLOWER
,id: "s2"
address: "localhost:35511"
dataStreamAddress: "localhost:38827"
clientAddress: "localhost:42865"
adminAddress: "localhost:36791"
startupRole: FOLLOWER
, old:), (t:2, i:1), STATEMACHINELOGENTRY, 0@client-2EFB324ADA71, (t:2, i:2), METADATAENTRY(c:1), (t:2, i:3), STATEMACHINELOGENTRY, 999@client-AE8279CAF820, (t:2, i:4), METADATAENTRY(c:3)]
2022-11-08 19:12:09,524 [s2-server-thread2] INFO  server.RaftServer$Division (RaftServerImpl.java:checkInconsistentAppendEntries(1592)) - s2@group-EA982605F2E5: Failed appendEntries as the first entry (index 0) already exists (snapshotIndex: -1, commitIndex: 0)
2022-11-08 19:12:09,524 [s2-server-thread2] INFO  server.RaftServer$Division (RaftServerImpl.java:checkInconsistentAppendEntries(1572)) - s2@group-EA982605F2E5: inconsistency entries. Reply:s1<-s2#1463:FAIL-t2,INCONSISTENCY,nextIndex=1,followerCommit=0,matchIndex=-1
2022-11-08 19:12:09,524 [grpc-default-executor-0] INFO  leader.FollowerInfo (FollowerInfoImpl.java:lambda$new$0(48)) - s1@group-EA982605F2E5->s2: nextIndex: updateUnconditionally 5 -> 1
2022-11-08 19:12:09,525 [s2-server-thread2] DEBUG server.RaftServer$Division (RaftServerImpl.java:logAppendEntries(1421)) - s2@group-EA982605F2E5: receive appendEntries(s1, 2, (t:2, i:0), 4, true, commits:[s1:c4, s0:c4, s2:c0], cId:1464, entries: [(t:2, i:1), STATEMACHINELOGENTRY, 0@client-2EFB324ADA71, (t:2, i:2), METADATAENTRY(c:1), (t:2, i:3), STATEMACHINELOGENTRY, 999@client-AE8279CAF820, (t:2, i:4), METADATAENTRY(c:3)]
2022-11-08 19:12:09,525 [s2-server-thread2] INFO  server.RaftServer$Division (RaftServerImpl.java:checkInconsistentAppendEntries(1602)) - s2@group-EA982605F2E5: Failed appendEntries as previous log entry ((t:2, i:0)) is not found
2022-11-08 19:12:09,525 [s2-server-thread2] INFO  server.RaftServer$Division (RaftServerImpl.java:checkInconsistentAppendEntries(1572)) - s2@group-EA982605F2E5: inconsistency entries. Reply:s1<-s2#1464:FAIL-t2,INCONSISTENCY,nextIndex=0,followerCommit=0,matchIndex=-1
2022-11-08 19:12:09,526 [grpc-default-executor-0] INFO  leader.FollowerInfo (FollowerInfoImpl.java:lambda$new$0(48)) - s1@group-EA982605F2E5->s2: nextIndex: updateUnconditionally 5 -> 0
2022-11-08 19:12:09,526 [s2-server-thread2] DEBUG server.RaftServer$Division (RaftServerImpl.java:logAppendEntries(1421)) - s2@group-EA982605F2E5: receive appendEntries(s1, 2, null, 4, true, commits:[s1:c4, s0:c4, s2:c0], cId:1465, entries: [(t:2, i:0), CONFIGURATIONENTRY(current:id: "s0"
address: "localhost:34297"
dataStreamAddress: "localhost:43983"
clientAddress: "localhost:39609"
adminAddress: "localhost:37077"
startupRole: FOLLOWER
,id: "s1"
address: "localhost:38917"
dataStreamAddress: "localhost:45719"
clientAddress: "localhost:36975"
adminAddress: "localhost:40635"
startupRole: FOLLOWER
,id: "s2"
address: "localhost:35511"
dataStreamAddress: "localhost:38827"
clientAddress: "localhost:42865"
adminAddress: "localhost:36791"
startupRole: FOLLOWER
, old:), (t:2, i:1), STATEMACHINELOGENTRY, 0@client-2EFB324ADA71, (t:2, i:2), METADATAENTRY(c:1), (t:2, i:3), STATEMACHINELOGENTRY, 999@client-AE8279CAF820, (t:2, i:4), METADATAENTRY(c:3)]
2022-11-08 19:12:09,526 [s2-server-thread2] INFO  server.RaftServer$Division (RaftServerImpl.java:checkInconsistentAppendEntries(1592)) - s2@group-EA982605F2E5: Failed appendEntries as the first entry (index 0) already exists (snapshotIndex: -1, commitIndex: 0)
2022-11-08 19:12:09,526 [s2-server-thread2] INFO  server.RaftServer$Division (RaftServerImpl.java:checkInconsistentAppendEntries(1572)) - s2@group-EA982605F2E5: inconsistency entries. Reply:s1<-s2#1465:FAIL-t2,INCONSISTENCY,nextIndex=1,followerCommit=0,matchIndex=-1
2022-11-08 19:12:09,527 [grpc-default-executor-0] INFO  leader.FollowerInfo (FollowerInfoImpl.java:lambda$new$0(48)) - s1@group-EA982605F2E5->s2: nextIndex: updateUnconditionally 5 -> 1
2022-11-08 19:12:09,527 [s2-server-thread2] DEBUG server.RaftServer$Division (RaftServerImpl.java:logAppendEntries(1421)) - s2@group-EA982605F2E5: receive appendEntries(s1, 2, (t:2, i:0), 4, true, commits:[s1:c4, s0:c4, s2:c0], cId:1466, entries: [(t:2, i:1), STATEMACHINELOGENTRY, 0@client-2EFB324ADA71, (t:2, i:2), METADATAENTRY(c:1), (t:2, i:3), STATEMACHINELOGENTRY, 999@client-AE8279CAF820, (t:2, i:4), METADATAENTRY(c:3)]
2022-11-08 19:12:09,527 [s2-server-thread2] INFO  server.RaftServer$Division (RaftServerImpl.java:checkInconsistentAppendEntries(1602)) - s2@group-EA982605F2E5: Failed appendEntries as previous log entry ((t:2, i:0)) is not found
2022-11-08 19:12:09,527 [s2-server-thread2] INFO  server.RaftServer$Division (RaftServerImpl.java:checkInconsistentAppendEntries(1572)) - s2@group-EA982605F2E5: inconsistency entries. Reply:s1<-s2#1466:FAIL-t2,INCONSISTENCY,nextIndex=0,followerCommit=0,matchIndex=-1
2022-11-08 19:12:09,528 [grpc-default-executor-0] INFO  leader.FollowerInfo (FollowerInfoImpl.java:lambda$new$0(48)) - s1@group-EA982605F2E5->s2: nextIndex: updateUnconditionally 5 -> 0
2022-11-08 19:12:09,528 [s2-server-thread2] DEBUG server.RaftServer$Division (RaftServerImpl.java:logAppendEntries(1421)) - s2@group-EA982605F2E5: receive appendEntries(s1, 2, null, 4, true, commits:[s1:c4, s0:c4, s2:c0], cId:1467, entries: [(t:2, i:0), CONFIGURATIONENTRY(current:id: "s0"
address: "localhost:34297"
dataStreamAddress: "localhost:43983"
clientAddress: "localhost:39609"
adminAddress: "localhost:37077"
startupRole: FOLLOWER
,id: "s1"
address: "localhost:38917"
dataStreamAddress: "localhost:45719"
clientAddress: "localhost:36975"
adminAddress: "localhost:40635"
startupRole: FOLLOWER
,id: "s2"
address: "localhost:35511"
dataStreamAddress: "localhost:38827"
clientAddress: "localhost:42865"
adminAddress: "localhost:36791"
startupRole: FOLLOWER
, old:), (t:2, i:1), STATEMACHINELOGENTRY, 0@client-2EFB324ADA71, (t:2, i:2), METADATAENTRY(c:1), (t:2, i:3), STATEMACHINELOGENTRY, 999@client-AE8279CAF820, (t:2, i:4), METADATAENTRY(c:3)]
2022-11-08 19:12:09,528 [s2-server-thread2] INFO  server.RaftServer$Division (RaftServerImpl.java:checkInconsistentAppendEntries(1592)) - s2@group-EA982605F2E5: Failed appendEntries as the first entry (index 0) already exists (snapshotIndex: -1, commitIndex: 0)
2022-11-08 19:12:09,529 [s2-server-thread2] INFO  server.RaftServer$Division (RaftServerImpl.java:checkInconsistentAppendEntries(1572)) - s2@group-EA982605F2E5: inconsistency entries. Reply:s1<-s2#1467:FAIL-t2,INCONSISTENCY,nextIndex=1,followerCommit=0,matchIndex=-1
2022-11-08 19:12:09,529 [grpc-default-executor-0] INFO  leader.FollowerInfo (FollowerInfoImpl.java:lambda$new$0(48)) - s1@group-EA982605F2E5->s2: nextIndex: updateUnconditionally 5 -> 1
2022-11-08 19:12:09,530 [s2-server-thread2] DEBUG server.RaftServer$Division (RaftServerImpl.java:logAppendEntries(1421)) - s2@group-EA982605F2E5: receive appendEntries(s1, 2, (t:2, i:0), 4, true, commits:[s1:c4, s0:c4, s2:c0], cId:1468, entries: [(t:2, i:1), STATEMACHINELOGENTRY, 0@client-2EFB324ADA71, (t:2, i:2), METADATAENTRY(c:1), (t:2, i:3), STATEMACHINELOGENTRY, 999@client-AE8279CAF820, (t:2, i:4), METADATAENTRY(c:3)]
2022-11-08 19:12:09,530 [s2-server-thread2] INFO  server.RaftServer$Division (RaftServerImpl.java:checkInconsistentAppendEntries(1602)) - s2@group-EA982605F2E5: Failed appendEntries as previous log entry ((t:2, i:0)) is not found
2022-11-08 19:12:09,530 [s2-server-thread2] INFO  server.RaftServer$Division (RaftServerImpl.java:checkInconsistentAppendEntries(1572)) - s2@group-EA982605F2E5: inconsistency entries. Reply:s1<-s2#1468:FAIL-t2,INCONSISTENCY,nextIndex=0,followerCommit=0,matchIndex=-1
2022-11-08 19:12:09,530 [grpc-default-executor-0] INFO  leader.FollowerInfo (FollowerInfoImpl.java:lambda$new$0(48)) - s1@group-EA982605F2E5->s2: nextIndex: updateUnconditionally 5 -> 0
2022-11-08 19:12:09,531 [s2-server-thread2] DEBUG server.RaftServer$Division (RaftServerImpl.java:logAppendEntries(1421)) - s2@group-EA982605F2E5: receive appendEntries(s1, 2, null, 4, true, commits:[s1:c4, s0:c4, s2:c0], cId:1469, entries: [(t:2, i:0), CONFIGURATIONENTRY(current:id: "s0"
address: "localhost:34297"
dataStreamAddress: "localhost:43983"
clientAddress: "localhost:39609"
adminAddress: "localhost:37077"
startupRole: FOLLOWER
,id: "s1"
address: "localhost:38917"
dataStreamAddress: "localhost:45719"
clientAddress: "localhost:36975"
adminAddress: "localhost:40635"
startupRole: FOLLOWER
,id: "s2"
address: "localhost:35511"
dataStreamAddress: "localhost:38827"
clientAddress: "localhost:42865"
adminAddress: "localhost:36791"
startupRole: FOLLOWER
, old:), (t:2, i:1), STATEMACHINELOGENTRY, 0@client-2EFB324ADA71, (t:2, i:2), METADATAENTRY(c:1), (t:2, i:3), STATEMACHINELOGENTRY, 999@client-AE8279CAF820, (t:2, i:4), METADATAENTRY(c:3)]
2022-11-08 19:12:09,531 [s2-server-thread2] INFO  server.RaftServer$Division (RaftServerImpl.java:checkInconsistentAppendEntries(1592)) - s2@group-EA982605F2E5: Failed appendEntries as the first entry (index 0) already exists (snapshotIndex: -1, commitIndex: 0)
2022-11-08 19:12:09,531 [s2-server-thread2] INFO  server.RaftServer$Division (RaftServerImpl.java:checkInconsistentAppendEntries(1572)) - s2@group-EA982605F2E5: inconsistency entries. Reply:s1<-s2#1469:FAIL-t2,INCONSISTENCY,nextIndex=1,followerCommit=0,matchIndex=-1
2022-11-08 19:12:09,531 [grpc-default-executor-0] INFO  leader.FollowerInfo (FollowerInfoImpl.java:lambda$new$0(48)) - s1@group-EA982605F2E5->s2: nextIndex: updateUnconditionally 5 -> 1
2022-11-08 19:12:09,532 [s2-server-thread2] DEBUG server.RaftServer$Division (RaftServerImpl.java:logAppendEntries(1421)) - s2@group-EA982605F2E5: receive appendEntries(s1, 2, (t:2, i:0), 4, true, commits:[s1:c4, s0:c4, s2:c0], cId:1470, entries: [(t:2, i:1), STATEMACHINELOGENTRY, 0@client-2EFB324ADA71, (t:2, i:2), METADATAENTRY(c:1), (t:2, i:3), STATEMACHINELOGENTRY, 999@client-AE8279CAF820, (t:2, i:4), METADATAENTRY(c:3)]
2022-11-08 19:12:09,532 [s2-server-thread2] INFO  server.RaftServer$Division (RaftServerImpl.java:checkInconsistentAppendEntries(1602)) - s2@group-EA982605F2E5: Failed appendEntries as previous log entry ((t:2, i:0)) is not found
2022-11-08 19:12:09,532 [s2-server-thread2] INFO  server.RaftServer$Division (RaftServerImpl.java:checkInconsistentAppendEntries(1572)) - s2@group-EA982605F2E5: inconsistency entries. Reply:s1<-s2#1470:FAIL-t2,INCONSISTENCY,nextIndex=0,followerCommit=0,matchIndex=-1
2022-11-08 19:12:09,533 [grpc-default-executor-0] INFO  leader.FollowerInfo (FollowerInfoImpl.java:lambda$new$0(48)) - s1@group-EA982605F2E5->s2: nextIndex: updateUnconditionally 5 -> 0
2022-11-08 19:12:09,533 [s2-server-thread2] DEBUG server.RaftServer$Division (RaftServerImpl.java:logAppendEntries(1421)) - s2@group-EA982605F2E5: receive appendEntries(s1, 2, null, 4, true, commits:[s1:c4, s0:c4, s2:c0], cId:1471, entries: [(t:2, i:0), CONFIGURATIONENTRY(current:id: "s0"
address: "localhost:34297"
dataStreamAddress: "localhost:43983"
clientAddress: "localhost:39609"
adminAddress: "localhost:37077"
startupRole: FOLLOWER
,id: "s1"
address: "localhost:38917"
dataStreamAddress: "localhost:45719"
clientAddress: "localhost:36975"
adminAddress: "localhost:40635"
startupRole: FOLLOWER
,id: "s2"
address: "localhost:35511"
dataStreamAddress: "localhost:38827"
clientAddress: "localhost:42865"
adminAddress: "localhost:36791"
startupRole: FOLLOWER
, old:), (t:2, i:1), STATEMACHINELOGENTRY, 0@client-2EFB324ADA71, (t:2, i:2), METADATAENTRY(c:1), (t:2, i:3), STATEMACHINELOGENTRY, 999@client-AE8279CAF820, (t:2, i:4), METADATAENTRY(c:3)]
2022-11-08 19:12:09,533 [s2-server-thread2] INFO  server.RaftServer$Division (RaftServerImpl.java:checkInconsistentAppendEntries(1592)) - s2@group-EA982605F2E5: Failed appendEntries as the first entry (index 0) already exists (snapshotIndex: -1, commitIndex: 0)
2022-11-08 19:12:09,533 [s2-server-thread2] INFO  server.RaftServer$Division (RaftServerImpl.java:checkInconsistentAppendEntries(1572)) - s2@group-EA982605F2E5: inconsistency entries. Reply:s1<-s2#1471:FAIL-t2,INCONSISTENCY,nextIndex=1,followerCommit=0,matchIndex=-1
2022-11-08 19:12:09,534 [grpc-default-executor-0] INFO  leader.FollowerInfo (FollowerInfoImpl.java:lambda$new$0(48)) - s1@group-EA982605F2E5->s2: nextIndex: updateUnconditionally 5 -> 1
2022-11-08 19:12:09,534 [s2-server-thread2] DEBUG server.RaftServer$Division (RaftServerImpl.java:logAppendEntries(1421)) - s2@group-EA982605F2E5: receive appendEntries(s1, 2, (t:2, i:0), 4, true, commits:[s1:c4, s0:c4, s2:c0], cId:1472, entries: [(t:2, i:1), STATEMACHINELOGENTRY, 0@client-2EFB324ADA71, (t:2, i:2), METADATAENTRY(c:1), (t:2, i:3), STATEMACHINELOGENTRY, 999@client-AE8279CAF820, (t:2, i:4), METADATAENTRY(c:3)]
2022-11-08 19:12:09,534 [s2-server-thread2] INFO  server.RaftServer$Division (RaftServerImpl.java:checkInconsistentAppendEntries(1602)) - s2@group-EA982605F2E5: Failed appendEntries as previous log entry ((t:2, i:0)) is not found
2022-11-08 19:12:09,534 [s2-server-thread2] INFO  server.RaftServer$Division (RaftServerImpl.java:checkInconsistentAppendEntries(1572)) - s2@group-EA982605F2E5: inconsistency entries. Reply:s1<-s2#1472:FAIL-t2,INCONSISTENCY,nextIndex=0,followerCommit=0,matchIndex=-1
2022-11-08 19:12:09,535 [grpc-default-executor-0] INFO  leader.FollowerInfo (FollowerInfoImpl.java:lambda$new$0(48)) - s1@group-EA982605F2E5->s2: nextIndex: updateUnconditionally 5 -> 0
2022-11-08 19:12:09,535 [s2-server-thread2] DEBUG server.RaftServer$Division (RaftServerImpl.java:logAppendEntries(1421)) - s2@group-EA982605F2E5: receive appendEntries(s1, 2, null, 4, true, commits:[s1:c4, s0:c4, s2:c0], cId:1473, entries: [(t:2, i:0), CONFIGURATIONENTRY(current:id: "s0"
address: "localhost:34297"
dataStreamAddress: "localhost:43983"
clientAddress: "localhost:39609"
adminAddress: "localhost:37077"
startupRole: FOLLOWER
,id: "s1"
address: "localhost:38917"
dataStreamAddress: "localhost:45719"
clientAddress: "localhost:36975"
adminAddress: "localhost:40635"
startupRole: FOLLOWER
,id: "s2"
address: "localhost:35511"
dataStreamAddress: "localhost:38827"
clientAddress: "localhost:42865"
adminAddress: "localhost:36791"
startupRole: FOLLOWER
, old:), (t:2, i:1), STATEMACHINELOGENTRY, 0@client-2EFB324ADA71, (t:2, i:2), METADATAENTRY(c:1), (t:2, i:3), STATEMACHINELOGENTRY, 999@client-AE8279CAF820, (t:2, i:4), METADATAENTRY(c:3)]
2022-11-08 19:12:09,535 [s2-server-thread2] INFO  server.RaftServer$Division (RaftServerImpl.java:checkInconsistentAppendEntries(1592)) - s2@group-EA982605F2E5: Failed appendEntries as the first entry (index 0) already exists (snapshotIndex: -1, commitIndex: 0)
2022-11-08 19:12:09,536 [s2-server-thread2] INFO  server.RaftServer$Division (RaftServerImpl.java:checkInconsistentAppendEntries(1572)) - s2@group-EA982605F2E5: inconsistency entries. Reply:s1<-s2#1473:FAIL-t2,INCONSISTENCY,nextIndex=1,followerCommit=0,matchIndex=-1
2022-11-08 19:12:09,536 [grpc-default-executor-0] INFO  leader.FollowerInfo (FollowerInfoImpl.java:lambda$new$0(48)) - s1@group-EA982605F2E5->s2: nextIndex: updateUnconditionally 5 -> 1
2022-11-08 19:12:09,536 [s2-server-thread2] DEBUG server.RaftServer$Division (RaftServerImpl.java:logAppendEntries(1421)) - s2@group-EA982605F2E5: receive appendEntries(s1, 2, (t:2, i:0), 4, true, commits:[s1:c4, s0:c4, s2:c0], cId:1474, entries: [(t:2, i:1), STATEMACHINELOGENTRY, 0@client-2EFB324ADA71, (t:2, i:2), METADATAENTRY(c:1), (t:2, i:3), STATEMACHINELOGENTRY, 999@client-AE8279CAF820, (t:2, i:4), METADATAENTRY(c:3)]
2022-11-08 19:12:09,537 [s2-server-thread2] INFO  server.RaftServer$Division (RaftServerImpl.java:checkInconsistentAppendEntries(1602)) - s2@group-EA982605F2E5: Failed appendEntries as previous log entry ((t:2, i:0)) is not found
2022-11-08 19:12:09,537 [s2-server-thread2] INFO  server.RaftServer$Division (RaftServerImpl.java:checkInconsistentAppendEntries(1572)) - s2@group-EA982605F2E5: inconsistency entries. Reply:s1<-s2#1474:FAIL-t2,INCONSISTENCY,nextIndex=0,followerCommit=0,matchIndex=-1
2022-11-08 19:12:09,537 [grpc-default-executor-0] INFO  leader.FollowerInfo (FollowerInfoImpl.java:lambda$new$0(48)) - s1@group-EA982605F2E5->s2: nextIndex: updateUnconditionally 5 -> 0
2022-11-08 19:12:09,538 [s2-server-thread2] DEBUG server.RaftServer$Division (RaftServerImpl.java:logAppendEntries(1421)) - s2@group-EA982605F2E5: receive appendEntries(s1, 2, null, 4, true, commits:[s1:c4, s0:c4, s2:c0], cId:1475, entries: [(t:2, i:0), CONFIGURATIONENTRY(current:id: "s0"
address: "localhost:34297"
dataStreamAddress: "localhost:43983"
clientAddress: "localhost:39609"
adminAddress: "localhost:37077"
startupRole: FOLLOWER
,id: "s1"
address: "localhost:38917"
dataStreamAddress: "localhost:45719"
clientAddress: "localhost:36975"
adminAddress: "localhost:40635"
startupRole: FOLLOWER
,id: "s2"
address: "localhost:35511"
dataStreamAddress: "localhost:38827"
clientAddress: "localhost:42865"
adminAddress: "localhost:36791"
startupRole: FOLLOWER
, old:), (t:2, i:1), STATEMACHINELOGENTRY, 0@client-2EFB324ADA71, (t:2, i:2), METADATAENTRY(c:1), (t:2, i:3), STATEMACHINELOGENTRY, 999@client-AE8279CAF820, (t:2, i:4), METADATAENTRY(c:3)]
2022-11-08 19:12:09,538 [s2-server-thread2] INFO  server.RaftServer$Division (RaftServerImpl.java:checkInconsistentAppendEntries(1592)) - s2@group-EA982605F2E5: Failed appendEntries as the first entry (index 0) already exists (snapshotIndex: -1, commitIndex: 0)
2022-11-08 19:12:09,538 [s2-server-thread2] INFO  server.RaftServer$Division (RaftServerImpl.java:checkInconsistentAppendEntries(1572)) - s2@group-EA982605F2E5: inconsistency entries. Reply:s1<-s2#1475:FAIL-t2,INCONSISTENCY,nextIndex=1,followerCommit=0,matchIndex=-1
2022-11-08 19:12:09,538 [grpc-default-executor-0] INFO  leader.FollowerInfo (FollowerInfoImpl.java:lambda$new$0(48)) - s1@group-EA982605F2E5->s2: nextIndex: updateUnconditionally 5 -> 1
2022-11-08 19:12:09,539 [s2-server-thread2] DEBUG server.RaftServer$Division (RaftServerImpl.java:logAppendEntries(1421)) - s2@group-EA982605F2E5: receive appendEntries(s1, 2, (t:2, i:0), 4, true, commits:[s1:c4, s0:c4, s2:c0], cId:1476, entries: [(t:2, i:1), STATEMACHINELOGENTRY, 0@client-2EFB324ADA71, (t:2, i:2), METADATAENTRY(c:1), (t:2, i:3), STATEMACHINELOGENTRY, 999@client-AE8279CAF820, (t:2, i:4), METADATAENTRY(c:3)]
2022-11-08 19:12:09,539 [s2-server-thread2] INFO  server.RaftServer$Division (RaftServerImpl.java:checkInconsistentAppendEntries(1602)) - s2@group-EA982605F2E5: Failed appendEntries as previous log entry ((t:2, i:0)) is not found
2022-11-08 19:12:09,539 [s2-server-thread2] INFO  server.RaftServer$Division (RaftServerImpl.java:checkInconsistentAppendEntries(1572)) - s2@group-EA982605F2E5: inconsistency entries. Reply:s1<-s2#1476:FAIL-t2,INCONSISTENCY,nextIndex=0,followerCommit=0,matchIndex=-1
2022-11-08 19:12:09,539 [grpc-default-executor-0] INFO  leader.FollowerInfo (FollowerInfoImpl.java:lambda$new$0(48)) - s1@group-EA982605F2E5->s2: nextIndex: updateUnconditionally 5 -> 0
2022-11-08 19:12:09,540 [s2-server-thread2] DEBUG server.RaftServer$Division (RaftServerImpl.java:logAppendEntries(1421)) - s2@group-EA982605F2E5: receive appendEntries(s1, 2, null, 4, true, commits:[s1:c4, s0:c4, s2:c0], cId:1477, entries: [(t:2, i:0), CONFIGURATIONENTRY(current:id: "s0"
address: "localhost:34297"
dataStreamAddress: "localhost:43983"
clientAddress: "localhost:39609"
adminAddress: "localhost:37077"
startupRole: FOLLOWER
,id: "s1"
address: "localhost:38917"
dataStreamAddress: "localhost:45719"
clientAddress: "localhost:36975"
adminAddress: "localhost:40635"
startupRole: FOLLOWER
,id: "s2"
address: "localhost:35511"
dataStreamAddress: "localhost:38827"
clientAddress: "localhost:42865"
adminAddress: "localhost:36791"
startupRole: FOLLOWER
, old:), (t:2, i:1), STATEMACHINELOGENTRY, 0@client-2EFB324ADA71, (t:2, i:2), METADATAENTRY(c:1), (t:2, i:3), STATEMACHINELOGENTRY, 999@client-AE8279CAF820, (t:2, i:4), METADATAENTRY(c:3)]
2022-11-08 19:12:09,540 [s2-server-thread2] INFO  server.RaftServer$Division (RaftServerImpl.java:checkInconsistentAppendEntries(1592)) - s2@group-EA982605F2E5: Failed appendEntries as the first entry (index 0) already exists (snapshotIndex: -1, commitIndex: 0)
2022-11-08 19:12:09,540 [s2-server-thread2] INFO  server.RaftServer$Division (RaftServerImpl.java:checkInconsistentAppendEntries(1572)) - s2@group-EA982605F2E5: inconsistency entries. Reply:s1<-s2#1477:FAIL-t2,INCONSISTENCY,nextIndex=1,followerCommit=0,matchIndex=-1
2022-11-08 19:12:09,540 [grpc-default-executor-0] INFO  leader.FollowerInfo (FollowerInfoImpl.java:lambda$new$0(48)) - s1@group-EA982605F2E5->s2: nextIndex: updateUnconditionally 5 -> 1
2022-11-08 19:12:09,541 [s2-server-thread2] DEBUG server.RaftServer$Division (RaftServerImpl.java:logAppendEntries(1421)) - s2@group-EA982605F2E5: receive appendEntries(s1, 2, (t:2, i:0), 4, true, commits:[s1:c4, s0:c4, s2:c0], cId:1478, entries: [(t:2, i:1), STATEMACHINELOGENTRY, 0@client-2EFB324ADA71, (t:2, i:2), METADATAENTRY(c:1), (t:2, i:3), STATEMACHINELOGENTRY, 999@client-AE8279CAF820, (t:2, i:4), METADATAENTRY(c:3)]
2022-11-08 19:12:09,541 [s2-server-thread2] INFO  server.RaftServer$Division (RaftServerImpl.java:checkInconsistentAppendEntries(1602)) - s2@group-EA982605F2E5: Failed appendEntries as previous log entry ((t:2, i:0)) is not found
2022-11-08 19:12:09,541 [s2-server-thread2] INFO  server.RaftServer$Division (RaftServerImpl.java:checkInconsistentAppendEntries(1572)) - s2@group-EA982605F2E5: inconsistency entries. Reply:s1<-s2#1478:FAIL-t2,INCONSISTENCY,nextIndex=0,followerCommit=0,matchIndex=-1
2022-11-08 19:12:09,541 [grpc-default-executor-0] INFO  leader.FollowerInfo (FollowerInfoImpl.java:lambda$new$0(48)) - s1@group-EA982605F2E5->s2: nextIndex: updateUnconditionally 5 -> 0
2022-11-08 19:12:09,542 [s2-server-thread2] DEBUG server.RaftServer$Division (RaftServerImpl.java:logAppendEntries(1421)) - s2@group-EA982605F2E5: receive appendEntries(s1, 2, null, 4, true, commits:[s1:c4, s0:c4, s2:c0], cId:1479, entries: [(t:2, i:0), CONFIGURATIONENTRY(current:id: "s0"
address: "localhost:34297"
dataStreamAddress: "localhost:43983"
clientAddress: "localhost:39609"
adminAddress: "localhost:37077"
startupRole: FOLLOWER
,id: "s1"
address: "localhost:38917"
dataStreamAddress: "localhost:45719"
clientAddress: "localhost:36975"
adminAddress: "localhost:40635"
startupRole: FOLLOWER
,id: "s2"
address: "localhost:35511"
dataStreamAddress: "localhost:38827"
clientAddress: "localhost:42865"
adminAddress: "localhost:36791"
startupRole: FOLLOWER
, old:), (t:2, i:1), STATEMACHINELOGENTRY, 0@client-2EFB324ADA71, (t:2, i:2), METADATAENTRY(c:1), (t:2, i:3), STATEMACHINELOGENTRY, 999@client-AE8279CAF820, (t:2, i:4), METADATAENTRY(c:3)]
2022-11-08 19:12:09,542 [s2-server-thread2] INFO  server.RaftServer$Division (RaftServerImpl.java:checkInconsistentAppendEntries(1592)) - s2@group-EA982605F2E5: Failed appendEntries as the first entry (index 0) already exists (snapshotIndex: -1, commitIndex: 0)
2022-11-08 19:12:09,542 [s2-server-thread2] INFO  server.RaftServer$Division (RaftServerImpl.java:checkInconsistentAppendEntries(1572)) - s2@group-EA982605F2E5: inconsistency entries. Reply:s1<-s2#1479:FAIL-t2,INCONSISTENCY,nextIndex=1,followerCommit=0,matchIndex=-1
2022-11-08 19:12:09,542 [grpc-default-executor-0] INFO  leader.FollowerInfo (FollowerInfoImpl.java:lambda$new$0(48)) - s1@group-EA982605F2E5->s2: nextIndex: updateUnconditionally 5 -> 1
2022-11-08 19:12:09,543 [s2-server-thread2] DEBUG server.RaftServer$Division (RaftServerImpl.java:logAppendEntries(1421)) - s2@group-EA982605F2E5: receive appendEntries(s1, 2, (t:2, i:0), 4, true, commits:[s1:c4, s0:c4, s2:c0], cId:1480, entries: [(t:2, i:1), STATEMACHINELOGENTRY, 0@client-2EFB324ADA71, (t:2, i:2), METADATAENTRY(c:1), (t:2, i:3), STATEMACHINELOGENTRY, 999@client-AE8279CAF820, (t:2, i:4), METADATAENTRY(c:3)]
2022-11-08 19:12:09,543 [s2-server-thread2] INFO  server.RaftServer$Division (RaftServerImpl.java:checkInconsistentAppendEntries(1602)) - s2@group-EA982605F2E5: Failed appendEntries as previous log entry ((t:2, i:0)) is not found
2022-11-08 19:12:09,543 [s2-server-thread2] INFO  server.RaftServer$Division (RaftServerImpl.java:checkInconsistentAppendEntries(1572)) - s2@group-EA982605F2E5: inconsistency entries. Reply:s1<-s2#1480:FAIL-t2,INCONSISTENCY,nextIndex=0,followerCommit=0,matchIndex=-1
2022-11-08 19:12:09,543 [grpc-default-executor-0] INFO  leader.FollowerInfo (FollowerInfoImpl.java:lambda$new$0(48)) - s1@group-EA982605F2E5->s2: nextIndex: updateUnconditionally 5 -> 0
2022-11-08 19:12:09,544 [s2-server-thread2] DEBUG server.RaftServer$Division (RaftServerImpl.java:logAppendEntries(1421)) - s2@group-EA982605F2E5: receive appendEntries(s1, 2, null, 4, true, commits:[s1:c4, s0:c4, s2:c0], cId:1481, entries: [(t:2, i:0), CONFIGURATIONENTRY(current:id: "s0"
address: "localhost:34297"
dataStreamAddress: "localhost:43983"
clientAddress: "localhost:39609"
adminAddress: "localhost:37077"
startupRole: FOLLOWER
,id: "s1"
address: "localhost:38917"
dataStreamAddress: "localhost:45719"
clientAddress: "localhost:36975"
adminAddress: "localhost:40635"
startupRole: FOLLOWER
,id: "s2"
address: "localhost:35511"
dataStreamAddress: "localhost:38827"
clientAddress: "localhost:42865"
adminAddress: "localhost:36791"
startupRole: FOLLOWER
, old:), (t:2, i:1), STATEMACHINELOGENTRY, 0@client-2EFB324ADA71, (t:2, i:2), METADATAENTRY(c:1), (t:2, i:3), STATEMACHINELOGENTRY, 999@client-AE8279CAF820, (t:2, i:4), METADATAENTRY(c:3)]
2022-11-08 19:12:09,544 [s2-server-thread2] INFO  server.RaftServer$Division (RaftServerImpl.java:checkInconsistentAppendEntries(1592)) - s2@group-EA982605F2E5: Failed appendEntries as the first entry (index 0) already exists (snapshotIndex: -1, commitIndex: 0)
2022-11-08 19:12:09,544 [s2-server-thread2] INFO  server.RaftServer$Division (RaftServerImpl.java:checkInconsistentAppendEntries(1572)) - s2@group-EA982605F2E5: inconsistency entries. Reply:s1<-s2#1481:FAIL-t2,INCONSISTENCY,nextIndex=1,followerCommit=0,matchIndex=-1
2022-11-08 19:12:09,545 [grpc-default-executor-0] INFO  leader.FollowerInfo (FollowerInfoImpl.java:lambda$new$0(48)) - s1@group-EA982605F2E5->s2: nextIndex: updateUnconditionally 5 -> 1
2022-11-08 19:12:09,545 [s2-server-thread2] DEBUG server.RaftServer$Division (RaftServerImpl.java:logAppendEntries(1421)) - s2@group-EA982605F2E5: receive appendEntries(s1, 2, (t:2, i:0), 4, true, commits:[s1:c4, s0:c4, s2:c0], cId:1482, entries: [(t:2, i:1), STATEMACHINELOGENTRY, 0@client-2EFB324ADA71, (t:2, i:2), METADATAENTRY(c:1), (t:2, i:3), STATEMACHINELOGENTRY, 999@client-AE8279CAF820, (t:2, i:4), METADATAENTRY(c:3)]
2022-11-08 19:12:09,545 [s2-server-thread2] INFO  server.RaftServer$Division (RaftServerImpl.java:checkInconsistentAppendEntries(1602)) - s2@group-EA982605F2E5: Failed appendEntries as previous log entry ((t:2, i:0)) is not found
2022-11-08 19:12:09,545 [s2-server-thread2] INFO  server.RaftServer$Division (RaftServerImpl.java:checkInconsistentAppendEntries(1572)) - s2@group-EA982605F2E5: inconsistency entries. Reply:s1<-s2#1482:FAIL-t2,INCONSISTENCY,nextIndex=0,followerCommit=0,matchIndex=-1
2022-11-08 19:12:09,546 [grpc-default-executor-0] INFO  leader.FollowerInfo (FollowerInfoImpl.java:lambda$new$0(48)) - s1@group-EA982605F2E5->s2: nextIndex: updateUnconditionally 5 -> 0
2022-11-08 19:12:09,546 [s2-server-thread2] DEBUG server.RaftServer$Division (RaftServerImpl.java:logAppendEntries(1421)) - s2@group-EA982605F2E5: receive appendEntries(s1, 2, null, 4, true, commits:[s1:c4, s0:c4, s2:c0], cId:1483, entries: [(t:2, i:0), CONFIGURATIONENTRY(current:id: "s0"
address: "localhost:34297"
dataStreamAddress: "localhost:43983"
clientAddress: "localhost:39609"
adminAddress: "localhost:37077"
startupRole: FOLLOWER
,id: "s1"
address: "localhost:38917"
dataStreamAddress: "localhost:45719"
clientAddress: "localhost:36975"
adminAddress: "localhost:40635"
startupRole: FOLLOWER
,id: "s2"
address: "localhost:35511"
dataStreamAddress: "localhost:38827"
clientAddress: "localhost:42865"
adminAddress: "localhost:36791"
startupRole: FOLLOWER
, old:), (t:2, i:1), STATEMACHINELOGENTRY, 0@client-2EFB324ADA71, (t:2, i:2), METADATAENTRY(c:1), (t:2, i:3), STATEMACHINELOGENTRY, 999@client-AE8279CAF820, (t:2, i:4), METADATAENTRY(c:3)]
2022-11-08 19:12:09,546 [s2-server-thread2] INFO  server.RaftServer$Division (RaftServerImpl.java:checkInconsistentAppendEntries(1592)) - s2@group-EA982605F2E5: Failed appendEntries as the first entry (index 0) already exists (snapshotIndex: -1, commitIndex: 0)
2022-11-08 19:12:09,546 [s2-server-thread2] INFO  server.RaftServer$Division (RaftServerImpl.java:checkInconsistentAppendEntries(1572)) - s2@group-EA982605F2E5: inconsistency entries. Reply:s1<-s2#1483:FAIL-t2,INCONSISTENCY,nextIndex=1,followerCommit=0,matchIndex=-1
2022-11-08 19:12:09,547 [grpc-default-executor-0] INFO  leader.FollowerInfo (FollowerInfoImpl.java:lambda$new$0(48)) - s1@group-EA982605F2E5->s2: nextIndex: updateUnconditionally 5 -> 1
2022-11-08 19:12:09,547 [s2-server-thread2] DEBUG server.RaftServer$Division (RaftServerImpl.java:logAppendEntries(1421)) - s2@group-EA982605F2E5: receive appendEntries(s1, 2, (t:2, i:0), 4, true, commits:[s1:c4, s0:c4, s2:c0], cId:1484, entries: [(t:2, i:1), STATEMACHINELOGENTRY, 0@client-2EFB324ADA71, (t:2, i:2), METADATAENTRY(c:1), (t:2, i:3), STATEMACHINELOGENTRY, 999@client-AE8279CAF820, (t:2, i:4), METADATAENTRY(c:3)]
2022-11-08 19:12:09,547 [s2-server-thread2] INFO  server.RaftServer$Division (RaftServerImpl.java:checkInconsistentAppendEntries(1602)) - s2@group-EA982605F2E5: Failed appendEntries as previous log entry ((t:2, i:0)) is not found
2022-11-08 19:12:09,548 [s2-server-thread2] INFO  server.RaftServer$Division (RaftServerImpl.java:checkInconsistentAppendEntries(1572)) - s2@group-EA982605F2E5: inconsistency entries. Reply:s1<-s2#1484:FAIL-t2,INCONSISTENCY,nextIndex=0,followerCommit=0,matchIndex=-1
2022-11-08 19:12:09,548 [grpc-default-executor-0] INFO  leader.FollowerInfo (FollowerInfoImpl.java:lambda$new$0(48)) - s1@group-EA982605F2E5->s2: nextIndex: updateUnconditionally 5 -> 0
2022-11-08 19:12:09,548 [s2-server-thread2] DEBUG server.RaftServer$Division (RaftServerImpl.java:logAppendEntries(1421)) - s2@group-EA982605F2E5: receive appendEntries(s1, 2, null, 4, true, commits:[s1:c4, s0:c4, s2:c0], cId:1485, entries: [(t:2, i:0), CONFIGURATIONENTRY(current:id: "s0"
address: "localhost:34297"
dataStreamAddress: "localhost:43983"
clientAddress: "localhost:39609"
adminAddress: "localhost:37077"
startupRole: FOLLOWER
,id: "s1"
address: "localhost:38917"
dataStreamAddress: "localhost:45719"
clientAddress: "localhost:36975"
adminAddress: "localhost:40635"
startupRole: FOLLOWER
,id: "s2"
address: "localhost:35511"
dataStreamAddress: "localhost:38827"
clientAddress: "localhost:42865"
adminAddress: "localhost:36791"
startupRole: FOLLOWER
, old:), (t:2, i:1), STATEMACHINELOGENTRY, 0@client-2EFB324ADA71, (t:2, i:2), METADATAENTRY(c:1), (t:2, i:3), STATEMACHINELOGENTRY, 999@client-AE8279CAF820, (t:2, i:4), METADATAENTRY(c:3)]
2022-11-08 19:12:09,549 [s2-server-thread2] INFO  server.RaftServer$Division (RaftServerImpl.java:checkInconsistentAppendEntries(1592)) - s2@group-EA982605F2E5: Failed appendEntries as the first entry (index 0) already exists (snapshotIndex: -1, commitIndex: 0)
2022-11-08 19:12:09,549 [s2-server-thread2] INFO  server.RaftServer$Division (RaftServerImpl.java:checkInconsistentAppendEntries(1572)) - s2@group-EA982605F2E5: inconsistency entries. Reply:s1<-s2#1485:FAIL-t2,INCONSISTENCY,nextIndex=1,followerCommit=0,matchIndex=-1
2022-11-08 19:12:09,549 [grpc-default-executor-0] INFO  leader.FollowerInfo (FollowerInfoImpl.java:lambda$new$0(48)) - s1@group-EA982605F2E5->s2: nextIndex: updateUnconditionally 5 -> 1
2022-11-08 19:12:09,550 [s2-server-thread2] DEBUG server.RaftServer$Division (RaftServerImpl.java:logAppendEntries(1421)) - s2@group-EA982605F2E5: receive appendEntries(s1, 2, (t:2, i:0), 4, true, commits:[s1:c4, s0:c4, s2:c0], cId:1486, entries: [(t:2, i:1), STATEMACHINELOGENTRY, 0@client-2EFB324ADA71, (t:2, i:2), METADATAENTRY(c:1), (t:2, i:3), STATEMACHINELOGENTRY, 999@client-AE8279CAF820, (t:2, i:4), METADATAENTRY(c:3)]
2022-11-08 19:12:09,550 [s2-server-thread2] INFO  server.RaftServer$Division (RaftServerImpl.java:checkInconsistentAppendEntries(1602)) - s2@group-EA982605F2E5: Failed appendEntries as previous log entry ((t:2, i:0)) is not found
2022-11-08 19:12:09,550 [s2-server-thread2] INFO  server.RaftServer$Division (RaftServerImpl.java:checkInconsistentAppendEntries(1572)) - s2@group-EA982605F2E5: inconsistency entries. Reply:s1<-s2#1486:FAIL-t2,INCONSISTENCY,nextIndex=0,followerCommit=0,matchIndex=-1
2022-11-08 19:12:09,550 [grpc-default-executor-0] INFO  leader.FollowerInfo (FollowerInfoImpl.java:lambda$new$0(48)) - s1@group-EA982605F2E5->s2: nextIndex: updateUnconditionally 5 -> 0
2022-11-08 19:12:09,551 [s2-server-thread2] DEBUG server.RaftServer$Division (RaftServerImpl.java:logAppendEntries(1421)) - s2@group-EA982605F2E5: receive appendEntries(s1, 2, null, 4, true, commits:[s1:c4, s0:c4, s2:c0], cId:1487, entries: [(t:2, i:0), CONFIGURATIONENTRY(current:id: "s0"
address: "localhost:34297"
dataStreamAddress: "localhost:43983"
clientAddress: "localhost:39609"
adminAddress: "localhost:37077"
startupRole: FOLLOWER
,id: "s1"
address: "localhost:38917"
dataStreamAddress: "localhost:45719"
clientAddress: "localhost:36975"
adminAddress: "localhost:40635"
startupRole: FOLLOWER
,id: "s2"
address: "localhost:35511"
dataStreamAddress: "localhost:38827"
clientAddress: "localhost:42865"
adminAddress: "localhost:36791"
startupRole: FOLLOWER
, old:), (t:2, i:1), STATEMACHINELOGENTRY, 0@client-2EFB324ADA71, (t:2, i:2), METADATAENTRY(c:1), (t:2, i:3), STATEMACHINELOGENTRY, 999@client-AE8279CAF820, (t:2, i:4), METADATAENTRY(c:3)]
2022-11-08 19:12:09,551 [s2-server-thread2] INFO  server.RaftServer$Division (RaftServerImpl.java:checkInconsistentAppendEntries(1592)) - s2@group-EA982605F2E5: Failed appendEntries as the first entry (index 0) already exists (snapshotIndex: -1, commitIndex: 0)
2022-11-08 19:12:09,551 [s2-server-thread2] INFO  server.RaftServer$Division (RaftServerImpl.java:checkInconsistentAppendEntries(1572)) - s2@group-EA982605F2E5: inconsistency entries. Reply:s1<-s2#1487:FAIL-t2,INCONSISTENCY,nextIndex=1,followerCommit=0,matchIndex=-1
2022-11-08 19:12:09,551 [grpc-default-executor-0] INFO  leader.FollowerInfo (FollowerInfoImpl.java:lambda$new$0(48)) - s1@group-EA982605F2E5->s2: nextIndex: updateUnconditionally 5 -> 1
2022-11-08 19:12:09,552 [s2-server-thread2] DEBUG server.RaftServer$Division (RaftServerImpl.java:logAppendEntries(1421)) - s2@group-EA982605F2E5: receive appendEntries(s1, 2, (t:2, i:0), 4, true, commits:[s1:c4, s0:c4, s2:c0], cId:1488, entries: [(t:2, i:1), STATEMACHINELOGENTRY, 0@client-2EFB324ADA71, (t:2, i:2), METADATAENTRY(c:1), (t:2, i:3), STATEMACHINELOGENTRY, 999@client-AE8279CAF820, (t:2, i:4), METADATAENTRY(c:3)]
2022-11-08 19:12:09,552 [s2-server-thread2] INFO  server.RaftServer$Division (RaftServerImpl.java:checkInconsistentAppendEntries(1602)) - s2@group-EA982605F2E5: Failed appendEntries as previous log entry ((t:2, i:0)) is not found
2022-11-08 19:12:09,552 [s2-server-thread2] INFO  server.RaftServer$Division (RaftServerImpl.java:checkInconsistentAppendEntries(1572)) - s2@group-EA982605F2E5: inconsistency entries. Reply:s1<-s2#1488:FAIL-t2,INCONSISTENCY,nextIndex=0,followerCommit=0,matchIndex=-1
2022-11-08 19:12:09,552 [grpc-default-executor-0] INFO  leader.FollowerInfo (FollowerInfoImpl.java:lambda$new$0(48)) - s1@group-EA982605F2E5->s2: nextIndex: updateUnconditionally 5 -> 0
2022-11-08 19:12:09,553 [s2-server-thread2] DEBUG server.RaftServer$Division (RaftServerImpl.java:logAppendEntries(1421)) - s2@group-EA982605F2E5: receive appendEntries(s1, 2, null, 4, true, commits:[s1:c4, s0:c4, s2:c0], cId:1489, entries: [(t:2, i:0), CONFIGURATIONENTRY(current:id: "s0"
address: "localhost:34297"
dataStreamAddress: "localhost:43983"
clientAddress: "localhost:39609"
adminAddress: "localhost:37077"
startupRole: FOLLOWER
,id: "s1"
address: "localhost:38917"
dataStreamAddress: "localhost:45719"
clientAddress: "localhost:36975"
adminAddress: "localhost:40635"
startupRole: FOLLOWER
,id: "s2"
address: "localhost:35511"
dataStreamAddress: "localhost:38827"
clientAddress: "localhost:42865"
adminAddress: "localhost:36791"
startupRole: FOLLOWER
, old:), (t:2, i:1), STATEMACHINELOGENTRY, 0@client-2EFB324ADA71, (t:2, i:2), METADATAENTRY(c:1), (t:2, i:3), STATEMACHINELOGENTRY, 999@client-AE8279CAF820, (t:2, i:4), METADATAENTRY(c:3)]
2022-11-08 19:12:09,553 [s2-server-thread2] INFO  server.RaftServer$Division (RaftServerImpl.java:checkInconsistentAppendEntries(1592)) - s2@group-EA982605F2E5: Failed appendEntries as the first entry (index 0) already exists (snapshotIndex: -1, commitIndex: 0)
2022-11-08 19:12:09,553 [s2-server-thread2] INFO  server.RaftServer$Division (RaftServerImpl.java:checkInconsistentAppendEntries(1572)) - s2@group-EA982605F2E5: inconsistency entries. Reply:s1<-s2#1489:FAIL-t2,INCONSISTENCY,nextIndex=1,followerCommit=0,matchIndex=-1
2022-11-08 19:12:09,553 [grpc-default-executor-0] INFO  leader.FollowerInfo (FollowerInfoImpl.java:lambda$new$0(48)) - s1@group-EA982605F2E5->s2: nextIndex: updateUnconditionally 5 -> 1
2022-11-08 19:12:09,554 [s2-server-thread2] DEBUG server.RaftServer$Division (RaftServerImpl.java:logAppendEntries(1421)) - s2@group-EA982605F2E5: receive appendEntries(s1, 2, (t:2, i:0), 4, true, commits:[s1:c4, s0:c4, s2:c0], cId:1490, entries: [(t:2, i:1), STATEMACHINELOGENTRY, 0@client-2EFB324ADA71, (t:2, i:2), METADATAENTRY(c:1), (t:2, i:3), STATEMACHINELOGENTRY, 999@client-AE8279CAF820, (t:2, i:4), METADATAENTRY(c:3)]
2022-11-08 19:12:09,554 [s2-server-thread2] INFO  server.RaftServer$Division (RaftServerImpl.java:checkInconsistentAppendEntries(1602)) - s2@group-EA982605F2E5: Failed appendEntries as previous log entry ((t:2, i:0)) is not found
2022-11-08 19:12:09,554 [s2-server-thread2] INFO  server.RaftServer$Division (RaftServerImpl.java:checkInconsistentAppendEntries(1572)) - s2@group-EA982605F2E5: inconsistency entries. Reply:s1<-s2#1490:FAIL-t2,INCONSISTENCY,nextIndex=0,followerCommit=0,matchIndex=-1
2022-11-08 19:12:09,555 [grpc-default-executor-0] INFO  leader.FollowerInfo (FollowerInfoImpl.java:lambda$new$0(48)) - s1@group-EA982605F2E5->s2: nextIndex: updateUnconditionally 5 -> 0
2022-11-08 19:12:09,555 [s2-server-thread2] DEBUG server.RaftServer$Division (RaftServerImpl.java:logAppendEntries(1421)) - s2@group-EA982605F2E5: receive appendEntries(s1, 2, null, 4, true, commits:[s1:c4, s0:c4, s2:c0], cId:1491, entries: [(t:2, i:0), CONFIGURATIONENTRY(current:id: "s0"
address: "localhost:34297"
dataStreamAddress: "localhost:43983"
clientAddress: "localhost:39609"
adminAddress: "localhost:37077"
startupRole: FOLLOWER
,id: "s1"
address: "localhost:38917"
dataStreamAddress: "localhost:45719"
clientAddress: "localhost:36975"
adminAddress: "localhost:40635"
startupRole: FOLLOWER
,id: "s2"
address: "localhost:35511"
dataStreamAddress: "localhost:38827"
clientAddress: "localhost:42865"
adminAddress: "localhost:36791"
startupRole: FOLLOWER
, old:), (t:2, i:1), STATEMACHINELOGENTRY, 0@client-2EFB324ADA71, (t:2, i:2), METADATAENTRY(c:1), (t:2, i:3), STATEMACHINELOGENTRY, 999@client-AE8279CAF820, (t:2, i:4), METADATAENTRY(c:3)]
2022-11-08 19:12:09,555 [s2-server-thread2] INFO  server.RaftServer$Division (RaftServerImpl.java:checkInconsistentAppendEntries(1592)) - s2@group-EA982605F2E5: Failed appendEntries as the first entry (index 0) already exists (snapshotIndex: -1, commitIndex: 0)
2022-11-08 19:12:09,556 [s2-server-thread2] INFO  server.RaftServer$Division (RaftServerImpl.java:checkInconsistentAppendEntries(1572)) - s2@group-EA982605F2E5: inconsistency entries. Reply:s1<-s2#1491:FAIL-t2,INCONSISTENCY,nextIndex=1,followerCommit=0,matchIndex=-1
2022-11-08 19:12:09,557 [grpc-default-executor-0] INFO  leader.FollowerInfo (FollowerInfoImpl.java:lambda$new$0(48)) - s1@group-EA982605F2E5->s2: nextIndex: updateUnconditionally 5 -> 1
2022-11-08 19:12:09,557 [s2-server-thread2] DEBUG server.RaftServer$Division (RaftServerImpl.java:logAppendEntries(1421)) - s2@group-EA982605F2E5: receive appendEntries(s1, 2, (t:2, i:0), 4, true, commits:[s1:c4, s0:c4, s2:c0], cId:1492, entries: [(t:2, i:1), STATEMACHINELOGENTRY, 0@client-2EFB324ADA71, (t:2, i:2), METADATAENTRY(c:1), (t:2, i:3), STATEMACHINELOGENTRY, 999@client-AE8279CAF820, (t:2, i:4), METADATAENTRY(c:3)]
2022-11-08 19:12:09,557 [s2-server-thread2] INFO  server.RaftServer$Division (RaftServerImpl.java:checkInconsistentAppendEntries(1602)) - s2@group-EA982605F2E5: Failed appendEntries as previous log entry ((t:2, i:0)) is not found
2022-11-08 19:12:09,557 [s2-server-thread2] INFO  server.RaftServer$Division (RaftServerImpl.java:checkInconsistentAppendEntries(1572)) - s2@group-EA982605F2E5: inconsistency entries. Reply:s1<-s2#1492:FAIL-t2,INCONSISTENCY,nextIndex=0,followerCommit=0,matchIndex=-1
2022-11-08 19:12:09,558 [grpc-default-executor-0] INFO  leader.FollowerInfo (FollowerInfoImpl.java:lambda$new$0(48)) - s1@group-EA982605F2E5->s2: nextIndex: updateUnconditionally 5 -> 0
2022-11-08 19:12:09,558 [s2-server-thread2] DEBUG server.RaftServer$Division (RaftServerImpl.java:logAppendEntries(1421)) - s2@group-EA982605F2E5: receive appendEntries(s1, 2, null, 4, true, commits:[s1:c4, s0:c4, s2:c0], cId:1493, entries: [(t:2, i:0), CONFIGURATIONENTRY(current:id: "s0"
address: "localhost:34297"
dataStreamAddress: "localhost:43983"
clientAddress: "localhost:39609"
adminAddress: "localhost:37077"
startupRole: FOLLOWER
,id: "s1"
address: "localhost:38917"
dataStreamAddress: "localhost:45719"
clientAddress: "localhost:36975"
adminAddress: "localhost:40635"
startupRole: FOLLOWER
,id: "s2"
address: "localhost:35511"
dataStreamAddress: "localhost:38827"
clientAddress: "localhost:42865"
adminAddress: "localhost:36791"
startupRole: FOLLOWER
, old:), (t:2, i:1), STATEMACHINELOGENTRY, 0@client-2EFB324ADA71, (t:2, i:2), METADATAENTRY(c:1), (t:2, i:3), STATEMACHINELOGENTRY, 999@client-AE8279CAF820, (t:2, i:4), METADATAENTRY(c:3)]
2022-11-08 19:12:09,559 [s2-server-thread2] INFO  server.RaftServer$Division (RaftServerImpl.java:checkInconsistentAppendEntries(1592)) - s2@group-EA982605F2E5: Failed appendEntries as the first entry (index 0) already exists (snapshotIndex: -1, commitIndex: 0)
2022-11-08 19:12:09,559 [s2-server-thread2] INFO  server.RaftServer$Division (RaftServerImpl.java:checkInconsistentAppendEntries(1572)) - s2@group-EA982605F2E5: inconsistency entries. Reply:s1<-s2#1493:FAIL-t2,INCONSISTENCY,nextIndex=1,followerCommit=0,matchIndex=-1
2022-11-08 19:12:09,559 [grpc-default-executor-0] INFO  leader.FollowerInfo (FollowerInfoImpl.java:lambda$new$0(48)) - s1@group-EA982605F2E5->s2: nextIndex: updateUnconditionally 5 -> 1
2022-11-08 19:12:09,560 [s2-server-thread2] DEBUG server.RaftServer$Division (RaftServerImpl.java:logAppendEntries(1421)) - s2@group-EA982605F2E5: receive appendEntries(s1, 2, (t:2, i:0), 4, true, commits:[s1:c4, s0:c4, s2:c0], cId:1494, entries: [(t:2, i:1), STATEMACHINELOGENTRY, 0@client-2EFB324ADA71, (t:2, i:2), METADATAENTRY(c:1), (t:2, i:3), STATEMACHINELOGENTRY, 999@client-AE8279CAF820, (t:2, i:4), METADATAENTRY(c:3)]
2022-11-08 19:12:09,560 [s2-server-thread2] INFO  server.RaftServer$Division (RaftServerImpl.java:checkInconsistentAppendEntries(1602)) - s2@group-EA982605F2E5: Failed appendEntries as previous log entry ((t:2, i:0)) is not found
2022-11-08 19:12:09,560 [s2-server-thread2] INFO  server.RaftServer$Division (RaftServerImpl.java:checkInconsistentAppendEntries(1572)) - s2@group-EA982605F2E5: inconsistency entries. Reply:s1<-s2#1494:FAIL-t2,INCONSISTENCY,nextIndex=0,followerCommit=0,matchIndex=-1
2022-11-08 19:12:09,560 [grpc-default-executor-0] INFO  leader.FollowerInfo (FollowerInfoImpl.java:lambda$new$0(48)) - s1@group-EA982605F2E5->s2: nextIndex: updateUnconditionally 5 -> 0
2022-11-08 19:12:09,561 [s2-server-thread2] DEBUG server.RaftServer$Division (RaftServerImpl.java:logAppendEntries(1421)) - s2@group-EA982605F2E5: receive appendEntries(s1, 2, null, 4, true, commits:[s1:c4, s0:c4, s2:c0], cId:1495, entries: [(t:2, i:0), CONFIGURATIONENTRY(current:id: "s0"
address: "localhost:34297"
dataStreamAddress: "localhost:43983"
clientAddress: "localhost:39609"
adminAddress: "localhost:37077"
startupRole: FOLLOWER
,id: "s1"
address: "localhost:38917"
dataStreamAddress: "localhost:45719"
clientAddress: "localhost:36975"
adminAddress: "localhost:40635"
startupRole: FOLLOWER
,id: "s2"
address: "localhost:35511"
dataStreamAddress: "localhost:38827"
clientAddress: "localhost:42865"
adminAddress: "localhost:36791"
startupRole: FOLLOWER
, old:), (t:2, i:1), STATEMACHINELOGENTRY, 0@client-2EFB324ADA71, (t:2, i:2), METADATAENTRY(c:1), (t:2, i:3), STATEMACHINELOGENTRY, 999@client-AE8279CAF820, (t:2, i:4), METADATAENTRY(c:3)]
2022-11-08 19:12:09,561 [s2-server-thread2] INFO  server.RaftServer$Division (RaftServerImpl.java:checkInconsistentAppendEntries(1592)) - s2@group-EA982605F2E5: Failed appendEntries as the first entry (index 0) already exists (snapshotIndex: -1, commitIndex: 0)
2022-11-08 19:12:09,561 [s2-server-thread2] INFO  server.RaftServer$Division (RaftServerImpl.java:checkInconsistentAppendEntries(1572)) - s2@group-EA982605F2E5: inconsistency entries. Reply:s1<-s2#1495:FAIL-t2,INCONSISTENCY,nextIndex=1,followerCommit=0,matchIndex=-1
2022-11-08 19:12:09,561 [grpc-default-executor-0] INFO  leader.FollowerInfo (FollowerInfoImpl.java:lambda$new$0(48)) - s1@group-EA982605F2E5->s2: nextIndex: updateUnconditionally 5 -> 1
2022-11-08 19:12:09,562 [s2-server-thread2] DEBUG server.RaftServer$Division (RaftServerImpl.java:logAppendEntries(1421)) - s2@group-EA982605F2E5: receive appendEntries(s1, 2, (t:2, i:0), 4, true, commits:[s1:c4, s0:c4, s2:c0], cId:1496, entries: [(t:2, i:1), STATEMACHINELOGENTRY, 0@client-2EFB324ADA71, (t:2, i:2), METADATAENTRY(c:1), (t:2, i:3), STATEMACHINELOGENTRY, 999@client-AE8279CAF820, (t:2, i:4), METADATAENTRY(c:3)]
2022-11-08 19:12:09,562 [s2-server-thread2] INFO  server.RaftServer$Division (RaftServerImpl.java:checkInconsistentAppendEntries(1602)) - s2@group-EA982605F2E5: Failed appendEntries as previous log entry ((t:2, i:0)) is not found
2022-11-08 19:12:09,562 [s2-server-thread2] INFO  server.RaftServer$Division (RaftServerImpl.java:checkInconsistentAppendEntries(1572)) - s2@group-EA982605F2E5: inconsistency entries. Reply:s1<-s2#1496:FAIL-t2,INCONSISTENCY,nextIndex=0,followerCommit=0,matchIndex=-1
2022-11-08 19:12:09,563 [grpc-default-executor-0] INFO  leader.FollowerInfo (FollowerInfoImpl.java:lambda$new$0(48)) - s1@group-EA982605F2E5->s2: nextIndex: updateUnconditionally 5 -> 0
2022-11-08 19:12:09,563 [s2-server-thread2] DEBUG server.RaftServer$Division (RaftServerImpl.java:logAppendEntries(1421)) - s2@group-EA982605F2E5: receive appendEntries(s1, 2, null, 4, true, commits:[s1:c4, s0:c4, s2:c0], cId:1497, entries: [(t:2, i:0), CONFIGURATIONENTRY(current:id: "s0"
address: "localhost:34297"
dataStreamAddress: "localhost:43983"
clientAddress: "localhost:39609"
adminAddress: "localhost:37077"
startupRole: FOLLOWER
,id: "s1"
address: "localhost:38917"
dataStreamAddress: "localhost:45719"
clientAddress: "localhost:36975"
adminAddress: "localhost:40635"
startupRole: FOLLOWER
,id: "s2"
address: "localhost:35511"
dataStreamAddress: "localhost:38827"
clientAddress: "localhost:42865"
adminAddress: "localhost:36791"
startupRole: FOLLOWER
, old:), (t:2, i:1), STATEMACHINELOGENTRY, 0@client-2EFB324ADA71, (t:2, i:2), METADATAENTRY(c:1), (t:2, i:3), STATEMACHINELOGENTRY, 999@client-AE8279CAF820, (t:2, i:4), METADATAENTRY(c:3)]
2022-11-08 19:12:09,563 [s2-server-thread2] INFO  server.RaftServer$Division (RaftServerImpl.java:checkInconsistentAppendEntries(1592)) - s2@group-EA982605F2E5: Failed appendEntries as the first entry (index 0) already exists (snapshotIndex: -1, commitIndex: 0)
2022-11-08 19:12:09,563 [s2-server-thread2] INFO  server.RaftServer$Division (RaftServerImpl.java:checkInconsistentAppendEntries(1572)) - s2@group-EA982605F2E5: inconsistency entries. Reply:s1<-s2#1497:FAIL-t2,INCONSISTENCY,nextIndex=1,followerCommit=0,matchIndex=-1
2022-11-08 19:12:09,564 [grpc-default-executor-0] INFO  leader.FollowerInfo (FollowerInfoImpl.java:lambda$new$0(48)) - s1@group-EA982605F2E5->s2: nextIndex: updateUnconditionally 5 -> 1
2022-11-08 19:12:09,564 [s2-server-thread2] DEBUG server.RaftServer$Division (RaftServerImpl.java:logAppendEntries(1421)) - s2@group-EA982605F2E5: receive appendEntries(s1, 2, (t:2, i:0), 4, true, commits:[s1:c4, s0:c4, s2:c0], cId:1498, entries: [(t:2, i:1), STATEMACHINELOGENTRY, 0@client-2EFB324ADA71, (t:2, i:2), METADATAENTRY(c:1), (t:2, i:3), STATEMACHINELOGENTRY, 999@client-AE8279CAF820, (t:2, i:4), METADATAENTRY(c:3)]
2022-11-08 19:12:09,565 [s2-server-thread2] INFO  server.RaftServer$Division (RaftServerImpl.java:checkInconsistentAppendEntries(1602)) - s2@group-EA982605F2E5: Failed appendEntries as previous log entry ((t:2, i:0)) is not found
2022-11-08 19:12:09,565 [s2-server-thread2] INFO  server.RaftServer$Division (RaftServerImpl.java:checkInconsistentAppendEntries(1572)) - s2@group-EA982605F2E5: inconsistency entries. Reply:s1<-s2#1498:FAIL-t2,INCONSISTENCY,nextIndex=0,followerCommit=0,matchIndex=-1
2022-11-08 19:12:09,565 [grpc-default-executor-0] INFO  leader.FollowerInfo (FollowerInfoImpl.java:lambda$new$0(48)) - s1@group-EA982605F2E5->s2: nextIndex: updateUnconditionally 5 -> 0
2022-11-08 19:12:09,566 [s2-server-thread2] DEBUG server.RaftServer$Division (RaftServerImpl.java:logAppendEntries(1421)) - s2@group-EA982605F2E5: receive appendEntries(s1, 2, null, 4, true, commits:[s1:c4, s0:c4, s2:c0], cId:1499, entries: [(t:2, i:0), CONFIGURATIONENTRY(current:id: "s0"
address: "localhost:34297"
dataStreamAddress: "localhost:43983"
clientAddress: "localhost:39609"
adminAddress: "localhost:37077"
startupRole: FOLLOWER
,id: "s1"
address: "localhost:38917"
dataStreamAddress: "localhost:45719"
clientAddress: "localhost:36975"
adminAddress: "localhost:40635"
startupRole: FOLLOWER
,id: "s2"
address: "localhost:35511"
dataStreamAddress: "localhost:38827"
clientAddress: "localhost:42865"
adminAddress: "localhost:36791"
startupRole: FOLLOWER
, old:), (t:2, i:1), STATEMACHINELOGENTRY, 0@client-2EFB324ADA71, (t:2, i:2), METADATAENTRY(c:1), (t:2, i:3), STATEMACHINELOGENTRY, 999@client-AE8279CAF820, (t:2, i:4), METADATAENTRY(c:3)]
2022-11-08 19:12:09,566 [s2-server-thread2] INFO  server.RaftServer$Division (RaftServerImpl.java:checkInconsistentAppendEntries(1592)) - s2@group-EA982605F2E5: Failed appendEntries as the first entry (index 0) already exists (snapshotIndex: -1, commitIndex: 0)
2022-11-08 19:12:09,566 [s2-server-thread2] INFO  server.RaftServer$Division (RaftServerImpl.java:checkInconsistentAppendEntries(1572)) - s2@group-EA982605F2E5: inconsistency entries. Reply:s1<-s2#1499:FAIL-t2,INCONSISTENCY,nextIndex=1,followerCommit=0,matchIndex=-1
2022-11-08 19:12:09,566 [grpc-default-executor-0] INFO  leader.FollowerInfo (FollowerInfoImpl.java:lambda$new$0(48)) - s1@group-EA982605F2E5->s2: nextIndex: updateUnconditionally 5 -> 1
2022-11-08 19:12:09,567 [s2-server-thread2] DEBUG server.RaftServer$Division (RaftServerImpl.java:logAppendEntries(1421)) - s2@group-EA982605F2E5: receive appendEntries(s1, 2, (t:2, i:0), 4, true, commits:[s1:c4, s0:c4, s2:c0], cId:1500, entries: [(t:2, i:1), STATEMACHINELOGENTRY, 0@client-2EFB324ADA71, (t:2, i:2), METADATAENTRY(c:1), (t:2, i:3), STATEMACHINELOGENTRY, 999@client-AE8279CAF820, (t:2, i:4), METADATAENTRY(c:3)]
2022-11-08 19:12:09,567 [s2-server-thread2] INFO  server.RaftServer$Division (RaftServerImpl.java:checkInconsistentAppendEntries(1602)) - s2@group-EA982605F2E5: Failed appendEntries as previous log entry ((t:2, i:0)) is not found
2022-11-08 19:12:09,567 [s2-server-thread2] INFO  server.RaftServer$Division (RaftServerImpl.java:checkInconsistentAppendEntries(1572)) - s2@group-EA982605F2E5: inconsistency entries. Reply:s1<-s2#1500:FAIL-t2,INCONSISTENCY,nextIndex=0,followerCommit=0,matchIndex=-1
2022-11-08 19:12:09,567 [grpc-default-executor-0] INFO  leader.FollowerInfo (FollowerInfoImpl.java:lambda$new$0(48)) - s1@group-EA982605F2E5->s2: nextIndex: updateUnconditionally 5 -> 0
2022-11-08 19:12:09,568 [s2-server-thread2] DEBUG server.RaftServer$Division (RaftServerImpl.java:logAppendEntries(1421)) - s2@group-EA982605F2E5: receive appendEntries(s1, 2, null, 4, true, commits:[s1:c4, s0:c4, s2:c0], cId:1501, entries: [(t:2, i:0), CONFIGURATIONENTRY(current:id: "s0"
address: "localhost:34297"
dataStreamAddress: "localhost:43983"
clientAddress: "localhost:39609"
adminAddress: "localhost:37077"
startupRole: FOLLOWER
,id: "s1"
address: "localhost:38917"
dataStreamAddress: "localhost:45719"
clientAddress: "localhost:36975"
adminAddress: "localhost:40635"
startupRole: FOLLOWER
,id: "s2"
address: "localhost:35511"
dataStreamAddress: "localhost:38827"
clientAddress: "localhost:42865"
adminAddress: "localhost:36791"
startupRole: FOLLOWER
, old:), (t:2, i:1), STATEMACHINELOGENTRY, 0@client-2EFB324ADA71, (t:2, i:2), METADATAENTRY(c:1), (t:2, i:3), STATEMACHINELOGENTRY, 999@client-AE8279CAF820, (t:2, i:4), METADATAENTRY(c:3)]
2022-11-08 19:12:09,568 [s2-server-thread2] INFO  server.RaftServer$Division (RaftServerImpl.java:checkInconsistentAppendEntries(1592)) - s2@group-EA982605F2E5: Failed appendEntries as the first entry (index 0) already exists (snapshotIndex: -1, commitIndex: 0)
2022-11-08 19:12:09,568 [s2-server-thread2] INFO  server.RaftServer$Division (RaftServerImpl.java:checkInconsistentAppendEntries(1572)) - s2@group-EA982605F2E5: inconsistency entries. Reply:s1<-s2#1501:FAIL-t2,INCONSISTENCY,nextIndex=1,followerCommit=0,matchIndex=-1
2022-11-08 19:12:09,569 [grpc-default-executor-0] INFO  leader.FollowerInfo (FollowerInfoImpl.java:lambda$new$0(48)) - s1@group-EA982605F2E5->s2: nextIndex: updateUnconditionally 5 -> 1
2022-11-08 19:12:09,569 [s2-server-thread2] DEBUG server.RaftServer$Division (RaftServerImpl.java:logAppendEntries(1421)) - s2@group-EA982605F2E5: receive appendEntries(s1, 2, (t:2, i:0), 4, true, commits:[s1:c4, s0:c4, s2:c0], cId:1502, entries: [(t:2, i:1), STATEMACHINELOGENTRY, 0@client-2EFB324ADA71, (t:2, i:2), METADATAENTRY(c:1), (t:2, i:3), STATEMACHINELOGENTRY, 999@client-AE8279CAF820, (t:2, i:4), METADATAENTRY(c:3)]
2022-11-08 19:12:09,569 [s2-server-thread2] INFO  server.RaftServer$Division (RaftServerImpl.java:checkInconsistentAppendEntries(1602)) - s2@group-EA982605F2E5: Failed appendEntries as previous log entry ((t:2, i:0)) is not found
2022-11-08 19:12:09,569 [s2-server-thread2] INFO  server.RaftServer$Division (RaftServerImpl.java:checkInconsistentAppendEntries(1572)) - s2@group-EA982605F2E5: inconsistency entries. Reply:s1<-s2#1502:FAIL-t2,INCONSISTENCY,nextIndex=0,followerCommit=0,matchIndex=-1
2022-11-08 19:12:09,570 [grpc-default-executor-0] INFO  leader.FollowerInfo (FollowerInfoImpl.java:lambda$new$0(48)) - s1@group-EA982605F2E5->s2: nextIndex: updateUnconditionally 5 -> 0
2022-11-08 19:12:09,570 [s2-server-thread2] DEBUG server.RaftServer$Division (RaftServerImpl.java:logAppendEntries(1421)) - s2@group-EA982605F2E5: receive appendEntries(s1, 2, null, 4, true, commits:[s1:c4, s0:c4, s2:c0], cId:1503, entries: [(t:2, i:0), CONFIGURATIONENTRY(current:id: "s0"
address: "localhost:34297"
dataStreamAddress: "localhost:43983"
clientAddress: "localhost:39609"
adminAddress: "localhost:37077"
startupRole: FOLLOWER
,id: "s1"
address: "localhost:38917"
dataStreamAddress: "localhost:45719"
clientAddress: "localhost:36975"
adminAddress: "localhost:40635"
startupRole: FOLLOWER
,id: "s2"
address: "localhost:35511"
dataStreamAddress: "localhost:38827"
clientAddress: "localhost:42865"
adminAddress: "localhost:36791"
startupRole: FOLLOWER
, old:), (t:2, i:1), STATEMACHINELOGENTRY, 0@client-2EFB324ADA71, (t:2, i:2), METADATAENTRY(c:1), (t:2, i:3), STATEMACHINELOGENTRY, 999@client-AE8279CAF820, (t:2, i:4), METADATAENTRY(c:3)]
2022-11-08 19:12:09,570 [s2-server-thread2] INFO  server.RaftServer$Division (RaftServerImpl.java:checkInconsistentAppendEntries(1592)) - s2@group-EA982605F2E5: Failed appendEntries as the first entry (index 0) already exists (snapshotIndex: -1, commitIndex: 0)
2022-11-08 19:12:09,571 [s2-server-thread2] INFO  server.RaftServer$Division (RaftServerImpl.java:checkInconsistentAppendEntries(1572)) - s2@group-EA982605F2E5: inconsistency entries. Reply:s1<-s2#1503:FAIL-t2,INCONSISTENCY,nextIndex=1,followerCommit=0,matchIndex=-1
2022-11-08 19:12:09,571 [grpc-default-executor-0] INFO  leader.FollowerInfo (FollowerInfoImpl.java:lambda$new$0(48)) - s1@group-EA982605F2E5->s2: nextIndex: updateUnconditionally 5 -> 1
2022-11-08 19:12:09,572 [s2-server-thread2] DEBUG server.RaftServer$Division (RaftServerImpl.java:logAppendEntries(1421)) - s2@group-EA982605F2E5: receive appendEntries(s1, 2, (t:2, i:0), 4, true, commits:[s1:c4, s0:c4, s2:c0], cId:1504, entries: [(t:2, i:1), STATEMACHINELOGENTRY, 0@client-2EFB324ADA71, (t:2, i:2), METADATAENTRY(c:1), (t:2, i:3), STATEMACHINELOGENTRY, 999@client-AE8279CAF820, (t:2, i:4), METADATAENTRY(c:3)]
2022-11-08 19:12:09,572 [s2-server-thread2] INFO  server.RaftServer$Division (RaftServerImpl.java:checkInconsistentAppendEntries(1602)) - s2@group-EA982605F2E5: Failed appendEntries as previous log entry ((t:2, i:0)) is not found
2022-11-08 19:12:09,572 [s2-server-thread2] INFO  server.RaftServer$Division (RaftServerImpl.java:checkInconsistentAppendEntries(1572)) - s2@group-EA982605F2E5: inconsistency entries. Reply:s1<-s2#1504:FAIL-t2,INCONSISTENCY,nextIndex=0,followerCommit=0,matchIndex=-1
2022-11-08 19:12:09,572 [grpc-default-executor-0] INFO  leader.FollowerInfo (FollowerInfoImpl.java:lambda$new$0(48)) - s1@group-EA982605F2E5->s2: nextIndex: updateUnconditionally 5 -> 0
2022-11-08 19:12:09,573 [s2-server-thread2] DEBUG server.RaftServer$Division (RaftServerImpl.java:logAppendEntries(1421)) - s2@group-EA982605F2E5: receive appendEntries(s1, 2, null, 4, true, commits:[s1:c4, s0:c4, s2:c0], cId:1505, entries: [(t:2, i:0), CONFIGURATIONENTRY(current:id: "s0"
address: "localhost:34297"
dataStreamAddress: "localhost:43983"
clientAddress: "localhost:39609"
adminAddress: "localhost:37077"
startupRole: FOLLOWER
,id: "s1"
address: "localhost:38917"
dataStreamAddress: "localhost:45719"
clientAddress: "localhost:36975"
adminAddress: "localhost:40635"
startupRole: FOLLOWER
,id: "s2"
address: "localhost:35511"
dataStreamAddress: "localhost:38827"
clientAddress: "localhost:42865"
adminAddress: "localhost:36791"
startupRole: FOLLOWER
, old:), (t:2, i:1), STATEMACHINELOGENTRY, 0@client-2EFB324ADA71, (t:2, i:2), METADATAENTRY(c:1), (t:2, i:3), STATEMACHINELOGENTRY, 999@client-AE8279CAF820, (t:2, i:4), METADATAENTRY(c:3)]
2022-11-08 19:12:09,573 [s2-server-thread2] INFO  server.RaftServer$Division (RaftServerImpl.java:checkInconsistentAppendEntries(1592)) - s2@group-EA982605F2E5: Failed appendEntries as the first entry (index 0) already exists (snapshotIndex: -1, commitIndex: 0)
2022-11-08 19:12:09,573 [s2-server-thread2] INFO  server.RaftServer$Division (RaftServerImpl.java:checkInconsistentAppendEntries(1572)) - s2@group-EA982605F2E5: inconsistency entries. Reply:s1<-s2#1505:FAIL-t2,INCONSISTENCY,nextIndex=1,followerCommit=0,matchIndex=-1
2022-11-08 19:12:09,573 [grpc-default-executor-0] INFO  leader.FollowerInfo (FollowerInfoImpl.java:lambda$new$0(48)) - s1@group-EA982605F2E5->s2: nextIndex: updateUnconditionally 5 -> 1
2022-11-08 19:12:09,574 [s2-server-thread2] DEBUG server.RaftServer$Division (RaftServerImpl.java:logAppendEntries(1421)) - s2@group-EA982605F2E5: receive appendEntries(s1, 2, (t:2, i:0), 4, true, commits:[s1:c4, s0:c4, s2:c0], cId:1506, entries: [(t:2, i:1), STATEMACHINELOGENTRY, 0@client-2EFB324ADA71, (t:2, i:2), METADATAENTRY(c:1), (t:2, i:3), STATEMACHINELOGENTRY, 999@client-AE8279CAF820, (t:2, i:4), METADATAENTRY(c:3)]
2022-11-08 19:12:09,574 [s2-server-thread2] INFO  server.RaftServer$Division (RaftServerImpl.java:checkInconsistentAppendEntries(1602)) - s2@group-EA982605F2E5: Failed appendEntries as previous log entry ((t:2, i:0)) is not found
2022-11-08 19:12:09,574 [s2-server-thread2] INFO  server.RaftServer$Division (RaftServerImpl.java:checkInconsistentAppendEntries(1572)) - s2@group-EA982605F2E5: inconsistency entries. Reply:s1<-s2#1506:FAIL-t2,INCONSISTENCY,nextIndex=0,followerCommit=0,matchIndex=-1
2022-11-08 19:12:09,574 [grpc-default-executor-0] INFO  leader.FollowerInfo (FollowerInfoImpl.java:lambda$new$0(48)) - s1@group-EA982605F2E5->s2: nextIndex: updateUnconditionally 5 -> 0
2022-11-08 19:12:09,575 [s2-server-thread2] DEBUG server.RaftServer$Division (RaftServerImpl.java:logAppendEntries(1421)) - s2@group-EA982605F2E5: receive appendEntries(s1, 2, null, 4, true, commits:[s1:c4, s0:c4, s2:c0], cId:1507, entries: [(t:2, i:0), CONFIGURATIONENTRY(current:id: "s0"
address: "localhost:34297"
dataStreamAddress: "localhost:43983"
clientAddress: "localhost:39609"
adminAddress: "localhost:37077"
startupRole: FOLLOWER
,id: "s1"
address: "localhost:38917"
dataStreamAddress: "localhost:45719"
clientAddress: "localhost:36975"
adminAddress: "localhost:40635"
startupRole: FOLLOWER
,id: "s2"
address: "localhost:35511"
dataStreamAddress: "localhost:38827"
clientAddress: "localhost:42865"
adminAddress: "localhost:36791"
startupRole: FOLLOWER
, old:), (t:2, i:1), STATEMACHINELOGENTRY, 0@client-2EFB324ADA71, (t:2, i:2), METADATAENTRY(c:1), (t:2, i:3), STATEMACHINELOGENTRY, 999@client-AE8279CAF820, (t:2, i:4), METADATAENTRY(c:3)]
2022-11-08 19:12:09,575 [s2-server-thread2] INFO  server.RaftServer$Division (RaftServerImpl.java:checkInconsistentAppendEntries(1592)) - s2@group-EA982605F2E5: Failed appendEntries as the first entry (index 0) already exists (snapshotIndex: -1, commitIndex: 0)
2022-11-08 19:12:09,575 [s2-server-thread2] INFO  server.RaftServer$Division (RaftServerImpl.java:checkInconsistentAppendEntries(1572)) - s2@group-EA982605F2E5: inconsistency entries. Reply:s1<-s2#1507:FAIL-t2,INCONSISTENCY,nextIndex=1,followerCommit=0,matchIndex=-1
2022-11-08 19:12:09,576 [grpc-default-executor-0] INFO  leader.FollowerInfo (FollowerInfoImpl.java:lambda$new$0(48)) - s1@group-EA982605F2E5->s2: nextIndex: updateUnconditionally 5 -> 1
2022-11-08 19:12:09,576 [s2-server-thread2] DEBUG server.RaftServer$Division (RaftServerImpl.java:logAppendEntries(1421)) - s2@group-EA982605F2E5: receive appendEntries(s1, 2, (t:2, i:0), 4, true, commits:[s1:c4, s0:c4, s2:c0], cId:1508, entries: [(t:2, i:1), STATEMACHINELOGENTRY, 0@client-2EFB324ADA71, (t:2, i:2), METADATAENTRY(c:1), (t:2, i:3), STATEMACHINELOGENTRY, 999@client-AE8279CAF820, (t:2, i:4), METADATAENTRY(c:3)]
2022-11-08 19:12:09,577 [s2-server-thread2] INFO  server.RaftServer$Division (RaftServerImpl.java:checkInconsistentAppendEntries(1602)) - s2@group-EA982605F2E5: Failed appendEntries as previous log entry ((t:2, i:0)) is not found
2022-11-08 19:12:09,577 [s2-server-thread2] INFO  server.RaftServer$Division (RaftServerImpl.java:checkInconsistentAppendEntries(1572)) - s2@group-EA982605F2E5: inconsistency entries. Reply:s1<-s2#1508:FAIL-t2,INCONSISTENCY,nextIndex=0,followerCommit=0,matchIndex=-1
2022-11-08 19:12:09,577 [grpc-default-executor-0] INFO  leader.FollowerInfo (FollowerInfoImpl.java:lambda$new$0(48)) - s1@group-EA982605F2E5->s2: nextIndex: updateUnconditionally 5 -> 0
2022-11-08 19:12:09,578 [s2-server-thread2] DEBUG server.RaftServer$Division (RaftServerImpl.java:logAppendEntries(1421)) - s2@group-EA982605F2E5: receive appendEntries(s1, 2, null, 4, true, commits:[s1:c4, s0:c4, s2:c0], cId:1509, entries: [(t:2, i:0), CONFIGURATIONENTRY(current:id: "s0"
address: "localhost:34297"
dataStreamAddress: "localhost:43983"
clientAddress: "localhost:39609"
adminAddress: "localhost:37077"
startupRole: FOLLOWER
,id: "s1"
address: "localhost:38917"
dataStreamAddress: "localhost:45719"
clientAddress: "localhost:36975"
adminAddress: "localhost:40635"
startupRole: FOLLOWER
,id: "s2"
address: "localhost:35511"
dataStreamAddress: "localhost:38827"
clientAddress: "localhost:42865"
adminAddress: "localhost:36791"
startupRole: FOLLOWER
, old:), (t:2, i:1), STATEMACHINELOGENTRY, 0@client-2EFB324ADA71, (t:2, i:2), METADATAENTRY(c:1), (t:2, i:3), STATEMACHINELOGENTRY, 999@client-AE8279CAF820, (t:2, i:4), METADATAENTRY(c:3)]
2022-11-08 19:12:09,578 [s2-server-thread2] INFO  server.RaftServer$Division (RaftServerImpl.java:checkInconsistentAppendEntries(1592)) - s2@group-EA982605F2E5: Failed appendEntries as the first entry (index 0) already exists (snapshotIndex: -1, commitIndex: 0)
2022-11-08 19:12:09,578 [s2-server-thread2] INFO  server.RaftServer$Division (RaftServerImpl.java:checkInconsistentAppendEntries(1572)) - s2@group-EA982605F2E5: inconsistency entries. Reply:s1<-s2#1509:FAIL-t2,INCONSISTENCY,nextIndex=1,followerCommit=0,matchIndex=-1
2022-11-08 19:12:09,578 [grpc-default-executor-0] INFO  leader.FollowerInfo (FollowerInfoImpl.java:lambda$new$0(48)) - s1@group-EA982605F2E5->s2: nextIndex: updateUnconditionally 5 -> 1
2022-11-08 19:12:09,579 [s2-server-thread2] DEBUG server.RaftServer$Division (RaftServerImpl.java:logAppendEntries(1421)) - s2@group-EA982605F2E5: receive appendEntries(s1, 2, (t:2, i:0), 4, true, commits:[s1:c4, s0:c4, s2:c0], cId:1510, entries: [(t:2, i:1), STATEMACHINELOGENTRY, 0@client-2EFB324ADA71, (t:2, i:2), METADATAENTRY(c:1), (t:2, i:3), STATEMACHINELOGENTRY, 999@client-AE8279CAF820, (t:2, i:4), METADATAENTRY(c:3)]
2022-11-08 19:12:09,579 [s2-server-thread2] INFO  server.RaftServer$Division (RaftServerImpl.java:checkInconsistentAppendEntries(1602)) - s2@group-EA982605F2E5: Failed appendEntries as previous log entry ((t:2, i:0)) is not found
2022-11-08 19:12:09,579 [s2-server-thread2] INFO  server.RaftServer$Division (RaftServerImpl.java:checkInconsistentAppendEntries(1572)) - s2@group-EA982605F2E5: inconsistency entries. Reply:s1<-s2#1510:FAIL-t2,INCONSISTENCY,nextIndex=0,followerCommit=0,matchIndex=-1
2022-11-08 19:12:09,579 [grpc-default-executor-0] INFO  leader.FollowerInfo (FollowerInfoImpl.java:lambda$new$0(48)) - s1@group-EA982605F2E5->s2: nextIndex: updateUnconditionally 5 -> 0
2022-11-08 19:12:09,580 [s2-server-thread2] DEBUG server.RaftServer$Division (RaftServerImpl.java:logAppendEntries(1421)) - s2@group-EA982605F2E5: receive appendEntries(s1, 2, null, 4, true, commits:[s1:c4, s0:c4, s2:c0], cId:1511, entries: [(t:2, i:0), CONFIGURATIONENTRY(current:id: "s0"
address: "localhost:34297"
dataStreamAddress: "localhost:43983"
clientAddress: "localhost:39609"
adminAddress: "localhost:37077"
startupRole: FOLLOWER
,id: "s1"
address: "localhost:38917"
dataStreamAddress: "localhost:45719"
clientAddress: "localhost:36975"
adminAddress: "localhost:40635"
startupRole: FOLLOWER
,id: "s2"
address: "localhost:35511"
dataStreamAddress: "localhost:38827"
clientAddress: "localhost:42865"
adminAddress: "localhost:36791"
startupRole: FOLLOWER
, old:), (t:2, i:1), STATEMACHINELOGENTRY, 0@client-2EFB324ADA71, (t:2, i:2), METADATAENTRY(c:1), (t:2, i:3), STATEMACHINELOGENTRY, 999@client-AE8279CAF820, (t:2, i:4), METADATAENTRY(c:3)]
2022-11-08 19:12:09,580 [s2-server-thread2] INFO  server.RaftServer$Division (RaftServerImpl.java:checkInconsistentAppendEntries(1592)) - s2@group-EA982605F2E5: Failed appendEntries as the first entry (index 0) already exists (snapshotIndex: -1, commitIndex: 0)
2022-11-08 19:12:09,580 [s2-server-thread2] INFO  server.RaftServer$Division (RaftServerImpl.java:checkInconsistentAppendEntries(1572)) - s2@group-EA982605F2E5: inconsistency entries. Reply:s1<-s2#1511:FAIL-t2,INCONSISTENCY,nextIndex=1,followerCommit=0,matchIndex=-1
2022-11-08 19:12:09,581 [grpc-default-executor-0] INFO  leader.FollowerInfo (FollowerInfoImpl.java:lambda$new$0(48)) - s1@group-EA982605F2E5->s2: nextIndex: updateUnconditionally 5 -> 1
2022-11-08 19:12:09,581 [s2-server-thread2] DEBUG server.RaftServer$Division (RaftServerImpl.java:logAppendEntries(1421)) - s2@group-EA982605F2E5: receive appendEntries(s1, 2, (t:2, i:0), 4, true, commits:[s1:c4, s0:c4, s2:c0], cId:1512, entries: [(t:2, i:1), STATEMACHINELOGENTRY, 0@client-2EFB324ADA71, (t:2, i:2), METADATAENTRY(c:1), (t:2, i:3), STATEMACHINELOGENTRY, 999@client-AE8279CAF820, (t:2, i:4), METADATAENTRY(c:3)]
2022-11-08 19:12:09,581 [s2-server-thread2] INFO  server.RaftServer$Division (RaftServerImpl.java:checkInconsistentAppendEntries(1602)) - s2@group-EA982605F2E5: Failed appendEntries as previous log entry ((t:2, i:0)) is not found
2022-11-08 19:12:09,581 [s2-server-thread2] INFO  server.RaftServer$Division (RaftServerImpl.java:checkInconsistentAppendEntries(1572)) - s2@group-EA982605F2E5: inconsistency entries. Reply:s1<-s2#1512:FAIL-t2,INCONSISTENCY,nextIndex=0,followerCommit=0,matchIndex=-1
2022-11-08 19:12:09,582 [grpc-default-executor-0] INFO  leader.FollowerInfo (FollowerInfoImpl.java:lambda$new$0(48)) - s1@group-EA982605F2E5->s2: nextIndex: updateUnconditionally 5 -> 0
2022-11-08 19:12:09,582 [s2-server-thread2] DEBUG server.RaftServer$Division (RaftServerImpl.java:logAppendEntries(1421)) - s2@group-EA982605F2E5: receive appendEntries(s1, 2, null, 4, true, commits:[s1:c4, s0:c4, s2:c0], cId:1513, entries: [(t:2, i:0), CONFIGURATIONENTRY(current:id: "s0"
address: "localhost:34297"
dataStreamAddress: "localhost:43983"
clientAddress: "localhost:39609"
adminAddress: "localhost:37077"
startupRole: FOLLOWER
,id: "s1"
address: "localhost:38917"
dataStreamAddress: "localhost:45719"
clientAddress: "localhost:36975"
adminAddress: "localhost:40635"
startupRole: FOLLOWER
,id: "s2"
address: "localhost:35511"
dataStreamAddress: "localhost:38827"
clientAddress: "localhost:42865"
adminAddress: "localhost:36791"
startupRole: FOLLOWER
, old:), (t:2, i:1), STATEMACHINELOGENTRY, 0@client-2EFB324ADA71, (t:2, i:2), METADATAENTRY(c:1), (t:2, i:3), STATEMACHINELOGENTRY, 999@client-AE8279CAF820, (t:2, i:4), METADATAENTRY(c:3)]
2022-11-08 19:12:09,582 [s2-server-thread2] INFO  server.RaftServer$Division (RaftServerImpl.java:checkInconsistentAppendEntries(1592)) - s2@group-EA982605F2E5: Failed appendEntries as the first entry (index 0) already exists (snapshotIndex: -1, commitIndex: 0)
2022-11-08 19:12:09,582 [s2-server-thread2] INFO  server.RaftServer$Division (RaftServerImpl.java:checkInconsistentAppendEntries(1572)) - s2@group-EA982605F2E5: inconsistency entries. Reply:s1<-s2#1513:FAIL-t2,INCONSISTENCY,nextIndex=1,followerCommit=0,matchIndex=-1
2022-11-08 19:12:09,583 [grpc-default-executor-0] INFO  leader.FollowerInfo (FollowerInfoImpl.java:lambda$new$0(48)) - s1@group-EA982605F2E5->s2: nextIndex: updateUnconditionally 5 -> 1
2022-11-08 19:12:09,584 [s2-server-thread2] DEBUG server.RaftServer$Division (RaftServerImpl.java:logAppendEntries(1421)) - s2@group-EA982605F2E5: receive appendEntries(s1, 2, (t:2, i:0), 4, true, commits:[s1:c4, s0:c4, s2:c0], cId:1514, entries: [(t:2, i:1), STATEMACHINELOGENTRY, 0@client-2EFB324ADA71, (t:2, i:2), METADATAENTRY(c:1), (t:2, i:3), STATEMACHINELOGENTRY, 999@client-AE8279CAF820, (t:2, i:4), METADATAENTRY(c:3)]
2022-11-08 19:12:09,584 [s2-server-thread2] INFO  server.RaftServer$Division (RaftServerImpl.java:checkInconsistentAppendEntries(1602)) - s2@group-EA982605F2E5: Failed appendEntries as previous log entry ((t:2, i:0)) is not found
2022-11-08 19:12:09,584 [s2-server-thread2] INFO  server.RaftServer$Division (RaftServerImpl.java:checkInconsistentAppendEntries(1572)) - s2@group-EA982605F2E5: inconsistency entries. Reply:s1<-s2#1514:FAIL-t2,INCONSISTENCY,nextIndex=0,followerCommit=0,matchIndex=-1
2022-11-08 19:12:09,584 [grpc-default-executor-0] INFO  leader.FollowerInfo (FollowerInfoImpl.java:lambda$new$0(48)) - s1@group-EA982605F2E5->s2: nextIndex: updateUnconditionally 5 -> 0
2022-11-08 19:12:09,585 [s2-server-thread2] DEBUG server.RaftServer$Division (RaftServerImpl.java:logAppendEntries(1421)) - s2@group-EA982605F2E5: receive appendEntries(s1, 2, null, 4, true, commits:[s1:c4, s0:c4, s2:c0], cId:1515, entries: [(t:2, i:0), CONFIGURATIONENTRY(current:id: "s0"
address: "localhost:34297"
dataStreamAddress: "localhost:43983"
clientAddress: "localhost:39609"
adminAddress: "localhost:37077"
startupRole: FOLLOWER
,id: "s1"
address: "localhost:38917"
dataStreamAddress: "localhost:45719"
clientAddress: "localhost:36975"
adminAddress: "localhost:40635"
startupRole: FOLLOWER
,id: "s2"
address: "localhost:35511"
dataStreamAddress: "localhost:38827"
clientAddress: "localhost:42865"
adminAddress: "localhost:36791"
startupRole: FOLLOWER
, old:), (t:2, i:1), STATEMACHINELOGENTRY, 0@client-2EFB324ADA71, (t:2, i:2), METADATAENTRY(c:1), (t:2, i:3), STATEMACHINELOGENTRY, 999@client-AE8279CAF820, (t:2, i:4), METADATAENTRY(c:3)]
2022-11-08 19:12:09,585 [s2-server-thread2] INFO  server.RaftServer$Division (RaftServerImpl.java:checkInconsistentAppendEntries(1592)) - s2@group-EA982605F2E5: Failed appendEntries as the first entry (index 0) already exists (snapshotIndex: -1, commitIndex: 0)
2022-11-08 19:12:09,585 [s2-server-thread2] INFO  server.RaftServer$Division (RaftServerImpl.java:checkInconsistentAppendEntries(1572)) - s2@group-EA982605F2E5: inconsistency entries. Reply:s1<-s2#1515:FAIL-t2,INCONSISTENCY,nextIndex=1,followerCommit=0,matchIndex=-1
2022-11-08 19:12:09,585 [grpc-default-executor-0] INFO  leader.FollowerInfo (FollowerInfoImpl.java:lambda$new$0(48)) - s1@group-EA982605F2E5->s2: nextIndex: updateUnconditionally 5 -> 1
2022-11-08 19:12:09,586 [s2-server-thread2] DEBUG server.RaftServer$Division (RaftServerImpl.java:logAppendEntries(1421)) - s2@group-EA982605F2E5: receive appendEntries(s1, 2, (t:2, i:0), 4, true, commits:[s1:c4, s0:c4, s2:c0], cId:1516, entries: [(t:2, i:1), STATEMACHINELOGENTRY, 0@client-2EFB324ADA71, (t:2, i:2), METADATAENTRY(c:1), (t:2, i:3), STATEMACHINELOGENTRY, 999@client-AE8279CAF820, (t:2, i:4), METADATAENTRY(c:3)]
2022-11-08 19:12:09,586 [s2-server-thread2] INFO  server.RaftServer$Division (RaftServerImpl.java:checkInconsistentAppendEntries(1602)) - s2@group-EA982605F2E5: Failed appendEntries as previous log entry ((t:2, i:0)) is not found
2022-11-08 19:12:09,586 [s2-server-thread2] INFO  server.RaftServer$Division (RaftServerImpl.java:checkInconsistentAppendEntries(1572)) - s2@group-EA982605F2E5: inconsistency entries. Reply:s1<-s2#1516:FAIL-t2,INCONSISTENCY,nextIndex=0,followerCommit=0,matchIndex=-1
2022-11-08 19:12:09,586 [grpc-default-executor-0] INFO  leader.FollowerInfo (FollowerInfoImpl.java:lambda$new$0(48)) - s1@group-EA982605F2E5->s2: nextIndex: updateUnconditionally 5 -> 0
2022-11-08 19:12:09,587 [s2-server-thread2] DEBUG server.RaftServer$Division (RaftServerImpl.java:logAppendEntries(1421)) - s2@group-EA982605F2E5: receive appendEntries(s1, 2, null, 4, true, commits:[s1:c4, s0:c4, s2:c0], cId:1517, entries: [(t:2, i:0), CONFIGURATIONENTRY(current:id: "s0"
address: "localhost:34297"
dataStreamAddress: "localhost:43983"
clientAddress: "localhost:39609"
adminAddress: "localhost:37077"
startupRole: FOLLOWER
,id: "s1"
address: "localhost:38917"
dataStreamAddress: "localhost:45719"
clientAddress: "localhost:36975"
adminAddress: "localhost:40635"
startupRole: FOLLOWER
,id: "s2"
address: "localhost:35511"
dataStreamAddress: "localhost:38827"
clientAddress: "localhost:42865"
adminAddress: "localhost:36791"
startupRole: FOLLOWER
, old:), (t:2, i:1), STATEMACHINELOGENTRY, 0@client-2EFB324ADA71, (t:2, i:2), METADATAENTRY(c:1), (t:2, i:3), STATEMACHINELOGENTRY, 999@client-AE8279CAF820, (t:2, i:4), METADATAENTRY(c:3)]
2022-11-08 19:12:09,587 [s2-server-thread2] INFO  server.RaftServer$Division (RaftServerImpl.java:checkInconsistentAppendEntries(1592)) - s2@group-EA982605F2E5: Failed appendEntries as the first entry (index 0) already exists (snapshotIndex: -1, commitIndex: 0)
2022-11-08 19:12:09,587 [s2-server-thread2] INFO  server.RaftServer$Division (RaftServerImpl.java:checkInconsistentAppendEntries(1572)) - s2@group-EA982605F2E5: inconsistency entries. Reply:s1<-s2#1517:FAIL-t2,INCONSISTENCY,nextIndex=1,followerCommit=0,matchIndex=-1
2022-11-08 19:12:09,588 [grpc-default-executor-0] INFO  leader.FollowerInfo (FollowerInfoImpl.java:lambda$new$0(48)) - s1@group-EA982605F2E5->s2: nextIndex: updateUnconditionally 5 -> 1
2022-11-08 19:12:09,588 [s2-server-thread2] DEBUG server.RaftServer$Division (RaftServerImpl.java:logAppendEntries(1421)) - s2@group-EA982605F2E5: receive appendEntries(s1, 2, (t:2, i:0), 4, true, commits:[s1:c4, s0:c4, s2:c0], cId:1518, entries: [(t:2, i:1), STATEMACHINELOGENTRY, 0@client-2EFB324ADA71, (t:2, i:2), METADATAENTRY(c:1), (t:2, i:3), STATEMACHINELOGENTRY, 999@client-AE8279CAF820, (t:2, i:4), METADATAENTRY(c:3)]
2022-11-08 19:12:09,588 [s2-server-thread2] INFO  server.RaftServer$Division (RaftServerImpl.java:checkInconsistentAppendEntries(1602)) - s2@group-EA982605F2E5: Failed appendEntries as previous log entry ((t:2, i:0)) is not found
2022-11-08 19:12:09,588 [s2-server-thread2] INFO  server.RaftServer$Division (RaftServerImpl.java:checkInconsistentAppendEntries(1572)) - s2@group-EA982605F2E5: inconsistency entries. Reply:s1<-s2#1518:FAIL-t2,INCONSISTENCY,nextIndex=0,followerCommit=0,matchIndex=-1
2022-11-08 19:12:09,589 [grpc-default-executor-0] INFO  leader.FollowerInfo (FollowerInfoImpl.java:lambda$new$0(48)) - s1@group-EA982605F2E5->s2: nextIndex: updateUnconditionally 5 -> 0
2022-11-08 19:12:09,589 [s2-server-thread2] DEBUG server.RaftServer$Division (RaftServerImpl.java:logAppendEntries(1421)) - s2@group-EA982605F2E5: receive appendEntries(s1, 2, null, 4, true, commits:[s1:c4, s0:c4, s2:c0], cId:1519, entries: [(t:2, i:0), CONFIGURATIONENTRY(current:id: "s0"
address: "localhost:34297"
dataStreamAddress: "localhost:43983"
clientAddress: "localhost:39609"
adminAddress: "localhost:37077"
startupRole: FOLLOWER
,id: "s1"
address: "localhost:38917"
dataStreamAddress: "localhost:45719"
clientAddress: "localhost:36975"
adminAddress: "localhost:40635"
startupRole: FOLLOWER
,id: "s2"
address: "localhost:35511"
dataStreamAddress: "localhost:38827"
clientAddress: "localhost:42865"
adminAddress: "localhost:36791"
startupRole: FOLLOWER
, old:), (t:2, i:1), STATEMACHINELOGENTRY, 0@client-2EFB324ADA71, (t:2, i:2), METADATAENTRY(c:1), (t:2, i:3), STATEMACHINELOGENTRY, 999@client-AE8279CAF820, (t:2, i:4), METADATAENTRY(c:3)]
2022-11-08 19:12:09,590 [s2-server-thread2] INFO  server.RaftServer$Division (RaftServerImpl.java:checkInconsistentAppendEntries(1592)) - s2@group-EA982605F2E5: Failed appendEntries as the first entry (index 0) already exists (snapshotIndex: -1, commitIndex: 0)
2022-11-08 19:12:09,590 [s2-server-thread2] INFO  server.RaftServer$Division (RaftServerImpl.java:checkInconsistentAppendEntries(1572)) - s2@group-EA982605F2E5: inconsistency entries. Reply:s1<-s2#1519:FAIL-t2,INCONSISTENCY,nextIndex=1,followerCommit=0,matchIndex=-1
2022-11-08 19:12:09,590 [grpc-default-executor-0] INFO  leader.FollowerInfo (FollowerInfoImpl.java:lambda$new$0(48)) - s1@group-EA982605F2E5->s2: nextIndex: updateUnconditionally 5 -> 1
2022-11-08 19:12:09,591 [s2-server-thread2] DEBUG server.RaftServer$Division (RaftServerImpl.java:logAppendEntries(1421)) - s2@group-EA982605F2E5: receive appendEntries(s1, 2, (t:2, i:0), 4, true, commits:[s1:c4, s0:c4, s2:c0], cId:1520, entries: [(t:2, i:1), STATEMACHINELOGENTRY, 0@client-2EFB324ADA71, (t:2, i:2), METADATAENTRY(c:1), (t:2, i:3), STATEMACHINELOGENTRY, 999@client-AE8279CAF820, (t:2, i:4), METADATAENTRY(c:3)]
2022-11-08 19:12:09,591 [s2-server-thread2] INFO  server.RaftServer$Division (RaftServerImpl.java:checkInconsistentAppendEntries(1602)) - s2@group-EA982605F2E5: Failed appendEntries as previous log entry ((t:2, i:0)) is not found
2022-11-08 19:12:09,591 [s2-server-thread2] INFO  server.RaftServer$Division (RaftServerImpl.java:checkInconsistentAppendEntries(1572)) - s2@group-EA982605F2E5: inconsistency entries. Reply:s1<-s2#1520:FAIL-t2,INCONSISTENCY,nextIndex=0,followerCommit=0,matchIndex=-1
2022-11-08 19:12:09,591 [grpc-default-executor-0] INFO  leader.FollowerInfo (FollowerInfoImpl.java:lambda$new$0(48)) - s1@group-EA982605F2E5->s2: nextIndex: updateUnconditionally 5 -> 0
2022-11-08 19:12:09,596 [s2-server-thread2] DEBUG server.RaftServer$Division (RaftServerImpl.java:logAppendEntries(1421)) - s2@group-EA982605F2E5: receive appendEntries(s1, 2, null, 4, true, commits:[s1:c4, s0:c4, s2:c0], cId:1521, entries: [(t:2, i:0), CONFIGURATIONENTRY(current:id: "s0"
address: "localhost:34297"
dataStreamAddress: "localhost:43983"
clientAddress: "localhost:39609"
adminAddress: "localhost:37077"
startupRole: FOLLOWER
,id: "s1"
address: "localhost:38917"
dataStreamAddress: "localhost:45719"
clientAddress: "localhost:36975"
adminAddress: "localhost:40635"
startupRole: FOLLOWER
,id: "s2"
address: "localhost:35511"
dataStreamAddress: "localhost:38827"
clientAddress: "localhost:42865"
adminAddress: "localhost:36791"
startupRole: FOLLOWER
, old:), (t:2, i:1), STATEMACHINELOGENTRY, 0@client-2EFB324ADA71, (t:2, i:2), METADATAENTRY(c:1), (t:2, i:3), STATEMACHINELOGENTRY, 999@client-AE8279CAF820, (t:2, i:4), METADATAENTRY(c:3)]
2022-11-08 19:12:09,597 [s2-server-thread2] INFO  server.RaftServer$Division (RaftServerImpl.java:checkInconsistentAppendEntries(1592)) - s2@group-EA982605F2E5: Failed appendEntries as the first entry (index 0) already exists (snapshotIndex: -1, commitIndex: 0)
2022-11-08 19:12:09,597 [s2-server-thread2] INFO  server.RaftServer$Division (RaftServerImpl.java:checkInconsistentAppendEntries(1572)) - s2@group-EA982605F2E5: inconsistency entries. Reply:s1<-s2#1521:FAIL-t2,INCONSISTENCY,nextIndex=1,followerCommit=0,matchIndex=-1
2022-11-08 19:12:09,597 [grpc-default-executor-0] INFO  leader.FollowerInfo (FollowerInfoImpl.java:lambda$new$0(48)) - s1@group-EA982605F2E5->s2: nextIndex: updateUnconditionally 5 -> 1
2022-11-08 19:12:09,598 [s2-server-thread2] DEBUG server.RaftServer$Division (RaftServerImpl.java:logAppendEntries(1421)) - s2@group-EA982605F2E5: receive appendEntries(s1, 2, (t:2, i:0), 4, true, commits:[s1:c4, s0:c4, s2:c0], cId:1522, entries: [(t:2, i:1), STATEMACHINELOGENTRY, 0@client-2EFB324ADA71, (t:2, i:2), METADATAENTRY(c:1), (t:2, i:3), STATEMACHINELOGENTRY, 999@client-AE8279CAF820, (t:2, i:4), METADATAENTRY(c:3)]
2022-11-08 19:12:09,598 [s2-server-thread2] INFO  server.RaftServer$Division (RaftServerImpl.java:checkInconsistentAppendEntries(1602)) - s2@group-EA982605F2E5: Failed appendEntries as previous log entry ((t:2, i:0)) is not found
2022-11-08 19:12:09,598 [s2-server-thread2] INFO  server.RaftServer$Division (RaftServerImpl.java:checkInconsistentAppendEntries(1572)) - s2@group-EA982605F2E5: inconsistency entries. Reply:s1<-s2#1522:FAIL-t2,INCONSISTENCY,nextIndex=0,followerCommit=0,matchIndex=-1
2022-11-08 19:12:09,598 [grpc-default-executor-0] INFO  leader.FollowerInfo (FollowerInfoImpl.java:lambda$new$0(48)) - s1@group-EA982605F2E5->s2: nextIndex: updateUnconditionally 5 -> 0
2022-11-08 19:12:09,599 [s2-server-thread2] DEBUG server.RaftServer$Division (RaftServerImpl.java:logAppendEntries(1421)) - s2@group-EA982605F2E5: receive appendEntries(s1, 2, null, 4, true, commits:[s1:c4, s0:c4, s2:c0], cId:1523, entries: [(t:2, i:0), CONFIGURATIONENTRY(current:id: "s0"
address: "localhost:34297"
dataStreamAddress: "localhost:43983"
clientAddress: "localhost:39609"
adminAddress: "localhost:37077"
startupRole: FOLLOWER
,id: "s1"
address: "localhost:38917"
dataStreamAddress: "localhost:45719"
clientAddress: "localhost:36975"
adminAddress: "localhost:40635"
startupRole: FOLLOWER
,id: "s2"
address: "localhost:35511"
dataStreamAddress: "localhost:38827"
clientAddress: "localhost:42865"
adminAddress: "localhost:36791"
startupRole: FOLLOWER
, old:), (t:2, i:1), STATEMACHINELOGENTRY, 0@client-2EFB324ADA71, (t:2, i:2), METADATAENTRY(c:1), (t:2, i:3), STATEMACHINELOGENTRY, 999@client-AE8279CAF820, (t:2, i:4), METADATAENTRY(c:3)]
2022-11-08 19:12:09,599 [s2-server-thread2] INFO  server.RaftServer$Division (RaftServerImpl.java:checkInconsistentAppendEntries(1592)) - s2@group-EA982605F2E5: Failed appendEntries as the first entry (index 0) already exists (snapshotIndex: -1, commitIndex: 0)
2022-11-08 19:12:09,599 [s2-server-thread2] INFO  server.RaftServer$Division (RaftServerImpl.java:checkInconsistentAppendEntries(1572)) - s2@group-EA982605F2E5: inconsistency entries. Reply:s1<-s2#1523:FAIL-t2,INCONSISTENCY,nextIndex=1,followerCommit=0,matchIndex=-1
2022-11-08 19:12:09,600 [grpc-default-executor-0] INFO  leader.FollowerInfo (FollowerInfoImpl.java:lambda$new$0(48)) - s1@group-EA982605F2E5->s2: nextIndex: updateUnconditionally 5 -> 1
2022-11-08 19:12:09,600 [s2-server-thread2] DEBUG server.RaftServer$Division (RaftServerImpl.java:logAppendEntries(1421)) - s2@group-EA982605F2E5: receive appendEntries(s1, 2, (t:2, i:0), 4, true, commits:[s1:c4, s0:c4, s2:c0], cId:1524, entries: [(t:2, i:1), STATEMACHINELOGENTRY, 0@client-2EFB324ADA71, (t:2, i:2), METADATAENTRY(c:1), (t:2, i:3), STATEMACHINELOGENTRY, 999@client-AE8279CAF820, (t:2, i:4), METADATAENTRY(c:3)]
2022-11-08 19:12:09,601 [s2-server-thread2] INFO  server.RaftServer$Division (RaftServerImpl.java:checkInconsistentAppendEntries(1602)) - s2@group-EA982605F2E5: Failed appendEntries as previous log entry ((t:2, i:0)) is not found
2022-11-08 19:12:09,601 [s2-server-thread2] INFO  server.RaftServer$Division (RaftServerImpl.java:checkInconsistentAppendEntries(1572)) - s2@group-EA982605F2E5: inconsistency entries. Reply:s1<-s2#1524:FAIL-t2,INCONSISTENCY,nextIndex=0,followerCommit=0,matchIndex=-1
2022-11-08 19:12:09,601 [grpc-default-executor-0] INFO  leader.FollowerInfo (FollowerInfoImpl.java:lambda$new$0(48)) - s1@group-EA982605F2E5->s2: nextIndex: updateUnconditionally 5 -> 0
2022-11-08 19:12:09,602 [s2-server-thread2] DEBUG server.RaftServer$Division (RaftServerImpl.java:logAppendEntries(1421)) - s2@group-EA982605F2E5: receive appendEntries(s1, 2, null, 4, true, commits:[s1:c4, s0:c4, s2:c0], cId:1525, entries: [(t:2, i:0), CONFIGURATIONENTRY(current:id: "s0"
address: "localhost:34297"
dataStreamAddress: "localhost:43983"
clientAddress: "localhost:39609"
adminAddress: "localhost:37077"
startupRole: FOLLOWER
,id: "s1"
address: "localhost:38917"
dataStreamAddress: "localhost:45719"
clientAddress: "localhost:36975"
adminAddress: "localhost:40635"
startupRole: FOLLOWER
,id: "s2"
address: "localhost:35511"
dataStreamAddress: "localhost:38827"
clientAddress: "localhost:42865"
adminAddress: "localhost:36791"
startupRole: FOLLOWER
, old:), (t:2, i:1), STATEMACHINELOGENTRY, 0@client-2EFB324ADA71, (t:2, i:2), METADATAENTRY(c:1), (t:2, i:3), STATEMACHINELOGENTRY, 999@client-AE8279CAF820, (t:2, i:4), METADATAENTRY(c:3)]
2022-11-08 19:12:09,602 [s2-server-thread2] INFO  server.RaftServer$Division (RaftServerImpl.java:checkInconsistentAppendEntries(1592)) - s2@group-EA982605F2E5: Failed appendEntries as the first entry (index 0) already exists (snapshotIndex: -1, commitIndex: 0)
2022-11-08 19:12:09,602 [s2-server-thread2] INFO  server.RaftServer$Division (RaftServerImpl.java:checkInconsistentAppendEntries(1572)) - s2@group-EA982605F2E5: inconsistency entries. Reply:s1<-s2#1525:FAIL-t2,INCONSISTENCY,nextIndex=1,followerCommit=0,matchIndex=-1
2022-11-08 19:12:09,602 [grpc-default-executor-0] INFO  leader.FollowerInfo (FollowerInfoImpl.java:lambda$new$0(48)) - s1@group-EA982605F2E5->s2: nextIndex: updateUnconditionally 5 -> 1
2022-11-08 19:12:09,603 [s2-server-thread2] DEBUG server.RaftServer$Division (RaftServerImpl.java:logAppendEntries(1421)) - s2@group-EA982605F2E5: receive appendEntries(s1, 2, (t:2, i:0), 4, true, commits:[s1:c4, s0:c4, s2:c0], cId:1526, entries: [(t:2, i:1), STATEMACHINELOGENTRY, 0@client-2EFB324ADA71, (t:2, i:2), METADATAENTRY(c:1), (t:2, i:3), STATEMACHINELOGENTRY, 999@client-AE8279CAF820, (t:2, i:4), METADATAENTRY(c:3)]
2022-11-08 19:12:09,603 [s2-server-thread2] INFO  server.RaftServer$Division (RaftServerImpl.java:checkInconsistentAppendEntries(1602)) - s2@group-EA982605F2E5: Failed appendEntries as previous log entry ((t:2, i:0)) is not found
2022-11-08 19:12:09,603 [s2-server-thread2] INFO  server.RaftServer$Division (RaftServerImpl.java:checkInconsistentAppendEntries(1572)) - s2@group-EA982605F2E5: inconsistency entries. Reply:s1<-s2#1526:FAIL-t2,INCONSISTENCY,nextIndex=0,followerCommit=0,matchIndex=-1
2022-11-08 19:12:09,603 [grpc-default-executor-0] INFO  leader.FollowerInfo (FollowerInfoImpl.java:lambda$new$0(48)) - s1@group-EA982605F2E5->s2: nextIndex: updateUnconditionally 5 -> 0
2022-11-08 19:12:09,604 [s2-server-thread2] DEBUG server.RaftServer$Division (RaftServerImpl.java:logAppendEntries(1421)) - s2@group-EA982605F2E5: receive appendEntries(s1, 2, null, 4, true, commits:[s1:c4, s0:c4, s2:c0], cId:1527, entries: [(t:2, i:0), CONFIGURATIONENTRY(current:id: "s0"
address: "localhost:34297"
dataStreamAddress: "localhost:43983"
clientAddress: "localhost:39609"
adminAddress: "localhost:37077"
startupRole: FOLLOWER
,id: "s1"
address: "localhost:38917"
dataStreamAddress: "localhost:45719"
clientAddress: "localhost:36975"
adminAddress: "localhost:40635"
startupRole: FOLLOWER
,id: "s2"
address: "localhost:35511"
dataStreamAddress: "localhost:38827"
clientAddress: "localhost:42865"
adminAddress: "localhost:36791"
startupRole: FOLLOWER
, old:), (t:2, i:1), STATEMACHINELOGENTRY, 0@client-2EFB324ADA71, (t:2, i:2), METADATAENTRY(c:1), (t:2, i:3), STATEMACHINELOGENTRY, 999@client-AE8279CAF820, (t:2, i:4), METADATAENTRY(c:3)]
2022-11-08 19:12:09,604 [s2-server-thread2] INFO  server.RaftServer$Division (RaftServerImpl.java:checkInconsistentAppendEntries(1592)) - s2@group-EA982605F2E5: Failed appendEntries as the first entry (index 0) already exists (snapshotIndex: -1, commitIndex: 0)
2022-11-08 19:12:09,604 [s2-server-thread2] INFO  server.RaftServer$Division (RaftServerImpl.java:checkInconsistentAppendEntries(1572)) - s2@group-EA982605F2E5: inconsistency entries. Reply:s1<-s2#1527:FAIL-t2,INCONSISTENCY,nextIndex=1,followerCommit=0,matchIndex=-1
2022-11-08 19:12:09,604 [grpc-default-executor-0] INFO  leader.FollowerInfo (FollowerInfoImpl.java:lambda$new$0(48)) - s1@group-EA982605F2E5->s2: nextIndex: updateUnconditionally 5 -> 1
2022-11-08 19:12:09,605 [s2-server-thread2] DEBUG server.RaftServer$Division (RaftServerImpl.java:logAppendEntries(1421)) - s2@group-EA982605F2E5: receive appendEntries(s1, 2, (t:2, i:0), 4, true, commits:[s1:c4, s0:c4, s2:c0], cId:1528, entries: [(t:2, i:1), STATEMACHINELOGENTRY, 0@client-2EFB324ADA71, (t:2, i:2), METADATAENTRY(c:1), (t:2, i:3), STATEMACHINELOGENTRY, 999@client-AE8279CAF820, (t:2, i:4), METADATAENTRY(c:3)]
2022-11-08 19:12:09,605 [s2-server-thread2] INFO  server.RaftServer$Division (RaftServerImpl.java:checkInconsistentAppendEntries(1602)) - s2@group-EA982605F2E5: Failed appendEntries as previous log entry ((t:2, i:0)) is not found
2022-11-08 19:12:09,605 [s2-server-thread2] INFO  server.RaftServer$Division (RaftServerImpl.java:checkInconsistentAppendEntries(1572)) - s2@group-EA982605F2E5: inconsistency entries. Reply:s1<-s2#1528:FAIL-t2,INCONSISTENCY,nextIndex=0,followerCommit=0,matchIndex=-1
2022-11-08 19:12:09,605 [grpc-default-executor-0] INFO  leader.FollowerInfo (FollowerInfoImpl.java:lambda$new$0(48)) - s1@group-EA982605F2E5->s2: nextIndex: updateUnconditionally 5 -> 0
2022-11-08 19:12:09,606 [s2-server-thread2] DEBUG server.RaftServer$Division (RaftServerImpl.java:logAppendEntries(1421)) - s2@group-EA982605F2E5: receive appendEntries(s1, 2, null, 4, true, commits:[s1:c4, s0:c4, s2:c0], cId:1529, entries: [(t:2, i:0), CONFIGURATIONENTRY(current:id: "s0"
address: "localhost:34297"
dataStreamAddress: "localhost:43983"
clientAddress: "localhost:39609"
adminAddress: "localhost:37077"
startupRole: FOLLOWER
,id: "s1"
address: "localhost:38917"
dataStreamAddress: "localhost:45719"
clientAddress: "localhost:36975"
adminAddress: "localhost:40635"
startupRole: FOLLOWER
,id: "s2"
address: "localhost:35511"
dataStreamAddress: "localhost:38827"
clientAddress: "localhost:42865"
adminAddress: "localhost:36791"
startupRole: FOLLOWER
, old:), (t:2, i:1), STATEMACHINELOGENTRY, 0@client-2EFB324ADA71, (t:2, i:2), METADATAENTRY(c:1), (t:2, i:3), STATEMACHINELOGENTRY, 999@client-AE8279CAF820, (t:2, i:4), METADATAENTRY(c:3)]
2022-11-08 19:12:09,606 [s2-server-thread2] INFO  server.RaftServer$Division (RaftServerImpl.java:checkInconsistentAppendEntries(1592)) - s2@group-EA982605F2E5: Failed appendEntries as the first entry (index 0) already exists (snapshotIndex: -1, commitIndex: 0)
2022-11-08 19:12:09,606 [s2-server-thread2] INFO  server.RaftServer$Division (RaftServerImpl.java:checkInconsistentAppendEntries(1572)) - s2@group-EA982605F2E5: inconsistency entries. Reply:s1<-s2#1529:FAIL-t2,INCONSISTENCY,nextIndex=1,followerCommit=0,matchIndex=-1
2022-11-08 19:12:09,607 [grpc-default-executor-0] INFO  leader.FollowerInfo (FollowerInfoImpl.java:lambda$new$0(48)) - s1@group-EA982605F2E5->s2: nextIndex: updateUnconditionally 5 -> 1
2022-11-08 19:12:09,607 [s2-server-thread2] DEBUG server.RaftServer$Division (RaftServerImpl.java:logAppendEntries(1421)) - s2@group-EA982605F2E5: receive appendEntries(s1, 2, (t:2, i:0), 4, true, commits:[s1:c4, s0:c4, s2:c0], cId:1530, entries: [(t:2, i:1), STATEMACHINELOGENTRY, 0@client-2EFB324ADA71, (t:2, i:2), METADATAENTRY(c:1), (t:2, i:3), STATEMACHINELOGENTRY, 999@client-AE8279CAF820, (t:2, i:4), METADATAENTRY(c:3)]
2022-11-08 19:12:09,607 [s2-server-thread2] INFO  server.RaftServer$Division (RaftServerImpl.java:checkInconsistentAppendEntries(1602)) - s2@group-EA982605F2E5: Failed appendEntries as previous log entry ((t:2, i:0)) is not found
2022-11-08 19:12:09,607 [s2-server-thread2] INFO  server.RaftServer$Division (RaftServerImpl.java:checkInconsistentAppendEntries(1572)) - s2@group-EA982605F2E5: inconsistency entries. Reply:s1<-s2#1530:FAIL-t2,INCONSISTENCY,nextIndex=0,followerCommit=0,matchIndex=-1
2022-11-08 19:12:09,608 [grpc-default-executor-0] INFO  leader.FollowerInfo (FollowerInfoImpl.java:lambda$new$0(48)) - s1@group-EA982605F2E5->s2: nextIndex: updateUnconditionally 5 -> 0
2022-11-08 19:12:09,608 [s2-server-thread2] DEBUG server.RaftServer$Division (RaftServerImpl.java:logAppendEntries(1421)) - s2@group-EA982605F2E5: receive appendEntries(s1, 2, null, 4, true, commits:[s1:c4, s0:c4, s2:c0], cId:1531, entries: [(t:2, i:0), CONFIGURATIONENTRY(current:id: "s0"
address: "localhost:34297"
dataStreamAddress: "localhost:43983"
clientAddress: "localhost:39609"
adminAddress: "localhost:37077"
startupRole: FOLLOWER
,id: "s1"
address: "localhost:38917"
dataStreamAddress: "localhost:45719"
clientAddress: "localhost:36975"
adminAddress: "localhost:40635"
startupRole: FOLLOWER
,id: "s2"
address: "localhost:35511"
dataStreamAddress: "localhost:38827"
clientAddress: "localhost:42865"
adminAddress: "localhost:36791"
startupRole: FOLLOWER
, old:), (t:2, i:1), STATEMACHINELOGENTRY, 0@client-2EFB324ADA71, (t:2, i:2), METADATAENTRY(c:1), (t:2, i:3), STATEMACHINELOGENTRY, 999@client-AE8279CAF820, (t:2, i:4), METADATAENTRY(c:3)]
2022-11-08 19:12:09,609 [s2-server-thread2] INFO  server.RaftServer$Division (RaftServerImpl.java:checkInconsistentAppendEntries(1592)) - s2@group-EA982605F2E5: Failed appendEntries as the first entry (index 0) already exists (snapshotIndex: -1, commitIndex: 0)
2022-11-08 19:12:09,609 [s2-server-thread2] INFO  server.RaftServer$Division (RaftServerImpl.java:checkInconsistentAppendEntries(1572)) - s2@group-EA982605F2E5: inconsistency entries. Reply:s1<-s2#1531:FAIL-t2,INCONSISTENCY,nextIndex=1,followerCommit=0,matchIndex=-1
2022-11-08 19:12:09,610 [grpc-default-executor-0] INFO  leader.FollowerInfo (FollowerInfoImpl.java:lambda$new$0(48)) - s1@group-EA982605F2E5->s2: nextIndex: updateUnconditionally 5 -> 1
2022-11-08 19:12:09,611 [s2-server-thread2] DEBUG server.RaftServer$Division (RaftServerImpl.java:logAppendEntries(1421)) - s2@group-EA982605F2E5: receive appendEntries(s1, 2, (t:2, i:0), 4, true, commits:[s1:c4, s0:c4, s2:c0], cId:1532, entries: [(t:2, i:1), STATEMACHINELOGENTRY, 0@client-2EFB324ADA71, (t:2, i:2), METADATAENTRY(c:1), (t:2, i:3), STATEMACHINELOGENTRY, 999@client-AE8279CAF820, (t:2, i:4), METADATAENTRY(c:3)]
2022-11-08 19:12:09,611 [s2-server-thread2] INFO  server.RaftServer$Division (RaftServerImpl.java:checkInconsistentAppendEntries(1602)) - s2@group-EA982605F2E5: Failed appendEntries as previous log entry ((t:2, i:0)) is not found
2022-11-08 19:12:09,611 [s2-server-thread2] INFO  server.RaftServer$Division (RaftServerImpl.java:checkInconsistentAppendEntries(1572)) - s2@group-EA982605F2E5: inconsistency entries. Reply:s1<-s2#1532:FAIL-t2,INCONSISTENCY,nextIndex=0,followerCommit=0,matchIndex=-1
2022-11-08 19:12:09,611 [grpc-default-executor-0] INFO  leader.FollowerInfo (FollowerInfoImpl.java:lambda$new$0(48)) - s1@group-EA982605F2E5->s2: nextIndex: updateUnconditionally 5 -> 0
2022-11-08 19:12:09,613 [s2-server-thread2] DEBUG server.RaftServer$Division (RaftServerImpl.java:logAppendEntries(1421)) - s2@group-EA982605F2E5: receive appendEntries(s1, 2, null, 4, true, commits:[s1:c4, s0:c4, s2:c0], cId:1533, entries: [(t:2, i:0), CONFIGURATIONENTRY(current:id: "s0"
address: "localhost:34297"
dataStreamAddress: "localhost:43983"
clientAddress: "localhost:39609"
adminAddress: "localhost:37077"
startupRole: FOLLOWER
,id: "s1"
address: "localhost:38917"
dataStreamAddress: "localhost:45719"
clientAddress: "localhost:36975"
adminAddress: "localhost:40635"
startupRole: FOLLOWER
,id: "s2"
address: "localhost:35511"
dataStreamAddress: "localhost:38827"
clientAddress: "localhost:42865"
adminAddress: "localhost:36791"
startupRole: FOLLOWER
, old:), (t:2, i:1), STATEMACHINELOGENTRY, 0@client-2EFB324ADA71, (t:2, i:2), METADATAENTRY(c:1), (t:2, i:3), STATEMACHINELOGENTRY, 999@client-AE8279CAF820, (t:2, i:4), METADATAENTRY(c:3)]
2022-11-08 19:12:09,614 [s2-server-thread2] INFO  server.RaftServer$Division (RaftServerImpl.java:checkInconsistentAppendEntries(1592)) - s2@group-EA982605F2E5: Failed appendEntries as the first entry (index 0) already exists (snapshotIndex: -1, commitIndex: 0)
2022-11-08 19:12:09,614 [s2-server-thread2] INFO  server.RaftServer$Division (RaftServerImpl.java:checkInconsistentAppendEntries(1572)) - s2@group-EA982605F2E5: inconsistency entries. Reply:s1<-s2#1533:FAIL-t2,INCONSISTENCY,nextIndex=1,followerCommit=0,matchIndex=-1
2022-11-08 19:12:09,614 [grpc-default-executor-0] INFO  leader.FollowerInfo (FollowerInfoImpl.java:lambda$new$0(48)) - s1@group-EA982605F2E5->s2: nextIndex: updateUnconditionally 5 -> 1
2022-11-08 19:12:09,615 [s2-server-thread2] DEBUG server.RaftServer$Division (RaftServerImpl.java:logAppendEntries(1421)) - s2@group-EA982605F2E5: receive appendEntries(s1, 2, (t:2, i:0), 4, true, commits:[s1:c4, s0:c4, s2:c0], cId:1534, entries: [(t:2, i:1), STATEMACHINELOGENTRY, 0@client-2EFB324ADA71, (t:2, i:2), METADATAENTRY(c:1), (t:2, i:3), STATEMACHINELOGENTRY, 999@client-AE8279CAF820, (t:2, i:4), METADATAENTRY(c:3)]
2022-11-08 19:12:09,615 [s2-server-thread2] INFO  server.RaftServer$Division (RaftServerImpl.java:checkInconsistentAppendEntries(1602)) - s2@group-EA982605F2E5: Failed appendEntries as previous log entry ((t:2, i:0)) is not found
2022-11-08 19:12:09,615 [s2-server-thread2] INFO  server.RaftServer$Division (RaftServerImpl.java:checkInconsistentAppendEntries(1572)) - s2@group-EA982605F2E5: inconsistency entries. Reply:s1<-s2#1534:FAIL-t2,INCONSISTENCY,nextIndex=0,followerCommit=0,matchIndex=-1
2022-11-08 19:12:09,615 [grpc-default-executor-0] INFO  leader.FollowerInfo (FollowerInfoImpl.java:lambda$new$0(48)) - s1@group-EA982605F2E5->s2: nextIndex: updateUnconditionally 5 -> 0
2022-11-08 19:12:09,616 [s2-server-thread2] DEBUG server.RaftServer$Division (RaftServerImpl.java:logAppendEntries(1421)) - s2@group-EA982605F2E5: receive appendEntries(s1, 2, null, 4, true, commits:[s1:c4, s0:c4, s2:c0], cId:1535, entries: [(t:2, i:0), CONFIGURATIONENTRY(current:id: "s0"
address: "localhost:34297"
dataStreamAddress: "localhost:43983"
clientAddress: "localhost:39609"
adminAddress: "localhost:37077"
startupRole: FOLLOWER
,id: "s1"
address: "localhost:38917"
dataStreamAddress: "localhost:45719"
clientAddress: "localhost:36975"
adminAddress: "localhost:40635"
startupRole: FOLLOWER
,id: "s2"
address: "localhost:35511"
dataStreamAddress: "localhost:38827"
clientAddress: "localhost:42865"
adminAddress: "localhost:36791"
startupRole: FOLLOWER
, old:), (t:2, i:1), STATEMACHINELOGENTRY, 0@client-2EFB324ADA71, (t:2, i:2), METADATAENTRY(c:1), (t:2, i:3), STATEMACHINELOGENTRY, 999@client-AE8279CAF820, (t:2, i:4), METADATAENTRY(c:3)]
2022-11-08 19:12:09,616 [s2-server-thread2] INFO  server.RaftServer$Division (RaftServerImpl.java:checkInconsistentAppendEntries(1592)) - s2@group-EA982605F2E5: Failed appendEntries as the first entry (index 0) already exists (snapshotIndex: -1, commitIndex: 0)
2022-11-08 19:12:09,616 [s2-server-thread2] INFO  server.RaftServer$Division (RaftServerImpl.java:checkInconsistentAppendEntries(1572)) - s2@group-EA982605F2E5: inconsistency entries. Reply:s1<-s2#1535:FAIL-t2,INCONSISTENCY,nextIndex=1,followerCommit=0,matchIndex=-1
2022-11-08 19:12:09,616 [grpc-default-executor-0] INFO  leader.FollowerInfo (FollowerInfoImpl.java:lambda$new$0(48)) - s1@group-EA982605F2E5->s2: nextIndex: updateUnconditionally 5 -> 1
2022-11-08 19:12:09,617 [s2-server-thread2] DEBUG server.RaftServer$Division (RaftServerImpl.java:logAppendEntries(1421)) - s2@group-EA982605F2E5: receive appendEntries(s1, 2, (t:2, i:0), 4, true, commits:[s1:c4, s0:c4, s2:c0], cId:1536, entries: [(t:2, i:1), STATEMACHINELOGENTRY, 0@client-2EFB324ADA71, (t:2, i:2), METADATAENTRY(c:1), (t:2, i:3), STATEMACHINELOGENTRY, 999@client-AE8279CAF820, (t:2, i:4), METADATAENTRY(c:3)]
2022-11-08 19:12:09,617 [s2-server-thread2] INFO  server.RaftServer$Division (RaftServerImpl.java:checkInconsistentAppendEntries(1602)) - s2@group-EA982605F2E5: Failed appendEntries as previous log entry ((t:2, i:0)) is not found
2022-11-08 19:12:09,617 [s2-server-thread2] INFO  server.RaftServer$Division (RaftServerImpl.java:checkInconsistentAppendEntries(1572)) - s2@group-EA982605F2E5: inconsistency entries. Reply:s1<-s2#1536:FAIL-t2,INCONSISTENCY,nextIndex=0,followerCommit=0,matchIndex=-1
2022-11-08 19:12:09,617 [grpc-default-executor-0] INFO  leader.FollowerInfo (FollowerInfoImpl.java:lambda$new$0(48)) - s1@group-EA982605F2E5->s2: nextIndex: updateUnconditionally 5 -> 0
2022-11-08 19:12:09,618 [s2-server-thread2] DEBUG server.RaftServer$Division (RaftServerImpl.java:logAppendEntries(1421)) - s2@group-EA982605F2E5: receive appendEntries(s1, 2, null, 4, true, commits:[s1:c4, s0:c4, s2:c0], cId:1537, entries: [(t:2, i:0), CONFIGURATIONENTRY(current:id: "s0"
address: "localhost:34297"
dataStreamAddress: "localhost:43983"
clientAddress: "localhost:39609"
adminAddress: "localhost:37077"
startupRole: FOLLOWER
,id: "s1"
address: "localhost:38917"
dataStreamAddress: "localhost:45719"
clientAddress: "localhost:36975"
adminAddress: "localhost:40635"
startupRole: FOLLOWER
,id: "s2"
address: "localhost:35511"
dataStreamAddress: "localhost:38827"
clientAddress: "localhost:42865"
adminAddress: "localhost:36791"
startupRole: FOLLOWER
, old:), (t:2, i:1), STATEMACHINELOGENTRY, 0@client-2EFB324ADA71, (t:2, i:2), METADATAENTRY(c:1), (t:2, i:3), STATEMACHINELOGENTRY, 999@client-AE8279CAF820, (t:2, i:4), METADATAENTRY(c:3)]
2022-11-08 19:12:09,618 [s2-server-thread2] INFO  server.RaftServer$Division (RaftServerImpl.java:checkInconsistentAppendEntries(1592)) - s2@group-EA982605F2E5: Failed appendEntries as the first entry (index 0) already exists (snapshotIndex: -1, commitIndex: 0)
2022-11-08 19:12:09,618 [s2-server-thread2] INFO  server.RaftServer$Division (RaftServerImpl.java:checkInconsistentAppendEntries(1572)) - s2@group-EA982605F2E5: inconsistency entries. Reply:s1<-s2#1537:FAIL-t2,INCONSISTENCY,nextIndex=1,followerCommit=0,matchIndex=-1
2022-11-08 19:12:09,618 [grpc-default-executor-0] INFO  leader.FollowerInfo (FollowerInfoImpl.java:lambda$new$0(48)) - s1@group-EA982605F2E5->s2: nextIndex: updateUnconditionally 5 -> 1
2022-11-08 19:12:09,621 [s2-server-thread2] DEBUG server.RaftServer$Division (RaftServerImpl.java:logAppendEntries(1421)) - s2@group-EA982605F2E5: receive appendEntries(s1, 2, (t:2, i:0), 4, true, commits:[s1:c4, s0:c4, s2:c0], cId:1538, entries: [(t:2, i:1), STATEMACHINELOGENTRY, 0@client-2EFB324ADA71, (t:2, i:2), METADATAENTRY(c:1), (t:2, i:3), STATEMACHINELOGENTRY, 999@client-AE8279CAF820, (t:2, i:4), METADATAENTRY(c:3)]
2022-11-08 19:12:09,621 [s2-server-thread2] INFO  server.RaftServer$Division (RaftServerImpl.java:checkInconsistentAppendEntries(1602)) - s2@group-EA982605F2E5: Failed appendEntries as previous log entry ((t:2, i:0)) is not found
2022-11-08 19:12:09,621 [s2-server-thread2] INFO  server.RaftServer$Division (RaftServerImpl.java:checkInconsistentAppendEntries(1572)) - s2@group-EA982605F2E5: inconsistency entries. Reply:s1<-s2#1538:FAIL-t2,INCONSISTENCY,nextIndex=0,followerCommit=0,matchIndex=-1
2022-11-08 19:12:09,621 [grpc-default-executor-0] INFO  leader.FollowerInfo (FollowerInfoImpl.java:lambda$new$0(48)) - s1@group-EA982605F2E5->s2: nextIndex: updateUnconditionally 5 -> 0
2022-11-08 19:12:09,622 [s2-server-thread2] DEBUG server.RaftServer$Division (RaftServerImpl.java:logAppendEntries(1421)) - s2@group-EA982605F2E5: receive appendEntries(s1, 2, null, 4, true, commits:[s1:c4, s0:c4, s2:c0], cId:1539, entries: [(t:2, i:0), CONFIGURATIONENTRY(current:id: "s0"
address: "localhost:34297"
dataStreamAddress: "localhost:43983"
clientAddress: "localhost:39609"
adminAddress: "localhost:37077"
startupRole: FOLLOWER
,id: "s1"
address: "localhost:38917"
dataStreamAddress: "localhost:45719"
clientAddress: "localhost:36975"
adminAddress: "localhost:40635"
startupRole: FOLLOWER
,id: "s2"
address: "localhost:35511"
dataStreamAddress: "localhost:38827"
clientAddress: "localhost:42865"
adminAddress: "localhost:36791"
startupRole: FOLLOWER
, old:), (t:2, i:1), STATEMACHINELOGENTRY, 0@client-2EFB324ADA71, (t:2, i:2), METADATAENTRY(c:1), (t:2, i:3), STATEMACHINELOGENTRY, 999@client-AE8279CAF820, (t:2, i:4), METADATAENTRY(c:3)]
2022-11-08 19:12:09,622 [s2-server-thread2] INFO  server.RaftServer$Division (RaftServerImpl.java:checkInconsistentAppendEntries(1592)) - s2@group-EA982605F2E5: Failed appendEntries as the first entry (index 0) already exists (snapshotIndex: -1, commitIndex: 0)
2022-11-08 19:12:09,622 [s2-server-thread2] INFO  server.RaftServer$Division (RaftServerImpl.java:checkInconsistentAppendEntries(1572)) - s2@group-EA982605F2E5: inconsistency entries. Reply:s1<-s2#1539:FAIL-t2,INCONSISTENCY,nextIndex=1,followerCommit=0,matchIndex=-1
2022-11-08 19:12:09,623 [grpc-default-executor-0] INFO  leader.FollowerInfo (FollowerInfoImpl.java:lambda$new$0(48)) - s1@group-EA982605F2E5->s2: nextIndex: updateUnconditionally 5 -> 1
2022-11-08 19:12:09,623 [s2-server-thread2] DEBUG server.RaftServer$Division (RaftServerImpl.java:logAppendEntries(1421)) - s2@group-EA982605F2E5: receive appendEntries(s1, 2, (t:2, i:0), 4, true, commits:[s1:c4, s0:c4, s2:c0], cId:1540, entries: [(t:2, i:1), STATEMACHINELOGENTRY, 0@client-2EFB324ADA71, (t:2, i:2), METADATAENTRY(c:1), (t:2, i:3), STATEMACHINELOGENTRY, 999@client-AE8279CAF820, (t:2, i:4), METADATAENTRY(c:3)]
2022-11-08 19:12:09,623 [s2-server-thread2] INFO  server.RaftServer$Division (RaftServerImpl.java:checkInconsistentAppendEntries(1602)) - s2@group-EA982605F2E5: Failed appendEntries as previous log entry ((t:2, i:0)) is not found
2022-11-08 19:12:09,624 [s2-server-thread2] INFO  server.RaftServer$Division (RaftServerImpl.java:checkInconsistentAppendEntries(1572)) - s2@group-EA982605F2E5: inconsistency entries. Reply:s1<-s2#1540:FAIL-t2,INCONSISTENCY,nextIndex=0,followerCommit=0,matchIndex=-1
2022-11-08 19:12:09,624 [grpc-default-executor-0] INFO  leader.FollowerInfo (FollowerInfoImpl.java:lambda$new$0(48)) - s1@group-EA982605F2E5->s2: nextIndex: updateUnconditionally 5 -> 0
2022-11-08 19:12:09,627 [s2-server-thread2] DEBUG server.RaftServer$Division (RaftServerImpl.java:logAppendEntries(1421)) - s2@group-EA982605F2E5: receive appendEntries(s1, 2, null, 4, true, commits:[s1:c4, s0:c4, s2:c0], cId:1541, entries: [(t:2, i:0), CONFIGURATIONENTRY(current:id: "s0"
address: "localhost:34297"
dataStreamAddress: "localhost:43983"
clientAddress: "localhost:39609"
adminAddress: "localhost:37077"
startupRole: FOLLOWER
,id: "s1"
address: "localhost:38917"
dataStreamAddress: "localhost:45719"
clientAddress: "localhost:36975"
adminAddress: "localhost:40635"
startupRole: FOLLOWER
,id: "s2"
address: "localhost:35511"
dataStreamAddress: "localhost:38827"
clientAddress: "localhost:42865"
adminAddress: "localhost:36791"
startupRole: FOLLOWER
, old:), (t:2, i:1), STATEMACHINELOGENTRY, 0@client-2EFB324ADA71, (t:2, i:2), METADATAENTRY(c:1), (t:2, i:3), STATEMACHINELOGENTRY, 999@client-AE8279CAF820, (t:2, i:4), METADATAENTRY(c:3)]
2022-11-08 19:12:09,627 [s2-server-thread2] INFO  server.RaftServer$Division (RaftServerImpl.java:checkInconsistentAppendEntries(1592)) - s2@group-EA982605F2E5: Failed appendEntries as the first entry (index 0) already exists (snapshotIndex: -1, commitIndex: 0)
2022-11-08 19:12:09,627 [s2-server-thread2] INFO  server.RaftServer$Division (RaftServerImpl.java:checkInconsistentAppendEntries(1572)) - s2@group-EA982605F2E5: inconsistency entries. Reply:s1<-s2#1541:FAIL-t2,INCONSISTENCY,nextIndex=1,followerCommit=0,matchIndex=-1
2022-11-08 19:12:09,628 [grpc-default-executor-0] INFO  leader.FollowerInfo (FollowerInfoImpl.java:lambda$new$0(48)) - s1@group-EA982605F2E5->s2: nextIndex: updateUnconditionally 5 -> 1
2022-11-08 19:12:09,629 [s2-server-thread2] DEBUG server.RaftServer$Division (RaftServerImpl.java:logAppendEntries(1421)) - s2@group-EA982605F2E5: receive appendEntries(s1, 2, (t:2, i:0), 4, true, commits:[s1:c4, s0:c4, s2:c0], cId:1542, entries: [(t:2, i:1), STATEMACHINELOGENTRY, 0@client-2EFB324ADA71, (t:2, i:2), METADATAENTRY(c:1), (t:2, i:3), STATEMACHINELOGENTRY, 999@client-AE8279CAF820, (t:2, i:4), METADATAENTRY(c:3)]
2022-11-08 19:12:09,630 [s2-server-thread2] INFO  server.RaftServer$Division (RaftServerImpl.java:checkInconsistentAppendEntries(1602)) - s2@group-EA982605F2E5: Failed appendEntries as previous log entry ((t:2, i:0)) is not found
2022-11-08 19:12:09,630 [s2-server-thread2] INFO  server.RaftServer$Division (RaftServerImpl.java:checkInconsistentAppendEntries(1572)) - s2@group-EA982605F2E5: inconsistency entries. Reply:s1<-s2#1542:FAIL-t2,INCONSISTENCY,nextIndex=0,followerCommit=0,matchIndex=-1
2022-11-08 19:12:09,630 [grpc-default-executor-0] INFO  leader.FollowerInfo (FollowerInfoImpl.java:lambda$new$0(48)) - s1@group-EA982605F2E5->s2: nextIndex: updateUnconditionally 5 -> 0
2022-11-08 19:12:09,631 [s2-server-thread2] DEBUG server.RaftServer$Division (RaftServerImpl.java:logAppendEntries(1421)) - s2@group-EA982605F2E5: receive appendEntries(s1, 2, null, 4, true, commits:[s1:c4, s0:c4, s2:c0], cId:1543, entries: [(t:2, i:0), CONFIGURATIONENTRY(current:id: "s0"
address: "localhost:34297"
dataStreamAddress: "localhost:43983"
clientAddress: "localhost:39609"
adminAddress: "localhost:37077"
startupRole: FOLLOWER
,id: "s1"
address: "localhost:38917"
dataStreamAddress: "localhost:45719"
clientAddress: "localhost:36975"
adminAddress: "localhost:40635"
startupRole: FOLLOWER
,id: "s2"
address: "localhost:35511"
dataStreamAddress: "localhost:38827"
clientAddress: "localhost:42865"
adminAddress: "localhost:36791"
startupRole: FOLLOWER
, old:), (t:2, i:1), STATEMACHINELOGENTRY, 0@client-2EFB324ADA71, (t:2, i:2), METADATAENTRY(c:1), (t:2, i:3), STATEMACHINELOGENTRY, 999@client-AE8279CAF820, (t:2, i:4), METADATAENTRY(c:3)]
2022-11-08 19:12:09,631 [s2-server-thread2] INFO  server.RaftServer$Division (RaftServerImpl.java:checkInconsistentAppendEntries(1592)) - s2@group-EA982605F2E5: Failed appendEntries as the first entry (index 0) already exists (snapshotIndex: -1, commitIndex: 0)
2022-11-08 19:12:09,631 [s2-server-thread2] INFO  server.RaftServer$Division (RaftServerImpl.java:checkInconsistentAppendEntries(1572)) - s2@group-EA982605F2E5: inconsistency entries. Reply:s1<-s2#1543:FAIL-t2,INCONSISTENCY,nextIndex=1,followerCommit=0,matchIndex=-1
2022-11-08 19:12:09,631 [grpc-default-executor-0] INFO  leader.FollowerInfo (FollowerInfoImpl.java:lambda$new$0(48)) - s1@group-EA982605F2E5->s2: nextIndex: updateUnconditionally 5 -> 1
2022-11-08 19:12:09,632 [s2-server-thread2] DEBUG server.RaftServer$Division (RaftServerImpl.java:logAppendEntries(1421)) - s2@group-EA982605F2E5: receive appendEntries(s1, 2, (t:2, i:0), 4, true, commits:[s1:c4, s0:c4, s2:c0], cId:1544, entries: [(t:2, i:1), STATEMACHINELOGENTRY, 0@client-2EFB324ADA71, (t:2, i:2), METADATAENTRY(c:1), (t:2, i:3), STATEMACHINELOGENTRY, 999@client-AE8279CAF820, (t:2, i:4), METADATAENTRY(c:3)]
2022-11-08 19:12:09,632 [s2-server-thread2] INFO  server.RaftServer$Division (RaftServerImpl.java:checkInconsistentAppendEntries(1602)) - s2@group-EA982605F2E5: Failed appendEntries as previous log entry ((t:2, i:0)) is not found
2022-11-08 19:12:09,632 [s2-server-thread2] INFO  server.RaftServer$Division (RaftServerImpl.java:checkInconsistentAppendEntries(1572)) - s2@group-EA982605F2E5: inconsistency entries. Reply:s1<-s2#1544:FAIL-t2,INCONSISTENCY,nextIndex=0,followerCommit=0,matchIndex=-1
2022-11-08 19:12:09,632 [grpc-default-executor-0] INFO  leader.FollowerInfo (FollowerInfoImpl.java:lambda$new$0(48)) - s1@group-EA982605F2E5->s2: nextIndex: updateUnconditionally 5 -> 0
2022-11-08 19:12:09,633 [s2-server-thread2] DEBUG server.RaftServer$Division (RaftServerImpl.java:logAppendEntries(1421)) - s2@group-EA982605F2E5: receive appendEntries(s1, 2, null, 4, true, commits:[s1:c4, s0:c4, s2:c0], cId:1545, entries: [(t:2, i:0), CONFIGURATIONENTRY(current:id: "s0"
address: "localhost:34297"
dataStreamAddress: "localhost:43983"
clientAddress: "localhost:39609"
adminAddress: "localhost:37077"
startupRole: FOLLOWER
,id: "s1"
address: "localhost:38917"
dataStreamAddress: "localhost:45719"
clientAddress: "localhost:36975"
adminAddress: "localhost:40635"
startupRole: FOLLOWER
,id: "s2"
address: "localhost:35511"
dataStreamAddress: "localhost:38827"
clientAddress: "localhost:42865"
adminAddress: "localhost:36791"
startupRole: FOLLOWER
, old:), (t:2, i:1), STATEMACHINELOGENTRY, 0@client-2EFB324ADA71, (t:2, i:2), METADATAENTRY(c:1), (t:2, i:3), STATEMACHINELOGENTRY, 999@client-AE8279CAF820, (t:2, i:4), METADATAENTRY(c:3)]
2022-11-08 19:12:09,633 [s2-server-thread2] INFO  server.RaftServer$Division (RaftServerImpl.java:checkInconsistentAppendEntries(1592)) - s2@group-EA982605F2E5: Failed appendEntries as the first entry (index 0) already exists (snapshotIndex: -1, commitIndex: 0)
2022-11-08 19:12:09,633 [s2-server-thread2] INFO  server.RaftServer$Division (RaftServerImpl.java:checkInconsistentAppendEntries(1572)) - s2@group-EA982605F2E5: inconsistency entries. Reply:s1<-s2#1545:FAIL-t2,INCONSISTENCY,nextIndex=1,followerCommit=0,matchIndex=-1
2022-11-08 19:12:09,634 [grpc-default-executor-0] INFO  leader.FollowerInfo (FollowerInfoImpl.java:lambda$new$0(48)) - s1@group-EA982605F2E5->s2: nextIndex: updateUnconditionally 5 -> 1
2022-11-08 19:12:09,634 [s2-server-thread1] DEBUG server.RaftServer$Division (RaftServerImpl.java:logAppendEntries(1421)) - s2@group-EA982605F2E5: receive appendEntries(s1, 2, (t:2, i:0), 4, true, commits:[s1:c4, s0:c4, s2:c0], cId:1546, entries: [(t:2, i:1), STATEMACHINELOGENTRY, 0@client-2EFB324ADA71, (t:2, i:2), METADATAENTRY(c:1), (t:2, i:3), STATEMACHINELOGENTRY, 999@client-AE8279CAF820, (t:2, i:4), METADATAENTRY(c:3)]
2022-11-08 19:12:09,634 [s2-server-thread1] INFO  server.RaftServer$Division (RaftServerImpl.java:checkInconsistentAppendEntries(1602)) - s2@group-EA982605F2E5: Failed appendEntries as previous log entry ((t:2, i:0)) is not found
2022-11-08 19:12:09,634 [s2-server-thread1] INFO  server.RaftServer$Division (RaftServerImpl.java:checkInconsistentAppendEntries(1572)) - s2@group-EA982605F2E5: inconsistency entries. Reply:s1<-s2#1546:FAIL-t2,INCONSISTENCY,nextIndex=0,followerCommit=0,matchIndex=-1
2022-11-08 19:12:09,635 [grpc-default-executor-0] INFO  leader.FollowerInfo (FollowerInfoImpl.java:lambda$new$0(48)) - s1@group-EA982605F2E5->s2: nextIndex: updateUnconditionally 5 -> 0
2022-11-08 19:12:09,635 [s2-server-thread1] DEBUG server.RaftServer$Division (RaftServerImpl.java:logAppendEntries(1421)) - s2@group-EA982605F2E5: receive appendEntries(s1, 2, null, 4, true, commits:[s1:c4, s0:c4, s2:c0], cId:1547, entries: [(t:2, i:0), CONFIGURATIONENTRY(current:id: "s0"
address: "localhost:34297"
dataStreamAddress: "localhost:43983"
clientAddress: "localhost:39609"
adminAddress: "localhost:37077"
startupRole: FOLLOWER
,id: "s1"
address: "localhost:38917"
dataStreamAddress: "localhost:45719"
clientAddress: "localhost:36975"
adminAddress: "localhost:40635"
startupRole: FOLLOWER
,id: "s2"
address: "localhost:35511"
dataStreamAddress: "localhost:38827"
clientAddress: "localhost:42865"
adminAddress: "localhost:36791"
startupRole: FOLLOWER
, old:), (t:2, i:1), STATEMACHINELOGENTRY, 0@client-2EFB324ADA71, (t:2, i:2), METADATAENTRY(c:1), (t:2, i:3), STATEMACHINELOGENTRY, 999@client-AE8279CAF820, (t:2, i:4), METADATAENTRY(c:3)]
2022-11-08 19:12:09,635 [s2-server-thread1] INFO  server.RaftServer$Division (RaftServerImpl.java:checkInconsistentAppendEntries(1592)) - s2@group-EA982605F2E5: Failed appendEntries as the first entry (index 0) already exists (snapshotIndex: -1, commitIndex: 0)
2022-11-08 19:12:09,636 [s2-server-thread1] INFO  server.RaftServer$Division (RaftServerImpl.java:checkInconsistentAppendEntries(1572)) - s2@group-EA982605F2E5: inconsistency entries. Reply:s1<-s2#1547:FAIL-t2,INCONSISTENCY,nextIndex=1,followerCommit=0,matchIndex=-1
2022-11-08 19:12:09,636 [grpc-default-executor-0] INFO  leader.FollowerInfo (FollowerInfoImpl.java:lambda$new$0(48)) - s1@group-EA982605F2E5->s2: nextIndex: updateUnconditionally 5 -> 1
2022-11-08 19:12:09,636 [s2-server-thread1] DEBUG server.RaftServer$Division (RaftServerImpl.java:logAppendEntries(1421)) - s2@group-EA982605F2E5: receive appendEntries(s1, 2, (t:2, i:0), 4, true, commits:[s1:c4, s0:c4, s2:c0], cId:1548, entries: [(t:2, i:1), STATEMACHINELOGENTRY, 0@client-2EFB324ADA71, (t:2, i:2), METADATAENTRY(c:1), (t:2, i:3), STATEMACHINELOGENTRY, 999@client-AE8279CAF820, (t:2, i:4), METADATAENTRY(c:3)]
2022-11-08 19:12:09,637 [s2-server-thread1] INFO  server.RaftServer$Division (RaftServerImpl.java:checkInconsistentAppendEntries(1602)) - s2@group-EA982605F2E5: Failed appendEntries as previous log entry ((t:2, i:0)) is not found
2022-11-08 19:12:09,637 [s2-server-thread1] INFO  server.RaftServer$Division (RaftServerImpl.java:checkInconsistentAppendEntries(1572)) - s2@group-EA982605F2E5: inconsistency entries. Reply:s1<-s2#1548:FAIL-t2,INCONSISTENCY,nextIndex=0,followerCommit=0,matchIndex=-1
2022-11-08 19:12:09,637 [grpc-default-executor-0] INFO  leader.FollowerInfo (FollowerInfoImpl.java:lambda$new$0(48)) - s1@group-EA982605F2E5->s2: nextIndex: updateUnconditionally 5 -> 0
2022-11-08 19:12:09,638 [s2-server-thread1] DEBUG server.RaftServer$Division (RaftServerImpl.java:logAppendEntries(1421)) - s2@group-EA982605F2E5: receive appendEntries(s1, 2, null, 4, true, commits:[s1:c4, s0:c4, s2:c0], cId:1549, entries: [(t:2, i:0), CONFIGURATIONENTRY(current:id: "s0"
address: "localhost:34297"
dataStreamAddress: "localhost:43983"
clientAddress: "localhost:39609"
adminAddress: "localhost:37077"
startupRole: FOLLOWER
,id: "s1"
address: "localhost:38917"
dataStreamAddress: "localhost:45719"
clientAddress: "localhost:36975"
adminAddress: "localhost:40635"
startupRole: FOLLOWER
,id: "s2"
address: "localhost:35511"
dataStreamAddress: "localhost:38827"
clientAddress: "localhost:42865"
adminAddress: "localhost:36791"
startupRole: FOLLOWER
, old:), (t:2, i:1), STATEMACHINELOGENTRY, 0@client-2EFB324ADA71, (t:2, i:2), METADATAENTRY(c:1), (t:2, i:3), STATEMACHINELOGENTRY, 999@client-AE8279CAF820, (t:2, i:4), METADATAENTRY(c:3)]
2022-11-08 19:12:09,638 [s2-server-thread1] INFO  server.RaftServer$Division (RaftServerImpl.java:checkInconsistentAppendEntries(1592)) - s2@group-EA982605F2E5: Failed appendEntries as the first entry (index 0) already exists (snapshotIndex: -1, commitIndex: 0)
2022-11-08 19:12:09,638 [s2-server-thread1] INFO  server.RaftServer$Division (RaftServerImpl.java:checkInconsistentAppendEntries(1572)) - s2@group-EA982605F2E5: inconsistency entries. Reply:s1<-s2#1549:FAIL-t2,INCONSISTENCY,nextIndex=1,followerCommit=0,matchIndex=-1
2022-11-08 19:12:09,638 [grpc-default-executor-0] INFO  leader.FollowerInfo (FollowerInfoImpl.java:lambda$new$0(48)) - s1@group-EA982605F2E5->s2: nextIndex: updateUnconditionally 5 -> 1
2022-11-08 19:12:09,639 [s2-server-thread1] DEBUG server.RaftServer$Division (RaftServerImpl.java:logAppendEntries(1421)) - s2@group-EA982605F2E5: receive appendEntries(s1, 2, (t:2, i:0), 4, true, commits:[s1:c4, s0:c4, s2:c0], cId:1550, entries: [(t:2, i:1), STATEMACHINELOGENTRY, 0@client-2EFB324ADA71, (t:2, i:2), METADATAENTRY(c:1), (t:2, i:3), STATEMACHINELOGENTRY, 999@client-AE8279CAF820, (t:2, i:4), METADATAENTRY(c:3)]
2022-11-08 19:12:09,639 [s2-server-thread1] INFO  server.RaftServer$Division (RaftServerImpl.java:checkInconsistentAppendEntries(1602)) - s2@group-EA982605F2E5: Failed appendEntries as previous log entry ((t:2, i:0)) is not found
2022-11-08 19:12:09,639 [s2-server-thread1] INFO  server.RaftServer$Division (RaftServerImpl.java:checkInconsistentAppendEntries(1572)) - s2@group-EA982605F2E5: inconsistency entries. Reply:s1<-s2#1550:FAIL-t2,INCONSISTENCY,nextIndex=0,followerCommit=0,matchIndex=-1
2022-11-08 19:12:09,640 [grpc-default-executor-0] INFO  leader.FollowerInfo (FollowerInfoImpl.java:lambda$new$0(48)) - s1@group-EA982605F2E5->s2: nextIndex: updateUnconditionally 5 -> 0
2022-11-08 19:12:09,640 [s2-server-thread1] DEBUG server.RaftServer$Division (RaftServerImpl.java:logAppendEntries(1421)) - s2@group-EA982605F2E5: receive appendEntries(s1, 2, null, 4, true, commits:[s1:c4, s0:c4, s2:c0], cId:1551, entries: [(t:2, i:0), CONFIGURATIONENTRY(current:id: "s0"
address: "localhost:34297"
dataStreamAddress: "localhost:43983"
clientAddress: "localhost:39609"
adminAddress: "localhost:37077"
startupRole: FOLLOWER
,id: "s1"
address: "localhost:38917"
dataStreamAddress: "localhost:45719"
clientAddress: "localhost:36975"
adminAddress: "localhost:40635"
startupRole: FOLLOWER
,id: "s2"
address: "localhost:35511"
dataStreamAddress: "localhost:38827"
clientAddress: "localhost:42865"
adminAddress: "localhost:36791"
startupRole: FOLLOWER
, old:), (t:2, i:1), STATEMACHINELOGENTRY, 0@client-2EFB324ADA71, (t:2, i:2), METADATAENTRY(c:1), (t:2, i:3), STATEMACHINELOGENTRY, 999@client-AE8279CAF820, (t:2, i:4), METADATAENTRY(c:3)]
2022-11-08 19:12:09,641 [s2-server-thread1] INFO  server.RaftServer$Division (RaftServerImpl.java:checkInconsistentAppendEntries(1592)) - s2@group-EA982605F2E5: Failed appendEntries as the first entry (index 0) already exists (snapshotIndex: -1, commitIndex: 0)
2022-11-08 19:12:09,641 [s2-server-thread1] INFO  server.RaftServer$Division (RaftServerImpl.java:checkInconsistentAppendEntries(1572)) - s2@group-EA982605F2E5: inconsistency entries. Reply:s1<-s2#1551:FAIL-t2,INCONSISTENCY,nextIndex=1,followerCommit=0,matchIndex=-1
2022-11-08 19:12:09,641 [grpc-default-executor-0] INFO  leader.FollowerInfo (FollowerInfoImpl.java:lambda$new$0(48)) - s1@group-EA982605F2E5->s2: nextIndex: updateUnconditionally 5 -> 1
2022-11-08 19:12:09,642 [s2-server-thread1] DEBUG server.RaftServer$Division (RaftServerImpl.java:logAppendEntries(1421)) - s2@group-EA982605F2E5: receive appendEntries(s1, 2, (t:2, i:0), 4, true, commits:[s1:c4, s0:c4, s2:c0], cId:1552, entries: [(t:2, i:1), STATEMACHINELOGENTRY, 0@client-2EFB324ADA71, (t:2, i:2), METADATAENTRY(c:1), (t:2, i:3), STATEMACHINELOGENTRY, 999@client-AE8279CAF820, (t:2, i:4), METADATAENTRY(c:3)]
2022-11-08 19:12:09,642 [s2-server-thread1] INFO  server.RaftServer$Division (RaftServerImpl.java:checkInconsistentAppendEntries(1602)) - s2@group-EA982605F2E5: Failed appendEntries as previous log entry ((t:2, i:0)) is not found
2022-11-08 19:12:09,642 [s2-server-thread1] INFO  server.RaftServer$Division (RaftServerImpl.java:checkInconsistentAppendEntries(1572)) - s2@group-EA982605F2E5: inconsistency entries. Reply:s1<-s2#1552:FAIL-t2,INCONSISTENCY,nextIndex=0,followerCommit=0,matchIndex=-1
2022-11-08 19:12:09,642 [grpc-default-executor-0] INFO  leader.FollowerInfo (FollowerInfoImpl.java:lambda$new$0(48)) - s1@group-EA982605F2E5->s2: nextIndex: updateUnconditionally 5 -> 0
2022-11-08 19:12:09,643 [s2-server-thread1] DEBUG server.RaftServer$Division (RaftServerImpl.java:logAppendEntries(1421)) - s2@group-EA982605F2E5: receive appendEntries(s1, 2, null, 4, true, commits:[s1:c4, s0:c4, s2:c0], cId:1553, entries: [(t:2, i:0), CONFIGURATIONENTRY(current:id: "s0"
address: "localhost:34297"
dataStreamAddress: "localhost:43983"
clientAddress: "localhost:39609"
adminAddress: "localhost:37077"
startupRole: FOLLOWER
,id: "s1"
address: "localhost:38917"
dataStreamAddress: "localhost:45719"
clientAddress: "localhost:36975"
adminAddress: "localhost:40635"
startupRole: FOLLOWER
,id: "s2"
address: "localhost:35511"
dataStreamAddress: "localhost:38827"
clientAddress: "localhost:42865"
adminAddress: "localhost:36791"
startupRole: FOLLOWER
, old:), (t:2, i:1), STATEMACHINELOGENTRY, 0@client-2EFB324ADA71, (t:2, i:2), METADATAENTRY(c:1), (t:2, i:3), STATEMACHINELOGENTRY, 999@client-AE8279CAF820, (t:2, i:4), METADATAENTRY(c:3)]
2022-11-08 19:12:09,643 [s2-server-thread1] INFO  server.RaftServer$Division (RaftServerImpl.java:checkInconsistentAppendEntries(1592)) - s2@group-EA982605F2E5: Failed appendEntries as the first entry (index 0) already exists (snapshotIndex: -1, commitIndex: 0)
2022-11-08 19:12:09,643 [s2-server-thread1] INFO  server.RaftServer$Division (RaftServerImpl.java:checkInconsistentAppendEntries(1572)) - s2@group-EA982605F2E5: inconsistency entries. Reply:s1<-s2#1553:FAIL-t2,INCONSISTENCY,nextIndex=1,followerCommit=0,matchIndex=-1
2022-11-08 19:12:09,643 [grpc-default-executor-0] INFO  leader.FollowerInfo (FollowerInfoImpl.java:lambda$new$0(48)) - s1@group-EA982605F2E5->s2: nextIndex: updateUnconditionally 5 -> 1
2022-11-08 19:12:09,644 [s2-server-thread1] DEBUG server.RaftServer$Division (RaftServerImpl.java:logAppendEntries(1421)) - s2@group-EA982605F2E5: receive appendEntries(s1, 2, (t:2, i:0), 4, true, commits:[s1:c4, s0:c4, s2:c0], cId:1554, entries: [(t:2, i:1), STATEMACHINELOGENTRY, 0@client-2EFB324ADA71, (t:2, i:2), METADATAENTRY(c:1), (t:2, i:3), STATEMACHINELOGENTRY, 999@client-AE8279CAF820, (t:2, i:4), METADATAENTRY(c:3)]
2022-11-08 19:12:09,644 [s2-server-thread1] INFO  server.RaftServer$Division (RaftServerImpl.java:checkInconsistentAppendEntries(1602)) - s2@group-EA982605F2E5: Failed appendEntries as previous log entry ((t:2, i:0)) is not found
2022-11-08 19:12:09,644 [s2-server-thread1] INFO  server.RaftServer$Division (RaftServerImpl.java:checkInconsistentAppendEntries(1572)) - s2@group-EA982605F2E5: inconsistency entries. Reply:s1<-s2#1554:FAIL-t2,INCONSISTENCY,nextIndex=0,followerCommit=0,matchIndex=-1
2022-11-08 19:12:09,645 [grpc-default-executor-0] INFO  leader.FollowerInfo (FollowerInfoImpl.java:lambda$new$0(48)) - s1@group-EA982605F2E5->s2: nextIndex: updateUnconditionally 5 -> 0
2022-11-08 19:12:09,645 [s2-server-thread1] DEBUG server.RaftServer$Division (RaftServerImpl.java:logAppendEntries(1421)) - s2@group-EA982605F2E5: receive appendEntries(s1, 2, null, 4, true, commits:[s1:c4, s0:c4, s2:c0], cId:1555, entries: [(t:2, i:0), CONFIGURATIONENTRY(current:id: "s0"
address: "localhost:34297"
dataStreamAddress: "localhost:43983"
clientAddress: "localhost:39609"
adminAddress: "localhost:37077"
startupRole: FOLLOWER
,id: "s1"
address: "localhost:38917"
dataStreamAddress: "localhost:45719"
clientAddress: "localhost:36975"
adminAddress: "localhost:40635"
startupRole: FOLLOWER
,id: "s2"
address: "localhost:35511"
dataStreamAddress: "localhost:38827"
clientAddress: "localhost:42865"
adminAddress: "localhost:36791"
startupRole: FOLLOWER
, old:), (t:2, i:1), STATEMACHINELOGENTRY, 0@client-2EFB324ADA71, (t:2, i:2), METADATAENTRY(c:1), (t:2, i:3), STATEMACHINELOGENTRY, 999@client-AE8279CAF820, (t:2, i:4), METADATAENTRY(c:3)]
2022-11-08 19:12:09,645 [s2-server-thread1] INFO  server.RaftServer$Division (RaftServerImpl.java:checkInconsistentAppendEntries(1592)) - s2@group-EA982605F2E5: Failed appendEntries as the first entry (index 0) already exists (snapshotIndex: -1, commitIndex: 0)
2022-11-08 19:12:09,646 [s2-server-thread1] INFO  server.RaftServer$Division (RaftServerImpl.java:checkInconsistentAppendEntries(1572)) - s2@group-EA982605F2E5: inconsistency entries. Reply:s1<-s2#1555:FAIL-t2,INCONSISTENCY,nextIndex=1,followerCommit=0,matchIndex=-1
2022-11-08 19:12:09,646 [grpc-default-executor-0] INFO  leader.FollowerInfo (FollowerInfoImpl.java:lambda$new$0(48)) - s1@group-EA982605F2E5->s2: nextIndex: updateUnconditionally 5 -> 1
2022-11-08 19:12:09,646 [s2-server-thread1] DEBUG server.RaftServer$Division (RaftServerImpl.java:logAppendEntries(1421)) - s2@group-EA982605F2E5: receive appendEntries(s1, 2, (t:2, i:0), 4, true, commits:[s1:c4, s0:c4, s2:c0], cId:1556, entries: [(t:2, i:1), STATEMACHINELOGENTRY, 0@client-2EFB324ADA71, (t:2, i:2), METADATAENTRY(c:1), (t:2, i:3), STATEMACHINELOGENTRY, 999@client-AE8279CAF820, (t:2, i:4), METADATAENTRY(c:3)]
2022-11-08 19:12:09,647 [s2-server-thread1] INFO  server.RaftServer$Division (RaftServerImpl.java:checkInconsistentAppendEntries(1602)) - s2@group-EA982605F2E5: Failed appendEntries as previous log entry ((t:2, i:0)) is not found
2022-11-08 19:12:09,647 [s2-server-thread1] INFO  server.RaftServer$Division (RaftServerImpl.java:checkInconsistentAppendEntries(1572)) - s2@group-EA982605F2E5: inconsistency entries. Reply:s1<-s2#1556:FAIL-t2,INCONSISTENCY,nextIndex=0,followerCommit=0,matchIndex=-1
2022-11-08 19:12:09,647 [grpc-default-executor-0] INFO  leader.FollowerInfo (FollowerInfoImpl.java:lambda$new$0(48)) - s1@group-EA982605F2E5->s2: nextIndex: updateUnconditionally 5 -> 0
2022-11-08 19:12:09,648 [s2-server-thread1] DEBUG server.RaftServer$Division (RaftServerImpl.java:logAppendEntries(1421)) - s2@group-EA982605F2E5: receive appendEntries(s1, 2, null, 4, true, commits:[s1:c4, s0:c4, s2:c0], cId:1557, entries: [(t:2, i:0), CONFIGURATIONENTRY(current:id: "s0"
address: "localhost:34297"
dataStreamAddress: "localhost:43983"
clientAddress: "localhost:39609"
adminAddress: "localhost:37077"
startupRole: FOLLOWER
,id: "s1"
address: "localhost:38917"
dataStreamAddress: "localhost:45719"
clientAddress: "localhost:36975"
adminAddress: "localhost:40635"
startupRole: FOLLOWER
,id: "s2"
address: "localhost:35511"
dataStreamAddress: "localhost:38827"
clientAddress: "localhost:42865"
adminAddress: "localhost:36791"
startupRole: FOLLOWER
, old:), (t:2, i:1), STATEMACHINELOGENTRY, 0@client-2EFB324ADA71, (t:2, i:2), METADATAENTRY(c:1), (t:2, i:3), STATEMACHINELOGENTRY, 999@client-AE8279CAF820, (t:2, i:4), METADATAENTRY(c:3)]
2022-11-08 19:12:09,648 [s2-server-thread1] INFO  server.RaftServer$Division (RaftServerImpl.java:checkInconsistentAppendEntries(1592)) - s2@group-EA982605F2E5: Failed appendEntries as the first entry (index 0) already exists (snapshotIndex: -1, commitIndex: 0)
2022-11-08 19:12:09,648 [s2-server-thread1] INFO  server.RaftServer$Division (RaftServerImpl.java:checkInconsistentAppendEntries(1572)) - s2@group-EA982605F2E5: inconsistency entries. Reply:s1<-s2#1557:FAIL-t2,INCONSISTENCY,nextIndex=1,followerCommit=0,matchIndex=-1
2022-11-08 19:12:09,648 [grpc-default-executor-0] INFO  leader.FollowerInfo (FollowerInfoImpl.java:lambda$new$0(48)) - s1@group-EA982605F2E5->s2: nextIndex: updateUnconditionally 5 -> 1
2022-11-08 19:12:09,649 [s2-server-thread1] DEBUG server.RaftServer$Division (RaftServerImpl.java:logAppendEntries(1421)) - s2@group-EA982605F2E5: receive appendEntries(s1, 2, (t:2, i:0), 4, true, commits:[s1:c4, s0:c4, s2:c0], cId:1558, entries: [(t:2, i:1), STATEMACHINELOGENTRY, 0@client-2EFB324ADA71, (t:2, i:2), METADATAENTRY(c:1), (t:2, i:3), STATEMACHINELOGENTRY, 999@client-AE8279CAF820, (t:2, i:4), METADATAENTRY(c:3)]
2022-11-08 19:12:09,649 [s2-server-thread1] INFO  server.RaftServer$Division (RaftServerImpl.java:checkInconsistentAppendEntries(1602)) - s2@group-EA982605F2E5: Failed appendEntries as previous log entry ((t:2, i:0)) is not found
2022-11-08 19:12:09,649 [s2-server-thread1] INFO  server.RaftServer$Division (RaftServerImpl.java:checkInconsistentAppendEntries(1572)) - s2@group-EA982605F2E5: inconsistency entries. Reply:s1<-s2#1558:FAIL-t2,INCONSISTENCY,nextIndex=0,followerCommit=0,matchIndex=-1
2022-11-08 19:12:09,649 [grpc-default-executor-0] INFO  leader.FollowerInfo (FollowerInfoImpl.java:lambda$new$0(48)) - s1@group-EA982605F2E5->s2: nextIndex: updateUnconditionally 5 -> 0
2022-11-08 19:12:09,651 [s2-server-thread1] DEBUG server.RaftServer$Division (RaftServerImpl.java:logAppendEntries(1421)) - s2@group-EA982605F2E5: receive appendEntries(s1, 2, null, 4, true, commits:[s1:c4, s0:c4, s2:c0], cId:1559, entries: [(t:2, i:0), CONFIGURATIONENTRY(current:id: "s0"
address: "localhost:34297"
dataStreamAddress: "localhost:43983"
clientAddress: "localhost:39609"
adminAddress: "localhost:37077"
startupRole: FOLLOWER
,id: "s1"
address: "localhost:38917"
dataStreamAddress: "localhost:45719"
clientAddress: "localhost:36975"
adminAddress: "localhost:40635"
startupRole: FOLLOWER
,id: "s2"
address: "localhost:35511"
dataStreamAddress: "localhost:38827"
clientAddress: "localhost:42865"
adminAddress: "localhost:36791"
startupRole: FOLLOWER
, old:), (t:2, i:1), STATEMACHINELOGENTRY, 0@client-2EFB324ADA71, (t:2, i:2), METADATAENTRY(c:1), (t:2, i:3), STATEMACHINELOGENTRY, 999@client-AE8279CAF820, (t:2, i:4), METADATAENTRY(c:3)]
2022-11-08 19:12:09,651 [s2-server-thread1] INFO  server.RaftServer$Division (RaftServerImpl.java:checkInconsistentAppendEntries(1592)) - s2@group-EA982605F2E5: Failed appendEntries as the first entry (index 0) already exists (snapshotIndex: -1, commitIndex: 0)
2022-11-08 19:12:09,651 [s2-server-thread1] INFO  server.RaftServer$Division (RaftServerImpl.java:checkInconsistentAppendEntries(1572)) - s2@group-EA982605F2E5: inconsistency entries. Reply:s1<-s2#1559:FAIL-t2,INCONSISTENCY,nextIndex=1,followerCommit=0,matchIndex=-1
2022-11-08 19:12:09,652 [grpc-default-executor-0] INFO  leader.FollowerInfo (FollowerInfoImpl.java:lambda$new$0(48)) - s1@group-EA982605F2E5->s2: nextIndex: updateUnconditionally 5 -> 1
2022-11-08 19:12:09,652 [s2-server-thread1] DEBUG server.RaftServer$Division (RaftServerImpl.java:logAppendEntries(1421)) - s2@group-EA982605F2E5: receive appendEntries(s1, 2, (t:2, i:0), 4, true, commits:[s1:c4, s0:c4, s2:c0], cId:1560, entries: [(t:2, i:1), STATEMACHINELOGENTRY, 0@client-2EFB324ADA71, (t:2, i:2), METADATAENTRY(c:1), (t:2, i:3), STATEMACHINELOGENTRY, 999@client-AE8279CAF820, (t:2, i:4), METADATAENTRY(c:3)]
2022-11-08 19:12:09,653 [s2-server-thread1] INFO  server.RaftServer$Division (RaftServerImpl.java:checkInconsistentAppendEntries(1602)) - s2@group-EA982605F2E5: Failed appendEntries as previous log entry ((t:2, i:0)) is not found
2022-11-08 19:12:09,653 [s2-server-thread1] INFO  server.RaftServer$Division (RaftServerImpl.java:checkInconsistentAppendEntries(1572)) - s2@group-EA982605F2E5: inconsistency entries. Reply:s1<-s2#1560:FAIL-t2,INCONSISTENCY,nextIndex=0,followerCommit=0,matchIndex=-1
2022-11-08 19:12:09,653 [grpc-default-executor-0] INFO  leader.FollowerInfo (FollowerInfoImpl.java:lambda$new$0(48)) - s1@group-EA982605F2E5->s2: nextIndex: updateUnconditionally 5 -> 0
2022-11-08 19:12:09,654 [s2-server-thread1] DEBUG server.RaftServer$Division (RaftServerImpl.java:logAppendEntries(1421)) - s2@group-EA982605F2E5: receive appendEntries(s1, 2, null, 4, true, commits:[s1:c4, s0:c4, s2:c0], cId:1561, entries: [(t:2, i:0), CONFIGURATIONENTRY(current:id: "s0"
address: "localhost:34297"
dataStreamAddress: "localhost:43983"
clientAddress: "localhost:39609"
adminAddress: "localhost:37077"
startupRole: FOLLOWER
,id: "s1"
address: "localhost:38917"
dataStreamAddress: "localhost:45719"
clientAddress: "localhost:36975"
adminAddress: "localhost:40635"
startupRole: FOLLOWER
,id: "s2"
address: "localhost:35511"
dataStreamAddress: "localhost:38827"
clientAddress: "localhost:42865"
adminAddress: "localhost:36791"
startupRole: FOLLOWER
, old:), (t:2, i:1), STATEMACHINELOGENTRY, 0@client-2EFB324ADA71, (t:2, i:2), METADATAENTRY(c:1), (t:2, i:3), STATEMACHINELOGENTRY, 999@client-AE8279CAF820, (t:2, i:4), METADATAENTRY(c:3)]
2022-11-08 19:12:09,654 [s2-server-thread1] INFO  server.RaftServer$Division (RaftServerImpl.java:checkInconsistentAppendEntries(1592)) - s2@group-EA982605F2E5: Failed appendEntries as the first entry (index 0) already exists (snapshotIndex: -1, commitIndex: 0)
2022-11-08 19:12:09,654 [s2-server-thread1] INFO  server.RaftServer$Division (RaftServerImpl.java:checkInconsistentAppendEntries(1572)) - s2@group-EA982605F2E5: inconsistency entries. Reply:s1<-s2#1561:FAIL-t2,INCONSISTENCY,nextIndex=1,followerCommit=0,matchIndex=-1
2022-11-08 19:12:09,655 [grpc-default-executor-0] INFO  leader.FollowerInfo (FollowerInfoImpl.java:lambda$new$0(48)) - s1@group-EA982605F2E5->s2: nextIndex: updateUnconditionally 5 -> 1
2022-11-08 19:12:09,656 [s2-server-thread1] DEBUG server.RaftServer$Division (RaftServerImpl.java:logAppendEntries(1421)) - s2@group-EA982605F2E5: receive appendEntries(s1, 2, (t:2, i:0), 4, true, commits:[s1:c4, s0:c4, s2:c0], cId:1562, entries: [(t:2, i:1), STATEMACHINELOGENTRY, 0@client-2EFB324ADA71, (t:2, i:2), METADATAENTRY(c:1), (t:2, i:3), STATEMACHINELOGENTRY, 999@client-AE8279CAF820, (t:2, i:4), METADATAENTRY(c:3)]
2022-11-08 19:12:09,656 [s2-server-thread1] INFO  server.RaftServer$Division (RaftServerImpl.java:checkInconsistentAppendEntries(1602)) - s2@group-EA982605F2E5: Failed appendEntries as previous log entry ((t:2, i:0)) is not found
2022-11-08 19:12:09,656 [s2-server-thread1] INFO  server.RaftServer$Division (RaftServerImpl.java:checkInconsistentAppendEntries(1572)) - s2@group-EA982605F2E5: inconsistency entries. Reply:s1<-s2#1562:FAIL-t2,INCONSISTENCY,nextIndex=0,followerCommit=0,matchIndex=-1
2022-11-08 19:12:09,657 [grpc-default-executor-0] INFO  leader.FollowerInfo (FollowerInfoImpl.java:lambda$new$0(48)) - s1@group-EA982605F2E5->s2: nextIndex: updateUnconditionally 5 -> 0
2022-11-08 19:12:09,657 [s2-server-thread1] DEBUG server.RaftServer$Division (RaftServerImpl.java:logAppendEntries(1421)) - s2@group-EA982605F2E5: receive appendEntries(s1, 2, null, 4, true, commits:[s1:c4, s0:c4, s2:c0], cId:1563, entries: [(t:2, i:0), CONFIGURATIONENTRY(current:id: "s0"
address: "localhost:34297"
dataStreamAddress: "localhost:43983"
clientAddress: "localhost:39609"
adminAddress: "localhost:37077"
startupRole: FOLLOWER
,id: "s1"
address: "localhost:38917"
dataStreamAddress: "localhost:45719"
clientAddress: "localhost:36975"
adminAddress: "localhost:40635"
startupRole: FOLLOWER
,id: "s2"
address: "localhost:35511"
dataStreamAddress: "localhost:38827"
clientAddress: "localhost:42865"
adminAddress: "localhost:36791"
startupRole: FOLLOWER
, old:), (t:2, i:1), STATEMACHINELOGENTRY, 0@client-2EFB324ADA71, (t:2, i:2), METADATAENTRY(c:1), (t:2, i:3), STATEMACHINELOGENTRY, 999@client-AE8279CAF820, (t:2, i:4), METADATAENTRY(c:3)]
2022-11-08 19:12:09,658 [s2-server-thread1] INFO  server.RaftServer$Division (RaftServerImpl.java:checkInconsistentAppendEntries(1592)) - s2@group-EA982605F2E5: Failed appendEntries as the first entry (index 0) already exists (snapshotIndex: -1, commitIndex: 0)
2022-11-08 19:12:09,658 [s2-server-thread1] INFO  server.RaftServer$Division (RaftServerImpl.java:checkInconsistentAppendEntries(1572)) - s2@group-EA982605F2E5: inconsistency entries. Reply:s1<-s2#1563:FAIL-t2,INCONSISTENCY,nextIndex=1,followerCommit=0,matchIndex=-1
2022-11-08 19:12:09,658 [grpc-default-executor-0] INFO  leader.FollowerInfo (FollowerInfoImpl.java:lambda$new$0(48)) - s1@group-EA982605F2E5->s2: nextIndex: updateUnconditionally 5 -> 1
2022-11-08 19:12:09,658 [s2-server-thread1] DEBUG server.RaftServer$Division (RaftServerImpl.java:logAppendEntries(1421)) - s2@group-EA982605F2E5: receive appendEntries(s1, 2, (t:2, i:0), 4, true, commits:[s1:c4, s0:c4, s2:c0], cId:1564, entries: [(t:2, i:1), STATEMACHINELOGENTRY, 0@client-2EFB324ADA71, (t:2, i:2), METADATAENTRY(c:1), (t:2, i:3), STATEMACHINELOGENTRY, 999@client-AE8279CAF820, (t:2, i:4), METADATAENTRY(c:3)]
2022-11-08 19:12:09,659 [s2-server-thread1] INFO  server.RaftServer$Division (RaftServerImpl.java:checkInconsistentAppendEntries(1602)) - s2@group-EA982605F2E5: Failed appendEntries as previous log entry ((t:2, i:0)) is not found
2022-11-08 19:12:09,659 [s2-server-thread1] INFO  server.RaftServer$Division (RaftServerImpl.java:checkInconsistentAppendEntries(1572)) - s2@group-EA982605F2E5: inconsistency entries. Reply:s1<-s2#1564:FAIL-t2,INCONSISTENCY,nextIndex=0,followerCommit=0,matchIndex=-1
2022-11-08 19:12:09,659 [grpc-default-executor-0] INFO  leader.FollowerInfo (FollowerInfoImpl.java:lambda$new$0(48)) - s1@group-EA982605F2E5->s2: nextIndex: updateUnconditionally 5 -> 0
2022-11-08 19:12:09,660 [s2-server-thread1] DEBUG server.RaftServer$Division (RaftServerImpl.java:logAppendEntries(1421)) - s2@group-EA982605F2E5: receive appendEntries(s1, 2, null, 4, true, commits:[s1:c4, s0:c4, s2:c0], cId:1565, entries: [(t:2, i:0), CONFIGURATIONENTRY(current:id: "s0"
address: "localhost:34297"
dataStreamAddress: "localhost:43983"
clientAddress: "localhost:39609"
adminAddress: "localhost:37077"
startupRole: FOLLOWER
,id: "s1"
address: "localhost:38917"
dataStreamAddress: "localhost:45719"
clientAddress: "localhost:36975"
adminAddress: "localhost:40635"
startupRole: FOLLOWER
,id: "s2"
address: "localhost:35511"
dataStreamAddress: "localhost:38827"
clientAddress: "localhost:42865"
adminAddress: "localhost:36791"
startupRole: FOLLOWER
, old:), (t:2, i:1), STATEMACHINELOGENTRY, 0@client-2EFB324ADA71, (t:2, i:2), METADATAENTRY(c:1), (t:2, i:3), STATEMACHINELOGENTRY, 999@client-AE8279CAF820, (t:2, i:4), METADATAENTRY(c:3)]
2022-11-08 19:12:09,660 [s2-server-thread1] INFO  server.RaftServer$Division (RaftServerImpl.java:checkInconsistentAppendEntries(1592)) - s2@group-EA982605F2E5: Failed appendEntries as the first entry (index 0) already exists (snapshotIndex: -1, commitIndex: 0)
2022-11-08 19:12:09,660 [s2-server-thread1] INFO  server.RaftServer$Division (RaftServerImpl.java:checkInconsistentAppendEntries(1572)) - s2@group-EA982605F2E5: inconsistency entries. Reply:s1<-s2#1565:FAIL-t2,INCONSISTENCY,nextIndex=1,followerCommit=0,matchIndex=-1
2022-11-08 19:12:09,661 [grpc-default-executor-0] INFO  leader.FollowerInfo (FollowerInfoImpl.java:lambda$new$0(48)) - s1@group-EA982605F2E5->s2: nextIndex: updateUnconditionally 5 -> 1
2022-11-08 19:12:09,661 [s2-server-thread1] DEBUG server.RaftServer$Division (RaftServerImpl.java:logAppendEntries(1421)) - s2@group-EA982605F2E5: receive appendEntries(s1, 2, (t:2, i:0), 4, true, commits:[s1:c4, s0:c4, s2:c0], cId:1566, entries: [(t:2, i:1), STATEMACHINELOGENTRY, 0@client-2EFB324ADA71, (t:2, i:2), METADATAENTRY(c:1), (t:2, i:3), STATEMACHINELOGENTRY, 999@client-AE8279CAF820, (t:2, i:4), METADATAENTRY(c:3)]
2022-11-08 19:12:09,661 [s2-server-thread1] INFO  server.RaftServer$Division (RaftServerImpl.java:checkInconsistentAppendEntries(1602)) - s2@group-EA982605F2E5: Failed appendEntries as previous log entry ((t:2, i:0)) is not found
2022-11-08 19:12:09,661 [s2-server-thread1] INFO  server.RaftServer$Division (RaftServerImpl.java:checkInconsistentAppendEntries(1572)) - s2@group-EA982605F2E5: inconsistency entries. Reply:s1<-s2#1566:FAIL-t2,INCONSISTENCY,nextIndex=0,followerCommit=0,matchIndex=-1
2022-11-08 19:12:09,662 [grpc-default-executor-0] INFO  leader.FollowerInfo (FollowerInfoImpl.java:lambda$new$0(48)) - s1@group-EA982605F2E5->s2: nextIndex: updateUnconditionally 5 -> 0
2022-11-08 19:12:09,662 [s2-server-thread1] DEBUG server.RaftServer$Division (RaftServerImpl.java:logAppendEntries(1421)) - s2@group-EA982605F2E5: receive appendEntries(s1, 2, null, 4, true, commits:[s1:c4, s0:c4, s2:c0], cId:1567, entries: [(t:2, i:0), CONFIGURATIONENTRY(current:id: "s0"
address: "localhost:34297"
dataStreamAddress: "localhost:43983"
clientAddress: "localhost:39609"
adminAddress: "localhost:37077"
startupRole: FOLLOWER
,id: "s1"
address: "localhost:38917"
dataStreamAddress: "localhost:45719"
clientAddress: "localhost:36975"
adminAddress: "localhost:40635"
startupRole: FOLLOWER
,id: "s2"
address: "localhost:35511"
dataStreamAddress: "localhost:38827"
clientAddress: "localhost:42865"
adminAddress: "localhost:36791"
startupRole: FOLLOWER
, old:), (t:2, i:1), STATEMACHINELOGENTRY, 0@client-2EFB324ADA71, (t:2, i:2), METADATAENTRY(c:1), (t:2, i:3), STATEMACHINELOGENTRY, 999@client-AE8279CAF820, (t:2, i:4), METADATAENTRY(c:3)]
2022-11-08 19:12:09,662 [s2-server-thread1] INFO  server.RaftServer$Division (RaftServerImpl.java:checkInconsistentAppendEntries(1592)) - s2@group-EA982605F2E5: Failed appendEntries as the first entry (index 0) already exists (snapshotIndex: -1, commitIndex: 0)
2022-11-08 19:12:09,663 [s2-server-thread1] INFO  server.RaftServer$Division (RaftServerImpl.java:checkInconsistentAppendEntries(1572)) - s2@group-EA982605F2E5: inconsistency entries. Reply:s1<-s2#1567:FAIL-t2,INCONSISTENCY,nextIndex=1,followerCommit=0,matchIndex=-1
2022-11-08 19:12:09,663 [grpc-default-executor-0] INFO  leader.FollowerInfo (FollowerInfoImpl.java:lambda$new$0(48)) - s1@group-EA982605F2E5->s2: nextIndex: updateUnconditionally 5 -> 1
2022-11-08 19:12:09,664 [s2-server-thread1] DEBUG server.RaftServer$Division (RaftServerImpl.java:logAppendEntries(1421)) - s2@group-EA982605F2E5: receive appendEntries(s1, 2, (t:2, i:0), 4, true, commits:[s1:c4, s0:c4, s2:c0], cId:1568, entries: [(t:2, i:1), STATEMACHINELOGENTRY, 0@client-2EFB324ADA71, (t:2, i:2), METADATAENTRY(c:1), (t:2, i:3), STATEMACHINELOGENTRY, 999@client-AE8279CAF820, (t:2, i:4), METADATAENTRY(c:3)]
2022-11-08 19:12:09,664 [s2-server-thread1] INFO  server.RaftServer$Division (RaftServerImpl.java:checkInconsistentAppendEntries(1602)) - s2@group-EA982605F2E5: Failed appendEntries as previous log entry ((t:2, i:0)) is not found
2022-11-08 19:12:09,664 [s2-server-thread1] INFO  server.RaftServer$Division (RaftServerImpl.java:checkInconsistentAppendEntries(1572)) - s2@group-EA982605F2E5: inconsistency entries. Reply:s1<-s2#1568:FAIL-t2,INCONSISTENCY,nextIndex=0,followerCommit=0,matchIndex=-1
2022-11-08 19:12:09,664 [grpc-default-executor-0] INFO  leader.FollowerInfo (FollowerInfoImpl.java:lambda$new$0(48)) - s1@group-EA982605F2E5->s2: nextIndex: updateUnconditionally 5 -> 0
2022-11-08 19:12:09,665 [s2-server-thread1] DEBUG server.RaftServer$Division (RaftServerImpl.java:logAppendEntries(1421)) - s2@group-EA982605F2E5: receive appendEntries(s1, 2, null, 4, true, commits:[s1:c4, s0:c4, s2:c0], cId:1569, entries: [(t:2, i:0), CONFIGURATIONENTRY(current:id: "s0"
address: "localhost:34297"
dataStreamAddress: "localhost:43983"
clientAddress: "localhost:39609"
adminAddress: "localhost:37077"
startupRole: FOLLOWER
,id: "s1"
address: "localhost:38917"
dataStreamAddress: "localhost:45719"
clientAddress: "localhost:36975"
adminAddress: "localhost:40635"
startupRole: FOLLOWER
,id: "s2"
address: "localhost:35511"
dataStreamAddress: "localhost:38827"
clientAddress: "localhost:42865"
adminAddress: "localhost:36791"
startupRole: FOLLOWER
, old:), (t:2, i:1), STATEMACHINELOGENTRY, 0@client-2EFB324ADA71, (t:2, i:2), METADATAENTRY(c:1), (t:2, i:3), STATEMACHINELOGENTRY, 999@client-AE8279CAF820, (t:2, i:4), METADATAENTRY(c:3)]
2022-11-08 19:12:09,665 [s2-server-thread1] INFO  server.RaftServer$Division (RaftServerImpl.java:checkInconsistentAppendEntries(1592)) - s2@group-EA982605F2E5: Failed appendEntries as the first entry (index 0) already exists (snapshotIndex: -1, commitIndex: 0)
2022-11-08 19:12:09,665 [s2-server-thread1] INFO  server.RaftServer$Division (RaftServerImpl.java:checkInconsistentAppendEntries(1572)) - s2@group-EA982605F2E5: inconsistency entries. Reply:s1<-s2#1569:FAIL-t2,INCONSISTENCY,nextIndex=1,followerCommit=0,matchIndex=-1
2022-11-08 19:12:09,665 [grpc-default-executor-0] INFO  leader.FollowerInfo (FollowerInfoImpl.java:lambda$new$0(48)) - s1@group-EA982605F2E5->s2: nextIndex: updateUnconditionally 5 -> 1
2022-11-08 19:12:09,666 [s2-server-thread2] DEBUG server.RaftServer$Division (RaftServerImpl.java:logAppendEntries(1421)) - s2@group-EA982605F2E5: receive appendEntries(s1, 2, (t:2, i:0), 4, true, commits:[s1:c4, s0:c4, s2:c0], cId:1570, entries: [(t:2, i:1), STATEMACHINELOGENTRY, 0@client-2EFB324ADA71, (t:2, i:2), METADATAENTRY(c:1), (t:2, i:3), STATEMACHINELOGENTRY, 999@client-AE8279CAF820, (t:2, i:4), METADATAENTRY(c:3)]
2022-11-08 19:12:09,666 [s2-server-thread2] INFO  server.RaftServer$Division (RaftServerImpl.java:checkInconsistentAppendEntries(1602)) - s2@group-EA982605F2E5: Failed appendEntries as previous log entry ((t:2, i:0)) is not found
2022-11-08 19:12:09,666 [s2-server-thread2] INFO  server.RaftServer$Division (RaftServerImpl.java:checkInconsistentAppendEntries(1572)) - s2@group-EA982605F2E5: inconsistency entries. Reply:s1<-s2#1570:FAIL-t2,INCONSISTENCY,nextIndex=0,followerCommit=0,matchIndex=-1
2022-11-08 19:12:09,667 [grpc-default-executor-0] INFO  leader.FollowerInfo (FollowerInfoImpl.java:lambda$new$0(48)) - s1@group-EA982605F2E5->s2: nextIndex: updateUnconditionally 5 -> 0
2022-11-08 19:12:09,667 [s2-server-thread1] DEBUG server.RaftServer$Division (RaftServerImpl.java:logAppendEntries(1421)) - s2@group-EA982605F2E5: receive appendEntries(s1, 2, null, 4, true, commits:[s1:c4, s0:c4, s2:c0], cId:1571, entries: [(t:2, i:0), CONFIGURATIONENTRY(current:id: "s0"
address: "localhost:34297"
dataStreamAddress: "localhost:43983"
clientAddress: "localhost:39609"
adminAddress: "localhost:37077"
startupRole: FOLLOWER
,id: "s1"
address: "localhost:38917"
dataStreamAddress: "localhost:45719"
clientAddress: "localhost:36975"
adminAddress: "localhost:40635"
startupRole: FOLLOWER
,id: "s2"
address: "localhost:35511"
dataStreamAddress: "localhost:38827"
clientAddress: "localhost:42865"
adminAddress: "localhost:36791"
startupRole: FOLLOWER
, old:), (t:2, i:1), STATEMACHINELOGENTRY, 0@client-2EFB324ADA71, (t:2, i:2), METADATAENTRY(c:1), (t:2, i:3), STATEMACHINELOGENTRY, 999@client-AE8279CAF820, (t:2, i:4), METADATAENTRY(c:3)]
2022-11-08 19:12:09,667 [s2-server-thread1] INFO  server.RaftServer$Division (RaftServerImpl.java:checkInconsistentAppendEntries(1592)) - s2@group-EA982605F2E5: Failed appendEntries as the first entry (index 0) already exists (snapshotIndex: -1, commitIndex: 0)
2022-11-08 19:12:09,667 [s2-server-thread1] INFO  server.RaftServer$Division (RaftServerImpl.java:checkInconsistentAppendEntries(1572)) - s2@group-EA982605F2E5: inconsistency entries. Reply:s1<-s2#1571:FAIL-t2,INCONSISTENCY,nextIndex=1,followerCommit=0,matchIndex=-1
2022-11-08 19:12:09,668 [grpc-default-executor-0] INFO  leader.FollowerInfo (FollowerInfoImpl.java:lambda$new$0(48)) - s1@group-EA982605F2E5->s2: nextIndex: updateUnconditionally 5 -> 1
2022-11-08 19:12:09,668 [s2-server-thread1] DEBUG server.RaftServer$Division (RaftServerImpl.java:logAppendEntries(1421)) - s2@group-EA982605F2E5: receive appendEntries(s1, 2, (t:2, i:0), 4, true, commits:[s1:c4, s0:c4, s2:c0], cId:1572, entries: [(t:2, i:1), STATEMACHINELOGENTRY, 0@client-2EFB324ADA71, (t:2, i:2), METADATAENTRY(c:1), (t:2, i:3), STATEMACHINELOGENTRY, 999@client-AE8279CAF820, (t:2, i:4), METADATAENTRY(c:3)]
2022-11-08 19:12:09,669 [s2-server-thread1] INFO  server.RaftServer$Division (RaftServerImpl.java:checkInconsistentAppendEntries(1602)) - s2@group-EA982605F2E5: Failed appendEntries as previous log entry ((t:2, i:0)) is not found
2022-11-08 19:12:09,669 [s2-server-thread1] INFO  server.RaftServer$Division (RaftServerImpl.java:checkInconsistentAppendEntries(1572)) - s2@group-EA982605F2E5: inconsistency entries. Reply:s1<-s2#1572:FAIL-t2,INCONSISTENCY,nextIndex=0,followerCommit=0,matchIndex=-1
2022-11-08 19:12:09,669 [grpc-default-executor-0] INFO  leader.FollowerInfo (FollowerInfoImpl.java:lambda$new$0(48)) - s1@group-EA982605F2E5->s2: nextIndex: updateUnconditionally 5 -> 0
2022-11-08 19:12:09,670 [s2-server-thread1] DEBUG server.RaftServer$Division (RaftServerImpl.java:logAppendEntries(1421)) - s2@group-EA982605F2E5: receive appendEntries(s1, 2, null, 4, true, commits:[s1:c4, s0:c4, s2:c0], cId:1573, entries: [(t:2, i:0), CONFIGURATIONENTRY(current:id: "s0"
address: "localhost:34297"
dataStreamAddress: "localhost:43983"
clientAddress: "localhost:39609"
adminAddress: "localhost:37077"
startupRole: FOLLOWER
,id: "s1"
address: "localhost:38917"
dataStreamAddress: "localhost:45719"
clientAddress: "localhost:36975"
adminAddress: "localhost:40635"
startupRole: FOLLOWER
,id: "s2"
address: "localhost:35511"
dataStreamAddress: "localhost:38827"
clientAddress: "localhost:42865"
adminAddress: "localhost:36791"
startupRole: FOLLOWER
, old:), (t:2, i:1), STATEMACHINELOGENTRY, 0@client-2EFB324ADA71, (t:2, i:2), METADATAENTRY(c:1), (t:2, i:3), STATEMACHINELOGENTRY, 999@client-AE8279CAF820, (t:2, i:4), METADATAENTRY(c:3)]
2022-11-08 19:12:09,670 [s2-server-thread1] INFO  server.RaftServer$Division (RaftServerImpl.java:checkInconsistentAppendEntries(1592)) - s2@group-EA982605F2E5: Failed appendEntries as the first entry (index 0) already exists (snapshotIndex: -1, commitIndex: 0)
2022-11-08 19:12:09,670 [s2-server-thread1] INFO  server.RaftServer$Division (RaftServerImpl.java:checkInconsistentAppendEntries(1572)) - s2@group-EA982605F2E5: inconsistency entries. Reply:s1<-s2#1573:FAIL-t2,INCONSISTENCY,nextIndex=1,followerCommit=0,matchIndex=-1
2022-11-08 19:12:09,670 [grpc-default-executor-0] INFO  leader.FollowerInfo (FollowerInfoImpl.java:lambda$new$0(48)) - s1@group-EA982605F2E5->s2: nextIndex: updateUnconditionally 5 -> 1
2022-11-08 19:12:09,671 [s2-server-thread1] DEBUG server.RaftServer$Division (RaftServerImpl.java:logAppendEntries(1421)) - s2@group-EA982605F2E5: receive appendEntries(s1, 2, (t:2, i:0), 4, true, commits:[s1:c4, s0:c4, s2:c0], cId:1574, entries: [(t:2, i:1), STATEMACHINELOGENTRY, 0@client-2EFB324ADA71, (t:2, i:2), METADATAENTRY(c:1), (t:2, i:3), STATEMACHINELOGENTRY, 999@client-AE8279CAF820, (t:2, i:4), METADATAENTRY(c:3)]
2022-11-08 19:12:09,671 [s2-server-thread1] INFO  server.RaftServer$Division (RaftServerImpl.java:checkInconsistentAppendEntries(1602)) - s2@group-EA982605F2E5: Failed appendEntries as previous log entry ((t:2, i:0)) is not found
2022-11-08 19:12:09,671 [s2-server-thread1] INFO  server.RaftServer$Division (RaftServerImpl.java:checkInconsistentAppendEntries(1572)) - s2@group-EA982605F2E5: inconsistency entries. Reply:s1<-s2#1574:FAIL-t2,INCONSISTENCY,nextIndex=0,followerCommit=0,matchIndex=-1
2022-11-08 19:12:09,672 [grpc-default-executor-0] INFO  leader.FollowerInfo (FollowerInfoImpl.java:lambda$new$0(48)) - s1@group-EA982605F2E5->s2: nextIndex: updateUnconditionally 5 -> 0
2022-11-08 19:12:09,672 [s2-server-thread1] DEBUG server.RaftServer$Division (RaftServerImpl.java:logAppendEntries(1421)) - s2@group-EA982605F2E5: receive appendEntries(s1, 2, null, 4, true, commits:[s1:c4, s0:c4, s2:c0], cId:1575, entries: [(t:2, i:0), CONFIGURATIONENTRY(current:id: "s0"
address: "localhost:34297"
dataStreamAddress: "localhost:43983"
clientAddress: "localhost:39609"
adminAddress: "localhost:37077"
startupRole: FOLLOWER
,id: "s1"
address: "localhost:38917"
dataStreamAddress: "localhost:45719"
clientAddress: "localhost:36975"
adminAddress: "localhost:40635"
startupRole: FOLLOWER
,id: "s2"
address: "localhost:35511"
dataStreamAddress: "localhost:38827"
clientAddress: "localhost:42865"
adminAddress: "localhost:36791"
startupRole: FOLLOWER
, old:), (t:2, i:1), STATEMACHINELOGENTRY, 0@client-2EFB324ADA71, (t:2, i:2), METADATAENTRY(c:1), (t:2, i:3), STATEMACHINELOGENTRY, 999@client-AE8279CAF820, (t:2, i:4), METADATAENTRY(c:3)]
2022-11-08 19:12:09,673 [s2-server-thread1] INFO  server.RaftServer$Division (RaftServerImpl.java:checkInconsistentAppendEntries(1592)) - s2@group-EA982605F2E5: Failed appendEntries as the first entry (index 0) already exists (snapshotIndex: -1, commitIndex: 0)
2022-11-08 19:12:09,673 [s2-server-thread1] INFO  server.RaftServer$Division (RaftServerImpl.java:checkInconsistentAppendEntries(1572)) - s2@group-EA982605F2E5: inconsistency entries. Reply:s1<-s2#1575:FAIL-t2,INCONSISTENCY,nextIndex=1,followerCommit=0,matchIndex=-1
2022-11-08 19:12:09,673 [grpc-default-executor-0] INFO  leader.FollowerInfo (FollowerInfoImpl.java:lambda$new$0(48)) - s1@group-EA982605F2E5->s2: nextIndex: updateUnconditionally 5 -> 1
2022-11-08 19:12:09,674 [s2-server-thread1] DEBUG server.RaftServer$Division (RaftServerImpl.java:logAppendEntries(1421)) - s2@group-EA982605F2E5: receive appendEntries(s1, 2, (t:2, i:0), 4, true, commits:[s1:c4, s0:c4, s2:c0], cId:1576, entries: [(t:2, i:1), STATEMACHINELOGENTRY, 0@client-2EFB324ADA71, (t:2, i:2), METADATAENTRY(c:1), (t:2, i:3), STATEMACHINELOGENTRY, 999@client-AE8279CAF820, (t:2, i:4), METADATAENTRY(c:3)]
2022-11-08 19:12:09,674 [s2-server-thread1] INFO  server.RaftServer$Division (RaftServerImpl.java:checkInconsistentAppendEntries(1602)) - s2@group-EA982605F2E5: Failed appendEntries as previous log entry ((t:2, i:0)) is not found
2022-11-08 19:12:09,674 [s2-server-thread1] INFO  server.RaftServer$Division (RaftServerImpl.java:checkInconsistentAppendEntries(1572)) - s2@group-EA982605F2E5: inconsistency entries. Reply:s1<-s2#1576:FAIL-t2,INCONSISTENCY,nextIndex=0,followerCommit=0,matchIndex=-1
2022-11-08 19:12:09,675 [grpc-default-executor-0] INFO  leader.FollowerInfo (FollowerInfoImpl.java:lambda$new$0(48)) - s1@group-EA982605F2E5->s2: nextIndex: updateUnconditionally 5 -> 0
2022-11-08 19:12:09,675 [s2-server-thread2] DEBUG server.RaftServer$Division (RaftServerImpl.java:logAppendEntries(1421)) - s2@group-EA982605F2E5: receive appendEntries(s1, 2, null, 4, true, commits:[s1:c4, s0:c4, s2:c0], cId:1577, entries: [(t:2, i:0), CONFIGURATIONENTRY(current:id: "s0"
address: "localhost:34297"
dataStreamAddress: "localhost:43983"
clientAddress: "localhost:39609"
adminAddress: "localhost:37077"
startupRole: FOLLOWER
,id: "s1"
address: "localhost:38917"
dataStreamAddress: "localhost:45719"
clientAddress: "localhost:36975"
adminAddress: "localhost:40635"
startupRole: FOLLOWER
,id: "s2"
address: "localhost:35511"
dataStreamAddress: "localhost:38827"
clientAddress: "localhost:42865"
adminAddress: "localhost:36791"
startupRole: FOLLOWER
, old:), (t:2, i:1), STATEMACHINELOGENTRY, 0@client-2EFB324ADA71, (t:2, i:2), METADATAENTRY(c:1), (t:2, i:3), STATEMACHINELOGENTRY, 999@client-AE8279CAF820, (t:2, i:4), METADATAENTRY(c:3)]
2022-11-08 19:12:09,675 [s2-server-thread2] INFO  server.RaftServer$Division (RaftServerImpl.java:checkInconsistentAppendEntries(1592)) - s2@group-EA982605F2E5: Failed appendEntries as the first entry (index 0) already exists (snapshotIndex: -1, commitIndex: 0)
2022-11-08 19:12:09,675 [s2-server-thread2] INFO  server.RaftServer$Division (RaftServerImpl.java:checkInconsistentAppendEntries(1572)) - s2@group-EA982605F2E5: inconsistency entries. Reply:s1<-s2#1577:FAIL-t2,INCONSISTENCY,nextIndex=1,followerCommit=0,matchIndex=-1
2022-11-08 19:12:09,676 [grpc-default-executor-0] INFO  leader.FollowerInfo (FollowerInfoImpl.java:lambda$new$0(48)) - s1@group-EA982605F2E5->s2: nextIndex: updateUnconditionally 5 -> 1
2022-11-08 19:12:09,676 [s2-server-thread1] DEBUG server.RaftServer$Division (RaftServerImpl.java:logAppendEntries(1421)) - s2@group-EA982605F2E5: receive appendEntries(s1, 2, (t:2, i:0), 4, true, commits:[s1:c4, s0:c4, s2:c0], cId:1578, entries: [(t:2, i:1), STATEMACHINELOGENTRY, 0@client-2EFB324ADA71, (t:2, i:2), METADATAENTRY(c:1), (t:2, i:3), STATEMACHINELOGENTRY, 999@client-AE8279CAF820, (t:2, i:4), METADATAENTRY(c:3)]
2022-11-08 19:12:09,676 [s2-server-thread1] INFO  server.RaftServer$Division (RaftServerImpl.java:checkInconsistentAppendEntries(1602)) - s2@group-EA982605F2E5: Failed appendEntries as previous log entry ((t:2, i:0)) is not found
2022-11-08 19:12:09,677 [s2-server-thread1] INFO  server.RaftServer$Division (RaftServerImpl.java:checkInconsistentAppendEntries(1572)) - s2@group-EA982605F2E5: inconsistency entries. Reply:s1<-s2#1578:FAIL-t2,INCONSISTENCY,nextIndex=0,followerCommit=0,matchIndex=-1
2022-11-08 19:12:09,677 [grpc-default-executor-0] INFO  leader.FollowerInfo (FollowerInfoImpl.java:lambda$new$0(48)) - s1@group-EA982605F2E5->s2: nextIndex: updateUnconditionally 5 -> 0
2022-11-08 19:12:09,678 [s2-server-thread1] DEBUG server.RaftServer$Division (RaftServerImpl.java:logAppendEntries(1421)) - s2@group-EA982605F2E5: receive appendEntries(s1, 2, null, 4, true, commits:[s1:c4, s0:c4, s2:c0], cId:1579, entries: [(t:2, i:0), CONFIGURATIONENTRY(current:id: "s0"
address: "localhost:34297"
dataStreamAddress: "localhost:43983"
clientAddress: "localhost:39609"
adminAddress: "localhost:37077"
startupRole: FOLLOWER
,id: "s1"
address: "localhost:38917"
dataStreamAddress: "localhost:45719"
clientAddress: "localhost:36975"
adminAddress: "localhost:40635"
startupRole: FOLLOWER
,id: "s2"
address: "localhost:35511"
dataStreamAddress: "localhost:38827"
clientAddress: "localhost:42865"
adminAddress: "localhost:36791"
startupRole: FOLLOWER
, old:), (t:2, i:1), STATEMACHINELOGENTRY, 0@client-2EFB324ADA71, (t:2, i:2), METADATAENTRY(c:1), (t:2, i:3), STATEMACHINELOGENTRY, 999@client-AE8279CAF820, (t:2, i:4), METADATAENTRY(c:3)]
2022-11-08 19:12:09,678 [s2-server-thread1] INFO  server.RaftServer$Division (RaftServerImpl.java:checkInconsistentAppendEntries(1592)) - s2@group-EA982605F2E5: Failed appendEntries as the first entry (index 0) already exists (snapshotIndex: -1, commitIndex: 0)
2022-11-08 19:12:09,678 [s2-server-thread1] INFO  server.RaftServer$Division (RaftServerImpl.java:checkInconsistentAppendEntries(1572)) - s2@group-EA982605F2E5: inconsistency entries. Reply:s1<-s2#1579:FAIL-t2,INCONSISTENCY,nextIndex=1,followerCommit=0,matchIndex=-1
2022-11-08 19:12:09,678 [grpc-default-executor-0] INFO  leader.FollowerInfo (FollowerInfoImpl.java:lambda$new$0(48)) - s1@group-EA982605F2E5->s2: nextIndex: updateUnconditionally 5 -> 1
2022-11-08 19:12:09,679 [s2-server-thread1] DEBUG server.RaftServer$Division (RaftServerImpl.java:logAppendEntries(1421)) - s2@group-EA982605F2E5: receive appendEntries(s1, 2, (t:2, i:0), 4, true, commits:[s1:c4, s0:c4, s2:c0], cId:1580, entries: [(t:2, i:1), STATEMACHINELOGENTRY, 0@client-2EFB324ADA71, (t:2, i:2), METADATAENTRY(c:1), (t:2, i:3), STATEMACHINELOGENTRY, 999@client-AE8279CAF820, (t:2, i:4), METADATAENTRY(c:3)]
2022-11-08 19:12:09,679 [s2-server-thread1] INFO  server.RaftServer$Division (RaftServerImpl.java:checkInconsistentAppendEntries(1602)) - s2@group-EA982605F2E5: Failed appendEntries as previous log entry ((t:2, i:0)) is not found
2022-11-08 19:12:09,679 [s2-server-thread1] INFO  server.RaftServer$Division (RaftServerImpl.java:checkInconsistentAppendEntries(1572)) - s2@group-EA982605F2E5: inconsistency entries. Reply:s1<-s2#1580:FAIL-t2,INCONSISTENCY,nextIndex=0,followerCommit=0,matchIndex=-1
2022-11-08 19:12:09,679 [grpc-default-executor-0] INFO  leader.FollowerInfo (FollowerInfoImpl.java:lambda$new$0(48)) - s1@group-EA982605F2E5->s2: nextIndex: updateUnconditionally 5 -> 0
2022-11-08 19:12:09,680 [s2-server-thread1] DEBUG server.RaftServer$Division (RaftServerImpl.java:logAppendEntries(1421)) - s2@group-EA982605F2E5: receive appendEntries(s1, 2, null, 4, true, commits:[s1:c4, s0:c4, s2:c0], cId:1581, entries: [(t:2, i:0), CONFIGURATIONENTRY(current:id: "s0"
address: "localhost:34297"
dataStreamAddress: "localhost:43983"
clientAddress: "localhost:39609"
adminAddress: "localhost:37077"
startupRole: FOLLOWER
,id: "s1"
address: "localhost:38917"
dataStreamAddress: "localhost:45719"
clientAddress: "localhost:36975"
adminAddress: "localhost:40635"
startupRole: FOLLOWER
,id: "s2"
address: "localhost:35511"
dataStreamAddress: "localhost:38827"
clientAddress: "localhost:42865"
adminAddress: "localhost:36791"
startupRole: FOLLOWER
, old:), (t:2, i:1), STATEMACHINELOGENTRY, 0@client-2EFB324ADA71, (t:2, i:2), METADATAENTRY(c:1), (t:2, i:3), STATEMACHINELOGENTRY, 999@client-AE8279CAF820, (t:2, i:4), METADATAENTRY(c:3)]
2022-11-08 19:12:09,680 [s2-server-thread1] INFO  server.RaftServer$Division (RaftServerImpl.java:checkInconsistentAppendEntries(1592)) - s2@group-EA982605F2E5: Failed appendEntries as the first entry (index 0) already exists (snapshotIndex: -1, commitIndex: 0)
2022-11-08 19:12:09,680 [s2-server-thread1] INFO  server.RaftServer$Division (RaftServerImpl.java:checkInconsistentAppendEntries(1572)) - s2@group-EA982605F2E5: inconsistency entries. Reply:s1<-s2#1581:FAIL-t2,INCONSISTENCY,nextIndex=1,followerCommit=0,matchIndex=-1
2022-11-08 19:12:09,680 [grpc-default-executor-0] INFO  leader.FollowerInfo (FollowerInfoImpl.java:lambda$new$0(48)) - s1@group-EA982605F2E5->s2: nextIndex: updateUnconditionally 5 -> 1
2022-11-08 19:12:09,681 [s2-server-thread1] DEBUG server.RaftServer$Division (RaftServerImpl.java:logAppendEntries(1421)) - s2@group-EA982605F2E5: receive appendEntries(s1, 2, (t:2, i:0), 4, true, commits:[s1:c4, s0:c4, s2:c0], cId:1582, entries: [(t:2, i:1), STATEMACHINELOGENTRY, 0@client-2EFB324ADA71, (t:2, i:2), METADATAENTRY(c:1), (t:2, i:3), STATEMACHINELOGENTRY, 999@client-AE8279CAF820, (t:2, i:4), METADATAENTRY(c:3)]
2022-11-08 19:12:09,681 [s2-server-thread1] INFO  server.RaftServer$Division (RaftServerImpl.java:checkInconsistentAppendEntries(1602)) - s2@group-EA982605F2E5: Failed appendEntries as previous log entry ((t:2, i:0)) is not found
2022-11-08 19:12:09,681 [s2-server-thread1] INFO  server.RaftServer$Division (RaftServerImpl.java:checkInconsistentAppendEntries(1572)) - s2@group-EA982605F2E5: inconsistency entries. Reply:s1<-s2#1582:FAIL-t2,INCONSISTENCY,nextIndex=0,followerCommit=0,matchIndex=-1
2022-11-08 19:12:09,682 [grpc-default-executor-0] INFO  leader.FollowerInfo (FollowerInfoImpl.java:lambda$new$0(48)) - s1@group-EA982605F2E5->s2: nextIndex: updateUnconditionally 5 -> 0
2022-11-08 19:12:09,682 [s2-server-thread1] DEBUG server.RaftServer$Division (RaftServerImpl.java:logAppendEntries(1421)) - s2@group-EA982605F2E5: receive appendEntries(s1, 2, null, 4, true, commits:[s1:c4, s0:c4, s2:c0], cId:1583, entries: [(t:2, i:0), CONFIGURATIONENTRY(current:id: "s0"
address: "localhost:34297"
dataStreamAddress: "localhost:43983"
clientAddress: "localhost:39609"
adminAddress: "localhost:37077"
startupRole: FOLLOWER
,id: "s1"
address: "localhost:38917"
dataStreamAddress: "localhost:45719"
clientAddress: "localhost:36975"
adminAddress: "localhost:40635"
startupRole: FOLLOWER
,id: "s2"
address: "localhost:35511"
dataStreamAddress: "localhost:38827"
clientAddress: "localhost:42865"
adminAddress: "localhost:36791"
startupRole: FOLLOWER
, old:), (t:2, i:1), STATEMACHINELOGENTRY, 0@client-2EFB324ADA71, (t:2, i:2), METADATAENTRY(c:1), (t:2, i:3), STATEMACHINELOGENTRY, 999@client-AE8279CAF820, (t:2, i:4), METADATAENTRY(c:3)]
2022-11-08 19:12:09,683 [s2-server-thread1] INFO  server.RaftServer$Division (RaftServerImpl.java:checkInconsistentAppendEntries(1592)) - s2@group-EA982605F2E5: Failed appendEntries as the first entry (index 0) already exists (snapshotIndex: -1, commitIndex: 0)
2022-11-08 19:12:09,683 [s2-server-thread1] INFO  server.RaftServer$Division (RaftServerImpl.java:checkInconsistentAppendEntries(1572)) - s2@group-EA982605F2E5: inconsistency entries. Reply:s1<-s2#1583:FAIL-t2,INCONSISTENCY,nextIndex=1,followerCommit=0,matchIndex=-1
2022-11-08 19:12:09,683 [grpc-default-executor-0] INFO  leader.FollowerInfo (FollowerInfoImpl.java:lambda$new$0(48)) - s1@group-EA982605F2E5->s2: nextIndex: updateUnconditionally 5 -> 1
2022-11-08 19:12:09,684 [s2-server-thread1] DEBUG server.RaftServer$Division (RaftServerImpl.java:logAppendEntries(1421)) - s2@group-EA982605F2E5: receive appendEntries(s1, 2, (t:2, i:0), 4, true, commits:[s1:c4, s0:c4, s2:c0], cId:1584, entries: [(t:2, i:1), STATEMACHINELOGENTRY, 0@client-2EFB324ADA71, (t:2, i:2), METADATAENTRY(c:1), (t:2, i:3), STATEMACHINELOGENTRY, 999@client-AE8279CAF820, (t:2, i:4), METADATAENTRY(c:3)]
2022-11-08 19:12:09,684 [s2-server-thread1] INFO  server.RaftServer$Division (RaftServerImpl.java:checkInconsistentAppendEntries(1602)) - s2@group-EA982605F2E5: Failed appendEntries as previous log entry ((t:2, i:0)) is not found
2022-11-08 19:12:09,684 [s2-server-thread1] INFO  server.RaftServer$Division (RaftServerImpl.java:checkInconsistentAppendEntries(1572)) - s2@group-EA982605F2E5: inconsistency entries. Reply:s1<-s2#1584:FAIL-t2,INCONSISTENCY,nextIndex=0,followerCommit=0,matchIndex=-1
2022-11-08 19:12:09,684 [grpc-default-executor-0] INFO  leader.FollowerInfo (FollowerInfoImpl.java:lambda$new$0(48)) - s1@group-EA982605F2E5->s2: nextIndex: updateUnconditionally 5 -> 0
2022-11-08 19:12:09,685 [s2-server-thread2] DEBUG server.RaftServer$Division (RaftServerImpl.java:logAppendEntries(1421)) - s2@group-EA982605F2E5: receive appendEntries(s1, 2, null, 4, true, commits:[s1:c4, s0:c4, s2:c0], cId:1585, entries: [(t:2, i:0), CONFIGURATIONENTRY(current:id: "s0"
address: "localhost:34297"
dataStreamAddress: "localhost:43983"
clientAddress: "localhost:39609"
adminAddress: "localhost:37077"
startupRole: FOLLOWER
,id: "s1"
address: "localhost:38917"
dataStreamAddress: "localhost:45719"
clientAddress: "localhost:36975"
adminAddress: "localhost:40635"
startupRole: FOLLOWER
,id: "s2"
address: "localhost:35511"
dataStreamAddress: "localhost:38827"
clientAddress: "localhost:42865"
adminAddress: "localhost:36791"
startupRole: FOLLOWER
, old:), (t:2, i:1), STATEMACHINELOGENTRY, 0@client-2EFB324ADA71, (t:2, i:2), METADATAENTRY(c:1), (t:2, i:3), STATEMACHINELOGENTRY, 999@client-AE8279CAF820, (t:2, i:4), METADATAENTRY(c:3)]
2022-11-08 19:12:09,685 [s2-server-thread2] INFO  server.RaftServer$Division (RaftServerImpl.java:checkInconsistentAppendEntries(1592)) - s2@group-EA982605F2E5: Failed appendEntries as the first entry (index 0) already exists (snapshotIndex: -1, commitIndex: 0)
2022-11-08 19:12:09,685 [s2-server-thread2] INFO  server.RaftServer$Division (RaftServerImpl.java:checkInconsistentAppendEntries(1572)) - s2@group-EA982605F2E5: inconsistency entries. Reply:s1<-s2#1585:FAIL-t2,INCONSISTENCY,nextIndex=1,followerCommit=0,matchIndex=-1
2022-11-08 19:12:09,685 [grpc-default-executor-0] INFO  leader.FollowerInfo (FollowerInfoImpl.java:lambda$new$0(48)) - s1@group-EA982605F2E5->s2: nextIndex: updateUnconditionally 5 -> 1
2022-11-08 19:12:09,686 [s2-server-thread1] DEBUG server.RaftServer$Division (RaftServerImpl.java:logAppendEntries(1421)) - s2@group-EA982605F2E5: receive appendEntries(s1, 2, (t:2, i:0), 4, true, commits:[s1:c4, s0:c4, s2:c0], cId:1586, entries: [(t:2, i:1), STATEMACHINELOGENTRY, 0@client-2EFB324ADA71, (t:2, i:2), METADATAENTRY(c:1), (t:2, i:3), STATEMACHINELOGENTRY, 999@client-AE8279CAF820, (t:2, i:4), METADATAENTRY(c:3)]
2022-11-08 19:12:09,686 [s2-server-thread1] INFO  server.RaftServer$Division (RaftServerImpl.java:checkInconsistentAppendEntries(1602)) - s2@group-EA982605F2E5: Failed appendEntries as previous log entry ((t:2, i:0)) is not found
2022-11-08 19:12:09,686 [s2-server-thread1] INFO  server.RaftServer$Division (RaftServerImpl.java:checkInconsistentAppendEntries(1572)) - s2@group-EA982605F2E5: inconsistency entries. Reply:s1<-s2#1586:FAIL-t2,INCONSISTENCY,nextIndex=0,followerCommit=0,matchIndex=-1
2022-11-08 19:12:09,686 [grpc-default-executor-0] INFO  leader.FollowerInfo (FollowerInfoImpl.java:lambda$new$0(48)) - s1@group-EA982605F2E5->s2: nextIndex: updateUnconditionally 5 -> 0
2022-11-08 19:12:09,687 [s2-server-thread1] DEBUG server.RaftServer$Division (RaftServerImpl.java:logAppendEntries(1421)) - s2@group-EA982605F2E5: receive appendEntries(s1, 2, null, 4, true, commits:[s1:c4, s0:c4, s2:c0], cId:1587, entries: [(t:2, i:0), CONFIGURATIONENTRY(current:id: "s0"
address: "localhost:34297"
dataStreamAddress: "localhost:43983"
clientAddress: "localhost:39609"
adminAddress: "localhost:37077"
startupRole: FOLLOWER
,id: "s1"
address: "localhost:38917"
dataStreamAddress: "localhost:45719"
clientAddress: "localhost:36975"
adminAddress: "localhost:40635"
startupRole: FOLLOWER
,id: "s2"
address: "localhost:35511"
dataStreamAddress: "localhost:38827"
clientAddress: "localhost:42865"
adminAddress: "localhost:36791"
startupRole: FOLLOWER
, old:), (t:2, i:1), STATEMACHINELOGENTRY, 0@client-2EFB324ADA71, (t:2, i:2), METADATAENTRY(c:1), (t:2, i:3), STATEMACHINELOGENTRY, 999@client-AE8279CAF820, (t:2, i:4), METADATAENTRY(c:3)]
2022-11-08 19:12:09,687 [s2-server-thread1] INFO  server.RaftServer$Division (RaftServerImpl.java:checkInconsistentAppendEntries(1592)) - s2@group-EA982605F2E5: Failed appendEntries as the first entry (index 0) already exists (snapshotIndex: -1, commitIndex: 0)
2022-11-08 19:12:09,687 [s2-server-thread1] INFO  server.RaftServer$Division (RaftServerImpl.java:checkInconsistentAppendEntries(1572)) - s2@group-EA982605F2E5: inconsistency entries. Reply:s1<-s2#1587:FAIL-t2,INCONSISTENCY,nextIndex=1,followerCommit=0,matchIndex=-1
2022-11-08 19:12:09,688 [grpc-default-executor-0] INFO  leader.FollowerInfo (FollowerInfoImpl.java:lambda$new$0(48)) - s1@group-EA982605F2E5->s2: nextIndex: updateUnconditionally 5 -> 1
2022-11-08 19:12:09,688 [s2-server-thread1] DEBUG server.RaftServer$Division (RaftServerImpl.java:logAppendEntries(1421)) - s2@group-EA982605F2E5: receive appendEntries(s1, 2, (t:2, i:0), 4, true, commits:[s1:c4, s0:c4, s2:c0], cId:1588, entries: [(t:2, i:1), STATEMACHINELOGENTRY, 0@client-2EFB324ADA71, (t:2, i:2), METADATAENTRY(c:1), (t:2, i:3), STATEMACHINELOGENTRY, 999@client-AE8279CAF820, (t:2, i:4), METADATAENTRY(c:3)]
2022-11-08 19:12:09,688 [s2-server-thread1] INFO  server.RaftServer$Division (RaftServerImpl.java:checkInconsistentAppendEntries(1602)) - s2@group-EA982605F2E5: Failed appendEntries as previous log entry ((t:2, i:0)) is not found
2022-11-08 19:12:09,688 [s2-server-thread1] INFO  server.RaftServer$Division (RaftServerImpl.java:checkInconsistentAppendEntries(1572)) - s2@group-EA982605F2E5: inconsistency entries. Reply:s1<-s2#1588:FAIL-t2,INCONSISTENCY,nextIndex=0,followerCommit=0,matchIndex=-1
2022-11-08 19:12:09,689 [grpc-default-executor-0] INFO  leader.FollowerInfo (FollowerInfoImpl.java:lambda$new$0(48)) - s1@group-EA982605F2E5->s2: nextIndex: updateUnconditionally 5 -> 0
2022-11-08 19:12:09,689 [s2-server-thread1] DEBUG server.RaftServer$Division (RaftServerImpl.java:logAppendEntries(1421)) - s2@group-EA982605F2E5: receive appendEntries(s1, 2, null, 4, true, commits:[s1:c4, s0:c4, s2:c0], cId:1589, entries: [(t:2, i:0), CONFIGURATIONENTRY(current:id: "s0"
address: "localhost:34297"
dataStreamAddress: "localhost:43983"
clientAddress: "localhost:39609"
adminAddress: "localhost:37077"
startupRole: FOLLOWER
,id: "s1"
address: "localhost:38917"
dataStreamAddress: "localhost:45719"
clientAddress: "localhost:36975"
adminAddress: "localhost:40635"
startupRole: FOLLOWER
,id: "s2"
address: "localhost:35511"
dataStreamAddress: "localhost:38827"
clientAddress: "localhost:42865"
adminAddress: "localhost:36791"
startupRole: FOLLOWER
, old:), (t:2, i:1), STATEMACHINELOGENTRY, 0@client-2EFB324ADA71, (t:2, i:2), METADATAENTRY(c:1), (t:2, i:3), STATEMACHINELOGENTRY, 999@client-AE8279CAF820, (t:2, i:4), METADATAENTRY(c:3)]
2022-11-08 19:12:09,690 [s2-server-thread1] INFO  server.RaftServer$Division (RaftServerImpl.java:checkInconsistentAppendEntries(1592)) - s2@group-EA982605F2E5: Failed appendEntries as the first entry (index 0) already exists (snapshotIndex: -1, commitIndex: 0)
2022-11-08 19:12:09,690 [s2-server-thread1] INFO  server.RaftServer$Division (RaftServerImpl.java:checkInconsistentAppendEntries(1572)) - s2@group-EA982605F2E5: inconsistency entries. Reply:s1<-s2#1589:FAIL-t2,INCONSISTENCY,nextIndex=1,followerCommit=0,matchIndex=-1
2022-11-08 19:12:09,690 [grpc-default-executor-0] INFO  leader.FollowerInfo (FollowerInfoImpl.java:lambda$new$0(48)) - s1@group-EA982605F2E5->s2: nextIndex: updateUnconditionally 5 -> 1
2022-11-08 19:12:09,691 [s2-server-thread1] DEBUG server.RaftServer$Division (RaftServerImpl.java:logAppendEntries(1421)) - s2@group-EA982605F2E5: receive appendEntries(s1, 2, (t:2, i:0), 4, true, commits:[s1:c4, s0:c4, s2:c0], cId:1590, entries: [(t:2, i:1), STATEMACHINELOGENTRY, 0@client-2EFB324ADA71, (t:2, i:2), METADATAENTRY(c:1), (t:2, i:3), STATEMACHINELOGENTRY, 999@client-AE8279CAF820, (t:2, i:4), METADATAENTRY(c:3)]
2022-11-08 19:12:09,691 [s2-server-thread1] INFO  server.RaftServer$Division (RaftServerImpl.java:checkInconsistentAppendEntries(1602)) - s2@group-EA982605F2E5: Failed appendEntries as previous log entry ((t:2, i:0)) is not found
2022-11-08 19:12:09,691 [s2-server-thread1] INFO  server.RaftServer$Division (RaftServerImpl.java:checkInconsistentAppendEntries(1572)) - s2@group-EA982605F2E5: inconsistency entries. Reply:s1<-s2#1590:FAIL-t2,INCONSISTENCY,nextIndex=0,followerCommit=0,matchIndex=-1
2022-11-08 19:12:09,691 [grpc-default-executor-0] INFO  leader.FollowerInfo (FollowerInfoImpl.java:lambda$new$0(48)) - s1@group-EA982605F2E5->s2: nextIndex: updateUnconditionally 5 -> 0
2022-11-08 19:12:09,692 [s2-server-thread2] DEBUG server.RaftServer$Division (RaftServerImpl.java:logAppendEntries(1421)) - s2@group-EA982605F2E5: receive appendEntries(s1, 2, null, 4, true, commits:[s1:c4, s0:c4, s2:c0], cId:1591, entries: [(t:2, i:0), CONFIGURATIONENTRY(current:id: "s0"
address: "localhost:34297"
dataStreamAddress: "localhost:43983"
clientAddress: "localhost:39609"
adminAddress: "localhost:37077"
startupRole: FOLLOWER
,id: "s1"
address: "localhost:38917"
dataStreamAddress: "localhost:45719"
clientAddress: "localhost:36975"
adminAddress: "localhost:40635"
startupRole: FOLLOWER
,id: "s2"
address: "localhost:35511"
dataStreamAddress: "localhost:38827"
clientAddress: "localhost:42865"
adminAddress: "localhost:36791"
startupRole: FOLLOWER
, old:), (t:2, i:1), STATEMACHINELOGENTRY, 0@client-2EFB324ADA71, (t:2, i:2), METADATAENTRY(c:1), (t:2, i:3), STATEMACHINELOGENTRY, 999@client-AE8279CAF820, (t:2, i:4), METADATAENTRY(c:3)]
2022-11-08 19:12:09,692 [s2-server-thread2] INFO  server.RaftServer$Division (RaftServerImpl.java:checkInconsistentAppendEntries(1592)) - s2@group-EA982605F2E5: Failed appendEntries as the first entry (index 0) already exists (snapshotIndex: -1, commitIndex: 0)
2022-11-08 19:12:09,692 [s2-server-thread2] INFO  server.RaftServer$Division (RaftServerImpl.java:checkInconsistentAppendEntries(1572)) - s2@group-EA982605F2E5: inconsistency entries. Reply:s1<-s2#1591:FAIL-t2,INCONSISTENCY,nextIndex=1,followerCommit=0,matchIndex=-1
2022-11-08 19:12:09,692 [grpc-default-executor-0] INFO  leader.FollowerInfo (FollowerInfoImpl.java:lambda$new$0(48)) - s1@group-EA982605F2E5->s2: nextIndex: updateUnconditionally 5 -> 1
2022-11-08 19:12:09,693 [s2-server-thread1] DEBUG server.RaftServer$Division (RaftServerImpl.java:logAppendEntries(1421)) - s2@group-EA982605F2E5: receive appendEntries(s1, 2, (t:2, i:0), 4, true, commits:[s1:c4, s0:c4, s2:c0], cId:1592, entries: [(t:2, i:1), STATEMACHINELOGENTRY, 0@client-2EFB324ADA71, (t:2, i:2), METADATAENTRY(c:1), (t:2, i:3), STATEMACHINELOGENTRY, 999@client-AE8279CAF820, (t:2, i:4), METADATAENTRY(c:3)]
2022-11-08 19:12:09,693 [s2-server-thread1] INFO  server.RaftServer$Division (RaftServerImpl.java:checkInconsistentAppendEntries(1602)) - s2@group-EA982605F2E5: Failed appendEntries as previous log entry ((t:2, i:0)) is not found
2022-11-08 19:12:09,693 [s2-server-thread1] INFO  server.RaftServer$Division (RaftServerImpl.java:checkInconsistentAppendEntries(1572)) - s2@group-EA982605F2E5: inconsistency entries. Reply:s1<-s2#1592:FAIL-t2,INCONSISTENCY,nextIndex=0,followerCommit=0,matchIndex=-1
2022-11-08 19:12:09,693 [grpc-default-executor-0] INFO  leader.FollowerInfo (FollowerInfoImpl.java:lambda$new$0(48)) - s1@group-EA982605F2E5->s2: nextIndex: updateUnconditionally 5 -> 0
2022-11-08 19:12:09,694 [s2-server-thread1] DEBUG server.RaftServer$Division (RaftServerImpl.java:logAppendEntries(1421)) - s2@group-EA982605F2E5: receive appendEntries(s1, 2, null, 4, true, commits:[s1:c4, s0:c4, s2:c0], cId:1593, entries: [(t:2, i:0), CONFIGURATIONENTRY(current:id: "s0"
address: "localhost:34297"
dataStreamAddress: "localhost:43983"
clientAddress: "localhost:39609"
adminAddress: "localhost:37077"
startupRole: FOLLOWER
,id: "s1"
address: "localhost:38917"
dataStreamAddress: "localhost:45719"
clientAddress: "localhost:36975"
adminAddress: "localhost:40635"
startupRole: FOLLOWER
,id: "s2"
address: "localhost:35511"
dataStreamAddress: "localhost:38827"
clientAddress: "localhost:42865"
adminAddress: "localhost:36791"
startupRole: FOLLOWER
, old:), (t:2, i:1), STATEMACHINELOGENTRY, 0@client-2EFB324ADA71, (t:2, i:2), METADATAENTRY(c:1), (t:2, i:3), STATEMACHINELOGENTRY, 999@client-AE8279CAF820, (t:2, i:4), METADATAENTRY(c:3)]
2022-11-08 19:12:09,694 [s2-server-thread1] INFO  server.RaftServer$Division (RaftServerImpl.java:checkInconsistentAppendEntries(1592)) - s2@group-EA982605F2E5: Failed appendEntries as the first entry (index 0) already exists (snapshotIndex: -1, commitIndex: 0)
2022-11-08 19:12:09,694 [s2-server-thread1] INFO  server.RaftServer$Division (RaftServerImpl.java:checkInconsistentAppendEntries(1572)) - s2@group-EA982605F2E5: inconsistency entries. Reply:s1<-s2#1593:FAIL-t2,INCONSISTENCY,nextIndex=1,followerCommit=0,matchIndex=-1
2022-11-08 19:12:09,695 [grpc-default-executor-0] INFO  leader.FollowerInfo (FollowerInfoImpl.java:lambda$new$0(48)) - s1@group-EA982605F2E5->s2: nextIndex: updateUnconditionally 5 -> 1
2022-11-08 19:12:09,695 [s2-server-thread1] DEBUG server.RaftServer$Division (RaftServerImpl.java:logAppendEntries(1421)) - s2@group-EA982605F2E5: receive appendEntries(s1, 2, (t:2, i:0), 4, true, commits:[s1:c4, s0:c4, s2:c0], cId:1594, entries: [(t:2, i:1), STATEMACHINELOGENTRY, 0@client-2EFB324ADA71, (t:2, i:2), METADATAENTRY(c:1), (t:2, i:3), STATEMACHINELOGENTRY, 999@client-AE8279CAF820, (t:2, i:4), METADATAENTRY(c:3)]
2022-11-08 19:12:09,695 [s2-server-thread1] INFO  server.RaftServer$Division (RaftServerImpl.java:checkInconsistentAppendEntries(1602)) - s2@group-EA982605F2E5: Failed appendEntries as previous log entry ((t:2, i:0)) is not found
2022-11-08 19:12:09,695 [s2-server-thread1] INFO  server.RaftServer$Division (RaftServerImpl.java:checkInconsistentAppendEntries(1572)) - s2@group-EA982605F2E5: inconsistency entries. Reply:s1<-s2#1594:FAIL-t2,INCONSISTENCY,nextIndex=0,followerCommit=0,matchIndex=-1
2022-11-08 19:12:09,696 [grpc-default-executor-0] INFO  leader.FollowerInfo (FollowerInfoImpl.java:lambda$new$0(48)) - s1@group-EA982605F2E5->s2: nextIndex: updateUnconditionally 5 -> 0
2022-11-08 19:12:09,696 [s2-server-thread1] DEBUG server.RaftServer$Division (RaftServerImpl.java:logAppendEntries(1421)) - s2@group-EA982605F2E5: receive appendEntries(s1, 2, null, 4, true, commits:[s1:c4, s0:c4, s2:c0], cId:1595, entries: [(t:2, i:0), CONFIGURATIONENTRY(current:id: "s0"
address: "localhost:34297"
dataStreamAddress: "localhost:43983"
clientAddress: "localhost:39609"
adminAddress: "localhost:37077"
startupRole: FOLLOWER
,id: "s1"
address: "localhost:38917"
dataStreamAddress: "localhost:45719"
clientAddress: "localhost:36975"
adminAddress: "localhost:40635"
startupRole: FOLLOWER
,id: "s2"
address: "localhost:35511"
dataStreamAddress: "localhost:38827"
clientAddress: "localhost:42865"
adminAddress: "localhost:36791"
startupRole: FOLLOWER
, old:), (t:2, i:1), STATEMACHINELOGENTRY, 0@client-2EFB324ADA71, (t:2, i:2), METADATAENTRY(c:1), (t:2, i:3), STATEMACHINELOGENTRY, 999@client-AE8279CAF820, (t:2, i:4), METADATAENTRY(c:3)]
2022-11-08 19:12:09,697 [s2-server-thread1] INFO  server.RaftServer$Division (RaftServerImpl.java:checkInconsistentAppendEntries(1592)) - s2@group-EA982605F2E5: Failed appendEntries as the first entry (index 0) already exists (snapshotIndex: -1, commitIndex: 0)
2022-11-08 19:12:09,697 [s2-server-thread1] INFO  server.RaftServer$Division (RaftServerImpl.java:checkInconsistentAppendEntries(1572)) - s2@group-EA982605F2E5: inconsistency entries. Reply:s1<-s2#1595:FAIL-t2,INCONSISTENCY,nextIndex=1,followerCommit=0,matchIndex=-1
2022-11-08 19:12:09,697 [grpc-default-executor-0] INFO  leader.FollowerInfo (FollowerInfoImpl.java:lambda$new$0(48)) - s1@group-EA982605F2E5->s2: nextIndex: updateUnconditionally 5 -> 1
2022-11-08 19:12:09,697 [s2-server-thread2] DEBUG server.RaftServer$Division (RaftServerImpl.java:logAppendEntries(1421)) - s2@group-EA982605F2E5: receive appendEntries(s1, 2, (t:2, i:0), 4, true, commits:[s1:c4, s0:c4, s2:c0], cId:1596, entries: [(t:2, i:1), STATEMACHINELOGENTRY, 0@client-2EFB324ADA71, (t:2, i:2), METADATAENTRY(c:1), (t:2, i:3), STATEMACHINELOGENTRY, 999@client-AE8279CAF820, (t:2, i:4), METADATAENTRY(c:3)]
2022-11-08 19:12:09,698 [s2-server-thread2] INFO  server.RaftServer$Division (RaftServerImpl.java:checkInconsistentAppendEntries(1602)) - s2@group-EA982605F2E5: Failed appendEntries as previous log entry ((t:2, i:0)) is not found
2022-11-08 19:12:09,698 [s2-server-thread2] INFO  server.RaftServer$Division (RaftServerImpl.java:checkInconsistentAppendEntries(1572)) - s2@group-EA982605F2E5: inconsistency entries. Reply:s1<-s2#1596:FAIL-t2,INCONSISTENCY,nextIndex=0,followerCommit=0,matchIndex=-1
2022-11-08 19:12:09,698 [grpc-default-executor-0] INFO  leader.FollowerInfo (FollowerInfoImpl.java:lambda$new$0(48)) - s1@group-EA982605F2E5->s2: nextIndex: updateUnconditionally 5 -> 0
2022-11-08 19:12:09,699 [s2-server-thread1] DEBUG server.RaftServer$Division (RaftServerImpl.java:logAppendEntries(1421)) - s2@group-EA982605F2E5: receive appendEntries(s1, 2, null, 4, true, commits:[s1:c4, s0:c4, s2:c0], cId:1597, entries: [(t:2, i:0), CONFIGURATIONENTRY(current:id: "s0"
address: "localhost:34297"
dataStreamAddress: "localhost:43983"
clientAddress: "localhost:39609"
adminAddress: "localhost:37077"
startupRole: FOLLOWER
,id: "s1"
address: "localhost:38917"
dataStreamAddress: "localhost:45719"
clientAddress: "localhost:36975"
adminAddress: "localhost:40635"
startupRole: FOLLOWER
,id: "s2"
address: "localhost:35511"
dataStreamAddress: "localhost:38827"
clientAddress: "localhost:42865"
adminAddress: "localhost:36791"
startupRole: FOLLOWER
, old:), (t:2, i:1), STATEMACHINELOGENTRY, 0@client-2EFB324ADA71, (t:2, i:2), METADATAENTRY(c:1), (t:2, i:3), STATEMACHINELOGENTRY, 999@client-AE8279CAF820, (t:2, i:4), METADATAENTRY(c:3)]
2022-11-08 19:12:09,699 [s2-server-thread1] INFO  server.RaftServer$Division (RaftServerImpl.java:checkInconsistentAppendEntries(1592)) - s2@group-EA982605F2E5: Failed appendEntries as the first entry (index 0) already exists (snapshotIndex: -1, commitIndex: 0)
2022-11-08 19:12:09,699 [s2-server-thread1] INFO  server.RaftServer$Division (RaftServerImpl.java:checkInconsistentAppendEntries(1572)) - s2@group-EA982605F2E5: inconsistency entries. Reply:s1<-s2#1597:FAIL-t2,INCONSISTENCY,nextIndex=1,followerCommit=0,matchIndex=-1
2022-11-08 19:12:09,699 [grpc-default-executor-0] INFO  leader.FollowerInfo (FollowerInfoImpl.java:lambda$new$0(48)) - s1@group-EA982605F2E5->s2: nextIndex: updateUnconditionally 5 -> 1
2022-11-08 19:12:09,700 [s2-server-thread1] DEBUG server.RaftServer$Division (RaftServerImpl.java:logAppendEntries(1421)) - s2@group-EA982605F2E5: receive appendEntries(s1, 2, (t:2, i:0), 4, true, commits:[s1:c4, s0:c4, s2:c0], cId:1598, entries: [(t:2, i:1), STATEMACHINELOGENTRY, 0@client-2EFB324ADA71, (t:2, i:2), METADATAENTRY(c:1), (t:2, i:3), STATEMACHINELOGENTRY, 999@client-AE8279CAF820, (t:2, i:4), METADATAENTRY(c:3)]
2022-11-08 19:12:09,700 [s2-server-thread1] INFO  server.RaftServer$Division (RaftServerImpl.java:checkInconsistentAppendEntries(1602)) - s2@group-EA982605F2E5: Failed appendEntries as previous log entry ((t:2, i:0)) is not found
2022-11-08 19:12:09,700 [s2-server-thread1] INFO  server.RaftServer$Division (RaftServerImpl.java:checkInconsistentAppendEntries(1572)) - s2@group-EA982605F2E5: inconsistency entries. Reply:s1<-s2#1598:FAIL-t2,INCONSISTENCY,nextIndex=0,followerCommit=0,matchIndex=-1
2022-11-08 19:12:09,700 [grpc-default-executor-0] INFO  leader.FollowerInfo (FollowerInfoImpl.java:lambda$new$0(48)) - s1@group-EA982605F2E5->s2: nextIndex: updateUnconditionally 5 -> 0
2022-11-08 19:12:09,701 [s2-server-thread1] DEBUG server.RaftServer$Division (RaftServerImpl.java:logAppendEntries(1421)) - s2@group-EA982605F2E5: receive appendEntries(s1, 2, null, 4, true, commits:[s1:c4, s0:c4, s2:c0], cId:1599, entries: [(t:2, i:0), CONFIGURATIONENTRY(current:id: "s0"
address: "localhost:34297"
dataStreamAddress: "localhost:43983"
clientAddress: "localhost:39609"
adminAddress: "localhost:37077"
startupRole: FOLLOWER
,id: "s1"
address: "localhost:38917"
dataStreamAddress: "localhost:45719"
clientAddress: "localhost:36975"
adminAddress: "localhost:40635"
startupRole: FOLLOWER
,id: "s2"
address: "localhost:35511"
dataStreamAddress: "localhost:38827"
clientAddress: "localhost:42865"
adminAddress: "localhost:36791"
startupRole: FOLLOWER
, old:), (t:2, i:1), STATEMACHINELOGENTRY, 0@client-2EFB324ADA71, (t:2, i:2), METADATAENTRY(c:1), (t:2, i:3), STATEMACHINELOGENTRY, 999@client-AE8279CAF820, (t:2, i:4), METADATAENTRY(c:3)]
2022-11-08 19:12:09,701 [s2-server-thread1] INFO  server.RaftServer$Division (RaftServerImpl.java:checkInconsistentAppendEntries(1592)) - s2@group-EA982605F2E5: Failed appendEntries as the first entry (index 0) already exists (snapshotIndex: -1, commitIndex: 0)
2022-11-08 19:12:09,701 [s2-server-thread1] INFO  server.RaftServer$Division (RaftServerImpl.java:checkInconsistentAppendEntries(1572)) - s2@group-EA982605F2E5: inconsistency entries. Reply:s1<-s2#1599:FAIL-t2,INCONSISTENCY,nextIndex=1,followerCommit=0,matchIndex=-1
2022-11-08 19:12:09,702 [grpc-default-executor-0] INFO  leader.FollowerInfo (FollowerInfoImpl.java:lambda$new$0(48)) - s1@group-EA982605F2E5->s2: nextIndex: updateUnconditionally 5 -> 1
2022-11-08 19:12:09,702 [s2-server-thread1] DEBUG server.RaftServer$Division (RaftServerImpl.java:logAppendEntries(1421)) - s2@group-EA982605F2E5: receive appendEntries(s1, 2, (t:2, i:0), 4, true, commits:[s1:c4, s0:c4, s2:c0], cId:1600, entries: [(t:2, i:1), STATEMACHINELOGENTRY, 0@client-2EFB324ADA71, (t:2, i:2), METADATAENTRY(c:1), (t:2, i:3), STATEMACHINELOGENTRY, 999@client-AE8279CAF820, (t:2, i:4), METADATAENTRY(c:3)]
2022-11-08 19:12:09,702 [s2-server-thread1] INFO  server.RaftServer$Division (RaftServerImpl.java:checkInconsistentAppendEntries(1602)) - s2@group-EA982605F2E5: Failed appendEntries as previous log entry ((t:2, i:0)) is not found
2022-11-08 19:12:09,703 [s2-server-thread1] INFO  server.RaftServer$Division (RaftServerImpl.java:checkInconsistentAppendEntries(1572)) - s2@group-EA982605F2E5: inconsistency entries. Reply:s1<-s2#1600:FAIL-t2,INCONSISTENCY,nextIndex=0,followerCommit=0,matchIndex=-1
2022-11-08 19:12:09,703 [grpc-default-executor-0] INFO  leader.FollowerInfo (FollowerInfoImpl.java:lambda$new$0(48)) - s1@group-EA982605F2E5->s2: nextIndex: updateUnconditionally 5 -> 0
2022-11-08 19:12:09,704 [s2-server-thread2] DEBUG server.RaftServer$Division (RaftServerImpl.java:logAppendEntries(1421)) - s2@group-EA982605F2E5: receive appendEntries(s1, 2, null, 4, true, commits:[s1:c4, s0:c4, s2:c0], cId:1601, entries: [(t:2, i:0), CONFIGURATIONENTRY(current:id: "s0"
address: "localhost:34297"
dataStreamAddress: "localhost:43983"
clientAddress: "localhost:39609"
adminAddress: "localhost:37077"
startupRole: FOLLOWER
,id: "s1"
address: "localhost:38917"
dataStreamAddress: "localhost:45719"
clientAddress: "localhost:36975"
adminAddress: "localhost:40635"
startupRole: FOLLOWER
,id: "s2"
address: "localhost:35511"
dataStreamAddress: "localhost:38827"
clientAddress: "localhost:42865"
adminAddress: "localhost:36791"
startupRole: FOLLOWER
, old:), (t:2, i:1), STATEMACHINELOGENTRY, 0@client-2EFB324ADA71, (t:2, i:2), METADATAENTRY(c:1), (t:2, i:3), STATEMACHINELOGENTRY, 999@client-AE8279CAF820, (t:2, i:4), METADATAENTRY(c:3)]
2022-11-08 19:12:09,704 [s2-server-thread2] INFO  server.RaftServer$Division (RaftServerImpl.java:checkInconsistentAppendEntries(1592)) - s2@group-EA982605F2E5: Failed appendEntries as the first entry (index 0) already exists (snapshotIndex: -1, commitIndex: 0)
2022-11-08 19:12:09,704 [s2-server-thread2] INFO  server.RaftServer$Division (RaftServerImpl.java:checkInconsistentAppendEntries(1572)) - s2@group-EA982605F2E5: inconsistency entries. Reply:s1<-s2#1601:FAIL-t2,INCONSISTENCY,nextIndex=1,followerCommit=0,matchIndex=-1
2022-11-08 19:12:09,704 [grpc-default-executor-0] INFO  leader.FollowerInfo (FollowerInfoImpl.java:lambda$new$0(48)) - s1@group-EA982605F2E5->s2: nextIndex: updateUnconditionally 5 -> 1
2022-11-08 19:12:09,705 [s2-server-thread1] DEBUG server.RaftServer$Division (RaftServerImpl.java:logAppendEntries(1421)) - s2@group-EA982605F2E5: receive appendEntries(s1, 2, (t:2, i:0), 4, true, commits:[s1:c4, s0:c4, s2:c0], cId:1602, entries: [(t:2, i:1), STATEMACHINELOGENTRY, 0@client-2EFB324ADA71, (t:2, i:2), METADATAENTRY(c:1), (t:2, i:3), STATEMACHINELOGENTRY, 999@client-AE8279CAF820, (t:2, i:4), METADATAENTRY(c:3)]
2022-11-08 19:12:09,705 [s2-server-thread1] INFO  server.RaftServer$Division (RaftServerImpl.java:checkInconsistentAppendEntries(1602)) - s2@group-EA982605F2E5: Failed appendEntries as previous log entry ((t:2, i:0)) is not found
2022-11-08 19:12:09,705 [s2-server-thread1] INFO  server.RaftServer$Division (RaftServerImpl.java:checkInconsistentAppendEntries(1572)) - s2@group-EA982605F2E5: inconsistency entries. Reply:s1<-s2#1602:FAIL-t2,INCONSISTENCY,nextIndex=0,followerCommit=0,matchIndex=-1
2022-11-08 19:12:09,705 [grpc-default-executor-0] INFO  leader.FollowerInfo (FollowerInfoImpl.java:lambda$new$0(48)) - s1@group-EA982605F2E5->s2: nextIndex: updateUnconditionally 5 -> 0
2022-11-08 19:12:09,706 [s2-server-thread1] DEBUG server.RaftServer$Division (RaftServerImpl.java:logAppendEntries(1421)) - s2@group-EA982605F2E5: receive appendEntries(s1, 2, null, 4, true, commits:[s1:c4, s0:c4, s2:c0], cId:1603, entries: [(t:2, i:0), CONFIGURATIONENTRY(current:id: "s0"
address: "localhost:34297"
dataStreamAddress: "localhost:43983"
clientAddress: "localhost:39609"
adminAddress: "localhost:37077"
startupRole: FOLLOWER
,id: "s1"
address: "localhost:38917"
dataStreamAddress: "localhost:45719"
clientAddress: "localhost:36975"
adminAddress: "localhost:40635"
startupRole: FOLLOWER
,id: "s2"
address: "localhost:35511"
dataStreamAddress: "localhost:38827"
clientAddress: "localhost:42865"
adminAddress: "localhost:36791"
startupRole: FOLLOWER
, old:), (t:2, i:1), STATEMACHINELOGENTRY, 0@client-2EFB324ADA71, (t:2, i:2), METADATAENTRY(c:1), (t:2, i:3), STATEMACHINELOGENTRY, 999@client-AE8279CAF820, (t:2, i:4), METADATAENTRY(c:3)]
2022-11-08 19:12:09,706 [s2-server-thread1] INFO  server.RaftServer$Division (RaftServerImpl.java:checkInconsistentAppendEntries(1592)) - s2@group-EA982605F2E5: Failed appendEntries as the first entry (index 0) already exists (snapshotIndex: -1, commitIndex: 0)
2022-11-08 19:12:09,706 [s2-server-thread1] INFO  server.RaftServer$Division (RaftServerImpl.java:checkInconsistentAppendEntries(1572)) - s2@group-EA982605F2E5: inconsistency entries. Reply:s1<-s2#1603:FAIL-t2,INCONSISTENCY,nextIndex=1,followerCommit=0,matchIndex=-1
2022-11-08 19:12:09,707 [grpc-default-executor-0] INFO  leader.FollowerInfo (FollowerInfoImpl.java:lambda$new$0(48)) - s1@group-EA982605F2E5->s2: nextIndex: updateUnconditionally 5 -> 1
2022-11-08 19:12:09,707 [s2-server-thread1] DEBUG server.RaftServer$Division (RaftServerImpl.java:logAppendEntries(1421)) - s2@group-EA982605F2E5: receive appendEntries(s1, 2, (t:2, i:0), 4, true, commits:[s1:c4, s0:c4, s2:c0], cId:1604, entries: [(t:2, i:1), STATEMACHINELOGENTRY, 0@client-2EFB324ADA71, (t:2, i:2), METADATAENTRY(c:1), (t:2, i:3), STATEMACHINELOGENTRY, 999@client-AE8279CAF820, (t:2, i:4), METADATAENTRY(c:3)]
2022-11-08 19:12:09,707 [s2-server-thread1] INFO  server.RaftServer$Division (RaftServerImpl.java:checkInconsistentAppendEntries(1602)) - s2@group-EA982605F2E5: Failed appendEntries as previous log entry ((t:2, i:0)) is not found
2022-11-08 19:12:09,707 [s2-server-thread1] INFO  server.RaftServer$Division (RaftServerImpl.java:checkInconsistentAppendEntries(1572)) - s2@group-EA982605F2E5: inconsistency entries. Reply:s1<-s2#1604:FAIL-t2,INCONSISTENCY,nextIndex=0,followerCommit=0,matchIndex=-1
2022-11-08 19:12:09,708 [grpc-default-executor-0] INFO  leader.FollowerInfo (FollowerInfoImpl.java:lambda$new$0(48)) - s1@group-EA982605F2E5->s2: nextIndex: updateUnconditionally 5 -> 0
2022-11-08 19:12:09,708 [s2-server-thread1] DEBUG server.RaftServer$Division (RaftServerImpl.java:logAppendEntries(1421)) - s2@group-EA982605F2E5: receive appendEntries(s1, 2, null, 4, true, commits:[s1:c4, s0:c4, s2:c0], cId:1605, entries: [(t:2, i:0), CONFIGURATIONENTRY(current:id: "s0"
address: "localhost:34297"
dataStreamAddress: "localhost:43983"
clientAddress: "localhost:39609"
adminAddress: "localhost:37077"
startupRole: FOLLOWER
,id: "s1"
address: "localhost:38917"
dataStreamAddress: "localhost:45719"
clientAddress: "localhost:36975"
adminAddress: "localhost:40635"
startupRole: FOLLOWER
,id: "s2"
address: "localhost:35511"
dataStreamAddress: "localhost:38827"
clientAddress: "localhost:42865"
adminAddress: "localhost:36791"
startupRole: FOLLOWER
, old:), (t:2, i:1), STATEMACHINELOGENTRY, 0@client-2EFB324ADA71, (t:2, i:2), METADATAENTRY(c:1), (t:2, i:3), STATEMACHINELOGENTRY, 999@client-AE8279CAF820, (t:2, i:4), METADATAENTRY(c:3)]
2022-11-08 19:12:09,708 [s2-server-thread1] INFO  server.RaftServer$Division (RaftServerImpl.java:checkInconsistentAppendEntries(1592)) - s2@group-EA982605F2E5: Failed appendEntries as the first entry (index 0) already exists (snapshotIndex: -1, commitIndex: 0)
2022-11-08 19:12:09,709 [s2-server-thread1] INFO  server.RaftServer$Division (RaftServerImpl.java:checkInconsistentAppendEntries(1572)) - s2@group-EA982605F2E5: inconsistency entries. Reply:s1<-s2#1605:FAIL-t2,INCONSISTENCY,nextIndex=1,followerCommit=0,matchIndex=-1
2022-11-08 19:12:09,709 [grpc-default-executor-0] INFO  leader.FollowerInfo (FollowerInfoImpl.java:lambda$new$0(48)) - s1@group-EA982605F2E5->s2: nextIndex: updateUnconditionally 5 -> 1
2022-11-08 19:12:09,709 [s2-server-thread1] DEBUG server.RaftServer$Division (RaftServerImpl.java:logAppendEntries(1421)) - s2@group-EA982605F2E5: receive appendEntries(s1, 2, (t:2, i:0), 4, true, commits:[s1:c4, s0:c4, s2:c0], cId:1606, entries: [(t:2, i:1), STATEMACHINELOGENTRY, 0@client-2EFB324ADA71, (t:2, i:2), METADATAENTRY(c:1), (t:2, i:3), STATEMACHINELOGENTRY, 999@client-AE8279CAF820, (t:2, i:4), METADATAENTRY(c:3)]
2022-11-08 19:12:09,710 [s2-server-thread1] INFO  server.RaftServer$Division (RaftServerImpl.java:checkInconsistentAppendEntries(1602)) - s2@group-EA982605F2E5: Failed appendEntries as previous log entry ((t:2, i:0)) is not found
2022-11-08 19:12:09,710 [s2-server-thread1] INFO  server.RaftServer$Division (RaftServerImpl.java:checkInconsistentAppendEntries(1572)) - s2@group-EA982605F2E5: inconsistency entries. Reply:s1<-s2#1606:FAIL-t2,INCONSISTENCY,nextIndex=0,followerCommit=0,matchIndex=-1
2022-11-08 19:12:09,710 [grpc-default-executor-0] INFO  leader.FollowerInfo (FollowerInfoImpl.java:lambda$new$0(48)) - s1@group-EA982605F2E5->s2: nextIndex: updateUnconditionally 5 -> 0
2022-11-08 19:12:09,711 [s2-server-thread2] DEBUG server.RaftServer$Division (RaftServerImpl.java:logAppendEntries(1421)) - s2@group-EA982605F2E5: receive appendEntries(s1, 2, null, 4, true, commits:[s1:c4, s0:c4, s2:c0], cId:1607, entries: [(t:2, i:0), CONFIGURATIONENTRY(current:id: "s0"
address: "localhost:34297"
dataStreamAddress: "localhost:43983"
clientAddress: "localhost:39609"
adminAddress: "localhost:37077"
startupRole: FOLLOWER
,id: "s1"
address: "localhost:38917"
dataStreamAddress: "localhost:45719"
clientAddress: "localhost:36975"
adminAddress: "localhost:40635"
startupRole: FOLLOWER
,id: "s2"
address: "localhost:35511"
dataStreamAddress: "localhost:38827"
clientAddress: "localhost:42865"
adminAddress: "localhost:36791"
startupRole: FOLLOWER
, old:), (t:2, i:1), STATEMACHINELOGENTRY, 0@client-2EFB324ADA71, (t:2, i:2), METADATAENTRY(c:1), (t:2, i:3), STATEMACHINELOGENTRY, 999@client-AE8279CAF820, (t:2, i:4), METADATAENTRY(c:3)]
2022-11-08 19:12:09,711 [s2-server-thread2] INFO  server.RaftServer$Division (RaftServerImpl.java:checkInconsistentAppendEntries(1592)) - s2@group-EA982605F2E5: Failed appendEntries as the first entry (index 0) already exists (snapshotIndex: -1, commitIndex: 0)
2022-11-08 19:12:09,711 [s2-server-thread2] INFO  server.RaftServer$Division (RaftServerImpl.java:checkInconsistentAppendEntries(1572)) - s2@group-EA982605F2E5: inconsistency entries. Reply:s1<-s2#1607:FAIL-t2,INCONSISTENCY,nextIndex=1,followerCommit=0,matchIndex=-1
2022-11-08 19:12:09,711 [grpc-default-executor-0] INFO  leader.FollowerInfo (FollowerInfoImpl.java:lambda$new$0(48)) - s1@group-EA982605F2E5->s2: nextIndex: updateUnconditionally 5 -> 1
2022-11-08 19:12:09,712 [s2-server-thread1] DEBUG server.RaftServer$Division (RaftServerImpl.java:logAppendEntries(1421)) - s2@group-EA982605F2E5: receive appendEntries(s1, 2, (t:2, i:0), 4, true, commits:[s1:c4, s0:c4, s2:c0], cId:1608, entries: [(t:2, i:1), STATEMACHINELOGENTRY, 0@client-2EFB324ADA71, (t:2, i:2), METADATAENTRY(c:1), (t:2, i:3), STATEMACHINELOGENTRY, 999@client-AE8279CAF820, (t:2, i:4), METADATAENTRY(c:3)]
2022-11-08 19:12:09,712 [s2-server-thread1] INFO  server.RaftServer$Division (RaftServerImpl.java:checkInconsistentAppendEntries(1602)) - s2@group-EA982605F2E5: Failed appendEntries as previous log entry ((t:2, i:0)) is not found
2022-11-08 19:12:09,712 [s2-server-thread1] INFO  server.RaftServer$Division (RaftServerImpl.java:checkInconsistentAppendEntries(1572)) - s2@group-EA982605F2E5: inconsistency entries. Reply:s1<-s2#1608:FAIL-t2,INCONSISTENCY,nextIndex=0,followerCommit=0,matchIndex=-1
2022-11-08 19:12:09,712 [grpc-default-executor-0] INFO  leader.FollowerInfo (FollowerInfoImpl.java:lambda$new$0(48)) - s1@group-EA982605F2E5->s2: nextIndex: updateUnconditionally 5 -> 0
2022-11-08 19:12:09,713 [s2-server-thread1] DEBUG server.RaftServer$Division (RaftServerImpl.java:logAppendEntries(1421)) - s2@group-EA982605F2E5: receive appendEntries(s1, 2, null, 4, true, commits:[s1:c4, s0:c4, s2:c0], cId:1609, entries: [(t:2, i:0), CONFIGURATIONENTRY(current:id: "s0"
address: "localhost:34297"
dataStreamAddress: "localhost:43983"
clientAddress: "localhost:39609"
adminAddress: "localhost:37077"
startupRole: FOLLOWER
,id: "s1"
address: "localhost:38917"
dataStreamAddress: "localhost:45719"
clientAddress: "localhost:36975"
adminAddress: "localhost:40635"
startupRole: FOLLOWER
,id: "s2"
address: "localhost:35511"
dataStreamAddress: "localhost:38827"
clientAddress: "localhost:42865"
adminAddress: "localhost:36791"
startupRole: FOLLOWER
, old:), (t:2, i:1), STATEMACHINELOGENTRY, 0@client-2EFB324ADA71, (t:2, i:2), METADATAENTRY(c:1), (t:2, i:3), STATEMACHINELOGENTRY, 999@client-AE8279CAF820, (t:2, i:4), METADATAENTRY(c:3)]
2022-11-08 19:12:09,713 [s2-server-thread1] INFO  server.RaftServer$Division (RaftServerImpl.java:checkInconsistentAppendEntries(1592)) - s2@group-EA982605F2E5: Failed appendEntries as the first entry (index 0) already exists (snapshotIndex: -1, commitIndex: 0)
2022-11-08 19:12:09,713 [s2-server-thread1] INFO  server.RaftServer$Division (RaftServerImpl.java:checkInconsistentAppendEntries(1572)) - s2@group-EA982605F2E5: inconsistency entries. Reply:s1<-s2#1609:FAIL-t2,INCONSISTENCY,nextIndex=1,followerCommit=0,matchIndex=-1
2022-11-08 19:12:09,713 [grpc-default-executor-0] INFO  leader.FollowerInfo (FollowerInfoImpl.java:lambda$new$0(48)) - s1@group-EA982605F2E5->s2: nextIndex: updateUnconditionally 5 -> 1
2022-11-08 19:12:09,714 [s2-server-thread1] DEBUG server.RaftServer$Division (RaftServerImpl.java:logAppendEntries(1421)) - s2@group-EA982605F2E5: receive appendEntries(s1, 2, (t:2, i:0), 4, true, commits:[s1:c4, s0:c4, s2:c0], cId:1610, entries: [(t:2, i:1), STATEMACHINELOGENTRY, 0@client-2EFB324ADA71, (t:2, i:2), METADATAENTRY(c:1), (t:2, i:3), STATEMACHINELOGENTRY, 999@client-AE8279CAF820, (t:2, i:4), METADATAENTRY(c:3)]
2022-11-08 19:12:09,714 [s2-server-thread1] INFO  server.RaftServer$Division (RaftServerImpl.java:checkInconsistentAppendEntries(1602)) - s2@group-EA982605F2E5: Failed appendEntries as previous log entry ((t:2, i:0)) is not found
2022-11-08 19:12:09,714 [s2-server-thread1] INFO  server.RaftServer$Division (RaftServerImpl.java:checkInconsistentAppendEntries(1572)) - s2@group-EA982605F2E5: inconsistency entries. Reply:s1<-s2#1610:FAIL-t2,INCONSISTENCY,nextIndex=0,followerCommit=0,matchIndex=-1
2022-11-08 19:12:09,715 [grpc-default-executor-0] INFO  leader.FollowerInfo (FollowerInfoImpl.java:lambda$new$0(48)) - s1@group-EA982605F2E5->s2: nextIndex: updateUnconditionally 5 -> 0
2022-11-08 19:12:09,715 [s2-server-thread1] DEBUG server.RaftServer$Division (RaftServerImpl.java:logAppendEntries(1421)) - s2@group-EA982605F2E5: receive appendEntries(s1, 2, null, 4, true, commits:[s1:c4, s0:c4, s2:c0], cId:1611, entries: [(t:2, i:0), CONFIGURATIONENTRY(current:id: "s0"
address: "localhost:34297"
dataStreamAddress: "localhost:43983"
clientAddress: "localhost:39609"
adminAddress: "localhost:37077"
startupRole: FOLLOWER
,id: "s1"
address: "localhost:38917"
dataStreamAddress: "localhost:45719"
clientAddress: "localhost:36975"
adminAddress: "localhost:40635"
startupRole: FOLLOWER
,id: "s2"
address: "localhost:35511"
dataStreamAddress: "localhost:38827"
clientAddress: "localhost:42865"
adminAddress: "localhost:36791"
startupRole: FOLLOWER
, old:), (t:2, i:1), STATEMACHINELOGENTRY, 0@client-2EFB324ADA71, (t:2, i:2), METADATAENTRY(c:1), (t:2, i:3), STATEMACHINELOGENTRY, 999@client-AE8279CAF820, (t:2, i:4), METADATAENTRY(c:3)]
2022-11-08 19:12:09,715 [s2-server-thread1] INFO  server.RaftServer$Division (RaftServerImpl.java:checkInconsistentAppendEntries(1592)) - s2@group-EA982605F2E5: Failed appendEntries as the first entry (index 0) already exists (snapshotIndex: -1, commitIndex: 0)
2022-11-08 19:12:09,715 [s2-server-thread1] INFO  server.RaftServer$Division (RaftServerImpl.java:checkInconsistentAppendEntries(1572)) - s2@group-EA982605F2E5: inconsistency entries. Reply:s1<-s2#1611:FAIL-t2,INCONSISTENCY,nextIndex=1,followerCommit=0,matchIndex=-1
2022-11-08 19:12:09,716 [grpc-default-executor-0] INFO  leader.FollowerInfo (FollowerInfoImpl.java:lambda$new$0(48)) - s1@group-EA982605F2E5->s2: nextIndex: updateUnconditionally 5 -> 1
2022-11-08 19:12:09,716 [s2-server-thread1] DEBUG server.RaftServer$Division (RaftServerImpl.java:logAppendEntries(1421)) - s2@group-EA982605F2E5: receive appendEntries(s1, 2, (t:2, i:0), 4, true, commits:[s1:c4, s0:c4, s2:c0], cId:1612, entries: [(t:2, i:1), STATEMACHINELOGENTRY, 0@client-2EFB324ADA71, (t:2, i:2), METADATAENTRY(c:1), (t:2, i:3), STATEMACHINELOGENTRY, 999@client-AE8279CAF820, (t:2, i:4), METADATAENTRY(c:3)]
2022-11-08 19:12:09,716 [s2-server-thread1] INFO  server.RaftServer$Division (RaftServerImpl.java:checkInconsistentAppendEntries(1602)) - s2@group-EA982605F2E5: Failed appendEntries as previous log entry ((t:2, i:0)) is not found
2022-11-08 19:12:09,717 [s2-server-thread1] INFO  server.RaftServer$Division (RaftServerImpl.java:checkInconsistentAppendEntries(1572)) - s2@group-EA982605F2E5: inconsistency entries. Reply:s1<-s2#1612:FAIL-t2,INCONSISTENCY,nextIndex=0,followerCommit=0,matchIndex=-1
2022-11-08 19:12:09,717 [grpc-default-executor-0] INFO  leader.FollowerInfo (FollowerInfoImpl.java:lambda$new$0(48)) - s1@group-EA982605F2E5->s2: nextIndex: updateUnconditionally 5 -> 0
2022-11-08 19:12:09,717 [s2-server-thread2] DEBUG server.RaftServer$Division (RaftServerImpl.java:logAppendEntries(1421)) - s2@group-EA982605F2E5: receive appendEntries(s1, 2, null, 4, true, commits:[s1:c4, s0:c4, s2:c0], cId:1613, entries: [(t:2, i:0), CONFIGURATIONENTRY(current:id: "s0"
address: "localhost:34297"
dataStreamAddress: "localhost:43983"
clientAddress: "localhost:39609"
adminAddress: "localhost:37077"
startupRole: FOLLOWER
,id: "s1"
address: "localhost:38917"
dataStreamAddress: "localhost:45719"
clientAddress: "localhost:36975"
adminAddress: "localhost:40635"
startupRole: FOLLOWER
,id: "s2"
address: "localhost:35511"
dataStreamAddress: "localhost:38827"
clientAddress: "localhost:42865"
adminAddress: "localhost:36791"
startupRole: FOLLOWER
, old:), (t:2, i:1), STATEMACHINELOGENTRY, 0@client-2EFB324ADA71, (t:2, i:2), METADATAENTRY(c:1), (t:2, i:3), STATEMACHINELOGENTRY, 999@client-AE8279CAF820, (t:2, i:4), METADATAENTRY(c:3)]
2022-11-08 19:12:09,718 [s2-server-thread2] INFO  server.RaftServer$Division (RaftServerImpl.java:checkInconsistentAppendEntries(1592)) - s2@group-EA982605F2E5: Failed appendEntries as the first entry (index 0) already exists (snapshotIndex: -1, commitIndex: 0)
2022-11-08 19:12:09,718 [s2-server-thread2] INFO  server.RaftServer$Division (RaftServerImpl.java:checkInconsistentAppendEntries(1572)) - s2@group-EA982605F2E5: inconsistency entries. Reply:s1<-s2#1613:FAIL-t2,INCONSISTENCY,nextIndex=1,followerCommit=0,matchIndex=-1
2022-11-08 19:12:09,718 [grpc-default-executor-0] INFO  leader.FollowerInfo (FollowerInfoImpl.java:lambda$new$0(48)) - s1@group-EA982605F2E5->s2: nextIndex: updateUnconditionally 5 -> 1
2022-11-08 19:12:09,718 [s2-server-thread1] DEBUG server.RaftServer$Division (RaftServerImpl.java:logAppendEntries(1421)) - s2@group-EA982605F2E5: receive appendEntries(s1, 2, (t:2, i:0), 4, true, commits:[s1:c4, s0:c4, s2:c0], cId:1614, entries: [(t:2, i:1), STATEMACHINELOGENTRY, 0@client-2EFB324ADA71, (t:2, i:2), METADATAENTRY(c:1), (t:2, i:3), STATEMACHINELOGENTRY, 999@client-AE8279CAF820, (t:2, i:4), METADATAENTRY(c:3)]
2022-11-08 19:12:09,719 [s2-server-thread1] INFO  server.RaftServer$Division (RaftServerImpl.java:checkInconsistentAppendEntries(1602)) - s2@group-EA982605F2E5: Failed appendEntries as previous log entry ((t:2, i:0)) is not found
2022-11-08 19:12:09,719 [s2-server-thread1] INFO  server.RaftServer$Division (RaftServerImpl.java:checkInconsistentAppendEntries(1572)) - s2@group-EA982605F2E5: inconsistency entries. Reply:s1<-s2#1614:FAIL-t2,INCONSISTENCY,nextIndex=0,followerCommit=0,matchIndex=-1
2022-11-08 19:12:09,719 [grpc-default-executor-0] INFO  leader.FollowerInfo (FollowerInfoImpl.java:lambda$new$0(48)) - s1@group-EA982605F2E5->s2: nextIndex: updateUnconditionally 5 -> 0
2022-11-08 19:12:09,720 [s2-server-thread1] DEBUG server.RaftServer$Division (RaftServerImpl.java:logAppendEntries(1421)) - s2@group-EA982605F2E5: receive appendEntries(s1, 2, null, 4, true, commits:[s1:c4, s0:c4, s2:c0], cId:1615, entries: [(t:2, i:0), CONFIGURATIONENTRY(current:id: "s0"
address: "localhost:34297"
dataStreamAddress: "localhost:43983"
clientAddress: "localhost:39609"
adminAddress: "localhost:37077"
startupRole: FOLLOWER
,id: "s1"
address: "localhost:38917"
dataStreamAddress: "localhost:45719"
clientAddress: "localhost:36975"
adminAddress: "localhost:40635"
startupRole: FOLLOWER
,id: "s2"
address: "localhost:35511"
dataStreamAddress: "localhost:38827"
clientAddress: "localhost:42865"
adminAddress: "localhost:36791"
startupRole: FOLLOWER
, old:), (t:2, i:1), STATEMACHINELOGENTRY, 0@client-2EFB324ADA71, (t:2, i:2), METADATAENTRY(c:1), (t:2, i:3), STATEMACHINELOGENTRY, 999@client-AE8279CAF820, (t:2, i:4), METADATAENTRY(c:3)]
2022-11-08 19:12:09,720 [s2-server-thread1] INFO  server.RaftServer$Division (RaftServerImpl.java:checkInconsistentAppendEntries(1592)) - s2@group-EA982605F2E5: Failed appendEntries as the first entry (index 0) already exists (snapshotIndex: -1, commitIndex: 0)
2022-11-08 19:12:09,720 [s2-server-thread1] INFO  server.RaftServer$Division (RaftServerImpl.java:checkInconsistentAppendEntries(1572)) - s2@group-EA982605F2E5: inconsistency entries. Reply:s1<-s2#1615:FAIL-t2,INCONSISTENCY,nextIndex=1,followerCommit=0,matchIndex=-1
2022-11-08 19:12:09,720 [grpc-default-executor-0] INFO  leader.FollowerInfo (FollowerInfoImpl.java:lambda$new$0(48)) - s1@group-EA982605F2E5->s2: nextIndex: updateUnconditionally 5 -> 1
2022-11-08 19:12:09,721 [s2-server-thread1] DEBUG server.RaftServer$Division (RaftServerImpl.java:logAppendEntries(1421)) - s2@group-EA982605F2E5: receive appendEntries(s1, 2, (t:2, i:0), 4, true, commits:[s1:c4, s0:c4, s2:c0], cId:1616, entries: [(t:2, i:1), STATEMACHINELOGENTRY, 0@client-2EFB324ADA71, (t:2, i:2), METADATAENTRY(c:1), (t:2, i:3), STATEMACHINELOGENTRY, 999@client-AE8279CAF820, (t:2, i:4), METADATAENTRY(c:3)]
2022-11-08 19:12:09,721 [s2-server-thread1] INFO  server.RaftServer$Division (RaftServerImpl.java:checkInconsistentAppendEntries(1602)) - s2@group-EA982605F2E5: Failed appendEntries as previous log entry ((t:2, i:0)) is not found
2022-11-08 19:12:09,721 [s2-server-thread1] INFO  server.RaftServer$Division (RaftServerImpl.java:checkInconsistentAppendEntries(1572)) - s2@group-EA982605F2E5: inconsistency entries. Reply:s1<-s2#1616:FAIL-t2,INCONSISTENCY,nextIndex=0,followerCommit=0,matchIndex=-1
2022-11-08 19:12:09,722 [grpc-default-executor-0] INFO  leader.FollowerInfo (FollowerInfoImpl.java:lambda$new$0(48)) - s1@group-EA982605F2E5->s2: nextIndex: updateUnconditionally 5 -> 0
2022-11-08 19:12:09,722 [s2-server-thread2] DEBUG server.RaftServer$Division (RaftServerImpl.java:logAppendEntries(1421)) - s2@group-EA982605F2E5: receive appendEntries(s1, 2, null, 4, true, commits:[s1:c4, s0:c4, s2:c0], cId:1617, entries: [(t:2, i:0), CONFIGURATIONENTRY(current:id: "s0"
address: "localhost:34297"
dataStreamAddress: "localhost:43983"
clientAddress: "localhost:39609"
adminAddress: "localhost:37077"
startupRole: FOLLOWER
,id: "s1"
address: "localhost:38917"
dataStreamAddress: "localhost:45719"
clientAddress: "localhost:36975"
adminAddress: "localhost:40635"
startupRole: FOLLOWER
,id: "s2"
address: "localhost:35511"
dataStreamAddress: "localhost:38827"
clientAddress: "localhost:42865"
adminAddress: "localhost:36791"
startupRole: FOLLOWER
, old:), (t:2, i:1), STATEMACHINELOGENTRY, 0@client-2EFB324ADA71, (t:2, i:2), METADATAENTRY(c:1), (t:2, i:3), STATEMACHINELOGENTRY, 999@client-AE8279CAF820, (t:2, i:4), METADATAENTRY(c:3)]
2022-11-08 19:12:09,722 [s2-server-thread2] INFO  server.RaftServer$Division (RaftServerImpl.java:checkInconsistentAppendEntries(1592)) - s2@group-EA982605F2E5: Failed appendEntries as the first entry (index 0) already exists (snapshotIndex: -1, commitIndex: 0)
2022-11-08 19:12:09,722 [s2-server-thread2] INFO  server.RaftServer$Division (RaftServerImpl.java:checkInconsistentAppendEntries(1572)) - s2@group-EA982605F2E5: inconsistency entries. Reply:s1<-s2#1617:FAIL-t2,INCONSISTENCY,nextIndex=1,followerCommit=0,matchIndex=-1
2022-11-08 19:12:09,723 [grpc-default-executor-0] INFO  leader.FollowerInfo (FollowerInfoImpl.java:lambda$new$0(48)) - s1@group-EA982605F2E5->s2: nextIndex: updateUnconditionally 5 -> 1
2022-11-08 19:12:09,723 [s2-server-thread1] DEBUG server.RaftServer$Division (RaftServerImpl.java:logAppendEntries(1421)) - s2@group-EA982605F2E5: receive appendEntries(s1, 2, (t:2, i:0), 4, true, commits:[s1:c4, s0:c4, s2:c0], cId:1618, entries: [(t:2, i:1), STATEMACHINELOGENTRY, 0@client-2EFB324ADA71, (t:2, i:2), METADATAENTRY(c:1), (t:2, i:3), STATEMACHINELOGENTRY, 999@client-AE8279CAF820, (t:2, i:4), METADATAENTRY(c:3)]
2022-11-08 19:12:09,723 [s2-server-thread1] INFO  server.RaftServer$Division (RaftServerImpl.java:checkInconsistentAppendEntries(1602)) - s2@group-EA982605F2E5: Failed appendEntries as previous log entry ((t:2, i:0)) is not found
2022-11-08 19:12:09,723 [s2-server-thread1] INFO  server.RaftServer$Division (RaftServerImpl.java:checkInconsistentAppendEntries(1572)) - s2@group-EA982605F2E5: inconsistency entries. Reply:s1<-s2#1618:FAIL-t2,INCONSISTENCY,nextIndex=0,followerCommit=0,matchIndex=-1
2022-11-08 19:12:09,724 [grpc-default-executor-0] INFO  leader.FollowerInfo (FollowerInfoImpl.java:lambda$new$0(48)) - s1@group-EA982605F2E5->s2: nextIndex: updateUnconditionally 5 -> 0
2022-11-08 19:12:09,724 [s2-server-thread1] DEBUG server.RaftServer$Division (RaftServerImpl.java:logAppendEntries(1421)) - s2@group-EA982605F2E5: receive appendEntries(s1, 2, null, 4, true, commits:[s1:c4, s0:c4, s2:c0], cId:1619, entries: [(t:2, i:0), CONFIGURATIONENTRY(current:id: "s0"
address: "localhost:34297"
dataStreamAddress: "localhost:43983"
clientAddress: "localhost:39609"
adminAddress: "localhost:37077"
startupRole: FOLLOWER
,id: "s1"
address: "localhost:38917"
dataStreamAddress: "localhost:45719"
clientAddress: "localhost:36975"
adminAddress: "localhost:40635"
startupRole: FOLLOWER
,id: "s2"
address: "localhost:35511"
dataStreamAddress: "localhost:38827"
clientAddress: "localhost:42865"
adminAddress: "localhost:36791"
startupRole: FOLLOWER
, old:), (t:2, i:1), STATEMACHINELOGENTRY, 0@client-2EFB324ADA71, (t:2, i:2), METADATAENTRY(c:1), (t:2, i:3), STATEMACHINELOGENTRY, 999@client-AE8279CAF820, (t:2, i:4), METADATAENTRY(c:3)]
2022-11-08 19:12:09,725 [s2-server-thread1] INFO  server.RaftServer$Division (RaftServerImpl.java:checkInconsistentAppendEntries(1592)) - s2@group-EA982605F2E5: Failed appendEntries as the first entry (index 0) already exists (snapshotIndex: -1, commitIndex: 0)
2022-11-08 19:12:09,725 [s2-server-thread1] INFO  server.RaftServer$Division (RaftServerImpl.java:checkInconsistentAppendEntries(1572)) - s2@group-EA982605F2E5: inconsistency entries. Reply:s1<-s2#1619:FAIL-t2,INCONSISTENCY,nextIndex=1,followerCommit=0,matchIndex=-1
2022-11-08 19:12:09,725 [grpc-default-executor-0] INFO  leader.FollowerInfo (FollowerInfoImpl.java:lambda$new$0(48)) - s1@group-EA982605F2E5->s2: nextIndex: updateUnconditionally 5 -> 1
2022-11-08 19:12:09,725 [s2-server-thread1] DEBUG server.RaftServer$Division (RaftServerImpl.java:logAppendEntries(1421)) - s2@group-EA982605F2E5: receive appendEntries(s1, 2, (t:2, i:0), 4, true, commits:[s1:c4, s0:c4, s2:c0], cId:1620, entries: [(t:2, i:1), STATEMACHINELOGENTRY, 0@client-2EFB324ADA71, (t:2, i:2), METADATAENTRY(c:1), (t:2, i:3), STATEMACHINELOGENTRY, 999@client-AE8279CAF820, (t:2, i:4), METADATAENTRY(c:3)]
2022-11-08 19:12:09,726 [s2-server-thread1] INFO  server.RaftServer$Division (RaftServerImpl.java:checkInconsistentAppendEntries(1602)) - s2@group-EA982605F2E5: Failed appendEntries as previous log entry ((t:2, i:0)) is not found
2022-11-08 19:12:09,726 [s2-server-thread1] INFO  server.RaftServer$Division (RaftServerImpl.java:checkInconsistentAppendEntries(1572)) - s2@group-EA982605F2E5: inconsistency entries. Reply:s1<-s2#1620:FAIL-t2,INCONSISTENCY,nextIndex=0,followerCommit=0,matchIndex=-1
2022-11-08 19:12:09,726 [grpc-default-executor-0] INFO  leader.FollowerInfo (FollowerInfoImpl.java:lambda$new$0(48)) - s1@group-EA982605F2E5->s2: nextIndex: updateUnconditionally 5 -> 0
2022-11-08 19:12:09,727 [s2-server-thread1] DEBUG server.RaftServer$Division (RaftServerImpl.java:logAppendEntries(1421)) - s2@group-EA982605F2E5: receive appendEntries(s1, 2, null, 4, true, commits:[s1:c4, s0:c4, s2:c0], cId:1621, entries: [(t:2, i:0), CONFIGURATIONENTRY(current:id: "s0"
address: "localhost:34297"
dataStreamAddress: "localhost:43983"
clientAddress: "localhost:39609"
adminAddress: "localhost:37077"
startupRole: FOLLOWER
,id: "s1"
address: "localhost:38917"
dataStreamAddress: "localhost:45719"
clientAddress: "localhost:36975"
adminAddress: "localhost:40635"
startupRole: FOLLOWER
,id: "s2"
address: "localhost:35511"
dataStreamAddress: "localhost:38827"
clientAddress: "localhost:42865"
adminAddress: "localhost:36791"
startupRole: FOLLOWER
, old:), (t:2, i:1), STATEMACHINELOGENTRY, 0@client-2EFB324ADA71, (t:2, i:2), METADATAENTRY(c:1), (t:2, i:3), STATEMACHINELOGENTRY, 999@client-AE8279CAF820, (t:2, i:4), METADATAENTRY(c:3)]
2022-11-08 19:12:09,727 [s2-server-thread1] INFO  server.RaftServer$Division (RaftServerImpl.java:checkInconsistentAppendEntries(1592)) - s2@group-EA982605F2E5: Failed appendEntries as the first entry (index 0) already exists (snapshotIndex: -1, commitIndex: 0)
2022-11-08 19:12:09,727 [s2-server-thread1] INFO  server.RaftServer$Division (RaftServerImpl.java:checkInconsistentAppendEntries(1572)) - s2@group-EA982605F2E5: inconsistency entries. Reply:s1<-s2#1621:FAIL-t2,INCONSISTENCY,nextIndex=1,followerCommit=0,matchIndex=-1
2022-11-08 19:12:09,727 [grpc-default-executor-0] INFO  leader.FollowerInfo (FollowerInfoImpl.java:lambda$new$0(48)) - s1@group-EA982605F2E5->s2: nextIndex: updateUnconditionally 5 -> 1
2022-11-08 19:12:09,728 [s2-server-thread2] DEBUG server.RaftServer$Division (RaftServerImpl.java:logAppendEntries(1421)) - s2@group-EA982605F2E5: receive appendEntries(s1, 2, (t:2, i:0), 4, true, commits:[s1:c4, s0:c4, s2:c0], cId:1622, entries: [(t:2, i:1), STATEMACHINELOGENTRY, 0@client-2EFB324ADA71, (t:2, i:2), METADATAENTRY(c:1), (t:2, i:3), STATEMACHINELOGENTRY, 999@client-AE8279CAF820, (t:2, i:4), METADATAENTRY(c:3)]
2022-11-08 19:12:09,728 [s2-server-thread2] INFO  server.RaftServer$Division (RaftServerImpl.java:checkInconsistentAppendEntries(1602)) - s2@group-EA982605F2E5: Failed appendEntries as previous log entry ((t:2, i:0)) is not found
2022-11-08 19:12:09,728 [s2-server-thread2] INFO  server.RaftServer$Division (RaftServerImpl.java:checkInconsistentAppendEntries(1572)) - s2@group-EA982605F2E5: inconsistency entries. Reply:s1<-s2#1622:FAIL-t2,INCONSISTENCY,nextIndex=0,followerCommit=0,matchIndex=-1
2022-11-08 19:12:09,728 [grpc-default-executor-0] INFO  leader.FollowerInfo (FollowerInfoImpl.java:lambda$new$0(48)) - s1@group-EA982605F2E5->s2: nextIndex: updateUnconditionally 5 -> 0
2022-11-08 19:12:09,729 [s2-server-thread1] DEBUG server.RaftServer$Division (RaftServerImpl.java:logAppendEntries(1421)) - s2@group-EA982605F2E5: receive appendEntries(s1, 2, null, 4, true, commits:[s1:c4, s0:c4, s2:c0], cId:1623, entries: [(t:2, i:0), CONFIGURATIONENTRY(current:id: "s0"
address: "localhost:34297"
dataStreamAddress: "localhost:43983"
clientAddress: "localhost:39609"
adminAddress: "localhost:37077"
startupRole: FOLLOWER
,id: "s1"
address: "localhost:38917"
dataStreamAddress: "localhost:45719"
clientAddress: "localhost:36975"
adminAddress: "localhost:40635"
startupRole: FOLLOWER
,id: "s2"
address: "localhost:35511"
dataStreamAddress: "localhost:38827"
clientAddress: "localhost:42865"
adminAddress: "localhost:36791"
startupRole: FOLLOWER
, old:), (t:2, i:1), STATEMACHINELOGENTRY, 0@client-2EFB324ADA71, (t:2, i:2), METADATAENTRY(c:1), (t:2, i:3), STATEMACHINELOGENTRY, 999@client-AE8279CAF820, (t:2, i:4), METADATAENTRY(c:3)]
2022-11-08 19:12:09,729 [s2-server-thread1] INFO  server.RaftServer$Division (RaftServerImpl.java:checkInconsistentAppendEntries(1592)) - s2@group-EA982605F2E5: Failed appendEntries as the first entry (index 0) already exists (snapshotIndex: -1, commitIndex: 0)
2022-11-08 19:12:09,729 [s2-server-thread1] INFO  server.RaftServer$Division (RaftServerImpl.java:checkInconsistentAppendEntries(1572)) - s2@group-EA982605F2E5: inconsistency entries. Reply:s1<-s2#1623:FAIL-t2,INCONSISTENCY,nextIndex=1,followerCommit=0,matchIndex=-1
2022-11-08 19:12:09,729 [grpc-default-executor-0] INFO  leader.FollowerInfo (FollowerInfoImpl.java:lambda$new$0(48)) - s1@group-EA982605F2E5->s2: nextIndex: updateUnconditionally 5 -> 1
2022-11-08 19:12:09,730 [s2-server-thread1] DEBUG server.RaftServer$Division (RaftServerImpl.java:logAppendEntries(1421)) - s2@group-EA982605F2E5: receive appendEntries(s1, 2, (t:2, i:0), 4, true, commits:[s1:c4, s0:c4, s2:c0], cId:1624, entries: [(t:2, i:1), STATEMACHINELOGENTRY, 0@client-2EFB324ADA71, (t:2, i:2), METADATAENTRY(c:1), (t:2, i:3), STATEMACHINELOGENTRY, 999@client-AE8279CAF820, (t:2, i:4), METADATAENTRY(c:3)]
2022-11-08 19:12:09,730 [s2-server-thread1] INFO  server.RaftServer$Division (RaftServerImpl.java:checkInconsistentAppendEntries(1602)) - s2@group-EA982605F2E5: Failed appendEntries as previous log entry ((t:2, i:0)) is not found
2022-11-08 19:12:09,730 [s2-server-thread1] INFO  server.RaftServer$Division (RaftServerImpl.java:checkInconsistentAppendEntries(1572)) - s2@group-EA982605F2E5: inconsistency entries. Reply:s1<-s2#1624:FAIL-t2,INCONSISTENCY,nextIndex=0,followerCommit=0,matchIndex=-1
2022-11-08 19:12:09,731 [grpc-default-executor-0] INFO  leader.FollowerInfo (FollowerInfoImpl.java:lambda$new$0(48)) - s1@group-EA982605F2E5->s2: nextIndex: updateUnconditionally 5 -> 0
2022-11-08 19:12:09,734 [s2-server-thread2] DEBUG server.RaftServer$Division (RaftServerImpl.java:logAppendEntries(1421)) - s2@group-EA982605F2E5: receive appendEntries(s1, 2, null, 4, true, commits:[s1:c4, s0:c4, s2:c0], cId:1625, entries: [(t:2, i:0), CONFIGURATIONENTRY(current:id: "s0"
address: "localhost:34297"
dataStreamAddress: "localhost:43983"
clientAddress: "localhost:39609"
adminAddress: "localhost:37077"
startupRole: FOLLOWER
,id: "s1"
address: "localhost:38917"
dataStreamAddress: "localhost:45719"
clientAddress: "localhost:36975"
adminAddress: "localhost:40635"
startupRole: FOLLOWER
,id: "s2"
address: "localhost:35511"
dataStreamAddress: "localhost:38827"
clientAddress: "localhost:42865"
adminAddress: "localhost:36791"
startupRole: FOLLOWER
, old:), (t:2, i:1), STATEMACHINELOGENTRY, 0@client-2EFB324ADA71, (t:2, i:2), METADATAENTRY(c:1), (t:2, i:3), STATEMACHINELOGENTRY, 999@client-AE8279CAF820, (t:2, i:4), METADATAENTRY(c:3)]
2022-11-08 19:12:09,734 [s2-server-thread2] INFO  server.RaftServer$Division (RaftServerImpl.java:checkInconsistentAppendEntries(1592)) - s2@group-EA982605F2E5: Failed appendEntries as the first entry (index 0) already exists (snapshotIndex: -1, commitIndex: 0)
2022-11-08 19:12:09,734 [s2-server-thread2] INFO  server.RaftServer$Division (RaftServerImpl.java:checkInconsistentAppendEntries(1572)) - s2@group-EA982605F2E5: inconsistency entries. Reply:s1<-s2#1625:FAIL-t2,INCONSISTENCY,nextIndex=1,followerCommit=0,matchIndex=-1
2022-11-08 19:12:09,735 [grpc-default-executor-0] INFO  leader.FollowerInfo (FollowerInfoImpl.java:lambda$new$0(48)) - s1@group-EA982605F2E5->s2: nextIndex: updateUnconditionally 5 -> 1
2022-11-08 19:12:09,735 [s2-server-thread1] DEBUG server.RaftServer$Division (RaftServerImpl.java:logAppendEntries(1421)) - s2@group-EA982605F2E5: receive appendEntries(s1, 2, (t:2, i:0), 4, true, commits:[s1:c4, s0:c4, s2:c0], cId:1626, entries: [(t:2, i:1), STATEMACHINELOGENTRY, 0@client-2EFB324ADA71, (t:2, i:2), METADATAENTRY(c:1), (t:2, i:3), STATEMACHINELOGENTRY, 999@client-AE8279CAF820, (t:2, i:4), METADATAENTRY(c:3)]
2022-11-08 19:12:09,736 [s2-server-thread1] INFO  server.RaftServer$Division (RaftServerImpl.java:checkInconsistentAppendEntries(1602)) - s2@group-EA982605F2E5: Failed appendEntries as previous log entry ((t:2, i:0)) is not found
2022-11-08 19:12:09,736 [s2-server-thread1] INFO  server.RaftServer$Division (RaftServerImpl.java:checkInconsistentAppendEntries(1572)) - s2@group-EA982605F2E5: inconsistency entries. Reply:s1<-s2#1626:FAIL-t2,INCONSISTENCY,nextIndex=0,followerCommit=0,matchIndex=-1
2022-11-08 19:12:09,736 [grpc-default-executor-0] INFO  leader.FollowerInfo (FollowerInfoImpl.java:lambda$new$0(48)) - s1@group-EA982605F2E5->s2: nextIndex: updateUnconditionally 5 -> 0
2022-11-08 19:12:09,737 [s2-server-thread1] DEBUG server.RaftServer$Division (RaftServerImpl.java:logAppendEntries(1421)) - s2@group-EA982605F2E5: receive appendEntries(s1, 2, null, 4, true, commits:[s1:c4, s0:c4, s2:c0], cId:1627, entries: [(t:2, i:0), CONFIGURATIONENTRY(current:id: "s0"
address: "localhost:34297"
dataStreamAddress: "localhost:43983"
clientAddress: "localhost:39609"
adminAddress: "localhost:37077"
startupRole: FOLLOWER
,id: "s1"
address: "localhost:38917"
dataStreamAddress: "localhost:45719"
clientAddress: "localhost:36975"
adminAddress: "localhost:40635"
startupRole: FOLLOWER
,id: "s2"
address: "localhost:35511"
dataStreamAddress: "localhost:38827"
clientAddress: "localhost:42865"
adminAddress: "localhost:36791"
startupRole: FOLLOWER
, old:), (t:2, i:1), STATEMACHINELOGENTRY, 0@client-2EFB324ADA71, (t:2, i:2), METADATAENTRY(c:1), (t:2, i:3), STATEMACHINELOGENTRY, 999@client-AE8279CAF820, (t:2, i:4), METADATAENTRY(c:3)]
2022-11-08 19:12:09,737 [s2-server-thread1] INFO  server.RaftServer$Division (RaftServerImpl.java:checkInconsistentAppendEntries(1592)) - s2@group-EA982605F2E5: Failed appendEntries as the first entry (index 0) already exists (snapshotIndex: -1, commitIndex: 0)
2022-11-08 19:12:09,737 [s2-server-thread1] INFO  server.RaftServer$Division (RaftServerImpl.java:checkInconsistentAppendEntries(1572)) - s2@group-EA982605F2E5: inconsistency entries. Reply:s1<-s2#1627:FAIL-t2,INCONSISTENCY,nextIndex=1,followerCommit=0,matchIndex=-1
2022-11-08 19:12:09,738 [grpc-default-executor-3] INFO  leader.FollowerInfo (FollowerInfoImpl.java:lambda$new$0(48)) - s1@group-EA982605F2E5->s2: nextIndex: updateUnconditionally 5 -> 1
2022-11-08 19:12:09,738 [s2-server-thread1] DEBUG server.RaftServer$Division (RaftServerImpl.java:logAppendEntries(1421)) - s2@group-EA982605F2E5: receive appendEntries(s1, 2, (t:2, i:0), 4, true, commits:[s1:c4, s0:c4, s2:c0], cId:1628, entries: [(t:2, i:1), STATEMACHINELOGENTRY, 0@client-2EFB324ADA71, (t:2, i:2), METADATAENTRY(c:1), (t:2, i:3), STATEMACHINELOGENTRY, 999@client-AE8279CAF820, (t:2, i:4), METADATAENTRY(c:3)]
2022-11-08 19:12:09,738 [s2-server-thread1] INFO  server.RaftServer$Division (RaftServerImpl.java:checkInconsistentAppendEntries(1602)) - s2@group-EA982605F2E5: Failed appendEntries as previous log entry ((t:2, i:0)) is not found
2022-11-08 19:12:09,739 [s2-server-thread1] INFO  server.RaftServer$Division (RaftServerImpl.java:checkInconsistentAppendEntries(1572)) - s2@group-EA982605F2E5: inconsistency entries. Reply:s1<-s2#1628:FAIL-t2,INCONSISTENCY,nextIndex=0,followerCommit=0,matchIndex=-1
2022-11-08 19:12:09,739 [grpc-default-executor-3] INFO  leader.FollowerInfo (FollowerInfoImpl.java:lambda$new$0(48)) - s1@group-EA982605F2E5->s2: nextIndex: updateUnconditionally 5 -> 0
2022-11-08 19:12:09,740 [s2-server-thread1] DEBUG server.RaftServer$Division (RaftServerImpl.java:logAppendEntries(1421)) - s2@group-EA982605F2E5: receive appendEntries(s1, 2, null, 4, true, commits:[s1:c4, s0:c4, s2:c0], cId:1629, entries: [(t:2, i:0), CONFIGURATIONENTRY(current:id: "s0"
address: "localhost:34297"
dataStreamAddress: "localhost:43983"
clientAddress: "localhost:39609"
adminAddress: "localhost:37077"
startupRole: FOLLOWER
,id: "s1"
address: "localhost:38917"
dataStreamAddress: "localhost:45719"
clientAddress: "localhost:36975"
adminAddress: "localhost:40635"
startupRole: FOLLOWER
,id: "s2"
address: "localhost:35511"
dataStreamAddress: "localhost:38827"
clientAddress: "localhost:42865"
adminAddress: "localhost:36791"
startupRole: FOLLOWER
, old:), (t:2, i:1), STATEMACHINELOGENTRY, 0@client-2EFB324ADA71, (t:2, i:2), METADATAENTRY(c:1), (t:2, i:3), STATEMACHINELOGENTRY, 999@client-AE8279CAF820, (t:2, i:4), METADATAENTRY(c:3)]
2022-11-08 19:12:09,740 [s2-server-thread1] INFO  server.RaftServer$Division (RaftServerImpl.java:checkInconsistentAppendEntries(1592)) - s2@group-EA982605F2E5: Failed appendEntries as the first entry (index 0) already exists (snapshotIndex: -1, commitIndex: 0)
2022-11-08 19:12:09,740 [s2-server-thread1] INFO  server.RaftServer$Division (RaftServerImpl.java:checkInconsistentAppendEntries(1572)) - s2@group-EA982605F2E5: inconsistency entries. Reply:s1<-s2#1629:FAIL-t2,INCONSISTENCY,nextIndex=1,followerCommit=0,matchIndex=-1
2022-11-08 19:12:09,740 [grpc-default-executor-3] INFO  leader.FollowerInfo (FollowerInfoImpl.java:lambda$new$0(48)) - s1@group-EA982605F2E5->s2: nextIndex: updateUnconditionally 5 -> 1
2022-11-08 19:12:09,741 [s2-server-thread1] DEBUG server.RaftServer$Division (RaftServerImpl.java:logAppendEntries(1421)) - s2@group-EA982605F2E5: receive appendEntries(s1, 2, (t:2, i:0), 4, true, commits:[s1:c4, s0:c4, s2:c0], cId:1630, entries: [(t:2, i:1), STATEMACHINELOGENTRY, 0@client-2EFB324ADA71, (t:2, i:2), METADATAENTRY(c:1), (t:2, i:3), STATEMACHINELOGENTRY, 999@client-AE8279CAF820, (t:2, i:4), METADATAENTRY(c:3)]
2022-11-08 19:12:09,741 [s2-server-thread1] INFO  server.RaftServer$Division (RaftServerImpl.java:checkInconsistentAppendEntries(1602)) - s2@group-EA982605F2E5: Failed appendEntries as previous log entry ((t:2, i:0)) is not found
2022-11-08 19:12:09,741 [s2-server-thread1] INFO  server.RaftServer$Division (RaftServerImpl.java:checkInconsistentAppendEntries(1572)) - s2@group-EA982605F2E5: inconsistency entries. Reply:s1<-s2#1630:FAIL-t2,INCONSISTENCY,nextIndex=0,followerCommit=0,matchIndex=-1
2022-11-08 19:12:09,741 [grpc-default-executor-3] INFO  leader.FollowerInfo (FollowerInfoImpl.java:lambda$new$0(48)) - s1@group-EA982605F2E5->s2: nextIndex: updateUnconditionally 5 -> 0
2022-11-08 19:12:09,742 [s2-server-thread1] DEBUG server.RaftServer$Division (RaftServerImpl.java:logAppendEntries(1421)) - s2@group-EA982605F2E5: receive appendEntries(s1, 2, null, 4, true, commits:[s1:c4, s0:c4, s2:c0], cId:1631, entries: [(t:2, i:0), CONFIGURATIONENTRY(current:id: "s0"
address: "localhost:34297"
dataStreamAddress: "localhost:43983"
clientAddress: "localhost:39609"
adminAddress: "localhost:37077"
startupRole: FOLLOWER
,id: "s1"
address: "localhost:38917"
dataStreamAddress: "localhost:45719"
clientAddress: "localhost:36975"
adminAddress: "localhost:40635"
startupRole: FOLLOWER
,id: "s2"
address: "localhost:35511"
dataStreamAddress: "localhost:38827"
clientAddress: "localhost:42865"
adminAddress: "localhost:36791"
startupRole: FOLLOWER
, old:), (t:2, i:1), STATEMACHINELOGENTRY, 0@client-2EFB324ADA71, (t:2, i:2), METADATAENTRY(c:1), (t:2, i:3), STATEMACHINELOGENTRY, 999@client-AE8279CAF820, (t:2, i:4), METADATAENTRY(c:3)]
2022-11-08 19:12:09,742 [s2-server-thread1] INFO  server.RaftServer$Division (RaftServerImpl.java:checkInconsistentAppendEntries(1592)) - s2@group-EA982605F2E5: Failed appendEntries as the first entry (index 0) already exists (snapshotIndex: -1, commitIndex: 0)
2022-11-08 19:12:09,742 [s2-server-thread1] INFO  server.RaftServer$Division (RaftServerImpl.java:checkInconsistentAppendEntries(1572)) - s2@group-EA982605F2E5: inconsistency entries. Reply:s1<-s2#1631:FAIL-t2,INCONSISTENCY,nextIndex=1,followerCommit=0,matchIndex=-1
2022-11-08 19:12:09,743 [grpc-default-executor-3] INFO  leader.FollowerInfo (FollowerInfoImpl.java:lambda$new$0(48)) - s1@group-EA982605F2E5->s2: nextIndex: updateUnconditionally 5 -> 1
2022-11-08 19:12:09,745 [s2-server-thread1] DEBUG server.RaftServer$Division (RaftServerImpl.java:logAppendEntries(1421)) - s2@group-EA982605F2E5: receive appendEntries(s1, 2, (t:2, i:0), 4, true, commits:[s1:c4, s0:c4, s2:c0], cId:1632, entries: [(t:2, i:1), STATEMACHINELOGENTRY, 0@client-2EFB324ADA71, (t:2, i:2), METADATAENTRY(c:1), (t:2, i:3), STATEMACHINELOGENTRY, 999@client-AE8279CAF820, (t:2, i:4), METADATAENTRY(c:3)]
2022-11-08 19:12:09,745 [s2-server-thread1] INFO  server.RaftServer$Division (RaftServerImpl.java:checkInconsistentAppendEntries(1602)) - s2@group-EA982605F2E5: Failed appendEntries as previous log entry ((t:2, i:0)) is not found
2022-11-08 19:12:09,745 [s2-server-thread1] INFO  server.RaftServer$Division (RaftServerImpl.java:checkInconsistentAppendEntries(1572)) - s2@group-EA982605F2E5: inconsistency entries. Reply:s1<-s2#1632:FAIL-t2,INCONSISTENCY,nextIndex=0,followerCommit=0,matchIndex=-1
2022-11-08 19:12:09,745 [grpc-default-executor-3] INFO  leader.FollowerInfo (FollowerInfoImpl.java:lambda$new$0(48)) - s1@group-EA982605F2E5->s2: nextIndex: updateUnconditionally 5 -> 0
2022-11-08 19:12:09,746 [s2-server-thread1] DEBUG server.RaftServer$Division (RaftServerImpl.java:logAppendEntries(1421)) - s2@group-EA982605F2E5: receive appendEntries(s1, 2, null, 4, true, commits:[s1:c4, s0:c4, s2:c0], cId:1633, entries: [(t:2, i:0), CONFIGURATIONENTRY(current:id: "s0"
address: "localhost:34297"
dataStreamAddress: "localhost:43983"
clientAddress: "localhost:39609"
adminAddress: "localhost:37077"
startupRole: FOLLOWER
,id: "s1"
address: "localhost:38917"
dataStreamAddress: "localhost:45719"
clientAddress: "localhost:36975"
adminAddress: "localhost:40635"
startupRole: FOLLOWER
,id: "s2"
address: "localhost:35511"
dataStreamAddress: "localhost:38827"
clientAddress: "localhost:42865"
adminAddress: "localhost:36791"
startupRole: FOLLOWER
, old:), (t:2, i:1), STATEMACHINELOGENTRY, 0@client-2EFB324ADA71, (t:2, i:2), METADATAENTRY(c:1), (t:2, i:3), STATEMACHINELOGENTRY, 999@client-AE8279CAF820, (t:2, i:4), METADATAENTRY(c:3)]
2022-11-08 19:12:09,746 [s2-server-thread1] INFO  server.RaftServer$Division (RaftServerImpl.java:checkInconsistentAppendEntries(1592)) - s2@group-EA982605F2E5: Failed appendEntries as the first entry (index 0) already exists (snapshotIndex: -1, commitIndex: 0)
2022-11-08 19:12:09,746 [s2-server-thread1] INFO  server.RaftServer$Division (RaftServerImpl.java:checkInconsistentAppendEntries(1572)) - s2@group-EA982605F2E5: inconsistency entries. Reply:s1<-s2#1633:FAIL-t2,INCONSISTENCY,nextIndex=1,followerCommit=0,matchIndex=-1
2022-11-08 19:12:09,746 [grpc-default-executor-3] INFO  leader.FollowerInfo (FollowerInfoImpl.java:lambda$new$0(48)) - s1@group-EA982605F2E5->s2: nextIndex: updateUnconditionally 5 -> 1
2022-11-08 19:12:09,747 [s2-server-thread1] DEBUG server.RaftServer$Division (RaftServerImpl.java:logAppendEntries(1421)) - s2@group-EA982605F2E5: receive appendEntries(s1, 2, (t:2, i:0), 4, true, commits:[s1:c4, s0:c4, s2:c0], cId:1634, entries: [(t:2, i:1), STATEMACHINELOGENTRY, 0@client-2EFB324ADA71, (t:2, i:2), METADATAENTRY(c:1), (t:2, i:3), STATEMACHINELOGENTRY, 999@client-AE8279CAF820, (t:2, i:4), METADATAENTRY(c:3)]
2022-11-08 19:12:09,747 [s2-server-thread1] INFO  server.RaftServer$Division (RaftServerImpl.java:checkInconsistentAppendEntries(1602)) - s2@group-EA982605F2E5: Failed appendEntries as previous log entry ((t:2, i:0)) is not found
2022-11-08 19:12:09,747 [s2-server-thread1] INFO  server.RaftServer$Division (RaftServerImpl.java:checkInconsistentAppendEntries(1572)) - s2@group-EA982605F2E5: inconsistency entries. Reply:s1<-s2#1634:FAIL-t2,INCONSISTENCY,nextIndex=0,followerCommit=0,matchIndex=-1
2022-11-08 19:12:09,748 [grpc-default-executor-3] INFO  leader.FollowerInfo (FollowerInfoImpl.java:lambda$new$0(48)) - s1@group-EA982605F2E5->s2: nextIndex: updateUnconditionally 5 -> 0
2022-11-08 19:12:09,748 [s2-server-thread1] DEBUG server.RaftServer$Division (RaftServerImpl.java:logAppendEntries(1421)) - s2@group-EA982605F2E5: receive appendEntries(s1, 2, null, 4, true, commits:[s1:c4, s0:c4, s2:c0], cId:1635, entries: [(t:2, i:0), CONFIGURATIONENTRY(current:id: "s0"
address: "localhost:34297"
dataStreamAddress: "localhost:43983"
clientAddress: "localhost:39609"
adminAddress: "localhost:37077"
startupRole: FOLLOWER
,id: "s1"
address: "localhost:38917"
dataStreamAddress: "localhost:45719"
clientAddress: "localhost:36975"
adminAddress: "localhost:40635"
startupRole: FOLLOWER
,id: "s2"
address: "localhost:35511"
dataStreamAddress: "localhost:38827"
clientAddress: "localhost:42865"
adminAddress: "localhost:36791"
startupRole: FOLLOWER
, old:), (t:2, i:1), STATEMACHINELOGENTRY, 0@client-2EFB324ADA71, (t:2, i:2), METADATAENTRY(c:1), (t:2, i:3), STATEMACHINELOGENTRY, 999@client-AE8279CAF820, (t:2, i:4), METADATAENTRY(c:3)]
2022-11-08 19:12:09,749 [s2-server-thread1] INFO  server.RaftServer$Division (RaftServerImpl.java:checkInconsistentAppendEntries(1592)) - s2@group-EA982605F2E5: Failed appendEntries as the first entry (index 0) already exists (snapshotIndex: -1, commitIndex: 0)
2022-11-08 19:12:09,749 [s2-server-thread1] INFO  server.RaftServer$Division (RaftServerImpl.java:checkInconsistentAppendEntries(1572)) - s2@group-EA982605F2E5: inconsistency entries. Reply:s1<-s2#1635:FAIL-t2,INCONSISTENCY,nextIndex=1,followerCommit=0,matchIndex=-1
2022-11-08 19:12:09,749 [grpc-default-executor-3] INFO  leader.FollowerInfo (FollowerInfoImpl.java:lambda$new$0(48)) - s1@group-EA982605F2E5->s2: nextIndex: updateUnconditionally 5 -> 1
2022-11-08 19:12:09,750 [s2-server-thread1] DEBUG server.RaftServer$Division (RaftServerImpl.java:logAppendEntries(1421)) - s2@group-EA982605F2E5: receive appendEntries(s1, 2, (t:2, i:0), 4, true, commits:[s1:c4, s0:c4, s2:c0], cId:1636, entries: [(t:2, i:1), STATEMACHINELOGENTRY, 0@client-2EFB324ADA71, (t:2, i:2), METADATAENTRY(c:1), (t:2, i:3), STATEMACHINELOGENTRY, 999@client-AE8279CAF820, (t:2, i:4), METADATAENTRY(c:3)]
2022-11-08 19:12:09,750 [s2-server-thread1] INFO  server.RaftServer$Division (RaftServerImpl.java:checkInconsistentAppendEntries(1602)) - s2@group-EA982605F2E5: Failed appendEntries as previous log entry ((t:2, i:0)) is not found
2022-11-08 19:12:09,750 [s2-server-thread1] INFO  server.RaftServer$Division (RaftServerImpl.java:checkInconsistentAppendEntries(1572)) - s2@group-EA982605F2E5: inconsistency entries. Reply:s1<-s2#1636:FAIL-t2,INCONSISTENCY,nextIndex=0,followerCommit=0,matchIndex=-1
2022-11-08 19:12:09,750 [grpc-default-executor-3] INFO  leader.FollowerInfo (FollowerInfoImpl.java:lambda$new$0(48)) - s1@group-EA982605F2E5->s2: nextIndex: updateUnconditionally 5 -> 0
2022-11-08 19:12:09,751 [s2-server-thread1] DEBUG server.RaftServer$Division (RaftServerImpl.java:logAppendEntries(1421)) - s2@group-EA982605F2E5: receive appendEntries(s1, 2, null, 4, true, commits:[s1:c4, s0:c4, s2:c0], cId:1637, entries: [(t:2, i:0), CONFIGURATIONENTRY(current:id: "s0"
address: "localhost:34297"
dataStreamAddress: "localhost:43983"
clientAddress: "localhost:39609"
adminAddress: "localhost:37077"
startupRole: FOLLOWER
,id: "s1"
address: "localhost:38917"
dataStreamAddress: "localhost:45719"
clientAddress: "localhost:36975"
adminAddress: "localhost:40635"
startupRole: FOLLOWER
,id: "s2"
address: "localhost:35511"
dataStreamAddress: "localhost:38827"
clientAddress: "localhost:42865"
adminAddress: "localhost:36791"
startupRole: FOLLOWER
, old:), (t:2, i:1), STATEMACHINELOGENTRY, 0@client-2EFB324ADA71, (t:2, i:2), METADATAENTRY(c:1), (t:2, i:3), STATEMACHINELOGENTRY, 999@client-AE8279CAF820, (t:2, i:4), METADATAENTRY(c:3)]
2022-11-08 19:12:09,751 [s2-server-thread1] INFO  server.RaftServer$Division (RaftServerImpl.java:checkInconsistentAppendEntries(1592)) - s2@group-EA982605F2E5: Failed appendEntries as the first entry (index 0) already exists (snapshotIndex: -1, commitIndex: 0)
2022-11-08 19:12:09,751 [s2-server-thread1] INFO  server.RaftServer$Division (RaftServerImpl.java:checkInconsistentAppendEntries(1572)) - s2@group-EA982605F2E5: inconsistency entries. Reply:s1<-s2#1637:FAIL-t2,INCONSISTENCY,nextIndex=1,followerCommit=0,matchIndex=-1
2022-11-08 19:12:09,751 [grpc-default-executor-3] INFO  leader.FollowerInfo (FollowerInfoImpl.java:lambda$new$0(48)) - s1@group-EA982605F2E5->s2: nextIndex: updateUnconditionally 5 -> 1
2022-11-08 19:12:09,753 [s2-server-thread1] DEBUG server.RaftServer$Division (RaftServerImpl.java:logAppendEntries(1421)) - s2@group-EA982605F2E5: receive appendEntries(s1, 2, (t:2, i:0), 4, true, commits:[s1:c4, s0:c4, s2:c0], cId:1638, entries: [(t:2, i:1), STATEMACHINELOGENTRY, 0@client-2EFB324ADA71, (t:2, i:2), METADATAENTRY(c:1), (t:2, i:3), STATEMACHINELOGENTRY, 999@client-AE8279CAF820, (t:2, i:4), METADATAENTRY(c:3)]
2022-11-08 19:12:09,753 [s2-server-thread1] INFO  server.RaftServer$Division (RaftServerImpl.java:checkInconsistentAppendEntries(1602)) - s2@group-EA982605F2E5: Failed appendEntries as previous log entry ((t:2, i:0)) is not found
2022-11-08 19:12:09,753 [s2-server-thread1] INFO  server.RaftServer$Division (RaftServerImpl.java:checkInconsistentAppendEntries(1572)) - s2@group-EA982605F2E5: inconsistency entries. Reply:s1<-s2#1638:FAIL-t2,INCONSISTENCY,nextIndex=0,followerCommit=0,matchIndex=-1
2022-11-08 19:12:09,754 [grpc-default-executor-3] INFO  leader.FollowerInfo (FollowerInfoImpl.java:lambda$new$0(48)) - s1@group-EA982605F2E5->s2: nextIndex: updateUnconditionally 5 -> 0
2022-11-08 19:12:09,754 [s2-server-thread1] DEBUG server.RaftServer$Division (RaftServerImpl.java:logAppendEntries(1421)) - s2@group-EA982605F2E5: receive appendEntries(s1, 2, null, 4, true, commits:[s1:c4, s0:c4, s2:c0], cId:1639, entries: [(t:2, i:0), CONFIGURATIONENTRY(current:id: "s0"
address: "localhost:34297"
dataStreamAddress: "localhost:43983"
clientAddress: "localhost:39609"
adminAddress: "localhost:37077"
startupRole: FOLLOWER
,id: "s1"
address: "localhost:38917"
dataStreamAddress: "localhost:45719"
clientAddress: "localhost:36975"
adminAddress: "localhost:40635"
startupRole: FOLLOWER
,id: "s2"
address: "localhost:35511"
dataStreamAddress: "localhost:38827"
clientAddress: "localhost:42865"
adminAddress: "localhost:36791"
startupRole: FOLLOWER
, old:), (t:2, i:1), STATEMACHINELOGENTRY, 0@client-2EFB324ADA71, (t:2, i:2), METADATAENTRY(c:1), (t:2, i:3), STATEMACHINELOGENTRY, 999@client-AE8279CAF820, (t:2, i:4), METADATAENTRY(c:3)]
2022-11-08 19:12:09,754 [s2-server-thread1] INFO  server.RaftServer$Division (RaftServerImpl.java:checkInconsistentAppendEntries(1592)) - s2@group-EA982605F2E5: Failed appendEntries as the first entry (index 0) already exists (snapshotIndex: -1, commitIndex: 0)
2022-11-08 19:12:09,754 [s2-server-thread1] INFO  server.RaftServer$Division (RaftServerImpl.java:checkInconsistentAppendEntries(1572)) - s2@group-EA982605F2E5: inconsistency entries. Reply:s1<-s2#1639:FAIL-t2,INCONSISTENCY,nextIndex=1,followerCommit=0,matchIndex=-1
2022-11-08 19:12:09,755 [grpc-default-executor-3] INFO  leader.FollowerInfo (FollowerInfoImpl.java:lambda$new$0(48)) - s1@group-EA982605F2E5->s2: nextIndex: updateUnconditionally 5 -> 1
2022-11-08 19:12:09,755 [s2-server-thread1] DEBUG server.RaftServer$Division (RaftServerImpl.java:logAppendEntries(1421)) - s2@group-EA982605F2E5: receive appendEntries(s1, 2, (t:2, i:0), 4, true, commits:[s1:c4, s0:c4, s2:c0], cId:1640, entries: [(t:2, i:1), STATEMACHINELOGENTRY, 0@client-2EFB324ADA71, (t:2, i:2), METADATAENTRY(c:1), (t:2, i:3), STATEMACHINELOGENTRY, 999@client-AE8279CAF820, (t:2, i:4), METADATAENTRY(c:3)]
2022-11-08 19:12:09,756 [s2-server-thread1] INFO  server.RaftServer$Division (RaftServerImpl.java:checkInconsistentAppendEntries(1602)) - s2@group-EA982605F2E5: Failed appendEntries as previous log entry ((t:2, i:0)) is not found
2022-11-08 19:12:09,756 [s2-server-thread1] INFO  server.RaftServer$Division (RaftServerImpl.java:checkInconsistentAppendEntries(1572)) - s2@group-EA982605F2E5: inconsistency entries. Reply:s1<-s2#1640:FAIL-t2,INCONSISTENCY,nextIndex=0,followerCommit=0,matchIndex=-1
2022-11-08 19:12:09,756 [grpc-default-executor-3] INFO  leader.FollowerInfo (FollowerInfoImpl.java:lambda$new$0(48)) - s1@group-EA982605F2E5->s2: nextIndex: updateUnconditionally 5 -> 0
2022-11-08 19:12:09,757 [s2-server-thread1] DEBUG server.RaftServer$Division (RaftServerImpl.java:logAppendEntries(1421)) - s2@group-EA982605F2E5: receive appendEntries(s1, 2, null, 4, true, commits:[s1:c4, s0:c4, s2:c0], cId:1641, entries: [(t:2, i:0), CONFIGURATIONENTRY(current:id: "s0"
address: "localhost:34297"
dataStreamAddress: "localhost:43983"
clientAddress: "localhost:39609"
adminAddress: "localhost:37077"
startupRole: FOLLOWER
,id: "s1"
address: "localhost:38917"
dataStreamAddress: "localhost:45719"
clientAddress: "localhost:36975"
adminAddress: "localhost:40635"
startupRole: FOLLOWER
,id: "s2"
address: "localhost:35511"
dataStreamAddress: "localhost:38827"
clientAddress: "localhost:42865"
adminAddress: "localhost:36791"
startupRole: FOLLOWER
, old:), (t:2, i:1), STATEMACHINELOGENTRY, 0@client-2EFB324ADA71, (t:2, i:2), METADATAENTRY(c:1), (t:2, i:3), STATEMACHINELOGENTRY, 999@client-AE8279CAF820, (t:2, i:4), METADATAENTRY(c:3)]
2022-11-08 19:12:09,757 [s2-server-thread1] INFO  server.RaftServer$Division (RaftServerImpl.java:checkInconsistentAppendEntries(1592)) - s2@group-EA982605F2E5: Failed appendEntries as the first entry (index 0) already exists (snapshotIndex: -1, commitIndex: 0)
2022-11-08 19:12:09,757 [s2-server-thread1] INFO  server.RaftServer$Division (RaftServerImpl.java:checkInconsistentAppendEntries(1572)) - s2@group-EA982605F2E5: inconsistency entries. Reply:s1<-s2#1641:FAIL-t2,INCONSISTENCY,nextIndex=1,followerCommit=0,matchIndex=-1
2022-11-08 19:12:09,757 [grpc-default-executor-3] INFO  leader.FollowerInfo (FollowerInfoImpl.java:lambda$new$0(48)) - s1@group-EA982605F2E5->s2: nextIndex: updateUnconditionally 5 -> 1
2022-11-08 19:12:09,758 [s2-server-thread1] DEBUG server.RaftServer$Division (RaftServerImpl.java:logAppendEntries(1421)) - s2@group-EA982605F2E5: receive appendEntries(s1, 2, (t:2, i:0), 4, true, commits:[s1:c4, s0:c4, s2:c0], cId:1642, entries: [(t:2, i:1), STATEMACHINELOGENTRY, 0@client-2EFB324ADA71, (t:2, i:2), METADATAENTRY(c:1), (t:2, i:3), STATEMACHINELOGENTRY, 999@client-AE8279CAF820, (t:2, i:4), METADATAENTRY(c:3)]
2022-11-08 19:12:09,758 [s2-server-thread1] INFO  server.RaftServer$Division (RaftServerImpl.java:checkInconsistentAppendEntries(1602)) - s2@group-EA982605F2E5: Failed appendEntries as previous log entry ((t:2, i:0)) is not found
2022-11-08 19:12:09,758 [s2-server-thread1] INFO  server.RaftServer$Division (RaftServerImpl.java:checkInconsistentAppendEntries(1572)) - s2@group-EA982605F2E5: inconsistency entries. Reply:s1<-s2#1642:FAIL-t2,INCONSISTENCY,nextIndex=0,followerCommit=0,matchIndex=-1
2022-11-08 19:12:09,759 [grpc-default-executor-3] INFO  leader.FollowerInfo (FollowerInfoImpl.java:lambda$new$0(48)) - s1@group-EA982605F2E5->s2: nextIndex: updateUnconditionally 5 -> 0
2022-11-08 19:12:09,759 [s2-server-thread1] DEBUG server.RaftServer$Division (RaftServerImpl.java:logAppendEntries(1421)) - s2@group-EA982605F2E5: receive appendEntries(s1, 2, null, 4, true, commits:[s1:c4, s0:c4, s2:c0], cId:1643, entries: [(t:2, i:0), CONFIGURATIONENTRY(current:id: "s0"
address: "localhost:34297"
dataStreamAddress: "localhost:43983"
clientAddress: "localhost:39609"
adminAddress: "localhost:37077"
startupRole: FOLLOWER
,id: "s1"
address: "localhost:38917"
dataStreamAddress: "localhost:45719"
clientAddress: "localhost:36975"
adminAddress: "localhost:40635"
startupRole: FOLLOWER
,id: "s2"
address: "localhost:35511"
dataStreamAddress: "localhost:38827"
clientAddress: "localhost:42865"
adminAddress: "localhost:36791"
startupRole: FOLLOWER
, old:), (t:2, i:1), STATEMACHINELOGENTRY, 0@client-2EFB324ADA71, (t:2, i:2), METADATAENTRY(c:1), (t:2, i:3), STATEMACHINELOGENTRY, 999@client-AE8279CAF820, (t:2, i:4), METADATAENTRY(c:3)]
2022-11-08 19:12:09,759 [s2-server-thread1] INFO  server.RaftServer$Division (RaftServerImpl.java:checkInconsistentAppendEntries(1592)) - s2@group-EA982605F2E5: Failed appendEntries as the first entry (index 0) already exists (snapshotIndex: -1, commitIndex: 0)
2022-11-08 19:12:09,760 [s2-server-thread1] INFO  server.RaftServer$Division (RaftServerImpl.java:checkInconsistentAppendEntries(1572)) - s2@group-EA982605F2E5: inconsistency entries. Reply:s1<-s2#1643:FAIL-t2,INCONSISTENCY,nextIndex=1,followerCommit=0,matchIndex=-1
2022-11-08 19:12:09,760 [grpc-default-executor-3] INFO  leader.FollowerInfo (FollowerInfoImpl.java:lambda$new$0(48)) - s1@group-EA982605F2E5->s2: nextIndex: updateUnconditionally 5 -> 1
2022-11-08 19:12:09,760 [s2-server-thread1] DEBUG server.RaftServer$Division (RaftServerImpl.java:logAppendEntries(1421)) - s2@group-EA982605F2E5: receive appendEntries(s1, 2, (t:2, i:0), 4, true, commits:[s1:c4, s0:c4, s2:c0], cId:1644, entries: [(t:2, i:1), STATEMACHINELOGENTRY, 0@client-2EFB324ADA71, (t:2, i:2), METADATAENTRY(c:1), (t:2, i:3), STATEMACHINELOGENTRY, 999@client-AE8279CAF820, (t:2, i:4), METADATAENTRY(c:3)]
2022-11-08 19:12:09,761 [s2-server-thread1] INFO  server.RaftServer$Division (RaftServerImpl.java:checkInconsistentAppendEntries(1602)) - s2@group-EA982605F2E5: Failed appendEntries as previous log entry ((t:2, i:0)) is not found
2022-11-08 19:12:09,761 [s2-server-thread1] INFO  server.RaftServer$Division (RaftServerImpl.java:checkInconsistentAppendEntries(1572)) - s2@group-EA982605F2E5: inconsistency entries. Reply:s1<-s2#1644:FAIL-t2,INCONSISTENCY,nextIndex=0,followerCommit=0,matchIndex=-1
2022-11-08 19:12:09,761 [grpc-default-executor-3] INFO  leader.FollowerInfo (FollowerInfoImpl.java:lambda$new$0(48)) - s1@group-EA982605F2E5->s2: nextIndex: updateUnconditionally 5 -> 0
2022-11-08 19:12:09,762 [s2-server-thread1] DEBUG server.RaftServer$Division (RaftServerImpl.java:logAppendEntries(1421)) - s2@group-EA982605F2E5: receive appendEntries(s1, 2, null, 4, true, commits:[s1:c4, s0:c4, s2:c0], cId:1645, entries: [(t:2, i:0), CONFIGURATIONENTRY(current:id: "s0"
address: "localhost:34297"
dataStreamAddress: "localhost:43983"
clientAddress: "localhost:39609"
adminAddress: "localhost:37077"
startupRole: FOLLOWER
,id: "s1"
address: "localhost:38917"
dataStreamAddress: "localhost:45719"
clientAddress: "localhost:36975"
adminAddress: "localhost:40635"
startupRole: FOLLOWER
,id: "s2"
address: "localhost:35511"
dataStreamAddress: "localhost:38827"
clientAddress: "localhost:42865"
adminAddress: "localhost:36791"
startupRole: FOLLOWER
, old:), (t:2, i:1), STATEMACHINELOGENTRY, 0@client-2EFB324ADA71, (t:2, i:2), METADATAENTRY(c:1), (t:2, i:3), STATEMACHINELOGENTRY, 999@client-AE8279CAF820, (t:2, i:4), METADATAENTRY(c:3)]
2022-11-08 19:12:09,762 [s2-server-thread1] INFO  server.RaftServer$Division (RaftServerImpl.java:checkInconsistentAppendEntries(1592)) - s2@group-EA982605F2E5: Failed appendEntries as the first entry (index 0) already exists (snapshotIndex: -1, commitIndex: 0)
2022-11-08 19:12:09,762 [s2-server-thread1] INFO  server.RaftServer$Division (RaftServerImpl.java:checkInconsistentAppendEntries(1572)) - s2@group-EA982605F2E5: inconsistency entries. Reply:s1<-s2#1645:FAIL-t2,INCONSISTENCY,nextIndex=1,followerCommit=0,matchIndex=-1
2022-11-08 19:12:09,762 [grpc-default-executor-3] INFO  leader.FollowerInfo (FollowerInfoImpl.java:lambda$new$0(48)) - s1@group-EA982605F2E5->s2: nextIndex: updateUnconditionally 5 -> 1
2022-11-08 19:12:09,763 [s2-server-thread1] DEBUG server.RaftServer$Division (RaftServerImpl.java:logAppendEntries(1421)) - s2@group-EA982605F2E5: receive appendEntries(s1, 2, (t:2, i:0), 4, true, commits:[s1:c4, s0:c4, s2:c0], cId:1646, entries: [(t:2, i:1), STATEMACHINELOGENTRY, 0@client-2EFB324ADA71, (t:2, i:2), METADATAENTRY(c:1), (t:2, i:3), STATEMACHINELOGENTRY, 999@client-AE8279CAF820, (t:2, i:4), METADATAENTRY(c:3)]
2022-11-08 19:12:09,763 [s2-server-thread1] INFO  server.RaftServer$Division (RaftServerImpl.java:checkInconsistentAppendEntries(1602)) - s2@group-EA982605F2E5: Failed appendEntries as previous log entry ((t:2, i:0)) is not found
2022-11-08 19:12:09,763 [s2-server-thread1] INFO  server.RaftServer$Division (RaftServerImpl.java:checkInconsistentAppendEntries(1572)) - s2@group-EA982605F2E5: inconsistency entries. Reply:s1<-s2#1646:FAIL-t2,INCONSISTENCY,nextIndex=0,followerCommit=0,matchIndex=-1
2022-11-08 19:12:09,764 [grpc-default-executor-3] INFO  leader.FollowerInfo (FollowerInfoImpl.java:lambda$new$0(48)) - s1@group-EA982605F2E5->s2: nextIndex: updateUnconditionally 5 -> 0
2022-11-08 19:12:09,764 [s2-server-thread1] DEBUG server.RaftServer$Division (RaftServerImpl.java:logAppendEntries(1421)) - s2@group-EA982605F2E5: receive appendEntries(s1, 2, null, 4, true, commits:[s1:c4, s0:c4, s2:c0], cId:1647, entries: [(t:2, i:0), CONFIGURATIONENTRY(current:id: "s0"
address: "localhost:34297"
dataStreamAddress: "localhost:43983"
clientAddress: "localhost:39609"
adminAddress: "localhost:37077"
startupRole: FOLLOWER
,id: "s1"
address: "localhost:38917"
dataStreamAddress: "localhost:45719"
clientAddress: "localhost:36975"
adminAddress: "localhost:40635"
startupRole: FOLLOWER
,id: "s2"
address: "localhost:35511"
dataStreamAddress: "localhost:38827"
clientAddress: "localhost:42865"
adminAddress: "localhost:36791"
startupRole: FOLLOWER
, old:), (t:2, i:1), STATEMACHINELOGENTRY, 0@client-2EFB324ADA71, (t:2, i:2), METADATAENTRY(c:1), (t:2, i:3), STATEMACHINELOGENTRY, 999@client-AE8279CAF820, (t:2, i:4), METADATAENTRY(c:3)]
2022-11-08 19:12:09,765 [s2-server-thread1] INFO  server.RaftServer$Division (RaftServerImpl.java:checkInconsistentAppendEntries(1592)) - s2@group-EA982605F2E5: Failed appendEntries as the first entry (index 0) already exists (snapshotIndex: -1, commitIndex: 0)
2022-11-08 19:12:09,765 [s2-server-thread1] INFO  server.RaftServer$Division (RaftServerImpl.java:checkInconsistentAppendEntries(1572)) - s2@group-EA982605F2E5: inconsistency entries. Reply:s1<-s2#1647:FAIL-t2,INCONSISTENCY,nextIndex=1,followerCommit=0,matchIndex=-1
2022-11-08 19:12:09,765 [grpc-default-executor-3] INFO  leader.FollowerInfo (FollowerInfoImpl.java:lambda$new$0(48)) - s1@group-EA982605F2E5->s2: nextIndex: updateUnconditionally 5 -> 1
2022-11-08 19:12:09,766 [s2-server-thread1] DEBUG server.RaftServer$Division (RaftServerImpl.java:logAppendEntries(1421)) - s2@group-EA982605F2E5: receive appendEntries(s1, 2, (t:2, i:0), 4, true, commits:[s1:c4, s0:c4, s2:c0], cId:1648, entries: [(t:2, i:1), STATEMACHINELOGENTRY, 0@client-2EFB324ADA71, (t:2, i:2), METADATAENTRY(c:1), (t:2, i:3), STATEMACHINELOGENTRY, 999@client-AE8279CAF820, (t:2, i:4), METADATAENTRY(c:3)]
2022-11-08 19:12:09,766 [s2-server-thread1] INFO  server.RaftServer$Division (RaftServerImpl.java:checkInconsistentAppendEntries(1602)) - s2@group-EA982605F2E5: Failed appendEntries as previous log entry ((t:2, i:0)) is not found
2022-11-08 19:12:09,766 [s2-server-thread1] INFO  server.RaftServer$Division (RaftServerImpl.java:checkInconsistentAppendEntries(1572)) - s2@group-EA982605F2E5: inconsistency entries. Reply:s1<-s2#1648:FAIL-t2,INCONSISTENCY,nextIndex=0,followerCommit=0,matchIndex=-1
2022-11-08 19:12:09,766 [grpc-default-executor-3] INFO  leader.FollowerInfo (FollowerInfoImpl.java:lambda$new$0(48)) - s1@group-EA982605F2E5->s2: nextIndex: updateUnconditionally 5 -> 0
2022-11-08 19:12:09,767 [s2-server-thread1] DEBUG server.RaftServer$Division (RaftServerImpl.java:logAppendEntries(1421)) - s2@group-EA982605F2E5: receive appendEntries(s1, 2, null, 4, true, commits:[s1:c4, s0:c4, s2:c0], cId:1649, entries: [(t:2, i:0), CONFIGURATIONENTRY(current:id: "s0"
address: "localhost:34297"
dataStreamAddress: "localhost:43983"
clientAddress: "localhost:39609"
adminAddress: "localhost:37077"
startupRole: FOLLOWER
,id: "s1"
address: "localhost:38917"
dataStreamAddress: "localhost:45719"
clientAddress: "localhost:36975"
adminAddress: "localhost:40635"
startupRole: FOLLOWER
,id: "s2"
address: "localhost:35511"
dataStreamAddress: "localhost:38827"
clientAddress: "localhost:42865"
adminAddress: "localhost:36791"
startupRole: FOLLOWER
, old:), (t:2, i:1), STATEMACHINELOGENTRY, 0@client-2EFB324ADA71, (t:2, i:2), METADATAENTRY(c:1), (t:2, i:3), STATEMACHINELOGENTRY, 999@client-AE8279CAF820, (t:2, i:4), METADATAENTRY(c:3)]
2022-11-08 19:12:09,767 [s2-server-thread1] INFO  server.RaftServer$Division (RaftServerImpl.java:checkInconsistentAppendEntries(1592)) - s2@group-EA982605F2E5: Failed appendEntries as the first entry (index 0) already exists (snapshotIndex: -1, commitIndex: 0)
2022-11-08 19:12:09,767 [s2-server-thread1] INFO  server.RaftServer$Division (RaftServerImpl.java:checkInconsistentAppendEntries(1572)) - s2@group-EA982605F2E5: inconsistency entries. Reply:s1<-s2#1649:FAIL-t2,INCONSISTENCY,nextIndex=1,followerCommit=0,matchIndex=-1
2022-11-08 19:12:09,767 [grpc-default-executor-3] INFO  leader.FollowerInfo (FollowerInfoImpl.java:lambda$new$0(48)) - s1@group-EA982605F2E5->s2: nextIndex: updateUnconditionally 5 -> 1
2022-11-08 19:12:09,768 [s2-server-thread1] DEBUG server.RaftServer$Division (RaftServerImpl.java:logAppendEntries(1421)) - s2@group-EA982605F2E5: receive appendEntries(s1, 2, (t:2, i:0), 4, true, commits:[s1:c4, s0:c4, s2:c0], cId:1650, entries: [(t:2, i:1), STATEMACHINELOGENTRY, 0@client-2EFB324ADA71, (t:2, i:2), METADATAENTRY(c:1), (t:2, i:3), STATEMACHINELOGENTRY, 999@client-AE8279CAF820, (t:2, i:4), METADATAENTRY(c:3)]
2022-11-08 19:12:09,768 [s2-server-thread1] INFO  server.RaftServer$Division (RaftServerImpl.java:checkInconsistentAppendEntries(1602)) - s2@group-EA982605F2E5: Failed appendEntries as previous log entry ((t:2, i:0)) is not found
2022-11-08 19:12:09,768 [s2-server-thread1] INFO  server.RaftServer$Division (RaftServerImpl.java:checkInconsistentAppendEntries(1572)) - s2@group-EA982605F2E5: inconsistency entries. Reply:s1<-s2#1650:FAIL-t2,INCONSISTENCY,nextIndex=0,followerCommit=0,matchIndex=-1
2022-11-08 19:12:09,769 [grpc-default-executor-3] INFO  leader.FollowerInfo (FollowerInfoImpl.java:lambda$new$0(48)) - s1@group-EA982605F2E5->s2: nextIndex: updateUnconditionally 5 -> 0
2022-11-08 19:12:09,769 [s2-server-thread1] DEBUG server.RaftServer$Division (RaftServerImpl.java:logAppendEntries(1421)) - s2@group-EA982605F2E5: receive appendEntries(s1, 2, null, 4, true, commits:[s1:c4, s0:c4, s2:c0], cId:1651, entries: [(t:2, i:0), CONFIGURATIONENTRY(current:id: "s0"
address: "localhost:34297"
dataStreamAddress: "localhost:43983"
clientAddress: "localhost:39609"
adminAddress: "localhost:37077"
startupRole: FOLLOWER
,id: "s1"
address: "localhost:38917"
dataStreamAddress: "localhost:45719"
clientAddress: "localhost:36975"
adminAddress: "localhost:40635"
startupRole: FOLLOWER
,id: "s2"
address: "localhost:35511"
dataStreamAddress: "localhost:38827"
clientAddress: "localhost:42865"
adminAddress: "localhost:36791"
startupRole: FOLLOWER
, old:), (t:2, i:1), STATEMACHINELOGENTRY, 0@client-2EFB324ADA71, (t:2, i:2), METADATAENTRY(c:1), (t:2, i:3), STATEMACHINELOGENTRY, 999@client-AE8279CAF820, (t:2, i:4), METADATAENTRY(c:3)]
2022-11-08 19:12:09,769 [s2-server-thread1] INFO  server.RaftServer$Division (RaftServerImpl.java:checkInconsistentAppendEntries(1592)) - s2@group-EA982605F2E5: Failed appendEntries as the first entry (index 0) already exists (snapshotIndex: -1, commitIndex: 0)
2022-11-08 19:12:09,769 [s2-server-thread1] INFO  server.RaftServer$Division (RaftServerImpl.java:checkInconsistentAppendEntries(1572)) - s2@group-EA982605F2E5: inconsistency entries. Reply:s1<-s2#1651:FAIL-t2,INCONSISTENCY,nextIndex=1,followerCommit=0,matchIndex=-1
2022-11-08 19:12:09,770 [grpc-default-executor-3] INFO  leader.FollowerInfo (FollowerInfoImpl.java:lambda$new$0(48)) - s1@group-EA982605F2E5->s2: nextIndex: updateUnconditionally 5 -> 1
2022-11-08 19:12:09,770 [s2-server-thread1] DEBUG server.RaftServer$Division (RaftServerImpl.java:logAppendEntries(1421)) - s2@group-EA982605F2E5: receive appendEntries(s1, 2, (t:2, i:0), 4, true, commits:[s1:c4, s0:c4, s2:c0], cId:1652, entries: [(t:2, i:1), STATEMACHINELOGENTRY, 0@client-2EFB324ADA71, (t:2, i:2), METADATAENTRY(c:1), (t:2, i:3), STATEMACHINELOGENTRY, 999@client-AE8279CAF820, (t:2, i:4), METADATAENTRY(c:3)]
2022-11-08 19:12:09,770 [s2-server-thread1] INFO  server.RaftServer$Division (RaftServerImpl.java:checkInconsistentAppendEntries(1602)) - s2@group-EA982605F2E5: Failed appendEntries as previous log entry ((t:2, i:0)) is not found
2022-11-08 19:12:09,771 [s2-server-thread1] INFO  server.RaftServer$Division (RaftServerImpl.java:checkInconsistentAppendEntries(1572)) - s2@group-EA982605F2E5: inconsistency entries. Reply:s1<-s2#1652:FAIL-t2,INCONSISTENCY,nextIndex=0,followerCommit=0,matchIndex=-1
2022-11-08 19:12:09,771 [grpc-default-executor-3] INFO  leader.FollowerInfo (FollowerInfoImpl.java:lambda$new$0(48)) - s1@group-EA982605F2E5->s2: nextIndex: updateUnconditionally 5 -> 0
2022-11-08 19:12:09,771 [s2-server-thread1] DEBUG server.RaftServer$Division (RaftServerImpl.java:logAppendEntries(1421)) - s2@group-EA982605F2E5: receive appendEntries(s1, 2, null, 4, true, commits:[s1:c4, s0:c4, s2:c0], cId:1653, entries: [(t:2, i:0), CONFIGURATIONENTRY(current:id: "s0"
address: "localhost:34297"
dataStreamAddress: "localhost:43983"
clientAddress: "localhost:39609"
adminAddress: "localhost:37077"
startupRole: FOLLOWER
,id: "s1"
address: "localhost:38917"
dataStreamAddress: "localhost:45719"
clientAddress: "localhost:36975"
adminAddress: "localhost:40635"
startupRole: FOLLOWER
,id: "s2"
address: "localhost:35511"
dataStreamAddress: "localhost:38827"
clientAddress: "localhost:42865"
adminAddress: "localhost:36791"
startupRole: FOLLOWER
, old:), (t:2, i:1), STATEMACHINELOGENTRY, 0@client-2EFB324ADA71, (t:2, i:2), METADATAENTRY(c:1), (t:2, i:3), STATEMACHINELOGENTRY, 999@client-AE8279CAF820, (t:2, i:4), METADATAENTRY(c:3)]
2022-11-08 19:12:09,772 [s2-server-thread1] INFO  server.RaftServer$Division (RaftServerImpl.java:checkInconsistentAppendEntries(1592)) - s2@group-EA982605F2E5: Failed appendEntries as the first entry (index 0) already exists (snapshotIndex: -1, commitIndex: 0)
2022-11-08 19:12:09,772 [s2-server-thread1] INFO  server.RaftServer$Division (RaftServerImpl.java:checkInconsistentAppendEntries(1572)) - s2@group-EA982605F2E5: inconsistency entries. Reply:s1<-s2#1653:FAIL-t2,INCONSISTENCY,nextIndex=1,followerCommit=0,matchIndex=-1
2022-11-08 19:12:09,772 [grpc-default-executor-3] INFO  leader.FollowerInfo (FollowerInfoImpl.java:lambda$new$0(48)) - s1@group-EA982605F2E5->s2: nextIndex: updateUnconditionally 5 -> 1
2022-11-08 19:12:09,773 [s2-server-thread1] DEBUG server.RaftServer$Division (RaftServerImpl.java:logAppendEntries(1421)) - s2@group-EA982605F2E5: receive appendEntries(s1, 2, (t:2, i:0), 4, true, commits:[s1:c4, s0:c4, s2:c0], cId:1654, entries: [(t:2, i:1), STATEMACHINELOGENTRY, 0@client-2EFB324ADA71, (t:2, i:2), METADATAENTRY(c:1), (t:2, i:3), STATEMACHINELOGENTRY, 999@client-AE8279CAF820, (t:2, i:4), METADATAENTRY(c:3)]
2022-11-08 19:12:09,773 [s2-server-thread1] INFO  server.RaftServer$Division (RaftServerImpl.java:checkInconsistentAppendEntries(1602)) - s2@group-EA982605F2E5: Failed appendEntries as previous log entry ((t:2, i:0)) is not found
2022-11-08 19:12:09,773 [s2-server-thread1] INFO  server.RaftServer$Division (RaftServerImpl.java:checkInconsistentAppendEntries(1572)) - s2@group-EA982605F2E5: inconsistency entries. Reply:s1<-s2#1654:FAIL-t2,INCONSISTENCY,nextIndex=0,followerCommit=0,matchIndex=-1
2022-11-08 19:12:09,773 [grpc-default-executor-3] INFO  leader.FollowerInfo (FollowerInfoImpl.java:lambda$new$0(48)) - s1@group-EA982605F2E5->s2: nextIndex: updateUnconditionally 5 -> 0
2022-11-08 19:12:09,774 [s2-server-thread1] DEBUG server.RaftServer$Division (RaftServerImpl.java:logAppendEntries(1421)) - s2@group-EA982605F2E5: receive appendEntries(s1, 2, null, 4, true, commits:[s1:c4, s0:c4, s2:c0], cId:1655, entries: [(t:2, i:0), CONFIGURATIONENTRY(current:id: "s0"
address: "localhost:34297"
dataStreamAddress: "localhost:43983"
clientAddress: "localhost:39609"
adminAddress: "localhost:37077"
startupRole: FOLLOWER
,id: "s1"
address: "localhost:38917"
dataStreamAddress: "localhost:45719"
clientAddress: "localhost:36975"
adminAddress: "localhost:40635"
startupRole: FOLLOWER
,id: "s2"
address: "localhost:35511"
dataStreamAddress: "localhost:38827"
clientAddress: "localhost:42865"
adminAddress: "localhost:36791"
startupRole: FOLLOWER
, old:), (t:2, i:1), STATEMACHINELOGENTRY, 0@client-2EFB324ADA71, (t:2, i:2), METADATAENTRY(c:1), (t:2, i:3), STATEMACHINELOGENTRY, 999@client-AE8279CAF820, (t:2, i:4), METADATAENTRY(c:3)]
2022-11-08 19:12:09,774 [s2-server-thread1] INFO  server.RaftServer$Division (RaftServerImpl.java:checkInconsistentAppendEntries(1592)) - s2@group-EA982605F2E5: Failed appendEntries as the first entry (index 0) already exists (snapshotIndex: -1, commitIndex: 0)
2022-11-08 19:12:09,774 [s2-server-thread1] INFO  server.RaftServer$Division (RaftServerImpl.java:checkInconsistentAppendEntries(1572)) - s2@group-EA982605F2E5: inconsistency entries. Reply:s1<-s2#1655:FAIL-t2,INCONSISTENCY,nextIndex=1,followerCommit=0,matchIndex=-1
2022-11-08 19:12:09,775 [grpc-default-executor-3] INFO  leader.FollowerInfo (FollowerInfoImpl.java:lambda$new$0(48)) - s1@group-EA982605F2E5->s2: nextIndex: updateUnconditionally 5 -> 1
2022-11-08 19:12:09,775 [s2-server-thread1] DEBUG server.RaftServer$Division (RaftServerImpl.java:logAppendEntries(1421)) - s2@group-EA982605F2E5: receive appendEntries(s1, 2, (t:2, i:0), 4, true, commits:[s1:c4, s0:c4, s2:c0], cId:1656, entries: [(t:2, i:1), STATEMACHINELOGENTRY, 0@client-2EFB324ADA71, (t:2, i:2), METADATAENTRY(c:1), (t:2, i:3), STATEMACHINELOGENTRY, 999@client-AE8279CAF820, (t:2, i:4), METADATAENTRY(c:3)]
2022-11-08 19:12:09,775 [s2-server-thread1] INFO  server.RaftServer$Division (RaftServerImpl.java:checkInconsistentAppendEntries(1602)) - s2@group-EA982605F2E5: Failed appendEntries as previous log entry ((t:2, i:0)) is not found
2022-11-08 19:12:09,775 [s2-server-thread1] INFO  server.RaftServer$Division (RaftServerImpl.java:checkInconsistentAppendEntries(1572)) - s2@group-EA982605F2E5: inconsistency entries. Reply:s1<-s2#1656:FAIL-t2,INCONSISTENCY,nextIndex=0,followerCommit=0,matchIndex=-1
2022-11-08 19:12:09,776 [grpc-default-executor-3] INFO  leader.FollowerInfo (FollowerInfoImpl.java:lambda$new$0(48)) - s1@group-EA982605F2E5->s2: nextIndex: updateUnconditionally 5 -> 0
2022-11-08 19:12:09,776 [s2-server-thread1] DEBUG server.RaftServer$Division (RaftServerImpl.java:logAppendEntries(1421)) - s2@group-EA982605F2E5: receive appendEntries(s1, 2, null, 4, true, commits:[s1:c4, s0:c4, s2:c0], cId:1657, entries: [(t:2, i:0), CONFIGURATIONENTRY(current:id: "s0"
address: "localhost:34297"
dataStreamAddress: "localhost:43983"
clientAddress: "localhost:39609"
adminAddress: "localhost:37077"
startupRole: FOLLOWER
,id: "s1"
address: "localhost:38917"
dataStreamAddress: "localhost:45719"
clientAddress: "localhost:36975"
adminAddress: "localhost:40635"
startupRole: FOLLOWER
,id: "s2"
address: "localhost:35511"
dataStreamAddress: "localhost:38827"
clientAddress: "localhost:42865"
adminAddress: "localhost:36791"
startupRole: FOLLOWER
, old:), (t:2, i:1), STATEMACHINELOGENTRY, 0@client-2EFB324ADA71, (t:2, i:2), METADATAENTRY(c:1), (t:2, i:3), STATEMACHINELOGENTRY, 999@client-AE8279CAF820, (t:2, i:4), METADATAENTRY(c:3)]
2022-11-08 19:12:09,776 [s2-server-thread1] INFO  server.RaftServer$Division (RaftServerImpl.java:checkInconsistentAppendEntries(1592)) - s2@group-EA982605F2E5: Failed appendEntries as the first entry (index 0) already exists (snapshotIndex: -1, commitIndex: 0)
2022-11-08 19:12:09,776 [s2-server-thread1] INFO  server.RaftServer$Division (RaftServerImpl.java:checkInconsistentAppendEntries(1572)) - s2@group-EA982605F2E5: inconsistency entries. Reply:s1<-s2#1657:FAIL-t2,INCONSISTENCY,nextIndex=1,followerCommit=0,matchIndex=-1
2022-11-08 19:12:09,777 [grpc-default-executor-3] INFO  leader.FollowerInfo (FollowerInfoImpl.java:lambda$new$0(48)) - s1@group-EA982605F2E5->s2: nextIndex: updateUnconditionally 5 -> 1
2022-11-08 19:12:09,777 [s2-server-thread1] DEBUG server.RaftServer$Division (RaftServerImpl.java:logAppendEntries(1421)) - s2@group-EA982605F2E5: receive appendEntries(s1, 2, (t:2, i:0), 4, true, commits:[s1:c4, s0:c4, s2:c0], cId:1658, entries: [(t:2, i:1), STATEMACHINELOGENTRY, 0@client-2EFB324ADA71, (t:2, i:2), METADATAENTRY(c:1), (t:2, i:3), STATEMACHINELOGENTRY, 999@client-AE8279CAF820, (t:2, i:4), METADATAENTRY(c:3)]
2022-11-08 19:12:09,777 [s2-server-thread1] INFO  server.RaftServer$Division (RaftServerImpl.java:checkInconsistentAppendEntries(1602)) - s2@group-EA982605F2E5: Failed appendEntries as previous log entry ((t:2, i:0)) is not found
2022-11-08 19:12:09,778 [s2-server-thread1] INFO  server.RaftServer$Division (RaftServerImpl.java:checkInconsistentAppendEntries(1572)) - s2@group-EA982605F2E5: inconsistency entries. Reply:s1<-s2#1658:FAIL-t2,INCONSISTENCY,nextIndex=0,followerCommit=0,matchIndex=-1
2022-11-08 19:12:09,778 [grpc-default-executor-3] INFO  leader.FollowerInfo (FollowerInfoImpl.java:lambda$new$0(48)) - s1@group-EA982605F2E5->s2: nextIndex: updateUnconditionally 5 -> 0
2022-11-08 19:12:09,779 [s2-server-thread1] DEBUG server.RaftServer$Division (RaftServerImpl.java:logAppendEntries(1421)) - s2@group-EA982605F2E5: receive appendEntries(s1, 2, null, 4, true, commits:[s1:c4, s0:c4, s2:c0], cId:1659, entries: [(t:2, i:0), CONFIGURATIONENTRY(current:id: "s0"
address: "localhost:34297"
dataStreamAddress: "localhost:43983"
clientAddress: "localhost:39609"
adminAddress: "localhost:37077"
startupRole: FOLLOWER
,id: "s1"
address: "localhost:38917"
dataStreamAddress: "localhost:45719"
clientAddress: "localhost:36975"
adminAddress: "localhost:40635"
startupRole: FOLLOWER
,id: "s2"
address: "localhost:35511"
dataStreamAddress: "localhost:38827"
clientAddress: "localhost:42865"
adminAddress: "localhost:36791"
startupRole: FOLLOWER
, old:), (t:2, i:1), STATEMACHINELOGENTRY, 0@client-2EFB324ADA71, (t:2, i:2), METADATAENTRY(c:1), (t:2, i:3), STATEMACHINELOGENTRY, 999@client-AE8279CAF820, (t:2, i:4), METADATAENTRY(c:3)]
2022-11-08 19:12:09,779 [s2-server-thread1] INFO  server.RaftServer$Division (RaftServerImpl.java:checkInconsistentAppendEntries(1592)) - s2@group-EA982605F2E5: Failed appendEntries as the first entry (index 0) already exists (snapshotIndex: -1, commitIndex: 0)
2022-11-08 19:12:09,779 [s2-server-thread1] INFO  server.RaftServer$Division (RaftServerImpl.java:checkInconsistentAppendEntries(1572)) - s2@group-EA982605F2E5: inconsistency entries. Reply:s1<-s2#1659:FAIL-t2,INCONSISTENCY,nextIndex=1,followerCommit=0,matchIndex=-1
2022-11-08 19:12:09,779 [grpc-default-executor-3] INFO  leader.FollowerInfo (FollowerInfoImpl.java:lambda$new$0(48)) - s1@group-EA982605F2E5->s2: nextIndex: updateUnconditionally 5 -> 1
2022-11-08 19:12:09,780 [s2-server-thread1] DEBUG server.RaftServer$Division (RaftServerImpl.java:logAppendEntries(1421)) - s2@group-EA982605F2E5: receive appendEntries(s1, 2, (t:2, i:0), 4, true, commits:[s1:c4, s0:c4, s2:c0], cId:1660, entries: [(t:2, i:1), STATEMACHINELOGENTRY, 0@client-2EFB324ADA71, (t:2, i:2), METADATAENTRY(c:1), (t:2, i:3), STATEMACHINELOGENTRY, 999@client-AE8279CAF820, (t:2, i:4), METADATAENTRY(c:3)]
2022-11-08 19:12:09,780 [s2-server-thread1] INFO  server.RaftServer$Division (RaftServerImpl.java:checkInconsistentAppendEntries(1602)) - s2@group-EA982605F2E5: Failed appendEntries as previous log entry ((t:2, i:0)) is not found
2022-11-08 19:12:09,780 [s2-server-thread1] INFO  server.RaftServer$Division (RaftServerImpl.java:checkInconsistentAppendEntries(1572)) - s2@group-EA982605F2E5: inconsistency entries. Reply:s1<-s2#1660:FAIL-t2,INCONSISTENCY,nextIndex=0,followerCommit=0,matchIndex=-1
2022-11-08 19:12:09,780 [grpc-default-executor-3] INFO  leader.FollowerInfo (FollowerInfoImpl.java:lambda$new$0(48)) - s1@group-EA982605F2E5->s2: nextIndex: updateUnconditionally 5 -> 0
2022-11-08 19:12:09,781 [s2-server-thread1] DEBUG server.RaftServer$Division (RaftServerImpl.java:logAppendEntries(1421)) - s2@group-EA982605F2E5: receive appendEntries(s1, 2, null, 4, true, commits:[s1:c4, s0:c4, s2:c0], cId:1661, entries: [(t:2, i:0), CONFIGURATIONENTRY(current:id: "s0"
address: "localhost:34297"
dataStreamAddress: "localhost:43983"
clientAddress: "localhost:39609"
adminAddress: "localhost:37077"
startupRole: FOLLOWER
,id: "s1"
address: "localhost:38917"
dataStreamAddress: "localhost:45719"
clientAddress: "localhost:36975"
adminAddress: "localhost:40635"
startupRole: FOLLOWER
,id: "s2"
address: "localhost:35511"
dataStreamAddress: "localhost:38827"
clientAddress: "localhost:42865"
adminAddress: "localhost:36791"
startupRole: FOLLOWER
, old:), (t:2, i:1), STATEMACHINELOGENTRY, 0@client-2EFB324ADA71, (t:2, i:2), METADATAENTRY(c:1), (t:2, i:3), STATEMACHINELOGENTRY, 999@client-AE8279CAF820, (t:2, i:4), METADATAENTRY(c:3)]
2022-11-08 19:12:09,781 [s2-server-thread1] INFO  server.RaftServer$Division (RaftServerImpl.java:checkInconsistentAppendEntries(1592)) - s2@group-EA982605F2E5: Failed appendEntries as the first entry (index 0) already exists (snapshotIndex: -1, commitIndex: 0)
2022-11-08 19:12:09,781 [s2-server-thread1] INFO  server.RaftServer$Division (RaftServerImpl.java:checkInconsistentAppendEntries(1572)) - s2@group-EA982605F2E5: inconsistency entries. Reply:s1<-s2#1661:FAIL-t2,INCONSISTENCY,nextIndex=1,followerCommit=0,matchIndex=-1
2022-11-08 19:12:09,782 [grpc-default-executor-3] INFO  leader.FollowerInfo (FollowerInfoImpl.java:lambda$new$0(48)) - s1@group-EA982605F2E5->s2: nextIndex: updateUnconditionally 5 -> 1
2022-11-08 19:12:09,782 [s2-server-thread1] DEBUG server.RaftServer$Division (RaftServerImpl.java:logAppendEntries(1421)) - s2@group-EA982605F2E5: receive appendEntries(s1, 2, (t:2, i:0), 4, true, commits:[s1:c4, s0:c4, s2:c0], cId:1662, entries: [(t:2, i:1), STATEMACHINELOGENTRY, 0@client-2EFB324ADA71, (t:2, i:2), METADATAENTRY(c:1), (t:2, i:3), STATEMACHINELOGENTRY, 999@client-AE8279CAF820, (t:2, i:4), METADATAENTRY(c:3)]
2022-11-08 19:12:09,782 [s2-server-thread1] INFO  server.RaftServer$Division (RaftServerImpl.java:checkInconsistentAppendEntries(1602)) - s2@group-EA982605F2E5: Failed appendEntries as previous log entry ((t:2, i:0)) is not found
2022-11-08 19:12:09,782 [s2-server-thread1] INFO  server.RaftServer$Division (RaftServerImpl.java:checkInconsistentAppendEntries(1572)) - s2@group-EA982605F2E5: inconsistency entries. Reply:s1<-s2#1662:FAIL-t2,INCONSISTENCY,nextIndex=0,followerCommit=0,matchIndex=-1
2022-11-08 19:12:09,783 [grpc-default-executor-3] INFO  leader.FollowerInfo (FollowerInfoImpl.java:lambda$new$0(48)) - s1@group-EA982605F2E5->s2: nextIndex: updateUnconditionally 5 -> 0
2022-11-08 19:12:09,783 [s2-server-thread1] DEBUG server.RaftServer$Division (RaftServerImpl.java:logAppendEntries(1421)) - s2@group-EA982605F2E5: receive appendEntries(s1, 2, null, 4, true, commits:[s1:c4, s0:c4, s2:c0], cId:1663, entries: [(t:2, i:0), CONFIGURATIONENTRY(current:id: "s0"
address: "localhost:34297"
dataStreamAddress: "localhost:43983"
clientAddress: "localhost:39609"
adminAddress: "localhost:37077"
startupRole: FOLLOWER
,id: "s1"
address: "localhost:38917"
dataStreamAddress: "localhost:45719"
clientAddress: "localhost:36975"
adminAddress: "localhost:40635"
startupRole: FOLLOWER
,id: "s2"
address: "localhost:35511"
dataStreamAddress: "localhost:38827"
clientAddress: "localhost:42865"
adminAddress: "localhost:36791"
startupRole: FOLLOWER
, old:), (t:2, i:1), STATEMACHINELOGENTRY, 0@client-2EFB324ADA71, (t:2, i:2), METADATAENTRY(c:1), (t:2, i:3), STATEMACHINELOGENTRY, 999@client-AE8279CAF820, (t:2, i:4), METADATAENTRY(c:3)]
2022-11-08 19:12:09,784 [s2-server-thread1] INFO  server.RaftServer$Division (RaftServerImpl.java:checkInconsistentAppendEntries(1592)) - s2@group-EA982605F2E5: Failed appendEntries as the first entry (index 0) already exists (snapshotIndex: -1, commitIndex: 0)
2022-11-08 19:12:09,784 [s2-server-thread1] INFO  server.RaftServer$Division (RaftServerImpl.java:checkInconsistentAppendEntries(1572)) - s2@group-EA982605F2E5: inconsistency entries. Reply:s1<-s2#1663:FAIL-t2,INCONSISTENCY,nextIndex=1,followerCommit=0,matchIndex=-1
2022-11-08 19:12:09,784 [grpc-default-executor-3] INFO  leader.FollowerInfo (FollowerInfoImpl.java:lambda$new$0(48)) - s1@group-EA982605F2E5->s2: nextIndex: updateUnconditionally 5 -> 1
2022-11-08 19:12:09,785 [s2-server-thread1] DEBUG server.RaftServer$Division (RaftServerImpl.java:logAppendEntries(1421)) - s2@group-EA982605F2E5: receive appendEntries(s1, 2, (t:2, i:0), 4, true, commits:[s1:c4, s0:c4, s2:c0], cId:1664, entries: [(t:2, i:1), STATEMACHINELOGENTRY, 0@client-2EFB324ADA71, (t:2, i:2), METADATAENTRY(c:1), (t:2, i:3), STATEMACHINELOGENTRY, 999@client-AE8279CAF820, (t:2, i:4), METADATAENTRY(c:3)]
2022-11-08 19:12:09,785 [s2-server-thread1] INFO  server.RaftServer$Division (RaftServerImpl.java:checkInconsistentAppendEntries(1602)) - s2@group-EA982605F2E5: Failed appendEntries as previous log entry ((t:2, i:0)) is not found
2022-11-08 19:12:09,785 [s2-server-thread1] INFO  server.RaftServer$Division (RaftServerImpl.java:checkInconsistentAppendEntries(1572)) - s2@group-EA982605F2E5: inconsistency entries. Reply:s1<-s2#1664:FAIL-t2,INCONSISTENCY,nextIndex=0,followerCommit=0,matchIndex=-1
2022-11-08 19:12:09,785 [grpc-default-executor-3] INFO  leader.FollowerInfo (FollowerInfoImpl.java:lambda$new$0(48)) - s1@group-EA982605F2E5->s2: nextIndex: updateUnconditionally 5 -> 0
2022-11-08 19:12:09,786 [s2-server-thread1] DEBUG server.RaftServer$Division (RaftServerImpl.java:logAppendEntries(1421)) - s2@group-EA982605F2E5: receive appendEntries(s1, 2, null, 4, true, commits:[s1:c4, s0:c4, s2:c0], cId:1665, entries: [(t:2, i:0), CONFIGURATIONENTRY(current:id: "s0"
address: "localhost:34297"
dataStreamAddress: "localhost:43983"
clientAddress: "localhost:39609"
adminAddress: "localhost:37077"
startupRole: FOLLOWER
,id: "s1"
address: "localhost:38917"
dataStreamAddress: "localhost:45719"
clientAddress: "localhost:36975"
adminAddress: "localhost:40635"
startupRole: FOLLOWER
,id: "s2"
address: "localhost:35511"
dataStreamAddress: "localhost:38827"
clientAddress: "localhost:42865"
adminAddress: "localhost:36791"
startupRole: FOLLOWER
, old:), (t:2, i:1), STATEMACHINELOGENTRY, 0@client-2EFB324ADA71, (t:2, i:2), METADATAENTRY(c:1), (t:2, i:3), STATEMACHINELOGENTRY, 999@client-AE8279CAF820, (t:2, i:4), METADATAENTRY(c:3)]
2022-11-08 19:12:09,786 [s2-server-thread1] INFO  server.RaftServer$Division (RaftServerImpl.java:checkInconsistentAppendEntries(1592)) - s2@group-EA982605F2E5: Failed appendEntries as the first entry (index 0) already exists (snapshotIndex: -1, commitIndex: 0)
2022-11-08 19:12:09,786 [s2-server-thread1] INFO  server.RaftServer$Division (RaftServerImpl.java:checkInconsistentAppendEntries(1572)) - s2@group-EA982605F2E5: inconsistency entries. Reply:s1<-s2#1665:FAIL-t2,INCONSISTENCY,nextIndex=1,followerCommit=0,matchIndex=-1
2022-11-08 19:12:09,786 [grpc-default-executor-3] INFO  leader.FollowerInfo (FollowerInfoImpl.java:lambda$new$0(48)) - s1@group-EA982605F2E5->s2: nextIndex: updateUnconditionally 5 -> 1
2022-11-08 19:12:09,787 [s2-server-thread1] DEBUG server.RaftServer$Division (RaftServerImpl.java:logAppendEntries(1421)) - s2@group-EA982605F2E5: receive appendEntries(s1, 2, (t:2, i:0), 4, true, commits:[s1:c4, s0:c4, s2:c0], cId:1666, entries: [(t:2, i:1), STATEMACHINELOGENTRY, 0@client-2EFB324ADA71, (t:2, i:2), METADATAENTRY(c:1), (t:2, i:3), STATEMACHINELOGENTRY, 999@client-AE8279CAF820, (t:2, i:4), METADATAENTRY(c:3)]
2022-11-08 19:12:09,787 [s2-server-thread1] INFO  server.RaftServer$Division (RaftServerImpl.java:checkInconsistentAppendEntries(1602)) - s2@group-EA982605F2E5: Failed appendEntries as previous log entry ((t:2, i:0)) is not found
2022-11-08 19:12:09,787 [s2-server-thread1] INFO  server.RaftServer$Division (RaftServerImpl.java:checkInconsistentAppendEntries(1572)) - s2@group-EA982605F2E5: inconsistency entries. Reply:s1<-s2#1666:FAIL-t2,INCONSISTENCY,nextIndex=0,followerCommit=0,matchIndex=-1
2022-11-08 19:12:09,787 [grpc-default-executor-3] INFO  leader.FollowerInfo (FollowerInfoImpl.java:lambda$new$0(48)) - s1@group-EA982605F2E5->s2: nextIndex: updateUnconditionally 5 -> 0
2022-11-08 19:12:09,788 [s2-server-thread1] DEBUG server.RaftServer$Division (RaftServerImpl.java:logAppendEntries(1421)) - s2@group-EA982605F2E5: receive appendEntries(s1, 2, null, 4, true, commits:[s1:c4, s0:c4, s2:c0], cId:1667, entries: [(t:2, i:0), CONFIGURATIONENTRY(current:id: "s0"
address: "localhost:34297"
dataStreamAddress: "localhost:43983"
clientAddress: "localhost:39609"
adminAddress: "localhost:37077"
startupRole: FOLLOWER
,id: "s1"
address: "localhost:38917"
dataStreamAddress: "localhost:45719"
clientAddress: "localhost:36975"
adminAddress: "localhost:40635"
startupRole: FOLLOWER
,id: "s2"
address: "localhost:35511"
dataStreamAddress: "localhost:38827"
clientAddress: "localhost:42865"
adminAddress: "localhost:36791"
startupRole: FOLLOWER
, old:), (t:2, i:1), STATEMACHINELOGENTRY, 0@client-2EFB324ADA71, (t:2, i:2), METADATAENTRY(c:1), (t:2, i:3), STATEMACHINELOGENTRY, 999@client-AE8279CAF820, (t:2, i:4), METADATAENTRY(c:3)]
2022-11-08 19:12:09,788 [s2-server-thread1] INFO  server.RaftServer$Division (RaftServerImpl.java:checkInconsistentAppendEntries(1592)) - s2@group-EA982605F2E5: Failed appendEntries as the first entry (index 0) already exists (snapshotIndex: -1, commitIndex: 0)
2022-11-08 19:12:09,788 [s2-server-thread1] INFO  server.RaftServer$Division (RaftServerImpl.java:checkInconsistentAppendEntries(1572)) - s2@group-EA982605F2E5: inconsistency entries. Reply:s1<-s2#1667:FAIL-t2,INCONSISTENCY,nextIndex=1,followerCommit=0,matchIndex=-1
2022-11-08 19:12:09,789 [grpc-default-executor-3] INFO  leader.FollowerInfo (FollowerInfoImpl.java:lambda$new$0(48)) - s1@group-EA982605F2E5->s2: nextIndex: updateUnconditionally 5 -> 1
2022-11-08 19:12:09,789 [s2-server-thread1] DEBUG server.RaftServer$Division (RaftServerImpl.java:logAppendEntries(1421)) - s2@group-EA982605F2E5: receive appendEntries(s1, 2, (t:2, i:0), 4, true, commits:[s1:c4, s0:c4, s2:c0], cId:1668, entries: [(t:2, i:1), STATEMACHINELOGENTRY, 0@client-2EFB324ADA71, (t:2, i:2), METADATAENTRY(c:1), (t:2, i:3), STATEMACHINELOGENTRY, 999@client-AE8279CAF820, (t:2, i:4), METADATAENTRY(c:3)]
2022-11-08 19:12:09,789 [s2-server-thread1] INFO  server.RaftServer$Division (RaftServerImpl.java:checkInconsistentAppendEntries(1602)) - s2@group-EA982605F2E5: Failed appendEntries as previous log entry ((t:2, i:0)) is not found
2022-11-08 19:12:09,789 [s2-server-thread1] INFO  server.RaftServer$Division (RaftServerImpl.java:checkInconsistentAppendEntries(1572)) - s2@group-EA982605F2E5: inconsistency entries. Reply:s1<-s2#1668:FAIL-t2,INCONSISTENCY,nextIndex=0,followerCommit=0,matchIndex=-1
2022-11-08 19:12:09,790 [grpc-default-executor-3] INFO  leader.FollowerInfo (FollowerInfoImpl.java:lambda$new$0(48)) - s1@group-EA982605F2E5->s2: nextIndex: updateUnconditionally 5 -> 0
2022-11-08 19:12:09,790 [s2-server-thread1] DEBUG server.RaftServer$Division (RaftServerImpl.java:logAppendEntries(1421)) - s2@group-EA982605F2E5: receive appendEntries(s1, 2, null, 4, true, commits:[s1:c4, s0:c4, s2:c0], cId:1669, entries: [(t:2, i:0), CONFIGURATIONENTRY(current:id: "s0"
address: "localhost:34297"
dataStreamAddress: "localhost:43983"
clientAddress: "localhost:39609"
adminAddress: "localhost:37077"
startupRole: FOLLOWER
,id: "s1"
address: "localhost:38917"
dataStreamAddress: "localhost:45719"
clientAddress: "localhost:36975"
adminAddress: "localhost:40635"
startupRole: FOLLOWER
,id: "s2"
address: "localhost:35511"
dataStreamAddress: "localhost:38827"
clientAddress: "localhost:42865"
adminAddress: "localhost:36791"
startupRole: FOLLOWER
, old:), (t:2, i:1), STATEMACHINELOGENTRY, 0@client-2EFB324ADA71, (t:2, i:2), METADATAENTRY(c:1), (t:2, i:3), STATEMACHINELOGENTRY, 999@client-AE8279CAF820, (t:2, i:4), METADATAENTRY(c:3)]
2022-11-08 19:12:09,790 [s2-server-thread1] INFO  server.RaftServer$Division (RaftServerImpl.java:checkInconsistentAppendEntries(1592)) - s2@group-EA982605F2E5: Failed appendEntries as the first entry (index 0) already exists (snapshotIndex: -1, commitIndex: 0)
2022-11-08 19:12:09,790 [s2-server-thread1] INFO  server.RaftServer$Division (RaftServerImpl.java:checkInconsistentAppendEntries(1572)) - s2@group-EA982605F2E5: inconsistency entries. Reply:s1<-s2#1669:FAIL-t2,INCONSISTENCY,nextIndex=1,followerCommit=0,matchIndex=-1
2022-11-08 19:12:09,791 [grpc-default-executor-3] INFO  leader.FollowerInfo (FollowerInfoImpl.java:lambda$new$0(48)) - s1@group-EA982605F2E5->s2: nextIndex: updateUnconditionally 5 -> 1
2022-11-08 19:12:09,791 [s2-server-thread1] DEBUG server.RaftServer$Division (RaftServerImpl.java:logAppendEntries(1421)) - s2@group-EA982605F2E5: receive appendEntries(s1, 2, (t:2, i:0), 4, true, commits:[s1:c4, s0:c4, s2:c0], cId:1670, entries: [(t:2, i:1), STATEMACHINELOGENTRY, 0@client-2EFB324ADA71, (t:2, i:2), METADATAENTRY(c:1), (t:2, i:3), STATEMACHINELOGENTRY, 999@client-AE8279CAF820, (t:2, i:4), METADATAENTRY(c:3)]
2022-11-08 19:12:09,792 [s2-server-thread1] INFO  server.RaftServer$Division (RaftServerImpl.java:checkInconsistentAppendEntries(1602)) - s2@group-EA982605F2E5: Failed appendEntries as previous log entry ((t:2, i:0)) is not found
2022-11-08 19:12:09,792 [s2-server-thread1] INFO  server.RaftServer$Division (RaftServerImpl.java:checkInconsistentAppendEntries(1572)) - s2@group-EA982605F2E5: inconsistency entries. Reply:s1<-s2#1670:FAIL-t2,INCONSISTENCY,nextIndex=0,followerCommit=0,matchIndex=-1
2022-11-08 19:12:09,792 [grpc-default-executor-3] INFO  leader.FollowerInfo (FollowerInfoImpl.java:lambda$new$0(48)) - s1@group-EA982605F2E5->s2: nextIndex: updateUnconditionally 5 -> 0
2022-11-08 19:12:09,793 [s2-server-thread1] DEBUG server.RaftServer$Division (RaftServerImpl.java:logAppendEntries(1421)) - s2@group-EA982605F2E5: receive appendEntries(s1, 2, null, 4, true, commits:[s1:c4, s0:c4, s2:c0], cId:1671, entries: [(t:2, i:0), CONFIGURATIONENTRY(current:id: "s0"
address: "localhost:34297"
dataStreamAddress: "localhost:43983"
clientAddress: "localhost:39609"
adminAddress: "localhost:37077"
startupRole: FOLLOWER
,id: "s1"
address: "localhost:38917"
dataStreamAddress: "localhost:45719"
clientAddress: "localhost:36975"
adminAddress: "localhost:40635"
startupRole: FOLLOWER
,id: "s2"
address: "localhost:35511"
dataStreamAddress: "localhost:38827"
clientAddress: "localhost:42865"
adminAddress: "localhost:36791"
startupRole: FOLLOWER
, old:), (t:2, i:1), STATEMACHINELOGENTRY, 0@client-2EFB324ADA71, (t:2, i:2), METADATAENTRY(c:1), (t:2, i:3), STATEMACHINELOGENTRY, 999@client-AE8279CAF820, (t:2, i:4), METADATAENTRY(c:3)]
2022-11-08 19:12:09,793 [s2-server-thread1] INFO  server.RaftServer$Division (RaftServerImpl.java:checkInconsistentAppendEntries(1592)) - s2@group-EA982605F2E5: Failed appendEntries as the first entry (index 0) already exists (snapshotIndex: -1, commitIndex: 0)
2022-11-08 19:12:09,793 [s2-server-thread1] INFO  server.RaftServer$Division (RaftServerImpl.java:checkInconsistentAppendEntries(1572)) - s2@group-EA982605F2E5: inconsistency entries. Reply:s1<-s2#1671:FAIL-t2,INCONSISTENCY,nextIndex=1,followerCommit=0,matchIndex=-1
2022-11-08 19:12:09,793 [grpc-default-executor-3] INFO  leader.FollowerInfo (FollowerInfoImpl.java:lambda$new$0(48)) - s1@group-EA982605F2E5->s2: nextIndex: updateUnconditionally 5 -> 1
2022-11-08 19:12:09,794 [s2-server-thread1] DEBUG server.RaftServer$Division (RaftServerImpl.java:logAppendEntries(1421)) - s2@group-EA982605F2E5: receive appendEntries(s1, 2, (t:2, i:0), 4, true, commits:[s1:c4, s0:c4, s2:c0], cId:1672, entries: [(t:2, i:1), STATEMACHINELOGENTRY, 0@client-2EFB324ADA71, (t:2, i:2), METADATAENTRY(c:1), (t:2, i:3), STATEMACHINELOGENTRY, 999@client-AE8279CAF820, (t:2, i:4), METADATAENTRY(c:3)]
2022-11-08 19:12:09,794 [s2-server-thread1] INFO  server.RaftServer$Division (RaftServerImpl.java:checkInconsistentAppendEntries(1602)) - s2@group-EA982605F2E5: Failed appendEntries as previous log entry ((t:2, i:0)) is not found
2022-11-08 19:12:09,794 [s2-server-thread1] INFO  server.RaftServer$Division (RaftServerImpl.java:checkInconsistentAppendEntries(1572)) - s2@group-EA982605F2E5: inconsistency entries. Reply:s1<-s2#1672:FAIL-t2,INCONSISTENCY,nextIndex=0,followerCommit=0,matchIndex=-1
2022-11-08 19:12:09,795 [grpc-default-executor-3] INFO  leader.FollowerInfo (FollowerInfoImpl.java:lambda$new$0(48)) - s1@group-EA982605F2E5->s2: nextIndex: updateUnconditionally 5 -> 0
2022-11-08 19:12:09,795 [s2-server-thread1] DEBUG server.RaftServer$Division (RaftServerImpl.java:logAppendEntries(1421)) - s2@group-EA982605F2E5: receive appendEntries(s1, 2, null, 4, true, commits:[s1:c4, s0:c4, s2:c0], cId:1673, entries: [(t:2, i:0), CONFIGURATIONENTRY(current:id: "s0"
address: "localhost:34297"
dataStreamAddress: "localhost:43983"
clientAddress: "localhost:39609"
adminAddress: "localhost:37077"
startupRole: FOLLOWER
,id: "s1"
address: "localhost:38917"
dataStreamAddress: "localhost:45719"
clientAddress: "localhost:36975"
adminAddress: "localhost:40635"
startupRole: FOLLOWER
,id: "s2"
address: "localhost:35511"
dataStreamAddress: "localhost:38827"
clientAddress: "localhost:42865"
adminAddress: "localhost:36791"
startupRole: FOLLOWER
, old:), (t:2, i:1), STATEMACHINELOGENTRY, 0@client-2EFB324ADA71, (t:2, i:2), METADATAENTRY(c:1), (t:2, i:3), STATEMACHINELOGENTRY, 999@client-AE8279CAF820, (t:2, i:4), METADATAENTRY(c:3)]
2022-11-08 19:12:09,796 [s2-server-thread1] INFO  server.RaftServer$Division (RaftServerImpl.java:checkInconsistentAppendEntries(1592)) - s2@group-EA982605F2E5: Failed appendEntries as the first entry (index 0) already exists (snapshotIndex: -1, commitIndex: 0)
2022-11-08 19:12:09,796 [s2-server-thread1] INFO  server.RaftServer$Division (RaftServerImpl.java:checkInconsistentAppendEntries(1572)) - s2@group-EA982605F2E5: inconsistency entries. Reply:s1<-s2#1673:FAIL-t2,INCONSISTENCY,nextIndex=1,followerCommit=0,matchIndex=-1
2022-11-08 19:12:09,796 [grpc-default-executor-3] INFO  leader.FollowerInfo (FollowerInfoImpl.java:lambda$new$0(48)) - s1@group-EA982605F2E5->s2: nextIndex: updateUnconditionally 5 -> 1
2022-11-08 19:12:09,797 [s2-server-thread2] DEBUG server.RaftServer$Division (RaftServerImpl.java:logAppendEntries(1421)) - s2@group-EA982605F2E5: receive appendEntries(s1, 2, (t:2, i:0), 4, true, commits:[s1:c4, s0:c4, s2:c0], cId:1674, entries: [(t:2, i:1), STATEMACHINELOGENTRY, 0@client-2EFB324ADA71, (t:2, i:2), METADATAENTRY(c:1), (t:2, i:3), STATEMACHINELOGENTRY, 999@client-AE8279CAF820, (t:2, i:4), METADATAENTRY(c:3)]
2022-11-08 19:12:09,797 [s2-server-thread2] INFO  server.RaftServer$Division (RaftServerImpl.java:checkInconsistentAppendEntries(1602)) - s2@group-EA982605F2E5: Failed appendEntries as previous log entry ((t:2, i:0)) is not found
2022-11-08 19:12:09,797 [s2-server-thread2] INFO  server.RaftServer$Division (RaftServerImpl.java:checkInconsistentAppendEntries(1572)) - s2@group-EA982605F2E5: inconsistency entries. Reply:s1<-s2#1674:FAIL-t2,INCONSISTENCY,nextIndex=0,followerCommit=0,matchIndex=-1
2022-11-08 19:12:09,797 [grpc-default-executor-3] INFO  leader.FollowerInfo (FollowerInfoImpl.java:lambda$new$0(48)) - s1@group-EA982605F2E5->s2: nextIndex: updateUnconditionally 5 -> 0
2022-11-08 19:12:09,798 [s2-server-thread1] DEBUG server.RaftServer$Division (RaftServerImpl.java:logAppendEntries(1421)) - s2@group-EA982605F2E5: receive appendEntries(s1, 2, null, 4, true, commits:[s1:c4, s0:c4, s2:c0], cId:1675, entries: [(t:2, i:0), CONFIGURATIONENTRY(current:id: "s0"
address: "localhost:34297"
dataStreamAddress: "localhost:43983"
clientAddress: "localhost:39609"
adminAddress: "localhost:37077"
startupRole: FOLLOWER
,id: "s1"
address: "localhost:38917"
dataStreamAddress: "localhost:45719"
clientAddress: "localhost:36975"
adminAddress: "localhost:40635"
startupRole: FOLLOWER
,id: "s2"
address: "localhost:35511"
dataStreamAddress: "localhost:38827"
clientAddress: "localhost:42865"
adminAddress: "localhost:36791"
startupRole: FOLLOWER
, old:), (t:2, i:1), STATEMACHINELOGENTRY, 0@client-2EFB324ADA71, (t:2, i:2), METADATAENTRY(c:1), (t:2, i:3), STATEMACHINELOGENTRY, 999@client-AE8279CAF820, (t:2, i:4), METADATAENTRY(c:3)]
2022-11-08 19:12:09,798 [s2-server-thread1] INFO  server.RaftServer$Division (RaftServerImpl.java:checkInconsistentAppendEntries(1592)) - s2@group-EA982605F2E5: Failed appendEntries as the first entry (index 0) already exists (snapshotIndex: -1, commitIndex: 0)
2022-11-08 19:12:09,798 [s2-server-thread1] INFO  server.RaftServer$Division (RaftServerImpl.java:checkInconsistentAppendEntries(1572)) - s2@group-EA982605F2E5: inconsistency entries. Reply:s1<-s2#1675:FAIL-t2,INCONSISTENCY,nextIndex=1,followerCommit=0,matchIndex=-1
2022-11-08 19:12:09,798 [grpc-default-executor-3] INFO  leader.FollowerInfo (FollowerInfoImpl.java:lambda$new$0(48)) - s1@group-EA982605F2E5->s2: nextIndex: updateUnconditionally 5 -> 1
2022-11-08 19:12:09,799 [s2-server-thread1] DEBUG server.RaftServer$Division (RaftServerImpl.java:logAppendEntries(1421)) - s2@group-EA982605F2E5: receive appendEntries(s1, 2, (t:2, i:0), 4, true, commits:[s1:c4, s0:c4, s2:c0], cId:1676, entries: [(t:2, i:1), STATEMACHINELOGENTRY, 0@client-2EFB324ADA71, (t:2, i:2), METADATAENTRY(c:1), (t:2, i:3), STATEMACHINELOGENTRY, 999@client-AE8279CAF820, (t:2, i:4), METADATAENTRY(c:3)]
2022-11-08 19:12:09,799 [s2-server-thread1] INFO  server.RaftServer$Division (RaftServerImpl.java:checkInconsistentAppendEntries(1602)) - s2@group-EA982605F2E5: Failed appendEntries as previous log entry ((t:2, i:0)) is not found
2022-11-08 19:12:09,799 [s2-server-thread1] INFO  server.RaftServer$Division (RaftServerImpl.java:checkInconsistentAppendEntries(1572)) - s2@group-EA982605F2E5: inconsistency entries. Reply:s1<-s2#1676:FAIL-t2,INCONSISTENCY,nextIndex=0,followerCommit=0,matchIndex=-1
2022-11-08 19:12:09,800 [grpc-default-executor-3] INFO  leader.FollowerInfo (FollowerInfoImpl.java:lambda$new$0(48)) - s1@group-EA982605F2E5->s2: nextIndex: updateUnconditionally 5 -> 0
2022-11-08 19:12:09,800 [s2-server-thread1] DEBUG server.RaftServer$Division (RaftServerImpl.java:logAppendEntries(1421)) - s2@group-EA982605F2E5: receive appendEntries(s1, 2, null, 4, true, commits:[s1:c4, s0:c4, s2:c0], cId:1677, entries: [(t:2, i:0), CONFIGURATIONENTRY(current:id: "s0"
address: "localhost:34297"
dataStreamAddress: "localhost:43983"
clientAddress: "localhost:39609"
adminAddress: "localhost:37077"
startupRole: FOLLOWER
,id: "s1"
address: "localhost:38917"
dataStreamAddress: "localhost:45719"
clientAddress: "localhost:36975"
adminAddress: "localhost:40635"
startupRole: FOLLOWER
,id: "s2"
address: "localhost:35511"
dataStreamAddress: "localhost:38827"
clientAddress: "localhost:42865"
adminAddress: "localhost:36791"
startupRole: FOLLOWER
, old:), (t:2, i:1), STATEMACHINELOGENTRY, 0@client-2EFB324ADA71, (t:2, i:2), METADATAENTRY(c:1), (t:2, i:3), STATEMACHINELOGENTRY, 999@client-AE8279CAF820, (t:2, i:4), METADATAENTRY(c:3)]
2022-11-08 19:12:09,800 [s2-server-thread1] INFO  server.RaftServer$Division (RaftServerImpl.java:checkInconsistentAppendEntries(1592)) - s2@group-EA982605F2E5: Failed appendEntries as the first entry (index 0) already exists (snapshotIndex: -1, commitIndex: 0)
2022-11-08 19:12:09,801 [s2-server-thread1] INFO  server.RaftServer$Division (RaftServerImpl.java:checkInconsistentAppendEntries(1572)) - s2@group-EA982605F2E5: inconsistency entries. Reply:s1<-s2#1677:FAIL-t2,INCONSISTENCY,nextIndex=1,followerCommit=0,matchIndex=-1
2022-11-08 19:12:09,801 [grpc-default-executor-3] INFO  leader.FollowerInfo (FollowerInfoImpl.java:lambda$new$0(48)) - s1@group-EA982605F2E5->s2: nextIndex: updateUnconditionally 5 -> 1
2022-11-08 19:12:09,801 [s2-server-thread1] DEBUG server.RaftServer$Division (RaftServerImpl.java:logAppendEntries(1421)) - s2@group-EA982605F2E5: receive appendEntries(s1, 2, (t:2, i:0), 4, true, commits:[s1:c4, s0:c4, s2:c0], cId:1678, entries: [(t:2, i:1), STATEMACHINELOGENTRY, 0@client-2EFB324ADA71, (t:2, i:2), METADATAENTRY(c:1), (t:2, i:3), STATEMACHINELOGENTRY, 999@client-AE8279CAF820, (t:2, i:4), METADATAENTRY(c:3)]
2022-11-08 19:12:09,802 [s2-server-thread1] INFO  server.RaftServer$Division (RaftServerImpl.java:checkInconsistentAppendEntries(1602)) - s2@group-EA982605F2E5: Failed appendEntries as previous log entry ((t:2, i:0)) is not found
2022-11-08 19:12:09,802 [s2-server-thread1] INFO  server.RaftServer$Division (RaftServerImpl.java:checkInconsistentAppendEntries(1572)) - s2@group-EA982605F2E5: inconsistency entries. Reply:s1<-s2#1678:FAIL-t2,INCONSISTENCY,nextIndex=0,followerCommit=0,matchIndex=-1
2022-11-08 19:12:09,802 [grpc-default-executor-3] INFO  leader.FollowerInfo (FollowerInfoImpl.java:lambda$new$0(48)) - s1@group-EA982605F2E5->s2: nextIndex: updateUnconditionally 5 -> 0
2022-11-08 19:12:09,803 [s2-server-thread2] DEBUG server.RaftServer$Division (RaftServerImpl.java:logAppendEntries(1421)) - s2@group-EA982605F2E5: receive appendEntries(s1, 2, null, 4, true, commits:[s1:c4, s0:c4, s2:c0], cId:1679, entries: [(t:2, i:0), CONFIGURATIONENTRY(current:id: "s0"
address: "localhost:34297"
dataStreamAddress: "localhost:43983"
clientAddress: "localhost:39609"
adminAddress: "localhost:37077"
startupRole: FOLLOWER
,id: "s1"
address: "localhost:38917"
dataStreamAddress: "localhost:45719"
clientAddress: "localhost:36975"
adminAddress: "localhost:40635"
startupRole: FOLLOWER
,id: "s2"
address: "localhost:35511"
dataStreamAddress: "localhost:38827"
clientAddress: "localhost:42865"
adminAddress: "localhost:36791"
startupRole: FOLLOWER
, old:), (t:2, i:1), STATEMACHINELOGENTRY, 0@client-2EFB324ADA71, (t:2, i:2), METADATAENTRY(c:1), (t:2, i:3), STATEMACHINELOGENTRY, 999@client-AE8279CAF820, (t:2, i:4), METADATAENTRY(c:3)]
2022-11-08 19:12:09,803 [s2-server-thread2] INFO  server.RaftServer$Division (RaftServerImpl.java:checkInconsistentAppendEntries(1592)) - s2@group-EA982605F2E5: Failed appendEntries as the first entry (index 0) already exists (snapshotIndex: -1, commitIndex: 0)
2022-11-08 19:12:09,803 [s2-server-thread2] INFO  server.RaftServer$Division (RaftServerImpl.java:checkInconsistentAppendEntries(1572)) - s2@group-EA982605F2E5: inconsistency entries. Reply:s1<-s2#1679:FAIL-t2,INCONSISTENCY,nextIndex=1,followerCommit=0,matchIndex=-1
2022-11-08 19:12:09,803 [grpc-default-executor-3] INFO  leader.FollowerInfo (FollowerInfoImpl.java:lambda$new$0(48)) - s1@group-EA982605F2E5->s2: nextIndex: updateUnconditionally 5 -> 1
2022-11-08 19:12:09,804 [s2-server-thread1] DEBUG server.RaftServer$Division (RaftServerImpl.java:logAppendEntries(1421)) - s2@group-EA982605F2E5: receive appendEntries(s1, 2, (t:2, i:0), 4, true, commits:[s1:c4, s0:c4, s2:c0], cId:1680, entries: [(t:2, i:1), STATEMACHINELOGENTRY, 0@client-2EFB324ADA71, (t:2, i:2), METADATAENTRY(c:1), (t:2, i:3), STATEMACHINELOGENTRY, 999@client-AE8279CAF820, (t:2, i:4), METADATAENTRY(c:3)]
2022-11-08 19:12:09,804 [s2-server-thread1] INFO  server.RaftServer$Division (RaftServerImpl.java:checkInconsistentAppendEntries(1602)) - s2@group-EA982605F2E5: Failed appendEntries as previous log entry ((t:2, i:0)) is not found
2022-11-08 19:12:09,804 [s2-server-thread1] INFO  server.RaftServer$Division (RaftServerImpl.java:checkInconsistentAppendEntries(1572)) - s2@group-EA982605F2E5: inconsistency entries. Reply:s1<-s2#1680:FAIL-t2,INCONSISTENCY,nextIndex=0,followerCommit=0,matchIndex=-1
2022-11-08 19:12:09,804 [grpc-default-executor-3] INFO  leader.FollowerInfo (FollowerInfoImpl.java:lambda$new$0(48)) - s1@group-EA982605F2E5->s2: nextIndex: updateUnconditionally 5 -> 0
2022-11-08 19:12:09,805 [s2-server-thread1] DEBUG server.RaftServer$Division (RaftServerImpl.java:logAppendEntries(1421)) - s2@group-EA982605F2E5: receive appendEntries(s1, 2, null, 4, true, commits:[s1:c4, s0:c4, s2:c0], cId:1681, entries: [(t:2, i:0), CONFIGURATIONENTRY(current:id: "s0"
address: "localhost:34297"
dataStreamAddress: "localhost:43983"
clientAddress: "localhost:39609"
adminAddress: "localhost:37077"
startupRole: FOLLOWER
,id: "s1"
address: "localhost:38917"
dataStreamAddress: "localhost:45719"
clientAddress: "localhost:36975"
adminAddress: "localhost:40635"
startupRole: FOLLOWER
,id: "s2"
address: "localhost:35511"
dataStreamAddress: "localhost:38827"
clientAddress: "localhost:42865"
adminAddress: "localhost:36791"
startupRole: FOLLOWER
, old:), (t:2, i:1), STATEMACHINELOGENTRY, 0@client-2EFB324ADA71, (t:2, i:2), METADATAENTRY(c:1), (t:2, i:3), STATEMACHINELOGENTRY, 999@client-AE8279CAF820, (t:2, i:4), METADATAENTRY(c:3)]
2022-11-08 19:12:09,805 [s2-server-thread1] INFO  server.RaftServer$Division (RaftServerImpl.java:checkInconsistentAppendEntries(1592)) - s2@group-EA982605F2E5: Failed appendEntries as the first entry (index 0) already exists (snapshotIndex: -1, commitIndex: 0)
2022-11-08 19:12:09,805 [s2-server-thread1] INFO  server.RaftServer$Division (RaftServerImpl.java:checkInconsistentAppendEntries(1572)) - s2@group-EA982605F2E5: inconsistency entries. Reply:s1<-s2#1681:FAIL-t2,INCONSISTENCY,nextIndex=1,followerCommit=0,matchIndex=-1
2022-11-08 19:12:09,806 [grpc-default-executor-3] INFO  leader.FollowerInfo (FollowerInfoImpl.java:lambda$new$0(48)) - s1@group-EA982605F2E5->s2: nextIndex: updateUnconditionally 5 -> 1
2022-11-08 19:12:09,806 [s2-server-thread1] DEBUG server.RaftServer$Division (RaftServerImpl.java:logAppendEntries(1421)) - s2@group-EA982605F2E5: receive appendEntries(s1, 2, (t:2, i:0), 4, true, commits:[s1:c4, s0:c4, s2:c0], cId:1682, entries: [(t:2, i:1), STATEMACHINELOGENTRY, 0@client-2EFB324ADA71, (t:2, i:2), METADATAENTRY(c:1), (t:2, i:3), STATEMACHINELOGENTRY, 999@client-AE8279CAF820, (t:2, i:4), METADATAENTRY(c:3)]
2022-11-08 19:12:09,807 [s2-server-thread1] INFO  server.RaftServer$Division (RaftServerImpl.java:checkInconsistentAppendEntries(1602)) - s2@group-EA982605F2E5: Failed appendEntries as previous log entry ((t:2, i:0)) is not found
2022-11-08 19:12:09,807 [s2-server-thread1] INFO  server.RaftServer$Division (RaftServerImpl.java:checkInconsistentAppendEntries(1572)) - s2@group-EA982605F2E5: inconsistency entries. Reply:s1<-s2#1682:FAIL-t2,INCONSISTENCY,nextIndex=0,followerCommit=0,matchIndex=-1
2022-11-08 19:12:09,807 [grpc-default-executor-3] INFO  leader.FollowerInfo (FollowerInfoImpl.java:lambda$new$0(48)) - s1@group-EA982605F2E5->s2: nextIndex: updateUnconditionally 5 -> 0
2022-11-08 19:12:09,808 [s2-server-thread2] DEBUG server.RaftServer$Division (RaftServerImpl.java:logAppendEntries(1421)) - s2@group-EA982605F2E5: receive appendEntries(s1, 2, null, 4, true, commits:[s1:c4, s0:c4, s2:c0], cId:1683, entries: [(t:2, i:0), CONFIGURATIONENTRY(current:id: "s0"
address: "localhost:34297"
dataStreamAddress: "localhost:43983"
clientAddress: "localhost:39609"
adminAddress: "localhost:37077"
startupRole: FOLLOWER
,id: "s1"
address: "localhost:38917"
dataStreamAddress: "localhost:45719"
clientAddress: "localhost:36975"
adminAddress: "localhost:40635"
startupRole: FOLLOWER
,id: "s2"
address: "localhost:35511"
dataStreamAddress: "localhost:38827"
clientAddress: "localhost:42865"
adminAddress: "localhost:36791"
startupRole: FOLLOWER
, old:), (t:2, i:1), STATEMACHINELOGENTRY, 0@client-2EFB324ADA71, (t:2, i:2), METADATAENTRY(c:1), (t:2, i:3), STATEMACHINELOGENTRY, 999@client-AE8279CAF820, (t:2, i:4), METADATAENTRY(c:3)]
2022-11-08 19:12:09,808 [s2-server-thread2] INFO  server.RaftServer$Division (RaftServerImpl.java:checkInconsistentAppendEntries(1592)) - s2@group-EA982605F2E5: Failed appendEntries as the first entry (index 0) already exists (snapshotIndex: -1, commitIndex: 0)
2022-11-08 19:12:09,808 [s2-server-thread2] INFO  server.RaftServer$Division (RaftServerImpl.java:checkInconsistentAppendEntries(1572)) - s2@group-EA982605F2E5: inconsistency entries. Reply:s1<-s2#1683:FAIL-t2,INCONSISTENCY,nextIndex=1,followerCommit=0,matchIndex=-1
2022-11-08 19:12:09,808 [grpc-default-executor-3] INFO  leader.FollowerInfo (FollowerInfoImpl.java:lambda$new$0(48)) - s1@group-EA982605F2E5->s2: nextIndex: updateUnconditionally 5 -> 1
2022-11-08 19:12:09,809 [s2-server-thread1] DEBUG server.RaftServer$Division (RaftServerImpl.java:logAppendEntries(1421)) - s2@group-EA982605F2E5: receive appendEntries(s1, 2, (t:2, i:0), 4, true, commits:[s1:c4, s0:c4, s2:c0], cId:1684, entries: [(t:2, i:1), STATEMACHINELOGENTRY, 0@client-2EFB324ADA71, (t:2, i:2), METADATAENTRY(c:1), (t:2, i:3), STATEMACHINELOGENTRY, 999@client-AE8279CAF820, (t:2, i:4), METADATAENTRY(c:3)]
2022-11-08 19:12:09,809 [s2-server-thread1] INFO  server.RaftServer$Division (RaftServerImpl.java:checkInconsistentAppendEntries(1602)) - s2@group-EA982605F2E5: Failed appendEntries as previous log entry ((t:2, i:0)) is not found
2022-11-08 19:12:09,809 [s2-server-thread1] INFO  server.RaftServer$Division (RaftServerImpl.java:checkInconsistentAppendEntries(1572)) - s2@group-EA982605F2E5: inconsistency entries. Reply:s1<-s2#1684:FAIL-t2,INCONSISTENCY,nextIndex=0,followerCommit=0,matchIndex=-1
2022-11-08 19:12:09,809 [grpc-default-executor-3] INFO  leader.FollowerInfo (FollowerInfoImpl.java:lambda$new$0(48)) - s1@group-EA982605F2E5->s2: nextIndex: updateUnconditionally 5 -> 0
2022-11-08 19:12:09,810 [s2-server-thread1] DEBUG server.RaftServer$Division (RaftServerImpl.java:logAppendEntries(1421)) - s2@group-EA982605F2E5: receive appendEntries(s1, 2, null, 4, true, commits:[s1:c4, s0:c4, s2:c0], cId:1685, entries: [(t:2, i:0), CONFIGURATIONENTRY(current:id: "s0"
address: "localhost:34297"
dataStreamAddress: "localhost:43983"
clientAddress: "localhost:39609"
adminAddress: "localhost:37077"
startupRole: FOLLOWER
,id: "s1"
address: "localhost:38917"
dataStreamAddress: "localhost:45719"
clientAddress: "localhost:36975"
adminAddress: "localhost:40635"
startupRole: FOLLOWER
,id: "s2"
address: "localhost:35511"
dataStreamAddress: "localhost:38827"
clientAddress: "localhost:42865"
adminAddress: "localhost:36791"
startupRole: FOLLOWER
, old:), (t:2, i:1), STATEMACHINELOGENTRY, 0@client-2EFB324ADA71, (t:2, i:2), METADATAENTRY(c:1), (t:2, i:3), STATEMACHINELOGENTRY, 999@client-AE8279CAF820, (t:2, i:4), METADATAENTRY(c:3)]
2022-11-08 19:12:09,810 [s2-server-thread1] INFO  server.RaftServer$Division (RaftServerImpl.java:checkInconsistentAppendEntries(1592)) - s2@group-EA982605F2E5: Failed appendEntries as the first entry (index 0) already exists (snapshotIndex: -1, commitIndex: 0)
2022-11-08 19:12:09,810 [s2-server-thread1] INFO  server.RaftServer$Division (RaftServerImpl.java:checkInconsistentAppendEntries(1572)) - s2@group-EA982605F2E5: inconsistency entries. Reply:s1<-s2#1685:FAIL-t2,INCONSISTENCY,nextIndex=1,followerCommit=0,matchIndex=-1
2022-11-08 19:12:09,810 [grpc-default-executor-3] INFO  leader.FollowerInfo (FollowerInfoImpl.java:lambda$new$0(48)) - s1@group-EA982605F2E5->s2: nextIndex: updateUnconditionally 5 -> 1
2022-11-08 19:12:09,811 [s2-server-thread1] DEBUG server.RaftServer$Division (RaftServerImpl.java:logAppendEntries(1421)) - s2@group-EA982605F2E5: receive appendEntries(s1, 2, (t:2, i:0), 4, true, commits:[s1:c4, s0:c4, s2:c0], cId:1686, entries: [(t:2, i:1), STATEMACHINELOGENTRY, 0@client-2EFB324ADA71, (t:2, i:2), METADATAENTRY(c:1), (t:2, i:3), STATEMACHINELOGENTRY, 999@client-AE8279CAF820, (t:2, i:4), METADATAENTRY(c:3)]
2022-11-08 19:12:09,811 [s2-server-thread1] INFO  server.RaftServer$Division (RaftServerImpl.java:checkInconsistentAppendEntries(1602)) - s2@group-EA982605F2E5: Failed appendEntries as previous log entry ((t:2, i:0)) is not found
2022-11-08 19:12:09,811 [s2-server-thread1] INFO  server.RaftServer$Division (RaftServerImpl.java:checkInconsistentAppendEntries(1572)) - s2@group-EA982605F2E5: inconsistency entries. Reply:s1<-s2#1686:FAIL-t2,INCONSISTENCY,nextIndex=0,followerCommit=0,matchIndex=-1
2022-11-08 19:12:09,812 [grpc-default-executor-3] INFO  leader.FollowerInfo (FollowerInfoImpl.java:lambda$new$0(48)) - s1@group-EA982605F2E5->s2: nextIndex: updateUnconditionally 5 -> 0
2022-11-08 19:12:09,812 [s2-server-thread1] DEBUG server.RaftServer$Division (RaftServerImpl.java:logAppendEntries(1421)) - s2@group-EA982605F2E5: receive appendEntries(s1, 2, null, 4, true, commits:[s1:c4, s0:c4, s2:c0], cId:1687, entries: [(t:2, i:0), CONFIGURATIONENTRY(current:id: "s0"
address: "localhost:34297"
dataStreamAddress: "localhost:43983"
clientAddress: "localhost:39609"
adminAddress: "localhost:37077"
startupRole: FOLLOWER
,id: "s1"
address: "localhost:38917"
dataStreamAddress: "localhost:45719"
clientAddress: "localhost:36975"
adminAddress: "localhost:40635"
startupRole: FOLLOWER
,id: "s2"
address: "localhost:35511"
dataStreamAddress: "localhost:38827"
clientAddress: "localhost:42865"
adminAddress: "localhost:36791"
startupRole: FOLLOWER
, old:), (t:2, i:1), STATEMACHINELOGENTRY, 0@client-2EFB324ADA71, (t:2, i:2), METADATAENTRY(c:1), (t:2, i:3), STATEMACHINELOGENTRY, 999@client-AE8279CAF820, (t:2, i:4), METADATAENTRY(c:3)]
2022-11-08 19:12:09,812 [s2-server-thread1] INFO  server.RaftServer$Division (RaftServerImpl.java:checkInconsistentAppendEntries(1592)) - s2@group-EA982605F2E5: Failed appendEntries as the first entry (index 0) already exists (snapshotIndex: -1, commitIndex: 0)
2022-11-08 19:12:09,813 [s2-server-thread1] INFO  server.RaftServer$Division (RaftServerImpl.java:checkInconsistentAppendEntries(1572)) - s2@group-EA982605F2E5: inconsistency entries. Reply:s1<-s2#1687:FAIL-t2,INCONSISTENCY,nextIndex=1,followerCommit=0,matchIndex=-1
2022-11-08 19:12:09,813 [grpc-default-executor-3] INFO  leader.FollowerInfo (FollowerInfoImpl.java:lambda$new$0(48)) - s1@group-EA982605F2E5->s2: nextIndex: updateUnconditionally 5 -> 1
2022-11-08 19:12:09,813 [s2-server-thread2] DEBUG server.RaftServer$Division (RaftServerImpl.java:logAppendEntries(1421)) - s2@group-EA982605F2E5: receive appendEntries(s1, 2, (t:2, i:0), 4, true, commits:[s1:c4, s0:c4, s2:c0], cId:1688, entries: [(t:2, i:1), STATEMACHINELOGENTRY, 0@client-2EFB324ADA71, (t:2, i:2), METADATAENTRY(c:1), (t:2, i:3), STATEMACHINELOGENTRY, 999@client-AE8279CAF820, (t:2, i:4), METADATAENTRY(c:3)]
2022-11-08 19:12:09,813 [s2-server-thread2] INFO  server.RaftServer$Division (RaftServerImpl.java:checkInconsistentAppendEntries(1602)) - s2@group-EA982605F2E5: Failed appendEntries as previous log entry ((t:2, i:0)) is not found
2022-11-08 19:12:09,814 [s2-server-thread2] INFO  server.RaftServer$Division (RaftServerImpl.java:checkInconsistentAppendEntries(1572)) - s2@group-EA982605F2E5: inconsistency entries. Reply:s1<-s2#1688:FAIL-t2,INCONSISTENCY,nextIndex=0,followerCommit=0,matchIndex=-1
2022-11-08 19:12:09,814 [grpc-default-executor-0] INFO  leader.FollowerInfo (FollowerInfoImpl.java:lambda$new$0(48)) - s1@group-EA982605F2E5->s2: nextIndex: updateUnconditionally 5 -> 0
2022-11-08 19:12:09,815 [s2-server-thread1] DEBUG server.RaftServer$Division (RaftServerImpl.java:logAppendEntries(1421)) - s2@group-EA982605F2E5: receive appendEntries(s1, 2, null, 4, true, commits:[s1:c4, s0:c4, s2:c0], cId:1689, entries: [(t:2, i:0), CONFIGURATIONENTRY(current:id: "s0"
address: "localhost:34297"
dataStreamAddress: "localhost:43983"
clientAddress: "localhost:39609"
adminAddress: "localhost:37077"
startupRole: FOLLOWER
,id: "s1"
address: "localhost:38917"
dataStreamAddress: "localhost:45719"
clientAddress: "localhost:36975"
adminAddress: "localhost:40635"
startupRole: FOLLOWER
,id: "s2"
address: "localhost:35511"
dataStreamAddress: "localhost:38827"
clientAddress: "localhost:42865"
adminAddress: "localhost:36791"
startupRole: FOLLOWER
, old:), (t:2, i:1), STATEMACHINELOGENTRY, 0@client-2EFB324ADA71, (t:2, i:2), METADATAENTRY(c:1), (t:2, i:3), STATEMACHINELOGENTRY, 999@client-AE8279CAF820, (t:2, i:4), METADATAENTRY(c:3)]
2022-11-08 19:12:09,815 [s2-server-thread1] INFO  server.RaftServer$Division (RaftServerImpl.java:checkInconsistentAppendEntries(1592)) - s2@group-EA982605F2E5: Failed appendEntries as the first entry (index 0) already exists (snapshotIndex: -1, commitIndex: 0)
2022-11-08 19:12:09,815 [s2-server-thread1] INFO  server.RaftServer$Division (RaftServerImpl.java:checkInconsistentAppendEntries(1572)) - s2@group-EA982605F2E5: inconsistency entries. Reply:s1<-s2#1689:FAIL-t2,INCONSISTENCY,nextIndex=1,followerCommit=0,matchIndex=-1
2022-11-08 19:12:09,816 [grpc-default-executor-0] INFO  leader.FollowerInfo (FollowerInfoImpl.java:lambda$new$0(48)) - s1@group-EA982605F2E5->s2: nextIndex: updateUnconditionally 5 -> 1
2022-11-08 19:12:09,816 [s2-server-thread2] DEBUG server.RaftServer$Division (RaftServerImpl.java:logAppendEntries(1421)) - s2@group-EA982605F2E5: receive appendEntries(s1, 2, (t:2, i:0), 4, true, commits:[s1:c4, s0:c4, s2:c0], cId:1690, entries: [(t:2, i:1), STATEMACHINELOGENTRY, 0@client-2EFB324ADA71, (t:2, i:2), METADATAENTRY(c:1), (t:2, i:3), STATEMACHINELOGENTRY, 999@client-AE8279CAF820, (t:2, i:4), METADATAENTRY(c:3)]
2022-11-08 19:12:09,817 [s2-server-thread2] INFO  server.RaftServer$Division (RaftServerImpl.java:checkInconsistentAppendEntries(1602)) - s2@group-EA982605F2E5: Failed appendEntries as previous log entry ((t:2, i:0)) is not found
2022-11-08 19:12:09,817 [s2-server-thread2] INFO  server.RaftServer$Division (RaftServerImpl.java:checkInconsistentAppendEntries(1572)) - s2@group-EA982605F2E5: inconsistency entries. Reply:s1<-s2#1690:FAIL-t2,INCONSISTENCY,nextIndex=0,followerCommit=0,matchIndex=-1
2022-11-08 19:12:09,817 [grpc-default-executor-0] INFO  leader.FollowerInfo (FollowerInfoImpl.java:lambda$new$0(48)) - s1@group-EA982605F2E5->s2: nextIndex: updateUnconditionally 5 -> 0
2022-11-08 19:12:09,818 [s2-server-thread1] DEBUG server.RaftServer$Division (RaftServerImpl.java:logAppendEntries(1421)) - s2@group-EA982605F2E5: receive appendEntries(s1, 2, null, 4, true, commits:[s1:c4, s0:c4, s2:c0], cId:1691, entries: [(t:2, i:0), CONFIGURATIONENTRY(current:id: "s0"
address: "localhost:34297"
dataStreamAddress: "localhost:43983"
clientAddress: "localhost:39609"
adminAddress: "localhost:37077"
startupRole: FOLLOWER
,id: "s1"
address: "localhost:38917"
dataStreamAddress: "localhost:45719"
clientAddress: "localhost:36975"
adminAddress: "localhost:40635"
startupRole: FOLLOWER
,id: "s2"
address: "localhost:35511"
dataStreamAddress: "localhost:38827"
clientAddress: "localhost:42865"
adminAddress: "localhost:36791"
startupRole: FOLLOWER
, old:), (t:2, i:1), STATEMACHINELOGENTRY, 0@client-2EFB324ADA71, (t:2, i:2), METADATAENTRY(c:1), (t:2, i:3), STATEMACHINELOGENTRY, 999@client-AE8279CAF820, (t:2, i:4), METADATAENTRY(c:3)]
2022-11-08 19:12:09,818 [s2-server-thread1] INFO  server.RaftServer$Division (RaftServerImpl.java:checkInconsistentAppendEntries(1592)) - s2@group-EA982605F2E5: Failed appendEntries as the first entry (index 0) already exists (snapshotIndex: -1, commitIndex: 0)
2022-11-08 19:12:09,818 [s2-server-thread1] INFO  server.RaftServer$Division (RaftServerImpl.java:checkInconsistentAppendEntries(1572)) - s2@group-EA982605F2E5: inconsistency entries. Reply:s1<-s2#1691:FAIL-t2,INCONSISTENCY,nextIndex=1,followerCommit=0,matchIndex=-1
2022-11-08 19:12:09,819 [grpc-default-executor-0] INFO  leader.FollowerInfo (FollowerInfoImpl.java:lambda$new$0(48)) - s1@group-EA982605F2E5->s2: nextIndex: updateUnconditionally 5 -> 1
2022-11-08 19:12:09,819 [s2-server-thread1] DEBUG server.RaftServer$Division (RaftServerImpl.java:logAppendEntries(1421)) - s2@group-EA982605F2E5: receive appendEntries(s1, 2, (t:2, i:0), 4, true, commits:[s1:c4, s0:c4, s2:c0], cId:1692, entries: [(t:2, i:1), STATEMACHINELOGENTRY, 0@client-2EFB324ADA71, (t:2, i:2), METADATAENTRY(c:1), (t:2, i:3), STATEMACHINELOGENTRY, 999@client-AE8279CAF820, (t:2, i:4), METADATAENTRY(c:3)]
2022-11-08 19:12:09,819 [s2-server-thread1] INFO  server.RaftServer$Division (RaftServerImpl.java:checkInconsistentAppendEntries(1602)) - s2@group-EA982605F2E5: Failed appendEntries as previous log entry ((t:2, i:0)) is not found
2022-11-08 19:12:09,820 [s2-server-thread1] INFO  server.RaftServer$Division (RaftServerImpl.java:checkInconsistentAppendEntries(1572)) - s2@group-EA982605F2E5: inconsistency entries. Reply:s1<-s2#1692:FAIL-t2,INCONSISTENCY,nextIndex=0,followerCommit=0,matchIndex=-1
2022-11-08 19:12:09,820 [grpc-default-executor-0] INFO  leader.FollowerInfo (FollowerInfoImpl.java:lambda$new$0(48)) - s1@group-EA982605F2E5->s2: nextIndex: updateUnconditionally 5 -> 0
2022-11-08 19:12:09,821 [s2-server-thread1] DEBUG server.RaftServer$Division (RaftServerImpl.java:logAppendEntries(1421)) - s2@group-EA982605F2E5: receive appendEntries(s1, 2, null, 4, true, commits:[s1:c4, s0:c4, s2:c0], cId:1693, entries: [(t:2, i:0), CONFIGURATIONENTRY(current:id: "s0"
address: "localhost:34297"
dataStreamAddress: "localhost:43983"
clientAddress: "localhost:39609"
adminAddress: "localhost:37077"
startupRole: FOLLOWER
,id: "s1"
address: "localhost:38917"
dataStreamAddress: "localhost:45719"
clientAddress: "localhost:36975"
adminAddress: "localhost:40635"
startupRole: FOLLOWER
,id: "s2"
address: "localhost:35511"
dataStreamAddress: "localhost:38827"
clientAddress: "localhost:42865"
adminAddress: "localhost:36791"
startupRole: FOLLOWER
, old:), (t:2, i:1), STATEMACHINELOGENTRY, 0@client-2EFB324ADA71, (t:2, i:2), METADATAENTRY(c:1), (t:2, i:3), STATEMACHINELOGENTRY, 999@client-AE8279CAF820, (t:2, i:4), METADATAENTRY(c:3)]
2022-11-08 19:12:09,821 [s2-server-thread1] INFO  server.RaftServer$Division (RaftServerImpl.java:checkInconsistentAppendEntries(1592)) - s2@group-EA982605F2E5: Failed appendEntries as the first entry (index 0) already exists (snapshotIndex: -1, commitIndex: 0)
2022-11-08 19:12:09,821 [s2-server-thread1] INFO  server.RaftServer$Division (RaftServerImpl.java:checkInconsistentAppendEntries(1572)) - s2@group-EA982605F2E5: inconsistency entries. Reply:s1<-s2#1693:FAIL-t2,INCONSISTENCY,nextIndex=1,followerCommit=0,matchIndex=-1
2022-11-08 19:12:09,821 [grpc-default-executor-0] INFO  leader.FollowerInfo (FollowerInfoImpl.java:lambda$new$0(48)) - s1@group-EA982605F2E5->s2: nextIndex: updateUnconditionally 5 -> 1
2022-11-08 19:12:09,822 [s2-server-thread2] DEBUG server.RaftServer$Division (RaftServerImpl.java:logAppendEntries(1421)) - s2@group-EA982605F2E5: receive appendEntries(s1, 2, (t:2, i:0), 4, true, commits:[s1:c4, s0:c4, s2:c0], cId:1694, entries: [(t:2, i:1), STATEMACHINELOGENTRY, 0@client-2EFB324ADA71, (t:2, i:2), METADATAENTRY(c:1), (t:2, i:3), STATEMACHINELOGENTRY, 999@client-AE8279CAF820, (t:2, i:4), METADATAENTRY(c:3)]
2022-11-08 19:12:09,822 [s2-server-thread2] INFO  server.RaftServer$Division (RaftServerImpl.java:checkInconsistentAppendEntries(1602)) - s2@group-EA982605F2E5: Failed appendEntries as previous log entry ((t:2, i:0)) is not found
2022-11-08 19:12:09,822 [s2-server-thread2] INFO  server.RaftServer$Division (RaftServerImpl.java:checkInconsistentAppendEntries(1572)) - s2@group-EA982605F2E5: inconsistency entries. Reply:s1<-s2#1694:FAIL-t2,INCONSISTENCY,nextIndex=0,followerCommit=0,matchIndex=-1
2022-11-08 19:12:09,822 [grpc-default-executor-0] INFO  leader.FollowerInfo (FollowerInfoImpl.java:lambda$new$0(48)) - s1@group-EA982605F2E5->s2: nextIndex: updateUnconditionally 5 -> 0
2022-11-08 19:12:09,823 [s2-server-thread1] DEBUG server.RaftServer$Division (RaftServerImpl.java:logAppendEntries(1421)) - s2@group-EA982605F2E5: receive appendEntries(s1, 2, null, 4, true, commits:[s1:c4, s0:c4, s2:c0], cId:1695, entries: [(t:2, i:0), CONFIGURATIONENTRY(current:id: "s0"
address: "localhost:34297"
dataStreamAddress: "localhost:43983"
clientAddress: "localhost:39609"
adminAddress: "localhost:37077"
startupRole: FOLLOWER
,id: "s1"
address: "localhost:38917"
dataStreamAddress: "localhost:45719"
clientAddress: "localhost:36975"
adminAddress: "localhost:40635"
startupRole: FOLLOWER
,id: "s2"
address: "localhost:35511"
dataStreamAddress: "localhost:38827"
clientAddress: "localhost:42865"
adminAddress: "localhost:36791"
startupRole: FOLLOWER
, old:), (t:2, i:1), STATEMACHINELOGENTRY, 0@client-2EFB324ADA71, (t:2, i:2), METADATAENTRY(c:1), (t:2, i:3), STATEMACHINELOGENTRY, 999@client-AE8279CAF820, (t:2, i:4), METADATAENTRY(c:3)]
2022-11-08 19:12:09,823 [s2-server-thread1] INFO  server.RaftServer$Division (RaftServerImpl.java:checkInconsistentAppendEntries(1592)) - s2@group-EA982605F2E5: Failed appendEntries as the first entry (index 0) already exists (snapshotIndex: -1, commitIndex: 0)
2022-11-08 19:12:09,823 [s2-server-thread1] INFO  server.RaftServer$Division (RaftServerImpl.java:checkInconsistentAppendEntries(1572)) - s2@group-EA982605F2E5: inconsistency entries. Reply:s1<-s2#1695:FAIL-t2,INCONSISTENCY,nextIndex=1,followerCommit=0,matchIndex=-1
2022-11-08 19:12:09,824 [grpc-default-executor-0] INFO  leader.FollowerInfo (FollowerInfoImpl.java:lambda$new$0(48)) - s1@group-EA982605F2E5->s2: nextIndex: updateUnconditionally 5 -> 1
2022-11-08 19:12:09,824 [s2-server-thread1] DEBUG server.RaftServer$Division (RaftServerImpl.java:logAppendEntries(1421)) - s2@group-EA982605F2E5: receive appendEntries(s1, 2, (t:2, i:0), 4, true, commits:[s1:c4, s0:c4, s2:c0], cId:1696, entries: [(t:2, i:1), STATEMACHINELOGENTRY, 0@client-2EFB324ADA71, (t:2, i:2), METADATAENTRY(c:1), (t:2, i:3), STATEMACHINELOGENTRY, 999@client-AE8279CAF820, (t:2, i:4), METADATAENTRY(c:3)]
2022-11-08 19:12:09,824 [s2-server-thread1] INFO  server.RaftServer$Division (RaftServerImpl.java:checkInconsistentAppendEntries(1602)) - s2@group-EA982605F2E5: Failed appendEntries as previous log entry ((t:2, i:0)) is not found
2022-11-08 19:12:09,825 [s2-server-thread1] INFO  server.RaftServer$Division (RaftServerImpl.java:checkInconsistentAppendEntries(1572)) - s2@group-EA982605F2E5: inconsistency entries. Reply:s1<-s2#1696:FAIL-t2,INCONSISTENCY,nextIndex=0,followerCommit=0,matchIndex=-1
2022-11-08 19:12:09,825 [grpc-default-executor-0] INFO  leader.FollowerInfo (FollowerInfoImpl.java:lambda$new$0(48)) - s1@group-EA982605F2E5->s2: nextIndex: updateUnconditionally 5 -> 0
2022-11-08 19:12:09,825 [s2-server-thread1] DEBUG server.RaftServer$Division (RaftServerImpl.java:logAppendEntries(1421)) - s2@group-EA982605F2E5: receive appendEntries(s1, 2, null, 4, true, commits:[s1:c4, s0:c4, s2:c0], cId:1697, entries: [(t:2, i:0), CONFIGURATIONENTRY(current:id: "s0"
address: "localhost:34297"
dataStreamAddress: "localhost:43983"
clientAddress: "localhost:39609"
adminAddress: "localhost:37077"
startupRole: FOLLOWER
,id: "s1"
address: "localhost:38917"
dataStreamAddress: "localhost:45719"
clientAddress: "localhost:36975"
adminAddress: "localhost:40635"
startupRole: FOLLOWER
,id: "s2"
address: "localhost:35511"
dataStreamAddress: "localhost:38827"
clientAddress: "localhost:42865"
adminAddress: "localhost:36791"
startupRole: FOLLOWER
, old:), (t:2, i:1), STATEMACHINELOGENTRY, 0@client-2EFB324ADA71, (t:2, i:2), METADATAENTRY(c:1), (t:2, i:3), STATEMACHINELOGENTRY, 999@client-AE8279CAF820, (t:2, i:4), METADATAENTRY(c:3)]
2022-11-08 19:12:09,826 [s2-server-thread1] INFO  server.RaftServer$Division (RaftServerImpl.java:checkInconsistentAppendEntries(1592)) - s2@group-EA982605F2E5: Failed appendEntries as the first entry (index 0) already exists (snapshotIndex: -1, commitIndex: 0)
2022-11-08 19:12:09,826 [s2-server-thread1] INFO  server.RaftServer$Division (RaftServerImpl.java:checkInconsistentAppendEntries(1572)) - s2@group-EA982605F2E5: inconsistency entries. Reply:s1<-s2#1697:FAIL-t2,INCONSISTENCY,nextIndex=1,followerCommit=0,matchIndex=-1
2022-11-08 19:12:09,826 [grpc-default-executor-0] INFO  leader.FollowerInfo (FollowerInfoImpl.java:lambda$new$0(48)) - s1@group-EA982605F2E5->s2: nextIndex: updateUnconditionally 5 -> 1
2022-11-08 19:12:09,827 [s2-server-thread1] DEBUG server.RaftServer$Division (RaftServerImpl.java:logAppendEntries(1421)) - s2@group-EA982605F2E5: receive appendEntries(s1, 2, (t:2, i:0), 4, true, commits:[s1:c4, s0:c4, s2:c0], cId:1698, entries: [(t:2, i:1), STATEMACHINELOGENTRY, 0@client-2EFB324ADA71, (t:2, i:2), METADATAENTRY(c:1), (t:2, i:3), STATEMACHINELOGENTRY, 999@client-AE8279CAF820, (t:2, i:4), METADATAENTRY(c:3)]
2022-11-08 19:12:09,827 [s2-server-thread1] INFO  server.RaftServer$Division (RaftServerImpl.java:checkInconsistentAppendEntries(1602)) - s2@group-EA982605F2E5: Failed appendEntries as previous log entry ((t:2, i:0)) is not found
2022-11-08 19:12:09,827 [s2-server-thread1] INFO  server.RaftServer$Division (RaftServerImpl.java:checkInconsistentAppendEntries(1572)) - s2@group-EA982605F2E5: inconsistency entries. Reply:s1<-s2#1698:FAIL-t2,INCONSISTENCY,nextIndex=0,followerCommit=0,matchIndex=-1
2022-11-08 19:12:09,827 [grpc-default-executor-0] INFO  leader.FollowerInfo (FollowerInfoImpl.java:lambda$new$0(48)) - s1@group-EA982605F2E5->s2: nextIndex: updateUnconditionally 5 -> 0
2022-11-08 19:12:09,828 [s2-server-thread2] DEBUG server.RaftServer$Division (RaftServerImpl.java:logAppendEntries(1421)) - s2@group-EA982605F2E5: receive appendEntries(s1, 2, null, 4, true, commits:[s1:c4, s0:c4, s2:c0], cId:1699, entries: [(t:2, i:0), CONFIGURATIONENTRY(current:id: "s0"
address: "localhost:34297"
dataStreamAddress: "localhost:43983"
clientAddress: "localhost:39609"
adminAddress: "localhost:37077"
startupRole: FOLLOWER
,id: "s1"
address: "localhost:38917"
dataStreamAddress: "localhost:45719"
clientAddress: "localhost:36975"
adminAddress: "localhost:40635"
startupRole: FOLLOWER
,id: "s2"
address: "localhost:35511"
dataStreamAddress: "localhost:38827"
clientAddress: "localhost:42865"
adminAddress: "localhost:36791"
startupRole: FOLLOWER
, old:), (t:2, i:1), STATEMACHINELOGENTRY, 0@client-2EFB324ADA71, (t:2, i:2), METADATAENTRY(c:1), (t:2, i:3), STATEMACHINELOGENTRY, 999@client-AE8279CAF820, (t:2, i:4), METADATAENTRY(c:3)]
2022-11-08 19:12:09,828 [s2-server-thread2] INFO  server.RaftServer$Division (RaftServerImpl.java:checkInconsistentAppendEntries(1592)) - s2@group-EA982605F2E5: Failed appendEntries as the first entry (index 0) already exists (snapshotIndex: -1, commitIndex: 0)
2022-11-08 19:12:09,828 [s2-server-thread2] INFO  server.RaftServer$Division (RaftServerImpl.java:checkInconsistentAppendEntries(1572)) - s2@group-EA982605F2E5: inconsistency entries. Reply:s1<-s2#1699:FAIL-t2,INCONSISTENCY,nextIndex=1,followerCommit=0,matchIndex=-1
2022-11-08 19:12:09,828 [grpc-default-executor-0] INFO  leader.FollowerInfo (FollowerInfoImpl.java:lambda$new$0(48)) - s1@group-EA982605F2E5->s2: nextIndex: updateUnconditionally 5 -> 1
2022-11-08 19:12:09,829 [s2-server-thread1] DEBUG server.RaftServer$Division (RaftServerImpl.java:logAppendEntries(1421)) - s2@group-EA982605F2E5: receive appendEntries(s1, 2, (t:2, i:0), 4, true, commits:[s1:c4, s0:c4, s2:c0], cId:1700, entries: [(t:2, i:1), STATEMACHINELOGENTRY, 0@client-2EFB324ADA71, (t:2, i:2), METADATAENTRY(c:1), (t:2, i:3), STATEMACHINELOGENTRY, 999@client-AE8279CAF820, (t:2, i:4), METADATAENTRY(c:3)]
2022-11-08 19:12:09,829 [s2-server-thread1] INFO  server.RaftServer$Division (RaftServerImpl.java:checkInconsistentAppendEntries(1602)) - s2@group-EA982605F2E5: Failed appendEntries as previous log entry ((t:2, i:0)) is not found
2022-11-08 19:12:09,829 [s2-server-thread1] INFO  server.RaftServer$Division (RaftServerImpl.java:checkInconsistentAppendEntries(1572)) - s2@group-EA982605F2E5: inconsistency entries. Reply:s1<-s2#1700:FAIL-t2,INCONSISTENCY,nextIndex=0,followerCommit=0,matchIndex=-1
2022-11-08 19:12:09,830 [grpc-default-executor-0] INFO  leader.FollowerInfo (FollowerInfoImpl.java:lambda$new$0(48)) - s1@group-EA982605F2E5->s2: nextIndex: updateUnconditionally 5 -> 0
2022-11-08 19:12:09,830 [s2-server-thread1] DEBUG server.RaftServer$Division (RaftServerImpl.java:logAppendEntries(1421)) - s2@group-EA982605F2E5: receive appendEntries(s1, 2, null, 4, true, commits:[s1:c4, s0:c4, s2:c0], cId:1701, entries: [(t:2, i:0), CONFIGURATIONENTRY(current:id: "s0"
address: "localhost:34297"
dataStreamAddress: "localhost:43983"
clientAddress: "localhost:39609"
adminAddress: "localhost:37077"
startupRole: FOLLOWER
,id: "s1"
address: "localhost:38917"
dataStreamAddress: "localhost:45719"
clientAddress: "localhost:36975"
adminAddress: "localhost:40635"
startupRole: FOLLOWER
,id: "s2"
address: "localhost:35511"
dataStreamAddress: "localhost:38827"
clientAddress: "localhost:42865"
adminAddress: "localhost:36791"
startupRole: FOLLOWER
, old:), (t:2, i:1), STATEMACHINELOGENTRY, 0@client-2EFB324ADA71, (t:2, i:2), METADATAENTRY(c:1), (t:2, i:3), STATEMACHINELOGENTRY, 999@client-AE8279CAF820, (t:2, i:4), METADATAENTRY(c:3)]
2022-11-08 19:12:09,830 [s2-server-thread1] INFO  server.RaftServer$Division (RaftServerImpl.java:checkInconsistentAppendEntries(1592)) - s2@group-EA982605F2E5: Failed appendEntries as the first entry (index 0) already exists (snapshotIndex: -1, commitIndex: 0)
2022-11-08 19:12:09,830 [s2-server-thread1] INFO  server.RaftServer$Division (RaftServerImpl.java:checkInconsistentAppendEntries(1572)) - s2@group-EA982605F2E5: inconsistency entries. Reply:s1<-s2#1701:FAIL-t2,INCONSISTENCY,nextIndex=1,followerCommit=0,matchIndex=-1
2022-11-08 19:12:09,831 [grpc-default-executor-0] INFO  leader.FollowerInfo (FollowerInfoImpl.java:lambda$new$0(48)) - s1@group-EA982605F2E5->s2: nextIndex: updateUnconditionally 5 -> 1
2022-11-08 19:12:09,831 [s2-server-thread1] DEBUG server.RaftServer$Division (RaftServerImpl.java:logAppendEntries(1421)) - s2@group-EA982605F2E5: receive appendEntries(s1, 2, (t:2, i:0), 4, true, commits:[s1:c4, s0:c4, s2:c0], cId:1702, entries: [(t:2, i:1), STATEMACHINELOGENTRY, 0@client-2EFB324ADA71, (t:2, i:2), METADATAENTRY(c:1), (t:2, i:3), STATEMACHINELOGENTRY, 999@client-AE8279CAF820, (t:2, i:4), METADATAENTRY(c:3)]
2022-11-08 19:12:09,831 [s2-server-thread1] INFO  server.RaftServer$Division (RaftServerImpl.java:checkInconsistentAppendEntries(1602)) - s2@group-EA982605F2E5: Failed appendEntries as previous log entry ((t:2, i:0)) is not found
2022-11-08 19:12:09,832 [s2-server-thread1] INFO  server.RaftServer$Division (RaftServerImpl.java:checkInconsistentAppendEntries(1572)) - s2@group-EA982605F2E5: inconsistency entries. Reply:s1<-s2#1702:FAIL-t2,INCONSISTENCY,nextIndex=0,followerCommit=0,matchIndex=-1
2022-11-08 19:12:09,834 [grpc-default-executor-0] INFO  leader.FollowerInfo (FollowerInfoImpl.java:lambda$new$0(48)) - s1@group-EA982605F2E5->s2: nextIndex: updateUnconditionally 5 -> 0
2022-11-08 19:12:09,834 [s2-server-thread1] DEBUG server.RaftServer$Division (RaftServerImpl.java:logAppendEntries(1421)) - s2@group-EA982605F2E5: receive appendEntries(s1, 2, null, 4, true, commits:[s1:c4, s0:c4, s2:c0], cId:1703, entries: [(t:2, i:0), CONFIGURATIONENTRY(current:id: "s0"
address: "localhost:34297"
dataStreamAddress: "localhost:43983"
clientAddress: "localhost:39609"
adminAddress: "localhost:37077"
startupRole: FOLLOWER
,id: "s1"
address: "localhost:38917"
dataStreamAddress: "localhost:45719"
clientAddress: "localhost:36975"
adminAddress: "localhost:40635"
startupRole: FOLLOWER
,id: "s2"
address: "localhost:35511"
dataStreamAddress: "localhost:38827"
clientAddress: "localhost:42865"
adminAddress: "localhost:36791"
startupRole: FOLLOWER
, old:), (t:2, i:1), STATEMACHINELOGENTRY, 0@client-2EFB324ADA71, (t:2, i:2), METADATAENTRY(c:1), (t:2, i:3), STATEMACHINELOGENTRY, 999@client-AE8279CAF820, (t:2, i:4), METADATAENTRY(c:3)]
2022-11-08 19:12:09,834 [s2-server-thread1] INFO  server.RaftServer$Division (RaftServerImpl.java:checkInconsistentAppendEntries(1592)) - s2@group-EA982605F2E5: Failed appendEntries as the first entry (index 0) already exists (snapshotIndex: -1, commitIndex: 0)
2022-11-08 19:12:09,834 [s2-server-thread1] INFO  server.RaftServer$Division (RaftServerImpl.java:checkInconsistentAppendEntries(1572)) - s2@group-EA982605F2E5: inconsistency entries. Reply:s1<-s2#1703:FAIL-t2,INCONSISTENCY,nextIndex=1,followerCommit=0,matchIndex=-1
2022-11-08 19:12:09,835 [grpc-default-executor-0] INFO  leader.FollowerInfo (FollowerInfoImpl.java:lambda$new$0(48)) - s1@group-EA982605F2E5->s2: nextIndex: updateUnconditionally 5 -> 1
2022-11-08 19:12:09,835 [s2-server-thread1] DEBUG server.RaftServer$Division (RaftServerImpl.java:logAppendEntries(1421)) - s2@group-EA982605F2E5: receive appendEntries(s1, 2, (t:2, i:0), 4, true, commits:[s1:c4, s0:c4, s2:c0], cId:1704, entries: [(t:2, i:1), STATEMACHINELOGENTRY, 0@client-2EFB324ADA71, (t:2, i:2), METADATAENTRY(c:1), (t:2, i:3), STATEMACHINELOGENTRY, 999@client-AE8279CAF820, (t:2, i:4), METADATAENTRY(c:3)]
2022-11-08 19:12:09,836 [s2-server-thread1] INFO  server.RaftServer$Division (RaftServerImpl.java:checkInconsistentAppendEntries(1602)) - s2@group-EA982605F2E5: Failed appendEntries as previous log entry ((t:2, i:0)) is not found
2022-11-08 19:12:09,836 [s2-server-thread1] INFO  server.RaftServer$Division (RaftServerImpl.java:checkInconsistentAppendEntries(1572)) - s2@group-EA982605F2E5: inconsistency entries. Reply:s1<-s2#1704:FAIL-t2,INCONSISTENCY,nextIndex=0,followerCommit=0,matchIndex=-1
2022-11-08 19:12:09,836 [grpc-default-executor-0] INFO  leader.FollowerInfo (FollowerInfoImpl.java:lambda$new$0(48)) - s1@group-EA982605F2E5->s2: nextIndex: updateUnconditionally 5 -> 0
2022-11-08 19:12:09,837 [s2-server-thread1] DEBUG server.RaftServer$Division (RaftServerImpl.java:logAppendEntries(1421)) - s2@group-EA982605F2E5: receive appendEntries(s1, 2, null, 4, true, commits:[s1:c4, s0:c4, s2:c0], cId:1705, entries: [(t:2, i:0), CONFIGURATIONENTRY(current:id: "s0"
address: "localhost:34297"
dataStreamAddress: "localhost:43983"
clientAddress: "localhost:39609"
adminAddress: "localhost:37077"
startupRole: FOLLOWER
,id: "s1"
address: "localhost:38917"
dataStreamAddress: "localhost:45719"
clientAddress: "localhost:36975"
adminAddress: "localhost:40635"
startupRole: FOLLOWER
,id: "s2"
address: "localhost:35511"
dataStreamAddress: "localhost:38827"
clientAddress: "localhost:42865"
adminAddress: "localhost:36791"
startupRole: FOLLOWER
, old:), (t:2, i:1), STATEMACHINELOGENTRY, 0@client-2EFB324ADA71, (t:2, i:2), METADATAENTRY(c:1), (t:2, i:3), STATEMACHINELOGENTRY, 999@client-AE8279CAF820, (t:2, i:4), METADATAENTRY(c:3)]
2022-11-08 19:12:09,837 [s2-server-thread1] INFO  server.RaftServer$Division (RaftServerImpl.java:checkInconsistentAppendEntries(1592)) - s2@group-EA982605F2E5: Failed appendEntries as the first entry (index 0) already exists (snapshotIndex: -1, commitIndex: 0)
2022-11-08 19:12:09,837 [s2-server-thread1] INFO  server.RaftServer$Division (RaftServerImpl.java:checkInconsistentAppendEntries(1572)) - s2@group-EA982605F2E5: inconsistency entries. Reply:s1<-s2#1705:FAIL-t2,INCONSISTENCY,nextIndex=1,followerCommit=0,matchIndex=-1
2022-11-08 19:12:09,837 [grpc-default-executor-0] INFO  leader.FollowerInfo (FollowerInfoImpl.java:lambda$new$0(48)) - s1@group-EA982605F2E5->s2: nextIndex: updateUnconditionally 5 -> 1
2022-11-08 19:12:09,838 [s2-server-thread2] DEBUG server.RaftServer$Division (RaftServerImpl.java:logAppendEntries(1421)) - s2@group-EA982605F2E5: receive appendEntries(s1, 2, (t:2, i:0), 4, true, commits:[s1:c4, s0:c4, s2:c0], cId:1706, entries: [(t:2, i:1), STATEMACHINELOGENTRY, 0@client-2EFB324ADA71, (t:2, i:2), METADATAENTRY(c:1), (t:2, i:3), STATEMACHINELOGENTRY, 999@client-AE8279CAF820, (t:2, i:4), METADATAENTRY(c:3)]
2022-11-08 19:12:09,838 [s2-server-thread2] INFO  server.RaftServer$Division (RaftServerImpl.java:checkInconsistentAppendEntries(1602)) - s2@group-EA982605F2E5: Failed appendEntries as previous log entry ((t:2, i:0)) is not found
2022-11-08 19:12:09,838 [s2-server-thread2] INFO  server.RaftServer$Division (RaftServerImpl.java:checkInconsistentAppendEntries(1572)) - s2@group-EA982605F2E5: inconsistency entries. Reply:s1<-s2#1706:FAIL-t2,INCONSISTENCY,nextIndex=0,followerCommit=0,matchIndex=-1
2022-11-08 19:12:09,838 [grpc-default-executor-0] INFO  leader.FollowerInfo (FollowerInfoImpl.java:lambda$new$0(48)) - s1@group-EA982605F2E5->s2: nextIndex: updateUnconditionally 5 -> 0
2022-11-08 19:12:09,839 [s2-server-thread1] DEBUG server.RaftServer$Division (RaftServerImpl.java:logAppendEntries(1421)) - s2@group-EA982605F2E5: receive appendEntries(s1, 2, null, 4, true, commits:[s1:c4, s0:c4, s2:c0], cId:1707, entries: [(t:2, i:0), CONFIGURATIONENTRY(current:id: "s0"
address: "localhost:34297"
dataStreamAddress: "localhost:43983"
clientAddress: "localhost:39609"
adminAddress: "localhost:37077"
startupRole: FOLLOWER
,id: "s1"
address: "localhost:38917"
dataStreamAddress: "localhost:45719"
clientAddress: "localhost:36975"
adminAddress: "localhost:40635"
startupRole: FOLLOWER
,id: "s2"
address: "localhost:35511"
dataStreamAddress: "localhost:38827"
clientAddress: "localhost:42865"
adminAddress: "localhost:36791"
startupRole: FOLLOWER
, old:), (t:2, i:1), STATEMACHINELOGENTRY, 0@client-2EFB324ADA71, (t:2, i:2), METADATAENTRY(c:1), (t:2, i:3), STATEMACHINELOGENTRY, 999@client-AE8279CAF820, (t:2, i:4), METADATAENTRY(c:3)]
2022-11-08 19:12:09,839 [s2-server-thread1] INFO  server.RaftServer$Division (RaftServerImpl.java:checkInconsistentAppendEntries(1592)) - s2@group-EA982605F2E5: Failed appendEntries as the first entry (index 0) already exists (snapshotIndex: -1, commitIndex: 0)
2022-11-08 19:12:09,839 [s2-server-thread1] INFO  server.RaftServer$Division (RaftServerImpl.java:checkInconsistentAppendEntries(1572)) - s2@group-EA982605F2E5: inconsistency entries. Reply:s1<-s2#1707:FAIL-t2,INCONSISTENCY,nextIndex=1,followerCommit=0,matchIndex=-1
2022-11-08 19:12:09,840 [grpc-default-executor-0] INFO  leader.FollowerInfo (FollowerInfoImpl.java:lambda$new$0(48)) - s1@group-EA982605F2E5->s2: nextIndex: updateUnconditionally 5 -> 1
2022-11-08 19:12:09,840 [s2-server-thread1] DEBUG server.RaftServer$Division (RaftServerImpl.java:logAppendEntries(1421)) - s2@group-EA982605F2E5: receive appendEntries(s1, 2, (t:2, i:0), 4, true, commits:[s1:c4, s0:c4, s2:c0], cId:1708, entries: [(t:2, i:1), STATEMACHINELOGENTRY, 0@client-2EFB324ADA71, (t:2, i:2), METADATAENTRY(c:1), (t:2, i:3), STATEMACHINELOGENTRY, 999@client-AE8279CAF820, (t:2, i:4), METADATAENTRY(c:3)]
2022-11-08 19:12:09,841 [s2-server-thread1] INFO  server.RaftServer$Division (RaftServerImpl.java:checkInconsistentAppendEntries(1602)) - s2@group-EA982605F2E5: Failed appendEntries as previous log entry ((t:2, i:0)) is not found
2022-11-08 19:12:09,841 [s2-server-thread1] INFO  server.RaftServer$Division (RaftServerImpl.java:checkInconsistentAppendEntries(1572)) - s2@group-EA982605F2E5: inconsistency entries. Reply:s1<-s2#1708:FAIL-t2,INCONSISTENCY,nextIndex=0,followerCommit=0,matchIndex=-1
2022-11-08 19:12:09,841 [grpc-default-executor-0] INFO  leader.FollowerInfo (FollowerInfoImpl.java:lambda$new$0(48)) - s1@group-EA982605F2E5->s2: nextIndex: updateUnconditionally 5 -> 0
2022-11-08 19:12:09,842 [s2-server-thread1] DEBUG server.RaftServer$Division (RaftServerImpl.java:logAppendEntries(1421)) - s2@group-EA982605F2E5: receive appendEntries(s1, 2, null, 4, true, commits:[s1:c4, s0:c4, s2:c0], cId:1709, entries: [(t:2, i:0), CONFIGURATIONENTRY(current:id: "s0"
address: "localhost:34297"
dataStreamAddress: "localhost:43983"
clientAddress: "localhost:39609"
adminAddress: "localhost:37077"
startupRole: FOLLOWER
,id: "s1"
address: "localhost:38917"
dataStreamAddress: "localhost:45719"
clientAddress: "localhost:36975"
adminAddress: "localhost:40635"
startupRole: FOLLOWER
,id: "s2"
address: "localhost:35511"
dataStreamAddress: "localhost:38827"
clientAddress: "localhost:42865"
adminAddress: "localhost:36791"
startupRole: FOLLOWER
, old:), (t:2, i:1), STATEMACHINELOGENTRY, 0@client-2EFB324ADA71, (t:2, i:2), METADATAENTRY(c:1), (t:2, i:3), STATEMACHINELOGENTRY, 999@client-AE8279CAF820, (t:2, i:4), METADATAENTRY(c:3)]
2022-11-08 19:12:09,842 [s2-server-thread1] INFO  server.RaftServer$Division (RaftServerImpl.java:checkInconsistentAppendEntries(1592)) - s2@group-EA982605F2E5: Failed appendEntries as the first entry (index 0) already exists (snapshotIndex: -1, commitIndex: 0)
2022-11-08 19:12:09,842 [s2-server-thread1] INFO  server.RaftServer$Division (RaftServerImpl.java:checkInconsistentAppendEntries(1572)) - s2@group-EA982605F2E5: inconsistency entries. Reply:s1<-s2#1709:FAIL-t2,INCONSISTENCY,nextIndex=1,followerCommit=0,matchIndex=-1
2022-11-08 19:12:09,844 [grpc-default-executor-0] INFO  leader.FollowerInfo (FollowerInfoImpl.java:lambda$new$0(48)) - s1@group-EA982605F2E5->s2: nextIndex: updateUnconditionally 5 -> 1
2022-11-08 19:12:09,844 [s2-server-thread1] DEBUG server.RaftServer$Division (RaftServerImpl.java:logAppendEntries(1421)) - s2@group-EA982605F2E5: receive appendEntries(s1, 2, (t:2, i:0), 4, true, commits:[s1:c4, s0:c4, s2:c0], cId:1710, entries: [(t:2, i:1), STATEMACHINELOGENTRY, 0@client-2EFB324ADA71, (t:2, i:2), METADATAENTRY(c:1), (t:2, i:3), STATEMACHINELOGENTRY, 999@client-AE8279CAF820, (t:2, i:4), METADATAENTRY(c:3)]
2022-11-08 19:12:09,845 [s2-server-thread1] INFO  server.RaftServer$Division (RaftServerImpl.java:checkInconsistentAppendEntries(1602)) - s2@group-EA982605F2E5: Failed appendEntries as previous log entry ((t:2, i:0)) is not found
2022-11-08 19:12:09,845 [s2-server-thread1] INFO  server.RaftServer$Division (RaftServerImpl.java:checkInconsistentAppendEntries(1572)) - s2@group-EA982605F2E5: inconsistency entries. Reply:s1<-s2#1710:FAIL-t2,INCONSISTENCY,nextIndex=0,followerCommit=0,matchIndex=-1
2022-11-08 19:12:09,845 [grpc-default-executor-0] INFO  leader.FollowerInfo (FollowerInfoImpl.java:lambda$new$0(48)) - s1@group-EA982605F2E5->s2: nextIndex: updateUnconditionally 5 -> 0
2022-11-08 19:12:09,846 [s2-server-thread1] DEBUG server.RaftServer$Division (RaftServerImpl.java:logAppendEntries(1421)) - s2@group-EA982605F2E5: receive appendEntries(s1, 2, null, 4, true, commits:[s1:c4, s0:c4, s2:c0], cId:1711, entries: [(t:2, i:0), CONFIGURATIONENTRY(current:id: "s0"
address: "localhost:34297"
dataStreamAddress: "localhost:43983"
clientAddress: "localhost:39609"
adminAddress: "localhost:37077"
startupRole: FOLLOWER
,id: "s1"
address: "localhost:38917"
dataStreamAddress: "localhost:45719"
clientAddress: "localhost:36975"
adminAddress: "localhost:40635"
startupRole: FOLLOWER
,id: "s2"
address: "localhost:35511"
dataStreamAddress: "localhost:38827"
clientAddress: "localhost:42865"
adminAddress: "localhost:36791"
startupRole: FOLLOWER
, old:), (t:2, i:1), STATEMACHINELOGENTRY, 0@client-2EFB324ADA71, (t:2, i:2), METADATAENTRY(c:1), (t:2, i:3), STATEMACHINELOGENTRY, 999@client-AE8279CAF820, (t:2, i:4), METADATAENTRY(c:3)]
2022-11-08 19:12:09,846 [s2-server-thread1] INFO  server.RaftServer$Division (RaftServerImpl.java:checkInconsistentAppendEntries(1592)) - s2@group-EA982605F2E5: Failed appendEntries as the first entry (index 0) already exists (snapshotIndex: -1, commitIndex: 0)
2022-11-08 19:12:09,846 [s2-server-thread1] INFO  server.RaftServer$Division (RaftServerImpl.java:checkInconsistentAppendEntries(1572)) - s2@group-EA982605F2E5: inconsistency entries. Reply:s1<-s2#1711:FAIL-t2,INCONSISTENCY,nextIndex=1,followerCommit=0,matchIndex=-1
2022-11-08 19:12:09,846 [grpc-default-executor-0] INFO  leader.FollowerInfo (FollowerInfoImpl.java:lambda$new$0(48)) - s1@group-EA982605F2E5->s2: nextIndex: updateUnconditionally 5 -> 1
2022-11-08 19:12:09,847 [s2-server-thread1] DEBUG server.RaftServer$Division (RaftServerImpl.java:logAppendEntries(1421)) - s2@group-EA982605F2E5: receive appendEntries(s1, 2, (t:2, i:0), 4, true, commits:[s1:c4, s0:c4, s2:c0], cId:1712, entries: [(t:2, i:1), STATEMACHINELOGENTRY, 0@client-2EFB324ADA71, (t:2, i:2), METADATAENTRY(c:1), (t:2, i:3), STATEMACHINELOGENTRY, 999@client-AE8279CAF820, (t:2, i:4), METADATAENTRY(c:3)]
2022-11-08 19:12:09,847 [s2-server-thread1] INFO  server.RaftServer$Division (RaftServerImpl.java:checkInconsistentAppendEntries(1602)) - s2@group-EA982605F2E5: Failed appendEntries as previous log entry ((t:2, i:0)) is not found
2022-11-08 19:12:09,847 [s2-server-thread1] INFO  server.RaftServer$Division (RaftServerImpl.java:checkInconsistentAppendEntries(1572)) - s2@group-EA982605F2E5: inconsistency entries. Reply:s1<-s2#1712:FAIL-t2,INCONSISTENCY,nextIndex=0,followerCommit=0,matchIndex=-1
2022-11-08 19:12:09,848 [grpc-default-executor-0] INFO  leader.FollowerInfo (FollowerInfoImpl.java:lambda$new$0(48)) - s1@group-EA982605F2E5->s2: nextIndex: updateUnconditionally 5 -> 0
2022-11-08 19:12:09,848 [s2-server-thread1] DEBUG server.RaftServer$Division (RaftServerImpl.java:logAppendEntries(1421)) - s2@group-EA982605F2E5: receive appendEntries(s1, 2, null, 4, true, commits:[s1:c4, s0:c4, s2:c0], cId:1713, entries: [(t:2, i:0), CONFIGURATIONENTRY(current:id: "s0"
address: "localhost:34297"
dataStreamAddress: "localhost:43983"
clientAddress: "localhost:39609"
adminAddress: "localhost:37077"
startupRole: FOLLOWER
,id: "s1"
address: "localhost:38917"
dataStreamAddress: "localhost:45719"
clientAddress: "localhost:36975"
adminAddress: "localhost:40635"
startupRole: FOLLOWER
,id: "s2"
address: "localhost:35511"
dataStreamAddress: "localhost:38827"
clientAddress: "localhost:42865"
adminAddress: "localhost:36791"
startupRole: FOLLOWER
, old:), (t:2, i:1), STATEMACHINELOGENTRY, 0@client-2EFB324ADA71, (t:2, i:2), METADATAENTRY(c:1), (t:2, i:3), STATEMACHINELOGENTRY, 999@client-AE8279CAF820, (t:2, i:4), METADATAENTRY(c:3)]
2022-11-08 19:12:09,848 [s2-server-thread1] INFO  server.RaftServer$Division (RaftServerImpl.java:checkInconsistentAppendEntries(1592)) - s2@group-EA982605F2E5: Failed appendEntries as the first entry (index 0) already exists (snapshotIndex: -1, commitIndex: 0)
2022-11-08 19:12:09,849 [s2-server-thread1] INFO  server.RaftServer$Division (RaftServerImpl.java:checkInconsistentAppendEntries(1572)) - s2@group-EA982605F2E5: inconsistency entries. Reply:s1<-s2#1713:FAIL-t2,INCONSISTENCY,nextIndex=1,followerCommit=0,matchIndex=-1
2022-11-08 19:12:09,849 [grpc-default-executor-0] INFO  leader.FollowerInfo (FollowerInfoImpl.java:lambda$new$0(48)) - s1@group-EA982605F2E5->s2: nextIndex: updateUnconditionally 5 -> 1
2022-11-08 19:12:09,850 [s2-server-thread1] DEBUG server.RaftServer$Division (RaftServerImpl.java:logAppendEntries(1421)) - s2@group-EA982605F2E5: receive appendEntries(s1, 2, (t:2, i:0), 4, true, commits:[s1:c4, s0:c4, s2:c0], cId:1714, entries: [(t:2, i:1), STATEMACHINELOGENTRY, 0@client-2EFB324ADA71, (t:2, i:2), METADATAENTRY(c:1), (t:2, i:3), STATEMACHINELOGENTRY, 999@client-AE8279CAF820, (t:2, i:4), METADATAENTRY(c:3)]
2022-11-08 19:12:09,850 [s2-server-thread1] INFO  server.RaftServer$Division (RaftServerImpl.java:checkInconsistentAppendEntries(1602)) - s2@group-EA982605F2E5: Failed appendEntries as previous log entry ((t:2, i:0)) is not found
2022-11-08 19:12:09,850 [s2-server-thread1] INFO  server.RaftServer$Division (RaftServerImpl.java:checkInconsistentAppendEntries(1572)) - s2@group-EA982605F2E5: inconsistency entries. Reply:s1<-s2#1714:FAIL-t2,INCONSISTENCY,nextIndex=0,followerCommit=0,matchIndex=-1
2022-11-08 19:12:09,850 [grpc-default-executor-0] INFO  leader.FollowerInfo (FollowerInfoImpl.java:lambda$new$0(48)) - s1@group-EA982605F2E5->s2: nextIndex: updateUnconditionally 5 -> 0
2022-11-08 19:12:09,851 [s2-server-thread1] DEBUG server.RaftServer$Division (RaftServerImpl.java:logAppendEntries(1421)) - s2@group-EA982605F2E5: receive appendEntries(s1, 2, null, 4, true, commits:[s1:c4, s0:c4, s2:c0], cId:1715, entries: [(t:2, i:0), CONFIGURATIONENTRY(current:id: "s0"
address: "localhost:34297"
dataStreamAddress: "localhost:43983"
clientAddress: "localhost:39609"
adminAddress: "localhost:37077"
startupRole: FOLLOWER
,id: "s1"
address: "localhost:38917"
dataStreamAddress: "localhost:45719"
clientAddress: "localhost:36975"
adminAddress: "localhost:40635"
startupRole: FOLLOWER
,id: "s2"
address: "localhost:35511"
dataStreamAddress: "localhost:38827"
clientAddress: "localhost:42865"
adminAddress: "localhost:36791"
startupRole: FOLLOWER
, old:), (t:2, i:1), STATEMACHINELOGENTRY, 0@client-2EFB324ADA71, (t:2, i:2), METADATAENTRY(c:1), (t:2, i:3), STATEMACHINELOGENTRY, 999@client-AE8279CAF820, (t:2, i:4), METADATAENTRY(c:3)]
2022-11-08 19:12:09,851 [s2-server-thread1] INFO  server.RaftServer$Division (RaftServerImpl.java:checkInconsistentAppendEntries(1592)) - s2@group-EA982605F2E5: Failed appendEntries as the first entry (index 0) already exists (snapshotIndex: -1, commitIndex: 0)
2022-11-08 19:12:09,851 [s2-server-thread1] INFO  server.RaftServer$Division (RaftServerImpl.java:checkInconsistentAppendEntries(1572)) - s2@group-EA982605F2E5: inconsistency entries. Reply:s1<-s2#1715:FAIL-t2,INCONSISTENCY,nextIndex=1,followerCommit=0,matchIndex=-1
2022-11-08 19:12:09,851 [grpc-default-executor-0] INFO  leader.FollowerInfo (FollowerInfoImpl.java:lambda$new$0(48)) - s1@group-EA982605F2E5->s2: nextIndex: updateUnconditionally 5 -> 1
2022-11-08 19:12:09,853 [s2-server-thread1] DEBUG server.RaftServer$Division (RaftServerImpl.java:logAppendEntries(1421)) - s2@group-EA982605F2E5: receive appendEntries(s1, 2, (t:2, i:0), 4, true, commits:[s1:c4, s0:c4, s2:c0], cId:1716, entries: [(t:2, i:1), STATEMACHINELOGENTRY, 0@client-2EFB324ADA71, (t:2, i:2), METADATAENTRY(c:1), (t:2, i:3), STATEMACHINELOGENTRY, 999@client-AE8279CAF820, (t:2, i:4), METADATAENTRY(c:3)]
2022-11-08 19:12:09,853 [s2-server-thread1] INFO  server.RaftServer$Division (RaftServerImpl.java:checkInconsistentAppendEntries(1602)) - s2@group-EA982605F2E5: Failed appendEntries as previous log entry ((t:2, i:0)) is not found
2022-11-08 19:12:09,853 [s2-server-thread1] INFO  server.RaftServer$Division (RaftServerImpl.java:checkInconsistentAppendEntries(1572)) - s2@group-EA982605F2E5: inconsistency entries. Reply:s1<-s2#1716:FAIL-t2,INCONSISTENCY,nextIndex=0,followerCommit=0,matchIndex=-1
2022-11-08 19:12:09,856 [grpc-default-executor-0] INFO  leader.FollowerInfo (FollowerInfoImpl.java:lambda$new$0(48)) - s1@group-EA982605F2E5->s2: nextIndex: updateUnconditionally 5 -> 0
2022-11-08 19:12:09,857 [s2-server-thread1] DEBUG server.RaftServer$Division (RaftServerImpl.java:logAppendEntries(1421)) - s2@group-EA982605F2E5: receive appendEntries(s1, 2, null, 4, true, commits:[s1:c4, s0:c4, s2:c0], cId:1717, entries: [(t:2, i:0), CONFIGURATIONENTRY(current:id: "s0"
address: "localhost:34297"
dataStreamAddress: "localhost:43983"
clientAddress: "localhost:39609"
adminAddress: "localhost:37077"
startupRole: FOLLOWER
,id: "s1"
address: "localhost:38917"
dataStreamAddress: "localhost:45719"
clientAddress: "localhost:36975"
adminAddress: "localhost:40635"
startupRole: FOLLOWER
,id: "s2"
address: "localhost:35511"
dataStreamAddress: "localhost:38827"
clientAddress: "localhost:42865"
adminAddress: "localhost:36791"
startupRole: FOLLOWER
, old:), (t:2, i:1), STATEMACHINELOGENTRY, 0@client-2EFB324ADA71, (t:2, i:2), METADATAENTRY(c:1), (t:2, i:3), STATEMACHINELOGENTRY, 999@client-AE8279CAF820, (t:2, i:4), METADATAENTRY(c:3)]
2022-11-08 19:12:09,857 [s2-server-thread1] INFO  server.RaftServer$Division (RaftServerImpl.java:checkInconsistentAppendEntries(1592)) - s2@group-EA982605F2E5: Failed appendEntries as the first entry (index 0) already exists (snapshotIndex: -1, commitIndex: 0)
2022-11-08 19:12:09,857 [s2-server-thread1] INFO  server.RaftServer$Division (RaftServerImpl.java:checkInconsistentAppendEntries(1572)) - s2@group-EA982605F2E5: inconsistency entries. Reply:s1<-s2#1717:FAIL-t2,INCONSISTENCY,nextIndex=1,followerCommit=0,matchIndex=-1
2022-11-08 19:12:09,858 [grpc-default-executor-0] INFO  leader.FollowerInfo (FollowerInfoImpl.java:lambda$new$0(48)) - s1@group-EA982605F2E5->s2: nextIndex: updateUnconditionally 5 -> 1
2022-11-08 19:12:09,858 [s2-server-thread1] DEBUG server.RaftServer$Division (RaftServerImpl.java:logAppendEntries(1421)) - s2@group-EA982605F2E5: receive appendEntries(s1, 2, (t:2, i:0), 4, true, commits:[s1:c4, s0:c4, s2:c0], cId:1718, entries: [(t:2, i:1), STATEMACHINELOGENTRY, 0@client-2EFB324ADA71, (t:2, i:2), METADATAENTRY(c:1), (t:2, i:3), STATEMACHINELOGENTRY, 999@client-AE8279CAF820, (t:2, i:4), METADATAENTRY(c:3)]
2022-11-08 19:12:09,858 [s2-server-thread1] INFO  server.RaftServer$Division (RaftServerImpl.java:checkInconsistentAppendEntries(1602)) - s2@group-EA982605F2E5: Failed appendEntries as previous log entry ((t:2, i:0)) is not found
2022-11-08 19:12:09,858 [s2-server-thread1] INFO  server.RaftServer$Division (RaftServerImpl.java:checkInconsistentAppendEntries(1572)) - s2@group-EA982605F2E5: inconsistency entries. Reply:s1<-s2#1718:FAIL-t2,INCONSISTENCY,nextIndex=0,followerCommit=0,matchIndex=-1
2022-11-08 19:12:09,859 [grpc-default-executor-0] INFO  leader.FollowerInfo (FollowerInfoImpl.java:lambda$new$0(48)) - s1@group-EA982605F2E5->s2: nextIndex: updateUnconditionally 5 -> 0
2022-11-08 19:12:09,859 [s2-server-thread1] DEBUG server.RaftServer$Division (RaftServerImpl.java:logAppendEntries(1421)) - s2@group-EA982605F2E5: receive appendEntries(s1, 2, null, 4, true, commits:[s1:c4, s0:c4, s2:c0], cId:1719, entries: [(t:2, i:0), CONFIGURATIONENTRY(current:id: "s0"
address: "localhost:34297"
dataStreamAddress: "localhost:43983"
clientAddress: "localhost:39609"
adminAddress: "localhost:37077"
startupRole: FOLLOWER
,id: "s1"
address: "localhost:38917"
dataStreamAddress: "localhost:45719"
clientAddress: "localhost:36975"
adminAddress: "localhost:40635"
startupRole: FOLLOWER
,id: "s2"
address: "localhost:35511"
dataStreamAddress: "localhost:38827"
clientAddress: "localhost:42865"
adminAddress: "localhost:36791"
startupRole: FOLLOWER
, old:), (t:2, i:1), STATEMACHINELOGENTRY, 0@client-2EFB324ADA71, (t:2, i:2), METADATAENTRY(c:1), (t:2, i:3), STATEMACHINELOGENTRY, 999@client-AE8279CAF820, (t:2, i:4), METADATAENTRY(c:3)]
2022-11-08 19:12:09,859 [s2-server-thread1] INFO  server.RaftServer$Division (RaftServerImpl.java:checkInconsistentAppendEntries(1592)) - s2@group-EA982605F2E5: Failed appendEntries as the first entry (index 0) already exists (snapshotIndex: -1, commitIndex: 0)
2022-11-08 19:12:09,860 [s2-server-thread1] INFO  server.RaftServer$Division (RaftServerImpl.java:checkInconsistentAppendEntries(1572)) - s2@group-EA982605F2E5: inconsistency entries. Reply:s1<-s2#1719:FAIL-t2,INCONSISTENCY,nextIndex=1,followerCommit=0,matchIndex=-1
2022-11-08 19:12:09,860 [grpc-default-executor-0] INFO  leader.FollowerInfo (FollowerInfoImpl.java:lambda$new$0(48)) - s1@group-EA982605F2E5->s2: nextIndex: updateUnconditionally 5 -> 1
2022-11-08 19:12:09,860 [s2-server-thread1] DEBUG server.RaftServer$Division (RaftServerImpl.java:logAppendEntries(1421)) - s2@group-EA982605F2E5: receive appendEntries(s1, 2, (t:2, i:0), 4, true, commits:[s1:c4, s0:c4, s2:c0], cId:1720, entries: [(t:2, i:1), STATEMACHINELOGENTRY, 0@client-2EFB324ADA71, (t:2, i:2), METADATAENTRY(c:1), (t:2, i:3), STATEMACHINELOGENTRY, 999@client-AE8279CAF820, (t:2, i:4), METADATAENTRY(c:3)]
2022-11-08 19:12:09,861 [s2-server-thread1] INFO  server.RaftServer$Division (RaftServerImpl.java:checkInconsistentAppendEntries(1602)) - s2@group-EA982605F2E5: Failed appendEntries as previous log entry ((t:2, i:0)) is not found
2022-11-08 19:12:09,861 [s2-server-thread1] INFO  server.RaftServer$Division (RaftServerImpl.java:checkInconsistentAppendEntries(1572)) - s2@group-EA982605F2E5: inconsistency entries. Reply:s1<-s2#1720:FAIL-t2,INCONSISTENCY,nextIndex=0,followerCommit=0,matchIndex=-1
2022-11-08 19:12:09,861 [grpc-default-executor-0] INFO  leader.FollowerInfo (FollowerInfoImpl.java:lambda$new$0(48)) - s1@group-EA982605F2E5->s2: nextIndex: updateUnconditionally 5 -> 0
2022-11-08 19:12:09,861 [s2-server-thread1] DEBUG server.RaftServer$Division (RaftServerImpl.java:logAppendEntries(1421)) - s2@group-EA982605F2E5: receive appendEntries(s1, 2, null, 4, true, commits:[s1:c4, s0:c4, s2:c0], cId:1721, entries: [(t:2, i:0), CONFIGURATIONENTRY(current:id: "s0"
address: "localhost:34297"
dataStreamAddress: "localhost:43983"
clientAddress: "localhost:39609"
adminAddress: "localhost:37077"
startupRole: FOLLOWER
,id: "s1"
address: "localhost:38917"
dataStreamAddress: "localhost:45719"
clientAddress: "localhost:36975"
adminAddress: "localhost:40635"
startupRole: FOLLOWER
,id: "s2"
address: "localhost:35511"
dataStreamAddress: "localhost:38827"
clientAddress: "localhost:42865"
adminAddress: "localhost:36791"
startupRole: FOLLOWER
, old:), (t:2, i:1), STATEMACHINELOGENTRY, 0@client-2EFB324ADA71, (t:2, i:2), METADATAENTRY(c:1), (t:2, i:3), STATEMACHINELOGENTRY, 999@client-AE8279CAF820, (t:2, i:4), METADATAENTRY(c:3)]
2022-11-08 19:12:09,861 [s2-server-thread1] INFO  server.RaftServer$Division (RaftServerImpl.java:checkInconsistentAppendEntries(1592)) - s2@group-EA982605F2E5: Failed appendEntries as the first entry (index 0) already exists (snapshotIndex: -1, commitIndex: 0)
2022-11-08 19:12:09,862 [s2-server-thread1] INFO  server.RaftServer$Division (RaftServerImpl.java:checkInconsistentAppendEntries(1572)) - s2@group-EA982605F2E5: inconsistency entries. Reply:s1<-s2#1721:FAIL-t2,INCONSISTENCY,nextIndex=1,followerCommit=0,matchIndex=-1
2022-11-08 19:12:09,862 [grpc-default-executor-0] INFO  leader.FollowerInfo (FollowerInfoImpl.java:lambda$new$0(48)) - s1@group-EA982605F2E5->s2: nextIndex: updateUnconditionally 5 -> 1
2022-11-08 19:12:09,862 [s2-server-thread1] DEBUG server.RaftServer$Division (RaftServerImpl.java:logAppendEntries(1421)) - s2@group-EA982605F2E5: receive appendEntries(s1, 2, (t:2, i:0), 4, true, commits:[s1:c4, s0:c4, s2:c0], cId:1722, entries: [(t:2, i:1), STATEMACHINELOGENTRY, 0@client-2EFB324ADA71, (t:2, i:2), METADATAENTRY(c:1), (t:2, i:3), STATEMACHINELOGENTRY, 999@client-AE8279CAF820, (t:2, i:4), METADATAENTRY(c:3)]
2022-11-08 19:12:09,863 [s2-server-thread1] INFO  server.RaftServer$Division (RaftServerImpl.java:checkInconsistentAppendEntries(1602)) - s2@group-EA982605F2E5: Failed appendEntries as previous log entry ((t:2, i:0)) is not found
2022-11-08 19:12:09,863 [s2-server-thread1] INFO  server.RaftServer$Division (RaftServerImpl.java:checkInconsistentAppendEntries(1572)) - s2@group-EA982605F2E5: inconsistency entries. Reply:s1<-s2#1722:FAIL-t2,INCONSISTENCY,nextIndex=0,followerCommit=0,matchIndex=-1
2022-11-08 19:12:09,863 [grpc-default-executor-0] INFO  leader.FollowerInfo (FollowerInfoImpl.java:lambda$new$0(48)) - s1@group-EA982605F2E5->s2: nextIndex: updateUnconditionally 5 -> 0
2022-11-08 19:12:09,863 [s2-server-thread1] DEBUG server.RaftServer$Division (RaftServerImpl.java:logAppendEntries(1421)) - s2@group-EA982605F2E5: receive appendEntries(s1, 2, null, 4, true, commits:[s1:c4, s0:c4, s2:c0], cId:1723, entries: [(t:2, i:0), CONFIGURATIONENTRY(current:id: "s0"
address: "localhost:34297"
dataStreamAddress: "localhost:43983"
clientAddress: "localhost:39609"
adminAddress: "localhost:37077"
startupRole: FOLLOWER
,id: "s1"
address: "localhost:38917"
dataStreamAddress: "localhost:45719"
clientAddress: "localhost:36975"
adminAddress: "localhost:40635"
startupRole: FOLLOWER
,id: "s2"
address: "localhost:35511"
dataStreamAddress: "localhost:38827"
clientAddress: "localhost:42865"
adminAddress: "localhost:36791"
startupRole: FOLLOWER
, old:), (t:2, i:1), STATEMACHINELOGENTRY, 0@client-2EFB324ADA71, (t:2, i:2), METADATAENTRY(c:1), (t:2, i:3), STATEMACHINELOGENTRY, 999@client-AE8279CAF820, (t:2, i:4), METADATAENTRY(c:3)]
2022-11-08 19:12:09,864 [s2-server-thread1] INFO  server.RaftServer$Division (RaftServerImpl.java:checkInconsistentAppendEntries(1592)) - s2@group-EA982605F2E5: Failed appendEntries as the first entry (index 0) already exists (snapshotIndex: -1, commitIndex: 0)
2022-11-08 19:12:09,864 [s2-server-thread1] INFO  server.RaftServer$Division (RaftServerImpl.java:checkInconsistentAppendEntries(1572)) - s2@group-EA982605F2E5: inconsistency entries. Reply:s1<-s2#1723:FAIL-t2,INCONSISTENCY,nextIndex=1,followerCommit=0,matchIndex=-1
2022-11-08 19:12:09,864 [grpc-default-executor-0] INFO  leader.FollowerInfo (FollowerInfoImpl.java:lambda$new$0(48)) - s1@group-EA982605F2E5->s2: nextIndex: updateUnconditionally 5 -> 1
2022-11-08 19:12:09,864 [s2-server-thread1] DEBUG server.RaftServer$Division (RaftServerImpl.java:logAppendEntries(1421)) - s2@group-EA982605F2E5: receive appendEntries(s1, 2, (t:2, i:0), 4, true, commits:[s1:c4, s0:c4, s2:c0], cId:1724, entries: [(t:2, i:1), STATEMACHINELOGENTRY, 0@client-2EFB324ADA71, (t:2, i:2), METADATAENTRY(c:1), (t:2, i:3), STATEMACHINELOGENTRY, 999@client-AE8279CAF820, (t:2, i:4), METADATAENTRY(c:3)]
2022-11-08 19:12:09,865 [s2-server-thread1] INFO  server.RaftServer$Division (RaftServerImpl.java:checkInconsistentAppendEntries(1602)) - s2@group-EA982605F2E5: Failed appendEntries as previous log entry ((t:2, i:0)) is not found
2022-11-08 19:12:09,865 [s2-server-thread1] INFO  server.RaftServer$Division (RaftServerImpl.java:checkInconsistentAppendEntries(1572)) - s2@group-EA982605F2E5: inconsistency entries. Reply:s1<-s2#1724:FAIL-t2,INCONSISTENCY,nextIndex=0,followerCommit=0,matchIndex=-1
2022-11-08 19:12:09,865 [grpc-default-executor-0] INFO  leader.FollowerInfo (FollowerInfoImpl.java:lambda$new$0(48)) - s1@group-EA982605F2E5->s2: nextIndex: updateUnconditionally 5 -> 0
2022-11-08 19:12:09,865 [s2-server-thread1] DEBUG server.RaftServer$Division (RaftServerImpl.java:logAppendEntries(1421)) - s2@group-EA982605F2E5: receive appendEntries(s1, 2, null, 4, true, commits:[s1:c4, s0:c4, s2:c0], cId:1725, entries: [(t:2, i:0), CONFIGURATIONENTRY(current:id: "s0"
address: "localhost:34297"
dataStreamAddress: "localhost:43983"
clientAddress: "localhost:39609"
adminAddress: "localhost:37077"
startupRole: FOLLOWER
,id: "s1"
address: "localhost:38917"
dataStreamAddress: "localhost:45719"
clientAddress: "localhost:36975"
adminAddress: "localhost:40635"
startupRole: FOLLOWER
,id: "s2"
address: "localhost:35511"
dataStreamAddress: "localhost:38827"
clientAddress: "localhost:42865"
adminAddress: "localhost:36791"
startupRole: FOLLOWER
, old:), (t:2, i:1), STATEMACHINELOGENTRY, 0@client-2EFB324ADA71, (t:2, i:2), METADATAENTRY(c:1), (t:2, i:3), STATEMACHINELOGENTRY, 999@client-AE8279CAF820, (t:2, i:4), METADATAENTRY(c:3)]
2022-11-08 19:12:09,866 [s2-server-thread1] INFO  server.RaftServer$Division (RaftServerImpl.java:checkInconsistentAppendEntries(1592)) - s2@group-EA982605F2E5: Failed appendEntries as the first entry (index 0) already exists (snapshotIndex: -1, commitIndex: 0)
2022-11-08 19:12:09,866 [s2-server-thread1] INFO  server.RaftServer$Division (RaftServerImpl.java:checkInconsistentAppendEntries(1572)) - s2@group-EA982605F2E5: inconsistency entries. Reply:s1<-s2#1725:FAIL-t2,INCONSISTENCY,nextIndex=1,followerCommit=0,matchIndex=-1
2022-11-08 19:12:09,866 [grpc-default-executor-0] INFO  leader.FollowerInfo (FollowerInfoImpl.java:lambda$new$0(48)) - s1@group-EA982605F2E5->s2: nextIndex: updateUnconditionally 5 -> 1
2022-11-08 19:12:09,866 [s2-server-thread1] DEBUG server.RaftServer$Division (RaftServerImpl.java:logAppendEntries(1421)) - s2@group-EA982605F2E5: receive appendEntries(s1, 2, (t:2, i:0), 4, true, commits:[s1:c4, s0:c4, s2:c0], cId:1726, entries: [(t:2, i:1), STATEMACHINELOGENTRY, 0@client-2EFB324ADA71, (t:2, i:2), METADATAENTRY(c:1), (t:2, i:3), STATEMACHINELOGENTRY, 999@client-AE8279CAF820, (t:2, i:4), METADATAENTRY(c:3)]
2022-11-08 19:12:09,866 [s2-server-thread1] INFO  server.RaftServer$Division (RaftServerImpl.java:checkInconsistentAppendEntries(1602)) - s2@group-EA982605F2E5: Failed appendEntries as previous log entry ((t:2, i:0)) is not found
2022-11-08 19:12:09,867 [s2-server-thread1] INFO  server.RaftServer$Division (RaftServerImpl.java:checkInconsistentAppendEntries(1572)) - s2@group-EA982605F2E5: inconsistency entries. Reply:s1<-s2#1726:FAIL-t2,INCONSISTENCY,nextIndex=0,followerCommit=0,matchIndex=-1
2022-11-08 19:12:09,867 [grpc-default-executor-0] INFO  leader.FollowerInfo (FollowerInfoImpl.java:lambda$new$0(48)) - s1@group-EA982605F2E5->s2: nextIndex: updateUnconditionally 5 -> 0
2022-11-08 19:12:09,867 [s2-server-thread1] DEBUG server.RaftServer$Division (RaftServerImpl.java:logAppendEntries(1421)) - s2@group-EA982605F2E5: receive appendEntries(s1, 2, null, 4, true, commits:[s1:c4, s0:c4, s2:c0], cId:1727, entries: [(t:2, i:0), CONFIGURATIONENTRY(current:id: "s0"
address: "localhost:34297"
dataStreamAddress: "localhost:43983"
clientAddress: "localhost:39609"
adminAddress: "localhost:37077"
startupRole: FOLLOWER
,id: "s1"
address: "localhost:38917"
dataStreamAddress: "localhost:45719"
clientAddress: "localhost:36975"
adminAddress: "localhost:40635"
startupRole: FOLLOWER
,id: "s2"
address: "localhost:35511"
dataStreamAddress: "localhost:38827"
clientAddress: "localhost:42865"
adminAddress: "localhost:36791"
startupRole: FOLLOWER
, old:), (t:2, i:1), STATEMACHINELOGENTRY, 0@client-2EFB324ADA71, (t:2, i:2), METADATAENTRY(c:1), (t:2, i:3), STATEMACHINELOGENTRY, 999@client-AE8279CAF820, (t:2, i:4), METADATAENTRY(c:3)]
2022-11-08 19:12:09,867 [s2-server-thread1] INFO  server.RaftServer$Division (RaftServerImpl.java:checkInconsistentAppendEntries(1592)) - s2@group-EA982605F2E5: Failed appendEntries as the first entry (index 0) already exists (snapshotIndex: -1, commitIndex: 0)
2022-11-08 19:12:09,867 [s2-server-thread1] INFO  server.RaftServer$Division (RaftServerImpl.java:checkInconsistentAppendEntries(1572)) - s2@group-EA982605F2E5: inconsistency entries. Reply:s1<-s2#1727:FAIL-t2,INCONSISTENCY,nextIndex=1,followerCommit=0,matchIndex=-1
2022-11-08 19:12:09,868 [grpc-default-executor-0] INFO  leader.FollowerInfo (FollowerInfoImpl.java:lambda$new$0(48)) - s1@group-EA982605F2E5->s2: nextIndex: updateUnconditionally 5 -> 1
2022-11-08 19:12:09,868 [s2-server-thread1] DEBUG server.RaftServer$Division (RaftServerImpl.java:logAppendEntries(1421)) - s2@group-EA982605F2E5: receive appendEntries(s1, 2, (t:2, i:0), 4, true, commits:[s1:c4, s0:c4, s2:c0], cId:1728, entries: [(t:2, i:1), STATEMACHINELOGENTRY, 0@client-2EFB324ADA71, (t:2, i:2), METADATAENTRY(c:1), (t:2, i:3), STATEMACHINELOGENTRY, 999@client-AE8279CAF820, (t:2, i:4), METADATAENTRY(c:3)]
2022-11-08 19:12:09,868 [s2-server-thread1] INFO  server.RaftServer$Division (RaftServerImpl.java:checkInconsistentAppendEntries(1602)) - s2@group-EA982605F2E5: Failed appendEntries as previous log entry ((t:2, i:0)) is not found
2022-11-08 19:12:09,868 [s2-server-thread1] INFO  server.RaftServer$Division (RaftServerImpl.java:checkInconsistentAppendEntries(1572)) - s2@group-EA982605F2E5: inconsistency entries. Reply:s1<-s2#1728:FAIL-t2,INCONSISTENCY,nextIndex=0,followerCommit=0,matchIndex=-1
2022-11-08 19:12:09,869 [grpc-default-executor-0] INFO  leader.FollowerInfo (FollowerInfoImpl.java:lambda$new$0(48)) - s1@group-EA982605F2E5->s2: nextIndex: updateUnconditionally 5 -> 0
2022-11-08 19:12:09,869 [Time-limited test] WARN  grpc.TestRaftStateMachineExceptionWithGrpc (JavaUtils.java:attempt(217)) - FAILED "GetRetryEntry", attempt #4/5: java.lang.AssertionError, sleep 1s and then retry.
java.lang.AssertionError
	at org.junit.Assert.fail(Assert.java:87)
	at org.junit.Assert.assertTrue(Assert.java:42)
	at org.junit.Assert.assertNotNull(Assert.java:713)
	at org.junit.Assert.assertNotNull(Assert.java:723)
	at org.apache.ratis.server.impl.RaftStateMachineExceptionTests.lambda$runTestRetryOnStateMachineException$0(RaftStateMachineExceptionTests.java:133)
	at org.apache.ratis.util.JavaUtils.attempt(JavaUtils.java:211)
	at org.apache.ratis.util.JavaUtils.attemptRepeatedly(JavaUtils.java:197)
	at org.apache.ratis.server.impl.RaftStateMachineExceptionTests.runTestRetryOnStateMachineException(RaftStateMachineExceptionTests.java:132)
	at org.apache.ratis.server.impl.MiniRaftCluster$Factory$Get.runWithNewCluster(MiniRaftCluster.java:141)
	at org.apache.ratis.server.impl.MiniRaftCluster$Factory$Get.runWithNewCluster(MiniRaftCluster.java:121)
	at org.apache.ratis.server.impl.RaftStateMachineExceptionTests.testRetryOnStateMachineException(RaftStateMachineExceptionTests.java:102)
	at java.base/jdk.internal.reflect.NativeMethodAccessorImpl.invoke0(Native Method)
	at java.base/jdk.internal.reflect.NativeMethodAccessorImpl.invoke(NativeMethodAccessorImpl.java:62)
	at java.base/jdk.internal.reflect.DelegatingMethodAccessorImpl.invoke(DelegatingMethodAccessorImpl.java:43)
	at java.base/java.lang.reflect.Method.invoke(Method.java:566)
	at org.junit.runners.model.FrameworkMethod$1.runReflectiveCall(FrameworkMethod.java:59)
	at org.junit.internal.runners.model.ReflectiveCallable.run(ReflectiveCallable.java:12)
	at org.junit.runners.model.FrameworkMethod.invokeExplosively(FrameworkMethod.java:56)
	at org.junit.internal.runners.statements.InvokeMethod.evaluate(InvokeMethod.java:17)
	at org.junit.internal.runners.statements.RunAfters.evaluate(RunAfters.java:27)
	at org.junit.internal.runners.statements.FailOnTimeout$CallableStatement.call(FailOnTimeout.java:299)
	at org.junit.internal.runners.statements.FailOnTimeout$CallableStatement.call(FailOnTimeout.java:293)
	at java.base/java.util.concurrent.FutureTask.run(FutureTask.java:264)
	at java.base/java.lang.Thread.run(Thread.java:829)
2022-11-08 19:12:09,870 [s2-server-thread1] DEBUG server.RaftServer$Division (RaftServerImpl.java:logAppendEntries(1421)) - s2@group-EA982605F2E5: receive appendEntries(s1, 2, null, 4, true, commits:[s1:c4, s0:c4, s2:c0], cId:1729, entries: [(t:2, i:0), CONFIGURATIONENTRY(current:id: "s0"
address: "localhost:34297"
dataStreamAddress: "localhost:43983"
clientAddress: "localhost:39609"
adminAddress: "localhost:37077"
startupRole: FOLLOWER
,id: "s1"
address: "localhost:38917"
dataStreamAddress: "localhost:45719"
clientAddress: "localhost:36975"
adminAddress: "localhost:40635"
startupRole: FOLLOWER
,id: "s2"
address: "localhost:35511"
dataStreamAddress: "localhost:38827"
clientAddress: "localhost:42865"
adminAddress: "localhost:36791"
startupRole: FOLLOWER
, old:), (t:2, i:1), STATEMACHINELOGENTRY, 0@client-2EFB324ADA71, (t:2, i:2), METADATAENTRY(c:1), (t:2, i:3), STATEMACHINELOGENTRY, 999@client-AE8279CAF820, (t:2, i:4), METADATAENTRY(c:3)]
2022-11-08 19:12:09,870 [s2-server-thread1] INFO  server.RaftServer$Division (RaftServerImpl.java:checkInconsistentAppendEntries(1592)) - s2@group-EA982605F2E5: Failed appendEntries as the first entry (index 0) already exists (snapshotIndex: -1, commitIndex: 0)
2022-11-08 19:12:09,870 [s2-server-thread1] INFO  server.RaftServer$Division (RaftServerImpl.java:checkInconsistentAppendEntries(1572)) - s2@group-EA982605F2E5: inconsistency entries. Reply:s1<-s2#1729:FAIL-t2,INCONSISTENCY,nextIndex=1,followerCommit=0,matchIndex=-1
2022-11-08 19:12:09,871 [grpc-default-executor-0] INFO  leader.FollowerInfo (FollowerInfoImpl.java:lambda$new$0(48)) - s1@group-EA982605F2E5->s2: nextIndex: updateUnconditionally 5 -> 1
2022-11-08 19:12:09,871 [s2-server-thread1] DEBUG server.RaftServer$Division (RaftServerImpl.java:logAppendEntries(1421)) - s2@group-EA982605F2E5: receive appendEntries(s1, 2, (t:2, i:0), 4, true, commits:[s1:c4, s0:c4, s2:c0], cId:1730, entries: [(t:2, i:1), STATEMACHINELOGENTRY, 0@client-2EFB324ADA71, (t:2, i:2), METADATAENTRY(c:1), (t:2, i:3), STATEMACHINELOGENTRY, 999@client-AE8279CAF820, (t:2, i:4), METADATAENTRY(c:3)]
2022-11-08 19:12:09,871 [s2-server-thread1] INFO  server.RaftServer$Division (RaftServerImpl.java:checkInconsistentAppendEntries(1602)) - s2@group-EA982605F2E5: Failed appendEntries as previous log entry ((t:2, i:0)) is not found
2022-11-08 19:12:09,871 [s2-server-thread1] INFO  server.RaftServer$Division (RaftServerImpl.java:checkInconsistentAppendEntries(1572)) - s2@group-EA982605F2E5: inconsistency entries. Reply:s1<-s2#1730:FAIL-t2,INCONSISTENCY,nextIndex=0,followerCommit=0,matchIndex=-1
2022-11-08 19:12:09,872 [grpc-default-executor-0] INFO  leader.FollowerInfo (FollowerInfoImpl.java:lambda$new$0(48)) - s1@group-EA982605F2E5->s2: nextIndex: updateUnconditionally 5 -> 0
2022-11-08 19:12:09,872 [s2-server-thread1] DEBUG server.RaftServer$Division (RaftServerImpl.java:logAppendEntries(1421)) - s2@group-EA982605F2E5: receive appendEntries(s1, 2, null, 4, true, commits:[s1:c4, s0:c4, s2:c0], cId:1731, entries: [(t:2, i:0), CONFIGURATIONENTRY(current:id: "s0"
address: "localhost:34297"
dataStreamAddress: "localhost:43983"
clientAddress: "localhost:39609"
adminAddress: "localhost:37077"
startupRole: FOLLOWER
,id: "s1"
address: "localhost:38917"
dataStreamAddress: "localhost:45719"
clientAddress: "localhost:36975"
adminAddress: "localhost:40635"
startupRole: FOLLOWER
,id: "s2"
address: "localhost:35511"
dataStreamAddress: "localhost:38827"
clientAddress: "localhost:42865"
adminAddress: "localhost:36791"
startupRole: FOLLOWER
, old:), (t:2, i:1), STATEMACHINELOGENTRY, 0@client-2EFB324ADA71, (t:2, i:2), METADATAENTRY(c:1), (t:2, i:3), STATEMACHINELOGENTRY, 999@client-AE8279CAF820, (t:2, i:4), METADATAENTRY(c:3)]
2022-11-08 19:12:09,872 [s2-server-thread1] INFO  server.RaftServer$Division (RaftServerImpl.java:checkInconsistentAppendEntries(1592)) - s2@group-EA982605F2E5: Failed appendEntries as the first entry (index 0) already exists (snapshotIndex: -1, commitIndex: 0)
2022-11-08 19:12:09,873 [s2-server-thread1] INFO  server.RaftServer$Division (RaftServerImpl.java:checkInconsistentAppendEntries(1572)) - s2@group-EA982605F2E5: inconsistency entries. Reply:s1<-s2#1731:FAIL-t2,INCONSISTENCY,nextIndex=1,followerCommit=0,matchIndex=-1
2022-11-08 19:12:09,873 [grpc-default-executor-0] INFO  leader.FollowerInfo (FollowerInfoImpl.java:lambda$new$0(48)) - s1@group-EA982605F2E5->s2: nextIndex: updateUnconditionally 5 -> 1
2022-11-08 19:12:09,873 [s2-server-thread1] DEBUG server.RaftServer$Division (RaftServerImpl.java:logAppendEntries(1421)) - s2@group-EA982605F2E5: receive appendEntries(s1, 2, (t:2, i:0), 4, true, commits:[s1:c4, s0:c4, s2:c0], cId:1732, entries: [(t:2, i:1), STATEMACHINELOGENTRY, 0@client-2EFB324ADA71, (t:2, i:2), METADATAENTRY(c:1), (t:2, i:3), STATEMACHINELOGENTRY, 999@client-AE8279CAF820, (t:2, i:4), METADATAENTRY(c:3)]
2022-11-08 19:12:09,874 [s2-server-thread1] INFO  server.RaftServer$Division (RaftServerImpl.java:checkInconsistentAppendEntries(1602)) - s2@group-EA982605F2E5: Failed appendEntries as previous log entry ((t:2, i:0)) is not found
2022-11-08 19:12:09,874 [s2-server-thread1] INFO  server.RaftServer$Division (RaftServerImpl.java:checkInconsistentAppendEntries(1572)) - s2@group-EA982605F2E5: inconsistency entries. Reply:s1<-s2#1732:FAIL-t2,INCONSISTENCY,nextIndex=0,followerCommit=0,matchIndex=-1
2022-11-08 19:12:09,874 [grpc-default-executor-0] INFO  leader.FollowerInfo (FollowerInfoImpl.java:lambda$new$0(48)) - s1@group-EA982605F2E5->s2: nextIndex: updateUnconditionally 5 -> 0
2022-11-08 19:12:09,874 [s2-server-thread1] DEBUG server.RaftServer$Division (RaftServerImpl.java:logAppendEntries(1421)) - s2@group-EA982605F2E5: receive appendEntries(s1, 2, null, 4, true, commits:[s1:c4, s0:c4, s2:c0], cId:1733, entries: [(t:2, i:0), CONFIGURATIONENTRY(current:id: "s0"
address: "localhost:34297"
dataStreamAddress: "localhost:43983"
clientAddress: "localhost:39609"
adminAddress: "localhost:37077"
startupRole: FOLLOWER
,id: "s1"
address: "localhost:38917"
dataStreamAddress: "localhost:45719"
clientAddress: "localhost:36975"
adminAddress: "localhost:40635"
startupRole: FOLLOWER
,id: "s2"
address: "localhost:35511"
dataStreamAddress: "localhost:38827"
clientAddress: "localhost:42865"
adminAddress: "localhost:36791"
startupRole: FOLLOWER
, old:), (t:2, i:1), STATEMACHINELOGENTRY, 0@client-2EFB324ADA71, (t:2, i:2), METADATAENTRY(c:1), (t:2, i:3), STATEMACHINELOGENTRY, 999@client-AE8279CAF820, (t:2, i:4), METADATAENTRY(c:3)]
2022-11-08 19:12:09,874 [s2-server-thread1] INFO  server.RaftServer$Division (RaftServerImpl.java:checkInconsistentAppendEntries(1592)) - s2@group-EA982605F2E5: Failed appendEntries as the first entry (index 0) already exists (snapshotIndex: -1, commitIndex: 0)
2022-11-08 19:12:09,875 [s2-server-thread1] INFO  server.RaftServer$Division (RaftServerImpl.java:checkInconsistentAppendEntries(1572)) - s2@group-EA982605F2E5: inconsistency entries. Reply:s1<-s2#1733:FAIL-t2,INCONSISTENCY,nextIndex=1,followerCommit=0,matchIndex=-1
2022-11-08 19:12:09,875 [grpc-default-executor-0] INFO  leader.FollowerInfo (FollowerInfoImpl.java:lambda$new$0(48)) - s1@group-EA982605F2E5->s2: nextIndex: updateUnconditionally 5 -> 1
2022-11-08 19:12:09,875 [s2-server-thread1] DEBUG server.RaftServer$Division (RaftServerImpl.java:logAppendEntries(1421)) - s2@group-EA982605F2E5: receive appendEntries(s1, 2, (t:2, i:0), 4, true, commits:[s1:c4, s0:c4, s2:c0], cId:1734, entries: [(t:2, i:1), STATEMACHINELOGENTRY, 0@client-2EFB324ADA71, (t:2, i:2), METADATAENTRY(c:1), (t:2, i:3), STATEMACHINELOGENTRY, 999@client-AE8279CAF820, (t:2, i:4), METADATAENTRY(c:3)]
2022-11-08 19:12:09,876 [s2-server-thread1] INFO  server.RaftServer$Division (RaftServerImpl.java:checkInconsistentAppendEntries(1602)) - s2@group-EA982605F2E5: Failed appendEntries as previous log entry ((t:2, i:0)) is not found
2022-11-08 19:12:09,876 [s2-server-thread1] INFO  server.RaftServer$Division (RaftServerImpl.java:checkInconsistentAppendEntries(1572)) - s2@group-EA982605F2E5: inconsistency entries. Reply:s1<-s2#1734:FAIL-t2,INCONSISTENCY,nextIndex=0,followerCommit=0,matchIndex=-1
2022-11-08 19:12:09,876 [grpc-default-executor-0] INFO  leader.FollowerInfo (FollowerInfoImpl.java:lambda$new$0(48)) - s1@group-EA982605F2E5->s2: nextIndex: updateUnconditionally 5 -> 0
2022-11-08 19:12:09,876 [s2-server-thread1] DEBUG server.RaftServer$Division (RaftServerImpl.java:logAppendEntries(1421)) - s2@group-EA982605F2E5: receive appendEntries(s1, 2, null, 4, true, commits:[s1:c4, s0:c4, s2:c0], cId:1735, entries: [(t:2, i:0), CONFIGURATIONENTRY(current:id: "s0"
address: "localhost:34297"
dataStreamAddress: "localhost:43983"
clientAddress: "localhost:39609"
adminAddress: "localhost:37077"
startupRole: FOLLOWER
,id: "s1"
address: "localhost:38917"
dataStreamAddress: "localhost:45719"
clientAddress: "localhost:36975"
adminAddress: "localhost:40635"
startupRole: FOLLOWER
,id: "s2"
address: "localhost:35511"
dataStreamAddress: "localhost:38827"
clientAddress: "localhost:42865"
adminAddress: "localhost:36791"
startupRole: FOLLOWER
, old:), (t:2, i:1), STATEMACHINELOGENTRY, 0@client-2EFB324ADA71, (t:2, i:2), METADATAENTRY(c:1), (t:2, i:3), STATEMACHINELOGENTRY, 999@client-AE8279CAF820, (t:2, i:4), METADATAENTRY(c:3)]
2022-11-08 19:12:09,876 [s2-server-thread1] INFO  server.RaftServer$Division (RaftServerImpl.java:checkInconsistentAppendEntries(1592)) - s2@group-EA982605F2E5: Failed appendEntries as the first entry (index 0) already exists (snapshotIndex: -1, commitIndex: 0)
2022-11-08 19:12:09,877 [s2-server-thread1] INFO  server.RaftServer$Division (RaftServerImpl.java:checkInconsistentAppendEntries(1572)) - s2@group-EA982605F2E5: inconsistency entries. Reply:s1<-s2#1735:FAIL-t2,INCONSISTENCY,nextIndex=1,followerCommit=0,matchIndex=-1
2022-11-08 19:12:09,877 [grpc-default-executor-0] INFO  leader.FollowerInfo (FollowerInfoImpl.java:lambda$new$0(48)) - s1@group-EA982605F2E5->s2: nextIndex: updateUnconditionally 5 -> 1
2022-11-08 19:12:09,877 [s2-server-thread1] DEBUG server.RaftServer$Division (RaftServerImpl.java:logAppendEntries(1421)) - s2@group-EA982605F2E5: receive appendEntries(s1, 2, (t:2, i:0), 4, true, commits:[s1:c4, s0:c4, s2:c0], cId:1736, entries: [(t:2, i:1), STATEMACHINELOGENTRY, 0@client-2EFB324ADA71, (t:2, i:2), METADATAENTRY(c:1), (t:2, i:3), STATEMACHINELOGENTRY, 999@client-AE8279CAF820, (t:2, i:4), METADATAENTRY(c:3)]
2022-11-08 19:12:09,877 [s2-server-thread1] INFO  server.RaftServer$Division (RaftServerImpl.java:checkInconsistentAppendEntries(1602)) - s2@group-EA982605F2E5: Failed appendEntries as previous log entry ((t:2, i:0)) is not found
2022-11-08 19:12:09,878 [s2-server-thread1] INFO  server.RaftServer$Division (RaftServerImpl.java:checkInconsistentAppendEntries(1572)) - s2@group-EA982605F2E5: inconsistency entries. Reply:s1<-s2#1736:FAIL-t2,INCONSISTENCY,nextIndex=0,followerCommit=0,matchIndex=-1
2022-11-08 19:12:09,878 [grpc-default-executor-0] INFO  leader.FollowerInfo (FollowerInfoImpl.java:lambda$new$0(48)) - s1@group-EA982605F2E5->s2: nextIndex: updateUnconditionally 5 -> 0
2022-11-08 19:12:09,878 [s2-server-thread1] DEBUG server.RaftServer$Division (RaftServerImpl.java:logAppendEntries(1421)) - s2@group-EA982605F2E5: receive appendEntries(s1, 2, null, 4, true, commits:[s1:c4, s0:c4, s2:c0], cId:1737, entries: [(t:2, i:0), CONFIGURATIONENTRY(current:id: "s0"
address: "localhost:34297"
dataStreamAddress: "localhost:43983"
clientAddress: "localhost:39609"
adminAddress: "localhost:37077"
startupRole: FOLLOWER
,id: "s1"
address: "localhost:38917"
dataStreamAddress: "localhost:45719"
clientAddress: "localhost:36975"
adminAddress: "localhost:40635"
startupRole: FOLLOWER
,id: "s2"
address: "localhost:35511"
dataStreamAddress: "localhost:38827"
clientAddress: "localhost:42865"
adminAddress: "localhost:36791"
startupRole: FOLLOWER
, old:), (t:2, i:1), STATEMACHINELOGENTRY, 0@client-2EFB324ADA71, (t:2, i:2), METADATAENTRY(c:1), (t:2, i:3), STATEMACHINELOGENTRY, 999@client-AE8279CAF820, (t:2, i:4), METADATAENTRY(c:3)]
2022-11-08 19:12:09,878 [s2-server-thread1] INFO  server.RaftServer$Division (RaftServerImpl.java:checkInconsistentAppendEntries(1592)) - s2@group-EA982605F2E5: Failed appendEntries as the first entry (index 0) already exists (snapshotIndex: -1, commitIndex: 0)
2022-11-08 19:12:09,878 [s2-server-thread1] INFO  server.RaftServer$Division (RaftServerImpl.java:checkInconsistentAppendEntries(1572)) - s2@group-EA982605F2E5: inconsistency entries. Reply:s1<-s2#1737:FAIL-t2,INCONSISTENCY,nextIndex=1,followerCommit=0,matchIndex=-1
2022-11-08 19:12:09,879 [grpc-default-executor-0] INFO  leader.FollowerInfo (FollowerInfoImpl.java:lambda$new$0(48)) - s1@group-EA982605F2E5->s2: nextIndex: updateUnconditionally 5 -> 1
2022-11-08 19:12:09,880 [s2-server-thread1] DEBUG server.RaftServer$Division (RaftServerImpl.java:logAppendEntries(1421)) - s2@group-EA982605F2E5: receive appendEntries(s1, 2, (t:2, i:0), 4, true, commits:[s1:c4, s0:c4, s2:c0], cId:1738, entries: [(t:2, i:1), STATEMACHINELOGENTRY, 0@client-2EFB324ADA71, (t:2, i:2), METADATAENTRY(c:1), (t:2, i:3), STATEMACHINELOGENTRY, 999@client-AE8279CAF820, (t:2, i:4), METADATAENTRY(c:3)]
2022-11-08 19:12:09,880 [s2-server-thread1] INFO  server.RaftServer$Division (RaftServerImpl.java:checkInconsistentAppendEntries(1602)) - s2@group-EA982605F2E5: Failed appendEntries as previous log entry ((t:2, i:0)) is not found
2022-11-08 19:12:09,880 [s2-server-thread1] INFO  server.RaftServer$Division (RaftServerImpl.java:checkInconsistentAppendEntries(1572)) - s2@group-EA982605F2E5: inconsistency entries. Reply:s1<-s2#1738:FAIL-t2,INCONSISTENCY,nextIndex=0,followerCommit=0,matchIndex=-1
2022-11-08 19:12:09,880 [grpc-default-executor-0] INFO  leader.FollowerInfo (FollowerInfoImpl.java:lambda$new$0(48)) - s1@group-EA982605F2E5->s2: nextIndex: updateUnconditionally 5 -> 0
2022-11-08 19:12:09,881 [s2-server-thread1] DEBUG server.RaftServer$Division (RaftServerImpl.java:logAppendEntries(1421)) - s2@group-EA982605F2E5: receive appendEntries(s1, 2, null, 4, true, commits:[s1:c4, s0:c4, s2:c0], cId:1739, entries: [(t:2, i:0), CONFIGURATIONENTRY(current:id: "s0"
address: "localhost:34297"
dataStreamAddress: "localhost:43983"
clientAddress: "localhost:39609"
adminAddress: "localhost:37077"
startupRole: FOLLOWER
,id: "s1"
address: "localhost:38917"
dataStreamAddress: "localhost:45719"
clientAddress: "localhost:36975"
adminAddress: "localhost:40635"
startupRole: FOLLOWER
,id: "s2"
address: "localhost:35511"
dataStreamAddress: "localhost:38827"
clientAddress: "localhost:42865"
adminAddress: "localhost:36791"
startupRole: FOLLOWER
, old:), (t:2, i:1), STATEMACHINELOGENTRY, 0@client-2EFB324ADA71, (t:2, i:2), METADATAENTRY(c:1), (t:2, i:3), STATEMACHINELOGENTRY, 999@client-AE8279CAF820, (t:2, i:4), METADATAENTRY(c:3)]
2022-11-08 19:12:09,881 [s2-server-thread1] INFO  server.RaftServer$Division (RaftServerImpl.java:checkInconsistentAppendEntries(1592)) - s2@group-EA982605F2E5: Failed appendEntries as the first entry (index 0) already exists (snapshotIndex: -1, commitIndex: 0)
2022-11-08 19:12:09,881 [s2-server-thread1] INFO  server.RaftServer$Division (RaftServerImpl.java:checkInconsistentAppendEntries(1572)) - s2@group-EA982605F2E5: inconsistency entries. Reply:s1<-s2#1739:FAIL-t2,INCONSISTENCY,nextIndex=1,followerCommit=0,matchIndex=-1
2022-11-08 19:12:09,881 [grpc-default-executor-0] INFO  leader.FollowerInfo (FollowerInfoImpl.java:lambda$new$0(48)) - s1@group-EA982605F2E5->s2: nextIndex: updateUnconditionally 5 -> 1
2022-11-08 19:12:09,881 [s2-server-thread1] DEBUG server.RaftServer$Division (RaftServerImpl.java:logAppendEntries(1421)) - s2@group-EA982605F2E5: receive appendEntries(s1, 2, (t:2, i:0), 4, true, commits:[s1:c4, s0:c4, s2:c0], cId:1740, entries: [(t:2, i:1), STATEMACHINELOGENTRY, 0@client-2EFB324ADA71, (t:2, i:2), METADATAENTRY(c:1), (t:2, i:3), STATEMACHINELOGENTRY, 999@client-AE8279CAF820, (t:2, i:4), METADATAENTRY(c:3)]
2022-11-08 19:12:09,882 [s2-server-thread1] INFO  server.RaftServer$Division (RaftServerImpl.java:checkInconsistentAppendEntries(1602)) - s2@group-EA982605F2E5: Failed appendEntries as previous log entry ((t:2, i:0)) is not found
2022-11-08 19:12:09,882 [s2-server-thread1] INFO  server.RaftServer$Division (RaftServerImpl.java:checkInconsistentAppendEntries(1572)) - s2@group-EA982605F2E5: inconsistency entries. Reply:s1<-s2#1740:FAIL-t2,INCONSISTENCY,nextIndex=0,followerCommit=0,matchIndex=-1
2022-11-08 19:12:09,882 [grpc-default-executor-0] INFO  leader.FollowerInfo (FollowerInfoImpl.java:lambda$new$0(48)) - s1@group-EA982605F2E5->s2: nextIndex: updateUnconditionally 5 -> 0
2022-11-08 19:12:09,882 [s2-server-thread1] DEBUG server.RaftServer$Division (RaftServerImpl.java:logAppendEntries(1421)) - s2@group-EA982605F2E5: receive appendEntries(s1, 2, null, 4, true, commits:[s1:c4, s0:c4, s2:c0], cId:1741, entries: [(t:2, i:0), CONFIGURATIONENTRY(current:id: "s0"
address: "localhost:34297"
dataStreamAddress: "localhost:43983"
clientAddress: "localhost:39609"
adminAddress: "localhost:37077"
startupRole: FOLLOWER
,id: "s1"
address: "localhost:38917"
dataStreamAddress: "localhost:45719"
clientAddress: "localhost:36975"
adminAddress: "localhost:40635"
startupRole: FOLLOWER
,id: "s2"
address: "localhost:35511"
dataStreamAddress: "localhost:38827"
clientAddress: "localhost:42865"
adminAddress: "localhost:36791"
startupRole: FOLLOWER
, old:), (t:2, i:1), STATEMACHINELOGENTRY, 0@client-2EFB324ADA71, (t:2, i:2), METADATAENTRY(c:1), (t:2, i:3), STATEMACHINELOGENTRY, 999@client-AE8279CAF820, (t:2, i:4), METADATAENTRY(c:3)]
2022-11-08 19:12:09,883 [s2-server-thread1] INFO  server.RaftServer$Division (RaftServerImpl.java:checkInconsistentAppendEntries(1592)) - s2@group-EA982605F2E5: Failed appendEntries as the first entry (index 0) already exists (snapshotIndex: -1, commitIndex: 0)
2022-11-08 19:12:09,883 [s2-server-thread1] INFO  server.RaftServer$Division (RaftServerImpl.java:checkInconsistentAppendEntries(1572)) - s2@group-EA982605F2E5: inconsistency entries. Reply:s1<-s2#1741:FAIL-t2,INCONSISTENCY,nextIndex=1,followerCommit=0,matchIndex=-1
2022-11-08 19:12:09,883 [grpc-default-executor-0] INFO  leader.FollowerInfo (FollowerInfoImpl.java:lambda$new$0(48)) - s1@group-EA982605F2E5->s2: nextIndex: updateUnconditionally 5 -> 1
2022-11-08 19:12:09,883 [s2-server-thread1] DEBUG server.RaftServer$Division (RaftServerImpl.java:logAppendEntries(1421)) - s2@group-EA982605F2E5: receive appendEntries(s1, 2, (t:2, i:0), 4, true, commits:[s1:c4, s0:c4, s2:c0], cId:1742, entries: [(t:2, i:1), STATEMACHINELOGENTRY, 0@client-2EFB324ADA71, (t:2, i:2), METADATAENTRY(c:1), (t:2, i:3), STATEMACHINELOGENTRY, 999@client-AE8279CAF820, (t:2, i:4), METADATAENTRY(c:3)]
2022-11-08 19:12:09,884 [s2-server-thread1] INFO  server.RaftServer$Division (RaftServerImpl.java:checkInconsistentAppendEntries(1602)) - s2@group-EA982605F2E5: Failed appendEntries as previous log entry ((t:2, i:0)) is not found
2022-11-08 19:12:09,884 [s2-server-thread1] INFO  server.RaftServer$Division (RaftServerImpl.java:checkInconsistentAppendEntries(1572)) - s2@group-EA982605F2E5: inconsistency entries. Reply:s1<-s2#1742:FAIL-t2,INCONSISTENCY,nextIndex=0,followerCommit=0,matchIndex=-1
2022-11-08 19:12:09,884 [grpc-default-executor-0] INFO  leader.FollowerInfo (FollowerInfoImpl.java:lambda$new$0(48)) - s1@group-EA982605F2E5->s2: nextIndex: updateUnconditionally 5 -> 0
2022-11-08 19:12:09,884 [s2-server-thread1] DEBUG server.RaftServer$Division (RaftServerImpl.java:logAppendEntries(1421)) - s2@group-EA982605F2E5: receive appendEntries(s1, 2, null, 4, true, commits:[s1:c4, s0:c4, s2:c0], cId:1743, entries: [(t:2, i:0), CONFIGURATIONENTRY(current:id: "s0"
address: "localhost:34297"
dataStreamAddress: "localhost:43983"
clientAddress: "localhost:39609"
adminAddress: "localhost:37077"
startupRole: FOLLOWER
,id: "s1"
address: "localhost:38917"
dataStreamAddress: "localhost:45719"
clientAddress: "localhost:36975"
adminAddress: "localhost:40635"
startupRole: FOLLOWER
,id: "s2"
address: "localhost:35511"
dataStreamAddress: "localhost:38827"
clientAddress: "localhost:42865"
adminAddress: "localhost:36791"
startupRole: FOLLOWER
, old:), (t:2, i:1), STATEMACHINELOGENTRY, 0@client-2EFB324ADA71, (t:2, i:2), METADATAENTRY(c:1), (t:2, i:3), STATEMACHINELOGENTRY, 999@client-AE8279CAF820, (t:2, i:4), METADATAENTRY(c:3)]
2022-11-08 19:12:09,885 [s2-server-thread1] INFO  server.RaftServer$Division (RaftServerImpl.java:checkInconsistentAppendEntries(1592)) - s2@group-EA982605F2E5: Failed appendEntries as the first entry (index 0) already exists (snapshotIndex: -1, commitIndex: 0)
2022-11-08 19:12:09,885 [s2-server-thread1] INFO  server.RaftServer$Division (RaftServerImpl.java:checkInconsistentAppendEntries(1572)) - s2@group-EA982605F2E5: inconsistency entries. Reply:s1<-s2#1743:FAIL-t2,INCONSISTENCY,nextIndex=1,followerCommit=0,matchIndex=-1
2022-11-08 19:12:09,885 [grpc-default-executor-0] INFO  leader.FollowerInfo (FollowerInfoImpl.java:lambda$new$0(48)) - s1@group-EA982605F2E5->s2: nextIndex: updateUnconditionally 5 -> 1
2022-11-08 19:12:09,885 [s2-server-thread1] DEBUG server.RaftServer$Division (RaftServerImpl.java:logAppendEntries(1421)) - s2@group-EA982605F2E5: receive appendEntries(s1, 2, (t:2, i:0), 4, true, commits:[s1:c4, s0:c4, s2:c0], cId:1744, entries: [(t:2, i:1), STATEMACHINELOGENTRY, 0@client-2EFB324ADA71, (t:2, i:2), METADATAENTRY(c:1), (t:2, i:3), STATEMACHINELOGENTRY, 999@client-AE8279CAF820, (t:2, i:4), METADATAENTRY(c:3)]
2022-11-08 19:12:09,885 [s2-server-thread1] INFO  server.RaftServer$Division (RaftServerImpl.java:checkInconsistentAppendEntries(1602)) - s2@group-EA982605F2E5: Failed appendEntries as previous log entry ((t:2, i:0)) is not found
2022-11-08 19:12:09,886 [s2-server-thread1] INFO  server.RaftServer$Division (RaftServerImpl.java:checkInconsistentAppendEntries(1572)) - s2@group-EA982605F2E5: inconsistency entries. Reply:s1<-s2#1744:FAIL-t2,INCONSISTENCY,nextIndex=0,followerCommit=0,matchIndex=-1
2022-11-08 19:12:09,886 [grpc-default-executor-0] INFO  leader.FollowerInfo (FollowerInfoImpl.java:lambda$new$0(48)) - s1@group-EA982605F2E5->s2: nextIndex: updateUnconditionally 5 -> 0
2022-11-08 19:12:09,886 [s2-server-thread1] DEBUG server.RaftServer$Division (RaftServerImpl.java:logAppendEntries(1421)) - s2@group-EA982605F2E5: receive appendEntries(s1, 2, null, 4, true, commits:[s1:c4, s0:c4, s2:c0], cId:1745, entries: [(t:2, i:0), CONFIGURATIONENTRY(current:id: "s0"
address: "localhost:34297"
dataStreamAddress: "localhost:43983"
clientAddress: "localhost:39609"
adminAddress: "localhost:37077"
startupRole: FOLLOWER
,id: "s1"
address: "localhost:38917"
dataStreamAddress: "localhost:45719"
clientAddress: "localhost:36975"
adminAddress: "localhost:40635"
startupRole: FOLLOWER
,id: "s2"
address: "localhost:35511"
dataStreamAddress: "localhost:38827"
clientAddress: "localhost:42865"
adminAddress: "localhost:36791"
startupRole: FOLLOWER
, old:), (t:2, i:1), STATEMACHINELOGENTRY, 0@client-2EFB324ADA71, (t:2, i:2), METADATAENTRY(c:1), (t:2, i:3), STATEMACHINELOGENTRY, 999@client-AE8279CAF820, (t:2, i:4), METADATAENTRY(c:3)]
2022-11-08 19:12:09,886 [s2-server-thread1] INFO  server.RaftServer$Division (RaftServerImpl.java:checkInconsistentAppendEntries(1592)) - s2@group-EA982605F2E5: Failed appendEntries as the first entry (index 0) already exists (snapshotIndex: -1, commitIndex: 0)
2022-11-08 19:12:09,887 [s2-server-thread1] INFO  server.RaftServer$Division (RaftServerImpl.java:checkInconsistentAppendEntries(1572)) - s2@group-EA982605F2E5: inconsistency entries. Reply:s1<-s2#1745:FAIL-t2,INCONSISTENCY,nextIndex=1,followerCommit=0,matchIndex=-1
2022-11-08 19:12:09,887 [grpc-default-executor-0] INFO  leader.FollowerInfo (FollowerInfoImpl.java:lambda$new$0(48)) - s1@group-EA982605F2E5->s2: nextIndex: updateUnconditionally 5 -> 1
2022-11-08 19:12:09,887 [s2-server-thread1] DEBUG server.RaftServer$Division (RaftServerImpl.java:logAppendEntries(1421)) - s2@group-EA982605F2E5: receive appendEntries(s1, 2, (t:2, i:0), 4, true, commits:[s1:c4, s0:c4, s2:c0], cId:1746, entries: [(t:2, i:1), STATEMACHINELOGENTRY, 0@client-2EFB324ADA71, (t:2, i:2), METADATAENTRY(c:1), (t:2, i:3), STATEMACHINELOGENTRY, 999@client-AE8279CAF820, (t:2, i:4), METADATAENTRY(c:3)]
2022-11-08 19:12:09,887 [s2-server-thread1] INFO  server.RaftServer$Division (RaftServerImpl.java:checkInconsistentAppendEntries(1602)) - s2@group-EA982605F2E5: Failed appendEntries as previous log entry ((t:2, i:0)) is not found
2022-11-08 19:12:09,887 [s2-server-thread1] INFO  server.RaftServer$Division (RaftServerImpl.java:checkInconsistentAppendEntries(1572)) - s2@group-EA982605F2E5: inconsistency entries. Reply:s1<-s2#1746:FAIL-t2,INCONSISTENCY,nextIndex=0,followerCommit=0,matchIndex=-1
2022-11-08 19:12:09,888 [grpc-default-executor-0] INFO  leader.FollowerInfo (FollowerInfoImpl.java:lambda$new$0(48)) - s1@group-EA982605F2E5->s2: nextIndex: updateUnconditionally 5 -> 0
2022-11-08 19:12:09,888 [s2-server-thread1] DEBUG server.RaftServer$Division (RaftServerImpl.java:logAppendEntries(1421)) - s2@group-EA982605F2E5: receive appendEntries(s1, 2, null, 4, true, commits:[s1:c4, s0:c4, s2:c0], cId:1747, entries: [(t:2, i:0), CONFIGURATIONENTRY(current:id: "s0"
address: "localhost:34297"
dataStreamAddress: "localhost:43983"
clientAddress: "localhost:39609"
adminAddress: "localhost:37077"
startupRole: FOLLOWER
,id: "s1"
address: "localhost:38917"
dataStreamAddress: "localhost:45719"
clientAddress: "localhost:36975"
adminAddress: "localhost:40635"
startupRole: FOLLOWER
,id: "s2"
address: "localhost:35511"
dataStreamAddress: "localhost:38827"
clientAddress: "localhost:42865"
adminAddress: "localhost:36791"
startupRole: FOLLOWER
, old:), (t:2, i:1), STATEMACHINELOGENTRY, 0@client-2EFB324ADA71, (t:2, i:2), METADATAENTRY(c:1), (t:2, i:3), STATEMACHINELOGENTRY, 999@client-AE8279CAF820, (t:2, i:4), METADATAENTRY(c:3)]
2022-11-08 19:12:09,888 [s2-server-thread1] INFO  server.RaftServer$Division (RaftServerImpl.java:checkInconsistentAppendEntries(1592)) - s2@group-EA982605F2E5: Failed appendEntries as the first entry (index 0) already exists (snapshotIndex: -1, commitIndex: 0)
2022-11-08 19:12:09,888 [s2-server-thread1] INFO  server.RaftServer$Division (RaftServerImpl.java:checkInconsistentAppendEntries(1572)) - s2@group-EA982605F2E5: inconsistency entries. Reply:s1<-s2#1747:FAIL-t2,INCONSISTENCY,nextIndex=1,followerCommit=0,matchIndex=-1
2022-11-08 19:12:09,889 [grpc-default-executor-0] INFO  leader.FollowerInfo (FollowerInfoImpl.java:lambda$new$0(48)) - s1@group-EA982605F2E5->s2: nextIndex: updateUnconditionally 5 -> 1
2022-11-08 19:12:09,889 [s2-server-thread1] DEBUG server.RaftServer$Division (RaftServerImpl.java:logAppendEntries(1421)) - s2@group-EA982605F2E5: receive appendEntries(s1, 2, (t:2, i:0), 4, true, commits:[s1:c4, s0:c4, s2:c0], cId:1748, entries: [(t:2, i:1), STATEMACHINELOGENTRY, 0@client-2EFB324ADA71, (t:2, i:2), METADATAENTRY(c:1), (t:2, i:3), STATEMACHINELOGENTRY, 999@client-AE8279CAF820, (t:2, i:4), METADATAENTRY(c:3)]
2022-11-08 19:12:09,889 [s2-server-thread1] INFO  server.RaftServer$Division (RaftServerImpl.java:checkInconsistentAppendEntries(1602)) - s2@group-EA982605F2E5: Failed appendEntries as previous log entry ((t:2, i:0)) is not found
2022-11-08 19:12:09,889 [s2-server-thread1] INFO  server.RaftServer$Division (RaftServerImpl.java:checkInconsistentAppendEntries(1572)) - s2@group-EA982605F2E5: inconsistency entries. Reply:s1<-s2#1748:FAIL-t2,INCONSISTENCY,nextIndex=0,followerCommit=0,matchIndex=-1
2022-11-08 19:12:09,890 [grpc-default-executor-0] INFO  leader.FollowerInfo (FollowerInfoImpl.java:lambda$new$0(48)) - s1@group-EA982605F2E5->s2: nextIndex: updateUnconditionally 5 -> 0
2022-11-08 19:12:09,890 [s2-server-thread1] DEBUG server.RaftServer$Division (RaftServerImpl.java:logAppendEntries(1421)) - s2@group-EA982605F2E5: receive appendEntries(s1, 2, null, 4, true, commits:[s1:c4, s0:c4, s2:c0], cId:1749, entries: [(t:2, i:0), CONFIGURATIONENTRY(current:id: "s0"
address: "localhost:34297"
dataStreamAddress: "localhost:43983"
clientAddress: "localhost:39609"
adminAddress: "localhost:37077"
startupRole: FOLLOWER
,id: "s1"
address: "localhost:38917"
dataStreamAddress: "localhost:45719"
clientAddress: "localhost:36975"
adminAddress: "localhost:40635"
startupRole: FOLLOWER
,id: "s2"
address: "localhost:35511"
dataStreamAddress: "localhost:38827"
clientAddress: "localhost:42865"
adminAddress: "localhost:36791"
startupRole: FOLLOWER
, old:), (t:2, i:1), STATEMACHINELOGENTRY, 0@client-2EFB324ADA71, (t:2, i:2), METADATAENTRY(c:1), (t:2, i:3), STATEMACHINELOGENTRY, 999@client-AE8279CAF820, (t:2, i:4), METADATAENTRY(c:3)]
2022-11-08 19:12:09,890 [s2-server-thread1] INFO  server.RaftServer$Division (RaftServerImpl.java:checkInconsistentAppendEntries(1592)) - s2@group-EA982605F2E5: Failed appendEntries as the first entry (index 0) already exists (snapshotIndex: -1, commitIndex: 0)
2022-11-08 19:12:09,890 [s2-server-thread1] INFO  server.RaftServer$Division (RaftServerImpl.java:checkInconsistentAppendEntries(1572)) - s2@group-EA982605F2E5: inconsistency entries. Reply:s1<-s2#1749:FAIL-t2,INCONSISTENCY,nextIndex=1,followerCommit=0,matchIndex=-1
2022-11-08 19:12:09,891 [grpc-default-executor-0] INFO  leader.FollowerInfo (FollowerInfoImpl.java:lambda$new$0(48)) - s1@group-EA982605F2E5->s2: nextIndex: updateUnconditionally 5 -> 1
2022-11-08 19:12:09,892 [s2-server-thread1] DEBUG server.RaftServer$Division (RaftServerImpl.java:logAppendEntries(1421)) - s2@group-EA982605F2E5: receive appendEntries(s1, 2, (t:2, i:0), 4, true, commits:[s1:c4, s0:c4, s2:c0], cId:1750, entries: [(t:2, i:1), STATEMACHINELOGENTRY, 0@client-2EFB324ADA71, (t:2, i:2), METADATAENTRY(c:1), (t:2, i:3), STATEMACHINELOGENTRY, 999@client-AE8279CAF820, (t:2, i:4), METADATAENTRY(c:3)]
2022-11-08 19:12:09,892 [s2-server-thread1] INFO  server.RaftServer$Division (RaftServerImpl.java:checkInconsistentAppendEntries(1602)) - s2@group-EA982605F2E5: Failed appendEntries as previous log entry ((t:2, i:0)) is not found
2022-11-08 19:12:09,892 [s2-server-thread1] INFO  server.RaftServer$Division (RaftServerImpl.java:checkInconsistentAppendEntries(1572)) - s2@group-EA982605F2E5: inconsistency entries. Reply:s1<-s2#1750:FAIL-t2,INCONSISTENCY,nextIndex=0,followerCommit=0,matchIndex=-1
2022-11-08 19:12:09,892 [grpc-default-executor-0] INFO  leader.FollowerInfo (FollowerInfoImpl.java:lambda$new$0(48)) - s1@group-EA982605F2E5->s2: nextIndex: updateUnconditionally 5 -> 0
2022-11-08 19:12:09,893 [s2-server-thread1] DEBUG server.RaftServer$Division (RaftServerImpl.java:logAppendEntries(1421)) - s2@group-EA982605F2E5: receive appendEntries(s1, 2, null, 4, true, commits:[s1:c4, s0:c4, s2:c0], cId:1751, entries: [(t:2, i:0), CONFIGURATIONENTRY(current:id: "s0"
address: "localhost:34297"
dataStreamAddress: "localhost:43983"
clientAddress: "localhost:39609"
adminAddress: "localhost:37077"
startupRole: FOLLOWER
,id: "s1"
address: "localhost:38917"
dataStreamAddress: "localhost:45719"
clientAddress: "localhost:36975"
adminAddress: "localhost:40635"
startupRole: FOLLOWER
,id: "s2"
address: "localhost:35511"
dataStreamAddress: "localhost:38827"
clientAddress: "localhost:42865"
adminAddress: "localhost:36791"
startupRole: FOLLOWER
, old:), (t:2, i:1), STATEMACHINELOGENTRY, 0@client-2EFB324ADA71, (t:2, i:2), METADATAENTRY(c:1), (t:2, i:3), STATEMACHINELOGENTRY, 999@client-AE8279CAF820, (t:2, i:4), METADATAENTRY(c:3)]
2022-11-08 19:12:09,893 [s2-server-thread1] INFO  server.RaftServer$Division (RaftServerImpl.java:checkInconsistentAppendEntries(1592)) - s2@group-EA982605F2E5: Failed appendEntries as the first entry (index 0) already exists (snapshotIndex: -1, commitIndex: 0)
2022-11-08 19:12:09,893 [s2-server-thread1] INFO  server.RaftServer$Division (RaftServerImpl.java:checkInconsistentAppendEntries(1572)) - s2@group-EA982605F2E5: inconsistency entries. Reply:s1<-s2#1751:FAIL-t2,INCONSISTENCY,nextIndex=1,followerCommit=0,matchIndex=-1
2022-11-08 19:12:09,893 [grpc-default-executor-0] INFO  leader.FollowerInfo (FollowerInfoImpl.java:lambda$new$0(48)) - s1@group-EA982605F2E5->s2: nextIndex: updateUnconditionally 5 -> 1
2022-11-08 19:12:09,894 [s2-server-thread1] DEBUG server.RaftServer$Division (RaftServerImpl.java:logAppendEntries(1421)) - s2@group-EA982605F2E5: receive appendEntries(s1, 2, (t:2, i:0), 4, true, commits:[s1:c4, s0:c4, s2:c0], cId:1752, entries: [(t:2, i:1), STATEMACHINELOGENTRY, 0@client-2EFB324ADA71, (t:2, i:2), METADATAENTRY(c:1), (t:2, i:3), STATEMACHINELOGENTRY, 999@client-AE8279CAF820, (t:2, i:4), METADATAENTRY(c:3)]
2022-11-08 19:12:09,894 [s2-server-thread1] INFO  server.RaftServer$Division (RaftServerImpl.java:checkInconsistentAppendEntries(1602)) - s2@group-EA982605F2E5: Failed appendEntries as previous log entry ((t:2, i:0)) is not found
2022-11-08 19:12:09,894 [s2-server-thread1] INFO  server.RaftServer$Division (RaftServerImpl.java:checkInconsistentAppendEntries(1572)) - s2@group-EA982605F2E5: inconsistency entries. Reply:s1<-s2#1752:FAIL-t2,INCONSISTENCY,nextIndex=0,followerCommit=0,matchIndex=-1
2022-11-08 19:12:09,894 [grpc-default-executor-0] INFO  leader.FollowerInfo (FollowerInfoImpl.java:lambda$new$0(48)) - s1@group-EA982605F2E5->s2: nextIndex: updateUnconditionally 5 -> 0
2022-11-08 19:12:09,895 [s2-server-thread1] DEBUG server.RaftServer$Division (RaftServerImpl.java:logAppendEntries(1421)) - s2@group-EA982605F2E5: receive appendEntries(s1, 2, null, 4, true, commits:[s1:c4, s0:c4, s2:c0], cId:1753, entries: [(t:2, i:0), CONFIGURATIONENTRY(current:id: "s0"
address: "localhost:34297"
dataStreamAddress: "localhost:43983"
clientAddress: "localhost:39609"
adminAddress: "localhost:37077"
startupRole: FOLLOWER
,id: "s1"
address: "localhost:38917"
dataStreamAddress: "localhost:45719"
clientAddress: "localhost:36975"
adminAddress: "localhost:40635"
startupRole: FOLLOWER
,id: "s2"
address: "localhost:35511"
dataStreamAddress: "localhost:38827"
clientAddress: "localhost:42865"
adminAddress: "localhost:36791"
startupRole: FOLLOWER
, old:), (t:2, i:1), STATEMACHINELOGENTRY, 0@client-2EFB324ADA71, (t:2, i:2), METADATAENTRY(c:1), (t:2, i:3), STATEMACHINELOGENTRY, 999@client-AE8279CAF820, (t:2, i:4), METADATAENTRY(c:3)]
2022-11-08 19:12:09,895 [s2-server-thread1] INFO  server.RaftServer$Division (RaftServerImpl.java:checkInconsistentAppendEntries(1592)) - s2@group-EA982605F2E5: Failed appendEntries as the first entry (index 0) already exists (snapshotIndex: -1, commitIndex: 0)
2022-11-08 19:12:09,895 [s2-server-thread1] INFO  server.RaftServer$Division (RaftServerImpl.java:checkInconsistentAppendEntries(1572)) - s2@group-EA982605F2E5: inconsistency entries. Reply:s1<-s2#1753:FAIL-t2,INCONSISTENCY,nextIndex=1,followerCommit=0,matchIndex=-1
2022-11-08 19:12:09,895 [grpc-default-executor-0] INFO  leader.FollowerInfo (FollowerInfoImpl.java:lambda$new$0(48)) - s1@group-EA982605F2E5->s2: nextIndex: updateUnconditionally 5 -> 1
2022-11-08 19:12:09,896 [s2-server-thread1] DEBUG server.RaftServer$Division (RaftServerImpl.java:logAppendEntries(1421)) - s2@group-EA982605F2E5: receive appendEntries(s1, 2, (t:2, i:0), 4, true, commits:[s1:c4, s0:c4, s2:c0], cId:1754, entries: [(t:2, i:1), STATEMACHINELOGENTRY, 0@client-2EFB324ADA71, (t:2, i:2), METADATAENTRY(c:1), (t:2, i:3), STATEMACHINELOGENTRY, 999@client-AE8279CAF820, (t:2, i:4), METADATAENTRY(c:3)]
2022-11-08 19:12:09,896 [s2-server-thread1] INFO  server.RaftServer$Division (RaftServerImpl.java:checkInconsistentAppendEntries(1602)) - s2@group-EA982605F2E5: Failed appendEntries as previous log entry ((t:2, i:0)) is not found
2022-11-08 19:12:09,896 [s2-server-thread1] INFO  server.RaftServer$Division (RaftServerImpl.java:checkInconsistentAppendEntries(1572)) - s2@group-EA982605F2E5: inconsistency entries. Reply:s1<-s2#1754:FAIL-t2,INCONSISTENCY,nextIndex=0,followerCommit=0,matchIndex=-1
2022-11-08 19:12:09,896 [grpc-default-executor-0] INFO  leader.FollowerInfo (FollowerInfoImpl.java:lambda$new$0(48)) - s1@group-EA982605F2E5->s2: nextIndex: updateUnconditionally 5 -> 0
2022-11-08 19:12:09,897 [s2-server-thread1] DEBUG server.RaftServer$Division (RaftServerImpl.java:logAppendEntries(1421)) - s2@group-EA982605F2E5: receive appendEntries(s1, 2, null, 4, true, commits:[s1:c4, s0:c4, s2:c0], cId:1755, entries: [(t:2, i:0), CONFIGURATIONENTRY(current:id: "s0"
address: "localhost:34297"
dataStreamAddress: "localhost:43983"
clientAddress: "localhost:39609"
adminAddress: "localhost:37077"
startupRole: FOLLOWER
,id: "s1"
address: "localhost:38917"
dataStreamAddress: "localhost:45719"
clientAddress: "localhost:36975"
adminAddress: "localhost:40635"
startupRole: FOLLOWER
,id: "s2"
address: "localhost:35511"
dataStreamAddress: "localhost:38827"
clientAddress: "localhost:42865"
adminAddress: "localhost:36791"
startupRole: FOLLOWER
, old:), (t:2, i:1), STATEMACHINELOGENTRY, 0@client-2EFB324ADA71, (t:2, i:2), METADATAENTRY(c:1), (t:2, i:3), STATEMACHINELOGENTRY, 999@client-AE8279CAF820, (t:2, i:4), METADATAENTRY(c:3)]
2022-11-08 19:12:09,897 [s2-server-thread1] INFO  server.RaftServer$Division (RaftServerImpl.java:checkInconsistentAppendEntries(1592)) - s2@group-EA982605F2E5: Failed appendEntries as the first entry (index 0) already exists (snapshotIndex: -1, commitIndex: 0)
2022-11-08 19:12:09,897 [s2-server-thread1] INFO  server.RaftServer$Division (RaftServerImpl.java:checkInconsistentAppendEntries(1572)) - s2@group-EA982605F2E5: inconsistency entries. Reply:s1<-s2#1755:FAIL-t2,INCONSISTENCY,nextIndex=1,followerCommit=0,matchIndex=-1
2022-11-08 19:12:09,898 [grpc-default-executor-0] INFO  leader.FollowerInfo (FollowerInfoImpl.java:lambda$new$0(48)) - s1@group-EA982605F2E5->s2: nextIndex: updateUnconditionally 5 -> 1
2022-11-08 19:12:09,907 [s2-server-thread1] DEBUG server.RaftServer$Division (RaftServerImpl.java:logAppendEntries(1421)) - s2@group-EA982605F2E5: receive appendEntries(s1, 2, (t:2, i:0), 4, true, commits:[s1:c4, s0:c4, s2:c0], cId:1756, entries: [(t:2, i:1), STATEMACHINELOGENTRY, 0@client-2EFB324ADA71, (t:2, i:2), METADATAENTRY(c:1), (t:2, i:3), STATEMACHINELOGENTRY, 999@client-AE8279CAF820, (t:2, i:4), METADATAENTRY(c:3)]
2022-11-08 19:12:09,907 [s2-server-thread1] INFO  server.RaftServer$Division (RaftServerImpl.java:checkInconsistentAppendEntries(1602)) - s2@group-EA982605F2E5: Failed appendEntries as previous log entry ((t:2, i:0)) is not found
2022-11-08 19:12:09,907 [s2-server-thread1] INFO  server.RaftServer$Division (RaftServerImpl.java:checkInconsistentAppendEntries(1572)) - s2@group-EA982605F2E5: inconsistency entries. Reply:s1<-s2#1756:FAIL-t2,INCONSISTENCY,nextIndex=0,followerCommit=0,matchIndex=-1
2022-11-08 19:12:09,908 [grpc-default-executor-0] INFO  leader.FollowerInfo (FollowerInfoImpl.java:lambda$new$0(48)) - s1@group-EA982605F2E5->s2: nextIndex: updateUnconditionally 5 -> 0
2022-11-08 19:12:09,908 [s2-server-thread1] DEBUG server.RaftServer$Division (RaftServerImpl.java:logAppendEntries(1421)) - s2@group-EA982605F2E5: receive appendEntries(s1, 2, null, 4, true, commits:[s1:c4, s0:c4, s2:c0], cId:1757, entries: [(t:2, i:0), CONFIGURATIONENTRY(current:id: "s0"
address: "localhost:34297"
dataStreamAddress: "localhost:43983"
clientAddress: "localhost:39609"
adminAddress: "localhost:37077"
startupRole: FOLLOWER
,id: "s1"
address: "localhost:38917"
dataStreamAddress: "localhost:45719"
clientAddress: "localhost:36975"
adminAddress: "localhost:40635"
startupRole: FOLLOWER
,id: "s2"
address: "localhost:35511"
dataStreamAddress: "localhost:38827"
clientAddress: "localhost:42865"
adminAddress: "localhost:36791"
startupRole: FOLLOWER
, old:), (t:2, i:1), STATEMACHINELOGENTRY, 0@client-2EFB324ADA71, (t:2, i:2), METADATAENTRY(c:1), (t:2, i:3), STATEMACHINELOGENTRY, 999@client-AE8279CAF820, (t:2, i:4), METADATAENTRY(c:3)]
2022-11-08 19:12:09,909 [s2-server-thread1] INFO  server.RaftServer$Division (RaftServerImpl.java:checkInconsistentAppendEntries(1592)) - s2@group-EA982605F2E5: Failed appendEntries as the first entry (index 0) already exists (snapshotIndex: -1, commitIndex: 0)
2022-11-08 19:12:09,909 [s2-server-thread1] INFO  server.RaftServer$Division (RaftServerImpl.java:checkInconsistentAppendEntries(1572)) - s2@group-EA982605F2E5: inconsistency entries. Reply:s1<-s2#1757:FAIL-t2,INCONSISTENCY,nextIndex=1,followerCommit=0,matchIndex=-1
2022-11-08 19:12:09,909 [grpc-default-executor-0] INFO  leader.FollowerInfo (FollowerInfoImpl.java:lambda$new$0(48)) - s1@group-EA982605F2E5->s2: nextIndex: updateUnconditionally 5 -> 1
2022-11-08 19:12:09,909 [s2-server-thread1] DEBUG server.RaftServer$Division (RaftServerImpl.java:logAppendEntries(1421)) - s2@group-EA982605F2E5: receive appendEntries(s1, 2, (t:2, i:0), 4, true, commits:[s1:c4, s0:c4, s2:c0], cId:1758, entries: [(t:2, i:1), STATEMACHINELOGENTRY, 0@client-2EFB324ADA71, (t:2, i:2), METADATAENTRY(c:1), (t:2, i:3), STATEMACHINELOGENTRY, 999@client-AE8279CAF820, (t:2, i:4), METADATAENTRY(c:3)]
2022-11-08 19:12:09,910 [s2-server-thread1] INFO  server.RaftServer$Division (RaftServerImpl.java:checkInconsistentAppendEntries(1602)) - s2@group-EA982605F2E5: Failed appendEntries as previous log entry ((t:2, i:0)) is not found
2022-11-08 19:12:09,910 [s2-server-thread1] INFO  server.RaftServer$Division (RaftServerImpl.java:checkInconsistentAppendEntries(1572)) - s2@group-EA982605F2E5: inconsistency entries. Reply:s1<-s2#1758:FAIL-t2,INCONSISTENCY,nextIndex=0,followerCommit=0,matchIndex=-1
2022-11-08 19:12:09,910 [grpc-default-executor-0] INFO  leader.FollowerInfo (FollowerInfoImpl.java:lambda$new$0(48)) - s1@group-EA982605F2E5->s2: nextIndex: updateUnconditionally 5 -> 0
2022-11-08 19:12:09,911 [s2-server-thread1] DEBUG server.RaftServer$Division (RaftServerImpl.java:logAppendEntries(1421)) - s2@group-EA982605F2E5: receive appendEntries(s1, 2, null, 4, true, commits:[s1:c4, s0:c4, s2:c0], cId:1759, entries: [(t:2, i:0), CONFIGURATIONENTRY(current:id: "s0"
address: "localhost:34297"
dataStreamAddress: "localhost:43983"
clientAddress: "localhost:39609"
adminAddress: "localhost:37077"
startupRole: FOLLOWER
,id: "s1"
address: "localhost:38917"
dataStreamAddress: "localhost:45719"
clientAddress: "localhost:36975"
adminAddress: "localhost:40635"
startupRole: FOLLOWER
,id: "s2"
address: "localhost:35511"
dataStreamAddress: "localhost:38827"
clientAddress: "localhost:42865"
adminAddress: "localhost:36791"
startupRole: FOLLOWER
, old:), (t:2, i:1), STATEMACHINELOGENTRY, 0@client-2EFB324ADA71, (t:2, i:2), METADATAENTRY(c:1), (t:2, i:3), STATEMACHINELOGENTRY, 999@client-AE8279CAF820, (t:2, i:4), METADATAENTRY(c:3)]
2022-11-08 19:12:09,911 [s2-server-thread1] INFO  server.RaftServer$Division (RaftServerImpl.java:checkInconsistentAppendEntries(1592)) - s2@group-EA982605F2E5: Failed appendEntries as the first entry (index 0) already exists (snapshotIndex: -1, commitIndex: 0)
2022-11-08 19:12:09,911 [s2-server-thread1] INFO  server.RaftServer$Division (RaftServerImpl.java:checkInconsistentAppendEntries(1572)) - s2@group-EA982605F2E5: inconsistency entries. Reply:s1<-s2#1759:FAIL-t2,INCONSISTENCY,nextIndex=1,followerCommit=0,matchIndex=-1
2022-11-08 19:12:09,911 [grpc-default-executor-0] INFO  leader.FollowerInfo (FollowerInfoImpl.java:lambda$new$0(48)) - s1@group-EA982605F2E5->s2: nextIndex: updateUnconditionally 5 -> 1
2022-11-08 19:12:09,912 [s2-server-thread1] DEBUG server.RaftServer$Division (RaftServerImpl.java:logAppendEntries(1421)) - s2@group-EA982605F2E5: receive appendEntries(s1, 2, (t:2, i:0), 4, true, commits:[s1:c4, s0:c4, s2:c0], cId:1760, entries: [(t:2, i:1), STATEMACHINELOGENTRY, 0@client-2EFB324ADA71, (t:2, i:2), METADATAENTRY(c:1), (t:2, i:3), STATEMACHINELOGENTRY, 999@client-AE8279CAF820, (t:2, i:4), METADATAENTRY(c:3)]
2022-11-08 19:12:09,912 [s2-server-thread1] INFO  server.RaftServer$Division (RaftServerImpl.java:checkInconsistentAppendEntries(1602)) - s2@group-EA982605F2E5: Failed appendEntries as previous log entry ((t:2, i:0)) is not found
2022-11-08 19:12:09,912 [s2-server-thread1] INFO  server.RaftServer$Division (RaftServerImpl.java:checkInconsistentAppendEntries(1572)) - s2@group-EA982605F2E5: inconsistency entries. Reply:s1<-s2#1760:FAIL-t2,INCONSISTENCY,nextIndex=0,followerCommit=0,matchIndex=-1
2022-11-08 19:12:09,912 [grpc-default-executor-0] INFO  leader.FollowerInfo (FollowerInfoImpl.java:lambda$new$0(48)) - s1@group-EA982605F2E5->s2: nextIndex: updateUnconditionally 5 -> 0
2022-11-08 19:12:09,913 [s2-server-thread1] DEBUG server.RaftServer$Division (RaftServerImpl.java:logAppendEntries(1421)) - s2@group-EA982605F2E5: receive appendEntries(s1, 2, null, 4, true, commits:[s1:c4, s0:c4, s2:c0], cId:1761, entries: [(t:2, i:0), CONFIGURATIONENTRY(current:id: "s0"
address: "localhost:34297"
dataStreamAddress: "localhost:43983"
clientAddress: "localhost:39609"
adminAddress: "localhost:37077"
startupRole: FOLLOWER
,id: "s1"
address: "localhost:38917"
dataStreamAddress: "localhost:45719"
clientAddress: "localhost:36975"
adminAddress: "localhost:40635"
startupRole: FOLLOWER
,id: "s2"
address: "localhost:35511"
dataStreamAddress: "localhost:38827"
clientAddress: "localhost:42865"
adminAddress: "localhost:36791"
startupRole: FOLLOWER
, old:), (t:2, i:1), STATEMACHINELOGENTRY, 0@client-2EFB324ADA71, (t:2, i:2), METADATAENTRY(c:1), (t:2, i:3), STATEMACHINELOGENTRY, 999@client-AE8279CAF820, (t:2, i:4), METADATAENTRY(c:3)]
2022-11-08 19:12:09,913 [s2-server-thread1] INFO  server.RaftServer$Division (RaftServerImpl.java:checkInconsistentAppendEntries(1592)) - s2@group-EA982605F2E5: Failed appendEntries as the first entry (index 0) already exists (snapshotIndex: -1, commitIndex: 0)
2022-11-08 19:12:09,913 [s2-server-thread1] INFO  server.RaftServer$Division (RaftServerImpl.java:checkInconsistentAppendEntries(1572)) - s2@group-EA982605F2E5: inconsistency entries. Reply:s1<-s2#1761:FAIL-t2,INCONSISTENCY,nextIndex=1,followerCommit=0,matchIndex=-1
2022-11-08 19:12:09,914 [grpc-default-executor-0] INFO  leader.FollowerInfo (FollowerInfoImpl.java:lambda$new$0(48)) - s1@group-EA982605F2E5->s2: nextIndex: updateUnconditionally 5 -> 1
2022-11-08 19:12:09,914 [s2-server-thread1] DEBUG server.RaftServer$Division (RaftServerImpl.java:logAppendEntries(1421)) - s2@group-EA982605F2E5: receive appendEntries(s1, 2, (t:2, i:0), 4, true, commits:[s1:c4, s0:c4, s2:c0], cId:1762, entries: [(t:2, i:1), STATEMACHINELOGENTRY, 0@client-2EFB324ADA71, (t:2, i:2), METADATAENTRY(c:1), (t:2, i:3), STATEMACHINELOGENTRY, 999@client-AE8279CAF820, (t:2, i:4), METADATAENTRY(c:3)]
2022-11-08 19:12:09,914 [s2-server-thread1] INFO  server.RaftServer$Division (RaftServerImpl.java:checkInconsistentAppendEntries(1602)) - s2@group-EA982605F2E5: Failed appendEntries as previous log entry ((t:2, i:0)) is not found
2022-11-08 19:12:09,914 [s2-server-thread1] INFO  server.RaftServer$Division (RaftServerImpl.java:checkInconsistentAppendEntries(1572)) - s2@group-EA982605F2E5: inconsistency entries. Reply:s1<-s2#1762:FAIL-t2,INCONSISTENCY,nextIndex=0,followerCommit=0,matchIndex=-1
2022-11-08 19:12:09,919 [grpc-default-executor-0] INFO  leader.FollowerInfo (FollowerInfoImpl.java:lambda$new$0(48)) - s1@group-EA982605F2E5->s2: nextIndex: updateUnconditionally 5 -> 0
2022-11-08 19:12:09,920 [s2-server-thread1] DEBUG server.RaftServer$Division (RaftServerImpl.java:logAppendEntries(1421)) - s2@group-EA982605F2E5: receive appendEntries(s1, 2, null, 4, true, commits:[s1:c4, s0:c4, s2:c0], cId:1763, entries: [(t:2, i:0), CONFIGURATIONENTRY(current:id: "s0"
address: "localhost:34297"
dataStreamAddress: "localhost:43983"
clientAddress: "localhost:39609"
adminAddress: "localhost:37077"
startupRole: FOLLOWER
,id: "s1"
address: "localhost:38917"
dataStreamAddress: "localhost:45719"
clientAddress: "localhost:36975"
adminAddress: "localhost:40635"
startupRole: FOLLOWER
,id: "s2"
address: "localhost:35511"
dataStreamAddress: "localhost:38827"
clientAddress: "localhost:42865"
adminAddress: "localhost:36791"
startupRole: FOLLOWER
, old:), (t:2, i:1), STATEMACHINELOGENTRY, 0@client-2EFB324ADA71, (t:2, i:2), METADATAENTRY(c:1), (t:2, i:3), STATEMACHINELOGENTRY, 999@client-AE8279CAF820, (t:2, i:4), METADATAENTRY(c:3)]
2022-11-08 19:12:09,920 [s2-server-thread1] INFO  server.RaftServer$Division (RaftServerImpl.java:checkInconsistentAppendEntries(1592)) - s2@group-EA982605F2E5: Failed appendEntries as the first entry (index 0) already exists (snapshotIndex: -1, commitIndex: 0)
2022-11-08 19:12:09,921 [s2-server-thread1] INFO  server.RaftServer$Division (RaftServerImpl.java:checkInconsistentAppendEntries(1572)) - s2@group-EA982605F2E5: inconsistency entries. Reply:s1<-s2#1763:FAIL-t2,INCONSISTENCY,nextIndex=1,followerCommit=0,matchIndex=-1
2022-11-08 19:12:09,921 [grpc-default-executor-0] INFO  leader.FollowerInfo (FollowerInfoImpl.java:lambda$new$0(48)) - s1@group-EA982605F2E5->s2: nextIndex: updateUnconditionally 5 -> 1
2022-11-08 19:12:09,921 [s2-server-thread1] DEBUG server.RaftServer$Division (RaftServerImpl.java:logAppendEntries(1421)) - s2@group-EA982605F2E5: receive appendEntries(s1, 2, (t:2, i:0), 4, true, commits:[s1:c4, s0:c4, s2:c0], cId:1764, entries: [(t:2, i:1), STATEMACHINELOGENTRY, 0@client-2EFB324ADA71, (t:2, i:2), METADATAENTRY(c:1), (t:2, i:3), STATEMACHINELOGENTRY, 999@client-AE8279CAF820, (t:2, i:4), METADATAENTRY(c:3)]
2022-11-08 19:12:09,921 [s2-server-thread1] INFO  server.RaftServer$Division (RaftServerImpl.java:checkInconsistentAppendEntries(1602)) - s2@group-EA982605F2E5: Failed appendEntries as previous log entry ((t:2, i:0)) is not found
2022-11-08 19:12:09,922 [s2-server-thread1] INFO  server.RaftServer$Division (RaftServerImpl.java:checkInconsistentAppendEntries(1572)) - s2@group-EA982605F2E5: inconsistency entries. Reply:s1<-s2#1764:FAIL-t2,INCONSISTENCY,nextIndex=0,followerCommit=0,matchIndex=-1
2022-11-08 19:12:09,922 [grpc-default-executor-0] INFO  leader.FollowerInfo (FollowerInfoImpl.java:lambda$new$0(48)) - s1@group-EA982605F2E5->s2: nextIndex: updateUnconditionally 5 -> 0
2022-11-08 19:12:09,922 [s2-server-thread1] DEBUG server.RaftServer$Division (RaftServerImpl.java:logAppendEntries(1421)) - s2@group-EA982605F2E5: receive appendEntries(s1, 2, null, 4, true, commits:[s1:c4, s0:c4, s2:c0], cId:1765, entries: [(t:2, i:0), CONFIGURATIONENTRY(current:id: "s0"
address: "localhost:34297"
dataStreamAddress: "localhost:43983"
clientAddress: "localhost:39609"
adminAddress: "localhost:37077"
startupRole: FOLLOWER
,id: "s1"
address: "localhost:38917"
dataStreamAddress: "localhost:45719"
clientAddress: "localhost:36975"
adminAddress: "localhost:40635"
startupRole: FOLLOWER
,id: "s2"
address: "localhost:35511"
dataStreamAddress: "localhost:38827"
clientAddress: "localhost:42865"
adminAddress: "localhost:36791"
startupRole: FOLLOWER
, old:), (t:2, i:1), STATEMACHINELOGENTRY, 0@client-2EFB324ADA71, (t:2, i:2), METADATAENTRY(c:1), (t:2, i:3), STATEMACHINELOGENTRY, 999@client-AE8279CAF820, (t:2, i:4), METADATAENTRY(c:3)]
2022-11-08 19:12:09,922 [s2-server-thread1] INFO  server.RaftServer$Division (RaftServerImpl.java:checkInconsistentAppendEntries(1592)) - s2@group-EA982605F2E5: Failed appendEntries as the first entry (index 0) already exists (snapshotIndex: -1, commitIndex: 0)
2022-11-08 19:12:09,923 [s2-server-thread1] INFO  server.RaftServer$Division (RaftServerImpl.java:checkInconsistentAppendEntries(1572)) - s2@group-EA982605F2E5: inconsistency entries. Reply:s1<-s2#1765:FAIL-t2,INCONSISTENCY,nextIndex=1,followerCommit=0,matchIndex=-1
2022-11-08 19:12:09,923 [grpc-default-executor-0] INFO  leader.FollowerInfo (FollowerInfoImpl.java:lambda$new$0(48)) - s1@group-EA982605F2E5->s2: nextIndex: updateUnconditionally 5 -> 1
2022-11-08 19:12:09,924 [s2-server-thread1] DEBUG server.RaftServer$Division (RaftServerImpl.java:logAppendEntries(1421)) - s2@group-EA982605F2E5: receive appendEntries(s1, 2, (t:2, i:0), 4, true, commits:[s1:c4, s0:c4, s2:c0], cId:1766, entries: [(t:2, i:1), STATEMACHINELOGENTRY, 0@client-2EFB324ADA71, (t:2, i:2), METADATAENTRY(c:1), (t:2, i:3), STATEMACHINELOGENTRY, 999@client-AE8279CAF820, (t:2, i:4), METADATAENTRY(c:3)]
2022-11-08 19:12:09,924 [s2-server-thread1] INFO  server.RaftServer$Division (RaftServerImpl.java:checkInconsistentAppendEntries(1602)) - s2@group-EA982605F2E5: Failed appendEntries as previous log entry ((t:2, i:0)) is not found
2022-11-08 19:12:09,924 [s2-server-thread1] INFO  server.RaftServer$Division (RaftServerImpl.java:checkInconsistentAppendEntries(1572)) - s2@group-EA982605F2E5: inconsistency entries. Reply:s1<-s2#1766:FAIL-t2,INCONSISTENCY,nextIndex=0,followerCommit=0,matchIndex=-1
2022-11-08 19:12:09,925 [grpc-default-executor-0] INFO  leader.FollowerInfo (FollowerInfoImpl.java:lambda$new$0(48)) - s1@group-EA982605F2E5->s2: nextIndex: updateUnconditionally 5 -> 0
2022-11-08 19:12:09,925 [s2-server-thread1] DEBUG server.RaftServer$Division (RaftServerImpl.java:logAppendEntries(1421)) - s2@group-EA982605F2E5: receive appendEntries(s1, 2, null, 4, true, commits:[s1:c4, s0:c4, s2:c0], cId:1767, entries: [(t:2, i:0), CONFIGURATIONENTRY(current:id: "s0"
address: "localhost:34297"
dataStreamAddress: "localhost:43983"
clientAddress: "localhost:39609"
adminAddress: "localhost:37077"
startupRole: FOLLOWER
,id: "s1"
address: "localhost:38917"
dataStreamAddress: "localhost:45719"
clientAddress: "localhost:36975"
adminAddress: "localhost:40635"
startupRole: FOLLOWER
,id: "s2"
address: "localhost:35511"
dataStreamAddress: "localhost:38827"
clientAddress: "localhost:42865"
adminAddress: "localhost:36791"
startupRole: FOLLOWER
, old:), (t:2, i:1), STATEMACHINELOGENTRY, 0@client-2EFB324ADA71, (t:2, i:2), METADATAENTRY(c:1), (t:2, i:3), STATEMACHINELOGENTRY, 999@client-AE8279CAF820, (t:2, i:4), METADATAENTRY(c:3)]
2022-11-08 19:12:09,925 [s2-server-thread1] INFO  server.RaftServer$Division (RaftServerImpl.java:checkInconsistentAppendEntries(1592)) - s2@group-EA982605F2E5: Failed appendEntries as the first entry (index 0) already exists (snapshotIndex: -1, commitIndex: 0)
2022-11-08 19:12:09,925 [s2-server-thread1] INFO  server.RaftServer$Division (RaftServerImpl.java:checkInconsistentAppendEntries(1572)) - s2@group-EA982605F2E5: inconsistency entries. Reply:s1<-s2#1767:FAIL-t2,INCONSISTENCY,nextIndex=1,followerCommit=0,matchIndex=-1
2022-11-08 19:12:09,926 [grpc-default-executor-0] INFO  leader.FollowerInfo (FollowerInfoImpl.java:lambda$new$0(48)) - s1@group-EA982605F2E5->s2: nextIndex: updateUnconditionally 5 -> 1
2022-11-08 19:12:09,926 [s2-server-thread1] DEBUG server.RaftServer$Division (RaftServerImpl.java:logAppendEntries(1421)) - s2@group-EA982605F2E5: receive appendEntries(s1, 2, (t:2, i:0), 4, true, commits:[s1:c4, s0:c4, s2:c0], cId:1768, entries: [(t:2, i:1), STATEMACHINELOGENTRY, 0@client-2EFB324ADA71, (t:2, i:2), METADATAENTRY(c:1), (t:2, i:3), STATEMACHINELOGENTRY, 999@client-AE8279CAF820, (t:2, i:4), METADATAENTRY(c:3)]
2022-11-08 19:12:09,926 [s2-server-thread1] INFO  server.RaftServer$Division (RaftServerImpl.java:checkInconsistentAppendEntries(1602)) - s2@group-EA982605F2E5: Failed appendEntries as previous log entry ((t:2, i:0)) is not found
2022-11-08 19:12:09,926 [s2-server-thread1] INFO  server.RaftServer$Division (RaftServerImpl.java:checkInconsistentAppendEntries(1572)) - s2@group-EA982605F2E5: inconsistency entries. Reply:s1<-s2#1768:FAIL-t2,INCONSISTENCY,nextIndex=0,followerCommit=0,matchIndex=-1
2022-11-08 19:12:09,927 [grpc-default-executor-0] INFO  leader.FollowerInfo (FollowerInfoImpl.java:lambda$new$0(48)) - s1@group-EA982605F2E5->s2: nextIndex: updateUnconditionally 5 -> 0
2022-11-08 19:12:09,928 [s2-server-thread1] DEBUG server.RaftServer$Division (RaftServerImpl.java:logAppendEntries(1421)) - s2@group-EA982605F2E5: receive appendEntries(s1, 2, null, 4, true, commits:[s1:c4, s0:c4, s2:c0], cId:1769, entries: [(t:2, i:0), CONFIGURATIONENTRY(current:id: "s0"
address: "localhost:34297"
dataStreamAddress: "localhost:43983"
clientAddress: "localhost:39609"
adminAddress: "localhost:37077"
startupRole: FOLLOWER
,id: "s1"
address: "localhost:38917"
dataStreamAddress: "localhost:45719"
clientAddress: "localhost:36975"
adminAddress: "localhost:40635"
startupRole: FOLLOWER
,id: "s2"
address: "localhost:35511"
dataStreamAddress: "localhost:38827"
clientAddress: "localhost:42865"
adminAddress: "localhost:36791"
startupRole: FOLLOWER
, old:), (t:2, i:1), STATEMACHINELOGENTRY, 0@client-2EFB324ADA71, (t:2, i:2), METADATAENTRY(c:1), (t:2, i:3), STATEMACHINELOGENTRY, 999@client-AE8279CAF820, (t:2, i:4), METADATAENTRY(c:3)]
2022-11-08 19:12:09,928 [s2-server-thread1] INFO  server.RaftServer$Division (RaftServerImpl.java:checkInconsistentAppendEntries(1592)) - s2@group-EA982605F2E5: Failed appendEntries as the first entry (index 0) already exists (snapshotIndex: -1, commitIndex: 0)
2022-11-08 19:12:09,928 [s2-server-thread1] INFO  server.RaftServer$Division (RaftServerImpl.java:checkInconsistentAppendEntries(1572)) - s2@group-EA982605F2E5: inconsistency entries. Reply:s1<-s2#1769:FAIL-t2,INCONSISTENCY,nextIndex=1,followerCommit=0,matchIndex=-1
2022-11-08 19:12:09,933 [grpc-default-executor-0] INFO  leader.FollowerInfo (FollowerInfoImpl.java:lambda$new$0(48)) - s1@group-EA982605F2E5->s2: nextIndex: updateUnconditionally 5 -> 1
2022-11-08 19:12:09,933 [s2-server-thread1] DEBUG server.RaftServer$Division (RaftServerImpl.java:logAppendEntries(1421)) - s2@group-EA982605F2E5: receive appendEntries(s1, 2, (t:2, i:0), 4, true, commits:[s1:c4, s0:c4, s2:c0], cId:1770, entries: [(t:2, i:1), STATEMACHINELOGENTRY, 0@client-2EFB324ADA71, (t:2, i:2), METADATAENTRY(c:1), (t:2, i:3), STATEMACHINELOGENTRY, 999@client-AE8279CAF820, (t:2, i:4), METADATAENTRY(c:3)]
2022-11-08 19:12:09,933 [s2-server-thread1] INFO  server.RaftServer$Division (RaftServerImpl.java:checkInconsistentAppendEntries(1602)) - s2@group-EA982605F2E5: Failed appendEntries as previous log entry ((t:2, i:0)) is not found
2022-11-08 19:12:09,934 [s2-server-thread1] INFO  server.RaftServer$Division (RaftServerImpl.java:checkInconsistentAppendEntries(1572)) - s2@group-EA982605F2E5: inconsistency entries. Reply:s1<-s2#1770:FAIL-t2,INCONSISTENCY,nextIndex=0,followerCommit=0,matchIndex=-1
2022-11-08 19:12:09,934 [grpc-default-executor-0] INFO  leader.FollowerInfo (FollowerInfoImpl.java:lambda$new$0(48)) - s1@group-EA982605F2E5->s2: nextIndex: updateUnconditionally 5 -> 0
2022-11-08 19:12:09,934 [s2-server-thread1] DEBUG server.RaftServer$Division (RaftServerImpl.java:logAppendEntries(1421)) - s2@group-EA982605F2E5: receive appendEntries(s1, 2, null, 4, true, commits:[s1:c4, s0:c4, s2:c0], cId:1771, entries: [(t:2, i:0), CONFIGURATIONENTRY(current:id: "s0"
address: "localhost:34297"
dataStreamAddress: "localhost:43983"
clientAddress: "localhost:39609"
adminAddress: "localhost:37077"
startupRole: FOLLOWER
,id: "s1"
address: "localhost:38917"
dataStreamAddress: "localhost:45719"
clientAddress: "localhost:36975"
adminAddress: "localhost:40635"
startupRole: FOLLOWER
,id: "s2"
address: "localhost:35511"
dataStreamAddress: "localhost:38827"
clientAddress: "localhost:42865"
adminAddress: "localhost:36791"
startupRole: FOLLOWER
, old:), (t:2, i:1), STATEMACHINELOGENTRY, 0@client-2EFB324ADA71, (t:2, i:2), METADATAENTRY(c:1), (t:2, i:3), STATEMACHINELOGENTRY, 999@client-AE8279CAF820, (t:2, i:4), METADATAENTRY(c:3)]
2022-11-08 19:12:09,934 [s2-server-thread1] INFO  server.RaftServer$Division (RaftServerImpl.java:checkInconsistentAppendEntries(1592)) - s2@group-EA982605F2E5: Failed appendEntries as the first entry (index 0) already exists (snapshotIndex: -1, commitIndex: 0)
2022-11-08 19:12:09,935 [s2-server-thread1] INFO  server.RaftServer$Division (RaftServerImpl.java:checkInconsistentAppendEntries(1572)) - s2@group-EA982605F2E5: inconsistency entries. Reply:s1<-s2#1771:FAIL-t2,INCONSISTENCY,nextIndex=1,followerCommit=0,matchIndex=-1
2022-11-08 19:12:09,935 [grpc-default-executor-0] INFO  leader.FollowerInfo (FollowerInfoImpl.java:lambda$new$0(48)) - s1@group-EA982605F2E5->s2: nextIndex: updateUnconditionally 5 -> 1
2022-11-08 19:12:09,935 [s2-server-thread1] DEBUG server.RaftServer$Division (RaftServerImpl.java:logAppendEntries(1421)) - s2@group-EA982605F2E5: receive appendEntries(s1, 2, (t:2, i:0), 4, true, commits:[s1:c4, s0:c4, s2:c0], cId:1772, entries: [(t:2, i:1), STATEMACHINELOGENTRY, 0@client-2EFB324ADA71, (t:2, i:2), METADATAENTRY(c:1), (t:2, i:3), STATEMACHINELOGENTRY, 999@client-AE8279CAF820, (t:2, i:4), METADATAENTRY(c:3)]
2022-11-08 19:12:09,935 [s2-server-thread1] INFO  server.RaftServer$Division (RaftServerImpl.java:checkInconsistentAppendEntries(1602)) - s2@group-EA982605F2E5: Failed appendEntries as previous log entry ((t:2, i:0)) is not found
2022-11-08 19:12:09,936 [s2-server-thread1] INFO  server.RaftServer$Division (RaftServerImpl.java:checkInconsistentAppendEntries(1572)) - s2@group-EA982605F2E5: inconsistency entries. Reply:s1<-s2#1772:FAIL-t2,INCONSISTENCY,nextIndex=0,followerCommit=0,matchIndex=-1
2022-11-08 19:12:09,940 [grpc-default-executor-0] INFO  leader.FollowerInfo (FollowerInfoImpl.java:lambda$new$0(48)) - s1@group-EA982605F2E5->s2: nextIndex: updateUnconditionally 5 -> 0
2022-11-08 19:12:09,941 [s2-server-thread1] DEBUG server.RaftServer$Division (RaftServerImpl.java:logAppendEntries(1421)) - s2@group-EA982605F2E5: receive appendEntries(s1, 2, null, 4, true, commits:[s1:c4, s0:c4, s2:c0], cId:1773, entries: [(t:2, i:0), CONFIGURATIONENTRY(current:id: "s0"
address: "localhost:34297"
dataStreamAddress: "localhost:43983"
clientAddress: "localhost:39609"
adminAddress: "localhost:37077"
startupRole: FOLLOWER
,id: "s1"
address: "localhost:38917"
dataStreamAddress: "localhost:45719"
clientAddress: "localhost:36975"
adminAddress: "localhost:40635"
startupRole: FOLLOWER
,id: "s2"
address: "localhost:35511"
dataStreamAddress: "localhost:38827"
clientAddress: "localhost:42865"
adminAddress: "localhost:36791"
startupRole: FOLLOWER
, old:), (t:2, i:1), STATEMACHINELOGENTRY, 0@client-2EFB324ADA71, (t:2, i:2), METADATAENTRY(c:1), (t:2, i:3), STATEMACHINELOGENTRY, 999@client-AE8279CAF820, (t:2, i:4), METADATAENTRY(c:3)]
2022-11-08 19:12:09,941 [s2-server-thread1] INFO  server.RaftServer$Division (RaftServerImpl.java:checkInconsistentAppendEntries(1592)) - s2@group-EA982605F2E5: Failed appendEntries as the first entry (index 0) already exists (snapshotIndex: -1, commitIndex: 0)
2022-11-08 19:12:09,941 [s2-server-thread1] INFO  server.RaftServer$Division (RaftServerImpl.java:checkInconsistentAppendEntries(1572)) - s2@group-EA982605F2E5: inconsistency entries. Reply:s1<-s2#1773:FAIL-t2,INCONSISTENCY,nextIndex=1,followerCommit=0,matchIndex=-1
2022-11-08 19:12:09,941 [grpc-default-executor-0] INFO  leader.FollowerInfo (FollowerInfoImpl.java:lambda$new$0(48)) - s1@group-EA982605F2E5->s2: nextIndex: updateUnconditionally 5 -> 1
2022-11-08 19:12:09,942 [s2-server-thread1] DEBUG server.RaftServer$Division (RaftServerImpl.java:logAppendEntries(1421)) - s2@group-EA982605F2E5: receive appendEntries(s1, 2, (t:2, i:0), 4, true, commits:[s1:c4, s0:c4, s2:c0], cId:1774, entries: [(t:2, i:1), STATEMACHINELOGENTRY, 0@client-2EFB324ADA71, (t:2, i:2), METADATAENTRY(c:1), (t:2, i:3), STATEMACHINELOGENTRY, 999@client-AE8279CAF820, (t:2, i:4), METADATAENTRY(c:3)]
2022-11-08 19:12:09,942 [s2-server-thread1] INFO  server.RaftServer$Division (RaftServerImpl.java:checkInconsistentAppendEntries(1602)) - s2@group-EA982605F2E5: Failed appendEntries as previous log entry ((t:2, i:0)) is not found
2022-11-08 19:12:09,942 [s2-server-thread1] INFO  server.RaftServer$Division (RaftServerImpl.java:checkInconsistentAppendEntries(1572)) - s2@group-EA982605F2E5: inconsistency entries. Reply:s1<-s2#1774:FAIL-t2,INCONSISTENCY,nextIndex=0,followerCommit=0,matchIndex=-1
2022-11-08 19:12:09,942 [grpc-default-executor-0] INFO  leader.FollowerInfo (FollowerInfoImpl.java:lambda$new$0(48)) - s1@group-EA982605F2E5->s2: nextIndex: updateUnconditionally 5 -> 0
2022-11-08 19:12:09,943 [s2-server-thread1] DEBUG server.RaftServer$Division (RaftServerImpl.java:logAppendEntries(1421)) - s2@group-EA982605F2E5: receive appendEntries(s1, 2, null, 4, true, commits:[s1:c4, s0:c4, s2:c0], cId:1775, entries: [(t:2, i:0), CONFIGURATIONENTRY(current:id: "s0"
address: "localhost:34297"
dataStreamAddress: "localhost:43983"
clientAddress: "localhost:39609"
adminAddress: "localhost:37077"
startupRole: FOLLOWER
,id: "s1"
address: "localhost:38917"
dataStreamAddress: "localhost:45719"
clientAddress: "localhost:36975"
adminAddress: "localhost:40635"
startupRole: FOLLOWER
,id: "s2"
address: "localhost:35511"
dataStreamAddress: "localhost:38827"
clientAddress: "localhost:42865"
adminAddress: "localhost:36791"
startupRole: FOLLOWER
, old:), (t:2, i:1), STATEMACHINELOGENTRY, 0@client-2EFB324ADA71, (t:2, i:2), METADATAENTRY(c:1), (t:2, i:3), STATEMACHINELOGENTRY, 999@client-AE8279CAF820, (t:2, i:4), METADATAENTRY(c:3)]
2022-11-08 19:12:09,943 [s2-server-thread1] INFO  server.RaftServer$Division (RaftServerImpl.java:checkInconsistentAppendEntries(1592)) - s2@group-EA982605F2E5: Failed appendEntries as the first entry (index 0) already exists (snapshotIndex: -1, commitIndex: 0)
2022-11-08 19:12:09,943 [s2-server-thread1] INFO  server.RaftServer$Division (RaftServerImpl.java:checkInconsistentAppendEntries(1572)) - s2@group-EA982605F2E5: inconsistency entries. Reply:s1<-s2#1775:FAIL-t2,INCONSISTENCY,nextIndex=1,followerCommit=0,matchIndex=-1
2022-11-08 19:12:09,944 [grpc-default-executor-0] INFO  leader.FollowerInfo (FollowerInfoImpl.java:lambda$new$0(48)) - s1@group-EA982605F2E5->s2: nextIndex: updateUnconditionally 5 -> 1
2022-11-08 19:12:09,944 [s2-server-thread1] DEBUG server.RaftServer$Division (RaftServerImpl.java:logAppendEntries(1421)) - s2@group-EA982605F2E5: receive appendEntries(s1, 2, (t:2, i:0), 4, true, commits:[s1:c4, s0:c4, s2:c0], cId:1776, entries: [(t:2, i:1), STATEMACHINELOGENTRY, 0@client-2EFB324ADA71, (t:2, i:2), METADATAENTRY(c:1), (t:2, i:3), STATEMACHINELOGENTRY, 999@client-AE8279CAF820, (t:2, i:4), METADATAENTRY(c:3)]
2022-11-08 19:12:09,944 [s2-server-thread1] INFO  server.RaftServer$Division (RaftServerImpl.java:checkInconsistentAppendEntries(1602)) - s2@group-EA982605F2E5: Failed appendEntries as previous log entry ((t:2, i:0)) is not found
2022-11-08 19:12:09,944 [s2-server-thread1] INFO  server.RaftServer$Division (RaftServerImpl.java:checkInconsistentAppendEntries(1572)) - s2@group-EA982605F2E5: inconsistency entries. Reply:s1<-s2#1776:FAIL-t2,INCONSISTENCY,nextIndex=0,followerCommit=0,matchIndex=-1
2022-11-08 19:12:09,945 [grpc-default-executor-0] INFO  leader.FollowerInfo (FollowerInfoImpl.java:lambda$new$0(48)) - s1@group-EA982605F2E5->s2: nextIndex: updateUnconditionally 5 -> 0
2022-11-08 19:12:09,945 [s2-server-thread1] DEBUG server.RaftServer$Division (RaftServerImpl.java:logAppendEntries(1421)) - s2@group-EA982605F2E5: receive appendEntries(s1, 2, null, 4, true, commits:[s1:c4, s0:c4, s2:c0], cId:1777, entries: [(t:2, i:0), CONFIGURATIONENTRY(current:id: "s0"
address: "localhost:34297"
dataStreamAddress: "localhost:43983"
clientAddress: "localhost:39609"
adminAddress: "localhost:37077"
startupRole: FOLLOWER
,id: "s1"
address: "localhost:38917"
dataStreamAddress: "localhost:45719"
clientAddress: "localhost:36975"
adminAddress: "localhost:40635"
startupRole: FOLLOWER
,id: "s2"
address: "localhost:35511"
dataStreamAddress: "localhost:38827"
clientAddress: "localhost:42865"
adminAddress: "localhost:36791"
startupRole: FOLLOWER
, old:), (t:2, i:1), STATEMACHINELOGENTRY, 0@client-2EFB324ADA71, (t:2, i:2), METADATAENTRY(c:1), (t:2, i:3), STATEMACHINELOGENTRY, 999@client-AE8279CAF820, (t:2, i:4), METADATAENTRY(c:3)]
2022-11-08 19:12:09,945 [s2-server-thread1] INFO  server.RaftServer$Division (RaftServerImpl.java:checkInconsistentAppendEntries(1592)) - s2@group-EA982605F2E5: Failed appendEntries as the first entry (index 0) already exists (snapshotIndex: -1, commitIndex: 0)
2022-11-08 19:12:09,945 [s2-server-thread1] INFO  server.RaftServer$Division (RaftServerImpl.java:checkInconsistentAppendEntries(1572)) - s2@group-EA982605F2E5: inconsistency entries. Reply:s1<-s2#1777:FAIL-t2,INCONSISTENCY,nextIndex=1,followerCommit=0,matchIndex=-1
2022-11-08 19:12:09,946 [grpc-default-executor-0] INFO  leader.FollowerInfo (FollowerInfoImpl.java:lambda$new$0(48)) - s1@group-EA982605F2E5->s2: nextIndex: updateUnconditionally 5 -> 1
2022-11-08 19:12:09,946 [s2-server-thread1] DEBUG server.RaftServer$Division (RaftServerImpl.java:logAppendEntries(1421)) - s2@group-EA982605F2E5: receive appendEntries(s1, 2, (t:2, i:0), 4, true, commits:[s1:c4, s0:c4, s2:c0], cId:1778, entries: [(t:2, i:1), STATEMACHINELOGENTRY, 0@client-2EFB324ADA71, (t:2, i:2), METADATAENTRY(c:1), (t:2, i:3), STATEMACHINELOGENTRY, 999@client-AE8279CAF820, (t:2, i:4), METADATAENTRY(c:3)]
2022-11-08 19:12:09,946 [s2-server-thread1] INFO  server.RaftServer$Division (RaftServerImpl.java:checkInconsistentAppendEntries(1602)) - s2@group-EA982605F2E5: Failed appendEntries as previous log entry ((t:2, i:0)) is not found
2022-11-08 19:12:09,946 [s2-server-thread1] INFO  server.RaftServer$Division (RaftServerImpl.java:checkInconsistentAppendEntries(1572)) - s2@group-EA982605F2E5: inconsistency entries. Reply:s1<-s2#1778:FAIL-t2,INCONSISTENCY,nextIndex=0,followerCommit=0,matchIndex=-1
2022-11-08 19:12:09,947 [grpc-default-executor-0] INFO  leader.FollowerInfo (FollowerInfoImpl.java:lambda$new$0(48)) - s1@group-EA982605F2E5->s2: nextIndex: updateUnconditionally 5 -> 0
2022-11-08 19:12:09,947 [s2-server-thread1] DEBUG server.RaftServer$Division (RaftServerImpl.java:logAppendEntries(1421)) - s2@group-EA982605F2E5: receive appendEntries(s1, 2, null, 4, true, commits:[s1:c4, s0:c4, s2:c0], cId:1779, entries: [(t:2, i:0), CONFIGURATIONENTRY(current:id: "s0"
address: "localhost:34297"
dataStreamAddress: "localhost:43983"
clientAddress: "localhost:39609"
adminAddress: "localhost:37077"
startupRole: FOLLOWER
,id: "s1"
address: "localhost:38917"
dataStreamAddress: "localhost:45719"
clientAddress: "localhost:36975"
adminAddress: "localhost:40635"
startupRole: FOLLOWER
,id: "s2"
address: "localhost:35511"
dataStreamAddress: "localhost:38827"
clientAddress: "localhost:42865"
adminAddress: "localhost:36791"
startupRole: FOLLOWER
, old:), (t:2, i:1), STATEMACHINELOGENTRY, 0@client-2EFB324ADA71, (t:2, i:2), METADATAENTRY(c:1), (t:2, i:3), STATEMACHINELOGENTRY, 999@client-AE8279CAF820, (t:2, i:4), METADATAENTRY(c:3)]
2022-11-08 19:12:09,947 [s2-server-thread1] INFO  server.RaftServer$Division (RaftServerImpl.java:checkInconsistentAppendEntries(1592)) - s2@group-EA982605F2E5: Failed appendEntries as the first entry (index 0) already exists (snapshotIndex: -1, commitIndex: 0)
2022-11-08 19:12:09,947 [s2-server-thread1] INFO  server.RaftServer$Division (RaftServerImpl.java:checkInconsistentAppendEntries(1572)) - s2@group-EA982605F2E5: inconsistency entries. Reply:s1<-s2#1779:FAIL-t2,INCONSISTENCY,nextIndex=1,followerCommit=0,matchIndex=-1
2022-11-08 19:12:09,948 [grpc-default-executor-0] INFO  leader.FollowerInfo (FollowerInfoImpl.java:lambda$new$0(48)) - s1@group-EA982605F2E5->s2: nextIndex: updateUnconditionally 5 -> 1
2022-11-08 19:12:09,948 [s2-server-thread1] DEBUG server.RaftServer$Division (RaftServerImpl.java:logAppendEntries(1421)) - s2@group-EA982605F2E5: receive appendEntries(s1, 2, (t:2, i:0), 4, true, commits:[s1:c4, s0:c4, s2:c0], cId:1780, entries: [(t:2, i:1), STATEMACHINELOGENTRY, 0@client-2EFB324ADA71, (t:2, i:2), METADATAENTRY(c:1), (t:2, i:3), STATEMACHINELOGENTRY, 999@client-AE8279CAF820, (t:2, i:4), METADATAENTRY(c:3)]
2022-11-08 19:12:09,948 [s2-server-thread1] INFO  server.RaftServer$Division (RaftServerImpl.java:checkInconsistentAppendEntries(1602)) - s2@group-EA982605F2E5: Failed appendEntries as previous log entry ((t:2, i:0)) is not found
2022-11-08 19:12:09,948 [s2-server-thread1] INFO  server.RaftServer$Division (RaftServerImpl.java:checkInconsistentAppendEntries(1572)) - s2@group-EA982605F2E5: inconsistency entries. Reply:s1<-s2#1780:FAIL-t2,INCONSISTENCY,nextIndex=0,followerCommit=0,matchIndex=-1
2022-11-08 19:12:09,949 [grpc-default-executor-0] INFO  leader.FollowerInfo (FollowerInfoImpl.java:lambda$new$0(48)) - s1@group-EA982605F2E5->s2: nextIndex: updateUnconditionally 5 -> 0
2022-11-08 19:12:09,949 [s2-server-thread1] DEBUG server.RaftServer$Division (RaftServerImpl.java:logAppendEntries(1421)) - s2@group-EA982605F2E5: receive appendEntries(s1, 2, null, 4, true, commits:[s1:c4, s0:c4, s2:c0], cId:1781, entries: [(t:2, i:0), CONFIGURATIONENTRY(current:id: "s0"
address: "localhost:34297"
dataStreamAddress: "localhost:43983"
clientAddress: "localhost:39609"
adminAddress: "localhost:37077"
startupRole: FOLLOWER
,id: "s1"
address: "localhost:38917"
dataStreamAddress: "localhost:45719"
clientAddress: "localhost:36975"
adminAddress: "localhost:40635"
startupRole: FOLLOWER
,id: "s2"
address: "localhost:35511"
dataStreamAddress: "localhost:38827"
clientAddress: "localhost:42865"
adminAddress: "localhost:36791"
startupRole: FOLLOWER
, old:), (t:2, i:1), STATEMACHINELOGENTRY, 0@client-2EFB324ADA71, (t:2, i:2), METADATAENTRY(c:1), (t:2, i:3), STATEMACHINELOGENTRY, 999@client-AE8279CAF820, (t:2, i:4), METADATAENTRY(c:3)]
2022-11-08 19:12:09,949 [s2-server-thread1] INFO  server.RaftServer$Division (RaftServerImpl.java:checkInconsistentAppendEntries(1592)) - s2@group-EA982605F2E5: Failed appendEntries as the first entry (index 0) already exists (snapshotIndex: -1, commitIndex: 0)
2022-11-08 19:12:09,949 [s2-server-thread1] INFO  server.RaftServer$Division (RaftServerImpl.java:checkInconsistentAppendEntries(1572)) - s2@group-EA982605F2E5: inconsistency entries. Reply:s1<-s2#1781:FAIL-t2,INCONSISTENCY,nextIndex=1,followerCommit=0,matchIndex=-1
2022-11-08 19:12:09,949 [grpc-default-executor-0] INFO  leader.FollowerInfo (FollowerInfoImpl.java:lambda$new$0(48)) - s1@group-EA982605F2E5->s2: nextIndex: updateUnconditionally 5 -> 1
2022-11-08 19:12:09,950 [s2-server-thread1] DEBUG server.RaftServer$Division (RaftServerImpl.java:logAppendEntries(1421)) - s2@group-EA982605F2E5: receive appendEntries(s1, 2, (t:2, i:0), 4, true, commits:[s1:c4, s0:c4, s2:c0], cId:1782, entries: [(t:2, i:1), STATEMACHINELOGENTRY, 0@client-2EFB324ADA71, (t:2, i:2), METADATAENTRY(c:1), (t:2, i:3), STATEMACHINELOGENTRY, 999@client-AE8279CAF820, (t:2, i:4), METADATAENTRY(c:3)]
2022-11-08 19:12:09,950 [s2-server-thread1] INFO  server.RaftServer$Division (RaftServerImpl.java:checkInconsistentAppendEntries(1602)) - s2@group-EA982605F2E5: Failed appendEntries as previous log entry ((t:2, i:0)) is not found
2022-11-08 19:12:09,950 [s2-server-thread1] INFO  server.RaftServer$Division (RaftServerImpl.java:checkInconsistentAppendEntries(1572)) - s2@group-EA982605F2E5: inconsistency entries. Reply:s1<-s2#1782:FAIL-t2,INCONSISTENCY,nextIndex=0,followerCommit=0,matchIndex=-1
2022-11-08 19:12:09,950 [grpc-default-executor-0] INFO  leader.FollowerInfo (FollowerInfoImpl.java:lambda$new$0(48)) - s1@group-EA982605F2E5->s2: nextIndex: updateUnconditionally 5 -> 0
2022-11-08 19:12:09,951 [s2-server-thread1] DEBUG server.RaftServer$Division (RaftServerImpl.java:logAppendEntries(1421)) - s2@group-EA982605F2E5: receive appendEntries(s1, 2, null, 4, true, commits:[s1:c4, s0:c4, s2:c0], cId:1783, entries: [(t:2, i:0), CONFIGURATIONENTRY(current:id: "s0"
address: "localhost:34297"
dataStreamAddress: "localhost:43983"
clientAddress: "localhost:39609"
adminAddress: "localhost:37077"
startupRole: FOLLOWER
,id: "s1"
address: "localhost:38917"
dataStreamAddress: "localhost:45719"
clientAddress: "localhost:36975"
adminAddress: "localhost:40635"
startupRole: FOLLOWER
,id: "s2"
address: "localhost:35511"
dataStreamAddress: "localhost:38827"
clientAddress: "localhost:42865"
adminAddress: "localhost:36791"
startupRole: FOLLOWER
, old:), (t:2, i:1), STATEMACHINELOGENTRY, 0@client-2EFB324ADA71, (t:2, i:2), METADATAENTRY(c:1), (t:2, i:3), STATEMACHINELOGENTRY, 999@client-AE8279CAF820, (t:2, i:4), METADATAENTRY(c:3)]
2022-11-08 19:12:09,951 [s2-server-thread1] INFO  server.RaftServer$Division (RaftServerImpl.java:checkInconsistentAppendEntries(1592)) - s2@group-EA982605F2E5: Failed appendEntries as the first entry (index 0) already exists (snapshotIndex: -1, commitIndex: 0)
2022-11-08 19:12:09,951 [s2-server-thread1] INFO  server.RaftServer$Division (RaftServerImpl.java:checkInconsistentAppendEntries(1572)) - s2@group-EA982605F2E5: inconsistency entries. Reply:s1<-s2#1783:FAIL-t2,INCONSISTENCY,nextIndex=1,followerCommit=0,matchIndex=-1
2022-11-08 19:12:09,951 [grpc-default-executor-0] INFO  leader.FollowerInfo (FollowerInfoImpl.java:lambda$new$0(48)) - s1@group-EA982605F2E5->s2: nextIndex: updateUnconditionally 5 -> 1
2022-11-08 19:12:09,953 [s2-server-thread1] DEBUG server.RaftServer$Division (RaftServerImpl.java:logAppendEntries(1421)) - s2@group-EA982605F2E5: receive appendEntries(s1, 2, (t:2, i:0), 4, true, commits:[s1:c4, s0:c4, s2:c0], cId:1784, entries: [(t:2, i:1), STATEMACHINELOGENTRY, 0@client-2EFB324ADA71, (t:2, i:2), METADATAENTRY(c:1), (t:2, i:3), STATEMACHINELOGENTRY, 999@client-AE8279CAF820, (t:2, i:4), METADATAENTRY(c:3)]
2022-11-08 19:12:09,953 [s2-server-thread1] INFO  server.RaftServer$Division (RaftServerImpl.java:checkInconsistentAppendEntries(1602)) - s2@group-EA982605F2E5: Failed appendEntries as previous log entry ((t:2, i:0)) is not found
2022-11-08 19:12:09,954 [s2-server-thread1] INFO  server.RaftServer$Division (RaftServerImpl.java:checkInconsistentAppendEntries(1572)) - s2@group-EA982605F2E5: inconsistency entries. Reply:s1<-s2#1784:FAIL-t2,INCONSISTENCY,nextIndex=0,followerCommit=0,matchIndex=-1
2022-11-08 19:12:09,955 [grpc-default-executor-0] INFO  leader.FollowerInfo (FollowerInfoImpl.java:lambda$new$0(48)) - s1@group-EA982605F2E5->s2: nextIndex: updateUnconditionally 5 -> 0
2022-11-08 19:12:09,955 [s2-server-thread1] DEBUG server.RaftServer$Division (RaftServerImpl.java:logAppendEntries(1421)) - s2@group-EA982605F2E5: receive appendEntries(s1, 2, null, 4, true, commits:[s1:c4, s0:c4, s2:c0], cId:1785, entries: [(t:2, i:0), CONFIGURATIONENTRY(current:id: "s0"
address: "localhost:34297"
dataStreamAddress: "localhost:43983"
clientAddress: "localhost:39609"
adminAddress: "localhost:37077"
startupRole: FOLLOWER
,id: "s1"
address: "localhost:38917"
dataStreamAddress: "localhost:45719"
clientAddress: "localhost:36975"
adminAddress: "localhost:40635"
startupRole: FOLLOWER
,id: "s2"
address: "localhost:35511"
dataStreamAddress: "localhost:38827"
clientAddress: "localhost:42865"
adminAddress: "localhost:36791"
startupRole: FOLLOWER
, old:), (t:2, i:1), STATEMACHINELOGENTRY, 0@client-2EFB324ADA71, (t:2, i:2), METADATAENTRY(c:1), (t:2, i:3), STATEMACHINELOGENTRY, 999@client-AE8279CAF820, (t:2, i:4), METADATAENTRY(c:3)]
2022-11-08 19:12:09,955 [s2-server-thread1] INFO  server.RaftServer$Division (RaftServerImpl.java:checkInconsistentAppendEntries(1592)) - s2@group-EA982605F2E5: Failed appendEntries as the first entry (index 0) already exists (snapshotIndex: -1, commitIndex: 0)
2022-11-08 19:12:09,955 [s2-server-thread1] INFO  server.RaftServer$Division (RaftServerImpl.java:checkInconsistentAppendEntries(1572)) - s2@group-EA982605F2E5: inconsistency entries. Reply:s1<-s2#1785:FAIL-t2,INCONSISTENCY,nextIndex=1,followerCommit=0,matchIndex=-1
2022-11-08 19:12:09,956 [grpc-default-executor-0] INFO  leader.FollowerInfo (FollowerInfoImpl.java:lambda$new$0(48)) - s1@group-EA982605F2E5->s2: nextIndex: updateUnconditionally 5 -> 1
2022-11-08 19:12:09,956 [s2-server-thread1] DEBUG server.RaftServer$Division (RaftServerImpl.java:logAppendEntries(1421)) - s2@group-EA982605F2E5: receive appendEntries(s1, 2, (t:2, i:0), 4, true, commits:[s1:c4, s0:c4, s2:c0], cId:1786, entries: [(t:2, i:1), STATEMACHINELOGENTRY, 0@client-2EFB324ADA71, (t:2, i:2), METADATAENTRY(c:1), (t:2, i:3), STATEMACHINELOGENTRY, 999@client-AE8279CAF820, (t:2, i:4), METADATAENTRY(c:3)]
2022-11-08 19:12:09,956 [s2-server-thread1] INFO  server.RaftServer$Division (RaftServerImpl.java:checkInconsistentAppendEntries(1602)) - s2@group-EA982605F2E5: Failed appendEntries as previous log entry ((t:2, i:0)) is not found
2022-11-08 19:12:09,956 [s2-server-thread1] INFO  server.RaftServer$Division (RaftServerImpl.java:checkInconsistentAppendEntries(1572)) - s2@group-EA982605F2E5: inconsistency entries. Reply:s1<-s2#1786:FAIL-t2,INCONSISTENCY,nextIndex=0,followerCommit=0,matchIndex=-1
2022-11-08 19:12:09,957 [grpc-default-executor-0] INFO  leader.FollowerInfo (FollowerInfoImpl.java:lambda$new$0(48)) - s1@group-EA982605F2E5->s2: nextIndex: updateUnconditionally 5 -> 0
2022-11-08 19:12:09,957 [s2-server-thread1] DEBUG server.RaftServer$Division (RaftServerImpl.java:logAppendEntries(1421)) - s2@group-EA982605F2E5: receive appendEntries(s1, 2, null, 4, true, commits:[s1:c4, s0:c4, s2:c0], cId:1787, entries: [(t:2, i:0), CONFIGURATIONENTRY(current:id: "s0"
address: "localhost:34297"
dataStreamAddress: "localhost:43983"
clientAddress: "localhost:39609"
adminAddress: "localhost:37077"
startupRole: FOLLOWER
,id: "s1"
address: "localhost:38917"
dataStreamAddress: "localhost:45719"
clientAddress: "localhost:36975"
adminAddress: "localhost:40635"
startupRole: FOLLOWER
,id: "s2"
address: "localhost:35511"
dataStreamAddress: "localhost:38827"
clientAddress: "localhost:42865"
adminAddress: "localhost:36791"
startupRole: FOLLOWER
, old:), (t:2, i:1), STATEMACHINELOGENTRY, 0@client-2EFB324ADA71, (t:2, i:2), METADATAENTRY(c:1), (t:2, i:3), STATEMACHINELOGENTRY, 999@client-AE8279CAF820, (t:2, i:4), METADATAENTRY(c:3)]
2022-11-08 19:12:09,957 [s2-server-thread1] INFO  server.RaftServer$Division (RaftServerImpl.java:checkInconsistentAppendEntries(1592)) - s2@group-EA982605F2E5: Failed appendEntries as the first entry (index 0) already exists (snapshotIndex: -1, commitIndex: 0)
2022-11-08 19:12:09,957 [s2-server-thread1] INFO  server.RaftServer$Division (RaftServerImpl.java:checkInconsistentAppendEntries(1572)) - s2@group-EA982605F2E5: inconsistency entries. Reply:s1<-s2#1787:FAIL-t2,INCONSISTENCY,nextIndex=1,followerCommit=0,matchIndex=-1
2022-11-08 19:12:09,958 [grpc-default-executor-0] INFO  leader.FollowerInfo (FollowerInfoImpl.java:lambda$new$0(48)) - s1@group-EA982605F2E5->s2: nextIndex: updateUnconditionally 5 -> 1
2022-11-08 19:12:09,958 [s2-server-thread1] DEBUG server.RaftServer$Division (RaftServerImpl.java:logAppendEntries(1421)) - s2@group-EA982605F2E5: receive appendEntries(s1, 2, (t:2, i:0), 4, true, commits:[s1:c4, s0:c4, s2:c0], cId:1788, entries: [(t:2, i:1), STATEMACHINELOGENTRY, 0@client-2EFB324ADA71, (t:2, i:2), METADATAENTRY(c:1), (t:2, i:3), STATEMACHINELOGENTRY, 999@client-AE8279CAF820, (t:2, i:4), METADATAENTRY(c:3)]
2022-11-08 19:12:09,958 [s2-server-thread1] INFO  server.RaftServer$Division (RaftServerImpl.java:checkInconsistentAppendEntries(1602)) - s2@group-EA982605F2E5: Failed appendEntries as previous log entry ((t:2, i:0)) is not found
2022-11-08 19:12:09,958 [s2-server-thread1] INFO  server.RaftServer$Division (RaftServerImpl.java:checkInconsistentAppendEntries(1572)) - s2@group-EA982605F2E5: inconsistency entries. Reply:s1<-s2#1788:FAIL-t2,INCONSISTENCY,nextIndex=0,followerCommit=0,matchIndex=-1
2022-11-08 19:12:09,959 [grpc-default-executor-0] INFO  leader.FollowerInfo (FollowerInfoImpl.java:lambda$new$0(48)) - s1@group-EA982605F2E5->s2: nextIndex: updateUnconditionally 5 -> 0
2022-11-08 19:12:09,959 [s2-server-thread1] DEBUG server.RaftServer$Division (RaftServerImpl.java:logAppendEntries(1421)) - s2@group-EA982605F2E5: receive appendEntries(s1, 2, null, 4, true, commits:[s1:c4, s0:c4, s2:c0], cId:1789, entries: [(t:2, i:0), CONFIGURATIONENTRY(current:id: "s0"
address: "localhost:34297"
dataStreamAddress: "localhost:43983"
clientAddress: "localhost:39609"
adminAddress: "localhost:37077"
startupRole: FOLLOWER
,id: "s1"
address: "localhost:38917"
dataStreamAddress: "localhost:45719"
clientAddress: "localhost:36975"
adminAddress: "localhost:40635"
startupRole: FOLLOWER
,id: "s2"
address: "localhost:35511"
dataStreamAddress: "localhost:38827"
clientAddress: "localhost:42865"
adminAddress: "localhost:36791"
startupRole: FOLLOWER
, old:), (t:2, i:1), STATEMACHINELOGENTRY, 0@client-2EFB324ADA71, (t:2, i:2), METADATAENTRY(c:1), (t:2, i:3), STATEMACHINELOGENTRY, 999@client-AE8279CAF820, (t:2, i:4), METADATAENTRY(c:3)]
2022-11-08 19:12:09,959 [s2-server-thread1] INFO  server.RaftServer$Division (RaftServerImpl.java:checkInconsistentAppendEntries(1592)) - s2@group-EA982605F2E5: Failed appendEntries as the first entry (index 0) already exists (snapshotIndex: -1, commitIndex: 0)
2022-11-08 19:12:09,960 [s2-server-thread1] INFO  server.RaftServer$Division (RaftServerImpl.java:checkInconsistentAppendEntries(1572)) - s2@group-EA982605F2E5: inconsistency entries. Reply:s1<-s2#1789:FAIL-t2,INCONSISTENCY,nextIndex=1,followerCommit=0,matchIndex=-1
2022-11-08 19:12:09,960 [grpc-default-executor-0] INFO  leader.FollowerInfo (FollowerInfoImpl.java:lambda$new$0(48)) - s1@group-EA982605F2E5->s2: nextIndex: updateUnconditionally 5 -> 1
2022-11-08 19:12:09,960 [s2-server-thread1] DEBUG server.RaftServer$Division (RaftServerImpl.java:logAppendEntries(1421)) - s2@group-EA982605F2E5: receive appendEntries(s1, 2, (t:2, i:0), 4, true, commits:[s1:c4, s0:c4, s2:c0], cId:1790, entries: [(t:2, i:1), STATEMACHINELOGENTRY, 0@client-2EFB324ADA71, (t:2, i:2), METADATAENTRY(c:1), (t:2, i:3), STATEMACHINELOGENTRY, 999@client-AE8279CAF820, (t:2, i:4), METADATAENTRY(c:3)]
2022-11-08 19:12:09,960 [s2-server-thread1] INFO  server.RaftServer$Division (RaftServerImpl.java:checkInconsistentAppendEntries(1602)) - s2@group-EA982605F2E5: Failed appendEntries as previous log entry ((t:2, i:0)) is not found
2022-11-08 19:12:09,960 [s2-server-thread1] INFO  server.RaftServer$Division (RaftServerImpl.java:checkInconsistentAppendEntries(1572)) - s2@group-EA982605F2E5: inconsistency entries. Reply:s1<-s2#1790:FAIL-t2,INCONSISTENCY,nextIndex=0,followerCommit=0,matchIndex=-1
2022-11-08 19:12:09,961 [grpc-default-executor-0] INFO  leader.FollowerInfo (FollowerInfoImpl.java:lambda$new$0(48)) - s1@group-EA982605F2E5->s2: nextIndex: updateUnconditionally 5 -> 0
2022-11-08 19:12:09,961 [s2-server-thread1] DEBUG server.RaftServer$Division (RaftServerImpl.java:logAppendEntries(1421)) - s2@group-EA982605F2E5: receive appendEntries(s1, 2, null, 4, true, commits:[s1:c4, s0:c4, s2:c0], cId:1791, entries: [(t:2, i:0), CONFIGURATIONENTRY(current:id: "s0"
address: "localhost:34297"
dataStreamAddress: "localhost:43983"
clientAddress: "localhost:39609"
adminAddress: "localhost:37077"
startupRole: FOLLOWER
,id: "s1"
address: "localhost:38917"
dataStreamAddress: "localhost:45719"
clientAddress: "localhost:36975"
adminAddress: "localhost:40635"
startupRole: FOLLOWER
,id: "s2"
address: "localhost:35511"
dataStreamAddress: "localhost:38827"
clientAddress: "localhost:42865"
adminAddress: "localhost:36791"
startupRole: FOLLOWER
, old:), (t:2, i:1), STATEMACHINELOGENTRY, 0@client-2EFB324ADA71, (t:2, i:2), METADATAENTRY(c:1), (t:2, i:3), STATEMACHINELOGENTRY, 999@client-AE8279CAF820, (t:2, i:4), METADATAENTRY(c:3)]
2022-11-08 19:12:09,961 [s2-server-thread1] INFO  server.RaftServer$Division (RaftServerImpl.java:checkInconsistentAppendEntries(1592)) - s2@group-EA982605F2E5: Failed appendEntries as the first entry (index 0) already exists (snapshotIndex: -1, commitIndex: 0)
2022-11-08 19:12:09,961 [s2-server-thread1] INFO  server.RaftServer$Division (RaftServerImpl.java:checkInconsistentAppendEntries(1572)) - s2@group-EA982605F2E5: inconsistency entries. Reply:s1<-s2#1791:FAIL-t2,INCONSISTENCY,nextIndex=1,followerCommit=0,matchIndex=-1
2022-11-08 19:12:09,962 [grpc-default-executor-0] INFO  leader.FollowerInfo (FollowerInfoImpl.java:lambda$new$0(48)) - s1@group-EA982605F2E5->s2: nextIndex: updateUnconditionally 5 -> 1
2022-11-08 19:12:09,962 [s2-server-thread1] DEBUG server.RaftServer$Division (RaftServerImpl.java:logAppendEntries(1421)) - s2@group-EA982605F2E5: receive appendEntries(s1, 2, (t:2, i:0), 4, true, commits:[s1:c4, s0:c4, s2:c0], cId:1792, entries: [(t:2, i:1), STATEMACHINELOGENTRY, 0@client-2EFB324ADA71, (t:2, i:2), METADATAENTRY(c:1), (t:2, i:3), STATEMACHINELOGENTRY, 999@client-AE8279CAF820, (t:2, i:4), METADATAENTRY(c:3)]
2022-11-08 19:12:09,962 [s2-server-thread1] INFO  server.RaftServer$Division (RaftServerImpl.java:checkInconsistentAppendEntries(1602)) - s2@group-EA982605F2E5: Failed appendEntries as previous log entry ((t:2, i:0)) is not found
2022-11-08 19:12:09,962 [s2-server-thread1] INFO  server.RaftServer$Division (RaftServerImpl.java:checkInconsistentAppendEntries(1572)) - s2@group-EA982605F2E5: inconsistency entries. Reply:s1<-s2#1792:FAIL-t2,INCONSISTENCY,nextIndex=0,followerCommit=0,matchIndex=-1
2022-11-08 19:12:09,963 [grpc-default-executor-0] INFO  leader.FollowerInfo (FollowerInfoImpl.java:lambda$new$0(48)) - s1@group-EA982605F2E5->s2: nextIndex: updateUnconditionally 5 -> 0
2022-11-08 19:12:09,963 [s2-server-thread1] DEBUG server.RaftServer$Division (RaftServerImpl.java:logAppendEntries(1421)) - s2@group-EA982605F2E5: receive appendEntries(s1, 2, null, 4, true, commits:[s1:c4, s0:c4, s2:c0], cId:1793, entries: [(t:2, i:0), CONFIGURATIONENTRY(current:id: "s0"
address: "localhost:34297"
dataStreamAddress: "localhost:43983"
clientAddress: "localhost:39609"
adminAddress: "localhost:37077"
startupRole: FOLLOWER
,id: "s1"
address: "localhost:38917"
dataStreamAddress: "localhost:45719"
clientAddress: "localhost:36975"
adminAddress: "localhost:40635"
startupRole: FOLLOWER
,id: "s2"
address: "localhost:35511"
dataStreamAddress: "localhost:38827"
clientAddress: "localhost:42865"
adminAddress: "localhost:36791"
startupRole: FOLLOWER
, old:), (t:2, i:1), STATEMACHINELOGENTRY, 0@client-2EFB324ADA71, (t:2, i:2), METADATAENTRY(c:1), (t:2, i:3), STATEMACHINELOGENTRY, 999@client-AE8279CAF820, (t:2, i:4), METADATAENTRY(c:3)]
2022-11-08 19:12:09,963 [s2-server-thread1] INFO  server.RaftServer$Division (RaftServerImpl.java:checkInconsistentAppendEntries(1592)) - s2@group-EA982605F2E5: Failed appendEntries as the first entry (index 0) already exists (snapshotIndex: -1, commitIndex: 0)
2022-11-08 19:12:09,964 [s2-server-thread1] INFO  server.RaftServer$Division (RaftServerImpl.java:checkInconsistentAppendEntries(1572)) - s2@group-EA982605F2E5: inconsistency entries. Reply:s1<-s2#1793:FAIL-t2,INCONSISTENCY,nextIndex=1,followerCommit=0,matchIndex=-1
2022-11-08 19:12:09,964 [grpc-default-executor-0] INFO  leader.FollowerInfo (FollowerInfoImpl.java:lambda$new$0(48)) - s1@group-EA982605F2E5->s2: nextIndex: updateUnconditionally 5 -> 1
2022-11-08 19:12:09,964 [s2-server-thread1] DEBUG server.RaftServer$Division (RaftServerImpl.java:logAppendEntries(1421)) - s2@group-EA982605F2E5: receive appendEntries(s1, 2, (t:2, i:0), 4, true, commits:[s1:c4, s0:c4, s2:c0], cId:1794, entries: [(t:2, i:1), STATEMACHINELOGENTRY, 0@client-2EFB324ADA71, (t:2, i:2), METADATAENTRY(c:1), (t:2, i:3), STATEMACHINELOGENTRY, 999@client-AE8279CAF820, (t:2, i:4), METADATAENTRY(c:3)]
2022-11-08 19:12:09,965 [s2-server-thread1] INFO  server.RaftServer$Division (RaftServerImpl.java:checkInconsistentAppendEntries(1602)) - s2@group-EA982605F2E5: Failed appendEntries as previous log entry ((t:2, i:0)) is not found
2022-11-08 19:12:09,965 [s2-server-thread1] INFO  server.RaftServer$Division (RaftServerImpl.java:checkInconsistentAppendEntries(1572)) - s2@group-EA982605F2E5: inconsistency entries. Reply:s1<-s2#1794:FAIL-t2,INCONSISTENCY,nextIndex=0,followerCommit=0,matchIndex=-1
2022-11-08 19:12:09,965 [grpc-default-executor-0] INFO  leader.FollowerInfo (FollowerInfoImpl.java:lambda$new$0(48)) - s1@group-EA982605F2E5->s2: nextIndex: updateUnconditionally 5 -> 0
2022-11-08 19:12:09,965 [s2-server-thread1] DEBUG server.RaftServer$Division (RaftServerImpl.java:logAppendEntries(1421)) - s2@group-EA982605F2E5: receive appendEntries(s1, 2, null, 4, true, commits:[s1:c4, s0:c4, s2:c0], cId:1795, entries: [(t:2, i:0), CONFIGURATIONENTRY(current:id: "s0"
address: "localhost:34297"
dataStreamAddress: "localhost:43983"
clientAddress: "localhost:39609"
adminAddress: "localhost:37077"
startupRole: FOLLOWER
,id: "s1"
address: "localhost:38917"
dataStreamAddress: "localhost:45719"
clientAddress: "localhost:36975"
adminAddress: "localhost:40635"
startupRole: FOLLOWER
,id: "s2"
address: "localhost:35511"
dataStreamAddress: "localhost:38827"
clientAddress: "localhost:42865"
adminAddress: "localhost:36791"
startupRole: FOLLOWER
, old:), (t:2, i:1), STATEMACHINELOGENTRY, 0@client-2EFB324ADA71, (t:2, i:2), METADATAENTRY(c:1), (t:2, i:3), STATEMACHINELOGENTRY, 999@client-AE8279CAF820, (t:2, i:4), METADATAENTRY(c:3)]
2022-11-08 19:12:09,965 [s2-server-thread1] INFO  server.RaftServer$Division (RaftServerImpl.java:checkInconsistentAppendEntries(1592)) - s2@group-EA982605F2E5: Failed appendEntries as the first entry (index 0) already exists (snapshotIndex: -1, commitIndex: 0)
2022-11-08 19:12:09,966 [s2-server-thread1] INFO  server.RaftServer$Division (RaftServerImpl.java:checkInconsistentAppendEntries(1572)) - s2@group-EA982605F2E5: inconsistency entries. Reply:s1<-s2#1795:FAIL-t2,INCONSISTENCY,nextIndex=1,followerCommit=0,matchIndex=-1
2022-11-08 19:12:09,966 [grpc-default-executor-0] INFO  leader.FollowerInfo (FollowerInfoImpl.java:lambda$new$0(48)) - s1@group-EA982605F2E5->s2: nextIndex: updateUnconditionally 5 -> 1
2022-11-08 19:12:09,966 [s2-server-thread1] DEBUG server.RaftServer$Division (RaftServerImpl.java:logAppendEntries(1421)) - s2@group-EA982605F2E5: receive appendEntries(s1, 2, (t:2, i:0), 4, true, commits:[s1:c4, s0:c4, s2:c0], cId:1796, entries: [(t:2, i:1), STATEMACHINELOGENTRY, 0@client-2EFB324ADA71, (t:2, i:2), METADATAENTRY(c:1), (t:2, i:3), STATEMACHINELOGENTRY, 999@client-AE8279CAF820, (t:2, i:4), METADATAENTRY(c:3)]
2022-11-08 19:12:09,966 [s2-server-thread1] INFO  server.RaftServer$Division (RaftServerImpl.java:checkInconsistentAppendEntries(1602)) - s2@group-EA982605F2E5: Failed appendEntries as previous log entry ((t:2, i:0)) is not found
2022-11-08 19:12:09,966 [s2-server-thread1] INFO  server.RaftServer$Division (RaftServerImpl.java:checkInconsistentAppendEntries(1572)) - s2@group-EA982605F2E5: inconsistency entries. Reply:s1<-s2#1796:FAIL-t2,INCONSISTENCY,nextIndex=0,followerCommit=0,matchIndex=-1
2022-11-08 19:12:09,967 [grpc-default-executor-0] INFO  leader.FollowerInfo (FollowerInfoImpl.java:lambda$new$0(48)) - s1@group-EA982605F2E5->s2: nextIndex: updateUnconditionally 5 -> 0
2022-11-08 19:12:09,967 [s2-server-thread1] DEBUG server.RaftServer$Division (RaftServerImpl.java:logAppendEntries(1421)) - s2@group-EA982605F2E5: receive appendEntries(s1, 2, null, 4, true, commits:[s1:c4, s0:c4, s2:c0], cId:1797, entries: [(t:2, i:0), CONFIGURATIONENTRY(current:id: "s0"
address: "localhost:34297"
dataStreamAddress: "localhost:43983"
clientAddress: "localhost:39609"
adminAddress: "localhost:37077"
startupRole: FOLLOWER
,id: "s1"
address: "localhost:38917"
dataStreamAddress: "localhost:45719"
clientAddress: "localhost:36975"
adminAddress: "localhost:40635"
startupRole: FOLLOWER
,id: "s2"
address: "localhost:35511"
dataStreamAddress: "localhost:38827"
clientAddress: "localhost:42865"
adminAddress: "localhost:36791"
startupRole: FOLLOWER
, old:), (t:2, i:1), STATEMACHINELOGENTRY, 0@client-2EFB324ADA71, (t:2, i:2), METADATAENTRY(c:1), (t:2, i:3), STATEMACHINELOGENTRY, 999@client-AE8279CAF820, (t:2, i:4), METADATAENTRY(c:3)]
2022-11-08 19:12:09,968 [s2-server-thread1] INFO  server.RaftServer$Division (RaftServerImpl.java:checkInconsistentAppendEntries(1592)) - s2@group-EA982605F2E5: Failed appendEntries as the first entry (index 0) already exists (snapshotIndex: -1, commitIndex: 0)
2022-11-08 19:12:09,968 [s2-server-thread1] INFO  server.RaftServer$Division (RaftServerImpl.java:checkInconsistentAppendEntries(1572)) - s2@group-EA982605F2E5: inconsistency entries. Reply:s1<-s2#1797:FAIL-t2,INCONSISTENCY,nextIndex=1,followerCommit=0,matchIndex=-1
2022-11-08 19:12:09,968 [grpc-default-executor-3] INFO  leader.FollowerInfo (FollowerInfoImpl.java:lambda$new$0(48)) - s1@group-EA982605F2E5->s2: nextIndex: updateUnconditionally 5 -> 1
2022-11-08 19:12:09,968 [s2-server-thread1] DEBUG server.RaftServer$Division (RaftServerImpl.java:logAppendEntries(1421)) - s2@group-EA982605F2E5: receive appendEntries(s1, 2, (t:2, i:0), 4, true, commits:[s1:c4, s0:c4, s2:c0], cId:1798, entries: [(t:2, i:1), STATEMACHINELOGENTRY, 0@client-2EFB324ADA71, (t:2, i:2), METADATAENTRY(c:1), (t:2, i:3), STATEMACHINELOGENTRY, 999@client-AE8279CAF820, (t:2, i:4), METADATAENTRY(c:3)]
2022-11-08 19:12:09,969 [s2-server-thread1] INFO  server.RaftServer$Division (RaftServerImpl.java:checkInconsistentAppendEntries(1602)) - s2@group-EA982605F2E5: Failed appendEntries as previous log entry ((t:2, i:0)) is not found
2022-11-08 19:12:09,969 [s2-server-thread1] INFO  server.RaftServer$Division (RaftServerImpl.java:checkInconsistentAppendEntries(1572)) - s2@group-EA982605F2E5: inconsistency entries. Reply:s1<-s2#1798:FAIL-t2,INCONSISTENCY,nextIndex=0,followerCommit=0,matchIndex=-1
2022-11-08 19:12:09,969 [grpc-default-executor-0] INFO  leader.FollowerInfo (FollowerInfoImpl.java:lambda$new$0(48)) - s1@group-EA982605F2E5->s2: nextIndex: updateUnconditionally 5 -> 0
2022-11-08 19:12:09,969 [s2-server-thread1] DEBUG server.RaftServer$Division (RaftServerImpl.java:logAppendEntries(1421)) - s2@group-EA982605F2E5: receive appendEntries(s1, 2, null, 4, true, commits:[s1:c4, s0:c4, s2:c0], cId:1799, entries: [(t:2, i:0), CONFIGURATIONENTRY(current:id: "s0"
address: "localhost:34297"
dataStreamAddress: "localhost:43983"
clientAddress: "localhost:39609"
adminAddress: "localhost:37077"
startupRole: FOLLOWER
,id: "s1"
address: "localhost:38917"
dataStreamAddress: "localhost:45719"
clientAddress: "localhost:36975"
adminAddress: "localhost:40635"
startupRole: FOLLOWER
,id: "s2"
address: "localhost:35511"
dataStreamAddress: "localhost:38827"
clientAddress: "localhost:42865"
adminAddress: "localhost:36791"
startupRole: FOLLOWER
, old:), (t:2, i:1), STATEMACHINELOGENTRY, 0@client-2EFB324ADA71, (t:2, i:2), METADATAENTRY(c:1), (t:2, i:3), STATEMACHINELOGENTRY, 999@client-AE8279CAF820, (t:2, i:4), METADATAENTRY(c:3)]
2022-11-08 19:12:09,970 [s2-server-thread1] INFO  server.RaftServer$Division (RaftServerImpl.java:checkInconsistentAppendEntries(1592)) - s2@group-EA982605F2E5: Failed appendEntries as the first entry (index 0) already exists (snapshotIndex: -1, commitIndex: 0)
2022-11-08 19:12:09,970 [s2-server-thread1] INFO  server.RaftServer$Division (RaftServerImpl.java:checkInconsistentAppendEntries(1572)) - s2@group-EA982605F2E5: inconsistency entries. Reply:s1<-s2#1799:FAIL-t2,INCONSISTENCY,nextIndex=1,followerCommit=0,matchIndex=-1
2022-11-08 19:12:09,970 [grpc-default-executor-0] INFO  leader.FollowerInfo (FollowerInfoImpl.java:lambda$new$0(48)) - s1@group-EA982605F2E5->s2: nextIndex: updateUnconditionally 5 -> 1
2022-11-08 19:12:09,970 [s2-server-thread1] DEBUG server.RaftServer$Division (RaftServerImpl.java:logAppendEntries(1421)) - s2@group-EA982605F2E5: receive appendEntries(s1, 2, (t:2, i:0), 4, true, commits:[s1:c4, s0:c4, s2:c0], cId:1800, entries: [(t:2, i:1), STATEMACHINELOGENTRY, 0@client-2EFB324ADA71, (t:2, i:2), METADATAENTRY(c:1), (t:2, i:3), STATEMACHINELOGENTRY, 999@client-AE8279CAF820, (t:2, i:4), METADATAENTRY(c:3)]
2022-11-08 19:12:09,970 [s2-server-thread1] INFO  server.RaftServer$Division (RaftServerImpl.java:checkInconsistentAppendEntries(1602)) - s2@group-EA982605F2E5: Failed appendEntries as previous log entry ((t:2, i:0)) is not found
2022-11-08 19:12:09,971 [s2-server-thread1] INFO  server.RaftServer$Division (RaftServerImpl.java:checkInconsistentAppendEntries(1572)) - s2@group-EA982605F2E5: inconsistency entries. Reply:s1<-s2#1800:FAIL-t2,INCONSISTENCY,nextIndex=0,followerCommit=0,matchIndex=-1
2022-11-08 19:12:09,971 [grpc-default-executor-0] INFO  leader.FollowerInfo (FollowerInfoImpl.java:lambda$new$0(48)) - s1@group-EA982605F2E5->s2: nextIndex: updateUnconditionally 5 -> 0
2022-11-08 19:12:09,971 [s2-server-thread1] DEBUG server.RaftServer$Division (RaftServerImpl.java:logAppendEntries(1421)) - s2@group-EA982605F2E5: receive appendEntries(s1, 2, null, 4, true, commits:[s1:c4, s0:c4, s2:c0], cId:1801, entries: [(t:2, i:0), CONFIGURATIONENTRY(current:id: "s0"
address: "localhost:34297"
dataStreamAddress: "localhost:43983"
clientAddress: "localhost:39609"
adminAddress: "localhost:37077"
startupRole: FOLLOWER
,id: "s1"
address: "localhost:38917"
dataStreamAddress: "localhost:45719"
clientAddress: "localhost:36975"
adminAddress: "localhost:40635"
startupRole: FOLLOWER
,id: "s2"
address: "localhost:35511"
dataStreamAddress: "localhost:38827"
clientAddress: "localhost:42865"
adminAddress: "localhost:36791"
startupRole: FOLLOWER
, old:), (t:2, i:1), STATEMACHINELOGENTRY, 0@client-2EFB324ADA71, (t:2, i:2), METADATAENTRY(c:1), (t:2, i:3), STATEMACHINELOGENTRY, 999@client-AE8279CAF820, (t:2, i:4), METADATAENTRY(c:3)]
2022-11-08 19:12:09,971 [s2-server-thread1] INFO  server.RaftServer$Division (RaftServerImpl.java:checkInconsistentAppendEntries(1592)) - s2@group-EA982605F2E5: Failed appendEntries as the first entry (index 0) already exists (snapshotIndex: -1, commitIndex: 0)
2022-11-08 19:12:09,971 [s2-server-thread1] INFO  server.RaftServer$Division (RaftServerImpl.java:checkInconsistentAppendEntries(1572)) - s2@group-EA982605F2E5: inconsistency entries. Reply:s1<-s2#1801:FAIL-t2,INCONSISTENCY,nextIndex=1,followerCommit=0,matchIndex=-1
2022-11-08 19:12:09,972 [grpc-default-executor-0] INFO  leader.FollowerInfo (FollowerInfoImpl.java:lambda$new$0(48)) - s1@group-EA982605F2E5->s2: nextIndex: updateUnconditionally 5 -> 1
2022-11-08 19:12:09,972 [s2-server-thread1] DEBUG server.RaftServer$Division (RaftServerImpl.java:logAppendEntries(1421)) - s2@group-EA982605F2E5: receive appendEntries(s1, 2, (t:2, i:0), 4, true, commits:[s1:c4, s0:c4, s2:c0], cId:1802, entries: [(t:2, i:1), STATEMACHINELOGENTRY, 0@client-2EFB324ADA71, (t:2, i:2), METADATAENTRY(c:1), (t:2, i:3), STATEMACHINELOGENTRY, 999@client-AE8279CAF820, (t:2, i:4), METADATAENTRY(c:3)]
2022-11-08 19:12:09,972 [s2-server-thread1] INFO  server.RaftServer$Division (RaftServerImpl.java:checkInconsistentAppendEntries(1602)) - s2@group-EA982605F2E5: Failed appendEntries as previous log entry ((t:2, i:0)) is not found
2022-11-08 19:12:09,973 [s2-server-thread1] INFO  server.RaftServer$Division (RaftServerImpl.java:checkInconsistentAppendEntries(1572)) - s2@group-EA982605F2E5: inconsistency entries. Reply:s1<-s2#1802:FAIL-t2,INCONSISTENCY,nextIndex=0,followerCommit=0,matchIndex=-1
2022-11-08 19:12:09,973 [grpc-default-executor-0] INFO  leader.FollowerInfo (FollowerInfoImpl.java:lambda$new$0(48)) - s1@group-EA982605F2E5->s2: nextIndex: updateUnconditionally 5 -> 0
2022-11-08 19:12:09,973 [s2-server-thread1] DEBUG server.RaftServer$Division (RaftServerImpl.java:logAppendEntries(1421)) - s2@group-EA982605F2E5: receive appendEntries(s1, 2, null, 4, true, commits:[s1:c4, s0:c4, s2:c0], cId:1803, entries: [(t:2, i:0), CONFIGURATIONENTRY(current:id: "s0"
address: "localhost:34297"
dataStreamAddress: "localhost:43983"
clientAddress: "localhost:39609"
adminAddress: "localhost:37077"
startupRole: FOLLOWER
,id: "s1"
address: "localhost:38917"
dataStreamAddress: "localhost:45719"
clientAddress: "localhost:36975"
adminAddress: "localhost:40635"
startupRole: FOLLOWER
,id: "s2"
address: "localhost:35511"
dataStreamAddress: "localhost:38827"
clientAddress: "localhost:42865"
adminAddress: "localhost:36791"
startupRole: FOLLOWER
, old:), (t:2, i:1), STATEMACHINELOGENTRY, 0@client-2EFB324ADA71, (t:2, i:2), METADATAENTRY(c:1), (t:2, i:3), STATEMACHINELOGENTRY, 999@client-AE8279CAF820, (t:2, i:4), METADATAENTRY(c:3)]
2022-11-08 19:12:09,973 [s2-server-thread1] INFO  server.RaftServer$Division (RaftServerImpl.java:checkInconsistentAppendEntries(1592)) - s2@group-EA982605F2E5: Failed appendEntries as the first entry (index 0) already exists (snapshotIndex: -1, commitIndex: 0)
2022-11-08 19:12:09,974 [s2-server-thread1] INFO  server.RaftServer$Division (RaftServerImpl.java:checkInconsistentAppendEntries(1572)) - s2@group-EA982605F2E5: inconsistency entries. Reply:s1<-s2#1803:FAIL-t2,INCONSISTENCY,nextIndex=1,followerCommit=0,matchIndex=-1
2022-11-08 19:12:09,974 [grpc-default-executor-0] INFO  leader.FollowerInfo (FollowerInfoImpl.java:lambda$new$0(48)) - s1@group-EA982605F2E5->s2: nextIndex: updateUnconditionally 5 -> 1
2022-11-08 19:12:09,974 [s2-server-thread1] DEBUG server.RaftServer$Division (RaftServerImpl.java:logAppendEntries(1421)) - s2@group-EA982605F2E5: receive appendEntries(s1, 2, (t:2, i:0), 4, true, commits:[s1:c4, s0:c4, s2:c0], cId:1804, entries: [(t:2, i:1), STATEMACHINELOGENTRY, 0@client-2EFB324ADA71, (t:2, i:2), METADATAENTRY(c:1), (t:2, i:3), STATEMACHINELOGENTRY, 999@client-AE8279CAF820, (t:2, i:4), METADATAENTRY(c:3)]
2022-11-08 19:12:09,974 [s2-server-thread1] INFO  server.RaftServer$Division (RaftServerImpl.java:checkInconsistentAppendEntries(1602)) - s2@group-EA982605F2E5: Failed appendEntries as previous log entry ((t:2, i:0)) is not found
2022-11-08 19:12:09,974 [s2-server-thread1] INFO  server.RaftServer$Division (RaftServerImpl.java:checkInconsistentAppendEntries(1572)) - s2@group-EA982605F2E5: inconsistency entries. Reply:s1<-s2#1804:FAIL-t2,INCONSISTENCY,nextIndex=0,followerCommit=0,matchIndex=-1
2022-11-08 19:12:09,975 [grpc-default-executor-0] INFO  leader.FollowerInfo (FollowerInfoImpl.java:lambda$new$0(48)) - s1@group-EA982605F2E5->s2: nextIndex: updateUnconditionally 5 -> 0
2022-11-08 19:12:09,975 [s2-server-thread1] DEBUG server.RaftServer$Division (RaftServerImpl.java:logAppendEntries(1421)) - s2@group-EA982605F2E5: receive appendEntries(s1, 2, null, 4, true, commits:[s1:c4, s0:c4, s2:c0], cId:1805, entries: [(t:2, i:0), CONFIGURATIONENTRY(current:id: "s0"
address: "localhost:34297"
dataStreamAddress: "localhost:43983"
clientAddress: "localhost:39609"
adminAddress: "localhost:37077"
startupRole: FOLLOWER
,id: "s1"
address: "localhost:38917"
dataStreamAddress: "localhost:45719"
clientAddress: "localhost:36975"
adminAddress: "localhost:40635"
startupRole: FOLLOWER
,id: "s2"
address: "localhost:35511"
dataStreamAddress: "localhost:38827"
clientAddress: "localhost:42865"
adminAddress: "localhost:36791"
startupRole: FOLLOWER
, old:), (t:2, i:1), STATEMACHINELOGENTRY, 0@client-2EFB324ADA71, (t:2, i:2), METADATAENTRY(c:1), (t:2, i:3), STATEMACHINELOGENTRY, 999@client-AE8279CAF820, (t:2, i:4), METADATAENTRY(c:3)]
2022-11-08 19:12:09,975 [s2-server-thread1] INFO  server.RaftServer$Division (RaftServerImpl.java:checkInconsistentAppendEntries(1592)) - s2@group-EA982605F2E5: Failed appendEntries as the first entry (index 0) already exists (snapshotIndex: -1, commitIndex: 0)
2022-11-08 19:12:09,975 [s2-server-thread1] INFO  server.RaftServer$Division (RaftServerImpl.java:checkInconsistentAppendEntries(1572)) - s2@group-EA982605F2E5: inconsistency entries. Reply:s1<-s2#1805:FAIL-t2,INCONSISTENCY,nextIndex=1,followerCommit=0,matchIndex=-1
2022-11-08 19:12:09,976 [grpc-default-executor-0] INFO  leader.FollowerInfo (FollowerInfoImpl.java:lambda$new$0(48)) - s1@group-EA982605F2E5->s2: nextIndex: updateUnconditionally 5 -> 1
2022-11-08 19:12:09,976 [s2-server-thread1] DEBUG server.RaftServer$Division (RaftServerImpl.java:logAppendEntries(1421)) - s2@group-EA982605F2E5: receive appendEntries(s1, 2, (t:2, i:0), 4, true, commits:[s1:c4, s0:c4, s2:c0], cId:1806, entries: [(t:2, i:1), STATEMACHINELOGENTRY, 0@client-2EFB324ADA71, (t:2, i:2), METADATAENTRY(c:1), (t:2, i:3), STATEMACHINELOGENTRY, 999@client-AE8279CAF820, (t:2, i:4), METADATAENTRY(c:3)]
2022-11-08 19:12:09,976 [s2-server-thread1] INFO  server.RaftServer$Division (RaftServerImpl.java:checkInconsistentAppendEntries(1602)) - s2@group-EA982605F2E5: Failed appendEntries as previous log entry ((t:2, i:0)) is not found
2022-11-08 19:12:09,976 [s2-server-thread1] INFO  server.RaftServer$Division (RaftServerImpl.java:checkInconsistentAppendEntries(1572)) - s2@group-EA982605F2E5: inconsistency entries. Reply:s1<-s2#1806:FAIL-t2,INCONSISTENCY,nextIndex=0,followerCommit=0,matchIndex=-1
2022-11-08 19:12:09,977 [grpc-default-executor-0] INFO  leader.FollowerInfo (FollowerInfoImpl.java:lambda$new$0(48)) - s1@group-EA982605F2E5->s2: nextIndex: updateUnconditionally 5 -> 0
2022-11-08 19:12:09,977 [s2-server-thread1] DEBUG server.RaftServer$Division (RaftServerImpl.java:logAppendEntries(1421)) - s2@group-EA982605F2E5: receive appendEntries(s1, 2, null, 4, true, commits:[s1:c4, s0:c4, s2:c0], cId:1807, entries: [(t:2, i:0), CONFIGURATIONENTRY(current:id: "s0"
address: "localhost:34297"
dataStreamAddress: "localhost:43983"
clientAddress: "localhost:39609"
adminAddress: "localhost:37077"
startupRole: FOLLOWER
,id: "s1"
address: "localhost:38917"
dataStreamAddress: "localhost:45719"
clientAddress: "localhost:36975"
adminAddress: "localhost:40635"
startupRole: FOLLOWER
,id: "s2"
address: "localhost:35511"
dataStreamAddress: "localhost:38827"
clientAddress: "localhost:42865"
adminAddress: "localhost:36791"
startupRole: FOLLOWER
, old:), (t:2, i:1), STATEMACHINELOGENTRY, 0@client-2EFB324ADA71, (t:2, i:2), METADATAENTRY(c:1), (t:2, i:3), STATEMACHINELOGENTRY, 999@client-AE8279CAF820, (t:2, i:4), METADATAENTRY(c:3)]
2022-11-08 19:12:09,977 [s2-server-thread1] INFO  server.RaftServer$Division (RaftServerImpl.java:checkInconsistentAppendEntries(1592)) - s2@group-EA982605F2E5: Failed appendEntries as the first entry (index 0) already exists (snapshotIndex: -1, commitIndex: 0)
2022-11-08 19:12:09,977 [s2-server-thread1] INFO  server.RaftServer$Division (RaftServerImpl.java:checkInconsistentAppendEntries(1572)) - s2@group-EA982605F2E5: inconsistency entries. Reply:s1<-s2#1807:FAIL-t2,INCONSISTENCY,nextIndex=1,followerCommit=0,matchIndex=-1
2022-11-08 19:12:09,978 [grpc-default-executor-0] INFO  leader.FollowerInfo (FollowerInfoImpl.java:lambda$new$0(48)) - s1@group-EA982605F2E5->s2: nextIndex: updateUnconditionally 5 -> 1
2022-11-08 19:12:09,978 [s2-server-thread1] DEBUG server.RaftServer$Division (RaftServerImpl.java:logAppendEntries(1421)) - s2@group-EA982605F2E5: receive appendEntries(s1, 2, (t:2, i:0), 4, true, commits:[s1:c4, s0:c4, s2:c0], cId:1808, entries: [(t:2, i:1), STATEMACHINELOGENTRY, 0@client-2EFB324ADA71, (t:2, i:2), METADATAENTRY(c:1), (t:2, i:3), STATEMACHINELOGENTRY, 999@client-AE8279CAF820, (t:2, i:4), METADATAENTRY(c:3)]
2022-11-08 19:12:09,978 [s2-server-thread1] INFO  server.RaftServer$Division (RaftServerImpl.java:checkInconsistentAppendEntries(1602)) - s2@group-EA982605F2E5: Failed appendEntries as previous log entry ((t:2, i:0)) is not found
2022-11-08 19:12:09,978 [s2-server-thread1] INFO  server.RaftServer$Division (RaftServerImpl.java:checkInconsistentAppendEntries(1572)) - s2@group-EA982605F2E5: inconsistency entries. Reply:s1<-s2#1808:FAIL-t2,INCONSISTENCY,nextIndex=0,followerCommit=0,matchIndex=-1
2022-11-08 19:12:09,979 [grpc-default-executor-0] INFO  leader.FollowerInfo (FollowerInfoImpl.java:lambda$new$0(48)) - s1@group-EA982605F2E5->s2: nextIndex: updateUnconditionally 5 -> 0
2022-11-08 19:12:09,979 [s2-server-thread1] DEBUG server.RaftServer$Division (RaftServerImpl.java:logAppendEntries(1421)) - s2@group-EA982605F2E5: receive appendEntries(s1, 2, null, 4, true, commits:[s1:c4, s0:c4, s2:c0], cId:1809, entries: [(t:2, i:0), CONFIGURATIONENTRY(current:id: "s0"
address: "localhost:34297"
dataStreamAddress: "localhost:43983"
clientAddress: "localhost:39609"
adminAddress: "localhost:37077"
startupRole: FOLLOWER
,id: "s1"
address: "localhost:38917"
dataStreamAddress: "localhost:45719"
clientAddress: "localhost:36975"
adminAddress: "localhost:40635"
startupRole: FOLLOWER
,id: "s2"
address: "localhost:35511"
dataStreamAddress: "localhost:38827"
clientAddress: "localhost:42865"
adminAddress: "localhost:36791"
startupRole: FOLLOWER
, old:), (t:2, i:1), STATEMACHINELOGENTRY, 0@client-2EFB324ADA71, (t:2, i:2), METADATAENTRY(c:1), (t:2, i:3), STATEMACHINELOGENTRY, 999@client-AE8279CAF820, (t:2, i:4), METADATAENTRY(c:3)]
2022-11-08 19:12:09,979 [s2-server-thread1] INFO  server.RaftServer$Division (RaftServerImpl.java:checkInconsistentAppendEntries(1592)) - s2@group-EA982605F2E5: Failed appendEntries as the first entry (index 0) already exists (snapshotIndex: -1, commitIndex: 0)
2022-11-08 19:12:09,979 [s2-server-thread1] INFO  server.RaftServer$Division (RaftServerImpl.java:checkInconsistentAppendEntries(1572)) - s2@group-EA982605F2E5: inconsistency entries. Reply:s1<-s2#1809:FAIL-t2,INCONSISTENCY,nextIndex=1,followerCommit=0,matchIndex=-1
2022-11-08 19:12:09,980 [grpc-default-executor-0] INFO  leader.FollowerInfo (FollowerInfoImpl.java:lambda$new$0(48)) - s1@group-EA982605F2E5->s2: nextIndex: updateUnconditionally 5 -> 1
2022-11-08 19:12:09,980 [s2-server-thread1] DEBUG server.RaftServer$Division (RaftServerImpl.java:logAppendEntries(1421)) - s2@group-EA982605F2E5: receive appendEntries(s1, 2, (t:2, i:0), 4, true, commits:[s1:c4, s0:c4, s2:c0], cId:1810, entries: [(t:2, i:1), STATEMACHINELOGENTRY, 0@client-2EFB324ADA71, (t:2, i:2), METADATAENTRY(c:1), (t:2, i:3), STATEMACHINELOGENTRY, 999@client-AE8279CAF820, (t:2, i:4), METADATAENTRY(c:3)]
2022-11-08 19:12:09,980 [s2-server-thread1] INFO  server.RaftServer$Division (RaftServerImpl.java:checkInconsistentAppendEntries(1602)) - s2@group-EA982605F2E5: Failed appendEntries as previous log entry ((t:2, i:0)) is not found
2022-11-08 19:12:09,980 [s2-server-thread1] INFO  server.RaftServer$Division (RaftServerImpl.java:checkInconsistentAppendEntries(1572)) - s2@group-EA982605F2E5: inconsistency entries. Reply:s1<-s2#1810:FAIL-t2,INCONSISTENCY,nextIndex=0,followerCommit=0,matchIndex=-1
2022-11-08 19:12:09,981 [grpc-default-executor-0] INFO  leader.FollowerInfo (FollowerInfoImpl.java:lambda$new$0(48)) - s1@group-EA982605F2E5->s2: nextIndex: updateUnconditionally 5 -> 0
2022-11-08 19:12:09,981 [s2-server-thread1] DEBUG server.RaftServer$Division (RaftServerImpl.java:logAppendEntries(1421)) - s2@group-EA982605F2E5: receive appendEntries(s1, 2, null, 4, true, commits:[s1:c4, s0:c4, s2:c0], cId:1811, entries: [(t:2, i:0), CONFIGURATIONENTRY(current:id: "s0"
address: "localhost:34297"
dataStreamAddress: "localhost:43983"
clientAddress: "localhost:39609"
adminAddress: "localhost:37077"
startupRole: FOLLOWER
,id: "s1"
address: "localhost:38917"
dataStreamAddress: "localhost:45719"
clientAddress: "localhost:36975"
adminAddress: "localhost:40635"
startupRole: FOLLOWER
,id: "s2"
address: "localhost:35511"
dataStreamAddress: "localhost:38827"
clientAddress: "localhost:42865"
adminAddress: "localhost:36791"
startupRole: FOLLOWER
, old:), (t:2, i:1), STATEMACHINELOGENTRY, 0@client-2EFB324ADA71, (t:2, i:2), METADATAENTRY(c:1), (t:2, i:3), STATEMACHINELOGENTRY, 999@client-AE8279CAF820, (t:2, i:4), METADATAENTRY(c:3)]
2022-11-08 19:12:09,981 [s2-server-thread1] INFO  server.RaftServer$Division (RaftServerImpl.java:checkInconsistentAppendEntries(1592)) - s2@group-EA982605F2E5: Failed appendEntries as the first entry (index 0) already exists (snapshotIndex: -1, commitIndex: 0)
2022-11-08 19:12:09,981 [s2-server-thread1] INFO  server.RaftServer$Division (RaftServerImpl.java:checkInconsistentAppendEntries(1572)) - s2@group-EA982605F2E5: inconsistency entries. Reply:s1<-s2#1811:FAIL-t2,INCONSISTENCY,nextIndex=1,followerCommit=0,matchIndex=-1
2022-11-08 19:12:09,982 [grpc-default-executor-0] INFO  leader.FollowerInfo (FollowerInfoImpl.java:lambda$new$0(48)) - s1@group-EA982605F2E5->s2: nextIndex: updateUnconditionally 5 -> 1
2022-11-08 19:12:09,982 [s2-server-thread1] DEBUG server.RaftServer$Division (RaftServerImpl.java:logAppendEntries(1421)) - s2@group-EA982605F2E5: receive appendEntries(s1, 2, (t:2, i:0), 4, true, commits:[s1:c4, s0:c4, s2:c0], cId:1812, entries: [(t:2, i:1), STATEMACHINELOGENTRY, 0@client-2EFB324ADA71, (t:2, i:2), METADATAENTRY(c:1), (t:2, i:3), STATEMACHINELOGENTRY, 999@client-AE8279CAF820, (t:2, i:4), METADATAENTRY(c:3)]
2022-11-08 19:12:09,982 [s2-server-thread1] INFO  server.RaftServer$Division (RaftServerImpl.java:checkInconsistentAppendEntries(1602)) - s2@group-EA982605F2E5: Failed appendEntries as previous log entry ((t:2, i:0)) is not found
2022-11-08 19:12:09,982 [s2-server-thread1] INFO  server.RaftServer$Division (RaftServerImpl.java:checkInconsistentAppendEntries(1572)) - s2@group-EA982605F2E5: inconsistency entries. Reply:s1<-s2#1812:FAIL-t2,INCONSISTENCY,nextIndex=0,followerCommit=0,matchIndex=-1
2022-11-08 19:12:09,983 [grpc-default-executor-0] INFO  leader.FollowerInfo (FollowerInfoImpl.java:lambda$new$0(48)) - s1@group-EA982605F2E5->s2: nextIndex: updateUnconditionally 5 -> 0
2022-11-08 19:12:09,983 [s2-server-thread1] DEBUG server.RaftServer$Division (RaftServerImpl.java:logAppendEntries(1421)) - s2@group-EA982605F2E5: receive appendEntries(s1, 2, null, 4, true, commits:[s1:c4, s0:c4, s2:c0], cId:1813, entries: [(t:2, i:0), CONFIGURATIONENTRY(current:id: "s0"
address: "localhost:34297"
dataStreamAddress: "localhost:43983"
clientAddress: "localhost:39609"
adminAddress: "localhost:37077"
startupRole: FOLLOWER
,id: "s1"
address: "localhost:38917"
dataStreamAddress: "localhost:45719"
clientAddress: "localhost:36975"
adminAddress: "localhost:40635"
startupRole: FOLLOWER
,id: "s2"
address: "localhost:35511"
dataStreamAddress: "localhost:38827"
clientAddress: "localhost:42865"
adminAddress: "localhost:36791"
startupRole: FOLLOWER
, old:), (t:2, i:1), STATEMACHINELOGENTRY, 0@client-2EFB324ADA71, (t:2, i:2), METADATAENTRY(c:1), (t:2, i:3), STATEMACHINELOGENTRY, 999@client-AE8279CAF820, (t:2, i:4), METADATAENTRY(c:3)]
2022-11-08 19:12:09,983 [s2-server-thread1] INFO  server.RaftServer$Division (RaftServerImpl.java:checkInconsistentAppendEntries(1592)) - s2@group-EA982605F2E5: Failed appendEntries as the first entry (index 0) already exists (snapshotIndex: -1, commitIndex: 0)
2022-11-08 19:12:09,983 [s2-server-thread1] INFO  server.RaftServer$Division (RaftServerImpl.java:checkInconsistentAppendEntries(1572)) - s2@group-EA982605F2E5: inconsistency entries. Reply:s1<-s2#1813:FAIL-t2,INCONSISTENCY,nextIndex=1,followerCommit=0,matchIndex=-1
2022-11-08 19:12:09,984 [grpc-default-executor-0] INFO  leader.FollowerInfo (FollowerInfoImpl.java:lambda$new$0(48)) - s1@group-EA982605F2E5->s2: nextIndex: updateUnconditionally 5 -> 1
2022-11-08 19:12:09,984 [s2-server-thread1] DEBUG server.RaftServer$Division (RaftServerImpl.java:logAppendEntries(1421)) - s2@group-EA982605F2E5: receive appendEntries(s1, 2, (t:2, i:0), 4, true, commits:[s1:c4, s0:c4, s2:c0], cId:1814, entries: [(t:2, i:1), STATEMACHINELOGENTRY, 0@client-2EFB324ADA71, (t:2, i:2), METADATAENTRY(c:1), (t:2, i:3), STATEMACHINELOGENTRY, 999@client-AE8279CAF820, (t:2, i:4), METADATAENTRY(c:3)]
2022-11-08 19:12:09,984 [s2-server-thread1] INFO  server.RaftServer$Division (RaftServerImpl.java:checkInconsistentAppendEntries(1602)) - s2@group-EA982605F2E5: Failed appendEntries as previous log entry ((t:2, i:0)) is not found
2022-11-08 19:12:09,984 [s2-server-thread1] INFO  server.RaftServer$Division (RaftServerImpl.java:checkInconsistentAppendEntries(1572)) - s2@group-EA982605F2E5: inconsistency entries. Reply:s1<-s2#1814:FAIL-t2,INCONSISTENCY,nextIndex=0,followerCommit=0,matchIndex=-1
2022-11-08 19:12:09,985 [grpc-default-executor-0] INFO  leader.FollowerInfo (FollowerInfoImpl.java:lambda$new$0(48)) - s1@group-EA982605F2E5->s2: nextIndex: updateUnconditionally 5 -> 0
2022-11-08 19:12:09,985 [s2-server-thread1] DEBUG server.RaftServer$Division (RaftServerImpl.java:logAppendEntries(1421)) - s2@group-EA982605F2E5: receive appendEntries(s1, 2, null, 4, true, commits:[s1:c4, s0:c4, s2:c0], cId:1815, entries: [(t:2, i:0), CONFIGURATIONENTRY(current:id: "s0"
address: "localhost:34297"
dataStreamAddress: "localhost:43983"
clientAddress: "localhost:39609"
adminAddress: "localhost:37077"
startupRole: FOLLOWER
,id: "s1"
address: "localhost:38917"
dataStreamAddress: "localhost:45719"
clientAddress: "localhost:36975"
adminAddress: "localhost:40635"
startupRole: FOLLOWER
,id: "s2"
address: "localhost:35511"
dataStreamAddress: "localhost:38827"
clientAddress: "localhost:42865"
adminAddress: "localhost:36791"
startupRole: FOLLOWER
, old:), (t:2, i:1), STATEMACHINELOGENTRY, 0@client-2EFB324ADA71, (t:2, i:2), METADATAENTRY(c:1), (t:2, i:3), STATEMACHINELOGENTRY, 999@client-AE8279CAF820, (t:2, i:4), METADATAENTRY(c:3)]
2022-11-08 19:12:09,985 [s2-server-thread1] INFO  server.RaftServer$Division (RaftServerImpl.java:checkInconsistentAppendEntries(1592)) - s2@group-EA982605F2E5: Failed appendEntries as the first entry (index 0) already exists (snapshotIndex: -1, commitIndex: 0)
2022-11-08 19:12:09,985 [s2-server-thread1] INFO  server.RaftServer$Division (RaftServerImpl.java:checkInconsistentAppendEntries(1572)) - s2@group-EA982605F2E5: inconsistency entries. Reply:s1<-s2#1815:FAIL-t2,INCONSISTENCY,nextIndex=1,followerCommit=0,matchIndex=-1
2022-11-08 19:12:09,986 [grpc-default-executor-0] INFO  leader.FollowerInfo (FollowerInfoImpl.java:lambda$new$0(48)) - s1@group-EA982605F2E5->s2: nextIndex: updateUnconditionally 5 -> 1
2022-11-08 19:12:09,986 [s2-server-thread1] DEBUG server.RaftServer$Division (RaftServerImpl.java:logAppendEntries(1421)) - s2@group-EA982605F2E5: receive appendEntries(s1, 2, (t:2, i:0), 4, true, commits:[s1:c4, s0:c4, s2:c0], cId:1816, entries: [(t:2, i:1), STATEMACHINELOGENTRY, 0@client-2EFB324ADA71, (t:2, i:2), METADATAENTRY(c:1), (t:2, i:3), STATEMACHINELOGENTRY, 999@client-AE8279CAF820, (t:2, i:4), METADATAENTRY(c:3)]
2022-11-08 19:12:09,986 [s2-server-thread1] INFO  server.RaftServer$Division (RaftServerImpl.java:checkInconsistentAppendEntries(1602)) - s2@group-EA982605F2E5: Failed appendEntries as previous log entry ((t:2, i:0)) is not found
2022-11-08 19:12:09,986 [s2-server-thread1] INFO  server.RaftServer$Division (RaftServerImpl.java:checkInconsistentAppendEntries(1572)) - s2@group-EA982605F2E5: inconsistency entries. Reply:s1<-s2#1816:FAIL-t2,INCONSISTENCY,nextIndex=0,followerCommit=0,matchIndex=-1
2022-11-08 19:12:09,987 [grpc-default-executor-0] INFO  leader.FollowerInfo (FollowerInfoImpl.java:lambda$new$0(48)) - s1@group-EA982605F2E5->s2: nextIndex: updateUnconditionally 5 -> 0
2022-11-08 19:12:09,987 [s2-server-thread1] DEBUG server.RaftServer$Division (RaftServerImpl.java:logAppendEntries(1421)) - s2@group-EA982605F2E5: receive appendEntries(s1, 2, null, 4, true, commits:[s1:c4, s0:c4, s2:c0], cId:1817, entries: [(t:2, i:0), CONFIGURATIONENTRY(current:id: "s0"
address: "localhost:34297"
dataStreamAddress: "localhost:43983"
clientAddress: "localhost:39609"
adminAddress: "localhost:37077"
startupRole: FOLLOWER
,id: "s1"
address: "localhost:38917"
dataStreamAddress: "localhost:45719"
clientAddress: "localhost:36975"
adminAddress: "localhost:40635"
startupRole: FOLLOWER
,id: "s2"
address: "localhost:35511"
dataStreamAddress: "localhost:38827"
clientAddress: "localhost:42865"
adminAddress: "localhost:36791"
startupRole: FOLLOWER
, old:), (t:2, i:1), STATEMACHINELOGENTRY, 0@client-2EFB324ADA71, (t:2, i:2), METADATAENTRY(c:1), (t:2, i:3), STATEMACHINELOGENTRY, 999@client-AE8279CAF820, (t:2, i:4), METADATAENTRY(c:3)]
2022-11-08 19:12:09,987 [s2-server-thread1] INFO  server.RaftServer$Division (RaftServerImpl.java:checkInconsistentAppendEntries(1592)) - s2@group-EA982605F2E5: Failed appendEntries as the first entry (index 0) already exists (snapshotIndex: -1, commitIndex: 0)
2022-11-08 19:12:09,987 [s2-server-thread1] INFO  server.RaftServer$Division (RaftServerImpl.java:checkInconsistentAppendEntries(1572)) - s2@group-EA982605F2E5: inconsistency entries. Reply:s1<-s2#1817:FAIL-t2,INCONSISTENCY,nextIndex=1,followerCommit=0,matchIndex=-1
2022-11-08 19:12:09,988 [grpc-default-executor-0] INFO  leader.FollowerInfo (FollowerInfoImpl.java:lambda$new$0(48)) - s1@group-EA982605F2E5->s2: nextIndex: updateUnconditionally 5 -> 1
2022-11-08 19:12:09,988 [s2-server-thread1] DEBUG server.RaftServer$Division (RaftServerImpl.java:logAppendEntries(1421)) - s2@group-EA982605F2E5: receive appendEntries(s1, 2, (t:2, i:0), 4, true, commits:[s1:c4, s0:c4, s2:c0], cId:1818, entries: [(t:2, i:1), STATEMACHINELOGENTRY, 0@client-2EFB324ADA71, (t:2, i:2), METADATAENTRY(c:1), (t:2, i:3), STATEMACHINELOGENTRY, 999@client-AE8279CAF820, (t:2, i:4), METADATAENTRY(c:3)]
2022-11-08 19:12:09,988 [s2-server-thread1] INFO  server.RaftServer$Division (RaftServerImpl.java:checkInconsistentAppendEntries(1602)) - s2@group-EA982605F2E5: Failed appendEntries as previous log entry ((t:2, i:0)) is not found
2022-11-08 19:12:09,988 [s2-server-thread1] INFO  server.RaftServer$Division (RaftServerImpl.java:checkInconsistentAppendEntries(1572)) - s2@group-EA982605F2E5: inconsistency entries. Reply:s1<-s2#1818:FAIL-t2,INCONSISTENCY,nextIndex=0,followerCommit=0,matchIndex=-1
2022-11-08 19:12:09,988 [grpc-default-executor-0] INFO  leader.FollowerInfo (FollowerInfoImpl.java:lambda$new$0(48)) - s1@group-EA982605F2E5->s2: nextIndex: updateUnconditionally 5 -> 0
2022-11-08 19:12:09,989 [s2-server-thread1] DEBUG server.RaftServer$Division (RaftServerImpl.java:logAppendEntries(1421)) - s2@group-EA982605F2E5: receive appendEntries(s1, 2, null, 4, true, commits:[s1:c4, s0:c4, s2:c0], cId:1819, entries: [(t:2, i:0), CONFIGURATIONENTRY(current:id: "s0"
address: "localhost:34297"
dataStreamAddress: "localhost:43983"
clientAddress: "localhost:39609"
adminAddress: "localhost:37077"
startupRole: FOLLOWER
,id: "s1"
address: "localhost:38917"
dataStreamAddress: "localhost:45719"
clientAddress: "localhost:36975"
adminAddress: "localhost:40635"
startupRole: FOLLOWER
,id: "s2"
address: "localhost:35511"
dataStreamAddress: "localhost:38827"
clientAddress: "localhost:42865"
adminAddress: "localhost:36791"
startupRole: FOLLOWER
, old:), (t:2, i:1), STATEMACHINELOGENTRY, 0@client-2EFB324ADA71, (t:2, i:2), METADATAENTRY(c:1), (t:2, i:3), STATEMACHINELOGENTRY, 999@client-AE8279CAF820, (t:2, i:4), METADATAENTRY(c:3)]
2022-11-08 19:12:09,989 [s2-server-thread1] INFO  server.RaftServer$Division (RaftServerImpl.java:checkInconsistentAppendEntries(1592)) - s2@group-EA982605F2E5: Failed appendEntries as the first entry (index 0) already exists (snapshotIndex: -1, commitIndex: 0)
2022-11-08 19:12:09,989 [s2-server-thread1] INFO  server.RaftServer$Division (RaftServerImpl.java:checkInconsistentAppendEntries(1572)) - s2@group-EA982605F2E5: inconsistency entries. Reply:s1<-s2#1819:FAIL-t2,INCONSISTENCY,nextIndex=1,followerCommit=0,matchIndex=-1
2022-11-08 19:12:09,989 [grpc-default-executor-0] INFO  leader.FollowerInfo (FollowerInfoImpl.java:lambda$new$0(48)) - s1@group-EA982605F2E5->s2: nextIndex: updateUnconditionally 5 -> 1
2022-11-08 19:12:09,990 [s2-server-thread1] DEBUG server.RaftServer$Division (RaftServerImpl.java:logAppendEntries(1421)) - s2@group-EA982605F2E5: receive appendEntries(s1, 2, (t:2, i:0), 4, true, commits:[s1:c4, s0:c4, s2:c0], cId:1820, entries: [(t:2, i:1), STATEMACHINELOGENTRY, 0@client-2EFB324ADA71, (t:2, i:2), METADATAENTRY(c:1), (t:2, i:3), STATEMACHINELOGENTRY, 999@client-AE8279CAF820, (t:2, i:4), METADATAENTRY(c:3)]
2022-11-08 19:12:09,990 [s2-server-thread1] INFO  server.RaftServer$Division (RaftServerImpl.java:checkInconsistentAppendEntries(1602)) - s2@group-EA982605F2E5: Failed appendEntries as previous log entry ((t:2, i:0)) is not found
2022-11-08 19:12:09,990 [s2-server-thread1] INFO  server.RaftServer$Division (RaftServerImpl.java:checkInconsistentAppendEntries(1572)) - s2@group-EA982605F2E5: inconsistency entries. Reply:s1<-s2#1820:FAIL-t2,INCONSISTENCY,nextIndex=0,followerCommit=0,matchIndex=-1
2022-11-08 19:12:09,990 [grpc-default-executor-0] INFO  leader.FollowerInfo (FollowerInfoImpl.java:lambda$new$0(48)) - s1@group-EA982605F2E5->s2: nextIndex: updateUnconditionally 5 -> 0
2022-11-08 19:12:09,991 [s2-server-thread1] DEBUG server.RaftServer$Division (RaftServerImpl.java:logAppendEntries(1421)) - s2@group-EA982605F2E5: receive appendEntries(s1, 2, null, 4, true, commits:[s1:c4, s0:c4, s2:c0], cId:1821, entries: [(t:2, i:0), CONFIGURATIONENTRY(current:id: "s0"
address: "localhost:34297"
dataStreamAddress: "localhost:43983"
clientAddress: "localhost:39609"
adminAddress: "localhost:37077"
startupRole: FOLLOWER
,id: "s1"
address: "localhost:38917"
dataStreamAddress: "localhost:45719"
clientAddress: "localhost:36975"
adminAddress: "localhost:40635"
startupRole: FOLLOWER
,id: "s2"
address: "localhost:35511"
dataStreamAddress: "localhost:38827"
clientAddress: "localhost:42865"
adminAddress: "localhost:36791"
startupRole: FOLLOWER
, old:), (t:2, i:1), STATEMACHINELOGENTRY, 0@client-2EFB324ADA71, (t:2, i:2), METADATAENTRY(c:1), (t:2, i:3), STATEMACHINELOGENTRY, 999@client-AE8279CAF820, (t:2, i:4), METADATAENTRY(c:3)]
2022-11-08 19:12:09,991 [s2-server-thread1] INFO  server.RaftServer$Division (RaftServerImpl.java:checkInconsistentAppendEntries(1592)) - s2@group-EA982605F2E5: Failed appendEntries as the first entry (index 0) already exists (snapshotIndex: -1, commitIndex: 0)
2022-11-08 19:12:09,991 [s2-server-thread1] INFO  server.RaftServer$Division (RaftServerImpl.java:checkInconsistentAppendEntries(1572)) - s2@group-EA982605F2E5: inconsistency entries. Reply:s1<-s2#1821:FAIL-t2,INCONSISTENCY,nextIndex=1,followerCommit=0,matchIndex=-1
2022-11-08 19:12:09,992 [grpc-default-executor-0] INFO  leader.FollowerInfo (FollowerInfoImpl.java:lambda$new$0(48)) - s1@group-EA982605F2E5->s2: nextIndex: updateUnconditionally 5 -> 1
2022-11-08 19:12:09,992 [s2-server-thread1] DEBUG server.RaftServer$Division (RaftServerImpl.java:logAppendEntries(1421)) - s2@group-EA982605F2E5: receive appendEntries(s1, 2, (t:2, i:0), 4, true, commits:[s1:c4, s0:c4, s2:c0], cId:1822, entries: [(t:2, i:1), STATEMACHINELOGENTRY, 0@client-2EFB324ADA71, (t:2, i:2), METADATAENTRY(c:1), (t:2, i:3), STATEMACHINELOGENTRY, 999@client-AE8279CAF820, (t:2, i:4), METADATAENTRY(c:3)]
2022-11-08 19:12:09,993 [s2-server-thread1] INFO  server.RaftServer$Division (RaftServerImpl.java:checkInconsistentAppendEntries(1602)) - s2@group-EA982605F2E5: Failed appendEntries as previous log entry ((t:2, i:0)) is not found
2022-11-08 19:12:09,993 [s2-server-thread1] INFO  server.RaftServer$Division (RaftServerImpl.java:checkInconsistentAppendEntries(1572)) - s2@group-EA982605F2E5: inconsistency entries. Reply:s1<-s2#1822:FAIL-t2,INCONSISTENCY,nextIndex=0,followerCommit=0,matchIndex=-1
2022-11-08 19:12:09,993 [grpc-default-executor-0] INFO  leader.FollowerInfo (FollowerInfoImpl.java:lambda$new$0(48)) - s1@group-EA982605F2E5->s2: nextIndex: updateUnconditionally 5 -> 0
2022-11-08 19:12:09,993 [s2-server-thread1] DEBUG server.RaftServer$Division (RaftServerImpl.java:logAppendEntries(1421)) - s2@group-EA982605F2E5: receive appendEntries(s1, 2, null, 4, true, commits:[s1:c4, s0:c4, s2:c0], cId:1823, entries: [(t:2, i:0), CONFIGURATIONENTRY(current:id: "s0"
address: "localhost:34297"
dataStreamAddress: "localhost:43983"
clientAddress: "localhost:39609"
adminAddress: "localhost:37077"
startupRole: FOLLOWER
,id: "s1"
address: "localhost:38917"
dataStreamAddress: "localhost:45719"
clientAddress: "localhost:36975"
adminAddress: "localhost:40635"
startupRole: FOLLOWER
,id: "s2"
address: "localhost:35511"
dataStreamAddress: "localhost:38827"
clientAddress: "localhost:42865"
adminAddress: "localhost:36791"
startupRole: FOLLOWER
, old:), (t:2, i:1), STATEMACHINELOGENTRY, 0@client-2EFB324ADA71, (t:2, i:2), METADATAENTRY(c:1), (t:2, i:3), STATEMACHINELOGENTRY, 999@client-AE8279CAF820, (t:2, i:4), METADATAENTRY(c:3)]
2022-11-08 19:12:09,994 [s2-server-thread1] INFO  server.RaftServer$Division (RaftServerImpl.java:checkInconsistentAppendEntries(1592)) - s2@group-EA982605F2E5: Failed appendEntries as the first entry (index 0) already exists (snapshotIndex: -1, commitIndex: 0)
2022-11-08 19:12:09,994 [s2-server-thread1] INFO  server.RaftServer$Division (RaftServerImpl.java:checkInconsistentAppendEntries(1572)) - s2@group-EA982605F2E5: inconsistency entries. Reply:s1<-s2#1823:FAIL-t2,INCONSISTENCY,nextIndex=1,followerCommit=0,matchIndex=-1
2022-11-08 19:12:09,994 [grpc-default-executor-0] INFO  leader.FollowerInfo (FollowerInfoImpl.java:lambda$new$0(48)) - s1@group-EA982605F2E5->s2: nextIndex: updateUnconditionally 5 -> 1
2022-11-08 19:12:09,995 [s2-server-thread1] DEBUG server.RaftServer$Division (RaftServerImpl.java:logAppendEntries(1421)) - s2@group-EA982605F2E5: receive appendEntries(s1, 2, (t:2, i:0), 4, true, commits:[s1:c4, s0:c4, s2:c0], cId:1824, entries: [(t:2, i:1), STATEMACHINELOGENTRY, 0@client-2EFB324ADA71, (t:2, i:2), METADATAENTRY(c:1), (t:2, i:3), STATEMACHINELOGENTRY, 999@client-AE8279CAF820, (t:2, i:4), METADATAENTRY(c:3)]
2022-11-08 19:12:09,995 [s2-server-thread1] INFO  server.RaftServer$Division (RaftServerImpl.java:checkInconsistentAppendEntries(1602)) - s2@group-EA982605F2E5: Failed appendEntries as previous log entry ((t:2, i:0)) is not found
2022-11-08 19:12:09,995 [s2-server-thread1] INFO  server.RaftServer$Division (RaftServerImpl.java:checkInconsistentAppendEntries(1572)) - s2@group-EA982605F2E5: inconsistency entries. Reply:s1<-s2#1824:FAIL-t2,INCONSISTENCY,nextIndex=0,followerCommit=0,matchIndex=-1
2022-11-08 19:12:09,995 [grpc-default-executor-0] INFO  leader.FollowerInfo (FollowerInfoImpl.java:lambda$new$0(48)) - s1@group-EA982605F2E5->s2: nextIndex: updateUnconditionally 5 -> 0
2022-11-08 19:12:09,996 [s2-server-thread1] DEBUG server.RaftServer$Division (RaftServerImpl.java:logAppendEntries(1421)) - s2@group-EA982605F2E5: receive appendEntries(s1, 2, null, 4, true, commits:[s1:c4, s0:c4, s2:c0], cId:1825, entries: [(t:2, i:0), CONFIGURATIONENTRY(current:id: "s0"
address: "localhost:34297"
dataStreamAddress: "localhost:43983"
clientAddress: "localhost:39609"
adminAddress: "localhost:37077"
startupRole: FOLLOWER
,id: "s1"
address: "localhost:38917"
dataStreamAddress: "localhost:45719"
clientAddress: "localhost:36975"
adminAddress: "localhost:40635"
startupRole: FOLLOWER
,id: "s2"
address: "localhost:35511"
dataStreamAddress: "localhost:38827"
clientAddress: "localhost:42865"
adminAddress: "localhost:36791"
startupRole: FOLLOWER
, old:), (t:2, i:1), STATEMACHINELOGENTRY, 0@client-2EFB324ADA71, (t:2, i:2), METADATAENTRY(c:1), (t:2, i:3), STATEMACHINELOGENTRY, 999@client-AE8279CAF820, (t:2, i:4), METADATAENTRY(c:3)]
2022-11-08 19:12:09,996 [s2-server-thread1] INFO  server.RaftServer$Division (RaftServerImpl.java:checkInconsistentAppendEntries(1592)) - s2@group-EA982605F2E5: Failed appendEntries as the first entry (index 0) already exists (snapshotIndex: -1, commitIndex: 0)
2022-11-08 19:12:09,996 [s2-server-thread1] INFO  server.RaftServer$Division (RaftServerImpl.java:checkInconsistentAppendEntries(1572)) - s2@group-EA982605F2E5: inconsistency entries. Reply:s1<-s2#1825:FAIL-t2,INCONSISTENCY,nextIndex=1,followerCommit=0,matchIndex=-1
2022-11-08 19:12:09,996 [grpc-default-executor-0] INFO  leader.FollowerInfo (FollowerInfoImpl.java:lambda$new$0(48)) - s1@group-EA982605F2E5->s2: nextIndex: updateUnconditionally 5 -> 1
2022-11-08 19:12:09,997 [s2-server-thread1] DEBUG server.RaftServer$Division (RaftServerImpl.java:logAppendEntries(1421)) - s2@group-EA982605F2E5: receive appendEntries(s1, 2, (t:2, i:0), 4, true, commits:[s1:c4, s0:c4, s2:c0], cId:1826, entries: [(t:2, i:1), STATEMACHINELOGENTRY, 0@client-2EFB324ADA71, (t:2, i:2), METADATAENTRY(c:1), (t:2, i:3), STATEMACHINELOGENTRY, 999@client-AE8279CAF820, (t:2, i:4), METADATAENTRY(c:3)]
2022-11-08 19:12:09,997 [s2-server-thread1] INFO  server.RaftServer$Division (RaftServerImpl.java:checkInconsistentAppendEntries(1602)) - s2@group-EA982605F2E5: Failed appendEntries as previous log entry ((t:2, i:0)) is not found
2022-11-08 19:12:09,997 [s2-server-thread1] INFO  server.RaftServer$Division (RaftServerImpl.java:checkInconsistentAppendEntries(1572)) - s2@group-EA982605F2E5: inconsistency entries. Reply:s1<-s2#1826:FAIL-t2,INCONSISTENCY,nextIndex=0,followerCommit=0,matchIndex=-1
2022-11-08 19:12:09,997 [grpc-default-executor-0] INFO  leader.FollowerInfo (FollowerInfoImpl.java:lambda$new$0(48)) - s1@group-EA982605F2E5->s2: nextIndex: updateUnconditionally 5 -> 0
2022-11-08 19:12:09,998 [s2-server-thread1] DEBUG server.RaftServer$Division (RaftServerImpl.java:logAppendEntries(1421)) - s2@group-EA982605F2E5: receive appendEntries(s1, 2, null, 4, true, commits:[s1:c4, s0:c4, s2:c0], cId:1827, entries: [(t:2, i:0), CONFIGURATIONENTRY(current:id: "s0"
address: "localhost:34297"
dataStreamAddress: "localhost:43983"
clientAddress: "localhost:39609"
adminAddress: "localhost:37077"
startupRole: FOLLOWER
,id: "s1"
address: "localhost:38917"
dataStreamAddress: "localhost:45719"
clientAddress: "localhost:36975"
adminAddress: "localhost:40635"
startupRole: FOLLOWER
,id: "s2"
address: "localhost:35511"
dataStreamAddress: "localhost:38827"
clientAddress: "localhost:42865"
adminAddress: "localhost:36791"
startupRole: FOLLOWER
, old:), (t:2, i:1), STATEMACHINELOGENTRY, 0@client-2EFB324ADA71, (t:2, i:2), METADATAENTRY(c:1), (t:2, i:3), STATEMACHINELOGENTRY, 999@client-AE8279CAF820, (t:2, i:4), METADATAENTRY(c:3)]
2022-11-08 19:12:09,998 [s2-server-thread1] INFO  server.RaftServer$Division (RaftServerImpl.java:checkInconsistentAppendEntries(1592)) - s2@group-EA982605F2E5: Failed appendEntries as the first entry (index 0) already exists (snapshotIndex: -1, commitIndex: 0)
2022-11-08 19:12:09,998 [s2-server-thread1] INFO  server.RaftServer$Division (RaftServerImpl.java:checkInconsistentAppendEntries(1572)) - s2@group-EA982605F2E5: inconsistency entries. Reply:s1<-s2#1827:FAIL-t2,INCONSISTENCY,nextIndex=1,followerCommit=0,matchIndex=-1
2022-11-08 19:12:09,998 [grpc-default-executor-0] INFO  leader.FollowerInfo (FollowerInfoImpl.java:lambda$new$0(48)) - s1@group-EA982605F2E5->s2: nextIndex: updateUnconditionally 5 -> 1
2022-11-08 19:12:09,999 [s2-server-thread1] DEBUG server.RaftServer$Division (RaftServerImpl.java:logAppendEntries(1421)) - s2@group-EA982605F2E5: receive appendEntries(s1, 2, (t:2, i:0), 4, true, commits:[s1:c4, s0:c4, s2:c0], cId:1828, entries: [(t:2, i:1), STATEMACHINELOGENTRY, 0@client-2EFB324ADA71, (t:2, i:2), METADATAENTRY(c:1), (t:2, i:3), STATEMACHINELOGENTRY, 999@client-AE8279CAF820, (t:2, i:4), METADATAENTRY(c:3)]
2022-11-08 19:12:09,999 [s2-server-thread1] INFO  server.RaftServer$Division (RaftServerImpl.java:checkInconsistentAppendEntries(1602)) - s2@group-EA982605F2E5: Failed appendEntries as previous log entry ((t:2, i:0)) is not found
2022-11-08 19:12:09,999 [s2-server-thread1] INFO  server.RaftServer$Division (RaftServerImpl.java:checkInconsistentAppendEntries(1572)) - s2@group-EA982605F2E5: inconsistency entries. Reply:s1<-s2#1828:FAIL-t2,INCONSISTENCY,nextIndex=0,followerCommit=0,matchIndex=-1
2022-11-08 19:12:09,999 [grpc-default-executor-0] INFO  leader.FollowerInfo (FollowerInfoImpl.java:lambda$new$0(48)) - s1@group-EA982605F2E5->s2: nextIndex: updateUnconditionally 5 -> 0
2022-11-08 19:12:10,000 [s2-server-thread1] DEBUG server.RaftServer$Division (RaftServerImpl.java:logAppendEntries(1421)) - s2@group-EA982605F2E5: receive appendEntries(s1, 2, null, 4, true, commits:[s1:c4, s0:c4, s2:c0], cId:1829, entries: [(t:2, i:0), CONFIGURATIONENTRY(current:id: "s0"
address: "localhost:34297"
dataStreamAddress: "localhost:43983"
clientAddress: "localhost:39609"
adminAddress: "localhost:37077"
startupRole: FOLLOWER
,id: "s1"
address: "localhost:38917"
dataStreamAddress: "localhost:45719"
clientAddress: "localhost:36975"
adminAddress: "localhost:40635"
startupRole: FOLLOWER
,id: "s2"
address: "localhost:35511"
dataStreamAddress: "localhost:38827"
clientAddress: "localhost:42865"
adminAddress: "localhost:36791"
startupRole: FOLLOWER
, old:), (t:2, i:1), STATEMACHINELOGENTRY, 0@client-2EFB324ADA71, (t:2, i:2), METADATAENTRY(c:1), (t:2, i:3), STATEMACHINELOGENTRY, 999@client-AE8279CAF820, (t:2, i:4), METADATAENTRY(c:3)]
2022-11-08 19:12:10,000 [s2-server-thread1] INFO  server.RaftServer$Division (RaftServerImpl.java:checkInconsistentAppendEntries(1592)) - s2@group-EA982605F2E5: Failed appendEntries as the first entry (index 0) already exists (snapshotIndex: -1, commitIndex: 0)
2022-11-08 19:12:10,000 [s2-server-thread1] INFO  server.RaftServer$Division (RaftServerImpl.java:checkInconsistentAppendEntries(1572)) - s2@group-EA982605F2E5: inconsistency entries. Reply:s1<-s2#1829:FAIL-t2,INCONSISTENCY,nextIndex=1,followerCommit=0,matchIndex=-1
2022-11-08 19:12:10,001 [grpc-default-executor-0] INFO  leader.FollowerInfo (FollowerInfoImpl.java:lambda$new$0(48)) - s1@group-EA982605F2E5->s2: nextIndex: updateUnconditionally 5 -> 1
2022-11-08 19:12:10,001 [s2-server-thread1] DEBUG server.RaftServer$Division (RaftServerImpl.java:logAppendEntries(1421)) - s2@group-EA982605F2E5: receive appendEntries(s1, 2, (t:2, i:0), 4, true, commits:[s1:c4, s0:c4, s2:c0], cId:1830, entries: [(t:2, i:1), STATEMACHINELOGENTRY, 0@client-2EFB324ADA71, (t:2, i:2), METADATAENTRY(c:1), (t:2, i:3), STATEMACHINELOGENTRY, 999@client-AE8279CAF820, (t:2, i:4), METADATAENTRY(c:3)]
2022-11-08 19:12:10,001 [s2-server-thread1] INFO  server.RaftServer$Division (RaftServerImpl.java:checkInconsistentAppendEntries(1602)) - s2@group-EA982605F2E5: Failed appendEntries as previous log entry ((t:2, i:0)) is not found
2022-11-08 19:12:10,001 [s2-server-thread1] INFO  server.RaftServer$Division (RaftServerImpl.java:checkInconsistentAppendEntries(1572)) - s2@group-EA982605F2E5: inconsistency entries. Reply:s1<-s2#1830:FAIL-t2,INCONSISTENCY,nextIndex=0,followerCommit=0,matchIndex=-1
2022-11-08 19:12:10,002 [grpc-default-executor-0] INFO  leader.FollowerInfo (FollowerInfoImpl.java:lambda$new$0(48)) - s1@group-EA982605F2E5->s2: nextIndex: updateUnconditionally 5 -> 0
2022-11-08 19:12:10,002 [s2-server-thread1] DEBUG server.RaftServer$Division (RaftServerImpl.java:logAppendEntries(1421)) - s2@group-EA982605F2E5: receive appendEntries(s1, 2, null, 4, true, commits:[s1:c4, s0:c4, s2:c0], cId:1831, entries: [(t:2, i:0), CONFIGURATIONENTRY(current:id: "s0"
address: "localhost:34297"
dataStreamAddress: "localhost:43983"
clientAddress: "localhost:39609"
adminAddress: "localhost:37077"
startupRole: FOLLOWER
,id: "s1"
address: "localhost:38917"
dataStreamAddress: "localhost:45719"
clientAddress: "localhost:36975"
adminAddress: "localhost:40635"
startupRole: FOLLOWER
,id: "s2"
address: "localhost:35511"
dataStreamAddress: "localhost:38827"
clientAddress: "localhost:42865"
adminAddress: "localhost:36791"
startupRole: FOLLOWER
, old:), (t:2, i:1), STATEMACHINELOGENTRY, 0@client-2EFB324ADA71, (t:2, i:2), METADATAENTRY(c:1), (t:2, i:3), STATEMACHINELOGENTRY, 999@client-AE8279CAF820, (t:2, i:4), METADATAENTRY(c:3)]
2022-11-08 19:12:10,002 [s2-server-thread1] INFO  server.RaftServer$Division (RaftServerImpl.java:checkInconsistentAppendEntries(1592)) - s2@group-EA982605F2E5: Failed appendEntries as the first entry (index 0) already exists (snapshotIndex: -1, commitIndex: 0)
2022-11-08 19:12:10,002 [s2-server-thread1] INFO  server.RaftServer$Division (RaftServerImpl.java:checkInconsistentAppendEntries(1572)) - s2@group-EA982605F2E5: inconsistency entries. Reply:s1<-s2#1831:FAIL-t2,INCONSISTENCY,nextIndex=1,followerCommit=0,matchIndex=-1
2022-11-08 19:12:10,003 [grpc-default-executor-0] INFO  leader.FollowerInfo (FollowerInfoImpl.java:lambda$new$0(48)) - s1@group-EA982605F2E5->s2: nextIndex: updateUnconditionally 5 -> 1
2022-11-08 19:12:10,003 [s2-server-thread1] DEBUG server.RaftServer$Division (RaftServerImpl.java:logAppendEntries(1421)) - s2@group-EA982605F2E5: receive appendEntries(s1, 2, (t:2, i:0), 4, true, commits:[s1:c4, s0:c4, s2:c0], cId:1832, entries: [(t:2, i:1), STATEMACHINELOGENTRY, 0@client-2EFB324ADA71, (t:2, i:2), METADATAENTRY(c:1), (t:2, i:3), STATEMACHINELOGENTRY, 999@client-AE8279CAF820, (t:2, i:4), METADATAENTRY(c:3)]
2022-11-08 19:12:10,004 [s2-server-thread1] INFO  server.RaftServer$Division (RaftServerImpl.java:checkInconsistentAppendEntries(1602)) - s2@group-EA982605F2E5: Failed appendEntries as previous log entry ((t:2, i:0)) is not found
2022-11-08 19:12:10,004 [s2-server-thread1] INFO  server.RaftServer$Division (RaftServerImpl.java:checkInconsistentAppendEntries(1572)) - s2@group-EA982605F2E5: inconsistency entries. Reply:s1<-s2#1832:FAIL-t2,INCONSISTENCY,nextIndex=0,followerCommit=0,matchIndex=-1
2022-11-08 19:12:10,004 [grpc-default-executor-0] INFO  leader.FollowerInfo (FollowerInfoImpl.java:lambda$new$0(48)) - s1@group-EA982605F2E5->s2: nextIndex: updateUnconditionally 5 -> 0
2022-11-08 19:12:10,005 [s2-server-thread1] DEBUG server.RaftServer$Division (RaftServerImpl.java:logAppendEntries(1421)) - s2@group-EA982605F2E5: receive appendEntries(s1, 2, null, 4, true, commits:[s1:c4, s0:c4, s2:c0], cId:1833, entries: [(t:2, i:0), CONFIGURATIONENTRY(current:id: "s0"
address: "localhost:34297"
dataStreamAddress: "localhost:43983"
clientAddress: "localhost:39609"
adminAddress: "localhost:37077"
startupRole: FOLLOWER
,id: "s1"
address: "localhost:38917"
dataStreamAddress: "localhost:45719"
clientAddress: "localhost:36975"
adminAddress: "localhost:40635"
startupRole: FOLLOWER
,id: "s2"
address: "localhost:35511"
dataStreamAddress: "localhost:38827"
clientAddress: "localhost:42865"
adminAddress: "localhost:36791"
startupRole: FOLLOWER
, old:), (t:2, i:1), STATEMACHINELOGENTRY, 0@client-2EFB324ADA71, (t:2, i:2), METADATAENTRY(c:1), (t:2, i:3), STATEMACHINELOGENTRY, 999@client-AE8279CAF820, (t:2, i:4), METADATAENTRY(c:3)]
2022-11-08 19:12:10,005 [s2-server-thread1] INFO  server.RaftServer$Division (RaftServerImpl.java:checkInconsistentAppendEntries(1592)) - s2@group-EA982605F2E5: Failed appendEntries as the first entry (index 0) already exists (snapshotIndex: -1, commitIndex: 0)
2022-11-08 19:12:10,005 [s2-server-thread1] INFO  server.RaftServer$Division (RaftServerImpl.java:checkInconsistentAppendEntries(1572)) - s2@group-EA982605F2E5: inconsistency entries. Reply:s1<-s2#1833:FAIL-t2,INCONSISTENCY,nextIndex=1,followerCommit=0,matchIndex=-1
2022-11-08 19:12:10,005 [grpc-default-executor-0] INFO  leader.FollowerInfo (FollowerInfoImpl.java:lambda$new$0(48)) - s1@group-EA982605F2E5->s2: nextIndex: updateUnconditionally 5 -> 1
2022-11-08 19:12:10,006 [s2-server-thread1] DEBUG server.RaftServer$Division (RaftServerImpl.java:logAppendEntries(1421)) - s2@group-EA982605F2E5: receive appendEntries(s1, 2, (t:2, i:0), 4, true, commits:[s1:c4, s0:c4, s2:c0], cId:1834, entries: [(t:2, i:1), STATEMACHINELOGENTRY, 0@client-2EFB324ADA71, (t:2, i:2), METADATAENTRY(c:1), (t:2, i:3), STATEMACHINELOGENTRY, 999@client-AE8279CAF820, (t:2, i:4), METADATAENTRY(c:3)]
2022-11-08 19:12:10,006 [s2-server-thread1] INFO  server.RaftServer$Division (RaftServerImpl.java:checkInconsistentAppendEntries(1602)) - s2@group-EA982605F2E5: Failed appendEntries as previous log entry ((t:2, i:0)) is not found
2022-11-08 19:12:10,006 [s2-server-thread1] INFO  server.RaftServer$Division (RaftServerImpl.java:checkInconsistentAppendEntries(1572)) - s2@group-EA982605F2E5: inconsistency entries. Reply:s1<-s2#1834:FAIL-t2,INCONSISTENCY,nextIndex=0,followerCommit=0,matchIndex=-1
2022-11-08 19:12:10,006 [grpc-default-executor-0] INFO  leader.FollowerInfo (FollowerInfoImpl.java:lambda$new$0(48)) - s1@group-EA982605F2E5->s2: nextIndex: updateUnconditionally 5 -> 0
2022-11-08 19:12:10,007 [s2-server-thread1] DEBUG server.RaftServer$Division (RaftServerImpl.java:logAppendEntries(1421)) - s2@group-EA982605F2E5: receive appendEntries(s1, 2, null, 4, true, commits:[s1:c4, s0:c4, s2:c0], cId:1835, entries: [(t:2, i:0), CONFIGURATIONENTRY(current:id: "s0"
address: "localhost:34297"
dataStreamAddress: "localhost:43983"
clientAddress: "localhost:39609"
adminAddress: "localhost:37077"
startupRole: FOLLOWER
,id: "s1"
address: "localhost:38917"
dataStreamAddress: "localhost:45719"
clientAddress: "localhost:36975"
adminAddress: "localhost:40635"
startupRole: FOLLOWER
,id: "s2"
address: "localhost:35511"
dataStreamAddress: "localhost:38827"
clientAddress: "localhost:42865"
adminAddress: "localhost:36791"
startupRole: FOLLOWER
, old:), (t:2, i:1), STATEMACHINELOGENTRY, 0@client-2EFB324ADA71, (t:2, i:2), METADATAENTRY(c:1), (t:2, i:3), STATEMACHINELOGENTRY, 999@client-AE8279CAF820, (t:2, i:4), METADATAENTRY(c:3)]
2022-11-08 19:12:10,007 [s2-server-thread1] INFO  server.RaftServer$Division (RaftServerImpl.java:checkInconsistentAppendEntries(1592)) - s2@group-EA982605F2E5: Failed appendEntries as the first entry (index 0) already exists (snapshotIndex: -1, commitIndex: 0)
2022-11-08 19:12:10,007 [s2-server-thread1] INFO  server.RaftServer$Division (RaftServerImpl.java:checkInconsistentAppendEntries(1572)) - s2@group-EA982605F2E5: inconsistency entries. Reply:s1<-s2#1835:FAIL-t2,INCONSISTENCY,nextIndex=1,followerCommit=0,matchIndex=-1
2022-11-08 19:12:10,007 [grpc-default-executor-0] INFO  leader.FollowerInfo (FollowerInfoImpl.java:lambda$new$0(48)) - s1@group-EA982605F2E5->s2: nextIndex: updateUnconditionally 5 -> 1
2022-11-08 19:12:10,008 [s2-server-thread1] DEBUG server.RaftServer$Division (RaftServerImpl.java:logAppendEntries(1421)) - s2@group-EA982605F2E5: receive appendEntries(s1, 2, (t:2, i:0), 4, true, commits:[s1:c4, s0:c4, s2:c0], cId:1836, entries: [(t:2, i:1), STATEMACHINELOGENTRY, 0@client-2EFB324ADA71, (t:2, i:2), METADATAENTRY(c:1), (t:2, i:3), STATEMACHINELOGENTRY, 999@client-AE8279CAF820, (t:2, i:4), METADATAENTRY(c:3)]
2022-11-08 19:12:10,008 [s2-server-thread1] INFO  server.RaftServer$Division (RaftServerImpl.java:checkInconsistentAppendEntries(1602)) - s2@group-EA982605F2E5: Failed appendEntries as previous log entry ((t:2, i:0)) is not found
2022-11-08 19:12:10,008 [s2-server-thread1] INFO  server.RaftServer$Division (RaftServerImpl.java:checkInconsistentAppendEntries(1572)) - s2@group-EA982605F2E5: inconsistency entries. Reply:s1<-s2#1836:FAIL-t2,INCONSISTENCY,nextIndex=0,followerCommit=0,matchIndex=-1
2022-11-08 19:12:10,009 [grpc-default-executor-0] INFO  leader.FollowerInfo (FollowerInfoImpl.java:lambda$new$0(48)) - s1@group-EA982605F2E5->s2: nextIndex: updateUnconditionally 5 -> 0
2022-11-08 19:12:10,009 [s2-server-thread1] DEBUG server.RaftServer$Division (RaftServerImpl.java:logAppendEntries(1421)) - s2@group-EA982605F2E5: receive appendEntries(s1, 2, null, 4, true, commits:[s1:c4, s0:c4, s2:c0], cId:1837, entries: [(t:2, i:0), CONFIGURATIONENTRY(current:id: "s0"
address: "localhost:34297"
dataStreamAddress: "localhost:43983"
clientAddress: "localhost:39609"
adminAddress: "localhost:37077"
startupRole: FOLLOWER
,id: "s1"
address: "localhost:38917"
dataStreamAddress: "localhost:45719"
clientAddress: "localhost:36975"
adminAddress: "localhost:40635"
startupRole: FOLLOWER
,id: "s2"
address: "localhost:35511"
dataStreamAddress: "localhost:38827"
clientAddress: "localhost:42865"
adminAddress: "localhost:36791"
startupRole: FOLLOWER
, old:), (t:2, i:1), STATEMACHINELOGENTRY, 0@client-2EFB324ADA71, (t:2, i:2), METADATAENTRY(c:1), (t:2, i:3), STATEMACHINELOGENTRY, 999@client-AE8279CAF820, (t:2, i:4), METADATAENTRY(c:3)]
2022-11-08 19:12:10,010 [s2-server-thread1] INFO  server.RaftServer$Division (RaftServerImpl.java:checkInconsistentAppendEntries(1592)) - s2@group-EA982605F2E5: Failed appendEntries as the first entry (index 0) already exists (snapshotIndex: -1, commitIndex: 0)
2022-11-08 19:12:10,010 [s2-server-thread1] INFO  server.RaftServer$Division (RaftServerImpl.java:checkInconsistentAppendEntries(1572)) - s2@group-EA982605F2E5: inconsistency entries. Reply:s1<-s2#1837:FAIL-t2,INCONSISTENCY,nextIndex=1,followerCommit=0,matchIndex=-1
2022-11-08 19:12:10,010 [grpc-default-executor-0] INFO  leader.FollowerInfo (FollowerInfoImpl.java:lambda$new$0(48)) - s1@group-EA982605F2E5->s2: nextIndex: updateUnconditionally 5 -> 1
2022-11-08 19:12:10,011 [s2-server-thread1] DEBUG server.RaftServer$Division (RaftServerImpl.java:logAppendEntries(1421)) - s2@group-EA982605F2E5: receive appendEntries(s1, 2, (t:2, i:0), 4, true, commits:[s1:c4, s0:c4, s2:c0], cId:1838, entries: [(t:2, i:1), STATEMACHINELOGENTRY, 0@client-2EFB324ADA71, (t:2, i:2), METADATAENTRY(c:1), (t:2, i:3), STATEMACHINELOGENTRY, 999@client-AE8279CAF820, (t:2, i:4), METADATAENTRY(c:3)]
2022-11-08 19:12:10,011 [s2-server-thread1] INFO  server.RaftServer$Division (RaftServerImpl.java:checkInconsistentAppendEntries(1602)) - s2@group-EA982605F2E5: Failed appendEntries as previous log entry ((t:2, i:0)) is not found
2022-11-08 19:12:10,011 [s2-server-thread1] INFO  server.RaftServer$Division (RaftServerImpl.java:checkInconsistentAppendEntries(1572)) - s2@group-EA982605F2E5: inconsistency entries. Reply:s1<-s2#1838:FAIL-t2,INCONSISTENCY,nextIndex=0,followerCommit=0,matchIndex=-1
2022-11-08 19:12:10,011 [grpc-default-executor-0] INFO  leader.FollowerInfo (FollowerInfoImpl.java:lambda$new$0(48)) - s1@group-EA982605F2E5->s2: nextIndex: updateUnconditionally 5 -> 0
2022-11-08 19:12:10,012 [s2-server-thread1] DEBUG server.RaftServer$Division (RaftServerImpl.java:logAppendEntries(1421)) - s2@group-EA982605F2E5: receive appendEntries(s1, 2, null, 4, true, commits:[s1:c4, s0:c4, s2:c0], cId:1839, entries: [(t:2, i:0), CONFIGURATIONENTRY(current:id: "s0"
address: "localhost:34297"
dataStreamAddress: "localhost:43983"
clientAddress: "localhost:39609"
adminAddress: "localhost:37077"
startupRole: FOLLOWER
,id: "s1"
address: "localhost:38917"
dataStreamAddress: "localhost:45719"
clientAddress: "localhost:36975"
adminAddress: "localhost:40635"
startupRole: FOLLOWER
,id: "s2"
address: "localhost:35511"
dataStreamAddress: "localhost:38827"
clientAddress: "localhost:42865"
adminAddress: "localhost:36791"
startupRole: FOLLOWER
, old:), (t:2, i:1), STATEMACHINELOGENTRY, 0@client-2EFB324ADA71, (t:2, i:2), METADATAENTRY(c:1), (t:2, i:3), STATEMACHINELOGENTRY, 999@client-AE8279CAF820, (t:2, i:4), METADATAENTRY(c:3)]
2022-11-08 19:12:10,012 [s2-server-thread1] INFO  server.RaftServer$Division (RaftServerImpl.java:checkInconsistentAppendEntries(1592)) - s2@group-EA982605F2E5: Failed appendEntries as the first entry (index 0) already exists (snapshotIndex: -1, commitIndex: 0)
2022-11-08 19:12:10,012 [s2-server-thread1] INFO  server.RaftServer$Division (RaftServerImpl.java:checkInconsistentAppendEntries(1572)) - s2@group-EA982605F2E5: inconsistency entries. Reply:s1<-s2#1839:FAIL-t2,INCONSISTENCY,nextIndex=1,followerCommit=0,matchIndex=-1
2022-11-08 19:12:10,012 [grpc-default-executor-0] INFO  leader.FollowerInfo (FollowerInfoImpl.java:lambda$new$0(48)) - s1@group-EA982605F2E5->s2: nextIndex: updateUnconditionally 5 -> 1
2022-11-08 19:12:10,013 [s2-server-thread1] DEBUG server.RaftServer$Division (RaftServerImpl.java:logAppendEntries(1421)) - s2@group-EA982605F2E5: receive appendEntries(s1, 2, (t:2, i:0), 4, true, commits:[s1:c4, s0:c4, s2:c0], cId:1840, entries: [(t:2, i:1), STATEMACHINELOGENTRY, 0@client-2EFB324ADA71, (t:2, i:2), METADATAENTRY(c:1), (t:2, i:3), STATEMACHINELOGENTRY, 999@client-AE8279CAF820, (t:2, i:4), METADATAENTRY(c:3)]
2022-11-08 19:12:10,013 [s2-server-thread1] INFO  server.RaftServer$Division (RaftServerImpl.java:checkInconsistentAppendEntries(1602)) - s2@group-EA982605F2E5: Failed appendEntries as previous log entry ((t:2, i:0)) is not found
2022-11-08 19:12:10,013 [s2-server-thread1] INFO  server.RaftServer$Division (RaftServerImpl.java:checkInconsistentAppendEntries(1572)) - s2@group-EA982605F2E5: inconsistency entries. Reply:s1<-s2#1840:FAIL-t2,INCONSISTENCY,nextIndex=0,followerCommit=0,matchIndex=-1
2022-11-08 19:12:10,013 [grpc-default-executor-0] INFO  leader.FollowerInfo (FollowerInfoImpl.java:lambda$new$0(48)) - s1@group-EA982605F2E5->s2: nextIndex: updateUnconditionally 5 -> 0
2022-11-08 19:12:10,014 [s2-server-thread1] DEBUG server.RaftServer$Division (RaftServerImpl.java:logAppendEntries(1421)) - s2@group-EA982605F2E5: receive appendEntries(s1, 2, null, 4, true, commits:[s1:c4, s0:c4, s2:c0], cId:1841, entries: [(t:2, i:0), CONFIGURATIONENTRY(current:id: "s0"
address: "localhost:34297"
dataStreamAddress: "localhost:43983"
clientAddress: "localhost:39609"
adminAddress: "localhost:37077"
startupRole: FOLLOWER
,id: "s1"
address: "localhost:38917"
dataStreamAddress: "localhost:45719"
clientAddress: "localhost:36975"
adminAddress: "localhost:40635"
startupRole: FOLLOWER
,id: "s2"
address: "localhost:35511"
dataStreamAddress: "localhost:38827"
clientAddress: "localhost:42865"
adminAddress: "localhost:36791"
startupRole: FOLLOWER
, old:), (t:2, i:1), STATEMACHINELOGENTRY, 0@client-2EFB324ADA71, (t:2, i:2), METADATAENTRY(c:1), (t:2, i:3), STATEMACHINELOGENTRY, 999@client-AE8279CAF820, (t:2, i:4), METADATAENTRY(c:3)]
2022-11-08 19:12:10,014 [s2-server-thread1] INFO  server.RaftServer$Division (RaftServerImpl.java:checkInconsistentAppendEntries(1592)) - s2@group-EA982605F2E5: Failed appendEntries as the first entry (index 0) already exists (snapshotIndex: -1, commitIndex: 0)
2022-11-08 19:12:10,014 [s2-server-thread1] INFO  server.RaftServer$Division (RaftServerImpl.java:checkInconsistentAppendEntries(1572)) - s2@group-EA982605F2E5: inconsistency entries. Reply:s1<-s2#1841:FAIL-t2,INCONSISTENCY,nextIndex=1,followerCommit=0,matchIndex=-1
2022-11-08 19:12:10,014 [grpc-default-executor-0] INFO  leader.FollowerInfo (FollowerInfoImpl.java:lambda$new$0(48)) - s1@group-EA982605F2E5->s2: nextIndex: updateUnconditionally 5 -> 1
2022-11-08 19:12:10,015 [s2-server-thread1] DEBUG server.RaftServer$Division (RaftServerImpl.java:logAppendEntries(1421)) - s2@group-EA982605F2E5: receive appendEntries(s1, 2, (t:2, i:0), 4, true, commits:[s1:c4, s0:c4, s2:c0], cId:1842, entries: [(t:2, i:1), STATEMACHINELOGENTRY, 0@client-2EFB324ADA71, (t:2, i:2), METADATAENTRY(c:1), (t:2, i:3), STATEMACHINELOGENTRY, 999@client-AE8279CAF820, (t:2, i:4), METADATAENTRY(c:3)]
2022-11-08 19:12:10,015 [s2-server-thread1] INFO  server.RaftServer$Division (RaftServerImpl.java:checkInconsistentAppendEntries(1602)) - s2@group-EA982605F2E5: Failed appendEntries as previous log entry ((t:2, i:0)) is not found
2022-11-08 19:12:10,015 [s2-server-thread1] INFO  server.RaftServer$Division (RaftServerImpl.java:checkInconsistentAppendEntries(1572)) - s2@group-EA982605F2E5: inconsistency entries. Reply:s1<-s2#1842:FAIL-t2,INCONSISTENCY,nextIndex=0,followerCommit=0,matchIndex=-1
2022-11-08 19:12:10,015 [grpc-default-executor-0] INFO  leader.FollowerInfo (FollowerInfoImpl.java:lambda$new$0(48)) - s1@group-EA982605F2E5->s2: nextIndex: updateUnconditionally 5 -> 0
2022-11-08 19:12:10,016 [s2-server-thread1] DEBUG server.RaftServer$Division (RaftServerImpl.java:logAppendEntries(1421)) - s2@group-EA982605F2E5: receive appendEntries(s1, 2, null, 4, true, commits:[s1:c4, s0:c4, s2:c0], cId:1843, entries: [(t:2, i:0), CONFIGURATIONENTRY(current:id: "s0"
address: "localhost:34297"
dataStreamAddress: "localhost:43983"
clientAddress: "localhost:39609"
adminAddress: "localhost:37077"
startupRole: FOLLOWER
,id: "s1"
address: "localhost:38917"
dataStreamAddress: "localhost:45719"
clientAddress: "localhost:36975"
adminAddress: "localhost:40635"
startupRole: FOLLOWER
,id: "s2"
address: "localhost:35511"
dataStreamAddress: "localhost:38827"
clientAddress: "localhost:42865"
adminAddress: "localhost:36791"
startupRole: FOLLOWER
, old:), (t:2, i:1), STATEMACHINELOGENTRY, 0@client-2EFB324ADA71, (t:2, i:2), METADATAENTRY(c:1), (t:2, i:3), STATEMACHINELOGENTRY, 999@client-AE8279CAF820, (t:2, i:4), METADATAENTRY(c:3)]
2022-11-08 19:12:10,016 [s2-server-thread1] INFO  server.RaftServer$Division (RaftServerImpl.java:checkInconsistentAppendEntries(1592)) - s2@group-EA982605F2E5: Failed appendEntries as the first entry (index 0) already exists (snapshotIndex: -1, commitIndex: 0)
2022-11-08 19:12:10,016 [s2-server-thread1] INFO  server.RaftServer$Division (RaftServerImpl.java:checkInconsistentAppendEntries(1572)) - s2@group-EA982605F2E5: inconsistency entries. Reply:s1<-s2#1843:FAIL-t2,INCONSISTENCY,nextIndex=1,followerCommit=0,matchIndex=-1
2022-11-08 19:12:10,017 [grpc-default-executor-0] INFO  leader.FollowerInfo (FollowerInfoImpl.java:lambda$new$0(48)) - s1@group-EA982605F2E5->s2: nextIndex: updateUnconditionally 5 -> 1
2022-11-08 19:12:10,017 [s2-server-thread1] DEBUG server.RaftServer$Division (RaftServerImpl.java:logAppendEntries(1421)) - s2@group-EA982605F2E5: receive appendEntries(s1, 2, (t:2, i:0), 4, true, commits:[s1:c4, s0:c4, s2:c0], cId:1844, entries: [(t:2, i:1), STATEMACHINELOGENTRY, 0@client-2EFB324ADA71, (t:2, i:2), METADATAENTRY(c:1), (t:2, i:3), STATEMACHINELOGENTRY, 999@client-AE8279CAF820, (t:2, i:4), METADATAENTRY(c:3)]
2022-11-08 19:12:10,017 [s2-server-thread1] INFO  server.RaftServer$Division (RaftServerImpl.java:checkInconsistentAppendEntries(1602)) - s2@group-EA982605F2E5: Failed appendEntries as previous log entry ((t:2, i:0)) is not found
2022-11-08 19:12:10,017 [s2-server-thread1] INFO  server.RaftServer$Division (RaftServerImpl.java:checkInconsistentAppendEntries(1572)) - s2@group-EA982605F2E5: inconsistency entries. Reply:s1<-s2#1844:FAIL-t2,INCONSISTENCY,nextIndex=0,followerCommit=0,matchIndex=-1
2022-11-08 19:12:10,018 [grpc-default-executor-0] INFO  leader.FollowerInfo (FollowerInfoImpl.java:lambda$new$0(48)) - s1@group-EA982605F2E5->s2: nextIndex: updateUnconditionally 5 -> 0
2022-11-08 19:12:10,018 [s2-server-thread1] DEBUG server.RaftServer$Division (RaftServerImpl.java:logAppendEntries(1421)) - s2@group-EA982605F2E5: receive appendEntries(s1, 2, null, 4, true, commits:[s1:c4, s0:c4, s2:c0], cId:1845, entries: [(t:2, i:0), CONFIGURATIONENTRY(current:id: "s0"
address: "localhost:34297"
dataStreamAddress: "localhost:43983"
clientAddress: "localhost:39609"
adminAddress: "localhost:37077"
startupRole: FOLLOWER
,id: "s1"
address: "localhost:38917"
dataStreamAddress: "localhost:45719"
clientAddress: "localhost:36975"
adminAddress: "localhost:40635"
startupRole: FOLLOWER
,id: "s2"
address: "localhost:35511"
dataStreamAddress: "localhost:38827"
clientAddress: "localhost:42865"
adminAddress: "localhost:36791"
startupRole: FOLLOWER
, old:), (t:2, i:1), STATEMACHINELOGENTRY, 0@client-2EFB324ADA71, (t:2, i:2), METADATAENTRY(c:1), (t:2, i:3), STATEMACHINELOGENTRY, 999@client-AE8279CAF820, (t:2, i:4), METADATAENTRY(c:3)]
2022-11-08 19:12:10,018 [s2-server-thread1] INFO  server.RaftServer$Division (RaftServerImpl.java:checkInconsistentAppendEntries(1592)) - s2@group-EA982605F2E5: Failed appendEntries as the first entry (index 0) already exists (snapshotIndex: -1, commitIndex: 0)
2022-11-08 19:12:10,018 [s2-server-thread1] INFO  server.RaftServer$Division (RaftServerImpl.java:checkInconsistentAppendEntries(1572)) - s2@group-EA982605F2E5: inconsistency entries. Reply:s1<-s2#1845:FAIL-t2,INCONSISTENCY,nextIndex=1,followerCommit=0,matchIndex=-1
2022-11-08 19:12:10,019 [grpc-default-executor-0] INFO  leader.FollowerInfo (FollowerInfoImpl.java:lambda$new$0(48)) - s1@group-EA982605F2E5->s2: nextIndex: updateUnconditionally 5 -> 1
2022-11-08 19:12:10,019 [s2-server-thread1] DEBUG server.RaftServer$Division (RaftServerImpl.java:logAppendEntries(1421)) - s2@group-EA982605F2E5: receive appendEntries(s1, 2, (t:2, i:0), 4, true, commits:[s1:c4, s0:c4, s2:c0], cId:1846, entries: [(t:2, i:1), STATEMACHINELOGENTRY, 0@client-2EFB324ADA71, (t:2, i:2), METADATAENTRY(c:1), (t:2, i:3), STATEMACHINELOGENTRY, 999@client-AE8279CAF820, (t:2, i:4), METADATAENTRY(c:3)]
2022-11-08 19:12:10,019 [s2-server-thread1] INFO  server.RaftServer$Division (RaftServerImpl.java:checkInconsistentAppendEntries(1602)) - s2@group-EA982605F2E5: Failed appendEntries as previous log entry ((t:2, i:0)) is not found
2022-11-08 19:12:10,019 [s2-server-thread1] INFO  server.RaftServer$Division (RaftServerImpl.java:checkInconsistentAppendEntries(1572)) - s2@group-EA982605F2E5: inconsistency entries. Reply:s1<-s2#1846:FAIL-t2,INCONSISTENCY,nextIndex=0,followerCommit=0,matchIndex=-1
2022-11-08 19:12:10,020 [grpc-default-executor-0] INFO  leader.FollowerInfo (FollowerInfoImpl.java:lambda$new$0(48)) - s1@group-EA982605F2E5->s2: nextIndex: updateUnconditionally 5 -> 0
2022-11-08 19:12:10,022 [s2-server-thread1] DEBUG server.RaftServer$Division (RaftServerImpl.java:logAppendEntries(1421)) - s2@group-EA982605F2E5: receive appendEntries(s1, 2, null, 4, true, commits:[s1:c4, s0:c4, s2:c0], cId:1847, entries: [(t:2, i:0), CONFIGURATIONENTRY(current:id: "s0"
address: "localhost:34297"
dataStreamAddress: "localhost:43983"
clientAddress: "localhost:39609"
adminAddress: "localhost:37077"
startupRole: FOLLOWER
,id: "s1"
address: "localhost:38917"
dataStreamAddress: "localhost:45719"
clientAddress: "localhost:36975"
adminAddress: "localhost:40635"
startupRole: FOLLOWER
,id: "s2"
address: "localhost:35511"
dataStreamAddress: "localhost:38827"
clientAddress: "localhost:42865"
adminAddress: "localhost:36791"
startupRole: FOLLOWER
, old:), (t:2, i:1), STATEMACHINELOGENTRY, 0@client-2EFB324ADA71, (t:2, i:2), METADATAENTRY(c:1), (t:2, i:3), STATEMACHINELOGENTRY, 999@client-AE8279CAF820, (t:2, i:4), METADATAENTRY(c:3)]
2022-11-08 19:12:10,022 [s2-server-thread1] INFO  server.RaftServer$Division (RaftServerImpl.java:checkInconsistentAppendEntries(1592)) - s2@group-EA982605F2E5: Failed appendEntries as the first entry (index 0) already exists (snapshotIndex: -1, commitIndex: 0)
2022-11-08 19:12:10,022 [s2-server-thread1] INFO  server.RaftServer$Division (RaftServerImpl.java:checkInconsistentAppendEntries(1572)) - s2@group-EA982605F2E5: inconsistency entries. Reply:s1<-s2#1847:FAIL-t2,INCONSISTENCY,nextIndex=1,followerCommit=0,matchIndex=-1
2022-11-08 19:12:10,022 [grpc-default-executor-0] INFO  leader.FollowerInfo (FollowerInfoImpl.java:lambda$new$0(48)) - s1@group-EA982605F2E5->s2: nextIndex: updateUnconditionally 5 -> 1
2022-11-08 19:12:10,023 [s2-server-thread1] DEBUG server.RaftServer$Division (RaftServerImpl.java:logAppendEntries(1421)) - s2@group-EA982605F2E5: receive appendEntries(s1, 2, (t:2, i:0), 4, true, commits:[s1:c4, s0:c4, s2:c0], cId:1848, entries: [(t:2, i:1), STATEMACHINELOGENTRY, 0@client-2EFB324ADA71, (t:2, i:2), METADATAENTRY(c:1), (t:2, i:3), STATEMACHINELOGENTRY, 999@client-AE8279CAF820, (t:2, i:4), METADATAENTRY(c:3)]
2022-11-08 19:12:10,023 [s2-server-thread1] INFO  server.RaftServer$Division (RaftServerImpl.java:checkInconsistentAppendEntries(1602)) - s2@group-EA982605F2E5: Failed appendEntries as previous log entry ((t:2, i:0)) is not found
2022-11-08 19:12:10,023 [s2-server-thread1] INFO  server.RaftServer$Division (RaftServerImpl.java:checkInconsistentAppendEntries(1572)) - s2@group-EA982605F2E5: inconsistency entries. Reply:s1<-s2#1848:FAIL-t2,INCONSISTENCY,nextIndex=0,followerCommit=0,matchIndex=-1
2022-11-08 19:12:10,024 [grpc-default-executor-0] INFO  leader.FollowerInfo (FollowerInfoImpl.java:lambda$new$0(48)) - s1@group-EA982605F2E5->s2: nextIndex: updateUnconditionally 5 -> 0
2022-11-08 19:12:10,025 [s2-server-thread1] DEBUG server.RaftServer$Division (RaftServerImpl.java:logAppendEntries(1421)) - s2@group-EA982605F2E5: receive appendEntries(s1, 2, null, 4, true, commits:[s1:c4, s0:c4, s2:c0], cId:1849, entries: [(t:2, i:0), CONFIGURATIONENTRY(current:id: "s0"
address: "localhost:34297"
dataStreamAddress: "localhost:43983"
clientAddress: "localhost:39609"
adminAddress: "localhost:37077"
startupRole: FOLLOWER
,id: "s1"
address: "localhost:38917"
dataStreamAddress: "localhost:45719"
clientAddress: "localhost:36975"
adminAddress: "localhost:40635"
startupRole: FOLLOWER
,id: "s2"
address: "localhost:35511"
dataStreamAddress: "localhost:38827"
clientAddress: "localhost:42865"
adminAddress: "localhost:36791"
startupRole: FOLLOWER
, old:), (t:2, i:1), STATEMACHINELOGENTRY, 0@client-2EFB324ADA71, (t:2, i:2), METADATAENTRY(c:1), (t:2, i:3), STATEMACHINELOGENTRY, 999@client-AE8279CAF820, (t:2, i:4), METADATAENTRY(c:3)]
2022-11-08 19:12:10,025 [s2-server-thread1] INFO  server.RaftServer$Division (RaftServerImpl.java:checkInconsistentAppendEntries(1592)) - s2@group-EA982605F2E5: Failed appendEntries as the first entry (index 0) already exists (snapshotIndex: -1, commitIndex: 0)
2022-11-08 19:12:10,025 [s2-server-thread1] INFO  server.RaftServer$Division (RaftServerImpl.java:checkInconsistentAppendEntries(1572)) - s2@group-EA982605F2E5: inconsistency entries. Reply:s1<-s2#1849:FAIL-t2,INCONSISTENCY,nextIndex=1,followerCommit=0,matchIndex=-1
2022-11-08 19:12:10,025 [grpc-default-executor-0] INFO  leader.FollowerInfo (FollowerInfoImpl.java:lambda$new$0(48)) - s1@group-EA982605F2E5->s2: nextIndex: updateUnconditionally 5 -> 1
2022-11-08 19:12:10,026 [s2-server-thread1] DEBUG server.RaftServer$Division (RaftServerImpl.java:logAppendEntries(1421)) - s2@group-EA982605F2E5: receive appendEntries(s1, 2, (t:2, i:0), 4, true, commits:[s1:c4, s0:c4, s2:c0], cId:1850, entries: [(t:2, i:1), STATEMACHINELOGENTRY, 0@client-2EFB324ADA71, (t:2, i:2), METADATAENTRY(c:1), (t:2, i:3), STATEMACHINELOGENTRY, 999@client-AE8279CAF820, (t:2, i:4), METADATAENTRY(c:3)]
2022-11-08 19:12:10,026 [s2-server-thread1] INFO  server.RaftServer$Division (RaftServerImpl.java:checkInconsistentAppendEntries(1602)) - s2@group-EA982605F2E5: Failed appendEntries as previous log entry ((t:2, i:0)) is not found
2022-11-08 19:12:10,026 [s2-server-thread1] INFO  server.RaftServer$Division (RaftServerImpl.java:checkInconsistentAppendEntries(1572)) - s2@group-EA982605F2E5: inconsistency entries. Reply:s1<-s2#1850:FAIL-t2,INCONSISTENCY,nextIndex=0,followerCommit=0,matchIndex=-1
2022-11-08 19:12:10,026 [grpc-default-executor-0] INFO  leader.FollowerInfo (FollowerInfoImpl.java:lambda$new$0(48)) - s1@group-EA982605F2E5->s2: nextIndex: updateUnconditionally 5 -> 0
2022-11-08 19:12:10,027 [s2-server-thread1] DEBUG server.RaftServer$Division (RaftServerImpl.java:logAppendEntries(1421)) - s2@group-EA982605F2E5: receive appendEntries(s1, 2, null, 4, true, commits:[s1:c4, s0:c4, s2:c0], cId:1851, entries: [(t:2, i:0), CONFIGURATIONENTRY(current:id: "s0"
address: "localhost:34297"
dataStreamAddress: "localhost:43983"
clientAddress: "localhost:39609"
adminAddress: "localhost:37077"
startupRole: FOLLOWER
,id: "s1"
address: "localhost:38917"
dataStreamAddress: "localhost:45719"
clientAddress: "localhost:36975"
adminAddress: "localhost:40635"
startupRole: FOLLOWER
,id: "s2"
address: "localhost:35511"
dataStreamAddress: "localhost:38827"
clientAddress: "localhost:42865"
adminAddress: "localhost:36791"
startupRole: FOLLOWER
, old:), (t:2, i:1), STATEMACHINELOGENTRY, 0@client-2EFB324ADA71, (t:2, i:2), METADATAENTRY(c:1), (t:2, i:3), STATEMACHINELOGENTRY, 999@client-AE8279CAF820, (t:2, i:4), METADATAENTRY(c:3)]
2022-11-08 19:12:10,027 [s2-server-thread1] INFO  server.RaftServer$Division (RaftServerImpl.java:checkInconsistentAppendEntries(1592)) - s2@group-EA982605F2E5: Failed appendEntries as the first entry (index 0) already exists (snapshotIndex: -1, commitIndex: 0)
2022-11-08 19:12:10,027 [s2-server-thread1] INFO  server.RaftServer$Division (RaftServerImpl.java:checkInconsistentAppendEntries(1572)) - s2@group-EA982605F2E5: inconsistency entries. Reply:s1<-s2#1851:FAIL-t2,INCONSISTENCY,nextIndex=1,followerCommit=0,matchIndex=-1
2022-11-08 19:12:10,028 [grpc-default-executor-0] INFO  leader.FollowerInfo (FollowerInfoImpl.java:lambda$new$0(48)) - s1@group-EA982605F2E5->s2: nextIndex: updateUnconditionally 5 -> 1
2022-11-08 19:12:10,029 [s2-server-thread1] DEBUG server.RaftServer$Division (RaftServerImpl.java:logAppendEntries(1421)) - s2@group-EA982605F2E5: receive appendEntries(s1, 2, (t:2, i:0), 4, true, commits:[s1:c4, s0:c4, s2:c0], cId:1852, entries: [(t:2, i:1), STATEMACHINELOGENTRY, 0@client-2EFB324ADA71, (t:2, i:2), METADATAENTRY(c:1), (t:2, i:3), STATEMACHINELOGENTRY, 999@client-AE8279CAF820, (t:2, i:4), METADATAENTRY(c:3)]
2022-11-08 19:12:10,029 [s2-server-thread1] INFO  server.RaftServer$Division (RaftServerImpl.java:checkInconsistentAppendEntries(1602)) - s2@group-EA982605F2E5: Failed appendEntries as previous log entry ((t:2, i:0)) is not found
2022-11-08 19:12:10,029 [s2-server-thread1] INFO  server.RaftServer$Division (RaftServerImpl.java:checkInconsistentAppendEntries(1572)) - s2@group-EA982605F2E5: inconsistency entries. Reply:s1<-s2#1852:FAIL-t2,INCONSISTENCY,nextIndex=0,followerCommit=0,matchIndex=-1
2022-11-08 19:12:10,029 [grpc-default-executor-0] INFO  leader.FollowerInfo (FollowerInfoImpl.java:lambda$new$0(48)) - s1@group-EA982605F2E5->s2: nextIndex: updateUnconditionally 5 -> 0
2022-11-08 19:12:10,030 [s2-server-thread1] DEBUG server.RaftServer$Division (RaftServerImpl.java:logAppendEntries(1421)) - s2@group-EA982605F2E5: receive appendEntries(s1, 2, null, 4, true, commits:[s1:c4, s0:c4, s2:c0], cId:1853, entries: [(t:2, i:0), CONFIGURATIONENTRY(current:id: "s0"
address: "localhost:34297"
dataStreamAddress: "localhost:43983"
clientAddress: "localhost:39609"
adminAddress: "localhost:37077"
startupRole: FOLLOWER
,id: "s1"
address: "localhost:38917"
dataStreamAddress: "localhost:45719"
clientAddress: "localhost:36975"
adminAddress: "localhost:40635"
startupRole: FOLLOWER
,id: "s2"
address: "localhost:35511"
dataStreamAddress: "localhost:38827"
clientAddress: "localhost:42865"
adminAddress: "localhost:36791"
startupRole: FOLLOWER
, old:), (t:2, i:1), STATEMACHINELOGENTRY, 0@client-2EFB324ADA71, (t:2, i:2), METADATAENTRY(c:1), (t:2, i:3), STATEMACHINELOGENTRY, 999@client-AE8279CAF820, (t:2, i:4), METADATAENTRY(c:3)]
2022-11-08 19:12:10,030 [s2-server-thread1] INFO  server.RaftServer$Division (RaftServerImpl.java:checkInconsistentAppendEntries(1592)) - s2@group-EA982605F2E5: Failed appendEntries as the first entry (index 0) already exists (snapshotIndex: -1, commitIndex: 0)
2022-11-08 19:12:10,030 [s2-server-thread1] INFO  server.RaftServer$Division (RaftServerImpl.java:checkInconsistentAppendEntries(1572)) - s2@group-EA982605F2E5: inconsistency entries. Reply:s1<-s2#1853:FAIL-t2,INCONSISTENCY,nextIndex=1,followerCommit=0,matchIndex=-1
2022-11-08 19:12:10,030 [grpc-default-executor-0] INFO  leader.FollowerInfo (FollowerInfoImpl.java:lambda$new$0(48)) - s1@group-EA982605F2E5->s2: nextIndex: updateUnconditionally 5 -> 1
2022-11-08 19:12:10,031 [s2-server-thread1] DEBUG server.RaftServer$Division (RaftServerImpl.java:logAppendEntries(1421)) - s2@group-EA982605F2E5: receive appendEntries(s1, 2, (t:2, i:0), 4, true, commits:[s1:c4, s0:c4, s2:c0], cId:1854, entries: [(t:2, i:1), STATEMACHINELOGENTRY, 0@client-2EFB324ADA71, (t:2, i:2), METADATAENTRY(c:1), (t:2, i:3), STATEMACHINELOGENTRY, 999@client-AE8279CAF820, (t:2, i:4), METADATAENTRY(c:3)]
2022-11-08 19:12:10,031 [s2-server-thread1] INFO  server.RaftServer$Division (RaftServerImpl.java:checkInconsistentAppendEntries(1602)) - s2@group-EA982605F2E5: Failed appendEntries as previous log entry ((t:2, i:0)) is not found
2022-11-08 19:12:10,031 [s2-server-thread1] INFO  server.RaftServer$Division (RaftServerImpl.java:checkInconsistentAppendEntries(1572)) - s2@group-EA982605F2E5: inconsistency entries. Reply:s1<-s2#1854:FAIL-t2,INCONSISTENCY,nextIndex=0,followerCommit=0,matchIndex=-1
2022-11-08 19:12:10,031 [grpc-default-executor-0] INFO  leader.FollowerInfo (FollowerInfoImpl.java:lambda$new$0(48)) - s1@group-EA982605F2E5->s2: nextIndex: updateUnconditionally 5 -> 0
2022-11-08 19:12:10,032 [s2-server-thread1] DEBUG server.RaftServer$Division (RaftServerImpl.java:logAppendEntries(1421)) - s2@group-EA982605F2E5: receive appendEntries(s1, 2, null, 4, true, commits:[s1:c4, s0:c4, s2:c0], cId:1855, entries: [(t:2, i:0), CONFIGURATIONENTRY(current:id: "s0"
address: "localhost:34297"
dataStreamAddress: "localhost:43983"
clientAddress: "localhost:39609"
adminAddress: "localhost:37077"
startupRole: FOLLOWER
,id: "s1"
address: "localhost:38917"
dataStreamAddress: "localhost:45719"
clientAddress: "localhost:36975"
adminAddress: "localhost:40635"
startupRole: FOLLOWER
,id: "s2"
address: "localhost:35511"
dataStreamAddress: "localhost:38827"
clientAddress: "localhost:42865"
adminAddress: "localhost:36791"
startupRole: FOLLOWER
, old:), (t:2, i:1), STATEMACHINELOGENTRY, 0@client-2EFB324ADA71, (t:2, i:2), METADATAENTRY(c:1), (t:2, i:3), STATEMACHINELOGENTRY, 999@client-AE8279CAF820, (t:2, i:4), METADATAENTRY(c:3)]
2022-11-08 19:12:10,032 [s2-server-thread1] INFO  server.RaftServer$Division (RaftServerImpl.java:checkInconsistentAppendEntries(1592)) - s2@group-EA982605F2E5: Failed appendEntries as the first entry (index 0) already exists (snapshotIndex: -1, commitIndex: 0)
2022-11-08 19:12:10,032 [s2-server-thread1] INFO  server.RaftServer$Division (RaftServerImpl.java:checkInconsistentAppendEntries(1572)) - s2@group-EA982605F2E5: inconsistency entries. Reply:s1<-s2#1855:FAIL-t2,INCONSISTENCY,nextIndex=1,followerCommit=0,matchIndex=-1
2022-11-08 19:12:10,033 [grpc-default-executor-0] INFO  leader.FollowerInfo (FollowerInfoImpl.java:lambda$new$0(48)) - s1@group-EA982605F2E5->s2: nextIndex: updateUnconditionally 5 -> 1
2022-11-08 19:12:10,033 [s2-server-thread1] DEBUG server.RaftServer$Division (RaftServerImpl.java:logAppendEntries(1421)) - s2@group-EA982605F2E5: receive appendEntries(s1, 2, (t:2, i:0), 4, true, commits:[s1:c4, s0:c4, s2:c0], cId:1856, entries: [(t:2, i:1), STATEMACHINELOGENTRY, 0@client-2EFB324ADA71, (t:2, i:2), METADATAENTRY(c:1), (t:2, i:3), STATEMACHINELOGENTRY, 999@client-AE8279CAF820, (t:2, i:4), METADATAENTRY(c:3)]
2022-11-08 19:12:10,033 [s2-server-thread1] INFO  server.RaftServer$Division (RaftServerImpl.java:checkInconsistentAppendEntries(1602)) - s2@group-EA982605F2E5: Failed appendEntries as previous log entry ((t:2, i:0)) is not found
2022-11-08 19:12:10,033 [s2-server-thread1] INFO  server.RaftServer$Division (RaftServerImpl.java:checkInconsistentAppendEntries(1572)) - s2@group-EA982605F2E5: inconsistency entries. Reply:s1<-s2#1856:FAIL-t2,INCONSISTENCY,nextIndex=0,followerCommit=0,matchIndex=-1
2022-11-08 19:12:10,034 [grpc-default-executor-0] INFO  leader.FollowerInfo (FollowerInfoImpl.java:lambda$new$0(48)) - s1@group-EA982605F2E5->s2: nextIndex: updateUnconditionally 5 -> 0
2022-11-08 19:12:10,034 [s2-server-thread1] DEBUG server.RaftServer$Division (RaftServerImpl.java:logAppendEntries(1421)) - s2@group-EA982605F2E5: receive appendEntries(s1, 2, null, 4, true, commits:[s1:c4, s0:c4, s2:c0], cId:1857, entries: [(t:2, i:0), CONFIGURATIONENTRY(current:id: "s0"
address: "localhost:34297"
dataStreamAddress: "localhost:43983"
clientAddress: "localhost:39609"
adminAddress: "localhost:37077"
startupRole: FOLLOWER
,id: "s1"
address: "localhost:38917"
dataStreamAddress: "localhost:45719"
clientAddress: "localhost:36975"
adminAddress: "localhost:40635"
startupRole: FOLLOWER
,id: "s2"
address: "localhost:35511"
dataStreamAddress: "localhost:38827"
clientAddress: "localhost:42865"
adminAddress: "localhost:36791"
startupRole: FOLLOWER
, old:), (t:2, i:1), STATEMACHINELOGENTRY, 0@client-2EFB324ADA71, (t:2, i:2), METADATAENTRY(c:1), (t:2, i:3), STATEMACHINELOGENTRY, 999@client-AE8279CAF820, (t:2, i:4), METADATAENTRY(c:3)]
2022-11-08 19:12:10,034 [s2-server-thread1] INFO  server.RaftServer$Division (RaftServerImpl.java:checkInconsistentAppendEntries(1592)) - s2@group-EA982605F2E5: Failed appendEntries as the first entry (index 0) already exists (snapshotIndex: -1, commitIndex: 0)
2022-11-08 19:12:10,035 [s2-server-thread1] INFO  server.RaftServer$Division (RaftServerImpl.java:checkInconsistentAppendEntries(1572)) - s2@group-EA982605F2E5: inconsistency entries. Reply:s1<-s2#1857:FAIL-t2,INCONSISTENCY,nextIndex=1,followerCommit=0,matchIndex=-1
2022-11-08 19:12:10,035 [grpc-default-executor-0] INFO  leader.FollowerInfo (FollowerInfoImpl.java:lambda$new$0(48)) - s1@group-EA982605F2E5->s2: nextIndex: updateUnconditionally 5 -> 1
2022-11-08 19:12:10,035 [s2-server-thread1] DEBUG server.RaftServer$Division (RaftServerImpl.java:logAppendEntries(1421)) - s2@group-EA982605F2E5: receive appendEntries(s1, 2, (t:2, i:0), 4, true, commits:[s1:c4, s0:c4, s2:c0], cId:1858, entries: [(t:2, i:1), STATEMACHINELOGENTRY, 0@client-2EFB324ADA71, (t:2, i:2), METADATAENTRY(c:1), (t:2, i:3), STATEMACHINELOGENTRY, 999@client-AE8279CAF820, (t:2, i:4), METADATAENTRY(c:3)]
2022-11-08 19:12:10,035 [s2-server-thread1] INFO  server.RaftServer$Division (RaftServerImpl.java:checkInconsistentAppendEntries(1602)) - s2@group-EA982605F2E5: Failed appendEntries as previous log entry ((t:2, i:0)) is not found
2022-11-08 19:12:10,036 [s2-server-thread1] INFO  server.RaftServer$Division (RaftServerImpl.java:checkInconsistentAppendEntries(1572)) - s2@group-EA982605F2E5: inconsistency entries. Reply:s1<-s2#1858:FAIL-t2,INCONSISTENCY,nextIndex=0,followerCommit=0,matchIndex=-1
2022-11-08 19:12:10,036 [grpc-default-executor-0] INFO  leader.FollowerInfo (FollowerInfoImpl.java:lambda$new$0(48)) - s1@group-EA982605F2E5->s2: nextIndex: updateUnconditionally 5 -> 0
2022-11-08 19:12:10,036 [s2-server-thread1] DEBUG server.RaftServer$Division (RaftServerImpl.java:logAppendEntries(1421)) - s2@group-EA982605F2E5: receive appendEntries(s1, 2, null, 4, true, commits:[s1:c4, s0:c4, s2:c0], cId:1859, entries: [(t:2, i:0), CONFIGURATIONENTRY(current:id: "s0"
address: "localhost:34297"
dataStreamAddress: "localhost:43983"
clientAddress: "localhost:39609"
adminAddress: "localhost:37077"
startupRole: FOLLOWER
,id: "s1"
address: "localhost:38917"
dataStreamAddress: "localhost:45719"
clientAddress: "localhost:36975"
adminAddress: "localhost:40635"
startupRole: FOLLOWER
,id: "s2"
address: "localhost:35511"
dataStreamAddress: "localhost:38827"
clientAddress: "localhost:42865"
adminAddress: "localhost:36791"
startupRole: FOLLOWER
, old:), (t:2, i:1), STATEMACHINELOGENTRY, 0@client-2EFB324ADA71, (t:2, i:2), METADATAENTRY(c:1), (t:2, i:3), STATEMACHINELOGENTRY, 999@client-AE8279CAF820, (t:2, i:4), METADATAENTRY(c:3)]
2022-11-08 19:12:10,037 [s2-server-thread1] INFO  server.RaftServer$Division (RaftServerImpl.java:checkInconsistentAppendEntries(1592)) - s2@group-EA982605F2E5: Failed appendEntries as the first entry (index 0) already exists (snapshotIndex: -1, commitIndex: 0)
2022-11-08 19:12:10,037 [s2-server-thread1] INFO  server.RaftServer$Division (RaftServerImpl.java:checkInconsistentAppendEntries(1572)) - s2@group-EA982605F2E5: inconsistency entries. Reply:s1<-s2#1859:FAIL-t2,INCONSISTENCY,nextIndex=1,followerCommit=0,matchIndex=-1
2022-11-08 19:12:10,037 [grpc-default-executor-0] INFO  leader.FollowerInfo (FollowerInfoImpl.java:lambda$new$0(48)) - s1@group-EA982605F2E5->s2: nextIndex: updateUnconditionally 5 -> 1
2022-11-08 19:12:10,038 [s2-server-thread1] DEBUG server.RaftServer$Division (RaftServerImpl.java:logAppendEntries(1421)) - s2@group-EA982605F2E5: receive appendEntries(s1, 2, (t:2, i:0), 4, true, commits:[s1:c4, s0:c4, s2:c0], cId:1860, entries: [(t:2, i:1), STATEMACHINELOGENTRY, 0@client-2EFB324ADA71, (t:2, i:2), METADATAENTRY(c:1), (t:2, i:3), STATEMACHINELOGENTRY, 999@client-AE8279CAF820, (t:2, i:4), METADATAENTRY(c:3)]
2022-11-08 19:12:10,038 [s2-server-thread1] INFO  server.RaftServer$Division (RaftServerImpl.java:checkInconsistentAppendEntries(1602)) - s2@group-EA982605F2E5: Failed appendEntries as previous log entry ((t:2, i:0)) is not found
2022-11-08 19:12:10,038 [s2-server-thread1] INFO  server.RaftServer$Division (RaftServerImpl.java:checkInconsistentAppendEntries(1572)) - s2@group-EA982605F2E5: inconsistency entries. Reply:s1<-s2#1860:FAIL-t2,INCONSISTENCY,nextIndex=0,followerCommit=0,matchIndex=-1
2022-11-08 19:12:10,038 [grpc-default-executor-0] INFO  leader.FollowerInfo (FollowerInfoImpl.java:lambda$new$0(48)) - s1@group-EA982605F2E5->s2: nextIndex: updateUnconditionally 5 -> 0
2022-11-08 19:12:10,039 [s2-server-thread1] DEBUG server.RaftServer$Division (RaftServerImpl.java:logAppendEntries(1421)) - s2@group-EA982605F2E5: receive appendEntries(s1, 2, null, 4, true, commits:[s1:c4, s0:c4, s2:c0], cId:1861, entries: [(t:2, i:0), CONFIGURATIONENTRY(current:id: "s0"
address: "localhost:34297"
dataStreamAddress: "localhost:43983"
clientAddress: "localhost:39609"
adminAddress: "localhost:37077"
startupRole: FOLLOWER
,id: "s1"
address: "localhost:38917"
dataStreamAddress: "localhost:45719"
clientAddress: "localhost:36975"
adminAddress: "localhost:40635"
startupRole: FOLLOWER
,id: "s2"
address: "localhost:35511"
dataStreamAddress: "localhost:38827"
clientAddress: "localhost:42865"
adminAddress: "localhost:36791"
startupRole: FOLLOWER
, old:), (t:2, i:1), STATEMACHINELOGENTRY, 0@client-2EFB324ADA71, (t:2, i:2), METADATAENTRY(c:1), (t:2, i:3), STATEMACHINELOGENTRY, 999@client-AE8279CAF820, (t:2, i:4), METADATAENTRY(c:3)]
2022-11-08 19:12:10,039 [s2-server-thread1] INFO  server.RaftServer$Division (RaftServerImpl.java:checkInconsistentAppendEntries(1592)) - s2@group-EA982605F2E5: Failed appendEntries as the first entry (index 0) already exists (snapshotIndex: -1, commitIndex: 0)
2022-11-08 19:12:10,039 [s2-server-thread1] INFO  server.RaftServer$Division (RaftServerImpl.java:checkInconsistentAppendEntries(1572)) - s2@group-EA982605F2E5: inconsistency entries. Reply:s1<-s2#1861:FAIL-t2,INCONSISTENCY,nextIndex=1,followerCommit=0,matchIndex=-1
2022-11-08 19:12:10,039 [grpc-default-executor-0] INFO  leader.FollowerInfo (FollowerInfoImpl.java:lambda$new$0(48)) - s1@group-EA982605F2E5->s2: nextIndex: updateUnconditionally 5 -> 1
2022-11-08 19:12:10,040 [s2-server-thread1] DEBUG server.RaftServer$Division (RaftServerImpl.java:logAppendEntries(1421)) - s2@group-EA982605F2E5: receive appendEntries(s1, 2, (t:2, i:0), 4, true, commits:[s1:c4, s0:c4, s2:c0], cId:1862, entries: [(t:2, i:1), STATEMACHINELOGENTRY, 0@client-2EFB324ADA71, (t:2, i:2), METADATAENTRY(c:1), (t:2, i:3), STATEMACHINELOGENTRY, 999@client-AE8279CAF820, (t:2, i:4), METADATAENTRY(c:3)]
2022-11-08 19:12:10,040 [s2-server-thread1] INFO  server.RaftServer$Division (RaftServerImpl.java:checkInconsistentAppendEntries(1602)) - s2@group-EA982605F2E5: Failed appendEntries as previous log entry ((t:2, i:0)) is not found
2022-11-08 19:12:10,040 [s2-server-thread1] INFO  server.RaftServer$Division (RaftServerImpl.java:checkInconsistentAppendEntries(1572)) - s2@group-EA982605F2E5: inconsistency entries. Reply:s1<-s2#1862:FAIL-t2,INCONSISTENCY,nextIndex=0,followerCommit=0,matchIndex=-1
2022-11-08 19:12:10,041 [grpc-default-executor-0] INFO  leader.FollowerInfo (FollowerInfoImpl.java:lambda$new$0(48)) - s1@group-EA982605F2E5->s2: nextIndex: updateUnconditionally 5 -> 0
2022-11-08 19:12:10,041 [s2-server-thread1] DEBUG server.RaftServer$Division (RaftServerImpl.java:logAppendEntries(1421)) - s2@group-EA982605F2E5: receive appendEntries(s1, 2, null, 4, true, commits:[s1:c4, s0:c4, s2:c0], cId:1863, entries: [(t:2, i:0), CONFIGURATIONENTRY(current:id: "s0"
address: "localhost:34297"
dataStreamAddress: "localhost:43983"
clientAddress: "localhost:39609"
adminAddress: "localhost:37077"
startupRole: FOLLOWER
,id: "s1"
address: "localhost:38917"
dataStreamAddress: "localhost:45719"
clientAddress: "localhost:36975"
adminAddress: "localhost:40635"
startupRole: FOLLOWER
,id: "s2"
address: "localhost:35511"
dataStreamAddress: "localhost:38827"
clientAddress: "localhost:42865"
adminAddress: "localhost:36791"
startupRole: FOLLOWER
, old:), (t:2, i:1), STATEMACHINELOGENTRY, 0@client-2EFB324ADA71, (t:2, i:2), METADATAENTRY(c:1), (t:2, i:3), STATEMACHINELOGENTRY, 999@client-AE8279CAF820, (t:2, i:4), METADATAENTRY(c:3)]
2022-11-08 19:12:10,041 [s2-server-thread1] INFO  server.RaftServer$Division (RaftServerImpl.java:checkInconsistentAppendEntries(1592)) - s2@group-EA982605F2E5: Failed appendEntries as the first entry (index 0) already exists (snapshotIndex: -1, commitIndex: 0)
2022-11-08 19:12:10,041 [s2-server-thread1] INFO  server.RaftServer$Division (RaftServerImpl.java:checkInconsistentAppendEntries(1572)) - s2@group-EA982605F2E5: inconsistency entries. Reply:s1<-s2#1863:FAIL-t2,INCONSISTENCY,nextIndex=1,followerCommit=0,matchIndex=-1
2022-11-08 19:12:10,042 [grpc-default-executor-0] INFO  leader.FollowerInfo (FollowerInfoImpl.java:lambda$new$0(48)) - s1@group-EA982605F2E5->s2: nextIndex: updateUnconditionally 5 -> 1
2022-11-08 19:12:10,042 [s2-server-thread1] DEBUG server.RaftServer$Division (RaftServerImpl.java:logAppendEntries(1421)) - s2@group-EA982605F2E5: receive appendEntries(s1, 2, (t:2, i:0), 4, true, commits:[s1:c4, s0:c4, s2:c0], cId:1864, entries: [(t:2, i:1), STATEMACHINELOGENTRY, 0@client-2EFB324ADA71, (t:2, i:2), METADATAENTRY(c:1), (t:2, i:3), STATEMACHINELOGENTRY, 999@client-AE8279CAF820, (t:2, i:4), METADATAENTRY(c:3)]
2022-11-08 19:12:10,042 [s2-server-thread1] INFO  server.RaftServer$Division (RaftServerImpl.java:checkInconsistentAppendEntries(1602)) - s2@group-EA982605F2E5: Failed appendEntries as previous log entry ((t:2, i:0)) is not found
2022-11-08 19:12:10,042 [s2-server-thread1] INFO  server.RaftServer$Division (RaftServerImpl.java:checkInconsistentAppendEntries(1572)) - s2@group-EA982605F2E5: inconsistency entries. Reply:s1<-s2#1864:FAIL-t2,INCONSISTENCY,nextIndex=0,followerCommit=0,matchIndex=-1
2022-11-08 19:12:10,043 [grpc-default-executor-0] INFO  leader.FollowerInfo (FollowerInfoImpl.java:lambda$new$0(48)) - s1@group-EA982605F2E5->s2: nextIndex: updateUnconditionally 5 -> 0
2022-11-08 19:12:10,043 [s2-server-thread1] DEBUG server.RaftServer$Division (RaftServerImpl.java:logAppendEntries(1421)) - s2@group-EA982605F2E5: receive appendEntries(s1, 2, null, 4, true, commits:[s1:c4, s0:c4, s2:c0], cId:1865, entries: [(t:2, i:0), CONFIGURATIONENTRY(current:id: "s0"
address: "localhost:34297"
dataStreamAddress: "localhost:43983"
clientAddress: "localhost:39609"
adminAddress: "localhost:37077"
startupRole: FOLLOWER
,id: "s1"
address: "localhost:38917"
dataStreamAddress: "localhost:45719"
clientAddress: "localhost:36975"
adminAddress: "localhost:40635"
startupRole: FOLLOWER
,id: "s2"
address: "localhost:35511"
dataStreamAddress: "localhost:38827"
clientAddress: "localhost:42865"
adminAddress: "localhost:36791"
startupRole: FOLLOWER
, old:), (t:2, i:1), STATEMACHINELOGENTRY, 0@client-2EFB324ADA71, (t:2, i:2), METADATAENTRY(c:1), (t:2, i:3), STATEMACHINELOGENTRY, 999@client-AE8279CAF820, (t:2, i:4), METADATAENTRY(c:3)]
2022-11-08 19:12:10,044 [s2-server-thread1] INFO  server.RaftServer$Division (RaftServerImpl.java:checkInconsistentAppendEntries(1592)) - s2@group-EA982605F2E5: Failed appendEntries as the first entry (index 0) already exists (snapshotIndex: -1, commitIndex: 0)
2022-11-08 19:12:10,044 [s2-server-thread1] INFO  server.RaftServer$Division (RaftServerImpl.java:checkInconsistentAppendEntries(1572)) - s2@group-EA982605F2E5: inconsistency entries. Reply:s1<-s2#1865:FAIL-t2,INCONSISTENCY,nextIndex=1,followerCommit=0,matchIndex=-1
2022-11-08 19:12:10,045 [grpc-default-executor-0] INFO  leader.FollowerInfo (FollowerInfoImpl.java:lambda$new$0(48)) - s1@group-EA982605F2E5->s2: nextIndex: updateUnconditionally 5 -> 1
2022-11-08 19:12:10,045 [s2-server-thread1] DEBUG server.RaftServer$Division (RaftServerImpl.java:logAppendEntries(1421)) - s2@group-EA982605F2E5: receive appendEntries(s1, 2, (t:2, i:0), 4, true, commits:[s1:c4, s0:c4, s2:c0], cId:1866, entries: [(t:2, i:1), STATEMACHINELOGENTRY, 0@client-2EFB324ADA71, (t:2, i:2), METADATAENTRY(c:1), (t:2, i:3), STATEMACHINELOGENTRY, 999@client-AE8279CAF820, (t:2, i:4), METADATAENTRY(c:3)]
2022-11-08 19:12:10,045 [s2-server-thread1] INFO  server.RaftServer$Division (RaftServerImpl.java:checkInconsistentAppendEntries(1602)) - s2@group-EA982605F2E5: Failed appendEntries as previous log entry ((t:2, i:0)) is not found
2022-11-08 19:12:10,045 [s2-server-thread1] INFO  server.RaftServer$Division (RaftServerImpl.java:checkInconsistentAppendEntries(1572)) - s2@group-EA982605F2E5: inconsistency entries. Reply:s1<-s2#1866:FAIL-t2,INCONSISTENCY,nextIndex=0,followerCommit=0,matchIndex=-1
2022-11-08 19:12:10,046 [grpc-default-executor-0] INFO  leader.FollowerInfo (FollowerInfoImpl.java:lambda$new$0(48)) - s1@group-EA982605F2E5->s2: nextIndex: updateUnconditionally 5 -> 0
2022-11-08 19:12:10,046 [s2-server-thread1] DEBUG server.RaftServer$Division (RaftServerImpl.java:logAppendEntries(1421)) - s2@group-EA982605F2E5: receive appendEntries(s1, 2, null, 4, true, commits:[s1:c4, s0:c4, s2:c0], cId:1867, entries: [(t:2, i:0), CONFIGURATIONENTRY(current:id: "s0"
address: "localhost:34297"
dataStreamAddress: "localhost:43983"
clientAddress: "localhost:39609"
adminAddress: "localhost:37077"
startupRole: FOLLOWER
,id: "s1"
address: "localhost:38917"
dataStreamAddress: "localhost:45719"
clientAddress: "localhost:36975"
adminAddress: "localhost:40635"
startupRole: FOLLOWER
,id: "s2"
address: "localhost:35511"
dataStreamAddress: "localhost:38827"
clientAddress: "localhost:42865"
adminAddress: "localhost:36791"
startupRole: FOLLOWER
, old:), (t:2, i:1), STATEMACHINELOGENTRY, 0@client-2EFB324ADA71, (t:2, i:2), METADATAENTRY(c:1), (t:2, i:3), STATEMACHINELOGENTRY, 999@client-AE8279CAF820, (t:2, i:4), METADATAENTRY(c:3)]
2022-11-08 19:12:10,046 [s2-server-thread1] INFO  server.RaftServer$Division (RaftServerImpl.java:checkInconsistentAppendEntries(1592)) - s2@group-EA982605F2E5: Failed appendEntries as the first entry (index 0) already exists (snapshotIndex: -1, commitIndex: 0)
2022-11-08 19:12:10,047 [s2-server-thread1] INFO  server.RaftServer$Division (RaftServerImpl.java:checkInconsistentAppendEntries(1572)) - s2@group-EA982605F2E5: inconsistency entries. Reply:s1<-s2#1867:FAIL-t2,INCONSISTENCY,nextIndex=1,followerCommit=0,matchIndex=-1
2022-11-08 19:12:10,047 [grpc-default-executor-0] INFO  leader.FollowerInfo (FollowerInfoImpl.java:lambda$new$0(48)) - s1@group-EA982605F2E5->s2: nextIndex: updateUnconditionally 5 -> 1
2022-11-08 19:12:10,047 [s2-server-thread1] DEBUG server.RaftServer$Division (RaftServerImpl.java:logAppendEntries(1421)) - s2@group-EA982605F2E5: receive appendEntries(s1, 2, (t:2, i:0), 4, true, commits:[s1:c4, s0:c4, s2:c0], cId:1868, entries: [(t:2, i:1), STATEMACHINELOGENTRY, 0@client-2EFB324ADA71, (t:2, i:2), METADATAENTRY(c:1), (t:2, i:3), STATEMACHINELOGENTRY, 999@client-AE8279CAF820, (t:2, i:4), METADATAENTRY(c:3)]
2022-11-08 19:12:10,048 [s2-server-thread1] INFO  server.RaftServer$Division (RaftServerImpl.java:checkInconsistentAppendEntries(1602)) - s2@group-EA982605F2E5: Failed appendEntries as previous log entry ((t:2, i:0)) is not found
2022-11-08 19:12:10,048 [s2-server-thread1] INFO  server.RaftServer$Division (RaftServerImpl.java:checkInconsistentAppendEntries(1572)) - s2@group-EA982605F2E5: inconsistency entries. Reply:s1<-s2#1868:FAIL-t2,INCONSISTENCY,nextIndex=0,followerCommit=0,matchIndex=-1
2022-11-08 19:12:10,048 [grpc-default-executor-0] INFO  leader.FollowerInfo (FollowerInfoImpl.java:lambda$new$0(48)) - s1@group-EA982605F2E5->s2: nextIndex: updateUnconditionally 5 -> 0
2022-11-08 19:12:10,049 [s2-server-thread1] DEBUG server.RaftServer$Division (RaftServerImpl.java:logAppendEntries(1421)) - s2@group-EA982605F2E5: receive appendEntries(s1, 2, null, 4, true, commits:[s1:c4, s0:c4, s2:c0], cId:1869, entries: [(t:2, i:0), CONFIGURATIONENTRY(current:id: "s0"
address: "localhost:34297"
dataStreamAddress: "localhost:43983"
clientAddress: "localhost:39609"
adminAddress: "localhost:37077"
startupRole: FOLLOWER
,id: "s1"
address: "localhost:38917"
dataStreamAddress: "localhost:45719"
clientAddress: "localhost:36975"
adminAddress: "localhost:40635"
startupRole: FOLLOWER
,id: "s2"
address: "localhost:35511"
dataStreamAddress: "localhost:38827"
clientAddress: "localhost:42865"
adminAddress: "localhost:36791"
startupRole: FOLLOWER
, old:), (t:2, i:1), STATEMACHINELOGENTRY, 0@client-2EFB324ADA71, (t:2, i:2), METADATAENTRY(c:1), (t:2, i:3), STATEMACHINELOGENTRY, 999@client-AE8279CAF820, (t:2, i:4), METADATAENTRY(c:3)]
2022-11-08 19:12:10,049 [s2-server-thread1] INFO  server.RaftServer$Division (RaftServerImpl.java:checkInconsistentAppendEntries(1592)) - s2@group-EA982605F2E5: Failed appendEntries as the first entry (index 0) already exists (snapshotIndex: -1, commitIndex: 0)
2022-11-08 19:12:10,049 [s2-server-thread1] INFO  server.RaftServer$Division (RaftServerImpl.java:checkInconsistentAppendEntries(1572)) - s2@group-EA982605F2E5: inconsistency entries. Reply:s1<-s2#1869:FAIL-t2,INCONSISTENCY,nextIndex=1,followerCommit=0,matchIndex=-1
2022-11-08 19:12:10,049 [grpc-default-executor-0] INFO  leader.FollowerInfo (FollowerInfoImpl.java:lambda$new$0(48)) - s1@group-EA982605F2E5->s2: nextIndex: updateUnconditionally 5 -> 1
2022-11-08 19:12:10,050 [s2-server-thread1] DEBUG server.RaftServer$Division (RaftServerImpl.java:logAppendEntries(1421)) - s2@group-EA982605F2E5: receive appendEntries(s1, 2, (t:2, i:0), 4, true, commits:[s1:c4, s0:c4, s2:c0], cId:1870, entries: [(t:2, i:1), STATEMACHINELOGENTRY, 0@client-2EFB324ADA71, (t:2, i:2), METADATAENTRY(c:1), (t:2, i:3), STATEMACHINELOGENTRY, 999@client-AE8279CAF820, (t:2, i:4), METADATAENTRY(c:3)]
2022-11-08 19:12:10,050 [s2-server-thread1] INFO  server.RaftServer$Division (RaftServerImpl.java:checkInconsistentAppendEntries(1602)) - s2@group-EA982605F2E5: Failed appendEntries as previous log entry ((t:2, i:0)) is not found
2022-11-08 19:12:10,050 [s2-server-thread1] INFO  server.RaftServer$Division (RaftServerImpl.java:checkInconsistentAppendEntries(1572)) - s2@group-EA982605F2E5: inconsistency entries. Reply:s1<-s2#1870:FAIL-t2,INCONSISTENCY,nextIndex=0,followerCommit=0,matchIndex=-1
2022-11-08 19:12:10,050 [grpc-default-executor-0] INFO  leader.FollowerInfo (FollowerInfoImpl.java:lambda$new$0(48)) - s1@group-EA982605F2E5->s2: nextIndex: updateUnconditionally 5 -> 0
2022-11-08 19:12:10,051 [s2-server-thread1] DEBUG server.RaftServer$Division (RaftServerImpl.java:logAppendEntries(1421)) - s2@group-EA982605F2E5: receive appendEntries(s1, 2, null, 4, true, commits:[s1:c4, s0:c4, s2:c0], cId:1871, entries: [(t:2, i:0), CONFIGURATIONENTRY(current:id: "s0"
address: "localhost:34297"
dataStreamAddress: "localhost:43983"
clientAddress: "localhost:39609"
adminAddress: "localhost:37077"
startupRole: FOLLOWER
,id: "s1"
address: "localhost:38917"
dataStreamAddress: "localhost:45719"
clientAddress: "localhost:36975"
adminAddress: "localhost:40635"
startupRole: FOLLOWER
,id: "s2"
address: "localhost:35511"
dataStreamAddress: "localhost:38827"
clientAddress: "localhost:42865"
adminAddress: "localhost:36791"
startupRole: FOLLOWER
, old:), (t:2, i:1), STATEMACHINELOGENTRY, 0@client-2EFB324ADA71, (t:2, i:2), METADATAENTRY(c:1), (t:2, i:3), STATEMACHINELOGENTRY, 999@client-AE8279CAF820, (t:2, i:4), METADATAENTRY(c:3)]
2022-11-08 19:12:10,051 [s2-server-thread1] INFO  server.RaftServer$Division (RaftServerImpl.java:checkInconsistentAppendEntries(1592)) - s2@group-EA982605F2E5: Failed appendEntries as the first entry (index 0) already exists (snapshotIndex: -1, commitIndex: 0)
2022-11-08 19:12:10,051 [s2-server-thread1] INFO  server.RaftServer$Division (RaftServerImpl.java:checkInconsistentAppendEntries(1572)) - s2@group-EA982605F2E5: inconsistency entries. Reply:s1<-s2#1871:FAIL-t2,INCONSISTENCY,nextIndex=1,followerCommit=0,matchIndex=-1
2022-11-08 19:12:10,051 [grpc-default-executor-0] INFO  leader.FollowerInfo (FollowerInfoImpl.java:lambda$new$0(48)) - s1@group-EA982605F2E5->s2: nextIndex: updateUnconditionally 5 -> 1
2022-11-08 19:12:10,052 [s2-server-thread1] DEBUG server.RaftServer$Division (RaftServerImpl.java:logAppendEntries(1421)) - s2@group-EA982605F2E5: receive appendEntries(s1, 2, (t:2, i:0), 4, true, commits:[s1:c4, s0:c4, s2:c0], cId:1872, entries: [(t:2, i:1), STATEMACHINELOGENTRY, 0@client-2EFB324ADA71, (t:2, i:2), METADATAENTRY(c:1), (t:2, i:3), STATEMACHINELOGENTRY, 999@client-AE8279CAF820, (t:2, i:4), METADATAENTRY(c:3)]
2022-11-08 19:12:10,052 [s2-server-thread1] INFO  server.RaftServer$Division (RaftServerImpl.java:checkInconsistentAppendEntries(1602)) - s2@group-EA982605F2E5: Failed appendEntries as previous log entry ((t:2, i:0)) is not found
2022-11-08 19:12:10,052 [s2-server-thread1] INFO  server.RaftServer$Division (RaftServerImpl.java:checkInconsistentAppendEntries(1572)) - s2@group-EA982605F2E5: inconsistency entries. Reply:s1<-s2#1872:FAIL-t2,INCONSISTENCY,nextIndex=0,followerCommit=0,matchIndex=-1
2022-11-08 19:12:10,052 [grpc-default-executor-0] INFO  leader.FollowerInfo (FollowerInfoImpl.java:lambda$new$0(48)) - s1@group-EA982605F2E5->s2: nextIndex: updateUnconditionally 5 -> 0
2022-11-08 19:12:10,053 [s2-server-thread1] DEBUG server.RaftServer$Division (RaftServerImpl.java:logAppendEntries(1421)) - s2@group-EA982605F2E5: receive appendEntries(s1, 2, null, 4, true, commits:[s1:c4, s0:c4, s2:c0], cId:1873, entries: [(t:2, i:0), CONFIGURATIONENTRY(current:id: "s0"
address: "localhost:34297"
dataStreamAddress: "localhost:43983"
clientAddress: "localhost:39609"
adminAddress: "localhost:37077"
startupRole: FOLLOWER
,id: "s1"
address: "localhost:38917"
dataStreamAddress: "localhost:45719"
clientAddress: "localhost:36975"
adminAddress: "localhost:40635"
startupRole: FOLLOWER
,id: "s2"
address: "localhost:35511"
dataStreamAddress: "localhost:38827"
clientAddress: "localhost:42865"
adminAddress: "localhost:36791"
startupRole: FOLLOWER
, old:), (t:2, i:1), STATEMACHINELOGENTRY, 0@client-2EFB324ADA71, (t:2, i:2), METADATAENTRY(c:1), (t:2, i:3), STATEMACHINELOGENTRY, 999@client-AE8279CAF820, (t:2, i:4), METADATAENTRY(c:3)]
2022-11-08 19:12:10,053 [s2-server-thread1] INFO  server.RaftServer$Division (RaftServerImpl.java:checkInconsistentAppendEntries(1592)) - s2@group-EA982605F2E5: Failed appendEntries as the first entry (index 0) already exists (snapshotIndex: -1, commitIndex: 0)
2022-11-08 19:12:10,053 [s2-server-thread1] INFO  server.RaftServer$Division (RaftServerImpl.java:checkInconsistentAppendEntries(1572)) - s2@group-EA982605F2E5: inconsistency entries. Reply:s1<-s2#1873:FAIL-t2,INCONSISTENCY,nextIndex=1,followerCommit=0,matchIndex=-1
2022-11-08 19:12:10,054 [grpc-default-executor-0] INFO  leader.FollowerInfo (FollowerInfoImpl.java:lambda$new$0(48)) - s1@group-EA982605F2E5->s2: nextIndex: updateUnconditionally 5 -> 1
2022-11-08 19:12:10,054 [s2-server-thread1] DEBUG server.RaftServer$Division (RaftServerImpl.java:logAppendEntries(1421)) - s2@group-EA982605F2E5: receive appendEntries(s1, 2, (t:2, i:0), 4, true, commits:[s1:c4, s0:c4, s2:c0], cId:1874, entries: [(t:2, i:1), STATEMACHINELOGENTRY, 0@client-2EFB324ADA71, (t:2, i:2), METADATAENTRY(c:1), (t:2, i:3), STATEMACHINELOGENTRY, 999@client-AE8279CAF820, (t:2, i:4), METADATAENTRY(c:3)]
2022-11-08 19:12:10,056 [s2-server-thread1] INFO  server.RaftServer$Division (RaftServerImpl.java:checkInconsistentAppendEntries(1602)) - s2@group-EA982605F2E5: Failed appendEntries as previous log entry ((t:2, i:0)) is not found
2022-11-08 19:12:10,056 [s2-server-thread1] INFO  server.RaftServer$Division (RaftServerImpl.java:checkInconsistentAppendEntries(1572)) - s2@group-EA982605F2E5: inconsistency entries. Reply:s1<-s2#1874:FAIL-t2,INCONSISTENCY,nextIndex=0,followerCommit=0,matchIndex=-1
2022-11-08 19:12:10,057 [grpc-default-executor-0] INFO  leader.FollowerInfo (FollowerInfoImpl.java:lambda$new$0(48)) - s1@group-EA982605F2E5->s2: nextIndex: updateUnconditionally 5 -> 0
2022-11-08 19:12:10,057 [s2-server-thread1] DEBUG server.RaftServer$Division (RaftServerImpl.java:logAppendEntries(1421)) - s2@group-EA982605F2E5: receive appendEntries(s1, 2, null, 4, true, commits:[s1:c4, s0:c4, s2:c0], cId:1875, entries: [(t:2, i:0), CONFIGURATIONENTRY(current:id: "s0"
address: "localhost:34297"
dataStreamAddress: "localhost:43983"
clientAddress: "localhost:39609"
adminAddress: "localhost:37077"
startupRole: FOLLOWER
,id: "s1"
address: "localhost:38917"
dataStreamAddress: "localhost:45719"
clientAddress: "localhost:36975"
adminAddress: "localhost:40635"
startupRole: FOLLOWER
,id: "s2"
address: "localhost:35511"
dataStreamAddress: "localhost:38827"
clientAddress: "localhost:42865"
adminAddress: "localhost:36791"
startupRole: FOLLOWER
, old:), (t:2, i:1), STATEMACHINELOGENTRY, 0@client-2EFB324ADA71, (t:2, i:2), METADATAENTRY(c:1), (t:2, i:3), STATEMACHINELOGENTRY, 999@client-AE8279CAF820, (t:2, i:4), METADATAENTRY(c:3)]
2022-11-08 19:12:10,057 [s2-server-thread1] INFO  server.RaftServer$Division (RaftServerImpl.java:checkInconsistentAppendEntries(1592)) - s2@group-EA982605F2E5: Failed appendEntries as the first entry (index 0) already exists (snapshotIndex: -1, commitIndex: 0)
2022-11-08 19:12:10,058 [s2-server-thread1] INFO  server.RaftServer$Division (RaftServerImpl.java:checkInconsistentAppendEntries(1572)) - s2@group-EA982605F2E5: inconsistency entries. Reply:s1<-s2#1875:FAIL-t2,INCONSISTENCY,nextIndex=1,followerCommit=0,matchIndex=-1
2022-11-08 19:12:10,058 [grpc-default-executor-0] INFO  leader.FollowerInfo (FollowerInfoImpl.java:lambda$new$0(48)) - s1@group-EA982605F2E5->s2: nextIndex: updateUnconditionally 5 -> 1
2022-11-08 19:12:10,058 [s2-server-thread1] DEBUG server.RaftServer$Division (RaftServerImpl.java:logAppendEntries(1421)) - s2@group-EA982605F2E5: receive appendEntries(s1, 2, (t:2, i:0), 4, true, commits:[s1:c4, s0:c4, s2:c0], cId:1876, entries: [(t:2, i:1), STATEMACHINELOGENTRY, 0@client-2EFB324ADA71, (t:2, i:2), METADATAENTRY(c:1), (t:2, i:3), STATEMACHINELOGENTRY, 999@client-AE8279CAF820, (t:2, i:4), METADATAENTRY(c:3)]
2022-11-08 19:12:10,059 [s2-server-thread1] INFO  server.RaftServer$Division (RaftServerImpl.java:checkInconsistentAppendEntries(1602)) - s2@group-EA982605F2E5: Failed appendEntries as previous log entry ((t:2, i:0)) is not found
2022-11-08 19:12:10,059 [s2-server-thread1] INFO  server.RaftServer$Division (RaftServerImpl.java:checkInconsistentAppendEntries(1572)) - s2@group-EA982605F2E5: inconsistency entries. Reply:s1<-s2#1876:FAIL-t2,INCONSISTENCY,nextIndex=0,followerCommit=0,matchIndex=-1
2022-11-08 19:12:10,059 [grpc-default-executor-0] INFO  leader.FollowerInfo (FollowerInfoImpl.java:lambda$new$0(48)) - s1@group-EA982605F2E5->s2: nextIndex: updateUnconditionally 5 -> 0
2022-11-08 19:12:10,060 [s2-server-thread1] DEBUG server.RaftServer$Division (RaftServerImpl.java:logAppendEntries(1421)) - s2@group-EA982605F2E5: receive appendEntries(s1, 2, null, 4, true, commits:[s1:c4, s0:c4, s2:c0], cId:1877, entries: [(t:2, i:0), CONFIGURATIONENTRY(current:id: "s0"
address: "localhost:34297"
dataStreamAddress: "localhost:43983"
clientAddress: "localhost:39609"
adminAddress: "localhost:37077"
startupRole: FOLLOWER
,id: "s1"
address: "localhost:38917"
dataStreamAddress: "localhost:45719"
clientAddress: "localhost:36975"
adminAddress: "localhost:40635"
startupRole: FOLLOWER
,id: "s2"
address: "localhost:35511"
dataStreamAddress: "localhost:38827"
clientAddress: "localhost:42865"
adminAddress: "localhost:36791"
startupRole: FOLLOWER
, old:), (t:2, i:1), STATEMACHINELOGENTRY, 0@client-2EFB324ADA71, (t:2, i:2), METADATAENTRY(c:1), (t:2, i:3), STATEMACHINELOGENTRY, 999@client-AE8279CAF820, (t:2, i:4), METADATAENTRY(c:3)]
2022-11-08 19:12:10,060 [s2-server-thread1] INFO  server.RaftServer$Division (RaftServerImpl.java:checkInconsistentAppendEntries(1592)) - s2@group-EA982605F2E5: Failed appendEntries as the first entry (index 0) already exists (snapshotIndex: -1, commitIndex: 0)
2022-11-08 19:12:10,060 [s2-server-thread1] INFO  server.RaftServer$Division (RaftServerImpl.java:checkInconsistentAppendEntries(1572)) - s2@group-EA982605F2E5: inconsistency entries. Reply:s1<-s2#1877:FAIL-t2,INCONSISTENCY,nextIndex=1,followerCommit=0,matchIndex=-1
2022-11-08 19:12:10,060 [grpc-default-executor-0] INFO  leader.FollowerInfo (FollowerInfoImpl.java:lambda$new$0(48)) - s1@group-EA982605F2E5->s2: nextIndex: updateUnconditionally 5 -> 1
2022-11-08 19:12:10,061 [s2-server-thread1] DEBUG server.RaftServer$Division (RaftServerImpl.java:logAppendEntries(1421)) - s2@group-EA982605F2E5: receive appendEntries(s1, 2, (t:2, i:0), 4, true, commits:[s1:c4, s0:c4, s2:c0], cId:1878, entries: [(t:2, i:1), STATEMACHINELOGENTRY, 0@client-2EFB324ADA71, (t:2, i:2), METADATAENTRY(c:1), (t:2, i:3), STATEMACHINELOGENTRY, 999@client-AE8279CAF820, (t:2, i:4), METADATAENTRY(c:3)]
2022-11-08 19:12:10,061 [s2-server-thread1] INFO  server.RaftServer$Division (RaftServerImpl.java:checkInconsistentAppendEntries(1602)) - s2@group-EA982605F2E5: Failed appendEntries as previous log entry ((t:2, i:0)) is not found
2022-11-08 19:12:10,061 [s2-server-thread1] INFO  server.RaftServer$Division (RaftServerImpl.java:checkInconsistentAppendEntries(1572)) - s2@group-EA982605F2E5: inconsistency entries. Reply:s1<-s2#1878:FAIL-t2,INCONSISTENCY,nextIndex=0,followerCommit=0,matchIndex=-1
2022-11-08 19:12:10,061 [grpc-default-executor-0] INFO  leader.FollowerInfo (FollowerInfoImpl.java:lambda$new$0(48)) - s1@group-EA982605F2E5->s2: nextIndex: updateUnconditionally 5 -> 0
2022-11-08 19:12:10,062 [s2-server-thread1] DEBUG server.RaftServer$Division (RaftServerImpl.java:logAppendEntries(1421)) - s2@group-EA982605F2E5: receive appendEntries(s1, 2, null, 4, true, commits:[s1:c4, s0:c4, s2:c0], cId:1879, entries: [(t:2, i:0), CONFIGURATIONENTRY(current:id: "s0"
address: "localhost:34297"
dataStreamAddress: "localhost:43983"
clientAddress: "localhost:39609"
adminAddress: "localhost:37077"
startupRole: FOLLOWER
,id: "s1"
address: "localhost:38917"
dataStreamAddress: "localhost:45719"
clientAddress: "localhost:36975"
adminAddress: "localhost:40635"
startupRole: FOLLOWER
,id: "s2"
address: "localhost:35511"
dataStreamAddress: "localhost:38827"
clientAddress: "localhost:42865"
adminAddress: "localhost:36791"
startupRole: FOLLOWER
, old:), (t:2, i:1), STATEMACHINELOGENTRY, 0@client-2EFB324ADA71, (t:2, i:2), METADATAENTRY(c:1), (t:2, i:3), STATEMACHINELOGENTRY, 999@client-AE8279CAF820, (t:2, i:4), METADATAENTRY(c:3)]
2022-11-08 19:12:10,062 [s2-server-thread1] INFO  server.RaftServer$Division (RaftServerImpl.java:checkInconsistentAppendEntries(1592)) - s2@group-EA982605F2E5: Failed appendEntries as the first entry (index 0) already exists (snapshotIndex: -1, commitIndex: 0)
2022-11-08 19:12:10,062 [s2-server-thread1] INFO  server.RaftServer$Division (RaftServerImpl.java:checkInconsistentAppendEntries(1572)) - s2@group-EA982605F2E5: inconsistency entries. Reply:s1<-s2#1879:FAIL-t2,INCONSISTENCY,nextIndex=1,followerCommit=0,matchIndex=-1
2022-11-08 19:12:10,063 [grpc-default-executor-0] INFO  leader.FollowerInfo (FollowerInfoImpl.java:lambda$new$0(48)) - s1@group-EA982605F2E5->s2: nextIndex: updateUnconditionally 5 -> 1
2022-11-08 19:12:10,063 [s2-server-thread1] DEBUG server.RaftServer$Division (RaftServerImpl.java:logAppendEntries(1421)) - s2@group-EA982605F2E5: receive appendEntries(s1, 2, (t:2, i:0), 4, true, commits:[s1:c4, s0:c4, s2:c0], cId:1880, entries: [(t:2, i:1), STATEMACHINELOGENTRY, 0@client-2EFB324ADA71, (t:2, i:2), METADATAENTRY(c:1), (t:2, i:3), STATEMACHINELOGENTRY, 999@client-AE8279CAF820, (t:2, i:4), METADATAENTRY(c:3)]
2022-11-08 19:12:10,063 [s2-server-thread1] INFO  server.RaftServer$Division (RaftServerImpl.java:checkInconsistentAppendEntries(1602)) - s2@group-EA982605F2E5: Failed appendEntries as previous log entry ((t:2, i:0)) is not found
2022-11-08 19:12:10,064 [s2-server-thread1] INFO  server.RaftServer$Division (RaftServerImpl.java:checkInconsistentAppendEntries(1572)) - s2@group-EA982605F2E5: inconsistency entries. Reply:s1<-s2#1880:FAIL-t2,INCONSISTENCY,nextIndex=0,followerCommit=0,matchIndex=-1
2022-11-08 19:12:10,064 [grpc-default-executor-0] INFO  leader.FollowerInfo (FollowerInfoImpl.java:lambda$new$0(48)) - s1@group-EA982605F2E5->s2: nextIndex: updateUnconditionally 5 -> 0
2022-11-08 19:12:10,065 [s2-server-thread1] DEBUG server.RaftServer$Division (RaftServerImpl.java:logAppendEntries(1421)) - s2@group-EA982605F2E5: receive appendEntries(s1, 2, null, 4, true, commits:[s1:c4, s0:c4, s2:c0], cId:1881, entries: [(t:2, i:0), CONFIGURATIONENTRY(current:id: "s0"
address: "localhost:34297"
dataStreamAddress: "localhost:43983"
clientAddress: "localhost:39609"
adminAddress: "localhost:37077"
startupRole: FOLLOWER
,id: "s1"
address: "localhost:38917"
dataStreamAddress: "localhost:45719"
clientAddress: "localhost:36975"
adminAddress: "localhost:40635"
startupRole: FOLLOWER
,id: "s2"
address: "localhost:35511"
dataStreamAddress: "localhost:38827"
clientAddress: "localhost:42865"
adminAddress: "localhost:36791"
startupRole: FOLLOWER
, old:), (t:2, i:1), STATEMACHINELOGENTRY, 0@client-2EFB324ADA71, (t:2, i:2), METADATAENTRY(c:1), (t:2, i:3), STATEMACHINELOGENTRY, 999@client-AE8279CAF820, (t:2, i:4), METADATAENTRY(c:3)]
2022-11-08 19:12:10,065 [s2-server-thread1] INFO  server.RaftServer$Division (RaftServerImpl.java:checkInconsistentAppendEntries(1592)) - s2@group-EA982605F2E5: Failed appendEntries as the first entry (index 0) already exists (snapshotIndex: -1, commitIndex: 0)
2022-11-08 19:12:10,065 [s2-server-thread1] INFO  server.RaftServer$Division (RaftServerImpl.java:checkInconsistentAppendEntries(1572)) - s2@group-EA982605F2E5: inconsistency entries. Reply:s1<-s2#1881:FAIL-t2,INCONSISTENCY,nextIndex=1,followerCommit=0,matchIndex=-1
2022-11-08 19:12:10,066 [grpc-default-executor-0] INFO  leader.FollowerInfo (FollowerInfoImpl.java:lambda$new$0(48)) - s1@group-EA982605F2E5->s2: nextIndex: updateUnconditionally 5 -> 1
2022-11-08 19:12:10,067 [s2-server-thread1] DEBUG server.RaftServer$Division (RaftServerImpl.java:logAppendEntries(1421)) - s2@group-EA982605F2E5: receive appendEntries(s1, 2, (t:2, i:0), 4, true, commits:[s1:c4, s0:c4, s2:c0], cId:1882, entries: [(t:2, i:1), STATEMACHINELOGENTRY, 0@client-2EFB324ADA71, (t:2, i:2), METADATAENTRY(c:1), (t:2, i:3), STATEMACHINELOGENTRY, 999@client-AE8279CAF820, (t:2, i:4), METADATAENTRY(c:3)]
2022-11-08 19:12:10,067 [s2-server-thread1] INFO  server.RaftServer$Division (RaftServerImpl.java:checkInconsistentAppendEntries(1602)) - s2@group-EA982605F2E5: Failed appendEntries as previous log entry ((t:2, i:0)) is not found
2022-11-08 19:12:10,067 [s2-server-thread1] INFO  server.RaftServer$Division (RaftServerImpl.java:checkInconsistentAppendEntries(1572)) - s2@group-EA982605F2E5: inconsistency entries. Reply:s1<-s2#1882:FAIL-t2,INCONSISTENCY,nextIndex=0,followerCommit=0,matchIndex=-1
2022-11-08 19:12:10,068 [grpc-default-executor-0] INFO  leader.FollowerInfo (FollowerInfoImpl.java:lambda$new$0(48)) - s1@group-EA982605F2E5->s2: nextIndex: updateUnconditionally 5 -> 0
2022-11-08 19:12:10,068 [s2-server-thread1] DEBUG server.RaftServer$Division (RaftServerImpl.java:logAppendEntries(1421)) - s2@group-EA982605F2E5: receive appendEntries(s1, 2, null, 4, true, commits:[s1:c4, s0:c4, s2:c0], cId:1883, entries: [(t:2, i:0), CONFIGURATIONENTRY(current:id: "s0"
address: "localhost:34297"
dataStreamAddress: "localhost:43983"
clientAddress: "localhost:39609"
adminAddress: "localhost:37077"
startupRole: FOLLOWER
,id: "s1"
address: "localhost:38917"
dataStreamAddress: "localhost:45719"
clientAddress: "localhost:36975"
adminAddress: "localhost:40635"
startupRole: FOLLOWER
,id: "s2"
address: "localhost:35511"
dataStreamAddress: "localhost:38827"
clientAddress: "localhost:42865"
adminAddress: "localhost:36791"
startupRole: FOLLOWER
, old:), (t:2, i:1), STATEMACHINELOGENTRY, 0@client-2EFB324ADA71, (t:2, i:2), METADATAENTRY(c:1), (t:2, i:3), STATEMACHINELOGENTRY, 999@client-AE8279CAF820, (t:2, i:4), METADATAENTRY(c:3)]
2022-11-08 19:12:10,069 [s2-server-thread1] INFO  server.RaftServer$Division (RaftServerImpl.java:checkInconsistentAppendEntries(1592)) - s2@group-EA982605F2E5: Failed appendEntries as the first entry (index 0) already exists (snapshotIndex: -1, commitIndex: 0)
2022-11-08 19:12:10,069 [s2-server-thread1] INFO  server.RaftServer$Division (RaftServerImpl.java:checkInconsistentAppendEntries(1572)) - s2@group-EA982605F2E5: inconsistency entries. Reply:s1<-s2#1883:FAIL-t2,INCONSISTENCY,nextIndex=1,followerCommit=0,matchIndex=-1
2022-11-08 19:12:10,069 [grpc-default-executor-0] INFO  leader.FollowerInfo (FollowerInfoImpl.java:lambda$new$0(48)) - s1@group-EA982605F2E5->s2: nextIndex: updateUnconditionally 5 -> 1
2022-11-08 19:12:10,070 [s2-server-thread1] DEBUG server.RaftServer$Division (RaftServerImpl.java:logAppendEntries(1421)) - s2@group-EA982605F2E5: receive appendEntries(s1, 2, (t:2, i:0), 4, true, commits:[s1:c4, s0:c4, s2:c0], cId:1884, entries: [(t:2, i:1), STATEMACHINELOGENTRY, 0@client-2EFB324ADA71, (t:2, i:2), METADATAENTRY(c:1), (t:2, i:3), STATEMACHINELOGENTRY, 999@client-AE8279CAF820, (t:2, i:4), METADATAENTRY(c:3)]
2022-11-08 19:12:10,070 [s2-server-thread1] INFO  server.RaftServer$Division (RaftServerImpl.java:checkInconsistentAppendEntries(1602)) - s2@group-EA982605F2E5: Failed appendEntries as previous log entry ((t:2, i:0)) is not found
2022-11-08 19:12:10,070 [s2-server-thread1] INFO  server.RaftServer$Division (RaftServerImpl.java:checkInconsistentAppendEntries(1572)) - s2@group-EA982605F2E5: inconsistency entries. Reply:s1<-s2#1884:FAIL-t2,INCONSISTENCY,nextIndex=0,followerCommit=0,matchIndex=-1
2022-11-08 19:12:10,070 [grpc-default-executor-0] INFO  leader.FollowerInfo (FollowerInfoImpl.java:lambda$new$0(48)) - s1@group-EA982605F2E5->s2: nextIndex: updateUnconditionally 5 -> 0
2022-11-08 19:12:10,071 [s2-server-thread1] DEBUG server.RaftServer$Division (RaftServerImpl.java:logAppendEntries(1421)) - s2@group-EA982605F2E5: receive appendEntries(s1, 2, null, 4, true, commits:[s1:c4, s0:c4, s2:c0], cId:1885, entries: [(t:2, i:0), CONFIGURATIONENTRY(current:id: "s0"
address: "localhost:34297"
dataStreamAddress: "localhost:43983"
clientAddress: "localhost:39609"
adminAddress: "localhost:37077"
startupRole: FOLLOWER
,id: "s1"
address: "localhost:38917"
dataStreamAddress: "localhost:45719"
clientAddress: "localhost:36975"
adminAddress: "localhost:40635"
startupRole: FOLLOWER
,id: "s2"
address: "localhost:35511"
dataStreamAddress: "localhost:38827"
clientAddress: "localhost:42865"
adminAddress: "localhost:36791"
startupRole: FOLLOWER
, old:), (t:2, i:1), STATEMACHINELOGENTRY, 0@client-2EFB324ADA71, (t:2, i:2), METADATAENTRY(c:1), (t:2, i:3), STATEMACHINELOGENTRY, 999@client-AE8279CAF820, (t:2, i:4), METADATAENTRY(c:3)]
2022-11-08 19:12:10,071 [s2-server-thread1] INFO  server.RaftServer$Division (RaftServerImpl.java:checkInconsistentAppendEntries(1592)) - s2@group-EA982605F2E5: Failed appendEntries as the first entry (index 0) already exists (snapshotIndex: -1, commitIndex: 0)
2022-11-08 19:12:10,071 [s2-server-thread1] INFO  server.RaftServer$Division (RaftServerImpl.java:checkInconsistentAppendEntries(1572)) - s2@group-EA982605F2E5: inconsistency entries. Reply:s1<-s2#1885:FAIL-t2,INCONSISTENCY,nextIndex=1,followerCommit=0,matchIndex=-1
2022-11-08 19:12:10,071 [grpc-default-executor-0] INFO  leader.FollowerInfo (FollowerInfoImpl.java:lambda$new$0(48)) - s1@group-EA982605F2E5->s2: nextIndex: updateUnconditionally 5 -> 1
2022-11-08 19:12:10,072 [s2-server-thread1] DEBUG server.RaftServer$Division (RaftServerImpl.java:logAppendEntries(1421)) - s2@group-EA982605F2E5: receive appendEntries(s1, 2, (t:2, i:0), 4, true, commits:[s1:c4, s0:c4, s2:c0], cId:1886, entries: [(t:2, i:1), STATEMACHINELOGENTRY, 0@client-2EFB324ADA71, (t:2, i:2), METADATAENTRY(c:1), (t:2, i:3), STATEMACHINELOGENTRY, 999@client-AE8279CAF820, (t:2, i:4), METADATAENTRY(c:3)]
2022-11-08 19:12:10,072 [s2-server-thread1] INFO  server.RaftServer$Division (RaftServerImpl.java:checkInconsistentAppendEntries(1602)) - s2@group-EA982605F2E5: Failed appendEntries as previous log entry ((t:2, i:0)) is not found
2022-11-08 19:12:10,072 [s2-server-thread1] INFO  server.RaftServer$Division (RaftServerImpl.java:checkInconsistentAppendEntries(1572)) - s2@group-EA982605F2E5: inconsistency entries. Reply:s1<-s2#1886:FAIL-t2,INCONSISTENCY,nextIndex=0,followerCommit=0,matchIndex=-1
2022-11-08 19:12:10,073 [grpc-default-executor-0] INFO  leader.FollowerInfo (FollowerInfoImpl.java:lambda$new$0(48)) - s1@group-EA982605F2E5->s2: nextIndex: updateUnconditionally 5 -> 0
2022-11-08 19:12:10,073 [s2-server-thread1] DEBUG server.RaftServer$Division (RaftServerImpl.java:logAppendEntries(1421)) - s2@group-EA982605F2E5: receive appendEntries(s1, 2, null, 4, true, commits:[s1:c4, s0:c4, s2:c0], cId:1887, entries: [(t:2, i:0), CONFIGURATIONENTRY(current:id: "s0"
address: "localhost:34297"
dataStreamAddress: "localhost:43983"
clientAddress: "localhost:39609"
adminAddress: "localhost:37077"
startupRole: FOLLOWER
,id: "s1"
address: "localhost:38917"
dataStreamAddress: "localhost:45719"
clientAddress: "localhost:36975"
adminAddress: "localhost:40635"
startupRole: FOLLOWER
,id: "s2"
address: "localhost:35511"
dataStreamAddress: "localhost:38827"
clientAddress: "localhost:42865"
adminAddress: "localhost:36791"
startupRole: FOLLOWER
, old:), (t:2, i:1), STATEMACHINELOGENTRY, 0@client-2EFB324ADA71, (t:2, i:2), METADATAENTRY(c:1), (t:2, i:3), STATEMACHINELOGENTRY, 999@client-AE8279CAF820, (t:2, i:4), METADATAENTRY(c:3)]
2022-11-08 19:12:10,073 [s2-server-thread1] INFO  server.RaftServer$Division (RaftServerImpl.java:checkInconsistentAppendEntries(1592)) - s2@group-EA982605F2E5: Failed appendEntries as the first entry (index 0) already exists (snapshotIndex: -1, commitIndex: 0)
2022-11-08 19:12:10,073 [s2-server-thread1] INFO  server.RaftServer$Division (RaftServerImpl.java:checkInconsistentAppendEntries(1572)) - s2@group-EA982605F2E5: inconsistency entries. Reply:s1<-s2#1887:FAIL-t2,INCONSISTENCY,nextIndex=1,followerCommit=0,matchIndex=-1
2022-11-08 19:12:10,074 [grpc-default-executor-0] INFO  leader.FollowerInfo (FollowerInfoImpl.java:lambda$new$0(48)) - s1@group-EA982605F2E5->s2: nextIndex: updateUnconditionally 5 -> 1
2022-11-08 19:12:10,074 [s2-server-thread1] DEBUG server.RaftServer$Division (RaftServerImpl.java:logAppendEntries(1421)) - s2@group-EA982605F2E5: receive appendEntries(s1, 2, (t:2, i:0), 4, true, commits:[s1:c4, s0:c4, s2:c0], cId:1888, entries: [(t:2, i:1), STATEMACHINELOGENTRY, 0@client-2EFB324ADA71, (t:2, i:2), METADATAENTRY(c:1), (t:2, i:3), STATEMACHINELOGENTRY, 999@client-AE8279CAF820, (t:2, i:4), METADATAENTRY(c:3)]
2022-11-08 19:12:10,074 [s2-server-thread1] INFO  server.RaftServer$Division (RaftServerImpl.java:checkInconsistentAppendEntries(1602)) - s2@group-EA982605F2E5: Failed appendEntries as previous log entry ((t:2, i:0)) is not found
2022-11-08 19:12:10,075 [s2-server-thread1] INFO  server.RaftServer$Division (RaftServerImpl.java:checkInconsistentAppendEntries(1572)) - s2@group-EA982605F2E5: inconsistency entries. Reply:s1<-s2#1888:FAIL-t2,INCONSISTENCY,nextIndex=0,followerCommit=0,matchIndex=-1
2022-11-08 19:12:10,075 [grpc-default-executor-0] INFO  leader.FollowerInfo (FollowerInfoImpl.java:lambda$new$0(48)) - s1@group-EA982605F2E5->s2: nextIndex: updateUnconditionally 5 -> 0
2022-11-08 19:12:10,076 [s2-server-thread1] DEBUG server.RaftServer$Division (RaftServerImpl.java:logAppendEntries(1421)) - s2@group-EA982605F2E5: receive appendEntries(s1, 2, null, 4, true, commits:[s1:c4, s0:c4, s2:c0], cId:1889, entries: [(t:2, i:0), CONFIGURATIONENTRY(current:id: "s0"
address: "localhost:34297"
dataStreamAddress: "localhost:43983"
clientAddress: "localhost:39609"
adminAddress: "localhost:37077"
startupRole: FOLLOWER
,id: "s1"
address: "localhost:38917"
dataStreamAddress: "localhost:45719"
clientAddress: "localhost:36975"
adminAddress: "localhost:40635"
startupRole: FOLLOWER
,id: "s2"
address: "localhost:35511"
dataStreamAddress: "localhost:38827"
clientAddress: "localhost:42865"
adminAddress: "localhost:36791"
startupRole: FOLLOWER
, old:), (t:2, i:1), STATEMACHINELOGENTRY, 0@client-2EFB324ADA71, (t:2, i:2), METADATAENTRY(c:1), (t:2, i:3), STATEMACHINELOGENTRY, 999@client-AE8279CAF820, (t:2, i:4), METADATAENTRY(c:3)]
2022-11-08 19:12:10,076 [s2-server-thread1] INFO  server.RaftServer$Division (RaftServerImpl.java:checkInconsistentAppendEntries(1592)) - s2@group-EA982605F2E5: Failed appendEntries as the first entry (index 0) already exists (snapshotIndex: -1, commitIndex: 0)
2022-11-08 19:12:10,076 [s2-server-thread1] INFO  server.RaftServer$Division (RaftServerImpl.java:checkInconsistentAppendEntries(1572)) - s2@group-EA982605F2E5: inconsistency entries. Reply:s1<-s2#1889:FAIL-t2,INCONSISTENCY,nextIndex=1,followerCommit=0,matchIndex=-1
2022-11-08 19:12:10,076 [grpc-default-executor-0] INFO  leader.FollowerInfo (FollowerInfoImpl.java:lambda$new$0(48)) - s1@group-EA982605F2E5->s2: nextIndex: updateUnconditionally 5 -> 1
2022-11-08 19:12:10,077 [s2-server-thread1] DEBUG server.RaftServer$Division (RaftServerImpl.java:logAppendEntries(1421)) - s2@group-EA982605F2E5: receive appendEntries(s1, 2, (t:2, i:0), 4, true, commits:[s1:c4, s0:c4, s2:c0], cId:1890, entries: [(t:2, i:1), STATEMACHINELOGENTRY, 0@client-2EFB324ADA71, (t:2, i:2), METADATAENTRY(c:1), (t:2, i:3), STATEMACHINELOGENTRY, 999@client-AE8279CAF820, (t:2, i:4), METADATAENTRY(c:3)]
2022-11-08 19:12:10,077 [s2-server-thread1] INFO  server.RaftServer$Division (RaftServerImpl.java:checkInconsistentAppendEntries(1602)) - s2@group-EA982605F2E5: Failed appendEntries as previous log entry ((t:2, i:0)) is not found
2022-11-08 19:12:10,077 [s2-server-thread1] INFO  server.RaftServer$Division (RaftServerImpl.java:checkInconsistentAppendEntries(1572)) - s2@group-EA982605F2E5: inconsistency entries. Reply:s1<-s2#1890:FAIL-t2,INCONSISTENCY,nextIndex=0,followerCommit=0,matchIndex=-1
2022-11-08 19:12:10,077 [grpc-default-executor-0] INFO  leader.FollowerInfo (FollowerInfoImpl.java:lambda$new$0(48)) - s1@group-EA982605F2E5->s2: nextIndex: updateUnconditionally 5 -> 0
2022-11-08 19:12:10,078 [s2-server-thread1] DEBUG server.RaftServer$Division (RaftServerImpl.java:logAppendEntries(1421)) - s2@group-EA982605F2E5: receive appendEntries(s1, 2, null, 4, true, commits:[s1:c4, s0:c4, s2:c0], cId:1891, entries: [(t:2, i:0), CONFIGURATIONENTRY(current:id: "s0"
address: "localhost:34297"
dataStreamAddress: "localhost:43983"
clientAddress: "localhost:39609"
adminAddress: "localhost:37077"
startupRole: FOLLOWER
,id: "s1"
address: "localhost:38917"
dataStreamAddress: "localhost:45719"
clientAddress: "localhost:36975"
adminAddress: "localhost:40635"
startupRole: FOLLOWER
,id: "s2"
address: "localhost:35511"
dataStreamAddress: "localhost:38827"
clientAddress: "localhost:42865"
adminAddress: "localhost:36791"
startupRole: FOLLOWER
, old:), (t:2, i:1), STATEMACHINELOGENTRY, 0@client-2EFB324ADA71, (t:2, i:2), METADATAENTRY(c:1), (t:2, i:3), STATEMACHINELOGENTRY, 999@client-AE8279CAF820, (t:2, i:4), METADATAENTRY(c:3)]
2022-11-08 19:12:10,078 [s2-server-thread1] INFO  server.RaftServer$Division (RaftServerImpl.java:checkInconsistentAppendEntries(1592)) - s2@group-EA982605F2E5: Failed appendEntries as the first entry (index 0) already exists (snapshotIndex: -1, commitIndex: 0)
2022-11-08 19:12:10,078 [s2-server-thread1] INFO  server.RaftServer$Division (RaftServerImpl.java:checkInconsistentAppendEntries(1572)) - s2@group-EA982605F2E5: inconsistency entries. Reply:s1<-s2#1891:FAIL-t2,INCONSISTENCY,nextIndex=1,followerCommit=0,matchIndex=-1
2022-11-08 19:12:10,078 [grpc-default-executor-0] INFO  leader.FollowerInfo (FollowerInfoImpl.java:lambda$new$0(48)) - s1@group-EA982605F2E5->s2: nextIndex: updateUnconditionally 5 -> 1
2022-11-08 19:12:10,079 [s2-server-thread1] DEBUG server.RaftServer$Division (RaftServerImpl.java:logAppendEntries(1421)) - s2@group-EA982605F2E5: receive appendEntries(s1, 2, (t:2, i:0), 4, true, commits:[s1:c4, s0:c4, s2:c0], cId:1892, entries: [(t:2, i:1), STATEMACHINELOGENTRY, 0@client-2EFB324ADA71, (t:2, i:2), METADATAENTRY(c:1), (t:2, i:3), STATEMACHINELOGENTRY, 999@client-AE8279CAF820, (t:2, i:4), METADATAENTRY(c:3)]
2022-11-08 19:12:10,079 [s2-server-thread1] INFO  server.RaftServer$Division (RaftServerImpl.java:checkInconsistentAppendEntries(1602)) - s2@group-EA982605F2E5: Failed appendEntries as previous log entry ((t:2, i:0)) is not found
2022-11-08 19:12:10,079 [s2-server-thread1] INFO  server.RaftServer$Division (RaftServerImpl.java:checkInconsistentAppendEntries(1572)) - s2@group-EA982605F2E5: inconsistency entries. Reply:s1<-s2#1892:FAIL-t2,INCONSISTENCY,nextIndex=0,followerCommit=0,matchIndex=-1
2022-11-08 19:12:10,080 [grpc-default-executor-0] INFO  leader.FollowerInfo (FollowerInfoImpl.java:lambda$new$0(48)) - s1@group-EA982605F2E5->s2: nextIndex: updateUnconditionally 5 -> 0
2022-11-08 19:12:10,080 [s2-server-thread1] DEBUG server.RaftServer$Division (RaftServerImpl.java:logAppendEntries(1421)) - s2@group-EA982605F2E5: receive appendEntries(s1, 2, null, 4, true, commits:[s1:c4, s0:c4, s2:c0], cId:1893, entries: [(t:2, i:0), CONFIGURATIONENTRY(current:id: "s0"
address: "localhost:34297"
dataStreamAddress: "localhost:43983"
clientAddress: "localhost:39609"
adminAddress: "localhost:37077"
startupRole: FOLLOWER
,id: "s1"
address: "localhost:38917"
dataStreamAddress: "localhost:45719"
clientAddress: "localhost:36975"
adminAddress: "localhost:40635"
startupRole: FOLLOWER
,id: "s2"
address: "localhost:35511"
dataStreamAddress: "localhost:38827"
clientAddress: "localhost:42865"
adminAddress: "localhost:36791"
startupRole: FOLLOWER
, old:), (t:2, i:1), STATEMACHINELOGENTRY, 0@client-2EFB324ADA71, (t:2, i:2), METADATAENTRY(c:1), (t:2, i:3), STATEMACHINELOGENTRY, 999@client-AE8279CAF820, (t:2, i:4), METADATAENTRY(c:3)]
2022-11-08 19:12:10,080 [s2-server-thread1] INFO  server.RaftServer$Division (RaftServerImpl.java:checkInconsistentAppendEntries(1592)) - s2@group-EA982605F2E5: Failed appendEntries as the first entry (index 0) already exists (snapshotIndex: -1, commitIndex: 0)
2022-11-08 19:12:10,080 [s2-server-thread1] INFO  server.RaftServer$Division (RaftServerImpl.java:checkInconsistentAppendEntries(1572)) - s2@group-EA982605F2E5: inconsistency entries. Reply:s1<-s2#1893:FAIL-t2,INCONSISTENCY,nextIndex=1,followerCommit=0,matchIndex=-1
2022-11-08 19:12:10,081 [grpc-default-executor-0] INFO  leader.FollowerInfo (FollowerInfoImpl.java:lambda$new$0(48)) - s1@group-EA982605F2E5->s2: nextIndex: updateUnconditionally 5 -> 1
2022-11-08 19:12:10,081 [s2-server-thread1] DEBUG server.RaftServer$Division (RaftServerImpl.java:logAppendEntries(1421)) - s2@group-EA982605F2E5: receive appendEntries(s1, 2, (t:2, i:0), 4, true, commits:[s1:c4, s0:c4, s2:c0], cId:1894, entries: [(t:2, i:1), STATEMACHINELOGENTRY, 0@client-2EFB324ADA71, (t:2, i:2), METADATAENTRY(c:1), (t:2, i:3), STATEMACHINELOGENTRY, 999@client-AE8279CAF820, (t:2, i:4), METADATAENTRY(c:3)]
2022-11-08 19:12:10,081 [s2-server-thread1] INFO  server.RaftServer$Division (RaftServerImpl.java:checkInconsistentAppendEntries(1602)) - s2@group-EA982605F2E5: Failed appendEntries as previous log entry ((t:2, i:0)) is not found
2022-11-08 19:12:10,082 [s2-server-thread1] INFO  server.RaftServer$Division (RaftServerImpl.java:checkInconsistentAppendEntries(1572)) - s2@group-EA982605F2E5: inconsistency entries. Reply:s1<-s2#1894:FAIL-t2,INCONSISTENCY,nextIndex=0,followerCommit=0,matchIndex=-1
2022-11-08 19:12:10,082 [grpc-default-executor-0] INFO  leader.FollowerInfo (FollowerInfoImpl.java:lambda$new$0(48)) - s1@group-EA982605F2E5->s2: nextIndex: updateUnconditionally 5 -> 0
2022-11-08 19:12:10,082 [s2-server-thread1] DEBUG server.RaftServer$Division (RaftServerImpl.java:logAppendEntries(1421)) - s2@group-EA982605F2E5: receive appendEntries(s1, 2, null, 4, true, commits:[s1:c4, s0:c4, s2:c0], cId:1895, entries: [(t:2, i:0), CONFIGURATIONENTRY(current:id: "s0"
address: "localhost:34297"
dataStreamAddress: "localhost:43983"
clientAddress: "localhost:39609"
adminAddress: "localhost:37077"
startupRole: FOLLOWER
,id: "s1"
address: "localhost:38917"
dataStreamAddress: "localhost:45719"
clientAddress: "localhost:36975"
adminAddress: "localhost:40635"
startupRole: FOLLOWER
,id: "s2"
address: "localhost:35511"
dataStreamAddress: "localhost:38827"
clientAddress: "localhost:42865"
adminAddress: "localhost:36791"
startupRole: FOLLOWER
, old:), (t:2, i:1), STATEMACHINELOGENTRY, 0@client-2EFB324ADA71, (t:2, i:2), METADATAENTRY(c:1), (t:2, i:3), STATEMACHINELOGENTRY, 999@client-AE8279CAF820, (t:2, i:4), METADATAENTRY(c:3)]
2022-11-08 19:12:10,082 [s2-server-thread1] INFO  server.RaftServer$Division (RaftServerImpl.java:checkInconsistentAppendEntries(1592)) - s2@group-EA982605F2E5: Failed appendEntries as the first entry (index 0) already exists (snapshotIndex: -1, commitIndex: 0)
2022-11-08 19:12:10,083 [s2-server-thread1] INFO  server.RaftServer$Division (RaftServerImpl.java:checkInconsistentAppendEntries(1572)) - s2@group-EA982605F2E5: inconsistency entries. Reply:s1<-s2#1895:FAIL-t2,INCONSISTENCY,nextIndex=1,followerCommit=0,matchIndex=-1
2022-11-08 19:12:10,083 [grpc-default-executor-0] INFO  leader.FollowerInfo (FollowerInfoImpl.java:lambda$new$0(48)) - s1@group-EA982605F2E5->s2: nextIndex: updateUnconditionally 5 -> 1
2022-11-08 19:12:10,084 [s2-server-thread1] DEBUG server.RaftServer$Division (RaftServerImpl.java:logAppendEntries(1421)) - s2@group-EA982605F2E5: receive appendEntries(s1, 2, (t:2, i:0), 4, true, commits:[s1:c4, s0:c4, s2:c0], cId:1896, entries: [(t:2, i:1), STATEMACHINELOGENTRY, 0@client-2EFB324ADA71, (t:2, i:2), METADATAENTRY(c:1), (t:2, i:3), STATEMACHINELOGENTRY, 999@client-AE8279CAF820, (t:2, i:4), METADATAENTRY(c:3)]
2022-11-08 19:12:10,084 [s2-server-thread1] INFO  server.RaftServer$Division (RaftServerImpl.java:checkInconsistentAppendEntries(1602)) - s2@group-EA982605F2E5: Failed appendEntries as previous log entry ((t:2, i:0)) is not found
2022-11-08 19:12:10,085 [s2-server-thread1] INFO  server.RaftServer$Division (RaftServerImpl.java:checkInconsistentAppendEntries(1572)) - s2@group-EA982605F2E5: inconsistency entries. Reply:s1<-s2#1896:FAIL-t2,INCONSISTENCY,nextIndex=0,followerCommit=0,matchIndex=-1
2022-11-08 19:12:10,085 [grpc-default-executor-0] INFO  leader.FollowerInfo (FollowerInfoImpl.java:lambda$new$0(48)) - s1@group-EA982605F2E5->s2: nextIndex: updateUnconditionally 5 -> 0
2022-11-08 19:12:10,086 [s2-server-thread1] DEBUG server.RaftServer$Division (RaftServerImpl.java:logAppendEntries(1421)) - s2@group-EA982605F2E5: receive appendEntries(s1, 2, null, 4, true, commits:[s1:c4, s0:c4, s2:c0], cId:1897, entries: [(t:2, i:0), CONFIGURATIONENTRY(current:id: "s0"
address: "localhost:34297"
dataStreamAddress: "localhost:43983"
clientAddress: "localhost:39609"
adminAddress: "localhost:37077"
startupRole: FOLLOWER
,id: "s1"
address: "localhost:38917"
dataStreamAddress: "localhost:45719"
clientAddress: "localhost:36975"
adminAddress: "localhost:40635"
startupRole: FOLLOWER
,id: "s2"
address: "localhost:35511"
dataStreamAddress: "localhost:38827"
clientAddress: "localhost:42865"
adminAddress: "localhost:36791"
startupRole: FOLLOWER
, old:), (t:2, i:1), STATEMACHINELOGENTRY, 0@client-2EFB324ADA71, (t:2, i:2), METADATAENTRY(c:1), (t:2, i:3), STATEMACHINELOGENTRY, 999@client-AE8279CAF820, (t:2, i:4), METADATAENTRY(c:3)]
2022-11-08 19:12:10,086 [s2-server-thread1] INFO  server.RaftServer$Division (RaftServerImpl.java:checkInconsistentAppendEntries(1592)) - s2@group-EA982605F2E5: Failed appendEntries as the first entry (index 0) already exists (snapshotIndex: -1, commitIndex: 0)
2022-11-08 19:12:10,086 [s2-server-thread1] INFO  server.RaftServer$Division (RaftServerImpl.java:checkInconsistentAppendEntries(1572)) - s2@group-EA982605F2E5: inconsistency entries. Reply:s1<-s2#1897:FAIL-t2,INCONSISTENCY,nextIndex=1,followerCommit=0,matchIndex=-1
2022-11-08 19:12:10,086 [grpc-default-executor-0] INFO  leader.FollowerInfo (FollowerInfoImpl.java:lambda$new$0(48)) - s1@group-EA982605F2E5->s2: nextIndex: updateUnconditionally 5 -> 1
2022-11-08 19:12:10,087 [s2-server-thread1] DEBUG server.RaftServer$Division (RaftServerImpl.java:logAppendEntries(1421)) - s2@group-EA982605F2E5: receive appendEntries(s1, 2, (t:2, i:0), 4, true, commits:[s1:c4, s0:c4, s2:c0], cId:1898, entries: [(t:2, i:1), STATEMACHINELOGENTRY, 0@client-2EFB324ADA71, (t:2, i:2), METADATAENTRY(c:1), (t:2, i:3), STATEMACHINELOGENTRY, 999@client-AE8279CAF820, (t:2, i:4), METADATAENTRY(c:3)]
2022-11-08 19:12:10,087 [s2-server-thread1] INFO  server.RaftServer$Division (RaftServerImpl.java:checkInconsistentAppendEntries(1602)) - s2@group-EA982605F2E5: Failed appendEntries as previous log entry ((t:2, i:0)) is not found
2022-11-08 19:12:10,087 [s2-server-thread1] INFO  server.RaftServer$Division (RaftServerImpl.java:checkInconsistentAppendEntries(1572)) - s2@group-EA982605F2E5: inconsistency entries. Reply:s1<-s2#1898:FAIL-t2,INCONSISTENCY,nextIndex=0,followerCommit=0,matchIndex=-1
2022-11-08 19:12:10,088 [grpc-default-executor-0] INFO  leader.FollowerInfo (FollowerInfoImpl.java:lambda$new$0(48)) - s1@group-EA982605F2E5->s2: nextIndex: updateUnconditionally 5 -> 0
2022-11-08 19:12:10,088 [s2-server-thread1] DEBUG server.RaftServer$Division (RaftServerImpl.java:logAppendEntries(1421)) - s2@group-EA982605F2E5: receive appendEntries(s1, 2, null, 4, true, commits:[s1:c4, s0:c4, s2:c0], cId:1899, entries: [(t:2, i:0), CONFIGURATIONENTRY(current:id: "s0"
address: "localhost:34297"
dataStreamAddress: "localhost:43983"
clientAddress: "localhost:39609"
adminAddress: "localhost:37077"
startupRole: FOLLOWER
,id: "s1"
address: "localhost:38917"
dataStreamAddress: "localhost:45719"
clientAddress: "localhost:36975"
adminAddress: "localhost:40635"
startupRole: FOLLOWER
,id: "s2"
address: "localhost:35511"
dataStreamAddress: "localhost:38827"
clientAddress: "localhost:42865"
adminAddress: "localhost:36791"
startupRole: FOLLOWER
, old:), (t:2, i:1), STATEMACHINELOGENTRY, 0@client-2EFB324ADA71, (t:2, i:2), METADATAENTRY(c:1), (t:2, i:3), STATEMACHINELOGENTRY, 999@client-AE8279CAF820, (t:2, i:4), METADATAENTRY(c:3)]
2022-11-08 19:12:10,088 [s2-server-thread1] INFO  server.RaftServer$Division (RaftServerImpl.java:checkInconsistentAppendEntries(1592)) - s2@group-EA982605F2E5: Failed appendEntries as the first entry (index 0) already exists (snapshotIndex: -1, commitIndex: 0)
2022-11-08 19:12:10,088 [s2-server-thread1] INFO  server.RaftServer$Division (RaftServerImpl.java:checkInconsistentAppendEntries(1572)) - s2@group-EA982605F2E5: inconsistency entries. Reply:s1<-s2#1899:FAIL-t2,INCONSISTENCY,nextIndex=1,followerCommit=0,matchIndex=-1
2022-11-08 19:12:10,089 [grpc-default-executor-0] INFO  leader.FollowerInfo (FollowerInfoImpl.java:lambda$new$0(48)) - s1@group-EA982605F2E5->s2: nextIndex: updateUnconditionally 5 -> 1
2022-11-08 19:12:10,089 [s2-server-thread1] DEBUG server.RaftServer$Division (RaftServerImpl.java:logAppendEntries(1421)) - s2@group-EA982605F2E5: receive appendEntries(s1, 2, (t:2, i:0), 4, true, commits:[s1:c4, s0:c4, s2:c0], cId:1900, entries: [(t:2, i:1), STATEMACHINELOGENTRY, 0@client-2EFB324ADA71, (t:2, i:2), METADATAENTRY(c:1), (t:2, i:3), STATEMACHINELOGENTRY, 999@client-AE8279CAF820, (t:2, i:4), METADATAENTRY(c:3)]
2022-11-08 19:12:10,089 [s2-server-thread1] INFO  server.RaftServer$Division (RaftServerImpl.java:checkInconsistentAppendEntries(1602)) - s2@group-EA982605F2E5: Failed appendEntries as previous log entry ((t:2, i:0)) is not found
2022-11-08 19:12:10,089 [s2-server-thread1] INFO  server.RaftServer$Division (RaftServerImpl.java:checkInconsistentAppendEntries(1572)) - s2@group-EA982605F2E5: inconsistency entries. Reply:s1<-s2#1900:FAIL-t2,INCONSISTENCY,nextIndex=0,followerCommit=0,matchIndex=-1
2022-11-08 19:12:10,090 [grpc-default-executor-0] INFO  leader.FollowerInfo (FollowerInfoImpl.java:lambda$new$0(48)) - s1@group-EA982605F2E5->s2: nextIndex: updateUnconditionally 5 -> 0
2022-11-08 19:12:10,090 [s2-server-thread1] DEBUG server.RaftServer$Division (RaftServerImpl.java:logAppendEntries(1421)) - s2@group-EA982605F2E5: receive appendEntries(s1, 2, null, 4, true, commits:[s1:c4, s0:c4, s2:c0], cId:1901, entries: [(t:2, i:0), CONFIGURATIONENTRY(current:id: "s0"
address: "localhost:34297"
dataStreamAddress: "localhost:43983"
clientAddress: "localhost:39609"
adminAddress: "localhost:37077"
startupRole: FOLLOWER
,id: "s1"
address: "localhost:38917"
dataStreamAddress: "localhost:45719"
clientAddress: "localhost:36975"
adminAddress: "localhost:40635"
startupRole: FOLLOWER
,id: "s2"
address: "localhost:35511"
dataStreamAddress: "localhost:38827"
clientAddress: "localhost:42865"
adminAddress: "localhost:36791"
startupRole: FOLLOWER
, old:), (t:2, i:1), STATEMACHINELOGENTRY, 0@client-2EFB324ADA71, (t:2, i:2), METADATAENTRY(c:1), (t:2, i:3), STATEMACHINELOGENTRY, 999@client-AE8279CAF820, (t:2, i:4), METADATAENTRY(c:3)]
2022-11-08 19:12:10,091 [s2-server-thread1] INFO  server.RaftServer$Division (RaftServerImpl.java:checkInconsistentAppendEntries(1592)) - s2@group-EA982605F2E5: Failed appendEntries as the first entry (index 0) already exists (snapshotIndex: -1, commitIndex: 0)
2022-11-08 19:12:10,091 [s2-server-thread1] INFO  server.RaftServer$Division (RaftServerImpl.java:checkInconsistentAppendEntries(1572)) - s2@group-EA982605F2E5: inconsistency entries. Reply:s1<-s2#1901:FAIL-t2,INCONSISTENCY,nextIndex=1,followerCommit=0,matchIndex=-1
2022-11-08 19:12:10,091 [grpc-default-executor-0] INFO  leader.FollowerInfo (FollowerInfoImpl.java:lambda$new$0(48)) - s1@group-EA982605F2E5->s2: nextIndex: updateUnconditionally 5 -> 1
2022-11-08 19:12:10,092 [s2-server-thread1] DEBUG server.RaftServer$Division (RaftServerImpl.java:logAppendEntries(1421)) - s2@group-EA982605F2E5: receive appendEntries(s1, 2, (t:2, i:0), 4, true, commits:[s1:c4, s0:c4, s2:c0], cId:1902, entries: [(t:2, i:1), STATEMACHINELOGENTRY, 0@client-2EFB324ADA71, (t:2, i:2), METADATAENTRY(c:1), (t:2, i:3), STATEMACHINELOGENTRY, 999@client-AE8279CAF820, (t:2, i:4), METADATAENTRY(c:3)]
2022-11-08 19:12:10,092 [s2-server-thread1] INFO  server.RaftServer$Division (RaftServerImpl.java:checkInconsistentAppendEntries(1602)) - s2@group-EA982605F2E5: Failed appendEntries as previous log entry ((t:2, i:0)) is not found
2022-11-08 19:12:10,092 [s2-server-thread1] INFO  server.RaftServer$Division (RaftServerImpl.java:checkInconsistentAppendEntries(1572)) - s2@group-EA982605F2E5: inconsistency entries. Reply:s1<-s2#1902:FAIL-t2,INCONSISTENCY,nextIndex=0,followerCommit=0,matchIndex=-1
2022-11-08 19:12:10,092 [grpc-default-executor-0] INFO  leader.FollowerInfo (FollowerInfoImpl.java:lambda$new$0(48)) - s1@group-EA982605F2E5->s2: nextIndex: updateUnconditionally 5 -> 0
2022-11-08 19:12:10,093 [s2-server-thread1] DEBUG server.RaftServer$Division (RaftServerImpl.java:logAppendEntries(1421)) - s2@group-EA982605F2E5: receive appendEntries(s1, 2, null, 4, true, commits:[s1:c4, s0:c4, s2:c0], cId:1903, entries: [(t:2, i:0), CONFIGURATIONENTRY(current:id: "s0"
address: "localhost:34297"
dataStreamAddress: "localhost:43983"
clientAddress: "localhost:39609"
adminAddress: "localhost:37077"
startupRole: FOLLOWER
,id: "s1"
address: "localhost:38917"
dataStreamAddress: "localhost:45719"
clientAddress: "localhost:36975"
adminAddress: "localhost:40635"
startupRole: FOLLOWER
,id: "s2"
address: "localhost:35511"
dataStreamAddress: "localhost:38827"
clientAddress: "localhost:42865"
adminAddress: "localhost:36791"
startupRole: FOLLOWER
, old:), (t:2, i:1), STATEMACHINELOGENTRY, 0@client-2EFB324ADA71, (t:2, i:2), METADATAENTRY(c:1), (t:2, i:3), STATEMACHINELOGENTRY, 999@client-AE8279CAF820, (t:2, i:4), METADATAENTRY(c:3)]
2022-11-08 19:12:10,093 [s2-server-thread1] INFO  server.RaftServer$Division (RaftServerImpl.java:checkInconsistentAppendEntries(1592)) - s2@group-EA982605F2E5: Failed appendEntries as the first entry (index 0) already exists (snapshotIndex: -1, commitIndex: 0)
2022-11-08 19:12:10,093 [s2-server-thread1] INFO  server.RaftServer$Division (RaftServerImpl.java:checkInconsistentAppendEntries(1572)) - s2@group-EA982605F2E5: inconsistency entries. Reply:s1<-s2#1903:FAIL-t2,INCONSISTENCY,nextIndex=1,followerCommit=0,matchIndex=-1
2022-11-08 19:12:10,094 [grpc-default-executor-0] INFO  leader.FollowerInfo (FollowerInfoImpl.java:lambda$new$0(48)) - s1@group-EA982605F2E5->s2: nextIndex: updateUnconditionally 5 -> 1
2022-11-08 19:12:10,094 [s2-server-thread1] DEBUG server.RaftServer$Division (RaftServerImpl.java:logAppendEntries(1421)) - s2@group-EA982605F2E5: receive appendEntries(s1, 2, (t:2, i:0), 4, true, commits:[s1:c4, s0:c4, s2:c0], cId:1904, entries: [(t:2, i:1), STATEMACHINELOGENTRY, 0@client-2EFB324ADA71, (t:2, i:2), METADATAENTRY(c:1), (t:2, i:3), STATEMACHINELOGENTRY, 999@client-AE8279CAF820, (t:2, i:4), METADATAENTRY(c:3)]
2022-11-08 19:12:10,094 [s2-server-thread1] INFO  server.RaftServer$Division (RaftServerImpl.java:checkInconsistentAppendEntries(1602)) - s2@group-EA982605F2E5: Failed appendEntries as previous log entry ((t:2, i:0)) is not found
2022-11-08 19:12:10,094 [s2-server-thread1] INFO  server.RaftServer$Division (RaftServerImpl.java:checkInconsistentAppendEntries(1572)) - s2@group-EA982605F2E5: inconsistency entries. Reply:s1<-s2#1904:FAIL-t2,INCONSISTENCY,nextIndex=0,followerCommit=0,matchIndex=-1
2022-11-08 19:12:10,095 [grpc-default-executor-0] INFO  leader.FollowerInfo (FollowerInfoImpl.java:lambda$new$0(48)) - s1@group-EA982605F2E5->s2: nextIndex: updateUnconditionally 5 -> 0
2022-11-08 19:12:10,095 [s2-server-thread1] DEBUG server.RaftServer$Division (RaftServerImpl.java:logAppendEntries(1421)) - s2@group-EA982605F2E5: receive appendEntries(s1, 2, null, 4, true, commits:[s1:c4, s0:c4, s2:c0], cId:1905, entries: [(t:2, i:0), CONFIGURATIONENTRY(current:id: "s0"
address: "localhost:34297"
dataStreamAddress: "localhost:43983"
clientAddress: "localhost:39609"
adminAddress: "localhost:37077"
startupRole: FOLLOWER
,id: "s1"
address: "localhost:38917"
dataStreamAddress: "localhost:45719"
clientAddress: "localhost:36975"
adminAddress: "localhost:40635"
startupRole: FOLLOWER
,id: "s2"
address: "localhost:35511"
dataStreamAddress: "localhost:38827"
clientAddress: "localhost:42865"
adminAddress: "localhost:36791"
startupRole: FOLLOWER
, old:), (t:2, i:1), STATEMACHINELOGENTRY, 0@client-2EFB324ADA71, (t:2, i:2), METADATAENTRY(c:1), (t:2, i:3), STATEMACHINELOGENTRY, 999@client-AE8279CAF820, (t:2, i:4), METADATAENTRY(c:3)]
2022-11-08 19:12:10,096 [s2-server-thread1] INFO  server.RaftServer$Division (RaftServerImpl.java:checkInconsistentAppendEntries(1592)) - s2@group-EA982605F2E5: Failed appendEntries as the first entry (index 0) already exists (snapshotIndex: -1, commitIndex: 0)
2022-11-08 19:12:10,096 [s2-server-thread1] INFO  server.RaftServer$Division (RaftServerImpl.java:checkInconsistentAppendEntries(1572)) - s2@group-EA982605F2E5: inconsistency entries. Reply:s1<-s2#1905:FAIL-t2,INCONSISTENCY,nextIndex=1,followerCommit=0,matchIndex=-1
2022-11-08 19:12:10,096 [grpc-default-executor-0] INFO  leader.FollowerInfo (FollowerInfoImpl.java:lambda$new$0(48)) - s1@group-EA982605F2E5->s2: nextIndex: updateUnconditionally 5 -> 1
2022-11-08 19:12:10,097 [s2-server-thread1] DEBUG server.RaftServer$Division (RaftServerImpl.java:logAppendEntries(1421)) - s2@group-EA982605F2E5: receive appendEntries(s1, 2, (t:2, i:0), 4, true, commits:[s1:c4, s0:c4, s2:c0], cId:1906, entries: [(t:2, i:1), STATEMACHINELOGENTRY, 0@client-2EFB324ADA71, (t:2, i:2), METADATAENTRY(c:1), (t:2, i:3), STATEMACHINELOGENTRY, 999@client-AE8279CAF820, (t:2, i:4), METADATAENTRY(c:3)]
2022-11-08 19:12:10,097 [s2-server-thread1] INFO  server.RaftServer$Division (RaftServerImpl.java:checkInconsistentAppendEntries(1602)) - s2@group-EA982605F2E5: Failed appendEntries as previous log entry ((t:2, i:0)) is not found
2022-11-08 19:12:10,097 [s2-server-thread1] INFO  server.RaftServer$Division (RaftServerImpl.java:checkInconsistentAppendEntries(1572)) - s2@group-EA982605F2E5: inconsistency entries. Reply:s1<-s2#1906:FAIL-t2,INCONSISTENCY,nextIndex=0,followerCommit=0,matchIndex=-1
2022-11-08 19:12:10,097 [grpc-default-executor-0] INFO  leader.FollowerInfo (FollowerInfoImpl.java:lambda$new$0(48)) - s1@group-EA982605F2E5->s2: nextIndex: updateUnconditionally 5 -> 0
2022-11-08 19:12:10,098 [s2-server-thread1] DEBUG server.RaftServer$Division (RaftServerImpl.java:logAppendEntries(1421)) - s2@group-EA982605F2E5: receive appendEntries(s1, 2, null, 4, true, commits:[s1:c4, s0:c4, s2:c0], cId:1907, entries: [(t:2, i:0), CONFIGURATIONENTRY(current:id: "s0"
address: "localhost:34297"
dataStreamAddress: "localhost:43983"
clientAddress: "localhost:39609"
adminAddress: "localhost:37077"
startupRole: FOLLOWER
,id: "s1"
address: "localhost:38917"
dataStreamAddress: "localhost:45719"
clientAddress: "localhost:36975"
adminAddress: "localhost:40635"
startupRole: FOLLOWER
,id: "s2"
address: "localhost:35511"
dataStreamAddress: "localhost:38827"
clientAddress: "localhost:42865"
adminAddress: "localhost:36791"
startupRole: FOLLOWER
, old:), (t:2, i:1), STATEMACHINELOGENTRY, 0@client-2EFB324ADA71, (t:2, i:2), METADATAENTRY(c:1), (t:2, i:3), STATEMACHINELOGENTRY, 999@client-AE8279CAF820, (t:2, i:4), METADATAENTRY(c:3)]
2022-11-08 19:12:10,098 [s2-server-thread1] INFO  server.RaftServer$Division (RaftServerImpl.java:checkInconsistentAppendEntries(1592)) - s2@group-EA982605F2E5: Failed appendEntries as the first entry (index 0) already exists (snapshotIndex: -1, commitIndex: 0)
2022-11-08 19:12:10,098 [s2-server-thread1] INFO  server.RaftServer$Division (RaftServerImpl.java:checkInconsistentAppendEntries(1572)) - s2@group-EA982605F2E5: inconsistency entries. Reply:s1<-s2#1907:FAIL-t2,INCONSISTENCY,nextIndex=1,followerCommit=0,matchIndex=-1
2022-11-08 19:12:10,098 [grpc-default-executor-0] INFO  leader.FollowerInfo (FollowerInfoImpl.java:lambda$new$0(48)) - s1@group-EA982605F2E5->s2: nextIndex: updateUnconditionally 5 -> 1
2022-11-08 19:12:10,099 [s2-server-thread1] DEBUG server.RaftServer$Division (RaftServerImpl.java:logAppendEntries(1421)) - s2@group-EA982605F2E5: receive appendEntries(s1, 2, (t:2, i:0), 4, true, commits:[s1:c4, s0:c4, s2:c0], cId:1908, entries: [(t:2, i:1), STATEMACHINELOGENTRY, 0@client-2EFB324ADA71, (t:2, i:2), METADATAENTRY(c:1), (t:2, i:3), STATEMACHINELOGENTRY, 999@client-AE8279CAF820, (t:2, i:4), METADATAENTRY(c:3)]
2022-11-08 19:12:10,099 [s2-server-thread1] INFO  server.RaftServer$Division (RaftServerImpl.java:checkInconsistentAppendEntries(1602)) - s2@group-EA982605F2E5: Failed appendEntries as previous log entry ((t:2, i:0)) is not found
2022-11-08 19:12:10,099 [s2-server-thread1] INFO  server.RaftServer$Division (RaftServerImpl.java:checkInconsistentAppendEntries(1572)) - s2@group-EA982605F2E5: inconsistency entries. Reply:s1<-s2#1908:FAIL-t2,INCONSISTENCY,nextIndex=0,followerCommit=0,matchIndex=-1
2022-11-08 19:12:10,099 [grpc-default-executor-0] INFO  leader.FollowerInfo (FollowerInfoImpl.java:lambda$new$0(48)) - s1@group-EA982605F2E5->s2: nextIndex: updateUnconditionally 5 -> 0
2022-11-08 19:12:10,100 [s2-server-thread1] DEBUG server.RaftServer$Division (RaftServerImpl.java:logAppendEntries(1421)) - s2@group-EA982605F2E5: receive appendEntries(s1, 2, null, 4, true, commits:[s1:c4, s0:c4, s2:c0], cId:1909, entries: [(t:2, i:0), CONFIGURATIONENTRY(current:id: "s0"
address: "localhost:34297"
dataStreamAddress: "localhost:43983"
clientAddress: "localhost:39609"
adminAddress: "localhost:37077"
startupRole: FOLLOWER
,id: "s1"
address: "localhost:38917"
dataStreamAddress: "localhost:45719"
clientAddress: "localhost:36975"
adminAddress: "localhost:40635"
startupRole: FOLLOWER
,id: "s2"
address: "localhost:35511"
dataStreamAddress: "localhost:38827"
clientAddress: "localhost:42865"
adminAddress: "localhost:36791"
startupRole: FOLLOWER
, old:), (t:2, i:1), STATEMACHINELOGENTRY, 0@client-2EFB324ADA71, (t:2, i:2), METADATAENTRY(c:1), (t:2, i:3), STATEMACHINELOGENTRY, 999@client-AE8279CAF820, (t:2, i:4), METADATAENTRY(c:3)]
2022-11-08 19:12:10,100 [s2-server-thread1] INFO  server.RaftServer$Division (RaftServerImpl.java:checkInconsistentAppendEntries(1592)) - s2@group-EA982605F2E5: Failed appendEntries as the first entry (index 0) already exists (snapshotIndex: -1, commitIndex: 0)
2022-11-08 19:12:10,100 [s2-server-thread1] INFO  server.RaftServer$Division (RaftServerImpl.java:checkInconsistentAppendEntries(1572)) - s2@group-EA982605F2E5: inconsistency entries. Reply:s1<-s2#1909:FAIL-t2,INCONSISTENCY,nextIndex=1,followerCommit=0,matchIndex=-1
2022-11-08 19:12:10,101 [grpc-default-executor-0] INFO  leader.FollowerInfo (FollowerInfoImpl.java:lambda$new$0(48)) - s1@group-EA982605F2E5->s2: nextIndex: updateUnconditionally 5 -> 1
2022-11-08 19:12:10,101 [s2-server-thread1] DEBUG server.RaftServer$Division (RaftServerImpl.java:logAppendEntries(1421)) - s2@group-EA982605F2E5: receive appendEntries(s1, 2, (t:2, i:0), 4, true, commits:[s1:c4, s0:c4, s2:c0], cId:1910, entries: [(t:2, i:1), STATEMACHINELOGENTRY, 0@client-2EFB324ADA71, (t:2, i:2), METADATAENTRY(c:1), (t:2, i:3), STATEMACHINELOGENTRY, 999@client-AE8279CAF820, (t:2, i:4), METADATAENTRY(c:3)]
2022-11-08 19:12:10,101 [s2-server-thread1] INFO  server.RaftServer$Division (RaftServerImpl.java:checkInconsistentAppendEntries(1602)) - s2@group-EA982605F2E5: Failed appendEntries as previous log entry ((t:2, i:0)) is not found
2022-11-08 19:12:10,101 [s2-server-thread1] INFO  server.RaftServer$Division (RaftServerImpl.java:checkInconsistentAppendEntries(1572)) - s2@group-EA982605F2E5: inconsistency entries. Reply:s1<-s2#1910:FAIL-t2,INCONSISTENCY,nextIndex=0,followerCommit=0,matchIndex=-1
2022-11-08 19:12:10,102 [grpc-default-executor-0] INFO  leader.FollowerInfo (FollowerInfoImpl.java:lambda$new$0(48)) - s1@group-EA982605F2E5->s2: nextIndex: updateUnconditionally 5 -> 0
2022-11-08 19:12:10,102 [s2-server-thread1] DEBUG server.RaftServer$Division (RaftServerImpl.java:logAppendEntries(1421)) - s2@group-EA982605F2E5: receive appendEntries(s1, 2, null, 4, true, commits:[s1:c4, s0:c4, s2:c0], cId:1911, entries: [(t:2, i:0), CONFIGURATIONENTRY(current:id: "s0"
address: "localhost:34297"
dataStreamAddress: "localhost:43983"
clientAddress: "localhost:39609"
adminAddress: "localhost:37077"
startupRole: FOLLOWER
,id: "s1"
address: "localhost:38917"
dataStreamAddress: "localhost:45719"
clientAddress: "localhost:36975"
adminAddress: "localhost:40635"
startupRole: FOLLOWER
,id: "s2"
address: "localhost:35511"
dataStreamAddress: "localhost:38827"
clientAddress: "localhost:42865"
adminAddress: "localhost:36791"
startupRole: FOLLOWER
, old:), (t:2, i:1), STATEMACHINELOGENTRY, 0@client-2EFB324ADA71, (t:2, i:2), METADATAENTRY(c:1), (t:2, i:3), STATEMACHINELOGENTRY, 999@client-AE8279CAF820, (t:2, i:4), METADATAENTRY(c:3)]
2022-11-08 19:12:10,102 [s2-server-thread1] INFO  server.RaftServer$Division (RaftServerImpl.java:checkInconsistentAppendEntries(1592)) - s2@group-EA982605F2E5: Failed appendEntries as the first entry (index 0) already exists (snapshotIndex: -1, commitIndex: 0)
2022-11-08 19:12:10,102 [s2-server-thread1] INFO  server.RaftServer$Division (RaftServerImpl.java:checkInconsistentAppendEntries(1572)) - s2@group-EA982605F2E5: inconsistency entries. Reply:s1<-s2#1911:FAIL-t2,INCONSISTENCY,nextIndex=1,followerCommit=0,matchIndex=-1
2022-11-08 19:12:10,103 [grpc-default-executor-0] INFO  leader.FollowerInfo (FollowerInfoImpl.java:lambda$new$0(48)) - s1@group-EA982605F2E5->s2: nextIndex: updateUnconditionally 5 -> 1
2022-11-08 19:12:10,103 [s2-server-thread1] DEBUG server.RaftServer$Division (RaftServerImpl.java:logAppendEntries(1421)) - s2@group-EA982605F2E5: receive appendEntries(s1, 2, (t:2, i:0), 4, true, commits:[s1:c4, s0:c4, s2:c0], cId:1912, entries: [(t:2, i:1), STATEMACHINELOGENTRY, 0@client-2EFB324ADA71, (t:2, i:2), METADATAENTRY(c:1), (t:2, i:3), STATEMACHINELOGENTRY, 999@client-AE8279CAF820, (t:2, i:4), METADATAENTRY(c:3)]
2022-11-08 19:12:10,104 [s2-server-thread1] INFO  server.RaftServer$Division (RaftServerImpl.java:checkInconsistentAppendEntries(1602)) - s2@group-EA982605F2E5: Failed appendEntries as previous log entry ((t:2, i:0)) is not found
2022-11-08 19:12:10,104 [s2-server-thread1] INFO  server.RaftServer$Division (RaftServerImpl.java:checkInconsistentAppendEntries(1572)) - s2@group-EA982605F2E5: inconsistency entries. Reply:s1<-s2#1912:FAIL-t2,INCONSISTENCY,nextIndex=0,followerCommit=0,matchIndex=-1
2022-11-08 19:12:10,104 [grpc-default-executor-0] INFO  leader.FollowerInfo (FollowerInfoImpl.java:lambda$new$0(48)) - s1@group-EA982605F2E5->s2: nextIndex: updateUnconditionally 5 -> 0
2022-11-08 19:12:10,105 [s2-server-thread1] DEBUG server.RaftServer$Division (RaftServerImpl.java:logAppendEntries(1421)) - s2@group-EA982605F2E5: receive appendEntries(s1, 2, null, 4, true, commits:[s1:c4, s0:c4, s2:c0], cId:1913, entries: [(t:2, i:0), CONFIGURATIONENTRY(current:id: "s0"
address: "localhost:34297"
dataStreamAddress: "localhost:43983"
clientAddress: "localhost:39609"
adminAddress: "localhost:37077"
startupRole: FOLLOWER
,id: "s1"
address: "localhost:38917"
dataStreamAddress: "localhost:45719"
clientAddress: "localhost:36975"
adminAddress: "localhost:40635"
startupRole: FOLLOWER
,id: "s2"
address: "localhost:35511"
dataStreamAddress: "localhost:38827"
clientAddress: "localhost:42865"
adminAddress: "localhost:36791"
startupRole: FOLLOWER
, old:), (t:2, i:1), STATEMACHINELOGENTRY, 0@client-2EFB324ADA71, (t:2, i:2), METADATAENTRY(c:1), (t:2, i:3), STATEMACHINELOGENTRY, 999@client-AE8279CAF820, (t:2, i:4), METADATAENTRY(c:3)]
2022-11-08 19:12:10,105 [s2-server-thread1] INFO  server.RaftServer$Division (RaftServerImpl.java:checkInconsistentAppendEntries(1592)) - s2@group-EA982605F2E5: Failed appendEntries as the first entry (index 0) already exists (snapshotIndex: -1, commitIndex: 0)
2022-11-08 19:12:10,105 [s2-server-thread1] INFO  server.RaftServer$Division (RaftServerImpl.java:checkInconsistentAppendEntries(1572)) - s2@group-EA982605F2E5: inconsistency entries. Reply:s1<-s2#1913:FAIL-t2,INCONSISTENCY,nextIndex=1,followerCommit=0,matchIndex=-1
2022-11-08 19:12:10,105 [grpc-default-executor-0] INFO  leader.FollowerInfo (FollowerInfoImpl.java:lambda$new$0(48)) - s1@group-EA982605F2E5->s2: nextIndex: updateUnconditionally 5 -> 1
2022-11-08 19:12:10,106 [s2-server-thread1] DEBUG server.RaftServer$Division (RaftServerImpl.java:logAppendEntries(1421)) - s2@group-EA982605F2E5: receive appendEntries(s1, 2, (t:2, i:0), 4, true, commits:[s1:c4, s0:c4, s2:c0], cId:1914, entries: [(t:2, i:1), STATEMACHINELOGENTRY, 0@client-2EFB324ADA71, (t:2, i:2), METADATAENTRY(c:1), (t:2, i:3), STATEMACHINELOGENTRY, 999@client-AE8279CAF820, (t:2, i:4), METADATAENTRY(c:3)]
2022-11-08 19:12:10,106 [s2-server-thread1] INFO  server.RaftServer$Division (RaftServerImpl.java:checkInconsistentAppendEntries(1602)) - s2@group-EA982605F2E5: Failed appendEntries as previous log entry ((t:2, i:0)) is not found
2022-11-08 19:12:10,106 [s2-server-thread1] INFO  server.RaftServer$Division (RaftServerImpl.java:checkInconsistentAppendEntries(1572)) - s2@group-EA982605F2E5: inconsistency entries. Reply:s1<-s2#1914:FAIL-t2,INCONSISTENCY,nextIndex=0,followerCommit=0,matchIndex=-1
2022-11-08 19:12:10,106 [grpc-default-executor-0] INFO  leader.FollowerInfo (FollowerInfoImpl.java:lambda$new$0(48)) - s1@group-EA982605F2E5->s2: nextIndex: updateUnconditionally 5 -> 0
2022-11-08 19:12:10,107 [s2-server-thread1] DEBUG server.RaftServer$Division (RaftServerImpl.java:logAppendEntries(1421)) - s2@group-EA982605F2E5: receive appendEntries(s1, 2, null, 4, true, commits:[s1:c4, s0:c4, s2:c0], cId:1915, entries: [(t:2, i:0), CONFIGURATIONENTRY(current:id: "s0"
address: "localhost:34297"
dataStreamAddress: "localhost:43983"
clientAddress: "localhost:39609"
adminAddress: "localhost:37077"
startupRole: FOLLOWER
,id: "s1"
address: "localhost:38917"
dataStreamAddress: "localhost:45719"
clientAddress: "localhost:36975"
adminAddress: "localhost:40635"
startupRole: FOLLOWER
,id: "s2"
address: "localhost:35511"
dataStreamAddress: "localhost:38827"
clientAddress: "localhost:42865"
adminAddress: "localhost:36791"
startupRole: FOLLOWER
, old:), (t:2, i:1), STATEMACHINELOGENTRY, 0@client-2EFB324ADA71, (t:2, i:2), METADATAENTRY(c:1), (t:2, i:3), STATEMACHINELOGENTRY, 999@client-AE8279CAF820, (t:2, i:4), METADATAENTRY(c:3)]
2022-11-08 19:12:10,107 [s2-server-thread1] INFO  server.RaftServer$Division (RaftServerImpl.java:checkInconsistentAppendEntries(1592)) - s2@group-EA982605F2E5: Failed appendEntries as the first entry (index 0) already exists (snapshotIndex: -1, commitIndex: 0)
2022-11-08 19:12:10,107 [s2-server-thread1] INFO  server.RaftServer$Division (RaftServerImpl.java:checkInconsistentAppendEntries(1572)) - s2@group-EA982605F2E5: inconsistency entries. Reply:s1<-s2#1915:FAIL-t2,INCONSISTENCY,nextIndex=1,followerCommit=0,matchIndex=-1
2022-11-08 19:12:10,108 [grpc-default-executor-0] INFO  leader.FollowerInfo (FollowerInfoImpl.java:lambda$new$0(48)) - s1@group-EA982605F2E5->s2: nextIndex: updateUnconditionally 5 -> 1
2022-11-08 19:12:10,108 [s2-server-thread1] DEBUG server.RaftServer$Division (RaftServerImpl.java:logAppendEntries(1421)) - s2@group-EA982605F2E5: receive appendEntries(s1, 2, (t:2, i:0), 4, true, commits:[s1:c4, s0:c4, s2:c0], cId:1916, entries: [(t:2, i:1), STATEMACHINELOGENTRY, 0@client-2EFB324ADA71, (t:2, i:2), METADATAENTRY(c:1), (t:2, i:3), STATEMACHINELOGENTRY, 999@client-AE8279CAF820, (t:2, i:4), METADATAENTRY(c:3)]
2022-11-08 19:12:10,108 [s2-server-thread1] INFO  server.RaftServer$Division (RaftServerImpl.java:checkInconsistentAppendEntries(1602)) - s2@group-EA982605F2E5: Failed appendEntries as previous log entry ((t:2, i:0)) is not found
2022-11-08 19:12:10,108 [s2-server-thread1] INFO  server.RaftServer$Division (RaftServerImpl.java:checkInconsistentAppendEntries(1572)) - s2@group-EA982605F2E5: inconsistency entries. Reply:s1<-s2#1916:FAIL-t2,INCONSISTENCY,nextIndex=0,followerCommit=0,matchIndex=-1
2022-11-08 19:12:10,109 [grpc-default-executor-0] INFO  leader.FollowerInfo (FollowerInfoImpl.java:lambda$new$0(48)) - s1@group-EA982605F2E5->s2: nextIndex: updateUnconditionally 5 -> 0
2022-11-08 19:12:10,109 [s2-server-thread1] DEBUG server.RaftServer$Division (RaftServerImpl.java:logAppendEntries(1421)) - s2@group-EA982605F2E5: receive appendEntries(s1, 2, null, 4, true, commits:[s1:c4, s0:c4, s2:c0], cId:1917, entries: [(t:2, i:0), CONFIGURATIONENTRY(current:id: "s0"
address: "localhost:34297"
dataStreamAddress: "localhost:43983"
clientAddress: "localhost:39609"
adminAddress: "localhost:37077"
startupRole: FOLLOWER
,id: "s1"
address: "localhost:38917"
dataStreamAddress: "localhost:45719"
clientAddress: "localhost:36975"
adminAddress: "localhost:40635"
startupRole: FOLLOWER
,id: "s2"
address: "localhost:35511"
dataStreamAddress: "localhost:38827"
clientAddress: "localhost:42865"
adminAddress: "localhost:36791"
startupRole: FOLLOWER
, old:), (t:2, i:1), STATEMACHINELOGENTRY, 0@client-2EFB324ADA71, (t:2, i:2), METADATAENTRY(c:1), (t:2, i:3), STATEMACHINELOGENTRY, 999@client-AE8279CAF820, (t:2, i:4), METADATAENTRY(c:3)]
2022-11-08 19:12:10,109 [s2-server-thread1] INFO  server.RaftServer$Division (RaftServerImpl.java:checkInconsistentAppendEntries(1592)) - s2@group-EA982605F2E5: Failed appendEntries as the first entry (index 0) already exists (snapshotIndex: -1, commitIndex: 0)
2022-11-08 19:12:10,109 [s2-server-thread1] INFO  server.RaftServer$Division (RaftServerImpl.java:checkInconsistentAppendEntries(1572)) - s2@group-EA982605F2E5: inconsistency entries. Reply:s1<-s2#1917:FAIL-t2,INCONSISTENCY,nextIndex=1,followerCommit=0,matchIndex=-1
2022-11-08 19:12:10,110 [grpc-default-executor-0] INFO  leader.FollowerInfo (FollowerInfoImpl.java:lambda$new$0(48)) - s1@group-EA982605F2E5->s2: nextIndex: updateUnconditionally 5 -> 1
2022-11-08 19:12:10,110 [s2-server-thread1] DEBUG server.RaftServer$Division (RaftServerImpl.java:logAppendEntries(1421)) - s2@group-EA982605F2E5: receive appendEntries(s1, 2, (t:2, i:0), 4, true, commits:[s1:c4, s0:c4, s2:c0], cId:1918, entries: [(t:2, i:1), STATEMACHINELOGENTRY, 0@client-2EFB324ADA71, (t:2, i:2), METADATAENTRY(c:1), (t:2, i:3), STATEMACHINELOGENTRY, 999@client-AE8279CAF820, (t:2, i:4), METADATAENTRY(c:3)]
2022-11-08 19:12:10,110 [s2-server-thread1] INFO  server.RaftServer$Division (RaftServerImpl.java:checkInconsistentAppendEntries(1602)) - s2@group-EA982605F2E5: Failed appendEntries as previous log entry ((t:2, i:0)) is not found
2022-11-08 19:12:10,111 [s2-server-thread1] INFO  server.RaftServer$Division (RaftServerImpl.java:checkInconsistentAppendEntries(1572)) - s2@group-EA982605F2E5: inconsistency entries. Reply:s1<-s2#1918:FAIL-t2,INCONSISTENCY,nextIndex=0,followerCommit=0,matchIndex=-1
2022-11-08 19:12:10,111 [grpc-default-executor-0] INFO  leader.FollowerInfo (FollowerInfoImpl.java:lambda$new$0(48)) - s1@group-EA982605F2E5->s2: nextIndex: updateUnconditionally 5 -> 0
2022-11-08 19:12:10,111 [s2-server-thread1] DEBUG server.RaftServer$Division (RaftServerImpl.java:logAppendEntries(1421)) - s2@group-EA982605F2E5: receive appendEntries(s1, 2, null, 4, true, commits:[s1:c4, s0:c4, s2:c0], cId:1919, entries: [(t:2, i:0), CONFIGURATIONENTRY(current:id: "s0"
address: "localhost:34297"
dataStreamAddress: "localhost:43983"
clientAddress: "localhost:39609"
adminAddress: "localhost:37077"
startupRole: FOLLOWER
,id: "s1"
address: "localhost:38917"
dataStreamAddress: "localhost:45719"
clientAddress: "localhost:36975"
adminAddress: "localhost:40635"
startupRole: FOLLOWER
,id: "s2"
address: "localhost:35511"
dataStreamAddress: "localhost:38827"
clientAddress: "localhost:42865"
adminAddress: "localhost:36791"
startupRole: FOLLOWER
, old:), (t:2, i:1), STATEMACHINELOGENTRY, 0@client-2EFB324ADA71, (t:2, i:2), METADATAENTRY(c:1), (t:2, i:3), STATEMACHINELOGENTRY, 999@client-AE8279CAF820, (t:2, i:4), METADATAENTRY(c:3)]
2022-11-08 19:12:10,112 [s2-server-thread1] INFO  server.RaftServer$Division (RaftServerImpl.java:checkInconsistentAppendEntries(1592)) - s2@group-EA982605F2E5: Failed appendEntries as the first entry (index 0) already exists (snapshotIndex: -1, commitIndex: 0)
2022-11-08 19:12:10,112 [s2-server-thread1] INFO  server.RaftServer$Division (RaftServerImpl.java:checkInconsistentAppendEntries(1572)) - s2@group-EA982605F2E5: inconsistency entries. Reply:s1<-s2#1919:FAIL-t2,INCONSISTENCY,nextIndex=1,followerCommit=0,matchIndex=-1
2022-11-08 19:12:10,112 [grpc-default-executor-0] INFO  leader.FollowerInfo (FollowerInfoImpl.java:lambda$new$0(48)) - s1@group-EA982605F2E5->s2: nextIndex: updateUnconditionally 5 -> 1
2022-11-08 19:12:10,113 [s2-server-thread1] DEBUG server.RaftServer$Division (RaftServerImpl.java:logAppendEntries(1421)) - s2@group-EA982605F2E5: receive appendEntries(s1, 2, (t:2, i:0), 4, true, commits:[s1:c4, s0:c4, s2:c0], cId:1920, entries: [(t:2, i:1), STATEMACHINELOGENTRY, 0@client-2EFB324ADA71, (t:2, i:2), METADATAENTRY(c:1), (t:2, i:3), STATEMACHINELOGENTRY, 999@client-AE8279CAF820, (t:2, i:4), METADATAENTRY(c:3)]
2022-11-08 19:12:10,113 [s2-server-thread1] INFO  server.RaftServer$Division (RaftServerImpl.java:checkInconsistentAppendEntries(1602)) - s2@group-EA982605F2E5: Failed appendEntries as previous log entry ((t:2, i:0)) is not found
2022-11-08 19:12:10,113 [s2-server-thread1] INFO  server.RaftServer$Division (RaftServerImpl.java:checkInconsistentAppendEntries(1572)) - s2@group-EA982605F2E5: inconsistency entries. Reply:s1<-s2#1920:FAIL-t2,INCONSISTENCY,nextIndex=0,followerCommit=0,matchIndex=-1
2022-11-08 19:12:10,113 [grpc-default-executor-0] INFO  leader.FollowerInfo (FollowerInfoImpl.java:lambda$new$0(48)) - s1@group-EA982605F2E5->s2: nextIndex: updateUnconditionally 5 -> 0
2022-11-08 19:12:10,114 [s2-server-thread1] DEBUG server.RaftServer$Division (RaftServerImpl.java:logAppendEntries(1421)) - s2@group-EA982605F2E5: receive appendEntries(s1, 2, null, 4, true, commits:[s1:c4, s0:c4, s2:c0], cId:1921, entries: [(t:2, i:0), CONFIGURATIONENTRY(current:id: "s0"
address: "localhost:34297"
dataStreamAddress: "localhost:43983"
clientAddress: "localhost:39609"
adminAddress: "localhost:37077"
startupRole: FOLLOWER
,id: "s1"
address: "localhost:38917"
dataStreamAddress: "localhost:45719"
clientAddress: "localhost:36975"
adminAddress: "localhost:40635"
startupRole: FOLLOWER
,id: "s2"
address: "localhost:35511"
dataStreamAddress: "localhost:38827"
clientAddress: "localhost:42865"
adminAddress: "localhost:36791"
startupRole: FOLLOWER
, old:), (t:2, i:1), STATEMACHINELOGENTRY, 0@client-2EFB324ADA71, (t:2, i:2), METADATAENTRY(c:1), (t:2, i:3), STATEMACHINELOGENTRY, 999@client-AE8279CAF820, (t:2, i:4), METADATAENTRY(c:3)]
2022-11-08 19:12:10,114 [s2-server-thread1] INFO  server.RaftServer$Division (RaftServerImpl.java:checkInconsistentAppendEntries(1592)) - s2@group-EA982605F2E5: Failed appendEntries as the first entry (index 0) already exists (snapshotIndex: -1, commitIndex: 0)
2022-11-08 19:12:10,114 [s2-server-thread1] INFO  server.RaftServer$Division (RaftServerImpl.java:checkInconsistentAppendEntries(1572)) - s2@group-EA982605F2E5: inconsistency entries. Reply:s1<-s2#1921:FAIL-t2,INCONSISTENCY,nextIndex=1,followerCommit=0,matchIndex=-1
2022-11-08 19:12:10,114 [grpc-default-executor-0] INFO  leader.FollowerInfo (FollowerInfoImpl.java:lambda$new$0(48)) - s1@group-EA982605F2E5->s2: nextIndex: updateUnconditionally 5 -> 1
2022-11-08 19:12:10,115 [s2-server-thread1] DEBUG server.RaftServer$Division (RaftServerImpl.java:logAppendEntries(1421)) - s2@group-EA982605F2E5: receive appendEntries(s1, 2, (t:2, i:0), 4, true, commits:[s1:c4, s0:c4, s2:c0], cId:1922, entries: [(t:2, i:1), STATEMACHINELOGENTRY, 0@client-2EFB324ADA71, (t:2, i:2), METADATAENTRY(c:1), (t:2, i:3), STATEMACHINELOGENTRY, 999@client-AE8279CAF820, (t:2, i:4), METADATAENTRY(c:3)]
2022-11-08 19:12:10,115 [s2-server-thread1] INFO  server.RaftServer$Division (RaftServerImpl.java:checkInconsistentAppendEntries(1602)) - s2@group-EA982605F2E5: Failed appendEntries as previous log entry ((t:2, i:0)) is not found
2022-11-08 19:12:10,115 [s2-server-thread1] INFO  server.RaftServer$Division (RaftServerImpl.java:checkInconsistentAppendEntries(1572)) - s2@group-EA982605F2E5: inconsistency entries. Reply:s1<-s2#1922:FAIL-t2,INCONSISTENCY,nextIndex=0,followerCommit=0,matchIndex=-1
2022-11-08 19:12:10,115 [grpc-default-executor-0] INFO  leader.FollowerInfo (FollowerInfoImpl.java:lambda$new$0(48)) - s1@group-EA982605F2E5->s2: nextIndex: updateUnconditionally 5 -> 0
2022-11-08 19:12:10,116 [s2-server-thread1] DEBUG server.RaftServer$Division (RaftServerImpl.java:logAppendEntries(1421)) - s2@group-EA982605F2E5: receive appendEntries(s1, 2, null, 4, true, commits:[s1:c4, s0:c4, s2:c0], cId:1923, entries: [(t:2, i:0), CONFIGURATIONENTRY(current:id: "s0"
address: "localhost:34297"
dataStreamAddress: "localhost:43983"
clientAddress: "localhost:39609"
adminAddress: "localhost:37077"
startupRole: FOLLOWER
,id: "s1"
address: "localhost:38917"
dataStreamAddress: "localhost:45719"
clientAddress: "localhost:36975"
adminAddress: "localhost:40635"
startupRole: FOLLOWER
,id: "s2"
address: "localhost:35511"
dataStreamAddress: "localhost:38827"
clientAddress: "localhost:42865"
adminAddress: "localhost:36791"
startupRole: FOLLOWER
, old:), (t:2, i:1), STATEMACHINELOGENTRY, 0@client-2EFB324ADA71, (t:2, i:2), METADATAENTRY(c:1), (t:2, i:3), STATEMACHINELOGENTRY, 999@client-AE8279CAF820, (t:2, i:4), METADATAENTRY(c:3)]
2022-11-08 19:12:10,116 [s2-server-thread1] INFO  server.RaftServer$Division (RaftServerImpl.java:checkInconsistentAppendEntries(1592)) - s2@group-EA982605F2E5: Failed appendEntries as the first entry (index 0) already exists (snapshotIndex: -1, commitIndex: 0)
2022-11-08 19:12:10,116 [s2-server-thread1] INFO  server.RaftServer$Division (RaftServerImpl.java:checkInconsistentAppendEntries(1572)) - s2@group-EA982605F2E5: inconsistency entries. Reply:s1<-s2#1923:FAIL-t2,INCONSISTENCY,nextIndex=1,followerCommit=0,matchIndex=-1
2022-11-08 19:12:10,116 [grpc-default-executor-0] INFO  leader.FollowerInfo (FollowerInfoImpl.java:lambda$new$0(48)) - s1@group-EA982605F2E5->s2: nextIndex: updateUnconditionally 5 -> 1
2022-11-08 19:12:10,117 [s2-server-thread1] DEBUG server.RaftServer$Division (RaftServerImpl.java:logAppendEntries(1421)) - s2@group-EA982605F2E5: receive appendEntries(s1, 2, (t:2, i:0), 4, true, commits:[s1:c4, s0:c4, s2:c0], cId:1924, entries: [(t:2, i:1), STATEMACHINELOGENTRY, 0@client-2EFB324ADA71, (t:2, i:2), METADATAENTRY(c:1), (t:2, i:3), STATEMACHINELOGENTRY, 999@client-AE8279CAF820, (t:2, i:4), METADATAENTRY(c:3)]
2022-11-08 19:12:10,117 [s2-server-thread1] INFO  server.RaftServer$Division (RaftServerImpl.java:checkInconsistentAppendEntries(1602)) - s2@group-EA982605F2E5: Failed appendEntries as previous log entry ((t:2, i:0)) is not found
2022-11-08 19:12:10,117 [s2-server-thread1] INFO  server.RaftServer$Division (RaftServerImpl.java:checkInconsistentAppendEntries(1572)) - s2@group-EA982605F2E5: inconsistency entries. Reply:s1<-s2#1924:FAIL-t2,INCONSISTENCY,nextIndex=0,followerCommit=0,matchIndex=-1
2022-11-08 19:12:10,117 [grpc-default-executor-0] INFO  leader.FollowerInfo (FollowerInfoImpl.java:lambda$new$0(48)) - s1@group-EA982605F2E5->s2: nextIndex: updateUnconditionally 5 -> 0
2022-11-08 19:12:10,118 [s2-server-thread1] DEBUG server.RaftServer$Division (RaftServerImpl.java:logAppendEntries(1421)) - s2@group-EA982605F2E5: receive appendEntries(s1, 2, null, 4, true, commits:[s1:c4, s0:c4, s2:c0], cId:1925, entries: [(t:2, i:0), CONFIGURATIONENTRY(current:id: "s0"
address: "localhost:34297"
dataStreamAddress: "localhost:43983"
clientAddress: "localhost:39609"
adminAddress: "localhost:37077"
startupRole: FOLLOWER
,id: "s1"
address: "localhost:38917"
dataStreamAddress: "localhost:45719"
clientAddress: "localhost:36975"
adminAddress: "localhost:40635"
startupRole: FOLLOWER
,id: "s2"
address: "localhost:35511"
dataStreamAddress: "localhost:38827"
clientAddress: "localhost:42865"
adminAddress: "localhost:36791"
startupRole: FOLLOWER
, old:), (t:2, i:1), STATEMACHINELOGENTRY, 0@client-2EFB324ADA71, (t:2, i:2), METADATAENTRY(c:1), (t:2, i:3), STATEMACHINELOGENTRY, 999@client-AE8279CAF820, (t:2, i:4), METADATAENTRY(c:3)]
2022-11-08 19:12:10,118 [s2-server-thread1] INFO  server.RaftServer$Division (RaftServerImpl.java:checkInconsistentAppendEntries(1592)) - s2@group-EA982605F2E5: Failed appendEntries as the first entry (index 0) already exists (snapshotIndex: -1, commitIndex: 0)
2022-11-08 19:12:10,118 [s2-server-thread1] INFO  server.RaftServer$Division (RaftServerImpl.java:checkInconsistentAppendEntries(1572)) - s2@group-EA982605F2E5: inconsistency entries. Reply:s1<-s2#1925:FAIL-t2,INCONSISTENCY,nextIndex=1,followerCommit=0,matchIndex=-1
2022-11-08 19:12:10,119 [grpc-default-executor-0] INFO  leader.FollowerInfo (FollowerInfoImpl.java:lambda$new$0(48)) - s1@group-EA982605F2E5->s2: nextIndex: updateUnconditionally 5 -> 1
2022-11-08 19:12:10,119 [s2-server-thread1] DEBUG server.RaftServer$Division (RaftServerImpl.java:logAppendEntries(1421)) - s2@group-EA982605F2E5: receive appendEntries(s1, 2, (t:2, i:0), 4, true, commits:[s1:c4, s0:c4, s2:c0], cId:1926, entries: [(t:2, i:1), STATEMACHINELOGENTRY, 0@client-2EFB324ADA71, (t:2, i:2), METADATAENTRY(c:1), (t:2, i:3), STATEMACHINELOGENTRY, 999@client-AE8279CAF820, (t:2, i:4), METADATAENTRY(c:3)]
2022-11-08 19:12:10,120 [s2-server-thread1] INFO  server.RaftServer$Division (RaftServerImpl.java:checkInconsistentAppendEntries(1602)) - s2@group-EA982605F2E5: Failed appendEntries as previous log entry ((t:2, i:0)) is not found
2022-11-08 19:12:10,120 [s2-server-thread1] INFO  server.RaftServer$Division (RaftServerImpl.java:checkInconsistentAppendEntries(1572)) - s2@group-EA982605F2E5: inconsistency entries. Reply:s1<-s2#1926:FAIL-t2,INCONSISTENCY,nextIndex=0,followerCommit=0,matchIndex=-1
2022-11-08 19:12:10,121 [grpc-default-executor-0] INFO  leader.FollowerInfo (FollowerInfoImpl.java:lambda$new$0(48)) - s1@group-EA982605F2E5->s2: nextIndex: updateUnconditionally 5 -> 0
2022-11-08 19:12:10,121 [s2-server-thread1] DEBUG server.RaftServer$Division (RaftServerImpl.java:logAppendEntries(1421)) - s2@group-EA982605F2E5: receive appendEntries(s1, 2, null, 4, true, commits:[s1:c4, s0:c4, s2:c0], cId:1927, entries: [(t:2, i:0), CONFIGURATIONENTRY(current:id: "s0"
address: "localhost:34297"
dataStreamAddress: "localhost:43983"
clientAddress: "localhost:39609"
adminAddress: "localhost:37077"
startupRole: FOLLOWER
,id: "s1"
address: "localhost:38917"
dataStreamAddress: "localhost:45719"
clientAddress: "localhost:36975"
adminAddress: "localhost:40635"
startupRole: FOLLOWER
,id: "s2"
address: "localhost:35511"
dataStreamAddress: "localhost:38827"
clientAddress: "localhost:42865"
adminAddress: "localhost:36791"
startupRole: FOLLOWER
, old:), (t:2, i:1), STATEMACHINELOGENTRY, 0@client-2EFB324ADA71, (t:2, i:2), METADATAENTRY(c:1), (t:2, i:3), STATEMACHINELOGENTRY, 999@client-AE8279CAF820, (t:2, i:4), METADATAENTRY(c:3)]
2022-11-08 19:12:10,121 [s2-server-thread1] INFO  server.RaftServer$Division (RaftServerImpl.java:checkInconsistentAppendEntries(1592)) - s2@group-EA982605F2E5: Failed appendEntries as the first entry (index 0) already exists (snapshotIndex: -1, commitIndex: 0)
2022-11-08 19:12:10,121 [s2-server-thread1] INFO  server.RaftServer$Division (RaftServerImpl.java:checkInconsistentAppendEntries(1572)) - s2@group-EA982605F2E5: inconsistency entries. Reply:s1<-s2#1927:FAIL-t2,INCONSISTENCY,nextIndex=1,followerCommit=0,matchIndex=-1
2022-11-08 19:12:10,122 [grpc-default-executor-0] INFO  leader.FollowerInfo (FollowerInfoImpl.java:lambda$new$0(48)) - s1@group-EA982605F2E5->s2: nextIndex: updateUnconditionally 5 -> 1
2022-11-08 19:12:10,122 [s2-server-thread1] DEBUG server.RaftServer$Division (RaftServerImpl.java:logAppendEntries(1421)) - s2@group-EA982605F2E5: receive appendEntries(s1, 2, (t:2, i:0), 4, true, commits:[s1:c4, s0:c4, s2:c0], cId:1928, entries: [(t:2, i:1), STATEMACHINELOGENTRY, 0@client-2EFB324ADA71, (t:2, i:2), METADATAENTRY(c:1), (t:2, i:3), STATEMACHINELOGENTRY, 999@client-AE8279CAF820, (t:2, i:4), METADATAENTRY(c:3)]
2022-11-08 19:12:10,122 [s2-server-thread1] INFO  server.RaftServer$Division (RaftServerImpl.java:checkInconsistentAppendEntries(1602)) - s2@group-EA982605F2E5: Failed appendEntries as previous log entry ((t:2, i:0)) is not found
2022-11-08 19:12:10,122 [s2-server-thread1] INFO  server.RaftServer$Division (RaftServerImpl.java:checkInconsistentAppendEntries(1572)) - s2@group-EA982605F2E5: inconsistency entries. Reply:s1<-s2#1928:FAIL-t2,INCONSISTENCY,nextIndex=0,followerCommit=0,matchIndex=-1
2022-11-08 19:12:10,123 [grpc-default-executor-0] INFO  leader.FollowerInfo (FollowerInfoImpl.java:lambda$new$0(48)) - s1@group-EA982605F2E5->s2: nextIndex: updateUnconditionally 5 -> 0
2022-11-08 19:12:10,123 [s2-server-thread1] DEBUG server.RaftServer$Division (RaftServerImpl.java:logAppendEntries(1421)) - s2@group-EA982605F2E5: receive appendEntries(s1, 2, null, 4, true, commits:[s1:c4, s0:c4, s2:c0], cId:1929, entries: [(t:2, i:0), CONFIGURATIONENTRY(current:id: "s0"
address: "localhost:34297"
dataStreamAddress: "localhost:43983"
clientAddress: "localhost:39609"
adminAddress: "localhost:37077"
startupRole: FOLLOWER
,id: "s1"
address: "localhost:38917"
dataStreamAddress: "localhost:45719"
clientAddress: "localhost:36975"
adminAddress: "localhost:40635"
startupRole: FOLLOWER
,id: "s2"
address: "localhost:35511"
dataStreamAddress: "localhost:38827"
clientAddress: "localhost:42865"
adminAddress: "localhost:36791"
startupRole: FOLLOWER
, old:), (t:2, i:1), STATEMACHINELOGENTRY, 0@client-2EFB324ADA71, (t:2, i:2), METADATAENTRY(c:1), (t:2, i:3), STATEMACHINELOGENTRY, 999@client-AE8279CAF820, (t:2, i:4), METADATAENTRY(c:3)]
2022-11-08 19:12:10,123 [s2-server-thread1] INFO  server.RaftServer$Division (RaftServerImpl.java:checkInconsistentAppendEntries(1592)) - s2@group-EA982605F2E5: Failed appendEntries as the first entry (index 0) already exists (snapshotIndex: -1, commitIndex: 0)
2022-11-08 19:12:10,124 [s2-server-thread1] INFO  server.RaftServer$Division (RaftServerImpl.java:checkInconsistentAppendEntries(1572)) - s2@group-EA982605F2E5: inconsistency entries. Reply:s1<-s2#1929:FAIL-t2,INCONSISTENCY,nextIndex=1,followerCommit=0,matchIndex=-1
2022-11-08 19:12:10,124 [grpc-default-executor-0] INFO  leader.FollowerInfo (FollowerInfoImpl.java:lambda$new$0(48)) - s1@group-EA982605F2E5->s2: nextIndex: updateUnconditionally 5 -> 1
2022-11-08 19:12:10,125 [s2-server-thread1] DEBUG server.RaftServer$Division (RaftServerImpl.java:logAppendEntries(1421)) - s2@group-EA982605F2E5: receive appendEntries(s1, 2, (t:2, i:0), 4, true, commits:[s1:c4, s0:c4, s2:c0], cId:1930, entries: [(t:2, i:1), STATEMACHINELOGENTRY, 0@client-2EFB324ADA71, (t:2, i:2), METADATAENTRY(c:1), (t:2, i:3), STATEMACHINELOGENTRY, 999@client-AE8279CAF820, (t:2, i:4), METADATAENTRY(c:3)]
2022-11-08 19:12:10,125 [s2-server-thread1] INFO  server.RaftServer$Division (RaftServerImpl.java:checkInconsistentAppendEntries(1602)) - s2@group-EA982605F2E5: Failed appendEntries as previous log entry ((t:2, i:0)) is not found
2022-11-08 19:12:10,125 [s2-server-thread1] INFO  server.RaftServer$Division (RaftServerImpl.java:checkInconsistentAppendEntries(1572)) - s2@group-EA982605F2E5: inconsistency entries. Reply:s1<-s2#1930:FAIL-t2,INCONSISTENCY,nextIndex=0,followerCommit=0,matchIndex=-1
2022-11-08 19:12:10,125 [grpc-default-executor-0] INFO  leader.FollowerInfo (FollowerInfoImpl.java:lambda$new$0(48)) - s1@group-EA982605F2E5->s2: nextIndex: updateUnconditionally 5 -> 0
2022-11-08 19:12:10,126 [s2-server-thread1] DEBUG server.RaftServer$Division (RaftServerImpl.java:logAppendEntries(1421)) - s2@group-EA982605F2E5: receive appendEntries(s1, 2, null, 4, true, commits:[s1:c4, s0:c4, s2:c0], cId:1931, entries: [(t:2, i:0), CONFIGURATIONENTRY(current:id: "s0"
address: "localhost:34297"
dataStreamAddress: "localhost:43983"
clientAddress: "localhost:39609"
adminAddress: "localhost:37077"
startupRole: FOLLOWER
,id: "s1"
address: "localhost:38917"
dataStreamAddress: "localhost:45719"
clientAddress: "localhost:36975"
adminAddress: "localhost:40635"
startupRole: FOLLOWER
,id: "s2"
address: "localhost:35511"
dataStreamAddress: "localhost:38827"
clientAddress: "localhost:42865"
adminAddress: "localhost:36791"
startupRole: FOLLOWER
, old:), (t:2, i:1), STATEMACHINELOGENTRY, 0@client-2EFB324ADA71, (t:2, i:2), METADATAENTRY(c:1), (t:2, i:3), STATEMACHINELOGENTRY, 999@client-AE8279CAF820, (t:2, i:4), METADATAENTRY(c:3)]
2022-11-08 19:12:10,126 [s2-server-thread1] INFO  server.RaftServer$Division (RaftServerImpl.java:checkInconsistentAppendEntries(1592)) - s2@group-EA982605F2E5: Failed appendEntries as the first entry (index 0) already exists (snapshotIndex: -1, commitIndex: 0)
2022-11-08 19:12:10,126 [s2-server-thread1] INFO  server.RaftServer$Division (RaftServerImpl.java:checkInconsistentAppendEntries(1572)) - s2@group-EA982605F2E5: inconsistency entries. Reply:s1<-s2#1931:FAIL-t2,INCONSISTENCY,nextIndex=1,followerCommit=0,matchIndex=-1
2022-11-08 19:12:10,126 [grpc-default-executor-0] INFO  leader.FollowerInfo (FollowerInfoImpl.java:lambda$new$0(48)) - s1@group-EA982605F2E5->s2: nextIndex: updateUnconditionally 5 -> 1
2022-11-08 19:12:10,127 [s2-server-thread1] DEBUG server.RaftServer$Division (RaftServerImpl.java:logAppendEntries(1421)) - s2@group-EA982605F2E5: receive appendEntries(s1, 2, (t:2, i:0), 4, true, commits:[s1:c4, s0:c4, s2:c0], cId:1932, entries: [(t:2, i:1), STATEMACHINELOGENTRY, 0@client-2EFB324ADA71, (t:2, i:2), METADATAENTRY(c:1), (t:2, i:3), STATEMACHINELOGENTRY, 999@client-AE8279CAF820, (t:2, i:4), METADATAENTRY(c:3)]
2022-11-08 19:12:10,127 [s2-server-thread1] INFO  server.RaftServer$Division (RaftServerImpl.java:checkInconsistentAppendEntries(1602)) - s2@group-EA982605F2E5: Failed appendEntries as previous log entry ((t:2, i:0)) is not found
2022-11-08 19:12:10,127 [s2-server-thread1] INFO  server.RaftServer$Division (RaftServerImpl.java:checkInconsistentAppendEntries(1572)) - s2@group-EA982605F2E5: inconsistency entries. Reply:s1<-s2#1932:FAIL-t2,INCONSISTENCY,nextIndex=0,followerCommit=0,matchIndex=-1
2022-11-08 19:12:10,127 [grpc-default-executor-0] INFO  leader.FollowerInfo (FollowerInfoImpl.java:lambda$new$0(48)) - s1@group-EA982605F2E5->s2: nextIndex: updateUnconditionally 5 -> 0
2022-11-08 19:12:10,128 [s2-server-thread1] DEBUG server.RaftServer$Division (RaftServerImpl.java:logAppendEntries(1421)) - s2@group-EA982605F2E5: receive appendEntries(s1, 2, null, 4, true, commits:[s1:c4, s0:c4, s2:c0], cId:1933, entries: [(t:2, i:0), CONFIGURATIONENTRY(current:id: "s0"
address: "localhost:34297"
dataStreamAddress: "localhost:43983"
clientAddress: "localhost:39609"
adminAddress: "localhost:37077"
startupRole: FOLLOWER
,id: "s1"
address: "localhost:38917"
dataStreamAddress: "localhost:45719"
clientAddress: "localhost:36975"
adminAddress: "localhost:40635"
startupRole: FOLLOWER
,id: "s2"
address: "localhost:35511"
dataStreamAddress: "localhost:38827"
clientAddress: "localhost:42865"
adminAddress: "localhost:36791"
startupRole: FOLLOWER
, old:), (t:2, i:1), STATEMACHINELOGENTRY, 0@client-2EFB324ADA71, (t:2, i:2), METADATAENTRY(c:1), (t:2, i:3), STATEMACHINELOGENTRY, 999@client-AE8279CAF820, (t:2, i:4), METADATAENTRY(c:3)]
2022-11-08 19:12:10,128 [s2-server-thread1] INFO  server.RaftServer$Division (RaftServerImpl.java:checkInconsistentAppendEntries(1592)) - s2@group-EA982605F2E5: Failed appendEntries as the first entry (index 0) already exists (snapshotIndex: -1, commitIndex: 0)
2022-11-08 19:12:10,128 [s2-server-thread1] INFO  server.RaftServer$Division (RaftServerImpl.java:checkInconsistentAppendEntries(1572)) - s2@group-EA982605F2E5: inconsistency entries. Reply:s1<-s2#1933:FAIL-t2,INCONSISTENCY,nextIndex=1,followerCommit=0,matchIndex=-1
2022-11-08 19:12:10,128 [grpc-default-executor-0] INFO  leader.FollowerInfo (FollowerInfoImpl.java:lambda$new$0(48)) - s1@group-EA982605F2E5->s2: nextIndex: updateUnconditionally 5 -> 1
2022-11-08 19:12:10,129 [s2-server-thread1] DEBUG server.RaftServer$Division (RaftServerImpl.java:logAppendEntries(1421)) - s2@group-EA982605F2E5: receive appendEntries(s1, 2, (t:2, i:0), 4, true, commits:[s1:c4, s0:c4, s2:c0], cId:1934, entries: [(t:2, i:1), STATEMACHINELOGENTRY, 0@client-2EFB324ADA71, (t:2, i:2), METADATAENTRY(c:1), (t:2, i:3), STATEMACHINELOGENTRY, 999@client-AE8279CAF820, (t:2, i:4), METADATAENTRY(c:3)]
2022-11-08 19:12:10,129 [s2-server-thread1] INFO  server.RaftServer$Division (RaftServerImpl.java:checkInconsistentAppendEntries(1602)) - s2@group-EA982605F2E5: Failed appendEntries as previous log entry ((t:2, i:0)) is not found
2022-11-08 19:12:10,129 [s2-server-thread1] INFO  server.RaftServer$Division (RaftServerImpl.java:checkInconsistentAppendEntries(1572)) - s2@group-EA982605F2E5: inconsistency entries. Reply:s1<-s2#1934:FAIL-t2,INCONSISTENCY,nextIndex=0,followerCommit=0,matchIndex=-1
2022-11-08 19:12:10,130 [grpc-default-executor-0] INFO  leader.FollowerInfo (FollowerInfoImpl.java:lambda$new$0(48)) - s1@group-EA982605F2E5->s2: nextIndex: updateUnconditionally 5 -> 0
2022-11-08 19:12:10,131 [s2-server-thread1] DEBUG server.RaftServer$Division (RaftServerImpl.java:logAppendEntries(1421)) - s2@group-EA982605F2E5: receive appendEntries(s1, 2, null, 4, true, commits:[s1:c4, s0:c4, s2:c0], cId:1935, entries: [(t:2, i:0), CONFIGURATIONENTRY(current:id: "s0"
address: "localhost:34297"
dataStreamAddress: "localhost:43983"
clientAddress: "localhost:39609"
adminAddress: "localhost:37077"
startupRole: FOLLOWER
,id: "s1"
address: "localhost:38917"
dataStreamAddress: "localhost:45719"
clientAddress: "localhost:36975"
adminAddress: "localhost:40635"
startupRole: FOLLOWER
,id: "s2"
address: "localhost:35511"
dataStreamAddress: "localhost:38827"
clientAddress: "localhost:42865"
adminAddress: "localhost:36791"
startupRole: FOLLOWER
, old:), (t:2, i:1), STATEMACHINELOGENTRY, 0@client-2EFB324ADA71, (t:2, i:2), METADATAENTRY(c:1), (t:2, i:3), STATEMACHINELOGENTRY, 999@client-AE8279CAF820, (t:2, i:4), METADATAENTRY(c:3)]
2022-11-08 19:12:10,131 [s2-server-thread1] INFO  server.RaftServer$Division (RaftServerImpl.java:checkInconsistentAppendEntries(1592)) - s2@group-EA982605F2E5: Failed appendEntries as the first entry (index 0) already exists (snapshotIndex: -1, commitIndex: 0)
2022-11-08 19:12:10,131 [s2-server-thread1] INFO  server.RaftServer$Division (RaftServerImpl.java:checkInconsistentAppendEntries(1572)) - s2@group-EA982605F2E5: inconsistency entries. Reply:s1<-s2#1935:FAIL-t2,INCONSISTENCY,nextIndex=1,followerCommit=0,matchIndex=-1
2022-11-08 19:12:10,131 [grpc-default-executor-0] INFO  leader.FollowerInfo (FollowerInfoImpl.java:lambda$new$0(48)) - s1@group-EA982605F2E5->s2: nextIndex: updateUnconditionally 5 -> 1
2022-11-08 19:12:10,132 [s2-server-thread1] DEBUG server.RaftServer$Division (RaftServerImpl.java:logAppendEntries(1421)) - s2@group-EA982605F2E5: receive appendEntries(s1, 2, (t:2, i:0), 4, true, commits:[s1:c4, s0:c4, s2:c0], cId:1936, entries: [(t:2, i:1), STATEMACHINELOGENTRY, 0@client-2EFB324ADA71, (t:2, i:2), METADATAENTRY(c:1), (t:2, i:3), STATEMACHINELOGENTRY, 999@client-AE8279CAF820, (t:2, i:4), METADATAENTRY(c:3)]
2022-11-08 19:12:10,132 [s2-server-thread1] INFO  server.RaftServer$Division (RaftServerImpl.java:checkInconsistentAppendEntries(1602)) - s2@group-EA982605F2E5: Failed appendEntries as previous log entry ((t:2, i:0)) is not found
2022-11-08 19:12:10,132 [s2-server-thread1] INFO  server.RaftServer$Division (RaftServerImpl.java:checkInconsistentAppendEntries(1572)) - s2@group-EA982605F2E5: inconsistency entries. Reply:s1<-s2#1936:FAIL-t2,INCONSISTENCY,nextIndex=0,followerCommit=0,matchIndex=-1
2022-11-08 19:12:10,132 [grpc-default-executor-0] INFO  leader.FollowerInfo (FollowerInfoImpl.java:lambda$new$0(48)) - s1@group-EA982605F2E5->s2: nextIndex: updateUnconditionally 5 -> 0
2022-11-08 19:12:10,133 [s2-server-thread1] DEBUG server.RaftServer$Division (RaftServerImpl.java:logAppendEntries(1421)) - s2@group-EA982605F2E5: receive appendEntries(s1, 2, null, 4, true, commits:[s1:c4, s0:c4, s2:c0], cId:1937, entries: [(t:2, i:0), CONFIGURATIONENTRY(current:id: "s0"
address: "localhost:34297"
dataStreamAddress: "localhost:43983"
clientAddress: "localhost:39609"
adminAddress: "localhost:37077"
startupRole: FOLLOWER
,id: "s1"
address: "localhost:38917"
dataStreamAddress: "localhost:45719"
clientAddress: "localhost:36975"
adminAddress: "localhost:40635"
startupRole: FOLLOWER
,id: "s2"
address: "localhost:35511"
dataStreamAddress: "localhost:38827"
clientAddress: "localhost:42865"
adminAddress: "localhost:36791"
startupRole: FOLLOWER
, old:), (t:2, i:1), STATEMACHINELOGENTRY, 0@client-2EFB324ADA71, (t:2, i:2), METADATAENTRY(c:1), (t:2, i:3), STATEMACHINELOGENTRY, 999@client-AE8279CAF820, (t:2, i:4), METADATAENTRY(c:3)]
2022-11-08 19:12:10,133 [s2-server-thread1] INFO  server.RaftServer$Division (RaftServerImpl.java:checkInconsistentAppendEntries(1592)) - s2@group-EA982605F2E5: Failed appendEntries as the first entry (index 0) already exists (snapshotIndex: -1, commitIndex: 0)
2022-11-08 19:12:10,133 [s2-server-thread1] INFO  server.RaftServer$Division (RaftServerImpl.java:checkInconsistentAppendEntries(1572)) - s2@group-EA982605F2E5: inconsistency entries. Reply:s1<-s2#1937:FAIL-t2,INCONSISTENCY,nextIndex=1,followerCommit=0,matchIndex=-1
2022-11-08 19:12:10,133 [grpc-default-executor-0] INFO  leader.FollowerInfo (FollowerInfoImpl.java:lambda$new$0(48)) - s1@group-EA982605F2E5->s2: nextIndex: updateUnconditionally 5 -> 1
2022-11-08 19:12:10,134 [s2-server-thread1] DEBUG server.RaftServer$Division (RaftServerImpl.java:logAppendEntries(1421)) - s2@group-EA982605F2E5: receive appendEntries(s1, 2, (t:2, i:0), 4, true, commits:[s1:c4, s0:c4, s2:c0], cId:1938, entries: [(t:2, i:1), STATEMACHINELOGENTRY, 0@client-2EFB324ADA71, (t:2, i:2), METADATAENTRY(c:1), (t:2, i:3), STATEMACHINELOGENTRY, 999@client-AE8279CAF820, (t:2, i:4), METADATAENTRY(c:3)]
2022-11-08 19:12:10,134 [s2-server-thread1] INFO  server.RaftServer$Division (RaftServerImpl.java:checkInconsistentAppendEntries(1602)) - s2@group-EA982605F2E5: Failed appendEntries as previous log entry ((t:2, i:0)) is not found
2022-11-08 19:12:10,134 [s2-server-thread1] INFO  server.RaftServer$Division (RaftServerImpl.java:checkInconsistentAppendEntries(1572)) - s2@group-EA982605F2E5: inconsistency entries. Reply:s1<-s2#1938:FAIL-t2,INCONSISTENCY,nextIndex=0,followerCommit=0,matchIndex=-1
2022-11-08 19:12:10,135 [grpc-default-executor-0] INFO  leader.FollowerInfo (FollowerInfoImpl.java:lambda$new$0(48)) - s1@group-EA982605F2E5->s2: nextIndex: updateUnconditionally 5 -> 0
2022-11-08 19:12:10,135 [s2-server-thread1] DEBUG server.RaftServer$Division (RaftServerImpl.java:logAppendEntries(1421)) - s2@group-EA982605F2E5: receive appendEntries(s1, 2, null, 4, true, commits:[s1:c4, s0:c4, s2:c0], cId:1939, entries: [(t:2, i:0), CONFIGURATIONENTRY(current:id: "s0"
address: "localhost:34297"
dataStreamAddress: "localhost:43983"
clientAddress: "localhost:39609"
adminAddress: "localhost:37077"
startupRole: FOLLOWER
,id: "s1"
address: "localhost:38917"
dataStreamAddress: "localhost:45719"
clientAddress: "localhost:36975"
adminAddress: "localhost:40635"
startupRole: FOLLOWER
,id: "s2"
address: "localhost:35511"
dataStreamAddress: "localhost:38827"
clientAddress: "localhost:42865"
adminAddress: "localhost:36791"
startupRole: FOLLOWER
, old:), (t:2, i:1), STATEMACHINELOGENTRY, 0@client-2EFB324ADA71, (t:2, i:2), METADATAENTRY(c:1), (t:2, i:3), STATEMACHINELOGENTRY, 999@client-AE8279CAF820, (t:2, i:4), METADATAENTRY(c:3)]
2022-11-08 19:12:10,135 [s2-server-thread1] INFO  server.RaftServer$Division (RaftServerImpl.java:checkInconsistentAppendEntries(1592)) - s2@group-EA982605F2E5: Failed appendEntries as the first entry (index 0) already exists (snapshotIndex: -1, commitIndex: 0)
2022-11-08 19:12:10,136 [s2-server-thread1] INFO  server.RaftServer$Division (RaftServerImpl.java:checkInconsistentAppendEntries(1572)) - s2@group-EA982605F2E5: inconsistency entries. Reply:s1<-s2#1939:FAIL-t2,INCONSISTENCY,nextIndex=1,followerCommit=0,matchIndex=-1
2022-11-08 19:12:10,136 [grpc-default-executor-0] INFO  leader.FollowerInfo (FollowerInfoImpl.java:lambda$new$0(48)) - s1@group-EA982605F2E5->s2: nextIndex: updateUnconditionally 5 -> 1
2022-11-08 19:12:10,136 [s2-server-thread1] DEBUG server.RaftServer$Division (RaftServerImpl.java:logAppendEntries(1421)) - s2@group-EA982605F2E5: receive appendEntries(s1, 2, (t:2, i:0), 4, true, commits:[s1:c4, s0:c4, s2:c0], cId:1940, entries: [(t:2, i:1), STATEMACHINELOGENTRY, 0@client-2EFB324ADA71, (t:2, i:2), METADATAENTRY(c:1), (t:2, i:3), STATEMACHINELOGENTRY, 999@client-AE8279CAF820, (t:2, i:4), METADATAENTRY(c:3)]
2022-11-08 19:12:10,137 [s2-server-thread1] INFO  server.RaftServer$Division (RaftServerImpl.java:checkInconsistentAppendEntries(1602)) - s2@group-EA982605F2E5: Failed appendEntries as previous log entry ((t:2, i:0)) is not found
2022-11-08 19:12:10,137 [s2-server-thread1] INFO  server.RaftServer$Division (RaftServerImpl.java:checkInconsistentAppendEntries(1572)) - s2@group-EA982605F2E5: inconsistency entries. Reply:s1<-s2#1940:FAIL-t2,INCONSISTENCY,nextIndex=0,followerCommit=0,matchIndex=-1
2022-11-08 19:12:10,137 [grpc-default-executor-0] INFO  leader.FollowerInfo (FollowerInfoImpl.java:lambda$new$0(48)) - s1@group-EA982605F2E5->s2: nextIndex: updateUnconditionally 5 -> 0
2022-11-08 19:12:10,138 [s2-server-thread1] DEBUG server.RaftServer$Division (RaftServerImpl.java:logAppendEntries(1421)) - s2@group-EA982605F2E5: receive appendEntries(s1, 2, null, 4, true, commits:[s1:c4, s0:c4, s2:c0], cId:1941, entries: [(t:2, i:0), CONFIGURATIONENTRY(current:id: "s0"
address: "localhost:34297"
dataStreamAddress: "localhost:43983"
clientAddress: "localhost:39609"
adminAddress: "localhost:37077"
startupRole: FOLLOWER
,id: "s1"
address: "localhost:38917"
dataStreamAddress: "localhost:45719"
clientAddress: "localhost:36975"
adminAddress: "localhost:40635"
startupRole: FOLLOWER
,id: "s2"
address: "localhost:35511"
dataStreamAddress: "localhost:38827"
clientAddress: "localhost:42865"
adminAddress: "localhost:36791"
startupRole: FOLLOWER
, old:), (t:2, i:1), STATEMACHINELOGENTRY, 0@client-2EFB324ADA71, (t:2, i:2), METADATAENTRY(c:1), (t:2, i:3), STATEMACHINELOGENTRY, 999@client-AE8279CAF820, (t:2, i:4), METADATAENTRY(c:3)]
2022-11-08 19:12:10,138 [s2-server-thread1] INFO  server.RaftServer$Division (RaftServerImpl.java:checkInconsistentAppendEntries(1592)) - s2@group-EA982605F2E5: Failed appendEntries as the first entry (index 0) already exists (snapshotIndex: -1, commitIndex: 0)
2022-11-08 19:12:10,138 [s2-server-thread1] INFO  server.RaftServer$Division (RaftServerImpl.java:checkInconsistentAppendEntries(1572)) - s2@group-EA982605F2E5: inconsistency entries. Reply:s1<-s2#1941:FAIL-t2,INCONSISTENCY,nextIndex=1,followerCommit=0,matchIndex=-1
2022-11-08 19:12:10,138 [grpc-default-executor-0] INFO  leader.FollowerInfo (FollowerInfoImpl.java:lambda$new$0(48)) - s1@group-EA982605F2E5->s2: nextIndex: updateUnconditionally 5 -> 1
2022-11-08 19:12:10,139 [s2-server-thread1] DEBUG server.RaftServer$Division (RaftServerImpl.java:logAppendEntries(1421)) - s2@group-EA982605F2E5: receive appendEntries(s1, 2, (t:2, i:0), 4, true, commits:[s1:c4, s0:c4, s2:c0], cId:1942, entries: [(t:2, i:1), STATEMACHINELOGENTRY, 0@client-2EFB324ADA71, (t:2, i:2), METADATAENTRY(c:1), (t:2, i:3), STATEMACHINELOGENTRY, 999@client-AE8279CAF820, (t:2, i:4), METADATAENTRY(c:3)]
2022-11-08 19:12:10,139 [s2-server-thread1] INFO  server.RaftServer$Division (RaftServerImpl.java:checkInconsistentAppendEntries(1602)) - s2@group-EA982605F2E5: Failed appendEntries as previous log entry ((t:2, i:0)) is not found
2022-11-08 19:12:10,139 [s2-server-thread1] INFO  server.RaftServer$Division (RaftServerImpl.java:checkInconsistentAppendEntries(1572)) - s2@group-EA982605F2E5: inconsistency entries. Reply:s1<-s2#1942:FAIL-t2,INCONSISTENCY,nextIndex=0,followerCommit=0,matchIndex=-1
2022-11-08 19:12:10,139 [grpc-default-executor-0] INFO  leader.FollowerInfo (FollowerInfoImpl.java:lambda$new$0(48)) - s1@group-EA982605F2E5->s2: nextIndex: updateUnconditionally 5 -> 0
2022-11-08 19:12:10,140 [s2-server-thread1] DEBUG server.RaftServer$Division (RaftServerImpl.java:logAppendEntries(1421)) - s2@group-EA982605F2E5: receive appendEntries(s1, 2, null, 4, true, commits:[s1:c4, s0:c4, s2:c0], cId:1943, entries: [(t:2, i:0), CONFIGURATIONENTRY(current:id: "s0"
address: "localhost:34297"
dataStreamAddress: "localhost:43983"
clientAddress: "localhost:39609"
adminAddress: "localhost:37077"
startupRole: FOLLOWER
,id: "s1"
address: "localhost:38917"
dataStreamAddress: "localhost:45719"
clientAddress: "localhost:36975"
adminAddress: "localhost:40635"
startupRole: FOLLOWER
,id: "s2"
address: "localhost:35511"
dataStreamAddress: "localhost:38827"
clientAddress: "localhost:42865"
adminAddress: "localhost:36791"
startupRole: FOLLOWER
, old:), (t:2, i:1), STATEMACHINELOGENTRY, 0@client-2EFB324ADA71, (t:2, i:2), METADATAENTRY(c:1), (t:2, i:3), STATEMACHINELOGENTRY, 999@client-AE8279CAF820, (t:2, i:4), METADATAENTRY(c:3)]
2022-11-08 19:12:10,140 [s2-server-thread1] INFO  server.RaftServer$Division (RaftServerImpl.java:checkInconsistentAppendEntries(1592)) - s2@group-EA982605F2E5: Failed appendEntries as the first entry (index 0) already exists (snapshotIndex: -1, commitIndex: 0)
2022-11-08 19:12:10,141 [s2-server-thread1] INFO  server.RaftServer$Division (RaftServerImpl.java:checkInconsistentAppendEntries(1572)) - s2@group-EA982605F2E5: inconsistency entries. Reply:s1<-s2#1943:FAIL-t2,INCONSISTENCY,nextIndex=1,followerCommit=0,matchIndex=-1
2022-11-08 19:12:10,141 [grpc-default-executor-0] INFO  leader.FollowerInfo (FollowerInfoImpl.java:lambda$new$0(48)) - s1@group-EA982605F2E5->s2: nextIndex: updateUnconditionally 5 -> 1
2022-11-08 19:12:10,141 [s2-server-thread1] DEBUG server.RaftServer$Division (RaftServerImpl.java:logAppendEntries(1421)) - s2@group-EA982605F2E5: receive appendEntries(s1, 2, (t:2, i:0), 4, true, commits:[s1:c4, s0:c4, s2:c0], cId:1944, entries: [(t:2, i:1), STATEMACHINELOGENTRY, 0@client-2EFB324ADA71, (t:2, i:2), METADATAENTRY(c:1), (t:2, i:3), STATEMACHINELOGENTRY, 999@client-AE8279CAF820, (t:2, i:4), METADATAENTRY(c:3)]
2022-11-08 19:12:10,141 [s2-server-thread1] INFO  server.RaftServer$Division (RaftServerImpl.java:checkInconsistentAppendEntries(1602)) - s2@group-EA982605F2E5: Failed appendEntries as previous log entry ((t:2, i:0)) is not found
2022-11-08 19:12:10,142 [s2-server-thread1] INFO  server.RaftServer$Division (RaftServerImpl.java:checkInconsistentAppendEntries(1572)) - s2@group-EA982605F2E5: inconsistency entries. Reply:s1<-s2#1944:FAIL-t2,INCONSISTENCY,nextIndex=0,followerCommit=0,matchIndex=-1
2022-11-08 19:12:10,142 [grpc-default-executor-0] INFO  leader.FollowerInfo (FollowerInfoImpl.java:lambda$new$0(48)) - s1@group-EA982605F2E5->s2: nextIndex: updateUnconditionally 5 -> 0
2022-11-08 19:12:10,142 [s2-server-thread1] DEBUG server.RaftServer$Division (RaftServerImpl.java:logAppendEntries(1421)) - s2@group-EA982605F2E5: receive appendEntries(s1, 2, null, 4, true, commits:[s1:c4, s0:c4, s2:c0], cId:1945, entries: [(t:2, i:0), CONFIGURATIONENTRY(current:id: "s0"
address: "localhost:34297"
dataStreamAddress: "localhost:43983"
clientAddress: "localhost:39609"
adminAddress: "localhost:37077"
startupRole: FOLLOWER
,id: "s1"
address: "localhost:38917"
dataStreamAddress: "localhost:45719"
clientAddress: "localhost:36975"
adminAddress: "localhost:40635"
startupRole: FOLLOWER
,id: "s2"
address: "localhost:35511"
dataStreamAddress: "localhost:38827"
clientAddress: "localhost:42865"
adminAddress: "localhost:36791"
startupRole: FOLLOWER
, old:), (t:2, i:1), STATEMACHINELOGENTRY, 0@client-2EFB324ADA71, (t:2, i:2), METADATAENTRY(c:1), (t:2, i:3), STATEMACHINELOGENTRY, 999@client-AE8279CAF820, (t:2, i:4), METADATAENTRY(c:3)]
2022-11-08 19:12:10,143 [s2-server-thread1] INFO  server.RaftServer$Division (RaftServerImpl.java:checkInconsistentAppendEntries(1592)) - s2@group-EA982605F2E5: Failed appendEntries as the first entry (index 0) already exists (snapshotIndex: -1, commitIndex: 0)
2022-11-08 19:12:10,143 [s2-server-thread1] INFO  server.RaftServer$Division (RaftServerImpl.java:checkInconsistentAppendEntries(1572)) - s2@group-EA982605F2E5: inconsistency entries. Reply:s1<-s2#1945:FAIL-t2,INCONSISTENCY,nextIndex=1,followerCommit=0,matchIndex=-1
2022-11-08 19:12:10,143 [grpc-default-executor-0] INFO  leader.FollowerInfo (FollowerInfoImpl.java:lambda$new$0(48)) - s1@group-EA982605F2E5->s2: nextIndex: updateUnconditionally 5 -> 1
2022-11-08 19:12:10,143 [s2-server-thread1] DEBUG server.RaftServer$Division (RaftServerImpl.java:logAppendEntries(1421)) - s2@group-EA982605F2E5: receive appendEntries(s1, 2, (t:2, i:0), 4, true, commits:[s1:c4, s0:c4, s2:c0], cId:1946, entries: [(t:2, i:1), STATEMACHINELOGENTRY, 0@client-2EFB324ADA71, (t:2, i:2), METADATAENTRY(c:1), (t:2, i:3), STATEMACHINELOGENTRY, 999@client-AE8279CAF820, (t:2, i:4), METADATAENTRY(c:3)]
2022-11-08 19:12:10,144 [s2-server-thread1] INFO  server.RaftServer$Division (RaftServerImpl.java:checkInconsistentAppendEntries(1602)) - s2@group-EA982605F2E5: Failed appendEntries as previous log entry ((t:2, i:0)) is not found
2022-11-08 19:12:10,144 [s2-server-thread1] INFO  server.RaftServer$Division (RaftServerImpl.java:checkInconsistentAppendEntries(1572)) - s2@group-EA982605F2E5: inconsistency entries. Reply:s1<-s2#1946:FAIL-t2,INCONSISTENCY,nextIndex=0,followerCommit=0,matchIndex=-1
2022-11-08 19:12:10,144 [grpc-default-executor-0] INFO  leader.FollowerInfo (FollowerInfoImpl.java:lambda$new$0(48)) - s1@group-EA982605F2E5->s2: nextIndex: updateUnconditionally 5 -> 0
2022-11-08 19:12:10,145 [s2-server-thread1] DEBUG server.RaftServer$Division (RaftServerImpl.java:logAppendEntries(1421)) - s2@group-EA982605F2E5: receive appendEntries(s1, 2, null, 4, true, commits:[s1:c4, s0:c4, s2:c0], cId:1947, entries: [(t:2, i:0), CONFIGURATIONENTRY(current:id: "s0"
address: "localhost:34297"
dataStreamAddress: "localhost:43983"
clientAddress: "localhost:39609"
adminAddress: "localhost:37077"
startupRole: FOLLOWER
,id: "s1"
address: "localhost:38917"
dataStreamAddress: "localhost:45719"
clientAddress: "localhost:36975"
adminAddress: "localhost:40635"
startupRole: FOLLOWER
,id: "s2"
address: "localhost:35511"
dataStreamAddress: "localhost:38827"
clientAddress: "localhost:42865"
adminAddress: "localhost:36791"
startupRole: FOLLOWER
, old:), (t:2, i:1), STATEMACHINELOGENTRY, 0@client-2EFB324ADA71, (t:2, i:2), METADATAENTRY(c:1), (t:2, i:3), STATEMACHINELOGENTRY, 999@client-AE8279CAF820, (t:2, i:4), METADATAENTRY(c:3)]
2022-11-08 19:12:10,145 [s2-server-thread1] INFO  server.RaftServer$Division (RaftServerImpl.java:checkInconsistentAppendEntries(1592)) - s2@group-EA982605F2E5: Failed appendEntries as the first entry (index 0) already exists (snapshotIndex: -1, commitIndex: 0)
2022-11-08 19:12:10,145 [s2-server-thread1] INFO  server.RaftServer$Division (RaftServerImpl.java:checkInconsistentAppendEntries(1572)) - s2@group-EA982605F2E5: inconsistency entries. Reply:s1<-s2#1947:FAIL-t2,INCONSISTENCY,nextIndex=1,followerCommit=0,matchIndex=-1
2022-11-08 19:12:10,145 [grpc-default-executor-0] INFO  leader.FollowerInfo (FollowerInfoImpl.java:lambda$new$0(48)) - s1@group-EA982605F2E5->s2: nextIndex: updateUnconditionally 5 -> 1
2022-11-08 19:12:10,146 [s2-server-thread1] DEBUG server.RaftServer$Division (RaftServerImpl.java:logAppendEntries(1421)) - s2@group-EA982605F2E5: receive appendEntries(s1, 2, (t:2, i:0), 4, true, commits:[s1:c4, s0:c4, s2:c0], cId:1948, entries: [(t:2, i:1), STATEMACHINELOGENTRY, 0@client-2EFB324ADA71, (t:2, i:2), METADATAENTRY(c:1), (t:2, i:3), STATEMACHINELOGENTRY, 999@client-AE8279CAF820, (t:2, i:4), METADATAENTRY(c:3)]
2022-11-08 19:12:10,146 [s2-server-thread1] INFO  server.RaftServer$Division (RaftServerImpl.java:checkInconsistentAppendEntries(1602)) - s2@group-EA982605F2E5: Failed appendEntries as previous log entry ((t:2, i:0)) is not found
2022-11-08 19:12:10,146 [s2-server-thread1] INFO  server.RaftServer$Division (RaftServerImpl.java:checkInconsistentAppendEntries(1572)) - s2@group-EA982605F2E5: inconsistency entries. Reply:s1<-s2#1948:FAIL-t2,INCONSISTENCY,nextIndex=0,followerCommit=0,matchIndex=-1
2022-11-08 19:12:10,146 [grpc-default-executor-0] INFO  leader.FollowerInfo (FollowerInfoImpl.java:lambda$new$0(48)) - s1@group-EA982605F2E5->s2: nextIndex: updateUnconditionally 5 -> 0
2022-11-08 19:12:10,147 [s2-server-thread1] DEBUG server.RaftServer$Division (RaftServerImpl.java:logAppendEntries(1421)) - s2@group-EA982605F2E5: receive appendEntries(s1, 2, null, 4, true, commits:[s1:c4, s0:c4, s2:c0], cId:1949, entries: [(t:2, i:0), CONFIGURATIONENTRY(current:id: "s0"
address: "localhost:34297"
dataStreamAddress: "localhost:43983"
clientAddress: "localhost:39609"
adminAddress: "localhost:37077"
startupRole: FOLLOWER
,id: "s1"
address: "localhost:38917"
dataStreamAddress: "localhost:45719"
clientAddress: "localhost:36975"
adminAddress: "localhost:40635"
startupRole: FOLLOWER
,id: "s2"
address: "localhost:35511"
dataStreamAddress: "localhost:38827"
clientAddress: "localhost:42865"
adminAddress: "localhost:36791"
startupRole: FOLLOWER
, old:), (t:2, i:1), STATEMACHINELOGENTRY, 0@client-2EFB324ADA71, (t:2, i:2), METADATAENTRY(c:1), (t:2, i:3), STATEMACHINELOGENTRY, 999@client-AE8279CAF820, (t:2, i:4), METADATAENTRY(c:3)]
2022-11-08 19:12:10,147 [s2-server-thread1] INFO  server.RaftServer$Division (RaftServerImpl.java:checkInconsistentAppendEntries(1592)) - s2@group-EA982605F2E5: Failed appendEntries as the first entry (index 0) already exists (snapshotIndex: -1, commitIndex: 0)
2022-11-08 19:12:10,147 [s2-server-thread1] INFO  server.RaftServer$Division (RaftServerImpl.java:checkInconsistentAppendEntries(1572)) - s2@group-EA982605F2E5: inconsistency entries. Reply:s1<-s2#1949:FAIL-t2,INCONSISTENCY,nextIndex=1,followerCommit=0,matchIndex=-1
2022-11-08 19:12:10,147 [grpc-default-executor-0] INFO  leader.FollowerInfo (FollowerInfoImpl.java:lambda$new$0(48)) - s1@group-EA982605F2E5->s2: nextIndex: updateUnconditionally 5 -> 1
2022-11-08 19:12:10,148 [s2-server-thread1] DEBUG server.RaftServer$Division (RaftServerImpl.java:logAppendEntries(1421)) - s2@group-EA982605F2E5: receive appendEntries(s1, 2, (t:2, i:0), 4, true, commits:[s1:c4, s0:c4, s2:c0], cId:1950, entries: [(t:2, i:1), STATEMACHINELOGENTRY, 0@client-2EFB324ADA71, (t:2, i:2), METADATAENTRY(c:1), (t:2, i:3), STATEMACHINELOGENTRY, 999@client-AE8279CAF820, (t:2, i:4), METADATAENTRY(c:3)]
2022-11-08 19:12:10,148 [s2-server-thread1] INFO  server.RaftServer$Division (RaftServerImpl.java:checkInconsistentAppendEntries(1602)) - s2@group-EA982605F2E5: Failed appendEntries as previous log entry ((t:2, i:0)) is not found
2022-11-08 19:12:10,148 [s2-server-thread1] INFO  server.RaftServer$Division (RaftServerImpl.java:checkInconsistentAppendEntries(1572)) - s2@group-EA982605F2E5: inconsistency entries. Reply:s1<-s2#1950:FAIL-t2,INCONSISTENCY,nextIndex=0,followerCommit=0,matchIndex=-1
2022-11-08 19:12:10,148 [grpc-default-executor-0] INFO  leader.FollowerInfo (FollowerInfoImpl.java:lambda$new$0(48)) - s1@group-EA982605F2E5->s2: nextIndex: updateUnconditionally 5 -> 0
2022-11-08 19:12:10,149 [s2-server-thread1] DEBUG server.RaftServer$Division (RaftServerImpl.java:logAppendEntries(1421)) - s2@group-EA982605F2E5: receive appendEntries(s1, 2, null, 4, true, commits:[s1:c4, s0:c4, s2:c0], cId:1951, entries: [(t:2, i:0), CONFIGURATIONENTRY(current:id: "s0"
address: "localhost:34297"
dataStreamAddress: "localhost:43983"
clientAddress: "localhost:39609"
adminAddress: "localhost:37077"
startupRole: FOLLOWER
,id: "s1"
address: "localhost:38917"
dataStreamAddress: "localhost:45719"
clientAddress: "localhost:36975"
adminAddress: "localhost:40635"
startupRole: FOLLOWER
,id: "s2"
address: "localhost:35511"
dataStreamAddress: "localhost:38827"
clientAddress: "localhost:42865"
adminAddress: "localhost:36791"
startupRole: FOLLOWER
, old:), (t:2, i:1), STATEMACHINELOGENTRY, 0@client-2EFB324ADA71, (t:2, i:2), METADATAENTRY(c:1), (t:2, i:3), STATEMACHINELOGENTRY, 999@client-AE8279CAF820, (t:2, i:4), METADATAENTRY(c:3)]
2022-11-08 19:12:10,149 [s2-server-thread1] INFO  server.RaftServer$Division (RaftServerImpl.java:checkInconsistentAppendEntries(1592)) - s2@group-EA982605F2E5: Failed appendEntries as the first entry (index 0) already exists (snapshotIndex: -1, commitIndex: 0)
2022-11-08 19:12:10,149 [s2-server-thread1] INFO  server.RaftServer$Division (RaftServerImpl.java:checkInconsistentAppendEntries(1572)) - s2@group-EA982605F2E5: inconsistency entries. Reply:s1<-s2#1951:FAIL-t2,INCONSISTENCY,nextIndex=1,followerCommit=0,matchIndex=-1
2022-11-08 19:12:10,150 [grpc-default-executor-0] INFO  leader.FollowerInfo (FollowerInfoImpl.java:lambda$new$0(48)) - s1@group-EA982605F2E5->s2: nextIndex: updateUnconditionally 5 -> 1
2022-11-08 19:12:10,150 [s2-server-thread1] DEBUG server.RaftServer$Division (RaftServerImpl.java:logAppendEntries(1421)) - s2@group-EA982605F2E5: receive appendEntries(s1, 2, (t:2, i:0), 4, true, commits:[s1:c4, s0:c4, s2:c0], cId:1952, entries: [(t:2, i:1), STATEMACHINELOGENTRY, 0@client-2EFB324ADA71, (t:2, i:2), METADATAENTRY(c:1), (t:2, i:3), STATEMACHINELOGENTRY, 999@client-AE8279CAF820, (t:2, i:4), METADATAENTRY(c:3)]
2022-11-08 19:12:10,150 [s2-server-thread1] INFO  server.RaftServer$Division (RaftServerImpl.java:checkInconsistentAppendEntries(1602)) - s2@group-EA982605F2E5: Failed appendEntries as previous log entry ((t:2, i:0)) is not found
2022-11-08 19:12:10,150 [s2-server-thread1] INFO  server.RaftServer$Division (RaftServerImpl.java:checkInconsistentAppendEntries(1572)) - s2@group-EA982605F2E5: inconsistency entries. Reply:s1<-s2#1952:FAIL-t2,INCONSISTENCY,nextIndex=0,followerCommit=0,matchIndex=-1
2022-11-08 19:12:10,151 [grpc-default-executor-0] INFO  leader.FollowerInfo (FollowerInfoImpl.java:lambda$new$0(48)) - s1@group-EA982605F2E5->s2: nextIndex: updateUnconditionally 5 -> 0
2022-11-08 19:12:10,152 [s2-server-thread1] DEBUG server.RaftServer$Division (RaftServerImpl.java:logAppendEntries(1421)) - s2@group-EA982605F2E5: receive appendEntries(s1, 2, null, 4, true, commits:[s1:c4, s0:c4, s2:c0], cId:1953, entries: [(t:2, i:0), CONFIGURATIONENTRY(current:id: "s0"
address: "localhost:34297"
dataStreamAddress: "localhost:43983"
clientAddress: "localhost:39609"
adminAddress: "localhost:37077"
startupRole: FOLLOWER
,id: "s1"
address: "localhost:38917"
dataStreamAddress: "localhost:45719"
clientAddress: "localhost:36975"
adminAddress: "localhost:40635"
startupRole: FOLLOWER
,id: "s2"
address: "localhost:35511"
dataStreamAddress: "localhost:38827"
clientAddress: "localhost:42865"
adminAddress: "localhost:36791"
startupRole: FOLLOWER
, old:), (t:2, i:1), STATEMACHINELOGENTRY, 0@client-2EFB324ADA71, (t:2, i:2), METADATAENTRY(c:1), (t:2, i:3), STATEMACHINELOGENTRY, 999@client-AE8279CAF820, (t:2, i:4), METADATAENTRY(c:3)]
2022-11-08 19:12:10,152 [s2-server-thread1] INFO  server.RaftServer$Division (RaftServerImpl.java:checkInconsistentAppendEntries(1592)) - s2@group-EA982605F2E5: Failed appendEntries as the first entry (index 0) already exists (snapshotIndex: -1, commitIndex: 0)
2022-11-08 19:12:10,152 [s2-server-thread1] INFO  server.RaftServer$Division (RaftServerImpl.java:checkInconsistentAppendEntries(1572)) - s2@group-EA982605F2E5: inconsistency entries. Reply:s1<-s2#1953:FAIL-t2,INCONSISTENCY,nextIndex=1,followerCommit=0,matchIndex=-1
2022-11-08 19:12:10,152 [grpc-default-executor-0] INFO  leader.FollowerInfo (FollowerInfoImpl.java:lambda$new$0(48)) - s1@group-EA982605F2E5->s2: nextIndex: updateUnconditionally 5 -> 1
2022-11-08 19:12:10,153 [s2-server-thread1] DEBUG server.RaftServer$Division (RaftServerImpl.java:logAppendEntries(1421)) - s2@group-EA982605F2E5: receive appendEntries(s1, 2, (t:2, i:0), 4, true, commits:[s1:c4, s0:c4, s2:c0], cId:1954, entries: [(t:2, i:1), STATEMACHINELOGENTRY, 0@client-2EFB324ADA71, (t:2, i:2), METADATAENTRY(c:1), (t:2, i:3), STATEMACHINELOGENTRY, 999@client-AE8279CAF820, (t:2, i:4), METADATAENTRY(c:3)]
2022-11-08 19:12:10,153 [s2-server-thread1] INFO  server.RaftServer$Division (RaftServerImpl.java:checkInconsistentAppendEntries(1602)) - s2@group-EA982605F2E5: Failed appendEntries as previous log entry ((t:2, i:0)) is not found
2022-11-08 19:12:10,153 [s2-server-thread1] INFO  server.RaftServer$Division (RaftServerImpl.java:checkInconsistentAppendEntries(1572)) - s2@group-EA982605F2E5: inconsistency entries. Reply:s1<-s2#1954:FAIL-t2,INCONSISTENCY,nextIndex=0,followerCommit=0,matchIndex=-1
2022-11-08 19:12:10,153 [grpc-default-executor-0] INFO  leader.FollowerInfo (FollowerInfoImpl.java:lambda$new$0(48)) - s1@group-EA982605F2E5->s2: nextIndex: updateUnconditionally 5 -> 0
2022-11-08 19:12:10,154 [s2-server-thread1] DEBUG server.RaftServer$Division (RaftServerImpl.java:logAppendEntries(1421)) - s2@group-EA982605F2E5: receive appendEntries(s1, 2, null, 4, true, commits:[s1:c4, s0:c4, s2:c0], cId:1955, entries: [(t:2, i:0), CONFIGURATIONENTRY(current:id: "s0"
address: "localhost:34297"
dataStreamAddress: "localhost:43983"
clientAddress: "localhost:39609"
adminAddress: "localhost:37077"
startupRole: FOLLOWER
,id: "s1"
address: "localhost:38917"
dataStreamAddress: "localhost:45719"
clientAddress: "localhost:36975"
adminAddress: "localhost:40635"
startupRole: FOLLOWER
,id: "s2"
address: "localhost:35511"
dataStreamAddress: "localhost:38827"
clientAddress: "localhost:42865"
adminAddress: "localhost:36791"
startupRole: FOLLOWER
, old:), (t:2, i:1), STATEMACHINELOGENTRY, 0@client-2EFB324ADA71, (t:2, i:2), METADATAENTRY(c:1), (t:2, i:3), STATEMACHINELOGENTRY, 999@client-AE8279CAF820, (t:2, i:4), METADATAENTRY(c:3)]
2022-11-08 19:12:10,154 [s2-server-thread1] INFO  server.RaftServer$Division (RaftServerImpl.java:checkInconsistentAppendEntries(1592)) - s2@group-EA982605F2E5: Failed appendEntries as the first entry (index 0) already exists (snapshotIndex: -1, commitIndex: 0)
2022-11-08 19:12:10,154 [s2-server-thread1] INFO  server.RaftServer$Division (RaftServerImpl.java:checkInconsistentAppendEntries(1572)) - s2@group-EA982605F2E5: inconsistency entries. Reply:s1<-s2#1955:FAIL-t2,INCONSISTENCY,nextIndex=1,followerCommit=0,matchIndex=-1
2022-11-08 19:12:10,154 [grpc-default-executor-0] INFO  leader.FollowerInfo (FollowerInfoImpl.java:lambda$new$0(48)) - s1@group-EA982605F2E5->s2: nextIndex: updateUnconditionally 5 -> 1
2022-11-08 19:12:10,155 [s2-server-thread1] DEBUG server.RaftServer$Division (RaftServerImpl.java:logAppendEntries(1421)) - s2@group-EA982605F2E5: receive appendEntries(s1, 2, (t:2, i:0), 4, true, commits:[s1:c4, s0:c4, s2:c0], cId:1956, entries: [(t:2, i:1), STATEMACHINELOGENTRY, 0@client-2EFB324ADA71, (t:2, i:2), METADATAENTRY(c:1), (t:2, i:3), STATEMACHINELOGENTRY, 999@client-AE8279CAF820, (t:2, i:4), METADATAENTRY(c:3)]
2022-11-08 19:12:10,155 [s2-server-thread1] INFO  server.RaftServer$Division (RaftServerImpl.java:checkInconsistentAppendEntries(1602)) - s2@group-EA982605F2E5: Failed appendEntries as previous log entry ((t:2, i:0)) is not found
2022-11-08 19:12:10,155 [s2-server-thread1] INFO  server.RaftServer$Division (RaftServerImpl.java:checkInconsistentAppendEntries(1572)) - s2@group-EA982605F2E5: inconsistency entries. Reply:s1<-s2#1956:FAIL-t2,INCONSISTENCY,nextIndex=0,followerCommit=0,matchIndex=-1
2022-11-08 19:12:10,155 [grpc-default-executor-0] INFO  leader.FollowerInfo (FollowerInfoImpl.java:lambda$new$0(48)) - s1@group-EA982605F2E5->s2: nextIndex: updateUnconditionally 5 -> 0
2022-11-08 19:12:10,156 [s2-server-thread1] DEBUG server.RaftServer$Division (RaftServerImpl.java:logAppendEntries(1421)) - s2@group-EA982605F2E5: receive appendEntries(s1, 2, null, 4, true, commits:[s1:c4, s0:c4, s2:c0], cId:1957, entries: [(t:2, i:0), CONFIGURATIONENTRY(current:id: "s0"
address: "localhost:34297"
dataStreamAddress: "localhost:43983"
clientAddress: "localhost:39609"
adminAddress: "localhost:37077"
startupRole: FOLLOWER
,id: "s1"
address: "localhost:38917"
dataStreamAddress: "localhost:45719"
clientAddress: "localhost:36975"
adminAddress: "localhost:40635"
startupRole: FOLLOWER
,id: "s2"
address: "localhost:35511"
dataStreamAddress: "localhost:38827"
clientAddress: "localhost:42865"
adminAddress: "localhost:36791"
startupRole: FOLLOWER
, old:), (t:2, i:1), STATEMACHINELOGENTRY, 0@client-2EFB324ADA71, (t:2, i:2), METADATAENTRY(c:1), (t:2, i:3), STATEMACHINELOGENTRY, 999@client-AE8279CAF820, (t:2, i:4), METADATAENTRY(c:3)]
2022-11-08 19:12:10,156 [s2-server-thread1] INFO  server.RaftServer$Division (RaftServerImpl.java:checkInconsistentAppendEntries(1592)) - s2@group-EA982605F2E5: Failed appendEntries as the first entry (index 0) already exists (snapshotIndex: -1, commitIndex: 0)
2022-11-08 19:12:10,156 [s2-server-thread1] INFO  server.RaftServer$Division (RaftServerImpl.java:checkInconsistentAppendEntries(1572)) - s2@group-EA982605F2E5: inconsistency entries. Reply:s1<-s2#1957:FAIL-t2,INCONSISTENCY,nextIndex=1,followerCommit=0,matchIndex=-1
2022-11-08 19:12:10,156 [grpc-default-executor-0] INFO  leader.FollowerInfo (FollowerInfoImpl.java:lambda$new$0(48)) - s1@group-EA982605F2E5->s2: nextIndex: updateUnconditionally 5 -> 1
2022-11-08 19:12:10,163 [s2-server-thread1] DEBUG server.RaftServer$Division (RaftServerImpl.java:logAppendEntries(1421)) - s2@group-EA982605F2E5: receive appendEntries(s1, 2, (t:2, i:0), 4, true, commits:[s1:c4, s0:c4, s2:c0], cId:1958, entries: [(t:2, i:1), STATEMACHINELOGENTRY, 0@client-2EFB324ADA71, (t:2, i:2), METADATAENTRY(c:1), (t:2, i:3), STATEMACHINELOGENTRY, 999@client-AE8279CAF820, (t:2, i:4), METADATAENTRY(c:3)]
2022-11-08 19:12:10,163 [s2-server-thread1] INFO  server.RaftServer$Division (RaftServerImpl.java:checkInconsistentAppendEntries(1602)) - s2@group-EA982605F2E5: Failed appendEntries as previous log entry ((t:2, i:0)) is not found
2022-11-08 19:12:10,163 [s2-server-thread1] INFO  server.RaftServer$Division (RaftServerImpl.java:checkInconsistentAppendEntries(1572)) - s2@group-EA982605F2E5: inconsistency entries. Reply:s1<-s2#1958:FAIL-t2,INCONSISTENCY,nextIndex=0,followerCommit=0,matchIndex=-1
2022-11-08 19:12:10,164 [grpc-default-executor-0] INFO  leader.FollowerInfo (FollowerInfoImpl.java:lambda$new$0(48)) - s1@group-EA982605F2E5->s2: nextIndex: updateUnconditionally 5 -> 0
2022-11-08 19:12:10,164 [s2-server-thread1] DEBUG server.RaftServer$Division (RaftServerImpl.java:logAppendEntries(1421)) - s2@group-EA982605F2E5: receive appendEntries(s1, 2, null, 4, true, commits:[s1:c4, s0:c4, s2:c0], cId:1959, entries: [(t:2, i:0), CONFIGURATIONENTRY(current:id: "s0"
address: "localhost:34297"
dataStreamAddress: "localhost:43983"
clientAddress: "localhost:39609"
adminAddress: "localhost:37077"
startupRole: FOLLOWER
,id: "s1"
address: "localhost:38917"
dataStreamAddress: "localhost:45719"
clientAddress: "localhost:36975"
adminAddress: "localhost:40635"
startupRole: FOLLOWER
,id: "s2"
address: "localhost:35511"
dataStreamAddress: "localhost:38827"
clientAddress: "localhost:42865"
adminAddress: "localhost:36791"
startupRole: FOLLOWER
, old:), (t:2, i:1), STATEMACHINELOGENTRY, 0@client-2EFB324ADA71, (t:2, i:2), METADATAENTRY(c:1), (t:2, i:3), STATEMACHINELOGENTRY, 999@client-AE8279CAF820, (t:2, i:4), METADATAENTRY(c:3)]
2022-11-08 19:12:10,165 [s2-server-thread1] INFO  server.RaftServer$Division (RaftServerImpl.java:checkInconsistentAppendEntries(1592)) - s2@group-EA982605F2E5: Failed appendEntries as the first entry (index 0) already exists (snapshotIndex: -1, commitIndex: 0)
2022-11-08 19:12:10,165 [s2-server-thread1] INFO  server.RaftServer$Division (RaftServerImpl.java:checkInconsistentAppendEntries(1572)) - s2@group-EA982605F2E5: inconsistency entries. Reply:s1<-s2#1959:FAIL-t2,INCONSISTENCY,nextIndex=1,followerCommit=0,matchIndex=-1
2022-11-08 19:12:10,165 [grpc-default-executor-0] INFO  leader.FollowerInfo (FollowerInfoImpl.java:lambda$new$0(48)) - s1@group-EA982605F2E5->s2: nextIndex: updateUnconditionally 5 -> 1
2022-11-08 19:12:10,166 [s2-server-thread1] DEBUG server.RaftServer$Division (RaftServerImpl.java:logAppendEntries(1421)) - s2@group-EA982605F2E5: receive appendEntries(s1, 2, (t:2, i:0), 4, true, commits:[s1:c4, s0:c4, s2:c0], cId:1960, entries: [(t:2, i:1), STATEMACHINELOGENTRY, 0@client-2EFB324ADA71, (t:2, i:2), METADATAENTRY(c:1), (t:2, i:3), STATEMACHINELOGENTRY, 999@client-AE8279CAF820, (t:2, i:4), METADATAENTRY(c:3)]
2022-11-08 19:12:10,166 [s2-server-thread1] INFO  server.RaftServer$Division (RaftServerImpl.java:checkInconsistentAppendEntries(1602)) - s2@group-EA982605F2E5: Failed appendEntries as previous log entry ((t:2, i:0)) is not found
2022-11-08 19:12:10,166 [s2-server-thread1] INFO  server.RaftServer$Division (RaftServerImpl.java:checkInconsistentAppendEntries(1572)) - s2@group-EA982605F2E5: inconsistency entries. Reply:s1<-s2#1960:FAIL-t2,INCONSISTENCY,nextIndex=0,followerCommit=0,matchIndex=-1
2022-11-08 19:12:10,166 [grpc-default-executor-0] INFO  leader.FollowerInfo (FollowerInfoImpl.java:lambda$new$0(48)) - s1@group-EA982605F2E5->s2: nextIndex: updateUnconditionally 5 -> 0
2022-11-08 19:12:10,167 [s2-server-thread1] DEBUG server.RaftServer$Division (RaftServerImpl.java:logAppendEntries(1421)) - s2@group-EA982605F2E5: receive appendEntries(s1, 2, null, 4, true, commits:[s1:c4, s0:c4, s2:c0], cId:1961, entries: [(t:2, i:0), CONFIGURATIONENTRY(current:id: "s0"
address: "localhost:34297"
dataStreamAddress: "localhost:43983"
clientAddress: "localhost:39609"
adminAddress: "localhost:37077"
startupRole: FOLLOWER
,id: "s1"
address: "localhost:38917"
dataStreamAddress: "localhost:45719"
clientAddress: "localhost:36975"
adminAddress: "localhost:40635"
startupRole: FOLLOWER
,id: "s2"
address: "localhost:35511"
dataStreamAddress: "localhost:38827"
clientAddress: "localhost:42865"
adminAddress: "localhost:36791"
startupRole: FOLLOWER
, old:), (t:2, i:1), STATEMACHINELOGENTRY, 0@client-2EFB324ADA71, (t:2, i:2), METADATAENTRY(c:1), (t:2, i:3), STATEMACHINELOGENTRY, 999@client-AE8279CAF820, (t:2, i:4), METADATAENTRY(c:3)]
2022-11-08 19:12:10,167 [s2-server-thread1] INFO  server.RaftServer$Division (RaftServerImpl.java:checkInconsistentAppendEntries(1592)) - s2@group-EA982605F2E5: Failed appendEntries as the first entry (index 0) already exists (snapshotIndex: -1, commitIndex: 0)
2022-11-08 19:12:10,167 [s2-server-thread1] INFO  server.RaftServer$Division (RaftServerImpl.java:checkInconsistentAppendEntries(1572)) - s2@group-EA982605F2E5: inconsistency entries. Reply:s1<-s2#1961:FAIL-t2,INCONSISTENCY,nextIndex=1,followerCommit=0,matchIndex=-1
2022-11-08 19:12:10,168 [grpc-default-executor-0] INFO  leader.FollowerInfo (FollowerInfoImpl.java:lambda$new$0(48)) - s1@group-EA982605F2E5->s2: nextIndex: updateUnconditionally 5 -> 1
2022-11-08 19:12:10,168 [s2-server-thread1] DEBUG server.RaftServer$Division (RaftServerImpl.java:logAppendEntries(1421)) - s2@group-EA982605F2E5: receive appendEntries(s1, 2, (t:2, i:0), 4, true, commits:[s1:c4, s0:c4, s2:c0], cId:1962, entries: [(t:2, i:1), STATEMACHINELOGENTRY, 0@client-2EFB324ADA71, (t:2, i:2), METADATAENTRY(c:1), (t:2, i:3), STATEMACHINELOGENTRY, 999@client-AE8279CAF820, (t:2, i:4), METADATAENTRY(c:3)]
2022-11-08 19:12:10,168 [s2-server-thread1] INFO  server.RaftServer$Division (RaftServerImpl.java:checkInconsistentAppendEntries(1602)) - s2@group-EA982605F2E5: Failed appendEntries as previous log entry ((t:2, i:0)) is not found
2022-11-08 19:12:10,169 [s2-server-thread1] INFO  server.RaftServer$Division (RaftServerImpl.java:checkInconsistentAppendEntries(1572)) - s2@group-EA982605F2E5: inconsistency entries. Reply:s1<-s2#1962:FAIL-t2,INCONSISTENCY,nextIndex=0,followerCommit=0,matchIndex=-1
2022-11-08 19:12:10,169 [grpc-default-executor-0] INFO  leader.FollowerInfo (FollowerInfoImpl.java:lambda$new$0(48)) - s1@group-EA982605F2E5->s2: nextIndex: updateUnconditionally 5 -> 0
2022-11-08 19:12:10,169 [s2-server-thread1] DEBUG server.RaftServer$Division (RaftServerImpl.java:logAppendEntries(1421)) - s2@group-EA982605F2E5: receive appendEntries(s1, 2, null, 4, true, commits:[s1:c4, s0:c4, s2:c0], cId:1963, entries: [(t:2, i:0), CONFIGURATIONENTRY(current:id: "s0"
address: "localhost:34297"
dataStreamAddress: "localhost:43983"
clientAddress: "localhost:39609"
adminAddress: "localhost:37077"
startupRole: FOLLOWER
,id: "s1"
address: "localhost:38917"
dataStreamAddress: "localhost:45719"
clientAddress: "localhost:36975"
adminAddress: "localhost:40635"
startupRole: FOLLOWER
,id: "s2"
address: "localhost:35511"
dataStreamAddress: "localhost:38827"
clientAddress: "localhost:42865"
adminAddress: "localhost:36791"
startupRole: FOLLOWER
, old:), (t:2, i:1), STATEMACHINELOGENTRY, 0@client-2EFB324ADA71, (t:2, i:2), METADATAENTRY(c:1), (t:2, i:3), STATEMACHINELOGENTRY, 999@client-AE8279CAF820, (t:2, i:4), METADATAENTRY(c:3)]
2022-11-08 19:12:10,169 [s2-server-thread1] INFO  server.RaftServer$Division (RaftServerImpl.java:checkInconsistentAppendEntries(1592)) - s2@group-EA982605F2E5: Failed appendEntries as the first entry (index 0) already exists (snapshotIndex: -1, commitIndex: 0)
2022-11-08 19:12:10,170 [s2-server-thread1] INFO  server.RaftServer$Division (RaftServerImpl.java:checkInconsistentAppendEntries(1572)) - s2@group-EA982605F2E5: inconsistency entries. Reply:s1<-s2#1963:FAIL-t2,INCONSISTENCY,nextIndex=1,followerCommit=0,matchIndex=-1
2022-11-08 19:12:10,170 [grpc-default-executor-0] INFO  leader.FollowerInfo (FollowerInfoImpl.java:lambda$new$0(48)) - s1@group-EA982605F2E5->s2: nextIndex: updateUnconditionally 5 -> 1
2022-11-08 19:12:10,170 [s2-server-thread1] DEBUG server.RaftServer$Division (RaftServerImpl.java:logAppendEntries(1421)) - s2@group-EA982605F2E5: receive appendEntries(s1, 2, (t:2, i:0), 4, true, commits:[s1:c4, s0:c4, s2:c0], cId:1964, entries: [(t:2, i:1), STATEMACHINELOGENTRY, 0@client-2EFB324ADA71, (t:2, i:2), METADATAENTRY(c:1), (t:2, i:3), STATEMACHINELOGENTRY, 999@client-AE8279CAF820, (t:2, i:4), METADATAENTRY(c:3)]
2022-11-08 19:12:10,171 [s2-server-thread1] INFO  server.RaftServer$Division (RaftServerImpl.java:checkInconsistentAppendEntries(1602)) - s2@group-EA982605F2E5: Failed appendEntries as previous log entry ((t:2, i:0)) is not found
2022-11-08 19:12:10,171 [s2-server-thread1] INFO  server.RaftServer$Division (RaftServerImpl.java:checkInconsistentAppendEntries(1572)) - s2@group-EA982605F2E5: inconsistency entries. Reply:s1<-s2#1964:FAIL-t2,INCONSISTENCY,nextIndex=0,followerCommit=0,matchIndex=-1
2022-11-08 19:12:10,171 [grpc-default-executor-0] INFO  leader.FollowerInfo (FollowerInfoImpl.java:lambda$new$0(48)) - s1@group-EA982605F2E5->s2: nextIndex: updateUnconditionally 5 -> 0
2022-11-08 19:12:10,172 [s2-server-thread1] DEBUG server.RaftServer$Division (RaftServerImpl.java:logAppendEntries(1421)) - s2@group-EA982605F2E5: receive appendEntries(s1, 2, null, 4, true, commits:[s1:c4, s0:c4, s2:c0], cId:1965, entries: [(t:2, i:0), CONFIGURATIONENTRY(current:id: "s0"
address: "localhost:34297"
dataStreamAddress: "localhost:43983"
clientAddress: "localhost:39609"
adminAddress: "localhost:37077"
startupRole: FOLLOWER
,id: "s1"
address: "localhost:38917"
dataStreamAddress: "localhost:45719"
clientAddress: "localhost:36975"
adminAddress: "localhost:40635"
startupRole: FOLLOWER
,id: "s2"
address: "localhost:35511"
dataStreamAddress: "localhost:38827"
clientAddress: "localhost:42865"
adminAddress: "localhost:36791"
startupRole: FOLLOWER
, old:), (t:2, i:1), STATEMACHINELOGENTRY, 0@client-2EFB324ADA71, (t:2, i:2), METADATAENTRY(c:1), (t:2, i:3), STATEMACHINELOGENTRY, 999@client-AE8279CAF820, (t:2, i:4), METADATAENTRY(c:3)]
2022-11-08 19:12:10,172 [s2-server-thread1] INFO  server.RaftServer$Division (RaftServerImpl.java:checkInconsistentAppendEntries(1592)) - s2@group-EA982605F2E5: Failed appendEntries as the first entry (index 0) already exists (snapshotIndex: -1, commitIndex: 0)
2022-11-08 19:12:10,172 [s2-server-thread1] INFO  server.RaftServer$Division (RaftServerImpl.java:checkInconsistentAppendEntries(1572)) - s2@group-EA982605F2E5: inconsistency entries. Reply:s1<-s2#1965:FAIL-t2,INCONSISTENCY,nextIndex=1,followerCommit=0,matchIndex=-1
2022-11-08 19:12:10,172 [grpc-default-executor-0] INFO  leader.FollowerInfo (FollowerInfoImpl.java:lambda$new$0(48)) - s1@group-EA982605F2E5->s2: nextIndex: updateUnconditionally 5 -> 1
2022-11-08 19:12:10,173 [s2-server-thread1] DEBUG server.RaftServer$Division (RaftServerImpl.java:logAppendEntries(1421)) - s2@group-EA982605F2E5: receive appendEntries(s1, 2, (t:2, i:0), 4, true, commits:[s1:c4, s0:c4, s2:c0], cId:1966, entries: [(t:2, i:1), STATEMACHINELOGENTRY, 0@client-2EFB324ADA71, (t:2, i:2), METADATAENTRY(c:1), (t:2, i:3), STATEMACHINELOGENTRY, 999@client-AE8279CAF820, (t:2, i:4), METADATAENTRY(c:3)]
2022-11-08 19:12:10,173 [s2-server-thread1] INFO  server.RaftServer$Division (RaftServerImpl.java:checkInconsistentAppendEntries(1602)) - s2@group-EA982605F2E5: Failed appendEntries as previous log entry ((t:2, i:0)) is not found
2022-11-08 19:12:10,173 [s2-server-thread1] INFO  server.RaftServer$Division (RaftServerImpl.java:checkInconsistentAppendEntries(1572)) - s2@group-EA982605F2E5: inconsistency entries. Reply:s1<-s2#1966:FAIL-t2,INCONSISTENCY,nextIndex=0,followerCommit=0,matchIndex=-1
2022-11-08 19:12:10,173 [grpc-default-executor-0] INFO  leader.FollowerInfo (FollowerInfoImpl.java:lambda$new$0(48)) - s1@group-EA982605F2E5->s2: nextIndex: updateUnconditionally 5 -> 0
2022-11-08 19:12:10,174 [s2-server-thread1] DEBUG server.RaftServer$Division (RaftServerImpl.java:logAppendEntries(1421)) - s2@group-EA982605F2E5: receive appendEntries(s1, 2, null, 4, true, commits:[s1:c4, s0:c4, s2:c0], cId:1967, entries: [(t:2, i:0), CONFIGURATIONENTRY(current:id: "s0"
address: "localhost:34297"
dataStreamAddress: "localhost:43983"
clientAddress: "localhost:39609"
adminAddress: "localhost:37077"
startupRole: FOLLOWER
,id: "s1"
address: "localhost:38917"
dataStreamAddress: "localhost:45719"
clientAddress: "localhost:36975"
adminAddress: "localhost:40635"
startupRole: FOLLOWER
,id: "s2"
address: "localhost:35511"
dataStreamAddress: "localhost:38827"
clientAddress: "localhost:42865"
adminAddress: "localhost:36791"
startupRole: FOLLOWER
, old:), (t:2, i:1), STATEMACHINELOGENTRY, 0@client-2EFB324ADA71, (t:2, i:2), METADATAENTRY(c:1), (t:2, i:3), STATEMACHINELOGENTRY, 999@client-AE8279CAF820, (t:2, i:4), METADATAENTRY(c:3)]
2022-11-08 19:12:10,174 [s2-server-thread1] INFO  server.RaftServer$Division (RaftServerImpl.java:checkInconsistentAppendEntries(1592)) - s2@group-EA982605F2E5: Failed appendEntries as the first entry (index 0) already exists (snapshotIndex: -1, commitIndex: 0)
2022-11-08 19:12:10,174 [s2-server-thread1] INFO  server.RaftServer$Division (RaftServerImpl.java:checkInconsistentAppendEntries(1572)) - s2@group-EA982605F2E5: inconsistency entries. Reply:s1<-s2#1967:FAIL-t2,INCONSISTENCY,nextIndex=1,followerCommit=0,matchIndex=-1
2022-11-08 19:12:10,174 [grpc-default-executor-0] INFO  leader.FollowerInfo (FollowerInfoImpl.java:lambda$new$0(48)) - s1@group-EA982605F2E5->s2: nextIndex: updateUnconditionally 5 -> 1
2022-11-08 19:12:10,175 [s2-server-thread1] DEBUG server.RaftServer$Division (RaftServerImpl.java:logAppendEntries(1421)) - s2@group-EA982605F2E5: receive appendEntries(s1, 2, (t:2, i:0), 4, true, commits:[s1:c4, s0:c4, s2:c0], cId:1968, entries: [(t:2, i:1), STATEMACHINELOGENTRY, 0@client-2EFB324ADA71, (t:2, i:2), METADATAENTRY(c:1), (t:2, i:3), STATEMACHINELOGENTRY, 999@client-AE8279CAF820, (t:2, i:4), METADATAENTRY(c:3)]
2022-11-08 19:12:10,175 [s2-server-thread1] INFO  server.RaftServer$Division (RaftServerImpl.java:checkInconsistentAppendEntries(1602)) - s2@group-EA982605F2E5: Failed appendEntries as previous log entry ((t:2, i:0)) is not found
2022-11-08 19:12:10,175 [s2-server-thread1] INFO  server.RaftServer$Division (RaftServerImpl.java:checkInconsistentAppendEntries(1572)) - s2@group-EA982605F2E5: inconsistency entries. Reply:s1<-s2#1968:FAIL-t2,INCONSISTENCY,nextIndex=0,followerCommit=0,matchIndex=-1
2022-11-08 19:12:10,175 [grpc-default-executor-0] INFO  leader.FollowerInfo (FollowerInfoImpl.java:lambda$new$0(48)) - s1@group-EA982605F2E5->s2: nextIndex: updateUnconditionally 5 -> 0
2022-11-08 19:12:10,176 [s2-server-thread1] DEBUG server.RaftServer$Division (RaftServerImpl.java:logAppendEntries(1421)) - s2@group-EA982605F2E5: receive appendEntries(s1, 2, null, 4, true, commits:[s1:c4, s0:c4, s2:c0], cId:1969, entries: [(t:2, i:0), CONFIGURATIONENTRY(current:id: "s0"
address: "localhost:34297"
dataStreamAddress: "localhost:43983"
clientAddress: "localhost:39609"
adminAddress: "localhost:37077"
startupRole: FOLLOWER
,id: "s1"
address: "localhost:38917"
dataStreamAddress: "localhost:45719"
clientAddress: "localhost:36975"
adminAddress: "localhost:40635"
startupRole: FOLLOWER
,id: "s2"
address: "localhost:35511"
dataStreamAddress: "localhost:38827"
clientAddress: "localhost:42865"
adminAddress: "localhost:36791"
startupRole: FOLLOWER
, old:), (t:2, i:1), STATEMACHINELOGENTRY, 0@client-2EFB324ADA71, (t:2, i:2), METADATAENTRY(c:1), (t:2, i:3), STATEMACHINELOGENTRY, 999@client-AE8279CAF820, (t:2, i:4), METADATAENTRY(c:3)]
2022-11-08 19:12:10,176 [s2-server-thread1] INFO  server.RaftServer$Division (RaftServerImpl.java:checkInconsistentAppendEntries(1592)) - s2@group-EA982605F2E5: Failed appendEntries as the first entry (index 0) already exists (snapshotIndex: -1, commitIndex: 0)
2022-11-08 19:12:10,176 [s2-server-thread1] INFO  server.RaftServer$Division (RaftServerImpl.java:checkInconsistentAppendEntries(1572)) - s2@group-EA982605F2E5: inconsistency entries. Reply:s1<-s2#1969:FAIL-t2,INCONSISTENCY,nextIndex=1,followerCommit=0,matchIndex=-1
2022-11-08 19:12:10,177 [grpc-default-executor-0] INFO  leader.FollowerInfo (FollowerInfoImpl.java:lambda$new$0(48)) - s1@group-EA982605F2E5->s2: nextIndex: updateUnconditionally 5 -> 1
2022-11-08 19:12:10,177 [s2-server-thread1] DEBUG server.RaftServer$Division (RaftServerImpl.java:logAppendEntries(1421)) - s2@group-EA982605F2E5: receive appendEntries(s1, 2, (t:2, i:0), 4, true, commits:[s1:c4, s0:c4, s2:c0], cId:1970, entries: [(t:2, i:1), STATEMACHINELOGENTRY, 0@client-2EFB324ADA71, (t:2, i:2), METADATAENTRY(c:1), (t:2, i:3), STATEMACHINELOGENTRY, 999@client-AE8279CAF820, (t:2, i:4), METADATAENTRY(c:3)]
2022-11-08 19:12:10,177 [s2-server-thread1] INFO  server.RaftServer$Division (RaftServerImpl.java:checkInconsistentAppendEntries(1602)) - s2@group-EA982605F2E5: Failed appendEntries as previous log entry ((t:2, i:0)) is not found
2022-11-08 19:12:10,177 [s2-server-thread1] INFO  server.RaftServer$Division (RaftServerImpl.java:checkInconsistentAppendEntries(1572)) - s2@group-EA982605F2E5: inconsistency entries. Reply:s1<-s2#1970:FAIL-t2,INCONSISTENCY,nextIndex=0,followerCommit=0,matchIndex=-1
2022-11-08 19:12:10,178 [grpc-default-executor-0] INFO  leader.FollowerInfo (FollowerInfoImpl.java:lambda$new$0(48)) - s1@group-EA982605F2E5->s2: nextIndex: updateUnconditionally 5 -> 0
2022-11-08 19:12:10,178 [s2-server-thread1] DEBUG server.RaftServer$Division (RaftServerImpl.java:logAppendEntries(1421)) - s2@group-EA982605F2E5: receive appendEntries(s1, 2, null, 4, true, commits:[s1:c4, s0:c4, s2:c0], cId:1971, entries: [(t:2, i:0), CONFIGURATIONENTRY(current:id: "s0"
address: "localhost:34297"
dataStreamAddress: "localhost:43983"
clientAddress: "localhost:39609"
adminAddress: "localhost:37077"
startupRole: FOLLOWER
,id: "s1"
address: "localhost:38917"
dataStreamAddress: "localhost:45719"
clientAddress: "localhost:36975"
adminAddress: "localhost:40635"
startupRole: FOLLOWER
,id: "s2"
address: "localhost:35511"
dataStreamAddress: "localhost:38827"
clientAddress: "localhost:42865"
adminAddress: "localhost:36791"
startupRole: FOLLOWER
, old:), (t:2, i:1), STATEMACHINELOGENTRY, 0@client-2EFB324ADA71, (t:2, i:2), METADATAENTRY(c:1), (t:2, i:3), STATEMACHINELOGENTRY, 999@client-AE8279CAF820, (t:2, i:4), METADATAENTRY(c:3)]
2022-11-08 19:12:10,178 [s2-server-thread1] INFO  server.RaftServer$Division (RaftServerImpl.java:checkInconsistentAppendEntries(1592)) - s2@group-EA982605F2E5: Failed appendEntries as the first entry (index 0) already exists (snapshotIndex: -1, commitIndex: 0)
2022-11-08 19:12:10,179 [s2-server-thread1] INFO  server.RaftServer$Division (RaftServerImpl.java:checkInconsistentAppendEntries(1572)) - s2@group-EA982605F2E5: inconsistency entries. Reply:s1<-s2#1971:FAIL-t2,INCONSISTENCY,nextIndex=1,followerCommit=0,matchIndex=-1
2022-11-08 19:12:10,179 [grpc-default-executor-0] INFO  leader.FollowerInfo (FollowerInfoImpl.java:lambda$new$0(48)) - s1@group-EA982605F2E5->s2: nextIndex: updateUnconditionally 5 -> 1
2022-11-08 19:12:10,179 [s2-server-thread1] DEBUG server.RaftServer$Division (RaftServerImpl.java:logAppendEntries(1421)) - s2@group-EA982605F2E5: receive appendEntries(s1, 2, (t:2, i:0), 4, true, commits:[s1:c4, s0:c4, s2:c0], cId:1972, entries: [(t:2, i:1), STATEMACHINELOGENTRY, 0@client-2EFB324ADA71, (t:2, i:2), METADATAENTRY(c:1), (t:2, i:3), STATEMACHINELOGENTRY, 999@client-AE8279CAF820, (t:2, i:4), METADATAENTRY(c:3)]
2022-11-08 19:12:10,179 [s2-server-thread1] INFO  server.RaftServer$Division (RaftServerImpl.java:checkInconsistentAppendEntries(1602)) - s2@group-EA982605F2E5: Failed appendEntries as previous log entry ((t:2, i:0)) is not found
2022-11-08 19:12:10,180 [s2-server-thread1] INFO  server.RaftServer$Division (RaftServerImpl.java:checkInconsistentAppendEntries(1572)) - s2@group-EA982605F2E5: inconsistency entries. Reply:s1<-s2#1972:FAIL-t2,INCONSISTENCY,nextIndex=0,followerCommit=0,matchIndex=-1
2022-11-08 19:12:10,180 [grpc-default-executor-0] INFO  leader.FollowerInfo (FollowerInfoImpl.java:lambda$new$0(48)) - s1@group-EA982605F2E5->s2: nextIndex: updateUnconditionally 5 -> 0
2022-11-08 19:12:10,180 [s2-server-thread1] DEBUG server.RaftServer$Division (RaftServerImpl.java:logAppendEntries(1421)) - s2@group-EA982605F2E5: receive appendEntries(s1, 2, null, 4, true, commits:[s1:c4, s0:c4, s2:c0], cId:1973, entries: [(t:2, i:0), CONFIGURATIONENTRY(current:id: "s0"
address: "localhost:34297"
dataStreamAddress: "localhost:43983"
clientAddress: "localhost:39609"
adminAddress: "localhost:37077"
startupRole: FOLLOWER
,id: "s1"
address: "localhost:38917"
dataStreamAddress: "localhost:45719"
clientAddress: "localhost:36975"
adminAddress: "localhost:40635"
startupRole: FOLLOWER
,id: "s2"
address: "localhost:35511"
dataStreamAddress: "localhost:38827"
clientAddress: "localhost:42865"
adminAddress: "localhost:36791"
startupRole: FOLLOWER
, old:), (t:2, i:1), STATEMACHINELOGENTRY, 0@client-2EFB324ADA71, (t:2, i:2), METADATAENTRY(c:1), (t:2, i:3), STATEMACHINELOGENTRY, 999@client-AE8279CAF820, (t:2, i:4), METADATAENTRY(c:3)]
2022-11-08 19:12:10,181 [s2-server-thread1] INFO  server.RaftServer$Division (RaftServerImpl.java:checkInconsistentAppendEntries(1592)) - s2@group-EA982605F2E5: Failed appendEntries as the first entry (index 0) already exists (snapshotIndex: -1, commitIndex: 0)
2022-11-08 19:12:10,181 [s2-server-thread1] INFO  server.RaftServer$Division (RaftServerImpl.java:checkInconsistentAppendEntries(1572)) - s2@group-EA982605F2E5: inconsistency entries. Reply:s1<-s2#1973:FAIL-t2,INCONSISTENCY,nextIndex=1,followerCommit=0,matchIndex=-1
2022-11-08 19:12:10,181 [grpc-default-executor-0] INFO  leader.FollowerInfo (FollowerInfoImpl.java:lambda$new$0(48)) - s1@group-EA982605F2E5->s2: nextIndex: updateUnconditionally 5 -> 1
2022-11-08 19:12:10,182 [s2-server-thread1] DEBUG server.RaftServer$Division (RaftServerImpl.java:logAppendEntries(1421)) - s2@group-EA982605F2E5: receive appendEntries(s1, 2, (t:2, i:0), 4, true, commits:[s1:c4, s0:c4, s2:c0], cId:1974, entries: [(t:2, i:1), STATEMACHINELOGENTRY, 0@client-2EFB324ADA71, (t:2, i:2), METADATAENTRY(c:1), (t:2, i:3), STATEMACHINELOGENTRY, 999@client-AE8279CAF820, (t:2, i:4), METADATAENTRY(c:3)]
2022-11-08 19:12:10,182 [s2-server-thread1] INFO  server.RaftServer$Division (RaftServerImpl.java:checkInconsistentAppendEntries(1602)) - s2@group-EA982605F2E5: Failed appendEntries as previous log entry ((t:2, i:0)) is not found
2022-11-08 19:12:10,182 [s2-server-thread1] INFO  server.RaftServer$Division (RaftServerImpl.java:checkInconsistentAppendEntries(1572)) - s2@group-EA982605F2E5: inconsistency entries. Reply:s1<-s2#1974:FAIL-t2,INCONSISTENCY,nextIndex=0,followerCommit=0,matchIndex=-1
2022-11-08 19:12:10,182 [grpc-default-executor-0] INFO  leader.FollowerInfo (FollowerInfoImpl.java:lambda$new$0(48)) - s1@group-EA982605F2E5->s2: nextIndex: updateUnconditionally 5 -> 0
2022-11-08 19:12:10,183 [s2-server-thread1] DEBUG server.RaftServer$Division (RaftServerImpl.java:logAppendEntries(1421)) - s2@group-EA982605F2E5: receive appendEntries(s1, 2, null, 4, true, commits:[s1:c4, s0:c4, s2:c0], cId:1975, entries: [(t:2, i:0), CONFIGURATIONENTRY(current:id: "s0"
address: "localhost:34297"
dataStreamAddress: "localhost:43983"
clientAddress: "localhost:39609"
adminAddress: "localhost:37077"
startupRole: FOLLOWER
,id: "s1"
address: "localhost:38917"
dataStreamAddress: "localhost:45719"
clientAddress: "localhost:36975"
adminAddress: "localhost:40635"
startupRole: FOLLOWER
,id: "s2"
address: "localhost:35511"
dataStreamAddress: "localhost:38827"
clientAddress: "localhost:42865"
adminAddress: "localhost:36791"
startupRole: FOLLOWER
, old:), (t:2, i:1), STATEMACHINELOGENTRY, 0@client-2EFB324ADA71, (t:2, i:2), METADATAENTRY(c:1), (t:2, i:3), STATEMACHINELOGENTRY, 999@client-AE8279CAF820, (t:2, i:4), METADATAENTRY(c:3)]
2022-11-08 19:12:10,183 [s2-server-thread1] INFO  server.RaftServer$Division (RaftServerImpl.java:checkInconsistentAppendEntries(1592)) - s2@group-EA982605F2E5: Failed appendEntries as the first entry (index 0) already exists (snapshotIndex: -1, commitIndex: 0)
2022-11-08 19:12:10,183 [s2-server-thread1] INFO  server.RaftServer$Division (RaftServerImpl.java:checkInconsistentAppendEntries(1572)) - s2@group-EA982605F2E5: inconsistency entries. Reply:s1<-s2#1975:FAIL-t2,INCONSISTENCY,nextIndex=1,followerCommit=0,matchIndex=-1
2022-11-08 19:12:10,183 [grpc-default-executor-0] INFO  leader.FollowerInfo (FollowerInfoImpl.java:lambda$new$0(48)) - s1@group-EA982605F2E5->s2: nextIndex: updateUnconditionally 5 -> 1
2022-11-08 19:12:10,184 [s2-server-thread1] DEBUG server.RaftServer$Division (RaftServerImpl.java:logAppendEntries(1421)) - s2@group-EA982605F2E5: receive appendEntries(s1, 2, (t:2, i:0), 4, true, commits:[s1:c4, s0:c4, s2:c0], cId:1976, entries: [(t:2, i:1), STATEMACHINELOGENTRY, 0@client-2EFB324ADA71, (t:2, i:2), METADATAENTRY(c:1), (t:2, i:3), STATEMACHINELOGENTRY, 999@client-AE8279CAF820, (t:2, i:4), METADATAENTRY(c:3)]
2022-11-08 19:12:10,184 [s2-server-thread1] INFO  server.RaftServer$Division (RaftServerImpl.java:checkInconsistentAppendEntries(1602)) - s2@group-EA982605F2E5: Failed appendEntries as previous log entry ((t:2, i:0)) is not found
2022-11-08 19:12:10,184 [s2-server-thread1] INFO  server.RaftServer$Division (RaftServerImpl.java:checkInconsistentAppendEntries(1572)) - s2@group-EA982605F2E5: inconsistency entries. Reply:s1<-s2#1976:FAIL-t2,INCONSISTENCY,nextIndex=0,followerCommit=0,matchIndex=-1
2022-11-08 19:12:10,184 [grpc-default-executor-0] INFO  leader.FollowerInfo (FollowerInfoImpl.java:lambda$new$0(48)) - s1@group-EA982605F2E5->s2: nextIndex: updateUnconditionally 5 -> 0
2022-11-08 19:12:10,185 [s2-server-thread1] DEBUG server.RaftServer$Division (RaftServerImpl.java:logAppendEntries(1421)) - s2@group-EA982605F2E5: receive appendEntries(s1, 2, null, 4, true, commits:[s1:c4, s0:c4, s2:c0], cId:1977, entries: [(t:2, i:0), CONFIGURATIONENTRY(current:id: "s0"
address: "localhost:34297"
dataStreamAddress: "localhost:43983"
clientAddress: "localhost:39609"
adminAddress: "localhost:37077"
startupRole: FOLLOWER
,id: "s1"
address: "localhost:38917"
dataStreamAddress: "localhost:45719"
clientAddress: "localhost:36975"
adminAddress: "localhost:40635"
startupRole: FOLLOWER
,id: "s2"
address: "localhost:35511"
dataStreamAddress: "localhost:38827"
clientAddress: "localhost:42865"
adminAddress: "localhost:36791"
startupRole: FOLLOWER
, old:), (t:2, i:1), STATEMACHINELOGENTRY, 0@client-2EFB324ADA71, (t:2, i:2), METADATAENTRY(c:1), (t:2, i:3), STATEMACHINELOGENTRY, 999@client-AE8279CAF820, (t:2, i:4), METADATAENTRY(c:3)]
2022-11-08 19:12:10,185 [s2-server-thread1] INFO  server.RaftServer$Division (RaftServerImpl.java:checkInconsistentAppendEntries(1592)) - s2@group-EA982605F2E5: Failed appendEntries as the first entry (index 0) already exists (snapshotIndex: -1, commitIndex: 0)
2022-11-08 19:12:10,185 [s2-server-thread1] INFO  server.RaftServer$Division (RaftServerImpl.java:checkInconsistentAppendEntries(1572)) - s2@group-EA982605F2E5: inconsistency entries. Reply:s1<-s2#1977:FAIL-t2,INCONSISTENCY,nextIndex=1,followerCommit=0,matchIndex=-1
2022-11-08 19:12:10,185 [grpc-default-executor-0] INFO  leader.FollowerInfo (FollowerInfoImpl.java:lambda$new$0(48)) - s1@group-EA982605F2E5->s2: nextIndex: updateUnconditionally 5 -> 1
2022-11-08 19:12:10,186 [s2-server-thread1] DEBUG server.RaftServer$Division (RaftServerImpl.java:logAppendEntries(1421)) - s2@group-EA982605F2E5: receive appendEntries(s1, 2, (t:2, i:0), 4, true, commits:[s1:c4, s0:c4, s2:c0], cId:1978, entries: [(t:2, i:1), STATEMACHINELOGENTRY, 0@client-2EFB324ADA71, (t:2, i:2), METADATAENTRY(c:1), (t:2, i:3), STATEMACHINELOGENTRY, 999@client-AE8279CAF820, (t:2, i:4), METADATAENTRY(c:3)]
2022-11-08 19:12:10,186 [s2-server-thread1] INFO  server.RaftServer$Division (RaftServerImpl.java:checkInconsistentAppendEntries(1602)) - s2@group-EA982605F2E5: Failed appendEntries as previous log entry ((t:2, i:0)) is not found
2022-11-08 19:12:10,186 [s2-server-thread1] INFO  server.RaftServer$Division (RaftServerImpl.java:checkInconsistentAppendEntries(1572)) - s2@group-EA982605F2E5: inconsistency entries. Reply:s1<-s2#1978:FAIL-t2,INCONSISTENCY,nextIndex=0,followerCommit=0,matchIndex=-1
2022-11-08 19:12:10,186 [grpc-default-executor-0] INFO  leader.FollowerInfo (FollowerInfoImpl.java:lambda$new$0(48)) - s1@group-EA982605F2E5->s2: nextIndex: updateUnconditionally 5 -> 0
2022-11-08 19:12:10,187 [s2-server-thread1] DEBUG server.RaftServer$Division (RaftServerImpl.java:logAppendEntries(1421)) - s2@group-EA982605F2E5: receive appendEntries(s1, 2, null, 4, true, commits:[s1:c4, s0:c4, s2:c0], cId:1979, entries: [(t:2, i:0), CONFIGURATIONENTRY(current:id: "s0"
address: "localhost:34297"
dataStreamAddress: "localhost:43983"
clientAddress: "localhost:39609"
adminAddress: "localhost:37077"
startupRole: FOLLOWER
,id: "s1"
address: "localhost:38917"
dataStreamAddress: "localhost:45719"
clientAddress: "localhost:36975"
adminAddress: "localhost:40635"
startupRole: FOLLOWER
,id: "s2"
address: "localhost:35511"
dataStreamAddress: "localhost:38827"
clientAddress: "localhost:42865"
adminAddress: "localhost:36791"
startupRole: FOLLOWER
, old:), (t:2, i:1), STATEMACHINELOGENTRY, 0@client-2EFB324ADA71, (t:2, i:2), METADATAENTRY(c:1), (t:2, i:3), STATEMACHINELOGENTRY, 999@client-AE8279CAF820, (t:2, i:4), METADATAENTRY(c:3)]
2022-11-08 19:12:10,187 [s2-server-thread1] INFO  server.RaftServer$Division (RaftServerImpl.java:checkInconsistentAppendEntries(1592)) - s2@group-EA982605F2E5: Failed appendEntries as the first entry (index 0) already exists (snapshotIndex: -1, commitIndex: 0)
2022-11-08 19:12:10,187 [s2-server-thread1] INFO  server.RaftServer$Division (RaftServerImpl.java:checkInconsistentAppendEntries(1572)) - s2@group-EA982605F2E5: inconsistency entries. Reply:s1<-s2#1979:FAIL-t2,INCONSISTENCY,nextIndex=1,followerCommit=0,matchIndex=-1
2022-11-08 19:12:10,188 [grpc-default-executor-0] INFO  leader.FollowerInfo (FollowerInfoImpl.java:lambda$new$0(48)) - s1@group-EA982605F2E5->s2: nextIndex: updateUnconditionally 5 -> 1
2022-11-08 19:12:10,188 [s2-server-thread1] DEBUG server.RaftServer$Division (RaftServerImpl.java:logAppendEntries(1421)) - s2@group-EA982605F2E5: receive appendEntries(s1, 2, (t:2, i:0), 4, true, commits:[s1:c4, s0:c4, s2:c0], cId:1980, entries: [(t:2, i:1), STATEMACHINELOGENTRY, 0@client-2EFB324ADA71, (t:2, i:2), METADATAENTRY(c:1), (t:2, i:3), STATEMACHINELOGENTRY, 999@client-AE8279CAF820, (t:2, i:4), METADATAENTRY(c:3)]
2022-11-08 19:12:10,188 [s2-server-thread1] INFO  server.RaftServer$Division (RaftServerImpl.java:checkInconsistentAppendEntries(1602)) - s2@group-EA982605F2E5: Failed appendEntries as previous log entry ((t:2, i:0)) is not found
2022-11-08 19:12:10,189 [s2-server-thread1] INFO  server.RaftServer$Division (RaftServerImpl.java:checkInconsistentAppendEntries(1572)) - s2@group-EA982605F2E5: inconsistency entries. Reply:s1<-s2#1980:FAIL-t2,INCONSISTENCY,nextIndex=0,followerCommit=0,matchIndex=-1
2022-11-08 19:12:10,189 [grpc-default-executor-0] INFO  leader.FollowerInfo (FollowerInfoImpl.java:lambda$new$0(48)) - s1@group-EA982605F2E5->s2: nextIndex: updateUnconditionally 5 -> 0
2022-11-08 19:12:10,189 [s2-server-thread1] DEBUG server.RaftServer$Division (RaftServerImpl.java:logAppendEntries(1421)) - s2@group-EA982605F2E5: receive appendEntries(s1, 2, null, 4, true, commits:[s1:c4, s0:c4, s2:c0], cId:1981, entries: [(t:2, i:0), CONFIGURATIONENTRY(current:id: "s0"
address: "localhost:34297"
dataStreamAddress: "localhost:43983"
clientAddress: "localhost:39609"
adminAddress: "localhost:37077"
startupRole: FOLLOWER
,id: "s1"
address: "localhost:38917"
dataStreamAddress: "localhost:45719"
clientAddress: "localhost:36975"
adminAddress: "localhost:40635"
startupRole: FOLLOWER
,id: "s2"
address: "localhost:35511"
dataStreamAddress: "localhost:38827"
clientAddress: "localhost:42865"
adminAddress: "localhost:36791"
startupRole: FOLLOWER
, old:), (t:2, i:1), STATEMACHINELOGENTRY, 0@client-2EFB324ADA71, (t:2, i:2), METADATAENTRY(c:1), (t:2, i:3), STATEMACHINELOGENTRY, 999@client-AE8279CAF820, (t:2, i:4), METADATAENTRY(c:3)]
2022-11-08 19:12:10,189 [s2-server-thread1] INFO  server.RaftServer$Division (RaftServerImpl.java:checkInconsistentAppendEntries(1592)) - s2@group-EA982605F2E5: Failed appendEntries as the first entry (index 0) already exists (snapshotIndex: -1, commitIndex: 0)
2022-11-08 19:12:10,190 [s2-server-thread1] INFO  server.RaftServer$Division (RaftServerImpl.java:checkInconsistentAppendEntries(1572)) - s2@group-EA982605F2E5: inconsistency entries. Reply:s1<-s2#1981:FAIL-t2,INCONSISTENCY,nextIndex=1,followerCommit=0,matchIndex=-1
2022-11-08 19:12:10,190 [grpc-default-executor-0] INFO  leader.FollowerInfo (FollowerInfoImpl.java:lambda$new$0(48)) - s1@group-EA982605F2E5->s2: nextIndex: updateUnconditionally 5 -> 1
2022-11-08 19:12:10,190 [s2-server-thread1] DEBUG server.RaftServer$Division (RaftServerImpl.java:logAppendEntries(1421)) - s2@group-EA982605F2E5: receive appendEntries(s1, 2, (t:2, i:0), 4, true, commits:[s1:c4, s0:c4, s2:c0], cId:1982, entries: [(t:2, i:1), STATEMACHINELOGENTRY, 0@client-2EFB324ADA71, (t:2, i:2), METADATAENTRY(c:1), (t:2, i:3), STATEMACHINELOGENTRY, 999@client-AE8279CAF820, (t:2, i:4), METADATAENTRY(c:3)]
2022-11-08 19:12:10,191 [s2-server-thread1] INFO  server.RaftServer$Division (RaftServerImpl.java:checkInconsistentAppendEntries(1602)) - s2@group-EA982605F2E5: Failed appendEntries as previous log entry ((t:2, i:0)) is not found
2022-11-08 19:12:10,191 [s2-server-thread1] INFO  server.RaftServer$Division (RaftServerImpl.java:checkInconsistentAppendEntries(1572)) - s2@group-EA982605F2E5: inconsistency entries. Reply:s1<-s2#1982:FAIL-t2,INCONSISTENCY,nextIndex=0,followerCommit=0,matchIndex=-1
2022-11-08 19:12:10,191 [grpc-default-executor-0] INFO  leader.FollowerInfo (FollowerInfoImpl.java:lambda$new$0(48)) - s1@group-EA982605F2E5->s2: nextIndex: updateUnconditionally 5 -> 0
2022-11-08 19:12:10,191 [s2-server-thread1] DEBUG server.RaftServer$Division (RaftServerImpl.java:logAppendEntries(1421)) - s2@group-EA982605F2E5: receive appendEntries(s1, 2, null, 4, true, commits:[s1:c4, s0:c4, s2:c0], cId:1983, entries: [(t:2, i:0), CONFIGURATIONENTRY(current:id: "s0"
address: "localhost:34297"
dataStreamAddress: "localhost:43983"
clientAddress: "localhost:39609"
adminAddress: "localhost:37077"
startupRole: FOLLOWER
,id: "s1"
address: "localhost:38917"
dataStreamAddress: "localhost:45719"
clientAddress: "localhost:36975"
adminAddress: "localhost:40635"
startupRole: FOLLOWER
,id: "s2"
address: "localhost:35511"
dataStreamAddress: "localhost:38827"
clientAddress: "localhost:42865"
adminAddress: "localhost:36791"
startupRole: FOLLOWER
, old:), (t:2, i:1), STATEMACHINELOGENTRY, 0@client-2EFB324ADA71, (t:2, i:2), METADATAENTRY(c:1), (t:2, i:3), STATEMACHINELOGENTRY, 999@client-AE8279CAF820, (t:2, i:4), METADATAENTRY(c:3)]
2022-11-08 19:12:10,192 [s2-server-thread1] INFO  server.RaftServer$Division (RaftServerImpl.java:checkInconsistentAppendEntries(1592)) - s2@group-EA982605F2E5: Failed appendEntries as the first entry (index 0) already exists (snapshotIndex: -1, commitIndex: 0)
2022-11-08 19:12:10,192 [s2-server-thread1] INFO  server.RaftServer$Division (RaftServerImpl.java:checkInconsistentAppendEntries(1572)) - s2@group-EA982605F2E5: inconsistency entries. Reply:s1<-s2#1983:FAIL-t2,INCONSISTENCY,nextIndex=1,followerCommit=0,matchIndex=-1
2022-11-08 19:12:10,192 [grpc-default-executor-0] INFO  leader.FollowerInfo (FollowerInfoImpl.java:lambda$new$0(48)) - s1@group-EA982605F2E5->s2: nextIndex: updateUnconditionally 5 -> 1
2022-11-08 19:12:10,193 [s2-server-thread1] DEBUG server.RaftServer$Division (RaftServerImpl.java:logAppendEntries(1421)) - s2@group-EA982605F2E5: receive appendEntries(s1, 2, (t:2, i:0), 4, true, commits:[s1:c4, s0:c4, s2:c0], cId:1984, entries: [(t:2, i:1), STATEMACHINELOGENTRY, 0@client-2EFB324ADA71, (t:2, i:2), METADATAENTRY(c:1), (t:2, i:3), STATEMACHINELOGENTRY, 999@client-AE8279CAF820, (t:2, i:4), METADATAENTRY(c:3)]
2022-11-08 19:12:10,193 [s2-server-thread1] INFO  server.RaftServer$Division (RaftServerImpl.java:checkInconsistentAppendEntries(1602)) - s2@group-EA982605F2E5: Failed appendEntries as previous log entry ((t:2, i:0)) is not found
2022-11-08 19:12:10,193 [s2-server-thread1] INFO  server.RaftServer$Division (RaftServerImpl.java:checkInconsistentAppendEntries(1572)) - s2@group-EA982605F2E5: inconsistency entries. Reply:s1<-s2#1984:FAIL-t2,INCONSISTENCY,nextIndex=0,followerCommit=0,matchIndex=-1
2022-11-08 19:12:10,193 [grpc-default-executor-0] INFO  leader.FollowerInfo (FollowerInfoImpl.java:lambda$new$0(48)) - s1@group-EA982605F2E5->s2: nextIndex: updateUnconditionally 5 -> 0
2022-11-08 19:12:10,194 [s2-server-thread1] DEBUG server.RaftServer$Division (RaftServerImpl.java:logAppendEntries(1421)) - s2@group-EA982605F2E5: receive appendEntries(s1, 2, null, 4, true, commits:[s1:c4, s0:c4, s2:c0], cId:1985, entries: [(t:2, i:0), CONFIGURATIONENTRY(current:id: "s0"
address: "localhost:34297"
dataStreamAddress: "localhost:43983"
clientAddress: "localhost:39609"
adminAddress: "localhost:37077"
startupRole: FOLLOWER
,id: "s1"
address: "localhost:38917"
dataStreamAddress: "localhost:45719"
clientAddress: "localhost:36975"
adminAddress: "localhost:40635"
startupRole: FOLLOWER
,id: "s2"
address: "localhost:35511"
dataStreamAddress: "localhost:38827"
clientAddress: "localhost:42865"
adminAddress: "localhost:36791"
startupRole: FOLLOWER
, old:), (t:2, i:1), STATEMACHINELOGENTRY, 0@client-2EFB324ADA71, (t:2, i:2), METADATAENTRY(c:1), (t:2, i:3), STATEMACHINELOGENTRY, 999@client-AE8279CAF820, (t:2, i:4), METADATAENTRY(c:3)]
2022-11-08 19:12:10,194 [s2-server-thread1] INFO  server.RaftServer$Division (RaftServerImpl.java:checkInconsistentAppendEntries(1592)) - s2@group-EA982605F2E5: Failed appendEntries as the first entry (index 0) already exists (snapshotIndex: -1, commitIndex: 0)
2022-11-08 19:12:10,194 [s2-server-thread1] INFO  server.RaftServer$Division (RaftServerImpl.java:checkInconsistentAppendEntries(1572)) - s2@group-EA982605F2E5: inconsistency entries. Reply:s1<-s2#1985:FAIL-t2,INCONSISTENCY,nextIndex=1,followerCommit=0,matchIndex=-1
2022-11-08 19:12:10,194 [grpc-default-executor-0] INFO  leader.FollowerInfo (FollowerInfoImpl.java:lambda$new$0(48)) - s1@group-EA982605F2E5->s2: nextIndex: updateUnconditionally 5 -> 1
2022-11-08 19:12:10,195 [s2-server-thread1] DEBUG server.RaftServer$Division (RaftServerImpl.java:logAppendEntries(1421)) - s2@group-EA982605F2E5: receive appendEntries(s1, 2, (t:2, i:0), 4, true, commits:[s1:c4, s0:c4, s2:c0], cId:1986, entries: [(t:2, i:1), STATEMACHINELOGENTRY, 0@client-2EFB324ADA71, (t:2, i:2), METADATAENTRY(c:1), (t:2, i:3), STATEMACHINELOGENTRY, 999@client-AE8279CAF820, (t:2, i:4), METADATAENTRY(c:3)]
2022-11-08 19:12:10,195 [s2-server-thread1] INFO  server.RaftServer$Division (RaftServerImpl.java:checkInconsistentAppendEntries(1602)) - s2@group-EA982605F2E5: Failed appendEntries as previous log entry ((t:2, i:0)) is not found
2022-11-08 19:12:10,195 [s2-server-thread1] INFO  server.RaftServer$Division (RaftServerImpl.java:checkInconsistentAppendEntries(1572)) - s2@group-EA982605F2E5: inconsistency entries. Reply:s1<-s2#1986:FAIL-t2,INCONSISTENCY,nextIndex=0,followerCommit=0,matchIndex=-1
2022-11-08 19:12:10,195 [grpc-default-executor-0] INFO  leader.FollowerInfo (FollowerInfoImpl.java:lambda$new$0(48)) - s1@group-EA982605F2E5->s2: nextIndex: updateUnconditionally 5 -> 0
2022-11-08 19:12:10,197 [s2-server-thread1] DEBUG server.RaftServer$Division (RaftServerImpl.java:logAppendEntries(1421)) - s2@group-EA982605F2E5: receive appendEntries(s1, 2, null, 4, true, commits:[s1:c4, s0:c4, s2:c0], cId:1987, entries: [(t:2, i:0), CONFIGURATIONENTRY(current:id: "s0"
address: "localhost:34297"
dataStreamAddress: "localhost:43983"
clientAddress: "localhost:39609"
adminAddress: "localhost:37077"
startupRole: FOLLOWER
,id: "s1"
address: "localhost:38917"
dataStreamAddress: "localhost:45719"
clientAddress: "localhost:36975"
adminAddress: "localhost:40635"
startupRole: FOLLOWER
,id: "s2"
address: "localhost:35511"
dataStreamAddress: "localhost:38827"
clientAddress: "localhost:42865"
adminAddress: "localhost:36791"
startupRole: FOLLOWER
, old:), (t:2, i:1), STATEMACHINELOGENTRY, 0@client-2EFB324ADA71, (t:2, i:2), METADATAENTRY(c:1), (t:2, i:3), STATEMACHINELOGENTRY, 999@client-AE8279CAF820, (t:2, i:4), METADATAENTRY(c:3)]
2022-11-08 19:12:10,197 [s2-server-thread1] INFO  server.RaftServer$Division (RaftServerImpl.java:checkInconsistentAppendEntries(1592)) - s2@group-EA982605F2E5: Failed appendEntries as the first entry (index 0) already exists (snapshotIndex: -1, commitIndex: 0)
2022-11-08 19:12:10,197 [s2-server-thread1] INFO  server.RaftServer$Division (RaftServerImpl.java:checkInconsistentAppendEntries(1572)) - s2@group-EA982605F2E5: inconsistency entries. Reply:s1<-s2#1987:FAIL-t2,INCONSISTENCY,nextIndex=1,followerCommit=0,matchIndex=-1
2022-11-08 19:12:10,197 [grpc-default-executor-0] INFO  leader.FollowerInfo (FollowerInfoImpl.java:lambda$new$0(48)) - s1@group-EA982605F2E5->s2: nextIndex: updateUnconditionally 5 -> 1
2022-11-08 19:12:10,198 [s2-server-thread1] DEBUG server.RaftServer$Division (RaftServerImpl.java:logAppendEntries(1421)) - s2@group-EA982605F2E5: receive appendEntries(s1, 2, (t:2, i:0), 4, true, commits:[s1:c4, s0:c4, s2:c0], cId:1988, entries: [(t:2, i:1), STATEMACHINELOGENTRY, 0@client-2EFB324ADA71, (t:2, i:2), METADATAENTRY(c:1), (t:2, i:3), STATEMACHINELOGENTRY, 999@client-AE8279CAF820, (t:2, i:4), METADATAENTRY(c:3)]
2022-11-08 19:12:10,198 [s2-server-thread1] INFO  server.RaftServer$Division (RaftServerImpl.java:checkInconsistentAppendEntries(1602)) - s2@group-EA982605F2E5: Failed appendEntries as previous log entry ((t:2, i:0)) is not found
2022-11-08 19:12:10,198 [s2-server-thread1] INFO  server.RaftServer$Division (RaftServerImpl.java:checkInconsistentAppendEntries(1572)) - s2@group-EA982605F2E5: inconsistency entries. Reply:s1<-s2#1988:FAIL-t2,INCONSISTENCY,nextIndex=0,followerCommit=0,matchIndex=-1
2022-11-08 19:12:10,198 [grpc-default-executor-0] INFO  leader.FollowerInfo (FollowerInfoImpl.java:lambda$new$0(48)) - s1@group-EA982605F2E5->s2: nextIndex: updateUnconditionally 5 -> 0
2022-11-08 19:12:10,199 [s2-server-thread1] DEBUG server.RaftServer$Division (RaftServerImpl.java:logAppendEntries(1421)) - s2@group-EA982605F2E5: receive appendEntries(s1, 2, null, 4, true, commits:[s1:c4, s0:c4, s2:c0], cId:1989, entries: [(t:2, i:0), CONFIGURATIONENTRY(current:id: "s0"
address: "localhost:34297"
dataStreamAddress: "localhost:43983"
clientAddress: "localhost:39609"
adminAddress: "localhost:37077"
startupRole: FOLLOWER
,id: "s1"
address: "localhost:38917"
dataStreamAddress: "localhost:45719"
clientAddress: "localhost:36975"
adminAddress: "localhost:40635"
startupRole: FOLLOWER
,id: "s2"
address: "localhost:35511"
dataStreamAddress: "localhost:38827"
clientAddress: "localhost:42865"
adminAddress: "localhost:36791"
startupRole: FOLLOWER
, old:), (t:2, i:1), STATEMACHINELOGENTRY, 0@client-2EFB324ADA71, (t:2, i:2), METADATAENTRY(c:1), (t:2, i:3), STATEMACHINELOGENTRY, 999@client-AE8279CAF820, (t:2, i:4), METADATAENTRY(c:3)]
2022-11-08 19:12:10,199 [s2-server-thread1] INFO  server.RaftServer$Division (RaftServerImpl.java:checkInconsistentAppendEntries(1592)) - s2@group-EA982605F2E5: Failed appendEntries as the first entry (index 0) already exists (snapshotIndex: -1, commitIndex: 0)
2022-11-08 19:12:10,199 [s2-server-thread1] INFO  server.RaftServer$Division (RaftServerImpl.java:checkInconsistentAppendEntries(1572)) - s2@group-EA982605F2E5: inconsistency entries. Reply:s1<-s2#1989:FAIL-t2,INCONSISTENCY,nextIndex=1,followerCommit=0,matchIndex=-1
2022-11-08 19:12:10,199 [grpc-default-executor-0] INFO  leader.FollowerInfo (FollowerInfoImpl.java:lambda$new$0(48)) - s1@group-EA982605F2E5->s2: nextIndex: updateUnconditionally 5 -> 1
2022-11-08 19:12:10,200 [s2-server-thread1] DEBUG server.RaftServer$Division (RaftServerImpl.java:logAppendEntries(1421)) - s2@group-EA982605F2E5: receive appendEntries(s1, 2, (t:2, i:0), 4, true, commits:[s1:c4, s0:c4, s2:c0], cId:1990, entries: [(t:2, i:1), STATEMACHINELOGENTRY, 0@client-2EFB324ADA71, (t:2, i:2), METADATAENTRY(c:1), (t:2, i:3), STATEMACHINELOGENTRY, 999@client-AE8279CAF820, (t:2, i:4), METADATAENTRY(c:3)]
2022-11-08 19:12:10,200 [s2-server-thread1] INFO  server.RaftServer$Division (RaftServerImpl.java:checkInconsistentAppendEntries(1602)) - s2@group-EA982605F2E5: Failed appendEntries as previous log entry ((t:2, i:0)) is not found
2022-11-08 19:12:10,200 [s2-server-thread1] INFO  server.RaftServer$Division (RaftServerImpl.java:checkInconsistentAppendEntries(1572)) - s2@group-EA982605F2E5: inconsistency entries. Reply:s1<-s2#1990:FAIL-t2,INCONSISTENCY,nextIndex=0,followerCommit=0,matchIndex=-1
2022-11-08 19:12:10,201 [grpc-default-executor-0] INFO  leader.FollowerInfo (FollowerInfoImpl.java:lambda$new$0(48)) - s1@group-EA982605F2E5->s2: nextIndex: updateUnconditionally 5 -> 0
2022-11-08 19:12:10,201 [s2-server-thread1] DEBUG server.RaftServer$Division (RaftServerImpl.java:logAppendEntries(1421)) - s2@group-EA982605F2E5: receive appendEntries(s1, 2, null, 4, true, commits:[s1:c4, s0:c4, s2:c0], cId:1991, entries: [(t:2, i:0), CONFIGURATIONENTRY(current:id: "s0"
address: "localhost:34297"
dataStreamAddress: "localhost:43983"
clientAddress: "localhost:39609"
adminAddress: "localhost:37077"
startupRole: FOLLOWER
,id: "s1"
address: "localhost:38917"
dataStreamAddress: "localhost:45719"
clientAddress: "localhost:36975"
adminAddress: "localhost:40635"
startupRole: FOLLOWER
,id: "s2"
address: "localhost:35511"
dataStreamAddress: "localhost:38827"
clientAddress: "localhost:42865"
adminAddress: "localhost:36791"
startupRole: FOLLOWER
, old:), (t:2, i:1), STATEMACHINELOGENTRY, 0@client-2EFB324ADA71, (t:2, i:2), METADATAENTRY(c:1), (t:2, i:3), STATEMACHINELOGENTRY, 999@client-AE8279CAF820, (t:2, i:4), METADATAENTRY(c:3)]
2022-11-08 19:12:10,201 [s2-server-thread1] INFO  server.RaftServer$Division (RaftServerImpl.java:checkInconsistentAppendEntries(1592)) - s2@group-EA982605F2E5: Failed appendEntries as the first entry (index 0) already exists (snapshotIndex: -1, commitIndex: 0)
2022-11-08 19:12:10,201 [s2-server-thread1] INFO  server.RaftServer$Division (RaftServerImpl.java:checkInconsistentAppendEntries(1572)) - s2@group-EA982605F2E5: inconsistency entries. Reply:s1<-s2#1991:FAIL-t2,INCONSISTENCY,nextIndex=1,followerCommit=0,matchIndex=-1
2022-11-08 19:12:10,202 [grpc-default-executor-0] INFO  leader.FollowerInfo (FollowerInfoImpl.java:lambda$new$0(48)) - s1@group-EA982605F2E5->s2: nextIndex: updateUnconditionally 5 -> 1
2022-11-08 19:12:10,202 [s2-server-thread1] DEBUG server.RaftServer$Division (RaftServerImpl.java:logAppendEntries(1421)) - s2@group-EA982605F2E5: receive appendEntries(s1, 2, (t:2, i:0), 4, true, commits:[s1:c4, s0:c4, s2:c0], cId:1992, entries: [(t:2, i:1), STATEMACHINELOGENTRY, 0@client-2EFB324ADA71, (t:2, i:2), METADATAENTRY(c:1), (t:2, i:3), STATEMACHINELOGENTRY, 999@client-AE8279CAF820, (t:2, i:4), METADATAENTRY(c:3)]
2022-11-08 19:12:10,202 [s2-server-thread1] INFO  server.RaftServer$Division (RaftServerImpl.java:checkInconsistentAppendEntries(1602)) - s2@group-EA982605F2E5: Failed appendEntries as previous log entry ((t:2, i:0)) is not found
2022-11-08 19:12:10,202 [s2-server-thread1] INFO  server.RaftServer$Division (RaftServerImpl.java:checkInconsistentAppendEntries(1572)) - s2@group-EA982605F2E5: inconsistency entries. Reply:s1<-s2#1992:FAIL-t2,INCONSISTENCY,nextIndex=0,followerCommit=0,matchIndex=-1
2022-11-08 19:12:10,203 [grpc-default-executor-0] INFO  leader.FollowerInfo (FollowerInfoImpl.java:lambda$new$0(48)) - s1@group-EA982605F2E5->s2: nextIndex: updateUnconditionally 5 -> 0
2022-11-08 19:12:10,203 [s2-server-thread1] DEBUG server.RaftServer$Division (RaftServerImpl.java:logAppendEntries(1421)) - s2@group-EA982605F2E5: receive appendEntries(s1, 2, null, 4, true, commits:[s1:c4, s0:c4, s2:c0], cId:1993, entries: [(t:2, i:0), CONFIGURATIONENTRY(current:id: "s0"
address: "localhost:34297"
dataStreamAddress: "localhost:43983"
clientAddress: "localhost:39609"
adminAddress: "localhost:37077"
startupRole: FOLLOWER
,id: "s1"
address: "localhost:38917"
dataStreamAddress: "localhost:45719"
clientAddress: "localhost:36975"
adminAddress: "localhost:40635"
startupRole: FOLLOWER
,id: "s2"
address: "localhost:35511"
dataStreamAddress: "localhost:38827"
clientAddress: "localhost:42865"
adminAddress: "localhost:36791"
startupRole: FOLLOWER
, old:), (t:2, i:1), STATEMACHINELOGENTRY, 0@client-2EFB324ADA71, (t:2, i:2), METADATAENTRY(c:1), (t:2, i:3), STATEMACHINELOGENTRY, 999@client-AE8279CAF820, (t:2, i:4), METADATAENTRY(c:3)]
2022-11-08 19:12:10,203 [s2-server-thread1] INFO  server.RaftServer$Division (RaftServerImpl.java:checkInconsistentAppendEntries(1592)) - s2@group-EA982605F2E5: Failed appendEntries as the first entry (index 0) already exists (snapshotIndex: -1, commitIndex: 0)
2022-11-08 19:12:10,203 [s2-server-thread1] INFO  server.RaftServer$Division (RaftServerImpl.java:checkInconsistentAppendEntries(1572)) - s2@group-EA982605F2E5: inconsistency entries. Reply:s1<-s2#1993:FAIL-t2,INCONSISTENCY,nextIndex=1,followerCommit=0,matchIndex=-1
2022-11-08 19:12:10,204 [grpc-default-executor-0] INFO  leader.FollowerInfo (FollowerInfoImpl.java:lambda$new$0(48)) - s1@group-EA982605F2E5->s2: nextIndex: updateUnconditionally 5 -> 1
2022-11-08 19:12:10,204 [s2-server-thread1] DEBUG server.RaftServer$Division (RaftServerImpl.java:logAppendEntries(1421)) - s2@group-EA982605F2E5: receive appendEntries(s1, 2, (t:2, i:0), 4, true, commits:[s1:c4, s0:c4, s2:c0], cId:1994, entries: [(t:2, i:1), STATEMACHINELOGENTRY, 0@client-2EFB324ADA71, (t:2, i:2), METADATAENTRY(c:1), (t:2, i:3), STATEMACHINELOGENTRY, 999@client-AE8279CAF820, (t:2, i:4), METADATAENTRY(c:3)]
2022-11-08 19:12:10,204 [s2-server-thread1] INFO  server.RaftServer$Division (RaftServerImpl.java:checkInconsistentAppendEntries(1602)) - s2@group-EA982605F2E5: Failed appendEntries as previous log entry ((t:2, i:0)) is not found
2022-11-08 19:12:10,204 [s2-server-thread1] INFO  server.RaftServer$Division (RaftServerImpl.java:checkInconsistentAppendEntries(1572)) - s2@group-EA982605F2E5: inconsistency entries. Reply:s1<-s2#1994:FAIL-t2,INCONSISTENCY,nextIndex=0,followerCommit=0,matchIndex=-1
2022-11-08 19:12:10,205 [grpc-default-executor-0] INFO  leader.FollowerInfo (FollowerInfoImpl.java:lambda$new$0(48)) - s1@group-EA982605F2E5->s2: nextIndex: updateUnconditionally 5 -> 0
2022-11-08 19:12:10,205 [s2-server-thread1] DEBUG server.RaftServer$Division (RaftServerImpl.java:logAppendEntries(1421)) - s2@group-EA982605F2E5: receive appendEntries(s1, 2, null, 4, true, commits:[s1:c4, s0:c4, s2:c0], cId:1995, entries: [(t:2, i:0), CONFIGURATIONENTRY(current:id: "s0"
address: "localhost:34297"
dataStreamAddress: "localhost:43983"
clientAddress: "localhost:39609"
adminAddress: "localhost:37077"
startupRole: FOLLOWER
,id: "s1"
address: "localhost:38917"
dataStreamAddress: "localhost:45719"
clientAddress: "localhost:36975"
adminAddress: "localhost:40635"
startupRole: FOLLOWER
,id: "s2"
address: "localhost:35511"
dataStreamAddress: "localhost:38827"
clientAddress: "localhost:42865"
adminAddress: "localhost:36791"
startupRole: FOLLOWER
, old:), (t:2, i:1), STATEMACHINELOGENTRY, 0@client-2EFB324ADA71, (t:2, i:2), METADATAENTRY(c:1), (t:2, i:3), STATEMACHINELOGENTRY, 999@client-AE8279CAF820, (t:2, i:4), METADATAENTRY(c:3)]
2022-11-08 19:12:10,205 [s2-server-thread1] INFO  server.RaftServer$Division (RaftServerImpl.java:checkInconsistentAppendEntries(1592)) - s2@group-EA982605F2E5: Failed appendEntries as the first entry (index 0) already exists (snapshotIndex: -1, commitIndex: 0)
2022-11-08 19:12:10,205 [s2-server-thread1] INFO  server.RaftServer$Division (RaftServerImpl.java:checkInconsistentAppendEntries(1572)) - s2@group-EA982605F2E5: inconsistency entries. Reply:s1<-s2#1995:FAIL-t2,INCONSISTENCY,nextIndex=1,followerCommit=0,matchIndex=-1
2022-11-08 19:12:10,206 [grpc-default-executor-0] INFO  leader.FollowerInfo (FollowerInfoImpl.java:lambda$new$0(48)) - s1@group-EA982605F2E5->s2: nextIndex: updateUnconditionally 5 -> 1
2022-11-08 19:12:10,206 [s2-server-thread1] DEBUG server.RaftServer$Division (RaftServerImpl.java:logAppendEntries(1421)) - s2@group-EA982605F2E5: receive appendEntries(s1, 2, (t:2, i:0), 4, true, commits:[s1:c4, s0:c4, s2:c0], cId:1996, entries: [(t:2, i:1), STATEMACHINELOGENTRY, 0@client-2EFB324ADA71, (t:2, i:2), METADATAENTRY(c:1), (t:2, i:3), STATEMACHINELOGENTRY, 999@client-AE8279CAF820, (t:2, i:4), METADATAENTRY(c:3)]
2022-11-08 19:12:10,206 [s2-server-thread1] INFO  server.RaftServer$Division (RaftServerImpl.java:checkInconsistentAppendEntries(1602)) - s2@group-EA982605F2E5: Failed appendEntries as previous log entry ((t:2, i:0)) is not found
2022-11-08 19:12:10,207 [s2-server-thread1] INFO  server.RaftServer$Division (RaftServerImpl.java:checkInconsistentAppendEntries(1572)) - s2@group-EA982605F2E5: inconsistency entries. Reply:s1<-s2#1996:FAIL-t2,INCONSISTENCY,nextIndex=0,followerCommit=0,matchIndex=-1
2022-11-08 19:12:10,207 [grpc-default-executor-0] INFO  leader.FollowerInfo (FollowerInfoImpl.java:lambda$new$0(48)) - s1@group-EA982605F2E5->s2: nextIndex: updateUnconditionally 5 -> 0
2022-11-08 19:12:10,208 [s2-server-thread1] DEBUG server.RaftServer$Division (RaftServerImpl.java:logAppendEntries(1421)) - s2@group-EA982605F2E5: receive appendEntries(s1, 2, null, 4, true, commits:[s1:c4, s0:c4, s2:c0], cId:1997, entries: [(t:2, i:0), CONFIGURATIONENTRY(current:id: "s0"
address: "localhost:34297"
dataStreamAddress: "localhost:43983"
clientAddress: "localhost:39609"
adminAddress: "localhost:37077"
startupRole: FOLLOWER
,id: "s1"
address: "localhost:38917"
dataStreamAddress: "localhost:45719"
clientAddress: "localhost:36975"
adminAddress: "localhost:40635"
startupRole: FOLLOWER
,id: "s2"
address: "localhost:35511"
dataStreamAddress: "localhost:38827"
clientAddress: "localhost:42865"
adminAddress: "localhost:36791"
startupRole: FOLLOWER
, old:), (t:2, i:1), STATEMACHINELOGENTRY, 0@client-2EFB324ADA71, (t:2, i:2), METADATAENTRY(c:1), (t:2, i:3), STATEMACHINELOGENTRY, 999@client-AE8279CAF820, (t:2, i:4), METADATAENTRY(c:3)]
2022-11-08 19:12:10,208 [s2-server-thread1] INFO  server.RaftServer$Division (RaftServerImpl.java:checkInconsistentAppendEntries(1592)) - s2@group-EA982605F2E5: Failed appendEntries as the first entry (index 0) already exists (snapshotIndex: -1, commitIndex: 0)
2022-11-08 19:12:10,208 [s2-server-thread1] INFO  server.RaftServer$Division (RaftServerImpl.java:checkInconsistentAppendEntries(1572)) - s2@group-EA982605F2E5: inconsistency entries. Reply:s1<-s2#1997:FAIL-t2,INCONSISTENCY,nextIndex=1,followerCommit=0,matchIndex=-1
2022-11-08 19:12:10,208 [grpc-default-executor-0] INFO  leader.FollowerInfo (FollowerInfoImpl.java:lambda$new$0(48)) - s1@group-EA982605F2E5->s2: nextIndex: updateUnconditionally 5 -> 1
2022-11-08 19:12:10,209 [s2-server-thread1] DEBUG server.RaftServer$Division (RaftServerImpl.java:logAppendEntries(1421)) - s2@group-EA982605F2E5: receive appendEntries(s1, 2, (t:2, i:0), 4, true, commits:[s1:c4, s0:c4, s2:c0], cId:1998, entries: [(t:2, i:1), STATEMACHINELOGENTRY, 0@client-2EFB324ADA71, (t:2, i:2), METADATAENTRY(c:1), (t:2, i:3), STATEMACHINELOGENTRY, 999@client-AE8279CAF820, (t:2, i:4), METADATAENTRY(c:3)]
2022-11-08 19:12:10,209 [s2-server-thread1] INFO  server.RaftServer$Division (RaftServerImpl.java:checkInconsistentAppendEntries(1602)) - s2@group-EA982605F2E5: Failed appendEntries as previous log entry ((t:2, i:0)) is not found
2022-11-08 19:12:10,209 [s2-server-thread1] INFO  server.RaftServer$Division (RaftServerImpl.java:checkInconsistentAppendEntries(1572)) - s2@group-EA982605F2E5: inconsistency entries. Reply:s1<-s2#1998:FAIL-t2,INCONSISTENCY,nextIndex=0,followerCommit=0,matchIndex=-1
2022-11-08 19:12:10,209 [grpc-default-executor-0] INFO  leader.FollowerInfo (FollowerInfoImpl.java:lambda$new$0(48)) - s1@group-EA982605F2E5->s2: nextIndex: updateUnconditionally 5 -> 0
2022-11-08 19:12:10,210 [s2-server-thread1] DEBUG server.RaftServer$Division (RaftServerImpl.java:logAppendEntries(1421)) - s2@group-EA982605F2E5: receive appendEntries(s1, 2, null, 4, true, commits:[s1:c4, s0:c4, s2:c0], cId:1999, entries: [(t:2, i:0), CONFIGURATIONENTRY(current:id: "s0"
address: "localhost:34297"
dataStreamAddress: "localhost:43983"
clientAddress: "localhost:39609"
adminAddress: "localhost:37077"
startupRole: FOLLOWER
,id: "s1"
address: "localhost:38917"
dataStreamAddress: "localhost:45719"
clientAddress: "localhost:36975"
adminAddress: "localhost:40635"
startupRole: FOLLOWER
,id: "s2"
address: "localhost:35511"
dataStreamAddress: "localhost:38827"
clientAddress: "localhost:42865"
adminAddress: "localhost:36791"
startupRole: FOLLOWER
, old:), (t:2, i:1), STATEMACHINELOGENTRY, 0@client-2EFB324ADA71, (t:2, i:2), METADATAENTRY(c:1), (t:2, i:3), STATEMACHINELOGENTRY, 999@client-AE8279CAF820, (t:2, i:4), METADATAENTRY(c:3)]
2022-11-08 19:12:10,210 [s2-server-thread1] INFO  server.RaftServer$Division (RaftServerImpl.java:checkInconsistentAppendEntries(1592)) - s2@group-EA982605F2E5: Failed appendEntries as the first entry (index 0) already exists (snapshotIndex: -1, commitIndex: 0)
2022-11-08 19:12:10,210 [s2-server-thread1] INFO  server.RaftServer$Division (RaftServerImpl.java:checkInconsistentAppendEntries(1572)) - s2@group-EA982605F2E5: inconsistency entries. Reply:s1<-s2#1999:FAIL-t2,INCONSISTENCY,nextIndex=1,followerCommit=0,matchIndex=-1
2022-11-08 19:12:10,210 [grpc-default-executor-0] INFO  leader.FollowerInfo (FollowerInfoImpl.java:lambda$new$0(48)) - s1@group-EA982605F2E5->s2: nextIndex: updateUnconditionally 5 -> 1
2022-11-08 19:12:10,211 [s2-server-thread1] DEBUG server.RaftServer$Division (RaftServerImpl.java:logAppendEntries(1421)) - s2@group-EA982605F2E5: receive appendEntries(s1, 2, (t:2, i:0), 4, true, commits:[s1:c4, s0:c4, s2:c0], cId:2000, entries: [(t:2, i:1), STATEMACHINELOGENTRY, 0@client-2EFB324ADA71, (t:2, i:2), METADATAENTRY(c:1), (t:2, i:3), STATEMACHINELOGENTRY, 999@client-AE8279CAF820, (t:2, i:4), METADATAENTRY(c:3)]
2022-11-08 19:12:10,211 [s2-server-thread1] INFO  server.RaftServer$Division (RaftServerImpl.java:checkInconsistentAppendEntries(1602)) - s2@group-EA982605F2E5: Failed appendEntries as previous log entry ((t:2, i:0)) is not found
2022-11-08 19:12:10,211 [s2-server-thread1] INFO  server.RaftServer$Division (RaftServerImpl.java:checkInconsistentAppendEntries(1572)) - s2@group-EA982605F2E5: inconsistency entries. Reply:s1<-s2#2000:FAIL-t2,INCONSISTENCY,nextIndex=0,followerCommit=0,matchIndex=-1
2022-11-08 19:12:10,211 [grpc-default-executor-0] INFO  leader.FollowerInfo (FollowerInfoImpl.java:lambda$new$0(48)) - s1@group-EA982605F2E5->s2: nextIndex: updateUnconditionally 5 -> 0
2022-11-08 19:12:10,212 [s2-server-thread1] DEBUG server.RaftServer$Division (RaftServerImpl.java:logAppendEntries(1421)) - s2@group-EA982605F2E5: receive appendEntries(s1, 2, null, 4, true, commits:[s1:c4, s0:c4, s2:c0], cId:2001, entries: [(t:2, i:0), CONFIGURATIONENTRY(current:id: "s0"
address: "localhost:34297"
dataStreamAddress: "localhost:43983"
clientAddress: "localhost:39609"
adminAddress: "localhost:37077"
startupRole: FOLLOWER
,id: "s1"
address: "localhost:38917"
dataStreamAddress: "localhost:45719"
clientAddress: "localhost:36975"
adminAddress: "localhost:40635"
startupRole: FOLLOWER
,id: "s2"
address: "localhost:35511"
dataStreamAddress: "localhost:38827"
clientAddress: "localhost:42865"
adminAddress: "localhost:36791"
startupRole: FOLLOWER
, old:), (t:2, i:1), STATEMACHINELOGENTRY, 0@client-2EFB324ADA71, (t:2, i:2), METADATAENTRY(c:1), (t:2, i:3), STATEMACHINELOGENTRY, 999@client-AE8279CAF820, (t:2, i:4), METADATAENTRY(c:3)]
2022-11-08 19:12:10,212 [s2-server-thread1] INFO  server.RaftServer$Division (RaftServerImpl.java:checkInconsistentAppendEntries(1592)) - s2@group-EA982605F2E5: Failed appendEntries as the first entry (index 0) already exists (snapshotIndex: -1, commitIndex: 0)
2022-11-08 19:12:10,212 [s2-server-thread1] INFO  server.RaftServer$Division (RaftServerImpl.java:checkInconsistentAppendEntries(1572)) - s2@group-EA982605F2E5: inconsistency entries. Reply:s1<-s2#2001:FAIL-t2,INCONSISTENCY,nextIndex=1,followerCommit=0,matchIndex=-1
2022-11-08 19:12:10,212 [grpc-default-executor-0] INFO  leader.FollowerInfo (FollowerInfoImpl.java:lambda$new$0(48)) - s1@group-EA982605F2E5->s2: nextIndex: updateUnconditionally 5 -> 1
2022-11-08 19:12:10,213 [s2-server-thread1] DEBUG server.RaftServer$Division (RaftServerImpl.java:logAppendEntries(1421)) - s2@group-EA982605F2E5: receive appendEntries(s1, 2, (t:2, i:0), 4, true, commits:[s1:c4, s0:c4, s2:c0], cId:2002, entries: [(t:2, i:1), STATEMACHINELOGENTRY, 0@client-2EFB324ADA71, (t:2, i:2), METADATAENTRY(c:1), (t:2, i:3), STATEMACHINELOGENTRY, 999@client-AE8279CAF820, (t:2, i:4), METADATAENTRY(c:3)]
2022-11-08 19:12:10,213 [s2-server-thread1] INFO  server.RaftServer$Division (RaftServerImpl.java:checkInconsistentAppendEntries(1602)) - s2@group-EA982605F2E5: Failed appendEntries as previous log entry ((t:2, i:0)) is not found
2022-11-08 19:12:10,213 [s2-server-thread1] INFO  server.RaftServer$Division (RaftServerImpl.java:checkInconsistentAppendEntries(1572)) - s2@group-EA982605F2E5: inconsistency entries. Reply:s1<-s2#2002:FAIL-t2,INCONSISTENCY,nextIndex=0,followerCommit=0,matchIndex=-1
2022-11-08 19:12:10,213 [grpc-default-executor-0] INFO  leader.FollowerInfo (FollowerInfoImpl.java:lambda$new$0(48)) - s1@group-EA982605F2E5->s2: nextIndex: updateUnconditionally 5 -> 0
2022-11-08 19:12:10,214 [s2-server-thread1] DEBUG server.RaftServer$Division (RaftServerImpl.java:logAppendEntries(1421)) - s2@group-EA982605F2E5: receive appendEntries(s1, 2, null, 4, true, commits:[s1:c4, s0:c4, s2:c0], cId:2003, entries: [(t:2, i:0), CONFIGURATIONENTRY(current:id: "s0"
address: "localhost:34297"
dataStreamAddress: "localhost:43983"
clientAddress: "localhost:39609"
adminAddress: "localhost:37077"
startupRole: FOLLOWER
,id: "s1"
address: "localhost:38917"
dataStreamAddress: "localhost:45719"
clientAddress: "localhost:36975"
adminAddress: "localhost:40635"
startupRole: FOLLOWER
,id: "s2"
address: "localhost:35511"
dataStreamAddress: "localhost:38827"
clientAddress: "localhost:42865"
adminAddress: "localhost:36791"
startupRole: FOLLOWER
, old:), (t:2, i:1), STATEMACHINELOGENTRY, 0@client-2EFB324ADA71, (t:2, i:2), METADATAENTRY(c:1), (t:2, i:3), STATEMACHINELOGENTRY, 999@client-AE8279CAF820, (t:2, i:4), METADATAENTRY(c:3)]
2022-11-08 19:12:10,214 [s2-server-thread1] INFO  server.RaftServer$Division (RaftServerImpl.java:checkInconsistentAppendEntries(1592)) - s2@group-EA982605F2E5: Failed appendEntries as the first entry (index 0) already exists (snapshotIndex: -1, commitIndex: 0)
2022-11-08 19:12:10,214 [s2-server-thread1] INFO  server.RaftServer$Division (RaftServerImpl.java:checkInconsistentAppendEntries(1572)) - s2@group-EA982605F2E5: inconsistency entries. Reply:s1<-s2#2003:FAIL-t2,INCONSISTENCY,nextIndex=1,followerCommit=0,matchIndex=-1
2022-11-08 19:12:10,215 [grpc-default-executor-0] INFO  leader.FollowerInfo (FollowerInfoImpl.java:lambda$new$0(48)) - s1@group-EA982605F2E5->s2: nextIndex: updateUnconditionally 5 -> 1
2022-11-08 19:12:10,215 [s2-server-thread1] DEBUG server.RaftServer$Division (RaftServerImpl.java:logAppendEntries(1421)) - s2@group-EA982605F2E5: receive appendEntries(s1, 2, (t:2, i:0), 4, true, commits:[s1:c4, s0:c4, s2:c0], cId:2004, entries: [(t:2, i:1), STATEMACHINELOGENTRY, 0@client-2EFB324ADA71, (t:2, i:2), METADATAENTRY(c:1), (t:2, i:3), STATEMACHINELOGENTRY, 999@client-AE8279CAF820, (t:2, i:4), METADATAENTRY(c:3)]
2022-11-08 19:12:10,215 [s2-server-thread1] INFO  server.RaftServer$Division (RaftServerImpl.java:checkInconsistentAppendEntries(1602)) - s2@group-EA982605F2E5: Failed appendEntries as previous log entry ((t:2, i:0)) is not found
2022-11-08 19:12:10,216 [s2-server-thread1] INFO  server.RaftServer$Division (RaftServerImpl.java:checkInconsistentAppendEntries(1572)) - s2@group-EA982605F2E5: inconsistency entries. Reply:s1<-s2#2004:FAIL-t2,INCONSISTENCY,nextIndex=0,followerCommit=0,matchIndex=-1
2022-11-08 19:12:10,216 [grpc-default-executor-0] INFO  leader.FollowerInfo (FollowerInfoImpl.java:lambda$new$0(48)) - s1@group-EA982605F2E5->s2: nextIndex: updateUnconditionally 5 -> 0
2022-11-08 19:12:10,216 [s2-server-thread1] DEBUG server.RaftServer$Division (RaftServerImpl.java:logAppendEntries(1421)) - s2@group-EA982605F2E5: receive appendEntries(s1, 2, null, 4, true, commits:[s1:c4, s0:c4, s2:c0], cId:2005, entries: [(t:2, i:0), CONFIGURATIONENTRY(current:id: "s0"
address: "localhost:34297"
dataStreamAddress: "localhost:43983"
clientAddress: "localhost:39609"
adminAddress: "localhost:37077"
startupRole: FOLLOWER
,id: "s1"
address: "localhost:38917"
dataStreamAddress: "localhost:45719"
clientAddress: "localhost:36975"
adminAddress: "localhost:40635"
startupRole: FOLLOWER
,id: "s2"
address: "localhost:35511"
dataStreamAddress: "localhost:38827"
clientAddress: "localhost:42865"
adminAddress: "localhost:36791"
startupRole: FOLLOWER
, old:), (t:2, i:1), STATEMACHINELOGENTRY, 0@client-2EFB324ADA71, (t:2, i:2), METADATAENTRY(c:1), (t:2, i:3), STATEMACHINELOGENTRY, 999@client-AE8279CAF820, (t:2, i:4), METADATAENTRY(c:3)]
2022-11-08 19:12:10,217 [s2-server-thread1] INFO  server.RaftServer$Division (RaftServerImpl.java:checkInconsistentAppendEntries(1592)) - s2@group-EA982605F2E5: Failed appendEntries as the first entry (index 0) already exists (snapshotIndex: -1, commitIndex: 0)
2022-11-08 19:12:10,217 [s2-server-thread1] INFO  server.RaftServer$Division (RaftServerImpl.java:checkInconsistentAppendEntries(1572)) - s2@group-EA982605F2E5: inconsistency entries. Reply:s1<-s2#2005:FAIL-t2,INCONSISTENCY,nextIndex=1,followerCommit=0,matchIndex=-1
2022-11-08 19:12:10,217 [grpc-default-executor-0] INFO  leader.FollowerInfo (FollowerInfoImpl.java:lambda$new$0(48)) - s1@group-EA982605F2E5->s2: nextIndex: updateUnconditionally 5 -> 1
2022-11-08 19:12:10,218 [s2-server-thread1] DEBUG server.RaftServer$Division (RaftServerImpl.java:logAppendEntries(1421)) - s2@group-EA982605F2E5: receive appendEntries(s1, 2, (t:2, i:0), 4, true, commits:[s1:c4, s0:c4, s2:c0], cId:2006, entries: [(t:2, i:1), STATEMACHINELOGENTRY, 0@client-2EFB324ADA71, (t:2, i:2), METADATAENTRY(c:1), (t:2, i:3), STATEMACHINELOGENTRY, 999@client-AE8279CAF820, (t:2, i:4), METADATAENTRY(c:3)]
2022-11-08 19:12:10,218 [s2-server-thread1] INFO  server.RaftServer$Division (RaftServerImpl.java:checkInconsistentAppendEntries(1602)) - s2@group-EA982605F2E5: Failed appendEntries as previous log entry ((t:2, i:0)) is not found
2022-11-08 19:12:10,218 [s2-server-thread1] INFO  server.RaftServer$Division (RaftServerImpl.java:checkInconsistentAppendEntries(1572)) - s2@group-EA982605F2E5: inconsistency entries. Reply:s1<-s2#2006:FAIL-t2,INCONSISTENCY,nextIndex=0,followerCommit=0,matchIndex=-1
2022-11-08 19:12:10,218 [grpc-default-executor-0] INFO  leader.FollowerInfo (FollowerInfoImpl.java:lambda$new$0(48)) - s1@group-EA982605F2E5->s2: nextIndex: updateUnconditionally 5 -> 0
2022-11-08 19:12:10,219 [s2-server-thread1] DEBUG server.RaftServer$Division (RaftServerImpl.java:logAppendEntries(1421)) - s2@group-EA982605F2E5: receive appendEntries(s1, 2, null, 4, true, commits:[s1:c4, s0:c4, s2:c0], cId:2007, entries: [(t:2, i:0), CONFIGURATIONENTRY(current:id: "s0"
address: "localhost:34297"
dataStreamAddress: "localhost:43983"
clientAddress: "localhost:39609"
adminAddress: "localhost:37077"
startupRole: FOLLOWER
,id: "s1"
address: "localhost:38917"
dataStreamAddress: "localhost:45719"
clientAddress: "localhost:36975"
adminAddress: "localhost:40635"
startupRole: FOLLOWER
,id: "s2"
address: "localhost:35511"
dataStreamAddress: "localhost:38827"
clientAddress: "localhost:42865"
adminAddress: "localhost:36791"
startupRole: FOLLOWER
, old:), (t:2, i:1), STATEMACHINELOGENTRY, 0@client-2EFB324ADA71, (t:2, i:2), METADATAENTRY(c:1), (t:2, i:3), STATEMACHINELOGENTRY, 999@client-AE8279CAF820, (t:2, i:4), METADATAENTRY(c:3)]
2022-11-08 19:12:10,219 [s2-server-thread1] INFO  server.RaftServer$Division (RaftServerImpl.java:checkInconsistentAppendEntries(1592)) - s2@group-EA982605F2E5: Failed appendEntries as the first entry (index 0) already exists (snapshotIndex: -1, commitIndex: 0)
2022-11-08 19:12:10,219 [s2-server-thread1] INFO  server.RaftServer$Division (RaftServerImpl.java:checkInconsistentAppendEntries(1572)) - s2@group-EA982605F2E5: inconsistency entries. Reply:s1<-s2#2007:FAIL-t2,INCONSISTENCY,nextIndex=1,followerCommit=0,matchIndex=-1
2022-11-08 19:12:10,219 [grpc-default-executor-0] INFO  leader.FollowerInfo (FollowerInfoImpl.java:lambda$new$0(48)) - s1@group-EA982605F2E5->s2: nextIndex: updateUnconditionally 5 -> 1
2022-11-08 19:12:10,220 [s2-server-thread1] DEBUG server.RaftServer$Division (RaftServerImpl.java:logAppendEntries(1421)) - s2@group-EA982605F2E5: receive appendEntries(s1, 2, (t:2, i:0), 4, true, commits:[s1:c4, s0:c4, s2:c0], cId:2008, entries: [(t:2, i:1), STATEMACHINELOGENTRY, 0@client-2EFB324ADA71, (t:2, i:2), METADATAENTRY(c:1), (t:2, i:3), STATEMACHINELOGENTRY, 999@client-AE8279CAF820, (t:2, i:4), METADATAENTRY(c:3)]
2022-11-08 19:12:10,220 [s2-server-thread1] INFO  server.RaftServer$Division (RaftServerImpl.java:checkInconsistentAppendEntries(1602)) - s2@group-EA982605F2E5: Failed appendEntries as previous log entry ((t:2, i:0)) is not found
2022-11-08 19:12:10,220 [s2-server-thread1] INFO  server.RaftServer$Division (RaftServerImpl.java:checkInconsistentAppendEntries(1572)) - s2@group-EA982605F2E5: inconsistency entries. Reply:s1<-s2#2008:FAIL-t2,INCONSISTENCY,nextIndex=0,followerCommit=0,matchIndex=-1
2022-11-08 19:12:10,220 [grpc-default-executor-0] INFO  leader.FollowerInfo (FollowerInfoImpl.java:lambda$new$0(48)) - s1@group-EA982605F2E5->s2: nextIndex: updateUnconditionally 5 -> 0
2022-11-08 19:12:10,221 [s2-server-thread1] DEBUG server.RaftServer$Division (RaftServerImpl.java:logAppendEntries(1421)) - s2@group-EA982605F2E5: receive appendEntries(s1, 2, null, 4, true, commits:[s1:c4, s0:c4, s2:c0], cId:2009, entries: [(t:2, i:0), CONFIGURATIONENTRY(current:id: "s0"
address: "localhost:34297"
dataStreamAddress: "localhost:43983"
clientAddress: "localhost:39609"
adminAddress: "localhost:37077"
startupRole: FOLLOWER
,id: "s1"
address: "localhost:38917"
dataStreamAddress: "localhost:45719"
clientAddress: "localhost:36975"
adminAddress: "localhost:40635"
startupRole: FOLLOWER
,id: "s2"
address: "localhost:35511"
dataStreamAddress: "localhost:38827"
clientAddress: "localhost:42865"
adminAddress: "localhost:36791"
startupRole: FOLLOWER
, old:), (t:2, i:1), STATEMACHINELOGENTRY, 0@client-2EFB324ADA71, (t:2, i:2), METADATAENTRY(c:1), (t:2, i:3), STATEMACHINELOGENTRY, 999@client-AE8279CAF820, (t:2, i:4), METADATAENTRY(c:3)]
2022-11-08 19:12:10,221 [s2-server-thread1] INFO  server.RaftServer$Division (RaftServerImpl.java:checkInconsistentAppendEntries(1592)) - s2@group-EA982605F2E5: Failed appendEntries as the first entry (index 0) already exists (snapshotIndex: -1, commitIndex: 0)
2022-11-08 19:12:10,221 [s2-server-thread1] INFO  server.RaftServer$Division (RaftServerImpl.java:checkInconsistentAppendEntries(1572)) - s2@group-EA982605F2E5: inconsistency entries. Reply:s1<-s2#2009:FAIL-t2,INCONSISTENCY,nextIndex=1,followerCommit=0,matchIndex=-1
2022-11-08 19:12:10,222 [grpc-default-executor-0] INFO  leader.FollowerInfo (FollowerInfoImpl.java:lambda$new$0(48)) - s1@group-EA982605F2E5->s2: nextIndex: updateUnconditionally 5 -> 1
2022-11-08 19:12:10,222 [s2-server-thread1] DEBUG server.RaftServer$Division (RaftServerImpl.java:logAppendEntries(1421)) - s2@group-EA982605F2E5: receive appendEntries(s1, 2, (t:2, i:0), 4, true, commits:[s1:c4, s0:c4, s2:c0], cId:2010, entries: [(t:2, i:1), STATEMACHINELOGENTRY, 0@client-2EFB324ADA71, (t:2, i:2), METADATAENTRY(c:1), (t:2, i:3), STATEMACHINELOGENTRY, 999@client-AE8279CAF820, (t:2, i:4), METADATAENTRY(c:3)]
2022-11-08 19:12:10,222 [s2-server-thread1] INFO  server.RaftServer$Division (RaftServerImpl.java:checkInconsistentAppendEntries(1602)) - s2@group-EA982605F2E5: Failed appendEntries as previous log entry ((t:2, i:0)) is not found
2022-11-08 19:12:10,222 [s2-server-thread1] INFO  server.RaftServer$Division (RaftServerImpl.java:checkInconsistentAppendEntries(1572)) - s2@group-EA982605F2E5: inconsistency entries. Reply:s1<-s2#2010:FAIL-t2,INCONSISTENCY,nextIndex=0,followerCommit=0,matchIndex=-1
2022-11-08 19:12:10,223 [grpc-default-executor-0] INFO  leader.FollowerInfo (FollowerInfoImpl.java:lambda$new$0(48)) - s1@group-EA982605F2E5->s2: nextIndex: updateUnconditionally 5 -> 0
2022-11-08 19:12:10,223 [s2-server-thread1] DEBUG server.RaftServer$Division (RaftServerImpl.java:logAppendEntries(1421)) - s2@group-EA982605F2E5: receive appendEntries(s1, 2, null, 4, true, commits:[s1:c4, s0:c4, s2:c0], cId:2011, entries: [(t:2, i:0), CONFIGURATIONENTRY(current:id: "s0"
address: "localhost:34297"
dataStreamAddress: "localhost:43983"
clientAddress: "localhost:39609"
adminAddress: "localhost:37077"
startupRole: FOLLOWER
,id: "s1"
address: "localhost:38917"
dataStreamAddress: "localhost:45719"
clientAddress: "localhost:36975"
adminAddress: "localhost:40635"
startupRole: FOLLOWER
,id: "s2"
address: "localhost:35511"
dataStreamAddress: "localhost:38827"
clientAddress: "localhost:42865"
adminAddress: "localhost:36791"
startupRole: FOLLOWER
, old:), (t:2, i:1), STATEMACHINELOGENTRY, 0@client-2EFB324ADA71, (t:2, i:2), METADATAENTRY(c:1), (t:2, i:3), STATEMACHINELOGENTRY, 999@client-AE8279CAF820, (t:2, i:4), METADATAENTRY(c:3)]
2022-11-08 19:12:10,223 [s2-server-thread1] INFO  server.RaftServer$Division (RaftServerImpl.java:checkInconsistentAppendEntries(1592)) - s2@group-EA982605F2E5: Failed appendEntries as the first entry (index 0) already exists (snapshotIndex: -1, commitIndex: 0)
2022-11-08 19:12:10,223 [s2-server-thread1] INFO  server.RaftServer$Division (RaftServerImpl.java:checkInconsistentAppendEntries(1572)) - s2@group-EA982605F2E5: inconsistency entries. Reply:s1<-s2#2011:FAIL-t2,INCONSISTENCY,nextIndex=1,followerCommit=0,matchIndex=-1
2022-11-08 19:12:10,224 [grpc-default-executor-0] INFO  leader.FollowerInfo (FollowerInfoImpl.java:lambda$new$0(48)) - s1@group-EA982605F2E5->s2: nextIndex: updateUnconditionally 5 -> 1
2022-11-08 19:12:10,227 [s2-server-thread1] DEBUG server.RaftServer$Division (RaftServerImpl.java:logAppendEntries(1421)) - s2@group-EA982605F2E5: receive appendEntries(s1, 2, (t:2, i:0), 4, true, commits:[s1:c4, s0:c4, s2:c0], cId:2012, entries: [(t:2, i:1), STATEMACHINELOGENTRY, 0@client-2EFB324ADA71, (t:2, i:2), METADATAENTRY(c:1), (t:2, i:3), STATEMACHINELOGENTRY, 999@client-AE8279CAF820, (t:2, i:4), METADATAENTRY(c:3)]
2022-11-08 19:12:10,227 [s2-server-thread1] INFO  server.RaftServer$Division (RaftServerImpl.java:checkInconsistentAppendEntries(1602)) - s2@group-EA982605F2E5: Failed appendEntries as previous log entry ((t:2, i:0)) is not found
2022-11-08 19:12:10,227 [s2-server-thread1] INFO  server.RaftServer$Division (RaftServerImpl.java:checkInconsistentAppendEntries(1572)) - s2@group-EA982605F2E5: inconsistency entries. Reply:s1<-s2#2012:FAIL-t2,INCONSISTENCY,nextIndex=0,followerCommit=0,matchIndex=-1
2022-11-08 19:12:10,228 [grpc-default-executor-0] INFO  leader.FollowerInfo (FollowerInfoImpl.java:lambda$new$0(48)) - s1@group-EA982605F2E5->s2: nextIndex: updateUnconditionally 5 -> 0
2022-11-08 19:12:10,228 [s2-server-thread1] DEBUG server.RaftServer$Division (RaftServerImpl.java:logAppendEntries(1421)) - s2@group-EA982605F2E5: receive appendEntries(s1, 2, null, 4, true, commits:[s1:c4, s0:c4, s2:c0], cId:2013, entries: [(t:2, i:0), CONFIGURATIONENTRY(current:id: "s0"
address: "localhost:34297"
dataStreamAddress: "localhost:43983"
clientAddress: "localhost:39609"
adminAddress: "localhost:37077"
startupRole: FOLLOWER
,id: "s1"
address: "localhost:38917"
dataStreamAddress: "localhost:45719"
clientAddress: "localhost:36975"
adminAddress: "localhost:40635"
startupRole: FOLLOWER
,id: "s2"
address: "localhost:35511"
dataStreamAddress: "localhost:38827"
clientAddress: "localhost:42865"
adminAddress: "localhost:36791"
startupRole: FOLLOWER
, old:), (t:2, i:1), STATEMACHINELOGENTRY, 0@client-2EFB324ADA71, (t:2, i:2), METADATAENTRY(c:1), (t:2, i:3), STATEMACHINELOGENTRY, 999@client-AE8279CAF820, (t:2, i:4), METADATAENTRY(c:3)]
2022-11-08 19:12:10,229 [s2-server-thread1] INFO  server.RaftServer$Division (RaftServerImpl.java:checkInconsistentAppendEntries(1592)) - s2@group-EA982605F2E5: Failed appendEntries as the first entry (index 0) already exists (snapshotIndex: -1, commitIndex: 0)
2022-11-08 19:12:10,229 [s2-server-thread1] INFO  server.RaftServer$Division (RaftServerImpl.java:checkInconsistentAppendEntries(1572)) - s2@group-EA982605F2E5: inconsistency entries. Reply:s1<-s2#2013:FAIL-t2,INCONSISTENCY,nextIndex=1,followerCommit=0,matchIndex=-1
2022-11-08 19:12:10,229 [grpc-default-executor-0] INFO  leader.FollowerInfo (FollowerInfoImpl.java:lambda$new$0(48)) - s1@group-EA982605F2E5->s2: nextIndex: updateUnconditionally 5 -> 1
2022-11-08 19:12:10,230 [s2-server-thread1] DEBUG server.RaftServer$Division (RaftServerImpl.java:logAppendEntries(1421)) - s2@group-EA982605F2E5: receive appendEntries(s1, 2, (t:2, i:0), 4, true, commits:[s1:c4, s0:c4, s2:c0], cId:2014, entries: [(t:2, i:1), STATEMACHINELOGENTRY, 0@client-2EFB324ADA71, (t:2, i:2), METADATAENTRY(c:1), (t:2, i:3), STATEMACHINELOGENTRY, 999@client-AE8279CAF820, (t:2, i:4), METADATAENTRY(c:3)]
2022-11-08 19:12:10,230 [s2-server-thread1] INFO  server.RaftServer$Division (RaftServerImpl.java:checkInconsistentAppendEntries(1602)) - s2@group-EA982605F2E5: Failed appendEntries as previous log entry ((t:2, i:0)) is not found
2022-11-08 19:12:10,230 [s2-server-thread1] INFO  server.RaftServer$Division (RaftServerImpl.java:checkInconsistentAppendEntries(1572)) - s2@group-EA982605F2E5: inconsistency entries. Reply:s1<-s2#2014:FAIL-t2,INCONSISTENCY,nextIndex=0,followerCommit=0,matchIndex=-1
2022-11-08 19:12:10,230 [grpc-default-executor-0] INFO  leader.FollowerInfo (FollowerInfoImpl.java:lambda$new$0(48)) - s1@group-EA982605F2E5->s2: nextIndex: updateUnconditionally 5 -> 0
2022-11-08 19:12:10,231 [s2-server-thread1] DEBUG server.RaftServer$Division (RaftServerImpl.java:logAppendEntries(1421)) - s2@group-EA982605F2E5: receive appendEntries(s1, 2, null, 4, true, commits:[s1:c4, s0:c4, s2:c0], cId:2015, entries: [(t:2, i:0), CONFIGURATIONENTRY(current:id: "s0"
address: "localhost:34297"
dataStreamAddress: "localhost:43983"
clientAddress: "localhost:39609"
adminAddress: "localhost:37077"
startupRole: FOLLOWER
,id: "s1"
address: "localhost:38917"
dataStreamAddress: "localhost:45719"
clientAddress: "localhost:36975"
adminAddress: "localhost:40635"
startupRole: FOLLOWER
,id: "s2"
address: "localhost:35511"
dataStreamAddress: "localhost:38827"
clientAddress: "localhost:42865"
adminAddress: "localhost:36791"
startupRole: FOLLOWER
, old:), (t:2, i:1), STATEMACHINELOGENTRY, 0@client-2EFB324ADA71, (t:2, i:2), METADATAENTRY(c:1), (t:2, i:3), STATEMACHINELOGENTRY, 999@client-AE8279CAF820, (t:2, i:4), METADATAENTRY(c:3)]
2022-11-08 19:12:10,231 [s2-server-thread1] INFO  server.RaftServer$Division (RaftServerImpl.java:checkInconsistentAppendEntries(1592)) - s2@group-EA982605F2E5: Failed appendEntries as the first entry (index 0) already exists (snapshotIndex: -1, commitIndex: 0)
2022-11-08 19:12:10,232 [s2-server-thread1] INFO  server.RaftServer$Division (RaftServerImpl.java:checkInconsistentAppendEntries(1572)) - s2@group-EA982605F2E5: inconsistency entries. Reply:s1<-s2#2015:FAIL-t2,INCONSISTENCY,nextIndex=1,followerCommit=0,matchIndex=-1
2022-11-08 19:12:10,232 [grpc-default-executor-0] INFO  leader.FollowerInfo (FollowerInfoImpl.java:lambda$new$0(48)) - s1@group-EA982605F2E5->s2: nextIndex: updateUnconditionally 5 -> 1
2022-11-08 19:12:10,232 [s2-server-thread1] DEBUG server.RaftServer$Division (RaftServerImpl.java:logAppendEntries(1421)) - s2@group-EA982605F2E5: receive appendEntries(s1, 2, (t:2, i:0), 4, true, commits:[s1:c4, s0:c4, s2:c0], cId:2016, entries: [(t:2, i:1), STATEMACHINELOGENTRY, 0@client-2EFB324ADA71, (t:2, i:2), METADATAENTRY(c:1), (t:2, i:3), STATEMACHINELOGENTRY, 999@client-AE8279CAF820, (t:2, i:4), METADATAENTRY(c:3)]
2022-11-08 19:12:10,233 [s2-server-thread1] INFO  server.RaftServer$Division (RaftServerImpl.java:checkInconsistentAppendEntries(1602)) - s2@group-EA982605F2E5: Failed appendEntries as previous log entry ((t:2, i:0)) is not found
2022-11-08 19:12:10,233 [s2-server-thread1] INFO  server.RaftServer$Division (RaftServerImpl.java:checkInconsistentAppendEntries(1572)) - s2@group-EA982605F2E5: inconsistency entries. Reply:s1<-s2#2016:FAIL-t2,INCONSISTENCY,nextIndex=0,followerCommit=0,matchIndex=-1
2022-11-08 19:12:10,233 [grpc-default-executor-0] INFO  leader.FollowerInfo (FollowerInfoImpl.java:lambda$new$0(48)) - s1@group-EA982605F2E5->s2: nextIndex: updateUnconditionally 5 -> 0
2022-11-08 19:12:10,233 [s2-server-thread1] DEBUG server.RaftServer$Division (RaftServerImpl.java:logAppendEntries(1421)) - s2@group-EA982605F2E5: receive appendEntries(s1, 2, null, 4, true, commits:[s1:c4, s0:c4, s2:c0], cId:2017, entries: [(t:2, i:0), CONFIGURATIONENTRY(current:id: "s0"
address: "localhost:34297"
dataStreamAddress: "localhost:43983"
clientAddress: "localhost:39609"
adminAddress: "localhost:37077"
startupRole: FOLLOWER
,id: "s1"
address: "localhost:38917"
dataStreamAddress: "localhost:45719"
clientAddress: "localhost:36975"
adminAddress: "localhost:40635"
startupRole: FOLLOWER
,id: "s2"
address: "localhost:35511"
dataStreamAddress: "localhost:38827"
clientAddress: "localhost:42865"
adminAddress: "localhost:36791"
startupRole: FOLLOWER
, old:), (t:2, i:1), STATEMACHINELOGENTRY, 0@client-2EFB324ADA71, (t:2, i:2), METADATAENTRY(c:1), (t:2, i:3), STATEMACHINELOGENTRY, 999@client-AE8279CAF820, (t:2, i:4), METADATAENTRY(c:3)]
2022-11-08 19:12:10,234 [s2-server-thread1] INFO  server.RaftServer$Division (RaftServerImpl.java:checkInconsistentAppendEntries(1592)) - s2@group-EA982605F2E5: Failed appendEntries as the first entry (index 0) already exists (snapshotIndex: -1, commitIndex: 0)
2022-11-08 19:12:10,234 [s2-server-thread1] INFO  server.RaftServer$Division (RaftServerImpl.java:checkInconsistentAppendEntries(1572)) - s2@group-EA982605F2E5: inconsistency entries. Reply:s1<-s2#2017:FAIL-t2,INCONSISTENCY,nextIndex=1,followerCommit=0,matchIndex=-1
2022-11-08 19:12:10,234 [grpc-default-executor-0] INFO  leader.FollowerInfo (FollowerInfoImpl.java:lambda$new$0(48)) - s1@group-EA982605F2E5->s2: nextIndex: updateUnconditionally 5 -> 1
2022-11-08 19:12:10,235 [s2-server-thread1] DEBUG server.RaftServer$Division (RaftServerImpl.java:logAppendEntries(1421)) - s2@group-EA982605F2E5: receive appendEntries(s1, 2, (t:2, i:0), 4, true, commits:[s1:c4, s0:c4, s2:c0], cId:2018, entries: [(t:2, i:1), STATEMACHINELOGENTRY, 0@client-2EFB324ADA71, (t:2, i:2), METADATAENTRY(c:1), (t:2, i:3), STATEMACHINELOGENTRY, 999@client-AE8279CAF820, (t:2, i:4), METADATAENTRY(c:3)]
2022-11-08 19:12:10,235 [s2-server-thread1] INFO  server.RaftServer$Division (RaftServerImpl.java:checkInconsistentAppendEntries(1602)) - s2@group-EA982605F2E5: Failed appendEntries as previous log entry ((t:2, i:0)) is not found
2022-11-08 19:12:10,235 [s2-server-thread1] INFO  server.RaftServer$Division (RaftServerImpl.java:checkInconsistentAppendEntries(1572)) - s2@group-EA982605F2E5: inconsistency entries. Reply:s1<-s2#2018:FAIL-t2,INCONSISTENCY,nextIndex=0,followerCommit=0,matchIndex=-1
2022-11-08 19:12:10,235 [grpc-default-executor-0] INFO  leader.FollowerInfo (FollowerInfoImpl.java:lambda$new$0(48)) - s1@group-EA982605F2E5->s2: nextIndex: updateUnconditionally 5 -> 0
2022-11-08 19:12:10,236 [s2-server-thread1] DEBUG server.RaftServer$Division (RaftServerImpl.java:logAppendEntries(1421)) - s2@group-EA982605F2E5: receive appendEntries(s1, 2, null, 4, true, commits:[s1:c4, s0:c4, s2:c0], cId:2019, entries: [(t:2, i:0), CONFIGURATIONENTRY(current:id: "s0"
address: "localhost:34297"
dataStreamAddress: "localhost:43983"
clientAddress: "localhost:39609"
adminAddress: "localhost:37077"
startupRole: FOLLOWER
,id: "s1"
address: "localhost:38917"
dataStreamAddress: "localhost:45719"
clientAddress: "localhost:36975"
adminAddress: "localhost:40635"
startupRole: FOLLOWER
,id: "s2"
address: "localhost:35511"
dataStreamAddress: "localhost:38827"
clientAddress: "localhost:42865"
adminAddress: "localhost:36791"
startupRole: FOLLOWER
, old:), (t:2, i:1), STATEMACHINELOGENTRY, 0@client-2EFB324ADA71, (t:2, i:2), METADATAENTRY(c:1), (t:2, i:3), STATEMACHINELOGENTRY, 999@client-AE8279CAF820, (t:2, i:4), METADATAENTRY(c:3)]
2022-11-08 19:12:10,236 [s2-server-thread1] INFO  server.RaftServer$Division (RaftServerImpl.java:checkInconsistentAppendEntries(1592)) - s2@group-EA982605F2E5: Failed appendEntries as the first entry (index 0) already exists (snapshotIndex: -1, commitIndex: 0)
2022-11-08 19:12:10,236 [s2-server-thread1] INFO  server.RaftServer$Division (RaftServerImpl.java:checkInconsistentAppendEntries(1572)) - s2@group-EA982605F2E5: inconsistency entries. Reply:s1<-s2#2019:FAIL-t2,INCONSISTENCY,nextIndex=1,followerCommit=0,matchIndex=-1
2022-11-08 19:12:10,236 [grpc-default-executor-0] INFO  leader.FollowerInfo (FollowerInfoImpl.java:lambda$new$0(48)) - s1@group-EA982605F2E5->s2: nextIndex: updateUnconditionally 5 -> 1
2022-11-08 19:12:10,237 [s2-server-thread1] DEBUG server.RaftServer$Division (RaftServerImpl.java:logAppendEntries(1421)) - s2@group-EA982605F2E5: receive appendEntries(s1, 2, (t:2, i:0), 4, true, commits:[s1:c4, s0:c4, s2:c0], cId:2020, entries: [(t:2, i:1), STATEMACHINELOGENTRY, 0@client-2EFB324ADA71, (t:2, i:2), METADATAENTRY(c:1), (t:2, i:3), STATEMACHINELOGENTRY, 999@client-AE8279CAF820, (t:2, i:4), METADATAENTRY(c:3)]
2022-11-08 19:12:10,237 [s2-server-thread1] INFO  server.RaftServer$Division (RaftServerImpl.java:checkInconsistentAppendEntries(1602)) - s2@group-EA982605F2E5: Failed appendEntries as previous log entry ((t:2, i:0)) is not found
2022-11-08 19:12:10,237 [s2-server-thread1] INFO  server.RaftServer$Division (RaftServerImpl.java:checkInconsistentAppendEntries(1572)) - s2@group-EA982605F2E5: inconsistency entries. Reply:s1<-s2#2020:FAIL-t2,INCONSISTENCY,nextIndex=0,followerCommit=0,matchIndex=-1
2022-11-08 19:12:10,238 [grpc-default-executor-0] INFO  leader.FollowerInfo (FollowerInfoImpl.java:lambda$new$0(48)) - s1@group-EA982605F2E5->s2: nextIndex: updateUnconditionally 5 -> 0
2022-11-08 19:12:10,238 [s2-server-thread1] DEBUG server.RaftServer$Division (RaftServerImpl.java:logAppendEntries(1421)) - s2@group-EA982605F2E5: receive appendEntries(s1, 2, null, 4, true, commits:[s1:c4, s0:c4, s2:c0], cId:2021, entries: [(t:2, i:0), CONFIGURATIONENTRY(current:id: "s0"
address: "localhost:34297"
dataStreamAddress: "localhost:43983"
clientAddress: "localhost:39609"
adminAddress: "localhost:37077"
startupRole: FOLLOWER
,id: "s1"
address: "localhost:38917"
dataStreamAddress: "localhost:45719"
clientAddress: "localhost:36975"
adminAddress: "localhost:40635"
startupRole: FOLLOWER
,id: "s2"
address: "localhost:35511"
dataStreamAddress: "localhost:38827"
clientAddress: "localhost:42865"
adminAddress: "localhost:36791"
startupRole: FOLLOWER
, old:), (t:2, i:1), STATEMACHINELOGENTRY, 0@client-2EFB324ADA71, (t:2, i:2), METADATAENTRY(c:1), (t:2, i:3), STATEMACHINELOGENTRY, 999@client-AE8279CAF820, (t:2, i:4), METADATAENTRY(c:3)]
2022-11-08 19:12:10,238 [s2-server-thread1] INFO  server.RaftServer$Division (RaftServerImpl.java:checkInconsistentAppendEntries(1592)) - s2@group-EA982605F2E5: Failed appendEntries as the first entry (index 0) already exists (snapshotIndex: -1, commitIndex: 0)
2022-11-08 19:12:10,238 [s2-server-thread1] INFO  server.RaftServer$Division (RaftServerImpl.java:checkInconsistentAppendEntries(1572)) - s2@group-EA982605F2E5: inconsistency entries. Reply:s1<-s2#2021:FAIL-t2,INCONSISTENCY,nextIndex=1,followerCommit=0,matchIndex=-1
2022-11-08 19:12:10,239 [grpc-default-executor-0] INFO  leader.FollowerInfo (FollowerInfoImpl.java:lambda$new$0(48)) - s1@group-EA982605F2E5->s2: nextIndex: updateUnconditionally 5 -> 1
2022-11-08 19:12:10,239 [s2-server-thread1] DEBUG server.RaftServer$Division (RaftServerImpl.java:logAppendEntries(1421)) - s2@group-EA982605F2E5: receive appendEntries(s1, 2, (t:2, i:0), 4, true, commits:[s1:c4, s0:c4, s2:c0], cId:2022, entries: [(t:2, i:1), STATEMACHINELOGENTRY, 0@client-2EFB324ADA71, (t:2, i:2), METADATAENTRY(c:1), (t:2, i:3), STATEMACHINELOGENTRY, 999@client-AE8279CAF820, (t:2, i:4), METADATAENTRY(c:3)]
2022-11-08 19:12:10,239 [s2-server-thread1] INFO  server.RaftServer$Division (RaftServerImpl.java:checkInconsistentAppendEntries(1602)) - s2@group-EA982605F2E5: Failed appendEntries as previous log entry ((t:2, i:0)) is not found
2022-11-08 19:12:10,239 [s2-server-thread1] INFO  server.RaftServer$Division (RaftServerImpl.java:checkInconsistentAppendEntries(1572)) - s2@group-EA982605F2E5: inconsistency entries. Reply:s1<-s2#2022:FAIL-t2,INCONSISTENCY,nextIndex=0,followerCommit=0,matchIndex=-1
2022-11-08 19:12:10,240 [grpc-default-executor-0] INFO  leader.FollowerInfo (FollowerInfoImpl.java:lambda$new$0(48)) - s1@group-EA982605F2E5->s2: nextIndex: updateUnconditionally 5 -> 0
2022-11-08 19:12:10,240 [s2-server-thread1] DEBUG server.RaftServer$Division (RaftServerImpl.java:logAppendEntries(1421)) - s2@group-EA982605F2E5: receive appendEntries(s1, 2, null, 4, true, commits:[s1:c4, s0:c4, s2:c0], cId:2023, entries: [(t:2, i:0), CONFIGURATIONENTRY(current:id: "s0"
address: "localhost:34297"
dataStreamAddress: "localhost:43983"
clientAddress: "localhost:39609"
adminAddress: "localhost:37077"
startupRole: FOLLOWER
,id: "s1"
address: "localhost:38917"
dataStreamAddress: "localhost:45719"
clientAddress: "localhost:36975"
adminAddress: "localhost:40635"
startupRole: FOLLOWER
,id: "s2"
address: "localhost:35511"
dataStreamAddress: "localhost:38827"
clientAddress: "localhost:42865"
adminAddress: "localhost:36791"
startupRole: FOLLOWER
, old:), (t:2, i:1), STATEMACHINELOGENTRY, 0@client-2EFB324ADA71, (t:2, i:2), METADATAENTRY(c:1), (t:2, i:3), STATEMACHINELOGENTRY, 999@client-AE8279CAF820, (t:2, i:4), METADATAENTRY(c:3)]
2022-11-08 19:12:10,240 [s2-server-thread1] INFO  server.RaftServer$Division (RaftServerImpl.java:checkInconsistentAppendEntries(1592)) - s2@group-EA982605F2E5: Failed appendEntries as the first entry (index 0) already exists (snapshotIndex: -1, commitIndex: 0)
2022-11-08 19:12:10,240 [s2-server-thread1] INFO  server.RaftServer$Division (RaftServerImpl.java:checkInconsistentAppendEntries(1572)) - s2@group-EA982605F2E5: inconsistency entries. Reply:s1<-s2#2023:FAIL-t2,INCONSISTENCY,nextIndex=1,followerCommit=0,matchIndex=-1
2022-11-08 19:12:10,241 [grpc-default-executor-0] INFO  leader.FollowerInfo (FollowerInfoImpl.java:lambda$new$0(48)) - s1@group-EA982605F2E5->s2: nextIndex: updateUnconditionally 5 -> 1
2022-11-08 19:12:10,241 [s2-server-thread1] DEBUG server.RaftServer$Division (RaftServerImpl.java:logAppendEntries(1421)) - s2@group-EA982605F2E5: receive appendEntries(s1, 2, (t:2, i:0), 4, true, commits:[s1:c4, s0:c4, s2:c0], cId:2024, entries: [(t:2, i:1), STATEMACHINELOGENTRY, 0@client-2EFB324ADA71, (t:2, i:2), METADATAENTRY(c:1), (t:2, i:3), STATEMACHINELOGENTRY, 999@client-AE8279CAF820, (t:2, i:4), METADATAENTRY(c:3)]
2022-11-08 19:12:10,241 [s2-server-thread1] INFO  server.RaftServer$Division (RaftServerImpl.java:checkInconsistentAppendEntries(1602)) - s2@group-EA982605F2E5: Failed appendEntries as previous log entry ((t:2, i:0)) is not found
2022-11-08 19:12:10,241 [s2-server-thread1] INFO  server.RaftServer$Division (RaftServerImpl.java:checkInconsistentAppendEntries(1572)) - s2@group-EA982605F2E5: inconsistency entries. Reply:s1<-s2#2024:FAIL-t2,INCONSISTENCY,nextIndex=0,followerCommit=0,matchIndex=-1
2022-11-08 19:12:10,242 [grpc-default-executor-0] INFO  leader.FollowerInfo (FollowerInfoImpl.java:lambda$new$0(48)) - s1@group-EA982605F2E5->s2: nextIndex: updateUnconditionally 5 -> 0
2022-11-08 19:12:10,242 [s2-server-thread1] DEBUG server.RaftServer$Division (RaftServerImpl.java:logAppendEntries(1421)) - s2@group-EA982605F2E5: receive appendEntries(s1, 2, null, 4, true, commits:[s1:c4, s0:c4, s2:c0], cId:2025, entries: [(t:2, i:0), CONFIGURATIONENTRY(current:id: "s0"
address: "localhost:34297"
dataStreamAddress: "localhost:43983"
clientAddress: "localhost:39609"
adminAddress: "localhost:37077"
startupRole: FOLLOWER
,id: "s1"
address: "localhost:38917"
dataStreamAddress: "localhost:45719"
clientAddress: "localhost:36975"
adminAddress: "localhost:40635"
startupRole: FOLLOWER
,id: "s2"
address: "localhost:35511"
dataStreamAddress: "localhost:38827"
clientAddress: "localhost:42865"
adminAddress: "localhost:36791"
startupRole: FOLLOWER
, old:), (t:2, i:1), STATEMACHINELOGENTRY, 0@client-2EFB324ADA71, (t:2, i:2), METADATAENTRY(c:1), (t:2, i:3), STATEMACHINELOGENTRY, 999@client-AE8279CAF820, (t:2, i:4), METADATAENTRY(c:3)]
2022-11-08 19:12:10,242 [s2-server-thread1] INFO  server.RaftServer$Division (RaftServerImpl.java:checkInconsistentAppendEntries(1592)) - s2@group-EA982605F2E5: Failed appendEntries as the first entry (index 0) already exists (snapshotIndex: -1, commitIndex: 0)
2022-11-08 19:12:10,242 [s2-server-thread1] INFO  server.RaftServer$Division (RaftServerImpl.java:checkInconsistentAppendEntries(1572)) - s2@group-EA982605F2E5: inconsistency entries. Reply:s1<-s2#2025:FAIL-t2,INCONSISTENCY,nextIndex=1,followerCommit=0,matchIndex=-1
2022-11-08 19:12:10,243 [grpc-default-executor-0] INFO  leader.FollowerInfo (FollowerInfoImpl.java:lambda$new$0(48)) - s1@group-EA982605F2E5->s2: nextIndex: updateUnconditionally 5 -> 1
2022-11-08 19:12:10,243 [s2-server-thread1] DEBUG server.RaftServer$Division (RaftServerImpl.java:logAppendEntries(1421)) - s2@group-EA982605F2E5: receive appendEntries(s1, 2, (t:2, i:0), 4, true, commits:[s1:c4, s0:c4, s2:c0], cId:2026, entries: [(t:2, i:1), STATEMACHINELOGENTRY, 0@client-2EFB324ADA71, (t:2, i:2), METADATAENTRY(c:1), (t:2, i:3), STATEMACHINELOGENTRY, 999@client-AE8279CAF820, (t:2, i:4), METADATAENTRY(c:3)]
2022-11-08 19:12:10,243 [s2-server-thread1] INFO  server.RaftServer$Division (RaftServerImpl.java:checkInconsistentAppendEntries(1602)) - s2@group-EA982605F2E5: Failed appendEntries as previous log entry ((t:2, i:0)) is not found
2022-11-08 19:12:10,243 [s2-server-thread1] INFO  server.RaftServer$Division (RaftServerImpl.java:checkInconsistentAppendEntries(1572)) - s2@group-EA982605F2E5: inconsistency entries. Reply:s1<-s2#2026:FAIL-t2,INCONSISTENCY,nextIndex=0,followerCommit=0,matchIndex=-1
2022-11-08 19:12:10,244 [grpc-default-executor-0] INFO  leader.FollowerInfo (FollowerInfoImpl.java:lambda$new$0(48)) - s1@group-EA982605F2E5->s2: nextIndex: updateUnconditionally 5 -> 0
2022-11-08 19:12:10,244 [s2-server-thread1] DEBUG server.RaftServer$Division (RaftServerImpl.java:logAppendEntries(1421)) - s2@group-EA982605F2E5: receive appendEntries(s1, 2, null, 4, true, commits:[s1:c4, s0:c4, s2:c0], cId:2027, entries: [(t:2, i:0), CONFIGURATIONENTRY(current:id: "s0"
address: "localhost:34297"
dataStreamAddress: "localhost:43983"
clientAddress: "localhost:39609"
adminAddress: "localhost:37077"
startupRole: FOLLOWER
,id: "s1"
address: "localhost:38917"
dataStreamAddress: "localhost:45719"
clientAddress: "localhost:36975"
adminAddress: "localhost:40635"
startupRole: FOLLOWER
,id: "s2"
address: "localhost:35511"
dataStreamAddress: "localhost:38827"
clientAddress: "localhost:42865"
adminAddress: "localhost:36791"
startupRole: FOLLOWER
, old:), (t:2, i:1), STATEMACHINELOGENTRY, 0@client-2EFB324ADA71, (t:2, i:2), METADATAENTRY(c:1), (t:2, i:3), STATEMACHINELOGENTRY, 999@client-AE8279CAF820, (t:2, i:4), METADATAENTRY(c:3)]
2022-11-08 19:12:10,245 [s2-server-thread1] INFO  server.RaftServer$Division (RaftServerImpl.java:checkInconsistentAppendEntries(1592)) - s2@group-EA982605F2E5: Failed appendEntries as the first entry (index 0) already exists (snapshotIndex: -1, commitIndex: 0)
2022-11-08 19:12:10,245 [s2-server-thread1] INFO  server.RaftServer$Division (RaftServerImpl.java:checkInconsistentAppendEntries(1572)) - s2@group-EA982605F2E5: inconsistency entries. Reply:s1<-s2#2027:FAIL-t2,INCONSISTENCY,nextIndex=1,followerCommit=0,matchIndex=-1
2022-11-08 19:12:10,245 [grpc-default-executor-0] INFO  leader.FollowerInfo (FollowerInfoImpl.java:lambda$new$0(48)) - s1@group-EA982605F2E5->s2: nextIndex: updateUnconditionally 5 -> 1
2022-11-08 19:12:10,246 [s2-server-thread1] DEBUG server.RaftServer$Division (RaftServerImpl.java:logAppendEntries(1421)) - s2@group-EA982605F2E5: receive appendEntries(s1, 2, (t:2, i:0), 4, true, commits:[s1:c4, s0:c4, s2:c0], cId:2028, entries: [(t:2, i:1), STATEMACHINELOGENTRY, 0@client-2EFB324ADA71, (t:2, i:2), METADATAENTRY(c:1), (t:2, i:3), STATEMACHINELOGENTRY, 999@client-AE8279CAF820, (t:2, i:4), METADATAENTRY(c:3)]
2022-11-08 19:12:10,246 [s2-server-thread1] INFO  server.RaftServer$Division (RaftServerImpl.java:checkInconsistentAppendEntries(1602)) - s2@group-EA982605F2E5: Failed appendEntries as previous log entry ((t:2, i:0)) is not found
2022-11-08 19:12:10,246 [s2-server-thread1] INFO  server.RaftServer$Division (RaftServerImpl.java:checkInconsistentAppendEntries(1572)) - s2@group-EA982605F2E5: inconsistency entries. Reply:s1<-s2#2028:FAIL-t2,INCONSISTENCY,nextIndex=0,followerCommit=0,matchIndex=-1
2022-11-08 19:12:10,247 [grpc-default-executor-0] INFO  leader.FollowerInfo (FollowerInfoImpl.java:lambda$new$0(48)) - s1@group-EA982605F2E5->s2: nextIndex: updateUnconditionally 5 -> 0
2022-11-08 19:12:10,247 [s2-server-thread1] DEBUG server.RaftServer$Division (RaftServerImpl.java:logAppendEntries(1421)) - s2@group-EA982605F2E5: receive appendEntries(s1, 2, null, 4, true, commits:[s1:c4, s0:c4, s2:c0], cId:2029, entries: [(t:2, i:0), CONFIGURATIONENTRY(current:id: "s0"
address: "localhost:34297"
dataStreamAddress: "localhost:43983"
clientAddress: "localhost:39609"
adminAddress: "localhost:37077"
startupRole: FOLLOWER
,id: "s1"
address: "localhost:38917"
dataStreamAddress: "localhost:45719"
clientAddress: "localhost:36975"
adminAddress: "localhost:40635"
startupRole: FOLLOWER
,id: "s2"
address: "localhost:35511"
dataStreamAddress: "localhost:38827"
clientAddress: "localhost:42865"
adminAddress: "localhost:36791"
startupRole: FOLLOWER
, old:), (t:2, i:1), STATEMACHINELOGENTRY, 0@client-2EFB324ADA71, (t:2, i:2), METADATAENTRY(c:1), (t:2, i:3), STATEMACHINELOGENTRY, 999@client-AE8279CAF820, (t:2, i:4), METADATAENTRY(c:3)]
2022-11-08 19:12:10,247 [s2-server-thread1] INFO  server.RaftServer$Division (RaftServerImpl.java:checkInconsistentAppendEntries(1592)) - s2@group-EA982605F2E5: Failed appendEntries as the first entry (index 0) already exists (snapshotIndex: -1, commitIndex: 0)
2022-11-08 19:12:10,248 [s2-server-thread1] INFO  server.RaftServer$Division (RaftServerImpl.java:checkInconsistentAppendEntries(1572)) - s2@group-EA982605F2E5: inconsistency entries. Reply:s1<-s2#2029:FAIL-t2,INCONSISTENCY,nextIndex=1,followerCommit=0,matchIndex=-1
2022-11-08 19:12:10,248 [grpc-default-executor-0] INFO  leader.FollowerInfo (FollowerInfoImpl.java:lambda$new$0(48)) - s1@group-EA982605F2E5->s2: nextIndex: updateUnconditionally 5 -> 1
2022-11-08 19:12:10,248 [s2-server-thread1] DEBUG server.RaftServer$Division (RaftServerImpl.java:logAppendEntries(1421)) - s2@group-EA982605F2E5: receive appendEntries(s1, 2, (t:2, i:0), 4, true, commits:[s1:c4, s0:c4, s2:c0], cId:2030, entries: [(t:2, i:1), STATEMACHINELOGENTRY, 0@client-2EFB324ADA71, (t:2, i:2), METADATAENTRY(c:1), (t:2, i:3), STATEMACHINELOGENTRY, 999@client-AE8279CAF820, (t:2, i:4), METADATAENTRY(c:3)]
2022-11-08 19:12:10,249 [s2-server-thread1] INFO  server.RaftServer$Division (RaftServerImpl.java:checkInconsistentAppendEntries(1602)) - s2@group-EA982605F2E5: Failed appendEntries as previous log entry ((t:2, i:0)) is not found
2022-11-08 19:12:10,249 [s2-server-thread1] INFO  server.RaftServer$Division (RaftServerImpl.java:checkInconsistentAppendEntries(1572)) - s2@group-EA982605F2E5: inconsistency entries. Reply:s1<-s2#2030:FAIL-t2,INCONSISTENCY,nextIndex=0,followerCommit=0,matchIndex=-1
2022-11-08 19:12:10,249 [grpc-default-executor-0] INFO  leader.FollowerInfo (FollowerInfoImpl.java:lambda$new$0(48)) - s1@group-EA982605F2E5->s2: nextIndex: updateUnconditionally 5 -> 0
2022-11-08 19:12:10,249 [s2-server-thread1] DEBUG server.RaftServer$Division (RaftServerImpl.java:logAppendEntries(1421)) - s2@group-EA982605F2E5: receive appendEntries(s1, 2, null, 4, true, commits:[s1:c4, s0:c4, s2:c0], cId:2031, entries: [(t:2, i:0), CONFIGURATIONENTRY(current:id: "s0"
address: "localhost:34297"
dataStreamAddress: "localhost:43983"
clientAddress: "localhost:39609"
adminAddress: "localhost:37077"
startupRole: FOLLOWER
,id: "s1"
address: "localhost:38917"
dataStreamAddress: "localhost:45719"
clientAddress: "localhost:36975"
adminAddress: "localhost:40635"
startupRole: FOLLOWER
,id: "s2"
address: "localhost:35511"
dataStreamAddress: "localhost:38827"
clientAddress: "localhost:42865"
adminAddress: "localhost:36791"
startupRole: FOLLOWER
, old:), (t:2, i:1), STATEMACHINELOGENTRY, 0@client-2EFB324ADA71, (t:2, i:2), METADATAENTRY(c:1), (t:2, i:3), STATEMACHINELOGENTRY, 999@client-AE8279CAF820, (t:2, i:4), METADATAENTRY(c:3)]
2022-11-08 19:12:10,250 [s2-server-thread1] INFO  server.RaftServer$Division (RaftServerImpl.java:checkInconsistentAppendEntries(1592)) - s2@group-EA982605F2E5: Failed appendEntries as the first entry (index 0) already exists (snapshotIndex: -1, commitIndex: 0)
2022-11-08 19:12:10,250 [s2-server-thread1] INFO  server.RaftServer$Division (RaftServerImpl.java:checkInconsistentAppendEntries(1572)) - s2@group-EA982605F2E5: inconsistency entries. Reply:s1<-s2#2031:FAIL-t2,INCONSISTENCY,nextIndex=1,followerCommit=0,matchIndex=-1
2022-11-08 19:12:10,250 [grpc-default-executor-0] INFO  leader.FollowerInfo (FollowerInfoImpl.java:lambda$new$0(48)) - s1@group-EA982605F2E5->s2: nextIndex: updateUnconditionally 5 -> 1
2022-11-08 19:12:10,251 [s2-server-thread1] DEBUG server.RaftServer$Division (RaftServerImpl.java:logAppendEntries(1421)) - s2@group-EA982605F2E5: receive appendEntries(s1, 2, (t:2, i:0), 4, true, commits:[s1:c4, s0:c4, s2:c0], cId:2032, entries: [(t:2, i:1), STATEMACHINELOGENTRY, 0@client-2EFB324ADA71, (t:2, i:2), METADATAENTRY(c:1), (t:2, i:3), STATEMACHINELOGENTRY, 999@client-AE8279CAF820, (t:2, i:4), METADATAENTRY(c:3)]
2022-11-08 19:12:10,251 [s2-server-thread1] INFO  server.RaftServer$Division (RaftServerImpl.java:checkInconsistentAppendEntries(1602)) - s2@group-EA982605F2E5: Failed appendEntries as previous log entry ((t:2, i:0)) is not found
2022-11-08 19:12:10,251 [s2-server-thread1] INFO  server.RaftServer$Division (RaftServerImpl.java:checkInconsistentAppendEntries(1572)) - s2@group-EA982605F2E5: inconsistency entries. Reply:s1<-s2#2032:FAIL-t2,INCONSISTENCY,nextIndex=0,followerCommit=0,matchIndex=-1
2022-11-08 19:12:10,251 [grpc-default-executor-0] INFO  leader.FollowerInfo (FollowerInfoImpl.java:lambda$new$0(48)) - s1@group-EA982605F2E5->s2: nextIndex: updateUnconditionally 5 -> 0
2022-11-08 19:12:10,252 [s2-server-thread1] DEBUG server.RaftServer$Division (RaftServerImpl.java:logAppendEntries(1421)) - s2@group-EA982605F2E5: receive appendEntries(s1, 2, null, 4, true, commits:[s1:c4, s0:c4, s2:c0], cId:2033, entries: [(t:2, i:0), CONFIGURATIONENTRY(current:id: "s0"
address: "localhost:34297"
dataStreamAddress: "localhost:43983"
clientAddress: "localhost:39609"
adminAddress: "localhost:37077"
startupRole: FOLLOWER
,id: "s1"
address: "localhost:38917"
dataStreamAddress: "localhost:45719"
clientAddress: "localhost:36975"
adminAddress: "localhost:40635"
startupRole: FOLLOWER
,id: "s2"
address: "localhost:35511"
dataStreamAddress: "localhost:38827"
clientAddress: "localhost:42865"
adminAddress: "localhost:36791"
startupRole: FOLLOWER
, old:), (t:2, i:1), STATEMACHINELOGENTRY, 0@client-2EFB324ADA71, (t:2, i:2), METADATAENTRY(c:1), (t:2, i:3), STATEMACHINELOGENTRY, 999@client-AE8279CAF820, (t:2, i:4), METADATAENTRY(c:3)]
2022-11-08 19:12:10,252 [s2-server-thread1] INFO  server.RaftServer$Division (RaftServerImpl.java:checkInconsistentAppendEntries(1592)) - s2@group-EA982605F2E5: Failed appendEntries as the first entry (index 0) already exists (snapshotIndex: -1, commitIndex: 0)
2022-11-08 19:12:10,252 [s2-server-thread1] INFO  server.RaftServer$Division (RaftServerImpl.java:checkInconsistentAppendEntries(1572)) - s2@group-EA982605F2E5: inconsistency entries. Reply:s1<-s2#2033:FAIL-t2,INCONSISTENCY,nextIndex=1,followerCommit=0,matchIndex=-1
2022-11-08 19:12:10,252 [grpc-default-executor-0] INFO  leader.FollowerInfo (FollowerInfoImpl.java:lambda$new$0(48)) - s1@group-EA982605F2E5->s2: nextIndex: updateUnconditionally 5 -> 1
2022-11-08 19:12:10,253 [s2-server-thread1] DEBUG server.RaftServer$Division (RaftServerImpl.java:logAppendEntries(1421)) - s2@group-EA982605F2E5: receive appendEntries(s1, 2, (t:2, i:0), 4, true, commits:[s1:c4, s0:c4, s2:c0], cId:2034, entries: [(t:2, i:1), STATEMACHINELOGENTRY, 0@client-2EFB324ADA71, (t:2, i:2), METADATAENTRY(c:1), (t:2, i:3), STATEMACHINELOGENTRY, 999@client-AE8279CAF820, (t:2, i:4), METADATAENTRY(c:3)]
2022-11-08 19:12:10,253 [s2-server-thread1] INFO  server.RaftServer$Division (RaftServerImpl.java:checkInconsistentAppendEntries(1602)) - s2@group-EA982605F2E5: Failed appendEntries as previous log entry ((t:2, i:0)) is not found
2022-11-08 19:12:10,253 [s2-server-thread1] INFO  server.RaftServer$Division (RaftServerImpl.java:checkInconsistentAppendEntries(1572)) - s2@group-EA982605F2E5: inconsistency entries. Reply:s1<-s2#2034:FAIL-t2,INCONSISTENCY,nextIndex=0,followerCommit=0,matchIndex=-1
2022-11-08 19:12:10,254 [grpc-default-executor-0] INFO  leader.FollowerInfo (FollowerInfoImpl.java:lambda$new$0(48)) - s1@group-EA982605F2E5->s2: nextIndex: updateUnconditionally 5 -> 0
2022-11-08 19:12:10,254 [s2-server-thread1] DEBUG server.RaftServer$Division (RaftServerImpl.java:logAppendEntries(1421)) - s2@group-EA982605F2E5: receive appendEntries(s1, 2, null, 4, true, commits:[s1:c4, s0:c4, s2:c0], cId:2035, entries: [(t:2, i:0), CONFIGURATIONENTRY(current:id: "s0"
address: "localhost:34297"
dataStreamAddress: "localhost:43983"
clientAddress: "localhost:39609"
adminAddress: "localhost:37077"
startupRole: FOLLOWER
,id: "s1"
address: "localhost:38917"
dataStreamAddress: "localhost:45719"
clientAddress: "localhost:36975"
adminAddress: "localhost:40635"
startupRole: FOLLOWER
,id: "s2"
address: "localhost:35511"
dataStreamAddress: "localhost:38827"
clientAddress: "localhost:42865"
adminAddress: "localhost:36791"
startupRole: FOLLOWER
, old:), (t:2, i:1), STATEMACHINELOGENTRY, 0@client-2EFB324ADA71, (t:2, i:2), METADATAENTRY(c:1), (t:2, i:3), STATEMACHINELOGENTRY, 999@client-AE8279CAF820, (t:2, i:4), METADATAENTRY(c:3)]
2022-11-08 19:12:10,254 [s2-server-thread1] INFO  server.RaftServer$Division (RaftServerImpl.java:checkInconsistentAppendEntries(1592)) - s2@group-EA982605F2E5: Failed appendEntries as the first entry (index 0) already exists (snapshotIndex: -1, commitIndex: 0)
2022-11-08 19:12:10,254 [s2-server-thread1] INFO  server.RaftServer$Division (RaftServerImpl.java:checkInconsistentAppendEntries(1572)) - s2@group-EA982605F2E5: inconsistency entries. Reply:s1<-s2#2035:FAIL-t2,INCONSISTENCY,nextIndex=1,followerCommit=0,matchIndex=-1
2022-11-08 19:12:10,255 [grpc-default-executor-0] INFO  leader.FollowerInfo (FollowerInfoImpl.java:lambda$new$0(48)) - s1@group-EA982605F2E5->s2: nextIndex: updateUnconditionally 5 -> 1
2022-11-08 19:12:10,255 [s2-server-thread1] DEBUG server.RaftServer$Division (RaftServerImpl.java:logAppendEntries(1421)) - s2@group-EA982605F2E5: receive appendEntries(s1, 2, (t:2, i:0), 4, true, commits:[s1:c4, s0:c4, s2:c0], cId:2036, entries: [(t:2, i:1), STATEMACHINELOGENTRY, 0@client-2EFB324ADA71, (t:2, i:2), METADATAENTRY(c:1), (t:2, i:3), STATEMACHINELOGENTRY, 999@client-AE8279CAF820, (t:2, i:4), METADATAENTRY(c:3)]
2022-11-08 19:12:10,255 [s2-server-thread1] INFO  server.RaftServer$Division (RaftServerImpl.java:checkInconsistentAppendEntries(1602)) - s2@group-EA982605F2E5: Failed appendEntries as previous log entry ((t:2, i:0)) is not found
2022-11-08 19:12:10,255 [s2-server-thread1] INFO  server.RaftServer$Division (RaftServerImpl.java:checkInconsistentAppendEntries(1572)) - s2@group-EA982605F2E5: inconsistency entries. Reply:s1<-s2#2036:FAIL-t2,INCONSISTENCY,nextIndex=0,followerCommit=0,matchIndex=-1
2022-11-08 19:12:10,256 [grpc-default-executor-0] INFO  leader.FollowerInfo (FollowerInfoImpl.java:lambda$new$0(48)) - s1@group-EA982605F2E5->s2: nextIndex: updateUnconditionally 5 -> 0
2022-11-08 19:12:10,256 [s2-server-thread1] DEBUG server.RaftServer$Division (RaftServerImpl.java:logAppendEntries(1421)) - s2@group-EA982605F2E5: receive appendEntries(s1, 2, null, 4, true, commits:[s1:c4, s0:c4, s2:c0], cId:2037, entries: [(t:2, i:0), CONFIGURATIONENTRY(current:id: "s0"
address: "localhost:34297"
dataStreamAddress: "localhost:43983"
clientAddress: "localhost:39609"
adminAddress: "localhost:37077"
startupRole: FOLLOWER
,id: "s1"
address: "localhost:38917"
dataStreamAddress: "localhost:45719"
clientAddress: "localhost:36975"
adminAddress: "localhost:40635"
startupRole: FOLLOWER
,id: "s2"
address: "localhost:35511"
dataStreamAddress: "localhost:38827"
clientAddress: "localhost:42865"
adminAddress: "localhost:36791"
startupRole: FOLLOWER
, old:), (t:2, i:1), STATEMACHINELOGENTRY, 0@client-2EFB324ADA71, (t:2, i:2), METADATAENTRY(c:1), (t:2, i:3), STATEMACHINELOGENTRY, 999@client-AE8279CAF820, (t:2, i:4), METADATAENTRY(c:3)]
2022-11-08 19:12:10,256 [s2-server-thread1] INFO  server.RaftServer$Division (RaftServerImpl.java:checkInconsistentAppendEntries(1592)) - s2@group-EA982605F2E5: Failed appendEntries as the first entry (index 0) already exists (snapshotIndex: -1, commitIndex: 0)
2022-11-08 19:12:10,257 [s2-server-thread1] INFO  server.RaftServer$Division (RaftServerImpl.java:checkInconsistentAppendEntries(1572)) - s2@group-EA982605F2E5: inconsistency entries. Reply:s1<-s2#2037:FAIL-t2,INCONSISTENCY,nextIndex=1,followerCommit=0,matchIndex=-1
2022-11-08 19:12:10,257 [grpc-default-executor-0] INFO  leader.FollowerInfo (FollowerInfoImpl.java:lambda$new$0(48)) - s1@group-EA982605F2E5->s2: nextIndex: updateUnconditionally 5 -> 1
2022-11-08 19:12:10,257 [s2-server-thread1] DEBUG server.RaftServer$Division (RaftServerImpl.java:logAppendEntries(1421)) - s2@group-EA982605F2E5: receive appendEntries(s1, 2, (t:2, i:0), 4, true, commits:[s1:c4, s0:c4, s2:c0], cId:2038, entries: [(t:2, i:1), STATEMACHINELOGENTRY, 0@client-2EFB324ADA71, (t:2, i:2), METADATAENTRY(c:1), (t:2, i:3), STATEMACHINELOGENTRY, 999@client-AE8279CAF820, (t:2, i:4), METADATAENTRY(c:3)]
2022-11-08 19:12:10,258 [s2-server-thread1] INFO  server.RaftServer$Division (RaftServerImpl.java:checkInconsistentAppendEntries(1602)) - s2@group-EA982605F2E5: Failed appendEntries as previous log entry ((t:2, i:0)) is not found
2022-11-08 19:12:10,259 [s2-server-thread1] INFO  server.RaftServer$Division (RaftServerImpl.java:checkInconsistentAppendEntries(1572)) - s2@group-EA982605F2E5: inconsistency entries. Reply:s1<-s2#2038:FAIL-t2,INCONSISTENCY,nextIndex=0,followerCommit=0,matchIndex=-1
2022-11-08 19:12:10,261 [grpc-default-executor-0] INFO  leader.FollowerInfo (FollowerInfoImpl.java:lambda$new$0(48)) - s1@group-EA982605F2E5->s2: nextIndex: updateUnconditionally 5 -> 0
2022-11-08 19:12:10,262 [s2-server-thread1] DEBUG server.RaftServer$Division (RaftServerImpl.java:logAppendEntries(1421)) - s2@group-EA982605F2E5: receive appendEntries(s1, 2, null, 4, true, commits:[s1:c4, s0:c4, s2:c0], cId:2039, entries: [(t:2, i:0), CONFIGURATIONENTRY(current:id: "s0"
address: "localhost:34297"
dataStreamAddress: "localhost:43983"
clientAddress: "localhost:39609"
adminAddress: "localhost:37077"
startupRole: FOLLOWER
,id: "s1"
address: "localhost:38917"
dataStreamAddress: "localhost:45719"
clientAddress: "localhost:36975"
adminAddress: "localhost:40635"
startupRole: FOLLOWER
,id: "s2"
address: "localhost:35511"
dataStreamAddress: "localhost:38827"
clientAddress: "localhost:42865"
adminAddress: "localhost:36791"
startupRole: FOLLOWER
, old:), (t:2, i:1), STATEMACHINELOGENTRY, 0@client-2EFB324ADA71, (t:2, i:2), METADATAENTRY(c:1), (t:2, i:3), STATEMACHINELOGENTRY, 999@client-AE8279CAF820, (t:2, i:4), METADATAENTRY(c:3)]
2022-11-08 19:12:10,262 [s2-server-thread1] INFO  server.RaftServer$Division (RaftServerImpl.java:checkInconsistentAppendEntries(1592)) - s2@group-EA982605F2E5: Failed appendEntries as the first entry (index 0) already exists (snapshotIndex: -1, commitIndex: 0)
2022-11-08 19:12:10,262 [s2-server-thread1] INFO  server.RaftServer$Division (RaftServerImpl.java:checkInconsistentAppendEntries(1572)) - s2@group-EA982605F2E5: inconsistency entries. Reply:s1<-s2#2039:FAIL-t2,INCONSISTENCY,nextIndex=1,followerCommit=0,matchIndex=-1
2022-11-08 19:12:10,262 [grpc-default-executor-0] INFO  leader.FollowerInfo (FollowerInfoImpl.java:lambda$new$0(48)) - s1@group-EA982605F2E5->s2: nextIndex: updateUnconditionally 5 -> 1
2022-11-08 19:12:10,263 [s2-server-thread1] DEBUG server.RaftServer$Division (RaftServerImpl.java:logAppendEntries(1421)) - s2@group-EA982605F2E5: receive appendEntries(s1, 2, (t:2, i:0), 4, true, commits:[s1:c4, s0:c4, s2:c0], cId:2040, entries: [(t:2, i:1), STATEMACHINELOGENTRY, 0@client-2EFB324ADA71, (t:2, i:2), METADATAENTRY(c:1), (t:2, i:3), STATEMACHINELOGENTRY, 999@client-AE8279CAF820, (t:2, i:4), METADATAENTRY(c:3)]
2022-11-08 19:12:10,263 [s2-server-thread1] INFO  server.RaftServer$Division (RaftServerImpl.java:checkInconsistentAppendEntries(1602)) - s2@group-EA982605F2E5: Failed appendEntries as previous log entry ((t:2, i:0)) is not found
2022-11-08 19:12:10,263 [s2-server-thread1] INFO  server.RaftServer$Division (RaftServerImpl.java:checkInconsistentAppendEntries(1572)) - s2@group-EA982605F2E5: inconsistency entries. Reply:s1<-s2#2040:FAIL-t2,INCONSISTENCY,nextIndex=0,followerCommit=0,matchIndex=-1
2022-11-08 19:12:10,263 [grpc-default-executor-0] INFO  leader.FollowerInfo (FollowerInfoImpl.java:lambda$new$0(48)) - s1@group-EA982605F2E5->s2: nextIndex: updateUnconditionally 5 -> 0
2022-11-08 19:12:10,264 [s2-server-thread1] DEBUG server.RaftServer$Division (RaftServerImpl.java:logAppendEntries(1421)) - s2@group-EA982605F2E5: receive appendEntries(s1, 2, null, 4, true, commits:[s1:c4, s0:c4, s2:c0], cId:2041, entries: [(t:2, i:0), CONFIGURATIONENTRY(current:id: "s0"
address: "localhost:34297"
dataStreamAddress: "localhost:43983"
clientAddress: "localhost:39609"
adminAddress: "localhost:37077"
startupRole: FOLLOWER
,id: "s1"
address: "localhost:38917"
dataStreamAddress: "localhost:45719"
clientAddress: "localhost:36975"
adminAddress: "localhost:40635"
startupRole: FOLLOWER
,id: "s2"
address: "localhost:35511"
dataStreamAddress: "localhost:38827"
clientAddress: "localhost:42865"
adminAddress: "localhost:36791"
startupRole: FOLLOWER
, old:), (t:2, i:1), STATEMACHINELOGENTRY, 0@client-2EFB324ADA71, (t:2, i:2), METADATAENTRY(c:1), (t:2, i:3), STATEMACHINELOGENTRY, 999@client-AE8279CAF820, (t:2, i:4), METADATAENTRY(c:3)]
2022-11-08 19:12:10,264 [s2-server-thread1] INFO  server.RaftServer$Division (RaftServerImpl.java:checkInconsistentAppendEntries(1592)) - s2@group-EA982605F2E5: Failed appendEntries as the first entry (index 0) already exists (snapshotIndex: -1, commitIndex: 0)
2022-11-08 19:12:10,264 [s2-server-thread1] INFO  server.RaftServer$Division (RaftServerImpl.java:checkInconsistentAppendEntries(1572)) - s2@group-EA982605F2E5: inconsistency entries. Reply:s1<-s2#2041:FAIL-t2,INCONSISTENCY,nextIndex=1,followerCommit=0,matchIndex=-1
2022-11-08 19:12:10,264 [grpc-default-executor-0] INFO  leader.FollowerInfo (FollowerInfoImpl.java:lambda$new$0(48)) - s1@group-EA982605F2E5->s2: nextIndex: updateUnconditionally 5 -> 1
2022-11-08 19:12:10,265 [s2-server-thread1] DEBUG server.RaftServer$Division (RaftServerImpl.java:logAppendEntries(1421)) - s2@group-EA982605F2E5: receive appendEntries(s1, 2, (t:2, i:0), 4, true, commits:[s1:c4, s0:c4, s2:c0], cId:2042, entries: [(t:2, i:1), STATEMACHINELOGENTRY, 0@client-2EFB324ADA71, (t:2, i:2), METADATAENTRY(c:1), (t:2, i:3), STATEMACHINELOGENTRY, 999@client-AE8279CAF820, (t:2, i:4), METADATAENTRY(c:3)]
2022-11-08 19:12:10,265 [s2-server-thread1] INFO  server.RaftServer$Division (RaftServerImpl.java:checkInconsistentAppendEntries(1602)) - s2@group-EA982605F2E5: Failed appendEntries as previous log entry ((t:2, i:0)) is not found
2022-11-08 19:12:10,265 [s2-server-thread1] INFO  server.RaftServer$Division (RaftServerImpl.java:checkInconsistentAppendEntries(1572)) - s2@group-EA982605F2E5: inconsistency entries. Reply:s1<-s2#2042:FAIL-t2,INCONSISTENCY,nextIndex=0,followerCommit=0,matchIndex=-1
2022-11-08 19:12:10,265 [grpc-default-executor-0] INFO  leader.FollowerInfo (FollowerInfoImpl.java:lambda$new$0(48)) - s1@group-EA982605F2E5->s2: nextIndex: updateUnconditionally 5 -> 0
2022-11-08 19:12:10,266 [s2-server-thread1] DEBUG server.RaftServer$Division (RaftServerImpl.java:logAppendEntries(1421)) - s2@group-EA982605F2E5: receive appendEntries(s1, 2, null, 4, true, commits:[s1:c4, s0:c4, s2:c0], cId:2043, entries: [(t:2, i:0), CONFIGURATIONENTRY(current:id: "s0"
address: "localhost:34297"
dataStreamAddress: "localhost:43983"
clientAddress: "localhost:39609"
adminAddress: "localhost:37077"
startupRole: FOLLOWER
,id: "s1"
address: "localhost:38917"
dataStreamAddress: "localhost:45719"
clientAddress: "localhost:36975"
adminAddress: "localhost:40635"
startupRole: FOLLOWER
,id: "s2"
address: "localhost:35511"
dataStreamAddress: "localhost:38827"
clientAddress: "localhost:42865"
adminAddress: "localhost:36791"
startupRole: FOLLOWER
, old:), (t:2, i:1), STATEMACHINELOGENTRY, 0@client-2EFB324ADA71, (t:2, i:2), METADATAENTRY(c:1), (t:2, i:3), STATEMACHINELOGENTRY, 999@client-AE8279CAF820, (t:2, i:4), METADATAENTRY(c:3)]
2022-11-08 19:12:10,266 [s2-server-thread1] INFO  server.RaftServer$Division (RaftServerImpl.java:checkInconsistentAppendEntries(1592)) - s2@group-EA982605F2E5: Failed appendEntries as the first entry (index 0) already exists (snapshotIndex: -1, commitIndex: 0)
2022-11-08 19:12:10,266 [s2-server-thread1] INFO  server.RaftServer$Division (RaftServerImpl.java:checkInconsistentAppendEntries(1572)) - s2@group-EA982605F2E5: inconsistency entries. Reply:s1<-s2#2043:FAIL-t2,INCONSISTENCY,nextIndex=1,followerCommit=0,matchIndex=-1
2022-11-08 19:12:10,266 [grpc-default-executor-0] INFO  leader.FollowerInfo (FollowerInfoImpl.java:lambda$new$0(48)) - s1@group-EA982605F2E5->s2: nextIndex: updateUnconditionally 5 -> 1
2022-11-08 19:12:10,267 [s2-server-thread1] DEBUG server.RaftServer$Division (RaftServerImpl.java:logAppendEntries(1421)) - s2@group-EA982605F2E5: receive appendEntries(s1, 2, (t:2, i:0), 4, true, commits:[s1:c4, s0:c4, s2:c0], cId:2044, entries: [(t:2, i:1), STATEMACHINELOGENTRY, 0@client-2EFB324ADA71, (t:2, i:2), METADATAENTRY(c:1), (t:2, i:3), STATEMACHINELOGENTRY, 999@client-AE8279CAF820, (t:2, i:4), METADATAENTRY(c:3)]
2022-11-08 19:12:10,267 [s2-server-thread1] INFO  server.RaftServer$Division (RaftServerImpl.java:checkInconsistentAppendEntries(1602)) - s2@group-EA982605F2E5: Failed appendEntries as previous log entry ((t:2, i:0)) is not found
2022-11-08 19:12:10,267 [s2-server-thread1] INFO  server.RaftServer$Division (RaftServerImpl.java:checkInconsistentAppendEntries(1572)) - s2@group-EA982605F2E5: inconsistency entries. Reply:s1<-s2#2044:FAIL-t2,INCONSISTENCY,nextIndex=0,followerCommit=0,matchIndex=-1
2022-11-08 19:12:10,268 [grpc-default-executor-0] INFO  leader.FollowerInfo (FollowerInfoImpl.java:lambda$new$0(48)) - s1@group-EA982605F2E5->s2: nextIndex: updateUnconditionally 5 -> 0
2022-11-08 19:12:10,268 [s2-server-thread1] DEBUG server.RaftServer$Division (RaftServerImpl.java:logAppendEntries(1421)) - s2@group-EA982605F2E5: receive appendEntries(s1, 2, null, 4, true, commits:[s1:c4, s0:c4, s2:c0], cId:2045, entries: [(t:2, i:0), CONFIGURATIONENTRY(current:id: "s0"
address: "localhost:34297"
dataStreamAddress: "localhost:43983"
clientAddress: "localhost:39609"
adminAddress: "localhost:37077"
startupRole: FOLLOWER
,id: "s1"
address: "localhost:38917"
dataStreamAddress: "localhost:45719"
clientAddress: "localhost:36975"
adminAddress: "localhost:40635"
startupRole: FOLLOWER
,id: "s2"
address: "localhost:35511"
dataStreamAddress: "localhost:38827"
clientAddress: "localhost:42865"
adminAddress: "localhost:36791"
startupRole: FOLLOWER
, old:), (t:2, i:1), STATEMACHINELOGENTRY, 0@client-2EFB324ADA71, (t:2, i:2), METADATAENTRY(c:1), (t:2, i:3), STATEMACHINELOGENTRY, 999@client-AE8279CAF820, (t:2, i:4), METADATAENTRY(c:3)]
2022-11-08 19:12:10,269 [s2-server-thread1] INFO  server.RaftServer$Division (RaftServerImpl.java:checkInconsistentAppendEntries(1592)) - s2@group-EA982605F2E5: Failed appendEntries as the first entry (index 0) already exists (snapshotIndex: -1, commitIndex: 0)
2022-11-08 19:12:10,269 [s2-server-thread1] INFO  server.RaftServer$Division (RaftServerImpl.java:checkInconsistentAppendEntries(1572)) - s2@group-EA982605F2E5: inconsistency entries. Reply:s1<-s2#2045:FAIL-t2,INCONSISTENCY,nextIndex=1,followerCommit=0,matchIndex=-1
2022-11-08 19:12:10,269 [grpc-default-executor-0] INFO  leader.FollowerInfo (FollowerInfoImpl.java:lambda$new$0(48)) - s1@group-EA982605F2E5->s2: nextIndex: updateUnconditionally 5 -> 1
2022-11-08 19:12:10,269 [s2-server-thread1] DEBUG server.RaftServer$Division (RaftServerImpl.java:logAppendEntries(1421)) - s2@group-EA982605F2E5: receive appendEntries(s1, 2, (t:2, i:0), 4, true, commits:[s1:c4, s0:c4, s2:c0], cId:2046, entries: [(t:2, i:1), STATEMACHINELOGENTRY, 0@client-2EFB324ADA71, (t:2, i:2), METADATAENTRY(c:1), (t:2, i:3), STATEMACHINELOGENTRY, 999@client-AE8279CAF820, (t:2, i:4), METADATAENTRY(c:3)]
2022-11-08 19:12:10,270 [s2-server-thread1] INFO  server.RaftServer$Division (RaftServerImpl.java:checkInconsistentAppendEntries(1602)) - s2@group-EA982605F2E5: Failed appendEntries as previous log entry ((t:2, i:0)) is not found
2022-11-08 19:12:10,270 [s2-server-thread1] INFO  server.RaftServer$Division (RaftServerImpl.java:checkInconsistentAppendEntries(1572)) - s2@group-EA982605F2E5: inconsistency entries. Reply:s1<-s2#2046:FAIL-t2,INCONSISTENCY,nextIndex=0,followerCommit=0,matchIndex=-1
2022-11-08 19:12:10,270 [grpc-default-executor-0] INFO  leader.FollowerInfo (FollowerInfoImpl.java:lambda$new$0(48)) - s1@group-EA982605F2E5->s2: nextIndex: updateUnconditionally 5 -> 0
2022-11-08 19:12:10,271 [s2-server-thread1] DEBUG server.RaftServer$Division (RaftServerImpl.java:logAppendEntries(1421)) - s2@group-EA982605F2E5: receive appendEntries(s1, 2, null, 4, true, commits:[s1:c4, s0:c4, s2:c0], cId:2047, entries: [(t:2, i:0), CONFIGURATIONENTRY(current:id: "s0"
address: "localhost:34297"
dataStreamAddress: "localhost:43983"
clientAddress: "localhost:39609"
adminAddress: "localhost:37077"
startupRole: FOLLOWER
,id: "s1"
address: "localhost:38917"
dataStreamAddress: "localhost:45719"
clientAddress: "localhost:36975"
adminAddress: "localhost:40635"
startupRole: FOLLOWER
,id: "s2"
address: "localhost:35511"
dataStreamAddress: "localhost:38827"
clientAddress: "localhost:42865"
adminAddress: "localhost:36791"
startupRole: FOLLOWER
, old:), (t:2, i:1), STATEMACHINELOGENTRY, 0@client-2EFB324ADA71, (t:2, i:2), METADATAENTRY(c:1), (t:2, i:3), STATEMACHINELOGENTRY, 999@client-AE8279CAF820, (t:2, i:4), METADATAENTRY(c:3)]
2022-11-08 19:12:10,271 [s2-server-thread1] INFO  server.RaftServer$Division (RaftServerImpl.java:checkInconsistentAppendEntries(1592)) - s2@group-EA982605F2E5: Failed appendEntries as the first entry (index 0) already exists (snapshotIndex: -1, commitIndex: 0)
2022-11-08 19:12:10,271 [s2-server-thread1] INFO  server.RaftServer$Division (RaftServerImpl.java:checkInconsistentAppendEntries(1572)) - s2@group-EA982605F2E5: inconsistency entries. Reply:s1<-s2#2047:FAIL-t2,INCONSISTENCY,nextIndex=1,followerCommit=0,matchIndex=-1
2022-11-08 19:12:10,271 [grpc-default-executor-0] INFO  leader.FollowerInfo (FollowerInfoImpl.java:lambda$new$0(48)) - s1@group-EA982605F2E5->s2: nextIndex: updateUnconditionally 5 -> 1
2022-11-08 19:12:10,272 [s2-server-thread1] DEBUG server.RaftServer$Division (RaftServerImpl.java:logAppendEntries(1421)) - s2@group-EA982605F2E5: receive appendEntries(s1, 2, (t:2, i:0), 4, true, commits:[s1:c4, s0:c4, s2:c0], cId:2048, entries: [(t:2, i:1), STATEMACHINELOGENTRY, 0@client-2EFB324ADA71, (t:2, i:2), METADATAENTRY(c:1), (t:2, i:3), STATEMACHINELOGENTRY, 999@client-AE8279CAF820, (t:2, i:4), METADATAENTRY(c:3)]
2022-11-08 19:12:10,272 [s2-server-thread1] INFO  server.RaftServer$Division (RaftServerImpl.java:checkInconsistentAppendEntries(1602)) - s2@group-EA982605F2E5: Failed appendEntries as previous log entry ((t:2, i:0)) is not found
2022-11-08 19:12:10,272 [s2-server-thread1] INFO  server.RaftServer$Division (RaftServerImpl.java:checkInconsistentAppendEntries(1572)) - s2@group-EA982605F2E5: inconsistency entries. Reply:s1<-s2#2048:FAIL-t2,INCONSISTENCY,nextIndex=0,followerCommit=0,matchIndex=-1
2022-11-08 19:12:10,272 [grpc-default-executor-0] INFO  leader.FollowerInfo (FollowerInfoImpl.java:lambda$new$0(48)) - s1@group-EA982605F2E5->s2: nextIndex: updateUnconditionally 5 -> 0
2022-11-08 19:12:10,273 [s2-server-thread1] DEBUG server.RaftServer$Division (RaftServerImpl.java:logAppendEntries(1421)) - s2@group-EA982605F2E5: receive appendEntries(s1, 2, null, 4, true, commits:[s1:c4, s0:c4, s2:c0], cId:2049, entries: [(t:2, i:0), CONFIGURATIONENTRY(current:id: "s0"
address: "localhost:34297"
dataStreamAddress: "localhost:43983"
clientAddress: "localhost:39609"
adminAddress: "localhost:37077"
startupRole: FOLLOWER
,id: "s1"
address: "localhost:38917"
dataStreamAddress: "localhost:45719"
clientAddress: "localhost:36975"
adminAddress: "localhost:40635"
startupRole: FOLLOWER
,id: "s2"
address: "localhost:35511"
dataStreamAddress: "localhost:38827"
clientAddress: "localhost:42865"
adminAddress: "localhost:36791"
startupRole: FOLLOWER
, old:), (t:2, i:1), STATEMACHINELOGENTRY, 0@client-2EFB324ADA71, (t:2, i:2), METADATAENTRY(c:1), (t:2, i:3), STATEMACHINELOGENTRY, 999@client-AE8279CAF820, (t:2, i:4), METADATAENTRY(c:3)]
2022-11-08 19:12:10,273 [s2-server-thread1] INFO  server.RaftServer$Division (RaftServerImpl.java:checkInconsistentAppendEntries(1592)) - s2@group-EA982605F2E5: Failed appendEntries as the first entry (index 0) already exists (snapshotIndex: -1, commitIndex: 0)
2022-11-08 19:12:10,274 [s2-server-thread1] INFO  server.RaftServer$Division (RaftServerImpl.java:checkInconsistentAppendEntries(1572)) - s2@group-EA982605F2E5: inconsistency entries. Reply:s1<-s2#2049:FAIL-t2,INCONSISTENCY,nextIndex=1,followerCommit=0,matchIndex=-1
2022-11-08 19:12:10,274 [grpc-default-executor-0] INFO  leader.FollowerInfo (FollowerInfoImpl.java:lambda$new$0(48)) - s1@group-EA982605F2E5->s2: nextIndex: updateUnconditionally 5 -> 1
2022-11-08 19:12:10,274 [s2-server-thread1] DEBUG server.RaftServer$Division (RaftServerImpl.java:logAppendEntries(1421)) - s2@group-EA982605F2E5: receive appendEntries(s1, 2, (t:2, i:0), 4, true, commits:[s1:c4, s0:c4, s2:c0], cId:2050, entries: [(t:2, i:1), STATEMACHINELOGENTRY, 0@client-2EFB324ADA71, (t:2, i:2), METADATAENTRY(c:1), (t:2, i:3), STATEMACHINELOGENTRY, 999@client-AE8279CAF820, (t:2, i:4), METADATAENTRY(c:3)]
2022-11-08 19:12:10,275 [s2-server-thread1] INFO  server.RaftServer$Division (RaftServerImpl.java:checkInconsistentAppendEntries(1602)) - s2@group-EA982605F2E5: Failed appendEntries as previous log entry ((t:2, i:0)) is not found
2022-11-08 19:12:10,275 [s2-server-thread1] INFO  server.RaftServer$Division (RaftServerImpl.java:checkInconsistentAppendEntries(1572)) - s2@group-EA982605F2E5: inconsistency entries. Reply:s1<-s2#2050:FAIL-t2,INCONSISTENCY,nextIndex=0,followerCommit=0,matchIndex=-1
2022-11-08 19:12:10,275 [grpc-default-executor-0] INFO  leader.FollowerInfo (FollowerInfoImpl.java:lambda$new$0(48)) - s1@group-EA982605F2E5->s2: nextIndex: updateUnconditionally 5 -> 0
2022-11-08 19:12:10,276 [s2-server-thread1] DEBUG server.RaftServer$Division (RaftServerImpl.java:logAppendEntries(1421)) - s2@group-EA982605F2E5: receive appendEntries(s1, 2, null, 4, true, commits:[s1:c4, s0:c4, s2:c0], cId:2051, entries: [(t:2, i:0), CONFIGURATIONENTRY(current:id: "s0"
address: "localhost:34297"
dataStreamAddress: "localhost:43983"
clientAddress: "localhost:39609"
adminAddress: "localhost:37077"
startupRole: FOLLOWER
,id: "s1"
address: "localhost:38917"
dataStreamAddress: "localhost:45719"
clientAddress: "localhost:36975"
adminAddress: "localhost:40635"
startupRole: FOLLOWER
,id: "s2"
address: "localhost:35511"
dataStreamAddress: "localhost:38827"
clientAddress: "localhost:42865"
adminAddress: "localhost:36791"
startupRole: FOLLOWER
, old:), (t:2, i:1), STATEMACHINELOGENTRY, 0@client-2EFB324ADA71, (t:2, i:2), METADATAENTRY(c:1), (t:2, i:3), STATEMACHINELOGENTRY, 999@client-AE8279CAF820, (t:2, i:4), METADATAENTRY(c:3)]
2022-11-08 19:12:10,276 [s2-server-thread1] INFO  server.RaftServer$Division (RaftServerImpl.java:checkInconsistentAppendEntries(1592)) - s2@group-EA982605F2E5: Failed appendEntries as the first entry (index 0) already exists (snapshotIndex: -1, commitIndex: 0)
2022-11-08 19:12:10,276 [s2-server-thread1] INFO  server.RaftServer$Division (RaftServerImpl.java:checkInconsistentAppendEntries(1572)) - s2@group-EA982605F2E5: inconsistency entries. Reply:s1<-s2#2051:FAIL-t2,INCONSISTENCY,nextIndex=1,followerCommit=0,matchIndex=-1
2022-11-08 19:12:10,276 [grpc-default-executor-0] INFO  leader.FollowerInfo (FollowerInfoImpl.java:lambda$new$0(48)) - s1@group-EA982605F2E5->s2: nextIndex: updateUnconditionally 5 -> 1
2022-11-08 19:12:10,277 [s2-server-thread1] DEBUG server.RaftServer$Division (RaftServerImpl.java:logAppendEntries(1421)) - s2@group-EA982605F2E5: receive appendEntries(s1, 2, (t:2, i:0), 4, true, commits:[s1:c4, s0:c4, s2:c0], cId:2052, entries: [(t:2, i:1), STATEMACHINELOGENTRY, 0@client-2EFB324ADA71, (t:2, i:2), METADATAENTRY(c:1), (t:2, i:3), STATEMACHINELOGENTRY, 999@client-AE8279CAF820, (t:2, i:4), METADATAENTRY(c:3)]
2022-11-08 19:12:10,277 [s2-server-thread1] INFO  server.RaftServer$Division (RaftServerImpl.java:checkInconsistentAppendEntries(1602)) - s2@group-EA982605F2E5: Failed appendEntries as previous log entry ((t:2, i:0)) is not found
2022-11-08 19:12:10,277 [s2-server-thread1] INFO  server.RaftServer$Division (RaftServerImpl.java:checkInconsistentAppendEntries(1572)) - s2@group-EA982605F2E5: inconsistency entries. Reply:s1<-s2#2052:FAIL-t2,INCONSISTENCY,nextIndex=0,followerCommit=0,matchIndex=-1
2022-11-08 19:12:10,278 [grpc-default-executor-0] INFO  leader.FollowerInfo (FollowerInfoImpl.java:lambda$new$0(48)) - s1@group-EA982605F2E5->s2: nextIndex: updateUnconditionally 5 -> 0
2022-11-08 19:12:10,279 [s2-server-thread1] DEBUG server.RaftServer$Division (RaftServerImpl.java:logAppendEntries(1421)) - s2@group-EA982605F2E5: receive appendEntries(s1, 2, null, 4, true, commits:[s1:c4, s0:c4, s2:c0], cId:2053, entries: [(t:2, i:0), CONFIGURATIONENTRY(current:id: "s0"
address: "localhost:34297"
dataStreamAddress: "localhost:43983"
clientAddress: "localhost:39609"
adminAddress: "localhost:37077"
startupRole: FOLLOWER
,id: "s1"
address: "localhost:38917"
dataStreamAddress: "localhost:45719"
clientAddress: "localhost:36975"
adminAddress: "localhost:40635"
startupRole: FOLLOWER
,id: "s2"
address: "localhost:35511"
dataStreamAddress: "localhost:38827"
clientAddress: "localhost:42865"
adminAddress: "localhost:36791"
startupRole: FOLLOWER
, old:), (t:2, i:1), STATEMACHINELOGENTRY, 0@client-2EFB324ADA71, (t:2, i:2), METADATAENTRY(c:1), (t:2, i:3), STATEMACHINELOGENTRY, 999@client-AE8279CAF820, (t:2, i:4), METADATAENTRY(c:3)]
2022-11-08 19:12:10,279 [s2-server-thread1] INFO  server.RaftServer$Division (RaftServerImpl.java:checkInconsistentAppendEntries(1592)) - s2@group-EA982605F2E5: Failed appendEntries as the first entry (index 0) already exists (snapshotIndex: -1, commitIndex: 0)
2022-11-08 19:12:10,279 [s2-server-thread1] INFO  server.RaftServer$Division (RaftServerImpl.java:checkInconsistentAppendEntries(1572)) - s2@group-EA982605F2E5: inconsistency entries. Reply:s1<-s2#2053:FAIL-t2,INCONSISTENCY,nextIndex=1,followerCommit=0,matchIndex=-1
2022-11-08 19:12:10,280 [grpc-default-executor-0] INFO  leader.FollowerInfo (FollowerInfoImpl.java:lambda$new$0(48)) - s1@group-EA982605F2E5->s2: nextIndex: updateUnconditionally 5 -> 1
2022-11-08 19:12:10,281 [s2-server-thread1] DEBUG server.RaftServer$Division (RaftServerImpl.java:logAppendEntries(1421)) - s2@group-EA982605F2E5: receive appendEntries(s1, 2, (t:2, i:0), 4, true, commits:[s1:c4, s0:c4, s2:c0], cId:2054, entries: [(t:2, i:1), STATEMACHINELOGENTRY, 0@client-2EFB324ADA71, (t:2, i:2), METADATAENTRY(c:1), (t:2, i:3), STATEMACHINELOGENTRY, 999@client-AE8279CAF820, (t:2, i:4), METADATAENTRY(c:3)]
2022-11-08 19:12:10,281 [s2-server-thread1] INFO  server.RaftServer$Division (RaftServerImpl.java:checkInconsistentAppendEntries(1602)) - s2@group-EA982605F2E5: Failed appendEntries as previous log entry ((t:2, i:0)) is not found
2022-11-08 19:12:10,281 [s2-server-thread1] INFO  server.RaftServer$Division (RaftServerImpl.java:checkInconsistentAppendEntries(1572)) - s2@group-EA982605F2E5: inconsistency entries. Reply:s1<-s2#2054:FAIL-t2,INCONSISTENCY,nextIndex=0,followerCommit=0,matchIndex=-1
2022-11-08 19:12:10,282 [grpc-default-executor-0] INFO  leader.FollowerInfo (FollowerInfoImpl.java:lambda$new$0(48)) - s1@group-EA982605F2E5->s2: nextIndex: updateUnconditionally 5 -> 0
2022-11-08 19:12:10,283 [s2-server-thread1] DEBUG server.RaftServer$Division (RaftServerImpl.java:logAppendEntries(1421)) - s2@group-EA982605F2E5: receive appendEntries(s1, 2, null, 4, true, commits:[s1:c4, s0:c4, s2:c0], cId:2055, entries: [(t:2, i:0), CONFIGURATIONENTRY(current:id: "s0"
address: "localhost:34297"
dataStreamAddress: "localhost:43983"
clientAddress: "localhost:39609"
adminAddress: "localhost:37077"
startupRole: FOLLOWER
,id: "s1"
address: "localhost:38917"
dataStreamAddress: "localhost:45719"
clientAddress: "localhost:36975"
adminAddress: "localhost:40635"
startupRole: FOLLOWER
,id: "s2"
address: "localhost:35511"
dataStreamAddress: "localhost:38827"
clientAddress: "localhost:42865"
adminAddress: "localhost:36791"
startupRole: FOLLOWER
, old:), (t:2, i:1), STATEMACHINELOGENTRY, 0@client-2EFB324ADA71, (t:2, i:2), METADATAENTRY(c:1), (t:2, i:3), STATEMACHINELOGENTRY, 999@client-AE8279CAF820, (t:2, i:4), METADATAENTRY(c:3)]
2022-11-08 19:12:10,283 [s2-server-thread1] INFO  server.RaftServer$Division (RaftServerImpl.java:checkInconsistentAppendEntries(1592)) - s2@group-EA982605F2E5: Failed appendEntries as the first entry (index 0) already exists (snapshotIndex: -1, commitIndex: 0)
2022-11-08 19:12:10,283 [s2-server-thread1] INFO  server.RaftServer$Division (RaftServerImpl.java:checkInconsistentAppendEntries(1572)) - s2@group-EA982605F2E5: inconsistency entries. Reply:s1<-s2#2055:FAIL-t2,INCONSISTENCY,nextIndex=1,followerCommit=0,matchIndex=-1
2022-11-08 19:12:10,283 [grpc-default-executor-0] INFO  leader.FollowerInfo (FollowerInfoImpl.java:lambda$new$0(48)) - s1@group-EA982605F2E5->s2: nextIndex: updateUnconditionally 5 -> 1
2022-11-08 19:12:10,284 [s2-server-thread1] DEBUG server.RaftServer$Division (RaftServerImpl.java:logAppendEntries(1421)) - s2@group-EA982605F2E5: receive appendEntries(s1, 2, (t:2, i:0), 4, true, commits:[s1:c4, s0:c4, s2:c0], cId:2056, entries: [(t:2, i:1), STATEMACHINELOGENTRY, 0@client-2EFB324ADA71, (t:2, i:2), METADATAENTRY(c:1), (t:2, i:3), STATEMACHINELOGENTRY, 999@client-AE8279CAF820, (t:2, i:4), METADATAENTRY(c:3)]
2022-11-08 19:12:10,284 [s2-server-thread1] INFO  server.RaftServer$Division (RaftServerImpl.java:checkInconsistentAppendEntries(1602)) - s2@group-EA982605F2E5: Failed appendEntries as previous log entry ((t:2, i:0)) is not found
2022-11-08 19:12:10,284 [s2-server-thread1] INFO  server.RaftServer$Division (RaftServerImpl.java:checkInconsistentAppendEntries(1572)) - s2@group-EA982605F2E5: inconsistency entries. Reply:s1<-s2#2056:FAIL-t2,INCONSISTENCY,nextIndex=0,followerCommit=0,matchIndex=-1
2022-11-08 19:12:10,285 [grpc-default-executor-0] INFO  leader.FollowerInfo (FollowerInfoImpl.java:lambda$new$0(48)) - s1@group-EA982605F2E5->s2: nextIndex: updateUnconditionally 5 -> 0
2022-11-08 19:12:10,285 [s2-server-thread1] DEBUG server.RaftServer$Division (RaftServerImpl.java:logAppendEntries(1421)) - s2@group-EA982605F2E5: receive appendEntries(s1, 2, null, 4, true, commits:[s1:c4, s0:c4, s2:c0], cId:2057, entries: [(t:2, i:0), CONFIGURATIONENTRY(current:id: "s0"
address: "localhost:34297"
dataStreamAddress: "localhost:43983"
clientAddress: "localhost:39609"
adminAddress: "localhost:37077"
startupRole: FOLLOWER
,id: "s1"
address: "localhost:38917"
dataStreamAddress: "localhost:45719"
clientAddress: "localhost:36975"
adminAddress: "localhost:40635"
startupRole: FOLLOWER
,id: "s2"
address: "localhost:35511"
dataStreamAddress: "localhost:38827"
clientAddress: "localhost:42865"
adminAddress: "localhost:36791"
startupRole: FOLLOWER
, old:), (t:2, i:1), STATEMACHINELOGENTRY, 0@client-2EFB324ADA71, (t:2, i:2), METADATAENTRY(c:1), (t:2, i:3), STATEMACHINELOGENTRY, 999@client-AE8279CAF820, (t:2, i:4), METADATAENTRY(c:3)]
2022-11-08 19:12:10,285 [s2-server-thread1] INFO  server.RaftServer$Division (RaftServerImpl.java:checkInconsistentAppendEntries(1592)) - s2@group-EA982605F2E5: Failed appendEntries as the first entry (index 0) already exists (snapshotIndex: -1, commitIndex: 0)
2022-11-08 19:12:10,285 [s2-server-thread1] INFO  server.RaftServer$Division (RaftServerImpl.java:checkInconsistentAppendEntries(1572)) - s2@group-EA982605F2E5: inconsistency entries. Reply:s1<-s2#2057:FAIL-t2,INCONSISTENCY,nextIndex=1,followerCommit=0,matchIndex=-1
2022-11-08 19:12:10,286 [grpc-default-executor-0] INFO  leader.FollowerInfo (FollowerInfoImpl.java:lambda$new$0(48)) - s1@group-EA982605F2E5->s2: nextIndex: updateUnconditionally 5 -> 1
2022-11-08 19:12:10,286 [s2-server-thread1] DEBUG server.RaftServer$Division (RaftServerImpl.java:logAppendEntries(1421)) - s2@group-EA982605F2E5: receive appendEntries(s1, 2, (t:2, i:0), 4, true, commits:[s1:c4, s0:c4, s2:c0], cId:2058, entries: [(t:2, i:1), STATEMACHINELOGENTRY, 0@client-2EFB324ADA71, (t:2, i:2), METADATAENTRY(c:1), (t:2, i:3), STATEMACHINELOGENTRY, 999@client-AE8279CAF820, (t:2, i:4), METADATAENTRY(c:3)]
2022-11-08 19:12:10,286 [s2-server-thread1] INFO  server.RaftServer$Division (RaftServerImpl.java:checkInconsistentAppendEntries(1602)) - s2@group-EA982605F2E5: Failed appendEntries as previous log entry ((t:2, i:0)) is not found
2022-11-08 19:12:10,286 [s2-server-thread1] INFO  server.RaftServer$Division (RaftServerImpl.java:checkInconsistentAppendEntries(1572)) - s2@group-EA982605F2E5: inconsistency entries. Reply:s1<-s2#2058:FAIL-t2,INCONSISTENCY,nextIndex=0,followerCommit=0,matchIndex=-1
2022-11-08 19:12:10,287 [grpc-default-executor-0] INFO  leader.FollowerInfo (FollowerInfoImpl.java:lambda$new$0(48)) - s1@group-EA982605F2E5->s2: nextIndex: updateUnconditionally 5 -> 0
2022-11-08 19:12:10,287 [s2-server-thread1] DEBUG server.RaftServer$Division (RaftServerImpl.java:logAppendEntries(1421)) - s2@group-EA982605F2E5: receive appendEntries(s1, 2, null, 4, true, commits:[s1:c4, s0:c4, s2:c0], cId:2059, entries: [(t:2, i:0), CONFIGURATIONENTRY(current:id: "s0"
address: "localhost:34297"
dataStreamAddress: "localhost:43983"
clientAddress: "localhost:39609"
adminAddress: "localhost:37077"
startupRole: FOLLOWER
,id: "s1"
address: "localhost:38917"
dataStreamAddress: "localhost:45719"
clientAddress: "localhost:36975"
adminAddress: "localhost:40635"
startupRole: FOLLOWER
,id: "s2"
address: "localhost:35511"
dataStreamAddress: "localhost:38827"
clientAddress: "localhost:42865"
adminAddress: "localhost:36791"
startupRole: FOLLOWER
, old:), (t:2, i:1), STATEMACHINELOGENTRY, 0@client-2EFB324ADA71, (t:2, i:2), METADATAENTRY(c:1), (t:2, i:3), STATEMACHINELOGENTRY, 999@client-AE8279CAF820, (t:2, i:4), METADATAENTRY(c:3)]
2022-11-08 19:12:10,287 [s2-server-thread1] INFO  server.RaftServer$Division (RaftServerImpl.java:checkInconsistentAppendEntries(1592)) - s2@group-EA982605F2E5: Failed appendEntries as the first entry (index 0) already exists (snapshotIndex: -1, commitIndex: 0)
2022-11-08 19:12:10,288 [s2-server-thread1] INFO  server.RaftServer$Division (RaftServerImpl.java:checkInconsistentAppendEntries(1572)) - s2@group-EA982605F2E5: inconsistency entries. Reply:s1<-s2#2059:FAIL-t2,INCONSISTENCY,nextIndex=1,followerCommit=0,matchIndex=-1
2022-11-08 19:12:10,288 [grpc-default-executor-0] INFO  leader.FollowerInfo (FollowerInfoImpl.java:lambda$new$0(48)) - s1@group-EA982605F2E5->s2: nextIndex: updateUnconditionally 5 -> 1
2022-11-08 19:12:10,289 [s2-server-thread1] DEBUG server.RaftServer$Division (RaftServerImpl.java:logAppendEntries(1421)) - s2@group-EA982605F2E5: receive appendEntries(s1, 2, (t:2, i:0), 4, true, commits:[s1:c4, s0:c4, s2:c0], cId:2060, entries: [(t:2, i:1), STATEMACHINELOGENTRY, 0@client-2EFB324ADA71, (t:2, i:2), METADATAENTRY(c:1), (t:2, i:3), STATEMACHINELOGENTRY, 999@client-AE8279CAF820, (t:2, i:4), METADATAENTRY(c:3)]
2022-11-08 19:12:10,289 [s2-server-thread1] INFO  server.RaftServer$Division (RaftServerImpl.java:checkInconsistentAppendEntries(1602)) - s2@group-EA982605F2E5: Failed appendEntries as previous log entry ((t:2, i:0)) is not found
2022-11-08 19:12:10,289 [s2-server-thread1] INFO  server.RaftServer$Division (RaftServerImpl.java:checkInconsistentAppendEntries(1572)) - s2@group-EA982605F2E5: inconsistency entries. Reply:s1<-s2#2060:FAIL-t2,INCONSISTENCY,nextIndex=0,followerCommit=0,matchIndex=-1
2022-11-08 19:12:10,289 [grpc-default-executor-0] INFO  leader.FollowerInfo (FollowerInfoImpl.java:lambda$new$0(48)) - s1@group-EA982605F2E5->s2: nextIndex: updateUnconditionally 5 -> 0
2022-11-08 19:12:10,290 [s2-server-thread1] DEBUG server.RaftServer$Division (RaftServerImpl.java:logAppendEntries(1421)) - s2@group-EA982605F2E5: receive appendEntries(s1, 2, null, 4, true, commits:[s1:c4, s0:c4, s2:c0], cId:2061, entries: [(t:2, i:0), CONFIGURATIONENTRY(current:id: "s0"
address: "localhost:34297"
dataStreamAddress: "localhost:43983"
clientAddress: "localhost:39609"
adminAddress: "localhost:37077"
startupRole: FOLLOWER
,id: "s1"
address: "localhost:38917"
dataStreamAddress: "localhost:45719"
clientAddress: "localhost:36975"
adminAddress: "localhost:40635"
startupRole: FOLLOWER
,id: "s2"
address: "localhost:35511"
dataStreamAddress: "localhost:38827"
clientAddress: "localhost:42865"
adminAddress: "localhost:36791"
startupRole: FOLLOWER
, old:), (t:2, i:1), STATEMACHINELOGENTRY, 0@client-2EFB324ADA71, (t:2, i:2), METADATAENTRY(c:1), (t:2, i:3), STATEMACHINELOGENTRY, 999@client-AE8279CAF820, (t:2, i:4), METADATAENTRY(c:3)]
2022-11-08 19:12:10,290 [s2-server-thread1] INFO  server.RaftServer$Division (RaftServerImpl.java:checkInconsistentAppendEntries(1592)) - s2@group-EA982605F2E5: Failed appendEntries as the first entry (index 0) already exists (snapshotIndex: -1, commitIndex: 0)
2022-11-08 19:12:10,290 [s2-server-thread1] INFO  server.RaftServer$Division (RaftServerImpl.java:checkInconsistentAppendEntries(1572)) - s2@group-EA982605F2E5: inconsistency entries. Reply:s1<-s2#2061:FAIL-t2,INCONSISTENCY,nextIndex=1,followerCommit=0,matchIndex=-1
2022-11-08 19:12:10,291 [grpc-default-executor-0] INFO  leader.FollowerInfo (FollowerInfoImpl.java:lambda$new$0(48)) - s1@group-EA982605F2E5->s2: nextIndex: updateUnconditionally 5 -> 1
2022-11-08 19:12:10,291 [s2-server-thread1] DEBUG server.RaftServer$Division (RaftServerImpl.java:logAppendEntries(1421)) - s2@group-EA982605F2E5: receive appendEntries(s1, 2, (t:2, i:0), 4, true, commits:[s1:c4, s0:c4, s2:c0], cId:2062, entries: [(t:2, i:1), STATEMACHINELOGENTRY, 0@client-2EFB324ADA71, (t:2, i:2), METADATAENTRY(c:1), (t:2, i:3), STATEMACHINELOGENTRY, 999@client-AE8279CAF820, (t:2, i:4), METADATAENTRY(c:3)]
2022-11-08 19:12:10,291 [s2-server-thread1] INFO  server.RaftServer$Division (RaftServerImpl.java:checkInconsistentAppendEntries(1602)) - s2@group-EA982605F2E5: Failed appendEntries as previous log entry ((t:2, i:0)) is not found
2022-11-08 19:12:10,291 [s2-server-thread1] INFO  server.RaftServer$Division (RaftServerImpl.java:checkInconsistentAppendEntries(1572)) - s2@group-EA982605F2E5: inconsistency entries. Reply:s1<-s2#2062:FAIL-t2,INCONSISTENCY,nextIndex=0,followerCommit=0,matchIndex=-1
2022-11-08 19:12:10,292 [grpc-default-executor-0] INFO  leader.FollowerInfo (FollowerInfoImpl.java:lambda$new$0(48)) - s1@group-EA982605F2E5->s2: nextIndex: updateUnconditionally 5 -> 0
2022-11-08 19:12:10,292 [s2-server-thread1] DEBUG server.RaftServer$Division (RaftServerImpl.java:logAppendEntries(1421)) - s2@group-EA982605F2E5: receive appendEntries(s1, 2, null, 4, true, commits:[s1:c4, s0:c4, s2:c0], cId:2063, entries: [(t:2, i:0), CONFIGURATIONENTRY(current:id: "s0"
address: "localhost:34297"
dataStreamAddress: "localhost:43983"
clientAddress: "localhost:39609"
adminAddress: "localhost:37077"
startupRole: FOLLOWER
,id: "s1"
address: "localhost:38917"
dataStreamAddress: "localhost:45719"
clientAddress: "localhost:36975"
adminAddress: "localhost:40635"
startupRole: FOLLOWER
,id: "s2"
address: "localhost:35511"
dataStreamAddress: "localhost:38827"
clientAddress: "localhost:42865"
adminAddress: "localhost:36791"
startupRole: FOLLOWER
, old:), (t:2, i:1), STATEMACHINELOGENTRY, 0@client-2EFB324ADA71, (t:2, i:2), METADATAENTRY(c:1), (t:2, i:3), STATEMACHINELOGENTRY, 999@client-AE8279CAF820, (t:2, i:4), METADATAENTRY(c:3)]
2022-11-08 19:12:10,292 [s2-server-thread1] INFO  server.RaftServer$Division (RaftServerImpl.java:checkInconsistentAppendEntries(1592)) - s2@group-EA982605F2E5: Failed appendEntries as the first entry (index 0) already exists (snapshotIndex: -1, commitIndex: 0)
2022-11-08 19:12:10,293 [s2-server-thread1] INFO  server.RaftServer$Division (RaftServerImpl.java:checkInconsistentAppendEntries(1572)) - s2@group-EA982605F2E5: inconsistency entries. Reply:s1<-s2#2063:FAIL-t2,INCONSISTENCY,nextIndex=1,followerCommit=0,matchIndex=-1
2022-11-08 19:12:10,293 [grpc-default-executor-0] INFO  leader.FollowerInfo (FollowerInfoImpl.java:lambda$new$0(48)) - s1@group-EA982605F2E5->s2: nextIndex: updateUnconditionally 5 -> 1
2022-11-08 19:12:10,293 [s2-server-thread1] DEBUG server.RaftServer$Division (RaftServerImpl.java:logAppendEntries(1421)) - s2@group-EA982605F2E5: receive appendEntries(s1, 2, (t:2, i:0), 4, true, commits:[s1:c4, s0:c4, s2:c0], cId:2064, entries: [(t:2, i:1), STATEMACHINELOGENTRY, 0@client-2EFB324ADA71, (t:2, i:2), METADATAENTRY(c:1), (t:2, i:3), STATEMACHINELOGENTRY, 999@client-AE8279CAF820, (t:2, i:4), METADATAENTRY(c:3)]
2022-11-08 19:12:10,293 [s2-server-thread1] INFO  server.RaftServer$Division (RaftServerImpl.java:checkInconsistentAppendEntries(1602)) - s2@group-EA982605F2E5: Failed appendEntries as previous log entry ((t:2, i:0)) is not found
2022-11-08 19:12:10,294 [s2-server-thread1] INFO  server.RaftServer$Division (RaftServerImpl.java:checkInconsistentAppendEntries(1572)) - s2@group-EA982605F2E5: inconsistency entries. Reply:s1<-s2#2064:FAIL-t2,INCONSISTENCY,nextIndex=0,followerCommit=0,matchIndex=-1
2022-11-08 19:12:10,294 [grpc-default-executor-0] INFO  leader.FollowerInfo (FollowerInfoImpl.java:lambda$new$0(48)) - s1@group-EA982605F2E5->s2: nextIndex: updateUnconditionally 5 -> 0
2022-11-08 19:12:10,295 [s2-server-thread1] DEBUG server.RaftServer$Division (RaftServerImpl.java:logAppendEntries(1421)) - s2@group-EA982605F2E5: receive appendEntries(s1, 2, null, 4, true, commits:[s1:c4, s0:c4, s2:c0], cId:2065, entries: [(t:2, i:0), CONFIGURATIONENTRY(current:id: "s0"
address: "localhost:34297"
dataStreamAddress: "localhost:43983"
clientAddress: "localhost:39609"
adminAddress: "localhost:37077"
startupRole: FOLLOWER
,id: "s1"
address: "localhost:38917"
dataStreamAddress: "localhost:45719"
clientAddress: "localhost:36975"
adminAddress: "localhost:40635"
startupRole: FOLLOWER
,id: "s2"
address: "localhost:35511"
dataStreamAddress: "localhost:38827"
clientAddress: "localhost:42865"
adminAddress: "localhost:36791"
startupRole: FOLLOWER
, old:), (t:2, i:1), STATEMACHINELOGENTRY, 0@client-2EFB324ADA71, (t:2, i:2), METADATAENTRY(c:1), (t:2, i:3), STATEMACHINELOGENTRY, 999@client-AE8279CAF820, (t:2, i:4), METADATAENTRY(c:3)]
2022-11-08 19:12:10,295 [s2-server-thread1] INFO  server.RaftServer$Division (RaftServerImpl.java:checkInconsistentAppendEntries(1592)) - s2@group-EA982605F2E5: Failed appendEntries as the first entry (index 0) already exists (snapshotIndex: -1, commitIndex: 0)
2022-11-08 19:12:10,295 [s2-server-thread1] INFO  server.RaftServer$Division (RaftServerImpl.java:checkInconsistentAppendEntries(1572)) - s2@group-EA982605F2E5: inconsistency entries. Reply:s1<-s2#2065:FAIL-t2,INCONSISTENCY,nextIndex=1,followerCommit=0,matchIndex=-1
2022-11-08 19:12:10,295 [grpc-default-executor-0] INFO  leader.FollowerInfo (FollowerInfoImpl.java:lambda$new$0(48)) - s1@group-EA982605F2E5->s2: nextIndex: updateUnconditionally 5 -> 1
2022-11-08 19:12:10,296 [s2-server-thread1] DEBUG server.RaftServer$Division (RaftServerImpl.java:logAppendEntries(1421)) - s2@group-EA982605F2E5: receive appendEntries(s1, 2, (t:2, i:0), 4, true, commits:[s1:c4, s0:c4, s2:c0], cId:2066, entries: [(t:2, i:1), STATEMACHINELOGENTRY, 0@client-2EFB324ADA71, (t:2, i:2), METADATAENTRY(c:1), (t:2, i:3), STATEMACHINELOGENTRY, 999@client-AE8279CAF820, (t:2, i:4), METADATAENTRY(c:3)]
2022-11-08 19:12:10,296 [s2-server-thread1] INFO  server.RaftServer$Division (RaftServerImpl.java:checkInconsistentAppendEntries(1602)) - s2@group-EA982605F2E5: Failed appendEntries as previous log entry ((t:2, i:0)) is not found
2022-11-08 19:12:10,296 [s2-server-thread1] INFO  server.RaftServer$Division (RaftServerImpl.java:checkInconsistentAppendEntries(1572)) - s2@group-EA982605F2E5: inconsistency entries. Reply:s1<-s2#2066:FAIL-t2,INCONSISTENCY,nextIndex=0,followerCommit=0,matchIndex=-1
2022-11-08 19:12:10,296 [grpc-default-executor-0] INFO  leader.FollowerInfo (FollowerInfoImpl.java:lambda$new$0(48)) - s1@group-EA982605F2E5->s2: nextIndex: updateUnconditionally 5 -> 0
2022-11-08 19:12:10,297 [s2-server-thread1] DEBUG server.RaftServer$Division (RaftServerImpl.java:logAppendEntries(1421)) - s2@group-EA982605F2E5: receive appendEntries(s1, 2, null, 4, true, commits:[s1:c4, s0:c4, s2:c0], cId:2067, entries: [(t:2, i:0), CONFIGURATIONENTRY(current:id: "s0"
address: "localhost:34297"
dataStreamAddress: "localhost:43983"
clientAddress: "localhost:39609"
adminAddress: "localhost:37077"
startupRole: FOLLOWER
,id: "s1"
address: "localhost:38917"
dataStreamAddress: "localhost:45719"
clientAddress: "localhost:36975"
adminAddress: "localhost:40635"
startupRole: FOLLOWER
,id: "s2"
address: "localhost:35511"
dataStreamAddress: "localhost:38827"
clientAddress: "localhost:42865"
adminAddress: "localhost:36791"
startupRole: FOLLOWER
, old:), (t:2, i:1), STATEMACHINELOGENTRY, 0@client-2EFB324ADA71, (t:2, i:2), METADATAENTRY(c:1), (t:2, i:3), STATEMACHINELOGENTRY, 999@client-AE8279CAF820, (t:2, i:4), METADATAENTRY(c:3)]
2022-11-08 19:12:10,297 [s2-server-thread1] INFO  server.RaftServer$Division (RaftServerImpl.java:checkInconsistentAppendEntries(1592)) - s2@group-EA982605F2E5: Failed appendEntries as the first entry (index 0) already exists (snapshotIndex: -1, commitIndex: 0)
2022-11-08 19:12:10,297 [s2-server-thread1] INFO  server.RaftServer$Division (RaftServerImpl.java:checkInconsistentAppendEntries(1572)) - s2@group-EA982605F2E5: inconsistency entries. Reply:s1<-s2#2067:FAIL-t2,INCONSISTENCY,nextIndex=1,followerCommit=0,matchIndex=-1
2022-11-08 19:12:10,301 [grpc-default-executor-0] INFO  leader.FollowerInfo (FollowerInfoImpl.java:lambda$new$0(48)) - s1@group-EA982605F2E5->s2: nextIndex: updateUnconditionally 5 -> 1
2022-11-08 19:12:10,302 [s2-server-thread1] DEBUG server.RaftServer$Division (RaftServerImpl.java:logAppendEntries(1421)) - s2@group-EA982605F2E5: receive appendEntries(s1, 2, (t:2, i:0), 4, true, commits:[s1:c4, s0:c4, s2:c0], cId:2068, entries: [(t:2, i:1), STATEMACHINELOGENTRY, 0@client-2EFB324ADA71, (t:2, i:2), METADATAENTRY(c:1), (t:2, i:3), STATEMACHINELOGENTRY, 999@client-AE8279CAF820, (t:2, i:4), METADATAENTRY(c:3)]
2022-11-08 19:12:10,302 [s2-server-thread1] INFO  server.RaftServer$Division (RaftServerImpl.java:checkInconsistentAppendEntries(1602)) - s2@group-EA982605F2E5: Failed appendEntries as previous log entry ((t:2, i:0)) is not found
2022-11-08 19:12:10,302 [s2-server-thread1] INFO  server.RaftServer$Division (RaftServerImpl.java:checkInconsistentAppendEntries(1572)) - s2@group-EA982605F2E5: inconsistency entries. Reply:s1<-s2#2068:FAIL-t2,INCONSISTENCY,nextIndex=0,followerCommit=0,matchIndex=-1
2022-11-08 19:12:10,302 [grpc-default-executor-0] INFO  leader.FollowerInfo (FollowerInfoImpl.java:lambda$new$0(48)) - s1@group-EA982605F2E5->s2: nextIndex: updateUnconditionally 5 -> 0
2022-11-08 19:12:10,303 [s2-server-thread1] DEBUG server.RaftServer$Division (RaftServerImpl.java:logAppendEntries(1421)) - s2@group-EA982605F2E5: receive appendEntries(s1, 2, null, 4, true, commits:[s1:c4, s0:c4, s2:c0], cId:2069, entries: [(t:2, i:0), CONFIGURATIONENTRY(current:id: "s0"
address: "localhost:34297"
dataStreamAddress: "localhost:43983"
clientAddress: "localhost:39609"
adminAddress: "localhost:37077"
startupRole: FOLLOWER
,id: "s1"
address: "localhost:38917"
dataStreamAddress: "localhost:45719"
clientAddress: "localhost:36975"
adminAddress: "localhost:40635"
startupRole: FOLLOWER
,id: "s2"
address: "localhost:35511"
dataStreamAddress: "localhost:38827"
clientAddress: "localhost:42865"
adminAddress: "localhost:36791"
startupRole: FOLLOWER
, old:), (t:2, i:1), STATEMACHINELOGENTRY, 0@client-2EFB324ADA71, (t:2, i:2), METADATAENTRY(c:1), (t:2, i:3), STATEMACHINELOGENTRY, 999@client-AE8279CAF820, (t:2, i:4), METADATAENTRY(c:3)]
2022-11-08 19:12:10,303 [s2-server-thread1] INFO  server.RaftServer$Division (RaftServerImpl.java:checkInconsistentAppendEntries(1592)) - s2@group-EA982605F2E5: Failed appendEntries as the first entry (index 0) already exists (snapshotIndex: -1, commitIndex: 0)
2022-11-08 19:12:10,303 [s2-server-thread1] INFO  server.RaftServer$Division (RaftServerImpl.java:checkInconsistentAppendEntries(1572)) - s2@group-EA982605F2E5: inconsistency entries. Reply:s1<-s2#2069:FAIL-t2,INCONSISTENCY,nextIndex=1,followerCommit=0,matchIndex=-1
2022-11-08 19:12:10,304 [grpc-default-executor-0] INFO  leader.FollowerInfo (FollowerInfoImpl.java:lambda$new$0(48)) - s1@group-EA982605F2E5->s2: nextIndex: updateUnconditionally 5 -> 1
2022-11-08 19:12:10,305 [s2-server-thread1] DEBUG server.RaftServer$Division (RaftServerImpl.java:logAppendEntries(1421)) - s2@group-EA982605F2E5: receive appendEntries(s1, 2, (t:2, i:0), 4, true, commits:[s1:c4, s0:c4, s2:c0], cId:2070, entries: [(t:2, i:1), STATEMACHINELOGENTRY, 0@client-2EFB324ADA71, (t:2, i:2), METADATAENTRY(c:1), (t:2, i:3), STATEMACHINELOGENTRY, 999@client-AE8279CAF820, (t:2, i:4), METADATAENTRY(c:3)]
2022-11-08 19:12:10,305 [s2-server-thread1] INFO  server.RaftServer$Division (RaftServerImpl.java:checkInconsistentAppendEntries(1602)) - s2@group-EA982605F2E5: Failed appendEntries as previous log entry ((t:2, i:0)) is not found
2022-11-08 19:12:10,305 [s2-server-thread1] INFO  server.RaftServer$Division (RaftServerImpl.java:checkInconsistentAppendEntries(1572)) - s2@group-EA982605F2E5: inconsistency entries. Reply:s1<-s2#2070:FAIL-t2,INCONSISTENCY,nextIndex=0,followerCommit=0,matchIndex=-1
2022-11-08 19:12:10,306 [grpc-default-executor-0] INFO  leader.FollowerInfo (FollowerInfoImpl.java:lambda$new$0(48)) - s1@group-EA982605F2E5->s2: nextIndex: updateUnconditionally 5 -> 0
2022-11-08 19:12:10,306 [s2-server-thread1] DEBUG server.RaftServer$Division (RaftServerImpl.java:logAppendEntries(1421)) - s2@group-EA982605F2E5: receive appendEntries(s1, 2, null, 4, true, commits:[s1:c4, s0:c4, s2:c0], cId:2071, entries: [(t:2, i:0), CONFIGURATIONENTRY(current:id: "s0"
address: "localhost:34297"
dataStreamAddress: "localhost:43983"
clientAddress: "localhost:39609"
adminAddress: "localhost:37077"
startupRole: FOLLOWER
,id: "s1"
address: "localhost:38917"
dataStreamAddress: "localhost:45719"
clientAddress: "localhost:36975"
adminAddress: "localhost:40635"
startupRole: FOLLOWER
,id: "s2"
address: "localhost:35511"
dataStreamAddress: "localhost:38827"
clientAddress: "localhost:42865"
adminAddress: "localhost:36791"
startupRole: FOLLOWER
, old:), (t:2, i:1), STATEMACHINELOGENTRY, 0@client-2EFB324ADA71, (t:2, i:2), METADATAENTRY(c:1), (t:2, i:3), STATEMACHINELOGENTRY, 999@client-AE8279CAF820, (t:2, i:4), METADATAENTRY(c:3)]
2022-11-08 19:12:10,306 [s2-server-thread1] INFO  server.RaftServer$Division (RaftServerImpl.java:checkInconsistentAppendEntries(1592)) - s2@group-EA982605F2E5: Failed appendEntries as the first entry (index 0) already exists (snapshotIndex: -1, commitIndex: 0)
2022-11-08 19:12:10,306 [s2-server-thread1] INFO  server.RaftServer$Division (RaftServerImpl.java:checkInconsistentAppendEntries(1572)) - s2@group-EA982605F2E5: inconsistency entries. Reply:s1<-s2#2071:FAIL-t2,INCONSISTENCY,nextIndex=1,followerCommit=0,matchIndex=-1
2022-11-08 19:12:10,307 [grpc-default-executor-0] INFO  leader.FollowerInfo (FollowerInfoImpl.java:lambda$new$0(48)) - s1@group-EA982605F2E5->s2: nextIndex: updateUnconditionally 5 -> 1
2022-11-08 19:12:10,307 [s2-server-thread1] DEBUG server.RaftServer$Division (RaftServerImpl.java:logAppendEntries(1421)) - s2@group-EA982605F2E5: receive appendEntries(s1, 2, (t:2, i:0), 4, true, commits:[s1:c4, s0:c4, s2:c0], cId:2072, entries: [(t:2, i:1), STATEMACHINELOGENTRY, 0@client-2EFB324ADA71, (t:2, i:2), METADATAENTRY(c:1), (t:2, i:3), STATEMACHINELOGENTRY, 999@client-AE8279CAF820, (t:2, i:4), METADATAENTRY(c:3)]
2022-11-08 19:12:10,307 [s2-server-thread1] INFO  server.RaftServer$Division (RaftServerImpl.java:checkInconsistentAppendEntries(1602)) - s2@group-EA982605F2E5: Failed appendEntries as previous log entry ((t:2, i:0)) is not found
2022-11-08 19:12:10,307 [s2-server-thread1] INFO  server.RaftServer$Division (RaftServerImpl.java:checkInconsistentAppendEntries(1572)) - s2@group-EA982605F2E5: inconsistency entries. Reply:s1<-s2#2072:FAIL-t2,INCONSISTENCY,nextIndex=0,followerCommit=0,matchIndex=-1
2022-11-08 19:12:10,308 [grpc-default-executor-0] INFO  leader.FollowerInfo (FollowerInfoImpl.java:lambda$new$0(48)) - s1@group-EA982605F2E5->s2: nextIndex: updateUnconditionally 5 -> 0
2022-11-08 19:12:10,310 [s2-server-thread1] DEBUG server.RaftServer$Division (RaftServerImpl.java:logAppendEntries(1421)) - s2@group-EA982605F2E5: receive appendEntries(s1, 2, null, 4, true, commits:[s1:c4, s0:c4, s2:c0], cId:2073, entries: [(t:2, i:0), CONFIGURATIONENTRY(current:id: "s0"
address: "localhost:34297"
dataStreamAddress: "localhost:43983"
clientAddress: "localhost:39609"
adminAddress: "localhost:37077"
startupRole: FOLLOWER
,id: "s1"
address: "localhost:38917"
dataStreamAddress: "localhost:45719"
clientAddress: "localhost:36975"
adminAddress: "localhost:40635"
startupRole: FOLLOWER
,id: "s2"
address: "localhost:35511"
dataStreamAddress: "localhost:38827"
clientAddress: "localhost:42865"
adminAddress: "localhost:36791"
startupRole: FOLLOWER
, old:), (t:2, i:1), STATEMACHINELOGENTRY, 0@client-2EFB324ADA71, (t:2, i:2), METADATAENTRY(c:1), (t:2, i:3), STATEMACHINELOGENTRY, 999@client-AE8279CAF820, (t:2, i:4), METADATAENTRY(c:3)]
2022-11-08 19:12:10,310 [s2-server-thread1] INFO  server.RaftServer$Division (RaftServerImpl.java:checkInconsistentAppendEntries(1592)) - s2@group-EA982605F2E5: Failed appendEntries as the first entry (index 0) already exists (snapshotIndex: -1, commitIndex: 0)
2022-11-08 19:12:10,310 [s2-server-thread1] INFO  server.RaftServer$Division (RaftServerImpl.java:checkInconsistentAppendEntries(1572)) - s2@group-EA982605F2E5: inconsistency entries. Reply:s1<-s2#2073:FAIL-t2,INCONSISTENCY,nextIndex=1,followerCommit=0,matchIndex=-1
2022-11-08 19:12:10,310 [grpc-default-executor-0] INFO  leader.FollowerInfo (FollowerInfoImpl.java:lambda$new$0(48)) - s1@group-EA982605F2E5->s2: nextIndex: updateUnconditionally 5 -> 1
2022-11-08 19:12:10,311 [s2-server-thread1] DEBUG server.RaftServer$Division (RaftServerImpl.java:logAppendEntries(1421)) - s2@group-EA982605F2E5: receive appendEntries(s1, 2, (t:2, i:0), 4, true, commits:[s1:c4, s0:c4, s2:c0], cId:2074, entries: [(t:2, i:1), STATEMACHINELOGENTRY, 0@client-2EFB324ADA71, (t:2, i:2), METADATAENTRY(c:1), (t:2, i:3), STATEMACHINELOGENTRY, 999@client-AE8279CAF820, (t:2, i:4), METADATAENTRY(c:3)]
2022-11-08 19:12:10,311 [s2-server-thread1] INFO  server.RaftServer$Division (RaftServerImpl.java:checkInconsistentAppendEntries(1602)) - s2@group-EA982605F2E5: Failed appendEntries as previous log entry ((t:2, i:0)) is not found
2022-11-08 19:12:10,311 [s2-server-thread1] INFO  server.RaftServer$Division (RaftServerImpl.java:checkInconsistentAppendEntries(1572)) - s2@group-EA982605F2E5: inconsistency entries. Reply:s1<-s2#2074:FAIL-t2,INCONSISTENCY,nextIndex=0,followerCommit=0,matchIndex=-1
2022-11-08 19:12:10,312 [grpc-default-executor-0] INFO  leader.FollowerInfo (FollowerInfoImpl.java:lambda$new$0(48)) - s1@group-EA982605F2E5->s2: nextIndex: updateUnconditionally 5 -> 0
2022-11-08 19:12:10,312 [s2-server-thread1] DEBUG server.RaftServer$Division (RaftServerImpl.java:logAppendEntries(1421)) - s2@group-EA982605F2E5: receive appendEntries(s1, 2, null, 4, true, commits:[s1:c4, s0:c4, s2:c0], cId:2075, entries: [(t:2, i:0), CONFIGURATIONENTRY(current:id: "s0"
address: "localhost:34297"
dataStreamAddress: "localhost:43983"
clientAddress: "localhost:39609"
adminAddress: "localhost:37077"
startupRole: FOLLOWER
,id: "s1"
address: "localhost:38917"
dataStreamAddress: "localhost:45719"
clientAddress: "localhost:36975"
adminAddress: "localhost:40635"
startupRole: FOLLOWER
,id: "s2"
address: "localhost:35511"
dataStreamAddress: "localhost:38827"
clientAddress: "localhost:42865"
adminAddress: "localhost:36791"
startupRole: FOLLOWER
, old:), (t:2, i:1), STATEMACHINELOGENTRY, 0@client-2EFB324ADA71, (t:2, i:2), METADATAENTRY(c:1), (t:2, i:3), STATEMACHINELOGENTRY, 999@client-AE8279CAF820, (t:2, i:4), METADATAENTRY(c:3)]
2022-11-08 19:12:10,312 [s2-server-thread1] INFO  server.RaftServer$Division (RaftServerImpl.java:checkInconsistentAppendEntries(1592)) - s2@group-EA982605F2E5: Failed appendEntries as the first entry (index 0) already exists (snapshotIndex: -1, commitIndex: 0)
2022-11-08 19:12:10,312 [s2-server-thread1] INFO  server.RaftServer$Division (RaftServerImpl.java:checkInconsistentAppendEntries(1572)) - s2@group-EA982605F2E5: inconsistency entries. Reply:s1<-s2#2075:FAIL-t2,INCONSISTENCY,nextIndex=1,followerCommit=0,matchIndex=-1
2022-11-08 19:12:10,313 [grpc-default-executor-0] INFO  leader.FollowerInfo (FollowerInfoImpl.java:lambda$new$0(48)) - s1@group-EA982605F2E5->s2: nextIndex: updateUnconditionally 5 -> 1
2022-11-08 19:12:10,313 [s2-server-thread1] DEBUG server.RaftServer$Division (RaftServerImpl.java:logAppendEntries(1421)) - s2@group-EA982605F2E5: receive appendEntries(s1, 2, (t:2, i:0), 4, true, commits:[s1:c4, s0:c4, s2:c0], cId:2076, entries: [(t:2, i:1), STATEMACHINELOGENTRY, 0@client-2EFB324ADA71, (t:2, i:2), METADATAENTRY(c:1), (t:2, i:3), STATEMACHINELOGENTRY, 999@client-AE8279CAF820, (t:2, i:4), METADATAENTRY(c:3)]
2022-11-08 19:12:10,313 [s2-server-thread1] INFO  server.RaftServer$Division (RaftServerImpl.java:checkInconsistentAppendEntries(1602)) - s2@group-EA982605F2E5: Failed appendEntries as previous log entry ((t:2, i:0)) is not found
2022-11-08 19:12:10,314 [s2-server-thread1] INFO  server.RaftServer$Division (RaftServerImpl.java:checkInconsistentAppendEntries(1572)) - s2@group-EA982605F2E5: inconsistency entries. Reply:s1<-s2#2076:FAIL-t2,INCONSISTENCY,nextIndex=0,followerCommit=0,matchIndex=-1
2022-11-08 19:12:10,314 [grpc-default-executor-0] INFO  leader.FollowerInfo (FollowerInfoImpl.java:lambda$new$0(48)) - s1@group-EA982605F2E5->s2: nextIndex: updateUnconditionally 5 -> 0
2022-11-08 19:12:10,314 [s2-server-thread1] DEBUG server.RaftServer$Division (RaftServerImpl.java:logAppendEntries(1421)) - s2@group-EA982605F2E5: receive appendEntries(s1, 2, null, 4, true, commits:[s1:c4, s0:c4, s2:c0], cId:2077, entries: [(t:2, i:0), CONFIGURATIONENTRY(current:id: "s0"
address: "localhost:34297"
dataStreamAddress: "localhost:43983"
clientAddress: "localhost:39609"
adminAddress: "localhost:37077"
startupRole: FOLLOWER
,id: "s1"
address: "localhost:38917"
dataStreamAddress: "localhost:45719"
clientAddress: "localhost:36975"
adminAddress: "localhost:40635"
startupRole: FOLLOWER
,id: "s2"
address: "localhost:35511"
dataStreamAddress: "localhost:38827"
clientAddress: "localhost:42865"
adminAddress: "localhost:36791"
startupRole: FOLLOWER
, old:), (t:2, i:1), STATEMACHINELOGENTRY, 0@client-2EFB324ADA71, (t:2, i:2), METADATAENTRY(c:1), (t:2, i:3), STATEMACHINELOGENTRY, 999@client-AE8279CAF820, (t:2, i:4), METADATAENTRY(c:3)]
2022-11-08 19:12:10,315 [s2-server-thread1] INFO  server.RaftServer$Division (RaftServerImpl.java:checkInconsistentAppendEntries(1592)) - s2@group-EA982605F2E5: Failed appendEntries as the first entry (index 0) already exists (snapshotIndex: -1, commitIndex: 0)
2022-11-08 19:12:10,315 [s2-server-thread1] INFO  server.RaftServer$Division (RaftServerImpl.java:checkInconsistentAppendEntries(1572)) - s2@group-EA982605F2E5: inconsistency entries. Reply:s1<-s2#2077:FAIL-t2,INCONSISTENCY,nextIndex=1,followerCommit=0,matchIndex=-1
2022-11-08 19:12:10,315 [grpc-default-executor-0] INFO  leader.FollowerInfo (FollowerInfoImpl.java:lambda$new$0(48)) - s1@group-EA982605F2E5->s2: nextIndex: updateUnconditionally 5 -> 1
2022-11-08 19:12:10,315 [s2-server-thread1] DEBUG server.RaftServer$Division (RaftServerImpl.java:logAppendEntries(1421)) - s2@group-EA982605F2E5: receive appendEntries(s1, 2, (t:2, i:0), 4, true, commits:[s1:c4, s0:c4, s2:c0], cId:2078, entries: [(t:2, i:1), STATEMACHINELOGENTRY, 0@client-2EFB324ADA71, (t:2, i:2), METADATAENTRY(c:1), (t:2, i:3), STATEMACHINELOGENTRY, 999@client-AE8279CAF820, (t:2, i:4), METADATAENTRY(c:3)]
2022-11-08 19:12:10,316 [s2-server-thread1] INFO  server.RaftServer$Division (RaftServerImpl.java:checkInconsistentAppendEntries(1602)) - s2@group-EA982605F2E5: Failed appendEntries as previous log entry ((t:2, i:0)) is not found
2022-11-08 19:12:10,316 [s2-server-thread1] INFO  server.RaftServer$Division (RaftServerImpl.java:checkInconsistentAppendEntries(1572)) - s2@group-EA982605F2E5: inconsistency entries. Reply:s1<-s2#2078:FAIL-t2,INCONSISTENCY,nextIndex=0,followerCommit=0,matchIndex=-1
2022-11-08 19:12:10,316 [grpc-default-executor-0] INFO  leader.FollowerInfo (FollowerInfoImpl.java:lambda$new$0(48)) - s1@group-EA982605F2E5->s2: nextIndex: updateUnconditionally 5 -> 0
2022-11-08 19:12:10,317 [s2-server-thread1] DEBUG server.RaftServer$Division (RaftServerImpl.java:logAppendEntries(1421)) - s2@group-EA982605F2E5: receive appendEntries(s1, 2, null, 4, true, commits:[s1:c4, s0:c4, s2:c0], cId:2079, entries: [(t:2, i:0), CONFIGURATIONENTRY(current:id: "s0"
address: "localhost:34297"
dataStreamAddress: "localhost:43983"
clientAddress: "localhost:39609"
adminAddress: "localhost:37077"
startupRole: FOLLOWER
,id: "s1"
address: "localhost:38917"
dataStreamAddress: "localhost:45719"
clientAddress: "localhost:36975"
adminAddress: "localhost:40635"
startupRole: FOLLOWER
,id: "s2"
address: "localhost:35511"
dataStreamAddress: "localhost:38827"
clientAddress: "localhost:42865"
adminAddress: "localhost:36791"
startupRole: FOLLOWER
, old:), (t:2, i:1), STATEMACHINELOGENTRY, 0@client-2EFB324ADA71, (t:2, i:2), METADATAENTRY(c:1), (t:2, i:3), STATEMACHINELOGENTRY, 999@client-AE8279CAF820, (t:2, i:4), METADATAENTRY(c:3)]
2022-11-08 19:12:10,317 [s2-server-thread1] INFO  server.RaftServer$Division (RaftServerImpl.java:checkInconsistentAppendEntries(1592)) - s2@group-EA982605F2E5: Failed appendEntries as the first entry (index 0) already exists (snapshotIndex: -1, commitIndex: 0)
2022-11-08 19:12:10,317 [s2-server-thread1] INFO  server.RaftServer$Division (RaftServerImpl.java:checkInconsistentAppendEntries(1572)) - s2@group-EA982605F2E5: inconsistency entries. Reply:s1<-s2#2079:FAIL-t2,INCONSISTENCY,nextIndex=1,followerCommit=0,matchIndex=-1
2022-11-08 19:12:10,317 [grpc-default-executor-0] INFO  leader.FollowerInfo (FollowerInfoImpl.java:lambda$new$0(48)) - s1@group-EA982605F2E5->s2: nextIndex: updateUnconditionally 5 -> 1
2022-11-08 19:12:10,318 [s2-server-thread1] DEBUG server.RaftServer$Division (RaftServerImpl.java:logAppendEntries(1421)) - s2@group-EA982605F2E5: receive appendEntries(s1, 2, (t:2, i:0), 4, true, commits:[s1:c4, s0:c4, s2:c0], cId:2080, entries: [(t:2, i:1), STATEMACHINELOGENTRY, 0@client-2EFB324ADA71, (t:2, i:2), METADATAENTRY(c:1), (t:2, i:3), STATEMACHINELOGENTRY, 999@client-AE8279CAF820, (t:2, i:4), METADATAENTRY(c:3)]
2022-11-08 19:12:10,318 [s2-server-thread1] INFO  server.RaftServer$Division (RaftServerImpl.java:checkInconsistentAppendEntries(1602)) - s2@group-EA982605F2E5: Failed appendEntries as previous log entry ((t:2, i:0)) is not found
2022-11-08 19:12:10,318 [s2-server-thread1] INFO  server.RaftServer$Division (RaftServerImpl.java:checkInconsistentAppendEntries(1572)) - s2@group-EA982605F2E5: inconsistency entries. Reply:s1<-s2#2080:FAIL-t2,INCONSISTENCY,nextIndex=0,followerCommit=0,matchIndex=-1
2022-11-08 19:12:10,319 [grpc-default-executor-0] INFO  leader.FollowerInfo (FollowerInfoImpl.java:lambda$new$0(48)) - s1@group-EA982605F2E5->s2: nextIndex: updateUnconditionally 5 -> 0
2022-11-08 19:12:10,319 [s2-server-thread1] DEBUG server.RaftServer$Division (RaftServerImpl.java:logAppendEntries(1421)) - s2@group-EA982605F2E5: receive appendEntries(s1, 2, null, 4, true, commits:[s1:c4, s0:c4, s2:c0], cId:2081, entries: [(t:2, i:0), CONFIGURATIONENTRY(current:id: "s0"
address: "localhost:34297"
dataStreamAddress: "localhost:43983"
clientAddress: "localhost:39609"
adminAddress: "localhost:37077"
startupRole: FOLLOWER
,id: "s1"
address: "localhost:38917"
dataStreamAddress: "localhost:45719"
clientAddress: "localhost:36975"
adminAddress: "localhost:40635"
startupRole: FOLLOWER
,id: "s2"
address: "localhost:35511"
dataStreamAddress: "localhost:38827"
clientAddress: "localhost:42865"
adminAddress: "localhost:36791"
startupRole: FOLLOWER
, old:), (t:2, i:1), STATEMACHINELOGENTRY, 0@client-2EFB324ADA71, (t:2, i:2), METADATAENTRY(c:1), (t:2, i:3), STATEMACHINELOGENTRY, 999@client-AE8279CAF820, (t:2, i:4), METADATAENTRY(c:3)]
2022-11-08 19:12:10,319 [s2-server-thread1] INFO  server.RaftServer$Division (RaftServerImpl.java:checkInconsistentAppendEntries(1592)) - s2@group-EA982605F2E5: Failed appendEntries as the first entry (index 0) already exists (snapshotIndex: -1, commitIndex: 0)
2022-11-08 19:12:10,319 [s2-server-thread1] INFO  server.RaftServer$Division (RaftServerImpl.java:checkInconsistentAppendEntries(1572)) - s2@group-EA982605F2E5: inconsistency entries. Reply:s1<-s2#2081:FAIL-t2,INCONSISTENCY,nextIndex=1,followerCommit=0,matchIndex=-1
2022-11-08 19:12:10,320 [grpc-default-executor-0] INFO  leader.FollowerInfo (FollowerInfoImpl.java:lambda$new$0(48)) - s1@group-EA982605F2E5->s2: nextIndex: updateUnconditionally 5 -> 1
2022-11-08 19:12:10,320 [s2-server-thread1] DEBUG server.RaftServer$Division (RaftServerImpl.java:logAppendEntries(1421)) - s2@group-EA982605F2E5: receive appendEntries(s1, 2, (t:2, i:0), 4, true, commits:[s1:c4, s0:c4, s2:c0], cId:2082, entries: [(t:2, i:1), STATEMACHINELOGENTRY, 0@client-2EFB324ADA71, (t:2, i:2), METADATAENTRY(c:1), (t:2, i:3), STATEMACHINELOGENTRY, 999@client-AE8279CAF820, (t:2, i:4), METADATAENTRY(c:3)]
2022-11-08 19:12:10,320 [s2-server-thread1] INFO  server.RaftServer$Division (RaftServerImpl.java:checkInconsistentAppendEntries(1602)) - s2@group-EA982605F2E5: Failed appendEntries as previous log entry ((t:2, i:0)) is not found
2022-11-08 19:12:10,320 [s2-server-thread1] INFO  server.RaftServer$Division (RaftServerImpl.java:checkInconsistentAppendEntries(1572)) - s2@group-EA982605F2E5: inconsistency entries. Reply:s1<-s2#2082:FAIL-t2,INCONSISTENCY,nextIndex=0,followerCommit=0,matchIndex=-1
2022-11-08 19:12:10,321 [grpc-default-executor-0] INFO  leader.FollowerInfo (FollowerInfoImpl.java:lambda$new$0(48)) - s1@group-EA982605F2E5->s2: nextIndex: updateUnconditionally 5 -> 0
2022-11-08 19:12:10,321 [s2-server-thread1] DEBUG server.RaftServer$Division (RaftServerImpl.java:logAppendEntries(1421)) - s2@group-EA982605F2E5: receive appendEntries(s1, 2, null, 4, true, commits:[s1:c4, s0:c4, s2:c0], cId:2083, entries: [(t:2, i:0), CONFIGURATIONENTRY(current:id: "s0"
address: "localhost:34297"
dataStreamAddress: "localhost:43983"
clientAddress: "localhost:39609"
adminAddress: "localhost:37077"
startupRole: FOLLOWER
,id: "s1"
address: "localhost:38917"
dataStreamAddress: "localhost:45719"
clientAddress: "localhost:36975"
adminAddress: "localhost:40635"
startupRole: FOLLOWER
,id: "s2"
address: "localhost:35511"
dataStreamAddress: "localhost:38827"
clientAddress: "localhost:42865"
adminAddress: "localhost:36791"
startupRole: FOLLOWER
, old:), (t:2, i:1), STATEMACHINELOGENTRY, 0@client-2EFB324ADA71, (t:2, i:2), METADATAENTRY(c:1), (t:2, i:3), STATEMACHINELOGENTRY, 999@client-AE8279CAF820, (t:2, i:4), METADATAENTRY(c:3)]
2022-11-08 19:12:10,321 [s2-server-thread1] INFO  server.RaftServer$Division (RaftServerImpl.java:checkInconsistentAppendEntries(1592)) - s2@group-EA982605F2E5: Failed appendEntries as the first entry (index 0) already exists (snapshotIndex: -1, commitIndex: 0)
2022-11-08 19:12:10,322 [s2-server-thread1] INFO  server.RaftServer$Division (RaftServerImpl.java:checkInconsistentAppendEntries(1572)) - s2@group-EA982605F2E5: inconsistency entries. Reply:s1<-s2#2083:FAIL-t2,INCONSISTENCY,nextIndex=1,followerCommit=0,matchIndex=-1
2022-11-08 19:12:10,322 [grpc-default-executor-0] INFO  leader.FollowerInfo (FollowerInfoImpl.java:lambda$new$0(48)) - s1@group-EA982605F2E5->s2: nextIndex: updateUnconditionally 5 -> 1
2022-11-08 19:12:10,322 [s2-server-thread1] DEBUG server.RaftServer$Division (RaftServerImpl.java:logAppendEntries(1421)) - s2@group-EA982605F2E5: receive appendEntries(s1, 2, (t:2, i:0), 4, true, commits:[s1:c4, s0:c4, s2:c0], cId:2084, entries: [(t:2, i:1), STATEMACHINELOGENTRY, 0@client-2EFB324ADA71, (t:2, i:2), METADATAENTRY(c:1), (t:2, i:3), STATEMACHINELOGENTRY, 999@client-AE8279CAF820, (t:2, i:4), METADATAENTRY(c:3)]
2022-11-08 19:12:10,323 [s2-server-thread1] INFO  server.RaftServer$Division (RaftServerImpl.java:checkInconsistentAppendEntries(1602)) - s2@group-EA982605F2E5: Failed appendEntries as previous log entry ((t:2, i:0)) is not found
2022-11-08 19:12:10,323 [s2-server-thread1] INFO  server.RaftServer$Division (RaftServerImpl.java:checkInconsistentAppendEntries(1572)) - s2@group-EA982605F2E5: inconsistency entries. Reply:s1<-s2#2084:FAIL-t2,INCONSISTENCY,nextIndex=0,followerCommit=0,matchIndex=-1
2022-11-08 19:12:10,323 [grpc-default-executor-0] INFO  leader.FollowerInfo (FollowerInfoImpl.java:lambda$new$0(48)) - s1@group-EA982605F2E5->s2: nextIndex: updateUnconditionally 5 -> 0
2022-11-08 19:12:10,323 [s2-server-thread1] DEBUG server.RaftServer$Division (RaftServerImpl.java:logAppendEntries(1421)) - s2@group-EA982605F2E5: receive appendEntries(s1, 2, null, 4, true, commits:[s1:c4, s0:c4, s2:c0], cId:2085, entries: [(t:2, i:0), CONFIGURATIONENTRY(current:id: "s0"
address: "localhost:34297"
dataStreamAddress: "localhost:43983"
clientAddress: "localhost:39609"
adminAddress: "localhost:37077"
startupRole: FOLLOWER
,id: "s1"
address: "localhost:38917"
dataStreamAddress: "localhost:45719"
clientAddress: "localhost:36975"
adminAddress: "localhost:40635"
startupRole: FOLLOWER
,id: "s2"
address: "localhost:35511"
dataStreamAddress: "localhost:38827"
clientAddress: "localhost:42865"
adminAddress: "localhost:36791"
startupRole: FOLLOWER
, old:), (t:2, i:1), STATEMACHINELOGENTRY, 0@client-2EFB324ADA71, (t:2, i:2), METADATAENTRY(c:1), (t:2, i:3), STATEMACHINELOGENTRY, 999@client-AE8279CAF820, (t:2, i:4), METADATAENTRY(c:3)]
2022-11-08 19:12:10,324 [s2-server-thread1] INFO  server.RaftServer$Division (RaftServerImpl.java:checkInconsistentAppendEntries(1592)) - s2@group-EA982605F2E5: Failed appendEntries as the first entry (index 0) already exists (snapshotIndex: -1, commitIndex: 0)
2022-11-08 19:12:10,324 [s2-server-thread1] INFO  server.RaftServer$Division (RaftServerImpl.java:checkInconsistentAppendEntries(1572)) - s2@group-EA982605F2E5: inconsistency entries. Reply:s1<-s2#2085:FAIL-t2,INCONSISTENCY,nextIndex=1,followerCommit=0,matchIndex=-1
2022-11-08 19:12:10,324 [grpc-default-executor-0] INFO  leader.FollowerInfo (FollowerInfoImpl.java:lambda$new$0(48)) - s1@group-EA982605F2E5->s2: nextIndex: updateUnconditionally 5 -> 1
2022-11-08 19:12:10,324 [s2-server-thread1] DEBUG server.RaftServer$Division (RaftServerImpl.java:logAppendEntries(1421)) - s2@group-EA982605F2E5: receive appendEntries(s1, 2, (t:2, i:0), 4, true, commits:[s1:c4, s0:c4, s2:c0], cId:2086, entries: [(t:2, i:1), STATEMACHINELOGENTRY, 0@client-2EFB324ADA71, (t:2, i:2), METADATAENTRY(c:1), (t:2, i:3), STATEMACHINELOGENTRY, 999@client-AE8279CAF820, (t:2, i:4), METADATAENTRY(c:3)]
2022-11-08 19:12:10,325 [s2-server-thread1] INFO  server.RaftServer$Division (RaftServerImpl.java:checkInconsistentAppendEntries(1602)) - s2@group-EA982605F2E5: Failed appendEntries as previous log entry ((t:2, i:0)) is not found
2022-11-08 19:12:10,325 [s2-server-thread1] INFO  server.RaftServer$Division (RaftServerImpl.java:checkInconsistentAppendEntries(1572)) - s2@group-EA982605F2E5: inconsistency entries. Reply:s1<-s2#2086:FAIL-t2,INCONSISTENCY,nextIndex=0,followerCommit=0,matchIndex=-1
2022-11-08 19:12:10,325 [grpc-default-executor-0] INFO  leader.FollowerInfo (FollowerInfoImpl.java:lambda$new$0(48)) - s1@group-EA982605F2E5->s2: nextIndex: updateUnconditionally 5 -> 0
2022-11-08 19:12:10,325 [s2-server-thread1] DEBUG server.RaftServer$Division (RaftServerImpl.java:logAppendEntries(1421)) - s2@group-EA982605F2E5: receive appendEntries(s1, 2, null, 4, true, commits:[s1:c4, s0:c4, s2:c0], cId:2087, entries: [(t:2, i:0), CONFIGURATIONENTRY(current:id: "s0"
address: "localhost:34297"
dataStreamAddress: "localhost:43983"
clientAddress: "localhost:39609"
adminAddress: "localhost:37077"
startupRole: FOLLOWER
,id: "s1"
address: "localhost:38917"
dataStreamAddress: "localhost:45719"
clientAddress: "localhost:36975"
adminAddress: "localhost:40635"
startupRole: FOLLOWER
,id: "s2"
address: "localhost:35511"
dataStreamAddress: "localhost:38827"
clientAddress: "localhost:42865"
adminAddress: "localhost:36791"
startupRole: FOLLOWER
, old:), (t:2, i:1), STATEMACHINELOGENTRY, 0@client-2EFB324ADA71, (t:2, i:2), METADATAENTRY(c:1), (t:2, i:3), STATEMACHINELOGENTRY, 999@client-AE8279CAF820, (t:2, i:4), METADATAENTRY(c:3)]
2022-11-08 19:12:10,326 [s2-server-thread1] INFO  server.RaftServer$Division (RaftServerImpl.java:checkInconsistentAppendEntries(1592)) - s2@group-EA982605F2E5: Failed appendEntries as the first entry (index 0) already exists (snapshotIndex: -1, commitIndex: 0)
2022-11-08 19:12:10,326 [s2-server-thread1] INFO  server.RaftServer$Division (RaftServerImpl.java:checkInconsistentAppendEntries(1572)) - s2@group-EA982605F2E5: inconsistency entries. Reply:s1<-s2#2087:FAIL-t2,INCONSISTENCY,nextIndex=1,followerCommit=0,matchIndex=-1
2022-11-08 19:12:10,326 [grpc-default-executor-0] INFO  leader.FollowerInfo (FollowerInfoImpl.java:lambda$new$0(48)) - s1@group-EA982605F2E5->s2: nextIndex: updateUnconditionally 5 -> 1
2022-11-08 19:12:10,327 [s2-server-thread1] DEBUG server.RaftServer$Division (RaftServerImpl.java:logAppendEntries(1421)) - s2@group-EA982605F2E5: receive appendEntries(s1, 2, (t:2, i:0), 4, true, commits:[s1:c4, s0:c4, s2:c0], cId:2088, entries: [(t:2, i:1), STATEMACHINELOGENTRY, 0@client-2EFB324ADA71, (t:2, i:2), METADATAENTRY(c:1), (t:2, i:3), STATEMACHINELOGENTRY, 999@client-AE8279CAF820, (t:2, i:4), METADATAENTRY(c:3)]
2022-11-08 19:12:10,327 [s2-server-thread1] INFO  server.RaftServer$Division (RaftServerImpl.java:checkInconsistentAppendEntries(1602)) - s2@group-EA982605F2E5: Failed appendEntries as previous log entry ((t:2, i:0)) is not found
2022-11-08 19:12:10,327 [s2-server-thread1] INFO  server.RaftServer$Division (RaftServerImpl.java:checkInconsistentAppendEntries(1572)) - s2@group-EA982605F2E5: inconsistency entries. Reply:s1<-s2#2088:FAIL-t2,INCONSISTENCY,nextIndex=0,followerCommit=0,matchIndex=-1
2022-11-08 19:12:10,327 [grpc-default-executor-0] INFO  leader.FollowerInfo (FollowerInfoImpl.java:lambda$new$0(48)) - s1@group-EA982605F2E5->s2: nextIndex: updateUnconditionally 5 -> 0
2022-11-08 19:12:10,328 [s2-server-thread1] DEBUG server.RaftServer$Division (RaftServerImpl.java:logAppendEntries(1421)) - s2@group-EA982605F2E5: receive appendEntries(s1, 2, null, 4, true, commits:[s1:c4, s0:c4, s2:c0], cId:2089, entries: [(t:2, i:0), CONFIGURATIONENTRY(current:id: "s0"
address: "localhost:34297"
dataStreamAddress: "localhost:43983"
clientAddress: "localhost:39609"
adminAddress: "localhost:37077"
startupRole: FOLLOWER
,id: "s1"
address: "localhost:38917"
dataStreamAddress: "localhost:45719"
clientAddress: "localhost:36975"
adminAddress: "localhost:40635"
startupRole: FOLLOWER
,id: "s2"
address: "localhost:35511"
dataStreamAddress: "localhost:38827"
clientAddress: "localhost:42865"
adminAddress: "localhost:36791"
startupRole: FOLLOWER
, old:), (t:2, i:1), STATEMACHINELOGENTRY, 0@client-2EFB324ADA71, (t:2, i:2), METADATAENTRY(c:1), (t:2, i:3), STATEMACHINELOGENTRY, 999@client-AE8279CAF820, (t:2, i:4), METADATAENTRY(c:3)]
2022-11-08 19:12:10,328 [s2-server-thread1] INFO  server.RaftServer$Division (RaftServerImpl.java:checkInconsistentAppendEntries(1592)) - s2@group-EA982605F2E5: Failed appendEntries as the first entry (index 0) already exists (snapshotIndex: -1, commitIndex: 0)
2022-11-08 19:12:10,328 [s2-server-thread1] INFO  server.RaftServer$Division (RaftServerImpl.java:checkInconsistentAppendEntries(1572)) - s2@group-EA982605F2E5: inconsistency entries. Reply:s1<-s2#2089:FAIL-t2,INCONSISTENCY,nextIndex=1,followerCommit=0,matchIndex=-1
2022-11-08 19:12:10,328 [grpc-default-executor-0] INFO  leader.FollowerInfo (FollowerInfoImpl.java:lambda$new$0(48)) - s1@group-EA982605F2E5->s2: nextIndex: updateUnconditionally 5 -> 1
2022-11-08 19:12:10,329 [s2-server-thread1] DEBUG server.RaftServer$Division (RaftServerImpl.java:logAppendEntries(1421)) - s2@group-EA982605F2E5: receive appendEntries(s1, 2, (t:2, i:0), 4, true, commits:[s1:c4, s0:c4, s2:c0], cId:2090, entries: [(t:2, i:1), STATEMACHINELOGENTRY, 0@client-2EFB324ADA71, (t:2, i:2), METADATAENTRY(c:1), (t:2, i:3), STATEMACHINELOGENTRY, 999@client-AE8279CAF820, (t:2, i:4), METADATAENTRY(c:3)]
2022-11-08 19:12:10,329 [s2-server-thread1] INFO  server.RaftServer$Division (RaftServerImpl.java:checkInconsistentAppendEntries(1602)) - s2@group-EA982605F2E5: Failed appendEntries as previous log entry ((t:2, i:0)) is not found
2022-11-08 19:12:10,329 [s2-server-thread1] INFO  server.RaftServer$Division (RaftServerImpl.java:checkInconsistentAppendEntries(1572)) - s2@group-EA982605F2E5: inconsistency entries. Reply:s1<-s2#2090:FAIL-t2,INCONSISTENCY,nextIndex=0,followerCommit=0,matchIndex=-1
2022-11-08 19:12:10,329 [grpc-default-executor-0] INFO  leader.FollowerInfo (FollowerInfoImpl.java:lambda$new$0(48)) - s1@group-EA982605F2E5->s2: nextIndex: updateUnconditionally 5 -> 0
2022-11-08 19:12:10,330 [s2-server-thread1] DEBUG server.RaftServer$Division (RaftServerImpl.java:logAppendEntries(1421)) - s2@group-EA982605F2E5: receive appendEntries(s1, 2, null, 4, true, commits:[s1:c4, s0:c4, s2:c0], cId:2091, entries: [(t:2, i:0), CONFIGURATIONENTRY(current:id: "s0"
address: "localhost:34297"
dataStreamAddress: "localhost:43983"
clientAddress: "localhost:39609"
adminAddress: "localhost:37077"
startupRole: FOLLOWER
,id: "s1"
address: "localhost:38917"
dataStreamAddress: "localhost:45719"
clientAddress: "localhost:36975"
adminAddress: "localhost:40635"
startupRole: FOLLOWER
,id: "s2"
address: "localhost:35511"
dataStreamAddress: "localhost:38827"
clientAddress: "localhost:42865"
adminAddress: "localhost:36791"
startupRole: FOLLOWER
, old:), (t:2, i:1), STATEMACHINELOGENTRY, 0@client-2EFB324ADA71, (t:2, i:2), METADATAENTRY(c:1), (t:2, i:3), STATEMACHINELOGENTRY, 999@client-AE8279CAF820, (t:2, i:4), METADATAENTRY(c:3)]
2022-11-08 19:12:10,330 [s2-server-thread1] INFO  server.RaftServer$Division (RaftServerImpl.java:checkInconsistentAppendEntries(1592)) - s2@group-EA982605F2E5: Failed appendEntries as the first entry (index 0) already exists (snapshotIndex: -1, commitIndex: 0)
2022-11-08 19:12:10,330 [s2-server-thread1] INFO  server.RaftServer$Division (RaftServerImpl.java:checkInconsistentAppendEntries(1572)) - s2@group-EA982605F2E5: inconsistency entries. Reply:s1<-s2#2091:FAIL-t2,INCONSISTENCY,nextIndex=1,followerCommit=0,matchIndex=-1
2022-11-08 19:12:10,330 [grpc-default-executor-0] INFO  leader.FollowerInfo (FollowerInfoImpl.java:lambda$new$0(48)) - s1@group-EA982605F2E5->s2: nextIndex: updateUnconditionally 5 -> 1
2022-11-08 19:12:10,331 [s2-server-thread1] DEBUG server.RaftServer$Division (RaftServerImpl.java:logAppendEntries(1421)) - s2@group-EA982605F2E5: receive appendEntries(s1, 2, (t:2, i:0), 4, true, commits:[s1:c4, s0:c4, s2:c0], cId:2092, entries: [(t:2, i:1), STATEMACHINELOGENTRY, 0@client-2EFB324ADA71, (t:2, i:2), METADATAENTRY(c:1), (t:2, i:3), STATEMACHINELOGENTRY, 999@client-AE8279CAF820, (t:2, i:4), METADATAENTRY(c:3)]
2022-11-08 19:12:10,331 [s2-server-thread1] INFO  server.RaftServer$Division (RaftServerImpl.java:checkInconsistentAppendEntries(1602)) - s2@group-EA982605F2E5: Failed appendEntries as previous log entry ((t:2, i:0)) is not found
2022-11-08 19:12:10,331 [s2-server-thread1] INFO  server.RaftServer$Division (RaftServerImpl.java:checkInconsistentAppendEntries(1572)) - s2@group-EA982605F2E5: inconsistency entries. Reply:s1<-s2#2092:FAIL-t2,INCONSISTENCY,nextIndex=0,followerCommit=0,matchIndex=-1
2022-11-08 19:12:10,332 [grpc-default-executor-0] INFO  leader.FollowerInfo (FollowerInfoImpl.java:lambda$new$0(48)) - s1@group-EA982605F2E5->s2: nextIndex: updateUnconditionally 5 -> 0
2022-11-08 19:12:10,332 [s2-server-thread1] DEBUG server.RaftServer$Division (RaftServerImpl.java:logAppendEntries(1421)) - s2@group-EA982605F2E5: receive appendEntries(s1, 2, null, 4, true, commits:[s1:c4, s0:c4, s2:c0], cId:2093, entries: [(t:2, i:0), CONFIGURATIONENTRY(current:id: "s0"
address: "localhost:34297"
dataStreamAddress: "localhost:43983"
clientAddress: "localhost:39609"
adminAddress: "localhost:37077"
startupRole: FOLLOWER
,id: "s1"
address: "localhost:38917"
dataStreamAddress: "localhost:45719"
clientAddress: "localhost:36975"
adminAddress: "localhost:40635"
startupRole: FOLLOWER
,id: "s2"
address: "localhost:35511"
dataStreamAddress: "localhost:38827"
clientAddress: "localhost:42865"
adminAddress: "localhost:36791"
startupRole: FOLLOWER
, old:), (t:2, i:1), STATEMACHINELOGENTRY, 0@client-2EFB324ADA71, (t:2, i:2), METADATAENTRY(c:1), (t:2, i:3), STATEMACHINELOGENTRY, 999@client-AE8279CAF820, (t:2, i:4), METADATAENTRY(c:3)]
2022-11-08 19:12:10,332 [s2-server-thread1] INFO  server.RaftServer$Division (RaftServerImpl.java:checkInconsistentAppendEntries(1592)) - s2@group-EA982605F2E5: Failed appendEntries as the first entry (index 0) already exists (snapshotIndex: -1, commitIndex: 0)
2022-11-08 19:12:10,332 [s2-server-thread1] INFO  server.RaftServer$Division (RaftServerImpl.java:checkInconsistentAppendEntries(1572)) - s2@group-EA982605F2E5: inconsistency entries. Reply:s1<-s2#2093:FAIL-t2,INCONSISTENCY,nextIndex=1,followerCommit=0,matchIndex=-1
2022-11-08 19:12:10,333 [grpc-default-executor-0] INFO  leader.FollowerInfo (FollowerInfoImpl.java:lambda$new$0(48)) - s1@group-EA982605F2E5->s2: nextIndex: updateUnconditionally 5 -> 1
2022-11-08 19:12:10,333 [s2-server-thread1] DEBUG server.RaftServer$Division (RaftServerImpl.java:logAppendEntries(1421)) - s2@group-EA982605F2E5: receive appendEntries(s1, 2, (t:2, i:0), 4, true, commits:[s1:c4, s0:c4, s2:c0], cId:2094, entries: [(t:2, i:1), STATEMACHINELOGENTRY, 0@client-2EFB324ADA71, (t:2, i:2), METADATAENTRY(c:1), (t:2, i:3), STATEMACHINELOGENTRY, 999@client-AE8279CAF820, (t:2, i:4), METADATAENTRY(c:3)]
2022-11-08 19:12:10,333 [s2-server-thread1] INFO  server.RaftServer$Division (RaftServerImpl.java:checkInconsistentAppendEntries(1602)) - s2@group-EA982605F2E5: Failed appendEntries as previous log entry ((t:2, i:0)) is not found
2022-11-08 19:12:10,333 [s2-server-thread1] INFO  server.RaftServer$Division (RaftServerImpl.java:checkInconsistentAppendEntries(1572)) - s2@group-EA982605F2E5: inconsistency entries. Reply:s1<-s2#2094:FAIL-t2,INCONSISTENCY,nextIndex=0,followerCommit=0,matchIndex=-1
2022-11-08 19:12:10,334 [grpc-default-executor-0] INFO  leader.FollowerInfo (FollowerInfoImpl.java:lambda$new$0(48)) - s1@group-EA982605F2E5->s2: nextIndex: updateUnconditionally 5 -> 0
2022-11-08 19:12:10,334 [s2-server-thread1] DEBUG server.RaftServer$Division (RaftServerImpl.java:logAppendEntries(1421)) - s2@group-EA982605F2E5: receive appendEntries(s1, 2, null, 4, true, commits:[s1:c4, s0:c4, s2:c0], cId:2095, entries: [(t:2, i:0), CONFIGURATIONENTRY(current:id: "s0"
address: "localhost:34297"
dataStreamAddress: "localhost:43983"
clientAddress: "localhost:39609"
adminAddress: "localhost:37077"
startupRole: FOLLOWER
,id: "s1"
address: "localhost:38917"
dataStreamAddress: "localhost:45719"
clientAddress: "localhost:36975"
adminAddress: "localhost:40635"
startupRole: FOLLOWER
,id: "s2"
address: "localhost:35511"
dataStreamAddress: "localhost:38827"
clientAddress: "localhost:42865"
adminAddress: "localhost:36791"
startupRole: FOLLOWER
, old:), (t:2, i:1), STATEMACHINELOGENTRY, 0@client-2EFB324ADA71, (t:2, i:2), METADATAENTRY(c:1), (t:2, i:3), STATEMACHINELOGENTRY, 999@client-AE8279CAF820, (t:2, i:4), METADATAENTRY(c:3)]
2022-11-08 19:12:10,334 [s2-server-thread1] INFO  server.RaftServer$Division (RaftServerImpl.java:checkInconsistentAppendEntries(1592)) - s2@group-EA982605F2E5: Failed appendEntries as the first entry (index 0) already exists (snapshotIndex: -1, commitIndex: 0)
2022-11-08 19:12:10,335 [s2-server-thread1] INFO  server.RaftServer$Division (RaftServerImpl.java:checkInconsistentAppendEntries(1572)) - s2@group-EA982605F2E5: inconsistency entries. Reply:s1<-s2#2095:FAIL-t2,INCONSISTENCY,nextIndex=1,followerCommit=0,matchIndex=-1
2022-11-08 19:12:10,335 [grpc-default-executor-0] INFO  leader.FollowerInfo (FollowerInfoImpl.java:lambda$new$0(48)) - s1@group-EA982605F2E5->s2: nextIndex: updateUnconditionally 5 -> 1
2022-11-08 19:12:10,335 [s2-server-thread1] DEBUG server.RaftServer$Division (RaftServerImpl.java:logAppendEntries(1421)) - s2@group-EA982605F2E5: receive appendEntries(s1, 2, (t:2, i:0), 4, true, commits:[s1:c4, s0:c4, s2:c0], cId:2096, entries: [(t:2, i:1), STATEMACHINELOGENTRY, 0@client-2EFB324ADA71, (t:2, i:2), METADATAENTRY(c:1), (t:2, i:3), STATEMACHINELOGENTRY, 999@client-AE8279CAF820, (t:2, i:4), METADATAENTRY(c:3)]
2022-11-08 19:12:10,335 [s2-server-thread1] INFO  server.RaftServer$Division (RaftServerImpl.java:checkInconsistentAppendEntries(1602)) - s2@group-EA982605F2E5: Failed appendEntries as previous log entry ((t:2, i:0)) is not found
2022-11-08 19:12:10,335 [s2-server-thread1] INFO  server.RaftServer$Division (RaftServerImpl.java:checkInconsistentAppendEntries(1572)) - s2@group-EA982605F2E5: inconsistency entries. Reply:s1<-s2#2096:FAIL-t2,INCONSISTENCY,nextIndex=0,followerCommit=0,matchIndex=-1
2022-11-08 19:12:10,336 [grpc-default-executor-0] INFO  leader.FollowerInfo (FollowerInfoImpl.java:lambda$new$0(48)) - s1@group-EA982605F2E5->s2: nextIndex: updateUnconditionally 5 -> 0
2022-11-08 19:12:10,337 [s2-server-thread1] DEBUG server.RaftServer$Division (RaftServerImpl.java:logAppendEntries(1421)) - s2@group-EA982605F2E5: receive appendEntries(s1, 2, null, 4, true, commits:[s1:c4, s0:c4, s2:c0], cId:2097, entries: [(t:2, i:0), CONFIGURATIONENTRY(current:id: "s0"
address: "localhost:34297"
dataStreamAddress: "localhost:43983"
clientAddress: "localhost:39609"
adminAddress: "localhost:37077"
startupRole: FOLLOWER
,id: "s1"
address: "localhost:38917"
dataStreamAddress: "localhost:45719"
clientAddress: "localhost:36975"
adminAddress: "localhost:40635"
startupRole: FOLLOWER
,id: "s2"
address: "localhost:35511"
dataStreamAddress: "localhost:38827"
clientAddress: "localhost:42865"
adminAddress: "localhost:36791"
startupRole: FOLLOWER
, old:), (t:2, i:1), STATEMACHINELOGENTRY, 0@client-2EFB324ADA71, (t:2, i:2), METADATAENTRY(c:1), (t:2, i:3), STATEMACHINELOGENTRY, 999@client-AE8279CAF820, (t:2, i:4), METADATAENTRY(c:3)]
2022-11-08 19:12:10,337 [s2-server-thread1] INFO  server.RaftServer$Division (RaftServerImpl.java:checkInconsistentAppendEntries(1592)) - s2@group-EA982605F2E5: Failed appendEntries as the first entry (index 0) already exists (snapshotIndex: -1, commitIndex: 0)
2022-11-08 19:12:10,337 [s2-server-thread1] INFO  server.RaftServer$Division (RaftServerImpl.java:checkInconsistentAppendEntries(1572)) - s2@group-EA982605F2E5: inconsistency entries. Reply:s1<-s2#2097:FAIL-t2,INCONSISTENCY,nextIndex=1,followerCommit=0,matchIndex=-1
2022-11-08 19:12:10,337 [grpc-default-executor-0] INFO  leader.FollowerInfo (FollowerInfoImpl.java:lambda$new$0(48)) - s1@group-EA982605F2E5->s2: nextIndex: updateUnconditionally 5 -> 1
2022-11-08 19:12:10,338 [s2-server-thread1] DEBUG server.RaftServer$Division (RaftServerImpl.java:logAppendEntries(1421)) - s2@group-EA982605F2E5: receive appendEntries(s1, 2, (t:2, i:0), 4, true, commits:[s1:c4, s0:c4, s2:c0], cId:2098, entries: [(t:2, i:1), STATEMACHINELOGENTRY, 0@client-2EFB324ADA71, (t:2, i:2), METADATAENTRY(c:1), (t:2, i:3), STATEMACHINELOGENTRY, 999@client-AE8279CAF820, (t:2, i:4), METADATAENTRY(c:3)]
2022-11-08 19:12:10,338 [s2-server-thread1] INFO  server.RaftServer$Division (RaftServerImpl.java:checkInconsistentAppendEntries(1602)) - s2@group-EA982605F2E5: Failed appendEntries as previous log entry ((t:2, i:0)) is not found
2022-11-08 19:12:10,338 [s2-server-thread1] INFO  server.RaftServer$Division (RaftServerImpl.java:checkInconsistentAppendEntries(1572)) - s2@group-EA982605F2E5: inconsistency entries. Reply:s1<-s2#2098:FAIL-t2,INCONSISTENCY,nextIndex=0,followerCommit=0,matchIndex=-1
2022-11-08 19:12:10,338 [grpc-default-executor-0] INFO  leader.FollowerInfo (FollowerInfoImpl.java:lambda$new$0(48)) - s1@group-EA982605F2E5->s2: nextIndex: updateUnconditionally 5 -> 0
2022-11-08 19:12:10,339 [s2-server-thread1] DEBUG server.RaftServer$Division (RaftServerImpl.java:logAppendEntries(1421)) - s2@group-EA982605F2E5: receive appendEntries(s1, 2, null, 4, true, commits:[s1:c4, s0:c4, s2:c0], cId:2099, entries: [(t:2, i:0), CONFIGURATIONENTRY(current:id: "s0"
address: "localhost:34297"
dataStreamAddress: "localhost:43983"
clientAddress: "localhost:39609"
adminAddress: "localhost:37077"
startupRole: FOLLOWER
,id: "s1"
address: "localhost:38917"
dataStreamAddress: "localhost:45719"
clientAddress: "localhost:36975"
adminAddress: "localhost:40635"
startupRole: FOLLOWER
,id: "s2"
address: "localhost:35511"
dataStreamAddress: "localhost:38827"
clientAddress: "localhost:42865"
adminAddress: "localhost:36791"
startupRole: FOLLOWER
, old:), (t:2, i:1), STATEMACHINELOGENTRY, 0@client-2EFB324ADA71, (t:2, i:2), METADATAENTRY(c:1), (t:2, i:3), STATEMACHINELOGENTRY, 999@client-AE8279CAF820, (t:2, i:4), METADATAENTRY(c:3)]
2022-11-08 19:12:10,339 [s2-server-thread1] INFO  server.RaftServer$Division (RaftServerImpl.java:checkInconsistentAppendEntries(1592)) - s2@group-EA982605F2E5: Failed appendEntries as the first entry (index 0) already exists (snapshotIndex: -1, commitIndex: 0)
2022-11-08 19:12:10,339 [s2-server-thread1] INFO  server.RaftServer$Division (RaftServerImpl.java:checkInconsistentAppendEntries(1572)) - s2@group-EA982605F2E5: inconsistency entries. Reply:s1<-s2#2099:FAIL-t2,INCONSISTENCY,nextIndex=1,followerCommit=0,matchIndex=-1
2022-11-08 19:12:10,339 [grpc-default-executor-0] INFO  leader.FollowerInfo (FollowerInfoImpl.java:lambda$new$0(48)) - s1@group-EA982605F2E5->s2: nextIndex: updateUnconditionally 5 -> 1
2022-11-08 19:12:10,340 [s2-server-thread1] DEBUG server.RaftServer$Division (RaftServerImpl.java:logAppendEntries(1421)) - s2@group-EA982605F2E5: receive appendEntries(s1, 2, (t:2, i:0), 4, true, commits:[s1:c4, s0:c4, s2:c0], cId:2100, entries: [(t:2, i:1), STATEMACHINELOGENTRY, 0@client-2EFB324ADA71, (t:2, i:2), METADATAENTRY(c:1), (t:2, i:3), STATEMACHINELOGENTRY, 999@client-AE8279CAF820, (t:2, i:4), METADATAENTRY(c:3)]
2022-11-08 19:12:10,340 [s2-server-thread1] INFO  server.RaftServer$Division (RaftServerImpl.java:checkInconsistentAppendEntries(1602)) - s2@group-EA982605F2E5: Failed appendEntries as previous log entry ((t:2, i:0)) is not found
2022-11-08 19:12:10,340 [s2-server-thread1] INFO  server.RaftServer$Division (RaftServerImpl.java:checkInconsistentAppendEntries(1572)) - s2@group-EA982605F2E5: inconsistency entries. Reply:s1<-s2#2100:FAIL-t2,INCONSISTENCY,nextIndex=0,followerCommit=0,matchIndex=-1
2022-11-08 19:12:10,340 [grpc-default-executor-0] INFO  leader.FollowerInfo (FollowerInfoImpl.java:lambda$new$0(48)) - s1@group-EA982605F2E5->s2: nextIndex: updateUnconditionally 5 -> 0
2022-11-08 19:12:10,341 [s2-server-thread1] DEBUG server.RaftServer$Division (RaftServerImpl.java:logAppendEntries(1421)) - s2@group-EA982605F2E5: receive appendEntries(s1, 2, null, 4, true, commits:[s1:c4, s0:c4, s2:c0], cId:2101, entries: [(t:2, i:0), CONFIGURATIONENTRY(current:id: "s0"
address: "localhost:34297"
dataStreamAddress: "localhost:43983"
clientAddress: "localhost:39609"
adminAddress: "localhost:37077"
startupRole: FOLLOWER
,id: "s1"
address: "localhost:38917"
dataStreamAddress: "localhost:45719"
clientAddress: "localhost:36975"
adminAddress: "localhost:40635"
startupRole: FOLLOWER
,id: "s2"
address: "localhost:35511"
dataStreamAddress: "localhost:38827"
clientAddress: "localhost:42865"
adminAddress: "localhost:36791"
startupRole: FOLLOWER
, old:), (t:2, i:1), STATEMACHINELOGENTRY, 0@client-2EFB324ADA71, (t:2, i:2), METADATAENTRY(c:1), (t:2, i:3), STATEMACHINELOGENTRY, 999@client-AE8279CAF820, (t:2, i:4), METADATAENTRY(c:3)]
2022-11-08 19:12:10,341 [s2-server-thread1] INFO  server.RaftServer$Division (RaftServerImpl.java:checkInconsistentAppendEntries(1592)) - s2@group-EA982605F2E5: Failed appendEntries as the first entry (index 0) already exists (snapshotIndex: -1, commitIndex: 0)
2022-11-08 19:12:10,341 [s2-server-thread1] INFO  server.RaftServer$Division (RaftServerImpl.java:checkInconsistentAppendEntries(1572)) - s2@group-EA982605F2E5: inconsistency entries. Reply:s1<-s2#2101:FAIL-t2,INCONSISTENCY,nextIndex=1,followerCommit=0,matchIndex=-1
2022-11-08 19:12:10,341 [grpc-default-executor-0] INFO  leader.FollowerInfo (FollowerInfoImpl.java:lambda$new$0(48)) - s1@group-EA982605F2E5->s2: nextIndex: updateUnconditionally 5 -> 1
2022-11-08 19:12:10,342 [s2-server-thread1] DEBUG server.RaftServer$Division (RaftServerImpl.java:logAppendEntries(1421)) - s2@group-EA982605F2E5: receive appendEntries(s1, 2, (t:2, i:0), 4, true, commits:[s1:c4, s0:c4, s2:c0], cId:2102, entries: [(t:2, i:1), STATEMACHINELOGENTRY, 0@client-2EFB324ADA71, (t:2, i:2), METADATAENTRY(c:1), (t:2, i:3), STATEMACHINELOGENTRY, 999@client-AE8279CAF820, (t:2, i:4), METADATAENTRY(c:3)]
2022-11-08 19:12:10,342 [s2-server-thread1] INFO  server.RaftServer$Division (RaftServerImpl.java:checkInconsistentAppendEntries(1602)) - s2@group-EA982605F2E5: Failed appendEntries as previous log entry ((t:2, i:0)) is not found
2022-11-08 19:12:10,342 [s2-server-thread1] INFO  server.RaftServer$Division (RaftServerImpl.java:checkInconsistentAppendEntries(1572)) - s2@group-EA982605F2E5: inconsistency entries. Reply:s1<-s2#2102:FAIL-t2,INCONSISTENCY,nextIndex=0,followerCommit=0,matchIndex=-1
2022-11-08 19:12:10,343 [grpc-default-executor-0] INFO  leader.FollowerInfo (FollowerInfoImpl.java:lambda$new$0(48)) - s1@group-EA982605F2E5->s2: nextIndex: updateUnconditionally 5 -> 0
2022-11-08 19:12:10,343 [s2-server-thread1] DEBUG server.RaftServer$Division (RaftServerImpl.java:logAppendEntries(1421)) - s2@group-EA982605F2E5: receive appendEntries(s1, 2, null, 4, true, commits:[s1:c4, s0:c4, s2:c0], cId:2103, entries: [(t:2, i:0), CONFIGURATIONENTRY(current:id: "s0"
address: "localhost:34297"
dataStreamAddress: "localhost:43983"
clientAddress: "localhost:39609"
adminAddress: "localhost:37077"
startupRole: FOLLOWER
,id: "s1"
address: "localhost:38917"
dataStreamAddress: "localhost:45719"
clientAddress: "localhost:36975"
adminAddress: "localhost:40635"
startupRole: FOLLOWER
,id: "s2"
address: "localhost:35511"
dataStreamAddress: "localhost:38827"
clientAddress: "localhost:42865"
adminAddress: "localhost:36791"
startupRole: FOLLOWER
, old:), (t:2, i:1), STATEMACHINELOGENTRY, 0@client-2EFB324ADA71, (t:2, i:2), METADATAENTRY(c:1), (t:2, i:3), STATEMACHINELOGENTRY, 999@client-AE8279CAF820, (t:2, i:4), METADATAENTRY(c:3)]
2022-11-08 19:12:10,343 [s2-server-thread1] INFO  server.RaftServer$Division (RaftServerImpl.java:checkInconsistentAppendEntries(1592)) - s2@group-EA982605F2E5: Failed appendEntries as the first entry (index 0) already exists (snapshotIndex: -1, commitIndex: 0)
2022-11-08 19:12:10,343 [s2-server-thread1] INFO  server.RaftServer$Division (RaftServerImpl.java:checkInconsistentAppendEntries(1572)) - s2@group-EA982605F2E5: inconsistency entries. Reply:s1<-s2#2103:FAIL-t2,INCONSISTENCY,nextIndex=1,followerCommit=0,matchIndex=-1
2022-11-08 19:12:10,344 [grpc-default-executor-0] INFO  leader.FollowerInfo (FollowerInfoImpl.java:lambda$new$0(48)) - s1@group-EA982605F2E5->s2: nextIndex: updateUnconditionally 5 -> 1
2022-11-08 19:12:10,344 [s2-server-thread1] DEBUG server.RaftServer$Division (RaftServerImpl.java:logAppendEntries(1421)) - s2@group-EA982605F2E5: receive appendEntries(s1, 2, (t:2, i:0), 4, true, commits:[s1:c4, s0:c4, s2:c0], cId:2104, entries: [(t:2, i:1), STATEMACHINELOGENTRY, 0@client-2EFB324ADA71, (t:2, i:2), METADATAENTRY(c:1), (t:2, i:3), STATEMACHINELOGENTRY, 999@client-AE8279CAF820, (t:2, i:4), METADATAENTRY(c:3)]
2022-11-08 19:12:10,344 [s2-server-thread1] INFO  server.RaftServer$Division (RaftServerImpl.java:checkInconsistentAppendEntries(1602)) - s2@group-EA982605F2E5: Failed appendEntries as previous log entry ((t:2, i:0)) is not found
2022-11-08 19:12:10,344 [s2-server-thread1] INFO  server.RaftServer$Division (RaftServerImpl.java:checkInconsistentAppendEntries(1572)) - s2@group-EA982605F2E5: inconsistency entries. Reply:s1<-s2#2104:FAIL-t2,INCONSISTENCY,nextIndex=0,followerCommit=0,matchIndex=-1
2022-11-08 19:12:10,345 [grpc-default-executor-0] INFO  leader.FollowerInfo (FollowerInfoImpl.java:lambda$new$0(48)) - s1@group-EA982605F2E5->s2: nextIndex: updateUnconditionally 5 -> 0
2022-11-08 19:12:10,345 [s2-server-thread1] DEBUG server.RaftServer$Division (RaftServerImpl.java:logAppendEntries(1421)) - s2@group-EA982605F2E5: receive appendEntries(s1, 2, null, 4, true, commits:[s1:c4, s0:c4, s2:c0], cId:2105, entries: [(t:2, i:0), CONFIGURATIONENTRY(current:id: "s0"
address: "localhost:34297"
dataStreamAddress: "localhost:43983"
clientAddress: "localhost:39609"
adminAddress: "localhost:37077"
startupRole: FOLLOWER
,id: "s1"
address: "localhost:38917"
dataStreamAddress: "localhost:45719"
clientAddress: "localhost:36975"
adminAddress: "localhost:40635"
startupRole: FOLLOWER
,id: "s2"
address: "localhost:35511"
dataStreamAddress: "localhost:38827"
clientAddress: "localhost:42865"
adminAddress: "localhost:36791"
startupRole: FOLLOWER
, old:), (t:2, i:1), STATEMACHINELOGENTRY, 0@client-2EFB324ADA71, (t:2, i:2), METADATAENTRY(c:1), (t:2, i:3), STATEMACHINELOGENTRY, 999@client-AE8279CAF820, (t:2, i:4), METADATAENTRY(c:3)]
2022-11-08 19:12:10,345 [s2-server-thread1] INFO  server.RaftServer$Division (RaftServerImpl.java:checkInconsistentAppendEntries(1592)) - s2@group-EA982605F2E5: Failed appendEntries as the first entry (index 0) already exists (snapshotIndex: -1, commitIndex: 0)
2022-11-08 19:12:10,346 [s2-server-thread1] INFO  server.RaftServer$Division (RaftServerImpl.java:checkInconsistentAppendEntries(1572)) - s2@group-EA982605F2E5: inconsistency entries. Reply:s1<-s2#2105:FAIL-t2,INCONSISTENCY,nextIndex=1,followerCommit=0,matchIndex=-1
2022-11-08 19:12:10,346 [grpc-default-executor-0] INFO  leader.FollowerInfo (FollowerInfoImpl.java:lambda$new$0(48)) - s1@group-EA982605F2E5->s2: nextIndex: updateUnconditionally 5 -> 1
2022-11-08 19:12:10,346 [s2-server-thread1] DEBUG server.RaftServer$Division (RaftServerImpl.java:logAppendEntries(1421)) - s2@group-EA982605F2E5: receive appendEntries(s1, 2, (t:2, i:0), 4, true, commits:[s1:c4, s0:c4, s2:c0], cId:2106, entries: [(t:2, i:1), STATEMACHINELOGENTRY, 0@client-2EFB324ADA71, (t:2, i:2), METADATAENTRY(c:1), (t:2, i:3), STATEMACHINELOGENTRY, 999@client-AE8279CAF820, (t:2, i:4), METADATAENTRY(c:3)]
2022-11-08 19:12:10,346 [s2-server-thread1] INFO  server.RaftServer$Division (RaftServerImpl.java:checkInconsistentAppendEntries(1602)) - s2@group-EA982605F2E5: Failed appendEntries as previous log entry ((t:2, i:0)) is not found
2022-11-08 19:12:10,347 [s2-server-thread1] INFO  server.RaftServer$Division (RaftServerImpl.java:checkInconsistentAppendEntries(1572)) - s2@group-EA982605F2E5: inconsistency entries. Reply:s1<-s2#2106:FAIL-t2,INCONSISTENCY,nextIndex=0,followerCommit=0,matchIndex=-1
2022-11-08 19:12:10,347 [grpc-default-executor-0] INFO  leader.FollowerInfo (FollowerInfoImpl.java:lambda$new$0(48)) - s1@group-EA982605F2E5->s2: nextIndex: updateUnconditionally 5 -> 0
2022-11-08 19:12:10,347 [s2-server-thread1] DEBUG server.RaftServer$Division (RaftServerImpl.java:logAppendEntries(1421)) - s2@group-EA982605F2E5: receive appendEntries(s1, 2, null, 4, true, commits:[s1:c4, s0:c4, s2:c0], cId:2107, entries: [(t:2, i:0), CONFIGURATIONENTRY(current:id: "s0"
address: "localhost:34297"
dataStreamAddress: "localhost:43983"
clientAddress: "localhost:39609"
adminAddress: "localhost:37077"
startupRole: FOLLOWER
,id: "s1"
address: "localhost:38917"
dataStreamAddress: "localhost:45719"
clientAddress: "localhost:36975"
adminAddress: "localhost:40635"
startupRole: FOLLOWER
,id: "s2"
address: "localhost:35511"
dataStreamAddress: "localhost:38827"
clientAddress: "localhost:42865"
adminAddress: "localhost:36791"
startupRole: FOLLOWER
, old:), (t:2, i:1), STATEMACHINELOGENTRY, 0@client-2EFB324ADA71, (t:2, i:2), METADATAENTRY(c:1), (t:2, i:3), STATEMACHINELOGENTRY, 999@client-AE8279CAF820, (t:2, i:4), METADATAENTRY(c:3)]
2022-11-08 19:12:10,347 [s2-server-thread1] INFO  server.RaftServer$Division (RaftServerImpl.java:checkInconsistentAppendEntries(1592)) - s2@group-EA982605F2E5: Failed appendEntries as the first entry (index 0) already exists (snapshotIndex: -1, commitIndex: 0)
2022-11-08 19:12:10,348 [s2-server-thread1] INFO  server.RaftServer$Division (RaftServerImpl.java:checkInconsistentAppendEntries(1572)) - s2@group-EA982605F2E5: inconsistency entries. Reply:s1<-s2#2107:FAIL-t2,INCONSISTENCY,nextIndex=1,followerCommit=0,matchIndex=-1
2022-11-08 19:12:10,348 [grpc-default-executor-0] INFO  leader.FollowerInfo (FollowerInfoImpl.java:lambda$new$0(48)) - s1@group-EA982605F2E5->s2: nextIndex: updateUnconditionally 5 -> 1
2022-11-08 19:12:10,349 [s2-server-thread1] DEBUG server.RaftServer$Division (RaftServerImpl.java:logAppendEntries(1421)) - s2@group-EA982605F2E5: receive appendEntries(s1, 2, (t:2, i:0), 4, true, commits:[s1:c4, s0:c4, s2:c0], cId:2108, entries: [(t:2, i:1), STATEMACHINELOGENTRY, 0@client-2EFB324ADA71, (t:2, i:2), METADATAENTRY(c:1), (t:2, i:3), STATEMACHINELOGENTRY, 999@client-AE8279CAF820, (t:2, i:4), METADATAENTRY(c:3)]
2022-11-08 19:12:10,349 [s2-server-thread1] INFO  server.RaftServer$Division (RaftServerImpl.java:checkInconsistentAppendEntries(1602)) - s2@group-EA982605F2E5: Failed appendEntries as previous log entry ((t:2, i:0)) is not found
2022-11-08 19:12:10,349 [s2-server-thread1] INFO  server.RaftServer$Division (RaftServerImpl.java:checkInconsistentAppendEntries(1572)) - s2@group-EA982605F2E5: inconsistency entries. Reply:s1<-s2#2108:FAIL-t2,INCONSISTENCY,nextIndex=0,followerCommit=0,matchIndex=-1
2022-11-08 19:12:10,350 [grpc-default-executor-0] INFO  leader.FollowerInfo (FollowerInfoImpl.java:lambda$new$0(48)) - s1@group-EA982605F2E5->s2: nextIndex: updateUnconditionally 5 -> 0
2022-11-08 19:12:10,352 [s2-server-thread1] DEBUG server.RaftServer$Division (RaftServerImpl.java:logAppendEntries(1421)) - s2@group-EA982605F2E5: receive appendEntries(s1, 2, null, 4, true, commits:[s1:c4, s0:c4, s2:c0], cId:2109, entries: [(t:2, i:0), CONFIGURATIONENTRY(current:id: "s0"
address: "localhost:34297"
dataStreamAddress: "localhost:43983"
clientAddress: "localhost:39609"
adminAddress: "localhost:37077"
startupRole: FOLLOWER
,id: "s1"
address: "localhost:38917"
dataStreamAddress: "localhost:45719"
clientAddress: "localhost:36975"
adminAddress: "localhost:40635"
startupRole: FOLLOWER
,id: "s2"
address: "localhost:35511"
dataStreamAddress: "localhost:38827"
clientAddress: "localhost:42865"
adminAddress: "localhost:36791"
startupRole: FOLLOWER
, old:), (t:2, i:1), STATEMACHINELOGENTRY, 0@client-2EFB324ADA71, (t:2, i:2), METADATAENTRY(c:1), (t:2, i:3), STATEMACHINELOGENTRY, 999@client-AE8279CAF820, (t:2, i:4), METADATAENTRY(c:3)]
2022-11-08 19:12:10,353 [s2-server-thread1] INFO  server.RaftServer$Division (RaftServerImpl.java:checkInconsistentAppendEntries(1592)) - s2@group-EA982605F2E5: Failed appendEntries as the first entry (index 0) already exists (snapshotIndex: -1, commitIndex: 0)
2022-11-08 19:12:10,353 [s2-server-thread1] INFO  server.RaftServer$Division (RaftServerImpl.java:checkInconsistentAppendEntries(1572)) - s2@group-EA982605F2E5: inconsistency entries. Reply:s1<-s2#2109:FAIL-t2,INCONSISTENCY,nextIndex=1,followerCommit=0,matchIndex=-1
2022-11-08 19:12:10,353 [grpc-default-executor-0] INFO  leader.FollowerInfo (FollowerInfoImpl.java:lambda$new$0(48)) - s1@group-EA982605F2E5->s2: nextIndex: updateUnconditionally 5 -> 1
2022-11-08 19:12:10,353 [s2-server-thread2] DEBUG server.RaftServer$Division (RaftServerImpl.java:logAppendEntries(1421)) - s2@group-EA982605F2E5: receive appendEntries(s1, 2, (t:2, i:0), 4, true, commits:[s1:c4, s0:c4, s2:c0], cId:2110, entries: [(t:2, i:1), STATEMACHINELOGENTRY, 0@client-2EFB324ADA71, (t:2, i:2), METADATAENTRY(c:1), (t:2, i:3), STATEMACHINELOGENTRY, 999@client-AE8279CAF820, (t:2, i:4), METADATAENTRY(c:3)]
2022-11-08 19:12:10,354 [s2-server-thread2] INFO  server.RaftServer$Division (RaftServerImpl.java:checkInconsistentAppendEntries(1602)) - s2@group-EA982605F2E5: Failed appendEntries as previous log entry ((t:2, i:0)) is not found
2022-11-08 19:12:10,354 [s2-server-thread2] INFO  server.RaftServer$Division (RaftServerImpl.java:checkInconsistentAppendEntries(1572)) - s2@group-EA982605F2E5: inconsistency entries. Reply:s1<-s2#2110:FAIL-t2,INCONSISTENCY,nextIndex=0,followerCommit=0,matchIndex=-1
2022-11-08 19:12:10,354 [grpc-default-executor-0] INFO  leader.FollowerInfo (FollowerInfoImpl.java:lambda$new$0(48)) - s1@group-EA982605F2E5->s2: nextIndex: updateUnconditionally 5 -> 0
2022-11-08 19:12:10,354 [s2-server-thread2] DEBUG server.RaftServer$Division (RaftServerImpl.java:logAppendEntries(1421)) - s2@group-EA982605F2E5: receive appendEntries(s1, 2, null, 4, true, commits:[s1:c4, s0:c4, s2:c0], cId:2111, entries: [(t:2, i:0), CONFIGURATIONENTRY(current:id: "s0"
address: "localhost:34297"
dataStreamAddress: "localhost:43983"
clientAddress: "localhost:39609"
adminAddress: "localhost:37077"
startupRole: FOLLOWER
,id: "s1"
address: "localhost:38917"
dataStreamAddress: "localhost:45719"
clientAddress: "localhost:36975"
adminAddress: "localhost:40635"
startupRole: FOLLOWER
,id: "s2"
address: "localhost:35511"
dataStreamAddress: "localhost:38827"
clientAddress: "localhost:42865"
adminAddress: "localhost:36791"
startupRole: FOLLOWER
, old:), (t:2, i:1), STATEMACHINELOGENTRY, 0@client-2EFB324ADA71, (t:2, i:2), METADATAENTRY(c:1), (t:2, i:3), STATEMACHINELOGENTRY, 999@client-AE8279CAF820, (t:2, i:4), METADATAENTRY(c:3)]
2022-11-08 19:12:10,355 [s2-server-thread2] INFO  server.RaftServer$Division (RaftServerImpl.java:checkInconsistentAppendEntries(1592)) - s2@group-EA982605F2E5: Failed appendEntries as the first entry (index 0) already exists (snapshotIndex: -1, commitIndex: 0)
2022-11-08 19:12:10,355 [s2-server-thread2] INFO  server.RaftServer$Division (RaftServerImpl.java:checkInconsistentAppendEntries(1572)) - s2@group-EA982605F2E5: inconsistency entries. Reply:s1<-s2#2111:FAIL-t2,INCONSISTENCY,nextIndex=1,followerCommit=0,matchIndex=-1
2022-11-08 19:12:10,355 [grpc-default-executor-0] INFO  leader.FollowerInfo (FollowerInfoImpl.java:lambda$new$0(48)) - s1@group-EA982605F2E5->s2: nextIndex: updateUnconditionally 5 -> 1
2022-11-08 19:12:10,355 [s2-server-thread2] DEBUG server.RaftServer$Division (RaftServerImpl.java:logAppendEntries(1421)) - s2@group-EA982605F2E5: receive appendEntries(s1, 2, (t:2, i:0), 4, true, commits:[s1:c4, s0:c4, s2:c0], cId:2112, entries: [(t:2, i:1), STATEMACHINELOGENTRY, 0@client-2EFB324ADA71, (t:2, i:2), METADATAENTRY(c:1), (t:2, i:3), STATEMACHINELOGENTRY, 999@client-AE8279CAF820, (t:2, i:4), METADATAENTRY(c:3)]
2022-11-08 19:12:10,356 [s2-server-thread2] INFO  server.RaftServer$Division (RaftServerImpl.java:checkInconsistentAppendEntries(1602)) - s2@group-EA982605F2E5: Failed appendEntries as previous log entry ((t:2, i:0)) is not found
2022-11-08 19:12:10,356 [s2-server-thread2] INFO  server.RaftServer$Division (RaftServerImpl.java:checkInconsistentAppendEntries(1572)) - s2@group-EA982605F2E5: inconsistency entries. Reply:s1<-s2#2112:FAIL-t2,INCONSISTENCY,nextIndex=0,followerCommit=0,matchIndex=-1
2022-11-08 19:12:10,356 [grpc-default-executor-0] INFO  leader.FollowerInfo (FollowerInfoImpl.java:lambda$new$0(48)) - s1@group-EA982605F2E5->s2: nextIndex: updateUnconditionally 5 -> 0
2022-11-08 19:12:10,356 [s2-server-thread2] DEBUG server.RaftServer$Division (RaftServerImpl.java:logAppendEntries(1421)) - s2@group-EA982605F2E5: receive appendEntries(s1, 2, null, 4, true, commits:[s1:c4, s0:c4, s2:c0], cId:2113, entries: [(t:2, i:0), CONFIGURATIONENTRY(current:id: "s0"
address: "localhost:34297"
dataStreamAddress: "localhost:43983"
clientAddress: "localhost:39609"
adminAddress: "localhost:37077"
startupRole: FOLLOWER
,id: "s1"
address: "localhost:38917"
dataStreamAddress: "localhost:45719"
clientAddress: "localhost:36975"
adminAddress: "localhost:40635"
startupRole: FOLLOWER
,id: "s2"
address: "localhost:35511"
dataStreamAddress: "localhost:38827"
clientAddress: "localhost:42865"
adminAddress: "localhost:36791"
startupRole: FOLLOWER
, old:), (t:2, i:1), STATEMACHINELOGENTRY, 0@client-2EFB324ADA71, (t:2, i:2), METADATAENTRY(c:1), (t:2, i:3), STATEMACHINELOGENTRY, 999@client-AE8279CAF820, (t:2, i:4), METADATAENTRY(c:3)]
2022-11-08 19:12:10,357 [s2-server-thread2] INFO  server.RaftServer$Division (RaftServerImpl.java:checkInconsistentAppendEntries(1592)) - s2@group-EA982605F2E5: Failed appendEntries as the first entry (index 0) already exists (snapshotIndex: -1, commitIndex: 0)
2022-11-08 19:12:10,357 [s2-server-thread2] INFO  server.RaftServer$Division (RaftServerImpl.java:checkInconsistentAppendEntries(1572)) - s2@group-EA982605F2E5: inconsistency entries. Reply:s1<-s2#2113:FAIL-t2,INCONSISTENCY,nextIndex=1,followerCommit=0,matchIndex=-1
2022-11-08 19:12:10,357 [grpc-default-executor-0] INFO  leader.FollowerInfo (FollowerInfoImpl.java:lambda$new$0(48)) - s1@group-EA982605F2E5->s2: nextIndex: updateUnconditionally 5 -> 1
2022-11-08 19:12:10,357 [s2-server-thread2] DEBUG server.RaftServer$Division (RaftServerImpl.java:logAppendEntries(1421)) - s2@group-EA982605F2E5: receive appendEntries(s1, 2, (t:2, i:0), 4, true, commits:[s1:c4, s0:c4, s2:c0], cId:2114, entries: [(t:2, i:1), STATEMACHINELOGENTRY, 0@client-2EFB324ADA71, (t:2, i:2), METADATAENTRY(c:1), (t:2, i:3), STATEMACHINELOGENTRY, 999@client-AE8279CAF820, (t:2, i:4), METADATAENTRY(c:3)]
2022-11-08 19:12:10,358 [s2-server-thread2] INFO  server.RaftServer$Division (RaftServerImpl.java:checkInconsistentAppendEntries(1602)) - s2@group-EA982605F2E5: Failed appendEntries as previous log entry ((t:2, i:0)) is not found
2022-11-08 19:12:10,358 [s2-server-thread2] INFO  server.RaftServer$Division (RaftServerImpl.java:checkInconsistentAppendEntries(1572)) - s2@group-EA982605F2E5: inconsistency entries. Reply:s1<-s2#2114:FAIL-t2,INCONSISTENCY,nextIndex=0,followerCommit=0,matchIndex=-1
2022-11-08 19:12:10,358 [grpc-default-executor-0] INFO  leader.FollowerInfo (FollowerInfoImpl.java:lambda$new$0(48)) - s1@group-EA982605F2E5->s2: nextIndex: updateUnconditionally 5 -> 0
2022-11-08 19:12:10,359 [s2-server-thread2] DEBUG server.RaftServer$Division (RaftServerImpl.java:logAppendEntries(1421)) - s2@group-EA982605F2E5: receive appendEntries(s1, 2, null, 4, true, commits:[s1:c4, s0:c4, s2:c0], cId:2115, entries: [(t:2, i:0), CONFIGURATIONENTRY(current:id: "s0"
address: "localhost:34297"
dataStreamAddress: "localhost:43983"
clientAddress: "localhost:39609"
adminAddress: "localhost:37077"
startupRole: FOLLOWER
,id: "s1"
address: "localhost:38917"
dataStreamAddress: "localhost:45719"
clientAddress: "localhost:36975"
adminAddress: "localhost:40635"
startupRole: FOLLOWER
,id: "s2"
address: "localhost:35511"
dataStreamAddress: "localhost:38827"
clientAddress: "localhost:42865"
adminAddress: "localhost:36791"
startupRole: FOLLOWER
, old:), (t:2, i:1), STATEMACHINELOGENTRY, 0@client-2EFB324ADA71, (t:2, i:2), METADATAENTRY(c:1), (t:2, i:3), STATEMACHINELOGENTRY, 999@client-AE8279CAF820, (t:2, i:4), METADATAENTRY(c:3)]
2022-11-08 19:12:10,359 [s2-server-thread2] INFO  server.RaftServer$Division (RaftServerImpl.java:checkInconsistentAppendEntries(1592)) - s2@group-EA982605F2E5: Failed appendEntries as the first entry (index 0) already exists (snapshotIndex: -1, commitIndex: 0)
2022-11-08 19:12:10,359 [s2-server-thread2] INFO  server.RaftServer$Division (RaftServerImpl.java:checkInconsistentAppendEntries(1572)) - s2@group-EA982605F2E5: inconsistency entries. Reply:s1<-s2#2115:FAIL-t2,INCONSISTENCY,nextIndex=1,followerCommit=0,matchIndex=-1
2022-11-08 19:12:10,359 [grpc-default-executor-0] INFO  leader.FollowerInfo (FollowerInfoImpl.java:lambda$new$0(48)) - s1@group-EA982605F2E5->s2: nextIndex: updateUnconditionally 5 -> 1
2022-11-08 19:12:10,360 [s2-server-thread2] DEBUG server.RaftServer$Division (RaftServerImpl.java:logAppendEntries(1421)) - s2@group-EA982605F2E5: receive appendEntries(s1, 2, (t:2, i:0), 4, true, commits:[s1:c4, s0:c4, s2:c0], cId:2116, entries: [(t:2, i:1), STATEMACHINELOGENTRY, 0@client-2EFB324ADA71, (t:2, i:2), METADATAENTRY(c:1), (t:2, i:3), STATEMACHINELOGENTRY, 999@client-AE8279CAF820, (t:2, i:4), METADATAENTRY(c:3)]
2022-11-08 19:12:10,360 [s2-server-thread2] INFO  server.RaftServer$Division (RaftServerImpl.java:checkInconsistentAppendEntries(1602)) - s2@group-EA982605F2E5: Failed appendEntries as previous log entry ((t:2, i:0)) is not found
2022-11-08 19:12:10,360 [s2-server-thread2] INFO  server.RaftServer$Division (RaftServerImpl.java:checkInconsistentAppendEntries(1572)) - s2@group-EA982605F2E5: inconsistency entries. Reply:s1<-s2#2116:FAIL-t2,INCONSISTENCY,nextIndex=0,followerCommit=0,matchIndex=-1
2022-11-08 19:12:10,360 [grpc-default-executor-0] INFO  leader.FollowerInfo (FollowerInfoImpl.java:lambda$new$0(48)) - s1@group-EA982605F2E5->s2: nextIndex: updateUnconditionally 5 -> 0
2022-11-08 19:12:10,361 [s2-server-thread2] DEBUG server.RaftServer$Division (RaftServerImpl.java:logAppendEntries(1421)) - s2@group-EA982605F2E5: receive appendEntries(s1, 2, null, 4, true, commits:[s1:c4, s0:c4, s2:c0], cId:2117, entries: [(t:2, i:0), CONFIGURATIONENTRY(current:id: "s0"
address: "localhost:34297"
dataStreamAddress: "localhost:43983"
clientAddress: "localhost:39609"
adminAddress: "localhost:37077"
startupRole: FOLLOWER
,id: "s1"
address: "localhost:38917"
dataStreamAddress: "localhost:45719"
clientAddress: "localhost:36975"
adminAddress: "localhost:40635"
startupRole: FOLLOWER
,id: "s2"
address: "localhost:35511"
dataStreamAddress: "localhost:38827"
clientAddress: "localhost:42865"
adminAddress: "localhost:36791"
startupRole: FOLLOWER
, old:), (t:2, i:1), STATEMACHINELOGENTRY, 0@client-2EFB324ADA71, (t:2, i:2), METADATAENTRY(c:1), (t:2, i:3), STATEMACHINELOGENTRY, 999@client-AE8279CAF820, (t:2, i:4), METADATAENTRY(c:3)]
2022-11-08 19:12:10,361 [s2-server-thread2] INFO  server.RaftServer$Division (RaftServerImpl.java:checkInconsistentAppendEntries(1592)) - s2@group-EA982605F2E5: Failed appendEntries as the first entry (index 0) already exists (snapshotIndex: -1, commitIndex: 0)
2022-11-08 19:12:10,361 [s2-server-thread2] INFO  server.RaftServer$Division (RaftServerImpl.java:checkInconsistentAppendEntries(1572)) - s2@group-EA982605F2E5: inconsistency entries. Reply:s1<-s2#2117:FAIL-t2,INCONSISTENCY,nextIndex=1,followerCommit=0,matchIndex=-1
2022-11-08 19:12:10,361 [grpc-default-executor-0] INFO  leader.FollowerInfo (FollowerInfoImpl.java:lambda$new$0(48)) - s1@group-EA982605F2E5->s2: nextIndex: updateUnconditionally 5 -> 1
2022-11-08 19:12:10,362 [s2-server-thread2] DEBUG server.RaftServer$Division (RaftServerImpl.java:logAppendEntries(1421)) - s2@group-EA982605F2E5: receive appendEntries(s1, 2, (t:2, i:0), 4, true, commits:[s1:c4, s0:c4, s2:c0], cId:2118, entries: [(t:2, i:1), STATEMACHINELOGENTRY, 0@client-2EFB324ADA71, (t:2, i:2), METADATAENTRY(c:1), (t:2, i:3), STATEMACHINELOGENTRY, 999@client-AE8279CAF820, (t:2, i:4), METADATAENTRY(c:3)]
2022-11-08 19:12:10,362 [s2-server-thread2] INFO  server.RaftServer$Division (RaftServerImpl.java:checkInconsistentAppendEntries(1602)) - s2@group-EA982605F2E5: Failed appendEntries as previous log entry ((t:2, i:0)) is not found
2022-11-08 19:12:10,362 [s2-server-thread2] INFO  server.RaftServer$Division (RaftServerImpl.java:checkInconsistentAppendEntries(1572)) - s2@group-EA982605F2E5: inconsistency entries. Reply:s1<-s2#2118:FAIL-t2,INCONSISTENCY,nextIndex=0,followerCommit=0,matchIndex=-1
2022-11-08 19:12:10,362 [grpc-default-executor-0] INFO  leader.FollowerInfo (FollowerInfoImpl.java:lambda$new$0(48)) - s1@group-EA982605F2E5->s2: nextIndex: updateUnconditionally 5 -> 0
2022-11-08 19:12:10,363 [s2-server-thread2] DEBUG server.RaftServer$Division (RaftServerImpl.java:logAppendEntries(1421)) - s2@group-EA982605F2E5: receive appendEntries(s1, 2, null, 4, true, commits:[s1:c4, s0:c4, s2:c0], cId:2119, entries: [(t:2, i:0), CONFIGURATIONENTRY(current:id: "s0"
address: "localhost:34297"
dataStreamAddress: "localhost:43983"
clientAddress: "localhost:39609"
adminAddress: "localhost:37077"
startupRole: FOLLOWER
,id: "s1"
address: "localhost:38917"
dataStreamAddress: "localhost:45719"
clientAddress: "localhost:36975"
adminAddress: "localhost:40635"
startupRole: FOLLOWER
,id: "s2"
address: "localhost:35511"
dataStreamAddress: "localhost:38827"
clientAddress: "localhost:42865"
adminAddress: "localhost:36791"
startupRole: FOLLOWER
, old:), (t:2, i:1), STATEMACHINELOGENTRY, 0@client-2EFB324ADA71, (t:2, i:2), METADATAENTRY(c:1), (t:2, i:3), STATEMACHINELOGENTRY, 999@client-AE8279CAF820, (t:2, i:4), METADATAENTRY(c:3)]
2022-11-08 19:12:10,363 [s2-server-thread2] INFO  server.RaftServer$Division (RaftServerImpl.java:checkInconsistentAppendEntries(1592)) - s2@group-EA982605F2E5: Failed appendEntries as the first entry (index 0) already exists (snapshotIndex: -1, commitIndex: 0)
2022-11-08 19:12:10,363 [s2-server-thread2] INFO  server.RaftServer$Division (RaftServerImpl.java:checkInconsistentAppendEntries(1572)) - s2@group-EA982605F2E5: inconsistency entries. Reply:s1<-s2#2119:FAIL-t2,INCONSISTENCY,nextIndex=1,followerCommit=0,matchIndex=-1
2022-11-08 19:12:10,363 [grpc-default-executor-0] INFO  leader.FollowerInfo (FollowerInfoImpl.java:lambda$new$0(48)) - s1@group-EA982605F2E5->s2: nextIndex: updateUnconditionally 5 -> 1
2022-11-08 19:12:10,364 [s2-server-thread2] DEBUG server.RaftServer$Division (RaftServerImpl.java:logAppendEntries(1421)) - s2@group-EA982605F2E5: receive appendEntries(s1, 2, (t:2, i:0), 4, true, commits:[s1:c4, s0:c4, s2:c0], cId:2120, entries: [(t:2, i:1), STATEMACHINELOGENTRY, 0@client-2EFB324ADA71, (t:2, i:2), METADATAENTRY(c:1), (t:2, i:3), STATEMACHINELOGENTRY, 999@client-AE8279CAF820, (t:2, i:4), METADATAENTRY(c:3)]
2022-11-08 19:12:10,364 [s2-server-thread2] INFO  server.RaftServer$Division (RaftServerImpl.java:checkInconsistentAppendEntries(1602)) - s2@group-EA982605F2E5: Failed appendEntries as previous log entry ((t:2, i:0)) is not found
2022-11-08 19:12:10,364 [s2-server-thread2] INFO  server.RaftServer$Division (RaftServerImpl.java:checkInconsistentAppendEntries(1572)) - s2@group-EA982605F2E5: inconsistency entries. Reply:s1<-s2#2120:FAIL-t2,INCONSISTENCY,nextIndex=0,followerCommit=0,matchIndex=-1
2022-11-08 19:12:10,364 [grpc-default-executor-0] INFO  leader.FollowerInfo (FollowerInfoImpl.java:lambda$new$0(48)) - s1@group-EA982605F2E5->s2: nextIndex: updateUnconditionally 5 -> 0
2022-11-08 19:12:10,365 [s2-server-thread2] DEBUG server.RaftServer$Division (RaftServerImpl.java:logAppendEntries(1421)) - s2@group-EA982605F2E5: receive appendEntries(s1, 2, null, 4, true, commits:[s1:c4, s0:c4, s2:c0], cId:2121, entries: [(t:2, i:0), CONFIGURATIONENTRY(current:id: "s0"
address: "localhost:34297"
dataStreamAddress: "localhost:43983"
clientAddress: "localhost:39609"
adminAddress: "localhost:37077"
startupRole: FOLLOWER
,id: "s1"
address: "localhost:38917"
dataStreamAddress: "localhost:45719"
clientAddress: "localhost:36975"
adminAddress: "localhost:40635"
startupRole: FOLLOWER
,id: "s2"
address: "localhost:35511"
dataStreamAddress: "localhost:38827"
clientAddress: "localhost:42865"
adminAddress: "localhost:36791"
startupRole: FOLLOWER
, old:), (t:2, i:1), STATEMACHINELOGENTRY, 0@client-2EFB324ADA71, (t:2, i:2), METADATAENTRY(c:1), (t:2, i:3), STATEMACHINELOGENTRY, 999@client-AE8279CAF820, (t:2, i:4), METADATAENTRY(c:3)]
2022-11-08 19:12:10,365 [s2-server-thread2] INFO  server.RaftServer$Division (RaftServerImpl.java:checkInconsistentAppendEntries(1592)) - s2@group-EA982605F2E5: Failed appendEntries as the first entry (index 0) already exists (snapshotIndex: -1, commitIndex: 0)
2022-11-08 19:12:10,365 [s2-server-thread2] INFO  server.RaftServer$Division (RaftServerImpl.java:checkInconsistentAppendEntries(1572)) - s2@group-EA982605F2E5: inconsistency entries. Reply:s1<-s2#2121:FAIL-t2,INCONSISTENCY,nextIndex=1,followerCommit=0,matchIndex=-1
2022-11-08 19:12:10,365 [grpc-default-executor-0] INFO  leader.FollowerInfo (FollowerInfoImpl.java:lambda$new$0(48)) - s1@group-EA982605F2E5->s2: nextIndex: updateUnconditionally 5 -> 1
2022-11-08 19:12:10,366 [s2-server-thread2] DEBUG server.RaftServer$Division (RaftServerImpl.java:logAppendEntries(1421)) - s2@group-EA982605F2E5: receive appendEntries(s1, 2, (t:2, i:0), 4, true, commits:[s1:c4, s0:c4, s2:c0], cId:2122, entries: [(t:2, i:1), STATEMACHINELOGENTRY, 0@client-2EFB324ADA71, (t:2, i:2), METADATAENTRY(c:1), (t:2, i:3), STATEMACHINELOGENTRY, 999@client-AE8279CAF820, (t:2, i:4), METADATAENTRY(c:3)]
2022-11-08 19:12:10,366 [s2-server-thread2] INFO  server.RaftServer$Division (RaftServerImpl.java:checkInconsistentAppendEntries(1602)) - s2@group-EA982605F2E5: Failed appendEntries as previous log entry ((t:2, i:0)) is not found
2022-11-08 19:12:10,366 [s2-server-thread2] INFO  server.RaftServer$Division (RaftServerImpl.java:checkInconsistentAppendEntries(1572)) - s2@group-EA982605F2E5: inconsistency entries. Reply:s1<-s2#2122:FAIL-t2,INCONSISTENCY,nextIndex=0,followerCommit=0,matchIndex=-1
2022-11-08 19:12:10,366 [grpc-default-executor-0] INFO  leader.FollowerInfo (FollowerInfoImpl.java:lambda$new$0(48)) - s1@group-EA982605F2E5->s2: nextIndex: updateUnconditionally 5 -> 0
2022-11-08 19:12:10,367 [s2-server-thread2] DEBUG server.RaftServer$Division (RaftServerImpl.java:logAppendEntries(1421)) - s2@group-EA982605F2E5: receive appendEntries(s1, 2, null, 4, true, commits:[s1:c4, s0:c4, s2:c0], cId:2123, entries: [(t:2, i:0), CONFIGURATIONENTRY(current:id: "s0"
address: "localhost:34297"
dataStreamAddress: "localhost:43983"
clientAddress: "localhost:39609"
adminAddress: "localhost:37077"
startupRole: FOLLOWER
,id: "s1"
address: "localhost:38917"
dataStreamAddress: "localhost:45719"
clientAddress: "localhost:36975"
adminAddress: "localhost:40635"
startupRole: FOLLOWER
,id: "s2"
address: "localhost:35511"
dataStreamAddress: "localhost:38827"
clientAddress: "localhost:42865"
adminAddress: "localhost:36791"
startupRole: FOLLOWER
, old:), (t:2, i:1), STATEMACHINELOGENTRY, 0@client-2EFB324ADA71, (t:2, i:2), METADATAENTRY(c:1), (t:2, i:3), STATEMACHINELOGENTRY, 999@client-AE8279CAF820, (t:2, i:4), METADATAENTRY(c:3)]
2022-11-08 19:12:10,367 [s2-server-thread2] INFO  server.RaftServer$Division (RaftServerImpl.java:checkInconsistentAppendEntries(1592)) - s2@group-EA982605F2E5: Failed appendEntries as the first entry (index 0) already exists (snapshotIndex: -1, commitIndex: 0)
2022-11-08 19:12:10,367 [s2-server-thread2] INFO  server.RaftServer$Division (RaftServerImpl.java:checkInconsistentAppendEntries(1572)) - s2@group-EA982605F2E5: inconsistency entries. Reply:s1<-s2#2123:FAIL-t2,INCONSISTENCY,nextIndex=1,followerCommit=0,matchIndex=-1
2022-11-08 19:12:10,367 [grpc-default-executor-0] INFO  leader.FollowerInfo (FollowerInfoImpl.java:lambda$new$0(48)) - s1@group-EA982605F2E5->s2: nextIndex: updateUnconditionally 5 -> 1
2022-11-08 19:12:10,368 [s2-server-thread2] DEBUG server.RaftServer$Division (RaftServerImpl.java:logAppendEntries(1421)) - s2@group-EA982605F2E5: receive appendEntries(s1, 2, (t:2, i:0), 4, true, commits:[s1:c4, s0:c4, s2:c0], cId:2124, entries: [(t:2, i:1), STATEMACHINELOGENTRY, 0@client-2EFB324ADA71, (t:2, i:2), METADATAENTRY(c:1), (t:2, i:3), STATEMACHINELOGENTRY, 999@client-AE8279CAF820, (t:2, i:4), METADATAENTRY(c:3)]
2022-11-08 19:12:10,368 [s2-server-thread2] INFO  server.RaftServer$Division (RaftServerImpl.java:checkInconsistentAppendEntries(1602)) - s2@group-EA982605F2E5: Failed appendEntries as previous log entry ((t:2, i:0)) is not found
2022-11-08 19:12:10,368 [s2-server-thread2] INFO  server.RaftServer$Division (RaftServerImpl.java:checkInconsistentAppendEntries(1572)) - s2@group-EA982605F2E5: inconsistency entries. Reply:s1<-s2#2124:FAIL-t2,INCONSISTENCY,nextIndex=0,followerCommit=0,matchIndex=-1
2022-11-08 19:12:10,369 [grpc-default-executor-0] INFO  leader.FollowerInfo (FollowerInfoImpl.java:lambda$new$0(48)) - s1@group-EA982605F2E5->s2: nextIndex: updateUnconditionally 5 -> 0
2022-11-08 19:12:10,369 [s2-server-thread2] DEBUG server.RaftServer$Division (RaftServerImpl.java:logAppendEntries(1421)) - s2@group-EA982605F2E5: receive appendEntries(s1, 2, null, 4, true, commits:[s1:c4, s0:c4, s2:c0], cId:2125, entries: [(t:2, i:0), CONFIGURATIONENTRY(current:id: "s0"
address: "localhost:34297"
dataStreamAddress: "localhost:43983"
clientAddress: "localhost:39609"
adminAddress: "localhost:37077"
startupRole: FOLLOWER
,id: "s1"
address: "localhost:38917"
dataStreamAddress: "localhost:45719"
clientAddress: "localhost:36975"
adminAddress: "localhost:40635"
startupRole: FOLLOWER
,id: "s2"
address: "localhost:35511"
dataStreamAddress: "localhost:38827"
clientAddress: "localhost:42865"
adminAddress: "localhost:36791"
startupRole: FOLLOWER
, old:), (t:2, i:1), STATEMACHINELOGENTRY, 0@client-2EFB324ADA71, (t:2, i:2), METADATAENTRY(c:1), (t:2, i:3), STATEMACHINELOGENTRY, 999@client-AE8279CAF820, (t:2, i:4), METADATAENTRY(c:3)]
2022-11-08 19:12:10,369 [s2-server-thread2] INFO  server.RaftServer$Division (RaftServerImpl.java:checkInconsistentAppendEntries(1592)) - s2@group-EA982605F2E5: Failed appendEntries as the first entry (index 0) already exists (snapshotIndex: -1, commitIndex: 0)
2022-11-08 19:12:10,369 [s2-server-thread2] INFO  server.RaftServer$Division (RaftServerImpl.java:checkInconsistentAppendEntries(1572)) - s2@group-EA982605F2E5: inconsistency entries. Reply:s1<-s2#2125:FAIL-t2,INCONSISTENCY,nextIndex=1,followerCommit=0,matchIndex=-1
2022-11-08 19:12:10,370 [grpc-default-executor-0] INFO  leader.FollowerInfo (FollowerInfoImpl.java:lambda$new$0(48)) - s1@group-EA982605F2E5->s2: nextIndex: updateUnconditionally 5 -> 1
2022-11-08 19:12:10,370 [s2-server-thread2] DEBUG server.RaftServer$Division (RaftServerImpl.java:logAppendEntries(1421)) - s2@group-EA982605F2E5: receive appendEntries(s1, 2, (t:2, i:0), 4, true, commits:[s1:c4, s0:c4, s2:c0], cId:2126, entries: [(t:2, i:1), STATEMACHINELOGENTRY, 0@client-2EFB324ADA71, (t:2, i:2), METADATAENTRY(c:1), (t:2, i:3), STATEMACHINELOGENTRY, 999@client-AE8279CAF820, (t:2, i:4), METADATAENTRY(c:3)]
2022-11-08 19:12:10,371 [s2-server-thread2] INFO  server.RaftServer$Division (RaftServerImpl.java:checkInconsistentAppendEntries(1602)) - s2@group-EA982605F2E5: Failed appendEntries as previous log entry ((t:2, i:0)) is not found
2022-11-08 19:12:10,371 [s2-server-thread2] INFO  server.RaftServer$Division (RaftServerImpl.java:checkInconsistentAppendEntries(1572)) - s2@group-EA982605F2E5: inconsistency entries. Reply:s1<-s2#2126:FAIL-t2,INCONSISTENCY,nextIndex=0,followerCommit=0,matchIndex=-1
2022-11-08 19:12:10,371 [grpc-default-executor-0] INFO  leader.FollowerInfo (FollowerInfoImpl.java:lambda$new$0(48)) - s1@group-EA982605F2E5->s2: nextIndex: updateUnconditionally 5 -> 0
2022-11-08 19:12:10,372 [s2-server-thread2] DEBUG server.RaftServer$Division (RaftServerImpl.java:logAppendEntries(1421)) - s2@group-EA982605F2E5: receive appendEntries(s1, 2, null, 4, true, commits:[s1:c4, s0:c4, s2:c0], cId:2127, entries: [(t:2, i:0), CONFIGURATIONENTRY(current:id: "s0"
address: "localhost:34297"
dataStreamAddress: "localhost:43983"
clientAddress: "localhost:39609"
adminAddress: "localhost:37077"
startupRole: FOLLOWER
,id: "s1"
address: "localhost:38917"
dataStreamAddress: "localhost:45719"
clientAddress: "localhost:36975"
adminAddress: "localhost:40635"
startupRole: FOLLOWER
,id: "s2"
address: "localhost:35511"
dataStreamAddress: "localhost:38827"
clientAddress: "localhost:42865"
adminAddress: "localhost:36791"
startupRole: FOLLOWER
, old:), (t:2, i:1), STATEMACHINELOGENTRY, 0@client-2EFB324ADA71, (t:2, i:2), METADATAENTRY(c:1), (t:2, i:3), STATEMACHINELOGENTRY, 999@client-AE8279CAF820, (t:2, i:4), METADATAENTRY(c:3)]
2022-11-08 19:12:10,372 [s2-server-thread2] INFO  server.RaftServer$Division (RaftServerImpl.java:checkInconsistentAppendEntries(1592)) - s2@group-EA982605F2E5: Failed appendEntries as the first entry (index 0) already exists (snapshotIndex: -1, commitIndex: 0)
2022-11-08 19:12:10,372 [s2-server-thread2] INFO  server.RaftServer$Division (RaftServerImpl.java:checkInconsistentAppendEntries(1572)) - s2@group-EA982605F2E5: inconsistency entries. Reply:s1<-s2#2127:FAIL-t2,INCONSISTENCY,nextIndex=1,followerCommit=0,matchIndex=-1
2022-11-08 19:12:10,372 [grpc-default-executor-0] INFO  leader.FollowerInfo (FollowerInfoImpl.java:lambda$new$0(48)) - s1@group-EA982605F2E5->s2: nextIndex: updateUnconditionally 5 -> 1
2022-11-08 19:12:10,373 [s2-server-thread2] DEBUG server.RaftServer$Division (RaftServerImpl.java:logAppendEntries(1421)) - s2@group-EA982605F2E5: receive appendEntries(s1, 2, (t:2, i:0), 4, true, commits:[s1:c4, s0:c4, s2:c0], cId:2128, entries: [(t:2, i:1), STATEMACHINELOGENTRY, 0@client-2EFB324ADA71, (t:2, i:2), METADATAENTRY(c:1), (t:2, i:3), STATEMACHINELOGENTRY, 999@client-AE8279CAF820, (t:2, i:4), METADATAENTRY(c:3)]
2022-11-08 19:12:10,373 [s2-server-thread2] INFO  server.RaftServer$Division (RaftServerImpl.java:checkInconsistentAppendEntries(1602)) - s2@group-EA982605F2E5: Failed appendEntries as previous log entry ((t:2, i:0)) is not found
2022-11-08 19:12:10,373 [s2-server-thread2] INFO  server.RaftServer$Division (RaftServerImpl.java:checkInconsistentAppendEntries(1572)) - s2@group-EA982605F2E5: inconsistency entries. Reply:s1<-s2#2128:FAIL-t2,INCONSISTENCY,nextIndex=0,followerCommit=0,matchIndex=-1
2022-11-08 19:12:10,373 [grpc-default-executor-0] INFO  leader.FollowerInfo (FollowerInfoImpl.java:lambda$new$0(48)) - s1@group-EA982605F2E5->s2: nextIndex: updateUnconditionally 5 -> 0
2022-11-08 19:12:10,374 [s2-server-thread2] DEBUG server.RaftServer$Division (RaftServerImpl.java:logAppendEntries(1421)) - s2@group-EA982605F2E5: receive appendEntries(s1, 2, null, 4, true, commits:[s1:c4, s0:c4, s2:c0], cId:2129, entries: [(t:2, i:0), CONFIGURATIONENTRY(current:id: "s0"
address: "localhost:34297"
dataStreamAddress: "localhost:43983"
clientAddress: "localhost:39609"
adminAddress: "localhost:37077"
startupRole: FOLLOWER
,id: "s1"
address: "localhost:38917"
dataStreamAddress: "localhost:45719"
clientAddress: "localhost:36975"
adminAddress: "localhost:40635"
startupRole: FOLLOWER
,id: "s2"
address: "localhost:35511"
dataStreamAddress: "localhost:38827"
clientAddress: "localhost:42865"
adminAddress: "localhost:36791"
startupRole: FOLLOWER
, old:), (t:2, i:1), STATEMACHINELOGENTRY, 0@client-2EFB324ADA71, (t:2, i:2), METADATAENTRY(c:1), (t:2, i:3), STATEMACHINELOGENTRY, 999@client-AE8279CAF820, (t:2, i:4), METADATAENTRY(c:3)]
2022-11-08 19:12:10,374 [s2-server-thread2] INFO  server.RaftServer$Division (RaftServerImpl.java:checkInconsistentAppendEntries(1592)) - s2@group-EA982605F2E5: Failed appendEntries as the first entry (index 0) already exists (snapshotIndex: -1, commitIndex: 0)
2022-11-08 19:12:10,374 [s2-server-thread2] INFO  server.RaftServer$Division (RaftServerImpl.java:checkInconsistentAppendEntries(1572)) - s2@group-EA982605F2E5: inconsistency entries. Reply:s1<-s2#2129:FAIL-t2,INCONSISTENCY,nextIndex=1,followerCommit=0,matchIndex=-1
2022-11-08 19:12:10,375 [grpc-default-executor-0] INFO  leader.FollowerInfo (FollowerInfoImpl.java:lambda$new$0(48)) - s1@group-EA982605F2E5->s2: nextIndex: updateUnconditionally 5 -> 1
2022-11-08 19:12:10,375 [s2-server-thread2] DEBUG server.RaftServer$Division (RaftServerImpl.java:logAppendEntries(1421)) - s2@group-EA982605F2E5: receive appendEntries(s1, 2, (t:2, i:0), 4, true, commits:[s1:c4, s0:c4, s2:c0], cId:2130, entries: [(t:2, i:1), STATEMACHINELOGENTRY, 0@client-2EFB324ADA71, (t:2, i:2), METADATAENTRY(c:1), (t:2, i:3), STATEMACHINELOGENTRY, 999@client-AE8279CAF820, (t:2, i:4), METADATAENTRY(c:3)]
2022-11-08 19:12:10,375 [s2-server-thread2] INFO  server.RaftServer$Division (RaftServerImpl.java:checkInconsistentAppendEntries(1602)) - s2@group-EA982605F2E5: Failed appendEntries as previous log entry ((t:2, i:0)) is not found
2022-11-08 19:12:10,375 [s2-server-thread2] INFO  server.RaftServer$Division (RaftServerImpl.java:checkInconsistentAppendEntries(1572)) - s2@group-EA982605F2E5: inconsistency entries. Reply:s1<-s2#2130:FAIL-t2,INCONSISTENCY,nextIndex=0,followerCommit=0,matchIndex=-1
2022-11-08 19:12:10,376 [grpc-default-executor-0] INFO  leader.FollowerInfo (FollowerInfoImpl.java:lambda$new$0(48)) - s1@group-EA982605F2E5->s2: nextIndex: updateUnconditionally 5 -> 0
2022-11-08 19:12:10,376 [s2-server-thread1] DEBUG server.RaftServer$Division (RaftServerImpl.java:logAppendEntries(1421)) - s2@group-EA982605F2E5: receive appendEntries(s1, 2, null, 4, true, commits:[s1:c4, s0:c4, s2:c0], cId:2131, entries: [(t:2, i:0), CONFIGURATIONENTRY(current:id: "s0"
address: "localhost:34297"
dataStreamAddress: "localhost:43983"
clientAddress: "localhost:39609"
adminAddress: "localhost:37077"
startupRole: FOLLOWER
,id: "s1"
address: "localhost:38917"
dataStreamAddress: "localhost:45719"
clientAddress: "localhost:36975"
adminAddress: "localhost:40635"
startupRole: FOLLOWER
,id: "s2"
address: "localhost:35511"
dataStreamAddress: "localhost:38827"
clientAddress: "localhost:42865"
adminAddress: "localhost:36791"
startupRole: FOLLOWER
, old:), (t:2, i:1), STATEMACHINELOGENTRY, 0@client-2EFB324ADA71, (t:2, i:2), METADATAENTRY(c:1), (t:2, i:3), STATEMACHINELOGENTRY, 999@client-AE8279CAF820, (t:2, i:4), METADATAENTRY(c:3)]
2022-11-08 19:12:10,376 [s2-server-thread1] INFO  server.RaftServer$Division (RaftServerImpl.java:checkInconsistentAppendEntries(1592)) - s2@group-EA982605F2E5: Failed appendEntries as the first entry (index 0) already exists (snapshotIndex: -1, commitIndex: 0)
2022-11-08 19:12:10,377 [s2-server-thread1] INFO  server.RaftServer$Division (RaftServerImpl.java:checkInconsistentAppendEntries(1572)) - s2@group-EA982605F2E5: inconsistency entries. Reply:s1<-s2#2131:FAIL-t2,INCONSISTENCY,nextIndex=1,followerCommit=0,matchIndex=-1
2022-11-08 19:12:10,377 [grpc-default-executor-0] INFO  leader.FollowerInfo (FollowerInfoImpl.java:lambda$new$0(48)) - s1@group-EA982605F2E5->s2: nextIndex: updateUnconditionally 5 -> 1
2022-11-08 19:12:10,377 [s2-server-thread1] DEBUG server.RaftServer$Division (RaftServerImpl.java:logAppendEntries(1421)) - s2@group-EA982605F2E5: receive appendEntries(s1, 2, (t:2, i:0), 4, true, commits:[s1:c4, s0:c4, s2:c0], cId:2132, entries: [(t:2, i:1), STATEMACHINELOGENTRY, 0@client-2EFB324ADA71, (t:2, i:2), METADATAENTRY(c:1), (t:2, i:3), STATEMACHINELOGENTRY, 999@client-AE8279CAF820, (t:2, i:4), METADATAENTRY(c:3)]
2022-11-08 19:12:10,378 [s2-server-thread1] INFO  server.RaftServer$Division (RaftServerImpl.java:checkInconsistentAppendEntries(1602)) - s2@group-EA982605F2E5: Failed appendEntries as previous log entry ((t:2, i:0)) is not found
2022-11-08 19:12:10,378 [s2-server-thread1] INFO  server.RaftServer$Division (RaftServerImpl.java:checkInconsistentAppendEntries(1572)) - s2@group-EA982605F2E5: inconsistency entries. Reply:s1<-s2#2132:FAIL-t2,INCONSISTENCY,nextIndex=0,followerCommit=0,matchIndex=-1
2022-11-08 19:12:10,378 [grpc-default-executor-0] INFO  leader.FollowerInfo (FollowerInfoImpl.java:lambda$new$0(48)) - s1@group-EA982605F2E5->s2: nextIndex: updateUnconditionally 5 -> 0
2022-11-08 19:12:10,379 [s2-server-thread1] DEBUG server.RaftServer$Division (RaftServerImpl.java:logAppendEntries(1421)) - s2@group-EA982605F2E5: receive appendEntries(s1, 2, null, 4, true, commits:[s1:c4, s0:c4, s2:c0], cId:2133, entries: [(t:2, i:0), CONFIGURATIONENTRY(current:id: "s0"
address: "localhost:34297"
dataStreamAddress: "localhost:43983"
clientAddress: "localhost:39609"
adminAddress: "localhost:37077"
startupRole: FOLLOWER
,id: "s1"
address: "localhost:38917"
dataStreamAddress: "localhost:45719"
clientAddress: "localhost:36975"
adminAddress: "localhost:40635"
startupRole: FOLLOWER
,id: "s2"
address: "localhost:35511"
dataStreamAddress: "localhost:38827"
clientAddress: "localhost:42865"
adminAddress: "localhost:36791"
startupRole: FOLLOWER
, old:), (t:2, i:1), STATEMACHINELOGENTRY, 0@client-2EFB324ADA71, (t:2, i:2), METADATAENTRY(c:1), (t:2, i:3), STATEMACHINELOGENTRY, 999@client-AE8279CAF820, (t:2, i:4), METADATAENTRY(c:3)]
2022-11-08 19:12:10,379 [s2-server-thread1] INFO  server.RaftServer$Division (RaftServerImpl.java:checkInconsistentAppendEntries(1592)) - s2@group-EA982605F2E5: Failed appendEntries as the first entry (index 0) already exists (snapshotIndex: -1, commitIndex: 0)
2022-11-08 19:12:10,379 [s2-server-thread1] INFO  server.RaftServer$Division (RaftServerImpl.java:checkInconsistentAppendEntries(1572)) - s2@group-EA982605F2E5: inconsistency entries. Reply:s1<-s2#2133:FAIL-t2,INCONSISTENCY,nextIndex=1,followerCommit=0,matchIndex=-1
2022-11-08 19:12:10,379 [grpc-default-executor-0] INFO  leader.FollowerInfo (FollowerInfoImpl.java:lambda$new$0(48)) - s1@group-EA982605F2E5->s2: nextIndex: updateUnconditionally 5 -> 1
2022-11-08 19:12:10,380 [s2-server-thread1] DEBUG server.RaftServer$Division (RaftServerImpl.java:logAppendEntries(1421)) - s2@group-EA982605F2E5: receive appendEntries(s1, 2, (t:2, i:0), 4, true, commits:[s1:c4, s0:c4, s2:c0], cId:2134, entries: [(t:2, i:1), STATEMACHINELOGENTRY, 0@client-2EFB324ADA71, (t:2, i:2), METADATAENTRY(c:1), (t:2, i:3), STATEMACHINELOGENTRY, 999@client-AE8279CAF820, (t:2, i:4), METADATAENTRY(c:3)]
2022-11-08 19:12:10,380 [s2-server-thread1] INFO  server.RaftServer$Division (RaftServerImpl.java:checkInconsistentAppendEntries(1602)) - s2@group-EA982605F2E5: Failed appendEntries as previous log entry ((t:2, i:0)) is not found
2022-11-08 19:12:10,380 [s2-server-thread1] INFO  server.RaftServer$Division (RaftServerImpl.java:checkInconsistentAppendEntries(1572)) - s2@group-EA982605F2E5: inconsistency entries. Reply:s1<-s2#2134:FAIL-t2,INCONSISTENCY,nextIndex=0,followerCommit=0,matchIndex=-1
2022-11-08 19:12:10,380 [grpc-default-executor-0] INFO  leader.FollowerInfo (FollowerInfoImpl.java:lambda$new$0(48)) - s1@group-EA982605F2E5->s2: nextIndex: updateUnconditionally 5 -> 0
2022-11-08 19:12:10,381 [s2-server-thread1] DEBUG server.RaftServer$Division (RaftServerImpl.java:logAppendEntries(1421)) - s2@group-EA982605F2E5: receive appendEntries(s1, 2, null, 4, true, commits:[s1:c4, s0:c4, s2:c0], cId:2135, entries: [(t:2, i:0), CONFIGURATIONENTRY(current:id: "s0"
address: "localhost:34297"
dataStreamAddress: "localhost:43983"
clientAddress: "localhost:39609"
adminAddress: "localhost:37077"
startupRole: FOLLOWER
,id: "s1"
address: "localhost:38917"
dataStreamAddress: "localhost:45719"
clientAddress: "localhost:36975"
adminAddress: "localhost:40635"
startupRole: FOLLOWER
,id: "s2"
address: "localhost:35511"
dataStreamAddress: "localhost:38827"
clientAddress: "localhost:42865"
adminAddress: "localhost:36791"
startupRole: FOLLOWER
, old:), (t:2, i:1), STATEMACHINELOGENTRY, 0@client-2EFB324ADA71, (t:2, i:2), METADATAENTRY(c:1), (t:2, i:3), STATEMACHINELOGENTRY, 999@client-AE8279CAF820, (t:2, i:4), METADATAENTRY(c:3)]
2022-11-08 19:12:10,381 [s2-server-thread1] INFO  server.RaftServer$Division (RaftServerImpl.java:checkInconsistentAppendEntries(1592)) - s2@group-EA982605F2E5: Failed appendEntries as the first entry (index 0) already exists (snapshotIndex: -1, commitIndex: 0)
2022-11-08 19:12:10,381 [s2-server-thread1] INFO  server.RaftServer$Division (RaftServerImpl.java:checkInconsistentAppendEntries(1572)) - s2@group-EA982605F2E5: inconsistency entries. Reply:s1<-s2#2135:FAIL-t2,INCONSISTENCY,nextIndex=1,followerCommit=0,matchIndex=-1
2022-11-08 19:12:10,381 [grpc-default-executor-0] INFO  leader.FollowerInfo (FollowerInfoImpl.java:lambda$new$0(48)) - s1@group-EA982605F2E5->s2: nextIndex: updateUnconditionally 5 -> 1
2022-11-08 19:12:10,382 [s2-server-thread1] DEBUG server.RaftServer$Division (RaftServerImpl.java:logAppendEntries(1421)) - s2@group-EA982605F2E5: receive appendEntries(s1, 2, (t:2, i:0), 4, true, commits:[s1:c4, s0:c4, s2:c0], cId:2136, entries: [(t:2, i:1), STATEMACHINELOGENTRY, 0@client-2EFB324ADA71, (t:2, i:2), METADATAENTRY(c:1), (t:2, i:3), STATEMACHINELOGENTRY, 999@client-AE8279CAF820, (t:2, i:4), METADATAENTRY(c:3)]
2022-11-08 19:12:10,382 [s2-server-thread1] INFO  server.RaftServer$Division (RaftServerImpl.java:checkInconsistentAppendEntries(1602)) - s2@group-EA982605F2E5: Failed appendEntries as previous log entry ((t:2, i:0)) is not found
2022-11-08 19:12:10,382 [s2-server-thread1] INFO  server.RaftServer$Division (RaftServerImpl.java:checkInconsistentAppendEntries(1572)) - s2@group-EA982605F2E5: inconsistency entries. Reply:s1<-s2#2136:FAIL-t2,INCONSISTENCY,nextIndex=0,followerCommit=0,matchIndex=-1
2022-11-08 19:12:10,382 [grpc-default-executor-0] INFO  leader.FollowerInfo (FollowerInfoImpl.java:lambda$new$0(48)) - s1@group-EA982605F2E5->s2: nextIndex: updateUnconditionally 5 -> 0
2022-11-08 19:12:10,383 [s2-server-thread1] DEBUG server.RaftServer$Division (RaftServerImpl.java:logAppendEntries(1421)) - s2@group-EA982605F2E5: receive appendEntries(s1, 2, null, 4, true, commits:[s1:c4, s0:c4, s2:c0], cId:2137, entries: [(t:2, i:0), CONFIGURATIONENTRY(current:id: "s0"
address: "localhost:34297"
dataStreamAddress: "localhost:43983"
clientAddress: "localhost:39609"
adminAddress: "localhost:37077"
startupRole: FOLLOWER
,id: "s1"
address: "localhost:38917"
dataStreamAddress: "localhost:45719"
clientAddress: "localhost:36975"
adminAddress: "localhost:40635"
startupRole: FOLLOWER
,id: "s2"
address: "localhost:35511"
dataStreamAddress: "localhost:38827"
clientAddress: "localhost:42865"
adminAddress: "localhost:36791"
startupRole: FOLLOWER
, old:), (t:2, i:1), STATEMACHINELOGENTRY, 0@client-2EFB324ADA71, (t:2, i:2), METADATAENTRY(c:1), (t:2, i:3), STATEMACHINELOGENTRY, 999@client-AE8279CAF820, (t:2, i:4), METADATAENTRY(c:3)]
2022-11-08 19:12:10,383 [s2-server-thread1] INFO  server.RaftServer$Division (RaftServerImpl.java:checkInconsistentAppendEntries(1592)) - s2@group-EA982605F2E5: Failed appendEntries as the first entry (index 0) already exists (snapshotIndex: -1, commitIndex: 0)
2022-11-08 19:12:10,383 [s2-server-thread1] INFO  server.RaftServer$Division (RaftServerImpl.java:checkInconsistentAppendEntries(1572)) - s2@group-EA982605F2E5: inconsistency entries. Reply:s1<-s2#2137:FAIL-t2,INCONSISTENCY,nextIndex=1,followerCommit=0,matchIndex=-1
2022-11-08 19:12:10,383 [grpc-default-executor-0] INFO  leader.FollowerInfo (FollowerInfoImpl.java:lambda$new$0(48)) - s1@group-EA982605F2E5->s2: nextIndex: updateUnconditionally 5 -> 1
2022-11-08 19:12:10,384 [s2-server-thread1] DEBUG server.RaftServer$Division (RaftServerImpl.java:logAppendEntries(1421)) - s2@group-EA982605F2E5: receive appendEntries(s1, 2, (t:2, i:0), 4, true, commits:[s1:c4, s0:c4, s2:c0], cId:2138, entries: [(t:2, i:1), STATEMACHINELOGENTRY, 0@client-2EFB324ADA71, (t:2, i:2), METADATAENTRY(c:1), (t:2, i:3), STATEMACHINELOGENTRY, 999@client-AE8279CAF820, (t:2, i:4), METADATAENTRY(c:3)]
2022-11-08 19:12:10,384 [s2-server-thread1] INFO  server.RaftServer$Division (RaftServerImpl.java:checkInconsistentAppendEntries(1602)) - s2@group-EA982605F2E5: Failed appendEntries as previous log entry ((t:2, i:0)) is not found
2022-11-08 19:12:10,384 [s2-server-thread1] INFO  server.RaftServer$Division (RaftServerImpl.java:checkInconsistentAppendEntries(1572)) - s2@group-EA982605F2E5: inconsistency entries. Reply:s1<-s2#2138:FAIL-t2,INCONSISTENCY,nextIndex=0,followerCommit=0,matchIndex=-1
2022-11-08 19:12:10,384 [grpc-default-executor-0] INFO  leader.FollowerInfo (FollowerInfoImpl.java:lambda$new$0(48)) - s1@group-EA982605F2E5->s2: nextIndex: updateUnconditionally 5 -> 0
2022-11-08 19:12:10,385 [s2-server-thread1] DEBUG server.RaftServer$Division (RaftServerImpl.java:logAppendEntries(1421)) - s2@group-EA982605F2E5: receive appendEntries(s1, 2, null, 4, true, commits:[s1:c4, s0:c4, s2:c0], cId:2139, entries: [(t:2, i:0), CONFIGURATIONENTRY(current:id: "s0"
address: "localhost:34297"
dataStreamAddress: "localhost:43983"
clientAddress: "localhost:39609"
adminAddress: "localhost:37077"
startupRole: FOLLOWER
,id: "s1"
address: "localhost:38917"
dataStreamAddress: "localhost:45719"
clientAddress: "localhost:36975"
adminAddress: "localhost:40635"
startupRole: FOLLOWER
,id: "s2"
address: "localhost:35511"
dataStreamAddress: "localhost:38827"
clientAddress: "localhost:42865"
adminAddress: "localhost:36791"
startupRole: FOLLOWER
, old:), (t:2, i:1), STATEMACHINELOGENTRY, 0@client-2EFB324ADA71, (t:2, i:2), METADATAENTRY(c:1), (t:2, i:3), STATEMACHINELOGENTRY, 999@client-AE8279CAF820, (t:2, i:4), METADATAENTRY(c:3)]
2022-11-08 19:12:10,385 [s2-server-thread1] INFO  server.RaftServer$Division (RaftServerImpl.java:checkInconsistentAppendEntries(1592)) - s2@group-EA982605F2E5: Failed appendEntries as the first entry (index 0) already exists (snapshotIndex: -1, commitIndex: 0)
2022-11-08 19:12:10,385 [s2-server-thread1] INFO  server.RaftServer$Division (RaftServerImpl.java:checkInconsistentAppendEntries(1572)) - s2@group-EA982605F2E5: inconsistency entries. Reply:s1<-s2#2139:FAIL-t2,INCONSISTENCY,nextIndex=1,followerCommit=0,matchIndex=-1
2022-11-08 19:12:10,385 [grpc-default-executor-0] INFO  leader.FollowerInfo (FollowerInfoImpl.java:lambda$new$0(48)) - s1@group-EA982605F2E5->s2: nextIndex: updateUnconditionally 5 -> 1
2022-11-08 19:12:10,386 [s2-server-thread1] DEBUG server.RaftServer$Division (RaftServerImpl.java:logAppendEntries(1421)) - s2@group-EA982605F2E5: receive appendEntries(s1, 2, (t:2, i:0), 4, true, commits:[s1:c4, s0:c4, s2:c0], cId:2140, entries: [(t:2, i:1), STATEMACHINELOGENTRY, 0@client-2EFB324ADA71, (t:2, i:2), METADATAENTRY(c:1), (t:2, i:3), STATEMACHINELOGENTRY, 999@client-AE8279CAF820, (t:2, i:4), METADATAENTRY(c:3)]
2022-11-08 19:12:10,386 [s2-server-thread1] INFO  server.RaftServer$Division (RaftServerImpl.java:checkInconsistentAppendEntries(1602)) - s2@group-EA982605F2E5: Failed appendEntries as previous log entry ((t:2, i:0)) is not found
2022-11-08 19:12:10,386 [s2-server-thread1] INFO  server.RaftServer$Division (RaftServerImpl.java:checkInconsistentAppendEntries(1572)) - s2@group-EA982605F2E5: inconsistency entries. Reply:s1<-s2#2140:FAIL-t2,INCONSISTENCY,nextIndex=0,followerCommit=0,matchIndex=-1
2022-11-08 19:12:10,386 [grpc-default-executor-0] INFO  leader.FollowerInfo (FollowerInfoImpl.java:lambda$new$0(48)) - s1@group-EA982605F2E5->s2: nextIndex: updateUnconditionally 5 -> 0
2022-11-08 19:12:10,387 [s2-server-thread1] DEBUG server.RaftServer$Division (RaftServerImpl.java:logAppendEntries(1421)) - s2@group-EA982605F2E5: receive appendEntries(s1, 2, null, 4, true, commits:[s1:c4, s0:c4, s2:c0], cId:2141, entries: [(t:2, i:0), CONFIGURATIONENTRY(current:id: "s0"
address: "localhost:34297"
dataStreamAddress: "localhost:43983"
clientAddress: "localhost:39609"
adminAddress: "localhost:37077"
startupRole: FOLLOWER
,id: "s1"
address: "localhost:38917"
dataStreamAddress: "localhost:45719"
clientAddress: "localhost:36975"
adminAddress: "localhost:40635"
startupRole: FOLLOWER
,id: "s2"
address: "localhost:35511"
dataStreamAddress: "localhost:38827"
clientAddress: "localhost:42865"
adminAddress: "localhost:36791"
startupRole: FOLLOWER
, old:), (t:2, i:1), STATEMACHINELOGENTRY, 0@client-2EFB324ADA71, (t:2, i:2), METADATAENTRY(c:1), (t:2, i:3), STATEMACHINELOGENTRY, 999@client-AE8279CAF820, (t:2, i:4), METADATAENTRY(c:3)]
2022-11-08 19:12:10,387 [s2-server-thread1] INFO  server.RaftServer$Division (RaftServerImpl.java:checkInconsistentAppendEntries(1592)) - s2@group-EA982605F2E5: Failed appendEntries as the first entry (index 0) already exists (snapshotIndex: -1, commitIndex: 0)
2022-11-08 19:12:10,387 [s2-server-thread1] INFO  server.RaftServer$Division (RaftServerImpl.java:checkInconsistentAppendEntries(1572)) - s2@group-EA982605F2E5: inconsistency entries. Reply:s1<-s2#2141:FAIL-t2,INCONSISTENCY,nextIndex=1,followerCommit=0,matchIndex=-1
2022-11-08 19:12:10,387 [grpc-default-executor-0] INFO  leader.FollowerInfo (FollowerInfoImpl.java:lambda$new$0(48)) - s1@group-EA982605F2E5->s2: nextIndex: updateUnconditionally 5 -> 1
2022-11-08 19:12:10,388 [s2-server-thread1] DEBUG server.RaftServer$Division (RaftServerImpl.java:logAppendEntries(1421)) - s2@group-EA982605F2E5: receive appendEntries(s1, 2, (t:2, i:0), 4, true, commits:[s1:c4, s0:c4, s2:c0], cId:2142, entries: [(t:2, i:1), STATEMACHINELOGENTRY, 0@client-2EFB324ADA71, (t:2, i:2), METADATAENTRY(c:1), (t:2, i:3), STATEMACHINELOGENTRY, 999@client-AE8279CAF820, (t:2, i:4), METADATAENTRY(c:3)]
2022-11-08 19:12:10,388 [s2-server-thread1] INFO  server.RaftServer$Division (RaftServerImpl.java:checkInconsistentAppendEntries(1602)) - s2@group-EA982605F2E5: Failed appendEntries as previous log entry ((t:2, i:0)) is not found
2022-11-08 19:12:10,388 [s2-server-thread1] INFO  server.RaftServer$Division (RaftServerImpl.java:checkInconsistentAppendEntries(1572)) - s2@group-EA982605F2E5: inconsistency entries. Reply:s1<-s2#2142:FAIL-t2,INCONSISTENCY,nextIndex=0,followerCommit=0,matchIndex=-1
2022-11-08 19:12:10,388 [grpc-default-executor-0] INFO  leader.FollowerInfo (FollowerInfoImpl.java:lambda$new$0(48)) - s1@group-EA982605F2E5->s2: nextIndex: updateUnconditionally 5 -> 0
2022-11-08 19:12:10,389 [s2-server-thread1] DEBUG server.RaftServer$Division (RaftServerImpl.java:logAppendEntries(1421)) - s2@group-EA982605F2E5: receive appendEntries(s1, 2, null, 4, true, commits:[s1:c4, s0:c4, s2:c0], cId:2143, entries: [(t:2, i:0), CONFIGURATIONENTRY(current:id: "s0"
address: "localhost:34297"
dataStreamAddress: "localhost:43983"
clientAddress: "localhost:39609"
adminAddress: "localhost:37077"
startupRole: FOLLOWER
,id: "s1"
address: "localhost:38917"
dataStreamAddress: "localhost:45719"
clientAddress: "localhost:36975"
adminAddress: "localhost:40635"
startupRole: FOLLOWER
,id: "s2"
address: "localhost:35511"
dataStreamAddress: "localhost:38827"
clientAddress: "localhost:42865"
adminAddress: "localhost:36791"
startupRole: FOLLOWER
, old:), (t:2, i:1), STATEMACHINELOGENTRY, 0@client-2EFB324ADA71, (t:2, i:2), METADATAENTRY(c:1), (t:2, i:3), STATEMACHINELOGENTRY, 999@client-AE8279CAF820, (t:2, i:4), METADATAENTRY(c:3)]
2022-11-08 19:12:10,389 [s2-server-thread1] INFO  server.RaftServer$Division (RaftServerImpl.java:checkInconsistentAppendEntries(1592)) - s2@group-EA982605F2E5: Failed appendEntries as the first entry (index 0) already exists (snapshotIndex: -1, commitIndex: 0)
2022-11-08 19:12:10,389 [s2-server-thread1] INFO  server.RaftServer$Division (RaftServerImpl.java:checkInconsistentAppendEntries(1572)) - s2@group-EA982605F2E5: inconsistency entries. Reply:s1<-s2#2143:FAIL-t2,INCONSISTENCY,nextIndex=1,followerCommit=0,matchIndex=-1
2022-11-08 19:12:10,389 [grpc-default-executor-0] INFO  leader.FollowerInfo (FollowerInfoImpl.java:lambda$new$0(48)) - s1@group-EA982605F2E5->s2: nextIndex: updateUnconditionally 5 -> 1
2022-11-08 19:12:10,390 [s2-server-thread1] DEBUG server.RaftServer$Division (RaftServerImpl.java:logAppendEntries(1421)) - s2@group-EA982605F2E5: receive appendEntries(s1, 2, (t:2, i:0), 4, true, commits:[s1:c4, s0:c4, s2:c0], cId:2144, entries: [(t:2, i:1), STATEMACHINELOGENTRY, 0@client-2EFB324ADA71, (t:2, i:2), METADATAENTRY(c:1), (t:2, i:3), STATEMACHINELOGENTRY, 999@client-AE8279CAF820, (t:2, i:4), METADATAENTRY(c:3)]
2022-11-08 19:12:10,390 [s2-server-thread1] INFO  server.RaftServer$Division (RaftServerImpl.java:checkInconsistentAppendEntries(1602)) - s2@group-EA982605F2E5: Failed appendEntries as previous log entry ((t:2, i:0)) is not found
2022-11-08 19:12:10,390 [s2-server-thread1] INFO  server.RaftServer$Division (RaftServerImpl.java:checkInconsistentAppendEntries(1572)) - s2@group-EA982605F2E5: inconsistency entries. Reply:s1<-s2#2144:FAIL-t2,INCONSISTENCY,nextIndex=0,followerCommit=0,matchIndex=-1
2022-11-08 19:12:10,391 [grpc-default-executor-0] INFO  leader.FollowerInfo (FollowerInfoImpl.java:lambda$new$0(48)) - s1@group-EA982605F2E5->s2: nextIndex: updateUnconditionally 5 -> 0
2022-11-08 19:12:10,391 [s2-server-thread1] DEBUG server.RaftServer$Division (RaftServerImpl.java:logAppendEntries(1421)) - s2@group-EA982605F2E5: receive appendEntries(s1, 2, null, 4, true, commits:[s1:c4, s0:c4, s2:c0], cId:2145, entries: [(t:2, i:0), CONFIGURATIONENTRY(current:id: "s0"
address: "localhost:34297"
dataStreamAddress: "localhost:43983"
clientAddress: "localhost:39609"
adminAddress: "localhost:37077"
startupRole: FOLLOWER
,id: "s1"
address: "localhost:38917"
dataStreamAddress: "localhost:45719"
clientAddress: "localhost:36975"
adminAddress: "localhost:40635"
startupRole: FOLLOWER
,id: "s2"
address: "localhost:35511"
dataStreamAddress: "localhost:38827"
clientAddress: "localhost:42865"
adminAddress: "localhost:36791"
startupRole: FOLLOWER
, old:), (t:2, i:1), STATEMACHINELOGENTRY, 0@client-2EFB324ADA71, (t:2, i:2), METADATAENTRY(c:1), (t:2, i:3), STATEMACHINELOGENTRY, 999@client-AE8279CAF820, (t:2, i:4), METADATAENTRY(c:3)]
2022-11-08 19:12:10,391 [s2-server-thread1] INFO  server.RaftServer$Division (RaftServerImpl.java:checkInconsistentAppendEntries(1592)) - s2@group-EA982605F2E5: Failed appendEntries as the first entry (index 0) already exists (snapshotIndex: -1, commitIndex: 0)
2022-11-08 19:12:10,391 [s2-server-thread1] INFO  server.RaftServer$Division (RaftServerImpl.java:checkInconsistentAppendEntries(1572)) - s2@group-EA982605F2E5: inconsistency entries. Reply:s1<-s2#2145:FAIL-t2,INCONSISTENCY,nextIndex=1,followerCommit=0,matchIndex=-1
2022-11-08 19:12:10,392 [grpc-default-executor-0] INFO  leader.FollowerInfo (FollowerInfoImpl.java:lambda$new$0(48)) - s1@group-EA982605F2E5->s2: nextIndex: updateUnconditionally 5 -> 1
2022-11-08 19:12:10,392 [s2-server-thread1] DEBUG server.RaftServer$Division (RaftServerImpl.java:logAppendEntries(1421)) - s2@group-EA982605F2E5: receive appendEntries(s1, 2, (t:2, i:0), 4, true, commits:[s1:c4, s0:c4, s2:c0], cId:2146, entries: [(t:2, i:1), STATEMACHINELOGENTRY, 0@client-2EFB324ADA71, (t:2, i:2), METADATAENTRY(c:1), (t:2, i:3), STATEMACHINELOGENTRY, 999@client-AE8279CAF820, (t:2, i:4), METADATAENTRY(c:3)]
2022-11-08 19:12:10,392 [s2-server-thread1] INFO  server.RaftServer$Division (RaftServerImpl.java:checkInconsistentAppendEntries(1602)) - s2@group-EA982605F2E5: Failed appendEntries as previous log entry ((t:2, i:0)) is not found
2022-11-08 19:12:10,392 [s2-server-thread1] INFO  server.RaftServer$Division (RaftServerImpl.java:checkInconsistentAppendEntries(1572)) - s2@group-EA982605F2E5: inconsistency entries. Reply:s1<-s2#2146:FAIL-t2,INCONSISTENCY,nextIndex=0,followerCommit=0,matchIndex=-1
2022-11-08 19:12:10,393 [grpc-default-executor-0] INFO  leader.FollowerInfo (FollowerInfoImpl.java:lambda$new$0(48)) - s1@group-EA982605F2E5->s2: nextIndex: updateUnconditionally 5 -> 0
2022-11-08 19:12:10,393 [s2-server-thread2] DEBUG server.RaftServer$Division (RaftServerImpl.java:logAppendEntries(1421)) - s2@group-EA982605F2E5: receive appendEntries(s1, 2, null, 4, true, commits:[s1:c4, s0:c4, s2:c0], cId:2147, entries: [(t:2, i:0), CONFIGURATIONENTRY(current:id: "s0"
address: "localhost:34297"
dataStreamAddress: "localhost:43983"
clientAddress: "localhost:39609"
adminAddress: "localhost:37077"
startupRole: FOLLOWER
,id: "s1"
address: "localhost:38917"
dataStreamAddress: "localhost:45719"
clientAddress: "localhost:36975"
adminAddress: "localhost:40635"
startupRole: FOLLOWER
,id: "s2"
address: "localhost:35511"
dataStreamAddress: "localhost:38827"
clientAddress: "localhost:42865"
adminAddress: "localhost:36791"
startupRole: FOLLOWER
, old:), (t:2, i:1), STATEMACHINELOGENTRY, 0@client-2EFB324ADA71, (t:2, i:2), METADATAENTRY(c:1), (t:2, i:3), STATEMACHINELOGENTRY, 999@client-AE8279CAF820, (t:2, i:4), METADATAENTRY(c:3)]
2022-11-08 19:12:10,393 [s2-server-thread2] INFO  server.RaftServer$Division (RaftServerImpl.java:checkInconsistentAppendEntries(1592)) - s2@group-EA982605F2E5: Failed appendEntries as the first entry (index 0) already exists (snapshotIndex: -1, commitIndex: 0)
2022-11-08 19:12:10,393 [s2-server-thread2] INFO  server.RaftServer$Division (RaftServerImpl.java:checkInconsistentAppendEntries(1572)) - s2@group-EA982605F2E5: inconsistency entries. Reply:s1<-s2#2147:FAIL-t2,INCONSISTENCY,nextIndex=1,followerCommit=0,matchIndex=-1
2022-11-08 19:12:10,394 [grpc-default-executor-0] INFO  leader.FollowerInfo (FollowerInfoImpl.java:lambda$new$0(48)) - s1@group-EA982605F2E5->s2: nextIndex: updateUnconditionally 5 -> 1
2022-11-08 19:12:10,394 [s2-server-thread2] DEBUG server.RaftServer$Division (RaftServerImpl.java:logAppendEntries(1421)) - s2@group-EA982605F2E5: receive appendEntries(s1, 2, (t:2, i:0), 4, true, commits:[s1:c4, s0:c4, s2:c0], cId:2148, entries: [(t:2, i:1), STATEMACHINELOGENTRY, 0@client-2EFB324ADA71, (t:2, i:2), METADATAENTRY(c:1), (t:2, i:3), STATEMACHINELOGENTRY, 999@client-AE8279CAF820, (t:2, i:4), METADATAENTRY(c:3)]
2022-11-08 19:12:10,394 [s2-server-thread2] INFO  server.RaftServer$Division (RaftServerImpl.java:checkInconsistentAppendEntries(1602)) - s2@group-EA982605F2E5: Failed appendEntries as previous log entry ((t:2, i:0)) is not found
2022-11-08 19:12:10,394 [s2-server-thread2] INFO  server.RaftServer$Division (RaftServerImpl.java:checkInconsistentAppendEntries(1572)) - s2@group-EA982605F2E5: inconsistency entries. Reply:s1<-s2#2148:FAIL-t2,INCONSISTENCY,nextIndex=0,followerCommit=0,matchIndex=-1
2022-11-08 19:12:10,395 [grpc-default-executor-0] INFO  leader.FollowerInfo (FollowerInfoImpl.java:lambda$new$0(48)) - s1@group-EA982605F2E5->s2: nextIndex: updateUnconditionally 5 -> 0
2022-11-08 19:12:10,395 [s2-server-thread2] DEBUG server.RaftServer$Division (RaftServerImpl.java:logAppendEntries(1421)) - s2@group-EA982605F2E5: receive appendEntries(s1, 2, null, 4, true, commits:[s1:c4, s0:c4, s2:c0], cId:2149, entries: [(t:2, i:0), CONFIGURATIONENTRY(current:id: "s0"
address: "localhost:34297"
dataStreamAddress: "localhost:43983"
clientAddress: "localhost:39609"
adminAddress: "localhost:37077"
startupRole: FOLLOWER
,id: "s1"
address: "localhost:38917"
dataStreamAddress: "localhost:45719"
clientAddress: "localhost:36975"
adminAddress: "localhost:40635"
startupRole: FOLLOWER
,id: "s2"
address: "localhost:35511"
dataStreamAddress: "localhost:38827"
clientAddress: "localhost:42865"
adminAddress: "localhost:36791"
startupRole: FOLLOWER
, old:), (t:2, i:1), STATEMACHINELOGENTRY, 0@client-2EFB324ADA71, (t:2, i:2), METADATAENTRY(c:1), (t:2, i:3), STATEMACHINELOGENTRY, 999@client-AE8279CAF820, (t:2, i:4), METADATAENTRY(c:3)]
2022-11-08 19:12:10,395 [s2-server-thread2] INFO  server.RaftServer$Division (RaftServerImpl.java:checkInconsistentAppendEntries(1592)) - s2@group-EA982605F2E5: Failed appendEntries as the first entry (index 0) already exists (snapshotIndex: -1, commitIndex: 0)
2022-11-08 19:12:10,395 [s2-server-thread2] INFO  server.RaftServer$Division (RaftServerImpl.java:checkInconsistentAppendEntries(1572)) - s2@group-EA982605F2E5: inconsistency entries. Reply:s1<-s2#2149:FAIL-t2,INCONSISTENCY,nextIndex=1,followerCommit=0,matchIndex=-1
2022-11-08 19:12:10,396 [grpc-default-executor-0] INFO  leader.FollowerInfo (FollowerInfoImpl.java:lambda$new$0(48)) - s1@group-EA982605F2E5->s2: nextIndex: updateUnconditionally 5 -> 1
2022-11-08 19:12:10,396 [s2-server-thread2] DEBUG server.RaftServer$Division (RaftServerImpl.java:logAppendEntries(1421)) - s2@group-EA982605F2E5: receive appendEntries(s1, 2, (t:2, i:0), 4, true, commits:[s1:c4, s0:c4, s2:c0], cId:2150, entries: [(t:2, i:1), STATEMACHINELOGENTRY, 0@client-2EFB324ADA71, (t:2, i:2), METADATAENTRY(c:1), (t:2, i:3), STATEMACHINELOGENTRY, 999@client-AE8279CAF820, (t:2, i:4), METADATAENTRY(c:3)]
2022-11-08 19:12:10,396 [s2-server-thread2] INFO  server.RaftServer$Division (RaftServerImpl.java:checkInconsistentAppendEntries(1602)) - s2@group-EA982605F2E5: Failed appendEntries as previous log entry ((t:2, i:0)) is not found
2022-11-08 19:12:10,396 [s2-server-thread2] INFO  server.RaftServer$Division (RaftServerImpl.java:checkInconsistentAppendEntries(1572)) - s2@group-EA982605F2E5: inconsistency entries. Reply:s1<-s2#2150:FAIL-t2,INCONSISTENCY,nextIndex=0,followerCommit=0,matchIndex=-1
2022-11-08 19:12:10,397 [grpc-default-executor-0] INFO  leader.FollowerInfo (FollowerInfoImpl.java:lambda$new$0(48)) - s1@group-EA982605F2E5->s2: nextIndex: updateUnconditionally 5 -> 0
2022-11-08 19:12:10,397 [s2-server-thread2] DEBUG server.RaftServer$Division (RaftServerImpl.java:logAppendEntries(1421)) - s2@group-EA982605F2E5: receive appendEntries(s1, 2, null, 4, true, commits:[s1:c4, s0:c4, s2:c0], cId:2151, entries: [(t:2, i:0), CONFIGURATIONENTRY(current:id: "s0"
address: "localhost:34297"
dataStreamAddress: "localhost:43983"
clientAddress: "localhost:39609"
adminAddress: "localhost:37077"
startupRole: FOLLOWER
,id: "s1"
address: "localhost:38917"
dataStreamAddress: "localhost:45719"
clientAddress: "localhost:36975"
adminAddress: "localhost:40635"
startupRole: FOLLOWER
,id: "s2"
address: "localhost:35511"
dataStreamAddress: "localhost:38827"
clientAddress: "localhost:42865"
adminAddress: "localhost:36791"
startupRole: FOLLOWER
, old:), (t:2, i:1), STATEMACHINELOGENTRY, 0@client-2EFB324ADA71, (t:2, i:2), METADATAENTRY(c:1), (t:2, i:3), STATEMACHINELOGENTRY, 999@client-AE8279CAF820, (t:2, i:4), METADATAENTRY(c:3)]
2022-11-08 19:12:10,397 [s2-server-thread2] INFO  server.RaftServer$Division (RaftServerImpl.java:checkInconsistentAppendEntries(1592)) - s2@group-EA982605F2E5: Failed appendEntries as the first entry (index 0) already exists (snapshotIndex: -1, commitIndex: 0)
2022-11-08 19:12:10,397 [s2-server-thread2] INFO  server.RaftServer$Division (RaftServerImpl.java:checkInconsistentAppendEntries(1572)) - s2@group-EA982605F2E5: inconsistency entries. Reply:s1<-s2#2151:FAIL-t2,INCONSISTENCY,nextIndex=1,followerCommit=0,matchIndex=-1
2022-11-08 19:12:10,398 [grpc-default-executor-0] INFO  leader.FollowerInfo (FollowerInfoImpl.java:lambda$new$0(48)) - s1@group-EA982605F2E5->s2: nextIndex: updateUnconditionally 5 -> 1
2022-11-08 19:12:10,398 [s2-server-thread2] DEBUG server.RaftServer$Division (RaftServerImpl.java:logAppendEntries(1421)) - s2@group-EA982605F2E5: receive appendEntries(s1, 2, (t:2, i:0), 4, true, commits:[s1:c4, s0:c4, s2:c0], cId:2152, entries: [(t:2, i:1), STATEMACHINELOGENTRY, 0@client-2EFB324ADA71, (t:2, i:2), METADATAENTRY(c:1), (t:2, i:3), STATEMACHINELOGENTRY, 999@client-AE8279CAF820, (t:2, i:4), METADATAENTRY(c:3)]
2022-11-08 19:12:10,399 [s2-server-thread2] INFO  server.RaftServer$Division (RaftServerImpl.java:checkInconsistentAppendEntries(1602)) - s2@group-EA982605F2E5: Failed appendEntries as previous log entry ((t:2, i:0)) is not found
2022-11-08 19:12:10,399 [s2-server-thread2] INFO  server.RaftServer$Division (RaftServerImpl.java:checkInconsistentAppendEntries(1572)) - s2@group-EA982605F2E5: inconsistency entries. Reply:s1<-s2#2152:FAIL-t2,INCONSISTENCY,nextIndex=0,followerCommit=0,matchIndex=-1
2022-11-08 19:12:10,399 [grpc-default-executor-0] INFO  leader.FollowerInfo (FollowerInfoImpl.java:lambda$new$0(48)) - s1@group-EA982605F2E5->s2: nextIndex: updateUnconditionally 5 -> 0
2022-11-08 19:12:10,400 [s2-server-thread2] DEBUG server.RaftServer$Division (RaftServerImpl.java:logAppendEntries(1421)) - s2@group-EA982605F2E5: receive appendEntries(s1, 2, null, 4, true, commits:[s1:c4, s0:c4, s2:c0], cId:2153, entries: [(t:2, i:0), CONFIGURATIONENTRY(current:id: "s0"
address: "localhost:34297"
dataStreamAddress: "localhost:43983"
clientAddress: "localhost:39609"
adminAddress: "localhost:37077"
startupRole: FOLLOWER
,id: "s1"
address: "localhost:38917"
dataStreamAddress: "localhost:45719"
clientAddress: "localhost:36975"
adminAddress: "localhost:40635"
startupRole: FOLLOWER
,id: "s2"
address: "localhost:35511"
dataStreamAddress: "localhost:38827"
clientAddress: "localhost:42865"
adminAddress: "localhost:36791"
startupRole: FOLLOWER
, old:), (t:2, i:1), STATEMACHINELOGENTRY, 0@client-2EFB324ADA71, (t:2, i:2), METADATAENTRY(c:1), (t:2, i:3), STATEMACHINELOGENTRY, 999@client-AE8279CAF820, (t:2, i:4), METADATAENTRY(c:3)]
2022-11-08 19:12:10,400 [s2-server-thread2] INFO  server.RaftServer$Division (RaftServerImpl.java:checkInconsistentAppendEntries(1592)) - s2@group-EA982605F2E5: Failed appendEntries as the first entry (index 0) already exists (snapshotIndex: -1, commitIndex: 0)
2022-11-08 19:12:10,400 [s2-server-thread2] INFO  server.RaftServer$Division (RaftServerImpl.java:checkInconsistentAppendEntries(1572)) - s2@group-EA982605F2E5: inconsistency entries. Reply:s1<-s2#2153:FAIL-t2,INCONSISTENCY,nextIndex=1,followerCommit=0,matchIndex=-1
2022-11-08 19:12:10,400 [grpc-default-executor-0] INFO  leader.FollowerInfo (FollowerInfoImpl.java:lambda$new$0(48)) - s1@group-EA982605F2E5->s2: nextIndex: updateUnconditionally 5 -> 1
2022-11-08 19:12:10,401 [s2-server-thread2] DEBUG server.RaftServer$Division (RaftServerImpl.java:logAppendEntries(1421)) - s2@group-EA982605F2E5: receive appendEntries(s1, 2, (t:2, i:0), 4, true, commits:[s1:c4, s0:c4, s2:c0], cId:2154, entries: [(t:2, i:1), STATEMACHINELOGENTRY, 0@client-2EFB324ADA71, (t:2, i:2), METADATAENTRY(c:1), (t:2, i:3), STATEMACHINELOGENTRY, 999@client-AE8279CAF820, (t:2, i:4), METADATAENTRY(c:3)]
2022-11-08 19:12:10,401 [s2-server-thread2] INFO  server.RaftServer$Division (RaftServerImpl.java:checkInconsistentAppendEntries(1602)) - s2@group-EA982605F2E5: Failed appendEntries as previous log entry ((t:2, i:0)) is not found
2022-11-08 19:12:10,401 [s2-server-thread2] INFO  server.RaftServer$Division (RaftServerImpl.java:checkInconsistentAppendEntries(1572)) - s2@group-EA982605F2E5: inconsistency entries. Reply:s1<-s2#2154:FAIL-t2,INCONSISTENCY,nextIndex=0,followerCommit=0,matchIndex=-1
2022-11-08 19:12:10,401 [grpc-default-executor-0] INFO  leader.FollowerInfo (FollowerInfoImpl.java:lambda$new$0(48)) - s1@group-EA982605F2E5->s2: nextIndex: updateUnconditionally 5 -> 0
2022-11-08 19:12:10,402 [s2-server-thread2] DEBUG server.RaftServer$Division (RaftServerImpl.java:logAppendEntries(1421)) - s2@group-EA982605F2E5: receive appendEntries(s1, 2, null, 4, true, commits:[s1:c4, s0:c4, s2:c0], cId:2155, entries: [(t:2, i:0), CONFIGURATIONENTRY(current:id: "s0"
address: "localhost:34297"
dataStreamAddress: "localhost:43983"
clientAddress: "localhost:39609"
adminAddress: "localhost:37077"
startupRole: FOLLOWER
,id: "s1"
address: "localhost:38917"
dataStreamAddress: "localhost:45719"
clientAddress: "localhost:36975"
adminAddress: "localhost:40635"
startupRole: FOLLOWER
,id: "s2"
address: "localhost:35511"
dataStreamAddress: "localhost:38827"
clientAddress: "localhost:42865"
adminAddress: "localhost:36791"
startupRole: FOLLOWER
, old:), (t:2, i:1), STATEMACHINELOGENTRY, 0@client-2EFB324ADA71, (t:2, i:2), METADATAENTRY(c:1), (t:2, i:3), STATEMACHINELOGENTRY, 999@client-AE8279CAF820, (t:2, i:4), METADATAENTRY(c:3)]
2022-11-08 19:12:10,402 [s2-server-thread2] INFO  server.RaftServer$Division (RaftServerImpl.java:checkInconsistentAppendEntries(1592)) - s2@group-EA982605F2E5: Failed appendEntries as the first entry (index 0) already exists (snapshotIndex: -1, commitIndex: 0)
2022-11-08 19:12:10,402 [s2-server-thread2] INFO  server.RaftServer$Division (RaftServerImpl.java:checkInconsistentAppendEntries(1572)) - s2@group-EA982605F2E5: inconsistency entries. Reply:s1<-s2#2155:FAIL-t2,INCONSISTENCY,nextIndex=1,followerCommit=0,matchIndex=-1
2022-11-08 19:12:10,402 [grpc-default-executor-0] INFO  leader.FollowerInfo (FollowerInfoImpl.java:lambda$new$0(48)) - s1@group-EA982605F2E5->s2: nextIndex: updateUnconditionally 5 -> 1
2022-11-08 19:12:10,403 [s2-server-thread2] DEBUG server.RaftServer$Division (RaftServerImpl.java:logAppendEntries(1421)) - s2@group-EA982605F2E5: receive appendEntries(s1, 2, (t:2, i:0), 4, true, commits:[s1:c4, s0:c4, s2:c0], cId:2156, entries: [(t:2, i:1), STATEMACHINELOGENTRY, 0@client-2EFB324ADA71, (t:2, i:2), METADATAENTRY(c:1), (t:2, i:3), STATEMACHINELOGENTRY, 999@client-AE8279CAF820, (t:2, i:4), METADATAENTRY(c:3)]
2022-11-08 19:12:10,403 [s2-server-thread2] INFO  server.RaftServer$Division (RaftServerImpl.java:checkInconsistentAppendEntries(1602)) - s2@group-EA982605F2E5: Failed appendEntries as previous log entry ((t:2, i:0)) is not found
2022-11-08 19:12:10,403 [s2-server-thread2] INFO  server.RaftServer$Division (RaftServerImpl.java:checkInconsistentAppendEntries(1572)) - s2@group-EA982605F2E5: inconsistency entries. Reply:s1<-s2#2156:FAIL-t2,INCONSISTENCY,nextIndex=0,followerCommit=0,matchIndex=-1
2022-11-08 19:12:10,403 [grpc-default-executor-0] INFO  leader.FollowerInfo (FollowerInfoImpl.java:lambda$new$0(48)) - s1@group-EA982605F2E5->s2: nextIndex: updateUnconditionally 5 -> 0
2022-11-08 19:12:10,404 [s2-server-thread2] DEBUG server.RaftServer$Division (RaftServerImpl.java:logAppendEntries(1421)) - s2@group-EA982605F2E5: receive appendEntries(s1, 2, null, 4, true, commits:[s1:c4, s0:c4, s2:c0], cId:2157, entries: [(t:2, i:0), CONFIGURATIONENTRY(current:id: "s0"
address: "localhost:34297"
dataStreamAddress: "localhost:43983"
clientAddress: "localhost:39609"
adminAddress: "localhost:37077"
startupRole: FOLLOWER
,id: "s1"
address: "localhost:38917"
dataStreamAddress: "localhost:45719"
clientAddress: "localhost:36975"
adminAddress: "localhost:40635"
startupRole: FOLLOWER
,id: "s2"
address: "localhost:35511"
dataStreamAddress: "localhost:38827"
clientAddress: "localhost:42865"
adminAddress: "localhost:36791"
startupRole: FOLLOWER
, old:), (t:2, i:1), STATEMACHINELOGENTRY, 0@client-2EFB324ADA71, (t:2, i:2), METADATAENTRY(c:1), (t:2, i:3), STATEMACHINELOGENTRY, 999@client-AE8279CAF820, (t:2, i:4), METADATAENTRY(c:3)]
2022-11-08 19:12:10,404 [s2-server-thread2] INFO  server.RaftServer$Division (RaftServerImpl.java:checkInconsistentAppendEntries(1592)) - s2@group-EA982605F2E5: Failed appendEntries as the first entry (index 0) already exists (snapshotIndex: -1, commitIndex: 0)
2022-11-08 19:12:10,404 [s2-server-thread2] INFO  server.RaftServer$Division (RaftServerImpl.java:checkInconsistentAppendEntries(1572)) - s2@group-EA982605F2E5: inconsistency entries. Reply:s1<-s2#2157:FAIL-t2,INCONSISTENCY,nextIndex=1,followerCommit=0,matchIndex=-1
2022-11-08 19:12:10,404 [grpc-default-executor-0] INFO  leader.FollowerInfo (FollowerInfoImpl.java:lambda$new$0(48)) - s1@group-EA982605F2E5->s2: nextIndex: updateUnconditionally 5 -> 1
2022-11-08 19:12:10,405 [s2-server-thread2] DEBUG server.RaftServer$Division (RaftServerImpl.java:logAppendEntries(1421)) - s2@group-EA982605F2E5: receive appendEntries(s1, 2, (t:2, i:0), 4, true, commits:[s1:c4, s0:c4, s2:c0], cId:2158, entries: [(t:2, i:1), STATEMACHINELOGENTRY, 0@client-2EFB324ADA71, (t:2, i:2), METADATAENTRY(c:1), (t:2, i:3), STATEMACHINELOGENTRY, 999@client-AE8279CAF820, (t:2, i:4), METADATAENTRY(c:3)]
2022-11-08 19:12:10,405 [s2-server-thread2] INFO  server.RaftServer$Division (RaftServerImpl.java:checkInconsistentAppendEntries(1602)) - s2@group-EA982605F2E5: Failed appendEntries as previous log entry ((t:2, i:0)) is not found
2022-11-08 19:12:10,405 [s2-server-thread2] INFO  server.RaftServer$Division (RaftServerImpl.java:checkInconsistentAppendEntries(1572)) - s2@group-EA982605F2E5: inconsistency entries. Reply:s1<-s2#2158:FAIL-t2,INCONSISTENCY,nextIndex=0,followerCommit=0,matchIndex=-1
2022-11-08 19:12:10,405 [grpc-default-executor-0] INFO  leader.FollowerInfo (FollowerInfoImpl.java:lambda$new$0(48)) - s1@group-EA982605F2E5->s2: nextIndex: updateUnconditionally 5 -> 0
2022-11-08 19:12:10,406 [s2-server-thread2] DEBUG server.RaftServer$Division (RaftServerImpl.java:logAppendEntries(1421)) - s2@group-EA982605F2E5: receive appendEntries(s1, 2, null, 4, true, commits:[s1:c4, s0:c4, s2:c0], cId:2159, entries: [(t:2, i:0), CONFIGURATIONENTRY(current:id: "s0"
address: "localhost:34297"
dataStreamAddress: "localhost:43983"
clientAddress: "localhost:39609"
adminAddress: "localhost:37077"
startupRole: FOLLOWER
,id: "s1"
address: "localhost:38917"
dataStreamAddress: "localhost:45719"
clientAddress: "localhost:36975"
adminAddress: "localhost:40635"
startupRole: FOLLOWER
,id: "s2"
address: "localhost:35511"
dataStreamAddress: "localhost:38827"
clientAddress: "localhost:42865"
adminAddress: "localhost:36791"
startupRole: FOLLOWER
, old:), (t:2, i:1), STATEMACHINELOGENTRY, 0@client-2EFB324ADA71, (t:2, i:2), METADATAENTRY(c:1), (t:2, i:3), STATEMACHINELOGENTRY, 999@client-AE8279CAF820, (t:2, i:4), METADATAENTRY(c:3)]
2022-11-08 19:12:10,406 [s2-server-thread2] INFO  server.RaftServer$Division (RaftServerImpl.java:checkInconsistentAppendEntries(1592)) - s2@group-EA982605F2E5: Failed appendEntries as the first entry (index 0) already exists (snapshotIndex: -1, commitIndex: 0)
2022-11-08 19:12:10,406 [s2-server-thread2] INFO  server.RaftServer$Division (RaftServerImpl.java:checkInconsistentAppendEntries(1572)) - s2@group-EA982605F2E5: inconsistency entries. Reply:s1<-s2#2159:FAIL-t2,INCONSISTENCY,nextIndex=1,followerCommit=0,matchIndex=-1
2022-11-08 19:12:10,406 [grpc-default-executor-0] INFO  leader.FollowerInfo (FollowerInfoImpl.java:lambda$new$0(48)) - s1@group-EA982605F2E5->s2: nextIndex: updateUnconditionally 5 -> 1
2022-11-08 19:12:10,407 [s2-server-thread2] DEBUG server.RaftServer$Division (RaftServerImpl.java:logAppendEntries(1421)) - s2@group-EA982605F2E5: receive appendEntries(s1, 2, (t:2, i:0), 4, true, commits:[s1:c4, s0:c4, s2:c0], cId:2160, entries: [(t:2, i:1), STATEMACHINELOGENTRY, 0@client-2EFB324ADA71, (t:2, i:2), METADATAENTRY(c:1), (t:2, i:3), STATEMACHINELOGENTRY, 999@client-AE8279CAF820, (t:2, i:4), METADATAENTRY(c:3)]
2022-11-08 19:12:10,407 [s2-server-thread2] INFO  server.RaftServer$Division (RaftServerImpl.java:checkInconsistentAppendEntries(1602)) - s2@group-EA982605F2E5: Failed appendEntries as previous log entry ((t:2, i:0)) is not found
2022-11-08 19:12:10,407 [s2-server-thread2] INFO  server.RaftServer$Division (RaftServerImpl.java:checkInconsistentAppendEntries(1572)) - s2@group-EA982605F2E5: inconsistency entries. Reply:s1<-s2#2160:FAIL-t2,INCONSISTENCY,nextIndex=0,followerCommit=0,matchIndex=-1
2022-11-08 19:12:10,408 [grpc-default-executor-0] INFO  leader.FollowerInfo (FollowerInfoImpl.java:lambda$new$0(48)) - s1@group-EA982605F2E5->s2: nextIndex: updateUnconditionally 5 -> 0
2022-11-08 19:12:10,408 [s2-server-thread2] DEBUG server.RaftServer$Division (RaftServerImpl.java:logAppendEntries(1421)) - s2@group-EA982605F2E5: receive appendEntries(s1, 2, null, 4, true, commits:[s1:c4, s0:c4, s2:c0], cId:2161, entries: [(t:2, i:0), CONFIGURATIONENTRY(current:id: "s0"
address: "localhost:34297"
dataStreamAddress: "localhost:43983"
clientAddress: "localhost:39609"
adminAddress: "localhost:37077"
startupRole: FOLLOWER
,id: "s1"
address: "localhost:38917"
dataStreamAddress: "localhost:45719"
clientAddress: "localhost:36975"
adminAddress: "localhost:40635"
startupRole: FOLLOWER
,id: "s2"
address: "localhost:35511"
dataStreamAddress: "localhost:38827"
clientAddress: "localhost:42865"
adminAddress: "localhost:36791"
startupRole: FOLLOWER
, old:), (t:2, i:1), STATEMACHINELOGENTRY, 0@client-2EFB324ADA71, (t:2, i:2), METADATAENTRY(c:1), (t:2, i:3), STATEMACHINELOGENTRY, 999@client-AE8279CAF820, (t:2, i:4), METADATAENTRY(c:3)]
2022-11-08 19:12:10,408 [s2-server-thread2] INFO  server.RaftServer$Division (RaftServerImpl.java:checkInconsistentAppendEntries(1592)) - s2@group-EA982605F2E5: Failed appendEntries as the first entry (index 0) already exists (snapshotIndex: -1, commitIndex: 0)
2022-11-08 19:12:10,408 [s2-server-thread2] INFO  server.RaftServer$Division (RaftServerImpl.java:checkInconsistentAppendEntries(1572)) - s2@group-EA982605F2E5: inconsistency entries. Reply:s1<-s2#2161:FAIL-t2,INCONSISTENCY,nextIndex=1,followerCommit=0,matchIndex=-1
2022-11-08 19:12:10,409 [grpc-default-executor-0] INFO  leader.FollowerInfo (FollowerInfoImpl.java:lambda$new$0(48)) - s1@group-EA982605F2E5->s2: nextIndex: updateUnconditionally 5 -> 1
2022-11-08 19:12:10,409 [s2-server-thread2] DEBUG server.RaftServer$Division (RaftServerImpl.java:logAppendEntries(1421)) - s2@group-EA982605F2E5: receive appendEntries(s1, 2, (t:2, i:0), 4, true, commits:[s1:c4, s0:c4, s2:c0], cId:2162, entries: [(t:2, i:1), STATEMACHINELOGENTRY, 0@client-2EFB324ADA71, (t:2, i:2), METADATAENTRY(c:1), (t:2, i:3), STATEMACHINELOGENTRY, 999@client-AE8279CAF820, (t:2, i:4), METADATAENTRY(c:3)]
2022-11-08 19:12:10,409 [s2-server-thread2] INFO  server.RaftServer$Division (RaftServerImpl.java:checkInconsistentAppendEntries(1602)) - s2@group-EA982605F2E5: Failed appendEntries as previous log entry ((t:2, i:0)) is not found
2022-11-08 19:12:10,409 [s2-server-thread2] INFO  server.RaftServer$Division (RaftServerImpl.java:checkInconsistentAppendEntries(1572)) - s2@group-EA982605F2E5: inconsistency entries. Reply:s1<-s2#2162:FAIL-t2,INCONSISTENCY,nextIndex=0,followerCommit=0,matchIndex=-1
2022-11-08 19:12:10,410 [grpc-default-executor-0] INFO  leader.FollowerInfo (FollowerInfoImpl.java:lambda$new$0(48)) - s1@group-EA982605F2E5->s2: nextIndex: updateUnconditionally 5 -> 0
2022-11-08 19:12:10,410 [s2-server-thread2] DEBUG server.RaftServer$Division (RaftServerImpl.java:logAppendEntries(1421)) - s2@group-EA982605F2E5: receive appendEntries(s1, 2, null, 4, true, commits:[s1:c4, s0:c4, s2:c0], cId:2163, entries: [(t:2, i:0), CONFIGURATIONENTRY(current:id: "s0"
address: "localhost:34297"
dataStreamAddress: "localhost:43983"
clientAddress: "localhost:39609"
adminAddress: "localhost:37077"
startupRole: FOLLOWER
,id: "s1"
address: "localhost:38917"
dataStreamAddress: "localhost:45719"
clientAddress: "localhost:36975"
adminAddress: "localhost:40635"
startupRole: FOLLOWER
,id: "s2"
address: "localhost:35511"
dataStreamAddress: "localhost:38827"
clientAddress: "localhost:42865"
adminAddress: "localhost:36791"
startupRole: FOLLOWER
, old:), (t:2, i:1), STATEMACHINELOGENTRY, 0@client-2EFB324ADA71, (t:2, i:2), METADATAENTRY(c:1), (t:2, i:3), STATEMACHINELOGENTRY, 999@client-AE8279CAF820, (t:2, i:4), METADATAENTRY(c:3)]
2022-11-08 19:12:10,410 [s2-server-thread2] INFO  server.RaftServer$Division (RaftServerImpl.java:checkInconsistentAppendEntries(1592)) - s2@group-EA982605F2E5: Failed appendEntries as the first entry (index 0) already exists (snapshotIndex: -1, commitIndex: 0)
2022-11-08 19:12:10,410 [s2-server-thread2] INFO  server.RaftServer$Division (RaftServerImpl.java:checkInconsistentAppendEntries(1572)) - s2@group-EA982605F2E5: inconsistency entries. Reply:s1<-s2#2163:FAIL-t2,INCONSISTENCY,nextIndex=1,followerCommit=0,matchIndex=-1
2022-11-08 19:12:10,411 [grpc-default-executor-0] INFO  leader.FollowerInfo (FollowerInfoImpl.java:lambda$new$0(48)) - s1@group-EA982605F2E5->s2: nextIndex: updateUnconditionally 5 -> 1
2022-11-08 19:12:10,411 [s2-server-thread2] DEBUG server.RaftServer$Division (RaftServerImpl.java:logAppendEntries(1421)) - s2@group-EA982605F2E5: receive appendEntries(s1, 2, (t:2, i:0), 4, true, commits:[s1:c4, s0:c4, s2:c0], cId:2164, entries: [(t:2, i:1), STATEMACHINELOGENTRY, 0@client-2EFB324ADA71, (t:2, i:2), METADATAENTRY(c:1), (t:2, i:3), STATEMACHINELOGENTRY, 999@client-AE8279CAF820, (t:2, i:4), METADATAENTRY(c:3)]
2022-11-08 19:12:10,411 [s2-server-thread2] INFO  server.RaftServer$Division (RaftServerImpl.java:checkInconsistentAppendEntries(1602)) - s2@group-EA982605F2E5: Failed appendEntries as previous log entry ((t:2, i:0)) is not found
2022-11-08 19:12:10,411 [s2-server-thread2] INFO  server.RaftServer$Division (RaftServerImpl.java:checkInconsistentAppendEntries(1572)) - s2@group-EA982605F2E5: inconsistency entries. Reply:s1<-s2#2164:FAIL-t2,INCONSISTENCY,nextIndex=0,followerCommit=0,matchIndex=-1
2022-11-08 19:12:10,411 [grpc-default-executor-0] INFO  leader.FollowerInfo (FollowerInfoImpl.java:lambda$new$0(48)) - s1@group-EA982605F2E5->s2: nextIndex: updateUnconditionally 5 -> 0
2022-11-08 19:12:10,412 [s2-server-thread2] DEBUG server.RaftServer$Division (RaftServerImpl.java:logAppendEntries(1421)) - s2@group-EA982605F2E5: receive appendEntries(s1, 2, null, 4, true, commits:[s1:c4, s0:c4, s2:c0], cId:2165, entries: [(t:2, i:0), CONFIGURATIONENTRY(current:id: "s0"
address: "localhost:34297"
dataStreamAddress: "localhost:43983"
clientAddress: "localhost:39609"
adminAddress: "localhost:37077"
startupRole: FOLLOWER
,id: "s1"
address: "localhost:38917"
dataStreamAddress: "localhost:45719"
clientAddress: "localhost:36975"
adminAddress: "localhost:40635"
startupRole: FOLLOWER
,id: "s2"
address: "localhost:35511"
dataStreamAddress: "localhost:38827"
clientAddress: "localhost:42865"
adminAddress: "localhost:36791"
startupRole: FOLLOWER
, old:), (t:2, i:1), STATEMACHINELOGENTRY, 0@client-2EFB324ADA71, (t:2, i:2), METADATAENTRY(c:1), (t:2, i:3), STATEMACHINELOGENTRY, 999@client-AE8279CAF820, (t:2, i:4), METADATAENTRY(c:3)]
2022-11-08 19:12:10,412 [s2-server-thread2] INFO  server.RaftServer$Division (RaftServerImpl.java:checkInconsistentAppendEntries(1592)) - s2@group-EA982605F2E5: Failed appendEntries as the first entry (index 0) already exists (snapshotIndex: -1, commitIndex: 0)
2022-11-08 19:12:10,412 [s2-server-thread2] INFO  server.RaftServer$Division (RaftServerImpl.java:checkInconsistentAppendEntries(1572)) - s2@group-EA982605F2E5: inconsistency entries. Reply:s1<-s2#2165:FAIL-t2,INCONSISTENCY,nextIndex=1,followerCommit=0,matchIndex=-1
2022-11-08 19:12:10,412 [grpc-default-executor-0] INFO  leader.FollowerInfo (FollowerInfoImpl.java:lambda$new$0(48)) - s1@group-EA982605F2E5->s2: nextIndex: updateUnconditionally 5 -> 1
2022-11-08 19:12:10,413 [s2-server-thread2] DEBUG server.RaftServer$Division (RaftServerImpl.java:logAppendEntries(1421)) - s2@group-EA982605F2E5: receive appendEntries(s1, 2, (t:2, i:0), 4, true, commits:[s1:c4, s0:c4, s2:c0], cId:2166, entries: [(t:2, i:1), STATEMACHINELOGENTRY, 0@client-2EFB324ADA71, (t:2, i:2), METADATAENTRY(c:1), (t:2, i:3), STATEMACHINELOGENTRY, 999@client-AE8279CAF820, (t:2, i:4), METADATAENTRY(c:3)]
2022-11-08 19:12:10,413 [s2-server-thread2] INFO  server.RaftServer$Division (RaftServerImpl.java:checkInconsistentAppendEntries(1602)) - s2@group-EA982605F2E5: Failed appendEntries as previous log entry ((t:2, i:0)) is not found
2022-11-08 19:12:10,413 [s2-server-thread2] INFO  server.RaftServer$Division (RaftServerImpl.java:checkInconsistentAppendEntries(1572)) - s2@group-EA982605F2E5: inconsistency entries. Reply:s1<-s2#2166:FAIL-t2,INCONSISTENCY,nextIndex=0,followerCommit=0,matchIndex=-1
2022-11-08 19:12:10,413 [grpc-default-executor-0] INFO  leader.FollowerInfo (FollowerInfoImpl.java:lambda$new$0(48)) - s1@group-EA982605F2E5->s2: nextIndex: updateUnconditionally 5 -> 0
2022-11-08 19:12:10,414 [s2-server-thread2] DEBUG server.RaftServer$Division (RaftServerImpl.java:logAppendEntries(1421)) - s2@group-EA982605F2E5: receive appendEntries(s1, 2, null, 4, true, commits:[s1:c4, s0:c4, s2:c0], cId:2167, entries: [(t:2, i:0), CONFIGURATIONENTRY(current:id: "s0"
address: "localhost:34297"
dataStreamAddress: "localhost:43983"
clientAddress: "localhost:39609"
adminAddress: "localhost:37077"
startupRole: FOLLOWER
,id: "s1"
address: "localhost:38917"
dataStreamAddress: "localhost:45719"
clientAddress: "localhost:36975"
adminAddress: "localhost:40635"
startupRole: FOLLOWER
,id: "s2"
address: "localhost:35511"
dataStreamAddress: "localhost:38827"
clientAddress: "localhost:42865"
adminAddress: "localhost:36791"
startupRole: FOLLOWER
, old:), (t:2, i:1), STATEMACHINELOGENTRY, 0@client-2EFB324ADA71, (t:2, i:2), METADATAENTRY(c:1), (t:2, i:3), STATEMACHINELOGENTRY, 999@client-AE8279CAF820, (t:2, i:4), METADATAENTRY(c:3)]
2022-11-08 19:12:10,414 [s2-server-thread2] INFO  server.RaftServer$Division (RaftServerImpl.java:checkInconsistentAppendEntries(1592)) - s2@group-EA982605F2E5: Failed appendEntries as the first entry (index 0) already exists (snapshotIndex: -1, commitIndex: 0)
2022-11-08 19:12:10,414 [s2-server-thread2] INFO  server.RaftServer$Division (RaftServerImpl.java:checkInconsistentAppendEntries(1572)) - s2@group-EA982605F2E5: inconsistency entries. Reply:s1<-s2#2167:FAIL-t2,INCONSISTENCY,nextIndex=1,followerCommit=0,matchIndex=-1
2022-11-08 19:12:10,414 [grpc-default-executor-0] INFO  leader.FollowerInfo (FollowerInfoImpl.java:lambda$new$0(48)) - s1@group-EA982605F2E5->s2: nextIndex: updateUnconditionally 5 -> 1
2022-11-08 19:12:10,415 [s2-server-thread2] DEBUG server.RaftServer$Division (RaftServerImpl.java:logAppendEntries(1421)) - s2@group-EA982605F2E5: receive appendEntries(s1, 2, (t:2, i:0), 4, true, commits:[s1:c4, s0:c4, s2:c0], cId:2168, entries: [(t:2, i:1), STATEMACHINELOGENTRY, 0@client-2EFB324ADA71, (t:2, i:2), METADATAENTRY(c:1), (t:2, i:3), STATEMACHINELOGENTRY, 999@client-AE8279CAF820, (t:2, i:4), METADATAENTRY(c:3)]
2022-11-08 19:12:10,415 [s2-server-thread2] INFO  server.RaftServer$Division (RaftServerImpl.java:checkInconsistentAppendEntries(1602)) - s2@group-EA982605F2E5: Failed appendEntries as previous log entry ((t:2, i:0)) is not found
2022-11-08 19:12:10,415 [s2-server-thread2] INFO  server.RaftServer$Division (RaftServerImpl.java:checkInconsistentAppendEntries(1572)) - s2@group-EA982605F2E5: inconsistency entries. Reply:s1<-s2#2168:FAIL-t2,INCONSISTENCY,nextIndex=0,followerCommit=0,matchIndex=-1
2022-11-08 19:12:10,415 [grpc-default-executor-0] INFO  leader.FollowerInfo (FollowerInfoImpl.java:lambda$new$0(48)) - s1@group-EA982605F2E5->s2: nextIndex: updateUnconditionally 5 -> 0
2022-11-08 19:12:10,416 [s2-server-thread2] DEBUG server.RaftServer$Division (RaftServerImpl.java:logAppendEntries(1421)) - s2@group-EA982605F2E5: receive appendEntries(s1, 2, null, 4, true, commits:[s1:c4, s0:c4, s2:c0], cId:2169, entries: [(t:2, i:0), CONFIGURATIONENTRY(current:id: "s0"
address: "localhost:34297"
dataStreamAddress: "localhost:43983"
clientAddress: "localhost:39609"
adminAddress: "localhost:37077"
startupRole: FOLLOWER
,id: "s1"
address: "localhost:38917"
dataStreamAddress: "localhost:45719"
clientAddress: "localhost:36975"
adminAddress: "localhost:40635"
startupRole: FOLLOWER
,id: "s2"
address: "localhost:35511"
dataStreamAddress: "localhost:38827"
clientAddress: "localhost:42865"
adminAddress: "localhost:36791"
startupRole: FOLLOWER
, old:), (t:2, i:1), STATEMACHINELOGENTRY, 0@client-2EFB324ADA71, (t:2, i:2), METADATAENTRY(c:1), (t:2, i:3), STATEMACHINELOGENTRY, 999@client-AE8279CAF820, (t:2, i:4), METADATAENTRY(c:3)]
2022-11-08 19:12:10,416 [s2-server-thread2] INFO  server.RaftServer$Division (RaftServerImpl.java:checkInconsistentAppendEntries(1592)) - s2@group-EA982605F2E5: Failed appendEntries as the first entry (index 0) already exists (snapshotIndex: -1, commitIndex: 0)
2022-11-08 19:12:10,416 [s2-server-thread2] INFO  server.RaftServer$Division (RaftServerImpl.java:checkInconsistentAppendEntries(1572)) - s2@group-EA982605F2E5: inconsistency entries. Reply:s1<-s2#2169:FAIL-t2,INCONSISTENCY,nextIndex=1,followerCommit=0,matchIndex=-1
2022-11-08 19:12:10,416 [grpc-default-executor-0] INFO  leader.FollowerInfo (FollowerInfoImpl.java:lambda$new$0(48)) - s1@group-EA982605F2E5->s2: nextIndex: updateUnconditionally 5 -> 1
2022-11-08 19:12:10,417 [s2-server-thread2] DEBUG server.RaftServer$Division (RaftServerImpl.java:logAppendEntries(1421)) - s2@group-EA982605F2E5: receive appendEntries(s1, 2, (t:2, i:0), 4, true, commits:[s1:c4, s0:c4, s2:c0], cId:2170, entries: [(t:2, i:1), STATEMACHINELOGENTRY, 0@client-2EFB324ADA71, (t:2, i:2), METADATAENTRY(c:1), (t:2, i:3), STATEMACHINELOGENTRY, 999@client-AE8279CAF820, (t:2, i:4), METADATAENTRY(c:3)]
2022-11-08 19:12:10,417 [s2-server-thread2] INFO  server.RaftServer$Division (RaftServerImpl.java:checkInconsistentAppendEntries(1602)) - s2@group-EA982605F2E5: Failed appendEntries as previous log entry ((t:2, i:0)) is not found
2022-11-08 19:12:10,417 [s2-server-thread2] INFO  server.RaftServer$Division (RaftServerImpl.java:checkInconsistentAppendEntries(1572)) - s2@group-EA982605F2E5: inconsistency entries. Reply:s1<-s2#2170:FAIL-t2,INCONSISTENCY,nextIndex=0,followerCommit=0,matchIndex=-1
2022-11-08 19:12:10,417 [grpc-default-executor-0] INFO  leader.FollowerInfo (FollowerInfoImpl.java:lambda$new$0(48)) - s1@group-EA982605F2E5->s2: nextIndex: updateUnconditionally 5 -> 0
2022-11-08 19:12:10,418 [s2-server-thread2] DEBUG server.RaftServer$Division (RaftServerImpl.java:logAppendEntries(1421)) - s2@group-EA982605F2E5: receive appendEntries(s1, 2, null, 4, true, commits:[s1:c4, s0:c4, s2:c0], cId:2171, entries: [(t:2, i:0), CONFIGURATIONENTRY(current:id: "s0"
address: "localhost:34297"
dataStreamAddress: "localhost:43983"
clientAddress: "localhost:39609"
adminAddress: "localhost:37077"
startupRole: FOLLOWER
,id: "s1"
address: "localhost:38917"
dataStreamAddress: "localhost:45719"
clientAddress: "localhost:36975"
adminAddress: "localhost:40635"
startupRole: FOLLOWER
,id: "s2"
address: "localhost:35511"
dataStreamAddress: "localhost:38827"
clientAddress: "localhost:42865"
adminAddress: "localhost:36791"
startupRole: FOLLOWER
, old:), (t:2, i:1), STATEMACHINELOGENTRY, 0@client-2EFB324ADA71, (t:2, i:2), METADATAENTRY(c:1), (t:2, i:3), STATEMACHINELOGENTRY, 999@client-AE8279CAF820, (t:2, i:4), METADATAENTRY(c:3)]
2022-11-08 19:12:10,418 [s2-server-thread2] INFO  server.RaftServer$Division (RaftServerImpl.java:checkInconsistentAppendEntries(1592)) - s2@group-EA982605F2E5: Failed appendEntries as the first entry (index 0) already exists (snapshotIndex: -1, commitIndex: 0)
2022-11-08 19:12:10,418 [s2-server-thread2] INFO  server.RaftServer$Division (RaftServerImpl.java:checkInconsistentAppendEntries(1572)) - s2@group-EA982605F2E5: inconsistency entries. Reply:s1<-s2#2171:FAIL-t2,INCONSISTENCY,nextIndex=1,followerCommit=0,matchIndex=-1
2022-11-08 19:12:10,418 [grpc-default-executor-0] INFO  leader.FollowerInfo (FollowerInfoImpl.java:lambda$new$0(48)) - s1@group-EA982605F2E5->s2: nextIndex: updateUnconditionally 5 -> 1
2022-11-08 19:12:10,420 [s2-server-thread2] DEBUG server.RaftServer$Division (RaftServerImpl.java:logAppendEntries(1421)) - s2@group-EA982605F2E5: receive appendEntries(s1, 2, (t:2, i:0), 4, true, commits:[s1:c4, s0:c4, s2:c0], cId:2172, entries: [(t:2, i:1), STATEMACHINELOGENTRY, 0@client-2EFB324ADA71, (t:2, i:2), METADATAENTRY(c:1), (t:2, i:3), STATEMACHINELOGENTRY, 999@client-AE8279CAF820, (t:2, i:4), METADATAENTRY(c:3)]
2022-11-08 19:12:10,420 [s2-server-thread2] INFO  server.RaftServer$Division (RaftServerImpl.java:checkInconsistentAppendEntries(1602)) - s2@group-EA982605F2E5: Failed appendEntries as previous log entry ((t:2, i:0)) is not found
2022-11-08 19:12:10,420 [s2-server-thread2] INFO  server.RaftServer$Division (RaftServerImpl.java:checkInconsistentAppendEntries(1572)) - s2@group-EA982605F2E5: inconsistency entries. Reply:s1<-s2#2172:FAIL-t2,INCONSISTENCY,nextIndex=0,followerCommit=0,matchIndex=-1
2022-11-08 19:12:10,420 [grpc-default-executor-0] INFO  leader.FollowerInfo (FollowerInfoImpl.java:lambda$new$0(48)) - s1@group-EA982605F2E5->s2: nextIndex: updateUnconditionally 5 -> 0
2022-11-08 19:12:10,421 [s2-server-thread2] DEBUG server.RaftServer$Division (RaftServerImpl.java:logAppendEntries(1421)) - s2@group-EA982605F2E5: receive appendEntries(s1, 2, null, 4, true, commits:[s1:c4, s0:c4, s2:c0], cId:2173, entries: [(t:2, i:0), CONFIGURATIONENTRY(current:id: "s0"
address: "localhost:34297"
dataStreamAddress: "localhost:43983"
clientAddress: "localhost:39609"
adminAddress: "localhost:37077"
startupRole: FOLLOWER
,id: "s1"
address: "localhost:38917"
dataStreamAddress: "localhost:45719"
clientAddress: "localhost:36975"
adminAddress: "localhost:40635"
startupRole: FOLLOWER
,id: "s2"
address: "localhost:35511"
dataStreamAddress: "localhost:38827"
clientAddress: "localhost:42865"
adminAddress: "localhost:36791"
startupRole: FOLLOWER
, old:), (t:2, i:1), STATEMACHINELOGENTRY, 0@client-2EFB324ADA71, (t:2, i:2), METADATAENTRY(c:1), (t:2, i:3), STATEMACHINELOGENTRY, 999@client-AE8279CAF820, (t:2, i:4), METADATAENTRY(c:3)]
2022-11-08 19:12:10,421 [s2-server-thread2] INFO  server.RaftServer$Division (RaftServerImpl.java:checkInconsistentAppendEntries(1592)) - s2@group-EA982605F2E5: Failed appendEntries as the first entry (index 0) already exists (snapshotIndex: -1, commitIndex: 0)
2022-11-08 19:12:10,421 [s2-server-thread2] INFO  server.RaftServer$Division (RaftServerImpl.java:checkInconsistentAppendEntries(1572)) - s2@group-EA982605F2E5: inconsistency entries. Reply:s1<-s2#2173:FAIL-t2,INCONSISTENCY,nextIndex=1,followerCommit=0,matchIndex=-1
2022-11-08 19:12:10,422 [grpc-default-executor-0] INFO  leader.FollowerInfo (FollowerInfoImpl.java:lambda$new$0(48)) - s1@group-EA982605F2E5->s2: nextIndex: updateUnconditionally 5 -> 1
2022-11-08 19:12:10,422 [s2-server-thread2] DEBUG server.RaftServer$Division (RaftServerImpl.java:logAppendEntries(1421)) - s2@group-EA982605F2E5: receive appendEntries(s1, 2, (t:2, i:0), 4, true, commits:[s1:c4, s0:c4, s2:c0], cId:2174, entries: [(t:2, i:1), STATEMACHINELOGENTRY, 0@client-2EFB324ADA71, (t:2, i:2), METADATAENTRY(c:1), (t:2, i:3), STATEMACHINELOGENTRY, 999@client-AE8279CAF820, (t:2, i:4), METADATAENTRY(c:3)]
2022-11-08 19:12:10,422 [s2-server-thread2] INFO  server.RaftServer$Division (RaftServerImpl.java:checkInconsistentAppendEntries(1602)) - s2@group-EA982605F2E5: Failed appendEntries as previous log entry ((t:2, i:0)) is not found
2022-11-08 19:12:10,422 [s2-server-thread2] INFO  server.RaftServer$Division (RaftServerImpl.java:checkInconsistentAppendEntries(1572)) - s2@group-EA982605F2E5: inconsistency entries. Reply:s1<-s2#2174:FAIL-t2,INCONSISTENCY,nextIndex=0,followerCommit=0,matchIndex=-1
2022-11-08 19:12:10,423 [grpc-default-executor-0] INFO  leader.FollowerInfo (FollowerInfoImpl.java:lambda$new$0(48)) - s1@group-EA982605F2E5->s2: nextIndex: updateUnconditionally 5 -> 0
2022-11-08 19:12:10,423 [s2-server-thread2] DEBUG server.RaftServer$Division (RaftServerImpl.java:logAppendEntries(1421)) - s2@group-EA982605F2E5: receive appendEntries(s1, 2, null, 4, true, commits:[s1:c4, s0:c4, s2:c0], cId:2175, entries: [(t:2, i:0), CONFIGURATIONENTRY(current:id: "s0"
address: "localhost:34297"
dataStreamAddress: "localhost:43983"
clientAddress: "localhost:39609"
adminAddress: "localhost:37077"
startupRole: FOLLOWER
,id: "s1"
address: "localhost:38917"
dataStreamAddress: "localhost:45719"
clientAddress: "localhost:36975"
adminAddress: "localhost:40635"
startupRole: FOLLOWER
,id: "s2"
address: "localhost:35511"
dataStreamAddress: "localhost:38827"
clientAddress: "localhost:42865"
adminAddress: "localhost:36791"
startupRole: FOLLOWER
, old:), (t:2, i:1), STATEMACHINELOGENTRY, 0@client-2EFB324ADA71, (t:2, i:2), METADATAENTRY(c:1), (t:2, i:3), STATEMACHINELOGENTRY, 999@client-AE8279CAF820, (t:2, i:4), METADATAENTRY(c:3)]
2022-11-08 19:12:10,423 [s2-server-thread2] INFO  server.RaftServer$Division (RaftServerImpl.java:checkInconsistentAppendEntries(1592)) - s2@group-EA982605F2E5: Failed appendEntries as the first entry (index 0) already exists (snapshotIndex: -1, commitIndex: 0)
2022-11-08 19:12:10,423 [s2-server-thread2] INFO  server.RaftServer$Division (RaftServerImpl.java:checkInconsistentAppendEntries(1572)) - s2@group-EA982605F2E5: inconsistency entries. Reply:s1<-s2#2175:FAIL-t2,INCONSISTENCY,nextIndex=1,followerCommit=0,matchIndex=-1
2022-11-08 19:12:10,424 [grpc-default-executor-0] INFO  leader.FollowerInfo (FollowerInfoImpl.java:lambda$new$0(48)) - s1@group-EA982605F2E5->s2: nextIndex: updateUnconditionally 5 -> 1
2022-11-08 19:12:10,424 [s2-server-thread2] DEBUG server.RaftServer$Division (RaftServerImpl.java:logAppendEntries(1421)) - s2@group-EA982605F2E5: receive appendEntries(s1, 2, (t:2, i:0), 4, true, commits:[s1:c4, s0:c4, s2:c0], cId:2176, entries: [(t:2, i:1), STATEMACHINELOGENTRY, 0@client-2EFB324ADA71, (t:2, i:2), METADATAENTRY(c:1), (t:2, i:3), STATEMACHINELOGENTRY, 999@client-AE8279CAF820, (t:2, i:4), METADATAENTRY(c:3)]
2022-11-08 19:12:10,424 [s2-server-thread2] INFO  server.RaftServer$Division (RaftServerImpl.java:checkInconsistentAppendEntries(1602)) - s2@group-EA982605F2E5: Failed appendEntries as previous log entry ((t:2, i:0)) is not found
2022-11-08 19:12:10,424 [s2-server-thread2] INFO  server.RaftServer$Division (RaftServerImpl.java:checkInconsistentAppendEntries(1572)) - s2@group-EA982605F2E5: inconsistency entries. Reply:s1<-s2#2176:FAIL-t2,INCONSISTENCY,nextIndex=0,followerCommit=0,matchIndex=-1
2022-11-08 19:12:10,425 [grpc-default-executor-0] INFO  leader.FollowerInfo (FollowerInfoImpl.java:lambda$new$0(48)) - s1@group-EA982605F2E5->s2: nextIndex: updateUnconditionally 5 -> 0
2022-11-08 19:12:10,426 [s2-server-thread2] DEBUG server.RaftServer$Division (RaftServerImpl.java:logAppendEntries(1421)) - s2@group-EA982605F2E5: receive appendEntries(s1, 2, null, 4, true, commits:[s1:c4, s0:c4, s2:c0], cId:2177, entries: [(t:2, i:0), CONFIGURATIONENTRY(current:id: "s0"
address: "localhost:34297"
dataStreamAddress: "localhost:43983"
clientAddress: "localhost:39609"
adminAddress: "localhost:37077"
startupRole: FOLLOWER
,id: "s1"
address: "localhost:38917"
dataStreamAddress: "localhost:45719"
clientAddress: "localhost:36975"
adminAddress: "localhost:40635"
startupRole: FOLLOWER
,id: "s2"
address: "localhost:35511"
dataStreamAddress: "localhost:38827"
clientAddress: "localhost:42865"
adminAddress: "localhost:36791"
startupRole: FOLLOWER
, old:), (t:2, i:1), STATEMACHINELOGENTRY, 0@client-2EFB324ADA71, (t:2, i:2), METADATAENTRY(c:1), (t:2, i:3), STATEMACHINELOGENTRY, 999@client-AE8279CAF820, (t:2, i:4), METADATAENTRY(c:3)]
2022-11-08 19:12:10,426 [s2-server-thread2] INFO  server.RaftServer$Division (RaftServerImpl.java:checkInconsistentAppendEntries(1592)) - s2@group-EA982605F2E5: Failed appendEntries as the first entry (index 0) already exists (snapshotIndex: -1, commitIndex: 0)
2022-11-08 19:12:10,426 [s2-server-thread2] INFO  server.RaftServer$Division (RaftServerImpl.java:checkInconsistentAppendEntries(1572)) - s2@group-EA982605F2E5: inconsistency entries. Reply:s1<-s2#2177:FAIL-t2,INCONSISTENCY,nextIndex=1,followerCommit=0,matchIndex=-1
2022-11-08 19:12:10,427 [grpc-default-executor-0] INFO  leader.FollowerInfo (FollowerInfoImpl.java:lambda$new$0(48)) - s1@group-EA982605F2E5->s2: nextIndex: updateUnconditionally 5 -> 1
2022-11-08 19:12:10,427 [s2-server-thread2] DEBUG server.RaftServer$Division (RaftServerImpl.java:logAppendEntries(1421)) - s2@group-EA982605F2E5: receive appendEntries(s1, 2, (t:2, i:0), 4, true, commits:[s1:c4, s0:c4, s2:c0], cId:2178, entries: [(t:2, i:1), STATEMACHINELOGENTRY, 0@client-2EFB324ADA71, (t:2, i:2), METADATAENTRY(c:1), (t:2, i:3), STATEMACHINELOGENTRY, 999@client-AE8279CAF820, (t:2, i:4), METADATAENTRY(c:3)]
2022-11-08 19:12:10,427 [s2-server-thread2] INFO  server.RaftServer$Division (RaftServerImpl.java:checkInconsistentAppendEntries(1602)) - s2@group-EA982605F2E5: Failed appendEntries as previous log entry ((t:2, i:0)) is not found
2022-11-08 19:12:10,427 [s2-server-thread2] INFO  server.RaftServer$Division (RaftServerImpl.java:checkInconsistentAppendEntries(1572)) - s2@group-EA982605F2E5: inconsistency entries. Reply:s1<-s2#2178:FAIL-t2,INCONSISTENCY,nextIndex=0,followerCommit=0,matchIndex=-1
2022-11-08 19:12:10,428 [grpc-default-executor-0] INFO  leader.FollowerInfo (FollowerInfoImpl.java:lambda$new$0(48)) - s1@group-EA982605F2E5->s2: nextIndex: updateUnconditionally 5 -> 0
2022-11-08 19:12:10,428 [s2-server-thread2] DEBUG server.RaftServer$Division (RaftServerImpl.java:logAppendEntries(1421)) - s2@group-EA982605F2E5: receive appendEntries(s1, 2, null, 4, true, commits:[s1:c4, s0:c4, s2:c0], cId:2179, entries: [(t:2, i:0), CONFIGURATIONENTRY(current:id: "s0"
address: "localhost:34297"
dataStreamAddress: "localhost:43983"
clientAddress: "localhost:39609"
adminAddress: "localhost:37077"
startupRole: FOLLOWER
,id: "s1"
address: "localhost:38917"
dataStreamAddress: "localhost:45719"
clientAddress: "localhost:36975"
adminAddress: "localhost:40635"
startupRole: FOLLOWER
,id: "s2"
address: "localhost:35511"
dataStreamAddress: "localhost:38827"
clientAddress: "localhost:42865"
adminAddress: "localhost:36791"
startupRole: FOLLOWER
, old:), (t:2, i:1), STATEMACHINELOGENTRY, 0@client-2EFB324ADA71, (t:2, i:2), METADATAENTRY(c:1), (t:2, i:3), STATEMACHINELOGENTRY, 999@client-AE8279CAF820, (t:2, i:4), METADATAENTRY(c:3)]
2022-11-08 19:12:10,428 [s2-server-thread2] INFO  server.RaftServer$Division (RaftServerImpl.java:checkInconsistentAppendEntries(1592)) - s2@group-EA982605F2E5: Failed appendEntries as the first entry (index 0) already exists (snapshotIndex: -1, commitIndex: 0)
2022-11-08 19:12:10,428 [s2-server-thread2] INFO  server.RaftServer$Division (RaftServerImpl.java:checkInconsistentAppendEntries(1572)) - s2@group-EA982605F2E5: inconsistency entries. Reply:s1<-s2#2179:FAIL-t2,INCONSISTENCY,nextIndex=1,followerCommit=0,matchIndex=-1
2022-11-08 19:12:10,429 [grpc-default-executor-0] INFO  leader.FollowerInfo (FollowerInfoImpl.java:lambda$new$0(48)) - s1@group-EA982605F2E5->s2: nextIndex: updateUnconditionally 5 -> 1
2022-11-08 19:12:10,429 [s2-server-thread2] DEBUG server.RaftServer$Division (RaftServerImpl.java:logAppendEntries(1421)) - s2@group-EA982605F2E5: receive appendEntries(s1, 2, (t:2, i:0), 4, true, commits:[s1:c4, s0:c4, s2:c0], cId:2180, entries: [(t:2, i:1), STATEMACHINELOGENTRY, 0@client-2EFB324ADA71, (t:2, i:2), METADATAENTRY(c:1), (t:2, i:3), STATEMACHINELOGENTRY, 999@client-AE8279CAF820, (t:2, i:4), METADATAENTRY(c:3)]
2022-11-08 19:12:10,429 [s2-server-thread2] INFO  server.RaftServer$Division (RaftServerImpl.java:checkInconsistentAppendEntries(1602)) - s2@group-EA982605F2E5: Failed appendEntries as previous log entry ((t:2, i:0)) is not found
2022-11-08 19:12:10,429 [s2-server-thread2] INFO  server.RaftServer$Division (RaftServerImpl.java:checkInconsistentAppendEntries(1572)) - s2@group-EA982605F2E5: inconsistency entries. Reply:s1<-s2#2180:FAIL-t2,INCONSISTENCY,nextIndex=0,followerCommit=0,matchIndex=-1
2022-11-08 19:12:10,430 [grpc-default-executor-0] INFO  leader.FollowerInfo (FollowerInfoImpl.java:lambda$new$0(48)) - s1@group-EA982605F2E5->s2: nextIndex: updateUnconditionally 5 -> 0
2022-11-08 19:12:10,430 [s2-server-thread2] DEBUG server.RaftServer$Division (RaftServerImpl.java:logAppendEntries(1421)) - s2@group-EA982605F2E5: receive appendEntries(s1, 2, null, 4, true, commits:[s1:c4, s0:c4, s2:c0], cId:2181, entries: [(t:2, i:0), CONFIGURATIONENTRY(current:id: "s0"
address: "localhost:34297"
dataStreamAddress: "localhost:43983"
clientAddress: "localhost:39609"
adminAddress: "localhost:37077"
startupRole: FOLLOWER
,id: "s1"
address: "localhost:38917"
dataStreamAddress: "localhost:45719"
clientAddress: "localhost:36975"
adminAddress: "localhost:40635"
startupRole: FOLLOWER
,id: "s2"
address: "localhost:35511"
dataStreamAddress: "localhost:38827"
clientAddress: "localhost:42865"
adminAddress: "localhost:36791"
startupRole: FOLLOWER
, old:), (t:2, i:1), STATEMACHINELOGENTRY, 0@client-2EFB324ADA71, (t:2, i:2), METADATAENTRY(c:1), (t:2, i:3), STATEMACHINELOGENTRY, 999@client-AE8279CAF820, (t:2, i:4), METADATAENTRY(c:3)]
2022-11-08 19:12:10,430 [s2-server-thread2] INFO  server.RaftServer$Division (RaftServerImpl.java:checkInconsistentAppendEntries(1592)) - s2@group-EA982605F2E5: Failed appendEntries as the first entry (index 0) already exists (snapshotIndex: -1, commitIndex: 0)
2022-11-08 19:12:10,430 [s2-server-thread2] INFO  server.RaftServer$Division (RaftServerImpl.java:checkInconsistentAppendEntries(1572)) - s2@group-EA982605F2E5: inconsistency entries. Reply:s1<-s2#2181:FAIL-t2,INCONSISTENCY,nextIndex=1,followerCommit=0,matchIndex=-1
2022-11-08 19:12:10,431 [grpc-default-executor-0] INFO  leader.FollowerInfo (FollowerInfoImpl.java:lambda$new$0(48)) - s1@group-EA982605F2E5->s2: nextIndex: updateUnconditionally 5 -> 1
2022-11-08 19:12:10,431 [s2-server-thread2] DEBUG server.RaftServer$Division (RaftServerImpl.java:logAppendEntries(1421)) - s2@group-EA982605F2E5: receive appendEntries(s1, 2, (t:2, i:0), 4, true, commits:[s1:c4, s0:c4, s2:c0], cId:2182, entries: [(t:2, i:1), STATEMACHINELOGENTRY, 0@client-2EFB324ADA71, (t:2, i:2), METADATAENTRY(c:1), (t:2, i:3), STATEMACHINELOGENTRY, 999@client-AE8279CAF820, (t:2, i:4), METADATAENTRY(c:3)]
2022-11-08 19:12:10,431 [s2-server-thread2] INFO  server.RaftServer$Division (RaftServerImpl.java:checkInconsistentAppendEntries(1602)) - s2@group-EA982605F2E5: Failed appendEntries as previous log entry ((t:2, i:0)) is not found
2022-11-08 19:12:10,431 [s2-server-thread2] INFO  server.RaftServer$Division (RaftServerImpl.java:checkInconsistentAppendEntries(1572)) - s2@group-EA982605F2E5: inconsistency entries. Reply:s1<-s2#2182:FAIL-t2,INCONSISTENCY,nextIndex=0,followerCommit=0,matchIndex=-1
2022-11-08 19:12:10,432 [grpc-default-executor-0] INFO  leader.FollowerInfo (FollowerInfoImpl.java:lambda$new$0(48)) - s1@group-EA982605F2E5->s2: nextIndex: updateUnconditionally 5 -> 0
2022-11-08 19:12:10,432 [s2-server-thread2] DEBUG server.RaftServer$Division (RaftServerImpl.java:logAppendEntries(1421)) - s2@group-EA982605F2E5: receive appendEntries(s1, 2, null, 4, true, commits:[s1:c4, s0:c4, s2:c0], cId:2183, entries: [(t:2, i:0), CONFIGURATIONENTRY(current:id: "s0"
address: "localhost:34297"
dataStreamAddress: "localhost:43983"
clientAddress: "localhost:39609"
adminAddress: "localhost:37077"
startupRole: FOLLOWER
,id: "s1"
address: "localhost:38917"
dataStreamAddress: "localhost:45719"
clientAddress: "localhost:36975"
adminAddress: "localhost:40635"
startupRole: FOLLOWER
,id: "s2"
address: "localhost:35511"
dataStreamAddress: "localhost:38827"
clientAddress: "localhost:42865"
adminAddress: "localhost:36791"
startupRole: FOLLOWER
, old:), (t:2, i:1), STATEMACHINELOGENTRY, 0@client-2EFB324ADA71, (t:2, i:2), METADATAENTRY(c:1), (t:2, i:3), STATEMACHINELOGENTRY, 999@client-AE8279CAF820, (t:2, i:4), METADATAENTRY(c:3)]
2022-11-08 19:12:10,432 [s2-server-thread2] INFO  server.RaftServer$Division (RaftServerImpl.java:checkInconsistentAppendEntries(1592)) - s2@group-EA982605F2E5: Failed appendEntries as the first entry (index 0) already exists (snapshotIndex: -1, commitIndex: 0)
2022-11-08 19:12:10,432 [s2-server-thread2] INFO  server.RaftServer$Division (RaftServerImpl.java:checkInconsistentAppendEntries(1572)) - s2@group-EA982605F2E5: inconsistency entries. Reply:s1<-s2#2183:FAIL-t2,INCONSISTENCY,nextIndex=1,followerCommit=0,matchIndex=-1
2022-11-08 19:12:10,433 [grpc-default-executor-0] INFO  leader.FollowerInfo (FollowerInfoImpl.java:lambda$new$0(48)) - s1@group-EA982605F2E5->s2: nextIndex: updateUnconditionally 5 -> 1
2022-11-08 19:12:10,433 [s2-server-thread2] DEBUG server.RaftServer$Division (RaftServerImpl.java:logAppendEntries(1421)) - s2@group-EA982605F2E5: receive appendEntries(s1, 2, (t:2, i:0), 4, true, commits:[s1:c4, s0:c4, s2:c0], cId:2184, entries: [(t:2, i:1), STATEMACHINELOGENTRY, 0@client-2EFB324ADA71, (t:2, i:2), METADATAENTRY(c:1), (t:2, i:3), STATEMACHINELOGENTRY, 999@client-AE8279CAF820, (t:2, i:4), METADATAENTRY(c:3)]
2022-11-08 19:12:10,433 [s2-server-thread2] INFO  server.RaftServer$Division (RaftServerImpl.java:checkInconsistentAppendEntries(1602)) - s2@group-EA982605F2E5: Failed appendEntries as previous log entry ((t:2, i:0)) is not found
2022-11-08 19:12:10,433 [s2-server-thread2] INFO  server.RaftServer$Division (RaftServerImpl.java:checkInconsistentAppendEntries(1572)) - s2@group-EA982605F2E5: inconsistency entries. Reply:s1<-s2#2184:FAIL-t2,INCONSISTENCY,nextIndex=0,followerCommit=0,matchIndex=-1
2022-11-08 19:12:10,434 [grpc-default-executor-0] INFO  leader.FollowerInfo (FollowerInfoImpl.java:lambda$new$0(48)) - s1@group-EA982605F2E5->s2: nextIndex: updateUnconditionally 5 -> 0
2022-11-08 19:12:10,434 [s2-server-thread2] DEBUG server.RaftServer$Division (RaftServerImpl.java:logAppendEntries(1421)) - s2@group-EA982605F2E5: receive appendEntries(s1, 2, null, 4, true, commits:[s1:c4, s0:c4, s2:c0], cId:2185, entries: [(t:2, i:0), CONFIGURATIONENTRY(current:id: "s0"
address: "localhost:34297"
dataStreamAddress: "localhost:43983"
clientAddress: "localhost:39609"
adminAddress: "localhost:37077"
startupRole: FOLLOWER
,id: "s1"
address: "localhost:38917"
dataStreamAddress: "localhost:45719"
clientAddress: "localhost:36975"
adminAddress: "localhost:40635"
startupRole: FOLLOWER
,id: "s2"
address: "localhost:35511"
dataStreamAddress: "localhost:38827"
clientAddress: "localhost:42865"
adminAddress: "localhost:36791"
startupRole: FOLLOWER
, old:), (t:2, i:1), STATEMACHINELOGENTRY, 0@client-2EFB324ADA71, (t:2, i:2), METADATAENTRY(c:1), (t:2, i:3), STATEMACHINELOGENTRY, 999@client-AE8279CAF820, (t:2, i:4), METADATAENTRY(c:3)]
2022-11-08 19:12:10,434 [s2-server-thread2] INFO  server.RaftServer$Division (RaftServerImpl.java:checkInconsistentAppendEntries(1592)) - s2@group-EA982605F2E5: Failed appendEntries as the first entry (index 0) already exists (snapshotIndex: -1, commitIndex: 0)
2022-11-08 19:12:10,434 [s2-server-thread2] INFO  server.RaftServer$Division (RaftServerImpl.java:checkInconsistentAppendEntries(1572)) - s2@group-EA982605F2E5: inconsistency entries. Reply:s1<-s2#2185:FAIL-t2,INCONSISTENCY,nextIndex=1,followerCommit=0,matchIndex=-1
2022-11-08 19:12:10,435 [grpc-default-executor-0] INFO  leader.FollowerInfo (FollowerInfoImpl.java:lambda$new$0(48)) - s1@group-EA982605F2E5->s2: nextIndex: updateUnconditionally 5 -> 1
2022-11-08 19:12:10,435 [s2-server-thread2] DEBUG server.RaftServer$Division (RaftServerImpl.java:logAppendEntries(1421)) - s2@group-EA982605F2E5: receive appendEntries(s1, 2, (t:2, i:0), 4, true, commits:[s1:c4, s0:c4, s2:c0], cId:2186, entries: [(t:2, i:1), STATEMACHINELOGENTRY, 0@client-2EFB324ADA71, (t:2, i:2), METADATAENTRY(c:1), (t:2, i:3), STATEMACHINELOGENTRY, 999@client-AE8279CAF820, (t:2, i:4), METADATAENTRY(c:3)]
2022-11-08 19:12:10,435 [s2-server-thread2] INFO  server.RaftServer$Division (RaftServerImpl.java:checkInconsistentAppendEntries(1602)) - s2@group-EA982605F2E5: Failed appendEntries as previous log entry ((t:2, i:0)) is not found
2022-11-08 19:12:10,435 [s2-server-thread2] INFO  server.RaftServer$Division (RaftServerImpl.java:checkInconsistentAppendEntries(1572)) - s2@group-EA982605F2E5: inconsistency entries. Reply:s1<-s2#2186:FAIL-t2,INCONSISTENCY,nextIndex=0,followerCommit=0,matchIndex=-1
2022-11-08 19:12:10,436 [grpc-default-executor-0] INFO  leader.FollowerInfo (FollowerInfoImpl.java:lambda$new$0(48)) - s1@group-EA982605F2E5->s2: nextIndex: updateUnconditionally 5 -> 0
2022-11-08 19:12:10,436 [s2-server-thread2] DEBUG server.RaftServer$Division (RaftServerImpl.java:logAppendEntries(1421)) - s2@group-EA982605F2E5: receive appendEntries(s1, 2, null, 4, true, commits:[s1:c4, s0:c4, s2:c0], cId:2187, entries: [(t:2, i:0), CONFIGURATIONENTRY(current:id: "s0"
address: "localhost:34297"
dataStreamAddress: "localhost:43983"
clientAddress: "localhost:39609"
adminAddress: "localhost:37077"
startupRole: FOLLOWER
,id: "s1"
address: "localhost:38917"
dataStreamAddress: "localhost:45719"
clientAddress: "localhost:36975"
adminAddress: "localhost:40635"
startupRole: FOLLOWER
,id: "s2"
address: "localhost:35511"
dataStreamAddress: "localhost:38827"
clientAddress: "localhost:42865"
adminAddress: "localhost:36791"
startupRole: FOLLOWER
, old:), (t:2, i:1), STATEMACHINELOGENTRY, 0@client-2EFB324ADA71, (t:2, i:2), METADATAENTRY(c:1), (t:2, i:3), STATEMACHINELOGENTRY, 999@client-AE8279CAF820, (t:2, i:4), METADATAENTRY(c:3)]
2022-11-08 19:12:10,436 [s2-server-thread2] INFO  server.RaftServer$Division (RaftServerImpl.java:checkInconsistentAppendEntries(1592)) - s2@group-EA982605F2E5: Failed appendEntries as the first entry (index 0) already exists (snapshotIndex: -1, commitIndex: 0)
2022-11-08 19:12:10,436 [s2-server-thread2] INFO  server.RaftServer$Division (RaftServerImpl.java:checkInconsistentAppendEntries(1572)) - s2@group-EA982605F2E5: inconsistency entries. Reply:s1<-s2#2187:FAIL-t2,INCONSISTENCY,nextIndex=1,followerCommit=0,matchIndex=-1
2022-11-08 19:12:10,437 [grpc-default-executor-0] INFO  leader.FollowerInfo (FollowerInfoImpl.java:lambda$new$0(48)) - s1@group-EA982605F2E5->s2: nextIndex: updateUnconditionally 5 -> 1
2022-11-08 19:12:10,437 [s2-server-thread2] DEBUG server.RaftServer$Division (RaftServerImpl.java:logAppendEntries(1421)) - s2@group-EA982605F2E5: receive appendEntries(s1, 2, (t:2, i:0), 4, true, commits:[s1:c4, s0:c4, s2:c0], cId:2188, entries: [(t:2, i:1), STATEMACHINELOGENTRY, 0@client-2EFB324ADA71, (t:2, i:2), METADATAENTRY(c:1), (t:2, i:3), STATEMACHINELOGENTRY, 999@client-AE8279CAF820, (t:2, i:4), METADATAENTRY(c:3)]
2022-11-08 19:12:10,437 [s2-server-thread2] INFO  server.RaftServer$Division (RaftServerImpl.java:checkInconsistentAppendEntries(1602)) - s2@group-EA982605F2E5: Failed appendEntries as previous log entry ((t:2, i:0)) is not found
2022-11-08 19:12:10,438 [s2-server-thread2] INFO  server.RaftServer$Division (RaftServerImpl.java:checkInconsistentAppendEntries(1572)) - s2@group-EA982605F2E5: inconsistency entries. Reply:s1<-s2#2188:FAIL-t2,INCONSISTENCY,nextIndex=0,followerCommit=0,matchIndex=-1
2022-11-08 19:12:10,438 [grpc-default-executor-0] INFO  leader.FollowerInfo (FollowerInfoImpl.java:lambda$new$0(48)) - s1@group-EA982605F2E5->s2: nextIndex: updateUnconditionally 5 -> 0
2022-11-08 19:12:10,438 [s2-server-thread2] DEBUG server.RaftServer$Division (RaftServerImpl.java:logAppendEntries(1421)) - s2@group-EA982605F2E5: receive appendEntries(s1, 2, null, 4, true, commits:[s1:c4, s0:c4, s2:c0], cId:2189, entries: [(t:2, i:0), CONFIGURATIONENTRY(current:id: "s0"
address: "localhost:34297"
dataStreamAddress: "localhost:43983"
clientAddress: "localhost:39609"
adminAddress: "localhost:37077"
startupRole: FOLLOWER
,id: "s1"
address: "localhost:38917"
dataStreamAddress: "localhost:45719"
clientAddress: "localhost:36975"
adminAddress: "localhost:40635"
startupRole: FOLLOWER
,id: "s2"
address: "localhost:35511"
dataStreamAddress: "localhost:38827"
clientAddress: "localhost:42865"
adminAddress: "localhost:36791"
startupRole: FOLLOWER
, old:), (t:2, i:1), STATEMACHINELOGENTRY, 0@client-2EFB324ADA71, (t:2, i:2), METADATAENTRY(c:1), (t:2, i:3), STATEMACHINELOGENTRY, 999@client-AE8279CAF820, (t:2, i:4), METADATAENTRY(c:3)]
2022-11-08 19:12:10,439 [s2-server-thread2] INFO  server.RaftServer$Division (RaftServerImpl.java:checkInconsistentAppendEntries(1592)) - s2@group-EA982605F2E5: Failed appendEntries as the first entry (index 0) already exists (snapshotIndex: -1, commitIndex: 0)
2022-11-08 19:12:10,439 [s2-server-thread2] INFO  server.RaftServer$Division (RaftServerImpl.java:checkInconsistentAppendEntries(1572)) - s2@group-EA982605F2E5: inconsistency entries. Reply:s1<-s2#2189:FAIL-t2,INCONSISTENCY,nextIndex=1,followerCommit=0,matchIndex=-1
2022-11-08 19:12:10,439 [grpc-default-executor-0] INFO  leader.FollowerInfo (FollowerInfoImpl.java:lambda$new$0(48)) - s1@group-EA982605F2E5->s2: nextIndex: updateUnconditionally 5 -> 1
2022-11-08 19:12:10,439 [s2-server-thread2] DEBUG server.RaftServer$Division (RaftServerImpl.java:logAppendEntries(1421)) - s2@group-EA982605F2E5: receive appendEntries(s1, 2, (t:2, i:0), 4, true, commits:[s1:c4, s0:c4, s2:c0], cId:2190, entries: [(t:2, i:1), STATEMACHINELOGENTRY, 0@client-2EFB324ADA71, (t:2, i:2), METADATAENTRY(c:1), (t:2, i:3), STATEMACHINELOGENTRY, 999@client-AE8279CAF820, (t:2, i:4), METADATAENTRY(c:3)]
2022-11-08 19:12:10,440 [s2-server-thread2] INFO  server.RaftServer$Division (RaftServerImpl.java:checkInconsistentAppendEntries(1602)) - s2@group-EA982605F2E5: Failed appendEntries as previous log entry ((t:2, i:0)) is not found
2022-11-08 19:12:10,440 [s2-server-thread2] INFO  server.RaftServer$Division (RaftServerImpl.java:checkInconsistentAppendEntries(1572)) - s2@group-EA982605F2E5: inconsistency entries. Reply:s1<-s2#2190:FAIL-t2,INCONSISTENCY,nextIndex=0,followerCommit=0,matchIndex=-1
2022-11-08 19:12:10,440 [grpc-default-executor-0] INFO  leader.FollowerInfo (FollowerInfoImpl.java:lambda$new$0(48)) - s1@group-EA982605F2E5->s2: nextIndex: updateUnconditionally 5 -> 0
2022-11-08 19:12:10,440 [s2-server-thread2] DEBUG server.RaftServer$Division (RaftServerImpl.java:logAppendEntries(1421)) - s2@group-EA982605F2E5: receive appendEntries(s1, 2, null, 4, true, commits:[s1:c4, s0:c4, s2:c0], cId:2191, entries: [(t:2, i:0), CONFIGURATIONENTRY(current:id: "s0"
address: "localhost:34297"
dataStreamAddress: "localhost:43983"
clientAddress: "localhost:39609"
adminAddress: "localhost:37077"
startupRole: FOLLOWER
,id: "s1"
address: "localhost:38917"
dataStreamAddress: "localhost:45719"
clientAddress: "localhost:36975"
adminAddress: "localhost:40635"
startupRole: FOLLOWER
,id: "s2"
address: "localhost:35511"
dataStreamAddress: "localhost:38827"
clientAddress: "localhost:42865"
adminAddress: "localhost:36791"
startupRole: FOLLOWER
, old:), (t:2, i:1), STATEMACHINELOGENTRY, 0@client-2EFB324ADA71, (t:2, i:2), METADATAENTRY(c:1), (t:2, i:3), STATEMACHINELOGENTRY, 999@client-AE8279CAF820, (t:2, i:4), METADATAENTRY(c:3)]
2022-11-08 19:12:10,441 [s2-server-thread2] INFO  server.RaftServer$Division (RaftServerImpl.java:checkInconsistentAppendEntries(1592)) - s2@group-EA982605F2E5: Failed appendEntries as the first entry (index 0) already exists (snapshotIndex: -1, commitIndex: 0)
2022-11-08 19:12:10,441 [s2-server-thread2] INFO  server.RaftServer$Division (RaftServerImpl.java:checkInconsistentAppendEntries(1572)) - s2@group-EA982605F2E5: inconsistency entries. Reply:s1<-s2#2191:FAIL-t2,INCONSISTENCY,nextIndex=1,followerCommit=0,matchIndex=-1
2022-11-08 19:12:10,441 [grpc-default-executor-0] INFO  leader.FollowerInfo (FollowerInfoImpl.java:lambda$new$0(48)) - s1@group-EA982605F2E5->s2: nextIndex: updateUnconditionally 5 -> 1
2022-11-08 19:12:10,441 [s2-server-thread2] DEBUG server.RaftServer$Division (RaftServerImpl.java:logAppendEntries(1421)) - s2@group-EA982605F2E5: receive appendEntries(s1, 2, (t:2, i:0), 4, true, commits:[s1:c4, s0:c4, s2:c0], cId:2192, entries: [(t:2, i:1), STATEMACHINELOGENTRY, 0@client-2EFB324ADA71, (t:2, i:2), METADATAENTRY(c:1), (t:2, i:3), STATEMACHINELOGENTRY, 999@client-AE8279CAF820, (t:2, i:4), METADATAENTRY(c:3)]
2022-11-08 19:12:10,442 [s2-server-thread2] INFO  server.RaftServer$Division (RaftServerImpl.java:checkInconsistentAppendEntries(1602)) - s2@group-EA982605F2E5: Failed appendEntries as previous log entry ((t:2, i:0)) is not found
2022-11-08 19:12:10,442 [s2-server-thread2] INFO  server.RaftServer$Division (RaftServerImpl.java:checkInconsistentAppendEntries(1572)) - s2@group-EA982605F2E5: inconsistency entries. Reply:s1<-s2#2192:FAIL-t2,INCONSISTENCY,nextIndex=0,followerCommit=0,matchIndex=-1
2022-11-08 19:12:10,442 [grpc-default-executor-0] INFO  leader.FollowerInfo (FollowerInfoImpl.java:lambda$new$0(48)) - s1@group-EA982605F2E5->s2: nextIndex: updateUnconditionally 5 -> 0
2022-11-08 19:12:10,442 [s2-server-thread2] DEBUG server.RaftServer$Division (RaftServerImpl.java:logAppendEntries(1421)) - s2@group-EA982605F2E5: receive appendEntries(s1, 2, null, 4, true, commits:[s1:c4, s0:c4, s2:c0], cId:2193, entries: [(t:2, i:0), CONFIGURATIONENTRY(current:id: "s0"
address: "localhost:34297"
dataStreamAddress: "localhost:43983"
clientAddress: "localhost:39609"
adminAddress: "localhost:37077"
startupRole: FOLLOWER
,id: "s1"
address: "localhost:38917"
dataStreamAddress: "localhost:45719"
clientAddress: "localhost:36975"
adminAddress: "localhost:40635"
startupRole: FOLLOWER
,id: "s2"
address: "localhost:35511"
dataStreamAddress: "localhost:38827"
clientAddress: "localhost:42865"
adminAddress: "localhost:36791"
startupRole: FOLLOWER
, old:), (t:2, i:1), STATEMACHINELOGENTRY, 0@client-2EFB324ADA71, (t:2, i:2), METADATAENTRY(c:1), (t:2, i:3), STATEMACHINELOGENTRY, 999@client-AE8279CAF820, (t:2, i:4), METADATAENTRY(c:3)]
2022-11-08 19:12:10,443 [s2-server-thread2] INFO  server.RaftServer$Division (RaftServerImpl.java:checkInconsistentAppendEntries(1592)) - s2@group-EA982605F2E5: Failed appendEntries as the first entry (index 0) already exists (snapshotIndex: -1, commitIndex: 0)
2022-11-08 19:12:10,443 [s2-server-thread2] INFO  server.RaftServer$Division (RaftServerImpl.java:checkInconsistentAppendEntries(1572)) - s2@group-EA982605F2E5: inconsistency entries. Reply:s1<-s2#2193:FAIL-t2,INCONSISTENCY,nextIndex=1,followerCommit=0,matchIndex=-1
2022-11-08 19:12:10,443 [grpc-default-executor-0] INFO  leader.FollowerInfo (FollowerInfoImpl.java:lambda$new$0(48)) - s1@group-EA982605F2E5->s2: nextIndex: updateUnconditionally 5 -> 1
2022-11-08 19:12:10,443 [s2-server-thread2] DEBUG server.RaftServer$Division (RaftServerImpl.java:logAppendEntries(1421)) - s2@group-EA982605F2E5: receive appendEntries(s1, 2, (t:2, i:0), 4, true, commits:[s1:c4, s0:c4, s2:c0], cId:2194, entries: [(t:2, i:1), STATEMACHINELOGENTRY, 0@client-2EFB324ADA71, (t:2, i:2), METADATAENTRY(c:1), (t:2, i:3), STATEMACHINELOGENTRY, 999@client-AE8279CAF820, (t:2, i:4), METADATAENTRY(c:3)]
2022-11-08 19:12:10,443 [s2-server-thread2] INFO  server.RaftServer$Division (RaftServerImpl.java:checkInconsistentAppendEntries(1602)) - s2@group-EA982605F2E5: Failed appendEntries as previous log entry ((t:2, i:0)) is not found
2022-11-08 19:12:10,444 [s2-server-thread2] INFO  server.RaftServer$Division (RaftServerImpl.java:checkInconsistentAppendEntries(1572)) - s2@group-EA982605F2E5: inconsistency entries. Reply:s1<-s2#2194:FAIL-t2,INCONSISTENCY,nextIndex=0,followerCommit=0,matchIndex=-1
2022-11-08 19:12:10,444 [grpc-default-executor-0] INFO  leader.FollowerInfo (FollowerInfoImpl.java:lambda$new$0(48)) - s1@group-EA982605F2E5->s2: nextIndex: updateUnconditionally 5 -> 0
2022-11-08 19:12:10,444 [s2-server-thread2] DEBUG server.RaftServer$Division (RaftServerImpl.java:logAppendEntries(1421)) - s2@group-EA982605F2E5: receive appendEntries(s1, 2, null, 4, true, commits:[s1:c4, s0:c4, s2:c0], cId:2195, entries: [(t:2, i:0), CONFIGURATIONENTRY(current:id: "s0"
address: "localhost:34297"
dataStreamAddress: "localhost:43983"
clientAddress: "localhost:39609"
adminAddress: "localhost:37077"
startupRole: FOLLOWER
,id: "s1"
address: "localhost:38917"
dataStreamAddress: "localhost:45719"
clientAddress: "localhost:36975"
adminAddress: "localhost:40635"
startupRole: FOLLOWER
,id: "s2"
address: "localhost:35511"
dataStreamAddress: "localhost:38827"
clientAddress: "localhost:42865"
adminAddress: "localhost:36791"
startupRole: FOLLOWER
, old:), (t:2, i:1), STATEMACHINELOGENTRY, 0@client-2EFB324ADA71, (t:2, i:2), METADATAENTRY(c:1), (t:2, i:3), STATEMACHINELOGENTRY, 999@client-AE8279CAF820, (t:2, i:4), METADATAENTRY(c:3)]
2022-11-08 19:12:10,445 [s2-server-thread2] INFO  server.RaftServer$Division (RaftServerImpl.java:checkInconsistentAppendEntries(1592)) - s2@group-EA982605F2E5: Failed appendEntries as the first entry (index 0) already exists (snapshotIndex: -1, commitIndex: 0)
2022-11-08 19:12:10,445 [s2-server-thread2] INFO  server.RaftServer$Division (RaftServerImpl.java:checkInconsistentAppendEntries(1572)) - s2@group-EA982605F2E5: inconsistency entries. Reply:s1<-s2#2195:FAIL-t2,INCONSISTENCY,nextIndex=1,followerCommit=0,matchIndex=-1
2022-11-08 19:12:10,445 [grpc-default-executor-0] INFO  leader.FollowerInfo (FollowerInfoImpl.java:lambda$new$0(48)) - s1@group-EA982605F2E5->s2: nextIndex: updateUnconditionally 5 -> 1
2022-11-08 19:12:10,445 [s2-server-thread2] DEBUG server.RaftServer$Division (RaftServerImpl.java:logAppendEntries(1421)) - s2@group-EA982605F2E5: receive appendEntries(s1, 2, (t:2, i:0), 4, true, commits:[s1:c4, s0:c4, s2:c0], cId:2196, entries: [(t:2, i:1), STATEMACHINELOGENTRY, 0@client-2EFB324ADA71, (t:2, i:2), METADATAENTRY(c:1), (t:2, i:3), STATEMACHINELOGENTRY, 999@client-AE8279CAF820, (t:2, i:4), METADATAENTRY(c:3)]
2022-11-08 19:12:10,445 [s2-server-thread2] INFO  server.RaftServer$Division (RaftServerImpl.java:checkInconsistentAppendEntries(1602)) - s2@group-EA982605F2E5: Failed appendEntries as previous log entry ((t:2, i:0)) is not found
2022-11-08 19:12:10,446 [s2-server-thread2] INFO  server.RaftServer$Division (RaftServerImpl.java:checkInconsistentAppendEntries(1572)) - s2@group-EA982605F2E5: inconsistency entries. Reply:s1<-s2#2196:FAIL-t2,INCONSISTENCY,nextIndex=0,followerCommit=0,matchIndex=-1
2022-11-08 19:12:10,446 [grpc-default-executor-0] INFO  leader.FollowerInfo (FollowerInfoImpl.java:lambda$new$0(48)) - s1@group-EA982605F2E5->s2: nextIndex: updateUnconditionally 5 -> 0
2022-11-08 19:12:10,446 [s2-server-thread2] DEBUG server.RaftServer$Division (RaftServerImpl.java:logAppendEntries(1421)) - s2@group-EA982605F2E5: receive appendEntries(s1, 2, null, 4, true, commits:[s1:c4, s0:c4, s2:c0], cId:2197, entries: [(t:2, i:0), CONFIGURATIONENTRY(current:id: "s0"
address: "localhost:34297"
dataStreamAddress: "localhost:43983"
clientAddress: "localhost:39609"
adminAddress: "localhost:37077"
startupRole: FOLLOWER
,id: "s1"
address: "localhost:38917"
dataStreamAddress: "localhost:45719"
clientAddress: "localhost:36975"
adminAddress: "localhost:40635"
startupRole: FOLLOWER
,id: "s2"
address: "localhost:35511"
dataStreamAddress: "localhost:38827"
clientAddress: "localhost:42865"
adminAddress: "localhost:36791"
startupRole: FOLLOWER
, old:), (t:2, i:1), STATEMACHINELOGENTRY, 0@client-2EFB324ADA71, (t:2, i:2), METADATAENTRY(c:1), (t:2, i:3), STATEMACHINELOGENTRY, 999@client-AE8279CAF820, (t:2, i:4), METADATAENTRY(c:3)]
2022-11-08 19:12:10,446 [s2-server-thread2] INFO  server.RaftServer$Division (RaftServerImpl.java:checkInconsistentAppendEntries(1592)) - s2@group-EA982605F2E5: Failed appendEntries as the first entry (index 0) already exists (snapshotIndex: -1, commitIndex: 0)
2022-11-08 19:12:10,446 [s2-server-thread2] INFO  server.RaftServer$Division (RaftServerImpl.java:checkInconsistentAppendEntries(1572)) - s2@group-EA982605F2E5: inconsistency entries. Reply:s1<-s2#2197:FAIL-t2,INCONSISTENCY,nextIndex=1,followerCommit=0,matchIndex=-1
2022-11-08 19:12:10,447 [grpc-default-executor-0] INFO  leader.FollowerInfo (FollowerInfoImpl.java:lambda$new$0(48)) - s1@group-EA982605F2E5->s2: nextIndex: updateUnconditionally 5 -> 1
2022-11-08 19:12:10,447 [s2-server-thread2] DEBUG server.RaftServer$Division (RaftServerImpl.java:logAppendEntries(1421)) - s2@group-EA982605F2E5: receive appendEntries(s1, 2, (t:2, i:0), 4, true, commits:[s1:c4, s0:c4, s2:c0], cId:2198, entries: [(t:2, i:1), STATEMACHINELOGENTRY, 0@client-2EFB324ADA71, (t:2, i:2), METADATAENTRY(c:1), (t:2, i:3), STATEMACHINELOGENTRY, 999@client-AE8279CAF820, (t:2, i:4), METADATAENTRY(c:3)]
2022-11-08 19:12:10,447 [s2-server-thread2] INFO  server.RaftServer$Division (RaftServerImpl.java:checkInconsistentAppendEntries(1602)) - s2@group-EA982605F2E5: Failed appendEntries as previous log entry ((t:2, i:0)) is not found
2022-11-08 19:12:10,447 [s2-server-thread2] INFO  server.RaftServer$Division (RaftServerImpl.java:checkInconsistentAppendEntries(1572)) - s2@group-EA982605F2E5: inconsistency entries. Reply:s1<-s2#2198:FAIL-t2,INCONSISTENCY,nextIndex=0,followerCommit=0,matchIndex=-1
2022-11-08 19:12:10,448 [grpc-default-executor-0] INFO  leader.FollowerInfo (FollowerInfoImpl.java:lambda$new$0(48)) - s1@group-EA982605F2E5->s2: nextIndex: updateUnconditionally 5 -> 0
2022-11-08 19:12:10,448 [s2-server-thread2] DEBUG server.RaftServer$Division (RaftServerImpl.java:logAppendEntries(1421)) - s2@group-EA982605F2E5: receive appendEntries(s1, 2, null, 4, true, commits:[s1:c4, s0:c4, s2:c0], cId:2199, entries: [(t:2, i:0), CONFIGURATIONENTRY(current:id: "s0"
address: "localhost:34297"
dataStreamAddress: "localhost:43983"
clientAddress: "localhost:39609"
adminAddress: "localhost:37077"
startupRole: FOLLOWER
,id: "s1"
address: "localhost:38917"
dataStreamAddress: "localhost:45719"
clientAddress: "localhost:36975"
adminAddress: "localhost:40635"
startupRole: FOLLOWER
,id: "s2"
address: "localhost:35511"
dataStreamAddress: "localhost:38827"
clientAddress: "localhost:42865"
adminAddress: "localhost:36791"
startupRole: FOLLOWER
, old:), (t:2, i:1), STATEMACHINELOGENTRY, 0@client-2EFB324ADA71, (t:2, i:2), METADATAENTRY(c:1), (t:2, i:3), STATEMACHINELOGENTRY, 999@client-AE8279CAF820, (t:2, i:4), METADATAENTRY(c:3)]
2022-11-08 19:12:10,448 [s2-server-thread2] INFO  server.RaftServer$Division (RaftServerImpl.java:checkInconsistentAppendEntries(1592)) - s2@group-EA982605F2E5: Failed appendEntries as the first entry (index 0) already exists (snapshotIndex: -1, commitIndex: 0)
2022-11-08 19:12:10,448 [s2-server-thread2] INFO  server.RaftServer$Division (RaftServerImpl.java:checkInconsistentAppendEntries(1572)) - s2@group-EA982605F2E5: inconsistency entries. Reply:s1<-s2#2199:FAIL-t2,INCONSISTENCY,nextIndex=1,followerCommit=0,matchIndex=-1
2022-11-08 19:12:10,449 [grpc-default-executor-0] INFO  leader.FollowerInfo (FollowerInfoImpl.java:lambda$new$0(48)) - s1@group-EA982605F2E5->s2: nextIndex: updateUnconditionally 5 -> 1
2022-11-08 19:12:10,449 [s2-server-thread2] DEBUG server.RaftServer$Division (RaftServerImpl.java:logAppendEntries(1421)) - s2@group-EA982605F2E5: receive appendEntries(s1, 2, (t:2, i:0), 4, true, commits:[s1:c4, s0:c4, s2:c0], cId:2200, entries: [(t:2, i:1), STATEMACHINELOGENTRY, 0@client-2EFB324ADA71, (t:2, i:2), METADATAENTRY(c:1), (t:2, i:3), STATEMACHINELOGENTRY, 999@client-AE8279CAF820, (t:2, i:4), METADATAENTRY(c:3)]
2022-11-08 19:12:10,449 [s2-server-thread2] INFO  server.RaftServer$Division (RaftServerImpl.java:checkInconsistentAppendEntries(1602)) - s2@group-EA982605F2E5: Failed appendEntries as previous log entry ((t:2, i:0)) is not found
2022-11-08 19:12:10,450 [s2-server-thread2] INFO  server.RaftServer$Division (RaftServerImpl.java:checkInconsistentAppendEntries(1572)) - s2@group-EA982605F2E5: inconsistency entries. Reply:s1<-s2#2200:FAIL-t2,INCONSISTENCY,nextIndex=0,followerCommit=0,matchIndex=-1
2022-11-08 19:12:10,450 [grpc-default-executor-0] INFO  leader.FollowerInfo (FollowerInfoImpl.java:lambda$new$0(48)) - s1@group-EA982605F2E5->s2: nextIndex: updateUnconditionally 5 -> 0
2022-11-08 19:12:10,450 [s2-server-thread2] DEBUG server.RaftServer$Division (RaftServerImpl.java:logAppendEntries(1421)) - s2@group-EA982605F2E5: receive appendEntries(s1, 2, null, 4, true, commits:[s1:c4, s0:c4, s2:c0], cId:2201, entries: [(t:2, i:0), CONFIGURATIONENTRY(current:id: "s0"
address: "localhost:34297"
dataStreamAddress: "localhost:43983"
clientAddress: "localhost:39609"
adminAddress: "localhost:37077"
startupRole: FOLLOWER
,id: "s1"
address: "localhost:38917"
dataStreamAddress: "localhost:45719"
clientAddress: "localhost:36975"
adminAddress: "localhost:40635"
startupRole: FOLLOWER
,id: "s2"
address: "localhost:35511"
dataStreamAddress: "localhost:38827"
clientAddress: "localhost:42865"
adminAddress: "localhost:36791"
startupRole: FOLLOWER
, old:), (t:2, i:1), STATEMACHINELOGENTRY, 0@client-2EFB324ADA71, (t:2, i:2), METADATAENTRY(c:1), (t:2, i:3), STATEMACHINELOGENTRY, 999@client-AE8279CAF820, (t:2, i:4), METADATAENTRY(c:3)]
2022-11-08 19:12:10,450 [s2-server-thread2] INFO  server.RaftServer$Division (RaftServerImpl.java:checkInconsistentAppendEntries(1592)) - s2@group-EA982605F2E5: Failed appendEntries as the first entry (index 0) already exists (snapshotIndex: -1, commitIndex: 0)
2022-11-08 19:12:10,451 [s2-server-thread2] INFO  server.RaftServer$Division (RaftServerImpl.java:checkInconsistentAppendEntries(1572)) - s2@group-EA982605F2E5: inconsistency entries. Reply:s1<-s2#2201:FAIL-t2,INCONSISTENCY,nextIndex=1,followerCommit=0,matchIndex=-1
2022-11-08 19:12:10,451 [grpc-default-executor-0] INFO  leader.FollowerInfo (FollowerInfoImpl.java:lambda$new$0(48)) - s1@group-EA982605F2E5->s2: nextIndex: updateUnconditionally 5 -> 1
2022-11-08 19:12:10,451 [s2-server-thread2] DEBUG server.RaftServer$Division (RaftServerImpl.java:logAppendEntries(1421)) - s2@group-EA982605F2E5: receive appendEntries(s1, 2, (t:2, i:0), 4, true, commits:[s1:c4, s0:c4, s2:c0], cId:2202, entries: [(t:2, i:1), STATEMACHINELOGENTRY, 0@client-2EFB324ADA71, (t:2, i:2), METADATAENTRY(c:1), (t:2, i:3), STATEMACHINELOGENTRY, 999@client-AE8279CAF820, (t:2, i:4), METADATAENTRY(c:3)]
2022-11-08 19:12:10,451 [s2-server-thread2] INFO  server.RaftServer$Division (RaftServerImpl.java:checkInconsistentAppendEntries(1602)) - s2@group-EA982605F2E5: Failed appendEntries as previous log entry ((t:2, i:0)) is not found
2022-11-08 19:12:10,452 [s2-server-thread2] INFO  server.RaftServer$Division (RaftServerImpl.java:checkInconsistentAppendEntries(1572)) - s2@group-EA982605F2E5: inconsistency entries. Reply:s1<-s2#2202:FAIL-t2,INCONSISTENCY,nextIndex=0,followerCommit=0,matchIndex=-1
2022-11-08 19:12:10,452 [grpc-default-executor-0] INFO  leader.FollowerInfo (FollowerInfoImpl.java:lambda$new$0(48)) - s1@group-EA982605F2E5->s2: nextIndex: updateUnconditionally 5 -> 0
2022-11-08 19:12:10,452 [s2-server-thread2] DEBUG server.RaftServer$Division (RaftServerImpl.java:logAppendEntries(1421)) - s2@group-EA982605F2E5: receive appendEntries(s1, 2, null, 4, true, commits:[s1:c4, s0:c4, s2:c0], cId:2203, entries: [(t:2, i:0), CONFIGURATIONENTRY(current:id: "s0"
address: "localhost:34297"
dataStreamAddress: "localhost:43983"
clientAddress: "localhost:39609"
adminAddress: "localhost:37077"
startupRole: FOLLOWER
,id: "s1"
address: "localhost:38917"
dataStreamAddress: "localhost:45719"
clientAddress: "localhost:36975"
adminAddress: "localhost:40635"
startupRole: FOLLOWER
,id: "s2"
address: "localhost:35511"
dataStreamAddress: "localhost:38827"
clientAddress: "localhost:42865"
adminAddress: "localhost:36791"
startupRole: FOLLOWER
, old:), (t:2, i:1), STATEMACHINELOGENTRY, 0@client-2EFB324ADA71, (t:2, i:2), METADATAENTRY(c:1), (t:2, i:3), STATEMACHINELOGENTRY, 999@client-AE8279CAF820, (t:2, i:4), METADATAENTRY(c:3)]
2022-11-08 19:12:10,453 [s2-server-thread2] INFO  server.RaftServer$Division (RaftServerImpl.java:checkInconsistentAppendEntries(1592)) - s2@group-EA982605F2E5: Failed appendEntries as the first entry (index 0) already exists (snapshotIndex: -1, commitIndex: 0)
2022-11-08 19:12:10,453 [s2-server-thread2] INFO  server.RaftServer$Division (RaftServerImpl.java:checkInconsistentAppendEntries(1572)) - s2@group-EA982605F2E5: inconsistency entries. Reply:s1<-s2#2203:FAIL-t2,INCONSISTENCY,nextIndex=1,followerCommit=0,matchIndex=-1
2022-11-08 19:12:10,453 [grpc-default-executor-0] INFO  leader.FollowerInfo (FollowerInfoImpl.java:lambda$new$0(48)) - s1@group-EA982605F2E5->s2: nextIndex: updateUnconditionally 5 -> 1
2022-11-08 19:12:10,454 [s2-server-thread2] DEBUG server.RaftServer$Division (RaftServerImpl.java:logAppendEntries(1421)) - s2@group-EA982605F2E5: receive appendEntries(s1, 2, (t:2, i:0), 4, true, commits:[s1:c4, s0:c4, s2:c0], cId:2204, entries: [(t:2, i:1), STATEMACHINELOGENTRY, 0@client-2EFB324ADA71, (t:2, i:2), METADATAENTRY(c:1), (t:2, i:3), STATEMACHINELOGENTRY, 999@client-AE8279CAF820, (t:2, i:4), METADATAENTRY(c:3)]
2022-11-08 19:12:10,454 [s2-server-thread2] INFO  server.RaftServer$Division (RaftServerImpl.java:checkInconsistentAppendEntries(1602)) - s2@group-EA982605F2E5: Failed appendEntries as previous log entry ((t:2, i:0)) is not found
2022-11-08 19:12:10,454 [s2-server-thread2] INFO  server.RaftServer$Division (RaftServerImpl.java:checkInconsistentAppendEntries(1572)) - s2@group-EA982605F2E5: inconsistency entries. Reply:s1<-s2#2204:FAIL-t2,INCONSISTENCY,nextIndex=0,followerCommit=0,matchIndex=-1
2022-11-08 19:12:10,454 [grpc-default-executor-0] INFO  leader.FollowerInfo (FollowerInfoImpl.java:lambda$new$0(48)) - s1@group-EA982605F2E5->s2: nextIndex: updateUnconditionally 5 -> 0
2022-11-08 19:12:10,455 [s2-server-thread2] DEBUG server.RaftServer$Division (RaftServerImpl.java:logAppendEntries(1421)) - s2@group-EA982605F2E5: receive appendEntries(s1, 2, null, 4, true, commits:[s1:c4, s0:c4, s2:c0], cId:2205, entries: [(t:2, i:0), CONFIGURATIONENTRY(current:id: "s0"
address: "localhost:34297"
dataStreamAddress: "localhost:43983"
clientAddress: "localhost:39609"
adminAddress: "localhost:37077"
startupRole: FOLLOWER
,id: "s1"
address: "localhost:38917"
dataStreamAddress: "localhost:45719"
clientAddress: "localhost:36975"
adminAddress: "localhost:40635"
startupRole: FOLLOWER
,id: "s2"
address: "localhost:35511"
dataStreamAddress: "localhost:38827"
clientAddress: "localhost:42865"
adminAddress: "localhost:36791"
startupRole: FOLLOWER
, old:), (t:2, i:1), STATEMACHINELOGENTRY, 0@client-2EFB324ADA71, (t:2, i:2), METADATAENTRY(c:1), (t:2, i:3), STATEMACHINELOGENTRY, 999@client-AE8279CAF820, (t:2, i:4), METADATAENTRY(c:3)]
2022-11-08 19:12:10,455 [s2-server-thread2] INFO  server.RaftServer$Division (RaftServerImpl.java:checkInconsistentAppendEntries(1592)) - s2@group-EA982605F2E5: Failed appendEntries as the first entry (index 0) already exists (snapshotIndex: -1, commitIndex: 0)
2022-11-08 19:12:10,455 [s2-server-thread2] INFO  server.RaftServer$Division (RaftServerImpl.java:checkInconsistentAppendEntries(1572)) - s2@group-EA982605F2E5: inconsistency entries. Reply:s1<-s2#2205:FAIL-t2,INCONSISTENCY,nextIndex=1,followerCommit=0,matchIndex=-1
2022-11-08 19:12:10,455 [grpc-default-executor-0] INFO  leader.FollowerInfo (FollowerInfoImpl.java:lambda$new$0(48)) - s1@group-EA982605F2E5->s2: nextIndex: updateUnconditionally 5 -> 1
2022-11-08 19:12:10,456 [s2-server-thread2] DEBUG server.RaftServer$Division (RaftServerImpl.java:logAppendEntries(1421)) - s2@group-EA982605F2E5: receive appendEntries(s1, 2, (t:2, i:0), 4, true, commits:[s1:c4, s0:c4, s2:c0], cId:2206, entries: [(t:2, i:1), STATEMACHINELOGENTRY, 0@client-2EFB324ADA71, (t:2, i:2), METADATAENTRY(c:1), (t:2, i:3), STATEMACHINELOGENTRY, 999@client-AE8279CAF820, (t:2, i:4), METADATAENTRY(c:3)]
2022-11-08 19:12:10,456 [s2-server-thread2] INFO  server.RaftServer$Division (RaftServerImpl.java:checkInconsistentAppendEntries(1602)) - s2@group-EA982605F2E5: Failed appendEntries as previous log entry ((t:2, i:0)) is not found
2022-11-08 19:12:10,456 [s2-server-thread2] INFO  server.RaftServer$Division (RaftServerImpl.java:checkInconsistentAppendEntries(1572)) - s2@group-EA982605F2E5: inconsistency entries. Reply:s1<-s2#2206:FAIL-t2,INCONSISTENCY,nextIndex=0,followerCommit=0,matchIndex=-1
2022-11-08 19:12:10,456 [grpc-default-executor-0] INFO  leader.FollowerInfo (FollowerInfoImpl.java:lambda$new$0(48)) - s1@group-EA982605F2E5->s2: nextIndex: updateUnconditionally 5 -> 0
2022-11-08 19:12:10,457 [s2-server-thread2] DEBUG server.RaftServer$Division (RaftServerImpl.java:logAppendEntries(1421)) - s2@group-EA982605F2E5: receive appendEntries(s1, 2, null, 4, true, commits:[s1:c4, s0:c4, s2:c0], cId:2207, entries: [(t:2, i:0), CONFIGURATIONENTRY(current:id: "s0"
address: "localhost:34297"
dataStreamAddress: "localhost:43983"
clientAddress: "localhost:39609"
adminAddress: "localhost:37077"
startupRole: FOLLOWER
,id: "s1"
address: "localhost:38917"
dataStreamAddress: "localhost:45719"
clientAddress: "localhost:36975"
adminAddress: "localhost:40635"
startupRole: FOLLOWER
,id: "s2"
address: "localhost:35511"
dataStreamAddress: "localhost:38827"
clientAddress: "localhost:42865"
adminAddress: "localhost:36791"
startupRole: FOLLOWER
, old:), (t:2, i:1), STATEMACHINELOGENTRY, 0@client-2EFB324ADA71, (t:2, i:2), METADATAENTRY(c:1), (t:2, i:3), STATEMACHINELOGENTRY, 999@client-AE8279CAF820, (t:2, i:4), METADATAENTRY(c:3)]
2022-11-08 19:12:10,457 [s2-server-thread2] INFO  server.RaftServer$Division (RaftServerImpl.java:checkInconsistentAppendEntries(1592)) - s2@group-EA982605F2E5: Failed appendEntries as the first entry (index 0) already exists (snapshotIndex: -1, commitIndex: 0)
2022-11-08 19:12:10,457 [s2-server-thread2] INFO  server.RaftServer$Division (RaftServerImpl.java:checkInconsistentAppendEntries(1572)) - s2@group-EA982605F2E5: inconsistency entries. Reply:s1<-s2#2207:FAIL-t2,INCONSISTENCY,nextIndex=1,followerCommit=0,matchIndex=-1
2022-11-08 19:12:10,457 [grpc-default-executor-0] INFO  leader.FollowerInfo (FollowerInfoImpl.java:lambda$new$0(48)) - s1@group-EA982605F2E5->s2: nextIndex: updateUnconditionally 5 -> 1
2022-11-08 19:12:10,458 [s2-server-thread2] DEBUG server.RaftServer$Division (RaftServerImpl.java:logAppendEntries(1421)) - s2@group-EA982605F2E5: receive appendEntries(s1, 2, (t:2, i:0), 4, true, commits:[s1:c4, s0:c4, s2:c0], cId:2208, entries: [(t:2, i:1), STATEMACHINELOGENTRY, 0@client-2EFB324ADA71, (t:2, i:2), METADATAENTRY(c:1), (t:2, i:3), STATEMACHINELOGENTRY, 999@client-AE8279CAF820, (t:2, i:4), METADATAENTRY(c:3)]
2022-11-08 19:12:10,458 [s2-server-thread2] INFO  server.RaftServer$Division (RaftServerImpl.java:checkInconsistentAppendEntries(1602)) - s2@group-EA982605F2E5: Failed appendEntries as previous log entry ((t:2, i:0)) is not found
2022-11-08 19:12:10,458 [s2-server-thread2] INFO  server.RaftServer$Division (RaftServerImpl.java:checkInconsistentAppendEntries(1572)) - s2@group-EA982605F2E5: inconsistency entries. Reply:s1<-s2#2208:FAIL-t2,INCONSISTENCY,nextIndex=0,followerCommit=0,matchIndex=-1
2022-11-08 19:12:10,458 [grpc-default-executor-0] INFO  leader.FollowerInfo (FollowerInfoImpl.java:lambda$new$0(48)) - s1@group-EA982605F2E5->s2: nextIndex: updateUnconditionally 5 -> 0
2022-11-08 19:12:10,459 [s2-server-thread2] DEBUG server.RaftServer$Division (RaftServerImpl.java:logAppendEntries(1421)) - s2@group-EA982605F2E5: receive appendEntries(s1, 2, null, 4, true, commits:[s1:c4, s0:c4, s2:c0], cId:2209, entries: [(t:2, i:0), CONFIGURATIONENTRY(current:id: "s0"
address: "localhost:34297"
dataStreamAddress: "localhost:43983"
clientAddress: "localhost:39609"
adminAddress: "localhost:37077"
startupRole: FOLLOWER
,id: "s1"
address: "localhost:38917"
dataStreamAddress: "localhost:45719"
clientAddress: "localhost:36975"
adminAddress: "localhost:40635"
startupRole: FOLLOWER
,id: "s2"
address: "localhost:35511"
dataStreamAddress: "localhost:38827"
clientAddress: "localhost:42865"
adminAddress: "localhost:36791"
startupRole: FOLLOWER
, old:), (t:2, i:1), STATEMACHINELOGENTRY, 0@client-2EFB324ADA71, (t:2, i:2), METADATAENTRY(c:1), (t:2, i:3), STATEMACHINELOGENTRY, 999@client-AE8279CAF820, (t:2, i:4), METADATAENTRY(c:3)]
2022-11-08 19:12:10,459 [s2-server-thread2] INFO  server.RaftServer$Division (RaftServerImpl.java:checkInconsistentAppendEntries(1592)) - s2@group-EA982605F2E5: Failed appendEntries as the first entry (index 0) already exists (snapshotIndex: -1, commitIndex: 0)
2022-11-08 19:12:10,459 [s2-server-thread2] INFO  server.RaftServer$Division (RaftServerImpl.java:checkInconsistentAppendEntries(1572)) - s2@group-EA982605F2E5: inconsistency entries. Reply:s1<-s2#2209:FAIL-t2,INCONSISTENCY,nextIndex=1,followerCommit=0,matchIndex=-1
2022-11-08 19:12:10,459 [grpc-default-executor-0] INFO  leader.FollowerInfo (FollowerInfoImpl.java:lambda$new$0(48)) - s1@group-EA982605F2E5->s2: nextIndex: updateUnconditionally 5 -> 1
2022-11-08 19:12:10,460 [s2-server-thread2] DEBUG server.RaftServer$Division (RaftServerImpl.java:logAppendEntries(1421)) - s2@group-EA982605F2E5: receive appendEntries(s1, 2, (t:2, i:0), 4, true, commits:[s1:c4, s0:c4, s2:c0], cId:2210, entries: [(t:2, i:1), STATEMACHINELOGENTRY, 0@client-2EFB324ADA71, (t:2, i:2), METADATAENTRY(c:1), (t:2, i:3), STATEMACHINELOGENTRY, 999@client-AE8279CAF820, (t:2, i:4), METADATAENTRY(c:3)]
2022-11-08 19:12:10,460 [s2-server-thread2] INFO  server.RaftServer$Division (RaftServerImpl.java:checkInconsistentAppendEntries(1602)) - s2@group-EA982605F2E5: Failed appendEntries as previous log entry ((t:2, i:0)) is not found
2022-11-08 19:12:10,460 [s2-server-thread2] INFO  server.RaftServer$Division (RaftServerImpl.java:checkInconsistentAppendEntries(1572)) - s2@group-EA982605F2E5: inconsistency entries. Reply:s1<-s2#2210:FAIL-t2,INCONSISTENCY,nextIndex=0,followerCommit=0,matchIndex=-1
2022-11-08 19:12:10,460 [grpc-default-executor-0] INFO  leader.FollowerInfo (FollowerInfoImpl.java:lambda$new$0(48)) - s1@group-EA982605F2E5->s2: nextIndex: updateUnconditionally 5 -> 0
2022-11-08 19:12:10,461 [s2-server-thread2] DEBUG server.RaftServer$Division (RaftServerImpl.java:logAppendEntries(1421)) - s2@group-EA982605F2E5: receive appendEntries(s1, 2, null, 4, true, commits:[s1:c4, s0:c4, s2:c0], cId:2211, entries: [(t:2, i:0), CONFIGURATIONENTRY(current:id: "s0"
address: "localhost:34297"
dataStreamAddress: "localhost:43983"
clientAddress: "localhost:39609"
adminAddress: "localhost:37077"
startupRole: FOLLOWER
,id: "s1"
address: "localhost:38917"
dataStreamAddress: "localhost:45719"
clientAddress: "localhost:36975"
adminAddress: "localhost:40635"
startupRole: FOLLOWER
,id: "s2"
address: "localhost:35511"
dataStreamAddress: "localhost:38827"
clientAddress: "localhost:42865"
adminAddress: "localhost:36791"
startupRole: FOLLOWER
, old:), (t:2, i:1), STATEMACHINELOGENTRY, 0@client-2EFB324ADA71, (t:2, i:2), METADATAENTRY(c:1), (t:2, i:3), STATEMACHINELOGENTRY, 999@client-AE8279CAF820, (t:2, i:4), METADATAENTRY(c:3)]
2022-11-08 19:12:10,461 [s2-server-thread2] INFO  server.RaftServer$Division (RaftServerImpl.java:checkInconsistentAppendEntries(1592)) - s2@group-EA982605F2E5: Failed appendEntries as the first entry (index 0) already exists (snapshotIndex: -1, commitIndex: 0)
2022-11-08 19:12:10,461 [s2-server-thread2] INFO  server.RaftServer$Division (RaftServerImpl.java:checkInconsistentAppendEntries(1572)) - s2@group-EA982605F2E5: inconsistency entries. Reply:s1<-s2#2211:FAIL-t2,INCONSISTENCY,nextIndex=1,followerCommit=0,matchIndex=-1
2022-11-08 19:12:10,461 [grpc-default-executor-0] INFO  leader.FollowerInfo (FollowerInfoImpl.java:lambda$new$0(48)) - s1@group-EA982605F2E5->s2: nextIndex: updateUnconditionally 5 -> 1
2022-11-08 19:12:10,462 [s2-server-thread2] DEBUG server.RaftServer$Division (RaftServerImpl.java:logAppendEntries(1421)) - s2@group-EA982605F2E5: receive appendEntries(s1, 2, (t:2, i:0), 4, true, commits:[s1:c4, s0:c4, s2:c0], cId:2212, entries: [(t:2, i:1), STATEMACHINELOGENTRY, 0@client-2EFB324ADA71, (t:2, i:2), METADATAENTRY(c:1), (t:2, i:3), STATEMACHINELOGENTRY, 999@client-AE8279CAF820, (t:2, i:4), METADATAENTRY(c:3)]
2022-11-08 19:12:10,462 [s2-server-thread2] INFO  server.RaftServer$Division (RaftServerImpl.java:checkInconsistentAppendEntries(1602)) - s2@group-EA982605F2E5: Failed appendEntries as previous log entry ((t:2, i:0)) is not found
2022-11-08 19:12:10,462 [s2-server-thread2] INFO  server.RaftServer$Division (RaftServerImpl.java:checkInconsistentAppendEntries(1572)) - s2@group-EA982605F2E5: inconsistency entries. Reply:s1<-s2#2212:FAIL-t2,INCONSISTENCY,nextIndex=0,followerCommit=0,matchIndex=-1
2022-11-08 19:12:10,462 [grpc-default-executor-0] INFO  leader.FollowerInfo (FollowerInfoImpl.java:lambda$new$0(48)) - s1@group-EA982605F2E5->s2: nextIndex: updateUnconditionally 5 -> 0
2022-11-08 19:12:10,463 [s2-server-thread2] DEBUG server.RaftServer$Division (RaftServerImpl.java:logAppendEntries(1421)) - s2@group-EA982605F2E5: receive appendEntries(s1, 2, null, 4, true, commits:[s1:c4, s0:c4, s2:c0], cId:2213, entries: [(t:2, i:0), CONFIGURATIONENTRY(current:id: "s0"
address: "localhost:34297"
dataStreamAddress: "localhost:43983"
clientAddress: "localhost:39609"
adminAddress: "localhost:37077"
startupRole: FOLLOWER
,id: "s1"
address: "localhost:38917"
dataStreamAddress: "localhost:45719"
clientAddress: "localhost:36975"
adminAddress: "localhost:40635"
startupRole: FOLLOWER
,id: "s2"
address: "localhost:35511"
dataStreamAddress: "localhost:38827"
clientAddress: "localhost:42865"
adminAddress: "localhost:36791"
startupRole: FOLLOWER
, old:), (t:2, i:1), STATEMACHINELOGENTRY, 0@client-2EFB324ADA71, (t:2, i:2), METADATAENTRY(c:1), (t:2, i:3), STATEMACHINELOGENTRY, 999@client-AE8279CAF820, (t:2, i:4), METADATAENTRY(c:3)]
2022-11-08 19:12:10,463 [s2-server-thread2] INFO  server.RaftServer$Division (RaftServerImpl.java:checkInconsistentAppendEntries(1592)) - s2@group-EA982605F2E5: Failed appendEntries as the first entry (index 0) already exists (snapshotIndex: -1, commitIndex: 0)
2022-11-08 19:12:10,463 [s2-server-thread2] INFO  server.RaftServer$Division (RaftServerImpl.java:checkInconsistentAppendEntries(1572)) - s2@group-EA982605F2E5: inconsistency entries. Reply:s1<-s2#2213:FAIL-t2,INCONSISTENCY,nextIndex=1,followerCommit=0,matchIndex=-1
2022-11-08 19:12:10,463 [grpc-default-executor-0] INFO  leader.FollowerInfo (FollowerInfoImpl.java:lambda$new$0(48)) - s1@group-EA982605F2E5->s2: nextIndex: updateUnconditionally 5 -> 1
2022-11-08 19:12:10,464 [s2-server-thread2] DEBUG server.RaftServer$Division (RaftServerImpl.java:logAppendEntries(1421)) - s2@group-EA982605F2E5: receive appendEntries(s1, 2, (t:2, i:0), 4, true, commits:[s1:c4, s0:c4, s2:c0], cId:2214, entries: [(t:2, i:1), STATEMACHINELOGENTRY, 0@client-2EFB324ADA71, (t:2, i:2), METADATAENTRY(c:1), (t:2, i:3), STATEMACHINELOGENTRY, 999@client-AE8279CAF820, (t:2, i:4), METADATAENTRY(c:3)]
2022-11-08 19:12:10,464 [s2-server-thread2] INFO  server.RaftServer$Division (RaftServerImpl.java:checkInconsistentAppendEntries(1602)) - s2@group-EA982605F2E5: Failed appendEntries as previous log entry ((t:2, i:0)) is not found
2022-11-08 19:12:10,464 [s2-server-thread2] INFO  server.RaftServer$Division (RaftServerImpl.java:checkInconsistentAppendEntries(1572)) - s2@group-EA982605F2E5: inconsistency entries. Reply:s1<-s2#2214:FAIL-t2,INCONSISTENCY,nextIndex=0,followerCommit=0,matchIndex=-1
2022-11-08 19:12:10,464 [grpc-default-executor-0] INFO  leader.FollowerInfo (FollowerInfoImpl.java:lambda$new$0(48)) - s1@group-EA982605F2E5->s2: nextIndex: updateUnconditionally 5 -> 0
2022-11-08 19:12:10,465 [s2-server-thread2] DEBUG server.RaftServer$Division (RaftServerImpl.java:logAppendEntries(1421)) - s2@group-EA982605F2E5: receive appendEntries(s1, 2, null, 4, true, commits:[s1:c4, s0:c4, s2:c0], cId:2215, entries: [(t:2, i:0), CONFIGURATIONENTRY(current:id: "s0"
address: "localhost:34297"
dataStreamAddress: "localhost:43983"
clientAddress: "localhost:39609"
adminAddress: "localhost:37077"
startupRole: FOLLOWER
,id: "s1"
address: "localhost:38917"
dataStreamAddress: "localhost:45719"
clientAddress: "localhost:36975"
adminAddress: "localhost:40635"
startupRole: FOLLOWER
,id: "s2"
address: "localhost:35511"
dataStreamAddress: "localhost:38827"
clientAddress: "localhost:42865"
adminAddress: "localhost:36791"
startupRole: FOLLOWER
, old:), (t:2, i:1), STATEMACHINELOGENTRY, 0@client-2EFB324ADA71, (t:2, i:2), METADATAENTRY(c:1), (t:2, i:3), STATEMACHINELOGENTRY, 999@client-AE8279CAF820, (t:2, i:4), METADATAENTRY(c:3)]
2022-11-08 19:12:10,465 [s2-server-thread2] INFO  server.RaftServer$Division (RaftServerImpl.java:checkInconsistentAppendEntries(1592)) - s2@group-EA982605F2E5: Failed appendEntries as the first entry (index 0) already exists (snapshotIndex: -1, commitIndex: 0)
2022-11-08 19:12:10,465 [s2-server-thread2] INFO  server.RaftServer$Division (RaftServerImpl.java:checkInconsistentAppendEntries(1572)) - s2@group-EA982605F2E5: inconsistency entries. Reply:s1<-s2#2215:FAIL-t2,INCONSISTENCY,nextIndex=1,followerCommit=0,matchIndex=-1
2022-11-08 19:12:10,465 [grpc-default-executor-0] INFO  leader.FollowerInfo (FollowerInfoImpl.java:lambda$new$0(48)) - s1@group-EA982605F2E5->s2: nextIndex: updateUnconditionally 5 -> 1
2022-11-08 19:12:10,466 [s2-server-thread2] DEBUG server.RaftServer$Division (RaftServerImpl.java:logAppendEntries(1421)) - s2@group-EA982605F2E5: receive appendEntries(s1, 2, (t:2, i:0), 4, true, commits:[s1:c4, s0:c4, s2:c0], cId:2216, entries: [(t:2, i:1), STATEMACHINELOGENTRY, 0@client-2EFB324ADA71, (t:2, i:2), METADATAENTRY(c:1), (t:2, i:3), STATEMACHINELOGENTRY, 999@client-AE8279CAF820, (t:2, i:4), METADATAENTRY(c:3)]
2022-11-08 19:12:10,466 [s2-server-thread2] INFO  server.RaftServer$Division (RaftServerImpl.java:checkInconsistentAppendEntries(1602)) - s2@group-EA982605F2E5: Failed appendEntries as previous log entry ((t:2, i:0)) is not found
2022-11-08 19:12:10,466 [s2-server-thread2] INFO  server.RaftServer$Division (RaftServerImpl.java:checkInconsistentAppendEntries(1572)) - s2@group-EA982605F2E5: inconsistency entries. Reply:s1<-s2#2216:FAIL-t2,INCONSISTENCY,nextIndex=0,followerCommit=0,matchIndex=-1
2022-11-08 19:12:10,466 [grpc-default-executor-0] INFO  leader.FollowerInfo (FollowerInfoImpl.java:lambda$new$0(48)) - s1@group-EA982605F2E5->s2: nextIndex: updateUnconditionally 5 -> 0
2022-11-08 19:12:10,467 [s2-server-thread2] DEBUG server.RaftServer$Division (RaftServerImpl.java:logAppendEntries(1421)) - s2@group-EA982605F2E5: receive appendEntries(s1, 2, null, 4, true, commits:[s1:c4, s0:c4, s2:c0], cId:2217, entries: [(t:2, i:0), CONFIGURATIONENTRY(current:id: "s0"
address: "localhost:34297"
dataStreamAddress: "localhost:43983"
clientAddress: "localhost:39609"
adminAddress: "localhost:37077"
startupRole: FOLLOWER
,id: "s1"
address: "localhost:38917"
dataStreamAddress: "localhost:45719"
clientAddress: "localhost:36975"
adminAddress: "localhost:40635"
startupRole: FOLLOWER
,id: "s2"
address: "localhost:35511"
dataStreamAddress: "localhost:38827"
clientAddress: "localhost:42865"
adminAddress: "localhost:36791"
startupRole: FOLLOWER
, old:), (t:2, i:1), STATEMACHINELOGENTRY, 0@client-2EFB324ADA71, (t:2, i:2), METADATAENTRY(c:1), (t:2, i:3), STATEMACHINELOGENTRY, 999@client-AE8279CAF820, (t:2, i:4), METADATAENTRY(c:3)]
2022-11-08 19:12:10,467 [s2-server-thread2] INFO  server.RaftServer$Division (RaftServerImpl.java:checkInconsistentAppendEntries(1592)) - s2@group-EA982605F2E5: Failed appendEntries as the first entry (index 0) already exists (snapshotIndex: -1, commitIndex: 0)
2022-11-08 19:12:10,467 [s2-server-thread2] INFO  server.RaftServer$Division (RaftServerImpl.java:checkInconsistentAppendEntries(1572)) - s2@group-EA982605F2E5: inconsistency entries. Reply:s1<-s2#2217:FAIL-t2,INCONSISTENCY,nextIndex=1,followerCommit=0,matchIndex=-1
2022-11-08 19:12:10,467 [grpc-default-executor-0] INFO  leader.FollowerInfo (FollowerInfoImpl.java:lambda$new$0(48)) - s1@group-EA982605F2E5->s2: nextIndex: updateUnconditionally 5 -> 1
2022-11-08 19:12:10,468 [s2-server-thread2] DEBUG server.RaftServer$Division (RaftServerImpl.java:logAppendEntries(1421)) - s2@group-EA982605F2E5: receive appendEntries(s1, 2, (t:2, i:0), 4, true, commits:[s1:c4, s0:c4, s2:c0], cId:2218, entries: [(t:2, i:1), STATEMACHINELOGENTRY, 0@client-2EFB324ADA71, (t:2, i:2), METADATAENTRY(c:1), (t:2, i:3), STATEMACHINELOGENTRY, 999@client-AE8279CAF820, (t:2, i:4), METADATAENTRY(c:3)]
2022-11-08 19:12:10,468 [s2-server-thread2] INFO  server.RaftServer$Division (RaftServerImpl.java:checkInconsistentAppendEntries(1602)) - s2@group-EA982605F2E5: Failed appendEntries as previous log entry ((t:2, i:0)) is not found
2022-11-08 19:12:10,468 [s2-server-thread2] INFO  server.RaftServer$Division (RaftServerImpl.java:checkInconsistentAppendEntries(1572)) - s2@group-EA982605F2E5: inconsistency entries. Reply:s1<-s2#2218:FAIL-t2,INCONSISTENCY,nextIndex=0,followerCommit=0,matchIndex=-1
2022-11-08 19:12:10,468 [grpc-default-executor-0] INFO  leader.FollowerInfo (FollowerInfoImpl.java:lambda$new$0(48)) - s1@group-EA982605F2E5->s2: nextIndex: updateUnconditionally 5 -> 0
2022-11-08 19:12:10,469 [s2-server-thread2] DEBUG server.RaftServer$Division (RaftServerImpl.java:logAppendEntries(1421)) - s2@group-EA982605F2E5: receive appendEntries(s1, 2, null, 4, true, commits:[s1:c4, s0:c4, s2:c0], cId:2219, entries: [(t:2, i:0), CONFIGURATIONENTRY(current:id: "s0"
address: "localhost:34297"
dataStreamAddress: "localhost:43983"
clientAddress: "localhost:39609"
adminAddress: "localhost:37077"
startupRole: FOLLOWER
,id: "s1"
address: "localhost:38917"
dataStreamAddress: "localhost:45719"
clientAddress: "localhost:36975"
adminAddress: "localhost:40635"
startupRole: FOLLOWER
,id: "s2"
address: "localhost:35511"
dataStreamAddress: "localhost:38827"
clientAddress: "localhost:42865"
adminAddress: "localhost:36791"
startupRole: FOLLOWER
, old:), (t:2, i:1), STATEMACHINELOGENTRY, 0@client-2EFB324ADA71, (t:2, i:2), METADATAENTRY(c:1), (t:2, i:3), STATEMACHINELOGENTRY, 999@client-AE8279CAF820, (t:2, i:4), METADATAENTRY(c:3)]
2022-11-08 19:12:10,469 [s2-server-thread2] INFO  server.RaftServer$Division (RaftServerImpl.java:checkInconsistentAppendEntries(1592)) - s2@group-EA982605F2E5: Failed appendEntries as the first entry (index 0) already exists (snapshotIndex: -1, commitIndex: 0)
2022-11-08 19:12:10,469 [s2-server-thread2] INFO  server.RaftServer$Division (RaftServerImpl.java:checkInconsistentAppendEntries(1572)) - s2@group-EA982605F2E5: inconsistency entries. Reply:s1<-s2#2219:FAIL-t2,INCONSISTENCY,nextIndex=1,followerCommit=0,matchIndex=-1
2022-11-08 19:12:10,469 [grpc-default-executor-0] INFO  leader.FollowerInfo (FollowerInfoImpl.java:lambda$new$0(48)) - s1@group-EA982605F2E5->s2: nextIndex: updateUnconditionally 5 -> 1
2022-11-08 19:12:10,470 [s2-server-thread2] DEBUG server.RaftServer$Division (RaftServerImpl.java:logAppendEntries(1421)) - s2@group-EA982605F2E5: receive appendEntries(s1, 2, (t:2, i:0), 4, true, commits:[s1:c4, s0:c4, s2:c0], cId:2220, entries: [(t:2, i:1), STATEMACHINELOGENTRY, 0@client-2EFB324ADA71, (t:2, i:2), METADATAENTRY(c:1), (t:2, i:3), STATEMACHINELOGENTRY, 999@client-AE8279CAF820, (t:2, i:4), METADATAENTRY(c:3)]
2022-11-08 19:12:10,470 [s2-server-thread2] INFO  server.RaftServer$Division (RaftServerImpl.java:checkInconsistentAppendEntries(1602)) - s2@group-EA982605F2E5: Failed appendEntries as previous log entry ((t:2, i:0)) is not found
2022-11-08 19:12:10,470 [s2-server-thread2] INFO  server.RaftServer$Division (RaftServerImpl.java:checkInconsistentAppendEntries(1572)) - s2@group-EA982605F2E5: inconsistency entries. Reply:s1<-s2#2220:FAIL-t2,INCONSISTENCY,nextIndex=0,followerCommit=0,matchIndex=-1
2022-11-08 19:12:10,470 [grpc-default-executor-0] INFO  leader.FollowerInfo (FollowerInfoImpl.java:lambda$new$0(48)) - s1@group-EA982605F2E5->s2: nextIndex: updateUnconditionally 5 -> 0
2022-11-08 19:12:10,471 [s2-server-thread2] DEBUG server.RaftServer$Division (RaftServerImpl.java:logAppendEntries(1421)) - s2@group-EA982605F2E5: receive appendEntries(s1, 2, null, 4, true, commits:[s1:c4, s0:c4, s2:c0], cId:2221, entries: [(t:2, i:0), CONFIGURATIONENTRY(current:id: "s0"
address: "localhost:34297"
dataStreamAddress: "localhost:43983"
clientAddress: "localhost:39609"
adminAddress: "localhost:37077"
startupRole: FOLLOWER
,id: "s1"
address: "localhost:38917"
dataStreamAddress: "localhost:45719"
clientAddress: "localhost:36975"
adminAddress: "localhost:40635"
startupRole: FOLLOWER
,id: "s2"
address: "localhost:35511"
dataStreamAddress: "localhost:38827"
clientAddress: "localhost:42865"
adminAddress: "localhost:36791"
startupRole: FOLLOWER
, old:), (t:2, i:1), STATEMACHINELOGENTRY, 0@client-2EFB324ADA71, (t:2, i:2), METADATAENTRY(c:1), (t:2, i:3), STATEMACHINELOGENTRY, 999@client-AE8279CAF820, (t:2, i:4), METADATAENTRY(c:3)]
2022-11-08 19:12:10,471 [s2-server-thread2] INFO  server.RaftServer$Division (RaftServerImpl.java:checkInconsistentAppendEntries(1592)) - s2@group-EA982605F2E5: Failed appendEntries as the first entry (index 0) already exists (snapshotIndex: -1, commitIndex: 0)
2022-11-08 19:12:10,471 [s2-server-thread2] INFO  server.RaftServer$Division (RaftServerImpl.java:checkInconsistentAppendEntries(1572)) - s2@group-EA982605F2E5: inconsistency entries. Reply:s1<-s2#2221:FAIL-t2,INCONSISTENCY,nextIndex=1,followerCommit=0,matchIndex=-1
2022-11-08 19:12:10,472 [grpc-default-executor-0] INFO  leader.FollowerInfo (FollowerInfoImpl.java:lambda$new$0(48)) - s1@group-EA982605F2E5->s2: nextIndex: updateUnconditionally 5 -> 1
2022-11-08 19:12:10,472 [s2-server-thread2] DEBUG server.RaftServer$Division (RaftServerImpl.java:logAppendEntries(1421)) - s2@group-EA982605F2E5: receive appendEntries(s1, 2, (t:2, i:0), 4, true, commits:[s1:c4, s0:c4, s2:c0], cId:2222, entries: [(t:2, i:1), STATEMACHINELOGENTRY, 0@client-2EFB324ADA71, (t:2, i:2), METADATAENTRY(c:1), (t:2, i:3), STATEMACHINELOGENTRY, 999@client-AE8279CAF820, (t:2, i:4), METADATAENTRY(c:3)]
2022-11-08 19:12:10,472 [s2-server-thread2] INFO  server.RaftServer$Division (RaftServerImpl.java:checkInconsistentAppendEntries(1602)) - s2@group-EA982605F2E5: Failed appendEntries as previous log entry ((t:2, i:0)) is not found
2022-11-08 19:12:10,472 [s2-server-thread2] INFO  server.RaftServer$Division (RaftServerImpl.java:checkInconsistentAppendEntries(1572)) - s2@group-EA982605F2E5: inconsistency entries. Reply:s1<-s2#2222:FAIL-t2,INCONSISTENCY,nextIndex=0,followerCommit=0,matchIndex=-1
2022-11-08 19:12:10,473 [grpc-default-executor-0] INFO  leader.FollowerInfo (FollowerInfoImpl.java:lambda$new$0(48)) - s1@group-EA982605F2E5->s2: nextIndex: updateUnconditionally 5 -> 0
2022-11-08 19:12:10,473 [s2-server-thread2] DEBUG server.RaftServer$Division (RaftServerImpl.java:logAppendEntries(1421)) - s2@group-EA982605F2E5: receive appendEntries(s1, 2, null, 4, true, commits:[s1:c4, s0:c4, s2:c0], cId:2223, entries: [(t:2, i:0), CONFIGURATIONENTRY(current:id: "s0"
address: "localhost:34297"
dataStreamAddress: "localhost:43983"
clientAddress: "localhost:39609"
adminAddress: "localhost:37077"
startupRole: FOLLOWER
,id: "s1"
address: "localhost:38917"
dataStreamAddress: "localhost:45719"
clientAddress: "localhost:36975"
adminAddress: "localhost:40635"
startupRole: FOLLOWER
,id: "s2"
address: "localhost:35511"
dataStreamAddress: "localhost:38827"
clientAddress: "localhost:42865"
adminAddress: "localhost:36791"
startupRole: FOLLOWER
, old:), (t:2, i:1), STATEMACHINELOGENTRY, 0@client-2EFB324ADA71, (t:2, i:2), METADATAENTRY(c:1), (t:2, i:3), STATEMACHINELOGENTRY, 999@client-AE8279CAF820, (t:2, i:4), METADATAENTRY(c:3)]
2022-11-08 19:12:10,473 [s2-server-thread2] INFO  server.RaftServer$Division (RaftServerImpl.java:checkInconsistentAppendEntries(1592)) - s2@group-EA982605F2E5: Failed appendEntries as the first entry (index 0) already exists (snapshotIndex: -1, commitIndex: 0)
2022-11-08 19:12:10,473 [s2-server-thread2] INFO  server.RaftServer$Division (RaftServerImpl.java:checkInconsistentAppendEntries(1572)) - s2@group-EA982605F2E5: inconsistency entries. Reply:s1<-s2#2223:FAIL-t2,INCONSISTENCY,nextIndex=1,followerCommit=0,matchIndex=-1
2022-11-08 19:12:10,474 [grpc-default-executor-0] INFO  leader.FollowerInfo (FollowerInfoImpl.java:lambda$new$0(48)) - s1@group-EA982605F2E5->s2: nextIndex: updateUnconditionally 5 -> 1
2022-11-08 19:12:10,474 [s2-server-thread2] DEBUG server.RaftServer$Division (RaftServerImpl.java:logAppendEntries(1421)) - s2@group-EA982605F2E5: receive appendEntries(s1, 2, (t:2, i:0), 4, true, commits:[s1:c4, s0:c4, s2:c0], cId:2224, entries: [(t:2, i:1), STATEMACHINELOGENTRY, 0@client-2EFB324ADA71, (t:2, i:2), METADATAENTRY(c:1), (t:2, i:3), STATEMACHINELOGENTRY, 999@client-AE8279CAF820, (t:2, i:4), METADATAENTRY(c:3)]
2022-11-08 19:12:10,475 [s2-server-thread2] INFO  server.RaftServer$Division (RaftServerImpl.java:checkInconsistentAppendEntries(1602)) - s2@group-EA982605F2E5: Failed appendEntries as previous log entry ((t:2, i:0)) is not found
2022-11-08 19:12:10,475 [s2-server-thread2] INFO  server.RaftServer$Division (RaftServerImpl.java:checkInconsistentAppendEntries(1572)) - s2@group-EA982605F2E5: inconsistency entries. Reply:s1<-s2#2224:FAIL-t2,INCONSISTENCY,nextIndex=0,followerCommit=0,matchIndex=-1
2022-11-08 19:12:10,475 [grpc-default-executor-0] INFO  leader.FollowerInfo (FollowerInfoImpl.java:lambda$new$0(48)) - s1@group-EA982605F2E5->s2: nextIndex: updateUnconditionally 5 -> 0
2022-11-08 19:12:10,476 [s2-server-thread2] DEBUG server.RaftServer$Division (RaftServerImpl.java:logAppendEntries(1421)) - s2@group-EA982605F2E5: receive appendEntries(s1, 2, null, 4, true, commits:[s1:c4, s0:c4, s2:c0], cId:2225, entries: [(t:2, i:0), CONFIGURATIONENTRY(current:id: "s0"
address: "localhost:34297"
dataStreamAddress: "localhost:43983"
clientAddress: "localhost:39609"
adminAddress: "localhost:37077"
startupRole: FOLLOWER
,id: "s1"
address: "localhost:38917"
dataStreamAddress: "localhost:45719"
clientAddress: "localhost:36975"
adminAddress: "localhost:40635"
startupRole: FOLLOWER
,id: "s2"
address: "localhost:35511"
dataStreamAddress: "localhost:38827"
clientAddress: "localhost:42865"
adminAddress: "localhost:36791"
startupRole: FOLLOWER
, old:), (t:2, i:1), STATEMACHINELOGENTRY, 0@client-2EFB324ADA71, (t:2, i:2), METADATAENTRY(c:1), (t:2, i:3), STATEMACHINELOGENTRY, 999@client-AE8279CAF820, (t:2, i:4), METADATAENTRY(c:3)]
2022-11-08 19:12:10,476 [s2-server-thread2] INFO  server.RaftServer$Division (RaftServerImpl.java:checkInconsistentAppendEntries(1592)) - s2@group-EA982605F2E5: Failed appendEntries as the first entry (index 0) already exists (snapshotIndex: -1, commitIndex: 0)
2022-11-08 19:12:10,476 [s2-server-thread2] INFO  server.RaftServer$Division (RaftServerImpl.java:checkInconsistentAppendEntries(1572)) - s2@group-EA982605F2E5: inconsistency entries. Reply:s1<-s2#2225:FAIL-t2,INCONSISTENCY,nextIndex=1,followerCommit=0,matchIndex=-1
2022-11-08 19:12:10,476 [grpc-default-executor-0] INFO  leader.FollowerInfo (FollowerInfoImpl.java:lambda$new$0(48)) - s1@group-EA982605F2E5->s2: nextIndex: updateUnconditionally 5 -> 1
2022-11-08 19:12:10,477 [s2-server-thread2] DEBUG server.RaftServer$Division (RaftServerImpl.java:logAppendEntries(1421)) - s2@group-EA982605F2E5: receive appendEntries(s1, 2, (t:2, i:0), 4, true, commits:[s1:c4, s0:c4, s2:c0], cId:2226, entries: [(t:2, i:1), STATEMACHINELOGENTRY, 0@client-2EFB324ADA71, (t:2, i:2), METADATAENTRY(c:1), (t:2, i:3), STATEMACHINELOGENTRY, 999@client-AE8279CAF820, (t:2, i:4), METADATAENTRY(c:3)]
2022-11-08 19:12:10,477 [s2-server-thread2] INFO  server.RaftServer$Division (RaftServerImpl.java:checkInconsistentAppendEntries(1602)) - s2@group-EA982605F2E5: Failed appendEntries as previous log entry ((t:2, i:0)) is not found
2022-11-08 19:12:10,477 [s2-server-thread2] INFO  server.RaftServer$Division (RaftServerImpl.java:checkInconsistentAppendEntries(1572)) - s2@group-EA982605F2E5: inconsistency entries. Reply:s1<-s2#2226:FAIL-t2,INCONSISTENCY,nextIndex=0,followerCommit=0,matchIndex=-1
2022-11-08 19:12:10,477 [grpc-default-executor-0] INFO  leader.FollowerInfo (FollowerInfoImpl.java:lambda$new$0(48)) - s1@group-EA982605F2E5->s2: nextIndex: updateUnconditionally 5 -> 0
2022-11-08 19:12:10,478 [s2-server-thread2] DEBUG server.RaftServer$Division (RaftServerImpl.java:logAppendEntries(1421)) - s2@group-EA982605F2E5: receive appendEntries(s1, 2, null, 4, true, commits:[s1:c4, s0:c4, s2:c0], cId:2227, entries: [(t:2, i:0), CONFIGURATIONENTRY(current:id: "s0"
address: "localhost:34297"
dataStreamAddress: "localhost:43983"
clientAddress: "localhost:39609"
adminAddress: "localhost:37077"
startupRole: FOLLOWER
,id: "s1"
address: "localhost:38917"
dataStreamAddress: "localhost:45719"
clientAddress: "localhost:36975"
adminAddress: "localhost:40635"
startupRole: FOLLOWER
,id: "s2"
address: "localhost:35511"
dataStreamAddress: "localhost:38827"
clientAddress: "localhost:42865"
adminAddress: "localhost:36791"
startupRole: FOLLOWER
, old:), (t:2, i:1), STATEMACHINELOGENTRY, 0@client-2EFB324ADA71, (t:2, i:2), METADATAENTRY(c:1), (t:2, i:3), STATEMACHINELOGENTRY, 999@client-AE8279CAF820, (t:2, i:4), METADATAENTRY(c:3)]
2022-11-08 19:12:10,478 [s2-server-thread2] INFO  server.RaftServer$Division (RaftServerImpl.java:checkInconsistentAppendEntries(1592)) - s2@group-EA982605F2E5: Failed appendEntries as the first entry (index 0) already exists (snapshotIndex: -1, commitIndex: 0)
2022-11-08 19:12:10,478 [s2-server-thread2] INFO  server.RaftServer$Division (RaftServerImpl.java:checkInconsistentAppendEntries(1572)) - s2@group-EA982605F2E5: inconsistency entries. Reply:s1<-s2#2227:FAIL-t2,INCONSISTENCY,nextIndex=1,followerCommit=0,matchIndex=-1
2022-11-08 19:12:10,478 [grpc-default-executor-0] INFO  leader.FollowerInfo (FollowerInfoImpl.java:lambda$new$0(48)) - s1@group-EA982605F2E5->s2: nextIndex: updateUnconditionally 5 -> 1
2022-11-08 19:12:10,479 [s2-server-thread2] DEBUG server.RaftServer$Division (RaftServerImpl.java:logAppendEntries(1421)) - s2@group-EA982605F2E5: receive appendEntries(s1, 2, (t:2, i:0), 4, true, commits:[s1:c4, s0:c4, s2:c0], cId:2228, entries: [(t:2, i:1), STATEMACHINELOGENTRY, 0@client-2EFB324ADA71, (t:2, i:2), METADATAENTRY(c:1), (t:2, i:3), STATEMACHINELOGENTRY, 999@client-AE8279CAF820, (t:2, i:4), METADATAENTRY(c:3)]
2022-11-08 19:12:10,479 [s2-server-thread2] INFO  server.RaftServer$Division (RaftServerImpl.java:checkInconsistentAppendEntries(1602)) - s2@group-EA982605F2E5: Failed appendEntries as previous log entry ((t:2, i:0)) is not found
2022-11-08 19:12:10,479 [s2-server-thread2] INFO  server.RaftServer$Division (RaftServerImpl.java:checkInconsistentAppendEntries(1572)) - s2@group-EA982605F2E5: inconsistency entries. Reply:s1<-s2#2228:FAIL-t2,INCONSISTENCY,nextIndex=0,followerCommit=0,matchIndex=-1
2022-11-08 19:12:10,479 [grpc-default-executor-0] INFO  leader.FollowerInfo (FollowerInfoImpl.java:lambda$new$0(48)) - s1@group-EA982605F2E5->s2: nextIndex: updateUnconditionally 5 -> 0
2022-11-08 19:12:10,480 [s2-server-thread2] DEBUG server.RaftServer$Division (RaftServerImpl.java:logAppendEntries(1421)) - s2@group-EA982605F2E5: receive appendEntries(s1, 2, null, 4, true, commits:[s1:c4, s0:c4, s2:c0], cId:2229, entries: [(t:2, i:0), CONFIGURATIONENTRY(current:id: "s0"
address: "localhost:34297"
dataStreamAddress: "localhost:43983"
clientAddress: "localhost:39609"
adminAddress: "localhost:37077"
startupRole: FOLLOWER
,id: "s1"
address: "localhost:38917"
dataStreamAddress: "localhost:45719"
clientAddress: "localhost:36975"
adminAddress: "localhost:40635"
startupRole: FOLLOWER
,id: "s2"
address: "localhost:35511"
dataStreamAddress: "localhost:38827"
clientAddress: "localhost:42865"
adminAddress: "localhost:36791"
startupRole: FOLLOWER
, old:), (t:2, i:1), STATEMACHINELOGENTRY, 0@client-2EFB324ADA71, (t:2, i:2), METADATAENTRY(c:1), (t:2, i:3), STATEMACHINELOGENTRY, 999@client-AE8279CAF820, (t:2, i:4), METADATAENTRY(c:3)]
2022-11-08 19:12:10,480 [s2-server-thread2] INFO  server.RaftServer$Division (RaftServerImpl.java:checkInconsistentAppendEntries(1592)) - s2@group-EA982605F2E5: Failed appendEntries as the first entry (index 0) already exists (snapshotIndex: -1, commitIndex: 0)
2022-11-08 19:12:10,480 [s2-server-thread2] INFO  server.RaftServer$Division (RaftServerImpl.java:checkInconsistentAppendEntries(1572)) - s2@group-EA982605F2E5: inconsistency entries. Reply:s1<-s2#2229:FAIL-t2,INCONSISTENCY,nextIndex=1,followerCommit=0,matchIndex=-1
2022-11-08 19:12:10,480 [grpc-default-executor-0] INFO  leader.FollowerInfo (FollowerInfoImpl.java:lambda$new$0(48)) - s1@group-EA982605F2E5->s2: nextIndex: updateUnconditionally 5 -> 1
2022-11-08 19:12:10,481 [s2-server-thread2] DEBUG server.RaftServer$Division (RaftServerImpl.java:logAppendEntries(1421)) - s2@group-EA982605F2E5: receive appendEntries(s1, 2, (t:2, i:0), 4, true, commits:[s1:c4, s0:c4, s2:c0], cId:2230, entries: [(t:2, i:1), STATEMACHINELOGENTRY, 0@client-2EFB324ADA71, (t:2, i:2), METADATAENTRY(c:1), (t:2, i:3), STATEMACHINELOGENTRY, 999@client-AE8279CAF820, (t:2, i:4), METADATAENTRY(c:3)]
2022-11-08 19:12:10,481 [s2-server-thread2] INFO  server.RaftServer$Division (RaftServerImpl.java:checkInconsistentAppendEntries(1602)) - s2@group-EA982605F2E5: Failed appendEntries as previous log entry ((t:2, i:0)) is not found
2022-11-08 19:12:10,481 [s2-server-thread2] INFO  server.RaftServer$Division (RaftServerImpl.java:checkInconsistentAppendEntries(1572)) - s2@group-EA982605F2E5: inconsistency entries. Reply:s1<-s2#2230:FAIL-t2,INCONSISTENCY,nextIndex=0,followerCommit=0,matchIndex=-1
2022-11-08 19:12:10,481 [grpc-default-executor-0] INFO  leader.FollowerInfo (FollowerInfoImpl.java:lambda$new$0(48)) - s1@group-EA982605F2E5->s2: nextIndex: updateUnconditionally 5 -> 0
2022-11-08 19:12:10,482 [s2-server-thread2] DEBUG server.RaftServer$Division (RaftServerImpl.java:logAppendEntries(1421)) - s2@group-EA982605F2E5: receive appendEntries(s1, 2, null, 4, true, commits:[s1:c4, s0:c4, s2:c0], cId:2231, entries: [(t:2, i:0), CONFIGURATIONENTRY(current:id: "s0"
address: "localhost:34297"
dataStreamAddress: "localhost:43983"
clientAddress: "localhost:39609"
adminAddress: "localhost:37077"
startupRole: FOLLOWER
,id: "s1"
address: "localhost:38917"
dataStreamAddress: "localhost:45719"
clientAddress: "localhost:36975"
adminAddress: "localhost:40635"
startupRole: FOLLOWER
,id: "s2"
address: "localhost:35511"
dataStreamAddress: "localhost:38827"
clientAddress: "localhost:42865"
adminAddress: "localhost:36791"
startupRole: FOLLOWER
, old:), (t:2, i:1), STATEMACHINELOGENTRY, 0@client-2EFB324ADA71, (t:2, i:2), METADATAENTRY(c:1), (t:2, i:3), STATEMACHINELOGENTRY, 999@client-AE8279CAF820, (t:2, i:4), METADATAENTRY(c:3)]
2022-11-08 19:12:10,482 [s2-server-thread2] INFO  server.RaftServer$Division (RaftServerImpl.java:checkInconsistentAppendEntries(1592)) - s2@group-EA982605F2E5: Failed appendEntries as the first entry (index 0) already exists (snapshotIndex: -1, commitIndex: 0)
2022-11-08 19:12:10,482 [s2-server-thread2] INFO  server.RaftServer$Division (RaftServerImpl.java:checkInconsistentAppendEntries(1572)) - s2@group-EA982605F2E5: inconsistency entries. Reply:s1<-s2#2231:FAIL-t2,INCONSISTENCY,nextIndex=1,followerCommit=0,matchIndex=-1
2022-11-08 19:12:10,482 [grpc-default-executor-0] INFO  leader.FollowerInfo (FollowerInfoImpl.java:lambda$new$0(48)) - s1@group-EA982605F2E5->s2: nextIndex: updateUnconditionally 5 -> 1
2022-11-08 19:12:10,483 [s2-server-thread2] DEBUG server.RaftServer$Division (RaftServerImpl.java:logAppendEntries(1421)) - s2@group-EA982605F2E5: receive appendEntries(s1, 2, (t:2, i:0), 4, true, commits:[s1:c4, s0:c4, s2:c0], cId:2232, entries: [(t:2, i:1), STATEMACHINELOGENTRY, 0@client-2EFB324ADA71, (t:2, i:2), METADATAENTRY(c:1), (t:2, i:3), STATEMACHINELOGENTRY, 999@client-AE8279CAF820, (t:2, i:4), METADATAENTRY(c:3)]
2022-11-08 19:12:10,483 [s2-server-thread2] INFO  server.RaftServer$Division (RaftServerImpl.java:checkInconsistentAppendEntries(1602)) - s2@group-EA982605F2E5: Failed appendEntries as previous log entry ((t:2, i:0)) is not found
2022-11-08 19:12:10,483 [s2-server-thread2] INFO  server.RaftServer$Division (RaftServerImpl.java:checkInconsistentAppendEntries(1572)) - s2@group-EA982605F2E5: inconsistency entries. Reply:s1<-s2#2232:FAIL-t2,INCONSISTENCY,nextIndex=0,followerCommit=0,matchIndex=-1
2022-11-08 19:12:10,483 [grpc-default-executor-0] INFO  leader.FollowerInfo (FollowerInfoImpl.java:lambda$new$0(48)) - s1@group-EA982605F2E5->s2: nextIndex: updateUnconditionally 5 -> 0
2022-11-08 19:12:10,484 [s2-server-thread2] DEBUG server.RaftServer$Division (RaftServerImpl.java:logAppendEntries(1421)) - s2@group-EA982605F2E5: receive appendEntries(s1, 2, null, 4, true, commits:[s1:c4, s0:c4, s2:c0], cId:2233, entries: [(t:2, i:0), CONFIGURATIONENTRY(current:id: "s0"
address: "localhost:34297"
dataStreamAddress: "localhost:43983"
clientAddress: "localhost:39609"
adminAddress: "localhost:37077"
startupRole: FOLLOWER
,id: "s1"
address: "localhost:38917"
dataStreamAddress: "localhost:45719"
clientAddress: "localhost:36975"
adminAddress: "localhost:40635"
startupRole: FOLLOWER
,id: "s2"
address: "localhost:35511"
dataStreamAddress: "localhost:38827"
clientAddress: "localhost:42865"
adminAddress: "localhost:36791"
startupRole: FOLLOWER
, old:), (t:2, i:1), STATEMACHINELOGENTRY, 0@client-2EFB324ADA71, (t:2, i:2), METADATAENTRY(c:1), (t:2, i:3), STATEMACHINELOGENTRY, 999@client-AE8279CAF820, (t:2, i:4), METADATAENTRY(c:3)]
2022-11-08 19:12:10,484 [s2-server-thread2] INFO  server.RaftServer$Division (RaftServerImpl.java:checkInconsistentAppendEntries(1592)) - s2@group-EA982605F2E5: Failed appendEntries as the first entry (index 0) already exists (snapshotIndex: -1, commitIndex: 0)
2022-11-08 19:12:10,484 [s2-server-thread2] INFO  server.RaftServer$Division (RaftServerImpl.java:checkInconsistentAppendEntries(1572)) - s2@group-EA982605F2E5: inconsistency entries. Reply:s1<-s2#2233:FAIL-t2,INCONSISTENCY,nextIndex=1,followerCommit=0,matchIndex=-1
2022-11-08 19:12:10,484 [grpc-default-executor-0] INFO  leader.FollowerInfo (FollowerInfoImpl.java:lambda$new$0(48)) - s1@group-EA982605F2E5->s2: nextIndex: updateUnconditionally 5 -> 1
2022-11-08 19:12:10,485 [s2-server-thread2] DEBUG server.RaftServer$Division (RaftServerImpl.java:logAppendEntries(1421)) - s2@group-EA982605F2E5: receive appendEntries(s1, 2, (t:2, i:0), 4, true, commits:[s1:c4, s0:c4, s2:c0], cId:2234, entries: [(t:2, i:1), STATEMACHINELOGENTRY, 0@client-2EFB324ADA71, (t:2, i:2), METADATAENTRY(c:1), (t:2, i:3), STATEMACHINELOGENTRY, 999@client-AE8279CAF820, (t:2, i:4), METADATAENTRY(c:3)]
2022-11-08 19:12:10,485 [s2-server-thread2] INFO  server.RaftServer$Division (RaftServerImpl.java:checkInconsistentAppendEntries(1602)) - s2@group-EA982605F2E5: Failed appendEntries as previous log entry ((t:2, i:0)) is not found
2022-11-08 19:12:10,485 [s2-server-thread2] INFO  server.RaftServer$Division (RaftServerImpl.java:checkInconsistentAppendEntries(1572)) - s2@group-EA982605F2E5: inconsistency entries. Reply:s1<-s2#2234:FAIL-t2,INCONSISTENCY,nextIndex=0,followerCommit=0,matchIndex=-1
2022-11-08 19:12:10,486 [grpc-default-executor-0] INFO  leader.FollowerInfo (FollowerInfoImpl.java:lambda$new$0(48)) - s1@group-EA982605F2E5->s2: nextIndex: updateUnconditionally 5 -> 0
2022-11-08 19:12:10,487 [s2-server-thread2] DEBUG server.RaftServer$Division (RaftServerImpl.java:logAppendEntries(1421)) - s2@group-EA982605F2E5: receive appendEntries(s1, 2, null, 4, true, commits:[s1:c4, s0:c4, s2:c0], cId:2235, entries: [(t:2, i:0), CONFIGURATIONENTRY(current:id: "s0"
address: "localhost:34297"
dataStreamAddress: "localhost:43983"
clientAddress: "localhost:39609"
adminAddress: "localhost:37077"
startupRole: FOLLOWER
,id: "s1"
address: "localhost:38917"
dataStreamAddress: "localhost:45719"
clientAddress: "localhost:36975"
adminAddress: "localhost:40635"
startupRole: FOLLOWER
,id: "s2"
address: "localhost:35511"
dataStreamAddress: "localhost:38827"
clientAddress: "localhost:42865"
adminAddress: "localhost:36791"
startupRole: FOLLOWER
, old:), (t:2, i:1), STATEMACHINELOGENTRY, 0@client-2EFB324ADA71, (t:2, i:2), METADATAENTRY(c:1), (t:2, i:3), STATEMACHINELOGENTRY, 999@client-AE8279CAF820, (t:2, i:4), METADATAENTRY(c:3)]
2022-11-08 19:12:10,487 [s2-server-thread2] INFO  server.RaftServer$Division (RaftServerImpl.java:checkInconsistentAppendEntries(1592)) - s2@group-EA982605F2E5: Failed appendEntries as the first entry (index 0) already exists (snapshotIndex: -1, commitIndex: 0)
2022-11-08 19:12:10,487 [s2-server-thread2] INFO  server.RaftServer$Division (RaftServerImpl.java:checkInconsistentAppendEntries(1572)) - s2@group-EA982605F2E5: inconsistency entries. Reply:s1<-s2#2235:FAIL-t2,INCONSISTENCY,nextIndex=1,followerCommit=0,matchIndex=-1
2022-11-08 19:12:10,487 [grpc-default-executor-0] INFO  leader.FollowerInfo (FollowerInfoImpl.java:lambda$new$0(48)) - s1@group-EA982605F2E5->s2: nextIndex: updateUnconditionally 5 -> 1
2022-11-08 19:12:10,488 [s2-server-thread2] DEBUG server.RaftServer$Division (RaftServerImpl.java:logAppendEntries(1421)) - s2@group-EA982605F2E5: receive appendEntries(s1, 2, (t:2, i:0), 4, true, commits:[s1:c4, s0:c4, s2:c0], cId:2236, entries: [(t:2, i:1), STATEMACHINELOGENTRY, 0@client-2EFB324ADA71, (t:2, i:2), METADATAENTRY(c:1), (t:2, i:3), STATEMACHINELOGENTRY, 999@client-AE8279CAF820, (t:2, i:4), METADATAENTRY(c:3)]
2022-11-08 19:12:10,488 [s2-server-thread2] INFO  server.RaftServer$Division (RaftServerImpl.java:checkInconsistentAppendEntries(1602)) - s2@group-EA982605F2E5: Failed appendEntries as previous log entry ((t:2, i:0)) is not found
2022-11-08 19:12:10,488 [s2-server-thread2] INFO  server.RaftServer$Division (RaftServerImpl.java:checkInconsistentAppendEntries(1572)) - s2@group-EA982605F2E5: inconsistency entries. Reply:s1<-s2#2236:FAIL-t2,INCONSISTENCY,nextIndex=0,followerCommit=0,matchIndex=-1
2022-11-08 19:12:10,488 [grpc-default-executor-0] INFO  leader.FollowerInfo (FollowerInfoImpl.java:lambda$new$0(48)) - s1@group-EA982605F2E5->s2: nextIndex: updateUnconditionally 5 -> 0
2022-11-08 19:12:10,489 [s2-server-thread2] DEBUG server.RaftServer$Division (RaftServerImpl.java:logAppendEntries(1421)) - s2@group-EA982605F2E5: receive appendEntries(s1, 2, null, 4, true, commits:[s1:c4, s0:c4, s2:c0], cId:2237, entries: [(t:2, i:0), CONFIGURATIONENTRY(current:id: "s0"
address: "localhost:34297"
dataStreamAddress: "localhost:43983"
clientAddress: "localhost:39609"
adminAddress: "localhost:37077"
startupRole: FOLLOWER
,id: "s1"
address: "localhost:38917"
dataStreamAddress: "localhost:45719"
clientAddress: "localhost:36975"
adminAddress: "localhost:40635"
startupRole: FOLLOWER
,id: "s2"
address: "localhost:35511"
dataStreamAddress: "localhost:38827"
clientAddress: "localhost:42865"
adminAddress: "localhost:36791"
startupRole: FOLLOWER
, old:), (t:2, i:1), STATEMACHINELOGENTRY, 0@client-2EFB324ADA71, (t:2, i:2), METADATAENTRY(c:1), (t:2, i:3), STATEMACHINELOGENTRY, 999@client-AE8279CAF820, (t:2, i:4), METADATAENTRY(c:3)]
2022-11-08 19:12:10,489 [s2-server-thread2] INFO  server.RaftServer$Division (RaftServerImpl.java:checkInconsistentAppendEntries(1592)) - s2@group-EA982605F2E5: Failed appendEntries as the first entry (index 0) already exists (snapshotIndex: -1, commitIndex: 0)
2022-11-08 19:12:10,489 [s2-server-thread2] INFO  server.RaftServer$Division (RaftServerImpl.java:checkInconsistentAppendEntries(1572)) - s2@group-EA982605F2E5: inconsistency entries. Reply:s1<-s2#2237:FAIL-t2,INCONSISTENCY,nextIndex=1,followerCommit=0,matchIndex=-1
2022-11-08 19:12:10,489 [grpc-default-executor-0] INFO  leader.FollowerInfo (FollowerInfoImpl.java:lambda$new$0(48)) - s1@group-EA982605F2E5->s2: nextIndex: updateUnconditionally 5 -> 1
2022-11-08 19:12:10,490 [s2-server-thread2] DEBUG server.RaftServer$Division (RaftServerImpl.java:logAppendEntries(1421)) - s2@group-EA982605F2E5: receive appendEntries(s1, 2, (t:2, i:0), 4, true, commits:[s1:c4, s0:c4, s2:c0], cId:2238, entries: [(t:2, i:1), STATEMACHINELOGENTRY, 0@client-2EFB324ADA71, (t:2, i:2), METADATAENTRY(c:1), (t:2, i:3), STATEMACHINELOGENTRY, 999@client-AE8279CAF820, (t:2, i:4), METADATAENTRY(c:3)]
2022-11-08 19:12:10,490 [s2-server-thread2] INFO  server.RaftServer$Division (RaftServerImpl.java:checkInconsistentAppendEntries(1602)) - s2@group-EA982605F2E5: Failed appendEntries as previous log entry ((t:2, i:0)) is not found
2022-11-08 19:12:10,490 [s2-server-thread2] INFO  server.RaftServer$Division (RaftServerImpl.java:checkInconsistentAppendEntries(1572)) - s2@group-EA982605F2E5: inconsistency entries. Reply:s1<-s2#2238:FAIL-t2,INCONSISTENCY,nextIndex=0,followerCommit=0,matchIndex=-1
2022-11-08 19:12:10,490 [grpc-default-executor-0] INFO  leader.FollowerInfo (FollowerInfoImpl.java:lambda$new$0(48)) - s1@group-EA982605F2E5->s2: nextIndex: updateUnconditionally 5 -> 0
2022-11-08 19:12:10,491 [s2-server-thread2] DEBUG server.RaftServer$Division (RaftServerImpl.java:logAppendEntries(1421)) - s2@group-EA982605F2E5: receive appendEntries(s1, 2, null, 4, true, commits:[s1:c4, s0:c4, s2:c0], cId:2239, entries: [(t:2, i:0), CONFIGURATIONENTRY(current:id: "s0"
address: "localhost:34297"
dataStreamAddress: "localhost:43983"
clientAddress: "localhost:39609"
adminAddress: "localhost:37077"
startupRole: FOLLOWER
,id: "s1"
address: "localhost:38917"
dataStreamAddress: "localhost:45719"
clientAddress: "localhost:36975"
adminAddress: "localhost:40635"
startupRole: FOLLOWER
,id: "s2"
address: "localhost:35511"
dataStreamAddress: "localhost:38827"
clientAddress: "localhost:42865"
adminAddress: "localhost:36791"
startupRole: FOLLOWER
, old:), (t:2, i:1), STATEMACHINELOGENTRY, 0@client-2EFB324ADA71, (t:2, i:2), METADATAENTRY(c:1), (t:2, i:3), STATEMACHINELOGENTRY, 999@client-AE8279CAF820, (t:2, i:4), METADATAENTRY(c:3)]
2022-11-08 19:12:10,491 [s2-server-thread2] INFO  server.RaftServer$Division (RaftServerImpl.java:checkInconsistentAppendEntries(1592)) - s2@group-EA982605F2E5: Failed appendEntries as the first entry (index 0) already exists (snapshotIndex: -1, commitIndex: 0)
2022-11-08 19:12:10,491 [s2-server-thread2] INFO  server.RaftServer$Division (RaftServerImpl.java:checkInconsistentAppendEntries(1572)) - s2@group-EA982605F2E5: inconsistency entries. Reply:s1<-s2#2239:FAIL-t2,INCONSISTENCY,nextIndex=1,followerCommit=0,matchIndex=-1
2022-11-08 19:12:10,491 [grpc-default-executor-0] INFO  leader.FollowerInfo (FollowerInfoImpl.java:lambda$new$0(48)) - s1@group-EA982605F2E5->s2: nextIndex: updateUnconditionally 5 -> 1
2022-11-08 19:12:10,492 [s2-server-thread2] DEBUG server.RaftServer$Division (RaftServerImpl.java:logAppendEntries(1421)) - s2@group-EA982605F2E5: receive appendEntries(s1, 2, (t:2, i:0), 4, true, commits:[s1:c4, s0:c4, s2:c0], cId:2240, entries: [(t:2, i:1), STATEMACHINELOGENTRY, 0@client-2EFB324ADA71, (t:2, i:2), METADATAENTRY(c:1), (t:2, i:3), STATEMACHINELOGENTRY, 999@client-AE8279CAF820, (t:2, i:4), METADATAENTRY(c:3)]
2022-11-08 19:12:10,492 [s2-server-thread2] INFO  server.RaftServer$Division (RaftServerImpl.java:checkInconsistentAppendEntries(1602)) - s2@group-EA982605F2E5: Failed appendEntries as previous log entry ((t:2, i:0)) is not found
2022-11-08 19:12:10,492 [s2-server-thread2] INFO  server.RaftServer$Division (RaftServerImpl.java:checkInconsistentAppendEntries(1572)) - s2@group-EA982605F2E5: inconsistency entries. Reply:s1<-s2#2240:FAIL-t2,INCONSISTENCY,nextIndex=0,followerCommit=0,matchIndex=-1
2022-11-08 19:12:10,492 [grpc-default-executor-0] INFO  leader.FollowerInfo (FollowerInfoImpl.java:lambda$new$0(48)) - s1@group-EA982605F2E5->s2: nextIndex: updateUnconditionally 5 -> 0
2022-11-08 19:12:10,493 [s2-server-thread2] DEBUG server.RaftServer$Division (RaftServerImpl.java:logAppendEntries(1421)) - s2@group-EA982605F2E5: receive appendEntries(s1, 2, null, 4, true, commits:[s1:c4, s0:c4, s2:c0], cId:2241, entries: [(t:2, i:0), CONFIGURATIONENTRY(current:id: "s0"
address: "localhost:34297"
dataStreamAddress: "localhost:43983"
clientAddress: "localhost:39609"
adminAddress: "localhost:37077"
startupRole: FOLLOWER
,id: "s1"
address: "localhost:38917"
dataStreamAddress: "localhost:45719"
clientAddress: "localhost:36975"
adminAddress: "localhost:40635"
startupRole: FOLLOWER
,id: "s2"
address: "localhost:35511"
dataStreamAddress: "localhost:38827"
clientAddress: "localhost:42865"
adminAddress: "localhost:36791"
startupRole: FOLLOWER
, old:), (t:2, i:1), STATEMACHINELOGENTRY, 0@client-2EFB324ADA71, (t:2, i:2), METADATAENTRY(c:1), (t:2, i:3), STATEMACHINELOGENTRY, 999@client-AE8279CAF820, (t:2, i:4), METADATAENTRY(c:3)]
2022-11-08 19:12:10,493 [s2-server-thread2] INFO  server.RaftServer$Division (RaftServerImpl.java:checkInconsistentAppendEntries(1592)) - s2@group-EA982605F2E5: Failed appendEntries as the first entry (index 0) already exists (snapshotIndex: -1, commitIndex: 0)
2022-11-08 19:12:10,493 [s2-server-thread2] INFO  server.RaftServer$Division (RaftServerImpl.java:checkInconsistentAppendEntries(1572)) - s2@group-EA982605F2E5: inconsistency entries. Reply:s1<-s2#2241:FAIL-t2,INCONSISTENCY,nextIndex=1,followerCommit=0,matchIndex=-1
2022-11-08 19:12:10,493 [grpc-default-executor-0] INFO  leader.FollowerInfo (FollowerInfoImpl.java:lambda$new$0(48)) - s1@group-EA982605F2E5->s2: nextIndex: updateUnconditionally 5 -> 1
2022-11-08 19:12:10,494 [s2-server-thread2] DEBUG server.RaftServer$Division (RaftServerImpl.java:logAppendEntries(1421)) - s2@group-EA982605F2E5: receive appendEntries(s1, 2, (t:2, i:0), 4, true, commits:[s1:c4, s0:c4, s2:c0], cId:2242, entries: [(t:2, i:1), STATEMACHINELOGENTRY, 0@client-2EFB324ADA71, (t:2, i:2), METADATAENTRY(c:1), (t:2, i:3), STATEMACHINELOGENTRY, 999@client-AE8279CAF820, (t:2, i:4), METADATAENTRY(c:3)]
2022-11-08 19:12:10,494 [s2-server-thread2] INFO  server.RaftServer$Division (RaftServerImpl.java:checkInconsistentAppendEntries(1602)) - s2@group-EA982605F2E5: Failed appendEntries as previous log entry ((t:2, i:0)) is not found
2022-11-08 19:12:10,494 [s2-server-thread2] INFO  server.RaftServer$Division (RaftServerImpl.java:checkInconsistentAppendEntries(1572)) - s2@group-EA982605F2E5: inconsistency entries. Reply:s1<-s2#2242:FAIL-t2,INCONSISTENCY,nextIndex=0,followerCommit=0,matchIndex=-1
2022-11-08 19:12:10,494 [grpc-default-executor-0] INFO  leader.FollowerInfo (FollowerInfoImpl.java:lambda$new$0(48)) - s1@group-EA982605F2E5->s2: nextIndex: updateUnconditionally 5 -> 0
2022-11-08 19:12:10,495 [s2-server-thread2] DEBUG server.RaftServer$Division (RaftServerImpl.java:logAppendEntries(1421)) - s2@group-EA982605F2E5: receive appendEntries(s1, 2, null, 4, true, commits:[s1:c4, s0:c4, s2:c0], cId:2243, entries: [(t:2, i:0), CONFIGURATIONENTRY(current:id: "s0"
address: "localhost:34297"
dataStreamAddress: "localhost:43983"
clientAddress: "localhost:39609"
adminAddress: "localhost:37077"
startupRole: FOLLOWER
,id: "s1"
address: "localhost:38917"
dataStreamAddress: "localhost:45719"
clientAddress: "localhost:36975"
adminAddress: "localhost:40635"
startupRole: FOLLOWER
,id: "s2"
address: "localhost:35511"
dataStreamAddress: "localhost:38827"
clientAddress: "localhost:42865"
adminAddress: "localhost:36791"
startupRole: FOLLOWER
, old:), (t:2, i:1), STATEMACHINELOGENTRY, 0@client-2EFB324ADA71, (t:2, i:2), METADATAENTRY(c:1), (t:2, i:3), STATEMACHINELOGENTRY, 999@client-AE8279CAF820, (t:2, i:4), METADATAENTRY(c:3)]
2022-11-08 19:12:10,495 [s2-server-thread2] INFO  server.RaftServer$Division (RaftServerImpl.java:checkInconsistentAppendEntries(1592)) - s2@group-EA982605F2E5: Failed appendEntries as the first entry (index 0) already exists (snapshotIndex: -1, commitIndex: 0)
2022-11-08 19:12:10,495 [s2-server-thread2] INFO  server.RaftServer$Division (RaftServerImpl.java:checkInconsistentAppendEntries(1572)) - s2@group-EA982605F2E5: inconsistency entries. Reply:s1<-s2#2243:FAIL-t2,INCONSISTENCY,nextIndex=1,followerCommit=0,matchIndex=-1
2022-11-08 19:12:10,495 [grpc-default-executor-0] INFO  leader.FollowerInfo (FollowerInfoImpl.java:lambda$new$0(48)) - s1@group-EA982605F2E5->s2: nextIndex: updateUnconditionally 5 -> 1
2022-11-08 19:12:10,496 [s2-server-thread2] DEBUG server.RaftServer$Division (RaftServerImpl.java:logAppendEntries(1421)) - s2@group-EA982605F2E5: receive appendEntries(s1, 2, (t:2, i:0), 4, true, commits:[s1:c4, s0:c4, s2:c0], cId:2244, entries: [(t:2, i:1), STATEMACHINELOGENTRY, 0@client-2EFB324ADA71, (t:2, i:2), METADATAENTRY(c:1), (t:2, i:3), STATEMACHINELOGENTRY, 999@client-AE8279CAF820, (t:2, i:4), METADATAENTRY(c:3)]
2022-11-08 19:12:10,496 [s2-server-thread2] INFO  server.RaftServer$Division (RaftServerImpl.java:checkInconsistentAppendEntries(1602)) - s2@group-EA982605F2E5: Failed appendEntries as previous log entry ((t:2, i:0)) is not found
2022-11-08 19:12:10,496 [s2-server-thread2] INFO  server.RaftServer$Division (RaftServerImpl.java:checkInconsistentAppendEntries(1572)) - s2@group-EA982605F2E5: inconsistency entries. Reply:s1<-s2#2244:FAIL-t2,INCONSISTENCY,nextIndex=0,followerCommit=0,matchIndex=-1
2022-11-08 19:12:10,496 [grpc-default-executor-0] INFO  leader.FollowerInfo (FollowerInfoImpl.java:lambda$new$0(48)) - s1@group-EA982605F2E5->s2: nextIndex: updateUnconditionally 5 -> 0
2022-11-08 19:12:10,497 [s2-server-thread2] DEBUG server.RaftServer$Division (RaftServerImpl.java:logAppendEntries(1421)) - s2@group-EA982605F2E5: receive appendEntries(s1, 2, null, 4, true, commits:[s1:c4, s0:c4, s2:c0], cId:2245, entries: [(t:2, i:0), CONFIGURATIONENTRY(current:id: "s0"
address: "localhost:34297"
dataStreamAddress: "localhost:43983"
clientAddress: "localhost:39609"
adminAddress: "localhost:37077"
startupRole: FOLLOWER
,id: "s1"
address: "localhost:38917"
dataStreamAddress: "localhost:45719"
clientAddress: "localhost:36975"
adminAddress: "localhost:40635"
startupRole: FOLLOWER
,id: "s2"
address: "localhost:35511"
dataStreamAddress: "localhost:38827"
clientAddress: "localhost:42865"
adminAddress: "localhost:36791"
startupRole: FOLLOWER
, old:), (t:2, i:1), STATEMACHINELOGENTRY, 0@client-2EFB324ADA71, (t:2, i:2), METADATAENTRY(c:1), (t:2, i:3), STATEMACHINELOGENTRY, 999@client-AE8279CAF820, (t:2, i:4), METADATAENTRY(c:3)]
2022-11-08 19:12:10,497 [s2-server-thread2] INFO  server.RaftServer$Division (RaftServerImpl.java:checkInconsistentAppendEntries(1592)) - s2@group-EA982605F2E5: Failed appendEntries as the first entry (index 0) already exists (snapshotIndex: -1, commitIndex: 0)
2022-11-08 19:12:10,497 [s2-server-thread2] INFO  server.RaftServer$Division (RaftServerImpl.java:checkInconsistentAppendEntries(1572)) - s2@group-EA982605F2E5: inconsistency entries. Reply:s1<-s2#2245:FAIL-t2,INCONSISTENCY,nextIndex=1,followerCommit=0,matchIndex=-1
2022-11-08 19:12:10,497 [grpc-default-executor-0] INFO  leader.FollowerInfo (FollowerInfoImpl.java:lambda$new$0(48)) - s1@group-EA982605F2E5->s2: nextIndex: updateUnconditionally 5 -> 1
2022-11-08 19:12:10,498 [s2-server-thread2] DEBUG server.RaftServer$Division (RaftServerImpl.java:logAppendEntries(1421)) - s2@group-EA982605F2E5: receive appendEntries(s1, 2, (t:2, i:0), 4, true, commits:[s1:c4, s0:c4, s2:c0], cId:2246, entries: [(t:2, i:1), STATEMACHINELOGENTRY, 0@client-2EFB324ADA71, (t:2, i:2), METADATAENTRY(c:1), (t:2, i:3), STATEMACHINELOGENTRY, 999@client-AE8279CAF820, (t:2, i:4), METADATAENTRY(c:3)]
2022-11-08 19:12:10,498 [s2-server-thread2] INFO  server.RaftServer$Division (RaftServerImpl.java:checkInconsistentAppendEntries(1602)) - s2@group-EA982605F2E5: Failed appendEntries as previous log entry ((t:2, i:0)) is not found
2022-11-08 19:12:10,498 [s2-server-thread2] INFO  server.RaftServer$Division (RaftServerImpl.java:checkInconsistentAppendEntries(1572)) - s2@group-EA982605F2E5: inconsistency entries. Reply:s1<-s2#2246:FAIL-t2,INCONSISTENCY,nextIndex=0,followerCommit=0,matchIndex=-1
2022-11-08 19:12:10,499 [grpc-default-executor-0] INFO  leader.FollowerInfo (FollowerInfoImpl.java:lambda$new$0(48)) - s1@group-EA982605F2E5->s2: nextIndex: updateUnconditionally 5 -> 0
2022-11-08 19:12:10,499 [s2-server-thread2] DEBUG server.RaftServer$Division (RaftServerImpl.java:logAppendEntries(1421)) - s2@group-EA982605F2E5: receive appendEntries(s1, 2, null, 4, true, commits:[s1:c4, s0:c4, s2:c0], cId:2247, entries: [(t:2, i:0), CONFIGURATIONENTRY(current:id: "s0"
address: "localhost:34297"
dataStreamAddress: "localhost:43983"
clientAddress: "localhost:39609"
adminAddress: "localhost:37077"
startupRole: FOLLOWER
,id: "s1"
address: "localhost:38917"
dataStreamAddress: "localhost:45719"
clientAddress: "localhost:36975"
adminAddress: "localhost:40635"
startupRole: FOLLOWER
,id: "s2"
address: "localhost:35511"
dataStreamAddress: "localhost:38827"
clientAddress: "localhost:42865"
adminAddress: "localhost:36791"
startupRole: FOLLOWER
, old:), (t:2, i:1), STATEMACHINELOGENTRY, 0@client-2EFB324ADA71, (t:2, i:2), METADATAENTRY(c:1), (t:2, i:3), STATEMACHINELOGENTRY, 999@client-AE8279CAF820, (t:2, i:4), METADATAENTRY(c:3)]
2022-11-08 19:12:10,499 [s2-server-thread2] INFO  server.RaftServer$Division (RaftServerImpl.java:checkInconsistentAppendEntries(1592)) - s2@group-EA982605F2E5: Failed appendEntries as the first entry (index 0) already exists (snapshotIndex: -1, commitIndex: 0)
2022-11-08 19:12:10,499 [s2-server-thread2] INFO  server.RaftServer$Division (RaftServerImpl.java:checkInconsistentAppendEntries(1572)) - s2@group-EA982605F2E5: inconsistency entries. Reply:s1<-s2#2247:FAIL-t2,INCONSISTENCY,nextIndex=1,followerCommit=0,matchIndex=-1
2022-11-08 19:12:10,500 [grpc-default-executor-0] INFO  leader.FollowerInfo (FollowerInfoImpl.java:lambda$new$0(48)) - s1@group-EA982605F2E5->s2: nextIndex: updateUnconditionally 5 -> 1
2022-11-08 19:12:10,500 [s2-server-thread2] DEBUG server.RaftServer$Division (RaftServerImpl.java:logAppendEntries(1421)) - s2@group-EA982605F2E5: receive appendEntries(s1, 2, (t:2, i:0), 4, true, commits:[s1:c4, s0:c4, s2:c0], cId:2248, entries: [(t:2, i:1), STATEMACHINELOGENTRY, 0@client-2EFB324ADA71, (t:2, i:2), METADATAENTRY(c:1), (t:2, i:3), STATEMACHINELOGENTRY, 999@client-AE8279CAF820, (t:2, i:4), METADATAENTRY(c:3)]
2022-11-08 19:12:10,500 [s2-server-thread2] INFO  server.RaftServer$Division (RaftServerImpl.java:checkInconsistentAppendEntries(1602)) - s2@group-EA982605F2E5: Failed appendEntries as previous log entry ((t:2, i:0)) is not found
2022-11-08 19:12:10,500 [s2-server-thread2] INFO  server.RaftServer$Division (RaftServerImpl.java:checkInconsistentAppendEntries(1572)) - s2@group-EA982605F2E5: inconsistency entries. Reply:s1<-s2#2248:FAIL-t2,INCONSISTENCY,nextIndex=0,followerCommit=0,matchIndex=-1
2022-11-08 19:12:10,501 [grpc-default-executor-0] INFO  leader.FollowerInfo (FollowerInfoImpl.java:lambda$new$0(48)) - s1@group-EA982605F2E5->s2: nextIndex: updateUnconditionally 5 -> 0
2022-11-08 19:12:10,501 [s2-server-thread2] DEBUG server.RaftServer$Division (RaftServerImpl.java:logAppendEntries(1421)) - s2@group-EA982605F2E5: receive appendEntries(s1, 2, null, 4, true, commits:[s1:c4, s0:c4, s2:c0], cId:2249, entries: [(t:2, i:0), CONFIGURATIONENTRY(current:id: "s0"
address: "localhost:34297"
dataStreamAddress: "localhost:43983"
clientAddress: "localhost:39609"
adminAddress: "localhost:37077"
startupRole: FOLLOWER
,id: "s1"
address: "localhost:38917"
dataStreamAddress: "localhost:45719"
clientAddress: "localhost:36975"
adminAddress: "localhost:40635"
startupRole: FOLLOWER
,id: "s2"
address: "localhost:35511"
dataStreamAddress: "localhost:38827"
clientAddress: "localhost:42865"
adminAddress: "localhost:36791"
startupRole: FOLLOWER
, old:), (t:2, i:1), STATEMACHINELOGENTRY, 0@client-2EFB324ADA71, (t:2, i:2), METADATAENTRY(c:1), (t:2, i:3), STATEMACHINELOGENTRY, 999@client-AE8279CAF820, (t:2, i:4), METADATAENTRY(c:3)]
2022-11-08 19:12:10,501 [s2-server-thread2] INFO  server.RaftServer$Division (RaftServerImpl.java:checkInconsistentAppendEntries(1592)) - s2@group-EA982605F2E5: Failed appendEntries as the first entry (index 0) already exists (snapshotIndex: -1, commitIndex: 0)
2022-11-08 19:12:10,501 [s2-server-thread2] INFO  server.RaftServer$Division (RaftServerImpl.java:checkInconsistentAppendEntries(1572)) - s2@group-EA982605F2E5: inconsistency entries. Reply:s1<-s2#2249:FAIL-t2,INCONSISTENCY,nextIndex=1,followerCommit=0,matchIndex=-1
2022-11-08 19:12:10,502 [grpc-default-executor-3] INFO  leader.FollowerInfo (FollowerInfoImpl.java:lambda$new$0(48)) - s1@group-EA982605F2E5->s2: nextIndex: updateUnconditionally 5 -> 1
2022-11-08 19:12:10,503 [s2-server-thread2] DEBUG server.RaftServer$Division (RaftServerImpl.java:logAppendEntries(1421)) - s2@group-EA982605F2E5: receive appendEntries(s1, 2, (t:2, i:0), 4, true, commits:[s1:c4, s0:c4, s2:c0], cId:2250, entries: [(t:2, i:1), STATEMACHINELOGENTRY, 0@client-2EFB324ADA71, (t:2, i:2), METADATAENTRY(c:1), (t:2, i:3), STATEMACHINELOGENTRY, 999@client-AE8279CAF820, (t:2, i:4), METADATAENTRY(c:3)]
2022-11-08 19:12:10,503 [s2-server-thread2] INFO  server.RaftServer$Division (RaftServerImpl.java:checkInconsistentAppendEntries(1602)) - s2@group-EA982605F2E5: Failed appendEntries as previous log entry ((t:2, i:0)) is not found
2022-11-08 19:12:10,503 [s2-server-thread2] INFO  server.RaftServer$Division (RaftServerImpl.java:checkInconsistentAppendEntries(1572)) - s2@group-EA982605F2E5: inconsistency entries. Reply:s1<-s2#2250:FAIL-t2,INCONSISTENCY,nextIndex=0,followerCommit=0,matchIndex=-1
2022-11-08 19:12:10,503 [grpc-default-executor-0] INFO  leader.FollowerInfo (FollowerInfoImpl.java:lambda$new$0(48)) - s1@group-EA982605F2E5->s2: nextIndex: updateUnconditionally 5 -> 0
2022-11-08 19:12:10,504 [s2-server-thread2] DEBUG server.RaftServer$Division (RaftServerImpl.java:logAppendEntries(1421)) - s2@group-EA982605F2E5: receive appendEntries(s1, 2, null, 4, true, commits:[s1:c4, s0:c4, s2:c0], cId:2251, entries: [(t:2, i:0), CONFIGURATIONENTRY(current:id: "s0"
address: "localhost:34297"
dataStreamAddress: "localhost:43983"
clientAddress: "localhost:39609"
adminAddress: "localhost:37077"
startupRole: FOLLOWER
,id: "s1"
address: "localhost:38917"
dataStreamAddress: "localhost:45719"
clientAddress: "localhost:36975"
adminAddress: "localhost:40635"
startupRole: FOLLOWER
,id: "s2"
address: "localhost:35511"
dataStreamAddress: "localhost:38827"
clientAddress: "localhost:42865"
adminAddress: "localhost:36791"
startupRole: FOLLOWER
, old:), (t:2, i:1), STATEMACHINELOGENTRY, 0@client-2EFB324ADA71, (t:2, i:2), METADATAENTRY(c:1), (t:2, i:3), STATEMACHINELOGENTRY, 999@client-AE8279CAF820, (t:2, i:4), METADATAENTRY(c:3)]
2022-11-08 19:12:10,504 [s2-server-thread2] INFO  server.RaftServer$Division (RaftServerImpl.java:checkInconsistentAppendEntries(1592)) - s2@group-EA982605F2E5: Failed appendEntries as the first entry (index 0) already exists (snapshotIndex: -1, commitIndex: 0)
2022-11-08 19:12:10,504 [s2-server-thread2] INFO  server.RaftServer$Division (RaftServerImpl.java:checkInconsistentAppendEntries(1572)) - s2@group-EA982605F2E5: inconsistency entries. Reply:s1<-s2#2251:FAIL-t2,INCONSISTENCY,nextIndex=1,followerCommit=0,matchIndex=-1
2022-11-08 19:12:10,504 [grpc-default-executor-0] INFO  leader.FollowerInfo (FollowerInfoImpl.java:lambda$new$0(48)) - s1@group-EA982605F2E5->s2: nextIndex: updateUnconditionally 5 -> 1
2022-11-08 19:12:10,505 [s2-server-thread2] DEBUG server.RaftServer$Division (RaftServerImpl.java:logAppendEntries(1421)) - s2@group-EA982605F2E5: receive appendEntries(s1, 2, (t:2, i:0), 4, true, commits:[s1:c4, s0:c4, s2:c0], cId:2252, entries: [(t:2, i:1), STATEMACHINELOGENTRY, 0@client-2EFB324ADA71, (t:2, i:2), METADATAENTRY(c:1), (t:2, i:3), STATEMACHINELOGENTRY, 999@client-AE8279CAF820, (t:2, i:4), METADATAENTRY(c:3)]
2022-11-08 19:12:10,505 [s2-server-thread2] INFO  server.RaftServer$Division (RaftServerImpl.java:checkInconsistentAppendEntries(1602)) - s2@group-EA982605F2E5: Failed appendEntries as previous log entry ((t:2, i:0)) is not found
2022-11-08 19:12:10,505 [s2-server-thread2] INFO  server.RaftServer$Division (RaftServerImpl.java:checkInconsistentAppendEntries(1572)) - s2@group-EA982605F2E5: inconsistency entries. Reply:s1<-s2#2252:FAIL-t2,INCONSISTENCY,nextIndex=0,followerCommit=0,matchIndex=-1
2022-11-08 19:12:10,505 [grpc-default-executor-0] INFO  leader.FollowerInfo (FollowerInfoImpl.java:lambda$new$0(48)) - s1@group-EA982605F2E5->s2: nextIndex: updateUnconditionally 5 -> 0
2022-11-08 19:12:10,506 [s2-server-thread2] DEBUG server.RaftServer$Division (RaftServerImpl.java:logAppendEntries(1421)) - s2@group-EA982605F2E5: receive appendEntries(s1, 2, null, 4, true, commits:[s1:c4, s0:c4, s2:c0], cId:2253, entries: [(t:2, i:0), CONFIGURATIONENTRY(current:id: "s0"
address: "localhost:34297"
dataStreamAddress: "localhost:43983"
clientAddress: "localhost:39609"
adminAddress: "localhost:37077"
startupRole: FOLLOWER
,id: "s1"
address: "localhost:38917"
dataStreamAddress: "localhost:45719"
clientAddress: "localhost:36975"
adminAddress: "localhost:40635"
startupRole: FOLLOWER
,id: "s2"
address: "localhost:35511"
dataStreamAddress: "localhost:38827"
clientAddress: "localhost:42865"
adminAddress: "localhost:36791"
startupRole: FOLLOWER
, old:), (t:2, i:1), STATEMACHINELOGENTRY, 0@client-2EFB324ADA71, (t:2, i:2), METADATAENTRY(c:1), (t:2, i:3), STATEMACHINELOGENTRY, 999@client-AE8279CAF820, (t:2, i:4), METADATAENTRY(c:3)]
2022-11-08 19:12:10,506 [s2-server-thread2] INFO  server.RaftServer$Division (RaftServerImpl.java:checkInconsistentAppendEntries(1592)) - s2@group-EA982605F2E5: Failed appendEntries as the first entry (index 0) already exists (snapshotIndex: -1, commitIndex: 0)
2022-11-08 19:12:10,506 [s2-server-thread2] INFO  server.RaftServer$Division (RaftServerImpl.java:checkInconsistentAppendEntries(1572)) - s2@group-EA982605F2E5: inconsistency entries. Reply:s1<-s2#2253:FAIL-t2,INCONSISTENCY,nextIndex=1,followerCommit=0,matchIndex=-1
2022-11-08 19:12:10,506 [grpc-default-executor-0] INFO  leader.FollowerInfo (FollowerInfoImpl.java:lambda$new$0(48)) - s1@group-EA982605F2E5->s2: nextIndex: updateUnconditionally 5 -> 1
2022-11-08 19:12:10,507 [s2-server-thread2] DEBUG server.RaftServer$Division (RaftServerImpl.java:logAppendEntries(1421)) - s2@group-EA982605F2E5: receive appendEntries(s1, 2, (t:2, i:0), 4, true, commits:[s1:c4, s0:c4, s2:c0], cId:2254, entries: [(t:2, i:1), STATEMACHINELOGENTRY, 0@client-2EFB324ADA71, (t:2, i:2), METADATAENTRY(c:1), (t:2, i:3), STATEMACHINELOGENTRY, 999@client-AE8279CAF820, (t:2, i:4), METADATAENTRY(c:3)]
2022-11-08 19:12:10,507 [s2-server-thread2] INFO  server.RaftServer$Division (RaftServerImpl.java:checkInconsistentAppendEntries(1602)) - s2@group-EA982605F2E5: Failed appendEntries as previous log entry ((t:2, i:0)) is not found
2022-11-08 19:12:10,507 [s2-server-thread2] INFO  server.RaftServer$Division (RaftServerImpl.java:checkInconsistentAppendEntries(1572)) - s2@group-EA982605F2E5: inconsistency entries. Reply:s1<-s2#2254:FAIL-t2,INCONSISTENCY,nextIndex=0,followerCommit=0,matchIndex=-1
2022-11-08 19:12:10,508 [grpc-default-executor-0] INFO  leader.FollowerInfo (FollowerInfoImpl.java:lambda$new$0(48)) - s1@group-EA982605F2E5->s2: nextIndex: updateUnconditionally 5 -> 0
2022-11-08 19:12:10,508 [s2-server-thread2] DEBUG server.RaftServer$Division (RaftServerImpl.java:logAppendEntries(1421)) - s2@group-EA982605F2E5: receive appendEntries(s1, 2, null, 4, true, commits:[s1:c4, s0:c4, s2:c0], cId:2255, entries: [(t:2, i:0), CONFIGURATIONENTRY(current:id: "s0"
address: "localhost:34297"
dataStreamAddress: "localhost:43983"
clientAddress: "localhost:39609"
adminAddress: "localhost:37077"
startupRole: FOLLOWER
,id: "s1"
address: "localhost:38917"
dataStreamAddress: "localhost:45719"
clientAddress: "localhost:36975"
adminAddress: "localhost:40635"
startupRole: FOLLOWER
,id: "s2"
address: "localhost:35511"
dataStreamAddress: "localhost:38827"
clientAddress: "localhost:42865"
adminAddress: "localhost:36791"
startupRole: FOLLOWER
, old:), (t:2, i:1), STATEMACHINELOGENTRY, 0@client-2EFB324ADA71, (t:2, i:2), METADATAENTRY(c:1), (t:2, i:3), STATEMACHINELOGENTRY, 999@client-AE8279CAF820, (t:2, i:4), METADATAENTRY(c:3)]
2022-11-08 19:12:10,508 [s2-server-thread2] INFO  server.RaftServer$Division (RaftServerImpl.java:checkInconsistentAppendEntries(1592)) - s2@group-EA982605F2E5: Failed appendEntries as the first entry (index 0) already exists (snapshotIndex: -1, commitIndex: 0)
2022-11-08 19:12:10,508 [s2-server-thread2] INFO  server.RaftServer$Division (RaftServerImpl.java:checkInconsistentAppendEntries(1572)) - s2@group-EA982605F2E5: inconsistency entries. Reply:s1<-s2#2255:FAIL-t2,INCONSISTENCY,nextIndex=1,followerCommit=0,matchIndex=-1
2022-11-08 19:12:10,509 [grpc-default-executor-0] INFO  leader.FollowerInfo (FollowerInfoImpl.java:lambda$new$0(48)) - s1@group-EA982605F2E5->s2: nextIndex: updateUnconditionally 5 -> 1
2022-11-08 19:12:10,509 [s2-server-thread2] DEBUG server.RaftServer$Division (RaftServerImpl.java:logAppendEntries(1421)) - s2@group-EA982605F2E5: receive appendEntries(s1, 2, (t:2, i:0), 4, true, commits:[s1:c4, s0:c4, s2:c0], cId:2256, entries: [(t:2, i:1), STATEMACHINELOGENTRY, 0@client-2EFB324ADA71, (t:2, i:2), METADATAENTRY(c:1), (t:2, i:3), STATEMACHINELOGENTRY, 999@client-AE8279CAF820, (t:2, i:4), METADATAENTRY(c:3)]
2022-11-08 19:12:10,510 [s2-server-thread2] INFO  server.RaftServer$Division (RaftServerImpl.java:checkInconsistentAppendEntries(1602)) - s2@group-EA982605F2E5: Failed appendEntries as previous log entry ((t:2, i:0)) is not found
2022-11-08 19:12:10,510 [s2-server-thread2] INFO  server.RaftServer$Division (RaftServerImpl.java:checkInconsistentAppendEntries(1572)) - s2@group-EA982605F2E5: inconsistency entries. Reply:s1<-s2#2256:FAIL-t2,INCONSISTENCY,nextIndex=0,followerCommit=0,matchIndex=-1
2022-11-08 19:12:10,510 [grpc-default-executor-0] INFO  leader.FollowerInfo (FollowerInfoImpl.java:lambda$new$0(48)) - s1@group-EA982605F2E5->s2: nextIndex: updateUnconditionally 5 -> 0
2022-11-08 19:12:10,511 [s2-server-thread2] DEBUG server.RaftServer$Division (RaftServerImpl.java:logAppendEntries(1421)) - s2@group-EA982605F2E5: receive appendEntries(s1, 2, null, 4, true, commits:[s1:c4, s0:c4, s2:c0], cId:2257, entries: [(t:2, i:0), CONFIGURATIONENTRY(current:id: "s0"
address: "localhost:34297"
dataStreamAddress: "localhost:43983"
clientAddress: "localhost:39609"
adminAddress: "localhost:37077"
startupRole: FOLLOWER
,id: "s1"
address: "localhost:38917"
dataStreamAddress: "localhost:45719"
clientAddress: "localhost:36975"
adminAddress: "localhost:40635"
startupRole: FOLLOWER
,id: "s2"
address: "localhost:35511"
dataStreamAddress: "localhost:38827"
clientAddress: "localhost:42865"
adminAddress: "localhost:36791"
startupRole: FOLLOWER
, old:), (t:2, i:1), STATEMACHINELOGENTRY, 0@client-2EFB324ADA71, (t:2, i:2), METADATAENTRY(c:1), (t:2, i:3), STATEMACHINELOGENTRY, 999@client-AE8279CAF820, (t:2, i:4), METADATAENTRY(c:3)]
2022-11-08 19:12:10,511 [s2-server-thread2] INFO  server.RaftServer$Division (RaftServerImpl.java:checkInconsistentAppendEntries(1592)) - s2@group-EA982605F2E5: Failed appendEntries as the first entry (index 0) already exists (snapshotIndex: -1, commitIndex: 0)
2022-11-08 19:12:10,511 [s2-server-thread2] INFO  server.RaftServer$Division (RaftServerImpl.java:checkInconsistentAppendEntries(1572)) - s2@group-EA982605F2E5: inconsistency entries. Reply:s1<-s2#2257:FAIL-t2,INCONSISTENCY,nextIndex=1,followerCommit=0,matchIndex=-1
2022-11-08 19:12:10,511 [grpc-default-executor-0] INFO  leader.FollowerInfo (FollowerInfoImpl.java:lambda$new$0(48)) - s1@group-EA982605F2E5->s2: nextIndex: updateUnconditionally 5 -> 1
2022-11-08 19:12:10,512 [s2-server-thread2] DEBUG server.RaftServer$Division (RaftServerImpl.java:logAppendEntries(1421)) - s2@group-EA982605F2E5: receive appendEntries(s1, 2, (t:2, i:0), 4, true, commits:[s1:c4, s0:c4, s2:c0], cId:2258, entries: [(t:2, i:1), STATEMACHINELOGENTRY, 0@client-2EFB324ADA71, (t:2, i:2), METADATAENTRY(c:1), (t:2, i:3), STATEMACHINELOGENTRY, 999@client-AE8279CAF820, (t:2, i:4), METADATAENTRY(c:3)]
2022-11-08 19:12:10,512 [s2-server-thread2] INFO  server.RaftServer$Division (RaftServerImpl.java:checkInconsistentAppendEntries(1602)) - s2@group-EA982605F2E5: Failed appendEntries as previous log entry ((t:2, i:0)) is not found
2022-11-08 19:12:10,512 [s2-server-thread2] INFO  server.RaftServer$Division (RaftServerImpl.java:checkInconsistentAppendEntries(1572)) - s2@group-EA982605F2E5: inconsistency entries. Reply:s1<-s2#2258:FAIL-t2,INCONSISTENCY,nextIndex=0,followerCommit=0,matchIndex=-1
2022-11-08 19:12:10,512 [grpc-default-executor-0] INFO  leader.FollowerInfo (FollowerInfoImpl.java:lambda$new$0(48)) - s1@group-EA982605F2E5->s2: nextIndex: updateUnconditionally 5 -> 0
2022-11-08 19:12:10,513 [s2-server-thread2] DEBUG server.RaftServer$Division (RaftServerImpl.java:logAppendEntries(1421)) - s2@group-EA982605F2E5: receive appendEntries(s1, 2, null, 4, true, commits:[s1:c4, s0:c4, s2:c0], cId:2259, entries: [(t:2, i:0), CONFIGURATIONENTRY(current:id: "s0"
address: "localhost:34297"
dataStreamAddress: "localhost:43983"
clientAddress: "localhost:39609"
adminAddress: "localhost:37077"
startupRole: FOLLOWER
,id: "s1"
address: "localhost:38917"
dataStreamAddress: "localhost:45719"
clientAddress: "localhost:36975"
adminAddress: "localhost:40635"
startupRole: FOLLOWER
,id: "s2"
address: "localhost:35511"
dataStreamAddress: "localhost:38827"
clientAddress: "localhost:42865"
adminAddress: "localhost:36791"
startupRole: FOLLOWER
, old:), (t:2, i:1), STATEMACHINELOGENTRY, 0@client-2EFB324ADA71, (t:2, i:2), METADATAENTRY(c:1), (t:2, i:3), STATEMACHINELOGENTRY, 999@client-AE8279CAF820, (t:2, i:4), METADATAENTRY(c:3)]
2022-11-08 19:12:10,513 [s2-server-thread2] INFO  server.RaftServer$Division (RaftServerImpl.java:checkInconsistentAppendEntries(1592)) - s2@group-EA982605F2E5: Failed appendEntries as the first entry (index 0) already exists (snapshotIndex: -1, commitIndex: 0)
2022-11-08 19:12:10,513 [s2-server-thread2] INFO  server.RaftServer$Division (RaftServerImpl.java:checkInconsistentAppendEntries(1572)) - s2@group-EA982605F2E5: inconsistency entries. Reply:s1<-s2#2259:FAIL-t2,INCONSISTENCY,nextIndex=1,followerCommit=0,matchIndex=-1
2022-11-08 19:12:10,514 [grpc-default-executor-0] INFO  leader.FollowerInfo (FollowerInfoImpl.java:lambda$new$0(48)) - s1@group-EA982605F2E5->s2: nextIndex: updateUnconditionally 5 -> 1
2022-11-08 19:12:10,514 [s2-server-thread2] DEBUG server.RaftServer$Division (RaftServerImpl.java:logAppendEntries(1421)) - s2@group-EA982605F2E5: receive appendEntries(s1, 2, (t:2, i:0), 4, true, commits:[s1:c4, s0:c4, s2:c0], cId:2260, entries: [(t:2, i:1), STATEMACHINELOGENTRY, 0@client-2EFB324ADA71, (t:2, i:2), METADATAENTRY(c:1), (t:2, i:3), STATEMACHINELOGENTRY, 999@client-AE8279CAF820, (t:2, i:4), METADATAENTRY(c:3)]
2022-11-08 19:12:10,514 [s2-server-thread2] INFO  server.RaftServer$Division (RaftServerImpl.java:checkInconsistentAppendEntries(1602)) - s2@group-EA982605F2E5: Failed appendEntries as previous log entry ((t:2, i:0)) is not found
2022-11-08 19:12:10,514 [s2-server-thread2] INFO  server.RaftServer$Division (RaftServerImpl.java:checkInconsistentAppendEntries(1572)) - s2@group-EA982605F2E5: inconsistency entries. Reply:s1<-s2#2260:FAIL-t2,INCONSISTENCY,nextIndex=0,followerCommit=0,matchIndex=-1
2022-11-08 19:12:10,515 [grpc-default-executor-0] INFO  leader.FollowerInfo (FollowerInfoImpl.java:lambda$new$0(48)) - s1@group-EA982605F2E5->s2: nextIndex: updateUnconditionally 5 -> 0
2022-11-08 19:12:10,515 [s2-server-thread2] DEBUG server.RaftServer$Division (RaftServerImpl.java:logAppendEntries(1421)) - s2@group-EA982605F2E5: receive appendEntries(s1, 2, null, 4, true, commits:[s1:c4, s0:c4, s2:c0], cId:2261, entries: [(t:2, i:0), CONFIGURATIONENTRY(current:id: "s0"
address: "localhost:34297"
dataStreamAddress: "localhost:43983"
clientAddress: "localhost:39609"
adminAddress: "localhost:37077"
startupRole: FOLLOWER
,id: "s1"
address: "localhost:38917"
dataStreamAddress: "localhost:45719"
clientAddress: "localhost:36975"
adminAddress: "localhost:40635"
startupRole: FOLLOWER
,id: "s2"
address: "localhost:35511"
dataStreamAddress: "localhost:38827"
clientAddress: "localhost:42865"
adminAddress: "localhost:36791"
startupRole: FOLLOWER
, old:), (t:2, i:1), STATEMACHINELOGENTRY, 0@client-2EFB324ADA71, (t:2, i:2), METADATAENTRY(c:1), (t:2, i:3), STATEMACHINELOGENTRY, 999@client-AE8279CAF820, (t:2, i:4), METADATAENTRY(c:3)]
2022-11-08 19:12:10,516 [s2-server-thread2] INFO  server.RaftServer$Division (RaftServerImpl.java:checkInconsistentAppendEntries(1592)) - s2@group-EA982605F2E5: Failed appendEntries as the first entry (index 0) already exists (snapshotIndex: -1, commitIndex: 0)
2022-11-08 19:12:10,516 [s2-server-thread2] INFO  server.RaftServer$Division (RaftServerImpl.java:checkInconsistentAppendEntries(1572)) - s2@group-EA982605F2E5: inconsistency entries. Reply:s1<-s2#2261:FAIL-t2,INCONSISTENCY,nextIndex=1,followerCommit=0,matchIndex=-1
2022-11-08 19:12:10,516 [grpc-default-executor-0] INFO  leader.FollowerInfo (FollowerInfoImpl.java:lambda$new$0(48)) - s1@group-EA982605F2E5->s2: nextIndex: updateUnconditionally 5 -> 1
2022-11-08 19:12:10,517 [s2-server-thread2] DEBUG server.RaftServer$Division (RaftServerImpl.java:logAppendEntries(1421)) - s2@group-EA982605F2E5: receive appendEntries(s1, 2, (t:2, i:0), 4, true, commits:[s1:c4, s0:c4, s2:c0], cId:2262, entries: [(t:2, i:1), STATEMACHINELOGENTRY, 0@client-2EFB324ADA71, (t:2, i:2), METADATAENTRY(c:1), (t:2, i:3), STATEMACHINELOGENTRY, 999@client-AE8279CAF820, (t:2, i:4), METADATAENTRY(c:3)]
2022-11-08 19:12:10,517 [s2-server-thread2] INFO  server.RaftServer$Division (RaftServerImpl.java:checkInconsistentAppendEntries(1602)) - s2@group-EA982605F2E5: Failed appendEntries as previous log entry ((t:2, i:0)) is not found
2022-11-08 19:12:10,517 [s2-server-thread2] INFO  server.RaftServer$Division (RaftServerImpl.java:checkInconsistentAppendEntries(1572)) - s2@group-EA982605F2E5: inconsistency entries. Reply:s1<-s2#2262:FAIL-t2,INCONSISTENCY,nextIndex=0,followerCommit=0,matchIndex=-1
2022-11-08 19:12:10,517 [grpc-default-executor-0] INFO  leader.FollowerInfo (FollowerInfoImpl.java:lambda$new$0(48)) - s1@group-EA982605F2E5->s2: nextIndex: updateUnconditionally 5 -> 0
2022-11-08 19:12:10,518 [s2-server-thread2] DEBUG server.RaftServer$Division (RaftServerImpl.java:logAppendEntries(1421)) - s2@group-EA982605F2E5: receive appendEntries(s1, 2, null, 4, true, commits:[s1:c4, s0:c4, s2:c0], cId:2263, entries: [(t:2, i:0), CONFIGURATIONENTRY(current:id: "s0"
address: "localhost:34297"
dataStreamAddress: "localhost:43983"
clientAddress: "localhost:39609"
adminAddress: "localhost:37077"
startupRole: FOLLOWER
,id: "s1"
address: "localhost:38917"
dataStreamAddress: "localhost:45719"
clientAddress: "localhost:36975"
adminAddress: "localhost:40635"
startupRole: FOLLOWER
,id: "s2"
address: "localhost:35511"
dataStreamAddress: "localhost:38827"
clientAddress: "localhost:42865"
adminAddress: "localhost:36791"
startupRole: FOLLOWER
, old:), (t:2, i:1), STATEMACHINELOGENTRY, 0@client-2EFB324ADA71, (t:2, i:2), METADATAENTRY(c:1), (t:2, i:3), STATEMACHINELOGENTRY, 999@client-AE8279CAF820, (t:2, i:4), METADATAENTRY(c:3)]
2022-11-08 19:12:10,518 [s2-server-thread2] INFO  server.RaftServer$Division (RaftServerImpl.java:checkInconsistentAppendEntries(1592)) - s2@group-EA982605F2E5: Failed appendEntries as the first entry (index 0) already exists (snapshotIndex: -1, commitIndex: 0)
2022-11-08 19:12:10,518 [s2-server-thread2] INFO  server.RaftServer$Division (RaftServerImpl.java:checkInconsistentAppendEntries(1572)) - s2@group-EA982605F2E5: inconsistency entries. Reply:s1<-s2#2263:FAIL-t2,INCONSISTENCY,nextIndex=1,followerCommit=0,matchIndex=-1
2022-11-08 19:12:10,518 [grpc-default-executor-0] INFO  leader.FollowerInfo (FollowerInfoImpl.java:lambda$new$0(48)) - s1@group-EA982605F2E5->s2: nextIndex: updateUnconditionally 5 -> 1
2022-11-08 19:12:10,519 [s2-server-thread2] DEBUG server.RaftServer$Division (RaftServerImpl.java:logAppendEntries(1421)) - s2@group-EA982605F2E5: receive appendEntries(s1, 2, (t:2, i:0), 4, true, commits:[s1:c4, s0:c4, s2:c0], cId:2264, entries: [(t:2, i:1), STATEMACHINELOGENTRY, 0@client-2EFB324ADA71, (t:2, i:2), METADATAENTRY(c:1), (t:2, i:3), STATEMACHINELOGENTRY, 999@client-AE8279CAF820, (t:2, i:4), METADATAENTRY(c:3)]
2022-11-08 19:12:10,519 [s2-server-thread2] INFO  server.RaftServer$Division (RaftServerImpl.java:checkInconsistentAppendEntries(1602)) - s2@group-EA982605F2E5: Failed appendEntries as previous log entry ((t:2, i:0)) is not found
2022-11-08 19:12:10,519 [s2-server-thread2] INFO  server.RaftServer$Division (RaftServerImpl.java:checkInconsistentAppendEntries(1572)) - s2@group-EA982605F2E5: inconsistency entries. Reply:s1<-s2#2264:FAIL-t2,INCONSISTENCY,nextIndex=0,followerCommit=0,matchIndex=-1
2022-11-08 19:12:10,519 [grpc-default-executor-0] INFO  leader.FollowerInfo (FollowerInfoImpl.java:lambda$new$0(48)) - s1@group-EA982605F2E5->s2: nextIndex: updateUnconditionally 5 -> 0
2022-11-08 19:12:10,520 [s2-server-thread2] DEBUG server.RaftServer$Division (RaftServerImpl.java:logAppendEntries(1421)) - s2@group-EA982605F2E5: receive appendEntries(s1, 2, null, 4, true, commits:[s1:c4, s0:c4, s2:c0], cId:2265, entries: [(t:2, i:0), CONFIGURATIONENTRY(current:id: "s0"
address: "localhost:34297"
dataStreamAddress: "localhost:43983"
clientAddress: "localhost:39609"
adminAddress: "localhost:37077"
startupRole: FOLLOWER
,id: "s1"
address: "localhost:38917"
dataStreamAddress: "localhost:45719"
clientAddress: "localhost:36975"
adminAddress: "localhost:40635"
startupRole: FOLLOWER
,id: "s2"
address: "localhost:35511"
dataStreamAddress: "localhost:38827"
clientAddress: "localhost:42865"
adminAddress: "localhost:36791"
startupRole: FOLLOWER
, old:), (t:2, i:1), STATEMACHINELOGENTRY, 0@client-2EFB324ADA71, (t:2, i:2), METADATAENTRY(c:1), (t:2, i:3), STATEMACHINELOGENTRY, 999@client-AE8279CAF820, (t:2, i:4), METADATAENTRY(c:3)]
2022-11-08 19:12:10,520 [s2-server-thread2] INFO  server.RaftServer$Division (RaftServerImpl.java:checkInconsistentAppendEntries(1592)) - s2@group-EA982605F2E5: Failed appendEntries as the first entry (index 0) already exists (snapshotIndex: -1, commitIndex: 0)
2022-11-08 19:12:10,520 [s2-server-thread2] INFO  server.RaftServer$Division (RaftServerImpl.java:checkInconsistentAppendEntries(1572)) - s2@group-EA982605F2E5: inconsistency entries. Reply:s1<-s2#2265:FAIL-t2,INCONSISTENCY,nextIndex=1,followerCommit=0,matchIndex=-1
2022-11-08 19:12:10,521 [grpc-default-executor-0] INFO  leader.FollowerInfo (FollowerInfoImpl.java:lambda$new$0(48)) - s1@group-EA982605F2E5->s2: nextIndex: updateUnconditionally 5 -> 1
2022-11-08 19:12:10,521 [s2-server-thread2] DEBUG server.RaftServer$Division (RaftServerImpl.java:logAppendEntries(1421)) - s2@group-EA982605F2E5: receive appendEntries(s1, 2, (t:2, i:0), 4, true, commits:[s1:c4, s0:c4, s2:c0], cId:2266, entries: [(t:2, i:1), STATEMACHINELOGENTRY, 0@client-2EFB324ADA71, (t:2, i:2), METADATAENTRY(c:1), (t:2, i:3), STATEMACHINELOGENTRY, 999@client-AE8279CAF820, (t:2, i:4), METADATAENTRY(c:3)]
2022-11-08 19:12:10,521 [s2-server-thread2] INFO  server.RaftServer$Division (RaftServerImpl.java:checkInconsistentAppendEntries(1602)) - s2@group-EA982605F2E5: Failed appendEntries as previous log entry ((t:2, i:0)) is not found
2022-11-08 19:12:10,521 [s2-server-thread2] INFO  server.RaftServer$Division (RaftServerImpl.java:checkInconsistentAppendEntries(1572)) - s2@group-EA982605F2E5: inconsistency entries. Reply:s1<-s2#2266:FAIL-t2,INCONSISTENCY,nextIndex=0,followerCommit=0,matchIndex=-1
2022-11-08 19:12:10,522 [grpc-default-executor-0] INFO  leader.FollowerInfo (FollowerInfoImpl.java:lambda$new$0(48)) - s1@group-EA982605F2E5->s2: nextIndex: updateUnconditionally 5 -> 0
2022-11-08 19:12:10,522 [s2-server-thread2] DEBUG server.RaftServer$Division (RaftServerImpl.java:logAppendEntries(1421)) - s2@group-EA982605F2E5: receive appendEntries(s1, 2, null, 4, true, commits:[s1:c4, s0:c4, s2:c0], cId:2267, entries: [(t:2, i:0), CONFIGURATIONENTRY(current:id: "s0"
address: "localhost:34297"
dataStreamAddress: "localhost:43983"
clientAddress: "localhost:39609"
adminAddress: "localhost:37077"
startupRole: FOLLOWER
,id: "s1"
address: "localhost:38917"
dataStreamAddress: "localhost:45719"
clientAddress: "localhost:36975"
adminAddress: "localhost:40635"
startupRole: FOLLOWER
,id: "s2"
address: "localhost:35511"
dataStreamAddress: "localhost:38827"
clientAddress: "localhost:42865"
adminAddress: "localhost:36791"
startupRole: FOLLOWER
, old:), (t:2, i:1), STATEMACHINELOGENTRY, 0@client-2EFB324ADA71, (t:2, i:2), METADATAENTRY(c:1), (t:2, i:3), STATEMACHINELOGENTRY, 999@client-AE8279CAF820, (t:2, i:4), METADATAENTRY(c:3)]
2022-11-08 19:12:10,523 [s2-server-thread2] INFO  server.RaftServer$Division (RaftServerImpl.java:checkInconsistentAppendEntries(1592)) - s2@group-EA982605F2E5: Failed appendEntries as the first entry (index 0) already exists (snapshotIndex: -1, commitIndex: 0)
2022-11-08 19:12:10,523 [s2-server-thread2] INFO  server.RaftServer$Division (RaftServerImpl.java:checkInconsistentAppendEntries(1572)) - s2@group-EA982605F2E5: inconsistency entries. Reply:s1<-s2#2267:FAIL-t2,INCONSISTENCY,nextIndex=1,followerCommit=0,matchIndex=-1
2022-11-08 19:12:10,523 [grpc-default-executor-0] INFO  leader.FollowerInfo (FollowerInfoImpl.java:lambda$new$0(48)) - s1@group-EA982605F2E5->s2: nextIndex: updateUnconditionally 5 -> 1
2022-11-08 19:12:10,524 [s2-server-thread2] DEBUG server.RaftServer$Division (RaftServerImpl.java:logAppendEntries(1421)) - s2@group-EA982605F2E5: receive appendEntries(s1, 2, (t:2, i:0), 4, true, commits:[s1:c4, s0:c4, s2:c0], cId:2268, entries: [(t:2, i:1), STATEMACHINELOGENTRY, 0@client-2EFB324ADA71, (t:2, i:2), METADATAENTRY(c:1), (t:2, i:3), STATEMACHINELOGENTRY, 999@client-AE8279CAF820, (t:2, i:4), METADATAENTRY(c:3)]
2022-11-08 19:12:10,524 [s2-server-thread2] INFO  server.RaftServer$Division (RaftServerImpl.java:checkInconsistentAppendEntries(1602)) - s2@group-EA982605F2E5: Failed appendEntries as previous log entry ((t:2, i:0)) is not found
2022-11-08 19:12:10,524 [s2-server-thread2] INFO  server.RaftServer$Division (RaftServerImpl.java:checkInconsistentAppendEntries(1572)) - s2@group-EA982605F2E5: inconsistency entries. Reply:s1<-s2#2268:FAIL-t2,INCONSISTENCY,nextIndex=0,followerCommit=0,matchIndex=-1
2022-11-08 19:12:10,524 [grpc-default-executor-0] INFO  leader.FollowerInfo (FollowerInfoImpl.java:lambda$new$0(48)) - s1@group-EA982605F2E5->s2: nextIndex: updateUnconditionally 5 -> 0
2022-11-08 19:12:10,525 [s2-server-thread2] DEBUG server.RaftServer$Division (RaftServerImpl.java:logAppendEntries(1421)) - s2@group-EA982605F2E5: receive appendEntries(s1, 2, null, 4, true, commits:[s1:c4, s0:c4, s2:c0], cId:2269, entries: [(t:2, i:0), CONFIGURATIONENTRY(current:id: "s0"
address: "localhost:34297"
dataStreamAddress: "localhost:43983"
clientAddress: "localhost:39609"
adminAddress: "localhost:37077"
startupRole: FOLLOWER
,id: "s1"
address: "localhost:38917"
dataStreamAddress: "localhost:45719"
clientAddress: "localhost:36975"
adminAddress: "localhost:40635"
startupRole: FOLLOWER
,id: "s2"
address: "localhost:35511"
dataStreamAddress: "localhost:38827"
clientAddress: "localhost:42865"
adminAddress: "localhost:36791"
startupRole: FOLLOWER
, old:), (t:2, i:1), STATEMACHINELOGENTRY, 0@client-2EFB324ADA71, (t:2, i:2), METADATAENTRY(c:1), (t:2, i:3), STATEMACHINELOGENTRY, 999@client-AE8279CAF820, (t:2, i:4), METADATAENTRY(c:3)]
2022-11-08 19:12:10,525 [s2-server-thread2] INFO  server.RaftServer$Division (RaftServerImpl.java:checkInconsistentAppendEntries(1592)) - s2@group-EA982605F2E5: Failed appendEntries as the first entry (index 0) already exists (snapshotIndex: -1, commitIndex: 0)
2022-11-08 19:12:10,525 [s2-server-thread2] INFO  server.RaftServer$Division (RaftServerImpl.java:checkInconsistentAppendEntries(1572)) - s2@group-EA982605F2E5: inconsistency entries. Reply:s1<-s2#2269:FAIL-t2,INCONSISTENCY,nextIndex=1,followerCommit=0,matchIndex=-1
2022-11-08 19:12:10,525 [grpc-default-executor-0] INFO  leader.FollowerInfo (FollowerInfoImpl.java:lambda$new$0(48)) - s1@group-EA982605F2E5->s2: nextIndex: updateUnconditionally 5 -> 1
2022-11-08 19:12:10,526 [s2-server-thread2] DEBUG server.RaftServer$Division (RaftServerImpl.java:logAppendEntries(1421)) - s2@group-EA982605F2E5: receive appendEntries(s1, 2, (t:2, i:0), 4, true, commits:[s1:c4, s0:c4, s2:c0], cId:2270, entries: [(t:2, i:1), STATEMACHINELOGENTRY, 0@client-2EFB324ADA71, (t:2, i:2), METADATAENTRY(c:1), (t:2, i:3), STATEMACHINELOGENTRY, 999@client-AE8279CAF820, (t:2, i:4), METADATAENTRY(c:3)]
2022-11-08 19:12:10,526 [s2-server-thread2] INFO  server.RaftServer$Division (RaftServerImpl.java:checkInconsistentAppendEntries(1602)) - s2@group-EA982605F2E5: Failed appendEntries as previous log entry ((t:2, i:0)) is not found
2022-11-08 19:12:10,526 [s2-server-thread2] INFO  server.RaftServer$Division (RaftServerImpl.java:checkInconsistentAppendEntries(1572)) - s2@group-EA982605F2E5: inconsistency entries. Reply:s1<-s2#2270:FAIL-t2,INCONSISTENCY,nextIndex=0,followerCommit=0,matchIndex=-1
2022-11-08 19:12:10,526 [grpc-default-executor-0] INFO  leader.FollowerInfo (FollowerInfoImpl.java:lambda$new$0(48)) - s1@group-EA982605F2E5->s2: nextIndex: updateUnconditionally 5 -> 0
2022-11-08 19:12:10,527 [s2-server-thread2] DEBUG server.RaftServer$Division (RaftServerImpl.java:logAppendEntries(1421)) - s2@group-EA982605F2E5: receive appendEntries(s1, 2, null, 4, true, commits:[s1:c4, s0:c4, s2:c0], cId:2271, entries: [(t:2, i:0), CONFIGURATIONENTRY(current:id: "s0"
address: "localhost:34297"
dataStreamAddress: "localhost:43983"
clientAddress: "localhost:39609"
adminAddress: "localhost:37077"
startupRole: FOLLOWER
,id: "s1"
address: "localhost:38917"
dataStreamAddress: "localhost:45719"
clientAddress: "localhost:36975"
adminAddress: "localhost:40635"
startupRole: FOLLOWER
,id: "s2"
address: "localhost:35511"
dataStreamAddress: "localhost:38827"
clientAddress: "localhost:42865"
adminAddress: "localhost:36791"
startupRole: FOLLOWER
, old:), (t:2, i:1), STATEMACHINELOGENTRY, 0@client-2EFB324ADA71, (t:2, i:2), METADATAENTRY(c:1), (t:2, i:3), STATEMACHINELOGENTRY, 999@client-AE8279CAF820, (t:2, i:4), METADATAENTRY(c:3)]
2022-11-08 19:12:10,527 [s2-server-thread2] INFO  server.RaftServer$Division (RaftServerImpl.java:checkInconsistentAppendEntries(1592)) - s2@group-EA982605F2E5: Failed appendEntries as the first entry (index 0) already exists (snapshotIndex: -1, commitIndex: 0)
2022-11-08 19:12:10,527 [s2-server-thread2] INFO  server.RaftServer$Division (RaftServerImpl.java:checkInconsistentAppendEntries(1572)) - s2@group-EA982605F2E5: inconsistency entries. Reply:s1<-s2#2271:FAIL-t2,INCONSISTENCY,nextIndex=1,followerCommit=0,matchIndex=-1
2022-11-08 19:12:10,527 [grpc-default-executor-0] INFO  leader.FollowerInfo (FollowerInfoImpl.java:lambda$new$0(48)) - s1@group-EA982605F2E5->s2: nextIndex: updateUnconditionally 5 -> 1
2022-11-08 19:12:10,528 [s2-server-thread2] DEBUG server.RaftServer$Division (RaftServerImpl.java:logAppendEntries(1421)) - s2@group-EA982605F2E5: receive appendEntries(s1, 2, (t:2, i:0), 4, true, commits:[s1:c4, s0:c4, s2:c0], cId:2272, entries: [(t:2, i:1), STATEMACHINELOGENTRY, 0@client-2EFB324ADA71, (t:2, i:2), METADATAENTRY(c:1), (t:2, i:3), STATEMACHINELOGENTRY, 999@client-AE8279CAF820, (t:2, i:4), METADATAENTRY(c:3)]
2022-11-08 19:12:10,528 [s2-server-thread2] INFO  server.RaftServer$Division (RaftServerImpl.java:checkInconsistentAppendEntries(1602)) - s2@group-EA982605F2E5: Failed appendEntries as previous log entry ((t:2, i:0)) is not found
2022-11-08 19:12:10,528 [s2-server-thread2] INFO  server.RaftServer$Division (RaftServerImpl.java:checkInconsistentAppendEntries(1572)) - s2@group-EA982605F2E5: inconsistency entries. Reply:s1<-s2#2272:FAIL-t2,INCONSISTENCY,nextIndex=0,followerCommit=0,matchIndex=-1
2022-11-08 19:12:10,529 [grpc-default-executor-0] INFO  leader.FollowerInfo (FollowerInfoImpl.java:lambda$new$0(48)) - s1@group-EA982605F2E5->s2: nextIndex: updateUnconditionally 5 -> 0
2022-11-08 19:12:10,529 [s2-server-thread2] DEBUG server.RaftServer$Division (RaftServerImpl.java:logAppendEntries(1421)) - s2@group-EA982605F2E5: receive appendEntries(s1, 2, null, 4, true, commits:[s1:c4, s0:c4, s2:c0], cId:2273, entries: [(t:2, i:0), CONFIGURATIONENTRY(current:id: "s0"
address: "localhost:34297"
dataStreamAddress: "localhost:43983"
clientAddress: "localhost:39609"
adminAddress: "localhost:37077"
startupRole: FOLLOWER
,id: "s1"
address: "localhost:38917"
dataStreamAddress: "localhost:45719"
clientAddress: "localhost:36975"
adminAddress: "localhost:40635"
startupRole: FOLLOWER
,id: "s2"
address: "localhost:35511"
dataStreamAddress: "localhost:38827"
clientAddress: "localhost:42865"
adminAddress: "localhost:36791"
startupRole: FOLLOWER
, old:), (t:2, i:1), STATEMACHINELOGENTRY, 0@client-2EFB324ADA71, (t:2, i:2), METADATAENTRY(c:1), (t:2, i:3), STATEMACHINELOGENTRY, 999@client-AE8279CAF820, (t:2, i:4), METADATAENTRY(c:3)]
2022-11-08 19:12:10,529 [s2-server-thread2] INFO  server.RaftServer$Division (RaftServerImpl.java:checkInconsistentAppendEntries(1592)) - s2@group-EA982605F2E5: Failed appendEntries as the first entry (index 0) already exists (snapshotIndex: -1, commitIndex: 0)
2022-11-08 19:12:10,529 [s2-server-thread2] INFO  server.RaftServer$Division (RaftServerImpl.java:checkInconsistentAppendEntries(1572)) - s2@group-EA982605F2E5: inconsistency entries. Reply:s1<-s2#2273:FAIL-t2,INCONSISTENCY,nextIndex=1,followerCommit=0,matchIndex=-1
2022-11-08 19:12:10,530 [grpc-default-executor-0] INFO  leader.FollowerInfo (FollowerInfoImpl.java:lambda$new$0(48)) - s1@group-EA982605F2E5->s2: nextIndex: updateUnconditionally 5 -> 1
2022-11-08 19:12:10,530 [s2-server-thread2] DEBUG server.RaftServer$Division (RaftServerImpl.java:logAppendEntries(1421)) - s2@group-EA982605F2E5: receive appendEntries(s1, 2, (t:2, i:0), 4, true, commits:[s1:c4, s0:c4, s2:c0], cId:2274, entries: [(t:2, i:1), STATEMACHINELOGENTRY, 0@client-2EFB324ADA71, (t:2, i:2), METADATAENTRY(c:1), (t:2, i:3), STATEMACHINELOGENTRY, 999@client-AE8279CAF820, (t:2, i:4), METADATAENTRY(c:3)]
2022-11-08 19:12:10,531 [s2-server-thread2] INFO  server.RaftServer$Division (RaftServerImpl.java:checkInconsistentAppendEntries(1602)) - s2@group-EA982605F2E5: Failed appendEntries as previous log entry ((t:2, i:0)) is not found
2022-11-08 19:12:10,531 [s2-server-thread2] INFO  server.RaftServer$Division (RaftServerImpl.java:checkInconsistentAppendEntries(1572)) - s2@group-EA982605F2E5: inconsistency entries. Reply:s1<-s2#2274:FAIL-t2,INCONSISTENCY,nextIndex=0,followerCommit=0,matchIndex=-1
2022-11-08 19:12:10,531 [grpc-default-executor-0] INFO  leader.FollowerInfo (FollowerInfoImpl.java:lambda$new$0(48)) - s1@group-EA982605F2E5->s2: nextIndex: updateUnconditionally 5 -> 0
2022-11-08 19:12:10,531 [s2-server-thread2] DEBUG server.RaftServer$Division (RaftServerImpl.java:logAppendEntries(1421)) - s2@group-EA982605F2E5: receive appendEntries(s1, 2, null, 4, true, commits:[s1:c4, s0:c4, s2:c0], cId:2275, entries: [(t:2, i:0), CONFIGURATIONENTRY(current:id: "s0"
address: "localhost:34297"
dataStreamAddress: "localhost:43983"
clientAddress: "localhost:39609"
adminAddress: "localhost:37077"
startupRole: FOLLOWER
,id: "s1"
address: "localhost:38917"
dataStreamAddress: "localhost:45719"
clientAddress: "localhost:36975"
adminAddress: "localhost:40635"
startupRole: FOLLOWER
,id: "s2"
address: "localhost:35511"
dataStreamAddress: "localhost:38827"
clientAddress: "localhost:42865"
adminAddress: "localhost:36791"
startupRole: FOLLOWER
, old:), (t:2, i:1), STATEMACHINELOGENTRY, 0@client-2EFB324ADA71, (t:2, i:2), METADATAENTRY(c:1), (t:2, i:3), STATEMACHINELOGENTRY, 999@client-AE8279CAF820, (t:2, i:4), METADATAENTRY(c:3)]
2022-11-08 19:12:10,532 [s2-server-thread2] INFO  server.RaftServer$Division (RaftServerImpl.java:checkInconsistentAppendEntries(1592)) - s2@group-EA982605F2E5: Failed appendEntries as the first entry (index 0) already exists (snapshotIndex: -1, commitIndex: 0)
2022-11-08 19:12:10,532 [s2-server-thread2] INFO  server.RaftServer$Division (RaftServerImpl.java:checkInconsistentAppendEntries(1572)) - s2@group-EA982605F2E5: inconsistency entries. Reply:s1<-s2#2275:FAIL-t2,INCONSISTENCY,nextIndex=1,followerCommit=0,matchIndex=-1
2022-11-08 19:12:10,532 [grpc-default-executor-0] INFO  leader.FollowerInfo (FollowerInfoImpl.java:lambda$new$0(48)) - s1@group-EA982605F2E5->s2: nextIndex: updateUnconditionally 5 -> 1
2022-11-08 19:12:10,533 [s2-server-thread2] DEBUG server.RaftServer$Division (RaftServerImpl.java:logAppendEntries(1421)) - s2@group-EA982605F2E5: receive appendEntries(s1, 2, (t:2, i:0), 4, true, commits:[s1:c4, s0:c4, s2:c0], cId:2276, entries: [(t:2, i:1), STATEMACHINELOGENTRY, 0@client-2EFB324ADA71, (t:2, i:2), METADATAENTRY(c:1), (t:2, i:3), STATEMACHINELOGENTRY, 999@client-AE8279CAF820, (t:2, i:4), METADATAENTRY(c:3)]
2022-11-08 19:12:10,533 [s2-server-thread2] INFO  server.RaftServer$Division (RaftServerImpl.java:checkInconsistentAppendEntries(1602)) - s2@group-EA982605F2E5: Failed appendEntries as previous log entry ((t:2, i:0)) is not found
2022-11-08 19:12:10,533 [s2-server-thread2] INFO  server.RaftServer$Division (RaftServerImpl.java:checkInconsistentAppendEntries(1572)) - s2@group-EA982605F2E5: inconsistency entries. Reply:s1<-s2#2276:FAIL-t2,INCONSISTENCY,nextIndex=0,followerCommit=0,matchIndex=-1
2022-11-08 19:12:10,533 [grpc-default-executor-0] INFO  leader.FollowerInfo (FollowerInfoImpl.java:lambda$new$0(48)) - s1@group-EA982605F2E5->s2: nextIndex: updateUnconditionally 5 -> 0
2022-11-08 19:12:10,534 [s2-server-thread2] DEBUG server.RaftServer$Division (RaftServerImpl.java:logAppendEntries(1421)) - s2@group-EA982605F2E5: receive appendEntries(s1, 2, null, 4, true, commits:[s1:c4, s0:c4, s2:c0], cId:2277, entries: [(t:2, i:0), CONFIGURATIONENTRY(current:id: "s0"
address: "localhost:34297"
dataStreamAddress: "localhost:43983"
clientAddress: "localhost:39609"
adminAddress: "localhost:37077"
startupRole: FOLLOWER
,id: "s1"
address: "localhost:38917"
dataStreamAddress: "localhost:45719"
clientAddress: "localhost:36975"
adminAddress: "localhost:40635"
startupRole: FOLLOWER
,id: "s2"
address: "localhost:35511"
dataStreamAddress: "localhost:38827"
clientAddress: "localhost:42865"
adminAddress: "localhost:36791"
startupRole: FOLLOWER
, old:), (t:2, i:1), STATEMACHINELOGENTRY, 0@client-2EFB324ADA71, (t:2, i:2), METADATAENTRY(c:1), (t:2, i:3), STATEMACHINELOGENTRY, 999@client-AE8279CAF820, (t:2, i:4), METADATAENTRY(c:3)]
2022-11-08 19:12:10,534 [s2-server-thread2] INFO  server.RaftServer$Division (RaftServerImpl.java:checkInconsistentAppendEntries(1592)) - s2@group-EA982605F2E5: Failed appendEntries as the first entry (index 0) already exists (snapshotIndex: -1, commitIndex: 0)
2022-11-08 19:12:10,534 [s2-server-thread2] INFO  server.RaftServer$Division (RaftServerImpl.java:checkInconsistentAppendEntries(1572)) - s2@group-EA982605F2E5: inconsistency entries. Reply:s1<-s2#2277:FAIL-t2,INCONSISTENCY,nextIndex=1,followerCommit=0,matchIndex=-1
2022-11-08 19:12:10,534 [grpc-default-executor-0] INFO  leader.FollowerInfo (FollowerInfoImpl.java:lambda$new$0(48)) - s1@group-EA982605F2E5->s2: nextIndex: updateUnconditionally 5 -> 1
2022-11-08 19:12:10,535 [s2-server-thread2] DEBUG server.RaftServer$Division (RaftServerImpl.java:logAppendEntries(1421)) - s2@group-EA982605F2E5: receive appendEntries(s1, 2, (t:2, i:0), 4, true, commits:[s1:c4, s0:c4, s2:c0], cId:2278, entries: [(t:2, i:1), STATEMACHINELOGENTRY, 0@client-2EFB324ADA71, (t:2, i:2), METADATAENTRY(c:1), (t:2, i:3), STATEMACHINELOGENTRY, 999@client-AE8279CAF820, (t:2, i:4), METADATAENTRY(c:3)]
2022-11-08 19:12:10,535 [s2-server-thread2] INFO  server.RaftServer$Division (RaftServerImpl.java:checkInconsistentAppendEntries(1602)) - s2@group-EA982605F2E5: Failed appendEntries as previous log entry ((t:2, i:0)) is not found
2022-11-08 19:12:10,535 [s2-server-thread2] INFO  server.RaftServer$Division (RaftServerImpl.java:checkInconsistentAppendEntries(1572)) - s2@group-EA982605F2E5: inconsistency entries. Reply:s1<-s2#2278:FAIL-t2,INCONSISTENCY,nextIndex=0,followerCommit=0,matchIndex=-1
2022-11-08 19:12:10,536 [grpc-default-executor-0] INFO  leader.FollowerInfo (FollowerInfoImpl.java:lambda$new$0(48)) - s1@group-EA982605F2E5->s2: nextIndex: updateUnconditionally 5 -> 0
2022-11-08 19:12:10,536 [s2-server-thread2] DEBUG server.RaftServer$Division (RaftServerImpl.java:logAppendEntries(1421)) - s2@group-EA982605F2E5: receive appendEntries(s1, 2, null, 4, true, commits:[s1:c4, s0:c4, s2:c0], cId:2279, entries: [(t:2, i:0), CONFIGURATIONENTRY(current:id: "s0"
address: "localhost:34297"
dataStreamAddress: "localhost:43983"
clientAddress: "localhost:39609"
adminAddress: "localhost:37077"
startupRole: FOLLOWER
,id: "s1"
address: "localhost:38917"
dataStreamAddress: "localhost:45719"
clientAddress: "localhost:36975"
adminAddress: "localhost:40635"
startupRole: FOLLOWER
,id: "s2"
address: "localhost:35511"
dataStreamAddress: "localhost:38827"
clientAddress: "localhost:42865"
adminAddress: "localhost:36791"
startupRole: FOLLOWER
, old:), (t:2, i:1), STATEMACHINELOGENTRY, 0@client-2EFB324ADA71, (t:2, i:2), METADATAENTRY(c:1), (t:2, i:3), STATEMACHINELOGENTRY, 999@client-AE8279CAF820, (t:2, i:4), METADATAENTRY(c:3)]
2022-11-08 19:12:10,536 [s2-server-thread2] INFO  server.RaftServer$Division (RaftServerImpl.java:checkInconsistentAppendEntries(1592)) - s2@group-EA982605F2E5: Failed appendEntries as the first entry (index 0) already exists (snapshotIndex: -1, commitIndex: 0)
2022-11-08 19:12:10,536 [s2-server-thread2] INFO  server.RaftServer$Division (RaftServerImpl.java:checkInconsistentAppendEntries(1572)) - s2@group-EA982605F2E5: inconsistency entries. Reply:s1<-s2#2279:FAIL-t2,INCONSISTENCY,nextIndex=1,followerCommit=0,matchIndex=-1
2022-11-08 19:12:10,537 [grpc-default-executor-0] INFO  leader.FollowerInfo (FollowerInfoImpl.java:lambda$new$0(48)) - s1@group-EA982605F2E5->s2: nextIndex: updateUnconditionally 5 -> 1
2022-11-08 19:12:10,537 [s2-server-thread2] DEBUG server.RaftServer$Division (RaftServerImpl.java:logAppendEntries(1421)) - s2@group-EA982605F2E5: receive appendEntries(s1, 2, (t:2, i:0), 4, true, commits:[s1:c4, s0:c4, s2:c0], cId:2280, entries: [(t:2, i:1), STATEMACHINELOGENTRY, 0@client-2EFB324ADA71, (t:2, i:2), METADATAENTRY(c:1), (t:2, i:3), STATEMACHINELOGENTRY, 999@client-AE8279CAF820, (t:2, i:4), METADATAENTRY(c:3)]
2022-11-08 19:12:10,537 [s2-server-thread2] INFO  server.RaftServer$Division (RaftServerImpl.java:checkInconsistentAppendEntries(1602)) - s2@group-EA982605F2E5: Failed appendEntries as previous log entry ((t:2, i:0)) is not found
2022-11-08 19:12:10,537 [s2-server-thread2] INFO  server.RaftServer$Division (RaftServerImpl.java:checkInconsistentAppendEntries(1572)) - s2@group-EA982605F2E5: inconsistency entries. Reply:s1<-s2#2280:FAIL-t2,INCONSISTENCY,nextIndex=0,followerCommit=0,matchIndex=-1
2022-11-08 19:12:10,538 [grpc-default-executor-0] INFO  leader.FollowerInfo (FollowerInfoImpl.java:lambda$new$0(48)) - s1@group-EA982605F2E5->s2: nextIndex: updateUnconditionally 5 -> 0
2022-11-08 19:12:10,538 [s2-server-thread2] DEBUG server.RaftServer$Division (RaftServerImpl.java:logAppendEntries(1421)) - s2@group-EA982605F2E5: receive appendEntries(s1, 2, null, 4, true, commits:[s1:c4, s0:c4, s2:c0], cId:2281, entries: [(t:2, i:0), CONFIGURATIONENTRY(current:id: "s0"
address: "localhost:34297"
dataStreamAddress: "localhost:43983"
clientAddress: "localhost:39609"
adminAddress: "localhost:37077"
startupRole: FOLLOWER
,id: "s1"
address: "localhost:38917"
dataStreamAddress: "localhost:45719"
clientAddress: "localhost:36975"
adminAddress: "localhost:40635"
startupRole: FOLLOWER
,id: "s2"
address: "localhost:35511"
dataStreamAddress: "localhost:38827"
clientAddress: "localhost:42865"
adminAddress: "localhost:36791"
startupRole: FOLLOWER
, old:), (t:2, i:1), STATEMACHINELOGENTRY, 0@client-2EFB324ADA71, (t:2, i:2), METADATAENTRY(c:1), (t:2, i:3), STATEMACHINELOGENTRY, 999@client-AE8279CAF820, (t:2, i:4), METADATAENTRY(c:3)]
2022-11-08 19:12:10,539 [s2-server-thread2] INFO  server.RaftServer$Division (RaftServerImpl.java:checkInconsistentAppendEntries(1592)) - s2@group-EA982605F2E5: Failed appendEntries as the first entry (index 0) already exists (snapshotIndex: -1, commitIndex: 0)
2022-11-08 19:12:10,539 [s2-server-thread2] INFO  server.RaftServer$Division (RaftServerImpl.java:checkInconsistentAppendEntries(1572)) - s2@group-EA982605F2E5: inconsistency entries. Reply:s1<-s2#2281:FAIL-t2,INCONSISTENCY,nextIndex=1,followerCommit=0,matchIndex=-1
2022-11-08 19:12:10,539 [grpc-default-executor-0] INFO  leader.FollowerInfo (FollowerInfoImpl.java:lambda$new$0(48)) - s1@group-EA982605F2E5->s2: nextIndex: updateUnconditionally 5 -> 1
2022-11-08 19:12:10,539 [s2-server-thread2] DEBUG server.RaftServer$Division (RaftServerImpl.java:logAppendEntries(1421)) - s2@group-EA982605F2E5: receive appendEntries(s1, 2, (t:2, i:0), 4, true, commits:[s1:c4, s0:c4, s2:c0], cId:2282, entries: [(t:2, i:1), STATEMACHINELOGENTRY, 0@client-2EFB324ADA71, (t:2, i:2), METADATAENTRY(c:1), (t:2, i:3), STATEMACHINELOGENTRY, 999@client-AE8279CAF820, (t:2, i:4), METADATAENTRY(c:3)]
2022-11-08 19:12:10,540 [s2-server-thread2] INFO  server.RaftServer$Division (RaftServerImpl.java:checkInconsistentAppendEntries(1602)) - s2@group-EA982605F2E5: Failed appendEntries as previous log entry ((t:2, i:0)) is not found
2022-11-08 19:12:10,540 [s2-server-thread2] INFO  server.RaftServer$Division (RaftServerImpl.java:checkInconsistentAppendEntries(1572)) - s2@group-EA982605F2E5: inconsistency entries. Reply:s1<-s2#2282:FAIL-t2,INCONSISTENCY,nextIndex=0,followerCommit=0,matchIndex=-1
2022-11-08 19:12:10,540 [grpc-default-executor-0] INFO  leader.FollowerInfo (FollowerInfoImpl.java:lambda$new$0(48)) - s1@group-EA982605F2E5->s2: nextIndex: updateUnconditionally 5 -> 0
2022-11-08 19:12:10,541 [s2-server-thread2] DEBUG server.RaftServer$Division (RaftServerImpl.java:logAppendEntries(1421)) - s2@group-EA982605F2E5: receive appendEntries(s1, 2, null, 4, true, commits:[s1:c4, s0:c4, s2:c0], cId:2283, entries: [(t:2, i:0), CONFIGURATIONENTRY(current:id: "s0"
address: "localhost:34297"
dataStreamAddress: "localhost:43983"
clientAddress: "localhost:39609"
adminAddress: "localhost:37077"
startupRole: FOLLOWER
,id: "s1"
address: "localhost:38917"
dataStreamAddress: "localhost:45719"
clientAddress: "localhost:36975"
adminAddress: "localhost:40635"
startupRole: FOLLOWER
,id: "s2"
address: "localhost:35511"
dataStreamAddress: "localhost:38827"
clientAddress: "localhost:42865"
adminAddress: "localhost:36791"
startupRole: FOLLOWER
, old:), (t:2, i:1), STATEMACHINELOGENTRY, 0@client-2EFB324ADA71, (t:2, i:2), METADATAENTRY(c:1), (t:2, i:3), STATEMACHINELOGENTRY, 999@client-AE8279CAF820, (t:2, i:4), METADATAENTRY(c:3)]
2022-11-08 19:12:10,541 [s2-server-thread2] INFO  server.RaftServer$Division (RaftServerImpl.java:checkInconsistentAppendEntries(1592)) - s2@group-EA982605F2E5: Failed appendEntries as the first entry (index 0) already exists (snapshotIndex: -1, commitIndex: 0)
2022-11-08 19:12:10,541 [s2-server-thread2] INFO  server.RaftServer$Division (RaftServerImpl.java:checkInconsistentAppendEntries(1572)) - s2@group-EA982605F2E5: inconsistency entries. Reply:s1<-s2#2283:FAIL-t2,INCONSISTENCY,nextIndex=1,followerCommit=0,matchIndex=-1
2022-11-08 19:12:10,541 [grpc-default-executor-0] INFO  leader.FollowerInfo (FollowerInfoImpl.java:lambda$new$0(48)) - s1@group-EA982605F2E5->s2: nextIndex: updateUnconditionally 5 -> 1
2022-11-08 19:12:10,542 [s2-server-thread2] DEBUG server.RaftServer$Division (RaftServerImpl.java:logAppendEntries(1421)) - s2@group-EA982605F2E5: receive appendEntries(s1, 2, (t:2, i:0), 4, true, commits:[s1:c4, s0:c4, s2:c0], cId:2284, entries: [(t:2, i:1), STATEMACHINELOGENTRY, 0@client-2EFB324ADA71, (t:2, i:2), METADATAENTRY(c:1), (t:2, i:3), STATEMACHINELOGENTRY, 999@client-AE8279CAF820, (t:2, i:4), METADATAENTRY(c:3)]
2022-11-08 19:12:10,542 [s2-server-thread2] INFO  server.RaftServer$Division (RaftServerImpl.java:checkInconsistentAppendEntries(1602)) - s2@group-EA982605F2E5: Failed appendEntries as previous log entry ((t:2, i:0)) is not found
2022-11-08 19:12:10,542 [s2-server-thread2] INFO  server.RaftServer$Division (RaftServerImpl.java:checkInconsistentAppendEntries(1572)) - s2@group-EA982605F2E5: inconsistency entries. Reply:s1<-s2#2284:FAIL-t2,INCONSISTENCY,nextIndex=0,followerCommit=0,matchIndex=-1
2022-11-08 19:12:10,542 [grpc-default-executor-0] INFO  leader.FollowerInfo (FollowerInfoImpl.java:lambda$new$0(48)) - s1@group-EA982605F2E5->s2: nextIndex: updateUnconditionally 5 -> 0
2022-11-08 19:12:10,543 [s2-server-thread2] DEBUG server.RaftServer$Division (RaftServerImpl.java:logAppendEntries(1421)) - s2@group-EA982605F2E5: receive appendEntries(s1, 2, null, 4, true, commits:[s1:c4, s0:c4, s2:c0], cId:2285, entries: [(t:2, i:0), CONFIGURATIONENTRY(current:id: "s0"
address: "localhost:34297"
dataStreamAddress: "localhost:43983"
clientAddress: "localhost:39609"
adminAddress: "localhost:37077"
startupRole: FOLLOWER
,id: "s1"
address: "localhost:38917"
dataStreamAddress: "localhost:45719"
clientAddress: "localhost:36975"
adminAddress: "localhost:40635"
startupRole: FOLLOWER
,id: "s2"
address: "localhost:35511"
dataStreamAddress: "localhost:38827"
clientAddress: "localhost:42865"
adminAddress: "localhost:36791"
startupRole: FOLLOWER
, old:), (t:2, i:1), STATEMACHINELOGENTRY, 0@client-2EFB324ADA71, (t:2, i:2), METADATAENTRY(c:1), (t:2, i:3), STATEMACHINELOGENTRY, 999@client-AE8279CAF820, (t:2, i:4), METADATAENTRY(c:3)]
2022-11-08 19:12:10,543 [s2-server-thread2] INFO  server.RaftServer$Division (RaftServerImpl.java:checkInconsistentAppendEntries(1592)) - s2@group-EA982605F2E5: Failed appendEntries as the first entry (index 0) already exists (snapshotIndex: -1, commitIndex: 0)
2022-11-08 19:12:10,543 [s2-server-thread2] INFO  server.RaftServer$Division (RaftServerImpl.java:checkInconsistentAppendEntries(1572)) - s2@group-EA982605F2E5: inconsistency entries. Reply:s1<-s2#2285:FAIL-t2,INCONSISTENCY,nextIndex=1,followerCommit=0,matchIndex=-1
2022-11-08 19:12:10,543 [grpc-default-executor-0] INFO  leader.FollowerInfo (FollowerInfoImpl.java:lambda$new$0(48)) - s1@group-EA982605F2E5->s2: nextIndex: updateUnconditionally 5 -> 1
2022-11-08 19:12:10,544 [s2-server-thread2] DEBUG server.RaftServer$Division (RaftServerImpl.java:logAppendEntries(1421)) - s2@group-EA982605F2E5: receive appendEntries(s1, 2, (t:2, i:0), 4, true, commits:[s1:c4, s0:c4, s2:c0], cId:2286, entries: [(t:2, i:1), STATEMACHINELOGENTRY, 0@client-2EFB324ADA71, (t:2, i:2), METADATAENTRY(c:1), (t:2, i:3), STATEMACHINELOGENTRY, 999@client-AE8279CAF820, (t:2, i:4), METADATAENTRY(c:3)]
2022-11-08 19:12:10,544 [s2-server-thread2] INFO  server.RaftServer$Division (RaftServerImpl.java:checkInconsistentAppendEntries(1602)) - s2@group-EA982605F2E5: Failed appendEntries as previous log entry ((t:2, i:0)) is not found
2022-11-08 19:12:10,544 [s2-server-thread2] INFO  server.RaftServer$Division (RaftServerImpl.java:checkInconsistentAppendEntries(1572)) - s2@group-EA982605F2E5: inconsistency entries. Reply:s1<-s2#2286:FAIL-t2,INCONSISTENCY,nextIndex=0,followerCommit=0,matchIndex=-1
2022-11-08 19:12:10,545 [grpc-default-executor-0] INFO  leader.FollowerInfo (FollowerInfoImpl.java:lambda$new$0(48)) - s1@group-EA982605F2E5->s2: nextIndex: updateUnconditionally 5 -> 0
2022-11-08 19:12:10,545 [s2-server-thread2] DEBUG server.RaftServer$Division (RaftServerImpl.java:logAppendEntries(1421)) - s2@group-EA982605F2E5: receive appendEntries(s1, 2, null, 4, true, commits:[s1:c4, s0:c4, s2:c0], cId:2287, entries: [(t:2, i:0), CONFIGURATIONENTRY(current:id: "s0"
address: "localhost:34297"
dataStreamAddress: "localhost:43983"
clientAddress: "localhost:39609"
adminAddress: "localhost:37077"
startupRole: FOLLOWER
,id: "s1"
address: "localhost:38917"
dataStreamAddress: "localhost:45719"
clientAddress: "localhost:36975"
adminAddress: "localhost:40635"
startupRole: FOLLOWER
,id: "s2"
address: "localhost:35511"
dataStreamAddress: "localhost:38827"
clientAddress: "localhost:42865"
adminAddress: "localhost:36791"
startupRole: FOLLOWER
, old:), (t:2, i:1), STATEMACHINELOGENTRY, 0@client-2EFB324ADA71, (t:2, i:2), METADATAENTRY(c:1), (t:2, i:3), STATEMACHINELOGENTRY, 999@client-AE8279CAF820, (t:2, i:4), METADATAENTRY(c:3)]
2022-11-08 19:12:10,545 [s2-server-thread2] INFO  server.RaftServer$Division (RaftServerImpl.java:checkInconsistentAppendEntries(1592)) - s2@group-EA982605F2E5: Failed appendEntries as the first entry (index 0) already exists (snapshotIndex: -1, commitIndex: 0)
2022-11-08 19:12:10,545 [s2-server-thread2] INFO  server.RaftServer$Division (RaftServerImpl.java:checkInconsistentAppendEntries(1572)) - s2@group-EA982605F2E5: inconsistency entries. Reply:s1<-s2#2287:FAIL-t2,INCONSISTENCY,nextIndex=1,followerCommit=0,matchIndex=-1
2022-11-08 19:12:10,546 [grpc-default-executor-0] INFO  leader.FollowerInfo (FollowerInfoImpl.java:lambda$new$0(48)) - s1@group-EA982605F2E5->s2: nextIndex: updateUnconditionally 5 -> 1
2022-11-08 19:12:10,546 [s2-server-thread2] DEBUG server.RaftServer$Division (RaftServerImpl.java:logAppendEntries(1421)) - s2@group-EA982605F2E5: receive appendEntries(s1, 2, (t:2, i:0), 4, true, commits:[s1:c4, s0:c4, s2:c0], cId:2288, entries: [(t:2, i:1), STATEMACHINELOGENTRY, 0@client-2EFB324ADA71, (t:2, i:2), METADATAENTRY(c:1), (t:2, i:3), STATEMACHINELOGENTRY, 999@client-AE8279CAF820, (t:2, i:4), METADATAENTRY(c:3)]
2022-11-08 19:12:10,547 [s2-server-thread2] INFO  server.RaftServer$Division (RaftServerImpl.java:checkInconsistentAppendEntries(1602)) - s2@group-EA982605F2E5: Failed appendEntries as previous log entry ((t:2, i:0)) is not found
2022-11-08 19:12:10,547 [s2-server-thread2] INFO  server.RaftServer$Division (RaftServerImpl.java:checkInconsistentAppendEntries(1572)) - s2@group-EA982605F2E5: inconsistency entries. Reply:s1<-s2#2288:FAIL-t2,INCONSISTENCY,nextIndex=0,followerCommit=0,matchIndex=-1
2022-11-08 19:12:10,547 [grpc-default-executor-0] INFO  leader.FollowerInfo (FollowerInfoImpl.java:lambda$new$0(48)) - s1@group-EA982605F2E5->s2: nextIndex: updateUnconditionally 5 -> 0
2022-11-08 19:12:10,547 [s2-server-thread2] DEBUG server.RaftServer$Division (RaftServerImpl.java:logAppendEntries(1421)) - s2@group-EA982605F2E5: receive appendEntries(s1, 2, null, 4, true, commits:[s1:c4, s0:c4, s2:c0], cId:2289, entries: [(t:2, i:0), CONFIGURATIONENTRY(current:id: "s0"
address: "localhost:34297"
dataStreamAddress: "localhost:43983"
clientAddress: "localhost:39609"
adminAddress: "localhost:37077"
startupRole: FOLLOWER
,id: "s1"
address: "localhost:38917"
dataStreamAddress: "localhost:45719"
clientAddress: "localhost:36975"
adminAddress: "localhost:40635"
startupRole: FOLLOWER
,id: "s2"
address: "localhost:35511"
dataStreamAddress: "localhost:38827"
clientAddress: "localhost:42865"
adminAddress: "localhost:36791"
startupRole: FOLLOWER
, old:), (t:2, i:1), STATEMACHINELOGENTRY, 0@client-2EFB324ADA71, (t:2, i:2), METADATAENTRY(c:1), (t:2, i:3), STATEMACHINELOGENTRY, 999@client-AE8279CAF820, (t:2, i:4), METADATAENTRY(c:3)]
2022-11-08 19:12:10,548 [s2-server-thread2] INFO  server.RaftServer$Division (RaftServerImpl.java:checkInconsistentAppendEntries(1592)) - s2@group-EA982605F2E5: Failed appendEntries as the first entry (index 0) already exists (snapshotIndex: -1, commitIndex: 0)
2022-11-08 19:12:10,548 [s2-server-thread2] INFO  server.RaftServer$Division (RaftServerImpl.java:checkInconsistentAppendEntries(1572)) - s2@group-EA982605F2E5: inconsistency entries. Reply:s1<-s2#2289:FAIL-t2,INCONSISTENCY,nextIndex=1,followerCommit=0,matchIndex=-1
2022-11-08 19:12:10,548 [grpc-default-executor-0] INFO  leader.FollowerInfo (FollowerInfoImpl.java:lambda$new$0(48)) - s1@group-EA982605F2E5->s2: nextIndex: updateUnconditionally 5 -> 1
2022-11-08 19:12:10,549 [s2-server-thread2] DEBUG server.RaftServer$Division (RaftServerImpl.java:logAppendEntries(1421)) - s2@group-EA982605F2E5: receive appendEntries(s1, 2, (t:2, i:0), 4, true, commits:[s1:c4, s0:c4, s2:c0], cId:2290, entries: [(t:2, i:1), STATEMACHINELOGENTRY, 0@client-2EFB324ADA71, (t:2, i:2), METADATAENTRY(c:1), (t:2, i:3), STATEMACHINELOGENTRY, 999@client-AE8279CAF820, (t:2, i:4), METADATAENTRY(c:3)]
2022-11-08 19:12:10,549 [s2-server-thread2] INFO  server.RaftServer$Division (RaftServerImpl.java:checkInconsistentAppendEntries(1602)) - s2@group-EA982605F2E5: Failed appendEntries as previous log entry ((t:2, i:0)) is not found
2022-11-08 19:12:10,549 [s2-server-thread2] INFO  server.RaftServer$Division (RaftServerImpl.java:checkInconsistentAppendEntries(1572)) - s2@group-EA982605F2E5: inconsistency entries. Reply:s1<-s2#2290:FAIL-t2,INCONSISTENCY,nextIndex=0,followerCommit=0,matchIndex=-1
2022-11-08 19:12:10,549 [grpc-default-executor-0] INFO  leader.FollowerInfo (FollowerInfoImpl.java:lambda$new$0(48)) - s1@group-EA982605F2E5->s2: nextIndex: updateUnconditionally 5 -> 0
2022-11-08 19:12:10,550 [s2-server-thread2] DEBUG server.RaftServer$Division (RaftServerImpl.java:logAppendEntries(1421)) - s2@group-EA982605F2E5: receive appendEntries(s1, 2, null, 4, true, commits:[s1:c4, s0:c4, s2:c0], cId:2291, entries: [(t:2, i:0), CONFIGURATIONENTRY(current:id: "s0"
address: "localhost:34297"
dataStreamAddress: "localhost:43983"
clientAddress: "localhost:39609"
adminAddress: "localhost:37077"
startupRole: FOLLOWER
,id: "s1"
address: "localhost:38917"
dataStreamAddress: "localhost:45719"
clientAddress: "localhost:36975"
adminAddress: "localhost:40635"
startupRole: FOLLOWER
,id: "s2"
address: "localhost:35511"
dataStreamAddress: "localhost:38827"
clientAddress: "localhost:42865"
adminAddress: "localhost:36791"
startupRole: FOLLOWER
, old:), (t:2, i:1), STATEMACHINELOGENTRY, 0@client-2EFB324ADA71, (t:2, i:2), METADATAENTRY(c:1), (t:2, i:3), STATEMACHINELOGENTRY, 999@client-AE8279CAF820, (t:2, i:4), METADATAENTRY(c:3)]
2022-11-08 19:12:10,550 [s2-server-thread2] INFO  server.RaftServer$Division (RaftServerImpl.java:checkInconsistentAppendEntries(1592)) - s2@group-EA982605F2E5: Failed appendEntries as the first entry (index 0) already exists (snapshotIndex: -1, commitIndex: 0)
2022-11-08 19:12:10,550 [s2-server-thread2] INFO  server.RaftServer$Division (RaftServerImpl.java:checkInconsistentAppendEntries(1572)) - s2@group-EA982605F2E5: inconsistency entries. Reply:s1<-s2#2291:FAIL-t2,INCONSISTENCY,nextIndex=1,followerCommit=0,matchIndex=-1
2022-11-08 19:12:10,551 [grpc-default-executor-0] INFO  leader.FollowerInfo (FollowerInfoImpl.java:lambda$new$0(48)) - s1@group-EA982605F2E5->s2: nextIndex: updateUnconditionally 5 -> 1
2022-11-08 19:12:10,551 [s2-server-thread2] DEBUG server.RaftServer$Division (RaftServerImpl.java:logAppendEntries(1421)) - s2@group-EA982605F2E5: receive appendEntries(s1, 2, (t:2, i:0), 4, true, commits:[s1:c4, s0:c4, s2:c0], cId:2292, entries: [(t:2, i:1), STATEMACHINELOGENTRY, 0@client-2EFB324ADA71, (t:2, i:2), METADATAENTRY(c:1), (t:2, i:3), STATEMACHINELOGENTRY, 999@client-AE8279CAF820, (t:2, i:4), METADATAENTRY(c:3)]
2022-11-08 19:12:10,551 [s2-server-thread2] INFO  server.RaftServer$Division (RaftServerImpl.java:checkInconsistentAppendEntries(1602)) - s2@group-EA982605F2E5: Failed appendEntries as previous log entry ((t:2, i:0)) is not found
2022-11-08 19:12:10,551 [s2-server-thread2] INFO  server.RaftServer$Division (RaftServerImpl.java:checkInconsistentAppendEntries(1572)) - s2@group-EA982605F2E5: inconsistency entries. Reply:s1<-s2#2292:FAIL-t2,INCONSISTENCY,nextIndex=0,followerCommit=0,matchIndex=-1
2022-11-08 19:12:10,552 [grpc-default-executor-0] INFO  leader.FollowerInfo (FollowerInfoImpl.java:lambda$new$0(48)) - s1@group-EA982605F2E5->s2: nextIndex: updateUnconditionally 5 -> 0
2022-11-08 19:12:10,552 [s2-server-thread2] DEBUG server.RaftServer$Division (RaftServerImpl.java:logAppendEntries(1421)) - s2@group-EA982605F2E5: receive appendEntries(s1, 2, null, 4, true, commits:[s1:c4, s0:c4, s2:c0], cId:2293, entries: [(t:2, i:0), CONFIGURATIONENTRY(current:id: "s0"
address: "localhost:34297"
dataStreamAddress: "localhost:43983"
clientAddress: "localhost:39609"
adminAddress: "localhost:37077"
startupRole: FOLLOWER
,id: "s1"
address: "localhost:38917"
dataStreamAddress: "localhost:45719"
clientAddress: "localhost:36975"
adminAddress: "localhost:40635"
startupRole: FOLLOWER
,id: "s2"
address: "localhost:35511"
dataStreamAddress: "localhost:38827"
clientAddress: "localhost:42865"
adminAddress: "localhost:36791"
startupRole: FOLLOWER
, old:), (t:2, i:1), STATEMACHINELOGENTRY, 0@client-2EFB324ADA71, (t:2, i:2), METADATAENTRY(c:1), (t:2, i:3), STATEMACHINELOGENTRY, 999@client-AE8279CAF820, (t:2, i:4), METADATAENTRY(c:3)]
2022-11-08 19:12:10,552 [s2-server-thread2] INFO  server.RaftServer$Division (RaftServerImpl.java:checkInconsistentAppendEntries(1592)) - s2@group-EA982605F2E5: Failed appendEntries as the first entry (index 0) already exists (snapshotIndex: -1, commitIndex: 0)
2022-11-08 19:12:10,552 [s2-server-thread2] INFO  server.RaftServer$Division (RaftServerImpl.java:checkInconsistentAppendEntries(1572)) - s2@group-EA982605F2E5: inconsistency entries. Reply:s1<-s2#2293:FAIL-t2,INCONSISTENCY,nextIndex=1,followerCommit=0,matchIndex=-1
2022-11-08 19:12:10,553 [grpc-default-executor-0] INFO  leader.FollowerInfo (FollowerInfoImpl.java:lambda$new$0(48)) - s1@group-EA982605F2E5->s2: nextIndex: updateUnconditionally 5 -> 1
2022-11-08 19:12:10,553 [s2-server-thread2] DEBUG server.RaftServer$Division (RaftServerImpl.java:logAppendEntries(1421)) - s2@group-EA982605F2E5: receive appendEntries(s1, 2, (t:2, i:0), 4, true, commits:[s1:c4, s0:c4, s2:c0], cId:2294, entries: [(t:2, i:1), STATEMACHINELOGENTRY, 0@client-2EFB324ADA71, (t:2, i:2), METADATAENTRY(c:1), (t:2, i:3), STATEMACHINELOGENTRY, 999@client-AE8279CAF820, (t:2, i:4), METADATAENTRY(c:3)]
2022-11-08 19:12:10,553 [s2-server-thread2] INFO  server.RaftServer$Division (RaftServerImpl.java:checkInconsistentAppendEntries(1602)) - s2@group-EA982605F2E5: Failed appendEntries as previous log entry ((t:2, i:0)) is not found
2022-11-08 19:12:10,553 [s2-server-thread2] INFO  server.RaftServer$Division (RaftServerImpl.java:checkInconsistentAppendEntries(1572)) - s2@group-EA982605F2E5: inconsistency entries. Reply:s1<-s2#2294:FAIL-t2,INCONSISTENCY,nextIndex=0,followerCommit=0,matchIndex=-1
2022-11-08 19:12:10,554 [grpc-default-executor-0] INFO  leader.FollowerInfo (FollowerInfoImpl.java:lambda$new$0(48)) - s1@group-EA982605F2E5->s2: nextIndex: updateUnconditionally 5 -> 0
2022-11-08 19:12:10,554 [s2-server-thread2] DEBUG server.RaftServer$Division (RaftServerImpl.java:logAppendEntries(1421)) - s2@group-EA982605F2E5: receive appendEntries(s1, 2, null, 4, true, commits:[s1:c4, s0:c4, s2:c0], cId:2295, entries: [(t:2, i:0), CONFIGURATIONENTRY(current:id: "s0"
address: "localhost:34297"
dataStreamAddress: "localhost:43983"
clientAddress: "localhost:39609"
adminAddress: "localhost:37077"
startupRole: FOLLOWER
,id: "s1"
address: "localhost:38917"
dataStreamAddress: "localhost:45719"
clientAddress: "localhost:36975"
adminAddress: "localhost:40635"
startupRole: FOLLOWER
,id: "s2"
address: "localhost:35511"
dataStreamAddress: "localhost:38827"
clientAddress: "localhost:42865"
adminAddress: "localhost:36791"
startupRole: FOLLOWER
, old:), (t:2, i:1), STATEMACHINELOGENTRY, 0@client-2EFB324ADA71, (t:2, i:2), METADATAENTRY(c:1), (t:2, i:3), STATEMACHINELOGENTRY, 999@client-AE8279CAF820, (t:2, i:4), METADATAENTRY(c:3)]
2022-11-08 19:12:10,555 [s2-server-thread2] INFO  server.RaftServer$Division (RaftServerImpl.java:checkInconsistentAppendEntries(1592)) - s2@group-EA982605F2E5: Failed appendEntries as the first entry (index 0) already exists (snapshotIndex: -1, commitIndex: 0)
2022-11-08 19:12:10,555 [s2-server-thread2] INFO  server.RaftServer$Division (RaftServerImpl.java:checkInconsistentAppendEntries(1572)) - s2@group-EA982605F2E5: inconsistency entries. Reply:s1<-s2#2295:FAIL-t2,INCONSISTENCY,nextIndex=1,followerCommit=0,matchIndex=-1
2022-11-08 19:12:10,555 [grpc-default-executor-0] INFO  leader.FollowerInfo (FollowerInfoImpl.java:lambda$new$0(48)) - s1@group-EA982605F2E5->s2: nextIndex: updateUnconditionally 5 -> 1
2022-11-08 19:12:10,555 [s2-server-thread2] DEBUG server.RaftServer$Division (RaftServerImpl.java:logAppendEntries(1421)) - s2@group-EA982605F2E5: receive appendEntries(s1, 2, (t:2, i:0), 4, true, commits:[s1:c4, s0:c4, s2:c0], cId:2296, entries: [(t:2, i:1), STATEMACHINELOGENTRY, 0@client-2EFB324ADA71, (t:2, i:2), METADATAENTRY(c:1), (t:2, i:3), STATEMACHINELOGENTRY, 999@client-AE8279CAF820, (t:2, i:4), METADATAENTRY(c:3)]
2022-11-08 19:12:10,556 [s2-server-thread2] INFO  server.RaftServer$Division (RaftServerImpl.java:checkInconsistentAppendEntries(1602)) - s2@group-EA982605F2E5: Failed appendEntries as previous log entry ((t:2, i:0)) is not found
2022-11-08 19:12:10,556 [s2-server-thread2] INFO  server.RaftServer$Division (RaftServerImpl.java:checkInconsistentAppendEntries(1572)) - s2@group-EA982605F2E5: inconsistency entries. Reply:s1<-s2#2296:FAIL-t2,INCONSISTENCY,nextIndex=0,followerCommit=0,matchIndex=-1
2022-11-08 19:12:10,556 [grpc-default-executor-0] INFO  leader.FollowerInfo (FollowerInfoImpl.java:lambda$new$0(48)) - s1@group-EA982605F2E5->s2: nextIndex: updateUnconditionally 5 -> 0
2022-11-08 19:12:10,556 [s2-server-thread2] DEBUG server.RaftServer$Division (RaftServerImpl.java:logAppendEntries(1421)) - s2@group-EA982605F2E5: receive appendEntries(s1, 2, null, 4, true, commits:[s1:c4, s0:c4, s2:c0], cId:2297, entries: [(t:2, i:0), CONFIGURATIONENTRY(current:id: "s0"
address: "localhost:34297"
dataStreamAddress: "localhost:43983"
clientAddress: "localhost:39609"
adminAddress: "localhost:37077"
startupRole: FOLLOWER
,id: "s1"
address: "localhost:38917"
dataStreamAddress: "localhost:45719"
clientAddress: "localhost:36975"
adminAddress: "localhost:40635"
startupRole: FOLLOWER
,id: "s2"
address: "localhost:35511"
dataStreamAddress: "localhost:38827"
clientAddress: "localhost:42865"
adminAddress: "localhost:36791"
startupRole: FOLLOWER
, old:), (t:2, i:1), STATEMACHINELOGENTRY, 0@client-2EFB324ADA71, (t:2, i:2), METADATAENTRY(c:1), (t:2, i:3), STATEMACHINELOGENTRY, 999@client-AE8279CAF820, (t:2, i:4), METADATAENTRY(c:3)]
2022-11-08 19:12:10,557 [s2-server-thread2] INFO  server.RaftServer$Division (RaftServerImpl.java:checkInconsistentAppendEntries(1592)) - s2@group-EA982605F2E5: Failed appendEntries as the first entry (index 0) already exists (snapshotIndex: -1, commitIndex: 0)
2022-11-08 19:12:10,557 [s2-server-thread2] INFO  server.RaftServer$Division (RaftServerImpl.java:checkInconsistentAppendEntries(1572)) - s2@group-EA982605F2E5: inconsistency entries. Reply:s1<-s2#2297:FAIL-t2,INCONSISTENCY,nextIndex=1,followerCommit=0,matchIndex=-1
2022-11-08 19:12:10,557 [grpc-default-executor-0] INFO  leader.FollowerInfo (FollowerInfoImpl.java:lambda$new$0(48)) - s1@group-EA982605F2E5->s2: nextIndex: updateUnconditionally 5 -> 1
2022-11-08 19:12:10,558 [s2-server-thread2] DEBUG server.RaftServer$Division (RaftServerImpl.java:logAppendEntries(1421)) - s2@group-EA982605F2E5: receive appendEntries(s1, 2, (t:2, i:0), 4, true, commits:[s1:c4, s0:c4, s2:c0], cId:2298, entries: [(t:2, i:1), STATEMACHINELOGENTRY, 0@client-2EFB324ADA71, (t:2, i:2), METADATAENTRY(c:1), (t:2, i:3), STATEMACHINELOGENTRY, 999@client-AE8279CAF820, (t:2, i:4), METADATAENTRY(c:3)]
2022-11-08 19:12:10,558 [s2-server-thread2] INFO  server.RaftServer$Division (RaftServerImpl.java:checkInconsistentAppendEntries(1602)) - s2@group-EA982605F2E5: Failed appendEntries as previous log entry ((t:2, i:0)) is not found
2022-11-08 19:12:10,558 [s2-server-thread2] INFO  server.RaftServer$Division (RaftServerImpl.java:checkInconsistentAppendEntries(1572)) - s2@group-EA982605F2E5: inconsistency entries. Reply:s1<-s2#2298:FAIL-t2,INCONSISTENCY,nextIndex=0,followerCommit=0,matchIndex=-1
2022-11-08 19:12:10,558 [grpc-default-executor-0] INFO  leader.FollowerInfo (FollowerInfoImpl.java:lambda$new$0(48)) - s1@group-EA982605F2E5->s2: nextIndex: updateUnconditionally 5 -> 0
2022-11-08 19:12:10,559 [s2-server-thread2] DEBUG server.RaftServer$Division (RaftServerImpl.java:logAppendEntries(1421)) - s2@group-EA982605F2E5: receive appendEntries(s1, 2, null, 4, true, commits:[s1:c4, s0:c4, s2:c0], cId:2299, entries: [(t:2, i:0), CONFIGURATIONENTRY(current:id: "s0"
address: "localhost:34297"
dataStreamAddress: "localhost:43983"
clientAddress: "localhost:39609"
adminAddress: "localhost:37077"
startupRole: FOLLOWER
,id: "s1"
address: "localhost:38917"
dataStreamAddress: "localhost:45719"
clientAddress: "localhost:36975"
adminAddress: "localhost:40635"
startupRole: FOLLOWER
,id: "s2"
address: "localhost:35511"
dataStreamAddress: "localhost:38827"
clientAddress: "localhost:42865"
adminAddress: "localhost:36791"
startupRole: FOLLOWER
, old:), (t:2, i:1), STATEMACHINELOGENTRY, 0@client-2EFB324ADA71, (t:2, i:2), METADATAENTRY(c:1), (t:2, i:3), STATEMACHINELOGENTRY, 999@client-AE8279CAF820, (t:2, i:4), METADATAENTRY(c:3)]
2022-11-08 19:12:10,559 [s2-server-thread2] INFO  server.RaftServer$Division (RaftServerImpl.java:checkInconsistentAppendEntries(1592)) - s2@group-EA982605F2E5: Failed appendEntries as the first entry (index 0) already exists (snapshotIndex: -1, commitIndex: 0)
2022-11-08 19:12:10,559 [s2-server-thread2] INFO  server.RaftServer$Division (RaftServerImpl.java:checkInconsistentAppendEntries(1572)) - s2@group-EA982605F2E5: inconsistency entries. Reply:s1<-s2#2299:FAIL-t2,INCONSISTENCY,nextIndex=1,followerCommit=0,matchIndex=-1
2022-11-08 19:12:10,559 [grpc-default-executor-0] INFO  leader.FollowerInfo (FollowerInfoImpl.java:lambda$new$0(48)) - s1@group-EA982605F2E5->s2: nextIndex: updateUnconditionally 5 -> 1
2022-11-08 19:12:10,560 [s2-server-thread2] DEBUG server.RaftServer$Division (RaftServerImpl.java:logAppendEntries(1421)) - s2@group-EA982605F2E5: receive appendEntries(s1, 2, (t:2, i:0), 4, true, commits:[s1:c4, s0:c4, s2:c0], cId:2300, entries: [(t:2, i:1), STATEMACHINELOGENTRY, 0@client-2EFB324ADA71, (t:2, i:2), METADATAENTRY(c:1), (t:2, i:3), STATEMACHINELOGENTRY, 999@client-AE8279CAF820, (t:2, i:4), METADATAENTRY(c:3)]
2022-11-08 19:12:10,560 [s2-server-thread2] INFO  server.RaftServer$Division (RaftServerImpl.java:checkInconsistentAppendEntries(1602)) - s2@group-EA982605F2E5: Failed appendEntries as previous log entry ((t:2, i:0)) is not found
2022-11-08 19:12:10,560 [s2-server-thread2] INFO  server.RaftServer$Division (RaftServerImpl.java:checkInconsistentAppendEntries(1572)) - s2@group-EA982605F2E5: inconsistency entries. Reply:s1<-s2#2300:FAIL-t2,INCONSISTENCY,nextIndex=0,followerCommit=0,matchIndex=-1
2022-11-08 19:12:10,560 [grpc-default-executor-0] INFO  leader.FollowerInfo (FollowerInfoImpl.java:lambda$new$0(48)) - s1@group-EA982605F2E5->s2: nextIndex: updateUnconditionally 5 -> 0
2022-11-08 19:12:10,561 [s2-server-thread2] DEBUG server.RaftServer$Division (RaftServerImpl.java:logAppendEntries(1421)) - s2@group-EA982605F2E5: receive appendEntries(s1, 2, null, 4, true, commits:[s1:c4, s0:c4, s2:c0], cId:2301, entries: [(t:2, i:0), CONFIGURATIONENTRY(current:id: "s0"
address: "localhost:34297"
dataStreamAddress: "localhost:43983"
clientAddress: "localhost:39609"
adminAddress: "localhost:37077"
startupRole: FOLLOWER
,id: "s1"
address: "localhost:38917"
dataStreamAddress: "localhost:45719"
clientAddress: "localhost:36975"
adminAddress: "localhost:40635"
startupRole: FOLLOWER
,id: "s2"
address: "localhost:35511"
dataStreamAddress: "localhost:38827"
clientAddress: "localhost:42865"
adminAddress: "localhost:36791"
startupRole: FOLLOWER
, old:), (t:2, i:1), STATEMACHINELOGENTRY, 0@client-2EFB324ADA71, (t:2, i:2), METADATAENTRY(c:1), (t:2, i:3), STATEMACHINELOGENTRY, 999@client-AE8279CAF820, (t:2, i:4), METADATAENTRY(c:3)]
2022-11-08 19:12:10,561 [s2-server-thread2] INFO  server.RaftServer$Division (RaftServerImpl.java:checkInconsistentAppendEntries(1592)) - s2@group-EA982605F2E5: Failed appendEntries as the first entry (index 0) already exists (snapshotIndex: -1, commitIndex: 0)
2022-11-08 19:12:10,561 [s2-server-thread2] INFO  server.RaftServer$Division (RaftServerImpl.java:checkInconsistentAppendEntries(1572)) - s2@group-EA982605F2E5: inconsistency entries. Reply:s1<-s2#2301:FAIL-t2,INCONSISTENCY,nextIndex=1,followerCommit=0,matchIndex=-1
2022-11-08 19:12:10,561 [grpc-default-executor-0] INFO  leader.FollowerInfo (FollowerInfoImpl.java:lambda$new$0(48)) - s1@group-EA982605F2E5->s2: nextIndex: updateUnconditionally 5 -> 1
2022-11-08 19:12:10,562 [s2-server-thread2] DEBUG server.RaftServer$Division (RaftServerImpl.java:logAppendEntries(1421)) - s2@group-EA982605F2E5: receive appendEntries(s1, 2, (t:2, i:0), 4, true, commits:[s1:c4, s0:c4, s2:c0], cId:2302, entries: [(t:2, i:1), STATEMACHINELOGENTRY, 0@client-2EFB324ADA71, (t:2, i:2), METADATAENTRY(c:1), (t:2, i:3), STATEMACHINELOGENTRY, 999@client-AE8279CAF820, (t:2, i:4), METADATAENTRY(c:3)]
2022-11-08 19:12:10,562 [s2-server-thread2] INFO  server.RaftServer$Division (RaftServerImpl.java:checkInconsistentAppendEntries(1602)) - s2@group-EA982605F2E5: Failed appendEntries as previous log entry ((t:2, i:0)) is not found
2022-11-08 19:12:10,562 [s2-server-thread2] INFO  server.RaftServer$Division (RaftServerImpl.java:checkInconsistentAppendEntries(1572)) - s2@group-EA982605F2E5: inconsistency entries. Reply:s1<-s2#2302:FAIL-t2,INCONSISTENCY,nextIndex=0,followerCommit=0,matchIndex=-1
2022-11-08 19:12:10,563 [grpc-default-executor-0] INFO  leader.FollowerInfo (FollowerInfoImpl.java:lambda$new$0(48)) - s1@group-EA982605F2E5->s2: nextIndex: updateUnconditionally 5 -> 0
2022-11-08 19:12:10,564 [s2-server-thread2] DEBUG server.RaftServer$Division (RaftServerImpl.java:logAppendEntries(1421)) - s2@group-EA982605F2E5: receive appendEntries(s1, 2, null, 4, true, commits:[s1:c4, s0:c4, s2:c0], cId:2303, entries: [(t:2, i:0), CONFIGURATIONENTRY(current:id: "s0"
address: "localhost:34297"
dataStreamAddress: "localhost:43983"
clientAddress: "localhost:39609"
adminAddress: "localhost:37077"
startupRole: FOLLOWER
,id: "s1"
address: "localhost:38917"
dataStreamAddress: "localhost:45719"
clientAddress: "localhost:36975"
adminAddress: "localhost:40635"
startupRole: FOLLOWER
,id: "s2"
address: "localhost:35511"
dataStreamAddress: "localhost:38827"
clientAddress: "localhost:42865"
adminAddress: "localhost:36791"
startupRole: FOLLOWER
, old:), (t:2, i:1), STATEMACHINELOGENTRY, 0@client-2EFB324ADA71, (t:2, i:2), METADATAENTRY(c:1), (t:2, i:3), STATEMACHINELOGENTRY, 999@client-AE8279CAF820, (t:2, i:4), METADATAENTRY(c:3)]
2022-11-08 19:12:10,564 [s2-server-thread2] INFO  server.RaftServer$Division (RaftServerImpl.java:checkInconsistentAppendEntries(1592)) - s2@group-EA982605F2E5: Failed appendEntries as the first entry (index 0) already exists (snapshotIndex: -1, commitIndex: 0)
2022-11-08 19:12:10,564 [s2-server-thread2] INFO  server.RaftServer$Division (RaftServerImpl.java:checkInconsistentAppendEntries(1572)) - s2@group-EA982605F2E5: inconsistency entries. Reply:s1<-s2#2303:FAIL-t2,INCONSISTENCY,nextIndex=1,followerCommit=0,matchIndex=-1
2022-11-08 19:12:10,565 [grpc-default-executor-0] INFO  leader.FollowerInfo (FollowerInfoImpl.java:lambda$new$0(48)) - s1@group-EA982605F2E5->s2: nextIndex: updateUnconditionally 5 -> 1
2022-11-08 19:12:10,565 [s2-server-thread2] DEBUG server.RaftServer$Division (RaftServerImpl.java:logAppendEntries(1421)) - s2@group-EA982605F2E5: receive appendEntries(s1, 2, (t:2, i:0), 4, true, commits:[s1:c4, s0:c4, s2:c0], cId:2304, entries: [(t:2, i:1), STATEMACHINELOGENTRY, 0@client-2EFB324ADA71, (t:2, i:2), METADATAENTRY(c:1), (t:2, i:3), STATEMACHINELOGENTRY, 999@client-AE8279CAF820, (t:2, i:4), METADATAENTRY(c:3)]
2022-11-08 19:12:10,565 [s2-server-thread2] INFO  server.RaftServer$Division (RaftServerImpl.java:checkInconsistentAppendEntries(1602)) - s2@group-EA982605F2E5: Failed appendEntries as previous log entry ((t:2, i:0)) is not found
2022-11-08 19:12:10,565 [s2-server-thread2] INFO  server.RaftServer$Division (RaftServerImpl.java:checkInconsistentAppendEntries(1572)) - s2@group-EA982605F2E5: inconsistency entries. Reply:s1<-s2#2304:FAIL-t2,INCONSISTENCY,nextIndex=0,followerCommit=0,matchIndex=-1
2022-11-08 19:12:10,566 [grpc-default-executor-0] INFO  leader.FollowerInfo (FollowerInfoImpl.java:lambda$new$0(48)) - s1@group-EA982605F2E5->s2: nextIndex: updateUnconditionally 5 -> 0
2022-11-08 19:12:10,566 [s2-server-thread2] DEBUG server.RaftServer$Division (RaftServerImpl.java:logAppendEntries(1421)) - s2@group-EA982605F2E5: receive appendEntries(s1, 2, null, 4, true, commits:[s1:c4, s0:c4, s2:c0], cId:2305, entries: [(t:2, i:0), CONFIGURATIONENTRY(current:id: "s0"
address: "localhost:34297"
dataStreamAddress: "localhost:43983"
clientAddress: "localhost:39609"
adminAddress: "localhost:37077"
startupRole: FOLLOWER
,id: "s1"
address: "localhost:38917"
dataStreamAddress: "localhost:45719"
clientAddress: "localhost:36975"
adminAddress: "localhost:40635"
startupRole: FOLLOWER
,id: "s2"
address: "localhost:35511"
dataStreamAddress: "localhost:38827"
clientAddress: "localhost:42865"
adminAddress: "localhost:36791"
startupRole: FOLLOWER
, old:), (t:2, i:1), STATEMACHINELOGENTRY, 0@client-2EFB324ADA71, (t:2, i:2), METADATAENTRY(c:1), (t:2, i:3), STATEMACHINELOGENTRY, 999@client-AE8279CAF820, (t:2, i:4), METADATAENTRY(c:3)]
2022-11-08 19:12:10,566 [s2-server-thread2] INFO  server.RaftServer$Division (RaftServerImpl.java:checkInconsistentAppendEntries(1592)) - s2@group-EA982605F2E5: Failed appendEntries as the first entry (index 0) already exists (snapshotIndex: -1, commitIndex: 0)
2022-11-08 19:12:10,567 [s2-server-thread2] INFO  server.RaftServer$Division (RaftServerImpl.java:checkInconsistentAppendEntries(1572)) - s2@group-EA982605F2E5: inconsistency entries. Reply:s1<-s2#2305:FAIL-t2,INCONSISTENCY,nextIndex=1,followerCommit=0,matchIndex=-1
2022-11-08 19:12:10,567 [grpc-default-executor-0] INFO  leader.FollowerInfo (FollowerInfoImpl.java:lambda$new$0(48)) - s1@group-EA982605F2E5->s2: nextIndex: updateUnconditionally 5 -> 1
2022-11-08 19:12:10,567 [s2-server-thread2] DEBUG server.RaftServer$Division (RaftServerImpl.java:logAppendEntries(1421)) - s2@group-EA982605F2E5: receive appendEntries(s1, 2, (t:2, i:0), 4, true, commits:[s1:c4, s0:c4, s2:c0], cId:2306, entries: [(t:2, i:1), STATEMACHINELOGENTRY, 0@client-2EFB324ADA71, (t:2, i:2), METADATAENTRY(c:1), (t:2, i:3), STATEMACHINELOGENTRY, 999@client-AE8279CAF820, (t:2, i:4), METADATAENTRY(c:3)]
2022-11-08 19:12:10,568 [s2-server-thread2] INFO  server.RaftServer$Division (RaftServerImpl.java:checkInconsistentAppendEntries(1602)) - s2@group-EA982605F2E5: Failed appendEntries as previous log entry ((t:2, i:0)) is not found
2022-11-08 19:12:10,568 [s2-server-thread2] INFO  server.RaftServer$Division (RaftServerImpl.java:checkInconsistentAppendEntries(1572)) - s2@group-EA982605F2E5: inconsistency entries. Reply:s1<-s2#2306:FAIL-t2,INCONSISTENCY,nextIndex=0,followerCommit=0,matchIndex=-1
2022-11-08 19:12:10,568 [grpc-default-executor-0] INFO  leader.FollowerInfo (FollowerInfoImpl.java:lambda$new$0(48)) - s1@group-EA982605F2E5->s2: nextIndex: updateUnconditionally 5 -> 0
2022-11-08 19:12:10,569 [s2-server-thread2] DEBUG server.RaftServer$Division (RaftServerImpl.java:logAppendEntries(1421)) - s2@group-EA982605F2E5: receive appendEntries(s1, 2, null, 4, true, commits:[s1:c4, s0:c4, s2:c0], cId:2307, entries: [(t:2, i:0), CONFIGURATIONENTRY(current:id: "s0"
address: "localhost:34297"
dataStreamAddress: "localhost:43983"
clientAddress: "localhost:39609"
adminAddress: "localhost:37077"
startupRole: FOLLOWER
,id: "s1"
address: "localhost:38917"
dataStreamAddress: "localhost:45719"
clientAddress: "localhost:36975"
adminAddress: "localhost:40635"
startupRole: FOLLOWER
,id: "s2"
address: "localhost:35511"
dataStreamAddress: "localhost:38827"
clientAddress: "localhost:42865"
adminAddress: "localhost:36791"
startupRole: FOLLOWER
, old:), (t:2, i:1), STATEMACHINELOGENTRY, 0@client-2EFB324ADA71, (t:2, i:2), METADATAENTRY(c:1), (t:2, i:3), STATEMACHINELOGENTRY, 999@client-AE8279CAF820, (t:2, i:4), METADATAENTRY(c:3)]
2022-11-08 19:12:10,569 [s2-server-thread2] INFO  server.RaftServer$Division (RaftServerImpl.java:checkInconsistentAppendEntries(1592)) - s2@group-EA982605F2E5: Failed appendEntries as the first entry (index 0) already exists (snapshotIndex: -1, commitIndex: 0)
2022-11-08 19:12:10,569 [s2-server-thread2] INFO  server.RaftServer$Division (RaftServerImpl.java:checkInconsistentAppendEntries(1572)) - s2@group-EA982605F2E5: inconsistency entries. Reply:s1<-s2#2307:FAIL-t2,INCONSISTENCY,nextIndex=1,followerCommit=0,matchIndex=-1
2022-11-08 19:12:10,569 [grpc-default-executor-0] INFO  leader.FollowerInfo (FollowerInfoImpl.java:lambda$new$0(48)) - s1@group-EA982605F2E5->s2: nextIndex: updateUnconditionally 5 -> 1
2022-11-08 19:12:10,570 [s2-server-thread2] DEBUG server.RaftServer$Division (RaftServerImpl.java:logAppendEntries(1421)) - s2@group-EA982605F2E5: receive appendEntries(s1, 2, (t:2, i:0), 4, true, commits:[s1:c4, s0:c4, s2:c0], cId:2308, entries: [(t:2, i:1), STATEMACHINELOGENTRY, 0@client-2EFB324ADA71, (t:2, i:2), METADATAENTRY(c:1), (t:2, i:3), STATEMACHINELOGENTRY, 999@client-AE8279CAF820, (t:2, i:4), METADATAENTRY(c:3)]
2022-11-08 19:12:10,570 [s2-server-thread2] INFO  server.RaftServer$Division (RaftServerImpl.java:checkInconsistentAppendEntries(1602)) - s2@group-EA982605F2E5: Failed appendEntries as previous log entry ((t:2, i:0)) is not found
2022-11-08 19:12:10,570 [s2-server-thread2] INFO  server.RaftServer$Division (RaftServerImpl.java:checkInconsistentAppendEntries(1572)) - s2@group-EA982605F2E5: inconsistency entries. Reply:s1<-s2#2308:FAIL-t2,INCONSISTENCY,nextIndex=0,followerCommit=0,matchIndex=-1
2022-11-08 19:12:10,570 [grpc-default-executor-0] INFO  leader.FollowerInfo (FollowerInfoImpl.java:lambda$new$0(48)) - s1@group-EA982605F2E5->s2: nextIndex: updateUnconditionally 5 -> 0
2022-11-08 19:12:10,571 [s2-server-thread2] DEBUG server.RaftServer$Division (RaftServerImpl.java:logAppendEntries(1421)) - s2@group-EA982605F2E5: receive appendEntries(s1, 2, null, 4, true, commits:[s1:c4, s0:c4, s2:c0], cId:2309, entries: [(t:2, i:0), CONFIGURATIONENTRY(current:id: "s0"
address: "localhost:34297"
dataStreamAddress: "localhost:43983"
clientAddress: "localhost:39609"
adminAddress: "localhost:37077"
startupRole: FOLLOWER
,id: "s1"
address: "localhost:38917"
dataStreamAddress: "localhost:45719"
clientAddress: "localhost:36975"
adminAddress: "localhost:40635"
startupRole: FOLLOWER
,id: "s2"
address: "localhost:35511"
dataStreamAddress: "localhost:38827"
clientAddress: "localhost:42865"
adminAddress: "localhost:36791"
startupRole: FOLLOWER
, old:), (t:2, i:1), STATEMACHINELOGENTRY, 0@client-2EFB324ADA71, (t:2, i:2), METADATAENTRY(c:1), (t:2, i:3), STATEMACHINELOGENTRY, 999@client-AE8279CAF820, (t:2, i:4), METADATAENTRY(c:3)]
2022-11-08 19:12:10,571 [s2-server-thread2] INFO  server.RaftServer$Division (RaftServerImpl.java:checkInconsistentAppendEntries(1592)) - s2@group-EA982605F2E5: Failed appendEntries as the first entry (index 0) already exists (snapshotIndex: -1, commitIndex: 0)
2022-11-08 19:12:10,571 [s2-server-thread2] INFO  server.RaftServer$Division (RaftServerImpl.java:checkInconsistentAppendEntries(1572)) - s2@group-EA982605F2E5: inconsistency entries. Reply:s1<-s2#2309:FAIL-t2,INCONSISTENCY,nextIndex=1,followerCommit=0,matchIndex=-1
2022-11-08 19:12:10,571 [grpc-default-executor-0] INFO  leader.FollowerInfo (FollowerInfoImpl.java:lambda$new$0(48)) - s1@group-EA982605F2E5->s2: nextIndex: updateUnconditionally 5 -> 1
2022-11-08 19:12:10,572 [s2-server-thread2] DEBUG server.RaftServer$Division (RaftServerImpl.java:logAppendEntries(1421)) - s2@group-EA982605F2E5: receive appendEntries(s1, 2, (t:2, i:0), 4, true, commits:[s1:c4, s0:c4, s2:c0], cId:2310, entries: [(t:2, i:1), STATEMACHINELOGENTRY, 0@client-2EFB324ADA71, (t:2, i:2), METADATAENTRY(c:1), (t:2, i:3), STATEMACHINELOGENTRY, 999@client-AE8279CAF820, (t:2, i:4), METADATAENTRY(c:3)]
2022-11-08 19:12:10,572 [s2-server-thread2] INFO  server.RaftServer$Division (RaftServerImpl.java:checkInconsistentAppendEntries(1602)) - s2@group-EA982605F2E5: Failed appendEntries as previous log entry ((t:2, i:0)) is not found
2022-11-08 19:12:10,572 [s2-server-thread2] INFO  server.RaftServer$Division (RaftServerImpl.java:checkInconsistentAppendEntries(1572)) - s2@group-EA982605F2E5: inconsistency entries. Reply:s1<-s2#2310:FAIL-t2,INCONSISTENCY,nextIndex=0,followerCommit=0,matchIndex=-1
2022-11-08 19:12:10,573 [grpc-default-executor-0] INFO  leader.FollowerInfo (FollowerInfoImpl.java:lambda$new$0(48)) - s1@group-EA982605F2E5->s2: nextIndex: updateUnconditionally 5 -> 0
2022-11-08 19:12:10,573 [s2-server-thread2] DEBUG server.RaftServer$Division (RaftServerImpl.java:logAppendEntries(1421)) - s2@group-EA982605F2E5: receive appendEntries(s1, 2, null, 4, true, commits:[s1:c4, s0:c4, s2:c0], cId:2311, entries: [(t:2, i:0), CONFIGURATIONENTRY(current:id: "s0"
address: "localhost:34297"
dataStreamAddress: "localhost:43983"
clientAddress: "localhost:39609"
adminAddress: "localhost:37077"
startupRole: FOLLOWER
,id: "s1"
address: "localhost:38917"
dataStreamAddress: "localhost:45719"
clientAddress: "localhost:36975"
adminAddress: "localhost:40635"
startupRole: FOLLOWER
,id: "s2"
address: "localhost:35511"
dataStreamAddress: "localhost:38827"
clientAddress: "localhost:42865"
adminAddress: "localhost:36791"
startupRole: FOLLOWER
, old:), (t:2, i:1), STATEMACHINELOGENTRY, 0@client-2EFB324ADA71, (t:2, i:2), METADATAENTRY(c:1), (t:2, i:3), STATEMACHINELOGENTRY, 999@client-AE8279CAF820, (t:2, i:4), METADATAENTRY(c:3)]
2022-11-08 19:12:10,573 [s2-server-thread2] INFO  server.RaftServer$Division (RaftServerImpl.java:checkInconsistentAppendEntries(1592)) - s2@group-EA982605F2E5: Failed appendEntries as the first entry (index 0) already exists (snapshotIndex: -1, commitIndex: 0)
2022-11-08 19:12:10,573 [s2-server-thread2] INFO  server.RaftServer$Division (RaftServerImpl.java:checkInconsistentAppendEntries(1572)) - s2@group-EA982605F2E5: inconsistency entries. Reply:s1<-s2#2311:FAIL-t2,INCONSISTENCY,nextIndex=1,followerCommit=0,matchIndex=-1
2022-11-08 19:12:10,574 [grpc-default-executor-0] INFO  leader.FollowerInfo (FollowerInfoImpl.java:lambda$new$0(48)) - s1@group-EA982605F2E5->s2: nextIndex: updateUnconditionally 5 -> 1
2022-11-08 19:12:10,574 [s2-server-thread2] DEBUG server.RaftServer$Division (RaftServerImpl.java:logAppendEntries(1421)) - s2@group-EA982605F2E5: receive appendEntries(s1, 2, (t:2, i:0), 4, true, commits:[s1:c4, s0:c4, s2:c0], cId:2312, entries: [(t:2, i:1), STATEMACHINELOGENTRY, 0@client-2EFB324ADA71, (t:2, i:2), METADATAENTRY(c:1), (t:2, i:3), STATEMACHINELOGENTRY, 999@client-AE8279CAF820, (t:2, i:4), METADATAENTRY(c:3)]
2022-11-08 19:12:10,574 [s2-server-thread2] INFO  server.RaftServer$Division (RaftServerImpl.java:checkInconsistentAppendEntries(1602)) - s2@group-EA982605F2E5: Failed appendEntries as previous log entry ((t:2, i:0)) is not found
2022-11-08 19:12:10,574 [s2-server-thread2] INFO  server.RaftServer$Division (RaftServerImpl.java:checkInconsistentAppendEntries(1572)) - s2@group-EA982605F2E5: inconsistency entries. Reply:s1<-s2#2312:FAIL-t2,INCONSISTENCY,nextIndex=0,followerCommit=0,matchIndex=-1
2022-11-08 19:12:10,575 [grpc-default-executor-0] INFO  leader.FollowerInfo (FollowerInfoImpl.java:lambda$new$0(48)) - s1@group-EA982605F2E5->s2: nextIndex: updateUnconditionally 5 -> 0
2022-11-08 19:12:10,575 [s2-server-thread2] DEBUG server.RaftServer$Division (RaftServerImpl.java:logAppendEntries(1421)) - s2@group-EA982605F2E5: receive appendEntries(s1, 2, null, 4, true, commits:[s1:c4, s0:c4, s2:c0], cId:2313, entries: [(t:2, i:0), CONFIGURATIONENTRY(current:id: "s0"
address: "localhost:34297"
dataStreamAddress: "localhost:43983"
clientAddress: "localhost:39609"
adminAddress: "localhost:37077"
startupRole: FOLLOWER
,id: "s1"
address: "localhost:38917"
dataStreamAddress: "localhost:45719"
clientAddress: "localhost:36975"
adminAddress: "localhost:40635"
startupRole: FOLLOWER
,id: "s2"
address: "localhost:35511"
dataStreamAddress: "localhost:38827"
clientAddress: "localhost:42865"
adminAddress: "localhost:36791"
startupRole: FOLLOWER
, old:), (t:2, i:1), STATEMACHINELOGENTRY, 0@client-2EFB324ADA71, (t:2, i:2), METADATAENTRY(c:1), (t:2, i:3), STATEMACHINELOGENTRY, 999@client-AE8279CAF820, (t:2, i:4), METADATAENTRY(c:3)]
2022-11-08 19:12:10,576 [s2-server-thread2] INFO  server.RaftServer$Division (RaftServerImpl.java:checkInconsistentAppendEntries(1592)) - s2@group-EA982605F2E5: Failed appendEntries as the first entry (index 0) already exists (snapshotIndex: -1, commitIndex: 0)
2022-11-08 19:12:10,576 [s2-server-thread2] INFO  server.RaftServer$Division (RaftServerImpl.java:checkInconsistentAppendEntries(1572)) - s2@group-EA982605F2E5: inconsistency entries. Reply:s1<-s2#2313:FAIL-t2,INCONSISTENCY,nextIndex=1,followerCommit=0,matchIndex=-1
2022-11-08 19:12:10,576 [grpc-default-executor-0] INFO  leader.FollowerInfo (FollowerInfoImpl.java:lambda$new$0(48)) - s1@group-EA982605F2E5->s2: nextIndex: updateUnconditionally 5 -> 1
2022-11-08 19:12:10,576 [s2-server-thread1] DEBUG server.RaftServer$Division (RaftServerImpl.java:logAppendEntries(1421)) - s2@group-EA982605F2E5: receive appendEntries(s1, 2, (t:2, i:0), 4, true, commits:[s1:c4, s0:c4, s2:c0], cId:2314, entries: [(t:2, i:1), STATEMACHINELOGENTRY, 0@client-2EFB324ADA71, (t:2, i:2), METADATAENTRY(c:1), (t:2, i:3), STATEMACHINELOGENTRY, 999@client-AE8279CAF820, (t:2, i:4), METADATAENTRY(c:3)]
2022-11-08 19:12:10,577 [s2-server-thread1] INFO  server.RaftServer$Division (RaftServerImpl.java:checkInconsistentAppendEntries(1602)) - s2@group-EA982605F2E5: Failed appendEntries as previous log entry ((t:2, i:0)) is not found
2022-11-08 19:12:10,577 [s2-server-thread1] INFO  server.RaftServer$Division (RaftServerImpl.java:checkInconsistentAppendEntries(1572)) - s2@group-EA982605F2E5: inconsistency entries. Reply:s1<-s2#2314:FAIL-t2,INCONSISTENCY,nextIndex=0,followerCommit=0,matchIndex=-1
2022-11-08 19:12:10,577 [grpc-default-executor-0] INFO  leader.FollowerInfo (FollowerInfoImpl.java:lambda$new$0(48)) - s1@group-EA982605F2E5->s2: nextIndex: updateUnconditionally 5 -> 0
2022-11-08 19:12:10,577 [s2-server-thread2] DEBUG server.RaftServer$Division (RaftServerImpl.java:logAppendEntries(1421)) - s2@group-EA982605F2E5: receive appendEntries(s1, 2, null, 4, true, commits:[s1:c4, s0:c4, s2:c0], cId:2315, entries: [(t:2, i:0), CONFIGURATIONENTRY(current:id: "s0"
address: "localhost:34297"
dataStreamAddress: "localhost:43983"
clientAddress: "localhost:39609"
adminAddress: "localhost:37077"
startupRole: FOLLOWER
,id: "s1"
address: "localhost:38917"
dataStreamAddress: "localhost:45719"
clientAddress: "localhost:36975"
adminAddress: "localhost:40635"
startupRole: FOLLOWER
,id: "s2"
address: "localhost:35511"
dataStreamAddress: "localhost:38827"
clientAddress: "localhost:42865"
adminAddress: "localhost:36791"
startupRole: FOLLOWER
, old:), (t:2, i:1), STATEMACHINELOGENTRY, 0@client-2EFB324ADA71, (t:2, i:2), METADATAENTRY(c:1), (t:2, i:3), STATEMACHINELOGENTRY, 999@client-AE8279CAF820, (t:2, i:4), METADATAENTRY(c:3)]
2022-11-08 19:12:10,578 [s2-server-thread2] INFO  server.RaftServer$Division (RaftServerImpl.java:checkInconsistentAppendEntries(1592)) - s2@group-EA982605F2E5: Failed appendEntries as the first entry (index 0) already exists (snapshotIndex: -1, commitIndex: 0)
2022-11-08 19:12:10,578 [s2-server-thread2] INFO  server.RaftServer$Division (RaftServerImpl.java:checkInconsistentAppendEntries(1572)) - s2@group-EA982605F2E5: inconsistency entries. Reply:s1<-s2#2315:FAIL-t2,INCONSISTENCY,nextIndex=1,followerCommit=0,matchIndex=-1
2022-11-08 19:12:10,578 [grpc-default-executor-0] INFO  leader.FollowerInfo (FollowerInfoImpl.java:lambda$new$0(48)) - s1@group-EA982605F2E5->s2: nextIndex: updateUnconditionally 5 -> 1
2022-11-08 19:12:10,578 [s2-server-thread2] DEBUG server.RaftServer$Division (RaftServerImpl.java:logAppendEntries(1421)) - s2@group-EA982605F2E5: receive appendEntries(s1, 2, (t:2, i:0), 4, true, commits:[s1:c4, s0:c4, s2:c0], cId:2316, entries: [(t:2, i:1), STATEMACHINELOGENTRY, 0@client-2EFB324ADA71, (t:2, i:2), METADATAENTRY(c:1), (t:2, i:3), STATEMACHINELOGENTRY, 999@client-AE8279CAF820, (t:2, i:4), METADATAENTRY(c:3)]
2022-11-08 19:12:10,579 [s2-server-thread2] INFO  server.RaftServer$Division (RaftServerImpl.java:checkInconsistentAppendEntries(1602)) - s2@group-EA982605F2E5: Failed appendEntries as previous log entry ((t:2, i:0)) is not found
2022-11-08 19:12:10,579 [s2-server-thread2] INFO  server.RaftServer$Division (RaftServerImpl.java:checkInconsistentAppendEntries(1572)) - s2@group-EA982605F2E5: inconsistency entries. Reply:s1<-s2#2316:FAIL-t2,INCONSISTENCY,nextIndex=0,followerCommit=0,matchIndex=-1
2022-11-08 19:12:10,579 [grpc-default-executor-0] INFO  leader.FollowerInfo (FollowerInfoImpl.java:lambda$new$0(48)) - s1@group-EA982605F2E5->s2: nextIndex: updateUnconditionally 5 -> 0
2022-11-08 19:12:10,580 [s2-server-thread2] DEBUG server.RaftServer$Division (RaftServerImpl.java:logAppendEntries(1421)) - s2@group-EA982605F2E5: receive appendEntries(s1, 2, null, 4, true, commits:[s1:c4, s0:c4, s2:c0], cId:2317, entries: [(t:2, i:0), CONFIGURATIONENTRY(current:id: "s0"
address: "localhost:34297"
dataStreamAddress: "localhost:43983"
clientAddress: "localhost:39609"
adminAddress: "localhost:37077"
startupRole: FOLLOWER
,id: "s1"
address: "localhost:38917"
dataStreamAddress: "localhost:45719"
clientAddress: "localhost:36975"
adminAddress: "localhost:40635"
startupRole: FOLLOWER
,id: "s2"
address: "localhost:35511"
dataStreamAddress: "localhost:38827"
clientAddress: "localhost:42865"
adminAddress: "localhost:36791"
startupRole: FOLLOWER
, old:), (t:2, i:1), STATEMACHINELOGENTRY, 0@client-2EFB324ADA71, (t:2, i:2), METADATAENTRY(c:1), (t:2, i:3), STATEMACHINELOGENTRY, 999@client-AE8279CAF820, (t:2, i:4), METADATAENTRY(c:3)]
2022-11-08 19:12:10,580 [s2-server-thread2] INFO  server.RaftServer$Division (RaftServerImpl.java:checkInconsistentAppendEntries(1592)) - s2@group-EA982605F2E5: Failed appendEntries as the first entry (index 0) already exists (snapshotIndex: -1, commitIndex: 0)
2022-11-08 19:12:10,580 [s2-server-thread2] INFO  server.RaftServer$Division (RaftServerImpl.java:checkInconsistentAppendEntries(1572)) - s2@group-EA982605F2E5: inconsistency entries. Reply:s1<-s2#2317:FAIL-t2,INCONSISTENCY,nextIndex=1,followerCommit=0,matchIndex=-1
2022-11-08 19:12:10,581 [grpc-default-executor-3] INFO  leader.FollowerInfo (FollowerInfoImpl.java:lambda$new$0(48)) - s1@group-EA982605F2E5->s2: nextIndex: updateUnconditionally 5 -> 1
2022-11-08 19:12:10,581 [s2-server-thread2] DEBUG server.RaftServer$Division (RaftServerImpl.java:logAppendEntries(1421)) - s2@group-EA982605F2E5: receive appendEntries(s1, 2, (t:2, i:0), 4, true, commits:[s1:c4, s0:c4, s2:c0], cId:2318, entries: [(t:2, i:1), STATEMACHINELOGENTRY, 0@client-2EFB324ADA71, (t:2, i:2), METADATAENTRY(c:1), (t:2, i:3), STATEMACHINELOGENTRY, 999@client-AE8279CAF820, (t:2, i:4), METADATAENTRY(c:3)]
2022-11-08 19:12:10,582 [s2-server-thread2] INFO  server.RaftServer$Division (RaftServerImpl.java:checkInconsistentAppendEntries(1602)) - s2@group-EA982605F2E5: Failed appendEntries as previous log entry ((t:2, i:0)) is not found
2022-11-08 19:12:10,582 [s2-server-thread2] INFO  server.RaftServer$Division (RaftServerImpl.java:checkInconsistentAppendEntries(1572)) - s2@group-EA982605F2E5: inconsistency entries. Reply:s1<-s2#2318:FAIL-t2,INCONSISTENCY,nextIndex=0,followerCommit=0,matchIndex=-1
2022-11-08 19:12:10,582 [grpc-default-executor-3] INFO  leader.FollowerInfo (FollowerInfoImpl.java:lambda$new$0(48)) - s1@group-EA982605F2E5->s2: nextIndex: updateUnconditionally 5 -> 0
2022-11-08 19:12:10,583 [s2-server-thread1] DEBUG server.RaftServer$Division (RaftServerImpl.java:logAppendEntries(1421)) - s2@group-EA982605F2E5: receive appendEntries(s1, 2, null, 4, true, commits:[s1:c4, s0:c4, s2:c0], cId:2319, entries: [(t:2, i:0), CONFIGURATIONENTRY(current:id: "s0"
address: "localhost:34297"
dataStreamAddress: "localhost:43983"
clientAddress: "localhost:39609"
adminAddress: "localhost:37077"
startupRole: FOLLOWER
,id: "s1"
address: "localhost:38917"
dataStreamAddress: "localhost:45719"
clientAddress: "localhost:36975"
adminAddress: "localhost:40635"
startupRole: FOLLOWER
,id: "s2"
address: "localhost:35511"
dataStreamAddress: "localhost:38827"
clientAddress: "localhost:42865"
adminAddress: "localhost:36791"
startupRole: FOLLOWER
, old:), (t:2, i:1), STATEMACHINELOGENTRY, 0@client-2EFB324ADA71, (t:2, i:2), METADATAENTRY(c:1), (t:2, i:3), STATEMACHINELOGENTRY, 999@client-AE8279CAF820, (t:2, i:4), METADATAENTRY(c:3)]
2022-11-08 19:12:10,583 [s2-server-thread1] INFO  server.RaftServer$Division (RaftServerImpl.java:checkInconsistentAppendEntries(1592)) - s2@group-EA982605F2E5: Failed appendEntries as the first entry (index 0) already exists (snapshotIndex: -1, commitIndex: 0)
2022-11-08 19:12:10,584 [s2-server-thread1] INFO  server.RaftServer$Division (RaftServerImpl.java:checkInconsistentAppendEntries(1572)) - s2@group-EA982605F2E5: inconsistency entries. Reply:s1<-s2#2319:FAIL-t2,INCONSISTENCY,nextIndex=1,followerCommit=0,matchIndex=-1
2022-11-08 19:12:10,584 [grpc-default-executor-3] INFO  leader.FollowerInfo (FollowerInfoImpl.java:lambda$new$0(48)) - s1@group-EA982605F2E5->s2: nextIndex: updateUnconditionally 5 -> 1
2022-11-08 19:12:10,584 [s2-server-thread2] DEBUG server.RaftServer$Division (RaftServerImpl.java:logAppendEntries(1421)) - s2@group-EA982605F2E5: receive appendEntries(s1, 2, (t:2, i:0), 4, true, commits:[s1:c4, s0:c4, s2:c0], cId:2320, entries: [(t:2, i:1), STATEMACHINELOGENTRY, 0@client-2EFB324ADA71, (t:2, i:2), METADATAENTRY(c:1), (t:2, i:3), STATEMACHINELOGENTRY, 999@client-AE8279CAF820, (t:2, i:4), METADATAENTRY(c:3)]
2022-11-08 19:12:10,585 [s2-server-thread2] INFO  server.RaftServer$Division (RaftServerImpl.java:checkInconsistentAppendEntries(1602)) - s2@group-EA982605F2E5: Failed appendEntries as previous log entry ((t:2, i:0)) is not found
2022-11-08 19:12:10,585 [s2-server-thread2] INFO  server.RaftServer$Division (RaftServerImpl.java:checkInconsistentAppendEntries(1572)) - s2@group-EA982605F2E5: inconsistency entries. Reply:s1<-s2#2320:FAIL-t2,INCONSISTENCY,nextIndex=0,followerCommit=0,matchIndex=-1
2022-11-08 19:12:10,585 [grpc-default-executor-3] INFO  leader.FollowerInfo (FollowerInfoImpl.java:lambda$new$0(48)) - s1@group-EA982605F2E5->s2: nextIndex: updateUnconditionally 5 -> 0
2022-11-08 19:12:10,586 [s2-server-thread2] DEBUG server.RaftServer$Division (RaftServerImpl.java:logAppendEntries(1421)) - s2@group-EA982605F2E5: receive appendEntries(s1, 2, null, 4, true, commits:[s1:c4, s0:c4, s2:c0], cId:2321, entries: [(t:2, i:0), CONFIGURATIONENTRY(current:id: "s0"
address: "localhost:34297"
dataStreamAddress: "localhost:43983"
clientAddress: "localhost:39609"
adminAddress: "localhost:37077"
startupRole: FOLLOWER
,id: "s1"
address: "localhost:38917"
dataStreamAddress: "localhost:45719"
clientAddress: "localhost:36975"
adminAddress: "localhost:40635"
startupRole: FOLLOWER
,id: "s2"
address: "localhost:35511"
dataStreamAddress: "localhost:38827"
clientAddress: "localhost:42865"
adminAddress: "localhost:36791"
startupRole: FOLLOWER
, old:), (t:2, i:1), STATEMACHINELOGENTRY, 0@client-2EFB324ADA71, (t:2, i:2), METADATAENTRY(c:1), (t:2, i:3), STATEMACHINELOGENTRY, 999@client-AE8279CAF820, (t:2, i:4), METADATAENTRY(c:3)]
2022-11-08 19:12:10,586 [s2-server-thread2] INFO  server.RaftServer$Division (RaftServerImpl.java:checkInconsistentAppendEntries(1592)) - s2@group-EA982605F2E5: Failed appendEntries as the first entry (index 0) already exists (snapshotIndex: -1, commitIndex: 0)
2022-11-08 19:12:10,586 [s2-server-thread2] INFO  server.RaftServer$Division (RaftServerImpl.java:checkInconsistentAppendEntries(1572)) - s2@group-EA982605F2E5: inconsistency entries. Reply:s1<-s2#2321:FAIL-t2,INCONSISTENCY,nextIndex=1,followerCommit=0,matchIndex=-1
2022-11-08 19:12:10,586 [grpc-default-executor-3] INFO  leader.FollowerInfo (FollowerInfoImpl.java:lambda$new$0(48)) - s1@group-EA982605F2E5->s2: nextIndex: updateUnconditionally 5 -> 1
2022-11-08 19:12:10,587 [s2-server-thread2] DEBUG server.RaftServer$Division (RaftServerImpl.java:logAppendEntries(1421)) - s2@group-EA982605F2E5: receive appendEntries(s1, 2, (t:2, i:0), 4, true, commits:[s1:c4, s0:c4, s2:c0], cId:2322, entries: [(t:2, i:1), STATEMACHINELOGENTRY, 0@client-2EFB324ADA71, (t:2, i:2), METADATAENTRY(c:1), (t:2, i:3), STATEMACHINELOGENTRY, 999@client-AE8279CAF820, (t:2, i:4), METADATAENTRY(c:3)]
2022-11-08 19:12:10,587 [s2-server-thread2] INFO  server.RaftServer$Division (RaftServerImpl.java:checkInconsistentAppendEntries(1602)) - s2@group-EA982605F2E5: Failed appendEntries as previous log entry ((t:2, i:0)) is not found
2022-11-08 19:12:10,587 [s2-server-thread2] INFO  server.RaftServer$Division (RaftServerImpl.java:checkInconsistentAppendEntries(1572)) - s2@group-EA982605F2E5: inconsistency entries. Reply:s1<-s2#2322:FAIL-t2,INCONSISTENCY,nextIndex=0,followerCommit=0,matchIndex=-1
2022-11-08 19:12:10,587 [grpc-default-executor-3] INFO  leader.FollowerInfo (FollowerInfoImpl.java:lambda$new$0(48)) - s1@group-EA982605F2E5->s2: nextIndex: updateUnconditionally 5 -> 0
2022-11-08 19:12:10,588 [s2-server-thread2] DEBUG server.RaftServer$Division (RaftServerImpl.java:logAppendEntries(1421)) - s2@group-EA982605F2E5: receive appendEntries(s1, 2, null, 4, true, commits:[s1:c4, s0:c4, s2:c0], cId:2323, entries: [(t:2, i:0), CONFIGURATIONENTRY(current:id: "s0"
address: "localhost:34297"
dataStreamAddress: "localhost:43983"
clientAddress: "localhost:39609"
adminAddress: "localhost:37077"
startupRole: FOLLOWER
,id: "s1"
address: "localhost:38917"
dataStreamAddress: "localhost:45719"
clientAddress: "localhost:36975"
adminAddress: "localhost:40635"
startupRole: FOLLOWER
,id: "s2"
address: "localhost:35511"
dataStreamAddress: "localhost:38827"
clientAddress: "localhost:42865"
adminAddress: "localhost:36791"
startupRole: FOLLOWER
, old:), (t:2, i:1), STATEMACHINELOGENTRY, 0@client-2EFB324ADA71, (t:2, i:2), METADATAENTRY(c:1), (t:2, i:3), STATEMACHINELOGENTRY, 999@client-AE8279CAF820, (t:2, i:4), METADATAENTRY(c:3)]
2022-11-08 19:12:10,588 [s2-server-thread2] INFO  server.RaftServer$Division (RaftServerImpl.java:checkInconsistentAppendEntries(1592)) - s2@group-EA982605F2E5: Failed appendEntries as the first entry (index 0) already exists (snapshotIndex: -1, commitIndex: 0)
2022-11-08 19:12:10,588 [s2-server-thread2] INFO  server.RaftServer$Division (RaftServerImpl.java:checkInconsistentAppendEntries(1572)) - s2@group-EA982605F2E5: inconsistency entries. Reply:s1<-s2#2323:FAIL-t2,INCONSISTENCY,nextIndex=1,followerCommit=0,matchIndex=-1
2022-11-08 19:12:10,588 [grpc-default-executor-3] INFO  leader.FollowerInfo (FollowerInfoImpl.java:lambda$new$0(48)) - s1@group-EA982605F2E5->s2: nextIndex: updateUnconditionally 5 -> 1
2022-11-08 19:12:10,589 [s2-server-thread2] DEBUG server.RaftServer$Division (RaftServerImpl.java:logAppendEntries(1421)) - s2@group-EA982605F2E5: receive appendEntries(s1, 2, (t:2, i:0), 4, true, commits:[s1:c4, s0:c4, s2:c0], cId:2324, entries: [(t:2, i:1), STATEMACHINELOGENTRY, 0@client-2EFB324ADA71, (t:2, i:2), METADATAENTRY(c:1), (t:2, i:3), STATEMACHINELOGENTRY, 999@client-AE8279CAF820, (t:2, i:4), METADATAENTRY(c:3)]
2022-11-08 19:12:10,589 [s2-server-thread2] INFO  server.RaftServer$Division (RaftServerImpl.java:checkInconsistentAppendEntries(1602)) - s2@group-EA982605F2E5: Failed appendEntries as previous log entry ((t:2, i:0)) is not found
2022-11-08 19:12:10,589 [s2-server-thread2] INFO  server.RaftServer$Division (RaftServerImpl.java:checkInconsistentAppendEntries(1572)) - s2@group-EA982605F2E5: inconsistency entries. Reply:s1<-s2#2324:FAIL-t2,INCONSISTENCY,nextIndex=0,followerCommit=0,matchIndex=-1
2022-11-08 19:12:10,589 [grpc-default-executor-3] INFO  leader.FollowerInfo (FollowerInfoImpl.java:lambda$new$0(48)) - s1@group-EA982605F2E5->s2: nextIndex: updateUnconditionally 5 -> 0
2022-11-08 19:12:10,590 [s2-server-thread2] DEBUG server.RaftServer$Division (RaftServerImpl.java:logAppendEntries(1421)) - s2@group-EA982605F2E5: receive appendEntries(s1, 2, null, 4, true, commits:[s1:c4, s0:c4, s2:c0], cId:2325, entries: [(t:2, i:0), CONFIGURATIONENTRY(current:id: "s0"
address: "localhost:34297"
dataStreamAddress: "localhost:43983"
clientAddress: "localhost:39609"
adminAddress: "localhost:37077"
startupRole: FOLLOWER
,id: "s1"
address: "localhost:38917"
dataStreamAddress: "localhost:45719"
clientAddress: "localhost:36975"
adminAddress: "localhost:40635"
startupRole: FOLLOWER
,id: "s2"
address: "localhost:35511"
dataStreamAddress: "localhost:38827"
clientAddress: "localhost:42865"
adminAddress: "localhost:36791"
startupRole: FOLLOWER
, old:), (t:2, i:1), STATEMACHINELOGENTRY, 0@client-2EFB324ADA71, (t:2, i:2), METADATAENTRY(c:1), (t:2, i:3), STATEMACHINELOGENTRY, 999@client-AE8279CAF820, (t:2, i:4), METADATAENTRY(c:3)]
2022-11-08 19:12:10,590 [s2-server-thread2] INFO  server.RaftServer$Division (RaftServerImpl.java:checkInconsistentAppendEntries(1592)) - s2@group-EA982605F2E5: Failed appendEntries as the first entry (index 0) already exists (snapshotIndex: -1, commitIndex: 0)
2022-11-08 19:12:10,590 [s2-server-thread2] INFO  server.RaftServer$Division (RaftServerImpl.java:checkInconsistentAppendEntries(1572)) - s2@group-EA982605F2E5: inconsistency entries. Reply:s1<-s2#2325:FAIL-t2,INCONSISTENCY,nextIndex=1,followerCommit=0,matchIndex=-1
2022-11-08 19:12:10,591 [grpc-default-executor-3] INFO  leader.FollowerInfo (FollowerInfoImpl.java:lambda$new$0(48)) - s1@group-EA982605F2E5->s2: nextIndex: updateUnconditionally 5 -> 1
2022-11-08 19:12:10,591 [s2-server-thread2] DEBUG server.RaftServer$Division (RaftServerImpl.java:logAppendEntries(1421)) - s2@group-EA982605F2E5: receive appendEntries(s1, 2, (t:2, i:0), 4, true, commits:[s1:c4, s0:c4, s2:c0], cId:2326, entries: [(t:2, i:1), STATEMACHINELOGENTRY, 0@client-2EFB324ADA71, (t:2, i:2), METADATAENTRY(c:1), (t:2, i:3), STATEMACHINELOGENTRY, 999@client-AE8279CAF820, (t:2, i:4), METADATAENTRY(c:3)]
2022-11-08 19:12:10,591 [s2-server-thread2] INFO  server.RaftServer$Division (RaftServerImpl.java:checkInconsistentAppendEntries(1602)) - s2@group-EA982605F2E5: Failed appendEntries as previous log entry ((t:2, i:0)) is not found
2022-11-08 19:12:10,591 [s2-server-thread2] INFO  server.RaftServer$Division (RaftServerImpl.java:checkInconsistentAppendEntries(1572)) - s2@group-EA982605F2E5: inconsistency entries. Reply:s1<-s2#2326:FAIL-t2,INCONSISTENCY,nextIndex=0,followerCommit=0,matchIndex=-1
2022-11-08 19:12:10,592 [grpc-default-executor-3] INFO  leader.FollowerInfo (FollowerInfoImpl.java:lambda$new$0(48)) - s1@group-EA982605F2E5->s2: nextIndex: updateUnconditionally 5 -> 0
2022-11-08 19:12:10,592 [s2-server-thread2] DEBUG server.RaftServer$Division (RaftServerImpl.java:logAppendEntries(1421)) - s2@group-EA982605F2E5: receive appendEntries(s1, 2, null, 4, true, commits:[s1:c4, s0:c4, s2:c0], cId:2327, entries: [(t:2, i:0), CONFIGURATIONENTRY(current:id: "s0"
address: "localhost:34297"
dataStreamAddress: "localhost:43983"
clientAddress: "localhost:39609"
adminAddress: "localhost:37077"
startupRole: FOLLOWER
,id: "s1"
address: "localhost:38917"
dataStreamAddress: "localhost:45719"
clientAddress: "localhost:36975"
adminAddress: "localhost:40635"
startupRole: FOLLOWER
,id: "s2"
address: "localhost:35511"
dataStreamAddress: "localhost:38827"
clientAddress: "localhost:42865"
adminAddress: "localhost:36791"
startupRole: FOLLOWER
, old:), (t:2, i:1), STATEMACHINELOGENTRY, 0@client-2EFB324ADA71, (t:2, i:2), METADATAENTRY(c:1), (t:2, i:3), STATEMACHINELOGENTRY, 999@client-AE8279CAF820, (t:2, i:4), METADATAENTRY(c:3)]
2022-11-08 19:12:10,592 [s2-server-thread2] INFO  server.RaftServer$Division (RaftServerImpl.java:checkInconsistentAppendEntries(1592)) - s2@group-EA982605F2E5: Failed appendEntries as the first entry (index 0) already exists (snapshotIndex: -1, commitIndex: 0)
2022-11-08 19:12:10,593 [s2-server-thread2] INFO  server.RaftServer$Division (RaftServerImpl.java:checkInconsistentAppendEntries(1572)) - s2@group-EA982605F2E5: inconsistency entries. Reply:s1<-s2#2327:FAIL-t2,INCONSISTENCY,nextIndex=1,followerCommit=0,matchIndex=-1
2022-11-08 19:12:10,593 [grpc-default-executor-3] INFO  leader.FollowerInfo (FollowerInfoImpl.java:lambda$new$0(48)) - s1@group-EA982605F2E5->s2: nextIndex: updateUnconditionally 5 -> 1
2022-11-08 19:12:10,593 [s2-server-thread2] DEBUG server.RaftServer$Division (RaftServerImpl.java:logAppendEntries(1421)) - s2@group-EA982605F2E5: receive appendEntries(s1, 2, (t:2, i:0), 4, true, commits:[s1:c4, s0:c4, s2:c0], cId:2328, entries: [(t:2, i:1), STATEMACHINELOGENTRY, 0@client-2EFB324ADA71, (t:2, i:2), METADATAENTRY(c:1), (t:2, i:3), STATEMACHINELOGENTRY, 999@client-AE8279CAF820, (t:2, i:4), METADATAENTRY(c:3)]
2022-11-08 19:12:10,594 [s2-server-thread2] INFO  server.RaftServer$Division (RaftServerImpl.java:checkInconsistentAppendEntries(1602)) - s2@group-EA982605F2E5: Failed appendEntries as previous log entry ((t:2, i:0)) is not found
2022-11-08 19:12:10,594 [s2-server-thread2] INFO  server.RaftServer$Division (RaftServerImpl.java:checkInconsistentAppendEntries(1572)) - s2@group-EA982605F2E5: inconsistency entries. Reply:s1<-s2#2328:FAIL-t2,INCONSISTENCY,nextIndex=0,followerCommit=0,matchIndex=-1
2022-11-08 19:12:10,594 [grpc-default-executor-3] INFO  leader.FollowerInfo (FollowerInfoImpl.java:lambda$new$0(48)) - s1@group-EA982605F2E5->s2: nextIndex: updateUnconditionally 5 -> 0
2022-11-08 19:12:10,595 [s2-server-thread2] DEBUG server.RaftServer$Division (RaftServerImpl.java:logAppendEntries(1421)) - s2@group-EA982605F2E5: receive appendEntries(s1, 2, null, 4, true, commits:[s1:c4, s0:c4, s2:c0], cId:2329, entries: [(t:2, i:0), CONFIGURATIONENTRY(current:id: "s0"
address: "localhost:34297"
dataStreamAddress: "localhost:43983"
clientAddress: "localhost:39609"
adminAddress: "localhost:37077"
startupRole: FOLLOWER
,id: "s1"
address: "localhost:38917"
dataStreamAddress: "localhost:45719"
clientAddress: "localhost:36975"
adminAddress: "localhost:40635"
startupRole: FOLLOWER
,id: "s2"
address: "localhost:35511"
dataStreamAddress: "localhost:38827"
clientAddress: "localhost:42865"
adminAddress: "localhost:36791"
startupRole: FOLLOWER
, old:), (t:2, i:1), STATEMACHINELOGENTRY, 0@client-2EFB324ADA71, (t:2, i:2), METADATAENTRY(c:1), (t:2, i:3), STATEMACHINELOGENTRY, 999@client-AE8279CAF820, (t:2, i:4), METADATAENTRY(c:3)]
2022-11-08 19:12:10,595 [s2-server-thread2] INFO  server.RaftServer$Division (RaftServerImpl.java:checkInconsistentAppendEntries(1592)) - s2@group-EA982605F2E5: Failed appendEntries as the first entry (index 0) already exists (snapshotIndex: -1, commitIndex: 0)
2022-11-08 19:12:10,595 [s2-server-thread2] INFO  server.RaftServer$Division (RaftServerImpl.java:checkInconsistentAppendEntries(1572)) - s2@group-EA982605F2E5: inconsistency entries. Reply:s1<-s2#2329:FAIL-t2,INCONSISTENCY,nextIndex=1,followerCommit=0,matchIndex=-1
2022-11-08 19:12:10,595 [grpc-default-executor-3] INFO  leader.FollowerInfo (FollowerInfoImpl.java:lambda$new$0(48)) - s1@group-EA982605F2E5->s2: nextIndex: updateUnconditionally 5 -> 1
2022-11-08 19:12:10,596 [s2-server-thread2] DEBUG server.RaftServer$Division (RaftServerImpl.java:logAppendEntries(1421)) - s2@group-EA982605F2E5: receive appendEntries(s1, 2, (t:2, i:0), 4, true, commits:[s1:c4, s0:c4, s2:c0], cId:2330, entries: [(t:2, i:1), STATEMACHINELOGENTRY, 0@client-2EFB324ADA71, (t:2, i:2), METADATAENTRY(c:1), (t:2, i:3), STATEMACHINELOGENTRY, 999@client-AE8279CAF820, (t:2, i:4), METADATAENTRY(c:3)]
2022-11-08 19:12:10,596 [s2-server-thread2] INFO  server.RaftServer$Division (RaftServerImpl.java:checkInconsistentAppendEntries(1602)) - s2@group-EA982605F2E5: Failed appendEntries as previous log entry ((t:2, i:0)) is not found
2022-11-08 19:12:10,596 [s2-server-thread2] INFO  server.RaftServer$Division (RaftServerImpl.java:checkInconsistentAppendEntries(1572)) - s2@group-EA982605F2E5: inconsistency entries. Reply:s1<-s2#2330:FAIL-t2,INCONSISTENCY,nextIndex=0,followerCommit=0,matchIndex=-1
2022-11-08 19:12:10,596 [grpc-default-executor-3] INFO  leader.FollowerInfo (FollowerInfoImpl.java:lambda$new$0(48)) - s1@group-EA982605F2E5->s2: nextIndex: updateUnconditionally 5 -> 0
2022-11-08 19:12:10,597 [s2-server-thread2] DEBUG server.RaftServer$Division (RaftServerImpl.java:logAppendEntries(1421)) - s2@group-EA982605F2E5: receive appendEntries(s1, 2, null, 4, true, commits:[s1:c4, s0:c4, s2:c0], cId:2331, entries: [(t:2, i:0), CONFIGURATIONENTRY(current:id: "s0"
address: "localhost:34297"
dataStreamAddress: "localhost:43983"
clientAddress: "localhost:39609"
adminAddress: "localhost:37077"
startupRole: FOLLOWER
,id: "s1"
address: "localhost:38917"
dataStreamAddress: "localhost:45719"
clientAddress: "localhost:36975"
adminAddress: "localhost:40635"
startupRole: FOLLOWER
,id: "s2"
address: "localhost:35511"
dataStreamAddress: "localhost:38827"
clientAddress: "localhost:42865"
adminAddress: "localhost:36791"
startupRole: FOLLOWER
, old:), (t:2, i:1), STATEMACHINELOGENTRY, 0@client-2EFB324ADA71, (t:2, i:2), METADATAENTRY(c:1), (t:2, i:3), STATEMACHINELOGENTRY, 999@client-AE8279CAF820, (t:2, i:4), METADATAENTRY(c:3)]
2022-11-08 19:12:10,597 [s2-server-thread2] INFO  server.RaftServer$Division (RaftServerImpl.java:checkInconsistentAppendEntries(1592)) - s2@group-EA982605F2E5: Failed appendEntries as the first entry (index 0) already exists (snapshotIndex: -1, commitIndex: 0)
2022-11-08 19:12:10,597 [s2-server-thread2] INFO  server.RaftServer$Division (RaftServerImpl.java:checkInconsistentAppendEntries(1572)) - s2@group-EA982605F2E5: inconsistency entries. Reply:s1<-s2#2331:FAIL-t2,INCONSISTENCY,nextIndex=1,followerCommit=0,matchIndex=-1
2022-11-08 19:12:10,598 [grpc-default-executor-3] INFO  leader.FollowerInfo (FollowerInfoImpl.java:lambda$new$0(48)) - s1@group-EA982605F2E5->s2: nextIndex: updateUnconditionally 5 -> 1
2022-11-08 19:12:10,598 [s2-server-thread2] DEBUG server.RaftServer$Division (RaftServerImpl.java:logAppendEntries(1421)) - s2@group-EA982605F2E5: receive appendEntries(s1, 2, (t:2, i:0), 4, true, commits:[s1:c4, s0:c4, s2:c0], cId:2332, entries: [(t:2, i:1), STATEMACHINELOGENTRY, 0@client-2EFB324ADA71, (t:2, i:2), METADATAENTRY(c:1), (t:2, i:3), STATEMACHINELOGENTRY, 999@client-AE8279CAF820, (t:2, i:4), METADATAENTRY(c:3)]
2022-11-08 19:12:10,598 [s2-server-thread2] INFO  server.RaftServer$Division (RaftServerImpl.java:checkInconsistentAppendEntries(1602)) - s2@group-EA982605F2E5: Failed appendEntries as previous log entry ((t:2, i:0)) is not found
2022-11-08 19:12:10,598 [s2-server-thread2] INFO  server.RaftServer$Division (RaftServerImpl.java:checkInconsistentAppendEntries(1572)) - s2@group-EA982605F2E5: inconsistency entries. Reply:s1<-s2#2332:FAIL-t2,INCONSISTENCY,nextIndex=0,followerCommit=0,matchIndex=-1
2022-11-08 19:12:10,599 [grpc-default-executor-3] INFO  leader.FollowerInfo (FollowerInfoImpl.java:lambda$new$0(48)) - s1@group-EA982605F2E5->s2: nextIndex: updateUnconditionally 5 -> 0
2022-11-08 19:12:10,599 [s2-server-thread2] DEBUG server.RaftServer$Division (RaftServerImpl.java:logAppendEntries(1421)) - s2@group-EA982605F2E5: receive appendEntries(s1, 2, null, 4, true, commits:[s1:c4, s0:c4, s2:c0], cId:2333, entries: [(t:2, i:0), CONFIGURATIONENTRY(current:id: "s0"
address: "localhost:34297"
dataStreamAddress: "localhost:43983"
clientAddress: "localhost:39609"
adminAddress: "localhost:37077"
startupRole: FOLLOWER
,id: "s1"
address: "localhost:38917"
dataStreamAddress: "localhost:45719"
clientAddress: "localhost:36975"
adminAddress: "localhost:40635"
startupRole: FOLLOWER
,id: "s2"
address: "localhost:35511"
dataStreamAddress: "localhost:38827"
clientAddress: "localhost:42865"
adminAddress: "localhost:36791"
startupRole: FOLLOWER
, old:), (t:2, i:1), STATEMACHINELOGENTRY, 0@client-2EFB324ADA71, (t:2, i:2), METADATAENTRY(c:1), (t:2, i:3), STATEMACHINELOGENTRY, 999@client-AE8279CAF820, (t:2, i:4), METADATAENTRY(c:3)]
2022-11-08 19:12:10,599 [s2-server-thread2] INFO  server.RaftServer$Division (RaftServerImpl.java:checkInconsistentAppendEntries(1592)) - s2@group-EA982605F2E5: Failed appendEntries as the first entry (index 0) already exists (snapshotIndex: -1, commitIndex: 0)
2022-11-08 19:12:10,600 [s2-server-thread2] INFO  server.RaftServer$Division (RaftServerImpl.java:checkInconsistentAppendEntries(1572)) - s2@group-EA982605F2E5: inconsistency entries. Reply:s1<-s2#2333:FAIL-t2,INCONSISTENCY,nextIndex=1,followerCommit=0,matchIndex=-1
2022-11-08 19:12:10,600 [grpc-default-executor-3] INFO  leader.FollowerInfo (FollowerInfoImpl.java:lambda$new$0(48)) - s1@group-EA982605F2E5->s2: nextIndex: updateUnconditionally 5 -> 1
2022-11-08 19:12:10,600 [s2-server-thread2] DEBUG server.RaftServer$Division (RaftServerImpl.java:logAppendEntries(1421)) - s2@group-EA982605F2E5: receive appendEntries(s1, 2, (t:2, i:0), 4, true, commits:[s1:c4, s0:c4, s2:c0], cId:2334, entries: [(t:2, i:1), STATEMACHINELOGENTRY, 0@client-2EFB324ADA71, (t:2, i:2), METADATAENTRY(c:1), (t:2, i:3), STATEMACHINELOGENTRY, 999@client-AE8279CAF820, (t:2, i:4), METADATAENTRY(c:3)]
2022-11-08 19:12:10,601 [s2-server-thread2] INFO  server.RaftServer$Division (RaftServerImpl.java:checkInconsistentAppendEntries(1602)) - s2@group-EA982605F2E5: Failed appendEntries as previous log entry ((t:2, i:0)) is not found
2022-11-08 19:12:10,601 [s2-server-thread2] INFO  server.RaftServer$Division (RaftServerImpl.java:checkInconsistentAppendEntries(1572)) - s2@group-EA982605F2E5: inconsistency entries. Reply:s1<-s2#2334:FAIL-t2,INCONSISTENCY,nextIndex=0,followerCommit=0,matchIndex=-1
2022-11-08 19:12:10,601 [grpc-default-executor-3] INFO  leader.FollowerInfo (FollowerInfoImpl.java:lambda$new$0(48)) - s1@group-EA982605F2E5->s2: nextIndex: updateUnconditionally 5 -> 0
2022-11-08 19:12:10,602 [s2-server-thread2] DEBUG server.RaftServer$Division (RaftServerImpl.java:logAppendEntries(1421)) - s2@group-EA982605F2E5: receive appendEntries(s1, 2, null, 4, true, commits:[s1:c4, s0:c4, s2:c0], cId:2335, entries: [(t:2, i:0), CONFIGURATIONENTRY(current:id: "s0"
address: "localhost:34297"
dataStreamAddress: "localhost:43983"
clientAddress: "localhost:39609"
adminAddress: "localhost:37077"
startupRole: FOLLOWER
,id: "s1"
address: "localhost:38917"
dataStreamAddress: "localhost:45719"
clientAddress: "localhost:36975"
adminAddress: "localhost:40635"
startupRole: FOLLOWER
,id: "s2"
address: "localhost:35511"
dataStreamAddress: "localhost:38827"
clientAddress: "localhost:42865"
adminAddress: "localhost:36791"
startupRole: FOLLOWER
, old:), (t:2, i:1), STATEMACHINELOGENTRY, 0@client-2EFB324ADA71, (t:2, i:2), METADATAENTRY(c:1), (t:2, i:3), STATEMACHINELOGENTRY, 999@client-AE8279CAF820, (t:2, i:4), METADATAENTRY(c:3)]
2022-11-08 19:12:10,602 [s2-server-thread2] INFO  server.RaftServer$Division (RaftServerImpl.java:checkInconsistentAppendEntries(1592)) - s2@group-EA982605F2E5: Failed appendEntries as the first entry (index 0) already exists (snapshotIndex: -1, commitIndex: 0)
2022-11-08 19:12:10,602 [s2-server-thread2] INFO  server.RaftServer$Division (RaftServerImpl.java:checkInconsistentAppendEntries(1572)) - s2@group-EA982605F2E5: inconsistency entries. Reply:s1<-s2#2335:FAIL-t2,INCONSISTENCY,nextIndex=1,followerCommit=0,matchIndex=-1
2022-11-08 19:12:10,602 [grpc-default-executor-3] INFO  leader.FollowerInfo (FollowerInfoImpl.java:lambda$new$0(48)) - s1@group-EA982605F2E5->s2: nextIndex: updateUnconditionally 5 -> 1
2022-11-08 19:12:10,603 [s2-server-thread2] DEBUG server.RaftServer$Division (RaftServerImpl.java:logAppendEntries(1421)) - s2@group-EA982605F2E5: receive appendEntries(s1, 2, (t:2, i:0), 4, true, commits:[s1:c4, s0:c4, s2:c0], cId:2336, entries: [(t:2, i:1), STATEMACHINELOGENTRY, 0@client-2EFB324ADA71, (t:2, i:2), METADATAENTRY(c:1), (t:2, i:3), STATEMACHINELOGENTRY, 999@client-AE8279CAF820, (t:2, i:4), METADATAENTRY(c:3)]
2022-11-08 19:12:10,603 [s2-server-thread2] INFO  server.RaftServer$Division (RaftServerImpl.java:checkInconsistentAppendEntries(1602)) - s2@group-EA982605F2E5: Failed appendEntries as previous log entry ((t:2, i:0)) is not found
2022-11-08 19:12:10,603 [s2-server-thread2] INFO  server.RaftServer$Division (RaftServerImpl.java:checkInconsistentAppendEntries(1572)) - s2@group-EA982605F2E5: inconsistency entries. Reply:s1<-s2#2336:FAIL-t2,INCONSISTENCY,nextIndex=0,followerCommit=0,matchIndex=-1
2022-11-08 19:12:10,603 [grpc-default-executor-3] INFO  leader.FollowerInfo (FollowerInfoImpl.java:lambda$new$0(48)) - s1@group-EA982605F2E5->s2: nextIndex: updateUnconditionally 5 -> 0
2022-11-08 19:12:10,604 [s2-server-thread1] DEBUG server.RaftServer$Division (RaftServerImpl.java:logAppendEntries(1421)) - s2@group-EA982605F2E5: receive appendEntries(s1, 2, null, 4, true, commits:[s1:c4, s0:c4, s2:c0], cId:2337, entries: [(t:2, i:0), CONFIGURATIONENTRY(current:id: "s0"
address: "localhost:34297"
dataStreamAddress: "localhost:43983"
clientAddress: "localhost:39609"
adminAddress: "localhost:37077"
startupRole: FOLLOWER
,id: "s1"
address: "localhost:38917"
dataStreamAddress: "localhost:45719"
clientAddress: "localhost:36975"
adminAddress: "localhost:40635"
startupRole: FOLLOWER
,id: "s2"
address: "localhost:35511"
dataStreamAddress: "localhost:38827"
clientAddress: "localhost:42865"
adminAddress: "localhost:36791"
startupRole: FOLLOWER
, old:), (t:2, i:1), STATEMACHINELOGENTRY, 0@client-2EFB324ADA71, (t:2, i:2), METADATAENTRY(c:1), (t:2, i:3), STATEMACHINELOGENTRY, 999@client-AE8279CAF820, (t:2, i:4), METADATAENTRY(c:3)]
2022-11-08 19:12:10,604 [s2-server-thread1] INFO  server.RaftServer$Division (RaftServerImpl.java:checkInconsistentAppendEntries(1592)) - s2@group-EA982605F2E5: Failed appendEntries as the first entry (index 0) already exists (snapshotIndex: -1, commitIndex: 0)
2022-11-08 19:12:10,604 [s2-server-thread1] INFO  server.RaftServer$Division (RaftServerImpl.java:checkInconsistentAppendEntries(1572)) - s2@group-EA982605F2E5: inconsistency entries. Reply:s1<-s2#2337:FAIL-t2,INCONSISTENCY,nextIndex=1,followerCommit=0,matchIndex=-1
2022-11-08 19:12:10,604 [grpc-default-executor-3] INFO  leader.FollowerInfo (FollowerInfoImpl.java:lambda$new$0(48)) - s1@group-EA982605F2E5->s2: nextIndex: updateUnconditionally 5 -> 1
2022-11-08 19:12:10,605 [s2-server-thread2] DEBUG server.RaftServer$Division (RaftServerImpl.java:logAppendEntries(1421)) - s2@group-EA982605F2E5: receive appendEntries(s1, 2, (t:2, i:0), 4, true, commits:[s1:c4, s0:c4, s2:c0], cId:2338, entries: [(t:2, i:1), STATEMACHINELOGENTRY, 0@client-2EFB324ADA71, (t:2, i:2), METADATAENTRY(c:1), (t:2, i:3), STATEMACHINELOGENTRY, 999@client-AE8279CAF820, (t:2, i:4), METADATAENTRY(c:3)]
2022-11-08 19:12:10,605 [s2-server-thread2] INFO  server.RaftServer$Division (RaftServerImpl.java:checkInconsistentAppendEntries(1602)) - s2@group-EA982605F2E5: Failed appendEntries as previous log entry ((t:2, i:0)) is not found
2022-11-08 19:12:10,605 [s2-server-thread2] INFO  server.RaftServer$Division (RaftServerImpl.java:checkInconsistentAppendEntries(1572)) - s2@group-EA982605F2E5: inconsistency entries. Reply:s1<-s2#2338:FAIL-t2,INCONSISTENCY,nextIndex=0,followerCommit=0,matchIndex=-1
2022-11-08 19:12:10,605 [grpc-default-executor-3] INFO  leader.FollowerInfo (FollowerInfoImpl.java:lambda$new$0(48)) - s1@group-EA982605F2E5->s2: nextIndex: updateUnconditionally 5 -> 0
2022-11-08 19:12:10,606 [s2-server-thread2] DEBUG server.RaftServer$Division (RaftServerImpl.java:logAppendEntries(1421)) - s2@group-EA982605F2E5: receive appendEntries(s1, 2, null, 4, true, commits:[s1:c4, s0:c4, s2:c0], cId:2339, entries: [(t:2, i:0), CONFIGURATIONENTRY(current:id: "s0"
address: "localhost:34297"
dataStreamAddress: "localhost:43983"
clientAddress: "localhost:39609"
adminAddress: "localhost:37077"
startupRole: FOLLOWER
,id: "s1"
address: "localhost:38917"
dataStreamAddress: "localhost:45719"
clientAddress: "localhost:36975"
adminAddress: "localhost:40635"
startupRole: FOLLOWER
,id: "s2"
address: "localhost:35511"
dataStreamAddress: "localhost:38827"
clientAddress: "localhost:42865"
adminAddress: "localhost:36791"
startupRole: FOLLOWER
, old:), (t:2, i:1), STATEMACHINELOGENTRY, 0@client-2EFB324ADA71, (t:2, i:2), METADATAENTRY(c:1), (t:2, i:3), STATEMACHINELOGENTRY, 999@client-AE8279CAF820, (t:2, i:4), METADATAENTRY(c:3)]
2022-11-08 19:12:10,606 [s2-server-thread2] INFO  server.RaftServer$Division (RaftServerImpl.java:checkInconsistentAppendEntries(1592)) - s2@group-EA982605F2E5: Failed appendEntries as the first entry (index 0) already exists (snapshotIndex: -1, commitIndex: 0)
2022-11-08 19:12:10,606 [s2-server-thread2] INFO  server.RaftServer$Division (RaftServerImpl.java:checkInconsistentAppendEntries(1572)) - s2@group-EA982605F2E5: inconsistency entries. Reply:s1<-s2#2339:FAIL-t2,INCONSISTENCY,nextIndex=1,followerCommit=0,matchIndex=-1
2022-11-08 19:12:10,606 [grpc-default-executor-3] INFO  leader.FollowerInfo (FollowerInfoImpl.java:lambda$new$0(48)) - s1@group-EA982605F2E5->s2: nextIndex: updateUnconditionally 5 -> 1
2022-11-08 19:12:10,607 [s2-server-thread2] DEBUG server.RaftServer$Division (RaftServerImpl.java:logAppendEntries(1421)) - s2@group-EA982605F2E5: receive appendEntries(s1, 2, (t:2, i:0), 4, true, commits:[s1:c4, s0:c4, s2:c0], cId:2340, entries: [(t:2, i:1), STATEMACHINELOGENTRY, 0@client-2EFB324ADA71, (t:2, i:2), METADATAENTRY(c:1), (t:2, i:3), STATEMACHINELOGENTRY, 999@client-AE8279CAF820, (t:2, i:4), METADATAENTRY(c:3)]
2022-11-08 19:12:10,607 [s2-server-thread2] INFO  server.RaftServer$Division (RaftServerImpl.java:checkInconsistentAppendEntries(1602)) - s2@group-EA982605F2E5: Failed appendEntries as previous log entry ((t:2, i:0)) is not found
2022-11-08 19:12:10,607 [s2-server-thread2] INFO  server.RaftServer$Division (RaftServerImpl.java:checkInconsistentAppendEntries(1572)) - s2@group-EA982605F2E5: inconsistency entries. Reply:s1<-s2#2340:FAIL-t2,INCONSISTENCY,nextIndex=0,followerCommit=0,matchIndex=-1
2022-11-08 19:12:10,607 [grpc-default-executor-3] INFO  leader.FollowerInfo (FollowerInfoImpl.java:lambda$new$0(48)) - s1@group-EA982605F2E5->s2: nextIndex: updateUnconditionally 5 -> 0
2022-11-08 19:12:10,608 [s2-server-thread2] DEBUG server.RaftServer$Division (RaftServerImpl.java:logAppendEntries(1421)) - s2@group-EA982605F2E5: receive appendEntries(s1, 2, null, 4, true, commits:[s1:c4, s0:c4, s2:c0], cId:2341, entries: [(t:2, i:0), CONFIGURATIONENTRY(current:id: "s0"
address: "localhost:34297"
dataStreamAddress: "localhost:43983"
clientAddress: "localhost:39609"
adminAddress: "localhost:37077"
startupRole: FOLLOWER
,id: "s1"
address: "localhost:38917"
dataStreamAddress: "localhost:45719"
clientAddress: "localhost:36975"
adminAddress: "localhost:40635"
startupRole: FOLLOWER
,id: "s2"
address: "localhost:35511"
dataStreamAddress: "localhost:38827"
clientAddress: "localhost:42865"
adminAddress: "localhost:36791"
startupRole: FOLLOWER
, old:), (t:2, i:1), STATEMACHINELOGENTRY, 0@client-2EFB324ADA71, (t:2, i:2), METADATAENTRY(c:1), (t:2, i:3), STATEMACHINELOGENTRY, 999@client-AE8279CAF820, (t:2, i:4), METADATAENTRY(c:3)]
2022-11-08 19:12:10,608 [s2-server-thread2] INFO  server.RaftServer$Division (RaftServerImpl.java:checkInconsistentAppendEntries(1592)) - s2@group-EA982605F2E5: Failed appendEntries as the first entry (index 0) already exists (snapshotIndex: -1, commitIndex: 0)
2022-11-08 19:12:10,608 [s2-server-thread2] INFO  server.RaftServer$Division (RaftServerImpl.java:checkInconsistentAppendEntries(1572)) - s2@group-EA982605F2E5: inconsistency entries. Reply:s1<-s2#2341:FAIL-t2,INCONSISTENCY,nextIndex=1,followerCommit=0,matchIndex=-1
2022-11-08 19:12:10,608 [grpc-default-executor-3] INFO  leader.FollowerInfo (FollowerInfoImpl.java:lambda$new$0(48)) - s1@group-EA982605F2E5->s2: nextIndex: updateUnconditionally 5 -> 1
2022-11-08 19:12:10,608 [s2-server-thread1] DEBUG server.RaftServer$Division (RaftServerImpl.java:logAppendEntries(1421)) - s2@group-EA982605F2E5: receive appendEntries(s1, 2, (t:2, i:0), 4, true, commits:[s1:c4, s0:c4, s2:c0], cId:2342, entries: [(t:2, i:1), STATEMACHINELOGENTRY, 0@client-2EFB324ADA71, (t:2, i:2), METADATAENTRY(c:1), (t:2, i:3), STATEMACHINELOGENTRY, 999@client-AE8279CAF820, (t:2, i:4), METADATAENTRY(c:3)]
2022-11-08 19:12:10,608 [s2-server-thread1] INFO  server.RaftServer$Division (RaftServerImpl.java:checkInconsistentAppendEntries(1602)) - s2@group-EA982605F2E5: Failed appendEntries as previous log entry ((t:2, i:0)) is not found
2022-11-08 19:12:10,609 [s2-server-thread1] INFO  server.RaftServer$Division (RaftServerImpl.java:checkInconsistentAppendEntries(1572)) - s2@group-EA982605F2E5: inconsistency entries. Reply:s1<-s2#2342:FAIL-t2,INCONSISTENCY,nextIndex=0,followerCommit=0,matchIndex=-1
2022-11-08 19:12:10,609 [grpc-default-executor-3] INFO  leader.FollowerInfo (FollowerInfoImpl.java:lambda$new$0(48)) - s1@group-EA982605F2E5->s2: nextIndex: updateUnconditionally 5 -> 0
2022-11-08 19:12:10,609 [s2-server-thread2] DEBUG server.RaftServer$Division (RaftServerImpl.java:logAppendEntries(1421)) - s2@group-EA982605F2E5: receive appendEntries(s1, 2, null, 4, true, commits:[s1:c4, s0:c4, s2:c0], cId:2343, entries: [(t:2, i:0), CONFIGURATIONENTRY(current:id: "s0"
address: "localhost:34297"
dataStreamAddress: "localhost:43983"
clientAddress: "localhost:39609"
adminAddress: "localhost:37077"
startupRole: FOLLOWER
,id: "s1"
address: "localhost:38917"
dataStreamAddress: "localhost:45719"
clientAddress: "localhost:36975"
adminAddress: "localhost:40635"
startupRole: FOLLOWER
,id: "s2"
address: "localhost:35511"
dataStreamAddress: "localhost:38827"
clientAddress: "localhost:42865"
adminAddress: "localhost:36791"
startupRole: FOLLOWER
, old:), (t:2, i:1), STATEMACHINELOGENTRY, 0@client-2EFB324ADA71, (t:2, i:2), METADATAENTRY(c:1), (t:2, i:3), STATEMACHINELOGENTRY, 999@client-AE8279CAF820, (t:2, i:4), METADATAENTRY(c:3)]
2022-11-08 19:12:10,609 [s2-server-thread2] INFO  server.RaftServer$Division (RaftServerImpl.java:checkInconsistentAppendEntries(1592)) - s2@group-EA982605F2E5: Failed appendEntries as the first entry (index 0) already exists (snapshotIndex: -1, commitIndex: 0)
2022-11-08 19:12:10,609 [s2-server-thread2] INFO  server.RaftServer$Division (RaftServerImpl.java:checkInconsistentAppendEntries(1572)) - s2@group-EA982605F2E5: inconsistency entries. Reply:s1<-s2#2343:FAIL-t2,INCONSISTENCY,nextIndex=1,followerCommit=0,matchIndex=-1
2022-11-08 19:12:10,610 [grpc-default-executor-3] INFO  leader.FollowerInfo (FollowerInfoImpl.java:lambda$new$0(48)) - s1@group-EA982605F2E5->s2: nextIndex: updateUnconditionally 5 -> 1
2022-11-08 19:12:10,610 [s2-server-thread2] DEBUG server.RaftServer$Division (RaftServerImpl.java:logAppendEntries(1421)) - s2@group-EA982605F2E5: receive appendEntries(s1, 2, (t:2, i:0), 4, true, commits:[s1:c4, s0:c4, s2:c0], cId:2344, entries: [(t:2, i:1), STATEMACHINELOGENTRY, 0@client-2EFB324ADA71, (t:2, i:2), METADATAENTRY(c:1), (t:2, i:3), STATEMACHINELOGENTRY, 999@client-AE8279CAF820, (t:2, i:4), METADATAENTRY(c:3)]
2022-11-08 19:12:10,610 [s2-server-thread2] INFO  server.RaftServer$Division (RaftServerImpl.java:checkInconsistentAppendEntries(1602)) - s2@group-EA982605F2E5: Failed appendEntries as previous log entry ((t:2, i:0)) is not found
2022-11-08 19:12:10,610 [s2-server-thread2] INFO  server.RaftServer$Division (RaftServerImpl.java:checkInconsistentAppendEntries(1572)) - s2@group-EA982605F2E5: inconsistency entries. Reply:s1<-s2#2344:FAIL-t2,INCONSISTENCY,nextIndex=0,followerCommit=0,matchIndex=-1
2022-11-08 19:12:10,611 [grpc-default-executor-3] INFO  leader.FollowerInfo (FollowerInfoImpl.java:lambda$new$0(48)) - s1@group-EA982605F2E5->s2: nextIndex: updateUnconditionally 5 -> 0
2022-11-08 19:12:10,611 [s2-server-thread1] DEBUG server.RaftServer$Division (RaftServerImpl.java:logAppendEntries(1421)) - s2@group-EA982605F2E5: receive appendEntries(s1, 2, null, 4, true, commits:[s1:c4, s0:c4, s2:c0], cId:2345, entries: [(t:2, i:0), CONFIGURATIONENTRY(current:id: "s0"
address: "localhost:34297"
dataStreamAddress: "localhost:43983"
clientAddress: "localhost:39609"
adminAddress: "localhost:37077"
startupRole: FOLLOWER
,id: "s1"
address: "localhost:38917"
dataStreamAddress: "localhost:45719"
clientAddress: "localhost:36975"
adminAddress: "localhost:40635"
startupRole: FOLLOWER
,id: "s2"
address: "localhost:35511"
dataStreamAddress: "localhost:38827"
clientAddress: "localhost:42865"
adminAddress: "localhost:36791"
startupRole: FOLLOWER
, old:), (t:2, i:1), STATEMACHINELOGENTRY, 0@client-2EFB324ADA71, (t:2, i:2), METADATAENTRY(c:1), (t:2, i:3), STATEMACHINELOGENTRY, 999@client-AE8279CAF820, (t:2, i:4), METADATAENTRY(c:3)]
2022-11-08 19:12:10,611 [s2-server-thread1] INFO  server.RaftServer$Division (RaftServerImpl.java:checkInconsistentAppendEntries(1592)) - s2@group-EA982605F2E5: Failed appendEntries as the first entry (index 0) already exists (snapshotIndex: -1, commitIndex: 0)
2022-11-08 19:12:10,611 [s2-server-thread1] INFO  server.RaftServer$Division (RaftServerImpl.java:checkInconsistentAppendEntries(1572)) - s2@group-EA982605F2E5: inconsistency entries. Reply:s1<-s2#2345:FAIL-t2,INCONSISTENCY,nextIndex=1,followerCommit=0,matchIndex=-1
2022-11-08 19:12:10,612 [grpc-default-executor-3] INFO  leader.FollowerInfo (FollowerInfoImpl.java:lambda$new$0(48)) - s1@group-EA982605F2E5->s2: nextIndex: updateUnconditionally 5 -> 1
2022-11-08 19:12:10,612 [s2-server-thread2] DEBUG server.RaftServer$Division (RaftServerImpl.java:logAppendEntries(1421)) - s2@group-EA982605F2E5: receive appendEntries(s1, 2, (t:2, i:0), 4, true, commits:[s1:c4, s0:c4, s2:c0], cId:2346, entries: [(t:2, i:1), STATEMACHINELOGENTRY, 0@client-2EFB324ADA71, (t:2, i:2), METADATAENTRY(c:1), (t:2, i:3), STATEMACHINELOGENTRY, 999@client-AE8279CAF820, (t:2, i:4), METADATAENTRY(c:3)]
2022-11-08 19:12:10,612 [s2-server-thread2] INFO  server.RaftServer$Division (RaftServerImpl.java:checkInconsistentAppendEntries(1602)) - s2@group-EA982605F2E5: Failed appendEntries as previous log entry ((t:2, i:0)) is not found
2022-11-08 19:12:10,612 [s2-server-thread2] INFO  server.RaftServer$Division (RaftServerImpl.java:checkInconsistentAppendEntries(1572)) - s2@group-EA982605F2E5: inconsistency entries. Reply:s1<-s2#2346:FAIL-t2,INCONSISTENCY,nextIndex=0,followerCommit=0,matchIndex=-1
2022-11-08 19:12:10,612 [grpc-default-executor-3] INFO  leader.FollowerInfo (FollowerInfoImpl.java:lambda$new$0(48)) - s1@group-EA982605F2E5->s2: nextIndex: updateUnconditionally 5 -> 0
2022-11-08 19:12:10,613 [s2-server-thread2] DEBUG server.RaftServer$Division (RaftServerImpl.java:logAppendEntries(1421)) - s2@group-EA982605F2E5: receive appendEntries(s1, 2, null, 4, true, commits:[s1:c4, s0:c4, s2:c0], cId:2347, entries: [(t:2, i:0), CONFIGURATIONENTRY(current:id: "s0"
address: "localhost:34297"
dataStreamAddress: "localhost:43983"
clientAddress: "localhost:39609"
adminAddress: "localhost:37077"
startupRole: FOLLOWER
,id: "s1"
address: "localhost:38917"
dataStreamAddress: "localhost:45719"
clientAddress: "localhost:36975"
adminAddress: "localhost:40635"
startupRole: FOLLOWER
,id: "s2"
address: "localhost:35511"
dataStreamAddress: "localhost:38827"
clientAddress: "localhost:42865"
adminAddress: "localhost:36791"
startupRole: FOLLOWER
, old:), (t:2, i:1), STATEMACHINELOGENTRY, 0@client-2EFB324ADA71, (t:2, i:2), METADATAENTRY(c:1), (t:2, i:3), STATEMACHINELOGENTRY, 999@client-AE8279CAF820, (t:2, i:4), METADATAENTRY(c:3)]
2022-11-08 19:12:10,613 [s2-server-thread2] INFO  server.RaftServer$Division (RaftServerImpl.java:checkInconsistentAppendEntries(1592)) - s2@group-EA982605F2E5: Failed appendEntries as the first entry (index 0) already exists (snapshotIndex: -1, commitIndex: 0)
2022-11-08 19:12:10,613 [s2-server-thread2] INFO  server.RaftServer$Division (RaftServerImpl.java:checkInconsistentAppendEntries(1572)) - s2@group-EA982605F2E5: inconsistency entries. Reply:s1<-s2#2347:FAIL-t2,INCONSISTENCY,nextIndex=1,followerCommit=0,matchIndex=-1
2022-11-08 19:12:10,613 [grpc-default-executor-3] INFO  leader.FollowerInfo (FollowerInfoImpl.java:lambda$new$0(48)) - s1@group-EA982605F2E5->s2: nextIndex: updateUnconditionally 5 -> 1
2022-11-08 19:12:10,614 [s2-server-thread1] DEBUG server.RaftServer$Division (RaftServerImpl.java:logAppendEntries(1421)) - s2@group-EA982605F2E5: receive appendEntries(s1, 2, (t:2, i:0), 4, true, commits:[s1:c4, s0:c4, s2:c0], cId:2348, entries: [(t:2, i:1), STATEMACHINELOGENTRY, 0@client-2EFB324ADA71, (t:2, i:2), METADATAENTRY(c:1), (t:2, i:3), STATEMACHINELOGENTRY, 999@client-AE8279CAF820, (t:2, i:4), METADATAENTRY(c:3)]
2022-11-08 19:12:10,614 [s2-server-thread1] INFO  server.RaftServer$Division (RaftServerImpl.java:checkInconsistentAppendEntries(1602)) - s2@group-EA982605F2E5: Failed appendEntries as previous log entry ((t:2, i:0)) is not found
2022-11-08 19:12:10,614 [s2-server-thread1] INFO  server.RaftServer$Division (RaftServerImpl.java:checkInconsistentAppendEntries(1572)) - s2@group-EA982605F2E5: inconsistency entries. Reply:s1<-s2#2348:FAIL-t2,INCONSISTENCY,nextIndex=0,followerCommit=0,matchIndex=-1
2022-11-08 19:12:10,614 [grpc-default-executor-3] INFO  leader.FollowerInfo (FollowerInfoImpl.java:lambda$new$0(48)) - s1@group-EA982605F2E5->s2: nextIndex: updateUnconditionally 5 -> 0
2022-11-08 19:12:10,615 [s2-server-thread2] DEBUG server.RaftServer$Division (RaftServerImpl.java:logAppendEntries(1421)) - s2@group-EA982605F2E5: receive appendEntries(s1, 2, null, 4, true, commits:[s1:c4, s0:c4, s2:c0], cId:2349, entries: [(t:2, i:0), CONFIGURATIONENTRY(current:id: "s0"
address: "localhost:34297"
dataStreamAddress: "localhost:43983"
clientAddress: "localhost:39609"
adminAddress: "localhost:37077"
startupRole: FOLLOWER
,id: "s1"
address: "localhost:38917"
dataStreamAddress: "localhost:45719"
clientAddress: "localhost:36975"
adminAddress: "localhost:40635"
startupRole: FOLLOWER
,id: "s2"
address: "localhost:35511"
dataStreamAddress: "localhost:38827"
clientAddress: "localhost:42865"
adminAddress: "localhost:36791"
startupRole: FOLLOWER
, old:), (t:2, i:1), STATEMACHINELOGENTRY, 0@client-2EFB324ADA71, (t:2, i:2), METADATAENTRY(c:1), (t:2, i:3), STATEMACHINELOGENTRY, 999@client-AE8279CAF820, (t:2, i:4), METADATAENTRY(c:3)]
2022-11-08 19:12:10,615 [s2-server-thread2] INFO  server.RaftServer$Division (RaftServerImpl.java:checkInconsistentAppendEntries(1592)) - s2@group-EA982605F2E5: Failed appendEntries as the first entry (index 0) already exists (snapshotIndex: -1, commitIndex: 0)
2022-11-08 19:12:10,615 [s2-server-thread2] INFO  server.RaftServer$Division (RaftServerImpl.java:checkInconsistentAppendEntries(1572)) - s2@group-EA982605F2E5: inconsistency entries. Reply:s1<-s2#2349:FAIL-t2,INCONSISTENCY,nextIndex=1,followerCommit=0,matchIndex=-1
2022-11-08 19:12:10,615 [grpc-default-executor-3] INFO  leader.FollowerInfo (FollowerInfoImpl.java:lambda$new$0(48)) - s1@group-EA982605F2E5->s2: nextIndex: updateUnconditionally 5 -> 1
2022-11-08 19:12:10,616 [s2-server-thread2] DEBUG server.RaftServer$Division (RaftServerImpl.java:logAppendEntries(1421)) - s2@group-EA982605F2E5: receive appendEntries(s1, 2, (t:2, i:0), 4, true, commits:[s1:c4, s0:c4, s2:c0], cId:2350, entries: [(t:2, i:1), STATEMACHINELOGENTRY, 0@client-2EFB324ADA71, (t:2, i:2), METADATAENTRY(c:1), (t:2, i:3), STATEMACHINELOGENTRY, 999@client-AE8279CAF820, (t:2, i:4), METADATAENTRY(c:3)]
2022-11-08 19:12:10,616 [s2-server-thread2] INFO  server.RaftServer$Division (RaftServerImpl.java:checkInconsistentAppendEntries(1602)) - s2@group-EA982605F2E5: Failed appendEntries as previous log entry ((t:2, i:0)) is not found
2022-11-08 19:12:10,616 [s2-server-thread2] INFO  server.RaftServer$Division (RaftServerImpl.java:checkInconsistentAppendEntries(1572)) - s2@group-EA982605F2E5: inconsistency entries. Reply:s1<-s2#2350:FAIL-t2,INCONSISTENCY,nextIndex=0,followerCommit=0,matchIndex=-1
2022-11-08 19:12:10,616 [grpc-default-executor-3] INFO  leader.FollowerInfo (FollowerInfoImpl.java:lambda$new$0(48)) - s1@group-EA982605F2E5->s2: nextIndex: updateUnconditionally 5 -> 0
2022-11-08 19:12:10,617 [s2-server-thread1] DEBUG server.RaftServer$Division (RaftServerImpl.java:logAppendEntries(1421)) - s2@group-EA982605F2E5: receive appendEntries(s1, 2, null, 4, true, commits:[s1:c4, s0:c4, s2:c0], cId:2351, entries: [(t:2, i:0), CONFIGURATIONENTRY(current:id: "s0"
address: "localhost:34297"
dataStreamAddress: "localhost:43983"
clientAddress: "localhost:39609"
adminAddress: "localhost:37077"
startupRole: FOLLOWER
,id: "s1"
address: "localhost:38917"
dataStreamAddress: "localhost:45719"
clientAddress: "localhost:36975"
adminAddress: "localhost:40635"
startupRole: FOLLOWER
,id: "s2"
address: "localhost:35511"
dataStreamAddress: "localhost:38827"
clientAddress: "localhost:42865"
adminAddress: "localhost:36791"
startupRole: FOLLOWER
, old:), (t:2, i:1), STATEMACHINELOGENTRY, 0@client-2EFB324ADA71, (t:2, i:2), METADATAENTRY(c:1), (t:2, i:3), STATEMACHINELOGENTRY, 999@client-AE8279CAF820, (t:2, i:4), METADATAENTRY(c:3)]
2022-11-08 19:12:10,617 [s2-server-thread1] INFO  server.RaftServer$Division (RaftServerImpl.java:checkInconsistentAppendEntries(1592)) - s2@group-EA982605F2E5: Failed appendEntries as the first entry (index 0) already exists (snapshotIndex: -1, commitIndex: 0)
2022-11-08 19:12:10,617 [s2-server-thread1] INFO  server.RaftServer$Division (RaftServerImpl.java:checkInconsistentAppendEntries(1572)) - s2@group-EA982605F2E5: inconsistency entries. Reply:s1<-s2#2351:FAIL-t2,INCONSISTENCY,nextIndex=1,followerCommit=0,matchIndex=-1
2022-11-08 19:12:10,617 [grpc-default-executor-3] INFO  leader.FollowerInfo (FollowerInfoImpl.java:lambda$new$0(48)) - s1@group-EA982605F2E5->s2: nextIndex: updateUnconditionally 5 -> 1
2022-11-08 19:12:10,617 [s2-server-thread2] DEBUG server.RaftServer$Division (RaftServerImpl.java:logAppendEntries(1421)) - s2@group-EA982605F2E5: receive appendEntries(s1, 2, (t:2, i:0), 4, true, commits:[s1:c4, s0:c4, s2:c0], cId:2352, entries: [(t:2, i:1), STATEMACHINELOGENTRY, 0@client-2EFB324ADA71, (t:2, i:2), METADATAENTRY(c:1), (t:2, i:3), STATEMACHINELOGENTRY, 999@client-AE8279CAF820, (t:2, i:4), METADATAENTRY(c:3)]
2022-11-08 19:12:10,618 [s2-server-thread2] INFO  server.RaftServer$Division (RaftServerImpl.java:checkInconsistentAppendEntries(1602)) - s2@group-EA982605F2E5: Failed appendEntries as previous log entry ((t:2, i:0)) is not found
2022-11-08 19:12:10,618 [s2-server-thread2] INFO  server.RaftServer$Division (RaftServerImpl.java:checkInconsistentAppendEntries(1572)) - s2@group-EA982605F2E5: inconsistency entries. Reply:s1<-s2#2352:FAIL-t2,INCONSISTENCY,nextIndex=0,followerCommit=0,matchIndex=-1
2022-11-08 19:12:10,618 [grpc-default-executor-3] INFO  leader.FollowerInfo (FollowerInfoImpl.java:lambda$new$0(48)) - s1@group-EA982605F2E5->s2: nextIndex: updateUnconditionally 5 -> 0
2022-11-08 19:12:10,618 [s2-server-thread2] DEBUG server.RaftServer$Division (RaftServerImpl.java:logAppendEntries(1421)) - s2@group-EA982605F2E5: receive appendEntries(s1, 2, null, 4, true, commits:[s1:c4, s0:c4, s2:c0], cId:2353, entries: [(t:2, i:0), CONFIGURATIONENTRY(current:id: "s0"
address: "localhost:34297"
dataStreamAddress: "localhost:43983"
clientAddress: "localhost:39609"
adminAddress: "localhost:37077"
startupRole: FOLLOWER
,id: "s1"
address: "localhost:38917"
dataStreamAddress: "localhost:45719"
clientAddress: "localhost:36975"
adminAddress: "localhost:40635"
startupRole: FOLLOWER
,id: "s2"
address: "localhost:35511"
dataStreamAddress: "localhost:38827"
clientAddress: "localhost:42865"
adminAddress: "localhost:36791"
startupRole: FOLLOWER
, old:), (t:2, i:1), STATEMACHINELOGENTRY, 0@client-2EFB324ADA71, (t:2, i:2), METADATAENTRY(c:1), (t:2, i:3), STATEMACHINELOGENTRY, 999@client-AE8279CAF820, (t:2, i:4), METADATAENTRY(c:3)]
2022-11-08 19:12:10,618 [s2-server-thread2] INFO  server.RaftServer$Division (RaftServerImpl.java:checkInconsistentAppendEntries(1592)) - s2@group-EA982605F2E5: Failed appendEntries as the first entry (index 0) already exists (snapshotIndex: -1, commitIndex: 0)
2022-11-08 19:12:10,618 [s2-server-thread2] INFO  server.RaftServer$Division (RaftServerImpl.java:checkInconsistentAppendEntries(1572)) - s2@group-EA982605F2E5: inconsistency entries. Reply:s1<-s2#2353:FAIL-t2,INCONSISTENCY,nextIndex=1,followerCommit=0,matchIndex=-1
2022-11-08 19:12:10,619 [grpc-default-executor-3] INFO  leader.FollowerInfo (FollowerInfoImpl.java:lambda$new$0(48)) - s1@group-EA982605F2E5->s2: nextIndex: updateUnconditionally 5 -> 1
2022-11-08 19:12:10,619 [s2-server-thread1] DEBUG server.RaftServer$Division (RaftServerImpl.java:logAppendEntries(1421)) - s2@group-EA982605F2E5: receive appendEntries(s1, 2, (t:2, i:0), 4, true, commits:[s1:c4, s0:c4, s2:c0], cId:2354, entries: [(t:2, i:1), STATEMACHINELOGENTRY, 0@client-2EFB324ADA71, (t:2, i:2), METADATAENTRY(c:1), (t:2, i:3), STATEMACHINELOGENTRY, 999@client-AE8279CAF820, (t:2, i:4), METADATAENTRY(c:3)]
2022-11-08 19:12:10,619 [s2-server-thread1] INFO  server.RaftServer$Division (RaftServerImpl.java:checkInconsistentAppendEntries(1602)) - s2@group-EA982605F2E5: Failed appendEntries as previous log entry ((t:2, i:0)) is not found
2022-11-08 19:12:10,619 [s2-server-thread1] INFO  server.RaftServer$Division (RaftServerImpl.java:checkInconsistentAppendEntries(1572)) - s2@group-EA982605F2E5: inconsistency entries. Reply:s1<-s2#2354:FAIL-t2,INCONSISTENCY,nextIndex=0,followerCommit=0,matchIndex=-1
2022-11-08 19:12:10,620 [grpc-default-executor-3] INFO  leader.FollowerInfo (FollowerInfoImpl.java:lambda$new$0(48)) - s1@group-EA982605F2E5->s2: nextIndex: updateUnconditionally 5 -> 0
2022-11-08 19:12:10,620 [s2-server-thread2] DEBUG server.RaftServer$Division (RaftServerImpl.java:logAppendEntries(1421)) - s2@group-EA982605F2E5: receive appendEntries(s1, 2, null, 4, true, commits:[s1:c4, s0:c4, s2:c0], cId:2355, entries: [(t:2, i:0), CONFIGURATIONENTRY(current:id: "s0"
address: "localhost:34297"
dataStreamAddress: "localhost:43983"
clientAddress: "localhost:39609"
adminAddress: "localhost:37077"
startupRole: FOLLOWER
,id: "s1"
address: "localhost:38917"
dataStreamAddress: "localhost:45719"
clientAddress: "localhost:36975"
adminAddress: "localhost:40635"
startupRole: FOLLOWER
,id: "s2"
address: "localhost:35511"
dataStreamAddress: "localhost:38827"
clientAddress: "localhost:42865"
adminAddress: "localhost:36791"
startupRole: FOLLOWER
, old:), (t:2, i:1), STATEMACHINELOGENTRY, 0@client-2EFB324ADA71, (t:2, i:2), METADATAENTRY(c:1), (t:2, i:3), STATEMACHINELOGENTRY, 999@client-AE8279CAF820, (t:2, i:4), METADATAENTRY(c:3)]
2022-11-08 19:12:10,620 [s2-server-thread2] INFO  server.RaftServer$Division (RaftServerImpl.java:checkInconsistentAppendEntries(1592)) - s2@group-EA982605F2E5: Failed appendEntries as the first entry (index 0) already exists (snapshotIndex: -1, commitIndex: 0)
2022-11-08 19:12:10,620 [s2-server-thread2] INFO  server.RaftServer$Division (RaftServerImpl.java:checkInconsistentAppendEntries(1572)) - s2@group-EA982605F2E5: inconsistency entries. Reply:s1<-s2#2355:FAIL-t2,INCONSISTENCY,nextIndex=1,followerCommit=0,matchIndex=-1
2022-11-08 19:12:10,621 [grpc-default-executor-3] INFO  leader.FollowerInfo (FollowerInfoImpl.java:lambda$new$0(48)) - s1@group-EA982605F2E5->s2: nextIndex: updateUnconditionally 5 -> 1
2022-11-08 19:12:10,621 [s2-server-thread2] DEBUG server.RaftServer$Division (RaftServerImpl.java:logAppendEntries(1421)) - s2@group-EA982605F2E5: receive appendEntries(s1, 2, (t:2, i:0), 4, true, commits:[s1:c4, s0:c4, s2:c0], cId:2356, entries: [(t:2, i:1), STATEMACHINELOGENTRY, 0@client-2EFB324ADA71, (t:2, i:2), METADATAENTRY(c:1), (t:2, i:3), STATEMACHINELOGENTRY, 999@client-AE8279CAF820, (t:2, i:4), METADATAENTRY(c:3)]
2022-11-08 19:12:10,621 [s2-server-thread2] INFO  server.RaftServer$Division (RaftServerImpl.java:checkInconsistentAppendEntries(1602)) - s2@group-EA982605F2E5: Failed appendEntries as previous log entry ((t:2, i:0)) is not found
2022-11-08 19:12:10,621 [s2-server-thread2] INFO  server.RaftServer$Division (RaftServerImpl.java:checkInconsistentAppendEntries(1572)) - s2@group-EA982605F2E5: inconsistency entries. Reply:s1<-s2#2356:FAIL-t2,INCONSISTENCY,nextIndex=0,followerCommit=0,matchIndex=-1
2022-11-08 19:12:10,622 [grpc-default-executor-3] INFO  leader.FollowerInfo (FollowerInfoImpl.java:lambda$new$0(48)) - s1@group-EA982605F2E5->s2: nextIndex: updateUnconditionally 5 -> 0
2022-11-08 19:12:10,622 [s2-server-thread2] DEBUG server.RaftServer$Division (RaftServerImpl.java:logAppendEntries(1421)) - s2@group-EA982605F2E5: receive appendEntries(s1, 2, null, 4, true, commits:[s1:c4, s0:c4, s2:c0], cId:2357, entries: [(t:2, i:0), CONFIGURATIONENTRY(current:id: "s0"
address: "localhost:34297"
dataStreamAddress: "localhost:43983"
clientAddress: "localhost:39609"
adminAddress: "localhost:37077"
startupRole: FOLLOWER
,id: "s1"
address: "localhost:38917"
dataStreamAddress: "localhost:45719"
clientAddress: "localhost:36975"
adminAddress: "localhost:40635"
startupRole: FOLLOWER
,id: "s2"
address: "localhost:35511"
dataStreamAddress: "localhost:38827"
clientAddress: "localhost:42865"
adminAddress: "localhost:36791"
startupRole: FOLLOWER
, old:), (t:2, i:1), STATEMACHINELOGENTRY, 0@client-2EFB324ADA71, (t:2, i:2), METADATAENTRY(c:1), (t:2, i:3), STATEMACHINELOGENTRY, 999@client-AE8279CAF820, (t:2, i:4), METADATAENTRY(c:3)]
2022-11-08 19:12:10,622 [s2-server-thread2] INFO  server.RaftServer$Division (RaftServerImpl.java:checkInconsistentAppendEntries(1592)) - s2@group-EA982605F2E5: Failed appendEntries as the first entry (index 0) already exists (snapshotIndex: -1, commitIndex: 0)
2022-11-08 19:12:10,622 [s2-server-thread2] INFO  server.RaftServer$Division (RaftServerImpl.java:checkInconsistentAppendEntries(1572)) - s2@group-EA982605F2E5: inconsistency entries. Reply:s1<-s2#2357:FAIL-t2,INCONSISTENCY,nextIndex=1,followerCommit=0,matchIndex=-1
2022-11-08 19:12:10,622 [grpc-default-executor-3] INFO  leader.FollowerInfo (FollowerInfoImpl.java:lambda$new$0(48)) - s1@group-EA982605F2E5->s2: nextIndex: updateUnconditionally 5 -> 1
2022-11-08 19:12:10,623 [s2-server-thread1] DEBUG server.RaftServer$Division (RaftServerImpl.java:logAppendEntries(1421)) - s2@group-EA982605F2E5: receive appendEntries(s1, 2, (t:2, i:0), 4, true, commits:[s1:c4, s0:c4, s2:c0], cId:2358, entries: [(t:2, i:1), STATEMACHINELOGENTRY, 0@client-2EFB324ADA71, (t:2, i:2), METADATAENTRY(c:1), (t:2, i:3), STATEMACHINELOGENTRY, 999@client-AE8279CAF820, (t:2, i:4), METADATAENTRY(c:3)]
2022-11-08 19:12:10,623 [s2-server-thread1] INFO  server.RaftServer$Division (RaftServerImpl.java:checkInconsistentAppendEntries(1602)) - s2@group-EA982605F2E5: Failed appendEntries as previous log entry ((t:2, i:0)) is not found
2022-11-08 19:12:10,623 [s2-server-thread1] INFO  server.RaftServer$Division (RaftServerImpl.java:checkInconsistentAppendEntries(1572)) - s2@group-EA982605F2E5: inconsistency entries. Reply:s1<-s2#2358:FAIL-t2,INCONSISTENCY,nextIndex=0,followerCommit=0,matchIndex=-1
2022-11-08 19:12:10,623 [grpc-default-executor-3] INFO  leader.FollowerInfo (FollowerInfoImpl.java:lambda$new$0(48)) - s1@group-EA982605F2E5->s2: nextIndex: updateUnconditionally 5 -> 0
2022-11-08 19:12:10,624 [s2-server-thread2] DEBUG server.RaftServer$Division (RaftServerImpl.java:logAppendEntries(1421)) - s2@group-EA982605F2E5: receive appendEntries(s1, 2, null, 4, true, commits:[s1:c4, s0:c4, s2:c0], cId:2359, entries: [(t:2, i:0), CONFIGURATIONENTRY(current:id: "s0"
address: "localhost:34297"
dataStreamAddress: "localhost:43983"
clientAddress: "localhost:39609"
adminAddress: "localhost:37077"
startupRole: FOLLOWER
,id: "s1"
address: "localhost:38917"
dataStreamAddress: "localhost:45719"
clientAddress: "localhost:36975"
adminAddress: "localhost:40635"
startupRole: FOLLOWER
,id: "s2"
address: "localhost:35511"
dataStreamAddress: "localhost:38827"
clientAddress: "localhost:42865"
adminAddress: "localhost:36791"
startupRole: FOLLOWER
, old:), (t:2, i:1), STATEMACHINELOGENTRY, 0@client-2EFB324ADA71, (t:2, i:2), METADATAENTRY(c:1), (t:2, i:3), STATEMACHINELOGENTRY, 999@client-AE8279CAF820, (t:2, i:4), METADATAENTRY(c:3)]
2022-11-08 19:12:10,624 [s2-server-thread2] INFO  server.RaftServer$Division (RaftServerImpl.java:checkInconsistentAppendEntries(1592)) - s2@group-EA982605F2E5: Failed appendEntries as the first entry (index 0) already exists (snapshotIndex: -1, commitIndex: 0)
2022-11-08 19:12:10,624 [s2-server-thread2] INFO  server.RaftServer$Division (RaftServerImpl.java:checkInconsistentAppendEntries(1572)) - s2@group-EA982605F2E5: inconsistency entries. Reply:s1<-s2#2359:FAIL-t2,INCONSISTENCY,nextIndex=1,followerCommit=0,matchIndex=-1
2022-11-08 19:12:10,624 [grpc-default-executor-3] INFO  leader.FollowerInfo (FollowerInfoImpl.java:lambda$new$0(48)) - s1@group-EA982605F2E5->s2: nextIndex: updateUnconditionally 5 -> 1
2022-11-08 19:12:10,625 [s2-server-thread2] DEBUG server.RaftServer$Division (RaftServerImpl.java:logAppendEntries(1421)) - s2@group-EA982605F2E5: receive appendEntries(s1, 2, (t:2, i:0), 4, true, commits:[s1:c4, s0:c4, s2:c0], cId:2360, entries: [(t:2, i:1), STATEMACHINELOGENTRY, 0@client-2EFB324ADA71, (t:2, i:2), METADATAENTRY(c:1), (t:2, i:3), STATEMACHINELOGENTRY, 999@client-AE8279CAF820, (t:2, i:4), METADATAENTRY(c:3)]
2022-11-08 19:12:10,625 [s2-server-thread2] INFO  server.RaftServer$Division (RaftServerImpl.java:checkInconsistentAppendEntries(1602)) - s2@group-EA982605F2E5: Failed appendEntries as previous log entry ((t:2, i:0)) is not found
2022-11-08 19:12:10,625 [s2-server-thread2] INFO  server.RaftServer$Division (RaftServerImpl.java:checkInconsistentAppendEntries(1572)) - s2@group-EA982605F2E5: inconsistency entries. Reply:s1<-s2#2360:FAIL-t2,INCONSISTENCY,nextIndex=0,followerCommit=0,matchIndex=-1
2022-11-08 19:12:10,625 [grpc-default-executor-3] INFO  leader.FollowerInfo (FollowerInfoImpl.java:lambda$new$0(48)) - s1@group-EA982605F2E5->s2: nextIndex: updateUnconditionally 5 -> 0
2022-11-08 19:12:10,626 [s2-server-thread2] DEBUG server.RaftServer$Division (RaftServerImpl.java:logAppendEntries(1421)) - s2@group-EA982605F2E5: receive appendEntries(s1, 2, null, 4, true, commits:[s1:c4, s0:c4, s2:c0], cId:2361, entries: [(t:2, i:0), CONFIGURATIONENTRY(current:id: "s0"
address: "localhost:34297"
dataStreamAddress: "localhost:43983"
clientAddress: "localhost:39609"
adminAddress: "localhost:37077"
startupRole: FOLLOWER
,id: "s1"
address: "localhost:38917"
dataStreamAddress: "localhost:45719"
clientAddress: "localhost:36975"
adminAddress: "localhost:40635"
startupRole: FOLLOWER
,id: "s2"
address: "localhost:35511"
dataStreamAddress: "localhost:38827"
clientAddress: "localhost:42865"
adminAddress: "localhost:36791"
startupRole: FOLLOWER
, old:), (t:2, i:1), STATEMACHINELOGENTRY, 0@client-2EFB324ADA71, (t:2, i:2), METADATAENTRY(c:1), (t:2, i:3), STATEMACHINELOGENTRY, 999@client-AE8279CAF820, (t:2, i:4), METADATAENTRY(c:3)]
2022-11-08 19:12:10,626 [s2-server-thread2] INFO  server.RaftServer$Division (RaftServerImpl.java:checkInconsistentAppendEntries(1592)) - s2@group-EA982605F2E5: Failed appendEntries as the first entry (index 0) already exists (snapshotIndex: -1, commitIndex: 0)
2022-11-08 19:12:10,626 [s2-server-thread2] INFO  server.RaftServer$Division (RaftServerImpl.java:checkInconsistentAppendEntries(1572)) - s2@group-EA982605F2E5: inconsistency entries. Reply:s1<-s2#2361:FAIL-t2,INCONSISTENCY,nextIndex=1,followerCommit=0,matchIndex=-1
2022-11-08 19:12:10,626 [grpc-default-executor-3] INFO  leader.FollowerInfo (FollowerInfoImpl.java:lambda$new$0(48)) - s1@group-EA982605F2E5->s2: nextIndex: updateUnconditionally 5 -> 1
2022-11-08 19:12:10,626 [s2-server-thread1] DEBUG server.RaftServer$Division (RaftServerImpl.java:logAppendEntries(1421)) - s2@group-EA982605F2E5: receive appendEntries(s1, 2, (t:2, i:0), 4, true, commits:[s1:c4, s0:c4, s2:c0], cId:2362, entries: [(t:2, i:1), STATEMACHINELOGENTRY, 0@client-2EFB324ADA71, (t:2, i:2), METADATAENTRY(c:1), (t:2, i:3), STATEMACHINELOGENTRY, 999@client-AE8279CAF820, (t:2, i:4), METADATAENTRY(c:3)]
2022-11-08 19:12:10,627 [s2-server-thread1] INFO  server.RaftServer$Division (RaftServerImpl.java:checkInconsistentAppendEntries(1602)) - s2@group-EA982605F2E5: Failed appendEntries as previous log entry ((t:2, i:0)) is not found
2022-11-08 19:12:10,627 [s2-server-thread1] INFO  server.RaftServer$Division (RaftServerImpl.java:checkInconsistentAppendEntries(1572)) - s2@group-EA982605F2E5: inconsistency entries. Reply:s1<-s2#2362:FAIL-t2,INCONSISTENCY,nextIndex=0,followerCommit=0,matchIndex=-1
2022-11-08 19:12:10,627 [grpc-default-executor-3] INFO  leader.FollowerInfo (FollowerInfoImpl.java:lambda$new$0(48)) - s1@group-EA982605F2E5->s2: nextIndex: updateUnconditionally 5 -> 0
2022-11-08 19:12:10,627 [s2-server-thread2] DEBUG server.RaftServer$Division (RaftServerImpl.java:logAppendEntries(1421)) - s2@group-EA982605F2E5: receive appendEntries(s1, 2, null, 4, true, commits:[s1:c4, s0:c4, s2:c0], cId:2363, entries: [(t:2, i:0), CONFIGURATIONENTRY(current:id: "s0"
address: "localhost:34297"
dataStreamAddress: "localhost:43983"
clientAddress: "localhost:39609"
adminAddress: "localhost:37077"
startupRole: FOLLOWER
,id: "s1"
address: "localhost:38917"
dataStreamAddress: "localhost:45719"
clientAddress: "localhost:36975"
adminAddress: "localhost:40635"
startupRole: FOLLOWER
,id: "s2"
address: "localhost:35511"
dataStreamAddress: "localhost:38827"
clientAddress: "localhost:42865"
adminAddress: "localhost:36791"
startupRole: FOLLOWER
, old:), (t:2, i:1), STATEMACHINELOGENTRY, 0@client-2EFB324ADA71, (t:2, i:2), METADATAENTRY(c:1), (t:2, i:3), STATEMACHINELOGENTRY, 999@client-AE8279CAF820, (t:2, i:4), METADATAENTRY(c:3)]
2022-11-08 19:12:10,627 [s2-server-thread2] INFO  server.RaftServer$Division (RaftServerImpl.java:checkInconsistentAppendEntries(1592)) - s2@group-EA982605F2E5: Failed appendEntries as the first entry (index 0) already exists (snapshotIndex: -1, commitIndex: 0)
2022-11-08 19:12:10,627 [s2-server-thread2] INFO  server.RaftServer$Division (RaftServerImpl.java:checkInconsistentAppendEntries(1572)) - s2@group-EA982605F2E5: inconsistency entries. Reply:s1<-s2#2363:FAIL-t2,INCONSISTENCY,nextIndex=1,followerCommit=0,matchIndex=-1
2022-11-08 19:12:10,628 [grpc-default-executor-3] INFO  leader.FollowerInfo (FollowerInfoImpl.java:lambda$new$0(48)) - s1@group-EA982605F2E5->s2: nextIndex: updateUnconditionally 5 -> 1
2022-11-08 19:12:10,628 [s2-server-thread2] DEBUG server.RaftServer$Division (RaftServerImpl.java:logAppendEntries(1421)) - s2@group-EA982605F2E5: receive appendEntries(s1, 2, (t:2, i:0), 4, true, commits:[s1:c4, s0:c4, s2:c0], cId:2364, entries: [(t:2, i:1), STATEMACHINELOGENTRY, 0@client-2EFB324ADA71, (t:2, i:2), METADATAENTRY(c:1), (t:2, i:3), STATEMACHINELOGENTRY, 999@client-AE8279CAF820, (t:2, i:4), METADATAENTRY(c:3)]
2022-11-08 19:12:10,628 [s2-server-thread2] INFO  server.RaftServer$Division (RaftServerImpl.java:checkInconsistentAppendEntries(1602)) - s2@group-EA982605F2E5: Failed appendEntries as previous log entry ((t:2, i:0)) is not found
2022-11-08 19:12:10,628 [s2-server-thread2] INFO  server.RaftServer$Division (RaftServerImpl.java:checkInconsistentAppendEntries(1572)) - s2@group-EA982605F2E5: inconsistency entries. Reply:s1<-s2#2364:FAIL-t2,INCONSISTENCY,nextIndex=0,followerCommit=0,matchIndex=-1
2022-11-08 19:12:10,629 [grpc-default-executor-3] INFO  leader.FollowerInfo (FollowerInfoImpl.java:lambda$new$0(48)) - s1@group-EA982605F2E5->s2: nextIndex: updateUnconditionally 5 -> 0
2022-11-08 19:12:10,629 [s2-server-thread1] DEBUG server.RaftServer$Division (RaftServerImpl.java:logAppendEntries(1421)) - s2@group-EA982605F2E5: receive appendEntries(s1, 2, null, 4, true, commits:[s1:c4, s0:c4, s2:c0], cId:2365, entries: [(t:2, i:0), CONFIGURATIONENTRY(current:id: "s0"
address: "localhost:34297"
dataStreamAddress: "localhost:43983"
clientAddress: "localhost:39609"
adminAddress: "localhost:37077"
startupRole: FOLLOWER
,id: "s1"
address: "localhost:38917"
dataStreamAddress: "localhost:45719"
clientAddress: "localhost:36975"
adminAddress: "localhost:40635"
startupRole: FOLLOWER
,id: "s2"
address: "localhost:35511"
dataStreamAddress: "localhost:38827"
clientAddress: "localhost:42865"
adminAddress: "localhost:36791"
startupRole: FOLLOWER
, old:), (t:2, i:1), STATEMACHINELOGENTRY, 0@client-2EFB324ADA71, (t:2, i:2), METADATAENTRY(c:1), (t:2, i:3), STATEMACHINELOGENTRY, 999@client-AE8279CAF820, (t:2, i:4), METADATAENTRY(c:3)]
2022-11-08 19:12:10,629 [s2-server-thread1] INFO  server.RaftServer$Division (RaftServerImpl.java:checkInconsistentAppendEntries(1592)) - s2@group-EA982605F2E5: Failed appendEntries as the first entry (index 0) already exists (snapshotIndex: -1, commitIndex: 0)
2022-11-08 19:12:10,629 [s2-server-thread1] INFO  server.RaftServer$Division (RaftServerImpl.java:checkInconsistentAppendEntries(1572)) - s2@group-EA982605F2E5: inconsistency entries. Reply:s1<-s2#2365:FAIL-t2,INCONSISTENCY,nextIndex=1,followerCommit=0,matchIndex=-1
2022-11-08 19:12:10,630 [grpc-default-executor-3] INFO  leader.FollowerInfo (FollowerInfoImpl.java:lambda$new$0(48)) - s1@group-EA982605F2E5->s2: nextIndex: updateUnconditionally 5 -> 1
2022-11-08 19:12:10,630 [s2-server-thread2] DEBUG server.RaftServer$Division (RaftServerImpl.java:logAppendEntries(1421)) - s2@group-EA982605F2E5: receive appendEntries(s1, 2, (t:2, i:0), 4, true, commits:[s1:c4, s0:c4, s2:c0], cId:2366, entries: [(t:2, i:1), STATEMACHINELOGENTRY, 0@client-2EFB324ADA71, (t:2, i:2), METADATAENTRY(c:1), (t:2, i:3), STATEMACHINELOGENTRY, 999@client-AE8279CAF820, (t:2, i:4), METADATAENTRY(c:3)]
2022-11-08 19:12:10,630 [s2-server-thread2] INFO  server.RaftServer$Division (RaftServerImpl.java:checkInconsistentAppendEntries(1602)) - s2@group-EA982605F2E5: Failed appendEntries as previous log entry ((t:2, i:0)) is not found
2022-11-08 19:12:10,630 [s2-server-thread2] INFO  server.RaftServer$Division (RaftServerImpl.java:checkInconsistentAppendEntries(1572)) - s2@group-EA982605F2E5: inconsistency entries. Reply:s1<-s2#2366:FAIL-t2,INCONSISTENCY,nextIndex=0,followerCommit=0,matchIndex=-1
2022-11-08 19:12:10,631 [grpc-default-executor-3] INFO  leader.FollowerInfo (FollowerInfoImpl.java:lambda$new$0(48)) - s1@group-EA982605F2E5->s2: nextIndex: updateUnconditionally 5 -> 0
2022-11-08 19:12:10,631 [s2-server-thread2] DEBUG server.RaftServer$Division (RaftServerImpl.java:logAppendEntries(1421)) - s2@group-EA982605F2E5: receive appendEntries(s1, 2, null, 4, true, commits:[s1:c4, s0:c4, s2:c0], cId:2367, entries: [(t:2, i:0), CONFIGURATIONENTRY(current:id: "s0"
address: "localhost:34297"
dataStreamAddress: "localhost:43983"
clientAddress: "localhost:39609"
adminAddress: "localhost:37077"
startupRole: FOLLOWER
,id: "s1"
address: "localhost:38917"
dataStreamAddress: "localhost:45719"
clientAddress: "localhost:36975"
adminAddress: "localhost:40635"
startupRole: FOLLOWER
,id: "s2"
address: "localhost:35511"
dataStreamAddress: "localhost:38827"
clientAddress: "localhost:42865"
adminAddress: "localhost:36791"
startupRole: FOLLOWER
, old:), (t:2, i:1), STATEMACHINELOGENTRY, 0@client-2EFB324ADA71, (t:2, i:2), METADATAENTRY(c:1), (t:2, i:3), STATEMACHINELOGENTRY, 999@client-AE8279CAF820, (t:2, i:4), METADATAENTRY(c:3)]
2022-11-08 19:12:10,631 [s2-server-thread2] INFO  server.RaftServer$Division (RaftServerImpl.java:checkInconsistentAppendEntries(1592)) - s2@group-EA982605F2E5: Failed appendEntries as the first entry (index 0) already exists (snapshotIndex: -1, commitIndex: 0)
2022-11-08 19:12:10,631 [s2-server-thread2] INFO  server.RaftServer$Division (RaftServerImpl.java:checkInconsistentAppendEntries(1572)) - s2@group-EA982605F2E5: inconsistency entries. Reply:s1<-s2#2367:FAIL-t2,INCONSISTENCY,nextIndex=1,followerCommit=0,matchIndex=-1
2022-11-08 19:12:10,632 [grpc-default-executor-3] INFO  leader.FollowerInfo (FollowerInfoImpl.java:lambda$new$0(48)) - s1@group-EA982605F2E5->s2: nextIndex: updateUnconditionally 5 -> 1
2022-11-08 19:12:10,632 [s2-server-thread2] DEBUG server.RaftServer$Division (RaftServerImpl.java:logAppendEntries(1421)) - s2@group-EA982605F2E5: receive appendEntries(s1, 2, (t:2, i:0), 4, true, commits:[s1:c4, s0:c4, s2:c0], cId:2368, entries: [(t:2, i:1), STATEMACHINELOGENTRY, 0@client-2EFB324ADA71, (t:2, i:2), METADATAENTRY(c:1), (t:2, i:3), STATEMACHINELOGENTRY, 999@client-AE8279CAF820, (t:2, i:4), METADATAENTRY(c:3)]
2022-11-08 19:12:10,632 [s2-server-thread2] INFO  server.RaftServer$Division (RaftServerImpl.java:checkInconsistentAppendEntries(1602)) - s2@group-EA982605F2E5: Failed appendEntries as previous log entry ((t:2, i:0)) is not found
2022-11-08 19:12:10,632 [s2-server-thread2] INFO  server.RaftServer$Division (RaftServerImpl.java:checkInconsistentAppendEntries(1572)) - s2@group-EA982605F2E5: inconsistency entries. Reply:s1<-s2#2368:FAIL-t2,INCONSISTENCY,nextIndex=0,followerCommit=0,matchIndex=-1
2022-11-08 19:12:10,632 [grpc-default-executor-3] INFO  leader.FollowerInfo (FollowerInfoImpl.java:lambda$new$0(48)) - s1@group-EA982605F2E5->s2: nextIndex: updateUnconditionally 5 -> 0
2022-11-08 19:12:10,633 [s2-server-thread1] DEBUG server.RaftServer$Division (RaftServerImpl.java:logAppendEntries(1421)) - s2@group-EA982605F2E5: receive appendEntries(s1, 2, null, 4, true, commits:[s1:c4, s0:c4, s2:c0], cId:2369, entries: [(t:2, i:0), CONFIGURATIONENTRY(current:id: "s0"
address: "localhost:34297"
dataStreamAddress: "localhost:43983"
clientAddress: "localhost:39609"
adminAddress: "localhost:37077"
startupRole: FOLLOWER
,id: "s1"
address: "localhost:38917"
dataStreamAddress: "localhost:45719"
clientAddress: "localhost:36975"
adminAddress: "localhost:40635"
startupRole: FOLLOWER
,id: "s2"
address: "localhost:35511"
dataStreamAddress: "localhost:38827"
clientAddress: "localhost:42865"
adminAddress: "localhost:36791"
startupRole: FOLLOWER
, old:), (t:2, i:1), STATEMACHINELOGENTRY, 0@client-2EFB324ADA71, (t:2, i:2), METADATAENTRY(c:1), (t:2, i:3), STATEMACHINELOGENTRY, 999@client-AE8279CAF820, (t:2, i:4), METADATAENTRY(c:3)]
2022-11-08 19:12:10,633 [s2-server-thread1] INFO  server.RaftServer$Division (RaftServerImpl.java:checkInconsistentAppendEntries(1592)) - s2@group-EA982605F2E5: Failed appendEntries as the first entry (index 0) already exists (snapshotIndex: -1, commitIndex: 0)
2022-11-08 19:12:10,633 [s2-server-thread1] INFO  server.RaftServer$Division (RaftServerImpl.java:checkInconsistentAppendEntries(1572)) - s2@group-EA982605F2E5: inconsistency entries. Reply:s1<-s2#2369:FAIL-t2,INCONSISTENCY,nextIndex=1,followerCommit=0,matchIndex=-1
2022-11-08 19:12:10,633 [grpc-default-executor-3] INFO  leader.FollowerInfo (FollowerInfoImpl.java:lambda$new$0(48)) - s1@group-EA982605F2E5->s2: nextIndex: updateUnconditionally 5 -> 1
2022-11-08 19:12:10,634 [s2-server-thread2] DEBUG server.RaftServer$Division (RaftServerImpl.java:logAppendEntries(1421)) - s2@group-EA982605F2E5: receive appendEntries(s1, 2, (t:2, i:0), 4, true, commits:[s1:c4, s0:c4, s2:c0], cId:2370, entries: [(t:2, i:1), STATEMACHINELOGENTRY, 0@client-2EFB324ADA71, (t:2, i:2), METADATAENTRY(c:1), (t:2, i:3), STATEMACHINELOGENTRY, 999@client-AE8279CAF820, (t:2, i:4), METADATAENTRY(c:3)]
2022-11-08 19:12:10,634 [s2-server-thread2] INFO  server.RaftServer$Division (RaftServerImpl.java:checkInconsistentAppendEntries(1602)) - s2@group-EA982605F2E5: Failed appendEntries as previous log entry ((t:2, i:0)) is not found
2022-11-08 19:12:10,634 [s2-server-thread2] INFO  server.RaftServer$Division (RaftServerImpl.java:checkInconsistentAppendEntries(1572)) - s2@group-EA982605F2E5: inconsistency entries. Reply:s1<-s2#2370:FAIL-t2,INCONSISTENCY,nextIndex=0,followerCommit=0,matchIndex=-1
2022-11-08 19:12:10,634 [grpc-default-executor-3] INFO  leader.FollowerInfo (FollowerInfoImpl.java:lambda$new$0(48)) - s1@group-EA982605F2E5->s2: nextIndex: updateUnconditionally 5 -> 0
2022-11-08 19:12:10,635 [s2-server-thread2] DEBUG server.RaftServer$Division (RaftServerImpl.java:logAppendEntries(1421)) - s2@group-EA982605F2E5: receive appendEntries(s1, 2, null, 4, true, commits:[s1:c4, s0:c4, s2:c0], cId:2371, entries: [(t:2, i:0), CONFIGURATIONENTRY(current:id: "s0"
address: "localhost:34297"
dataStreamAddress: "localhost:43983"
clientAddress: "localhost:39609"
adminAddress: "localhost:37077"
startupRole: FOLLOWER
,id: "s1"
address: "localhost:38917"
dataStreamAddress: "localhost:45719"
clientAddress: "localhost:36975"
adminAddress: "localhost:40635"
startupRole: FOLLOWER
,id: "s2"
address: "localhost:35511"
dataStreamAddress: "localhost:38827"
clientAddress: "localhost:42865"
adminAddress: "localhost:36791"
startupRole: FOLLOWER
, old:), (t:2, i:1), STATEMACHINELOGENTRY, 0@client-2EFB324ADA71, (t:2, i:2), METADATAENTRY(c:1), (t:2, i:3), STATEMACHINELOGENTRY, 999@client-AE8279CAF820, (t:2, i:4), METADATAENTRY(c:3)]
2022-11-08 19:12:10,635 [s2-server-thread2] INFO  server.RaftServer$Division (RaftServerImpl.java:checkInconsistentAppendEntries(1592)) - s2@group-EA982605F2E5: Failed appendEntries as the first entry (index 0) already exists (snapshotIndex: -1, commitIndex: 0)
2022-11-08 19:12:10,635 [s2-server-thread2] INFO  server.RaftServer$Division (RaftServerImpl.java:checkInconsistentAppendEntries(1572)) - s2@group-EA982605F2E5: inconsistency entries. Reply:s1<-s2#2371:FAIL-t2,INCONSISTENCY,nextIndex=1,followerCommit=0,matchIndex=-1
2022-11-08 19:12:10,635 [grpc-default-executor-3] INFO  leader.FollowerInfo (FollowerInfoImpl.java:lambda$new$0(48)) - s1@group-EA982605F2E5->s2: nextIndex: updateUnconditionally 5 -> 1
2022-11-08 19:12:10,636 [s2-server-thread1] DEBUG server.RaftServer$Division (RaftServerImpl.java:logAppendEntries(1421)) - s2@group-EA982605F2E5: receive appendEntries(s1, 2, (t:2, i:0), 4, true, commits:[s1:c4, s0:c4, s2:c0], cId:2372, entries: [(t:2, i:1), STATEMACHINELOGENTRY, 0@client-2EFB324ADA71, (t:2, i:2), METADATAENTRY(c:1), (t:2, i:3), STATEMACHINELOGENTRY, 999@client-AE8279CAF820, (t:2, i:4), METADATAENTRY(c:3)]
2022-11-08 19:12:10,636 [s2-server-thread1] INFO  server.RaftServer$Division (RaftServerImpl.java:checkInconsistentAppendEntries(1602)) - s2@group-EA982605F2E5: Failed appendEntries as previous log entry ((t:2, i:0)) is not found
2022-11-08 19:12:10,636 [s2-server-thread1] INFO  server.RaftServer$Division (RaftServerImpl.java:checkInconsistentAppendEntries(1572)) - s2@group-EA982605F2E5: inconsistency entries. Reply:s1<-s2#2372:FAIL-t2,INCONSISTENCY,nextIndex=0,followerCommit=0,matchIndex=-1
2022-11-08 19:12:10,636 [grpc-default-executor-3] INFO  leader.FollowerInfo (FollowerInfoImpl.java:lambda$new$0(48)) - s1@group-EA982605F2E5->s2: nextIndex: updateUnconditionally 5 -> 0
2022-11-08 19:12:10,636 [s2-server-thread2] DEBUG server.RaftServer$Division (RaftServerImpl.java:logAppendEntries(1421)) - s2@group-EA982605F2E5: receive appendEntries(s1, 2, null, 4, true, commits:[s1:c4, s0:c4, s2:c0], cId:2373, entries: [(t:2, i:0), CONFIGURATIONENTRY(current:id: "s0"
address: "localhost:34297"
dataStreamAddress: "localhost:43983"
clientAddress: "localhost:39609"
adminAddress: "localhost:37077"
startupRole: FOLLOWER
,id: "s1"
address: "localhost:38917"
dataStreamAddress: "localhost:45719"
clientAddress: "localhost:36975"
adminAddress: "localhost:40635"
startupRole: FOLLOWER
,id: "s2"
address: "localhost:35511"
dataStreamAddress: "localhost:38827"
clientAddress: "localhost:42865"
adminAddress: "localhost:36791"
startupRole: FOLLOWER
, old:), (t:2, i:1), STATEMACHINELOGENTRY, 0@client-2EFB324ADA71, (t:2, i:2), METADATAENTRY(c:1), (t:2, i:3), STATEMACHINELOGENTRY, 999@client-AE8279CAF820, (t:2, i:4), METADATAENTRY(c:3)]
2022-11-08 19:12:10,637 [s2-server-thread2] INFO  server.RaftServer$Division (RaftServerImpl.java:checkInconsistentAppendEntries(1592)) - s2@group-EA982605F2E5: Failed appendEntries as the first entry (index 0) already exists (snapshotIndex: -1, commitIndex: 0)
2022-11-08 19:12:10,637 [s2-server-thread2] INFO  server.RaftServer$Division (RaftServerImpl.java:checkInconsistentAppendEntries(1572)) - s2@group-EA982605F2E5: inconsistency entries. Reply:s1<-s2#2373:FAIL-t2,INCONSISTENCY,nextIndex=1,followerCommit=0,matchIndex=-1
2022-11-08 19:12:10,637 [grpc-default-executor-3] INFO  leader.FollowerInfo (FollowerInfoImpl.java:lambda$new$0(48)) - s1@group-EA982605F2E5->s2: nextIndex: updateUnconditionally 5 -> 1
2022-11-08 19:12:10,637 [s2-server-thread2] DEBUG server.RaftServer$Division (RaftServerImpl.java:logAppendEntries(1421)) - s2@group-EA982605F2E5: receive appendEntries(s1, 2, (t:2, i:0), 4, true, commits:[s1:c4, s0:c4, s2:c0], cId:2374, entries: [(t:2, i:1), STATEMACHINELOGENTRY, 0@client-2EFB324ADA71, (t:2, i:2), METADATAENTRY(c:1), (t:2, i:3), STATEMACHINELOGENTRY, 999@client-AE8279CAF820, (t:2, i:4), METADATAENTRY(c:3)]
2022-11-08 19:12:10,637 [s2-server-thread2] INFO  server.RaftServer$Division (RaftServerImpl.java:checkInconsistentAppendEntries(1602)) - s2@group-EA982605F2E5: Failed appendEntries as previous log entry ((t:2, i:0)) is not found
2022-11-08 19:12:10,638 [s2-server-thread2] INFO  server.RaftServer$Division (RaftServerImpl.java:checkInconsistentAppendEntries(1572)) - s2@group-EA982605F2E5: inconsistency entries. Reply:s1<-s2#2374:FAIL-t2,INCONSISTENCY,nextIndex=0,followerCommit=0,matchIndex=-1
2022-11-08 19:12:10,638 [grpc-default-executor-3] INFO  leader.FollowerInfo (FollowerInfoImpl.java:lambda$new$0(48)) - s1@group-EA982605F2E5->s2: nextIndex: updateUnconditionally 5 -> 0
2022-11-08 19:12:10,638 [s2-server-thread2] DEBUG server.RaftServer$Division (RaftServerImpl.java:logAppendEntries(1421)) - s2@group-EA982605F2E5: receive appendEntries(s1, 2, null, 4, true, commits:[s1:c4, s0:c4, s2:c0], cId:2375, entries: [(t:2, i:0), CONFIGURATIONENTRY(current:id: "s0"
address: "localhost:34297"
dataStreamAddress: "localhost:43983"
clientAddress: "localhost:39609"
adminAddress: "localhost:37077"
startupRole: FOLLOWER
,id: "s1"
address: "localhost:38917"
dataStreamAddress: "localhost:45719"
clientAddress: "localhost:36975"
adminAddress: "localhost:40635"
startupRole: FOLLOWER
,id: "s2"
address: "localhost:35511"
dataStreamAddress: "localhost:38827"
clientAddress: "localhost:42865"
adminAddress: "localhost:36791"
startupRole: FOLLOWER
, old:), (t:2, i:1), STATEMACHINELOGENTRY, 0@client-2EFB324ADA71, (t:2, i:2), METADATAENTRY(c:1), (t:2, i:3), STATEMACHINELOGENTRY, 999@client-AE8279CAF820, (t:2, i:4), METADATAENTRY(c:3)]
2022-11-08 19:12:10,638 [s2-server-thread2] INFO  server.RaftServer$Division (RaftServerImpl.java:checkInconsistentAppendEntries(1592)) - s2@group-EA982605F2E5: Failed appendEntries as the first entry (index 0) already exists (snapshotIndex: -1, commitIndex: 0)
2022-11-08 19:12:10,638 [s2-server-thread2] INFO  server.RaftServer$Division (RaftServerImpl.java:checkInconsistentAppendEntries(1572)) - s2@group-EA982605F2E5: inconsistency entries. Reply:s1<-s2#2375:FAIL-t2,INCONSISTENCY,nextIndex=1,followerCommit=0,matchIndex=-1
2022-11-08 19:12:10,639 [grpc-default-executor-3] INFO  leader.FollowerInfo (FollowerInfoImpl.java:lambda$new$0(48)) - s1@group-EA982605F2E5->s2: nextIndex: updateUnconditionally 5 -> 1
2022-11-08 19:12:10,639 [s2-server-thread1] DEBUG server.RaftServer$Division (RaftServerImpl.java:logAppendEntries(1421)) - s2@group-EA982605F2E5: receive appendEntries(s1, 2, (t:2, i:0), 4, true, commits:[s1:c4, s0:c4, s2:c0], cId:2376, entries: [(t:2, i:1), STATEMACHINELOGENTRY, 0@client-2EFB324ADA71, (t:2, i:2), METADATAENTRY(c:1), (t:2, i:3), STATEMACHINELOGENTRY, 999@client-AE8279CAF820, (t:2, i:4), METADATAENTRY(c:3)]
2022-11-08 19:12:10,639 [s2-server-thread1] INFO  server.RaftServer$Division (RaftServerImpl.java:checkInconsistentAppendEntries(1602)) - s2@group-EA982605F2E5: Failed appendEntries as previous log entry ((t:2, i:0)) is not found
2022-11-08 19:12:10,639 [s2-server-thread1] INFO  server.RaftServer$Division (RaftServerImpl.java:checkInconsistentAppendEntries(1572)) - s2@group-EA982605F2E5: inconsistency entries. Reply:s1<-s2#2376:FAIL-t2,INCONSISTENCY,nextIndex=0,followerCommit=0,matchIndex=-1
2022-11-08 19:12:10,639 [grpc-default-executor-3] INFO  leader.FollowerInfo (FollowerInfoImpl.java:lambda$new$0(48)) - s1@group-EA982605F2E5->s2: nextIndex: updateUnconditionally 5 -> 0
2022-11-08 19:12:10,640 [s2-server-thread2] DEBUG server.RaftServer$Division (RaftServerImpl.java:logAppendEntries(1421)) - s2@group-EA982605F2E5: receive appendEntries(s1, 2, null, 4, true, commits:[s1:c4, s0:c4, s2:c0], cId:2377, entries: [(t:2, i:0), CONFIGURATIONENTRY(current:id: "s0"
address: "localhost:34297"
dataStreamAddress: "localhost:43983"
clientAddress: "localhost:39609"
adminAddress: "localhost:37077"
startupRole: FOLLOWER
,id: "s1"
address: "localhost:38917"
dataStreamAddress: "localhost:45719"
clientAddress: "localhost:36975"
adminAddress: "localhost:40635"
startupRole: FOLLOWER
,id: "s2"
address: "localhost:35511"
dataStreamAddress: "localhost:38827"
clientAddress: "localhost:42865"
adminAddress: "localhost:36791"
startupRole: FOLLOWER
, old:), (t:2, i:1), STATEMACHINELOGENTRY, 0@client-2EFB324ADA71, (t:2, i:2), METADATAENTRY(c:1), (t:2, i:3), STATEMACHINELOGENTRY, 999@client-AE8279CAF820, (t:2, i:4), METADATAENTRY(c:3)]
2022-11-08 19:12:10,640 [s2-server-thread2] INFO  server.RaftServer$Division (RaftServerImpl.java:checkInconsistentAppendEntries(1592)) - s2@group-EA982605F2E5: Failed appendEntries as the first entry (index 0) already exists (snapshotIndex: -1, commitIndex: 0)
2022-11-08 19:12:10,641 [s2-server-thread2] INFO  server.RaftServer$Division (RaftServerImpl.java:checkInconsistentAppendEntries(1572)) - s2@group-EA982605F2E5: inconsistency entries. Reply:s1<-s2#2377:FAIL-t2,INCONSISTENCY,nextIndex=1,followerCommit=0,matchIndex=-1
2022-11-08 19:12:10,641 [grpc-default-executor-3] INFO  leader.FollowerInfo (FollowerInfoImpl.java:lambda$new$0(48)) - s1@group-EA982605F2E5->s2: nextIndex: updateUnconditionally 5 -> 1
2022-11-08 19:12:10,641 [s2-server-thread1] DEBUG server.RaftServer$Division (RaftServerImpl.java:logAppendEntries(1421)) - s2@group-EA982605F2E5: receive appendEntries(s1, 2, (t:2, i:0), 4, true, commits:[s1:c4, s0:c4, s2:c0], cId:2378, entries: [(t:2, i:1), STATEMACHINELOGENTRY, 0@client-2EFB324ADA71, (t:2, i:2), METADATAENTRY(c:1), (t:2, i:3), STATEMACHINELOGENTRY, 999@client-AE8279CAF820, (t:2, i:4), METADATAENTRY(c:3)]
2022-11-08 19:12:10,642 [s2-server-thread1] INFO  server.RaftServer$Division (RaftServerImpl.java:checkInconsistentAppendEntries(1602)) - s2@group-EA982605F2E5: Failed appendEntries as previous log entry ((t:2, i:0)) is not found
2022-11-08 19:12:10,642 [s2-server-thread1] INFO  server.RaftServer$Division (RaftServerImpl.java:checkInconsistentAppendEntries(1572)) - s2@group-EA982605F2E5: inconsistency entries. Reply:s1<-s2#2378:FAIL-t2,INCONSISTENCY,nextIndex=0,followerCommit=0,matchIndex=-1
2022-11-08 19:12:10,642 [grpc-default-executor-3] INFO  leader.FollowerInfo (FollowerInfoImpl.java:lambda$new$0(48)) - s1@group-EA982605F2E5->s2: nextIndex: updateUnconditionally 5 -> 0
2022-11-08 19:12:10,642 [s2-server-thread2] DEBUG server.RaftServer$Division (RaftServerImpl.java:logAppendEntries(1421)) - s2@group-EA982605F2E5: receive appendEntries(s1, 2, null, 4, true, commits:[s1:c4, s0:c4, s2:c0], cId:2379, entries: [(t:2, i:0), CONFIGURATIONENTRY(current:id: "s0"
address: "localhost:34297"
dataStreamAddress: "localhost:43983"
clientAddress: "localhost:39609"
adminAddress: "localhost:37077"
startupRole: FOLLOWER
,id: "s1"
address: "localhost:38917"
dataStreamAddress: "localhost:45719"
clientAddress: "localhost:36975"
adminAddress: "localhost:40635"
startupRole: FOLLOWER
,id: "s2"
address: "localhost:35511"
dataStreamAddress: "localhost:38827"
clientAddress: "localhost:42865"
adminAddress: "localhost:36791"
startupRole: FOLLOWER
, old:), (t:2, i:1), STATEMACHINELOGENTRY, 0@client-2EFB324ADA71, (t:2, i:2), METADATAENTRY(c:1), (t:2, i:3), STATEMACHINELOGENTRY, 999@client-AE8279CAF820, (t:2, i:4), METADATAENTRY(c:3)]
2022-11-08 19:12:10,643 [s2-server-thread2] INFO  server.RaftServer$Division (RaftServerImpl.java:checkInconsistentAppendEntries(1592)) - s2@group-EA982605F2E5: Failed appendEntries as the first entry (index 0) already exists (snapshotIndex: -1, commitIndex: 0)
2022-11-08 19:12:10,643 [s2-server-thread2] INFO  server.RaftServer$Division (RaftServerImpl.java:checkInconsistentAppendEntries(1572)) - s2@group-EA982605F2E5: inconsistency entries. Reply:s1<-s2#2379:FAIL-t2,INCONSISTENCY,nextIndex=1,followerCommit=0,matchIndex=-1
2022-11-08 19:12:10,643 [grpc-default-executor-3] INFO  leader.FollowerInfo (FollowerInfoImpl.java:lambda$new$0(48)) - s1@group-EA982605F2E5->s2: nextIndex: updateUnconditionally 5 -> 1
2022-11-08 19:12:10,643 [s2-server-thread2] DEBUG server.RaftServer$Division (RaftServerImpl.java:logAppendEntries(1421)) - s2@group-EA982605F2E5: receive appendEntries(s1, 2, (t:2, i:0), 4, true, commits:[s1:c4, s0:c4, s2:c0], cId:2380, entries: [(t:2, i:1), STATEMACHINELOGENTRY, 0@client-2EFB324ADA71, (t:2, i:2), METADATAENTRY(c:1), (t:2, i:3), STATEMACHINELOGENTRY, 999@client-AE8279CAF820, (t:2, i:4), METADATAENTRY(c:3)]
2022-11-08 19:12:10,643 [s2-server-thread2] INFO  server.RaftServer$Division (RaftServerImpl.java:checkInconsistentAppendEntries(1602)) - s2@group-EA982605F2E5: Failed appendEntries as previous log entry ((t:2, i:0)) is not found
2022-11-08 19:12:10,643 [s2-server-thread2] INFO  server.RaftServer$Division (RaftServerImpl.java:checkInconsistentAppendEntries(1572)) - s2@group-EA982605F2E5: inconsistency entries. Reply:s1<-s2#2380:FAIL-t2,INCONSISTENCY,nextIndex=0,followerCommit=0,matchIndex=-1
2022-11-08 19:12:10,644 [grpc-default-executor-3] INFO  leader.FollowerInfo (FollowerInfoImpl.java:lambda$new$0(48)) - s1@group-EA982605F2E5->s2: nextIndex: updateUnconditionally 5 -> 0
2022-11-08 19:12:10,644 [s2-server-thread2] DEBUG server.RaftServer$Division (RaftServerImpl.java:logAppendEntries(1421)) - s2@group-EA982605F2E5: receive appendEntries(s1, 2, null, 4, true, commits:[s1:c4, s0:c4, s2:c0], cId:2381, entries: [(t:2, i:0), CONFIGURATIONENTRY(current:id: "s0"
address: "localhost:34297"
dataStreamAddress: "localhost:43983"
clientAddress: "localhost:39609"
adminAddress: "localhost:37077"
startupRole: FOLLOWER
,id: "s1"
address: "localhost:38917"
dataStreamAddress: "localhost:45719"
clientAddress: "localhost:36975"
adminAddress: "localhost:40635"
startupRole: FOLLOWER
,id: "s2"
address: "localhost:35511"
dataStreamAddress: "localhost:38827"
clientAddress: "localhost:42865"
adminAddress: "localhost:36791"
startupRole: FOLLOWER
, old:), (t:2, i:1), STATEMACHINELOGENTRY, 0@client-2EFB324ADA71, (t:2, i:2), METADATAENTRY(c:1), (t:2, i:3), STATEMACHINELOGENTRY, 999@client-AE8279CAF820, (t:2, i:4), METADATAENTRY(c:3)]
2022-11-08 19:12:10,644 [s2-server-thread2] INFO  server.RaftServer$Division (RaftServerImpl.java:checkInconsistentAppendEntries(1592)) - s2@group-EA982605F2E5: Failed appendEntries as the first entry (index 0) already exists (snapshotIndex: -1, commitIndex: 0)
2022-11-08 19:12:10,644 [s2-server-thread2] INFO  server.RaftServer$Division (RaftServerImpl.java:checkInconsistentAppendEntries(1572)) - s2@group-EA982605F2E5: inconsistency entries. Reply:s1<-s2#2381:FAIL-t2,INCONSISTENCY,nextIndex=1,followerCommit=0,matchIndex=-1
2022-11-08 19:12:10,645 [grpc-default-executor-3] INFO  leader.FollowerInfo (FollowerInfoImpl.java:lambda$new$0(48)) - s1@group-EA982605F2E5->s2: nextIndex: updateUnconditionally 5 -> 1
2022-11-08 19:12:10,645 [s2-server-thread1] DEBUG server.RaftServer$Division (RaftServerImpl.java:logAppendEntries(1421)) - s2@group-EA982605F2E5: receive appendEntries(s1, 2, (t:2, i:0), 4, true, commits:[s1:c4, s0:c4, s2:c0], cId:2382, entries: [(t:2, i:1), STATEMACHINELOGENTRY, 0@client-2EFB324ADA71, (t:2, i:2), METADATAENTRY(c:1), (t:2, i:3), STATEMACHINELOGENTRY, 999@client-AE8279CAF820, (t:2, i:4), METADATAENTRY(c:3)]
2022-11-08 19:12:10,645 [s2-server-thread1] INFO  server.RaftServer$Division (RaftServerImpl.java:checkInconsistentAppendEntries(1602)) - s2@group-EA982605F2E5: Failed appendEntries as previous log entry ((t:2, i:0)) is not found
2022-11-08 19:12:10,645 [s2-server-thread1] INFO  server.RaftServer$Division (RaftServerImpl.java:checkInconsistentAppendEntries(1572)) - s2@group-EA982605F2E5: inconsistency entries. Reply:s1<-s2#2382:FAIL-t2,INCONSISTENCY,nextIndex=0,followerCommit=0,matchIndex=-1
2022-11-08 19:12:10,646 [grpc-default-executor-3] INFO  leader.FollowerInfo (FollowerInfoImpl.java:lambda$new$0(48)) - s1@group-EA982605F2E5->s2: nextIndex: updateUnconditionally 5 -> 0
2022-11-08 19:12:10,646 [s2-server-thread2] DEBUG server.RaftServer$Division (RaftServerImpl.java:logAppendEntries(1421)) - s2@group-EA982605F2E5: receive appendEntries(s1, 2, null, 4, true, commits:[s1:c4, s0:c4, s2:c0], cId:2383, entries: [(t:2, i:0), CONFIGURATIONENTRY(current:id: "s0"
address: "localhost:34297"
dataStreamAddress: "localhost:43983"
clientAddress: "localhost:39609"
adminAddress: "localhost:37077"
startupRole: FOLLOWER
,id: "s1"
address: "localhost:38917"
dataStreamAddress: "localhost:45719"
clientAddress: "localhost:36975"
adminAddress: "localhost:40635"
startupRole: FOLLOWER
,id: "s2"
address: "localhost:35511"
dataStreamAddress: "localhost:38827"
clientAddress: "localhost:42865"
adminAddress: "localhost:36791"
startupRole: FOLLOWER
, old:), (t:2, i:1), STATEMACHINELOGENTRY, 0@client-2EFB324ADA71, (t:2, i:2), METADATAENTRY(c:1), (t:2, i:3), STATEMACHINELOGENTRY, 999@client-AE8279CAF820, (t:2, i:4), METADATAENTRY(c:3)]
2022-11-08 19:12:10,646 [s2-server-thread2] INFO  server.RaftServer$Division (RaftServerImpl.java:checkInconsistentAppendEntries(1592)) - s2@group-EA982605F2E5: Failed appendEntries as the first entry (index 0) already exists (snapshotIndex: -1, commitIndex: 0)
2022-11-08 19:12:10,646 [s2-server-thread2] INFO  server.RaftServer$Division (RaftServerImpl.java:checkInconsistentAppendEntries(1572)) - s2@group-EA982605F2E5: inconsistency entries. Reply:s1<-s2#2383:FAIL-t2,INCONSISTENCY,nextIndex=1,followerCommit=0,matchIndex=-1
2022-11-08 19:12:10,646 [grpc-default-executor-3] INFO  leader.FollowerInfo (FollowerInfoImpl.java:lambda$new$0(48)) - s1@group-EA982605F2E5->s2: nextIndex: updateUnconditionally 5 -> 1
2022-11-08 19:12:10,647 [s2-server-thread2] DEBUG server.RaftServer$Division (RaftServerImpl.java:logAppendEntries(1421)) - s2@group-EA982605F2E5: receive appendEntries(s1, 2, (t:2, i:0), 4, true, commits:[s1:c4, s0:c4, s2:c0], cId:2384, entries: [(t:2, i:1), STATEMACHINELOGENTRY, 0@client-2EFB324ADA71, (t:2, i:2), METADATAENTRY(c:1), (t:2, i:3), STATEMACHINELOGENTRY, 999@client-AE8279CAF820, (t:2, i:4), METADATAENTRY(c:3)]
2022-11-08 19:12:10,647 [s2-server-thread2] INFO  server.RaftServer$Division (RaftServerImpl.java:checkInconsistentAppendEntries(1602)) - s2@group-EA982605F2E5: Failed appendEntries as previous log entry ((t:2, i:0)) is not found
2022-11-08 19:12:10,647 [s2-server-thread2] INFO  server.RaftServer$Division (RaftServerImpl.java:checkInconsistentAppendEntries(1572)) - s2@group-EA982605F2E5: inconsistency entries. Reply:s1<-s2#2384:FAIL-t2,INCONSISTENCY,nextIndex=0,followerCommit=0,matchIndex=-1
2022-11-08 19:12:10,647 [grpc-default-executor-3] INFO  leader.FollowerInfo (FollowerInfoImpl.java:lambda$new$0(48)) - s1@group-EA982605F2E5->s2: nextIndex: updateUnconditionally 5 -> 0
2022-11-08 19:12:10,648 [s2-server-thread1] DEBUG server.RaftServer$Division (RaftServerImpl.java:logAppendEntries(1421)) - s2@group-EA982605F2E5: receive appendEntries(s1, 2, null, 4, true, commits:[s1:c4, s0:c4, s2:c0], cId:2385, entries: [(t:2, i:0), CONFIGURATIONENTRY(current:id: "s0"
address: "localhost:34297"
dataStreamAddress: "localhost:43983"
clientAddress: "localhost:39609"
adminAddress: "localhost:37077"
startupRole: FOLLOWER
,id: "s1"
address: "localhost:38917"
dataStreamAddress: "localhost:45719"
clientAddress: "localhost:36975"
adminAddress: "localhost:40635"
startupRole: FOLLOWER
,id: "s2"
address: "localhost:35511"
dataStreamAddress: "localhost:38827"
clientAddress: "localhost:42865"
adminAddress: "localhost:36791"
startupRole: FOLLOWER
, old:), (t:2, i:1), STATEMACHINELOGENTRY, 0@client-2EFB324ADA71, (t:2, i:2), METADATAENTRY(c:1), (t:2, i:3), STATEMACHINELOGENTRY, 999@client-AE8279CAF820, (t:2, i:4), METADATAENTRY(c:3)]
2022-11-08 19:12:10,648 [s2-server-thread1] INFO  server.RaftServer$Division (RaftServerImpl.java:checkInconsistentAppendEntries(1592)) - s2@group-EA982605F2E5: Failed appendEntries as the first entry (index 0) already exists (snapshotIndex: -1, commitIndex: 0)
2022-11-08 19:12:10,648 [s2-server-thread1] INFO  server.RaftServer$Division (RaftServerImpl.java:checkInconsistentAppendEntries(1572)) - s2@group-EA982605F2E5: inconsistency entries. Reply:s1<-s2#2385:FAIL-t2,INCONSISTENCY,nextIndex=1,followerCommit=0,matchIndex=-1
2022-11-08 19:12:10,648 [grpc-default-executor-3] INFO  leader.FollowerInfo (FollowerInfoImpl.java:lambda$new$0(48)) - s1@group-EA982605F2E5->s2: nextIndex: updateUnconditionally 5 -> 1
2022-11-08 19:12:10,649 [s2-server-thread2] DEBUG server.RaftServer$Division (RaftServerImpl.java:logAppendEntries(1421)) - s2@group-EA982605F2E5: receive appendEntries(s1, 2, (t:2, i:0), 4, true, commits:[s1:c4, s0:c4, s2:c0], cId:2386, entries: [(t:2, i:1), STATEMACHINELOGENTRY, 0@client-2EFB324ADA71, (t:2, i:2), METADATAENTRY(c:1), (t:2, i:3), STATEMACHINELOGENTRY, 999@client-AE8279CAF820, (t:2, i:4), METADATAENTRY(c:3)]
2022-11-08 19:12:10,649 [s2-server-thread2] INFO  server.RaftServer$Division (RaftServerImpl.java:checkInconsistentAppendEntries(1602)) - s2@group-EA982605F2E5: Failed appendEntries as previous log entry ((t:2, i:0)) is not found
2022-11-08 19:12:10,649 [s2-server-thread2] INFO  server.RaftServer$Division (RaftServerImpl.java:checkInconsistentAppendEntries(1572)) - s2@group-EA982605F2E5: inconsistency entries. Reply:s1<-s2#2386:FAIL-t2,INCONSISTENCY,nextIndex=0,followerCommit=0,matchIndex=-1
2022-11-08 19:12:10,649 [grpc-default-executor-3] INFO  leader.FollowerInfo (FollowerInfoImpl.java:lambda$new$0(48)) - s1@group-EA982605F2E5->s2: nextIndex: updateUnconditionally 5 -> 0
2022-11-08 19:12:10,650 [s2-server-thread2] DEBUG server.RaftServer$Division (RaftServerImpl.java:logAppendEntries(1421)) - s2@group-EA982605F2E5: receive appendEntries(s1, 2, null, 4, true, commits:[s1:c4, s0:c4, s2:c0], cId:2387, entries: [(t:2, i:0), CONFIGURATIONENTRY(current:id: "s0"
address: "localhost:34297"
dataStreamAddress: "localhost:43983"
clientAddress: "localhost:39609"
adminAddress: "localhost:37077"
startupRole: FOLLOWER
,id: "s1"
address: "localhost:38917"
dataStreamAddress: "localhost:45719"
clientAddress: "localhost:36975"
adminAddress: "localhost:40635"
startupRole: FOLLOWER
,id: "s2"
address: "localhost:35511"
dataStreamAddress: "localhost:38827"
clientAddress: "localhost:42865"
adminAddress: "localhost:36791"
startupRole: FOLLOWER
, old:), (t:2, i:1), STATEMACHINELOGENTRY, 0@client-2EFB324ADA71, (t:2, i:2), METADATAENTRY(c:1), (t:2, i:3), STATEMACHINELOGENTRY, 999@client-AE8279CAF820, (t:2, i:4), METADATAENTRY(c:3)]
2022-11-08 19:12:10,650 [s2-server-thread2] INFO  server.RaftServer$Division (RaftServerImpl.java:checkInconsistentAppendEntries(1592)) - s2@group-EA982605F2E5: Failed appendEntries as the first entry (index 0) already exists (snapshotIndex: -1, commitIndex: 0)
2022-11-08 19:12:10,650 [s2-server-thread2] INFO  server.RaftServer$Division (RaftServerImpl.java:checkInconsistentAppendEntries(1572)) - s2@group-EA982605F2E5: inconsistency entries. Reply:s1<-s2#2387:FAIL-t2,INCONSISTENCY,nextIndex=1,followerCommit=0,matchIndex=-1
2022-11-08 19:12:10,650 [grpc-default-executor-3] INFO  leader.FollowerInfo (FollowerInfoImpl.java:lambda$new$0(48)) - s1@group-EA982605F2E5->s2: nextIndex: updateUnconditionally 5 -> 1
2022-11-08 19:12:10,651 [s2-server-thread2] DEBUG server.RaftServer$Division (RaftServerImpl.java:logAppendEntries(1421)) - s2@group-EA982605F2E5: receive appendEntries(s1, 2, (t:2, i:0), 4, true, commits:[s1:c4, s0:c4, s2:c0], cId:2388, entries: [(t:2, i:1), STATEMACHINELOGENTRY, 0@client-2EFB324ADA71, (t:2, i:2), METADATAENTRY(c:1), (t:2, i:3), STATEMACHINELOGENTRY, 999@client-AE8279CAF820, (t:2, i:4), METADATAENTRY(c:3)]
2022-11-08 19:12:10,651 [s2-server-thread2] INFO  server.RaftServer$Division (RaftServerImpl.java:checkInconsistentAppendEntries(1602)) - s2@group-EA982605F2E5: Failed appendEntries as previous log entry ((t:2, i:0)) is not found
2022-11-08 19:12:10,651 [s2-server-thread2] INFO  server.RaftServer$Division (RaftServerImpl.java:checkInconsistentAppendEntries(1572)) - s2@group-EA982605F2E5: inconsistency entries. Reply:s1<-s2#2388:FAIL-t2,INCONSISTENCY,nextIndex=0,followerCommit=0,matchIndex=-1
2022-11-08 19:12:10,651 [grpc-default-executor-3] INFO  leader.FollowerInfo (FollowerInfoImpl.java:lambda$new$0(48)) - s1@group-EA982605F2E5->s2: nextIndex: updateUnconditionally 5 -> 0
2022-11-08 19:12:10,652 [s2-server-thread1] DEBUG server.RaftServer$Division (RaftServerImpl.java:logAppendEntries(1421)) - s2@group-EA982605F2E5: receive appendEntries(s1, 2, null, 4, true, commits:[s1:c4, s0:c4, s2:c0], cId:2389, entries: [(t:2, i:0), CONFIGURATIONENTRY(current:id: "s0"
address: "localhost:34297"
dataStreamAddress: "localhost:43983"
clientAddress: "localhost:39609"
adminAddress: "localhost:37077"
startupRole: FOLLOWER
,id: "s1"
address: "localhost:38917"
dataStreamAddress: "localhost:45719"
clientAddress: "localhost:36975"
adminAddress: "localhost:40635"
startupRole: FOLLOWER
,id: "s2"
address: "localhost:35511"
dataStreamAddress: "localhost:38827"
clientAddress: "localhost:42865"
adminAddress: "localhost:36791"
startupRole: FOLLOWER
, old:), (t:2, i:1), STATEMACHINELOGENTRY, 0@client-2EFB324ADA71, (t:2, i:2), METADATAENTRY(c:1), (t:2, i:3), STATEMACHINELOGENTRY, 999@client-AE8279CAF820, (t:2, i:4), METADATAENTRY(c:3)]
2022-11-08 19:12:10,652 [s2-server-thread1] INFO  server.RaftServer$Division (RaftServerImpl.java:checkInconsistentAppendEntries(1592)) - s2@group-EA982605F2E5: Failed appendEntries as the first entry (index 0) already exists (snapshotIndex: -1, commitIndex: 0)
2022-11-08 19:12:10,652 [s2-server-thread1] INFO  server.RaftServer$Division (RaftServerImpl.java:checkInconsistentAppendEntries(1572)) - s2@group-EA982605F2E5: inconsistency entries. Reply:s1<-s2#2389:FAIL-t2,INCONSISTENCY,nextIndex=1,followerCommit=0,matchIndex=-1
2022-11-08 19:12:10,653 [grpc-default-executor-3] INFO  leader.FollowerInfo (FollowerInfoImpl.java:lambda$new$0(48)) - s1@group-EA982605F2E5->s2: nextIndex: updateUnconditionally 5 -> 1
2022-11-08 19:12:10,653 [s2-server-thread2] DEBUG server.RaftServer$Division (RaftServerImpl.java:logAppendEntries(1421)) - s2@group-EA982605F2E5: receive appendEntries(s1, 2, (t:2, i:0), 4, true, commits:[s1:c4, s0:c4, s2:c0], cId:2390, entries: [(t:2, i:1), STATEMACHINELOGENTRY, 0@client-2EFB324ADA71, (t:2, i:2), METADATAENTRY(c:1), (t:2, i:3), STATEMACHINELOGENTRY, 999@client-AE8279CAF820, (t:2, i:4), METADATAENTRY(c:3)]
2022-11-08 19:12:10,653 [s2-server-thread2] INFO  server.RaftServer$Division (RaftServerImpl.java:checkInconsistentAppendEntries(1602)) - s2@group-EA982605F2E5: Failed appendEntries as previous log entry ((t:2, i:0)) is not found
2022-11-08 19:12:10,653 [s2-server-thread2] INFO  server.RaftServer$Division (RaftServerImpl.java:checkInconsistentAppendEntries(1572)) - s2@group-EA982605F2E5: inconsistency entries. Reply:s1<-s2#2390:FAIL-t2,INCONSISTENCY,nextIndex=0,followerCommit=0,matchIndex=-1
2022-11-08 19:12:10,653 [grpc-default-executor-3] INFO  leader.FollowerInfo (FollowerInfoImpl.java:lambda$new$0(48)) - s1@group-EA982605F2E5->s2: nextIndex: updateUnconditionally 5 -> 0
2022-11-08 19:12:10,654 [s2-server-thread2] DEBUG server.RaftServer$Division (RaftServerImpl.java:logAppendEntries(1421)) - s2@group-EA982605F2E5: receive appendEntries(s1, 2, null, 4, true, commits:[s1:c4, s0:c4, s2:c0], cId:2391, entries: [(t:2, i:0), CONFIGURATIONENTRY(current:id: "s0"
address: "localhost:34297"
dataStreamAddress: "localhost:43983"
clientAddress: "localhost:39609"
adminAddress: "localhost:37077"
startupRole: FOLLOWER
,id: "s1"
address: "localhost:38917"
dataStreamAddress: "localhost:45719"
clientAddress: "localhost:36975"
adminAddress: "localhost:40635"
startupRole: FOLLOWER
,id: "s2"
address: "localhost:35511"
dataStreamAddress: "localhost:38827"
clientAddress: "localhost:42865"
adminAddress: "localhost:36791"
startupRole: FOLLOWER
, old:), (t:2, i:1), STATEMACHINELOGENTRY, 0@client-2EFB324ADA71, (t:2, i:2), METADATAENTRY(c:1), (t:2, i:3), STATEMACHINELOGENTRY, 999@client-AE8279CAF820, (t:2, i:4), METADATAENTRY(c:3)]
2022-11-08 19:12:10,654 [s2-server-thread2] INFO  server.RaftServer$Division (RaftServerImpl.java:checkInconsistentAppendEntries(1592)) - s2@group-EA982605F2E5: Failed appendEntries as the first entry (index 0) already exists (snapshotIndex: -1, commitIndex: 0)
2022-11-08 19:12:10,654 [s2-server-thread2] INFO  server.RaftServer$Division (RaftServerImpl.java:checkInconsistentAppendEntries(1572)) - s2@group-EA982605F2E5: inconsistency entries. Reply:s1<-s2#2391:FAIL-t2,INCONSISTENCY,nextIndex=1,followerCommit=0,matchIndex=-1
2022-11-08 19:12:10,654 [grpc-default-executor-3] INFO  leader.FollowerInfo (FollowerInfoImpl.java:lambda$new$0(48)) - s1@group-EA982605F2E5->s2: nextIndex: updateUnconditionally 5 -> 1
2022-11-08 19:12:10,655 [s2-server-thread1] DEBUG server.RaftServer$Division (RaftServerImpl.java:logAppendEntries(1421)) - s2@group-EA982605F2E5: receive appendEntries(s1, 2, (t:2, i:0), 4, true, commits:[s1:c4, s0:c4, s2:c0], cId:2392, entries: [(t:2, i:1), STATEMACHINELOGENTRY, 0@client-2EFB324ADA71, (t:2, i:2), METADATAENTRY(c:1), (t:2, i:3), STATEMACHINELOGENTRY, 999@client-AE8279CAF820, (t:2, i:4), METADATAENTRY(c:3)]
2022-11-08 19:12:10,655 [s2-server-thread1] INFO  server.RaftServer$Division (RaftServerImpl.java:checkInconsistentAppendEntries(1602)) - s2@group-EA982605F2E5: Failed appendEntries as previous log entry ((t:2, i:0)) is not found
2022-11-08 19:12:10,655 [s2-server-thread1] INFO  server.RaftServer$Division (RaftServerImpl.java:checkInconsistentAppendEntries(1572)) - s2@group-EA982605F2E5: inconsistency entries. Reply:s1<-s2#2392:FAIL-t2,INCONSISTENCY,nextIndex=0,followerCommit=0,matchIndex=-1
2022-11-08 19:12:10,655 [grpc-default-executor-3] INFO  leader.FollowerInfo (FollowerInfoImpl.java:lambda$new$0(48)) - s1@group-EA982605F2E5->s2: nextIndex: updateUnconditionally 5 -> 0
2022-11-08 19:12:10,656 [s2-server-thread2] DEBUG server.RaftServer$Division (RaftServerImpl.java:logAppendEntries(1421)) - s2@group-EA982605F2E5: receive appendEntries(s1, 2, null, 4, true, commits:[s1:c4, s0:c4, s2:c0], cId:2393, entries: [(t:2, i:0), CONFIGURATIONENTRY(current:id: "s0"
address: "localhost:34297"
dataStreamAddress: "localhost:43983"
clientAddress: "localhost:39609"
adminAddress: "localhost:37077"
startupRole: FOLLOWER
,id: "s1"
address: "localhost:38917"
dataStreamAddress: "localhost:45719"
clientAddress: "localhost:36975"
adminAddress: "localhost:40635"
startupRole: FOLLOWER
,id: "s2"
address: "localhost:35511"
dataStreamAddress: "localhost:38827"
clientAddress: "localhost:42865"
adminAddress: "localhost:36791"
startupRole: FOLLOWER
, old:), (t:2, i:1), STATEMACHINELOGENTRY, 0@client-2EFB324ADA71, (t:2, i:2), METADATAENTRY(c:1), (t:2, i:3), STATEMACHINELOGENTRY, 999@client-AE8279CAF820, (t:2, i:4), METADATAENTRY(c:3)]
2022-11-08 19:12:10,656 [s2-server-thread2] INFO  server.RaftServer$Division (RaftServerImpl.java:checkInconsistentAppendEntries(1592)) - s2@group-EA982605F2E5: Failed appendEntries as the first entry (index 0) already exists (snapshotIndex: -1, commitIndex: 0)
2022-11-08 19:12:10,656 [s2-server-thread2] INFO  server.RaftServer$Division (RaftServerImpl.java:checkInconsistentAppendEntries(1572)) - s2@group-EA982605F2E5: inconsistency entries. Reply:s1<-s2#2393:FAIL-t2,INCONSISTENCY,nextIndex=1,followerCommit=0,matchIndex=-1
2022-11-08 19:12:10,656 [grpc-default-executor-3] INFO  leader.FollowerInfo (FollowerInfoImpl.java:lambda$new$0(48)) - s1@group-EA982605F2E5->s2: nextIndex: updateUnconditionally 5 -> 1
2022-11-08 19:12:10,657 [s2-server-thread2] DEBUG server.RaftServer$Division (RaftServerImpl.java:logAppendEntries(1421)) - s2@group-EA982605F2E5: receive appendEntries(s1, 2, (t:2, i:0), 4, true, commits:[s1:c4, s0:c4, s2:c0], cId:2394, entries: [(t:2, i:1), STATEMACHINELOGENTRY, 0@client-2EFB324ADA71, (t:2, i:2), METADATAENTRY(c:1), (t:2, i:3), STATEMACHINELOGENTRY, 999@client-AE8279CAF820, (t:2, i:4), METADATAENTRY(c:3)]
2022-11-08 19:12:10,657 [s2-server-thread2] INFO  server.RaftServer$Division (RaftServerImpl.java:checkInconsistentAppendEntries(1602)) - s2@group-EA982605F2E5: Failed appendEntries as previous log entry ((t:2, i:0)) is not found
2022-11-08 19:12:10,657 [s2-server-thread2] INFO  server.RaftServer$Division (RaftServerImpl.java:checkInconsistentAppendEntries(1572)) - s2@group-EA982605F2E5: inconsistency entries. Reply:s1<-s2#2394:FAIL-t2,INCONSISTENCY,nextIndex=0,followerCommit=0,matchIndex=-1
2022-11-08 19:12:10,657 [grpc-default-executor-3] INFO  leader.FollowerInfo (FollowerInfoImpl.java:lambda$new$0(48)) - s1@group-EA982605F2E5->s2: nextIndex: updateUnconditionally 5 -> 0
2022-11-08 19:12:10,658 [s2-server-thread1] DEBUG server.RaftServer$Division (RaftServerImpl.java:logAppendEntries(1421)) - s2@group-EA982605F2E5: receive appendEntries(s1, 2, null, 4, true, commits:[s1:c4, s0:c4, s2:c0], cId:2395, entries: [(t:2, i:0), CONFIGURATIONENTRY(current:id: "s0"
address: "localhost:34297"
dataStreamAddress: "localhost:43983"
clientAddress: "localhost:39609"
adminAddress: "localhost:37077"
startupRole: FOLLOWER
,id: "s1"
address: "localhost:38917"
dataStreamAddress: "localhost:45719"
clientAddress: "localhost:36975"
adminAddress: "localhost:40635"
startupRole: FOLLOWER
,id: "s2"
address: "localhost:35511"
dataStreamAddress: "localhost:38827"
clientAddress: "localhost:42865"
adminAddress: "localhost:36791"
startupRole: FOLLOWER
, old:), (t:2, i:1), STATEMACHINELOGENTRY, 0@client-2EFB324ADA71, (t:2, i:2), METADATAENTRY(c:1), (t:2, i:3), STATEMACHINELOGENTRY, 999@client-AE8279CAF820, (t:2, i:4), METADATAENTRY(c:3)]
2022-11-08 19:12:10,658 [s2-server-thread1] INFO  server.RaftServer$Division (RaftServerImpl.java:checkInconsistentAppendEntries(1592)) - s2@group-EA982605F2E5: Failed appendEntries as the first entry (index 0) already exists (snapshotIndex: -1, commitIndex: 0)
2022-11-08 19:12:10,658 [s2-server-thread1] INFO  server.RaftServer$Division (RaftServerImpl.java:checkInconsistentAppendEntries(1572)) - s2@group-EA982605F2E5: inconsistency entries. Reply:s1<-s2#2395:FAIL-t2,INCONSISTENCY,nextIndex=1,followerCommit=0,matchIndex=-1
2022-11-08 19:12:10,658 [grpc-default-executor-3] INFO  leader.FollowerInfo (FollowerInfoImpl.java:lambda$new$0(48)) - s1@group-EA982605F2E5->s2: nextIndex: updateUnconditionally 5 -> 1
2022-11-08 19:12:10,659 [s2-server-thread2] DEBUG server.RaftServer$Division (RaftServerImpl.java:logAppendEntries(1421)) - s2@group-EA982605F2E5: receive appendEntries(s1, 2, (t:2, i:0), 4, true, commits:[s1:c4, s0:c4, s2:c0], cId:2396, entries: [(t:2, i:1), STATEMACHINELOGENTRY, 0@client-2EFB324ADA71, (t:2, i:2), METADATAENTRY(c:1), (t:2, i:3), STATEMACHINELOGENTRY, 999@client-AE8279CAF820, (t:2, i:4), METADATAENTRY(c:3)]
2022-11-08 19:12:10,659 [s2-server-thread2] INFO  server.RaftServer$Division (RaftServerImpl.java:checkInconsistentAppendEntries(1602)) - s2@group-EA982605F2E5: Failed appendEntries as previous log entry ((t:2, i:0)) is not found
2022-11-08 19:12:10,659 [s2-server-thread2] INFO  server.RaftServer$Division (RaftServerImpl.java:checkInconsistentAppendEntries(1572)) - s2@group-EA982605F2E5: inconsistency entries. Reply:s1<-s2#2396:FAIL-t2,INCONSISTENCY,nextIndex=0,followerCommit=0,matchIndex=-1
2022-11-08 19:12:10,659 [grpc-default-executor-3] INFO  leader.FollowerInfo (FollowerInfoImpl.java:lambda$new$0(48)) - s1@group-EA982605F2E5->s2: nextIndex: updateUnconditionally 5 -> 0
2022-11-08 19:12:10,660 [s2-server-thread2] DEBUG server.RaftServer$Division (RaftServerImpl.java:logAppendEntries(1421)) - s2@group-EA982605F2E5: receive appendEntries(s1, 2, null, 4, true, commits:[s1:c4, s0:c4, s2:c0], cId:2397, entries: [(t:2, i:0), CONFIGURATIONENTRY(current:id: "s0"
address: "localhost:34297"
dataStreamAddress: "localhost:43983"
clientAddress: "localhost:39609"
adminAddress: "localhost:37077"
startupRole: FOLLOWER
,id: "s1"
address: "localhost:38917"
dataStreamAddress: "localhost:45719"
clientAddress: "localhost:36975"
adminAddress: "localhost:40635"
startupRole: FOLLOWER
,id: "s2"
address: "localhost:35511"
dataStreamAddress: "localhost:38827"
clientAddress: "localhost:42865"
adminAddress: "localhost:36791"
startupRole: FOLLOWER
, old:), (t:2, i:1), STATEMACHINELOGENTRY, 0@client-2EFB324ADA71, (t:2, i:2), METADATAENTRY(c:1), (t:2, i:3), STATEMACHINELOGENTRY, 999@client-AE8279CAF820, (t:2, i:4), METADATAENTRY(c:3)]
2022-11-08 19:12:10,660 [s2-server-thread2] INFO  server.RaftServer$Division (RaftServerImpl.java:checkInconsistentAppendEntries(1592)) - s2@group-EA982605F2E5: Failed appendEntries as the first entry (index 0) already exists (snapshotIndex: -1, commitIndex: 0)
2022-11-08 19:12:10,660 [s2-server-thread2] INFO  server.RaftServer$Division (RaftServerImpl.java:checkInconsistentAppendEntries(1572)) - s2@group-EA982605F2E5: inconsistency entries. Reply:s1<-s2#2397:FAIL-t2,INCONSISTENCY,nextIndex=1,followerCommit=0,matchIndex=-1
2022-11-08 19:12:10,660 [grpc-default-executor-3] INFO  leader.FollowerInfo (FollowerInfoImpl.java:lambda$new$0(48)) - s1@group-EA982605F2E5->s2: nextIndex: updateUnconditionally 5 -> 1
2022-11-08 19:12:10,661 [s2-server-thread2] DEBUG server.RaftServer$Division (RaftServerImpl.java:logAppendEntries(1421)) - s2@group-EA982605F2E5: receive appendEntries(s1, 2, (t:2, i:0), 4, true, commits:[s1:c4, s0:c4, s2:c0], cId:2398, entries: [(t:2, i:1), STATEMACHINELOGENTRY, 0@client-2EFB324ADA71, (t:2, i:2), METADATAENTRY(c:1), (t:2, i:3), STATEMACHINELOGENTRY, 999@client-AE8279CAF820, (t:2, i:4), METADATAENTRY(c:3)]
2022-11-08 19:12:10,661 [s2-server-thread2] INFO  server.RaftServer$Division (RaftServerImpl.java:checkInconsistentAppendEntries(1602)) - s2@group-EA982605F2E5: Failed appendEntries as previous log entry ((t:2, i:0)) is not found
2022-11-08 19:12:10,661 [s2-server-thread2] INFO  server.RaftServer$Division (RaftServerImpl.java:checkInconsistentAppendEntries(1572)) - s2@group-EA982605F2E5: inconsistency entries. Reply:s1<-s2#2398:FAIL-t2,INCONSISTENCY,nextIndex=0,followerCommit=0,matchIndex=-1
2022-11-08 19:12:10,661 [grpc-default-executor-3] INFO  leader.FollowerInfo (FollowerInfoImpl.java:lambda$new$0(48)) - s1@group-EA982605F2E5->s2: nextIndex: updateUnconditionally 5 -> 0
2022-11-08 19:12:10,662 [s2-server-thread2] DEBUG server.RaftServer$Division (RaftServerImpl.java:logAppendEntries(1421)) - s2@group-EA982605F2E5: receive appendEntries(s1, 2, null, 4, true, commits:[s1:c4, s0:c4, s2:c0], cId:2399, entries: [(t:2, i:0), CONFIGURATIONENTRY(current:id: "s0"
address: "localhost:34297"
dataStreamAddress: "localhost:43983"
clientAddress: "localhost:39609"
adminAddress: "localhost:37077"
startupRole: FOLLOWER
,id: "s1"
address: "localhost:38917"
dataStreamAddress: "localhost:45719"
clientAddress: "localhost:36975"
adminAddress: "localhost:40635"
startupRole: FOLLOWER
,id: "s2"
address: "localhost:35511"
dataStreamAddress: "localhost:38827"
clientAddress: "localhost:42865"
adminAddress: "localhost:36791"
startupRole: FOLLOWER
, old:), (t:2, i:1), STATEMACHINELOGENTRY, 0@client-2EFB324ADA71, (t:2, i:2), METADATAENTRY(c:1), (t:2, i:3), STATEMACHINELOGENTRY, 999@client-AE8279CAF820, (t:2, i:4), METADATAENTRY(c:3)]
2022-11-08 19:12:10,662 [s2-server-thread2] INFO  server.RaftServer$Division (RaftServerImpl.java:checkInconsistentAppendEntries(1592)) - s2@group-EA982605F2E5: Failed appendEntries as the first entry (index 0) already exists (snapshotIndex: -1, commitIndex: 0)
2022-11-08 19:12:10,662 [s2-server-thread2] INFO  server.RaftServer$Division (RaftServerImpl.java:checkInconsistentAppendEntries(1572)) - s2@group-EA982605F2E5: inconsistency entries. Reply:s1<-s2#2399:FAIL-t2,INCONSISTENCY,nextIndex=1,followerCommit=0,matchIndex=-1
2022-11-08 19:12:10,662 [grpc-default-executor-3] INFO  leader.FollowerInfo (FollowerInfoImpl.java:lambda$new$0(48)) - s1@group-EA982605F2E5->s2: nextIndex: updateUnconditionally 5 -> 1
2022-11-08 19:12:10,663 [s2-server-thread2] DEBUG server.RaftServer$Division (RaftServerImpl.java:logAppendEntries(1421)) - s2@group-EA982605F2E5: receive appendEntries(s1, 2, (t:2, i:0), 4, true, commits:[s1:c4, s0:c4, s2:c0], cId:2400, entries: [(t:2, i:1), STATEMACHINELOGENTRY, 0@client-2EFB324ADA71, (t:2, i:2), METADATAENTRY(c:1), (t:2, i:3), STATEMACHINELOGENTRY, 999@client-AE8279CAF820, (t:2, i:4), METADATAENTRY(c:3)]
2022-11-08 19:12:10,663 [s2-server-thread2] INFO  server.RaftServer$Division (RaftServerImpl.java:checkInconsistentAppendEntries(1602)) - s2@group-EA982605F2E5: Failed appendEntries as previous log entry ((t:2, i:0)) is not found
2022-11-08 19:12:10,663 [s2-server-thread2] INFO  server.RaftServer$Division (RaftServerImpl.java:checkInconsistentAppendEntries(1572)) - s2@group-EA982605F2E5: inconsistency entries. Reply:s1<-s2#2400:FAIL-t2,INCONSISTENCY,nextIndex=0,followerCommit=0,matchIndex=-1
2022-11-08 19:12:10,663 [grpc-default-executor-3] INFO  leader.FollowerInfo (FollowerInfoImpl.java:lambda$new$0(48)) - s1@group-EA982605F2E5->s2: nextIndex: updateUnconditionally 5 -> 0
2022-11-08 19:12:10,664 [s2-server-thread2] DEBUG server.RaftServer$Division (RaftServerImpl.java:logAppendEntries(1421)) - s2@group-EA982605F2E5: receive appendEntries(s1, 2, null, 4, true, commits:[s1:c4, s0:c4, s2:c0], cId:2401, entries: [(t:2, i:0), CONFIGURATIONENTRY(current:id: "s0"
address: "localhost:34297"
dataStreamAddress: "localhost:43983"
clientAddress: "localhost:39609"
adminAddress: "localhost:37077"
startupRole: FOLLOWER
,id: "s1"
address: "localhost:38917"
dataStreamAddress: "localhost:45719"
clientAddress: "localhost:36975"
adminAddress: "localhost:40635"
startupRole: FOLLOWER
,id: "s2"
address: "localhost:35511"
dataStreamAddress: "localhost:38827"
clientAddress: "localhost:42865"
adminAddress: "localhost:36791"
startupRole: FOLLOWER
, old:), (t:2, i:1), STATEMACHINELOGENTRY, 0@client-2EFB324ADA71, (t:2, i:2), METADATAENTRY(c:1), (t:2, i:3), STATEMACHINELOGENTRY, 999@client-AE8279CAF820, (t:2, i:4), METADATAENTRY(c:3)]
2022-11-08 19:12:10,664 [s2-server-thread2] INFO  server.RaftServer$Division (RaftServerImpl.java:checkInconsistentAppendEntries(1592)) - s2@group-EA982605F2E5: Failed appendEntries as the first entry (index 0) already exists (snapshotIndex: -1, commitIndex: 0)
2022-11-08 19:12:10,664 [s2-server-thread2] INFO  server.RaftServer$Division (RaftServerImpl.java:checkInconsistentAppendEntries(1572)) - s2@group-EA982605F2E5: inconsistency entries. Reply:s1<-s2#2401:FAIL-t2,INCONSISTENCY,nextIndex=1,followerCommit=0,matchIndex=-1
2022-11-08 19:12:10,664 [grpc-default-executor-3] INFO  leader.FollowerInfo (FollowerInfoImpl.java:lambda$new$0(48)) - s1@group-EA982605F2E5->s2: nextIndex: updateUnconditionally 5 -> 1
2022-11-08 19:12:10,664 [s2-server-thread2] DEBUG server.RaftServer$Division (RaftServerImpl.java:logAppendEntries(1421)) - s2@group-EA982605F2E5: receive appendEntries(s1, 2, (t:2, i:0), 4, true, commits:[s1:c4, s0:c4, s2:c0], cId:2402, entries: [(t:2, i:1), STATEMACHINELOGENTRY, 0@client-2EFB324ADA71, (t:2, i:2), METADATAENTRY(c:1), (t:2, i:3), STATEMACHINELOGENTRY, 999@client-AE8279CAF820, (t:2, i:4), METADATAENTRY(c:3)]
2022-11-08 19:12:10,665 [s2-server-thread2] INFO  server.RaftServer$Division (RaftServerImpl.java:checkInconsistentAppendEntries(1602)) - s2@group-EA982605F2E5: Failed appendEntries as previous log entry ((t:2, i:0)) is not found
2022-11-08 19:12:10,665 [s2-server-thread2] INFO  server.RaftServer$Division (RaftServerImpl.java:checkInconsistentAppendEntries(1572)) - s2@group-EA982605F2E5: inconsistency entries. Reply:s1<-s2#2402:FAIL-t2,INCONSISTENCY,nextIndex=0,followerCommit=0,matchIndex=-1
2022-11-08 19:12:10,665 [grpc-default-executor-3] INFO  leader.FollowerInfo (FollowerInfoImpl.java:lambda$new$0(48)) - s1@group-EA982605F2E5->s2: nextIndex: updateUnconditionally 5 -> 0
2022-11-08 19:12:10,665 [s2-server-thread1] DEBUG server.RaftServer$Division (RaftServerImpl.java:logAppendEntries(1421)) - s2@group-EA982605F2E5: receive appendEntries(s1, 2, null, 4, true, commits:[s1:c4, s0:c4, s2:c0], cId:2403, entries: [(t:2, i:0), CONFIGURATIONENTRY(current:id: "s0"
address: "localhost:34297"
dataStreamAddress: "localhost:43983"
clientAddress: "localhost:39609"
adminAddress: "localhost:37077"
startupRole: FOLLOWER
,id: "s1"
address: "localhost:38917"
dataStreamAddress: "localhost:45719"
clientAddress: "localhost:36975"
adminAddress: "localhost:40635"
startupRole: FOLLOWER
,id: "s2"
address: "localhost:35511"
dataStreamAddress: "localhost:38827"
clientAddress: "localhost:42865"
adminAddress: "localhost:36791"
startupRole: FOLLOWER
, old:), (t:2, i:1), STATEMACHINELOGENTRY, 0@client-2EFB324ADA71, (t:2, i:2), METADATAENTRY(c:1), (t:2, i:3), STATEMACHINELOGENTRY, 999@client-AE8279CAF820, (t:2, i:4), METADATAENTRY(c:3)]
2022-11-08 19:12:10,665 [s2-server-thread1] INFO  server.RaftServer$Division (RaftServerImpl.java:checkInconsistentAppendEntries(1592)) - s2@group-EA982605F2E5: Failed appendEntries as the first entry (index 0) already exists (snapshotIndex: -1, commitIndex: 0)
2022-11-08 19:12:10,665 [s2-server-thread1] INFO  server.RaftServer$Division (RaftServerImpl.java:checkInconsistentAppendEntries(1572)) - s2@group-EA982605F2E5: inconsistency entries. Reply:s1<-s2#2403:FAIL-t2,INCONSISTENCY,nextIndex=1,followerCommit=0,matchIndex=-1
2022-11-08 19:12:10,666 [grpc-default-executor-3] INFO  leader.FollowerInfo (FollowerInfoImpl.java:lambda$new$0(48)) - s1@group-EA982605F2E5->s2: nextIndex: updateUnconditionally 5 -> 1
2022-11-08 19:12:10,666 [s2-server-thread2] DEBUG server.RaftServer$Division (RaftServerImpl.java:logAppendEntries(1421)) - s2@group-EA982605F2E5: receive appendEntries(s1, 2, (t:2, i:0), 4, true, commits:[s1:c4, s0:c4, s2:c0], cId:2404, entries: [(t:2, i:1), STATEMACHINELOGENTRY, 0@client-2EFB324ADA71, (t:2, i:2), METADATAENTRY(c:1), (t:2, i:3), STATEMACHINELOGENTRY, 999@client-AE8279CAF820, (t:2, i:4), METADATAENTRY(c:3)]
2022-11-08 19:12:10,666 [s2-server-thread2] INFO  server.RaftServer$Division (RaftServerImpl.java:checkInconsistentAppendEntries(1602)) - s2@group-EA982605F2E5: Failed appendEntries as previous log entry ((t:2, i:0)) is not found
2022-11-08 19:12:10,667 [s2-server-thread2] INFO  server.RaftServer$Division (RaftServerImpl.java:checkInconsistentAppendEntries(1572)) - s2@group-EA982605F2E5: inconsistency entries. Reply:s1<-s2#2404:FAIL-t2,INCONSISTENCY,nextIndex=0,followerCommit=0,matchIndex=-1
2022-11-08 19:12:10,667 [grpc-default-executor-3] INFO  leader.FollowerInfo (FollowerInfoImpl.java:lambda$new$0(48)) - s1@group-EA982605F2E5->s2: nextIndex: updateUnconditionally 5 -> 0
2022-11-08 19:12:10,667 [s2-server-thread2] DEBUG server.RaftServer$Division (RaftServerImpl.java:logAppendEntries(1421)) - s2@group-EA982605F2E5: receive appendEntries(s1, 2, null, 4, true, commits:[s1:c4, s0:c4, s2:c0], cId:2405, entries: [(t:2, i:0), CONFIGURATIONENTRY(current:id: "s0"
address: "localhost:34297"
dataStreamAddress: "localhost:43983"
clientAddress: "localhost:39609"
adminAddress: "localhost:37077"
startupRole: FOLLOWER
,id: "s1"
address: "localhost:38917"
dataStreamAddress: "localhost:45719"
clientAddress: "localhost:36975"
adminAddress: "localhost:40635"
startupRole: FOLLOWER
,id: "s2"
address: "localhost:35511"
dataStreamAddress: "localhost:38827"
clientAddress: "localhost:42865"
adminAddress: "localhost:36791"
startupRole: FOLLOWER
, old:), (t:2, i:1), STATEMACHINELOGENTRY, 0@client-2EFB324ADA71, (t:2, i:2), METADATAENTRY(c:1), (t:2, i:3), STATEMACHINELOGENTRY, 999@client-AE8279CAF820, (t:2, i:4), METADATAENTRY(c:3)]
2022-11-08 19:12:10,667 [s2-server-thread2] INFO  server.RaftServer$Division (RaftServerImpl.java:checkInconsistentAppendEntries(1592)) - s2@group-EA982605F2E5: Failed appendEntries as the first entry (index 0) already exists (snapshotIndex: -1, commitIndex: 0)
2022-11-08 19:12:10,667 [s2-server-thread2] INFO  server.RaftServer$Division (RaftServerImpl.java:checkInconsistentAppendEntries(1572)) - s2@group-EA982605F2E5: inconsistency entries. Reply:s1<-s2#2405:FAIL-t2,INCONSISTENCY,nextIndex=1,followerCommit=0,matchIndex=-1
2022-11-08 19:12:10,668 [grpc-default-executor-3] INFO  leader.FollowerInfo (FollowerInfoImpl.java:lambda$new$0(48)) - s1@group-EA982605F2E5->s2: nextIndex: updateUnconditionally 5 -> 1
2022-11-08 19:12:10,668 [s2-server-thread2] DEBUG server.RaftServer$Division (RaftServerImpl.java:logAppendEntries(1421)) - s2@group-EA982605F2E5: receive appendEntries(s1, 2, (t:2, i:0), 4, true, commits:[s1:c4, s0:c4, s2:c0], cId:2406, entries: [(t:2, i:1), STATEMACHINELOGENTRY, 0@client-2EFB324ADA71, (t:2, i:2), METADATAENTRY(c:1), (t:2, i:3), STATEMACHINELOGENTRY, 999@client-AE8279CAF820, (t:2, i:4), METADATAENTRY(c:3)]
2022-11-08 19:12:10,668 [s2-server-thread2] INFO  server.RaftServer$Division (RaftServerImpl.java:checkInconsistentAppendEntries(1602)) - s2@group-EA982605F2E5: Failed appendEntries as previous log entry ((t:2, i:0)) is not found
2022-11-08 19:12:10,668 [s2-server-thread2] INFO  server.RaftServer$Division (RaftServerImpl.java:checkInconsistentAppendEntries(1572)) - s2@group-EA982605F2E5: inconsistency entries. Reply:s1<-s2#2406:FAIL-t2,INCONSISTENCY,nextIndex=0,followerCommit=0,matchIndex=-1
2022-11-08 19:12:10,668 [grpc-default-executor-3] INFO  leader.FollowerInfo (FollowerInfoImpl.java:lambda$new$0(48)) - s1@group-EA982605F2E5->s2: nextIndex: updateUnconditionally 5 -> 0
2022-11-08 19:12:10,669 [s2-server-thread1] DEBUG server.RaftServer$Division (RaftServerImpl.java:logAppendEntries(1421)) - s2@group-EA982605F2E5: receive appendEntries(s1, 2, null, 4, true, commits:[s1:c4, s0:c4, s2:c0], cId:2407, entries: [(t:2, i:0), CONFIGURATIONENTRY(current:id: "s0"
address: "localhost:34297"
dataStreamAddress: "localhost:43983"
clientAddress: "localhost:39609"
adminAddress: "localhost:37077"
startupRole: FOLLOWER
,id: "s1"
address: "localhost:38917"
dataStreamAddress: "localhost:45719"
clientAddress: "localhost:36975"
adminAddress: "localhost:40635"
startupRole: FOLLOWER
,id: "s2"
address: "localhost:35511"
dataStreamAddress: "localhost:38827"
clientAddress: "localhost:42865"
adminAddress: "localhost:36791"
startupRole: FOLLOWER
, old:), (t:2, i:1), STATEMACHINELOGENTRY, 0@client-2EFB324ADA71, (t:2, i:2), METADATAENTRY(c:1), (t:2, i:3), STATEMACHINELOGENTRY, 999@client-AE8279CAF820, (t:2, i:4), METADATAENTRY(c:3)]
2022-11-08 19:12:10,669 [s2-server-thread1] INFO  server.RaftServer$Division (RaftServerImpl.java:checkInconsistentAppendEntries(1592)) - s2@group-EA982605F2E5: Failed appendEntries as the first entry (index 0) already exists (snapshotIndex: -1, commitIndex: 0)
2022-11-08 19:12:10,669 [s2-server-thread1] INFO  server.RaftServer$Division (RaftServerImpl.java:checkInconsistentAppendEntries(1572)) - s2@group-EA982605F2E5: inconsistency entries. Reply:s1<-s2#2407:FAIL-t2,INCONSISTENCY,nextIndex=1,followerCommit=0,matchIndex=-1
2022-11-08 19:12:10,669 [grpc-default-executor-3] INFO  leader.FollowerInfo (FollowerInfoImpl.java:lambda$new$0(48)) - s1@group-EA982605F2E5->s2: nextIndex: updateUnconditionally 5 -> 1
2022-11-08 19:12:10,670 [s2-server-thread2] DEBUG server.RaftServer$Division (RaftServerImpl.java:logAppendEntries(1421)) - s2@group-EA982605F2E5: receive appendEntries(s1, 2, (t:2, i:0), 4, true, commits:[s1:c4, s0:c4, s2:c0], cId:2408, entries: [(t:2, i:1), STATEMACHINELOGENTRY, 0@client-2EFB324ADA71, (t:2, i:2), METADATAENTRY(c:1), (t:2, i:3), STATEMACHINELOGENTRY, 999@client-AE8279CAF820, (t:2, i:4), METADATAENTRY(c:3)]
2022-11-08 19:12:10,670 [s2-server-thread2] INFO  server.RaftServer$Division (RaftServerImpl.java:checkInconsistentAppendEntries(1602)) - s2@group-EA982605F2E5: Failed appendEntries as previous log entry ((t:2, i:0)) is not found
2022-11-08 19:12:10,670 [s2-server-thread2] INFO  server.RaftServer$Division (RaftServerImpl.java:checkInconsistentAppendEntries(1572)) - s2@group-EA982605F2E5: inconsistency entries. Reply:s1<-s2#2408:FAIL-t2,INCONSISTENCY,nextIndex=0,followerCommit=0,matchIndex=-1
2022-11-08 19:12:10,670 [grpc-default-executor-3] INFO  leader.FollowerInfo (FollowerInfoImpl.java:lambda$new$0(48)) - s1@group-EA982605F2E5->s2: nextIndex: updateUnconditionally 5 -> 0
2022-11-08 19:12:10,671 [s2-server-thread2] DEBUG server.RaftServer$Division (RaftServerImpl.java:logAppendEntries(1421)) - s2@group-EA982605F2E5: receive appendEntries(s1, 2, null, 4, true, commits:[s1:c4, s0:c4, s2:c0], cId:2409, entries: [(t:2, i:0), CONFIGURATIONENTRY(current:id: "s0"
address: "localhost:34297"
dataStreamAddress: "localhost:43983"
clientAddress: "localhost:39609"
adminAddress: "localhost:37077"
startupRole: FOLLOWER
,id: "s1"
address: "localhost:38917"
dataStreamAddress: "localhost:45719"
clientAddress: "localhost:36975"
adminAddress: "localhost:40635"
startupRole: FOLLOWER
,id: "s2"
address: "localhost:35511"
dataStreamAddress: "localhost:38827"
clientAddress: "localhost:42865"
adminAddress: "localhost:36791"
startupRole: FOLLOWER
, old:), (t:2, i:1), STATEMACHINELOGENTRY, 0@client-2EFB324ADA71, (t:2, i:2), METADATAENTRY(c:1), (t:2, i:3), STATEMACHINELOGENTRY, 999@client-AE8279CAF820, (t:2, i:4), METADATAENTRY(c:3)]
2022-11-08 19:12:10,671 [s2-server-thread2] INFO  server.RaftServer$Division (RaftServerImpl.java:checkInconsistentAppendEntries(1592)) - s2@group-EA982605F2E5: Failed appendEntries as the first entry (index 0) already exists (snapshotIndex: -1, commitIndex: 0)
2022-11-08 19:12:10,671 [s2-server-thread2] INFO  server.RaftServer$Division (RaftServerImpl.java:checkInconsistentAppendEntries(1572)) - s2@group-EA982605F2E5: inconsistency entries. Reply:s1<-s2#2409:FAIL-t2,INCONSISTENCY,nextIndex=1,followerCommit=0,matchIndex=-1
2022-11-08 19:12:10,671 [grpc-default-executor-3] INFO  leader.FollowerInfo (FollowerInfoImpl.java:lambda$new$0(48)) - s1@group-EA982605F2E5->s2: nextIndex: updateUnconditionally 5 -> 1
2022-11-08 19:12:10,672 [s2-server-thread2] DEBUG server.RaftServer$Division (RaftServerImpl.java:logAppendEntries(1421)) - s2@group-EA982605F2E5: receive appendEntries(s1, 2, (t:2, i:0), 4, true, commits:[s1:c4, s0:c4, s2:c0], cId:2410, entries: [(t:2, i:1), STATEMACHINELOGENTRY, 0@client-2EFB324ADA71, (t:2, i:2), METADATAENTRY(c:1), (t:2, i:3), STATEMACHINELOGENTRY, 999@client-AE8279CAF820, (t:2, i:4), METADATAENTRY(c:3)]
2022-11-08 19:12:10,672 [s2-server-thread2] INFO  server.RaftServer$Division (RaftServerImpl.java:checkInconsistentAppendEntries(1602)) - s2@group-EA982605F2E5: Failed appendEntries as previous log entry ((t:2, i:0)) is not found
2022-11-08 19:12:10,672 [s2-server-thread2] INFO  server.RaftServer$Division (RaftServerImpl.java:checkInconsistentAppendEntries(1572)) - s2@group-EA982605F2E5: inconsistency entries. Reply:s1<-s2#2410:FAIL-t2,INCONSISTENCY,nextIndex=0,followerCommit=0,matchIndex=-1
2022-11-08 19:12:10,672 [grpc-default-executor-3] INFO  leader.FollowerInfo (FollowerInfoImpl.java:lambda$new$0(48)) - s1@group-EA982605F2E5->s2: nextIndex: updateUnconditionally 5 -> 0
2022-11-08 19:12:10,673 [s2-server-thread2] DEBUG server.RaftServer$Division (RaftServerImpl.java:logAppendEntries(1421)) - s2@group-EA982605F2E5: receive appendEntries(s1, 2, null, 4, true, commits:[s1:c4, s0:c4, s2:c0], cId:2411, entries: [(t:2, i:0), CONFIGURATIONENTRY(current:id: "s0"
address: "localhost:34297"
dataStreamAddress: "localhost:43983"
clientAddress: "localhost:39609"
adminAddress: "localhost:37077"
startupRole: FOLLOWER
,id: "s1"
address: "localhost:38917"
dataStreamAddress: "localhost:45719"
clientAddress: "localhost:36975"
adminAddress: "localhost:40635"
startupRole: FOLLOWER
,id: "s2"
address: "localhost:35511"
dataStreamAddress: "localhost:38827"
clientAddress: "localhost:42865"
adminAddress: "localhost:36791"
startupRole: FOLLOWER
, old:), (t:2, i:1), STATEMACHINELOGENTRY, 0@client-2EFB324ADA71, (t:2, i:2), METADATAENTRY(c:1), (t:2, i:3), STATEMACHINELOGENTRY, 999@client-AE8279CAF820, (t:2, i:4), METADATAENTRY(c:3)]
2022-11-08 19:12:10,673 [s2-server-thread2] INFO  server.RaftServer$Division (RaftServerImpl.java:checkInconsistentAppendEntries(1592)) - s2@group-EA982605F2E5: Failed appendEntries as the first entry (index 0) already exists (snapshotIndex: -1, commitIndex: 0)
2022-11-08 19:12:10,673 [s2-server-thread2] INFO  server.RaftServer$Division (RaftServerImpl.java:checkInconsistentAppendEntries(1572)) - s2@group-EA982605F2E5: inconsistency entries. Reply:s1<-s2#2411:FAIL-t2,INCONSISTENCY,nextIndex=1,followerCommit=0,matchIndex=-1
2022-11-08 19:12:10,673 [grpc-default-executor-3] INFO  leader.FollowerInfo (FollowerInfoImpl.java:lambda$new$0(48)) - s1@group-EA982605F2E5->s2: nextIndex: updateUnconditionally 5 -> 1
2022-11-08 19:12:10,674 [s2-server-thread1] DEBUG server.RaftServer$Division (RaftServerImpl.java:logAppendEntries(1421)) - s2@group-EA982605F2E5: receive appendEntries(s1, 2, (t:2, i:0), 4, true, commits:[s1:c4, s0:c4, s2:c0], cId:2412, entries: [(t:2, i:1), STATEMACHINELOGENTRY, 0@client-2EFB324ADA71, (t:2, i:2), METADATAENTRY(c:1), (t:2, i:3), STATEMACHINELOGENTRY, 999@client-AE8279CAF820, (t:2, i:4), METADATAENTRY(c:3)]
2022-11-08 19:12:10,674 [s2-server-thread1] INFO  server.RaftServer$Division (RaftServerImpl.java:checkInconsistentAppendEntries(1602)) - s2@group-EA982605F2E5: Failed appendEntries as previous log entry ((t:2, i:0)) is not found
2022-11-08 19:12:10,674 [s2-server-thread1] INFO  server.RaftServer$Division (RaftServerImpl.java:checkInconsistentAppendEntries(1572)) - s2@group-EA982605F2E5: inconsistency entries. Reply:s1<-s2#2412:FAIL-t2,INCONSISTENCY,nextIndex=0,followerCommit=0,matchIndex=-1
2022-11-08 19:12:10,674 [grpc-default-executor-3] INFO  leader.FollowerInfo (FollowerInfoImpl.java:lambda$new$0(48)) - s1@group-EA982605F2E5->s2: nextIndex: updateUnconditionally 5 -> 0
2022-11-08 19:12:10,674 [s2-server-thread2] DEBUG server.RaftServer$Division (RaftServerImpl.java:logAppendEntries(1421)) - s2@group-EA982605F2E5: receive appendEntries(s1, 2, null, 4, true, commits:[s1:c4, s0:c4, s2:c0], cId:2413, entries: [(t:2, i:0), CONFIGURATIONENTRY(current:id: "s0"
address: "localhost:34297"
dataStreamAddress: "localhost:43983"
clientAddress: "localhost:39609"
adminAddress: "localhost:37077"
startupRole: FOLLOWER
,id: "s1"
address: "localhost:38917"
dataStreamAddress: "localhost:45719"
clientAddress: "localhost:36975"
adminAddress: "localhost:40635"
startupRole: FOLLOWER
,id: "s2"
address: "localhost:35511"
dataStreamAddress: "localhost:38827"
clientAddress: "localhost:42865"
adminAddress: "localhost:36791"
startupRole: FOLLOWER
, old:), (t:2, i:1), STATEMACHINELOGENTRY, 0@client-2EFB324ADA71, (t:2, i:2), METADATAENTRY(c:1), (t:2, i:3), STATEMACHINELOGENTRY, 999@client-AE8279CAF820, (t:2, i:4), METADATAENTRY(c:3)]
2022-11-08 19:12:10,675 [s2-server-thread2] INFO  server.RaftServer$Division (RaftServerImpl.java:checkInconsistentAppendEntries(1592)) - s2@group-EA982605F2E5: Failed appendEntries as the first entry (index 0) already exists (snapshotIndex: -1, commitIndex: 0)
2022-11-08 19:12:10,675 [s2-server-thread2] INFO  server.RaftServer$Division (RaftServerImpl.java:checkInconsistentAppendEntries(1572)) - s2@group-EA982605F2E5: inconsistency entries. Reply:s1<-s2#2413:FAIL-t2,INCONSISTENCY,nextIndex=1,followerCommit=0,matchIndex=-1
2022-11-08 19:12:10,675 [grpc-default-executor-3] INFO  leader.FollowerInfo (FollowerInfoImpl.java:lambda$new$0(48)) - s1@group-EA982605F2E5->s2: nextIndex: updateUnconditionally 5 -> 1
2022-11-08 19:12:10,675 [s2-server-thread2] DEBUG server.RaftServer$Division (RaftServerImpl.java:logAppendEntries(1421)) - s2@group-EA982605F2E5: receive appendEntries(s1, 2, (t:2, i:0), 4, true, commits:[s1:c4, s0:c4, s2:c0], cId:2414, entries: [(t:2, i:1), STATEMACHINELOGENTRY, 0@client-2EFB324ADA71, (t:2, i:2), METADATAENTRY(c:1), (t:2, i:3), STATEMACHINELOGENTRY, 999@client-AE8279CAF820, (t:2, i:4), METADATAENTRY(c:3)]
2022-11-08 19:12:10,675 [s2-server-thread2] INFO  server.RaftServer$Division (RaftServerImpl.java:checkInconsistentAppendEntries(1602)) - s2@group-EA982605F2E5: Failed appendEntries as previous log entry ((t:2, i:0)) is not found
2022-11-08 19:12:10,675 [s2-server-thread2] INFO  server.RaftServer$Division (RaftServerImpl.java:checkInconsistentAppendEntries(1572)) - s2@group-EA982605F2E5: inconsistency entries. Reply:s1<-s2#2414:FAIL-t2,INCONSISTENCY,nextIndex=0,followerCommit=0,matchIndex=-1
2022-11-08 19:12:10,676 [grpc-default-executor-3] INFO  leader.FollowerInfo (FollowerInfoImpl.java:lambda$new$0(48)) - s1@group-EA982605F2E5->s2: nextIndex: updateUnconditionally 5 -> 0
2022-11-08 19:12:10,677 [s2-server-thread2] DEBUG server.RaftServer$Division (RaftServerImpl.java:logAppendEntries(1421)) - s2@group-EA982605F2E5: receive appendEntries(s1, 2, null, 4, true, commits:[s1:c4, s0:c4, s2:c0], cId:2415, entries: [(t:2, i:0), CONFIGURATIONENTRY(current:id: "s0"
address: "localhost:34297"
dataStreamAddress: "localhost:43983"
clientAddress: "localhost:39609"
adminAddress: "localhost:37077"
startupRole: FOLLOWER
,id: "s1"
address: "localhost:38917"
dataStreamAddress: "localhost:45719"
clientAddress: "localhost:36975"
adminAddress: "localhost:40635"
startupRole: FOLLOWER
,id: "s2"
address: "localhost:35511"
dataStreamAddress: "localhost:38827"
clientAddress: "localhost:42865"
adminAddress: "localhost:36791"
startupRole: FOLLOWER
, old:), (t:2, i:1), STATEMACHINELOGENTRY, 0@client-2EFB324ADA71, (t:2, i:2), METADATAENTRY(c:1), (t:2, i:3), STATEMACHINELOGENTRY, 999@client-AE8279CAF820, (t:2, i:4), METADATAENTRY(c:3)]
2022-11-08 19:12:10,677 [s2-server-thread2] INFO  server.RaftServer$Division (RaftServerImpl.java:checkInconsistentAppendEntries(1592)) - s2@group-EA982605F2E5: Failed appendEntries as the first entry (index 0) already exists (snapshotIndex: -1, commitIndex: 0)
2022-11-08 19:12:10,677 [s2-server-thread2] INFO  server.RaftServer$Division (RaftServerImpl.java:checkInconsistentAppendEntries(1572)) - s2@group-EA982605F2E5: inconsistency entries. Reply:s1<-s2#2415:FAIL-t2,INCONSISTENCY,nextIndex=1,followerCommit=0,matchIndex=-1
2022-11-08 19:12:10,677 [grpc-default-executor-3] INFO  leader.FollowerInfo (FollowerInfoImpl.java:lambda$new$0(48)) - s1@group-EA982605F2E5->s2: nextIndex: updateUnconditionally 5 -> 1
2022-11-08 19:12:10,677 [s2-server-thread1] DEBUG server.RaftServer$Division (RaftServerImpl.java:logAppendEntries(1421)) - s2@group-EA982605F2E5: receive appendEntries(s1, 2, (t:2, i:0), 4, true, commits:[s1:c4, s0:c4, s2:c0], cId:2416, entries: [(t:2, i:1), STATEMACHINELOGENTRY, 0@client-2EFB324ADA71, (t:2, i:2), METADATAENTRY(c:1), (t:2, i:3), STATEMACHINELOGENTRY, 999@client-AE8279CAF820, (t:2, i:4), METADATAENTRY(c:3)]
2022-11-08 19:12:10,678 [s2-server-thread1] INFO  server.RaftServer$Division (RaftServerImpl.java:checkInconsistentAppendEntries(1602)) - s2@group-EA982605F2E5: Failed appendEntries as previous log entry ((t:2, i:0)) is not found
2022-11-08 19:12:10,678 [s2-server-thread1] INFO  server.RaftServer$Division (RaftServerImpl.java:checkInconsistentAppendEntries(1572)) - s2@group-EA982605F2E5: inconsistency entries. Reply:s1<-s2#2416:FAIL-t2,INCONSISTENCY,nextIndex=0,followerCommit=0,matchIndex=-1
2022-11-08 19:12:10,678 [grpc-default-executor-3] INFO  leader.FollowerInfo (FollowerInfoImpl.java:lambda$new$0(48)) - s1@group-EA982605F2E5->s2: nextIndex: updateUnconditionally 5 -> 0
2022-11-08 19:12:10,678 [s2-server-thread1] DEBUG server.RaftServer$Division (RaftServerImpl.java:logAppendEntries(1421)) - s2@group-EA982605F2E5: receive appendEntries(s1, 2, null, 4, true, commits:[s1:c4, s0:c4, s2:c0], cId:2417, entries: [(t:2, i:0), CONFIGURATIONENTRY(current:id: "s0"
address: "localhost:34297"
dataStreamAddress: "localhost:43983"
clientAddress: "localhost:39609"
adminAddress: "localhost:37077"
startupRole: FOLLOWER
,id: "s1"
address: "localhost:38917"
dataStreamAddress: "localhost:45719"
clientAddress: "localhost:36975"
adminAddress: "localhost:40635"
startupRole: FOLLOWER
,id: "s2"
address: "localhost:35511"
dataStreamAddress: "localhost:38827"
clientAddress: "localhost:42865"
adminAddress: "localhost:36791"
startupRole: FOLLOWER
, old:), (t:2, i:1), STATEMACHINELOGENTRY, 0@client-2EFB324ADA71, (t:2, i:2), METADATAENTRY(c:1), (t:2, i:3), STATEMACHINELOGENTRY, 999@client-AE8279CAF820, (t:2, i:4), METADATAENTRY(c:3)]
2022-11-08 19:12:10,678 [s2-server-thread1] INFO  server.RaftServer$Division (RaftServerImpl.java:checkInconsistentAppendEntries(1592)) - s2@group-EA982605F2E5: Failed appendEntries as the first entry (index 0) already exists (snapshotIndex: -1, commitIndex: 0)
2022-11-08 19:12:10,679 [s2-server-thread1] INFO  server.RaftServer$Division (RaftServerImpl.java:checkInconsistentAppendEntries(1572)) - s2@group-EA982605F2E5: inconsistency entries. Reply:s1<-s2#2417:FAIL-t2,INCONSISTENCY,nextIndex=1,followerCommit=0,matchIndex=-1
2022-11-08 19:12:10,679 [grpc-default-executor-3] INFO  leader.FollowerInfo (FollowerInfoImpl.java:lambda$new$0(48)) - s1@group-EA982605F2E5->s2: nextIndex: updateUnconditionally 5 -> 1
2022-11-08 19:12:10,679 [s2-server-thread2] DEBUG server.RaftServer$Division (RaftServerImpl.java:logAppendEntries(1421)) - s2@group-EA982605F2E5: receive appendEntries(s1, 2, (t:2, i:0), 4, true, commits:[s1:c4, s0:c4, s2:c0], cId:2418, entries: [(t:2, i:1), STATEMACHINELOGENTRY, 0@client-2EFB324ADA71, (t:2, i:2), METADATAENTRY(c:1), (t:2, i:3), STATEMACHINELOGENTRY, 999@client-AE8279CAF820, (t:2, i:4), METADATAENTRY(c:3)]
2022-11-08 19:12:10,679 [s2-server-thread2] INFO  server.RaftServer$Division (RaftServerImpl.java:checkInconsistentAppendEntries(1602)) - s2@group-EA982605F2E5: Failed appendEntries as previous log entry ((t:2, i:0)) is not found
2022-11-08 19:12:10,679 [s2-server-thread2] INFO  server.RaftServer$Division (RaftServerImpl.java:checkInconsistentAppendEntries(1572)) - s2@group-EA982605F2E5: inconsistency entries. Reply:s1<-s2#2418:FAIL-t2,INCONSISTENCY,nextIndex=0,followerCommit=0,matchIndex=-1
2022-11-08 19:12:10,680 [grpc-default-executor-3] INFO  leader.FollowerInfo (FollowerInfoImpl.java:lambda$new$0(48)) - s1@group-EA982605F2E5->s2: nextIndex: updateUnconditionally 5 -> 0
2022-11-08 19:12:10,680 [s2-server-thread2] DEBUG server.RaftServer$Division (RaftServerImpl.java:logAppendEntries(1421)) - s2@group-EA982605F2E5: receive appendEntries(s1, 2, null, 4, true, commits:[s1:c4, s0:c4, s2:c0], cId:2419, entries: [(t:2, i:0), CONFIGURATIONENTRY(current:id: "s0"
address: "localhost:34297"
dataStreamAddress: "localhost:43983"
clientAddress: "localhost:39609"
adminAddress: "localhost:37077"
startupRole: FOLLOWER
,id: "s1"
address: "localhost:38917"
dataStreamAddress: "localhost:45719"
clientAddress: "localhost:36975"
adminAddress: "localhost:40635"
startupRole: FOLLOWER
,id: "s2"
address: "localhost:35511"
dataStreamAddress: "localhost:38827"
clientAddress: "localhost:42865"
adminAddress: "localhost:36791"
startupRole: FOLLOWER
, old:), (t:2, i:1), STATEMACHINELOGENTRY, 0@client-2EFB324ADA71, (t:2, i:2), METADATAENTRY(c:1), (t:2, i:3), STATEMACHINELOGENTRY, 999@client-AE8279CAF820, (t:2, i:4), METADATAENTRY(c:3)]
2022-11-08 19:12:10,680 [s2-server-thread2] INFO  server.RaftServer$Division (RaftServerImpl.java:checkInconsistentAppendEntries(1592)) - s2@group-EA982605F2E5: Failed appendEntries as the first entry (index 0) already exists (snapshotIndex: -1, commitIndex: 0)
2022-11-08 19:12:10,680 [s2-server-thread2] INFO  server.RaftServer$Division (RaftServerImpl.java:checkInconsistentAppendEntries(1572)) - s2@group-EA982605F2E5: inconsistency entries. Reply:s1<-s2#2419:FAIL-t2,INCONSISTENCY,nextIndex=1,followerCommit=0,matchIndex=-1
2022-11-08 19:12:10,681 [grpc-default-executor-3] INFO  leader.FollowerInfo (FollowerInfoImpl.java:lambda$new$0(48)) - s1@group-EA982605F2E5->s2: nextIndex: updateUnconditionally 5 -> 1
2022-11-08 19:12:10,681 [s2-server-thread1] DEBUG server.RaftServer$Division (RaftServerImpl.java:logAppendEntries(1421)) - s2@group-EA982605F2E5: receive appendEntries(s1, 2, (t:2, i:0), 4, true, commits:[s1:c4, s0:c4, s2:c0], cId:2420, entries: [(t:2, i:1), STATEMACHINELOGENTRY, 0@client-2EFB324ADA71, (t:2, i:2), METADATAENTRY(c:1), (t:2, i:3), STATEMACHINELOGENTRY, 999@client-AE8279CAF820, (t:2, i:4), METADATAENTRY(c:3)]
2022-11-08 19:12:10,681 [s2-server-thread1] INFO  server.RaftServer$Division (RaftServerImpl.java:checkInconsistentAppendEntries(1602)) - s2@group-EA982605F2E5: Failed appendEntries as previous log entry ((t:2, i:0)) is not found
2022-11-08 19:12:10,681 [s2-server-thread1] INFO  server.RaftServer$Division (RaftServerImpl.java:checkInconsistentAppendEntries(1572)) - s2@group-EA982605F2E5: inconsistency entries. Reply:s1<-s2#2420:FAIL-t2,INCONSISTENCY,nextIndex=0,followerCommit=0,matchIndex=-1
2022-11-08 19:12:10,682 [grpc-default-executor-3] INFO  leader.FollowerInfo (FollowerInfoImpl.java:lambda$new$0(48)) - s1@group-EA982605F2E5->s2: nextIndex: updateUnconditionally 5 -> 0
2022-11-08 19:12:10,682 [s2-server-thread2] DEBUG server.RaftServer$Division (RaftServerImpl.java:logAppendEntries(1421)) - s2@group-EA982605F2E5: receive appendEntries(s1, 2, null, 4, true, commits:[s1:c4, s0:c4, s2:c0], cId:2421, entries: [(t:2, i:0), CONFIGURATIONENTRY(current:id: "s0"
address: "localhost:34297"
dataStreamAddress: "localhost:43983"
clientAddress: "localhost:39609"
adminAddress: "localhost:37077"
startupRole: FOLLOWER
,id: "s1"
address: "localhost:38917"
dataStreamAddress: "localhost:45719"
clientAddress: "localhost:36975"
adminAddress: "localhost:40635"
startupRole: FOLLOWER
,id: "s2"
address: "localhost:35511"
dataStreamAddress: "localhost:38827"
clientAddress: "localhost:42865"
adminAddress: "localhost:36791"
startupRole: FOLLOWER
, old:), (t:2, i:1), STATEMACHINELOGENTRY, 0@client-2EFB324ADA71, (t:2, i:2), METADATAENTRY(c:1), (t:2, i:3), STATEMACHINELOGENTRY, 999@client-AE8279CAF820, (t:2, i:4), METADATAENTRY(c:3)]
2022-11-08 19:12:10,682 [s2-server-thread2] INFO  server.RaftServer$Division (RaftServerImpl.java:checkInconsistentAppendEntries(1592)) - s2@group-EA982605F2E5: Failed appendEntries as the first entry (index 0) already exists (snapshotIndex: -1, commitIndex: 0)
2022-11-08 19:12:10,682 [s2-server-thread2] INFO  server.RaftServer$Division (RaftServerImpl.java:checkInconsistentAppendEntries(1572)) - s2@group-EA982605F2E5: inconsistency entries. Reply:s1<-s2#2421:FAIL-t2,INCONSISTENCY,nextIndex=1,followerCommit=0,matchIndex=-1
2022-11-08 19:12:10,683 [grpc-default-executor-3] INFO  leader.FollowerInfo (FollowerInfoImpl.java:lambda$new$0(48)) - s1@group-EA982605F2E5->s2: nextIndex: updateUnconditionally 5 -> 1
2022-11-08 19:12:10,683 [s2-server-thread1] DEBUG server.RaftServer$Division (RaftServerImpl.java:logAppendEntries(1421)) - s2@group-EA982605F2E5: receive appendEntries(s1, 2, (t:2, i:0), 4, true, commits:[s1:c4, s0:c4, s2:c0], cId:2422, entries: [(t:2, i:1), STATEMACHINELOGENTRY, 0@client-2EFB324ADA71, (t:2, i:2), METADATAENTRY(c:1), (t:2, i:3), STATEMACHINELOGENTRY, 999@client-AE8279CAF820, (t:2, i:4), METADATAENTRY(c:3)]
2022-11-08 19:12:10,683 [s2-server-thread1] INFO  server.RaftServer$Division (RaftServerImpl.java:checkInconsistentAppendEntries(1602)) - s2@group-EA982605F2E5: Failed appendEntries as previous log entry ((t:2, i:0)) is not found
2022-11-08 19:12:10,683 [s2-server-thread1] INFO  server.RaftServer$Division (RaftServerImpl.java:checkInconsistentAppendEntries(1572)) - s2@group-EA982605F2E5: inconsistency entries. Reply:s1<-s2#2422:FAIL-t2,INCONSISTENCY,nextIndex=0,followerCommit=0,matchIndex=-1
2022-11-08 19:12:10,684 [grpc-default-executor-3] INFO  leader.FollowerInfo (FollowerInfoImpl.java:lambda$new$0(48)) - s1@group-EA982605F2E5->s2: nextIndex: updateUnconditionally 5 -> 0
2022-11-08 19:12:10,684 [s2-server-thread2] DEBUG server.RaftServer$Division (RaftServerImpl.java:logAppendEntries(1421)) - s2@group-EA982605F2E5: receive appendEntries(s1, 2, null, 4, true, commits:[s1:c4, s0:c4, s2:c0], cId:2423, entries: [(t:2, i:0), CONFIGURATIONENTRY(current:id: "s0"
address: "localhost:34297"
dataStreamAddress: "localhost:43983"
clientAddress: "localhost:39609"
adminAddress: "localhost:37077"
startupRole: FOLLOWER
,id: "s1"
address: "localhost:38917"
dataStreamAddress: "localhost:45719"
clientAddress: "localhost:36975"
adminAddress: "localhost:40635"
startupRole: FOLLOWER
,id: "s2"
address: "localhost:35511"
dataStreamAddress: "localhost:38827"
clientAddress: "localhost:42865"
adminAddress: "localhost:36791"
startupRole: FOLLOWER
, old:), (t:2, i:1), STATEMACHINELOGENTRY, 0@client-2EFB324ADA71, (t:2, i:2), METADATAENTRY(c:1), (t:2, i:3), STATEMACHINELOGENTRY, 999@client-AE8279CAF820, (t:2, i:4), METADATAENTRY(c:3)]
2022-11-08 19:12:10,684 [s2-server-thread2] INFO  server.RaftServer$Division (RaftServerImpl.java:checkInconsistentAppendEntries(1592)) - s2@group-EA982605F2E5: Failed appendEntries as the first entry (index 0) already exists (snapshotIndex: -1, commitIndex: 0)
2022-11-08 19:12:10,684 [s2-server-thread2] INFO  server.RaftServer$Division (RaftServerImpl.java:checkInconsistentAppendEntries(1572)) - s2@group-EA982605F2E5: inconsistency entries. Reply:s1<-s2#2423:FAIL-t2,INCONSISTENCY,nextIndex=1,followerCommit=0,matchIndex=-1
2022-11-08 19:12:10,684 [grpc-default-executor-3] INFO  leader.FollowerInfo (FollowerInfoImpl.java:lambda$new$0(48)) - s1@group-EA982605F2E5->s2: nextIndex: updateUnconditionally 5 -> 1
2022-11-08 19:12:10,685 [s2-server-thread2] DEBUG server.RaftServer$Division (RaftServerImpl.java:logAppendEntries(1421)) - s2@group-EA982605F2E5: receive appendEntries(s1, 2, (t:2, i:0), 4, true, commits:[s1:c4, s0:c4, s2:c0], cId:2424, entries: [(t:2, i:1), STATEMACHINELOGENTRY, 0@client-2EFB324ADA71, (t:2, i:2), METADATAENTRY(c:1), (t:2, i:3), STATEMACHINELOGENTRY, 999@client-AE8279CAF820, (t:2, i:4), METADATAENTRY(c:3)]
2022-11-08 19:12:10,685 [s2-server-thread2] INFO  server.RaftServer$Division (RaftServerImpl.java:checkInconsistentAppendEntries(1602)) - s2@group-EA982605F2E5: Failed appendEntries as previous log entry ((t:2, i:0)) is not found
2022-11-08 19:12:10,685 [s2-server-thread2] INFO  server.RaftServer$Division (RaftServerImpl.java:checkInconsistentAppendEntries(1572)) - s2@group-EA982605F2E5: inconsistency entries. Reply:s1<-s2#2424:FAIL-t2,INCONSISTENCY,nextIndex=0,followerCommit=0,matchIndex=-1
2022-11-08 19:12:10,685 [grpc-default-executor-3] INFO  leader.FollowerInfo (FollowerInfoImpl.java:lambda$new$0(48)) - s1@group-EA982605F2E5->s2: nextIndex: updateUnconditionally 5 -> 0
2022-11-08 19:12:10,686 [s2-server-thread1] DEBUG server.RaftServer$Division (RaftServerImpl.java:logAppendEntries(1421)) - s2@group-EA982605F2E5: receive appendEntries(s1, 2, null, 4, true, commits:[s1:c4, s0:c4, s2:c0], cId:2425, entries: [(t:2, i:0), CONFIGURATIONENTRY(current:id: "s0"
address: "localhost:34297"
dataStreamAddress: "localhost:43983"
clientAddress: "localhost:39609"
adminAddress: "localhost:37077"
startupRole: FOLLOWER
,id: "s1"
address: "localhost:38917"
dataStreamAddress: "localhost:45719"
clientAddress: "localhost:36975"
adminAddress: "localhost:40635"
startupRole: FOLLOWER
,id: "s2"
address: "localhost:35511"
dataStreamAddress: "localhost:38827"
clientAddress: "localhost:42865"
adminAddress: "localhost:36791"
startupRole: FOLLOWER
, old:), (t:2, i:1), STATEMACHINELOGENTRY, 0@client-2EFB324ADA71, (t:2, i:2), METADATAENTRY(c:1), (t:2, i:3), STATEMACHINELOGENTRY, 999@client-AE8279CAF820, (t:2, i:4), METADATAENTRY(c:3)]
2022-11-08 19:12:10,686 [s2-server-thread1] INFO  server.RaftServer$Division (RaftServerImpl.java:checkInconsistentAppendEntries(1592)) - s2@group-EA982605F2E5: Failed appendEntries as the first entry (index 0) already exists (snapshotIndex: -1, commitIndex: 0)
2022-11-08 19:12:10,686 [s2-server-thread1] INFO  server.RaftServer$Division (RaftServerImpl.java:checkInconsistentAppendEntries(1572)) - s2@group-EA982605F2E5: inconsistency entries. Reply:s1<-s2#2425:FAIL-t2,INCONSISTENCY,nextIndex=1,followerCommit=0,matchIndex=-1
2022-11-08 19:12:10,686 [grpc-default-executor-3] INFO  leader.FollowerInfo (FollowerInfoImpl.java:lambda$new$0(48)) - s1@group-EA982605F2E5->s2: nextIndex: updateUnconditionally 5 -> 1
2022-11-08 19:12:10,687 [s2-server-thread2] DEBUG server.RaftServer$Division (RaftServerImpl.java:logAppendEntries(1421)) - s2@group-EA982605F2E5: receive appendEntries(s1, 2, (t:2, i:0), 4, true, commits:[s1:c4, s0:c4, s2:c0], cId:2426, entries: [(t:2, i:1), STATEMACHINELOGENTRY, 0@client-2EFB324ADA71, (t:2, i:2), METADATAENTRY(c:1), (t:2, i:3), STATEMACHINELOGENTRY, 999@client-AE8279CAF820, (t:2, i:4), METADATAENTRY(c:3)]
2022-11-08 19:12:10,687 [s2-server-thread2] INFO  server.RaftServer$Division (RaftServerImpl.java:checkInconsistentAppendEntries(1602)) - s2@group-EA982605F2E5: Failed appendEntries as previous log entry ((t:2, i:0)) is not found
2022-11-08 19:12:10,687 [s2-server-thread2] INFO  server.RaftServer$Division (RaftServerImpl.java:checkInconsistentAppendEntries(1572)) - s2@group-EA982605F2E5: inconsistency entries. Reply:s1<-s2#2426:FAIL-t2,INCONSISTENCY,nextIndex=0,followerCommit=0,matchIndex=-1
2022-11-08 19:12:10,687 [grpc-default-executor-3] INFO  leader.FollowerInfo (FollowerInfoImpl.java:lambda$new$0(48)) - s1@group-EA982605F2E5->s2: nextIndex: updateUnconditionally 5 -> 0
2022-11-08 19:12:10,688 [s2-server-thread2] DEBUG server.RaftServer$Division (RaftServerImpl.java:logAppendEntries(1421)) - s2@group-EA982605F2E5: receive appendEntries(s1, 2, null, 4, true, commits:[s1:c4, s0:c4, s2:c0], cId:2427, entries: [(t:2, i:0), CONFIGURATIONENTRY(current:id: "s0"
address: "localhost:34297"
dataStreamAddress: "localhost:43983"
clientAddress: "localhost:39609"
adminAddress: "localhost:37077"
startupRole: FOLLOWER
,id: "s1"
address: "localhost:38917"
dataStreamAddress: "localhost:45719"
clientAddress: "localhost:36975"
adminAddress: "localhost:40635"
startupRole: FOLLOWER
,id: "s2"
address: "localhost:35511"
dataStreamAddress: "localhost:38827"
clientAddress: "localhost:42865"
adminAddress: "localhost:36791"
startupRole: FOLLOWER
, old:), (t:2, i:1), STATEMACHINELOGENTRY, 0@client-2EFB324ADA71, (t:2, i:2), METADATAENTRY(c:1), (t:2, i:3), STATEMACHINELOGENTRY, 999@client-AE8279CAF820, (t:2, i:4), METADATAENTRY(c:3)]
2022-11-08 19:12:10,688 [s2-server-thread2] INFO  server.RaftServer$Division (RaftServerImpl.java:checkInconsistentAppendEntries(1592)) - s2@group-EA982605F2E5: Failed appendEntries as the first entry (index 0) already exists (snapshotIndex: -1, commitIndex: 0)
2022-11-08 19:12:10,688 [s2-server-thread2] INFO  server.RaftServer$Division (RaftServerImpl.java:checkInconsistentAppendEntries(1572)) - s2@group-EA982605F2E5: inconsistency entries. Reply:s1<-s2#2427:FAIL-t2,INCONSISTENCY,nextIndex=1,followerCommit=0,matchIndex=-1
2022-11-08 19:12:10,688 [grpc-default-executor-3] INFO  leader.FollowerInfo (FollowerInfoImpl.java:lambda$new$0(48)) - s1@group-EA982605F2E5->s2: nextIndex: updateUnconditionally 5 -> 1
2022-11-08 19:12:10,689 [s2-server-thread2] DEBUG server.RaftServer$Division (RaftServerImpl.java:logAppendEntries(1421)) - s2@group-EA982605F2E5: receive appendEntries(s1, 2, (t:2, i:0), 4, true, commits:[s1:c4, s0:c4, s2:c0], cId:2428, entries: [(t:2, i:1), STATEMACHINELOGENTRY, 0@client-2EFB324ADA71, (t:2, i:2), METADATAENTRY(c:1), (t:2, i:3), STATEMACHINELOGENTRY, 999@client-AE8279CAF820, (t:2, i:4), METADATAENTRY(c:3)]
2022-11-08 19:12:10,689 [s2-server-thread2] INFO  server.RaftServer$Division (RaftServerImpl.java:checkInconsistentAppendEntries(1602)) - s2@group-EA982605F2E5: Failed appendEntries as previous log entry ((t:2, i:0)) is not found
2022-11-08 19:12:10,689 [s2-server-thread2] INFO  server.RaftServer$Division (RaftServerImpl.java:checkInconsistentAppendEntries(1572)) - s2@group-EA982605F2E5: inconsistency entries. Reply:s1<-s2#2428:FAIL-t2,INCONSISTENCY,nextIndex=0,followerCommit=0,matchIndex=-1
2022-11-08 19:12:10,689 [grpc-default-executor-3] INFO  leader.FollowerInfo (FollowerInfoImpl.java:lambda$new$0(48)) - s1@group-EA982605F2E5->s2: nextIndex: updateUnconditionally 5 -> 0
2022-11-08 19:12:10,689 [s2-server-thread1] DEBUG server.RaftServer$Division (RaftServerImpl.java:logAppendEntries(1421)) - s2@group-EA982605F2E5: receive appendEntries(s1, 2, null, 4, true, commits:[s1:c4, s0:c4, s2:c0], cId:2429, entries: [(t:2, i:0), CONFIGURATIONENTRY(current:id: "s0"
address: "localhost:34297"
dataStreamAddress: "localhost:43983"
clientAddress: "localhost:39609"
adminAddress: "localhost:37077"
startupRole: FOLLOWER
,id: "s1"
address: "localhost:38917"
dataStreamAddress: "localhost:45719"
clientAddress: "localhost:36975"
adminAddress: "localhost:40635"
startupRole: FOLLOWER
,id: "s2"
address: "localhost:35511"
dataStreamAddress: "localhost:38827"
clientAddress: "localhost:42865"
adminAddress: "localhost:36791"
startupRole: FOLLOWER
, old:), (t:2, i:1), STATEMACHINELOGENTRY, 0@client-2EFB324ADA71, (t:2, i:2), METADATAENTRY(c:1), (t:2, i:3), STATEMACHINELOGENTRY, 999@client-AE8279CAF820, (t:2, i:4), METADATAENTRY(c:3)]
2022-11-08 19:12:10,690 [s2-server-thread1] INFO  server.RaftServer$Division (RaftServerImpl.java:checkInconsistentAppendEntries(1592)) - s2@group-EA982605F2E5: Failed appendEntries as the first entry (index 0) already exists (snapshotIndex: -1, commitIndex: 0)
2022-11-08 19:12:10,690 [s2-server-thread1] INFO  server.RaftServer$Division (RaftServerImpl.java:checkInconsistentAppendEntries(1572)) - s2@group-EA982605F2E5: inconsistency entries. Reply:s1<-s2#2429:FAIL-t2,INCONSISTENCY,nextIndex=1,followerCommit=0,matchIndex=-1
2022-11-08 19:12:10,690 [grpc-default-executor-3] INFO  leader.FollowerInfo (FollowerInfoImpl.java:lambda$new$0(48)) - s1@group-EA982605F2E5->s2: nextIndex: updateUnconditionally 5 -> 1
2022-11-08 19:12:10,690 [s2-server-thread2] DEBUG server.RaftServer$Division (RaftServerImpl.java:logAppendEntries(1421)) - s2@group-EA982605F2E5: receive appendEntries(s1, 2, (t:2, i:0), 4, true, commits:[s1:c4, s0:c4, s2:c0], cId:2430, entries: [(t:2, i:1), STATEMACHINELOGENTRY, 0@client-2EFB324ADA71, (t:2, i:2), METADATAENTRY(c:1), (t:2, i:3), STATEMACHINELOGENTRY, 999@client-AE8279CAF820, (t:2, i:4), METADATAENTRY(c:3)]
2022-11-08 19:12:10,690 [s2-server-thread2] INFO  server.RaftServer$Division (RaftServerImpl.java:checkInconsistentAppendEntries(1602)) - s2@group-EA982605F2E5: Failed appendEntries as previous log entry ((t:2, i:0)) is not found
2022-11-08 19:12:10,690 [s2-server-thread2] INFO  server.RaftServer$Division (RaftServerImpl.java:checkInconsistentAppendEntries(1572)) - s2@group-EA982605F2E5: inconsistency entries. Reply:s1<-s2#2430:FAIL-t2,INCONSISTENCY,nextIndex=0,followerCommit=0,matchIndex=-1
2022-11-08 19:12:10,691 [grpc-default-executor-3] INFO  leader.FollowerInfo (FollowerInfoImpl.java:lambda$new$0(48)) - s1@group-EA982605F2E5->s2: nextIndex: updateUnconditionally 5 -> 0
2022-11-08 19:12:10,691 [s2-server-thread2] DEBUG server.RaftServer$Division (RaftServerImpl.java:logAppendEntries(1421)) - s2@group-EA982605F2E5: receive appendEntries(s1, 2, null, 4, true, commits:[s1:c4, s0:c4, s2:c0], cId:2431, entries: [(t:2, i:0), CONFIGURATIONENTRY(current:id: "s0"
address: "localhost:34297"
dataStreamAddress: "localhost:43983"
clientAddress: "localhost:39609"
adminAddress: "localhost:37077"
startupRole: FOLLOWER
,id: "s1"
address: "localhost:38917"
dataStreamAddress: "localhost:45719"
clientAddress: "localhost:36975"
adminAddress: "localhost:40635"
startupRole: FOLLOWER
,id: "s2"
address: "localhost:35511"
dataStreamAddress: "localhost:38827"
clientAddress: "localhost:42865"
adminAddress: "localhost:36791"
startupRole: FOLLOWER
, old:), (t:2, i:1), STATEMACHINELOGENTRY, 0@client-2EFB324ADA71, (t:2, i:2), METADATAENTRY(c:1), (t:2, i:3), STATEMACHINELOGENTRY, 999@client-AE8279CAF820, (t:2, i:4), METADATAENTRY(c:3)]
2022-11-08 19:12:10,691 [s2-server-thread2] INFO  server.RaftServer$Division (RaftServerImpl.java:checkInconsistentAppendEntries(1592)) - s2@group-EA982605F2E5: Failed appendEntries as the first entry (index 0) already exists (snapshotIndex: -1, commitIndex: 0)
2022-11-08 19:12:10,691 [s2-server-thread2] INFO  server.RaftServer$Division (RaftServerImpl.java:checkInconsistentAppendEntries(1572)) - s2@group-EA982605F2E5: inconsistency entries. Reply:s1<-s2#2431:FAIL-t2,INCONSISTENCY,nextIndex=1,followerCommit=0,matchIndex=-1
2022-11-08 19:12:10,692 [grpc-default-executor-3] INFO  leader.FollowerInfo (FollowerInfoImpl.java:lambda$new$0(48)) - s1@group-EA982605F2E5->s2: nextIndex: updateUnconditionally 5 -> 1
2022-11-08 19:12:10,692 [s2-server-thread2] DEBUG server.RaftServer$Division (RaftServerImpl.java:logAppendEntries(1421)) - s2@group-EA982605F2E5: receive appendEntries(s1, 2, (t:2, i:0), 4, true, commits:[s1:c4, s0:c4, s2:c0], cId:2432, entries: [(t:2, i:1), STATEMACHINELOGENTRY, 0@client-2EFB324ADA71, (t:2, i:2), METADATAENTRY(c:1), (t:2, i:3), STATEMACHINELOGENTRY, 999@client-AE8279CAF820, (t:2, i:4), METADATAENTRY(c:3)]
2022-11-08 19:12:10,692 [s2-server-thread2] INFO  server.RaftServer$Division (RaftServerImpl.java:checkInconsistentAppendEntries(1602)) - s2@group-EA982605F2E5: Failed appendEntries as previous log entry ((t:2, i:0)) is not found
2022-11-08 19:12:10,692 [s2-server-thread2] INFO  server.RaftServer$Division (RaftServerImpl.java:checkInconsistentAppendEntries(1572)) - s2@group-EA982605F2E5: inconsistency entries. Reply:s1<-s2#2432:FAIL-t2,INCONSISTENCY,nextIndex=0,followerCommit=0,matchIndex=-1
2022-11-08 19:12:10,693 [grpc-default-executor-3] INFO  leader.FollowerInfo (FollowerInfoImpl.java:lambda$new$0(48)) - s1@group-EA982605F2E5->s2: nextIndex: updateUnconditionally 5 -> 0
2022-11-08 19:12:10,693 [s2-server-thread1] DEBUG server.RaftServer$Division (RaftServerImpl.java:logAppendEntries(1421)) - s2@group-EA982605F2E5: receive appendEntries(s1, 2, null, 4, true, commits:[s1:c4, s0:c4, s2:c0], cId:2433, entries: [(t:2, i:0), CONFIGURATIONENTRY(current:id: "s0"
address: "localhost:34297"
dataStreamAddress: "localhost:43983"
clientAddress: "localhost:39609"
adminAddress: "localhost:37077"
startupRole: FOLLOWER
,id: "s1"
address: "localhost:38917"
dataStreamAddress: "localhost:45719"
clientAddress: "localhost:36975"
adminAddress: "localhost:40635"
startupRole: FOLLOWER
,id: "s2"
address: "localhost:35511"
dataStreamAddress: "localhost:38827"
clientAddress: "localhost:42865"
adminAddress: "localhost:36791"
startupRole: FOLLOWER
, old:), (t:2, i:1), STATEMACHINELOGENTRY, 0@client-2EFB324ADA71, (t:2, i:2), METADATAENTRY(c:1), (t:2, i:3), STATEMACHINELOGENTRY, 999@client-AE8279CAF820, (t:2, i:4), METADATAENTRY(c:3)]
2022-11-08 19:12:10,693 [s2-server-thread1] INFO  server.RaftServer$Division (RaftServerImpl.java:checkInconsistentAppendEntries(1592)) - s2@group-EA982605F2E5: Failed appendEntries as the first entry (index 0) already exists (snapshotIndex: -1, commitIndex: 0)
2022-11-08 19:12:10,693 [s2-server-thread1] INFO  server.RaftServer$Division (RaftServerImpl.java:checkInconsistentAppendEntries(1572)) - s2@group-EA982605F2E5: inconsistency entries. Reply:s1<-s2#2433:FAIL-t2,INCONSISTENCY,nextIndex=1,followerCommit=0,matchIndex=-1
2022-11-08 19:12:10,694 [grpc-default-executor-3] INFO  leader.FollowerInfo (FollowerInfoImpl.java:lambda$new$0(48)) - s1@group-EA982605F2E5->s2: nextIndex: updateUnconditionally 5 -> 1
2022-11-08 19:12:10,694 [s2-server-thread2] DEBUG server.RaftServer$Division (RaftServerImpl.java:logAppendEntries(1421)) - s2@group-EA982605F2E5: receive appendEntries(s1, 2, (t:2, i:0), 4, true, commits:[s1:c4, s0:c4, s2:c0], cId:2434, entries: [(t:2, i:1), STATEMACHINELOGENTRY, 0@client-2EFB324ADA71, (t:2, i:2), METADATAENTRY(c:1), (t:2, i:3), STATEMACHINELOGENTRY, 999@client-AE8279CAF820, (t:2, i:4), METADATAENTRY(c:3)]
2022-11-08 19:12:10,694 [s2-server-thread2] INFO  server.RaftServer$Division (RaftServerImpl.java:checkInconsistentAppendEntries(1602)) - s2@group-EA982605F2E5: Failed appendEntries as previous log entry ((t:2, i:0)) is not found
2022-11-08 19:12:10,694 [s2-server-thread2] INFO  server.RaftServer$Division (RaftServerImpl.java:checkInconsistentAppendEntries(1572)) - s2@group-EA982605F2E5: inconsistency entries. Reply:s1<-s2#2434:FAIL-t2,INCONSISTENCY,nextIndex=0,followerCommit=0,matchIndex=-1
2022-11-08 19:12:10,694 [grpc-default-executor-3] INFO  leader.FollowerInfo (FollowerInfoImpl.java:lambda$new$0(48)) - s1@group-EA982605F2E5->s2: nextIndex: updateUnconditionally 5 -> 0
2022-11-08 19:12:10,695 [s2-server-thread2] DEBUG server.RaftServer$Division (RaftServerImpl.java:logAppendEntries(1421)) - s2@group-EA982605F2E5: receive appendEntries(s1, 2, null, 4, true, commits:[s1:c4, s0:c4, s2:c0], cId:2435, entries: [(t:2, i:0), CONFIGURATIONENTRY(current:id: "s0"
address: "localhost:34297"
dataStreamAddress: "localhost:43983"
clientAddress: "localhost:39609"
adminAddress: "localhost:37077"
startupRole: FOLLOWER
,id: "s1"
address: "localhost:38917"
dataStreamAddress: "localhost:45719"
clientAddress: "localhost:36975"
adminAddress: "localhost:40635"
startupRole: FOLLOWER
,id: "s2"
address: "localhost:35511"
dataStreamAddress: "localhost:38827"
clientAddress: "localhost:42865"
adminAddress: "localhost:36791"
startupRole: FOLLOWER
, old:), (t:2, i:1), STATEMACHINELOGENTRY, 0@client-2EFB324ADA71, (t:2, i:2), METADATAENTRY(c:1), (t:2, i:3), STATEMACHINELOGENTRY, 999@client-AE8279CAF820, (t:2, i:4), METADATAENTRY(c:3)]
2022-11-08 19:12:10,695 [s2-server-thread2] INFO  server.RaftServer$Division (RaftServerImpl.java:checkInconsistentAppendEntries(1592)) - s2@group-EA982605F2E5: Failed appendEntries as the first entry (index 0) already exists (snapshotIndex: -1, commitIndex: 0)
2022-11-08 19:12:10,695 [s2-server-thread2] INFO  server.RaftServer$Division (RaftServerImpl.java:checkInconsistentAppendEntries(1572)) - s2@group-EA982605F2E5: inconsistency entries. Reply:s1<-s2#2435:FAIL-t2,INCONSISTENCY,nextIndex=1,followerCommit=0,matchIndex=-1
2022-11-08 19:12:10,695 [grpc-default-executor-3] INFO  leader.FollowerInfo (FollowerInfoImpl.java:lambda$new$0(48)) - s1@group-EA982605F2E5->s2: nextIndex: updateUnconditionally 5 -> 1
2022-11-08 19:12:10,696 [s2-server-thread1] DEBUG server.RaftServer$Division (RaftServerImpl.java:logAppendEntries(1421)) - s2@group-EA982605F2E5: receive appendEntries(s1, 2, (t:2, i:0), 4, true, commits:[s1:c4, s0:c4, s2:c0], cId:2436, entries: [(t:2, i:1), STATEMACHINELOGENTRY, 0@client-2EFB324ADA71, (t:2, i:2), METADATAENTRY(c:1), (t:2, i:3), STATEMACHINELOGENTRY, 999@client-AE8279CAF820, (t:2, i:4), METADATAENTRY(c:3)]
2022-11-08 19:12:10,696 [s2-server-thread1] INFO  server.RaftServer$Division (RaftServerImpl.java:checkInconsistentAppendEntries(1602)) - s2@group-EA982605F2E5: Failed appendEntries as previous log entry ((t:2, i:0)) is not found
2022-11-08 19:12:10,696 [s2-server-thread1] INFO  server.RaftServer$Division (RaftServerImpl.java:checkInconsistentAppendEntries(1572)) - s2@group-EA982605F2E5: inconsistency entries. Reply:s1<-s2#2436:FAIL-t2,INCONSISTENCY,nextIndex=0,followerCommit=0,matchIndex=-1
2022-11-08 19:12:10,696 [grpc-default-executor-3] INFO  leader.FollowerInfo (FollowerInfoImpl.java:lambda$new$0(48)) - s1@group-EA982605F2E5->s2: nextIndex: updateUnconditionally 5 -> 0
2022-11-08 19:12:10,697 [s2-server-thread2] DEBUG server.RaftServer$Division (RaftServerImpl.java:logAppendEntries(1421)) - s2@group-EA982605F2E5: receive appendEntries(s1, 2, null, 4, true, commits:[s1:c4, s0:c4, s2:c0], cId:2437, entries: [(t:2, i:0), CONFIGURATIONENTRY(current:id: "s0"
address: "localhost:34297"
dataStreamAddress: "localhost:43983"
clientAddress: "localhost:39609"
adminAddress: "localhost:37077"
startupRole: FOLLOWER
,id: "s1"
address: "localhost:38917"
dataStreamAddress: "localhost:45719"
clientAddress: "localhost:36975"
adminAddress: "localhost:40635"
startupRole: FOLLOWER
,id: "s2"
address: "localhost:35511"
dataStreamAddress: "localhost:38827"
clientAddress: "localhost:42865"
adminAddress: "localhost:36791"
startupRole: FOLLOWER
, old:), (t:2, i:1), STATEMACHINELOGENTRY, 0@client-2EFB324ADA71, (t:2, i:2), METADATAENTRY(c:1), (t:2, i:3), STATEMACHINELOGENTRY, 999@client-AE8279CAF820, (t:2, i:4), METADATAENTRY(c:3)]
2022-11-08 19:12:10,697 [s2-server-thread2] INFO  server.RaftServer$Division (RaftServerImpl.java:checkInconsistentAppendEntries(1592)) - s2@group-EA982605F2E5: Failed appendEntries as the first entry (index 0) already exists (snapshotIndex: -1, commitIndex: 0)
2022-11-08 19:12:10,697 [s2-server-thread2] INFO  server.RaftServer$Division (RaftServerImpl.java:checkInconsistentAppendEntries(1572)) - s2@group-EA982605F2E5: inconsistency entries. Reply:s1<-s2#2437:FAIL-t2,INCONSISTENCY,nextIndex=1,followerCommit=0,matchIndex=-1
2022-11-08 19:12:10,697 [grpc-default-executor-3] INFO  leader.FollowerInfo (FollowerInfoImpl.java:lambda$new$0(48)) - s1@group-EA982605F2E5->s2: nextIndex: updateUnconditionally 5 -> 1
2022-11-08 19:12:10,698 [s2-server-thread2] DEBUG server.RaftServer$Division (RaftServerImpl.java:logAppendEntries(1421)) - s2@group-EA982605F2E5: receive appendEntries(s1, 2, (t:2, i:0), 4, true, commits:[s1:c4, s0:c4, s2:c0], cId:2438, entries: [(t:2, i:1), STATEMACHINELOGENTRY, 0@client-2EFB324ADA71, (t:2, i:2), METADATAENTRY(c:1), (t:2, i:3), STATEMACHINELOGENTRY, 999@client-AE8279CAF820, (t:2, i:4), METADATAENTRY(c:3)]
2022-11-08 19:12:10,698 [s2-server-thread2] INFO  server.RaftServer$Division (RaftServerImpl.java:checkInconsistentAppendEntries(1602)) - s2@group-EA982605F2E5: Failed appendEntries as previous log entry ((t:2, i:0)) is not found
2022-11-08 19:12:10,698 [s2-server-thread2] INFO  server.RaftServer$Division (RaftServerImpl.java:checkInconsistentAppendEntries(1572)) - s2@group-EA982605F2E5: inconsistency entries. Reply:s1<-s2#2438:FAIL-t2,INCONSISTENCY,nextIndex=0,followerCommit=0,matchIndex=-1
2022-11-08 19:12:10,698 [grpc-default-executor-3] INFO  leader.FollowerInfo (FollowerInfoImpl.java:lambda$new$0(48)) - s1@group-EA982605F2E5->s2: nextIndex: updateUnconditionally 5 -> 0
2022-11-08 19:12:10,699 [s2-server-thread1] DEBUG server.RaftServer$Division (RaftServerImpl.java:logAppendEntries(1421)) - s2@group-EA982605F2E5: receive appendEntries(s1, 2, null, 4, true, commits:[s1:c4, s0:c4, s2:c0], cId:2439, entries: [(t:2, i:0), CONFIGURATIONENTRY(current:id: "s0"
address: "localhost:34297"
dataStreamAddress: "localhost:43983"
clientAddress: "localhost:39609"
adminAddress: "localhost:37077"
startupRole: FOLLOWER
,id: "s1"
address: "localhost:38917"
dataStreamAddress: "localhost:45719"
clientAddress: "localhost:36975"
adminAddress: "localhost:40635"
startupRole: FOLLOWER
,id: "s2"
address: "localhost:35511"
dataStreamAddress: "localhost:38827"
clientAddress: "localhost:42865"
adminAddress: "localhost:36791"
startupRole: FOLLOWER
, old:), (t:2, i:1), STATEMACHINELOGENTRY, 0@client-2EFB324ADA71, (t:2, i:2), METADATAENTRY(c:1), (t:2, i:3), STATEMACHINELOGENTRY, 999@client-AE8279CAF820, (t:2, i:4), METADATAENTRY(c:3)]
2022-11-08 19:12:10,699 [s2-server-thread1] INFO  server.RaftServer$Division (RaftServerImpl.java:checkInconsistentAppendEntries(1592)) - s2@group-EA982605F2E5: Failed appendEntries as the first entry (index 0) already exists (snapshotIndex: -1, commitIndex: 0)
2022-11-08 19:12:10,699 [s2-server-thread1] INFO  server.RaftServer$Division (RaftServerImpl.java:checkInconsistentAppendEntries(1572)) - s2@group-EA982605F2E5: inconsistency entries. Reply:s1<-s2#2439:FAIL-t2,INCONSISTENCY,nextIndex=1,followerCommit=0,matchIndex=-1
2022-11-08 19:12:10,699 [grpc-default-executor-3] INFO  leader.FollowerInfo (FollowerInfoImpl.java:lambda$new$0(48)) - s1@group-EA982605F2E5->s2: nextIndex: updateUnconditionally 5 -> 1
2022-11-08 19:12:10,700 [s2-server-thread2] DEBUG server.RaftServer$Division (RaftServerImpl.java:logAppendEntries(1421)) - s2@group-EA982605F2E5: receive appendEntries(s1, 2, (t:2, i:0), 4, true, commits:[s1:c4, s0:c4, s2:c0], cId:2440, entries: [(t:2, i:1), STATEMACHINELOGENTRY, 0@client-2EFB324ADA71, (t:2, i:2), METADATAENTRY(c:1), (t:2, i:3), STATEMACHINELOGENTRY, 999@client-AE8279CAF820, (t:2, i:4), METADATAENTRY(c:3)]
2022-11-08 19:12:10,700 [s2-server-thread2] INFO  server.RaftServer$Division (RaftServerImpl.java:checkInconsistentAppendEntries(1602)) - s2@group-EA982605F2E5: Failed appendEntries as previous log entry ((t:2, i:0)) is not found
2022-11-08 19:12:10,700 [s2-server-thread2] INFO  server.RaftServer$Division (RaftServerImpl.java:checkInconsistentAppendEntries(1572)) - s2@group-EA982605F2E5: inconsistency entries. Reply:s1<-s2#2440:FAIL-t2,INCONSISTENCY,nextIndex=0,followerCommit=0,matchIndex=-1
2022-11-08 19:12:10,700 [grpc-default-executor-3] INFO  leader.FollowerInfo (FollowerInfoImpl.java:lambda$new$0(48)) - s1@group-EA982605F2E5->s2: nextIndex: updateUnconditionally 5 -> 0
2022-11-08 19:12:10,700 [s2-server-thread2] DEBUG server.RaftServer$Division (RaftServerImpl.java:logAppendEntries(1421)) - s2@group-EA982605F2E5: receive appendEntries(s1, 2, null, 4, true, commits:[s1:c4, s0:c4, s2:c0], cId:2441, entries: [(t:2, i:0), CONFIGURATIONENTRY(current:id: "s0"
address: "localhost:34297"
dataStreamAddress: "localhost:43983"
clientAddress: "localhost:39609"
adminAddress: "localhost:37077"
startupRole: FOLLOWER
,id: "s1"
address: "localhost:38917"
dataStreamAddress: "localhost:45719"
clientAddress: "localhost:36975"
adminAddress: "localhost:40635"
startupRole: FOLLOWER
,id: "s2"
address: "localhost:35511"
dataStreamAddress: "localhost:38827"
clientAddress: "localhost:42865"
adminAddress: "localhost:36791"
startupRole: FOLLOWER
, old:), (t:2, i:1), STATEMACHINELOGENTRY, 0@client-2EFB324ADA71, (t:2, i:2), METADATAENTRY(c:1), (t:2, i:3), STATEMACHINELOGENTRY, 999@client-AE8279CAF820, (t:2, i:4), METADATAENTRY(c:3)]
2022-11-08 19:12:10,700 [s2-server-thread2] INFO  server.RaftServer$Division (RaftServerImpl.java:checkInconsistentAppendEntries(1592)) - s2@group-EA982605F2E5: Failed appendEntries as the first entry (index 0) already exists (snapshotIndex: -1, commitIndex: 0)
2022-11-08 19:12:10,701 [s2-server-thread2] INFO  server.RaftServer$Division (RaftServerImpl.java:checkInconsistentAppendEntries(1572)) - s2@group-EA982605F2E5: inconsistency entries. Reply:s1<-s2#2441:FAIL-t2,INCONSISTENCY,nextIndex=1,followerCommit=0,matchIndex=-1
2022-11-08 19:12:10,701 [grpc-default-executor-3] INFO  leader.FollowerInfo (FollowerInfoImpl.java:lambda$new$0(48)) - s1@group-EA982605F2E5->s2: nextIndex: updateUnconditionally 5 -> 1
2022-11-08 19:12:10,701 [s2-server-thread2] DEBUG server.RaftServer$Division (RaftServerImpl.java:logAppendEntries(1421)) - s2@group-EA982605F2E5: receive appendEntries(s1, 2, (t:2, i:0), 4, true, commits:[s1:c4, s0:c4, s2:c0], cId:2442, entries: [(t:2, i:1), STATEMACHINELOGENTRY, 0@client-2EFB324ADA71, (t:2, i:2), METADATAENTRY(c:1), (t:2, i:3), STATEMACHINELOGENTRY, 999@client-AE8279CAF820, (t:2, i:4), METADATAENTRY(c:3)]
2022-11-08 19:12:10,701 [s2-server-thread2] INFO  server.RaftServer$Division (RaftServerImpl.java:checkInconsistentAppendEntries(1602)) - s2@group-EA982605F2E5: Failed appendEntries as previous log entry ((t:2, i:0)) is not found
2022-11-08 19:12:10,702 [s2-server-thread2] INFO  server.RaftServer$Division (RaftServerImpl.java:checkInconsistentAppendEntries(1572)) - s2@group-EA982605F2E5: inconsistency entries. Reply:s1<-s2#2442:FAIL-t2,INCONSISTENCY,nextIndex=0,followerCommit=0,matchIndex=-1
2022-11-08 19:12:10,702 [grpc-default-executor-3] INFO  leader.FollowerInfo (FollowerInfoImpl.java:lambda$new$0(48)) - s1@group-EA982605F2E5->s2: nextIndex: updateUnconditionally 5 -> 0
2022-11-08 19:12:10,702 [s2-server-thread2] DEBUG server.RaftServer$Division (RaftServerImpl.java:logAppendEntries(1421)) - s2@group-EA982605F2E5: receive appendEntries(s1, 2, null, 4, true, commits:[s1:c4, s0:c4, s2:c0], cId:2443, entries: [(t:2, i:0), CONFIGURATIONENTRY(current:id: "s0"
address: "localhost:34297"
dataStreamAddress: "localhost:43983"
clientAddress: "localhost:39609"
adminAddress: "localhost:37077"
startupRole: FOLLOWER
,id: "s1"
address: "localhost:38917"
dataStreamAddress: "localhost:45719"
clientAddress: "localhost:36975"
adminAddress: "localhost:40635"
startupRole: FOLLOWER
,id: "s2"
address: "localhost:35511"
dataStreamAddress: "localhost:38827"
clientAddress: "localhost:42865"
adminAddress: "localhost:36791"
startupRole: FOLLOWER
, old:), (t:2, i:1), STATEMACHINELOGENTRY, 0@client-2EFB324ADA71, (t:2, i:2), METADATAENTRY(c:1), (t:2, i:3), STATEMACHINELOGENTRY, 999@client-AE8279CAF820, (t:2, i:4), METADATAENTRY(c:3)]
2022-11-08 19:12:10,702 [s2-server-thread2] INFO  server.RaftServer$Division (RaftServerImpl.java:checkInconsistentAppendEntries(1592)) - s2@group-EA982605F2E5: Failed appendEntries as the first entry (index 0) already exists (snapshotIndex: -1, commitIndex: 0)
2022-11-08 19:12:10,703 [s2-server-thread2] INFO  server.RaftServer$Division (RaftServerImpl.java:checkInconsistentAppendEntries(1572)) - s2@group-EA982605F2E5: inconsistency entries. Reply:s1<-s2#2443:FAIL-t2,INCONSISTENCY,nextIndex=1,followerCommit=0,matchIndex=-1
2022-11-08 19:12:10,703 [grpc-default-executor-3] INFO  leader.FollowerInfo (FollowerInfoImpl.java:lambda$new$0(48)) - s1@group-EA982605F2E5->s2: nextIndex: updateUnconditionally 5 -> 1
2022-11-08 19:12:10,703 [s2-server-thread1] DEBUG server.RaftServer$Division (RaftServerImpl.java:logAppendEntries(1421)) - s2@group-EA982605F2E5: receive appendEntries(s1, 2, (t:2, i:0), 4, true, commits:[s1:c4, s0:c4, s2:c0], cId:2444, entries: [(t:2, i:1), STATEMACHINELOGENTRY, 0@client-2EFB324ADA71, (t:2, i:2), METADATAENTRY(c:1), (t:2, i:3), STATEMACHINELOGENTRY, 999@client-AE8279CAF820, (t:2, i:4), METADATAENTRY(c:3)]
2022-11-08 19:12:10,703 [s2-server-thread1] INFO  server.RaftServer$Division (RaftServerImpl.java:checkInconsistentAppendEntries(1602)) - s2@group-EA982605F2E5: Failed appendEntries as previous log entry ((t:2, i:0)) is not found
2022-11-08 19:12:10,703 [s2-server-thread1] INFO  server.RaftServer$Division (RaftServerImpl.java:checkInconsistentAppendEntries(1572)) - s2@group-EA982605F2E5: inconsistency entries. Reply:s1<-s2#2444:FAIL-t2,INCONSISTENCY,nextIndex=0,followerCommit=0,matchIndex=-1
2022-11-08 19:12:10,704 [grpc-default-executor-3] INFO  leader.FollowerInfo (FollowerInfoImpl.java:lambda$new$0(48)) - s1@group-EA982605F2E5->s2: nextIndex: updateUnconditionally 5 -> 0
2022-11-08 19:12:10,704 [s2-server-thread2] DEBUG server.RaftServer$Division (RaftServerImpl.java:logAppendEntries(1421)) - s2@group-EA982605F2E5: receive appendEntries(s1, 2, null, 4, true, commits:[s1:c4, s0:c4, s2:c0], cId:2445, entries: [(t:2, i:0), CONFIGURATIONENTRY(current:id: "s0"
address: "localhost:34297"
dataStreamAddress: "localhost:43983"
clientAddress: "localhost:39609"
adminAddress: "localhost:37077"
startupRole: FOLLOWER
,id: "s1"
address: "localhost:38917"
dataStreamAddress: "localhost:45719"
clientAddress: "localhost:36975"
adminAddress: "localhost:40635"
startupRole: FOLLOWER
,id: "s2"
address: "localhost:35511"
dataStreamAddress: "localhost:38827"
clientAddress: "localhost:42865"
adminAddress: "localhost:36791"
startupRole: FOLLOWER
, old:), (t:2, i:1), STATEMACHINELOGENTRY, 0@client-2EFB324ADA71, (t:2, i:2), METADATAENTRY(c:1), (t:2, i:3), STATEMACHINELOGENTRY, 999@client-AE8279CAF820, (t:2, i:4), METADATAENTRY(c:3)]
2022-11-08 19:12:10,704 [s2-server-thread2] INFO  server.RaftServer$Division (RaftServerImpl.java:checkInconsistentAppendEntries(1592)) - s2@group-EA982605F2E5: Failed appendEntries as the first entry (index 0) already exists (snapshotIndex: -1, commitIndex: 0)
2022-11-08 19:12:10,704 [s2-server-thread2] INFO  server.RaftServer$Division (RaftServerImpl.java:checkInconsistentAppendEntries(1572)) - s2@group-EA982605F2E5: inconsistency entries. Reply:s1<-s2#2445:FAIL-t2,INCONSISTENCY,nextIndex=1,followerCommit=0,matchIndex=-1
2022-11-08 19:12:10,704 [grpc-default-executor-3] INFO  leader.FollowerInfo (FollowerInfoImpl.java:lambda$new$0(48)) - s1@group-EA982605F2E5->s2: nextIndex: updateUnconditionally 5 -> 1
2022-11-08 19:12:10,705 [s2-server-thread2] DEBUG server.RaftServer$Division (RaftServerImpl.java:logAppendEntries(1421)) - s2@group-EA982605F2E5: receive appendEntries(s1, 2, (t:2, i:0), 4, true, commits:[s1:c4, s0:c4, s2:c0], cId:2446, entries: [(t:2, i:1), STATEMACHINELOGENTRY, 0@client-2EFB324ADA71, (t:2, i:2), METADATAENTRY(c:1), (t:2, i:3), STATEMACHINELOGENTRY, 999@client-AE8279CAF820, (t:2, i:4), METADATAENTRY(c:3)]
2022-11-08 19:12:10,705 [s2-server-thread2] INFO  server.RaftServer$Division (RaftServerImpl.java:checkInconsistentAppendEntries(1602)) - s2@group-EA982605F2E5: Failed appendEntries as previous log entry ((t:2, i:0)) is not found
2022-11-08 19:12:10,705 [s2-server-thread2] INFO  server.RaftServer$Division (RaftServerImpl.java:checkInconsistentAppendEntries(1572)) - s2@group-EA982605F2E5: inconsistency entries. Reply:s1<-s2#2446:FAIL-t2,INCONSISTENCY,nextIndex=0,followerCommit=0,matchIndex=-1
2022-11-08 19:12:10,705 [grpc-default-executor-3] INFO  leader.FollowerInfo (FollowerInfoImpl.java:lambda$new$0(48)) - s1@group-EA982605F2E5->s2: nextIndex: updateUnconditionally 5 -> 0
2022-11-08 19:12:10,706 [s2-server-thread1] DEBUG server.RaftServer$Division (RaftServerImpl.java:logAppendEntries(1421)) - s2@group-EA982605F2E5: receive appendEntries(s1, 2, null, 4, true, commits:[s1:c4, s0:c4, s2:c0], cId:2447, entries: [(t:2, i:0), CONFIGURATIONENTRY(current:id: "s0"
address: "localhost:34297"
dataStreamAddress: "localhost:43983"
clientAddress: "localhost:39609"
adminAddress: "localhost:37077"
startupRole: FOLLOWER
,id: "s1"
address: "localhost:38917"
dataStreamAddress: "localhost:45719"
clientAddress: "localhost:36975"
adminAddress: "localhost:40635"
startupRole: FOLLOWER
,id: "s2"
address: "localhost:35511"
dataStreamAddress: "localhost:38827"
clientAddress: "localhost:42865"
adminAddress: "localhost:36791"
startupRole: FOLLOWER
, old:), (t:2, i:1), STATEMACHINELOGENTRY, 0@client-2EFB324ADA71, (t:2, i:2), METADATAENTRY(c:1), (t:2, i:3), STATEMACHINELOGENTRY, 999@client-AE8279CAF820, (t:2, i:4), METADATAENTRY(c:3)]
2022-11-08 19:12:10,706 [s2-server-thread1] INFO  server.RaftServer$Division (RaftServerImpl.java:checkInconsistentAppendEntries(1592)) - s2@group-EA982605F2E5: Failed appendEntries as the first entry (index 0) already exists (snapshotIndex: -1, commitIndex: 0)
2022-11-08 19:12:10,706 [s2-server-thread1] INFO  server.RaftServer$Division (RaftServerImpl.java:checkInconsistentAppendEntries(1572)) - s2@group-EA982605F2E5: inconsistency entries. Reply:s1<-s2#2447:FAIL-t2,INCONSISTENCY,nextIndex=1,followerCommit=0,matchIndex=-1
2022-11-08 19:12:10,706 [grpc-default-executor-3] INFO  leader.FollowerInfo (FollowerInfoImpl.java:lambda$new$0(48)) - s1@group-EA982605F2E5->s2: nextIndex: updateUnconditionally 5 -> 1
2022-11-08 19:12:10,707 [s2-server-thread2] DEBUG server.RaftServer$Division (RaftServerImpl.java:logAppendEntries(1421)) - s2@group-EA982605F2E5: receive appendEntries(s1, 2, (t:2, i:0), 4, true, commits:[s1:c4, s0:c4, s2:c0], cId:2448, entries: [(t:2, i:1), STATEMACHINELOGENTRY, 0@client-2EFB324ADA71, (t:2, i:2), METADATAENTRY(c:1), (t:2, i:3), STATEMACHINELOGENTRY, 999@client-AE8279CAF820, (t:2, i:4), METADATAENTRY(c:3)]
2022-11-08 19:12:10,707 [s2-server-thread2] INFO  server.RaftServer$Division (RaftServerImpl.java:checkInconsistentAppendEntries(1602)) - s2@group-EA982605F2E5: Failed appendEntries as previous log entry ((t:2, i:0)) is not found
2022-11-08 19:12:10,707 [s2-server-thread2] INFO  server.RaftServer$Division (RaftServerImpl.java:checkInconsistentAppendEntries(1572)) - s2@group-EA982605F2E5: inconsistency entries. Reply:s1<-s2#2448:FAIL-t2,INCONSISTENCY,nextIndex=0,followerCommit=0,matchIndex=-1
2022-11-08 19:12:10,707 [grpc-default-executor-3] INFO  leader.FollowerInfo (FollowerInfoImpl.java:lambda$new$0(48)) - s1@group-EA982605F2E5->s2: nextIndex: updateUnconditionally 5 -> 0
2022-11-08 19:12:10,708 [s2-server-thread2] DEBUG server.RaftServer$Division (RaftServerImpl.java:logAppendEntries(1421)) - s2@group-EA982605F2E5: receive appendEntries(s1, 2, null, 4, true, commits:[s1:c4, s0:c4, s2:c0], cId:2449, entries: [(t:2, i:0), CONFIGURATIONENTRY(current:id: "s0"
address: "localhost:34297"
dataStreamAddress: "localhost:43983"
clientAddress: "localhost:39609"
adminAddress: "localhost:37077"
startupRole: FOLLOWER
,id: "s1"
address: "localhost:38917"
dataStreamAddress: "localhost:45719"
clientAddress: "localhost:36975"
adminAddress: "localhost:40635"
startupRole: FOLLOWER
,id: "s2"
address: "localhost:35511"
dataStreamAddress: "localhost:38827"
clientAddress: "localhost:42865"
adminAddress: "localhost:36791"
startupRole: FOLLOWER
, old:), (t:2, i:1), STATEMACHINELOGENTRY, 0@client-2EFB324ADA71, (t:2, i:2), METADATAENTRY(c:1), (t:2, i:3), STATEMACHINELOGENTRY, 999@client-AE8279CAF820, (t:2, i:4), METADATAENTRY(c:3)]
2022-11-08 19:12:10,708 [s2-server-thread2] INFO  server.RaftServer$Division (RaftServerImpl.java:checkInconsistentAppendEntries(1592)) - s2@group-EA982605F2E5: Failed appendEntries as the first entry (index 0) already exists (snapshotIndex: -1, commitIndex: 0)
2022-11-08 19:12:10,708 [s2-server-thread2] INFO  server.RaftServer$Division (RaftServerImpl.java:checkInconsistentAppendEntries(1572)) - s2@group-EA982605F2E5: inconsistency entries. Reply:s1<-s2#2449:FAIL-t2,INCONSISTENCY,nextIndex=1,followerCommit=0,matchIndex=-1
2022-11-08 19:12:10,708 [grpc-default-executor-3] INFO  leader.FollowerInfo (FollowerInfoImpl.java:lambda$new$0(48)) - s1@group-EA982605F2E5->s2: nextIndex: updateUnconditionally 5 -> 1
2022-11-08 19:12:10,709 [s2-server-thread2] DEBUG server.RaftServer$Division (RaftServerImpl.java:logAppendEntries(1421)) - s2@group-EA982605F2E5: receive appendEntries(s1, 2, (t:2, i:0), 4, true, commits:[s1:c4, s0:c4, s2:c0], cId:2450, entries: [(t:2, i:1), STATEMACHINELOGENTRY, 0@client-2EFB324ADA71, (t:2, i:2), METADATAENTRY(c:1), (t:2, i:3), STATEMACHINELOGENTRY, 999@client-AE8279CAF820, (t:2, i:4), METADATAENTRY(c:3)]
2022-11-08 19:12:10,709 [s2-server-thread2] INFO  server.RaftServer$Division (RaftServerImpl.java:checkInconsistentAppendEntries(1602)) - s2@group-EA982605F2E5: Failed appendEntries as previous log entry ((t:2, i:0)) is not found
2022-11-08 19:12:10,709 [s2-server-thread2] INFO  server.RaftServer$Division (RaftServerImpl.java:checkInconsistentAppendEntries(1572)) - s2@group-EA982605F2E5: inconsistency entries. Reply:s1<-s2#2450:FAIL-t2,INCONSISTENCY,nextIndex=0,followerCommit=0,matchIndex=-1
2022-11-08 19:12:10,709 [grpc-default-executor-3] INFO  leader.FollowerInfo (FollowerInfoImpl.java:lambda$new$0(48)) - s1@group-EA982605F2E5->s2: nextIndex: updateUnconditionally 5 -> 0
2022-11-08 19:12:10,710 [s2-server-thread1] DEBUG server.RaftServer$Division (RaftServerImpl.java:logAppendEntries(1421)) - s2@group-EA982605F2E5: receive appendEntries(s1, 2, null, 4, true, commits:[s1:c4, s0:c4, s2:c0], cId:2451, entries: [(t:2, i:0), CONFIGURATIONENTRY(current:id: "s0"
address: "localhost:34297"
dataStreamAddress: "localhost:43983"
clientAddress: "localhost:39609"
adminAddress: "localhost:37077"
startupRole: FOLLOWER
,id: "s1"
address: "localhost:38917"
dataStreamAddress: "localhost:45719"
clientAddress: "localhost:36975"
adminAddress: "localhost:40635"
startupRole: FOLLOWER
,id: "s2"
address: "localhost:35511"
dataStreamAddress: "localhost:38827"
clientAddress: "localhost:42865"
adminAddress: "localhost:36791"
startupRole: FOLLOWER
, old:), (t:2, i:1), STATEMACHINELOGENTRY, 0@client-2EFB324ADA71, (t:2, i:2), METADATAENTRY(c:1), (t:2, i:3), STATEMACHINELOGENTRY, 999@client-AE8279CAF820, (t:2, i:4), METADATAENTRY(c:3)]
2022-11-08 19:12:10,710 [s2-server-thread1] INFO  server.RaftServer$Division (RaftServerImpl.java:checkInconsistentAppendEntries(1592)) - s2@group-EA982605F2E5: Failed appendEntries as the first entry (index 0) already exists (snapshotIndex: -1, commitIndex: 0)
2022-11-08 19:12:10,710 [s2-server-thread1] INFO  server.RaftServer$Division (RaftServerImpl.java:checkInconsistentAppendEntries(1572)) - s2@group-EA982605F2E5: inconsistency entries. Reply:s1<-s2#2451:FAIL-t2,INCONSISTENCY,nextIndex=1,followerCommit=0,matchIndex=-1
2022-11-08 19:12:10,710 [grpc-default-executor-3] INFO  leader.FollowerInfo (FollowerInfoImpl.java:lambda$new$0(48)) - s1@group-EA982605F2E5->s2: nextIndex: updateUnconditionally 5 -> 1
2022-11-08 19:12:10,711 [s2-server-thread2] DEBUG server.RaftServer$Division (RaftServerImpl.java:logAppendEntries(1421)) - s2@group-EA982605F2E5: receive appendEntries(s1, 2, (t:2, i:0), 4, true, commits:[s1:c4, s0:c4, s2:c0], cId:2452, entries: [(t:2, i:1), STATEMACHINELOGENTRY, 0@client-2EFB324ADA71, (t:2, i:2), METADATAENTRY(c:1), (t:2, i:3), STATEMACHINELOGENTRY, 999@client-AE8279CAF820, (t:2, i:4), METADATAENTRY(c:3)]
2022-11-08 19:12:10,711 [s2-server-thread2] INFO  server.RaftServer$Division (RaftServerImpl.java:checkInconsistentAppendEntries(1602)) - s2@group-EA982605F2E5: Failed appendEntries as previous log entry ((t:2, i:0)) is not found
2022-11-08 19:12:10,711 [s2-server-thread2] INFO  server.RaftServer$Division (RaftServerImpl.java:checkInconsistentAppendEntries(1572)) - s2@group-EA982605F2E5: inconsistency entries. Reply:s1<-s2#2452:FAIL-t2,INCONSISTENCY,nextIndex=0,followerCommit=0,matchIndex=-1
2022-11-08 19:12:10,711 [grpc-default-executor-3] INFO  leader.FollowerInfo (FollowerInfoImpl.java:lambda$new$0(48)) - s1@group-EA982605F2E5->s2: nextIndex: updateUnconditionally 5 -> 0
2022-11-08 19:12:10,712 [s2-server-thread2] DEBUG server.RaftServer$Division (RaftServerImpl.java:logAppendEntries(1421)) - s2@group-EA982605F2E5: receive appendEntries(s1, 2, null, 4, true, commits:[s1:c4, s0:c4, s2:c0], cId:2453, entries: [(t:2, i:0), CONFIGURATIONENTRY(current:id: "s0"
address: "localhost:34297"
dataStreamAddress: "localhost:43983"
clientAddress: "localhost:39609"
adminAddress: "localhost:37077"
startupRole: FOLLOWER
,id: "s1"
address: "localhost:38917"
dataStreamAddress: "localhost:45719"
clientAddress: "localhost:36975"
adminAddress: "localhost:40635"
startupRole: FOLLOWER
,id: "s2"
address: "localhost:35511"
dataStreamAddress: "localhost:38827"
clientAddress: "localhost:42865"
adminAddress: "localhost:36791"
startupRole: FOLLOWER
, old:), (t:2, i:1), STATEMACHINELOGENTRY, 0@client-2EFB324ADA71, (t:2, i:2), METADATAENTRY(c:1), (t:2, i:3), STATEMACHINELOGENTRY, 999@client-AE8279CAF820, (t:2, i:4), METADATAENTRY(c:3)]
2022-11-08 19:12:10,712 [s2-server-thread2] INFO  server.RaftServer$Division (RaftServerImpl.java:checkInconsistentAppendEntries(1592)) - s2@group-EA982605F2E5: Failed appendEntries as the first entry (index 0) already exists (snapshotIndex: -1, commitIndex: 0)
2022-11-08 19:12:10,712 [s2-server-thread2] INFO  server.RaftServer$Division (RaftServerImpl.java:checkInconsistentAppendEntries(1572)) - s2@group-EA982605F2E5: inconsistency entries. Reply:s1<-s2#2453:FAIL-t2,INCONSISTENCY,nextIndex=1,followerCommit=0,matchIndex=-1
2022-11-08 19:12:10,712 [grpc-default-executor-3] INFO  leader.FollowerInfo (FollowerInfoImpl.java:lambda$new$0(48)) - s1@group-EA982605F2E5->s2: nextIndex: updateUnconditionally 5 -> 1
2022-11-08 19:12:10,713 [s2-server-thread2] DEBUG server.RaftServer$Division (RaftServerImpl.java:logAppendEntries(1421)) - s2@group-EA982605F2E5: receive appendEntries(s1, 2, (t:2, i:0), 4, true, commits:[s1:c4, s0:c4, s2:c0], cId:2454, entries: [(t:2, i:1), STATEMACHINELOGENTRY, 0@client-2EFB324ADA71, (t:2, i:2), METADATAENTRY(c:1), (t:2, i:3), STATEMACHINELOGENTRY, 999@client-AE8279CAF820, (t:2, i:4), METADATAENTRY(c:3)]
2022-11-08 19:12:10,713 [s2-server-thread2] INFO  server.RaftServer$Division (RaftServerImpl.java:checkInconsistentAppendEntries(1602)) - s2@group-EA982605F2E5: Failed appendEntries as previous log entry ((t:2, i:0)) is not found
2022-11-08 19:12:10,713 [s2-server-thread2] INFO  server.RaftServer$Division (RaftServerImpl.java:checkInconsistentAppendEntries(1572)) - s2@group-EA982605F2E5: inconsistency entries. Reply:s1<-s2#2454:FAIL-t2,INCONSISTENCY,nextIndex=0,followerCommit=0,matchIndex=-1
2022-11-08 19:12:10,713 [grpc-default-executor-3] INFO  leader.FollowerInfo (FollowerInfoImpl.java:lambda$new$0(48)) - s1@group-EA982605F2E5->s2: nextIndex: updateUnconditionally 5 -> 0
2022-11-08 19:12:10,713 [s2-server-thread2] DEBUG server.RaftServer$Division (RaftServerImpl.java:logAppendEntries(1421)) - s2@group-EA982605F2E5: receive appendEntries(s1, 2, null, 4, true, commits:[s1:c4, s0:c4, s2:c0], cId:2455, entries: [(t:2, i:0), CONFIGURATIONENTRY(current:id: "s0"
address: "localhost:34297"
dataStreamAddress: "localhost:43983"
clientAddress: "localhost:39609"
adminAddress: "localhost:37077"
startupRole: FOLLOWER
,id: "s1"
address: "localhost:38917"
dataStreamAddress: "localhost:45719"
clientAddress: "localhost:36975"
adminAddress: "localhost:40635"
startupRole: FOLLOWER
,id: "s2"
address: "localhost:35511"
dataStreamAddress: "localhost:38827"
clientAddress: "localhost:42865"
adminAddress: "localhost:36791"
startupRole: FOLLOWER
, old:), (t:2, i:1), STATEMACHINELOGENTRY, 0@client-2EFB324ADA71, (t:2, i:2), METADATAENTRY(c:1), (t:2, i:3), STATEMACHINELOGENTRY, 999@client-AE8279CAF820, (t:2, i:4), METADATAENTRY(c:3)]
2022-11-08 19:12:10,714 [s2-server-thread2] INFO  server.RaftServer$Division (RaftServerImpl.java:checkInconsistentAppendEntries(1592)) - s2@group-EA982605F2E5: Failed appendEntries as the first entry (index 0) already exists (snapshotIndex: -1, commitIndex: 0)
2022-11-08 19:12:10,714 [s2-server-thread2] INFO  server.RaftServer$Division (RaftServerImpl.java:checkInconsistentAppendEntries(1572)) - s2@group-EA982605F2E5: inconsistency entries. Reply:s1<-s2#2455:FAIL-t2,INCONSISTENCY,nextIndex=1,followerCommit=0,matchIndex=-1
2022-11-08 19:12:10,714 [grpc-default-executor-3] INFO  leader.FollowerInfo (FollowerInfoImpl.java:lambda$new$0(48)) - s1@group-EA982605F2E5->s2: nextIndex: updateUnconditionally 5 -> 1
2022-11-08 19:12:10,714 [s2-server-thread2] DEBUG server.RaftServer$Division (RaftServerImpl.java:logAppendEntries(1421)) - s2@group-EA982605F2E5: receive appendEntries(s1, 2, (t:2, i:0), 4, true, commits:[s1:c4, s0:c4, s2:c0], cId:2456, entries: [(t:2, i:1), STATEMACHINELOGENTRY, 0@client-2EFB324ADA71, (t:2, i:2), METADATAENTRY(c:1), (t:2, i:3), STATEMACHINELOGENTRY, 999@client-AE8279CAF820, (t:2, i:4), METADATAENTRY(c:3)]
2022-11-08 19:12:10,714 [s2-server-thread2] INFO  server.RaftServer$Division (RaftServerImpl.java:checkInconsistentAppendEntries(1602)) - s2@group-EA982605F2E5: Failed appendEntries as previous log entry ((t:2, i:0)) is not found
2022-11-08 19:12:10,715 [s2-server-thread2] INFO  server.RaftServer$Division (RaftServerImpl.java:checkInconsistentAppendEntries(1572)) - s2@group-EA982605F2E5: inconsistency entries. Reply:s1<-s2#2456:FAIL-t2,INCONSISTENCY,nextIndex=0,followerCommit=0,matchIndex=-1
2022-11-08 19:12:10,715 [grpc-default-executor-3] INFO  leader.FollowerInfo (FollowerInfoImpl.java:lambda$new$0(48)) - s1@group-EA982605F2E5->s2: nextIndex: updateUnconditionally 5 -> 0
2022-11-08 19:12:10,715 [s2-server-thread1] DEBUG server.RaftServer$Division (RaftServerImpl.java:logAppendEntries(1421)) - s2@group-EA982605F2E5: receive appendEntries(s1, 2, null, 4, true, commits:[s1:c4, s0:c4, s2:c0], cId:2457, entries: [(t:2, i:0), CONFIGURATIONENTRY(current:id: "s0"
address: "localhost:34297"
dataStreamAddress: "localhost:43983"
clientAddress: "localhost:39609"
adminAddress: "localhost:37077"
startupRole: FOLLOWER
,id: "s1"
address: "localhost:38917"
dataStreamAddress: "localhost:45719"
clientAddress: "localhost:36975"
adminAddress: "localhost:40635"
startupRole: FOLLOWER
,id: "s2"
address: "localhost:35511"
dataStreamAddress: "localhost:38827"
clientAddress: "localhost:42865"
adminAddress: "localhost:36791"
startupRole: FOLLOWER
, old:), (t:2, i:1), STATEMACHINELOGENTRY, 0@client-2EFB324ADA71, (t:2, i:2), METADATAENTRY(c:1), (t:2, i:3), STATEMACHINELOGENTRY, 999@client-AE8279CAF820, (t:2, i:4), METADATAENTRY(c:3)]
2022-11-08 19:12:10,715 [s2-server-thread1] INFO  server.RaftServer$Division (RaftServerImpl.java:checkInconsistentAppendEntries(1592)) - s2@group-EA982605F2E5: Failed appendEntries as the first entry (index 0) already exists (snapshotIndex: -1, commitIndex: 0)
2022-11-08 19:12:10,715 [s2-server-thread1] INFO  server.RaftServer$Division (RaftServerImpl.java:checkInconsistentAppendEntries(1572)) - s2@group-EA982605F2E5: inconsistency entries. Reply:s1<-s2#2457:FAIL-t2,INCONSISTENCY,nextIndex=1,followerCommit=0,matchIndex=-1
2022-11-08 19:12:10,716 [grpc-default-executor-3] INFO  leader.FollowerInfo (FollowerInfoImpl.java:lambda$new$0(48)) - s1@group-EA982605F2E5->s2: nextIndex: updateUnconditionally 5 -> 1
2022-11-08 19:12:10,716 [s2-server-thread2] DEBUG server.RaftServer$Division (RaftServerImpl.java:logAppendEntries(1421)) - s2@group-EA982605F2E5: receive appendEntries(s1, 2, (t:2, i:0), 4, true, commits:[s1:c4, s0:c4, s2:c0], cId:2458, entries: [(t:2, i:1), STATEMACHINELOGENTRY, 0@client-2EFB324ADA71, (t:2, i:2), METADATAENTRY(c:1), (t:2, i:3), STATEMACHINELOGENTRY, 999@client-AE8279CAF820, (t:2, i:4), METADATAENTRY(c:3)]
2022-11-08 19:12:10,716 [s2-server-thread2] INFO  server.RaftServer$Division (RaftServerImpl.java:checkInconsistentAppendEntries(1602)) - s2@group-EA982605F2E5: Failed appendEntries as previous log entry ((t:2, i:0)) is not found
2022-11-08 19:12:10,716 [s2-server-thread2] INFO  server.RaftServer$Division (RaftServerImpl.java:checkInconsistentAppendEntries(1572)) - s2@group-EA982605F2E5: inconsistency entries. Reply:s1<-s2#2458:FAIL-t2,INCONSISTENCY,nextIndex=0,followerCommit=0,matchIndex=-1
2022-11-08 19:12:10,717 [grpc-default-executor-3] INFO  leader.FollowerInfo (FollowerInfoImpl.java:lambda$new$0(48)) - s1@group-EA982605F2E5->s2: nextIndex: updateUnconditionally 5 -> 0
2022-11-08 19:12:10,717 [s2-server-thread2] DEBUG server.RaftServer$Division (RaftServerImpl.java:logAppendEntries(1421)) - s2@group-EA982605F2E5: receive appendEntries(s1, 2, null, 4, true, commits:[s1:c4, s0:c4, s2:c0], cId:2459, entries: [(t:2, i:0), CONFIGURATIONENTRY(current:id: "s0"
address: "localhost:34297"
dataStreamAddress: "localhost:43983"
clientAddress: "localhost:39609"
adminAddress: "localhost:37077"
startupRole: FOLLOWER
,id: "s1"
address: "localhost:38917"
dataStreamAddress: "localhost:45719"
clientAddress: "localhost:36975"
adminAddress: "localhost:40635"
startupRole: FOLLOWER
,id: "s2"
address: "localhost:35511"
dataStreamAddress: "localhost:38827"
clientAddress: "localhost:42865"
adminAddress: "localhost:36791"
startupRole: FOLLOWER
, old:), (t:2, i:1), STATEMACHINELOGENTRY, 0@client-2EFB324ADA71, (t:2, i:2), METADATAENTRY(c:1), (t:2, i:3), STATEMACHINELOGENTRY, 999@client-AE8279CAF820, (t:2, i:4), METADATAENTRY(c:3)]
2022-11-08 19:12:10,717 [s2-server-thread2] INFO  server.RaftServer$Division (RaftServerImpl.java:checkInconsistentAppendEntries(1592)) - s2@group-EA982605F2E5: Failed appendEntries as the first entry (index 0) already exists (snapshotIndex: -1, commitIndex: 0)
2022-11-08 19:12:10,717 [s2-server-thread2] INFO  server.RaftServer$Division (RaftServerImpl.java:checkInconsistentAppendEntries(1572)) - s2@group-EA982605F2E5: inconsistency entries. Reply:s1<-s2#2459:FAIL-t2,INCONSISTENCY,nextIndex=1,followerCommit=0,matchIndex=-1
2022-11-08 19:12:10,717 [grpc-default-executor-3] INFO  leader.FollowerInfo (FollowerInfoImpl.java:lambda$new$0(48)) - s1@group-EA982605F2E5->s2: nextIndex: updateUnconditionally 5 -> 1
2022-11-08 19:12:10,718 [s2-server-thread1] DEBUG server.RaftServer$Division (RaftServerImpl.java:logAppendEntries(1421)) - s2@group-EA982605F2E5: receive appendEntries(s1, 2, (t:2, i:0), 4, true, commits:[s1:c4, s0:c4, s2:c0], cId:2460, entries: [(t:2, i:1), STATEMACHINELOGENTRY, 0@client-2EFB324ADA71, (t:2, i:2), METADATAENTRY(c:1), (t:2, i:3), STATEMACHINELOGENTRY, 999@client-AE8279CAF820, (t:2, i:4), METADATAENTRY(c:3)]
2022-11-08 19:12:10,718 [s2-server-thread1] INFO  server.RaftServer$Division (RaftServerImpl.java:checkInconsistentAppendEntries(1602)) - s2@group-EA982605F2E5: Failed appendEntries as previous log entry ((t:2, i:0)) is not found
2022-11-08 19:12:10,718 [s2-server-thread1] INFO  server.RaftServer$Division (RaftServerImpl.java:checkInconsistentAppendEntries(1572)) - s2@group-EA982605F2E5: inconsistency entries. Reply:s1<-s2#2460:FAIL-t2,INCONSISTENCY,nextIndex=0,followerCommit=0,matchIndex=-1
2022-11-08 19:12:10,718 [grpc-default-executor-3] INFO  leader.FollowerInfo (FollowerInfoImpl.java:lambda$new$0(48)) - s1@group-EA982605F2E5->s2: nextIndex: updateUnconditionally 5 -> 0
2022-11-08 19:12:10,719 [s2-server-thread2] DEBUG server.RaftServer$Division (RaftServerImpl.java:logAppendEntries(1421)) - s2@group-EA982605F2E5: receive appendEntries(s1, 2, null, 4, true, commits:[s1:c4, s0:c4, s2:c0], cId:2461, entries: [(t:2, i:0), CONFIGURATIONENTRY(current:id: "s0"
address: "localhost:34297"
dataStreamAddress: "localhost:43983"
clientAddress: "localhost:39609"
adminAddress: "localhost:37077"
startupRole: FOLLOWER
,id: "s1"
address: "localhost:38917"
dataStreamAddress: "localhost:45719"
clientAddress: "localhost:36975"
adminAddress: "localhost:40635"
startupRole: FOLLOWER
,id: "s2"
address: "localhost:35511"
dataStreamAddress: "localhost:38827"
clientAddress: "localhost:42865"
adminAddress: "localhost:36791"
startupRole: FOLLOWER
, old:), (t:2, i:1), STATEMACHINELOGENTRY, 0@client-2EFB324ADA71, (t:2, i:2), METADATAENTRY(c:1), (t:2, i:3), STATEMACHINELOGENTRY, 999@client-AE8279CAF820, (t:2, i:4), METADATAENTRY(c:3)]
2022-11-08 19:12:10,719 [s2-server-thread2] INFO  server.RaftServer$Division (RaftServerImpl.java:checkInconsistentAppendEntries(1592)) - s2@group-EA982605F2E5: Failed appendEntries as the first entry (index 0) already exists (snapshotIndex: -1, commitIndex: 0)
2022-11-08 19:12:10,719 [s2-server-thread2] INFO  server.RaftServer$Division (RaftServerImpl.java:checkInconsistentAppendEntries(1572)) - s2@group-EA982605F2E5: inconsistency entries. Reply:s1<-s2#2461:FAIL-t2,INCONSISTENCY,nextIndex=1,followerCommit=0,matchIndex=-1
2022-11-08 19:12:10,719 [grpc-default-executor-3] INFO  leader.FollowerInfo (FollowerInfoImpl.java:lambda$new$0(48)) - s1@group-EA982605F2E5->s2: nextIndex: updateUnconditionally 5 -> 1
2022-11-08 19:12:10,720 [s2-server-thread2] DEBUG server.RaftServer$Division (RaftServerImpl.java:logAppendEntries(1421)) - s2@group-EA982605F2E5: receive appendEntries(s1, 2, (t:2, i:0), 4, true, commits:[s1:c4, s0:c4, s2:c0], cId:2462, entries: [(t:2, i:1), STATEMACHINELOGENTRY, 0@client-2EFB324ADA71, (t:2, i:2), METADATAENTRY(c:1), (t:2, i:3), STATEMACHINELOGENTRY, 999@client-AE8279CAF820, (t:2, i:4), METADATAENTRY(c:3)]
2022-11-08 19:12:10,720 [s2-server-thread2] INFO  server.RaftServer$Division (RaftServerImpl.java:checkInconsistentAppendEntries(1602)) - s2@group-EA982605F2E5: Failed appendEntries as previous log entry ((t:2, i:0)) is not found
2022-11-08 19:12:10,720 [s2-server-thread2] INFO  server.RaftServer$Division (RaftServerImpl.java:checkInconsistentAppendEntries(1572)) - s2@group-EA982605F2E5: inconsistency entries. Reply:s1<-s2#2462:FAIL-t2,INCONSISTENCY,nextIndex=0,followerCommit=0,matchIndex=-1
2022-11-08 19:12:10,720 [grpc-default-executor-3] INFO  leader.FollowerInfo (FollowerInfoImpl.java:lambda$new$0(48)) - s1@group-EA982605F2E5->s2: nextIndex: updateUnconditionally 5 -> 0
2022-11-08 19:12:10,721 [s2-server-thread2] DEBUG server.RaftServer$Division (RaftServerImpl.java:logAppendEntries(1421)) - s2@group-EA982605F2E5: receive appendEntries(s1, 2, null, 4, true, commits:[s1:c4, s0:c4, s2:c0], cId:2463, entries: [(t:2, i:0), CONFIGURATIONENTRY(current:id: "s0"
address: "localhost:34297"
dataStreamAddress: "localhost:43983"
clientAddress: "localhost:39609"
adminAddress: "localhost:37077"
startupRole: FOLLOWER
,id: "s1"
address: "localhost:38917"
dataStreamAddress: "localhost:45719"
clientAddress: "localhost:36975"
adminAddress: "localhost:40635"
startupRole: FOLLOWER
,id: "s2"
address: "localhost:35511"
dataStreamAddress: "localhost:38827"
clientAddress: "localhost:42865"
adminAddress: "localhost:36791"
startupRole: FOLLOWER
, old:), (t:2, i:1), STATEMACHINELOGENTRY, 0@client-2EFB324ADA71, (t:2, i:2), METADATAENTRY(c:1), (t:2, i:3), STATEMACHINELOGENTRY, 999@client-AE8279CAF820, (t:2, i:4), METADATAENTRY(c:3)]
2022-11-08 19:12:10,721 [s2-server-thread2] INFO  server.RaftServer$Division (RaftServerImpl.java:checkInconsistentAppendEntries(1592)) - s2@group-EA982605F2E5: Failed appendEntries as the first entry (index 0) already exists (snapshotIndex: -1, commitIndex: 0)
2022-11-08 19:12:10,721 [s2-server-thread2] INFO  server.RaftServer$Division (RaftServerImpl.java:checkInconsistentAppendEntries(1572)) - s2@group-EA982605F2E5: inconsistency entries. Reply:s1<-s2#2463:FAIL-t2,INCONSISTENCY,nextIndex=1,followerCommit=0,matchIndex=-1
2022-11-08 19:12:10,721 [grpc-default-executor-3] INFO  leader.FollowerInfo (FollowerInfoImpl.java:lambda$new$0(48)) - s1@group-EA982605F2E5->s2: nextIndex: updateUnconditionally 5 -> 1
2022-11-08 19:12:10,722 [s2-server-thread1] DEBUG server.RaftServer$Division (RaftServerImpl.java:logAppendEntries(1421)) - s2@group-EA982605F2E5: receive appendEntries(s1, 2, (t:2, i:0), 4, true, commits:[s1:c4, s0:c4, s2:c0], cId:2464, entries: [(t:2, i:1), STATEMACHINELOGENTRY, 0@client-2EFB324ADA71, (t:2, i:2), METADATAENTRY(c:1), (t:2, i:3), STATEMACHINELOGENTRY, 999@client-AE8279CAF820, (t:2, i:4), METADATAENTRY(c:3)]
2022-11-08 19:12:10,722 [s2-server-thread1] INFO  server.RaftServer$Division (RaftServerImpl.java:checkInconsistentAppendEntries(1602)) - s2@group-EA982605F2E5: Failed appendEntries as previous log entry ((t:2, i:0)) is not found
2022-11-08 19:12:10,722 [s2-server-thread1] INFO  server.RaftServer$Division (RaftServerImpl.java:checkInconsistentAppendEntries(1572)) - s2@group-EA982605F2E5: inconsistency entries. Reply:s1<-s2#2464:FAIL-t2,INCONSISTENCY,nextIndex=0,followerCommit=0,matchIndex=-1
2022-11-08 19:12:10,722 [grpc-default-executor-3] INFO  leader.FollowerInfo (FollowerInfoImpl.java:lambda$new$0(48)) - s1@group-EA982605F2E5->s2: nextIndex: updateUnconditionally 5 -> 0
2022-11-08 19:12:10,723 [s2-server-thread2] DEBUG server.RaftServer$Division (RaftServerImpl.java:logAppendEntries(1421)) - s2@group-EA982605F2E5: receive appendEntries(s1, 2, null, 4, true, commits:[s1:c4, s0:c4, s2:c0], cId:2465, entries: [(t:2, i:0), CONFIGURATIONENTRY(current:id: "s0"
address: "localhost:34297"
dataStreamAddress: "localhost:43983"
clientAddress: "localhost:39609"
adminAddress: "localhost:37077"
startupRole: FOLLOWER
,id: "s1"
address: "localhost:38917"
dataStreamAddress: "localhost:45719"
clientAddress: "localhost:36975"
adminAddress: "localhost:40635"
startupRole: FOLLOWER
,id: "s2"
address: "localhost:35511"
dataStreamAddress: "localhost:38827"
clientAddress: "localhost:42865"
adminAddress: "localhost:36791"
startupRole: FOLLOWER
, old:), (t:2, i:1), STATEMACHINELOGENTRY, 0@client-2EFB324ADA71, (t:2, i:2), METADATAENTRY(c:1), (t:2, i:3), STATEMACHINELOGENTRY, 999@client-AE8279CAF820, (t:2, i:4), METADATAENTRY(c:3)]
2022-11-08 19:12:10,723 [s2-server-thread2] INFO  server.RaftServer$Division (RaftServerImpl.java:checkInconsistentAppendEntries(1592)) - s2@group-EA982605F2E5: Failed appendEntries as the first entry (index 0) already exists (snapshotIndex: -1, commitIndex: 0)
2022-11-08 19:12:10,723 [s2-server-thread2] INFO  server.RaftServer$Division (RaftServerImpl.java:checkInconsistentAppendEntries(1572)) - s2@group-EA982605F2E5: inconsistency entries. Reply:s1<-s2#2465:FAIL-t2,INCONSISTENCY,nextIndex=1,followerCommit=0,matchIndex=-1
2022-11-08 19:12:10,723 [grpc-default-executor-3] INFO  leader.FollowerInfo (FollowerInfoImpl.java:lambda$new$0(48)) - s1@group-EA982605F2E5->s2: nextIndex: updateUnconditionally 5 -> 1
2022-11-08 19:12:10,723 [s2-server-thread2] DEBUG server.RaftServer$Division (RaftServerImpl.java:logAppendEntries(1421)) - s2@group-EA982605F2E5: receive appendEntries(s1, 2, (t:2, i:0), 4, true, commits:[s1:c4, s0:c4, s2:c0], cId:2466, entries: [(t:2, i:1), STATEMACHINELOGENTRY, 0@client-2EFB324ADA71, (t:2, i:2), METADATAENTRY(c:1), (t:2, i:3), STATEMACHINELOGENTRY, 999@client-AE8279CAF820, (t:2, i:4), METADATAENTRY(c:3)]
2022-11-08 19:12:10,724 [s2-server-thread2] INFO  server.RaftServer$Division (RaftServerImpl.java:checkInconsistentAppendEntries(1602)) - s2@group-EA982605F2E5: Failed appendEntries as previous log entry ((t:2, i:0)) is not found
2022-11-08 19:12:10,724 [s2-server-thread2] INFO  server.RaftServer$Division (RaftServerImpl.java:checkInconsistentAppendEntries(1572)) - s2@group-EA982605F2E5: inconsistency entries. Reply:s1<-s2#2466:FAIL-t2,INCONSISTENCY,nextIndex=0,followerCommit=0,matchIndex=-1
2022-11-08 19:12:10,724 [grpc-default-executor-3] INFO  leader.FollowerInfo (FollowerInfoImpl.java:lambda$new$0(48)) - s1@group-EA982605F2E5->s2: nextIndex: updateUnconditionally 5 -> 0
2022-11-08 19:12:10,725 [s2-server-thread2] DEBUG server.RaftServer$Division (RaftServerImpl.java:logAppendEntries(1421)) - s2@group-EA982605F2E5: receive appendEntries(s1, 2, null, 4, true, commits:[s1:c4, s0:c4, s2:c0], cId:2467, entries: [(t:2, i:0), CONFIGURATIONENTRY(current:id: "s0"
address: "localhost:34297"
dataStreamAddress: "localhost:43983"
clientAddress: "localhost:39609"
adminAddress: "localhost:37077"
startupRole: FOLLOWER
,id: "s1"
address: "localhost:38917"
dataStreamAddress: "localhost:45719"
clientAddress: "localhost:36975"
adminAddress: "localhost:40635"
startupRole: FOLLOWER
,id: "s2"
address: "localhost:35511"
dataStreamAddress: "localhost:38827"
clientAddress: "localhost:42865"
adminAddress: "localhost:36791"
startupRole: FOLLOWER
, old:), (t:2, i:1), STATEMACHINELOGENTRY, 0@client-2EFB324ADA71, (t:2, i:2), METADATAENTRY(c:1), (t:2, i:3), STATEMACHINELOGENTRY, 999@client-AE8279CAF820, (t:2, i:4), METADATAENTRY(c:3)]
2022-11-08 19:12:10,725 [s2-server-thread2] INFO  server.RaftServer$Division (RaftServerImpl.java:checkInconsistentAppendEntries(1592)) - s2@group-EA982605F2E5: Failed appendEntries as the first entry (index 0) already exists (snapshotIndex: -1, commitIndex: 0)
2022-11-08 19:12:10,725 [s2-server-thread2] INFO  server.RaftServer$Division (RaftServerImpl.java:checkInconsistentAppendEntries(1572)) - s2@group-EA982605F2E5: inconsistency entries. Reply:s1<-s2#2467:FAIL-t2,INCONSISTENCY,nextIndex=1,followerCommit=0,matchIndex=-1
2022-11-08 19:12:10,725 [grpc-default-executor-3] INFO  leader.FollowerInfo (FollowerInfoImpl.java:lambda$new$0(48)) - s1@group-EA982605F2E5->s2: nextIndex: updateUnconditionally 5 -> 1
2022-11-08 19:12:10,725 [s2-server-thread2] DEBUG server.RaftServer$Division (RaftServerImpl.java:logAppendEntries(1421)) - s2@group-EA982605F2E5: receive appendEntries(s1, 2, (t:2, i:0), 4, true, commits:[s1:c4, s0:c4, s2:c0], cId:2468, entries: [(t:2, i:1), STATEMACHINELOGENTRY, 0@client-2EFB324ADA71, (t:2, i:2), METADATAENTRY(c:1), (t:2, i:3), STATEMACHINELOGENTRY, 999@client-AE8279CAF820, (t:2, i:4), METADATAENTRY(c:3)]
2022-11-08 19:12:10,725 [s2-server-thread2] INFO  server.RaftServer$Division (RaftServerImpl.java:checkInconsistentAppendEntries(1602)) - s2@group-EA982605F2E5: Failed appendEntries as previous log entry ((t:2, i:0)) is not found
2022-11-08 19:12:10,726 [s2-server-thread2] INFO  server.RaftServer$Division (RaftServerImpl.java:checkInconsistentAppendEntries(1572)) - s2@group-EA982605F2E5: inconsistency entries. Reply:s1<-s2#2468:FAIL-t2,INCONSISTENCY,nextIndex=0,followerCommit=0,matchIndex=-1
2022-11-08 19:12:10,726 [grpc-default-executor-3] INFO  leader.FollowerInfo (FollowerInfoImpl.java:lambda$new$0(48)) - s1@group-EA982605F2E5->s2: nextIndex: updateUnconditionally 5 -> 0
2022-11-08 19:12:10,726 [s2-server-thread1] DEBUG server.RaftServer$Division (RaftServerImpl.java:logAppendEntries(1421)) - s2@group-EA982605F2E5: receive appendEntries(s1, 2, null, 4, true, commits:[s1:c4, s0:c4, s2:c0], cId:2469, entries: [(t:2, i:0), CONFIGURATIONENTRY(current:id: "s0"
address: "localhost:34297"
dataStreamAddress: "localhost:43983"
clientAddress: "localhost:39609"
adminAddress: "localhost:37077"
startupRole: FOLLOWER
,id: "s1"
address: "localhost:38917"
dataStreamAddress: "localhost:45719"
clientAddress: "localhost:36975"
adminAddress: "localhost:40635"
startupRole: FOLLOWER
,id: "s2"
address: "localhost:35511"
dataStreamAddress: "localhost:38827"
clientAddress: "localhost:42865"
adminAddress: "localhost:36791"
startupRole: FOLLOWER
, old:), (t:2, i:1), STATEMACHINELOGENTRY, 0@client-2EFB324ADA71, (t:2, i:2), METADATAENTRY(c:1), (t:2, i:3), STATEMACHINELOGENTRY, 999@client-AE8279CAF820, (t:2, i:4), METADATAENTRY(c:3)]
2022-11-08 19:12:10,726 [s2-server-thread1] INFO  server.RaftServer$Division (RaftServerImpl.java:checkInconsistentAppendEntries(1592)) - s2@group-EA982605F2E5: Failed appendEntries as the first entry (index 0) already exists (snapshotIndex: -1, commitIndex: 0)
2022-11-08 19:12:10,726 [s2-server-thread1] INFO  server.RaftServer$Division (RaftServerImpl.java:checkInconsistentAppendEntries(1572)) - s2@group-EA982605F2E5: inconsistency entries. Reply:s1<-s2#2469:FAIL-t2,INCONSISTENCY,nextIndex=1,followerCommit=0,matchIndex=-1
2022-11-08 19:12:10,727 [grpc-default-executor-3] INFO  leader.FollowerInfo (FollowerInfoImpl.java:lambda$new$0(48)) - s1@group-EA982605F2E5->s2: nextIndex: updateUnconditionally 5 -> 1
2022-11-08 19:12:10,727 [s2-server-thread2] DEBUG server.RaftServer$Division (RaftServerImpl.java:logAppendEntries(1421)) - s2@group-EA982605F2E5: receive appendEntries(s1, 2, (t:2, i:0), 4, true, commits:[s1:c4, s0:c4, s2:c0], cId:2470, entries: [(t:2, i:1), STATEMACHINELOGENTRY, 0@client-2EFB324ADA71, (t:2, i:2), METADATAENTRY(c:1), (t:2, i:3), STATEMACHINELOGENTRY, 999@client-AE8279CAF820, (t:2, i:4), METADATAENTRY(c:3)]
2022-11-08 19:12:10,727 [s2-server-thread2] INFO  server.RaftServer$Division (RaftServerImpl.java:checkInconsistentAppendEntries(1602)) - s2@group-EA982605F2E5: Failed appendEntries as previous log entry ((t:2, i:0)) is not found
2022-11-08 19:12:10,727 [s2-server-thread2] INFO  server.RaftServer$Division (RaftServerImpl.java:checkInconsistentAppendEntries(1572)) - s2@group-EA982605F2E5: inconsistency entries. Reply:s1<-s2#2470:FAIL-t2,INCONSISTENCY,nextIndex=0,followerCommit=0,matchIndex=-1
2022-11-08 19:12:10,728 [grpc-default-executor-3] INFO  leader.FollowerInfo (FollowerInfoImpl.java:lambda$new$0(48)) - s1@group-EA982605F2E5->s2: nextIndex: updateUnconditionally 5 -> 0
2022-11-08 19:12:10,728 [s2-server-thread2] DEBUG server.RaftServer$Division (RaftServerImpl.java:logAppendEntries(1421)) - s2@group-EA982605F2E5: receive appendEntries(s1, 2, null, 4, true, commits:[s1:c4, s0:c4, s2:c0], cId:2471, entries: [(t:2, i:0), CONFIGURATIONENTRY(current:id: "s0"
address: "localhost:34297"
dataStreamAddress: "localhost:43983"
clientAddress: "localhost:39609"
adminAddress: "localhost:37077"
startupRole: FOLLOWER
,id: "s1"
address: "localhost:38917"
dataStreamAddress: "localhost:45719"
clientAddress: "localhost:36975"
adminAddress: "localhost:40635"
startupRole: FOLLOWER
,id: "s2"
address: "localhost:35511"
dataStreamAddress: "localhost:38827"
clientAddress: "localhost:42865"
adminAddress: "localhost:36791"
startupRole: FOLLOWER
, old:), (t:2, i:1), STATEMACHINELOGENTRY, 0@client-2EFB324ADA71, (t:2, i:2), METADATAENTRY(c:1), (t:2, i:3), STATEMACHINELOGENTRY, 999@client-AE8279CAF820, (t:2, i:4), METADATAENTRY(c:3)]
2022-11-08 19:12:10,728 [s2-server-thread2] INFO  server.RaftServer$Division (RaftServerImpl.java:checkInconsistentAppendEntries(1592)) - s2@group-EA982605F2E5: Failed appendEntries as the first entry (index 0) already exists (snapshotIndex: -1, commitIndex: 0)
2022-11-08 19:12:10,728 [s2-server-thread2] INFO  server.RaftServer$Division (RaftServerImpl.java:checkInconsistentAppendEntries(1572)) - s2@group-EA982605F2E5: inconsistency entries. Reply:s1<-s2#2471:FAIL-t2,INCONSISTENCY,nextIndex=1,followerCommit=0,matchIndex=-1
2022-11-08 19:12:10,729 [grpc-default-executor-3] INFO  leader.FollowerInfo (FollowerInfoImpl.java:lambda$new$0(48)) - s1@group-EA982605F2E5->s2: nextIndex: updateUnconditionally 5 -> 1
2022-11-08 19:12:10,729 [s2-server-thread2] DEBUG server.RaftServer$Division (RaftServerImpl.java:logAppendEntries(1421)) - s2@group-EA982605F2E5: receive appendEntries(s1, 2, (t:2, i:0), 4, true, commits:[s1:c4, s0:c4, s2:c0], cId:2472, entries: [(t:2, i:1), STATEMACHINELOGENTRY, 0@client-2EFB324ADA71, (t:2, i:2), METADATAENTRY(c:1), (t:2, i:3), STATEMACHINELOGENTRY, 999@client-AE8279CAF820, (t:2, i:4), METADATAENTRY(c:3)]
2022-11-08 19:12:10,729 [s2-server-thread2] INFO  server.RaftServer$Division (RaftServerImpl.java:checkInconsistentAppendEntries(1602)) - s2@group-EA982605F2E5: Failed appendEntries as previous log entry ((t:2, i:0)) is not found
2022-11-08 19:12:10,729 [s2-server-thread2] INFO  server.RaftServer$Division (RaftServerImpl.java:checkInconsistentAppendEntries(1572)) - s2@group-EA982605F2E5: inconsistency entries. Reply:s1<-s2#2472:FAIL-t2,INCONSISTENCY,nextIndex=0,followerCommit=0,matchIndex=-1
2022-11-08 19:12:10,729 [grpc-default-executor-3] INFO  leader.FollowerInfo (FollowerInfoImpl.java:lambda$new$0(48)) - s1@group-EA982605F2E5->s2: nextIndex: updateUnconditionally 5 -> 0
2022-11-08 19:12:10,730 [s2-server-thread1] DEBUG server.RaftServer$Division (RaftServerImpl.java:logAppendEntries(1421)) - s2@group-EA982605F2E5: receive appendEntries(s1, 2, null, 4, true, commits:[s1:c4, s0:c4, s2:c0], cId:2473, entries: [(t:2, i:0), CONFIGURATIONENTRY(current:id: "s0"
address: "localhost:34297"
dataStreamAddress: "localhost:43983"
clientAddress: "localhost:39609"
adminAddress: "localhost:37077"
startupRole: FOLLOWER
,id: "s1"
address: "localhost:38917"
dataStreamAddress: "localhost:45719"
clientAddress: "localhost:36975"
adminAddress: "localhost:40635"
startupRole: FOLLOWER
,id: "s2"
address: "localhost:35511"
dataStreamAddress: "localhost:38827"
clientAddress: "localhost:42865"
adminAddress: "localhost:36791"
startupRole: FOLLOWER
, old:), (t:2, i:1), STATEMACHINELOGENTRY, 0@client-2EFB324ADA71, (t:2, i:2), METADATAENTRY(c:1), (t:2, i:3), STATEMACHINELOGENTRY, 999@client-AE8279CAF820, (t:2, i:4), METADATAENTRY(c:3)]
2022-11-08 19:12:10,730 [s2-server-thread1] INFO  server.RaftServer$Division (RaftServerImpl.java:checkInconsistentAppendEntries(1592)) - s2@group-EA982605F2E5: Failed appendEntries as the first entry (index 0) already exists (snapshotIndex: -1, commitIndex: 0)
2022-11-08 19:12:10,730 [s2-server-thread1] INFO  server.RaftServer$Division (RaftServerImpl.java:checkInconsistentAppendEntries(1572)) - s2@group-EA982605F2E5: inconsistency entries. Reply:s1<-s2#2473:FAIL-t2,INCONSISTENCY,nextIndex=1,followerCommit=0,matchIndex=-1
2022-11-08 19:12:10,730 [grpc-default-executor-3] INFO  leader.FollowerInfo (FollowerInfoImpl.java:lambda$new$0(48)) - s1@group-EA982605F2E5->s2: nextIndex: updateUnconditionally 5 -> 1
2022-11-08 19:12:10,731 [s2-server-thread2] DEBUG server.RaftServer$Division (RaftServerImpl.java:logAppendEntries(1421)) - s2@group-EA982605F2E5: receive appendEntries(s1, 2, (t:2, i:0), 4, true, commits:[s1:c4, s0:c4, s2:c0], cId:2474, entries: [(t:2, i:1), STATEMACHINELOGENTRY, 0@client-2EFB324ADA71, (t:2, i:2), METADATAENTRY(c:1), (t:2, i:3), STATEMACHINELOGENTRY, 999@client-AE8279CAF820, (t:2, i:4), METADATAENTRY(c:3)]
2022-11-08 19:12:10,731 [s2-server-thread2] INFO  server.RaftServer$Division (RaftServerImpl.java:checkInconsistentAppendEntries(1602)) - s2@group-EA982605F2E5: Failed appendEntries as previous log entry ((t:2, i:0)) is not found
2022-11-08 19:12:10,731 [s2-server-thread2] INFO  server.RaftServer$Division (RaftServerImpl.java:checkInconsistentAppendEntries(1572)) - s2@group-EA982605F2E5: inconsistency entries. Reply:s1<-s2#2474:FAIL-t2,INCONSISTENCY,nextIndex=0,followerCommit=0,matchIndex=-1
2022-11-08 19:12:10,731 [grpc-default-executor-3] INFO  leader.FollowerInfo (FollowerInfoImpl.java:lambda$new$0(48)) - s1@group-EA982605F2E5->s2: nextIndex: updateUnconditionally 5 -> 0
2022-11-08 19:12:10,732 [s2-server-thread2] DEBUG server.RaftServer$Division (RaftServerImpl.java:logAppendEntries(1421)) - s2@group-EA982605F2E5: receive appendEntries(s1, 2, null, 4, true, commits:[s1:c4, s0:c4, s2:c0], cId:2475, entries: [(t:2, i:0), CONFIGURATIONENTRY(current:id: "s0"
address: "localhost:34297"
dataStreamAddress: "localhost:43983"
clientAddress: "localhost:39609"
adminAddress: "localhost:37077"
startupRole: FOLLOWER
,id: "s1"
address: "localhost:38917"
dataStreamAddress: "localhost:45719"
clientAddress: "localhost:36975"
adminAddress: "localhost:40635"
startupRole: FOLLOWER
,id: "s2"
address: "localhost:35511"
dataStreamAddress: "localhost:38827"
clientAddress: "localhost:42865"
adminAddress: "localhost:36791"
startupRole: FOLLOWER
, old:), (t:2, i:1), STATEMACHINELOGENTRY, 0@client-2EFB324ADA71, (t:2, i:2), METADATAENTRY(c:1), (t:2, i:3), STATEMACHINELOGENTRY, 999@client-AE8279CAF820, (t:2, i:4), METADATAENTRY(c:3)]
2022-11-08 19:12:10,732 [s2-server-thread2] INFO  server.RaftServer$Division (RaftServerImpl.java:checkInconsistentAppendEntries(1592)) - s2@group-EA982605F2E5: Failed appendEntries as the first entry (index 0) already exists (snapshotIndex: -1, commitIndex: 0)
2022-11-08 19:12:10,732 [s2-server-thread2] INFO  server.RaftServer$Division (RaftServerImpl.java:checkInconsistentAppendEntries(1572)) - s2@group-EA982605F2E5: inconsistency entries. Reply:s1<-s2#2475:FAIL-t2,INCONSISTENCY,nextIndex=1,followerCommit=0,matchIndex=-1
2022-11-08 19:12:10,732 [grpc-default-executor-3] INFO  leader.FollowerInfo (FollowerInfoImpl.java:lambda$new$0(48)) - s1@group-EA982605F2E5->s2: nextIndex: updateUnconditionally 5 -> 1
2022-11-08 19:12:10,733 [s2-server-thread2] DEBUG server.RaftServer$Division (RaftServerImpl.java:logAppendEntries(1421)) - s2@group-EA982605F2E5: receive appendEntries(s1, 2, (t:2, i:0), 4, true, commits:[s1:c4, s0:c4, s2:c0], cId:2476, entries: [(t:2, i:1), STATEMACHINELOGENTRY, 0@client-2EFB324ADA71, (t:2, i:2), METADATAENTRY(c:1), (t:2, i:3), STATEMACHINELOGENTRY, 999@client-AE8279CAF820, (t:2, i:4), METADATAENTRY(c:3)]
2022-11-08 19:12:10,733 [s2-server-thread2] INFO  server.RaftServer$Division (RaftServerImpl.java:checkInconsistentAppendEntries(1602)) - s2@group-EA982605F2E5: Failed appendEntries as previous log entry ((t:2, i:0)) is not found
2022-11-08 19:12:10,733 [s2-server-thread2] INFO  server.RaftServer$Division (RaftServerImpl.java:checkInconsistentAppendEntries(1572)) - s2@group-EA982605F2E5: inconsistency entries. Reply:s1<-s2#2476:FAIL-t2,INCONSISTENCY,nextIndex=0,followerCommit=0,matchIndex=-1
2022-11-08 19:12:10,733 [grpc-default-executor-0] INFO  leader.FollowerInfo (FollowerInfoImpl.java:lambda$new$0(48)) - s1@group-EA982605F2E5->s2: nextIndex: updateUnconditionally 5 -> 0
2022-11-08 19:12:10,734 [s2-server-thread1] DEBUG server.RaftServer$Division (RaftServerImpl.java:logAppendEntries(1421)) - s2@group-EA982605F2E5: receive appendEntries(s1, 2, null, 4, true, commits:[s1:c4, s0:c4, s2:c0], cId:2477, entries: [(t:2, i:0), CONFIGURATIONENTRY(current:id: "s0"
address: "localhost:34297"
dataStreamAddress: "localhost:43983"
clientAddress: "localhost:39609"
adminAddress: "localhost:37077"
startupRole: FOLLOWER
,id: "s1"
address: "localhost:38917"
dataStreamAddress: "localhost:45719"
clientAddress: "localhost:36975"
adminAddress: "localhost:40635"
startupRole: FOLLOWER
,id: "s2"
address: "localhost:35511"
dataStreamAddress: "localhost:38827"
clientAddress: "localhost:42865"
adminAddress: "localhost:36791"
startupRole: FOLLOWER
, old:), (t:2, i:1), STATEMACHINELOGENTRY, 0@client-2EFB324ADA71, (t:2, i:2), METADATAENTRY(c:1), (t:2, i:3), STATEMACHINELOGENTRY, 999@client-AE8279CAF820, (t:2, i:4), METADATAENTRY(c:3)]
2022-11-08 19:12:10,734 [s2-server-thread1] INFO  server.RaftServer$Division (RaftServerImpl.java:checkInconsistentAppendEntries(1592)) - s2@group-EA982605F2E5: Failed appendEntries as the first entry (index 0) already exists (snapshotIndex: -1, commitIndex: 0)
2022-11-08 19:12:10,734 [s2-server-thread1] INFO  server.RaftServer$Division (RaftServerImpl.java:checkInconsistentAppendEntries(1572)) - s2@group-EA982605F2E5: inconsistency entries. Reply:s1<-s2#2477:FAIL-t2,INCONSISTENCY,nextIndex=1,followerCommit=0,matchIndex=-1
2022-11-08 19:12:10,734 [grpc-default-executor-0] INFO  leader.FollowerInfo (FollowerInfoImpl.java:lambda$new$0(48)) - s1@group-EA982605F2E5->s2: nextIndex: updateUnconditionally 5 -> 1
2022-11-08 19:12:10,735 [s2-server-thread2] DEBUG server.RaftServer$Division (RaftServerImpl.java:logAppendEntries(1421)) - s2@group-EA982605F2E5: receive appendEntries(s1, 2, (t:2, i:0), 4, true, commits:[s1:c4, s0:c4, s2:c0], cId:2478, entries: [(t:2, i:1), STATEMACHINELOGENTRY, 0@client-2EFB324ADA71, (t:2, i:2), METADATAENTRY(c:1), (t:2, i:3), STATEMACHINELOGENTRY, 999@client-AE8279CAF820, (t:2, i:4), METADATAENTRY(c:3)]
2022-11-08 19:12:10,735 [s2-server-thread2] INFO  server.RaftServer$Division (RaftServerImpl.java:checkInconsistentAppendEntries(1602)) - s2@group-EA982605F2E5: Failed appendEntries as previous log entry ((t:2, i:0)) is not found
2022-11-08 19:12:10,735 [s2-server-thread2] INFO  server.RaftServer$Division (RaftServerImpl.java:checkInconsistentAppendEntries(1572)) - s2@group-EA982605F2E5: inconsistency entries. Reply:s1<-s2#2478:FAIL-t2,INCONSISTENCY,nextIndex=0,followerCommit=0,matchIndex=-1
2022-11-08 19:12:10,735 [grpc-default-executor-0] INFO  leader.FollowerInfo (FollowerInfoImpl.java:lambda$new$0(48)) - s1@group-EA982605F2E5->s2: nextIndex: updateUnconditionally 5 -> 0
2022-11-08 19:12:10,736 [s2-server-thread2] DEBUG server.RaftServer$Division (RaftServerImpl.java:logAppendEntries(1421)) - s2@group-EA982605F2E5: receive appendEntries(s1, 2, null, 4, true, commits:[s1:c4, s0:c4, s2:c0], cId:2479, entries: [(t:2, i:0), CONFIGURATIONENTRY(current:id: "s0"
address: "localhost:34297"
dataStreamAddress: "localhost:43983"
clientAddress: "localhost:39609"
adminAddress: "localhost:37077"
startupRole: FOLLOWER
,id: "s1"
address: "localhost:38917"
dataStreamAddress: "localhost:45719"
clientAddress: "localhost:36975"
adminAddress: "localhost:40635"
startupRole: FOLLOWER
,id: "s2"
address: "localhost:35511"
dataStreamAddress: "localhost:38827"
clientAddress: "localhost:42865"
adminAddress: "localhost:36791"
startupRole: FOLLOWER
, old:), (t:2, i:1), STATEMACHINELOGENTRY, 0@client-2EFB324ADA71, (t:2, i:2), METADATAENTRY(c:1), (t:2, i:3), STATEMACHINELOGENTRY, 999@client-AE8279CAF820, (t:2, i:4), METADATAENTRY(c:3)]
2022-11-08 19:12:10,736 [s2-server-thread2] INFO  server.RaftServer$Division (RaftServerImpl.java:checkInconsistentAppendEntries(1592)) - s2@group-EA982605F2E5: Failed appendEntries as the first entry (index 0) already exists (snapshotIndex: -1, commitIndex: 0)
2022-11-08 19:12:10,736 [s2-server-thread2] INFO  server.RaftServer$Division (RaftServerImpl.java:checkInconsistentAppendEntries(1572)) - s2@group-EA982605F2E5: inconsistency entries. Reply:s1<-s2#2479:FAIL-t2,INCONSISTENCY,nextIndex=1,followerCommit=0,matchIndex=-1
2022-11-08 19:12:10,736 [grpc-default-executor-0] INFO  leader.FollowerInfo (FollowerInfoImpl.java:lambda$new$0(48)) - s1@group-EA982605F2E5->s2: nextIndex: updateUnconditionally 5 -> 1
2022-11-08 19:12:10,737 [s2-server-thread2] DEBUG server.RaftServer$Division (RaftServerImpl.java:logAppendEntries(1421)) - s2@group-EA982605F2E5: receive appendEntries(s1, 2, (t:2, i:0), 4, true, commits:[s1:c4, s0:c4, s2:c0], cId:2480, entries: [(t:2, i:1), STATEMACHINELOGENTRY, 0@client-2EFB324ADA71, (t:2, i:2), METADATAENTRY(c:1), (t:2, i:3), STATEMACHINELOGENTRY, 999@client-AE8279CAF820, (t:2, i:4), METADATAENTRY(c:3)]
2022-11-08 19:12:10,737 [s2-server-thread2] INFO  server.RaftServer$Division (RaftServerImpl.java:checkInconsistentAppendEntries(1602)) - s2@group-EA982605F2E5: Failed appendEntries as previous log entry ((t:2, i:0)) is not found
2022-11-08 19:12:10,737 [s2-server-thread2] INFO  server.RaftServer$Division (RaftServerImpl.java:checkInconsistentAppendEntries(1572)) - s2@group-EA982605F2E5: inconsistency entries. Reply:s1<-s2#2480:FAIL-t2,INCONSISTENCY,nextIndex=0,followerCommit=0,matchIndex=-1
2022-11-08 19:12:10,737 [grpc-default-executor-0] INFO  leader.FollowerInfo (FollowerInfoImpl.java:lambda$new$0(48)) - s1@group-EA982605F2E5->s2: nextIndex: updateUnconditionally 5 -> 0
2022-11-08 19:12:10,737 [s2-server-thread1] DEBUG server.RaftServer$Division (RaftServerImpl.java:logAppendEntries(1421)) - s2@group-EA982605F2E5: receive appendEntries(s1, 2, null, 4, true, commits:[s1:c4, s0:c4, s2:c0], cId:2481, entries: [(t:2, i:0), CONFIGURATIONENTRY(current:id: "s0"
address: "localhost:34297"
dataStreamAddress: "localhost:43983"
clientAddress: "localhost:39609"
adminAddress: "localhost:37077"
startupRole: FOLLOWER
,id: "s1"
address: "localhost:38917"
dataStreamAddress: "localhost:45719"
clientAddress: "localhost:36975"
adminAddress: "localhost:40635"
startupRole: FOLLOWER
,id: "s2"
address: "localhost:35511"
dataStreamAddress: "localhost:38827"
clientAddress: "localhost:42865"
adminAddress: "localhost:36791"
startupRole: FOLLOWER
, old:), (t:2, i:1), STATEMACHINELOGENTRY, 0@client-2EFB324ADA71, (t:2, i:2), METADATAENTRY(c:1), (t:2, i:3), STATEMACHINELOGENTRY, 999@client-AE8279CAF820, (t:2, i:4), METADATAENTRY(c:3)]
2022-11-08 19:12:10,738 [s2-server-thread1] INFO  server.RaftServer$Division (RaftServerImpl.java:checkInconsistentAppendEntries(1592)) - s2@group-EA982605F2E5: Failed appendEntries as the first entry (index 0) already exists (snapshotIndex: -1, commitIndex: 0)
2022-11-08 19:12:10,738 [s2-server-thread1] INFO  server.RaftServer$Division (RaftServerImpl.java:checkInconsistentAppendEntries(1572)) - s2@group-EA982605F2E5: inconsistency entries. Reply:s1<-s2#2481:FAIL-t2,INCONSISTENCY,nextIndex=1,followerCommit=0,matchIndex=-1
2022-11-08 19:12:10,738 [grpc-default-executor-0] INFO  leader.FollowerInfo (FollowerInfoImpl.java:lambda$new$0(48)) - s1@group-EA982605F2E5->s2: nextIndex: updateUnconditionally 5 -> 1
2022-11-08 19:12:10,738 [s2-server-thread2] DEBUG server.RaftServer$Division (RaftServerImpl.java:logAppendEntries(1421)) - s2@group-EA982605F2E5: receive appendEntries(s1, 2, (t:2, i:0), 4, true, commits:[s1:c4, s0:c4, s2:c0], cId:2482, entries: [(t:2, i:1), STATEMACHINELOGENTRY, 0@client-2EFB324ADA71, (t:2, i:2), METADATAENTRY(c:1), (t:2, i:3), STATEMACHINELOGENTRY, 999@client-AE8279CAF820, (t:2, i:4), METADATAENTRY(c:3)]
2022-11-08 19:12:10,738 [s2-server-thread2] INFO  server.RaftServer$Division (RaftServerImpl.java:checkInconsistentAppendEntries(1602)) - s2@group-EA982605F2E5: Failed appendEntries as previous log entry ((t:2, i:0)) is not found
2022-11-08 19:12:10,738 [s2-server-thread2] INFO  server.RaftServer$Division (RaftServerImpl.java:checkInconsistentAppendEntries(1572)) - s2@group-EA982605F2E5: inconsistency entries. Reply:s1<-s2#2482:FAIL-t2,INCONSISTENCY,nextIndex=0,followerCommit=0,matchIndex=-1
2022-11-08 19:12:10,739 [grpc-default-executor-0] INFO  leader.FollowerInfo (FollowerInfoImpl.java:lambda$new$0(48)) - s1@group-EA982605F2E5->s2: nextIndex: updateUnconditionally 5 -> 0
2022-11-08 19:12:10,739 [s2-server-thread2] DEBUG server.RaftServer$Division (RaftServerImpl.java:logAppendEntries(1421)) - s2@group-EA982605F2E5: receive appendEntries(s1, 2, null, 4, true, commits:[s1:c4, s0:c4, s2:c0], cId:2483, entries: [(t:2, i:0), CONFIGURATIONENTRY(current:id: "s0"
address: "localhost:34297"
dataStreamAddress: "localhost:43983"
clientAddress: "localhost:39609"
adminAddress: "localhost:37077"
startupRole: FOLLOWER
,id: "s1"
address: "localhost:38917"
dataStreamAddress: "localhost:45719"
clientAddress: "localhost:36975"
adminAddress: "localhost:40635"
startupRole: FOLLOWER
,id: "s2"
address: "localhost:35511"
dataStreamAddress: "localhost:38827"
clientAddress: "localhost:42865"
adminAddress: "localhost:36791"
startupRole: FOLLOWER
, old:), (t:2, i:1), STATEMACHINELOGENTRY, 0@client-2EFB324ADA71, (t:2, i:2), METADATAENTRY(c:1), (t:2, i:3), STATEMACHINELOGENTRY, 999@client-AE8279CAF820, (t:2, i:4), METADATAENTRY(c:3)]
2022-11-08 19:12:10,739 [s2-server-thread2] INFO  server.RaftServer$Division (RaftServerImpl.java:checkInconsistentAppendEntries(1592)) - s2@group-EA982605F2E5: Failed appendEntries as the first entry (index 0) already exists (snapshotIndex: -1, commitIndex: 0)
2022-11-08 19:12:10,739 [s2-server-thread2] INFO  server.RaftServer$Division (RaftServerImpl.java:checkInconsistentAppendEntries(1572)) - s2@group-EA982605F2E5: inconsistency entries. Reply:s1<-s2#2483:FAIL-t2,INCONSISTENCY,nextIndex=1,followerCommit=0,matchIndex=-1
2022-11-08 19:12:10,740 [grpc-default-executor-0] INFO  leader.FollowerInfo (FollowerInfoImpl.java:lambda$new$0(48)) - s1@group-EA982605F2E5->s2: nextIndex: updateUnconditionally 5 -> 1
2022-11-08 19:12:10,740 [s2-server-thread1] DEBUG server.RaftServer$Division (RaftServerImpl.java:logAppendEntries(1421)) - s2@group-EA982605F2E5: receive appendEntries(s1, 2, (t:2, i:0), 4, true, commits:[s1:c4, s0:c4, s2:c0], cId:2484, entries: [(t:2, i:1), STATEMACHINELOGENTRY, 0@client-2EFB324ADA71, (t:2, i:2), METADATAENTRY(c:1), (t:2, i:3), STATEMACHINELOGENTRY, 999@client-AE8279CAF820, (t:2, i:4), METADATAENTRY(c:3)]
2022-11-08 19:12:10,740 [s2-server-thread1] INFO  server.RaftServer$Division (RaftServerImpl.java:checkInconsistentAppendEntries(1602)) - s2@group-EA982605F2E5: Failed appendEntries as previous log entry ((t:2, i:0)) is not found
2022-11-08 19:12:10,740 [s2-server-thread1] INFO  server.RaftServer$Division (RaftServerImpl.java:checkInconsistentAppendEntries(1572)) - s2@group-EA982605F2E5: inconsistency entries. Reply:s1<-s2#2484:FAIL-t2,INCONSISTENCY,nextIndex=0,followerCommit=0,matchIndex=-1
2022-11-08 19:12:10,741 [grpc-default-executor-0] INFO  leader.FollowerInfo (FollowerInfoImpl.java:lambda$new$0(48)) - s1@group-EA982605F2E5->s2: nextIndex: updateUnconditionally 5 -> 0
2022-11-08 19:12:10,741 [s2-server-thread2] DEBUG server.RaftServer$Division (RaftServerImpl.java:logAppendEntries(1421)) - s2@group-EA982605F2E5: receive appendEntries(s1, 2, null, 4, true, commits:[s1:c4, s0:c4, s2:c0], cId:2485, entries: [(t:2, i:0), CONFIGURATIONENTRY(current:id: "s0"
address: "localhost:34297"
dataStreamAddress: "localhost:43983"
clientAddress: "localhost:39609"
adminAddress: "localhost:37077"
startupRole: FOLLOWER
,id: "s1"
address: "localhost:38917"
dataStreamAddress: "localhost:45719"
clientAddress: "localhost:36975"
adminAddress: "localhost:40635"
startupRole: FOLLOWER
,id: "s2"
address: "localhost:35511"
dataStreamAddress: "localhost:38827"
clientAddress: "localhost:42865"
adminAddress: "localhost:36791"
startupRole: FOLLOWER
, old:), (t:2, i:1), STATEMACHINELOGENTRY, 0@client-2EFB324ADA71, (t:2, i:2), METADATAENTRY(c:1), (t:2, i:3), STATEMACHINELOGENTRY, 999@client-AE8279CAF820, (t:2, i:4), METADATAENTRY(c:3)]
2022-11-08 19:12:10,741 [s2-server-thread2] INFO  server.RaftServer$Division (RaftServerImpl.java:checkInconsistentAppendEntries(1592)) - s2@group-EA982605F2E5: Failed appendEntries as the first entry (index 0) already exists (snapshotIndex: -1, commitIndex: 0)
2022-11-08 19:12:10,741 [s2-server-thread2] INFO  server.RaftServer$Division (RaftServerImpl.java:checkInconsistentAppendEntries(1572)) - s2@group-EA982605F2E5: inconsistency entries. Reply:s1<-s2#2485:FAIL-t2,INCONSISTENCY,nextIndex=1,followerCommit=0,matchIndex=-1
2022-11-08 19:12:10,742 [grpc-default-executor-0] INFO  leader.FollowerInfo (FollowerInfoImpl.java:lambda$new$0(48)) - s1@group-EA982605F2E5->s2: nextIndex: updateUnconditionally 5 -> 1
2022-11-08 19:12:10,742 [s2-server-thread2] DEBUG server.RaftServer$Division (RaftServerImpl.java:logAppendEntries(1421)) - s2@group-EA982605F2E5: receive appendEntries(s1, 2, (t:2, i:0), 4, true, commits:[s1:c4, s0:c4, s2:c0], cId:2486, entries: [(t:2, i:1), STATEMACHINELOGENTRY, 0@client-2EFB324ADA71, (t:2, i:2), METADATAENTRY(c:1), (t:2, i:3), STATEMACHINELOGENTRY, 999@client-AE8279CAF820, (t:2, i:4), METADATAENTRY(c:3)]
2022-11-08 19:12:10,742 [s2-server-thread2] INFO  server.RaftServer$Division (RaftServerImpl.java:checkInconsistentAppendEntries(1602)) - s2@group-EA982605F2E5: Failed appendEntries as previous log entry ((t:2, i:0)) is not found
2022-11-08 19:12:10,742 [s2-server-thread2] INFO  server.RaftServer$Division (RaftServerImpl.java:checkInconsistentAppendEntries(1572)) - s2@group-EA982605F2E5: inconsistency entries. Reply:s1<-s2#2486:FAIL-t2,INCONSISTENCY,nextIndex=0,followerCommit=0,matchIndex=-1
2022-11-08 19:12:10,742 [grpc-default-executor-0] INFO  leader.FollowerInfo (FollowerInfoImpl.java:lambda$new$0(48)) - s1@group-EA982605F2E5->s2: nextIndex: updateUnconditionally 5 -> 0
2022-11-08 19:12:10,743 [s2-server-thread2] DEBUG server.RaftServer$Division (RaftServerImpl.java:logAppendEntries(1421)) - s2@group-EA982605F2E5: receive appendEntries(s1, 2, null, 4, true, commits:[s1:c4, s0:c4, s2:c0], cId:2487, entries: [(t:2, i:0), CONFIGURATIONENTRY(current:id: "s0"
address: "localhost:34297"
dataStreamAddress: "localhost:43983"
clientAddress: "localhost:39609"
adminAddress: "localhost:37077"
startupRole: FOLLOWER
,id: "s1"
address: "localhost:38917"
dataStreamAddress: "localhost:45719"
clientAddress: "localhost:36975"
adminAddress: "localhost:40635"
startupRole: FOLLOWER
,id: "s2"
address: "localhost:35511"
dataStreamAddress: "localhost:38827"
clientAddress: "localhost:42865"
adminAddress: "localhost:36791"
startupRole: FOLLOWER
, old:), (t:2, i:1), STATEMACHINELOGENTRY, 0@client-2EFB324ADA71, (t:2, i:2), METADATAENTRY(c:1), (t:2, i:3), STATEMACHINELOGENTRY, 999@client-AE8279CAF820, (t:2, i:4), METADATAENTRY(c:3)]
2022-11-08 19:12:10,743 [s2-server-thread2] INFO  server.RaftServer$Division (RaftServerImpl.java:checkInconsistentAppendEntries(1592)) - s2@group-EA982605F2E5: Failed appendEntries as the first entry (index 0) already exists (snapshotIndex: -1, commitIndex: 0)
2022-11-08 19:12:10,743 [s2-server-thread2] INFO  server.RaftServer$Division (RaftServerImpl.java:checkInconsistentAppendEntries(1572)) - s2@group-EA982605F2E5: inconsistency entries. Reply:s1<-s2#2487:FAIL-t2,INCONSISTENCY,nextIndex=1,followerCommit=0,matchIndex=-1
2022-11-08 19:12:10,743 [grpc-default-executor-0] INFO  leader.FollowerInfo (FollowerInfoImpl.java:lambda$new$0(48)) - s1@group-EA982605F2E5->s2: nextIndex: updateUnconditionally 5 -> 1
2022-11-08 19:12:10,744 [s2-server-thread2] DEBUG server.RaftServer$Division (RaftServerImpl.java:logAppendEntries(1421)) - s2@group-EA982605F2E5: receive appendEntries(s1, 2, (t:2, i:0), 4, true, commits:[s1:c4, s0:c4, s2:c0], cId:2488, entries: [(t:2, i:1), STATEMACHINELOGENTRY, 0@client-2EFB324ADA71, (t:2, i:2), METADATAENTRY(c:1), (t:2, i:3), STATEMACHINELOGENTRY, 999@client-AE8279CAF820, (t:2, i:4), METADATAENTRY(c:3)]
2022-11-08 19:12:10,744 [s2-server-thread2] INFO  server.RaftServer$Division (RaftServerImpl.java:checkInconsistentAppendEntries(1602)) - s2@group-EA982605F2E5: Failed appendEntries as previous log entry ((t:2, i:0)) is not found
2022-11-08 19:12:10,744 [s2-server-thread2] INFO  server.RaftServer$Division (RaftServerImpl.java:checkInconsistentAppendEntries(1572)) - s2@group-EA982605F2E5: inconsistency entries. Reply:s1<-s2#2488:FAIL-t2,INCONSISTENCY,nextIndex=0,followerCommit=0,matchIndex=-1
2022-11-08 19:12:10,744 [grpc-default-executor-0] INFO  leader.FollowerInfo (FollowerInfoImpl.java:lambda$new$0(48)) - s1@group-EA982605F2E5->s2: nextIndex: updateUnconditionally 5 -> 0
2022-11-08 19:12:10,745 [s2-server-thread2] DEBUG server.RaftServer$Division (RaftServerImpl.java:logAppendEntries(1421)) - s2@group-EA982605F2E5: receive appendEntries(s1, 2, null, 4, true, commits:[s1:c4, s0:c4, s2:c0], cId:2489, entries: [(t:2, i:0), CONFIGURATIONENTRY(current:id: "s0"
address: "localhost:34297"
dataStreamAddress: "localhost:43983"
clientAddress: "localhost:39609"
adminAddress: "localhost:37077"
startupRole: FOLLOWER
,id: "s1"
address: "localhost:38917"
dataStreamAddress: "localhost:45719"
clientAddress: "localhost:36975"
adminAddress: "localhost:40635"
startupRole: FOLLOWER
,id: "s2"
address: "localhost:35511"
dataStreamAddress: "localhost:38827"
clientAddress: "localhost:42865"
adminAddress: "localhost:36791"
startupRole: FOLLOWER
, old:), (t:2, i:1), STATEMACHINELOGENTRY, 0@client-2EFB324ADA71, (t:2, i:2), METADATAENTRY(c:1), (t:2, i:3), STATEMACHINELOGENTRY, 999@client-AE8279CAF820, (t:2, i:4), METADATAENTRY(c:3)]
2022-11-08 19:12:10,745 [s2-server-thread2] INFO  server.RaftServer$Division (RaftServerImpl.java:checkInconsistentAppendEntries(1592)) - s2@group-EA982605F2E5: Failed appendEntries as the first entry (index 0) already exists (snapshotIndex: -1, commitIndex: 0)
2022-11-08 19:12:10,745 [s2-server-thread2] INFO  server.RaftServer$Division (RaftServerImpl.java:checkInconsistentAppendEntries(1572)) - s2@group-EA982605F2E5: inconsistency entries. Reply:s1<-s2#2489:FAIL-t2,INCONSISTENCY,nextIndex=1,followerCommit=0,matchIndex=-1
2022-11-08 19:12:10,745 [grpc-default-executor-0] INFO  leader.FollowerInfo (FollowerInfoImpl.java:lambda$new$0(48)) - s1@group-EA982605F2E5->s2: nextIndex: updateUnconditionally 5 -> 1
2022-11-08 19:12:10,746 [s2-server-thread2] DEBUG server.RaftServer$Division (RaftServerImpl.java:logAppendEntries(1421)) - s2@group-EA982605F2E5: receive appendEntries(s1, 2, (t:2, i:0), 4, true, commits:[s1:c4, s0:c4, s2:c0], cId:2490, entries: [(t:2, i:1), STATEMACHINELOGENTRY, 0@client-2EFB324ADA71, (t:2, i:2), METADATAENTRY(c:1), (t:2, i:3), STATEMACHINELOGENTRY, 999@client-AE8279CAF820, (t:2, i:4), METADATAENTRY(c:3)]
2022-11-08 19:12:10,746 [s2-server-thread2] INFO  server.RaftServer$Division (RaftServerImpl.java:checkInconsistentAppendEntries(1602)) - s2@group-EA982605F2E5: Failed appendEntries as previous log entry ((t:2, i:0)) is not found
2022-11-08 19:12:10,746 [s2-server-thread2] INFO  server.RaftServer$Division (RaftServerImpl.java:checkInconsistentAppendEntries(1572)) - s2@group-EA982605F2E5: inconsistency entries. Reply:s1<-s2#2490:FAIL-t2,INCONSISTENCY,nextIndex=0,followerCommit=0,matchIndex=-1
2022-11-08 19:12:10,746 [grpc-default-executor-0] INFO  leader.FollowerInfo (FollowerInfoImpl.java:lambda$new$0(48)) - s1@group-EA982605F2E5->s2: nextIndex: updateUnconditionally 5 -> 0
2022-11-08 19:12:10,747 [s2-server-thread1] DEBUG server.RaftServer$Division (RaftServerImpl.java:logAppendEntries(1421)) - s2@group-EA982605F2E5: receive appendEntries(s1, 2, null, 4, true, commits:[s1:c4, s0:c4, s2:c0], cId:2491, entries: [(t:2, i:0), CONFIGURATIONENTRY(current:id: "s0"
address: "localhost:34297"
dataStreamAddress: "localhost:43983"
clientAddress: "localhost:39609"
adminAddress: "localhost:37077"
startupRole: FOLLOWER
,id: "s1"
address: "localhost:38917"
dataStreamAddress: "localhost:45719"
clientAddress: "localhost:36975"
adminAddress: "localhost:40635"
startupRole: FOLLOWER
,id: "s2"
address: "localhost:35511"
dataStreamAddress: "localhost:38827"
clientAddress: "localhost:42865"
adminAddress: "localhost:36791"
startupRole: FOLLOWER
, old:), (t:2, i:1), STATEMACHINELOGENTRY, 0@client-2EFB324ADA71, (t:2, i:2), METADATAENTRY(c:1), (t:2, i:3), STATEMACHINELOGENTRY, 999@client-AE8279CAF820, (t:2, i:4), METADATAENTRY(c:3)]
2022-11-08 19:12:10,747 [s2-server-thread1] INFO  server.RaftServer$Division (RaftServerImpl.java:checkInconsistentAppendEntries(1592)) - s2@group-EA982605F2E5: Failed appendEntries as the first entry (index 0) already exists (snapshotIndex: -1, commitIndex: 0)
2022-11-08 19:12:10,747 [s2-server-thread1] INFO  server.RaftServer$Division (RaftServerImpl.java:checkInconsistentAppendEntries(1572)) - s2@group-EA982605F2E5: inconsistency entries. Reply:s1<-s2#2491:FAIL-t2,INCONSISTENCY,nextIndex=1,followerCommit=0,matchIndex=-1
2022-11-08 19:12:10,747 [grpc-default-executor-0] INFO  leader.FollowerInfo (FollowerInfoImpl.java:lambda$new$0(48)) - s1@group-EA982605F2E5->s2: nextIndex: updateUnconditionally 5 -> 1
2022-11-08 19:12:10,748 [s2-server-thread2] DEBUG server.RaftServer$Division (RaftServerImpl.java:logAppendEntries(1421)) - s2@group-EA982605F2E5: receive appendEntries(s1, 2, (t:2, i:0), 4, true, commits:[s1:c4, s0:c4, s2:c0], cId:2492, entries: [(t:2, i:1), STATEMACHINELOGENTRY, 0@client-2EFB324ADA71, (t:2, i:2), METADATAENTRY(c:1), (t:2, i:3), STATEMACHINELOGENTRY, 999@client-AE8279CAF820, (t:2, i:4), METADATAENTRY(c:3)]
2022-11-08 19:12:10,748 [s2-server-thread2] INFO  server.RaftServer$Division (RaftServerImpl.java:checkInconsistentAppendEntries(1602)) - s2@group-EA982605F2E5: Failed appendEntries as previous log entry ((t:2, i:0)) is not found
2022-11-08 19:12:10,748 [s2-server-thread2] INFO  server.RaftServer$Division (RaftServerImpl.java:checkInconsistentAppendEntries(1572)) - s2@group-EA982605F2E5: inconsistency entries. Reply:s1<-s2#2492:FAIL-t2,INCONSISTENCY,nextIndex=0,followerCommit=0,matchIndex=-1
2022-11-08 19:12:10,748 [grpc-default-executor-0] INFO  leader.FollowerInfo (FollowerInfoImpl.java:lambda$new$0(48)) - s1@group-EA982605F2E5->s2: nextIndex: updateUnconditionally 5 -> 0
2022-11-08 19:12:10,748 [s2-server-thread2] DEBUG server.RaftServer$Division (RaftServerImpl.java:logAppendEntries(1421)) - s2@group-EA982605F2E5: receive appendEntries(s1, 2, null, 4, true, commits:[s1:c4, s0:c4, s2:c0], cId:2493, entries: [(t:2, i:0), CONFIGURATIONENTRY(current:id: "s0"
address: "localhost:34297"
dataStreamAddress: "localhost:43983"
clientAddress: "localhost:39609"
adminAddress: "localhost:37077"
startupRole: FOLLOWER
,id: "s1"
address: "localhost:38917"
dataStreamAddress: "localhost:45719"
clientAddress: "localhost:36975"
adminAddress: "localhost:40635"
startupRole: FOLLOWER
,id: "s2"
address: "localhost:35511"
dataStreamAddress: "localhost:38827"
clientAddress: "localhost:42865"
adminAddress: "localhost:36791"
startupRole: FOLLOWER
, old:), (t:2, i:1), STATEMACHINELOGENTRY, 0@client-2EFB324ADA71, (t:2, i:2), METADATAENTRY(c:1), (t:2, i:3), STATEMACHINELOGENTRY, 999@client-AE8279CAF820, (t:2, i:4), METADATAENTRY(c:3)]
2022-11-08 19:12:10,748 [s2-server-thread2] INFO  server.RaftServer$Division (RaftServerImpl.java:checkInconsistentAppendEntries(1592)) - s2@group-EA982605F2E5: Failed appendEntries as the first entry (index 0) already exists (snapshotIndex: -1, commitIndex: 0)
2022-11-08 19:12:10,749 [s2-server-thread2] INFO  server.RaftServer$Division (RaftServerImpl.java:checkInconsistentAppendEntries(1572)) - s2@group-EA982605F2E5: inconsistency entries. Reply:s1<-s2#2493:FAIL-t2,INCONSISTENCY,nextIndex=1,followerCommit=0,matchIndex=-1
2022-11-08 19:12:10,749 [grpc-default-executor-0] INFO  leader.FollowerInfo (FollowerInfoImpl.java:lambda$new$0(48)) - s1@group-EA982605F2E5->s2: nextIndex: updateUnconditionally 5 -> 1
2022-11-08 19:12:10,749 [s2-server-thread1] DEBUG server.RaftServer$Division (RaftServerImpl.java:logAppendEntries(1421)) - s2@group-EA982605F2E5: receive appendEntries(s1, 2, (t:2, i:0), 4, true, commits:[s1:c4, s0:c4, s2:c0], cId:2494, entries: [(t:2, i:1), STATEMACHINELOGENTRY, 0@client-2EFB324ADA71, (t:2, i:2), METADATAENTRY(c:1), (t:2, i:3), STATEMACHINELOGENTRY, 999@client-AE8279CAF820, (t:2, i:4), METADATAENTRY(c:3)]
2022-11-08 19:12:10,749 [s2-server-thread1] INFO  server.RaftServer$Division (RaftServerImpl.java:checkInconsistentAppendEntries(1602)) - s2@group-EA982605F2E5: Failed appendEntries as previous log entry ((t:2, i:0)) is not found
2022-11-08 19:12:10,749 [s2-server-thread1] INFO  server.RaftServer$Division (RaftServerImpl.java:checkInconsistentAppendEntries(1572)) - s2@group-EA982605F2E5: inconsistency entries. Reply:s1<-s2#2494:FAIL-t2,INCONSISTENCY,nextIndex=0,followerCommit=0,matchIndex=-1
2022-11-08 19:12:10,750 [grpc-default-executor-0] INFO  leader.FollowerInfo (FollowerInfoImpl.java:lambda$new$0(48)) - s1@group-EA982605F2E5->s2: nextIndex: updateUnconditionally 5 -> 0
2022-11-08 19:12:10,750 [s2-server-thread2] DEBUG server.RaftServer$Division (RaftServerImpl.java:logAppendEntries(1421)) - s2@group-EA982605F2E5: receive appendEntries(s1, 2, null, 4, true, commits:[s1:c4, s0:c4, s2:c0], cId:2495, entries: [(t:2, i:0), CONFIGURATIONENTRY(current:id: "s0"
address: "localhost:34297"
dataStreamAddress: "localhost:43983"
clientAddress: "localhost:39609"
adminAddress: "localhost:37077"
startupRole: FOLLOWER
,id: "s1"
address: "localhost:38917"
dataStreamAddress: "localhost:45719"
clientAddress: "localhost:36975"
adminAddress: "localhost:40635"
startupRole: FOLLOWER
,id: "s2"
address: "localhost:35511"
dataStreamAddress: "localhost:38827"
clientAddress: "localhost:42865"
adminAddress: "localhost:36791"
startupRole: FOLLOWER
, old:), (t:2, i:1), STATEMACHINELOGENTRY, 0@client-2EFB324ADA71, (t:2, i:2), METADATAENTRY(c:1), (t:2, i:3), STATEMACHINELOGENTRY, 999@client-AE8279CAF820, (t:2, i:4), METADATAENTRY(c:3)]
2022-11-08 19:12:10,750 [s2-server-thread2] INFO  server.RaftServer$Division (RaftServerImpl.java:checkInconsistentAppendEntries(1592)) - s2@group-EA982605F2E5: Failed appendEntries as the first entry (index 0) already exists (snapshotIndex: -1, commitIndex: 0)
2022-11-08 19:12:10,750 [s2-server-thread2] INFO  server.RaftServer$Division (RaftServerImpl.java:checkInconsistentAppendEntries(1572)) - s2@group-EA982605F2E5: inconsistency entries. Reply:s1<-s2#2495:FAIL-t2,INCONSISTENCY,nextIndex=1,followerCommit=0,matchIndex=-1
2022-11-08 19:12:10,750 [grpc-default-executor-0] INFO  leader.FollowerInfo (FollowerInfoImpl.java:lambda$new$0(48)) - s1@group-EA982605F2E5->s2: nextIndex: updateUnconditionally 5 -> 1
2022-11-08 19:12:10,751 [s2-server-thread2] DEBUG server.RaftServer$Division (RaftServerImpl.java:logAppendEntries(1421)) - s2@group-EA982605F2E5: receive appendEntries(s1, 2, (t:2, i:0), 4, true, commits:[s1:c4, s0:c4, s2:c0], cId:2496, entries: [(t:2, i:1), STATEMACHINELOGENTRY, 0@client-2EFB324ADA71, (t:2, i:2), METADATAENTRY(c:1), (t:2, i:3), STATEMACHINELOGENTRY, 999@client-AE8279CAF820, (t:2, i:4), METADATAENTRY(c:3)]
2022-11-08 19:12:10,751 [s2-server-thread2] INFO  server.RaftServer$Division (RaftServerImpl.java:checkInconsistentAppendEntries(1602)) - s2@group-EA982605F2E5: Failed appendEntries as previous log entry ((t:2, i:0)) is not found
2022-11-08 19:12:10,751 [s2-server-thread2] INFO  server.RaftServer$Division (RaftServerImpl.java:checkInconsistentAppendEntries(1572)) - s2@group-EA982605F2E5: inconsistency entries. Reply:s1<-s2#2496:FAIL-t2,INCONSISTENCY,nextIndex=0,followerCommit=0,matchIndex=-1
2022-11-08 19:12:10,751 [grpc-default-executor-0] INFO  leader.FollowerInfo (FollowerInfoImpl.java:lambda$new$0(48)) - s1@group-EA982605F2E5->s2: nextIndex: updateUnconditionally 5 -> 0
2022-11-08 19:12:10,752 [s2-server-thread2] DEBUG server.RaftServer$Division (RaftServerImpl.java:logAppendEntries(1421)) - s2@group-EA982605F2E5: receive appendEntries(s1, 2, null, 4, true, commits:[s1:c4, s0:c4, s2:c0], cId:2497, entries: [(t:2, i:0), CONFIGURATIONENTRY(current:id: "s0"
address: "localhost:34297"
dataStreamAddress: "localhost:43983"
clientAddress: "localhost:39609"
adminAddress: "localhost:37077"
startupRole: FOLLOWER
,id: "s1"
address: "localhost:38917"
dataStreamAddress: "localhost:45719"
clientAddress: "localhost:36975"
adminAddress: "localhost:40635"
startupRole: FOLLOWER
,id: "s2"
address: "localhost:35511"
dataStreamAddress: "localhost:38827"
clientAddress: "localhost:42865"
adminAddress: "localhost:36791"
startupRole: FOLLOWER
, old:), (t:2, i:1), STATEMACHINELOGENTRY, 0@client-2EFB324ADA71, (t:2, i:2), METADATAENTRY(c:1), (t:2, i:3), STATEMACHINELOGENTRY, 999@client-AE8279CAF820, (t:2, i:4), METADATAENTRY(c:3)]
2022-11-08 19:12:10,752 [s2-server-thread2] INFO  server.RaftServer$Division (RaftServerImpl.java:checkInconsistentAppendEntries(1592)) - s2@group-EA982605F2E5: Failed appendEntries as the first entry (index 0) already exists (snapshotIndex: -1, commitIndex: 0)
2022-11-08 19:12:10,752 [s2-server-thread2] INFO  server.RaftServer$Division (RaftServerImpl.java:checkInconsistentAppendEntries(1572)) - s2@group-EA982605F2E5: inconsistency entries. Reply:s1<-s2#2497:FAIL-t2,INCONSISTENCY,nextIndex=1,followerCommit=0,matchIndex=-1
2022-11-08 19:12:10,752 [grpc-default-executor-0] INFO  leader.FollowerInfo (FollowerInfoImpl.java:lambda$new$0(48)) - s1@group-EA982605F2E5->s2: nextIndex: updateUnconditionally 5 -> 1
2022-11-08 19:12:10,753 [s2-server-thread1] DEBUG server.RaftServer$Division (RaftServerImpl.java:logAppendEntries(1421)) - s2@group-EA982605F2E5: receive appendEntries(s1, 2, (t:2, i:0), 4, true, commits:[s1:c4, s0:c4, s2:c0], cId:2498, entries: [(t:2, i:1), STATEMACHINELOGENTRY, 0@client-2EFB324ADA71, (t:2, i:2), METADATAENTRY(c:1), (t:2, i:3), STATEMACHINELOGENTRY, 999@client-AE8279CAF820, (t:2, i:4), METADATAENTRY(c:3)]
2022-11-08 19:12:10,753 [s2-server-thread1] INFO  server.RaftServer$Division (RaftServerImpl.java:checkInconsistentAppendEntries(1602)) - s2@group-EA982605F2E5: Failed appendEntries as previous log entry ((t:2, i:0)) is not found
2022-11-08 19:12:10,753 [s2-server-thread1] INFO  server.RaftServer$Division (RaftServerImpl.java:checkInconsistentAppendEntries(1572)) - s2@group-EA982605F2E5: inconsistency entries. Reply:s1<-s2#2498:FAIL-t2,INCONSISTENCY,nextIndex=0,followerCommit=0,matchIndex=-1
2022-11-08 19:12:10,753 [grpc-default-executor-0] INFO  leader.FollowerInfo (FollowerInfoImpl.java:lambda$new$0(48)) - s1@group-EA982605F2E5->s2: nextIndex: updateUnconditionally 5 -> 0
2022-11-08 19:12:10,754 [s2-server-thread2] DEBUG server.RaftServer$Division (RaftServerImpl.java:logAppendEntries(1421)) - s2@group-EA982605F2E5: receive appendEntries(s1, 2, null, 4, true, commits:[s1:c4, s0:c4, s2:c0], cId:2499, entries: [(t:2, i:0), CONFIGURATIONENTRY(current:id: "s0"
address: "localhost:34297"
dataStreamAddress: "localhost:43983"
clientAddress: "localhost:39609"
adminAddress: "localhost:37077"
startupRole: FOLLOWER
,id: "s1"
address: "localhost:38917"
dataStreamAddress: "localhost:45719"
clientAddress: "localhost:36975"
adminAddress: "localhost:40635"
startupRole: FOLLOWER
,id: "s2"
address: "localhost:35511"
dataStreamAddress: "localhost:38827"
clientAddress: "localhost:42865"
adminAddress: "localhost:36791"
startupRole: FOLLOWER
, old:), (t:2, i:1), STATEMACHINELOGENTRY, 0@client-2EFB324ADA71, (t:2, i:2), METADATAENTRY(c:1), (t:2, i:3), STATEMACHINELOGENTRY, 999@client-AE8279CAF820, (t:2, i:4), METADATAENTRY(c:3)]
2022-11-08 19:12:10,754 [s2-server-thread2] INFO  server.RaftServer$Division (RaftServerImpl.java:checkInconsistentAppendEntries(1592)) - s2@group-EA982605F2E5: Failed appendEntries as the first entry (index 0) already exists (snapshotIndex: -1, commitIndex: 0)
2022-11-08 19:12:10,754 [s2-server-thread2] INFO  server.RaftServer$Division (RaftServerImpl.java:checkInconsistentAppendEntries(1572)) - s2@group-EA982605F2E5: inconsistency entries. Reply:s1<-s2#2499:FAIL-t2,INCONSISTENCY,nextIndex=1,followerCommit=0,matchIndex=-1
2022-11-08 19:12:10,754 [grpc-default-executor-0] INFO  leader.FollowerInfo (FollowerInfoImpl.java:lambda$new$0(48)) - s1@group-EA982605F2E5->s2: nextIndex: updateUnconditionally 5 -> 1
2022-11-08 19:12:10,755 [s2-server-thread2] DEBUG server.RaftServer$Division (RaftServerImpl.java:logAppendEntries(1421)) - s2@group-EA982605F2E5: receive appendEntries(s1, 2, (t:2, i:0), 4, true, commits:[s1:c4, s0:c4, s2:c0], cId:2500, entries: [(t:2, i:1), STATEMACHINELOGENTRY, 0@client-2EFB324ADA71, (t:2, i:2), METADATAENTRY(c:1), (t:2, i:3), STATEMACHINELOGENTRY, 999@client-AE8279CAF820, (t:2, i:4), METADATAENTRY(c:3)]
2022-11-08 19:12:10,755 [s2-server-thread2] INFO  server.RaftServer$Division (RaftServerImpl.java:checkInconsistentAppendEntries(1602)) - s2@group-EA982605F2E5: Failed appendEntries as previous log entry ((t:2, i:0)) is not found
2022-11-08 19:12:10,755 [s2-server-thread2] INFO  server.RaftServer$Division (RaftServerImpl.java:checkInconsistentAppendEntries(1572)) - s2@group-EA982605F2E5: inconsistency entries. Reply:s1<-s2#2500:FAIL-t2,INCONSISTENCY,nextIndex=0,followerCommit=0,matchIndex=-1
2022-11-08 19:12:10,755 [grpc-default-executor-0] INFO  leader.FollowerInfo (FollowerInfoImpl.java:lambda$new$0(48)) - s1@group-EA982605F2E5->s2: nextIndex: updateUnconditionally 5 -> 0
2022-11-08 19:12:10,756 [s2-server-thread1] DEBUG server.RaftServer$Division (RaftServerImpl.java:logAppendEntries(1421)) - s2@group-EA982605F2E5: receive appendEntries(s1, 2, null, 4, true, commits:[s1:c4, s0:c4, s2:c0], cId:2501, entries: [(t:2, i:0), CONFIGURATIONENTRY(current:id: "s0"
address: "localhost:34297"
dataStreamAddress: "localhost:43983"
clientAddress: "localhost:39609"
adminAddress: "localhost:37077"
startupRole: FOLLOWER
,id: "s1"
address: "localhost:38917"
dataStreamAddress: "localhost:45719"
clientAddress: "localhost:36975"
adminAddress: "localhost:40635"
startupRole: FOLLOWER
,id: "s2"
address: "localhost:35511"
dataStreamAddress: "localhost:38827"
clientAddress: "localhost:42865"
adminAddress: "localhost:36791"
startupRole: FOLLOWER
, old:), (t:2, i:1), STATEMACHINELOGENTRY, 0@client-2EFB324ADA71, (t:2, i:2), METADATAENTRY(c:1), (t:2, i:3), STATEMACHINELOGENTRY, 999@client-AE8279CAF820, (t:2, i:4), METADATAENTRY(c:3)]
2022-11-08 19:12:10,756 [s2-server-thread1] INFO  server.RaftServer$Division (RaftServerImpl.java:checkInconsistentAppendEntries(1592)) - s2@group-EA982605F2E5: Failed appendEntries as the first entry (index 0) already exists (snapshotIndex: -1, commitIndex: 0)
2022-11-08 19:12:10,756 [s2-server-thread1] INFO  server.RaftServer$Division (RaftServerImpl.java:checkInconsistentAppendEntries(1572)) - s2@group-EA982605F2E5: inconsistency entries. Reply:s1<-s2#2501:FAIL-t2,INCONSISTENCY,nextIndex=1,followerCommit=0,matchIndex=-1
2022-11-08 19:12:10,756 [grpc-default-executor-0] INFO  leader.FollowerInfo (FollowerInfoImpl.java:lambda$new$0(48)) - s1@group-EA982605F2E5->s2: nextIndex: updateUnconditionally 5 -> 1
2022-11-08 19:12:10,757 [s2-server-thread2] DEBUG server.RaftServer$Division (RaftServerImpl.java:logAppendEntries(1421)) - s2@group-EA982605F2E5: receive appendEntries(s1, 2, (t:2, i:0), 4, true, commits:[s1:c4, s0:c4, s2:c0], cId:2502, entries: [(t:2, i:1), STATEMACHINELOGENTRY, 0@client-2EFB324ADA71, (t:2, i:2), METADATAENTRY(c:1), (t:2, i:3), STATEMACHINELOGENTRY, 999@client-AE8279CAF820, (t:2, i:4), METADATAENTRY(c:3)]
2022-11-08 19:12:10,757 [s2-server-thread2] INFO  server.RaftServer$Division (RaftServerImpl.java:checkInconsistentAppendEntries(1602)) - s2@group-EA982605F2E5: Failed appendEntries as previous log entry ((t:2, i:0)) is not found
2022-11-08 19:12:10,757 [s2-server-thread2] INFO  server.RaftServer$Division (RaftServerImpl.java:checkInconsistentAppendEntries(1572)) - s2@group-EA982605F2E5: inconsistency entries. Reply:s1<-s2#2502:FAIL-t2,INCONSISTENCY,nextIndex=0,followerCommit=0,matchIndex=-1
2022-11-08 19:12:10,757 [grpc-default-executor-0] INFO  leader.FollowerInfo (FollowerInfoImpl.java:lambda$new$0(48)) - s1@group-EA982605F2E5->s2: nextIndex: updateUnconditionally 5 -> 0
2022-11-08 19:12:10,757 [s2-server-thread2] DEBUG server.RaftServer$Division (RaftServerImpl.java:logAppendEntries(1421)) - s2@group-EA982605F2E5: receive appendEntries(s1, 2, null, 4, true, commits:[s1:c4, s0:c4, s2:c0], cId:2503, entries: [(t:2, i:0), CONFIGURATIONENTRY(current:id: "s0"
address: "localhost:34297"
dataStreamAddress: "localhost:43983"
clientAddress: "localhost:39609"
adminAddress: "localhost:37077"
startupRole: FOLLOWER
,id: "s1"
address: "localhost:38917"
dataStreamAddress: "localhost:45719"
clientAddress: "localhost:36975"
adminAddress: "localhost:40635"
startupRole: FOLLOWER
,id: "s2"
address: "localhost:35511"
dataStreamAddress: "localhost:38827"
clientAddress: "localhost:42865"
adminAddress: "localhost:36791"
startupRole: FOLLOWER
, old:), (t:2, i:1), STATEMACHINELOGENTRY, 0@client-2EFB324ADA71, (t:2, i:2), METADATAENTRY(c:1), (t:2, i:3), STATEMACHINELOGENTRY, 999@client-AE8279CAF820, (t:2, i:4), METADATAENTRY(c:3)]
2022-11-08 19:12:10,758 [s2-server-thread2] INFO  server.RaftServer$Division (RaftServerImpl.java:checkInconsistentAppendEntries(1592)) - s2@group-EA982605F2E5: Failed appendEntries as the first entry (index 0) already exists (snapshotIndex: -1, commitIndex: 0)
2022-11-08 19:12:10,758 [s2-server-thread2] INFO  server.RaftServer$Division (RaftServerImpl.java:checkInconsistentAppendEntries(1572)) - s2@group-EA982605F2E5: inconsistency entries. Reply:s1<-s2#2503:FAIL-t2,INCONSISTENCY,nextIndex=1,followerCommit=0,matchIndex=-1
2022-11-08 19:12:10,758 [grpc-default-executor-0] INFO  leader.FollowerInfo (FollowerInfoImpl.java:lambda$new$0(48)) - s1@group-EA982605F2E5->s2: nextIndex: updateUnconditionally 5 -> 1
2022-11-08 19:12:10,758 [s2-server-thread1] DEBUG server.RaftServer$Division (RaftServerImpl.java:logAppendEntries(1421)) - s2@group-EA982605F2E5: receive appendEntries(s1, 2, (t:2, i:0), 4, true, commits:[s1:c4, s0:c4, s2:c0], cId:2504, entries: [(t:2, i:1), STATEMACHINELOGENTRY, 0@client-2EFB324ADA71, (t:2, i:2), METADATAENTRY(c:1), (t:2, i:3), STATEMACHINELOGENTRY, 999@client-AE8279CAF820, (t:2, i:4), METADATAENTRY(c:3)]
2022-11-08 19:12:10,758 [s2-server-thread1] INFO  server.RaftServer$Division (RaftServerImpl.java:checkInconsistentAppendEntries(1602)) - s2@group-EA982605F2E5: Failed appendEntries as previous log entry ((t:2, i:0)) is not found
2022-11-08 19:12:10,758 [s2-server-thread1] INFO  server.RaftServer$Division (RaftServerImpl.java:checkInconsistentAppendEntries(1572)) - s2@group-EA982605F2E5: inconsistency entries. Reply:s1<-s2#2504:FAIL-t2,INCONSISTENCY,nextIndex=0,followerCommit=0,matchIndex=-1
2022-11-08 19:12:10,759 [grpc-default-executor-0] INFO  leader.FollowerInfo (FollowerInfoImpl.java:lambda$new$0(48)) - s1@group-EA982605F2E5->s2: nextIndex: updateUnconditionally 5 -> 0
2022-11-08 19:12:10,759 [s2-server-thread2] DEBUG server.RaftServer$Division (RaftServerImpl.java:logAppendEntries(1421)) - s2@group-EA982605F2E5: receive appendEntries(s1, 2, null, 4, true, commits:[s1:c4, s0:c4, s2:c0], cId:2505, entries: [(t:2, i:0), CONFIGURATIONENTRY(current:id: "s0"
address: "localhost:34297"
dataStreamAddress: "localhost:43983"
clientAddress: "localhost:39609"
adminAddress: "localhost:37077"
startupRole: FOLLOWER
,id: "s1"
address: "localhost:38917"
dataStreamAddress: "localhost:45719"
clientAddress: "localhost:36975"
adminAddress: "localhost:40635"
startupRole: FOLLOWER
,id: "s2"
address: "localhost:35511"
dataStreamAddress: "localhost:38827"
clientAddress: "localhost:42865"
adminAddress: "localhost:36791"
startupRole: FOLLOWER
, old:), (t:2, i:1), STATEMACHINELOGENTRY, 0@client-2EFB324ADA71, (t:2, i:2), METADATAENTRY(c:1), (t:2, i:3), STATEMACHINELOGENTRY, 999@client-AE8279CAF820, (t:2, i:4), METADATAENTRY(c:3)]
2022-11-08 19:12:10,759 [s2-server-thread2] INFO  server.RaftServer$Division (RaftServerImpl.java:checkInconsistentAppendEntries(1592)) - s2@group-EA982605F2E5: Failed appendEntries as the first entry (index 0) already exists (snapshotIndex: -1, commitIndex: 0)
2022-11-08 19:12:10,759 [s2-server-thread2] INFO  server.RaftServer$Division (RaftServerImpl.java:checkInconsistentAppendEntries(1572)) - s2@group-EA982605F2E5: inconsistency entries. Reply:s1<-s2#2505:FAIL-t2,INCONSISTENCY,nextIndex=1,followerCommit=0,matchIndex=-1
2022-11-08 19:12:10,760 [grpc-default-executor-0] INFO  leader.FollowerInfo (FollowerInfoImpl.java:lambda$new$0(48)) - s1@group-EA982605F2E5->s2: nextIndex: updateUnconditionally 5 -> 1
2022-11-08 19:12:10,760 [s2-server-thread2] DEBUG server.RaftServer$Division (RaftServerImpl.java:logAppendEntries(1421)) - s2@group-EA982605F2E5: receive appendEntries(s1, 2, (t:2, i:0), 4, true, commits:[s1:c4, s0:c4, s2:c0], cId:2506, entries: [(t:2, i:1), STATEMACHINELOGENTRY, 0@client-2EFB324ADA71, (t:2, i:2), METADATAENTRY(c:1), (t:2, i:3), STATEMACHINELOGENTRY, 999@client-AE8279CAF820, (t:2, i:4), METADATAENTRY(c:3)]
2022-11-08 19:12:10,760 [s2-server-thread2] INFO  server.RaftServer$Division (RaftServerImpl.java:checkInconsistentAppendEntries(1602)) - s2@group-EA982605F2E5: Failed appendEntries as previous log entry ((t:2, i:0)) is not found
2022-11-08 19:12:10,760 [s2-server-thread2] INFO  server.RaftServer$Division (RaftServerImpl.java:checkInconsistentAppendEntries(1572)) - s2@group-EA982605F2E5: inconsistency entries. Reply:s1<-s2#2506:FAIL-t2,INCONSISTENCY,nextIndex=0,followerCommit=0,matchIndex=-1
2022-11-08 19:12:10,760 [grpc-default-executor-0] INFO  leader.FollowerInfo (FollowerInfoImpl.java:lambda$new$0(48)) - s1@group-EA982605F2E5->s2: nextIndex: updateUnconditionally 5 -> 0
2022-11-08 19:12:10,761 [s2-server-thread1] DEBUG server.RaftServer$Division (RaftServerImpl.java:logAppendEntries(1421)) - s2@group-EA982605F2E5: receive appendEntries(s1, 2, null, 4, true, commits:[s1:c4, s0:c4, s2:c0], cId:2507, entries: [(t:2, i:0), CONFIGURATIONENTRY(current:id: "s0"
address: "localhost:34297"
dataStreamAddress: "localhost:43983"
clientAddress: "localhost:39609"
adminAddress: "localhost:37077"
startupRole: FOLLOWER
,id: "s1"
address: "localhost:38917"
dataStreamAddress: "localhost:45719"
clientAddress: "localhost:36975"
adminAddress: "localhost:40635"
startupRole: FOLLOWER
,id: "s2"
address: "localhost:35511"
dataStreamAddress: "localhost:38827"
clientAddress: "localhost:42865"
adminAddress: "localhost:36791"
startupRole: FOLLOWER
, old:), (t:2, i:1), STATEMACHINELOGENTRY, 0@client-2EFB324ADA71, (t:2, i:2), METADATAENTRY(c:1), (t:2, i:3), STATEMACHINELOGENTRY, 999@client-AE8279CAF820, (t:2, i:4), METADATAENTRY(c:3)]
2022-11-08 19:12:10,761 [s2-server-thread1] INFO  server.RaftServer$Division (RaftServerImpl.java:checkInconsistentAppendEntries(1592)) - s2@group-EA982605F2E5: Failed appendEntries as the first entry (index 0) already exists (snapshotIndex: -1, commitIndex: 0)
2022-11-08 19:12:10,761 [s2-server-thread1] INFO  server.RaftServer$Division (RaftServerImpl.java:checkInconsistentAppendEntries(1572)) - s2@group-EA982605F2E5: inconsistency entries. Reply:s1<-s2#2507:FAIL-t2,INCONSISTENCY,nextIndex=1,followerCommit=0,matchIndex=-1
2022-11-08 19:12:10,761 [grpc-default-executor-0] INFO  leader.FollowerInfo (FollowerInfoImpl.java:lambda$new$0(48)) - s1@group-EA982605F2E5->s2: nextIndex: updateUnconditionally 5 -> 1
2022-11-08 19:12:10,762 [s2-server-thread2] DEBUG server.RaftServer$Division (RaftServerImpl.java:logAppendEntries(1421)) - s2@group-EA982605F2E5: receive appendEntries(s1, 2, (t:2, i:0), 4, true, commits:[s1:c4, s0:c4, s2:c0], cId:2508, entries: [(t:2, i:1), STATEMACHINELOGENTRY, 0@client-2EFB324ADA71, (t:2, i:2), METADATAENTRY(c:1), (t:2, i:3), STATEMACHINELOGENTRY, 999@client-AE8279CAF820, (t:2, i:4), METADATAENTRY(c:3)]
2022-11-08 19:12:10,762 [s2-server-thread2] INFO  server.RaftServer$Division (RaftServerImpl.java:checkInconsistentAppendEntries(1602)) - s2@group-EA982605F2E5: Failed appendEntries as previous log entry ((t:2, i:0)) is not found
2022-11-08 19:12:10,762 [s2-server-thread2] INFO  server.RaftServer$Division (RaftServerImpl.java:checkInconsistentAppendEntries(1572)) - s2@group-EA982605F2E5: inconsistency entries. Reply:s1<-s2#2508:FAIL-t2,INCONSISTENCY,nextIndex=0,followerCommit=0,matchIndex=-1
2022-11-08 19:12:10,762 [grpc-default-executor-0] INFO  leader.FollowerInfo (FollowerInfoImpl.java:lambda$new$0(48)) - s1@group-EA982605F2E5->s2: nextIndex: updateUnconditionally 5 -> 0
2022-11-08 19:12:10,763 [s2-server-thread2] DEBUG server.RaftServer$Division (RaftServerImpl.java:logAppendEntries(1421)) - s2@group-EA982605F2E5: receive appendEntries(s1, 2, null, 4, true, commits:[s1:c4, s0:c4, s2:c0], cId:2509, entries: [(t:2, i:0), CONFIGURATIONENTRY(current:id: "s0"
address: "localhost:34297"
dataStreamAddress: "localhost:43983"
clientAddress: "localhost:39609"
adminAddress: "localhost:37077"
startupRole: FOLLOWER
,id: "s1"
address: "localhost:38917"
dataStreamAddress: "localhost:45719"
clientAddress: "localhost:36975"
adminAddress: "localhost:40635"
startupRole: FOLLOWER
,id: "s2"
address: "localhost:35511"
dataStreamAddress: "localhost:38827"
clientAddress: "localhost:42865"
adminAddress: "localhost:36791"
startupRole: FOLLOWER
, old:), (t:2, i:1), STATEMACHINELOGENTRY, 0@client-2EFB324ADA71, (t:2, i:2), METADATAENTRY(c:1), (t:2, i:3), STATEMACHINELOGENTRY, 999@client-AE8279CAF820, (t:2, i:4), METADATAENTRY(c:3)]
2022-11-08 19:12:10,763 [s2-server-thread2] INFO  server.RaftServer$Division (RaftServerImpl.java:checkInconsistentAppendEntries(1592)) - s2@group-EA982605F2E5: Failed appendEntries as the first entry (index 0) already exists (snapshotIndex: -1, commitIndex: 0)
2022-11-08 19:12:10,763 [s2-server-thread2] INFO  server.RaftServer$Division (RaftServerImpl.java:checkInconsistentAppendEntries(1572)) - s2@group-EA982605F2E5: inconsistency entries. Reply:s1<-s2#2509:FAIL-t2,INCONSISTENCY,nextIndex=1,followerCommit=0,matchIndex=-1
2022-11-08 19:12:10,763 [grpc-default-executor-0] INFO  leader.FollowerInfo (FollowerInfoImpl.java:lambda$new$0(48)) - s1@group-EA982605F2E5->s2: nextIndex: updateUnconditionally 5 -> 1
2022-11-08 19:12:10,764 [s2-server-thread2] DEBUG server.RaftServer$Division (RaftServerImpl.java:logAppendEntries(1421)) - s2@group-EA982605F2E5: receive appendEntries(s1, 2, (t:2, i:0), 4, true, commits:[s1:c4, s0:c4, s2:c0], cId:2510, entries: [(t:2, i:1), STATEMACHINELOGENTRY, 0@client-2EFB324ADA71, (t:2, i:2), METADATAENTRY(c:1), (t:2, i:3), STATEMACHINELOGENTRY, 999@client-AE8279CAF820, (t:2, i:4), METADATAENTRY(c:3)]
2022-11-08 19:12:10,764 [s2-server-thread2] INFO  server.RaftServer$Division (RaftServerImpl.java:checkInconsistentAppendEntries(1602)) - s2@group-EA982605F2E5: Failed appendEntries as previous log entry ((t:2, i:0)) is not found
2022-11-08 19:12:10,764 [s2-server-thread2] INFO  server.RaftServer$Division (RaftServerImpl.java:checkInconsistentAppendEntries(1572)) - s2@group-EA982605F2E5: inconsistency entries. Reply:s1<-s2#2510:FAIL-t2,INCONSISTENCY,nextIndex=0,followerCommit=0,matchIndex=-1
2022-11-08 19:12:10,764 [grpc-default-executor-0] INFO  leader.FollowerInfo (FollowerInfoImpl.java:lambda$new$0(48)) - s1@group-EA982605F2E5->s2: nextIndex: updateUnconditionally 5 -> 0
2022-11-08 19:12:10,764 [s2-server-thread2] DEBUG server.RaftServer$Division (RaftServerImpl.java:logAppendEntries(1421)) - s2@group-EA982605F2E5: receive appendEntries(s1, 2, null, 4, true, commits:[s1:c4, s0:c4, s2:c0], cId:2511, entries: [(t:2, i:0), CONFIGURATIONENTRY(current:id: "s0"
address: "localhost:34297"
dataStreamAddress: "localhost:43983"
clientAddress: "localhost:39609"
adminAddress: "localhost:37077"
startupRole: FOLLOWER
,id: "s1"
address: "localhost:38917"
dataStreamAddress: "localhost:45719"
clientAddress: "localhost:36975"
adminAddress: "localhost:40635"
startupRole: FOLLOWER
,id: "s2"
address: "localhost:35511"
dataStreamAddress: "localhost:38827"
clientAddress: "localhost:42865"
adminAddress: "localhost:36791"
startupRole: FOLLOWER
, old:), (t:2, i:1), STATEMACHINELOGENTRY, 0@client-2EFB324ADA71, (t:2, i:2), METADATAENTRY(c:1), (t:2, i:3), STATEMACHINELOGENTRY, 999@client-AE8279CAF820, (t:2, i:4), METADATAENTRY(c:3)]
2022-11-08 19:12:10,765 [s2-server-thread2] INFO  server.RaftServer$Division (RaftServerImpl.java:checkInconsistentAppendEntries(1592)) - s2@group-EA982605F2E5: Failed appendEntries as the first entry (index 0) already exists (snapshotIndex: -1, commitIndex: 0)
2022-11-08 19:12:10,765 [s2-server-thread2] INFO  server.RaftServer$Division (RaftServerImpl.java:checkInconsistentAppendEntries(1572)) - s2@group-EA982605F2E5: inconsistency entries. Reply:s1<-s2#2511:FAIL-t2,INCONSISTENCY,nextIndex=1,followerCommit=0,matchIndex=-1
2022-11-08 19:12:10,765 [grpc-default-executor-0] INFO  leader.FollowerInfo (FollowerInfoImpl.java:lambda$new$0(48)) - s1@group-EA982605F2E5->s2: nextIndex: updateUnconditionally 5 -> 1
2022-11-08 19:12:10,765 [s2-server-thread1] DEBUG server.RaftServer$Division (RaftServerImpl.java:logAppendEntries(1421)) - s2@group-EA982605F2E5: receive appendEntries(s1, 2, (t:2, i:0), 4, true, commits:[s1:c4, s0:c4, s2:c0], cId:2512, entries: [(t:2, i:1), STATEMACHINELOGENTRY, 0@client-2EFB324ADA71, (t:2, i:2), METADATAENTRY(c:1), (t:2, i:3), STATEMACHINELOGENTRY, 999@client-AE8279CAF820, (t:2, i:4), METADATAENTRY(c:3)]
2022-11-08 19:12:10,765 [s2-server-thread1] INFO  server.RaftServer$Division (RaftServerImpl.java:checkInconsistentAppendEntries(1602)) - s2@group-EA982605F2E5: Failed appendEntries as previous log entry ((t:2, i:0)) is not found
2022-11-08 19:12:10,765 [s2-server-thread1] INFO  server.RaftServer$Division (RaftServerImpl.java:checkInconsistentAppendEntries(1572)) - s2@group-EA982605F2E5: inconsistency entries. Reply:s1<-s2#2512:FAIL-t2,INCONSISTENCY,nextIndex=0,followerCommit=0,matchIndex=-1
2022-11-08 19:12:10,766 [grpc-default-executor-0] INFO  leader.FollowerInfo (FollowerInfoImpl.java:lambda$new$0(48)) - s1@group-EA982605F2E5->s2: nextIndex: updateUnconditionally 5 -> 0
2022-11-08 19:12:10,766 [s2-server-thread2] DEBUG server.RaftServer$Division (RaftServerImpl.java:logAppendEntries(1421)) - s2@group-EA982605F2E5: receive appendEntries(s1, 2, null, 4, true, commits:[s1:c4, s0:c4, s2:c0], cId:2513, entries: [(t:2, i:0), CONFIGURATIONENTRY(current:id: "s0"
address: "localhost:34297"
dataStreamAddress: "localhost:43983"
clientAddress: "localhost:39609"
adminAddress: "localhost:37077"
startupRole: FOLLOWER
,id: "s1"
address: "localhost:38917"
dataStreamAddress: "localhost:45719"
clientAddress: "localhost:36975"
adminAddress: "localhost:40635"
startupRole: FOLLOWER
,id: "s2"
address: "localhost:35511"
dataStreamAddress: "localhost:38827"
clientAddress: "localhost:42865"
adminAddress: "localhost:36791"
startupRole: FOLLOWER
, old:), (t:2, i:1), STATEMACHINELOGENTRY, 0@client-2EFB324ADA71, (t:2, i:2), METADATAENTRY(c:1), (t:2, i:3), STATEMACHINELOGENTRY, 999@client-AE8279CAF820, (t:2, i:4), METADATAENTRY(c:3)]
2022-11-08 19:12:10,766 [s2-server-thread2] INFO  server.RaftServer$Division (RaftServerImpl.java:checkInconsistentAppendEntries(1592)) - s2@group-EA982605F2E5: Failed appendEntries as the first entry (index 0) already exists (snapshotIndex: -1, commitIndex: 0)
2022-11-08 19:12:10,766 [s2-server-thread2] INFO  server.RaftServer$Division (RaftServerImpl.java:checkInconsistentAppendEntries(1572)) - s2@group-EA982605F2E5: inconsistency entries. Reply:s1<-s2#2513:FAIL-t2,INCONSISTENCY,nextIndex=1,followerCommit=0,matchIndex=-1
2022-11-08 19:12:10,767 [grpc-default-executor-0] INFO  leader.FollowerInfo (FollowerInfoImpl.java:lambda$new$0(48)) - s1@group-EA982605F2E5->s2: nextIndex: updateUnconditionally 5 -> 1
2022-11-08 19:12:10,767 [s2-server-thread2] DEBUG server.RaftServer$Division (RaftServerImpl.java:logAppendEntries(1421)) - s2@group-EA982605F2E5: receive appendEntries(s1, 2, (t:2, i:0), 4, true, commits:[s1:c4, s0:c4, s2:c0], cId:2514, entries: [(t:2, i:1), STATEMACHINELOGENTRY, 0@client-2EFB324ADA71, (t:2, i:2), METADATAENTRY(c:1), (t:2, i:3), STATEMACHINELOGENTRY, 999@client-AE8279CAF820, (t:2, i:4), METADATAENTRY(c:3)]
2022-11-08 19:12:10,767 [s2-server-thread2] INFO  server.RaftServer$Division (RaftServerImpl.java:checkInconsistentAppendEntries(1602)) - s2@group-EA982605F2E5: Failed appendEntries as previous log entry ((t:2, i:0)) is not found
2022-11-08 19:12:10,767 [s2-server-thread2] INFO  server.RaftServer$Division (RaftServerImpl.java:checkInconsistentAppendEntries(1572)) - s2@group-EA982605F2E5: inconsistency entries. Reply:s1<-s2#2514:FAIL-t2,INCONSISTENCY,nextIndex=0,followerCommit=0,matchIndex=-1
2022-11-08 19:12:10,767 [grpc-default-executor-0] INFO  leader.FollowerInfo (FollowerInfoImpl.java:lambda$new$0(48)) - s1@group-EA982605F2E5->s2: nextIndex: updateUnconditionally 5 -> 0
2022-11-08 19:12:10,768 [s2-server-thread1] DEBUG server.RaftServer$Division (RaftServerImpl.java:logAppendEntries(1421)) - s2@group-EA982605F2E5: receive appendEntries(s1, 2, null, 4, true, commits:[s1:c4, s0:c4, s2:c0], cId:2515, entries: [(t:2, i:0), CONFIGURATIONENTRY(current:id: "s0"
address: "localhost:34297"
dataStreamAddress: "localhost:43983"
clientAddress: "localhost:39609"
adminAddress: "localhost:37077"
startupRole: FOLLOWER
,id: "s1"
address: "localhost:38917"
dataStreamAddress: "localhost:45719"
clientAddress: "localhost:36975"
adminAddress: "localhost:40635"
startupRole: FOLLOWER
,id: "s2"
address: "localhost:35511"
dataStreamAddress: "localhost:38827"
clientAddress: "localhost:42865"
adminAddress: "localhost:36791"
startupRole: FOLLOWER
, old:), (t:2, i:1), STATEMACHINELOGENTRY, 0@client-2EFB324ADA71, (t:2, i:2), METADATAENTRY(c:1), (t:2, i:3), STATEMACHINELOGENTRY, 999@client-AE8279CAF820, (t:2, i:4), METADATAENTRY(c:3)]
2022-11-08 19:12:10,768 [s2-server-thread1] INFO  server.RaftServer$Division (RaftServerImpl.java:checkInconsistentAppendEntries(1592)) - s2@group-EA982605F2E5: Failed appendEntries as the first entry (index 0) already exists (snapshotIndex: -1, commitIndex: 0)
2022-11-08 19:12:10,768 [s2-server-thread1] INFO  server.RaftServer$Division (RaftServerImpl.java:checkInconsistentAppendEntries(1572)) - s2@group-EA982605F2E5: inconsistency entries. Reply:s1<-s2#2515:FAIL-t2,INCONSISTENCY,nextIndex=1,followerCommit=0,matchIndex=-1
2022-11-08 19:12:10,768 [grpc-default-executor-0] INFO  leader.FollowerInfo (FollowerInfoImpl.java:lambda$new$0(48)) - s1@group-EA982605F2E5->s2: nextIndex: updateUnconditionally 5 -> 1
2022-11-08 19:12:10,769 [s2-server-thread2] DEBUG server.RaftServer$Division (RaftServerImpl.java:logAppendEntries(1421)) - s2@group-EA982605F2E5: receive appendEntries(s1, 2, (t:2, i:0), 4, true, commits:[s1:c4, s0:c4, s2:c0], cId:2516, entries: [(t:2, i:1), STATEMACHINELOGENTRY, 0@client-2EFB324ADA71, (t:2, i:2), METADATAENTRY(c:1), (t:2, i:3), STATEMACHINELOGENTRY, 999@client-AE8279CAF820, (t:2, i:4), METADATAENTRY(c:3)]
2022-11-08 19:12:10,769 [s2-server-thread2] INFO  server.RaftServer$Division (RaftServerImpl.java:checkInconsistentAppendEntries(1602)) - s2@group-EA982605F2E5: Failed appendEntries as previous log entry ((t:2, i:0)) is not found
2022-11-08 19:12:10,769 [s2-server-thread2] INFO  server.RaftServer$Division (RaftServerImpl.java:checkInconsistentAppendEntries(1572)) - s2@group-EA982605F2E5: inconsistency entries. Reply:s1<-s2#2516:FAIL-t2,INCONSISTENCY,nextIndex=0,followerCommit=0,matchIndex=-1
2022-11-08 19:12:10,769 [grpc-default-executor-0] INFO  leader.FollowerInfo (FollowerInfoImpl.java:lambda$new$0(48)) - s1@group-EA982605F2E5->s2: nextIndex: updateUnconditionally 5 -> 0
2022-11-08 19:12:10,770 [s2-server-thread2] DEBUG server.RaftServer$Division (RaftServerImpl.java:logAppendEntries(1421)) - s2@group-EA982605F2E5: receive appendEntries(s1, 2, null, 4, true, commits:[s1:c4, s0:c4, s2:c0], cId:2517, entries: [(t:2, i:0), CONFIGURATIONENTRY(current:id: "s0"
address: "localhost:34297"
dataStreamAddress: "localhost:43983"
clientAddress: "localhost:39609"
adminAddress: "localhost:37077"
startupRole: FOLLOWER
,id: "s1"
address: "localhost:38917"
dataStreamAddress: "localhost:45719"
clientAddress: "localhost:36975"
adminAddress: "localhost:40635"
startupRole: FOLLOWER
,id: "s2"
address: "localhost:35511"
dataStreamAddress: "localhost:38827"
clientAddress: "localhost:42865"
adminAddress: "localhost:36791"
startupRole: FOLLOWER
, old:), (t:2, i:1), STATEMACHINELOGENTRY, 0@client-2EFB324ADA71, (t:2, i:2), METADATAENTRY(c:1), (t:2, i:3), STATEMACHINELOGENTRY, 999@client-AE8279CAF820, (t:2, i:4), METADATAENTRY(c:3)]
2022-11-08 19:12:10,770 [s2-server-thread2] INFO  server.RaftServer$Division (RaftServerImpl.java:checkInconsistentAppendEntries(1592)) - s2@group-EA982605F2E5: Failed appendEntries as the first entry (index 0) already exists (snapshotIndex: -1, commitIndex: 0)
2022-11-08 19:12:10,770 [s2-server-thread2] INFO  server.RaftServer$Division (RaftServerImpl.java:checkInconsistentAppendEntries(1572)) - s2@group-EA982605F2E5: inconsistency entries. Reply:s1<-s2#2517:FAIL-t2,INCONSISTENCY,nextIndex=1,followerCommit=0,matchIndex=-1
2022-11-08 19:12:10,770 [grpc-default-executor-0] INFO  leader.FollowerInfo (FollowerInfoImpl.java:lambda$new$0(48)) - s1@group-EA982605F2E5->s2: nextIndex: updateUnconditionally 5 -> 1
2022-11-08 19:12:10,770 [s2-server-thread2] DEBUG server.RaftServer$Division (RaftServerImpl.java:logAppendEntries(1421)) - s2@group-EA982605F2E5: receive appendEntries(s1, 2, (t:2, i:0), 4, true, commits:[s1:c4, s0:c4, s2:c0], cId:2518, entries: [(t:2, i:1), STATEMACHINELOGENTRY, 0@client-2EFB324ADA71, (t:2, i:2), METADATAENTRY(c:1), (t:2, i:3), STATEMACHINELOGENTRY, 999@client-AE8279CAF820, (t:2, i:4), METADATAENTRY(c:3)]
2022-11-08 19:12:10,771 [s2-server-thread2] INFO  server.RaftServer$Division (RaftServerImpl.java:checkInconsistentAppendEntries(1602)) - s2@group-EA982605F2E5: Failed appendEntries as previous log entry ((t:2, i:0)) is not found
2022-11-08 19:12:10,771 [s2-server-thread2] INFO  server.RaftServer$Division (RaftServerImpl.java:checkInconsistentAppendEntries(1572)) - s2@group-EA982605F2E5: inconsistency entries. Reply:s1<-s2#2518:FAIL-t2,INCONSISTENCY,nextIndex=0,followerCommit=0,matchIndex=-1
2022-11-08 19:12:10,771 [grpc-default-executor-0] INFO  leader.FollowerInfo (FollowerInfoImpl.java:lambda$new$0(48)) - s1@group-EA982605F2E5->s2: nextIndex: updateUnconditionally 5 -> 0
2022-11-08 19:12:10,771 [s2-server-thread1] DEBUG server.RaftServer$Division (RaftServerImpl.java:logAppendEntries(1421)) - s2@group-EA982605F2E5: receive appendEntries(s1, 2, null, 4, true, commits:[s1:c4, s0:c4, s2:c0], cId:2519, entries: [(t:2, i:0), CONFIGURATIONENTRY(current:id: "s0"
address: "localhost:34297"
dataStreamAddress: "localhost:43983"
clientAddress: "localhost:39609"
adminAddress: "localhost:37077"
startupRole: FOLLOWER
,id: "s1"
address: "localhost:38917"
dataStreamAddress: "localhost:45719"
clientAddress: "localhost:36975"
adminAddress: "localhost:40635"
startupRole: FOLLOWER
,id: "s2"
address: "localhost:35511"
dataStreamAddress: "localhost:38827"
clientAddress: "localhost:42865"
adminAddress: "localhost:36791"
startupRole: FOLLOWER
, old:), (t:2, i:1), STATEMACHINELOGENTRY, 0@client-2EFB324ADA71, (t:2, i:2), METADATAENTRY(c:1), (t:2, i:3), STATEMACHINELOGENTRY, 999@client-AE8279CAF820, (t:2, i:4), METADATAENTRY(c:3)]
2022-11-08 19:12:10,772 [s2-server-thread1] INFO  server.RaftServer$Division (RaftServerImpl.java:checkInconsistentAppendEntries(1592)) - s2@group-EA982605F2E5: Failed appendEntries as the first entry (index 0) already exists (snapshotIndex: -1, commitIndex: 0)
2022-11-08 19:12:10,772 [s2-server-thread1] INFO  server.RaftServer$Division (RaftServerImpl.java:checkInconsistentAppendEntries(1572)) - s2@group-EA982605F2E5: inconsistency entries. Reply:s1<-s2#2519:FAIL-t2,INCONSISTENCY,nextIndex=1,followerCommit=0,matchIndex=-1
2022-11-08 19:12:10,772 [grpc-default-executor-0] INFO  leader.FollowerInfo (FollowerInfoImpl.java:lambda$new$0(48)) - s1@group-EA982605F2E5->s2: nextIndex: updateUnconditionally 5 -> 1
2022-11-08 19:12:10,773 [s2-server-thread2] DEBUG server.RaftServer$Division (RaftServerImpl.java:logAppendEntries(1421)) - s2@group-EA982605F2E5: receive appendEntries(s1, 2, (t:2, i:0), 4, true, commits:[s1:c4, s0:c4, s2:c0], cId:2520, entries: [(t:2, i:1), STATEMACHINELOGENTRY, 0@client-2EFB324ADA71, (t:2, i:2), METADATAENTRY(c:1), (t:2, i:3), STATEMACHINELOGENTRY, 999@client-AE8279CAF820, (t:2, i:4), METADATAENTRY(c:3)]
2022-11-08 19:12:10,773 [s2-server-thread2] INFO  server.RaftServer$Division (RaftServerImpl.java:checkInconsistentAppendEntries(1602)) - s2@group-EA982605F2E5: Failed appendEntries as previous log entry ((t:2, i:0)) is not found
2022-11-08 19:12:10,773 [s2-server-thread2] INFO  server.RaftServer$Division (RaftServerImpl.java:checkInconsistentAppendEntries(1572)) - s2@group-EA982605F2E5: inconsistency entries. Reply:s1<-s2#2520:FAIL-t2,INCONSISTENCY,nextIndex=0,followerCommit=0,matchIndex=-1
2022-11-08 19:12:10,773 [grpc-default-executor-0] INFO  leader.FollowerInfo (FollowerInfoImpl.java:lambda$new$0(48)) - s1@group-EA982605F2E5->s2: nextIndex: updateUnconditionally 5 -> 0
2022-11-08 19:12:10,773 [s2-server-thread2] DEBUG server.RaftServer$Division (RaftServerImpl.java:logAppendEntries(1421)) - s2@group-EA982605F2E5: receive appendEntries(s1, 2, null, 4, true, commits:[s1:c4, s0:c4, s2:c0], cId:2521, entries: [(t:2, i:0), CONFIGURATIONENTRY(current:id: "s0"
address: "localhost:34297"
dataStreamAddress: "localhost:43983"
clientAddress: "localhost:39609"
adminAddress: "localhost:37077"
startupRole: FOLLOWER
,id: "s1"
address: "localhost:38917"
dataStreamAddress: "localhost:45719"
clientAddress: "localhost:36975"
adminAddress: "localhost:40635"
startupRole: FOLLOWER
,id: "s2"
address: "localhost:35511"
dataStreamAddress: "localhost:38827"
clientAddress: "localhost:42865"
adminAddress: "localhost:36791"
startupRole: FOLLOWER
, old:), (t:2, i:1), STATEMACHINELOGENTRY, 0@client-2EFB324ADA71, (t:2, i:2), METADATAENTRY(c:1), (t:2, i:3), STATEMACHINELOGENTRY, 999@client-AE8279CAF820, (t:2, i:4), METADATAENTRY(c:3)]
2022-11-08 19:12:10,774 [s2-server-thread2] INFO  server.RaftServer$Division (RaftServerImpl.java:checkInconsistentAppendEntries(1592)) - s2@group-EA982605F2E5: Failed appendEntries as the first entry (index 0) already exists (snapshotIndex: -1, commitIndex: 0)
2022-11-08 19:12:10,774 [s2-server-thread2] INFO  server.RaftServer$Division (RaftServerImpl.java:checkInconsistentAppendEntries(1572)) - s2@group-EA982605F2E5: inconsistency entries. Reply:s1<-s2#2521:FAIL-t2,INCONSISTENCY,nextIndex=1,followerCommit=0,matchIndex=-1
2022-11-08 19:12:10,774 [grpc-default-executor-0] INFO  leader.FollowerInfo (FollowerInfoImpl.java:lambda$new$0(48)) - s1@group-EA982605F2E5->s2: nextIndex: updateUnconditionally 5 -> 1
2022-11-08 19:12:10,774 [s2-server-thread2] DEBUG server.RaftServer$Division (RaftServerImpl.java:logAppendEntries(1421)) - s2@group-EA982605F2E5: receive appendEntries(s1, 2, (t:2, i:0), 4, true, commits:[s1:c4, s0:c4, s2:c0], cId:2522, entries: [(t:2, i:1), STATEMACHINELOGENTRY, 0@client-2EFB324ADA71, (t:2, i:2), METADATAENTRY(c:1), (t:2, i:3), STATEMACHINELOGENTRY, 999@client-AE8279CAF820, (t:2, i:4), METADATAENTRY(c:3)]
2022-11-08 19:12:10,774 [s2-server-thread2] INFO  server.RaftServer$Division (RaftServerImpl.java:checkInconsistentAppendEntries(1602)) - s2@group-EA982605F2E5: Failed appendEntries as previous log entry ((t:2, i:0)) is not found
2022-11-08 19:12:10,774 [s2-server-thread2] INFO  server.RaftServer$Division (RaftServerImpl.java:checkInconsistentAppendEntries(1572)) - s2@group-EA982605F2E5: inconsistency entries. Reply:s1<-s2#2522:FAIL-t2,INCONSISTENCY,nextIndex=0,followerCommit=0,matchIndex=-1
2022-11-08 19:12:10,775 [grpc-default-executor-0] INFO  leader.FollowerInfo (FollowerInfoImpl.java:lambda$new$0(48)) - s1@group-EA982605F2E5->s2: nextIndex: updateUnconditionally 5 -> 0
2022-11-08 19:12:10,775 [s2-server-thread2] DEBUG server.RaftServer$Division (RaftServerImpl.java:logAppendEntries(1421)) - s2@group-EA982605F2E5: receive appendEntries(s1, 2, null, 4, true, commits:[s1:c4, s0:c4, s2:c0], cId:2523, entries: [(t:2, i:0), CONFIGURATIONENTRY(current:id: "s0"
address: "localhost:34297"
dataStreamAddress: "localhost:43983"
clientAddress: "localhost:39609"
adminAddress: "localhost:37077"
startupRole: FOLLOWER
,id: "s1"
address: "localhost:38917"
dataStreamAddress: "localhost:45719"
clientAddress: "localhost:36975"
adminAddress: "localhost:40635"
startupRole: FOLLOWER
,id: "s2"
address: "localhost:35511"
dataStreamAddress: "localhost:38827"
clientAddress: "localhost:42865"
adminAddress: "localhost:36791"
startupRole: FOLLOWER
, old:), (t:2, i:1), STATEMACHINELOGENTRY, 0@client-2EFB324ADA71, (t:2, i:2), METADATAENTRY(c:1), (t:2, i:3), STATEMACHINELOGENTRY, 999@client-AE8279CAF820, (t:2, i:4), METADATAENTRY(c:3)]
2022-11-08 19:12:10,775 [s2-server-thread2] INFO  server.RaftServer$Division (RaftServerImpl.java:checkInconsistentAppendEntries(1592)) - s2@group-EA982605F2E5: Failed appendEntries as the first entry (index 0) already exists (snapshotIndex: -1, commitIndex: 0)
2022-11-08 19:12:10,775 [s2-server-thread2] INFO  server.RaftServer$Division (RaftServerImpl.java:checkInconsistentAppendEntries(1572)) - s2@group-EA982605F2E5: inconsistency entries. Reply:s1<-s2#2523:FAIL-t2,INCONSISTENCY,nextIndex=1,followerCommit=0,matchIndex=-1
2022-11-08 19:12:10,776 [grpc-default-executor-0] INFO  leader.FollowerInfo (FollowerInfoImpl.java:lambda$new$0(48)) - s1@group-EA982605F2E5->s2: nextIndex: updateUnconditionally 5 -> 1
2022-11-08 19:12:10,776 [s2-server-thread2] DEBUG server.RaftServer$Division (RaftServerImpl.java:logAppendEntries(1421)) - s2@group-EA982605F2E5: receive appendEntries(s1, 2, (t:2, i:0), 4, true, commits:[s1:c4, s0:c4, s2:c0], cId:2524, entries: [(t:2, i:1), STATEMACHINELOGENTRY, 0@client-2EFB324ADA71, (t:2, i:2), METADATAENTRY(c:1), (t:2, i:3), STATEMACHINELOGENTRY, 999@client-AE8279CAF820, (t:2, i:4), METADATAENTRY(c:3)]
2022-11-08 19:12:10,776 [s2-server-thread2] INFO  server.RaftServer$Division (RaftServerImpl.java:checkInconsistentAppendEntries(1602)) - s2@group-EA982605F2E5: Failed appendEntries as previous log entry ((t:2, i:0)) is not found
2022-11-08 19:12:10,776 [s2-server-thread2] INFO  server.RaftServer$Division (RaftServerImpl.java:checkInconsistentAppendEntries(1572)) - s2@group-EA982605F2E5: inconsistency entries. Reply:s1<-s2#2524:FAIL-t2,INCONSISTENCY,nextIndex=0,followerCommit=0,matchIndex=-1
2022-11-08 19:12:10,776 [grpc-default-executor-0] INFO  leader.FollowerInfo (FollowerInfoImpl.java:lambda$new$0(48)) - s1@group-EA982605F2E5->s2: nextIndex: updateUnconditionally 5 -> 0
2022-11-08 19:12:10,777 [s2-server-thread2] DEBUG server.RaftServer$Division (RaftServerImpl.java:logAppendEntries(1421)) - s2@group-EA982605F2E5: receive appendEntries(s1, 2, null, 4, true, commits:[s1:c4, s0:c4, s2:c0], cId:2525, entries: [(t:2, i:0), CONFIGURATIONENTRY(current:id: "s0"
address: "localhost:34297"
dataStreamAddress: "localhost:43983"
clientAddress: "localhost:39609"
adminAddress: "localhost:37077"
startupRole: FOLLOWER
,id: "s1"
address: "localhost:38917"
dataStreamAddress: "localhost:45719"
clientAddress: "localhost:36975"
adminAddress: "localhost:40635"
startupRole: FOLLOWER
,id: "s2"
address: "localhost:35511"
dataStreamAddress: "localhost:38827"
clientAddress: "localhost:42865"
adminAddress: "localhost:36791"
startupRole: FOLLOWER
, old:), (t:2, i:1), STATEMACHINELOGENTRY, 0@client-2EFB324ADA71, (t:2, i:2), METADATAENTRY(c:1), (t:2, i:3), STATEMACHINELOGENTRY, 999@client-AE8279CAF820, (t:2, i:4), METADATAENTRY(c:3)]
2022-11-08 19:12:10,777 [s2-server-thread2] INFO  server.RaftServer$Division (RaftServerImpl.java:checkInconsistentAppendEntries(1592)) - s2@group-EA982605F2E5: Failed appendEntries as the first entry (index 0) already exists (snapshotIndex: -1, commitIndex: 0)
2022-11-08 19:12:10,777 [s2-server-thread2] INFO  server.RaftServer$Division (RaftServerImpl.java:checkInconsistentAppendEntries(1572)) - s2@group-EA982605F2E5: inconsistency entries. Reply:s1<-s2#2525:FAIL-t2,INCONSISTENCY,nextIndex=1,followerCommit=0,matchIndex=-1
2022-11-08 19:12:10,777 [grpc-default-executor-0] INFO  leader.FollowerInfo (FollowerInfoImpl.java:lambda$new$0(48)) - s1@group-EA982605F2E5->s2: nextIndex: updateUnconditionally 5 -> 1
2022-11-08 19:12:10,778 [s2-server-thread2] DEBUG server.RaftServer$Division (RaftServerImpl.java:logAppendEntries(1421)) - s2@group-EA982605F2E5: receive appendEntries(s1, 2, (t:2, i:0), 4, true, commits:[s1:c4, s0:c4, s2:c0], cId:2526, entries: [(t:2, i:1), STATEMACHINELOGENTRY, 0@client-2EFB324ADA71, (t:2, i:2), METADATAENTRY(c:1), (t:2, i:3), STATEMACHINELOGENTRY, 999@client-AE8279CAF820, (t:2, i:4), METADATAENTRY(c:3)]
2022-11-08 19:12:10,778 [s2-server-thread2] INFO  server.RaftServer$Division (RaftServerImpl.java:checkInconsistentAppendEntries(1602)) - s2@group-EA982605F2E5: Failed appendEntries as previous log entry ((t:2, i:0)) is not found
2022-11-08 19:12:10,778 [s2-server-thread2] INFO  server.RaftServer$Division (RaftServerImpl.java:checkInconsistentAppendEntries(1572)) - s2@group-EA982605F2E5: inconsistency entries. Reply:s1<-s2#2526:FAIL-t2,INCONSISTENCY,nextIndex=0,followerCommit=0,matchIndex=-1
2022-11-08 19:12:10,778 [grpc-default-executor-0] INFO  leader.FollowerInfo (FollowerInfoImpl.java:lambda$new$0(48)) - s1@group-EA982605F2E5->s2: nextIndex: updateUnconditionally 5 -> 0
2022-11-08 19:12:10,779 [s2-server-thread1] DEBUG server.RaftServer$Division (RaftServerImpl.java:logAppendEntries(1421)) - s2@group-EA982605F2E5: receive appendEntries(s1, 2, null, 4, true, commits:[s1:c4, s0:c4, s2:c0], cId:2527, entries: [(t:2, i:0), CONFIGURATIONENTRY(current:id: "s0"
address: "localhost:34297"
dataStreamAddress: "localhost:43983"
clientAddress: "localhost:39609"
adminAddress: "localhost:37077"
startupRole: FOLLOWER
,id: "s1"
address: "localhost:38917"
dataStreamAddress: "localhost:45719"
clientAddress: "localhost:36975"
adminAddress: "localhost:40635"
startupRole: FOLLOWER
,id: "s2"
address: "localhost:35511"
dataStreamAddress: "localhost:38827"
clientAddress: "localhost:42865"
adminAddress: "localhost:36791"
startupRole: FOLLOWER
, old:), (t:2, i:1), STATEMACHINELOGENTRY, 0@client-2EFB324ADA71, (t:2, i:2), METADATAENTRY(c:1), (t:2, i:3), STATEMACHINELOGENTRY, 999@client-AE8279CAF820, (t:2, i:4), METADATAENTRY(c:3)]
2022-11-08 19:12:10,779 [s2-server-thread1] INFO  server.RaftServer$Division (RaftServerImpl.java:checkInconsistentAppendEntries(1592)) - s2@group-EA982605F2E5: Failed appendEntries as the first entry (index 0) already exists (snapshotIndex: -1, commitIndex: 0)
2022-11-08 19:12:10,779 [s2-server-thread1] INFO  server.RaftServer$Division (RaftServerImpl.java:checkInconsistentAppendEntries(1572)) - s2@group-EA982605F2E5: inconsistency entries. Reply:s1<-s2#2527:FAIL-t2,INCONSISTENCY,nextIndex=1,followerCommit=0,matchIndex=-1
2022-11-08 19:12:10,779 [grpc-default-executor-0] INFO  leader.FollowerInfo (FollowerInfoImpl.java:lambda$new$0(48)) - s1@group-EA982605F2E5->s2: nextIndex: updateUnconditionally 5 -> 1
2022-11-08 19:12:10,780 [s2-server-thread2] DEBUG server.RaftServer$Division (RaftServerImpl.java:logAppendEntries(1421)) - s2@group-EA982605F2E5: receive appendEntries(s1, 2, (t:2, i:0), 4, true, commits:[s1:c4, s0:c4, s2:c0], cId:2528, entries: [(t:2, i:1), STATEMACHINELOGENTRY, 0@client-2EFB324ADA71, (t:2, i:2), METADATAENTRY(c:1), (t:2, i:3), STATEMACHINELOGENTRY, 999@client-AE8279CAF820, (t:2, i:4), METADATAENTRY(c:3)]
2022-11-08 19:12:10,780 [s2-server-thread2] INFO  server.RaftServer$Division (RaftServerImpl.java:checkInconsistentAppendEntries(1602)) - s2@group-EA982605F2E5: Failed appendEntries as previous log entry ((t:2, i:0)) is not found
2022-11-08 19:12:10,780 [s2-server-thread2] INFO  server.RaftServer$Division (RaftServerImpl.java:checkInconsistentAppendEntries(1572)) - s2@group-EA982605F2E5: inconsistency entries. Reply:s1<-s2#2528:FAIL-t2,INCONSISTENCY,nextIndex=0,followerCommit=0,matchIndex=-1
2022-11-08 19:12:10,780 [grpc-default-executor-0] INFO  leader.FollowerInfo (FollowerInfoImpl.java:lambda$new$0(48)) - s1@group-EA982605F2E5->s2: nextIndex: updateUnconditionally 5 -> 0
2022-11-08 19:12:10,781 [s2-server-thread2] DEBUG server.RaftServer$Division (RaftServerImpl.java:logAppendEntries(1421)) - s2@group-EA982605F2E5: receive appendEntries(s1, 2, null, 4, true, commits:[s1:c4, s0:c4, s2:c0], cId:2529, entries: [(t:2, i:0), CONFIGURATIONENTRY(current:id: "s0"
address: "localhost:34297"
dataStreamAddress: "localhost:43983"
clientAddress: "localhost:39609"
adminAddress: "localhost:37077"
startupRole: FOLLOWER
,id: "s1"
address: "localhost:38917"
dataStreamAddress: "localhost:45719"
clientAddress: "localhost:36975"
adminAddress: "localhost:40635"
startupRole: FOLLOWER
,id: "s2"
address: "localhost:35511"
dataStreamAddress: "localhost:38827"
clientAddress: "localhost:42865"
adminAddress: "localhost:36791"
startupRole: FOLLOWER
, old:), (t:2, i:1), STATEMACHINELOGENTRY, 0@client-2EFB324ADA71, (t:2, i:2), METADATAENTRY(c:1), (t:2, i:3), STATEMACHINELOGENTRY, 999@client-AE8279CAF820, (t:2, i:4), METADATAENTRY(c:3)]
2022-11-08 19:12:10,781 [s2-server-thread2] INFO  server.RaftServer$Division (RaftServerImpl.java:checkInconsistentAppendEntries(1592)) - s2@group-EA982605F2E5: Failed appendEntries as the first entry (index 0) already exists (snapshotIndex: -1, commitIndex: 0)
2022-11-08 19:12:10,781 [s2-server-thread2] INFO  server.RaftServer$Division (RaftServerImpl.java:checkInconsistentAppendEntries(1572)) - s2@group-EA982605F2E5: inconsistency entries. Reply:s1<-s2#2529:FAIL-t2,INCONSISTENCY,nextIndex=1,followerCommit=0,matchIndex=-1
2022-11-08 19:12:10,781 [grpc-default-executor-0] INFO  leader.FollowerInfo (FollowerInfoImpl.java:lambda$new$0(48)) - s1@group-EA982605F2E5->s2: nextIndex: updateUnconditionally 5 -> 1
2022-11-08 19:12:10,781 [s2-server-thread2] DEBUG server.RaftServer$Division (RaftServerImpl.java:logAppendEntries(1421)) - s2@group-EA982605F2E5: receive appendEntries(s1, 2, (t:2, i:0), 4, true, commits:[s1:c4, s0:c4, s2:c0], cId:2530, entries: [(t:2, i:1), STATEMACHINELOGENTRY, 0@client-2EFB324ADA71, (t:2, i:2), METADATAENTRY(c:1), (t:2, i:3), STATEMACHINELOGENTRY, 999@client-AE8279CAF820, (t:2, i:4), METADATAENTRY(c:3)]
2022-11-08 19:12:10,782 [s2-server-thread2] INFO  server.RaftServer$Division (RaftServerImpl.java:checkInconsistentAppendEntries(1602)) - s2@group-EA982605F2E5: Failed appendEntries as previous log entry ((t:2, i:0)) is not found
2022-11-08 19:12:10,782 [s2-server-thread2] INFO  server.RaftServer$Division (RaftServerImpl.java:checkInconsistentAppendEntries(1572)) - s2@group-EA982605F2E5: inconsistency entries. Reply:s1<-s2#2530:FAIL-t2,INCONSISTENCY,nextIndex=0,followerCommit=0,matchIndex=-1
2022-11-08 19:12:10,782 [grpc-default-executor-0] INFO  leader.FollowerInfo (FollowerInfoImpl.java:lambda$new$0(48)) - s1@group-EA982605F2E5->s2: nextIndex: updateUnconditionally 5 -> 0
2022-11-08 19:12:10,782 [s2-server-thread2] DEBUG server.RaftServer$Division (RaftServerImpl.java:logAppendEntries(1421)) - s2@group-EA982605F2E5: receive appendEntries(s1, 2, null, 4, true, commits:[s1:c4, s0:c4, s2:c0], cId:2531, entries: [(t:2, i:0), CONFIGURATIONENTRY(current:id: "s0"
address: "localhost:34297"
dataStreamAddress: "localhost:43983"
clientAddress: "localhost:39609"
adminAddress: "localhost:37077"
startupRole: FOLLOWER
,id: "s1"
address: "localhost:38917"
dataStreamAddress: "localhost:45719"
clientAddress: "localhost:36975"
adminAddress: "localhost:40635"
startupRole: FOLLOWER
,id: "s2"
address: "localhost:35511"
dataStreamAddress: "localhost:38827"
clientAddress: "localhost:42865"
adminAddress: "localhost:36791"
startupRole: FOLLOWER
, old:), (t:2, i:1), STATEMACHINELOGENTRY, 0@client-2EFB324ADA71, (t:2, i:2), METADATAENTRY(c:1), (t:2, i:3), STATEMACHINELOGENTRY, 999@client-AE8279CAF820, (t:2, i:4), METADATAENTRY(c:3)]
2022-11-08 19:12:10,783 [s2-server-thread2] INFO  server.RaftServer$Division (RaftServerImpl.java:checkInconsistentAppendEntries(1592)) - s2@group-EA982605F2E5: Failed appendEntries as the first entry (index 0) already exists (snapshotIndex: -1, commitIndex: 0)
2022-11-08 19:12:10,783 [s2-server-thread2] INFO  server.RaftServer$Division (RaftServerImpl.java:checkInconsistentAppendEntries(1572)) - s2@group-EA982605F2E5: inconsistency entries. Reply:s1<-s2#2531:FAIL-t2,INCONSISTENCY,nextIndex=1,followerCommit=0,matchIndex=-1
2022-11-08 19:12:10,783 [grpc-default-executor-0] INFO  leader.FollowerInfo (FollowerInfoImpl.java:lambda$new$0(48)) - s1@group-EA982605F2E5->s2: nextIndex: updateUnconditionally 5 -> 1
2022-11-08 19:12:10,783 [s2-server-thread2] DEBUG server.RaftServer$Division (RaftServerImpl.java:logAppendEntries(1421)) - s2@group-EA982605F2E5: receive appendEntries(s1, 2, (t:2, i:0), 4, true, commits:[s1:c4, s0:c4, s2:c0], cId:2532, entries: [(t:2, i:1), STATEMACHINELOGENTRY, 0@client-2EFB324ADA71, (t:2, i:2), METADATAENTRY(c:1), (t:2, i:3), STATEMACHINELOGENTRY, 999@client-AE8279CAF820, (t:2, i:4), METADATAENTRY(c:3)]
2022-11-08 19:12:10,783 [s2-server-thread2] INFO  server.RaftServer$Division (RaftServerImpl.java:checkInconsistentAppendEntries(1602)) - s2@group-EA982605F2E5: Failed appendEntries as previous log entry ((t:2, i:0)) is not found
2022-11-08 19:12:10,784 [s2-server-thread2] INFO  server.RaftServer$Division (RaftServerImpl.java:checkInconsistentAppendEntries(1572)) - s2@group-EA982605F2E5: inconsistency entries. Reply:s1<-s2#2532:FAIL-t2,INCONSISTENCY,nextIndex=0,followerCommit=0,matchIndex=-1
2022-11-08 19:12:10,784 [grpc-default-executor-0] INFO  leader.FollowerInfo (FollowerInfoImpl.java:lambda$new$0(48)) - s1@group-EA982605F2E5->s2: nextIndex: updateUnconditionally 5 -> 0
2022-11-08 19:12:10,784 [s2-server-thread2] DEBUG server.RaftServer$Division (RaftServerImpl.java:logAppendEntries(1421)) - s2@group-EA982605F2E5: receive appendEntries(s1, 2, null, 4, true, commits:[s1:c4, s0:c4, s2:c0], cId:2533, entries: [(t:2, i:0), CONFIGURATIONENTRY(current:id: "s0"
address: "localhost:34297"
dataStreamAddress: "localhost:43983"
clientAddress: "localhost:39609"
adminAddress: "localhost:37077"
startupRole: FOLLOWER
,id: "s1"
address: "localhost:38917"
dataStreamAddress: "localhost:45719"
clientAddress: "localhost:36975"
adminAddress: "localhost:40635"
startupRole: FOLLOWER
,id: "s2"
address: "localhost:35511"
dataStreamAddress: "localhost:38827"
clientAddress: "localhost:42865"
adminAddress: "localhost:36791"
startupRole: FOLLOWER
, old:), (t:2, i:1), STATEMACHINELOGENTRY, 0@client-2EFB324ADA71, (t:2, i:2), METADATAENTRY(c:1), (t:2, i:3), STATEMACHINELOGENTRY, 999@client-AE8279CAF820, (t:2, i:4), METADATAENTRY(c:3)]
2022-11-08 19:12:10,784 [s2-server-thread2] INFO  server.RaftServer$Division (RaftServerImpl.java:checkInconsistentAppendEntries(1592)) - s2@group-EA982605F2E5: Failed appendEntries as the first entry (index 0) already exists (snapshotIndex: -1, commitIndex: 0)
2022-11-08 19:12:10,785 [s2-server-thread2] INFO  server.RaftServer$Division (RaftServerImpl.java:checkInconsistentAppendEntries(1572)) - s2@group-EA982605F2E5: inconsistency entries. Reply:s1<-s2#2533:FAIL-t2,INCONSISTENCY,nextIndex=1,followerCommit=0,matchIndex=-1
2022-11-08 19:12:10,785 [grpc-default-executor-0] INFO  leader.FollowerInfo (FollowerInfoImpl.java:lambda$new$0(48)) - s1@group-EA982605F2E5->s2: nextIndex: updateUnconditionally 5 -> 1
2022-11-08 19:12:10,786 [s2-server-thread1] DEBUG server.RaftServer$Division (RaftServerImpl.java:logAppendEntries(1421)) - s2@group-EA982605F2E5: receive appendEntries(s1, 2, (t:2, i:0), 4, true, commits:[s1:c4, s0:c4, s2:c0], cId:2534, entries: [(t:2, i:1), STATEMACHINELOGENTRY, 0@client-2EFB324ADA71, (t:2, i:2), METADATAENTRY(c:1), (t:2, i:3), STATEMACHINELOGENTRY, 999@client-AE8279CAF820, (t:2, i:4), METADATAENTRY(c:3)]
2022-11-08 19:12:10,786 [s2-server-thread1] INFO  server.RaftServer$Division (RaftServerImpl.java:checkInconsistentAppendEntries(1602)) - s2@group-EA982605F2E5: Failed appendEntries as previous log entry ((t:2, i:0)) is not found
2022-11-08 19:12:10,786 [s2-server-thread1] INFO  server.RaftServer$Division (RaftServerImpl.java:checkInconsistentAppendEntries(1572)) - s2@group-EA982605F2E5: inconsistency entries. Reply:s1<-s2#2534:FAIL-t2,INCONSISTENCY,nextIndex=0,followerCommit=0,matchIndex=-1
2022-11-08 19:12:10,787 [grpc-default-executor-0] INFO  leader.FollowerInfo (FollowerInfoImpl.java:lambda$new$0(48)) - s1@group-EA982605F2E5->s2: nextIndex: updateUnconditionally 5 -> 0
2022-11-08 19:12:10,788 [s2-server-thread1] DEBUG server.RaftServer$Division (RaftServerImpl.java:logAppendEntries(1421)) - s2@group-EA982605F2E5: receive appendEntries(s1, 2, null, 4, true, commits:[s1:c4, s0:c4, s2:c0], cId:2535, entries: [(t:2, i:0), CONFIGURATIONENTRY(current:id: "s0"
address: "localhost:34297"
dataStreamAddress: "localhost:43983"
clientAddress: "localhost:39609"
adminAddress: "localhost:37077"
startupRole: FOLLOWER
,id: "s1"
address: "localhost:38917"
dataStreamAddress: "localhost:45719"
clientAddress: "localhost:36975"
adminAddress: "localhost:40635"
startupRole: FOLLOWER
,id: "s2"
address: "localhost:35511"
dataStreamAddress: "localhost:38827"
clientAddress: "localhost:42865"
adminAddress: "localhost:36791"
startupRole: FOLLOWER
, old:), (t:2, i:1), STATEMACHINELOGENTRY, 0@client-2EFB324ADA71, (t:2, i:2), METADATAENTRY(c:1), (t:2, i:3), STATEMACHINELOGENTRY, 999@client-AE8279CAF820, (t:2, i:4), METADATAENTRY(c:3)]
2022-11-08 19:12:10,789 [s2-server-thread1] INFO  server.RaftServer$Division (RaftServerImpl.java:checkInconsistentAppendEntries(1592)) - s2@group-EA982605F2E5: Failed appendEntries as the first entry (index 0) already exists (snapshotIndex: -1, commitIndex: 0)
2022-11-08 19:12:10,789 [s2-server-thread1] INFO  server.RaftServer$Division (RaftServerImpl.java:checkInconsistentAppendEntries(1572)) - s2@group-EA982605F2E5: inconsistency entries. Reply:s1<-s2#2535:FAIL-t2,INCONSISTENCY,nextIndex=1,followerCommit=0,matchIndex=-1
2022-11-08 19:12:10,790 [grpc-default-executor-0] INFO  leader.FollowerInfo (FollowerInfoImpl.java:lambda$new$0(48)) - s1@group-EA982605F2E5->s2: nextIndex: updateUnconditionally 5 -> 1
2022-11-08 19:12:10,791 [s2-server-thread1] DEBUG server.RaftServer$Division (RaftServerImpl.java:logAppendEntries(1421)) - s2@group-EA982605F2E5: receive appendEntries(s1, 2, (t:2, i:0), 4, true, commits:[s1:c4, s0:c4, s2:c0], cId:2536, entries: [(t:2, i:1), STATEMACHINELOGENTRY, 0@client-2EFB324ADA71, (t:2, i:2), METADATAENTRY(c:1), (t:2, i:3), STATEMACHINELOGENTRY, 999@client-AE8279CAF820, (t:2, i:4), METADATAENTRY(c:3)]
2022-11-08 19:12:10,791 [s2-server-thread1] INFO  server.RaftServer$Division (RaftServerImpl.java:checkInconsistentAppendEntries(1602)) - s2@group-EA982605F2E5: Failed appendEntries as previous log entry ((t:2, i:0)) is not found
2022-11-08 19:12:10,792 [s2-server-thread1] INFO  server.RaftServer$Division (RaftServerImpl.java:checkInconsistentAppendEntries(1572)) - s2@group-EA982605F2E5: inconsistency entries. Reply:s1<-s2#2536:FAIL-t2,INCONSISTENCY,nextIndex=0,followerCommit=0,matchIndex=-1
2022-11-08 19:12:10,793 [grpc-default-executor-0] INFO  leader.FollowerInfo (FollowerInfoImpl.java:lambda$new$0(48)) - s1@group-EA982605F2E5->s2: nextIndex: updateUnconditionally 5 -> 0
2022-11-08 19:12:10,795 [s2-server-thread1] DEBUG server.RaftServer$Division (RaftServerImpl.java:logAppendEntries(1421)) - s2@group-EA982605F2E5: receive appendEntries(s1, 2, null, 4, true, commits:[s1:c4, s0:c4, s2:c0], cId:2537, entries: [(t:2, i:0), CONFIGURATIONENTRY(current:id: "s0"
address: "localhost:34297"
dataStreamAddress: "localhost:43983"
clientAddress: "localhost:39609"
adminAddress: "localhost:37077"
startupRole: FOLLOWER
,id: "s1"
address: "localhost:38917"
dataStreamAddress: "localhost:45719"
clientAddress: "localhost:36975"
adminAddress: "localhost:40635"
startupRole: FOLLOWER
,id: "s2"
address: "localhost:35511"
dataStreamAddress: "localhost:38827"
clientAddress: "localhost:42865"
adminAddress: "localhost:36791"
startupRole: FOLLOWER
, old:), (t:2, i:1), STATEMACHINELOGENTRY, 0@client-2EFB324ADA71, (t:2, i:2), METADATAENTRY(c:1), (t:2, i:3), STATEMACHINELOGENTRY, 999@client-AE8279CAF820, (t:2, i:4), METADATAENTRY(c:3)]
2022-11-08 19:12:10,795 [s2-server-thread1] INFO  server.RaftServer$Division (RaftServerImpl.java:checkInconsistentAppendEntries(1592)) - s2@group-EA982605F2E5: Failed appendEntries as the first entry (index 0) already exists (snapshotIndex: -1, commitIndex: 0)
2022-11-08 19:12:10,795 [s2-server-thread1] INFO  server.RaftServer$Division (RaftServerImpl.java:checkInconsistentAppendEntries(1572)) - s2@group-EA982605F2E5: inconsistency entries. Reply:s1<-s2#2537:FAIL-t2,INCONSISTENCY,nextIndex=1,followerCommit=0,matchIndex=-1
2022-11-08 19:12:10,796 [grpc-default-executor-0] INFO  leader.FollowerInfo (FollowerInfoImpl.java:lambda$new$0(48)) - s1@group-EA982605F2E5->s2: nextIndex: updateUnconditionally 5 -> 1
2022-11-08 19:12:10,798 [s2-server-thread1] DEBUG server.RaftServer$Division (RaftServerImpl.java:logAppendEntries(1421)) - s2@group-EA982605F2E5: receive appendEntries(s1, 2, (t:2, i:0), 4, true, commits:[s1:c4, s0:c4, s2:c0], cId:2538, entries: [(t:2, i:1), STATEMACHINELOGENTRY, 0@client-2EFB324ADA71, (t:2, i:2), METADATAENTRY(c:1), (t:2, i:3), STATEMACHINELOGENTRY, 999@client-AE8279CAF820, (t:2, i:4), METADATAENTRY(c:3)]
2022-11-08 19:12:10,798 [s2-server-thread1] INFO  server.RaftServer$Division (RaftServerImpl.java:checkInconsistentAppendEntries(1602)) - s2@group-EA982605F2E5: Failed appendEntries as previous log entry ((t:2, i:0)) is not found
2022-11-08 19:12:10,798 [s2-server-thread1] INFO  server.RaftServer$Division (RaftServerImpl.java:checkInconsistentAppendEntries(1572)) - s2@group-EA982605F2E5: inconsistency entries. Reply:s1<-s2#2538:FAIL-t2,INCONSISTENCY,nextIndex=0,followerCommit=0,matchIndex=-1
2022-11-08 19:12:10,799 [grpc-default-executor-0] INFO  leader.FollowerInfo (FollowerInfoImpl.java:lambda$new$0(48)) - s1@group-EA982605F2E5->s2: nextIndex: updateUnconditionally 5 -> 0
2022-11-08 19:12:10,800 [s2-server-thread1] DEBUG server.RaftServer$Division (RaftServerImpl.java:logAppendEntries(1421)) - s2@group-EA982605F2E5: receive appendEntries(s1, 2, null, 4, true, commits:[s1:c4, s0:c4, s2:c0], cId:2539, entries: [(t:2, i:0), CONFIGURATIONENTRY(current:id: "s0"
address: "localhost:34297"
dataStreamAddress: "localhost:43983"
clientAddress: "localhost:39609"
adminAddress: "localhost:37077"
startupRole: FOLLOWER
,id: "s1"
address: "localhost:38917"
dataStreamAddress: "localhost:45719"
clientAddress: "localhost:36975"
adminAddress: "localhost:40635"
startupRole: FOLLOWER
,id: "s2"
address: "localhost:35511"
dataStreamAddress: "localhost:38827"
clientAddress: "localhost:42865"
adminAddress: "localhost:36791"
startupRole: FOLLOWER
, old:), (t:2, i:1), STATEMACHINELOGENTRY, 0@client-2EFB324ADA71, (t:2, i:2), METADATAENTRY(c:1), (t:2, i:3), STATEMACHINELOGENTRY, 999@client-AE8279CAF820, (t:2, i:4), METADATAENTRY(c:3)]
2022-11-08 19:12:10,800 [s2-server-thread1] INFO  server.RaftServer$Division (RaftServerImpl.java:checkInconsistentAppendEntries(1592)) - s2@group-EA982605F2E5: Failed appendEntries as the first entry (index 0) already exists (snapshotIndex: -1, commitIndex: 0)
2022-11-08 19:12:10,800 [s2-server-thread1] INFO  server.RaftServer$Division (RaftServerImpl.java:checkInconsistentAppendEntries(1572)) - s2@group-EA982605F2E5: inconsistency entries. Reply:s1<-s2#2539:FAIL-t2,INCONSISTENCY,nextIndex=1,followerCommit=0,matchIndex=-1
2022-11-08 19:12:10,801 [grpc-default-executor-0] INFO  leader.FollowerInfo (FollowerInfoImpl.java:lambda$new$0(48)) - s1@group-EA982605F2E5->s2: nextIndex: updateUnconditionally 5 -> 1
2022-11-08 19:12:10,802 [s2-server-thread1] DEBUG server.RaftServer$Division (RaftServerImpl.java:logAppendEntries(1421)) - s2@group-EA982605F2E5: receive appendEntries(s1, 2, (t:2, i:0), 4, true, commits:[s1:c4, s0:c4, s2:c0], cId:2540, entries: [(t:2, i:1), STATEMACHINELOGENTRY, 0@client-2EFB324ADA71, (t:2, i:2), METADATAENTRY(c:1), (t:2, i:3), STATEMACHINELOGENTRY, 999@client-AE8279CAF820, (t:2, i:4), METADATAENTRY(c:3)]
2022-11-08 19:12:10,803 [s2-server-thread1] INFO  server.RaftServer$Division (RaftServerImpl.java:checkInconsistentAppendEntries(1602)) - s2@group-EA982605F2E5: Failed appendEntries as previous log entry ((t:2, i:0)) is not found
2022-11-08 19:12:10,804 [s2-server-thread1] INFO  server.RaftServer$Division (RaftServerImpl.java:checkInconsistentAppendEntries(1572)) - s2@group-EA982605F2E5: inconsistency entries. Reply:s1<-s2#2540:FAIL-t2,INCONSISTENCY,nextIndex=0,followerCommit=0,matchIndex=-1
2022-11-08 19:12:10,805 [grpc-default-executor-0] INFO  leader.FollowerInfo (FollowerInfoImpl.java:lambda$new$0(48)) - s1@group-EA982605F2E5->s2: nextIndex: updateUnconditionally 5 -> 0
2022-11-08 19:12:10,805 [s2-server-thread1] DEBUG server.RaftServer$Division (RaftServerImpl.java:logAppendEntries(1421)) - s2@group-EA982605F2E5: receive appendEntries(s1, 2, null, 4, true, commits:[s1:c4, s0:c4, s2:c0], cId:2541, entries: [(t:2, i:0), CONFIGURATIONENTRY(current:id: "s0"
address: "localhost:34297"
dataStreamAddress: "localhost:43983"
clientAddress: "localhost:39609"
adminAddress: "localhost:37077"
startupRole: FOLLOWER
,id: "s1"
address: "localhost:38917"
dataStreamAddress: "localhost:45719"
clientAddress: "localhost:36975"
adminAddress: "localhost:40635"
startupRole: FOLLOWER
,id: "s2"
address: "localhost:35511"
dataStreamAddress: "localhost:38827"
clientAddress: "localhost:42865"
adminAddress: "localhost:36791"
startupRole: FOLLOWER
, old:), (t:2, i:1), STATEMACHINELOGENTRY, 0@client-2EFB324ADA71, (t:2, i:2), METADATAENTRY(c:1), (t:2, i:3), STATEMACHINELOGENTRY, 999@client-AE8279CAF820, (t:2, i:4), METADATAENTRY(c:3)]
2022-11-08 19:12:10,806 [s2-server-thread1] INFO  server.RaftServer$Division (RaftServerImpl.java:checkInconsistentAppendEntries(1592)) - s2@group-EA982605F2E5: Failed appendEntries as the first entry (index 0) already exists (snapshotIndex: -1, commitIndex: 0)
2022-11-08 19:12:10,806 [s2-server-thread1] INFO  server.RaftServer$Division (RaftServerImpl.java:checkInconsistentAppendEntries(1572)) - s2@group-EA982605F2E5: inconsistency entries. Reply:s1<-s2#2541:FAIL-t2,INCONSISTENCY,nextIndex=1,followerCommit=0,matchIndex=-1
2022-11-08 19:12:10,806 [grpc-default-executor-0] INFO  leader.FollowerInfo (FollowerInfoImpl.java:lambda$new$0(48)) - s1@group-EA982605F2E5->s2: nextIndex: updateUnconditionally 5 -> 1
2022-11-08 19:12:10,807 [s2-server-thread1] DEBUG server.RaftServer$Division (RaftServerImpl.java:logAppendEntries(1421)) - s2@group-EA982605F2E5: receive appendEntries(s1, 2, (t:2, i:0), 4, true, commits:[s1:c4, s0:c4, s2:c0], cId:2542, entries: [(t:2, i:1), STATEMACHINELOGENTRY, 0@client-2EFB324ADA71, (t:2, i:2), METADATAENTRY(c:1), (t:2, i:3), STATEMACHINELOGENTRY, 999@client-AE8279CAF820, (t:2, i:4), METADATAENTRY(c:3)]
2022-11-08 19:12:10,807 [s2-server-thread1] INFO  server.RaftServer$Division (RaftServerImpl.java:checkInconsistentAppendEntries(1602)) - s2@group-EA982605F2E5: Failed appendEntries as previous log entry ((t:2, i:0)) is not found
2022-11-08 19:12:10,807 [s2-server-thread1] INFO  server.RaftServer$Division (RaftServerImpl.java:checkInconsistentAppendEntries(1572)) - s2@group-EA982605F2E5: inconsistency entries. Reply:s1<-s2#2542:FAIL-t2,INCONSISTENCY,nextIndex=0,followerCommit=0,matchIndex=-1
2022-11-08 19:12:10,807 [grpc-default-executor-0] INFO  leader.FollowerInfo (FollowerInfoImpl.java:lambda$new$0(48)) - s1@group-EA982605F2E5->s2: nextIndex: updateUnconditionally 5 -> 0
2022-11-08 19:12:10,809 [s2-server-thread1] DEBUG server.RaftServer$Division (RaftServerImpl.java:logAppendEntries(1421)) - s2@group-EA982605F2E5: receive appendEntries(s1, 2, null, 4, true, commits:[s1:c4, s0:c4, s2:c0], cId:2543, entries: [(t:2, i:0), CONFIGURATIONENTRY(current:id: "s0"
address: "localhost:34297"
dataStreamAddress: "localhost:43983"
clientAddress: "localhost:39609"
adminAddress: "localhost:37077"
startupRole: FOLLOWER
,id: "s1"
address: "localhost:38917"
dataStreamAddress: "localhost:45719"
clientAddress: "localhost:36975"
adminAddress: "localhost:40635"
startupRole: FOLLOWER
,id: "s2"
address: "localhost:35511"
dataStreamAddress: "localhost:38827"
clientAddress: "localhost:42865"
adminAddress: "localhost:36791"
startupRole: FOLLOWER
, old:), (t:2, i:1), STATEMACHINELOGENTRY, 0@client-2EFB324ADA71, (t:2, i:2), METADATAENTRY(c:1), (t:2, i:3), STATEMACHINELOGENTRY, 999@client-AE8279CAF820, (t:2, i:4), METADATAENTRY(c:3)]
2022-11-08 19:12:10,809 [s2-server-thread1] INFO  server.RaftServer$Division (RaftServerImpl.java:checkInconsistentAppendEntries(1592)) - s2@group-EA982605F2E5: Failed appendEntries as the first entry (index 0) already exists (snapshotIndex: -1, commitIndex: 0)
2022-11-08 19:12:10,809 [s2-server-thread1] INFO  server.RaftServer$Division (RaftServerImpl.java:checkInconsistentAppendEntries(1572)) - s2@group-EA982605F2E5: inconsistency entries. Reply:s1<-s2#2543:FAIL-t2,INCONSISTENCY,nextIndex=1,followerCommit=0,matchIndex=-1
2022-11-08 19:12:10,809 [grpc-default-executor-0] INFO  leader.FollowerInfo (FollowerInfoImpl.java:lambda$new$0(48)) - s1@group-EA982605F2E5->s2: nextIndex: updateUnconditionally 5 -> 1
2022-11-08 19:12:10,810 [s2-server-thread1] DEBUG server.RaftServer$Division (RaftServerImpl.java:logAppendEntries(1421)) - s2@group-EA982605F2E5: receive appendEntries(s1, 2, (t:2, i:0), 4, true, commits:[s1:c4, s0:c4, s2:c0], cId:2544, entries: [(t:2, i:1), STATEMACHINELOGENTRY, 0@client-2EFB324ADA71, (t:2, i:2), METADATAENTRY(c:1), (t:2, i:3), STATEMACHINELOGENTRY, 999@client-AE8279CAF820, (t:2, i:4), METADATAENTRY(c:3)]
2022-11-08 19:12:10,810 [s2-server-thread1] INFO  server.RaftServer$Division (RaftServerImpl.java:checkInconsistentAppendEntries(1602)) - s2@group-EA982605F2E5: Failed appendEntries as previous log entry ((t:2, i:0)) is not found
2022-11-08 19:12:10,810 [s2-server-thread1] INFO  server.RaftServer$Division (RaftServerImpl.java:checkInconsistentAppendEntries(1572)) - s2@group-EA982605F2E5: inconsistency entries. Reply:s1<-s2#2544:FAIL-t2,INCONSISTENCY,nextIndex=0,followerCommit=0,matchIndex=-1
2022-11-08 19:12:10,810 [grpc-default-executor-0] INFO  leader.FollowerInfo (FollowerInfoImpl.java:lambda$new$0(48)) - s1@group-EA982605F2E5->s2: nextIndex: updateUnconditionally 5 -> 0
2022-11-08 19:12:10,811 [s2-server-thread1] DEBUG server.RaftServer$Division (RaftServerImpl.java:logAppendEntries(1421)) - s2@group-EA982605F2E5: receive appendEntries(s1, 2, null, 4, true, commits:[s1:c4, s0:c4, s2:c0], cId:2545, entries: [(t:2, i:0), CONFIGURATIONENTRY(current:id: "s0"
address: "localhost:34297"
dataStreamAddress: "localhost:43983"
clientAddress: "localhost:39609"
adminAddress: "localhost:37077"
startupRole: FOLLOWER
,id: "s1"
address: "localhost:38917"
dataStreamAddress: "localhost:45719"
clientAddress: "localhost:36975"
adminAddress: "localhost:40635"
startupRole: FOLLOWER
,id: "s2"
address: "localhost:35511"
dataStreamAddress: "localhost:38827"
clientAddress: "localhost:42865"
adminAddress: "localhost:36791"
startupRole: FOLLOWER
, old:), (t:2, i:1), STATEMACHINELOGENTRY, 0@client-2EFB324ADA71, (t:2, i:2), METADATAENTRY(c:1), (t:2, i:3), STATEMACHINELOGENTRY, 999@client-AE8279CAF820, (t:2, i:4), METADATAENTRY(c:3)]
2022-11-08 19:12:10,811 [s2-server-thread1] INFO  server.RaftServer$Division (RaftServerImpl.java:checkInconsistentAppendEntries(1592)) - s2@group-EA982605F2E5: Failed appendEntries as the first entry (index 0) already exists (snapshotIndex: -1, commitIndex: 0)
2022-11-08 19:12:10,811 [s2-server-thread1] INFO  server.RaftServer$Division (RaftServerImpl.java:checkInconsistentAppendEntries(1572)) - s2@group-EA982605F2E5: inconsistency entries. Reply:s1<-s2#2545:FAIL-t2,INCONSISTENCY,nextIndex=1,followerCommit=0,matchIndex=-1
2022-11-08 19:12:10,811 [grpc-default-executor-0] INFO  leader.FollowerInfo (FollowerInfoImpl.java:lambda$new$0(48)) - s1@group-EA982605F2E5->s2: nextIndex: updateUnconditionally 5 -> 1
2022-11-08 19:12:10,812 [s2-server-thread1] DEBUG server.RaftServer$Division (RaftServerImpl.java:logAppendEntries(1421)) - s2@group-EA982605F2E5: receive appendEntries(s1, 2, (t:2, i:0), 4, true, commits:[s1:c4, s0:c4, s2:c0], cId:2546, entries: [(t:2, i:1), STATEMACHINELOGENTRY, 0@client-2EFB324ADA71, (t:2, i:2), METADATAENTRY(c:1), (t:2, i:3), STATEMACHINELOGENTRY, 999@client-AE8279CAF820, (t:2, i:4), METADATAENTRY(c:3)]
2022-11-08 19:12:10,812 [s2-server-thread1] INFO  server.RaftServer$Division (RaftServerImpl.java:checkInconsistentAppendEntries(1602)) - s2@group-EA982605F2E5: Failed appendEntries as previous log entry ((t:2, i:0)) is not found
2022-11-08 19:12:10,812 [s2-server-thread1] INFO  server.RaftServer$Division (RaftServerImpl.java:checkInconsistentAppendEntries(1572)) - s2@group-EA982605F2E5: inconsistency entries. Reply:s1<-s2#2546:FAIL-t2,INCONSISTENCY,nextIndex=0,followerCommit=0,matchIndex=-1
2022-11-08 19:12:10,812 [grpc-default-executor-0] INFO  leader.FollowerInfo (FollowerInfoImpl.java:lambda$new$0(48)) - s1@group-EA982605F2E5->s2: nextIndex: updateUnconditionally 5 -> 0
2022-11-08 19:12:10,813 [s2-server-thread1] DEBUG server.RaftServer$Division (RaftServerImpl.java:logAppendEntries(1421)) - s2@group-EA982605F2E5: receive appendEntries(s1, 2, null, 4, true, commits:[s1:c4, s0:c4, s2:c0], cId:2547, entries: [(t:2, i:0), CONFIGURATIONENTRY(current:id: "s0"
address: "localhost:34297"
dataStreamAddress: "localhost:43983"
clientAddress: "localhost:39609"
adminAddress: "localhost:37077"
startupRole: FOLLOWER
,id: "s1"
address: "localhost:38917"
dataStreamAddress: "localhost:45719"
clientAddress: "localhost:36975"
adminAddress: "localhost:40635"
startupRole: FOLLOWER
,id: "s2"
address: "localhost:35511"
dataStreamAddress: "localhost:38827"
clientAddress: "localhost:42865"
adminAddress: "localhost:36791"
startupRole: FOLLOWER
, old:), (t:2, i:1), STATEMACHINELOGENTRY, 0@client-2EFB324ADA71, (t:2, i:2), METADATAENTRY(c:1), (t:2, i:3), STATEMACHINELOGENTRY, 999@client-AE8279CAF820, (t:2, i:4), METADATAENTRY(c:3)]
2022-11-08 19:12:10,813 [s2-server-thread1] INFO  server.RaftServer$Division (RaftServerImpl.java:checkInconsistentAppendEntries(1592)) - s2@group-EA982605F2E5: Failed appendEntries as the first entry (index 0) already exists (snapshotIndex: -1, commitIndex: 0)
2022-11-08 19:12:10,814 [s2-server-thread1] INFO  server.RaftServer$Division (RaftServerImpl.java:checkInconsistentAppendEntries(1572)) - s2@group-EA982605F2E5: inconsistency entries. Reply:s1<-s2#2547:FAIL-t2,INCONSISTENCY,nextIndex=1,followerCommit=0,matchIndex=-1
2022-11-08 19:12:10,814 [grpc-default-executor-0] INFO  leader.FollowerInfo (FollowerInfoImpl.java:lambda$new$0(48)) - s1@group-EA982605F2E5->s2: nextIndex: updateUnconditionally 5 -> 1
2022-11-08 19:12:10,814 [s2-server-thread1] DEBUG server.RaftServer$Division (RaftServerImpl.java:logAppendEntries(1421)) - s2@group-EA982605F2E5: receive appendEntries(s1, 2, (t:2, i:0), 4, true, commits:[s1:c4, s0:c4, s2:c0], cId:2548, entries: [(t:2, i:1), STATEMACHINELOGENTRY, 0@client-2EFB324ADA71, (t:2, i:2), METADATAENTRY(c:1), (t:2, i:3), STATEMACHINELOGENTRY, 999@client-AE8279CAF820, (t:2, i:4), METADATAENTRY(c:3)]
2022-11-08 19:12:10,815 [s2-server-thread1] INFO  server.RaftServer$Division (RaftServerImpl.java:checkInconsistentAppendEntries(1602)) - s2@group-EA982605F2E5: Failed appendEntries as previous log entry ((t:2, i:0)) is not found
2022-11-08 19:12:10,815 [s2-server-thread1] INFO  server.RaftServer$Division (RaftServerImpl.java:checkInconsistentAppendEntries(1572)) - s2@group-EA982605F2E5: inconsistency entries. Reply:s1<-s2#2548:FAIL-t2,INCONSISTENCY,nextIndex=0,followerCommit=0,matchIndex=-1
2022-11-08 19:12:10,815 [grpc-default-executor-0] INFO  leader.FollowerInfo (FollowerInfoImpl.java:lambda$new$0(48)) - s1@group-EA982605F2E5->s2: nextIndex: updateUnconditionally 5 -> 0
2022-11-08 19:12:10,816 [s2-server-thread1] DEBUG server.RaftServer$Division (RaftServerImpl.java:logAppendEntries(1421)) - s2@group-EA982605F2E5: receive appendEntries(s1, 2, null, 4, true, commits:[s1:c4, s0:c4, s2:c0], cId:2549, entries: [(t:2, i:0), CONFIGURATIONENTRY(current:id: "s0"
address: "localhost:34297"
dataStreamAddress: "localhost:43983"
clientAddress: "localhost:39609"
adminAddress: "localhost:37077"
startupRole: FOLLOWER
,id: "s1"
address: "localhost:38917"
dataStreamAddress: "localhost:45719"
clientAddress: "localhost:36975"
adminAddress: "localhost:40635"
startupRole: FOLLOWER
,id: "s2"
address: "localhost:35511"
dataStreamAddress: "localhost:38827"
clientAddress: "localhost:42865"
adminAddress: "localhost:36791"
startupRole: FOLLOWER
, old:), (t:2, i:1), STATEMACHINELOGENTRY, 0@client-2EFB324ADA71, (t:2, i:2), METADATAENTRY(c:1), (t:2, i:3), STATEMACHINELOGENTRY, 999@client-AE8279CAF820, (t:2, i:4), METADATAENTRY(c:3)]
2022-11-08 19:12:10,816 [s2-server-thread1] INFO  server.RaftServer$Division (RaftServerImpl.java:checkInconsistentAppendEntries(1592)) - s2@group-EA982605F2E5: Failed appendEntries as the first entry (index 0) already exists (snapshotIndex: -1, commitIndex: 0)
2022-11-08 19:12:10,816 [s2-server-thread1] INFO  server.RaftServer$Division (RaftServerImpl.java:checkInconsistentAppendEntries(1572)) - s2@group-EA982605F2E5: inconsistency entries. Reply:s1<-s2#2549:FAIL-t2,INCONSISTENCY,nextIndex=1,followerCommit=0,matchIndex=-1
2022-11-08 19:12:10,817 [grpc-default-executor-0] INFO  leader.FollowerInfo (FollowerInfoImpl.java:lambda$new$0(48)) - s1@group-EA982605F2E5->s2: nextIndex: updateUnconditionally 5 -> 1
2022-11-08 19:12:10,817 [s2-server-thread1] DEBUG server.RaftServer$Division (RaftServerImpl.java:logAppendEntries(1421)) - s2@group-EA982605F2E5: receive appendEntries(s1, 2, (t:2, i:0), 4, true, commits:[s1:c4, s0:c4, s2:c0], cId:2550, entries: [(t:2, i:1), STATEMACHINELOGENTRY, 0@client-2EFB324ADA71, (t:2, i:2), METADATAENTRY(c:1), (t:2, i:3), STATEMACHINELOGENTRY, 999@client-AE8279CAF820, (t:2, i:4), METADATAENTRY(c:3)]
2022-11-08 19:12:10,818 [s2-server-thread1] INFO  server.RaftServer$Division (RaftServerImpl.java:checkInconsistentAppendEntries(1602)) - s2@group-EA982605F2E5: Failed appendEntries as previous log entry ((t:2, i:0)) is not found
2022-11-08 19:12:10,818 [s2-server-thread1] INFO  server.RaftServer$Division (RaftServerImpl.java:checkInconsistentAppendEntries(1572)) - s2@group-EA982605F2E5: inconsistency entries. Reply:s1<-s2#2550:FAIL-t2,INCONSISTENCY,nextIndex=0,followerCommit=0,matchIndex=-1
2022-11-08 19:12:10,818 [grpc-default-executor-0] INFO  leader.FollowerInfo (FollowerInfoImpl.java:lambda$new$0(48)) - s1@group-EA982605F2E5->s2: nextIndex: updateUnconditionally 5 -> 0
2022-11-08 19:12:10,820 [s2-server-thread1] DEBUG server.RaftServer$Division (RaftServerImpl.java:logAppendEntries(1421)) - s2@group-EA982605F2E5: receive appendEntries(s1, 2, null, 4, true, commits:[s1:c4, s0:c4, s2:c0], cId:2551, entries: [(t:2, i:0), CONFIGURATIONENTRY(current:id: "s0"
address: "localhost:34297"
dataStreamAddress: "localhost:43983"
clientAddress: "localhost:39609"
adminAddress: "localhost:37077"
startupRole: FOLLOWER
,id: "s1"
address: "localhost:38917"
dataStreamAddress: "localhost:45719"
clientAddress: "localhost:36975"
adminAddress: "localhost:40635"
startupRole: FOLLOWER
,id: "s2"
address: "localhost:35511"
dataStreamAddress: "localhost:38827"
clientAddress: "localhost:42865"
adminAddress: "localhost:36791"
startupRole: FOLLOWER
, old:), (t:2, i:1), STATEMACHINELOGENTRY, 0@client-2EFB324ADA71, (t:2, i:2), METADATAENTRY(c:1), (t:2, i:3), STATEMACHINELOGENTRY, 999@client-AE8279CAF820, (t:2, i:4), METADATAENTRY(c:3)]
2022-11-08 19:12:10,820 [s2-server-thread1] INFO  server.RaftServer$Division (RaftServerImpl.java:checkInconsistentAppendEntries(1592)) - s2@group-EA982605F2E5: Failed appendEntries as the first entry (index 0) already exists (snapshotIndex: -1, commitIndex: 0)
2022-11-08 19:12:10,820 [s2-server-thread1] INFO  server.RaftServer$Division (RaftServerImpl.java:checkInconsistentAppendEntries(1572)) - s2@group-EA982605F2E5: inconsistency entries. Reply:s1<-s2#2551:FAIL-t2,INCONSISTENCY,nextIndex=1,followerCommit=0,matchIndex=-1
2022-11-08 19:12:10,820 [grpc-default-executor-0] INFO  leader.FollowerInfo (FollowerInfoImpl.java:lambda$new$0(48)) - s1@group-EA982605F2E5->s2: nextIndex: updateUnconditionally 5 -> 1
2022-11-08 19:12:10,821 [s2-server-thread1] DEBUG server.RaftServer$Division (RaftServerImpl.java:logAppendEntries(1421)) - s2@group-EA982605F2E5: receive appendEntries(s1, 2, (t:2, i:0), 4, true, commits:[s1:c4, s0:c4, s2:c0], cId:2552, entries: [(t:2, i:1), STATEMACHINELOGENTRY, 0@client-2EFB324ADA71, (t:2, i:2), METADATAENTRY(c:1), (t:2, i:3), STATEMACHINELOGENTRY, 999@client-AE8279CAF820, (t:2, i:4), METADATAENTRY(c:3)]
2022-11-08 19:12:10,821 [s2-server-thread1] INFO  server.RaftServer$Division (RaftServerImpl.java:checkInconsistentAppendEntries(1602)) - s2@group-EA982605F2E5: Failed appendEntries as previous log entry ((t:2, i:0)) is not found
2022-11-08 19:12:10,821 [s2-server-thread1] INFO  server.RaftServer$Division (RaftServerImpl.java:checkInconsistentAppendEntries(1572)) - s2@group-EA982605F2E5: inconsistency entries. Reply:s1<-s2#2552:FAIL-t2,INCONSISTENCY,nextIndex=0,followerCommit=0,matchIndex=-1
2022-11-08 19:12:10,822 [grpc-default-executor-0] INFO  leader.FollowerInfo (FollowerInfoImpl.java:lambda$new$0(48)) - s1@group-EA982605F2E5->s2: nextIndex: updateUnconditionally 5 -> 0
2022-11-08 19:12:10,823 [s2-server-thread2] DEBUG server.RaftServer$Division (RaftServerImpl.java:logAppendEntries(1421)) - s2@group-EA982605F2E5: receive appendEntries(s1, 2, null, 4, true, commits:[s1:c4, s0:c4, s2:c0], cId:2553, entries: [(t:2, i:0), CONFIGURATIONENTRY(current:id: "s0"
address: "localhost:34297"
dataStreamAddress: "localhost:43983"
clientAddress: "localhost:39609"
adminAddress: "localhost:37077"
startupRole: FOLLOWER
,id: "s1"
address: "localhost:38917"
dataStreamAddress: "localhost:45719"
clientAddress: "localhost:36975"
adminAddress: "localhost:40635"
startupRole: FOLLOWER
,id: "s2"
address: "localhost:35511"
dataStreamAddress: "localhost:38827"
clientAddress: "localhost:42865"
adminAddress: "localhost:36791"
startupRole: FOLLOWER
, old:), (t:2, i:1), STATEMACHINELOGENTRY, 0@client-2EFB324ADA71, (t:2, i:2), METADATAENTRY(c:1), (t:2, i:3), STATEMACHINELOGENTRY, 999@client-AE8279CAF820, (t:2, i:4), METADATAENTRY(c:3)]
2022-11-08 19:12:10,823 [s2-server-thread2] INFO  server.RaftServer$Division (RaftServerImpl.java:checkInconsistentAppendEntries(1592)) - s2@group-EA982605F2E5: Failed appendEntries as the first entry (index 0) already exists (snapshotIndex: -1, commitIndex: 0)
2022-11-08 19:12:10,823 [s2-server-thread2] INFO  server.RaftServer$Division (RaftServerImpl.java:checkInconsistentAppendEntries(1572)) - s2@group-EA982605F2E5: inconsistency entries. Reply:s1<-s2#2553:FAIL-t2,INCONSISTENCY,nextIndex=1,followerCommit=0,matchIndex=-1
2022-11-08 19:12:10,824 [grpc-default-executor-0] INFO  leader.FollowerInfo (FollowerInfoImpl.java:lambda$new$0(48)) - s1@group-EA982605F2E5->s2: nextIndex: updateUnconditionally 5 -> 1
2022-11-08 19:12:10,825 [s2-server-thread1] DEBUG server.RaftServer$Division (RaftServerImpl.java:logAppendEntries(1421)) - s2@group-EA982605F2E5: receive appendEntries(s1, 2, (t:2, i:0), 4, true, commits:[s1:c4, s0:c4, s2:c0], cId:2554, entries: [(t:2, i:1), STATEMACHINELOGENTRY, 0@client-2EFB324ADA71, (t:2, i:2), METADATAENTRY(c:1), (t:2, i:3), STATEMACHINELOGENTRY, 999@client-AE8279CAF820, (t:2, i:4), METADATAENTRY(c:3)]
2022-11-08 19:12:10,825 [s2-server-thread1] INFO  server.RaftServer$Division (RaftServerImpl.java:checkInconsistentAppendEntries(1602)) - s2@group-EA982605F2E5: Failed appendEntries as previous log entry ((t:2, i:0)) is not found
2022-11-08 19:12:10,826 [s2-server-thread1] INFO  server.RaftServer$Division (RaftServerImpl.java:checkInconsistentAppendEntries(1572)) - s2@group-EA982605F2E5: inconsistency entries. Reply:s1<-s2#2554:FAIL-t2,INCONSISTENCY,nextIndex=0,followerCommit=0,matchIndex=-1
2022-11-08 19:12:10,826 [grpc-default-executor-0] INFO  leader.FollowerInfo (FollowerInfoImpl.java:lambda$new$0(48)) - s1@group-EA982605F2E5->s2: nextIndex: updateUnconditionally 5 -> 0
2022-11-08 19:12:10,827 [s2-server-thread1] DEBUG server.RaftServer$Division (RaftServerImpl.java:logAppendEntries(1421)) - s2@group-EA982605F2E5: receive appendEntries(s1, 2, null, 4, true, commits:[s1:c4, s0:c4, s2:c0], cId:2555, entries: [(t:2, i:0), CONFIGURATIONENTRY(current:id: "s0"
address: "localhost:34297"
dataStreamAddress: "localhost:43983"
clientAddress: "localhost:39609"
adminAddress: "localhost:37077"
startupRole: FOLLOWER
,id: "s1"
address: "localhost:38917"
dataStreamAddress: "localhost:45719"
clientAddress: "localhost:36975"
adminAddress: "localhost:40635"
startupRole: FOLLOWER
,id: "s2"
address: "localhost:35511"
dataStreamAddress: "localhost:38827"
clientAddress: "localhost:42865"
adminAddress: "localhost:36791"
startupRole: FOLLOWER
, old:), (t:2, i:1), STATEMACHINELOGENTRY, 0@client-2EFB324ADA71, (t:2, i:2), METADATAENTRY(c:1), (t:2, i:3), STATEMACHINELOGENTRY, 999@client-AE8279CAF820, (t:2, i:4), METADATAENTRY(c:3)]
2022-11-08 19:12:10,828 [s2-server-thread1] INFO  server.RaftServer$Division (RaftServerImpl.java:checkInconsistentAppendEntries(1592)) - s2@group-EA982605F2E5: Failed appendEntries as the first entry (index 0) already exists (snapshotIndex: -1, commitIndex: 0)
2022-11-08 19:12:10,828 [s2-server-thread1] INFO  server.RaftServer$Division (RaftServerImpl.java:checkInconsistentAppendEntries(1572)) - s2@group-EA982605F2E5: inconsistency entries. Reply:s1<-s2#2555:FAIL-t2,INCONSISTENCY,nextIndex=1,followerCommit=0,matchIndex=-1
2022-11-08 19:12:10,828 [grpc-default-executor-0] INFO  leader.FollowerInfo (FollowerInfoImpl.java:lambda$new$0(48)) - s1@group-EA982605F2E5->s2: nextIndex: updateUnconditionally 5 -> 1
2022-11-08 19:12:10,829 [s2-server-thread1] DEBUG server.RaftServer$Division (RaftServerImpl.java:logAppendEntries(1421)) - s2@group-EA982605F2E5: receive appendEntries(s1, 2, (t:2, i:0), 4, true, commits:[s1:c4, s0:c4, s2:c0], cId:2556, entries: [(t:2, i:1), STATEMACHINELOGENTRY, 0@client-2EFB324ADA71, (t:2, i:2), METADATAENTRY(c:1), (t:2, i:3), STATEMACHINELOGENTRY, 999@client-AE8279CAF820, (t:2, i:4), METADATAENTRY(c:3)]
2022-11-08 19:12:10,829 [s2-server-thread1] INFO  server.RaftServer$Division (RaftServerImpl.java:checkInconsistentAppendEntries(1602)) - s2@group-EA982605F2E5: Failed appendEntries as previous log entry ((t:2, i:0)) is not found
2022-11-08 19:12:10,829 [s2-server-thread1] INFO  server.RaftServer$Division (RaftServerImpl.java:checkInconsistentAppendEntries(1572)) - s2@group-EA982605F2E5: inconsistency entries. Reply:s1<-s2#2556:FAIL-t2,INCONSISTENCY,nextIndex=0,followerCommit=0,matchIndex=-1
2022-11-08 19:12:10,829 [grpc-default-executor-0] INFO  leader.FollowerInfo (FollowerInfoImpl.java:lambda$new$0(48)) - s1@group-EA982605F2E5->s2: nextIndex: updateUnconditionally 5 -> 0
2022-11-08 19:12:10,830 [s2-server-thread1] DEBUG server.RaftServer$Division (RaftServerImpl.java:logAppendEntries(1421)) - s2@group-EA982605F2E5: receive appendEntries(s1, 2, null, 4, true, commits:[s1:c4, s0:c4, s2:c0], cId:2557, entries: [(t:2, i:0), CONFIGURATIONENTRY(current:id: "s0"
address: "localhost:34297"
dataStreamAddress: "localhost:43983"
clientAddress: "localhost:39609"
adminAddress: "localhost:37077"
startupRole: FOLLOWER
,id: "s1"
address: "localhost:38917"
dataStreamAddress: "localhost:45719"
clientAddress: "localhost:36975"
adminAddress: "localhost:40635"
startupRole: FOLLOWER
,id: "s2"
address: "localhost:35511"
dataStreamAddress: "localhost:38827"
clientAddress: "localhost:42865"
adminAddress: "localhost:36791"
startupRole: FOLLOWER
, old:), (t:2, i:1), STATEMACHINELOGENTRY, 0@client-2EFB324ADA71, (t:2, i:2), METADATAENTRY(c:1), (t:2, i:3), STATEMACHINELOGENTRY, 999@client-AE8279CAF820, (t:2, i:4), METADATAENTRY(c:3)]
2022-11-08 19:12:10,830 [s2-server-thread1] INFO  server.RaftServer$Division (RaftServerImpl.java:checkInconsistentAppendEntries(1592)) - s2@group-EA982605F2E5: Failed appendEntries as the first entry (index 0) already exists (snapshotIndex: -1, commitIndex: 0)
2022-11-08 19:12:10,830 [s2-server-thread1] INFO  server.RaftServer$Division (RaftServerImpl.java:checkInconsistentAppendEntries(1572)) - s2@group-EA982605F2E5: inconsistency entries. Reply:s1<-s2#2557:FAIL-t2,INCONSISTENCY,nextIndex=1,followerCommit=0,matchIndex=-1
2022-11-08 19:12:10,830 [grpc-default-executor-0] INFO  leader.FollowerInfo (FollowerInfoImpl.java:lambda$new$0(48)) - s1@group-EA982605F2E5->s2: nextIndex: updateUnconditionally 5 -> 1
2022-11-08 19:12:10,831 [s2-server-thread2] DEBUG server.RaftServer$Division (RaftServerImpl.java:logAppendEntries(1421)) - s2@group-EA982605F2E5: receive appendEntries(s1, 2, (t:2, i:0), 4, true, commits:[s1:c4, s0:c4, s2:c0], cId:2558, entries: [(t:2, i:1), STATEMACHINELOGENTRY, 0@client-2EFB324ADA71, (t:2, i:2), METADATAENTRY(c:1), (t:2, i:3), STATEMACHINELOGENTRY, 999@client-AE8279CAF820, (t:2, i:4), METADATAENTRY(c:3)]
2022-11-08 19:12:10,831 [s2-server-thread2] INFO  server.RaftServer$Division (RaftServerImpl.java:checkInconsistentAppendEntries(1602)) - s2@group-EA982605F2E5: Failed appendEntries as previous log entry ((t:2, i:0)) is not found
2022-11-08 19:12:10,831 [s2-server-thread2] INFO  server.RaftServer$Division (RaftServerImpl.java:checkInconsistentAppendEntries(1572)) - s2@group-EA982605F2E5: inconsistency entries. Reply:s1<-s2#2558:FAIL-t2,INCONSISTENCY,nextIndex=0,followerCommit=0,matchIndex=-1
2022-11-08 19:12:10,831 [grpc-default-executor-0] INFO  leader.FollowerInfo (FollowerInfoImpl.java:lambda$new$0(48)) - s1@group-EA982605F2E5->s2: nextIndex: updateUnconditionally 5 -> 0
2022-11-08 19:12:10,832 [s2-server-thread1] DEBUG server.RaftServer$Division (RaftServerImpl.java:logAppendEntries(1421)) - s2@group-EA982605F2E5: receive appendEntries(s1, 2, null, 4, true, commits:[s1:c4, s0:c4, s2:c0], cId:2559, entries: [(t:2, i:0), CONFIGURATIONENTRY(current:id: "s0"
address: "localhost:34297"
dataStreamAddress: "localhost:43983"
clientAddress: "localhost:39609"
adminAddress: "localhost:37077"
startupRole: FOLLOWER
,id: "s1"
address: "localhost:38917"
dataStreamAddress: "localhost:45719"
clientAddress: "localhost:36975"
adminAddress: "localhost:40635"
startupRole: FOLLOWER
,id: "s2"
address: "localhost:35511"
dataStreamAddress: "localhost:38827"
clientAddress: "localhost:42865"
adminAddress: "localhost:36791"
startupRole: FOLLOWER
, old:), (t:2, i:1), STATEMACHINELOGENTRY, 0@client-2EFB324ADA71, (t:2, i:2), METADATAENTRY(c:1), (t:2, i:3), STATEMACHINELOGENTRY, 999@client-AE8279CAF820, (t:2, i:4), METADATAENTRY(c:3)]
2022-11-08 19:12:10,832 [s2-server-thread1] INFO  server.RaftServer$Division (RaftServerImpl.java:checkInconsistentAppendEntries(1592)) - s2@group-EA982605F2E5: Failed appendEntries as the first entry (index 0) already exists (snapshotIndex: -1, commitIndex: 0)
2022-11-08 19:12:10,832 [s2-server-thread1] INFO  server.RaftServer$Division (RaftServerImpl.java:checkInconsistentAppendEntries(1572)) - s2@group-EA982605F2E5: inconsistency entries. Reply:s1<-s2#2559:FAIL-t2,INCONSISTENCY,nextIndex=1,followerCommit=0,matchIndex=-1
2022-11-08 19:12:10,832 [grpc-default-executor-0] INFO  leader.FollowerInfo (FollowerInfoImpl.java:lambda$new$0(48)) - s1@group-EA982605F2E5->s2: nextIndex: updateUnconditionally 5 -> 1
2022-11-08 19:12:10,833 [s2-server-thread2] DEBUG server.RaftServer$Division (RaftServerImpl.java:logAppendEntries(1421)) - s2@group-EA982605F2E5: receive appendEntries(s1, 2, (t:2, i:0), 4, true, commits:[s1:c4, s0:c4, s2:c0], cId:2560, entries: [(t:2, i:1), STATEMACHINELOGENTRY, 0@client-2EFB324ADA71, (t:2, i:2), METADATAENTRY(c:1), (t:2, i:3), STATEMACHINELOGENTRY, 999@client-AE8279CAF820, (t:2, i:4), METADATAENTRY(c:3)]
2022-11-08 19:12:10,833 [s2-server-thread2] INFO  server.RaftServer$Division (RaftServerImpl.java:checkInconsistentAppendEntries(1602)) - s2@group-EA982605F2E5: Failed appendEntries as previous log entry ((t:2, i:0)) is not found
2022-11-08 19:12:10,833 [s2-server-thread2] INFO  server.RaftServer$Division (RaftServerImpl.java:checkInconsistentAppendEntries(1572)) - s2@group-EA982605F2E5: inconsistency entries. Reply:s1<-s2#2560:FAIL-t2,INCONSISTENCY,nextIndex=0,followerCommit=0,matchIndex=-1
2022-11-08 19:12:10,833 [grpc-default-executor-0] INFO  leader.FollowerInfo (FollowerInfoImpl.java:lambda$new$0(48)) - s1@group-EA982605F2E5->s2: nextIndex: updateUnconditionally 5 -> 0
2022-11-08 19:12:10,834 [s2-server-thread1] DEBUG server.RaftServer$Division (RaftServerImpl.java:logAppendEntries(1421)) - s2@group-EA982605F2E5: receive appendEntries(s1, 2, null, 4, true, commits:[s1:c4, s0:c4, s2:c0], cId:2561, entries: [(t:2, i:0), CONFIGURATIONENTRY(current:id: "s0"
address: "localhost:34297"
dataStreamAddress: "localhost:43983"
clientAddress: "localhost:39609"
adminAddress: "localhost:37077"
startupRole: FOLLOWER
,id: "s1"
address: "localhost:38917"
dataStreamAddress: "localhost:45719"
clientAddress: "localhost:36975"
adminAddress: "localhost:40635"
startupRole: FOLLOWER
,id: "s2"
address: "localhost:35511"
dataStreamAddress: "localhost:38827"
clientAddress: "localhost:42865"
adminAddress: "localhost:36791"
startupRole: FOLLOWER
, old:), (t:2, i:1), STATEMACHINELOGENTRY, 0@client-2EFB324ADA71, (t:2, i:2), METADATAENTRY(c:1), (t:2, i:3), STATEMACHINELOGENTRY, 999@client-AE8279CAF820, (t:2, i:4), METADATAENTRY(c:3)]
2022-11-08 19:12:10,834 [s2-server-thread1] INFO  server.RaftServer$Division (RaftServerImpl.java:checkInconsistentAppendEntries(1592)) - s2@group-EA982605F2E5: Failed appendEntries as the first entry (index 0) already exists (snapshotIndex: -1, commitIndex: 0)
2022-11-08 19:12:10,834 [s2-server-thread1] INFO  server.RaftServer$Division (RaftServerImpl.java:checkInconsistentAppendEntries(1572)) - s2@group-EA982605F2E5: inconsistency entries. Reply:s1<-s2#2561:FAIL-t2,INCONSISTENCY,nextIndex=1,followerCommit=0,matchIndex=-1
2022-11-08 19:12:10,834 [grpc-default-executor-0] INFO  leader.FollowerInfo (FollowerInfoImpl.java:lambda$new$0(48)) - s1@group-EA982605F2E5->s2: nextIndex: updateUnconditionally 5 -> 1
2022-11-08 19:12:10,835 [s2-server-thread1] DEBUG server.RaftServer$Division (RaftServerImpl.java:logAppendEntries(1421)) - s2@group-EA982605F2E5: receive appendEntries(s1, 2, (t:2, i:0), 4, true, commits:[s1:c4, s0:c4, s2:c0], cId:2562, entries: [(t:2, i:1), STATEMACHINELOGENTRY, 0@client-2EFB324ADA71, (t:2, i:2), METADATAENTRY(c:1), (t:2, i:3), STATEMACHINELOGENTRY, 999@client-AE8279CAF820, (t:2, i:4), METADATAENTRY(c:3)]
2022-11-08 19:12:10,836 [s2-server-thread1] INFO  server.RaftServer$Division (RaftServerImpl.java:checkInconsistentAppendEntries(1602)) - s2@group-EA982605F2E5: Failed appendEntries as previous log entry ((t:2, i:0)) is not found
2022-11-08 19:12:10,836 [s2-server-thread1] INFO  server.RaftServer$Division (RaftServerImpl.java:checkInconsistentAppendEntries(1572)) - s2@group-EA982605F2E5: inconsistency entries. Reply:s1<-s2#2562:FAIL-t2,INCONSISTENCY,nextIndex=0,followerCommit=0,matchIndex=-1
2022-11-08 19:12:10,836 [grpc-default-executor-0] INFO  leader.FollowerInfo (FollowerInfoImpl.java:lambda$new$0(48)) - s1@group-EA982605F2E5->s2: nextIndex: updateUnconditionally 5 -> 0
2022-11-08 19:12:10,837 [s2-server-thread1] DEBUG server.RaftServer$Division (RaftServerImpl.java:logAppendEntries(1421)) - s2@group-EA982605F2E5: receive appendEntries(s1, 2, null, 4, true, commits:[s1:c4, s0:c4, s2:c0], cId:2563, entries: [(t:2, i:0), CONFIGURATIONENTRY(current:id: "s0"
address: "localhost:34297"
dataStreamAddress: "localhost:43983"
clientAddress: "localhost:39609"
adminAddress: "localhost:37077"
startupRole: FOLLOWER
,id: "s1"
address: "localhost:38917"
dataStreamAddress: "localhost:45719"
clientAddress: "localhost:36975"
adminAddress: "localhost:40635"
startupRole: FOLLOWER
,id: "s2"
address: "localhost:35511"
dataStreamAddress: "localhost:38827"
clientAddress: "localhost:42865"
adminAddress: "localhost:36791"
startupRole: FOLLOWER
, old:), (t:2, i:1), STATEMACHINELOGENTRY, 0@client-2EFB324ADA71, (t:2, i:2), METADATAENTRY(c:1), (t:2, i:3), STATEMACHINELOGENTRY, 999@client-AE8279CAF820, (t:2, i:4), METADATAENTRY(c:3)]
2022-11-08 19:12:10,837 [s2-server-thread1] INFO  server.RaftServer$Division (RaftServerImpl.java:checkInconsistentAppendEntries(1592)) - s2@group-EA982605F2E5: Failed appendEntries as the first entry (index 0) already exists (snapshotIndex: -1, commitIndex: 0)
2022-11-08 19:12:10,837 [s2-server-thread1] INFO  server.RaftServer$Division (RaftServerImpl.java:checkInconsistentAppendEntries(1572)) - s2@group-EA982605F2E5: inconsistency entries. Reply:s1<-s2#2563:FAIL-t2,INCONSISTENCY,nextIndex=1,followerCommit=0,matchIndex=-1
2022-11-08 19:12:10,837 [grpc-default-executor-0] INFO  leader.FollowerInfo (FollowerInfoImpl.java:lambda$new$0(48)) - s1@group-EA982605F2E5->s2: nextIndex: updateUnconditionally 5 -> 1
2022-11-08 19:12:10,838 [s2-server-thread1] DEBUG server.RaftServer$Division (RaftServerImpl.java:logAppendEntries(1421)) - s2@group-EA982605F2E5: receive appendEntries(s1, 2, (t:2, i:0), 4, true, commits:[s1:c4, s0:c4, s2:c0], cId:2564, entries: [(t:2, i:1), STATEMACHINELOGENTRY, 0@client-2EFB324ADA71, (t:2, i:2), METADATAENTRY(c:1), (t:2, i:3), STATEMACHINELOGENTRY, 999@client-AE8279CAF820, (t:2, i:4), METADATAENTRY(c:3)]
2022-11-08 19:12:10,838 [s2-server-thread1] INFO  server.RaftServer$Division (RaftServerImpl.java:checkInconsistentAppendEntries(1602)) - s2@group-EA982605F2E5: Failed appendEntries as previous log entry ((t:2, i:0)) is not found
2022-11-08 19:12:10,838 [s2-server-thread1] INFO  server.RaftServer$Division (RaftServerImpl.java:checkInconsistentAppendEntries(1572)) - s2@group-EA982605F2E5: inconsistency entries. Reply:s1<-s2#2564:FAIL-t2,INCONSISTENCY,nextIndex=0,followerCommit=0,matchIndex=-1
2022-11-08 19:12:10,838 [grpc-default-executor-0] INFO  leader.FollowerInfo (FollowerInfoImpl.java:lambda$new$0(48)) - s1@group-EA982605F2E5->s2: nextIndex: updateUnconditionally 5 -> 0
2022-11-08 19:12:10,839 [s2-server-thread1] DEBUG server.RaftServer$Division (RaftServerImpl.java:logAppendEntries(1421)) - s2@group-EA982605F2E5: receive appendEntries(s1, 2, null, 4, true, commits:[s1:c4, s0:c4, s2:c0], cId:2565, entries: [(t:2, i:0), CONFIGURATIONENTRY(current:id: "s0"
address: "localhost:34297"
dataStreamAddress: "localhost:43983"
clientAddress: "localhost:39609"
adminAddress: "localhost:37077"
startupRole: FOLLOWER
,id: "s1"
address: "localhost:38917"
dataStreamAddress: "localhost:45719"
clientAddress: "localhost:36975"
adminAddress: "localhost:40635"
startupRole: FOLLOWER
,id: "s2"
address: "localhost:35511"
dataStreamAddress: "localhost:38827"
clientAddress: "localhost:42865"
adminAddress: "localhost:36791"
startupRole: FOLLOWER
, old:), (t:2, i:1), STATEMACHINELOGENTRY, 0@client-2EFB324ADA71, (t:2, i:2), METADATAENTRY(c:1), (t:2, i:3), STATEMACHINELOGENTRY, 999@client-AE8279CAF820, (t:2, i:4), METADATAENTRY(c:3)]
2022-11-08 19:12:10,839 [s2-server-thread1] INFO  server.RaftServer$Division (RaftServerImpl.java:checkInconsistentAppendEntries(1592)) - s2@group-EA982605F2E5: Failed appendEntries as the first entry (index 0) already exists (snapshotIndex: -1, commitIndex: 0)
2022-11-08 19:12:10,839 [s2-server-thread1] INFO  server.RaftServer$Division (RaftServerImpl.java:checkInconsistentAppendEntries(1572)) - s2@group-EA982605F2E5: inconsistency entries. Reply:s1<-s2#2565:FAIL-t2,INCONSISTENCY,nextIndex=1,followerCommit=0,matchIndex=-1
2022-11-08 19:12:10,840 [grpc-default-executor-0] INFO  leader.FollowerInfo (FollowerInfoImpl.java:lambda$new$0(48)) - s1@group-EA982605F2E5->s2: nextIndex: updateUnconditionally 5 -> 1
2022-11-08 19:12:10,840 [s2-server-thread2] DEBUG server.RaftServer$Division (RaftServerImpl.java:logAppendEntries(1421)) - s2@group-EA982605F2E5: receive appendEntries(s1, 2, (t:2, i:0), 4, true, commits:[s1:c4, s0:c4, s2:c0], cId:2566, entries: [(t:2, i:1), STATEMACHINELOGENTRY, 0@client-2EFB324ADA71, (t:2, i:2), METADATAENTRY(c:1), (t:2, i:3), STATEMACHINELOGENTRY, 999@client-AE8279CAF820, (t:2, i:4), METADATAENTRY(c:3)]
2022-11-08 19:12:10,840 [s2-server-thread2] INFO  server.RaftServer$Division (RaftServerImpl.java:checkInconsistentAppendEntries(1602)) - s2@group-EA982605F2E5: Failed appendEntries as previous log entry ((t:2, i:0)) is not found
2022-11-08 19:12:10,840 [s2-server-thread2] INFO  server.RaftServer$Division (RaftServerImpl.java:checkInconsistentAppendEntries(1572)) - s2@group-EA982605F2E5: inconsistency entries. Reply:s1<-s2#2566:FAIL-t2,INCONSISTENCY,nextIndex=0,followerCommit=0,matchIndex=-1
2022-11-08 19:12:10,841 [grpc-default-executor-0] INFO  leader.FollowerInfo (FollowerInfoImpl.java:lambda$new$0(48)) - s1@group-EA982605F2E5->s2: nextIndex: updateUnconditionally 5 -> 0
2022-11-08 19:12:10,841 [s2-server-thread1] DEBUG server.RaftServer$Division (RaftServerImpl.java:logAppendEntries(1421)) - s2@group-EA982605F2E5: receive appendEntries(s1, 2, null, 4, true, commits:[s1:c4, s0:c4, s2:c0], cId:2567, entries: [(t:2, i:0), CONFIGURATIONENTRY(current:id: "s0"
address: "localhost:34297"
dataStreamAddress: "localhost:43983"
clientAddress: "localhost:39609"
adminAddress: "localhost:37077"
startupRole: FOLLOWER
,id: "s1"
address: "localhost:38917"
dataStreamAddress: "localhost:45719"
clientAddress: "localhost:36975"
adminAddress: "localhost:40635"
startupRole: FOLLOWER
,id: "s2"
address: "localhost:35511"
dataStreamAddress: "localhost:38827"
clientAddress: "localhost:42865"
adminAddress: "localhost:36791"
startupRole: FOLLOWER
, old:), (t:2, i:1), STATEMACHINELOGENTRY, 0@client-2EFB324ADA71, (t:2, i:2), METADATAENTRY(c:1), (t:2, i:3), STATEMACHINELOGENTRY, 999@client-AE8279CAF820, (t:2, i:4), METADATAENTRY(c:3)]
2022-11-08 19:12:10,842 [s2-server-thread1] INFO  server.RaftServer$Division (RaftServerImpl.java:checkInconsistentAppendEntries(1592)) - s2@group-EA982605F2E5: Failed appendEntries as the first entry (index 0) already exists (snapshotIndex: -1, commitIndex: 0)
2022-11-08 19:12:10,842 [s2-server-thread1] INFO  server.RaftServer$Division (RaftServerImpl.java:checkInconsistentAppendEntries(1572)) - s2@group-EA982605F2E5: inconsistency entries. Reply:s1<-s2#2567:FAIL-t2,INCONSISTENCY,nextIndex=1,followerCommit=0,matchIndex=-1
2022-11-08 19:12:10,842 [grpc-default-executor-0] INFO  leader.FollowerInfo (FollowerInfoImpl.java:lambda$new$0(48)) - s1@group-EA982605F2E5->s2: nextIndex: updateUnconditionally 5 -> 1
2022-11-08 19:12:10,843 [s2-server-thread2] DEBUG server.RaftServer$Division (RaftServerImpl.java:logAppendEntries(1421)) - s2@group-EA982605F2E5: receive appendEntries(s1, 2, (t:2, i:0), 4, true, commits:[s1:c4, s0:c4, s2:c0], cId:2568, entries: [(t:2, i:1), STATEMACHINELOGENTRY, 0@client-2EFB324ADA71, (t:2, i:2), METADATAENTRY(c:1), (t:2, i:3), STATEMACHINELOGENTRY, 999@client-AE8279CAF820, (t:2, i:4), METADATAENTRY(c:3)]
2022-11-08 19:12:10,843 [s2-server-thread2] INFO  server.RaftServer$Division (RaftServerImpl.java:checkInconsistentAppendEntries(1602)) - s2@group-EA982605F2E5: Failed appendEntries as previous log entry ((t:2, i:0)) is not found
2022-11-08 19:12:10,843 [s2-server-thread2] INFO  server.RaftServer$Division (RaftServerImpl.java:checkInconsistentAppendEntries(1572)) - s2@group-EA982605F2E5: inconsistency entries. Reply:s1<-s2#2568:FAIL-t2,INCONSISTENCY,nextIndex=0,followerCommit=0,matchIndex=-1
2022-11-08 19:12:10,843 [grpc-default-executor-0] INFO  leader.FollowerInfo (FollowerInfoImpl.java:lambda$new$0(48)) - s1@group-EA982605F2E5->s2: nextIndex: updateUnconditionally 5 -> 0
2022-11-08 19:12:10,844 [s2-server-thread1] DEBUG server.RaftServer$Division (RaftServerImpl.java:logAppendEntries(1421)) - s2@group-EA982605F2E5: receive appendEntries(s1, 2, null, 4, true, commits:[s1:c4, s0:c4, s2:c0], cId:2569, entries: [(t:2, i:0), CONFIGURATIONENTRY(current:id: "s0"
address: "localhost:34297"
dataStreamAddress: "localhost:43983"
clientAddress: "localhost:39609"
adminAddress: "localhost:37077"
startupRole: FOLLOWER
,id: "s1"
address: "localhost:38917"
dataStreamAddress: "localhost:45719"
clientAddress: "localhost:36975"
adminAddress: "localhost:40635"
startupRole: FOLLOWER
,id: "s2"
address: "localhost:35511"
dataStreamAddress: "localhost:38827"
clientAddress: "localhost:42865"
adminAddress: "localhost:36791"
startupRole: FOLLOWER
, old:), (t:2, i:1), STATEMACHINELOGENTRY, 0@client-2EFB324ADA71, (t:2, i:2), METADATAENTRY(c:1), (t:2, i:3), STATEMACHINELOGENTRY, 999@client-AE8279CAF820, (t:2, i:4), METADATAENTRY(c:3)]
2022-11-08 19:12:10,844 [s2-server-thread1] INFO  server.RaftServer$Division (RaftServerImpl.java:checkInconsistentAppendEntries(1592)) - s2@group-EA982605F2E5: Failed appendEntries as the first entry (index 0) already exists (snapshotIndex: -1, commitIndex: 0)
2022-11-08 19:12:10,844 [s2-server-thread1] INFO  server.RaftServer$Division (RaftServerImpl.java:checkInconsistentAppendEntries(1572)) - s2@group-EA982605F2E5: inconsistency entries. Reply:s1<-s2#2569:FAIL-t2,INCONSISTENCY,nextIndex=1,followerCommit=0,matchIndex=-1
2022-11-08 19:12:10,844 [grpc-default-executor-0] INFO  leader.FollowerInfo (FollowerInfoImpl.java:lambda$new$0(48)) - s1@group-EA982605F2E5->s2: nextIndex: updateUnconditionally 5 -> 1
2022-11-08 19:12:10,845 [s2-server-thread1] DEBUG server.RaftServer$Division (RaftServerImpl.java:logAppendEntries(1421)) - s2@group-EA982605F2E5: receive appendEntries(s1, 2, (t:2, i:0), 4, true, commits:[s1:c4, s0:c4, s2:c0], cId:2570, entries: [(t:2, i:1), STATEMACHINELOGENTRY, 0@client-2EFB324ADA71, (t:2, i:2), METADATAENTRY(c:1), (t:2, i:3), STATEMACHINELOGENTRY, 999@client-AE8279CAF820, (t:2, i:4), METADATAENTRY(c:3)]
2022-11-08 19:12:10,845 [s2-server-thread1] INFO  server.RaftServer$Division (RaftServerImpl.java:checkInconsistentAppendEntries(1602)) - s2@group-EA982605F2E5: Failed appendEntries as previous log entry ((t:2, i:0)) is not found
2022-11-08 19:12:10,845 [s2-server-thread1] INFO  server.RaftServer$Division (RaftServerImpl.java:checkInconsistentAppendEntries(1572)) - s2@group-EA982605F2E5: inconsistency entries. Reply:s1<-s2#2570:FAIL-t2,INCONSISTENCY,nextIndex=0,followerCommit=0,matchIndex=-1
2022-11-08 19:12:10,845 [grpc-default-executor-0] INFO  leader.FollowerInfo (FollowerInfoImpl.java:lambda$new$0(48)) - s1@group-EA982605F2E5->s2: nextIndex: updateUnconditionally 5 -> 0
2022-11-08 19:12:10,846 [s2-server-thread1] DEBUG server.RaftServer$Division (RaftServerImpl.java:logAppendEntries(1421)) - s2@group-EA982605F2E5: receive appendEntries(s1, 2, null, 4, true, commits:[s1:c4, s0:c4, s2:c0], cId:2571, entries: [(t:2, i:0), CONFIGURATIONENTRY(current:id: "s0"
address: "localhost:34297"
dataStreamAddress: "localhost:43983"
clientAddress: "localhost:39609"
adminAddress: "localhost:37077"
startupRole: FOLLOWER
,id: "s1"
address: "localhost:38917"
dataStreamAddress: "localhost:45719"
clientAddress: "localhost:36975"
adminAddress: "localhost:40635"
startupRole: FOLLOWER
,id: "s2"
address: "localhost:35511"
dataStreamAddress: "localhost:38827"
clientAddress: "localhost:42865"
adminAddress: "localhost:36791"
startupRole: FOLLOWER
, old:), (t:2, i:1), STATEMACHINELOGENTRY, 0@client-2EFB324ADA71, (t:2, i:2), METADATAENTRY(c:1), (t:2, i:3), STATEMACHINELOGENTRY, 999@client-AE8279CAF820, (t:2, i:4), METADATAENTRY(c:3)]
2022-11-08 19:12:10,846 [s2-server-thread1] INFO  server.RaftServer$Division (RaftServerImpl.java:checkInconsistentAppendEntries(1592)) - s2@group-EA982605F2E5: Failed appendEntries as the first entry (index 0) already exists (snapshotIndex: -1, commitIndex: 0)
2022-11-08 19:12:10,846 [s2-server-thread1] INFO  server.RaftServer$Division (RaftServerImpl.java:checkInconsistentAppendEntries(1572)) - s2@group-EA982605F2E5: inconsistency entries. Reply:s1<-s2#2571:FAIL-t2,INCONSISTENCY,nextIndex=1,followerCommit=0,matchIndex=-1
2022-11-08 19:12:10,846 [grpc-default-executor-0] INFO  leader.FollowerInfo (FollowerInfoImpl.java:lambda$new$0(48)) - s1@group-EA982605F2E5->s2: nextIndex: updateUnconditionally 5 -> 1
2022-11-08 19:12:10,847 [s2-server-thread1] DEBUG server.RaftServer$Division (RaftServerImpl.java:logAppendEntries(1421)) - s2@group-EA982605F2E5: receive appendEntries(s1, 2, (t:2, i:0), 4, true, commits:[s1:c4, s0:c4, s2:c0], cId:2572, entries: [(t:2, i:1), STATEMACHINELOGENTRY, 0@client-2EFB324ADA71, (t:2, i:2), METADATAENTRY(c:1), (t:2, i:3), STATEMACHINELOGENTRY, 999@client-AE8279CAF820, (t:2, i:4), METADATAENTRY(c:3)]
2022-11-08 19:12:10,847 [s2-server-thread1] INFO  server.RaftServer$Division (RaftServerImpl.java:checkInconsistentAppendEntries(1602)) - s2@group-EA982605F2E5: Failed appendEntries as previous log entry ((t:2, i:0)) is not found
2022-11-08 19:12:10,847 [s2-server-thread1] INFO  server.RaftServer$Division (RaftServerImpl.java:checkInconsistentAppendEntries(1572)) - s2@group-EA982605F2E5: inconsistency entries. Reply:s1<-s2#2572:FAIL-t2,INCONSISTENCY,nextIndex=0,followerCommit=0,matchIndex=-1
2022-11-08 19:12:10,847 [grpc-default-executor-0] INFO  leader.FollowerInfo (FollowerInfoImpl.java:lambda$new$0(48)) - s1@group-EA982605F2E5->s2: nextIndex: updateUnconditionally 5 -> 0
2022-11-08 19:12:10,848 [s2-server-thread1] DEBUG server.RaftServer$Division (RaftServerImpl.java:logAppendEntries(1421)) - s2@group-EA982605F2E5: receive appendEntries(s1, 2, null, 4, true, commits:[s1:c4, s0:c4, s2:c0], cId:2573, entries: [(t:2, i:0), CONFIGURATIONENTRY(current:id: "s0"
address: "localhost:34297"
dataStreamAddress: "localhost:43983"
clientAddress: "localhost:39609"
adminAddress: "localhost:37077"
startupRole: FOLLOWER
,id: "s1"
address: "localhost:38917"
dataStreamAddress: "localhost:45719"
clientAddress: "localhost:36975"
adminAddress: "localhost:40635"
startupRole: FOLLOWER
,id: "s2"
address: "localhost:35511"
dataStreamAddress: "localhost:38827"
clientAddress: "localhost:42865"
adminAddress: "localhost:36791"
startupRole: FOLLOWER
, old:), (t:2, i:1), STATEMACHINELOGENTRY, 0@client-2EFB324ADA71, (t:2, i:2), METADATAENTRY(c:1), (t:2, i:3), STATEMACHINELOGENTRY, 999@client-AE8279CAF820, (t:2, i:4), METADATAENTRY(c:3)]
2022-11-08 19:12:10,848 [s2-server-thread1] INFO  server.RaftServer$Division (RaftServerImpl.java:checkInconsistentAppendEntries(1592)) - s2@group-EA982605F2E5: Failed appendEntries as the first entry (index 0) already exists (snapshotIndex: -1, commitIndex: 0)
2022-11-08 19:12:10,848 [s2-server-thread1] INFO  server.RaftServer$Division (RaftServerImpl.java:checkInconsistentAppendEntries(1572)) - s2@group-EA982605F2E5: inconsistency entries. Reply:s1<-s2#2573:FAIL-t2,INCONSISTENCY,nextIndex=1,followerCommit=0,matchIndex=-1
2022-11-08 19:12:10,848 [grpc-default-executor-0] INFO  leader.FollowerInfo (FollowerInfoImpl.java:lambda$new$0(48)) - s1@group-EA982605F2E5->s2: nextIndex: updateUnconditionally 5 -> 1
2022-11-08 19:12:10,849 [s2-server-thread2] DEBUG server.RaftServer$Division (RaftServerImpl.java:logAppendEntries(1421)) - s2@group-EA982605F2E5: receive appendEntries(s1, 2, (t:2, i:0), 4, true, commits:[s1:c4, s0:c4, s2:c0], cId:2574, entries: [(t:2, i:1), STATEMACHINELOGENTRY, 0@client-2EFB324ADA71, (t:2, i:2), METADATAENTRY(c:1), (t:2, i:3), STATEMACHINELOGENTRY, 999@client-AE8279CAF820, (t:2, i:4), METADATAENTRY(c:3)]
2022-11-08 19:12:10,849 [s2-server-thread2] INFO  server.RaftServer$Division (RaftServerImpl.java:checkInconsistentAppendEntries(1602)) - s2@group-EA982605F2E5: Failed appendEntries as previous log entry ((t:2, i:0)) is not found
2022-11-08 19:12:10,849 [s2-server-thread2] INFO  server.RaftServer$Division (RaftServerImpl.java:checkInconsistentAppendEntries(1572)) - s2@group-EA982605F2E5: inconsistency entries. Reply:s1<-s2#2574:FAIL-t2,INCONSISTENCY,nextIndex=0,followerCommit=0,matchIndex=-1
2022-11-08 19:12:10,849 [grpc-default-executor-0] INFO  leader.FollowerInfo (FollowerInfoImpl.java:lambda$new$0(48)) - s1@group-EA982605F2E5->s2: nextIndex: updateUnconditionally 5 -> 0
2022-11-08 19:12:10,850 [s2-server-thread1] DEBUG server.RaftServer$Division (RaftServerImpl.java:logAppendEntries(1421)) - s2@group-EA982605F2E5: receive appendEntries(s1, 2, null, 4, true, commits:[s1:c4, s0:c4, s2:c0], cId:2575, entries: [(t:2, i:0), CONFIGURATIONENTRY(current:id: "s0"
address: "localhost:34297"
dataStreamAddress: "localhost:43983"
clientAddress: "localhost:39609"
adminAddress: "localhost:37077"
startupRole: FOLLOWER
,id: "s1"
address: "localhost:38917"
dataStreamAddress: "localhost:45719"
clientAddress: "localhost:36975"
adminAddress: "localhost:40635"
startupRole: FOLLOWER
,id: "s2"
address: "localhost:35511"
dataStreamAddress: "localhost:38827"
clientAddress: "localhost:42865"
adminAddress: "localhost:36791"
startupRole: FOLLOWER
, old:), (t:2, i:1), STATEMACHINELOGENTRY, 0@client-2EFB324ADA71, (t:2, i:2), METADATAENTRY(c:1), (t:2, i:3), STATEMACHINELOGENTRY, 999@client-AE8279CAF820, (t:2, i:4), METADATAENTRY(c:3)]
2022-11-08 19:12:10,850 [s2-server-thread1] INFO  server.RaftServer$Division (RaftServerImpl.java:checkInconsistentAppendEntries(1592)) - s2@group-EA982605F2E5: Failed appendEntries as the first entry (index 0) already exists (snapshotIndex: -1, commitIndex: 0)
2022-11-08 19:12:10,850 [s2-server-thread1] INFO  server.RaftServer$Division (RaftServerImpl.java:checkInconsistentAppendEntries(1572)) - s2@group-EA982605F2E5: inconsistency entries. Reply:s1<-s2#2575:FAIL-t2,INCONSISTENCY,nextIndex=1,followerCommit=0,matchIndex=-1
2022-11-08 19:12:10,850 [grpc-default-executor-0] INFO  leader.FollowerInfo (FollowerInfoImpl.java:lambda$new$0(48)) - s1@group-EA982605F2E5->s2: nextIndex: updateUnconditionally 5 -> 1
2022-11-08 19:12:10,851 [s2-server-thread1] DEBUG server.RaftServer$Division (RaftServerImpl.java:logAppendEntries(1421)) - s2@group-EA982605F2E5: receive appendEntries(s1, 2, (t:2, i:0), 4, true, commits:[s1:c4, s0:c4, s2:c0], cId:2576, entries: [(t:2, i:1), STATEMACHINELOGENTRY, 0@client-2EFB324ADA71, (t:2, i:2), METADATAENTRY(c:1), (t:2, i:3), STATEMACHINELOGENTRY, 999@client-AE8279CAF820, (t:2, i:4), METADATAENTRY(c:3)]
2022-11-08 19:12:10,851 [s2-server-thread1] INFO  server.RaftServer$Division (RaftServerImpl.java:checkInconsistentAppendEntries(1602)) - s2@group-EA982605F2E5: Failed appendEntries as previous log entry ((t:2, i:0)) is not found
2022-11-08 19:12:10,851 [s2-server-thread1] INFO  server.RaftServer$Division (RaftServerImpl.java:checkInconsistentAppendEntries(1572)) - s2@group-EA982605F2E5: inconsistency entries. Reply:s1<-s2#2576:FAIL-t2,INCONSISTENCY,nextIndex=0,followerCommit=0,matchIndex=-1
2022-11-08 19:12:10,851 [grpc-default-executor-0] INFO  leader.FollowerInfo (FollowerInfoImpl.java:lambda$new$0(48)) - s1@group-EA982605F2E5->s2: nextIndex: updateUnconditionally 5 -> 0
2022-11-08 19:12:10,852 [s2-server-thread1] DEBUG server.RaftServer$Division (RaftServerImpl.java:logAppendEntries(1421)) - s2@group-EA982605F2E5: receive appendEntries(s1, 2, null, 4, true, commits:[s1:c4, s0:c4, s2:c0], cId:2577, entries: [(t:2, i:0), CONFIGURATIONENTRY(current:id: "s0"
address: "localhost:34297"
dataStreamAddress: "localhost:43983"
clientAddress: "localhost:39609"
adminAddress: "localhost:37077"
startupRole: FOLLOWER
,id: "s1"
address: "localhost:38917"
dataStreamAddress: "localhost:45719"
clientAddress: "localhost:36975"
adminAddress: "localhost:40635"
startupRole: FOLLOWER
,id: "s2"
address: "localhost:35511"
dataStreamAddress: "localhost:38827"
clientAddress: "localhost:42865"
adminAddress: "localhost:36791"
startupRole: FOLLOWER
, old:), (t:2, i:1), STATEMACHINELOGENTRY, 0@client-2EFB324ADA71, (t:2, i:2), METADATAENTRY(c:1), (t:2, i:3), STATEMACHINELOGENTRY, 999@client-AE8279CAF820, (t:2, i:4), METADATAENTRY(c:3)]
2022-11-08 19:12:10,852 [s2-server-thread1] INFO  server.RaftServer$Division (RaftServerImpl.java:checkInconsistentAppendEntries(1592)) - s2@group-EA982605F2E5: Failed appendEntries as the first entry (index 0) already exists (snapshotIndex: -1, commitIndex: 0)
2022-11-08 19:12:10,852 [s2-server-thread1] INFO  server.RaftServer$Division (RaftServerImpl.java:checkInconsistentAppendEntries(1572)) - s2@group-EA982605F2E5: inconsistency entries. Reply:s1<-s2#2577:FAIL-t2,INCONSISTENCY,nextIndex=1,followerCommit=0,matchIndex=-1
2022-11-08 19:12:10,852 [grpc-default-executor-0] INFO  leader.FollowerInfo (FollowerInfoImpl.java:lambda$new$0(48)) - s1@group-EA982605F2E5->s2: nextIndex: updateUnconditionally 5 -> 1
2022-11-08 19:12:10,853 [s2-server-thread1] DEBUG server.RaftServer$Division (RaftServerImpl.java:logAppendEntries(1421)) - s2@group-EA982605F2E5: receive appendEntries(s1, 2, (t:2, i:0), 4, true, commits:[s1:c4, s0:c4, s2:c0], cId:2578, entries: [(t:2, i:1), STATEMACHINELOGENTRY, 0@client-2EFB324ADA71, (t:2, i:2), METADATAENTRY(c:1), (t:2, i:3), STATEMACHINELOGENTRY, 999@client-AE8279CAF820, (t:2, i:4), METADATAENTRY(c:3)]
2022-11-08 19:12:10,853 [s2-server-thread1] INFO  server.RaftServer$Division (RaftServerImpl.java:checkInconsistentAppendEntries(1602)) - s2@group-EA982605F2E5: Failed appendEntries as previous log entry ((t:2, i:0)) is not found
2022-11-08 19:12:10,853 [s2-server-thread1] INFO  server.RaftServer$Division (RaftServerImpl.java:checkInconsistentAppendEntries(1572)) - s2@group-EA982605F2E5: inconsistency entries. Reply:s1<-s2#2578:FAIL-t2,INCONSISTENCY,nextIndex=0,followerCommit=0,matchIndex=-1
2022-11-08 19:12:10,853 [grpc-default-executor-0] INFO  leader.FollowerInfo (FollowerInfoImpl.java:lambda$new$0(48)) - s1@group-EA982605F2E5->s2: nextIndex: updateUnconditionally 5 -> 0
2022-11-08 19:12:10,854 [s2-server-thread1] DEBUG server.RaftServer$Division (RaftServerImpl.java:logAppendEntries(1421)) - s2@group-EA982605F2E5: receive appendEntries(s1, 2, null, 4, true, commits:[s1:c4, s0:c4, s2:c0], cId:2579, entries: [(t:2, i:0), CONFIGURATIONENTRY(current:id: "s0"
address: "localhost:34297"
dataStreamAddress: "localhost:43983"
clientAddress: "localhost:39609"
adminAddress: "localhost:37077"
startupRole: FOLLOWER
,id: "s1"
address: "localhost:38917"
dataStreamAddress: "localhost:45719"
clientAddress: "localhost:36975"
adminAddress: "localhost:40635"
startupRole: FOLLOWER
,id: "s2"
address: "localhost:35511"
dataStreamAddress: "localhost:38827"
clientAddress: "localhost:42865"
adminAddress: "localhost:36791"
startupRole: FOLLOWER
, old:), (t:2, i:1), STATEMACHINELOGENTRY, 0@client-2EFB324ADA71, (t:2, i:2), METADATAENTRY(c:1), (t:2, i:3), STATEMACHINELOGENTRY, 999@client-AE8279CAF820, (t:2, i:4), METADATAENTRY(c:3)]
2022-11-08 19:12:10,854 [s2-server-thread1] INFO  server.RaftServer$Division (RaftServerImpl.java:checkInconsistentAppendEntries(1592)) - s2@group-EA982605F2E5: Failed appendEntries as the first entry (index 0) already exists (snapshotIndex: -1, commitIndex: 0)
2022-11-08 19:12:10,854 [s2-server-thread1] INFO  server.RaftServer$Division (RaftServerImpl.java:checkInconsistentAppendEntries(1572)) - s2@group-EA982605F2E5: inconsistency entries. Reply:s1<-s2#2579:FAIL-t2,INCONSISTENCY,nextIndex=1,followerCommit=0,matchIndex=-1
2022-11-08 19:12:10,854 [grpc-default-executor-0] INFO  leader.FollowerInfo (FollowerInfoImpl.java:lambda$new$0(48)) - s1@group-EA982605F2E5->s2: nextIndex: updateUnconditionally 5 -> 1
2022-11-08 19:12:10,856 [s2-server-thread1] DEBUG server.RaftServer$Division (RaftServerImpl.java:logAppendEntries(1421)) - s2@group-EA982605F2E5: receive appendEntries(s1, 2, (t:2, i:0), 4, true, commits:[s1:c4, s0:c4, s2:c0], cId:2580, entries: [(t:2, i:1), STATEMACHINELOGENTRY, 0@client-2EFB324ADA71, (t:2, i:2), METADATAENTRY(c:1), (t:2, i:3), STATEMACHINELOGENTRY, 999@client-AE8279CAF820, (t:2, i:4), METADATAENTRY(c:3)]
2022-11-08 19:12:10,856 [s2-server-thread1] INFO  server.RaftServer$Division (RaftServerImpl.java:checkInconsistentAppendEntries(1602)) - s2@group-EA982605F2E5: Failed appendEntries as previous log entry ((t:2, i:0)) is not found
2022-11-08 19:12:10,856 [s2-server-thread1] INFO  server.RaftServer$Division (RaftServerImpl.java:checkInconsistentAppendEntries(1572)) - s2@group-EA982605F2E5: inconsistency entries. Reply:s1<-s2#2580:FAIL-t2,INCONSISTENCY,nextIndex=0,followerCommit=0,matchIndex=-1
2022-11-08 19:12:10,856 [grpc-default-executor-0] INFO  leader.FollowerInfo (FollowerInfoImpl.java:lambda$new$0(48)) - s1@group-EA982605F2E5->s2: nextIndex: updateUnconditionally 5 -> 0
2022-11-08 19:12:10,857 [s2-server-thread1] DEBUG server.RaftServer$Division (RaftServerImpl.java:logAppendEntries(1421)) - s2@group-EA982605F2E5: receive appendEntries(s1, 2, null, 4, true, commits:[s1:c4, s0:c4, s2:c0], cId:2581, entries: [(t:2, i:0), CONFIGURATIONENTRY(current:id: "s0"
address: "localhost:34297"
dataStreamAddress: "localhost:43983"
clientAddress: "localhost:39609"
adminAddress: "localhost:37077"
startupRole: FOLLOWER
,id: "s1"
address: "localhost:38917"
dataStreamAddress: "localhost:45719"
clientAddress: "localhost:36975"
adminAddress: "localhost:40635"
startupRole: FOLLOWER
,id: "s2"
address: "localhost:35511"
dataStreamAddress: "localhost:38827"
clientAddress: "localhost:42865"
adminAddress: "localhost:36791"
startupRole: FOLLOWER
, old:), (t:2, i:1), STATEMACHINELOGENTRY, 0@client-2EFB324ADA71, (t:2, i:2), METADATAENTRY(c:1), (t:2, i:3), STATEMACHINELOGENTRY, 999@client-AE8279CAF820, (t:2, i:4), METADATAENTRY(c:3)]
2022-11-08 19:12:10,857 [s2-server-thread1] INFO  server.RaftServer$Division (RaftServerImpl.java:checkInconsistentAppendEntries(1592)) - s2@group-EA982605F2E5: Failed appendEntries as the first entry (index 0) already exists (snapshotIndex: -1, commitIndex: 0)
2022-11-08 19:12:10,857 [s2-server-thread1] INFO  server.RaftServer$Division (RaftServerImpl.java:checkInconsistentAppendEntries(1572)) - s2@group-EA982605F2E5: inconsistency entries. Reply:s1<-s2#2581:FAIL-t2,INCONSISTENCY,nextIndex=1,followerCommit=0,matchIndex=-1
2022-11-08 19:12:10,857 [grpc-default-executor-0] INFO  leader.FollowerInfo (FollowerInfoImpl.java:lambda$new$0(48)) - s1@group-EA982605F2E5->s2: nextIndex: updateUnconditionally 5 -> 1
2022-11-08 19:12:10,858 [s2-server-thread2] DEBUG server.RaftServer$Division (RaftServerImpl.java:logAppendEntries(1421)) - s2@group-EA982605F2E5: receive appendEntries(s1, 2, (t:2, i:0), 4, true, commits:[s1:c4, s0:c4, s2:c0], cId:2582, entries: [(t:2, i:1), STATEMACHINELOGENTRY, 0@client-2EFB324ADA71, (t:2, i:2), METADATAENTRY(c:1), (t:2, i:3), STATEMACHINELOGENTRY, 999@client-AE8279CAF820, (t:2, i:4), METADATAENTRY(c:3)]
2022-11-08 19:12:10,858 [s2-server-thread2] INFO  server.RaftServer$Division (RaftServerImpl.java:checkInconsistentAppendEntries(1602)) - s2@group-EA982605F2E5: Failed appendEntries as previous log entry ((t:2, i:0)) is not found
2022-11-08 19:12:10,858 [s2-server-thread2] INFO  server.RaftServer$Division (RaftServerImpl.java:checkInconsistentAppendEntries(1572)) - s2@group-EA982605F2E5: inconsistency entries. Reply:s1<-s2#2582:FAIL-t2,INCONSISTENCY,nextIndex=0,followerCommit=0,matchIndex=-1
2022-11-08 19:12:10,858 [grpc-default-executor-0] INFO  leader.FollowerInfo (FollowerInfoImpl.java:lambda$new$0(48)) - s1@group-EA982605F2E5->s2: nextIndex: updateUnconditionally 5 -> 0
2022-11-08 19:12:10,859 [s2-server-thread1] DEBUG server.RaftServer$Division (RaftServerImpl.java:logAppendEntries(1421)) - s2@group-EA982605F2E5: receive appendEntries(s1, 2, null, 4, true, commits:[s1:c4, s0:c4, s2:c0], cId:2583, entries: [(t:2, i:0), CONFIGURATIONENTRY(current:id: "s0"
address: "localhost:34297"
dataStreamAddress: "localhost:43983"
clientAddress: "localhost:39609"
adminAddress: "localhost:37077"
startupRole: FOLLOWER
,id: "s1"
address: "localhost:38917"
dataStreamAddress: "localhost:45719"
clientAddress: "localhost:36975"
adminAddress: "localhost:40635"
startupRole: FOLLOWER
,id: "s2"
address: "localhost:35511"
dataStreamAddress: "localhost:38827"
clientAddress: "localhost:42865"
adminAddress: "localhost:36791"
startupRole: FOLLOWER
, old:), (t:2, i:1), STATEMACHINELOGENTRY, 0@client-2EFB324ADA71, (t:2, i:2), METADATAENTRY(c:1), (t:2, i:3), STATEMACHINELOGENTRY, 999@client-AE8279CAF820, (t:2, i:4), METADATAENTRY(c:3)]
2022-11-08 19:12:10,859 [s2-server-thread1] INFO  server.RaftServer$Division (RaftServerImpl.java:checkInconsistentAppendEntries(1592)) - s2@group-EA982605F2E5: Failed appendEntries as the first entry (index 0) already exists (snapshotIndex: -1, commitIndex: 0)
2022-11-08 19:12:10,859 [s2-server-thread1] INFO  server.RaftServer$Division (RaftServerImpl.java:checkInconsistentAppendEntries(1572)) - s2@group-EA982605F2E5: inconsistency entries. Reply:s1<-s2#2583:FAIL-t2,INCONSISTENCY,nextIndex=1,followerCommit=0,matchIndex=-1
2022-11-08 19:12:10,859 [grpc-default-executor-0] INFO  leader.FollowerInfo (FollowerInfoImpl.java:lambda$new$0(48)) - s1@group-EA982605F2E5->s2: nextIndex: updateUnconditionally 5 -> 1
2022-11-08 19:12:10,860 [s2-server-thread1] DEBUG server.RaftServer$Division (RaftServerImpl.java:logAppendEntries(1421)) - s2@group-EA982605F2E5: receive appendEntries(s1, 2, (t:2, i:0), 4, true, commits:[s1:c4, s0:c4, s2:c0], cId:2584, entries: [(t:2, i:1), STATEMACHINELOGENTRY, 0@client-2EFB324ADA71, (t:2, i:2), METADATAENTRY(c:1), (t:2, i:3), STATEMACHINELOGENTRY, 999@client-AE8279CAF820, (t:2, i:4), METADATAENTRY(c:3)]
2022-11-08 19:12:10,860 [s2-server-thread1] INFO  server.RaftServer$Division (RaftServerImpl.java:checkInconsistentAppendEntries(1602)) - s2@group-EA982605F2E5: Failed appendEntries as previous log entry ((t:2, i:0)) is not found
2022-11-08 19:12:10,860 [s2-server-thread1] INFO  server.RaftServer$Division (RaftServerImpl.java:checkInconsistentAppendEntries(1572)) - s2@group-EA982605F2E5: inconsistency entries. Reply:s1<-s2#2584:FAIL-t2,INCONSISTENCY,nextIndex=0,followerCommit=0,matchIndex=-1
2022-11-08 19:12:10,860 [grpc-default-executor-0] INFO  leader.FollowerInfo (FollowerInfoImpl.java:lambda$new$0(48)) - s1@group-EA982605F2E5->s2: nextIndex: updateUnconditionally 5 -> 0
2022-11-08 19:12:10,861 [s2-server-thread1] DEBUG server.RaftServer$Division (RaftServerImpl.java:logAppendEntries(1421)) - s2@group-EA982605F2E5: receive appendEntries(s1, 2, null, 4, true, commits:[s1:c4, s0:c4, s2:c0], cId:2585, entries: [(t:2, i:0), CONFIGURATIONENTRY(current:id: "s0"
address: "localhost:34297"
dataStreamAddress: "localhost:43983"
clientAddress: "localhost:39609"
adminAddress: "localhost:37077"
startupRole: FOLLOWER
,id: "s1"
address: "localhost:38917"
dataStreamAddress: "localhost:45719"
clientAddress: "localhost:36975"
adminAddress: "localhost:40635"
startupRole: FOLLOWER
,id: "s2"
address: "localhost:35511"
dataStreamAddress: "localhost:38827"
clientAddress: "localhost:42865"
adminAddress: "localhost:36791"
startupRole: FOLLOWER
, old:), (t:2, i:1), STATEMACHINELOGENTRY, 0@client-2EFB324ADA71, (t:2, i:2), METADATAENTRY(c:1), (t:2, i:3), STATEMACHINELOGENTRY, 999@client-AE8279CAF820, (t:2, i:4), METADATAENTRY(c:3)]
2022-11-08 19:12:10,861 [s2-server-thread1] INFO  server.RaftServer$Division (RaftServerImpl.java:checkInconsistentAppendEntries(1592)) - s2@group-EA982605F2E5: Failed appendEntries as the first entry (index 0) already exists (snapshotIndex: -1, commitIndex: 0)
2022-11-08 19:12:10,861 [s2-server-thread1] INFO  server.RaftServer$Division (RaftServerImpl.java:checkInconsistentAppendEntries(1572)) - s2@group-EA982605F2E5: inconsistency entries. Reply:s1<-s2#2585:FAIL-t2,INCONSISTENCY,nextIndex=1,followerCommit=0,matchIndex=-1
2022-11-08 19:12:10,861 [grpc-default-executor-0] INFO  leader.FollowerInfo (FollowerInfoImpl.java:lambda$new$0(48)) - s1@group-EA982605F2E5->s2: nextIndex: updateUnconditionally 5 -> 1
2022-11-08 19:12:10,862 [s2-server-thread2] DEBUG server.RaftServer$Division (RaftServerImpl.java:logAppendEntries(1421)) - s2@group-EA982605F2E5: receive appendEntries(s1, 2, (t:2, i:0), 4, true, commits:[s1:c4, s0:c4, s2:c0], cId:2586, entries: [(t:2, i:1), STATEMACHINELOGENTRY, 0@client-2EFB324ADA71, (t:2, i:2), METADATAENTRY(c:1), (t:2, i:3), STATEMACHINELOGENTRY, 999@client-AE8279CAF820, (t:2, i:4), METADATAENTRY(c:3)]
2022-11-08 19:12:10,862 [s2-server-thread2] INFO  server.RaftServer$Division (RaftServerImpl.java:checkInconsistentAppendEntries(1602)) - s2@group-EA982605F2E5: Failed appendEntries as previous log entry ((t:2, i:0)) is not found
2022-11-08 19:12:10,862 [s2-server-thread2] INFO  server.RaftServer$Division (RaftServerImpl.java:checkInconsistentAppendEntries(1572)) - s2@group-EA982605F2E5: inconsistency entries. Reply:s1<-s2#2586:FAIL-t2,INCONSISTENCY,nextIndex=0,followerCommit=0,matchIndex=-1
2022-11-08 19:12:10,862 [grpc-default-executor-0] INFO  leader.FollowerInfo (FollowerInfoImpl.java:lambda$new$0(48)) - s1@group-EA982605F2E5->s2: nextIndex: updateUnconditionally 5 -> 0
2022-11-08 19:12:10,863 [s2-server-thread1] DEBUG server.RaftServer$Division (RaftServerImpl.java:logAppendEntries(1421)) - s2@group-EA982605F2E5: receive appendEntries(s1, 2, null, 4, true, commits:[s1:c4, s0:c4, s2:c0], cId:2587, entries: [(t:2, i:0), CONFIGURATIONENTRY(current:id: "s0"
address: "localhost:34297"
dataStreamAddress: "localhost:43983"
clientAddress: "localhost:39609"
adminAddress: "localhost:37077"
startupRole: FOLLOWER
,id: "s1"
address: "localhost:38917"
dataStreamAddress: "localhost:45719"
clientAddress: "localhost:36975"
adminAddress: "localhost:40635"
startupRole: FOLLOWER
,id: "s2"
address: "localhost:35511"
dataStreamAddress: "localhost:38827"
clientAddress: "localhost:42865"
adminAddress: "localhost:36791"
startupRole: FOLLOWER
, old:), (t:2, i:1), STATEMACHINELOGENTRY, 0@client-2EFB324ADA71, (t:2, i:2), METADATAENTRY(c:1), (t:2, i:3), STATEMACHINELOGENTRY, 999@client-AE8279CAF820, (t:2, i:4), METADATAENTRY(c:3)]
2022-11-08 19:12:10,863 [s2-server-thread1] INFO  server.RaftServer$Division (RaftServerImpl.java:checkInconsistentAppendEntries(1592)) - s2@group-EA982605F2E5: Failed appendEntries as the first entry (index 0) already exists (snapshotIndex: -1, commitIndex: 0)
2022-11-08 19:12:10,863 [s2-server-thread1] INFO  server.RaftServer$Division (RaftServerImpl.java:checkInconsistentAppendEntries(1572)) - s2@group-EA982605F2E5: inconsistency entries. Reply:s1<-s2#2587:FAIL-t2,INCONSISTENCY,nextIndex=1,followerCommit=0,matchIndex=-1
2022-11-08 19:12:10,863 [grpc-default-executor-0] INFO  leader.FollowerInfo (FollowerInfoImpl.java:lambda$new$0(48)) - s1@group-EA982605F2E5->s2: nextIndex: updateUnconditionally 5 -> 1
2022-11-08 19:12:10,864 [s2-server-thread1] DEBUG server.RaftServer$Division (RaftServerImpl.java:logAppendEntries(1421)) - s2@group-EA982605F2E5: receive appendEntries(s1, 2, (t:2, i:0), 4, true, commits:[s1:c4, s0:c4, s2:c0], cId:2588, entries: [(t:2, i:1), STATEMACHINELOGENTRY, 0@client-2EFB324ADA71, (t:2, i:2), METADATAENTRY(c:1), (t:2, i:3), STATEMACHINELOGENTRY, 999@client-AE8279CAF820, (t:2, i:4), METADATAENTRY(c:3)]
2022-11-08 19:12:10,864 [s2-server-thread1] INFO  server.RaftServer$Division (RaftServerImpl.java:checkInconsistentAppendEntries(1602)) - s2@group-EA982605F2E5: Failed appendEntries as previous log entry ((t:2, i:0)) is not found
2022-11-08 19:12:10,864 [s2-server-thread1] INFO  server.RaftServer$Division (RaftServerImpl.java:checkInconsistentAppendEntries(1572)) - s2@group-EA982605F2E5: inconsistency entries. Reply:s1<-s2#2588:FAIL-t2,INCONSISTENCY,nextIndex=0,followerCommit=0,matchIndex=-1
2022-11-08 19:12:10,864 [grpc-default-executor-0] INFO  leader.FollowerInfo (FollowerInfoImpl.java:lambda$new$0(48)) - s1@group-EA982605F2E5->s2: nextIndex: updateUnconditionally 5 -> 0
2022-11-08 19:12:10,866 [s2-server-thread1] DEBUG server.RaftServer$Division (RaftServerImpl.java:logAppendEntries(1421)) - s2@group-EA982605F2E5: receive appendEntries(s1, 2, null, 4, true, commits:[s1:c4, s0:c4, s2:c0], cId:2589, entries: [(t:2, i:0), CONFIGURATIONENTRY(current:id: "s0"
address: "localhost:34297"
dataStreamAddress: "localhost:43983"
clientAddress: "localhost:39609"
adminAddress: "localhost:37077"
startupRole: FOLLOWER
,id: "s1"
address: "localhost:38917"
dataStreamAddress: "localhost:45719"
clientAddress: "localhost:36975"
adminAddress: "localhost:40635"
startupRole: FOLLOWER
,id: "s2"
address: "localhost:35511"
dataStreamAddress: "localhost:38827"
clientAddress: "localhost:42865"
adminAddress: "localhost:36791"
startupRole: FOLLOWER
, old:), (t:2, i:1), STATEMACHINELOGENTRY, 0@client-2EFB324ADA71, (t:2, i:2), METADATAENTRY(c:1), (t:2, i:3), STATEMACHINELOGENTRY, 999@client-AE8279CAF820, (t:2, i:4), METADATAENTRY(c:3)]
2022-11-08 19:12:10,866 [s2-server-thread1] INFO  server.RaftServer$Division (RaftServerImpl.java:checkInconsistentAppendEntries(1592)) - s2@group-EA982605F2E5: Failed appendEntries as the first entry (index 0) already exists (snapshotIndex: -1, commitIndex: 0)
2022-11-08 19:12:10,866 [s2-server-thread1] INFO  server.RaftServer$Division (RaftServerImpl.java:checkInconsistentAppendEntries(1572)) - s2@group-EA982605F2E5: inconsistency entries. Reply:s1<-s2#2589:FAIL-t2,INCONSISTENCY,nextIndex=1,followerCommit=0,matchIndex=-1
2022-11-08 19:12:10,866 [grpc-default-executor-0] INFO  leader.FollowerInfo (FollowerInfoImpl.java:lambda$new$0(48)) - s1@group-EA982605F2E5->s2: nextIndex: updateUnconditionally 5 -> 1
2022-11-08 19:12:10,867 [s2-server-thread1] DEBUG server.RaftServer$Division (RaftServerImpl.java:logAppendEntries(1421)) - s2@group-EA982605F2E5: receive appendEntries(s1, 2, (t:2, i:0), 4, true, commits:[s1:c4, s0:c4, s2:c0], cId:2590, entries: [(t:2, i:1), STATEMACHINELOGENTRY, 0@client-2EFB324ADA71, (t:2, i:2), METADATAENTRY(c:1), (t:2, i:3), STATEMACHINELOGENTRY, 999@client-AE8279CAF820, (t:2, i:4), METADATAENTRY(c:3)]
2022-11-08 19:12:10,867 [s2-server-thread1] INFO  server.RaftServer$Division (RaftServerImpl.java:checkInconsistentAppendEntries(1602)) - s2@group-EA982605F2E5: Failed appendEntries as previous log entry ((t:2, i:0)) is not found
2022-11-08 19:12:10,867 [s2-server-thread1] INFO  server.RaftServer$Division (RaftServerImpl.java:checkInconsistentAppendEntries(1572)) - s2@group-EA982605F2E5: inconsistency entries. Reply:s1<-s2#2590:FAIL-t2,INCONSISTENCY,nextIndex=0,followerCommit=0,matchIndex=-1
2022-11-08 19:12:10,867 [grpc-default-executor-0] INFO  leader.FollowerInfo (FollowerInfoImpl.java:lambda$new$0(48)) - s1@group-EA982605F2E5->s2: nextIndex: updateUnconditionally 5 -> 0
2022-11-08 19:12:10,868 [s2-server-thread1] DEBUG server.RaftServer$Division (RaftServerImpl.java:logAppendEntries(1421)) - s2@group-EA982605F2E5: receive appendEntries(s1, 2, null, 4, true, commits:[s1:c4, s0:c4, s2:c0], cId:2591, entries: [(t:2, i:0), CONFIGURATIONENTRY(current:id: "s0"
address: "localhost:34297"
dataStreamAddress: "localhost:43983"
clientAddress: "localhost:39609"
adminAddress: "localhost:37077"
startupRole: FOLLOWER
,id: "s1"
address: "localhost:38917"
dataStreamAddress: "localhost:45719"
clientAddress: "localhost:36975"
adminAddress: "localhost:40635"
startupRole: FOLLOWER
,id: "s2"
address: "localhost:35511"
dataStreamAddress: "localhost:38827"
clientAddress: "localhost:42865"
adminAddress: "localhost:36791"
startupRole: FOLLOWER
, old:), (t:2, i:1), STATEMACHINELOGENTRY, 0@client-2EFB324ADA71, (t:2, i:2), METADATAENTRY(c:1), (t:2, i:3), STATEMACHINELOGENTRY, 999@client-AE8279CAF820, (t:2, i:4), METADATAENTRY(c:3)]
2022-11-08 19:12:10,868 [s2-server-thread1] INFO  server.RaftServer$Division (RaftServerImpl.java:checkInconsistentAppendEntries(1592)) - s2@group-EA982605F2E5: Failed appendEntries as the first entry (index 0) already exists (snapshotIndex: -1, commitIndex: 0)
2022-11-08 19:12:10,868 [s2-server-thread1] INFO  server.RaftServer$Division (RaftServerImpl.java:checkInconsistentAppendEntries(1572)) - s2@group-EA982605F2E5: inconsistency entries. Reply:s1<-s2#2591:FAIL-t2,INCONSISTENCY,nextIndex=1,followerCommit=0,matchIndex=-1
2022-11-08 19:12:10,868 [grpc-default-executor-0] INFO  leader.FollowerInfo (FollowerInfoImpl.java:lambda$new$0(48)) - s1@group-EA982605F2E5->s2: nextIndex: updateUnconditionally 5 -> 1
2022-11-08 19:12:10,869 [s2-server-thread2] DEBUG server.RaftServer$Division (RaftServerImpl.java:logAppendEntries(1421)) - s2@group-EA982605F2E5: receive appendEntries(s1, 2, (t:2, i:0), 4, true, commits:[s1:c4, s0:c4, s2:c0], cId:2592, entries: [(t:2, i:1), STATEMACHINELOGENTRY, 0@client-2EFB324ADA71, (t:2, i:2), METADATAENTRY(c:1), (t:2, i:3), STATEMACHINELOGENTRY, 999@client-AE8279CAF820, (t:2, i:4), METADATAENTRY(c:3)]
2022-11-08 19:12:10,869 [s2-server-thread2] INFO  server.RaftServer$Division (RaftServerImpl.java:checkInconsistentAppendEntries(1602)) - s2@group-EA982605F2E5: Failed appendEntries as previous log entry ((t:2, i:0)) is not found
2022-11-08 19:12:10,869 [s2-server-thread2] INFO  server.RaftServer$Division (RaftServerImpl.java:checkInconsistentAppendEntries(1572)) - s2@group-EA982605F2E5: inconsistency entries. Reply:s1<-s2#2592:FAIL-t2,INCONSISTENCY,nextIndex=0,followerCommit=0,matchIndex=-1
2022-11-08 19:12:10,870 [grpc-default-executor-0] INFO  leader.FollowerInfo (FollowerInfoImpl.java:lambda$new$0(48)) - s1@group-EA982605F2E5->s2: nextIndex: updateUnconditionally 5 -> 0
2022-11-08 19:12:10,870 [s2-server-thread1] DEBUG server.RaftServer$Division (RaftServerImpl.java:logAppendEntries(1421)) - s2@group-EA982605F2E5: receive appendEntries(s1, 2, null, 4, true, commits:[s1:c4, s0:c4, s2:c0], cId:2593, entries: [(t:2, i:0), CONFIGURATIONENTRY(current:id: "s0"
address: "localhost:34297"
dataStreamAddress: "localhost:43983"
clientAddress: "localhost:39609"
adminAddress: "localhost:37077"
startupRole: FOLLOWER
,id: "s1"
address: "localhost:38917"
dataStreamAddress: "localhost:45719"
clientAddress: "localhost:36975"
adminAddress: "localhost:40635"
startupRole: FOLLOWER
,id: "s2"
address: "localhost:35511"
dataStreamAddress: "localhost:38827"
clientAddress: "localhost:42865"
adminAddress: "localhost:36791"
startupRole: FOLLOWER
, old:), (t:2, i:1), STATEMACHINELOGENTRY, 0@client-2EFB324ADA71, (t:2, i:2), METADATAENTRY(c:1), (t:2, i:3), STATEMACHINELOGENTRY, 999@client-AE8279CAF820, (t:2, i:4), METADATAENTRY(c:3)]
2022-11-08 19:12:10,870 [s2-server-thread1] INFO  server.RaftServer$Division (RaftServerImpl.java:checkInconsistentAppendEntries(1592)) - s2@group-EA982605F2E5: Failed appendEntries as the first entry (index 0) already exists (snapshotIndex: -1, commitIndex: 0)
2022-11-08 19:12:10,871 [s2-server-thread1] INFO  server.RaftServer$Division (RaftServerImpl.java:checkInconsistentAppendEntries(1572)) - s2@group-EA982605F2E5: inconsistency entries. Reply:s1<-s2#2593:FAIL-t2,INCONSISTENCY,nextIndex=1,followerCommit=0,matchIndex=-1
2022-11-08 19:12:10,871 [grpc-default-executor-0] INFO  leader.FollowerInfo (FollowerInfoImpl.java:lambda$new$0(48)) - s1@group-EA982605F2E5->s2: nextIndex: updateUnconditionally 5 -> 1
2022-11-08 19:12:10,872 [Time-limited test] INFO  impl.MiniRaftCluster (MiniRaftCluster.java:shutdown(831)) - ************************************************************** 
2022-11-08 19:12:10,872 [Time-limited test] INFO  impl.MiniRaftCluster (MiniRaftCluster.java:shutdown(832)) - *** 
2022-11-08 19:12:10,872 [s2-server-thread1] DEBUG server.RaftServer$Division (RaftServerImpl.java:logAppendEntries(1421)) - s2@group-EA982605F2E5: receive appendEntries(s1, 2, (t:2, i:0), 4, true, commits:[s1:c4, s0:c4, s2:c0], cId:2594, entries: [(t:2, i:1), STATEMACHINELOGENTRY, 0@client-2EFB324ADA71, (t:2, i:2), METADATAENTRY(c:1), (t:2, i:3), STATEMACHINELOGENTRY, 999@client-AE8279CAF820, (t:2, i:4), METADATAENTRY(c:3)]
2022-11-08 19:12:10,872 [s2-server-thread1] INFO  server.RaftServer$Division (RaftServerImpl.java:checkInconsistentAppendEntries(1602)) - s2@group-EA982605F2E5: Failed appendEntries as previous log entry ((t:2, i:0)) is not found
2022-11-08 19:12:10,872 [s2-server-thread1] INFO  server.RaftServer$Division (RaftServerImpl.java:checkInconsistentAppendEntries(1572)) - s2@group-EA982605F2E5: inconsistency entries. Reply:s1<-s2#2594:FAIL-t2,INCONSISTENCY,nextIndex=0,followerCommit=0,matchIndex=-1
2022-11-08 19:12:10,873 [grpc-default-executor-0] INFO  leader.FollowerInfo (FollowerInfoImpl.java:lambda$new$0(48)) - s1@group-EA982605F2E5->s2: nextIndex: updateUnconditionally 5 -> 0
2022-11-08 19:12:10,873 [s2-server-thread1] DEBUG server.RaftServer$Division (RaftServerImpl.java:logAppendEntries(1421)) - s2@group-EA982605F2E5: receive appendEntries(s1, 2, null, 4, true, commits:[s1:c4, s0:c4, s2:c0], cId:2595, entries: [(t:2, i:0), CONFIGURATIONENTRY(current:id: "s0"
address: "localhost:34297"
dataStreamAddress: "localhost:43983"
clientAddress: "localhost:39609"
adminAddress: "localhost:37077"
startupRole: FOLLOWER
,id: "s1"
address: "localhost:38917"
dataStreamAddress: "localhost:45719"
clientAddress: "localhost:36975"
adminAddress: "localhost:40635"
startupRole: FOLLOWER
,id: "s2"
address: "localhost:35511"
dataStreamAddress: "localhost:38827"
clientAddress: "localhost:42865"
adminAddress: "localhost:36791"
startupRole: FOLLOWER
, old:), (t:2, i:1), STATEMACHINELOGENTRY, 0@client-2EFB324ADA71, (t:2, i:2), METADATAENTRY(c:1), (t:2, i:3), STATEMACHINELOGENTRY, 999@client-AE8279CAF820, (t:2, i:4), METADATAENTRY(c:3)]
2022-11-08 19:12:10,873 [s2-server-thread1] INFO  server.RaftServer$Division (RaftServerImpl.java:checkInconsistentAppendEntries(1592)) - s2@group-EA982605F2E5: Failed appendEntries as the first entry (index 0) already exists (snapshotIndex: -1, commitIndex: 0)
2022-11-08 19:12:10,873 [s2-server-thread1] INFO  server.RaftServer$Division (RaftServerImpl.java:checkInconsistentAppendEntries(1572)) - s2@group-EA982605F2E5: inconsistency entries. Reply:s1<-s2#2595:FAIL-t2,INCONSISTENCY,nextIndex=1,followerCommit=0,matchIndex=-1
2022-11-08 19:12:10,874 [grpc-default-executor-0] INFO  leader.FollowerInfo (FollowerInfoImpl.java:lambda$new$0(48)) - s1@group-EA982605F2E5->s2: nextIndex: updateUnconditionally 5 -> 1
2022-11-08 19:12:10,872 [Time-limited test] INFO  impl.MiniRaftCluster (MiniRaftCluster.java:shutdown(833)) - ***     Stopping MiniRaftClusterWithGrpc
2022-11-08 19:12:10,874 [Time-limited test] INFO  impl.MiniRaftCluster (MiniRaftCluster.java:shutdown(834)) - *** 
2022-11-08 19:12:10,874 [Time-limited test] INFO  impl.MiniRaftCluster (MiniRaftCluster.java:shutdown(835)) - ************************************************************** 
2022-11-08 19:12:10,874 [s2-server-thread1] DEBUG server.RaftServer$Division (RaftServerImpl.java:logAppendEntries(1421)) - s2@group-EA982605F2E5: receive appendEntries(s1, 2, (t:2, i:0), 4, true, commits:[s1:c4, s0:c4, s2:c0], cId:2596, entries: [(t:2, i:1), STATEMACHINELOGENTRY, 0@client-2EFB324ADA71, (t:2, i:2), METADATAENTRY(c:1), (t:2, i:3), STATEMACHINELOGENTRY, 999@client-AE8279CAF820, (t:2, i:4), METADATAENTRY(c:3)]
2022-11-08 19:12:10,874 [Time-limited test] INFO  impl.MiniRaftCluster (MiniRaftCluster.java:shutdown(836)) - printing ALL groups
  s0:  RUNNING  FOLLOWER s0@group-EA982605F2E5:t2, leader=s1, voted=s1, raftlog=Memoized:s0@group-EA982605F2E5-SegmentedRaftLog:OPENED:c4, conf=0: peers:[s0|rpc:localhost:34297|admin:localhost:37077|client:localhost:39609|dataStream:localhost:43983|priority:0|startupRole:FOLLOWER, s1|rpc:localhost:38917|admin:localhost:40635|client:localhost:36975|dataStream:localhost:45719|priority:0|startupRole:FOLLOWER, s2|rpc:localhost:35511|admin:localhost:36791|client:localhost:42865|dataStream:localhost:38827|priority:0|startupRole:FOLLOWER]|listeners:[], old=null RUNNING
  s1:  RUNNING    LEADER s1@group-EA982605F2E5:t2, leader=s1, voted=s1, raftlog=Memoized:s1@group-EA982605F2E5-SegmentedRaftLog:OPENED:c4, conf=0: peers:[s0|rpc:localhost:34297|admin:localhost:37077|client:localhost:39609|dataStream:localhost:43983|priority:0|startupRole:FOLLOWER, s1|rpc:localhost:38917|admin:localhost:40635|client:localhost:36975|dataStream:localhost:45719|priority:0|startupRole:FOLLOWER, s2|rpc:localhost:35511|admin:localhost:36791|client:localhost:42865|dataStream:localhost:38827|priority:0|startupRole:FOLLOWER]|listeners:[], old=null RUNNING
  s2:  RUNNING  FOLLOWER s2@group-EA982605F2E5:t2, leader=s1, voted=null, raftlog=Memoized:s2@group-EA982605F2E5-SegmentedRaftLog:OPENED:c0, conf=0: peers:[s0|rpc:localhost:34297|admin:localhost:37077|client:localhost:39609|dataStream:localhost:43983|priority:0|startupRole:FOLLOWER, s1|rpc:localhost:38917|admin:localhost:40635|client:localhost:36975|dataStream:localhost:45719|priority:0|startupRole:FOLLOWER, s2|rpc:localhost:35511|admin:localhost:36791|client:localhost:42865|dataStream:localhost:38827|priority:0|startupRole:FOLLOWER]|listeners:[], old=null RUNNING
2022-11-08 19:12:10,874 [s2-server-thread1] INFO  server.RaftServer$Division (RaftServerImpl.java:checkInconsistentAppendEntries(1602)) - s2@group-EA982605F2E5: Failed appendEntries as previous log entry ((t:2, i:0)) is not found
2022-11-08 19:12:10,874 [s2-server-thread1] INFO  server.RaftServer$Division (RaftServerImpl.java:checkInconsistentAppendEntries(1572)) - s2@group-EA982605F2E5: inconsistency entries. Reply:s1<-s2#2596:FAIL-t2,INCONSISTENCY,nextIndex=0,followerCommit=0,matchIndex=-1
2022-11-08 19:12:10,875 [grpc-default-executor-0] INFO  leader.FollowerInfo (FollowerInfoImpl.java:lambda$new$0(48)) - s1@group-EA982605F2E5->s2: nextIndex: updateUnconditionally 5 -> 0
2022-11-08 19:12:10,876 [s2-server-thread1] DEBUG server.RaftServer$Division (RaftServerImpl.java:logAppendEntries(1421)) - s2@group-EA982605F2E5: receive appendEntries(s1, 2, null, 4, true, commits:[s1:c4, s0:c4, s2:c0], cId:2597, entries: [(t:2, i:0), CONFIGURATIONENTRY(current:id: "s0"
address: "localhost:34297"
dataStreamAddress: "localhost:43983"
clientAddress: "localhost:39609"
adminAddress: "localhost:37077"
startupRole: FOLLOWER
,id: "s1"
address: "localhost:38917"
dataStreamAddress: "localhost:45719"
clientAddress: "localhost:36975"
adminAddress: "localhost:40635"
startupRole: FOLLOWER
,id: "s2"
address: "localhost:35511"
dataStreamAddress: "localhost:38827"
clientAddress: "localhost:42865"
adminAddress: "localhost:36791"
startupRole: FOLLOWER
, old:), (t:2, i:1), STATEMACHINELOGENTRY, 0@client-2EFB324ADA71, (t:2, i:2), METADATAENTRY(c:1), (t:2, i:3), STATEMACHINELOGENTRY, 999@client-AE8279CAF820, (t:2, i:4), METADATAENTRY(c:3)]
2022-11-08 19:12:10,877 [s2-server-thread1] INFO  server.RaftServer$Division (RaftServerImpl.java:checkInconsistentAppendEntries(1592)) - s2@group-EA982605F2E5: Failed appendEntries as the first entry (index 0) already exists (snapshotIndex: -1, commitIndex: 0)
2022-11-08 19:12:10,877 [s2-server-thread1] INFO  server.RaftServer$Division (RaftServerImpl.java:checkInconsistentAppendEntries(1572)) - s2@group-EA982605F2E5: inconsistency entries. Reply:s1<-s2#2597:FAIL-t2,INCONSISTENCY,nextIndex=1,followerCommit=0,matchIndex=-1
2022-11-08 19:12:10,877 [grpc-default-executor-0] INFO  leader.FollowerInfo (FollowerInfoImpl.java:lambda$new$0(48)) - s1@group-EA982605F2E5->s2: nextIndex: updateUnconditionally 5 -> 1
2022-11-08 19:12:10,878 [s2-server-thread1] DEBUG server.RaftServer$Division (RaftServerImpl.java:logAppendEntries(1421)) - s2@group-EA982605F2E5: receive appendEntries(s1, 2, (t:2, i:0), 4, true, commits:[s1:c4, s0:c4, s2:c0], cId:2598, entries: [(t:2, i:1), STATEMACHINELOGENTRY, 0@client-2EFB324ADA71, (t:2, i:2), METADATAENTRY(c:1), (t:2, i:3), STATEMACHINELOGENTRY, 999@client-AE8279CAF820, (t:2, i:4), METADATAENTRY(c:3)]
2022-11-08 19:12:10,878 [s2-server-thread1] INFO  server.RaftServer$Division (RaftServerImpl.java:checkInconsistentAppendEntries(1602)) - s2@group-EA982605F2E5: Failed appendEntries as previous log entry ((t:2, i:0)) is not found
2022-11-08 19:12:10,878 [s2-server-thread1] INFO  server.RaftServer$Division (RaftServerImpl.java:checkInconsistentAppendEntries(1572)) - s2@group-EA982605F2E5: inconsistency entries. Reply:s1<-s2#2598:FAIL-t2,INCONSISTENCY,nextIndex=0,followerCommit=0,matchIndex=-1
2022-11-08 19:12:10,878 [grpc-default-executor-0] INFO  leader.FollowerInfo (FollowerInfoImpl.java:lambda$new$0(48)) - s1@group-EA982605F2E5->s2: nextIndex: updateUnconditionally 5 -> 0
2022-11-08 19:12:10,879 [s2-server-thread1] DEBUG server.RaftServer$Division (RaftServerImpl.java:logAppendEntries(1421)) - s2@group-EA982605F2E5: receive appendEntries(s1, 2, null, 4, true, commits:[s1:c4, s0:c4, s2:c0], cId:2599, entries: [(t:2, i:0), CONFIGURATIONENTRY(current:id: "s0"
address: "localhost:34297"
dataStreamAddress: "localhost:43983"
clientAddress: "localhost:39609"
adminAddress: "localhost:37077"
startupRole: FOLLOWER
,id: "s1"
address: "localhost:38917"
dataStreamAddress: "localhost:45719"
clientAddress: "localhost:36975"
adminAddress: "localhost:40635"
startupRole: FOLLOWER
,id: "s2"
address: "localhost:35511"
dataStreamAddress: "localhost:38827"
clientAddress: "localhost:42865"
adminAddress: "localhost:36791"
startupRole: FOLLOWER
, old:), (t:2, i:1), STATEMACHINELOGENTRY, 0@client-2EFB324ADA71, (t:2, i:2), METADATAENTRY(c:1), (t:2, i:3), STATEMACHINELOGENTRY, 999@client-AE8279CAF820, (t:2, i:4), METADATAENTRY(c:3)]
2022-11-08 19:12:10,879 [s2-server-thread1] INFO  server.RaftServer$Division (RaftServerImpl.java:checkInconsistentAppendEntries(1592)) - s2@group-EA982605F2E5: Failed appendEntries as the first entry (index 0) already exists (snapshotIndex: -1, commitIndex: 0)
2022-11-08 19:12:10,879 [s2-server-thread1] INFO  server.RaftServer$Division (RaftServerImpl.java:checkInconsistentAppendEntries(1572)) - s2@group-EA982605F2E5: inconsistency entries. Reply:s1<-s2#2599:FAIL-t2,INCONSISTENCY,nextIndex=1,followerCommit=0,matchIndex=-1
2022-11-08 19:12:10,879 [grpc-default-executor-0] INFO  leader.FollowerInfo (FollowerInfoImpl.java:lambda$new$0(48)) - s1@group-EA982605F2E5->s2: nextIndex: updateUnconditionally 5 -> 1
2022-11-08 19:12:10,880 [s2-server-thread1] DEBUG server.RaftServer$Division (RaftServerImpl.java:logAppendEntries(1421)) - s2@group-EA982605F2E5: receive appendEntries(s1, 2, (t:2, i:0), 4, true, commits:[s1:c4, s0:c4, s2:c0], cId:2600, entries: [(t:2, i:1), STATEMACHINELOGENTRY, 0@client-2EFB324ADA71, (t:2, i:2), METADATAENTRY(c:1), (t:2, i:3), STATEMACHINELOGENTRY, 999@client-AE8279CAF820, (t:2, i:4), METADATAENTRY(c:3)]
2022-11-08 19:12:10,880 [s2-server-thread1] INFO  server.RaftServer$Division (RaftServerImpl.java:checkInconsistentAppendEntries(1602)) - s2@group-EA982605F2E5: Failed appendEntries as previous log entry ((t:2, i:0)) is not found
2022-11-08 19:12:10,880 [s2-server-thread1] INFO  server.RaftServer$Division (RaftServerImpl.java:checkInconsistentAppendEntries(1572)) - s2@group-EA982605F2E5: inconsistency entries. Reply:s1<-s2#2600:FAIL-t2,INCONSISTENCY,nextIndex=0,followerCommit=0,matchIndex=-1
2022-11-08 19:12:10,881 [grpc-default-executor-0] INFO  leader.FollowerInfo (FollowerInfoImpl.java:lambda$new$0(48)) - s1@group-EA982605F2E5->s2: nextIndex: updateUnconditionally 5 -> 0
2022-11-08 19:12:10,881 [s2-server-thread1] DEBUG server.RaftServer$Division (RaftServerImpl.java:logAppendEntries(1421)) - s2@group-EA982605F2E5: receive appendEntries(s1, 2, null, 4, true, commits:[s1:c4, s0:c4, s2:c0], cId:2601, entries: [(t:2, i:0), CONFIGURATIONENTRY(current:id: "s0"
address: "localhost:34297"
dataStreamAddress: "localhost:43983"
clientAddress: "localhost:39609"
adminAddress: "localhost:37077"
startupRole: FOLLOWER
,id: "s1"
address: "localhost:38917"
dataStreamAddress: "localhost:45719"
clientAddress: "localhost:36975"
adminAddress: "localhost:40635"
startupRole: FOLLOWER
,id: "s2"
address: "localhost:35511"
dataStreamAddress: "localhost:38827"
clientAddress: "localhost:42865"
adminAddress: "localhost:36791"
startupRole: FOLLOWER
, old:), (t:2, i:1), STATEMACHINELOGENTRY, 0@client-2EFB324ADA71, (t:2, i:2), METADATAENTRY(c:1), (t:2, i:3), STATEMACHINELOGENTRY, 999@client-AE8279CAF820, (t:2, i:4), METADATAENTRY(c:3)]
2022-11-08 19:12:10,881 [s2-server-thread1] INFO  server.RaftServer$Division (RaftServerImpl.java:checkInconsistentAppendEntries(1592)) - s2@group-EA982605F2E5: Failed appendEntries as the first entry (index 0) already exists (snapshotIndex: -1, commitIndex: 0)
2022-11-08 19:12:10,881 [s2-server-thread1] INFO  server.RaftServer$Division (RaftServerImpl.java:checkInconsistentAppendEntries(1572)) - s2@group-EA982605F2E5: inconsistency entries. Reply:s1<-s2#2601:FAIL-t2,INCONSISTENCY,nextIndex=1,followerCommit=0,matchIndex=-1
2022-11-08 19:12:10,882 [grpc-default-executor-0] INFO  leader.FollowerInfo (FollowerInfoImpl.java:lambda$new$0(48)) - s1@group-EA982605F2E5->s2: nextIndex: updateUnconditionally 5 -> 1
2022-11-08 19:12:10,882 [s2-server-thread1] DEBUG server.RaftServer$Division (RaftServerImpl.java:logAppendEntries(1421)) - s2@group-EA982605F2E5: receive appendEntries(s1, 2, (t:2, i:0), 4, true, commits:[s1:c4, s0:c4, s2:c0], cId:2602, entries: [(t:2, i:1), STATEMACHINELOGENTRY, 0@client-2EFB324ADA71, (t:2, i:2), METADATAENTRY(c:1), (t:2, i:3), STATEMACHINELOGENTRY, 999@client-AE8279CAF820, (t:2, i:4), METADATAENTRY(c:3)]
2022-11-08 19:12:10,882 [s2-server-thread1] INFO  server.RaftServer$Division (RaftServerImpl.java:checkInconsistentAppendEntries(1602)) - s2@group-EA982605F2E5: Failed appendEntries as previous log entry ((t:2, i:0)) is not found
2022-11-08 19:12:10,883 [s2-server-thread1] INFO  server.RaftServer$Division (RaftServerImpl.java:checkInconsistentAppendEntries(1572)) - s2@group-EA982605F2E5: inconsistency entries. Reply:s1<-s2#2602:FAIL-t2,INCONSISTENCY,nextIndex=0,followerCommit=0,matchIndex=-1
2022-11-08 19:12:10,884 [grpc-default-executor-0] INFO  leader.FollowerInfo (FollowerInfoImpl.java:lambda$new$0(48)) - s1@group-EA982605F2E5->s2: nextIndex: updateUnconditionally 5 -> 0
2022-11-08 19:12:10,885 [s2-server-thread1] DEBUG server.RaftServer$Division (RaftServerImpl.java:logAppendEntries(1421)) - s2@group-EA982605F2E5: receive appendEntries(s1, 2, null, 4, true, commits:[s1:c4, s0:c4, s2:c0], cId:2603, entries: [(t:2, i:0), CONFIGURATIONENTRY(current:id: "s0"
address: "localhost:34297"
dataStreamAddress: "localhost:43983"
clientAddress: "localhost:39609"
adminAddress: "localhost:37077"
startupRole: FOLLOWER
,id: "s1"
address: "localhost:38917"
dataStreamAddress: "localhost:45719"
clientAddress: "localhost:36975"
adminAddress: "localhost:40635"
startupRole: FOLLOWER
,id: "s2"
address: "localhost:35511"
dataStreamAddress: "localhost:38827"
clientAddress: "localhost:42865"
adminAddress: "localhost:36791"
startupRole: FOLLOWER
, old:), (t:2, i:1), STATEMACHINELOGENTRY, 0@client-2EFB324ADA71, (t:2, i:2), METADATAENTRY(c:1), (t:2, i:3), STATEMACHINELOGENTRY, 999@client-AE8279CAF820, (t:2, i:4), METADATAENTRY(c:3)]
2022-11-08 19:12:10,885 [s2-server-thread1] INFO  server.RaftServer$Division (RaftServerImpl.java:checkInconsistentAppendEntries(1592)) - s2@group-EA982605F2E5: Failed appendEntries as the first entry (index 0) already exists (snapshotIndex: -1, commitIndex: 0)
2022-11-08 19:12:10,885 [s2-server-thread1] INFO  server.RaftServer$Division (RaftServerImpl.java:checkInconsistentAppendEntries(1572)) - s2@group-EA982605F2E5: inconsistency entries. Reply:s1<-s2#2603:FAIL-t2,INCONSISTENCY,nextIndex=1,followerCommit=0,matchIndex=-1
2022-11-08 19:12:10,885 [grpc-default-executor-0] INFO  leader.FollowerInfo (FollowerInfoImpl.java:lambda$new$0(48)) - s1@group-EA982605F2E5->s2: nextIndex: updateUnconditionally 5 -> 1
2022-11-08 19:12:10,886 [s2-server-thread1] DEBUG server.RaftServer$Division (RaftServerImpl.java:logAppendEntries(1421)) - s2@group-EA982605F2E5: receive appendEntries(s1, 2, (t:2, i:0), 4, true, commits:[s1:c4, s0:c4, s2:c0], cId:2604, entries: [(t:2, i:1), STATEMACHINELOGENTRY, 0@client-2EFB324ADA71, (t:2, i:2), METADATAENTRY(c:1), (t:2, i:3), STATEMACHINELOGENTRY, 999@client-AE8279CAF820, (t:2, i:4), METADATAENTRY(c:3)]
2022-11-08 19:12:10,887 [s2-server-thread1] INFO  server.RaftServer$Division (RaftServerImpl.java:checkInconsistentAppendEntries(1602)) - s2@group-EA982605F2E5: Failed appendEntries as previous log entry ((t:2, i:0)) is not found
2022-11-08 19:12:10,887 [s2-server-thread1] INFO  server.RaftServer$Division (RaftServerImpl.java:checkInconsistentAppendEntries(1572)) - s2@group-EA982605F2E5: inconsistency entries. Reply:s1<-s2#2604:FAIL-t2,INCONSISTENCY,nextIndex=0,followerCommit=0,matchIndex=-1
2022-11-08 19:12:10,888 [MiniRaftCluster-1] INFO  server.RaftServer (RaftServerProxy.java:lambda$close$7(412)) - s0: close
2022-11-08 19:12:10,888 [grpc-default-executor-3] INFO  leader.FollowerInfo (FollowerInfoImpl.java:lambda$new$0(48)) - s1@group-EA982605F2E5->s2: nextIndex: updateUnconditionally 5 -> 0
2022-11-08 19:12:10,888 [s2-server-thread1] DEBUG server.RaftServer$Division (RaftServerImpl.java:logAppendEntries(1421)) - s2@group-EA982605F2E5: receive appendEntries(s1, 2, null, 4, true, commits:[s1:c4, s0:c4, s2:c0], cId:2605, entries: [(t:2, i:0), CONFIGURATIONENTRY(current:id: "s0"
address: "localhost:34297"
dataStreamAddress: "localhost:43983"
clientAddress: "localhost:39609"
adminAddress: "localhost:37077"
startupRole: FOLLOWER
,id: "s1"
address: "localhost:38917"
dataStreamAddress: "localhost:45719"
clientAddress: "localhost:36975"
adminAddress: "localhost:40635"
startupRole: FOLLOWER
,id: "s2"
address: "localhost:35511"
dataStreamAddress: "localhost:38827"
clientAddress: "localhost:42865"
adminAddress: "localhost:36791"
startupRole: FOLLOWER
, old:), (t:2, i:1), STATEMACHINELOGENTRY, 0@client-2EFB324ADA71, (t:2, i:2), METADATAENTRY(c:1), (t:2, i:3), STATEMACHINELOGENTRY, 999@client-AE8279CAF820, (t:2, i:4), METADATAENTRY(c:3)]
2022-11-08 19:12:10,888 [s2-server-thread1] INFO  server.RaftServer$Division (RaftServerImpl.java:checkInconsistentAppendEntries(1592)) - s2@group-EA982605F2E5: Failed appendEntries as the first entry (index 0) already exists (snapshotIndex: -1, commitIndex: 0)
2022-11-08 19:12:10,888 [s2-server-thread1] INFO  server.RaftServer$Division (RaftServerImpl.java:checkInconsistentAppendEntries(1572)) - s2@group-EA982605F2E5: inconsistency entries. Reply:s1<-s2#2605:FAIL-t2,INCONSISTENCY,nextIndex=1,followerCommit=0,matchIndex=-1
2022-11-08 19:12:10,889 [grpc-default-executor-3] INFO  leader.FollowerInfo (FollowerInfoImpl.java:lambda$new$0(48)) - s1@group-EA982605F2E5->s2: nextIndex: updateUnconditionally 5 -> 1
2022-11-08 19:12:10,889 [s2-server-thread1] DEBUG server.RaftServer$Division (RaftServerImpl.java:logAppendEntries(1421)) - s2@group-EA982605F2E5: receive appendEntries(s1, 2, (t:2, i:0), 4, true, commits:[s1:c4, s0:c4, s2:c0], cId:2606, entries: [(t:2, i:1), STATEMACHINELOGENTRY, 0@client-2EFB324ADA71, (t:2, i:2), METADATAENTRY(c:1), (t:2, i:3), STATEMACHINELOGENTRY, 999@client-AE8279CAF820, (t:2, i:4), METADATAENTRY(c:3)]
2022-11-08 19:12:10,890 [s2-server-thread1] INFO  server.RaftServer$Division (RaftServerImpl.java:checkInconsistentAppendEntries(1602)) - s2@group-EA982605F2E5: Failed appendEntries as previous log entry ((t:2, i:0)) is not found
2022-11-08 19:12:10,890 [s2-server-thread1] INFO  server.RaftServer$Division (RaftServerImpl.java:checkInconsistentAppendEntries(1572)) - s2@group-EA982605F2E5: inconsistency entries. Reply:s1<-s2#2606:FAIL-t2,INCONSISTENCY,nextIndex=0,followerCommit=0,matchIndex=-1
2022-11-08 19:12:10,891 [grpc-default-executor-3] INFO  leader.FollowerInfo (FollowerInfoImpl.java:lambda$new$0(48)) - s1@group-EA982605F2E5->s2: nextIndex: updateUnconditionally 5 -> 0
2022-11-08 19:12:10,891 [s2-server-thread1] DEBUG server.RaftServer$Division (RaftServerImpl.java:logAppendEntries(1421)) - s2@group-EA982605F2E5: receive appendEntries(s1, 2, null, 4, true, commits:[s1:c4, s0:c4, s2:c0], cId:2607, entries: [(t:2, i:0), CONFIGURATIONENTRY(current:id: "s0"
address: "localhost:34297"
dataStreamAddress: "localhost:43983"
clientAddress: "localhost:39609"
adminAddress: "localhost:37077"
startupRole: FOLLOWER
,id: "s1"
address: "localhost:38917"
dataStreamAddress: "localhost:45719"
clientAddress: "localhost:36975"
adminAddress: "localhost:40635"
startupRole: FOLLOWER
,id: "s2"
address: "localhost:35511"
dataStreamAddress: "localhost:38827"
clientAddress: "localhost:42865"
adminAddress: "localhost:36791"
startupRole: FOLLOWER
, old:), (t:2, i:1), STATEMACHINELOGENTRY, 0@client-2EFB324ADA71, (t:2, i:2), METADATAENTRY(c:1), (t:2, i:3), STATEMACHINELOGENTRY, 999@client-AE8279CAF820, (t:2, i:4), METADATAENTRY(c:3)]
2022-11-08 19:12:10,892 [s2-server-thread1] INFO  server.RaftServer$Division (RaftServerImpl.java:checkInconsistentAppendEntries(1592)) - s2@group-EA982605F2E5: Failed appendEntries as the first entry (index 0) already exists (snapshotIndex: -1, commitIndex: 0)
2022-11-08 19:12:10,892 [s2-server-thread1] INFO  server.RaftServer$Division (RaftServerImpl.java:checkInconsistentAppendEntries(1572)) - s2@group-EA982605F2E5: inconsistency entries. Reply:s1<-s2#2607:FAIL-t2,INCONSISTENCY,nextIndex=1,followerCommit=0,matchIndex=-1
2022-11-08 19:12:10,892 [grpc-default-executor-3] INFO  leader.FollowerInfo (FollowerInfoImpl.java:lambda$new$0(48)) - s1@group-EA982605F2E5->s2: nextIndex: updateUnconditionally 5 -> 1
2022-11-08 19:12:10,893 [s2-server-thread1] DEBUG server.RaftServer$Division (RaftServerImpl.java:logAppendEntries(1421)) - s2@group-EA982605F2E5: receive appendEntries(s1, 2, (t:2, i:0), 4, true, commits:[s1:c4, s0:c4, s2:c0], cId:2608, entries: [(t:2, i:1), STATEMACHINELOGENTRY, 0@client-2EFB324ADA71, (t:2, i:2), METADATAENTRY(c:1), (t:2, i:3), STATEMACHINELOGENTRY, 999@client-AE8279CAF820, (t:2, i:4), METADATAENTRY(c:3)]
2022-11-08 19:12:10,893 [s2-server-thread1] INFO  server.RaftServer$Division (RaftServerImpl.java:checkInconsistentAppendEntries(1602)) - s2@group-EA982605F2E5: Failed appendEntries as previous log entry ((t:2, i:0)) is not found
2022-11-08 19:12:10,893 [s2-server-thread1] INFO  server.RaftServer$Division (RaftServerImpl.java:checkInconsistentAppendEntries(1572)) - s2@group-EA982605F2E5: inconsistency entries. Reply:s1<-s2#2608:FAIL-t2,INCONSISTENCY,nextIndex=0,followerCommit=0,matchIndex=-1
2022-11-08 19:12:10,898 [grpc-default-executor-3] INFO  leader.FollowerInfo (FollowerInfoImpl.java:lambda$new$0(48)) - s1@group-EA982605F2E5->s2: nextIndex: updateUnconditionally 5 -> 0
2022-11-08 19:12:10,898 [MiniRaftCluster-1] INFO  server.GrpcService (GrpcService.java:closeImpl(319)) - s0: shutdown server org.apache.ratis.grpc.server.GrpcClientProtocolService now
2022-11-08 19:12:10,898 [s0-impl-thread1] INFO  server.RaftServer$Division (RaftServerImpl.java:lambda$close$4(462)) - s0@group-EA982605F2E5: shutdown
2022-11-08 19:12:10,898 [s0-impl-thread1] INFO  util.JmxRegister (JmxRegister.java:unregister(73)) - Successfully un-registered JMX Bean with object name Ratis:service=RaftServer,group=group-EA982605F2E5,id=s0
2022-11-08 19:12:10,899 [s0-impl-thread1] INFO  impl.RoleInfo (RoleInfo.java:shutdownFollowerState(110)) - s0: shutdown s0@group-EA982605F2E5-FollowerState
2022-11-08 19:12:10,899 [s0-impl-thread1] INFO  impl.StateMachineUpdater (StateMachineUpdater.java:stopAndJoin(154)) - s0@group-EA982605F2E5-StateMachineUpdater: set stopIndex = 4
2022-11-08 19:12:10,900 [s0@group-EA982605F2E5-FollowerState] INFO  impl.FollowerState (FollowerState.java:run(152)) - s0@group-EA982605F2E5-FollowerState was interrupted
2022-11-08 19:12:10,901 [s0-impl-thread1] INFO  server.RaftServer$Division (ServerState.java:close(412)) - s0@group-EA982605F2E5: applyIndex: 4
2022-11-08 19:12:10,892 [MiniRaftCluster-2] INFO  server.RaftServer (RaftServerProxy.java:lambda$close$7(412)) - s1: close
2022-11-08 19:12:10,902 [MiniRaftCluster-3] INFO  server.RaftServer (RaftServerProxy.java:lambda$close$7(412)) - s2: close
2022-11-08 19:12:10,902 [s2-server-thread1] DEBUG server.RaftServer$Division (RaftServerImpl.java:logAppendEntries(1421)) - s2@group-EA982605F2E5: receive appendEntries(s1, 2, null, 4, true, commits:[s1:c4, s0:c4, s2:c0], cId:2609, entries: [(t:2, i:0), CONFIGURATIONENTRY(current:id: "s0"
address: "localhost:34297"
dataStreamAddress: "localhost:43983"
clientAddress: "localhost:39609"
adminAddress: "localhost:37077"
startupRole: FOLLOWER
,id: "s1"
address: "localhost:38917"
dataStreamAddress: "localhost:45719"
clientAddress: "localhost:36975"
adminAddress: "localhost:40635"
startupRole: FOLLOWER
,id: "s2"
address: "localhost:35511"
dataStreamAddress: "localhost:38827"
clientAddress: "localhost:42865"
adminAddress: "localhost:36791"
startupRole: FOLLOWER
, old:), (t:2, i:1), STATEMACHINELOGENTRY, 0@client-2EFB324ADA71, (t:2, i:2), METADATAENTRY(c:1), (t:2, i:3), STATEMACHINELOGENTRY, 999@client-AE8279CAF820, (t:2, i:4), METADATAENTRY(c:3)]
2022-11-08 19:12:10,904 [s0@group-EA982605F2E5-SegmentedRaftLogWorker] INFO  segmented.SegmentedRaftLogWorker (SegmentedRaftLogWorker.java:run(333)) - s0@group-EA982605F2E5-SegmentedRaftLogWorker was interrupted, exiting. There are 0 tasks remaining in the queue.
2022-11-08 19:12:10,903 [s1-impl-thread1] INFO  server.RaftServer$Division (RaftServerImpl.java:lambda$close$4(462)) - s1@group-EA982605F2E5: shutdown
2022-11-08 19:12:10,903 [MiniRaftCluster-2] INFO  server.GrpcService (GrpcService.java:closeImpl(319)) - s1: shutdown server org.apache.ratis.grpc.server.GrpcClientProtocolService now
2022-11-08 19:12:10,905 [s2-impl-thread1] INFO  server.RaftServer$Division (RaftServerImpl.java:lambda$close$4(462)) - s2@group-EA982605F2E5: shutdown
2022-11-08 19:12:10,906 [s2-impl-thread1] INFO  util.JmxRegister (JmxRegister.java:unregister(73)) - Successfully un-registered JMX Bean with object name Ratis:service=RaftServer,group=group-EA982605F2E5,id=s2
2022-11-08 19:12:10,906 [s2-impl-thread1] INFO  impl.RoleInfo (RoleInfo.java:shutdownFollowerState(110)) - s2: shutdown s2@group-EA982605F2E5-FollowerState
2022-11-08 19:12:10,906 [s1-impl-thread1] INFO  util.JmxRegister (JmxRegister.java:unregister(73)) - Successfully un-registered JMX Bean with object name Ratis:service=RaftServer,group=group-EA982605F2E5,id=s1
2022-11-08 19:12:10,906 [s1-impl-thread1] INFO  impl.RoleInfo (RoleInfo.java:shutdownLeaderState(93)) - s1: shutdown s1@group-EA982605F2E5-LeaderStateImpl
2022-11-08 19:12:10,906 [s2@group-EA982605F2E5-FollowerState] INFO  impl.FollowerState (FollowerState.java:run(152)) - s2@group-EA982605F2E5-FollowerState was interrupted
2022-11-08 19:12:10,906 [s1-impl-thread1] INFO  impl.PendingRequests (PendingRequests.java:sendNotLeaderResponses(282)) - s1@group-EA982605F2E5-PendingRequests: sendNotLeaderResponses
2022-11-08 19:12:10,906 [s1@group-EA982605F2E5->s2-GrpcLogAppender-LogAppenderDaemon] WARN  server.GrpcLogAppender (GrpcLogAppender.java:mayWait(199)) - s1@group-EA982605F2E5->s2-GrpcLogAppender: Wait interrupted by java.lang.InterruptedException
2022-11-08 19:12:10,906 [s1@group-EA982605F2E5->s0-GrpcLogAppender-LogAppenderDaemon] WARN  server.GrpcLogAppender (GrpcLogAppender.java:mayWait(199)) - s1@group-EA982605F2E5->s0-GrpcLogAppender: Wait interrupted by java.lang.InterruptedException
2022-11-08 19:12:10,907 [grpc-default-executor-0] INFO  server.GrpcServerProtocolService (GrpcServerProtocolService.java:onCompleted(143)) - s0: Completed APPEND_ENTRIES, lastRequest: s1->s0#17-t2,previous=(t:2, i:3),leaderCommit=3,initializing? true,entries: size=1, first=(t:2, i:4), METADATAENTRY(c:3)
2022-11-08 19:12:10,908 [grpc-default-executor-8] INFO  server.GrpcLogAppender (GrpcLogAppender.java:onCompleted(413)) - s1@group-EA982605F2E5->s0-AppendLogResponseHandler: follower responses appendEntries COMPLETED
2022-11-08 19:12:10,908 [grpc-default-executor-1] INFO  server.GrpcServerProtocolService (GrpcServerProtocolService.java:onCompleted(143)) - s0: Completed APPEND_ENTRIES, lastRequest: null
2022-11-08 19:12:10,908 [grpc-default-executor-8] INFO  leader.FollowerInfo (FollowerInfoImpl.java:lambda$new$0(48)) - s1@group-EA982605F2E5->s0: nextIndex: updateUnconditionally 5 -> 4
2022-11-08 19:12:10,909 [grpc-default-executor-8] INFO  server.GrpcLogAppender (GrpcLogAppender.java:onCompleted(413)) - s1@group-EA982605F2E5->s0-AppendLogResponseHandler: follower responses appendEntries COMPLETED
2022-11-08 19:12:10,909 [grpc-default-executor-8] INFO  leader.FollowerInfo (FollowerInfoImpl.java:lambda$new$0(48)) - s1@group-EA982605F2E5->s0: nextIndex: updateUnconditionally 4 -> 3
2022-11-08 19:12:10,905 [MiniRaftCluster-3] INFO  server.GrpcService (GrpcService.java:closeImpl(319)) - s2: shutdown server org.apache.ratis.grpc.server.GrpcClientProtocolService now
2022-11-08 19:12:10,912 [grpc-default-executor-8] INFO  server.GrpcServerProtocolService (GrpcServerProtocolService.java:onCompleted(143)) - s2: Completed APPEND_ENTRIES, lastRequest: null
2022-11-08 19:12:10,906 [s2-impl-thread1] INFO  impl.StateMachineUpdater (StateMachineUpdater.java:stopAndJoin(154)) - s2@group-EA982605F2E5-StateMachineUpdater: set stopIndex = 0
2022-11-08 19:12:10,913 [s2-impl-thread1] INFO  server.RaftServer$Division (ServerState.java:close(412)) - s2@group-EA982605F2E5: applyIndex: 0
2022-11-08 19:12:10,913 [s2@group-EA982605F2E5-SegmentedRaftLogWorker] INFO  segmented.SegmentedRaftLogWorker (SegmentedRaftLogWorker.java:run(333)) - s2@group-EA982605F2E5-SegmentedRaftLogWorker was interrupted, exiting. There are 0 tasks remaining in the queue.
2022-11-08 19:12:10,914 [grpc-default-executor-0] INFO  server.GrpcLogAppender (GrpcLogAppender.java:onCompleted(413)) - s1@group-EA982605F2E5->s2-AppendLogResponseHandler: follower responses appendEntries COMPLETED
2022-11-08 19:12:10,914 [grpc-default-executor-0] INFO  leader.FollowerInfo (FollowerInfoImpl.java:lambda$new$0(48)) - s1@group-EA982605F2E5->s2: nextIndex: updateUnconditionally 5 -> 1
2022-11-08 19:12:10,915 [s1-impl-thread1] INFO  impl.StateMachineUpdater (StateMachineUpdater.java:stopAndJoin(154)) - s1@group-EA982605F2E5-StateMachineUpdater: set stopIndex = 4
2022-11-08 19:12:10,916 [s1-impl-thread1] INFO  server.RaftServer$Division (ServerState.java:close(412)) - s1@group-EA982605F2E5: applyIndex: 4
2022-11-08 19:12:10,916 [s1@group-EA982605F2E5-SegmentedRaftLogWorker] INFO  segmented.SegmentedRaftLogWorker (SegmentedRaftLogWorker.java:run(333)) - s1@group-EA982605F2E5-SegmentedRaftLogWorker was interrupted, exiting. There are 0 tasks remaining in the queue.
2022-11-08 19:12:10,916 [MiniRaftCluster-2] INFO  server.GrpcServerProtocolClient (GrpcServerProtocolClient.java:close(111)) - s0 Close channels
2022-11-08 19:12:10,920 [s2-impl-thread1] INFO  segmented.SegmentedRaftLogWorker (SegmentedRaftLogWorker.java:close(246)) - s2@group-EA982605F2E5-SegmentedRaftLogWorker close()
2022-11-08 19:12:10,917 [ForkJoinPool.commonPool-worker-3] INFO  server.GrpcServerProtocolClient (GrpcServerProtocolClient.java:close(111)) - s1 Close channels
2022-11-08 19:12:10,917 [s0-impl-thread1] INFO  segmented.SegmentedRaftLogWorker (SegmentedRaftLogWorker.java:close(246)) - s0@group-EA982605F2E5-SegmentedRaftLogWorker close()
2022-11-08 19:12:10,931 [s1-impl-thread1] INFO  segmented.SegmentedRaftLogWorker (SegmentedRaftLogWorker.java:close(246)) - s1@group-EA982605F2E5-SegmentedRaftLogWorker close()
2022-11-08 19:12:10,933 [MiniRaftCluster-2] INFO  server.GrpcServerProtocolClient (GrpcServerProtocolClient.java:close(111)) - s2 Close channels
2022-11-08 19:12:10,934 [MiniRaftCluster-3] INFO  server.GrpcServerProtocolClient (GrpcServerProtocolClient.java:close(111)) - s0 Close channels
2022-11-08 19:12:10,948 [s2-server-thread1] ERROR server.RaftServer$Division (RaftServerImpl.java:appendEntriesAsync(1391)) - s2@group-EA982605F2E5: Failed appendEntriesAsync serverRequest {
  requestorId: "s1"
  replyId: "s2"
  raftGroupId {
    id: "gs\305\243\324\201GP\246\272\352\230&\005\362\345"
  }
  callId: 2609
  slidingWindowEntry {
  }
}
leaderTerm: 2
entries {
  term: 2
  configurationEntry {
    peers {
      id: "s0"
      address: "localhost:34297"
      dataStreamAddress: "localhost:43983"
      clientAddress: "localhost:39609"
      adminAddress: "localhost:37077"
      startupRole: FOLLOWER
    }
    peers {
      id: "s1"
      address: "localhost:38917"
      dataStreamAddress: "localhost:45719"
      clientAddress: "localhost:36975"
      adminAddress: "localhost:40635"
      startupRole: FOLLOWER
    }
    peers {
      id: "s2"
      address: "localhost:35511"
      dataStreamAddress: "localhost:38827"
      clientAddress: "localhost:42865"
      adminAddress: "localhost:36791"
      startupRole: FOLLOWER
    }
  }
}
entries {
  term: 2
  index: 1
  stateMachineLogEntry {
    logData: "first msg to make leader ready"
    stateMachineEntry {
      stateMachineData: "StateMachine Data"
    }
    clientId: "\364\213@\221\264\fJ\357\250a.\3732J\332q"
  }
}
entries {
  term: 2
  index: 2
  metadataEntry {
    commitIndex: 1
  }
}
entries {
  term: 2
  index: 3
  stateMachineLogEntry {
    logData: "message"
    stateMachineEntry {
      stateMachineData: "StateMachine Data"
    }
    clientId: "\030\343\334\216\341RM\261\237\023\256\202y\312\370 "
    callId: 999
  }
}
entries {
  term: 2
  index: 4
  metadataEntry {
    commitIndex: 3
  }
}
leaderCommit: 4
initializing: true
commitInfos {
  server {
    id: "s1"
    address: "localhost:38917"
    dataStreamAddress: "localhost:45719"
    clientAddress: "localhost:36975"
    adminAddress: "localhost:40635"
    startupRole: FOLLOWER
  }
  commitIndex: 4
}
commitInfos {
  server {
    id: "s0"
    address: "localhost:34297"
    dataStreamAddress: "localhost:43983"
    clientAddress: "localhost:39609"
    adminAddress: "localhost:37077"
    startupRole: FOLLOWER
  }
  commitIndex: 4
}
commitInfos {
  server {
    id: "s2"
    address: "localhost:35511"
    dataStreamAddress: "localhost:38827"
    clientAddress: "localhost:42865"
    adminAddress: "localhost:36791"
    startupRole: FOLLOWER
  }
}

org.apache.ratis.protocol.exceptions.ServerNotReadyException: s2@group-EA982605F2E5 is not in [STARTING, RUNNING]: current state is CLOSING
	at org.apache.ratis.server.impl.RaftServerImpl.lambda$assertLifeCycleState$9(RaftServerImpl.java:737)
	at org.apache.ratis.util.LifeCycle.assertCurrentState(LifeCycle.java:253)
	at org.apache.ratis.server.impl.RaftServerImpl.assertLifeCycleState(RaftServerImpl.java:736)
	at org.apache.ratis.server.impl.RaftServerImpl.appendEntriesAsync(RaftServerImpl.java:1476)
	at org.apache.ratis.server.impl.RaftServerImpl.appendEntriesAsync(RaftServerImpl.java:1388)
	at org.apache.ratis.server.impl.RaftServerProxy.lambda$appendEntriesAsync$26(RaftServerProxy.java:634)
	at org.apache.ratis.util.JavaUtils.callAsUnchecked(JavaUtils.java:117)
	at org.apache.ratis.server.impl.RaftServerImpl.lambda$executeSubmitServerRequestAsync$11(RaftServerImpl.java:813)
	at java.base/java.util.concurrent.CompletableFuture$AsyncSupply.run(CompletableFuture.java:1700)
	at java.base/java.util.concurrent.ThreadPoolExecutor.runWorker(ThreadPoolExecutor.java:1128)
	at java.base/java.util.concurrent.ThreadPoolExecutor$Worker.run(ThreadPoolExecutor.java:628)
	at java.base/java.lang.Thread.run(Thread.java:829)
2022-11-08 19:12:10,946 [ForkJoinPool.commonPool-worker-3] INFO  server.GrpcServerProtocolClient (GrpcServerProtocolClient.java:close(111)) - s2 Close channels
2022-11-08 19:12:10,961 [MiniRaftCluster-3] INFO  server.GrpcServerProtocolClient (GrpcServerProtocolClient.java:close(111)) - s1 Close channels
2022-11-08 19:12:10,961 [grpc-default-executor-3] WARN  server.GrpcServerProtocolService (LogUtils.java:warn(124)) - s2: Failed APPEND_ENTRIES request s1->s2#2609-t2,previous=(t:0, i:0),leaderCommit=4,initializing? true,entries: size=5, first=(t:2, i:0), CONFIGURATIONENTRY(current:id: "s0"
address: "localhost:34297"
dataStreamAddress: "localhost:43983"
clientAddress: "localhost:39609"
adminAddress: "localhost:37077"
startupRole: FOLLOWER
,id: "s1"
address: "localhost:38917"
dataStreamAddress: "localhost:45719"
clientAddress: "localhost:36975"
adminAddress: "localhost:40635"
startupRole: FOLLOWER
,id: "s2"
address: "localhost:35511"
dataStreamAddress: "localhost:38827"
clientAddress: "localhost:42865"
adminAddress: "localhost:36791"
startupRole: FOLLOWER
, old:)
java.util.concurrent.CompletionException: org.apache.ratis.protocol.exceptions.ServerNotReadyException: s2@group-EA982605F2E5 is not in [STARTING, RUNNING]: current state is CLOSING
	at org.apache.ratis.util.JavaUtils.callAsUnchecked(JavaUtils.java:121)
	at org.apache.ratis.server.impl.RaftServerImpl.lambda$executeSubmitServerRequestAsync$11(RaftServerImpl.java:813)
	at java.base/java.util.concurrent.CompletableFuture$AsyncSupply.run(CompletableFuture.java:1700)
	at java.base/java.util.concurrent.ThreadPoolExecutor.runWorker(ThreadPoolExecutor.java:1128)
	at java.base/java.util.concurrent.ThreadPoolExecutor$Worker.run(ThreadPoolExecutor.java:628)
	at java.base/java.lang.Thread.run(Thread.java:829)
Caused by: org.apache.ratis.protocol.exceptions.ServerNotReadyException: s2@group-EA982605F2E5 is not in [STARTING, RUNNING]: current state is CLOSING
	at org.apache.ratis.server.impl.RaftServerImpl.lambda$assertLifeCycleState$9(RaftServerImpl.java:737)
	at org.apache.ratis.util.LifeCycle.assertCurrentState(LifeCycle.java:253)
	at org.apache.ratis.server.impl.RaftServerImpl.assertLifeCycleState(RaftServerImpl.java:736)
	at org.apache.ratis.server.impl.RaftServerImpl.appendEntriesAsync(RaftServerImpl.java:1476)
	at org.apache.ratis.server.impl.RaftServerImpl.appendEntriesAsync(RaftServerImpl.java:1388)
	at org.apache.ratis.server.impl.RaftServerProxy.lambda$appendEntriesAsync$26(RaftServerProxy.java:634)
	at org.apache.ratis.util.JavaUtils.callAsUnchecked(JavaUtils.java:117)
	... 5 more
2022-11-08 19:12:10,962 [MiniRaftCluster-1] INFO  server.GrpcService (GrpcService.java:closeImpl(328)) - s0: shutdown server org.apache.ratis.grpc.server.GrpcClientProtocolService successfully
2022-11-08 19:12:10,962 [MiniRaftCluster-1] INFO  server.GrpcService (GrpcService.java:closeImpl(319)) - s0: shutdown server GrpcServerProtocolService now
2022-11-08 19:12:10,967 [MiniRaftCluster-1] INFO  server.GrpcService (GrpcService.java:closeImpl(328)) - s0: shutdown server GrpcServerProtocolService successfully
2022-11-08 19:12:10,967 [MiniRaftCluster-1] INFO  server.GrpcService (GrpcService.java:closeImpl(319)) - s0: shutdown server org.apache.ratis.grpc.server.GrpcAdminProtocolService now
2022-11-08 19:12:10,969 [MiniRaftCluster-1] INFO  server.GrpcService (GrpcService.java:closeImpl(328)) - s0: shutdown server org.apache.ratis.grpc.server.GrpcAdminProtocolService successfully
2022-11-08 19:12:10,970 [JvmPauseMonitor0] INFO  util.JvmPauseMonitor (JvmPauseMonitor.java:run(111)) - JvmPauseMonitor-s0: Stopped
2022-11-08 19:12:10,971 [MiniRaftCluster-3] INFO  server.GrpcService (GrpcService.java:closeImpl(328)) - s2: shutdown server org.apache.ratis.grpc.server.GrpcClientProtocolService successfully
2022-11-08 19:12:10,971 [MiniRaftCluster-3] INFO  server.GrpcService (GrpcService.java:closeImpl(319)) - s2: shutdown server GrpcServerProtocolService now
2022-11-08 19:12:10,979 [MiniRaftCluster-3] INFO  server.GrpcService (GrpcService.java:closeImpl(328)) - s2: shutdown server GrpcServerProtocolService successfully
2022-11-08 19:12:10,979 [MiniRaftCluster-3] INFO  server.GrpcService (GrpcService.java:closeImpl(319)) - s2: shutdown server org.apache.ratis.grpc.server.GrpcAdminProtocolService now
2022-11-08 19:12:10,980 [MiniRaftCluster-3] INFO  server.GrpcService (GrpcService.java:closeImpl(328)) - s2: shutdown server org.apache.ratis.grpc.server.GrpcAdminProtocolService successfully
2022-11-08 19:12:10,981 [MiniRaftCluster-2] INFO  server.GrpcService (GrpcService.java:closeImpl(328)) - s1: shutdown server org.apache.ratis.grpc.server.GrpcClientProtocolService successfully
2022-11-08 19:12:10,981 [MiniRaftCluster-2] INFO  server.GrpcService (GrpcService.java:closeImpl(319)) - s1: shutdown server GrpcServerProtocolService now
2022-11-08 19:12:10,981 [grpc-default-executor-8] INFO  server.GrpcLogAppender (GrpcLogAppender.java:onError(402)) - s1@group-EA982605F2E5->s2-GrpcLogAppender is already stopped
2022-11-08 19:12:10,981 [MiniRaftCluster-2] INFO  server.GrpcService (GrpcService.java:closeImpl(328)) - s1: shutdown server GrpcServerProtocolService successfully
2022-11-08 19:12:10,981 [MiniRaftCluster-2] INFO  server.GrpcService (GrpcService.java:closeImpl(319)) - s1: shutdown server org.apache.ratis.grpc.server.GrpcAdminProtocolService now
2022-11-08 19:12:10,989 [grpc-default-executor-3] INFO  server.GrpcServerProtocolService (GrpcServerProtocolService.java:onCompleted(143)) - s2: Completed APPEND_ENTRIES, lastRequest: s1->s2#2609-t2,previous=(t:0, i:0),leaderCommit=4,initializing? true,entries: size=5, first=(t:2, i:0), CONFIGURATIONENTRY(current:id: "s0"
address: "localhost:34297"
dataStreamAddress: "localhost:43983"
clientAddress: "localhost:39609"
adminAddress: "localhost:37077"
startupRole: FOLLOWER
,id: "s1"
address: "localhost:38917"
dataStreamAddress: "localhost:45719"
clientAddress: "localhost:36975"
adminAddress: "localhost:40635"
startupRole: FOLLOWER
,id: "s2"
address: "localhost:35511"
dataStreamAddress: "localhost:38827"
clientAddress: "localhost:42865"
adminAddress: "localhost:36791"
startupRole: FOLLOWER
, old:)
2022-11-08 19:12:10,991 [MiniRaftCluster-2] INFO  server.GrpcService (GrpcService.java:closeImpl(328)) - s1: shutdown server org.apache.ratis.grpc.server.GrpcAdminProtocolService successfully
2022-11-08 19:12:10,991 [JvmPauseMonitor2] INFO  util.JvmPauseMonitor (JvmPauseMonitor.java:run(111)) - JvmPauseMonitor-s2: Stopped
2022-11-08 19:12:10,996 [JvmPauseMonitor1] INFO  util.JvmPauseMonitor (JvmPauseMonitor.java:run(111)) - JvmPauseMonitor-s1: Stopped
2022-11-08 19:12:10,997 [Time-limited test] INFO  impl.MiniRaftCluster (MiniRaftCluster.java:shutdown(855)) - MiniRaftClusterWithGrpc shutdown completed
]]></system-out>
    <system-err><![CDATA[SLF4J: Class path contains multiple SLF4J bindings.
SLF4J: Found binding in [jar:file:/home/runner/.m2/repository/org/slf4j/slf4j-log4j12/1.7.29/slf4j-log4j12-1.7.29.jar!/org/slf4j/impl/StaticLoggerBinder.class]
SLF4J: Found binding in [jar:file:/home/runner/.m2/repository/org/slf4j/slf4j-simple/1.7.29/slf4j-simple-1.7.29.jar!/org/slf4j/impl/StaticLoggerBinder.class]
SLF4J: See http://www.slf4j.org/codes.html#multiple_bindings for an explanation.
SLF4J: Actual binding is of type [org.slf4j.impl.Log4jLoggerFactory]
]]></system-err>
  </testcase>
  <testcase name="testHandleStateMachineException" classname="org.apache.ratis.grpc.TestRaftStateMachineExceptionWithGrpc" time="0.699"/>
  <testcase name="testRetryOnExceptionDuringReplication" classname="org.apache.ratis.grpc.TestRaftStateMachineExceptionWithGrpc" time="1.144"/>
</testsuite>