<?xml version="1.0" encoding="UTF-8"?>
<testsuite xmlns:xsi="http://www.w3.org/2001/XMLSchema-instance" xsi:noNamespaceSchemaLocation="https://maven.apache.org/surefire/maven-surefire-plugin/xsd/surefire-test-report.xsd" name="org.apache.ratis.grpc.TestInstallSnapshotNotificationWithGrpc" time="78.454" tests="5" errors="1" skipped="0" failures="0">
  <properties>
    <property name="awt.toolkit" value="sun.awt.X11.XToolkit"/>
    <property name="java.specification.version" value="11"/>
    <property name="sun.cpu.isalist" value=""/>
    <property name="sun.jnu.encoding" value="UTF-8"/>
    <property name="java.class.path" value="/home/runner/work/ratis/ratis/ratis-test/target/test-classes:/home/runner/work/ratis/ratis/ratis-test/target/classes:/home/runner/work/ratis/ratis/ratis-common/target/classes:/home/runner/.m2/repository/org/apache/ratis/ratis-thirdparty-misc/1.0.3/ratis-thirdparty-misc-1.0.3.jar:/home/runner/work/ratis/ratis/ratis-proto/target/ratis-proto-3.0.0-SNAPSHOT.jar:/home/runner/work/ratis/ratis/ratis-common/target/test-classes:/home/runner/work/ratis/ratis/ratis-client/target/classes:/home/runner/work/ratis/ratis/ratis-server/target/classes:/home/runner/work/ratis/ratis/ratis-server-api/target/classes:/home/runner/work/ratis/ratis/ratis-metrics-api/target/classes:/home/runner/work/ratis/ratis/ratis-server/target/test-classes:/home/runner/work/ratis/ratis/ratis-metrics-default/target/classes:/home/runner/work/ratis/ratis/ratis-netty/target/classes:/home/runner/work/ratis/ratis/ratis-netty/target/test-classes:/home/runner/work/ratis/ratis/ratis-grpc/target/classes:/home/runner/work/ratis/ratis/ratis-grpc/target/test-classes:/home/runner/.m2/repository/org/slf4j/slf4j-api/1.7.29/slf4j-api-1.7.29.jar:/home/runner/.m2/repository/org/slf4j/slf4j-log4j12/1.7.29/slf4j-log4j12-1.7.29.jar:/home/runner/.m2/repository/log4j/log4j/1.2.17/log4j-1.2.17.jar:/home/runner/.m2/repository/junit/junit/4.13.2/junit-4.13.2.jar:/home/runner/.m2/repository/org/hamcrest/hamcrest-core/1.3/hamcrest-core-1.3.jar:/home/runner/.m2/repository/org/mockito/mockito-core/4.3.1/mockito-core-4.3.1.jar:/home/runner/.m2/repository/net/bytebuddy/byte-buddy/1.12.7/byte-buddy-1.12.7.jar:/home/runner/.m2/repository/net/bytebuddy/byte-buddy-agent/1.12.7/byte-buddy-agent-1.12.7.jar:/home/runner/.m2/repository/org/objenesis/objenesis/3.2/objenesis-3.2.jar:/home/runner/work/ratis/ratis/ratis-shell/target/classes:/home/runner/.m2/repository/commons-cli/commons-cli/1.5.0/commons-cli-1.5.0.jar:/home/runner/.m2/repository/org/slf4j/slf4j-simple/1.7.29/slf4j-simple-1.7.29.jar:/home/runner/.m2/repository/org/reflections/reflections/0.10.2/reflections-0.10.2.jar:/home/runner/.m2/repository/org/javassist/javassist/3.28.0-GA/javassist-3.28.0-GA.jar:/home/runner/.m2/repository/com/google/code/findbugs/jsr305/3.0.2/jsr305-3.0.2.jar:"/>
    <property name="java.vm.vendor" value="Eclipse Adoptium"/>
    <property name="sun.arch.data.model" value="64"/>
    <property name="java.vendor.url" value="https://adoptium.net/"/>
    <property name="user.timezone" value=""/>
    <property name="java.vm.specification.version" value="11"/>
    <property name="os.name" value="Linux"/>
    <property name="sun.java.launcher" value="SUN_STANDARD"/>
    <property name="sun.boot.library.path" value="/usr/lib/jvm/temurin-11-jdk-amd64/lib"/>
    <property name="sun.java.command" value="/home/runner/work/ratis/ratis/ratis-test/target/surefire/surefirebooter12429970996229420606.jar /home/runner/work/ratis/ratis/ratis-test/target/surefire 2022-11-11T07-31-25_844-jvmRun1 surefire941067109496630728tmp surefire_1111681784823977736142tmp"/>
    <property name="jdk.debug" value="release"/>
    <property name="surefire.test.class.path" value="/home/runner/work/ratis/ratis/ratis-test/target/test-classes:/home/runner/work/ratis/ratis/ratis-test/target/classes:/home/runner/work/ratis/ratis/ratis-common/target/classes:/home/runner/.m2/repository/org/apache/ratis/ratis-thirdparty-misc/1.0.3/ratis-thirdparty-misc-1.0.3.jar:/home/runner/work/ratis/ratis/ratis-proto/target/ratis-proto-3.0.0-SNAPSHOT.jar:/home/runner/work/ratis/ratis/ratis-common/target/test-classes:/home/runner/work/ratis/ratis/ratis-client/target/classes:/home/runner/work/ratis/ratis/ratis-server/target/classes:/home/runner/work/ratis/ratis/ratis-server-api/target/classes:/home/runner/work/ratis/ratis/ratis-metrics-api/target/classes:/home/runner/work/ratis/ratis/ratis-server/target/test-classes:/home/runner/work/ratis/ratis/ratis-metrics-default/target/classes:/home/runner/work/ratis/ratis/ratis-netty/target/classes:/home/runner/work/ratis/ratis/ratis-netty/target/test-classes:/home/runner/work/ratis/ratis/ratis-grpc/target/classes:/home/runner/work/ratis/ratis/ratis-grpc/target/test-classes:/home/runner/.m2/repository/org/slf4j/slf4j-api/1.7.29/slf4j-api-1.7.29.jar:/home/runner/.m2/repository/org/slf4j/slf4j-log4j12/1.7.29/slf4j-log4j12-1.7.29.jar:/home/runner/.m2/repository/log4j/log4j/1.2.17/log4j-1.2.17.jar:/home/runner/.m2/repository/junit/junit/4.13.2/junit-4.13.2.jar:/home/runner/.m2/repository/org/hamcrest/hamcrest-core/1.3/hamcrest-core-1.3.jar:/home/runner/.m2/repository/org/mockito/mockito-core/4.3.1/mockito-core-4.3.1.jar:/home/runner/.m2/repository/net/bytebuddy/byte-buddy/1.12.7/byte-buddy-1.12.7.jar:/home/runner/.m2/repository/net/bytebuddy/byte-buddy-agent/1.12.7/byte-buddy-agent-1.12.7.jar:/home/runner/.m2/repository/org/objenesis/objenesis/3.2/objenesis-3.2.jar:/home/runner/work/ratis/ratis/ratis-shell/target/classes:/home/runner/.m2/repository/commons-cli/commons-cli/1.5.0/commons-cli-1.5.0.jar:/home/runner/.m2/repository/org/slf4j/slf4j-simple/1.7.29/slf4j-simple-1.7.29.jar:/home/runner/.m2/repository/org/reflections/reflections/0.10.2/reflections-0.10.2.jar:/home/runner/.m2/repository/org/javassist/javassist/3.28.0-GA/javassist-3.28.0-GA.jar:/home/runner/.m2/repository/com/google/code/findbugs/jsr305/3.0.2/jsr305-3.0.2.jar:"/>
    <property name="sun.cpu.endian" value="little"/>
    <property name="user.home" value="/home/runner"/>
    <property name="user.language" value="en"/>
    <property name="java.specification.vendor" value="Oracle Corporation"/>
    <property name="java.version.date" value="2022-08-12"/>
    <property name="java.home" value="/usr/lib/jvm/temurin-11-jdk-amd64"/>
    <property name="file.separator" value="/"/>
    <property name="basedir" value="/home/runner/work/ratis/ratis/ratis-test"/>
    <property name="java.vm.compressedOopsMode" value="32-bit"/>
    <property name="line.separator" value="&#10;"/>
    <property name="java.specification.name" value="Java Platform API Specification"/>
    <property name="java.vm.specification.vendor" value="Oracle Corporation"/>
    <property name="java.awt.graphicsenv" value="sun.awt.X11GraphicsEnvironment"/>
    <property name="surefire.real.class.path" value="/home/runner/work/ratis/ratis/ratis-test/target/surefire/surefirebooter12429970996229420606.jar"/>
    <property name="sun.management.compiler" value="HotSpot 64-Bit Tiered Compilers"/>
    <property name="java.runtime.version" value="11.0.16.1+1"/>
    <property name="user.name" value="runner"/>
    <property name="java.net.preferIPv4Stack" value="true"/>
    <property name="path.separator" value=":"/>
    <property name="os.version" value="5.15.0-1022-azure"/>
    <property name="java.runtime.name" value="OpenJDK Runtime Environment"/>
    <property name="file.encoding" value="UTF-8"/>
    <property name="java.vm.name" value="OpenJDK 64-Bit Server VM"/>
    <property name="java.vendor.version" value="Temurin-11.0.16.1+1"/>
    <property name="localRepository" value="/home/runner/.m2/repository"/>
    <property name="java.vendor.url.bug" value="https://github.com/adoptium/adoptium-support/issues"/>
    <property name="java.io.tmpdir" value="/tmp"/>
    <property name="java.version" value="11.0.16.1"/>
    <property name="user.dir" value="/home/runner/work/ratis/ratis/ratis-test"/>
    <property name="os.arch" value="amd64"/>
    <property name="ratis.tmp.dir" value="/home/runner/work/ratis/ratis/ratis-test/target/tmp"/>
    <property name="java.vm.specification.name" value="Java Virtual Machine Specification"/>
    <property name="java.awt.printerjob" value="sun.print.PSPrinterJob"/>
    <property name="ratis.log.dir" value="/home/runner/work/ratis/ratis/ratis-test/target/log"/>
    <property name="sun.os.patch.level" value="unknown"/>
    <property name="java.library.path" value="/usr/java/packages/lib:/usr/lib64:/lib64:/lib:/usr/lib"/>
    <property name="java.vm.info" value="mixed mode"/>
    <property name="java.vendor" value="Eclipse Adoptium"/>
    <property name="java.vm.version" value="11.0.16.1+1"/>
    <property name="sun.io.unicode.encoding" value="UnicodeLittle"/>
    <property name="java.class.version" value="55.0"/>
  </properties>
  <testcase name="testInstallSnapshotInstalledEvent" classname="org.apache.ratis.grpc.TestInstallSnapshotNotificationWithGrpc" time="5.446"/>
  <testcase name="testAddNewFollowers" classname="org.apache.ratis.grpc.TestInstallSnapshotNotificationWithGrpc" time="3.386"/>
  <testcase name="testInstallSnapshotDuringBootstrap" classname="org.apache.ratis.grpc.TestInstallSnapshotNotificationWithGrpc" time="2.206"/>
  <testcase name="testRestartFollower" classname="org.apache.ratis.grpc.TestInstallSnapshotNotificationWithGrpc" time="63.465">
    <error message="s1@group-DC0BCF2C7030-SegmentedRaftLog is expected to be opened but it is CLOSED" type="java.lang.IllegalArgumentException">java.lang.IllegalArgumentException: s1@group-DC0BCF2C7030-SegmentedRaftLog is expected to be opened but it is CLOSED
	at org.apache.ratis.util.OpenCloseState.assertOpen(OpenCloseState.java:63)
	at org.apache.ratis.server.raftlog.RaftLogBase.checkLogState(RaftLogBase.java:111)
	at org.apache.ratis.server.raftlog.segmented.SegmentedRaftLog.getLastEntryTermIndex(SegmentedRaftLog.java:341)
	at org.apache.ratis.server.raftlog.RaftLog.getNextIndex(RaftLog.java:83)
	at org.apache.ratis.InstallSnapshotNotificationTests.testRestartFollower(InstallSnapshotNotificationTests.java:272)
	at org.apache.ratis.server.impl.MiniRaftCluster$Factory$Get.runWithNewCluster(MiniRaftCluster.java:141)
	at org.apache.ratis.server.impl.MiniRaftCluster$Factory$Get.runWithNewCluster(MiniRaftCluster.java:121)
	at org.apache.ratis.InstallSnapshotNotificationTests.testRestartFollower(InstallSnapshotNotificationTests.java:255)
	at java.base/jdk.internal.reflect.NativeMethodAccessorImpl.invoke0(Native Method)
	at java.base/jdk.internal.reflect.NativeMethodAccessorImpl.invoke(NativeMethodAccessorImpl.java:62)
	at java.base/jdk.internal.reflect.DelegatingMethodAccessorImpl.invoke(DelegatingMethodAccessorImpl.java:43)
	at java.base/java.lang.reflect.Method.invoke(Method.java:566)
	at org.junit.runners.model.FrameworkMethod$1.runReflectiveCall(FrameworkMethod.java:59)
	at org.junit.internal.runners.model.ReflectiveCallable.run(ReflectiveCallable.java:12)
	at org.junit.runners.model.FrameworkMethod.invokeExplosively(FrameworkMethod.java:56)
	at org.junit.internal.runners.statements.InvokeMethod.evaluate(InvokeMethod.java:17)
	at org.junit.internal.runners.statements.RunAfters.evaluate(RunAfters.java:27)
	at org.junit.internal.runners.statements.FailOnTimeout$CallableStatement.call(FailOnTimeout.java:299)
	at org.junit.internal.runners.statements.FailOnTimeout$CallableStatement.call(FailOnTimeout.java:293)
	at java.base/java.util.concurrent.FutureTask.run(FutureTask.java:264)
	at java.base/java.lang.Thread.run(Thread.java:829)
Caused by: org.apache.ratis.util.OpenCloseState$CloseTrace: Close s1@group-DC0BCF2C7030-SegmentedRaftLog
	at org.apache.ratis.util.OpenCloseState.lambda$close$1(OpenCloseState.java:109)
	at java.base/java.util.concurrent.atomic.AtomicReference.getAndUpdate(AtomicReference.java:187)
	at org.apache.ratis.util.OpenCloseState.close(OpenCloseState.java:109)
	at org.apache.ratis.server.raftlog.RaftLogBase.close(RaftLogBase.java:365)
	at org.apache.ratis.server.raftlog.segmented.SegmentedRaftLog.close(SegmentedRaftLog.java:505)
	at org.apache.ratis.server.impl.ServerState.close(ServerState.java:416)
	at org.apache.ratis.server.impl.RaftServerImpl.lambda$close$4(RaftServerImpl.java:484)
	at org.apache.ratis.util.LifeCycle.lambda$checkStateAndClose$4(LifeCycle.java:299)
	at org.apache.ratis.util.LifeCycle.checkStateAndClose(LifeCycle.java:319)
	at org.apache.ratis.util.LifeCycle.checkStateAndClose(LifeCycle.java:297)
	at org.apache.ratis.server.impl.RaftServerImpl.close(RaftServerImpl.java:461)
	at org.apache.ratis.server.impl.StateMachineUpdater.run(StateMachineUpdater.java:196)
	... 1 more
</error>
    <system-out><![CDATA[2022-11-11 07:37:04,231 [main] INFO  util.LogUtils (Slf4jUtils.java:setLogLevel(33)) - Set org.apache.ratis.conf.ConfUtils log level to WARN
2022-11-11 07:37:04,231 [main] INFO  util.LogUtils (Slf4jUtils.java:setLogLevel(33)) - Set org.apache.ratis.util.FileUtils log level to TRACE
2022-11-11 07:37:04,231 [main] INFO  util.LogUtils (Slf4jUtils.java:setLogLevel(33)) - Set org.apache.ratis.server.raftlog.RaftLog log level to DEBUG
2022-11-11 07:37:04,232 [Time-limited test] INFO  impl.MiniRaftCluster (MiniRaftCluster.java:runWithNewCluster(135)) - Running runWithNewCluster
2022-11-11 07:37:04,233 [Time-limited test] INFO  impl.MiniRaftCluster (MiniRaftCluster.java:<init>(306)) - new MiniRaftClusterWithGrpc with group-DC0BCF2C7030:[s0|rpc:localhost:38889|admin:localhost:33369|client:localhost:36221|dataStream:localhost:44045|priority:0|startupRole:FOLLOWER, s1|rpc:localhost:33469|admin:localhost:35601|client:localhost:38107|dataStream:localhost:41079|priority:0|startupRole:FOLLOWER, s2|rpc:localhost:39335|admin:localhost:35389|client:localhost:32863|dataStream:localhost:40831|priority:0|startupRole:FOLLOWER]
2022-11-11 07:37:04,233 [Time-limited test] INFO  impl.MiniRaftCluster (MiniRaftCluster.java:start(339)) - .............................................................. 
2022-11-11 07:37:04,233 [Time-limited test] INFO  impl.MiniRaftCluster (MiniRaftCluster.java:start(340)) - ... 
2022-11-11 07:37:04,233 [Time-limited test] INFO  impl.MiniRaftCluster (MiniRaftCluster.java:start(341)) - ...     Starting MiniRaftClusterWithGrpc
2022-11-11 07:37:04,233 [Time-limited test] INFO  impl.MiniRaftCluster (MiniRaftCluster.java:start(342)) - ... 
2022-11-11 07:37:04,233 [Time-limited test] INFO  impl.MiniRaftCluster (MiniRaftCluster.java:start(343)) - .............................................................. 
2022-11-11 07:37:04,233 [Time-limited test] INFO  impl.MiniRaftCluster (MiniRaftCluster.java:initServers(318)) - servers = {}
2022-11-11 07:37:04,233 [Time-limited test] INFO  impl.MiniRaftCluster (MiniRaftCluster.java:newRaftServer(382)) - newRaftServer: s0, group-DC0BCF2C7030:[s0|rpc:localhost:38889|admin:localhost:33369|client:localhost:36221|dataStream:localhost:44045|priority:0|startupRole:FOLLOWER, s1|rpc:localhost:33469|admin:localhost:35601|client:localhost:38107|dataStream:localhost:41079|priority:0|startupRole:FOLLOWER, s2|rpc:localhost:39335|admin:localhost:35389|client:localhost:32863|dataStream:localhost:40831|priority:0|startupRole:FOLLOWER], format? true
2022-11-11 07:37:04,233 [Time-limited test] TRACE util.FileUtils (FileUtils.java:deleteFully(170)) - deleteFully target/test/data/badbfba9/MiniRaftClusterWithGrpcf526e0ef/s0
2022-11-11 07:37:04,234 [Time-limited test] TRACE util.FileUtils (FileUtils.java:deleteFully(186)) - deleteFully: target/test/data/badbfba9/MiniRaftClusterWithGrpcf526e0ef/s0 does not exist.
2022-11-11 07:37:04,234 [Time-limited test] INFO  impl.MiniRaftCluster (MiniRaftCluster.java:newRaftServer(387)) - Formatted directory target/test/data/badbfba9/MiniRaftClusterWithGrpcf526e0ef/s0
2022-11-11 07:37:04,234 [Time-limited test] INFO  server.RaftServer (ConfUtils.java:logGet(46)) - raft.rpc.type = GRPC (default)
2022-11-11 07:37:04,234 [Time-limited test] INFO  grpc.GrpcConfigKeys (ConfUtils.java:logFallback(53)) - raft.grpc.admin.host = null (fallback to raft.grpc.server.host)
2022-11-11 07:37:04,234 [Time-limited test] INFO  grpc.GrpcConfigKeys (ConfUtils.java:logGet(46)) - raft.grpc.admin.port = 33369 (custom)
2022-11-11 07:37:04,235 [Time-limited test] INFO  grpc.GrpcConfigKeys (ConfUtils.java:logFallback(53)) - raft.grpc.client.host = null (fallback to raft.grpc.server.host)
2022-11-11 07:37:04,235 [Time-limited test] INFO  grpc.GrpcConfigKeys (ConfUtils.java:logGet(46)) - raft.grpc.client.port = 36221 (custom)
2022-11-11 07:37:04,235 [Time-limited test] INFO  grpc.GrpcConfigKeys (ConfUtils.java:logGet(46)) - raft.grpc.server.host = null (default)
2022-11-11 07:37:04,235 [Time-limited test] INFO  grpc.GrpcConfigKeys (ConfUtils.java:logGet(46)) - raft.grpc.server.port = 38889 (custom)
2022-11-11 07:37:04,235 [Time-limited test] INFO  server.GrpcService (ConfUtils.java:logGet(46)) - raft.grpc.message.size.max = 64MB (=67108864) (default)
2022-11-11 07:37:04,235 [Time-limited test] INFO  server.RaftServerConfigKeys (ConfUtils.java:logGet(46)) - raft.server.log.appender.buffer.byte-limit = 4MB (=4194304) (default)
2022-11-11 07:37:04,235 [Time-limited test] INFO  server.GrpcService (ConfUtils.java:logGet(46)) - raft.grpc.flow.control.window = 1MB (=1048576) (default)
2022-11-11 07:37:04,235 [Time-limited test] INFO  server.RaftServerConfigKeys (ConfUtils.java:logGet(46)) - raft.server.rpc.request.timeout = 3000ms (default)
2022-11-11 07:37:04,235 [Time-limited test] INFO  grpc.GrpcConfigKeys (ConfUtils.java:logGet(46)) - raft.grpc.server.heartbeat.channel = true (default)
2022-11-11 07:37:04,236 [Time-limited test] INFO  grpc.GrpcConfigKeys (ConfUtils.java:logGet(46)) - raft.grpc.server.async.request.thread.pool.cached = true (default)
2022-11-11 07:37:04,236 [Time-limited test] INFO  grpc.GrpcConfigKeys (ConfUtils.java:logGet(46)) - raft.grpc.server.async.request.thread.pool.size = 32 (default)
2022-11-11 07:37:04,237 [Time-limited test] INFO  impl.DataStreamServerImpl (ConfUtils.java:logGet(46)) - raft.datastream.type = DISABLED (default)
2022-11-11 07:37:04,238 [Time-limited test] INFO  server.RaftServerConfigKeys (ConfUtils.java:logGet(46)) - raft.server.threadpool.proxy.cached = true (default)
2022-11-11 07:37:04,238 [Time-limited test] INFO  server.RaftServerConfigKeys (ConfUtils.java:logGet(46)) - raft.server.threadpool.proxy.size = 0 (default)
2022-11-11 07:37:04,238 [Time-limited test] INFO  server.RaftServerConfigKeys (ConfUtils.java:logGet(46)) - raft.server.rpc.slowness.timeout = 60s (default)
2022-11-11 07:37:04,238 [Time-limited test] INFO  server.RaftServerConfigKeys (ConfUtils.java:logGet(46)) - raft.server.leaderelection.leader.step-down.wait-time = 10s (default)
2022-11-11 07:37:04,238 [Time-limited test] INFO  server.RaftServerConfigKeys (ConfUtils.java:logGet(46)) - raft.server.storage.dir = [/home/runner/work/ratis/ratis/ratis-test/target/test/data/badbfba9/MiniRaftClusterWithGrpcf526e0ef/s0] (custom)
2022-11-11 07:37:04,239 [Time-limited test] INFO  server.RaftServer (RaftServerProxy.java:addNew(99)) - s0: addNew group-DC0BCF2C7030:[s0|rpc:localhost:38889|admin:localhost:33369|client:localhost:36221|dataStream:localhost:44045|priority:0|startupRole:FOLLOWER, s1|rpc:localhost:33469|admin:localhost:35601|client:localhost:38107|dataStream:localhost:41079|priority:0|startupRole:FOLLOWER, s2|rpc:localhost:39335|admin:localhost:35389|client:localhost:32863|dataStream:localhost:40831|priority:0|startupRole:FOLLOWER] returns group-DC0BCF2C7030:java.util.concurrent.CompletableFuture@d306904[Not completed]
2022-11-11 07:37:04,239 [Time-limited test] INFO  impl.MiniRaftCluster (MiniRaftCluster.java:newRaftServer(382)) - newRaftServer: s1, group-DC0BCF2C7030:[s0|rpc:localhost:38889|admin:localhost:33369|client:localhost:36221|dataStream:localhost:44045|priority:0|startupRole:FOLLOWER, s1|rpc:localhost:33469|admin:localhost:35601|client:localhost:38107|dataStream:localhost:41079|priority:0|startupRole:FOLLOWER, s2|rpc:localhost:39335|admin:localhost:35389|client:localhost:32863|dataStream:localhost:40831|priority:0|startupRole:FOLLOWER], format? true
2022-11-11 07:37:04,239 [Time-limited test] TRACE util.FileUtils (FileUtils.java:deleteFully(170)) - deleteFully target/test/data/badbfba9/MiniRaftClusterWithGrpcf526e0ef/s1
2022-11-11 07:37:04,239 [Time-limited test] TRACE util.FileUtils (FileUtils.java:deleteFully(186)) - deleteFully: target/test/data/badbfba9/MiniRaftClusterWithGrpcf526e0ef/s1 does not exist.
2022-11-11 07:37:04,239 [Time-limited test] INFO  impl.MiniRaftCluster (MiniRaftCluster.java:newRaftServer(387)) - Formatted directory target/test/data/badbfba9/MiniRaftClusterWithGrpcf526e0ef/s1
2022-11-11 07:37:04,239 [Time-limited test] INFO  server.RaftServer (ConfUtils.java:logGet(46)) - raft.rpc.type = GRPC (default)
2022-11-11 07:37:04,239 [Time-limited test] INFO  grpc.GrpcConfigKeys (ConfUtils.java:logFallback(53)) - raft.grpc.admin.host = null (fallback to raft.grpc.server.host)
2022-11-11 07:37:04,240 [Time-limited test] INFO  grpc.GrpcConfigKeys (ConfUtils.java:logGet(46)) - raft.grpc.admin.port = 35601 (custom)
2022-11-11 07:37:04,240 [Time-limited test] INFO  grpc.GrpcConfigKeys (ConfUtils.java:logFallback(53)) - raft.grpc.client.host = null (fallback to raft.grpc.server.host)
2022-11-11 07:37:04,240 [Time-limited test] INFO  grpc.GrpcConfigKeys (ConfUtils.java:logGet(46)) - raft.grpc.client.port = 38107 (custom)
2022-11-11 07:37:04,240 [Time-limited test] INFO  grpc.GrpcConfigKeys (ConfUtils.java:logGet(46)) - raft.grpc.server.host = null (default)
2022-11-11 07:37:04,241 [Time-limited test] INFO  grpc.GrpcConfigKeys (ConfUtils.java:logGet(46)) - raft.grpc.server.port = 33469 (custom)
2022-11-11 07:37:04,241 [Time-limited test] INFO  server.GrpcService (ConfUtils.java:logGet(46)) - raft.grpc.message.size.max = 64MB (=67108864) (default)
2022-11-11 07:37:04,241 [Time-limited test] INFO  server.RaftServerConfigKeys (ConfUtils.java:logGet(46)) - raft.server.log.appender.buffer.byte-limit = 4MB (=4194304) (default)
2022-11-11 07:37:04,241 [Time-limited test] INFO  server.GrpcService (ConfUtils.java:logGet(46)) - raft.grpc.flow.control.window = 1MB (=1048576) (default)
2022-11-11 07:37:04,241 [Time-limited test] INFO  server.RaftServerConfigKeys (ConfUtils.java:logGet(46)) - raft.server.rpc.request.timeout = 3000ms (default)
2022-11-11 07:37:04,241 [Time-limited test] INFO  grpc.GrpcConfigKeys (ConfUtils.java:logGet(46)) - raft.grpc.server.heartbeat.channel = true (default)
2022-11-11 07:37:04,241 [Time-limited test] INFO  grpc.GrpcConfigKeys (ConfUtils.java:logGet(46)) - raft.grpc.server.async.request.thread.pool.cached = true (default)
2022-11-11 07:37:04,241 [Time-limited test] INFO  grpc.GrpcConfigKeys (ConfUtils.java:logGet(46)) - raft.grpc.server.async.request.thread.pool.size = 32 (default)
2022-11-11 07:37:04,243 [Time-limited test] INFO  impl.DataStreamServerImpl (ConfUtils.java:logGet(46)) - raft.datastream.type = DISABLED (default)
2022-11-11 07:37:04,243 [Time-limited test] INFO  server.RaftServerConfigKeys (ConfUtils.java:logGet(46)) - raft.server.threadpool.proxy.cached = true (default)
2022-11-11 07:37:04,243 [Time-limited test] INFO  server.RaftServerConfigKeys (ConfUtils.java:logGet(46)) - raft.server.threadpool.proxy.size = 0 (default)
2022-11-11 07:37:04,243 [Time-limited test] INFO  server.RaftServerConfigKeys (ConfUtils.java:logGet(46)) - raft.server.rpc.slowness.timeout = 60s (default)
2022-11-11 07:37:04,243 [Time-limited test] INFO  server.RaftServerConfigKeys (ConfUtils.java:logGet(46)) - raft.server.leaderelection.leader.step-down.wait-time = 10s (default)
2022-11-11 07:37:04,244 [Time-limited test] INFO  server.RaftServerConfigKeys (ConfUtils.java:logGet(46)) - raft.server.storage.dir = [/home/runner/work/ratis/ratis/ratis-test/target/test/data/badbfba9/MiniRaftClusterWithGrpcf526e0ef/s1] (custom)
2022-11-11 07:37:04,244 [pool-27-thread-1] INFO  server.RaftServerConfigKeys (ConfUtils.java:logGet(46)) - raft.server.log.segment.size.max = 8MB (=8388608) (default)
2022-11-11 07:37:04,244 [pool-27-thread-1] INFO  server.RaftServerConfigKeys (ConfUtils.java:logGet(46)) - raft.server.log.preallocated.size = 4MB (=4194304) (default)
2022-11-11 07:37:04,245 [pool-27-thread-1] INFO  server.RaftServerConfigKeys (ConfUtils.java:logGet(46)) - raft.server.log.write.buffer.size = 64KB (=65536) (default)
2022-11-11 07:37:04,245 [pool-27-thread-1] INFO  server.RaftServer$Division (RaftServerImpl.java:<init>(198)) - s0: new RaftServerImpl for group-DC0BCF2C7030:[s0|rpc:localhost:38889|admin:localhost:33369|client:localhost:36221|dataStream:localhost:44045|priority:0|startupRole:FOLLOWER, s1|rpc:localhost:33469|admin:localhost:35601|client:localhost:38107|dataStream:localhost:41079|priority:0|startupRole:FOLLOWER, s2|rpc:localhost:39335|admin:localhost:35389|client:localhost:32863|dataStream:localhost:40831|priority:0|startupRole:FOLLOWER] with StateMachine4InstallSnapshotNotificationTests:uninitialized
2022-11-11 07:37:04,245 [pool-27-thread-1] INFO  server.RaftServerConfigKeys (ConfUtils.java:logGet(46)) - raft.server.rpc.timeout.min = 150ms (default)
2022-11-11 07:37:04,245 [pool-27-thread-1] INFO  server.RaftServerConfigKeys (ConfUtils.java:logGet(46)) - raft.server.rpc.timeout.max = 300ms (default)
2022-11-11 07:37:04,245 [pool-27-thread-1] INFO  server.RaftServerConfigKeys (ConfUtils.java:logGet(46)) - raft.server.rpc.sleep.time = 25ms (default)
2022-11-11 07:37:04,245 [pool-27-thread-1] INFO  server.RaftServerConfigKeys (ConfUtils.java:logGet(46)) - raft.server.rpc.slowness.timeout = 60s (default)
2022-11-11 07:37:04,245 [pool-27-thread-1] INFO  server.RaftServerConfigKeys (ConfUtils.java:logGet(46)) - raft.server.leaderelection.leader.step-down.wait-time = 10s (default)
2022-11-11 07:37:04,246 [pool-27-thread-1] INFO  server.RaftServerConfigKeys (ConfUtils.java:logGet(46)) - raft.server.sleep.deviation.threshold = 300ms (default)
2022-11-11 07:37:04,246 [pool-27-thread-1] INFO  server.RaftServer$Division (ServerState.java:<init>(113)) - s0@group-DC0BCF2C7030: ConfigurationManager, init=-1: peers:[s0|rpc:localhost:38889|admin:localhost:33369|client:localhost:36221|dataStream:localhost:44045|priority:0|startupRole:FOLLOWER, s1|rpc:localhost:33469|admin:localhost:35601|client:localhost:38107|dataStream:localhost:41079|priority:0|startupRole:FOLLOWER, s2|rpc:localhost:39335|admin:localhost:35389|client:localhost:32863|dataStream:localhost:40831|priority:0|startupRole:FOLLOWER]|listeners:[], old=null, confs=<EMPTY_MAP>
2022-11-11 07:37:04,246 [pool-27-thread-1] INFO  server.RaftServerConfigKeys (ConfUtils.java:logGet(46)) - raft.server.notification.no-leader.timeout = 60s (default)
2022-11-11 07:37:04,246 [pool-27-thread-1] INFO  server.RaftServerConfigKeys (ConfUtils.java:logGet(46)) - raft.server.read.timeout = 10s (default)
2022-11-11 07:37:04,246 [pool-27-thread-1] INFO  server.RaftServerConfigKeys (ConfUtils.java:logGet(46)) - raft.server.retrycache.expirytime = 60s (default)
2022-11-11 07:37:04,246 [pool-27-thread-1] INFO  server.RaftServerConfigKeys (ConfUtils.java:logGet(46)) - raft.server.retrycache.statistics.expirytime = 100μs (default)
2022-11-11 07:37:04,246 [pool-27-thread-1] INFO  server.RaftServerConfigKeys (ConfUtils.java:logGet(46)) - raft.server.read.option = DEFAULT (default)
2022-11-11 07:37:04,247 [pool-27-thread-1] INFO  server.RaftServerConfigKeys (ConfUtils.java:logGet(46)) - raft.server.log.appender.install.snapshot.enabled = false (custom)
2022-11-11 07:37:04,247 [pool-27-thread-1] INFO  server.RaftServerConfigKeys (ConfUtils.java:logGet(46)) - raft.server.threadpool.server.cached = true (default)
2022-11-11 07:37:04,247 [pool-27-thread-1] INFO  server.RaftServerConfigKeys (ConfUtils.java:logGet(46)) - raft.server.threadpool.server.size = 0 (default)
2022-11-11 07:37:04,247 [pool-27-thread-1] INFO  server.RaftServerConfigKeys (ConfUtils.java:logGet(46)) - raft.server.threadpool.client.cached = true (default)
2022-11-11 07:37:04,247 [pool-27-thread-1] INFO  server.RaftServerConfigKeys (ConfUtils.java:logGet(46)) - raft.server.threadpool.client.size = 0 (default)
2022-11-11 07:37:04,258 [Time-limited test] INFO  server.RaftServer (RaftServerProxy.java:addNew(99)) - s1: addNew group-DC0BCF2C7030:[s0|rpc:localhost:38889|admin:localhost:33369|client:localhost:36221|dataStream:localhost:44045|priority:0|startupRole:FOLLOWER, s1|rpc:localhost:33469|admin:localhost:35601|client:localhost:38107|dataStream:localhost:41079|priority:0|startupRole:FOLLOWER, s2|rpc:localhost:39335|admin:localhost:35389|client:localhost:32863|dataStream:localhost:40831|priority:0|startupRole:FOLLOWER] returns group-DC0BCF2C7030:java.util.concurrent.CompletableFuture@63e9ab7b[Not completed]
2022-11-11 07:37:04,258 [Time-limited test] INFO  impl.MiniRaftCluster (MiniRaftCluster.java:newRaftServer(382)) - newRaftServer: s2, group-DC0BCF2C7030:[s0|rpc:localhost:38889|admin:localhost:33369|client:localhost:36221|dataStream:localhost:44045|priority:0|startupRole:FOLLOWER, s1|rpc:localhost:33469|admin:localhost:35601|client:localhost:38107|dataStream:localhost:41079|priority:0|startupRole:FOLLOWER, s2|rpc:localhost:39335|admin:localhost:35389|client:localhost:32863|dataStream:localhost:40831|priority:0|startupRole:FOLLOWER], format? true
2022-11-11 07:37:04,258 [Time-limited test] TRACE util.FileUtils (FileUtils.java:deleteFully(170)) - deleteFully target/test/data/badbfba9/MiniRaftClusterWithGrpcf526e0ef/s2
2022-11-11 07:37:04,258 [Time-limited test] TRACE util.FileUtils (FileUtils.java:deleteFully(186)) - deleteFully: target/test/data/badbfba9/MiniRaftClusterWithGrpcf526e0ef/s2 does not exist.
2022-11-11 07:37:04,258 [Time-limited test] INFO  impl.MiniRaftCluster (MiniRaftCluster.java:newRaftServer(387)) - Formatted directory target/test/data/badbfba9/MiniRaftClusterWithGrpcf526e0ef/s2
2022-11-11 07:37:04,258 [Time-limited test] INFO  server.RaftServer (ConfUtils.java:logGet(46)) - raft.rpc.type = GRPC (default)
2022-11-11 07:37:04,259 [Time-limited test] INFO  grpc.GrpcConfigKeys (ConfUtils.java:logFallback(53)) - raft.grpc.admin.host = null (fallback to raft.grpc.server.host)
2022-11-11 07:37:04,259 [Time-limited test] INFO  grpc.GrpcConfigKeys (ConfUtils.java:logGet(46)) - raft.grpc.admin.port = 35389 (custom)
2022-11-11 07:37:04,259 [Time-limited test] INFO  grpc.GrpcConfigKeys (ConfUtils.java:logFallback(53)) - raft.grpc.client.host = null (fallback to raft.grpc.server.host)
2022-11-11 07:37:04,259 [Time-limited test] INFO  grpc.GrpcConfigKeys (ConfUtils.java:logGet(46)) - raft.grpc.client.port = 32863 (custom)
2022-11-11 07:37:04,259 [Time-limited test] INFO  grpc.GrpcConfigKeys (ConfUtils.java:logGet(46)) - raft.grpc.server.host = null (default)
2022-11-11 07:37:04,259 [Time-limited test] INFO  grpc.GrpcConfigKeys (ConfUtils.java:logGet(46)) - raft.grpc.server.port = 39335 (custom)
2022-11-11 07:37:04,259 [Time-limited test] INFO  server.GrpcService (ConfUtils.java:logGet(46)) - raft.grpc.message.size.max = 64MB (=67108864) (default)
2022-11-11 07:37:04,259 [Time-limited test] INFO  server.RaftServerConfigKeys (ConfUtils.java:logGet(46)) - raft.server.log.appender.buffer.byte-limit = 4MB (=4194304) (default)
2022-11-11 07:37:04,259 [Time-limited test] INFO  server.GrpcService (ConfUtils.java:logGet(46)) - raft.grpc.flow.control.window = 1MB (=1048576) (default)
2022-11-11 07:37:04,259 [Time-limited test] INFO  server.RaftServerConfigKeys (ConfUtils.java:logGet(46)) - raft.server.rpc.request.timeout = 3000ms (default)
2022-11-11 07:37:04,259 [Time-limited test] INFO  grpc.GrpcConfigKeys (ConfUtils.java:logGet(46)) - raft.grpc.server.heartbeat.channel = true (default)
2022-11-11 07:37:04,259 [Time-limited test] INFO  grpc.GrpcConfigKeys (ConfUtils.java:logGet(46)) - raft.grpc.server.async.request.thread.pool.cached = true (default)
2022-11-11 07:37:04,259 [Time-limited test] INFO  grpc.GrpcConfigKeys (ConfUtils.java:logGet(46)) - raft.grpc.server.async.request.thread.pool.size = 32 (default)
2022-11-11 07:37:04,260 [Time-limited test] INFO  impl.DataStreamServerImpl (ConfUtils.java:logGet(46)) - raft.datastream.type = DISABLED (default)
2022-11-11 07:37:04,260 [Time-limited test] INFO  server.RaftServerConfigKeys (ConfUtils.java:logGet(46)) - raft.server.threadpool.proxy.cached = true (default)
2022-11-11 07:37:04,260 [Time-limited test] INFO  server.RaftServerConfigKeys (ConfUtils.java:logGet(46)) - raft.server.threadpool.proxy.size = 0 (default)
2022-11-11 07:37:04,261 [Time-limited test] INFO  server.RaftServerConfigKeys (ConfUtils.java:logGet(46)) - raft.server.rpc.slowness.timeout = 60s (default)
2022-11-11 07:37:04,261 [Time-limited test] INFO  server.RaftServerConfigKeys (ConfUtils.java:logGet(46)) - raft.server.leaderelection.leader.step-down.wait-time = 10s (default)
2022-11-11 07:37:04,261 [Time-limited test] INFO  server.RaftServerConfigKeys (ConfUtils.java:logGet(46)) - raft.server.storage.dir = [/home/runner/work/ratis/ratis/ratis-test/target/test/data/badbfba9/MiniRaftClusterWithGrpcf526e0ef/s2] (custom)
2022-11-11 07:37:04,261 [pool-28-thread-1] INFO  server.RaftServerConfigKeys (ConfUtils.java:logGet(46)) - raft.server.log.segment.size.max = 8MB (=8388608) (default)
2022-11-11 07:37:04,261 [pool-28-thread-1] INFO  server.RaftServerConfigKeys (ConfUtils.java:logGet(46)) - raft.server.log.preallocated.size = 4MB (=4194304) (default)
2022-11-11 07:37:04,261 [pool-28-thread-1] INFO  server.RaftServerConfigKeys (ConfUtils.java:logGet(46)) - raft.server.log.write.buffer.size = 64KB (=65536) (default)
2022-11-11 07:37:04,261 [pool-28-thread-1] INFO  server.RaftServer$Division (RaftServerImpl.java:<init>(198)) - s1: new RaftServerImpl for group-DC0BCF2C7030:[s0|rpc:localhost:38889|admin:localhost:33369|client:localhost:36221|dataStream:localhost:44045|priority:0|startupRole:FOLLOWER, s1|rpc:localhost:33469|admin:localhost:35601|client:localhost:38107|dataStream:localhost:41079|priority:0|startupRole:FOLLOWER, s2|rpc:localhost:39335|admin:localhost:35389|client:localhost:32863|dataStream:localhost:40831|priority:0|startupRole:FOLLOWER] with StateMachine4InstallSnapshotNotificationTests:uninitialized
2022-11-11 07:37:04,261 [pool-28-thread-1] INFO  server.RaftServerConfigKeys (ConfUtils.java:logGet(46)) - raft.server.rpc.timeout.min = 150ms (default)
2022-11-11 07:37:04,262 [pool-28-thread-1] INFO  server.RaftServerConfigKeys (ConfUtils.java:logGet(46)) - raft.server.rpc.timeout.max = 300ms (default)
2022-11-11 07:37:04,262 [pool-28-thread-1] INFO  server.RaftServerConfigKeys (ConfUtils.java:logGet(46)) - raft.server.rpc.sleep.time = 25ms (default)
2022-11-11 07:37:04,262 [pool-28-thread-1] INFO  server.RaftServerConfigKeys (ConfUtils.java:logGet(46)) - raft.server.rpc.slowness.timeout = 60s (default)
2022-11-11 07:37:04,262 [pool-28-thread-1] INFO  server.RaftServerConfigKeys (ConfUtils.java:logGet(46)) - raft.server.leaderelection.leader.step-down.wait-time = 10s (default)
2022-11-11 07:37:04,262 [pool-28-thread-1] INFO  server.RaftServerConfigKeys (ConfUtils.java:logGet(46)) - raft.server.sleep.deviation.threshold = 300ms (default)
2022-11-11 07:37:04,262 [pool-28-thread-1] INFO  server.RaftServer$Division (ServerState.java:<init>(113)) - s1@group-DC0BCF2C7030: ConfigurationManager, init=-1: peers:[s0|rpc:localhost:38889|admin:localhost:33369|client:localhost:36221|dataStream:localhost:44045|priority:0|startupRole:FOLLOWER, s1|rpc:localhost:33469|admin:localhost:35601|client:localhost:38107|dataStream:localhost:41079|priority:0|startupRole:FOLLOWER, s2|rpc:localhost:39335|admin:localhost:35389|client:localhost:32863|dataStream:localhost:40831|priority:0|startupRole:FOLLOWER]|listeners:[], old=null, confs=<EMPTY_MAP>
2022-11-11 07:37:04,262 [pool-28-thread-1] INFO  server.RaftServerConfigKeys (ConfUtils.java:logGet(46)) - raft.server.notification.no-leader.timeout = 60s (default)
2022-11-11 07:37:04,262 [pool-28-thread-1] INFO  server.RaftServerConfigKeys (ConfUtils.java:logGet(46)) - raft.server.read.timeout = 10s (default)
2022-11-11 07:37:04,262 [pool-28-thread-1] INFO  server.RaftServerConfigKeys (ConfUtils.java:logGet(46)) - raft.server.retrycache.expirytime = 60s (default)
2022-11-11 07:37:04,262 [pool-28-thread-1] INFO  server.RaftServerConfigKeys (ConfUtils.java:logGet(46)) - raft.server.retrycache.statistics.expirytime = 100μs (default)
2022-11-11 07:37:04,263 [pool-28-thread-1] INFO  server.RaftServerConfigKeys (ConfUtils.java:logGet(46)) - raft.server.read.option = DEFAULT (default)
2022-11-11 07:37:04,263 [pool-28-thread-1] INFO  server.RaftServerConfigKeys (ConfUtils.java:logGet(46)) - raft.server.log.appender.install.snapshot.enabled = false (custom)
2022-11-11 07:37:04,263 [pool-28-thread-1] INFO  server.RaftServerConfigKeys (ConfUtils.java:logGet(46)) - raft.server.threadpool.server.cached = true (default)
2022-11-11 07:37:04,263 [pool-28-thread-1] INFO  server.RaftServerConfigKeys (ConfUtils.java:logGet(46)) - raft.server.threadpool.server.size = 0 (default)
2022-11-11 07:37:04,263 [pool-28-thread-1] INFO  server.RaftServerConfigKeys (ConfUtils.java:logGet(46)) - raft.server.threadpool.client.cached = true (default)
2022-11-11 07:37:04,264 [pool-28-thread-1] INFO  server.RaftServerConfigKeys (ConfUtils.java:logGet(46)) - raft.server.threadpool.client.size = 0 (default)
2022-11-11 07:37:04,264 [Time-limited test] INFO  server.RaftServer (RaftServerProxy.java:addNew(99)) - s2: addNew group-DC0BCF2C7030:[s0|rpc:localhost:38889|admin:localhost:33369|client:localhost:36221|dataStream:localhost:44045|priority:0|startupRole:FOLLOWER, s1|rpc:localhost:33469|admin:localhost:35601|client:localhost:38107|dataStream:localhost:41079|priority:0|startupRole:FOLLOWER, s2|rpc:localhost:39335|admin:localhost:35389|client:localhost:32863|dataStream:localhost:40831|priority:0|startupRole:FOLLOWER] returns group-DC0BCF2C7030:java.util.concurrent.CompletableFuture@5671a8bb[Not completed]
2022-11-11 07:37:04,264 [s0-impl-thread1] INFO  server.RaftServerConfigKeys (ConfUtils.java:logGet(46)) - raft.server.storage.free-space.min = 0MB (=0) (default)
2022-11-11 07:37:04,264 [s0-impl-thread1] INFO  server.RaftServerConfigKeys (ConfUtils.java:logGet(46)) - raft.server.log.corruption.policy = EXCEPTION (default)
2022-11-11 07:37:04,264 [s0-impl-thread1] INFO  server.RaftServerConfigKeys (ConfUtils.java:logGet(46)) - raft.server.storage.dir = [/home/runner/work/ratis/ratis/ratis-test/target/test/data/badbfba9/MiniRaftClusterWithGrpcf526e0ef/s0] (custom)
2022-11-11 07:37:04,265 [s0-impl-thread1] INFO  storage.RaftStorageDirectory (RaftStorageDirectoryImpl.java:analyzeStorage(138)) - The storage directory /home/runner/work/ratis/ratis/ratis-test/target/test/data/badbfba9/MiniRaftClusterWithGrpcf526e0ef/s0/4c2c9efe-0344-4438-a419-dc0bcf2c7030 does not exist. Creating ...
2022-11-11 07:37:04,265 [s0-impl-thread1] TRACE util.FileUtils (LogUtils.java:runAndLog(49)) - Successfully ran Files.createDirectories /home/runner/work/ratis/ratis/ratis-test/target/test/data/badbfba9/MiniRaftClusterWithGrpcf526e0ef/s0/4c2c9efe-0344-4438-a419-dc0bcf2c7030
2022-11-11 07:37:04,266 [pool-30-thread-1] INFO  server.RaftServerConfigKeys (ConfUtils.java:logGet(46)) - raft.server.log.segment.size.max = 8MB (=8388608) (default)
2022-11-11 07:37:04,266 [pool-30-thread-1] INFO  server.RaftServerConfigKeys (ConfUtils.java:logGet(46)) - raft.server.log.preallocated.size = 4MB (=4194304) (default)
2022-11-11 07:37:04,267 [pool-30-thread-1] INFO  server.RaftServerConfigKeys (ConfUtils.java:logGet(46)) - raft.server.log.write.buffer.size = 64KB (=65536) (default)
2022-11-11 07:37:04,267 [pool-30-thread-1] INFO  server.RaftServer$Division (RaftServerImpl.java:<init>(198)) - s2: new RaftServerImpl for group-DC0BCF2C7030:[s0|rpc:localhost:38889|admin:localhost:33369|client:localhost:36221|dataStream:localhost:44045|priority:0|startupRole:FOLLOWER, s1|rpc:localhost:33469|admin:localhost:35601|client:localhost:38107|dataStream:localhost:41079|priority:0|startupRole:FOLLOWER, s2|rpc:localhost:39335|admin:localhost:35389|client:localhost:32863|dataStream:localhost:40831|priority:0|startupRole:FOLLOWER] with StateMachine4InstallSnapshotNotificationTests:uninitialized
2022-11-11 07:37:04,267 [pool-30-thread-1] INFO  server.RaftServerConfigKeys (ConfUtils.java:logGet(46)) - raft.server.rpc.timeout.min = 150ms (default)
2022-11-11 07:37:04,267 [pool-30-thread-1] INFO  server.RaftServerConfigKeys (ConfUtils.java:logGet(46)) - raft.server.rpc.timeout.max = 300ms (default)
2022-11-11 07:37:04,267 [pool-30-thread-1] INFO  server.RaftServerConfigKeys (ConfUtils.java:logGet(46)) - raft.server.rpc.sleep.time = 25ms (default)
2022-11-11 07:37:04,267 [pool-30-thread-1] INFO  server.RaftServerConfigKeys (ConfUtils.java:logGet(46)) - raft.server.rpc.slowness.timeout = 60s (default)
2022-11-11 07:37:04,267 [pool-30-thread-1] INFO  server.RaftServerConfigKeys (ConfUtils.java:logGet(46)) - raft.server.leaderelection.leader.step-down.wait-time = 10s (default)
2022-11-11 07:37:04,267 [pool-30-thread-1] INFO  server.RaftServerConfigKeys (ConfUtils.java:logGet(46)) - raft.server.sleep.deviation.threshold = 300ms (default)
2022-11-11 07:37:04,268 [pool-30-thread-1] INFO  server.RaftServer$Division (ServerState.java:<init>(113)) - s2@group-DC0BCF2C7030: ConfigurationManager, init=-1: peers:[s0|rpc:localhost:38889|admin:localhost:33369|client:localhost:36221|dataStream:localhost:44045|priority:0|startupRole:FOLLOWER, s1|rpc:localhost:33469|admin:localhost:35601|client:localhost:38107|dataStream:localhost:41079|priority:0|startupRole:FOLLOWER, s2|rpc:localhost:39335|admin:localhost:35389|client:localhost:32863|dataStream:localhost:40831|priority:0|startupRole:FOLLOWER]|listeners:[], old=null, confs=<EMPTY_MAP>
2022-11-11 07:37:04,268 [pool-30-thread-1] INFO  server.RaftServerConfigKeys (ConfUtils.java:logGet(46)) - raft.server.notification.no-leader.timeout = 60s (default)
2022-11-11 07:37:04,268 [s0-impl-thread1] INFO  storage.RaftStorageDirectory (RaftStorageDirectoryImpl.java:tryLock(232)) - Lock on /home/runner/work/ratis/ratis/ratis-test/target/test/data/badbfba9/MiniRaftClusterWithGrpcf526e0ef/s0/4c2c9efe-0344-4438-a419-dc0bcf2c7030/in_use.lock acquired by nodename 9668@fv-az163-810
2022-11-11 07:37:04,268 [pool-30-thread-1] INFO  server.RaftServerConfigKeys (ConfUtils.java:logGet(46)) - raft.server.read.timeout = 10s (default)
2022-11-11 07:37:04,268 [s0-impl-thread1] TRACE util.FileUtils (LogUtils.java:runAndLog(49)) - Successfully ran Files.createDirectories /home/runner/work/ratis/ratis/ratis-test/target/test/data/badbfba9/MiniRaftClusterWithGrpcf526e0ef/s0/4c2c9efe-0344-4438-a419-dc0bcf2c7030/current
2022-11-11 07:37:04,268 [pool-30-thread-1] INFO  server.RaftServerConfigKeys (ConfUtils.java:logGet(46)) - raft.server.retrycache.expirytime = 60s (default)
2022-11-11 07:37:04,268 [pool-30-thread-1] INFO  server.RaftServerConfigKeys (ConfUtils.java:logGet(46)) - raft.server.retrycache.statistics.expirytime = 100μs (default)
2022-11-11 07:37:04,268 [s0-impl-thread1] TRACE util.FileUtils (LogUtils.java:runAndLog(49)) - Successfully ran Files.createDirectories /home/runner/work/ratis/ratis/ratis-test/target/test/data/badbfba9/MiniRaftClusterWithGrpcf526e0ef/s0/4c2c9efe-0344-4438-a419-dc0bcf2c7030/sm
2022-11-11 07:37:04,268 [pool-30-thread-1] INFO  server.RaftServerConfigKeys (ConfUtils.java:logGet(46)) - raft.server.read.option = DEFAULT (default)
2022-11-11 07:37:04,271 [s0-impl-thread1] INFO  storage.RaftStorage (RaftStorageImpl.java:format(96)) - Storage directory /home/runner/work/ratis/ratis/ratis-test/target/test/data/badbfba9/MiniRaftClusterWithGrpcf526e0ef/s0/4c2c9efe-0344-4438-a419-dc0bcf2c7030 has been successfully formatted.
2022-11-11 07:37:04,271 [s0-impl-thread1] INFO  impl.SimpleStateMachine4Testing (SimpleStateMachine4Testing.java:initialize(213)) - Initializing StateMachine4InstallSnapshotNotificationTests:uninitialized
2022-11-11 07:37:04,272 [s0-impl-thread1] INFO  impl.SimpleStateMachine4Testing (SimpleStateMachine4Testing.java:loadSnapshot(293)) - Loading snapshot null
2022-11-11 07:37:04,272 [s0-impl-thread1] INFO  server.RaftServerConfigKeys (ConfUtils.java:logGet(46)) - raft.server.log.use.memory = false (default)
2022-11-11 07:37:04,272 [s0-impl-thread1] INFO  server.RaftServerConfigKeys (ConfUtils.java:logGet(46)) - raft.server.log.purge.gap = 8 (custom)
2022-11-11 07:37:04,272 [s0-impl-thread1] INFO  server.RaftServerConfigKeys (ConfUtils.java:logGet(46)) - raft.server.log.appender.buffer.byte-limit = 4MB (=4194304) (default)
2022-11-11 07:37:04,272 [s0-impl-thread1] INFO  server.RaftServerConfigKeys (ConfUtils.java:logGet(46)) - raft.server.log.statemachine.data.read.timeout = 1000ms (default)
2022-11-11 07:37:04,272 [s0-impl-thread1] INFO  server.RaftServerConfigKeys (ConfUtils.java:logGet(46)) - raft.server.log.purge.preservation.log.num = 0 (default)
2022-11-11 07:37:04,273 [s0-impl-thread1] INFO  server.RaftServerConfigKeys (ConfUtils.java:logGet(46)) - raft.server.log.segment.size.max = 1024 (custom)
2022-11-11 07:37:04,273 [s0-impl-thread1] INFO  server.RaftServerConfigKeys (ConfUtils.java:logGet(46)) - raft.server.log.segment.cache.num.max = 6 (default)
2022-11-11 07:37:04,273 [s0-impl-thread1] INFO  server.RaftServerConfigKeys (ConfUtils.java:logGet(46)) - raft.server.log.segment.cache.size.max = 200MB (=209715200) (default)
2022-11-11 07:37:04,273 [s0-impl-thread1] INFO  segmented.SegmentedRaftLogWorker (SegmentedRaftLogWorker.java:<init>(184)) - new s0@group-DC0BCF2C7030-SegmentedRaftLogWorker for RaftStorageImpl:Storage Directory /home/runner/work/ratis/ratis/ratis-test/target/test/data/badbfba9/MiniRaftClusterWithGrpcf526e0ef/s0/4c2c9efe-0344-4438-a419-dc0bcf2c7030
2022-11-11 07:37:04,273 [s0-impl-thread1] INFO  server.RaftServerConfigKeys (ConfUtils.java:logGet(46)) - raft.server.log.queue.byte-limit = 64MB (=67108864) (default)
2022-11-11 07:37:04,273 [s0-impl-thread1] INFO  server.RaftServerConfigKeys (ConfUtils.java:logGet(46)) - raft.server.log.queue.element-limit = 4096 (default)
2022-11-11 07:37:04,273 [s0-impl-thread1] INFO  server.RaftServerConfigKeys (ConfUtils.java:logGet(46)) - raft.server.log.segment.size.max = 1024 (custom)
2022-11-11 07:37:04,273 [s0-impl-thread1] INFO  server.RaftServerConfigKeys (ConfUtils.java:logGet(46)) - raft.server.log.preallocated.size = 4MB (=4194304) (default)
2022-11-11 07:37:04,273 [s0-impl-thread1] INFO  server.RaftServerConfigKeys (ConfUtils.java:logGet(46)) - raft.server.log.force.sync.num = 128 (default)
2022-11-11 07:37:04,274 [s0-impl-thread1] INFO  server.RaftServerConfigKeys (ConfUtils.java:logGet(46)) - raft.server.log.statemachine.data.sync = true (default)
2022-11-11 07:37:04,274 [s0-impl-thread1] INFO  server.RaftServerConfigKeys (ConfUtils.java:logGet(46)) - raft.server.log.statemachine.data.sync.timeout = 10s (default)
2022-11-11 07:37:04,274 [s0-impl-thread1] INFO  server.RaftServerConfigKeys (ConfUtils.java:logGet(46)) - raft.server.log.statemachine.data.sync.timeout.retry = -1 (default)
2022-11-11 07:37:04,274 [s0-impl-thread1] INFO  server.RaftServerConfigKeys (ConfUtils.java:logGet(46)) - raft.server.log.write.buffer.size = 64KB (=65536) (default)
2022-11-11 07:37:04,274 [s0-impl-thread1] INFO  server.RaftServerConfigKeys (ConfUtils.java:logGet(46)) - raft.server.log.appender.buffer.byte-limit = 4MB (=4194304) (default)
2022-11-11 07:37:04,274 [s0-impl-thread1] INFO  server.RaftServerConfigKeys (ConfUtils.java:logGet(46)) - raft.server.log.unsafe-flush.enabled = false (default)
2022-11-11 07:37:04,274 [s0-impl-thread1] INFO  server.RaftServerConfigKeys (ConfUtils.java:logGet(46)) - raft.server.log.async-flush.enabled = false (default)
2022-11-11 07:37:04,275 [s0-impl-thread1] INFO  server.RaftServerConfigKeys (ConfUtils.java:logGet(46)) - raft.server.log.statemachine.data.caching.enabled = false (default)
2022-11-11 07:37:04,275 [s0-impl-thread1] INFO  segmented.SegmentedRaftLogWorker (SegmentedRaftLogWorker.java:lambda$new$0(134)) - s0@group-DC0BCF2C7030-SegmentedRaftLogWorker: flushIndex: setUnconditionally 0 -> -1
2022-11-11 07:37:04,275 [s0-impl-thread1] INFO  segmented.SegmentedRaftLogWorker (SegmentedRaftLogWorker.java:lambda$new$0(134)) - s0@group-DC0BCF2C7030-SegmentedRaftLogWorker: safeCacheEvictIndex: setUnconditionally 0 -> -1
2022-11-11 07:37:04,275 [pool-30-thread-1] INFO  server.RaftServerConfigKeys (ConfUtils.java:logGet(46)) - raft.server.log.appender.install.snapshot.enabled = false (custom)
2022-11-11 07:37:04,275 [pool-30-thread-1] INFO  server.RaftServerConfigKeys (ConfUtils.java:logGet(46)) - raft.server.threadpool.server.cached = true (default)
2022-11-11 07:37:04,275 [pool-30-thread-1] INFO  server.RaftServerConfigKeys (ConfUtils.java:logGet(46)) - raft.server.threadpool.server.size = 0 (default)
2022-11-11 07:37:04,275 [s0-impl-thread1] INFO  server.RaftServer$Division (RaftServerImpl.java:start(338)) - s0@group-DC0BCF2C7030: start as a follower, conf=-1: peers:[s0|rpc:localhost:38889|admin:localhost:33369|client:localhost:36221|dataStream:localhost:44045|priority:0|startupRole:FOLLOWER, s1|rpc:localhost:33469|admin:localhost:35601|client:localhost:38107|dataStream:localhost:41079|priority:0|startupRole:FOLLOWER, s2|rpc:localhost:39335|admin:localhost:35389|client:localhost:32863|dataStream:localhost:40831|priority:0|startupRole:FOLLOWER]|listeners:[], old=null
2022-11-11 07:37:04,275 [s0-impl-thread1] INFO  server.RaftServer$Division (RaftServerImpl.java:setRole(325)) - s0@group-DC0BCF2C7030: changes role from      null to FOLLOWER at term 0 for startAsFollower
2022-11-11 07:37:04,276 [s0-impl-thread1] INFO  impl.RoleInfo (RoleInfo.java:updateAndGet(139)) - s0: start s0@group-DC0BCF2C7030-FollowerState
2022-11-11 07:37:04,275 [pool-30-thread-1] INFO  server.RaftServerConfigKeys (ConfUtils.java:logGet(46)) - raft.server.threadpool.client.cached = true (default)
2022-11-11 07:37:04,276 [pool-30-thread-1] INFO  server.RaftServerConfigKeys (ConfUtils.java:logGet(46)) - raft.server.threadpool.client.size = 0 (default)
2022-11-11 07:37:04,277 [s0-impl-thread1] INFO  util.JmxRegister (JmxRegister.java:tryRegister(44)) - Successfully registered JMX Bean with object name Ratis:service=RaftServer,group=group-DC0BCF2C7030,id=s0
2022-11-11 07:37:04,277 [s0-impl-thread1] INFO  server.RaftServerConfigKeys (ConfUtils.java:logGet(46)) - raft.server.snapshot.auto.trigger.enabled = true (custom)
2022-11-11 07:37:04,277 [s0-impl-thread1] INFO  server.RaftServerConfigKeys (ConfUtils.java:logGet(46)) - raft.server.snapshot.auto.trigger.threshold = 64 (custom)
2022-11-11 07:37:04,277 [s0-impl-thread1] INFO  server.RaftServerConfigKeys (ConfUtils.java:logGet(46)) - raft.server.snapshot.retention.file.num = -1 (default)
2022-11-11 07:37:04,277 [s0-impl-thread1] INFO  server.RaftServerConfigKeys (ConfUtils.java:logGet(46)) - raft.server.log.purge.upto.snapshot.index = false (default)
2022-11-11 07:37:04,277 [s0@group-DC0BCF2C7030-FollowerState] INFO  server.RaftServerConfigKeys (ConfUtils.java:logFallback(53)) - raft.server.rpc.first-election.timeout.min = 150ms (fallback to raft.server.rpc.timeout.min)
2022-11-11 07:37:04,277 [s0@group-DC0BCF2C7030-FollowerState] INFO  server.RaftServerConfigKeys (ConfUtils.java:logFallback(53)) - raft.server.rpc.first-election.timeout.max = 300ms (fallback to raft.server.rpc.timeout.max)
2022-11-11 07:37:04,278 [Time-limited test] INFO  server.RaftServer (RaftServerProxy.java:startImpl(396)) - s0: start RPC server
2022-11-11 07:37:04,279 [Time-limited test] INFO  server.GrpcService (GrpcService.java:startImpl(310)) - s0: GrpcService started, listening on 36221
2022-11-11 07:37:04,279 [Time-limited test] INFO  server.GrpcService (GrpcService.java:startImpl(310)) - s0: GrpcService started, listening on 38889
2022-11-11 07:37:04,280 [Time-limited test] INFO  server.GrpcService (GrpcService.java:startImpl(310)) - s0: GrpcService started, listening on 33369
2022-11-11 07:37:04,284 [s1-impl-thread1] INFO  server.RaftServerConfigKeys (ConfUtils.java:logGet(46)) - raft.server.storage.free-space.min = 0MB (=0) (default)
2022-11-11 07:37:04,284 [s1-impl-thread1] INFO  server.RaftServerConfigKeys (ConfUtils.java:logGet(46)) - raft.server.log.corruption.policy = EXCEPTION (default)
2022-11-11 07:37:04,284 [JvmPauseMonitor12] INFO  util.JvmPauseMonitor (JvmPauseMonitor.java:run(105)) - JvmPauseMonitor-s0: Started
2022-11-11 07:37:04,284 [s1-impl-thread1] INFO  server.RaftServerConfigKeys (ConfUtils.java:logGet(46)) - raft.server.storage.dir = [/home/runner/work/ratis/ratis/ratis-test/target/test/data/badbfba9/MiniRaftClusterWithGrpcf526e0ef/s1] (custom)
2022-11-11 07:37:04,284 [s1-impl-thread1] INFO  storage.RaftStorageDirectory (RaftStorageDirectoryImpl.java:analyzeStorage(138)) - The storage directory /home/runner/work/ratis/ratis/ratis-test/target/test/data/badbfba9/MiniRaftClusterWithGrpcf526e0ef/s1/4c2c9efe-0344-4438-a419-dc0bcf2c7030 does not exist. Creating ...
2022-11-11 07:37:04,284 [s1-impl-thread1] TRACE util.FileUtils (LogUtils.java:runAndLog(49)) - Successfully ran Files.createDirectories /home/runner/work/ratis/ratis/ratis-test/target/test/data/badbfba9/MiniRaftClusterWithGrpcf526e0ef/s1/4c2c9efe-0344-4438-a419-dc0bcf2c7030
2022-11-11 07:37:04,287 [s1-impl-thread1] INFO  storage.RaftStorageDirectory (RaftStorageDirectoryImpl.java:tryLock(232)) - Lock on /home/runner/work/ratis/ratis/ratis-test/target/test/data/badbfba9/MiniRaftClusterWithGrpcf526e0ef/s1/4c2c9efe-0344-4438-a419-dc0bcf2c7030/in_use.lock acquired by nodename 9668@fv-az163-810
2022-11-11 07:37:04,287 [s1-impl-thread1] TRACE util.FileUtils (LogUtils.java:runAndLog(49)) - Successfully ran Files.createDirectories /home/runner/work/ratis/ratis/ratis-test/target/test/data/badbfba9/MiniRaftClusterWithGrpcf526e0ef/s1/4c2c9efe-0344-4438-a419-dc0bcf2c7030/current
2022-11-11 07:37:04,287 [s1-impl-thread1] TRACE util.FileUtils (LogUtils.java:runAndLog(49)) - Successfully ran Files.createDirectories /home/runner/work/ratis/ratis/ratis-test/target/test/data/badbfba9/MiniRaftClusterWithGrpcf526e0ef/s1/4c2c9efe-0344-4438-a419-dc0bcf2c7030/sm
2022-11-11 07:37:04,289 [s1-impl-thread1] INFO  storage.RaftStorage (RaftStorageImpl.java:format(96)) - Storage directory /home/runner/work/ratis/ratis/ratis-test/target/test/data/badbfba9/MiniRaftClusterWithGrpcf526e0ef/s1/4c2c9efe-0344-4438-a419-dc0bcf2c7030 has been successfully formatted.
2022-11-11 07:37:04,289 [s1-impl-thread1] INFO  impl.SimpleStateMachine4Testing (SimpleStateMachine4Testing.java:initialize(213)) - Initializing StateMachine4InstallSnapshotNotificationTests:uninitialized
2022-11-11 07:37:04,290 [s1-impl-thread1] INFO  impl.SimpleStateMachine4Testing (SimpleStateMachine4Testing.java:loadSnapshot(293)) - Loading snapshot null
2022-11-11 07:37:04,290 [s1-impl-thread1] INFO  server.RaftServerConfigKeys (ConfUtils.java:logGet(46)) - raft.server.log.use.memory = false (default)
2022-11-11 07:37:04,290 [s1-impl-thread1] INFO  server.RaftServerConfigKeys (ConfUtils.java:logGet(46)) - raft.server.log.purge.gap = 8 (custom)
2022-11-11 07:37:04,290 [s1-impl-thread1] INFO  server.RaftServerConfigKeys (ConfUtils.java:logGet(46)) - raft.server.log.appender.buffer.byte-limit = 4MB (=4194304) (default)
2022-11-11 07:37:04,290 [s1-impl-thread1] INFO  server.RaftServerConfigKeys (ConfUtils.java:logGet(46)) - raft.server.log.statemachine.data.read.timeout = 1000ms (default)
2022-11-11 07:37:04,290 [s1-impl-thread1] INFO  server.RaftServerConfigKeys (ConfUtils.java:logGet(46)) - raft.server.log.purge.preservation.log.num = 0 (default)
2022-11-11 07:37:04,290 [s1-impl-thread1] INFO  server.RaftServerConfigKeys (ConfUtils.java:logGet(46)) - raft.server.log.segment.size.max = 1024 (custom)
2022-11-11 07:37:04,291 [s1-impl-thread1] INFO  server.RaftServerConfigKeys (ConfUtils.java:logGet(46)) - raft.server.log.segment.cache.num.max = 6 (default)
2022-11-11 07:37:04,291 [s1-impl-thread1] INFO  server.RaftServerConfigKeys (ConfUtils.java:logGet(46)) - raft.server.log.segment.cache.size.max = 200MB (=209715200) (default)
2022-11-11 07:37:04,291 [s1-impl-thread1] INFO  segmented.SegmentedRaftLogWorker (SegmentedRaftLogWorker.java:<init>(184)) - new s1@group-DC0BCF2C7030-SegmentedRaftLogWorker for RaftStorageImpl:Storage Directory /home/runner/work/ratis/ratis/ratis-test/target/test/data/badbfba9/MiniRaftClusterWithGrpcf526e0ef/s1/4c2c9efe-0344-4438-a419-dc0bcf2c7030
2022-11-11 07:37:04,291 [s1-impl-thread1] INFO  server.RaftServerConfigKeys (ConfUtils.java:logGet(46)) - raft.server.log.queue.byte-limit = 64MB (=67108864) (default)
2022-11-11 07:37:04,291 [s1-impl-thread1] INFO  server.RaftServerConfigKeys (ConfUtils.java:logGet(46)) - raft.server.log.queue.element-limit = 4096 (default)
2022-11-11 07:37:04,291 [s1-impl-thread1] INFO  server.RaftServerConfigKeys (ConfUtils.java:logGet(46)) - raft.server.log.segment.size.max = 1024 (custom)
2022-11-11 07:37:04,291 [s1-impl-thread1] INFO  server.RaftServerConfigKeys (ConfUtils.java:logGet(46)) - raft.server.log.preallocated.size = 4MB (=4194304) (default)
2022-11-11 07:37:04,291 [s1-impl-thread1] INFO  server.RaftServerConfigKeys (ConfUtils.java:logGet(46)) - raft.server.log.force.sync.num = 128 (default)
2022-11-11 07:37:04,291 [s1-impl-thread1] INFO  server.RaftServerConfigKeys (ConfUtils.java:logGet(46)) - raft.server.log.statemachine.data.sync = true (default)
2022-11-11 07:37:04,291 [s1-impl-thread1] INFO  server.RaftServerConfigKeys (ConfUtils.java:logGet(46)) - raft.server.log.statemachine.data.sync.timeout = 10s (default)
2022-11-11 07:37:04,291 [s1-impl-thread1] INFO  server.RaftServerConfigKeys (ConfUtils.java:logGet(46)) - raft.server.log.statemachine.data.sync.timeout.retry = -1 (default)
2022-11-11 07:37:04,292 [s1-impl-thread1] INFO  server.RaftServerConfigKeys (ConfUtils.java:logGet(46)) - raft.server.log.write.buffer.size = 64KB (=65536) (default)
2022-11-11 07:37:04,292 [s1-impl-thread1] INFO  server.RaftServerConfigKeys (ConfUtils.java:logGet(46)) - raft.server.log.appender.buffer.byte-limit = 4MB (=4194304) (default)
2022-11-11 07:37:04,292 [s1-impl-thread1] INFO  server.RaftServerConfigKeys (ConfUtils.java:logGet(46)) - raft.server.log.unsafe-flush.enabled = false (default)
2022-11-11 07:37:04,292 [s1-impl-thread1] INFO  server.RaftServerConfigKeys (ConfUtils.java:logGet(46)) - raft.server.log.async-flush.enabled = false (default)
2022-11-11 07:37:04,292 [s1-impl-thread1] INFO  server.RaftServerConfigKeys (ConfUtils.java:logGet(46)) - raft.server.log.statemachine.data.caching.enabled = false (default)
2022-11-11 07:37:04,292 [s1-impl-thread1] INFO  segmented.SegmentedRaftLogWorker (SegmentedRaftLogWorker.java:lambda$new$0(134)) - s1@group-DC0BCF2C7030-SegmentedRaftLogWorker: flushIndex: setUnconditionally 0 -> -1
2022-11-11 07:37:04,292 [s1-impl-thread1] INFO  segmented.SegmentedRaftLogWorker (SegmentedRaftLogWorker.java:lambda$new$0(134)) - s1@group-DC0BCF2C7030-SegmentedRaftLogWorker: safeCacheEvictIndex: setUnconditionally 0 -> -1
2022-11-11 07:37:04,293 [s1-impl-thread1] INFO  server.RaftServer$Division (RaftServerImpl.java:start(338)) - s1@group-DC0BCF2C7030: start as a follower, conf=-1: peers:[s0|rpc:localhost:38889|admin:localhost:33369|client:localhost:36221|dataStream:localhost:44045|priority:0|startupRole:FOLLOWER, s1|rpc:localhost:33469|admin:localhost:35601|client:localhost:38107|dataStream:localhost:41079|priority:0|startupRole:FOLLOWER, s2|rpc:localhost:39335|admin:localhost:35389|client:localhost:32863|dataStream:localhost:40831|priority:0|startupRole:FOLLOWER]|listeners:[], old=null
2022-11-11 07:37:04,293 [s1-impl-thread1] INFO  server.RaftServer$Division (RaftServerImpl.java:setRole(325)) - s1@group-DC0BCF2C7030: changes role from      null to FOLLOWER at term 0 for startAsFollower
2022-11-11 07:37:04,293 [s1-impl-thread1] INFO  impl.RoleInfo (RoleInfo.java:updateAndGet(139)) - s1: start s1@group-DC0BCF2C7030-FollowerState
2022-11-11 07:37:04,293 [s1-impl-thread1] INFO  util.JmxRegister (JmxRegister.java:tryRegister(44)) - Successfully registered JMX Bean with object name Ratis:service=RaftServer,group=group-DC0BCF2C7030,id=s1
2022-11-11 07:37:04,293 [s1-impl-thread1] INFO  server.RaftServerConfigKeys (ConfUtils.java:logGet(46)) - raft.server.snapshot.auto.trigger.enabled = true (custom)
2022-11-11 07:37:04,293 [s1-impl-thread1] INFO  server.RaftServerConfigKeys (ConfUtils.java:logGet(46)) - raft.server.snapshot.auto.trigger.threshold = 64 (custom)
2022-11-11 07:37:04,293 [s1-impl-thread1] INFO  server.RaftServerConfigKeys (ConfUtils.java:logGet(46)) - raft.server.snapshot.retention.file.num = -1 (default)
2022-11-11 07:37:04,294 [s1-impl-thread1] INFO  server.RaftServerConfigKeys (ConfUtils.java:logGet(46)) - raft.server.log.purge.upto.snapshot.index = false (default)
2022-11-11 07:37:04,295 [Time-limited test] INFO  server.RaftServer (RaftServerProxy.java:startImpl(396)) - s1: start RPC server
2022-11-11 07:37:04,294 [s1@group-DC0BCF2C7030-FollowerState] INFO  server.RaftServerConfigKeys (ConfUtils.java:logFallback(53)) - raft.server.rpc.first-election.timeout.min = 150ms (fallback to raft.server.rpc.timeout.min)
2022-11-11 07:37:04,296 [s1@group-DC0BCF2C7030-FollowerState] INFO  server.RaftServerConfigKeys (ConfUtils.java:logFallback(53)) - raft.server.rpc.first-election.timeout.max = 300ms (fallback to raft.server.rpc.timeout.max)
2022-11-11 07:37:04,300 [Time-limited test] INFO  server.GrpcService (GrpcService.java:startImpl(310)) - s1: GrpcService started, listening on 38107
2022-11-11 07:37:04,301 [Time-limited test] INFO  server.GrpcService (GrpcService.java:startImpl(310)) - s1: GrpcService started, listening on 33469
2022-11-11 07:37:04,301 [Time-limited test] INFO  server.GrpcService (GrpcService.java:startImpl(310)) - s1: GrpcService started, listening on 35601
2022-11-11 07:37:04,304 [s2-impl-thread1] INFO  server.RaftServerConfigKeys (ConfUtils.java:logGet(46)) - raft.server.storage.free-space.min = 0MB (=0) (default)
2022-11-11 07:37:04,304 [s2-impl-thread1] INFO  server.RaftServerConfigKeys (ConfUtils.java:logGet(46)) - raft.server.log.corruption.policy = EXCEPTION (default)
2022-11-11 07:37:04,304 [s2-impl-thread1] INFO  server.RaftServerConfigKeys (ConfUtils.java:logGet(46)) - raft.server.storage.dir = [/home/runner/work/ratis/ratis/ratis-test/target/test/data/badbfba9/MiniRaftClusterWithGrpcf526e0ef/s2] (custom)
2022-11-11 07:37:04,305 [s2-impl-thread1] INFO  storage.RaftStorageDirectory (RaftStorageDirectoryImpl.java:analyzeStorage(138)) - The storage directory /home/runner/work/ratis/ratis/ratis-test/target/test/data/badbfba9/MiniRaftClusterWithGrpcf526e0ef/s2/4c2c9efe-0344-4438-a419-dc0bcf2c7030 does not exist. Creating ...
2022-11-11 07:37:04,305 [s2-impl-thread1] TRACE util.FileUtils (LogUtils.java:runAndLog(49)) - Successfully ran Files.createDirectories /home/runner/work/ratis/ratis/ratis-test/target/test/data/badbfba9/MiniRaftClusterWithGrpcf526e0ef/s2/4c2c9efe-0344-4438-a419-dc0bcf2c7030
2022-11-11 07:37:04,307 [s2-impl-thread1] INFO  storage.RaftStorageDirectory (RaftStorageDirectoryImpl.java:tryLock(232)) - Lock on /home/runner/work/ratis/ratis/ratis-test/target/test/data/badbfba9/MiniRaftClusterWithGrpcf526e0ef/s2/4c2c9efe-0344-4438-a419-dc0bcf2c7030/in_use.lock acquired by nodename 9668@fv-az163-810
2022-11-11 07:37:04,307 [s2-impl-thread1] TRACE util.FileUtils (LogUtils.java:runAndLog(49)) - Successfully ran Files.createDirectories /home/runner/work/ratis/ratis/ratis-test/target/test/data/badbfba9/MiniRaftClusterWithGrpcf526e0ef/s2/4c2c9efe-0344-4438-a419-dc0bcf2c7030/current
2022-11-11 07:37:04,307 [s2-impl-thread1] TRACE util.FileUtils (LogUtils.java:runAndLog(49)) - Successfully ran Files.createDirectories /home/runner/work/ratis/ratis/ratis-test/target/test/data/badbfba9/MiniRaftClusterWithGrpcf526e0ef/s2/4c2c9efe-0344-4438-a419-dc0bcf2c7030/sm
2022-11-11 07:37:04,310 [s2-impl-thread1] INFO  storage.RaftStorage (RaftStorageImpl.java:format(96)) - Storage directory /home/runner/work/ratis/ratis/ratis-test/target/test/data/badbfba9/MiniRaftClusterWithGrpcf526e0ef/s2/4c2c9efe-0344-4438-a419-dc0bcf2c7030 has been successfully formatted.
2022-11-11 07:37:04,310 [s2-impl-thread1] INFO  impl.SimpleStateMachine4Testing (SimpleStateMachine4Testing.java:initialize(213)) - Initializing StateMachine4InstallSnapshotNotificationTests:uninitialized
2022-11-11 07:37:04,310 [s2-impl-thread1] INFO  impl.SimpleStateMachine4Testing (SimpleStateMachine4Testing.java:loadSnapshot(293)) - Loading snapshot null
2022-11-11 07:37:04,310 [s2-impl-thread1] INFO  server.RaftServerConfigKeys (ConfUtils.java:logGet(46)) - raft.server.log.use.memory = false (default)
2022-11-11 07:37:04,310 [s2-impl-thread1] INFO  server.RaftServerConfigKeys (ConfUtils.java:logGet(46)) - raft.server.log.purge.gap = 8 (custom)
2022-11-11 07:37:04,310 [s2-impl-thread1] INFO  server.RaftServerConfigKeys (ConfUtils.java:logGet(46)) - raft.server.log.appender.buffer.byte-limit = 4MB (=4194304) (default)
2022-11-11 07:37:04,310 [s2-impl-thread1] INFO  server.RaftServerConfigKeys (ConfUtils.java:logGet(46)) - raft.server.log.statemachine.data.read.timeout = 1000ms (default)
2022-11-11 07:37:04,310 [s2-impl-thread1] INFO  server.RaftServerConfigKeys (ConfUtils.java:logGet(46)) - raft.server.log.purge.preservation.log.num = 0 (default)
2022-11-11 07:37:04,311 [s2-impl-thread1] INFO  server.RaftServerConfigKeys (ConfUtils.java:logGet(46)) - raft.server.log.segment.size.max = 1024 (custom)
2022-11-11 07:37:04,311 [s2-impl-thread1] INFO  server.RaftServerConfigKeys (ConfUtils.java:logGet(46)) - raft.server.log.segment.cache.num.max = 6 (default)
2022-11-11 07:37:04,311 [s2-impl-thread1] INFO  server.RaftServerConfigKeys (ConfUtils.java:logGet(46)) - raft.server.log.segment.cache.size.max = 200MB (=209715200) (default)
2022-11-11 07:37:04,311 [s2-impl-thread1] INFO  segmented.SegmentedRaftLogWorker (SegmentedRaftLogWorker.java:<init>(184)) - new s2@group-DC0BCF2C7030-SegmentedRaftLogWorker for RaftStorageImpl:Storage Directory /home/runner/work/ratis/ratis/ratis-test/target/test/data/badbfba9/MiniRaftClusterWithGrpcf526e0ef/s2/4c2c9efe-0344-4438-a419-dc0bcf2c7030
2022-11-11 07:37:04,311 [s2-impl-thread1] INFO  server.RaftServerConfigKeys (ConfUtils.java:logGet(46)) - raft.server.log.queue.byte-limit = 64MB (=67108864) (default)
2022-11-11 07:37:04,312 [s2-impl-thread1] INFO  server.RaftServerConfigKeys (ConfUtils.java:logGet(46)) - raft.server.log.queue.element-limit = 4096 (default)
2022-11-11 07:37:04,312 [s2-impl-thread1] INFO  server.RaftServerConfigKeys (ConfUtils.java:logGet(46)) - raft.server.log.segment.size.max = 1024 (custom)
2022-11-11 07:37:04,312 [JvmPauseMonitor13] INFO  util.JvmPauseMonitor (JvmPauseMonitor.java:run(105)) - JvmPauseMonitor-s1: Started
2022-11-11 07:37:04,313 [s2-impl-thread1] INFO  server.RaftServerConfigKeys (ConfUtils.java:logGet(46)) - raft.server.log.preallocated.size = 4MB (=4194304) (default)
2022-11-11 07:37:04,313 [s2-impl-thread1] INFO  server.RaftServerConfigKeys (ConfUtils.java:logGet(46)) - raft.server.log.force.sync.num = 128 (default)
2022-11-11 07:37:04,313 [s2-impl-thread1] INFO  server.RaftServerConfigKeys (ConfUtils.java:logGet(46)) - raft.server.log.statemachine.data.sync = true (default)
2022-11-11 07:37:04,313 [s2-impl-thread1] INFO  server.RaftServerConfigKeys (ConfUtils.java:logGet(46)) - raft.server.log.statemachine.data.sync.timeout = 10s (default)
2022-11-11 07:37:04,313 [s2-impl-thread1] INFO  server.RaftServerConfigKeys (ConfUtils.java:logGet(46)) - raft.server.log.statemachine.data.sync.timeout.retry = -1 (default)
2022-11-11 07:37:04,313 [s2-impl-thread1] INFO  server.RaftServerConfigKeys (ConfUtils.java:logGet(46)) - raft.server.log.write.buffer.size = 64KB (=65536) (default)
2022-11-11 07:37:04,320 [s2-impl-thread1] INFO  server.RaftServerConfigKeys (ConfUtils.java:logGet(46)) - raft.server.log.appender.buffer.byte-limit = 4MB (=4194304) (default)
2022-11-11 07:37:04,320 [s2-impl-thread1] INFO  server.RaftServerConfigKeys (ConfUtils.java:logGet(46)) - raft.server.log.unsafe-flush.enabled = false (default)
2022-11-11 07:37:04,321 [s2-impl-thread1] INFO  server.RaftServerConfigKeys (ConfUtils.java:logGet(46)) - raft.server.log.async-flush.enabled = false (default)
2022-11-11 07:37:04,321 [s2-impl-thread1] INFO  server.RaftServerConfigKeys (ConfUtils.java:logGet(46)) - raft.server.log.statemachine.data.caching.enabled = false (default)
2022-11-11 07:37:04,321 [s2-impl-thread1] INFO  segmented.SegmentedRaftLogWorker (SegmentedRaftLogWorker.java:lambda$new$0(134)) - s2@group-DC0BCF2C7030-SegmentedRaftLogWorker: flushIndex: setUnconditionally 0 -> -1
2022-11-11 07:37:04,321 [s2-impl-thread1] INFO  segmented.SegmentedRaftLogWorker (SegmentedRaftLogWorker.java:lambda$new$0(134)) - s2@group-DC0BCF2C7030-SegmentedRaftLogWorker: safeCacheEvictIndex: setUnconditionally 0 -> -1
2022-11-11 07:37:04,322 [s2-impl-thread1] INFO  server.RaftServer$Division (RaftServerImpl.java:start(338)) - s2@group-DC0BCF2C7030: start as a follower, conf=-1: peers:[s0|rpc:localhost:38889|admin:localhost:33369|client:localhost:36221|dataStream:localhost:44045|priority:0|startupRole:FOLLOWER, s1|rpc:localhost:33469|admin:localhost:35601|client:localhost:38107|dataStream:localhost:41079|priority:0|startupRole:FOLLOWER, s2|rpc:localhost:39335|admin:localhost:35389|client:localhost:32863|dataStream:localhost:40831|priority:0|startupRole:FOLLOWER]|listeners:[], old=null
2022-11-11 07:37:04,322 [s2-impl-thread1] INFO  server.RaftServer$Division (RaftServerImpl.java:setRole(325)) - s2@group-DC0BCF2C7030: changes role from      null to FOLLOWER at term 0 for startAsFollower
2022-11-11 07:37:04,322 [s2-impl-thread1] INFO  impl.RoleInfo (RoleInfo.java:updateAndGet(139)) - s2: start s2@group-DC0BCF2C7030-FollowerState
2022-11-11 07:37:04,323 [s2-impl-thread1] INFO  util.JmxRegister (JmxRegister.java:tryRegister(44)) - Successfully registered JMX Bean with object name Ratis:service=RaftServer,group=group-DC0BCF2C7030,id=s2
2022-11-11 07:37:04,323 [s2-impl-thread1] INFO  server.RaftServerConfigKeys (ConfUtils.java:logGet(46)) - raft.server.snapshot.auto.trigger.enabled = true (custom)
2022-11-11 07:37:04,323 [s2-impl-thread1] INFO  server.RaftServerConfigKeys (ConfUtils.java:logGet(46)) - raft.server.snapshot.auto.trigger.threshold = 64 (custom)
2022-11-11 07:37:04,323 [s2-impl-thread1] INFO  server.RaftServerConfigKeys (ConfUtils.java:logGet(46)) - raft.server.snapshot.retention.file.num = -1 (default)
2022-11-11 07:37:04,323 [s2-impl-thread1] INFO  server.RaftServerConfigKeys (ConfUtils.java:logGet(46)) - raft.server.log.purge.upto.snapshot.index = false (default)
2022-11-11 07:37:04,323 [s2@group-DC0BCF2C7030-FollowerState] INFO  server.RaftServerConfigKeys (ConfUtils.java:logFallback(53)) - raft.server.rpc.first-election.timeout.min = 150ms (fallback to raft.server.rpc.timeout.min)
2022-11-11 07:37:04,323 [s2@group-DC0BCF2C7030-FollowerState] INFO  server.RaftServerConfigKeys (ConfUtils.java:logFallback(53)) - raft.server.rpc.first-election.timeout.max = 300ms (fallback to raft.server.rpc.timeout.max)
2022-11-11 07:37:04,324 [Time-limited test] INFO  server.RaftServer (RaftServerProxy.java:startImpl(396)) - s2: start RPC server
2022-11-11 07:37:04,328 [Time-limited test] INFO  server.GrpcService (GrpcService.java:startImpl(310)) - s2: GrpcService started, listening on 32863
2022-11-11 07:37:04,328 [Time-limited test] INFO  server.GrpcService (GrpcService.java:startImpl(310)) - s2: GrpcService started, listening on 39335
2022-11-11 07:37:04,329 [Time-limited test] INFO  server.GrpcService (GrpcService.java:startImpl(310)) - s2: GrpcService started, listening on 35389
2022-11-11 07:37:04,329 [JvmPauseMonitor14] INFO  util.JvmPauseMonitor (JvmPauseMonitor.java:run(105)) - JvmPauseMonitor-s2: Started
2022-11-11 07:37:04,330 [Time-limited test] INFO  server.RaftServerConfigKeys (ConfUtils.java:logGet(46)) - raft.server.rpc.timeout.max = 300ms (default)
2022-11-11 07:37:04,330 [Time-limited test] INFO  ratis.RaftTestUtil (RaftTestUtil.java:waitForLeader(100)) - printing ALL groups
  s0:  RUNNING  FOLLOWER s0@group-DC0BCF2C7030:t0, leader=null, voted=, raftlog=Memoized:s0@group-DC0BCF2C7030-SegmentedRaftLog:OPENED:c-1, conf=-1: peers:[s0|rpc:localhost:38889|admin:localhost:33369|client:localhost:36221|dataStream:localhost:44045|priority:0|startupRole:FOLLOWER, s1|rpc:localhost:33469|admin:localhost:35601|client:localhost:38107|dataStream:localhost:41079|priority:0|startupRole:FOLLOWER, s2|rpc:localhost:39335|admin:localhost:35389|client:localhost:32863|dataStream:localhost:40831|priority:0|startupRole:FOLLOWER]|listeners:[], old=null RUNNING
  s1:  RUNNING  FOLLOWER s1@group-DC0BCF2C7030:t0, leader=null, voted=, raftlog=Memoized:s1@group-DC0BCF2C7030-SegmentedRaftLog:OPENED:c-1, conf=-1: peers:[s0|rpc:localhost:38889|admin:localhost:33369|client:localhost:36221|dataStream:localhost:44045|priority:0|startupRole:FOLLOWER, s1|rpc:localhost:33469|admin:localhost:35601|client:localhost:38107|dataStream:localhost:41079|priority:0|startupRole:FOLLOWER, s2|rpc:localhost:39335|admin:localhost:35389|client:localhost:32863|dataStream:localhost:40831|priority:0|startupRole:FOLLOWER]|listeners:[], old=null RUNNING
  s2:  RUNNING  FOLLOWER s2@group-DC0BCF2C7030:t0, leader=null, voted=, raftlog=Memoized:s2@group-DC0BCF2C7030-SegmentedRaftLog:OPENED:c-1, conf=-1: peers:[s0|rpc:localhost:38889|admin:localhost:33369|client:localhost:36221|dataStream:localhost:44045|priority:0|startupRole:FOLLOWER, s1|rpc:localhost:33469|admin:localhost:35601|client:localhost:38107|dataStream:localhost:41079|priority:0|startupRole:FOLLOWER, s2|rpc:localhost:39335|admin:localhost:35389|client:localhost:32863|dataStream:localhost:40831|priority:0|startupRole:FOLLOWER]|listeners:[], old=null RUNNING
2022-11-11 07:37:04,330 [Time-limited test] WARN  ratis.RaftTestUtil (JavaUtils.java:attempt(217)) - FAILED "waitForLeader-null-(expectLeader? true)", attempt #1/100: java.lang.IllegalStateException: No leader yet : printing ALL groups
  s0:  RUNNING  FOLLOWER s0@group-DC0BCF2C7030:t0, leader=null, voted=, raftlog=Memoized:s0@group-DC0BCF2C7030-SegmentedRaftLog:OPENED:c-1, conf=-1: peers:[s0|rpc:localhost:38889|admin:localhost:33369|client:localhost:36221|dataStream:localhost:44045|priority:0|startupRole:FOLLOWER, s1|rpc:localhost:33469|admin:localhost:35601|client:localhost:38107|dataStream:localhost:41079|priority:0|startupRole:FOLLOWER, s2|rpc:localhost:39335|admin:localhost:35389|client:localhost:32863|dataStream:localhost:40831|priority:0|startupRole:FOLLOWER]|listeners:[], old=null RUNNING
  s1:  RUNNING  FOLLOWER s1@group-DC0BCF2C7030:t0, leader=null, voted=, raftlog=Memoized:s1@group-DC0BCF2C7030-SegmentedRaftLog:OPENED:c-1, conf=-1: peers:[s0|rpc:localhost:38889|admin:localhost:33369|client:localhost:36221|dataStream:localhost:44045|priority:0|startupRole:FOLLOWER, s1|rpc:localhost:33469|admin:localhost:35601|client:localhost:38107|dataStream:localhost:41079|priority:0|startupRole:FOLLOWER, s2|rpc:localhost:39335|admin:localhost:35389|client:localhost:32863|dataStream:localhost:40831|priority:0|startupRole:FOLLOWER]|listeners:[], old=null RUNNING
  s2:  RUNNING  FOLLOWER s2@group-DC0BCF2C7030:t0, leader=null, voted=, raftlog=Memoized:s2@group-DC0BCF2C7030-SegmentedRaftLog:OPENED:c-1, conf=-1: peers:[s0|rpc:localhost:38889|admin:localhost:33369|client:localhost:36221|dataStream:localhost:44045|priority:0|startupRole:FOLLOWER, s1|rpc:localhost:33469|admin:localhost:35601|client:localhost:38107|dataStream:localhost:41079|priority:0|startupRole:FOLLOWER, s2|rpc:localhost:39335|admin:localhost:35389|client:localhost:32863|dataStream:localhost:40831|priority:0|startupRole:FOLLOWER]|listeners:[], old=null RUNNING, sleep 450ms and then retry.
java.lang.IllegalStateException: No leader yet : printing ALL groups
  s0:  RUNNING  FOLLOWER s0@group-DC0BCF2C7030:t0, leader=null, voted=, raftlog=Memoized:s0@group-DC0BCF2C7030-SegmentedRaftLog:OPENED:c-1, conf=-1: peers:[s0|rpc:localhost:38889|admin:localhost:33369|client:localhost:36221|dataStream:localhost:44045|priority:0|startupRole:FOLLOWER, s1|rpc:localhost:33469|admin:localhost:35601|client:localhost:38107|dataStream:localhost:41079|priority:0|startupRole:FOLLOWER, s2|rpc:localhost:39335|admin:localhost:35389|client:localhost:32863|dataStream:localhost:40831|priority:0|startupRole:FOLLOWER]|listeners:[], old=null RUNNING
  s1:  RUNNING  FOLLOWER s1@group-DC0BCF2C7030:t0, leader=null, voted=, raftlog=Memoized:s1@group-DC0BCF2C7030-SegmentedRaftLog:OPENED:c-1, conf=-1: peers:[s0|rpc:localhost:38889|admin:localhost:33369|client:localhost:36221|dataStream:localhost:44045|priority:0|startupRole:FOLLOWER, s1|rpc:localhost:33469|admin:localhost:35601|client:localhost:38107|dataStream:localhost:41079|priority:0|startupRole:FOLLOWER, s2|rpc:localhost:39335|admin:localhost:35389|client:localhost:32863|dataStream:localhost:40831|priority:0|startupRole:FOLLOWER]|listeners:[], old=null RUNNING
  s2:  RUNNING  FOLLOWER s2@group-DC0BCF2C7030:t0, leader=null, voted=, raftlog=Memoized:s2@group-DC0BCF2C7030-SegmentedRaftLog:OPENED:c-1, conf=-1: peers:[s0|rpc:localhost:38889|admin:localhost:33369|client:localhost:36221|dataStream:localhost:44045|priority:0|startupRole:FOLLOWER, s1|rpc:localhost:33469|admin:localhost:35601|client:localhost:38107|dataStream:localhost:41079|priority:0|startupRole:FOLLOWER, s2|rpc:localhost:39335|admin:localhost:35389|client:localhost:32863|dataStream:localhost:40831|priority:0|startupRole:FOLLOWER]|listeners:[], old=null RUNNING
	at org.apache.ratis.server.impl.MiniRaftCluster.newIllegalStateExceptionForNoLeaders(MiniRaftCluster.java:581)
	at org.apache.ratis.RaftTestUtil.lambda$waitForLeader$1(RaftTestUtil.java:104)
	at org.apache.ratis.server.impl.MiniRaftCluster.getLeader(MiniRaftCluster.java:615)
	at org.apache.ratis.server.impl.MiniRaftCluster.getLeader(MiniRaftCluster.java:608)
	at org.apache.ratis.RaftTestUtil.lambda$waitForLeader$3(RaftTestUtil.java:112)
	at org.apache.ratis.util.JavaUtils.attempt(JavaUtils.java:211)
	at org.apache.ratis.util.JavaUtils.attemptRepeatedly(JavaUtils.java:197)
	at org.apache.ratis.RaftTestUtil.waitForLeader(RaftTestUtil.java:111)
	at org.apache.ratis.RaftTestUtil.waitForLeader(RaftTestUtil.java:92)
	at org.apache.ratis.RaftTestUtil.waitForLeader(RaftTestUtil.java:87)
	at org.apache.ratis.InstallSnapshotNotificationTests.testRestartFollower(InstallSnapshotNotificationTests.java:261)
	at org.apache.ratis.server.impl.MiniRaftCluster$Factory$Get.runWithNewCluster(MiniRaftCluster.java:141)
	at org.apache.ratis.server.impl.MiniRaftCluster$Factory$Get.runWithNewCluster(MiniRaftCluster.java:121)
	at org.apache.ratis.InstallSnapshotNotificationTests.testRestartFollower(InstallSnapshotNotificationTests.java:255)
	at java.base/jdk.internal.reflect.NativeMethodAccessorImpl.invoke0(Native Method)
	at java.base/jdk.internal.reflect.NativeMethodAccessorImpl.invoke(NativeMethodAccessorImpl.java:62)
	at java.base/jdk.internal.reflect.DelegatingMethodAccessorImpl.invoke(DelegatingMethodAccessorImpl.java:43)
	at java.base/java.lang.reflect.Method.invoke(Method.java:566)
	at org.junit.runners.model.FrameworkMethod$1.runReflectiveCall(FrameworkMethod.java:59)
	at org.junit.internal.runners.model.ReflectiveCallable.run(ReflectiveCallable.java:12)
	at org.junit.runners.model.FrameworkMethod.invokeExplosively(FrameworkMethod.java:56)
	at org.junit.internal.runners.statements.InvokeMethod.evaluate(InvokeMethod.java:17)
	at org.junit.internal.runners.statements.RunAfters.evaluate(RunAfters.java:27)
	at org.junit.internal.runners.statements.FailOnTimeout$CallableStatement.call(FailOnTimeout.java:299)
	at org.junit.internal.runners.statements.FailOnTimeout$CallableStatement.call(FailOnTimeout.java:293)
	at java.base/java.util.concurrent.FutureTask.run(FutureTask.java:264)
	at java.base/java.lang.Thread.run(Thread.java:829)
2022-11-11 07:37:04,506 [s1@group-DC0BCF2C7030-FollowerState] INFO  impl.FollowerState (FollowerState.java:run(143)) - s1@group-DC0BCF2C7030-FollowerState: change to CANDIDATE, lastRpcElapsedTime:213390530ns, electionTimeout:206ms
2022-11-11 07:37:04,506 [s1@group-DC0BCF2C7030-FollowerState] INFO  impl.RoleInfo (RoleInfo.java:shutdownFollowerState(110)) - s1: shutdown s1@group-DC0BCF2C7030-FollowerState
2022-11-11 07:37:04,506 [s1@group-DC0BCF2C7030-FollowerState] INFO  server.RaftServer$Division (RaftServerImpl.java:setRole(325)) - s1@group-DC0BCF2C7030: changes role from  FOLLOWER to CANDIDATE at term 0 for changeToCandidate
2022-11-11 07:37:04,507 [s1@group-DC0BCF2C7030-FollowerState] INFO  server.RaftServerConfigKeys (ConfUtils.java:logGet(46)) - raft.server.leaderelection.pre-vote = true (default)
2022-11-11 07:37:04,507 [s1@group-DC0BCF2C7030-FollowerState] INFO  impl.RoleInfo (RoleInfo.java:updateAndGet(139)) - s1: start s1@group-DC0BCF2C7030-LeaderElection9
2022-11-11 07:37:04,508 [s0@group-DC0BCF2C7030-FollowerState] INFO  impl.FollowerState (FollowerState.java:run(143)) - s0@group-DC0BCF2C7030-FollowerState: change to CANDIDATE, lastRpcElapsedTime:232473223ns, electionTimeout:230ms
2022-11-11 07:37:04,508 [s0@group-DC0BCF2C7030-FollowerState] INFO  impl.RoleInfo (RoleInfo.java:shutdownFollowerState(110)) - s0: shutdown s0@group-DC0BCF2C7030-FollowerState
2022-11-11 07:37:04,508 [s0@group-DC0BCF2C7030-FollowerState] INFO  server.RaftServer$Division (RaftServerImpl.java:setRole(325)) - s0@group-DC0BCF2C7030: changes role from  FOLLOWER to CANDIDATE at term 0 for changeToCandidate
2022-11-11 07:37:04,508 [s0@group-DC0BCF2C7030-FollowerState] INFO  server.RaftServerConfigKeys (ConfUtils.java:logGet(46)) - raft.server.leaderelection.pre-vote = true (default)
2022-11-11 07:37:04,509 [s0@group-DC0BCF2C7030-FollowerState] INFO  impl.RoleInfo (RoleInfo.java:updateAndGet(139)) - s0: start s0@group-DC0BCF2C7030-LeaderElection10
2022-11-11 07:37:04,508 [s1@group-DC0BCF2C7030-LeaderElection9] INFO  impl.LeaderElection (LeaderElection.java:askForVotes(309)) - s1@group-DC0BCF2C7030-LeaderElection9 PRE_VOTE round 0: submit vote requests at term 0 for -1: peers:[s0|rpc:localhost:38889|admin:localhost:33369|client:localhost:36221|dataStream:localhost:44045|priority:0|startupRole:FOLLOWER, s1|rpc:localhost:33469|admin:localhost:35601|client:localhost:38107|dataStream:localhost:41079|priority:0|startupRole:FOLLOWER, s2|rpc:localhost:39335|admin:localhost:35389|client:localhost:32863|dataStream:localhost:40831|priority:0|startupRole:FOLLOWER]|listeners:[], old=null
2022-11-11 07:37:04,512 [s1@group-DC0BCF2C7030-LeaderElection9] INFO  server.RaftServerConfigKeys (ConfUtils.java:logFallback(53)) - raft.server.rpc.first-election.timeout.min = 150ms (fallback to raft.server.rpc.timeout.min)
2022-11-11 07:37:04,512 [s1@group-DC0BCF2C7030-LeaderElection9] INFO  server.RaftServerConfigKeys (ConfUtils.java:logFallback(53)) - raft.server.rpc.first-election.timeout.max = 300ms (fallback to raft.server.rpc.timeout.max)
2022-11-11 07:37:04,516 [s0@group-DC0BCF2C7030-LeaderElection10] INFO  impl.LeaderElection (LeaderElection.java:askForVotes(309)) - s0@group-DC0BCF2C7030-LeaderElection10 PRE_VOTE round 0: submit vote requests at term 0 for -1: peers:[s0|rpc:localhost:38889|admin:localhost:33369|client:localhost:36221|dataStream:localhost:44045|priority:0|startupRole:FOLLOWER, s1|rpc:localhost:33469|admin:localhost:35601|client:localhost:38107|dataStream:localhost:41079|priority:0|startupRole:FOLLOWER, s2|rpc:localhost:39335|admin:localhost:35389|client:localhost:32863|dataStream:localhost:40831|priority:0|startupRole:FOLLOWER]|listeners:[], old=null
2022-11-11 07:37:04,512 [s1@group-DC0BCF2C7030-LeaderElection9-1] INFO  server.GrpcServerProtocolClient (GrpcServerProtocolClient.java:<init>(63)) - Build channel for s0
2022-11-11 07:37:04,516 [s0@group-DC0BCF2C7030-LeaderElection10-1] INFO  server.GrpcServerProtocolClient (GrpcServerProtocolClient.java:<init>(63)) - Build channel for s1
2022-11-11 07:37:04,523 [grpc-default-executor-2] INFO  server.RaftServer$Division (RaftServerImpl.java:requestVote(1294)) - s0@group-DC0BCF2C7030: receive requestVote(PRE_VOTE, s1, group-DC0BCF2C7030, 0, (t:0, i:0))
2022-11-11 07:37:04,523 [s0@group-DC0BCF2C7030-LeaderElection10] INFO  server.RaftServerConfigKeys (ConfUtils.java:logFallback(53)) - raft.server.rpc.first-election.timeout.min = 150ms (fallback to raft.server.rpc.timeout.min)
2022-11-11 07:37:04,526 [s0@group-DC0BCF2C7030-LeaderElection10] INFO  server.RaftServerConfigKeys (ConfUtils.java:logFallback(53)) - raft.server.rpc.first-election.timeout.max = 300ms (fallback to raft.server.rpc.timeout.max)
2022-11-11 07:37:04,526 [s1@group-DC0BCF2C7030-LeaderElection9-2] INFO  server.GrpcServerProtocolClient (GrpcServerProtocolClient.java:<init>(63)) - Build channel for s2
2022-11-11 07:37:04,528 [grpc-default-executor-2] INFO  impl.VoteContext (VoteContext.java:log(49)) - s0@group-DC0BCF2C7030-CANDIDATE: accept PRE_VOTE from s1: our priority 0 <= candidate's priority 0
2022-11-11 07:37:04,528 [grpc-default-executor-2] INFO  server.RaftServer$Division (RaftServerImpl.java:requestVote(1327)) - s0@group-DC0BCF2C7030 replies to PRE_VOTE vote request: s1<-s0#0:OK-t0. Peer's state: s0@group-DC0BCF2C7030:t0, leader=null, voted=, raftlog=Memoized:s0@group-DC0BCF2C7030-SegmentedRaftLog:OPENED:c-1, conf=-1: peers:[s0|rpc:localhost:38889|admin:localhost:33369|client:localhost:36221|dataStream:localhost:44045|priority:0|startupRole:FOLLOWER, s1|rpc:localhost:33469|admin:localhost:35601|client:localhost:38107|dataStream:localhost:41079|priority:0|startupRole:FOLLOWER, s2|rpc:localhost:39335|admin:localhost:35389|client:localhost:32863|dataStream:localhost:40831|priority:0|startupRole:FOLLOWER]|listeners:[], old=null
2022-11-11 07:37:04,529 [s0@group-DC0BCF2C7030-LeaderElection10-2] INFO  server.GrpcServerProtocolClient (GrpcServerProtocolClient.java:<init>(63)) - Build channel for s2
2022-11-11 07:37:04,537 [s1@group-DC0BCF2C7030-LeaderElection9] INFO  impl.LeaderElection (LeaderElection.java:logAndReturn(89)) - s1@group-DC0BCF2C7030-LeaderElection9: PRE_VOTE PASSED received 1 response(s) and 0 exception(s):
2022-11-11 07:37:04,537 [s1@group-DC0BCF2C7030-LeaderElection9] INFO  impl.LeaderElection (LeaderElection.java:logAndReturn(93)) -   Response 0: s1<-s0#0:OK-t0
2022-11-11 07:37:04,537 [s1@group-DC0BCF2C7030-LeaderElection9] INFO  impl.LeaderElection (LeaderElection.java:askForVotes(311)) - s1@group-DC0BCF2C7030-LeaderElection9 PRE_VOTE round 0: result PASSED
2022-11-11 07:37:04,540 [grpc-default-executor-0] INFO  server.RaftServer$Division (RaftServerImpl.java:requestVote(1294)) - s2@group-DC0BCF2C7030: receive requestVote(PRE_VOTE, s1, group-DC0BCF2C7030, 0, (t:0, i:0))
2022-11-11 07:37:04,540 [grpc-default-executor-0] INFO  impl.VoteContext (VoteContext.java:log(49)) - s2@group-DC0BCF2C7030-FOLLOWER: accept PRE_VOTE from s1: our priority 0 <= candidate's priority 0
2022-11-11 07:37:04,540 [grpc-default-executor-0] INFO  server.RaftServer$Division (RaftServerImpl.java:requestVote(1327)) - s2@group-DC0BCF2C7030 replies to PRE_VOTE vote request: s1<-s2#0:OK-t0. Peer's state: s2@group-DC0BCF2C7030:t0, leader=null, voted=, raftlog=Memoized:s2@group-DC0BCF2C7030-SegmentedRaftLog:OPENED:c-1, conf=-1: peers:[s0|rpc:localhost:38889|admin:localhost:33369|client:localhost:36221|dataStream:localhost:44045|priority:0|startupRole:FOLLOWER, s1|rpc:localhost:33469|admin:localhost:35601|client:localhost:38107|dataStream:localhost:41079|priority:0|startupRole:FOLLOWER, s2|rpc:localhost:39335|admin:localhost:35389|client:localhost:32863|dataStream:localhost:40831|priority:0|startupRole:FOLLOWER]|listeners:[], old=null
2022-11-11 07:37:04,541 [grpc-default-executor-2] INFO  server.RaftServer$Division (RaftServerImpl.java:requestVote(1294)) - s1@group-DC0BCF2C7030: receive requestVote(PRE_VOTE, s0, group-DC0BCF2C7030, 0, (t:0, i:0))
2022-11-11 07:37:04,546 [grpc-default-executor-5] INFO  server.RaftServer$Division (RaftServerImpl.java:requestVote(1294)) - s2@group-DC0BCF2C7030: receive requestVote(PRE_VOTE, s0, group-DC0BCF2C7030, 0, (t:0, i:0))
2022-11-11 07:37:04,548 [grpc-default-executor-5] INFO  impl.VoteContext (VoteContext.java:log(49)) - s2@group-DC0BCF2C7030-FOLLOWER: accept PRE_VOTE from s0: our priority 0 <= candidate's priority 0
2022-11-11 07:37:04,548 [grpc-default-executor-5] INFO  server.RaftServer$Division (RaftServerImpl.java:requestVote(1327)) - s2@group-DC0BCF2C7030 replies to PRE_VOTE vote request: s0<-s2#0:OK-t0. Peer's state: s2@group-DC0BCF2C7030:t0, leader=null, voted=, raftlog=Memoized:s2@group-DC0BCF2C7030-SegmentedRaftLog:OPENED:c-1, conf=-1: peers:[s0|rpc:localhost:38889|admin:localhost:33369|client:localhost:36221|dataStream:localhost:44045|priority:0|startupRole:FOLLOWER, s1|rpc:localhost:33469|admin:localhost:35601|client:localhost:38107|dataStream:localhost:41079|priority:0|startupRole:FOLLOWER, s2|rpc:localhost:39335|admin:localhost:35389|client:localhost:32863|dataStream:localhost:40831|priority:0|startupRole:FOLLOWER]|listeners:[], old=null
2022-11-11 07:37:04,549 [s0@group-DC0BCF2C7030-LeaderElection10] INFO  impl.LeaderElection (LeaderElection.java:logAndReturn(89)) - s0@group-DC0BCF2C7030-LeaderElection10: PRE_VOTE PASSED received 1 response(s) and 0 exception(s):
2022-11-11 07:37:04,549 [s0@group-DC0BCF2C7030-LeaderElection10] INFO  impl.LeaderElection (LeaderElection.java:logAndReturn(93)) -   Response 0: s0<-s2#0:OK-t0
2022-11-11 07:37:04,549 [s0@group-DC0BCF2C7030-LeaderElection10] INFO  impl.LeaderElection (LeaderElection.java:askForVotes(311)) - s0@group-DC0BCF2C7030-LeaderElection10 PRE_VOTE round 0: result PASSED
2022-11-11 07:37:04,569 [s1@group-DC0BCF2C7030-LeaderElection9] INFO  impl.LeaderElection (LeaderElection.java:askForVotes(309)) - s1@group-DC0BCF2C7030-LeaderElection9 ELECTION round 0: submit vote requests at term 1 for -1: peers:[s0|rpc:localhost:38889|admin:localhost:33369|client:localhost:36221|dataStream:localhost:44045|priority:0|startupRole:FOLLOWER, s1|rpc:localhost:33469|admin:localhost:35601|client:localhost:38107|dataStream:localhost:41079|priority:0|startupRole:FOLLOWER, s2|rpc:localhost:39335|admin:localhost:35389|client:localhost:32863|dataStream:localhost:40831|priority:0|startupRole:FOLLOWER]|listeners:[], old=null
2022-11-11 07:37:04,569 [grpc-default-executor-2] INFO  impl.VoteContext (VoteContext.java:log(49)) - s1@group-DC0BCF2C7030-CANDIDATE: accept PRE_VOTE from s0: our priority 0 <= candidate's priority 0
2022-11-11 07:37:04,570 [grpc-default-executor-2] INFO  server.RaftServer$Division (RaftServerImpl.java:requestVote(1327)) - s1@group-DC0BCF2C7030 replies to PRE_VOTE vote request: s0<-s1#0:OK-t1. Peer's state: s1@group-DC0BCF2C7030:t1, leader=null, voted=s1, raftlog=Memoized:s1@group-DC0BCF2C7030-SegmentedRaftLog:OPENED:c-1, conf=-1: peers:[s0|rpc:localhost:38889|admin:localhost:33369|client:localhost:36221|dataStream:localhost:44045|priority:0|startupRole:FOLLOWER, s1|rpc:localhost:33469|admin:localhost:35601|client:localhost:38107|dataStream:localhost:41079|priority:0|startupRole:FOLLOWER, s2|rpc:localhost:39335|admin:localhost:35389|client:localhost:32863|dataStream:localhost:40831|priority:0|startupRole:FOLLOWER]|listeners:[], old=null
2022-11-11 07:37:04,573 [s1@group-DC0BCF2C7030-LeaderElection9] INFO  server.RaftServerConfigKeys (ConfUtils.java:logFallback(53)) - raft.server.rpc.first-election.timeout.min = 150ms (fallback to raft.server.rpc.timeout.min)
2022-11-11 07:37:04,574 [s1@group-DC0BCF2C7030-LeaderElection9] INFO  server.RaftServerConfigKeys (ConfUtils.java:logFallback(53)) - raft.server.rpc.first-election.timeout.max = 300ms (fallback to raft.server.rpc.timeout.max)
2022-11-11 07:37:04,575 [s0@group-DC0BCF2C7030-LeaderElection10] INFO  impl.LeaderElection (LeaderElection.java:askForVotes(309)) - s0@group-DC0BCF2C7030-LeaderElection10 ELECTION round 0: submit vote requests at term 1 for -1: peers:[s0|rpc:localhost:38889|admin:localhost:33369|client:localhost:36221|dataStream:localhost:44045|priority:0|startupRole:FOLLOWER, s1|rpc:localhost:33469|admin:localhost:35601|client:localhost:38107|dataStream:localhost:41079|priority:0|startupRole:FOLLOWER, s2|rpc:localhost:39335|admin:localhost:35389|client:localhost:32863|dataStream:localhost:40831|priority:0|startupRole:FOLLOWER]|listeners:[], old=null
2022-11-11 07:37:04,575 [s0@group-DC0BCF2C7030-LeaderElection10] INFO  server.RaftServerConfigKeys (ConfUtils.java:logFallback(53)) - raft.server.rpc.first-election.timeout.min = 150ms (fallback to raft.server.rpc.timeout.min)
2022-11-11 07:37:04,575 [s0@group-DC0BCF2C7030-LeaderElection10] INFO  server.RaftServerConfigKeys (ConfUtils.java:logFallback(53)) - raft.server.rpc.first-election.timeout.max = 300ms (fallback to raft.server.rpc.timeout.max)
2022-11-11 07:37:04,575 [grpc-default-executor-2] INFO  server.RaftServer$Division (RaftServerImpl.java:requestVote(1294)) - s2@group-DC0BCF2C7030: receive requestVote(ELECTION, s1, group-DC0BCF2C7030, 1, (t:0, i:0))
2022-11-11 07:37:04,576 [grpc-default-executor-2] INFO  impl.VoteContext (VoteContext.java:log(49)) - s2@group-DC0BCF2C7030-FOLLOWER: accept ELECTION from s1: our priority 0 <= candidate's priority 0
2022-11-11 07:37:04,576 [grpc-default-executor-2] INFO  server.RaftServer$Division (RaftServerImpl.java:setRole(325)) - s2@group-DC0BCF2C7030: changes role from  FOLLOWER to FOLLOWER at term 1 for candidate:s1
2022-11-11 07:37:04,576 [grpc-default-executor-2] INFO  impl.RoleInfo (RoleInfo.java:shutdownFollowerState(110)) - s2: shutdown s2@group-DC0BCF2C7030-FollowerState
2022-11-11 07:37:04,579 [grpc-default-executor-0] INFO  server.RaftServer$Division (RaftServerImpl.java:requestVote(1294)) - s1@group-DC0BCF2C7030: receive requestVote(ELECTION, s0, group-DC0BCF2C7030, 1, (t:0, i:0))
2022-11-11 07:37:04,579 [grpc-default-executor-0] INFO  impl.VoteContext (VoteContext.java:log(49)) - s1@group-DC0BCF2C7030-CANDIDATE: reject ELECTION from s0: already has voted for s1 at current term 1
2022-11-11 07:37:04,580 [grpc-default-executor-0] INFO  server.RaftServer$Division (RaftServerImpl.java:requestVote(1327)) - s1@group-DC0BCF2C7030 replies to ELECTION vote request: s0<-s1#0:FAIL-t1. Peer's state: s1@group-DC0BCF2C7030:t1, leader=null, voted=s1, raftlog=Memoized:s1@group-DC0BCF2C7030-SegmentedRaftLog:OPENED:c-1, conf=-1: peers:[s0|rpc:localhost:38889|admin:localhost:33369|client:localhost:36221|dataStream:localhost:44045|priority:0|startupRole:FOLLOWER, s1|rpc:localhost:33469|admin:localhost:35601|client:localhost:38107|dataStream:localhost:41079|priority:0|startupRole:FOLLOWER, s2|rpc:localhost:39335|admin:localhost:35389|client:localhost:32863|dataStream:localhost:40831|priority:0|startupRole:FOLLOWER]|listeners:[], old=null
2022-11-11 07:37:04,580 [grpc-default-executor-5] INFO  server.RaftServer$Division (RaftServerImpl.java:requestVote(1294)) - s0@group-DC0BCF2C7030: receive requestVote(ELECTION, s1, group-DC0BCF2C7030, 1, (t:0, i:0))
2022-11-11 07:37:04,580 [grpc-default-executor-5] INFO  impl.VoteContext (VoteContext.java:log(49)) - s0@group-DC0BCF2C7030-CANDIDATE: reject ELECTION from s1: already has voted for s0 at current term 1
2022-11-11 07:37:04,580 [grpc-default-executor-5] INFO  server.RaftServer$Division (RaftServerImpl.java:requestVote(1327)) - s0@group-DC0BCF2C7030 replies to ELECTION vote request: s1<-s0#0:FAIL-t1. Peer's state: s0@group-DC0BCF2C7030:t1, leader=null, voted=s0, raftlog=Memoized:s0@group-DC0BCF2C7030-SegmentedRaftLog:OPENED:c-1, conf=-1: peers:[s0|rpc:localhost:38889|admin:localhost:33369|client:localhost:36221|dataStream:localhost:44045|priority:0|startupRole:FOLLOWER, s1|rpc:localhost:33469|admin:localhost:35601|client:localhost:38107|dataStream:localhost:41079|priority:0|startupRole:FOLLOWER, s2|rpc:localhost:39335|admin:localhost:35389|client:localhost:32863|dataStream:localhost:40831|priority:0|startupRole:FOLLOWER]|listeners:[], old=null
2022-11-11 07:37:04,580 [grpc-default-executor-2] INFO  impl.RoleInfo (RoleInfo.java:updateAndGet(139)) - s2: start s2@group-DC0BCF2C7030-FollowerState
2022-11-11 07:37:04,581 [s2@group-DC0BCF2C7030-FollowerState] INFO  impl.FollowerState (FollowerState.java:run(152)) - s2@group-DC0BCF2C7030-FollowerState was interrupted
2022-11-11 07:37:04,582 [grpc-default-executor-0] INFO  server.RaftServer$Division (RaftServerImpl.java:requestVote(1294)) - s2@group-DC0BCF2C7030: receive requestVote(ELECTION, s0, group-DC0BCF2C7030, 1, (t:0, i:0))
2022-11-11 07:37:04,583 [grpc-default-executor-2] INFO  server.RaftServer$Division (RaftServerImpl.java:requestVote(1327)) - s2@group-DC0BCF2C7030 replies to ELECTION vote request: s1<-s2#0:OK-t1. Peer's state: s2@group-DC0BCF2C7030:t1, leader=null, voted=s1, raftlog=Memoized:s2@group-DC0BCF2C7030-SegmentedRaftLog:OPENED:c-1, conf=-1: peers:[s0|rpc:localhost:38889|admin:localhost:33369|client:localhost:36221|dataStream:localhost:44045|priority:0|startupRole:FOLLOWER, s1|rpc:localhost:33469|admin:localhost:35601|client:localhost:38107|dataStream:localhost:41079|priority:0|startupRole:FOLLOWER, s2|rpc:localhost:39335|admin:localhost:35389|client:localhost:32863|dataStream:localhost:40831|priority:0|startupRole:FOLLOWER]|listeners:[], old=null
2022-11-11 07:37:04,583 [s2@group-DC0BCF2C7030-FollowerState] INFO  server.RaftServerConfigKeys (ConfUtils.java:logFallback(53)) - raft.server.rpc.first-election.timeout.min = 150ms (fallback to raft.server.rpc.timeout.min)
2022-11-11 07:37:04,583 [s1@group-DC0BCF2C7030-LeaderElection9] INFO  impl.LeaderElection (LeaderElection.java:logAndReturn(89)) - s1@group-DC0BCF2C7030-LeaderElection9: ELECTION PASSED received 2 response(s) and 0 exception(s):
2022-11-11 07:37:04,584 [s1@group-DC0BCF2C7030-LeaderElection9] INFO  impl.LeaderElection (LeaderElection.java:logAndReturn(93)) -   Response 0: s1<-s0#0:FAIL-t1
2022-11-11 07:37:04,584 [s1@group-DC0BCF2C7030-LeaderElection9] INFO  impl.LeaderElection (LeaderElection.java:logAndReturn(93)) -   Response 1: s1<-s2#0:OK-t1
2022-11-11 07:37:04,583 [grpc-default-executor-0] INFO  impl.VoteContext (VoteContext.java:log(49)) - s2@group-DC0BCF2C7030-FOLLOWER: reject ELECTION from s0: already has voted for s1 at current term 1
2022-11-11 07:37:04,584 [grpc-default-executor-0] INFO  server.RaftServer$Division (RaftServerImpl.java:requestVote(1327)) - s2@group-DC0BCF2C7030 replies to ELECTION vote request: s0<-s2#0:FAIL-t1. Peer's state: s2@group-DC0BCF2C7030:t1, leader=null, voted=s1, raftlog=Memoized:s2@group-DC0BCF2C7030-SegmentedRaftLog:OPENED:c-1, conf=-1: peers:[s0|rpc:localhost:38889|admin:localhost:33369|client:localhost:36221|dataStream:localhost:44045|priority:0|startupRole:FOLLOWER, s1|rpc:localhost:33469|admin:localhost:35601|client:localhost:38107|dataStream:localhost:41079|priority:0|startupRole:FOLLOWER, s2|rpc:localhost:39335|admin:localhost:35389|client:localhost:32863|dataStream:localhost:40831|priority:0|startupRole:FOLLOWER]|listeners:[], old=null
2022-11-11 07:37:04,584 [s1@group-DC0BCF2C7030-LeaderElection9] INFO  impl.LeaderElection (LeaderElection.java:askForVotes(311)) - s1@group-DC0BCF2C7030-LeaderElection9 ELECTION round 0: result PASSED
2022-11-11 07:37:04,584 [s1@group-DC0BCF2C7030-LeaderElection9] INFO  impl.RoleInfo (RoleInfo.java:shutdownLeaderElection(130)) - s1: shutdown s1@group-DC0BCF2C7030-LeaderElection9
2022-11-11 07:37:04,584 [s1@group-DC0BCF2C7030-LeaderElection9] INFO  server.RaftServer$Division (RaftServerImpl.java:setRole(325)) - s1@group-DC0BCF2C7030: changes role from CANDIDATE to LEADER at term 1 for changeToLeader
2022-11-11 07:37:04,584 [s1@group-DC0BCF2C7030-LeaderElection9] INFO  server.RaftServer$Division (ServerState.java:setLeader(259)) - s1@group-DC0BCF2C7030: change Leader from null to s1 at term 1 for becomeLeader, leader elected after 322ms
2022-11-11 07:37:04,584 [s2@group-DC0BCF2C7030-FollowerState] INFO  server.RaftServerConfigKeys (ConfUtils.java:logFallback(53)) - raft.server.rpc.first-election.timeout.max = 300ms (fallback to raft.server.rpc.timeout.max)
2022-11-11 07:37:04,584 [s1@group-DC0BCF2C7030-LeaderElection9] INFO  server.RaftServerConfigKeys (ConfUtils.java:logGet(46)) - raft.server.staging.catchup.gap = 1000 (default)
2022-11-11 07:37:04,585 [s1@group-DC0BCF2C7030-LeaderElection9] INFO  server.RaftServerConfigKeys (ConfUtils.java:logGet(46)) - raft.server.write.element-limit = 4096 (default)
2022-11-11 07:37:04,585 [s1@group-DC0BCF2C7030-LeaderElection9] INFO  server.RaftServerConfigKeys (ConfUtils.java:logGet(46)) - raft.server.write.byte-limit = 64MB (=67108864) (default)
2022-11-11 07:37:04,585 [s1@group-DC0BCF2C7030-LeaderElection9] INFO  server.RaftServerConfigKeys (ConfUtils.java:logGet(46)) - raft.server.watch.timeout = 10s (default)
2022-11-11 07:37:04,585 [s1@group-DC0BCF2C7030-LeaderElection9] INFO  server.RaftServerConfigKeys (ConfUtils.java:logGet(46)) - raft.server.watch.timeout.denomination = 1s (default)
2022-11-11 07:37:04,585 [s1@group-DC0BCF2C7030-LeaderElection9] INFO  server.RaftServerConfigKeys (ConfUtils.java:logGet(46)) - raft.server.watch.element-limit = 65536 (default)
2022-11-11 07:37:04,585 [s1@group-DC0BCF2C7030-LeaderElection9] INFO  server.RaftServerConfigKeys (ConfUtils.java:logGet(46)) - raft.server.write.element-limit = 4096 (default)
2022-11-11 07:37:04,585 [s1@group-DC0BCF2C7030-LeaderElection9] INFO  server.RaftServerConfigKeys (ConfUtils.java:logGet(46)) - raft.server.write.follower.gap.ratio.max = -1.0 (default)
2022-11-11 07:37:04,585 [s1@group-DC0BCF2C7030-LeaderElection9] INFO  server.RaftServerConfigKeys (ConfUtils.java:logGet(46)) - raft.server.log.appender.snapshot.chunk.size.max = 16MB (=16777216) (default)
2022-11-11 07:37:04,586 [s1@group-DC0BCF2C7030-LeaderElection9] INFO  server.RaftServerConfigKeys (ConfUtils.java:logGet(46)) - raft.server.log.appender.buffer.byte-limit = 4MB (=4194304) (default)
2022-11-11 07:37:04,586 [s1@group-DC0BCF2C7030-LeaderElection9] INFO  server.RaftServerConfigKeys (ConfUtils.java:logGet(46)) - raft.server.log.appender.buffer.element-limit = 0 (default)
2022-11-11 07:37:04,586 [s1@group-DC0BCF2C7030-LeaderElection9] INFO  grpc.GrpcConfigKeys (ConfUtils.java:logGet(46)) - raft.grpc.server.leader.outstanding.appends.max = 128 (default)
2022-11-11 07:37:04,586 [s1@group-DC0BCF2C7030-LeaderElection9] INFO  server.RaftServerConfigKeys (ConfUtils.java:logGet(46)) - raft.server.rpc.request.timeout = 3000ms (default)
2022-11-11 07:37:04,586 [s1@group-DC0BCF2C7030-LeaderElection9] INFO  server.RaftServerConfigKeys (ConfUtils.java:logGet(46)) - raft.server.log.appender.install.snapshot.enabled = false (custom)
2022-11-11 07:37:04,586 [s1@group-DC0BCF2C7030-LeaderElection9] INFO  grpc.GrpcConfigKeys (ConfUtils.java:logGet(46)) - raft.grpc.server.heartbeat.channel = true (default)
2022-11-11 07:37:04,586 [s1@group-DC0BCF2C7030-LeaderElection9] INFO  server.RaftServerConfigKeys (ConfUtils.java:logGet(46)) - raft.server.log.appender.wait-time.min = 10ms (default)
2022-11-11 07:37:04,586 [s1@group-DC0BCF2C7030-LeaderElection9] INFO  server.RaftServerConfigKeys (ConfUtils.java:logGet(46)) - raft.server.log.appender.snapshot.chunk.size.max = 16MB (=16777216) (default)
2022-11-11 07:37:04,586 [s1@group-DC0BCF2C7030-LeaderElection9] INFO  server.RaftServerConfigKeys (ConfUtils.java:logGet(46)) - raft.server.log.appender.buffer.byte-limit = 4MB (=4194304) (default)
2022-11-11 07:37:04,586 [s1@group-DC0BCF2C7030-LeaderElection9] INFO  server.RaftServerConfigKeys (ConfUtils.java:logGet(46)) - raft.server.log.appender.buffer.element-limit = 0 (default)
2022-11-11 07:37:04,587 [s1@group-DC0BCF2C7030-LeaderElection9] INFO  grpc.GrpcConfigKeys (ConfUtils.java:logGet(46)) - raft.grpc.server.leader.outstanding.appends.max = 128 (default)
2022-11-11 07:37:04,587 [s1@group-DC0BCF2C7030-LeaderElection9] INFO  server.RaftServerConfigKeys (ConfUtils.java:logGet(46)) - raft.server.rpc.request.timeout = 3000ms (default)
2022-11-11 07:37:04,587 [s1@group-DC0BCF2C7030-LeaderElection9] INFO  server.RaftServerConfigKeys (ConfUtils.java:logGet(46)) - raft.server.log.appender.install.snapshot.enabled = false (custom)
2022-11-11 07:37:04,587 [s1@group-DC0BCF2C7030-LeaderElection9] INFO  grpc.GrpcConfigKeys (ConfUtils.java:logGet(46)) - raft.grpc.server.heartbeat.channel = true (default)
2022-11-11 07:37:04,587 [s1@group-DC0BCF2C7030-LeaderElection9] INFO  server.RaftServerConfigKeys (ConfUtils.java:logGet(46)) - raft.server.log.appender.wait-time.min = 10ms (default)
2022-11-11 07:37:04,587 [s1@group-DC0BCF2C7030-LeaderElection9] INFO  impl.RoleInfo (RoleInfo.java:updateAndGet(139)) - s1: start s1@group-DC0BCF2C7030-LeaderStateImpl
2022-11-11 07:37:04,587 [s1@group-DC0BCF2C7030-LeaderElection9] DEBUG raftlog.RaftLog (SegmentedRaftLog.java:appendImpl(446)) - truncateIndex=-1, arrayIndex=0
2022-11-11 07:37:04,587 [s1@group-DC0BCF2C7030-LeaderElection9] INFO  segmented.SegmentedRaftLogWorker (SegmentedRaftLogWorker.java:startLogSegment(431)) - s1@group-DC0BCF2C7030-SegmentedRaftLogWorker: Starting segment from index:0
2022-11-11 07:37:04,588 [s0@group-DC0BCF2C7030-LeaderElection10] INFO  impl.LeaderElection (LeaderElection.java:logAndReturn(89)) - s0@group-DC0BCF2C7030-LeaderElection10: ELECTION REJECTED received 2 response(s) and 0 exception(s):
2022-11-11 07:37:04,588 [s0@group-DC0BCF2C7030-LeaderElection10] INFO  impl.LeaderElection (LeaderElection.java:logAndReturn(93)) -   Response 0: s0<-s1#0:FAIL-t1
2022-11-11 07:37:04,588 [s0@group-DC0BCF2C7030-LeaderElection10] INFO  impl.LeaderElection (LeaderElection.java:logAndReturn(93)) -   Response 1: s0<-s2#0:FAIL-t1
2022-11-11 07:37:04,588 [s0@group-DC0BCF2C7030-LeaderElection10] INFO  impl.LeaderElection (LeaderElection.java:askForVotes(311)) - s0@group-DC0BCF2C7030-LeaderElection10 ELECTION round 0: result REJECTED
2022-11-11 07:37:04,588 [s0@group-DC0BCF2C7030-LeaderElection10] INFO  server.RaftServer$Division (RaftServerImpl.java:setRole(325)) - s0@group-DC0BCF2C7030: changes role from CANDIDATE to FOLLOWER at term 1 for REJECTED
2022-11-11 07:37:04,588 [s0@group-DC0BCF2C7030-LeaderElection10] INFO  impl.RoleInfo (RoleInfo.java:shutdownLeaderElection(130)) - s0: shutdown s0@group-DC0BCF2C7030-LeaderElection10
2022-11-11 07:37:04,588 [s0@group-DC0BCF2C7030-LeaderElection10] INFO  impl.RoleInfo (RoleInfo.java:updateAndGet(139)) - s0: start s0@group-DC0BCF2C7030-FollowerState
2022-11-11 07:37:04,593 [s1@group-DC0BCF2C7030-LeaderElection9] INFO  server.RaftServer$Division (ServerState.java:setRaftConf(376)) - s1@group-DC0BCF2C7030: set configuration 0: peers:[s0|rpc:localhost:38889|admin:localhost:33369|client:localhost:36221|dataStream:localhost:44045|priority:0|startupRole:FOLLOWER, s1|rpc:localhost:33469|admin:localhost:35601|client:localhost:38107|dataStream:localhost:41079|priority:0|startupRole:FOLLOWER, s2|rpc:localhost:39335|admin:localhost:35389|client:localhost:32863|dataStream:localhost:40831|priority:0|startupRole:FOLLOWER]|listeners:[], old=null
2022-11-11 07:37:04,594 [s1@group-DC0BCF2C7030-SegmentedRaftLogWorker] INFO  segmented.SegmentedRaftLogWorker (SegmentedRaftLogWorker.java:execute(635)) - s1@group-DC0BCF2C7030-SegmentedRaftLogWorker: created new log segment /home/runner/work/ratis/ratis/ratis-test/target/test/data/badbfba9/MiniRaftClusterWithGrpcf526e0ef/s1/4c2c9efe-0344-4438-a419-dc0bcf2c7030/current/log_inprogress_0
2022-11-11 07:37:04,599 [s0@group-DC0BCF2C7030-FollowerState] INFO  server.RaftServerConfigKeys (ConfUtils.java:logFallback(53)) - raft.server.rpc.first-election.timeout.min = 150ms (fallback to raft.server.rpc.timeout.min)
2022-11-11 07:37:04,599 [s0@group-DC0BCF2C7030-FollowerState] INFO  server.RaftServerConfigKeys (ConfUtils.java:logFallback(53)) - raft.server.rpc.first-election.timeout.max = 300ms (fallback to raft.server.rpc.timeout.max)
2022-11-11 07:37:04,600 [s2-server-thread1] INFO  server.RaftServer$Division (ServerState.java:setLeader(259)) - s2@group-DC0BCF2C7030: change Leader from null to s1 at term 1 for appendEntries, leader elected after 332ms
2022-11-11 07:37:04,603 [s0-server-thread1] INFO  server.RaftServer$Division (ServerState.java:setLeader(259)) - s0@group-DC0BCF2C7030: change Leader from null to s1 at term 1 for appendEntries, leader elected after 357ms
2022-11-11 07:37:04,609 [s0-server-thread2] INFO  server.RaftServer$Division (ServerState.java:setRaftConf(376)) - s0@group-DC0BCF2C7030: set configuration 0: peers:[s0|rpc:localhost:38889|admin:localhost:33369|client:localhost:36221|dataStream:localhost:44045|priority:0|startupRole:FOLLOWER, s1|rpc:localhost:33469|admin:localhost:35601|client:localhost:38107|dataStream:localhost:41079|priority:0|startupRole:FOLLOWER, s2|rpc:localhost:39335|admin:localhost:35389|client:localhost:32863|dataStream:localhost:40831|priority:0|startupRole:FOLLOWER]|listeners:[], old=null
2022-11-11 07:37:04,609 [s0-server-thread2] DEBUG raftlog.RaftLog (SegmentedRaftLog.java:appendImpl(446)) - truncateIndex=-1, arrayIndex=0
2022-11-11 07:37:04,609 [s0-server-thread2] INFO  segmented.SegmentedRaftLogWorker (SegmentedRaftLogWorker.java:startLogSegment(431)) - s0@group-DC0BCF2C7030-SegmentedRaftLogWorker: Starting segment from index:0
2022-11-11 07:37:04,609 [s2-server-thread1] INFO  server.RaftServer$Division (ServerState.java:setRaftConf(376)) - s2@group-DC0BCF2C7030: set configuration 0: peers:[s0|rpc:localhost:38889|admin:localhost:33369|client:localhost:36221|dataStream:localhost:44045|priority:0|startupRole:FOLLOWER, s1|rpc:localhost:33469|admin:localhost:35601|client:localhost:38107|dataStream:localhost:41079|priority:0|startupRole:FOLLOWER, s2|rpc:localhost:39335|admin:localhost:35389|client:localhost:32863|dataStream:localhost:40831|priority:0|startupRole:FOLLOWER]|listeners:[], old=null
2022-11-11 07:37:04,610 [s2-server-thread1] DEBUG raftlog.RaftLog (SegmentedRaftLog.java:appendImpl(446)) - truncateIndex=-1, arrayIndex=0
2022-11-11 07:37:04,610 [s2-server-thread1] INFO  segmented.SegmentedRaftLogWorker (SegmentedRaftLogWorker.java:startLogSegment(431)) - s2@group-DC0BCF2C7030-SegmentedRaftLogWorker: Starting segment from index:0
2022-11-11 07:37:04,611 [s0@group-DC0BCF2C7030-SegmentedRaftLogWorker] INFO  segmented.SegmentedRaftLogWorker (SegmentedRaftLogWorker.java:execute(635)) - s0@group-DC0BCF2C7030-SegmentedRaftLogWorker: created new log segment /home/runner/work/ratis/ratis/ratis-test/target/test/data/badbfba9/MiniRaftClusterWithGrpcf526e0ef/s0/4c2c9efe-0344-4438-a419-dc0bcf2c7030/current/log_inprogress_0
2022-11-11 07:37:04,631 [s2@group-DC0BCF2C7030-SegmentedRaftLogWorker] INFO  segmented.SegmentedRaftLogWorker (SegmentedRaftLogWorker.java:execute(635)) - s2@group-DC0BCF2C7030-SegmentedRaftLogWorker: created new log segment /home/runner/work/ratis/ratis/ratis-test/target/test/data/badbfba9/MiniRaftClusterWithGrpcf526e0ef/s2/4c2c9efe-0344-4438-a419-dc0bcf2c7030/current/log_inprogress_0
2022-11-11 07:37:04,781 [Time-limited test] INFO  ratis.RaftTestUtil (RaftTestUtil.java:waitForLeader(119)) - printing ALL groups
  s0:  RUNNING  FOLLOWER s0@group-DC0BCF2C7030:t1, leader=s1, voted=s0, raftlog=Memoized:s0@group-DC0BCF2C7030-SegmentedRaftLog:OPENED:c0, conf=0: peers:[s0|rpc:localhost:38889|admin:localhost:33369|client:localhost:36221|dataStream:localhost:44045|priority:0|startupRole:FOLLOWER, s1|rpc:localhost:33469|admin:localhost:35601|client:localhost:38107|dataStream:localhost:41079|priority:0|startupRole:FOLLOWER, s2|rpc:localhost:39335|admin:localhost:35389|client:localhost:32863|dataStream:localhost:40831|priority:0|startupRole:FOLLOWER]|listeners:[], old=null RUNNING
  s1:  RUNNING    LEADER s1@group-DC0BCF2C7030:t1, leader=s1, voted=s1, raftlog=Memoized:s1@group-DC0BCF2C7030-SegmentedRaftLog:OPENED:c0, conf=0: peers:[s0|rpc:localhost:38889|admin:localhost:33369|client:localhost:36221|dataStream:localhost:44045|priority:0|startupRole:FOLLOWER, s1|rpc:localhost:33469|admin:localhost:35601|client:localhost:38107|dataStream:localhost:41079|priority:0|startupRole:FOLLOWER, s2|rpc:localhost:39335|admin:localhost:35389|client:localhost:32863|dataStream:localhost:40831|priority:0|startupRole:FOLLOWER]|listeners:[], old=null RUNNING
  s2:  RUNNING  FOLLOWER s2@group-DC0BCF2C7030:t1, leader=s1, voted=s1, raftlog=Memoized:s2@group-DC0BCF2C7030-SegmentedRaftLog:OPENED:c0, conf=0: peers:[s0|rpc:localhost:38889|admin:localhost:33369|client:localhost:36221|dataStream:localhost:44045|priority:0|startupRole:FOLLOWER, s1|rpc:localhost:33469|admin:localhost:35601|client:localhost:38107|dataStream:localhost:41079|priority:0|startupRole:FOLLOWER, s2|rpc:localhost:39335|admin:localhost:35389|client:localhost:32863|dataStream:localhost:40831|priority:0|startupRole:FOLLOWER]|listeners:[], old=null RUNNING
2022-11-11 07:37:04,793 [s0-server-thread2] DEBUG raftlog.RaftLog (SegmentedRaftLog.java:appendImpl(446)) - truncateIndex=-1, arrayIndex=0
2022-11-11 07:37:04,794 [s1@group-DC0BCF2C7030-StateMachineUpdater] INFO  impl.SimpleStateMachine4Testing (SimpleStateMachine4Testing.java:put(205)) - s1: put 1, m0 -> (t:1, i:1), STATEMACHINELOGENTRY, 386@client-70D4234AB40A
2022-11-11 07:37:04,796 [s0-server-thread2] DEBUG raftlog.RaftLog (SegmentedRaftLog.java:appendImpl(446)) - truncateIndex=-1, arrayIndex=0
2022-11-11 07:37:04,797 [s2-server-thread1] DEBUG raftlog.RaftLog (SegmentedRaftLog.java:appendImpl(446)) - truncateIndex=-1, arrayIndex=0
2022-11-11 07:37:04,797 [s0@group-DC0BCF2C7030-StateMachineUpdater] INFO  impl.SimpleStateMachine4Testing (SimpleStateMachine4Testing.java:put(205)) - s0: put 1, m0 -> (t:1, i:1), STATEMACHINELOGENTRY, 386@client-70D4234AB40A
2022-11-11 07:37:04,798 [s2@group-DC0BCF2C7030-StateMachineUpdater] INFO  impl.SimpleStateMachine4Testing (SimpleStateMachine4Testing.java:put(205)) - s2: put 1, m0 -> (t:1, i:1), STATEMACHINELOGENTRY, 386@client-70D4234AB40A
2022-11-11 07:37:04,799 [s2-server-thread1] DEBUG raftlog.RaftLog (SegmentedRaftLog.java:appendImpl(446)) - truncateIndex=-1, arrayIndex=0
2022-11-11 07:37:04,804 [s2-server-thread1] DEBUG raftlog.RaftLog (SegmentedRaftLog.java:appendImpl(446)) - truncateIndex=-1, arrayIndex=0
2022-11-11 07:37:04,805 [s0-server-thread2] DEBUG raftlog.RaftLog (SegmentedRaftLog.java:appendImpl(446)) - truncateIndex=-1, arrayIndex=0
2022-11-11 07:37:04,806 [s1@group-DC0BCF2C7030-StateMachineUpdater] INFO  impl.SimpleStateMachine4Testing (SimpleStateMachine4Testing.java:put(205)) - s1: put 3, m1 -> (t:1, i:3), STATEMACHINELOGENTRY, 387@client-70D4234AB40A
2022-11-11 07:37:04,807 [s2-server-thread1] DEBUG raftlog.RaftLog (SegmentedRaftLog.java:appendImpl(446)) - truncateIndex=-1, arrayIndex=0
2022-11-11 07:37:04,808 [s0-server-thread2] DEBUG raftlog.RaftLog (SegmentedRaftLog.java:appendImpl(446)) - truncateIndex=-1, arrayIndex=0
2022-11-11 07:37:04,808 [s2@group-DC0BCF2C7030-StateMachineUpdater] INFO  impl.SimpleStateMachine4Testing (SimpleStateMachine4Testing.java:put(205)) - s2: put 3, m1 -> (t:1, i:3), STATEMACHINELOGENTRY, 387@client-70D4234AB40A
2022-11-11 07:37:04,809 [s0@group-DC0BCF2C7030-StateMachineUpdater] INFO  impl.SimpleStateMachine4Testing (SimpleStateMachine4Testing.java:put(205)) - s0: put 3, m1 -> (t:1, i:3), STATEMACHINELOGENTRY, 387@client-70D4234AB40A
2022-11-11 07:37:04,812 [s0-server-thread2] DEBUG raftlog.RaftLog (SegmentedRaftLog.java:appendImpl(446)) - truncateIndex=-1, arrayIndex=0
2022-11-11 07:37:04,812 [s2-server-thread1] DEBUG raftlog.RaftLog (SegmentedRaftLog.java:appendImpl(446)) - truncateIndex=-1, arrayIndex=0
2022-11-11 07:37:04,813 [s1@group-DC0BCF2C7030-StateMachineUpdater] INFO  impl.SimpleStateMachine4Testing (SimpleStateMachine4Testing.java:put(205)) - s1: put 5, m2 -> (t:1, i:5), STATEMACHINELOGENTRY, 388@client-70D4234AB40A
2022-11-11 07:37:04,814 [s0-server-thread2] DEBUG raftlog.RaftLog (SegmentedRaftLog.java:appendImpl(446)) - truncateIndex=-1, arrayIndex=0
2022-11-11 07:37:04,814 [s2-server-thread1] DEBUG raftlog.RaftLog (SegmentedRaftLog.java:appendImpl(446)) - truncateIndex=-1, arrayIndex=0
2022-11-11 07:37:04,815 [s0@group-DC0BCF2C7030-StateMachineUpdater] INFO  impl.SimpleStateMachine4Testing (SimpleStateMachine4Testing.java:put(205)) - s0: put 5, m2 -> (t:1, i:5), STATEMACHINELOGENTRY, 388@client-70D4234AB40A
2022-11-11 07:37:04,815 [s2@group-DC0BCF2C7030-StateMachineUpdater] INFO  impl.SimpleStateMachine4Testing (SimpleStateMachine4Testing.java:put(205)) - s2: put 5, m2 -> (t:1, i:5), STATEMACHINELOGENTRY, 388@client-70D4234AB40A
2022-11-11 07:37:04,817 [s0-server-thread2] DEBUG raftlog.RaftLog (SegmentedRaftLog.java:appendImpl(446)) - truncateIndex=-1, arrayIndex=0
2022-11-11 07:37:04,817 [s2-server-thread1] DEBUG raftlog.RaftLog (SegmentedRaftLog.java:appendImpl(446)) - truncateIndex=-1, arrayIndex=0
2022-11-11 07:37:04,818 [s1@group-DC0BCF2C7030-StateMachineUpdater] INFO  impl.SimpleStateMachine4Testing (SimpleStateMachine4Testing.java:put(205)) - s1: put 7, m3 -> (t:1, i:7), STATEMACHINELOGENTRY, 389@client-70D4234AB40A
2022-11-11 07:37:04,820 [s2-server-thread1] DEBUG raftlog.RaftLog (SegmentedRaftLog.java:appendImpl(446)) - truncateIndex=-1, arrayIndex=0
2022-11-11 07:37:04,820 [s0-server-thread2] DEBUG raftlog.RaftLog (SegmentedRaftLog.java:appendImpl(446)) - truncateIndex=-1, arrayIndex=0
2022-11-11 07:37:04,821 [s2@group-DC0BCF2C7030-StateMachineUpdater] INFO  impl.SimpleStateMachine4Testing (SimpleStateMachine4Testing.java:put(205)) - s2: put 7, m3 -> (t:1, i:7), STATEMACHINELOGENTRY, 389@client-70D4234AB40A
2022-11-11 07:37:04,822 [s0-server-thread1] DEBUG raftlog.RaftLog (SegmentedRaftLog.java:appendImpl(446)) - truncateIndex=-1, arrayIndex=0
2022-11-11 07:37:04,822 [s0@group-DC0BCF2C7030-StateMachineUpdater] INFO  impl.SimpleStateMachine4Testing (SimpleStateMachine4Testing.java:put(205)) - s0: put 7, m3 -> (t:1, i:7), STATEMACHINELOGENTRY, 389@client-70D4234AB40A
2022-11-11 07:37:04,823 [s2-server-thread1] DEBUG raftlog.RaftLog (SegmentedRaftLog.java:appendImpl(446)) - truncateIndex=-1, arrayIndex=0
2022-11-11 07:37:04,823 [s1@group-DC0BCF2C7030-StateMachineUpdater] INFO  impl.SimpleStateMachine4Testing (SimpleStateMachine4Testing.java:put(205)) - s1: put 9, m4 -> (t:1, i:9), STATEMACHINELOGENTRY, 390@client-70D4234AB40A
2022-11-11 07:37:04,825 [s2-server-thread1] DEBUG raftlog.RaftLog (SegmentedRaftLog.java:appendImpl(446)) - truncateIndex=-1, arrayIndex=0
2022-11-11 07:37:04,825 [s0-server-thread2] DEBUG raftlog.RaftLog (SegmentedRaftLog.java:appendImpl(446)) - truncateIndex=-1, arrayIndex=0
2022-11-11 07:37:04,826 [s2@group-DC0BCF2C7030-StateMachineUpdater] INFO  impl.SimpleStateMachine4Testing (SimpleStateMachine4Testing.java:put(205)) - s2: put 9, m4 -> (t:1, i:9), STATEMACHINELOGENTRY, 390@client-70D4234AB40A
2022-11-11 07:37:04,826 [s0@group-DC0BCF2C7030-StateMachineUpdater] INFO  impl.SimpleStateMachine4Testing (SimpleStateMachine4Testing.java:put(205)) - s0: put 9, m4 -> (t:1, i:9), STATEMACHINELOGENTRY, 390@client-70D4234AB40A
2022-11-11 07:37:04,828 [s0-server-thread2] DEBUG raftlog.RaftLog (SegmentedRaftLog.java:appendImpl(446)) - truncateIndex=-1, arrayIndex=0
2022-11-11 07:37:04,829 [s2-server-thread1] DEBUG raftlog.RaftLog (SegmentedRaftLog.java:appendImpl(446)) - truncateIndex=-1, arrayIndex=0
2022-11-11 07:37:04,830 [s1@group-DC0BCF2C7030-StateMachineUpdater] INFO  impl.SimpleStateMachine4Testing (SimpleStateMachine4Testing.java:put(205)) - s1: put 11, m5 -> (t:1, i:11), STATEMACHINELOGENTRY, 391@client-70D4234AB40A
2022-11-11 07:37:04,833 [s2-server-thread1] DEBUG raftlog.RaftLog (SegmentedRaftLog.java:appendImpl(446)) - truncateIndex=-1, arrayIndex=0
2022-11-11 07:37:04,833 [s0-server-thread2] DEBUG raftlog.RaftLog (SegmentedRaftLog.java:appendImpl(446)) - truncateIndex=-1, arrayIndex=0
2022-11-11 07:37:04,833 [s2@group-DC0BCF2C7030-StateMachineUpdater] INFO  impl.SimpleStateMachine4Testing (SimpleStateMachine4Testing.java:put(205)) - s2: put 11, m5 -> (t:1, i:11), STATEMACHINELOGENTRY, 391@client-70D4234AB40A
2022-11-11 07:37:04,833 [s0@group-DC0BCF2C7030-StateMachineUpdater] INFO  impl.SimpleStateMachine4Testing (SimpleStateMachine4Testing.java:put(205)) - s0: put 11, m5 -> (t:1, i:11), STATEMACHINELOGENTRY, 391@client-70D4234AB40A
2022-11-11 07:37:04,835 [s2-server-thread1] DEBUG raftlog.RaftLog (SegmentedRaftLog.java:appendImpl(446)) - truncateIndex=-1, arrayIndex=0
2022-11-11 07:37:04,836 [s0-server-thread2] DEBUG raftlog.RaftLog (SegmentedRaftLog.java:appendImpl(446)) - truncateIndex=-1, arrayIndex=0
2022-11-11 07:37:04,836 [s1@group-DC0BCF2C7030-StateMachineUpdater] INFO  impl.SimpleStateMachine4Testing (SimpleStateMachine4Testing.java:put(205)) - s1: put 13, m6 -> (t:1, i:13), STATEMACHINELOGENTRY, 392@client-70D4234AB40A
2022-11-11 07:37:04,838 [s2-server-thread1] DEBUG raftlog.RaftLog (SegmentedRaftLog.java:appendImpl(446)) - truncateIndex=-1, arrayIndex=0
2022-11-11 07:37:04,839 [s0-server-thread2] DEBUG raftlog.RaftLog (SegmentedRaftLog.java:appendImpl(446)) - truncateIndex=-1, arrayIndex=0
2022-11-11 07:37:04,840 [s0@group-DC0BCF2C7030-StateMachineUpdater] INFO  impl.SimpleStateMachine4Testing (SimpleStateMachine4Testing.java:put(205)) - s0: put 13, m6 -> (t:1, i:13), STATEMACHINELOGENTRY, 392@client-70D4234AB40A
2022-11-11 07:37:04,840 [s2@group-DC0BCF2C7030-StateMachineUpdater] INFO  impl.SimpleStateMachine4Testing (SimpleStateMachine4Testing.java:put(205)) - s2: put 13, m6 -> (t:1, i:13), STATEMACHINELOGENTRY, 392@client-70D4234AB40A
2022-11-11 07:37:04,841 [s2-server-thread1] DEBUG raftlog.RaftLog (SegmentedRaftLog.java:appendImpl(446)) - truncateIndex=-1, arrayIndex=0
2022-11-11 07:37:04,841 [s0-server-thread2] DEBUG raftlog.RaftLog (SegmentedRaftLog.java:appendImpl(446)) - truncateIndex=-1, arrayIndex=0
2022-11-11 07:37:04,843 [s1@group-DC0BCF2C7030-StateMachineUpdater] INFO  impl.SimpleStateMachine4Testing (SimpleStateMachine4Testing.java:put(205)) - s1: put 15, m7 -> (t:1, i:15), STATEMACHINELOGENTRY, 393@client-70D4234AB40A
2022-11-11 07:37:04,846 [s0-server-thread2] DEBUG raftlog.RaftLog (SegmentedRaftLog.java:appendImpl(446)) - truncateIndex=-1, arrayIndex=0
2022-11-11 07:37:04,847 [s2-server-thread1] DEBUG raftlog.RaftLog (SegmentedRaftLog.java:appendImpl(446)) - truncateIndex=-1, arrayIndex=0
2022-11-11 07:37:04,848 [s2@group-DC0BCF2C7030-StateMachineUpdater] INFO  impl.SimpleStateMachine4Testing (SimpleStateMachine4Testing.java:put(205)) - s2: put 15, m7 -> (t:1, i:15), STATEMACHINELOGENTRY, 393@client-70D4234AB40A
2022-11-11 07:37:04,848 [s0@group-DC0BCF2C7030-StateMachineUpdater] INFO  impl.SimpleStateMachine4Testing (SimpleStateMachine4Testing.java:put(205)) - s0: put 15, m7 -> (t:1, i:15), STATEMACHINELOGENTRY, 393@client-70D4234AB40A
2022-11-11 07:37:04,849 [s2-server-thread1] DEBUG raftlog.RaftLog (SegmentedRaftLog.java:appendImpl(446)) - truncateIndex=-1, arrayIndex=0
2022-11-11 07:37:04,850 [s0-server-thread2] DEBUG raftlog.RaftLog (SegmentedRaftLog.java:appendImpl(446)) - truncateIndex=-1, arrayIndex=0
2022-11-11 07:37:04,851 [s1@group-DC0BCF2C7030-StateMachineUpdater] INFO  impl.SimpleStateMachine4Testing (SimpleStateMachine4Testing.java:put(205)) - s1: put 17, m8 -> (t:1, i:17), STATEMACHINELOGENTRY, 394@client-70D4234AB40A
2022-11-11 07:37:04,856 [s2-server-thread1] DEBUG raftlog.RaftLog (SegmentedRaftLog.java:appendImpl(446)) - truncateIndex=-1, arrayIndex=0
2022-11-11 07:37:04,857 [s0-server-thread2] DEBUG raftlog.RaftLog (SegmentedRaftLog.java:appendImpl(446)) - truncateIndex=-1, arrayIndex=0
2022-11-11 07:37:04,857 [s2@group-DC0BCF2C7030-StateMachineUpdater] INFO  impl.SimpleStateMachine4Testing (SimpleStateMachine4Testing.java:put(205)) - s2: put 17, m8 -> (t:1, i:17), STATEMACHINELOGENTRY, 394@client-70D4234AB40A
2022-11-11 07:37:04,858 [s0@group-DC0BCF2C7030-StateMachineUpdater] INFO  impl.SimpleStateMachine4Testing (SimpleStateMachine4Testing.java:put(205)) - s0: put 17, m8 -> (t:1, i:17), STATEMACHINELOGENTRY, 394@client-70D4234AB40A
2022-11-11 07:37:04,860 [s0-server-thread2] DEBUG raftlog.RaftLog (SegmentedRaftLog.java:appendImpl(446)) - truncateIndex=-1, arrayIndex=0
2022-11-11 07:37:04,861 [s2-server-thread1] DEBUG raftlog.RaftLog (SegmentedRaftLog.java:appendImpl(446)) - truncateIndex=-1, arrayIndex=0
2022-11-11 07:37:04,861 [s1@group-DC0BCF2C7030-StateMachineUpdater] INFO  impl.SimpleStateMachine4Testing (SimpleStateMachine4Testing.java:put(205)) - s1: put 19, m9 -> (t:1, i:19), STATEMACHINELOGENTRY, 395@client-70D4234AB40A
2022-11-11 07:37:04,862 [s0-server-thread2] DEBUG raftlog.RaftLog (SegmentedRaftLog.java:appendImpl(446)) - truncateIndex=-1, arrayIndex=0
2022-11-11 07:37:04,863 [s2-server-thread1] DEBUG raftlog.RaftLog (SegmentedRaftLog.java:appendImpl(446)) - truncateIndex=-1, arrayIndex=0
2022-11-11 07:37:04,863 [s0@group-DC0BCF2C7030-StateMachineUpdater] INFO  impl.SimpleStateMachine4Testing (SimpleStateMachine4Testing.java:put(205)) - s0: put 19, m9 -> (t:1, i:19), STATEMACHINELOGENTRY, 395@client-70D4234AB40A
2022-11-11 07:37:04,863 [s2@group-DC0BCF2C7030-StateMachineUpdater] INFO  impl.SimpleStateMachine4Testing (SimpleStateMachine4Testing.java:put(205)) - s2: put 19, m9 -> (t:1, i:19), STATEMACHINELOGENTRY, 395@client-70D4234AB40A
2022-11-11 07:37:04,865 [s0-server-thread2] DEBUG raftlog.RaftLog (SegmentedRaftLog.java:appendImpl(446)) - truncateIndex=-1, arrayIndex=0
2022-11-11 07:37:04,866 [s2-server-thread1] DEBUG raftlog.RaftLog (SegmentedRaftLog.java:appendImpl(446)) - truncateIndex=-1, arrayIndex=0
2022-11-11 07:37:04,866 [s1@group-DC0BCF2C7030-StateMachineUpdater] INFO  impl.SimpleStateMachine4Testing (SimpleStateMachine4Testing.java:put(205)) - s1: put 21, m10 -> (t:1, i:21), STATEMACHINELOGENTRY, 396@client-70D4234AB40A
2022-11-11 07:37:04,868 [s2-server-thread1] DEBUG raftlog.RaftLog (SegmentedRaftLog.java:appendImpl(446)) - truncateIndex=-1, arrayIndex=0
2022-11-11 07:37:04,869 [s1-client-thread1] INFO  segmented.SegmentedRaftLogWorker (SegmentedRaftLogWorker.java:rollLogSegment(436)) - s1@group-DC0BCF2C7030-SegmentedRaftLogWorker: Rolling segment log-0_22 to index:22
2022-11-11 07:37:04,869 [s1@group-DC0BCF2C7030-SegmentedRaftLogWorker] TRACE util.FileUtils (LogUtils.java:runAndLog(49)) - Successfully ran Atomic Files.move /home/runner/work/ratis/ratis/ratis-test/target/test/data/badbfba9/MiniRaftClusterWithGrpcf526e0ef/s1/4c2c9efe-0344-4438-a419-dc0bcf2c7030/current/log_inprogress_0 to /home/runner/work/ratis/ratis/ratis-test/target/test/data/badbfba9/MiniRaftClusterWithGrpcf526e0ef/s1/4c2c9efe-0344-4438-a419-dc0bcf2c7030/current/log_0-22
2022-11-11 07:37:04,869 [s1@group-DC0BCF2C7030-SegmentedRaftLogWorker] INFO  segmented.SegmentedRaftLogWorker (SegmentedRaftLogWorker.java:execute(592)) - s1@group-DC0BCF2C7030-SegmentedRaftLogWorker: Rolled log segment from /home/runner/work/ratis/ratis/ratis-test/target/test/data/badbfba9/MiniRaftClusterWithGrpcf526e0ef/s1/4c2c9efe-0344-4438-a419-dc0bcf2c7030/current/log_inprogress_0 to /home/runner/work/ratis/ratis/ratis-test/target/test/data/badbfba9/MiniRaftClusterWithGrpcf526e0ef/s1/4c2c9efe-0344-4438-a419-dc0bcf2c7030/current/log_0-22
2022-11-11 07:37:04,870 [s2@group-DC0BCF2C7030-StateMachineUpdater] INFO  impl.SimpleStateMachine4Testing (SimpleStateMachine4Testing.java:put(205)) - s2: put 21, m10 -> (t:1, i:21), STATEMACHINELOGENTRY, 396@client-70D4234AB40A
2022-11-11 07:37:04,870 [s2-server-thread1] DEBUG raftlog.RaftLog (SegmentedRaftLog.java:appendImpl(446)) - truncateIndex=-1, arrayIndex=0
2022-11-11 07:37:04,870 [s2-server-thread1] INFO  segmented.SegmentedRaftLogWorker (SegmentedRaftLogWorker.java:rollLogSegment(436)) - s2@group-DC0BCF2C7030-SegmentedRaftLogWorker: Rolling segment log-0_22 to index:22
2022-11-11 07:37:04,871 [s2@group-DC0BCF2C7030-SegmentedRaftLogWorker] TRACE util.FileUtils (LogUtils.java:runAndLog(49)) - Successfully ran Atomic Files.move /home/runner/work/ratis/ratis/ratis-test/target/test/data/badbfba9/MiniRaftClusterWithGrpcf526e0ef/s2/4c2c9efe-0344-4438-a419-dc0bcf2c7030/current/log_inprogress_0 to /home/runner/work/ratis/ratis/ratis-test/target/test/data/badbfba9/MiniRaftClusterWithGrpcf526e0ef/s2/4c2c9efe-0344-4438-a419-dc0bcf2c7030/current/log_0-22
2022-11-11 07:37:04,871 [s2@group-DC0BCF2C7030-SegmentedRaftLogWorker] INFO  segmented.SegmentedRaftLogWorker (SegmentedRaftLogWorker.java:execute(592)) - s2@group-DC0BCF2C7030-SegmentedRaftLogWorker: Rolled log segment from /home/runner/work/ratis/ratis/ratis-test/target/test/data/badbfba9/MiniRaftClusterWithGrpcf526e0ef/s2/4c2c9efe-0344-4438-a419-dc0bcf2c7030/current/log_inprogress_0 to /home/runner/work/ratis/ratis/ratis-test/target/test/data/badbfba9/MiniRaftClusterWithGrpcf526e0ef/s2/4c2c9efe-0344-4438-a419-dc0bcf2c7030/current/log_0-22
2022-11-11 07:37:04,871 [s0-server-thread2] DEBUG raftlog.RaftLog (SegmentedRaftLog.java:appendImpl(446)) - truncateIndex=-1, arrayIndex=0
2022-11-11 07:37:04,872 [s1@group-DC0BCF2C7030-SegmentedRaftLogWorker] INFO  segmented.SegmentedRaftLogWorker (SegmentedRaftLogWorker.java:execute(635)) - s1@group-DC0BCF2C7030-SegmentedRaftLogWorker: created new log segment /home/runner/work/ratis/ratis/ratis-test/target/test/data/badbfba9/MiniRaftClusterWithGrpcf526e0ef/s1/4c2c9efe-0344-4438-a419-dc0bcf2c7030/current/log_inprogress_23
2022-11-11 07:37:04,872 [s0-server-thread2] DEBUG raftlog.RaftLog (SegmentedRaftLog.java:appendImpl(446)) - truncateIndex=-1, arrayIndex=0
2022-11-11 07:37:04,872 [s0-server-thread2] INFO  segmented.SegmentedRaftLogWorker (SegmentedRaftLogWorker.java:rollLogSegment(436)) - s0@group-DC0BCF2C7030-SegmentedRaftLogWorker: Rolling segment log-0_22 to index:22
2022-11-11 07:37:04,873 [s0@group-DC0BCF2C7030-StateMachineUpdater] INFO  impl.SimpleStateMachine4Testing (SimpleStateMachine4Testing.java:put(205)) - s0: put 21, m10 -> (t:1, i:21), STATEMACHINELOGENTRY, 396@client-70D4234AB40A
2022-11-11 07:37:04,874 [s0@group-DC0BCF2C7030-SegmentedRaftLogWorker] TRACE util.FileUtils (LogUtils.java:runAndLog(49)) - Successfully ran Atomic Files.move /home/runner/work/ratis/ratis/ratis-test/target/test/data/badbfba9/MiniRaftClusterWithGrpcf526e0ef/s0/4c2c9efe-0344-4438-a419-dc0bcf2c7030/current/log_inprogress_0 to /home/runner/work/ratis/ratis/ratis-test/target/test/data/badbfba9/MiniRaftClusterWithGrpcf526e0ef/s0/4c2c9efe-0344-4438-a419-dc0bcf2c7030/current/log_0-22
2022-11-11 07:37:04,874 [s0@group-DC0BCF2C7030-SegmentedRaftLogWorker] INFO  segmented.SegmentedRaftLogWorker (SegmentedRaftLogWorker.java:execute(592)) - s0@group-DC0BCF2C7030-SegmentedRaftLogWorker: Rolled log segment from /home/runner/work/ratis/ratis/ratis-test/target/test/data/badbfba9/MiniRaftClusterWithGrpcf526e0ef/s0/4c2c9efe-0344-4438-a419-dc0bcf2c7030/current/log_inprogress_0 to /home/runner/work/ratis/ratis/ratis-test/target/test/data/badbfba9/MiniRaftClusterWithGrpcf526e0ef/s0/4c2c9efe-0344-4438-a419-dc0bcf2c7030/current/log_0-22
2022-11-11 07:37:04,874 [s2@group-DC0BCF2C7030-SegmentedRaftLogWorker] INFO  segmented.SegmentedRaftLogWorker (SegmentedRaftLogWorker.java:execute(635)) - s2@group-DC0BCF2C7030-SegmentedRaftLogWorker: created new log segment /home/runner/work/ratis/ratis/ratis-test/target/test/data/badbfba9/MiniRaftClusterWithGrpcf526e0ef/s2/4c2c9efe-0344-4438-a419-dc0bcf2c7030/current/log_inprogress_23
2022-11-11 07:37:04,875 [s1@group-DC0BCF2C7030-StateMachineUpdater] INFO  impl.SimpleStateMachine4Testing (SimpleStateMachine4Testing.java:put(205)) - s1: put 23, m11 -> (t:1, i:23), STATEMACHINELOGENTRY, 397@client-70D4234AB40A
2022-11-11 07:37:04,875 [s0@group-DC0BCF2C7030-SegmentedRaftLogWorker] INFO  segmented.SegmentedRaftLogWorker (SegmentedRaftLogWorker.java:execute(635)) - s0@group-DC0BCF2C7030-SegmentedRaftLogWorker: created new log segment /home/runner/work/ratis/ratis/ratis-test/target/test/data/badbfba9/MiniRaftClusterWithGrpcf526e0ef/s0/4c2c9efe-0344-4438-a419-dc0bcf2c7030/current/log_inprogress_23
2022-11-11 07:37:04,877 [s2-server-thread1] DEBUG raftlog.RaftLog (SegmentedRaftLog.java:appendImpl(446)) - truncateIndex=-1, arrayIndex=0
2022-11-11 07:37:04,877 [s2@group-DC0BCF2C7030-StateMachineUpdater] INFO  impl.SimpleStateMachine4Testing (SimpleStateMachine4Testing.java:put(205)) - s2: put 23, m11 -> (t:1, i:23), STATEMACHINELOGENTRY, 397@client-70D4234AB40A
2022-11-11 07:37:04,879 [s0-server-thread2] DEBUG raftlog.RaftLog (SegmentedRaftLog.java:appendImpl(446)) - truncateIndex=-1, arrayIndex=0
2022-11-11 07:37:04,881 [s0@group-DC0BCF2C7030-StateMachineUpdater] INFO  impl.SimpleStateMachine4Testing (SimpleStateMachine4Testing.java:put(205)) - s0: put 23, m11 -> (t:1, i:23), STATEMACHINELOGENTRY, 397@client-70D4234AB40A
2022-11-11 07:37:04,881 [s2-server-thread1] DEBUG raftlog.RaftLog (SegmentedRaftLog.java:appendImpl(446)) - truncateIndex=-1, arrayIndex=0
2022-11-11 07:37:04,882 [s0-server-thread2] DEBUG raftlog.RaftLog (SegmentedRaftLog.java:appendImpl(446)) - truncateIndex=-1, arrayIndex=0
2022-11-11 07:37:04,883 [s1@group-DC0BCF2C7030-StateMachineUpdater] INFO  impl.SimpleStateMachine4Testing (SimpleStateMachine4Testing.java:put(205)) - s1: put 25, m12 -> (t:1, i:25), STATEMACHINELOGENTRY, 398@client-70D4234AB40A
2022-11-11 07:37:04,885 [s0-server-thread2] DEBUG raftlog.RaftLog (SegmentedRaftLog.java:appendImpl(446)) - truncateIndex=-1, arrayIndex=0
2022-11-11 07:37:04,885 [s2-server-thread1] DEBUG raftlog.RaftLog (SegmentedRaftLog.java:appendImpl(446)) - truncateIndex=-1, arrayIndex=0
2022-11-11 07:37:04,886 [s2@group-DC0BCF2C7030-StateMachineUpdater] INFO  impl.SimpleStateMachine4Testing (SimpleStateMachine4Testing.java:put(205)) - s2: put 25, m12 -> (t:1, i:25), STATEMACHINELOGENTRY, 398@client-70D4234AB40A
2022-11-11 07:37:04,886 [s0@group-DC0BCF2C7030-StateMachineUpdater] INFO  impl.SimpleStateMachine4Testing (SimpleStateMachine4Testing.java:put(205)) - s0: put 25, m12 -> (t:1, i:25), STATEMACHINELOGENTRY, 398@client-70D4234AB40A
2022-11-11 07:37:04,887 [s2-server-thread1] DEBUG raftlog.RaftLog (SegmentedRaftLog.java:appendImpl(446)) - truncateIndex=-1, arrayIndex=0
2022-11-11 07:37:04,887 [s0-server-thread2] DEBUG raftlog.RaftLog (SegmentedRaftLog.java:appendImpl(446)) - truncateIndex=-1, arrayIndex=0
2022-11-11 07:37:04,888 [s1@group-DC0BCF2C7030-StateMachineUpdater] INFO  impl.SimpleStateMachine4Testing (SimpleStateMachine4Testing.java:put(205)) - s1: put 27, m13 -> (t:1, i:27), STATEMACHINELOGENTRY, 399@client-70D4234AB40A
2022-11-11 07:37:04,889 [s2-server-thread1] DEBUG raftlog.RaftLog (SegmentedRaftLog.java:appendImpl(446)) - truncateIndex=-1, arrayIndex=0
2022-11-11 07:37:04,890 [s2@group-DC0BCF2C7030-StateMachineUpdater] INFO  impl.SimpleStateMachine4Testing (SimpleStateMachine4Testing.java:put(205)) - s2: put 27, m13 -> (t:1, i:27), STATEMACHINELOGENTRY, 399@client-70D4234AB40A
2022-11-11 07:37:04,891 [s0-server-thread2] DEBUG raftlog.RaftLog (SegmentedRaftLog.java:appendImpl(446)) - truncateIndex=-1, arrayIndex=0
2022-11-11 07:37:04,892 [s0@group-DC0BCF2C7030-StateMachineUpdater] INFO  impl.SimpleStateMachine4Testing (SimpleStateMachine4Testing.java:put(205)) - s0: put 27, m13 -> (t:1, i:27), STATEMACHINELOGENTRY, 399@client-70D4234AB40A
2022-11-11 07:37:04,893 [s0-server-thread2] DEBUG raftlog.RaftLog (SegmentedRaftLog.java:appendImpl(446)) - truncateIndex=-1, arrayIndex=0
2022-11-11 07:37:04,894 [s2-server-thread1] DEBUG raftlog.RaftLog (SegmentedRaftLog.java:appendImpl(446)) - truncateIndex=-1, arrayIndex=0
2022-11-11 07:37:04,895 [s1@group-DC0BCF2C7030-StateMachineUpdater] INFO  impl.SimpleStateMachine4Testing (SimpleStateMachine4Testing.java:put(205)) - s1: put 29, m14 -> (t:1, i:29), STATEMACHINELOGENTRY, 400@client-70D4234AB40A
2022-11-11 07:37:04,895 [s2-server-thread1] DEBUG raftlog.RaftLog (SegmentedRaftLog.java:appendImpl(446)) - truncateIndex=-1, arrayIndex=0
2022-11-11 07:37:04,896 [s2@group-DC0BCF2C7030-StateMachineUpdater] INFO  impl.SimpleStateMachine4Testing (SimpleStateMachine4Testing.java:put(205)) - s2: put 29, m14 -> (t:1, i:29), STATEMACHINELOGENTRY, 400@client-70D4234AB40A
2022-11-11 07:37:04,897 [s0-server-thread2] DEBUG raftlog.RaftLog (SegmentedRaftLog.java:appendImpl(446)) - truncateIndex=-1, arrayIndex=0
2022-11-11 07:37:04,899 [s0-server-thread2] DEBUG raftlog.RaftLog (SegmentedRaftLog.java:appendImpl(446)) - truncateIndex=-1, arrayIndex=0
2022-11-11 07:37:04,900 [s0@group-DC0BCF2C7030-StateMachineUpdater] INFO  impl.SimpleStateMachine4Testing (SimpleStateMachine4Testing.java:put(205)) - s0: put 29, m14 -> (t:1, i:29), STATEMACHINELOGENTRY, 400@client-70D4234AB40A
2022-11-11 07:37:04,900 [s2-server-thread1] DEBUG raftlog.RaftLog (SegmentedRaftLog.java:appendImpl(446)) - truncateIndex=-1, arrayIndex=0
2022-11-11 07:37:04,901 [s1@group-DC0BCF2C7030-StateMachineUpdater] INFO  impl.SimpleStateMachine4Testing (SimpleStateMachine4Testing.java:put(205)) - s1: put 31, m15 -> (t:1, i:31), STATEMACHINELOGENTRY, 401@client-70D4234AB40A
2022-11-11 07:37:04,902 [s2-server-thread1] DEBUG raftlog.RaftLog (SegmentedRaftLog.java:appendImpl(446)) - truncateIndex=-1, arrayIndex=0
2022-11-11 07:37:04,903 [s0-server-thread2] DEBUG raftlog.RaftLog (SegmentedRaftLog.java:appendImpl(446)) - truncateIndex=-1, arrayIndex=0
2022-11-11 07:37:04,904 [s2@group-DC0BCF2C7030-StateMachineUpdater] INFO  impl.SimpleStateMachine4Testing (SimpleStateMachine4Testing.java:put(205)) - s2: put 31, m15 -> (t:1, i:31), STATEMACHINELOGENTRY, 401@client-70D4234AB40A
2022-11-11 07:37:04,904 [s0@group-DC0BCF2C7030-StateMachineUpdater] INFO  impl.SimpleStateMachine4Testing (SimpleStateMachine4Testing.java:put(205)) - s0: put 31, m15 -> (t:1, i:31), STATEMACHINELOGENTRY, 401@client-70D4234AB40A
2022-11-11 07:37:04,905 [s0-server-thread2] DEBUG raftlog.RaftLog (SegmentedRaftLog.java:appendImpl(446)) - truncateIndex=-1, arrayIndex=0
2022-11-11 07:37:04,906 [s2-server-thread1] DEBUG raftlog.RaftLog (SegmentedRaftLog.java:appendImpl(446)) - truncateIndex=-1, arrayIndex=0
2022-11-11 07:37:04,907 [s1@group-DC0BCF2C7030-StateMachineUpdater] INFO  impl.SimpleStateMachine4Testing (SimpleStateMachine4Testing.java:put(205)) - s1: put 33, m16 -> (t:1, i:33), STATEMACHINELOGENTRY, 402@client-70D4234AB40A
2022-11-11 07:37:04,908 [s0-server-thread2] DEBUG raftlog.RaftLog (SegmentedRaftLog.java:appendImpl(446)) - truncateIndex=-1, arrayIndex=0
2022-11-11 07:37:04,908 [s2-server-thread1] DEBUG raftlog.RaftLog (SegmentedRaftLog.java:appendImpl(446)) - truncateIndex=-1, arrayIndex=0
2022-11-11 07:37:04,909 [s0@group-DC0BCF2C7030-StateMachineUpdater] INFO  impl.SimpleStateMachine4Testing (SimpleStateMachine4Testing.java:put(205)) - s0: put 33, m16 -> (t:1, i:33), STATEMACHINELOGENTRY, 402@client-70D4234AB40A
2022-11-11 07:37:04,909 [s2@group-DC0BCF2C7030-StateMachineUpdater] INFO  impl.SimpleStateMachine4Testing (SimpleStateMachine4Testing.java:put(205)) - s2: put 33, m16 -> (t:1, i:33), STATEMACHINELOGENTRY, 402@client-70D4234AB40A
2022-11-11 07:37:04,911 [s2-server-thread1] DEBUG raftlog.RaftLog (SegmentedRaftLog.java:appendImpl(446)) - truncateIndex=-1, arrayIndex=0
2022-11-11 07:37:04,911 [s0-server-thread2] DEBUG raftlog.RaftLog (SegmentedRaftLog.java:appendImpl(446)) - truncateIndex=-1, arrayIndex=0
2022-11-11 07:37:04,912 [s1@group-DC0BCF2C7030-StateMachineUpdater] INFO  impl.SimpleStateMachine4Testing (SimpleStateMachine4Testing.java:put(205)) - s1: put 35, m17 -> (t:1, i:35), STATEMACHINELOGENTRY, 403@client-70D4234AB40A
2022-11-11 07:37:04,914 [s0-server-thread2] DEBUG raftlog.RaftLog (SegmentedRaftLog.java:appendImpl(446)) - truncateIndex=-1, arrayIndex=0
2022-11-11 07:37:04,914 [s2-server-thread1] DEBUG raftlog.RaftLog (SegmentedRaftLog.java:appendImpl(446)) - truncateIndex=-1, arrayIndex=0
2022-11-11 07:37:04,914 [s0@group-DC0BCF2C7030-StateMachineUpdater] INFO  impl.SimpleStateMachine4Testing (SimpleStateMachine4Testing.java:put(205)) - s0: put 35, m17 -> (t:1, i:35), STATEMACHINELOGENTRY, 403@client-70D4234AB40A
2022-11-11 07:37:04,915 [s0-server-thread2] DEBUG raftlog.RaftLog (SegmentedRaftLog.java:appendImpl(446)) - truncateIndex=-1, arrayIndex=0
2022-11-11 07:37:04,915 [s2-server-thread1] DEBUG raftlog.RaftLog (SegmentedRaftLog.java:appendImpl(446)) - truncateIndex=-1, arrayIndex=0
2022-11-11 07:37:04,915 [s2@group-DC0BCF2C7030-StateMachineUpdater] INFO  impl.SimpleStateMachine4Testing (SimpleStateMachine4Testing.java:put(205)) - s2: put 35, m17 -> (t:1, i:35), STATEMACHINELOGENTRY, 403@client-70D4234AB40A
2022-11-11 07:37:04,917 [s1@group-DC0BCF2C7030-StateMachineUpdater] INFO  impl.SimpleStateMachine4Testing (SimpleStateMachine4Testing.java:put(205)) - s1: put 37, m18 -> (t:1, i:37), STATEMACHINELOGENTRY, 404@client-70D4234AB40A
2022-11-11 07:37:04,917 [s2-server-thread1] DEBUG raftlog.RaftLog (SegmentedRaftLog.java:appendImpl(446)) - truncateIndex=-1, arrayIndex=0
2022-11-11 07:37:04,918 [s0-server-thread2] DEBUG raftlog.RaftLog (SegmentedRaftLog.java:appendImpl(446)) - truncateIndex=-1, arrayIndex=0
2022-11-11 07:37:04,918 [s2@group-DC0BCF2C7030-StateMachineUpdater] INFO  impl.SimpleStateMachine4Testing (SimpleStateMachine4Testing.java:put(205)) - s2: put 37, m18 -> (t:1, i:37), STATEMACHINELOGENTRY, 404@client-70D4234AB40A
2022-11-11 07:37:04,919 [s0@group-DC0BCF2C7030-StateMachineUpdater] INFO  impl.SimpleStateMachine4Testing (SimpleStateMachine4Testing.java:put(205)) - s0: put 37, m18 -> (t:1, i:37), STATEMACHINELOGENTRY, 404@client-70D4234AB40A
2022-11-11 07:37:04,921 [s2-server-thread1] DEBUG raftlog.RaftLog (SegmentedRaftLog.java:appendImpl(446)) - truncateIndex=-1, arrayIndex=0
2022-11-11 07:37:04,922 [s1@group-DC0BCF2C7030-StateMachineUpdater] INFO  impl.SimpleStateMachine4Testing (SimpleStateMachine4Testing.java:put(205)) - s1: put 39, m19 -> (t:1, i:39), STATEMACHINELOGENTRY, 405@client-70D4234AB40A
2022-11-11 07:37:04,922 [s0-server-thread2] DEBUG raftlog.RaftLog (SegmentedRaftLog.java:appendImpl(446)) - truncateIndex=-1, arrayIndex=0
2022-11-11 07:37:04,923 [s2-server-thread1] DEBUG raftlog.RaftLog (SegmentedRaftLog.java:appendImpl(446)) - truncateIndex=-1, arrayIndex=0
2022-11-11 07:37:04,924 [s0-server-thread2] DEBUG raftlog.RaftLog (SegmentedRaftLog.java:appendImpl(446)) - truncateIndex=-1, arrayIndex=0
2022-11-11 07:37:04,924 [s2@group-DC0BCF2C7030-StateMachineUpdater] INFO  impl.SimpleStateMachine4Testing (SimpleStateMachine4Testing.java:put(205)) - s2: put 39, m19 -> (t:1, i:39), STATEMACHINELOGENTRY, 405@client-70D4234AB40A
2022-11-11 07:37:04,925 [s0@group-DC0BCF2C7030-StateMachineUpdater] INFO  impl.SimpleStateMachine4Testing (SimpleStateMachine4Testing.java:put(205)) - s0: put 39, m19 -> (t:1, i:39), STATEMACHINELOGENTRY, 405@client-70D4234AB40A
2022-11-11 07:37:04,927 [s0-server-thread2] DEBUG raftlog.RaftLog (SegmentedRaftLog.java:appendImpl(446)) - truncateIndex=-1, arrayIndex=0
2022-11-11 07:37:04,927 [s2-server-thread1] DEBUG raftlog.RaftLog (SegmentedRaftLog.java:appendImpl(446)) - truncateIndex=-1, arrayIndex=0
2022-11-11 07:37:04,928 [s1@group-DC0BCF2C7030-StateMachineUpdater] INFO  impl.SimpleStateMachine4Testing (SimpleStateMachine4Testing.java:put(205)) - s1: put 41, m20 -> (t:1, i:41), STATEMACHINELOGENTRY, 406@client-70D4234AB40A
2022-11-11 07:37:04,929 [s2-server-thread1] DEBUG raftlog.RaftLog (SegmentedRaftLog.java:appendImpl(446)) - truncateIndex=-1, arrayIndex=0
2022-11-11 07:37:04,929 [s0-server-thread2] DEBUG raftlog.RaftLog (SegmentedRaftLog.java:appendImpl(446)) - truncateIndex=-1, arrayIndex=0
2022-11-11 07:37:04,930 [s2@group-DC0BCF2C7030-StateMachineUpdater] INFO  impl.SimpleStateMachine4Testing (SimpleStateMachine4Testing.java:put(205)) - s2: put 41, m20 -> (t:1, i:41), STATEMACHINELOGENTRY, 406@client-70D4234AB40A
2022-11-11 07:37:04,930 [s0@group-DC0BCF2C7030-StateMachineUpdater] INFO  impl.SimpleStateMachine4Testing (SimpleStateMachine4Testing.java:put(205)) - s0: put 41, m20 -> (t:1, i:41), STATEMACHINELOGENTRY, 406@client-70D4234AB40A
2022-11-11 07:37:04,932 [s2-server-thread1] DEBUG raftlog.RaftLog (SegmentedRaftLog.java:appendImpl(446)) - truncateIndex=-1, arrayIndex=0
2022-11-11 07:37:04,932 [s0-server-thread2] DEBUG raftlog.RaftLog (SegmentedRaftLog.java:appendImpl(446)) - truncateIndex=-1, arrayIndex=0
2022-11-11 07:37:04,933 [s1@group-DC0BCF2C7030-StateMachineUpdater] INFO  impl.SimpleStateMachine4Testing (SimpleStateMachine4Testing.java:put(205)) - s1: put 43, m21 -> (t:1, i:43), STATEMACHINELOGENTRY, 407@client-70D4234AB40A
2022-11-11 07:37:04,934 [s2-server-thread1] DEBUG raftlog.RaftLog (SegmentedRaftLog.java:appendImpl(446)) - truncateIndex=-1, arrayIndex=0
2022-11-11 07:37:04,934 [s0-server-thread2] DEBUG raftlog.RaftLog (SegmentedRaftLog.java:appendImpl(446)) - truncateIndex=-1, arrayIndex=0
2022-11-11 07:37:04,934 [s2@group-DC0BCF2C7030-StateMachineUpdater] INFO  impl.SimpleStateMachine4Testing (SimpleStateMachine4Testing.java:put(205)) - s2: put 43, m21 -> (t:1, i:43), STATEMACHINELOGENTRY, 407@client-70D4234AB40A
2022-11-11 07:37:04,935 [s0@group-DC0BCF2C7030-StateMachineUpdater] INFO  impl.SimpleStateMachine4Testing (SimpleStateMachine4Testing.java:put(205)) - s0: put 43, m21 -> (t:1, i:43), STATEMACHINELOGENTRY, 407@client-70D4234AB40A
2022-11-11 07:37:04,936 [s0-server-thread2] DEBUG raftlog.RaftLog (SegmentedRaftLog.java:appendImpl(446)) - truncateIndex=-1, arrayIndex=0
2022-11-11 07:37:04,937 [s2-server-thread1] DEBUG raftlog.RaftLog (SegmentedRaftLog.java:appendImpl(446)) - truncateIndex=-1, arrayIndex=0
2022-11-11 07:37:04,938 [s1@group-DC0BCF2C7030-StateMachineUpdater] INFO  impl.SimpleStateMachine4Testing (SimpleStateMachine4Testing.java:put(205)) - s1: put 45, m22 -> (t:1, i:45), STATEMACHINELOGENTRY, 408@client-70D4234AB40A
2022-11-11 07:37:04,938 [s0-server-thread2] DEBUG raftlog.RaftLog (SegmentedRaftLog.java:appendImpl(446)) - truncateIndex=-1, arrayIndex=0
2022-11-11 07:37:04,939 [s2-server-thread1] DEBUG raftlog.RaftLog (SegmentedRaftLog.java:appendImpl(446)) - truncateIndex=-1, arrayIndex=0
2022-11-11 07:37:04,939 [s0@group-DC0BCF2C7030-StateMachineUpdater] INFO  impl.SimpleStateMachine4Testing (SimpleStateMachine4Testing.java:put(205)) - s0: put 45, m22 -> (t:1, i:45), STATEMACHINELOGENTRY, 408@client-70D4234AB40A
2022-11-11 07:37:04,940 [s2@group-DC0BCF2C7030-StateMachineUpdater] INFO  impl.SimpleStateMachine4Testing (SimpleStateMachine4Testing.java:put(205)) - s2: put 45, m22 -> (t:1, i:45), STATEMACHINELOGENTRY, 408@client-70D4234AB40A
2022-11-11 07:37:04,941 [s0-server-thread2] DEBUG raftlog.RaftLog (SegmentedRaftLog.java:appendImpl(446)) - truncateIndex=-1, arrayIndex=0
2022-11-11 07:37:04,941 [s2-server-thread1] DEBUG raftlog.RaftLog (SegmentedRaftLog.java:appendImpl(446)) - truncateIndex=-1, arrayIndex=0
2022-11-11 07:37:04,943 [s1@group-DC0BCF2C7030-StateMachineUpdater] INFO  impl.SimpleStateMachine4Testing (SimpleStateMachine4Testing.java:put(205)) - s1: put 47, m23 -> (t:1, i:47), STATEMACHINELOGENTRY, 409@client-70D4234AB40A
2022-11-11 07:37:04,944 [s2-server-thread1] DEBUG raftlog.RaftLog (SegmentedRaftLog.java:appendImpl(446)) - truncateIndex=-1, arrayIndex=0
2022-11-11 07:37:04,945 [s0-server-thread2] DEBUG raftlog.RaftLog (SegmentedRaftLog.java:appendImpl(446)) - truncateIndex=-1, arrayIndex=0
2022-11-11 07:37:04,945 [s2@group-DC0BCF2C7030-StateMachineUpdater] INFO  impl.SimpleStateMachine4Testing (SimpleStateMachine4Testing.java:put(205)) - s2: put 47, m23 -> (t:1, i:47), STATEMACHINELOGENTRY, 409@client-70D4234AB40A
2022-11-11 07:37:04,945 [s0@group-DC0BCF2C7030-StateMachineUpdater] INFO  impl.SimpleStateMachine4Testing (SimpleStateMachine4Testing.java:put(205)) - s0: put 47, m23 -> (t:1, i:47), STATEMACHINELOGENTRY, 409@client-70D4234AB40A
2022-11-11 07:37:04,947 [s0-server-thread2] DEBUG raftlog.RaftLog (SegmentedRaftLog.java:appendImpl(446)) - truncateIndex=-1, arrayIndex=0
2022-11-11 07:37:04,948 [s2-server-thread1] DEBUG raftlog.RaftLog (SegmentedRaftLog.java:appendImpl(446)) - truncateIndex=-1, arrayIndex=0
2022-11-11 07:37:04,949 [s1@group-DC0BCF2C7030-StateMachineUpdater] INFO  impl.SimpleStateMachine4Testing (SimpleStateMachine4Testing.java:put(205)) - s1: put 49, m24 -> (t:1, i:49), STATEMACHINELOGENTRY, 410@client-70D4234AB40A
2022-11-11 07:37:04,949 [s0-server-thread2] DEBUG raftlog.RaftLog (SegmentedRaftLog.java:appendImpl(446)) - truncateIndex=-1, arrayIndex=0
2022-11-11 07:37:04,950 [s0@group-DC0BCF2C7030-StateMachineUpdater] INFO  impl.SimpleStateMachine4Testing (SimpleStateMachine4Testing.java:put(205)) - s0: put 49, m24 -> (t:1, i:49), STATEMACHINELOGENTRY, 410@client-70D4234AB40A
2022-11-11 07:37:04,950 [s2-server-thread1] DEBUG raftlog.RaftLog (SegmentedRaftLog.java:appendImpl(446)) - truncateIndex=-1, arrayIndex=0
2022-11-11 07:37:04,951 [s2@group-DC0BCF2C7030-StateMachineUpdater] INFO  impl.SimpleStateMachine4Testing (SimpleStateMachine4Testing.java:put(205)) - s2: put 49, m24 -> (t:1, i:49), STATEMACHINELOGENTRY, 410@client-70D4234AB40A
2022-11-11 07:37:04,952 [s1-client-thread1] INFO  segmented.SegmentedRaftLogWorker (SegmentedRaftLogWorker.java:rollLogSegment(436)) - s1@group-DC0BCF2C7030-SegmentedRaftLogWorker: Rolling segment log-23_50 to index:50
2022-11-11 07:37:04,952 [s1@group-DC0BCF2C7030-SegmentedRaftLogWorker] TRACE util.FileUtils (LogUtils.java:runAndLog(49)) - Successfully ran Atomic Files.move /home/runner/work/ratis/ratis/ratis-test/target/test/data/badbfba9/MiniRaftClusterWithGrpcf526e0ef/s1/4c2c9efe-0344-4438-a419-dc0bcf2c7030/current/log_inprogress_23 to /home/runner/work/ratis/ratis/ratis-test/target/test/data/badbfba9/MiniRaftClusterWithGrpcf526e0ef/s1/4c2c9efe-0344-4438-a419-dc0bcf2c7030/current/log_23-50
2022-11-11 07:37:04,952 [s1@group-DC0BCF2C7030-SegmentedRaftLogWorker] INFO  segmented.SegmentedRaftLogWorker (SegmentedRaftLogWorker.java:execute(592)) - s1@group-DC0BCF2C7030-SegmentedRaftLogWorker: Rolled log segment from /home/runner/work/ratis/ratis/ratis-test/target/test/data/badbfba9/MiniRaftClusterWithGrpcf526e0ef/s1/4c2c9efe-0344-4438-a419-dc0bcf2c7030/current/log_inprogress_23 to /home/runner/work/ratis/ratis/ratis-test/target/test/data/badbfba9/MiniRaftClusterWithGrpcf526e0ef/s1/4c2c9efe-0344-4438-a419-dc0bcf2c7030/current/log_23-50
2022-11-11 07:37:04,955 [s0-server-thread2] DEBUG raftlog.RaftLog (SegmentedRaftLog.java:appendImpl(446)) - truncateIndex=-1, arrayIndex=0
2022-11-11 07:37:04,955 [s0-server-thread2] INFO  segmented.SegmentedRaftLogWorker (SegmentedRaftLogWorker.java:rollLogSegment(436)) - s0@group-DC0BCF2C7030-SegmentedRaftLogWorker: Rolling segment log-23_50 to index:50
2022-11-11 07:37:04,956 [s2-server-thread1] DEBUG raftlog.RaftLog (SegmentedRaftLog.java:appendImpl(446)) - truncateIndex=-1, arrayIndex=0
2022-11-11 07:37:04,956 [s2-server-thread1] INFO  segmented.SegmentedRaftLogWorker (SegmentedRaftLogWorker.java:rollLogSegment(436)) - s2@group-DC0BCF2C7030-SegmentedRaftLogWorker: Rolling segment log-23_50 to index:50
2022-11-11 07:37:04,960 [s2@group-DC0BCF2C7030-SegmentedRaftLogWorker] TRACE util.FileUtils (LogUtils.java:runAndLog(49)) - Successfully ran Atomic Files.move /home/runner/work/ratis/ratis/ratis-test/target/test/data/badbfba9/MiniRaftClusterWithGrpcf526e0ef/s2/4c2c9efe-0344-4438-a419-dc0bcf2c7030/current/log_inprogress_23 to /home/runner/work/ratis/ratis/ratis-test/target/test/data/badbfba9/MiniRaftClusterWithGrpcf526e0ef/s2/4c2c9efe-0344-4438-a419-dc0bcf2c7030/current/log_23-50
2022-11-11 07:37:04,960 [s2@group-DC0BCF2C7030-SegmentedRaftLogWorker] INFO  segmented.SegmentedRaftLogWorker (SegmentedRaftLogWorker.java:execute(592)) - s2@group-DC0BCF2C7030-SegmentedRaftLogWorker: Rolled log segment from /home/runner/work/ratis/ratis/ratis-test/target/test/data/badbfba9/MiniRaftClusterWithGrpcf526e0ef/s2/4c2c9efe-0344-4438-a419-dc0bcf2c7030/current/log_inprogress_23 to /home/runner/work/ratis/ratis/ratis-test/target/test/data/badbfba9/MiniRaftClusterWithGrpcf526e0ef/s2/4c2c9efe-0344-4438-a419-dc0bcf2c7030/current/log_23-50
2022-11-11 07:37:04,960 [s0@group-DC0BCF2C7030-SegmentedRaftLogWorker] TRACE util.FileUtils (LogUtils.java:runAndLog(49)) - Successfully ran Atomic Files.move /home/runner/work/ratis/ratis/ratis-test/target/test/data/badbfba9/MiniRaftClusterWithGrpcf526e0ef/s0/4c2c9efe-0344-4438-a419-dc0bcf2c7030/current/log_inprogress_23 to /home/runner/work/ratis/ratis/ratis-test/target/test/data/badbfba9/MiniRaftClusterWithGrpcf526e0ef/s0/4c2c9efe-0344-4438-a419-dc0bcf2c7030/current/log_23-50
2022-11-11 07:37:04,961 [s0@group-DC0BCF2C7030-SegmentedRaftLogWorker] INFO  segmented.SegmentedRaftLogWorker (SegmentedRaftLogWorker.java:execute(592)) - s0@group-DC0BCF2C7030-SegmentedRaftLogWorker: Rolled log segment from /home/runner/work/ratis/ratis/ratis-test/target/test/data/badbfba9/MiniRaftClusterWithGrpcf526e0ef/s0/4c2c9efe-0344-4438-a419-dc0bcf2c7030/current/log_inprogress_23 to /home/runner/work/ratis/ratis/ratis-test/target/test/data/badbfba9/MiniRaftClusterWithGrpcf526e0ef/s0/4c2c9efe-0344-4438-a419-dc0bcf2c7030/current/log_23-50
2022-11-11 07:37:04,961 [s1@group-DC0BCF2C7030-SegmentedRaftLogWorker] INFO  segmented.SegmentedRaftLogWorker (SegmentedRaftLogWorker.java:execute(635)) - s1@group-DC0BCF2C7030-SegmentedRaftLogWorker: created new log segment /home/runner/work/ratis/ratis/ratis-test/target/test/data/badbfba9/MiniRaftClusterWithGrpcf526e0ef/s1/4c2c9efe-0344-4438-a419-dc0bcf2c7030/current/log_inprogress_51
2022-11-11 07:37:04,963 [s0@group-DC0BCF2C7030-SegmentedRaftLogWorker] INFO  segmented.SegmentedRaftLogWorker (SegmentedRaftLogWorker.java:execute(635)) - s0@group-DC0BCF2C7030-SegmentedRaftLogWorker: created new log segment /home/runner/work/ratis/ratis/ratis-test/target/test/data/badbfba9/MiniRaftClusterWithGrpcf526e0ef/s0/4c2c9efe-0344-4438-a419-dc0bcf2c7030/current/log_inprogress_51
2022-11-11 07:37:04,963 [s2@group-DC0BCF2C7030-SegmentedRaftLogWorker] INFO  segmented.SegmentedRaftLogWorker (SegmentedRaftLogWorker.java:execute(635)) - s2@group-DC0BCF2C7030-SegmentedRaftLogWorker: created new log segment /home/runner/work/ratis/ratis/ratis-test/target/test/data/badbfba9/MiniRaftClusterWithGrpcf526e0ef/s2/4c2c9efe-0344-4438-a419-dc0bcf2c7030/current/log_inprogress_51
2022-11-11 07:37:04,964 [s1@group-DC0BCF2C7030-StateMachineUpdater] INFO  impl.SimpleStateMachine4Testing (SimpleStateMachine4Testing.java:put(205)) - s1: put 51, m25 -> (t:1, i:51), STATEMACHINELOGENTRY, 411@client-70D4234AB40A
2022-11-11 07:37:04,965 [s0-server-thread2] DEBUG raftlog.RaftLog (SegmentedRaftLog.java:appendImpl(446)) - truncateIndex=-1, arrayIndex=0
2022-11-11 07:37:04,966 [s2-server-thread1] DEBUG raftlog.RaftLog (SegmentedRaftLog.java:appendImpl(446)) - truncateIndex=-1, arrayIndex=0
2022-11-11 07:37:04,966 [s0@group-DC0BCF2C7030-StateMachineUpdater] INFO  impl.SimpleStateMachine4Testing (SimpleStateMachine4Testing.java:put(205)) - s0: put 51, m25 -> (t:1, i:51), STATEMACHINELOGENTRY, 411@client-70D4234AB40A
2022-11-11 07:37:04,967 [s2@group-DC0BCF2C7030-StateMachineUpdater] INFO  impl.SimpleStateMachine4Testing (SimpleStateMachine4Testing.java:put(205)) - s2: put 51, m25 -> (t:1, i:51), STATEMACHINELOGENTRY, 411@client-70D4234AB40A
2022-11-11 07:37:04,969 [s2-server-thread1] DEBUG raftlog.RaftLog (SegmentedRaftLog.java:appendImpl(446)) - truncateIndex=-1, arrayIndex=0
2022-11-11 07:37:04,969 [s0-server-thread2] DEBUG raftlog.RaftLog (SegmentedRaftLog.java:appendImpl(446)) - truncateIndex=-1, arrayIndex=0
2022-11-11 07:37:04,970 [s1@group-DC0BCF2C7030-StateMachineUpdater] INFO  impl.SimpleStateMachine4Testing (SimpleStateMachine4Testing.java:put(205)) - s1: put 53, m26 -> (t:1, i:53), STATEMACHINELOGENTRY, 412@client-70D4234AB40A
2022-11-11 07:37:04,971 [s0-server-thread2] DEBUG raftlog.RaftLog (SegmentedRaftLog.java:appendImpl(446)) - truncateIndex=-1, arrayIndex=0
2022-11-11 07:37:04,972 [s0@group-DC0BCF2C7030-StateMachineUpdater] INFO  impl.SimpleStateMachine4Testing (SimpleStateMachine4Testing.java:put(205)) - s0: put 53, m26 -> (t:1, i:53), STATEMACHINELOGENTRY, 412@client-70D4234AB40A
2022-11-11 07:37:04,972 [s2-server-thread1] DEBUG raftlog.RaftLog (SegmentedRaftLog.java:appendImpl(446)) - truncateIndex=-1, arrayIndex=0
2022-11-11 07:37:04,973 [s2@group-DC0BCF2C7030-StateMachineUpdater] INFO  impl.SimpleStateMachine4Testing (SimpleStateMachine4Testing.java:put(205)) - s2: put 53, m26 -> (t:1, i:53), STATEMACHINELOGENTRY, 412@client-70D4234AB40A
2022-11-11 07:37:04,974 [s0-server-thread2] DEBUG raftlog.RaftLog (SegmentedRaftLog.java:appendImpl(446)) - truncateIndex=-1, arrayIndex=0
2022-11-11 07:37:04,975 [s2-server-thread1] DEBUG raftlog.RaftLog (SegmentedRaftLog.java:appendImpl(446)) - truncateIndex=-1, arrayIndex=0
2022-11-11 07:37:04,975 [s1@group-DC0BCF2C7030-StateMachineUpdater] INFO  impl.SimpleStateMachine4Testing (SimpleStateMachine4Testing.java:put(205)) - s1: put 55, m27 -> (t:1, i:55), STATEMACHINELOGENTRY, 413@client-70D4234AB40A
2022-11-11 07:37:04,976 [s2-server-thread1] DEBUG raftlog.RaftLog (SegmentedRaftLog.java:appendImpl(446)) - truncateIndex=-1, arrayIndex=0
2022-11-11 07:37:04,977 [s0-server-thread2] DEBUG raftlog.RaftLog (SegmentedRaftLog.java:appendImpl(446)) - truncateIndex=-1, arrayIndex=0
2022-11-11 07:37:04,977 [s2@group-DC0BCF2C7030-StateMachineUpdater] INFO  impl.SimpleStateMachine4Testing (SimpleStateMachine4Testing.java:put(205)) - s2: put 55, m27 -> (t:1, i:55), STATEMACHINELOGENTRY, 413@client-70D4234AB40A
2022-11-11 07:37:04,979 [s2-server-thread1] DEBUG raftlog.RaftLog (SegmentedRaftLog.java:appendImpl(446)) - truncateIndex=-1, arrayIndex=0
2022-11-11 07:37:04,979 [s0@group-DC0BCF2C7030-StateMachineUpdater] INFO  impl.SimpleStateMachine4Testing (SimpleStateMachine4Testing.java:put(205)) - s0: put 55, m27 -> (t:1, i:55), STATEMACHINELOGENTRY, 413@client-70D4234AB40A
2022-11-11 07:37:04,980 [s0-server-thread2] DEBUG raftlog.RaftLog (SegmentedRaftLog.java:appendImpl(446)) - truncateIndex=-1, arrayIndex=0
2022-11-11 07:37:04,980 [s1@group-DC0BCF2C7030-StateMachineUpdater] INFO  impl.SimpleStateMachine4Testing (SimpleStateMachine4Testing.java:put(205)) - s1: put 57, m28 -> (t:1, i:57), STATEMACHINELOGENTRY, 414@client-70D4234AB40A
2022-11-11 07:37:04,983 [s0-server-thread2] DEBUG raftlog.RaftLog (SegmentedRaftLog.java:appendImpl(446)) - truncateIndex=-1, arrayIndex=0
2022-11-11 07:37:04,983 [s2-server-thread1] DEBUG raftlog.RaftLog (SegmentedRaftLog.java:appendImpl(446)) - truncateIndex=-1, arrayIndex=0
2022-11-11 07:37:04,985 [s2-server-thread2] DEBUG raftlog.RaftLog (SegmentedRaftLog.java:appendImpl(446)) - truncateIndex=-1, arrayIndex=0
2022-11-11 07:37:04,985 [s2@group-DC0BCF2C7030-StateMachineUpdater] INFO  impl.SimpleStateMachine4Testing (SimpleStateMachine4Testing.java:put(205)) - s2: put 57, m28 -> (t:1, i:57), STATEMACHINELOGENTRY, 414@client-70D4234AB40A
2022-11-11 07:37:04,986 [s0@group-DC0BCF2C7030-StateMachineUpdater] INFO  impl.SimpleStateMachine4Testing (SimpleStateMachine4Testing.java:put(205)) - s0: put 57, m28 -> (t:1, i:57), STATEMACHINELOGENTRY, 414@client-70D4234AB40A
2022-11-11 07:37:04,986 [s0-server-thread2] DEBUG raftlog.RaftLog (SegmentedRaftLog.java:appendImpl(446)) - truncateIndex=-1, arrayIndex=0
2022-11-11 07:37:04,988 [s1@group-DC0BCF2C7030-StateMachineUpdater] INFO  impl.SimpleStateMachine4Testing (SimpleStateMachine4Testing.java:put(205)) - s1: put 59, m29 -> (t:1, i:59), STATEMACHINELOGENTRY, 415@client-70D4234AB40A
2022-11-11 07:37:04,989 [s2-server-thread1] DEBUG raftlog.RaftLog (SegmentedRaftLog.java:appendImpl(446)) - truncateIndex=-1, arrayIndex=0
2022-11-11 07:37:04,989 [s0-server-thread2] DEBUG raftlog.RaftLog (SegmentedRaftLog.java:appendImpl(446)) - truncateIndex=-1, arrayIndex=0
2022-11-11 07:37:04,989 [s2@group-DC0BCF2C7030-StateMachineUpdater] INFO  impl.SimpleStateMachine4Testing (SimpleStateMachine4Testing.java:put(205)) - s2: put 59, m29 -> (t:1, i:59), STATEMACHINELOGENTRY, 415@client-70D4234AB40A
2022-11-11 07:37:04,990 [s0@group-DC0BCF2C7030-StateMachineUpdater] INFO  impl.SimpleStateMachine4Testing (SimpleStateMachine4Testing.java:put(205)) - s0: put 59, m29 -> (t:1, i:59), STATEMACHINELOGENTRY, 415@client-70D4234AB40A
2022-11-11 07:37:04,992 [s2-server-thread1] DEBUG raftlog.RaftLog (SegmentedRaftLog.java:appendImpl(446)) - truncateIndex=-1, arrayIndex=0
2022-11-11 07:37:04,992 [s0-server-thread2] DEBUG raftlog.RaftLog (SegmentedRaftLog.java:appendImpl(446)) - truncateIndex=-1, arrayIndex=0
2022-11-11 07:37:04,993 [s1@group-DC0BCF2C7030-StateMachineUpdater] INFO  impl.SimpleStateMachine4Testing (SimpleStateMachine4Testing.java:put(205)) - s1: put 61, m30 -> (t:1, i:61), STATEMACHINELOGENTRY, 416@client-70D4234AB40A
2022-11-11 07:37:04,994 [s0-server-thread2] DEBUG raftlog.RaftLog (SegmentedRaftLog.java:appendImpl(446)) - truncateIndex=-1, arrayIndex=0
2022-11-11 07:37:04,994 [s2-server-thread1] DEBUG raftlog.RaftLog (SegmentedRaftLog.java:appendImpl(446)) - truncateIndex=-1, arrayIndex=0
2022-11-11 07:37:04,995 [s0@group-DC0BCF2C7030-StateMachineUpdater] INFO  impl.SimpleStateMachine4Testing (SimpleStateMachine4Testing.java:put(205)) - s0: put 61, m30 -> (t:1, i:61), STATEMACHINELOGENTRY, 416@client-70D4234AB40A
2022-11-11 07:37:04,995 [s2@group-DC0BCF2C7030-StateMachineUpdater] INFO  impl.SimpleStateMachine4Testing (SimpleStateMachine4Testing.java:put(205)) - s2: put 61, m30 -> (t:1, i:61), STATEMACHINELOGENTRY, 416@client-70D4234AB40A
2022-11-11 07:37:04,996 [s0-server-thread2] DEBUG raftlog.RaftLog (SegmentedRaftLog.java:appendImpl(446)) - truncateIndex=-1, arrayIndex=0
2022-11-11 07:37:04,997 [s2-server-thread1] DEBUG raftlog.RaftLog (SegmentedRaftLog.java:appendImpl(446)) - truncateIndex=-1, arrayIndex=0
2022-11-11 07:37:04,998 [s1@group-DC0BCF2C7030-StateMachineUpdater] INFO  impl.SimpleStateMachine4Testing (SimpleStateMachine4Testing.java:put(205)) - s1: put 63, m31 -> (t:1, i:63), STATEMACHINELOGENTRY, 417@client-70D4234AB40A
2022-11-11 07:37:05,002 [s2-server-thread1] DEBUG raftlog.RaftLog (SegmentedRaftLog.java:appendImpl(446)) - truncateIndex=-1, arrayIndex=0
2022-11-11 07:37:05,002 [s0-server-thread2] DEBUG raftlog.RaftLog (SegmentedRaftLog.java:appendImpl(446)) - truncateIndex=-1, arrayIndex=0
2022-11-11 07:37:05,003 [s2@group-DC0BCF2C7030-StateMachineUpdater] INFO  impl.SimpleStateMachine4Testing (SimpleStateMachine4Testing.java:put(205)) - s2: put 63, m31 -> (t:1, i:63), STATEMACHINELOGENTRY, 417@client-70D4234AB40A
2022-11-11 07:37:05,009 [s0-server-thread2] DEBUG raftlog.RaftLog (SegmentedRaftLog.java:appendImpl(446)) - truncateIndex=-1, arrayIndex=0
2022-11-11 07:37:05,009 [s2-server-thread1] DEBUG raftlog.RaftLog (SegmentedRaftLog.java:appendImpl(446)) - truncateIndex=-1, arrayIndex=0
2022-11-11 07:37:05,012 [s0@group-DC0BCF2C7030-StateMachineUpdater] INFO  impl.SimpleStateMachine4Testing (SimpleStateMachine4Testing.java:put(205)) - s0: put 63, m31 -> (t:1, i:63), STATEMACHINELOGENTRY, 417@client-70D4234AB40A
2022-11-11 07:37:05,020 [s1@group-DC0BCF2C7030-StateMachineUpdater] INFO  impl.StateMachineUpdater (StateMachineUpdater.java:takeSnapshot(290)) - s1@group-DC0BCF2C7030-StateMachineUpdater: Took a snapshot at index 63
2022-11-11 07:37:05,021 [s1@group-DC0BCF2C7030-StateMachineUpdater] INFO  impl.StateMachineUpdater (StateMachineUpdater.java:lambda$new$0(96)) - s1@group-DC0BCF2C7030-StateMachineUpdater: snapshotIndex: updateIncreasingly -1 -> 63
2022-11-11 07:37:05,021 [s1@group-DC0BCF2C7030-StateMachineUpdater] INFO  raftlog.RaftLog (RaftLogBase.java:purge(314)) - s1@group-DC0BCF2C7030-SegmentedRaftLog: purge 63
2022-11-11 07:37:05,021 [s1@group-DC0BCF2C7030-StateMachineUpdater] INFO  raftlog.RaftLog (RaftLogBase.java:lambda$new$0(53)) - s1@group-DC0BCF2C7030-SegmentedRaftLog: snapshotIndex: updateIncreasingly -1 -> 63
2022-11-11 07:37:05,021 [s1@group-DC0BCF2C7030-StateMachineUpdater] DEBUG raftlog.RaftLog (SegmentedRaftLog.java:purgeImpl(366)) - purging segments:toTruncate: null
  toDelete: [(0, 22) isOpen? false, length=0, newEndIndex=0, (23, 50) isOpen? false, length=0, newEndIndex=0]
2022-11-11 07:37:05,021 [s1@group-DC0BCF2C7030-StateMachineUpdater] INFO  impl.SimpleStateMachine4Testing (SimpleStateMachine4Testing.java:put(205)) - s1: put 65, m32 -> (t:1, i:65), STATEMACHINELOGENTRY, 418@client-70D4234AB40A
2022-11-11 07:37:05,021 [s1@group-DC0BCF2C7030-SegmentedRaftLogWorker] TRACE util.FileUtils (LogUtils.java:runAndLog(49)) - Successfully ran Files.delete /home/runner/work/ratis/ratis/ratis-test/target/test/data/badbfba9/MiniRaftClusterWithGrpcf526e0ef/s1/4c2c9efe-0344-4438-a419-dc0bcf2c7030/current/log_0-22
2022-11-11 07:37:05,022 [s1@group-DC0BCF2C7030-SegmentedRaftLogWorker] TRACE util.FileUtils (LogUtils.java:runAndLog(49)) - Successfully ran Files.delete /home/runner/work/ratis/ratis/ratis-test/target/test/data/badbfba9/MiniRaftClusterWithGrpcf526e0ef/s1/4c2c9efe-0344-4438-a419-dc0bcf2c7030/current/log_23-50
2022-11-11 07:37:05,022 [s1@group-DC0BCF2C7030-SegmentedRaftLogWorker] INFO  raftlog.RaftLog (RaftLogBase.java:lambda$new$0(53)) - s1@group-DC0BCF2C7030-SegmentedRaftLog: purgeIndex: updateToMax old=-1, new=50, updated? true
2022-11-11 07:37:05,023 [s2-server-thread1] DEBUG raftlog.RaftLog (SegmentedRaftLog.java:appendImpl(446)) - truncateIndex=-1, arrayIndex=0
2022-11-11 07:37:05,023 [s0-server-thread2] DEBUG raftlog.RaftLog (SegmentedRaftLog.java:appendImpl(446)) - truncateIndex=-1, arrayIndex=0
2022-11-11 07:37:05,025 [s0-server-thread2] DEBUG raftlog.RaftLog (SegmentedRaftLog.java:appendImpl(446)) - truncateIndex=-1, arrayIndex=0
2022-11-11 07:37:05,026 [s2-server-thread1] DEBUG raftlog.RaftLog (SegmentedRaftLog.java:appendImpl(446)) - truncateIndex=-1, arrayIndex=0
2022-11-11 07:37:05,031 [s1@group-DC0BCF2C7030-StateMachineUpdater] INFO  impl.SimpleStateMachine4Testing (SimpleStateMachine4Testing.java:put(205)) - s1: put 67, m33 -> (t:1, i:67), STATEMACHINELOGENTRY, 419@client-70D4234AB40A
2022-11-11 07:37:05,032 [s0-server-thread2] DEBUG raftlog.RaftLog (SegmentedRaftLog.java:appendImpl(446)) - truncateIndex=-1, arrayIndex=0
2022-11-11 07:37:05,033 [s0@group-DC0BCF2C7030-StateMachineUpdater] INFO  impl.StateMachineUpdater (StateMachineUpdater.java:takeSnapshot(290)) - s0@group-DC0BCF2C7030-StateMachineUpdater: Took a snapshot at index 63
2022-11-11 07:37:05,033 [s0@group-DC0BCF2C7030-StateMachineUpdater] INFO  impl.StateMachineUpdater (StateMachineUpdater.java:lambda$new$0(96)) - s0@group-DC0BCF2C7030-StateMachineUpdater: snapshotIndex: updateIncreasingly -1 -> 63
2022-11-11 07:37:05,033 [s0@group-DC0BCF2C7030-StateMachineUpdater] INFO  raftlog.RaftLog (RaftLogBase.java:purge(314)) - s0@group-DC0BCF2C7030-SegmentedRaftLog: purge 63
2022-11-11 07:37:05,034 [s0@group-DC0BCF2C7030-StateMachineUpdater] INFO  raftlog.RaftLog (RaftLogBase.java:lambda$new$0(53)) - s0@group-DC0BCF2C7030-SegmentedRaftLog: snapshotIndex: updateIncreasingly -1 -> 63
2022-11-11 07:37:05,034 [s0@group-DC0BCF2C7030-StateMachineUpdater] DEBUG raftlog.RaftLog (SegmentedRaftLog.java:purgeImpl(366)) - purging segments:toTruncate: null
  toDelete: [(0, 22) isOpen? false, length=0, newEndIndex=0, (23, 50) isOpen? false, length=0, newEndIndex=0]
2022-11-11 07:37:05,034 [s0@group-DC0BCF2C7030-SegmentedRaftLogWorker] TRACE util.FileUtils (LogUtils.java:runAndLog(49)) - Successfully ran Files.delete /home/runner/work/ratis/ratis/ratis-test/target/test/data/badbfba9/MiniRaftClusterWithGrpcf526e0ef/s0/4c2c9efe-0344-4438-a419-dc0bcf2c7030/current/log_0-22
2022-11-11 07:37:05,034 [s0@group-DC0BCF2C7030-SegmentedRaftLogWorker] TRACE util.FileUtils (LogUtils.java:runAndLog(49)) - Successfully ran Files.delete /home/runner/work/ratis/ratis/ratis-test/target/test/data/badbfba9/MiniRaftClusterWithGrpcf526e0ef/s0/4c2c9efe-0344-4438-a419-dc0bcf2c7030/current/log_23-50
2022-11-11 07:37:05,034 [s0@group-DC0BCF2C7030-StateMachineUpdater] INFO  raftlog.RaftLog (RaftLogBase.java:lambda$new$0(53)) - s0@group-DC0BCF2C7030-SegmentedRaftLog: purgeIndex: updateToMax old=-1, new=50, updated? true
2022-11-11 07:37:05,034 [s0@group-DC0BCF2C7030-StateMachineUpdater] INFO  impl.SimpleStateMachine4Testing (SimpleStateMachine4Testing.java:put(205)) - s0: put 65, m32 -> (t:1, i:65), STATEMACHINELOGENTRY, 418@client-70D4234AB40A
2022-11-11 07:37:05,034 [s0@group-DC0BCF2C7030-StateMachineUpdater] INFO  impl.SimpleStateMachine4Testing (SimpleStateMachine4Testing.java:put(205)) - s0: put 67, m33 -> (t:1, i:67), STATEMACHINELOGENTRY, 419@client-70D4234AB40A
2022-11-11 07:37:05,035 [s2-server-thread1] DEBUG raftlog.RaftLog (SegmentedRaftLog.java:appendImpl(446)) - truncateIndex=-1, arrayIndex=0
2022-11-11 07:37:05,035 [s2@group-DC0BCF2C7030-StateMachineUpdater] INFO  impl.StateMachineUpdater (StateMachineUpdater.java:takeSnapshot(290)) - s2@group-DC0BCF2C7030-StateMachineUpdater: Took a snapshot at index 63
2022-11-11 07:37:05,035 [s2@group-DC0BCF2C7030-StateMachineUpdater] INFO  impl.StateMachineUpdater (StateMachineUpdater.java:lambda$new$0(96)) - s2@group-DC0BCF2C7030-StateMachineUpdater: snapshotIndex: updateIncreasingly -1 -> 63
2022-11-11 07:37:05,035 [s2@group-DC0BCF2C7030-StateMachineUpdater] INFO  raftlog.RaftLog (RaftLogBase.java:purge(314)) - s2@group-DC0BCF2C7030-SegmentedRaftLog: purge 63
2022-11-11 07:37:05,035 [s2@group-DC0BCF2C7030-StateMachineUpdater] INFO  raftlog.RaftLog (RaftLogBase.java:lambda$new$0(53)) - s2@group-DC0BCF2C7030-SegmentedRaftLog: snapshotIndex: updateIncreasingly -1 -> 63
2022-11-11 07:37:05,035 [s2@group-DC0BCF2C7030-StateMachineUpdater] DEBUG raftlog.RaftLog (SegmentedRaftLog.java:purgeImpl(366)) - purging segments:toTruncate: null
  toDelete: [(0, 22) isOpen? false, length=0, newEndIndex=0, (23, 50) isOpen? false, length=0, newEndIndex=0]
2022-11-11 07:37:05,035 [s2@group-DC0BCF2C7030-SegmentedRaftLogWorker] TRACE util.FileUtils (LogUtils.java:runAndLog(49)) - Successfully ran Files.delete /home/runner/work/ratis/ratis/ratis-test/target/test/data/badbfba9/MiniRaftClusterWithGrpcf526e0ef/s2/4c2c9efe-0344-4438-a419-dc0bcf2c7030/current/log_0-22
2022-11-11 07:37:05,036 [s2@group-DC0BCF2C7030-SegmentedRaftLogWorker] TRACE util.FileUtils (LogUtils.java:runAndLog(49)) - Successfully ran Files.delete /home/runner/work/ratis/ratis/ratis-test/target/test/data/badbfba9/MiniRaftClusterWithGrpcf526e0ef/s2/4c2c9efe-0344-4438-a419-dc0bcf2c7030/current/log_23-50
2022-11-11 07:37:05,036 [s2@group-DC0BCF2C7030-StateMachineUpdater] INFO  raftlog.RaftLog (RaftLogBase.java:lambda$new$0(53)) - s2@group-DC0BCF2C7030-SegmentedRaftLog: purgeIndex: updateToMax old=-1, new=50, updated? true
2022-11-11 07:37:05,036 [s2@group-DC0BCF2C7030-StateMachineUpdater] INFO  impl.SimpleStateMachine4Testing (SimpleStateMachine4Testing.java:put(205)) - s2: put 65, m32 -> (t:1, i:65), STATEMACHINELOGENTRY, 418@client-70D4234AB40A
2022-11-11 07:37:05,036 [s2@group-DC0BCF2C7030-StateMachineUpdater] INFO  impl.SimpleStateMachine4Testing (SimpleStateMachine4Testing.java:put(205)) - s2: put 67, m33 -> (t:1, i:67), STATEMACHINELOGENTRY, 419@client-70D4234AB40A
2022-11-11 07:37:05,037 [s0-server-thread2] DEBUG raftlog.RaftLog (SegmentedRaftLog.java:appendImpl(446)) - truncateIndex=-1, arrayIndex=0
2022-11-11 07:37:05,037 [s2-server-thread1] DEBUG raftlog.RaftLog (SegmentedRaftLog.java:appendImpl(446)) - truncateIndex=-1, arrayIndex=0
2022-11-11 07:37:05,038 [s1@group-DC0BCF2C7030-StateMachineUpdater] INFO  impl.SimpleStateMachine4Testing (SimpleStateMachine4Testing.java:put(205)) - s1: put 69, m34 -> (t:1, i:69), STATEMACHINELOGENTRY, 420@client-70D4234AB40A
2022-11-11 07:37:05,039 [s0-server-thread2] DEBUG raftlog.RaftLog (SegmentedRaftLog.java:appendImpl(446)) - truncateIndex=-1, arrayIndex=0
2022-11-11 07:37:05,039 [s2-server-thread1] DEBUG raftlog.RaftLog (SegmentedRaftLog.java:appendImpl(446)) - truncateIndex=-1, arrayIndex=0
2022-11-11 07:37:05,040 [s0@group-DC0BCF2C7030-StateMachineUpdater] INFO  impl.SimpleStateMachine4Testing (SimpleStateMachine4Testing.java:put(205)) - s0: put 69, m34 -> (t:1, i:69), STATEMACHINELOGENTRY, 420@client-70D4234AB40A
2022-11-11 07:37:05,040 [s2@group-DC0BCF2C7030-StateMachineUpdater] INFO  impl.SimpleStateMachine4Testing (SimpleStateMachine4Testing.java:put(205)) - s2: put 69, m34 -> (t:1, i:69), STATEMACHINELOGENTRY, 420@client-70D4234AB40A
2022-11-11 07:37:05,042 [s0-server-thread2] DEBUG raftlog.RaftLog (SegmentedRaftLog.java:appendImpl(446)) - truncateIndex=-1, arrayIndex=0
2022-11-11 07:37:05,042 [s2-server-thread1] DEBUG raftlog.RaftLog (SegmentedRaftLog.java:appendImpl(446)) - truncateIndex=-1, arrayIndex=0
2022-11-11 07:37:05,043 [s1@group-DC0BCF2C7030-StateMachineUpdater] INFO  impl.SimpleStateMachine4Testing (SimpleStateMachine4Testing.java:put(205)) - s1: put 71, m35 -> (t:1, i:71), STATEMACHINELOGENTRY, 421@client-70D4234AB40A
2022-11-11 07:37:05,044 [s2-server-thread1] DEBUG raftlog.RaftLog (SegmentedRaftLog.java:appendImpl(446)) - truncateIndex=-1, arrayIndex=0
2022-11-11 07:37:05,045 [s2@group-DC0BCF2C7030-StateMachineUpdater] INFO  impl.SimpleStateMachine4Testing (SimpleStateMachine4Testing.java:put(205)) - s2: put 71, m35 -> (t:1, i:71), STATEMACHINELOGENTRY, 421@client-70D4234AB40A
2022-11-11 07:37:05,046 [s0-server-thread2] DEBUG raftlog.RaftLog (SegmentedRaftLog.java:appendImpl(446)) - truncateIndex=-1, arrayIndex=0
2022-11-11 07:37:05,047 [s0@group-DC0BCF2C7030-StateMachineUpdater] INFO  impl.SimpleStateMachine4Testing (SimpleStateMachine4Testing.java:put(205)) - s0: put 71, m35 -> (t:1, i:71), STATEMACHINELOGENTRY, 421@client-70D4234AB40A
2022-11-11 07:37:05,047 [s0-server-thread2] DEBUG raftlog.RaftLog (SegmentedRaftLog.java:appendImpl(446)) - truncateIndex=-1, arrayIndex=0
2022-11-11 07:37:05,048 [s2-server-thread1] DEBUG raftlog.RaftLog (SegmentedRaftLog.java:appendImpl(446)) - truncateIndex=-1, arrayIndex=0
2022-11-11 07:37:05,049 [s1@group-DC0BCF2C7030-StateMachineUpdater] INFO  impl.SimpleStateMachine4Testing (SimpleStateMachine4Testing.java:put(205)) - s1: put 73, m36 -> (t:1, i:73), STATEMACHINELOGENTRY, 422@client-70D4234AB40A
2022-11-11 07:37:05,050 [s0-server-thread2] DEBUG raftlog.RaftLog (SegmentedRaftLog.java:appendImpl(446)) - truncateIndex=-1, arrayIndex=0
2022-11-11 07:37:05,050 [s0@group-DC0BCF2C7030-StateMachineUpdater] INFO  impl.SimpleStateMachine4Testing (SimpleStateMachine4Testing.java:put(205)) - s0: put 73, m36 -> (t:1, i:73), STATEMACHINELOGENTRY, 422@client-70D4234AB40A
2022-11-11 07:37:05,050 [s2-server-thread1] DEBUG raftlog.RaftLog (SegmentedRaftLog.java:appendImpl(446)) - truncateIndex=-1, arrayIndex=0
2022-11-11 07:37:05,052 [s2@group-DC0BCF2C7030-StateMachineUpdater] INFO  impl.SimpleStateMachine4Testing (SimpleStateMachine4Testing.java:put(205)) - s2: put 73, m36 -> (t:1, i:73), STATEMACHINELOGENTRY, 422@client-70D4234AB40A
2022-11-11 07:37:05,053 [s0-server-thread2] DEBUG raftlog.RaftLog (SegmentedRaftLog.java:appendImpl(446)) - truncateIndex=-1, arrayIndex=0
2022-11-11 07:37:05,053 [s2-server-thread1] DEBUG raftlog.RaftLog (SegmentedRaftLog.java:appendImpl(446)) - truncateIndex=-1, arrayIndex=0
2022-11-11 07:37:05,056 [s0-server-thread2] DEBUG raftlog.RaftLog (SegmentedRaftLog.java:appendImpl(446)) - truncateIndex=-1, arrayIndex=0
2022-11-11 07:37:05,056 [s2-server-thread1] DEBUG raftlog.RaftLog (SegmentedRaftLog.java:appendImpl(446)) - truncateIndex=-1, arrayIndex=0
2022-11-11 07:37:05,057 [s1@group-DC0BCF2C7030-StateMachineUpdater] INFO  impl.SimpleStateMachine4Testing (SimpleStateMachine4Testing.java:put(205)) - s1: put 75, m37 -> (t:1, i:75), STATEMACHINELOGENTRY, 423@client-70D4234AB40A
2022-11-11 07:37:05,058 [s0@group-DC0BCF2C7030-StateMachineUpdater] INFO  impl.SimpleStateMachine4Testing (SimpleStateMachine4Testing.java:put(205)) - s0: put 75, m37 -> (t:1, i:75), STATEMACHINELOGENTRY, 423@client-70D4234AB40A
2022-11-11 07:37:05,059 [s2@group-DC0BCF2C7030-StateMachineUpdater] INFO  impl.SimpleStateMachine4Testing (SimpleStateMachine4Testing.java:put(205)) - s2: put 75, m37 -> (t:1, i:75), STATEMACHINELOGENTRY, 423@client-70D4234AB40A
2022-11-11 07:37:05,060 [s0-server-thread2] DEBUG raftlog.RaftLog (SegmentedRaftLog.java:appendImpl(446)) - truncateIndex=-1, arrayIndex=0
2022-11-11 07:37:05,061 [s2-server-thread1] DEBUG raftlog.RaftLog (SegmentedRaftLog.java:appendImpl(446)) - truncateIndex=-1, arrayIndex=0
2022-11-11 07:37:05,062 [s1@group-DC0BCF2C7030-StateMachineUpdater] INFO  impl.SimpleStateMachine4Testing (SimpleStateMachine4Testing.java:put(205)) - s1: put 77, m38 -> (t:1, i:77), STATEMACHINELOGENTRY, 424@client-70D4234AB40A
2022-11-11 07:37:05,063 [s0-server-thread2] DEBUG raftlog.RaftLog (SegmentedRaftLog.java:appendImpl(446)) - truncateIndex=-1, arrayIndex=0
2022-11-11 07:37:05,064 [s2-server-thread1] DEBUG raftlog.RaftLog (SegmentedRaftLog.java:appendImpl(446)) - truncateIndex=-1, arrayIndex=0
2022-11-11 07:37:05,064 [s0@group-DC0BCF2C7030-StateMachineUpdater] INFO  impl.SimpleStateMachine4Testing (SimpleStateMachine4Testing.java:put(205)) - s0: put 77, m38 -> (t:1, i:77), STATEMACHINELOGENTRY, 424@client-70D4234AB40A
2022-11-11 07:37:05,064 [s2@group-DC0BCF2C7030-StateMachineUpdater] INFO  impl.SimpleStateMachine4Testing (SimpleStateMachine4Testing.java:put(205)) - s2: put 77, m38 -> (t:1, i:77), STATEMACHINELOGENTRY, 424@client-70D4234AB40A
2022-11-11 07:37:05,066 [s1-client-thread1] INFO  segmented.SegmentedRaftLogWorker (SegmentedRaftLogWorker.java:rollLogSegment(436)) - s1@group-DC0BCF2C7030-SegmentedRaftLogWorker: Rolling segment log-51_78 to index:78
2022-11-11 07:37:05,066 [s1@group-DC0BCF2C7030-SegmentedRaftLogWorker] TRACE util.FileUtils (LogUtils.java:runAndLog(49)) - Successfully ran Atomic Files.move /home/runner/work/ratis/ratis/ratis-test/target/test/data/badbfba9/MiniRaftClusterWithGrpcf526e0ef/s1/4c2c9efe-0344-4438-a419-dc0bcf2c7030/current/log_inprogress_51 to /home/runner/work/ratis/ratis/ratis-test/target/test/data/badbfba9/MiniRaftClusterWithGrpcf526e0ef/s1/4c2c9efe-0344-4438-a419-dc0bcf2c7030/current/log_51-78
2022-11-11 07:37:05,066 [s1@group-DC0BCF2C7030-SegmentedRaftLogWorker] INFO  segmented.SegmentedRaftLogWorker (SegmentedRaftLogWorker.java:execute(592)) - s1@group-DC0BCF2C7030-SegmentedRaftLogWorker: Rolled log segment from /home/runner/work/ratis/ratis/ratis-test/target/test/data/badbfba9/MiniRaftClusterWithGrpcf526e0ef/s1/4c2c9efe-0344-4438-a419-dc0bcf2c7030/current/log_inprogress_51 to /home/runner/work/ratis/ratis/ratis-test/target/test/data/badbfba9/MiniRaftClusterWithGrpcf526e0ef/s1/4c2c9efe-0344-4438-a419-dc0bcf2c7030/current/log_51-78
2022-11-11 07:37:05,066 [s2-server-thread1] DEBUG raftlog.RaftLog (SegmentedRaftLog.java:appendImpl(446)) - truncateIndex=-1, arrayIndex=0
2022-11-11 07:37:05,067 [s2-server-thread1] INFO  segmented.SegmentedRaftLogWorker (SegmentedRaftLogWorker.java:rollLogSegment(436)) - s2@group-DC0BCF2C7030-SegmentedRaftLogWorker: Rolling segment log-51_78 to index:78
2022-11-11 07:37:05,067 [s0-server-thread2] DEBUG raftlog.RaftLog (SegmentedRaftLog.java:appendImpl(446)) - truncateIndex=-1, arrayIndex=0
2022-11-11 07:37:05,067 [s0-server-thread2] INFO  segmented.SegmentedRaftLogWorker (SegmentedRaftLogWorker.java:rollLogSegment(436)) - s0@group-DC0BCF2C7030-SegmentedRaftLogWorker: Rolling segment log-51_78 to index:78
2022-11-11 07:37:05,067 [s0@group-DC0BCF2C7030-SegmentedRaftLogWorker] TRACE util.FileUtils (LogUtils.java:runAndLog(49)) - Successfully ran Atomic Files.move /home/runner/work/ratis/ratis/ratis-test/target/test/data/badbfba9/MiniRaftClusterWithGrpcf526e0ef/s0/4c2c9efe-0344-4438-a419-dc0bcf2c7030/current/log_inprogress_51 to /home/runner/work/ratis/ratis/ratis-test/target/test/data/badbfba9/MiniRaftClusterWithGrpcf526e0ef/s0/4c2c9efe-0344-4438-a419-dc0bcf2c7030/current/log_51-78
2022-11-11 07:37:05,067 [s0@group-DC0BCF2C7030-SegmentedRaftLogWorker] INFO  segmented.SegmentedRaftLogWorker (SegmentedRaftLogWorker.java:execute(592)) - s0@group-DC0BCF2C7030-SegmentedRaftLogWorker: Rolled log segment from /home/runner/work/ratis/ratis/ratis-test/target/test/data/badbfba9/MiniRaftClusterWithGrpcf526e0ef/s0/4c2c9efe-0344-4438-a419-dc0bcf2c7030/current/log_inprogress_51 to /home/runner/work/ratis/ratis/ratis-test/target/test/data/badbfba9/MiniRaftClusterWithGrpcf526e0ef/s0/4c2c9efe-0344-4438-a419-dc0bcf2c7030/current/log_51-78
2022-11-11 07:37:05,067 [s2@group-DC0BCF2C7030-SegmentedRaftLogWorker] TRACE util.FileUtils (LogUtils.java:runAndLog(49)) - Successfully ran Atomic Files.move /home/runner/work/ratis/ratis/ratis-test/target/test/data/badbfba9/MiniRaftClusterWithGrpcf526e0ef/s2/4c2c9efe-0344-4438-a419-dc0bcf2c7030/current/log_inprogress_51 to /home/runner/work/ratis/ratis/ratis-test/target/test/data/badbfba9/MiniRaftClusterWithGrpcf526e0ef/s2/4c2c9efe-0344-4438-a419-dc0bcf2c7030/current/log_51-78
2022-11-11 07:37:05,067 [s2@group-DC0BCF2C7030-SegmentedRaftLogWorker] INFO  segmented.SegmentedRaftLogWorker (SegmentedRaftLogWorker.java:execute(592)) - s2@group-DC0BCF2C7030-SegmentedRaftLogWorker: Rolled log segment from /home/runner/work/ratis/ratis/ratis-test/target/test/data/badbfba9/MiniRaftClusterWithGrpcf526e0ef/s2/4c2c9efe-0344-4438-a419-dc0bcf2c7030/current/log_inprogress_51 to /home/runner/work/ratis/ratis/ratis-test/target/test/data/badbfba9/MiniRaftClusterWithGrpcf526e0ef/s2/4c2c9efe-0344-4438-a419-dc0bcf2c7030/current/log_51-78
2022-11-11 07:37:05,069 [s1@group-DC0BCF2C7030-SegmentedRaftLogWorker] INFO  segmented.SegmentedRaftLogWorker (SegmentedRaftLogWorker.java:execute(635)) - s1@group-DC0BCF2C7030-SegmentedRaftLogWorker: created new log segment /home/runner/work/ratis/ratis/ratis-test/target/test/data/badbfba9/MiniRaftClusterWithGrpcf526e0ef/s1/4c2c9efe-0344-4438-a419-dc0bcf2c7030/current/log_inprogress_79
2022-11-11 07:37:05,069 [s0@group-DC0BCF2C7030-SegmentedRaftLogWorker] INFO  segmented.SegmentedRaftLogWorker (SegmentedRaftLogWorker.java:execute(635)) - s0@group-DC0BCF2C7030-SegmentedRaftLogWorker: created new log segment /home/runner/work/ratis/ratis/ratis-test/target/test/data/badbfba9/MiniRaftClusterWithGrpcf526e0ef/s0/4c2c9efe-0344-4438-a419-dc0bcf2c7030/current/log_inprogress_79
2022-11-11 07:37:05,069 [s2@group-DC0BCF2C7030-SegmentedRaftLogWorker] INFO  segmented.SegmentedRaftLogWorker (SegmentedRaftLogWorker.java:execute(635)) - s2@group-DC0BCF2C7030-SegmentedRaftLogWorker: created new log segment /home/runner/work/ratis/ratis/ratis-test/target/test/data/badbfba9/MiniRaftClusterWithGrpcf526e0ef/s2/4c2c9efe-0344-4438-a419-dc0bcf2c7030/current/log_inprogress_79
2022-11-11 07:37:05,070 [s1@group-DC0BCF2C7030-StateMachineUpdater] INFO  impl.SimpleStateMachine4Testing (SimpleStateMachine4Testing.java:put(205)) - s1: put 79, m39 -> (t:1, i:79), STATEMACHINELOGENTRY, 425@client-70D4234AB40A
2022-11-11 07:37:05,071 [s2-server-thread1] DEBUG raftlog.RaftLog (SegmentedRaftLog.java:appendImpl(446)) - truncateIndex=-1, arrayIndex=0
2022-11-11 07:37:05,072 [s0-server-thread2] DEBUG raftlog.RaftLog (SegmentedRaftLog.java:appendImpl(446)) - truncateIndex=-1, arrayIndex=0
2022-11-11 07:37:05,072 [s2@group-DC0BCF2C7030-StateMachineUpdater] INFO  impl.SimpleStateMachine4Testing (SimpleStateMachine4Testing.java:put(205)) - s2: put 79, m39 -> (t:1, i:79), STATEMACHINELOGENTRY, 425@client-70D4234AB40A
2022-11-11 07:37:05,072 [s0@group-DC0BCF2C7030-StateMachineUpdater] INFO  impl.SimpleStateMachine4Testing (SimpleStateMachine4Testing.java:put(205)) - s0: put 79, m39 -> (t:1, i:79), STATEMACHINELOGENTRY, 425@client-70D4234AB40A
2022-11-11 07:37:05,073 [s2-server-thread1] DEBUG raftlog.RaftLog (SegmentedRaftLog.java:appendImpl(446)) - truncateIndex=-1, arrayIndex=0
2022-11-11 07:37:05,074 [s0-server-thread2] DEBUG raftlog.RaftLog (SegmentedRaftLog.java:appendImpl(446)) - truncateIndex=-1, arrayIndex=0
2022-11-11 07:37:05,075 [s1@group-DC0BCF2C7030-StateMachineUpdater] INFO  impl.SimpleStateMachine4Testing (SimpleStateMachine4Testing.java:put(205)) - s1: put 81, m40 -> (t:1, i:81), STATEMACHINELOGENTRY, 426@client-70D4234AB40A
2022-11-11 07:37:05,076 [s0-server-thread2] DEBUG raftlog.RaftLog (SegmentedRaftLog.java:appendImpl(446)) - truncateIndex=-1, arrayIndex=0
2022-11-11 07:37:05,077 [s0@group-DC0BCF2C7030-StateMachineUpdater] INFO  impl.SimpleStateMachine4Testing (SimpleStateMachine4Testing.java:put(205)) - s0: put 81, m40 -> (t:1, i:81), STATEMACHINELOGENTRY, 426@client-70D4234AB40A
2022-11-11 07:37:05,077 [s2-server-thread1] DEBUG raftlog.RaftLog (SegmentedRaftLog.java:appendImpl(446)) - truncateIndex=-1, arrayIndex=0
2022-11-11 07:37:05,078 [s2@group-DC0BCF2C7030-StateMachineUpdater] INFO  impl.SimpleStateMachine4Testing (SimpleStateMachine4Testing.java:put(205)) - s2: put 81, m40 -> (t:1, i:81), STATEMACHINELOGENTRY, 426@client-70D4234AB40A
2022-11-11 07:37:05,079 [s2-server-thread1] DEBUG raftlog.RaftLog (SegmentedRaftLog.java:appendImpl(446)) - truncateIndex=-1, arrayIndex=0
2022-11-11 07:37:05,079 [s0-server-thread2] DEBUG raftlog.RaftLog (SegmentedRaftLog.java:appendImpl(446)) - truncateIndex=-1, arrayIndex=0
2022-11-11 07:37:05,082 [s1@group-DC0BCF2C7030-StateMachineUpdater] INFO  impl.SimpleStateMachine4Testing (SimpleStateMachine4Testing.java:put(205)) - s1: put 83, m41 -> (t:1, i:83), STATEMACHINELOGENTRY, 427@client-70D4234AB40A
2022-11-11 07:37:05,083 [s2-server-thread1] DEBUG raftlog.RaftLog (SegmentedRaftLog.java:appendImpl(446)) - truncateIndex=-1, arrayIndex=0
2022-11-11 07:37:05,083 [s0-server-thread2] DEBUG raftlog.RaftLog (SegmentedRaftLog.java:appendImpl(446)) - truncateIndex=-1, arrayIndex=0
2022-11-11 07:37:05,083 [s2@group-DC0BCF2C7030-StateMachineUpdater] INFO  impl.SimpleStateMachine4Testing (SimpleStateMachine4Testing.java:put(205)) - s2: put 83, m41 -> (t:1, i:83), STATEMACHINELOGENTRY, 427@client-70D4234AB40A
2022-11-11 07:37:05,083 [s0@group-DC0BCF2C7030-StateMachineUpdater] INFO  impl.SimpleStateMachine4Testing (SimpleStateMachine4Testing.java:put(205)) - s0: put 83, m41 -> (t:1, i:83), STATEMACHINELOGENTRY, 427@client-70D4234AB40A
2022-11-11 07:37:05,086 [s2-server-thread1] DEBUG raftlog.RaftLog (SegmentedRaftLog.java:appendImpl(446)) - truncateIndex=-1, arrayIndex=0
2022-11-11 07:37:05,086 [s0-server-thread2] DEBUG raftlog.RaftLog (SegmentedRaftLog.java:appendImpl(446)) - truncateIndex=-1, arrayIndex=0
2022-11-11 07:37:05,086 [s1@group-DC0BCF2C7030-StateMachineUpdater] INFO  impl.SimpleStateMachine4Testing (SimpleStateMachine4Testing.java:put(205)) - s1: put 85, m42 -> (t:1, i:85), STATEMACHINELOGENTRY, 428@client-70D4234AB40A
2022-11-11 07:37:05,087 [s2-server-thread1] DEBUG raftlog.RaftLog (SegmentedRaftLog.java:appendImpl(446)) - truncateIndex=-1, arrayIndex=0
2022-11-11 07:37:05,088 [s2@group-DC0BCF2C7030-StateMachineUpdater] INFO  impl.SimpleStateMachine4Testing (SimpleStateMachine4Testing.java:put(205)) - s2: put 85, m42 -> (t:1, i:85), STATEMACHINELOGENTRY, 428@client-70D4234AB40A
2022-11-11 07:37:05,088 [s0-server-thread2] DEBUG raftlog.RaftLog (SegmentedRaftLog.java:appendImpl(446)) - truncateIndex=-1, arrayIndex=0
2022-11-11 07:37:05,090 [s0@group-DC0BCF2C7030-StateMachineUpdater] INFO  impl.SimpleStateMachine4Testing (SimpleStateMachine4Testing.java:put(205)) - s0: put 85, m42 -> (t:1, i:85), STATEMACHINELOGENTRY, 428@client-70D4234AB40A
2022-11-11 07:37:05,090 [s2-server-thread1] DEBUG raftlog.RaftLog (SegmentedRaftLog.java:appendImpl(446)) - truncateIndex=-1, arrayIndex=0
2022-11-11 07:37:05,091 [s0-server-thread2] DEBUG raftlog.RaftLog (SegmentedRaftLog.java:appendImpl(446)) - truncateIndex=-1, arrayIndex=0
2022-11-11 07:37:05,092 [s1@group-DC0BCF2C7030-StateMachineUpdater] INFO  impl.SimpleStateMachine4Testing (SimpleStateMachine4Testing.java:put(205)) - s1: put 87, m43 -> (t:1, i:87), STATEMACHINELOGENTRY, 429@client-70D4234AB40A
2022-11-11 07:37:05,092 [s2-server-thread1] DEBUG raftlog.RaftLog (SegmentedRaftLog.java:appendImpl(446)) - truncateIndex=-1, arrayIndex=0
2022-11-11 07:37:05,093 [s0-server-thread2] DEBUG raftlog.RaftLog (SegmentedRaftLog.java:appendImpl(446)) - truncateIndex=-1, arrayIndex=0
2022-11-11 07:37:05,093 [s2@group-DC0BCF2C7030-StateMachineUpdater] INFO  impl.SimpleStateMachine4Testing (SimpleStateMachine4Testing.java:put(205)) - s2: put 87, m43 -> (t:1, i:87), STATEMACHINELOGENTRY, 429@client-70D4234AB40A
2022-11-11 07:37:05,094 [s0@group-DC0BCF2C7030-StateMachineUpdater] INFO  impl.SimpleStateMachine4Testing (SimpleStateMachine4Testing.java:put(205)) - s0: put 87, m43 -> (t:1, i:87), STATEMACHINELOGENTRY, 429@client-70D4234AB40A
2022-11-11 07:37:05,095 [s2-server-thread1] DEBUG raftlog.RaftLog (SegmentedRaftLog.java:appendImpl(446)) - truncateIndex=-1, arrayIndex=0
2022-11-11 07:37:05,095 [s0-server-thread2] DEBUG raftlog.RaftLog (SegmentedRaftLog.java:appendImpl(446)) - truncateIndex=-1, arrayIndex=0
2022-11-11 07:37:05,097 [s1@group-DC0BCF2C7030-StateMachineUpdater] INFO  impl.SimpleStateMachine4Testing (SimpleStateMachine4Testing.java:put(205)) - s1: put 89, m44 -> (t:1, i:89), STATEMACHINELOGENTRY, 430@client-70D4234AB40A
2022-11-11 07:37:05,097 [s0-server-thread2] DEBUG raftlog.RaftLog (SegmentedRaftLog.java:appendImpl(446)) - truncateIndex=-1, arrayIndex=0
2022-11-11 07:37:05,098 [s2-server-thread1] DEBUG raftlog.RaftLog (SegmentedRaftLog.java:appendImpl(446)) - truncateIndex=-1, arrayIndex=0
2022-11-11 07:37:05,098 [s0@group-DC0BCF2C7030-StateMachineUpdater] INFO  impl.SimpleStateMachine4Testing (SimpleStateMachine4Testing.java:put(205)) - s0: put 89, m44 -> (t:1, i:89), STATEMACHINELOGENTRY, 430@client-70D4234AB40A
2022-11-11 07:37:05,099 [s2@group-DC0BCF2C7030-StateMachineUpdater] INFO  impl.SimpleStateMachine4Testing (SimpleStateMachine4Testing.java:put(205)) - s2: put 89, m44 -> (t:1, i:89), STATEMACHINELOGENTRY, 430@client-70D4234AB40A
2022-11-11 07:37:05,100 [s2-server-thread1] DEBUG raftlog.RaftLog (SegmentedRaftLog.java:appendImpl(446)) - truncateIndex=-1, arrayIndex=0
2022-11-11 07:37:05,100 [s0-server-thread2] DEBUG raftlog.RaftLog (SegmentedRaftLog.java:appendImpl(446)) - truncateIndex=-1, arrayIndex=0
2022-11-11 07:37:05,101 [s1@group-DC0BCF2C7030-StateMachineUpdater] INFO  impl.SimpleStateMachine4Testing (SimpleStateMachine4Testing.java:put(205)) - s1: put 91, m45 -> (t:1, i:91), STATEMACHINELOGENTRY, 431@client-70D4234AB40A
2022-11-11 07:37:05,101 [s2-server-thread1] DEBUG raftlog.RaftLog (SegmentedRaftLog.java:appendImpl(446)) - truncateIndex=-1, arrayIndex=0
2022-11-11 07:37:05,102 [s0-server-thread2] DEBUG raftlog.RaftLog (SegmentedRaftLog.java:appendImpl(446)) - truncateIndex=-1, arrayIndex=0
2022-11-11 07:37:05,102 [s2@group-DC0BCF2C7030-StateMachineUpdater] INFO  impl.SimpleStateMachine4Testing (SimpleStateMachine4Testing.java:put(205)) - s2: put 91, m45 -> (t:1, i:91), STATEMACHINELOGENTRY, 431@client-70D4234AB40A
2022-11-11 07:37:05,102 [s0@group-DC0BCF2C7030-StateMachineUpdater] INFO  impl.SimpleStateMachine4Testing (SimpleStateMachine4Testing.java:put(205)) - s0: put 91, m45 -> (t:1, i:91), STATEMACHINELOGENTRY, 431@client-70D4234AB40A
2022-11-11 07:37:05,104 [s0-server-thread2] DEBUG raftlog.RaftLog (SegmentedRaftLog.java:appendImpl(446)) - truncateIndex=-1, arrayIndex=0
2022-11-11 07:37:05,104 [s2-server-thread1] DEBUG raftlog.RaftLog (SegmentedRaftLog.java:appendImpl(446)) - truncateIndex=-1, arrayIndex=0
2022-11-11 07:37:05,105 [s1@group-DC0BCF2C7030-StateMachineUpdater] INFO  impl.SimpleStateMachine4Testing (SimpleStateMachine4Testing.java:put(205)) - s1: put 93, m46 -> (t:1, i:93), STATEMACHINELOGENTRY, 432@client-70D4234AB40A
2022-11-11 07:37:05,106 [s0-server-thread2] DEBUG raftlog.RaftLog (SegmentedRaftLog.java:appendImpl(446)) - truncateIndex=-1, arrayIndex=0
2022-11-11 07:37:05,106 [s2-server-thread1] DEBUG raftlog.RaftLog (SegmentedRaftLog.java:appendImpl(446)) - truncateIndex=-1, arrayIndex=0
2022-11-11 07:37:05,107 [s0@group-DC0BCF2C7030-StateMachineUpdater] INFO  impl.SimpleStateMachine4Testing (SimpleStateMachine4Testing.java:put(205)) - s0: put 93, m46 -> (t:1, i:93), STATEMACHINELOGENTRY, 432@client-70D4234AB40A
2022-11-11 07:37:05,107 [s2@group-DC0BCF2C7030-StateMachineUpdater] INFO  impl.SimpleStateMachine4Testing (SimpleStateMachine4Testing.java:put(205)) - s2: put 93, m46 -> (t:1, i:93), STATEMACHINELOGENTRY, 432@client-70D4234AB40A
2022-11-11 07:37:05,108 [s0-server-thread2] DEBUG raftlog.RaftLog (SegmentedRaftLog.java:appendImpl(446)) - truncateIndex=-1, arrayIndex=0
2022-11-11 07:37:05,108 [s2-server-thread1] DEBUG raftlog.RaftLog (SegmentedRaftLog.java:appendImpl(446)) - truncateIndex=-1, arrayIndex=0
2022-11-11 07:37:05,110 [s1@group-DC0BCF2C7030-StateMachineUpdater] INFO  impl.SimpleStateMachine4Testing (SimpleStateMachine4Testing.java:put(205)) - s1: put 95, m47 -> (t:1, i:95), STATEMACHINELOGENTRY, 433@client-70D4234AB40A
2022-11-11 07:37:05,110 [s0-server-thread2] DEBUG raftlog.RaftLog (SegmentedRaftLog.java:appendImpl(446)) - truncateIndex=-1, arrayIndex=0
2022-11-11 07:37:05,112 [s0@group-DC0BCF2C7030-StateMachineUpdater] INFO  impl.SimpleStateMachine4Testing (SimpleStateMachine4Testing.java:put(205)) - s0: put 95, m47 -> (t:1, i:95), STATEMACHINELOGENTRY, 433@client-70D4234AB40A
2022-11-11 07:37:05,112 [s2-server-thread1] DEBUG raftlog.RaftLog (SegmentedRaftLog.java:appendImpl(446)) - truncateIndex=-1, arrayIndex=0
2022-11-11 07:37:05,113 [s2@group-DC0BCF2C7030-StateMachineUpdater] INFO  impl.SimpleStateMachine4Testing (SimpleStateMachine4Testing.java:put(205)) - s2: put 95, m47 -> (t:1, i:95), STATEMACHINELOGENTRY, 433@client-70D4234AB40A
2022-11-11 07:37:05,113 [s0-server-thread2] DEBUG raftlog.RaftLog (SegmentedRaftLog.java:appendImpl(446)) - truncateIndex=-1, arrayIndex=0
2022-11-11 07:37:05,113 [s2-server-thread1] DEBUG raftlog.RaftLog (SegmentedRaftLog.java:appendImpl(446)) - truncateIndex=-1, arrayIndex=0
2022-11-11 07:37:05,114 [s1@group-DC0BCF2C7030-StateMachineUpdater] INFO  impl.SimpleStateMachine4Testing (SimpleStateMachine4Testing.java:put(205)) - s1: put 97, m48 -> (t:1, i:97), STATEMACHINELOGENTRY, 434@client-70D4234AB40A
2022-11-11 07:37:05,115 [s0-server-thread2] DEBUG raftlog.RaftLog (SegmentedRaftLog.java:appendImpl(446)) - truncateIndex=-1, arrayIndex=0
2022-11-11 07:37:05,115 [s2-server-thread1] DEBUG raftlog.RaftLog (SegmentedRaftLog.java:appendImpl(446)) - truncateIndex=-1, arrayIndex=0
2022-11-11 07:37:05,116 [s2@group-DC0BCF2C7030-StateMachineUpdater] INFO  impl.SimpleStateMachine4Testing (SimpleStateMachine4Testing.java:put(205)) - s2: put 97, m48 -> (t:1, i:97), STATEMACHINELOGENTRY, 434@client-70D4234AB40A
2022-11-11 07:37:05,116 [s0@group-DC0BCF2C7030-StateMachineUpdater] INFO  impl.SimpleStateMachine4Testing (SimpleStateMachine4Testing.java:put(205)) - s0: put 97, m48 -> (t:1, i:97), STATEMACHINELOGENTRY, 434@client-70D4234AB40A
2022-11-11 07:37:05,117 [s0-server-thread2] DEBUG raftlog.RaftLog (SegmentedRaftLog.java:appendImpl(446)) - truncateIndex=-1, arrayIndex=0
2022-11-11 07:37:05,118 [s2-server-thread1] DEBUG raftlog.RaftLog (SegmentedRaftLog.java:appendImpl(446)) - truncateIndex=-1, arrayIndex=0
2022-11-11 07:37:05,118 [s1@group-DC0BCF2C7030-StateMachineUpdater] INFO  impl.SimpleStateMachine4Testing (SimpleStateMachine4Testing.java:put(205)) - s1: put 99, m49 -> (t:1, i:99), STATEMACHINELOGENTRY, 435@client-70D4234AB40A
2022-11-11 07:37:05,120 [s0-server-thread2] DEBUG raftlog.RaftLog (SegmentedRaftLog.java:appendImpl(446)) - truncateIndex=-1, arrayIndex=0
2022-11-11 07:37:05,120 [s2-server-thread1] DEBUG raftlog.RaftLog (SegmentedRaftLog.java:appendImpl(446)) - truncateIndex=-1, arrayIndex=0
2022-11-11 07:37:05,121 [s0@group-DC0BCF2C7030-StateMachineUpdater] INFO  impl.SimpleStateMachine4Testing (SimpleStateMachine4Testing.java:put(205)) - s0: put 99, m49 -> (t:1, i:99), STATEMACHINELOGENTRY, 435@client-70D4234AB40A
2022-11-11 07:37:05,121 [s2@group-DC0BCF2C7030-StateMachineUpdater] INFO  impl.SimpleStateMachine4Testing (SimpleStateMachine4Testing.java:put(205)) - s2: put 99, m49 -> (t:1, i:99), STATEMACHINELOGENTRY, 435@client-70D4234AB40A
2022-11-11 07:37:05,121 [s0-server-thread2] DEBUG raftlog.RaftLog (SegmentedRaftLog.java:appendImpl(446)) - truncateIndex=-1, arrayIndex=0
2022-11-11 07:37:05,121 [s2-server-thread1] DEBUG raftlog.RaftLog (SegmentedRaftLog.java:appendImpl(446)) - truncateIndex=-1, arrayIndex=0
2022-11-11 07:37:05,122 [s1@group-DC0BCF2C7030-StateMachineUpdater] INFO  impl.SimpleStateMachine4Testing (SimpleStateMachine4Testing.java:put(205)) - s1: put 101, m50 -> (t:1, i:101), STATEMACHINELOGENTRY, 436@client-70D4234AB40A
2022-11-11 07:37:05,123 [s0-server-thread2] DEBUG raftlog.RaftLog (SegmentedRaftLog.java:appendImpl(446)) - truncateIndex=-1, arrayIndex=0
2022-11-11 07:37:05,124 [s2-server-thread1] DEBUG raftlog.RaftLog (SegmentedRaftLog.java:appendImpl(446)) - truncateIndex=-1, arrayIndex=0
2022-11-11 07:37:05,124 [s0@group-DC0BCF2C7030-StateMachineUpdater] INFO  impl.SimpleStateMachine4Testing (SimpleStateMachine4Testing.java:put(205)) - s0: put 101, m50 -> (t:1, i:101), STATEMACHINELOGENTRY, 436@client-70D4234AB40A
2022-11-11 07:37:05,125 [s2@group-DC0BCF2C7030-StateMachineUpdater] INFO  impl.SimpleStateMachine4Testing (SimpleStateMachine4Testing.java:put(205)) - s2: put 101, m50 -> (t:1, i:101), STATEMACHINELOGENTRY, 436@client-70D4234AB40A
2022-11-11 07:37:05,126 [s0-server-thread2] DEBUG raftlog.RaftLog (SegmentedRaftLog.java:appendImpl(446)) - truncateIndex=-1, arrayIndex=0
2022-11-11 07:37:05,126 [s2-server-thread1] DEBUG raftlog.RaftLog (SegmentedRaftLog.java:appendImpl(446)) - truncateIndex=-1, arrayIndex=0
2022-11-11 07:37:05,128 [s1@group-DC0BCF2C7030-StateMachineUpdater] INFO  impl.SimpleStateMachine4Testing (SimpleStateMachine4Testing.java:put(205)) - s1: put 103, m51 -> (t:1, i:103), STATEMACHINELOGENTRY, 437@client-70D4234AB40A
2022-11-11 07:37:05,128 [s0-server-thread2] DEBUG raftlog.RaftLog (SegmentedRaftLog.java:appendImpl(446)) - truncateIndex=-1, arrayIndex=0
2022-11-11 07:37:05,129 [s2-server-thread1] DEBUG raftlog.RaftLog (SegmentedRaftLog.java:appendImpl(446)) - truncateIndex=-1, arrayIndex=0
2022-11-11 07:37:05,130 [s0@group-DC0BCF2C7030-StateMachineUpdater] INFO  impl.SimpleStateMachine4Testing (SimpleStateMachine4Testing.java:put(205)) - s0: put 103, m51 -> (t:1, i:103), STATEMACHINELOGENTRY, 437@client-70D4234AB40A
2022-11-11 07:37:05,130 [s2@group-DC0BCF2C7030-StateMachineUpdater] INFO  impl.SimpleStateMachine4Testing (SimpleStateMachine4Testing.java:put(205)) - s2: put 103, m51 -> (t:1, i:103), STATEMACHINELOGENTRY, 437@client-70D4234AB40A
2022-11-11 07:37:05,131 [s0-server-thread2] DEBUG raftlog.RaftLog (SegmentedRaftLog.java:appendImpl(446)) - truncateIndex=-1, arrayIndex=0
2022-11-11 07:37:05,131 [s2-server-thread1] DEBUG raftlog.RaftLog (SegmentedRaftLog.java:appendImpl(446)) - truncateIndex=-1, arrayIndex=0
2022-11-11 07:37:05,132 [s1@group-DC0BCF2C7030-StateMachineUpdater] INFO  impl.SimpleStateMachine4Testing (SimpleStateMachine4Testing.java:put(205)) - s1: put 105, m52 -> (t:1, i:105), STATEMACHINELOGENTRY, 438@client-70D4234AB40A
2022-11-11 07:37:05,133 [s2-server-thread1] DEBUG raftlog.RaftLog (SegmentedRaftLog.java:appendImpl(446)) - truncateIndex=-1, arrayIndex=0
2022-11-11 07:37:05,134 [s0-server-thread2] DEBUG raftlog.RaftLog (SegmentedRaftLog.java:appendImpl(446)) - truncateIndex=-1, arrayIndex=0
2022-11-11 07:37:05,134 [s2@group-DC0BCF2C7030-StateMachineUpdater] INFO  impl.SimpleStateMachine4Testing (SimpleStateMachine4Testing.java:put(205)) - s2: put 105, m52 -> (t:1, i:105), STATEMACHINELOGENTRY, 438@client-70D4234AB40A
2022-11-11 07:37:05,135 [s0@group-DC0BCF2C7030-StateMachineUpdater] INFO  impl.SimpleStateMachine4Testing (SimpleStateMachine4Testing.java:put(205)) - s0: put 105, m52 -> (t:1, i:105), STATEMACHINELOGENTRY, 438@client-70D4234AB40A
2022-11-11 07:37:05,136 [s1-client-thread1] INFO  segmented.SegmentedRaftLogWorker (SegmentedRaftLogWorker.java:rollLogSegment(436)) - s1@group-DC0BCF2C7030-SegmentedRaftLogWorker: Rolling segment log-79_106 to index:106
2022-11-11 07:37:05,136 [s1@group-DC0BCF2C7030-SegmentedRaftLogWorker] TRACE util.FileUtils (LogUtils.java:runAndLog(49)) - Successfully ran Atomic Files.move /home/runner/work/ratis/ratis/ratis-test/target/test/data/badbfba9/MiniRaftClusterWithGrpcf526e0ef/s1/4c2c9efe-0344-4438-a419-dc0bcf2c7030/current/log_inprogress_79 to /home/runner/work/ratis/ratis/ratis-test/target/test/data/badbfba9/MiniRaftClusterWithGrpcf526e0ef/s1/4c2c9efe-0344-4438-a419-dc0bcf2c7030/current/log_79-106
2022-11-11 07:37:05,136 [s1@group-DC0BCF2C7030-SegmentedRaftLogWorker] INFO  segmented.SegmentedRaftLogWorker (SegmentedRaftLogWorker.java:execute(592)) - s1@group-DC0BCF2C7030-SegmentedRaftLogWorker: Rolled log segment from /home/runner/work/ratis/ratis/ratis-test/target/test/data/badbfba9/MiniRaftClusterWithGrpcf526e0ef/s1/4c2c9efe-0344-4438-a419-dc0bcf2c7030/current/log_inprogress_79 to /home/runner/work/ratis/ratis/ratis-test/target/test/data/badbfba9/MiniRaftClusterWithGrpcf526e0ef/s1/4c2c9efe-0344-4438-a419-dc0bcf2c7030/current/log_79-106
2022-11-11 07:37:05,137 [s0-server-thread2] DEBUG raftlog.RaftLog (SegmentedRaftLog.java:appendImpl(446)) - truncateIndex=-1, arrayIndex=0
2022-11-11 07:37:05,137 [s0-server-thread2] INFO  segmented.SegmentedRaftLogWorker (SegmentedRaftLogWorker.java:rollLogSegment(436)) - s0@group-DC0BCF2C7030-SegmentedRaftLogWorker: Rolling segment log-79_106 to index:106
2022-11-11 07:37:05,138 [s2-server-thread1] DEBUG raftlog.RaftLog (SegmentedRaftLog.java:appendImpl(446)) - truncateIndex=-1, arrayIndex=0
2022-11-11 07:37:05,138 [s2-server-thread1] INFO  segmented.SegmentedRaftLogWorker (SegmentedRaftLogWorker.java:rollLogSegment(436)) - s2@group-DC0BCF2C7030-SegmentedRaftLogWorker: Rolling segment log-79_106 to index:106
2022-11-11 07:37:05,138 [s2@group-DC0BCF2C7030-SegmentedRaftLogWorker] TRACE util.FileUtils (LogUtils.java:runAndLog(49)) - Successfully ran Atomic Files.move /home/runner/work/ratis/ratis/ratis-test/target/test/data/badbfba9/MiniRaftClusterWithGrpcf526e0ef/s2/4c2c9efe-0344-4438-a419-dc0bcf2c7030/current/log_inprogress_79 to /home/runner/work/ratis/ratis/ratis-test/target/test/data/badbfba9/MiniRaftClusterWithGrpcf526e0ef/s2/4c2c9efe-0344-4438-a419-dc0bcf2c7030/current/log_79-106
2022-11-11 07:37:05,138 [s2@group-DC0BCF2C7030-SegmentedRaftLogWorker] INFO  segmented.SegmentedRaftLogWorker (SegmentedRaftLogWorker.java:execute(592)) - s2@group-DC0BCF2C7030-SegmentedRaftLogWorker: Rolled log segment from /home/runner/work/ratis/ratis/ratis-test/target/test/data/badbfba9/MiniRaftClusterWithGrpcf526e0ef/s2/4c2c9efe-0344-4438-a419-dc0bcf2c7030/current/log_inprogress_79 to /home/runner/work/ratis/ratis/ratis-test/target/test/data/badbfba9/MiniRaftClusterWithGrpcf526e0ef/s2/4c2c9efe-0344-4438-a419-dc0bcf2c7030/current/log_79-106
2022-11-11 07:37:05,138 [s0@group-DC0BCF2C7030-SegmentedRaftLogWorker] TRACE util.FileUtils (LogUtils.java:runAndLog(49)) - Successfully ran Atomic Files.move /home/runner/work/ratis/ratis/ratis-test/target/test/data/badbfba9/MiniRaftClusterWithGrpcf526e0ef/s0/4c2c9efe-0344-4438-a419-dc0bcf2c7030/current/log_inprogress_79 to /home/runner/work/ratis/ratis/ratis-test/target/test/data/badbfba9/MiniRaftClusterWithGrpcf526e0ef/s0/4c2c9efe-0344-4438-a419-dc0bcf2c7030/current/log_79-106
2022-11-11 07:37:05,138 [s0@group-DC0BCF2C7030-SegmentedRaftLogWorker] INFO  segmented.SegmentedRaftLogWorker (SegmentedRaftLogWorker.java:execute(592)) - s0@group-DC0BCF2C7030-SegmentedRaftLogWorker: Rolled log segment from /home/runner/work/ratis/ratis/ratis-test/target/test/data/badbfba9/MiniRaftClusterWithGrpcf526e0ef/s0/4c2c9efe-0344-4438-a419-dc0bcf2c7030/current/log_inprogress_79 to /home/runner/work/ratis/ratis/ratis-test/target/test/data/badbfba9/MiniRaftClusterWithGrpcf526e0ef/s0/4c2c9efe-0344-4438-a419-dc0bcf2c7030/current/log_79-106
2022-11-11 07:37:05,139 [s1@group-DC0BCF2C7030-SegmentedRaftLogWorker] INFO  segmented.SegmentedRaftLogWorker (SegmentedRaftLogWorker.java:execute(635)) - s1@group-DC0BCF2C7030-SegmentedRaftLogWorker: created new log segment /home/runner/work/ratis/ratis/ratis-test/target/test/data/badbfba9/MiniRaftClusterWithGrpcf526e0ef/s1/4c2c9efe-0344-4438-a419-dc0bcf2c7030/current/log_inprogress_107
2022-11-11 07:37:05,139 [s2@group-DC0BCF2C7030-SegmentedRaftLogWorker] INFO  segmented.SegmentedRaftLogWorker (SegmentedRaftLogWorker.java:execute(635)) - s2@group-DC0BCF2C7030-SegmentedRaftLogWorker: created new log segment /home/runner/work/ratis/ratis/ratis-test/target/test/data/badbfba9/MiniRaftClusterWithGrpcf526e0ef/s2/4c2c9efe-0344-4438-a419-dc0bcf2c7030/current/log_inprogress_107
2022-11-11 07:37:05,140 [s1@group-DC0BCF2C7030-StateMachineUpdater] INFO  impl.SimpleStateMachine4Testing (SimpleStateMachine4Testing.java:put(205)) - s1: put 107, m53 -> (t:1, i:107), STATEMACHINELOGENTRY, 439@client-70D4234AB40A
2022-11-11 07:37:05,141 [s0@group-DC0BCF2C7030-SegmentedRaftLogWorker] INFO  segmented.SegmentedRaftLogWorker (SegmentedRaftLogWorker.java:execute(635)) - s0@group-DC0BCF2C7030-SegmentedRaftLogWorker: created new log segment /home/runner/work/ratis/ratis/ratis-test/target/test/data/badbfba9/MiniRaftClusterWithGrpcf526e0ef/s0/4c2c9efe-0344-4438-a419-dc0bcf2c7030/current/log_inprogress_107
2022-11-11 07:37:05,142 [s2-server-thread1] DEBUG raftlog.RaftLog (SegmentedRaftLog.java:appendImpl(446)) - truncateIndex=-1, arrayIndex=0
2022-11-11 07:37:05,142 [s2@group-DC0BCF2C7030-StateMachineUpdater] INFO  impl.SimpleStateMachine4Testing (SimpleStateMachine4Testing.java:put(205)) - s2: put 107, m53 -> (t:1, i:107), STATEMACHINELOGENTRY, 439@client-70D4234AB40A
2022-11-11 07:37:05,144 [s0-server-thread2] DEBUG raftlog.RaftLog (SegmentedRaftLog.java:appendImpl(446)) - truncateIndex=-1, arrayIndex=0
2022-11-11 07:37:05,145 [s0@group-DC0BCF2C7030-StateMachineUpdater] INFO  impl.SimpleStateMachine4Testing (SimpleStateMachine4Testing.java:put(205)) - s0: put 107, m53 -> (t:1, i:107), STATEMACHINELOGENTRY, 439@client-70D4234AB40A
2022-11-11 07:37:05,149 [s0-server-thread1] DEBUG raftlog.RaftLog (SegmentedRaftLog.java:appendImpl(446)) - truncateIndex=-1, arrayIndex=0
2022-11-11 07:37:05,149 [s2-server-thread1] DEBUG raftlog.RaftLog (SegmentedRaftLog.java:appendImpl(446)) - truncateIndex=-1, arrayIndex=0
2022-11-11 07:37:05,151 [s1@group-DC0BCF2C7030-StateMachineUpdater] INFO  impl.SimpleStateMachine4Testing (SimpleStateMachine4Testing.java:put(205)) - s1: put 109, m54 -> (t:1, i:109), STATEMACHINELOGENTRY, 440@client-70D4234AB40A
2022-11-11 07:37:05,152 [s0-server-thread1] DEBUG raftlog.RaftLog (SegmentedRaftLog.java:appendImpl(446)) - truncateIndex=-1, arrayIndex=0
2022-11-11 07:37:05,152 [s2-server-thread1] DEBUG raftlog.RaftLog (SegmentedRaftLog.java:appendImpl(446)) - truncateIndex=-1, arrayIndex=0
2022-11-11 07:37:05,153 [s0@group-DC0BCF2C7030-StateMachineUpdater] INFO  impl.SimpleStateMachine4Testing (SimpleStateMachine4Testing.java:put(205)) - s0: put 109, m54 -> (t:1, i:109), STATEMACHINELOGENTRY, 440@client-70D4234AB40A
2022-11-11 07:37:05,153 [s2@group-DC0BCF2C7030-StateMachineUpdater] INFO  impl.SimpleStateMachine4Testing (SimpleStateMachine4Testing.java:put(205)) - s2: put 109, m54 -> (t:1, i:109), STATEMACHINELOGENTRY, 440@client-70D4234AB40A
2022-11-11 07:37:05,157 [s0-server-thread1] DEBUG raftlog.RaftLog (SegmentedRaftLog.java:appendImpl(446)) - truncateIndex=-1, arrayIndex=0
2022-11-11 07:37:05,158 [s2-server-thread1] DEBUG raftlog.RaftLog (SegmentedRaftLog.java:appendImpl(446)) - truncateIndex=-1, arrayIndex=0
2022-11-11 07:37:05,160 [s1@group-DC0BCF2C7030-StateMachineUpdater] INFO  impl.SimpleStateMachine4Testing (SimpleStateMachine4Testing.java:put(205)) - s1: put 111, m55 -> (t:1, i:111), STATEMACHINELOGENTRY, 441@client-70D4234AB40A
2022-11-11 07:37:05,162 [s0-server-thread1] DEBUG raftlog.RaftLog (SegmentedRaftLog.java:appendImpl(446)) - truncateIndex=-1, arrayIndex=0
2022-11-11 07:37:05,162 [s2-server-thread1] DEBUG raftlog.RaftLog (SegmentedRaftLog.java:appendImpl(446)) - truncateIndex=-1, arrayIndex=0
2022-11-11 07:37:05,163 [s0@group-DC0BCF2C7030-StateMachineUpdater] INFO  impl.SimpleStateMachine4Testing (SimpleStateMachine4Testing.java:put(205)) - s0: put 111, m55 -> (t:1, i:111), STATEMACHINELOGENTRY, 441@client-70D4234AB40A
2022-11-11 07:37:05,163 [s2@group-DC0BCF2C7030-StateMachineUpdater] INFO  impl.SimpleStateMachine4Testing (SimpleStateMachine4Testing.java:put(205)) - s2: put 111, m55 -> (t:1, i:111), STATEMACHINELOGENTRY, 441@client-70D4234AB40A
2022-11-11 07:37:05,166 [s0-server-thread1] DEBUG raftlog.RaftLog (SegmentedRaftLog.java:appendImpl(446)) - truncateIndex=-1, arrayIndex=0
2022-11-11 07:37:05,166 [s2-server-thread1] DEBUG raftlog.RaftLog (SegmentedRaftLog.java:appendImpl(446)) - truncateIndex=-1, arrayIndex=0
2022-11-11 07:37:05,167 [s1@group-DC0BCF2C7030-StateMachineUpdater] INFO  impl.SimpleStateMachine4Testing (SimpleStateMachine4Testing.java:put(205)) - s1: put 113, m56 -> (t:1, i:113), STATEMACHINELOGENTRY, 442@client-70D4234AB40A
2022-11-11 07:37:05,168 [s2-server-thread1] DEBUG raftlog.RaftLog (SegmentedRaftLog.java:appendImpl(446)) - truncateIndex=-1, arrayIndex=0
2022-11-11 07:37:05,169 [s2@group-DC0BCF2C7030-StateMachineUpdater] INFO  impl.SimpleStateMachine4Testing (SimpleStateMachine4Testing.java:put(205)) - s2: put 113, m56 -> (t:1, i:113), STATEMACHINELOGENTRY, 442@client-70D4234AB40A
2022-11-11 07:37:05,171 [s0-server-thread1] DEBUG raftlog.RaftLog (SegmentedRaftLog.java:appendImpl(446)) - truncateIndex=-1, arrayIndex=0
2022-11-11 07:37:05,171 [s2-server-thread1] DEBUG raftlog.RaftLog (SegmentedRaftLog.java:appendImpl(446)) - truncateIndex=-1, arrayIndex=0
2022-11-11 07:37:05,172 [s0@group-DC0BCF2C7030-StateMachineUpdater] INFO  impl.SimpleStateMachine4Testing (SimpleStateMachine4Testing.java:put(205)) - s0: put 113, m56 -> (t:1, i:113), STATEMACHINELOGENTRY, 442@client-70D4234AB40A
2022-11-11 07:37:05,174 [s1@group-DC0BCF2C7030-StateMachineUpdater] INFO  impl.SimpleStateMachine4Testing (SimpleStateMachine4Testing.java:put(205)) - s1: put 115, m57 -> (t:1, i:115), STATEMACHINELOGENTRY, 443@client-70D4234AB40A
2022-11-11 07:37:05,175 [s0-server-thread1] DEBUG raftlog.RaftLog (SegmentedRaftLog.java:appendImpl(446)) - truncateIndex=-1, arrayIndex=0
2022-11-11 07:37:05,176 [s2-server-thread1] DEBUG raftlog.RaftLog (SegmentedRaftLog.java:appendImpl(446)) - truncateIndex=-1, arrayIndex=0
2022-11-11 07:37:05,176 [s0@group-DC0BCF2C7030-StateMachineUpdater] INFO  impl.SimpleStateMachine4Testing (SimpleStateMachine4Testing.java:put(205)) - s0: put 115, m57 -> (t:1, i:115), STATEMACHINELOGENTRY, 443@client-70D4234AB40A
2022-11-11 07:37:05,177 [s2@group-DC0BCF2C7030-StateMachineUpdater] INFO  impl.SimpleStateMachine4Testing (SimpleStateMachine4Testing.java:put(205)) - s2: put 115, m57 -> (t:1, i:115), STATEMACHINELOGENTRY, 443@client-70D4234AB40A
2022-11-11 07:37:05,178 [s0-server-thread1] DEBUG raftlog.RaftLog (SegmentedRaftLog.java:appendImpl(446)) - truncateIndex=-1, arrayIndex=0
2022-11-11 07:37:05,178 [s2-server-thread1] DEBUG raftlog.RaftLog (SegmentedRaftLog.java:appendImpl(446)) - truncateIndex=-1, arrayIndex=0
2022-11-11 07:37:05,179 [s1@group-DC0BCF2C7030-StateMachineUpdater] INFO  impl.SimpleStateMachine4Testing (SimpleStateMachine4Testing.java:put(205)) - s1: put 117, m58 -> (t:1, i:117), STATEMACHINELOGENTRY, 444@client-70D4234AB40A
2022-11-11 07:37:05,183 [s0-server-thread1] DEBUG raftlog.RaftLog (SegmentedRaftLog.java:appendImpl(446)) - truncateIndex=-1, arrayIndex=0
2022-11-11 07:37:05,183 [s2-server-thread1] DEBUG raftlog.RaftLog (SegmentedRaftLog.java:appendImpl(446)) - truncateIndex=-1, arrayIndex=0
2022-11-11 07:37:05,184 [s0@group-DC0BCF2C7030-StateMachineUpdater] INFO  impl.SimpleStateMachine4Testing (SimpleStateMachine4Testing.java:put(205)) - s0: put 117, m58 -> (t:1, i:117), STATEMACHINELOGENTRY, 444@client-70D4234AB40A
2022-11-11 07:37:05,184 [s2@group-DC0BCF2C7030-StateMachineUpdater] INFO  impl.SimpleStateMachine4Testing (SimpleStateMachine4Testing.java:put(205)) - s2: put 117, m58 -> (t:1, i:117), STATEMACHINELOGENTRY, 444@client-70D4234AB40A
2022-11-11 07:37:05,185 [s0-server-thread1] DEBUG raftlog.RaftLog (SegmentedRaftLog.java:appendImpl(446)) - truncateIndex=-1, arrayIndex=0
2022-11-11 07:37:05,185 [s2-server-thread1] DEBUG raftlog.RaftLog (SegmentedRaftLog.java:appendImpl(446)) - truncateIndex=-1, arrayIndex=0
2022-11-11 07:37:05,186 [s1@group-DC0BCF2C7030-StateMachineUpdater] INFO  impl.SimpleStateMachine4Testing (SimpleStateMachine4Testing.java:put(205)) - s1: put 119, m59 -> (t:1, i:119), STATEMACHINELOGENTRY, 445@client-70D4234AB40A
2022-11-11 07:37:05,188 [s0-server-thread1] DEBUG raftlog.RaftLog (SegmentedRaftLog.java:appendImpl(446)) - truncateIndex=-1, arrayIndex=0
2022-11-11 07:37:05,188 [s2-server-thread1] DEBUG raftlog.RaftLog (SegmentedRaftLog.java:appendImpl(446)) - truncateIndex=-1, arrayIndex=0
2022-11-11 07:37:05,189 [s0@group-DC0BCF2C7030-StateMachineUpdater] INFO  impl.SimpleStateMachine4Testing (SimpleStateMachine4Testing.java:put(205)) - s0: put 119, m59 -> (t:1, i:119), STATEMACHINELOGENTRY, 445@client-70D4234AB40A
2022-11-11 07:37:05,189 [s2@group-DC0BCF2C7030-StateMachineUpdater] INFO  impl.SimpleStateMachine4Testing (SimpleStateMachine4Testing.java:put(205)) - s2: put 119, m59 -> (t:1, i:119), STATEMACHINELOGENTRY, 445@client-70D4234AB40A
2022-11-11 07:37:05,192 [s0-server-thread1] DEBUG raftlog.RaftLog (SegmentedRaftLog.java:appendImpl(446)) - truncateIndex=-1, arrayIndex=0
2022-11-11 07:37:05,193 [s2-server-thread1] DEBUG raftlog.RaftLog (SegmentedRaftLog.java:appendImpl(446)) - truncateIndex=-1, arrayIndex=0
2022-11-11 07:37:05,194 [s1@group-DC0BCF2C7030-StateMachineUpdater] INFO  impl.SimpleStateMachine4Testing (SimpleStateMachine4Testing.java:put(205)) - s1: put 121, m60 -> (t:1, i:121), STATEMACHINELOGENTRY, 446@client-70D4234AB40A
2022-11-11 07:37:05,195 [s0-server-thread1] DEBUG raftlog.RaftLog (SegmentedRaftLog.java:appendImpl(446)) - truncateIndex=-1, arrayIndex=0
2022-11-11 07:37:05,196 [s0@group-DC0BCF2C7030-StateMachineUpdater] INFO  impl.SimpleStateMachine4Testing (SimpleStateMachine4Testing.java:put(205)) - s0: put 121, m60 -> (t:1, i:121), STATEMACHINELOGENTRY, 446@client-70D4234AB40A
2022-11-11 07:37:05,196 [s2-server-thread1] DEBUG raftlog.RaftLog (SegmentedRaftLog.java:appendImpl(446)) - truncateIndex=-1, arrayIndex=0
2022-11-11 07:37:05,197 [s2@group-DC0BCF2C7030-StateMachineUpdater] INFO  impl.SimpleStateMachine4Testing (SimpleStateMachine4Testing.java:put(205)) - s2: put 121, m60 -> (t:1, i:121), STATEMACHINELOGENTRY, 446@client-70D4234AB40A
2022-11-11 07:37:05,199 [s2-server-thread1] DEBUG raftlog.RaftLog (SegmentedRaftLog.java:appendImpl(446)) - truncateIndex=-1, arrayIndex=0
2022-11-11 07:37:05,199 [s0-server-thread1] DEBUG raftlog.RaftLog (SegmentedRaftLog.java:appendImpl(446)) - truncateIndex=-1, arrayIndex=0
2022-11-11 07:37:05,201 [s1@group-DC0BCF2C7030-StateMachineUpdater] INFO  impl.SimpleStateMachine4Testing (SimpleStateMachine4Testing.java:put(205)) - s1: put 123, m61 -> (t:1, i:123), STATEMACHINELOGENTRY, 447@client-70D4234AB40A
2022-11-11 07:37:05,201 [s2-server-thread1] DEBUG raftlog.RaftLog (SegmentedRaftLog.java:appendImpl(446)) - truncateIndex=-1, arrayIndex=0
2022-11-11 07:37:05,203 [s2@group-DC0BCF2C7030-StateMachineUpdater] INFO  impl.SimpleStateMachine4Testing (SimpleStateMachine4Testing.java:put(205)) - s2: put 123, m61 -> (t:1, i:123), STATEMACHINELOGENTRY, 447@client-70D4234AB40A
2022-11-11 07:37:05,203 [s0-server-thread1] DEBUG raftlog.RaftLog (SegmentedRaftLog.java:appendImpl(446)) - truncateIndex=-1, arrayIndex=0
2022-11-11 07:37:05,204 [s0@group-DC0BCF2C7030-StateMachineUpdater] INFO  impl.SimpleStateMachine4Testing (SimpleStateMachine4Testing.java:put(205)) - s0: put 123, m61 -> (t:1, i:123), STATEMACHINELOGENTRY, 447@client-70D4234AB40A
2022-11-11 07:37:05,205 [s0-server-thread1] DEBUG raftlog.RaftLog (SegmentedRaftLog.java:appendImpl(446)) - truncateIndex=-1, arrayIndex=0
2022-11-11 07:37:05,206 [s2-server-thread1] DEBUG raftlog.RaftLog (SegmentedRaftLog.java:appendImpl(446)) - truncateIndex=-1, arrayIndex=0
2022-11-11 07:37:05,207 [s1@group-DC0BCF2C7030-StateMachineUpdater] INFO  impl.SimpleStateMachine4Testing (SimpleStateMachine4Testing.java:put(205)) - s1: put 125, m62 -> (t:1, i:125), STATEMACHINELOGENTRY, 448@client-70D4234AB40A
2022-11-11 07:37:05,208 [s2-server-thread1] DEBUG raftlog.RaftLog (SegmentedRaftLog.java:appendImpl(446)) - truncateIndex=-1, arrayIndex=0
2022-11-11 07:37:05,209 [s2@group-DC0BCF2C7030-StateMachineUpdater] INFO  impl.SimpleStateMachine4Testing (SimpleStateMachine4Testing.java:put(205)) - s2: put 125, m62 -> (t:1, i:125), STATEMACHINELOGENTRY, 448@client-70D4234AB40A
2022-11-11 07:37:05,213 [s0-server-thread1] DEBUG raftlog.RaftLog (SegmentedRaftLog.java:appendImpl(446)) - truncateIndex=-1, arrayIndex=0
2022-11-11 07:37:05,214 [s0@group-DC0BCF2C7030-StateMachineUpdater] INFO  impl.SimpleStateMachine4Testing (SimpleStateMachine4Testing.java:put(205)) - s0: put 125, m62 -> (t:1, i:125), STATEMACHINELOGENTRY, 448@client-70D4234AB40A
2022-11-11 07:37:05,215 [s0-server-thread1] DEBUG raftlog.RaftLog (SegmentedRaftLog.java:appendImpl(446)) - truncateIndex=-1, arrayIndex=0
2022-11-11 07:37:05,216 [s2-server-thread1] DEBUG raftlog.RaftLog (SegmentedRaftLog.java:appendImpl(446)) - truncateIndex=-1, arrayIndex=0
2022-11-11 07:37:05,217 [s1@group-DC0BCF2C7030-StateMachineUpdater] INFO  impl.SimpleStateMachine4Testing (SimpleStateMachine4Testing.java:put(205)) - s1: put 127, m63 -> (t:1, i:127), STATEMACHINELOGENTRY, 449@client-70D4234AB40A
2022-11-11 07:37:05,222 [s2-server-thread1] DEBUG raftlog.RaftLog (SegmentedRaftLog.java:appendImpl(446)) - truncateIndex=-1, arrayIndex=0
2022-11-11 07:37:05,222 [s0-server-thread1] DEBUG raftlog.RaftLog (SegmentedRaftLog.java:appendImpl(446)) - truncateIndex=-1, arrayIndex=0
2022-11-11 07:37:05,224 [s0-server-thread1] DEBUG raftlog.RaftLog (SegmentedRaftLog.java:appendImpl(446)) - truncateIndex=-1, arrayIndex=0
2022-11-11 07:37:05,224 [s2-server-thread1] DEBUG raftlog.RaftLog (SegmentedRaftLog.java:appendImpl(446)) - truncateIndex=-1, arrayIndex=0
2022-11-11 07:37:05,228 [s2@group-DC0BCF2C7030-StateMachineUpdater] INFO  impl.SimpleStateMachine4Testing (SimpleStateMachine4Testing.java:put(205)) - s2: put 127, m63 -> (t:1, i:127), STATEMACHINELOGENTRY, 449@client-70D4234AB40A
2022-11-11 07:37:05,232 [s0@group-DC0BCF2C7030-StateMachineUpdater] INFO  impl.SimpleStateMachine4Testing (SimpleStateMachine4Testing.java:put(205)) - s0: put 127, m63 -> (t:1, i:127), STATEMACHINELOGENTRY, 449@client-70D4234AB40A
2022-11-11 07:37:05,238 [s0-server-thread1] DEBUG raftlog.RaftLog (SegmentedRaftLog.java:appendImpl(446)) - truncateIndex=-1, arrayIndex=0
2022-11-11 07:37:05,239 [s2-server-thread1] DEBUG raftlog.RaftLog (SegmentedRaftLog.java:appendImpl(446)) - truncateIndex=-1, arrayIndex=0
2022-11-11 07:37:05,251 [s1@group-DC0BCF2C7030-StateMachineUpdater] INFO  impl.StateMachineUpdater (StateMachineUpdater.java:takeSnapshot(290)) - s1@group-DC0BCF2C7030-StateMachineUpdater: Took a snapshot at index 127
2022-11-11 07:37:05,251 [s1@group-DC0BCF2C7030-StateMachineUpdater] INFO  impl.StateMachineUpdater (StateMachineUpdater.java:lambda$new$0(96)) - s1@group-DC0BCF2C7030-StateMachineUpdater: snapshotIndex: updateIncreasingly 63 -> 127
2022-11-11 07:37:05,251 [s1@group-DC0BCF2C7030-StateMachineUpdater] INFO  raftlog.RaftLog (RaftLogBase.java:purge(314)) - s1@group-DC0BCF2C7030-SegmentedRaftLog: purge 127
2022-11-11 07:37:05,251 [s1@group-DC0BCF2C7030-StateMachineUpdater] INFO  raftlog.RaftLog (RaftLogBase.java:lambda$new$0(53)) - s1@group-DC0BCF2C7030-SegmentedRaftLog: snapshotIndex: updateIncreasingly 63 -> 127
2022-11-11 07:37:05,251 [s1@group-DC0BCF2C7030-StateMachineUpdater] DEBUG raftlog.RaftLog (SegmentedRaftLog.java:purgeImpl(366)) - purging segments:toTruncate: null
  toDelete: [(51, 78) isOpen? false, length=0, newEndIndex=0, (79, 106) isOpen? false, length=0, newEndIndex=0]
2022-11-11 07:37:05,251 [s1@group-DC0BCF2C7030-StateMachineUpdater] INFO  impl.SimpleStateMachine4Testing (SimpleStateMachine4Testing.java:put(205)) - s1: put 129, m64 -> (t:1, i:129), STATEMACHINELOGENTRY, 450@client-70D4234AB40A
2022-11-11 07:37:05,251 [s1@group-DC0BCF2C7030-SegmentedRaftLogWorker] TRACE util.FileUtils (LogUtils.java:runAndLog(49)) - Successfully ran Files.delete /home/runner/work/ratis/ratis/ratis-test/target/test/data/badbfba9/MiniRaftClusterWithGrpcf526e0ef/s1/4c2c9efe-0344-4438-a419-dc0bcf2c7030/current/log_51-78
2022-11-11 07:37:05,251 [s1@group-DC0BCF2C7030-SegmentedRaftLogWorker] TRACE util.FileUtils (LogUtils.java:runAndLog(49)) - Successfully ran Files.delete /home/runner/work/ratis/ratis/ratis-test/target/test/data/badbfba9/MiniRaftClusterWithGrpcf526e0ef/s1/4c2c9efe-0344-4438-a419-dc0bcf2c7030/current/log_79-106
2022-11-11 07:37:05,251 [s1@group-DC0BCF2C7030-SegmentedRaftLogWorker] INFO  raftlog.RaftLog (RaftLogBase.java:lambda$new$0(53)) - s1@group-DC0BCF2C7030-SegmentedRaftLog: purgeIndex: updateToMax old=50, new=106, updated? true
2022-11-11 07:37:05,254 [s2-server-thread1] DEBUG raftlog.RaftLog (SegmentedRaftLog.java:appendImpl(446)) - truncateIndex=-1, arrayIndex=0
2022-11-11 07:37:05,255 [s0-server-thread1] DEBUG raftlog.RaftLog (SegmentedRaftLog.java:appendImpl(446)) - truncateIndex=-1, arrayIndex=0
2022-11-11 07:37:05,257 [s2-server-thread1] DEBUG raftlog.RaftLog (SegmentedRaftLog.java:appendImpl(446)) - truncateIndex=-1, arrayIndex=0
2022-11-11 07:37:05,257 [s0-server-thread1] DEBUG raftlog.RaftLog (SegmentedRaftLog.java:appendImpl(446)) - truncateIndex=-1, arrayIndex=0
2022-11-11 07:37:05,259 [s1@group-DC0BCF2C7030-StateMachineUpdater] INFO  impl.SimpleStateMachine4Testing (SimpleStateMachine4Testing.java:put(205)) - s1: put 131, m65 -> (t:1, i:131), STATEMACHINELOGENTRY, 451@client-70D4234AB40A
2022-11-11 07:37:05,262 [s0-server-thread1] DEBUG raftlog.RaftLog (SegmentedRaftLog.java:appendImpl(446)) - truncateIndex=-1, arrayIndex=0
2022-11-11 07:37:05,262 [s2-server-thread1] DEBUG raftlog.RaftLog (SegmentedRaftLog.java:appendImpl(446)) - truncateIndex=-1, arrayIndex=0
2022-11-11 07:37:05,263 [s2-server-thread1] DEBUG raftlog.RaftLog (SegmentedRaftLog.java:appendImpl(446)) - truncateIndex=-1, arrayIndex=0
2022-11-11 07:37:05,263 [s0-server-thread1] DEBUG raftlog.RaftLog (SegmentedRaftLog.java:appendImpl(446)) - truncateIndex=-1, arrayIndex=0
2022-11-11 07:37:05,264 [s1@group-DC0BCF2C7030-StateMachineUpdater] INFO  impl.SimpleStateMachine4Testing (SimpleStateMachine4Testing.java:put(205)) - s1: put 133, m66 -> (t:1, i:133), STATEMACHINELOGENTRY, 452@client-70D4234AB40A
2022-11-11 07:37:05,266 [s1-client-thread1] INFO  segmented.SegmentedRaftLogWorker (SegmentedRaftLogWorker.java:rollLogSegment(436)) - s1@group-DC0BCF2C7030-SegmentedRaftLogWorker: Rolling segment log-107_134 to index:134
2022-11-11 07:37:05,266 [s1@group-DC0BCF2C7030-SegmentedRaftLogWorker] TRACE util.FileUtils (LogUtils.java:runAndLog(49)) - Successfully ran Atomic Files.move /home/runner/work/ratis/ratis/ratis-test/target/test/data/badbfba9/MiniRaftClusterWithGrpcf526e0ef/s1/4c2c9efe-0344-4438-a419-dc0bcf2c7030/current/log_inprogress_107 to /home/runner/work/ratis/ratis/ratis-test/target/test/data/badbfba9/MiniRaftClusterWithGrpcf526e0ef/s1/4c2c9efe-0344-4438-a419-dc0bcf2c7030/current/log_107-134
2022-11-11 07:37:05,266 [s1@group-DC0BCF2C7030-SegmentedRaftLogWorker] INFO  segmented.SegmentedRaftLogWorker (SegmentedRaftLogWorker.java:execute(592)) - s1@group-DC0BCF2C7030-SegmentedRaftLogWorker: Rolled log segment from /home/runner/work/ratis/ratis/ratis-test/target/test/data/badbfba9/MiniRaftClusterWithGrpcf526e0ef/s1/4c2c9efe-0344-4438-a419-dc0bcf2c7030/current/log_inprogress_107 to /home/runner/work/ratis/ratis/ratis-test/target/test/data/badbfba9/MiniRaftClusterWithGrpcf526e0ef/s1/4c2c9efe-0344-4438-a419-dc0bcf2c7030/current/log_107-134
2022-11-11 07:37:05,266 [s2-server-thread2] DEBUG raftlog.RaftLog (SegmentedRaftLog.java:appendImpl(446)) - truncateIndex=-1, arrayIndex=0
2022-11-11 07:37:05,268 [s2-server-thread2] INFO  segmented.SegmentedRaftLogWorker (SegmentedRaftLogWorker.java:rollLogSegment(436)) - s2@group-DC0BCF2C7030-SegmentedRaftLogWorker: Rolling segment log-107_134 to index:134
2022-11-11 07:37:05,268 [s0-server-thread1] DEBUG raftlog.RaftLog (SegmentedRaftLog.java:appendImpl(446)) - truncateIndex=-1, arrayIndex=0
2022-11-11 07:37:05,268 [s0-server-thread1] INFO  segmented.SegmentedRaftLogWorker (SegmentedRaftLogWorker.java:rollLogSegment(436)) - s0@group-DC0BCF2C7030-SegmentedRaftLogWorker: Rolling segment log-107_134 to index:134
2022-11-11 07:37:05,269 [s2@group-DC0BCF2C7030-StateMachineUpdater] INFO  impl.StateMachineUpdater (StateMachineUpdater.java:takeSnapshot(290)) - s2@group-DC0BCF2C7030-StateMachineUpdater: Took a snapshot at index 127
2022-11-11 07:37:05,269 [s2@group-DC0BCF2C7030-StateMachineUpdater] INFO  impl.StateMachineUpdater (StateMachineUpdater.java:lambda$new$0(96)) - s2@group-DC0BCF2C7030-StateMachineUpdater: snapshotIndex: updateIncreasingly 63 -> 127
2022-11-11 07:37:05,270 [s2@group-DC0BCF2C7030-StateMachineUpdater] INFO  raftlog.RaftLog (RaftLogBase.java:purge(314)) - s2@group-DC0BCF2C7030-SegmentedRaftLog: purge 127
2022-11-11 07:37:05,270 [s2@group-DC0BCF2C7030-StateMachineUpdater] INFO  raftlog.RaftLog (RaftLogBase.java:lambda$new$0(53)) - s2@group-DC0BCF2C7030-SegmentedRaftLog: snapshotIndex: updateIncreasingly 63 -> 127
2022-11-11 07:37:05,270 [s2@group-DC0BCF2C7030-StateMachineUpdater] DEBUG raftlog.RaftLog (SegmentedRaftLog.java:purgeImpl(366)) - purging segments:toTruncate: null
  toDelete: [(79, 106) isOpen? false, length=0, newEndIndex=0, (51, 78) isOpen? false, length=0, newEndIndex=0]
2022-11-11 07:37:05,270 [s2@group-DC0BCF2C7030-StateMachineUpdater] INFO  impl.SimpleStateMachine4Testing (SimpleStateMachine4Testing.java:put(205)) - s2: put 129, m64 -> (t:1, i:129), STATEMACHINELOGENTRY, 450@client-70D4234AB40A
2022-11-11 07:37:05,270 [s2@group-DC0BCF2C7030-StateMachineUpdater] INFO  impl.SimpleStateMachine4Testing (SimpleStateMachine4Testing.java:put(205)) - s2: put 131, m65 -> (t:1, i:131), STATEMACHINELOGENTRY, 451@client-70D4234AB40A
2022-11-11 07:37:05,270 [s2@group-DC0BCF2C7030-StateMachineUpdater] INFO  impl.SimpleStateMachine4Testing (SimpleStateMachine4Testing.java:put(205)) - s2: put 133, m66 -> (t:1, i:133), STATEMACHINELOGENTRY, 452@client-70D4234AB40A
2022-11-11 07:37:05,270 [s2@group-DC0BCF2C7030-SegmentedRaftLogWorker] TRACE util.FileUtils (LogUtils.java:runAndLog(49)) - Successfully ran Atomic Files.move /home/runner/work/ratis/ratis/ratis-test/target/test/data/badbfba9/MiniRaftClusterWithGrpcf526e0ef/s2/4c2c9efe-0344-4438-a419-dc0bcf2c7030/current/log_inprogress_107 to /home/runner/work/ratis/ratis/ratis-test/target/test/data/badbfba9/MiniRaftClusterWithGrpcf526e0ef/s2/4c2c9efe-0344-4438-a419-dc0bcf2c7030/current/log_107-134
2022-11-11 07:37:05,271 [s2@group-DC0BCF2C7030-SegmentedRaftLogWorker] INFO  segmented.SegmentedRaftLogWorker (SegmentedRaftLogWorker.java:execute(592)) - s2@group-DC0BCF2C7030-SegmentedRaftLogWorker: Rolled log segment from /home/runner/work/ratis/ratis/ratis-test/target/test/data/badbfba9/MiniRaftClusterWithGrpcf526e0ef/s2/4c2c9efe-0344-4438-a419-dc0bcf2c7030/current/log_inprogress_107 to /home/runner/work/ratis/ratis/ratis-test/target/test/data/badbfba9/MiniRaftClusterWithGrpcf526e0ef/s2/4c2c9efe-0344-4438-a419-dc0bcf2c7030/current/log_107-134
2022-11-11 07:37:05,271 [s0@group-DC0BCF2C7030-SegmentedRaftLogWorker] TRACE util.FileUtils (LogUtils.java:runAndLog(49)) - Successfully ran Atomic Files.move /home/runner/work/ratis/ratis/ratis-test/target/test/data/badbfba9/MiniRaftClusterWithGrpcf526e0ef/s0/4c2c9efe-0344-4438-a419-dc0bcf2c7030/current/log_inprogress_107 to /home/runner/work/ratis/ratis/ratis-test/target/test/data/badbfba9/MiniRaftClusterWithGrpcf526e0ef/s0/4c2c9efe-0344-4438-a419-dc0bcf2c7030/current/log_107-134
2022-11-11 07:37:05,271 [s0@group-DC0BCF2C7030-SegmentedRaftLogWorker] INFO  segmented.SegmentedRaftLogWorker (SegmentedRaftLogWorker.java:execute(592)) - s0@group-DC0BCF2C7030-SegmentedRaftLogWorker: Rolled log segment from /home/runner/work/ratis/ratis/ratis-test/target/test/data/badbfba9/MiniRaftClusterWithGrpcf526e0ef/s0/4c2c9efe-0344-4438-a419-dc0bcf2c7030/current/log_inprogress_107 to /home/runner/work/ratis/ratis/ratis-test/target/test/data/badbfba9/MiniRaftClusterWithGrpcf526e0ef/s0/4c2c9efe-0344-4438-a419-dc0bcf2c7030/current/log_107-134
2022-11-11 07:37:05,273 [s2@group-DC0BCF2C7030-SegmentedRaftLogWorker] INFO  segmented.SegmentedRaftLogWorker (SegmentedRaftLogWorker.java:execute(635)) - s2@group-DC0BCF2C7030-SegmentedRaftLogWorker: created new log segment /home/runner/work/ratis/ratis/ratis-test/target/test/data/badbfba9/MiniRaftClusterWithGrpcf526e0ef/s2/4c2c9efe-0344-4438-a419-dc0bcf2c7030/current/log_inprogress_135
2022-11-11 07:37:05,273 [s0@group-DC0BCF2C7030-StateMachineUpdater] INFO  impl.StateMachineUpdater (StateMachineUpdater.java:takeSnapshot(290)) - s0@group-DC0BCF2C7030-StateMachineUpdater: Took a snapshot at index 127
2022-11-11 07:37:05,273 [s0@group-DC0BCF2C7030-StateMachineUpdater] INFO  impl.StateMachineUpdater (StateMachineUpdater.java:lambda$new$0(96)) - s0@group-DC0BCF2C7030-StateMachineUpdater: snapshotIndex: updateIncreasingly 63 -> 127
2022-11-11 07:37:05,274 [s2@group-DC0BCF2C7030-SegmentedRaftLogWorker] TRACE util.FileUtils (LogUtils.java:runAndLog(49)) - Successfully ran Files.delete /home/runner/work/ratis/ratis/ratis-test/target/test/data/badbfba9/MiniRaftClusterWithGrpcf526e0ef/s2/4c2c9efe-0344-4438-a419-dc0bcf2c7030/current/log_79-106
2022-11-11 07:37:05,274 [s1@group-DC0BCF2C7030-SegmentedRaftLogWorker] INFO  segmented.SegmentedRaftLogWorker (SegmentedRaftLogWorker.java:execute(635)) - s1@group-DC0BCF2C7030-SegmentedRaftLogWorker: created new log segment /home/runner/work/ratis/ratis/ratis-test/target/test/data/badbfba9/MiniRaftClusterWithGrpcf526e0ef/s1/4c2c9efe-0344-4438-a419-dc0bcf2c7030/current/log_inprogress_135
2022-11-11 07:37:05,274 [s2@group-DC0BCF2C7030-SegmentedRaftLogWorker] TRACE util.FileUtils (LogUtils.java:runAndLog(49)) - Successfully ran Files.delete /home/runner/work/ratis/ratis/ratis-test/target/test/data/badbfba9/MiniRaftClusterWithGrpcf526e0ef/s2/4c2c9efe-0344-4438-a419-dc0bcf2c7030/current/log_51-78
2022-11-11 07:37:05,274 [s2@group-DC0BCF2C7030-SegmentedRaftLogWorker] INFO  raftlog.RaftLog (RaftLogBase.java:lambda$new$0(53)) - s2@group-DC0BCF2C7030-SegmentedRaftLog: purgeIndex: updateToMax old=50, new=106, updated? true
2022-11-11 07:37:05,274 [s0@group-DC0BCF2C7030-StateMachineUpdater] INFO  raftlog.RaftLog (RaftLogBase.java:purge(314)) - s0@group-DC0BCF2C7030-SegmentedRaftLog: purge 127
2022-11-11 07:37:05,274 [s0@group-DC0BCF2C7030-StateMachineUpdater] INFO  raftlog.RaftLog (RaftLogBase.java:lambda$new$0(53)) - s0@group-DC0BCF2C7030-SegmentedRaftLog: snapshotIndex: updateIncreasingly 63 -> 127
2022-11-11 07:37:05,274 [s0@group-DC0BCF2C7030-StateMachineUpdater] DEBUG raftlog.RaftLog (SegmentedRaftLog.java:purgeImpl(366)) - purging segments:toTruncate: null
  toDelete: [(79, 106) isOpen? false, length=0, newEndIndex=0, (51, 78) isOpen? false, length=0, newEndIndex=0]
2022-11-11 07:37:05,274 [s0@group-DC0BCF2C7030-StateMachineUpdater] INFO  impl.SimpleStateMachine4Testing (SimpleStateMachine4Testing.java:put(205)) - s0: put 129, m64 -> (t:1, i:129), STATEMACHINELOGENTRY, 450@client-70D4234AB40A
2022-11-11 07:37:05,274 [s0@group-DC0BCF2C7030-SegmentedRaftLogWorker] INFO  segmented.SegmentedRaftLogWorker (SegmentedRaftLogWorker.java:execute(635)) - s0@group-DC0BCF2C7030-SegmentedRaftLogWorker: created new log segment /home/runner/work/ratis/ratis/ratis-test/target/test/data/badbfba9/MiniRaftClusterWithGrpcf526e0ef/s0/4c2c9efe-0344-4438-a419-dc0bcf2c7030/current/log_inprogress_135
2022-11-11 07:37:05,275 [s0@group-DC0BCF2C7030-SegmentedRaftLogWorker] TRACE util.FileUtils (LogUtils.java:runAndLog(49)) - Successfully ran Files.delete /home/runner/work/ratis/ratis/ratis-test/target/test/data/badbfba9/MiniRaftClusterWithGrpcf526e0ef/s0/4c2c9efe-0344-4438-a419-dc0bcf2c7030/current/log_79-106
2022-11-11 07:37:05,275 [s0@group-DC0BCF2C7030-SegmentedRaftLogWorker] TRACE util.FileUtils (LogUtils.java:runAndLog(49)) - Successfully ran Files.delete /home/runner/work/ratis/ratis/ratis-test/target/test/data/badbfba9/MiniRaftClusterWithGrpcf526e0ef/s0/4c2c9efe-0344-4438-a419-dc0bcf2c7030/current/log_51-78
2022-11-11 07:37:05,275 [s0@group-DC0BCF2C7030-SegmentedRaftLogWorker] INFO  raftlog.RaftLog (RaftLogBase.java:lambda$new$0(53)) - s0@group-DC0BCF2C7030-SegmentedRaftLog: purgeIndex: updateToMax old=50, new=106, updated? true
2022-11-11 07:37:05,275 [s0@group-DC0BCF2C7030-StateMachineUpdater] INFO  impl.SimpleStateMachine4Testing (SimpleStateMachine4Testing.java:put(205)) - s0: put 131, m65 -> (t:1, i:131), STATEMACHINELOGENTRY, 451@client-70D4234AB40A
2022-11-11 07:37:05,275 [s0@group-DC0BCF2C7030-StateMachineUpdater] INFO  impl.SimpleStateMachine4Testing (SimpleStateMachine4Testing.java:put(205)) - s0: put 133, m66 -> (t:1, i:133), STATEMACHINELOGENTRY, 452@client-70D4234AB40A
2022-11-11 07:37:08,266 [timer7] WARN  server.GrpcLogAppender (GrpcLogAppender.java:timeoutAppendRequest(311)) - s1@group-DC0BCF2C7030->s0-GrpcLogAppender:  appendEntries Timeout, request=AppendEntriesRequest:cid=326,entriesCount=1,lastEntry=(t:1, i:135)
2022-11-11 07:37:08,266 [timer6] WARN  server.GrpcLogAppender (GrpcLogAppender.java:timeoutAppendRequest(311)) - s1@group-DC0BCF2C7030->s2-GrpcLogAppender:  appendEntries Timeout, request=AppendEntriesRequest:cid=334,entriesCount=1,lastEntry=(t:1, i:135)
2022-11-11 07:37:08,383 [null-request--thread1] INFO  server.GrpcClientProtocolService (GrpcClientProtocolService.java:lambda$processClientRequest$0(284)) - Failed RaftClientRequest:client-70D4234AB40A->s2@group-DC0BCF2C7030, cid=453, seq=0, RW, Message:6d3637, reply=RaftClientReply:client-70D4234AB40A->s2@group-DC0BCF2C7030, cid=453, FAILED org.apache.ratis.protocol.exceptions.NotLeaderException: Server s2@group-DC0BCF2C7030 is not the leader s1|rpc:localhost:33469|admin:localhost:35601|client:localhost:38107|dataStream:localhost:41079|priority:0|startupRole:FOLLOWER, logIndex=0, commits[s2:c133, s0:c133, s1:c134]
2022-11-11 07:37:11,601 [null-request--thread1] INFO  server.GrpcClientProtocolService (GrpcClientProtocolService.java:lambda$processClientRequest$0(284)) - Failed RaftClientRequest:client-70D4234AB40A->s2@group-DC0BCF2C7030, cid=453, seq=0, RW, Message:6d3637, reply=RaftClientReply:client-70D4234AB40A->s2@group-DC0BCF2C7030, cid=453, FAILED org.apache.ratis.protocol.exceptions.NotLeaderException: Server s2@group-DC0BCF2C7030 is not the leader s1|rpc:localhost:33469|admin:localhost:35601|client:localhost:38107|dataStream:localhost:41079|priority:0|startupRole:FOLLOWER, logIndex=0, commits[s2:c133, s0:c133, s1:c134]
2022-11-11 07:37:14,330 [Timer-3] INFO  impl.MiniRaftCluster (MiniRaftCluster.java:lambda$start$6(349)) - TIMED-PRINT: printing ALL groups
  s0:  RUNNING  FOLLOWER s0@group-DC0BCF2C7030:t1, leader=s1, voted=s0, raftlog=Memoized:s0@group-DC0BCF2C7030-SegmentedRaftLog:OPENED:c133, conf=0: peers:[s0|rpc:localhost:38889|admin:localhost:33369|client:localhost:36221|dataStream:localhost:44045|priority:0|startupRole:FOLLOWER, s1|rpc:localhost:33469|admin:localhost:35601|client:localhost:38107|dataStream:localhost:41079|priority:0|startupRole:FOLLOWER, s2|rpc:localhost:39335|admin:localhost:35389|client:localhost:32863|dataStream:localhost:40831|priority:0|startupRole:FOLLOWER]|listeners:[], old=null RUNNING
  s1:  RUNNING    LEADER s1@group-DC0BCF2C7030:t1, leader=s1, voted=s1, raftlog=Memoized:s1@group-DC0BCF2C7030-SegmentedRaftLog:OPENED:c134, conf=0: peers:[s0|rpc:localhost:38889|admin:localhost:33369|client:localhost:36221|dataStream:localhost:44045|priority:0|startupRole:FOLLOWER, s1|rpc:localhost:33469|admin:localhost:35601|client:localhost:38107|dataStream:localhost:41079|priority:0|startupRole:FOLLOWER, s2|rpc:localhost:39335|admin:localhost:35389|client:localhost:32863|dataStream:localhost:40831|priority:0|startupRole:FOLLOWER]|listeners:[], old=null RUNNING
  s2:  RUNNING  FOLLOWER s2@group-DC0BCF2C7030:t1, leader=s1, voted=s1, raftlog=Memoized:s2@group-DC0BCF2C7030-SegmentedRaftLog:OPENED:c133, conf=0: peers:[s0|rpc:localhost:38889|admin:localhost:33369|client:localhost:36221|dataStream:localhost:44045|priority:0|startupRole:FOLLOWER, s1|rpc:localhost:33469|admin:localhost:35601|client:localhost:38107|dataStream:localhost:41079|priority:0|startupRole:FOLLOWER, s2|rpc:localhost:39335|admin:localhost:35389|client:localhost:32863|dataStream:localhost:40831|priority:0|startupRole:FOLLOWER]|listeners:[], old=null RUNNING
2022-11-11 07:37:14,819 [null-request--thread1] INFO  server.GrpcClientProtocolService (GrpcClientProtocolService.java:lambda$processClientRequest$0(284)) - Failed RaftClientRequest:client-70D4234AB40A->s2@group-DC0BCF2C7030, cid=453, seq=0, RW, Message:6d3637, reply=RaftClientReply:client-70D4234AB40A->s2@group-DC0BCF2C7030, cid=453, FAILED org.apache.ratis.protocol.exceptions.NotLeaderException: Server s2@group-DC0BCF2C7030 is not the leader s1|rpc:localhost:33469|admin:localhost:35601|client:localhost:38107|dataStream:localhost:41079|priority:0|startupRole:FOLLOWER, logIndex=0, commits[s2:c133, s0:c133, s1:c134]
2022-11-11 07:37:18,033 [null-request--thread1] INFO  server.GrpcClientProtocolService (GrpcClientProtocolService.java:lambda$processClientRequest$0(284)) - Failed RaftClientRequest:client-70D4234AB40A->s2@group-DC0BCF2C7030, cid=453, seq=0, RW, Message:6d3637, reply=RaftClientReply:client-70D4234AB40A->s2@group-DC0BCF2C7030, cid=453, FAILED org.apache.ratis.protocol.exceptions.NotLeaderException: Server s2@group-DC0BCF2C7030 is not the leader s1|rpc:localhost:33469|admin:localhost:35601|client:localhost:38107|dataStream:localhost:41079|priority:0|startupRole:FOLLOWER, logIndex=0, commits[s2:c133, s0:c133, s1:c134]
2022-11-11 07:37:21,247 [null-request--thread1] INFO  server.GrpcClientProtocolService (GrpcClientProtocolService.java:lambda$processClientRequest$0(284)) - Failed RaftClientRequest:client-70D4234AB40A->s0@group-DC0BCF2C7030, cid=453, seq=0, RW, Message:6d3637, reply=RaftClientReply:client-70D4234AB40A->s0@group-DC0BCF2C7030, cid=453, FAILED org.apache.ratis.protocol.exceptions.NotLeaderException: Server s0@group-DC0BCF2C7030 is not the leader s1|rpc:localhost:33469|admin:localhost:35601|client:localhost:38107|dataStream:localhost:41079|priority:0|startupRole:FOLLOWER, logIndex=0, commits[s0:c133, s1:c134, s2:c133]
2022-11-11 07:37:24,329 [Timer-3] INFO  impl.MiniRaftCluster (MiniRaftCluster.java:lambda$start$6(349)) - TIMED-PRINT: printing ALL groups
  s0:  RUNNING  FOLLOWER s0@group-DC0BCF2C7030:t1, leader=s1, voted=s0, raftlog=Memoized:s0@group-DC0BCF2C7030-SegmentedRaftLog:OPENED:c133, conf=0: peers:[s0|rpc:localhost:38889|admin:localhost:33369|client:localhost:36221|dataStream:localhost:44045|priority:0|startupRole:FOLLOWER, s1|rpc:localhost:33469|admin:localhost:35601|client:localhost:38107|dataStream:localhost:41079|priority:0|startupRole:FOLLOWER, s2|rpc:localhost:39335|admin:localhost:35389|client:localhost:32863|dataStream:localhost:40831|priority:0|startupRole:FOLLOWER]|listeners:[], old=null RUNNING
  s1:  RUNNING    LEADER s1@group-DC0BCF2C7030:t1, leader=s1, voted=s1, raftlog=Memoized:s1@group-DC0BCF2C7030-SegmentedRaftLog:OPENED:c134, conf=0: peers:[s0|rpc:localhost:38889|admin:localhost:33369|client:localhost:36221|dataStream:localhost:44045|priority:0|startupRole:FOLLOWER, s1|rpc:localhost:33469|admin:localhost:35601|client:localhost:38107|dataStream:localhost:41079|priority:0|startupRole:FOLLOWER, s2|rpc:localhost:39335|admin:localhost:35389|client:localhost:32863|dataStream:localhost:40831|priority:0|startupRole:FOLLOWER]|listeners:[], old=null RUNNING
  s2:  RUNNING  FOLLOWER s2@group-DC0BCF2C7030:t1, leader=s1, voted=s1, raftlog=Memoized:s2@group-DC0BCF2C7030-SegmentedRaftLog:OPENED:c133, conf=0: peers:[s0|rpc:localhost:38889|admin:localhost:33369|client:localhost:36221|dataStream:localhost:44045|priority:0|startupRole:FOLLOWER, s1|rpc:localhost:33469|admin:localhost:35601|client:localhost:38107|dataStream:localhost:41079|priority:0|startupRole:FOLLOWER, s2|rpc:localhost:39335|admin:localhost:35389|client:localhost:32863|dataStream:localhost:40831|priority:0|startupRole:FOLLOWER]|listeners:[], old=null RUNNING
2022-11-11 07:37:24,460 [null-request--thread1] INFO  server.GrpcClientProtocolService (GrpcClientProtocolService.java:lambda$processClientRequest$0(284)) - Failed RaftClientRequest:client-70D4234AB40A->s0@group-DC0BCF2C7030, cid=453, seq=0, RW, Message:6d3637, reply=RaftClientReply:client-70D4234AB40A->s0@group-DC0BCF2C7030, cid=453, FAILED org.apache.ratis.protocol.exceptions.NotLeaderException: Server s0@group-DC0BCF2C7030 is not the leader s1|rpc:localhost:33469|admin:localhost:35601|client:localhost:38107|dataStream:localhost:41079|priority:0|startupRole:FOLLOWER, logIndex=0, commits[s0:c133, s1:c134, s2:c133]
2022-11-11 07:37:27,675 [null-request--thread1] INFO  server.GrpcClientProtocolService (GrpcClientProtocolService.java:lambda$processClientRequest$0(284)) - Failed RaftClientRequest:client-70D4234AB40A->s2@group-DC0BCF2C7030, cid=453, seq=0, RW, Message:6d3637, reply=RaftClientReply:client-70D4234AB40A->s2@group-DC0BCF2C7030, cid=453, FAILED org.apache.ratis.protocol.exceptions.NotLeaderException: Server s2@group-DC0BCF2C7030 is not the leader s1|rpc:localhost:33469|admin:localhost:35601|client:localhost:38107|dataStream:localhost:41079|priority:0|startupRole:FOLLOWER, logIndex=0, commits[s2:c133, s0:c133, s1:c134]
2022-11-11 07:37:30,889 [null-request--thread1] INFO  server.GrpcClientProtocolService (GrpcClientProtocolService.java:lambda$processClientRequest$0(284)) - Failed RaftClientRequest:client-70D4234AB40A->s0@group-DC0BCF2C7030, cid=453, seq=0, RW, Message:6d3637, reply=RaftClientReply:client-70D4234AB40A->s0@group-DC0BCF2C7030, cid=453, FAILED org.apache.ratis.protocol.exceptions.NotLeaderException: Server s0@group-DC0BCF2C7030 is not the leader s1|rpc:localhost:33469|admin:localhost:35601|client:localhost:38107|dataStream:localhost:41079|priority:0|startupRole:FOLLOWER, logIndex=0, commits[s0:c133, s1:c134, s2:c133]
2022-11-11 07:37:34,103 [null-request--thread1] INFO  server.GrpcClientProtocolService (GrpcClientProtocolService.java:lambda$processClientRequest$0(284)) - Failed RaftClientRequest:client-70D4234AB40A->s2@group-DC0BCF2C7030, cid=453, seq=0, RW, Message:6d3637, reply=RaftClientReply:client-70D4234AB40A->s2@group-DC0BCF2C7030, cid=453, FAILED org.apache.ratis.protocol.exceptions.NotLeaderException: Server s2@group-DC0BCF2C7030 is not the leader s1|rpc:localhost:33469|admin:localhost:35601|client:localhost:38107|dataStream:localhost:41079|priority:0|startupRole:FOLLOWER, logIndex=0, commits[s2:c133, s0:c133, s1:c134]
2022-11-11 07:37:34,329 [Timer-3] INFO  impl.MiniRaftCluster (MiniRaftCluster.java:lambda$start$6(349)) - TIMED-PRINT: printing ALL groups
  s0:  RUNNING  FOLLOWER s0@group-DC0BCF2C7030:t1, leader=s1, voted=s0, raftlog=Memoized:s0@group-DC0BCF2C7030-SegmentedRaftLog:OPENED:c133, conf=0: peers:[s0|rpc:localhost:38889|admin:localhost:33369|client:localhost:36221|dataStream:localhost:44045|priority:0|startupRole:FOLLOWER, s1|rpc:localhost:33469|admin:localhost:35601|client:localhost:38107|dataStream:localhost:41079|priority:0|startupRole:FOLLOWER, s2|rpc:localhost:39335|admin:localhost:35389|client:localhost:32863|dataStream:localhost:40831|priority:0|startupRole:FOLLOWER]|listeners:[], old=null RUNNING
  s1:  RUNNING    LEADER s1@group-DC0BCF2C7030:t1, leader=s1, voted=s1, raftlog=Memoized:s1@group-DC0BCF2C7030-SegmentedRaftLog:OPENED:c134, conf=0: peers:[s0|rpc:localhost:38889|admin:localhost:33369|client:localhost:36221|dataStream:localhost:44045|priority:0|startupRole:FOLLOWER, s1|rpc:localhost:33469|admin:localhost:35601|client:localhost:38107|dataStream:localhost:41079|priority:0|startupRole:FOLLOWER, s2|rpc:localhost:39335|admin:localhost:35389|client:localhost:32863|dataStream:localhost:40831|priority:0|startupRole:FOLLOWER]|listeners:[], old=null RUNNING
  s2:  RUNNING  FOLLOWER s2@group-DC0BCF2C7030:t1, leader=s1, voted=s1, raftlog=Memoized:s2@group-DC0BCF2C7030-SegmentedRaftLog:OPENED:c133, conf=0: peers:[s0|rpc:localhost:38889|admin:localhost:33369|client:localhost:36221|dataStream:localhost:44045|priority:0|startupRole:FOLLOWER, s1|rpc:localhost:33469|admin:localhost:35601|client:localhost:38107|dataStream:localhost:41079|priority:0|startupRole:FOLLOWER, s2|rpc:localhost:39335|admin:localhost:35389|client:localhost:32863|dataStream:localhost:40831|priority:0|startupRole:FOLLOWER]|listeners:[], old=null RUNNING
2022-11-11 07:37:37,323 [null-request--thread1] INFO  server.GrpcClientProtocolService (GrpcClientProtocolService.java:lambda$processClientRequest$0(284)) - Failed RaftClientRequest:client-70D4234AB40A->s2@group-DC0BCF2C7030, cid=453, seq=0, RW, Message:6d3637, reply=RaftClientReply:client-70D4234AB40A->s2@group-DC0BCF2C7030, cid=453, FAILED org.apache.ratis.protocol.exceptions.NotLeaderException: Server s2@group-DC0BCF2C7030 is not the leader s1|rpc:localhost:33469|admin:localhost:35601|client:localhost:38107|dataStream:localhost:41079|priority:0|startupRole:FOLLOWER, logIndex=0, commits[s2:c133, s0:c133, s1:c134]
2022-11-11 07:37:40,536 [null-request--thread1] INFO  server.GrpcClientProtocolService (GrpcClientProtocolService.java:lambda$processClientRequest$0(284)) - Failed RaftClientRequest:client-70D4234AB40A->s2@group-DC0BCF2C7030, cid=453, seq=0, RW, Message:6d3637, reply=RaftClientReply:client-70D4234AB40A->s2@group-DC0BCF2C7030, cid=453, FAILED org.apache.ratis.protocol.exceptions.NotLeaderException: Server s2@group-DC0BCF2C7030 is not the leader s1|rpc:localhost:33469|admin:localhost:35601|client:localhost:38107|dataStream:localhost:41079|priority:0|startupRole:FOLLOWER, logIndex=0, commits[s2:c133, s0:c133, s1:c134]
2022-11-11 07:37:43,755 [null-request--thread1] INFO  server.GrpcClientProtocolService (GrpcClientProtocolService.java:lambda$processClientRequest$0(284)) - Failed RaftClientRequest:client-70D4234AB40A->s0@group-DC0BCF2C7030, cid=453, seq=0, RW, Message:6d3637, reply=RaftClientReply:client-70D4234AB40A->s0@group-DC0BCF2C7030, cid=453, FAILED org.apache.ratis.protocol.exceptions.NotLeaderException: Server s0@group-DC0BCF2C7030 is not the leader s1|rpc:localhost:33469|admin:localhost:35601|client:localhost:38107|dataStream:localhost:41079|priority:0|startupRole:FOLLOWER, logIndex=0, commits[s0:c133, s1:c134, s2:c133]
2022-11-11 07:37:44,329 [Timer-3] INFO  impl.MiniRaftCluster (MiniRaftCluster.java:lambda$start$6(349)) - TIMED-PRINT: printing ALL groups
  s0:  RUNNING  FOLLOWER s0@group-DC0BCF2C7030:t1, leader=s1, voted=s0, raftlog=Memoized:s0@group-DC0BCF2C7030-SegmentedRaftLog:OPENED:c133, conf=0: peers:[s0|rpc:localhost:38889|admin:localhost:33369|client:localhost:36221|dataStream:localhost:44045|priority:0|startupRole:FOLLOWER, s1|rpc:localhost:33469|admin:localhost:35601|client:localhost:38107|dataStream:localhost:41079|priority:0|startupRole:FOLLOWER, s2|rpc:localhost:39335|admin:localhost:35389|client:localhost:32863|dataStream:localhost:40831|priority:0|startupRole:FOLLOWER]|listeners:[], old=null RUNNING
  s1:  RUNNING    LEADER s1@group-DC0BCF2C7030:t1, leader=s1, voted=s1, raftlog=Memoized:s1@group-DC0BCF2C7030-SegmentedRaftLog:OPENED:c134, conf=0: peers:[s0|rpc:localhost:38889|admin:localhost:33369|client:localhost:36221|dataStream:localhost:44045|priority:0|startupRole:FOLLOWER, s1|rpc:localhost:33469|admin:localhost:35601|client:localhost:38107|dataStream:localhost:41079|priority:0|startupRole:FOLLOWER, s2|rpc:localhost:39335|admin:localhost:35389|client:localhost:32863|dataStream:localhost:40831|priority:0|startupRole:FOLLOWER]|listeners:[], old=null RUNNING
  s2:  RUNNING  FOLLOWER s2@group-DC0BCF2C7030:t1, leader=s1, voted=s1, raftlog=Memoized:s2@group-DC0BCF2C7030-SegmentedRaftLog:OPENED:c133, conf=0: peers:[s0|rpc:localhost:38889|admin:localhost:33369|client:localhost:36221|dataStream:localhost:44045|priority:0|startupRole:FOLLOWER, s1|rpc:localhost:33469|admin:localhost:35601|client:localhost:38107|dataStream:localhost:41079|priority:0|startupRole:FOLLOWER, s2|rpc:localhost:39335|admin:localhost:35389|client:localhost:32863|dataStream:localhost:40831|priority:0|startupRole:FOLLOWER]|listeners:[], old=null RUNNING
2022-11-11 07:37:46,970 [null-request--thread1] INFO  server.GrpcClientProtocolService (GrpcClientProtocolService.java:lambda$processClientRequest$0(284)) - Failed RaftClientRequest:client-70D4234AB40A->s0@group-DC0BCF2C7030, cid=453, seq=0, RW, Message:6d3637, reply=RaftClientReply:client-70D4234AB40A->s0@group-DC0BCF2C7030, cid=453, FAILED org.apache.ratis.protocol.exceptions.NotLeaderException: Server s0@group-DC0BCF2C7030 is not the leader s1|rpc:localhost:33469|admin:localhost:35601|client:localhost:38107|dataStream:localhost:41079|priority:0|startupRole:FOLLOWER, logIndex=0, commits[s0:c133, s1:c134, s2:c133]
2022-11-11 07:37:50,187 [null-request--thread1] INFO  server.GrpcClientProtocolService (GrpcClientProtocolService.java:lambda$processClientRequest$0(284)) - Failed RaftClientRequest:client-70D4234AB40A->s2@group-DC0BCF2C7030, cid=453, seq=0, RW, Message:6d3637, reply=RaftClientReply:client-70D4234AB40A->s2@group-DC0BCF2C7030, cid=453, FAILED org.apache.ratis.protocol.exceptions.NotLeaderException: Server s2@group-DC0BCF2C7030 is not the leader s1|rpc:localhost:33469|admin:localhost:35601|client:localhost:38107|dataStream:localhost:41079|priority:0|startupRole:FOLLOWER, logIndex=0, commits[s2:c133, s0:c133, s1:c134]
2022-11-11 07:37:53,401 [null-request--thread1] INFO  server.GrpcClientProtocolService (GrpcClientProtocolService.java:lambda$processClientRequest$0(284)) - Failed RaftClientRequest:client-70D4234AB40A->s2@group-DC0BCF2C7030, cid=453, seq=0, RW, Message:6d3637, reply=RaftClientReply:client-70D4234AB40A->s2@group-DC0BCF2C7030, cid=453, FAILED org.apache.ratis.protocol.exceptions.NotLeaderException: Server s2@group-DC0BCF2C7030 is not the leader s1|rpc:localhost:33469|admin:localhost:35601|client:localhost:38107|dataStream:localhost:41079|priority:0|startupRole:FOLLOWER, logIndex=0, commits[s2:c133, s0:c133, s1:c134]
2022-11-11 07:37:54,329 [Timer-3] INFO  impl.MiniRaftCluster (MiniRaftCluster.java:lambda$start$6(349)) - TIMED-PRINT: printing ALL groups
  s0:  RUNNING  FOLLOWER s0@group-DC0BCF2C7030:t1, leader=s1, voted=s0, raftlog=Memoized:s0@group-DC0BCF2C7030-SegmentedRaftLog:OPENED:c133, conf=0: peers:[s0|rpc:localhost:38889|admin:localhost:33369|client:localhost:36221|dataStream:localhost:44045|priority:0|startupRole:FOLLOWER, s1|rpc:localhost:33469|admin:localhost:35601|client:localhost:38107|dataStream:localhost:41079|priority:0|startupRole:FOLLOWER, s2|rpc:localhost:39335|admin:localhost:35389|client:localhost:32863|dataStream:localhost:40831|priority:0|startupRole:FOLLOWER]|listeners:[], old=null RUNNING
  s1:  RUNNING    LEADER s1@group-DC0BCF2C7030:t1, leader=s1, voted=s1, raftlog=Memoized:s1@group-DC0BCF2C7030-SegmentedRaftLog:OPENED:c134, conf=0: peers:[s0|rpc:localhost:38889|admin:localhost:33369|client:localhost:36221|dataStream:localhost:44045|priority:0|startupRole:FOLLOWER, s1|rpc:localhost:33469|admin:localhost:35601|client:localhost:38107|dataStream:localhost:41079|priority:0|startupRole:FOLLOWER, s2|rpc:localhost:39335|admin:localhost:35389|client:localhost:32863|dataStream:localhost:40831|priority:0|startupRole:FOLLOWER]|listeners:[], old=null RUNNING
  s2:  RUNNING  FOLLOWER s2@group-DC0BCF2C7030:t1, leader=s1, voted=s1, raftlog=Memoized:s2@group-DC0BCF2C7030-SegmentedRaftLog:OPENED:c133, conf=0: peers:[s0|rpc:localhost:38889|admin:localhost:33369|client:localhost:36221|dataStream:localhost:44045|priority:0|startupRole:FOLLOWER, s1|rpc:localhost:33469|admin:localhost:35601|client:localhost:38107|dataStream:localhost:41079|priority:0|startupRole:FOLLOWER, s2|rpc:localhost:39335|admin:localhost:35389|client:localhost:32863|dataStream:localhost:40831|priority:0|startupRole:FOLLOWER]|listeners:[], old=null RUNNING
2022-11-11 07:37:56,616 [null-request--thread1] INFO  server.GrpcClientProtocolService (GrpcClientProtocolService.java:lambda$processClientRequest$0(284)) - Failed RaftClientRequest:client-70D4234AB40A->s0@group-DC0BCF2C7030, cid=453, seq=0, RW, Message:6d3637, reply=RaftClientReply:client-70D4234AB40A->s0@group-DC0BCF2C7030, cid=453, FAILED org.apache.ratis.protocol.exceptions.NotLeaderException: Server s0@group-DC0BCF2C7030 is not the leader s1|rpc:localhost:33469|admin:localhost:35601|client:localhost:38107|dataStream:localhost:41079|priority:0|startupRole:FOLLOWER, logIndex=0, commits[s0:c133, s1:c134, s2:c133]
2022-11-11 07:37:59,831 [null-request--thread1] INFO  server.GrpcClientProtocolService (GrpcClientProtocolService.java:lambda$processClientRequest$0(284)) - Failed RaftClientRequest:client-70D4234AB40A->s2@group-DC0BCF2C7030, cid=453, seq=0, RW, Message:6d3637, reply=RaftClientReply:client-70D4234AB40A->s2@group-DC0BCF2C7030, cid=453, FAILED org.apache.ratis.protocol.exceptions.NotLeaderException: Server s2@group-DC0BCF2C7030 is not the leader s1|rpc:localhost:33469|admin:localhost:35601|client:localhost:38107|dataStream:localhost:41079|priority:0|startupRole:FOLLOWER, logIndex=0, commits[s2:c133, s0:c133, s1:c134]
2022-11-11 07:38:03,047 [null-request--thread1] INFO  server.GrpcClientProtocolService (GrpcClientProtocolService.java:lambda$processClientRequest$0(284)) - Failed RaftClientRequest:client-70D4234AB40A->s2@group-DC0BCF2C7030, cid=453, seq=0, RW, Message:6d3637, reply=RaftClientReply:client-70D4234AB40A->s2@group-DC0BCF2C7030, cid=453, FAILED org.apache.ratis.protocol.exceptions.NotLeaderException: Server s2@group-DC0BCF2C7030 is not the leader s1|rpc:localhost:33469|admin:localhost:35601|client:localhost:38107|dataStream:localhost:41079|priority:0|startupRole:FOLLOWER, logIndex=0, commits[s2:c133, s0:c133, s1:c134]
2022-11-11 07:38:04,329 [Timer-3] INFO  impl.MiniRaftCluster (MiniRaftCluster.java:lambda$start$6(349)) - TIMED-PRINT: printing ALL groups
  s0:  RUNNING  FOLLOWER s0@group-DC0BCF2C7030:t1, leader=s1, voted=s0, raftlog=Memoized:s0@group-DC0BCF2C7030-SegmentedRaftLog:OPENED:c133, conf=0: peers:[s0|rpc:localhost:38889|admin:localhost:33369|client:localhost:36221|dataStream:localhost:44045|priority:0|startupRole:FOLLOWER, s1|rpc:localhost:33469|admin:localhost:35601|client:localhost:38107|dataStream:localhost:41079|priority:0|startupRole:FOLLOWER, s2|rpc:localhost:39335|admin:localhost:35389|client:localhost:32863|dataStream:localhost:40831|priority:0|startupRole:FOLLOWER]|listeners:[], old=null RUNNING
  s1:  RUNNING    LEADER s1@group-DC0BCF2C7030:t1, leader=s1, voted=s1, raftlog=Memoized:s1@group-DC0BCF2C7030-SegmentedRaftLog:OPENED:c134, conf=0: peers:[s0|rpc:localhost:38889|admin:localhost:33369|client:localhost:36221|dataStream:localhost:44045|priority:0|startupRole:FOLLOWER, s1|rpc:localhost:33469|admin:localhost:35601|client:localhost:38107|dataStream:localhost:41079|priority:0|startupRole:FOLLOWER, s2|rpc:localhost:39335|admin:localhost:35389|client:localhost:32863|dataStream:localhost:40831|priority:0|startupRole:FOLLOWER]|listeners:[], old=null RUNNING
  s2:  RUNNING  FOLLOWER s2@group-DC0BCF2C7030:t1, leader=s1, voted=s1, raftlog=Memoized:s2@group-DC0BCF2C7030-SegmentedRaftLog:OPENED:c133, conf=0: peers:[s0|rpc:localhost:38889|admin:localhost:33369|client:localhost:36221|dataStream:localhost:44045|priority:0|startupRole:FOLLOWER, s1|rpc:localhost:33469|admin:localhost:35601|client:localhost:38107|dataStream:localhost:41079|priority:0|startupRole:FOLLOWER, s2|rpc:localhost:39335|admin:localhost:35389|client:localhost:32863|dataStream:localhost:40831|priority:0|startupRole:FOLLOWER]|listeners:[], old=null RUNNING
2022-11-11 07:38:06,261 [null-request--thread1] INFO  server.GrpcClientProtocolService (GrpcClientProtocolService.java:lambda$processClientRequest$0(284)) - Failed RaftClientRequest:client-70D4234AB40A->s0@group-DC0BCF2C7030, cid=453, seq=0, RW, Message:6d3637, reply=RaftClientReply:client-70D4234AB40A->s0@group-DC0BCF2C7030, cid=453, FAILED org.apache.ratis.protocol.exceptions.NotLeaderException: Server s0@group-DC0BCF2C7030 is not the leader s1|rpc:localhost:33469|admin:localhost:35601|client:localhost:38107|dataStream:localhost:41079|priority:0|startupRole:FOLLOWER, logIndex=0, commits[s0:c133, s1:c134, s2:c133]
2022-11-11 07:38:06,381 [s2-server-thread2] DEBUG raftlog.RaftLog (SegmentedRaftLog.java:appendImpl(446)) - truncateIndex=-1, arrayIndex=0
2022-11-11 07:38:06,381 [s0-server-thread1] DEBUG raftlog.RaftLog (SegmentedRaftLog.java:appendImpl(446)) - truncateIndex=-1, arrayIndex=0
2022-11-11 07:38:06,383 [s1@group-DC0BCF2C7030-StateMachineUpdater] INFO  impl.SimpleStateMachine4Testing (SimpleStateMachine4Testing.java:put(205)) - s1: put 135, m67 -> (t:1, i:135), STATEMACHINELOGENTRY, 453@client-70D4234AB40A
2022-11-11 07:38:06,385 [s1@group-DC0BCF2C7030-StateMachineUpdater] INFO  impl.SimpleStateMachine4Testing (SimpleStateMachine4Testing.java:put(205)) - s1: put 136, m67 -> (t:1, i:136), STATEMACHINELOGENTRY, 453@client-70D4234AB40A
2022-11-11 07:38:06,386 [s1@group-DC0BCF2C7030-StateMachineUpdater] ERROR impl.StateMachineUpdater (StateMachineUpdater.java:run(195)) - s1@group-DC0BCF2C7030-StateMachineUpdater caught a Throwable.
org.apache.ratis.server.raftlog.RaftLogIOException: java.lang.IllegalStateException: retry cache entry should be pending: 453@client-70D4234AB40A:done
	at org.apache.ratis.server.impl.RaftServerImpl.applyLogToStateMachine(RaftServerImpl.java:1769)
	at org.apache.ratis.server.impl.StateMachineUpdater.applyLog(StateMachineUpdater.java:241)
	at org.apache.ratis.server.impl.StateMachineUpdater.run(StateMachineUpdater.java:183)
	at java.base/java.lang.Thread.run(Thread.java:829)
Caused by: java.lang.IllegalStateException: retry cache entry should be pending: 453@client-70D4234AB40A:done
	at org.apache.ratis.util.Preconditions.assertTrue(Preconditions.java:61)
	at org.apache.ratis.server.impl.RaftServerImpl.replyPendingRequest(RaftServerImpl.java:1716)
	at org.apache.ratis.server.impl.RaftServerImpl.applyLogToStateMachine(RaftServerImpl.java:1767)
	... 3 more
2022-11-11 07:38:06,386 [s0-server-thread1] DEBUG raftlog.RaftLog (SegmentedRaftLog.java:appendImpl(446)) - truncateIndex=-1, arrayIndex=0
2022-11-11 07:38:06,386 [s1@group-DC0BCF2C7030-StateMachineUpdater] INFO  server.RaftServer$Division (RaftServerImpl.java:lambda$close$4(462)) - s1@group-DC0BCF2C7030: shutdown
2022-11-11 07:38:06,386 [s1@group-DC0BCF2C7030-StateMachineUpdater] INFO  util.JmxRegister (JmxRegister.java:unregister(73)) - Successfully un-registered JMX Bean with object name Ratis:service=RaftServer,group=group-DC0BCF2C7030,id=s1
2022-11-11 07:38:06,386 [s1@group-DC0BCF2C7030-StateMachineUpdater] INFO  impl.RoleInfo (RoleInfo.java:shutdownLeaderState(93)) - s1: shutdown s1@group-DC0BCF2C7030-LeaderStateImpl
2022-11-11 07:38:06,387 [s1@group-DC0BCF2C7030-StateMachineUpdater] INFO  impl.PendingRequests (PendingRequests.java:sendNotLeaderResponses(282)) - s1@group-DC0BCF2C7030-PendingRequests: sendNotLeaderResponses
2022-11-11 07:38:06,391 [s0@group-DC0BCF2C7030-StateMachineUpdater] INFO  impl.SimpleStateMachine4Testing (SimpleStateMachine4Testing.java:put(205)) - s0: put 135, m67 -> (t:1, i:135), STATEMACHINELOGENTRY, 453@client-70D4234AB40A
2022-11-11 07:38:06,391 [s2-server-thread2] DEBUG raftlog.RaftLog (SegmentedRaftLog.java:appendImpl(446)) - truncateIndex=-1, arrayIndex=0
2022-11-11 07:38:06,392 [s2-server-thread2] DEBUG raftlog.RaftLog (SegmentedRaftLog.java:appendImpl(446)) - truncateIndex=-1, arrayIndex=0
2022-11-11 07:38:06,392 [s2@group-DC0BCF2C7030-StateMachineUpdater] INFO  impl.SimpleStateMachine4Testing (SimpleStateMachine4Testing.java:put(205)) - s2: put 135, m67 -> (t:1, i:135), STATEMACHINELOGENTRY, 453@client-70D4234AB40A
2022-11-11 07:38:06,393 [s2@group-DC0BCF2C7030-StateMachineUpdater] INFO  impl.SimpleStateMachine4Testing (SimpleStateMachine4Testing.java:put(205)) - s2: put 136, m67 -> (t:1, i:136), STATEMACHINELOGENTRY, 453@client-70D4234AB40A
2022-11-11 07:38:06,394 [grpc-default-executor-3] INFO  server.GrpcServerProtocolService (GrpcServerProtocolService.java:onCompleted(143)) - s2: Completed APPEND_ENTRIES, lastRequest: null
2022-11-11 07:38:06,394 [grpc-default-executor-5] INFO  server.GrpcServerProtocolService (GrpcServerProtocolService.java:onCompleted(143)) - s2: Completed APPEND_ENTRIES, lastRequest: s1->s2#7522-t1,previous=(t:1, i:137),leaderCommit=136,initializing? true,entries: size=1, first=(t:1, i:138), METADATAENTRY(c:136)
2022-11-11 07:38:06,394 [grpc-default-executor-2] INFO  server.GrpcServerProtocolService (GrpcServerProtocolService.java:onCompleted(143)) - s0: Completed APPEND_ENTRIES, lastRequest: null
2022-11-11 07:38:06,395 [s0-server-thread1] DEBUG raftlog.RaftLog (SegmentedRaftLog.java:appendImpl(446)) - truncateIndex=-1, arrayIndex=0
2022-11-11 07:38:06,395 [grpc-default-executor-2] INFO  server.GrpcLogAppender (GrpcLogAppender.java:onCompleted(413)) - s1@group-DC0BCF2C7030->s2-AppendLogResponseHandler: follower responses appendEntries COMPLETED
2022-11-11 07:38:06,395 [grpc-default-executor-2] INFO  leader.FollowerInfo (FollowerInfoImpl.java:lambda$new$0(48)) - s1@group-DC0BCF2C7030->s2: nextIndex: updateUnconditionally 139 -> 138
2022-11-11 07:38:06,395 [s0@group-DC0BCF2C7030-StateMachineUpdater] INFO  impl.SimpleStateMachine4Testing (SimpleStateMachine4Testing.java:put(205)) - s0: put 136, m67 -> (t:1, i:136), STATEMACHINELOGENTRY, 453@client-70D4234AB40A
2022-11-11 07:38:06,395 [grpc-default-executor-4] INFO  server.GrpcServerProtocolService (GrpcServerProtocolService.java:onCompleted(143)) - s0: Completed APPEND_ENTRIES, lastRequest: s1->s0#7508-t1,previous=(t:1, i:137),leaderCommit=136,initializing? true,entries: size=1, first=(t:1, i:138), METADATAENTRY(c:136)
2022-11-11 07:38:06,396 [grpc-default-executor-5] INFO  server.GrpcLogAppender (GrpcLogAppender.java:onCompleted(413)) - s1@group-DC0BCF2C7030->s2-AppendLogResponseHandler: follower responses appendEntries COMPLETED
2022-11-11 07:38:06,396 [grpc-default-executor-5] INFO  leader.FollowerInfo (FollowerInfoImpl.java:lambda$new$0(48)) - s1@group-DC0BCF2C7030->s2: nextIndex: updateUnconditionally 138 -> 137
2022-11-11 07:38:06,396 [grpc-default-executor-3] INFO  server.GrpcLogAppender (GrpcLogAppender.java:onCompleted(413)) - s1@group-DC0BCF2C7030->s0-AppendLogResponseHandler: follower responses appendEntries COMPLETED
2022-11-11 07:38:06,396 [grpc-default-executor-3] INFO  leader.FollowerInfo (FollowerInfoImpl.java:lambda$new$0(48)) - s1@group-DC0BCF2C7030->s0: nextIndex: updateUnconditionally 139 -> 138
2022-11-11 07:38:06,396 [grpc-default-executor-5] INFO  server.GrpcLogAppender (GrpcLogAppender.java:onCompleted(413)) - s1@group-DC0BCF2C7030->s0-AppendLogResponseHandler: follower responses appendEntries COMPLETED
2022-11-11 07:38:06,396 [grpc-default-executor-5] INFO  leader.FollowerInfo (FollowerInfoImpl.java:lambda$new$0(48)) - s1@group-DC0BCF2C7030->s0: nextIndex: updateUnconditionally 138 -> 137
2022-11-11 07:38:06,397 [s1@group-DC0BCF2C7030-StateMachineUpdater] INFO  server.RaftServer$Division (ServerState.java:close(412)) - s1@group-DC0BCF2C7030: applyIndex: 136
2022-11-11 07:38:06,397 [s1@group-DC0BCF2C7030-SegmentedRaftLogWorker] INFO  segmented.SegmentedRaftLogWorker (SegmentedRaftLogWorker.java:run(333)) - s1@group-DC0BCF2C7030-SegmentedRaftLogWorker was interrupted, exiting. There are 0 tasks remaining in the queue.
2022-11-11 07:38:06,398 [s1@group-DC0BCF2C7030-StateMachineUpdater] INFO  segmented.SegmentedRaftLogWorker (SegmentedRaftLogWorker.java:close(246)) - s1@group-DC0BCF2C7030-SegmentedRaftLogWorker close()
2022-11-11 07:38:06,415 [null-request--thread2] INFO  server.GrpcClientProtocolService (GrpcClientProtocolService.java:lambda$processClientRequest$0(284)) - Failed RaftClientRequest:client-70D4234AB40A->s1@group-DC0BCF2C7030, cid=453, seq=0, RW, Message:6d3637, reply=RaftClientReply:client-70D4234AB40A->s1@group-DC0BCF2C7030, cid=453, FAILED org.apache.ratis.protocol.exceptions.NotLeaderException: Server s1@group-DC0BCF2C7030 is not the leader, logIndex=0, commits[s1:c136]
2022-11-11 07:38:06,523 [null-request--thread1] INFO  server.GrpcClientProtocolService (GrpcClientProtocolService.java:lambda$processClientRequest$0(284)) - Failed RaftClientRequest:client-70D4234AB40A->s0@group-DC0BCF2C7030, cid=453, seq=0, RW, Message:6d3637, reply=RaftClientReply:client-70D4234AB40A->s0@group-DC0BCF2C7030, cid=453, FAILED org.apache.ratis.protocol.exceptions.NotLeaderException: Server s0@group-DC0BCF2C7030 is not the leader s1|rpc:localhost:33469|admin:localhost:35601|client:localhost:38107|dataStream:localhost:41079|priority:0|startupRole:FOLLOWER, logIndex=0, commits[s0:c136, s1:c136, s2:c134]
2022-11-11 07:38:06,755 [null-request--thread1] INFO  server.GrpcClientProtocolService (GrpcClientProtocolService.java:lambda$processClientRequest$0(284)) - Failed RaftClientRequest:client-70D4234AB40A->s2@group-DC0BCF2C7030, cid=453, seq=0, RW, Message:6d3637, reply=RaftClientReply:client-70D4234AB40A->s2@group-DC0BCF2C7030, cid=453, FAILED org.apache.ratis.protocol.exceptions.NotLeaderException: Server s2@group-DC0BCF2C7030 is not the leader s1|rpc:localhost:33469|admin:localhost:35601|client:localhost:38107|dataStream:localhost:41079|priority:0|startupRole:FOLLOWER, logIndex=0, commits[s2:c136, s0:c134, s1:c136]
2022-11-11 07:38:06,859 [s2@group-DC0BCF2C7030-FollowerState] INFO  impl.FollowerState (FollowerState.java:run(143)) - s2@group-DC0BCF2C7030-FollowerState: change to CANDIDATE, lastRpcElapsedTime:466025006ns, electionTimeout:300ms
2022-11-11 07:38:06,859 [s2@group-DC0BCF2C7030-FollowerState] INFO  impl.RoleInfo (RoleInfo.java:shutdownFollowerState(110)) - s2: shutdown s2@group-DC0BCF2C7030-FollowerState
2022-11-11 07:38:06,860 [s2@group-DC0BCF2C7030-FollowerState] INFO  server.RaftServer$Division (RaftServerImpl.java:setRole(325)) - s2@group-DC0BCF2C7030: changes role from  FOLLOWER to CANDIDATE at term 1 for changeToCandidate
2022-11-11 07:38:06,860 [s2@group-DC0BCF2C7030-FollowerState] INFO  server.RaftServerConfigKeys (ConfUtils.java:logGet(46)) - raft.server.leaderelection.pre-vote = true (default)
2022-11-11 07:38:06,860 [s2@group-DC0BCF2C7030-FollowerState] INFO  impl.RoleInfo (RoleInfo.java:updateAndGet(139)) - s2: start s2@group-DC0BCF2C7030-LeaderElection11
2022-11-11 07:38:06,861 [s2@group-DC0BCF2C7030-LeaderElection11] INFO  server.RaftServer$Division (ServerState.java:setLeader(259)) - s2@group-DC0BCF2C7030: change Leader from s1 to null at term 1 for PRE_VOTE
2022-11-11 07:38:06,861 [s2@group-DC0BCF2C7030-LeaderElection11] INFO  impl.LeaderElection (LeaderElection.java:askForVotes(309)) - s2@group-DC0BCF2C7030-LeaderElection11 PRE_VOTE round 0: submit vote requests at term 1 for 0: peers:[s0|rpc:localhost:38889|admin:localhost:33369|client:localhost:36221|dataStream:localhost:44045|priority:0|startupRole:FOLLOWER, s1|rpc:localhost:33469|admin:localhost:35601|client:localhost:38107|dataStream:localhost:41079|priority:0|startupRole:FOLLOWER, s2|rpc:localhost:39335|admin:localhost:35389|client:localhost:32863|dataStream:localhost:40831|priority:0|startupRole:FOLLOWER]|listeners:[], old=null
2022-11-11 07:38:06,862 [s2@group-DC0BCF2C7030-LeaderElection11-1] INFO  server.GrpcServerProtocolClient (GrpcServerProtocolClient.java:<init>(63)) - Build channel for s0
2022-11-11 07:38:06,862 [s2@group-DC0BCF2C7030-LeaderElection11-2] INFO  server.GrpcServerProtocolClient (GrpcServerProtocolClient.java:<init>(63)) - Build channel for s1
2022-11-11 07:38:06,885 [grpc-default-executor-5] INFO  server.RaftServer$Division (RaftServerImpl.java:requestVote(1294)) - s0@group-DC0BCF2C7030: receive requestVote(PRE_VOTE, s2, group-DC0BCF2C7030, 1, (t:1, i:138))
2022-11-11 07:38:06,885 [grpc-default-executor-5] INFO  impl.VoteContext (VoteContext.java:log(49)) - s0@group-DC0BCF2C7030-FOLLOWER: accept PRE_VOTE from s2: our priority 0 <= candidate's priority 0
2022-11-11 07:38:06,886 [grpc-default-executor-5] INFO  server.RaftServer$Division (RaftServerImpl.java:requestVote(1327)) - s0@group-DC0BCF2C7030 replies to PRE_VOTE vote request: s2<-s0#0:OK-t1. Peer's state: s0@group-DC0BCF2C7030:t1, leader=s1, voted=s0, raftlog=Memoized:s0@group-DC0BCF2C7030-SegmentedRaftLog:OPENED:c136, conf=0: peers:[s0|rpc:localhost:38889|admin:localhost:33369|client:localhost:36221|dataStream:localhost:44045|priority:0|startupRole:FOLLOWER, s1|rpc:localhost:33469|admin:localhost:35601|client:localhost:38107|dataStream:localhost:41079|priority:0|startupRole:FOLLOWER, s2|rpc:localhost:39335|admin:localhost:35389|client:localhost:32863|dataStream:localhost:40831|priority:0|startupRole:FOLLOWER]|listeners:[], old=null
2022-11-11 07:38:06,887 [grpc-default-executor-5] INFO  server.RaftServer$Division (RaftServerImpl.java:requestVote(1294)) - s1@group-DC0BCF2C7030: receive requestVote(PRE_VOTE, s2, group-DC0BCF2C7030, 1, (t:1, i:138))
2022-11-11 07:38:06,887 [s2@group-DC0BCF2C7030-LeaderElection11] INFO  impl.LeaderElection (LeaderElection.java:logAndReturn(89)) - s2@group-DC0BCF2C7030-LeaderElection11: PRE_VOTE PASSED received 1 response(s) and 0 exception(s):
2022-11-11 07:38:06,887 [s2@group-DC0BCF2C7030-LeaderElection11] INFO  impl.LeaderElection (LeaderElection.java:logAndReturn(93)) -   Response 0: s2<-s0#0:OK-t1
2022-11-11 07:38:06,887 [s2@group-DC0BCF2C7030-LeaderElection11] INFO  impl.LeaderElection (LeaderElection.java:askForVotes(311)) - s2@group-DC0BCF2C7030-LeaderElection11 PRE_VOTE round 0: result PASSED
2022-11-11 07:38:06,887 [grpc-default-executor-5] WARN  server.GrpcServerProtocolService (LogUtils.java:warn(122)) - s1: Failed requestVote s2->s1#0: org.apache.ratis.protocol.exceptions.ServerNotReadyException: s1@group-DC0BCF2C7030 is not in [RUNNING]: current state is CLOSED
2022-11-11 07:38:06,889 [s2@group-DC0BCF2C7030-LeaderElection11] INFO  impl.LeaderElection (LeaderElection.java:askForVotes(309)) - s2@group-DC0BCF2C7030-LeaderElection11 ELECTION round 0: submit vote requests at term 2 for 0: peers:[s0|rpc:localhost:38889|admin:localhost:33369|client:localhost:36221|dataStream:localhost:44045|priority:0|startupRole:FOLLOWER, s1|rpc:localhost:33469|admin:localhost:35601|client:localhost:38107|dataStream:localhost:41079|priority:0|startupRole:FOLLOWER, s2|rpc:localhost:39335|admin:localhost:35389|client:localhost:32863|dataStream:localhost:40831|priority:0|startupRole:FOLLOWER]|listeners:[], old=null
2022-11-11 07:38:06,897 [grpc-default-executor-5] INFO  server.RaftServer$Division (RaftServerImpl.java:requestVote(1294)) - s0@group-DC0BCF2C7030: receive requestVote(ELECTION, s2, group-DC0BCF2C7030, 2, (t:1, i:138))
2022-11-11 07:38:06,897 [grpc-default-executor-5] INFO  impl.VoteContext (VoteContext.java:log(49)) - s0@group-DC0BCF2C7030-FOLLOWER: accept ELECTION from s2: our priority 0 <= candidate's priority 0
2022-11-11 07:38:06,897 [grpc-default-executor-5] INFO  server.RaftServer$Division (ServerState.java:setLeader(259)) - s0@group-DC0BCF2C7030: change Leader from s1 to null at term 2 for updateCurrentTerm
2022-11-11 07:38:06,897 [grpc-default-executor-5] INFO  server.RaftServer$Division (RaftServerImpl.java:setRole(325)) - s0@group-DC0BCF2C7030: changes role from  FOLLOWER to FOLLOWER at term 2 for candidate:s2
2022-11-11 07:38:06,897 [grpc-default-executor-5] INFO  impl.RoleInfo (RoleInfo.java:shutdownFollowerState(110)) - s0: shutdown s0@group-DC0BCF2C7030-FollowerState
2022-11-11 07:38:06,898 [grpc-default-executor-5] INFO  impl.RoleInfo (RoleInfo.java:updateAndGet(139)) - s0: start s0@group-DC0BCF2C7030-FollowerState
2022-11-11 07:38:06,898 [s0@group-DC0BCF2C7030-FollowerState] INFO  impl.FollowerState (FollowerState.java:run(152)) - s0@group-DC0BCF2C7030-FollowerState was interrupted
2022-11-11 07:38:06,899 [grpc-default-executor-4] INFO  server.RaftServer$Division (RaftServerImpl.java:requestVote(1294)) - s1@group-DC0BCF2C7030: receive requestVote(ELECTION, s2, group-DC0BCF2C7030, 2, (t:1, i:138))
2022-11-11 07:38:06,899 [grpc-default-executor-4] WARN  server.GrpcServerProtocolService (LogUtils.java:warn(122)) - s1: Failed requestVote s2->s1#0: org.apache.ratis.protocol.exceptions.ServerNotReadyException: s1@group-DC0BCF2C7030 is not in [RUNNING]: current state is CLOSED
2022-11-11 07:38:06,901 [s2@group-DC0BCF2C7030-LeaderElection11] INFO  impl.LeaderElection (LogUtils.java:infoOrTrace(137)) - s2@group-DC0BCF2C7030-LeaderElection11 got exception when requesting votes: java.util.concurrent.ExecutionException: org.apache.ratis.thirdparty.io.grpc.StatusRuntimeException: INTERNAL: s1@group-DC0BCF2C7030 is not in [RUNNING]: current state is CLOSED
2022-11-11 07:38:06,919 [grpc-default-executor-5] INFO  server.RaftServer$Division (RaftServerImpl.java:requestVote(1327)) - s0@group-DC0BCF2C7030 replies to ELECTION vote request: s2<-s0#0:OK-t2. Peer's state: s0@group-DC0BCF2C7030:t2, leader=null, voted=s2, raftlog=Memoized:s0@group-DC0BCF2C7030-SegmentedRaftLog:OPENED:c136, conf=0: peers:[s0|rpc:localhost:38889|admin:localhost:33369|client:localhost:36221|dataStream:localhost:44045|priority:0|startupRole:FOLLOWER, s1|rpc:localhost:33469|admin:localhost:35601|client:localhost:38107|dataStream:localhost:41079|priority:0|startupRole:FOLLOWER, s2|rpc:localhost:39335|admin:localhost:35389|client:localhost:32863|dataStream:localhost:40831|priority:0|startupRole:FOLLOWER]|listeners:[], old=null
2022-11-11 07:38:06,921 [s2@group-DC0BCF2C7030-LeaderElection11] INFO  impl.LeaderElection (LeaderElection.java:logAndReturn(89)) - s2@group-DC0BCF2C7030-LeaderElection11: ELECTION PASSED received 1 response(s) and 1 exception(s):
2022-11-11 07:38:06,921 [s2@group-DC0BCF2C7030-LeaderElection11] INFO  impl.LeaderElection (LeaderElection.java:logAndReturn(93)) -   Response 0: s2<-s0#0:OK-t2
2022-11-11 07:38:06,921 [s2@group-DC0BCF2C7030-LeaderElection11] INFO  impl.LeaderElection (LogUtils.java:infoOrTrace(137)) -   Exception 1: java.util.concurrent.ExecutionException: org.apache.ratis.thirdparty.io.grpc.StatusRuntimeException: INTERNAL: s1@group-DC0BCF2C7030 is not in [RUNNING]: current state is CLOSED
2022-11-11 07:38:06,921 [s2@group-DC0BCF2C7030-LeaderElection11] INFO  impl.LeaderElection (LeaderElection.java:askForVotes(311)) - s2@group-DC0BCF2C7030-LeaderElection11 ELECTION round 0: result PASSED
2022-11-11 07:38:06,921 [s2@group-DC0BCF2C7030-LeaderElection11] INFO  impl.RoleInfo (RoleInfo.java:shutdownLeaderElection(130)) - s2: shutdown s2@group-DC0BCF2C7030-LeaderElection11
2022-11-11 07:38:06,922 [s2@group-DC0BCF2C7030-LeaderElection11] INFO  server.RaftServer$Division (RaftServerImpl.java:setRole(325)) - s2@group-DC0BCF2C7030: changes role from CANDIDATE to LEADER at term 2 for changeToLeader
2022-11-11 07:38:06,922 [s2@group-DC0BCF2C7030-LeaderElection11] INFO  server.RaftServer$Division (ServerState.java:setLeader(259)) - s2@group-DC0BCF2C7030: change Leader from null to s2 at term 2 for becomeLeader, leader elected after 60ms
2022-11-11 07:38:06,922 [s2@group-DC0BCF2C7030-LeaderElection11] INFO  server.RaftServerConfigKeys (ConfUtils.java:logGet(46)) - raft.server.staging.catchup.gap = 1000 (default)
2022-11-11 07:38:06,922 [s2@group-DC0BCF2C7030-LeaderElection11] INFO  server.RaftServerConfigKeys (ConfUtils.java:logGet(46)) - raft.server.write.element-limit = 4096 (default)
2022-11-11 07:38:06,922 [s2@group-DC0BCF2C7030-LeaderElection11] INFO  server.RaftServerConfigKeys (ConfUtils.java:logGet(46)) - raft.server.write.byte-limit = 64MB (=67108864) (default)
2022-11-11 07:38:06,922 [s2@group-DC0BCF2C7030-LeaderElection11] INFO  server.RaftServerConfigKeys (ConfUtils.java:logGet(46)) - raft.server.watch.timeout = 10s (default)
2022-11-11 07:38:06,922 [s2@group-DC0BCF2C7030-LeaderElection11] INFO  server.RaftServerConfigKeys (ConfUtils.java:logGet(46)) - raft.server.watch.timeout.denomination = 1s (default)
2022-11-11 07:38:06,923 [s2@group-DC0BCF2C7030-LeaderElection11] INFO  server.RaftServerConfigKeys (ConfUtils.java:logGet(46)) - raft.server.watch.element-limit = 65536 (default)
2022-11-11 07:38:06,923 [s2@group-DC0BCF2C7030-LeaderElection11] INFO  server.RaftServerConfigKeys (ConfUtils.java:logGet(46)) - raft.server.write.element-limit = 4096 (default)
2022-11-11 07:38:06,923 [s2@group-DC0BCF2C7030-LeaderElection11] INFO  server.RaftServerConfigKeys (ConfUtils.java:logGet(46)) - raft.server.write.follower.gap.ratio.max = -1.0 (default)
2022-11-11 07:38:06,923 [s2@group-DC0BCF2C7030-LeaderElection11] INFO  server.RaftServerConfigKeys (ConfUtils.java:logGet(46)) - raft.server.log.appender.snapshot.chunk.size.max = 16MB (=16777216) (default)
2022-11-11 07:38:06,924 [s2@group-DC0BCF2C7030-LeaderElection11] INFO  server.RaftServerConfigKeys (ConfUtils.java:logGet(46)) - raft.server.log.appender.buffer.byte-limit = 4MB (=4194304) (default)
2022-11-11 07:38:06,924 [s2@group-DC0BCF2C7030-LeaderElection11] INFO  server.RaftServerConfigKeys (ConfUtils.java:logGet(46)) - raft.server.log.appender.buffer.element-limit = 0 (default)
2022-11-11 07:38:06,924 [s2@group-DC0BCF2C7030-LeaderElection11] INFO  grpc.GrpcConfigKeys (ConfUtils.java:logGet(46)) - raft.grpc.server.leader.outstanding.appends.max = 128 (default)
2022-11-11 07:38:06,924 [s2@group-DC0BCF2C7030-LeaderElection11] INFO  server.RaftServerConfigKeys (ConfUtils.java:logGet(46)) - raft.server.rpc.request.timeout = 3000ms (default)
2022-11-11 07:38:06,924 [s2@group-DC0BCF2C7030-LeaderElection11] INFO  server.RaftServerConfigKeys (ConfUtils.java:logGet(46)) - raft.server.log.appender.install.snapshot.enabled = false (custom)
2022-11-11 07:38:06,924 [s2@group-DC0BCF2C7030-LeaderElection11] INFO  grpc.GrpcConfigKeys (ConfUtils.java:logGet(46)) - raft.grpc.server.heartbeat.channel = true (default)
2022-11-11 07:38:06,924 [s2@group-DC0BCF2C7030-LeaderElection11] INFO  server.RaftServerConfigKeys (ConfUtils.java:logGet(46)) - raft.server.log.appender.wait-time.min = 10ms (default)
2022-11-11 07:38:06,925 [s2@group-DC0BCF2C7030-LeaderElection11] INFO  server.RaftServerConfigKeys (ConfUtils.java:logGet(46)) - raft.server.log.appender.snapshot.chunk.size.max = 16MB (=16777216) (default)
2022-11-11 07:38:06,925 [s2@group-DC0BCF2C7030-LeaderElection11] INFO  server.RaftServerConfigKeys (ConfUtils.java:logGet(46)) - raft.server.log.appender.buffer.byte-limit = 4MB (=4194304) (default)
2022-11-11 07:38:06,925 [s2@group-DC0BCF2C7030-LeaderElection11] INFO  server.RaftServerConfigKeys (ConfUtils.java:logGet(46)) - raft.server.log.appender.buffer.element-limit = 0 (default)
2022-11-11 07:38:06,925 [s2@group-DC0BCF2C7030-LeaderElection11] INFO  grpc.GrpcConfigKeys (ConfUtils.java:logGet(46)) - raft.grpc.server.leader.outstanding.appends.max = 128 (default)
2022-11-11 07:38:06,925 [s2@group-DC0BCF2C7030-LeaderElection11] INFO  server.RaftServerConfigKeys (ConfUtils.java:logGet(46)) - raft.server.rpc.request.timeout = 3000ms (default)
2022-11-11 07:38:06,925 [s2@group-DC0BCF2C7030-LeaderElection11] INFO  server.RaftServerConfigKeys (ConfUtils.java:logGet(46)) - raft.server.log.appender.install.snapshot.enabled = false (custom)
2022-11-11 07:38:06,925 [s2@group-DC0BCF2C7030-LeaderElection11] INFO  grpc.GrpcConfigKeys (ConfUtils.java:logGet(46)) - raft.grpc.server.heartbeat.channel = true (default)
2022-11-11 07:38:06,925 [s2@group-DC0BCF2C7030-LeaderElection11] INFO  server.RaftServerConfigKeys (ConfUtils.java:logGet(46)) - raft.server.log.appender.wait-time.min = 10ms (default)
2022-11-11 07:38:06,926 [s2@group-DC0BCF2C7030-LeaderElection11] INFO  impl.RoleInfo (RoleInfo.java:updateAndGet(139)) - s2: start s2@group-DC0BCF2C7030-LeaderStateImpl
2022-11-11 07:38:06,926 [s2@group-DC0BCF2C7030-LeaderElection11] DEBUG raftlog.RaftLog (SegmentedRaftLog.java:appendImpl(446)) - truncateIndex=-1, arrayIndex=0
2022-11-11 07:38:06,926 [s2@group-DC0BCF2C7030-LeaderElection11] INFO  segmented.SegmentedRaftLogWorker (SegmentedRaftLogWorker.java:rollLogSegment(436)) - s2@group-DC0BCF2C7030-SegmentedRaftLogWorker: Rolling segment log-135_138 to index:138
2022-11-11 07:38:06,926 [s2@group-DC0BCF2C7030-SegmentedRaftLogWorker] TRACE util.FileUtils (LogUtils.java:runAndLog(49)) - Successfully ran Atomic Files.move /home/runner/work/ratis/ratis/ratis-test/target/test/data/badbfba9/MiniRaftClusterWithGrpcf526e0ef/s2/4c2c9efe-0344-4438-a419-dc0bcf2c7030/current/log_inprogress_135 to /home/runner/work/ratis/ratis/ratis-test/target/test/data/badbfba9/MiniRaftClusterWithGrpcf526e0ef/s2/4c2c9efe-0344-4438-a419-dc0bcf2c7030/current/log_135-138
2022-11-11 07:38:06,926 [s2@group-DC0BCF2C7030-SegmentedRaftLogWorker] INFO  segmented.SegmentedRaftLogWorker (SegmentedRaftLogWorker.java:execute(592)) - s2@group-DC0BCF2C7030-SegmentedRaftLogWorker: Rolled log segment from /home/runner/work/ratis/ratis/ratis-test/target/test/data/badbfba9/MiniRaftClusterWithGrpcf526e0ef/s2/4c2c9efe-0344-4438-a419-dc0bcf2c7030/current/log_inprogress_135 to /home/runner/work/ratis/ratis/ratis-test/target/test/data/badbfba9/MiniRaftClusterWithGrpcf526e0ef/s2/4c2c9efe-0344-4438-a419-dc0bcf2c7030/current/log_135-138
2022-11-11 07:38:06,928 [s2@group-DC0BCF2C7030-SegmentedRaftLogWorker] INFO  segmented.SegmentedRaftLogWorker (SegmentedRaftLogWorker.java:execute(635)) - s2@group-DC0BCF2C7030-SegmentedRaftLogWorker: created new log segment /home/runner/work/ratis/ratis/ratis-test/target/test/data/badbfba9/MiniRaftClusterWithGrpcf526e0ef/s2/4c2c9efe-0344-4438-a419-dc0bcf2c7030/current/log_inprogress_139
2022-11-11 07:38:06,929 [s2@group-DC0BCF2C7030-LeaderElection11] INFO  server.RaftServer$Division (ServerState.java:setRaftConf(376)) - s2@group-DC0BCF2C7030: set configuration 139: peers:[s0|rpc:localhost:38889|admin:localhost:33369|client:localhost:36221|dataStream:localhost:44045|priority:0|startupRole:FOLLOWER, s1|rpc:localhost:33469|admin:localhost:35601|client:localhost:38107|dataStream:localhost:41079|priority:0|startupRole:FOLLOWER, s2|rpc:localhost:39335|admin:localhost:35389|client:localhost:32863|dataStream:localhost:40831|priority:0|startupRole:FOLLOWER]|listeners:[], old=null
2022-11-11 07:38:06,935 [s0-server-thread1] INFO  server.RaftServer$Division (ServerState.java:setLeader(259)) - s0@group-DC0BCF2C7030: change Leader from null to s2 at term 2 for appendEntries, leader elected after 37ms
2022-11-11 07:38:06,937 [s0-server-thread2] INFO  server.RaftServer$Division (ServerState.java:setRaftConf(376)) - s0@group-DC0BCF2C7030: set configuration 139: peers:[s0|rpc:localhost:38889|admin:localhost:33369|client:localhost:36221|dataStream:localhost:44045|priority:0|startupRole:FOLLOWER, s1|rpc:localhost:33469|admin:localhost:35601|client:localhost:38107|dataStream:localhost:41079|priority:0|startupRole:FOLLOWER, s2|rpc:localhost:39335|admin:localhost:35389|client:localhost:32863|dataStream:localhost:40831|priority:0|startupRole:FOLLOWER]|listeners:[], old=null
2022-11-11 07:38:06,937 [s0-server-thread2] DEBUG raftlog.RaftLog (SegmentedRaftLog.java:appendImpl(446)) - truncateIndex=-1, arrayIndex=0
2022-11-11 07:38:06,937 [s0-server-thread2] INFO  segmented.SegmentedRaftLogWorker (SegmentedRaftLogWorker.java:rollLogSegment(436)) - s0@group-DC0BCF2C7030-SegmentedRaftLogWorker: Rolling segment log-135_138 to index:138
2022-11-11 07:38:06,938 [s0@group-DC0BCF2C7030-SegmentedRaftLogWorker] TRACE util.FileUtils (LogUtils.java:runAndLog(49)) - Successfully ran Atomic Files.move /home/runner/work/ratis/ratis/ratis-test/target/test/data/badbfba9/MiniRaftClusterWithGrpcf526e0ef/s0/4c2c9efe-0344-4438-a419-dc0bcf2c7030/current/log_inprogress_135 to /home/runner/work/ratis/ratis/ratis-test/target/test/data/badbfba9/MiniRaftClusterWithGrpcf526e0ef/s0/4c2c9efe-0344-4438-a419-dc0bcf2c7030/current/log_135-138
2022-11-11 07:38:06,938 [s0@group-DC0BCF2C7030-SegmentedRaftLogWorker] INFO  segmented.SegmentedRaftLogWorker (SegmentedRaftLogWorker.java:execute(592)) - s0@group-DC0BCF2C7030-SegmentedRaftLogWorker: Rolled log segment from /home/runner/work/ratis/ratis/ratis-test/target/test/data/badbfba9/MiniRaftClusterWithGrpcf526e0ef/s0/4c2c9efe-0344-4438-a419-dc0bcf2c7030/current/log_inprogress_135 to /home/runner/work/ratis/ratis/ratis-test/target/test/data/badbfba9/MiniRaftClusterWithGrpcf526e0ef/s0/4c2c9efe-0344-4438-a419-dc0bcf2c7030/current/log_135-138
2022-11-11 07:38:06,939 [s0@group-DC0BCF2C7030-SegmentedRaftLogWorker] INFO  segmented.SegmentedRaftLogWorker (SegmentedRaftLogWorker.java:execute(635)) - s0@group-DC0BCF2C7030-SegmentedRaftLogWorker: created new log segment /home/runner/work/ratis/ratis/ratis-test/target/test/data/badbfba9/MiniRaftClusterWithGrpcf526e0ef/s0/4c2c9efe-0344-4438-a419-dc0bcf2c7030/current/log_inprogress_139
2022-11-11 07:38:06,940 [grpc-default-executor-2] WARN  server.GrpcServerProtocolService (LogUtils.java:warn(124)) - s1: Failed APPEND_ENTRIES request s2->s1#1-t2,previous=(t:1, i:138),leaderCommit=136,initializing? true,entries: size=1, first=(t:2, i:139), CONFIGURATIONENTRY(current:id: "s0"
address: "localhost:38889"
dataStreamAddress: "localhost:44045"
clientAddress: "localhost:36221"
adminAddress: "localhost:33369"
startupRole: FOLLOWER
,id: "s1"
address: "localhost:33469"
dataStreamAddress: "localhost:41079"
clientAddress: "localhost:38107"
adminAddress: "localhost:35601"
startupRole: FOLLOWER
,id: "s2"
address: "localhost:39335"
dataStreamAddress: "localhost:40831"
clientAddress: "localhost:32863"
adminAddress: "localhost:35389"
startupRole: FOLLOWER
, old:)
java.util.concurrent.CompletionException: java.util.concurrent.RejectedExecutionException: Task java.util.concurrent.CompletableFuture$AsyncSupply@4a7d2330 rejected from java.util.concurrent.ThreadPoolExecutor@7cbe9dc4[Terminated, pool size = 0, active threads = 0, queued tasks = 0, completed tasks = 0]
	at java.base/java.util.concurrent.CompletableFuture.encodeThrowable(CompletableFuture.java:314)
	at java.base/java.util.concurrent.CompletableFuture.uniComposeStage(CompletableFuture.java:1113)
	at java.base/java.util.concurrent.CompletableFuture.thenCompose(CompletableFuture.java:2235)
	at org.apache.ratis.server.impl.RaftServerProxy.appendEntriesAsync(RaftServerProxy.java:634)
	at org.apache.ratis.grpc.server.GrpcServerProtocolService$1.process(GrpcServerProtocolService.java:219)
	at org.apache.ratis.grpc.server.GrpcServerProtocolService$1.process(GrpcServerProtocolService.java:216)
	at org.apache.ratis.grpc.server.GrpcServerProtocolService$ServerRequestStreamObserver.onNext(GrpcServerProtocolService.java:124)
	at org.apache.ratis.thirdparty.io.grpc.stub.ServerCalls$StreamingServerCallHandler$StreamingServerCallListener.onMessage(ServerCalls.java:262)
	at org.apache.ratis.thirdparty.io.grpc.ForwardingServerCallListener.onMessage(ForwardingServerCallListener.java:33)
	at org.apache.ratis.thirdparty.io.grpc.internal.ServerCallImpl$ServerStreamListenerImpl.messagesAvailableInternal(ServerCallImpl.java:332)
	at org.apache.ratis.thirdparty.io.grpc.internal.ServerCallImpl$ServerStreamListenerImpl.messagesAvailable(ServerCallImpl.java:315)
	at org.apache.ratis.thirdparty.io.grpc.internal.ServerImpl$JumpToApplicationThreadServerStreamListener$1MessagesAvailable.runInContext(ServerImpl.java:834)
	at org.apache.ratis.thirdparty.io.grpc.internal.ContextRunnable.run(ContextRunnable.java:37)
	at org.apache.ratis.thirdparty.io.grpc.internal.SerializingExecutor.run(SerializingExecutor.java:133)
	at java.base/java.util.concurrent.ThreadPoolExecutor.runWorker(ThreadPoolExecutor.java:1128)
	at java.base/java.util.concurrent.ThreadPoolExecutor$Worker.run(ThreadPoolExecutor.java:628)
	at java.base/java.lang.Thread.run(Thread.java:829)
Caused by: java.util.concurrent.RejectedExecutionException: Task java.util.concurrent.CompletableFuture$AsyncSupply@4a7d2330 rejected from java.util.concurrent.ThreadPoolExecutor@7cbe9dc4[Terminated, pool size = 0, active threads = 0, queued tasks = 0, completed tasks = 0]
	at java.base/java.util.concurrent.ThreadPoolExecutor$AbortPolicy.rejectedExecution(ThreadPoolExecutor.java:2055)
	at java.base/java.util.concurrent.ThreadPoolExecutor.reject(ThreadPoolExecutor.java:825)
	at java.base/java.util.concurrent.ThreadPoolExecutor.execute(ThreadPoolExecutor.java:1355)
	at java.base/java.util.concurrent.CompletableFuture.asyncSupplyStage(CompletableFuture.java:1714)
	at java.base/java.util.concurrent.CompletableFuture.supplyAsync(CompletableFuture.java:1931)
	at org.apache.ratis.server.impl.RaftServerImpl.executeSubmitServerRequestAsync(RaftServerImpl.java:812)
	at org.apache.ratis.server.impl.RaftServerProxy.lambda$appendEntriesAsync$27(RaftServerProxy.java:634)
	at java.base/java.util.concurrent.CompletableFuture.uniComposeStage(CompletableFuture.java:1106)
	... 15 more
2022-11-11 07:38:06,942 [s0-server-thread2] DEBUG raftlog.RaftLog (SegmentedRaftLog.java:appendImpl(446)) - truncateIndex=-1, arrayIndex=0
2022-11-11 07:38:06,949 [grpc-default-executor-2] WARN  server.GrpcLogAppender (LogUtils.java:warn(124)) - s2@group-DC0BCF2C7030->s1-AppendLogResponseHandler: Failed appendEntries
java.io.IOException: java.util.concurrent.RejectedExecutionException: Task java.util.concurrent.CompletableFuture$AsyncSupply@4a7d2330 rejected from java.util.concurrent.ThreadPoolExecutor@7cbe9dc4[Terminated, pool size = 0, active threads = 0, queued tasks = 0, completed tasks = 0]
	at org.apache.ratis.util.IOUtils.asIOException(IOUtils.java:56)
	at org.apache.ratis.grpc.GrpcUtil.tryUnwrapException(GrpcUtil.java:121)
	at org.apache.ratis.grpc.GrpcUtil.unwrapThrowable(GrpcUtil.java:82)
	at org.apache.ratis.grpc.GrpcUtil.warn(GrpcUtil.java:178)
	at org.apache.ratis.grpc.server.GrpcLogAppender$AppendLogResponseHandler.onError(GrpcLogAppender.java:405)
	at org.apache.ratis.thirdparty.io.grpc.stub.ClientCalls$StreamObserverToCallListenerAdapter.onClose(ClientCalls.java:487)
	at org.apache.ratis.thirdparty.io.grpc.internal.ClientCallImpl.closeObserver(ClientCallImpl.java:562)
	at org.apache.ratis.thirdparty.io.grpc.internal.ClientCallImpl.access$300(ClientCallImpl.java:70)
	at org.apache.ratis.thirdparty.io.grpc.internal.ClientCallImpl$ClientStreamListenerImpl$1StreamClosed.runInternal(ClientCallImpl.java:743)
	at org.apache.ratis.thirdparty.io.grpc.internal.ClientCallImpl$ClientStreamListenerImpl$1StreamClosed.runInContext(ClientCallImpl.java:722)
	at org.apache.ratis.thirdparty.io.grpc.internal.ContextRunnable.run(ContextRunnable.java:37)
	at org.apache.ratis.thirdparty.io.grpc.internal.SerializingExecutor.run(SerializingExecutor.java:133)
	at java.base/java.util.concurrent.ThreadPoolExecutor.runWorker(ThreadPoolExecutor.java:1128)
	at java.base/java.util.concurrent.ThreadPoolExecutor$Worker.run(ThreadPoolExecutor.java:628)
	at java.base/java.lang.Thread.run(Thread.java:829)
Caused by: java.util.concurrent.RejectedExecutionException: Task java.util.concurrent.CompletableFuture$AsyncSupply@4a7d2330 rejected from java.util.concurrent.ThreadPoolExecutor@7cbe9dc4[Terminated, pool size = 0, active threads = 0, queued tasks = 0, completed tasks = 0]
	at java.base/jdk.internal.reflect.NativeConstructorAccessorImpl.newInstance0(Native Method)
	at java.base/jdk.internal.reflect.NativeConstructorAccessorImpl.newInstance(NativeConstructorAccessorImpl.java:62)
	at java.base/jdk.internal.reflect.DelegatingConstructorAccessorImpl.newInstance(DelegatingConstructorAccessorImpl.java:45)
	at java.base/java.lang.reflect.Constructor.newInstance(Constructor.java:490)
	at org.apache.ratis.util.ReflectionUtils.instantiateException(ReflectionUtils.java:259)
	at org.apache.ratis.grpc.GrpcUtil.tryUnwrapException(GrpcUtil.java:120)
	... 13 more
Caused by: org.apache.ratis.thirdparty.io.grpc.StatusRuntimeException: INTERNAL: Task java.util.concurrent.CompletableFuture$AsyncSupply@4a7d2330 rejected from java.util.concurrent.ThreadPoolExecutor@7cbe9dc4[Terminated, pool size = 0, active threads = 0, queued tasks = 0, completed tasks = 0]
	at org.apache.ratis.thirdparty.io.grpc.Status.asRuntimeException(Status.java:535)
	... 10 more
	Suppressed: java.lang.IllegalStateException: Failed to cast to class java.io.IOException, object=java.util.concurrent.RejectedExecutionException: Task java.util.concurrent.CompletableFuture$AsyncSupply@4a7d2330 rejected from java.util.concurrent.ThreadPoolExecutor@7cbe9dc4[Terminated, pool size = 0, active threads = 0, queued tasks = 0, completed tasks = 0]
	at java.base/java.util.concurrent.ThreadPoolExecutor$AbortPolicy.rejectedExecution(ThreadPoolExecutor.java:2055)
	at java.base/java.util.concurrent.ThreadPoolExecutor.reject(ThreadPoolExecutor.java:825)
	at java.base/java.util.concurrent.ThreadPoolExecutor.execute(ThreadPoolExecutor.java:1355)
	at java.base/java.util.concurrent.CompletableFuture.asyncSupplyStage(CompletableFuture.java:1714)
	at java.base/java.util.concurrent.CompletableFuture.supplyAsync(CompletableFuture.java:1931)
	at org.apache.ratis.server.impl.RaftServerImpl.executeSubmitServerRequestAsync(RaftServerImpl.java:812)
	at org.apache.ratis.server.impl.RaftServerProxy.lambda$appendEntriesAsync$27(RaftServerProxy.java:634)
	at java.base/java.util.concurrent.CompletableFuture.uniComposeStage(CompletableFuture.java:1106)
	at java.base/java.util.concurrent.CompletableFuture.thenCompose(CompletableFuture.java:2235)
	at org.apache.ratis.server.impl.RaftServerProxy.appendEntriesAsync(RaftServerProxy.java:634)
	at org.apache.ratis.grpc.server.GrpcServerProtocolService$1.process(GrpcServerProtocolService.java:219)
	at org.apache.ratis.grpc.server.GrpcServerProtocolService$1.process(GrpcServerProtocolService.java:216)
	at org.apache.ratis.grpc.server.GrpcServerProtocolService$ServerRequestStreamObserver.onNext(GrpcServerProtocolService.java:124)
	at org.apache.ratis.thirdparty.io.grpc.stub.ServerCalls$StreamingServerCallHandler$StreamingServerCallListener.onMessage(ServerCalls.java:262)
	at org.apache.ratis.thirdparty.io.grpc.ForwardingServerCallListener.onMessage(ForwardingServerCallListener.java:33)
	at org.apache.ratis.thirdparty.io.grpc.internal.ServerCallImpl$ServerStreamListenerImpl.messagesAvailableInternal(ServerCallImpl.java:332)
	at org.apache.ratis.thirdparty.io.grpc.internal.ServerCallImpl$ServerStreamListenerImpl.messagesAvailable(ServerCallImpl.java:315)
	at org.apache.ratis.thirdparty.io.grpc.internal.ServerImpl$JumpToApplicationThreadServerStreamListener$1MessagesAvailable.runInContext(ServerImpl.java:834)
	at org.apache.ratis.thirdparty.io.grpc.internal.ContextRunnable.run(ContextRunnable.java:37)
	at org.apache.ratis.thirdparty.io.grpc.internal.SerializingExecutor.run(SerializingExecutor.java:133)
	at java.base/java.util.concurrent.ThreadPoolExecutor.runWorker(ThreadPoolExecutor.java:1128)
	at java.base/java.util.concurrent.ThreadPoolExecutor$Worker.run(ThreadPoolExecutor.java:628)
	at java.base/java.lang.Thread.run(Thread.java:829)

		at org.apache.ratis.util.IOUtils.readObject(IOUtils.java:237)
		at org.apache.ratis.util.IOUtils.bytes2Object(IOUtils.java:214)
		at org.apache.ratis.grpc.GrpcUtil.tryUnwrapException(GrpcUtil.java:109)
		at org.apache.ratis.grpc.GrpcUtil.unwrapThrowable(GrpcUtil.java:82)
		at org.apache.ratis.grpc.GrpcUtil.warn(GrpcUtil.java:178)
		at org.apache.ratis.grpc.server.GrpcLogAppender$AppendLogResponseHandler.onError(GrpcLogAppender.java:405)
		... 10 more
	Caused by: java.lang.ClassCastException: Cannot cast java.util.concurrent.RejectedExecutionException to java.io.IOException
		at java.base/java.lang.Class.cast(Class.java:3605)
		at org.apache.ratis.util.IOUtils.readObject(IOUtils.java:234)
		... 15 more
2022-11-11 07:38:06,949 [grpc-default-executor-2] INFO  leader.FollowerInfo (FollowerInfoImpl.java:lambda$new$0(48)) - s2@group-DC0BCF2C7030->s1: nextIndex: updateUnconditionally 140 -> 139
2022-11-11 07:38:06,989 [s0-server-thread2] DEBUG raftlog.RaftLog (SegmentedRaftLog.java:appendImpl(446)) - truncateIndex=-1, arrayIndex=0
2022-11-11 07:38:06,990 [grpc-default-executor-4] WARN  server.GrpcServerProtocolService (LogUtils.java:warn(124)) - s1: Failed APPEND_ENTRIES request s2->s1#5-t2,previous=(t:1, i:138),leaderCommit=140,initializing? true,entries: size=3, first=(t:2, i:139), CONFIGURATIONENTRY(current:id: "s0"
address: "localhost:38889"
dataStreamAddress: "localhost:44045"
clientAddress: "localhost:36221"
adminAddress: "localhost:33369"
startupRole: FOLLOWER
,id: "s1"
address: "localhost:33469"
dataStreamAddress: "localhost:41079"
clientAddress: "localhost:38107"
adminAddress: "localhost:35601"
startupRole: FOLLOWER
,id: "s2"
address: "localhost:39335"
dataStreamAddress: "localhost:40831"
clientAddress: "localhost:32863"
adminAddress: "localhost:35389"
startupRole: FOLLOWER
, old:)
java.util.concurrent.CompletionException: java.util.concurrent.RejectedExecutionException: Task java.util.concurrent.CompletableFuture$AsyncSupply@7f6aa7a1 rejected from java.util.concurrent.ThreadPoolExecutor@7cbe9dc4[Terminated, pool size = 0, active threads = 0, queued tasks = 0, completed tasks = 0]
	at java.base/java.util.concurrent.CompletableFuture.encodeThrowable(CompletableFuture.java:314)
	at java.base/java.util.concurrent.CompletableFuture.uniComposeStage(CompletableFuture.java:1113)
	at java.base/java.util.concurrent.CompletableFuture.thenCompose(CompletableFuture.java:2235)
	at org.apache.ratis.server.impl.RaftServerProxy.appendEntriesAsync(RaftServerProxy.java:634)
	at org.apache.ratis.grpc.server.GrpcServerProtocolService$1.process(GrpcServerProtocolService.java:219)
	at org.apache.ratis.grpc.server.GrpcServerProtocolService$1.process(GrpcServerProtocolService.java:216)
	at org.apache.ratis.grpc.server.GrpcServerProtocolService$ServerRequestStreamObserver.onNext(GrpcServerProtocolService.java:124)
	at org.apache.ratis.thirdparty.io.grpc.stub.ServerCalls$StreamingServerCallHandler$StreamingServerCallListener.onMessage(ServerCalls.java:262)
	at org.apache.ratis.thirdparty.io.grpc.ForwardingServerCallListener.onMessage(ForwardingServerCallListener.java:33)
	at org.apache.ratis.thirdparty.io.grpc.internal.ServerCallImpl$ServerStreamListenerImpl.messagesAvailableInternal(ServerCallImpl.java:332)
	at org.apache.ratis.thirdparty.io.grpc.internal.ServerCallImpl$ServerStreamListenerImpl.messagesAvailable(ServerCallImpl.java:315)
	at org.apache.ratis.thirdparty.io.grpc.internal.ServerImpl$JumpToApplicationThreadServerStreamListener$1MessagesAvailable.runInContext(ServerImpl.java:834)
	at org.apache.ratis.thirdparty.io.grpc.internal.ContextRunnable.run(ContextRunnable.java:37)
	at org.apache.ratis.thirdparty.io.grpc.internal.SerializingExecutor.run(SerializingExecutor.java:133)
	at java.base/java.util.concurrent.ThreadPoolExecutor.runWorker(ThreadPoolExecutor.java:1128)
	at java.base/java.util.concurrent.ThreadPoolExecutor$Worker.run(ThreadPoolExecutor.java:628)
	at java.base/java.lang.Thread.run(Thread.java:829)
Caused by: java.util.concurrent.RejectedExecutionException: Task java.util.concurrent.CompletableFuture$AsyncSupply@7f6aa7a1 rejected from java.util.concurrent.ThreadPoolExecutor@7cbe9dc4[Terminated, pool size = 0, active threads = 0, queued tasks = 0, completed tasks = 0]
	at java.base/java.util.concurrent.ThreadPoolExecutor$AbortPolicy.rejectedExecution(ThreadPoolExecutor.java:2055)
	at java.base/java.util.concurrent.ThreadPoolExecutor.reject(ThreadPoolExecutor.java:825)
	at java.base/java.util.concurrent.ThreadPoolExecutor.execute(ThreadPoolExecutor.java:1355)
	at java.base/java.util.concurrent.CompletableFuture.asyncSupplyStage(CompletableFuture.java:1714)
	at java.base/java.util.concurrent.CompletableFuture.supplyAsync(CompletableFuture.java:1931)
	at org.apache.ratis.server.impl.RaftServerImpl.executeSubmitServerRequestAsync(RaftServerImpl.java:812)
	at org.apache.ratis.server.impl.RaftServerProxy.lambda$appendEntriesAsync$27(RaftServerProxy.java:634)
	at java.base/java.util.concurrent.CompletableFuture.uniComposeStage(CompletableFuture.java:1106)
	... 15 more
2022-11-11 07:38:06,991 [s2@group-DC0BCF2C7030-StateMachineUpdater] INFO  impl.SimpleStateMachine4Testing (SimpleStateMachine4Testing.java:put(205)) - s2: put 141, m68 -> (t:2, i:141), STATEMACHINELOGENTRY, 454@client-70D4234AB40A
2022-11-11 07:38:06,994 [grpc-default-executor-5] WARN  server.GrpcLogAppender (LogUtils.java:warn(124)) - s2@group-DC0BCF2C7030->s1-AppendLogResponseHandler: Failed appendEntries
java.io.IOException: java.util.concurrent.RejectedExecutionException: Task java.util.concurrent.CompletableFuture$AsyncSupply@7f6aa7a1 rejected from java.util.concurrent.ThreadPoolExecutor@7cbe9dc4[Terminated, pool size = 0, active threads = 0, queued tasks = 0, completed tasks = 0]
	at org.apache.ratis.util.IOUtils.asIOException(IOUtils.java:56)
	at org.apache.ratis.grpc.GrpcUtil.tryUnwrapException(GrpcUtil.java:121)
	at org.apache.ratis.grpc.GrpcUtil.unwrapThrowable(GrpcUtil.java:82)
	at org.apache.ratis.grpc.GrpcUtil.warn(GrpcUtil.java:178)
	at org.apache.ratis.grpc.server.GrpcLogAppender$AppendLogResponseHandler.onError(GrpcLogAppender.java:405)
	at org.apache.ratis.thirdparty.io.grpc.stub.ClientCalls$StreamObserverToCallListenerAdapter.onClose(ClientCalls.java:487)
	at org.apache.ratis.thirdparty.io.grpc.internal.ClientCallImpl.closeObserver(ClientCallImpl.java:562)
	at org.apache.ratis.thirdparty.io.grpc.internal.ClientCallImpl.access$300(ClientCallImpl.java:70)
	at org.apache.ratis.thirdparty.io.grpc.internal.ClientCallImpl$ClientStreamListenerImpl$1StreamClosed.runInternal(ClientCallImpl.java:743)
	at org.apache.ratis.thirdparty.io.grpc.internal.ClientCallImpl$ClientStreamListenerImpl$1StreamClosed.runInContext(ClientCallImpl.java:722)
	at org.apache.ratis.thirdparty.io.grpc.internal.ContextRunnable.run(ContextRunnable.java:37)
	at org.apache.ratis.thirdparty.io.grpc.internal.SerializingExecutor.run(SerializingExecutor.java:133)
	at java.base/java.util.concurrent.ThreadPoolExecutor.runWorker(ThreadPoolExecutor.java:1128)
	at java.base/java.util.concurrent.ThreadPoolExecutor$Worker.run(ThreadPoolExecutor.java:628)
	at java.base/java.lang.Thread.run(Thread.java:829)
Caused by: java.util.concurrent.RejectedExecutionException: Task java.util.concurrent.CompletableFuture$AsyncSupply@7f6aa7a1 rejected from java.util.concurrent.ThreadPoolExecutor@7cbe9dc4[Terminated, pool size = 0, active threads = 0, queued tasks = 0, completed tasks = 0]
	at java.base/jdk.internal.reflect.NativeConstructorAccessorImpl.newInstance0(Native Method)
	at java.base/jdk.internal.reflect.NativeConstructorAccessorImpl.newInstance(NativeConstructorAccessorImpl.java:62)
	at java.base/jdk.internal.reflect.DelegatingConstructorAccessorImpl.newInstance(DelegatingConstructorAccessorImpl.java:45)
	at java.base/java.lang.reflect.Constructor.newInstance(Constructor.java:490)
	at org.apache.ratis.util.ReflectionUtils.instantiateException(ReflectionUtils.java:259)
	at org.apache.ratis.grpc.GrpcUtil.tryUnwrapException(GrpcUtil.java:120)
	... 13 more
Caused by: org.apache.ratis.thirdparty.io.grpc.StatusRuntimeException: INTERNAL: Task java.util.concurrent.CompletableFuture$AsyncSupply@7f6aa7a1 rejected from java.util.concurrent.ThreadPoolExecutor@7cbe9dc4[Terminated, pool size = 0, active threads = 0, queued tasks = 0, completed tasks = 0]
	at org.apache.ratis.thirdparty.io.grpc.Status.asRuntimeException(Status.java:535)
	... 10 more
	Suppressed: java.lang.IllegalStateException: Failed to cast to class java.io.IOException, object=java.util.concurrent.RejectedExecutionException: Task java.util.concurrent.CompletableFuture$AsyncSupply@7f6aa7a1 rejected from java.util.concurrent.ThreadPoolExecutor@7cbe9dc4[Terminated, pool size = 0, active threads = 0, queued tasks = 0, completed tasks = 0]
	at java.base/java.util.concurrent.ThreadPoolExecutor$AbortPolicy.rejectedExecution(ThreadPoolExecutor.java:2055)
	at java.base/java.util.concurrent.ThreadPoolExecutor.reject(ThreadPoolExecutor.java:825)
	at java.base/java.util.concurrent.ThreadPoolExecutor.execute(ThreadPoolExecutor.java:1355)
	at java.base/java.util.concurrent.CompletableFuture.asyncSupplyStage(CompletableFuture.java:1714)
	at java.base/java.util.concurrent.CompletableFuture.supplyAsync(CompletableFuture.java:1931)
	at org.apache.ratis.server.impl.RaftServerImpl.executeSubmitServerRequestAsync(RaftServerImpl.java:812)
	at org.apache.ratis.server.impl.RaftServerProxy.lambda$appendEntriesAsync$27(RaftServerProxy.java:634)
	at java.base/java.util.concurrent.CompletableFuture.uniComposeStage(CompletableFuture.java:1106)
	at java.base/java.util.concurrent.CompletableFuture.thenCompose(CompletableFuture.java:2235)
	at org.apache.ratis.server.impl.RaftServerProxy.appendEntriesAsync(RaftServerProxy.java:634)
	at org.apache.ratis.grpc.server.GrpcServerProtocolService$1.process(GrpcServerProtocolService.java:219)
	at org.apache.ratis.grpc.server.GrpcServerProtocolService$1.process(GrpcServerProtocolService.java:216)
	at org.apache.ratis.grpc.server.GrpcServerProtocolService$ServerRequestStreamObserver.onNext(GrpcServerProtocolService.java:124)
	at org.apache.ratis.thirdparty.io.grpc.stub.ServerCalls$StreamingServerCallHandler$StreamingServerCallListener.onMessage(ServerCalls.java:262)
	at org.apache.ratis.thirdparty.io.grpc.ForwardingServerCallListener.onMessage(ForwardingServerCallListener.java:33)
	at org.apache.ratis.thirdparty.io.grpc.internal.ServerCallImpl$ServerStreamListenerImpl.messagesAvailableInternal(ServerCallImpl.java:332)
	at org.apache.ratis.thirdparty.io.grpc.internal.ServerCallImpl$ServerStreamListenerImpl.messagesAvailable(ServerCallImpl.java:315)
	at org.apache.ratis.thirdparty.io.grpc.internal.ServerImpl$JumpToApplicationThreadServerStreamListener$1MessagesAvailable.runInContext(ServerImpl.java:834)
	at org.apache.ratis.thirdparty.io.grpc.internal.ContextRunnable.run(ContextRunnable.java:37)
	at org.apache.ratis.thirdparty.io.grpc.internal.SerializingExecutor.run(SerializingExecutor.java:133)
	at java.base/java.util.concurrent.ThreadPoolExecutor.runWorker(ThreadPoolExecutor.java:1128)
	at java.base/java.util.concurrent.ThreadPoolExecutor$Worker.run(ThreadPoolExecutor.java:628)
	at java.base/java.lang.Thread.run(Thread.java:829)

		at org.apache.ratis.util.IOUtils.readObject(IOUtils.java:237)
		at org.apache.ratis.util.IOUtils.bytes2Object(IOUtils.java:214)
		at org.apache.ratis.grpc.GrpcUtil.tryUnwrapException(GrpcUtil.java:109)
		at org.apache.ratis.grpc.GrpcUtil.unwrapThrowable(GrpcUtil.java:82)
		at org.apache.ratis.grpc.GrpcUtil.warn(GrpcUtil.java:178)
		at org.apache.ratis.grpc.server.GrpcLogAppender$AppendLogResponseHandler.onError(GrpcLogAppender.java:405)
		... 10 more
	Caused by: java.lang.ClassCastException: Cannot cast java.util.concurrent.RejectedExecutionException to java.io.IOException
		at java.base/java.lang.Class.cast(Class.java:3605)
		at org.apache.ratis.util.IOUtils.readObject(IOUtils.java:234)
		... 15 more
2022-11-11 07:38:06,995 [s0-server-thread2] DEBUG raftlog.RaftLog (SegmentedRaftLog.java:appendImpl(446)) - truncateIndex=-1, arrayIndex=0
2022-11-11 07:38:07,001 [grpc-default-executor-5] INFO  leader.FollowerInfo (FollowerInfoImpl.java:lambda$new$0(48)) - s2@group-DC0BCF2C7030->s1: nextIndex: updateUnconditionally 142 -> 139
2022-11-11 07:38:07,001 [s0@group-DC0BCF2C7030-StateMachineUpdater] INFO  impl.SimpleStateMachine4Testing (SimpleStateMachine4Testing.java:put(205)) - s0: put 141, m68 -> (t:2, i:141), STATEMACHINELOGENTRY, 454@client-70D4234AB40A
2022-11-11 07:38:07,004 [s0-server-thread2] DEBUG raftlog.RaftLog (SegmentedRaftLog.java:appendImpl(446)) - truncateIndex=-1, arrayIndex=0
2022-11-11 07:38:07,005 [grpc-default-executor-2] WARN  server.GrpcServerProtocolService (LogUtils.java:warn(124)) - s1: Failed APPEND_ENTRIES request s2->s1#7-t2,previous=(t:1, i:138),leaderCommit=141,initializing? true,entries: size=5, first=(t:2, i:139), CONFIGURATIONENTRY(current:id: "s0"
address: "localhost:38889"
dataStreamAddress: "localhost:44045"
clientAddress: "localhost:36221"
adminAddress: "localhost:33369"
startupRole: FOLLOWER
,id: "s1"
address: "localhost:33469"
dataStreamAddress: "localhost:41079"
clientAddress: "localhost:38107"
adminAddress: "localhost:35601"
startupRole: FOLLOWER
,id: "s2"
address: "localhost:39335"
dataStreamAddress: "localhost:40831"
clientAddress: "localhost:32863"
adminAddress: "localhost:35389"
startupRole: FOLLOWER
, old:)
java.util.concurrent.CompletionException: java.util.concurrent.RejectedExecutionException: Task java.util.concurrent.CompletableFuture$AsyncSupply@1fa22e9e rejected from java.util.concurrent.ThreadPoolExecutor@7cbe9dc4[Terminated, pool size = 0, active threads = 0, queued tasks = 0, completed tasks = 0]
	at java.base/java.util.concurrent.CompletableFuture.encodeThrowable(CompletableFuture.java:314)
	at java.base/java.util.concurrent.CompletableFuture.uniComposeStage(CompletableFuture.java:1113)
	at java.base/java.util.concurrent.CompletableFuture.thenCompose(CompletableFuture.java:2235)
	at org.apache.ratis.server.impl.RaftServerProxy.appendEntriesAsync(RaftServerProxy.java:634)
	at org.apache.ratis.grpc.server.GrpcServerProtocolService$1.process(GrpcServerProtocolService.java:219)
	at org.apache.ratis.grpc.server.GrpcServerProtocolService$1.process(GrpcServerProtocolService.java:216)
	at org.apache.ratis.grpc.server.GrpcServerProtocolService$ServerRequestStreamObserver.onNext(GrpcServerProtocolService.java:124)
	at org.apache.ratis.thirdparty.io.grpc.stub.ServerCalls$StreamingServerCallHandler$StreamingServerCallListener.onMessage(ServerCalls.java:262)
	at org.apache.ratis.thirdparty.io.grpc.ForwardingServerCallListener.onMessage(ForwardingServerCallListener.java:33)
	at org.apache.ratis.thirdparty.io.grpc.internal.ServerCallImpl$ServerStreamListenerImpl.messagesAvailableInternal(ServerCallImpl.java:332)
	at org.apache.ratis.thirdparty.io.grpc.internal.ServerCallImpl$ServerStreamListenerImpl.messagesAvailable(ServerCallImpl.java:315)
	at org.apache.ratis.thirdparty.io.grpc.internal.ServerImpl$JumpToApplicationThreadServerStreamListener$1MessagesAvailable.runInContext(ServerImpl.java:834)
	at org.apache.ratis.thirdparty.io.grpc.internal.ContextRunnable.run(ContextRunnable.java:37)
	at org.apache.ratis.thirdparty.io.grpc.internal.SerializingExecutor.run(SerializingExecutor.java:133)
	at java.base/java.util.concurrent.ThreadPoolExecutor.runWorker(ThreadPoolExecutor.java:1128)
	at java.base/java.util.concurrent.ThreadPoolExecutor$Worker.run(ThreadPoolExecutor.java:628)
	at java.base/java.lang.Thread.run(Thread.java:829)
Caused by: java.util.concurrent.RejectedExecutionException: Task java.util.concurrent.CompletableFuture$AsyncSupply@1fa22e9e rejected from java.util.concurrent.ThreadPoolExecutor@7cbe9dc4[Terminated, pool size = 0, active threads = 0, queued tasks = 0, completed tasks = 0]
	at java.base/java.util.concurrent.ThreadPoolExecutor$AbortPolicy.rejectedExecution(ThreadPoolExecutor.java:2055)
	at java.base/java.util.concurrent.ThreadPoolExecutor.reject(ThreadPoolExecutor.java:825)
	at java.base/java.util.concurrent.ThreadPoolExecutor.execute(ThreadPoolExecutor.java:1355)
	at java.base/java.util.concurrent.CompletableFuture.asyncSupplyStage(CompletableFuture.java:1714)
	at java.base/java.util.concurrent.CompletableFuture.supplyAsync(CompletableFuture.java:1931)
	at org.apache.ratis.server.impl.RaftServerImpl.executeSubmitServerRequestAsync(RaftServerImpl.java:812)
	at org.apache.ratis.server.impl.RaftServerProxy.lambda$appendEntriesAsync$27(RaftServerProxy.java:634)
	at java.base/java.util.concurrent.CompletableFuture.uniComposeStage(CompletableFuture.java:1106)
	... 15 more
2022-11-11 07:38:07,009 [grpc-default-executor-4] WARN  server.GrpcLogAppender (LogUtils.java:warn(124)) - s2@group-DC0BCF2C7030->s1-AppendLogResponseHandler: Failed appendEntries
java.io.IOException: java.util.concurrent.RejectedExecutionException: Task java.util.concurrent.CompletableFuture$AsyncSupply@1fa22e9e rejected from java.util.concurrent.ThreadPoolExecutor@7cbe9dc4[Terminated, pool size = 0, active threads = 0, queued tasks = 0, completed tasks = 0]
	at org.apache.ratis.util.IOUtils.asIOException(IOUtils.java:56)
	at org.apache.ratis.grpc.GrpcUtil.tryUnwrapException(GrpcUtil.java:121)
	at org.apache.ratis.grpc.GrpcUtil.unwrapThrowable(GrpcUtil.java:82)
	at org.apache.ratis.grpc.GrpcUtil.warn(GrpcUtil.java:178)
	at org.apache.ratis.grpc.server.GrpcLogAppender$AppendLogResponseHandler.onError(GrpcLogAppender.java:405)
	at org.apache.ratis.thirdparty.io.grpc.stub.ClientCalls$StreamObserverToCallListenerAdapter.onClose(ClientCalls.java:487)
	at org.apache.ratis.thirdparty.io.grpc.internal.ClientCallImpl.closeObserver(ClientCallImpl.java:562)
	at org.apache.ratis.thirdparty.io.grpc.internal.ClientCallImpl.access$300(ClientCallImpl.java:70)
	at org.apache.ratis.thirdparty.io.grpc.internal.ClientCallImpl$ClientStreamListenerImpl$1StreamClosed.runInternal(ClientCallImpl.java:743)
	at org.apache.ratis.thirdparty.io.grpc.internal.ClientCallImpl$ClientStreamListenerImpl$1StreamClosed.runInContext(ClientCallImpl.java:722)
	at org.apache.ratis.thirdparty.io.grpc.internal.ContextRunnable.run(ContextRunnable.java:37)
	at org.apache.ratis.thirdparty.io.grpc.internal.SerializingExecutor.run(SerializingExecutor.java:133)
	at java.base/java.util.concurrent.ThreadPoolExecutor.runWorker(ThreadPoolExecutor.java:1128)
	at java.base/java.util.concurrent.ThreadPoolExecutor$Worker.run(ThreadPoolExecutor.java:628)
	at java.base/java.lang.Thread.run(Thread.java:829)
Caused by: java.util.concurrent.RejectedExecutionException: Task java.util.concurrent.CompletableFuture$AsyncSupply@1fa22e9e rejected from java.util.concurrent.ThreadPoolExecutor@7cbe9dc4[Terminated, pool size = 0, active threads = 0, queued tasks = 0, completed tasks = 0]
	at java.base/jdk.internal.reflect.NativeConstructorAccessorImpl.newInstance0(Native Method)
	at java.base/jdk.internal.reflect.NativeConstructorAccessorImpl.newInstance(NativeConstructorAccessorImpl.java:62)
	at java.base/jdk.internal.reflect.DelegatingConstructorAccessorImpl.newInstance(DelegatingConstructorAccessorImpl.java:45)
	at java.base/java.lang.reflect.Constructor.newInstance(Constructor.java:490)
	at org.apache.ratis.util.ReflectionUtils.instantiateException(ReflectionUtils.java:259)
	at org.apache.ratis.grpc.GrpcUtil.tryUnwrapException(GrpcUtil.java:120)
	... 13 more
Caused by: org.apache.ratis.thirdparty.io.grpc.StatusRuntimeException: INTERNAL: Task java.util.concurrent.CompletableFuture$AsyncSupply@1fa22e9e rejected from java.util.concurrent.ThreadPoolExecutor@7cbe9dc4[Terminated, pool size = 0, active threads = 0, queued tasks = 0, completed tasks = 0]
	at org.apache.ratis.thirdparty.io.grpc.Status.asRuntimeException(Status.java:535)
	... 10 more
	Suppressed: java.lang.IllegalStateException: Failed to cast to class java.io.IOException, object=java.util.concurrent.RejectedExecutionException: Task java.util.concurrent.CompletableFuture$AsyncSupply@1fa22e9e rejected from java.util.concurrent.ThreadPoolExecutor@7cbe9dc4[Terminated, pool size = 0, active threads = 0, queued tasks = 0, completed tasks = 0]
	at java.base/java.util.concurrent.ThreadPoolExecutor$AbortPolicy.rejectedExecution(ThreadPoolExecutor.java:2055)
	at java.base/java.util.concurrent.ThreadPoolExecutor.reject(ThreadPoolExecutor.java:825)
	at java.base/java.util.concurrent.ThreadPoolExecutor.execute(ThreadPoolExecutor.java:1355)
	at java.base/java.util.concurrent.CompletableFuture.asyncSupplyStage(CompletableFuture.java:1714)
	at java.base/java.util.concurrent.CompletableFuture.supplyAsync(CompletableFuture.java:1931)
	at org.apache.ratis.server.impl.RaftServerImpl.executeSubmitServerRequestAsync(RaftServerImpl.java:812)
	at org.apache.ratis.server.impl.RaftServerProxy.lambda$appendEntriesAsync$27(RaftServerProxy.java:634)
	at java.base/java.util.concurrent.CompletableFuture.uniComposeStage(CompletableFuture.java:1106)
	at java.base/java.util.concurrent.CompletableFuture.thenCompose(CompletableFuture.java:2235)
	at org.apache.ratis.server.impl.RaftServerProxy.appendEntriesAsync(RaftServerProxy.java:634)
	at org.apache.ratis.grpc.server.GrpcServerProtocolService$1.process(GrpcServerProtocolService.java:219)
	at org.apache.ratis.grpc.server.GrpcServerProtocolService$1.process(GrpcServerProtocolService.java:216)
	at org.apache.ratis.grpc.server.GrpcServerProtocolService$ServerRequestStreamObserver.onNext(GrpcServerProtocolService.java:124)
	at org.apache.ratis.thirdparty.io.grpc.stub.ServerCalls$StreamingServerCallHandler$StreamingServerCallListener.onMessage(ServerCalls.java:262)
	at org.apache.ratis.thirdparty.io.grpc.ForwardingServerCallListener.onMessage(ForwardingServerCallListener.java:33)
	at org.apache.ratis.thirdparty.io.grpc.internal.ServerCallImpl$ServerStreamListenerImpl.messagesAvailableInternal(ServerCallImpl.java:332)
	at org.apache.ratis.thirdparty.io.grpc.internal.ServerCallImpl$ServerStreamListenerImpl.messagesAvailable(ServerCallImpl.java:315)
	at org.apache.ratis.thirdparty.io.grpc.internal.ServerImpl$JumpToApplicationThreadServerStreamListener$1MessagesAvailable.runInContext(ServerImpl.java:834)
	at org.apache.ratis.thirdparty.io.grpc.internal.ContextRunnable.run(ContextRunnable.java:37)
	at org.apache.ratis.thirdparty.io.grpc.internal.SerializingExecutor.run(SerializingExecutor.java:133)
	at java.base/java.util.concurrent.ThreadPoolExecutor.runWorker(ThreadPoolExecutor.java:1128)
	at java.base/java.util.concurrent.ThreadPoolExecutor$Worker.run(ThreadPoolExecutor.java:628)
	at java.base/java.lang.Thread.run(Thread.java:829)

		at org.apache.ratis.util.IOUtils.readObject(IOUtils.java:237)
		at org.apache.ratis.util.IOUtils.bytes2Object(IOUtils.java:214)
		at org.apache.ratis.grpc.GrpcUtil.tryUnwrapException(GrpcUtil.java:109)
		at org.apache.ratis.grpc.GrpcUtil.unwrapThrowable(GrpcUtil.java:82)
		at org.apache.ratis.grpc.GrpcUtil.warn(GrpcUtil.java:178)
		at org.apache.ratis.grpc.server.GrpcLogAppender$AppendLogResponseHandler.onError(GrpcLogAppender.java:405)
		... 10 more
	Caused by: java.lang.ClassCastException: Cannot cast java.util.concurrent.RejectedExecutionException to java.io.IOException
		at java.base/java.lang.Class.cast(Class.java:3605)
		at org.apache.ratis.util.IOUtils.readObject(IOUtils.java:234)
		... 15 more
2022-11-11 07:38:07,013 [grpc-default-executor-4] INFO  leader.FollowerInfo (FollowerInfoImpl.java:lambda$new$0(48)) - s2@group-DC0BCF2C7030->s1: nextIndex: updateUnconditionally 144 -> 139
2022-11-11 07:38:07,013 [s2@group-DC0BCF2C7030-StateMachineUpdater] INFO  impl.SimpleStateMachine4Testing (SimpleStateMachine4Testing.java:put(205)) - s2: put 143, m69 -> (t:2, i:143), STATEMACHINELOGENTRY, 455@client-70D4234AB40A
2022-11-11 07:38:07,015 [s0-server-thread2] DEBUG raftlog.RaftLog (SegmentedRaftLog.java:appendImpl(446)) - truncateIndex=-1, arrayIndex=0
2022-11-11 07:38:07,015 [s0@group-DC0BCF2C7030-StateMachineUpdater] INFO  impl.SimpleStateMachine4Testing (SimpleStateMachine4Testing.java:put(205)) - s0: put 143, m69 -> (t:2, i:143), STATEMACHINELOGENTRY, 455@client-70D4234AB40A
2022-11-11 07:38:07,016 [s0-server-thread2] DEBUG raftlog.RaftLog (SegmentedRaftLog.java:appendImpl(446)) - truncateIndex=-1, arrayIndex=0
2022-11-11 07:38:07,017 [s2@group-DC0BCF2C7030-StateMachineUpdater] INFO  impl.SimpleStateMachine4Testing (SimpleStateMachine4Testing.java:put(205)) - s2: put 145, m70 -> (t:2, i:145), STATEMACHINELOGENTRY, 456@client-70D4234AB40A
2022-11-11 07:38:07,018 [grpc-default-executor-4] WARN  server.GrpcServerProtocolService (LogUtils.java:warn(124)) - s1: Failed APPEND_ENTRIES request s2->s1#9-t2,previous=(t:1, i:138),leaderCommit=143,initializing? true,entries: size=6, first=(t:2, i:139), CONFIGURATIONENTRY(current:id: "s0"
address: "localhost:38889"
dataStreamAddress: "localhost:44045"
clientAddress: "localhost:36221"
adminAddress: "localhost:33369"
startupRole: FOLLOWER
,id: "s1"
address: "localhost:33469"
dataStreamAddress: "localhost:41079"
clientAddress: "localhost:38107"
adminAddress: "localhost:35601"
startupRole: FOLLOWER
,id: "s2"
address: "localhost:39335"
dataStreamAddress: "localhost:40831"
clientAddress: "localhost:32863"
adminAddress: "localhost:35389"
startupRole: FOLLOWER
, old:)
java.util.concurrent.CompletionException: java.util.concurrent.RejectedExecutionException: Task java.util.concurrent.CompletableFuture$AsyncSupply@5921405a rejected from java.util.concurrent.ThreadPoolExecutor@7cbe9dc4[Terminated, pool size = 0, active threads = 0, queued tasks = 0, completed tasks = 0]
	at java.base/java.util.concurrent.CompletableFuture.encodeThrowable(CompletableFuture.java:314)
	at java.base/java.util.concurrent.CompletableFuture.uniComposeStage(CompletableFuture.java:1113)
	at java.base/java.util.concurrent.CompletableFuture.thenCompose(CompletableFuture.java:2235)
	at org.apache.ratis.server.impl.RaftServerProxy.appendEntriesAsync(RaftServerProxy.java:634)
	at org.apache.ratis.grpc.server.GrpcServerProtocolService$1.process(GrpcServerProtocolService.java:219)
	at org.apache.ratis.grpc.server.GrpcServerProtocolService$1.process(GrpcServerProtocolService.java:216)
	at org.apache.ratis.grpc.server.GrpcServerProtocolService$ServerRequestStreamObserver.onNext(GrpcServerProtocolService.java:124)
	at org.apache.ratis.thirdparty.io.grpc.stub.ServerCalls$StreamingServerCallHandler$StreamingServerCallListener.onMessage(ServerCalls.java:262)
	at org.apache.ratis.thirdparty.io.grpc.ForwardingServerCallListener.onMessage(ForwardingServerCallListener.java:33)
	at org.apache.ratis.thirdparty.io.grpc.internal.ServerCallImpl$ServerStreamListenerImpl.messagesAvailableInternal(ServerCallImpl.java:332)
	at org.apache.ratis.thirdparty.io.grpc.internal.ServerCallImpl$ServerStreamListenerImpl.messagesAvailable(ServerCallImpl.java:315)
	at org.apache.ratis.thirdparty.io.grpc.internal.ServerImpl$JumpToApplicationThreadServerStreamListener$1MessagesAvailable.runInContext(ServerImpl.java:834)
	at org.apache.ratis.thirdparty.io.grpc.internal.ContextRunnable.run(ContextRunnable.java:37)
	at org.apache.ratis.thirdparty.io.grpc.internal.SerializingExecutor.run(SerializingExecutor.java:133)
	at java.base/java.util.concurrent.ThreadPoolExecutor.runWorker(ThreadPoolExecutor.java:1128)
	at java.base/java.util.concurrent.ThreadPoolExecutor$Worker.run(ThreadPoolExecutor.java:628)
	at java.base/java.lang.Thread.run(Thread.java:829)
Caused by: java.util.concurrent.RejectedExecutionException: Task java.util.concurrent.CompletableFuture$AsyncSupply@5921405a rejected from java.util.concurrent.ThreadPoolExecutor@7cbe9dc4[Terminated, pool size = 0, active threads = 0, queued tasks = 0, completed tasks = 0]
	at java.base/java.util.concurrent.ThreadPoolExecutor$AbortPolicy.rejectedExecution(ThreadPoolExecutor.java:2055)
	at java.base/java.util.concurrent.ThreadPoolExecutor.reject(ThreadPoolExecutor.java:825)
	at java.base/java.util.concurrent.ThreadPoolExecutor.execute(ThreadPoolExecutor.java:1355)
	at java.base/java.util.concurrent.CompletableFuture.asyncSupplyStage(CompletableFuture.java:1714)
	at java.base/java.util.concurrent.CompletableFuture.supplyAsync(CompletableFuture.java:1931)
	at org.apache.ratis.server.impl.RaftServerImpl.executeSubmitServerRequestAsync(RaftServerImpl.java:812)
	at org.apache.ratis.server.impl.RaftServerProxy.lambda$appendEntriesAsync$27(RaftServerProxy.java:634)
	at java.base/java.util.concurrent.CompletableFuture.uniComposeStage(CompletableFuture.java:1106)
	... 15 more
2022-11-11 07:38:07,020 [s0-server-thread2] DEBUG raftlog.RaftLog (SegmentedRaftLog.java:appendImpl(446)) - truncateIndex=-1, arrayIndex=0
2022-11-11 07:38:07,021 [s0@group-DC0BCF2C7030-StateMachineUpdater] INFO  impl.SimpleStateMachine4Testing (SimpleStateMachine4Testing.java:put(205)) - s0: put 145, m70 -> (t:2, i:145), STATEMACHINELOGENTRY, 456@client-70D4234AB40A
2022-11-11 07:38:07,022 [s0-server-thread2] DEBUG raftlog.RaftLog (SegmentedRaftLog.java:appendImpl(446)) - truncateIndex=-1, arrayIndex=0
2022-11-11 07:38:07,025 [s2@group-DC0BCF2C7030-StateMachineUpdater] INFO  impl.SimpleStateMachine4Testing (SimpleStateMachine4Testing.java:put(205)) - s2: put 147, m71 -> (t:2, i:147), STATEMACHINELOGENTRY, 457@client-70D4234AB40A
2022-11-11 07:38:07,026 [grpc-default-executor-4] WARN  server.GrpcLogAppender (LogUtils.java:warn(124)) - s2@group-DC0BCF2C7030->s1-AppendLogResponseHandler: Failed appendEntries
java.io.IOException: java.util.concurrent.RejectedExecutionException: Task java.util.concurrent.CompletableFuture$AsyncSupply@5921405a rejected from java.util.concurrent.ThreadPoolExecutor@7cbe9dc4[Terminated, pool size = 0, active threads = 0, queued tasks = 0, completed tasks = 0]
	at org.apache.ratis.util.IOUtils.asIOException(IOUtils.java:56)
	at org.apache.ratis.grpc.GrpcUtil.tryUnwrapException(GrpcUtil.java:121)
	at org.apache.ratis.grpc.GrpcUtil.unwrapThrowable(GrpcUtil.java:82)
	at org.apache.ratis.grpc.GrpcUtil.warn(GrpcUtil.java:178)
	at org.apache.ratis.grpc.server.GrpcLogAppender$AppendLogResponseHandler.onError(GrpcLogAppender.java:405)
	at org.apache.ratis.thirdparty.io.grpc.stub.ClientCalls$StreamObserverToCallListenerAdapter.onClose(ClientCalls.java:487)
	at org.apache.ratis.thirdparty.io.grpc.internal.ClientCallImpl.closeObserver(ClientCallImpl.java:562)
	at org.apache.ratis.thirdparty.io.grpc.internal.ClientCallImpl.access$300(ClientCallImpl.java:70)
	at org.apache.ratis.thirdparty.io.grpc.internal.ClientCallImpl$ClientStreamListenerImpl$1StreamClosed.runInternal(ClientCallImpl.java:743)
	at org.apache.ratis.thirdparty.io.grpc.internal.ClientCallImpl$ClientStreamListenerImpl$1StreamClosed.runInContext(ClientCallImpl.java:722)
	at org.apache.ratis.thirdparty.io.grpc.internal.ContextRunnable.run(ContextRunnable.java:37)
	at org.apache.ratis.thirdparty.io.grpc.internal.SerializingExecutor.run(SerializingExecutor.java:133)
	at java.base/java.util.concurrent.ThreadPoolExecutor.runWorker(ThreadPoolExecutor.java:1128)
	at java.base/java.util.concurrent.ThreadPoolExecutor$Worker.run(ThreadPoolExecutor.java:628)
	at java.base/java.lang.Thread.run(Thread.java:829)
Caused by: java.util.concurrent.RejectedExecutionException: Task java.util.concurrent.CompletableFuture$AsyncSupply@5921405a rejected from java.util.concurrent.ThreadPoolExecutor@7cbe9dc4[Terminated, pool size = 0, active threads = 0, queued tasks = 0, completed tasks = 0]
	at java.base/jdk.internal.reflect.NativeConstructorAccessorImpl.newInstance0(Native Method)
	at java.base/jdk.internal.reflect.NativeConstructorAccessorImpl.newInstance(NativeConstructorAccessorImpl.java:62)
	at java.base/jdk.internal.reflect.DelegatingConstructorAccessorImpl.newInstance(DelegatingConstructorAccessorImpl.java:45)
	at java.base/java.lang.reflect.Constructor.newInstance(Constructor.java:490)
	at org.apache.ratis.util.ReflectionUtils.instantiateException(ReflectionUtils.java:259)
	at org.apache.ratis.grpc.GrpcUtil.tryUnwrapException(GrpcUtil.java:120)
	... 13 more
Caused by: org.apache.ratis.thirdparty.io.grpc.StatusRuntimeException: INTERNAL: Task java.util.concurrent.CompletableFuture$AsyncSupply@5921405a rejected from java.util.concurrent.ThreadPoolExecutor@7cbe9dc4[Terminated, pool size = 0, active threads = 0, queued tasks = 0, completed tasks = 0]
	at org.apache.ratis.thirdparty.io.grpc.Status.asRuntimeException(Status.java:535)
	... 10 more
	Suppressed: java.lang.IllegalStateException: Failed to cast to class java.io.IOException, object=java.util.concurrent.RejectedExecutionException: Task java.util.concurrent.CompletableFuture$AsyncSupply@5921405a rejected from java.util.concurrent.ThreadPoolExecutor@7cbe9dc4[Terminated, pool size = 0, active threads = 0, queued tasks = 0, completed tasks = 0]
	at java.base/java.util.concurrent.ThreadPoolExecutor$AbortPolicy.rejectedExecution(ThreadPoolExecutor.java:2055)
	at java.base/java.util.concurrent.ThreadPoolExecutor.reject(ThreadPoolExecutor.java:825)
	at java.base/java.util.concurrent.ThreadPoolExecutor.execute(ThreadPoolExecutor.java:1355)
	at java.base/java.util.concurrent.CompletableFuture.asyncSupplyStage(CompletableFuture.java:1714)
	at java.base/java.util.concurrent.CompletableFuture.supplyAsync(CompletableFuture.java:1931)
	at org.apache.ratis.server.impl.RaftServerImpl.executeSubmitServerRequestAsync(RaftServerImpl.java:812)
	at org.apache.ratis.server.impl.RaftServerProxy.lambda$appendEntriesAsync$27(RaftServerProxy.java:634)
	at java.base/java.util.concurrent.CompletableFuture.uniComposeStage(CompletableFuture.java:1106)
	at java.base/java.util.concurrent.CompletableFuture.thenCompose(CompletableFuture.java:2235)
	at org.apache.ratis.server.impl.RaftServerProxy.appendEntriesAsync(RaftServerProxy.java:634)
	at org.apache.ratis.grpc.server.GrpcServerProtocolService$1.process(GrpcServerProtocolService.java:219)
	at org.apache.ratis.grpc.server.GrpcServerProtocolService$1.process(GrpcServerProtocolService.java:216)
	at org.apache.ratis.grpc.server.GrpcServerProtocolService$ServerRequestStreamObserver.onNext(GrpcServerProtocolService.java:124)
	at org.apache.ratis.thirdparty.io.grpc.stub.ServerCalls$StreamingServerCallHandler$StreamingServerCallListener.onMessage(ServerCalls.java:262)
	at org.apache.ratis.thirdparty.io.grpc.ForwardingServerCallListener.onMessage(ForwardingServerCallListener.java:33)
	at org.apache.ratis.thirdparty.io.grpc.internal.ServerCallImpl$ServerStreamListenerImpl.messagesAvailableInternal(ServerCallImpl.java:332)
	at org.apache.ratis.thirdparty.io.grpc.internal.ServerCallImpl$ServerStreamListenerImpl.messagesAvailable(ServerCallImpl.java:315)
	at org.apache.ratis.thirdparty.io.grpc.internal.ServerImpl$JumpToApplicationThreadServerStreamListener$1MessagesAvailable.runInContext(ServerImpl.java:834)
	at org.apache.ratis.thirdparty.io.grpc.internal.ContextRunnable.run(ContextRunnable.java:37)
	at org.apache.ratis.thirdparty.io.grpc.internal.SerializingExecutor.run(SerializingExecutor.java:133)
	at java.base/java.util.concurrent.ThreadPoolExecutor.runWorker(ThreadPoolExecutor.java:1128)
	at java.base/java.util.concurrent.ThreadPoolExecutor$Worker.run(ThreadPoolExecutor.java:628)
	at java.base/java.lang.Thread.run(Thread.java:829)

		at org.apache.ratis.util.IOUtils.readObject(IOUtils.java:237)
		at org.apache.ratis.util.IOUtils.bytes2Object(IOUtils.java:214)
		at org.apache.ratis.grpc.GrpcUtil.tryUnwrapException(GrpcUtil.java:109)
		at org.apache.ratis.grpc.GrpcUtil.unwrapThrowable(GrpcUtil.java:82)
		at org.apache.ratis.grpc.GrpcUtil.warn(GrpcUtil.java:178)
		at org.apache.ratis.grpc.server.GrpcLogAppender$AppendLogResponseHandler.onError(GrpcLogAppender.java:405)
		... 10 more
	Caused by: java.lang.ClassCastException: Cannot cast java.util.concurrent.RejectedExecutionException to java.io.IOException
		at java.base/java.lang.Class.cast(Class.java:3605)
		at org.apache.ratis.util.IOUtils.readObject(IOUtils.java:234)
		... 15 more
2022-11-11 07:38:07,027 [grpc-default-executor-4] INFO  leader.FollowerInfo (FollowerInfoImpl.java:lambda$new$0(48)) - s2@group-DC0BCF2C7030->s1: nextIndex: updateUnconditionally 145 -> 139
2022-11-11 07:38:07,032 [s0-server-thread2] DEBUG raftlog.RaftLog (SegmentedRaftLog.java:appendImpl(446)) - truncateIndex=-1, arrayIndex=0
2022-11-11 07:38:07,040 [s0-server-thread2] DEBUG raftlog.RaftLog (SegmentedRaftLog.java:appendImpl(446)) - truncateIndex=-1, arrayIndex=0
2022-11-11 07:38:07,040 [s0@group-DC0BCF2C7030-StateMachineUpdater] INFO  impl.SimpleStateMachine4Testing (SimpleStateMachine4Testing.java:put(205)) - s0: put 147, m71 -> (t:2, i:147), STATEMACHINELOGENTRY, 457@client-70D4234AB40A
2022-11-11 07:38:07,041 [grpc-default-executor-6] WARN  server.GrpcServerProtocolService (LogUtils.java:warn(124)) - s1: Failed APPEND_ENTRIES request s2->s1#15-t2,previous=(t:1, i:138),leaderCommit=147,initializing? true,entries: size=11, first=(t:2, i:139), CONFIGURATIONENTRY(current:id: "s0"
address: "localhost:38889"
dataStreamAddress: "localhost:44045"
clientAddress: "localhost:36221"
adminAddress: "localhost:33369"
startupRole: FOLLOWER
,id: "s1"
address: "localhost:33469"
dataStreamAddress: "localhost:41079"
clientAddress: "localhost:38107"
adminAddress: "localhost:35601"
startupRole: FOLLOWER
,id: "s2"
address: "localhost:39335"
dataStreamAddress: "localhost:40831"
clientAddress: "localhost:32863"
adminAddress: "localhost:35389"
startupRole: FOLLOWER
, old:)
java.util.concurrent.CompletionException: java.util.concurrent.RejectedExecutionException: Task java.util.concurrent.CompletableFuture$AsyncSupply@4c0fa897 rejected from java.util.concurrent.ThreadPoolExecutor@7cbe9dc4[Terminated, pool size = 0, active threads = 0, queued tasks = 0, completed tasks = 0]
	at java.base/java.util.concurrent.CompletableFuture.encodeThrowable(CompletableFuture.java:314)
	at java.base/java.util.concurrent.CompletableFuture.uniComposeStage(CompletableFuture.java:1113)
	at java.base/java.util.concurrent.CompletableFuture.thenCompose(CompletableFuture.java:2235)
	at org.apache.ratis.server.impl.RaftServerProxy.appendEntriesAsync(RaftServerProxy.java:634)
	at org.apache.ratis.grpc.server.GrpcServerProtocolService$1.process(GrpcServerProtocolService.java:219)
	at org.apache.ratis.grpc.server.GrpcServerProtocolService$1.process(GrpcServerProtocolService.java:216)
	at org.apache.ratis.grpc.server.GrpcServerProtocolService$ServerRequestStreamObserver.onNext(GrpcServerProtocolService.java:124)
	at org.apache.ratis.thirdparty.io.grpc.stub.ServerCalls$StreamingServerCallHandler$StreamingServerCallListener.onMessage(ServerCalls.java:262)
	at org.apache.ratis.thirdparty.io.grpc.ForwardingServerCallListener.onMessage(ForwardingServerCallListener.java:33)
	at org.apache.ratis.thirdparty.io.grpc.internal.ServerCallImpl$ServerStreamListenerImpl.messagesAvailableInternal(ServerCallImpl.java:332)
	at org.apache.ratis.thirdparty.io.grpc.internal.ServerCallImpl$ServerStreamListenerImpl.messagesAvailable(ServerCallImpl.java:315)
	at org.apache.ratis.thirdparty.io.grpc.internal.ServerImpl$JumpToApplicationThreadServerStreamListener$1MessagesAvailable.runInContext(ServerImpl.java:834)
	at org.apache.ratis.thirdparty.io.grpc.internal.ContextRunnable.run(ContextRunnable.java:37)
	at org.apache.ratis.thirdparty.io.grpc.internal.SerializingExecutor.run(SerializingExecutor.java:133)
	at java.base/java.util.concurrent.ThreadPoolExecutor.runWorker(ThreadPoolExecutor.java:1128)
	at java.base/java.util.concurrent.ThreadPoolExecutor$Worker.run(ThreadPoolExecutor.java:628)
	at java.base/java.lang.Thread.run(Thread.java:829)
Caused by: java.util.concurrent.RejectedExecutionException: Task java.util.concurrent.CompletableFuture$AsyncSupply@4c0fa897 rejected from java.util.concurrent.ThreadPoolExecutor@7cbe9dc4[Terminated, pool size = 0, active threads = 0, queued tasks = 0, completed tasks = 0]
	at java.base/java.util.concurrent.ThreadPoolExecutor$AbortPolicy.rejectedExecution(ThreadPoolExecutor.java:2055)
	at java.base/java.util.concurrent.ThreadPoolExecutor.reject(ThreadPoolExecutor.java:825)
	at java.base/java.util.concurrent.ThreadPoolExecutor.execute(ThreadPoolExecutor.java:1355)
	at java.base/java.util.concurrent.CompletableFuture.asyncSupplyStage(CompletableFuture.java:1714)
	at java.base/java.util.concurrent.CompletableFuture.supplyAsync(CompletableFuture.java:1931)
	at org.apache.ratis.server.impl.RaftServerImpl.executeSubmitServerRequestAsync(RaftServerImpl.java:812)
	at org.apache.ratis.server.impl.RaftServerProxy.lambda$appendEntriesAsync$27(RaftServerProxy.java:634)
	at java.base/java.util.concurrent.CompletableFuture.uniComposeStage(CompletableFuture.java:1106)
	... 15 more
2022-11-11 07:38:07,045 [grpc-default-executor-2] WARN  server.GrpcLogAppender (LogUtils.java:warn(124)) - s2@group-DC0BCF2C7030->s1-AppendLogResponseHandler: Failed appendEntries
java.io.IOException: java.util.concurrent.RejectedExecutionException: Task java.util.concurrent.CompletableFuture$AsyncSupply@4c0fa897 rejected from java.util.concurrent.ThreadPoolExecutor@7cbe9dc4[Terminated, pool size = 0, active threads = 0, queued tasks = 0, completed tasks = 0]
	at org.apache.ratis.util.IOUtils.asIOException(IOUtils.java:56)
	at org.apache.ratis.grpc.GrpcUtil.tryUnwrapException(GrpcUtil.java:121)
	at org.apache.ratis.grpc.GrpcUtil.unwrapThrowable(GrpcUtil.java:82)
	at org.apache.ratis.grpc.GrpcUtil.warn(GrpcUtil.java:178)
	at org.apache.ratis.grpc.server.GrpcLogAppender$AppendLogResponseHandler.onError(GrpcLogAppender.java:405)
	at org.apache.ratis.thirdparty.io.grpc.stub.ClientCalls$StreamObserverToCallListenerAdapter.onClose(ClientCalls.java:487)
	at org.apache.ratis.thirdparty.io.grpc.internal.ClientCallImpl.closeObserver(ClientCallImpl.java:562)
	at org.apache.ratis.thirdparty.io.grpc.internal.ClientCallImpl.access$300(ClientCallImpl.java:70)
	at org.apache.ratis.thirdparty.io.grpc.internal.ClientCallImpl$ClientStreamListenerImpl$1StreamClosed.runInternal(ClientCallImpl.java:743)
	at org.apache.ratis.thirdparty.io.grpc.internal.ClientCallImpl$ClientStreamListenerImpl$1StreamClosed.runInContext(ClientCallImpl.java:722)
	at org.apache.ratis.thirdparty.io.grpc.internal.ContextRunnable.run(ContextRunnable.java:37)
	at org.apache.ratis.thirdparty.io.grpc.internal.SerializingExecutor.run(SerializingExecutor.java:133)
	at java.base/java.util.concurrent.ThreadPoolExecutor.runWorker(ThreadPoolExecutor.java:1128)
	at java.base/java.util.concurrent.ThreadPoolExecutor$Worker.run(ThreadPoolExecutor.java:628)
	at java.base/java.lang.Thread.run(Thread.java:829)
Caused by: java.util.concurrent.RejectedExecutionException: Task java.util.concurrent.CompletableFuture$AsyncSupply@4c0fa897 rejected from java.util.concurrent.ThreadPoolExecutor@7cbe9dc4[Terminated, pool size = 0, active threads = 0, queued tasks = 0, completed tasks = 0]
	at java.base/jdk.internal.reflect.NativeConstructorAccessorImpl.newInstance0(Native Method)
	at java.base/jdk.internal.reflect.NativeConstructorAccessorImpl.newInstance(NativeConstructorAccessorImpl.java:62)
	at java.base/jdk.internal.reflect.DelegatingConstructorAccessorImpl.newInstance(DelegatingConstructorAccessorImpl.java:45)
	at java.base/java.lang.reflect.Constructor.newInstance(Constructor.java:490)
	at org.apache.ratis.util.ReflectionUtils.instantiateException(ReflectionUtils.java:259)
	at org.apache.ratis.grpc.GrpcUtil.tryUnwrapException(GrpcUtil.java:120)
	... 13 more
Caused by: org.apache.ratis.thirdparty.io.grpc.StatusRuntimeException: INTERNAL: Task java.util.concurrent.CompletableFuture$AsyncSupply@4c0fa897 rejected from java.util.concurrent.ThreadPoolExecutor@7cbe9dc4[Terminated, pool size = 0, active threads = 0, queued tasks = 0, completed tasks = 0]
	at org.apache.ratis.thirdparty.io.grpc.Status.asRuntimeException(Status.java:535)
	... 10 more
	Suppressed: java.lang.IllegalStateException: Failed to cast to class java.io.IOException, object=java.util.concurrent.RejectedExecutionException: Task java.util.concurrent.CompletableFuture$AsyncSupply@4c0fa897 rejected from java.util.concurrent.ThreadPoolExecutor@7cbe9dc4[Terminated, pool size = 0, active threads = 0, queued tasks = 0, completed tasks = 0]
	at java.base/java.util.concurrent.ThreadPoolExecutor$AbortPolicy.rejectedExecution(ThreadPoolExecutor.java:2055)
	at java.base/java.util.concurrent.ThreadPoolExecutor.reject(ThreadPoolExecutor.java:825)
	at java.base/java.util.concurrent.ThreadPoolExecutor.execute(ThreadPoolExecutor.java:1355)
	at java.base/java.util.concurrent.CompletableFuture.asyncSupplyStage(CompletableFuture.java:1714)
	at java.base/java.util.concurrent.CompletableFuture.supplyAsync(CompletableFuture.java:1931)
	at org.apache.ratis.server.impl.RaftServerImpl.executeSubmitServerRequestAsync(RaftServerImpl.java:812)
	at org.apache.ratis.server.impl.RaftServerProxy.lambda$appendEntriesAsync$27(RaftServerProxy.java:634)
	at java.base/java.util.concurrent.CompletableFuture.uniComposeStage(CompletableFuture.java:1106)
	at java.base/java.util.concurrent.CompletableFuture.thenCompose(CompletableFuture.java:2235)
	at org.apache.ratis.server.impl.RaftServerProxy.appendEntriesAsync(RaftServerProxy.java:634)
	at org.apache.ratis.grpc.server.GrpcServerProtocolService$1.process(GrpcServerProtocolService.java:219)
	at org.apache.ratis.grpc.server.GrpcServerProtocolService$1.process(GrpcServerProtocolService.java:216)
	at org.apache.ratis.grpc.server.GrpcServerProtocolService$ServerRequestStreamObserver.onNext(GrpcServerProtocolService.java:124)
	at org.apache.ratis.thirdparty.io.grpc.stub.ServerCalls$StreamingServerCallHandler$StreamingServerCallListener.onMessage(ServerCalls.java:262)
	at org.apache.ratis.thirdparty.io.grpc.ForwardingServerCallListener.onMessage(ForwardingServerCallListener.java:33)
	at org.apache.ratis.thirdparty.io.grpc.internal.ServerCallImpl$ServerStreamListenerImpl.messagesAvailableInternal(ServerCallImpl.java:332)
	at org.apache.ratis.thirdparty.io.grpc.internal.ServerCallImpl$ServerStreamListenerImpl.messagesAvailable(ServerCallImpl.java:315)
	at org.apache.ratis.thirdparty.io.grpc.internal.ServerImpl$JumpToApplicationThreadServerStreamListener$1MessagesAvailable.runInContext(ServerImpl.java:834)
	at org.apache.ratis.thirdparty.io.grpc.internal.ContextRunnable.run(ContextRunnable.java:37)
	at org.apache.ratis.thirdparty.io.grpc.internal.SerializingExecutor.run(SerializingExecutor.java:133)
	at java.base/java.util.concurrent.ThreadPoolExecutor.runWorker(ThreadPoolExecutor.java:1128)
	at java.base/java.util.concurrent.ThreadPoolExecutor$Worker.run(ThreadPoolExecutor.java:628)
	at java.base/java.lang.Thread.run(Thread.java:829)

		at org.apache.ratis.util.IOUtils.readObject(IOUtils.java:237)
		at org.apache.ratis.util.IOUtils.bytes2Object(IOUtils.java:214)
		at org.apache.ratis.grpc.GrpcUtil.tryUnwrapException(GrpcUtil.java:109)
		at org.apache.ratis.grpc.GrpcUtil.unwrapThrowable(GrpcUtil.java:82)
		at org.apache.ratis.grpc.GrpcUtil.warn(GrpcUtil.java:178)
		at org.apache.ratis.grpc.server.GrpcLogAppender$AppendLogResponseHandler.onError(GrpcLogAppender.java:405)
		... 10 more
	Caused by: java.lang.ClassCastException: Cannot cast java.util.concurrent.RejectedExecutionException to java.io.IOException
		at java.base/java.lang.Class.cast(Class.java:3605)
		at org.apache.ratis.util.IOUtils.readObject(IOUtils.java:234)
		... 15 more
2022-11-11 07:38:07,046 [grpc-default-executor-2] INFO  leader.FollowerInfo (FollowerInfoImpl.java:lambda$new$0(48)) - s2@group-DC0BCF2C7030->s1: nextIndex: updateUnconditionally 150 -> 139
2022-11-11 07:38:07,046 [s2@group-DC0BCF2C7030-StateMachineUpdater] INFO  impl.SimpleStateMachine4Testing (SimpleStateMachine4Testing.java:put(205)) - s2: put 149, m72 -> (t:2, i:149), STATEMACHINELOGENTRY, 458@client-70D4234AB40A
2022-11-11 07:38:07,047 [s0-server-thread1] DEBUG raftlog.RaftLog (SegmentedRaftLog.java:appendImpl(446)) - truncateIndex=-1, arrayIndex=0
2022-11-11 07:38:07,048 [grpc-default-executor-6] WARN  server.GrpcServerProtocolService (LogUtils.java:warn(124)) - s1: Failed APPEND_ENTRIES request s2->s1#17-t2,previous=(t:1, i:138),leaderCommit=149,initializing? true,entries: size=12, first=(t:2, i:139), CONFIGURATIONENTRY(current:id: "s0"
address: "localhost:38889"
dataStreamAddress: "localhost:44045"
clientAddress: "localhost:36221"
adminAddress: "localhost:33369"
startupRole: FOLLOWER
,id: "s1"
address: "localhost:33469"
dataStreamAddress: "localhost:41079"
clientAddress: "localhost:38107"
adminAddress: "localhost:35601"
startupRole: FOLLOWER
,id: "s2"
address: "localhost:39335"
dataStreamAddress: "localhost:40831"
clientAddress: "localhost:32863"
adminAddress: "localhost:35389"
startupRole: FOLLOWER
, old:)
java.util.concurrent.CompletionException: java.util.concurrent.RejectedExecutionException: Task java.util.concurrent.CompletableFuture$AsyncSupply@31e14a60 rejected from java.util.concurrent.ThreadPoolExecutor@7cbe9dc4[Terminated, pool size = 0, active threads = 0, queued tasks = 0, completed tasks = 0]
	at java.base/java.util.concurrent.CompletableFuture.encodeThrowable(CompletableFuture.java:314)
	at java.base/java.util.concurrent.CompletableFuture.uniComposeStage(CompletableFuture.java:1113)
	at java.base/java.util.concurrent.CompletableFuture.thenCompose(CompletableFuture.java:2235)
	at org.apache.ratis.server.impl.RaftServerProxy.appendEntriesAsync(RaftServerProxy.java:634)
	at org.apache.ratis.grpc.server.GrpcServerProtocolService$1.process(GrpcServerProtocolService.java:219)
	at org.apache.ratis.grpc.server.GrpcServerProtocolService$1.process(GrpcServerProtocolService.java:216)
	at org.apache.ratis.grpc.server.GrpcServerProtocolService$ServerRequestStreamObserver.onNext(GrpcServerProtocolService.java:124)
	at org.apache.ratis.thirdparty.io.grpc.stub.ServerCalls$StreamingServerCallHandler$StreamingServerCallListener.onMessage(ServerCalls.java:262)
	at org.apache.ratis.thirdparty.io.grpc.ForwardingServerCallListener.onMessage(ForwardingServerCallListener.java:33)
	at org.apache.ratis.thirdparty.io.grpc.internal.ServerCallImpl$ServerStreamListenerImpl.messagesAvailableInternal(ServerCallImpl.java:332)
	at org.apache.ratis.thirdparty.io.grpc.internal.ServerCallImpl$ServerStreamListenerImpl.messagesAvailable(ServerCallImpl.java:315)
	at org.apache.ratis.thirdparty.io.grpc.internal.ServerImpl$JumpToApplicationThreadServerStreamListener$1MessagesAvailable.runInContext(ServerImpl.java:834)
	at org.apache.ratis.thirdparty.io.grpc.internal.ContextRunnable.run(ContextRunnable.java:37)
	at org.apache.ratis.thirdparty.io.grpc.internal.SerializingExecutor.run(SerializingExecutor.java:133)
	at java.base/java.util.concurrent.ThreadPoolExecutor.runWorker(ThreadPoolExecutor.java:1128)
	at java.base/java.util.concurrent.ThreadPoolExecutor$Worker.run(ThreadPoolExecutor.java:628)
	at java.base/java.lang.Thread.run(Thread.java:829)
Caused by: java.util.concurrent.RejectedExecutionException: Task java.util.concurrent.CompletableFuture$AsyncSupply@31e14a60 rejected from java.util.concurrent.ThreadPoolExecutor@7cbe9dc4[Terminated, pool size = 0, active threads = 0, queued tasks = 0, completed tasks = 0]
	at java.base/java.util.concurrent.ThreadPoolExecutor$AbortPolicy.rejectedExecution(ThreadPoolExecutor.java:2055)
	at java.base/java.util.concurrent.ThreadPoolExecutor.reject(ThreadPoolExecutor.java:825)
	at java.base/java.util.concurrent.ThreadPoolExecutor.execute(ThreadPoolExecutor.java:1355)
	at java.base/java.util.concurrent.CompletableFuture.asyncSupplyStage(CompletableFuture.java:1714)
	at java.base/java.util.concurrent.CompletableFuture.supplyAsync(CompletableFuture.java:1931)
	at org.apache.ratis.server.impl.RaftServerImpl.executeSubmitServerRequestAsync(RaftServerImpl.java:812)
	at org.apache.ratis.server.impl.RaftServerProxy.lambda$appendEntriesAsync$27(RaftServerProxy.java:634)
	at java.base/java.util.concurrent.CompletableFuture.uniComposeStage(CompletableFuture.java:1106)
	... 15 more
2022-11-11 07:38:07,050 [s0-server-thread1] DEBUG raftlog.RaftLog (SegmentedRaftLog.java:appendImpl(446)) - truncateIndex=-1, arrayIndex=0
2022-11-11 07:38:07,048 [s0@group-DC0BCF2C7030-StateMachineUpdater] INFO  impl.SimpleStateMachine4Testing (SimpleStateMachine4Testing.java:put(205)) - s0: put 149, m72 -> (t:2, i:149), STATEMACHINELOGENTRY, 458@client-70D4234AB40A
2022-11-11 07:38:07,054 [grpc-default-executor-5] WARN  server.GrpcLogAppender (LogUtils.java:warn(124)) - s2@group-DC0BCF2C7030->s1-AppendLogResponseHandler: Failed appendEntries
java.io.IOException: java.util.concurrent.RejectedExecutionException: Task java.util.concurrent.CompletableFuture$AsyncSupply@31e14a60 rejected from java.util.concurrent.ThreadPoolExecutor@7cbe9dc4[Terminated, pool size = 0, active threads = 0, queued tasks = 0, completed tasks = 0]
	at org.apache.ratis.util.IOUtils.asIOException(IOUtils.java:56)
	at org.apache.ratis.grpc.GrpcUtil.tryUnwrapException(GrpcUtil.java:121)
	at org.apache.ratis.grpc.GrpcUtil.unwrapThrowable(GrpcUtil.java:82)
	at org.apache.ratis.grpc.GrpcUtil.warn(GrpcUtil.java:178)
	at org.apache.ratis.grpc.server.GrpcLogAppender$AppendLogResponseHandler.onError(GrpcLogAppender.java:405)
	at org.apache.ratis.thirdparty.io.grpc.stub.ClientCalls$StreamObserverToCallListenerAdapter.onClose(ClientCalls.java:487)
	at org.apache.ratis.thirdparty.io.grpc.internal.ClientCallImpl.closeObserver(ClientCallImpl.java:562)
	at org.apache.ratis.thirdparty.io.grpc.internal.ClientCallImpl.access$300(ClientCallImpl.java:70)
	at org.apache.ratis.thirdparty.io.grpc.internal.ClientCallImpl$ClientStreamListenerImpl$1StreamClosed.runInternal(ClientCallImpl.java:743)
	at org.apache.ratis.thirdparty.io.grpc.internal.ClientCallImpl$ClientStreamListenerImpl$1StreamClosed.runInContext(ClientCallImpl.java:722)
	at org.apache.ratis.thirdparty.io.grpc.internal.ContextRunnable.run(ContextRunnable.java:37)
	at org.apache.ratis.thirdparty.io.grpc.internal.SerializingExecutor.run(SerializingExecutor.java:133)
	at java.base/java.util.concurrent.ThreadPoolExecutor.runWorker(ThreadPoolExecutor.java:1128)
	at java.base/java.util.concurrent.ThreadPoolExecutor$Worker.run(ThreadPoolExecutor.java:628)
	at java.base/java.lang.Thread.run(Thread.java:829)
Caused by: java.util.concurrent.RejectedExecutionException: Task java.util.concurrent.CompletableFuture$AsyncSupply@31e14a60 rejected from java.util.concurrent.ThreadPoolExecutor@7cbe9dc4[Terminated, pool size = 0, active threads = 0, queued tasks = 0, completed tasks = 0]
	at java.base/jdk.internal.reflect.NativeConstructorAccessorImpl.newInstance0(Native Method)
	at java.base/jdk.internal.reflect.NativeConstructorAccessorImpl.newInstance(NativeConstructorAccessorImpl.java:62)
	at java.base/jdk.internal.reflect.DelegatingConstructorAccessorImpl.newInstance(DelegatingConstructorAccessorImpl.java:45)
	at java.base/java.lang.reflect.Constructor.newInstance(Constructor.java:490)
	at org.apache.ratis.util.ReflectionUtils.instantiateException(ReflectionUtils.java:259)
	at org.apache.ratis.grpc.GrpcUtil.tryUnwrapException(GrpcUtil.java:120)
	... 13 more
Caused by: org.apache.ratis.thirdparty.io.grpc.StatusRuntimeException: INTERNAL: Task java.util.concurrent.CompletableFuture$AsyncSupply@31e14a60 rejected from java.util.concurrent.ThreadPoolExecutor@7cbe9dc4[Terminated, pool size = 0, active threads = 0, queued tasks = 0, completed tasks = 0]
	at org.apache.ratis.thirdparty.io.grpc.Status.asRuntimeException(Status.java:535)
	... 10 more
	Suppressed: java.lang.IllegalStateException: Failed to cast to class java.io.IOException, object=java.util.concurrent.RejectedExecutionException: Task java.util.concurrent.CompletableFuture$AsyncSupply@31e14a60 rejected from java.util.concurrent.ThreadPoolExecutor@7cbe9dc4[Terminated, pool size = 0, active threads = 0, queued tasks = 0, completed tasks = 0]
	at java.base/java.util.concurrent.ThreadPoolExecutor$AbortPolicy.rejectedExecution(ThreadPoolExecutor.java:2055)
	at java.base/java.util.concurrent.ThreadPoolExecutor.reject(ThreadPoolExecutor.java:825)
	at java.base/java.util.concurrent.ThreadPoolExecutor.execute(ThreadPoolExecutor.java:1355)
	at java.base/java.util.concurrent.CompletableFuture.asyncSupplyStage(CompletableFuture.java:1714)
	at java.base/java.util.concurrent.CompletableFuture.supplyAsync(CompletableFuture.java:1931)
	at org.apache.ratis.server.impl.RaftServerImpl.executeSubmitServerRequestAsync(RaftServerImpl.java:812)
	at org.apache.ratis.server.impl.RaftServerProxy.lambda$appendEntriesAsync$27(RaftServerProxy.java:634)
	at java.base/java.util.concurrent.CompletableFuture.uniComposeStage(CompletableFuture.java:1106)
	at java.base/java.util.concurrent.CompletableFuture.thenCompose(CompletableFuture.java:2235)
	at org.apache.ratis.server.impl.RaftServerProxy.appendEntriesAsync(RaftServerProxy.java:634)
	at org.apache.ratis.grpc.server.GrpcServerProtocolService$1.process(GrpcServerProtocolService.java:219)
	at org.apache.ratis.grpc.server.GrpcServerProtocolService$1.process(GrpcServerProtocolService.java:216)
	at org.apache.ratis.grpc.server.GrpcServerProtocolService$ServerRequestStreamObserver.onNext(GrpcServerProtocolService.java:124)
	at org.apache.ratis.thirdparty.io.grpc.stub.ServerCalls$StreamingServerCallHandler$StreamingServerCallListener.onMessage(ServerCalls.java:262)
	at org.apache.ratis.thirdparty.io.grpc.ForwardingServerCallListener.onMessage(ForwardingServerCallListener.java:33)
	at org.apache.ratis.thirdparty.io.grpc.internal.ServerCallImpl$ServerStreamListenerImpl.messagesAvailableInternal(ServerCallImpl.java:332)
	at org.apache.ratis.thirdparty.io.grpc.internal.ServerCallImpl$ServerStreamListenerImpl.messagesAvailable(ServerCallImpl.java:315)
	at org.apache.ratis.thirdparty.io.grpc.internal.ServerImpl$JumpToApplicationThreadServerStreamListener$1MessagesAvailable.runInContext(ServerImpl.java:834)
	at org.apache.ratis.thirdparty.io.grpc.internal.ContextRunnable.run(ContextRunnable.java:37)
	at org.apache.ratis.thirdparty.io.grpc.internal.SerializingExecutor.run(SerializingExecutor.java:133)
	at java.base/java.util.concurrent.ThreadPoolExecutor.runWorker(ThreadPoolExecutor.java:1128)
	at java.base/java.util.concurrent.ThreadPoolExecutor$Worker.run(ThreadPoolExecutor.java:628)
	at java.base/java.lang.Thread.run(Thread.java:829)

		at org.apache.ratis.util.IOUtils.readObject(IOUtils.java:237)
		at org.apache.ratis.util.IOUtils.bytes2Object(IOUtils.java:214)
		at org.apache.ratis.grpc.GrpcUtil.tryUnwrapException(GrpcUtil.java:109)
		at org.apache.ratis.grpc.GrpcUtil.unwrapThrowable(GrpcUtil.java:82)
		at org.apache.ratis.grpc.GrpcUtil.warn(GrpcUtil.java:178)
		at org.apache.ratis.grpc.server.GrpcLogAppender$AppendLogResponseHandler.onError(GrpcLogAppender.java:405)
		... 10 more
	Caused by: java.lang.ClassCastException: Cannot cast java.util.concurrent.RejectedExecutionException to java.io.IOException
		at java.base/java.lang.Class.cast(Class.java:3605)
		at org.apache.ratis.util.IOUtils.readObject(IOUtils.java:234)
		... 15 more
2022-11-11 07:38:07,054 [grpc-default-executor-5] INFO  leader.FollowerInfo (FollowerInfoImpl.java:lambda$new$0(48)) - s2@group-DC0BCF2C7030->s1: nextIndex: updateUnconditionally 151 -> 139
2022-11-11 07:38:07,055 [s2@group-DC0BCF2C7030-StateMachineUpdater] INFO  impl.SimpleStateMachine4Testing (SimpleStateMachine4Testing.java:put(205)) - s2: put 151, m73 -> (t:2, i:151), STATEMACHINELOGENTRY, 459@client-70D4234AB40A
2022-11-11 07:38:07,056 [s0-server-thread1] DEBUG raftlog.RaftLog (SegmentedRaftLog.java:appendImpl(446)) - truncateIndex=-1, arrayIndex=0
2022-11-11 07:38:07,057 [s0@group-DC0BCF2C7030-StateMachineUpdater] INFO  impl.SimpleStateMachine4Testing (SimpleStateMachine4Testing.java:put(205)) - s0: put 151, m73 -> (t:2, i:151), STATEMACHINELOGENTRY, 459@client-70D4234AB40A
2022-11-11 07:38:07,058 [grpc-default-executor-6] WARN  server.GrpcServerProtocolService (LogUtils.java:warn(124)) - s1: Failed APPEND_ENTRIES request s2->s1#19-t2,previous=(t:1, i:138),leaderCommit=150,initializing? true,entries: size=13, first=(t:2, i:139), CONFIGURATIONENTRY(current:id: "s0"
address: "localhost:38889"
dataStreamAddress: "localhost:44045"
clientAddress: "localhost:36221"
adminAddress: "localhost:33369"
startupRole: FOLLOWER
,id: "s1"
address: "localhost:33469"
dataStreamAddress: "localhost:41079"
clientAddress: "localhost:38107"
adminAddress: "localhost:35601"
startupRole: FOLLOWER
,id: "s2"
address: "localhost:39335"
dataStreamAddress: "localhost:40831"
clientAddress: "localhost:32863"
adminAddress: "localhost:35389"
startupRole: FOLLOWER
, old:)
java.util.concurrent.CompletionException: java.util.concurrent.RejectedExecutionException: Task java.util.concurrent.CompletableFuture$AsyncSupply@2eaf4bc6 rejected from java.util.concurrent.ThreadPoolExecutor@7cbe9dc4[Terminated, pool size = 0, active threads = 0, queued tasks = 0, completed tasks = 0]
	at java.base/java.util.concurrent.CompletableFuture.encodeThrowable(CompletableFuture.java:314)
	at java.base/java.util.concurrent.CompletableFuture.uniComposeStage(CompletableFuture.java:1113)
	at java.base/java.util.concurrent.CompletableFuture.thenCompose(CompletableFuture.java:2235)
	at org.apache.ratis.server.impl.RaftServerProxy.appendEntriesAsync(RaftServerProxy.java:634)
	at org.apache.ratis.grpc.server.GrpcServerProtocolService$1.process(GrpcServerProtocolService.java:219)
	at org.apache.ratis.grpc.server.GrpcServerProtocolService$1.process(GrpcServerProtocolService.java:216)
	at org.apache.ratis.grpc.server.GrpcServerProtocolService$ServerRequestStreamObserver.onNext(GrpcServerProtocolService.java:124)
	at org.apache.ratis.thirdparty.io.grpc.stub.ServerCalls$StreamingServerCallHandler$StreamingServerCallListener.onMessage(ServerCalls.java:262)
	at org.apache.ratis.thirdparty.io.grpc.ForwardingServerCallListener.onMessage(ForwardingServerCallListener.java:33)
	at org.apache.ratis.thirdparty.io.grpc.internal.ServerCallImpl$ServerStreamListenerImpl.messagesAvailableInternal(ServerCallImpl.java:332)
	at org.apache.ratis.thirdparty.io.grpc.internal.ServerCallImpl$ServerStreamListenerImpl.messagesAvailable(ServerCallImpl.java:315)
	at org.apache.ratis.thirdparty.io.grpc.internal.ServerImpl$JumpToApplicationThreadServerStreamListener$1MessagesAvailable.runInContext(ServerImpl.java:834)
	at org.apache.ratis.thirdparty.io.grpc.internal.ContextRunnable.run(ContextRunnable.java:37)
	at org.apache.ratis.thirdparty.io.grpc.internal.SerializingExecutor.run(SerializingExecutor.java:133)
	at java.base/java.util.concurrent.ThreadPoolExecutor.runWorker(ThreadPoolExecutor.java:1128)
	at java.base/java.util.concurrent.ThreadPoolExecutor$Worker.run(ThreadPoolExecutor.java:628)
	at java.base/java.lang.Thread.run(Thread.java:829)
Caused by: java.util.concurrent.RejectedExecutionException: Task java.util.concurrent.CompletableFuture$AsyncSupply@2eaf4bc6 rejected from java.util.concurrent.ThreadPoolExecutor@7cbe9dc4[Terminated, pool size = 0, active threads = 0, queued tasks = 0, completed tasks = 0]
	at java.base/java.util.concurrent.ThreadPoolExecutor$AbortPolicy.rejectedExecution(ThreadPoolExecutor.java:2055)
	at java.base/java.util.concurrent.ThreadPoolExecutor.reject(ThreadPoolExecutor.java:825)
	at java.base/java.util.concurrent.ThreadPoolExecutor.execute(ThreadPoolExecutor.java:1355)
	at java.base/java.util.concurrent.CompletableFuture.asyncSupplyStage(CompletableFuture.java:1714)
	at java.base/java.util.concurrent.CompletableFuture.supplyAsync(CompletableFuture.java:1931)
	at org.apache.ratis.server.impl.RaftServerImpl.executeSubmitServerRequestAsync(RaftServerImpl.java:812)
	at org.apache.ratis.server.impl.RaftServerProxy.lambda$appendEntriesAsync$27(RaftServerProxy.java:634)
	at java.base/java.util.concurrent.CompletableFuture.uniComposeStage(CompletableFuture.java:1106)
	... 15 more
2022-11-11 07:38:07,059 [s0-server-thread1] DEBUG raftlog.RaftLog (SegmentedRaftLog.java:appendImpl(446)) - truncateIndex=-1, arrayIndex=0
2022-11-11 07:38:07,060 [s2@group-DC0BCF2C7030-StateMachineUpdater] INFO  impl.SimpleStateMachine4Testing (SimpleStateMachine4Testing.java:put(205)) - s2: put 153, m74 -> (t:2, i:153), STATEMACHINELOGENTRY, 460@client-70D4234AB40A
2022-11-11 07:38:07,061 [s0-server-thread1] DEBUG raftlog.RaftLog (SegmentedRaftLog.java:appendImpl(446)) - truncateIndex=-1, arrayIndex=0
2022-11-11 07:38:07,062 [s0@group-DC0BCF2C7030-StateMachineUpdater] INFO  impl.SimpleStateMachine4Testing (SimpleStateMachine4Testing.java:put(205)) - s0: put 153, m74 -> (t:2, i:153), STATEMACHINELOGENTRY, 460@client-70D4234AB40A
2022-11-11 07:38:07,066 [grpc-default-executor-2] WARN  server.GrpcLogAppender (LogUtils.java:warn(124)) - s2@group-DC0BCF2C7030->s1-AppendLogResponseHandler: Failed appendEntries
java.io.IOException: java.util.concurrent.RejectedExecutionException: Task java.util.concurrent.CompletableFuture$AsyncSupply@2eaf4bc6 rejected from java.util.concurrent.ThreadPoolExecutor@7cbe9dc4[Terminated, pool size = 0, active threads = 0, queued tasks = 0, completed tasks = 0]
	at org.apache.ratis.util.IOUtils.asIOException(IOUtils.java:56)
	at org.apache.ratis.grpc.GrpcUtil.tryUnwrapException(GrpcUtil.java:121)
	at org.apache.ratis.grpc.GrpcUtil.unwrapThrowable(GrpcUtil.java:82)
	at org.apache.ratis.grpc.GrpcUtil.warn(GrpcUtil.java:178)
	at org.apache.ratis.grpc.server.GrpcLogAppender$AppendLogResponseHandler.onError(GrpcLogAppender.java:405)
	at org.apache.ratis.thirdparty.io.grpc.stub.ClientCalls$StreamObserverToCallListenerAdapter.onClose(ClientCalls.java:487)
	at org.apache.ratis.thirdparty.io.grpc.internal.ClientCallImpl.closeObserver(ClientCallImpl.java:562)
	at org.apache.ratis.thirdparty.io.grpc.internal.ClientCallImpl.access$300(ClientCallImpl.java:70)
	at org.apache.ratis.thirdparty.io.grpc.internal.ClientCallImpl$ClientStreamListenerImpl$1StreamClosed.runInternal(ClientCallImpl.java:743)
	at org.apache.ratis.thirdparty.io.grpc.internal.ClientCallImpl$ClientStreamListenerImpl$1StreamClosed.runInContext(ClientCallImpl.java:722)
	at org.apache.ratis.thirdparty.io.grpc.internal.ContextRunnable.run(ContextRunnable.java:37)
	at org.apache.ratis.thirdparty.io.grpc.internal.SerializingExecutor.run(SerializingExecutor.java:133)
	at java.base/java.util.concurrent.ThreadPoolExecutor.runWorker(ThreadPoolExecutor.java:1128)
	at java.base/java.util.concurrent.ThreadPoolExecutor$Worker.run(ThreadPoolExecutor.java:628)
	at java.base/java.lang.Thread.run(Thread.java:829)
Caused by: java.util.concurrent.RejectedExecutionException: Task java.util.concurrent.CompletableFuture$AsyncSupply@2eaf4bc6 rejected from java.util.concurrent.ThreadPoolExecutor@7cbe9dc4[Terminated, pool size = 0, active threads = 0, queued tasks = 0, completed tasks = 0]
	at java.base/jdk.internal.reflect.NativeConstructorAccessorImpl.newInstance0(Native Method)
	at java.base/jdk.internal.reflect.NativeConstructorAccessorImpl.newInstance(NativeConstructorAccessorImpl.java:62)
	at java.base/jdk.internal.reflect.DelegatingConstructorAccessorImpl.newInstance(DelegatingConstructorAccessorImpl.java:45)
	at java.base/java.lang.reflect.Constructor.newInstance(Constructor.java:490)
	at org.apache.ratis.util.ReflectionUtils.instantiateException(ReflectionUtils.java:259)
	at org.apache.ratis.grpc.GrpcUtil.tryUnwrapException(GrpcUtil.java:120)
	... 13 more
Caused by: org.apache.ratis.thirdparty.io.grpc.StatusRuntimeException: INTERNAL: Task java.util.concurrent.CompletableFuture$AsyncSupply@2eaf4bc6 rejected from java.util.concurrent.ThreadPoolExecutor@7cbe9dc4[Terminated, pool size = 0, active threads = 0, queued tasks = 0, completed tasks = 0]
	at org.apache.ratis.thirdparty.io.grpc.Status.asRuntimeException(Status.java:535)
	... 10 more
	Suppressed: java.lang.IllegalStateException: Failed to cast to class java.io.IOException, object=java.util.concurrent.RejectedExecutionException: Task java.util.concurrent.CompletableFuture$AsyncSupply@2eaf4bc6 rejected from java.util.concurrent.ThreadPoolExecutor@7cbe9dc4[Terminated, pool size = 0, active threads = 0, queued tasks = 0, completed tasks = 0]
	at java.base/java.util.concurrent.ThreadPoolExecutor$AbortPolicy.rejectedExecution(ThreadPoolExecutor.java:2055)
	at java.base/java.util.concurrent.ThreadPoolExecutor.reject(ThreadPoolExecutor.java:825)
	at java.base/java.util.concurrent.ThreadPoolExecutor.execute(ThreadPoolExecutor.java:1355)
	at java.base/java.util.concurrent.CompletableFuture.asyncSupplyStage(CompletableFuture.java:1714)
	at java.base/java.util.concurrent.CompletableFuture.supplyAsync(CompletableFuture.java:1931)
	at org.apache.ratis.server.impl.RaftServerImpl.executeSubmitServerRequestAsync(RaftServerImpl.java:812)
	at org.apache.ratis.server.impl.RaftServerProxy.lambda$appendEntriesAsync$27(RaftServerProxy.java:634)
	at java.base/java.util.concurrent.CompletableFuture.uniComposeStage(CompletableFuture.java:1106)
	at java.base/java.util.concurrent.CompletableFuture.thenCompose(CompletableFuture.java:2235)
	at org.apache.ratis.server.impl.RaftServerProxy.appendEntriesAsync(RaftServerProxy.java:634)
	at org.apache.ratis.grpc.server.GrpcServerProtocolService$1.process(GrpcServerProtocolService.java:219)
	at org.apache.ratis.grpc.server.GrpcServerProtocolService$1.process(GrpcServerProtocolService.java:216)
	at org.apache.ratis.grpc.server.GrpcServerProtocolService$ServerRequestStreamObserver.onNext(GrpcServerProtocolService.java:124)
	at org.apache.ratis.thirdparty.io.grpc.stub.ServerCalls$StreamingServerCallHandler$StreamingServerCallListener.onMessage(ServerCalls.java:262)
	at org.apache.ratis.thirdparty.io.grpc.ForwardingServerCallListener.onMessage(ForwardingServerCallListener.java:33)
	at org.apache.ratis.thirdparty.io.grpc.internal.ServerCallImpl$ServerStreamListenerImpl.messagesAvailableInternal(ServerCallImpl.java:332)
	at org.apache.ratis.thirdparty.io.grpc.internal.ServerCallImpl$ServerStreamListenerImpl.messagesAvailable(ServerCallImpl.java:315)
	at org.apache.ratis.thirdparty.io.grpc.internal.ServerImpl$JumpToApplicationThreadServerStreamListener$1MessagesAvailable.runInContext(ServerImpl.java:834)
	at org.apache.ratis.thirdparty.io.grpc.internal.ContextRunnable.run(ContextRunnable.java:37)
	at org.apache.ratis.thirdparty.io.grpc.internal.SerializingExecutor.run(SerializingExecutor.java:133)
	at java.base/java.util.concurrent.ThreadPoolExecutor.runWorker(ThreadPoolExecutor.java:1128)
	at java.base/java.util.concurrent.ThreadPoolExecutor$Worker.run(ThreadPoolExecutor.java:628)
	at java.base/java.lang.Thread.run(Thread.java:829)

		at org.apache.ratis.util.IOUtils.readObject(IOUtils.java:237)
		at org.apache.ratis.util.IOUtils.bytes2Object(IOUtils.java:214)
		at org.apache.ratis.grpc.GrpcUtil.tryUnwrapException(GrpcUtil.java:109)
		at org.apache.ratis.grpc.GrpcUtil.unwrapThrowable(GrpcUtil.java:82)
		at org.apache.ratis.grpc.GrpcUtil.warn(GrpcUtil.java:178)
		at org.apache.ratis.grpc.server.GrpcLogAppender$AppendLogResponseHandler.onError(GrpcLogAppender.java:405)
		... 10 more
	Caused by: java.lang.ClassCastException: Cannot cast java.util.concurrent.RejectedExecutionException to java.io.IOException
		at java.base/java.lang.Class.cast(Class.java:3605)
		at org.apache.ratis.util.IOUtils.readObject(IOUtils.java:234)
		... 15 more
2022-11-11 07:38:07,066 [grpc-default-executor-2] INFO  leader.FollowerInfo (FollowerInfoImpl.java:lambda$new$0(48)) - s2@group-DC0BCF2C7030->s1: nextIndex: updateUnconditionally 152 -> 139
2022-11-11 07:38:07,068 [s0-server-thread1] DEBUG raftlog.RaftLog (SegmentedRaftLog.java:appendImpl(446)) - truncateIndex=-1, arrayIndex=0
2022-11-11 07:38:07,069 [grpc-default-executor-6] WARN  server.GrpcServerProtocolService (LogUtils.java:warn(124)) - s1: Failed APPEND_ENTRIES request s2->s1#25-t2,previous=(t:1, i:138),leaderCommit=154,initializing? true,entries: size=17, first=(t:2, i:139), CONFIGURATIONENTRY(current:id: "s0"
address: "localhost:38889"
dataStreamAddress: "localhost:44045"
clientAddress: "localhost:36221"
adminAddress: "localhost:33369"
startupRole: FOLLOWER
,id: "s1"
address: "localhost:33469"
dataStreamAddress: "localhost:41079"
clientAddress: "localhost:38107"
adminAddress: "localhost:35601"
startupRole: FOLLOWER
,id: "s2"
address: "localhost:39335"
dataStreamAddress: "localhost:40831"
clientAddress: "localhost:32863"
adminAddress: "localhost:35389"
startupRole: FOLLOWER
, old:)
java.util.concurrent.CompletionException: java.util.concurrent.RejectedExecutionException: Task java.util.concurrent.CompletableFuture$AsyncSupply@7d959a03 rejected from java.util.concurrent.ThreadPoolExecutor@7cbe9dc4[Terminated, pool size = 0, active threads = 0, queued tasks = 0, completed tasks = 0]
	at java.base/java.util.concurrent.CompletableFuture.encodeThrowable(CompletableFuture.java:314)
	at java.base/java.util.concurrent.CompletableFuture.uniComposeStage(CompletableFuture.java:1113)
	at java.base/java.util.concurrent.CompletableFuture.thenCompose(CompletableFuture.java:2235)
	at org.apache.ratis.server.impl.RaftServerProxy.appendEntriesAsync(RaftServerProxy.java:634)
	at org.apache.ratis.grpc.server.GrpcServerProtocolService$1.process(GrpcServerProtocolService.java:219)
	at org.apache.ratis.grpc.server.GrpcServerProtocolService$1.process(GrpcServerProtocolService.java:216)
	at org.apache.ratis.grpc.server.GrpcServerProtocolService$ServerRequestStreamObserver.onNext(GrpcServerProtocolService.java:124)
	at org.apache.ratis.thirdparty.io.grpc.stub.ServerCalls$StreamingServerCallHandler$StreamingServerCallListener.onMessage(ServerCalls.java:262)
	at org.apache.ratis.thirdparty.io.grpc.ForwardingServerCallListener.onMessage(ForwardingServerCallListener.java:33)
	at org.apache.ratis.thirdparty.io.grpc.internal.ServerCallImpl$ServerStreamListenerImpl.messagesAvailableInternal(ServerCallImpl.java:332)
	at org.apache.ratis.thirdparty.io.grpc.internal.ServerCallImpl$ServerStreamListenerImpl.messagesAvailable(ServerCallImpl.java:315)
	at org.apache.ratis.thirdparty.io.grpc.internal.ServerImpl$JumpToApplicationThreadServerStreamListener$1MessagesAvailable.runInContext(ServerImpl.java:834)
	at org.apache.ratis.thirdparty.io.grpc.internal.ContextRunnable.run(ContextRunnable.java:37)
	at org.apache.ratis.thirdparty.io.grpc.internal.SerializingExecutor.run(SerializingExecutor.java:133)
	at java.base/java.util.concurrent.ThreadPoolExecutor.runWorker(ThreadPoolExecutor.java:1128)
	at java.base/java.util.concurrent.ThreadPoolExecutor$Worker.run(ThreadPoolExecutor.java:628)
	at java.base/java.lang.Thread.run(Thread.java:829)
Caused by: java.util.concurrent.RejectedExecutionException: Task java.util.concurrent.CompletableFuture$AsyncSupply@7d959a03 rejected from java.util.concurrent.ThreadPoolExecutor@7cbe9dc4[Terminated, pool size = 0, active threads = 0, queued tasks = 0, completed tasks = 0]
	at java.base/java.util.concurrent.ThreadPoolExecutor$AbortPolicy.rejectedExecution(ThreadPoolExecutor.java:2055)
	at java.base/java.util.concurrent.ThreadPoolExecutor.reject(ThreadPoolExecutor.java:825)
	at java.base/java.util.concurrent.ThreadPoolExecutor.execute(ThreadPoolExecutor.java:1355)
	at java.base/java.util.concurrent.CompletableFuture.asyncSupplyStage(CompletableFuture.java:1714)
	at java.base/java.util.concurrent.CompletableFuture.supplyAsync(CompletableFuture.java:1931)
	at org.apache.ratis.server.impl.RaftServerImpl.executeSubmitServerRequestAsync(RaftServerImpl.java:812)
	at org.apache.ratis.server.impl.RaftServerProxy.lambda$appendEntriesAsync$27(RaftServerProxy.java:634)
	at java.base/java.util.concurrent.CompletableFuture.uniComposeStage(CompletableFuture.java:1106)
	... 15 more
2022-11-11 07:38:07,070 [s0-server-thread1] DEBUG raftlog.RaftLog (SegmentedRaftLog.java:appendImpl(446)) - truncateIndex=-1, arrayIndex=0
2022-11-11 07:38:07,070 [s2@group-DC0BCF2C7030-StateMachineUpdater] INFO  impl.SimpleStateMachine4Testing (SimpleStateMachine4Testing.java:put(205)) - s2: put 155, m75 -> (t:2, i:155), STATEMACHINELOGENTRY, 461@client-70D4234AB40A
2022-11-11 07:38:07,071 [s0@group-DC0BCF2C7030-StateMachineUpdater] INFO  impl.SimpleStateMachine4Testing (SimpleStateMachine4Testing.java:put(205)) - s0: put 155, m75 -> (t:2, i:155), STATEMACHINELOGENTRY, 461@client-70D4234AB40A
2022-11-11 07:38:07,075 [grpc-default-executor-5] WARN  server.GrpcLogAppender (LogUtils.java:warn(124)) - s2@group-DC0BCF2C7030->s1-AppendLogResponseHandler: Failed appendEntries
java.io.IOException: java.util.concurrent.RejectedExecutionException: Task java.util.concurrent.CompletableFuture$AsyncSupply@7d959a03 rejected from java.util.concurrent.ThreadPoolExecutor@7cbe9dc4[Terminated, pool size = 0, active threads = 0, queued tasks = 0, completed tasks = 0]
	at org.apache.ratis.util.IOUtils.asIOException(IOUtils.java:56)
	at org.apache.ratis.grpc.GrpcUtil.tryUnwrapException(GrpcUtil.java:121)
	at org.apache.ratis.grpc.GrpcUtil.unwrapThrowable(GrpcUtil.java:82)
	at org.apache.ratis.grpc.GrpcUtil.warn(GrpcUtil.java:178)
	at org.apache.ratis.grpc.server.GrpcLogAppender$AppendLogResponseHandler.onError(GrpcLogAppender.java:405)
	at org.apache.ratis.thirdparty.io.grpc.stub.ClientCalls$StreamObserverToCallListenerAdapter.onClose(ClientCalls.java:487)
	at org.apache.ratis.thirdparty.io.grpc.internal.ClientCallImpl.closeObserver(ClientCallImpl.java:562)
	at org.apache.ratis.thirdparty.io.grpc.internal.ClientCallImpl.access$300(ClientCallImpl.java:70)
	at org.apache.ratis.thirdparty.io.grpc.internal.ClientCallImpl$ClientStreamListenerImpl$1StreamClosed.runInternal(ClientCallImpl.java:743)
	at org.apache.ratis.thirdparty.io.grpc.internal.ClientCallImpl$ClientStreamListenerImpl$1StreamClosed.runInContext(ClientCallImpl.java:722)
	at org.apache.ratis.thirdparty.io.grpc.internal.ContextRunnable.run(ContextRunnable.java:37)
	at org.apache.ratis.thirdparty.io.grpc.internal.SerializingExecutor.run(SerializingExecutor.java:133)
	at java.base/java.util.concurrent.ThreadPoolExecutor.runWorker(ThreadPoolExecutor.java:1128)
	at java.base/java.util.concurrent.ThreadPoolExecutor$Worker.run(ThreadPoolExecutor.java:628)
	at java.base/java.lang.Thread.run(Thread.java:829)
Caused by: java.util.concurrent.RejectedExecutionException: Task java.util.concurrent.CompletableFuture$AsyncSupply@7d959a03 rejected from java.util.concurrent.ThreadPoolExecutor@7cbe9dc4[Terminated, pool size = 0, active threads = 0, queued tasks = 0, completed tasks = 0]
	at java.base/jdk.internal.reflect.NativeConstructorAccessorImpl.newInstance0(Native Method)
	at java.base/jdk.internal.reflect.NativeConstructorAccessorImpl.newInstance(NativeConstructorAccessorImpl.java:62)
	at java.base/jdk.internal.reflect.DelegatingConstructorAccessorImpl.newInstance(DelegatingConstructorAccessorImpl.java:45)
	at java.base/java.lang.reflect.Constructor.newInstance(Constructor.java:490)
	at org.apache.ratis.util.ReflectionUtils.instantiateException(ReflectionUtils.java:259)
	at org.apache.ratis.grpc.GrpcUtil.tryUnwrapException(GrpcUtil.java:120)
	... 13 more
Caused by: org.apache.ratis.thirdparty.io.grpc.StatusRuntimeException: INTERNAL: Task java.util.concurrent.CompletableFuture$AsyncSupply@7d959a03 rejected from java.util.concurrent.ThreadPoolExecutor@7cbe9dc4[Terminated, pool size = 0, active threads = 0, queued tasks = 0, completed tasks = 0]
	at org.apache.ratis.thirdparty.io.grpc.Status.asRuntimeException(Status.java:535)
	... 10 more
	Suppressed: java.lang.IllegalStateException: Failed to cast to class java.io.IOException, object=java.util.concurrent.RejectedExecutionException: Task java.util.concurrent.CompletableFuture$AsyncSupply@7d959a03 rejected from java.util.concurrent.ThreadPoolExecutor@7cbe9dc4[Terminated, pool size = 0, active threads = 0, queued tasks = 0, completed tasks = 0]
	at java.base/java.util.concurrent.ThreadPoolExecutor$AbortPolicy.rejectedExecution(ThreadPoolExecutor.java:2055)
	at java.base/java.util.concurrent.ThreadPoolExecutor.reject(ThreadPoolExecutor.java:825)
	at java.base/java.util.concurrent.ThreadPoolExecutor.execute(ThreadPoolExecutor.java:1355)
	at java.base/java.util.concurrent.CompletableFuture.asyncSupplyStage(CompletableFuture.java:1714)
	at java.base/java.util.concurrent.CompletableFuture.supplyAsync(CompletableFuture.java:1931)
	at org.apache.ratis.server.impl.RaftServerImpl.executeSubmitServerRequestAsync(RaftServerImpl.java:812)
	at org.apache.ratis.server.impl.RaftServerProxy.lambda$appendEntriesAsync$27(RaftServerProxy.java:634)
	at java.base/java.util.concurrent.CompletableFuture.uniComposeStage(CompletableFuture.java:1106)
	at java.base/java.util.concurrent.CompletableFuture.thenCompose(CompletableFuture.java:2235)
	at org.apache.ratis.server.impl.RaftServerProxy.appendEntriesAsync(RaftServerProxy.java:634)
	at org.apache.ratis.grpc.server.GrpcServerProtocolService$1.process(GrpcServerProtocolService.java:219)
	at org.apache.ratis.grpc.server.GrpcServerProtocolService$1.process(GrpcServerProtocolService.java:216)
	at org.apache.ratis.grpc.server.GrpcServerProtocolService$ServerRequestStreamObserver.onNext(GrpcServerProtocolService.java:124)
	at org.apache.ratis.thirdparty.io.grpc.stub.ServerCalls$StreamingServerCallHandler$StreamingServerCallListener.onMessage(ServerCalls.java:262)
	at org.apache.ratis.thirdparty.io.grpc.ForwardingServerCallListener.onMessage(ForwardingServerCallListener.java:33)
	at org.apache.ratis.thirdparty.io.grpc.internal.ServerCallImpl$ServerStreamListenerImpl.messagesAvailableInternal(ServerCallImpl.java:332)
	at org.apache.ratis.thirdparty.io.grpc.internal.ServerCallImpl$ServerStreamListenerImpl.messagesAvailable(ServerCallImpl.java:315)
	at org.apache.ratis.thirdparty.io.grpc.internal.ServerImpl$JumpToApplicationThreadServerStreamListener$1MessagesAvailable.runInContext(ServerImpl.java:834)
	at org.apache.ratis.thirdparty.io.grpc.internal.ContextRunnable.run(ContextRunnable.java:37)
	at org.apache.ratis.thirdparty.io.grpc.internal.SerializingExecutor.run(SerializingExecutor.java:133)
	at java.base/java.util.concurrent.ThreadPoolExecutor.runWorker(ThreadPoolExecutor.java:1128)
	at java.base/java.util.concurrent.ThreadPoolExecutor$Worker.run(ThreadPoolExecutor.java:628)
	at java.base/java.lang.Thread.run(Thread.java:829)

		at org.apache.ratis.util.IOUtils.readObject(IOUtils.java:237)
		at org.apache.ratis.util.IOUtils.bytes2Object(IOUtils.java:214)
		at org.apache.ratis.grpc.GrpcUtil.tryUnwrapException(GrpcUtil.java:109)
		at org.apache.ratis.grpc.GrpcUtil.unwrapThrowable(GrpcUtil.java:82)
		at org.apache.ratis.grpc.GrpcUtil.warn(GrpcUtil.java:178)
		at org.apache.ratis.grpc.server.GrpcLogAppender$AppendLogResponseHandler.onError(GrpcLogAppender.java:405)
		... 10 more
	Caused by: java.lang.ClassCastException: Cannot cast java.util.concurrent.RejectedExecutionException to java.io.IOException
		at java.base/java.lang.Class.cast(Class.java:3605)
		at org.apache.ratis.util.IOUtils.readObject(IOUtils.java:234)
		... 15 more
2022-11-11 07:38:07,076 [grpc-default-executor-5] INFO  leader.FollowerInfo (FollowerInfoImpl.java:lambda$new$0(48)) - s2@group-DC0BCF2C7030->s1: nextIndex: updateUnconditionally 156 -> 139
2022-11-11 07:38:07,077 [s0-server-thread1] DEBUG raftlog.RaftLog (SegmentedRaftLog.java:appendImpl(446)) - truncateIndex=-1, arrayIndex=0
2022-11-11 07:38:07,078 [s2@group-DC0BCF2C7030-StateMachineUpdater] INFO  impl.SimpleStateMachine4Testing (SimpleStateMachine4Testing.java:put(205)) - s2: put 157, m76 -> (t:2, i:157), STATEMACHINELOGENTRY, 462@client-70D4234AB40A
2022-11-11 07:38:07,079 [grpc-default-executor-6] WARN  server.GrpcServerProtocolService (LogUtils.java:warn(124)) - s1: Failed APPEND_ENTRIES request s2->s1#29-t2,previous=(t:1, i:138),leaderCommit=156,initializing? true,entries: size=19, first=(t:2, i:139), CONFIGURATIONENTRY(current:id: "s0"
address: "localhost:38889"
dataStreamAddress: "localhost:44045"
clientAddress: "localhost:36221"
adminAddress: "localhost:33369"
startupRole: FOLLOWER
,id: "s1"
address: "localhost:33469"
dataStreamAddress: "localhost:41079"
clientAddress: "localhost:38107"
adminAddress: "localhost:35601"
startupRole: FOLLOWER
,id: "s2"
address: "localhost:39335"
dataStreamAddress: "localhost:40831"
clientAddress: "localhost:32863"
adminAddress: "localhost:35389"
startupRole: FOLLOWER
, old:)
java.util.concurrent.CompletionException: java.util.concurrent.RejectedExecutionException: Task java.util.concurrent.CompletableFuture$AsyncSupply@15a85047 rejected from java.util.concurrent.ThreadPoolExecutor@7cbe9dc4[Terminated, pool size = 0, active threads = 0, queued tasks = 0, completed tasks = 0]
	at java.base/java.util.concurrent.CompletableFuture.encodeThrowable(CompletableFuture.java:314)
	at java.base/java.util.concurrent.CompletableFuture.uniComposeStage(CompletableFuture.java:1113)
	at java.base/java.util.concurrent.CompletableFuture.thenCompose(CompletableFuture.java:2235)
	at org.apache.ratis.server.impl.RaftServerProxy.appendEntriesAsync(RaftServerProxy.java:634)
	at org.apache.ratis.grpc.server.GrpcServerProtocolService$1.process(GrpcServerProtocolService.java:219)
	at org.apache.ratis.grpc.server.GrpcServerProtocolService$1.process(GrpcServerProtocolService.java:216)
	at org.apache.ratis.grpc.server.GrpcServerProtocolService$ServerRequestStreamObserver.onNext(GrpcServerProtocolService.java:124)
	at org.apache.ratis.thirdparty.io.grpc.stub.ServerCalls$StreamingServerCallHandler$StreamingServerCallListener.onMessage(ServerCalls.java:262)
	at org.apache.ratis.thirdparty.io.grpc.ForwardingServerCallListener.onMessage(ForwardingServerCallListener.java:33)
	at org.apache.ratis.thirdparty.io.grpc.internal.ServerCallImpl$ServerStreamListenerImpl.messagesAvailableInternal(ServerCallImpl.java:332)
	at org.apache.ratis.thirdparty.io.grpc.internal.ServerCallImpl$ServerStreamListenerImpl.messagesAvailable(ServerCallImpl.java:315)
	at org.apache.ratis.thirdparty.io.grpc.internal.ServerImpl$JumpToApplicationThreadServerStreamListener$1MessagesAvailable.runInContext(ServerImpl.java:834)
	at org.apache.ratis.thirdparty.io.grpc.internal.ContextRunnable.run(ContextRunnable.java:37)
	at org.apache.ratis.thirdparty.io.grpc.internal.SerializingExecutor.run(SerializingExecutor.java:133)
	at java.base/java.util.concurrent.ThreadPoolExecutor.runWorker(ThreadPoolExecutor.java:1128)
	at java.base/java.util.concurrent.ThreadPoolExecutor$Worker.run(ThreadPoolExecutor.java:628)
	at java.base/java.lang.Thread.run(Thread.java:829)
Caused by: java.util.concurrent.RejectedExecutionException: Task java.util.concurrent.CompletableFuture$AsyncSupply@15a85047 rejected from java.util.concurrent.ThreadPoolExecutor@7cbe9dc4[Terminated, pool size = 0, active threads = 0, queued tasks = 0, completed tasks = 0]
	at java.base/java.util.concurrent.ThreadPoolExecutor$AbortPolicy.rejectedExecution(ThreadPoolExecutor.java:2055)
	at java.base/java.util.concurrent.ThreadPoolExecutor.reject(ThreadPoolExecutor.java:825)
	at java.base/java.util.concurrent.ThreadPoolExecutor.execute(ThreadPoolExecutor.java:1355)
	at java.base/java.util.concurrent.CompletableFuture.asyncSupplyStage(CompletableFuture.java:1714)
	at java.base/java.util.concurrent.CompletableFuture.supplyAsync(CompletableFuture.java:1931)
	at org.apache.ratis.server.impl.RaftServerImpl.executeSubmitServerRequestAsync(RaftServerImpl.java:812)
	at org.apache.ratis.server.impl.RaftServerProxy.lambda$appendEntriesAsync$27(RaftServerProxy.java:634)
	at java.base/java.util.concurrent.CompletableFuture.uniComposeStage(CompletableFuture.java:1106)
	... 15 more
2022-11-11 07:38:07,080 [s0-server-thread1] DEBUG raftlog.RaftLog (SegmentedRaftLog.java:appendImpl(446)) - truncateIndex=-1, arrayIndex=0
2022-11-11 07:38:07,081 [s0@group-DC0BCF2C7030-StateMachineUpdater] INFO  impl.SimpleStateMachine4Testing (SimpleStateMachine4Testing.java:put(205)) - s0: put 157, m76 -> (t:2, i:157), STATEMACHINELOGENTRY, 462@client-70D4234AB40A
2022-11-11 07:38:07,084 [grpc-default-executor-2] WARN  server.GrpcLogAppender (LogUtils.java:warn(124)) - s2@group-DC0BCF2C7030->s1-AppendLogResponseHandler: Failed appendEntries
java.io.IOException: java.util.concurrent.RejectedExecutionException: Task java.util.concurrent.CompletableFuture$AsyncSupply@15a85047 rejected from java.util.concurrent.ThreadPoolExecutor@7cbe9dc4[Terminated, pool size = 0, active threads = 0, queued tasks = 0, completed tasks = 0]
	at org.apache.ratis.util.IOUtils.asIOException(IOUtils.java:56)
	at org.apache.ratis.grpc.GrpcUtil.tryUnwrapException(GrpcUtil.java:121)
	at org.apache.ratis.grpc.GrpcUtil.unwrapThrowable(GrpcUtil.java:82)
	at org.apache.ratis.grpc.GrpcUtil.warn(GrpcUtil.java:178)
	at org.apache.ratis.grpc.server.GrpcLogAppender$AppendLogResponseHandler.onError(GrpcLogAppender.java:405)
	at org.apache.ratis.thirdparty.io.grpc.stub.ClientCalls$StreamObserverToCallListenerAdapter.onClose(ClientCalls.java:487)
	at org.apache.ratis.thirdparty.io.grpc.internal.ClientCallImpl.closeObserver(ClientCallImpl.java:562)
	at org.apache.ratis.thirdparty.io.grpc.internal.ClientCallImpl.access$300(ClientCallImpl.java:70)
	at org.apache.ratis.thirdparty.io.grpc.internal.ClientCallImpl$ClientStreamListenerImpl$1StreamClosed.runInternal(ClientCallImpl.java:743)
	at org.apache.ratis.thirdparty.io.grpc.internal.ClientCallImpl$ClientStreamListenerImpl$1StreamClosed.runInContext(ClientCallImpl.java:722)
	at org.apache.ratis.thirdparty.io.grpc.internal.ContextRunnable.run(ContextRunnable.java:37)
	at org.apache.ratis.thirdparty.io.grpc.internal.SerializingExecutor.run(SerializingExecutor.java:133)
	at java.base/java.util.concurrent.ThreadPoolExecutor.runWorker(ThreadPoolExecutor.java:1128)
	at java.base/java.util.concurrent.ThreadPoolExecutor$Worker.run(ThreadPoolExecutor.java:628)
	at java.base/java.lang.Thread.run(Thread.java:829)
Caused by: java.util.concurrent.RejectedExecutionException: Task java.util.concurrent.CompletableFuture$AsyncSupply@15a85047 rejected from java.util.concurrent.ThreadPoolExecutor@7cbe9dc4[Terminated, pool size = 0, active threads = 0, queued tasks = 0, completed tasks = 0]
	at java.base/jdk.internal.reflect.NativeConstructorAccessorImpl.newInstance0(Native Method)
	at java.base/jdk.internal.reflect.NativeConstructorAccessorImpl.newInstance(NativeConstructorAccessorImpl.java:62)
	at java.base/jdk.internal.reflect.DelegatingConstructorAccessorImpl.newInstance(DelegatingConstructorAccessorImpl.java:45)
	at java.base/java.lang.reflect.Constructor.newInstance(Constructor.java:490)
	at org.apache.ratis.util.ReflectionUtils.instantiateException(ReflectionUtils.java:259)
	at org.apache.ratis.grpc.GrpcUtil.tryUnwrapException(GrpcUtil.java:120)
	... 13 more
Caused by: org.apache.ratis.thirdparty.io.grpc.StatusRuntimeException: INTERNAL: Task java.util.concurrent.CompletableFuture$AsyncSupply@15a85047 rejected from java.util.concurrent.ThreadPoolExecutor@7cbe9dc4[Terminated, pool size = 0, active threads = 0, queued tasks = 0, completed tasks = 0]
	at org.apache.ratis.thirdparty.io.grpc.Status.asRuntimeException(Status.java:535)
	... 10 more
	Suppressed: java.lang.IllegalStateException: Failed to cast to class java.io.IOException, object=java.util.concurrent.RejectedExecutionException: Task java.util.concurrent.CompletableFuture$AsyncSupply@15a85047 rejected from java.util.concurrent.ThreadPoolExecutor@7cbe9dc4[Terminated, pool size = 0, active threads = 0, queued tasks = 0, completed tasks = 0]
	at java.base/java.util.concurrent.ThreadPoolExecutor$AbortPolicy.rejectedExecution(ThreadPoolExecutor.java:2055)
	at java.base/java.util.concurrent.ThreadPoolExecutor.reject(ThreadPoolExecutor.java:825)
	at java.base/java.util.concurrent.ThreadPoolExecutor.execute(ThreadPoolExecutor.java:1355)
	at java.base/java.util.concurrent.CompletableFuture.asyncSupplyStage(CompletableFuture.java:1714)
	at java.base/java.util.concurrent.CompletableFuture.supplyAsync(CompletableFuture.java:1931)
	at org.apache.ratis.server.impl.RaftServerImpl.executeSubmitServerRequestAsync(RaftServerImpl.java:812)
	at org.apache.ratis.server.impl.RaftServerProxy.lambda$appendEntriesAsync$27(RaftServerProxy.java:634)
	at java.base/java.util.concurrent.CompletableFuture.uniComposeStage(CompletableFuture.java:1106)
	at java.base/java.util.concurrent.CompletableFuture.thenCompose(CompletableFuture.java:2235)
	at org.apache.ratis.server.impl.RaftServerProxy.appendEntriesAsync(RaftServerProxy.java:634)
	at org.apache.ratis.grpc.server.GrpcServerProtocolService$1.process(GrpcServerProtocolService.java:219)
	at org.apache.ratis.grpc.server.GrpcServerProtocolService$1.process(GrpcServerProtocolService.java:216)
	at org.apache.ratis.grpc.server.GrpcServerProtocolService$ServerRequestStreamObserver.onNext(GrpcServerProtocolService.java:124)
	at org.apache.ratis.thirdparty.io.grpc.stub.ServerCalls$StreamingServerCallHandler$StreamingServerCallListener.onMessage(ServerCalls.java:262)
	at org.apache.ratis.thirdparty.io.grpc.ForwardingServerCallListener.onMessage(ForwardingServerCallListener.java:33)
	at org.apache.ratis.thirdparty.io.grpc.internal.ServerCallImpl$ServerStreamListenerImpl.messagesAvailableInternal(ServerCallImpl.java:332)
	at org.apache.ratis.thirdparty.io.grpc.internal.ServerCallImpl$ServerStreamListenerImpl.messagesAvailable(ServerCallImpl.java:315)
	at org.apache.ratis.thirdparty.io.grpc.internal.ServerImpl$JumpToApplicationThreadServerStreamListener$1MessagesAvailable.runInContext(ServerImpl.java:834)
	at org.apache.ratis.thirdparty.io.grpc.internal.ContextRunnable.run(ContextRunnable.java:37)
	at org.apache.ratis.thirdparty.io.grpc.internal.SerializingExecutor.run(SerializingExecutor.java:133)
	at java.base/java.util.concurrent.ThreadPoolExecutor.runWorker(ThreadPoolExecutor.java:1128)
	at java.base/java.util.concurrent.ThreadPoolExecutor$Worker.run(ThreadPoolExecutor.java:628)
	at java.base/java.lang.Thread.run(Thread.java:829)

		at org.apache.ratis.util.IOUtils.readObject(IOUtils.java:237)
		at org.apache.ratis.util.IOUtils.bytes2Object(IOUtils.java:214)
		at org.apache.ratis.grpc.GrpcUtil.tryUnwrapException(GrpcUtil.java:109)
		at org.apache.ratis.grpc.GrpcUtil.unwrapThrowable(GrpcUtil.java:82)
		at org.apache.ratis.grpc.GrpcUtil.warn(GrpcUtil.java:178)
		at org.apache.ratis.grpc.server.GrpcLogAppender$AppendLogResponseHandler.onError(GrpcLogAppender.java:405)
		... 10 more
	Caused by: java.lang.ClassCastException: Cannot cast java.util.concurrent.RejectedExecutionException to java.io.IOException
		at java.base/java.lang.Class.cast(Class.java:3605)
		at org.apache.ratis.util.IOUtils.readObject(IOUtils.java:234)
		... 15 more
2022-11-11 07:38:07,086 [grpc-default-executor-2] INFO  leader.FollowerInfo (FollowerInfoImpl.java:lambda$new$0(48)) - s2@group-DC0BCF2C7030->s1: nextIndex: updateUnconditionally 158 -> 139
2022-11-11 07:38:07,089 [s0-server-thread1] DEBUG raftlog.RaftLog (SegmentedRaftLog.java:appendImpl(446)) - truncateIndex=-1, arrayIndex=0
2022-11-11 07:38:07,089 [s2@group-DC0BCF2C7030-StateMachineUpdater] INFO  impl.SimpleStateMachine4Testing (SimpleStateMachine4Testing.java:put(205)) - s2: put 159, m77 -> (t:2, i:159), STATEMACHINELOGENTRY, 463@client-70D4234AB40A
2022-11-11 07:38:07,090 [s0-server-thread1] DEBUG raftlog.RaftLog (SegmentedRaftLog.java:appendImpl(446)) - truncateIndex=-1, arrayIndex=0
2022-11-11 07:38:07,091 [s0@group-DC0BCF2C7030-StateMachineUpdater] INFO  impl.SimpleStateMachine4Testing (SimpleStateMachine4Testing.java:put(205)) - s0: put 159, m77 -> (t:2, i:159), STATEMACHINELOGENTRY, 463@client-70D4234AB40A
2022-11-11 07:38:07,091 [grpc-default-executor-6] WARN  server.GrpcServerProtocolService (LogUtils.java:warn(124)) - s1: Failed APPEND_ENTRIES request s2->s1#34-t2,previous=(t:1, i:138),leaderCommit=158,initializing? true,entries: size=21, first=(t:2, i:139), CONFIGURATIONENTRY(current:id: "s0"
address: "localhost:38889"
dataStreamAddress: "localhost:44045"
clientAddress: "localhost:36221"
adminAddress: "localhost:33369"
startupRole: FOLLOWER
,id: "s1"
address: "localhost:33469"
dataStreamAddress: "localhost:41079"
clientAddress: "localhost:38107"
adminAddress: "localhost:35601"
startupRole: FOLLOWER
,id: "s2"
address: "localhost:39335"
dataStreamAddress: "localhost:40831"
clientAddress: "localhost:32863"
adminAddress: "localhost:35389"
startupRole: FOLLOWER
, old:)
java.util.concurrent.CompletionException: java.util.concurrent.RejectedExecutionException: Task java.util.concurrent.CompletableFuture$AsyncSupply@16a4f5ae rejected from java.util.concurrent.ThreadPoolExecutor@7cbe9dc4[Terminated, pool size = 0, active threads = 0, queued tasks = 0, completed tasks = 0]
	at java.base/java.util.concurrent.CompletableFuture.encodeThrowable(CompletableFuture.java:314)
	at java.base/java.util.concurrent.CompletableFuture.uniComposeStage(CompletableFuture.java:1113)
	at java.base/java.util.concurrent.CompletableFuture.thenCompose(CompletableFuture.java:2235)
	at org.apache.ratis.server.impl.RaftServerProxy.appendEntriesAsync(RaftServerProxy.java:634)
	at org.apache.ratis.grpc.server.GrpcServerProtocolService$1.process(GrpcServerProtocolService.java:219)
	at org.apache.ratis.grpc.server.GrpcServerProtocolService$1.process(GrpcServerProtocolService.java:216)
	at org.apache.ratis.grpc.server.GrpcServerProtocolService$ServerRequestStreamObserver.onNext(GrpcServerProtocolService.java:124)
	at org.apache.ratis.thirdparty.io.grpc.stub.ServerCalls$StreamingServerCallHandler$StreamingServerCallListener.onMessage(ServerCalls.java:262)
	at org.apache.ratis.thirdparty.io.grpc.ForwardingServerCallListener.onMessage(ForwardingServerCallListener.java:33)
	at org.apache.ratis.thirdparty.io.grpc.internal.ServerCallImpl$ServerStreamListenerImpl.messagesAvailableInternal(ServerCallImpl.java:332)
	at org.apache.ratis.thirdparty.io.grpc.internal.ServerCallImpl$ServerStreamListenerImpl.messagesAvailable(ServerCallImpl.java:315)
	at org.apache.ratis.thirdparty.io.grpc.internal.ServerImpl$JumpToApplicationThreadServerStreamListener$1MessagesAvailable.runInContext(ServerImpl.java:834)
	at org.apache.ratis.thirdparty.io.grpc.internal.ContextRunnable.run(ContextRunnable.java:37)
	at org.apache.ratis.thirdparty.io.grpc.internal.SerializingExecutor.run(SerializingExecutor.java:133)
	at java.base/java.util.concurrent.ThreadPoolExecutor.runWorker(ThreadPoolExecutor.java:1128)
	at java.base/java.util.concurrent.ThreadPoolExecutor$Worker.run(ThreadPoolExecutor.java:628)
	at java.base/java.lang.Thread.run(Thread.java:829)
Caused by: java.util.concurrent.RejectedExecutionException: Task java.util.concurrent.CompletableFuture$AsyncSupply@16a4f5ae rejected from java.util.concurrent.ThreadPoolExecutor@7cbe9dc4[Terminated, pool size = 0, active threads = 0, queued tasks = 0, completed tasks = 0]
	at java.base/java.util.concurrent.ThreadPoolExecutor$AbortPolicy.rejectedExecution(ThreadPoolExecutor.java:2055)
	at java.base/java.util.concurrent.ThreadPoolExecutor.reject(ThreadPoolExecutor.java:825)
	at java.base/java.util.concurrent.ThreadPoolExecutor.execute(ThreadPoolExecutor.java:1355)
	at java.base/java.util.concurrent.CompletableFuture.asyncSupplyStage(CompletableFuture.java:1714)
	at java.base/java.util.concurrent.CompletableFuture.supplyAsync(CompletableFuture.java:1931)
	at org.apache.ratis.server.impl.RaftServerImpl.executeSubmitServerRequestAsync(RaftServerImpl.java:812)
	at org.apache.ratis.server.impl.RaftServerProxy.lambda$appendEntriesAsync$27(RaftServerProxy.java:634)
	at java.base/java.util.concurrent.CompletableFuture.uniComposeStage(CompletableFuture.java:1106)
	... 15 more
2022-11-11 07:38:07,093 [s2-client-thread1] INFO  segmented.SegmentedRaftLogWorker (SegmentedRaftLogWorker.java:rollLogSegment(436)) - s2@group-DC0BCF2C7030-SegmentedRaftLogWorker: Rolling segment log-139_160 to index:160
2022-11-11 07:38:07,093 [s2@group-DC0BCF2C7030-SegmentedRaftLogWorker] TRACE util.FileUtils (LogUtils.java:runAndLog(49)) - Successfully ran Atomic Files.move /home/runner/work/ratis/ratis/ratis-test/target/test/data/badbfba9/MiniRaftClusterWithGrpcf526e0ef/s2/4c2c9efe-0344-4438-a419-dc0bcf2c7030/current/log_inprogress_139 to /home/runner/work/ratis/ratis/ratis-test/target/test/data/badbfba9/MiniRaftClusterWithGrpcf526e0ef/s2/4c2c9efe-0344-4438-a419-dc0bcf2c7030/current/log_139-160
2022-11-11 07:38:07,093 [s2@group-DC0BCF2C7030-SegmentedRaftLogWorker] INFO  segmented.SegmentedRaftLogWorker (SegmentedRaftLogWorker.java:execute(592)) - s2@group-DC0BCF2C7030-SegmentedRaftLogWorker: Rolled log segment from /home/runner/work/ratis/ratis/ratis-test/target/test/data/badbfba9/MiniRaftClusterWithGrpcf526e0ef/s2/4c2c9efe-0344-4438-a419-dc0bcf2c7030/current/log_inprogress_139 to /home/runner/work/ratis/ratis/ratis-test/target/test/data/badbfba9/MiniRaftClusterWithGrpcf526e0ef/s2/4c2c9efe-0344-4438-a419-dc0bcf2c7030/current/log_139-160
2022-11-11 07:38:07,094 [s0-server-thread1] DEBUG raftlog.RaftLog (SegmentedRaftLog.java:appendImpl(446)) - truncateIndex=-1, arrayIndex=0
2022-11-11 07:38:07,094 [s0-server-thread1] INFO  segmented.SegmentedRaftLogWorker (SegmentedRaftLogWorker.java:rollLogSegment(436)) - s0@group-DC0BCF2C7030-SegmentedRaftLogWorker: Rolling segment log-139_160 to index:160
2022-11-11 07:38:07,094 [s0@group-DC0BCF2C7030-SegmentedRaftLogWorker] TRACE util.FileUtils (LogUtils.java:runAndLog(49)) - Successfully ran Atomic Files.move /home/runner/work/ratis/ratis/ratis-test/target/test/data/badbfba9/MiniRaftClusterWithGrpcf526e0ef/s0/4c2c9efe-0344-4438-a419-dc0bcf2c7030/current/log_inprogress_139 to /home/runner/work/ratis/ratis/ratis-test/target/test/data/badbfba9/MiniRaftClusterWithGrpcf526e0ef/s0/4c2c9efe-0344-4438-a419-dc0bcf2c7030/current/log_139-160
2022-11-11 07:38:07,094 [s0@group-DC0BCF2C7030-SegmentedRaftLogWorker] INFO  segmented.SegmentedRaftLogWorker (SegmentedRaftLogWorker.java:execute(592)) - s0@group-DC0BCF2C7030-SegmentedRaftLogWorker: Rolled log segment from /home/runner/work/ratis/ratis/ratis-test/target/test/data/badbfba9/MiniRaftClusterWithGrpcf526e0ef/s0/4c2c9efe-0344-4438-a419-dc0bcf2c7030/current/log_inprogress_139 to /home/runner/work/ratis/ratis/ratis-test/target/test/data/badbfba9/MiniRaftClusterWithGrpcf526e0ef/s0/4c2c9efe-0344-4438-a419-dc0bcf2c7030/current/log_139-160
2022-11-11 07:38:07,095 [s2@group-DC0BCF2C7030-SegmentedRaftLogWorker] INFO  segmented.SegmentedRaftLogWorker (SegmentedRaftLogWorker.java:execute(635)) - s2@group-DC0BCF2C7030-SegmentedRaftLogWorker: created new log segment /home/runner/work/ratis/ratis/ratis-test/target/test/data/badbfba9/MiniRaftClusterWithGrpcf526e0ef/s2/4c2c9efe-0344-4438-a419-dc0bcf2c7030/current/log_inprogress_161
2022-11-11 07:38:07,096 [s0@group-DC0BCF2C7030-SegmentedRaftLogWorker] INFO  segmented.SegmentedRaftLogWorker (SegmentedRaftLogWorker.java:execute(635)) - s0@group-DC0BCF2C7030-SegmentedRaftLogWorker: created new log segment /home/runner/work/ratis/ratis/ratis-test/target/test/data/badbfba9/MiniRaftClusterWithGrpcf526e0ef/s0/4c2c9efe-0344-4438-a419-dc0bcf2c7030/current/log_inprogress_161
2022-11-11 07:38:07,097 [s2@group-DC0BCF2C7030-StateMachineUpdater] INFO  impl.SimpleStateMachine4Testing (SimpleStateMachine4Testing.java:put(205)) - s2: put 161, m78 -> (t:2, i:161), STATEMACHINELOGENTRY, 464@client-70D4234AB40A
2022-11-11 07:38:07,098 [s0-server-thread1] DEBUG raftlog.RaftLog (SegmentedRaftLog.java:appendImpl(446)) - truncateIndex=-1, arrayIndex=0
2022-11-11 07:38:07,099 [s0@group-DC0BCF2C7030-StateMachineUpdater] INFO  impl.SimpleStateMachine4Testing (SimpleStateMachine4Testing.java:put(205)) - s0: put 161, m78 -> (t:2, i:161), STATEMACHINELOGENTRY, 464@client-70D4234AB40A
2022-11-11 07:38:07,101 [s0-server-thread1] DEBUG raftlog.RaftLog (SegmentedRaftLog.java:appendImpl(446)) - truncateIndex=-1, arrayIndex=0
2022-11-11 07:38:07,102 [s2@group-DC0BCF2C7030-StateMachineUpdater] INFO  impl.SimpleStateMachine4Testing (SimpleStateMachine4Testing.java:put(205)) - s2: put 163, m79 -> (t:2, i:163), STATEMACHINELOGENTRY, 465@client-70D4234AB40A
2022-11-11 07:38:07,102 [s0-server-thread1] DEBUG raftlog.RaftLog (SegmentedRaftLog.java:appendImpl(446)) - truncateIndex=-1, arrayIndex=0
2022-11-11 07:38:07,103 [s0@group-DC0BCF2C7030-StateMachineUpdater] INFO  impl.SimpleStateMachine4Testing (SimpleStateMachine4Testing.java:put(205)) - s0: put 163, m79 -> (t:2, i:163), STATEMACHINELOGENTRY, 465@client-70D4234AB40A
2022-11-11 07:38:07,103 [grpc-default-executor-6] WARN  server.GrpcLogAppender (LogUtils.java:warn(124)) - s2@group-DC0BCF2C7030->s1-AppendLogResponseHandler: Failed appendEntries
java.io.IOException: java.util.concurrent.RejectedExecutionException: Task java.util.concurrent.CompletableFuture$AsyncSupply@16a4f5ae rejected from java.util.concurrent.ThreadPoolExecutor@7cbe9dc4[Terminated, pool size = 0, active threads = 0, queued tasks = 0, completed tasks = 0]
	at org.apache.ratis.util.IOUtils.asIOException(IOUtils.java:56)
	at org.apache.ratis.grpc.GrpcUtil.tryUnwrapException(GrpcUtil.java:121)
	at org.apache.ratis.grpc.GrpcUtil.unwrapThrowable(GrpcUtil.java:82)
	at org.apache.ratis.grpc.GrpcUtil.warn(GrpcUtil.java:178)
	at org.apache.ratis.grpc.server.GrpcLogAppender$AppendLogResponseHandler.onError(GrpcLogAppender.java:405)
	at org.apache.ratis.thirdparty.io.grpc.stub.ClientCalls$StreamObserverToCallListenerAdapter.onClose(ClientCalls.java:487)
	at org.apache.ratis.thirdparty.io.grpc.internal.ClientCallImpl.closeObserver(ClientCallImpl.java:562)
	at org.apache.ratis.thirdparty.io.grpc.internal.ClientCallImpl.access$300(ClientCallImpl.java:70)
	at org.apache.ratis.thirdparty.io.grpc.internal.ClientCallImpl$ClientStreamListenerImpl$1StreamClosed.runInternal(ClientCallImpl.java:743)
	at org.apache.ratis.thirdparty.io.grpc.internal.ClientCallImpl$ClientStreamListenerImpl$1StreamClosed.runInContext(ClientCallImpl.java:722)
	at org.apache.ratis.thirdparty.io.grpc.internal.ContextRunnable.run(ContextRunnable.java:37)
	at org.apache.ratis.thirdparty.io.grpc.internal.SerializingExecutor.run(SerializingExecutor.java:133)
	at java.base/java.util.concurrent.ThreadPoolExecutor.runWorker(ThreadPoolExecutor.java:1128)
	at java.base/java.util.concurrent.ThreadPoolExecutor$Worker.run(ThreadPoolExecutor.java:628)
	at java.base/java.lang.Thread.run(Thread.java:829)
Caused by: java.util.concurrent.RejectedExecutionException: Task java.util.concurrent.CompletableFuture$AsyncSupply@16a4f5ae rejected from java.util.concurrent.ThreadPoolExecutor@7cbe9dc4[Terminated, pool size = 0, active threads = 0, queued tasks = 0, completed tasks = 0]
	at java.base/jdk.internal.reflect.NativeConstructorAccessorImpl.newInstance0(Native Method)
	at java.base/jdk.internal.reflect.NativeConstructorAccessorImpl.newInstance(NativeConstructorAccessorImpl.java:62)
	at java.base/jdk.internal.reflect.DelegatingConstructorAccessorImpl.newInstance(DelegatingConstructorAccessorImpl.java:45)
	at java.base/java.lang.reflect.Constructor.newInstance(Constructor.java:490)
	at org.apache.ratis.util.ReflectionUtils.instantiateException(ReflectionUtils.java:259)
	at org.apache.ratis.grpc.GrpcUtil.tryUnwrapException(GrpcUtil.java:120)
	... 13 more
Caused by: org.apache.ratis.thirdparty.io.grpc.StatusRuntimeException: INTERNAL: Task java.util.concurrent.CompletableFuture$AsyncSupply@16a4f5ae rejected from java.util.concurrent.ThreadPoolExecutor@7cbe9dc4[Terminated, pool size = 0, active threads = 0, queued tasks = 0, completed tasks = 0]
	at org.apache.ratis.thirdparty.io.grpc.Status.asRuntimeException(Status.java:535)
	... 10 more
	Suppressed: java.lang.IllegalStateException: Failed to cast to class java.io.IOException, object=java.util.concurrent.RejectedExecutionException: Task java.util.concurrent.CompletableFuture$AsyncSupply@16a4f5ae rejected from java.util.concurrent.ThreadPoolExecutor@7cbe9dc4[Terminated, pool size = 0, active threads = 0, queued tasks = 0, completed tasks = 0]
	at java.base/java.util.concurrent.ThreadPoolExecutor$AbortPolicy.rejectedExecution(ThreadPoolExecutor.java:2055)
	at java.base/java.util.concurrent.ThreadPoolExecutor.reject(ThreadPoolExecutor.java:825)
	at java.base/java.util.concurrent.ThreadPoolExecutor.execute(ThreadPoolExecutor.java:1355)
	at java.base/java.util.concurrent.CompletableFuture.asyncSupplyStage(CompletableFuture.java:1714)
	at java.base/java.util.concurrent.CompletableFuture.supplyAsync(CompletableFuture.java:1931)
	at org.apache.ratis.server.impl.RaftServerImpl.executeSubmitServerRequestAsync(RaftServerImpl.java:812)
	at org.apache.ratis.server.impl.RaftServerProxy.lambda$appendEntriesAsync$27(RaftServerProxy.java:634)
	at java.base/java.util.concurrent.CompletableFuture.uniComposeStage(CompletableFuture.java:1106)
	at java.base/java.util.concurrent.CompletableFuture.thenCompose(CompletableFuture.java:2235)
	at org.apache.ratis.server.impl.RaftServerProxy.appendEntriesAsync(RaftServerProxy.java:634)
	at org.apache.ratis.grpc.server.GrpcServerProtocolService$1.process(GrpcServerProtocolService.java:219)
	at org.apache.ratis.grpc.server.GrpcServerProtocolService$1.process(GrpcServerProtocolService.java:216)
	at org.apache.ratis.grpc.server.GrpcServerProtocolService$ServerRequestStreamObserver.onNext(GrpcServerProtocolService.java:124)
	at org.apache.ratis.thirdparty.io.grpc.stub.ServerCalls$StreamingServerCallHandler$StreamingServerCallListener.onMessage(ServerCalls.java:262)
	at org.apache.ratis.thirdparty.io.grpc.ForwardingServerCallListener.onMessage(ForwardingServerCallListener.java:33)
	at org.apache.ratis.thirdparty.io.grpc.internal.ServerCallImpl$ServerStreamListenerImpl.messagesAvailableInternal(ServerCallImpl.java:332)
	at org.apache.ratis.thirdparty.io.grpc.internal.ServerCallImpl$ServerStreamListenerImpl.messagesAvailable(ServerCallImpl.java:315)
	at org.apache.ratis.thirdparty.io.grpc.internal.ServerImpl$JumpToApplicationThreadServerStreamListener$1MessagesAvailable.runInContext(ServerImpl.java:834)
	at org.apache.ratis.thirdparty.io.grpc.internal.ContextRunnable.run(ContextRunnable.java:37)
	at org.apache.ratis.thirdparty.io.grpc.internal.SerializingExecutor.run(SerializingExecutor.java:133)
	at java.base/java.util.concurrent.ThreadPoolExecutor.runWorker(ThreadPoolExecutor.java:1128)
	at java.base/java.util.concurrent.ThreadPoolExecutor$Worker.run(ThreadPoolExecutor.java:628)
	at java.base/java.lang.Thread.run(Thread.java:829)

		at org.apache.ratis.util.IOUtils.readObject(IOUtils.java:237)
		at org.apache.ratis.util.IOUtils.bytes2Object(IOUtils.java:214)
		at org.apache.ratis.grpc.GrpcUtil.tryUnwrapException(GrpcUtil.java:109)
		at org.apache.ratis.grpc.GrpcUtil.unwrapThrowable(GrpcUtil.java:82)
		at org.apache.ratis.grpc.GrpcUtil.warn(GrpcUtil.java:178)
		at org.apache.ratis.grpc.server.GrpcLogAppender$AppendLogResponseHandler.onError(GrpcLogAppender.java:405)
		... 10 more
	Caused by: java.lang.ClassCastException: Cannot cast java.util.concurrent.RejectedExecutionException to java.io.IOException
		at java.base/java.lang.Class.cast(Class.java:3605)
		at org.apache.ratis.util.IOUtils.readObject(IOUtils.java:234)
		... 15 more
2022-11-11 07:38:07,104 [grpc-default-executor-6] INFO  leader.FollowerInfo (FollowerInfoImpl.java:lambda$new$0(48)) - s2@group-DC0BCF2C7030->s1: nextIndex: updateUnconditionally 160 -> 139
2022-11-11 07:38:07,105 [s0-server-thread1] DEBUG raftlog.RaftLog (SegmentedRaftLog.java:appendImpl(446)) - truncateIndex=-1, arrayIndex=0
2022-11-11 07:38:07,106 [grpc-default-executor-2] WARN  server.GrpcServerProtocolService (LogUtils.java:warn(124)) - s1: Failed APPEND_ENTRIES request s2->s1#47-t2,previous=(t:1, i:138),leaderCommit=164,initializing? true,entries: size=27, first=(t:2, i:139), CONFIGURATIONENTRY(current:id: "s0"
address: "localhost:38889"
dataStreamAddress: "localhost:44045"
clientAddress: "localhost:36221"
adminAddress: "localhost:33369"
startupRole: FOLLOWER
,id: "s1"
address: "localhost:33469"
dataStreamAddress: "localhost:41079"
clientAddress: "localhost:38107"
adminAddress: "localhost:35601"
startupRole: FOLLOWER
,id: "s2"
address: "localhost:39335"
dataStreamAddress: "localhost:40831"
clientAddress: "localhost:32863"
adminAddress: "localhost:35389"
startupRole: FOLLOWER
, old:)
java.util.concurrent.CompletionException: java.util.concurrent.RejectedExecutionException: Task java.util.concurrent.CompletableFuture$AsyncSupply@40637f33 rejected from java.util.concurrent.ThreadPoolExecutor@7cbe9dc4[Terminated, pool size = 0, active threads = 0, queued tasks = 0, completed tasks = 0]
	at java.base/java.util.concurrent.CompletableFuture.encodeThrowable(CompletableFuture.java:314)
	at java.base/java.util.concurrent.CompletableFuture.uniComposeStage(CompletableFuture.java:1113)
	at java.base/java.util.concurrent.CompletableFuture.thenCompose(CompletableFuture.java:2235)
	at org.apache.ratis.server.impl.RaftServerProxy.appendEntriesAsync(RaftServerProxy.java:634)
	at org.apache.ratis.grpc.server.GrpcServerProtocolService$1.process(GrpcServerProtocolService.java:219)
	at org.apache.ratis.grpc.server.GrpcServerProtocolService$1.process(GrpcServerProtocolService.java:216)
	at org.apache.ratis.grpc.server.GrpcServerProtocolService$ServerRequestStreamObserver.onNext(GrpcServerProtocolService.java:124)
	at org.apache.ratis.thirdparty.io.grpc.stub.ServerCalls$StreamingServerCallHandler$StreamingServerCallListener.onMessage(ServerCalls.java:262)
	at org.apache.ratis.thirdparty.io.grpc.ForwardingServerCallListener.onMessage(ForwardingServerCallListener.java:33)
	at org.apache.ratis.thirdparty.io.grpc.internal.ServerCallImpl$ServerStreamListenerImpl.messagesAvailableInternal(ServerCallImpl.java:332)
	at org.apache.ratis.thirdparty.io.grpc.internal.ServerCallImpl$ServerStreamListenerImpl.messagesAvailable(ServerCallImpl.java:315)
	at org.apache.ratis.thirdparty.io.grpc.internal.ServerImpl$JumpToApplicationThreadServerStreamListener$1MessagesAvailable.runInContext(ServerImpl.java:834)
	at org.apache.ratis.thirdparty.io.grpc.internal.ContextRunnable.run(ContextRunnable.java:37)
	at org.apache.ratis.thirdparty.io.grpc.internal.SerializingExecutor.run(SerializingExecutor.java:133)
	at java.base/java.util.concurrent.ThreadPoolExecutor.runWorker(ThreadPoolExecutor.java:1128)
	at java.base/java.util.concurrent.ThreadPoolExecutor$Worker.run(ThreadPoolExecutor.java:628)
	at java.base/java.lang.Thread.run(Thread.java:829)
Caused by: java.util.concurrent.RejectedExecutionException: Task java.util.concurrent.CompletableFuture$AsyncSupply@40637f33 rejected from java.util.concurrent.ThreadPoolExecutor@7cbe9dc4[Terminated, pool size = 0, active threads = 0, queued tasks = 0, completed tasks = 0]
	at java.base/java.util.concurrent.ThreadPoolExecutor$AbortPolicy.rejectedExecution(ThreadPoolExecutor.java:2055)
	at java.base/java.util.concurrent.ThreadPoolExecutor.reject(ThreadPoolExecutor.java:825)
	at java.base/java.util.concurrent.ThreadPoolExecutor.execute(ThreadPoolExecutor.java:1355)
	at java.base/java.util.concurrent.CompletableFuture.asyncSupplyStage(CompletableFuture.java:1714)
	at java.base/java.util.concurrent.CompletableFuture.supplyAsync(CompletableFuture.java:1931)
	at org.apache.ratis.server.impl.RaftServerImpl.executeSubmitServerRequestAsync(RaftServerImpl.java:812)
	at org.apache.ratis.server.impl.RaftServerProxy.lambda$appendEntriesAsync$27(RaftServerProxy.java:634)
	at java.base/java.util.concurrent.CompletableFuture.uniComposeStage(CompletableFuture.java:1106)
	... 15 more
2022-11-11 07:38:07,107 [s2@group-DC0BCF2C7030-StateMachineUpdater] INFO  impl.SimpleStateMachine4Testing (SimpleStateMachine4Testing.java:put(205)) - s2: put 165, m80 -> (t:2, i:165), STATEMACHINELOGENTRY, 466@client-70D4234AB40A
2022-11-11 07:38:07,108 [s0-server-thread1] DEBUG raftlog.RaftLog (SegmentedRaftLog.java:appendImpl(446)) - truncateIndex=-1, arrayIndex=0
2022-11-11 07:38:07,108 [s0@group-DC0BCF2C7030-StateMachineUpdater] INFO  impl.SimpleStateMachine4Testing (SimpleStateMachine4Testing.java:put(205)) - s0: put 165, m80 -> (t:2, i:165), STATEMACHINELOGENTRY, 466@client-70D4234AB40A
2022-11-11 07:38:07,110 [grpc-default-executor-2] WARN  server.GrpcLogAppender (LogUtils.java:warn(124)) - s2@group-DC0BCF2C7030->s1-AppendLogResponseHandler: Failed appendEntries
java.io.IOException: java.util.concurrent.RejectedExecutionException: Task java.util.concurrent.CompletableFuture$AsyncSupply@40637f33 rejected from java.util.concurrent.ThreadPoolExecutor@7cbe9dc4[Terminated, pool size = 0, active threads = 0, queued tasks = 0, completed tasks = 0]
	at org.apache.ratis.util.IOUtils.asIOException(IOUtils.java:56)
	at org.apache.ratis.grpc.GrpcUtil.tryUnwrapException(GrpcUtil.java:121)
	at org.apache.ratis.grpc.GrpcUtil.unwrapThrowable(GrpcUtil.java:82)
	at org.apache.ratis.grpc.GrpcUtil.warn(GrpcUtil.java:178)
	at org.apache.ratis.grpc.server.GrpcLogAppender$AppendLogResponseHandler.onError(GrpcLogAppender.java:405)
	at org.apache.ratis.thirdparty.io.grpc.stub.ClientCalls$StreamObserverToCallListenerAdapter.onClose(ClientCalls.java:487)
	at org.apache.ratis.thirdparty.io.grpc.internal.ClientCallImpl.closeObserver(ClientCallImpl.java:562)
	at org.apache.ratis.thirdparty.io.grpc.internal.ClientCallImpl.access$300(ClientCallImpl.java:70)
	at org.apache.ratis.thirdparty.io.grpc.internal.ClientCallImpl$ClientStreamListenerImpl$1StreamClosed.runInternal(ClientCallImpl.java:743)
	at org.apache.ratis.thirdparty.io.grpc.internal.ClientCallImpl$ClientStreamListenerImpl$1StreamClosed.runInContext(ClientCallImpl.java:722)
	at org.apache.ratis.thirdparty.io.grpc.internal.ContextRunnable.run(ContextRunnable.java:37)
	at org.apache.ratis.thirdparty.io.grpc.internal.SerializingExecutor.run(SerializingExecutor.java:133)
	at java.base/java.util.concurrent.ThreadPoolExecutor.runWorker(ThreadPoolExecutor.java:1128)
	at java.base/java.util.concurrent.ThreadPoolExecutor$Worker.run(ThreadPoolExecutor.java:628)
	at java.base/java.lang.Thread.run(Thread.java:829)
Caused by: java.util.concurrent.RejectedExecutionException: Task java.util.concurrent.CompletableFuture$AsyncSupply@40637f33 rejected from java.util.concurrent.ThreadPoolExecutor@7cbe9dc4[Terminated, pool size = 0, active threads = 0, queued tasks = 0, completed tasks = 0]
	at java.base/jdk.internal.reflect.NativeConstructorAccessorImpl.newInstance0(Native Method)
	at java.base/jdk.internal.reflect.NativeConstructorAccessorImpl.newInstance(NativeConstructorAccessorImpl.java:62)
	at java.base/jdk.internal.reflect.DelegatingConstructorAccessorImpl.newInstance(DelegatingConstructorAccessorImpl.java:45)
	at java.base/java.lang.reflect.Constructor.newInstance(Constructor.java:490)
	at org.apache.ratis.util.ReflectionUtils.instantiateException(ReflectionUtils.java:259)
	at org.apache.ratis.grpc.GrpcUtil.tryUnwrapException(GrpcUtil.java:120)
	... 13 more
Caused by: org.apache.ratis.thirdparty.io.grpc.StatusRuntimeException: INTERNAL: Task java.util.concurrent.CompletableFuture$AsyncSupply@40637f33 rejected from java.util.concurrent.ThreadPoolExecutor@7cbe9dc4[Terminated, pool size = 0, active threads = 0, queued tasks = 0, completed tasks = 0]
	at org.apache.ratis.thirdparty.io.grpc.Status.asRuntimeException(Status.java:535)
	... 10 more
	Suppressed: java.lang.IllegalStateException: Failed to cast to class java.io.IOException, object=java.util.concurrent.RejectedExecutionException: Task java.util.concurrent.CompletableFuture$AsyncSupply@40637f33 rejected from java.util.concurrent.ThreadPoolExecutor@7cbe9dc4[Terminated, pool size = 0, active threads = 0, queued tasks = 0, completed tasks = 0]
	at java.base/java.util.concurrent.ThreadPoolExecutor$AbortPolicy.rejectedExecution(ThreadPoolExecutor.java:2055)
	at java.base/java.util.concurrent.ThreadPoolExecutor.reject(ThreadPoolExecutor.java:825)
	at java.base/java.util.concurrent.ThreadPoolExecutor.execute(ThreadPoolExecutor.java:1355)
	at java.base/java.util.concurrent.CompletableFuture.asyncSupplyStage(CompletableFuture.java:1714)
	at java.base/java.util.concurrent.CompletableFuture.supplyAsync(CompletableFuture.java:1931)
	at org.apache.ratis.server.impl.RaftServerImpl.executeSubmitServerRequestAsync(RaftServerImpl.java:812)
	at org.apache.ratis.server.impl.RaftServerProxy.lambda$appendEntriesAsync$27(RaftServerProxy.java:634)
	at java.base/java.util.concurrent.CompletableFuture.uniComposeStage(CompletableFuture.java:1106)
	at java.base/java.util.concurrent.CompletableFuture.thenCompose(CompletableFuture.java:2235)
	at org.apache.ratis.server.impl.RaftServerProxy.appendEntriesAsync(RaftServerProxy.java:634)
	at org.apache.ratis.grpc.server.GrpcServerProtocolService$1.process(GrpcServerProtocolService.java:219)
	at org.apache.ratis.grpc.server.GrpcServerProtocolService$1.process(GrpcServerProtocolService.java:216)
	at org.apache.ratis.grpc.server.GrpcServerProtocolService$ServerRequestStreamObserver.onNext(GrpcServerProtocolService.java:124)
	at org.apache.ratis.thirdparty.io.grpc.stub.ServerCalls$StreamingServerCallHandler$StreamingServerCallListener.onMessage(ServerCalls.java:262)
	at org.apache.ratis.thirdparty.io.grpc.ForwardingServerCallListener.onMessage(ForwardingServerCallListener.java:33)
	at org.apache.ratis.thirdparty.io.grpc.internal.ServerCallImpl$ServerStreamListenerImpl.messagesAvailableInternal(ServerCallImpl.java:332)
	at org.apache.ratis.thirdparty.io.grpc.internal.ServerCallImpl$ServerStreamListenerImpl.messagesAvailable(ServerCallImpl.java:315)
	at org.apache.ratis.thirdparty.io.grpc.internal.ServerImpl$JumpToApplicationThreadServerStreamListener$1MessagesAvailable.runInContext(ServerImpl.java:834)
	at org.apache.ratis.thirdparty.io.grpc.internal.ContextRunnable.run(ContextRunnable.java:37)
	at org.apache.ratis.thirdparty.io.grpc.internal.SerializingExecutor.run(SerializingExecutor.java:133)
	at java.base/java.util.concurrent.ThreadPoolExecutor.runWorker(ThreadPoolExecutor.java:1128)
	at java.base/java.util.concurrent.ThreadPoolExecutor$Worker.run(ThreadPoolExecutor.java:628)
	at java.base/java.lang.Thread.run(Thread.java:829)

		at org.apache.ratis.util.IOUtils.readObject(IOUtils.java:237)
		at org.apache.ratis.util.IOUtils.bytes2Object(IOUtils.java:214)
		at org.apache.ratis.grpc.GrpcUtil.tryUnwrapException(GrpcUtil.java:109)
		at org.apache.ratis.grpc.GrpcUtil.unwrapThrowable(GrpcUtil.java:82)
		at org.apache.ratis.grpc.GrpcUtil.warn(GrpcUtil.java:178)
		at org.apache.ratis.grpc.server.GrpcLogAppender$AppendLogResponseHandler.onError(GrpcLogAppender.java:405)
		... 10 more
	Caused by: java.lang.ClassCastException: Cannot cast java.util.concurrent.RejectedExecutionException to java.io.IOException
		at java.base/java.lang.Class.cast(Class.java:3605)
		at org.apache.ratis.util.IOUtils.readObject(IOUtils.java:234)
		... 15 more
2022-11-11 07:38:07,114 [grpc-default-executor-2] INFO  leader.FollowerInfo (FollowerInfoImpl.java:lambda$new$0(48)) - s2@group-DC0BCF2C7030->s1: nextIndex: updateUnconditionally 166 -> 139
2022-11-11 07:38:07,116 [s0-server-thread1] DEBUG raftlog.RaftLog (SegmentedRaftLog.java:appendImpl(446)) - truncateIndex=-1, arrayIndex=0
2022-11-11 07:38:07,117 [grpc-default-executor-2] WARN  server.GrpcServerProtocolService (LogUtils.java:warn(124)) - s1: Failed APPEND_ENTRIES request s2->s1#52-t2,previous=(t:1, i:138),leaderCommit=166,initializing? true,entries: size=29, first=(t:2, i:139), CONFIGURATIONENTRY(current:id: "s0"
address: "localhost:38889"
dataStreamAddress: "localhost:44045"
clientAddress: "localhost:36221"
adminAddress: "localhost:33369"
startupRole: FOLLOWER
,id: "s1"
address: "localhost:33469"
dataStreamAddress: "localhost:41079"
clientAddress: "localhost:38107"
adminAddress: "localhost:35601"
startupRole: FOLLOWER
,id: "s2"
address: "localhost:39335"
dataStreamAddress: "localhost:40831"
clientAddress: "localhost:32863"
adminAddress: "localhost:35389"
startupRole: FOLLOWER
, old:)
java.util.concurrent.CompletionException: java.util.concurrent.RejectedExecutionException: Task java.util.concurrent.CompletableFuture$AsyncSupply@3d3a9177 rejected from java.util.concurrent.ThreadPoolExecutor@7cbe9dc4[Terminated, pool size = 0, active threads = 0, queued tasks = 0, completed tasks = 0]
	at java.base/java.util.concurrent.CompletableFuture.encodeThrowable(CompletableFuture.java:314)
	at java.base/java.util.concurrent.CompletableFuture.uniComposeStage(CompletableFuture.java:1113)
	at java.base/java.util.concurrent.CompletableFuture.thenCompose(CompletableFuture.java:2235)
	at org.apache.ratis.server.impl.RaftServerProxy.appendEntriesAsync(RaftServerProxy.java:634)
	at org.apache.ratis.grpc.server.GrpcServerProtocolService$1.process(GrpcServerProtocolService.java:219)
	at org.apache.ratis.grpc.server.GrpcServerProtocolService$1.process(GrpcServerProtocolService.java:216)
	at org.apache.ratis.grpc.server.GrpcServerProtocolService$ServerRequestStreamObserver.onNext(GrpcServerProtocolService.java:124)
	at org.apache.ratis.thirdparty.io.grpc.stub.ServerCalls$StreamingServerCallHandler$StreamingServerCallListener.onMessage(ServerCalls.java:262)
	at org.apache.ratis.thirdparty.io.grpc.ForwardingServerCallListener.onMessage(ForwardingServerCallListener.java:33)
	at org.apache.ratis.thirdparty.io.grpc.internal.ServerCallImpl$ServerStreamListenerImpl.messagesAvailableInternal(ServerCallImpl.java:332)
	at org.apache.ratis.thirdparty.io.grpc.internal.ServerCallImpl$ServerStreamListenerImpl.messagesAvailable(ServerCallImpl.java:315)
	at org.apache.ratis.thirdparty.io.grpc.internal.ServerImpl$JumpToApplicationThreadServerStreamListener$1MessagesAvailable.runInContext(ServerImpl.java:834)
	at org.apache.ratis.thirdparty.io.grpc.internal.ContextRunnable.run(ContextRunnable.java:37)
	at org.apache.ratis.thirdparty.io.grpc.internal.SerializingExecutor.run(SerializingExecutor.java:133)
	at java.base/java.util.concurrent.ThreadPoolExecutor.runWorker(ThreadPoolExecutor.java:1128)
	at java.base/java.util.concurrent.ThreadPoolExecutor$Worker.run(ThreadPoolExecutor.java:628)
	at java.base/java.lang.Thread.run(Thread.java:829)
Caused by: java.util.concurrent.RejectedExecutionException: Task java.util.concurrent.CompletableFuture$AsyncSupply@3d3a9177 rejected from java.util.concurrent.ThreadPoolExecutor@7cbe9dc4[Terminated, pool size = 0, active threads = 0, queued tasks = 0, completed tasks = 0]
	at java.base/java.util.concurrent.ThreadPoolExecutor$AbortPolicy.rejectedExecution(ThreadPoolExecutor.java:2055)
	at java.base/java.util.concurrent.ThreadPoolExecutor.reject(ThreadPoolExecutor.java:825)
	at java.base/java.util.concurrent.ThreadPoolExecutor.execute(ThreadPoolExecutor.java:1355)
	at java.base/java.util.concurrent.CompletableFuture.asyncSupplyStage(CompletableFuture.java:1714)
	at java.base/java.util.concurrent.CompletableFuture.supplyAsync(CompletableFuture.java:1931)
	at org.apache.ratis.server.impl.RaftServerImpl.executeSubmitServerRequestAsync(RaftServerImpl.java:812)
	at org.apache.ratis.server.impl.RaftServerProxy.lambda$appendEntriesAsync$27(RaftServerProxy.java:634)
	at java.base/java.util.concurrent.CompletableFuture.uniComposeStage(CompletableFuture.java:1106)
	... 15 more
2022-11-11 07:38:07,118 [s2@group-DC0BCF2C7030-StateMachineUpdater] INFO  impl.SimpleStateMachine4Testing (SimpleStateMachine4Testing.java:put(205)) - s2: put 167, m81 -> (t:2, i:167), STATEMACHINELOGENTRY, 467@client-70D4234AB40A
2022-11-11 07:38:07,119 [s0-server-thread1] DEBUG raftlog.RaftLog (SegmentedRaftLog.java:appendImpl(446)) - truncateIndex=-1, arrayIndex=0
2022-11-11 07:38:07,119 [s0@group-DC0BCF2C7030-StateMachineUpdater] INFO  impl.SimpleStateMachine4Testing (SimpleStateMachine4Testing.java:put(205)) - s0: put 167, m81 -> (t:2, i:167), STATEMACHINELOGENTRY, 467@client-70D4234AB40A
2022-11-11 07:38:07,122 [grpc-default-executor-6] WARN  server.GrpcLogAppender (LogUtils.java:warn(124)) - s2@group-DC0BCF2C7030->s1-AppendLogResponseHandler: Failed appendEntries
java.io.IOException: java.util.concurrent.RejectedExecutionException: Task java.util.concurrent.CompletableFuture$AsyncSupply@3d3a9177 rejected from java.util.concurrent.ThreadPoolExecutor@7cbe9dc4[Terminated, pool size = 0, active threads = 0, queued tasks = 0, completed tasks = 0]
	at org.apache.ratis.util.IOUtils.asIOException(IOUtils.java:56)
	at org.apache.ratis.grpc.GrpcUtil.tryUnwrapException(GrpcUtil.java:121)
	at org.apache.ratis.grpc.GrpcUtil.unwrapThrowable(GrpcUtil.java:82)
	at org.apache.ratis.grpc.GrpcUtil.warn(GrpcUtil.java:178)
	at org.apache.ratis.grpc.server.GrpcLogAppender$AppendLogResponseHandler.onError(GrpcLogAppender.java:405)
	at org.apache.ratis.thirdparty.io.grpc.stub.ClientCalls$StreamObserverToCallListenerAdapter.onClose(ClientCalls.java:487)
	at org.apache.ratis.thirdparty.io.grpc.internal.ClientCallImpl.closeObserver(ClientCallImpl.java:562)
	at org.apache.ratis.thirdparty.io.grpc.internal.ClientCallImpl.access$300(ClientCallImpl.java:70)
	at org.apache.ratis.thirdparty.io.grpc.internal.ClientCallImpl$ClientStreamListenerImpl$1StreamClosed.runInternal(ClientCallImpl.java:743)
	at org.apache.ratis.thirdparty.io.grpc.internal.ClientCallImpl$ClientStreamListenerImpl$1StreamClosed.runInContext(ClientCallImpl.java:722)
	at org.apache.ratis.thirdparty.io.grpc.internal.ContextRunnable.run(ContextRunnable.java:37)
	at org.apache.ratis.thirdparty.io.grpc.internal.SerializingExecutor.run(SerializingExecutor.java:133)
	at java.base/java.util.concurrent.ThreadPoolExecutor.runWorker(ThreadPoolExecutor.java:1128)
	at java.base/java.util.concurrent.ThreadPoolExecutor$Worker.run(ThreadPoolExecutor.java:628)
	at java.base/java.lang.Thread.run(Thread.java:829)
Caused by: java.util.concurrent.RejectedExecutionException: Task java.util.concurrent.CompletableFuture$AsyncSupply@3d3a9177 rejected from java.util.concurrent.ThreadPoolExecutor@7cbe9dc4[Terminated, pool size = 0, active threads = 0, queued tasks = 0, completed tasks = 0]
	at java.base/jdk.internal.reflect.NativeConstructorAccessorImpl.newInstance0(Native Method)
	at java.base/jdk.internal.reflect.NativeConstructorAccessorImpl.newInstance(NativeConstructorAccessorImpl.java:62)
	at java.base/jdk.internal.reflect.DelegatingConstructorAccessorImpl.newInstance(DelegatingConstructorAccessorImpl.java:45)
	at java.base/java.lang.reflect.Constructor.newInstance(Constructor.java:490)
	at org.apache.ratis.util.ReflectionUtils.instantiateException(ReflectionUtils.java:259)
	at org.apache.ratis.grpc.GrpcUtil.tryUnwrapException(GrpcUtil.java:120)
	... 13 more
Caused by: org.apache.ratis.thirdparty.io.grpc.StatusRuntimeException: INTERNAL: Task java.util.concurrent.CompletableFuture$AsyncSupply@3d3a9177 rejected from java.util.concurrent.ThreadPoolExecutor@7cbe9dc4[Terminated, pool size = 0, active threads = 0, queued tasks = 0, completed tasks = 0]
	at org.apache.ratis.thirdparty.io.grpc.Status.asRuntimeException(Status.java:535)
	... 10 more
	Suppressed: java.lang.IllegalStateException: Failed to cast to class java.io.IOException, object=java.util.concurrent.RejectedExecutionException: Task java.util.concurrent.CompletableFuture$AsyncSupply@3d3a9177 rejected from java.util.concurrent.ThreadPoolExecutor@7cbe9dc4[Terminated, pool size = 0, active threads = 0, queued tasks = 0, completed tasks = 0]
	at java.base/java.util.concurrent.ThreadPoolExecutor$AbortPolicy.rejectedExecution(ThreadPoolExecutor.java:2055)
	at java.base/java.util.concurrent.ThreadPoolExecutor.reject(ThreadPoolExecutor.java:825)
	at java.base/java.util.concurrent.ThreadPoolExecutor.execute(ThreadPoolExecutor.java:1355)
	at java.base/java.util.concurrent.CompletableFuture.asyncSupplyStage(CompletableFuture.java:1714)
	at java.base/java.util.concurrent.CompletableFuture.supplyAsync(CompletableFuture.java:1931)
	at org.apache.ratis.server.impl.RaftServerImpl.executeSubmitServerRequestAsync(RaftServerImpl.java:812)
	at org.apache.ratis.server.impl.RaftServerProxy.lambda$appendEntriesAsync$27(RaftServerProxy.java:634)
	at java.base/java.util.concurrent.CompletableFuture.uniComposeStage(CompletableFuture.java:1106)
	at java.base/java.util.concurrent.CompletableFuture.thenCompose(CompletableFuture.java:2235)
	at org.apache.ratis.server.impl.RaftServerProxy.appendEntriesAsync(RaftServerProxy.java:634)
	at org.apache.ratis.grpc.server.GrpcServerProtocolService$1.process(GrpcServerProtocolService.java:219)
	at org.apache.ratis.grpc.server.GrpcServerProtocolService$1.process(GrpcServerProtocolService.java:216)
	at org.apache.ratis.grpc.server.GrpcServerProtocolService$ServerRequestStreamObserver.onNext(GrpcServerProtocolService.java:124)
	at org.apache.ratis.thirdparty.io.grpc.stub.ServerCalls$StreamingServerCallHandler$StreamingServerCallListener.onMessage(ServerCalls.java:262)
	at org.apache.ratis.thirdparty.io.grpc.ForwardingServerCallListener.onMessage(ForwardingServerCallListener.java:33)
	at org.apache.ratis.thirdparty.io.grpc.internal.ServerCallImpl$ServerStreamListenerImpl.messagesAvailableInternal(ServerCallImpl.java:332)
	at org.apache.ratis.thirdparty.io.grpc.internal.ServerCallImpl$ServerStreamListenerImpl.messagesAvailable(ServerCallImpl.java:315)
	at org.apache.ratis.thirdparty.io.grpc.internal.ServerImpl$JumpToApplicationThreadServerStreamListener$1MessagesAvailable.runInContext(ServerImpl.java:834)
	at org.apache.ratis.thirdparty.io.grpc.internal.ContextRunnable.run(ContextRunnable.java:37)
	at org.apache.ratis.thirdparty.io.grpc.internal.SerializingExecutor.run(SerializingExecutor.java:133)
	at java.base/java.util.concurrent.ThreadPoolExecutor.runWorker(ThreadPoolExecutor.java:1128)
	at java.base/java.util.concurrent.ThreadPoolExecutor$Worker.run(ThreadPoolExecutor.java:628)
	at java.base/java.lang.Thread.run(Thread.java:829)

		at org.apache.ratis.util.IOUtils.readObject(IOUtils.java:237)
		at org.apache.ratis.util.IOUtils.bytes2Object(IOUtils.java:214)
		at org.apache.ratis.grpc.GrpcUtil.tryUnwrapException(GrpcUtil.java:109)
		at org.apache.ratis.grpc.GrpcUtil.unwrapThrowable(GrpcUtil.java:82)
		at org.apache.ratis.grpc.GrpcUtil.warn(GrpcUtil.java:178)
		at org.apache.ratis.grpc.server.GrpcLogAppender$AppendLogResponseHandler.onError(GrpcLogAppender.java:405)
		... 10 more
	Caused by: java.lang.ClassCastException: Cannot cast java.util.concurrent.RejectedExecutionException to java.io.IOException
		at java.base/java.lang.Class.cast(Class.java:3605)
		at org.apache.ratis.util.IOUtils.readObject(IOUtils.java:234)
		... 15 more
2022-11-11 07:38:07,123 [grpc-default-executor-6] INFO  leader.FollowerInfo (FollowerInfoImpl.java:lambda$new$0(48)) - s2@group-DC0BCF2C7030->s1: nextIndex: updateUnconditionally 168 -> 139
2022-11-11 07:38:07,124 [s0-server-thread1] DEBUG raftlog.RaftLog (SegmentedRaftLog.java:appendImpl(446)) - truncateIndex=-1, arrayIndex=0
2022-11-11 07:38:07,125 [grpc-default-executor-6] WARN  server.GrpcServerProtocolService (LogUtils.java:warn(124)) - s1: Failed APPEND_ENTRIES request s2->s1#56-t2,previous=(t:1, i:138),leaderCommit=168,initializing? true,entries: size=31, first=(t:2, i:139), CONFIGURATIONENTRY(current:id: "s0"
address: "localhost:38889"
dataStreamAddress: "localhost:44045"
clientAddress: "localhost:36221"
adminAddress: "localhost:33369"
startupRole: FOLLOWER
,id: "s1"
address: "localhost:33469"
dataStreamAddress: "localhost:41079"
clientAddress: "localhost:38107"
adminAddress: "localhost:35601"
startupRole: FOLLOWER
,id: "s2"
address: "localhost:39335"
dataStreamAddress: "localhost:40831"
clientAddress: "localhost:32863"
adminAddress: "localhost:35389"
startupRole: FOLLOWER
, old:)
java.util.concurrent.CompletionException: java.util.concurrent.RejectedExecutionException: Task java.util.concurrent.CompletableFuture$AsyncSupply@65e7e275 rejected from java.util.concurrent.ThreadPoolExecutor@7cbe9dc4[Terminated, pool size = 0, active threads = 0, queued tasks = 0, completed tasks = 0]
	at java.base/java.util.concurrent.CompletableFuture.encodeThrowable(CompletableFuture.java:314)
	at java.base/java.util.concurrent.CompletableFuture.uniComposeStage(CompletableFuture.java:1113)
	at java.base/java.util.concurrent.CompletableFuture.thenCompose(CompletableFuture.java:2235)
	at org.apache.ratis.server.impl.RaftServerProxy.appendEntriesAsync(RaftServerProxy.java:634)
	at org.apache.ratis.grpc.server.GrpcServerProtocolService$1.process(GrpcServerProtocolService.java:219)
	at org.apache.ratis.grpc.server.GrpcServerProtocolService$1.process(GrpcServerProtocolService.java:216)
	at org.apache.ratis.grpc.server.GrpcServerProtocolService$ServerRequestStreamObserver.onNext(GrpcServerProtocolService.java:124)
	at org.apache.ratis.thirdparty.io.grpc.stub.ServerCalls$StreamingServerCallHandler$StreamingServerCallListener.onMessage(ServerCalls.java:262)
	at org.apache.ratis.thirdparty.io.grpc.ForwardingServerCallListener.onMessage(ForwardingServerCallListener.java:33)
	at org.apache.ratis.thirdparty.io.grpc.internal.ServerCallImpl$ServerStreamListenerImpl.messagesAvailableInternal(ServerCallImpl.java:332)
	at org.apache.ratis.thirdparty.io.grpc.internal.ServerCallImpl$ServerStreamListenerImpl.messagesAvailable(ServerCallImpl.java:315)
	at org.apache.ratis.thirdparty.io.grpc.internal.ServerImpl$JumpToApplicationThreadServerStreamListener$1MessagesAvailable.runInContext(ServerImpl.java:834)
	at org.apache.ratis.thirdparty.io.grpc.internal.ContextRunnable.run(ContextRunnable.java:37)
	at org.apache.ratis.thirdparty.io.grpc.internal.SerializingExecutor.run(SerializingExecutor.java:133)
	at java.base/java.util.concurrent.ThreadPoolExecutor.runWorker(ThreadPoolExecutor.java:1128)
	at java.base/java.util.concurrent.ThreadPoolExecutor$Worker.run(ThreadPoolExecutor.java:628)
	at java.base/java.lang.Thread.run(Thread.java:829)
Caused by: java.util.concurrent.RejectedExecutionException: Task java.util.concurrent.CompletableFuture$AsyncSupply@65e7e275 rejected from java.util.concurrent.ThreadPoolExecutor@7cbe9dc4[Terminated, pool size = 0, active threads = 0, queued tasks = 0, completed tasks = 0]
	at java.base/java.util.concurrent.ThreadPoolExecutor$AbortPolicy.rejectedExecution(ThreadPoolExecutor.java:2055)
	at java.base/java.util.concurrent.ThreadPoolExecutor.reject(ThreadPoolExecutor.java:825)
	at java.base/java.util.concurrent.ThreadPoolExecutor.execute(ThreadPoolExecutor.java:1355)
	at java.base/java.util.concurrent.CompletableFuture.asyncSupplyStage(CompletableFuture.java:1714)
	at java.base/java.util.concurrent.CompletableFuture.supplyAsync(CompletableFuture.java:1931)
	at org.apache.ratis.server.impl.RaftServerImpl.executeSubmitServerRequestAsync(RaftServerImpl.java:812)
	at org.apache.ratis.server.impl.RaftServerProxy.lambda$appendEntriesAsync$27(RaftServerProxy.java:634)
	at java.base/java.util.concurrent.CompletableFuture.uniComposeStage(CompletableFuture.java:1106)
	... 15 more
2022-11-11 07:38:07,126 [s2@group-DC0BCF2C7030-StateMachineUpdater] INFO  impl.SimpleStateMachine4Testing (SimpleStateMachine4Testing.java:put(205)) - s2: put 169, m82 -> (t:2, i:169), STATEMACHINELOGENTRY, 468@client-70D4234AB40A
2022-11-11 07:38:07,126 [s0-server-thread1] DEBUG raftlog.RaftLog (SegmentedRaftLog.java:appendImpl(446)) - truncateIndex=-1, arrayIndex=0
2022-11-11 07:38:07,133 [s0@group-DC0BCF2C7030-StateMachineUpdater] INFO  impl.SimpleStateMachine4Testing (SimpleStateMachine4Testing.java:put(205)) - s0: put 169, m82 -> (t:2, i:169), STATEMACHINELOGENTRY, 468@client-70D4234AB40A
2022-11-11 07:38:07,135 [s0-server-thread1] DEBUG raftlog.RaftLog (SegmentedRaftLog.java:appendImpl(446)) - truncateIndex=-1, arrayIndex=0
2022-11-11 07:38:07,136 [s2@group-DC0BCF2C7030-StateMachineUpdater] INFO  impl.SimpleStateMachine4Testing (SimpleStateMachine4Testing.java:put(205)) - s2: put 171, m83 -> (t:2, i:171), STATEMACHINELOGENTRY, 469@client-70D4234AB40A
2022-11-11 07:38:07,137 [s0-server-thread1] DEBUG raftlog.RaftLog (SegmentedRaftLog.java:appendImpl(446)) - truncateIndex=-1, arrayIndex=0
2022-11-11 07:38:07,138 [s0@group-DC0BCF2C7030-StateMachineUpdater] INFO  impl.SimpleStateMachine4Testing (SimpleStateMachine4Testing.java:put(205)) - s0: put 171, m83 -> (t:2, i:171), STATEMACHINELOGENTRY, 469@client-70D4234AB40A
2022-11-11 07:38:07,143 [grpc-default-executor-6] WARN  server.GrpcLogAppender (LogUtils.java:warn(124)) - s2@group-DC0BCF2C7030->s1-AppendLogResponseHandler: Failed appendEntries
java.io.IOException: java.util.concurrent.RejectedExecutionException: Task java.util.concurrent.CompletableFuture$AsyncSupply@65e7e275 rejected from java.util.concurrent.ThreadPoolExecutor@7cbe9dc4[Terminated, pool size = 0, active threads = 0, queued tasks = 0, completed tasks = 0]
	at org.apache.ratis.util.IOUtils.asIOException(IOUtils.java:56)
	at org.apache.ratis.grpc.GrpcUtil.tryUnwrapException(GrpcUtil.java:121)
	at org.apache.ratis.grpc.GrpcUtil.unwrapThrowable(GrpcUtil.java:82)
	at org.apache.ratis.grpc.GrpcUtil.warn(GrpcUtil.java:178)
	at org.apache.ratis.grpc.server.GrpcLogAppender$AppendLogResponseHandler.onError(GrpcLogAppender.java:405)
	at org.apache.ratis.thirdparty.io.grpc.stub.ClientCalls$StreamObserverToCallListenerAdapter.onClose(ClientCalls.java:487)
	at org.apache.ratis.thirdparty.io.grpc.internal.ClientCallImpl.closeObserver(ClientCallImpl.java:562)
	at org.apache.ratis.thirdparty.io.grpc.internal.ClientCallImpl.access$300(ClientCallImpl.java:70)
	at org.apache.ratis.thirdparty.io.grpc.internal.ClientCallImpl$ClientStreamListenerImpl$1StreamClosed.runInternal(ClientCallImpl.java:743)
	at org.apache.ratis.thirdparty.io.grpc.internal.ClientCallImpl$ClientStreamListenerImpl$1StreamClosed.runInContext(ClientCallImpl.java:722)
	at org.apache.ratis.thirdparty.io.grpc.internal.ContextRunnable.run(ContextRunnable.java:37)
	at org.apache.ratis.thirdparty.io.grpc.internal.SerializingExecutor.run(SerializingExecutor.java:133)
	at java.base/java.util.concurrent.ThreadPoolExecutor.runWorker(ThreadPoolExecutor.java:1128)
	at java.base/java.util.concurrent.ThreadPoolExecutor$Worker.run(ThreadPoolExecutor.java:628)
	at java.base/java.lang.Thread.run(Thread.java:829)
Caused by: java.util.concurrent.RejectedExecutionException: Task java.util.concurrent.CompletableFuture$AsyncSupply@65e7e275 rejected from java.util.concurrent.ThreadPoolExecutor@7cbe9dc4[Terminated, pool size = 0, active threads = 0, queued tasks = 0, completed tasks = 0]
	at java.base/jdk.internal.reflect.NativeConstructorAccessorImpl.newInstance0(Native Method)
	at java.base/jdk.internal.reflect.NativeConstructorAccessorImpl.newInstance(NativeConstructorAccessorImpl.java:62)
	at java.base/jdk.internal.reflect.DelegatingConstructorAccessorImpl.newInstance(DelegatingConstructorAccessorImpl.java:45)
	at java.base/java.lang.reflect.Constructor.newInstance(Constructor.java:490)
	at org.apache.ratis.util.ReflectionUtils.instantiateException(ReflectionUtils.java:259)
	at org.apache.ratis.grpc.GrpcUtil.tryUnwrapException(GrpcUtil.java:120)
	... 13 more
Caused by: org.apache.ratis.thirdparty.io.grpc.StatusRuntimeException: INTERNAL: Task java.util.concurrent.CompletableFuture$AsyncSupply@65e7e275 rejected from java.util.concurrent.ThreadPoolExecutor@7cbe9dc4[Terminated, pool size = 0, active threads = 0, queued tasks = 0, completed tasks = 0]
	at org.apache.ratis.thirdparty.io.grpc.Status.asRuntimeException(Status.java:535)
	... 10 more
	Suppressed: java.lang.IllegalStateException: Failed to cast to class java.io.IOException, object=java.util.concurrent.RejectedExecutionException: Task java.util.concurrent.CompletableFuture$AsyncSupply@65e7e275 rejected from java.util.concurrent.ThreadPoolExecutor@7cbe9dc4[Terminated, pool size = 0, active threads = 0, queued tasks = 0, completed tasks = 0]
	at java.base/java.util.concurrent.ThreadPoolExecutor$AbortPolicy.rejectedExecution(ThreadPoolExecutor.java:2055)
	at java.base/java.util.concurrent.ThreadPoolExecutor.reject(ThreadPoolExecutor.java:825)
	at java.base/java.util.concurrent.ThreadPoolExecutor.execute(ThreadPoolExecutor.java:1355)
	at java.base/java.util.concurrent.CompletableFuture.asyncSupplyStage(CompletableFuture.java:1714)
	at java.base/java.util.concurrent.CompletableFuture.supplyAsync(CompletableFuture.java:1931)
	at org.apache.ratis.server.impl.RaftServerImpl.executeSubmitServerRequestAsync(RaftServerImpl.java:812)
	at org.apache.ratis.server.impl.RaftServerProxy.lambda$appendEntriesAsync$27(RaftServerProxy.java:634)
	at java.base/java.util.concurrent.CompletableFuture.uniComposeStage(CompletableFuture.java:1106)
	at java.base/java.util.concurrent.CompletableFuture.thenCompose(CompletableFuture.java:2235)
	at org.apache.ratis.server.impl.RaftServerProxy.appendEntriesAsync(RaftServerProxy.java:634)
	at org.apache.ratis.grpc.server.GrpcServerProtocolService$1.process(GrpcServerProtocolService.java:219)
	at org.apache.ratis.grpc.server.GrpcServerProtocolService$1.process(GrpcServerProtocolService.java:216)
	at org.apache.ratis.grpc.server.GrpcServerProtocolService$ServerRequestStreamObserver.onNext(GrpcServerProtocolService.java:124)
	at org.apache.ratis.thirdparty.io.grpc.stub.ServerCalls$StreamingServerCallHandler$StreamingServerCallListener.onMessage(ServerCalls.java:262)
	at org.apache.ratis.thirdparty.io.grpc.ForwardingServerCallListener.onMessage(ForwardingServerCallListener.java:33)
	at org.apache.ratis.thirdparty.io.grpc.internal.ServerCallImpl$ServerStreamListenerImpl.messagesAvailableInternal(ServerCallImpl.java:332)
	at org.apache.ratis.thirdparty.io.grpc.internal.ServerCallImpl$ServerStreamListenerImpl.messagesAvailable(ServerCallImpl.java:315)
	at org.apache.ratis.thirdparty.io.grpc.internal.ServerImpl$JumpToApplicationThreadServerStreamListener$1MessagesAvailable.runInContext(ServerImpl.java:834)
	at org.apache.ratis.thirdparty.io.grpc.internal.ContextRunnable.run(ContextRunnable.java:37)
	at org.apache.ratis.thirdparty.io.grpc.internal.SerializingExecutor.run(SerializingExecutor.java:133)
	at java.base/java.util.concurrent.ThreadPoolExecutor.runWorker(ThreadPoolExecutor.java:1128)
	at java.base/java.util.concurrent.ThreadPoolExecutor$Worker.run(ThreadPoolExecutor.java:628)
	at java.base/java.lang.Thread.run(Thread.java:829)

		at org.apache.ratis.util.IOUtils.readObject(IOUtils.java:237)
		at org.apache.ratis.util.IOUtils.bytes2Object(IOUtils.java:214)
		at org.apache.ratis.grpc.GrpcUtil.tryUnwrapException(GrpcUtil.java:109)
		at org.apache.ratis.grpc.GrpcUtil.unwrapThrowable(GrpcUtil.java:82)
		at org.apache.ratis.grpc.GrpcUtil.warn(GrpcUtil.java:178)
		at org.apache.ratis.grpc.server.GrpcLogAppender$AppendLogResponseHandler.onError(GrpcLogAppender.java:405)
		... 10 more
	Caused by: java.lang.ClassCastException: Cannot cast java.util.concurrent.RejectedExecutionException to java.io.IOException
		at java.base/java.lang.Class.cast(Class.java:3605)
		at org.apache.ratis.util.IOUtils.readObject(IOUtils.java:234)
		... 15 more
2022-11-11 07:38:07,144 [grpc-default-executor-6] INFO  leader.FollowerInfo (FollowerInfoImpl.java:lambda$new$0(48)) - s2@group-DC0BCF2C7030->s1: nextIndex: updateUnconditionally 170 -> 139
2022-11-11 07:38:07,147 [s0-server-thread1] DEBUG raftlog.RaftLog (SegmentedRaftLog.java:appendImpl(446)) - truncateIndex=-1, arrayIndex=0
2022-11-11 07:38:07,148 [grpc-default-executor-4] WARN  server.GrpcServerProtocolService (LogUtils.java:warn(124)) - s1: Failed APPEND_ENTRIES request s2->s1#65-t2,previous=(t:1, i:138),leaderCommit=172,initializing? true,entries: size=35, first=(t:2, i:139), CONFIGURATIONENTRY(current:id: "s0"
address: "localhost:38889"
dataStreamAddress: "localhost:44045"
clientAddress: "localhost:36221"
adminAddress: "localhost:33369"
startupRole: FOLLOWER
,id: "s1"
address: "localhost:33469"
dataStreamAddress: "localhost:41079"
clientAddress: "localhost:38107"
adminAddress: "localhost:35601"
startupRole: FOLLOWER
,id: "s2"
address: "localhost:39335"
dataStreamAddress: "localhost:40831"
clientAddress: "localhost:32863"
adminAddress: "localhost:35389"
startupRole: FOLLOWER
, old:)
java.util.concurrent.CompletionException: java.util.concurrent.RejectedExecutionException: Task java.util.concurrent.CompletableFuture$AsyncSupply@7843d961 rejected from java.util.concurrent.ThreadPoolExecutor@7cbe9dc4[Terminated, pool size = 0, active threads = 0, queued tasks = 0, completed tasks = 0]
	at java.base/java.util.concurrent.CompletableFuture.encodeThrowable(CompletableFuture.java:314)
	at java.base/java.util.concurrent.CompletableFuture.uniComposeStage(CompletableFuture.java:1113)
	at java.base/java.util.concurrent.CompletableFuture.thenCompose(CompletableFuture.java:2235)
	at org.apache.ratis.server.impl.RaftServerProxy.appendEntriesAsync(RaftServerProxy.java:634)
	at org.apache.ratis.grpc.server.GrpcServerProtocolService$1.process(GrpcServerProtocolService.java:219)
	at org.apache.ratis.grpc.server.GrpcServerProtocolService$1.process(GrpcServerProtocolService.java:216)
	at org.apache.ratis.grpc.server.GrpcServerProtocolService$ServerRequestStreamObserver.onNext(GrpcServerProtocolService.java:124)
	at org.apache.ratis.thirdparty.io.grpc.stub.ServerCalls$StreamingServerCallHandler$StreamingServerCallListener.onMessage(ServerCalls.java:262)
	at org.apache.ratis.thirdparty.io.grpc.ForwardingServerCallListener.onMessage(ForwardingServerCallListener.java:33)
	at org.apache.ratis.thirdparty.io.grpc.internal.ServerCallImpl$ServerStreamListenerImpl.messagesAvailableInternal(ServerCallImpl.java:332)
	at org.apache.ratis.thirdparty.io.grpc.internal.ServerCallImpl$ServerStreamListenerImpl.messagesAvailable(ServerCallImpl.java:315)
	at org.apache.ratis.thirdparty.io.grpc.internal.ServerImpl$JumpToApplicationThreadServerStreamListener$1MessagesAvailable.runInContext(ServerImpl.java:834)
	at org.apache.ratis.thirdparty.io.grpc.internal.ContextRunnable.run(ContextRunnable.java:37)
	at org.apache.ratis.thirdparty.io.grpc.internal.SerializingExecutor.run(SerializingExecutor.java:133)
	at java.base/java.util.concurrent.ThreadPoolExecutor.runWorker(ThreadPoolExecutor.java:1128)
	at java.base/java.util.concurrent.ThreadPoolExecutor$Worker.run(ThreadPoolExecutor.java:628)
	at java.base/java.lang.Thread.run(Thread.java:829)
Caused by: java.util.concurrent.RejectedExecutionException: Task java.util.concurrent.CompletableFuture$AsyncSupply@7843d961 rejected from java.util.concurrent.ThreadPoolExecutor@7cbe9dc4[Terminated, pool size = 0, active threads = 0, queued tasks = 0, completed tasks = 0]
	at java.base/java.util.concurrent.ThreadPoolExecutor$AbortPolicy.rejectedExecution(ThreadPoolExecutor.java:2055)
	at java.base/java.util.concurrent.ThreadPoolExecutor.reject(ThreadPoolExecutor.java:825)
	at java.base/java.util.concurrent.ThreadPoolExecutor.execute(ThreadPoolExecutor.java:1355)
	at java.base/java.util.concurrent.CompletableFuture.asyncSupplyStage(CompletableFuture.java:1714)
	at java.base/java.util.concurrent.CompletableFuture.supplyAsync(CompletableFuture.java:1931)
	at org.apache.ratis.server.impl.RaftServerImpl.executeSubmitServerRequestAsync(RaftServerImpl.java:812)
	at org.apache.ratis.server.impl.RaftServerProxy.lambda$appendEntriesAsync$27(RaftServerProxy.java:634)
	at java.base/java.util.concurrent.CompletableFuture.uniComposeStage(CompletableFuture.java:1106)
	... 15 more
2022-11-11 07:38:07,149 [s2@group-DC0BCF2C7030-StateMachineUpdater] INFO  impl.SimpleStateMachine4Testing (SimpleStateMachine4Testing.java:put(205)) - s2: put 173, m84 -> (t:2, i:173), STATEMACHINELOGENTRY, 470@client-70D4234AB40A
2022-11-11 07:38:07,150 [s0-server-thread1] DEBUG raftlog.RaftLog (SegmentedRaftLog.java:appendImpl(446)) - truncateIndex=-1, arrayIndex=0
2022-11-11 07:38:07,151 [s0@group-DC0BCF2C7030-StateMachineUpdater] INFO  impl.SimpleStateMachine4Testing (SimpleStateMachine4Testing.java:put(205)) - s0: put 173, m84 -> (t:2, i:173), STATEMACHINELOGENTRY, 470@client-70D4234AB40A
2022-11-11 07:38:07,153 [grpc-default-executor-6] WARN  server.GrpcLogAppender (LogUtils.java:warn(124)) - s2@group-DC0BCF2C7030->s1-AppendLogResponseHandler: Failed appendEntries
java.io.IOException: java.util.concurrent.RejectedExecutionException: Task java.util.concurrent.CompletableFuture$AsyncSupply@7843d961 rejected from java.util.concurrent.ThreadPoolExecutor@7cbe9dc4[Terminated, pool size = 0, active threads = 0, queued tasks = 0, completed tasks = 0]
	at org.apache.ratis.util.IOUtils.asIOException(IOUtils.java:56)
	at org.apache.ratis.grpc.GrpcUtil.tryUnwrapException(GrpcUtil.java:121)
	at org.apache.ratis.grpc.GrpcUtil.unwrapThrowable(GrpcUtil.java:82)
	at org.apache.ratis.grpc.GrpcUtil.warn(GrpcUtil.java:178)
	at org.apache.ratis.grpc.server.GrpcLogAppender$AppendLogResponseHandler.onError(GrpcLogAppender.java:405)
	at org.apache.ratis.thirdparty.io.grpc.stub.ClientCalls$StreamObserverToCallListenerAdapter.onClose(ClientCalls.java:487)
	at org.apache.ratis.thirdparty.io.grpc.internal.ClientCallImpl.closeObserver(ClientCallImpl.java:562)
	at org.apache.ratis.thirdparty.io.grpc.internal.ClientCallImpl.access$300(ClientCallImpl.java:70)
	at org.apache.ratis.thirdparty.io.grpc.internal.ClientCallImpl$ClientStreamListenerImpl$1StreamClosed.runInternal(ClientCallImpl.java:743)
	at org.apache.ratis.thirdparty.io.grpc.internal.ClientCallImpl$ClientStreamListenerImpl$1StreamClosed.runInContext(ClientCallImpl.java:722)
	at org.apache.ratis.thirdparty.io.grpc.internal.ContextRunnable.run(ContextRunnable.java:37)
	at org.apache.ratis.thirdparty.io.grpc.internal.SerializingExecutor.run(SerializingExecutor.java:133)
	at java.base/java.util.concurrent.ThreadPoolExecutor.runWorker(ThreadPoolExecutor.java:1128)
	at java.base/java.util.concurrent.ThreadPoolExecutor$Worker.run(ThreadPoolExecutor.java:628)
	at java.base/java.lang.Thread.run(Thread.java:829)
Caused by: java.util.concurrent.RejectedExecutionException: Task java.util.concurrent.CompletableFuture$AsyncSupply@7843d961 rejected from java.util.concurrent.ThreadPoolExecutor@7cbe9dc4[Terminated, pool size = 0, active threads = 0, queued tasks = 0, completed tasks = 0]
	at java.base/jdk.internal.reflect.NativeConstructorAccessorImpl.newInstance0(Native Method)
	at java.base/jdk.internal.reflect.NativeConstructorAccessorImpl.newInstance(NativeConstructorAccessorImpl.java:62)
	at java.base/jdk.internal.reflect.DelegatingConstructorAccessorImpl.newInstance(DelegatingConstructorAccessorImpl.java:45)
	at java.base/java.lang.reflect.Constructor.newInstance(Constructor.java:490)
	at org.apache.ratis.util.ReflectionUtils.instantiateException(ReflectionUtils.java:259)
	at org.apache.ratis.grpc.GrpcUtil.tryUnwrapException(GrpcUtil.java:120)
	... 13 more
Caused by: org.apache.ratis.thirdparty.io.grpc.StatusRuntimeException: INTERNAL: Task java.util.concurrent.CompletableFuture$AsyncSupply@7843d961 rejected from java.util.concurrent.ThreadPoolExecutor@7cbe9dc4[Terminated, pool size = 0, active threads = 0, queued tasks = 0, completed tasks = 0]
	at org.apache.ratis.thirdparty.io.grpc.Status.asRuntimeException(Status.java:535)
	... 10 more
	Suppressed: java.lang.IllegalStateException: Failed to cast to class java.io.IOException, object=java.util.concurrent.RejectedExecutionException: Task java.util.concurrent.CompletableFuture$AsyncSupply@7843d961 rejected from java.util.concurrent.ThreadPoolExecutor@7cbe9dc4[Terminated, pool size = 0, active threads = 0, queued tasks = 0, completed tasks = 0]
	at java.base/java.util.concurrent.ThreadPoolExecutor$AbortPolicy.rejectedExecution(ThreadPoolExecutor.java:2055)
	at java.base/java.util.concurrent.ThreadPoolExecutor.reject(ThreadPoolExecutor.java:825)
	at java.base/java.util.concurrent.ThreadPoolExecutor.execute(ThreadPoolExecutor.java:1355)
	at java.base/java.util.concurrent.CompletableFuture.asyncSupplyStage(CompletableFuture.java:1714)
	at java.base/java.util.concurrent.CompletableFuture.supplyAsync(CompletableFuture.java:1931)
	at org.apache.ratis.server.impl.RaftServerImpl.executeSubmitServerRequestAsync(RaftServerImpl.java:812)
	at org.apache.ratis.server.impl.RaftServerProxy.lambda$appendEntriesAsync$27(RaftServerProxy.java:634)
	at java.base/java.util.concurrent.CompletableFuture.uniComposeStage(CompletableFuture.java:1106)
	at java.base/java.util.concurrent.CompletableFuture.thenCompose(CompletableFuture.java:2235)
	at org.apache.ratis.server.impl.RaftServerProxy.appendEntriesAsync(RaftServerProxy.java:634)
	at org.apache.ratis.grpc.server.GrpcServerProtocolService$1.process(GrpcServerProtocolService.java:219)
	at org.apache.ratis.grpc.server.GrpcServerProtocolService$1.process(GrpcServerProtocolService.java:216)
	at org.apache.ratis.grpc.server.GrpcServerProtocolService$ServerRequestStreamObserver.onNext(GrpcServerProtocolService.java:124)
	at org.apache.ratis.thirdparty.io.grpc.stub.ServerCalls$StreamingServerCallHandler$StreamingServerCallListener.onMessage(ServerCalls.java:262)
	at org.apache.ratis.thirdparty.io.grpc.ForwardingServerCallListener.onMessage(ForwardingServerCallListener.java:33)
	at org.apache.ratis.thirdparty.io.grpc.internal.ServerCallImpl$ServerStreamListenerImpl.messagesAvailableInternal(ServerCallImpl.java:332)
	at org.apache.ratis.thirdparty.io.grpc.internal.ServerCallImpl$ServerStreamListenerImpl.messagesAvailable(ServerCallImpl.java:315)
	at org.apache.ratis.thirdparty.io.grpc.internal.ServerImpl$JumpToApplicationThreadServerStreamListener$1MessagesAvailable.runInContext(ServerImpl.java:834)
	at org.apache.ratis.thirdparty.io.grpc.internal.ContextRunnable.run(ContextRunnable.java:37)
	at org.apache.ratis.thirdparty.io.grpc.internal.SerializingExecutor.run(SerializingExecutor.java:133)
	at java.base/java.util.concurrent.ThreadPoolExecutor.runWorker(ThreadPoolExecutor.java:1128)
	at java.base/java.util.concurrent.ThreadPoolExecutor$Worker.run(ThreadPoolExecutor.java:628)
	at java.base/java.lang.Thread.run(Thread.java:829)

		at org.apache.ratis.util.IOUtils.readObject(IOUtils.java:237)
		at org.apache.ratis.util.IOUtils.bytes2Object(IOUtils.java:214)
		at org.apache.ratis.grpc.GrpcUtil.tryUnwrapException(GrpcUtil.java:109)
		at org.apache.ratis.grpc.GrpcUtil.unwrapThrowable(GrpcUtil.java:82)
		at org.apache.ratis.grpc.GrpcUtil.warn(GrpcUtil.java:178)
		at org.apache.ratis.grpc.server.GrpcLogAppender$AppendLogResponseHandler.onError(GrpcLogAppender.java:405)
		... 10 more
	Caused by: java.lang.ClassCastException: Cannot cast java.util.concurrent.RejectedExecutionException to java.io.IOException
		at java.base/java.lang.Class.cast(Class.java:3605)
		at org.apache.ratis.util.IOUtils.readObject(IOUtils.java:234)
		... 15 more
2022-11-11 07:38:07,154 [grpc-default-executor-6] INFO  leader.FollowerInfo (FollowerInfoImpl.java:lambda$new$0(48)) - s2@group-DC0BCF2C7030->s1: nextIndex: updateUnconditionally 174 -> 139
2022-11-11 07:38:07,162 [s0-server-thread1] DEBUG raftlog.RaftLog (SegmentedRaftLog.java:appendImpl(446)) - truncateIndex=-1, arrayIndex=0
2022-11-11 07:38:07,163 [grpc-default-executor-4] WARN  server.GrpcServerProtocolService (LogUtils.java:warn(124)) - s1: Failed APPEND_ENTRIES request s2->s1#68-t2,previous=(t:1, i:138),leaderCommit=174,initializing? true,entries: size=37, first=(t:2, i:139), CONFIGURATIONENTRY(current:id: "s0"
address: "localhost:38889"
dataStreamAddress: "localhost:44045"
clientAddress: "localhost:36221"
adminAddress: "localhost:33369"
startupRole: FOLLOWER
,id: "s1"
address: "localhost:33469"
dataStreamAddress: "localhost:41079"
clientAddress: "localhost:38107"
adminAddress: "localhost:35601"
startupRole: FOLLOWER
,id: "s2"
address: "localhost:39335"
dataStreamAddress: "localhost:40831"
clientAddress: "localhost:32863"
adminAddress: "localhost:35389"
startupRole: FOLLOWER
, old:)
java.util.concurrent.CompletionException: java.util.concurrent.RejectedExecutionException: Task java.util.concurrent.CompletableFuture$AsyncSupply@536254c9 rejected from java.util.concurrent.ThreadPoolExecutor@7cbe9dc4[Terminated, pool size = 0, active threads = 0, queued tasks = 0, completed tasks = 0]
	at java.base/java.util.concurrent.CompletableFuture.encodeThrowable(CompletableFuture.java:314)
	at java.base/java.util.concurrent.CompletableFuture.uniComposeStage(CompletableFuture.java:1113)
	at java.base/java.util.concurrent.CompletableFuture.thenCompose(CompletableFuture.java:2235)
	at org.apache.ratis.server.impl.RaftServerProxy.appendEntriesAsync(RaftServerProxy.java:634)
	at org.apache.ratis.grpc.server.GrpcServerProtocolService$1.process(GrpcServerProtocolService.java:219)
	at org.apache.ratis.grpc.server.GrpcServerProtocolService$1.process(GrpcServerProtocolService.java:216)
	at org.apache.ratis.grpc.server.GrpcServerProtocolService$ServerRequestStreamObserver.onNext(GrpcServerProtocolService.java:124)
	at org.apache.ratis.thirdparty.io.grpc.stub.ServerCalls$StreamingServerCallHandler$StreamingServerCallListener.onMessage(ServerCalls.java:262)
	at org.apache.ratis.thirdparty.io.grpc.ForwardingServerCallListener.onMessage(ForwardingServerCallListener.java:33)
	at org.apache.ratis.thirdparty.io.grpc.internal.ServerCallImpl$ServerStreamListenerImpl.messagesAvailableInternal(ServerCallImpl.java:332)
	at org.apache.ratis.thirdparty.io.grpc.internal.ServerCallImpl$ServerStreamListenerImpl.messagesAvailable(ServerCallImpl.java:315)
	at org.apache.ratis.thirdparty.io.grpc.internal.ServerImpl$JumpToApplicationThreadServerStreamListener$1MessagesAvailable.runInContext(ServerImpl.java:834)
	at org.apache.ratis.thirdparty.io.grpc.internal.ContextRunnable.run(ContextRunnable.java:37)
	at org.apache.ratis.thirdparty.io.grpc.internal.SerializingExecutor.run(SerializingExecutor.java:133)
	at java.base/java.util.concurrent.ThreadPoolExecutor.runWorker(ThreadPoolExecutor.java:1128)
	at java.base/java.util.concurrent.ThreadPoolExecutor$Worker.run(ThreadPoolExecutor.java:628)
	at java.base/java.lang.Thread.run(Thread.java:829)
Caused by: java.util.concurrent.RejectedExecutionException: Task java.util.concurrent.CompletableFuture$AsyncSupply@536254c9 rejected from java.util.concurrent.ThreadPoolExecutor@7cbe9dc4[Terminated, pool size = 0, active threads = 0, queued tasks = 0, completed tasks = 0]
	at java.base/java.util.concurrent.ThreadPoolExecutor$AbortPolicy.rejectedExecution(ThreadPoolExecutor.java:2055)
	at java.base/java.util.concurrent.ThreadPoolExecutor.reject(ThreadPoolExecutor.java:825)
	at java.base/java.util.concurrent.ThreadPoolExecutor.execute(ThreadPoolExecutor.java:1355)
	at java.base/java.util.concurrent.CompletableFuture.asyncSupplyStage(CompletableFuture.java:1714)
	at java.base/java.util.concurrent.CompletableFuture.supplyAsync(CompletableFuture.java:1931)
	at org.apache.ratis.server.impl.RaftServerImpl.executeSubmitServerRequestAsync(RaftServerImpl.java:812)
	at org.apache.ratis.server.impl.RaftServerProxy.lambda$appendEntriesAsync$27(RaftServerProxy.java:634)
	at java.base/java.util.concurrent.CompletableFuture.uniComposeStage(CompletableFuture.java:1106)
	... 15 more
2022-11-11 07:38:07,166 [grpc-default-executor-6] WARN  server.GrpcLogAppender (LogUtils.java:warn(124)) - s2@group-DC0BCF2C7030->s1-AppendLogResponseHandler: Failed appendEntries
java.io.IOException: java.util.concurrent.RejectedExecutionException: Task java.util.concurrent.CompletableFuture$AsyncSupply@536254c9 rejected from java.util.concurrent.ThreadPoolExecutor@7cbe9dc4[Terminated, pool size = 0, active threads = 0, queued tasks = 0, completed tasks = 0]
	at org.apache.ratis.util.IOUtils.asIOException(IOUtils.java:56)
	at org.apache.ratis.grpc.GrpcUtil.tryUnwrapException(GrpcUtil.java:121)
	at org.apache.ratis.grpc.GrpcUtil.unwrapThrowable(GrpcUtil.java:82)
	at org.apache.ratis.grpc.GrpcUtil.warn(GrpcUtil.java:178)
	at org.apache.ratis.grpc.server.GrpcLogAppender$AppendLogResponseHandler.onError(GrpcLogAppender.java:405)
	at org.apache.ratis.thirdparty.io.grpc.stub.ClientCalls$StreamObserverToCallListenerAdapter.onClose(ClientCalls.java:487)
	at org.apache.ratis.thirdparty.io.grpc.internal.ClientCallImpl.closeObserver(ClientCallImpl.java:562)
	at org.apache.ratis.thirdparty.io.grpc.internal.ClientCallImpl.access$300(ClientCallImpl.java:70)
	at org.apache.ratis.thirdparty.io.grpc.internal.ClientCallImpl$ClientStreamListenerImpl$1StreamClosed.runInternal(ClientCallImpl.java:743)
	at org.apache.ratis.thirdparty.io.grpc.internal.ClientCallImpl$ClientStreamListenerImpl$1StreamClosed.runInContext(ClientCallImpl.java:722)
	at org.apache.ratis.thirdparty.io.grpc.internal.ContextRunnable.run(ContextRunnable.java:37)
	at org.apache.ratis.thirdparty.io.grpc.internal.SerializingExecutor.run(SerializingExecutor.java:133)
	at java.base/java.util.concurrent.ThreadPoolExecutor.runWorker(ThreadPoolExecutor.java:1128)
	at java.base/java.util.concurrent.ThreadPoolExecutor$Worker.run(ThreadPoolExecutor.java:628)
	at java.base/java.lang.Thread.run(Thread.java:829)
Caused by: java.util.concurrent.RejectedExecutionException: Task java.util.concurrent.CompletableFuture$AsyncSupply@536254c9 rejected from java.util.concurrent.ThreadPoolExecutor@7cbe9dc4[Terminated, pool size = 0, active threads = 0, queued tasks = 0, completed tasks = 0]
	at java.base/jdk.internal.reflect.GeneratedConstructorAccessor11.newInstance(Unknown Source)
	at java.base/jdk.internal.reflect.DelegatingConstructorAccessorImpl.newInstance(DelegatingConstructorAccessorImpl.java:45)
	at java.base/java.lang.reflect.Constructor.newInstance(Constructor.java:490)
	at org.apache.ratis.util.ReflectionUtils.instantiateException(ReflectionUtils.java:259)
	at org.apache.ratis.grpc.GrpcUtil.tryUnwrapException(GrpcUtil.java:120)
	... 13 more
Caused by: org.apache.ratis.thirdparty.io.grpc.StatusRuntimeException: INTERNAL: Task java.util.concurrent.CompletableFuture$AsyncSupply@536254c9 rejected from java.util.concurrent.ThreadPoolExecutor@7cbe9dc4[Terminated, pool size = 0, active threads = 0, queued tasks = 0, completed tasks = 0]
	at org.apache.ratis.thirdparty.io.grpc.Status.asRuntimeException(Status.java:535)
	... 10 more
	Suppressed: java.lang.IllegalStateException: Failed to cast to class java.io.IOException, object=java.util.concurrent.RejectedExecutionException: Task java.util.concurrent.CompletableFuture$AsyncSupply@536254c9 rejected from java.util.concurrent.ThreadPoolExecutor@7cbe9dc4[Terminated, pool size = 0, active threads = 0, queued tasks = 0, completed tasks = 0]
	at java.base/java.util.concurrent.ThreadPoolExecutor$AbortPolicy.rejectedExecution(ThreadPoolExecutor.java:2055)
	at java.base/java.util.concurrent.ThreadPoolExecutor.reject(ThreadPoolExecutor.java:825)
	at java.base/java.util.concurrent.ThreadPoolExecutor.execute(ThreadPoolExecutor.java:1355)
	at java.base/java.util.concurrent.CompletableFuture.asyncSupplyStage(CompletableFuture.java:1714)
	at java.base/java.util.concurrent.CompletableFuture.supplyAsync(CompletableFuture.java:1931)
	at org.apache.ratis.server.impl.RaftServerImpl.executeSubmitServerRequestAsync(RaftServerImpl.java:812)
	at org.apache.ratis.server.impl.RaftServerProxy.lambda$appendEntriesAsync$27(RaftServerProxy.java:634)
	at java.base/java.util.concurrent.CompletableFuture.uniComposeStage(CompletableFuture.java:1106)
	at java.base/java.util.concurrent.CompletableFuture.thenCompose(CompletableFuture.java:2235)
	at org.apache.ratis.server.impl.RaftServerProxy.appendEntriesAsync(RaftServerProxy.java:634)
	at org.apache.ratis.grpc.server.GrpcServerProtocolService$1.process(GrpcServerProtocolService.java:219)
	at org.apache.ratis.grpc.server.GrpcServerProtocolService$1.process(GrpcServerProtocolService.java:216)
	at org.apache.ratis.grpc.server.GrpcServerProtocolService$ServerRequestStreamObserver.onNext(GrpcServerProtocolService.java:124)
	at org.apache.ratis.thirdparty.io.grpc.stub.ServerCalls$StreamingServerCallHandler$StreamingServerCallListener.onMessage(ServerCalls.java:262)
	at org.apache.ratis.thirdparty.io.grpc.ForwardingServerCallListener.onMessage(ForwardingServerCallListener.java:33)
	at org.apache.ratis.thirdparty.io.grpc.internal.ServerCallImpl$ServerStreamListenerImpl.messagesAvailableInternal(ServerCallImpl.java:332)
	at org.apache.ratis.thirdparty.io.grpc.internal.ServerCallImpl$ServerStreamListenerImpl.messagesAvailable(ServerCallImpl.java:315)
	at org.apache.ratis.thirdparty.io.grpc.internal.ServerImpl$JumpToApplicationThreadServerStreamListener$1MessagesAvailable.runInContext(ServerImpl.java:834)
	at org.apache.ratis.thirdparty.io.grpc.internal.ContextRunnable.run(ContextRunnable.java:37)
	at org.apache.ratis.thirdparty.io.grpc.internal.SerializingExecutor.run(SerializingExecutor.java:133)
	at java.base/java.util.concurrent.ThreadPoolExecutor.runWorker(ThreadPoolExecutor.java:1128)
	at java.base/java.util.concurrent.ThreadPoolExecutor$Worker.run(ThreadPoolExecutor.java:628)
	at java.base/java.lang.Thread.run(Thread.java:829)

		at org.apache.ratis.util.IOUtils.readObject(IOUtils.java:237)
		at org.apache.ratis.util.IOUtils.bytes2Object(IOUtils.java:214)
		at org.apache.ratis.grpc.GrpcUtil.tryUnwrapException(GrpcUtil.java:109)
		at org.apache.ratis.grpc.GrpcUtil.unwrapThrowable(GrpcUtil.java:82)
		at org.apache.ratis.grpc.GrpcUtil.warn(GrpcUtil.java:178)
		at org.apache.ratis.grpc.server.GrpcLogAppender$AppendLogResponseHandler.onError(GrpcLogAppender.java:405)
		... 10 more
	Caused by: java.lang.ClassCastException: Cannot cast java.util.concurrent.RejectedExecutionException to java.io.IOException
		at java.base/java.lang.Class.cast(Class.java:3605)
		at org.apache.ratis.util.IOUtils.readObject(IOUtils.java:234)
		... 15 more
2022-11-11 07:38:07,167 [grpc-default-executor-6] INFO  leader.FollowerInfo (FollowerInfoImpl.java:lambda$new$0(48)) - s2@group-DC0BCF2C7030->s1: nextIndex: updateUnconditionally 176 -> 139
2022-11-11 07:38:07,168 [s2@group-DC0BCF2C7030-StateMachineUpdater] INFO  impl.SimpleStateMachine4Testing (SimpleStateMachine4Testing.java:put(205)) - s2: put 175, m85 -> (t:2, i:175), STATEMACHINELOGENTRY, 471@client-70D4234AB40A
2022-11-11 07:38:07,168 [s0-server-thread1] DEBUG raftlog.RaftLog (SegmentedRaftLog.java:appendImpl(446)) - truncateIndex=-1, arrayIndex=0
2022-11-11 07:38:07,169 [s0@group-DC0BCF2C7030-StateMachineUpdater] INFO  impl.SimpleStateMachine4Testing (SimpleStateMachine4Testing.java:put(205)) - s0: put 175, m85 -> (t:2, i:175), STATEMACHINELOGENTRY, 471@client-70D4234AB40A
2022-11-11 07:38:07,170 [grpc-default-executor-2] WARN  server.GrpcServerProtocolService (LogUtils.java:warn(124)) - s1: Failed APPEND_ENTRIES request s2->s1#69-t2,previous=(t:1, i:138),leaderCommit=175,initializing? true,entries: size=38, first=(t:2, i:139), CONFIGURATIONENTRY(current:id: "s0"
address: "localhost:38889"
dataStreamAddress: "localhost:44045"
clientAddress: "localhost:36221"
adminAddress: "localhost:33369"
startupRole: FOLLOWER
,id: "s1"
address: "localhost:33469"
dataStreamAddress: "localhost:41079"
clientAddress: "localhost:38107"
adminAddress: "localhost:35601"
startupRole: FOLLOWER
,id: "s2"
address: "localhost:39335"
dataStreamAddress: "localhost:40831"
clientAddress: "localhost:32863"
adminAddress: "localhost:35389"
startupRole: FOLLOWER
, old:)
java.util.concurrent.CompletionException: java.util.concurrent.RejectedExecutionException: Task java.util.concurrent.CompletableFuture$AsyncSupply@5f7d36f4 rejected from java.util.concurrent.ThreadPoolExecutor@7cbe9dc4[Terminated, pool size = 0, active threads = 0, queued tasks = 0, completed tasks = 0]
	at java.base/java.util.concurrent.CompletableFuture.encodeThrowable(CompletableFuture.java:314)
	at java.base/java.util.concurrent.CompletableFuture.uniComposeStage(CompletableFuture.java:1113)
	at java.base/java.util.concurrent.CompletableFuture.thenCompose(CompletableFuture.java:2235)
	at org.apache.ratis.server.impl.RaftServerProxy.appendEntriesAsync(RaftServerProxy.java:634)
	at org.apache.ratis.grpc.server.GrpcServerProtocolService$1.process(GrpcServerProtocolService.java:219)
	at org.apache.ratis.grpc.server.GrpcServerProtocolService$1.process(GrpcServerProtocolService.java:216)
	at org.apache.ratis.grpc.server.GrpcServerProtocolService$ServerRequestStreamObserver.onNext(GrpcServerProtocolService.java:124)
	at org.apache.ratis.thirdparty.io.grpc.stub.ServerCalls$StreamingServerCallHandler$StreamingServerCallListener.onMessage(ServerCalls.java:262)
	at org.apache.ratis.thirdparty.io.grpc.ForwardingServerCallListener.onMessage(ForwardingServerCallListener.java:33)
	at org.apache.ratis.thirdparty.io.grpc.internal.ServerCallImpl$ServerStreamListenerImpl.messagesAvailableInternal(ServerCallImpl.java:332)
	at org.apache.ratis.thirdparty.io.grpc.internal.ServerCallImpl$ServerStreamListenerImpl.messagesAvailable(ServerCallImpl.java:315)
	at org.apache.ratis.thirdparty.io.grpc.internal.ServerImpl$JumpToApplicationThreadServerStreamListener$1MessagesAvailable.runInContext(ServerImpl.java:834)
	at org.apache.ratis.thirdparty.io.grpc.internal.ContextRunnable.run(ContextRunnable.java:37)
	at org.apache.ratis.thirdparty.io.grpc.internal.SerializingExecutor.run(SerializingExecutor.java:133)
	at java.base/java.util.concurrent.ThreadPoolExecutor.runWorker(ThreadPoolExecutor.java:1128)
	at java.base/java.util.concurrent.ThreadPoolExecutor$Worker.run(ThreadPoolExecutor.java:628)
	at java.base/java.lang.Thread.run(Thread.java:829)
Caused by: java.util.concurrent.RejectedExecutionException: Task java.util.concurrent.CompletableFuture$AsyncSupply@5f7d36f4 rejected from java.util.concurrent.ThreadPoolExecutor@7cbe9dc4[Terminated, pool size = 0, active threads = 0, queued tasks = 0, completed tasks = 0]
	at java.base/java.util.concurrent.ThreadPoolExecutor$AbortPolicy.rejectedExecution(ThreadPoolExecutor.java:2055)
	at java.base/java.util.concurrent.ThreadPoolExecutor.reject(ThreadPoolExecutor.java:825)
	at java.base/java.util.concurrent.ThreadPoolExecutor.execute(ThreadPoolExecutor.java:1355)
	at java.base/java.util.concurrent.CompletableFuture.asyncSupplyStage(CompletableFuture.java:1714)
	at java.base/java.util.concurrent.CompletableFuture.supplyAsync(CompletableFuture.java:1931)
	at org.apache.ratis.server.impl.RaftServerImpl.executeSubmitServerRequestAsync(RaftServerImpl.java:812)
	at org.apache.ratis.server.impl.RaftServerProxy.lambda$appendEntriesAsync$27(RaftServerProxy.java:634)
	at java.base/java.util.concurrent.CompletableFuture.uniComposeStage(CompletableFuture.java:1106)
	... 15 more
2022-11-11 07:38:07,173 [grpc-default-executor-6] WARN  server.GrpcLogAppender (LogUtils.java:warn(124)) - s2@group-DC0BCF2C7030->s1-AppendLogResponseHandler: Failed appendEntries
java.io.IOException: java.util.concurrent.RejectedExecutionException: Task java.util.concurrent.CompletableFuture$AsyncSupply@5f7d36f4 rejected from java.util.concurrent.ThreadPoolExecutor@7cbe9dc4[Terminated, pool size = 0, active threads = 0, queued tasks = 0, completed tasks = 0]
	at org.apache.ratis.util.IOUtils.asIOException(IOUtils.java:56)
	at org.apache.ratis.grpc.GrpcUtil.tryUnwrapException(GrpcUtil.java:121)
	at org.apache.ratis.grpc.GrpcUtil.unwrapThrowable(GrpcUtil.java:82)
	at org.apache.ratis.grpc.GrpcUtil.warn(GrpcUtil.java:178)
	at org.apache.ratis.grpc.server.GrpcLogAppender$AppendLogResponseHandler.onError(GrpcLogAppender.java:405)
	at org.apache.ratis.thirdparty.io.grpc.stub.ClientCalls$StreamObserverToCallListenerAdapter.onClose(ClientCalls.java:487)
	at org.apache.ratis.thirdparty.io.grpc.internal.ClientCallImpl.closeObserver(ClientCallImpl.java:562)
	at org.apache.ratis.thirdparty.io.grpc.internal.ClientCallImpl.access$300(ClientCallImpl.java:70)
	at org.apache.ratis.thirdparty.io.grpc.internal.ClientCallImpl$ClientStreamListenerImpl$1StreamClosed.runInternal(ClientCallImpl.java:743)
	at org.apache.ratis.thirdparty.io.grpc.internal.ClientCallImpl$ClientStreamListenerImpl$1StreamClosed.runInContext(ClientCallImpl.java:722)
	at org.apache.ratis.thirdparty.io.grpc.internal.ContextRunnable.run(ContextRunnable.java:37)
	at org.apache.ratis.thirdparty.io.grpc.internal.SerializingExecutor.run(SerializingExecutor.java:133)
	at java.base/java.util.concurrent.ThreadPoolExecutor.runWorker(ThreadPoolExecutor.java:1128)
	at java.base/java.util.concurrent.ThreadPoolExecutor$Worker.run(ThreadPoolExecutor.java:628)
	at java.base/java.lang.Thread.run(Thread.java:829)
Caused by: java.util.concurrent.RejectedExecutionException: Task java.util.concurrent.CompletableFuture$AsyncSupply@5f7d36f4 rejected from java.util.concurrent.ThreadPoolExecutor@7cbe9dc4[Terminated, pool size = 0, active threads = 0, queued tasks = 0, completed tasks = 0]
	at java.base/jdk.internal.reflect.GeneratedConstructorAccessor11.newInstance(Unknown Source)
	at java.base/jdk.internal.reflect.DelegatingConstructorAccessorImpl.newInstance(DelegatingConstructorAccessorImpl.java:45)
	at java.base/java.lang.reflect.Constructor.newInstance(Constructor.java:490)
	at org.apache.ratis.util.ReflectionUtils.instantiateException(ReflectionUtils.java:259)
	at org.apache.ratis.grpc.GrpcUtil.tryUnwrapException(GrpcUtil.java:120)
	... 13 more
Caused by: org.apache.ratis.thirdparty.io.grpc.StatusRuntimeException: INTERNAL: Task java.util.concurrent.CompletableFuture$AsyncSupply@5f7d36f4 rejected from java.util.concurrent.ThreadPoolExecutor@7cbe9dc4[Terminated, pool size = 0, active threads = 0, queued tasks = 0, completed tasks = 0]
	at org.apache.ratis.thirdparty.io.grpc.Status.asRuntimeException(Status.java:535)
	... 10 more
	Suppressed: java.lang.IllegalStateException: Failed to cast to class java.io.IOException, object=java.util.concurrent.RejectedExecutionException: Task java.util.concurrent.CompletableFuture$AsyncSupply@5f7d36f4 rejected from java.util.concurrent.ThreadPoolExecutor@7cbe9dc4[Terminated, pool size = 0, active threads = 0, queued tasks = 0, completed tasks = 0]
	at java.base/java.util.concurrent.ThreadPoolExecutor$AbortPolicy.rejectedExecution(ThreadPoolExecutor.java:2055)
	at java.base/java.util.concurrent.ThreadPoolExecutor.reject(ThreadPoolExecutor.java:825)
	at java.base/java.util.concurrent.ThreadPoolExecutor.execute(ThreadPoolExecutor.java:1355)
	at java.base/java.util.concurrent.CompletableFuture.asyncSupplyStage(CompletableFuture.java:1714)
	at java.base/java.util.concurrent.CompletableFuture.supplyAsync(CompletableFuture.java:1931)
	at org.apache.ratis.server.impl.RaftServerImpl.executeSubmitServerRequestAsync(RaftServerImpl.java:812)
	at org.apache.ratis.server.impl.RaftServerProxy.lambda$appendEntriesAsync$27(RaftServerProxy.java:634)
	at java.base/java.util.concurrent.CompletableFuture.uniComposeStage(CompletableFuture.java:1106)
	at java.base/java.util.concurrent.CompletableFuture.thenCompose(CompletableFuture.java:2235)
	at org.apache.ratis.server.impl.RaftServerProxy.appendEntriesAsync(RaftServerProxy.java:634)
	at org.apache.ratis.grpc.server.GrpcServerProtocolService$1.process(GrpcServerProtocolService.java:219)
	at org.apache.ratis.grpc.server.GrpcServerProtocolService$1.process(GrpcServerProtocolService.java:216)
	at org.apache.ratis.grpc.server.GrpcServerProtocolService$ServerRequestStreamObserver.onNext(GrpcServerProtocolService.java:124)
	at org.apache.ratis.thirdparty.io.grpc.stub.ServerCalls$StreamingServerCallHandler$StreamingServerCallListener.onMessage(ServerCalls.java:262)
	at org.apache.ratis.thirdparty.io.grpc.ForwardingServerCallListener.onMessage(ForwardingServerCallListener.java:33)
	at org.apache.ratis.thirdparty.io.grpc.internal.ServerCallImpl$ServerStreamListenerImpl.messagesAvailableInternal(ServerCallImpl.java:332)
	at org.apache.ratis.thirdparty.io.grpc.internal.ServerCallImpl$ServerStreamListenerImpl.messagesAvailable(ServerCallImpl.java:315)
	at org.apache.ratis.thirdparty.io.grpc.internal.ServerImpl$JumpToApplicationThreadServerStreamListener$1MessagesAvailable.runInContext(ServerImpl.java:834)
	at org.apache.ratis.thirdparty.io.grpc.internal.ContextRunnable.run(ContextRunnable.java:37)
	at org.apache.ratis.thirdparty.io.grpc.internal.SerializingExecutor.run(SerializingExecutor.java:133)
	at java.base/java.util.concurrent.ThreadPoolExecutor.runWorker(ThreadPoolExecutor.java:1128)
	at java.base/java.util.concurrent.ThreadPoolExecutor$Worker.run(ThreadPoolExecutor.java:628)
	at java.base/java.lang.Thread.run(Thread.java:829)

		at org.apache.ratis.util.IOUtils.readObject(IOUtils.java:237)
		at org.apache.ratis.util.IOUtils.bytes2Object(IOUtils.java:214)
		at org.apache.ratis.grpc.GrpcUtil.tryUnwrapException(GrpcUtil.java:109)
		at org.apache.ratis.grpc.GrpcUtil.unwrapThrowable(GrpcUtil.java:82)
		at org.apache.ratis.grpc.GrpcUtil.warn(GrpcUtil.java:178)
		at org.apache.ratis.grpc.server.GrpcLogAppender$AppendLogResponseHandler.onError(GrpcLogAppender.java:405)
		... 10 more
	Caused by: java.lang.ClassCastException: Cannot cast java.util.concurrent.RejectedExecutionException to java.io.IOException
		at java.base/java.lang.Class.cast(Class.java:3605)
		at org.apache.ratis.util.IOUtils.readObject(IOUtils.java:234)
		... 15 more
2022-11-11 07:38:07,173 [grpc-default-executor-6] INFO  leader.FollowerInfo (FollowerInfoImpl.java:lambda$new$0(48)) - s2@group-DC0BCF2C7030->s1: nextIndex: updateUnconditionally 177 -> 139
2022-11-11 07:38:07,174 [s0-server-thread1] DEBUG raftlog.RaftLog (SegmentedRaftLog.java:appendImpl(446)) - truncateIndex=-1, arrayIndex=0
2022-11-11 07:38:07,174 [grpc-default-executor-4] WARN  server.GrpcServerProtocolService (LogUtils.java:warn(124)) - s1: Failed APPEND_ENTRIES request s2->s1#72-t2,previous=(t:1, i:138),leaderCommit=176,initializing? true,entries: size=39, first=(t:2, i:139), CONFIGURATIONENTRY(current:id: "s0"
address: "localhost:38889"
dataStreamAddress: "localhost:44045"
clientAddress: "localhost:36221"
adminAddress: "localhost:33369"
startupRole: FOLLOWER
,id: "s1"
address: "localhost:33469"
dataStreamAddress: "localhost:41079"
clientAddress: "localhost:38107"
adminAddress: "localhost:35601"
startupRole: FOLLOWER
,id: "s2"
address: "localhost:39335"
dataStreamAddress: "localhost:40831"
clientAddress: "localhost:32863"
adminAddress: "localhost:35389"
startupRole: FOLLOWER
, old:)
java.util.concurrent.CompletionException: java.util.concurrent.RejectedExecutionException: Task java.util.concurrent.CompletableFuture$AsyncSupply@663d6a2a rejected from java.util.concurrent.ThreadPoolExecutor@7cbe9dc4[Terminated, pool size = 0, active threads = 0, queued tasks = 0, completed tasks = 0]
	at java.base/java.util.concurrent.CompletableFuture.encodeThrowable(CompletableFuture.java:314)
	at java.base/java.util.concurrent.CompletableFuture.uniComposeStage(CompletableFuture.java:1113)
	at java.base/java.util.concurrent.CompletableFuture.thenCompose(CompletableFuture.java:2235)
	at org.apache.ratis.server.impl.RaftServerProxy.appendEntriesAsync(RaftServerProxy.java:634)
	at org.apache.ratis.grpc.server.GrpcServerProtocolService$1.process(GrpcServerProtocolService.java:219)
	at org.apache.ratis.grpc.server.GrpcServerProtocolService$1.process(GrpcServerProtocolService.java:216)
	at org.apache.ratis.grpc.server.GrpcServerProtocolService$ServerRequestStreamObserver.onNext(GrpcServerProtocolService.java:124)
	at org.apache.ratis.thirdparty.io.grpc.stub.ServerCalls$StreamingServerCallHandler$StreamingServerCallListener.onMessage(ServerCalls.java:262)
	at org.apache.ratis.thirdparty.io.grpc.ForwardingServerCallListener.onMessage(ForwardingServerCallListener.java:33)
	at org.apache.ratis.thirdparty.io.grpc.internal.ServerCallImpl$ServerStreamListenerImpl.messagesAvailableInternal(ServerCallImpl.java:332)
	at org.apache.ratis.thirdparty.io.grpc.internal.ServerCallImpl$ServerStreamListenerImpl.messagesAvailable(ServerCallImpl.java:315)
	at org.apache.ratis.thirdparty.io.grpc.internal.ServerImpl$JumpToApplicationThreadServerStreamListener$1MessagesAvailable.runInContext(ServerImpl.java:834)
	at org.apache.ratis.thirdparty.io.grpc.internal.ContextRunnable.run(ContextRunnable.java:37)
	at org.apache.ratis.thirdparty.io.grpc.internal.SerializingExecutor.run(SerializingExecutor.java:133)
	at java.base/java.util.concurrent.ThreadPoolExecutor.runWorker(ThreadPoolExecutor.java:1128)
	at java.base/java.util.concurrent.ThreadPoolExecutor$Worker.run(ThreadPoolExecutor.java:628)
	at java.base/java.lang.Thread.run(Thread.java:829)
Caused by: java.util.concurrent.RejectedExecutionException: Task java.util.concurrent.CompletableFuture$AsyncSupply@663d6a2a rejected from java.util.concurrent.ThreadPoolExecutor@7cbe9dc4[Terminated, pool size = 0, active threads = 0, queued tasks = 0, completed tasks = 0]
	at java.base/java.util.concurrent.ThreadPoolExecutor$AbortPolicy.rejectedExecution(ThreadPoolExecutor.java:2055)
	at java.base/java.util.concurrent.ThreadPoolExecutor.reject(ThreadPoolExecutor.java:825)
	at java.base/java.util.concurrent.ThreadPoolExecutor.execute(ThreadPoolExecutor.java:1355)
	at java.base/java.util.concurrent.CompletableFuture.asyncSupplyStage(CompletableFuture.java:1714)
	at java.base/java.util.concurrent.CompletableFuture.supplyAsync(CompletableFuture.java:1931)
	at org.apache.ratis.server.impl.RaftServerImpl.executeSubmitServerRequestAsync(RaftServerImpl.java:812)
	at org.apache.ratis.server.impl.RaftServerProxy.lambda$appendEntriesAsync$27(RaftServerProxy.java:634)
	at java.base/java.util.concurrent.CompletableFuture.uniComposeStage(CompletableFuture.java:1106)
	... 15 more
2022-11-11 07:38:07,177 [grpc-default-executor-6] WARN  server.GrpcLogAppender (LogUtils.java:warn(124)) - s2@group-DC0BCF2C7030->s1-AppendLogResponseHandler: Failed appendEntries
java.io.IOException: java.util.concurrent.RejectedExecutionException: Task java.util.concurrent.CompletableFuture$AsyncSupply@663d6a2a rejected from java.util.concurrent.ThreadPoolExecutor@7cbe9dc4[Terminated, pool size = 0, active threads = 0, queued tasks = 0, completed tasks = 0]
	at org.apache.ratis.util.IOUtils.asIOException(IOUtils.java:56)
	at org.apache.ratis.grpc.GrpcUtil.tryUnwrapException(GrpcUtil.java:121)
	at org.apache.ratis.grpc.GrpcUtil.unwrapThrowable(GrpcUtil.java:82)
	at org.apache.ratis.grpc.GrpcUtil.warn(GrpcUtil.java:178)
	at org.apache.ratis.grpc.server.GrpcLogAppender$AppendLogResponseHandler.onError(GrpcLogAppender.java:405)
	at org.apache.ratis.thirdparty.io.grpc.stub.ClientCalls$StreamObserverToCallListenerAdapter.onClose(ClientCalls.java:487)
	at org.apache.ratis.thirdparty.io.grpc.internal.ClientCallImpl.closeObserver(ClientCallImpl.java:562)
	at org.apache.ratis.thirdparty.io.grpc.internal.ClientCallImpl.access$300(ClientCallImpl.java:70)
	at org.apache.ratis.thirdparty.io.grpc.internal.ClientCallImpl$ClientStreamListenerImpl$1StreamClosed.runInternal(ClientCallImpl.java:743)
	at org.apache.ratis.thirdparty.io.grpc.internal.ClientCallImpl$ClientStreamListenerImpl$1StreamClosed.runInContext(ClientCallImpl.java:722)
	at org.apache.ratis.thirdparty.io.grpc.internal.ContextRunnable.run(ContextRunnable.java:37)
	at org.apache.ratis.thirdparty.io.grpc.internal.SerializingExecutor.run(SerializingExecutor.java:133)
	at java.base/java.util.concurrent.ThreadPoolExecutor.runWorker(ThreadPoolExecutor.java:1128)
	at java.base/java.util.concurrent.ThreadPoolExecutor$Worker.run(ThreadPoolExecutor.java:628)
	at java.base/java.lang.Thread.run(Thread.java:829)
Caused by: java.util.concurrent.RejectedExecutionException: Task java.util.concurrent.CompletableFuture$AsyncSupply@663d6a2a rejected from java.util.concurrent.ThreadPoolExecutor@7cbe9dc4[Terminated, pool size = 0, active threads = 0, queued tasks = 0, completed tasks = 0]
	at java.base/jdk.internal.reflect.GeneratedConstructorAccessor11.newInstance(Unknown Source)
	at java.base/jdk.internal.reflect.DelegatingConstructorAccessorImpl.newInstance(DelegatingConstructorAccessorImpl.java:45)
	at java.base/java.lang.reflect.Constructor.newInstance(Constructor.java:490)
	at org.apache.ratis.util.ReflectionUtils.instantiateException(ReflectionUtils.java:259)
	at org.apache.ratis.grpc.GrpcUtil.tryUnwrapException(GrpcUtil.java:120)
	... 13 more
Caused by: org.apache.ratis.thirdparty.io.grpc.StatusRuntimeException: INTERNAL: Task java.util.concurrent.CompletableFuture$AsyncSupply@663d6a2a rejected from java.util.concurrent.ThreadPoolExecutor@7cbe9dc4[Terminated, pool size = 0, active threads = 0, queued tasks = 0, completed tasks = 0]
	at org.apache.ratis.thirdparty.io.grpc.Status.asRuntimeException(Status.java:535)
	... 10 more
	Suppressed: java.lang.IllegalStateException: Failed to cast to class java.io.IOException, object=java.util.concurrent.RejectedExecutionException: Task java.util.concurrent.CompletableFuture$AsyncSupply@663d6a2a rejected from java.util.concurrent.ThreadPoolExecutor@7cbe9dc4[Terminated, pool size = 0, active threads = 0, queued tasks = 0, completed tasks = 0]
	at java.base/java.util.concurrent.ThreadPoolExecutor$AbortPolicy.rejectedExecution(ThreadPoolExecutor.java:2055)
	at java.base/java.util.concurrent.ThreadPoolExecutor.reject(ThreadPoolExecutor.java:825)
	at java.base/java.util.concurrent.ThreadPoolExecutor.execute(ThreadPoolExecutor.java:1355)
	at java.base/java.util.concurrent.CompletableFuture.asyncSupplyStage(CompletableFuture.java:1714)
	at java.base/java.util.concurrent.CompletableFuture.supplyAsync(CompletableFuture.java:1931)
	at org.apache.ratis.server.impl.RaftServerImpl.executeSubmitServerRequestAsync(RaftServerImpl.java:812)
	at org.apache.ratis.server.impl.RaftServerProxy.lambda$appendEntriesAsync$27(RaftServerProxy.java:634)
	at java.base/java.util.concurrent.CompletableFuture.uniComposeStage(CompletableFuture.java:1106)
	at java.base/java.util.concurrent.CompletableFuture.thenCompose(CompletableFuture.java:2235)
	at org.apache.ratis.server.impl.RaftServerProxy.appendEntriesAsync(RaftServerProxy.java:634)
	at org.apache.ratis.grpc.server.GrpcServerProtocolService$1.process(GrpcServerProtocolService.java:219)
	at org.apache.ratis.grpc.server.GrpcServerProtocolService$1.process(GrpcServerProtocolService.java:216)
	at org.apache.ratis.grpc.server.GrpcServerProtocolService$ServerRequestStreamObserver.onNext(GrpcServerProtocolService.java:124)
	at org.apache.ratis.thirdparty.io.grpc.stub.ServerCalls$StreamingServerCallHandler$StreamingServerCallListener.onMessage(ServerCalls.java:262)
	at org.apache.ratis.thirdparty.io.grpc.ForwardingServerCallListener.onMessage(ForwardingServerCallListener.java:33)
	at org.apache.ratis.thirdparty.io.grpc.internal.ServerCallImpl$ServerStreamListenerImpl.messagesAvailableInternal(ServerCallImpl.java:332)
	at org.apache.ratis.thirdparty.io.grpc.internal.ServerCallImpl$ServerStreamListenerImpl.messagesAvailable(ServerCallImpl.java:315)
	at org.apache.ratis.thirdparty.io.grpc.internal.ServerImpl$JumpToApplicationThreadServerStreamListener$1MessagesAvailable.runInContext(ServerImpl.java:834)
	at org.apache.ratis.thirdparty.io.grpc.internal.ContextRunnable.run(ContextRunnable.java:37)
	at org.apache.ratis.thirdparty.io.grpc.internal.SerializingExecutor.run(SerializingExecutor.java:133)
	at java.base/java.util.concurrent.ThreadPoolExecutor.runWorker(ThreadPoolExecutor.java:1128)
	at java.base/java.util.concurrent.ThreadPoolExecutor$Worker.run(ThreadPoolExecutor.java:628)
	at java.base/java.lang.Thread.run(Thread.java:829)

		at org.apache.ratis.util.IOUtils.readObject(IOUtils.java:237)
		at org.apache.ratis.util.IOUtils.bytes2Object(IOUtils.java:214)
		at org.apache.ratis.grpc.GrpcUtil.tryUnwrapException(GrpcUtil.java:109)
		at org.apache.ratis.grpc.GrpcUtil.unwrapThrowable(GrpcUtil.java:82)
		at org.apache.ratis.grpc.GrpcUtil.warn(GrpcUtil.java:178)
		at org.apache.ratis.grpc.server.GrpcLogAppender$AppendLogResponseHandler.onError(GrpcLogAppender.java:405)
		... 10 more
	Caused by: java.lang.ClassCastException: Cannot cast java.util.concurrent.RejectedExecutionException to java.io.IOException
		at java.base/java.lang.Class.cast(Class.java:3605)
		at org.apache.ratis.util.IOUtils.readObject(IOUtils.java:234)
		... 15 more
2022-11-11 07:38:07,178 [grpc-default-executor-6] INFO  leader.FollowerInfo (FollowerInfoImpl.java:lambda$new$0(48)) - s2@group-DC0BCF2C7030->s1: nextIndex: updateUnconditionally 178 -> 139
2022-11-11 07:38:07,179 [s2@group-DC0BCF2C7030-StateMachineUpdater] INFO  impl.SimpleStateMachine4Testing (SimpleStateMachine4Testing.java:put(205)) - s2: put 177, m86 -> (t:2, i:177), STATEMACHINELOGENTRY, 472@client-70D4234AB40A
2022-11-11 07:38:07,180 [s0-server-thread1] DEBUG raftlog.RaftLog (SegmentedRaftLog.java:appendImpl(446)) - truncateIndex=-1, arrayIndex=0
2022-11-11 07:38:07,181 [s0@group-DC0BCF2C7030-StateMachineUpdater] INFO  impl.SimpleStateMachine4Testing (SimpleStateMachine4Testing.java:put(205)) - s0: put 177, m86 -> (t:2, i:177), STATEMACHINELOGENTRY, 472@client-70D4234AB40A
2022-11-11 07:38:07,181 [grpc-default-executor-6] WARN  server.GrpcServerProtocolService (LogUtils.java:warn(124)) - s1: Failed APPEND_ENTRIES request s2->s1#73-t2,previous=(t:1, i:138),leaderCommit=176,initializing? true,entries: size=39, first=(t:2, i:139), CONFIGURATIONENTRY(current:id: "s0"
address: "localhost:38889"
dataStreamAddress: "localhost:44045"
clientAddress: "localhost:36221"
adminAddress: "localhost:33369"
startupRole: FOLLOWER
,id: "s1"
address: "localhost:33469"
dataStreamAddress: "localhost:41079"
clientAddress: "localhost:38107"
adminAddress: "localhost:35601"
startupRole: FOLLOWER
,id: "s2"
address: "localhost:39335"
dataStreamAddress: "localhost:40831"
clientAddress: "localhost:32863"
adminAddress: "localhost:35389"
startupRole: FOLLOWER
, old:)
java.util.concurrent.CompletionException: java.util.concurrent.RejectedExecutionException: Task java.util.concurrent.CompletableFuture$AsyncSupply@210c7a34 rejected from java.util.concurrent.ThreadPoolExecutor@7cbe9dc4[Terminated, pool size = 0, active threads = 0, queued tasks = 0, completed tasks = 0]
	at java.base/java.util.concurrent.CompletableFuture.encodeThrowable(CompletableFuture.java:314)
	at java.base/java.util.concurrent.CompletableFuture.uniComposeStage(CompletableFuture.java:1113)
	at java.base/java.util.concurrent.CompletableFuture.thenCompose(CompletableFuture.java:2235)
	at org.apache.ratis.server.impl.RaftServerProxy.appendEntriesAsync(RaftServerProxy.java:634)
	at org.apache.ratis.grpc.server.GrpcServerProtocolService$1.process(GrpcServerProtocolService.java:219)
	at org.apache.ratis.grpc.server.GrpcServerProtocolService$1.process(GrpcServerProtocolService.java:216)
	at org.apache.ratis.grpc.server.GrpcServerProtocolService$ServerRequestStreamObserver.onNext(GrpcServerProtocolService.java:124)
	at org.apache.ratis.thirdparty.io.grpc.stub.ServerCalls$StreamingServerCallHandler$StreamingServerCallListener.onMessage(ServerCalls.java:262)
	at org.apache.ratis.thirdparty.io.grpc.ForwardingServerCallListener.onMessage(ForwardingServerCallListener.java:33)
	at org.apache.ratis.thirdparty.io.grpc.internal.ServerCallImpl$ServerStreamListenerImpl.messagesAvailableInternal(ServerCallImpl.java:332)
	at org.apache.ratis.thirdparty.io.grpc.internal.ServerCallImpl$ServerStreamListenerImpl.messagesAvailable(ServerCallImpl.java:315)
	at org.apache.ratis.thirdparty.io.grpc.internal.ServerImpl$JumpToApplicationThreadServerStreamListener$1MessagesAvailable.runInContext(ServerImpl.java:834)
	at org.apache.ratis.thirdparty.io.grpc.internal.ContextRunnable.run(ContextRunnable.java:37)
	at org.apache.ratis.thirdparty.io.grpc.internal.SerializingExecutor.run(SerializingExecutor.java:133)
	at java.base/java.util.concurrent.ThreadPoolExecutor.runWorker(ThreadPoolExecutor.java:1128)
	at java.base/java.util.concurrent.ThreadPoolExecutor$Worker.run(ThreadPoolExecutor.java:628)
	at java.base/java.lang.Thread.run(Thread.java:829)
Caused by: java.util.concurrent.RejectedExecutionException: Task java.util.concurrent.CompletableFuture$AsyncSupply@210c7a34 rejected from java.util.concurrent.ThreadPoolExecutor@7cbe9dc4[Terminated, pool size = 0, active threads = 0, queued tasks = 0, completed tasks = 0]
	at java.base/java.util.concurrent.ThreadPoolExecutor$AbortPolicy.rejectedExecution(ThreadPoolExecutor.java:2055)
	at java.base/java.util.concurrent.ThreadPoolExecutor.reject(ThreadPoolExecutor.java:825)
	at java.base/java.util.concurrent.ThreadPoolExecutor.execute(ThreadPoolExecutor.java:1355)
	at java.base/java.util.concurrent.CompletableFuture.asyncSupplyStage(CompletableFuture.java:1714)
	at java.base/java.util.concurrent.CompletableFuture.supplyAsync(CompletableFuture.java:1931)
	at org.apache.ratis.server.impl.RaftServerImpl.executeSubmitServerRequestAsync(RaftServerImpl.java:812)
	at org.apache.ratis.server.impl.RaftServerProxy.lambda$appendEntriesAsync$27(RaftServerProxy.java:634)
	at java.base/java.util.concurrent.CompletableFuture.uniComposeStage(CompletableFuture.java:1106)
	... 15 more
2022-11-11 07:38:07,182 [s0-server-thread1] DEBUG raftlog.RaftLog (SegmentedRaftLog.java:appendImpl(446)) - truncateIndex=-1, arrayIndex=0
2022-11-11 07:38:07,184 [s2@group-DC0BCF2C7030-StateMachineUpdater] INFO  impl.SimpleStateMachine4Testing (SimpleStateMachine4Testing.java:put(205)) - s2: put 179, m87 -> (t:2, i:179), STATEMACHINELOGENTRY, 473@client-70D4234AB40A
2022-11-11 07:38:07,185 [s0-server-thread1] DEBUG raftlog.RaftLog (SegmentedRaftLog.java:appendImpl(446)) - truncateIndex=-1, arrayIndex=0
2022-11-11 07:38:07,186 [grpc-default-executor-6] WARN  server.GrpcLogAppender (LogUtils.java:warn(124)) - s2@group-DC0BCF2C7030->s1-AppendLogResponseHandler: Failed appendEntries
java.io.IOException: java.util.concurrent.RejectedExecutionException: Task java.util.concurrent.CompletableFuture$AsyncSupply@210c7a34 rejected from java.util.concurrent.ThreadPoolExecutor@7cbe9dc4[Terminated, pool size = 0, active threads = 0, queued tasks = 0, completed tasks = 0]
	at org.apache.ratis.util.IOUtils.asIOException(IOUtils.java:56)
	at org.apache.ratis.grpc.GrpcUtil.tryUnwrapException(GrpcUtil.java:121)
	at org.apache.ratis.grpc.GrpcUtil.unwrapThrowable(GrpcUtil.java:82)
	at org.apache.ratis.grpc.GrpcUtil.warn(GrpcUtil.java:178)
	at org.apache.ratis.grpc.server.GrpcLogAppender$AppendLogResponseHandler.onError(GrpcLogAppender.java:405)
	at org.apache.ratis.thirdparty.io.grpc.stub.ClientCalls$StreamObserverToCallListenerAdapter.onClose(ClientCalls.java:487)
	at org.apache.ratis.thirdparty.io.grpc.internal.ClientCallImpl.closeObserver(ClientCallImpl.java:562)
	at org.apache.ratis.thirdparty.io.grpc.internal.ClientCallImpl.access$300(ClientCallImpl.java:70)
	at org.apache.ratis.thirdparty.io.grpc.internal.ClientCallImpl$ClientStreamListenerImpl$1StreamClosed.runInternal(ClientCallImpl.java:743)
	at org.apache.ratis.thirdparty.io.grpc.internal.ClientCallImpl$ClientStreamListenerImpl$1StreamClosed.runInContext(ClientCallImpl.java:722)
	at org.apache.ratis.thirdparty.io.grpc.internal.ContextRunnable.run(ContextRunnable.java:37)
	at org.apache.ratis.thirdparty.io.grpc.internal.SerializingExecutor.run(SerializingExecutor.java:133)
	at java.base/java.util.concurrent.ThreadPoolExecutor.runWorker(ThreadPoolExecutor.java:1128)
	at java.base/java.util.concurrent.ThreadPoolExecutor$Worker.run(ThreadPoolExecutor.java:628)
	at java.base/java.lang.Thread.run(Thread.java:829)
Caused by: java.util.concurrent.RejectedExecutionException: Task java.util.concurrent.CompletableFuture$AsyncSupply@210c7a34 rejected from java.util.concurrent.ThreadPoolExecutor@7cbe9dc4[Terminated, pool size = 0, active threads = 0, queued tasks = 0, completed tasks = 0]
	at java.base/jdk.internal.reflect.GeneratedConstructorAccessor11.newInstance(Unknown Source)
	at java.base/jdk.internal.reflect.DelegatingConstructorAccessorImpl.newInstance(DelegatingConstructorAccessorImpl.java:45)
	at java.base/java.lang.reflect.Constructor.newInstance(Constructor.java:490)
	at org.apache.ratis.util.ReflectionUtils.instantiateException(ReflectionUtils.java:259)
	at org.apache.ratis.grpc.GrpcUtil.tryUnwrapException(GrpcUtil.java:120)
	... 13 more
Caused by: org.apache.ratis.thirdparty.io.grpc.StatusRuntimeException: INTERNAL: Task java.util.concurrent.CompletableFuture$AsyncSupply@210c7a34 rejected from java.util.concurrent.ThreadPoolExecutor@7cbe9dc4[Terminated, pool size = 0, active threads = 0, queued tasks = 0, completed tasks = 0]
	at org.apache.ratis.thirdparty.io.grpc.Status.asRuntimeException(Status.java:535)
	... 10 more
	Suppressed: java.lang.IllegalStateException: Failed to cast to class java.io.IOException, object=java.util.concurrent.RejectedExecutionException: Task java.util.concurrent.CompletableFuture$AsyncSupply@210c7a34 rejected from java.util.concurrent.ThreadPoolExecutor@7cbe9dc4[Terminated, pool size = 0, active threads = 0, queued tasks = 0, completed tasks = 0]
	at java.base/java.util.concurrent.ThreadPoolExecutor$AbortPolicy.rejectedExecution(ThreadPoolExecutor.java:2055)
	at java.base/java.util.concurrent.ThreadPoolExecutor.reject(ThreadPoolExecutor.java:825)
	at java.base/java.util.concurrent.ThreadPoolExecutor.execute(ThreadPoolExecutor.java:1355)
	at java.base/java.util.concurrent.CompletableFuture.asyncSupplyStage(CompletableFuture.java:1714)
	at java.base/java.util.concurrent.CompletableFuture.supplyAsync(CompletableFuture.java:1931)
	at org.apache.ratis.server.impl.RaftServerImpl.executeSubmitServerRequestAsync(RaftServerImpl.java:812)
	at org.apache.ratis.server.impl.RaftServerProxy.lambda$appendEntriesAsync$27(RaftServerProxy.java:634)
	at java.base/java.util.concurrent.CompletableFuture.uniComposeStage(CompletableFuture.java:1106)
	at java.base/java.util.concurrent.CompletableFuture.thenCompose(CompletableFuture.java:2235)
	at org.apache.ratis.server.impl.RaftServerProxy.appendEntriesAsync(RaftServerProxy.java:634)
	at org.apache.ratis.grpc.server.GrpcServerProtocolService$1.process(GrpcServerProtocolService.java:219)
	at org.apache.ratis.grpc.server.GrpcServerProtocolService$1.process(GrpcServerProtocolService.java:216)
	at org.apache.ratis.grpc.server.GrpcServerProtocolService$ServerRequestStreamObserver.onNext(GrpcServerProtocolService.java:124)
	at org.apache.ratis.thirdparty.io.grpc.stub.ServerCalls$StreamingServerCallHandler$StreamingServerCallListener.onMessage(ServerCalls.java:262)
	at org.apache.ratis.thirdparty.io.grpc.ForwardingServerCallListener.onMessage(ForwardingServerCallListener.java:33)
	at org.apache.ratis.thirdparty.io.grpc.internal.ServerCallImpl$ServerStreamListenerImpl.messagesAvailableInternal(ServerCallImpl.java:332)
	at org.apache.ratis.thirdparty.io.grpc.internal.ServerCallImpl$ServerStreamListenerImpl.messagesAvailable(ServerCallImpl.java:315)
	at org.apache.ratis.thirdparty.io.grpc.internal.ServerImpl$JumpToApplicationThreadServerStreamListener$1MessagesAvailable.runInContext(ServerImpl.java:834)
	at org.apache.ratis.thirdparty.io.grpc.internal.ContextRunnable.run(ContextRunnable.java:37)
	at org.apache.ratis.thirdparty.io.grpc.internal.SerializingExecutor.run(SerializingExecutor.java:133)
	at java.base/java.util.concurrent.ThreadPoolExecutor.runWorker(ThreadPoolExecutor.java:1128)
	at java.base/java.util.concurrent.ThreadPoolExecutor$Worker.run(ThreadPoolExecutor.java:628)
	at java.base/java.lang.Thread.run(Thread.java:829)

		at org.apache.ratis.util.IOUtils.readObject(IOUtils.java:237)
		at org.apache.ratis.util.IOUtils.bytes2Object(IOUtils.java:214)
		at org.apache.ratis.grpc.GrpcUtil.tryUnwrapException(GrpcUtil.java:109)
		at org.apache.ratis.grpc.GrpcUtil.unwrapThrowable(GrpcUtil.java:82)
		at org.apache.ratis.grpc.GrpcUtil.warn(GrpcUtil.java:178)
		at org.apache.ratis.grpc.server.GrpcLogAppender$AppendLogResponseHandler.onError(GrpcLogAppender.java:405)
		... 10 more
	Caused by: java.lang.ClassCastException: Cannot cast java.util.concurrent.RejectedExecutionException to java.io.IOException
		at java.base/java.lang.Class.cast(Class.java:3605)
		at org.apache.ratis.util.IOUtils.readObject(IOUtils.java:234)
		... 15 more
2022-11-11 07:38:07,187 [grpc-default-executor-6] INFO  leader.FollowerInfo (FollowerInfoImpl.java:lambda$new$0(48)) - s2@group-DC0BCF2C7030->s1: nextIndex: updateUnconditionally 178 -> 139
2022-11-11 07:38:07,186 [s0@group-DC0BCF2C7030-StateMachineUpdater] INFO  impl.SimpleStateMachine4Testing (SimpleStateMachine4Testing.java:put(205)) - s0: put 179, m87 -> (t:2, i:179), STATEMACHINELOGENTRY, 473@client-70D4234AB40A
2022-11-11 07:38:07,188 [s0-server-thread1] DEBUG raftlog.RaftLog (SegmentedRaftLog.java:appendImpl(446)) - truncateIndex=-1, arrayIndex=0
2022-11-11 07:38:07,189 [grpc-default-executor-3] WARN  server.GrpcServerProtocolService (LogUtils.java:warn(124)) - s1: Failed APPEND_ENTRIES request s2->s1#78-t2,previous=(t:1, i:138),leaderCommit=180,initializing? true,entries: size=42, first=(t:2, i:139), CONFIGURATIONENTRY(current:id: "s0"
address: "localhost:38889"
dataStreamAddress: "localhost:44045"
clientAddress: "localhost:36221"
adminAddress: "localhost:33369"
startupRole: FOLLOWER
,id: "s1"
address: "localhost:33469"
dataStreamAddress: "localhost:41079"
clientAddress: "localhost:38107"
adminAddress: "localhost:35601"
startupRole: FOLLOWER
,id: "s2"
address: "localhost:39335"
dataStreamAddress: "localhost:40831"
clientAddress: "localhost:32863"
adminAddress: "localhost:35389"
startupRole: FOLLOWER
, old:)
java.util.concurrent.CompletionException: java.util.concurrent.RejectedExecutionException: Task java.util.concurrent.CompletableFuture$AsyncSupply@25d84ae9 rejected from java.util.concurrent.ThreadPoolExecutor@7cbe9dc4[Terminated, pool size = 0, active threads = 0, queued tasks = 0, completed tasks = 0]
	at java.base/java.util.concurrent.CompletableFuture.encodeThrowable(CompletableFuture.java:314)
	at java.base/java.util.concurrent.CompletableFuture.uniComposeStage(CompletableFuture.java:1113)
	at java.base/java.util.concurrent.CompletableFuture.thenCompose(CompletableFuture.java:2235)
	at org.apache.ratis.server.impl.RaftServerProxy.appendEntriesAsync(RaftServerProxy.java:634)
	at org.apache.ratis.grpc.server.GrpcServerProtocolService$1.process(GrpcServerProtocolService.java:219)
	at org.apache.ratis.grpc.server.GrpcServerProtocolService$1.process(GrpcServerProtocolService.java:216)
	at org.apache.ratis.grpc.server.GrpcServerProtocolService$ServerRequestStreamObserver.onNext(GrpcServerProtocolService.java:124)
	at org.apache.ratis.thirdparty.io.grpc.stub.ServerCalls$StreamingServerCallHandler$StreamingServerCallListener.onMessage(ServerCalls.java:262)
	at org.apache.ratis.thirdparty.io.grpc.ForwardingServerCallListener.onMessage(ForwardingServerCallListener.java:33)
	at org.apache.ratis.thirdparty.io.grpc.internal.ServerCallImpl$ServerStreamListenerImpl.messagesAvailableInternal(ServerCallImpl.java:332)
	at org.apache.ratis.thirdparty.io.grpc.internal.ServerCallImpl$ServerStreamListenerImpl.messagesAvailable(ServerCallImpl.java:315)
	at org.apache.ratis.thirdparty.io.grpc.internal.ServerImpl$JumpToApplicationThreadServerStreamListener$1MessagesAvailable.runInContext(ServerImpl.java:834)
	at org.apache.ratis.thirdparty.io.grpc.internal.ContextRunnable.run(ContextRunnable.java:37)
	at org.apache.ratis.thirdparty.io.grpc.internal.SerializingExecutor.run(SerializingExecutor.java:133)
	at java.base/java.util.concurrent.ThreadPoolExecutor.runWorker(ThreadPoolExecutor.java:1128)
	at java.base/java.util.concurrent.ThreadPoolExecutor$Worker.run(ThreadPoolExecutor.java:628)
	at java.base/java.lang.Thread.run(Thread.java:829)
Caused by: java.util.concurrent.RejectedExecutionException: Task java.util.concurrent.CompletableFuture$AsyncSupply@25d84ae9 rejected from java.util.concurrent.ThreadPoolExecutor@7cbe9dc4[Terminated, pool size = 0, active threads = 0, queued tasks = 0, completed tasks = 0]
	at java.base/java.util.concurrent.ThreadPoolExecutor$AbortPolicy.rejectedExecution(ThreadPoolExecutor.java:2055)
	at java.base/java.util.concurrent.ThreadPoolExecutor.reject(ThreadPoolExecutor.java:825)
	at java.base/java.util.concurrent.ThreadPoolExecutor.execute(ThreadPoolExecutor.java:1355)
	at java.base/java.util.concurrent.CompletableFuture.asyncSupplyStage(CompletableFuture.java:1714)
	at java.base/java.util.concurrent.CompletableFuture.supplyAsync(CompletableFuture.java:1931)
	at org.apache.ratis.server.impl.RaftServerImpl.executeSubmitServerRequestAsync(RaftServerImpl.java:812)
	at org.apache.ratis.server.impl.RaftServerProxy.lambda$appendEntriesAsync$27(RaftServerProxy.java:634)
	at java.base/java.util.concurrent.CompletableFuture.uniComposeStage(CompletableFuture.java:1106)
	... 15 more
2022-11-11 07:38:07,191 [s2@group-DC0BCF2C7030-StateMachineUpdater] INFO  impl.SimpleStateMachine4Testing (SimpleStateMachine4Testing.java:put(205)) - s2: put 181, m88 -> (t:2, i:181), STATEMACHINELOGENTRY, 474@client-70D4234AB40A
2022-11-11 07:38:07,192 [s0-server-thread1] DEBUG raftlog.RaftLog (SegmentedRaftLog.java:appendImpl(446)) - truncateIndex=-1, arrayIndex=0
2022-11-11 07:38:07,193 [s0@group-DC0BCF2C7030-StateMachineUpdater] INFO  impl.SimpleStateMachine4Testing (SimpleStateMachine4Testing.java:put(205)) - s0: put 181, m88 -> (t:2, i:181), STATEMACHINELOGENTRY, 474@client-70D4234AB40A
2022-11-11 07:38:07,193 [grpc-default-executor-6] WARN  server.GrpcLogAppender (LogUtils.java:warn(124)) - s2@group-DC0BCF2C7030->s1-AppendLogResponseHandler: Failed appendEntries
java.io.IOException: java.util.concurrent.RejectedExecutionException: Task java.util.concurrent.CompletableFuture$AsyncSupply@25d84ae9 rejected from java.util.concurrent.ThreadPoolExecutor@7cbe9dc4[Terminated, pool size = 0, active threads = 0, queued tasks = 0, completed tasks = 0]
	at org.apache.ratis.util.IOUtils.asIOException(IOUtils.java:56)
	at org.apache.ratis.grpc.GrpcUtil.tryUnwrapException(GrpcUtil.java:121)
	at org.apache.ratis.grpc.GrpcUtil.unwrapThrowable(GrpcUtil.java:82)
	at org.apache.ratis.grpc.GrpcUtil.warn(GrpcUtil.java:178)
	at org.apache.ratis.grpc.server.GrpcLogAppender$AppendLogResponseHandler.onError(GrpcLogAppender.java:405)
	at org.apache.ratis.thirdparty.io.grpc.stub.ClientCalls$StreamObserverToCallListenerAdapter.onClose(ClientCalls.java:487)
	at org.apache.ratis.thirdparty.io.grpc.internal.ClientCallImpl.closeObserver(ClientCallImpl.java:562)
	at org.apache.ratis.thirdparty.io.grpc.internal.ClientCallImpl.access$300(ClientCallImpl.java:70)
	at org.apache.ratis.thirdparty.io.grpc.internal.ClientCallImpl$ClientStreamListenerImpl$1StreamClosed.runInternal(ClientCallImpl.java:743)
	at org.apache.ratis.thirdparty.io.grpc.internal.ClientCallImpl$ClientStreamListenerImpl$1StreamClosed.runInContext(ClientCallImpl.java:722)
	at org.apache.ratis.thirdparty.io.grpc.internal.ContextRunnable.run(ContextRunnable.java:37)
	at org.apache.ratis.thirdparty.io.grpc.internal.SerializingExecutor.run(SerializingExecutor.java:133)
	at java.base/java.util.concurrent.ThreadPoolExecutor.runWorker(ThreadPoolExecutor.java:1128)
	at java.base/java.util.concurrent.ThreadPoolExecutor$Worker.run(ThreadPoolExecutor.java:628)
	at java.base/java.lang.Thread.run(Thread.java:829)
Caused by: java.util.concurrent.RejectedExecutionException: Task java.util.concurrent.CompletableFuture$AsyncSupply@25d84ae9 rejected from java.util.concurrent.ThreadPoolExecutor@7cbe9dc4[Terminated, pool size = 0, active threads = 0, queued tasks = 0, completed tasks = 0]
	at java.base/jdk.internal.reflect.GeneratedConstructorAccessor11.newInstance(Unknown Source)
	at java.base/jdk.internal.reflect.DelegatingConstructorAccessorImpl.newInstance(DelegatingConstructorAccessorImpl.java:45)
	at java.base/java.lang.reflect.Constructor.newInstance(Constructor.java:490)
	at org.apache.ratis.util.ReflectionUtils.instantiateException(ReflectionUtils.java:259)
	at org.apache.ratis.grpc.GrpcUtil.tryUnwrapException(GrpcUtil.java:120)
	... 13 more
Caused by: org.apache.ratis.thirdparty.io.grpc.StatusRuntimeException: INTERNAL: Task java.util.concurrent.CompletableFuture$AsyncSupply@25d84ae9 rejected from java.util.concurrent.ThreadPoolExecutor@7cbe9dc4[Terminated, pool size = 0, active threads = 0, queued tasks = 0, completed tasks = 0]
	at org.apache.ratis.thirdparty.io.grpc.Status.asRuntimeException(Status.java:535)
	... 10 more
	Suppressed: java.lang.IllegalStateException: Failed to cast to class java.io.IOException, object=java.util.concurrent.RejectedExecutionException: Task java.util.concurrent.CompletableFuture$AsyncSupply@25d84ae9 rejected from java.util.concurrent.ThreadPoolExecutor@7cbe9dc4[Terminated, pool size = 0, active threads = 0, queued tasks = 0, completed tasks = 0]
	at java.base/java.util.concurrent.ThreadPoolExecutor$AbortPolicy.rejectedExecution(ThreadPoolExecutor.java:2055)
	at java.base/java.util.concurrent.ThreadPoolExecutor.reject(ThreadPoolExecutor.java:825)
	at java.base/java.util.concurrent.ThreadPoolExecutor.execute(ThreadPoolExecutor.java:1355)
	at java.base/java.util.concurrent.CompletableFuture.asyncSupplyStage(CompletableFuture.java:1714)
	at java.base/java.util.concurrent.CompletableFuture.supplyAsync(CompletableFuture.java:1931)
	at org.apache.ratis.server.impl.RaftServerImpl.executeSubmitServerRequestAsync(RaftServerImpl.java:812)
	at org.apache.ratis.server.impl.RaftServerProxy.lambda$appendEntriesAsync$27(RaftServerProxy.java:634)
	at java.base/java.util.concurrent.CompletableFuture.uniComposeStage(CompletableFuture.java:1106)
	at java.base/java.util.concurrent.CompletableFuture.thenCompose(CompletableFuture.java:2235)
	at org.apache.ratis.server.impl.RaftServerProxy.appendEntriesAsync(RaftServerProxy.java:634)
	at org.apache.ratis.grpc.server.GrpcServerProtocolService$1.process(GrpcServerProtocolService.java:219)
	at org.apache.ratis.grpc.server.GrpcServerProtocolService$1.process(GrpcServerProtocolService.java:216)
	at org.apache.ratis.grpc.server.GrpcServerProtocolService$ServerRequestStreamObserver.onNext(GrpcServerProtocolService.java:124)
	at org.apache.ratis.thirdparty.io.grpc.stub.ServerCalls$StreamingServerCallHandler$StreamingServerCallListener.onMessage(ServerCalls.java:262)
	at org.apache.ratis.thirdparty.io.grpc.ForwardingServerCallListener.onMessage(ForwardingServerCallListener.java:33)
	at org.apache.ratis.thirdparty.io.grpc.internal.ServerCallImpl$ServerStreamListenerImpl.messagesAvailableInternal(ServerCallImpl.java:332)
	at org.apache.ratis.thirdparty.io.grpc.internal.ServerCallImpl$ServerStreamListenerImpl.messagesAvailable(ServerCallImpl.java:315)
	at org.apache.ratis.thirdparty.io.grpc.internal.ServerImpl$JumpToApplicationThreadServerStreamListener$1MessagesAvailable.runInContext(ServerImpl.java:834)
	at org.apache.ratis.thirdparty.io.grpc.internal.ContextRunnable.run(ContextRunnable.java:37)
	at org.apache.ratis.thirdparty.io.grpc.internal.SerializingExecutor.run(SerializingExecutor.java:133)
	at java.base/java.util.concurrent.ThreadPoolExecutor.runWorker(ThreadPoolExecutor.java:1128)
	at java.base/java.util.concurrent.ThreadPoolExecutor$Worker.run(ThreadPoolExecutor.java:628)
	at java.base/java.lang.Thread.run(Thread.java:829)

		at org.apache.ratis.util.IOUtils.readObject(IOUtils.java:237)
		at org.apache.ratis.util.IOUtils.bytes2Object(IOUtils.java:214)
		at org.apache.ratis.grpc.GrpcUtil.tryUnwrapException(GrpcUtil.java:109)
		at org.apache.ratis.grpc.GrpcUtil.unwrapThrowable(GrpcUtil.java:82)
		at org.apache.ratis.grpc.GrpcUtil.warn(GrpcUtil.java:178)
		at org.apache.ratis.grpc.server.GrpcLogAppender$AppendLogResponseHandler.onError(GrpcLogAppender.java:405)
		... 10 more
	Caused by: java.lang.ClassCastException: Cannot cast java.util.concurrent.RejectedExecutionException to java.io.IOException
		at java.base/java.lang.Class.cast(Class.java:3605)
		at org.apache.ratis.util.IOUtils.readObject(IOUtils.java:234)
		... 15 more
2022-11-11 07:38:07,197 [s0-server-thread1] DEBUG raftlog.RaftLog (SegmentedRaftLog.java:appendImpl(446)) - truncateIndex=-1, arrayIndex=0
2022-11-11 07:38:07,198 [grpc-default-executor-6] INFO  leader.FollowerInfo (FollowerInfoImpl.java:lambda$new$0(48)) - s2@group-DC0BCF2C7030->s1: nextIndex: updateUnconditionally 181 -> 139
2022-11-11 07:38:07,199 [s2@group-DC0BCF2C7030-StateMachineUpdater] INFO  impl.SimpleStateMachine4Testing (SimpleStateMachine4Testing.java:put(205)) - s2: put 183, m89 -> (t:2, i:183), STATEMACHINELOGENTRY, 475@client-70D4234AB40A
2022-11-11 07:38:07,201 [grpc-default-executor-2] WARN  server.GrpcServerProtocolService (LogUtils.java:warn(124)) - s1: Failed APPEND_ENTRIES request s2->s1#82-t2,previous=(t:1, i:138),leaderCommit=183,initializing? true,entries: size=45, first=(t:2, i:139), CONFIGURATIONENTRY(current:id: "s0"
address: "localhost:38889"
dataStreamAddress: "localhost:44045"
clientAddress: "localhost:36221"
adminAddress: "localhost:33369"
startupRole: FOLLOWER
,id: "s1"
address: "localhost:33469"
dataStreamAddress: "localhost:41079"
clientAddress: "localhost:38107"
adminAddress: "localhost:35601"
startupRole: FOLLOWER
,id: "s2"
address: "localhost:39335"
dataStreamAddress: "localhost:40831"
clientAddress: "localhost:32863"
adminAddress: "localhost:35389"
startupRole: FOLLOWER
, old:)
java.util.concurrent.CompletionException: java.util.concurrent.RejectedExecutionException: Task java.util.concurrent.CompletableFuture$AsyncSupply@36ececa5 rejected from java.util.concurrent.ThreadPoolExecutor@7cbe9dc4[Terminated, pool size = 0, active threads = 0, queued tasks = 0, completed tasks = 0]
	at java.base/java.util.concurrent.CompletableFuture.encodeThrowable(CompletableFuture.java:314)
	at java.base/java.util.concurrent.CompletableFuture.uniComposeStage(CompletableFuture.java:1113)
	at java.base/java.util.concurrent.CompletableFuture.thenCompose(CompletableFuture.java:2235)
	at org.apache.ratis.server.impl.RaftServerProxy.appendEntriesAsync(RaftServerProxy.java:634)
	at org.apache.ratis.grpc.server.GrpcServerProtocolService$1.process(GrpcServerProtocolService.java:219)
	at org.apache.ratis.grpc.server.GrpcServerProtocolService$1.process(GrpcServerProtocolService.java:216)
	at org.apache.ratis.grpc.server.GrpcServerProtocolService$ServerRequestStreamObserver.onNext(GrpcServerProtocolService.java:124)
	at org.apache.ratis.thirdparty.io.grpc.stub.ServerCalls$StreamingServerCallHandler$StreamingServerCallListener.onMessage(ServerCalls.java:262)
	at org.apache.ratis.thirdparty.io.grpc.ForwardingServerCallListener.onMessage(ForwardingServerCallListener.java:33)
	at org.apache.ratis.thirdparty.io.grpc.internal.ServerCallImpl$ServerStreamListenerImpl.messagesAvailableInternal(ServerCallImpl.java:332)
	at org.apache.ratis.thirdparty.io.grpc.internal.ServerCallImpl$ServerStreamListenerImpl.messagesAvailable(ServerCallImpl.java:315)
	at org.apache.ratis.thirdparty.io.grpc.internal.ServerImpl$JumpToApplicationThreadServerStreamListener$1MessagesAvailable.runInContext(ServerImpl.java:834)
	at org.apache.ratis.thirdparty.io.grpc.internal.ContextRunnable.run(ContextRunnable.java:37)
	at org.apache.ratis.thirdparty.io.grpc.internal.SerializingExecutor.run(SerializingExecutor.java:133)
	at java.base/java.util.concurrent.ThreadPoolExecutor.runWorker(ThreadPoolExecutor.java:1128)
	at java.base/java.util.concurrent.ThreadPoolExecutor$Worker.run(ThreadPoolExecutor.java:628)
	at java.base/java.lang.Thread.run(Thread.java:829)
Caused by: java.util.concurrent.RejectedExecutionException: Task java.util.concurrent.CompletableFuture$AsyncSupply@36ececa5 rejected from java.util.concurrent.ThreadPoolExecutor@7cbe9dc4[Terminated, pool size = 0, active threads = 0, queued tasks = 0, completed tasks = 0]
	at java.base/java.util.concurrent.ThreadPoolExecutor$AbortPolicy.rejectedExecution(ThreadPoolExecutor.java:2055)
	at java.base/java.util.concurrent.ThreadPoolExecutor.reject(ThreadPoolExecutor.java:825)
	at java.base/java.util.concurrent.ThreadPoolExecutor.execute(ThreadPoolExecutor.java:1355)
	at java.base/java.util.concurrent.CompletableFuture.asyncSupplyStage(CompletableFuture.java:1714)
	at java.base/java.util.concurrent.CompletableFuture.supplyAsync(CompletableFuture.java:1931)
	at org.apache.ratis.server.impl.RaftServerImpl.executeSubmitServerRequestAsync(RaftServerImpl.java:812)
	at org.apache.ratis.server.impl.RaftServerProxy.lambda$appendEntriesAsync$27(RaftServerProxy.java:634)
	at java.base/java.util.concurrent.CompletableFuture.uniComposeStage(CompletableFuture.java:1106)
	... 15 more
2022-11-11 07:38:07,203 [s0-server-thread1] DEBUG raftlog.RaftLog (SegmentedRaftLog.java:appendImpl(446)) - truncateIndex=-1, arrayIndex=0
2022-11-11 07:38:07,204 [grpc-default-executor-4] WARN  server.GrpcLogAppender (LogUtils.java:warn(124)) - s2@group-DC0BCF2C7030->s1-AppendLogResponseHandler: Failed appendEntries
java.io.IOException: java.util.concurrent.RejectedExecutionException: Task java.util.concurrent.CompletableFuture$AsyncSupply@36ececa5 rejected from java.util.concurrent.ThreadPoolExecutor@7cbe9dc4[Terminated, pool size = 0, active threads = 0, queued tasks = 0, completed tasks = 0]
	at org.apache.ratis.util.IOUtils.asIOException(IOUtils.java:56)
	at org.apache.ratis.grpc.GrpcUtil.tryUnwrapException(GrpcUtil.java:121)
	at org.apache.ratis.grpc.GrpcUtil.unwrapThrowable(GrpcUtil.java:82)
	at org.apache.ratis.grpc.GrpcUtil.warn(GrpcUtil.java:178)
	at org.apache.ratis.grpc.server.GrpcLogAppender$AppendLogResponseHandler.onError(GrpcLogAppender.java:405)
	at org.apache.ratis.thirdparty.io.grpc.stub.ClientCalls$StreamObserverToCallListenerAdapter.onClose(ClientCalls.java:487)
	at org.apache.ratis.thirdparty.io.grpc.internal.ClientCallImpl.closeObserver(ClientCallImpl.java:562)
	at org.apache.ratis.thirdparty.io.grpc.internal.ClientCallImpl.access$300(ClientCallImpl.java:70)
	at org.apache.ratis.thirdparty.io.grpc.internal.ClientCallImpl$ClientStreamListenerImpl$1StreamClosed.runInternal(ClientCallImpl.java:743)
	at org.apache.ratis.thirdparty.io.grpc.internal.ClientCallImpl$ClientStreamListenerImpl$1StreamClosed.runInContext(ClientCallImpl.java:722)
	at org.apache.ratis.thirdparty.io.grpc.internal.ContextRunnable.run(ContextRunnable.java:37)
	at org.apache.ratis.thirdparty.io.grpc.internal.SerializingExecutor.run(SerializingExecutor.java:133)
	at java.base/java.util.concurrent.ThreadPoolExecutor.runWorker(ThreadPoolExecutor.java:1128)
	at java.base/java.util.concurrent.ThreadPoolExecutor$Worker.run(ThreadPoolExecutor.java:628)
	at java.base/java.lang.Thread.run(Thread.java:829)
Caused by: java.util.concurrent.RejectedExecutionException: Task java.util.concurrent.CompletableFuture$AsyncSupply@36ececa5 rejected from java.util.concurrent.ThreadPoolExecutor@7cbe9dc4[Terminated, pool size = 0, active threads = 0, queued tasks = 0, completed tasks = 0]
	at java.base/jdk.internal.reflect.GeneratedConstructorAccessor11.newInstance(Unknown Source)
	at java.base/jdk.internal.reflect.DelegatingConstructorAccessorImpl.newInstance(DelegatingConstructorAccessorImpl.java:45)
	at java.base/java.lang.reflect.Constructor.newInstance(Constructor.java:490)
	at org.apache.ratis.util.ReflectionUtils.instantiateException(ReflectionUtils.java:259)
	at org.apache.ratis.grpc.GrpcUtil.tryUnwrapException(GrpcUtil.java:120)
	... 13 more
Caused by: org.apache.ratis.thirdparty.io.grpc.StatusRuntimeException: INTERNAL: Task java.util.concurrent.CompletableFuture$AsyncSupply@36ececa5 rejected from java.util.concurrent.ThreadPoolExecutor@7cbe9dc4[Terminated, pool size = 0, active threads = 0, queued tasks = 0, completed tasks = 0]
	at org.apache.ratis.thirdparty.io.grpc.Status.asRuntimeException(Status.java:535)
	... 10 more
	Suppressed: java.lang.IllegalStateException: Failed to cast to class java.io.IOException, object=java.util.concurrent.RejectedExecutionException: Task java.util.concurrent.CompletableFuture$AsyncSupply@36ececa5 rejected from java.util.concurrent.ThreadPoolExecutor@7cbe9dc4[Terminated, pool size = 0, active threads = 0, queued tasks = 0, completed tasks = 0]
	at java.base/java.util.concurrent.ThreadPoolExecutor$AbortPolicy.rejectedExecution(ThreadPoolExecutor.java:2055)
	at java.base/java.util.concurrent.ThreadPoolExecutor.reject(ThreadPoolExecutor.java:825)
	at java.base/java.util.concurrent.ThreadPoolExecutor.execute(ThreadPoolExecutor.java:1355)
	at java.base/java.util.concurrent.CompletableFuture.asyncSupplyStage(CompletableFuture.java:1714)
	at java.base/java.util.concurrent.CompletableFuture.supplyAsync(CompletableFuture.java:1931)
	at org.apache.ratis.server.impl.RaftServerImpl.executeSubmitServerRequestAsync(RaftServerImpl.java:812)
	at org.apache.ratis.server.impl.RaftServerProxy.lambda$appendEntriesAsync$27(RaftServerProxy.java:634)
	at java.base/java.util.concurrent.CompletableFuture.uniComposeStage(CompletableFuture.java:1106)
	at java.base/java.util.concurrent.CompletableFuture.thenCompose(CompletableFuture.java:2235)
	at org.apache.ratis.server.impl.RaftServerProxy.appendEntriesAsync(RaftServerProxy.java:634)
	at org.apache.ratis.grpc.server.GrpcServerProtocolService$1.process(GrpcServerProtocolService.java:219)
	at org.apache.ratis.grpc.server.GrpcServerProtocolService$1.process(GrpcServerProtocolService.java:216)
	at org.apache.ratis.grpc.server.GrpcServerProtocolService$ServerRequestStreamObserver.onNext(GrpcServerProtocolService.java:124)
	at org.apache.ratis.thirdparty.io.grpc.stub.ServerCalls$StreamingServerCallHandler$StreamingServerCallListener.onMessage(ServerCalls.java:262)
	at org.apache.ratis.thirdparty.io.grpc.ForwardingServerCallListener.onMessage(ForwardingServerCallListener.java:33)
	at org.apache.ratis.thirdparty.io.grpc.internal.ServerCallImpl$ServerStreamListenerImpl.messagesAvailableInternal(ServerCallImpl.java:332)
	at org.apache.ratis.thirdparty.io.grpc.internal.ServerCallImpl$ServerStreamListenerImpl.messagesAvailable(ServerCallImpl.java:315)
	at org.apache.ratis.thirdparty.io.grpc.internal.ServerImpl$JumpToApplicationThreadServerStreamListener$1MessagesAvailable.runInContext(ServerImpl.java:834)
	at org.apache.ratis.thirdparty.io.grpc.internal.ContextRunnable.run(ContextRunnable.java:37)
	at org.apache.ratis.thirdparty.io.grpc.internal.SerializingExecutor.run(SerializingExecutor.java:133)
	at java.base/java.util.concurrent.ThreadPoolExecutor.runWorker(ThreadPoolExecutor.java:1128)
	at java.base/java.util.concurrent.ThreadPoolExecutor$Worker.run(ThreadPoolExecutor.java:628)
	at java.base/java.lang.Thread.run(Thread.java:829)

		at org.apache.ratis.util.IOUtils.readObject(IOUtils.java:237)
		at org.apache.ratis.util.IOUtils.bytes2Object(IOUtils.java:214)
		at org.apache.ratis.grpc.GrpcUtil.tryUnwrapException(GrpcUtil.java:109)
		at org.apache.ratis.grpc.GrpcUtil.unwrapThrowable(GrpcUtil.java:82)
		at org.apache.ratis.grpc.GrpcUtil.warn(GrpcUtil.java:178)
		at org.apache.ratis.grpc.server.GrpcLogAppender$AppendLogResponseHandler.onError(GrpcLogAppender.java:405)
		... 10 more
	Caused by: java.lang.ClassCastException: Cannot cast java.util.concurrent.RejectedExecutionException to java.io.IOException
		at java.base/java.lang.Class.cast(Class.java:3605)
		at org.apache.ratis.util.IOUtils.readObject(IOUtils.java:234)
		... 15 more
2022-11-11 07:38:07,206 [grpc-default-executor-4] INFO  leader.FollowerInfo (FollowerInfoImpl.java:lambda$new$0(48)) - s2@group-DC0BCF2C7030->s1: nextIndex: updateUnconditionally 184 -> 139
2022-11-11 07:38:07,205 [s0@group-DC0BCF2C7030-StateMachineUpdater] INFO  impl.SimpleStateMachine4Testing (SimpleStateMachine4Testing.java:put(205)) - s0: put 183, m89 -> (t:2, i:183), STATEMACHINELOGENTRY, 475@client-70D4234AB40A
2022-11-11 07:38:07,208 [s0-server-thread1] DEBUG raftlog.RaftLog (SegmentedRaftLog.java:appendImpl(446)) - truncateIndex=-1, arrayIndex=0
2022-11-11 07:38:07,208 [grpc-default-executor-6] WARN  server.GrpcServerProtocolService (LogUtils.java:warn(124)) - s1: Failed APPEND_ENTRIES request s2->s1#84-t2,previous=(t:1, i:138),leaderCommit=184,initializing? true,entries: size=47, first=(t:2, i:139), CONFIGURATIONENTRY(current:id: "s0"
address: "localhost:38889"
dataStreamAddress: "localhost:44045"
clientAddress: "localhost:36221"
adminAddress: "localhost:33369"
startupRole: FOLLOWER
,id: "s1"
address: "localhost:33469"
dataStreamAddress: "localhost:41079"
clientAddress: "localhost:38107"
adminAddress: "localhost:35601"
startupRole: FOLLOWER
,id: "s2"
address: "localhost:39335"
dataStreamAddress: "localhost:40831"
clientAddress: "localhost:32863"
adminAddress: "localhost:35389"
startupRole: FOLLOWER
, old:)
java.util.concurrent.CompletionException: java.util.concurrent.RejectedExecutionException: Task java.util.concurrent.CompletableFuture$AsyncSupply@2850d63b rejected from java.util.concurrent.ThreadPoolExecutor@7cbe9dc4[Terminated, pool size = 0, active threads = 0, queued tasks = 0, completed tasks = 0]
	at java.base/java.util.concurrent.CompletableFuture.encodeThrowable(CompletableFuture.java:314)
	at java.base/java.util.concurrent.CompletableFuture.uniComposeStage(CompletableFuture.java:1113)
	at java.base/java.util.concurrent.CompletableFuture.thenCompose(CompletableFuture.java:2235)
	at org.apache.ratis.server.impl.RaftServerProxy.appendEntriesAsync(RaftServerProxy.java:634)
	at org.apache.ratis.grpc.server.GrpcServerProtocolService$1.process(GrpcServerProtocolService.java:219)
	at org.apache.ratis.grpc.server.GrpcServerProtocolService$1.process(GrpcServerProtocolService.java:216)
	at org.apache.ratis.grpc.server.GrpcServerProtocolService$ServerRequestStreamObserver.onNext(GrpcServerProtocolService.java:124)
	at org.apache.ratis.thirdparty.io.grpc.stub.ServerCalls$StreamingServerCallHandler$StreamingServerCallListener.onMessage(ServerCalls.java:262)
	at org.apache.ratis.thirdparty.io.grpc.ForwardingServerCallListener.onMessage(ForwardingServerCallListener.java:33)
	at org.apache.ratis.thirdparty.io.grpc.internal.ServerCallImpl$ServerStreamListenerImpl.messagesAvailableInternal(ServerCallImpl.java:332)
	at org.apache.ratis.thirdparty.io.grpc.internal.ServerCallImpl$ServerStreamListenerImpl.messagesAvailable(ServerCallImpl.java:315)
	at org.apache.ratis.thirdparty.io.grpc.internal.ServerImpl$JumpToApplicationThreadServerStreamListener$1MessagesAvailable.runInContext(ServerImpl.java:834)
	at org.apache.ratis.thirdparty.io.grpc.internal.ContextRunnable.run(ContextRunnable.java:37)
	at org.apache.ratis.thirdparty.io.grpc.internal.SerializingExecutor.run(SerializingExecutor.java:133)
	at java.base/java.util.concurrent.ThreadPoolExecutor.runWorker(ThreadPoolExecutor.java:1128)
	at java.base/java.util.concurrent.ThreadPoolExecutor$Worker.run(ThreadPoolExecutor.java:628)
	at java.base/java.lang.Thread.run(Thread.java:829)
Caused by: java.util.concurrent.RejectedExecutionException: Task java.util.concurrent.CompletableFuture$AsyncSupply@2850d63b rejected from java.util.concurrent.ThreadPoolExecutor@7cbe9dc4[Terminated, pool size = 0, active threads = 0, queued tasks = 0, completed tasks = 0]
	at java.base/java.util.concurrent.ThreadPoolExecutor$AbortPolicy.rejectedExecution(ThreadPoolExecutor.java:2055)
	at java.base/java.util.concurrent.ThreadPoolExecutor.reject(ThreadPoolExecutor.java:825)
	at java.base/java.util.concurrent.ThreadPoolExecutor.execute(ThreadPoolExecutor.java:1355)
	at java.base/java.util.concurrent.CompletableFuture.asyncSupplyStage(CompletableFuture.java:1714)
	at java.base/java.util.concurrent.CompletableFuture.supplyAsync(CompletableFuture.java:1931)
	at org.apache.ratis.server.impl.RaftServerImpl.executeSubmitServerRequestAsync(RaftServerImpl.java:812)
	at org.apache.ratis.server.impl.RaftServerProxy.lambda$appendEntriesAsync$27(RaftServerProxy.java:634)
	at java.base/java.util.concurrent.CompletableFuture.uniComposeStage(CompletableFuture.java:1106)
	... 15 more
2022-11-11 07:38:07,213 [s2@group-DC0BCF2C7030-StateMachineUpdater] INFO  impl.SimpleStateMachine4Testing (SimpleStateMachine4Testing.java:put(205)) - s2: put 185, m90 -> (t:2, i:185), STATEMACHINELOGENTRY, 476@client-70D4234AB40A
2022-11-11 07:38:07,214 [s0-server-thread1] DEBUG raftlog.RaftLog (SegmentedRaftLog.java:appendImpl(446)) - truncateIndex=-1, arrayIndex=0
2022-11-11 07:38:07,215 [s0@group-DC0BCF2C7030-StateMachineUpdater] INFO  impl.SimpleStateMachine4Testing (SimpleStateMachine4Testing.java:put(205)) - s0: put 185, m90 -> (t:2, i:185), STATEMACHINELOGENTRY, 476@client-70D4234AB40A
2022-11-11 07:38:07,216 [s0-server-thread1] DEBUG raftlog.RaftLog (SegmentedRaftLog.java:appendImpl(446)) - truncateIndex=-1, arrayIndex=0
2022-11-11 07:38:07,217 [s2@group-DC0BCF2C7030-LeaderStateImpl] INFO  segmented.SegmentedRaftLogWorker (SegmentedRaftLogWorker.java:rollLogSegment(436)) - s2@group-DC0BCF2C7030-SegmentedRaftLogWorker: Rolling segment log-161_187 to index:187
2022-11-11 07:38:07,217 [s2@group-DC0BCF2C7030-SegmentedRaftLogWorker] TRACE util.FileUtils (LogUtils.java:runAndLog(49)) - Successfully ran Atomic Files.move /home/runner/work/ratis/ratis/ratis-test/target/test/data/badbfba9/MiniRaftClusterWithGrpcf526e0ef/s2/4c2c9efe-0344-4438-a419-dc0bcf2c7030/current/log_inprogress_161 to /home/runner/work/ratis/ratis/ratis-test/target/test/data/badbfba9/MiniRaftClusterWithGrpcf526e0ef/s2/4c2c9efe-0344-4438-a419-dc0bcf2c7030/current/log_161-187
2022-11-11 07:38:07,217 [s2@group-DC0BCF2C7030-SegmentedRaftLogWorker] INFO  segmented.SegmentedRaftLogWorker (SegmentedRaftLogWorker.java:execute(592)) - s2@group-DC0BCF2C7030-SegmentedRaftLogWorker: Rolled log segment from /home/runner/work/ratis/ratis/ratis-test/target/test/data/badbfba9/MiniRaftClusterWithGrpcf526e0ef/s2/4c2c9efe-0344-4438-a419-dc0bcf2c7030/current/log_inprogress_161 to /home/runner/work/ratis/ratis/ratis-test/target/test/data/badbfba9/MiniRaftClusterWithGrpcf526e0ef/s2/4c2c9efe-0344-4438-a419-dc0bcf2c7030/current/log_161-187
2022-11-11 07:38:07,218 [s2@group-DC0BCF2C7030-StateMachineUpdater] INFO  impl.SimpleStateMachine4Testing (SimpleStateMachine4Testing.java:put(205)) - s2: put 187, m91 -> (t:2, i:187), STATEMACHINELOGENTRY, 477@client-70D4234AB40A
2022-11-11 07:38:07,219 [s2@group-DC0BCF2C7030-SegmentedRaftLogWorker] INFO  segmented.SegmentedRaftLogWorker (SegmentedRaftLogWorker.java:execute(635)) - s2@group-DC0BCF2C7030-SegmentedRaftLogWorker: created new log segment /home/runner/work/ratis/ratis/ratis-test/target/test/data/badbfba9/MiniRaftClusterWithGrpcf526e0ef/s2/4c2c9efe-0344-4438-a419-dc0bcf2c7030/current/log_inprogress_188
2022-11-11 07:38:07,220 [s0-server-thread1] DEBUG raftlog.RaftLog (SegmentedRaftLog.java:appendImpl(446)) - truncateIndex=-1, arrayIndex=0
2022-11-11 07:38:07,220 [s0-server-thread1] INFO  segmented.SegmentedRaftLogWorker (SegmentedRaftLogWorker.java:rollLogSegment(436)) - s0@group-DC0BCF2C7030-SegmentedRaftLogWorker: Rolling segment log-161_187 to index:187
2022-11-11 07:38:07,220 [s0@group-DC0BCF2C7030-SegmentedRaftLogWorker] TRACE util.FileUtils (LogUtils.java:runAndLog(49)) - Successfully ran Atomic Files.move /home/runner/work/ratis/ratis/ratis-test/target/test/data/badbfba9/MiniRaftClusterWithGrpcf526e0ef/s0/4c2c9efe-0344-4438-a419-dc0bcf2c7030/current/log_inprogress_161 to /home/runner/work/ratis/ratis/ratis-test/target/test/data/badbfba9/MiniRaftClusterWithGrpcf526e0ef/s0/4c2c9efe-0344-4438-a419-dc0bcf2c7030/current/log_161-187
2022-11-11 07:38:07,220 [s0@group-DC0BCF2C7030-SegmentedRaftLogWorker] INFO  segmented.SegmentedRaftLogWorker (SegmentedRaftLogWorker.java:execute(592)) - s0@group-DC0BCF2C7030-SegmentedRaftLogWorker: Rolled log segment from /home/runner/work/ratis/ratis/ratis-test/target/test/data/badbfba9/MiniRaftClusterWithGrpcf526e0ef/s0/4c2c9efe-0344-4438-a419-dc0bcf2c7030/current/log_inprogress_161 to /home/runner/work/ratis/ratis/ratis-test/target/test/data/badbfba9/MiniRaftClusterWithGrpcf526e0ef/s0/4c2c9efe-0344-4438-a419-dc0bcf2c7030/current/log_161-187
2022-11-11 07:38:07,222 [s0@group-DC0BCF2C7030-SegmentedRaftLogWorker] INFO  segmented.SegmentedRaftLogWorker (SegmentedRaftLogWorker.java:execute(635)) - s0@group-DC0BCF2C7030-SegmentedRaftLogWorker: created new log segment /home/runner/work/ratis/ratis/ratis-test/target/test/data/badbfba9/MiniRaftClusterWithGrpcf526e0ef/s0/4c2c9efe-0344-4438-a419-dc0bcf2c7030/current/log_inprogress_188
2022-11-11 07:38:07,222 [s0-server-thread1] DEBUG raftlog.RaftLog (SegmentedRaftLog.java:appendImpl(446)) - truncateIndex=-1, arrayIndex=0
2022-11-11 07:38:07,223 [s0@group-DC0BCF2C7030-StateMachineUpdater] INFO  impl.SimpleStateMachine4Testing (SimpleStateMachine4Testing.java:put(205)) - s0: put 187, m91 -> (t:2, i:187), STATEMACHINELOGENTRY, 477@client-70D4234AB40A
2022-11-11 07:38:07,224 [s2@group-DC0BCF2C7030-StateMachineUpdater] INFO  impl.SimpleStateMachine4Testing (SimpleStateMachine4Testing.java:put(205)) - s2: put 189, m92 -> (t:2, i:189), STATEMACHINELOGENTRY, 478@client-70D4234AB40A
2022-11-11 07:38:07,225 [grpc-default-executor-6] WARN  server.GrpcLogAppender (LogUtils.java:warn(124)) - s2@group-DC0BCF2C7030->s1-AppendLogResponseHandler: Failed appendEntries
java.io.IOException: java.util.concurrent.RejectedExecutionException: Task java.util.concurrent.CompletableFuture$AsyncSupply@2850d63b rejected from java.util.concurrent.ThreadPoolExecutor@7cbe9dc4[Terminated, pool size = 0, active threads = 0, queued tasks = 0, completed tasks = 0]
	at org.apache.ratis.util.IOUtils.asIOException(IOUtils.java:56)
	at org.apache.ratis.grpc.GrpcUtil.tryUnwrapException(GrpcUtil.java:121)
	at org.apache.ratis.grpc.GrpcUtil.unwrapThrowable(GrpcUtil.java:82)
	at org.apache.ratis.grpc.GrpcUtil.warn(GrpcUtil.java:178)
	at org.apache.ratis.grpc.server.GrpcLogAppender$AppendLogResponseHandler.onError(GrpcLogAppender.java:405)
	at org.apache.ratis.thirdparty.io.grpc.stub.ClientCalls$StreamObserverToCallListenerAdapter.onClose(ClientCalls.java:487)
	at org.apache.ratis.thirdparty.io.grpc.internal.ClientCallImpl.closeObserver(ClientCallImpl.java:562)
	at org.apache.ratis.thirdparty.io.grpc.internal.ClientCallImpl.access$300(ClientCallImpl.java:70)
	at org.apache.ratis.thirdparty.io.grpc.internal.ClientCallImpl$ClientStreamListenerImpl$1StreamClosed.runInternal(ClientCallImpl.java:743)
	at org.apache.ratis.thirdparty.io.grpc.internal.ClientCallImpl$ClientStreamListenerImpl$1StreamClosed.runInContext(ClientCallImpl.java:722)
	at org.apache.ratis.thirdparty.io.grpc.internal.ContextRunnable.run(ContextRunnable.java:37)
	at org.apache.ratis.thirdparty.io.grpc.internal.SerializingExecutor.run(SerializingExecutor.java:133)
	at java.base/java.util.concurrent.ThreadPoolExecutor.runWorker(ThreadPoolExecutor.java:1128)
	at java.base/java.util.concurrent.ThreadPoolExecutor$Worker.run(ThreadPoolExecutor.java:628)
	at java.base/java.lang.Thread.run(Thread.java:829)
Caused by: java.util.concurrent.RejectedExecutionException: Task java.util.concurrent.CompletableFuture$AsyncSupply@2850d63b rejected from java.util.concurrent.ThreadPoolExecutor@7cbe9dc4[Terminated, pool size = 0, active threads = 0, queued tasks = 0, completed tasks = 0]
	at java.base/jdk.internal.reflect.GeneratedConstructorAccessor11.newInstance(Unknown Source)
	at java.base/jdk.internal.reflect.DelegatingConstructorAccessorImpl.newInstance(DelegatingConstructorAccessorImpl.java:45)
	at java.base/java.lang.reflect.Constructor.newInstance(Constructor.java:490)
	at org.apache.ratis.util.ReflectionUtils.instantiateException(ReflectionUtils.java:259)
	at org.apache.ratis.grpc.GrpcUtil.tryUnwrapException(GrpcUtil.java:120)
	... 13 more
Caused by: org.apache.ratis.thirdparty.io.grpc.StatusRuntimeException: INTERNAL: Task java.util.concurrent.CompletableFuture$AsyncSupply@2850d63b rejected from java.util.concurrent.ThreadPoolExecutor@7cbe9dc4[Terminated, pool size = 0, active threads = 0, queued tasks = 0, completed tasks = 0]
	at org.apache.ratis.thirdparty.io.grpc.Status.asRuntimeException(Status.java:535)
	... 10 more
	Suppressed: java.lang.IllegalStateException: Failed to cast to class java.io.IOException, object=java.util.concurrent.RejectedExecutionException: Task java.util.concurrent.CompletableFuture$AsyncSupply@2850d63b rejected from java.util.concurrent.ThreadPoolExecutor@7cbe9dc4[Terminated, pool size = 0, active threads = 0, queued tasks = 0, completed tasks = 0]
	at java.base/java.util.concurrent.ThreadPoolExecutor$AbortPolicy.rejectedExecution(ThreadPoolExecutor.java:2055)
	at java.base/java.util.concurrent.ThreadPoolExecutor.reject(ThreadPoolExecutor.java:825)
	at java.base/java.util.concurrent.ThreadPoolExecutor.execute(ThreadPoolExecutor.java:1355)
	at java.base/java.util.concurrent.CompletableFuture.asyncSupplyStage(CompletableFuture.java:1714)
	at java.base/java.util.concurrent.CompletableFuture.supplyAsync(CompletableFuture.java:1931)
	at org.apache.ratis.server.impl.RaftServerImpl.executeSubmitServerRequestAsync(RaftServerImpl.java:812)
	at org.apache.ratis.server.impl.RaftServerProxy.lambda$appendEntriesAsync$27(RaftServerProxy.java:634)
	at java.base/java.util.concurrent.CompletableFuture.uniComposeStage(CompletableFuture.java:1106)
	at java.base/java.util.concurrent.CompletableFuture.thenCompose(CompletableFuture.java:2235)
	at org.apache.ratis.server.impl.RaftServerProxy.appendEntriesAsync(RaftServerProxy.java:634)
	at org.apache.ratis.grpc.server.GrpcServerProtocolService$1.process(GrpcServerProtocolService.java:219)
	at org.apache.ratis.grpc.server.GrpcServerProtocolService$1.process(GrpcServerProtocolService.java:216)
	at org.apache.ratis.grpc.server.GrpcServerProtocolService$ServerRequestStreamObserver.onNext(GrpcServerProtocolService.java:124)
	at org.apache.ratis.thirdparty.io.grpc.stub.ServerCalls$StreamingServerCallHandler$StreamingServerCallListener.onMessage(ServerCalls.java:262)
	at org.apache.ratis.thirdparty.io.grpc.ForwardingServerCallListener.onMessage(ForwardingServerCallListener.java:33)
	at org.apache.ratis.thirdparty.io.grpc.internal.ServerCallImpl$ServerStreamListenerImpl.messagesAvailableInternal(ServerCallImpl.java:332)
	at org.apache.ratis.thirdparty.io.grpc.internal.ServerCallImpl$ServerStreamListenerImpl.messagesAvailable(ServerCallImpl.java:315)
	at org.apache.ratis.thirdparty.io.grpc.internal.ServerImpl$JumpToApplicationThreadServerStreamListener$1MessagesAvailable.runInContext(ServerImpl.java:834)
	at org.apache.ratis.thirdparty.io.grpc.internal.ContextRunnable.run(ContextRunnable.java:37)
	at org.apache.ratis.thirdparty.io.grpc.internal.SerializingExecutor.run(SerializingExecutor.java:133)
	at java.base/java.util.concurrent.ThreadPoolExecutor.runWorker(ThreadPoolExecutor.java:1128)
	at java.base/java.util.concurrent.ThreadPoolExecutor$Worker.run(ThreadPoolExecutor.java:628)
	at java.base/java.lang.Thread.run(Thread.java:829)

		at org.apache.ratis.util.IOUtils.readObject(IOUtils.java:237)
		at org.apache.ratis.util.IOUtils.bytes2Object(IOUtils.java:214)
		at org.apache.ratis.grpc.GrpcUtil.tryUnwrapException(GrpcUtil.java:109)
		at org.apache.ratis.grpc.GrpcUtil.unwrapThrowable(GrpcUtil.java:82)
		at org.apache.ratis.grpc.GrpcUtil.warn(GrpcUtil.java:178)
		at org.apache.ratis.grpc.server.GrpcLogAppender$AppendLogResponseHandler.onError(GrpcLogAppender.java:405)
		... 10 more
	Caused by: java.lang.ClassCastException: Cannot cast java.util.concurrent.RejectedExecutionException to java.io.IOException
		at java.base/java.lang.Class.cast(Class.java:3605)
		at org.apache.ratis.util.IOUtils.readObject(IOUtils.java:234)
		... 15 more
2022-11-11 07:38:07,226 [grpc-default-executor-6] INFO  leader.FollowerInfo (FollowerInfoImpl.java:lambda$new$0(48)) - s2@group-DC0BCF2C7030->s1: nextIndex: updateUnconditionally 186 -> 139
2022-11-11 07:38:07,227 [s0-server-thread1] DEBUG raftlog.RaftLog (SegmentedRaftLog.java:appendImpl(446)) - truncateIndex=-1, arrayIndex=0
2022-11-11 07:38:07,228 [s0@group-DC0BCF2C7030-StateMachineUpdater] INFO  impl.SimpleStateMachine4Testing (SimpleStateMachine4Testing.java:put(205)) - s0: put 189, m92 -> (t:2, i:189), STATEMACHINELOGENTRY, 478@client-70D4234AB40A
2022-11-11 07:38:07,229 [grpc-default-executor-2] WARN  server.GrpcServerProtocolService (LogUtils.java:warn(124)) - s1: Failed APPEND_ENTRIES request s2->s1#93-t2,previous=(t:1, i:138),leaderCommit=189,initializing? true,entries: size=53, first=(t:2, i:139), CONFIGURATIONENTRY(current:id: "s0"
address: "localhost:38889"
dataStreamAddress: "localhost:44045"
clientAddress: "localhost:36221"
adminAddress: "localhost:33369"
startupRole: FOLLOWER
,id: "s1"
address: "localhost:33469"
dataStreamAddress: "localhost:41079"
clientAddress: "localhost:38107"
adminAddress: "localhost:35601"
startupRole: FOLLOWER
,id: "s2"
address: "localhost:39335"
dataStreamAddress: "localhost:40831"
clientAddress: "localhost:32863"
adminAddress: "localhost:35389"
startupRole: FOLLOWER
, old:)
java.util.concurrent.CompletionException: java.util.concurrent.RejectedExecutionException: Task java.util.concurrent.CompletableFuture$AsyncSupply@5144b848 rejected from java.util.concurrent.ThreadPoolExecutor@7cbe9dc4[Terminated, pool size = 0, active threads = 0, queued tasks = 0, completed tasks = 0]
	at java.base/java.util.concurrent.CompletableFuture.encodeThrowable(CompletableFuture.java:314)
	at java.base/java.util.concurrent.CompletableFuture.uniComposeStage(CompletableFuture.java:1113)
	at java.base/java.util.concurrent.CompletableFuture.thenCompose(CompletableFuture.java:2235)
	at org.apache.ratis.server.impl.RaftServerProxy.appendEntriesAsync(RaftServerProxy.java:634)
	at org.apache.ratis.grpc.server.GrpcServerProtocolService$1.process(GrpcServerProtocolService.java:219)
	at org.apache.ratis.grpc.server.GrpcServerProtocolService$1.process(GrpcServerProtocolService.java:216)
	at org.apache.ratis.grpc.server.GrpcServerProtocolService$ServerRequestStreamObserver.onNext(GrpcServerProtocolService.java:124)
	at org.apache.ratis.thirdparty.io.grpc.stub.ServerCalls$StreamingServerCallHandler$StreamingServerCallListener.onMessage(ServerCalls.java:262)
	at org.apache.ratis.thirdparty.io.grpc.ForwardingServerCallListener.onMessage(ForwardingServerCallListener.java:33)
	at org.apache.ratis.thirdparty.io.grpc.internal.ServerCallImpl$ServerStreamListenerImpl.messagesAvailableInternal(ServerCallImpl.java:332)
	at org.apache.ratis.thirdparty.io.grpc.internal.ServerCallImpl$ServerStreamListenerImpl.messagesAvailable(ServerCallImpl.java:315)
	at org.apache.ratis.thirdparty.io.grpc.internal.ServerImpl$JumpToApplicationThreadServerStreamListener$1MessagesAvailable.runInContext(ServerImpl.java:834)
	at org.apache.ratis.thirdparty.io.grpc.internal.ContextRunnable.run(ContextRunnable.java:37)
	at org.apache.ratis.thirdparty.io.grpc.internal.SerializingExecutor.run(SerializingExecutor.java:133)
	at java.base/java.util.concurrent.ThreadPoolExecutor.runWorker(ThreadPoolExecutor.java:1128)
	at java.base/java.util.concurrent.ThreadPoolExecutor$Worker.run(ThreadPoolExecutor.java:628)
	at java.base/java.lang.Thread.run(Thread.java:829)
Caused by: java.util.concurrent.RejectedExecutionException: Task java.util.concurrent.CompletableFuture$AsyncSupply@5144b848 rejected from java.util.concurrent.ThreadPoolExecutor@7cbe9dc4[Terminated, pool size = 0, active threads = 0, queued tasks = 0, completed tasks = 0]
	at java.base/java.util.concurrent.ThreadPoolExecutor$AbortPolicy.rejectedExecution(ThreadPoolExecutor.java:2055)
	at java.base/java.util.concurrent.ThreadPoolExecutor.reject(ThreadPoolExecutor.java:825)
	at java.base/java.util.concurrent.ThreadPoolExecutor.execute(ThreadPoolExecutor.java:1355)
	at java.base/java.util.concurrent.CompletableFuture.asyncSupplyStage(CompletableFuture.java:1714)
	at java.base/java.util.concurrent.CompletableFuture.supplyAsync(CompletableFuture.java:1931)
	at org.apache.ratis.server.impl.RaftServerImpl.executeSubmitServerRequestAsync(RaftServerImpl.java:812)
	at org.apache.ratis.server.impl.RaftServerProxy.lambda$appendEntriesAsync$27(RaftServerProxy.java:634)
	at java.base/java.util.concurrent.CompletableFuture.uniComposeStage(CompletableFuture.java:1106)
	... 15 more
2022-11-11 07:38:07,231 [grpc-default-executor-2] WARN  server.GrpcLogAppender (LogUtils.java:warn(124)) - s2@group-DC0BCF2C7030->s1-AppendLogResponseHandler: Failed appendEntries
java.io.IOException: java.util.concurrent.RejectedExecutionException: Task java.util.concurrent.CompletableFuture$AsyncSupply@5144b848 rejected from java.util.concurrent.ThreadPoolExecutor@7cbe9dc4[Terminated, pool size = 0, active threads = 0, queued tasks = 0, completed tasks = 0]
	at org.apache.ratis.util.IOUtils.asIOException(IOUtils.java:56)
	at org.apache.ratis.grpc.GrpcUtil.tryUnwrapException(GrpcUtil.java:121)
	at org.apache.ratis.grpc.GrpcUtil.unwrapThrowable(GrpcUtil.java:82)
	at org.apache.ratis.grpc.GrpcUtil.warn(GrpcUtil.java:178)
	at org.apache.ratis.grpc.server.GrpcLogAppender$AppendLogResponseHandler.onError(GrpcLogAppender.java:405)
	at org.apache.ratis.thirdparty.io.grpc.stub.ClientCalls$StreamObserverToCallListenerAdapter.onClose(ClientCalls.java:487)
	at org.apache.ratis.thirdparty.io.grpc.internal.ClientCallImpl.closeObserver(ClientCallImpl.java:562)
	at org.apache.ratis.thirdparty.io.grpc.internal.ClientCallImpl.access$300(ClientCallImpl.java:70)
	at org.apache.ratis.thirdparty.io.grpc.internal.ClientCallImpl$ClientStreamListenerImpl$1StreamClosed.runInternal(ClientCallImpl.java:743)
	at org.apache.ratis.thirdparty.io.grpc.internal.ClientCallImpl$ClientStreamListenerImpl$1StreamClosed.runInContext(ClientCallImpl.java:722)
	at org.apache.ratis.thirdparty.io.grpc.internal.ContextRunnable.run(ContextRunnable.java:37)
	at org.apache.ratis.thirdparty.io.grpc.internal.SerializingExecutor.run(SerializingExecutor.java:133)
	at java.base/java.util.concurrent.ThreadPoolExecutor.runWorker(ThreadPoolExecutor.java:1128)
	at java.base/java.util.concurrent.ThreadPoolExecutor$Worker.run(ThreadPoolExecutor.java:628)
	at java.base/java.lang.Thread.run(Thread.java:829)
Caused by: java.util.concurrent.RejectedExecutionException: Task java.util.concurrent.CompletableFuture$AsyncSupply@5144b848 rejected from java.util.concurrent.ThreadPoolExecutor@7cbe9dc4[Terminated, pool size = 0, active threads = 0, queued tasks = 0, completed tasks = 0]
	at java.base/jdk.internal.reflect.GeneratedConstructorAccessor11.newInstance(Unknown Source)
	at java.base/jdk.internal.reflect.DelegatingConstructorAccessorImpl.newInstance(DelegatingConstructorAccessorImpl.java:45)
	at java.base/java.lang.reflect.Constructor.newInstance(Constructor.java:490)
	at org.apache.ratis.util.ReflectionUtils.instantiateException(ReflectionUtils.java:259)
	at org.apache.ratis.grpc.GrpcUtil.tryUnwrapException(GrpcUtil.java:120)
	... 13 more
Caused by: org.apache.ratis.thirdparty.io.grpc.StatusRuntimeException: INTERNAL: Task java.util.concurrent.CompletableFuture$AsyncSupply@5144b848 rejected from java.util.concurrent.ThreadPoolExecutor@7cbe9dc4[Terminated, pool size = 0, active threads = 0, queued tasks = 0, completed tasks = 0]
	at org.apache.ratis.thirdparty.io.grpc.Status.asRuntimeException(Status.java:535)
	... 10 more
	Suppressed: java.lang.IllegalStateException: Failed to cast to class java.io.IOException, object=java.util.concurrent.RejectedExecutionException: Task java.util.concurrent.CompletableFuture$AsyncSupply@5144b848 rejected from java.util.concurrent.ThreadPoolExecutor@7cbe9dc4[Terminated, pool size = 0, active threads = 0, queued tasks = 0, completed tasks = 0]
	at java.base/java.util.concurrent.ThreadPoolExecutor$AbortPolicy.rejectedExecution(ThreadPoolExecutor.java:2055)
	at java.base/java.util.concurrent.ThreadPoolExecutor.reject(ThreadPoolExecutor.java:825)
	at java.base/java.util.concurrent.ThreadPoolExecutor.execute(ThreadPoolExecutor.java:1355)
	at java.base/java.util.concurrent.CompletableFuture.asyncSupplyStage(CompletableFuture.java:1714)
	at java.base/java.util.concurrent.CompletableFuture.supplyAsync(CompletableFuture.java:1931)
	at org.apache.ratis.server.impl.RaftServerImpl.executeSubmitServerRequestAsync(RaftServerImpl.java:812)
	at org.apache.ratis.server.impl.RaftServerProxy.lambda$appendEntriesAsync$27(RaftServerProxy.java:634)
	at java.base/java.util.concurrent.CompletableFuture.uniComposeStage(CompletableFuture.java:1106)
	at java.base/java.util.concurrent.CompletableFuture.thenCompose(CompletableFuture.java:2235)
	at org.apache.ratis.server.impl.RaftServerProxy.appendEntriesAsync(RaftServerProxy.java:634)
	at org.apache.ratis.grpc.server.GrpcServerProtocolService$1.process(GrpcServerProtocolService.java:219)
	at org.apache.ratis.grpc.server.GrpcServerProtocolService$1.process(GrpcServerProtocolService.java:216)
	at org.apache.ratis.grpc.server.GrpcServerProtocolService$ServerRequestStreamObserver.onNext(GrpcServerProtocolService.java:124)
	at org.apache.ratis.thirdparty.io.grpc.stub.ServerCalls$StreamingServerCallHandler$StreamingServerCallListener.onMessage(ServerCalls.java:262)
	at org.apache.ratis.thirdparty.io.grpc.ForwardingServerCallListener.onMessage(ForwardingServerCallListener.java:33)
	at org.apache.ratis.thirdparty.io.grpc.internal.ServerCallImpl$ServerStreamListenerImpl.messagesAvailableInternal(ServerCallImpl.java:332)
	at org.apache.ratis.thirdparty.io.grpc.internal.ServerCallImpl$ServerStreamListenerImpl.messagesAvailable(ServerCallImpl.java:315)
	at org.apache.ratis.thirdparty.io.grpc.internal.ServerImpl$JumpToApplicationThreadServerStreamListener$1MessagesAvailable.runInContext(ServerImpl.java:834)
	at org.apache.ratis.thirdparty.io.grpc.internal.ContextRunnable.run(ContextRunnable.java:37)
	at org.apache.ratis.thirdparty.io.grpc.internal.SerializingExecutor.run(SerializingExecutor.java:133)
	at java.base/java.util.concurrent.ThreadPoolExecutor.runWorker(ThreadPoolExecutor.java:1128)
	at java.base/java.util.concurrent.ThreadPoolExecutor$Worker.run(ThreadPoolExecutor.java:628)
	at java.base/java.lang.Thread.run(Thread.java:829)

		at org.apache.ratis.util.IOUtils.readObject(IOUtils.java:237)
		at org.apache.ratis.util.IOUtils.bytes2Object(IOUtils.java:214)
		at org.apache.ratis.grpc.GrpcUtil.tryUnwrapException(GrpcUtil.java:109)
		at org.apache.ratis.grpc.GrpcUtil.unwrapThrowable(GrpcUtil.java:82)
		at org.apache.ratis.grpc.GrpcUtil.warn(GrpcUtil.java:178)
		at org.apache.ratis.grpc.server.GrpcLogAppender$AppendLogResponseHandler.onError(GrpcLogAppender.java:405)
		... 10 more
	Caused by: java.lang.ClassCastException: Cannot cast java.util.concurrent.RejectedExecutionException to java.io.IOException
		at java.base/java.lang.Class.cast(Class.java:3605)
		at org.apache.ratis.util.IOUtils.readObject(IOUtils.java:234)
		... 15 more
2022-11-11 07:38:07,232 [grpc-default-executor-2] INFO  leader.FollowerInfo (FollowerInfoImpl.java:lambda$new$0(48)) - s2@group-DC0BCF2C7030->s1: nextIndex: updateUnconditionally 192 -> 139
2022-11-11 07:38:07,233 [s0-server-thread1] DEBUG raftlog.RaftLog (SegmentedRaftLog.java:appendImpl(446)) - truncateIndex=-1, arrayIndex=0
2022-11-11 07:38:07,234 [s2@group-DC0BCF2C7030-StateMachineUpdater] INFO  impl.SimpleStateMachine4Testing (SimpleStateMachine4Testing.java:put(205)) - s2: put 191, m93 -> (t:2, i:191), STATEMACHINELOGENTRY, 479@client-70D4234AB40A
2022-11-11 07:38:07,240 [grpc-default-executor-6] WARN  server.GrpcServerProtocolService (LogUtils.java:warn(124)) - s1: Failed APPEND_ENTRIES request s2->s1#94-t2,previous=(t:1, i:138),leaderCommit=189,initializing? true,entries: size=53, first=(t:2, i:139), CONFIGURATIONENTRY(current:id: "s0"
address: "localhost:38889"
dataStreamAddress: "localhost:44045"
clientAddress: "localhost:36221"
adminAddress: "localhost:33369"
startupRole: FOLLOWER
,id: "s1"
address: "localhost:33469"
dataStreamAddress: "localhost:41079"
clientAddress: "localhost:38107"
adminAddress: "localhost:35601"
startupRole: FOLLOWER
,id: "s2"
address: "localhost:39335"
dataStreamAddress: "localhost:40831"
clientAddress: "localhost:32863"
adminAddress: "localhost:35389"
startupRole: FOLLOWER
, old:)
java.util.concurrent.CompletionException: java.util.concurrent.RejectedExecutionException: Task java.util.concurrent.CompletableFuture$AsyncSupply@76e8a1a7 rejected from java.util.concurrent.ThreadPoolExecutor@7cbe9dc4[Terminated, pool size = 0, active threads = 0, queued tasks = 0, completed tasks = 0]
	at java.base/java.util.concurrent.CompletableFuture.encodeThrowable(CompletableFuture.java:314)
	at java.base/java.util.concurrent.CompletableFuture.uniComposeStage(CompletableFuture.java:1113)
	at java.base/java.util.concurrent.CompletableFuture.thenCompose(CompletableFuture.java:2235)
	at org.apache.ratis.server.impl.RaftServerProxy.appendEntriesAsync(RaftServerProxy.java:634)
	at org.apache.ratis.grpc.server.GrpcServerProtocolService$1.process(GrpcServerProtocolService.java:219)
	at org.apache.ratis.grpc.server.GrpcServerProtocolService$1.process(GrpcServerProtocolService.java:216)
	at org.apache.ratis.grpc.server.GrpcServerProtocolService$ServerRequestStreamObserver.onNext(GrpcServerProtocolService.java:124)
	at org.apache.ratis.thirdparty.io.grpc.stub.ServerCalls$StreamingServerCallHandler$StreamingServerCallListener.onMessage(ServerCalls.java:262)
	at org.apache.ratis.thirdparty.io.grpc.ForwardingServerCallListener.onMessage(ForwardingServerCallListener.java:33)
	at org.apache.ratis.thirdparty.io.grpc.internal.ServerCallImpl$ServerStreamListenerImpl.messagesAvailableInternal(ServerCallImpl.java:332)
	at org.apache.ratis.thirdparty.io.grpc.internal.ServerCallImpl$ServerStreamListenerImpl.messagesAvailable(ServerCallImpl.java:315)
	at org.apache.ratis.thirdparty.io.grpc.internal.ServerImpl$JumpToApplicationThreadServerStreamListener$1MessagesAvailable.runInContext(ServerImpl.java:834)
	at org.apache.ratis.thirdparty.io.grpc.internal.ContextRunnable.run(ContextRunnable.java:37)
	at org.apache.ratis.thirdparty.io.grpc.internal.SerializingExecutor.run(SerializingExecutor.java:133)
	at java.base/java.util.concurrent.ThreadPoolExecutor.runWorker(ThreadPoolExecutor.java:1128)
	at java.base/java.util.concurrent.ThreadPoolExecutor$Worker.run(ThreadPoolExecutor.java:628)
	at java.base/java.lang.Thread.run(Thread.java:829)
Caused by: java.util.concurrent.RejectedExecutionException: Task java.util.concurrent.CompletableFuture$AsyncSupply@76e8a1a7 rejected from java.util.concurrent.ThreadPoolExecutor@7cbe9dc4[Terminated, pool size = 0, active threads = 0, queued tasks = 0, completed tasks = 0]
	at java.base/java.util.concurrent.ThreadPoolExecutor$AbortPolicy.rejectedExecution(ThreadPoolExecutor.java:2055)
	at java.base/java.util.concurrent.ThreadPoolExecutor.reject(ThreadPoolExecutor.java:825)
	at java.base/java.util.concurrent.ThreadPoolExecutor.execute(ThreadPoolExecutor.java:1355)
	at java.base/java.util.concurrent.CompletableFuture.asyncSupplyStage(CompletableFuture.java:1714)
	at java.base/java.util.concurrent.CompletableFuture.supplyAsync(CompletableFuture.java:1931)
	at org.apache.ratis.server.impl.RaftServerImpl.executeSubmitServerRequestAsync(RaftServerImpl.java:812)
	at org.apache.ratis.server.impl.RaftServerProxy.lambda$appendEntriesAsync$27(RaftServerProxy.java:634)
	at java.base/java.util.concurrent.CompletableFuture.uniComposeStage(CompletableFuture.java:1106)
	... 15 more
2022-11-11 07:38:07,244 [grpc-default-executor-2] WARN  server.GrpcLogAppender (LogUtils.java:warn(124)) - s2@group-DC0BCF2C7030->s1-AppendLogResponseHandler: Failed appendEntries
java.io.IOException: java.util.concurrent.RejectedExecutionException: Task java.util.concurrent.CompletableFuture$AsyncSupply@76e8a1a7 rejected from java.util.concurrent.ThreadPoolExecutor@7cbe9dc4[Terminated, pool size = 0, active threads = 0, queued tasks = 0, completed tasks = 0]
	at org.apache.ratis.util.IOUtils.asIOException(IOUtils.java:56)
	at org.apache.ratis.grpc.GrpcUtil.tryUnwrapException(GrpcUtil.java:121)
	at org.apache.ratis.grpc.GrpcUtil.unwrapThrowable(GrpcUtil.java:82)
	at org.apache.ratis.grpc.GrpcUtil.warn(GrpcUtil.java:178)
	at org.apache.ratis.grpc.server.GrpcLogAppender$AppendLogResponseHandler.onError(GrpcLogAppender.java:405)
	at org.apache.ratis.thirdparty.io.grpc.stub.ClientCalls$StreamObserverToCallListenerAdapter.onClose(ClientCalls.java:487)
	at org.apache.ratis.thirdparty.io.grpc.internal.ClientCallImpl.closeObserver(ClientCallImpl.java:562)
	at org.apache.ratis.thirdparty.io.grpc.internal.ClientCallImpl.access$300(ClientCallImpl.java:70)
	at org.apache.ratis.thirdparty.io.grpc.internal.ClientCallImpl$ClientStreamListenerImpl$1StreamClosed.runInternal(ClientCallImpl.java:743)
	at org.apache.ratis.thirdparty.io.grpc.internal.ClientCallImpl$ClientStreamListenerImpl$1StreamClosed.runInContext(ClientCallImpl.java:722)
	at org.apache.ratis.thirdparty.io.grpc.internal.ContextRunnable.run(ContextRunnable.java:37)
	at org.apache.ratis.thirdparty.io.grpc.internal.SerializingExecutor.run(SerializingExecutor.java:133)
	at java.base/java.util.concurrent.ThreadPoolExecutor.runWorker(ThreadPoolExecutor.java:1128)
	at java.base/java.util.concurrent.ThreadPoolExecutor$Worker.run(ThreadPoolExecutor.java:628)
	at java.base/java.lang.Thread.run(Thread.java:829)
Caused by: java.util.concurrent.RejectedExecutionException: Task java.util.concurrent.CompletableFuture$AsyncSupply@76e8a1a7 rejected from java.util.concurrent.ThreadPoolExecutor@7cbe9dc4[Terminated, pool size = 0, active threads = 0, queued tasks = 0, completed tasks = 0]
	at java.base/jdk.internal.reflect.GeneratedConstructorAccessor11.newInstance(Unknown Source)
	at java.base/jdk.internal.reflect.DelegatingConstructorAccessorImpl.newInstance(DelegatingConstructorAccessorImpl.java:45)
	at java.base/java.lang.reflect.Constructor.newInstance(Constructor.java:490)
	at org.apache.ratis.util.ReflectionUtils.instantiateException(ReflectionUtils.java:259)
	at org.apache.ratis.grpc.GrpcUtil.tryUnwrapException(GrpcUtil.java:120)
	... 13 more
Caused by: org.apache.ratis.thirdparty.io.grpc.StatusRuntimeException: INTERNAL: Task java.util.concurrent.CompletableFuture$AsyncSupply@76e8a1a7 rejected from java.util.concurrent.ThreadPoolExecutor@7cbe9dc4[Terminated, pool size = 0, active threads = 0, queued tasks = 0, completed tasks = 0]
	at org.apache.ratis.thirdparty.io.grpc.Status.asRuntimeException(Status.java:535)
	... 10 more
	Suppressed: java.lang.IllegalStateException: Failed to cast to class java.io.IOException, object=java.util.concurrent.RejectedExecutionException: Task java.util.concurrent.CompletableFuture$AsyncSupply@76e8a1a7 rejected from java.util.concurrent.ThreadPoolExecutor@7cbe9dc4[Terminated, pool size = 0, active threads = 0, queued tasks = 0, completed tasks = 0]
	at java.base/java.util.concurrent.ThreadPoolExecutor$AbortPolicy.rejectedExecution(ThreadPoolExecutor.java:2055)
	at java.base/java.util.concurrent.ThreadPoolExecutor.reject(ThreadPoolExecutor.java:825)
	at java.base/java.util.concurrent.ThreadPoolExecutor.execute(ThreadPoolExecutor.java:1355)
	at java.base/java.util.concurrent.CompletableFuture.asyncSupplyStage(CompletableFuture.java:1714)
	at java.base/java.util.concurrent.CompletableFuture.supplyAsync(CompletableFuture.java:1931)
	at org.apache.ratis.server.impl.RaftServerImpl.executeSubmitServerRequestAsync(RaftServerImpl.java:812)
	at org.apache.ratis.server.impl.RaftServerProxy.lambda$appendEntriesAsync$27(RaftServerProxy.java:634)
	at java.base/java.util.concurrent.CompletableFuture.uniComposeStage(CompletableFuture.java:1106)
	at java.base/java.util.concurrent.CompletableFuture.thenCompose(CompletableFuture.java:2235)
	at org.apache.ratis.server.impl.RaftServerProxy.appendEntriesAsync(RaftServerProxy.java:634)
	at org.apache.ratis.grpc.server.GrpcServerProtocolService$1.process(GrpcServerProtocolService.java:219)
	at org.apache.ratis.grpc.server.GrpcServerProtocolService$1.process(GrpcServerProtocolService.java:216)
	at org.apache.ratis.grpc.server.GrpcServerProtocolService$ServerRequestStreamObserver.onNext(GrpcServerProtocolService.java:124)
	at org.apache.ratis.thirdparty.io.grpc.stub.ServerCalls$StreamingServerCallHandler$StreamingServerCallListener.onMessage(ServerCalls.java:262)
	at org.apache.ratis.thirdparty.io.grpc.ForwardingServerCallListener.onMessage(ForwardingServerCallListener.java:33)
	at org.apache.ratis.thirdparty.io.grpc.internal.ServerCallImpl$ServerStreamListenerImpl.messagesAvailableInternal(ServerCallImpl.java:332)
	at org.apache.ratis.thirdparty.io.grpc.internal.ServerCallImpl$ServerStreamListenerImpl.messagesAvailable(ServerCallImpl.java:315)
	at org.apache.ratis.thirdparty.io.grpc.internal.ServerImpl$JumpToApplicationThreadServerStreamListener$1MessagesAvailable.runInContext(ServerImpl.java:834)
	at org.apache.ratis.thirdparty.io.grpc.internal.ContextRunnable.run(ContextRunnable.java:37)
	at org.apache.ratis.thirdparty.io.grpc.internal.SerializingExecutor.run(SerializingExecutor.java:133)
	at java.base/java.util.concurrent.ThreadPoolExecutor.runWorker(ThreadPoolExecutor.java:1128)
	at java.base/java.util.concurrent.ThreadPoolExecutor$Worker.run(ThreadPoolExecutor.java:628)
	at java.base/java.lang.Thread.run(Thread.java:829)

		at org.apache.ratis.util.IOUtils.readObject(IOUtils.java:237)
		at org.apache.ratis.util.IOUtils.bytes2Object(IOUtils.java:214)
		at org.apache.ratis.grpc.GrpcUtil.tryUnwrapException(GrpcUtil.java:109)
		at org.apache.ratis.grpc.GrpcUtil.unwrapThrowable(GrpcUtil.java:82)
		at org.apache.ratis.grpc.GrpcUtil.warn(GrpcUtil.java:178)
		at org.apache.ratis.grpc.server.GrpcLogAppender$AppendLogResponseHandler.onError(GrpcLogAppender.java:405)
		... 10 more
	Caused by: java.lang.ClassCastException: Cannot cast java.util.concurrent.RejectedExecutionException to java.io.IOException
		at java.base/java.lang.Class.cast(Class.java:3605)
		at org.apache.ratis.util.IOUtils.readObject(IOUtils.java:234)
		... 15 more
2022-11-11 07:38:07,245 [grpc-default-executor-2] INFO  leader.FollowerInfo (FollowerInfoImpl.java:lambda$new$0(48)) - s2@group-DC0BCF2C7030->s1: nextIndex: updateUnconditionally 192 -> 139
2022-11-11 07:38:07,245 [s0-server-thread1] DEBUG raftlog.RaftLog (SegmentedRaftLog.java:appendImpl(446)) - truncateIndex=-1, arrayIndex=0
2022-11-11 07:38:07,247 [s0@group-DC0BCF2C7030-StateMachineUpdater] INFO  impl.SimpleStateMachine4Testing (SimpleStateMachine4Testing.java:put(205)) - s0: put 191, m93 -> (t:2, i:191), STATEMACHINELOGENTRY, 479@client-70D4234AB40A
2022-11-11 07:38:07,247 [grpc-default-executor-4] WARN  server.GrpcServerProtocolService (LogUtils.java:warn(124)) - s1: Failed APPEND_ENTRIES request s2->s1#97-t2,previous=(t:1, i:138),leaderCommit=191,initializing? true,entries: size=55, first=(t:2, i:139), CONFIGURATIONENTRY(current:id: "s0"
address: "localhost:38889"
dataStreamAddress: "localhost:44045"
clientAddress: "localhost:36221"
adminAddress: "localhost:33369"
startupRole: FOLLOWER
,id: "s1"
address: "localhost:33469"
dataStreamAddress: "localhost:41079"
clientAddress: "localhost:38107"
adminAddress: "localhost:35601"
startupRole: FOLLOWER
,id: "s2"
address: "localhost:39335"
dataStreamAddress: "localhost:40831"
clientAddress: "localhost:32863"
adminAddress: "localhost:35389"
startupRole: FOLLOWER
, old:)
java.util.concurrent.CompletionException: java.util.concurrent.RejectedExecutionException: Task java.util.concurrent.CompletableFuture$AsyncSupply@70aa3a88 rejected from java.util.concurrent.ThreadPoolExecutor@7cbe9dc4[Terminated, pool size = 0, active threads = 0, queued tasks = 0, completed tasks = 0]
	at java.base/java.util.concurrent.CompletableFuture.encodeThrowable(CompletableFuture.java:314)
	at java.base/java.util.concurrent.CompletableFuture.uniComposeStage(CompletableFuture.java:1113)
	at java.base/java.util.concurrent.CompletableFuture.thenCompose(CompletableFuture.java:2235)
	at org.apache.ratis.server.impl.RaftServerProxy.appendEntriesAsync(RaftServerProxy.java:634)
	at org.apache.ratis.grpc.server.GrpcServerProtocolService$1.process(GrpcServerProtocolService.java:219)
	at org.apache.ratis.grpc.server.GrpcServerProtocolService$1.process(GrpcServerProtocolService.java:216)
	at org.apache.ratis.grpc.server.GrpcServerProtocolService$ServerRequestStreamObserver.onNext(GrpcServerProtocolService.java:124)
	at org.apache.ratis.thirdparty.io.grpc.stub.ServerCalls$StreamingServerCallHandler$StreamingServerCallListener.onMessage(ServerCalls.java:262)
	at org.apache.ratis.thirdparty.io.grpc.ForwardingServerCallListener.onMessage(ForwardingServerCallListener.java:33)
	at org.apache.ratis.thirdparty.io.grpc.internal.ServerCallImpl$ServerStreamListenerImpl.messagesAvailableInternal(ServerCallImpl.java:332)
	at org.apache.ratis.thirdparty.io.grpc.internal.ServerCallImpl$ServerStreamListenerImpl.messagesAvailable(ServerCallImpl.java:315)
	at org.apache.ratis.thirdparty.io.grpc.internal.ServerImpl$JumpToApplicationThreadServerStreamListener$1MessagesAvailable.runInContext(ServerImpl.java:834)
	at org.apache.ratis.thirdparty.io.grpc.internal.ContextRunnable.run(ContextRunnable.java:37)
	at org.apache.ratis.thirdparty.io.grpc.internal.SerializingExecutor.run(SerializingExecutor.java:133)
	at java.base/java.util.concurrent.ThreadPoolExecutor.runWorker(ThreadPoolExecutor.java:1128)
	at java.base/java.util.concurrent.ThreadPoolExecutor$Worker.run(ThreadPoolExecutor.java:628)
	at java.base/java.lang.Thread.run(Thread.java:829)
Caused by: java.util.concurrent.RejectedExecutionException: Task java.util.concurrent.CompletableFuture$AsyncSupply@70aa3a88 rejected from java.util.concurrent.ThreadPoolExecutor@7cbe9dc4[Terminated, pool size = 0, active threads = 0, queued tasks = 0, completed tasks = 0]
	at java.base/java.util.concurrent.ThreadPoolExecutor$AbortPolicy.rejectedExecution(ThreadPoolExecutor.java:2055)
	at java.base/java.util.concurrent.ThreadPoolExecutor.reject(ThreadPoolExecutor.java:825)
	at java.base/java.util.concurrent.ThreadPoolExecutor.execute(ThreadPoolExecutor.java:1355)
	at java.base/java.util.concurrent.CompletableFuture.asyncSupplyStage(CompletableFuture.java:1714)
	at java.base/java.util.concurrent.CompletableFuture.supplyAsync(CompletableFuture.java:1931)
	at org.apache.ratis.server.impl.RaftServerImpl.executeSubmitServerRequestAsync(RaftServerImpl.java:812)
	at org.apache.ratis.server.impl.RaftServerProxy.lambda$appendEntriesAsync$27(RaftServerProxy.java:634)
	at java.base/java.util.concurrent.CompletableFuture.uniComposeStage(CompletableFuture.java:1106)
	... 15 more
2022-11-11 07:38:07,248 [s0-server-thread1] DEBUG raftlog.RaftLog (SegmentedRaftLog.java:appendImpl(446)) - truncateIndex=-1, arrayIndex=0
2022-11-11 07:38:07,255 [grpc-default-executor-4] WARN  server.GrpcLogAppender (LogUtils.java:warn(124)) - s2@group-DC0BCF2C7030->s1-AppendLogResponseHandler: Failed appendEntries
java.io.IOException: java.util.concurrent.RejectedExecutionException: Task java.util.concurrent.CompletableFuture$AsyncSupply@70aa3a88 rejected from java.util.concurrent.ThreadPoolExecutor@7cbe9dc4[Terminated, pool size = 0, active threads = 0, queued tasks = 0, completed tasks = 0]
	at org.apache.ratis.util.IOUtils.asIOException(IOUtils.java:56)
	at org.apache.ratis.grpc.GrpcUtil.tryUnwrapException(GrpcUtil.java:121)
	at org.apache.ratis.grpc.GrpcUtil.unwrapThrowable(GrpcUtil.java:82)
	at org.apache.ratis.grpc.GrpcUtil.warn(GrpcUtil.java:178)
	at org.apache.ratis.grpc.server.GrpcLogAppender$AppendLogResponseHandler.onError(GrpcLogAppender.java:405)
	at org.apache.ratis.thirdparty.io.grpc.stub.ClientCalls$StreamObserverToCallListenerAdapter.onClose(ClientCalls.java:487)
	at org.apache.ratis.thirdparty.io.grpc.internal.ClientCallImpl.closeObserver(ClientCallImpl.java:562)
	at org.apache.ratis.thirdparty.io.grpc.internal.ClientCallImpl.access$300(ClientCallImpl.java:70)
	at org.apache.ratis.thirdparty.io.grpc.internal.ClientCallImpl$ClientStreamListenerImpl$1StreamClosed.runInternal(ClientCallImpl.java:743)
	at org.apache.ratis.thirdparty.io.grpc.internal.ClientCallImpl$ClientStreamListenerImpl$1StreamClosed.runInContext(ClientCallImpl.java:722)
	at org.apache.ratis.thirdparty.io.grpc.internal.ContextRunnable.run(ContextRunnable.java:37)
	at org.apache.ratis.thirdparty.io.grpc.internal.SerializingExecutor.run(SerializingExecutor.java:133)
	at java.base/java.util.concurrent.ThreadPoolExecutor.runWorker(ThreadPoolExecutor.java:1128)
	at java.base/java.util.concurrent.ThreadPoolExecutor$Worker.run(ThreadPoolExecutor.java:628)
	at java.base/java.lang.Thread.run(Thread.java:829)
Caused by: java.util.concurrent.RejectedExecutionException: Task java.util.concurrent.CompletableFuture$AsyncSupply@70aa3a88 rejected from java.util.concurrent.ThreadPoolExecutor@7cbe9dc4[Terminated, pool size = 0, active threads = 0, queued tasks = 0, completed tasks = 0]
	at java.base/jdk.internal.reflect.GeneratedConstructorAccessor11.newInstance(Unknown Source)
	at java.base/jdk.internal.reflect.DelegatingConstructorAccessorImpl.newInstance(DelegatingConstructorAccessorImpl.java:45)
	at java.base/java.lang.reflect.Constructor.newInstance(Constructor.java:490)
	at org.apache.ratis.util.ReflectionUtils.instantiateException(ReflectionUtils.java:259)
	at org.apache.ratis.grpc.GrpcUtil.tryUnwrapException(GrpcUtil.java:120)
	... 13 more
Caused by: org.apache.ratis.thirdparty.io.grpc.StatusRuntimeException: INTERNAL: Task java.util.concurrent.CompletableFuture$AsyncSupply@70aa3a88 rejected from java.util.concurrent.ThreadPoolExecutor@7cbe9dc4[Terminated, pool size = 0, active threads = 0, queued tasks = 0, completed tasks = 0]
	at org.apache.ratis.thirdparty.io.grpc.Status.asRuntimeException(Status.java:535)
	... 10 more
	Suppressed: java.lang.IllegalStateException: Failed to cast to class java.io.IOException, object=java.util.concurrent.RejectedExecutionException: Task java.util.concurrent.CompletableFuture$AsyncSupply@70aa3a88 rejected from java.util.concurrent.ThreadPoolExecutor@7cbe9dc4[Terminated, pool size = 0, active threads = 0, queued tasks = 0, completed tasks = 0]
	at java.base/java.util.concurrent.ThreadPoolExecutor$AbortPolicy.rejectedExecution(ThreadPoolExecutor.java:2055)
	at java.base/java.util.concurrent.ThreadPoolExecutor.reject(ThreadPoolExecutor.java:825)
	at java.base/java.util.concurrent.ThreadPoolExecutor.execute(ThreadPoolExecutor.java:1355)
	at java.base/java.util.concurrent.CompletableFuture.asyncSupplyStage(CompletableFuture.java:1714)
	at java.base/java.util.concurrent.CompletableFuture.supplyAsync(CompletableFuture.java:1931)
	at org.apache.ratis.server.impl.RaftServerImpl.executeSubmitServerRequestAsync(RaftServerImpl.java:812)
	at org.apache.ratis.server.impl.RaftServerProxy.lambda$appendEntriesAsync$27(RaftServerProxy.java:634)
	at java.base/java.util.concurrent.CompletableFuture.uniComposeStage(CompletableFuture.java:1106)
	at java.base/java.util.concurrent.CompletableFuture.thenCompose(CompletableFuture.java:2235)
	at org.apache.ratis.server.impl.RaftServerProxy.appendEntriesAsync(RaftServerProxy.java:634)
	at org.apache.ratis.grpc.server.GrpcServerProtocolService$1.process(GrpcServerProtocolService.java:219)
	at org.apache.ratis.grpc.server.GrpcServerProtocolService$1.process(GrpcServerProtocolService.java:216)
	at org.apache.ratis.grpc.server.GrpcServerProtocolService$ServerRequestStreamObserver.onNext(GrpcServerProtocolService.java:124)
	at org.apache.ratis.thirdparty.io.grpc.stub.ServerCalls$StreamingServerCallHandler$StreamingServerCallListener.onMessage(ServerCalls.java:262)
	at org.apache.ratis.thirdparty.io.grpc.ForwardingServerCallListener.onMessage(ForwardingServerCallListener.java:33)
	at org.apache.ratis.thirdparty.io.grpc.internal.ServerCallImpl$ServerStreamListenerImpl.messagesAvailableInternal(ServerCallImpl.java:332)
	at org.apache.ratis.thirdparty.io.grpc.internal.ServerCallImpl$ServerStreamListenerImpl.messagesAvailable(ServerCallImpl.java:315)
	at org.apache.ratis.thirdparty.io.grpc.internal.ServerImpl$JumpToApplicationThreadServerStreamListener$1MessagesAvailable.runInContext(ServerImpl.java:834)
	at org.apache.ratis.thirdparty.io.grpc.internal.ContextRunnable.run(ContextRunnable.java:37)
	at org.apache.ratis.thirdparty.io.grpc.internal.SerializingExecutor.run(SerializingExecutor.java:133)
	at java.base/java.util.concurrent.ThreadPoolExecutor.runWorker(ThreadPoolExecutor.java:1128)
	at java.base/java.util.concurrent.ThreadPoolExecutor$Worker.run(ThreadPoolExecutor.java:628)
	at java.base/java.lang.Thread.run(Thread.java:829)

		at org.apache.ratis.util.IOUtils.readObject(IOUtils.java:237)
		at org.apache.ratis.util.IOUtils.bytes2Object(IOUtils.java:214)
		at org.apache.ratis.grpc.GrpcUtil.tryUnwrapException(GrpcUtil.java:109)
		at org.apache.ratis.grpc.GrpcUtil.unwrapThrowable(GrpcUtil.java:82)
		at org.apache.ratis.grpc.GrpcUtil.warn(GrpcUtil.java:178)
		at org.apache.ratis.grpc.server.GrpcLogAppender$AppendLogResponseHandler.onError(GrpcLogAppender.java:405)
		... 10 more
	Caused by: java.lang.ClassCastException: Cannot cast java.util.concurrent.RejectedExecutionException to java.io.IOException
		at java.base/java.lang.Class.cast(Class.java:3605)
		at org.apache.ratis.util.IOUtils.readObject(IOUtils.java:234)
		... 15 more
2022-11-11 07:38:07,255 [grpc-default-executor-4] INFO  leader.FollowerInfo (FollowerInfoImpl.java:lambda$new$0(48)) - s2@group-DC0BCF2C7030->s1: nextIndex: updateUnconditionally 194 -> 139
2022-11-11 07:38:07,256 [s0-server-thread1] DEBUG raftlog.RaftLog (SegmentedRaftLog.java:appendImpl(446)) - truncateIndex=-1, arrayIndex=0
2022-11-11 07:38:07,264 [s2@group-DC0BCF2C7030-StateMachineUpdater] INFO  impl.StateMachineUpdater (StateMachineUpdater.java:takeSnapshot(290)) - s2@group-DC0BCF2C7030-StateMachineUpdater: Took a snapshot at index 191
2022-11-11 07:38:07,264 [s2@group-DC0BCF2C7030-StateMachineUpdater] INFO  impl.StateMachineUpdater (StateMachineUpdater.java:lambda$new$0(96)) - s2@group-DC0BCF2C7030-StateMachineUpdater: snapshotIndex: updateIncreasingly 127 -> 191
2022-11-11 07:38:07,264 [grpc-default-executor-6] WARN  server.GrpcServerProtocolService (LogUtils.java:warn(124)) - s1: Failed APPEND_ENTRIES request s2->s1#101-t2,previous=(t:1, i:138),leaderCommit=193,initializing? true,entries: size=56, first=(t:2, i:139), CONFIGURATIONENTRY(current:id: "s0"
address: "localhost:38889"
dataStreamAddress: "localhost:44045"
clientAddress: "localhost:36221"
adminAddress: "localhost:33369"
startupRole: FOLLOWER
,id: "s1"
address: "localhost:33469"
dataStreamAddress: "localhost:41079"
clientAddress: "localhost:38107"
adminAddress: "localhost:35601"
startupRole: FOLLOWER
,id: "s2"
address: "localhost:39335"
dataStreamAddress: "localhost:40831"
clientAddress: "localhost:32863"
adminAddress: "localhost:35389"
startupRole: FOLLOWER
, old:)
java.util.concurrent.CompletionException: java.util.concurrent.RejectedExecutionException: Task java.util.concurrent.CompletableFuture$AsyncSupply@70faf7b4 rejected from java.util.concurrent.ThreadPoolExecutor@7cbe9dc4[Terminated, pool size = 0, active threads = 0, queued tasks = 0, completed tasks = 0]
	at java.base/java.util.concurrent.CompletableFuture.encodeThrowable(CompletableFuture.java:314)
	at java.base/java.util.concurrent.CompletableFuture.uniComposeStage(CompletableFuture.java:1113)
	at java.base/java.util.concurrent.CompletableFuture.thenCompose(CompletableFuture.java:2235)
	at org.apache.ratis.server.impl.RaftServerProxy.appendEntriesAsync(RaftServerProxy.java:634)
	at org.apache.ratis.grpc.server.GrpcServerProtocolService$1.process(GrpcServerProtocolService.java:219)
	at org.apache.ratis.grpc.server.GrpcServerProtocolService$1.process(GrpcServerProtocolService.java:216)
	at org.apache.ratis.grpc.server.GrpcServerProtocolService$ServerRequestStreamObserver.onNext(GrpcServerProtocolService.java:124)
	at org.apache.ratis.thirdparty.io.grpc.stub.ServerCalls$StreamingServerCallHandler$StreamingServerCallListener.onMessage(ServerCalls.java:262)
	at org.apache.ratis.thirdparty.io.grpc.ForwardingServerCallListener.onMessage(ForwardingServerCallListener.java:33)
	at org.apache.ratis.thirdparty.io.grpc.internal.ServerCallImpl$ServerStreamListenerImpl.messagesAvailableInternal(ServerCallImpl.java:332)
	at org.apache.ratis.thirdparty.io.grpc.internal.ServerCallImpl$ServerStreamListenerImpl.messagesAvailable(ServerCallImpl.java:315)
	at org.apache.ratis.thirdparty.io.grpc.internal.ServerImpl$JumpToApplicationThreadServerStreamListener$1MessagesAvailable.runInContext(ServerImpl.java:834)
	at org.apache.ratis.thirdparty.io.grpc.internal.ContextRunnable.run(ContextRunnable.java:37)
	at org.apache.ratis.thirdparty.io.grpc.internal.SerializingExecutor.run(SerializingExecutor.java:133)
	at java.base/java.util.concurrent.ThreadPoolExecutor.runWorker(ThreadPoolExecutor.java:1128)
	at java.base/java.util.concurrent.ThreadPoolExecutor$Worker.run(ThreadPoolExecutor.java:628)
	at java.base/java.lang.Thread.run(Thread.java:829)
Caused by: java.util.concurrent.RejectedExecutionException: Task java.util.concurrent.CompletableFuture$AsyncSupply@70faf7b4 rejected from java.util.concurrent.ThreadPoolExecutor@7cbe9dc4[Terminated, pool size = 0, active threads = 0, queued tasks = 0, completed tasks = 0]
	at java.base/java.util.concurrent.ThreadPoolExecutor$AbortPolicy.rejectedExecution(ThreadPoolExecutor.java:2055)
	at java.base/java.util.concurrent.ThreadPoolExecutor.reject(ThreadPoolExecutor.java:825)
	at java.base/java.util.concurrent.ThreadPoolExecutor.execute(ThreadPoolExecutor.java:1355)
	at java.base/java.util.concurrent.CompletableFuture.asyncSupplyStage(CompletableFuture.java:1714)
	at java.base/java.util.concurrent.CompletableFuture.supplyAsync(CompletableFuture.java:1931)
	at org.apache.ratis.server.impl.RaftServerImpl.executeSubmitServerRequestAsync(RaftServerImpl.java:812)
	at org.apache.ratis.server.impl.RaftServerProxy.lambda$appendEntriesAsync$27(RaftServerProxy.java:634)
	at java.base/java.util.concurrent.CompletableFuture.uniComposeStage(CompletableFuture.java:1106)
	... 15 more
2022-11-11 07:38:07,265 [s2@group-DC0BCF2C7030-StateMachineUpdater] INFO  raftlog.RaftLog (RaftLogBase.java:purge(314)) - s2@group-DC0BCF2C7030-SegmentedRaftLog: purge 136
2022-11-11 07:38:07,265 [s2@group-DC0BCF2C7030-StateMachineUpdater] INFO  raftlog.RaftLog (RaftLogBase.java:lambda$new$0(53)) - s2@group-DC0BCF2C7030-SegmentedRaftLog: snapshotIndex: updateIncreasingly 127 -> 191
2022-11-11 07:38:07,265 [s2@group-DC0BCF2C7030-StateMachineUpdater] DEBUG raftlog.RaftLog (SegmentedRaftLog.java:purgeImpl(366)) - purging segments:toTruncate: null
  toDelete: [(107, 134) isOpen? false, length=0, newEndIndex=0]
2022-11-11 07:38:07,265 [s2@group-DC0BCF2C7030-StateMachineUpdater] INFO  impl.SimpleStateMachine4Testing (SimpleStateMachine4Testing.java:put(205)) - s2: put 193, m94 -> (t:2, i:193), STATEMACHINELOGENTRY, 480@client-70D4234AB40A
2022-11-11 07:38:07,266 [s2@group-DC0BCF2C7030-SegmentedRaftLogWorker] TRACE util.FileUtils (LogUtils.java:runAndLog(49)) - Successfully ran Files.delete /home/runner/work/ratis/ratis/ratis-test/target/test/data/badbfba9/MiniRaftClusterWithGrpcf526e0ef/s2/4c2c9efe-0344-4438-a419-dc0bcf2c7030/current/log_107-134
2022-11-11 07:38:07,266 [s2@group-DC0BCF2C7030-SegmentedRaftLogWorker] INFO  raftlog.RaftLog (RaftLogBase.java:lambda$new$0(53)) - s2@group-DC0BCF2C7030-SegmentedRaftLog: purgeIndex: updateToMax old=106, new=134, updated? true
2022-11-11 07:38:07,267 [grpc-default-executor-4] WARN  server.GrpcLogAppender (LogUtils.java:warn(124)) - s2@group-DC0BCF2C7030->s1-AppendLogResponseHandler: Failed appendEntries
java.io.IOException: java.util.concurrent.RejectedExecutionException: Task java.util.concurrent.CompletableFuture$AsyncSupply@70faf7b4 rejected from java.util.concurrent.ThreadPoolExecutor@7cbe9dc4[Terminated, pool size = 0, active threads = 0, queued tasks = 0, completed tasks = 0]
	at org.apache.ratis.util.IOUtils.asIOException(IOUtils.java:56)
	at org.apache.ratis.grpc.GrpcUtil.tryUnwrapException(GrpcUtil.java:121)
	at org.apache.ratis.grpc.GrpcUtil.unwrapThrowable(GrpcUtil.java:82)
	at org.apache.ratis.grpc.GrpcUtil.warn(GrpcUtil.java:178)
	at org.apache.ratis.grpc.server.GrpcLogAppender$AppendLogResponseHandler.onError(GrpcLogAppender.java:405)
	at org.apache.ratis.thirdparty.io.grpc.stub.ClientCalls$StreamObserverToCallListenerAdapter.onClose(ClientCalls.java:487)
	at org.apache.ratis.thirdparty.io.grpc.internal.ClientCallImpl.closeObserver(ClientCallImpl.java:562)
	at org.apache.ratis.thirdparty.io.grpc.internal.ClientCallImpl.access$300(ClientCallImpl.java:70)
	at org.apache.ratis.thirdparty.io.grpc.internal.ClientCallImpl$ClientStreamListenerImpl$1StreamClosed.runInternal(ClientCallImpl.java:743)
	at org.apache.ratis.thirdparty.io.grpc.internal.ClientCallImpl$ClientStreamListenerImpl$1StreamClosed.runInContext(ClientCallImpl.java:722)
	at org.apache.ratis.thirdparty.io.grpc.internal.ContextRunnable.run(ContextRunnable.java:37)
	at org.apache.ratis.thirdparty.io.grpc.internal.SerializingExecutor.run(SerializingExecutor.java:133)
	at java.base/java.util.concurrent.ThreadPoolExecutor.runWorker(ThreadPoolExecutor.java:1128)
	at java.base/java.util.concurrent.ThreadPoolExecutor$Worker.run(ThreadPoolExecutor.java:628)
	at java.base/java.lang.Thread.run(Thread.java:829)
Caused by: java.util.concurrent.RejectedExecutionException: Task java.util.concurrent.CompletableFuture$AsyncSupply@70faf7b4 rejected from java.util.concurrent.ThreadPoolExecutor@7cbe9dc4[Terminated, pool size = 0, active threads = 0, queued tasks = 0, completed tasks = 0]
	at java.base/jdk.internal.reflect.GeneratedConstructorAccessor11.newInstance(Unknown Source)
	at java.base/jdk.internal.reflect.DelegatingConstructorAccessorImpl.newInstance(DelegatingConstructorAccessorImpl.java:45)
	at java.base/java.lang.reflect.Constructor.newInstance(Constructor.java:490)
	at org.apache.ratis.util.ReflectionUtils.instantiateException(ReflectionUtils.java:259)
	at org.apache.ratis.grpc.GrpcUtil.tryUnwrapException(GrpcUtil.java:120)
	... 13 more
Caused by: org.apache.ratis.thirdparty.io.grpc.StatusRuntimeException: INTERNAL: Task java.util.concurrent.CompletableFuture$AsyncSupply@70faf7b4 rejected from java.util.concurrent.ThreadPoolExecutor@7cbe9dc4[Terminated, pool size = 0, active threads = 0, queued tasks = 0, completed tasks = 0]
	at org.apache.ratis.thirdparty.io.grpc.Status.asRuntimeException(Status.java:535)
	... 10 more
	Suppressed: java.lang.IllegalStateException: Failed to cast to class java.io.IOException, object=java.util.concurrent.RejectedExecutionException: Task java.util.concurrent.CompletableFuture$AsyncSupply@70faf7b4 rejected from java.util.concurrent.ThreadPoolExecutor@7cbe9dc4[Terminated, pool size = 0, active threads = 0, queued tasks = 0, completed tasks = 0]
	at java.base/java.util.concurrent.ThreadPoolExecutor$AbortPolicy.rejectedExecution(ThreadPoolExecutor.java:2055)
	at java.base/java.util.concurrent.ThreadPoolExecutor.reject(ThreadPoolExecutor.java:825)
	at java.base/java.util.concurrent.ThreadPoolExecutor.execute(ThreadPoolExecutor.java:1355)
	at java.base/java.util.concurrent.CompletableFuture.asyncSupplyStage(CompletableFuture.java:1714)
	at java.base/java.util.concurrent.CompletableFuture.supplyAsync(CompletableFuture.java:1931)
	at org.apache.ratis.server.impl.RaftServerImpl.executeSubmitServerRequestAsync(RaftServerImpl.java:812)
	at org.apache.ratis.server.impl.RaftServerProxy.lambda$appendEntriesAsync$27(RaftServerProxy.java:634)
	at java.base/java.util.concurrent.CompletableFuture.uniComposeStage(CompletableFuture.java:1106)
	at java.base/java.util.concurrent.CompletableFuture.thenCompose(CompletableFuture.java:2235)
	at org.apache.ratis.server.impl.RaftServerProxy.appendEntriesAsync(RaftServerProxy.java:634)
	at org.apache.ratis.grpc.server.GrpcServerProtocolService$1.process(GrpcServerProtocolService.java:219)
	at org.apache.ratis.grpc.server.GrpcServerProtocolService$1.process(GrpcServerProtocolService.java:216)
	at org.apache.ratis.grpc.server.GrpcServerProtocolService$ServerRequestStreamObserver.onNext(GrpcServerProtocolService.java:124)
	at org.apache.ratis.thirdparty.io.grpc.stub.ServerCalls$StreamingServerCallHandler$StreamingServerCallListener.onMessage(ServerCalls.java:262)
	at org.apache.ratis.thirdparty.io.grpc.ForwardingServerCallListener.onMessage(ForwardingServerCallListener.java:33)
	at org.apache.ratis.thirdparty.io.grpc.internal.ServerCallImpl$ServerStreamListenerImpl.messagesAvailableInternal(ServerCallImpl.java:332)
	at org.apache.ratis.thirdparty.io.grpc.internal.ServerCallImpl$ServerStreamListenerImpl.messagesAvailable(ServerCallImpl.java:315)
	at org.apache.ratis.thirdparty.io.grpc.internal.ServerImpl$JumpToApplicationThreadServerStreamListener$1MessagesAvailable.runInContext(ServerImpl.java:834)
	at org.apache.ratis.thirdparty.io.grpc.internal.ContextRunnable.run(ContextRunnable.java:37)
	at org.apache.ratis.thirdparty.io.grpc.internal.SerializingExecutor.run(SerializingExecutor.java:133)
	at java.base/java.util.concurrent.ThreadPoolExecutor.runWorker(ThreadPoolExecutor.java:1128)
	at java.base/java.util.concurrent.ThreadPoolExecutor$Worker.run(ThreadPoolExecutor.java:628)
	at java.base/java.lang.Thread.run(Thread.java:829)

		at org.apache.ratis.util.IOUtils.readObject(IOUtils.java:237)
		at org.apache.ratis.util.IOUtils.bytes2Object(IOUtils.java:214)
		at org.apache.ratis.grpc.GrpcUtil.tryUnwrapException(GrpcUtil.java:109)
		at org.apache.ratis.grpc.GrpcUtil.unwrapThrowable(GrpcUtil.java:82)
		at org.apache.ratis.grpc.GrpcUtil.warn(GrpcUtil.java:178)
		at org.apache.ratis.grpc.server.GrpcLogAppender$AppendLogResponseHandler.onError(GrpcLogAppender.java:405)
		... 10 more
	Caused by: java.lang.ClassCastException: Cannot cast java.util.concurrent.RejectedExecutionException to java.io.IOException
		at java.base/java.lang.Class.cast(Class.java:3605)
		at org.apache.ratis.util.IOUtils.readObject(IOUtils.java:234)
		... 15 more
2022-11-11 07:38:07,268 [grpc-default-executor-4] INFO  leader.FollowerInfo (FollowerInfoImpl.java:lambda$new$0(48)) - s2@group-DC0BCF2C7030->s1: nextIndex: updateUnconditionally 195 -> 139
2022-11-11 07:38:07,271 [s0@group-DC0BCF2C7030-StateMachineUpdater] INFO  impl.StateMachineUpdater (StateMachineUpdater.java:takeSnapshot(290)) - s0@group-DC0BCF2C7030-StateMachineUpdater: Took a snapshot at index 191
2022-11-11 07:38:07,271 [s0@group-DC0BCF2C7030-StateMachineUpdater] INFO  impl.StateMachineUpdater (StateMachineUpdater.java:lambda$new$0(96)) - s0@group-DC0BCF2C7030-StateMachineUpdater: snapshotIndex: updateIncreasingly 127 -> 191
2022-11-11 07:38:07,271 [s0@group-DC0BCF2C7030-StateMachineUpdater] INFO  raftlog.RaftLog (RaftLogBase.java:purge(314)) - s0@group-DC0BCF2C7030-SegmentedRaftLog: purge 136
2022-11-11 07:38:07,271 [s0@group-DC0BCF2C7030-StateMachineUpdater] INFO  raftlog.RaftLog (RaftLogBase.java:lambda$new$0(53)) - s0@group-DC0BCF2C7030-SegmentedRaftLog: snapshotIndex: updateIncreasingly 127 -> 191
2022-11-11 07:38:07,271 [s0@group-DC0BCF2C7030-StateMachineUpdater] DEBUG raftlog.RaftLog (SegmentedRaftLog.java:purgeImpl(366)) - purging segments:toTruncate: null
  toDelete: [(107, 134) isOpen? false, length=0, newEndIndex=0]
2022-11-11 07:38:07,271 [s0@group-DC0BCF2C7030-StateMachineUpdater] INFO  impl.SimpleStateMachine4Testing (SimpleStateMachine4Testing.java:put(205)) - s0: put 193, m94 -> (t:2, i:193), STATEMACHINELOGENTRY, 480@client-70D4234AB40A
2022-11-11 07:38:07,271 [s0-server-thread1] DEBUG raftlog.RaftLog (SegmentedRaftLog.java:appendImpl(446)) - truncateIndex=-1, arrayIndex=0
2022-11-11 07:38:07,271 [grpc-default-executor-6] WARN  server.GrpcServerProtocolService (LogUtils.java:warn(124)) - s1: Failed APPEND_ENTRIES request s2->s1#103-t2,previous=(t:1, i:138),leaderCommit=194,initializing? true,entries: size=57, first=(t:2, i:139), CONFIGURATIONENTRY(current:id: "s0"
address: "localhost:38889"
dataStreamAddress: "localhost:44045"
clientAddress: "localhost:36221"
adminAddress: "localhost:33369"
startupRole: FOLLOWER
,id: "s1"
address: "localhost:33469"
dataStreamAddress: "localhost:41079"
clientAddress: "localhost:38107"
adminAddress: "localhost:35601"
startupRole: FOLLOWER
,id: "s2"
address: "localhost:39335"
dataStreamAddress: "localhost:40831"
clientAddress: "localhost:32863"
adminAddress: "localhost:35389"
startupRole: FOLLOWER
, old:)
java.util.concurrent.CompletionException: java.util.concurrent.RejectedExecutionException: Task java.util.concurrent.CompletableFuture$AsyncSupply@6047d823 rejected from java.util.concurrent.ThreadPoolExecutor@7cbe9dc4[Terminated, pool size = 0, active threads = 0, queued tasks = 0, completed tasks = 0]
	at java.base/java.util.concurrent.CompletableFuture.encodeThrowable(CompletableFuture.java:314)
	at java.base/java.util.concurrent.CompletableFuture.uniComposeStage(CompletableFuture.java:1113)
	at java.base/java.util.concurrent.CompletableFuture.thenCompose(CompletableFuture.java:2235)
	at org.apache.ratis.server.impl.RaftServerProxy.appendEntriesAsync(RaftServerProxy.java:634)
	at org.apache.ratis.grpc.server.GrpcServerProtocolService$1.process(GrpcServerProtocolService.java:219)
	at org.apache.ratis.grpc.server.GrpcServerProtocolService$1.process(GrpcServerProtocolService.java:216)
	at org.apache.ratis.grpc.server.GrpcServerProtocolService$ServerRequestStreamObserver.onNext(GrpcServerProtocolService.java:124)
	at org.apache.ratis.thirdparty.io.grpc.stub.ServerCalls$StreamingServerCallHandler$StreamingServerCallListener.onMessage(ServerCalls.java:262)
	at org.apache.ratis.thirdparty.io.grpc.ForwardingServerCallListener.onMessage(ForwardingServerCallListener.java:33)
	at org.apache.ratis.thirdparty.io.grpc.internal.ServerCallImpl$ServerStreamListenerImpl.messagesAvailableInternal(ServerCallImpl.java:332)
	at org.apache.ratis.thirdparty.io.grpc.internal.ServerCallImpl$ServerStreamListenerImpl.messagesAvailable(ServerCallImpl.java:315)
	at org.apache.ratis.thirdparty.io.grpc.internal.ServerImpl$JumpToApplicationThreadServerStreamListener$1MessagesAvailable.runInContext(ServerImpl.java:834)
	at org.apache.ratis.thirdparty.io.grpc.internal.ContextRunnable.run(ContextRunnable.java:37)
	at org.apache.ratis.thirdparty.io.grpc.internal.SerializingExecutor.run(SerializingExecutor.java:133)
	at java.base/java.util.concurrent.ThreadPoolExecutor.runWorker(ThreadPoolExecutor.java:1128)
	at java.base/java.util.concurrent.ThreadPoolExecutor$Worker.run(ThreadPoolExecutor.java:628)
	at java.base/java.lang.Thread.run(Thread.java:829)
Caused by: java.util.concurrent.RejectedExecutionException: Task java.util.concurrent.CompletableFuture$AsyncSupply@6047d823 rejected from java.util.concurrent.ThreadPoolExecutor@7cbe9dc4[Terminated, pool size = 0, active threads = 0, queued tasks = 0, completed tasks = 0]
	at java.base/java.util.concurrent.ThreadPoolExecutor$AbortPolicy.rejectedExecution(ThreadPoolExecutor.java:2055)
	at java.base/java.util.concurrent.ThreadPoolExecutor.reject(ThreadPoolExecutor.java:825)
	at java.base/java.util.concurrent.ThreadPoolExecutor.execute(ThreadPoolExecutor.java:1355)
	at java.base/java.util.concurrent.CompletableFuture.asyncSupplyStage(CompletableFuture.java:1714)
	at java.base/java.util.concurrent.CompletableFuture.supplyAsync(CompletableFuture.java:1931)
	at org.apache.ratis.server.impl.RaftServerImpl.executeSubmitServerRequestAsync(RaftServerImpl.java:812)
	at org.apache.ratis.server.impl.RaftServerProxy.lambda$appendEntriesAsync$27(RaftServerProxy.java:634)
	at java.base/java.util.concurrent.CompletableFuture.uniComposeStage(CompletableFuture.java:1106)
	... 15 more
2022-11-11 07:38:07,272 [s0@group-DC0BCF2C7030-SegmentedRaftLogWorker] TRACE util.FileUtils (LogUtils.java:runAndLog(49)) - Successfully ran Files.delete /home/runner/work/ratis/ratis/ratis-test/target/test/data/badbfba9/MiniRaftClusterWithGrpcf526e0ef/s0/4c2c9efe-0344-4438-a419-dc0bcf2c7030/current/log_107-134
2022-11-11 07:38:07,272 [s0@group-DC0BCF2C7030-SegmentedRaftLogWorker] INFO  raftlog.RaftLog (RaftLogBase.java:lambda$new$0(53)) - s0@group-DC0BCF2C7030-SegmentedRaftLog: purgeIndex: updateToMax old=106, new=134, updated? true
2022-11-11 07:38:07,274 [grpc-default-executor-4] WARN  server.GrpcLogAppender (LogUtils.java:warn(124)) - s2@group-DC0BCF2C7030->s1-AppendLogResponseHandler: Failed appendEntries
java.io.IOException: java.util.concurrent.RejectedExecutionException: Task java.util.concurrent.CompletableFuture$AsyncSupply@6047d823 rejected from java.util.concurrent.ThreadPoolExecutor@7cbe9dc4[Terminated, pool size = 0, active threads = 0, queued tasks = 0, completed tasks = 0]
	at org.apache.ratis.util.IOUtils.asIOException(IOUtils.java:56)
	at org.apache.ratis.grpc.GrpcUtil.tryUnwrapException(GrpcUtil.java:121)
	at org.apache.ratis.grpc.GrpcUtil.unwrapThrowable(GrpcUtil.java:82)
	at org.apache.ratis.grpc.GrpcUtil.warn(GrpcUtil.java:178)
	at org.apache.ratis.grpc.server.GrpcLogAppender$AppendLogResponseHandler.onError(GrpcLogAppender.java:405)
	at org.apache.ratis.thirdparty.io.grpc.stub.ClientCalls$StreamObserverToCallListenerAdapter.onClose(ClientCalls.java:487)
	at org.apache.ratis.thirdparty.io.grpc.internal.ClientCallImpl.closeObserver(ClientCallImpl.java:562)
	at org.apache.ratis.thirdparty.io.grpc.internal.ClientCallImpl.access$300(ClientCallImpl.java:70)
	at org.apache.ratis.thirdparty.io.grpc.internal.ClientCallImpl$ClientStreamListenerImpl$1StreamClosed.runInternal(ClientCallImpl.java:743)
	at org.apache.ratis.thirdparty.io.grpc.internal.ClientCallImpl$ClientStreamListenerImpl$1StreamClosed.runInContext(ClientCallImpl.java:722)
	at org.apache.ratis.thirdparty.io.grpc.internal.ContextRunnable.run(ContextRunnable.java:37)
	at org.apache.ratis.thirdparty.io.grpc.internal.SerializingExecutor.run(SerializingExecutor.java:133)
	at java.base/java.util.concurrent.ThreadPoolExecutor.runWorker(ThreadPoolExecutor.java:1128)
	at java.base/java.util.concurrent.ThreadPoolExecutor$Worker.run(ThreadPoolExecutor.java:628)
	at java.base/java.lang.Thread.run(Thread.java:829)
Caused by: java.util.concurrent.RejectedExecutionException: Task java.util.concurrent.CompletableFuture$AsyncSupply@6047d823 rejected from java.util.concurrent.ThreadPoolExecutor@7cbe9dc4[Terminated, pool size = 0, active threads = 0, queued tasks = 0, completed tasks = 0]
	at java.base/jdk.internal.reflect.GeneratedConstructorAccessor11.newInstance(Unknown Source)
	at java.base/jdk.internal.reflect.DelegatingConstructorAccessorImpl.newInstance(DelegatingConstructorAccessorImpl.java:45)
	at java.base/java.lang.reflect.Constructor.newInstance(Constructor.java:490)
	at org.apache.ratis.util.ReflectionUtils.instantiateException(ReflectionUtils.java:259)
	at org.apache.ratis.grpc.GrpcUtil.tryUnwrapException(GrpcUtil.java:120)
	... 13 more
Caused by: org.apache.ratis.thirdparty.io.grpc.StatusRuntimeException: INTERNAL: Task java.util.concurrent.CompletableFuture$AsyncSupply@6047d823 rejected from java.util.concurrent.ThreadPoolExecutor@7cbe9dc4[Terminated, pool size = 0, active threads = 0, queued tasks = 0, completed tasks = 0]
	at org.apache.ratis.thirdparty.io.grpc.Status.asRuntimeException(Status.java:535)
	... 10 more
	Suppressed: java.lang.IllegalStateException: Failed to cast to class java.io.IOException, object=java.util.concurrent.RejectedExecutionException: Task java.util.concurrent.CompletableFuture$AsyncSupply@6047d823 rejected from java.util.concurrent.ThreadPoolExecutor@7cbe9dc4[Terminated, pool size = 0, active threads = 0, queued tasks = 0, completed tasks = 0]
	at java.base/java.util.concurrent.ThreadPoolExecutor$AbortPolicy.rejectedExecution(ThreadPoolExecutor.java:2055)
	at java.base/java.util.concurrent.ThreadPoolExecutor.reject(ThreadPoolExecutor.java:825)
	at java.base/java.util.concurrent.ThreadPoolExecutor.execute(ThreadPoolExecutor.java:1355)
	at java.base/java.util.concurrent.CompletableFuture.asyncSupplyStage(CompletableFuture.java:1714)
	at java.base/java.util.concurrent.CompletableFuture.supplyAsync(CompletableFuture.java:1931)
	at org.apache.ratis.server.impl.RaftServerImpl.executeSubmitServerRequestAsync(RaftServerImpl.java:812)
	at org.apache.ratis.server.impl.RaftServerProxy.lambda$appendEntriesAsync$27(RaftServerProxy.java:634)
	at java.base/java.util.concurrent.CompletableFuture.uniComposeStage(CompletableFuture.java:1106)
	at java.base/java.util.concurrent.CompletableFuture.thenCompose(CompletableFuture.java:2235)
	at org.apache.ratis.server.impl.RaftServerProxy.appendEntriesAsync(RaftServerProxy.java:634)
	at org.apache.ratis.grpc.server.GrpcServerProtocolService$1.process(GrpcServerProtocolService.java:219)
	at org.apache.ratis.grpc.server.GrpcServerProtocolService$1.process(GrpcServerProtocolService.java:216)
	at org.apache.ratis.grpc.server.GrpcServerProtocolService$ServerRequestStreamObserver.onNext(GrpcServerProtocolService.java:124)
	at org.apache.ratis.thirdparty.io.grpc.stub.ServerCalls$StreamingServerCallHandler$StreamingServerCallListener.onMessage(ServerCalls.java:262)
	at org.apache.ratis.thirdparty.io.grpc.ForwardingServerCallListener.onMessage(ForwardingServerCallListener.java:33)
	at org.apache.ratis.thirdparty.io.grpc.internal.ServerCallImpl$ServerStreamListenerImpl.messagesAvailableInternal(ServerCallImpl.java:332)
	at org.apache.ratis.thirdparty.io.grpc.internal.ServerCallImpl$ServerStreamListenerImpl.messagesAvailable(ServerCallImpl.java:315)
	at org.apache.ratis.thirdparty.io.grpc.internal.ServerImpl$JumpToApplicationThreadServerStreamListener$1MessagesAvailable.runInContext(ServerImpl.java:834)
	at org.apache.ratis.thirdparty.io.grpc.internal.ContextRunnable.run(ContextRunnable.java:37)
	at org.apache.ratis.thirdparty.io.grpc.internal.SerializingExecutor.run(SerializingExecutor.java:133)
	at java.base/java.util.concurrent.ThreadPoolExecutor.runWorker(ThreadPoolExecutor.java:1128)
	at java.base/java.util.concurrent.ThreadPoolExecutor$Worker.run(ThreadPoolExecutor.java:628)
	at java.base/java.lang.Thread.run(Thread.java:829)

		at org.apache.ratis.util.IOUtils.readObject(IOUtils.java:237)
		at org.apache.ratis.util.IOUtils.bytes2Object(IOUtils.java:214)
		at org.apache.ratis.grpc.GrpcUtil.tryUnwrapException(GrpcUtil.java:109)
		at org.apache.ratis.grpc.GrpcUtil.unwrapThrowable(GrpcUtil.java:82)
		at org.apache.ratis.grpc.GrpcUtil.warn(GrpcUtil.java:178)
		at org.apache.ratis.grpc.server.GrpcLogAppender$AppendLogResponseHandler.onError(GrpcLogAppender.java:405)
		... 10 more
	Caused by: java.lang.ClassCastException: Cannot cast java.util.concurrent.RejectedExecutionException to java.io.IOException
		at java.base/java.lang.Class.cast(Class.java:3605)
		at org.apache.ratis.util.IOUtils.readObject(IOUtils.java:234)
		... 15 more
2022-11-11 07:38:07,274 [grpc-default-executor-4] INFO  leader.FollowerInfo (FollowerInfoImpl.java:lambda$new$0(48)) - s2@group-DC0BCF2C7030->s1: nextIndex: updateUnconditionally 196 -> 139
2022-11-11 07:38:07,275 [s2@group-DC0BCF2C7030-StateMachineUpdater] INFO  impl.SimpleStateMachine4Testing (SimpleStateMachine4Testing.java:put(205)) - s2: put 195, m95 -> (t:2, i:195), STATEMACHINELOGENTRY, 481@client-70D4234AB40A
2022-11-11 07:38:07,276 [s0-server-thread1] DEBUG raftlog.RaftLog (SegmentedRaftLog.java:appendImpl(446)) - truncateIndex=-1, arrayIndex=0
2022-11-11 07:38:07,277 [s0@group-DC0BCF2C7030-StateMachineUpdater] INFO  impl.SimpleStateMachine4Testing (SimpleStateMachine4Testing.java:put(205)) - s0: put 195, m95 -> (t:2, i:195), STATEMACHINELOGENTRY, 481@client-70D4234AB40A
2022-11-11 07:38:07,278 [grpc-default-executor-4] WARN  server.GrpcServerProtocolService (LogUtils.java:warn(124)) - s1: Failed APPEND_ENTRIES request s2->s1#104-t2,previous=(t:1, i:138),leaderCommit=195,initializing? true,entries: size=58, first=(t:2, i:139), CONFIGURATIONENTRY(current:id: "s0"
address: "localhost:38889"
dataStreamAddress: "localhost:44045"
clientAddress: "localhost:36221"
adminAddress: "localhost:33369"
startupRole: FOLLOWER
,id: "s1"
address: "localhost:33469"
dataStreamAddress: "localhost:41079"
clientAddress: "localhost:38107"
adminAddress: "localhost:35601"
startupRole: FOLLOWER
,id: "s2"
address: "localhost:39335"
dataStreamAddress: "localhost:40831"
clientAddress: "localhost:32863"
adminAddress: "localhost:35389"
startupRole: FOLLOWER
, old:)
java.util.concurrent.CompletionException: java.util.concurrent.RejectedExecutionException: Task java.util.concurrent.CompletableFuture$AsyncSupply@20dffc13 rejected from java.util.concurrent.ThreadPoolExecutor@7cbe9dc4[Terminated, pool size = 0, active threads = 0, queued tasks = 0, completed tasks = 0]
	at java.base/java.util.concurrent.CompletableFuture.encodeThrowable(CompletableFuture.java:314)
	at java.base/java.util.concurrent.CompletableFuture.uniComposeStage(CompletableFuture.java:1113)
	at java.base/java.util.concurrent.CompletableFuture.thenCompose(CompletableFuture.java:2235)
	at org.apache.ratis.server.impl.RaftServerProxy.appendEntriesAsync(RaftServerProxy.java:634)
	at org.apache.ratis.grpc.server.GrpcServerProtocolService$1.process(GrpcServerProtocolService.java:219)
	at org.apache.ratis.grpc.server.GrpcServerProtocolService$1.process(GrpcServerProtocolService.java:216)
	at org.apache.ratis.grpc.server.GrpcServerProtocolService$ServerRequestStreamObserver.onNext(GrpcServerProtocolService.java:124)
	at org.apache.ratis.thirdparty.io.grpc.stub.ServerCalls$StreamingServerCallHandler$StreamingServerCallListener.onMessage(ServerCalls.java:262)
	at org.apache.ratis.thirdparty.io.grpc.ForwardingServerCallListener.onMessage(ForwardingServerCallListener.java:33)
	at org.apache.ratis.thirdparty.io.grpc.internal.ServerCallImpl$ServerStreamListenerImpl.messagesAvailableInternal(ServerCallImpl.java:332)
	at org.apache.ratis.thirdparty.io.grpc.internal.ServerCallImpl$ServerStreamListenerImpl.messagesAvailable(ServerCallImpl.java:315)
	at org.apache.ratis.thirdparty.io.grpc.internal.ServerImpl$JumpToApplicationThreadServerStreamListener$1MessagesAvailable.runInContext(ServerImpl.java:834)
	at org.apache.ratis.thirdparty.io.grpc.internal.ContextRunnable.run(ContextRunnable.java:37)
	at org.apache.ratis.thirdparty.io.grpc.internal.SerializingExecutor.run(SerializingExecutor.java:133)
	at java.base/java.util.concurrent.ThreadPoolExecutor.runWorker(ThreadPoolExecutor.java:1128)
	at java.base/java.util.concurrent.ThreadPoolExecutor$Worker.run(ThreadPoolExecutor.java:628)
	at java.base/java.lang.Thread.run(Thread.java:829)
Caused by: java.util.concurrent.RejectedExecutionException: Task java.util.concurrent.CompletableFuture$AsyncSupply@20dffc13 rejected from java.util.concurrent.ThreadPoolExecutor@7cbe9dc4[Terminated, pool size = 0, active threads = 0, queued tasks = 0, completed tasks = 0]
	at java.base/java.util.concurrent.ThreadPoolExecutor$AbortPolicy.rejectedExecution(ThreadPoolExecutor.java:2055)
	at java.base/java.util.concurrent.ThreadPoolExecutor.reject(ThreadPoolExecutor.java:825)
	at java.base/java.util.concurrent.ThreadPoolExecutor.execute(ThreadPoolExecutor.java:1355)
	at java.base/java.util.concurrent.CompletableFuture.asyncSupplyStage(CompletableFuture.java:1714)
	at java.base/java.util.concurrent.CompletableFuture.supplyAsync(CompletableFuture.java:1931)
	at org.apache.ratis.server.impl.RaftServerImpl.executeSubmitServerRequestAsync(RaftServerImpl.java:812)
	at org.apache.ratis.server.impl.RaftServerProxy.lambda$appendEntriesAsync$27(RaftServerProxy.java:634)
	at java.base/java.util.concurrent.CompletableFuture.uniComposeStage(CompletableFuture.java:1106)
	... 15 more
2022-11-11 07:38:07,280 [s0-server-thread1] DEBUG raftlog.RaftLog (SegmentedRaftLog.java:appendImpl(446)) - truncateIndex=-1, arrayIndex=0
2022-11-11 07:38:07,281 [grpc-default-executor-6] WARN  server.GrpcLogAppender (LogUtils.java:warn(124)) - s2@group-DC0BCF2C7030->s1-AppendLogResponseHandler: Failed appendEntries
java.io.IOException: java.util.concurrent.RejectedExecutionException: Task java.util.concurrent.CompletableFuture$AsyncSupply@20dffc13 rejected from java.util.concurrent.ThreadPoolExecutor@7cbe9dc4[Terminated, pool size = 0, active threads = 0, queued tasks = 0, completed tasks = 0]
	at org.apache.ratis.util.IOUtils.asIOException(IOUtils.java:56)
	at org.apache.ratis.grpc.GrpcUtil.tryUnwrapException(GrpcUtil.java:121)
	at org.apache.ratis.grpc.GrpcUtil.unwrapThrowable(GrpcUtil.java:82)
	at org.apache.ratis.grpc.GrpcUtil.warn(GrpcUtil.java:178)
	at org.apache.ratis.grpc.server.GrpcLogAppender$AppendLogResponseHandler.onError(GrpcLogAppender.java:405)
	at org.apache.ratis.thirdparty.io.grpc.stub.ClientCalls$StreamObserverToCallListenerAdapter.onClose(ClientCalls.java:487)
	at org.apache.ratis.thirdparty.io.grpc.internal.ClientCallImpl.closeObserver(ClientCallImpl.java:562)
	at org.apache.ratis.thirdparty.io.grpc.internal.ClientCallImpl.access$300(ClientCallImpl.java:70)
	at org.apache.ratis.thirdparty.io.grpc.internal.ClientCallImpl$ClientStreamListenerImpl$1StreamClosed.runInternal(ClientCallImpl.java:743)
	at org.apache.ratis.thirdparty.io.grpc.internal.ClientCallImpl$ClientStreamListenerImpl$1StreamClosed.runInContext(ClientCallImpl.java:722)
	at org.apache.ratis.thirdparty.io.grpc.internal.ContextRunnable.run(ContextRunnable.java:37)
	at org.apache.ratis.thirdparty.io.grpc.internal.SerializingExecutor.run(SerializingExecutor.java:133)
	at java.base/java.util.concurrent.ThreadPoolExecutor.runWorker(ThreadPoolExecutor.java:1128)
	at java.base/java.util.concurrent.ThreadPoolExecutor$Worker.run(ThreadPoolExecutor.java:628)
	at java.base/java.lang.Thread.run(Thread.java:829)
Caused by: java.util.concurrent.RejectedExecutionException: Task java.util.concurrent.CompletableFuture$AsyncSupply@20dffc13 rejected from java.util.concurrent.ThreadPoolExecutor@7cbe9dc4[Terminated, pool size = 0, active threads = 0, queued tasks = 0, completed tasks = 0]
	at java.base/jdk.internal.reflect.GeneratedConstructorAccessor11.newInstance(Unknown Source)
	at java.base/jdk.internal.reflect.DelegatingConstructorAccessorImpl.newInstance(DelegatingConstructorAccessorImpl.java:45)
	at java.base/java.lang.reflect.Constructor.newInstance(Constructor.java:490)
	at org.apache.ratis.util.ReflectionUtils.instantiateException(ReflectionUtils.java:259)
	at org.apache.ratis.grpc.GrpcUtil.tryUnwrapException(GrpcUtil.java:120)
	... 13 more
Caused by: org.apache.ratis.thirdparty.io.grpc.StatusRuntimeException: INTERNAL: Task java.util.concurrent.CompletableFuture$AsyncSupply@20dffc13 rejected from java.util.concurrent.ThreadPoolExecutor@7cbe9dc4[Terminated, pool size = 0, active threads = 0, queued tasks = 0, completed tasks = 0]
	at org.apache.ratis.thirdparty.io.grpc.Status.asRuntimeException(Status.java:535)
	... 10 more
	Suppressed: java.lang.IllegalStateException: Failed to cast to class java.io.IOException, object=java.util.concurrent.RejectedExecutionException: Task java.util.concurrent.CompletableFuture$AsyncSupply@20dffc13 rejected from java.util.concurrent.ThreadPoolExecutor@7cbe9dc4[Terminated, pool size = 0, active threads = 0, queued tasks = 0, completed tasks = 0]
	at java.base/java.util.concurrent.ThreadPoolExecutor$AbortPolicy.rejectedExecution(ThreadPoolExecutor.java:2055)
	at java.base/java.util.concurrent.ThreadPoolExecutor.reject(ThreadPoolExecutor.java:825)
	at java.base/java.util.concurrent.ThreadPoolExecutor.execute(ThreadPoolExecutor.java:1355)
	at java.base/java.util.concurrent.CompletableFuture.asyncSupplyStage(CompletableFuture.java:1714)
	at java.base/java.util.concurrent.CompletableFuture.supplyAsync(CompletableFuture.java:1931)
	at org.apache.ratis.server.impl.RaftServerImpl.executeSubmitServerRequestAsync(RaftServerImpl.java:812)
	at org.apache.ratis.server.impl.RaftServerProxy.lambda$appendEntriesAsync$27(RaftServerProxy.java:634)
	at java.base/java.util.concurrent.CompletableFuture.uniComposeStage(CompletableFuture.java:1106)
	at java.base/java.util.concurrent.CompletableFuture.thenCompose(CompletableFuture.java:2235)
	at org.apache.ratis.server.impl.RaftServerProxy.appendEntriesAsync(RaftServerProxy.java:634)
	at org.apache.ratis.grpc.server.GrpcServerProtocolService$1.process(GrpcServerProtocolService.java:219)
	at org.apache.ratis.grpc.server.GrpcServerProtocolService$1.process(GrpcServerProtocolService.java:216)
	at org.apache.ratis.grpc.server.GrpcServerProtocolService$ServerRequestStreamObserver.onNext(GrpcServerProtocolService.java:124)
	at org.apache.ratis.thirdparty.io.grpc.stub.ServerCalls$StreamingServerCallHandler$StreamingServerCallListener.onMessage(ServerCalls.java:262)
	at org.apache.ratis.thirdparty.io.grpc.ForwardingServerCallListener.onMessage(ForwardingServerCallListener.java:33)
	at org.apache.ratis.thirdparty.io.grpc.internal.ServerCallImpl$ServerStreamListenerImpl.messagesAvailableInternal(ServerCallImpl.java:332)
	at org.apache.ratis.thirdparty.io.grpc.internal.ServerCallImpl$ServerStreamListenerImpl.messagesAvailable(ServerCallImpl.java:315)
	at org.apache.ratis.thirdparty.io.grpc.internal.ServerImpl$JumpToApplicationThreadServerStreamListener$1MessagesAvailable.runInContext(ServerImpl.java:834)
	at org.apache.ratis.thirdparty.io.grpc.internal.ContextRunnable.run(ContextRunnable.java:37)
	at org.apache.ratis.thirdparty.io.grpc.internal.SerializingExecutor.run(SerializingExecutor.java:133)
	at java.base/java.util.concurrent.ThreadPoolExecutor.runWorker(ThreadPoolExecutor.java:1128)
	at java.base/java.util.concurrent.ThreadPoolExecutor$Worker.run(ThreadPoolExecutor.java:628)
	at java.base/java.lang.Thread.run(Thread.java:829)

		at org.apache.ratis.util.IOUtils.readObject(IOUtils.java:237)
		at org.apache.ratis.util.IOUtils.bytes2Object(IOUtils.java:214)
		at org.apache.ratis.grpc.GrpcUtil.tryUnwrapException(GrpcUtil.java:109)
		at org.apache.ratis.grpc.GrpcUtil.unwrapThrowable(GrpcUtil.java:82)
		at org.apache.ratis.grpc.GrpcUtil.warn(GrpcUtil.java:178)
		at org.apache.ratis.grpc.server.GrpcLogAppender$AppendLogResponseHandler.onError(GrpcLogAppender.java:405)
		... 10 more
	Caused by: java.lang.ClassCastException: Cannot cast java.util.concurrent.RejectedExecutionException to java.io.IOException
		at java.base/java.lang.Class.cast(Class.java:3605)
		at org.apache.ratis.util.IOUtils.readObject(IOUtils.java:234)
		... 15 more
2022-11-11 07:38:07,282 [grpc-default-executor-6] INFO  leader.FollowerInfo (FollowerInfoImpl.java:lambda$new$0(48)) - s2@group-DC0BCF2C7030->s1: nextIndex: updateUnconditionally 197 -> 139
2022-11-11 07:38:07,282 [s2@group-DC0BCF2C7030-StateMachineUpdater] INFO  impl.SimpleStateMachine4Testing (SimpleStateMachine4Testing.java:put(205)) - s2: put 197, m96 -> (t:2, i:197), STATEMACHINELOGENTRY, 482@client-70D4234AB40A
2022-11-11 07:38:07,289 [s0-server-thread1] DEBUG raftlog.RaftLog (SegmentedRaftLog.java:appendImpl(446)) - truncateIndex=-1, arrayIndex=0
2022-11-11 07:38:07,290 [s0@group-DC0BCF2C7030-StateMachineUpdater] INFO  impl.SimpleStateMachine4Testing (SimpleStateMachine4Testing.java:put(205)) - s0: put 197, m96 -> (t:2, i:197), STATEMACHINELOGENTRY, 482@client-70D4234AB40A
2022-11-11 07:38:07,290 [grpc-default-executor-6] WARN  server.GrpcServerProtocolService (LogUtils.java:warn(124)) - s1: Failed APPEND_ENTRIES request s2->s1#107-t2,previous=(t:1, i:138),leaderCommit=197,initializing? true,entries: size=60, first=(t:2, i:139), CONFIGURATIONENTRY(current:id: "s0"
address: "localhost:38889"
dataStreamAddress: "localhost:44045"
clientAddress: "localhost:36221"
adminAddress: "localhost:33369"
startupRole: FOLLOWER
,id: "s1"
address: "localhost:33469"
dataStreamAddress: "localhost:41079"
clientAddress: "localhost:38107"
adminAddress: "localhost:35601"
startupRole: FOLLOWER
,id: "s2"
address: "localhost:39335"
dataStreamAddress: "localhost:40831"
clientAddress: "localhost:32863"
adminAddress: "localhost:35389"
startupRole: FOLLOWER
, old:)
java.util.concurrent.CompletionException: java.util.concurrent.RejectedExecutionException: Task java.util.concurrent.CompletableFuture$AsyncSupply@16c95eb rejected from java.util.concurrent.ThreadPoolExecutor@7cbe9dc4[Terminated, pool size = 0, active threads = 0, queued tasks = 0, completed tasks = 0]
	at java.base/java.util.concurrent.CompletableFuture.encodeThrowable(CompletableFuture.java:314)
	at java.base/java.util.concurrent.CompletableFuture.uniComposeStage(CompletableFuture.java:1113)
	at java.base/java.util.concurrent.CompletableFuture.thenCompose(CompletableFuture.java:2235)
	at org.apache.ratis.server.impl.RaftServerProxy.appendEntriesAsync(RaftServerProxy.java:634)
	at org.apache.ratis.grpc.server.GrpcServerProtocolService$1.process(GrpcServerProtocolService.java:219)
	at org.apache.ratis.grpc.server.GrpcServerProtocolService$1.process(GrpcServerProtocolService.java:216)
	at org.apache.ratis.grpc.server.GrpcServerProtocolService$ServerRequestStreamObserver.onNext(GrpcServerProtocolService.java:124)
	at org.apache.ratis.thirdparty.io.grpc.stub.ServerCalls$StreamingServerCallHandler$StreamingServerCallListener.onMessage(ServerCalls.java:262)
	at org.apache.ratis.thirdparty.io.grpc.ForwardingServerCallListener.onMessage(ForwardingServerCallListener.java:33)
	at org.apache.ratis.thirdparty.io.grpc.internal.ServerCallImpl$ServerStreamListenerImpl.messagesAvailableInternal(ServerCallImpl.java:332)
	at org.apache.ratis.thirdparty.io.grpc.internal.ServerCallImpl$ServerStreamListenerImpl.messagesAvailable(ServerCallImpl.java:315)
	at org.apache.ratis.thirdparty.io.grpc.internal.ServerImpl$JumpToApplicationThreadServerStreamListener$1MessagesAvailable.runInContext(ServerImpl.java:834)
	at org.apache.ratis.thirdparty.io.grpc.internal.ContextRunnable.run(ContextRunnable.java:37)
	at org.apache.ratis.thirdparty.io.grpc.internal.SerializingExecutor.run(SerializingExecutor.java:133)
	at java.base/java.util.concurrent.ThreadPoolExecutor.runWorker(ThreadPoolExecutor.java:1128)
	at java.base/java.util.concurrent.ThreadPoolExecutor$Worker.run(ThreadPoolExecutor.java:628)
	at java.base/java.lang.Thread.run(Thread.java:829)
Caused by: java.util.concurrent.RejectedExecutionException: Task java.util.concurrent.CompletableFuture$AsyncSupply@16c95eb rejected from java.util.concurrent.ThreadPoolExecutor@7cbe9dc4[Terminated, pool size = 0, active threads = 0, queued tasks = 0, completed tasks = 0]
	at java.base/java.util.concurrent.ThreadPoolExecutor$AbortPolicy.rejectedExecution(ThreadPoolExecutor.java:2055)
	at java.base/java.util.concurrent.ThreadPoolExecutor.reject(ThreadPoolExecutor.java:825)
	at java.base/java.util.concurrent.ThreadPoolExecutor.execute(ThreadPoolExecutor.java:1355)
	at java.base/java.util.concurrent.CompletableFuture.asyncSupplyStage(CompletableFuture.java:1714)
	at java.base/java.util.concurrent.CompletableFuture.supplyAsync(CompletableFuture.java:1931)
	at org.apache.ratis.server.impl.RaftServerImpl.executeSubmitServerRequestAsync(RaftServerImpl.java:812)
	at org.apache.ratis.server.impl.RaftServerProxy.lambda$appendEntriesAsync$27(RaftServerProxy.java:634)
	at java.base/java.util.concurrent.CompletableFuture.uniComposeStage(CompletableFuture.java:1106)
	... 15 more
2022-11-11 07:38:07,294 [grpc-default-executor-6] WARN  server.GrpcLogAppender (LogUtils.java:warn(124)) - s2@group-DC0BCF2C7030->s1-AppendLogResponseHandler: Failed appendEntries
java.io.IOException: java.util.concurrent.RejectedExecutionException: Task java.util.concurrent.CompletableFuture$AsyncSupply@16c95eb rejected from java.util.concurrent.ThreadPoolExecutor@7cbe9dc4[Terminated, pool size = 0, active threads = 0, queued tasks = 0, completed tasks = 0]
	at org.apache.ratis.util.IOUtils.asIOException(IOUtils.java:56)
	at org.apache.ratis.grpc.GrpcUtil.tryUnwrapException(GrpcUtil.java:121)
	at org.apache.ratis.grpc.GrpcUtil.unwrapThrowable(GrpcUtil.java:82)
	at org.apache.ratis.grpc.GrpcUtil.warn(GrpcUtil.java:178)
	at org.apache.ratis.grpc.server.GrpcLogAppender$AppendLogResponseHandler.onError(GrpcLogAppender.java:405)
	at org.apache.ratis.thirdparty.io.grpc.stub.ClientCalls$StreamObserverToCallListenerAdapter.onClose(ClientCalls.java:487)
	at org.apache.ratis.thirdparty.io.grpc.internal.ClientCallImpl.closeObserver(ClientCallImpl.java:562)
	at org.apache.ratis.thirdparty.io.grpc.internal.ClientCallImpl.access$300(ClientCallImpl.java:70)
	at org.apache.ratis.thirdparty.io.grpc.internal.ClientCallImpl$ClientStreamListenerImpl$1StreamClosed.runInternal(ClientCallImpl.java:743)
	at org.apache.ratis.thirdparty.io.grpc.internal.ClientCallImpl$ClientStreamListenerImpl$1StreamClosed.runInContext(ClientCallImpl.java:722)
	at org.apache.ratis.thirdparty.io.grpc.internal.ContextRunnable.run(ContextRunnable.java:37)
	at org.apache.ratis.thirdparty.io.grpc.internal.SerializingExecutor.run(SerializingExecutor.java:133)
	at java.base/java.util.concurrent.ThreadPoolExecutor.runWorker(ThreadPoolExecutor.java:1128)
	at java.base/java.util.concurrent.ThreadPoolExecutor$Worker.run(ThreadPoolExecutor.java:628)
	at java.base/java.lang.Thread.run(Thread.java:829)
Caused by: java.util.concurrent.RejectedExecutionException: Task java.util.concurrent.CompletableFuture$AsyncSupply@16c95eb rejected from java.util.concurrent.ThreadPoolExecutor@7cbe9dc4[Terminated, pool size = 0, active threads = 0, queued tasks = 0, completed tasks = 0]
	at java.base/jdk.internal.reflect.GeneratedConstructorAccessor11.newInstance(Unknown Source)
	at java.base/jdk.internal.reflect.DelegatingConstructorAccessorImpl.newInstance(DelegatingConstructorAccessorImpl.java:45)
	at java.base/java.lang.reflect.Constructor.newInstance(Constructor.java:490)
	at org.apache.ratis.util.ReflectionUtils.instantiateException(ReflectionUtils.java:259)
	at org.apache.ratis.grpc.GrpcUtil.tryUnwrapException(GrpcUtil.java:120)
	... 13 more
Caused by: org.apache.ratis.thirdparty.io.grpc.StatusRuntimeException: INTERNAL: Task java.util.concurrent.CompletableFuture$AsyncSupply@16c95eb rejected from java.util.concurrent.ThreadPoolExecutor@7cbe9dc4[Terminated, pool size = 0, active threads = 0, queued tasks = 0, completed tasks = 0]
	at org.apache.ratis.thirdparty.io.grpc.Status.asRuntimeException(Status.java:535)
	... 10 more
	Suppressed: java.lang.IllegalStateException: Failed to cast to class java.io.IOException, object=java.util.concurrent.RejectedExecutionException: Task java.util.concurrent.CompletableFuture$AsyncSupply@16c95eb rejected from java.util.concurrent.ThreadPoolExecutor@7cbe9dc4[Terminated, pool size = 0, active threads = 0, queued tasks = 0, completed tasks = 0]
	at java.base/java.util.concurrent.ThreadPoolExecutor$AbortPolicy.rejectedExecution(ThreadPoolExecutor.java:2055)
	at java.base/java.util.concurrent.ThreadPoolExecutor.reject(ThreadPoolExecutor.java:825)
	at java.base/java.util.concurrent.ThreadPoolExecutor.execute(ThreadPoolExecutor.java:1355)
	at java.base/java.util.concurrent.CompletableFuture.asyncSupplyStage(CompletableFuture.java:1714)
	at java.base/java.util.concurrent.CompletableFuture.supplyAsync(CompletableFuture.java:1931)
	at org.apache.ratis.server.impl.RaftServerImpl.executeSubmitServerRequestAsync(RaftServerImpl.java:812)
	at org.apache.ratis.server.impl.RaftServerProxy.lambda$appendEntriesAsync$27(RaftServerProxy.java:634)
	at java.base/java.util.concurrent.CompletableFuture.uniComposeStage(CompletableFuture.java:1106)
	at java.base/java.util.concurrent.CompletableFuture.thenCompose(CompletableFuture.java:2235)
	at org.apache.ratis.server.impl.RaftServerProxy.appendEntriesAsync(RaftServerProxy.java:634)
	at org.apache.ratis.grpc.server.GrpcServerProtocolService$1.process(GrpcServerProtocolService.java:219)
	at org.apache.ratis.grpc.server.GrpcServerProtocolService$1.process(GrpcServerProtocolService.java:216)
	at org.apache.ratis.grpc.server.GrpcServerProtocolService$ServerRequestStreamObserver.onNext(GrpcServerProtocolService.java:124)
	at org.apache.ratis.thirdparty.io.grpc.stub.ServerCalls$StreamingServerCallHandler$StreamingServerCallListener.onMessage(ServerCalls.java:262)
	at org.apache.ratis.thirdparty.io.grpc.ForwardingServerCallListener.onMessage(ForwardingServerCallListener.java:33)
	at org.apache.ratis.thirdparty.io.grpc.internal.ServerCallImpl$ServerStreamListenerImpl.messagesAvailableInternal(ServerCallImpl.java:332)
	at org.apache.ratis.thirdparty.io.grpc.internal.ServerCallImpl$ServerStreamListenerImpl.messagesAvailable(ServerCallImpl.java:315)
	at org.apache.ratis.thirdparty.io.grpc.internal.ServerImpl$JumpToApplicationThreadServerStreamListener$1MessagesAvailable.runInContext(ServerImpl.java:834)
	at org.apache.ratis.thirdparty.io.grpc.internal.ContextRunnable.run(ContextRunnable.java:37)
	at org.apache.ratis.thirdparty.io.grpc.internal.SerializingExecutor.run(SerializingExecutor.java:133)
	at java.base/java.util.concurrent.ThreadPoolExecutor.runWorker(ThreadPoolExecutor.java:1128)
	at java.base/java.util.concurrent.ThreadPoolExecutor$Worker.run(ThreadPoolExecutor.java:628)
	at java.base/java.lang.Thread.run(Thread.java:829)

		at org.apache.ratis.util.IOUtils.readObject(IOUtils.java:237)
		at org.apache.ratis.util.IOUtils.bytes2Object(IOUtils.java:214)
		at org.apache.ratis.grpc.GrpcUtil.tryUnwrapException(GrpcUtil.java:109)
		at org.apache.ratis.grpc.GrpcUtil.unwrapThrowable(GrpcUtil.java:82)
		at org.apache.ratis.grpc.GrpcUtil.warn(GrpcUtil.java:178)
		at org.apache.ratis.grpc.server.GrpcLogAppender$AppendLogResponseHandler.onError(GrpcLogAppender.java:405)
		... 10 more
	Caused by: java.lang.ClassCastException: Cannot cast java.util.concurrent.RejectedExecutionException to java.io.IOException
		at java.base/java.lang.Class.cast(Class.java:3605)
		at org.apache.ratis.util.IOUtils.readObject(IOUtils.java:234)
		... 15 more
2022-11-11 07:38:07,295 [grpc-default-executor-6] INFO  leader.FollowerInfo (FollowerInfoImpl.java:lambda$new$0(48)) - s2@group-DC0BCF2C7030->s1: nextIndex: updateUnconditionally 199 -> 139
2022-11-11 07:38:07,296 [s0-server-thread1] DEBUG raftlog.RaftLog (SegmentedRaftLog.java:appendImpl(446)) - truncateIndex=-1, arrayIndex=0
2022-11-11 07:38:07,303 [s2@group-DC0BCF2C7030-StateMachineUpdater] INFO  impl.SimpleStateMachine4Testing (SimpleStateMachine4Testing.java:put(205)) - s2: put 199, m97 -> (t:2, i:199), STATEMACHINELOGENTRY, 483@client-70D4234AB40A
2022-11-11 07:38:07,304 [s0-server-thread1] DEBUG raftlog.RaftLog (SegmentedRaftLog.java:appendImpl(446)) - truncateIndex=-1, arrayIndex=0
2022-11-11 07:38:07,304 [grpc-default-executor-3] WARN  server.GrpcServerProtocolService (LogUtils.java:warn(124)) - s1: Failed APPEND_ENTRIES request s2->s1#111-t2,previous=(t:1, i:138),leaderCommit=198,initializing? true,entries: size=61, first=(t:2, i:139), CONFIGURATIONENTRY(current:id: "s0"
address: "localhost:38889"
dataStreamAddress: "localhost:44045"
clientAddress: "localhost:36221"
adminAddress: "localhost:33369"
startupRole: FOLLOWER
,id: "s1"
address: "localhost:33469"
dataStreamAddress: "localhost:41079"
clientAddress: "localhost:38107"
adminAddress: "localhost:35601"
startupRole: FOLLOWER
,id: "s2"
address: "localhost:39335"
dataStreamAddress: "localhost:40831"
clientAddress: "localhost:32863"
adminAddress: "localhost:35389"
startupRole: FOLLOWER
, old:)
java.util.concurrent.CompletionException: java.util.concurrent.RejectedExecutionException: Task java.util.concurrent.CompletableFuture$AsyncSupply@24e963c2 rejected from java.util.concurrent.ThreadPoolExecutor@7cbe9dc4[Terminated, pool size = 0, active threads = 0, queued tasks = 0, completed tasks = 0]
	at java.base/java.util.concurrent.CompletableFuture.encodeThrowable(CompletableFuture.java:314)
	at java.base/java.util.concurrent.CompletableFuture.uniComposeStage(CompletableFuture.java:1113)
	at java.base/java.util.concurrent.CompletableFuture.thenCompose(CompletableFuture.java:2235)
	at org.apache.ratis.server.impl.RaftServerProxy.appendEntriesAsync(RaftServerProxy.java:634)
	at org.apache.ratis.grpc.server.GrpcServerProtocolService$1.process(GrpcServerProtocolService.java:219)
	at org.apache.ratis.grpc.server.GrpcServerProtocolService$1.process(GrpcServerProtocolService.java:216)
	at org.apache.ratis.grpc.server.GrpcServerProtocolService$ServerRequestStreamObserver.onNext(GrpcServerProtocolService.java:124)
	at org.apache.ratis.thirdparty.io.grpc.stub.ServerCalls$StreamingServerCallHandler$StreamingServerCallListener.onMessage(ServerCalls.java:262)
	at org.apache.ratis.thirdparty.io.grpc.ForwardingServerCallListener.onMessage(ForwardingServerCallListener.java:33)
	at org.apache.ratis.thirdparty.io.grpc.internal.ServerCallImpl$ServerStreamListenerImpl.messagesAvailableInternal(ServerCallImpl.java:332)
	at org.apache.ratis.thirdparty.io.grpc.internal.ServerCallImpl$ServerStreamListenerImpl.messagesAvailable(ServerCallImpl.java:315)
	at org.apache.ratis.thirdparty.io.grpc.internal.ServerImpl$JumpToApplicationThreadServerStreamListener$1MessagesAvailable.runInContext(ServerImpl.java:834)
	at org.apache.ratis.thirdparty.io.grpc.internal.ContextRunnable.run(ContextRunnable.java:37)
	at org.apache.ratis.thirdparty.io.grpc.internal.SerializingExecutor.run(SerializingExecutor.java:133)
	at java.base/java.util.concurrent.ThreadPoolExecutor.runWorker(ThreadPoolExecutor.java:1128)
	at java.base/java.util.concurrent.ThreadPoolExecutor$Worker.run(ThreadPoolExecutor.java:628)
	at java.base/java.lang.Thread.run(Thread.java:829)
Caused by: java.util.concurrent.RejectedExecutionException: Task java.util.concurrent.CompletableFuture$AsyncSupply@24e963c2 rejected from java.util.concurrent.ThreadPoolExecutor@7cbe9dc4[Terminated, pool size = 0, active threads = 0, queued tasks = 0, completed tasks = 0]
	at java.base/java.util.concurrent.ThreadPoolExecutor$AbortPolicy.rejectedExecution(ThreadPoolExecutor.java:2055)
	at java.base/java.util.concurrent.ThreadPoolExecutor.reject(ThreadPoolExecutor.java:825)
	at java.base/java.util.concurrent.ThreadPoolExecutor.execute(ThreadPoolExecutor.java:1355)
	at java.base/java.util.concurrent.CompletableFuture.asyncSupplyStage(CompletableFuture.java:1714)
	at java.base/java.util.concurrent.CompletableFuture.supplyAsync(CompletableFuture.java:1931)
	at org.apache.ratis.server.impl.RaftServerImpl.executeSubmitServerRequestAsync(RaftServerImpl.java:812)
	at org.apache.ratis.server.impl.RaftServerProxy.lambda$appendEntriesAsync$27(RaftServerProxy.java:634)
	at java.base/java.util.concurrent.CompletableFuture.uniComposeStage(CompletableFuture.java:1106)
	... 15 more
2022-11-11 07:38:07,305 [s0@group-DC0BCF2C7030-StateMachineUpdater] INFO  impl.SimpleStateMachine4Testing (SimpleStateMachine4Testing.java:put(205)) - s0: put 199, m97 -> (t:2, i:199), STATEMACHINELOGENTRY, 483@client-70D4234AB40A
2022-11-11 07:38:07,313 [grpc-default-executor-4] WARN  server.GrpcLogAppender (LogUtils.java:warn(124)) - s2@group-DC0BCF2C7030->s1-AppendLogResponseHandler: Failed appendEntries
java.io.IOException: java.util.concurrent.RejectedExecutionException: Task java.util.concurrent.CompletableFuture$AsyncSupply@24e963c2 rejected from java.util.concurrent.ThreadPoolExecutor@7cbe9dc4[Terminated, pool size = 0, active threads = 0, queued tasks = 0, completed tasks = 0]
	at org.apache.ratis.util.IOUtils.asIOException(IOUtils.java:56)
	at org.apache.ratis.grpc.GrpcUtil.tryUnwrapException(GrpcUtil.java:121)
	at org.apache.ratis.grpc.GrpcUtil.unwrapThrowable(GrpcUtil.java:82)
	at org.apache.ratis.grpc.GrpcUtil.warn(GrpcUtil.java:178)
	at org.apache.ratis.grpc.server.GrpcLogAppender$AppendLogResponseHandler.onError(GrpcLogAppender.java:405)
	at org.apache.ratis.thirdparty.io.grpc.stub.ClientCalls$StreamObserverToCallListenerAdapter.onClose(ClientCalls.java:487)
	at org.apache.ratis.thirdparty.io.grpc.internal.ClientCallImpl.closeObserver(ClientCallImpl.java:562)
	at org.apache.ratis.thirdparty.io.grpc.internal.ClientCallImpl.access$300(ClientCallImpl.java:70)
	at org.apache.ratis.thirdparty.io.grpc.internal.ClientCallImpl$ClientStreamListenerImpl$1StreamClosed.runInternal(ClientCallImpl.java:743)
	at org.apache.ratis.thirdparty.io.grpc.internal.ClientCallImpl$ClientStreamListenerImpl$1StreamClosed.runInContext(ClientCallImpl.java:722)
	at org.apache.ratis.thirdparty.io.grpc.internal.ContextRunnable.run(ContextRunnable.java:37)
	at org.apache.ratis.thirdparty.io.grpc.internal.SerializingExecutor.run(SerializingExecutor.java:133)
	at java.base/java.util.concurrent.ThreadPoolExecutor.runWorker(ThreadPoolExecutor.java:1128)
	at java.base/java.util.concurrent.ThreadPoolExecutor$Worker.run(ThreadPoolExecutor.java:628)
	at java.base/java.lang.Thread.run(Thread.java:829)
Caused by: java.util.concurrent.RejectedExecutionException: Task java.util.concurrent.CompletableFuture$AsyncSupply@24e963c2 rejected from java.util.concurrent.ThreadPoolExecutor@7cbe9dc4[Terminated, pool size = 0, active threads = 0, queued tasks = 0, completed tasks = 0]
	at java.base/jdk.internal.reflect.GeneratedConstructorAccessor11.newInstance(Unknown Source)
	at java.base/jdk.internal.reflect.DelegatingConstructorAccessorImpl.newInstance(DelegatingConstructorAccessorImpl.java:45)
	at java.base/java.lang.reflect.Constructor.newInstance(Constructor.java:490)
	at org.apache.ratis.util.ReflectionUtils.instantiateException(ReflectionUtils.java:259)
	at org.apache.ratis.grpc.GrpcUtil.tryUnwrapException(GrpcUtil.java:120)
	... 13 more
Caused by: org.apache.ratis.thirdparty.io.grpc.StatusRuntimeException: INTERNAL: Task java.util.concurrent.CompletableFuture$AsyncSupply@24e963c2 rejected from java.util.concurrent.ThreadPoolExecutor@7cbe9dc4[Terminated, pool size = 0, active threads = 0, queued tasks = 0, completed tasks = 0]
	at org.apache.ratis.thirdparty.io.grpc.Status.asRuntimeException(Status.java:535)
	... 10 more
	Suppressed: java.lang.IllegalStateException: Failed to cast to class java.io.IOException, object=java.util.concurrent.RejectedExecutionException: Task java.util.concurrent.CompletableFuture$AsyncSupply@24e963c2 rejected from java.util.concurrent.ThreadPoolExecutor@7cbe9dc4[Terminated, pool size = 0, active threads = 0, queued tasks = 0, completed tasks = 0]
	at java.base/java.util.concurrent.ThreadPoolExecutor$AbortPolicy.rejectedExecution(ThreadPoolExecutor.java:2055)
	at java.base/java.util.concurrent.ThreadPoolExecutor.reject(ThreadPoolExecutor.java:825)
	at java.base/java.util.concurrent.ThreadPoolExecutor.execute(ThreadPoolExecutor.java:1355)
	at java.base/java.util.concurrent.CompletableFuture.asyncSupplyStage(CompletableFuture.java:1714)
	at java.base/java.util.concurrent.CompletableFuture.supplyAsync(CompletableFuture.java:1931)
	at org.apache.ratis.server.impl.RaftServerImpl.executeSubmitServerRequestAsync(RaftServerImpl.java:812)
	at org.apache.ratis.server.impl.RaftServerProxy.lambda$appendEntriesAsync$27(RaftServerProxy.java:634)
	at java.base/java.util.concurrent.CompletableFuture.uniComposeStage(CompletableFuture.java:1106)
	at java.base/java.util.concurrent.CompletableFuture.thenCompose(CompletableFuture.java:2235)
	at org.apache.ratis.server.impl.RaftServerProxy.appendEntriesAsync(RaftServerProxy.java:634)
	at org.apache.ratis.grpc.server.GrpcServerProtocolService$1.process(GrpcServerProtocolService.java:219)
	at org.apache.ratis.grpc.server.GrpcServerProtocolService$1.process(GrpcServerProtocolService.java:216)
	at org.apache.ratis.grpc.server.GrpcServerProtocolService$ServerRequestStreamObserver.onNext(GrpcServerProtocolService.java:124)
	at org.apache.ratis.thirdparty.io.grpc.stub.ServerCalls$StreamingServerCallHandler$StreamingServerCallListener.onMessage(ServerCalls.java:262)
	at org.apache.ratis.thirdparty.io.grpc.ForwardingServerCallListener.onMessage(ForwardingServerCallListener.java:33)
	at org.apache.ratis.thirdparty.io.grpc.internal.ServerCallImpl$ServerStreamListenerImpl.messagesAvailableInternal(ServerCallImpl.java:332)
	at org.apache.ratis.thirdparty.io.grpc.internal.ServerCallImpl$ServerStreamListenerImpl.messagesAvailable(ServerCallImpl.java:315)
	at org.apache.ratis.thirdparty.io.grpc.internal.ServerImpl$JumpToApplicationThreadServerStreamListener$1MessagesAvailable.runInContext(ServerImpl.java:834)
	at org.apache.ratis.thirdparty.io.grpc.internal.ContextRunnable.run(ContextRunnable.java:37)
	at org.apache.ratis.thirdparty.io.grpc.internal.SerializingExecutor.run(SerializingExecutor.java:133)
	at java.base/java.util.concurrent.ThreadPoolExecutor.runWorker(ThreadPoolExecutor.java:1128)
	at java.base/java.util.concurrent.ThreadPoolExecutor$Worker.run(ThreadPoolExecutor.java:628)
	at java.base/java.lang.Thread.run(Thread.java:829)

		at org.apache.ratis.util.IOUtils.readObject(IOUtils.java:237)
		at org.apache.ratis.util.IOUtils.bytes2Object(IOUtils.java:214)
		at org.apache.ratis.grpc.GrpcUtil.tryUnwrapException(GrpcUtil.java:109)
		at org.apache.ratis.grpc.GrpcUtil.unwrapThrowable(GrpcUtil.java:82)
		at org.apache.ratis.grpc.GrpcUtil.warn(GrpcUtil.java:178)
		at org.apache.ratis.grpc.server.GrpcLogAppender$AppendLogResponseHandler.onError(GrpcLogAppender.java:405)
		... 10 more
	Caused by: java.lang.ClassCastException: Cannot cast java.util.concurrent.RejectedExecutionException to java.io.IOException
		at java.base/java.lang.Class.cast(Class.java:3605)
		at org.apache.ratis.util.IOUtils.readObject(IOUtils.java:234)
		... 15 more
2022-11-11 07:38:07,314 [grpc-default-executor-4] INFO  leader.FollowerInfo (FollowerInfoImpl.java:lambda$new$0(48)) - s2@group-DC0BCF2C7030->s1: nextIndex: updateUnconditionally 200 -> 139
2022-11-11 07:38:07,317 [grpc-default-executor-6] WARN  server.GrpcServerProtocolService (LogUtils.java:warn(124)) - s1: Failed APPEND_ENTRIES request s2->s1#115-t2,previous=(t:1, i:138),leaderCommit=200,initializing? true,entries: size=63, first=(t:2, i:139), CONFIGURATIONENTRY(current:id: "s0"
address: "localhost:38889"
dataStreamAddress: "localhost:44045"
clientAddress: "localhost:36221"
adminAddress: "localhost:33369"
startupRole: FOLLOWER
,id: "s1"
address: "localhost:33469"
dataStreamAddress: "localhost:41079"
clientAddress: "localhost:38107"
adminAddress: "localhost:35601"
startupRole: FOLLOWER
,id: "s2"
address: "localhost:39335"
dataStreamAddress: "localhost:40831"
clientAddress: "localhost:32863"
adminAddress: "localhost:35389"
startupRole: FOLLOWER
, old:)
java.util.concurrent.CompletionException: java.util.concurrent.RejectedExecutionException: Task java.util.concurrent.CompletableFuture$AsyncSupply@2f565663 rejected from java.util.concurrent.ThreadPoolExecutor@7cbe9dc4[Terminated, pool size = 0, active threads = 0, queued tasks = 0, completed tasks = 0]
	at java.base/java.util.concurrent.CompletableFuture.encodeThrowable(CompletableFuture.java:314)
	at java.base/java.util.concurrent.CompletableFuture.uniComposeStage(CompletableFuture.java:1113)
	at java.base/java.util.concurrent.CompletableFuture.thenCompose(CompletableFuture.java:2235)
	at org.apache.ratis.server.impl.RaftServerProxy.appendEntriesAsync(RaftServerProxy.java:634)
	at org.apache.ratis.grpc.server.GrpcServerProtocolService$1.process(GrpcServerProtocolService.java:219)
	at org.apache.ratis.grpc.server.GrpcServerProtocolService$1.process(GrpcServerProtocolService.java:216)
	at org.apache.ratis.grpc.server.GrpcServerProtocolService$ServerRequestStreamObserver.onNext(GrpcServerProtocolService.java:124)
	at org.apache.ratis.thirdparty.io.grpc.stub.ServerCalls$StreamingServerCallHandler$StreamingServerCallListener.onMessage(ServerCalls.java:262)
	at org.apache.ratis.thirdparty.io.grpc.ForwardingServerCallListener.onMessage(ForwardingServerCallListener.java:33)
	at org.apache.ratis.thirdparty.io.grpc.internal.ServerCallImpl$ServerStreamListenerImpl.messagesAvailableInternal(ServerCallImpl.java:332)
	at org.apache.ratis.thirdparty.io.grpc.internal.ServerCallImpl$ServerStreamListenerImpl.messagesAvailable(ServerCallImpl.java:315)
	at org.apache.ratis.thirdparty.io.grpc.internal.ServerImpl$JumpToApplicationThreadServerStreamListener$1MessagesAvailable.runInContext(ServerImpl.java:834)
	at org.apache.ratis.thirdparty.io.grpc.internal.ContextRunnable.run(ContextRunnable.java:37)
	at org.apache.ratis.thirdparty.io.grpc.internal.SerializingExecutor.run(SerializingExecutor.java:133)
	at java.base/java.util.concurrent.ThreadPoolExecutor.runWorker(ThreadPoolExecutor.java:1128)
	at java.base/java.util.concurrent.ThreadPoolExecutor$Worker.run(ThreadPoolExecutor.java:628)
	at java.base/java.lang.Thread.run(Thread.java:829)
Caused by: java.util.concurrent.RejectedExecutionException: Task java.util.concurrent.CompletableFuture$AsyncSupply@2f565663 rejected from java.util.concurrent.ThreadPoolExecutor@7cbe9dc4[Terminated, pool size = 0, active threads = 0, queued tasks = 0, completed tasks = 0]
	at java.base/java.util.concurrent.ThreadPoolExecutor$AbortPolicy.rejectedExecution(ThreadPoolExecutor.java:2055)
	at java.base/java.util.concurrent.ThreadPoolExecutor.reject(ThreadPoolExecutor.java:825)
	at java.base/java.util.concurrent.ThreadPoolExecutor.execute(ThreadPoolExecutor.java:1355)
	at java.base/java.util.concurrent.CompletableFuture.asyncSupplyStage(CompletableFuture.java:1714)
	at java.base/java.util.concurrent.CompletableFuture.supplyAsync(CompletableFuture.java:1931)
	at org.apache.ratis.server.impl.RaftServerImpl.executeSubmitServerRequestAsync(RaftServerImpl.java:812)
	at org.apache.ratis.server.impl.RaftServerProxy.lambda$appendEntriesAsync$27(RaftServerProxy.java:634)
	at java.base/java.util.concurrent.CompletableFuture.uniComposeStage(CompletableFuture.java:1106)
	... 15 more
2022-11-11 07:38:07,319 [s0-server-thread1] DEBUG raftlog.RaftLog (SegmentedRaftLog.java:appendImpl(446)) - truncateIndex=-1, arrayIndex=0
2022-11-11 07:38:07,321 [s2@group-DC0BCF2C7030-StateMachineUpdater] INFO  impl.SimpleStateMachine4Testing (SimpleStateMachine4Testing.java:put(205)) - s2: put 201, m98 -> (t:2, i:201), STATEMACHINELOGENTRY, 484@client-70D4234AB40A
2022-11-11 07:38:07,322 [grpc-default-executor-4] WARN  server.GrpcLogAppender (LogUtils.java:warn(124)) - s2@group-DC0BCF2C7030->s1-AppendLogResponseHandler: Failed appendEntries
java.io.IOException: java.util.concurrent.RejectedExecutionException: Task java.util.concurrent.CompletableFuture$AsyncSupply@2f565663 rejected from java.util.concurrent.ThreadPoolExecutor@7cbe9dc4[Terminated, pool size = 0, active threads = 0, queued tasks = 0, completed tasks = 0]
	at org.apache.ratis.util.IOUtils.asIOException(IOUtils.java:56)
	at org.apache.ratis.grpc.GrpcUtil.tryUnwrapException(GrpcUtil.java:121)
	at org.apache.ratis.grpc.GrpcUtil.unwrapThrowable(GrpcUtil.java:82)
	at org.apache.ratis.grpc.GrpcUtil.warn(GrpcUtil.java:178)
	at org.apache.ratis.grpc.server.GrpcLogAppender$AppendLogResponseHandler.onError(GrpcLogAppender.java:405)
	at org.apache.ratis.thirdparty.io.grpc.stub.ClientCalls$StreamObserverToCallListenerAdapter.onClose(ClientCalls.java:487)
	at org.apache.ratis.thirdparty.io.grpc.internal.ClientCallImpl.closeObserver(ClientCallImpl.java:562)
	at org.apache.ratis.thirdparty.io.grpc.internal.ClientCallImpl.access$300(ClientCallImpl.java:70)
	at org.apache.ratis.thirdparty.io.grpc.internal.ClientCallImpl$ClientStreamListenerImpl$1StreamClosed.runInternal(ClientCallImpl.java:743)
	at org.apache.ratis.thirdparty.io.grpc.internal.ClientCallImpl$ClientStreamListenerImpl$1StreamClosed.runInContext(ClientCallImpl.java:722)
	at org.apache.ratis.thirdparty.io.grpc.internal.ContextRunnable.run(ContextRunnable.java:37)
	at org.apache.ratis.thirdparty.io.grpc.internal.SerializingExecutor.run(SerializingExecutor.java:133)
	at java.base/java.util.concurrent.ThreadPoolExecutor.runWorker(ThreadPoolExecutor.java:1128)
	at java.base/java.util.concurrent.ThreadPoolExecutor$Worker.run(ThreadPoolExecutor.java:628)
	at java.base/java.lang.Thread.run(Thread.java:829)
Caused by: java.util.concurrent.RejectedExecutionException: Task java.util.concurrent.CompletableFuture$AsyncSupply@2f565663 rejected from java.util.concurrent.ThreadPoolExecutor@7cbe9dc4[Terminated, pool size = 0, active threads = 0, queued tasks = 0, completed tasks = 0]
	at java.base/jdk.internal.reflect.GeneratedConstructorAccessor11.newInstance(Unknown Source)
	at java.base/jdk.internal.reflect.DelegatingConstructorAccessorImpl.newInstance(DelegatingConstructorAccessorImpl.java:45)
	at java.base/java.lang.reflect.Constructor.newInstance(Constructor.java:490)
	at org.apache.ratis.util.ReflectionUtils.instantiateException(ReflectionUtils.java:259)
	at org.apache.ratis.grpc.GrpcUtil.tryUnwrapException(GrpcUtil.java:120)
	... 13 more
Caused by: org.apache.ratis.thirdparty.io.grpc.StatusRuntimeException: INTERNAL: Task java.util.concurrent.CompletableFuture$AsyncSupply@2f565663 rejected from java.util.concurrent.ThreadPoolExecutor@7cbe9dc4[Terminated, pool size = 0, active threads = 0, queued tasks = 0, completed tasks = 0]
	at org.apache.ratis.thirdparty.io.grpc.Status.asRuntimeException(Status.java:535)
	... 10 more
	Suppressed: java.lang.IllegalStateException: Failed to cast to class java.io.IOException, object=java.util.concurrent.RejectedExecutionException: Task java.util.concurrent.CompletableFuture$AsyncSupply@2f565663 rejected from java.util.concurrent.ThreadPoolExecutor@7cbe9dc4[Terminated, pool size = 0, active threads = 0, queued tasks = 0, completed tasks = 0]
	at java.base/java.util.concurrent.ThreadPoolExecutor$AbortPolicy.rejectedExecution(ThreadPoolExecutor.java:2055)
	at java.base/java.util.concurrent.ThreadPoolExecutor.reject(ThreadPoolExecutor.java:825)
	at java.base/java.util.concurrent.ThreadPoolExecutor.execute(ThreadPoolExecutor.java:1355)
	at java.base/java.util.concurrent.CompletableFuture.asyncSupplyStage(CompletableFuture.java:1714)
	at java.base/java.util.concurrent.CompletableFuture.supplyAsync(CompletableFuture.java:1931)
	at org.apache.ratis.server.impl.RaftServerImpl.executeSubmitServerRequestAsync(RaftServerImpl.java:812)
	at org.apache.ratis.server.impl.RaftServerProxy.lambda$appendEntriesAsync$27(RaftServerProxy.java:634)
	at java.base/java.util.concurrent.CompletableFuture.uniComposeStage(CompletableFuture.java:1106)
	at java.base/java.util.concurrent.CompletableFuture.thenCompose(CompletableFuture.java:2235)
	at org.apache.ratis.server.impl.RaftServerProxy.appendEntriesAsync(RaftServerProxy.java:634)
	at org.apache.ratis.grpc.server.GrpcServerProtocolService$1.process(GrpcServerProtocolService.java:219)
	at org.apache.ratis.grpc.server.GrpcServerProtocolService$1.process(GrpcServerProtocolService.java:216)
	at org.apache.ratis.grpc.server.GrpcServerProtocolService$ServerRequestStreamObserver.onNext(GrpcServerProtocolService.java:124)
	at org.apache.ratis.thirdparty.io.grpc.stub.ServerCalls$StreamingServerCallHandler$StreamingServerCallListener.onMessage(ServerCalls.java:262)
	at org.apache.ratis.thirdparty.io.grpc.ForwardingServerCallListener.onMessage(ForwardingServerCallListener.java:33)
	at org.apache.ratis.thirdparty.io.grpc.internal.ServerCallImpl$ServerStreamListenerImpl.messagesAvailableInternal(ServerCallImpl.java:332)
	at org.apache.ratis.thirdparty.io.grpc.internal.ServerCallImpl$ServerStreamListenerImpl.messagesAvailable(ServerCallImpl.java:315)
	at org.apache.ratis.thirdparty.io.grpc.internal.ServerImpl$JumpToApplicationThreadServerStreamListener$1MessagesAvailable.runInContext(ServerImpl.java:834)
	at org.apache.ratis.thirdparty.io.grpc.internal.ContextRunnable.run(ContextRunnable.java:37)
	at org.apache.ratis.thirdparty.io.grpc.internal.SerializingExecutor.run(SerializingExecutor.java:133)
	at java.base/java.util.concurrent.ThreadPoolExecutor.runWorker(ThreadPoolExecutor.java:1128)
	at java.base/java.util.concurrent.ThreadPoolExecutor$Worker.run(ThreadPoolExecutor.java:628)
	at java.base/java.lang.Thread.run(Thread.java:829)

		at org.apache.ratis.util.IOUtils.readObject(IOUtils.java:237)
		at org.apache.ratis.util.IOUtils.bytes2Object(IOUtils.java:214)
		at org.apache.ratis.grpc.GrpcUtil.tryUnwrapException(GrpcUtil.java:109)
		at org.apache.ratis.grpc.GrpcUtil.unwrapThrowable(GrpcUtil.java:82)
		at org.apache.ratis.grpc.GrpcUtil.warn(GrpcUtil.java:178)
		at org.apache.ratis.grpc.server.GrpcLogAppender$AppendLogResponseHandler.onError(GrpcLogAppender.java:405)
		... 10 more
	Caused by: java.lang.ClassCastException: Cannot cast java.util.concurrent.RejectedExecutionException to java.io.IOException
		at java.base/java.lang.Class.cast(Class.java:3605)
		at org.apache.ratis.util.IOUtils.readObject(IOUtils.java:234)
		... 15 more
2022-11-11 07:38:07,322 [grpc-default-executor-4] INFO  leader.FollowerInfo (FollowerInfoImpl.java:lambda$new$0(48)) - s2@group-DC0BCF2C7030->s1: nextIndex: updateUnconditionally 202 -> 139
2022-11-11 07:38:07,329 [s0-server-thread1] DEBUG raftlog.RaftLog (SegmentedRaftLog.java:appendImpl(446)) - truncateIndex=-1, arrayIndex=0
2022-11-11 07:38:07,330 [s0@group-DC0BCF2C7030-StateMachineUpdater] INFO  impl.SimpleStateMachine4Testing (SimpleStateMachine4Testing.java:put(205)) - s0: put 201, m98 -> (t:2, i:201), STATEMACHINELOGENTRY, 484@client-70D4234AB40A
2022-11-11 07:38:07,332 [grpc-default-executor-3] WARN  server.GrpcServerProtocolService (LogUtils.java:warn(124)) - s1: Failed APPEND_ENTRIES request s2->s1#118-t2,previous=(t:1, i:138),leaderCommit=201,initializing? true,entries: size=65, first=(t:2, i:139), CONFIGURATIONENTRY(current:id: "s0"
address: "localhost:38889"
dataStreamAddress: "localhost:44045"
clientAddress: "localhost:36221"
adminAddress: "localhost:33369"
startupRole: FOLLOWER
,id: "s1"
address: "localhost:33469"
dataStreamAddress: "localhost:41079"
clientAddress: "localhost:38107"
adminAddress: "localhost:35601"
startupRole: FOLLOWER
,id: "s2"
address: "localhost:39335"
dataStreamAddress: "localhost:40831"
clientAddress: "localhost:32863"
adminAddress: "localhost:35389"
startupRole: FOLLOWER
, old:)
java.util.concurrent.CompletionException: java.util.concurrent.RejectedExecutionException: Task java.util.concurrent.CompletableFuture$AsyncSupply@35e3777d rejected from java.util.concurrent.ThreadPoolExecutor@7cbe9dc4[Terminated, pool size = 0, active threads = 0, queued tasks = 0, completed tasks = 0]
	at java.base/java.util.concurrent.CompletableFuture.encodeThrowable(CompletableFuture.java:314)
	at java.base/java.util.concurrent.CompletableFuture.uniComposeStage(CompletableFuture.java:1113)
	at java.base/java.util.concurrent.CompletableFuture.thenCompose(CompletableFuture.java:2235)
	at org.apache.ratis.server.impl.RaftServerProxy.appendEntriesAsync(RaftServerProxy.java:634)
	at org.apache.ratis.grpc.server.GrpcServerProtocolService$1.process(GrpcServerProtocolService.java:219)
	at org.apache.ratis.grpc.server.GrpcServerProtocolService$1.process(GrpcServerProtocolService.java:216)
	at org.apache.ratis.grpc.server.GrpcServerProtocolService$ServerRequestStreamObserver.onNext(GrpcServerProtocolService.java:124)
	at org.apache.ratis.thirdparty.io.grpc.stub.ServerCalls$StreamingServerCallHandler$StreamingServerCallListener.onMessage(ServerCalls.java:262)
	at org.apache.ratis.thirdparty.io.grpc.ForwardingServerCallListener.onMessage(ForwardingServerCallListener.java:33)
	at org.apache.ratis.thirdparty.io.grpc.internal.ServerCallImpl$ServerStreamListenerImpl.messagesAvailableInternal(ServerCallImpl.java:332)
	at org.apache.ratis.thirdparty.io.grpc.internal.ServerCallImpl$ServerStreamListenerImpl.messagesAvailable(ServerCallImpl.java:315)
	at org.apache.ratis.thirdparty.io.grpc.internal.ServerImpl$JumpToApplicationThreadServerStreamListener$1MessagesAvailable.runInContext(ServerImpl.java:834)
	at org.apache.ratis.thirdparty.io.grpc.internal.ContextRunnable.run(ContextRunnable.java:37)
	at org.apache.ratis.thirdparty.io.grpc.internal.SerializingExecutor.run(SerializingExecutor.java:133)
	at java.base/java.util.concurrent.ThreadPoolExecutor.runWorker(ThreadPoolExecutor.java:1128)
	at java.base/java.util.concurrent.ThreadPoolExecutor$Worker.run(ThreadPoolExecutor.java:628)
	at java.base/java.lang.Thread.run(Thread.java:829)
Caused by: java.util.concurrent.RejectedExecutionException: Task java.util.concurrent.CompletableFuture$AsyncSupply@35e3777d rejected from java.util.concurrent.ThreadPoolExecutor@7cbe9dc4[Terminated, pool size = 0, active threads = 0, queued tasks = 0, completed tasks = 0]
	at java.base/java.util.concurrent.ThreadPoolExecutor$AbortPolicy.rejectedExecution(ThreadPoolExecutor.java:2055)
	at java.base/java.util.concurrent.ThreadPoolExecutor.reject(ThreadPoolExecutor.java:825)
	at java.base/java.util.concurrent.ThreadPoolExecutor.execute(ThreadPoolExecutor.java:1355)
	at java.base/java.util.concurrent.CompletableFuture.asyncSupplyStage(CompletableFuture.java:1714)
	at java.base/java.util.concurrent.CompletableFuture.supplyAsync(CompletableFuture.java:1931)
	at org.apache.ratis.server.impl.RaftServerImpl.executeSubmitServerRequestAsync(RaftServerImpl.java:812)
	at org.apache.ratis.server.impl.RaftServerProxy.lambda$appendEntriesAsync$27(RaftServerProxy.java:634)
	at java.base/java.util.concurrent.CompletableFuture.uniComposeStage(CompletableFuture.java:1106)
	... 15 more
2022-11-11 07:38:07,333 [s0-server-thread1] DEBUG raftlog.RaftLog (SegmentedRaftLog.java:appendImpl(446)) - truncateIndex=-1, arrayIndex=0
2022-11-11 07:38:07,335 [grpc-default-executor-2] WARN  server.GrpcLogAppender (LogUtils.java:warn(124)) - s2@group-DC0BCF2C7030->s1-AppendLogResponseHandler: Failed appendEntries
java.io.IOException: java.util.concurrent.RejectedExecutionException: Task java.util.concurrent.CompletableFuture$AsyncSupply@35e3777d rejected from java.util.concurrent.ThreadPoolExecutor@7cbe9dc4[Terminated, pool size = 0, active threads = 0, queued tasks = 0, completed tasks = 0]
	at org.apache.ratis.util.IOUtils.asIOException(IOUtils.java:56)
	at org.apache.ratis.grpc.GrpcUtil.tryUnwrapException(GrpcUtil.java:121)
	at org.apache.ratis.grpc.GrpcUtil.unwrapThrowable(GrpcUtil.java:82)
	at org.apache.ratis.grpc.GrpcUtil.warn(GrpcUtil.java:178)
	at org.apache.ratis.grpc.server.GrpcLogAppender$AppendLogResponseHandler.onError(GrpcLogAppender.java:405)
	at org.apache.ratis.thirdparty.io.grpc.stub.ClientCalls$StreamObserverToCallListenerAdapter.onClose(ClientCalls.java:487)
	at org.apache.ratis.thirdparty.io.grpc.internal.ClientCallImpl.closeObserver(ClientCallImpl.java:562)
	at org.apache.ratis.thirdparty.io.grpc.internal.ClientCallImpl.access$300(ClientCallImpl.java:70)
	at org.apache.ratis.thirdparty.io.grpc.internal.ClientCallImpl$ClientStreamListenerImpl$1StreamClosed.runInternal(ClientCallImpl.java:743)
	at org.apache.ratis.thirdparty.io.grpc.internal.ClientCallImpl$ClientStreamListenerImpl$1StreamClosed.runInContext(ClientCallImpl.java:722)
	at org.apache.ratis.thirdparty.io.grpc.internal.ContextRunnable.run(ContextRunnable.java:37)
	at org.apache.ratis.thirdparty.io.grpc.internal.SerializingExecutor.run(SerializingExecutor.java:133)
	at java.base/java.util.concurrent.ThreadPoolExecutor.runWorker(ThreadPoolExecutor.java:1128)
	at java.base/java.util.concurrent.ThreadPoolExecutor$Worker.run(ThreadPoolExecutor.java:628)
	at java.base/java.lang.Thread.run(Thread.java:829)
Caused by: java.util.concurrent.RejectedExecutionException: Task java.util.concurrent.CompletableFuture$AsyncSupply@35e3777d rejected from java.util.concurrent.ThreadPoolExecutor@7cbe9dc4[Terminated, pool size = 0, active threads = 0, queued tasks = 0, completed tasks = 0]
	at java.base/jdk.internal.reflect.GeneratedConstructorAccessor11.newInstance(Unknown Source)
	at java.base/jdk.internal.reflect.DelegatingConstructorAccessorImpl.newInstance(DelegatingConstructorAccessorImpl.java:45)
	at java.base/java.lang.reflect.Constructor.newInstance(Constructor.java:490)
	at org.apache.ratis.util.ReflectionUtils.instantiateException(ReflectionUtils.java:259)
	at org.apache.ratis.grpc.GrpcUtil.tryUnwrapException(GrpcUtil.java:120)
	... 13 more
Caused by: org.apache.ratis.thirdparty.io.grpc.StatusRuntimeException: INTERNAL: Task java.util.concurrent.CompletableFuture$AsyncSupply@35e3777d rejected from java.util.concurrent.ThreadPoolExecutor@7cbe9dc4[Terminated, pool size = 0, active threads = 0, queued tasks = 0, completed tasks = 0]
	at org.apache.ratis.thirdparty.io.grpc.Status.asRuntimeException(Status.java:535)
	... 10 more
	Suppressed: java.lang.IllegalStateException: Failed to cast to class java.io.IOException, object=java.util.concurrent.RejectedExecutionException: Task java.util.concurrent.CompletableFuture$AsyncSupply@35e3777d rejected from java.util.concurrent.ThreadPoolExecutor@7cbe9dc4[Terminated, pool size = 0, active threads = 0, queued tasks = 0, completed tasks = 0]
	at java.base/java.util.concurrent.ThreadPoolExecutor$AbortPolicy.rejectedExecution(ThreadPoolExecutor.java:2055)
	at java.base/java.util.concurrent.ThreadPoolExecutor.reject(ThreadPoolExecutor.java:825)
	at java.base/java.util.concurrent.ThreadPoolExecutor.execute(ThreadPoolExecutor.java:1355)
	at java.base/java.util.concurrent.CompletableFuture.asyncSupplyStage(CompletableFuture.java:1714)
	at java.base/java.util.concurrent.CompletableFuture.supplyAsync(CompletableFuture.java:1931)
	at org.apache.ratis.server.impl.RaftServerImpl.executeSubmitServerRequestAsync(RaftServerImpl.java:812)
	at org.apache.ratis.server.impl.RaftServerProxy.lambda$appendEntriesAsync$27(RaftServerProxy.java:634)
	at java.base/java.util.concurrent.CompletableFuture.uniComposeStage(CompletableFuture.java:1106)
	at java.base/java.util.concurrent.CompletableFuture.thenCompose(CompletableFuture.java:2235)
	at org.apache.ratis.server.impl.RaftServerProxy.appendEntriesAsync(RaftServerProxy.java:634)
	at org.apache.ratis.grpc.server.GrpcServerProtocolService$1.process(GrpcServerProtocolService.java:219)
	at org.apache.ratis.grpc.server.GrpcServerProtocolService$1.process(GrpcServerProtocolService.java:216)
	at org.apache.ratis.grpc.server.GrpcServerProtocolService$ServerRequestStreamObserver.onNext(GrpcServerProtocolService.java:124)
	at org.apache.ratis.thirdparty.io.grpc.stub.ServerCalls$StreamingServerCallHandler$StreamingServerCallListener.onMessage(ServerCalls.java:262)
	at org.apache.ratis.thirdparty.io.grpc.ForwardingServerCallListener.onMessage(ForwardingServerCallListener.java:33)
	at org.apache.ratis.thirdparty.io.grpc.internal.ServerCallImpl$ServerStreamListenerImpl.messagesAvailableInternal(ServerCallImpl.java:332)
	at org.apache.ratis.thirdparty.io.grpc.internal.ServerCallImpl$ServerStreamListenerImpl.messagesAvailable(ServerCallImpl.java:315)
	at org.apache.ratis.thirdparty.io.grpc.internal.ServerImpl$JumpToApplicationThreadServerStreamListener$1MessagesAvailable.runInContext(ServerImpl.java:834)
	at org.apache.ratis.thirdparty.io.grpc.internal.ContextRunnable.run(ContextRunnable.java:37)
	at org.apache.ratis.thirdparty.io.grpc.internal.SerializingExecutor.run(SerializingExecutor.java:133)
	at java.base/java.util.concurrent.ThreadPoolExecutor.runWorker(ThreadPoolExecutor.java:1128)
	at java.base/java.util.concurrent.ThreadPoolExecutor$Worker.run(ThreadPoolExecutor.java:628)
	at java.base/java.lang.Thread.run(Thread.java:829)

		at org.apache.ratis.util.IOUtils.readObject(IOUtils.java:237)
		at org.apache.ratis.util.IOUtils.bytes2Object(IOUtils.java:214)
		at org.apache.ratis.grpc.GrpcUtil.tryUnwrapException(GrpcUtil.java:109)
		at org.apache.ratis.grpc.GrpcUtil.unwrapThrowable(GrpcUtil.java:82)
		at org.apache.ratis.grpc.GrpcUtil.warn(GrpcUtil.java:178)
		at org.apache.ratis.grpc.server.GrpcLogAppender$AppendLogResponseHandler.onError(GrpcLogAppender.java:405)
		... 10 more
	Caused by: java.lang.ClassCastException: Cannot cast java.util.concurrent.RejectedExecutionException to java.io.IOException
		at java.base/java.lang.Class.cast(Class.java:3605)
		at org.apache.ratis.util.IOUtils.readObject(IOUtils.java:234)
		... 15 more
2022-11-11 07:38:07,336 [grpc-default-executor-2] INFO  leader.FollowerInfo (FollowerInfoImpl.java:lambda$new$0(48)) - s2@group-DC0BCF2C7030->s1: nextIndex: updateUnconditionally 204 -> 139
2022-11-11 07:38:07,337 [s2@group-DC0BCF2C7030-StateMachineUpdater] INFO  impl.SimpleStateMachine4Testing (SimpleStateMachine4Testing.java:put(205)) - s2: put 203, m99 -> (t:2, i:203), STATEMACHINELOGENTRY, 485@client-70D4234AB40A
2022-11-11 07:38:07,338 [grpc-default-executor-4] WARN  server.GrpcServerProtocolService (LogUtils.java:warn(124)) - s1: Failed APPEND_ENTRIES request s2->s1#120-t2,previous=(t:1, i:138),leaderCommit=203,initializing? true,entries: size=66, first=(t:2, i:139), CONFIGURATIONENTRY(current:id: "s0"
address: "localhost:38889"
dataStreamAddress: "localhost:44045"
clientAddress: "localhost:36221"
adminAddress: "localhost:33369"
startupRole: FOLLOWER
,id: "s1"
address: "localhost:33469"
dataStreamAddress: "localhost:41079"
clientAddress: "localhost:38107"
adminAddress: "localhost:35601"
startupRole: FOLLOWER
,id: "s2"
address: "localhost:39335"
dataStreamAddress: "localhost:40831"
clientAddress: "localhost:32863"
adminAddress: "localhost:35389"
startupRole: FOLLOWER
, old:)
java.util.concurrent.CompletionException: java.util.concurrent.RejectedExecutionException: Task java.util.concurrent.CompletableFuture$AsyncSupply@71af823c rejected from java.util.concurrent.ThreadPoolExecutor@7cbe9dc4[Terminated, pool size = 0, active threads = 0, queued tasks = 0, completed tasks = 0]
	at java.base/java.util.concurrent.CompletableFuture.encodeThrowable(CompletableFuture.java:314)
	at java.base/java.util.concurrent.CompletableFuture.uniComposeStage(CompletableFuture.java:1113)
	at java.base/java.util.concurrent.CompletableFuture.thenCompose(CompletableFuture.java:2235)
	at org.apache.ratis.server.impl.RaftServerProxy.appendEntriesAsync(RaftServerProxy.java:634)
	at org.apache.ratis.grpc.server.GrpcServerProtocolService$1.process(GrpcServerProtocolService.java:219)
	at org.apache.ratis.grpc.server.GrpcServerProtocolService$1.process(GrpcServerProtocolService.java:216)
	at org.apache.ratis.grpc.server.GrpcServerProtocolService$ServerRequestStreamObserver.onNext(GrpcServerProtocolService.java:124)
	at org.apache.ratis.thirdparty.io.grpc.stub.ServerCalls$StreamingServerCallHandler$StreamingServerCallListener.onMessage(ServerCalls.java:262)
	at org.apache.ratis.thirdparty.io.grpc.ForwardingServerCallListener.onMessage(ForwardingServerCallListener.java:33)
	at org.apache.ratis.thirdparty.io.grpc.internal.ServerCallImpl$ServerStreamListenerImpl.messagesAvailableInternal(ServerCallImpl.java:332)
	at org.apache.ratis.thirdparty.io.grpc.internal.ServerCallImpl$ServerStreamListenerImpl.messagesAvailable(ServerCallImpl.java:315)
	at org.apache.ratis.thirdparty.io.grpc.internal.ServerImpl$JumpToApplicationThreadServerStreamListener$1MessagesAvailable.runInContext(ServerImpl.java:834)
	at org.apache.ratis.thirdparty.io.grpc.internal.ContextRunnable.run(ContextRunnable.java:37)
	at org.apache.ratis.thirdparty.io.grpc.internal.SerializingExecutor.run(SerializingExecutor.java:133)
	at java.base/java.util.concurrent.ThreadPoolExecutor.runWorker(ThreadPoolExecutor.java:1128)
	at java.base/java.util.concurrent.ThreadPoolExecutor$Worker.run(ThreadPoolExecutor.java:628)
	at java.base/java.lang.Thread.run(Thread.java:829)
Caused by: java.util.concurrent.RejectedExecutionException: Task java.util.concurrent.CompletableFuture$AsyncSupply@71af823c rejected from java.util.concurrent.ThreadPoolExecutor@7cbe9dc4[Terminated, pool size = 0, active threads = 0, queued tasks = 0, completed tasks = 0]
	at java.base/java.util.concurrent.ThreadPoolExecutor$AbortPolicy.rejectedExecution(ThreadPoolExecutor.java:2055)
	at java.base/java.util.concurrent.ThreadPoolExecutor.reject(ThreadPoolExecutor.java:825)
	at java.base/java.util.concurrent.ThreadPoolExecutor.execute(ThreadPoolExecutor.java:1355)
	at java.base/java.util.concurrent.CompletableFuture.asyncSupplyStage(CompletableFuture.java:1714)
	at java.base/java.util.concurrent.CompletableFuture.supplyAsync(CompletableFuture.java:1931)
	at org.apache.ratis.server.impl.RaftServerImpl.executeSubmitServerRequestAsync(RaftServerImpl.java:812)
	at org.apache.ratis.server.impl.RaftServerProxy.lambda$appendEntriesAsync$27(RaftServerProxy.java:634)
	at java.base/java.util.concurrent.CompletableFuture.uniComposeStage(CompletableFuture.java:1106)
	... 15 more
2022-11-11 07:38:07,341 [s0-server-thread1] DEBUG raftlog.RaftLog (SegmentedRaftLog.java:appendImpl(446)) - truncateIndex=-1, arrayIndex=0
2022-11-11 07:38:07,341 [grpc-default-executor-5] WARN  server.GrpcLogAppender (LogUtils.java:warn(124)) - s2@group-DC0BCF2C7030->s1-AppendLogResponseHandler: Failed appendEntries
java.io.IOException: java.util.concurrent.RejectedExecutionException: Task java.util.concurrent.CompletableFuture$AsyncSupply@71af823c rejected from java.util.concurrent.ThreadPoolExecutor@7cbe9dc4[Terminated, pool size = 0, active threads = 0, queued tasks = 0, completed tasks = 0]
	at org.apache.ratis.util.IOUtils.asIOException(IOUtils.java:56)
	at org.apache.ratis.grpc.GrpcUtil.tryUnwrapException(GrpcUtil.java:121)
	at org.apache.ratis.grpc.GrpcUtil.unwrapThrowable(GrpcUtil.java:82)
	at org.apache.ratis.grpc.GrpcUtil.warn(GrpcUtil.java:178)
	at org.apache.ratis.grpc.server.GrpcLogAppender$AppendLogResponseHandler.onError(GrpcLogAppender.java:405)
	at org.apache.ratis.thirdparty.io.grpc.stub.ClientCalls$StreamObserverToCallListenerAdapter.onClose(ClientCalls.java:487)
	at org.apache.ratis.thirdparty.io.grpc.internal.ClientCallImpl.closeObserver(ClientCallImpl.java:562)
	at org.apache.ratis.thirdparty.io.grpc.internal.ClientCallImpl.access$300(ClientCallImpl.java:70)
	at org.apache.ratis.thirdparty.io.grpc.internal.ClientCallImpl$ClientStreamListenerImpl$1StreamClosed.runInternal(ClientCallImpl.java:743)
	at org.apache.ratis.thirdparty.io.grpc.internal.ClientCallImpl$ClientStreamListenerImpl$1StreamClosed.runInContext(ClientCallImpl.java:722)
	at org.apache.ratis.thirdparty.io.grpc.internal.ContextRunnable.run(ContextRunnable.java:37)
	at org.apache.ratis.thirdparty.io.grpc.internal.SerializingExecutor.run(SerializingExecutor.java:133)
	at java.base/java.util.concurrent.ThreadPoolExecutor.runWorker(ThreadPoolExecutor.java:1128)
	at java.base/java.util.concurrent.ThreadPoolExecutor$Worker.run(ThreadPoolExecutor.java:628)
	at java.base/java.lang.Thread.run(Thread.java:829)
Caused by: java.util.concurrent.RejectedExecutionException: Task java.util.concurrent.CompletableFuture$AsyncSupply@71af823c rejected from java.util.concurrent.ThreadPoolExecutor@7cbe9dc4[Terminated, pool size = 0, active threads = 0, queued tasks = 0, completed tasks = 0]
	at java.base/jdk.internal.reflect.GeneratedConstructorAccessor11.newInstance(Unknown Source)
	at java.base/jdk.internal.reflect.DelegatingConstructorAccessorImpl.newInstance(DelegatingConstructorAccessorImpl.java:45)
	at java.base/java.lang.reflect.Constructor.newInstance(Constructor.java:490)
	at org.apache.ratis.util.ReflectionUtils.instantiateException(ReflectionUtils.java:259)
	at org.apache.ratis.grpc.GrpcUtil.tryUnwrapException(GrpcUtil.java:120)
	... 13 more
Caused by: org.apache.ratis.thirdparty.io.grpc.StatusRuntimeException: INTERNAL: Task java.util.concurrent.CompletableFuture$AsyncSupply@71af823c rejected from java.util.concurrent.ThreadPoolExecutor@7cbe9dc4[Terminated, pool size = 0, active threads = 0, queued tasks = 0, completed tasks = 0]
	at org.apache.ratis.thirdparty.io.grpc.Status.asRuntimeException(Status.java:535)
	... 10 more
	Suppressed: java.lang.IllegalStateException: Failed to cast to class java.io.IOException, object=java.util.concurrent.RejectedExecutionException: Task java.util.concurrent.CompletableFuture$AsyncSupply@71af823c rejected from java.util.concurrent.ThreadPoolExecutor@7cbe9dc4[Terminated, pool size = 0, active threads = 0, queued tasks = 0, completed tasks = 0]
	at java.base/java.util.concurrent.ThreadPoolExecutor$AbortPolicy.rejectedExecution(ThreadPoolExecutor.java:2055)
	at java.base/java.util.concurrent.ThreadPoolExecutor.reject(ThreadPoolExecutor.java:825)
	at java.base/java.util.concurrent.ThreadPoolExecutor.execute(ThreadPoolExecutor.java:1355)
	at java.base/java.util.concurrent.CompletableFuture.asyncSupplyStage(CompletableFuture.java:1714)
	at java.base/java.util.concurrent.CompletableFuture.supplyAsync(CompletableFuture.java:1931)
	at org.apache.ratis.server.impl.RaftServerImpl.executeSubmitServerRequestAsync(RaftServerImpl.java:812)
	at org.apache.ratis.server.impl.RaftServerProxy.lambda$appendEntriesAsync$27(RaftServerProxy.java:634)
	at java.base/java.util.concurrent.CompletableFuture.uniComposeStage(CompletableFuture.java:1106)
	at java.base/java.util.concurrent.CompletableFuture.thenCompose(CompletableFuture.java:2235)
	at org.apache.ratis.server.impl.RaftServerProxy.appendEntriesAsync(RaftServerProxy.java:634)
	at org.apache.ratis.grpc.server.GrpcServerProtocolService$1.process(GrpcServerProtocolService.java:219)
	at org.apache.ratis.grpc.server.GrpcServerProtocolService$1.process(GrpcServerProtocolService.java:216)
	at org.apache.ratis.grpc.server.GrpcServerProtocolService$ServerRequestStreamObserver.onNext(GrpcServerProtocolService.java:124)
	at org.apache.ratis.thirdparty.io.grpc.stub.ServerCalls$StreamingServerCallHandler$StreamingServerCallListener.onMessage(ServerCalls.java:262)
	at org.apache.ratis.thirdparty.io.grpc.ForwardingServerCallListener.onMessage(ForwardingServerCallListener.java:33)
	at org.apache.ratis.thirdparty.io.grpc.internal.ServerCallImpl$ServerStreamListenerImpl.messagesAvailableInternal(ServerCallImpl.java:332)
	at org.apache.ratis.thirdparty.io.grpc.internal.ServerCallImpl$ServerStreamListenerImpl.messagesAvailable(ServerCallImpl.java:315)
	at org.apache.ratis.thirdparty.io.grpc.internal.ServerImpl$JumpToApplicationThreadServerStreamListener$1MessagesAvailable.runInContext(ServerImpl.java:834)
	at org.apache.ratis.thirdparty.io.grpc.internal.ContextRunnable.run(ContextRunnable.java:37)
	at org.apache.ratis.thirdparty.io.grpc.internal.SerializingExecutor.run(SerializingExecutor.java:133)
	at java.base/java.util.concurrent.ThreadPoolExecutor.runWorker(ThreadPoolExecutor.java:1128)
	at java.base/java.util.concurrent.ThreadPoolExecutor$Worker.run(ThreadPoolExecutor.java:628)
	at java.base/java.lang.Thread.run(Thread.java:829)

		at org.apache.ratis.util.IOUtils.readObject(IOUtils.java:237)
		at org.apache.ratis.util.IOUtils.bytes2Object(IOUtils.java:214)
		at org.apache.ratis.grpc.GrpcUtil.tryUnwrapException(GrpcUtil.java:109)
		at org.apache.ratis.grpc.GrpcUtil.unwrapThrowable(GrpcUtil.java:82)
		at org.apache.ratis.grpc.GrpcUtil.warn(GrpcUtil.java:178)
		at org.apache.ratis.grpc.server.GrpcLogAppender$AppendLogResponseHandler.onError(GrpcLogAppender.java:405)
		... 10 more
	Caused by: java.lang.ClassCastException: Cannot cast java.util.concurrent.RejectedExecutionException to java.io.IOException
		at java.base/java.lang.Class.cast(Class.java:3605)
		at org.apache.ratis.util.IOUtils.readObject(IOUtils.java:234)
		... 15 more
2022-11-11 07:38:07,342 [grpc-default-executor-5] INFO  leader.FollowerInfo (FollowerInfoImpl.java:lambda$new$0(48)) - s2@group-DC0BCF2C7030->s1: nextIndex: updateUnconditionally 205 -> 139
2022-11-11 07:38:07,343 [s0@group-DC0BCF2C7030-StateMachineUpdater] INFO  impl.SimpleStateMachine4Testing (SimpleStateMachine4Testing.java:put(205)) - s0: put 203, m99 -> (t:2, i:203), STATEMACHINELOGENTRY, 485@client-70D4234AB40A
2022-11-11 07:38:07,343 [grpc-default-executor-2] WARN  server.GrpcServerProtocolService (LogUtils.java:warn(124)) - s1: Failed APPEND_ENTRIES request s2->s1#121-t2,previous=(t:1, i:138),leaderCommit=203,initializing? true,entries: size=67, first=(t:2, i:139), CONFIGURATIONENTRY(current:id: "s0"
address: "localhost:38889"
dataStreamAddress: "localhost:44045"
clientAddress: "localhost:36221"
adminAddress: "localhost:33369"
startupRole: FOLLOWER
,id: "s1"
address: "localhost:33469"
dataStreamAddress: "localhost:41079"
clientAddress: "localhost:38107"
adminAddress: "localhost:35601"
startupRole: FOLLOWER
,id: "s2"
address: "localhost:39335"
dataStreamAddress: "localhost:40831"
clientAddress: "localhost:32863"
adminAddress: "localhost:35389"
startupRole: FOLLOWER
, old:)
java.util.concurrent.CompletionException: java.util.concurrent.RejectedExecutionException: Task java.util.concurrent.CompletableFuture$AsyncSupply@552dd8dc rejected from java.util.concurrent.ThreadPoolExecutor@7cbe9dc4[Terminated, pool size = 0, active threads = 0, queued tasks = 0, completed tasks = 0]
	at java.base/java.util.concurrent.CompletableFuture.encodeThrowable(CompletableFuture.java:314)
	at java.base/java.util.concurrent.CompletableFuture.uniComposeStage(CompletableFuture.java:1113)
	at java.base/java.util.concurrent.CompletableFuture.thenCompose(CompletableFuture.java:2235)
	at org.apache.ratis.server.impl.RaftServerProxy.appendEntriesAsync(RaftServerProxy.java:634)
	at org.apache.ratis.grpc.server.GrpcServerProtocolService$1.process(GrpcServerProtocolService.java:219)
	at org.apache.ratis.grpc.server.GrpcServerProtocolService$1.process(GrpcServerProtocolService.java:216)
	at org.apache.ratis.grpc.server.GrpcServerProtocolService$ServerRequestStreamObserver.onNext(GrpcServerProtocolService.java:124)
	at org.apache.ratis.thirdparty.io.grpc.stub.ServerCalls$StreamingServerCallHandler$StreamingServerCallListener.onMessage(ServerCalls.java:262)
	at org.apache.ratis.thirdparty.io.grpc.ForwardingServerCallListener.onMessage(ForwardingServerCallListener.java:33)
	at org.apache.ratis.thirdparty.io.grpc.internal.ServerCallImpl$ServerStreamListenerImpl.messagesAvailableInternal(ServerCallImpl.java:332)
	at org.apache.ratis.thirdparty.io.grpc.internal.ServerCallImpl$ServerStreamListenerImpl.messagesAvailable(ServerCallImpl.java:315)
	at org.apache.ratis.thirdparty.io.grpc.internal.ServerImpl$JumpToApplicationThreadServerStreamListener$1MessagesAvailable.runInContext(ServerImpl.java:834)
	at org.apache.ratis.thirdparty.io.grpc.internal.ContextRunnable.run(ContextRunnable.java:37)
	at org.apache.ratis.thirdparty.io.grpc.internal.SerializingExecutor.run(SerializingExecutor.java:133)
	at java.base/java.util.concurrent.ThreadPoolExecutor.runWorker(ThreadPoolExecutor.java:1128)
	at java.base/java.util.concurrent.ThreadPoolExecutor$Worker.run(ThreadPoolExecutor.java:628)
	at java.base/java.lang.Thread.run(Thread.java:829)
Caused by: java.util.concurrent.RejectedExecutionException: Task java.util.concurrent.CompletableFuture$AsyncSupply@552dd8dc rejected from java.util.concurrent.ThreadPoolExecutor@7cbe9dc4[Terminated, pool size = 0, active threads = 0, queued tasks = 0, completed tasks = 0]
	at java.base/java.util.concurrent.ThreadPoolExecutor$AbortPolicy.rejectedExecution(ThreadPoolExecutor.java:2055)
	at java.base/java.util.concurrent.ThreadPoolExecutor.reject(ThreadPoolExecutor.java:825)
	at java.base/java.util.concurrent.ThreadPoolExecutor.execute(ThreadPoolExecutor.java:1355)
	at java.base/java.util.concurrent.CompletableFuture.asyncSupplyStage(CompletableFuture.java:1714)
	at java.base/java.util.concurrent.CompletableFuture.supplyAsync(CompletableFuture.java:1931)
	at org.apache.ratis.server.impl.RaftServerImpl.executeSubmitServerRequestAsync(RaftServerImpl.java:812)
	at org.apache.ratis.server.impl.RaftServerProxy.lambda$appendEntriesAsync$27(RaftServerProxy.java:634)
	at java.base/java.util.concurrent.CompletableFuture.uniComposeStage(CompletableFuture.java:1106)
	... 15 more
2022-11-11 07:38:07,346 [grpc-default-executor-2] WARN  server.GrpcLogAppender (LogUtils.java:warn(124)) - s2@group-DC0BCF2C7030->s1-AppendLogResponseHandler: Failed appendEntries
java.io.IOException: java.util.concurrent.RejectedExecutionException: Task java.util.concurrent.CompletableFuture$AsyncSupply@552dd8dc rejected from java.util.concurrent.ThreadPoolExecutor@7cbe9dc4[Terminated, pool size = 0, active threads = 0, queued tasks = 0, completed tasks = 0]
	at org.apache.ratis.util.IOUtils.asIOException(IOUtils.java:56)
	at org.apache.ratis.grpc.GrpcUtil.tryUnwrapException(GrpcUtil.java:121)
	at org.apache.ratis.grpc.GrpcUtil.unwrapThrowable(GrpcUtil.java:82)
	at org.apache.ratis.grpc.GrpcUtil.warn(GrpcUtil.java:178)
	at org.apache.ratis.grpc.server.GrpcLogAppender$AppendLogResponseHandler.onError(GrpcLogAppender.java:405)
	at org.apache.ratis.thirdparty.io.grpc.stub.ClientCalls$StreamObserverToCallListenerAdapter.onClose(ClientCalls.java:487)
	at org.apache.ratis.thirdparty.io.grpc.internal.ClientCallImpl.closeObserver(ClientCallImpl.java:562)
	at org.apache.ratis.thirdparty.io.grpc.internal.ClientCallImpl.access$300(ClientCallImpl.java:70)
	at org.apache.ratis.thirdparty.io.grpc.internal.ClientCallImpl$ClientStreamListenerImpl$1StreamClosed.runInternal(ClientCallImpl.java:743)
	at org.apache.ratis.thirdparty.io.grpc.internal.ClientCallImpl$ClientStreamListenerImpl$1StreamClosed.runInContext(ClientCallImpl.java:722)
	at org.apache.ratis.thirdparty.io.grpc.internal.ContextRunnable.run(ContextRunnable.java:37)
	at org.apache.ratis.thirdparty.io.grpc.internal.SerializingExecutor.run(SerializingExecutor.java:133)
	at java.base/java.util.concurrent.ThreadPoolExecutor.runWorker(ThreadPoolExecutor.java:1128)
	at java.base/java.util.concurrent.ThreadPoolExecutor$Worker.run(ThreadPoolExecutor.java:628)
	at java.base/java.lang.Thread.run(Thread.java:829)
Caused by: java.util.concurrent.RejectedExecutionException: Task java.util.concurrent.CompletableFuture$AsyncSupply@552dd8dc rejected from java.util.concurrent.ThreadPoolExecutor@7cbe9dc4[Terminated, pool size = 0, active threads = 0, queued tasks = 0, completed tasks = 0]
	at java.base/jdk.internal.reflect.GeneratedConstructorAccessor11.newInstance(Unknown Source)
	at java.base/jdk.internal.reflect.DelegatingConstructorAccessorImpl.newInstance(DelegatingConstructorAccessorImpl.java:45)
	at java.base/java.lang.reflect.Constructor.newInstance(Constructor.java:490)
	at org.apache.ratis.util.ReflectionUtils.instantiateException(ReflectionUtils.java:259)
	at org.apache.ratis.grpc.GrpcUtil.tryUnwrapException(GrpcUtil.java:120)
	... 13 more
Caused by: org.apache.ratis.thirdparty.io.grpc.StatusRuntimeException: INTERNAL: Task java.util.concurrent.CompletableFuture$AsyncSupply@552dd8dc rejected from java.util.concurrent.ThreadPoolExecutor@7cbe9dc4[Terminated, pool size = 0, active threads = 0, queued tasks = 0, completed tasks = 0]
	at org.apache.ratis.thirdparty.io.grpc.Status.asRuntimeException(Status.java:535)
	... 10 more
	Suppressed: java.lang.IllegalStateException: Failed to cast to class java.io.IOException, object=java.util.concurrent.RejectedExecutionException: Task java.util.concurrent.CompletableFuture$AsyncSupply@552dd8dc rejected from java.util.concurrent.ThreadPoolExecutor@7cbe9dc4[Terminated, pool size = 0, active threads = 0, queued tasks = 0, completed tasks = 0]
	at java.base/java.util.concurrent.ThreadPoolExecutor$AbortPolicy.rejectedExecution(ThreadPoolExecutor.java:2055)
	at java.base/java.util.concurrent.ThreadPoolExecutor.reject(ThreadPoolExecutor.java:825)
	at java.base/java.util.concurrent.ThreadPoolExecutor.execute(ThreadPoolExecutor.java:1355)
	at java.base/java.util.concurrent.CompletableFuture.asyncSupplyStage(CompletableFuture.java:1714)
	at java.base/java.util.concurrent.CompletableFuture.supplyAsync(CompletableFuture.java:1931)
	at org.apache.ratis.server.impl.RaftServerImpl.executeSubmitServerRequestAsync(RaftServerImpl.java:812)
	at org.apache.ratis.server.impl.RaftServerProxy.lambda$appendEntriesAsync$27(RaftServerProxy.java:634)
	at java.base/java.util.concurrent.CompletableFuture.uniComposeStage(CompletableFuture.java:1106)
	at java.base/java.util.concurrent.CompletableFuture.thenCompose(CompletableFuture.java:2235)
	at org.apache.ratis.server.impl.RaftServerProxy.appendEntriesAsync(RaftServerProxy.java:634)
	at org.apache.ratis.grpc.server.GrpcServerProtocolService$1.process(GrpcServerProtocolService.java:219)
	at org.apache.ratis.grpc.server.GrpcServerProtocolService$1.process(GrpcServerProtocolService.java:216)
	at org.apache.ratis.grpc.server.GrpcServerProtocolService$ServerRequestStreamObserver.onNext(GrpcServerProtocolService.java:124)
	at org.apache.ratis.thirdparty.io.grpc.stub.ServerCalls$StreamingServerCallHandler$StreamingServerCallListener.onMessage(ServerCalls.java:262)
	at org.apache.ratis.thirdparty.io.grpc.ForwardingServerCallListener.onMessage(ForwardingServerCallListener.java:33)
	at org.apache.ratis.thirdparty.io.grpc.internal.ServerCallImpl$ServerStreamListenerImpl.messagesAvailableInternal(ServerCallImpl.java:332)
	at org.apache.ratis.thirdparty.io.grpc.internal.ServerCallImpl$ServerStreamListenerImpl.messagesAvailable(ServerCallImpl.java:315)
	at org.apache.ratis.thirdparty.io.grpc.internal.ServerImpl$JumpToApplicationThreadServerStreamListener$1MessagesAvailable.runInContext(ServerImpl.java:834)
	at org.apache.ratis.thirdparty.io.grpc.internal.ContextRunnable.run(ContextRunnable.java:37)
	at org.apache.ratis.thirdparty.io.grpc.internal.SerializingExecutor.run(SerializingExecutor.java:133)
	at java.base/java.util.concurrent.ThreadPoolExecutor.runWorker(ThreadPoolExecutor.java:1128)
	at java.base/java.util.concurrent.ThreadPoolExecutor$Worker.run(ThreadPoolExecutor.java:628)
	at java.base/java.lang.Thread.run(Thread.java:829)

		at org.apache.ratis.util.IOUtils.readObject(IOUtils.java:237)
		at org.apache.ratis.util.IOUtils.bytes2Object(IOUtils.java:214)
		at org.apache.ratis.grpc.GrpcUtil.tryUnwrapException(GrpcUtil.java:109)
		at org.apache.ratis.grpc.GrpcUtil.unwrapThrowable(GrpcUtil.java:82)
		at org.apache.ratis.grpc.GrpcUtil.warn(GrpcUtil.java:178)
		at org.apache.ratis.grpc.server.GrpcLogAppender$AppendLogResponseHandler.onError(GrpcLogAppender.java:405)
		... 10 more
	Caused by: java.lang.ClassCastException: Cannot cast java.util.concurrent.RejectedExecutionException to java.io.IOException
		at java.base/java.lang.Class.cast(Class.java:3605)
		at org.apache.ratis.util.IOUtils.readObject(IOUtils.java:234)
		... 15 more
2022-11-11 07:38:07,346 [grpc-default-executor-2] INFO  leader.FollowerInfo (FollowerInfoImpl.java:lambda$new$0(48)) - s2@group-DC0BCF2C7030->s1: nextIndex: updateUnconditionally 206 -> 139
2022-11-11 07:38:07,347 [grpc-default-executor-2] WARN  server.GrpcServerProtocolService (LogUtils.java:warn(124)) - s1: Failed APPEND_ENTRIES request s2->s1#122-t2,previous=(t:1, i:138),leaderCommit=204,initializing? true,entries: size=67, first=(t:2, i:139), CONFIGURATIONENTRY(current:id: "s0"
address: "localhost:38889"
dataStreamAddress: "localhost:44045"
clientAddress: "localhost:36221"
adminAddress: "localhost:33369"
startupRole: FOLLOWER
,id: "s1"
address: "localhost:33469"
dataStreamAddress: "localhost:41079"
clientAddress: "localhost:38107"
adminAddress: "localhost:35601"
startupRole: FOLLOWER
,id: "s2"
address: "localhost:39335"
dataStreamAddress: "localhost:40831"
clientAddress: "localhost:32863"
adminAddress: "localhost:35389"
startupRole: FOLLOWER
, old:)
java.util.concurrent.CompletionException: java.util.concurrent.RejectedExecutionException: Task java.util.concurrent.CompletableFuture$AsyncSupply@727e50e8 rejected from java.util.concurrent.ThreadPoolExecutor@7cbe9dc4[Terminated, pool size = 0, active threads = 0, queued tasks = 0, completed tasks = 0]
	at java.base/java.util.concurrent.CompletableFuture.encodeThrowable(CompletableFuture.java:314)
	at java.base/java.util.concurrent.CompletableFuture.uniComposeStage(CompletableFuture.java:1113)
	at java.base/java.util.concurrent.CompletableFuture.thenCompose(CompletableFuture.java:2235)
	at org.apache.ratis.server.impl.RaftServerProxy.appendEntriesAsync(RaftServerProxy.java:634)
	at org.apache.ratis.grpc.server.GrpcServerProtocolService$1.process(GrpcServerProtocolService.java:219)
	at org.apache.ratis.grpc.server.GrpcServerProtocolService$1.process(GrpcServerProtocolService.java:216)
	at org.apache.ratis.grpc.server.GrpcServerProtocolService$ServerRequestStreamObserver.onNext(GrpcServerProtocolService.java:124)
	at org.apache.ratis.thirdparty.io.grpc.stub.ServerCalls$StreamingServerCallHandler$StreamingServerCallListener.onMessage(ServerCalls.java:262)
	at org.apache.ratis.thirdparty.io.grpc.ForwardingServerCallListener.onMessage(ForwardingServerCallListener.java:33)
	at org.apache.ratis.thirdparty.io.grpc.internal.ServerCallImpl$ServerStreamListenerImpl.messagesAvailableInternal(ServerCallImpl.java:332)
	at org.apache.ratis.thirdparty.io.grpc.internal.ServerCallImpl$ServerStreamListenerImpl.messagesAvailable(ServerCallImpl.java:315)
	at org.apache.ratis.thirdparty.io.grpc.internal.ServerImpl$JumpToApplicationThreadServerStreamListener$1MessagesAvailable.runInContext(ServerImpl.java:834)
	at org.apache.ratis.thirdparty.io.grpc.internal.ContextRunnable.run(ContextRunnable.java:37)
	at org.apache.ratis.thirdparty.io.grpc.internal.SerializingExecutor.run(SerializingExecutor.java:133)
	at java.base/java.util.concurrent.ThreadPoolExecutor.runWorker(ThreadPoolExecutor.java:1128)
	at java.base/java.util.concurrent.ThreadPoolExecutor$Worker.run(ThreadPoolExecutor.java:628)
	at java.base/java.lang.Thread.run(Thread.java:829)
Caused by: java.util.concurrent.RejectedExecutionException: Task java.util.concurrent.CompletableFuture$AsyncSupply@727e50e8 rejected from java.util.concurrent.ThreadPoolExecutor@7cbe9dc4[Terminated, pool size = 0, active threads = 0, queued tasks = 0, completed tasks = 0]
	at java.base/java.util.concurrent.ThreadPoolExecutor$AbortPolicy.rejectedExecution(ThreadPoolExecutor.java:2055)
	at java.base/java.util.concurrent.ThreadPoolExecutor.reject(ThreadPoolExecutor.java:825)
	at java.base/java.util.concurrent.ThreadPoolExecutor.execute(ThreadPoolExecutor.java:1355)
	at java.base/java.util.concurrent.CompletableFuture.asyncSupplyStage(CompletableFuture.java:1714)
	at java.base/java.util.concurrent.CompletableFuture.supplyAsync(CompletableFuture.java:1931)
	at org.apache.ratis.server.impl.RaftServerImpl.executeSubmitServerRequestAsync(RaftServerImpl.java:812)
	at org.apache.ratis.server.impl.RaftServerProxy.lambda$appendEntriesAsync$27(RaftServerProxy.java:634)
	at java.base/java.util.concurrent.CompletableFuture.uniComposeStage(CompletableFuture.java:1106)
	... 15 more
2022-11-11 07:38:07,348 [s0-server-thread1] DEBUG raftlog.RaftLog (SegmentedRaftLog.java:appendImpl(446)) - truncateIndex=-1, arrayIndex=0
2022-11-11 07:38:07,350 [s2@group-DC0BCF2C7030-StateMachineUpdater] INFO  impl.SimpleStateMachine4Testing (SimpleStateMachine4Testing.java:put(205)) - s2: put 205, m100 -> (t:2, i:205), STATEMACHINELOGENTRY, 486@client-70D4234AB40A
2022-11-11 07:38:07,351 [s0-server-thread1] DEBUG raftlog.RaftLog (SegmentedRaftLog.java:appendImpl(446)) - truncateIndex=-1, arrayIndex=0
2022-11-11 07:38:07,351 [grpc-default-executor-7] WARN  server.GrpcLogAppender (LogUtils.java:warn(124)) - s2@group-DC0BCF2C7030->s1-AppendLogResponseHandler: Failed appendEntries
java.io.IOException: java.util.concurrent.RejectedExecutionException: Task java.util.concurrent.CompletableFuture$AsyncSupply@727e50e8 rejected from java.util.concurrent.ThreadPoolExecutor@7cbe9dc4[Terminated, pool size = 0, active threads = 0, queued tasks = 0, completed tasks = 0]
	at org.apache.ratis.util.IOUtils.asIOException(IOUtils.java:56)
	at org.apache.ratis.grpc.GrpcUtil.tryUnwrapException(GrpcUtil.java:121)
	at org.apache.ratis.grpc.GrpcUtil.unwrapThrowable(GrpcUtil.java:82)
	at org.apache.ratis.grpc.GrpcUtil.warn(GrpcUtil.java:178)
	at org.apache.ratis.grpc.server.GrpcLogAppender$AppendLogResponseHandler.onError(GrpcLogAppender.java:405)
	at org.apache.ratis.thirdparty.io.grpc.stub.ClientCalls$StreamObserverToCallListenerAdapter.onClose(ClientCalls.java:487)
	at org.apache.ratis.thirdparty.io.grpc.internal.ClientCallImpl.closeObserver(ClientCallImpl.java:562)
	at org.apache.ratis.thirdparty.io.grpc.internal.ClientCallImpl.access$300(ClientCallImpl.java:70)
	at org.apache.ratis.thirdparty.io.grpc.internal.ClientCallImpl$ClientStreamListenerImpl$1StreamClosed.runInternal(ClientCallImpl.java:743)
	at org.apache.ratis.thirdparty.io.grpc.internal.ClientCallImpl$ClientStreamListenerImpl$1StreamClosed.runInContext(ClientCallImpl.java:722)
	at org.apache.ratis.thirdparty.io.grpc.internal.ContextRunnable.run(ContextRunnable.java:37)
	at org.apache.ratis.thirdparty.io.grpc.internal.SerializingExecutor.run(SerializingExecutor.java:133)
	at java.base/java.util.concurrent.ThreadPoolExecutor.runWorker(ThreadPoolExecutor.java:1128)
	at java.base/java.util.concurrent.ThreadPoolExecutor$Worker.run(ThreadPoolExecutor.java:628)
	at java.base/java.lang.Thread.run(Thread.java:829)
Caused by: java.util.concurrent.RejectedExecutionException: Task java.util.concurrent.CompletableFuture$AsyncSupply@727e50e8 rejected from java.util.concurrent.ThreadPoolExecutor@7cbe9dc4[Terminated, pool size = 0, active threads = 0, queued tasks = 0, completed tasks = 0]
	at java.base/jdk.internal.reflect.GeneratedConstructorAccessor11.newInstance(Unknown Source)
	at java.base/jdk.internal.reflect.DelegatingConstructorAccessorImpl.newInstance(DelegatingConstructorAccessorImpl.java:45)
	at java.base/java.lang.reflect.Constructor.newInstance(Constructor.java:490)
	at org.apache.ratis.util.ReflectionUtils.instantiateException(ReflectionUtils.java:259)
	at org.apache.ratis.grpc.GrpcUtil.tryUnwrapException(GrpcUtil.java:120)
	... 13 more
Caused by: org.apache.ratis.thirdparty.io.grpc.StatusRuntimeException: INTERNAL: Task java.util.concurrent.CompletableFuture$AsyncSupply@727e50e8 rejected from java.util.concurrent.ThreadPoolExecutor@7cbe9dc4[Terminated, pool size = 0, active threads = 0, queued tasks = 0, completed tasks = 0]
	at org.apache.ratis.thirdparty.io.grpc.Status.asRuntimeException(Status.java:535)
	... 10 more
	Suppressed: java.lang.IllegalStateException: Failed to cast to class java.io.IOException, object=java.util.concurrent.RejectedExecutionException: Task java.util.concurrent.CompletableFuture$AsyncSupply@727e50e8 rejected from java.util.concurrent.ThreadPoolExecutor@7cbe9dc4[Terminated, pool size = 0, active threads = 0, queued tasks = 0, completed tasks = 0]
	at java.base/java.util.concurrent.ThreadPoolExecutor$AbortPolicy.rejectedExecution(ThreadPoolExecutor.java:2055)
	at java.base/java.util.concurrent.ThreadPoolExecutor.reject(ThreadPoolExecutor.java:825)
	at java.base/java.util.concurrent.ThreadPoolExecutor.execute(ThreadPoolExecutor.java:1355)
	at java.base/java.util.concurrent.CompletableFuture.asyncSupplyStage(CompletableFuture.java:1714)
	at java.base/java.util.concurrent.CompletableFuture.supplyAsync(CompletableFuture.java:1931)
	at org.apache.ratis.server.impl.RaftServerImpl.executeSubmitServerRequestAsync(RaftServerImpl.java:812)
	at org.apache.ratis.server.impl.RaftServerProxy.lambda$appendEntriesAsync$27(RaftServerProxy.java:634)
	at java.base/java.util.concurrent.CompletableFuture.uniComposeStage(CompletableFuture.java:1106)
	at java.base/java.util.concurrent.CompletableFuture.thenCompose(CompletableFuture.java:2235)
	at org.apache.ratis.server.impl.RaftServerProxy.appendEntriesAsync(RaftServerProxy.java:634)
	at org.apache.ratis.grpc.server.GrpcServerProtocolService$1.process(GrpcServerProtocolService.java:219)
	at org.apache.ratis.grpc.server.GrpcServerProtocolService$1.process(GrpcServerProtocolService.java:216)
	at org.apache.ratis.grpc.server.GrpcServerProtocolService$ServerRequestStreamObserver.onNext(GrpcServerProtocolService.java:124)
	at org.apache.ratis.thirdparty.io.grpc.stub.ServerCalls$StreamingServerCallHandler$StreamingServerCallListener.onMessage(ServerCalls.java:262)
	at org.apache.ratis.thirdparty.io.grpc.ForwardingServerCallListener.onMessage(ForwardingServerCallListener.java:33)
	at org.apache.ratis.thirdparty.io.grpc.internal.ServerCallImpl$ServerStreamListenerImpl.messagesAvailableInternal(ServerCallImpl.java:332)
	at org.apache.ratis.thirdparty.io.grpc.internal.ServerCallImpl$ServerStreamListenerImpl.messagesAvailable(ServerCallImpl.java:315)
	at org.apache.ratis.thirdparty.io.grpc.internal.ServerImpl$JumpToApplicationThreadServerStreamListener$1MessagesAvailable.runInContext(ServerImpl.java:834)
	at org.apache.ratis.thirdparty.io.grpc.internal.ContextRunnable.run(ContextRunnable.java:37)
	at org.apache.ratis.thirdparty.io.grpc.internal.SerializingExecutor.run(SerializingExecutor.java:133)
	at java.base/java.util.concurrent.ThreadPoolExecutor.runWorker(ThreadPoolExecutor.java:1128)
	at java.base/java.util.concurrent.ThreadPoolExecutor$Worker.run(ThreadPoolExecutor.java:628)
	at java.base/java.lang.Thread.run(Thread.java:829)

		at org.apache.ratis.util.IOUtils.readObject(IOUtils.java:237)
		at org.apache.ratis.util.IOUtils.bytes2Object(IOUtils.java:214)
		at org.apache.ratis.grpc.GrpcUtil.tryUnwrapException(GrpcUtil.java:109)
		at org.apache.ratis.grpc.GrpcUtil.unwrapThrowable(GrpcUtil.java:82)
		at org.apache.ratis.grpc.GrpcUtil.warn(GrpcUtil.java:178)
		at org.apache.ratis.grpc.server.GrpcLogAppender$AppendLogResponseHandler.onError(GrpcLogAppender.java:405)
		... 10 more
	Caused by: java.lang.ClassCastException: Cannot cast java.util.concurrent.RejectedExecutionException to java.io.IOException
		at java.base/java.lang.Class.cast(Class.java:3605)
		at org.apache.ratis.util.IOUtils.readObject(IOUtils.java:234)
		... 15 more
2022-11-11 07:38:07,352 [s0-server-thread1] DEBUG raftlog.RaftLog (SegmentedRaftLog.java:appendImpl(446)) - truncateIndex=-1, arrayIndex=0
2022-11-11 07:38:07,352 [s0@group-DC0BCF2C7030-StateMachineUpdater] INFO  impl.SimpleStateMachine4Testing (SimpleStateMachine4Testing.java:put(205)) - s0: put 205, m100 -> (t:2, i:205), STATEMACHINELOGENTRY, 486@client-70D4234AB40A
2022-11-11 07:38:07,353 [grpc-default-executor-7] INFO  leader.FollowerInfo (FollowerInfoImpl.java:lambda$new$0(48)) - s2@group-DC0BCF2C7030->s1: nextIndex: updateUnconditionally 206 -> 139
2022-11-11 07:38:07,354 [s2@group-DC0BCF2C7030-StateMachineUpdater] INFO  impl.SimpleStateMachine4Testing (SimpleStateMachine4Testing.java:put(205)) - s2: put 207, m101 -> (t:2, i:207), STATEMACHINELOGENTRY, 487@client-70D4234AB40A
2022-11-11 07:38:07,355 [s0-server-thread1] DEBUG raftlog.RaftLog (SegmentedRaftLog.java:appendImpl(446)) - truncateIndex=-1, arrayIndex=0
2022-11-11 07:38:07,356 [grpc-default-executor-6] WARN  server.GrpcServerProtocolService (LogUtils.java:warn(124)) - s1: Failed APPEND_ENTRIES request s2->s1#126-t2,previous=(t:1, i:138),leaderCommit=207,initializing? true,entries: size=70, first=(t:2, i:139), CONFIGURATIONENTRY(current:id: "s0"
address: "localhost:38889"
dataStreamAddress: "localhost:44045"
clientAddress: "localhost:36221"
adminAddress: "localhost:33369"
startupRole: FOLLOWER
,id: "s1"
address: "localhost:33469"
dataStreamAddress: "localhost:41079"
clientAddress: "localhost:38107"
adminAddress: "localhost:35601"
startupRole: FOLLOWER
,id: "s2"
address: "localhost:39335"
dataStreamAddress: "localhost:40831"
clientAddress: "localhost:32863"
adminAddress: "localhost:35389"
startupRole: FOLLOWER
, old:)
java.util.concurrent.CompletionException: java.util.concurrent.RejectedExecutionException: Task java.util.concurrent.CompletableFuture$AsyncSupply@40772362 rejected from java.util.concurrent.ThreadPoolExecutor@7cbe9dc4[Terminated, pool size = 0, active threads = 0, queued tasks = 0, completed tasks = 0]
	at java.base/java.util.concurrent.CompletableFuture.encodeThrowable(CompletableFuture.java:314)
	at java.base/java.util.concurrent.CompletableFuture.uniComposeStage(CompletableFuture.java:1113)
	at java.base/java.util.concurrent.CompletableFuture.thenCompose(CompletableFuture.java:2235)
	at org.apache.ratis.server.impl.RaftServerProxy.appendEntriesAsync(RaftServerProxy.java:634)
	at org.apache.ratis.grpc.server.GrpcServerProtocolService$1.process(GrpcServerProtocolService.java:219)
	at org.apache.ratis.grpc.server.GrpcServerProtocolService$1.process(GrpcServerProtocolService.java:216)
	at org.apache.ratis.grpc.server.GrpcServerProtocolService$ServerRequestStreamObserver.onNext(GrpcServerProtocolService.java:124)
	at org.apache.ratis.thirdparty.io.grpc.stub.ServerCalls$StreamingServerCallHandler$StreamingServerCallListener.onMessage(ServerCalls.java:262)
	at org.apache.ratis.thirdparty.io.grpc.ForwardingServerCallListener.onMessage(ForwardingServerCallListener.java:33)
	at org.apache.ratis.thirdparty.io.grpc.internal.ServerCallImpl$ServerStreamListenerImpl.messagesAvailableInternal(ServerCallImpl.java:332)
	at org.apache.ratis.thirdparty.io.grpc.internal.ServerCallImpl$ServerStreamListenerImpl.messagesAvailable(ServerCallImpl.java:315)
	at org.apache.ratis.thirdparty.io.grpc.internal.ServerImpl$JumpToApplicationThreadServerStreamListener$1MessagesAvailable.runInContext(ServerImpl.java:834)
	at org.apache.ratis.thirdparty.io.grpc.internal.ContextRunnable.run(ContextRunnable.java:37)
	at org.apache.ratis.thirdparty.io.grpc.internal.SerializingExecutor.run(SerializingExecutor.java:133)
	at java.base/java.util.concurrent.ThreadPoolExecutor.runWorker(ThreadPoolExecutor.java:1128)
	at java.base/java.util.concurrent.ThreadPoolExecutor$Worker.run(ThreadPoolExecutor.java:628)
	at java.base/java.lang.Thread.run(Thread.java:829)
Caused by: java.util.concurrent.RejectedExecutionException: Task java.util.concurrent.CompletableFuture$AsyncSupply@40772362 rejected from java.util.concurrent.ThreadPoolExecutor@7cbe9dc4[Terminated, pool size = 0, active threads = 0, queued tasks = 0, completed tasks = 0]
	at java.base/java.util.concurrent.ThreadPoolExecutor$AbortPolicy.rejectedExecution(ThreadPoolExecutor.java:2055)
	at java.base/java.util.concurrent.ThreadPoolExecutor.reject(ThreadPoolExecutor.java:825)
	at java.base/java.util.concurrent.ThreadPoolExecutor.execute(ThreadPoolExecutor.java:1355)
	at java.base/java.util.concurrent.CompletableFuture.asyncSupplyStage(CompletableFuture.java:1714)
	at java.base/java.util.concurrent.CompletableFuture.supplyAsync(CompletableFuture.java:1931)
	at org.apache.ratis.server.impl.RaftServerImpl.executeSubmitServerRequestAsync(RaftServerImpl.java:812)
	at org.apache.ratis.server.impl.RaftServerProxy.lambda$appendEntriesAsync$27(RaftServerProxy.java:634)
	at java.base/java.util.concurrent.CompletableFuture.uniComposeStage(CompletableFuture.java:1106)
	... 15 more
2022-11-11 07:38:07,357 [s0@group-DC0BCF2C7030-StateMachineUpdater] INFO  impl.SimpleStateMachine4Testing (SimpleStateMachine4Testing.java:put(205)) - s0: put 207, m101 -> (t:2, i:207), STATEMACHINELOGENTRY, 487@client-70D4234AB40A
2022-11-11 07:38:07,362 [s0-server-thread1] DEBUG raftlog.RaftLog (SegmentedRaftLog.java:appendImpl(446)) - truncateIndex=-1, arrayIndex=0
2022-11-11 07:38:07,363 [s2@group-DC0BCF2C7030-StateMachineUpdater] INFO  impl.SimpleStateMachine4Testing (SimpleStateMachine4Testing.java:put(205)) - s2: put 209, m102 -> (t:2, i:209), STATEMACHINELOGENTRY, 488@client-70D4234AB40A
2022-11-11 07:38:07,365 [s0-server-thread1] DEBUG raftlog.RaftLog (SegmentedRaftLog.java:appendImpl(446)) - truncateIndex=-1, arrayIndex=0
2022-11-11 07:38:07,366 [s0-server-thread1] DEBUG raftlog.RaftLog (SegmentedRaftLog.java:appendImpl(446)) - truncateIndex=-1, arrayIndex=0
2022-11-11 07:38:07,366 [s0@group-DC0BCF2C7030-StateMachineUpdater] INFO  impl.SimpleStateMachine4Testing (SimpleStateMachine4Testing.java:put(205)) - s0: put 209, m102 -> (t:2, i:209), STATEMACHINELOGENTRY, 488@client-70D4234AB40A
2022-11-11 07:38:07,367 [s2@group-DC0BCF2C7030-StateMachineUpdater] INFO  impl.SimpleStateMachine4Testing (SimpleStateMachine4Testing.java:put(205)) - s2: put 211, m103 -> (t:2, i:211), STATEMACHINELOGENTRY, 489@client-70D4234AB40A
2022-11-11 07:38:07,369 [s0-server-thread1] DEBUG raftlog.RaftLog (SegmentedRaftLog.java:appendImpl(446)) - truncateIndex=-1, arrayIndex=0
2022-11-11 07:38:07,369 [grpc-default-executor-8] WARN  server.GrpcLogAppender (LogUtils.java:warn(124)) - s2@group-DC0BCF2C7030->s1-AppendLogResponseHandler: Failed appendEntries
java.io.IOException: java.util.concurrent.RejectedExecutionException: Task java.util.concurrent.CompletableFuture$AsyncSupply@40772362 rejected from java.util.concurrent.ThreadPoolExecutor@7cbe9dc4[Terminated, pool size = 0, active threads = 0, queued tasks = 0, completed tasks = 0]
	at org.apache.ratis.util.IOUtils.asIOException(IOUtils.java:56)
	at org.apache.ratis.grpc.GrpcUtil.tryUnwrapException(GrpcUtil.java:121)
	at org.apache.ratis.grpc.GrpcUtil.unwrapThrowable(GrpcUtil.java:82)
	at org.apache.ratis.grpc.GrpcUtil.warn(GrpcUtil.java:178)
	at org.apache.ratis.grpc.server.GrpcLogAppender$AppendLogResponseHandler.onError(GrpcLogAppender.java:405)
	at org.apache.ratis.thirdparty.io.grpc.stub.ClientCalls$StreamObserverToCallListenerAdapter.onClose(ClientCalls.java:487)
	at org.apache.ratis.thirdparty.io.grpc.internal.ClientCallImpl.closeObserver(ClientCallImpl.java:562)
	at org.apache.ratis.thirdparty.io.grpc.internal.ClientCallImpl.access$300(ClientCallImpl.java:70)
	at org.apache.ratis.thirdparty.io.grpc.internal.ClientCallImpl$ClientStreamListenerImpl$1StreamClosed.runInternal(ClientCallImpl.java:743)
	at org.apache.ratis.thirdparty.io.grpc.internal.ClientCallImpl$ClientStreamListenerImpl$1StreamClosed.runInContext(ClientCallImpl.java:722)
	at org.apache.ratis.thirdparty.io.grpc.internal.ContextRunnable.run(ContextRunnable.java:37)
	at org.apache.ratis.thirdparty.io.grpc.internal.SerializingExecutor.run(SerializingExecutor.java:133)
	at java.base/java.util.concurrent.ThreadPoolExecutor.runWorker(ThreadPoolExecutor.java:1128)
	at java.base/java.util.concurrent.ThreadPoolExecutor$Worker.run(ThreadPoolExecutor.java:628)
	at java.base/java.lang.Thread.run(Thread.java:829)
Caused by: java.util.concurrent.RejectedExecutionException: Task java.util.concurrent.CompletableFuture$AsyncSupply@40772362 rejected from java.util.concurrent.ThreadPoolExecutor@7cbe9dc4[Terminated, pool size = 0, active threads = 0, queued tasks = 0, completed tasks = 0]
	at java.base/jdk.internal.reflect.GeneratedConstructorAccessor11.newInstance(Unknown Source)
	at java.base/jdk.internal.reflect.DelegatingConstructorAccessorImpl.newInstance(DelegatingConstructorAccessorImpl.java:45)
	at java.base/java.lang.reflect.Constructor.newInstance(Constructor.java:490)
	at org.apache.ratis.util.ReflectionUtils.instantiateException(ReflectionUtils.java:259)
	at org.apache.ratis.grpc.GrpcUtil.tryUnwrapException(GrpcUtil.java:120)
	... 13 more
Caused by: org.apache.ratis.thirdparty.io.grpc.StatusRuntimeException: INTERNAL: Task java.util.concurrent.CompletableFuture$AsyncSupply@40772362 rejected from java.util.concurrent.ThreadPoolExecutor@7cbe9dc4[Terminated, pool size = 0, active threads = 0, queued tasks = 0, completed tasks = 0]
	at org.apache.ratis.thirdparty.io.grpc.Status.asRuntimeException(Status.java:535)
	... 10 more
	Suppressed: java.lang.IllegalStateException: Failed to cast to class java.io.IOException, object=java.util.concurrent.RejectedExecutionException: Task java.util.concurrent.CompletableFuture$AsyncSupply@40772362 rejected from java.util.concurrent.ThreadPoolExecutor@7cbe9dc4[Terminated, pool size = 0, active threads = 0, queued tasks = 0, completed tasks = 0]
	at java.base/java.util.concurrent.ThreadPoolExecutor$AbortPolicy.rejectedExecution(ThreadPoolExecutor.java:2055)
	at java.base/java.util.concurrent.ThreadPoolExecutor.reject(ThreadPoolExecutor.java:825)
	at java.base/java.util.concurrent.ThreadPoolExecutor.execute(ThreadPoolExecutor.java:1355)
	at java.base/java.util.concurrent.CompletableFuture.asyncSupplyStage(CompletableFuture.java:1714)
	at java.base/java.util.concurrent.CompletableFuture.supplyAsync(CompletableFuture.java:1931)
	at org.apache.ratis.server.impl.RaftServerImpl.executeSubmitServerRequestAsync(RaftServerImpl.java:812)
	at org.apache.ratis.server.impl.RaftServerProxy.lambda$appendEntriesAsync$27(RaftServerProxy.java:634)
	at java.base/java.util.concurrent.CompletableFuture.uniComposeStage(CompletableFuture.java:1106)
	at java.base/java.util.concurrent.CompletableFuture.thenCompose(CompletableFuture.java:2235)
	at org.apache.ratis.server.impl.RaftServerProxy.appendEntriesAsync(RaftServerProxy.java:634)
	at org.apache.ratis.grpc.server.GrpcServerProtocolService$1.process(GrpcServerProtocolService.java:219)
	at org.apache.ratis.grpc.server.GrpcServerProtocolService$1.process(GrpcServerProtocolService.java:216)
	at org.apache.ratis.grpc.server.GrpcServerProtocolService$ServerRequestStreamObserver.onNext(GrpcServerProtocolService.java:124)
	at org.apache.ratis.thirdparty.io.grpc.stub.ServerCalls$StreamingServerCallHandler$StreamingServerCallListener.onMessage(ServerCalls.java:262)
	at org.apache.ratis.thirdparty.io.grpc.ForwardingServerCallListener.onMessage(ForwardingServerCallListener.java:33)
	at org.apache.ratis.thirdparty.io.grpc.internal.ServerCallImpl$ServerStreamListenerImpl.messagesAvailableInternal(ServerCallImpl.java:332)
	at org.apache.ratis.thirdparty.io.grpc.internal.ServerCallImpl$ServerStreamListenerImpl.messagesAvailable(ServerCallImpl.java:315)
	at org.apache.ratis.thirdparty.io.grpc.internal.ServerImpl$JumpToApplicationThreadServerStreamListener$1MessagesAvailable.runInContext(ServerImpl.java:834)
	at org.apache.ratis.thirdparty.io.grpc.internal.ContextRunnable.run(ContextRunnable.java:37)
	at org.apache.ratis.thirdparty.io.grpc.internal.SerializingExecutor.run(SerializingExecutor.java:133)
	at java.base/java.util.concurrent.ThreadPoolExecutor.runWorker(ThreadPoolExecutor.java:1128)
	at java.base/java.util.concurrent.ThreadPoolExecutor$Worker.run(ThreadPoolExecutor.java:628)
	at java.base/java.lang.Thread.run(Thread.java:829)

		at org.apache.ratis.util.IOUtils.readObject(IOUtils.java:237)
		at org.apache.ratis.util.IOUtils.bytes2Object(IOUtils.java:214)
		at org.apache.ratis.grpc.GrpcUtil.tryUnwrapException(GrpcUtil.java:109)
		at org.apache.ratis.grpc.GrpcUtil.unwrapThrowable(GrpcUtil.java:82)
		at org.apache.ratis.grpc.GrpcUtil.warn(GrpcUtil.java:178)
		at org.apache.ratis.grpc.server.GrpcLogAppender$AppendLogResponseHandler.onError(GrpcLogAppender.java:405)
		... 10 more
	Caused by: java.lang.ClassCastException: Cannot cast java.util.concurrent.RejectedExecutionException to java.io.IOException
		at java.base/java.lang.Class.cast(Class.java:3605)
		at org.apache.ratis.util.IOUtils.readObject(IOUtils.java:234)
		... 15 more
2022-11-11 07:38:07,370 [s0-server-thread1] DEBUG raftlog.RaftLog (SegmentedRaftLog.java:appendImpl(446)) - truncateIndex=-1, arrayIndex=0
2022-11-11 07:38:07,370 [s2@group-DC0BCF2C7030-StateMachineUpdater] INFO  impl.SimpleStateMachine4Testing (SimpleStateMachine4Testing.java:put(205)) - s2: put 213, m104 -> (t:2, i:213), STATEMACHINELOGENTRY, 490@client-70D4234AB40A
2022-11-11 07:38:07,369 [s0@group-DC0BCF2C7030-StateMachineUpdater] INFO  impl.SimpleStateMachine4Testing (SimpleStateMachine4Testing.java:put(205)) - s0: put 211, m103 -> (t:2, i:211), STATEMACHINELOGENTRY, 489@client-70D4234AB40A
2022-11-11 07:38:07,373 [grpc-default-executor-8] INFO  leader.FollowerInfo (FollowerInfoImpl.java:lambda$new$0(48)) - s2@group-DC0BCF2C7030->s1: nextIndex: updateUnconditionally 209 -> 139
2022-11-11 07:38:07,374 [s0@group-DC0BCF2C7030-StateMachineUpdater] INFO  impl.SimpleStateMachine4Testing (SimpleStateMachine4Testing.java:put(205)) - s0: put 213, m104 -> (t:2, i:213), STATEMACHINELOGENTRY, 490@client-70D4234AB40A
2022-11-11 07:38:07,375 [s2-client-thread1] INFO  segmented.SegmentedRaftLogWorker (SegmentedRaftLogWorker.java:rollLogSegment(436)) - s2@group-DC0BCF2C7030-SegmentedRaftLogWorker: Rolling segment log-188_214 to index:214
2022-11-11 07:38:07,375 [s2@group-DC0BCF2C7030-SegmentedRaftLogWorker] TRACE util.FileUtils (LogUtils.java:runAndLog(49)) - Successfully ran Atomic Files.move /home/runner/work/ratis/ratis/ratis-test/target/test/data/badbfba9/MiniRaftClusterWithGrpcf526e0ef/s2/4c2c9efe-0344-4438-a419-dc0bcf2c7030/current/log_inprogress_188 to /home/runner/work/ratis/ratis/ratis-test/target/test/data/badbfba9/MiniRaftClusterWithGrpcf526e0ef/s2/4c2c9efe-0344-4438-a419-dc0bcf2c7030/current/log_188-214
2022-11-11 07:38:07,375 [s2@group-DC0BCF2C7030-SegmentedRaftLogWorker] INFO  segmented.SegmentedRaftLogWorker (SegmentedRaftLogWorker.java:execute(592)) - s2@group-DC0BCF2C7030-SegmentedRaftLogWorker: Rolled log segment from /home/runner/work/ratis/ratis/ratis-test/target/test/data/badbfba9/MiniRaftClusterWithGrpcf526e0ef/s2/4c2c9efe-0344-4438-a419-dc0bcf2c7030/current/log_inprogress_188 to /home/runner/work/ratis/ratis/ratis-test/target/test/data/badbfba9/MiniRaftClusterWithGrpcf526e0ef/s2/4c2c9efe-0344-4438-a419-dc0bcf2c7030/current/log_188-214
2022-11-11 07:38:07,375 [s0-server-thread1] DEBUG raftlog.RaftLog (SegmentedRaftLog.java:appendImpl(446)) - truncateIndex=-1, arrayIndex=0
2022-11-11 07:38:07,376 [s0-server-thread1] INFO  segmented.SegmentedRaftLogWorker (SegmentedRaftLogWorker.java:rollLogSegment(436)) - s0@group-DC0BCF2C7030-SegmentedRaftLogWorker: Rolling segment log-188_214 to index:214
2022-11-11 07:38:07,376 [s0@group-DC0BCF2C7030-SegmentedRaftLogWorker] TRACE util.FileUtils (LogUtils.java:runAndLog(49)) - Successfully ran Atomic Files.move /home/runner/work/ratis/ratis/ratis-test/target/test/data/badbfba9/MiniRaftClusterWithGrpcf526e0ef/s0/4c2c9efe-0344-4438-a419-dc0bcf2c7030/current/log_inprogress_188 to /home/runner/work/ratis/ratis/ratis-test/target/test/data/badbfba9/MiniRaftClusterWithGrpcf526e0ef/s0/4c2c9efe-0344-4438-a419-dc0bcf2c7030/current/log_188-214
2022-11-11 07:38:07,376 [s0@group-DC0BCF2C7030-SegmentedRaftLogWorker] INFO  segmented.SegmentedRaftLogWorker (SegmentedRaftLogWorker.java:execute(592)) - s0@group-DC0BCF2C7030-SegmentedRaftLogWorker: Rolled log segment from /home/runner/work/ratis/ratis/ratis-test/target/test/data/badbfba9/MiniRaftClusterWithGrpcf526e0ef/s0/4c2c9efe-0344-4438-a419-dc0bcf2c7030/current/log_inprogress_188 to /home/runner/work/ratis/ratis/ratis-test/target/test/data/badbfba9/MiniRaftClusterWithGrpcf526e0ef/s0/4c2c9efe-0344-4438-a419-dc0bcf2c7030/current/log_188-214
2022-11-11 07:38:07,375 [grpc-default-executor-2] WARN  server.GrpcServerProtocolService (LogUtils.java:warn(124)) - s1: Failed APPEND_ENTRIES request s2->s1#135-t2,previous=(t:1, i:138),leaderCommit=213,initializing? true,entries: size=76, first=(t:2, i:139), CONFIGURATIONENTRY(current:id: "s0"
address: "localhost:38889"
dataStreamAddress: "localhost:44045"
clientAddress: "localhost:36221"
adminAddress: "localhost:33369"
startupRole: FOLLOWER
,id: "s1"
address: "localhost:33469"
dataStreamAddress: "localhost:41079"
clientAddress: "localhost:38107"
adminAddress: "localhost:35601"
startupRole: FOLLOWER
,id: "s2"
address: "localhost:39335"
dataStreamAddress: "localhost:40831"
clientAddress: "localhost:32863"
adminAddress: "localhost:35389"
startupRole: FOLLOWER
, old:)
java.util.concurrent.CompletionException: java.util.concurrent.RejectedExecutionException: Task java.util.concurrent.CompletableFuture$AsyncSupply@2330b727 rejected from java.util.concurrent.ThreadPoolExecutor@7cbe9dc4[Terminated, pool size = 0, active threads = 0, queued tasks = 0, completed tasks = 0]
	at java.base/java.util.concurrent.CompletableFuture.encodeThrowable(CompletableFuture.java:314)
	at java.base/java.util.concurrent.CompletableFuture.uniComposeStage(CompletableFuture.java:1113)
	at java.base/java.util.concurrent.CompletableFuture.thenCompose(CompletableFuture.java:2235)
	at org.apache.ratis.server.impl.RaftServerProxy.appendEntriesAsync(RaftServerProxy.java:634)
	at org.apache.ratis.grpc.server.GrpcServerProtocolService$1.process(GrpcServerProtocolService.java:219)
	at org.apache.ratis.grpc.server.GrpcServerProtocolService$1.process(GrpcServerProtocolService.java:216)
	at org.apache.ratis.grpc.server.GrpcServerProtocolService$ServerRequestStreamObserver.onNext(GrpcServerProtocolService.java:124)
	at org.apache.ratis.thirdparty.io.grpc.stub.ServerCalls$StreamingServerCallHandler$StreamingServerCallListener.onMessage(ServerCalls.java:262)
	at org.apache.ratis.thirdparty.io.grpc.ForwardingServerCallListener.onMessage(ForwardingServerCallListener.java:33)
	at org.apache.ratis.thirdparty.io.grpc.internal.ServerCallImpl$ServerStreamListenerImpl.messagesAvailableInternal(ServerCallImpl.java:332)
	at org.apache.ratis.thirdparty.io.grpc.internal.ServerCallImpl$ServerStreamListenerImpl.messagesAvailable(ServerCallImpl.java:315)
	at org.apache.ratis.thirdparty.io.grpc.internal.ServerImpl$JumpToApplicationThreadServerStreamListener$1MessagesAvailable.runInContext(ServerImpl.java:834)
	at org.apache.ratis.thirdparty.io.grpc.internal.ContextRunnable.run(ContextRunnable.java:37)
	at org.apache.ratis.thirdparty.io.grpc.internal.SerializingExecutor.run(SerializingExecutor.java:133)
	at java.base/java.util.concurrent.ThreadPoolExecutor.runWorker(ThreadPoolExecutor.java:1128)
	at java.base/java.util.concurrent.ThreadPoolExecutor$Worker.run(ThreadPoolExecutor.java:628)
	at java.base/java.lang.Thread.run(Thread.java:829)
Caused by: java.util.concurrent.RejectedExecutionException: Task java.util.concurrent.CompletableFuture$AsyncSupply@2330b727 rejected from java.util.concurrent.ThreadPoolExecutor@7cbe9dc4[Terminated, pool size = 0, active threads = 0, queued tasks = 0, completed tasks = 0]
	at java.base/java.util.concurrent.ThreadPoolExecutor$AbortPolicy.rejectedExecution(ThreadPoolExecutor.java:2055)
	at java.base/java.util.concurrent.ThreadPoolExecutor.reject(ThreadPoolExecutor.java:825)
	at java.base/java.util.concurrent.ThreadPoolExecutor.execute(ThreadPoolExecutor.java:1355)
	at java.base/java.util.concurrent.CompletableFuture.asyncSupplyStage(CompletableFuture.java:1714)
	at java.base/java.util.concurrent.CompletableFuture.supplyAsync(CompletableFuture.java:1931)
	at org.apache.ratis.server.impl.RaftServerImpl.executeSubmitServerRequestAsync(RaftServerImpl.java:812)
	at org.apache.ratis.server.impl.RaftServerProxy.lambda$appendEntriesAsync$27(RaftServerProxy.java:634)
	at java.base/java.util.concurrent.CompletableFuture.uniComposeStage(CompletableFuture.java:1106)
	... 15 more
2022-11-11 07:38:07,377 [s2@group-DC0BCF2C7030-SegmentedRaftLogWorker] INFO  segmented.SegmentedRaftLogWorker (SegmentedRaftLogWorker.java:execute(635)) - s2@group-DC0BCF2C7030-SegmentedRaftLogWorker: created new log segment /home/runner/work/ratis/ratis/ratis-test/target/test/data/badbfba9/MiniRaftClusterWithGrpcf526e0ef/s2/4c2c9efe-0344-4438-a419-dc0bcf2c7030/current/log_inprogress_215
2022-11-11 07:38:07,378 [s0@group-DC0BCF2C7030-SegmentedRaftLogWorker] INFO  segmented.SegmentedRaftLogWorker (SegmentedRaftLogWorker.java:execute(635)) - s0@group-DC0BCF2C7030-SegmentedRaftLogWorker: created new log segment /home/runner/work/ratis/ratis/ratis-test/target/test/data/badbfba9/MiniRaftClusterWithGrpcf526e0ef/s0/4c2c9efe-0344-4438-a419-dc0bcf2c7030/current/log_inprogress_215
2022-11-11 07:38:07,381 [s2@group-DC0BCF2C7030-StateMachineUpdater] INFO  impl.SimpleStateMachine4Testing (SimpleStateMachine4Testing.java:put(205)) - s2: put 215, m105 -> (t:2, i:215), STATEMACHINELOGENTRY, 491@client-70D4234AB40A
2022-11-11 07:38:07,381 [s0-server-thread1] DEBUG raftlog.RaftLog (SegmentedRaftLog.java:appendImpl(446)) - truncateIndex=-1, arrayIndex=0
2022-11-11 07:38:07,382 [s0@group-DC0BCF2C7030-StateMachineUpdater] INFO  impl.SimpleStateMachine4Testing (SimpleStateMachine4Testing.java:put(205)) - s0: put 215, m105 -> (t:2, i:215), STATEMACHINELOGENTRY, 491@client-70D4234AB40A
2022-11-11 07:38:07,383 [grpc-default-executor-8] WARN  server.GrpcLogAppender (LogUtils.java:warn(124)) - s2@group-DC0BCF2C7030->s1-AppendLogResponseHandler: Failed appendEntries
java.io.IOException: java.util.concurrent.RejectedExecutionException: Task java.util.concurrent.CompletableFuture$AsyncSupply@2330b727 rejected from java.util.concurrent.ThreadPoolExecutor@7cbe9dc4[Terminated, pool size = 0, active threads = 0, queued tasks = 0, completed tasks = 0]
	at org.apache.ratis.util.IOUtils.asIOException(IOUtils.java:56)
	at org.apache.ratis.grpc.GrpcUtil.tryUnwrapException(GrpcUtil.java:121)
	at org.apache.ratis.grpc.GrpcUtil.unwrapThrowable(GrpcUtil.java:82)
	at org.apache.ratis.grpc.GrpcUtil.warn(GrpcUtil.java:178)
	at org.apache.ratis.grpc.server.GrpcLogAppender$AppendLogResponseHandler.onError(GrpcLogAppender.java:405)
	at org.apache.ratis.thirdparty.io.grpc.stub.ClientCalls$StreamObserverToCallListenerAdapter.onClose(ClientCalls.java:487)
	at org.apache.ratis.thirdparty.io.grpc.internal.ClientCallImpl.closeObserver(ClientCallImpl.java:562)
	at org.apache.ratis.thirdparty.io.grpc.internal.ClientCallImpl.access$300(ClientCallImpl.java:70)
	at org.apache.ratis.thirdparty.io.grpc.internal.ClientCallImpl$ClientStreamListenerImpl$1StreamClosed.runInternal(ClientCallImpl.java:743)
	at org.apache.ratis.thirdparty.io.grpc.internal.ClientCallImpl$ClientStreamListenerImpl$1StreamClosed.runInContext(ClientCallImpl.java:722)
	at org.apache.ratis.thirdparty.io.grpc.internal.ContextRunnable.run(ContextRunnable.java:37)
	at org.apache.ratis.thirdparty.io.grpc.internal.SerializingExecutor.run(SerializingExecutor.java:133)
	at java.base/java.util.concurrent.ThreadPoolExecutor.runWorker(ThreadPoolExecutor.java:1128)
	at java.base/java.util.concurrent.ThreadPoolExecutor$Worker.run(ThreadPoolExecutor.java:628)
	at java.base/java.lang.Thread.run(Thread.java:829)
Caused by: java.util.concurrent.RejectedExecutionException: Task java.util.concurrent.CompletableFuture$AsyncSupply@2330b727 rejected from java.util.concurrent.ThreadPoolExecutor@7cbe9dc4[Terminated, pool size = 0, active threads = 0, queued tasks = 0, completed tasks = 0]
	at java.base/jdk.internal.reflect.GeneratedConstructorAccessor11.newInstance(Unknown Source)
	at java.base/jdk.internal.reflect.DelegatingConstructorAccessorImpl.newInstance(DelegatingConstructorAccessorImpl.java:45)
	at java.base/java.lang.reflect.Constructor.newInstance(Constructor.java:490)
	at org.apache.ratis.util.ReflectionUtils.instantiateException(ReflectionUtils.java:259)
	at org.apache.ratis.grpc.GrpcUtil.tryUnwrapException(GrpcUtil.java:120)
	... 13 more
Caused by: org.apache.ratis.thirdparty.io.grpc.StatusRuntimeException: INTERNAL: Task java.util.concurrent.CompletableFuture$AsyncSupply@2330b727 rejected from java.util.concurrent.ThreadPoolExecutor@7cbe9dc4[Terminated, pool size = 0, active threads = 0, queued tasks = 0, completed tasks = 0]
	at org.apache.ratis.thirdparty.io.grpc.Status.asRuntimeException(Status.java:535)
	... 10 more
	Suppressed: java.lang.IllegalStateException: Failed to cast to class java.io.IOException, object=java.util.concurrent.RejectedExecutionException: Task java.util.concurrent.CompletableFuture$AsyncSupply@2330b727 rejected from java.util.concurrent.ThreadPoolExecutor@7cbe9dc4[Terminated, pool size = 0, active threads = 0, queued tasks = 0, completed tasks = 0]
	at java.base/java.util.concurrent.ThreadPoolExecutor$AbortPolicy.rejectedExecution(ThreadPoolExecutor.java:2055)
	at java.base/java.util.concurrent.ThreadPoolExecutor.reject(ThreadPoolExecutor.java:825)
	at java.base/java.util.concurrent.ThreadPoolExecutor.execute(ThreadPoolExecutor.java:1355)
	at java.base/java.util.concurrent.CompletableFuture.asyncSupplyStage(CompletableFuture.java:1714)
	at java.base/java.util.concurrent.CompletableFuture.supplyAsync(CompletableFuture.java:1931)
	at org.apache.ratis.server.impl.RaftServerImpl.executeSubmitServerRequestAsync(RaftServerImpl.java:812)
	at org.apache.ratis.server.impl.RaftServerProxy.lambda$appendEntriesAsync$27(RaftServerProxy.java:634)
	at java.base/java.util.concurrent.CompletableFuture.uniComposeStage(CompletableFuture.java:1106)
	at java.base/java.util.concurrent.CompletableFuture.thenCompose(CompletableFuture.java:2235)
	at org.apache.ratis.server.impl.RaftServerProxy.appendEntriesAsync(RaftServerProxy.java:634)
	at org.apache.ratis.grpc.server.GrpcServerProtocolService$1.process(GrpcServerProtocolService.java:219)
	at org.apache.ratis.grpc.server.GrpcServerProtocolService$1.process(GrpcServerProtocolService.java:216)
	at org.apache.ratis.grpc.server.GrpcServerProtocolService$ServerRequestStreamObserver.onNext(GrpcServerProtocolService.java:124)
	at org.apache.ratis.thirdparty.io.grpc.stub.ServerCalls$StreamingServerCallHandler$StreamingServerCallListener.onMessage(ServerCalls.java:262)
	at org.apache.ratis.thirdparty.io.grpc.ForwardingServerCallListener.onMessage(ForwardingServerCallListener.java:33)
	at org.apache.ratis.thirdparty.io.grpc.internal.ServerCallImpl$ServerStreamListenerImpl.messagesAvailableInternal(ServerCallImpl.java:332)
	at org.apache.ratis.thirdparty.io.grpc.internal.ServerCallImpl$ServerStreamListenerImpl.messagesAvailable(ServerCallImpl.java:315)
	at org.apache.ratis.thirdparty.io.grpc.internal.ServerImpl$JumpToApplicationThreadServerStreamListener$1MessagesAvailable.runInContext(ServerImpl.java:834)
	at org.apache.ratis.thirdparty.io.grpc.internal.ContextRunnable.run(ContextRunnable.java:37)
	at org.apache.ratis.thirdparty.io.grpc.internal.SerializingExecutor.run(SerializingExecutor.java:133)
	at java.base/java.util.concurrent.ThreadPoolExecutor.runWorker(ThreadPoolExecutor.java:1128)
	at java.base/java.util.concurrent.ThreadPoolExecutor$Worker.run(ThreadPoolExecutor.java:628)
	at java.base/java.lang.Thread.run(Thread.java:829)

		at org.apache.ratis.util.IOUtils.readObject(IOUtils.java:237)
		at org.apache.ratis.util.IOUtils.bytes2Object(IOUtils.java:214)
		at org.apache.ratis.grpc.GrpcUtil.tryUnwrapException(GrpcUtil.java:109)
		at org.apache.ratis.grpc.GrpcUtil.unwrapThrowable(GrpcUtil.java:82)
		at org.apache.ratis.grpc.GrpcUtil.warn(GrpcUtil.java:178)
		at org.apache.ratis.grpc.server.GrpcLogAppender$AppendLogResponseHandler.onError(GrpcLogAppender.java:405)
		... 10 more
	Caused by: java.lang.ClassCastException: Cannot cast java.util.concurrent.RejectedExecutionException to java.io.IOException
		at java.base/java.lang.Class.cast(Class.java:3605)
		at org.apache.ratis.util.IOUtils.readObject(IOUtils.java:234)
		... 15 more
2022-11-11 07:38:07,383 [s0-server-thread1] DEBUG raftlog.RaftLog (SegmentedRaftLog.java:appendImpl(446)) - truncateIndex=-1, arrayIndex=0
2022-11-11 07:38:07,384 [grpc-default-executor-8] INFO  leader.FollowerInfo (FollowerInfoImpl.java:lambda$new$0(48)) - s2@group-DC0BCF2C7030->s1: nextIndex: updateUnconditionally 215 -> 139
2022-11-11 07:38:07,386 [s2@group-DC0BCF2C7030-StateMachineUpdater] INFO  impl.SimpleStateMachine4Testing (SimpleStateMachine4Testing.java:put(205)) - s2: put 217, m106 -> (t:2, i:217), STATEMACHINELOGENTRY, 492@client-70D4234AB40A
2022-11-11 07:38:07,386 [grpc-default-executor-2] WARN  server.GrpcServerProtocolService (LogUtils.java:warn(124)) - s1: Failed APPEND_ENTRIES request s2->s1#143-t2,previous=(t:1, i:138),leaderCommit=216,initializing? true,entries: size=79, first=(t:2, i:139), CONFIGURATIONENTRY(current:id: "s0"
address: "localhost:38889"
dataStreamAddress: "localhost:44045"
clientAddress: "localhost:36221"
adminAddress: "localhost:33369"
startupRole: FOLLOWER
,id: "s1"
address: "localhost:33469"
dataStreamAddress: "localhost:41079"
clientAddress: "localhost:38107"
adminAddress: "localhost:35601"
startupRole: FOLLOWER
,id: "s2"
address: "localhost:39335"
dataStreamAddress: "localhost:40831"
clientAddress: "localhost:32863"
adminAddress: "localhost:35389"
startupRole: FOLLOWER
, old:)
java.util.concurrent.CompletionException: java.util.concurrent.RejectedExecutionException: Task java.util.concurrent.CompletableFuture$AsyncSupply@28e8a5d0 rejected from java.util.concurrent.ThreadPoolExecutor@7cbe9dc4[Terminated, pool size = 0, active threads = 0, queued tasks = 0, completed tasks = 0]
	at java.base/java.util.concurrent.CompletableFuture.encodeThrowable(CompletableFuture.java:314)
	at java.base/java.util.concurrent.CompletableFuture.uniComposeStage(CompletableFuture.java:1113)
	at java.base/java.util.concurrent.CompletableFuture.thenCompose(CompletableFuture.java:2235)
	at org.apache.ratis.server.impl.RaftServerProxy.appendEntriesAsync(RaftServerProxy.java:634)
	at org.apache.ratis.grpc.server.GrpcServerProtocolService$1.process(GrpcServerProtocolService.java:219)
	at org.apache.ratis.grpc.server.GrpcServerProtocolService$1.process(GrpcServerProtocolService.java:216)
	at org.apache.ratis.grpc.server.GrpcServerProtocolService$ServerRequestStreamObserver.onNext(GrpcServerProtocolService.java:124)
	at org.apache.ratis.thirdparty.io.grpc.stub.ServerCalls$StreamingServerCallHandler$StreamingServerCallListener.onMessage(ServerCalls.java:262)
	at org.apache.ratis.thirdparty.io.grpc.ForwardingServerCallListener.onMessage(ForwardingServerCallListener.java:33)
	at org.apache.ratis.thirdparty.io.grpc.internal.ServerCallImpl$ServerStreamListenerImpl.messagesAvailableInternal(ServerCallImpl.java:332)
	at org.apache.ratis.thirdparty.io.grpc.internal.ServerCallImpl$ServerStreamListenerImpl.messagesAvailable(ServerCallImpl.java:315)
	at org.apache.ratis.thirdparty.io.grpc.internal.ServerImpl$JumpToApplicationThreadServerStreamListener$1MessagesAvailable.runInContext(ServerImpl.java:834)
	at org.apache.ratis.thirdparty.io.grpc.internal.ContextRunnable.run(ContextRunnable.java:37)
	at org.apache.ratis.thirdparty.io.grpc.internal.SerializingExecutor.run(SerializingExecutor.java:133)
	at java.base/java.util.concurrent.ThreadPoolExecutor.runWorker(ThreadPoolExecutor.java:1128)
	at java.base/java.util.concurrent.ThreadPoolExecutor$Worker.run(ThreadPoolExecutor.java:628)
	at java.base/java.lang.Thread.run(Thread.java:829)
Caused by: java.util.concurrent.RejectedExecutionException: Task java.util.concurrent.CompletableFuture$AsyncSupply@28e8a5d0 rejected from java.util.concurrent.ThreadPoolExecutor@7cbe9dc4[Terminated, pool size = 0, active threads = 0, queued tasks = 0, completed tasks = 0]
	at java.base/java.util.concurrent.ThreadPoolExecutor$AbortPolicy.rejectedExecution(ThreadPoolExecutor.java:2055)
	at java.base/java.util.concurrent.ThreadPoolExecutor.reject(ThreadPoolExecutor.java:825)
	at java.base/java.util.concurrent.ThreadPoolExecutor.execute(ThreadPoolExecutor.java:1355)
	at java.base/java.util.concurrent.CompletableFuture.asyncSupplyStage(CompletableFuture.java:1714)
	at java.base/java.util.concurrent.CompletableFuture.supplyAsync(CompletableFuture.java:1931)
	at org.apache.ratis.server.impl.RaftServerImpl.executeSubmitServerRequestAsync(RaftServerImpl.java:812)
	at org.apache.ratis.server.impl.RaftServerProxy.lambda$appendEntriesAsync$27(RaftServerProxy.java:634)
	at java.base/java.util.concurrent.CompletableFuture.uniComposeStage(CompletableFuture.java:1106)
	... 15 more
2022-11-11 07:38:07,386 [s0-server-thread1] DEBUG raftlog.RaftLog (SegmentedRaftLog.java:appendImpl(446)) - truncateIndex=-1, arrayIndex=0
2022-11-11 07:38:07,389 [s0@group-DC0BCF2C7030-StateMachineUpdater] INFO  impl.SimpleStateMachine4Testing (SimpleStateMachine4Testing.java:put(205)) - s0: put 217, m106 -> (t:2, i:217), STATEMACHINELOGENTRY, 492@client-70D4234AB40A
2022-11-11 07:38:07,391 [grpc-default-executor-8] WARN  server.GrpcLogAppender (LogUtils.java:warn(124)) - s2@group-DC0BCF2C7030->s1-AppendLogResponseHandler: Failed appendEntries
java.io.IOException: java.util.concurrent.RejectedExecutionException: Task java.util.concurrent.CompletableFuture$AsyncSupply@28e8a5d0 rejected from java.util.concurrent.ThreadPoolExecutor@7cbe9dc4[Terminated, pool size = 0, active threads = 0, queued tasks = 0, completed tasks = 0]
	at org.apache.ratis.util.IOUtils.asIOException(IOUtils.java:56)
	at org.apache.ratis.grpc.GrpcUtil.tryUnwrapException(GrpcUtil.java:121)
	at org.apache.ratis.grpc.GrpcUtil.unwrapThrowable(GrpcUtil.java:82)
	at org.apache.ratis.grpc.GrpcUtil.warn(GrpcUtil.java:178)
	at org.apache.ratis.grpc.server.GrpcLogAppender$AppendLogResponseHandler.onError(GrpcLogAppender.java:405)
	at org.apache.ratis.thirdparty.io.grpc.stub.ClientCalls$StreamObserverToCallListenerAdapter.onClose(ClientCalls.java:487)
	at org.apache.ratis.thirdparty.io.grpc.internal.ClientCallImpl.closeObserver(ClientCallImpl.java:562)
	at org.apache.ratis.thirdparty.io.grpc.internal.ClientCallImpl.access$300(ClientCallImpl.java:70)
	at org.apache.ratis.thirdparty.io.grpc.internal.ClientCallImpl$ClientStreamListenerImpl$1StreamClosed.runInternal(ClientCallImpl.java:743)
	at org.apache.ratis.thirdparty.io.grpc.internal.ClientCallImpl$ClientStreamListenerImpl$1StreamClosed.runInContext(ClientCallImpl.java:722)
	at org.apache.ratis.thirdparty.io.grpc.internal.ContextRunnable.run(ContextRunnable.java:37)
	at org.apache.ratis.thirdparty.io.grpc.internal.SerializingExecutor.run(SerializingExecutor.java:133)
	at java.base/java.util.concurrent.ThreadPoolExecutor.runWorker(ThreadPoolExecutor.java:1128)
	at java.base/java.util.concurrent.ThreadPoolExecutor$Worker.run(ThreadPoolExecutor.java:628)
	at java.base/java.lang.Thread.run(Thread.java:829)
Caused by: java.util.concurrent.RejectedExecutionException: Task java.util.concurrent.CompletableFuture$AsyncSupply@28e8a5d0 rejected from java.util.concurrent.ThreadPoolExecutor@7cbe9dc4[Terminated, pool size = 0, active threads = 0, queued tasks = 0, completed tasks = 0]
	at java.base/jdk.internal.reflect.GeneratedConstructorAccessor11.newInstance(Unknown Source)
	at java.base/jdk.internal.reflect.DelegatingConstructorAccessorImpl.newInstance(DelegatingConstructorAccessorImpl.java:45)
	at java.base/java.lang.reflect.Constructor.newInstance(Constructor.java:490)
	at org.apache.ratis.util.ReflectionUtils.instantiateException(ReflectionUtils.java:259)
	at org.apache.ratis.grpc.GrpcUtil.tryUnwrapException(GrpcUtil.java:120)
	... 13 more
Caused by: org.apache.ratis.thirdparty.io.grpc.StatusRuntimeException: INTERNAL: Task java.util.concurrent.CompletableFuture$AsyncSupply@28e8a5d0 rejected from java.util.concurrent.ThreadPoolExecutor@7cbe9dc4[Terminated, pool size = 0, active threads = 0, queued tasks = 0, completed tasks = 0]
	at org.apache.ratis.thirdparty.io.grpc.Status.asRuntimeException(Status.java:535)
	... 10 more
	Suppressed: java.lang.IllegalStateException: Failed to cast to class java.io.IOException, object=java.util.concurrent.RejectedExecutionException: Task java.util.concurrent.CompletableFuture$AsyncSupply@28e8a5d0 rejected from java.util.concurrent.ThreadPoolExecutor@7cbe9dc4[Terminated, pool size = 0, active threads = 0, queued tasks = 0, completed tasks = 0]
	at java.base/java.util.concurrent.ThreadPoolExecutor$AbortPolicy.rejectedExecution(ThreadPoolExecutor.java:2055)
	at java.base/java.util.concurrent.ThreadPoolExecutor.reject(ThreadPoolExecutor.java:825)
	at java.base/java.util.concurrent.ThreadPoolExecutor.execute(ThreadPoolExecutor.java:1355)
	at java.base/java.util.concurrent.CompletableFuture.asyncSupplyStage(CompletableFuture.java:1714)
	at java.base/java.util.concurrent.CompletableFuture.supplyAsync(CompletableFuture.java:1931)
	at org.apache.ratis.server.impl.RaftServerImpl.executeSubmitServerRequestAsync(RaftServerImpl.java:812)
	at org.apache.ratis.server.impl.RaftServerProxy.lambda$appendEntriesAsync$27(RaftServerProxy.java:634)
	at java.base/java.util.concurrent.CompletableFuture.uniComposeStage(CompletableFuture.java:1106)
	at java.base/java.util.concurrent.CompletableFuture.thenCompose(CompletableFuture.java:2235)
	at org.apache.ratis.server.impl.RaftServerProxy.appendEntriesAsync(RaftServerProxy.java:634)
	at org.apache.ratis.grpc.server.GrpcServerProtocolService$1.process(GrpcServerProtocolService.java:219)
	at org.apache.ratis.grpc.server.GrpcServerProtocolService$1.process(GrpcServerProtocolService.java:216)
	at org.apache.ratis.grpc.server.GrpcServerProtocolService$ServerRequestStreamObserver.onNext(GrpcServerProtocolService.java:124)
	at org.apache.ratis.thirdparty.io.grpc.stub.ServerCalls$StreamingServerCallHandler$StreamingServerCallListener.onMessage(ServerCalls.java:262)
	at org.apache.ratis.thirdparty.io.grpc.ForwardingServerCallListener.onMessage(ForwardingServerCallListener.java:33)
	at org.apache.ratis.thirdparty.io.grpc.internal.ServerCallImpl$ServerStreamListenerImpl.messagesAvailableInternal(ServerCallImpl.java:332)
	at org.apache.ratis.thirdparty.io.grpc.internal.ServerCallImpl$ServerStreamListenerImpl.messagesAvailable(ServerCallImpl.java:315)
	at org.apache.ratis.thirdparty.io.grpc.internal.ServerImpl$JumpToApplicationThreadServerStreamListener$1MessagesAvailable.runInContext(ServerImpl.java:834)
	at org.apache.ratis.thirdparty.io.grpc.internal.ContextRunnable.run(ContextRunnable.java:37)
	at org.apache.ratis.thirdparty.io.grpc.internal.SerializingExecutor.run(SerializingExecutor.java:133)
	at java.base/java.util.concurrent.ThreadPoolExecutor.runWorker(ThreadPoolExecutor.java:1128)
	at java.base/java.util.concurrent.ThreadPoolExecutor$Worker.run(ThreadPoolExecutor.java:628)
	at java.base/java.lang.Thread.run(Thread.java:829)

		at org.apache.ratis.util.IOUtils.readObject(IOUtils.java:237)
		at org.apache.ratis.util.IOUtils.bytes2Object(IOUtils.java:214)
		at org.apache.ratis.grpc.GrpcUtil.tryUnwrapException(GrpcUtil.java:109)
		at org.apache.ratis.grpc.GrpcUtil.unwrapThrowable(GrpcUtil.java:82)
		at org.apache.ratis.grpc.GrpcUtil.warn(GrpcUtil.java:178)
		at org.apache.ratis.grpc.server.GrpcLogAppender$AppendLogResponseHandler.onError(GrpcLogAppender.java:405)
		... 10 more
	Caused by: java.lang.ClassCastException: Cannot cast java.util.concurrent.RejectedExecutionException to java.io.IOException
		at java.base/java.lang.Class.cast(Class.java:3605)
		at org.apache.ratis.util.IOUtils.readObject(IOUtils.java:234)
		... 15 more
2022-11-11 07:38:07,391 [s0-server-thread1] DEBUG raftlog.RaftLog (SegmentedRaftLog.java:appendImpl(446)) - truncateIndex=-1, arrayIndex=0
2022-11-11 07:38:07,391 [grpc-default-executor-8] INFO  leader.FollowerInfo (FollowerInfoImpl.java:lambda$new$0(48)) - s2@group-DC0BCF2C7030->s1: nextIndex: updateUnconditionally 218 -> 139
2022-11-11 07:38:07,397 [s2@group-DC0BCF2C7030-StateMachineUpdater] INFO  impl.SimpleStateMachine4Testing (SimpleStateMachine4Testing.java:put(205)) - s2: put 219, m107 -> (t:2, i:219), STATEMACHINELOGENTRY, 493@client-70D4234AB40A
2022-11-11 07:38:07,398 [grpc-default-executor-2] WARN  server.GrpcServerProtocolService (LogUtils.java:warn(124)) - s1: Failed APPEND_ENTRIES request s2->s1#148-t2,previous=(t:1, i:138),leaderCommit=218,initializing? true,entries: size=81, first=(t:2, i:139), CONFIGURATIONENTRY(current:id: "s0"
address: "localhost:38889"
dataStreamAddress: "localhost:44045"
clientAddress: "localhost:36221"
adminAddress: "localhost:33369"
startupRole: FOLLOWER
,id: "s1"
address: "localhost:33469"
dataStreamAddress: "localhost:41079"
clientAddress: "localhost:38107"
adminAddress: "localhost:35601"
startupRole: FOLLOWER
,id: "s2"
address: "localhost:39335"
dataStreamAddress: "localhost:40831"
clientAddress: "localhost:32863"
adminAddress: "localhost:35389"
startupRole: FOLLOWER
, old:)
java.util.concurrent.CompletionException: java.util.concurrent.RejectedExecutionException: Task java.util.concurrent.CompletableFuture$AsyncSupply@70a575b1 rejected from java.util.concurrent.ThreadPoolExecutor@7cbe9dc4[Terminated, pool size = 0, active threads = 0, queued tasks = 0, completed tasks = 0]
	at java.base/java.util.concurrent.CompletableFuture.encodeThrowable(CompletableFuture.java:314)
	at java.base/java.util.concurrent.CompletableFuture.uniComposeStage(CompletableFuture.java:1113)
	at java.base/java.util.concurrent.CompletableFuture.thenCompose(CompletableFuture.java:2235)
	at org.apache.ratis.server.impl.RaftServerProxy.appendEntriesAsync(RaftServerProxy.java:634)
	at org.apache.ratis.grpc.server.GrpcServerProtocolService$1.process(GrpcServerProtocolService.java:219)
	at org.apache.ratis.grpc.server.GrpcServerProtocolService$1.process(GrpcServerProtocolService.java:216)
	at org.apache.ratis.grpc.server.GrpcServerProtocolService$ServerRequestStreamObserver.onNext(GrpcServerProtocolService.java:124)
	at org.apache.ratis.thirdparty.io.grpc.stub.ServerCalls$StreamingServerCallHandler$StreamingServerCallListener.onMessage(ServerCalls.java:262)
	at org.apache.ratis.thirdparty.io.grpc.ForwardingServerCallListener.onMessage(ForwardingServerCallListener.java:33)
	at org.apache.ratis.thirdparty.io.grpc.internal.ServerCallImpl$ServerStreamListenerImpl.messagesAvailableInternal(ServerCallImpl.java:332)
	at org.apache.ratis.thirdparty.io.grpc.internal.ServerCallImpl$ServerStreamListenerImpl.messagesAvailable(ServerCallImpl.java:315)
	at org.apache.ratis.thirdparty.io.grpc.internal.ServerImpl$JumpToApplicationThreadServerStreamListener$1MessagesAvailable.runInContext(ServerImpl.java:834)
	at org.apache.ratis.thirdparty.io.grpc.internal.ContextRunnable.run(ContextRunnable.java:37)
	at org.apache.ratis.thirdparty.io.grpc.internal.SerializingExecutor.run(SerializingExecutor.java:133)
	at java.base/java.util.concurrent.ThreadPoolExecutor.runWorker(ThreadPoolExecutor.java:1128)
	at java.base/java.util.concurrent.ThreadPoolExecutor$Worker.run(ThreadPoolExecutor.java:628)
	at java.base/java.lang.Thread.run(Thread.java:829)
Caused by: java.util.concurrent.RejectedExecutionException: Task java.util.concurrent.CompletableFuture$AsyncSupply@70a575b1 rejected from java.util.concurrent.ThreadPoolExecutor@7cbe9dc4[Terminated, pool size = 0, active threads = 0, queued tasks = 0, completed tasks = 0]
	at java.base/java.util.concurrent.ThreadPoolExecutor$AbortPolicy.rejectedExecution(ThreadPoolExecutor.java:2055)
	at java.base/java.util.concurrent.ThreadPoolExecutor.reject(ThreadPoolExecutor.java:825)
	at java.base/java.util.concurrent.ThreadPoolExecutor.execute(ThreadPoolExecutor.java:1355)
	at java.base/java.util.concurrent.CompletableFuture.asyncSupplyStage(CompletableFuture.java:1714)
	at java.base/java.util.concurrent.CompletableFuture.supplyAsync(CompletableFuture.java:1931)
	at org.apache.ratis.server.impl.RaftServerImpl.executeSubmitServerRequestAsync(RaftServerImpl.java:812)
	at org.apache.ratis.server.impl.RaftServerProxy.lambda$appendEntriesAsync$27(RaftServerProxy.java:634)
	at java.base/java.util.concurrent.CompletableFuture.uniComposeStage(CompletableFuture.java:1106)
	... 15 more
2022-11-11 07:38:07,400 [s0-server-thread1] DEBUG raftlog.RaftLog (SegmentedRaftLog.java:appendImpl(446)) - truncateIndex=-1, arrayIndex=0
2022-11-11 07:38:07,400 [grpc-default-executor-8] WARN  server.GrpcLogAppender (LogUtils.java:warn(124)) - s2@group-DC0BCF2C7030->s1-AppendLogResponseHandler: Failed appendEntries
java.io.IOException: java.util.concurrent.RejectedExecutionException: Task java.util.concurrent.CompletableFuture$AsyncSupply@70a575b1 rejected from java.util.concurrent.ThreadPoolExecutor@7cbe9dc4[Terminated, pool size = 0, active threads = 0, queued tasks = 0, completed tasks = 0]
	at org.apache.ratis.util.IOUtils.asIOException(IOUtils.java:56)
	at org.apache.ratis.grpc.GrpcUtil.tryUnwrapException(GrpcUtil.java:121)
	at org.apache.ratis.grpc.GrpcUtil.unwrapThrowable(GrpcUtil.java:82)
	at org.apache.ratis.grpc.GrpcUtil.warn(GrpcUtil.java:178)
	at org.apache.ratis.grpc.server.GrpcLogAppender$AppendLogResponseHandler.onError(GrpcLogAppender.java:405)
	at org.apache.ratis.thirdparty.io.grpc.stub.ClientCalls$StreamObserverToCallListenerAdapter.onClose(ClientCalls.java:487)
	at org.apache.ratis.thirdparty.io.grpc.internal.ClientCallImpl.closeObserver(ClientCallImpl.java:562)
	at org.apache.ratis.thirdparty.io.grpc.internal.ClientCallImpl.access$300(ClientCallImpl.java:70)
	at org.apache.ratis.thirdparty.io.grpc.internal.ClientCallImpl$ClientStreamListenerImpl$1StreamClosed.runInternal(ClientCallImpl.java:743)
	at org.apache.ratis.thirdparty.io.grpc.internal.ClientCallImpl$ClientStreamListenerImpl$1StreamClosed.runInContext(ClientCallImpl.java:722)
	at org.apache.ratis.thirdparty.io.grpc.internal.ContextRunnable.run(ContextRunnable.java:37)
	at org.apache.ratis.thirdparty.io.grpc.internal.SerializingExecutor.run(SerializingExecutor.java:133)
	at java.base/java.util.concurrent.ThreadPoolExecutor.runWorker(ThreadPoolExecutor.java:1128)
	at java.base/java.util.concurrent.ThreadPoolExecutor$Worker.run(ThreadPoolExecutor.java:628)
	at java.base/java.lang.Thread.run(Thread.java:829)
Caused by: java.util.concurrent.RejectedExecutionException: Task java.util.concurrent.CompletableFuture$AsyncSupply@70a575b1 rejected from java.util.concurrent.ThreadPoolExecutor@7cbe9dc4[Terminated, pool size = 0, active threads = 0, queued tasks = 0, completed tasks = 0]
	at java.base/jdk.internal.reflect.GeneratedConstructorAccessor11.newInstance(Unknown Source)
	at java.base/jdk.internal.reflect.DelegatingConstructorAccessorImpl.newInstance(DelegatingConstructorAccessorImpl.java:45)
	at java.base/java.lang.reflect.Constructor.newInstance(Constructor.java:490)
	at org.apache.ratis.util.ReflectionUtils.instantiateException(ReflectionUtils.java:259)
	at org.apache.ratis.grpc.GrpcUtil.tryUnwrapException(GrpcUtil.java:120)
	... 13 more
Caused by: org.apache.ratis.thirdparty.io.grpc.StatusRuntimeException: INTERNAL: Task java.util.concurrent.CompletableFuture$AsyncSupply@70a575b1 rejected from java.util.concurrent.ThreadPoolExecutor@7cbe9dc4[Terminated, pool size = 0, active threads = 0, queued tasks = 0, completed tasks = 0]
	at org.apache.ratis.thirdparty.io.grpc.Status.asRuntimeException(Status.java:535)
	... 10 more
	Suppressed: java.lang.IllegalStateException: Failed to cast to class java.io.IOException, object=java.util.concurrent.RejectedExecutionException: Task java.util.concurrent.CompletableFuture$AsyncSupply@70a575b1 rejected from java.util.concurrent.ThreadPoolExecutor@7cbe9dc4[Terminated, pool size = 0, active threads = 0, queued tasks = 0, completed tasks = 0]
	at java.base/java.util.concurrent.ThreadPoolExecutor$AbortPolicy.rejectedExecution(ThreadPoolExecutor.java:2055)
	at java.base/java.util.concurrent.ThreadPoolExecutor.reject(ThreadPoolExecutor.java:825)
	at java.base/java.util.concurrent.ThreadPoolExecutor.execute(ThreadPoolExecutor.java:1355)
	at java.base/java.util.concurrent.CompletableFuture.asyncSupplyStage(CompletableFuture.java:1714)
	at java.base/java.util.concurrent.CompletableFuture.supplyAsync(CompletableFuture.java:1931)
	at org.apache.ratis.server.impl.RaftServerImpl.executeSubmitServerRequestAsync(RaftServerImpl.java:812)
	at org.apache.ratis.server.impl.RaftServerProxy.lambda$appendEntriesAsync$27(RaftServerProxy.java:634)
	at java.base/java.util.concurrent.CompletableFuture.uniComposeStage(CompletableFuture.java:1106)
	at java.base/java.util.concurrent.CompletableFuture.thenCompose(CompletableFuture.java:2235)
	at org.apache.ratis.server.impl.RaftServerProxy.appendEntriesAsync(RaftServerProxy.java:634)
	at org.apache.ratis.grpc.server.GrpcServerProtocolService$1.process(GrpcServerProtocolService.java:219)
	at org.apache.ratis.grpc.server.GrpcServerProtocolService$1.process(GrpcServerProtocolService.java:216)
	at org.apache.ratis.grpc.server.GrpcServerProtocolService$ServerRequestStreamObserver.onNext(GrpcServerProtocolService.java:124)
	at org.apache.ratis.thirdparty.io.grpc.stub.ServerCalls$StreamingServerCallHandler$StreamingServerCallListener.onMessage(ServerCalls.java:262)
	at org.apache.ratis.thirdparty.io.grpc.ForwardingServerCallListener.onMessage(ForwardingServerCallListener.java:33)
	at org.apache.ratis.thirdparty.io.grpc.internal.ServerCallImpl$ServerStreamListenerImpl.messagesAvailableInternal(ServerCallImpl.java:332)
	at org.apache.ratis.thirdparty.io.grpc.internal.ServerCallImpl$ServerStreamListenerImpl.messagesAvailable(ServerCallImpl.java:315)
	at org.apache.ratis.thirdparty.io.grpc.internal.ServerImpl$JumpToApplicationThreadServerStreamListener$1MessagesAvailable.runInContext(ServerImpl.java:834)
	at org.apache.ratis.thirdparty.io.grpc.internal.ContextRunnable.run(ContextRunnable.java:37)
	at org.apache.ratis.thirdparty.io.grpc.internal.SerializingExecutor.run(SerializingExecutor.java:133)
	at java.base/java.util.concurrent.ThreadPoolExecutor.runWorker(ThreadPoolExecutor.java:1128)
	at java.base/java.util.concurrent.ThreadPoolExecutor$Worker.run(ThreadPoolExecutor.java:628)
	at java.base/java.lang.Thread.run(Thread.java:829)

		at org.apache.ratis.util.IOUtils.readObject(IOUtils.java:237)
		at org.apache.ratis.util.IOUtils.bytes2Object(IOUtils.java:214)
		at org.apache.ratis.grpc.GrpcUtil.tryUnwrapException(GrpcUtil.java:109)
		at org.apache.ratis.grpc.GrpcUtil.unwrapThrowable(GrpcUtil.java:82)
		at org.apache.ratis.grpc.GrpcUtil.warn(GrpcUtil.java:178)
		at org.apache.ratis.grpc.server.GrpcLogAppender$AppendLogResponseHandler.onError(GrpcLogAppender.java:405)
		... 10 more
	Caused by: java.lang.ClassCastException: Cannot cast java.util.concurrent.RejectedExecutionException to java.io.IOException
		at java.base/java.lang.Class.cast(Class.java:3605)
		at org.apache.ratis.util.IOUtils.readObject(IOUtils.java:234)
		... 15 more
2022-11-11 07:38:07,401 [grpc-default-executor-8] INFO  leader.FollowerInfo (FollowerInfoImpl.java:lambda$new$0(48)) - s2@group-DC0BCF2C7030->s1: nextIndex: updateUnconditionally 220 -> 139
2022-11-11 07:38:07,402 [s0-server-thread1] DEBUG raftlog.RaftLog (SegmentedRaftLog.java:appendImpl(446)) - truncateIndex=-1, arrayIndex=0
2022-11-11 07:38:07,402 [s0@group-DC0BCF2C7030-StateMachineUpdater] INFO  impl.SimpleStateMachine4Testing (SimpleStateMachine4Testing.java:put(205)) - s0: put 219, m107 -> (t:2, i:219), STATEMACHINELOGENTRY, 493@client-70D4234AB40A
2022-11-11 07:38:07,403 [grpc-default-executor-2] WARN  server.GrpcServerProtocolService (LogUtils.java:warn(124)) - s1: Failed APPEND_ENTRIES request s2->s1#150-t2,previous=(t:1, i:138),leaderCommit=219,initializing? true,entries: size=83, first=(t:2, i:139), CONFIGURATIONENTRY(current:id: "s0"
address: "localhost:38889"
dataStreamAddress: "localhost:44045"
clientAddress: "localhost:36221"
adminAddress: "localhost:33369"
startupRole: FOLLOWER
,id: "s1"
address: "localhost:33469"
dataStreamAddress: "localhost:41079"
clientAddress: "localhost:38107"
adminAddress: "localhost:35601"
startupRole: FOLLOWER
,id: "s2"
address: "localhost:39335"
dataStreamAddress: "localhost:40831"
clientAddress: "localhost:32863"
adminAddress: "localhost:35389"
startupRole: FOLLOWER
, old:)
java.util.concurrent.CompletionException: java.util.concurrent.RejectedExecutionException: Task java.util.concurrent.CompletableFuture$AsyncSupply@9bb9704 rejected from java.util.concurrent.ThreadPoolExecutor@7cbe9dc4[Terminated, pool size = 0, active threads = 0, queued tasks = 0, completed tasks = 0]
	at java.base/java.util.concurrent.CompletableFuture.encodeThrowable(CompletableFuture.java:314)
	at java.base/java.util.concurrent.CompletableFuture.uniComposeStage(CompletableFuture.java:1113)
	at java.base/java.util.concurrent.CompletableFuture.thenCompose(CompletableFuture.java:2235)
	at org.apache.ratis.server.impl.RaftServerProxy.appendEntriesAsync(RaftServerProxy.java:634)
	at org.apache.ratis.grpc.server.GrpcServerProtocolService$1.process(GrpcServerProtocolService.java:219)
	at org.apache.ratis.grpc.server.GrpcServerProtocolService$1.process(GrpcServerProtocolService.java:216)
	at org.apache.ratis.grpc.server.GrpcServerProtocolService$ServerRequestStreamObserver.onNext(GrpcServerProtocolService.java:124)
	at org.apache.ratis.thirdparty.io.grpc.stub.ServerCalls$StreamingServerCallHandler$StreamingServerCallListener.onMessage(ServerCalls.java:262)
	at org.apache.ratis.thirdparty.io.grpc.ForwardingServerCallListener.onMessage(ForwardingServerCallListener.java:33)
	at org.apache.ratis.thirdparty.io.grpc.internal.ServerCallImpl$ServerStreamListenerImpl.messagesAvailableInternal(ServerCallImpl.java:332)
	at org.apache.ratis.thirdparty.io.grpc.internal.ServerCallImpl$ServerStreamListenerImpl.messagesAvailable(ServerCallImpl.java:315)
	at org.apache.ratis.thirdparty.io.grpc.internal.ServerImpl$JumpToApplicationThreadServerStreamListener$1MessagesAvailable.runInContext(ServerImpl.java:834)
	at org.apache.ratis.thirdparty.io.grpc.internal.ContextRunnable.run(ContextRunnable.java:37)
	at org.apache.ratis.thirdparty.io.grpc.internal.SerializingExecutor.run(SerializingExecutor.java:133)
	at java.base/java.util.concurrent.ThreadPoolExecutor.runWorker(ThreadPoolExecutor.java:1128)
	at java.base/java.util.concurrent.ThreadPoolExecutor$Worker.run(ThreadPoolExecutor.java:628)
	at java.base/java.lang.Thread.run(Thread.java:829)
Caused by: java.util.concurrent.RejectedExecutionException: Task java.util.concurrent.CompletableFuture$AsyncSupply@9bb9704 rejected from java.util.concurrent.ThreadPoolExecutor@7cbe9dc4[Terminated, pool size = 0, active threads = 0, queued tasks = 0, completed tasks = 0]
	at java.base/java.util.concurrent.ThreadPoolExecutor$AbortPolicy.rejectedExecution(ThreadPoolExecutor.java:2055)
	at java.base/java.util.concurrent.ThreadPoolExecutor.reject(ThreadPoolExecutor.java:825)
	at java.base/java.util.concurrent.ThreadPoolExecutor.execute(ThreadPoolExecutor.java:1355)
	at java.base/java.util.concurrent.CompletableFuture.asyncSupplyStage(CompletableFuture.java:1714)
	at java.base/java.util.concurrent.CompletableFuture.supplyAsync(CompletableFuture.java:1931)
	at org.apache.ratis.server.impl.RaftServerImpl.executeSubmitServerRequestAsync(RaftServerImpl.java:812)
	at org.apache.ratis.server.impl.RaftServerProxy.lambda$appendEntriesAsync$27(RaftServerProxy.java:634)
	at java.base/java.util.concurrent.CompletableFuture.uniComposeStage(CompletableFuture.java:1106)
	... 15 more
2022-11-11 07:38:07,404 [s2@group-DC0BCF2C7030-StateMachineUpdater] INFO  impl.SimpleStateMachine4Testing (SimpleStateMachine4Testing.java:put(205)) - s2: put 221, m108 -> (t:2, i:221), STATEMACHINELOGENTRY, 494@client-70D4234AB40A
2022-11-11 07:38:07,405 [grpc-default-executor-8] WARN  server.GrpcLogAppender (LogUtils.java:warn(124)) - s2@group-DC0BCF2C7030->s1-AppendLogResponseHandler: Failed appendEntries
java.io.IOException: java.util.concurrent.RejectedExecutionException: Task java.util.concurrent.CompletableFuture$AsyncSupply@9bb9704 rejected from java.util.concurrent.ThreadPoolExecutor@7cbe9dc4[Terminated, pool size = 0, active threads = 0, queued tasks = 0, completed tasks = 0]
	at org.apache.ratis.util.IOUtils.asIOException(IOUtils.java:56)
	at org.apache.ratis.grpc.GrpcUtil.tryUnwrapException(GrpcUtil.java:121)
	at org.apache.ratis.grpc.GrpcUtil.unwrapThrowable(GrpcUtil.java:82)
	at org.apache.ratis.grpc.GrpcUtil.warn(GrpcUtil.java:178)
	at org.apache.ratis.grpc.server.GrpcLogAppender$AppendLogResponseHandler.onError(GrpcLogAppender.java:405)
	at org.apache.ratis.thirdparty.io.grpc.stub.ClientCalls$StreamObserverToCallListenerAdapter.onClose(ClientCalls.java:487)
	at org.apache.ratis.thirdparty.io.grpc.internal.ClientCallImpl.closeObserver(ClientCallImpl.java:562)
	at org.apache.ratis.thirdparty.io.grpc.internal.ClientCallImpl.access$300(ClientCallImpl.java:70)
	at org.apache.ratis.thirdparty.io.grpc.internal.ClientCallImpl$ClientStreamListenerImpl$1StreamClosed.runInternal(ClientCallImpl.java:743)
	at org.apache.ratis.thirdparty.io.grpc.internal.ClientCallImpl$ClientStreamListenerImpl$1StreamClosed.runInContext(ClientCallImpl.java:722)
	at org.apache.ratis.thirdparty.io.grpc.internal.ContextRunnable.run(ContextRunnable.java:37)
	at org.apache.ratis.thirdparty.io.grpc.internal.SerializingExecutor.run(SerializingExecutor.java:133)
	at java.base/java.util.concurrent.ThreadPoolExecutor.runWorker(ThreadPoolExecutor.java:1128)
	at java.base/java.util.concurrent.ThreadPoolExecutor$Worker.run(ThreadPoolExecutor.java:628)
	at java.base/java.lang.Thread.run(Thread.java:829)
Caused by: java.util.concurrent.RejectedExecutionException: Task java.util.concurrent.CompletableFuture$AsyncSupply@9bb9704 rejected from java.util.concurrent.ThreadPoolExecutor@7cbe9dc4[Terminated, pool size = 0, active threads = 0, queued tasks = 0, completed tasks = 0]
	at java.base/jdk.internal.reflect.GeneratedConstructorAccessor11.newInstance(Unknown Source)
	at java.base/jdk.internal.reflect.DelegatingConstructorAccessorImpl.newInstance(DelegatingConstructorAccessorImpl.java:45)
	at java.base/java.lang.reflect.Constructor.newInstance(Constructor.java:490)
	at org.apache.ratis.util.ReflectionUtils.instantiateException(ReflectionUtils.java:259)
	at org.apache.ratis.grpc.GrpcUtil.tryUnwrapException(GrpcUtil.java:120)
	... 13 more
Caused by: org.apache.ratis.thirdparty.io.grpc.StatusRuntimeException: INTERNAL: Task java.util.concurrent.CompletableFuture$AsyncSupply@9bb9704 rejected from java.util.concurrent.ThreadPoolExecutor@7cbe9dc4[Terminated, pool size = 0, active threads = 0, queued tasks = 0, completed tasks = 0]
	at org.apache.ratis.thirdparty.io.grpc.Status.asRuntimeException(Status.java:535)
	... 10 more
	Suppressed: java.lang.IllegalStateException: Failed to cast to class java.io.IOException, object=java.util.concurrent.RejectedExecutionException: Task java.util.concurrent.CompletableFuture$AsyncSupply@9bb9704 rejected from java.util.concurrent.ThreadPoolExecutor@7cbe9dc4[Terminated, pool size = 0, active threads = 0, queued tasks = 0, completed tasks = 0]
	at java.base/java.util.concurrent.ThreadPoolExecutor$AbortPolicy.rejectedExecution(ThreadPoolExecutor.java:2055)
	at java.base/java.util.concurrent.ThreadPoolExecutor.reject(ThreadPoolExecutor.java:825)
	at java.base/java.util.concurrent.ThreadPoolExecutor.execute(ThreadPoolExecutor.java:1355)
	at java.base/java.util.concurrent.CompletableFuture.asyncSupplyStage(CompletableFuture.java:1714)
	at java.base/java.util.concurrent.CompletableFuture.supplyAsync(CompletableFuture.java:1931)
	at org.apache.ratis.server.impl.RaftServerImpl.executeSubmitServerRequestAsync(RaftServerImpl.java:812)
	at org.apache.ratis.server.impl.RaftServerProxy.lambda$appendEntriesAsync$27(RaftServerProxy.java:634)
	at java.base/java.util.concurrent.CompletableFuture.uniComposeStage(CompletableFuture.java:1106)
	at java.base/java.util.concurrent.CompletableFuture.thenCompose(CompletableFuture.java:2235)
	at org.apache.ratis.server.impl.RaftServerProxy.appendEntriesAsync(RaftServerProxy.java:634)
	at org.apache.ratis.grpc.server.GrpcServerProtocolService$1.process(GrpcServerProtocolService.java:219)
	at org.apache.ratis.grpc.server.GrpcServerProtocolService$1.process(GrpcServerProtocolService.java:216)
	at org.apache.ratis.grpc.server.GrpcServerProtocolService$ServerRequestStreamObserver.onNext(GrpcServerProtocolService.java:124)
	at org.apache.ratis.thirdparty.io.grpc.stub.ServerCalls$StreamingServerCallHandler$StreamingServerCallListener.onMessage(ServerCalls.java:262)
	at org.apache.ratis.thirdparty.io.grpc.ForwardingServerCallListener.onMessage(ForwardingServerCallListener.java:33)
	at org.apache.ratis.thirdparty.io.grpc.internal.ServerCallImpl$ServerStreamListenerImpl.messagesAvailableInternal(ServerCallImpl.java:332)
	at org.apache.ratis.thirdparty.io.grpc.internal.ServerCallImpl$ServerStreamListenerImpl.messagesAvailable(ServerCallImpl.java:315)
	at org.apache.ratis.thirdparty.io.grpc.internal.ServerImpl$JumpToApplicationThreadServerStreamListener$1MessagesAvailable.runInContext(ServerImpl.java:834)
	at org.apache.ratis.thirdparty.io.grpc.internal.ContextRunnable.run(ContextRunnable.java:37)
	at org.apache.ratis.thirdparty.io.grpc.internal.SerializingExecutor.run(SerializingExecutor.java:133)
	at java.base/java.util.concurrent.ThreadPoolExecutor.runWorker(ThreadPoolExecutor.java:1128)
	at java.base/java.util.concurrent.ThreadPoolExecutor$Worker.run(ThreadPoolExecutor.java:628)
	at java.base/java.lang.Thread.run(Thread.java:829)

		at org.apache.ratis.util.IOUtils.readObject(IOUtils.java:237)
		at org.apache.ratis.util.IOUtils.bytes2Object(IOUtils.java:214)
		at org.apache.ratis.grpc.GrpcUtil.tryUnwrapException(GrpcUtil.java:109)
		at org.apache.ratis.grpc.GrpcUtil.unwrapThrowable(GrpcUtil.java:82)
		at org.apache.ratis.grpc.GrpcUtil.warn(GrpcUtil.java:178)
		at org.apache.ratis.grpc.server.GrpcLogAppender$AppendLogResponseHandler.onError(GrpcLogAppender.java:405)
		... 10 more
	Caused by: java.lang.ClassCastException: Cannot cast java.util.concurrent.RejectedExecutionException to java.io.IOException
		at java.base/java.lang.Class.cast(Class.java:3605)
		at org.apache.ratis.util.IOUtils.readObject(IOUtils.java:234)
		... 15 more
2022-11-11 07:38:07,406 [s0-server-thread2] DEBUG raftlog.RaftLog (SegmentedRaftLog.java:appendImpl(446)) - truncateIndex=-1, arrayIndex=0
2022-11-11 07:38:07,409 [grpc-default-executor-8] INFO  leader.FollowerInfo (FollowerInfoImpl.java:lambda$new$0(48)) - s2@group-DC0BCF2C7030->s1: nextIndex: updateUnconditionally 222 -> 139
2022-11-11 07:38:07,409 [s0-server-thread2] DEBUG raftlog.RaftLog (SegmentedRaftLog.java:appendImpl(446)) - truncateIndex=-1, arrayIndex=0
2022-11-11 07:38:07,410 [s0@group-DC0BCF2C7030-StateMachineUpdater] INFO  impl.SimpleStateMachine4Testing (SimpleStateMachine4Testing.java:put(205)) - s0: put 221, m108 -> (t:2, i:221), STATEMACHINELOGENTRY, 494@client-70D4234AB40A
2022-11-11 07:38:07,411 [s2@group-DC0BCF2C7030-StateMachineUpdater] INFO  impl.SimpleStateMachine4Testing (SimpleStateMachine4Testing.java:put(205)) - s2: put 223, m109 -> (t:2, i:223), STATEMACHINELOGENTRY, 495@client-70D4234AB40A
2022-11-11 07:38:07,412 [grpc-default-executor-4] WARN  server.GrpcServerProtocolService (LogUtils.java:warn(124)) - s1: Failed APPEND_ENTRIES request s2->s1#154-t2,previous=(t:1, i:138),leaderCommit=222,initializing? true,entries: size=85, first=(t:2, i:139), CONFIGURATIONENTRY(current:id: "s0"
address: "localhost:38889"
dataStreamAddress: "localhost:44045"
clientAddress: "localhost:36221"
adminAddress: "localhost:33369"
startupRole: FOLLOWER
,id: "s1"
address: "localhost:33469"
dataStreamAddress: "localhost:41079"
clientAddress: "localhost:38107"
adminAddress: "localhost:35601"
startupRole: FOLLOWER
,id: "s2"
address: "localhost:39335"
dataStreamAddress: "localhost:40831"
clientAddress: "localhost:32863"
adminAddress: "localhost:35389"
startupRole: FOLLOWER
, old:)
java.util.concurrent.CompletionException: java.util.concurrent.RejectedExecutionException: Task java.util.concurrent.CompletableFuture$AsyncSupply@4b5aada9 rejected from java.util.concurrent.ThreadPoolExecutor@7cbe9dc4[Terminated, pool size = 0, active threads = 0, queued tasks = 0, completed tasks = 0]
	at java.base/java.util.concurrent.CompletableFuture.encodeThrowable(CompletableFuture.java:314)
	at java.base/java.util.concurrent.CompletableFuture.uniComposeStage(CompletableFuture.java:1113)
	at java.base/java.util.concurrent.CompletableFuture.thenCompose(CompletableFuture.java:2235)
	at org.apache.ratis.server.impl.RaftServerProxy.appendEntriesAsync(RaftServerProxy.java:634)
	at org.apache.ratis.grpc.server.GrpcServerProtocolService$1.process(GrpcServerProtocolService.java:219)
	at org.apache.ratis.grpc.server.GrpcServerProtocolService$1.process(GrpcServerProtocolService.java:216)
	at org.apache.ratis.grpc.server.GrpcServerProtocolService$ServerRequestStreamObserver.onNext(GrpcServerProtocolService.java:124)
	at org.apache.ratis.thirdparty.io.grpc.stub.ServerCalls$StreamingServerCallHandler$StreamingServerCallListener.onMessage(ServerCalls.java:262)
	at org.apache.ratis.thirdparty.io.grpc.ForwardingServerCallListener.onMessage(ForwardingServerCallListener.java:33)
	at org.apache.ratis.thirdparty.io.grpc.internal.ServerCallImpl$ServerStreamListenerImpl.messagesAvailableInternal(ServerCallImpl.java:332)
	at org.apache.ratis.thirdparty.io.grpc.internal.ServerCallImpl$ServerStreamListenerImpl.messagesAvailable(ServerCallImpl.java:315)
	at org.apache.ratis.thirdparty.io.grpc.internal.ServerImpl$JumpToApplicationThreadServerStreamListener$1MessagesAvailable.runInContext(ServerImpl.java:834)
	at org.apache.ratis.thirdparty.io.grpc.internal.ContextRunnable.run(ContextRunnable.java:37)
	at org.apache.ratis.thirdparty.io.grpc.internal.SerializingExecutor.run(SerializingExecutor.java:133)
	at java.base/java.util.concurrent.ThreadPoolExecutor.runWorker(ThreadPoolExecutor.java:1128)
	at java.base/java.util.concurrent.ThreadPoolExecutor$Worker.run(ThreadPoolExecutor.java:628)
	at java.base/java.lang.Thread.run(Thread.java:829)
Caused by: java.util.concurrent.RejectedExecutionException: Task java.util.concurrent.CompletableFuture$AsyncSupply@4b5aada9 rejected from java.util.concurrent.ThreadPoolExecutor@7cbe9dc4[Terminated, pool size = 0, active threads = 0, queued tasks = 0, completed tasks = 0]
	at java.base/java.util.concurrent.ThreadPoolExecutor$AbortPolicy.rejectedExecution(ThreadPoolExecutor.java:2055)
	at java.base/java.util.concurrent.ThreadPoolExecutor.reject(ThreadPoolExecutor.java:825)
	at java.base/java.util.concurrent.ThreadPoolExecutor.execute(ThreadPoolExecutor.java:1355)
	at java.base/java.util.concurrent.CompletableFuture.asyncSupplyStage(CompletableFuture.java:1714)
	at java.base/java.util.concurrent.CompletableFuture.supplyAsync(CompletableFuture.java:1931)
	at org.apache.ratis.server.impl.RaftServerImpl.executeSubmitServerRequestAsync(RaftServerImpl.java:812)
	at org.apache.ratis.server.impl.RaftServerProxy.lambda$appendEntriesAsync$27(RaftServerProxy.java:634)
	at java.base/java.util.concurrent.CompletableFuture.uniComposeStage(CompletableFuture.java:1106)
	... 15 more
2022-11-11 07:38:07,413 [s0-server-thread2] DEBUG raftlog.RaftLog (SegmentedRaftLog.java:appendImpl(446)) - truncateIndex=-1, arrayIndex=0
2022-11-11 07:38:07,414 [s0@group-DC0BCF2C7030-StateMachineUpdater] INFO  impl.SimpleStateMachine4Testing (SimpleStateMachine4Testing.java:put(205)) - s0: put 223, m109 -> (t:2, i:223), STATEMACHINELOGENTRY, 495@client-70D4234AB40A
2022-11-11 07:38:07,415 [grpc-default-executor-8] WARN  server.GrpcLogAppender (LogUtils.java:warn(124)) - s2@group-DC0BCF2C7030->s1-AppendLogResponseHandler: Failed appendEntries
java.io.IOException: java.util.concurrent.RejectedExecutionException: Task java.util.concurrent.CompletableFuture$AsyncSupply@4b5aada9 rejected from java.util.concurrent.ThreadPoolExecutor@7cbe9dc4[Terminated, pool size = 0, active threads = 0, queued tasks = 0, completed tasks = 0]
	at org.apache.ratis.util.IOUtils.asIOException(IOUtils.java:56)
	at org.apache.ratis.grpc.GrpcUtil.tryUnwrapException(GrpcUtil.java:121)
	at org.apache.ratis.grpc.GrpcUtil.unwrapThrowable(GrpcUtil.java:82)
	at org.apache.ratis.grpc.GrpcUtil.warn(GrpcUtil.java:178)
	at org.apache.ratis.grpc.server.GrpcLogAppender$AppendLogResponseHandler.onError(GrpcLogAppender.java:405)
	at org.apache.ratis.thirdparty.io.grpc.stub.ClientCalls$StreamObserverToCallListenerAdapter.onClose(ClientCalls.java:487)
	at org.apache.ratis.thirdparty.io.grpc.internal.ClientCallImpl.closeObserver(ClientCallImpl.java:562)
	at org.apache.ratis.thirdparty.io.grpc.internal.ClientCallImpl.access$300(ClientCallImpl.java:70)
	at org.apache.ratis.thirdparty.io.grpc.internal.ClientCallImpl$ClientStreamListenerImpl$1StreamClosed.runInternal(ClientCallImpl.java:743)
	at org.apache.ratis.thirdparty.io.grpc.internal.ClientCallImpl$ClientStreamListenerImpl$1StreamClosed.runInContext(ClientCallImpl.java:722)
	at org.apache.ratis.thirdparty.io.grpc.internal.ContextRunnable.run(ContextRunnable.java:37)
	at org.apache.ratis.thirdparty.io.grpc.internal.SerializingExecutor.run(SerializingExecutor.java:133)
	at java.base/java.util.concurrent.ThreadPoolExecutor.runWorker(ThreadPoolExecutor.java:1128)
	at java.base/java.util.concurrent.ThreadPoolExecutor$Worker.run(ThreadPoolExecutor.java:628)
	at java.base/java.lang.Thread.run(Thread.java:829)
Caused by: java.util.concurrent.RejectedExecutionException: Task java.util.concurrent.CompletableFuture$AsyncSupply@4b5aada9 rejected from java.util.concurrent.ThreadPoolExecutor@7cbe9dc4[Terminated, pool size = 0, active threads = 0, queued tasks = 0, completed tasks = 0]
	at java.base/jdk.internal.reflect.GeneratedConstructorAccessor11.newInstance(Unknown Source)
	at java.base/jdk.internal.reflect.DelegatingConstructorAccessorImpl.newInstance(DelegatingConstructorAccessorImpl.java:45)
	at java.base/java.lang.reflect.Constructor.newInstance(Constructor.java:490)
	at org.apache.ratis.util.ReflectionUtils.instantiateException(ReflectionUtils.java:259)
	at org.apache.ratis.grpc.GrpcUtil.tryUnwrapException(GrpcUtil.java:120)
	... 13 more
Caused by: org.apache.ratis.thirdparty.io.grpc.StatusRuntimeException: INTERNAL: Task java.util.concurrent.CompletableFuture$AsyncSupply@4b5aada9 rejected from java.util.concurrent.ThreadPoolExecutor@7cbe9dc4[Terminated, pool size = 0, active threads = 0, queued tasks = 0, completed tasks = 0]
	at org.apache.ratis.thirdparty.io.grpc.Status.asRuntimeException(Status.java:535)
	... 10 more
	Suppressed: java.lang.IllegalStateException: Failed to cast to class java.io.IOException, object=java.util.concurrent.RejectedExecutionException: Task java.util.concurrent.CompletableFuture$AsyncSupply@4b5aada9 rejected from java.util.concurrent.ThreadPoolExecutor@7cbe9dc4[Terminated, pool size = 0, active threads = 0, queued tasks = 0, completed tasks = 0]
	at java.base/java.util.concurrent.ThreadPoolExecutor$AbortPolicy.rejectedExecution(ThreadPoolExecutor.java:2055)
	at java.base/java.util.concurrent.ThreadPoolExecutor.reject(ThreadPoolExecutor.java:825)
	at java.base/java.util.concurrent.ThreadPoolExecutor.execute(ThreadPoolExecutor.java:1355)
	at java.base/java.util.concurrent.CompletableFuture.asyncSupplyStage(CompletableFuture.java:1714)
	at java.base/java.util.concurrent.CompletableFuture.supplyAsync(CompletableFuture.java:1931)
	at org.apache.ratis.server.impl.RaftServerImpl.executeSubmitServerRequestAsync(RaftServerImpl.java:812)
	at org.apache.ratis.server.impl.RaftServerProxy.lambda$appendEntriesAsync$27(RaftServerProxy.java:634)
	at java.base/java.util.concurrent.CompletableFuture.uniComposeStage(CompletableFuture.java:1106)
	at java.base/java.util.concurrent.CompletableFuture.thenCompose(CompletableFuture.java:2235)
	at org.apache.ratis.server.impl.RaftServerProxy.appendEntriesAsync(RaftServerProxy.java:634)
	at org.apache.ratis.grpc.server.GrpcServerProtocolService$1.process(GrpcServerProtocolService.java:219)
	at org.apache.ratis.grpc.server.GrpcServerProtocolService$1.process(GrpcServerProtocolService.java:216)
	at org.apache.ratis.grpc.server.GrpcServerProtocolService$ServerRequestStreamObserver.onNext(GrpcServerProtocolService.java:124)
	at org.apache.ratis.thirdparty.io.grpc.stub.ServerCalls$StreamingServerCallHandler$StreamingServerCallListener.onMessage(ServerCalls.java:262)
	at org.apache.ratis.thirdparty.io.grpc.ForwardingServerCallListener.onMessage(ForwardingServerCallListener.java:33)
	at org.apache.ratis.thirdparty.io.grpc.internal.ServerCallImpl$ServerStreamListenerImpl.messagesAvailableInternal(ServerCallImpl.java:332)
	at org.apache.ratis.thirdparty.io.grpc.internal.ServerCallImpl$ServerStreamListenerImpl.messagesAvailable(ServerCallImpl.java:315)
	at org.apache.ratis.thirdparty.io.grpc.internal.ServerImpl$JumpToApplicationThreadServerStreamListener$1MessagesAvailable.runInContext(ServerImpl.java:834)
	at org.apache.ratis.thirdparty.io.grpc.internal.ContextRunnable.run(ContextRunnable.java:37)
	at org.apache.ratis.thirdparty.io.grpc.internal.SerializingExecutor.run(SerializingExecutor.java:133)
	at java.base/java.util.concurrent.ThreadPoolExecutor.runWorker(ThreadPoolExecutor.java:1128)
	at java.base/java.util.concurrent.ThreadPoolExecutor$Worker.run(ThreadPoolExecutor.java:628)
	at java.base/java.lang.Thread.run(Thread.java:829)

		at org.apache.ratis.util.IOUtils.readObject(IOUtils.java:237)
		at org.apache.ratis.util.IOUtils.bytes2Object(IOUtils.java:214)
		at org.apache.ratis.grpc.GrpcUtil.tryUnwrapException(GrpcUtil.java:109)
		at org.apache.ratis.grpc.GrpcUtil.unwrapThrowable(GrpcUtil.java:82)
		at org.apache.ratis.grpc.GrpcUtil.warn(GrpcUtil.java:178)
		at org.apache.ratis.grpc.server.GrpcLogAppender$AppendLogResponseHandler.onError(GrpcLogAppender.java:405)
		... 10 more
	Caused by: java.lang.ClassCastException: Cannot cast java.util.concurrent.RejectedExecutionException to java.io.IOException
		at java.base/java.lang.Class.cast(Class.java:3605)
		at org.apache.ratis.util.IOUtils.readObject(IOUtils.java:234)
		... 15 more
2022-11-11 07:38:07,418 [s0-server-thread2] DEBUG raftlog.RaftLog (SegmentedRaftLog.java:appendImpl(446)) - truncateIndex=-1, arrayIndex=0
2022-11-11 07:38:07,418 [grpc-default-executor-8] INFO  leader.FollowerInfo (FollowerInfoImpl.java:lambda$new$0(48)) - s2@group-DC0BCF2C7030->s1: nextIndex: updateUnconditionally 224 -> 139
2022-11-11 07:38:07,419 [s2@group-DC0BCF2C7030-StateMachineUpdater] INFO  impl.SimpleStateMachine4Testing (SimpleStateMachine4Testing.java:put(205)) - s2: put 225, m110 -> (t:2, i:225), STATEMACHINELOGENTRY, 496@client-70D4234AB40A
2022-11-11 07:38:07,420 [grpc-default-executor-2] WARN  server.GrpcServerProtocolService (LogUtils.java:warn(124)) - s1: Failed APPEND_ENTRIES request s2->s1#158-t2,previous=(t:1, i:138),leaderCommit=224,initializing? true,entries: size=87, first=(t:2, i:139), CONFIGURATIONENTRY(current:id: "s0"
address: "localhost:38889"
dataStreamAddress: "localhost:44045"
clientAddress: "localhost:36221"
adminAddress: "localhost:33369"
startupRole: FOLLOWER
,id: "s1"
address: "localhost:33469"
dataStreamAddress: "localhost:41079"
clientAddress: "localhost:38107"
adminAddress: "localhost:35601"
startupRole: FOLLOWER
,id: "s2"
address: "localhost:39335"
dataStreamAddress: "localhost:40831"
clientAddress: "localhost:32863"
adminAddress: "localhost:35389"
startupRole: FOLLOWER
, old:)
java.util.concurrent.CompletionException: java.util.concurrent.RejectedExecutionException: Task java.util.concurrent.CompletableFuture$AsyncSupply@6be470f rejected from java.util.concurrent.ThreadPoolExecutor@7cbe9dc4[Terminated, pool size = 0, active threads = 0, queued tasks = 0, completed tasks = 0]
	at java.base/java.util.concurrent.CompletableFuture.encodeThrowable(CompletableFuture.java:314)
	at java.base/java.util.concurrent.CompletableFuture.uniComposeStage(CompletableFuture.java:1113)
	at java.base/java.util.concurrent.CompletableFuture.thenCompose(CompletableFuture.java:2235)
	at org.apache.ratis.server.impl.RaftServerProxy.appendEntriesAsync(RaftServerProxy.java:634)
	at org.apache.ratis.grpc.server.GrpcServerProtocolService$1.process(GrpcServerProtocolService.java:219)
	at org.apache.ratis.grpc.server.GrpcServerProtocolService$1.process(GrpcServerProtocolService.java:216)
	at org.apache.ratis.grpc.server.GrpcServerProtocolService$ServerRequestStreamObserver.onNext(GrpcServerProtocolService.java:124)
	at org.apache.ratis.thirdparty.io.grpc.stub.ServerCalls$StreamingServerCallHandler$StreamingServerCallListener.onMessage(ServerCalls.java:262)
	at org.apache.ratis.thirdparty.io.grpc.ForwardingServerCallListener.onMessage(ForwardingServerCallListener.java:33)
	at org.apache.ratis.thirdparty.io.grpc.internal.ServerCallImpl$ServerStreamListenerImpl.messagesAvailableInternal(ServerCallImpl.java:332)
	at org.apache.ratis.thirdparty.io.grpc.internal.ServerCallImpl$ServerStreamListenerImpl.messagesAvailable(ServerCallImpl.java:315)
	at org.apache.ratis.thirdparty.io.grpc.internal.ServerImpl$JumpToApplicationThreadServerStreamListener$1MessagesAvailable.runInContext(ServerImpl.java:834)
	at org.apache.ratis.thirdparty.io.grpc.internal.ContextRunnable.run(ContextRunnable.java:37)
	at org.apache.ratis.thirdparty.io.grpc.internal.SerializingExecutor.run(SerializingExecutor.java:133)
	at java.base/java.util.concurrent.ThreadPoolExecutor.runWorker(ThreadPoolExecutor.java:1128)
	at java.base/java.util.concurrent.ThreadPoolExecutor$Worker.run(ThreadPoolExecutor.java:628)
	at java.base/java.lang.Thread.run(Thread.java:829)
Caused by: java.util.concurrent.RejectedExecutionException: Task java.util.concurrent.CompletableFuture$AsyncSupply@6be470f rejected from java.util.concurrent.ThreadPoolExecutor@7cbe9dc4[Terminated, pool size = 0, active threads = 0, queued tasks = 0, completed tasks = 0]
	at java.base/java.util.concurrent.ThreadPoolExecutor$AbortPolicy.rejectedExecution(ThreadPoolExecutor.java:2055)
	at java.base/java.util.concurrent.ThreadPoolExecutor.reject(ThreadPoolExecutor.java:825)
	at java.base/java.util.concurrent.ThreadPoolExecutor.execute(ThreadPoolExecutor.java:1355)
	at java.base/java.util.concurrent.CompletableFuture.asyncSupplyStage(CompletableFuture.java:1714)
	at java.base/java.util.concurrent.CompletableFuture.supplyAsync(CompletableFuture.java:1931)
	at org.apache.ratis.server.impl.RaftServerImpl.executeSubmitServerRequestAsync(RaftServerImpl.java:812)
	at org.apache.ratis.server.impl.RaftServerProxy.lambda$appendEntriesAsync$27(RaftServerProxy.java:634)
	at java.base/java.util.concurrent.CompletableFuture.uniComposeStage(CompletableFuture.java:1106)
	... 15 more
2022-11-11 07:38:07,421 [s0-server-thread2] DEBUG raftlog.RaftLog (SegmentedRaftLog.java:appendImpl(446)) - truncateIndex=-1, arrayIndex=0
2022-11-11 07:38:07,422 [s0@group-DC0BCF2C7030-StateMachineUpdater] INFO  impl.SimpleStateMachine4Testing (SimpleStateMachine4Testing.java:put(205)) - s0: put 225, m110 -> (t:2, i:225), STATEMACHINELOGENTRY, 496@client-70D4234AB40A
2022-11-11 07:38:07,423 [grpc-default-executor-8] WARN  server.GrpcLogAppender (LogUtils.java:warn(124)) - s2@group-DC0BCF2C7030->s1-AppendLogResponseHandler: Failed appendEntries
java.io.IOException: java.util.concurrent.RejectedExecutionException: Task java.util.concurrent.CompletableFuture$AsyncSupply@6be470f rejected from java.util.concurrent.ThreadPoolExecutor@7cbe9dc4[Terminated, pool size = 0, active threads = 0, queued tasks = 0, completed tasks = 0]
	at org.apache.ratis.util.IOUtils.asIOException(IOUtils.java:56)
	at org.apache.ratis.grpc.GrpcUtil.tryUnwrapException(GrpcUtil.java:121)
	at org.apache.ratis.grpc.GrpcUtil.unwrapThrowable(GrpcUtil.java:82)
	at org.apache.ratis.grpc.GrpcUtil.warn(GrpcUtil.java:178)
	at org.apache.ratis.grpc.server.GrpcLogAppender$AppendLogResponseHandler.onError(GrpcLogAppender.java:405)
	at org.apache.ratis.thirdparty.io.grpc.stub.ClientCalls$StreamObserverToCallListenerAdapter.onClose(ClientCalls.java:487)
	at org.apache.ratis.thirdparty.io.grpc.internal.ClientCallImpl.closeObserver(ClientCallImpl.java:562)
	at org.apache.ratis.thirdparty.io.grpc.internal.ClientCallImpl.access$300(ClientCallImpl.java:70)
	at org.apache.ratis.thirdparty.io.grpc.internal.ClientCallImpl$ClientStreamListenerImpl$1StreamClosed.runInternal(ClientCallImpl.java:743)
	at org.apache.ratis.thirdparty.io.grpc.internal.ClientCallImpl$ClientStreamListenerImpl$1StreamClosed.runInContext(ClientCallImpl.java:722)
	at org.apache.ratis.thirdparty.io.grpc.internal.ContextRunnable.run(ContextRunnable.java:37)
	at org.apache.ratis.thirdparty.io.grpc.internal.SerializingExecutor.run(SerializingExecutor.java:133)
	at java.base/java.util.concurrent.ThreadPoolExecutor.runWorker(ThreadPoolExecutor.java:1128)
	at java.base/java.util.concurrent.ThreadPoolExecutor$Worker.run(ThreadPoolExecutor.java:628)
	at java.base/java.lang.Thread.run(Thread.java:829)
Caused by: java.util.concurrent.RejectedExecutionException: Task java.util.concurrent.CompletableFuture$AsyncSupply@6be470f rejected from java.util.concurrent.ThreadPoolExecutor@7cbe9dc4[Terminated, pool size = 0, active threads = 0, queued tasks = 0, completed tasks = 0]
	at java.base/jdk.internal.reflect.GeneratedConstructorAccessor11.newInstance(Unknown Source)
	at java.base/jdk.internal.reflect.DelegatingConstructorAccessorImpl.newInstance(DelegatingConstructorAccessorImpl.java:45)
	at java.base/java.lang.reflect.Constructor.newInstance(Constructor.java:490)
	at org.apache.ratis.util.ReflectionUtils.instantiateException(ReflectionUtils.java:259)
	at org.apache.ratis.grpc.GrpcUtil.tryUnwrapException(GrpcUtil.java:120)
	... 13 more
Caused by: org.apache.ratis.thirdparty.io.grpc.StatusRuntimeException: INTERNAL: Task java.util.concurrent.CompletableFuture$AsyncSupply@6be470f rejected from java.util.concurrent.ThreadPoolExecutor@7cbe9dc4[Terminated, pool size = 0, active threads = 0, queued tasks = 0, completed tasks = 0]
	at org.apache.ratis.thirdparty.io.grpc.Status.asRuntimeException(Status.java:535)
	... 10 more
	Suppressed: java.lang.IllegalStateException: Failed to cast to class java.io.IOException, object=java.util.concurrent.RejectedExecutionException: Task java.util.concurrent.CompletableFuture$AsyncSupply@6be470f rejected from java.util.concurrent.ThreadPoolExecutor@7cbe9dc4[Terminated, pool size = 0, active threads = 0, queued tasks = 0, completed tasks = 0]
	at java.base/java.util.concurrent.ThreadPoolExecutor$AbortPolicy.rejectedExecution(ThreadPoolExecutor.java:2055)
	at java.base/java.util.concurrent.ThreadPoolExecutor.reject(ThreadPoolExecutor.java:825)
	at java.base/java.util.concurrent.ThreadPoolExecutor.execute(ThreadPoolExecutor.java:1355)
	at java.base/java.util.concurrent.CompletableFuture.asyncSupplyStage(CompletableFuture.java:1714)
	at java.base/java.util.concurrent.CompletableFuture.supplyAsync(CompletableFuture.java:1931)
	at org.apache.ratis.server.impl.RaftServerImpl.executeSubmitServerRequestAsync(RaftServerImpl.java:812)
	at org.apache.ratis.server.impl.RaftServerProxy.lambda$appendEntriesAsync$27(RaftServerProxy.java:634)
	at java.base/java.util.concurrent.CompletableFuture.uniComposeStage(CompletableFuture.java:1106)
	at java.base/java.util.concurrent.CompletableFuture.thenCompose(CompletableFuture.java:2235)
	at org.apache.ratis.server.impl.RaftServerProxy.appendEntriesAsync(RaftServerProxy.java:634)
	at org.apache.ratis.grpc.server.GrpcServerProtocolService$1.process(GrpcServerProtocolService.java:219)
	at org.apache.ratis.grpc.server.GrpcServerProtocolService$1.process(GrpcServerProtocolService.java:216)
	at org.apache.ratis.grpc.server.GrpcServerProtocolService$ServerRequestStreamObserver.onNext(GrpcServerProtocolService.java:124)
	at org.apache.ratis.thirdparty.io.grpc.stub.ServerCalls$StreamingServerCallHandler$StreamingServerCallListener.onMessage(ServerCalls.java:262)
	at org.apache.ratis.thirdparty.io.grpc.ForwardingServerCallListener.onMessage(ForwardingServerCallListener.java:33)
	at org.apache.ratis.thirdparty.io.grpc.internal.ServerCallImpl$ServerStreamListenerImpl.messagesAvailableInternal(ServerCallImpl.java:332)
	at org.apache.ratis.thirdparty.io.grpc.internal.ServerCallImpl$ServerStreamListenerImpl.messagesAvailable(ServerCallImpl.java:315)
	at org.apache.ratis.thirdparty.io.grpc.internal.ServerImpl$JumpToApplicationThreadServerStreamListener$1MessagesAvailable.runInContext(ServerImpl.java:834)
	at org.apache.ratis.thirdparty.io.grpc.internal.ContextRunnable.run(ContextRunnable.java:37)
	at org.apache.ratis.thirdparty.io.grpc.internal.SerializingExecutor.run(SerializingExecutor.java:133)
	at java.base/java.util.concurrent.ThreadPoolExecutor.runWorker(ThreadPoolExecutor.java:1128)
	at java.base/java.util.concurrent.ThreadPoolExecutor$Worker.run(ThreadPoolExecutor.java:628)
	at java.base/java.lang.Thread.run(Thread.java:829)

		at org.apache.ratis.util.IOUtils.readObject(IOUtils.java:237)
		at org.apache.ratis.util.IOUtils.bytes2Object(IOUtils.java:214)
		at org.apache.ratis.grpc.GrpcUtil.tryUnwrapException(GrpcUtil.java:109)
		at org.apache.ratis.grpc.GrpcUtil.unwrapThrowable(GrpcUtil.java:82)
		at org.apache.ratis.grpc.GrpcUtil.warn(GrpcUtil.java:178)
		at org.apache.ratis.grpc.server.GrpcLogAppender$AppendLogResponseHandler.onError(GrpcLogAppender.java:405)
		... 10 more
	Caused by: java.lang.ClassCastException: Cannot cast java.util.concurrent.RejectedExecutionException to java.io.IOException
		at java.base/java.lang.Class.cast(Class.java:3605)
		at org.apache.ratis.util.IOUtils.readObject(IOUtils.java:234)
		... 15 more
2022-11-11 07:38:07,423 [s0-server-thread2] DEBUG raftlog.RaftLog (SegmentedRaftLog.java:appendImpl(446)) - truncateIndex=-1, arrayIndex=0
2022-11-11 07:38:07,424 [grpc-default-executor-8] INFO  leader.FollowerInfo (FollowerInfoImpl.java:lambda$new$0(48)) - s2@group-DC0BCF2C7030->s1: nextIndex: updateUnconditionally 226 -> 139
2022-11-11 07:38:07,425 [s2@group-DC0BCF2C7030-StateMachineUpdater] INFO  impl.SimpleStateMachine4Testing (SimpleStateMachine4Testing.java:put(205)) - s2: put 227, m111 -> (t:2, i:227), STATEMACHINELOGENTRY, 497@client-70D4234AB40A
2022-11-11 07:38:07,426 [grpc-default-executor-4] WARN  server.GrpcServerProtocolService (LogUtils.java:warn(124)) - s1: Failed APPEND_ENTRIES request s2->s1#163-t2,previous=(t:1, i:138),leaderCommit=226,initializing? true,entries: size=89, first=(t:2, i:139), CONFIGURATIONENTRY(current:id: "s0"
address: "localhost:38889"
dataStreamAddress: "localhost:44045"
clientAddress: "localhost:36221"
adminAddress: "localhost:33369"
startupRole: FOLLOWER
,id: "s1"
address: "localhost:33469"
dataStreamAddress: "localhost:41079"
clientAddress: "localhost:38107"
adminAddress: "localhost:35601"
startupRole: FOLLOWER
,id: "s2"
address: "localhost:39335"
dataStreamAddress: "localhost:40831"
clientAddress: "localhost:32863"
adminAddress: "localhost:35389"
startupRole: FOLLOWER
, old:)
java.util.concurrent.CompletionException: java.util.concurrent.RejectedExecutionException: Task java.util.concurrent.CompletableFuture$AsyncSupply@52bcc9e9 rejected from java.util.concurrent.ThreadPoolExecutor@7cbe9dc4[Terminated, pool size = 0, active threads = 0, queued tasks = 0, completed tasks = 0]
	at java.base/java.util.concurrent.CompletableFuture.encodeThrowable(CompletableFuture.java:314)
	at java.base/java.util.concurrent.CompletableFuture.uniComposeStage(CompletableFuture.java:1113)
	at java.base/java.util.concurrent.CompletableFuture.thenCompose(CompletableFuture.java:2235)
	at org.apache.ratis.server.impl.RaftServerProxy.appendEntriesAsync(RaftServerProxy.java:634)
	at org.apache.ratis.grpc.server.GrpcServerProtocolService$1.process(GrpcServerProtocolService.java:219)
	at org.apache.ratis.grpc.server.GrpcServerProtocolService$1.process(GrpcServerProtocolService.java:216)
	at org.apache.ratis.grpc.server.GrpcServerProtocolService$ServerRequestStreamObserver.onNext(GrpcServerProtocolService.java:124)
	at org.apache.ratis.thirdparty.io.grpc.stub.ServerCalls$StreamingServerCallHandler$StreamingServerCallListener.onMessage(ServerCalls.java:262)
	at org.apache.ratis.thirdparty.io.grpc.ForwardingServerCallListener.onMessage(ForwardingServerCallListener.java:33)
	at org.apache.ratis.thirdparty.io.grpc.internal.ServerCallImpl$ServerStreamListenerImpl.messagesAvailableInternal(ServerCallImpl.java:332)
	at org.apache.ratis.thirdparty.io.grpc.internal.ServerCallImpl$ServerStreamListenerImpl.messagesAvailable(ServerCallImpl.java:315)
	at org.apache.ratis.thirdparty.io.grpc.internal.ServerImpl$JumpToApplicationThreadServerStreamListener$1MessagesAvailable.runInContext(ServerImpl.java:834)
	at org.apache.ratis.thirdparty.io.grpc.internal.ContextRunnable.run(ContextRunnable.java:37)
	at org.apache.ratis.thirdparty.io.grpc.internal.SerializingExecutor.run(SerializingExecutor.java:133)
	at java.base/java.util.concurrent.ThreadPoolExecutor.runWorker(ThreadPoolExecutor.java:1128)
	at java.base/java.util.concurrent.ThreadPoolExecutor$Worker.run(ThreadPoolExecutor.java:628)
	at java.base/java.lang.Thread.run(Thread.java:829)
Caused by: java.util.concurrent.RejectedExecutionException: Task java.util.concurrent.CompletableFuture$AsyncSupply@52bcc9e9 rejected from java.util.concurrent.ThreadPoolExecutor@7cbe9dc4[Terminated, pool size = 0, active threads = 0, queued tasks = 0, completed tasks = 0]
	at java.base/java.util.concurrent.ThreadPoolExecutor$AbortPolicy.rejectedExecution(ThreadPoolExecutor.java:2055)
	at java.base/java.util.concurrent.ThreadPoolExecutor.reject(ThreadPoolExecutor.java:825)
	at java.base/java.util.concurrent.ThreadPoolExecutor.execute(ThreadPoolExecutor.java:1355)
	at java.base/java.util.concurrent.CompletableFuture.asyncSupplyStage(CompletableFuture.java:1714)
	at java.base/java.util.concurrent.CompletableFuture.supplyAsync(CompletableFuture.java:1931)
	at org.apache.ratis.server.impl.RaftServerImpl.executeSubmitServerRequestAsync(RaftServerImpl.java:812)
	at org.apache.ratis.server.impl.RaftServerProxy.lambda$appendEntriesAsync$27(RaftServerProxy.java:634)
	at java.base/java.util.concurrent.CompletableFuture.uniComposeStage(CompletableFuture.java:1106)
	... 15 more
2022-11-11 07:38:07,428 [s0-server-thread2] DEBUG raftlog.RaftLog (SegmentedRaftLog.java:appendImpl(446)) - truncateIndex=-1, arrayIndex=0
2022-11-11 07:38:07,428 [grpc-default-executor-6] WARN  server.GrpcLogAppender (LogUtils.java:warn(124)) - s2@group-DC0BCF2C7030->s1-AppendLogResponseHandler: Failed appendEntries
java.io.IOException: java.util.concurrent.RejectedExecutionException: Task java.util.concurrent.CompletableFuture$AsyncSupply@52bcc9e9 rejected from java.util.concurrent.ThreadPoolExecutor@7cbe9dc4[Terminated, pool size = 0, active threads = 0, queued tasks = 0, completed tasks = 0]
	at org.apache.ratis.util.IOUtils.asIOException(IOUtils.java:56)
	at org.apache.ratis.grpc.GrpcUtil.tryUnwrapException(GrpcUtil.java:121)
	at org.apache.ratis.grpc.GrpcUtil.unwrapThrowable(GrpcUtil.java:82)
	at org.apache.ratis.grpc.GrpcUtil.warn(GrpcUtil.java:178)
	at org.apache.ratis.grpc.server.GrpcLogAppender$AppendLogResponseHandler.onError(GrpcLogAppender.java:405)
	at org.apache.ratis.thirdparty.io.grpc.stub.ClientCalls$StreamObserverToCallListenerAdapter.onClose(ClientCalls.java:487)
	at org.apache.ratis.thirdparty.io.grpc.internal.ClientCallImpl.closeObserver(ClientCallImpl.java:562)
	at org.apache.ratis.thirdparty.io.grpc.internal.ClientCallImpl.access$300(ClientCallImpl.java:70)
	at org.apache.ratis.thirdparty.io.grpc.internal.ClientCallImpl$ClientStreamListenerImpl$1StreamClosed.runInternal(ClientCallImpl.java:743)
	at org.apache.ratis.thirdparty.io.grpc.internal.ClientCallImpl$ClientStreamListenerImpl$1StreamClosed.runInContext(ClientCallImpl.java:722)
	at org.apache.ratis.thirdparty.io.grpc.internal.ContextRunnable.run(ContextRunnable.java:37)
	at org.apache.ratis.thirdparty.io.grpc.internal.SerializingExecutor.run(SerializingExecutor.java:133)
	at java.base/java.util.concurrent.ThreadPoolExecutor.runWorker(ThreadPoolExecutor.java:1128)
	at java.base/java.util.concurrent.ThreadPoolExecutor$Worker.run(ThreadPoolExecutor.java:628)
	at java.base/java.lang.Thread.run(Thread.java:829)
Caused by: java.util.concurrent.RejectedExecutionException: Task java.util.concurrent.CompletableFuture$AsyncSupply@52bcc9e9 rejected from java.util.concurrent.ThreadPoolExecutor@7cbe9dc4[Terminated, pool size = 0, active threads = 0, queued tasks = 0, completed tasks = 0]
	at java.base/jdk.internal.reflect.GeneratedConstructorAccessor11.newInstance(Unknown Source)
	at java.base/jdk.internal.reflect.DelegatingConstructorAccessorImpl.newInstance(DelegatingConstructorAccessorImpl.java:45)
	at java.base/java.lang.reflect.Constructor.newInstance(Constructor.java:490)
	at org.apache.ratis.util.ReflectionUtils.instantiateException(ReflectionUtils.java:259)
	at org.apache.ratis.grpc.GrpcUtil.tryUnwrapException(GrpcUtil.java:120)
	... 13 more
Caused by: org.apache.ratis.thirdparty.io.grpc.StatusRuntimeException: INTERNAL: Task java.util.concurrent.CompletableFuture$AsyncSupply@52bcc9e9 rejected from java.util.concurrent.ThreadPoolExecutor@7cbe9dc4[Terminated, pool size = 0, active threads = 0, queued tasks = 0, completed tasks = 0]
	at org.apache.ratis.thirdparty.io.grpc.Status.asRuntimeException(Status.java:535)
	... 10 more
	Suppressed: java.lang.IllegalStateException: Failed to cast to class java.io.IOException, object=java.util.concurrent.RejectedExecutionException: Task java.util.concurrent.CompletableFuture$AsyncSupply@52bcc9e9 rejected from java.util.concurrent.ThreadPoolExecutor@7cbe9dc4[Terminated, pool size = 0, active threads = 0, queued tasks = 0, completed tasks = 0]
	at java.base/java.util.concurrent.ThreadPoolExecutor$AbortPolicy.rejectedExecution(ThreadPoolExecutor.java:2055)
	at java.base/java.util.concurrent.ThreadPoolExecutor.reject(ThreadPoolExecutor.java:825)
	at java.base/java.util.concurrent.ThreadPoolExecutor.execute(ThreadPoolExecutor.java:1355)
	at java.base/java.util.concurrent.CompletableFuture.asyncSupplyStage(CompletableFuture.java:1714)
	at java.base/java.util.concurrent.CompletableFuture.supplyAsync(CompletableFuture.java:1931)
	at org.apache.ratis.server.impl.RaftServerImpl.executeSubmitServerRequestAsync(RaftServerImpl.java:812)
	at org.apache.ratis.server.impl.RaftServerProxy.lambda$appendEntriesAsync$27(RaftServerProxy.java:634)
	at java.base/java.util.concurrent.CompletableFuture.uniComposeStage(CompletableFuture.java:1106)
	at java.base/java.util.concurrent.CompletableFuture.thenCompose(CompletableFuture.java:2235)
	at org.apache.ratis.server.impl.RaftServerProxy.appendEntriesAsync(RaftServerProxy.java:634)
	at org.apache.ratis.grpc.server.GrpcServerProtocolService$1.process(GrpcServerProtocolService.java:219)
	at org.apache.ratis.grpc.server.GrpcServerProtocolService$1.process(GrpcServerProtocolService.java:216)
	at org.apache.ratis.grpc.server.GrpcServerProtocolService$ServerRequestStreamObserver.onNext(GrpcServerProtocolService.java:124)
	at org.apache.ratis.thirdparty.io.grpc.stub.ServerCalls$StreamingServerCallHandler$StreamingServerCallListener.onMessage(ServerCalls.java:262)
	at org.apache.ratis.thirdparty.io.grpc.ForwardingServerCallListener.onMessage(ForwardingServerCallListener.java:33)
	at org.apache.ratis.thirdparty.io.grpc.internal.ServerCallImpl$ServerStreamListenerImpl.messagesAvailableInternal(ServerCallImpl.java:332)
	at org.apache.ratis.thirdparty.io.grpc.internal.ServerCallImpl$ServerStreamListenerImpl.messagesAvailable(ServerCallImpl.java:315)
	at org.apache.ratis.thirdparty.io.grpc.internal.ServerImpl$JumpToApplicationThreadServerStreamListener$1MessagesAvailable.runInContext(ServerImpl.java:834)
	at org.apache.ratis.thirdparty.io.grpc.internal.ContextRunnable.run(ContextRunnable.java:37)
	at org.apache.ratis.thirdparty.io.grpc.internal.SerializingExecutor.run(SerializingExecutor.java:133)
	at java.base/java.util.concurrent.ThreadPoolExecutor.runWorker(ThreadPoolExecutor.java:1128)
	at java.base/java.util.concurrent.ThreadPoolExecutor$Worker.run(ThreadPoolExecutor.java:628)
	at java.base/java.lang.Thread.run(Thread.java:829)

		at org.apache.ratis.util.IOUtils.readObject(IOUtils.java:237)
		at org.apache.ratis.util.IOUtils.bytes2Object(IOUtils.java:214)
		at org.apache.ratis.grpc.GrpcUtil.tryUnwrapException(GrpcUtil.java:109)
		at org.apache.ratis.grpc.GrpcUtil.unwrapThrowable(GrpcUtil.java:82)
		at org.apache.ratis.grpc.GrpcUtil.warn(GrpcUtil.java:178)
		at org.apache.ratis.grpc.server.GrpcLogAppender$AppendLogResponseHandler.onError(GrpcLogAppender.java:405)
		... 10 more
	Caused by: java.lang.ClassCastException: Cannot cast java.util.concurrent.RejectedExecutionException to java.io.IOException
		at java.base/java.lang.Class.cast(Class.java:3605)
		at org.apache.ratis.util.IOUtils.readObject(IOUtils.java:234)
		... 15 more
2022-11-11 07:38:07,429 [s0@group-DC0BCF2C7030-StateMachineUpdater] INFO  impl.SimpleStateMachine4Testing (SimpleStateMachine4Testing.java:put(205)) - s0: put 227, m111 -> (t:2, i:227), STATEMACHINELOGENTRY, 497@client-70D4234AB40A
2022-11-11 07:38:07,429 [grpc-default-executor-6] INFO  leader.FollowerInfo (FollowerInfoImpl.java:lambda$new$0(48)) - s2@group-DC0BCF2C7030->s1: nextIndex: updateUnconditionally 228 -> 139
2022-11-11 07:38:07,431 [s0-server-thread2] DEBUG raftlog.RaftLog (SegmentedRaftLog.java:appendImpl(446)) - truncateIndex=-1, arrayIndex=0
2022-11-11 07:38:07,431 [grpc-default-executor-6] WARN  server.GrpcServerProtocolService (LogUtils.java:warn(124)) - s1: Failed APPEND_ENTRIES request s2->s1#165-t2,previous=(t:1, i:138),leaderCommit=228,initializing? true,entries: size=90, first=(t:2, i:139), CONFIGURATIONENTRY(current:id: "s0"
address: "localhost:38889"
dataStreamAddress: "localhost:44045"
clientAddress: "localhost:36221"
adminAddress: "localhost:33369"
startupRole: FOLLOWER
,id: "s1"
address: "localhost:33469"
dataStreamAddress: "localhost:41079"
clientAddress: "localhost:38107"
adminAddress: "localhost:35601"
startupRole: FOLLOWER
,id: "s2"
address: "localhost:39335"
dataStreamAddress: "localhost:40831"
clientAddress: "localhost:32863"
adminAddress: "localhost:35389"
startupRole: FOLLOWER
, old:)
java.util.concurrent.CompletionException: java.util.concurrent.RejectedExecutionException: Task java.util.concurrent.CompletableFuture$AsyncSupply@51f7c350 rejected from java.util.concurrent.ThreadPoolExecutor@7cbe9dc4[Terminated, pool size = 0, active threads = 0, queued tasks = 0, completed tasks = 0]
	at java.base/java.util.concurrent.CompletableFuture.encodeThrowable(CompletableFuture.java:314)
	at java.base/java.util.concurrent.CompletableFuture.uniComposeStage(CompletableFuture.java:1113)
	at java.base/java.util.concurrent.CompletableFuture.thenCompose(CompletableFuture.java:2235)
	at org.apache.ratis.server.impl.RaftServerProxy.appendEntriesAsync(RaftServerProxy.java:634)
	at org.apache.ratis.grpc.server.GrpcServerProtocolService$1.process(GrpcServerProtocolService.java:219)
	at org.apache.ratis.grpc.server.GrpcServerProtocolService$1.process(GrpcServerProtocolService.java:216)
	at org.apache.ratis.grpc.server.GrpcServerProtocolService$ServerRequestStreamObserver.onNext(GrpcServerProtocolService.java:124)
	at org.apache.ratis.thirdparty.io.grpc.stub.ServerCalls$StreamingServerCallHandler$StreamingServerCallListener.onMessage(ServerCalls.java:262)
	at org.apache.ratis.thirdparty.io.grpc.ForwardingServerCallListener.onMessage(ForwardingServerCallListener.java:33)
	at org.apache.ratis.thirdparty.io.grpc.internal.ServerCallImpl$ServerStreamListenerImpl.messagesAvailableInternal(ServerCallImpl.java:332)
	at org.apache.ratis.thirdparty.io.grpc.internal.ServerCallImpl$ServerStreamListenerImpl.messagesAvailable(ServerCallImpl.java:315)
	at org.apache.ratis.thirdparty.io.grpc.internal.ServerImpl$JumpToApplicationThreadServerStreamListener$1MessagesAvailable.runInContext(ServerImpl.java:834)
	at org.apache.ratis.thirdparty.io.grpc.internal.ContextRunnable.run(ContextRunnable.java:37)
	at org.apache.ratis.thirdparty.io.grpc.internal.SerializingExecutor.run(SerializingExecutor.java:133)
	at java.base/java.util.concurrent.ThreadPoolExecutor.runWorker(ThreadPoolExecutor.java:1128)
	at java.base/java.util.concurrent.ThreadPoolExecutor$Worker.run(ThreadPoolExecutor.java:628)
	at java.base/java.lang.Thread.run(Thread.java:829)
Caused by: java.util.concurrent.RejectedExecutionException: Task java.util.concurrent.CompletableFuture$AsyncSupply@51f7c350 rejected from java.util.concurrent.ThreadPoolExecutor@7cbe9dc4[Terminated, pool size = 0, active threads = 0, queued tasks = 0, completed tasks = 0]
	at java.base/java.util.concurrent.ThreadPoolExecutor$AbortPolicy.rejectedExecution(ThreadPoolExecutor.java:2055)
	at java.base/java.util.concurrent.ThreadPoolExecutor.reject(ThreadPoolExecutor.java:825)
	at java.base/java.util.concurrent.ThreadPoolExecutor.execute(ThreadPoolExecutor.java:1355)
	at java.base/java.util.concurrent.CompletableFuture.asyncSupplyStage(CompletableFuture.java:1714)
	at java.base/java.util.concurrent.CompletableFuture.supplyAsync(CompletableFuture.java:1931)
	at org.apache.ratis.server.impl.RaftServerImpl.executeSubmitServerRequestAsync(RaftServerImpl.java:812)
	at org.apache.ratis.server.impl.RaftServerProxy.lambda$appendEntriesAsync$27(RaftServerProxy.java:634)
	at java.base/java.util.concurrent.CompletableFuture.uniComposeStage(CompletableFuture.java:1106)
	... 15 more
2022-11-11 07:38:07,433 [s2@group-DC0BCF2C7030-StateMachineUpdater] INFO  impl.SimpleStateMachine4Testing (SimpleStateMachine4Testing.java:put(205)) - s2: put 229, m112 -> (t:2, i:229), STATEMACHINELOGENTRY, 498@client-70D4234AB40A
2022-11-11 07:38:07,433 [grpc-default-executor-4] WARN  server.GrpcLogAppender (LogUtils.java:warn(124)) - s2@group-DC0BCF2C7030->s1-AppendLogResponseHandler: Failed appendEntries
java.io.IOException: java.util.concurrent.RejectedExecutionException: Task java.util.concurrent.CompletableFuture$AsyncSupply@51f7c350 rejected from java.util.concurrent.ThreadPoolExecutor@7cbe9dc4[Terminated, pool size = 0, active threads = 0, queued tasks = 0, completed tasks = 0]
	at org.apache.ratis.util.IOUtils.asIOException(IOUtils.java:56)
	at org.apache.ratis.grpc.GrpcUtil.tryUnwrapException(GrpcUtil.java:121)
	at org.apache.ratis.grpc.GrpcUtil.unwrapThrowable(GrpcUtil.java:82)
	at org.apache.ratis.grpc.GrpcUtil.warn(GrpcUtil.java:178)
	at org.apache.ratis.grpc.server.GrpcLogAppender$AppendLogResponseHandler.onError(GrpcLogAppender.java:405)
	at org.apache.ratis.thirdparty.io.grpc.stub.ClientCalls$StreamObserverToCallListenerAdapter.onClose(ClientCalls.java:487)
	at org.apache.ratis.thirdparty.io.grpc.internal.ClientCallImpl.closeObserver(ClientCallImpl.java:562)
	at org.apache.ratis.thirdparty.io.grpc.internal.ClientCallImpl.access$300(ClientCallImpl.java:70)
	at org.apache.ratis.thirdparty.io.grpc.internal.ClientCallImpl$ClientStreamListenerImpl$1StreamClosed.runInternal(ClientCallImpl.java:743)
	at org.apache.ratis.thirdparty.io.grpc.internal.ClientCallImpl$ClientStreamListenerImpl$1StreamClosed.runInContext(ClientCallImpl.java:722)
	at org.apache.ratis.thirdparty.io.grpc.internal.ContextRunnable.run(ContextRunnable.java:37)
	at org.apache.ratis.thirdparty.io.grpc.internal.SerializingExecutor.run(SerializingExecutor.java:133)
	at java.base/java.util.concurrent.ThreadPoolExecutor.runWorker(ThreadPoolExecutor.java:1128)
	at java.base/java.util.concurrent.ThreadPoolExecutor$Worker.run(ThreadPoolExecutor.java:628)
	at java.base/java.lang.Thread.run(Thread.java:829)
Caused by: java.util.concurrent.RejectedExecutionException: Task java.util.concurrent.CompletableFuture$AsyncSupply@51f7c350 rejected from java.util.concurrent.ThreadPoolExecutor@7cbe9dc4[Terminated, pool size = 0, active threads = 0, queued tasks = 0, completed tasks = 0]
	at java.base/jdk.internal.reflect.GeneratedConstructorAccessor11.newInstance(Unknown Source)
	at java.base/jdk.internal.reflect.DelegatingConstructorAccessorImpl.newInstance(DelegatingConstructorAccessorImpl.java:45)
	at java.base/java.lang.reflect.Constructor.newInstance(Constructor.java:490)
	at org.apache.ratis.util.ReflectionUtils.instantiateException(ReflectionUtils.java:259)
	at org.apache.ratis.grpc.GrpcUtil.tryUnwrapException(GrpcUtil.java:120)
	... 13 more
Caused by: org.apache.ratis.thirdparty.io.grpc.StatusRuntimeException: INTERNAL: Task java.util.concurrent.CompletableFuture$AsyncSupply@51f7c350 rejected from java.util.concurrent.ThreadPoolExecutor@7cbe9dc4[Terminated, pool size = 0, active threads = 0, queued tasks = 0, completed tasks = 0]
	at org.apache.ratis.thirdparty.io.grpc.Status.asRuntimeException(Status.java:535)
	... 10 more
	Suppressed: java.lang.IllegalStateException: Failed to cast to class java.io.IOException, object=java.util.concurrent.RejectedExecutionException: Task java.util.concurrent.CompletableFuture$AsyncSupply@51f7c350 rejected from java.util.concurrent.ThreadPoolExecutor@7cbe9dc4[Terminated, pool size = 0, active threads = 0, queued tasks = 0, completed tasks = 0]
	at java.base/java.util.concurrent.ThreadPoolExecutor$AbortPolicy.rejectedExecution(ThreadPoolExecutor.java:2055)
	at java.base/java.util.concurrent.ThreadPoolExecutor.reject(ThreadPoolExecutor.java:825)
	at java.base/java.util.concurrent.ThreadPoolExecutor.execute(ThreadPoolExecutor.java:1355)
	at java.base/java.util.concurrent.CompletableFuture.asyncSupplyStage(CompletableFuture.java:1714)
	at java.base/java.util.concurrent.CompletableFuture.supplyAsync(CompletableFuture.java:1931)
	at org.apache.ratis.server.impl.RaftServerImpl.executeSubmitServerRequestAsync(RaftServerImpl.java:812)
	at org.apache.ratis.server.impl.RaftServerProxy.lambda$appendEntriesAsync$27(RaftServerProxy.java:634)
	at java.base/java.util.concurrent.CompletableFuture.uniComposeStage(CompletableFuture.java:1106)
	at java.base/java.util.concurrent.CompletableFuture.thenCompose(CompletableFuture.java:2235)
	at org.apache.ratis.server.impl.RaftServerProxy.appendEntriesAsync(RaftServerProxy.java:634)
	at org.apache.ratis.grpc.server.GrpcServerProtocolService$1.process(GrpcServerProtocolService.java:219)
	at org.apache.ratis.grpc.server.GrpcServerProtocolService$1.process(GrpcServerProtocolService.java:216)
	at org.apache.ratis.grpc.server.GrpcServerProtocolService$ServerRequestStreamObserver.onNext(GrpcServerProtocolService.java:124)
	at org.apache.ratis.thirdparty.io.grpc.stub.ServerCalls$StreamingServerCallHandler$StreamingServerCallListener.onMessage(ServerCalls.java:262)
	at org.apache.ratis.thirdparty.io.grpc.ForwardingServerCallListener.onMessage(ForwardingServerCallListener.java:33)
	at org.apache.ratis.thirdparty.io.grpc.internal.ServerCallImpl$ServerStreamListenerImpl.messagesAvailableInternal(ServerCallImpl.java:332)
	at org.apache.ratis.thirdparty.io.grpc.internal.ServerCallImpl$ServerStreamListenerImpl.messagesAvailable(ServerCallImpl.java:315)
	at org.apache.ratis.thirdparty.io.grpc.internal.ServerImpl$JumpToApplicationThreadServerStreamListener$1MessagesAvailable.runInContext(ServerImpl.java:834)
	at org.apache.ratis.thirdparty.io.grpc.internal.ContextRunnable.run(ContextRunnable.java:37)
	at org.apache.ratis.thirdparty.io.grpc.internal.SerializingExecutor.run(SerializingExecutor.java:133)
	at java.base/java.util.concurrent.ThreadPoolExecutor.runWorker(ThreadPoolExecutor.java:1128)
	at java.base/java.util.concurrent.ThreadPoolExecutor$Worker.run(ThreadPoolExecutor.java:628)
	at java.base/java.lang.Thread.run(Thread.java:829)

		at org.apache.ratis.util.IOUtils.readObject(IOUtils.java:237)
		at org.apache.ratis.util.IOUtils.bytes2Object(IOUtils.java:214)
		at org.apache.ratis.grpc.GrpcUtil.tryUnwrapException(GrpcUtil.java:109)
		at org.apache.ratis.grpc.GrpcUtil.unwrapThrowable(GrpcUtil.java:82)
		at org.apache.ratis.grpc.GrpcUtil.warn(GrpcUtil.java:178)
		at org.apache.ratis.grpc.server.GrpcLogAppender$AppendLogResponseHandler.onError(GrpcLogAppender.java:405)
		... 10 more
	Caused by: java.lang.ClassCastException: Cannot cast java.util.concurrent.RejectedExecutionException to java.io.IOException
		at java.base/java.lang.Class.cast(Class.java:3605)
		at org.apache.ratis.util.IOUtils.readObject(IOUtils.java:234)
		... 15 more
2022-11-11 07:38:07,434 [grpc-default-executor-4] INFO  leader.FollowerInfo (FollowerInfoImpl.java:lambda$new$0(48)) - s2@group-DC0BCF2C7030->s1: nextIndex: updateUnconditionally 229 -> 139
2022-11-11 07:38:07,439 [s0-server-thread2] DEBUG raftlog.RaftLog (SegmentedRaftLog.java:appendImpl(446)) - truncateIndex=-1, arrayIndex=0
2022-11-11 07:38:07,439 [grpc-default-executor-2] WARN  server.GrpcServerProtocolService (LogUtils.java:warn(124)) - s1: Failed APPEND_ENTRIES request s2->s1#168-t2,previous=(t:1, i:138),leaderCommit=229,initializing? true,entries: size=92, first=(t:2, i:139), CONFIGURATIONENTRY(current:id: "s0"
address: "localhost:38889"
dataStreamAddress: "localhost:44045"
clientAddress: "localhost:36221"
adminAddress: "localhost:33369"
startupRole: FOLLOWER
,id: "s1"
address: "localhost:33469"
dataStreamAddress: "localhost:41079"
clientAddress: "localhost:38107"
adminAddress: "localhost:35601"
startupRole: FOLLOWER
,id: "s2"
address: "localhost:39335"
dataStreamAddress: "localhost:40831"
clientAddress: "localhost:32863"
adminAddress: "localhost:35389"
startupRole: FOLLOWER
, old:)
java.util.concurrent.CompletionException: java.util.concurrent.RejectedExecutionException: Task java.util.concurrent.CompletableFuture$AsyncSupply@5e202a88 rejected from java.util.concurrent.ThreadPoolExecutor@7cbe9dc4[Terminated, pool size = 0, active threads = 0, queued tasks = 0, completed tasks = 0]
	at java.base/java.util.concurrent.CompletableFuture.encodeThrowable(CompletableFuture.java:314)
	at java.base/java.util.concurrent.CompletableFuture.uniComposeStage(CompletableFuture.java:1113)
	at java.base/java.util.concurrent.CompletableFuture.thenCompose(CompletableFuture.java:2235)
	at org.apache.ratis.server.impl.RaftServerProxy.appendEntriesAsync(RaftServerProxy.java:634)
	at org.apache.ratis.grpc.server.GrpcServerProtocolService$1.process(GrpcServerProtocolService.java:219)
	at org.apache.ratis.grpc.server.GrpcServerProtocolService$1.process(GrpcServerProtocolService.java:216)
	at org.apache.ratis.grpc.server.GrpcServerProtocolService$ServerRequestStreamObserver.onNext(GrpcServerProtocolService.java:124)
	at org.apache.ratis.thirdparty.io.grpc.stub.ServerCalls$StreamingServerCallHandler$StreamingServerCallListener.onMessage(ServerCalls.java:262)
	at org.apache.ratis.thirdparty.io.grpc.ForwardingServerCallListener.onMessage(ForwardingServerCallListener.java:33)
	at org.apache.ratis.thirdparty.io.grpc.internal.ServerCallImpl$ServerStreamListenerImpl.messagesAvailableInternal(ServerCallImpl.java:332)
	at org.apache.ratis.thirdparty.io.grpc.internal.ServerCallImpl$ServerStreamListenerImpl.messagesAvailable(ServerCallImpl.java:315)
	at org.apache.ratis.thirdparty.io.grpc.internal.ServerImpl$JumpToApplicationThreadServerStreamListener$1MessagesAvailable.runInContext(ServerImpl.java:834)
	at org.apache.ratis.thirdparty.io.grpc.internal.ContextRunnable.run(ContextRunnable.java:37)
	at org.apache.ratis.thirdparty.io.grpc.internal.SerializingExecutor.run(SerializingExecutor.java:133)
	at java.base/java.util.concurrent.ThreadPoolExecutor.runWorker(ThreadPoolExecutor.java:1128)
	at java.base/java.util.concurrent.ThreadPoolExecutor$Worker.run(ThreadPoolExecutor.java:628)
	at java.base/java.lang.Thread.run(Thread.java:829)
Caused by: java.util.concurrent.RejectedExecutionException: Task java.util.concurrent.CompletableFuture$AsyncSupply@5e202a88 rejected from java.util.concurrent.ThreadPoolExecutor@7cbe9dc4[Terminated, pool size = 0, active threads = 0, queued tasks = 0, completed tasks = 0]
	at java.base/java.util.concurrent.ThreadPoolExecutor$AbortPolicy.rejectedExecution(ThreadPoolExecutor.java:2055)
	at java.base/java.util.concurrent.ThreadPoolExecutor.reject(ThreadPoolExecutor.java:825)
	at java.base/java.util.concurrent.ThreadPoolExecutor.execute(ThreadPoolExecutor.java:1355)
	at java.base/java.util.concurrent.CompletableFuture.asyncSupplyStage(CompletableFuture.java:1714)
	at java.base/java.util.concurrent.CompletableFuture.supplyAsync(CompletableFuture.java:1931)
	at org.apache.ratis.server.impl.RaftServerImpl.executeSubmitServerRequestAsync(RaftServerImpl.java:812)
	at org.apache.ratis.server.impl.RaftServerProxy.lambda$appendEntriesAsync$27(RaftServerProxy.java:634)
	at java.base/java.util.concurrent.CompletableFuture.uniComposeStage(CompletableFuture.java:1106)
	... 15 more
2022-11-11 07:38:07,440 [s0@group-DC0BCF2C7030-StateMachineUpdater] INFO  impl.SimpleStateMachine4Testing (SimpleStateMachine4Testing.java:put(205)) - s0: put 229, m112 -> (t:2, i:229), STATEMACHINELOGENTRY, 498@client-70D4234AB40A
2022-11-11 07:38:07,442 [s0-server-thread2] DEBUG raftlog.RaftLog (SegmentedRaftLog.java:appendImpl(446)) - truncateIndex=-1, arrayIndex=0
2022-11-11 07:38:07,443 [grpc-default-executor-6] WARN  server.GrpcLogAppender (LogUtils.java:warn(124)) - s2@group-DC0BCF2C7030->s1-AppendLogResponseHandler: Failed appendEntries
java.io.IOException: java.util.concurrent.RejectedExecutionException: Task java.util.concurrent.CompletableFuture$AsyncSupply@5e202a88 rejected from java.util.concurrent.ThreadPoolExecutor@7cbe9dc4[Terminated, pool size = 0, active threads = 0, queued tasks = 0, completed tasks = 0]
	at org.apache.ratis.util.IOUtils.asIOException(IOUtils.java:56)
	at org.apache.ratis.grpc.GrpcUtil.tryUnwrapException(GrpcUtil.java:121)
	at org.apache.ratis.grpc.GrpcUtil.unwrapThrowable(GrpcUtil.java:82)
	at org.apache.ratis.grpc.GrpcUtil.warn(GrpcUtil.java:178)
	at org.apache.ratis.grpc.server.GrpcLogAppender$AppendLogResponseHandler.onError(GrpcLogAppender.java:405)
	at org.apache.ratis.thirdparty.io.grpc.stub.ClientCalls$StreamObserverToCallListenerAdapter.onClose(ClientCalls.java:487)
	at org.apache.ratis.thirdparty.io.grpc.internal.ClientCallImpl.closeObserver(ClientCallImpl.java:562)
	at org.apache.ratis.thirdparty.io.grpc.internal.ClientCallImpl.access$300(ClientCallImpl.java:70)
	at org.apache.ratis.thirdparty.io.grpc.internal.ClientCallImpl$ClientStreamListenerImpl$1StreamClosed.runInternal(ClientCallImpl.java:743)
	at org.apache.ratis.thirdparty.io.grpc.internal.ClientCallImpl$ClientStreamListenerImpl$1StreamClosed.runInContext(ClientCallImpl.java:722)
	at org.apache.ratis.thirdparty.io.grpc.internal.ContextRunnable.run(ContextRunnable.java:37)
	at org.apache.ratis.thirdparty.io.grpc.internal.SerializingExecutor.run(SerializingExecutor.java:133)
	at java.base/java.util.concurrent.ThreadPoolExecutor.runWorker(ThreadPoolExecutor.java:1128)
	at java.base/java.util.concurrent.ThreadPoolExecutor$Worker.run(ThreadPoolExecutor.java:628)
	at java.base/java.lang.Thread.run(Thread.java:829)
Caused by: java.util.concurrent.RejectedExecutionException: Task java.util.concurrent.CompletableFuture$AsyncSupply@5e202a88 rejected from java.util.concurrent.ThreadPoolExecutor@7cbe9dc4[Terminated, pool size = 0, active threads = 0, queued tasks = 0, completed tasks = 0]
	at java.base/jdk.internal.reflect.GeneratedConstructorAccessor11.newInstance(Unknown Source)
	at java.base/jdk.internal.reflect.DelegatingConstructorAccessorImpl.newInstance(DelegatingConstructorAccessorImpl.java:45)
	at java.base/java.lang.reflect.Constructor.newInstance(Constructor.java:490)
	at org.apache.ratis.util.ReflectionUtils.instantiateException(ReflectionUtils.java:259)
	at org.apache.ratis.grpc.GrpcUtil.tryUnwrapException(GrpcUtil.java:120)
	... 13 more
Caused by: org.apache.ratis.thirdparty.io.grpc.StatusRuntimeException: INTERNAL: Task java.util.concurrent.CompletableFuture$AsyncSupply@5e202a88 rejected from java.util.concurrent.ThreadPoolExecutor@7cbe9dc4[Terminated, pool size = 0, active threads = 0, queued tasks = 0, completed tasks = 0]
	at org.apache.ratis.thirdparty.io.grpc.Status.asRuntimeException(Status.java:535)
	... 10 more
	Suppressed: java.lang.IllegalStateException: Failed to cast to class java.io.IOException, object=java.util.concurrent.RejectedExecutionException: Task java.util.concurrent.CompletableFuture$AsyncSupply@5e202a88 rejected from java.util.concurrent.ThreadPoolExecutor@7cbe9dc4[Terminated, pool size = 0, active threads = 0, queued tasks = 0, completed tasks = 0]
	at java.base/java.util.concurrent.ThreadPoolExecutor$AbortPolicy.rejectedExecution(ThreadPoolExecutor.java:2055)
	at java.base/java.util.concurrent.ThreadPoolExecutor.reject(ThreadPoolExecutor.java:825)
	at java.base/java.util.concurrent.ThreadPoolExecutor.execute(ThreadPoolExecutor.java:1355)
	at java.base/java.util.concurrent.CompletableFuture.asyncSupplyStage(CompletableFuture.java:1714)
	at java.base/java.util.concurrent.CompletableFuture.supplyAsync(CompletableFuture.java:1931)
	at org.apache.ratis.server.impl.RaftServerImpl.executeSubmitServerRequestAsync(RaftServerImpl.java:812)
	at org.apache.ratis.server.impl.RaftServerProxy.lambda$appendEntriesAsync$27(RaftServerProxy.java:634)
	at java.base/java.util.concurrent.CompletableFuture.uniComposeStage(CompletableFuture.java:1106)
	at java.base/java.util.concurrent.CompletableFuture.thenCompose(CompletableFuture.java:2235)
	at org.apache.ratis.server.impl.RaftServerProxy.appendEntriesAsync(RaftServerProxy.java:634)
	at org.apache.ratis.grpc.server.GrpcServerProtocolService$1.process(GrpcServerProtocolService.java:219)
	at org.apache.ratis.grpc.server.GrpcServerProtocolService$1.process(GrpcServerProtocolService.java:216)
	at org.apache.ratis.grpc.server.GrpcServerProtocolService$ServerRequestStreamObserver.onNext(GrpcServerProtocolService.java:124)
	at org.apache.ratis.thirdparty.io.grpc.stub.ServerCalls$StreamingServerCallHandler$StreamingServerCallListener.onMessage(ServerCalls.java:262)
	at org.apache.ratis.thirdparty.io.grpc.ForwardingServerCallListener.onMessage(ForwardingServerCallListener.java:33)
	at org.apache.ratis.thirdparty.io.grpc.internal.ServerCallImpl$ServerStreamListenerImpl.messagesAvailableInternal(ServerCallImpl.java:332)
	at org.apache.ratis.thirdparty.io.grpc.internal.ServerCallImpl$ServerStreamListenerImpl.messagesAvailable(ServerCallImpl.java:315)
	at org.apache.ratis.thirdparty.io.grpc.internal.ServerImpl$JumpToApplicationThreadServerStreamListener$1MessagesAvailable.runInContext(ServerImpl.java:834)
	at org.apache.ratis.thirdparty.io.grpc.internal.ContextRunnable.run(ContextRunnable.java:37)
	at org.apache.ratis.thirdparty.io.grpc.internal.SerializingExecutor.run(SerializingExecutor.java:133)
	at java.base/java.util.concurrent.ThreadPoolExecutor.runWorker(ThreadPoolExecutor.java:1128)
	at java.base/java.util.concurrent.ThreadPoolExecutor$Worker.run(ThreadPoolExecutor.java:628)
	at java.base/java.lang.Thread.run(Thread.java:829)

		at org.apache.ratis.util.IOUtils.readObject(IOUtils.java:237)
		at org.apache.ratis.util.IOUtils.bytes2Object(IOUtils.java:214)
		at org.apache.ratis.grpc.GrpcUtil.tryUnwrapException(GrpcUtil.java:109)
		at org.apache.ratis.grpc.GrpcUtil.unwrapThrowable(GrpcUtil.java:82)
		at org.apache.ratis.grpc.GrpcUtil.warn(GrpcUtil.java:178)
		at org.apache.ratis.grpc.server.GrpcLogAppender$AppendLogResponseHandler.onError(GrpcLogAppender.java:405)
		... 10 more
	Caused by: java.lang.ClassCastException: Cannot cast java.util.concurrent.RejectedExecutionException to java.io.IOException
		at java.base/java.lang.Class.cast(Class.java:3605)
		at org.apache.ratis.util.IOUtils.readObject(IOUtils.java:234)
		... 15 more
2022-11-11 07:38:07,444 [s0-server-thread2] DEBUG raftlog.RaftLog (SegmentedRaftLog.java:appendImpl(446)) - truncateIndex=-1, arrayIndex=0
2022-11-11 07:38:07,444 [s2@group-DC0BCF2C7030-StateMachineUpdater] INFO  impl.SimpleStateMachine4Testing (SimpleStateMachine4Testing.java:put(205)) - s2: put 231, m113 -> (t:2, i:231), STATEMACHINELOGENTRY, 499@client-70D4234AB40A
2022-11-11 07:38:07,446 [s0@group-DC0BCF2C7030-StateMachineUpdater] INFO  impl.SimpleStateMachine4Testing (SimpleStateMachine4Testing.java:put(205)) - s0: put 231, m113 -> (t:2, i:231), STATEMACHINELOGENTRY, 499@client-70D4234AB40A
2022-11-11 07:38:07,446 [grpc-default-executor-6] INFO  leader.FollowerInfo (FollowerInfoImpl.java:lambda$new$0(48)) - s2@group-DC0BCF2C7030->s1: nextIndex: updateUnconditionally 231 -> 139
2022-11-11 07:38:07,447 [grpc-default-executor-2] WARN  server.GrpcServerProtocolService (LogUtils.java:warn(124)) - s1: Failed APPEND_ENTRIES request s2->s1#173-t2,previous=(t:1, i:138),leaderCommit=232,initializing? true,entries: size=94, first=(t:2, i:139), CONFIGURATIONENTRY(current:id: "s0"
address: "localhost:38889"
dataStreamAddress: "localhost:44045"
clientAddress: "localhost:36221"
adminAddress: "localhost:33369"
startupRole: FOLLOWER
,id: "s1"
address: "localhost:33469"
dataStreamAddress: "localhost:41079"
clientAddress: "localhost:38107"
adminAddress: "localhost:35601"
startupRole: FOLLOWER
,id: "s2"
address: "localhost:39335"
dataStreamAddress: "localhost:40831"
clientAddress: "localhost:32863"
adminAddress: "localhost:35389"
startupRole: FOLLOWER
, old:)
java.util.concurrent.CompletionException: java.util.concurrent.RejectedExecutionException: Task java.util.concurrent.CompletableFuture$AsyncSupply@1dd854ab rejected from java.util.concurrent.ThreadPoolExecutor@7cbe9dc4[Terminated, pool size = 0, active threads = 0, queued tasks = 0, completed tasks = 0]
	at java.base/java.util.concurrent.CompletableFuture.encodeThrowable(CompletableFuture.java:314)
	at java.base/java.util.concurrent.CompletableFuture.uniComposeStage(CompletableFuture.java:1113)
	at java.base/java.util.concurrent.CompletableFuture.thenCompose(CompletableFuture.java:2235)
	at org.apache.ratis.server.impl.RaftServerProxy.appendEntriesAsync(RaftServerProxy.java:634)
	at org.apache.ratis.grpc.server.GrpcServerProtocolService$1.process(GrpcServerProtocolService.java:219)
	at org.apache.ratis.grpc.server.GrpcServerProtocolService$1.process(GrpcServerProtocolService.java:216)
	at org.apache.ratis.grpc.server.GrpcServerProtocolService$ServerRequestStreamObserver.onNext(GrpcServerProtocolService.java:124)
	at org.apache.ratis.thirdparty.io.grpc.stub.ServerCalls$StreamingServerCallHandler$StreamingServerCallListener.onMessage(ServerCalls.java:262)
	at org.apache.ratis.thirdparty.io.grpc.ForwardingServerCallListener.onMessage(ForwardingServerCallListener.java:33)
	at org.apache.ratis.thirdparty.io.grpc.internal.ServerCallImpl$ServerStreamListenerImpl.messagesAvailableInternal(ServerCallImpl.java:332)
	at org.apache.ratis.thirdparty.io.grpc.internal.ServerCallImpl$ServerStreamListenerImpl.messagesAvailable(ServerCallImpl.java:315)
	at org.apache.ratis.thirdparty.io.grpc.internal.ServerImpl$JumpToApplicationThreadServerStreamListener$1MessagesAvailable.runInContext(ServerImpl.java:834)
	at org.apache.ratis.thirdparty.io.grpc.internal.ContextRunnable.run(ContextRunnable.java:37)
	at org.apache.ratis.thirdparty.io.grpc.internal.SerializingExecutor.run(SerializingExecutor.java:133)
	at java.base/java.util.concurrent.ThreadPoolExecutor.runWorker(ThreadPoolExecutor.java:1128)
	at java.base/java.util.concurrent.ThreadPoolExecutor$Worker.run(ThreadPoolExecutor.java:628)
	at java.base/java.lang.Thread.run(Thread.java:829)
Caused by: java.util.concurrent.RejectedExecutionException: Task java.util.concurrent.CompletableFuture$AsyncSupply@1dd854ab rejected from java.util.concurrent.ThreadPoolExecutor@7cbe9dc4[Terminated, pool size = 0, active threads = 0, queued tasks = 0, completed tasks = 0]
	at java.base/java.util.concurrent.ThreadPoolExecutor$AbortPolicy.rejectedExecution(ThreadPoolExecutor.java:2055)
	at java.base/java.util.concurrent.ThreadPoolExecutor.reject(ThreadPoolExecutor.java:825)
	at java.base/java.util.concurrent.ThreadPoolExecutor.execute(ThreadPoolExecutor.java:1355)
	at java.base/java.util.concurrent.CompletableFuture.asyncSupplyStage(CompletableFuture.java:1714)
	at java.base/java.util.concurrent.CompletableFuture.supplyAsync(CompletableFuture.java:1931)
	at org.apache.ratis.server.impl.RaftServerImpl.executeSubmitServerRequestAsync(RaftServerImpl.java:812)
	at org.apache.ratis.server.impl.RaftServerProxy.lambda$appendEntriesAsync$27(RaftServerProxy.java:634)
	at java.base/java.util.concurrent.CompletableFuture.uniComposeStage(CompletableFuture.java:1106)
	... 15 more
2022-11-11 07:38:07,450 [grpc-default-executor-2] WARN  server.GrpcLogAppender (LogUtils.java:warn(124)) - s2@group-DC0BCF2C7030->s1-AppendLogResponseHandler: Failed appendEntries
java.io.IOException: java.util.concurrent.RejectedExecutionException: Task java.util.concurrent.CompletableFuture$AsyncSupply@1dd854ab rejected from java.util.concurrent.ThreadPoolExecutor@7cbe9dc4[Terminated, pool size = 0, active threads = 0, queued tasks = 0, completed tasks = 0]
	at org.apache.ratis.util.IOUtils.asIOException(IOUtils.java:56)
	at org.apache.ratis.grpc.GrpcUtil.tryUnwrapException(GrpcUtil.java:121)
	at org.apache.ratis.grpc.GrpcUtil.unwrapThrowable(GrpcUtil.java:82)
	at org.apache.ratis.grpc.GrpcUtil.warn(GrpcUtil.java:178)
	at org.apache.ratis.grpc.server.GrpcLogAppender$AppendLogResponseHandler.onError(GrpcLogAppender.java:405)
	at org.apache.ratis.thirdparty.io.grpc.stub.ClientCalls$StreamObserverToCallListenerAdapter.onClose(ClientCalls.java:487)
	at org.apache.ratis.thirdparty.io.grpc.internal.ClientCallImpl.closeObserver(ClientCallImpl.java:562)
	at org.apache.ratis.thirdparty.io.grpc.internal.ClientCallImpl.access$300(ClientCallImpl.java:70)
	at org.apache.ratis.thirdparty.io.grpc.internal.ClientCallImpl$ClientStreamListenerImpl$1StreamClosed.runInternal(ClientCallImpl.java:743)
	at org.apache.ratis.thirdparty.io.grpc.internal.ClientCallImpl$ClientStreamListenerImpl$1StreamClosed.runInContext(ClientCallImpl.java:722)
	at org.apache.ratis.thirdparty.io.grpc.internal.ContextRunnable.run(ContextRunnable.java:37)
	at org.apache.ratis.thirdparty.io.grpc.internal.SerializingExecutor.run(SerializingExecutor.java:133)
	at java.base/java.util.concurrent.ThreadPoolExecutor.runWorker(ThreadPoolExecutor.java:1128)
	at java.base/java.util.concurrent.ThreadPoolExecutor$Worker.run(ThreadPoolExecutor.java:628)
	at java.base/java.lang.Thread.run(Thread.java:829)
Caused by: java.util.concurrent.RejectedExecutionException: Task java.util.concurrent.CompletableFuture$AsyncSupply@1dd854ab rejected from java.util.concurrent.ThreadPoolExecutor@7cbe9dc4[Terminated, pool size = 0, active threads = 0, queued tasks = 0, completed tasks = 0]
	at java.base/jdk.internal.reflect.GeneratedConstructorAccessor11.newInstance(Unknown Source)
	at java.base/jdk.internal.reflect.DelegatingConstructorAccessorImpl.newInstance(DelegatingConstructorAccessorImpl.java:45)
	at java.base/java.lang.reflect.Constructor.newInstance(Constructor.java:490)
	at org.apache.ratis.util.ReflectionUtils.instantiateException(ReflectionUtils.java:259)
	at org.apache.ratis.grpc.GrpcUtil.tryUnwrapException(GrpcUtil.java:120)
	... 13 more
Caused by: org.apache.ratis.thirdparty.io.grpc.StatusRuntimeException: INTERNAL: Task java.util.concurrent.CompletableFuture$AsyncSupply@1dd854ab rejected from java.util.concurrent.ThreadPoolExecutor@7cbe9dc4[Terminated, pool size = 0, active threads = 0, queued tasks = 0, completed tasks = 0]
	at org.apache.ratis.thirdparty.io.grpc.Status.asRuntimeException(Status.java:535)
	... 10 more
	Suppressed: java.lang.IllegalStateException: Failed to cast to class java.io.IOException, object=java.util.concurrent.RejectedExecutionException: Task java.util.concurrent.CompletableFuture$AsyncSupply@1dd854ab rejected from java.util.concurrent.ThreadPoolExecutor@7cbe9dc4[Terminated, pool size = 0, active threads = 0, queued tasks = 0, completed tasks = 0]
	at java.base/java.util.concurrent.ThreadPoolExecutor$AbortPolicy.rejectedExecution(ThreadPoolExecutor.java:2055)
	at java.base/java.util.concurrent.ThreadPoolExecutor.reject(ThreadPoolExecutor.java:825)
	at java.base/java.util.concurrent.ThreadPoolExecutor.execute(ThreadPoolExecutor.java:1355)
	at java.base/java.util.concurrent.CompletableFuture.asyncSupplyStage(CompletableFuture.java:1714)
	at java.base/java.util.concurrent.CompletableFuture.supplyAsync(CompletableFuture.java:1931)
	at org.apache.ratis.server.impl.RaftServerImpl.executeSubmitServerRequestAsync(RaftServerImpl.java:812)
	at org.apache.ratis.server.impl.RaftServerProxy.lambda$appendEntriesAsync$27(RaftServerProxy.java:634)
	at java.base/java.util.concurrent.CompletableFuture.uniComposeStage(CompletableFuture.java:1106)
	at java.base/java.util.concurrent.CompletableFuture.thenCompose(CompletableFuture.java:2235)
	at org.apache.ratis.server.impl.RaftServerProxy.appendEntriesAsync(RaftServerProxy.java:634)
	at org.apache.ratis.grpc.server.GrpcServerProtocolService$1.process(GrpcServerProtocolService.java:219)
	at org.apache.ratis.grpc.server.GrpcServerProtocolService$1.process(GrpcServerProtocolService.java:216)
	at org.apache.ratis.grpc.server.GrpcServerProtocolService$ServerRequestStreamObserver.onNext(GrpcServerProtocolService.java:124)
	at org.apache.ratis.thirdparty.io.grpc.stub.ServerCalls$StreamingServerCallHandler$StreamingServerCallListener.onMessage(ServerCalls.java:262)
	at org.apache.ratis.thirdparty.io.grpc.ForwardingServerCallListener.onMessage(ForwardingServerCallListener.java:33)
	at org.apache.ratis.thirdparty.io.grpc.internal.ServerCallImpl$ServerStreamListenerImpl.messagesAvailableInternal(ServerCallImpl.java:332)
	at org.apache.ratis.thirdparty.io.grpc.internal.ServerCallImpl$ServerStreamListenerImpl.messagesAvailable(ServerCallImpl.java:315)
	at org.apache.ratis.thirdparty.io.grpc.internal.ServerImpl$JumpToApplicationThreadServerStreamListener$1MessagesAvailable.runInContext(ServerImpl.java:834)
	at org.apache.ratis.thirdparty.io.grpc.internal.ContextRunnable.run(ContextRunnable.java:37)
	at org.apache.ratis.thirdparty.io.grpc.internal.SerializingExecutor.run(SerializingExecutor.java:133)
	at java.base/java.util.concurrent.ThreadPoolExecutor.runWorker(ThreadPoolExecutor.java:1128)
	at java.base/java.util.concurrent.ThreadPoolExecutor$Worker.run(ThreadPoolExecutor.java:628)
	at java.base/java.lang.Thread.run(Thread.java:829)

		at org.apache.ratis.util.IOUtils.readObject(IOUtils.java:237)
		at org.apache.ratis.util.IOUtils.bytes2Object(IOUtils.java:214)
		at org.apache.ratis.grpc.GrpcUtil.tryUnwrapException(GrpcUtil.java:109)
		at org.apache.ratis.grpc.GrpcUtil.unwrapThrowable(GrpcUtil.java:82)
		at org.apache.ratis.grpc.GrpcUtil.warn(GrpcUtil.java:178)
		at org.apache.ratis.grpc.server.GrpcLogAppender$AppendLogResponseHandler.onError(GrpcLogAppender.java:405)
		... 10 more
	Caused by: java.lang.ClassCastException: Cannot cast java.util.concurrent.RejectedExecutionException to java.io.IOException
		at java.base/java.lang.Class.cast(Class.java:3605)
		at org.apache.ratis.util.IOUtils.readObject(IOUtils.java:234)
		... 15 more
2022-11-11 07:38:07,450 [grpc-default-executor-2] INFO  leader.FollowerInfo (FollowerInfoImpl.java:lambda$new$0(48)) - s2@group-DC0BCF2C7030->s1: nextIndex: updateUnconditionally 233 -> 139
2022-11-11 07:38:07,450 [s0-server-thread2] DEBUG raftlog.RaftLog (SegmentedRaftLog.java:appendImpl(446)) - truncateIndex=-1, arrayIndex=0
2022-11-11 07:38:07,452 [s2@group-DC0BCF2C7030-StateMachineUpdater] INFO  impl.SimpleStateMachine4Testing (SimpleStateMachine4Testing.java:put(205)) - s2: put 233, m114 -> (t:2, i:233), STATEMACHINELOGENTRY, 500@client-70D4234AB40A
2022-11-11 07:38:07,454 [s0-server-thread2] DEBUG raftlog.RaftLog (SegmentedRaftLog.java:appendImpl(446)) - truncateIndex=-1, arrayIndex=0
2022-11-11 07:38:07,455 [s0@group-DC0BCF2C7030-StateMachineUpdater] INFO  impl.SimpleStateMachine4Testing (SimpleStateMachine4Testing.java:put(205)) - s0: put 233, m114 -> (t:2, i:233), STATEMACHINELOGENTRY, 500@client-70D4234AB40A
2022-11-11 07:38:07,456 [grpc-default-executor-4] WARN  server.GrpcServerProtocolService (LogUtils.java:warn(124)) - s1: Failed APPEND_ENTRIES request s2->s1#175-t2,previous=(t:1, i:138),leaderCommit=232,initializing? true,entries: size=95, first=(t:2, i:139), CONFIGURATIONENTRY(current:id: "s0"
address: "localhost:38889"
dataStreamAddress: "localhost:44045"
clientAddress: "localhost:36221"
adminAddress: "localhost:33369"
startupRole: FOLLOWER
,id: "s1"
address: "localhost:33469"
dataStreamAddress: "localhost:41079"
clientAddress: "localhost:38107"
adminAddress: "localhost:35601"
startupRole: FOLLOWER
,id: "s2"
address: "localhost:39335"
dataStreamAddress: "localhost:40831"
clientAddress: "localhost:32863"
adminAddress: "localhost:35389"
startupRole: FOLLOWER
, old:)
java.util.concurrent.CompletionException: java.util.concurrent.RejectedExecutionException: Task java.util.concurrent.CompletableFuture$AsyncSupply@6c07cf74 rejected from java.util.concurrent.ThreadPoolExecutor@7cbe9dc4[Terminated, pool size = 0, active threads = 0, queued tasks = 0, completed tasks = 0]
	at java.base/java.util.concurrent.CompletableFuture.encodeThrowable(CompletableFuture.java:314)
	at java.base/java.util.concurrent.CompletableFuture.uniComposeStage(CompletableFuture.java:1113)
	at java.base/java.util.concurrent.CompletableFuture.thenCompose(CompletableFuture.java:2235)
	at org.apache.ratis.server.impl.RaftServerProxy.appendEntriesAsync(RaftServerProxy.java:634)
	at org.apache.ratis.grpc.server.GrpcServerProtocolService$1.process(GrpcServerProtocolService.java:219)
	at org.apache.ratis.grpc.server.GrpcServerProtocolService$1.process(GrpcServerProtocolService.java:216)
	at org.apache.ratis.grpc.server.GrpcServerProtocolService$ServerRequestStreamObserver.onNext(GrpcServerProtocolService.java:124)
	at org.apache.ratis.thirdparty.io.grpc.stub.ServerCalls$StreamingServerCallHandler$StreamingServerCallListener.onMessage(ServerCalls.java:262)
	at org.apache.ratis.thirdparty.io.grpc.ForwardingServerCallListener.onMessage(ForwardingServerCallListener.java:33)
	at org.apache.ratis.thirdparty.io.grpc.internal.ServerCallImpl$ServerStreamListenerImpl.messagesAvailableInternal(ServerCallImpl.java:332)
	at org.apache.ratis.thirdparty.io.grpc.internal.ServerCallImpl$ServerStreamListenerImpl.messagesAvailable(ServerCallImpl.java:315)
	at org.apache.ratis.thirdparty.io.grpc.internal.ServerImpl$JumpToApplicationThreadServerStreamListener$1MessagesAvailable.runInContext(ServerImpl.java:834)
	at org.apache.ratis.thirdparty.io.grpc.internal.ContextRunnable.run(ContextRunnable.java:37)
	at org.apache.ratis.thirdparty.io.grpc.internal.SerializingExecutor.run(SerializingExecutor.java:133)
	at java.base/java.util.concurrent.ThreadPoolExecutor.runWorker(ThreadPoolExecutor.java:1128)
	at java.base/java.util.concurrent.ThreadPoolExecutor$Worker.run(ThreadPoolExecutor.java:628)
	at java.base/java.lang.Thread.run(Thread.java:829)
Caused by: java.util.concurrent.RejectedExecutionException: Task java.util.concurrent.CompletableFuture$AsyncSupply@6c07cf74 rejected from java.util.concurrent.ThreadPoolExecutor@7cbe9dc4[Terminated, pool size = 0, active threads = 0, queued tasks = 0, completed tasks = 0]
	at java.base/java.util.concurrent.ThreadPoolExecutor$AbortPolicy.rejectedExecution(ThreadPoolExecutor.java:2055)
	at java.base/java.util.concurrent.ThreadPoolExecutor.reject(ThreadPoolExecutor.java:825)
	at java.base/java.util.concurrent.ThreadPoolExecutor.execute(ThreadPoolExecutor.java:1355)
	at java.base/java.util.concurrent.CompletableFuture.asyncSupplyStage(CompletableFuture.java:1714)
	at java.base/java.util.concurrent.CompletableFuture.supplyAsync(CompletableFuture.java:1931)
	at org.apache.ratis.server.impl.RaftServerImpl.executeSubmitServerRequestAsync(RaftServerImpl.java:812)
	at org.apache.ratis.server.impl.RaftServerProxy.lambda$appendEntriesAsync$27(RaftServerProxy.java:634)
	at java.base/java.util.concurrent.CompletableFuture.uniComposeStage(CompletableFuture.java:1106)
	... 15 more
2022-11-11 07:38:07,458 [s0-server-thread2] DEBUG raftlog.RaftLog (SegmentedRaftLog.java:appendImpl(446)) - truncateIndex=-1, arrayIndex=0
2022-11-11 07:38:07,459 [s2@group-DC0BCF2C7030-StateMachineUpdater] INFO  impl.SimpleStateMachine4Testing (SimpleStateMachine4Testing.java:put(205)) - s2: put 235, m115 -> (t:2, i:235), STATEMACHINELOGENTRY, 501@client-70D4234AB40A
2022-11-11 07:38:07,459 [s0-server-thread2] DEBUG raftlog.RaftLog (SegmentedRaftLog.java:appendImpl(446)) - truncateIndex=-1, arrayIndex=0
2022-11-11 07:38:07,460 [s0@group-DC0BCF2C7030-StateMachineUpdater] INFO  impl.SimpleStateMachine4Testing (SimpleStateMachine4Testing.java:put(205)) - s0: put 235, m115 -> (t:2, i:235), STATEMACHINELOGENTRY, 501@client-70D4234AB40A
2022-11-11 07:38:07,461 [grpc-default-executor-4] WARN  server.GrpcLogAppender (LogUtils.java:warn(124)) - s2@group-DC0BCF2C7030->s1-AppendLogResponseHandler: Failed appendEntries
java.io.IOException: java.util.concurrent.RejectedExecutionException: Task java.util.concurrent.CompletableFuture$AsyncSupply@6c07cf74 rejected from java.util.concurrent.ThreadPoolExecutor@7cbe9dc4[Terminated, pool size = 0, active threads = 0, queued tasks = 0, completed tasks = 0]
	at org.apache.ratis.util.IOUtils.asIOException(IOUtils.java:56)
	at org.apache.ratis.grpc.GrpcUtil.tryUnwrapException(GrpcUtil.java:121)
	at org.apache.ratis.grpc.GrpcUtil.unwrapThrowable(GrpcUtil.java:82)
	at org.apache.ratis.grpc.GrpcUtil.warn(GrpcUtil.java:178)
	at org.apache.ratis.grpc.server.GrpcLogAppender$AppendLogResponseHandler.onError(GrpcLogAppender.java:405)
	at org.apache.ratis.thirdparty.io.grpc.stub.ClientCalls$StreamObserverToCallListenerAdapter.onClose(ClientCalls.java:487)
	at org.apache.ratis.thirdparty.io.grpc.internal.ClientCallImpl.closeObserver(ClientCallImpl.java:562)
	at org.apache.ratis.thirdparty.io.grpc.internal.ClientCallImpl.access$300(ClientCallImpl.java:70)
	at org.apache.ratis.thirdparty.io.grpc.internal.ClientCallImpl$ClientStreamListenerImpl$1StreamClosed.runInternal(ClientCallImpl.java:743)
	at org.apache.ratis.thirdparty.io.grpc.internal.ClientCallImpl$ClientStreamListenerImpl$1StreamClosed.runInContext(ClientCallImpl.java:722)
	at org.apache.ratis.thirdparty.io.grpc.internal.ContextRunnable.run(ContextRunnable.java:37)
	at org.apache.ratis.thirdparty.io.grpc.internal.SerializingExecutor.run(SerializingExecutor.java:133)
	at java.base/java.util.concurrent.ThreadPoolExecutor.runWorker(ThreadPoolExecutor.java:1128)
	at java.base/java.util.concurrent.ThreadPoolExecutor$Worker.run(ThreadPoolExecutor.java:628)
	at java.base/java.lang.Thread.run(Thread.java:829)
Caused by: java.util.concurrent.RejectedExecutionException: Task java.util.concurrent.CompletableFuture$AsyncSupply@6c07cf74 rejected from java.util.concurrent.ThreadPoolExecutor@7cbe9dc4[Terminated, pool size = 0, active threads = 0, queued tasks = 0, completed tasks = 0]
	at java.base/jdk.internal.reflect.GeneratedConstructorAccessor11.newInstance(Unknown Source)
	at java.base/jdk.internal.reflect.DelegatingConstructorAccessorImpl.newInstance(DelegatingConstructorAccessorImpl.java:45)
	at java.base/java.lang.reflect.Constructor.newInstance(Constructor.java:490)
	at org.apache.ratis.util.ReflectionUtils.instantiateException(ReflectionUtils.java:259)
	at org.apache.ratis.grpc.GrpcUtil.tryUnwrapException(GrpcUtil.java:120)
	... 13 more
Caused by: org.apache.ratis.thirdparty.io.grpc.StatusRuntimeException: INTERNAL: Task java.util.concurrent.CompletableFuture$AsyncSupply@6c07cf74 rejected from java.util.concurrent.ThreadPoolExecutor@7cbe9dc4[Terminated, pool size = 0, active threads = 0, queued tasks = 0, completed tasks = 0]
	at org.apache.ratis.thirdparty.io.grpc.Status.asRuntimeException(Status.java:535)
	... 10 more
	Suppressed: java.lang.IllegalStateException: Failed to cast to class java.io.IOException, object=java.util.concurrent.RejectedExecutionException: Task java.util.concurrent.CompletableFuture$AsyncSupply@6c07cf74 rejected from java.util.concurrent.ThreadPoolExecutor@7cbe9dc4[Terminated, pool size = 0, active threads = 0, queued tasks = 0, completed tasks = 0]
	at java.base/java.util.concurrent.ThreadPoolExecutor$AbortPolicy.rejectedExecution(ThreadPoolExecutor.java:2055)
	at java.base/java.util.concurrent.ThreadPoolExecutor.reject(ThreadPoolExecutor.java:825)
	at java.base/java.util.concurrent.ThreadPoolExecutor.execute(ThreadPoolExecutor.java:1355)
	at java.base/java.util.concurrent.CompletableFuture.asyncSupplyStage(CompletableFuture.java:1714)
	at java.base/java.util.concurrent.CompletableFuture.supplyAsync(CompletableFuture.java:1931)
	at org.apache.ratis.server.impl.RaftServerImpl.executeSubmitServerRequestAsync(RaftServerImpl.java:812)
	at org.apache.ratis.server.impl.RaftServerProxy.lambda$appendEntriesAsync$27(RaftServerProxy.java:634)
	at java.base/java.util.concurrent.CompletableFuture.uniComposeStage(CompletableFuture.java:1106)
	at java.base/java.util.concurrent.CompletableFuture.thenCompose(CompletableFuture.java:2235)
	at org.apache.ratis.server.impl.RaftServerProxy.appendEntriesAsync(RaftServerProxy.java:634)
	at org.apache.ratis.grpc.server.GrpcServerProtocolService$1.process(GrpcServerProtocolService.java:219)
	at org.apache.ratis.grpc.server.GrpcServerProtocolService$1.process(GrpcServerProtocolService.java:216)
	at org.apache.ratis.grpc.server.GrpcServerProtocolService$ServerRequestStreamObserver.onNext(GrpcServerProtocolService.java:124)
	at org.apache.ratis.thirdparty.io.grpc.stub.ServerCalls$StreamingServerCallHandler$StreamingServerCallListener.onMessage(ServerCalls.java:262)
	at org.apache.ratis.thirdparty.io.grpc.ForwardingServerCallListener.onMessage(ForwardingServerCallListener.java:33)
	at org.apache.ratis.thirdparty.io.grpc.internal.ServerCallImpl$ServerStreamListenerImpl.messagesAvailableInternal(ServerCallImpl.java:332)
	at org.apache.ratis.thirdparty.io.grpc.internal.ServerCallImpl$ServerStreamListenerImpl.messagesAvailable(ServerCallImpl.java:315)
	at org.apache.ratis.thirdparty.io.grpc.internal.ServerImpl$JumpToApplicationThreadServerStreamListener$1MessagesAvailable.runInContext(ServerImpl.java:834)
	at org.apache.ratis.thirdparty.io.grpc.internal.ContextRunnable.run(ContextRunnable.java:37)
	at org.apache.ratis.thirdparty.io.grpc.internal.SerializingExecutor.run(SerializingExecutor.java:133)
	at java.base/java.util.concurrent.ThreadPoolExecutor.runWorker(ThreadPoolExecutor.java:1128)
	at java.base/java.util.concurrent.ThreadPoolExecutor$Worker.run(ThreadPoolExecutor.java:628)
	at java.base/java.lang.Thread.run(Thread.java:829)

		at org.apache.ratis.util.IOUtils.readObject(IOUtils.java:237)
		at org.apache.ratis.util.IOUtils.bytes2Object(IOUtils.java:214)
		at org.apache.ratis.grpc.GrpcUtil.tryUnwrapException(GrpcUtil.java:109)
		at org.apache.ratis.grpc.GrpcUtil.unwrapThrowable(GrpcUtil.java:82)
		at org.apache.ratis.grpc.GrpcUtil.warn(GrpcUtil.java:178)
		at org.apache.ratis.grpc.server.GrpcLogAppender$AppendLogResponseHandler.onError(GrpcLogAppender.java:405)
		... 10 more
	Caused by: java.lang.ClassCastException: Cannot cast java.util.concurrent.RejectedExecutionException to java.io.IOException
		at java.base/java.lang.Class.cast(Class.java:3605)
		at org.apache.ratis.util.IOUtils.readObject(IOUtils.java:234)
		... 15 more
2022-11-11 07:38:07,462 [grpc-default-executor-4] INFO  leader.FollowerInfo (FollowerInfoImpl.java:lambda$new$0(48)) - s2@group-DC0BCF2C7030->s1: nextIndex: updateUnconditionally 234 -> 139
2022-11-11 07:38:07,464 [s0-server-thread2] DEBUG raftlog.RaftLog (SegmentedRaftLog.java:appendImpl(446)) - truncateIndex=-1, arrayIndex=0
2022-11-11 07:38:07,465 [grpc-default-executor-8] WARN  server.GrpcServerProtocolService (LogUtils.java:warn(124)) - s1: Failed APPEND_ENTRIES request s2->s1#184-t2,previous=(t:1, i:138),leaderCommit=236,initializing? true,entries: size=99, first=(t:2, i:139), CONFIGURATIONENTRY(current:id: "s0"
address: "localhost:38889"
dataStreamAddress: "localhost:44045"
clientAddress: "localhost:36221"
adminAddress: "localhost:33369"
startupRole: FOLLOWER
,id: "s1"
address: "localhost:33469"
dataStreamAddress: "localhost:41079"
clientAddress: "localhost:38107"
adminAddress: "localhost:35601"
startupRole: FOLLOWER
,id: "s2"
address: "localhost:39335"
dataStreamAddress: "localhost:40831"
clientAddress: "localhost:32863"
adminAddress: "localhost:35389"
startupRole: FOLLOWER
, old:)
java.util.concurrent.CompletionException: java.util.concurrent.RejectedExecutionException: Task java.util.concurrent.CompletableFuture$AsyncSupply@2abda93e rejected from java.util.concurrent.ThreadPoolExecutor@7cbe9dc4[Terminated, pool size = 0, active threads = 0, queued tasks = 0, completed tasks = 0]
	at java.base/java.util.concurrent.CompletableFuture.encodeThrowable(CompletableFuture.java:314)
	at java.base/java.util.concurrent.CompletableFuture.uniComposeStage(CompletableFuture.java:1113)
	at java.base/java.util.concurrent.CompletableFuture.thenCompose(CompletableFuture.java:2235)
	at org.apache.ratis.server.impl.RaftServerProxy.appendEntriesAsync(RaftServerProxy.java:634)
	at org.apache.ratis.grpc.server.GrpcServerProtocolService$1.process(GrpcServerProtocolService.java:219)
	at org.apache.ratis.grpc.server.GrpcServerProtocolService$1.process(GrpcServerProtocolService.java:216)
	at org.apache.ratis.grpc.server.GrpcServerProtocolService$ServerRequestStreamObserver.onNext(GrpcServerProtocolService.java:124)
	at org.apache.ratis.thirdparty.io.grpc.stub.ServerCalls$StreamingServerCallHandler$StreamingServerCallListener.onMessage(ServerCalls.java:262)
	at org.apache.ratis.thirdparty.io.grpc.ForwardingServerCallListener.onMessage(ForwardingServerCallListener.java:33)
	at org.apache.ratis.thirdparty.io.grpc.internal.ServerCallImpl$ServerStreamListenerImpl.messagesAvailableInternal(ServerCallImpl.java:332)
	at org.apache.ratis.thirdparty.io.grpc.internal.ServerCallImpl$ServerStreamListenerImpl.messagesAvailable(ServerCallImpl.java:315)
	at org.apache.ratis.thirdparty.io.grpc.internal.ServerImpl$JumpToApplicationThreadServerStreamListener$1MessagesAvailable.runInContext(ServerImpl.java:834)
	at org.apache.ratis.thirdparty.io.grpc.internal.ContextRunnable.run(ContextRunnable.java:37)
	at org.apache.ratis.thirdparty.io.grpc.internal.SerializingExecutor.run(SerializingExecutor.java:133)
	at java.base/java.util.concurrent.ThreadPoolExecutor.runWorker(ThreadPoolExecutor.java:1128)
	at java.base/java.util.concurrent.ThreadPoolExecutor$Worker.run(ThreadPoolExecutor.java:628)
	at java.base/java.lang.Thread.run(Thread.java:829)
Caused by: java.util.concurrent.RejectedExecutionException: Task java.util.concurrent.CompletableFuture$AsyncSupply@2abda93e rejected from java.util.concurrent.ThreadPoolExecutor@7cbe9dc4[Terminated, pool size = 0, active threads = 0, queued tasks = 0, completed tasks = 0]
	at java.base/java.util.concurrent.ThreadPoolExecutor$AbortPolicy.rejectedExecution(ThreadPoolExecutor.java:2055)
	at java.base/java.util.concurrent.ThreadPoolExecutor.reject(ThreadPoolExecutor.java:825)
	at java.base/java.util.concurrent.ThreadPoolExecutor.execute(ThreadPoolExecutor.java:1355)
	at java.base/java.util.concurrent.CompletableFuture.asyncSupplyStage(CompletableFuture.java:1714)
	at java.base/java.util.concurrent.CompletableFuture.supplyAsync(CompletableFuture.java:1931)
	at org.apache.ratis.server.impl.RaftServerImpl.executeSubmitServerRequestAsync(RaftServerImpl.java:812)
	at org.apache.ratis.server.impl.RaftServerProxy.lambda$appendEntriesAsync$27(RaftServerProxy.java:634)
	at java.base/java.util.concurrent.CompletableFuture.uniComposeStage(CompletableFuture.java:1106)
	... 15 more
2022-11-11 07:38:07,466 [s2@group-DC0BCF2C7030-StateMachineUpdater] INFO  impl.SimpleStateMachine4Testing (SimpleStateMachine4Testing.java:put(205)) - s2: put 237, m116 -> (t:2, i:237), STATEMACHINELOGENTRY, 502@client-70D4234AB40A
2022-11-11 07:38:07,467 [s0-server-thread2] DEBUG raftlog.RaftLog (SegmentedRaftLog.java:appendImpl(446)) - truncateIndex=-1, arrayIndex=0
2022-11-11 07:38:07,468 [s0@group-DC0BCF2C7030-StateMachineUpdater] INFO  impl.SimpleStateMachine4Testing (SimpleStateMachine4Testing.java:put(205)) - s0: put 237, m116 -> (t:2, i:237), STATEMACHINELOGENTRY, 502@client-70D4234AB40A
2022-11-11 07:38:07,469 [grpc-default-executor-4] WARN  server.GrpcLogAppender (LogUtils.java:warn(124)) - s2@group-DC0BCF2C7030->s1-AppendLogResponseHandler: Failed appendEntries
java.io.IOException: java.util.concurrent.RejectedExecutionException: Task java.util.concurrent.CompletableFuture$AsyncSupply@2abda93e rejected from java.util.concurrent.ThreadPoolExecutor@7cbe9dc4[Terminated, pool size = 0, active threads = 0, queued tasks = 0, completed tasks = 0]
	at org.apache.ratis.util.IOUtils.asIOException(IOUtils.java:56)
	at org.apache.ratis.grpc.GrpcUtil.tryUnwrapException(GrpcUtil.java:121)
	at org.apache.ratis.grpc.GrpcUtil.unwrapThrowable(GrpcUtil.java:82)
	at org.apache.ratis.grpc.GrpcUtil.warn(GrpcUtil.java:178)
	at org.apache.ratis.grpc.server.GrpcLogAppender$AppendLogResponseHandler.onError(GrpcLogAppender.java:405)
	at org.apache.ratis.thirdparty.io.grpc.stub.ClientCalls$StreamObserverToCallListenerAdapter.onClose(ClientCalls.java:487)
	at org.apache.ratis.thirdparty.io.grpc.internal.ClientCallImpl.closeObserver(ClientCallImpl.java:562)
	at org.apache.ratis.thirdparty.io.grpc.internal.ClientCallImpl.access$300(ClientCallImpl.java:70)
	at org.apache.ratis.thirdparty.io.grpc.internal.ClientCallImpl$ClientStreamListenerImpl$1StreamClosed.runInternal(ClientCallImpl.java:743)
	at org.apache.ratis.thirdparty.io.grpc.internal.ClientCallImpl$ClientStreamListenerImpl$1StreamClosed.runInContext(ClientCallImpl.java:722)
	at org.apache.ratis.thirdparty.io.grpc.internal.ContextRunnable.run(ContextRunnable.java:37)
	at org.apache.ratis.thirdparty.io.grpc.internal.SerializingExecutor.run(SerializingExecutor.java:133)
	at java.base/java.util.concurrent.ThreadPoolExecutor.runWorker(ThreadPoolExecutor.java:1128)
	at java.base/java.util.concurrent.ThreadPoolExecutor$Worker.run(ThreadPoolExecutor.java:628)
	at java.base/java.lang.Thread.run(Thread.java:829)
Caused by: java.util.concurrent.RejectedExecutionException: Task java.util.concurrent.CompletableFuture$AsyncSupply@2abda93e rejected from java.util.concurrent.ThreadPoolExecutor@7cbe9dc4[Terminated, pool size = 0, active threads = 0, queued tasks = 0, completed tasks = 0]
	at java.base/jdk.internal.reflect.GeneratedConstructorAccessor11.newInstance(Unknown Source)
	at java.base/jdk.internal.reflect.DelegatingConstructorAccessorImpl.newInstance(DelegatingConstructorAccessorImpl.java:45)
	at java.base/java.lang.reflect.Constructor.newInstance(Constructor.java:490)
	at org.apache.ratis.util.ReflectionUtils.instantiateException(ReflectionUtils.java:259)
	at org.apache.ratis.grpc.GrpcUtil.tryUnwrapException(GrpcUtil.java:120)
	... 13 more
Caused by: org.apache.ratis.thirdparty.io.grpc.StatusRuntimeException: INTERNAL: Task java.util.concurrent.CompletableFuture$AsyncSupply@2abda93e rejected from java.util.concurrent.ThreadPoolExecutor@7cbe9dc4[Terminated, pool size = 0, active threads = 0, queued tasks = 0, completed tasks = 0]
	at org.apache.ratis.thirdparty.io.grpc.Status.asRuntimeException(Status.java:535)
	... 10 more
	Suppressed: java.lang.IllegalStateException: Failed to cast to class java.io.IOException, object=java.util.concurrent.RejectedExecutionException: Task java.util.concurrent.CompletableFuture$AsyncSupply@2abda93e rejected from java.util.concurrent.ThreadPoolExecutor@7cbe9dc4[Terminated, pool size = 0, active threads = 0, queued tasks = 0, completed tasks = 0]
	at java.base/java.util.concurrent.ThreadPoolExecutor$AbortPolicy.rejectedExecution(ThreadPoolExecutor.java:2055)
	at java.base/java.util.concurrent.ThreadPoolExecutor.reject(ThreadPoolExecutor.java:825)
	at java.base/java.util.concurrent.ThreadPoolExecutor.execute(ThreadPoolExecutor.java:1355)
	at java.base/java.util.concurrent.CompletableFuture.asyncSupplyStage(CompletableFuture.java:1714)
	at java.base/java.util.concurrent.CompletableFuture.supplyAsync(CompletableFuture.java:1931)
	at org.apache.ratis.server.impl.RaftServerImpl.executeSubmitServerRequestAsync(RaftServerImpl.java:812)
	at org.apache.ratis.server.impl.RaftServerProxy.lambda$appendEntriesAsync$27(RaftServerProxy.java:634)
	at java.base/java.util.concurrent.CompletableFuture.uniComposeStage(CompletableFuture.java:1106)
	at java.base/java.util.concurrent.CompletableFuture.thenCompose(CompletableFuture.java:2235)
	at org.apache.ratis.server.impl.RaftServerProxy.appendEntriesAsync(RaftServerProxy.java:634)
	at org.apache.ratis.grpc.server.GrpcServerProtocolService$1.process(GrpcServerProtocolService.java:219)
	at org.apache.ratis.grpc.server.GrpcServerProtocolService$1.process(GrpcServerProtocolService.java:216)
	at org.apache.ratis.grpc.server.GrpcServerProtocolService$ServerRequestStreamObserver.onNext(GrpcServerProtocolService.java:124)
	at org.apache.ratis.thirdparty.io.grpc.stub.ServerCalls$StreamingServerCallHandler$StreamingServerCallListener.onMessage(ServerCalls.java:262)
	at org.apache.ratis.thirdparty.io.grpc.ForwardingServerCallListener.onMessage(ForwardingServerCallListener.java:33)
	at org.apache.ratis.thirdparty.io.grpc.internal.ServerCallImpl$ServerStreamListenerImpl.messagesAvailableInternal(ServerCallImpl.java:332)
	at org.apache.ratis.thirdparty.io.grpc.internal.ServerCallImpl$ServerStreamListenerImpl.messagesAvailable(ServerCallImpl.java:315)
	at org.apache.ratis.thirdparty.io.grpc.internal.ServerImpl$JumpToApplicationThreadServerStreamListener$1MessagesAvailable.runInContext(ServerImpl.java:834)
	at org.apache.ratis.thirdparty.io.grpc.internal.ContextRunnable.run(ContextRunnable.java:37)
	at org.apache.ratis.thirdparty.io.grpc.internal.SerializingExecutor.run(SerializingExecutor.java:133)
	at java.base/java.util.concurrent.ThreadPoolExecutor.runWorker(ThreadPoolExecutor.java:1128)
	at java.base/java.util.concurrent.ThreadPoolExecutor$Worker.run(ThreadPoolExecutor.java:628)
	at java.base/java.lang.Thread.run(Thread.java:829)

		at org.apache.ratis.util.IOUtils.readObject(IOUtils.java:237)
		at org.apache.ratis.util.IOUtils.bytes2Object(IOUtils.java:214)
		at org.apache.ratis.grpc.GrpcUtil.tryUnwrapException(GrpcUtil.java:109)
		at org.apache.ratis.grpc.GrpcUtil.unwrapThrowable(GrpcUtil.java:82)
		at org.apache.ratis.grpc.GrpcUtil.warn(GrpcUtil.java:178)
		at org.apache.ratis.grpc.server.GrpcLogAppender$AppendLogResponseHandler.onError(GrpcLogAppender.java:405)
		... 10 more
	Caused by: java.lang.ClassCastException: Cannot cast java.util.concurrent.RejectedExecutionException to java.io.IOException
		at java.base/java.lang.Class.cast(Class.java:3605)
		at org.apache.ratis.util.IOUtils.readObject(IOUtils.java:234)
		... 15 more
2022-11-11 07:38:07,470 [grpc-default-executor-4] INFO  leader.FollowerInfo (FollowerInfoImpl.java:lambda$new$0(48)) - s2@group-DC0BCF2C7030->s1: nextIndex: updateUnconditionally 238 -> 139
2022-11-11 07:38:07,471 [s0-server-thread2] DEBUG raftlog.RaftLog (SegmentedRaftLog.java:appendImpl(446)) - truncateIndex=-1, arrayIndex=0
2022-11-11 07:38:07,472 [grpc-default-executor-8] WARN  server.GrpcServerProtocolService (LogUtils.java:warn(124)) - s1: Failed APPEND_ENTRIES request s2->s1#187-t2,previous=(t:1, i:138),leaderCommit=238,initializing? true,entries: size=101, first=(t:2, i:139), CONFIGURATIONENTRY(current:id: "s0"
address: "localhost:38889"
dataStreamAddress: "localhost:44045"
clientAddress: "localhost:36221"
adminAddress: "localhost:33369"
startupRole: FOLLOWER
,id: "s1"
address: "localhost:33469"
dataStreamAddress: "localhost:41079"
clientAddress: "localhost:38107"
adminAddress: "localhost:35601"
startupRole: FOLLOWER
,id: "s2"
address: "localhost:39335"
dataStreamAddress: "localhost:40831"
clientAddress: "localhost:32863"
adminAddress: "localhost:35389"
startupRole: FOLLOWER
, old:)
java.util.concurrent.CompletionException: java.util.concurrent.RejectedExecutionException: Task java.util.concurrent.CompletableFuture$AsyncSupply@10d8fcca rejected from java.util.concurrent.ThreadPoolExecutor@7cbe9dc4[Terminated, pool size = 0, active threads = 0, queued tasks = 0, completed tasks = 0]
	at java.base/java.util.concurrent.CompletableFuture.encodeThrowable(CompletableFuture.java:314)
	at java.base/java.util.concurrent.CompletableFuture.uniComposeStage(CompletableFuture.java:1113)
	at java.base/java.util.concurrent.CompletableFuture.thenCompose(CompletableFuture.java:2235)
	at org.apache.ratis.server.impl.RaftServerProxy.appendEntriesAsync(RaftServerProxy.java:634)
	at org.apache.ratis.grpc.server.GrpcServerProtocolService$1.process(GrpcServerProtocolService.java:219)
	at org.apache.ratis.grpc.server.GrpcServerProtocolService$1.process(GrpcServerProtocolService.java:216)
	at org.apache.ratis.grpc.server.GrpcServerProtocolService$ServerRequestStreamObserver.onNext(GrpcServerProtocolService.java:124)
	at org.apache.ratis.thirdparty.io.grpc.stub.ServerCalls$StreamingServerCallHandler$StreamingServerCallListener.onMessage(ServerCalls.java:262)
	at org.apache.ratis.thirdparty.io.grpc.ForwardingServerCallListener.onMessage(ForwardingServerCallListener.java:33)
	at org.apache.ratis.thirdparty.io.grpc.internal.ServerCallImpl$ServerStreamListenerImpl.messagesAvailableInternal(ServerCallImpl.java:332)
	at org.apache.ratis.thirdparty.io.grpc.internal.ServerCallImpl$ServerStreamListenerImpl.messagesAvailable(ServerCallImpl.java:315)
	at org.apache.ratis.thirdparty.io.grpc.internal.ServerImpl$JumpToApplicationThreadServerStreamListener$1MessagesAvailable.runInContext(ServerImpl.java:834)
	at org.apache.ratis.thirdparty.io.grpc.internal.ContextRunnable.run(ContextRunnable.java:37)
	at org.apache.ratis.thirdparty.io.grpc.internal.SerializingExecutor.run(SerializingExecutor.java:133)
	at java.base/java.util.concurrent.ThreadPoolExecutor.runWorker(ThreadPoolExecutor.java:1128)
	at java.base/java.util.concurrent.ThreadPoolExecutor$Worker.run(ThreadPoolExecutor.java:628)
	at java.base/java.lang.Thread.run(Thread.java:829)
Caused by: java.util.concurrent.RejectedExecutionException: Task java.util.concurrent.CompletableFuture$AsyncSupply@10d8fcca rejected from java.util.concurrent.ThreadPoolExecutor@7cbe9dc4[Terminated, pool size = 0, active threads = 0, queued tasks = 0, completed tasks = 0]
	at java.base/java.util.concurrent.ThreadPoolExecutor$AbortPolicy.rejectedExecution(ThreadPoolExecutor.java:2055)
	at java.base/java.util.concurrent.ThreadPoolExecutor.reject(ThreadPoolExecutor.java:825)
	at java.base/java.util.concurrent.ThreadPoolExecutor.execute(ThreadPoolExecutor.java:1355)
	at java.base/java.util.concurrent.CompletableFuture.asyncSupplyStage(CompletableFuture.java:1714)
	at java.base/java.util.concurrent.CompletableFuture.supplyAsync(CompletableFuture.java:1931)
	at org.apache.ratis.server.impl.RaftServerImpl.executeSubmitServerRequestAsync(RaftServerImpl.java:812)
	at org.apache.ratis.server.impl.RaftServerProxy.lambda$appendEntriesAsync$27(RaftServerProxy.java:634)
	at java.base/java.util.concurrent.CompletableFuture.uniComposeStage(CompletableFuture.java:1106)
	... 15 more
2022-11-11 07:38:07,474 [s2@group-DC0BCF2C7030-StateMachineUpdater] INFO  impl.SimpleStateMachine4Testing (SimpleStateMachine4Testing.java:put(205)) - s2: put 239, m117 -> (t:2, i:239), STATEMACHINELOGENTRY, 503@client-70D4234AB40A
2022-11-11 07:38:07,475 [s0-server-thread2] DEBUG raftlog.RaftLog (SegmentedRaftLog.java:appendImpl(446)) - truncateIndex=-1, arrayIndex=0
2022-11-11 07:38:07,477 [s0@group-DC0BCF2C7030-StateMachineUpdater] INFO  impl.SimpleStateMachine4Testing (SimpleStateMachine4Testing.java:put(205)) - s0: put 239, m117 -> (t:2, i:239), STATEMACHINELOGENTRY, 503@client-70D4234AB40A
2022-11-11 07:38:07,477 [grpc-default-executor-4] WARN  server.GrpcLogAppender (LogUtils.java:warn(124)) - s2@group-DC0BCF2C7030->s1-AppendLogResponseHandler: Failed appendEntries
java.io.IOException: java.util.concurrent.RejectedExecutionException: Task java.util.concurrent.CompletableFuture$AsyncSupply@10d8fcca rejected from java.util.concurrent.ThreadPoolExecutor@7cbe9dc4[Terminated, pool size = 0, active threads = 0, queued tasks = 0, completed tasks = 0]
	at org.apache.ratis.util.IOUtils.asIOException(IOUtils.java:56)
	at org.apache.ratis.grpc.GrpcUtil.tryUnwrapException(GrpcUtil.java:121)
	at org.apache.ratis.grpc.GrpcUtil.unwrapThrowable(GrpcUtil.java:82)
	at org.apache.ratis.grpc.GrpcUtil.warn(GrpcUtil.java:178)
	at org.apache.ratis.grpc.server.GrpcLogAppender$AppendLogResponseHandler.onError(GrpcLogAppender.java:405)
	at org.apache.ratis.thirdparty.io.grpc.stub.ClientCalls$StreamObserverToCallListenerAdapter.onClose(ClientCalls.java:487)
	at org.apache.ratis.thirdparty.io.grpc.internal.ClientCallImpl.closeObserver(ClientCallImpl.java:562)
	at org.apache.ratis.thirdparty.io.grpc.internal.ClientCallImpl.access$300(ClientCallImpl.java:70)
	at org.apache.ratis.thirdparty.io.grpc.internal.ClientCallImpl$ClientStreamListenerImpl$1StreamClosed.runInternal(ClientCallImpl.java:743)
	at org.apache.ratis.thirdparty.io.grpc.internal.ClientCallImpl$ClientStreamListenerImpl$1StreamClosed.runInContext(ClientCallImpl.java:722)
	at org.apache.ratis.thirdparty.io.grpc.internal.ContextRunnable.run(ContextRunnable.java:37)
	at org.apache.ratis.thirdparty.io.grpc.internal.SerializingExecutor.run(SerializingExecutor.java:133)
	at java.base/java.util.concurrent.ThreadPoolExecutor.runWorker(ThreadPoolExecutor.java:1128)
	at java.base/java.util.concurrent.ThreadPoolExecutor$Worker.run(ThreadPoolExecutor.java:628)
	at java.base/java.lang.Thread.run(Thread.java:829)
Caused by: java.util.concurrent.RejectedExecutionException: Task java.util.concurrent.CompletableFuture$AsyncSupply@10d8fcca rejected from java.util.concurrent.ThreadPoolExecutor@7cbe9dc4[Terminated, pool size = 0, active threads = 0, queued tasks = 0, completed tasks = 0]
	at java.base/jdk.internal.reflect.GeneratedConstructorAccessor11.newInstance(Unknown Source)
	at java.base/jdk.internal.reflect.DelegatingConstructorAccessorImpl.newInstance(DelegatingConstructorAccessorImpl.java:45)
	at java.base/java.lang.reflect.Constructor.newInstance(Constructor.java:490)
	at org.apache.ratis.util.ReflectionUtils.instantiateException(ReflectionUtils.java:259)
	at org.apache.ratis.grpc.GrpcUtil.tryUnwrapException(GrpcUtil.java:120)
	... 13 more
Caused by: org.apache.ratis.thirdparty.io.grpc.StatusRuntimeException: INTERNAL: Task java.util.concurrent.CompletableFuture$AsyncSupply@10d8fcca rejected from java.util.concurrent.ThreadPoolExecutor@7cbe9dc4[Terminated, pool size = 0, active threads = 0, queued tasks = 0, completed tasks = 0]
	at org.apache.ratis.thirdparty.io.grpc.Status.asRuntimeException(Status.java:535)
	... 10 more
	Suppressed: java.lang.IllegalStateException: Failed to cast to class java.io.IOException, object=java.util.concurrent.RejectedExecutionException: Task java.util.concurrent.CompletableFuture$AsyncSupply@10d8fcca rejected from java.util.concurrent.ThreadPoolExecutor@7cbe9dc4[Terminated, pool size = 0, active threads = 0, queued tasks = 0, completed tasks = 0]
	at java.base/java.util.concurrent.ThreadPoolExecutor$AbortPolicy.rejectedExecution(ThreadPoolExecutor.java:2055)
	at java.base/java.util.concurrent.ThreadPoolExecutor.reject(ThreadPoolExecutor.java:825)
	at java.base/java.util.concurrent.ThreadPoolExecutor.execute(ThreadPoolExecutor.java:1355)
	at java.base/java.util.concurrent.CompletableFuture.asyncSupplyStage(CompletableFuture.java:1714)
	at java.base/java.util.concurrent.CompletableFuture.supplyAsync(CompletableFuture.java:1931)
	at org.apache.ratis.server.impl.RaftServerImpl.executeSubmitServerRequestAsync(RaftServerImpl.java:812)
	at org.apache.ratis.server.impl.RaftServerProxy.lambda$appendEntriesAsync$27(RaftServerProxy.java:634)
	at java.base/java.util.concurrent.CompletableFuture.uniComposeStage(CompletableFuture.java:1106)
	at java.base/java.util.concurrent.CompletableFuture.thenCompose(CompletableFuture.java:2235)
	at org.apache.ratis.server.impl.RaftServerProxy.appendEntriesAsync(RaftServerProxy.java:634)
	at org.apache.ratis.grpc.server.GrpcServerProtocolService$1.process(GrpcServerProtocolService.java:219)
	at org.apache.ratis.grpc.server.GrpcServerProtocolService$1.process(GrpcServerProtocolService.java:216)
	at org.apache.ratis.grpc.server.GrpcServerProtocolService$ServerRequestStreamObserver.onNext(GrpcServerProtocolService.java:124)
	at org.apache.ratis.thirdparty.io.grpc.stub.ServerCalls$StreamingServerCallHandler$StreamingServerCallListener.onMessage(ServerCalls.java:262)
	at org.apache.ratis.thirdparty.io.grpc.ForwardingServerCallListener.onMessage(ForwardingServerCallListener.java:33)
	at org.apache.ratis.thirdparty.io.grpc.internal.ServerCallImpl$ServerStreamListenerImpl.messagesAvailableInternal(ServerCallImpl.java:332)
	at org.apache.ratis.thirdparty.io.grpc.internal.ServerCallImpl$ServerStreamListenerImpl.messagesAvailable(ServerCallImpl.java:315)
	at org.apache.ratis.thirdparty.io.grpc.internal.ServerImpl$JumpToApplicationThreadServerStreamListener$1MessagesAvailable.runInContext(ServerImpl.java:834)
	at org.apache.ratis.thirdparty.io.grpc.internal.ContextRunnable.run(ContextRunnable.java:37)
	at org.apache.ratis.thirdparty.io.grpc.internal.SerializingExecutor.run(SerializingExecutor.java:133)
	at java.base/java.util.concurrent.ThreadPoolExecutor.runWorker(ThreadPoolExecutor.java:1128)
	at java.base/java.util.concurrent.ThreadPoolExecutor$Worker.run(ThreadPoolExecutor.java:628)
	at java.base/java.lang.Thread.run(Thread.java:829)

		at org.apache.ratis.util.IOUtils.readObject(IOUtils.java:237)
		at org.apache.ratis.util.IOUtils.bytes2Object(IOUtils.java:214)
		at org.apache.ratis.grpc.GrpcUtil.tryUnwrapException(GrpcUtil.java:109)
		at org.apache.ratis.grpc.GrpcUtil.unwrapThrowable(GrpcUtil.java:82)
		at org.apache.ratis.grpc.GrpcUtil.warn(GrpcUtil.java:178)
		at org.apache.ratis.grpc.server.GrpcLogAppender$AppendLogResponseHandler.onError(GrpcLogAppender.java:405)
		... 10 more
	Caused by: java.lang.ClassCastException: Cannot cast java.util.concurrent.RejectedExecutionException to java.io.IOException
		at java.base/java.lang.Class.cast(Class.java:3605)
		at org.apache.ratis.util.IOUtils.readObject(IOUtils.java:234)
		... 15 more
2022-11-11 07:38:07,478 [grpc-default-executor-4] INFO  leader.FollowerInfo (FollowerInfoImpl.java:lambda$new$0(48)) - s2@group-DC0BCF2C7030->s1: nextIndex: updateUnconditionally 240 -> 139
2022-11-11 07:38:07,479 [s2-client-thread1] INFO  segmented.SegmentedRaftLogWorker (SegmentedRaftLogWorker.java:rollLogSegment(436)) - s2@group-DC0BCF2C7030-SegmentedRaftLogWorker: Rolling segment log-215_240 to index:240
2022-11-11 07:38:07,480 [s2@group-DC0BCF2C7030-SegmentedRaftLogWorker] TRACE util.FileUtils (LogUtils.java:runAndLog(49)) - Successfully ran Atomic Files.move /home/runner/work/ratis/ratis/ratis-test/target/test/data/badbfba9/MiniRaftClusterWithGrpcf526e0ef/s2/4c2c9efe-0344-4438-a419-dc0bcf2c7030/current/log_inprogress_215 to /home/runner/work/ratis/ratis/ratis-test/target/test/data/badbfba9/MiniRaftClusterWithGrpcf526e0ef/s2/4c2c9efe-0344-4438-a419-dc0bcf2c7030/current/log_215-240
2022-11-11 07:38:07,480 [s2@group-DC0BCF2C7030-SegmentedRaftLogWorker] INFO  segmented.SegmentedRaftLogWorker (SegmentedRaftLogWorker.java:execute(592)) - s2@group-DC0BCF2C7030-SegmentedRaftLogWorker: Rolled log segment from /home/runner/work/ratis/ratis/ratis-test/target/test/data/badbfba9/MiniRaftClusterWithGrpcf526e0ef/s2/4c2c9efe-0344-4438-a419-dc0bcf2c7030/current/log_inprogress_215 to /home/runner/work/ratis/ratis/ratis-test/target/test/data/badbfba9/MiniRaftClusterWithGrpcf526e0ef/s2/4c2c9efe-0344-4438-a419-dc0bcf2c7030/current/log_215-240
2022-11-11 07:38:07,481 [s0-server-thread2] DEBUG raftlog.RaftLog (SegmentedRaftLog.java:appendImpl(446)) - truncateIndex=-1, arrayIndex=0
2022-11-11 07:38:07,481 [s0-server-thread2] INFO  segmented.SegmentedRaftLogWorker (SegmentedRaftLogWorker.java:rollLogSegment(436)) - s0@group-DC0BCF2C7030-SegmentedRaftLogWorker: Rolling segment log-215_240 to index:240
2022-11-11 07:38:07,481 [s0@group-DC0BCF2C7030-SegmentedRaftLogWorker] TRACE util.FileUtils (LogUtils.java:runAndLog(49)) - Successfully ran Atomic Files.move /home/runner/work/ratis/ratis/ratis-test/target/test/data/badbfba9/MiniRaftClusterWithGrpcf526e0ef/s0/4c2c9efe-0344-4438-a419-dc0bcf2c7030/current/log_inprogress_215 to /home/runner/work/ratis/ratis/ratis-test/target/test/data/badbfba9/MiniRaftClusterWithGrpcf526e0ef/s0/4c2c9efe-0344-4438-a419-dc0bcf2c7030/current/log_215-240
2022-11-11 07:38:07,481 [s0@group-DC0BCF2C7030-SegmentedRaftLogWorker] INFO  segmented.SegmentedRaftLogWorker (SegmentedRaftLogWorker.java:execute(592)) - s0@group-DC0BCF2C7030-SegmentedRaftLogWorker: Rolled log segment from /home/runner/work/ratis/ratis/ratis-test/target/test/data/badbfba9/MiniRaftClusterWithGrpcf526e0ef/s0/4c2c9efe-0344-4438-a419-dc0bcf2c7030/current/log_inprogress_215 to /home/runner/work/ratis/ratis/ratis-test/target/test/data/badbfba9/MiniRaftClusterWithGrpcf526e0ef/s0/4c2c9efe-0344-4438-a419-dc0bcf2c7030/current/log_215-240
2022-11-11 07:38:07,482 [grpc-default-executor-8] WARN  server.GrpcServerProtocolService (LogUtils.java:warn(124)) - s1: Failed APPEND_ENTRIES request s2->s1#191-t2,previous=(t:1, i:138),leaderCommit=240,initializing? true,entries: size=103, first=(t:2, i:139), CONFIGURATIONENTRY(current:id: "s0"
address: "localhost:38889"
dataStreamAddress: "localhost:44045"
clientAddress: "localhost:36221"
adminAddress: "localhost:33369"
startupRole: FOLLOWER
,id: "s1"
address: "localhost:33469"
dataStreamAddress: "localhost:41079"
clientAddress: "localhost:38107"
adminAddress: "localhost:35601"
startupRole: FOLLOWER
,id: "s2"
address: "localhost:39335"
dataStreamAddress: "localhost:40831"
clientAddress: "localhost:32863"
adminAddress: "localhost:35389"
startupRole: FOLLOWER
, old:)
java.util.concurrent.CompletionException: java.util.concurrent.RejectedExecutionException: Task java.util.concurrent.CompletableFuture$AsyncSupply@4e43a4bc rejected from java.util.concurrent.ThreadPoolExecutor@7cbe9dc4[Terminated, pool size = 0, active threads = 0, queued tasks = 0, completed tasks = 0]
	at java.base/java.util.concurrent.CompletableFuture.encodeThrowable(CompletableFuture.java:314)
	at java.base/java.util.concurrent.CompletableFuture.uniComposeStage(CompletableFuture.java:1113)
	at java.base/java.util.concurrent.CompletableFuture.thenCompose(CompletableFuture.java:2235)
	at org.apache.ratis.server.impl.RaftServerProxy.appendEntriesAsync(RaftServerProxy.java:634)
	at org.apache.ratis.grpc.server.GrpcServerProtocolService$1.process(GrpcServerProtocolService.java:219)
	at org.apache.ratis.grpc.server.GrpcServerProtocolService$1.process(GrpcServerProtocolService.java:216)
	at org.apache.ratis.grpc.server.GrpcServerProtocolService$ServerRequestStreamObserver.onNext(GrpcServerProtocolService.java:124)
	at org.apache.ratis.thirdparty.io.grpc.stub.ServerCalls$StreamingServerCallHandler$StreamingServerCallListener.onMessage(ServerCalls.java:262)
	at org.apache.ratis.thirdparty.io.grpc.ForwardingServerCallListener.onMessage(ForwardingServerCallListener.java:33)
	at org.apache.ratis.thirdparty.io.grpc.internal.ServerCallImpl$ServerStreamListenerImpl.messagesAvailableInternal(ServerCallImpl.java:332)
	at org.apache.ratis.thirdparty.io.grpc.internal.ServerCallImpl$ServerStreamListenerImpl.messagesAvailable(ServerCallImpl.java:315)
	at org.apache.ratis.thirdparty.io.grpc.internal.ServerImpl$JumpToApplicationThreadServerStreamListener$1MessagesAvailable.runInContext(ServerImpl.java:834)
	at org.apache.ratis.thirdparty.io.grpc.internal.ContextRunnable.run(ContextRunnable.java:37)
	at org.apache.ratis.thirdparty.io.grpc.internal.SerializingExecutor.run(SerializingExecutor.java:133)
	at java.base/java.util.concurrent.ThreadPoolExecutor.runWorker(ThreadPoolExecutor.java:1128)
	at java.base/java.util.concurrent.ThreadPoolExecutor$Worker.run(ThreadPoolExecutor.java:628)
	at java.base/java.lang.Thread.run(Thread.java:829)
Caused by: java.util.concurrent.RejectedExecutionException: Task java.util.concurrent.CompletableFuture$AsyncSupply@4e43a4bc rejected from java.util.concurrent.ThreadPoolExecutor@7cbe9dc4[Terminated, pool size = 0, active threads = 0, queued tasks = 0, completed tasks = 0]
	at java.base/java.util.concurrent.ThreadPoolExecutor$AbortPolicy.rejectedExecution(ThreadPoolExecutor.java:2055)
	at java.base/java.util.concurrent.ThreadPoolExecutor.reject(ThreadPoolExecutor.java:825)
	at java.base/java.util.concurrent.ThreadPoolExecutor.execute(ThreadPoolExecutor.java:1355)
	at java.base/java.util.concurrent.CompletableFuture.asyncSupplyStage(CompletableFuture.java:1714)
	at java.base/java.util.concurrent.CompletableFuture.supplyAsync(CompletableFuture.java:1931)
	at org.apache.ratis.server.impl.RaftServerImpl.executeSubmitServerRequestAsync(RaftServerImpl.java:812)
	at org.apache.ratis.server.impl.RaftServerProxy.lambda$appendEntriesAsync$27(RaftServerProxy.java:634)
	at java.base/java.util.concurrent.CompletableFuture.uniComposeStage(CompletableFuture.java:1106)
	... 15 more
2022-11-11 07:38:07,483 [s0@group-DC0BCF2C7030-SegmentedRaftLogWorker] INFO  segmented.SegmentedRaftLogWorker (SegmentedRaftLogWorker.java:execute(635)) - s0@group-DC0BCF2C7030-SegmentedRaftLogWorker: created new log segment /home/runner/work/ratis/ratis/ratis-test/target/test/data/badbfba9/MiniRaftClusterWithGrpcf526e0ef/s0/4c2c9efe-0344-4438-a419-dc0bcf2c7030/current/log_inprogress_241
2022-11-11 07:38:07,483 [s2@group-DC0BCF2C7030-SegmentedRaftLogWorker] INFO  segmented.SegmentedRaftLogWorker (SegmentedRaftLogWorker.java:execute(635)) - s2@group-DC0BCF2C7030-SegmentedRaftLogWorker: created new log segment /home/runner/work/ratis/ratis/ratis-test/target/test/data/badbfba9/MiniRaftClusterWithGrpcf526e0ef/s2/4c2c9efe-0344-4438-a419-dc0bcf2c7030/current/log_inprogress_241
2022-11-11 07:38:07,485 [s2@group-DC0BCF2C7030-StateMachineUpdater] INFO  impl.SimpleStateMachine4Testing (SimpleStateMachine4Testing.java:put(205)) - s2: put 241, m118 -> (t:2, i:241), STATEMACHINELOGENTRY, 504@client-70D4234AB40A
2022-11-11 07:38:07,486 [s0-server-thread2] DEBUG raftlog.RaftLog (SegmentedRaftLog.java:appendImpl(446)) - truncateIndex=-1, arrayIndex=0
2022-11-11 07:38:07,487 [grpc-default-executor-6] WARN  server.GrpcLogAppender (LogUtils.java:warn(124)) - s2@group-DC0BCF2C7030->s1-AppendLogResponseHandler: Failed appendEntries
java.io.IOException: java.util.concurrent.RejectedExecutionException: Task java.util.concurrent.CompletableFuture$AsyncSupply@4e43a4bc rejected from java.util.concurrent.ThreadPoolExecutor@7cbe9dc4[Terminated, pool size = 0, active threads = 0, queued tasks = 0, completed tasks = 0]
	at org.apache.ratis.util.IOUtils.asIOException(IOUtils.java:56)
	at org.apache.ratis.grpc.GrpcUtil.tryUnwrapException(GrpcUtil.java:121)
	at org.apache.ratis.grpc.GrpcUtil.unwrapThrowable(GrpcUtil.java:82)
	at org.apache.ratis.grpc.GrpcUtil.warn(GrpcUtil.java:178)
	at org.apache.ratis.grpc.server.GrpcLogAppender$AppendLogResponseHandler.onError(GrpcLogAppender.java:405)
	at org.apache.ratis.thirdparty.io.grpc.stub.ClientCalls$StreamObserverToCallListenerAdapter.onClose(ClientCalls.java:487)
	at org.apache.ratis.thirdparty.io.grpc.internal.ClientCallImpl.closeObserver(ClientCallImpl.java:562)
	at org.apache.ratis.thirdparty.io.grpc.internal.ClientCallImpl.access$300(ClientCallImpl.java:70)
	at org.apache.ratis.thirdparty.io.grpc.internal.ClientCallImpl$ClientStreamListenerImpl$1StreamClosed.runInternal(ClientCallImpl.java:743)
	at org.apache.ratis.thirdparty.io.grpc.internal.ClientCallImpl$ClientStreamListenerImpl$1StreamClosed.runInContext(ClientCallImpl.java:722)
	at org.apache.ratis.thirdparty.io.grpc.internal.ContextRunnable.run(ContextRunnable.java:37)
	at org.apache.ratis.thirdparty.io.grpc.internal.SerializingExecutor.run(SerializingExecutor.java:133)
	at java.base/java.util.concurrent.ThreadPoolExecutor.runWorker(ThreadPoolExecutor.java:1128)
	at java.base/java.util.concurrent.ThreadPoolExecutor$Worker.run(ThreadPoolExecutor.java:628)
	at java.base/java.lang.Thread.run(Thread.java:829)
Caused by: java.util.concurrent.RejectedExecutionException: Task java.util.concurrent.CompletableFuture$AsyncSupply@4e43a4bc rejected from java.util.concurrent.ThreadPoolExecutor@7cbe9dc4[Terminated, pool size = 0, active threads = 0, queued tasks = 0, completed tasks = 0]
	at java.base/jdk.internal.reflect.GeneratedConstructorAccessor11.newInstance(Unknown Source)
	at java.base/jdk.internal.reflect.DelegatingConstructorAccessorImpl.newInstance(DelegatingConstructorAccessorImpl.java:45)
	at java.base/java.lang.reflect.Constructor.newInstance(Constructor.java:490)
	at org.apache.ratis.util.ReflectionUtils.instantiateException(ReflectionUtils.java:259)
	at org.apache.ratis.grpc.GrpcUtil.tryUnwrapException(GrpcUtil.java:120)
	... 13 more
Caused by: org.apache.ratis.thirdparty.io.grpc.StatusRuntimeException: INTERNAL: Task java.util.concurrent.CompletableFuture$AsyncSupply@4e43a4bc rejected from java.util.concurrent.ThreadPoolExecutor@7cbe9dc4[Terminated, pool size = 0, active threads = 0, queued tasks = 0, completed tasks = 0]
	at org.apache.ratis.thirdparty.io.grpc.Status.asRuntimeException(Status.java:535)
	... 10 more
	Suppressed: java.lang.IllegalStateException: Failed to cast to class java.io.IOException, object=java.util.concurrent.RejectedExecutionException: Task java.util.concurrent.CompletableFuture$AsyncSupply@4e43a4bc rejected from java.util.concurrent.ThreadPoolExecutor@7cbe9dc4[Terminated, pool size = 0, active threads = 0, queued tasks = 0, completed tasks = 0]
	at java.base/java.util.concurrent.ThreadPoolExecutor$AbortPolicy.rejectedExecution(ThreadPoolExecutor.java:2055)
	at java.base/java.util.concurrent.ThreadPoolExecutor.reject(ThreadPoolExecutor.java:825)
	at java.base/java.util.concurrent.ThreadPoolExecutor.execute(ThreadPoolExecutor.java:1355)
	at java.base/java.util.concurrent.CompletableFuture.asyncSupplyStage(CompletableFuture.java:1714)
	at java.base/java.util.concurrent.CompletableFuture.supplyAsync(CompletableFuture.java:1931)
	at org.apache.ratis.server.impl.RaftServerImpl.executeSubmitServerRequestAsync(RaftServerImpl.java:812)
	at org.apache.ratis.server.impl.RaftServerProxy.lambda$appendEntriesAsync$27(RaftServerProxy.java:634)
	at java.base/java.util.concurrent.CompletableFuture.uniComposeStage(CompletableFuture.java:1106)
	at java.base/java.util.concurrent.CompletableFuture.thenCompose(CompletableFuture.java:2235)
	at org.apache.ratis.server.impl.RaftServerProxy.appendEntriesAsync(RaftServerProxy.java:634)
	at org.apache.ratis.grpc.server.GrpcServerProtocolService$1.process(GrpcServerProtocolService.java:219)
	at org.apache.ratis.grpc.server.GrpcServerProtocolService$1.process(GrpcServerProtocolService.java:216)
	at org.apache.ratis.grpc.server.GrpcServerProtocolService$ServerRequestStreamObserver.onNext(GrpcServerProtocolService.java:124)
	at org.apache.ratis.thirdparty.io.grpc.stub.ServerCalls$StreamingServerCallHandler$StreamingServerCallListener.onMessage(ServerCalls.java:262)
	at org.apache.ratis.thirdparty.io.grpc.ForwardingServerCallListener.onMessage(ForwardingServerCallListener.java:33)
	at org.apache.ratis.thirdparty.io.grpc.internal.ServerCallImpl$ServerStreamListenerImpl.messagesAvailableInternal(ServerCallImpl.java:332)
	at org.apache.ratis.thirdparty.io.grpc.internal.ServerCallImpl$ServerStreamListenerImpl.messagesAvailable(ServerCallImpl.java:315)
	at org.apache.ratis.thirdparty.io.grpc.internal.ServerImpl$JumpToApplicationThreadServerStreamListener$1MessagesAvailable.runInContext(ServerImpl.java:834)
	at org.apache.ratis.thirdparty.io.grpc.internal.ContextRunnable.run(ContextRunnable.java:37)
	at org.apache.ratis.thirdparty.io.grpc.internal.SerializingExecutor.run(SerializingExecutor.java:133)
	at java.base/java.util.concurrent.ThreadPoolExecutor.runWorker(ThreadPoolExecutor.java:1128)
	at java.base/java.util.concurrent.ThreadPoolExecutor$Worker.run(ThreadPoolExecutor.java:628)
	at java.base/java.lang.Thread.run(Thread.java:829)

		at org.apache.ratis.util.IOUtils.readObject(IOUtils.java:237)
		at org.apache.ratis.util.IOUtils.bytes2Object(IOUtils.java:214)
		at org.apache.ratis.grpc.GrpcUtil.tryUnwrapException(GrpcUtil.java:109)
		at org.apache.ratis.grpc.GrpcUtil.unwrapThrowable(GrpcUtil.java:82)
		at org.apache.ratis.grpc.GrpcUtil.warn(GrpcUtil.java:178)
		at org.apache.ratis.grpc.server.GrpcLogAppender$AppendLogResponseHandler.onError(GrpcLogAppender.java:405)
		... 10 more
	Caused by: java.lang.ClassCastException: Cannot cast java.util.concurrent.RejectedExecutionException to java.io.IOException
		at java.base/java.lang.Class.cast(Class.java:3605)
		at org.apache.ratis.util.IOUtils.readObject(IOUtils.java:234)
		... 15 more
2022-11-11 07:38:07,487 [grpc-default-executor-6] INFO  leader.FollowerInfo (FollowerInfoImpl.java:lambda$new$0(48)) - s2@group-DC0BCF2C7030->s1: nextIndex: updateUnconditionally 242 -> 139
2022-11-11 07:38:07,487 [s0@group-DC0BCF2C7030-StateMachineUpdater] INFO  impl.SimpleStateMachine4Testing (SimpleStateMachine4Testing.java:put(205)) - s0: put 241, m118 -> (t:2, i:241), STATEMACHINELOGENTRY, 504@client-70D4234AB40A
2022-11-11 07:38:07,489 [grpc-default-executor-8] WARN  server.GrpcServerProtocolService (LogUtils.java:warn(124)) - s1: Failed APPEND_ENTRIES request s2->s1#194-t2,previous=(t:1, i:138),leaderCommit=241,initializing? true,entries: size=104, first=(t:2, i:139), CONFIGURATIONENTRY(current:id: "s0"
address: "localhost:38889"
dataStreamAddress: "localhost:44045"
clientAddress: "localhost:36221"
adminAddress: "localhost:33369"
startupRole: FOLLOWER
,id: "s1"
address: "localhost:33469"
dataStreamAddress: "localhost:41079"
clientAddress: "localhost:38107"
adminAddress: "localhost:35601"
startupRole: FOLLOWER
,id: "s2"
address: "localhost:39335"
dataStreamAddress: "localhost:40831"
clientAddress: "localhost:32863"
adminAddress: "localhost:35389"
startupRole: FOLLOWER
, old:)
java.util.concurrent.CompletionException: java.util.concurrent.RejectedExecutionException: Task java.util.concurrent.CompletableFuture$AsyncSupply@6fca9c4a rejected from java.util.concurrent.ThreadPoolExecutor@7cbe9dc4[Terminated, pool size = 0, active threads = 0, queued tasks = 0, completed tasks = 0]
	at java.base/java.util.concurrent.CompletableFuture.encodeThrowable(CompletableFuture.java:314)
	at java.base/java.util.concurrent.CompletableFuture.uniComposeStage(CompletableFuture.java:1113)
	at java.base/java.util.concurrent.CompletableFuture.thenCompose(CompletableFuture.java:2235)
	at org.apache.ratis.server.impl.RaftServerProxy.appendEntriesAsync(RaftServerProxy.java:634)
	at org.apache.ratis.grpc.server.GrpcServerProtocolService$1.process(GrpcServerProtocolService.java:219)
	at org.apache.ratis.grpc.server.GrpcServerProtocolService$1.process(GrpcServerProtocolService.java:216)
	at org.apache.ratis.grpc.server.GrpcServerProtocolService$ServerRequestStreamObserver.onNext(GrpcServerProtocolService.java:124)
	at org.apache.ratis.thirdparty.io.grpc.stub.ServerCalls$StreamingServerCallHandler$StreamingServerCallListener.onMessage(ServerCalls.java:262)
	at org.apache.ratis.thirdparty.io.grpc.ForwardingServerCallListener.onMessage(ForwardingServerCallListener.java:33)
	at org.apache.ratis.thirdparty.io.grpc.internal.ServerCallImpl$ServerStreamListenerImpl.messagesAvailableInternal(ServerCallImpl.java:332)
	at org.apache.ratis.thirdparty.io.grpc.internal.ServerCallImpl$ServerStreamListenerImpl.messagesAvailable(ServerCallImpl.java:315)
	at org.apache.ratis.thirdparty.io.grpc.internal.ServerImpl$JumpToApplicationThreadServerStreamListener$1MessagesAvailable.runInContext(ServerImpl.java:834)
	at org.apache.ratis.thirdparty.io.grpc.internal.ContextRunnable.run(ContextRunnable.java:37)
	at org.apache.ratis.thirdparty.io.grpc.internal.SerializingExecutor.run(SerializingExecutor.java:133)
	at java.base/java.util.concurrent.ThreadPoolExecutor.runWorker(ThreadPoolExecutor.java:1128)
	at java.base/java.util.concurrent.ThreadPoolExecutor$Worker.run(ThreadPoolExecutor.java:628)
	at java.base/java.lang.Thread.run(Thread.java:829)
Caused by: java.util.concurrent.RejectedExecutionException: Task java.util.concurrent.CompletableFuture$AsyncSupply@6fca9c4a rejected from java.util.concurrent.ThreadPoolExecutor@7cbe9dc4[Terminated, pool size = 0, active threads = 0, queued tasks = 0, completed tasks = 0]
	at java.base/java.util.concurrent.ThreadPoolExecutor$AbortPolicy.rejectedExecution(ThreadPoolExecutor.java:2055)
	at java.base/java.util.concurrent.ThreadPoolExecutor.reject(ThreadPoolExecutor.java:825)
	at java.base/java.util.concurrent.ThreadPoolExecutor.execute(ThreadPoolExecutor.java:1355)
	at java.base/java.util.concurrent.CompletableFuture.asyncSupplyStage(CompletableFuture.java:1714)
	at java.base/java.util.concurrent.CompletableFuture.supplyAsync(CompletableFuture.java:1931)
	at org.apache.ratis.server.impl.RaftServerImpl.executeSubmitServerRequestAsync(RaftServerImpl.java:812)
	at org.apache.ratis.server.impl.RaftServerProxy.lambda$appendEntriesAsync$27(RaftServerProxy.java:634)
	at java.base/java.util.concurrent.CompletableFuture.uniComposeStage(CompletableFuture.java:1106)
	... 15 more
2022-11-11 07:38:07,490 [s0-server-thread2] DEBUG raftlog.RaftLog (SegmentedRaftLog.java:appendImpl(446)) - truncateIndex=-1, arrayIndex=0
2022-11-11 07:38:07,491 [s2@group-DC0BCF2C7030-StateMachineUpdater] INFO  impl.SimpleStateMachine4Testing (SimpleStateMachine4Testing.java:put(205)) - s2: put 243, m119 -> (t:2, i:243), STATEMACHINELOGENTRY, 505@client-70D4234AB40A
2022-11-11 07:38:07,492 [s0-server-thread2] DEBUG raftlog.RaftLog (SegmentedRaftLog.java:appendImpl(446)) - truncateIndex=-1, arrayIndex=0
2022-11-11 07:38:07,493 [s0@group-DC0BCF2C7030-StateMachineUpdater] INFO  impl.SimpleStateMachine4Testing (SimpleStateMachine4Testing.java:put(205)) - s0: put 243, m119 -> (t:2, i:243), STATEMACHINELOGENTRY, 505@client-70D4234AB40A
2022-11-11 07:38:07,494 [grpc-default-executor-6] WARN  server.GrpcLogAppender (LogUtils.java:warn(124)) - s2@group-DC0BCF2C7030->s1-AppendLogResponseHandler: Failed appendEntries
java.io.IOException: java.util.concurrent.RejectedExecutionException: Task java.util.concurrent.CompletableFuture$AsyncSupply@6fca9c4a rejected from java.util.concurrent.ThreadPoolExecutor@7cbe9dc4[Terminated, pool size = 0, active threads = 0, queued tasks = 0, completed tasks = 0]
	at org.apache.ratis.util.IOUtils.asIOException(IOUtils.java:56)
	at org.apache.ratis.grpc.GrpcUtil.tryUnwrapException(GrpcUtil.java:121)
	at org.apache.ratis.grpc.GrpcUtil.unwrapThrowable(GrpcUtil.java:82)
	at org.apache.ratis.grpc.GrpcUtil.warn(GrpcUtil.java:178)
	at org.apache.ratis.grpc.server.GrpcLogAppender$AppendLogResponseHandler.onError(GrpcLogAppender.java:405)
	at org.apache.ratis.thirdparty.io.grpc.stub.ClientCalls$StreamObserverToCallListenerAdapter.onClose(ClientCalls.java:487)
	at org.apache.ratis.thirdparty.io.grpc.internal.ClientCallImpl.closeObserver(ClientCallImpl.java:562)
	at org.apache.ratis.thirdparty.io.grpc.internal.ClientCallImpl.access$300(ClientCallImpl.java:70)
	at org.apache.ratis.thirdparty.io.grpc.internal.ClientCallImpl$ClientStreamListenerImpl$1StreamClosed.runInternal(ClientCallImpl.java:743)
	at org.apache.ratis.thirdparty.io.grpc.internal.ClientCallImpl$ClientStreamListenerImpl$1StreamClosed.runInContext(ClientCallImpl.java:722)
	at org.apache.ratis.thirdparty.io.grpc.internal.ContextRunnable.run(ContextRunnable.java:37)
	at org.apache.ratis.thirdparty.io.grpc.internal.SerializingExecutor.run(SerializingExecutor.java:133)
	at java.base/java.util.concurrent.ThreadPoolExecutor.runWorker(ThreadPoolExecutor.java:1128)
	at java.base/java.util.concurrent.ThreadPoolExecutor$Worker.run(ThreadPoolExecutor.java:628)
	at java.base/java.lang.Thread.run(Thread.java:829)
Caused by: java.util.concurrent.RejectedExecutionException: Task java.util.concurrent.CompletableFuture$AsyncSupply@6fca9c4a rejected from java.util.concurrent.ThreadPoolExecutor@7cbe9dc4[Terminated, pool size = 0, active threads = 0, queued tasks = 0, completed tasks = 0]
	at java.base/jdk.internal.reflect.GeneratedConstructorAccessor11.newInstance(Unknown Source)
	at java.base/jdk.internal.reflect.DelegatingConstructorAccessorImpl.newInstance(DelegatingConstructorAccessorImpl.java:45)
	at java.base/java.lang.reflect.Constructor.newInstance(Constructor.java:490)
	at org.apache.ratis.util.ReflectionUtils.instantiateException(ReflectionUtils.java:259)
	at org.apache.ratis.grpc.GrpcUtil.tryUnwrapException(GrpcUtil.java:120)
	... 13 more
Caused by: org.apache.ratis.thirdparty.io.grpc.StatusRuntimeException: INTERNAL: Task java.util.concurrent.CompletableFuture$AsyncSupply@6fca9c4a rejected from java.util.concurrent.ThreadPoolExecutor@7cbe9dc4[Terminated, pool size = 0, active threads = 0, queued tasks = 0, completed tasks = 0]
	at org.apache.ratis.thirdparty.io.grpc.Status.asRuntimeException(Status.java:535)
	... 10 more
	Suppressed: java.lang.IllegalStateException: Failed to cast to class java.io.IOException, object=java.util.concurrent.RejectedExecutionException: Task java.util.concurrent.CompletableFuture$AsyncSupply@6fca9c4a rejected from java.util.concurrent.ThreadPoolExecutor@7cbe9dc4[Terminated, pool size = 0, active threads = 0, queued tasks = 0, completed tasks = 0]
	at java.base/java.util.concurrent.ThreadPoolExecutor$AbortPolicy.rejectedExecution(ThreadPoolExecutor.java:2055)
	at java.base/java.util.concurrent.ThreadPoolExecutor.reject(ThreadPoolExecutor.java:825)
	at java.base/java.util.concurrent.ThreadPoolExecutor.execute(ThreadPoolExecutor.java:1355)
	at java.base/java.util.concurrent.CompletableFuture.asyncSupplyStage(CompletableFuture.java:1714)
	at java.base/java.util.concurrent.CompletableFuture.supplyAsync(CompletableFuture.java:1931)
	at org.apache.ratis.server.impl.RaftServerImpl.executeSubmitServerRequestAsync(RaftServerImpl.java:812)
	at org.apache.ratis.server.impl.RaftServerProxy.lambda$appendEntriesAsync$27(RaftServerProxy.java:634)
	at java.base/java.util.concurrent.CompletableFuture.uniComposeStage(CompletableFuture.java:1106)
	at java.base/java.util.concurrent.CompletableFuture.thenCompose(CompletableFuture.java:2235)
	at org.apache.ratis.server.impl.RaftServerProxy.appendEntriesAsync(RaftServerProxy.java:634)
	at org.apache.ratis.grpc.server.GrpcServerProtocolService$1.process(GrpcServerProtocolService.java:219)
	at org.apache.ratis.grpc.server.GrpcServerProtocolService$1.process(GrpcServerProtocolService.java:216)
	at org.apache.ratis.grpc.server.GrpcServerProtocolService$ServerRequestStreamObserver.onNext(GrpcServerProtocolService.java:124)
	at org.apache.ratis.thirdparty.io.grpc.stub.ServerCalls$StreamingServerCallHandler$StreamingServerCallListener.onMessage(ServerCalls.java:262)
	at org.apache.ratis.thirdparty.io.grpc.ForwardingServerCallListener.onMessage(ForwardingServerCallListener.java:33)
	at org.apache.ratis.thirdparty.io.grpc.internal.ServerCallImpl$ServerStreamListenerImpl.messagesAvailableInternal(ServerCallImpl.java:332)
	at org.apache.ratis.thirdparty.io.grpc.internal.ServerCallImpl$ServerStreamListenerImpl.messagesAvailable(ServerCallImpl.java:315)
	at org.apache.ratis.thirdparty.io.grpc.internal.ServerImpl$JumpToApplicationThreadServerStreamListener$1MessagesAvailable.runInContext(ServerImpl.java:834)
	at org.apache.ratis.thirdparty.io.grpc.internal.ContextRunnable.run(ContextRunnable.java:37)
	at org.apache.ratis.thirdparty.io.grpc.internal.SerializingExecutor.run(SerializingExecutor.java:133)
	at java.base/java.util.concurrent.ThreadPoolExecutor.runWorker(ThreadPoolExecutor.java:1128)
	at java.base/java.util.concurrent.ThreadPoolExecutor$Worker.run(ThreadPoolExecutor.java:628)
	at java.base/java.lang.Thread.run(Thread.java:829)

		at org.apache.ratis.util.IOUtils.readObject(IOUtils.java:237)
		at org.apache.ratis.util.IOUtils.bytes2Object(IOUtils.java:214)
		at org.apache.ratis.grpc.GrpcUtil.tryUnwrapException(GrpcUtil.java:109)
		at org.apache.ratis.grpc.GrpcUtil.unwrapThrowable(GrpcUtil.java:82)
		at org.apache.ratis.grpc.GrpcUtil.warn(GrpcUtil.java:178)
		at org.apache.ratis.grpc.server.GrpcLogAppender$AppendLogResponseHandler.onError(GrpcLogAppender.java:405)
		... 10 more
	Caused by: java.lang.ClassCastException: Cannot cast java.util.concurrent.RejectedExecutionException to java.io.IOException
		at java.base/java.lang.Class.cast(Class.java:3605)
		at org.apache.ratis.util.IOUtils.readObject(IOUtils.java:234)
		... 15 more
2022-11-11 07:38:07,494 [grpc-default-executor-6] INFO  leader.FollowerInfo (FollowerInfoImpl.java:lambda$new$0(48)) - s2@group-DC0BCF2C7030->s1: nextIndex: updateUnconditionally 243 -> 139
2022-11-11 07:38:07,495 [s0-server-thread2] DEBUG raftlog.RaftLog (SegmentedRaftLog.java:appendImpl(446)) - truncateIndex=-1, arrayIndex=0
2022-11-11 07:38:07,496 [s2@group-DC0BCF2C7030-StateMachineUpdater] INFO  impl.SimpleStateMachine4Testing (SimpleStateMachine4Testing.java:put(205)) - s2: put 245, m120 -> (t:2, i:245), STATEMACHINELOGENTRY, 506@client-70D4234AB40A
2022-11-11 07:38:07,497 [s0-server-thread2] DEBUG raftlog.RaftLog (SegmentedRaftLog.java:appendImpl(446)) - truncateIndex=-1, arrayIndex=0
2022-11-11 07:38:07,497 [grpc-default-executor-4] WARN  server.GrpcServerProtocolService (LogUtils.java:warn(124)) - s1: Failed APPEND_ENTRIES request s2->s1#201-t2,previous=(t:1, i:138),leaderCommit=244,initializing? true,entries: size=107, first=(t:2, i:139), CONFIGURATIONENTRY(current:id: "s0"
address: "localhost:38889"
dataStreamAddress: "localhost:44045"
clientAddress: "localhost:36221"
adminAddress: "localhost:33369"
startupRole: FOLLOWER
,id: "s1"
address: "localhost:33469"
dataStreamAddress: "localhost:41079"
clientAddress: "localhost:38107"
adminAddress: "localhost:35601"
startupRole: FOLLOWER
,id: "s2"
address: "localhost:39335"
dataStreamAddress: "localhost:40831"
clientAddress: "localhost:32863"
adminAddress: "localhost:35389"
startupRole: FOLLOWER
, old:)
java.util.concurrent.CompletionException: java.util.concurrent.RejectedExecutionException: Task java.util.concurrent.CompletableFuture$AsyncSupply@7b4d2d71 rejected from java.util.concurrent.ThreadPoolExecutor@7cbe9dc4[Terminated, pool size = 0, active threads = 0, queued tasks = 0, completed tasks = 0]
	at java.base/java.util.concurrent.CompletableFuture.encodeThrowable(CompletableFuture.java:314)
	at java.base/java.util.concurrent.CompletableFuture.uniComposeStage(CompletableFuture.java:1113)
	at java.base/java.util.concurrent.CompletableFuture.thenCompose(CompletableFuture.java:2235)
	at org.apache.ratis.server.impl.RaftServerProxy.appendEntriesAsync(RaftServerProxy.java:634)
	at org.apache.ratis.grpc.server.GrpcServerProtocolService$1.process(GrpcServerProtocolService.java:219)
	at org.apache.ratis.grpc.server.GrpcServerProtocolService$1.process(GrpcServerProtocolService.java:216)
	at org.apache.ratis.grpc.server.GrpcServerProtocolService$ServerRequestStreamObserver.onNext(GrpcServerProtocolService.java:124)
	at org.apache.ratis.thirdparty.io.grpc.stub.ServerCalls$StreamingServerCallHandler$StreamingServerCallListener.onMessage(ServerCalls.java:262)
	at org.apache.ratis.thirdparty.io.grpc.ForwardingServerCallListener.onMessage(ForwardingServerCallListener.java:33)
	at org.apache.ratis.thirdparty.io.grpc.internal.ServerCallImpl$ServerStreamListenerImpl.messagesAvailableInternal(ServerCallImpl.java:332)
	at org.apache.ratis.thirdparty.io.grpc.internal.ServerCallImpl$ServerStreamListenerImpl.messagesAvailable(ServerCallImpl.java:315)
	at org.apache.ratis.thirdparty.io.grpc.internal.ServerImpl$JumpToApplicationThreadServerStreamListener$1MessagesAvailable.runInContext(ServerImpl.java:834)
	at org.apache.ratis.thirdparty.io.grpc.internal.ContextRunnable.run(ContextRunnable.java:37)
	at org.apache.ratis.thirdparty.io.grpc.internal.SerializingExecutor.run(SerializingExecutor.java:133)
	at java.base/java.util.concurrent.ThreadPoolExecutor.runWorker(ThreadPoolExecutor.java:1128)
	at java.base/java.util.concurrent.ThreadPoolExecutor$Worker.run(ThreadPoolExecutor.java:628)
	at java.base/java.lang.Thread.run(Thread.java:829)
Caused by: java.util.concurrent.RejectedExecutionException: Task java.util.concurrent.CompletableFuture$AsyncSupply@7b4d2d71 rejected from java.util.concurrent.ThreadPoolExecutor@7cbe9dc4[Terminated, pool size = 0, active threads = 0, queued tasks = 0, completed tasks = 0]
	at java.base/java.util.concurrent.ThreadPoolExecutor$AbortPolicy.rejectedExecution(ThreadPoolExecutor.java:2055)
	at java.base/java.util.concurrent.ThreadPoolExecutor.reject(ThreadPoolExecutor.java:825)
	at java.base/java.util.concurrent.ThreadPoolExecutor.execute(ThreadPoolExecutor.java:1355)
	at java.base/java.util.concurrent.CompletableFuture.asyncSupplyStage(CompletableFuture.java:1714)
	at java.base/java.util.concurrent.CompletableFuture.supplyAsync(CompletableFuture.java:1931)
	at org.apache.ratis.server.impl.RaftServerImpl.executeSubmitServerRequestAsync(RaftServerImpl.java:812)
	at org.apache.ratis.server.impl.RaftServerProxy.lambda$appendEntriesAsync$27(RaftServerProxy.java:634)
	at java.base/java.util.concurrent.CompletableFuture.uniComposeStage(CompletableFuture.java:1106)
	... 15 more
2022-11-11 07:38:07,498 [s0@group-DC0BCF2C7030-StateMachineUpdater] INFO  impl.SimpleStateMachine4Testing (SimpleStateMachine4Testing.java:put(205)) - s0: put 245, m120 -> (t:2, i:245), STATEMACHINELOGENTRY, 506@client-70D4234AB40A
2022-11-11 07:38:07,500 [grpc-default-executor-6] WARN  server.GrpcLogAppender (LogUtils.java:warn(124)) - s2@group-DC0BCF2C7030->s1-AppendLogResponseHandler: Failed appendEntries
java.io.IOException: java.util.concurrent.RejectedExecutionException: Task java.util.concurrent.CompletableFuture$AsyncSupply@7b4d2d71 rejected from java.util.concurrent.ThreadPoolExecutor@7cbe9dc4[Terminated, pool size = 0, active threads = 0, queued tasks = 0, completed tasks = 0]
	at org.apache.ratis.util.IOUtils.asIOException(IOUtils.java:56)
	at org.apache.ratis.grpc.GrpcUtil.tryUnwrapException(GrpcUtil.java:121)
	at org.apache.ratis.grpc.GrpcUtil.unwrapThrowable(GrpcUtil.java:82)
	at org.apache.ratis.grpc.GrpcUtil.warn(GrpcUtil.java:178)
	at org.apache.ratis.grpc.server.GrpcLogAppender$AppendLogResponseHandler.onError(GrpcLogAppender.java:405)
	at org.apache.ratis.thirdparty.io.grpc.stub.ClientCalls$StreamObserverToCallListenerAdapter.onClose(ClientCalls.java:487)
	at org.apache.ratis.thirdparty.io.grpc.internal.ClientCallImpl.closeObserver(ClientCallImpl.java:562)
	at org.apache.ratis.thirdparty.io.grpc.internal.ClientCallImpl.access$300(ClientCallImpl.java:70)
	at org.apache.ratis.thirdparty.io.grpc.internal.ClientCallImpl$ClientStreamListenerImpl$1StreamClosed.runInternal(ClientCallImpl.java:743)
	at org.apache.ratis.thirdparty.io.grpc.internal.ClientCallImpl$ClientStreamListenerImpl$1StreamClosed.runInContext(ClientCallImpl.java:722)
	at org.apache.ratis.thirdparty.io.grpc.internal.ContextRunnable.run(ContextRunnable.java:37)
	at org.apache.ratis.thirdparty.io.grpc.internal.SerializingExecutor.run(SerializingExecutor.java:133)
	at java.base/java.util.concurrent.ThreadPoolExecutor.runWorker(ThreadPoolExecutor.java:1128)
	at java.base/java.util.concurrent.ThreadPoolExecutor$Worker.run(ThreadPoolExecutor.java:628)
	at java.base/java.lang.Thread.run(Thread.java:829)
Caused by: java.util.concurrent.RejectedExecutionException: Task java.util.concurrent.CompletableFuture$AsyncSupply@7b4d2d71 rejected from java.util.concurrent.ThreadPoolExecutor@7cbe9dc4[Terminated, pool size = 0, active threads = 0, queued tasks = 0, completed tasks = 0]
	at java.base/jdk.internal.reflect.GeneratedConstructorAccessor11.newInstance(Unknown Source)
	at java.base/jdk.internal.reflect.DelegatingConstructorAccessorImpl.newInstance(DelegatingConstructorAccessorImpl.java:45)
	at java.base/java.lang.reflect.Constructor.newInstance(Constructor.java:490)
	at org.apache.ratis.util.ReflectionUtils.instantiateException(ReflectionUtils.java:259)
	at org.apache.ratis.grpc.GrpcUtil.tryUnwrapException(GrpcUtil.java:120)
	... 13 more
Caused by: org.apache.ratis.thirdparty.io.grpc.StatusRuntimeException: INTERNAL: Task java.util.concurrent.CompletableFuture$AsyncSupply@7b4d2d71 rejected from java.util.concurrent.ThreadPoolExecutor@7cbe9dc4[Terminated, pool size = 0, active threads = 0, queued tasks = 0, completed tasks = 0]
	at org.apache.ratis.thirdparty.io.grpc.Status.asRuntimeException(Status.java:535)
	... 10 more
	Suppressed: java.lang.IllegalStateException: Failed to cast to class java.io.IOException, object=java.util.concurrent.RejectedExecutionException: Task java.util.concurrent.CompletableFuture$AsyncSupply@7b4d2d71 rejected from java.util.concurrent.ThreadPoolExecutor@7cbe9dc4[Terminated, pool size = 0, active threads = 0, queued tasks = 0, completed tasks = 0]
	at java.base/java.util.concurrent.ThreadPoolExecutor$AbortPolicy.rejectedExecution(ThreadPoolExecutor.java:2055)
	at java.base/java.util.concurrent.ThreadPoolExecutor.reject(ThreadPoolExecutor.java:825)
	at java.base/java.util.concurrent.ThreadPoolExecutor.execute(ThreadPoolExecutor.java:1355)
	at java.base/java.util.concurrent.CompletableFuture.asyncSupplyStage(CompletableFuture.java:1714)
	at java.base/java.util.concurrent.CompletableFuture.supplyAsync(CompletableFuture.java:1931)
	at org.apache.ratis.server.impl.RaftServerImpl.executeSubmitServerRequestAsync(RaftServerImpl.java:812)
	at org.apache.ratis.server.impl.RaftServerProxy.lambda$appendEntriesAsync$27(RaftServerProxy.java:634)
	at java.base/java.util.concurrent.CompletableFuture.uniComposeStage(CompletableFuture.java:1106)
	at java.base/java.util.concurrent.CompletableFuture.thenCompose(CompletableFuture.java:2235)
	at org.apache.ratis.server.impl.RaftServerProxy.appendEntriesAsync(RaftServerProxy.java:634)
	at org.apache.ratis.grpc.server.GrpcServerProtocolService$1.process(GrpcServerProtocolService.java:219)
	at org.apache.ratis.grpc.server.GrpcServerProtocolService$1.process(GrpcServerProtocolService.java:216)
	at org.apache.ratis.grpc.server.GrpcServerProtocolService$ServerRequestStreamObserver.onNext(GrpcServerProtocolService.java:124)
	at org.apache.ratis.thirdparty.io.grpc.stub.ServerCalls$StreamingServerCallHandler$StreamingServerCallListener.onMessage(ServerCalls.java:262)
	at org.apache.ratis.thirdparty.io.grpc.ForwardingServerCallListener.onMessage(ForwardingServerCallListener.java:33)
	at org.apache.ratis.thirdparty.io.grpc.internal.ServerCallImpl$ServerStreamListenerImpl.messagesAvailableInternal(ServerCallImpl.java:332)
	at org.apache.ratis.thirdparty.io.grpc.internal.ServerCallImpl$ServerStreamListenerImpl.messagesAvailable(ServerCallImpl.java:315)
	at org.apache.ratis.thirdparty.io.grpc.internal.ServerImpl$JumpToApplicationThreadServerStreamListener$1MessagesAvailable.runInContext(ServerImpl.java:834)
	at org.apache.ratis.thirdparty.io.grpc.internal.ContextRunnable.run(ContextRunnable.java:37)
	at org.apache.ratis.thirdparty.io.grpc.internal.SerializingExecutor.run(SerializingExecutor.java:133)
	at java.base/java.util.concurrent.ThreadPoolExecutor.runWorker(ThreadPoolExecutor.java:1128)
	at java.base/java.util.concurrent.ThreadPoolExecutor$Worker.run(ThreadPoolExecutor.java:628)
	at java.base/java.lang.Thread.run(Thread.java:829)

		at org.apache.ratis.util.IOUtils.readObject(IOUtils.java:237)
		at org.apache.ratis.util.IOUtils.bytes2Object(IOUtils.java:214)
		at org.apache.ratis.grpc.GrpcUtil.tryUnwrapException(GrpcUtil.java:109)
		at org.apache.ratis.grpc.GrpcUtil.unwrapThrowable(GrpcUtil.java:82)
		at org.apache.ratis.grpc.GrpcUtil.warn(GrpcUtil.java:178)
		at org.apache.ratis.grpc.server.GrpcLogAppender$AppendLogResponseHandler.onError(GrpcLogAppender.java:405)
		... 10 more
	Caused by: java.lang.ClassCastException: Cannot cast java.util.concurrent.RejectedExecutionException to java.io.IOException
		at java.base/java.lang.Class.cast(Class.java:3605)
		at org.apache.ratis.util.IOUtils.readObject(IOUtils.java:234)
		... 15 more
2022-11-11 07:38:07,501 [grpc-default-executor-6] INFO  leader.FollowerInfo (FollowerInfoImpl.java:lambda$new$0(48)) - s2@group-DC0BCF2C7030->s1: nextIndex: updateUnconditionally 246 -> 139
2022-11-11 07:38:07,501 [s0-server-thread2] DEBUG raftlog.RaftLog (SegmentedRaftLog.java:appendImpl(446)) - truncateIndex=-1, arrayIndex=0
2022-11-11 07:38:07,502 [s2@group-DC0BCF2C7030-StateMachineUpdater] INFO  impl.SimpleStateMachine4Testing (SimpleStateMachine4Testing.java:put(205)) - s2: put 247, m121 -> (t:2, i:247), STATEMACHINELOGENTRY, 507@client-70D4234AB40A
2022-11-11 07:38:07,503 [s0-server-thread2] DEBUG raftlog.RaftLog (SegmentedRaftLog.java:appendImpl(446)) - truncateIndex=-1, arrayIndex=0
2022-11-11 07:38:07,503 [s0@group-DC0BCF2C7030-StateMachineUpdater] INFO  impl.SimpleStateMachine4Testing (SimpleStateMachine4Testing.java:put(205)) - s0: put 247, m121 -> (t:2, i:247), STATEMACHINELOGENTRY, 507@client-70D4234AB40A
2022-11-11 07:38:07,505 [grpc-default-executor-8] WARN  server.GrpcServerProtocolService (LogUtils.java:warn(124)) - s1: Failed APPEND_ENTRIES request s2->s1#204-t2,previous=(t:1, i:138),leaderCommit=246,initializing? true,entries: size=109, first=(t:2, i:139), CONFIGURATIONENTRY(current:id: "s0"
address: "localhost:38889"
dataStreamAddress: "localhost:44045"
clientAddress: "localhost:36221"
adminAddress: "localhost:33369"
startupRole: FOLLOWER
,id: "s1"
address: "localhost:33469"
dataStreamAddress: "localhost:41079"
clientAddress: "localhost:38107"
adminAddress: "localhost:35601"
startupRole: FOLLOWER
,id: "s2"
address: "localhost:39335"
dataStreamAddress: "localhost:40831"
clientAddress: "localhost:32863"
adminAddress: "localhost:35389"
startupRole: FOLLOWER
, old:)
java.util.concurrent.CompletionException: java.util.concurrent.RejectedExecutionException: Task java.util.concurrent.CompletableFuture$AsyncSupply@c26c2b5 rejected from java.util.concurrent.ThreadPoolExecutor@7cbe9dc4[Terminated, pool size = 0, active threads = 0, queued tasks = 0, completed tasks = 0]
	at java.base/java.util.concurrent.CompletableFuture.encodeThrowable(CompletableFuture.java:314)
	at java.base/java.util.concurrent.CompletableFuture.uniComposeStage(CompletableFuture.java:1113)
	at java.base/java.util.concurrent.CompletableFuture.thenCompose(CompletableFuture.java:2235)
	at org.apache.ratis.server.impl.RaftServerProxy.appendEntriesAsync(RaftServerProxy.java:634)
	at org.apache.ratis.grpc.server.GrpcServerProtocolService$1.process(GrpcServerProtocolService.java:219)
	at org.apache.ratis.grpc.server.GrpcServerProtocolService$1.process(GrpcServerProtocolService.java:216)
	at org.apache.ratis.grpc.server.GrpcServerProtocolService$ServerRequestStreamObserver.onNext(GrpcServerProtocolService.java:124)
	at org.apache.ratis.thirdparty.io.grpc.stub.ServerCalls$StreamingServerCallHandler$StreamingServerCallListener.onMessage(ServerCalls.java:262)
	at org.apache.ratis.thirdparty.io.grpc.ForwardingServerCallListener.onMessage(ForwardingServerCallListener.java:33)
	at org.apache.ratis.thirdparty.io.grpc.internal.ServerCallImpl$ServerStreamListenerImpl.messagesAvailableInternal(ServerCallImpl.java:332)
	at org.apache.ratis.thirdparty.io.grpc.internal.ServerCallImpl$ServerStreamListenerImpl.messagesAvailable(ServerCallImpl.java:315)
	at org.apache.ratis.thirdparty.io.grpc.internal.ServerImpl$JumpToApplicationThreadServerStreamListener$1MessagesAvailable.runInContext(ServerImpl.java:834)
	at org.apache.ratis.thirdparty.io.grpc.internal.ContextRunnable.run(ContextRunnable.java:37)
	at org.apache.ratis.thirdparty.io.grpc.internal.SerializingExecutor.run(SerializingExecutor.java:133)
	at java.base/java.util.concurrent.ThreadPoolExecutor.runWorker(ThreadPoolExecutor.java:1128)
	at java.base/java.util.concurrent.ThreadPoolExecutor$Worker.run(ThreadPoolExecutor.java:628)
	at java.base/java.lang.Thread.run(Thread.java:829)
Caused by: java.util.concurrent.RejectedExecutionException: Task java.util.concurrent.CompletableFuture$AsyncSupply@c26c2b5 rejected from java.util.concurrent.ThreadPoolExecutor@7cbe9dc4[Terminated, pool size = 0, active threads = 0, queued tasks = 0, completed tasks = 0]
	at java.base/java.util.concurrent.ThreadPoolExecutor$AbortPolicy.rejectedExecution(ThreadPoolExecutor.java:2055)
	at java.base/java.util.concurrent.ThreadPoolExecutor.reject(ThreadPoolExecutor.java:825)
	at java.base/java.util.concurrent.ThreadPoolExecutor.execute(ThreadPoolExecutor.java:1355)
	at java.base/java.util.concurrent.CompletableFuture.asyncSupplyStage(CompletableFuture.java:1714)
	at java.base/java.util.concurrent.CompletableFuture.supplyAsync(CompletableFuture.java:1931)
	at org.apache.ratis.server.impl.RaftServerImpl.executeSubmitServerRequestAsync(RaftServerImpl.java:812)
	at org.apache.ratis.server.impl.RaftServerProxy.lambda$appendEntriesAsync$27(RaftServerProxy.java:634)
	at java.base/java.util.concurrent.CompletableFuture.uniComposeStage(CompletableFuture.java:1106)
	... 15 more
2022-11-11 07:38:07,507 [grpc-default-executor-8] WARN  server.GrpcLogAppender (LogUtils.java:warn(124)) - s2@group-DC0BCF2C7030->s1-AppendLogResponseHandler: Failed appendEntries
java.io.IOException: java.util.concurrent.RejectedExecutionException: Task java.util.concurrent.CompletableFuture$AsyncSupply@c26c2b5 rejected from java.util.concurrent.ThreadPoolExecutor@7cbe9dc4[Terminated, pool size = 0, active threads = 0, queued tasks = 0, completed tasks = 0]
	at org.apache.ratis.util.IOUtils.asIOException(IOUtils.java:56)
	at org.apache.ratis.grpc.GrpcUtil.tryUnwrapException(GrpcUtil.java:121)
	at org.apache.ratis.grpc.GrpcUtil.unwrapThrowable(GrpcUtil.java:82)
	at org.apache.ratis.grpc.GrpcUtil.warn(GrpcUtil.java:178)
	at org.apache.ratis.grpc.server.GrpcLogAppender$AppendLogResponseHandler.onError(GrpcLogAppender.java:405)
	at org.apache.ratis.thirdparty.io.grpc.stub.ClientCalls$StreamObserverToCallListenerAdapter.onClose(ClientCalls.java:487)
	at org.apache.ratis.thirdparty.io.grpc.internal.ClientCallImpl.closeObserver(ClientCallImpl.java:562)
	at org.apache.ratis.thirdparty.io.grpc.internal.ClientCallImpl.access$300(ClientCallImpl.java:70)
	at org.apache.ratis.thirdparty.io.grpc.internal.ClientCallImpl$ClientStreamListenerImpl$1StreamClosed.runInternal(ClientCallImpl.java:743)
	at org.apache.ratis.thirdparty.io.grpc.internal.ClientCallImpl$ClientStreamListenerImpl$1StreamClosed.runInContext(ClientCallImpl.java:722)
	at org.apache.ratis.thirdparty.io.grpc.internal.ContextRunnable.run(ContextRunnable.java:37)
	at org.apache.ratis.thirdparty.io.grpc.internal.SerializingExecutor.run(SerializingExecutor.java:133)
	at java.base/java.util.concurrent.ThreadPoolExecutor.runWorker(ThreadPoolExecutor.java:1128)
	at java.base/java.util.concurrent.ThreadPoolExecutor$Worker.run(ThreadPoolExecutor.java:628)
	at java.base/java.lang.Thread.run(Thread.java:829)
Caused by: java.util.concurrent.RejectedExecutionException: Task java.util.concurrent.CompletableFuture$AsyncSupply@c26c2b5 rejected from java.util.concurrent.ThreadPoolExecutor@7cbe9dc4[Terminated, pool size = 0, active threads = 0, queued tasks = 0, completed tasks = 0]
	at java.base/jdk.internal.reflect.GeneratedConstructorAccessor11.newInstance(Unknown Source)
	at java.base/jdk.internal.reflect.DelegatingConstructorAccessorImpl.newInstance(DelegatingConstructorAccessorImpl.java:45)
	at java.base/java.lang.reflect.Constructor.newInstance(Constructor.java:490)
	at org.apache.ratis.util.ReflectionUtils.instantiateException(ReflectionUtils.java:259)
	at org.apache.ratis.grpc.GrpcUtil.tryUnwrapException(GrpcUtil.java:120)
	... 13 more
Caused by: org.apache.ratis.thirdparty.io.grpc.StatusRuntimeException: INTERNAL: Task java.util.concurrent.CompletableFuture$AsyncSupply@c26c2b5 rejected from java.util.concurrent.ThreadPoolExecutor@7cbe9dc4[Terminated, pool size = 0, active threads = 0, queued tasks = 0, completed tasks = 0]
	at org.apache.ratis.thirdparty.io.grpc.Status.asRuntimeException(Status.java:535)
	... 10 more
	Suppressed: java.lang.IllegalStateException: Failed to cast to class java.io.IOException, object=java.util.concurrent.RejectedExecutionException: Task java.util.concurrent.CompletableFuture$AsyncSupply@c26c2b5 rejected from java.util.concurrent.ThreadPoolExecutor@7cbe9dc4[Terminated, pool size = 0, active threads = 0, queued tasks = 0, completed tasks = 0]
	at java.base/java.util.concurrent.ThreadPoolExecutor$AbortPolicy.rejectedExecution(ThreadPoolExecutor.java:2055)
	at java.base/java.util.concurrent.ThreadPoolExecutor.reject(ThreadPoolExecutor.java:825)
	at java.base/java.util.concurrent.ThreadPoolExecutor.execute(ThreadPoolExecutor.java:1355)
	at java.base/java.util.concurrent.CompletableFuture.asyncSupplyStage(CompletableFuture.java:1714)
	at java.base/java.util.concurrent.CompletableFuture.supplyAsync(CompletableFuture.java:1931)
	at org.apache.ratis.server.impl.RaftServerImpl.executeSubmitServerRequestAsync(RaftServerImpl.java:812)
	at org.apache.ratis.server.impl.RaftServerProxy.lambda$appendEntriesAsync$27(RaftServerProxy.java:634)
	at java.base/java.util.concurrent.CompletableFuture.uniComposeStage(CompletableFuture.java:1106)
	at java.base/java.util.concurrent.CompletableFuture.thenCompose(CompletableFuture.java:2235)
	at org.apache.ratis.server.impl.RaftServerProxy.appendEntriesAsync(RaftServerProxy.java:634)
	at org.apache.ratis.grpc.server.GrpcServerProtocolService$1.process(GrpcServerProtocolService.java:219)
	at org.apache.ratis.grpc.server.GrpcServerProtocolService$1.process(GrpcServerProtocolService.java:216)
	at org.apache.ratis.grpc.server.GrpcServerProtocolService$ServerRequestStreamObserver.onNext(GrpcServerProtocolService.java:124)
	at org.apache.ratis.thirdparty.io.grpc.stub.ServerCalls$StreamingServerCallHandler$StreamingServerCallListener.onMessage(ServerCalls.java:262)
	at org.apache.ratis.thirdparty.io.grpc.ForwardingServerCallListener.onMessage(ForwardingServerCallListener.java:33)
	at org.apache.ratis.thirdparty.io.grpc.internal.ServerCallImpl$ServerStreamListenerImpl.messagesAvailableInternal(ServerCallImpl.java:332)
	at org.apache.ratis.thirdparty.io.grpc.internal.ServerCallImpl$ServerStreamListenerImpl.messagesAvailable(ServerCallImpl.java:315)
	at org.apache.ratis.thirdparty.io.grpc.internal.ServerImpl$JumpToApplicationThreadServerStreamListener$1MessagesAvailable.runInContext(ServerImpl.java:834)
	at org.apache.ratis.thirdparty.io.grpc.internal.ContextRunnable.run(ContextRunnable.java:37)
	at org.apache.ratis.thirdparty.io.grpc.internal.SerializingExecutor.run(SerializingExecutor.java:133)
	at java.base/java.util.concurrent.ThreadPoolExecutor.runWorker(ThreadPoolExecutor.java:1128)
	at java.base/java.util.concurrent.ThreadPoolExecutor$Worker.run(ThreadPoolExecutor.java:628)
	at java.base/java.lang.Thread.run(Thread.java:829)

		at org.apache.ratis.util.IOUtils.readObject(IOUtils.java:237)
		at org.apache.ratis.util.IOUtils.bytes2Object(IOUtils.java:214)
		at org.apache.ratis.grpc.GrpcUtil.tryUnwrapException(GrpcUtil.java:109)
		at org.apache.ratis.grpc.GrpcUtil.unwrapThrowable(GrpcUtil.java:82)
		at org.apache.ratis.grpc.GrpcUtil.warn(GrpcUtil.java:178)
		at org.apache.ratis.grpc.server.GrpcLogAppender$AppendLogResponseHandler.onError(GrpcLogAppender.java:405)
		... 10 more
	Caused by: java.lang.ClassCastException: Cannot cast java.util.concurrent.RejectedExecutionException to java.io.IOException
		at java.base/java.lang.Class.cast(Class.java:3605)
		at org.apache.ratis.util.IOUtils.readObject(IOUtils.java:234)
		... 15 more
2022-11-11 07:38:07,508 [grpc-default-executor-8] INFO  leader.FollowerInfo (FollowerInfoImpl.java:lambda$new$0(48)) - s2@group-DC0BCF2C7030->s1: nextIndex: updateUnconditionally 248 -> 139
2022-11-11 07:38:07,509 [s0-server-thread2] DEBUG raftlog.RaftLog (SegmentedRaftLog.java:appendImpl(446)) - truncateIndex=-1, arrayIndex=0
2022-11-11 07:38:07,510 [grpc-default-executor-8] WARN  server.GrpcServerProtocolService (LogUtils.java:warn(124)) - s1: Failed APPEND_ENTRIES request s2->s1#209-t2,previous=(t:1, i:138),leaderCommit=248,initializing? true,entries: size=111, first=(t:2, i:139), CONFIGURATIONENTRY(current:id: "s0"
address: "localhost:38889"
dataStreamAddress: "localhost:44045"
clientAddress: "localhost:36221"
adminAddress: "localhost:33369"
startupRole: FOLLOWER
,id: "s1"
address: "localhost:33469"
dataStreamAddress: "localhost:41079"
clientAddress: "localhost:38107"
adminAddress: "localhost:35601"
startupRole: FOLLOWER
,id: "s2"
address: "localhost:39335"
dataStreamAddress: "localhost:40831"
clientAddress: "localhost:32863"
adminAddress: "localhost:35389"
startupRole: FOLLOWER
, old:)
java.util.concurrent.CompletionException: java.util.concurrent.RejectedExecutionException: Task java.util.concurrent.CompletableFuture$AsyncSupply@5455c681 rejected from java.util.concurrent.ThreadPoolExecutor@7cbe9dc4[Terminated, pool size = 0, active threads = 0, queued tasks = 0, completed tasks = 0]
	at java.base/java.util.concurrent.CompletableFuture.encodeThrowable(CompletableFuture.java:314)
	at java.base/java.util.concurrent.CompletableFuture.uniComposeStage(CompletableFuture.java:1113)
	at java.base/java.util.concurrent.CompletableFuture.thenCompose(CompletableFuture.java:2235)
	at org.apache.ratis.server.impl.RaftServerProxy.appendEntriesAsync(RaftServerProxy.java:634)
	at org.apache.ratis.grpc.server.GrpcServerProtocolService$1.process(GrpcServerProtocolService.java:219)
	at org.apache.ratis.grpc.server.GrpcServerProtocolService$1.process(GrpcServerProtocolService.java:216)
	at org.apache.ratis.grpc.server.GrpcServerProtocolService$ServerRequestStreamObserver.onNext(GrpcServerProtocolService.java:124)
	at org.apache.ratis.thirdparty.io.grpc.stub.ServerCalls$StreamingServerCallHandler$StreamingServerCallListener.onMessage(ServerCalls.java:262)
	at org.apache.ratis.thirdparty.io.grpc.ForwardingServerCallListener.onMessage(ForwardingServerCallListener.java:33)
	at org.apache.ratis.thirdparty.io.grpc.internal.ServerCallImpl$ServerStreamListenerImpl.messagesAvailableInternal(ServerCallImpl.java:332)
	at org.apache.ratis.thirdparty.io.grpc.internal.ServerCallImpl$ServerStreamListenerImpl.messagesAvailable(ServerCallImpl.java:315)
	at org.apache.ratis.thirdparty.io.grpc.internal.ServerImpl$JumpToApplicationThreadServerStreamListener$1MessagesAvailable.runInContext(ServerImpl.java:834)
	at org.apache.ratis.thirdparty.io.grpc.internal.ContextRunnable.run(ContextRunnable.java:37)
	at org.apache.ratis.thirdparty.io.grpc.internal.SerializingExecutor.run(SerializingExecutor.java:133)
	at java.base/java.util.concurrent.ThreadPoolExecutor.runWorker(ThreadPoolExecutor.java:1128)
	at java.base/java.util.concurrent.ThreadPoolExecutor$Worker.run(ThreadPoolExecutor.java:628)
	at java.base/java.lang.Thread.run(Thread.java:829)
Caused by: java.util.concurrent.RejectedExecutionException: Task java.util.concurrent.CompletableFuture$AsyncSupply@5455c681 rejected from java.util.concurrent.ThreadPoolExecutor@7cbe9dc4[Terminated, pool size = 0, active threads = 0, queued tasks = 0, completed tasks = 0]
	at java.base/java.util.concurrent.ThreadPoolExecutor$AbortPolicy.rejectedExecution(ThreadPoolExecutor.java:2055)
	at java.base/java.util.concurrent.ThreadPoolExecutor.reject(ThreadPoolExecutor.java:825)
	at java.base/java.util.concurrent.ThreadPoolExecutor.execute(ThreadPoolExecutor.java:1355)
	at java.base/java.util.concurrent.CompletableFuture.asyncSupplyStage(CompletableFuture.java:1714)
	at java.base/java.util.concurrent.CompletableFuture.supplyAsync(CompletableFuture.java:1931)
	at org.apache.ratis.server.impl.RaftServerImpl.executeSubmitServerRequestAsync(RaftServerImpl.java:812)
	at org.apache.ratis.server.impl.RaftServerProxy.lambda$appendEntriesAsync$27(RaftServerProxy.java:634)
	at java.base/java.util.concurrent.CompletableFuture.uniComposeStage(CompletableFuture.java:1106)
	... 15 more
2022-11-11 07:38:07,512 [s2@group-DC0BCF2C7030-StateMachineUpdater] INFO  impl.SimpleStateMachine4Testing (SimpleStateMachine4Testing.java:put(205)) - s2: put 249, m122 -> (t:2, i:249), STATEMACHINELOGENTRY, 508@client-70D4234AB40A
2022-11-11 07:38:07,512 [s0-server-thread2] DEBUG raftlog.RaftLog (SegmentedRaftLog.java:appendImpl(446)) - truncateIndex=-1, arrayIndex=0
2022-11-11 07:38:07,513 [s0@group-DC0BCF2C7030-StateMachineUpdater] INFO  impl.SimpleStateMachine4Testing (SimpleStateMachine4Testing.java:put(205)) - s0: put 249, m122 -> (t:2, i:249), STATEMACHINELOGENTRY, 508@client-70D4234AB40A
2022-11-11 07:38:07,515 [grpc-default-executor-8] WARN  server.GrpcLogAppender (LogUtils.java:warn(124)) - s2@group-DC0BCF2C7030->s1-AppendLogResponseHandler: Failed appendEntries
java.io.IOException: java.util.concurrent.RejectedExecutionException: Task java.util.concurrent.CompletableFuture$AsyncSupply@5455c681 rejected from java.util.concurrent.ThreadPoolExecutor@7cbe9dc4[Terminated, pool size = 0, active threads = 0, queued tasks = 0, completed tasks = 0]
	at org.apache.ratis.util.IOUtils.asIOException(IOUtils.java:56)
	at org.apache.ratis.grpc.GrpcUtil.tryUnwrapException(GrpcUtil.java:121)
	at org.apache.ratis.grpc.GrpcUtil.unwrapThrowable(GrpcUtil.java:82)
	at org.apache.ratis.grpc.GrpcUtil.warn(GrpcUtil.java:178)
	at org.apache.ratis.grpc.server.GrpcLogAppender$AppendLogResponseHandler.onError(GrpcLogAppender.java:405)
	at org.apache.ratis.thirdparty.io.grpc.stub.ClientCalls$StreamObserverToCallListenerAdapter.onClose(ClientCalls.java:487)
	at org.apache.ratis.thirdparty.io.grpc.internal.ClientCallImpl.closeObserver(ClientCallImpl.java:562)
	at org.apache.ratis.thirdparty.io.grpc.internal.ClientCallImpl.access$300(ClientCallImpl.java:70)
	at org.apache.ratis.thirdparty.io.grpc.internal.ClientCallImpl$ClientStreamListenerImpl$1StreamClosed.runInternal(ClientCallImpl.java:743)
	at org.apache.ratis.thirdparty.io.grpc.internal.ClientCallImpl$ClientStreamListenerImpl$1StreamClosed.runInContext(ClientCallImpl.java:722)
	at org.apache.ratis.thirdparty.io.grpc.internal.ContextRunnable.run(ContextRunnable.java:37)
	at org.apache.ratis.thirdparty.io.grpc.internal.SerializingExecutor.run(SerializingExecutor.java:133)
	at java.base/java.util.concurrent.ThreadPoolExecutor.runWorker(ThreadPoolExecutor.java:1128)
	at java.base/java.util.concurrent.ThreadPoolExecutor$Worker.run(ThreadPoolExecutor.java:628)
	at java.base/java.lang.Thread.run(Thread.java:829)
Caused by: java.util.concurrent.RejectedExecutionException: Task java.util.concurrent.CompletableFuture$AsyncSupply@5455c681 rejected from java.util.concurrent.ThreadPoolExecutor@7cbe9dc4[Terminated, pool size = 0, active threads = 0, queued tasks = 0, completed tasks = 0]
	at java.base/jdk.internal.reflect.GeneratedConstructorAccessor11.newInstance(Unknown Source)
	at java.base/jdk.internal.reflect.DelegatingConstructorAccessorImpl.newInstance(DelegatingConstructorAccessorImpl.java:45)
	at java.base/java.lang.reflect.Constructor.newInstance(Constructor.java:490)
	at org.apache.ratis.util.ReflectionUtils.instantiateException(ReflectionUtils.java:259)
	at org.apache.ratis.grpc.GrpcUtil.tryUnwrapException(GrpcUtil.java:120)
	... 13 more
Caused by: org.apache.ratis.thirdparty.io.grpc.StatusRuntimeException: INTERNAL: Task java.util.concurrent.CompletableFuture$AsyncSupply@5455c681 rejected from java.util.concurrent.ThreadPoolExecutor@7cbe9dc4[Terminated, pool size = 0, active threads = 0, queued tasks = 0, completed tasks = 0]
	at org.apache.ratis.thirdparty.io.grpc.Status.asRuntimeException(Status.java:535)
	... 10 more
	Suppressed: java.lang.IllegalStateException: Failed to cast to class java.io.IOException, object=java.util.concurrent.RejectedExecutionException: Task java.util.concurrent.CompletableFuture$AsyncSupply@5455c681 rejected from java.util.concurrent.ThreadPoolExecutor@7cbe9dc4[Terminated, pool size = 0, active threads = 0, queued tasks = 0, completed tasks = 0]
	at java.base/java.util.concurrent.ThreadPoolExecutor$AbortPolicy.rejectedExecution(ThreadPoolExecutor.java:2055)
	at java.base/java.util.concurrent.ThreadPoolExecutor.reject(ThreadPoolExecutor.java:825)
	at java.base/java.util.concurrent.ThreadPoolExecutor.execute(ThreadPoolExecutor.java:1355)
	at java.base/java.util.concurrent.CompletableFuture.asyncSupplyStage(CompletableFuture.java:1714)
	at java.base/java.util.concurrent.CompletableFuture.supplyAsync(CompletableFuture.java:1931)
	at org.apache.ratis.server.impl.RaftServerImpl.executeSubmitServerRequestAsync(RaftServerImpl.java:812)
	at org.apache.ratis.server.impl.RaftServerProxy.lambda$appendEntriesAsync$27(RaftServerProxy.java:634)
	at java.base/java.util.concurrent.CompletableFuture.uniComposeStage(CompletableFuture.java:1106)
	at java.base/java.util.concurrent.CompletableFuture.thenCompose(CompletableFuture.java:2235)
	at org.apache.ratis.server.impl.RaftServerProxy.appendEntriesAsync(RaftServerProxy.java:634)
	at org.apache.ratis.grpc.server.GrpcServerProtocolService$1.process(GrpcServerProtocolService.java:219)
	at org.apache.ratis.grpc.server.GrpcServerProtocolService$1.process(GrpcServerProtocolService.java:216)
	at org.apache.ratis.grpc.server.GrpcServerProtocolService$ServerRequestStreamObserver.onNext(GrpcServerProtocolService.java:124)
	at org.apache.ratis.thirdparty.io.grpc.stub.ServerCalls$StreamingServerCallHandler$StreamingServerCallListener.onMessage(ServerCalls.java:262)
	at org.apache.ratis.thirdparty.io.grpc.ForwardingServerCallListener.onMessage(ForwardingServerCallListener.java:33)
	at org.apache.ratis.thirdparty.io.grpc.internal.ServerCallImpl$ServerStreamListenerImpl.messagesAvailableInternal(ServerCallImpl.java:332)
	at org.apache.ratis.thirdparty.io.grpc.internal.ServerCallImpl$ServerStreamListenerImpl.messagesAvailable(ServerCallImpl.java:315)
	at org.apache.ratis.thirdparty.io.grpc.internal.ServerImpl$JumpToApplicationThreadServerStreamListener$1MessagesAvailable.runInContext(ServerImpl.java:834)
	at org.apache.ratis.thirdparty.io.grpc.internal.ContextRunnable.run(ContextRunnable.java:37)
	at org.apache.ratis.thirdparty.io.grpc.internal.SerializingExecutor.run(SerializingExecutor.java:133)
	at java.base/java.util.concurrent.ThreadPoolExecutor.runWorker(ThreadPoolExecutor.java:1128)
	at java.base/java.util.concurrent.ThreadPoolExecutor$Worker.run(ThreadPoolExecutor.java:628)
	at java.base/java.lang.Thread.run(Thread.java:829)

		at org.apache.ratis.util.IOUtils.readObject(IOUtils.java:237)
		at org.apache.ratis.util.IOUtils.bytes2Object(IOUtils.java:214)
		at org.apache.ratis.grpc.GrpcUtil.tryUnwrapException(GrpcUtil.java:109)
		at org.apache.ratis.grpc.GrpcUtil.unwrapThrowable(GrpcUtil.java:82)
		at org.apache.ratis.grpc.GrpcUtil.warn(GrpcUtil.java:178)
		at org.apache.ratis.grpc.server.GrpcLogAppender$AppendLogResponseHandler.onError(GrpcLogAppender.java:405)
		... 10 more
	Caused by: java.lang.ClassCastException: Cannot cast java.util.concurrent.RejectedExecutionException to java.io.IOException
		at java.base/java.lang.Class.cast(Class.java:3605)
		at org.apache.ratis.util.IOUtils.readObject(IOUtils.java:234)
		... 15 more
2022-11-11 07:38:07,515 [grpc-default-executor-8] INFO  leader.FollowerInfo (FollowerInfoImpl.java:lambda$new$0(48)) - s2@group-DC0BCF2C7030->s1: nextIndex: updateUnconditionally 250 -> 139
2022-11-11 07:38:07,519 [s0-server-thread2] DEBUG raftlog.RaftLog (SegmentedRaftLog.java:appendImpl(446)) - truncateIndex=-1, arrayIndex=0
2022-11-11 07:38:07,519 [grpc-default-executor-4] WARN  server.GrpcServerProtocolService (LogUtils.java:warn(124)) - s1: Failed APPEND_ENTRIES request s2->s1#214-t2,previous=(t:1, i:138),leaderCommit=250,initializing? true,entries: size=113, first=(t:2, i:139), CONFIGURATIONENTRY(current:id: "s0"
address: "localhost:38889"
dataStreamAddress: "localhost:44045"
clientAddress: "localhost:36221"
adminAddress: "localhost:33369"
startupRole: FOLLOWER
,id: "s1"
address: "localhost:33469"
dataStreamAddress: "localhost:41079"
clientAddress: "localhost:38107"
adminAddress: "localhost:35601"
startupRole: FOLLOWER
,id: "s2"
address: "localhost:39335"
dataStreamAddress: "localhost:40831"
clientAddress: "localhost:32863"
adminAddress: "localhost:35389"
startupRole: FOLLOWER
, old:)
java.util.concurrent.CompletionException: java.util.concurrent.RejectedExecutionException: Task java.util.concurrent.CompletableFuture$AsyncSupply@453dd6c9 rejected from java.util.concurrent.ThreadPoolExecutor@7cbe9dc4[Terminated, pool size = 0, active threads = 0, queued tasks = 0, completed tasks = 0]
	at java.base/java.util.concurrent.CompletableFuture.encodeThrowable(CompletableFuture.java:314)
	at java.base/java.util.concurrent.CompletableFuture.uniComposeStage(CompletableFuture.java:1113)
	at java.base/java.util.concurrent.CompletableFuture.thenCompose(CompletableFuture.java:2235)
	at org.apache.ratis.server.impl.RaftServerProxy.appendEntriesAsync(RaftServerProxy.java:634)
	at org.apache.ratis.grpc.server.GrpcServerProtocolService$1.process(GrpcServerProtocolService.java:219)
	at org.apache.ratis.grpc.server.GrpcServerProtocolService$1.process(GrpcServerProtocolService.java:216)
	at org.apache.ratis.grpc.server.GrpcServerProtocolService$ServerRequestStreamObserver.onNext(GrpcServerProtocolService.java:124)
	at org.apache.ratis.thirdparty.io.grpc.stub.ServerCalls$StreamingServerCallHandler$StreamingServerCallListener.onMessage(ServerCalls.java:262)
	at org.apache.ratis.thirdparty.io.grpc.ForwardingServerCallListener.onMessage(ForwardingServerCallListener.java:33)
	at org.apache.ratis.thirdparty.io.grpc.internal.ServerCallImpl$ServerStreamListenerImpl.messagesAvailableInternal(ServerCallImpl.java:332)
	at org.apache.ratis.thirdparty.io.grpc.internal.ServerCallImpl$ServerStreamListenerImpl.messagesAvailable(ServerCallImpl.java:315)
	at org.apache.ratis.thirdparty.io.grpc.internal.ServerImpl$JumpToApplicationThreadServerStreamListener$1MessagesAvailable.runInContext(ServerImpl.java:834)
	at org.apache.ratis.thirdparty.io.grpc.internal.ContextRunnable.run(ContextRunnable.java:37)
	at org.apache.ratis.thirdparty.io.grpc.internal.SerializingExecutor.run(SerializingExecutor.java:133)
	at java.base/java.util.concurrent.ThreadPoolExecutor.runWorker(ThreadPoolExecutor.java:1128)
	at java.base/java.util.concurrent.ThreadPoolExecutor$Worker.run(ThreadPoolExecutor.java:628)
	at java.base/java.lang.Thread.run(Thread.java:829)
Caused by: java.util.concurrent.RejectedExecutionException: Task java.util.concurrent.CompletableFuture$AsyncSupply@453dd6c9 rejected from java.util.concurrent.ThreadPoolExecutor@7cbe9dc4[Terminated, pool size = 0, active threads = 0, queued tasks = 0, completed tasks = 0]
	at java.base/java.util.concurrent.ThreadPoolExecutor$AbortPolicy.rejectedExecution(ThreadPoolExecutor.java:2055)
	at java.base/java.util.concurrent.ThreadPoolExecutor.reject(ThreadPoolExecutor.java:825)
	at java.base/java.util.concurrent.ThreadPoolExecutor.execute(ThreadPoolExecutor.java:1355)
	at java.base/java.util.concurrent.CompletableFuture.asyncSupplyStage(CompletableFuture.java:1714)
	at java.base/java.util.concurrent.CompletableFuture.supplyAsync(CompletableFuture.java:1931)
	at org.apache.ratis.server.impl.RaftServerImpl.executeSubmitServerRequestAsync(RaftServerImpl.java:812)
	at org.apache.ratis.server.impl.RaftServerProxy.lambda$appendEntriesAsync$27(RaftServerProxy.java:634)
	at java.base/java.util.concurrent.CompletableFuture.uniComposeStage(CompletableFuture.java:1106)
	... 15 more
2022-11-11 07:38:07,520 [s2@group-DC0BCF2C7030-StateMachineUpdater] INFO  impl.SimpleStateMachine4Testing (SimpleStateMachine4Testing.java:put(205)) - s2: put 251, m123 -> (t:2, i:251), STATEMACHINELOGENTRY, 509@client-70D4234AB40A
2022-11-11 07:38:07,521 [grpc-default-executor-6] WARN  server.GrpcLogAppender (LogUtils.java:warn(124)) - s2@group-DC0BCF2C7030->s1-AppendLogResponseHandler: Failed appendEntries
java.io.IOException: java.util.concurrent.RejectedExecutionException: Task java.util.concurrent.CompletableFuture$AsyncSupply@453dd6c9 rejected from java.util.concurrent.ThreadPoolExecutor@7cbe9dc4[Terminated, pool size = 0, active threads = 0, queued tasks = 0, completed tasks = 0]
	at org.apache.ratis.util.IOUtils.asIOException(IOUtils.java:56)
	at org.apache.ratis.grpc.GrpcUtil.tryUnwrapException(GrpcUtil.java:121)
	at org.apache.ratis.grpc.GrpcUtil.unwrapThrowable(GrpcUtil.java:82)
	at org.apache.ratis.grpc.GrpcUtil.warn(GrpcUtil.java:178)
	at org.apache.ratis.grpc.server.GrpcLogAppender$AppendLogResponseHandler.onError(GrpcLogAppender.java:405)
	at org.apache.ratis.thirdparty.io.grpc.stub.ClientCalls$StreamObserverToCallListenerAdapter.onClose(ClientCalls.java:487)
	at org.apache.ratis.thirdparty.io.grpc.internal.ClientCallImpl.closeObserver(ClientCallImpl.java:562)
	at org.apache.ratis.thirdparty.io.grpc.internal.ClientCallImpl.access$300(ClientCallImpl.java:70)
	at org.apache.ratis.thirdparty.io.grpc.internal.ClientCallImpl$ClientStreamListenerImpl$1StreamClosed.runInternal(ClientCallImpl.java:743)
	at org.apache.ratis.thirdparty.io.grpc.internal.ClientCallImpl$ClientStreamListenerImpl$1StreamClosed.runInContext(ClientCallImpl.java:722)
	at org.apache.ratis.thirdparty.io.grpc.internal.ContextRunnable.run(ContextRunnable.java:37)
	at org.apache.ratis.thirdparty.io.grpc.internal.SerializingExecutor.run(SerializingExecutor.java:133)
	at java.base/java.util.concurrent.ThreadPoolExecutor.runWorker(ThreadPoolExecutor.java:1128)
	at java.base/java.util.concurrent.ThreadPoolExecutor$Worker.run(ThreadPoolExecutor.java:628)
	at java.base/java.lang.Thread.run(Thread.java:829)
Caused by: java.util.concurrent.RejectedExecutionException: Task java.util.concurrent.CompletableFuture$AsyncSupply@453dd6c9 rejected from java.util.concurrent.ThreadPoolExecutor@7cbe9dc4[Terminated, pool size = 0, active threads = 0, queued tasks = 0, completed tasks = 0]
	at java.base/jdk.internal.reflect.GeneratedConstructorAccessor11.newInstance(Unknown Source)
	at java.base/jdk.internal.reflect.DelegatingConstructorAccessorImpl.newInstance(DelegatingConstructorAccessorImpl.java:45)
	at java.base/java.lang.reflect.Constructor.newInstance(Constructor.java:490)
	at org.apache.ratis.util.ReflectionUtils.instantiateException(ReflectionUtils.java:259)
	at org.apache.ratis.grpc.GrpcUtil.tryUnwrapException(GrpcUtil.java:120)
	... 13 more
Caused by: org.apache.ratis.thirdparty.io.grpc.StatusRuntimeException: INTERNAL: Task java.util.concurrent.CompletableFuture$AsyncSupply@453dd6c9 rejected from java.util.concurrent.ThreadPoolExecutor@7cbe9dc4[Terminated, pool size = 0, active threads = 0, queued tasks = 0, completed tasks = 0]
	at org.apache.ratis.thirdparty.io.grpc.Status.asRuntimeException(Status.java:535)
	... 10 more
	Suppressed: java.lang.IllegalStateException: Failed to cast to class java.io.IOException, object=java.util.concurrent.RejectedExecutionException: Task java.util.concurrent.CompletableFuture$AsyncSupply@453dd6c9 rejected from java.util.concurrent.ThreadPoolExecutor@7cbe9dc4[Terminated, pool size = 0, active threads = 0, queued tasks = 0, completed tasks = 0]
	at java.base/java.util.concurrent.ThreadPoolExecutor$AbortPolicy.rejectedExecution(ThreadPoolExecutor.java:2055)
	at java.base/java.util.concurrent.ThreadPoolExecutor.reject(ThreadPoolExecutor.java:825)
	at java.base/java.util.concurrent.ThreadPoolExecutor.execute(ThreadPoolExecutor.java:1355)
	at java.base/java.util.concurrent.CompletableFuture.asyncSupplyStage(CompletableFuture.java:1714)
	at java.base/java.util.concurrent.CompletableFuture.supplyAsync(CompletableFuture.java:1931)
	at org.apache.ratis.server.impl.RaftServerImpl.executeSubmitServerRequestAsync(RaftServerImpl.java:812)
	at org.apache.ratis.server.impl.RaftServerProxy.lambda$appendEntriesAsync$27(RaftServerProxy.java:634)
	at java.base/java.util.concurrent.CompletableFuture.uniComposeStage(CompletableFuture.java:1106)
	at java.base/java.util.concurrent.CompletableFuture.thenCompose(CompletableFuture.java:2235)
	at org.apache.ratis.server.impl.RaftServerProxy.appendEntriesAsync(RaftServerProxy.java:634)
	at org.apache.ratis.grpc.server.GrpcServerProtocolService$1.process(GrpcServerProtocolService.java:219)
	at org.apache.ratis.grpc.server.GrpcServerProtocolService$1.process(GrpcServerProtocolService.java:216)
	at org.apache.ratis.grpc.server.GrpcServerProtocolService$ServerRequestStreamObserver.onNext(GrpcServerProtocolService.java:124)
	at org.apache.ratis.thirdparty.io.grpc.stub.ServerCalls$StreamingServerCallHandler$StreamingServerCallListener.onMessage(ServerCalls.java:262)
	at org.apache.ratis.thirdparty.io.grpc.ForwardingServerCallListener.onMessage(ForwardingServerCallListener.java:33)
	at org.apache.ratis.thirdparty.io.grpc.internal.ServerCallImpl$ServerStreamListenerImpl.messagesAvailableInternal(ServerCallImpl.java:332)
	at org.apache.ratis.thirdparty.io.grpc.internal.ServerCallImpl$ServerStreamListenerImpl.messagesAvailable(ServerCallImpl.java:315)
	at org.apache.ratis.thirdparty.io.grpc.internal.ServerImpl$JumpToApplicationThreadServerStreamListener$1MessagesAvailable.runInContext(ServerImpl.java:834)
	at org.apache.ratis.thirdparty.io.grpc.internal.ContextRunnable.run(ContextRunnable.java:37)
	at org.apache.ratis.thirdparty.io.grpc.internal.SerializingExecutor.run(SerializingExecutor.java:133)
	at java.base/java.util.concurrent.ThreadPoolExecutor.runWorker(ThreadPoolExecutor.java:1128)
	at java.base/java.util.concurrent.ThreadPoolExecutor$Worker.run(ThreadPoolExecutor.java:628)
	at java.base/java.lang.Thread.run(Thread.java:829)

		at org.apache.ratis.util.IOUtils.readObject(IOUtils.java:237)
		at org.apache.ratis.util.IOUtils.bytes2Object(IOUtils.java:214)
		at org.apache.ratis.grpc.GrpcUtil.tryUnwrapException(GrpcUtil.java:109)
		at org.apache.ratis.grpc.GrpcUtil.unwrapThrowable(GrpcUtil.java:82)
		at org.apache.ratis.grpc.GrpcUtil.warn(GrpcUtil.java:178)
		at org.apache.ratis.grpc.server.GrpcLogAppender$AppendLogResponseHandler.onError(GrpcLogAppender.java:405)
		... 10 more
	Caused by: java.lang.ClassCastException: Cannot cast java.util.concurrent.RejectedExecutionException to java.io.IOException
		at java.base/java.lang.Class.cast(Class.java:3605)
		at org.apache.ratis.util.IOUtils.readObject(IOUtils.java:234)
		... 15 more
2022-11-11 07:38:07,521 [grpc-default-executor-6] INFO  leader.FollowerInfo (FollowerInfoImpl.java:lambda$new$0(48)) - s2@group-DC0BCF2C7030->s1: nextIndex: updateUnconditionally 252 -> 139
2022-11-11 07:38:07,522 [s0-server-thread2] DEBUG raftlog.RaftLog (SegmentedRaftLog.java:appendImpl(446)) - truncateIndex=-1, arrayIndex=0
2022-11-11 07:38:07,522 [s0@group-DC0BCF2C7030-StateMachineUpdater] INFO  impl.SimpleStateMachine4Testing (SimpleStateMachine4Testing.java:put(205)) - s0: put 251, m123 -> (t:2, i:251), STATEMACHINELOGENTRY, 509@client-70D4234AB40A
2022-11-11 07:38:07,534 [grpc-default-executor-6] WARN  server.GrpcServerProtocolService (LogUtils.java:warn(124)) - s1: Failed APPEND_ENTRIES request s2->s1#217-t2,previous=(t:1, i:138),leaderCommit=252,initializing? true,entries: size=114, first=(t:2, i:139), CONFIGURATIONENTRY(current:id: "s0"
address: "localhost:38889"
dataStreamAddress: "localhost:44045"
clientAddress: "localhost:36221"
adminAddress: "localhost:33369"
startupRole: FOLLOWER
,id: "s1"
address: "localhost:33469"
dataStreamAddress: "localhost:41079"
clientAddress: "localhost:38107"
adminAddress: "localhost:35601"
startupRole: FOLLOWER
,id: "s2"
address: "localhost:39335"
dataStreamAddress: "localhost:40831"
clientAddress: "localhost:32863"
adminAddress: "localhost:35389"
startupRole: FOLLOWER
, old:)
java.util.concurrent.CompletionException: java.util.concurrent.RejectedExecutionException: Task java.util.concurrent.CompletableFuture$AsyncSupply@3ba6a236 rejected from java.util.concurrent.ThreadPoolExecutor@7cbe9dc4[Terminated, pool size = 0, active threads = 0, queued tasks = 0, completed tasks = 0]
	at java.base/java.util.concurrent.CompletableFuture.encodeThrowable(CompletableFuture.java:314)
	at java.base/java.util.concurrent.CompletableFuture.uniComposeStage(CompletableFuture.java:1113)
	at java.base/java.util.concurrent.CompletableFuture.thenCompose(CompletableFuture.java:2235)
	at org.apache.ratis.server.impl.RaftServerProxy.appendEntriesAsync(RaftServerProxy.java:634)
	at org.apache.ratis.grpc.server.GrpcServerProtocolService$1.process(GrpcServerProtocolService.java:219)
	at org.apache.ratis.grpc.server.GrpcServerProtocolService$1.process(GrpcServerProtocolService.java:216)
	at org.apache.ratis.grpc.server.GrpcServerProtocolService$ServerRequestStreamObserver.onNext(GrpcServerProtocolService.java:124)
	at org.apache.ratis.thirdparty.io.grpc.stub.ServerCalls$StreamingServerCallHandler$StreamingServerCallListener.onMessage(ServerCalls.java:262)
	at org.apache.ratis.thirdparty.io.grpc.ForwardingServerCallListener.onMessage(ForwardingServerCallListener.java:33)
	at org.apache.ratis.thirdparty.io.grpc.internal.ServerCallImpl$ServerStreamListenerImpl.messagesAvailableInternal(ServerCallImpl.java:332)
	at org.apache.ratis.thirdparty.io.grpc.internal.ServerCallImpl$ServerStreamListenerImpl.messagesAvailable(ServerCallImpl.java:315)
	at org.apache.ratis.thirdparty.io.grpc.internal.ServerImpl$JumpToApplicationThreadServerStreamListener$1MessagesAvailable.runInContext(ServerImpl.java:834)
	at org.apache.ratis.thirdparty.io.grpc.internal.ContextRunnable.run(ContextRunnable.java:37)
	at org.apache.ratis.thirdparty.io.grpc.internal.SerializingExecutor.run(SerializingExecutor.java:133)
	at java.base/java.util.concurrent.ThreadPoolExecutor.runWorker(ThreadPoolExecutor.java:1128)
	at java.base/java.util.concurrent.ThreadPoolExecutor$Worker.run(ThreadPoolExecutor.java:628)
	at java.base/java.lang.Thread.run(Thread.java:829)
Caused by: java.util.concurrent.RejectedExecutionException: Task java.util.concurrent.CompletableFuture$AsyncSupply@3ba6a236 rejected from java.util.concurrent.ThreadPoolExecutor@7cbe9dc4[Terminated, pool size = 0, active threads = 0, queued tasks = 0, completed tasks = 0]
	at java.base/java.util.concurrent.ThreadPoolExecutor$AbortPolicy.rejectedExecution(ThreadPoolExecutor.java:2055)
	at java.base/java.util.concurrent.ThreadPoolExecutor.reject(ThreadPoolExecutor.java:825)
	at java.base/java.util.concurrent.ThreadPoolExecutor.execute(ThreadPoolExecutor.java:1355)
	at java.base/java.util.concurrent.CompletableFuture.asyncSupplyStage(CompletableFuture.java:1714)
	at java.base/java.util.concurrent.CompletableFuture.supplyAsync(CompletableFuture.java:1931)
	at org.apache.ratis.server.impl.RaftServerImpl.executeSubmitServerRequestAsync(RaftServerImpl.java:812)
	at org.apache.ratis.server.impl.RaftServerProxy.lambda$appendEntriesAsync$27(RaftServerProxy.java:634)
	at java.base/java.util.concurrent.CompletableFuture.uniComposeStage(CompletableFuture.java:1106)
	... 15 more
2022-11-11 07:38:07,536 [grpc-default-executor-6] WARN  server.GrpcLogAppender (LogUtils.java:warn(124)) - s2@group-DC0BCF2C7030->s1-AppendLogResponseHandler: Failed appendEntries
java.io.IOException: java.util.concurrent.RejectedExecutionException: Task java.util.concurrent.CompletableFuture$AsyncSupply@3ba6a236 rejected from java.util.concurrent.ThreadPoolExecutor@7cbe9dc4[Terminated, pool size = 0, active threads = 0, queued tasks = 0, completed tasks = 0]
	at org.apache.ratis.util.IOUtils.asIOException(IOUtils.java:56)
	at org.apache.ratis.grpc.GrpcUtil.tryUnwrapException(GrpcUtil.java:121)
	at org.apache.ratis.grpc.GrpcUtil.unwrapThrowable(GrpcUtil.java:82)
	at org.apache.ratis.grpc.GrpcUtil.warn(GrpcUtil.java:178)
	at org.apache.ratis.grpc.server.GrpcLogAppender$AppendLogResponseHandler.onError(GrpcLogAppender.java:405)
	at org.apache.ratis.thirdparty.io.grpc.stub.ClientCalls$StreamObserverToCallListenerAdapter.onClose(ClientCalls.java:487)
	at org.apache.ratis.thirdparty.io.grpc.internal.ClientCallImpl.closeObserver(ClientCallImpl.java:562)
	at org.apache.ratis.thirdparty.io.grpc.internal.ClientCallImpl.access$300(ClientCallImpl.java:70)
	at org.apache.ratis.thirdparty.io.grpc.internal.ClientCallImpl$ClientStreamListenerImpl$1StreamClosed.runInternal(ClientCallImpl.java:743)
	at org.apache.ratis.thirdparty.io.grpc.internal.ClientCallImpl$ClientStreamListenerImpl$1StreamClosed.runInContext(ClientCallImpl.java:722)
	at org.apache.ratis.thirdparty.io.grpc.internal.ContextRunnable.run(ContextRunnable.java:37)
	at org.apache.ratis.thirdparty.io.grpc.internal.SerializingExecutor.run(SerializingExecutor.java:133)
	at java.base/java.util.concurrent.ThreadPoolExecutor.runWorker(ThreadPoolExecutor.java:1128)
	at java.base/java.util.concurrent.ThreadPoolExecutor$Worker.run(ThreadPoolExecutor.java:628)
	at java.base/java.lang.Thread.run(Thread.java:829)
Caused by: java.util.concurrent.RejectedExecutionException: Task java.util.concurrent.CompletableFuture$AsyncSupply@3ba6a236 rejected from java.util.concurrent.ThreadPoolExecutor@7cbe9dc4[Terminated, pool size = 0, active threads = 0, queued tasks = 0, completed tasks = 0]
	at java.base/jdk.internal.reflect.GeneratedConstructorAccessor11.newInstance(Unknown Source)
	at java.base/jdk.internal.reflect.DelegatingConstructorAccessorImpl.newInstance(DelegatingConstructorAccessorImpl.java:45)
	at java.base/java.lang.reflect.Constructor.newInstance(Constructor.java:490)
	at org.apache.ratis.util.ReflectionUtils.instantiateException(ReflectionUtils.java:259)
	at org.apache.ratis.grpc.GrpcUtil.tryUnwrapException(GrpcUtil.java:120)
	... 13 more
Caused by: org.apache.ratis.thirdparty.io.grpc.StatusRuntimeException: INTERNAL: Task java.util.concurrent.CompletableFuture$AsyncSupply@3ba6a236 rejected from java.util.concurrent.ThreadPoolExecutor@7cbe9dc4[Terminated, pool size = 0, active threads = 0, queued tasks = 0, completed tasks = 0]
	at org.apache.ratis.thirdparty.io.grpc.Status.asRuntimeException(Status.java:535)
	... 10 more
	Suppressed: java.lang.IllegalStateException: Failed to cast to class java.io.IOException, object=java.util.concurrent.RejectedExecutionException: Task java.util.concurrent.CompletableFuture$AsyncSupply@3ba6a236 rejected from java.util.concurrent.ThreadPoolExecutor@7cbe9dc4[Terminated, pool size = 0, active threads = 0, queued tasks = 0, completed tasks = 0]
	at java.base/java.util.concurrent.ThreadPoolExecutor$AbortPolicy.rejectedExecution(ThreadPoolExecutor.java:2055)
	at java.base/java.util.concurrent.ThreadPoolExecutor.reject(ThreadPoolExecutor.java:825)
	at java.base/java.util.concurrent.ThreadPoolExecutor.execute(ThreadPoolExecutor.java:1355)
	at java.base/java.util.concurrent.CompletableFuture.asyncSupplyStage(CompletableFuture.java:1714)
	at java.base/java.util.concurrent.CompletableFuture.supplyAsync(CompletableFuture.java:1931)
	at org.apache.ratis.server.impl.RaftServerImpl.executeSubmitServerRequestAsync(RaftServerImpl.java:812)
	at org.apache.ratis.server.impl.RaftServerProxy.lambda$appendEntriesAsync$27(RaftServerProxy.java:634)
	at java.base/java.util.concurrent.CompletableFuture.uniComposeStage(CompletableFuture.java:1106)
	at java.base/java.util.concurrent.CompletableFuture.thenCompose(CompletableFuture.java:2235)
	at org.apache.ratis.server.impl.RaftServerProxy.appendEntriesAsync(RaftServerProxy.java:634)
	at org.apache.ratis.grpc.server.GrpcServerProtocolService$1.process(GrpcServerProtocolService.java:219)
	at org.apache.ratis.grpc.server.GrpcServerProtocolService$1.process(GrpcServerProtocolService.java:216)
	at org.apache.ratis.grpc.server.GrpcServerProtocolService$ServerRequestStreamObserver.onNext(GrpcServerProtocolService.java:124)
	at org.apache.ratis.thirdparty.io.grpc.stub.ServerCalls$StreamingServerCallHandler$StreamingServerCallListener.onMessage(ServerCalls.java:262)
	at org.apache.ratis.thirdparty.io.grpc.ForwardingServerCallListener.onMessage(ForwardingServerCallListener.java:33)
	at org.apache.ratis.thirdparty.io.grpc.internal.ServerCallImpl$ServerStreamListenerImpl.messagesAvailableInternal(ServerCallImpl.java:332)
	at org.apache.ratis.thirdparty.io.grpc.internal.ServerCallImpl$ServerStreamListenerImpl.messagesAvailable(ServerCallImpl.java:315)
	at org.apache.ratis.thirdparty.io.grpc.internal.ServerImpl$JumpToApplicationThreadServerStreamListener$1MessagesAvailable.runInContext(ServerImpl.java:834)
	at org.apache.ratis.thirdparty.io.grpc.internal.ContextRunnable.run(ContextRunnable.java:37)
	at org.apache.ratis.thirdparty.io.grpc.internal.SerializingExecutor.run(SerializingExecutor.java:133)
	at java.base/java.util.concurrent.ThreadPoolExecutor.runWorker(ThreadPoolExecutor.java:1128)
	at java.base/java.util.concurrent.ThreadPoolExecutor$Worker.run(ThreadPoolExecutor.java:628)
	at java.base/java.lang.Thread.run(Thread.java:829)

		at org.apache.ratis.util.IOUtils.readObject(IOUtils.java:237)
		at org.apache.ratis.util.IOUtils.bytes2Object(IOUtils.java:214)
		at org.apache.ratis.grpc.GrpcUtil.tryUnwrapException(GrpcUtil.java:109)
		at org.apache.ratis.grpc.GrpcUtil.unwrapThrowable(GrpcUtil.java:82)
		at org.apache.ratis.grpc.GrpcUtil.warn(GrpcUtil.java:178)
		at org.apache.ratis.grpc.server.GrpcLogAppender$AppendLogResponseHandler.onError(GrpcLogAppender.java:405)
		... 10 more
	Caused by: java.lang.ClassCastException: Cannot cast java.util.concurrent.RejectedExecutionException to java.io.IOException
		at java.base/java.lang.Class.cast(Class.java:3605)
		at org.apache.ratis.util.IOUtils.readObject(IOUtils.java:234)
		... 15 more
2022-11-11 07:38:07,537 [grpc-default-executor-6] INFO  leader.FollowerInfo (FollowerInfoImpl.java:lambda$new$0(48)) - s2@group-DC0BCF2C7030->s1: nextIndex: updateUnconditionally 253 -> 139
2022-11-11 07:38:07,537 [s0-server-thread2] DEBUG raftlog.RaftLog (SegmentedRaftLog.java:appendImpl(446)) - truncateIndex=-1, arrayIndex=0
2022-11-11 07:38:07,538 [s2@group-DC0BCF2C7030-StateMachineUpdater] INFO  impl.SimpleStateMachine4Testing (SimpleStateMachine4Testing.java:put(205)) - s2: put 253, m124 -> (t:2, i:253), STATEMACHINELOGENTRY, 510@client-70D4234AB40A
2022-11-11 07:38:07,540 [grpc-default-executor-6] WARN  server.GrpcServerProtocolService (LogUtils.java:warn(124)) - s1: Failed APPEND_ENTRIES request s2->s1#219-t2,previous=(t:1, i:138),leaderCommit=253,initializing? true,entries: size=115, first=(t:2, i:139), CONFIGURATIONENTRY(current:id: "s0"
address: "localhost:38889"
dataStreamAddress: "localhost:44045"
clientAddress: "localhost:36221"
adminAddress: "localhost:33369"
startupRole: FOLLOWER
,id: "s1"
address: "localhost:33469"
dataStreamAddress: "localhost:41079"
clientAddress: "localhost:38107"
adminAddress: "localhost:35601"
startupRole: FOLLOWER
,id: "s2"
address: "localhost:39335"
dataStreamAddress: "localhost:40831"
clientAddress: "localhost:32863"
adminAddress: "localhost:35389"
startupRole: FOLLOWER
, old:)
java.util.concurrent.CompletionException: java.util.concurrent.RejectedExecutionException: Task java.util.concurrent.CompletableFuture$AsyncSupply@4e7e17cd rejected from java.util.concurrent.ThreadPoolExecutor@7cbe9dc4[Terminated, pool size = 0, active threads = 0, queued tasks = 0, completed tasks = 0]
	at java.base/java.util.concurrent.CompletableFuture.encodeThrowable(CompletableFuture.java:314)
	at java.base/java.util.concurrent.CompletableFuture.uniComposeStage(CompletableFuture.java:1113)
	at java.base/java.util.concurrent.CompletableFuture.thenCompose(CompletableFuture.java:2235)
	at org.apache.ratis.server.impl.RaftServerProxy.appendEntriesAsync(RaftServerProxy.java:634)
	at org.apache.ratis.grpc.server.GrpcServerProtocolService$1.process(GrpcServerProtocolService.java:219)
	at org.apache.ratis.grpc.server.GrpcServerProtocolService$1.process(GrpcServerProtocolService.java:216)
	at org.apache.ratis.grpc.server.GrpcServerProtocolService$ServerRequestStreamObserver.onNext(GrpcServerProtocolService.java:124)
	at org.apache.ratis.thirdparty.io.grpc.stub.ServerCalls$StreamingServerCallHandler$StreamingServerCallListener.onMessage(ServerCalls.java:262)
	at org.apache.ratis.thirdparty.io.grpc.ForwardingServerCallListener.onMessage(ForwardingServerCallListener.java:33)
	at org.apache.ratis.thirdparty.io.grpc.internal.ServerCallImpl$ServerStreamListenerImpl.messagesAvailableInternal(ServerCallImpl.java:332)
	at org.apache.ratis.thirdparty.io.grpc.internal.ServerCallImpl$ServerStreamListenerImpl.messagesAvailable(ServerCallImpl.java:315)
	at org.apache.ratis.thirdparty.io.grpc.internal.ServerImpl$JumpToApplicationThreadServerStreamListener$1MessagesAvailable.runInContext(ServerImpl.java:834)
	at org.apache.ratis.thirdparty.io.grpc.internal.ContextRunnable.run(ContextRunnable.java:37)
	at org.apache.ratis.thirdparty.io.grpc.internal.SerializingExecutor.run(SerializingExecutor.java:133)
	at java.base/java.util.concurrent.ThreadPoolExecutor.runWorker(ThreadPoolExecutor.java:1128)
	at java.base/java.util.concurrent.ThreadPoolExecutor$Worker.run(ThreadPoolExecutor.java:628)
	at java.base/java.lang.Thread.run(Thread.java:829)
Caused by: java.util.concurrent.RejectedExecutionException: Task java.util.concurrent.CompletableFuture$AsyncSupply@4e7e17cd rejected from java.util.concurrent.ThreadPoolExecutor@7cbe9dc4[Terminated, pool size = 0, active threads = 0, queued tasks = 0, completed tasks = 0]
	at java.base/java.util.concurrent.ThreadPoolExecutor$AbortPolicy.rejectedExecution(ThreadPoolExecutor.java:2055)
	at java.base/java.util.concurrent.ThreadPoolExecutor.reject(ThreadPoolExecutor.java:825)
	at java.base/java.util.concurrent.ThreadPoolExecutor.execute(ThreadPoolExecutor.java:1355)
	at java.base/java.util.concurrent.CompletableFuture.asyncSupplyStage(CompletableFuture.java:1714)
	at java.base/java.util.concurrent.CompletableFuture.supplyAsync(CompletableFuture.java:1931)
	at org.apache.ratis.server.impl.RaftServerImpl.executeSubmitServerRequestAsync(RaftServerImpl.java:812)
	at org.apache.ratis.server.impl.RaftServerProxy.lambda$appendEntriesAsync$27(RaftServerProxy.java:634)
	at java.base/java.util.concurrent.CompletableFuture.uniComposeStage(CompletableFuture.java:1106)
	... 15 more
2022-11-11 07:38:07,542 [s0-server-thread2] DEBUG raftlog.RaftLog (SegmentedRaftLog.java:appendImpl(446)) - truncateIndex=-1, arrayIndex=0
2022-11-11 07:38:07,542 [grpc-default-executor-6] WARN  server.GrpcLogAppender (LogUtils.java:warn(124)) - s2@group-DC0BCF2C7030->s1-AppendLogResponseHandler: Failed appendEntries
java.io.IOException: java.util.concurrent.RejectedExecutionException: Task java.util.concurrent.CompletableFuture$AsyncSupply@4e7e17cd rejected from java.util.concurrent.ThreadPoolExecutor@7cbe9dc4[Terminated, pool size = 0, active threads = 0, queued tasks = 0, completed tasks = 0]
	at org.apache.ratis.util.IOUtils.asIOException(IOUtils.java:56)
	at org.apache.ratis.grpc.GrpcUtil.tryUnwrapException(GrpcUtil.java:121)
	at org.apache.ratis.grpc.GrpcUtil.unwrapThrowable(GrpcUtil.java:82)
	at org.apache.ratis.grpc.GrpcUtil.warn(GrpcUtil.java:178)
	at org.apache.ratis.grpc.server.GrpcLogAppender$AppendLogResponseHandler.onError(GrpcLogAppender.java:405)
	at org.apache.ratis.thirdparty.io.grpc.stub.ClientCalls$StreamObserverToCallListenerAdapter.onClose(ClientCalls.java:487)
	at org.apache.ratis.thirdparty.io.grpc.internal.ClientCallImpl.closeObserver(ClientCallImpl.java:562)
	at org.apache.ratis.thirdparty.io.grpc.internal.ClientCallImpl.access$300(ClientCallImpl.java:70)
	at org.apache.ratis.thirdparty.io.grpc.internal.ClientCallImpl$ClientStreamListenerImpl$1StreamClosed.runInternal(ClientCallImpl.java:743)
	at org.apache.ratis.thirdparty.io.grpc.internal.ClientCallImpl$ClientStreamListenerImpl$1StreamClosed.runInContext(ClientCallImpl.java:722)
	at org.apache.ratis.thirdparty.io.grpc.internal.ContextRunnable.run(ContextRunnable.java:37)
	at org.apache.ratis.thirdparty.io.grpc.internal.SerializingExecutor.run(SerializingExecutor.java:133)
	at java.base/java.util.concurrent.ThreadPoolExecutor.runWorker(ThreadPoolExecutor.java:1128)
	at java.base/java.util.concurrent.ThreadPoolExecutor$Worker.run(ThreadPoolExecutor.java:628)
	at java.base/java.lang.Thread.run(Thread.java:829)
Caused by: java.util.concurrent.RejectedExecutionException: Task java.util.concurrent.CompletableFuture$AsyncSupply@4e7e17cd rejected from java.util.concurrent.ThreadPoolExecutor@7cbe9dc4[Terminated, pool size = 0, active threads = 0, queued tasks = 0, completed tasks = 0]
	at java.base/jdk.internal.reflect.GeneratedConstructorAccessor11.newInstance(Unknown Source)
	at java.base/jdk.internal.reflect.DelegatingConstructorAccessorImpl.newInstance(DelegatingConstructorAccessorImpl.java:45)
	at java.base/java.lang.reflect.Constructor.newInstance(Constructor.java:490)
	at org.apache.ratis.util.ReflectionUtils.instantiateException(ReflectionUtils.java:259)
	at org.apache.ratis.grpc.GrpcUtil.tryUnwrapException(GrpcUtil.java:120)
	... 13 more
Caused by: org.apache.ratis.thirdparty.io.grpc.StatusRuntimeException: INTERNAL: Task java.util.concurrent.CompletableFuture$AsyncSupply@4e7e17cd rejected from java.util.concurrent.ThreadPoolExecutor@7cbe9dc4[Terminated, pool size = 0, active threads = 0, queued tasks = 0, completed tasks = 0]
	at org.apache.ratis.thirdparty.io.grpc.Status.asRuntimeException(Status.java:535)
	... 10 more
	Suppressed: java.lang.IllegalStateException: Failed to cast to class java.io.IOException, object=java.util.concurrent.RejectedExecutionException: Task java.util.concurrent.CompletableFuture$AsyncSupply@4e7e17cd rejected from java.util.concurrent.ThreadPoolExecutor@7cbe9dc4[Terminated, pool size = 0, active threads = 0, queued tasks = 0, completed tasks = 0]
	at java.base/java.util.concurrent.ThreadPoolExecutor$AbortPolicy.rejectedExecution(ThreadPoolExecutor.java:2055)
	at java.base/java.util.concurrent.ThreadPoolExecutor.reject(ThreadPoolExecutor.java:825)
	at java.base/java.util.concurrent.ThreadPoolExecutor.execute(ThreadPoolExecutor.java:1355)
	at java.base/java.util.concurrent.CompletableFuture.asyncSupplyStage(CompletableFuture.java:1714)
	at java.base/java.util.concurrent.CompletableFuture.supplyAsync(CompletableFuture.java:1931)
	at org.apache.ratis.server.impl.RaftServerImpl.executeSubmitServerRequestAsync(RaftServerImpl.java:812)
	at org.apache.ratis.server.impl.RaftServerProxy.lambda$appendEntriesAsync$27(RaftServerProxy.java:634)
	at java.base/java.util.concurrent.CompletableFuture.uniComposeStage(CompletableFuture.java:1106)
	at java.base/java.util.concurrent.CompletableFuture.thenCompose(CompletableFuture.java:2235)
	at org.apache.ratis.server.impl.RaftServerProxy.appendEntriesAsync(RaftServerProxy.java:634)
	at org.apache.ratis.grpc.server.GrpcServerProtocolService$1.process(GrpcServerProtocolService.java:219)
	at org.apache.ratis.grpc.server.GrpcServerProtocolService$1.process(GrpcServerProtocolService.java:216)
	at org.apache.ratis.grpc.server.GrpcServerProtocolService$ServerRequestStreamObserver.onNext(GrpcServerProtocolService.java:124)
	at org.apache.ratis.thirdparty.io.grpc.stub.ServerCalls$StreamingServerCallHandler$StreamingServerCallListener.onMessage(ServerCalls.java:262)
	at org.apache.ratis.thirdparty.io.grpc.ForwardingServerCallListener.onMessage(ForwardingServerCallListener.java:33)
	at org.apache.ratis.thirdparty.io.grpc.internal.ServerCallImpl$ServerStreamListenerImpl.messagesAvailableInternal(ServerCallImpl.java:332)
	at org.apache.ratis.thirdparty.io.grpc.internal.ServerCallImpl$ServerStreamListenerImpl.messagesAvailable(ServerCallImpl.java:315)
	at org.apache.ratis.thirdparty.io.grpc.internal.ServerImpl$JumpToApplicationThreadServerStreamListener$1MessagesAvailable.runInContext(ServerImpl.java:834)
	at org.apache.ratis.thirdparty.io.grpc.internal.ContextRunnable.run(ContextRunnable.java:37)
	at org.apache.ratis.thirdparty.io.grpc.internal.SerializingExecutor.run(SerializingExecutor.java:133)
	at java.base/java.util.concurrent.ThreadPoolExecutor.runWorker(ThreadPoolExecutor.java:1128)
	at java.base/java.util.concurrent.ThreadPoolExecutor$Worker.run(ThreadPoolExecutor.java:628)
	at java.base/java.lang.Thread.run(Thread.java:829)

		at org.apache.ratis.util.IOUtils.readObject(IOUtils.java:237)
		at org.apache.ratis.util.IOUtils.bytes2Object(IOUtils.java:214)
		at org.apache.ratis.grpc.GrpcUtil.tryUnwrapException(GrpcUtil.java:109)
		at org.apache.ratis.grpc.GrpcUtil.unwrapThrowable(GrpcUtil.java:82)
		at org.apache.ratis.grpc.GrpcUtil.warn(GrpcUtil.java:178)
		at org.apache.ratis.grpc.server.GrpcLogAppender$AppendLogResponseHandler.onError(GrpcLogAppender.java:405)
		... 10 more
	Caused by: java.lang.ClassCastException: Cannot cast java.util.concurrent.RejectedExecutionException to java.io.IOException
		at java.base/java.lang.Class.cast(Class.java:3605)
		at org.apache.ratis.util.IOUtils.readObject(IOUtils.java:234)
		... 15 more
2022-11-11 07:38:07,543 [s0@group-DC0BCF2C7030-StateMachineUpdater] INFO  impl.SimpleStateMachine4Testing (SimpleStateMachine4Testing.java:put(205)) - s0: put 253, m124 -> (t:2, i:253), STATEMACHINELOGENTRY, 510@client-70D4234AB40A
2022-11-11 07:38:07,543 [grpc-default-executor-6] INFO  leader.FollowerInfo (FollowerInfoImpl.java:lambda$new$0(48)) - s2@group-DC0BCF2C7030->s1: nextIndex: updateUnconditionally 254 -> 139
2022-11-11 07:38:07,550 [grpc-default-executor-4] WARN  server.GrpcServerProtocolService (LogUtils.java:warn(124)) - s1: Failed APPEND_ENTRIES request s2->s1#220-t2,previous=(t:1, i:138),leaderCommit=254,initializing? true,entries: size=116, first=(t:2, i:139), CONFIGURATIONENTRY(current:id: "s0"
address: "localhost:38889"
dataStreamAddress: "localhost:44045"
clientAddress: "localhost:36221"
adminAddress: "localhost:33369"
startupRole: FOLLOWER
,id: "s1"
address: "localhost:33469"
dataStreamAddress: "localhost:41079"
clientAddress: "localhost:38107"
adminAddress: "localhost:35601"
startupRole: FOLLOWER
,id: "s2"
address: "localhost:39335"
dataStreamAddress: "localhost:40831"
clientAddress: "localhost:32863"
adminAddress: "localhost:35389"
startupRole: FOLLOWER
, old:)
java.util.concurrent.CompletionException: java.util.concurrent.RejectedExecutionException: Task java.util.concurrent.CompletableFuture$AsyncSupply@691261c3 rejected from java.util.concurrent.ThreadPoolExecutor@7cbe9dc4[Terminated, pool size = 0, active threads = 0, queued tasks = 0, completed tasks = 0]
	at java.base/java.util.concurrent.CompletableFuture.encodeThrowable(CompletableFuture.java:314)
	at java.base/java.util.concurrent.CompletableFuture.uniComposeStage(CompletableFuture.java:1113)
	at java.base/java.util.concurrent.CompletableFuture.thenCompose(CompletableFuture.java:2235)
	at org.apache.ratis.server.impl.RaftServerProxy.appendEntriesAsync(RaftServerProxy.java:634)
	at org.apache.ratis.grpc.server.GrpcServerProtocolService$1.process(GrpcServerProtocolService.java:219)
	at org.apache.ratis.grpc.server.GrpcServerProtocolService$1.process(GrpcServerProtocolService.java:216)
	at org.apache.ratis.grpc.server.GrpcServerProtocolService$ServerRequestStreamObserver.onNext(GrpcServerProtocolService.java:124)
	at org.apache.ratis.thirdparty.io.grpc.stub.ServerCalls$StreamingServerCallHandler$StreamingServerCallListener.onMessage(ServerCalls.java:262)
	at org.apache.ratis.thirdparty.io.grpc.ForwardingServerCallListener.onMessage(ForwardingServerCallListener.java:33)
	at org.apache.ratis.thirdparty.io.grpc.internal.ServerCallImpl$ServerStreamListenerImpl.messagesAvailableInternal(ServerCallImpl.java:332)
	at org.apache.ratis.thirdparty.io.grpc.internal.ServerCallImpl$ServerStreamListenerImpl.messagesAvailable(ServerCallImpl.java:315)
	at org.apache.ratis.thirdparty.io.grpc.internal.ServerImpl$JumpToApplicationThreadServerStreamListener$1MessagesAvailable.runInContext(ServerImpl.java:834)
	at org.apache.ratis.thirdparty.io.grpc.internal.ContextRunnable.run(ContextRunnable.java:37)
	at org.apache.ratis.thirdparty.io.grpc.internal.SerializingExecutor.run(SerializingExecutor.java:133)
	at java.base/java.util.concurrent.ThreadPoolExecutor.runWorker(ThreadPoolExecutor.java:1128)
	at java.base/java.util.concurrent.ThreadPoolExecutor$Worker.run(ThreadPoolExecutor.java:628)
	at java.base/java.lang.Thread.run(Thread.java:829)
Caused by: java.util.concurrent.RejectedExecutionException: Task java.util.concurrent.CompletableFuture$AsyncSupply@691261c3 rejected from java.util.concurrent.ThreadPoolExecutor@7cbe9dc4[Terminated, pool size = 0, active threads = 0, queued tasks = 0, completed tasks = 0]
	at java.base/java.util.concurrent.ThreadPoolExecutor$AbortPolicy.rejectedExecution(ThreadPoolExecutor.java:2055)
	at java.base/java.util.concurrent.ThreadPoolExecutor.reject(ThreadPoolExecutor.java:825)
	at java.base/java.util.concurrent.ThreadPoolExecutor.execute(ThreadPoolExecutor.java:1355)
	at java.base/java.util.concurrent.CompletableFuture.asyncSupplyStage(CompletableFuture.java:1714)
	at java.base/java.util.concurrent.CompletableFuture.supplyAsync(CompletableFuture.java:1931)
	at org.apache.ratis.server.impl.RaftServerImpl.executeSubmitServerRequestAsync(RaftServerImpl.java:812)
	at org.apache.ratis.server.impl.RaftServerProxy.lambda$appendEntriesAsync$27(RaftServerProxy.java:634)
	at java.base/java.util.concurrent.CompletableFuture.uniComposeStage(CompletableFuture.java:1106)
	... 15 more
2022-11-11 07:38:07,552 [s0-server-thread2] DEBUG raftlog.RaftLog (SegmentedRaftLog.java:appendImpl(446)) - truncateIndex=-1, arrayIndex=0
2022-11-11 07:38:07,553 [grpc-default-executor-6] WARN  server.GrpcLogAppender (LogUtils.java:warn(124)) - s2@group-DC0BCF2C7030->s1-AppendLogResponseHandler: Failed appendEntries
java.io.IOException: java.util.concurrent.RejectedExecutionException: Task java.util.concurrent.CompletableFuture$AsyncSupply@691261c3 rejected from java.util.concurrent.ThreadPoolExecutor@7cbe9dc4[Terminated, pool size = 0, active threads = 0, queued tasks = 0, completed tasks = 0]
	at org.apache.ratis.util.IOUtils.asIOException(IOUtils.java:56)
	at org.apache.ratis.grpc.GrpcUtil.tryUnwrapException(GrpcUtil.java:121)
	at org.apache.ratis.grpc.GrpcUtil.unwrapThrowable(GrpcUtil.java:82)
	at org.apache.ratis.grpc.GrpcUtil.warn(GrpcUtil.java:178)
	at org.apache.ratis.grpc.server.GrpcLogAppender$AppendLogResponseHandler.onError(GrpcLogAppender.java:405)
	at org.apache.ratis.thirdparty.io.grpc.stub.ClientCalls$StreamObserverToCallListenerAdapter.onClose(ClientCalls.java:487)
	at org.apache.ratis.thirdparty.io.grpc.internal.ClientCallImpl.closeObserver(ClientCallImpl.java:562)
	at org.apache.ratis.thirdparty.io.grpc.internal.ClientCallImpl.access$300(ClientCallImpl.java:70)
	at org.apache.ratis.thirdparty.io.grpc.internal.ClientCallImpl$ClientStreamListenerImpl$1StreamClosed.runInternal(ClientCallImpl.java:743)
	at org.apache.ratis.thirdparty.io.grpc.internal.ClientCallImpl$ClientStreamListenerImpl$1StreamClosed.runInContext(ClientCallImpl.java:722)
	at org.apache.ratis.thirdparty.io.grpc.internal.ContextRunnable.run(ContextRunnable.java:37)
	at org.apache.ratis.thirdparty.io.grpc.internal.SerializingExecutor.run(SerializingExecutor.java:133)
	at java.base/java.util.concurrent.ThreadPoolExecutor.runWorker(ThreadPoolExecutor.java:1128)
	at java.base/java.util.concurrent.ThreadPoolExecutor$Worker.run(ThreadPoolExecutor.java:628)
	at java.base/java.lang.Thread.run(Thread.java:829)
Caused by: java.util.concurrent.RejectedExecutionException: Task java.util.concurrent.CompletableFuture$AsyncSupply@691261c3 rejected from java.util.concurrent.ThreadPoolExecutor@7cbe9dc4[Terminated, pool size = 0, active threads = 0, queued tasks = 0, completed tasks = 0]
	at java.base/jdk.internal.reflect.GeneratedConstructorAccessor11.newInstance(Unknown Source)
	at java.base/jdk.internal.reflect.DelegatingConstructorAccessorImpl.newInstance(DelegatingConstructorAccessorImpl.java:45)
	at java.base/java.lang.reflect.Constructor.newInstance(Constructor.java:490)
	at org.apache.ratis.util.ReflectionUtils.instantiateException(ReflectionUtils.java:259)
	at org.apache.ratis.grpc.GrpcUtil.tryUnwrapException(GrpcUtil.java:120)
	... 13 more
Caused by: org.apache.ratis.thirdparty.io.grpc.StatusRuntimeException: INTERNAL: Task java.util.concurrent.CompletableFuture$AsyncSupply@691261c3 rejected from java.util.concurrent.ThreadPoolExecutor@7cbe9dc4[Terminated, pool size = 0, active threads = 0, queued tasks = 0, completed tasks = 0]
	at org.apache.ratis.thirdparty.io.grpc.Status.asRuntimeException(Status.java:535)
	... 10 more
	Suppressed: java.lang.IllegalStateException: Failed to cast to class java.io.IOException, object=java.util.concurrent.RejectedExecutionException: Task java.util.concurrent.CompletableFuture$AsyncSupply@691261c3 rejected from java.util.concurrent.ThreadPoolExecutor@7cbe9dc4[Terminated, pool size = 0, active threads = 0, queued tasks = 0, completed tasks = 0]
	at java.base/java.util.concurrent.ThreadPoolExecutor$AbortPolicy.rejectedExecution(ThreadPoolExecutor.java:2055)
	at java.base/java.util.concurrent.ThreadPoolExecutor.reject(ThreadPoolExecutor.java:825)
	at java.base/java.util.concurrent.ThreadPoolExecutor.execute(ThreadPoolExecutor.java:1355)
	at java.base/java.util.concurrent.CompletableFuture.asyncSupplyStage(CompletableFuture.java:1714)
	at java.base/java.util.concurrent.CompletableFuture.supplyAsync(CompletableFuture.java:1931)
	at org.apache.ratis.server.impl.RaftServerImpl.executeSubmitServerRequestAsync(RaftServerImpl.java:812)
	at org.apache.ratis.server.impl.RaftServerProxy.lambda$appendEntriesAsync$27(RaftServerProxy.java:634)
	at java.base/java.util.concurrent.CompletableFuture.uniComposeStage(CompletableFuture.java:1106)
	at java.base/java.util.concurrent.CompletableFuture.thenCompose(CompletableFuture.java:2235)
	at org.apache.ratis.server.impl.RaftServerProxy.appendEntriesAsync(RaftServerProxy.java:634)
	at org.apache.ratis.grpc.server.GrpcServerProtocolService$1.process(GrpcServerProtocolService.java:219)
	at org.apache.ratis.grpc.server.GrpcServerProtocolService$1.process(GrpcServerProtocolService.java:216)
	at org.apache.ratis.grpc.server.GrpcServerProtocolService$ServerRequestStreamObserver.onNext(GrpcServerProtocolService.java:124)
	at org.apache.ratis.thirdparty.io.grpc.stub.ServerCalls$StreamingServerCallHandler$StreamingServerCallListener.onMessage(ServerCalls.java:262)
	at org.apache.ratis.thirdparty.io.grpc.ForwardingServerCallListener.onMessage(ForwardingServerCallListener.java:33)
	at org.apache.ratis.thirdparty.io.grpc.internal.ServerCallImpl$ServerStreamListenerImpl.messagesAvailableInternal(ServerCallImpl.java:332)
	at org.apache.ratis.thirdparty.io.grpc.internal.ServerCallImpl$ServerStreamListenerImpl.messagesAvailable(ServerCallImpl.java:315)
	at org.apache.ratis.thirdparty.io.grpc.internal.ServerImpl$JumpToApplicationThreadServerStreamListener$1MessagesAvailable.runInContext(ServerImpl.java:834)
	at org.apache.ratis.thirdparty.io.grpc.internal.ContextRunnable.run(ContextRunnable.java:37)
	at org.apache.ratis.thirdparty.io.grpc.internal.SerializingExecutor.run(SerializingExecutor.java:133)
	at java.base/java.util.concurrent.ThreadPoolExecutor.runWorker(ThreadPoolExecutor.java:1128)
	at java.base/java.util.concurrent.ThreadPoolExecutor$Worker.run(ThreadPoolExecutor.java:628)
	at java.base/java.lang.Thread.run(Thread.java:829)

		at org.apache.ratis.util.IOUtils.readObject(IOUtils.java:237)
		at org.apache.ratis.util.IOUtils.bytes2Object(IOUtils.java:214)
		at org.apache.ratis.grpc.GrpcUtil.tryUnwrapException(GrpcUtil.java:109)
		at org.apache.ratis.grpc.GrpcUtil.unwrapThrowable(GrpcUtil.java:82)
		at org.apache.ratis.grpc.GrpcUtil.warn(GrpcUtil.java:178)
		at org.apache.ratis.grpc.server.GrpcLogAppender$AppendLogResponseHandler.onError(GrpcLogAppender.java:405)
		... 10 more
	Caused by: java.lang.ClassCastException: Cannot cast java.util.concurrent.RejectedExecutionException to java.io.IOException
		at java.base/java.lang.Class.cast(Class.java:3605)
		at org.apache.ratis.util.IOUtils.readObject(IOUtils.java:234)
		... 15 more
2022-11-11 07:38:07,554 [grpc-default-executor-6] INFO  leader.FollowerInfo (FollowerInfoImpl.java:lambda$new$0(48)) - s2@group-DC0BCF2C7030->s1: nextIndex: updateUnconditionally 255 -> 139
2022-11-11 07:38:07,555 [s2@group-DC0BCF2C7030-StateMachineUpdater] INFO  impl.SimpleStateMachine4Testing (SimpleStateMachine4Testing.java:put(205)) - s2: put 255, m125 -> (t:2, i:255), STATEMACHINELOGENTRY, 511@client-70D4234AB40A
2022-11-11 07:38:07,561 [grpc-default-executor-2] WARN  server.GrpcServerProtocolService (LogUtils.java:warn(124)) - s1: Failed APPEND_ENTRIES request s2->s1#222-t2,previous=(t:1, i:138),leaderCommit=254,initializing? true,entries: size=117, first=(t:2, i:139), CONFIGURATIONENTRY(current:id: "s0"
address: "localhost:38889"
dataStreamAddress: "localhost:44045"
clientAddress: "localhost:36221"
adminAddress: "localhost:33369"
startupRole: FOLLOWER
,id: "s1"
address: "localhost:33469"
dataStreamAddress: "localhost:41079"
clientAddress: "localhost:38107"
adminAddress: "localhost:35601"
startupRole: FOLLOWER
,id: "s2"
address: "localhost:39335"
dataStreamAddress: "localhost:40831"
clientAddress: "localhost:32863"
adminAddress: "localhost:35389"
startupRole: FOLLOWER
, old:)
java.util.concurrent.CompletionException: java.util.concurrent.RejectedExecutionException: Task java.util.concurrent.CompletableFuture$AsyncSupply@7177dfcb rejected from java.util.concurrent.ThreadPoolExecutor@7cbe9dc4[Terminated, pool size = 0, active threads = 0, queued tasks = 0, completed tasks = 0]
	at java.base/java.util.concurrent.CompletableFuture.encodeThrowable(CompletableFuture.java:314)
	at java.base/java.util.concurrent.CompletableFuture.uniComposeStage(CompletableFuture.java:1113)
	at java.base/java.util.concurrent.CompletableFuture.thenCompose(CompletableFuture.java:2235)
	at org.apache.ratis.server.impl.RaftServerProxy.appendEntriesAsync(RaftServerProxy.java:634)
	at org.apache.ratis.grpc.server.GrpcServerProtocolService$1.process(GrpcServerProtocolService.java:219)
	at org.apache.ratis.grpc.server.GrpcServerProtocolService$1.process(GrpcServerProtocolService.java:216)
	at org.apache.ratis.grpc.server.GrpcServerProtocolService$ServerRequestStreamObserver.onNext(GrpcServerProtocolService.java:124)
	at org.apache.ratis.thirdparty.io.grpc.stub.ServerCalls$StreamingServerCallHandler$StreamingServerCallListener.onMessage(ServerCalls.java:262)
	at org.apache.ratis.thirdparty.io.grpc.ForwardingServerCallListener.onMessage(ForwardingServerCallListener.java:33)
	at org.apache.ratis.thirdparty.io.grpc.internal.ServerCallImpl$ServerStreamListenerImpl.messagesAvailableInternal(ServerCallImpl.java:332)
	at org.apache.ratis.thirdparty.io.grpc.internal.ServerCallImpl$ServerStreamListenerImpl.messagesAvailable(ServerCallImpl.java:315)
	at org.apache.ratis.thirdparty.io.grpc.internal.ServerImpl$JumpToApplicationThreadServerStreamListener$1MessagesAvailable.runInContext(ServerImpl.java:834)
	at org.apache.ratis.thirdparty.io.grpc.internal.ContextRunnable.run(ContextRunnable.java:37)
	at org.apache.ratis.thirdparty.io.grpc.internal.SerializingExecutor.run(SerializingExecutor.java:133)
	at java.base/java.util.concurrent.ThreadPoolExecutor.runWorker(ThreadPoolExecutor.java:1128)
	at java.base/java.util.concurrent.ThreadPoolExecutor$Worker.run(ThreadPoolExecutor.java:628)
	at java.base/java.lang.Thread.run(Thread.java:829)
Caused by: java.util.concurrent.RejectedExecutionException: Task java.util.concurrent.CompletableFuture$AsyncSupply@7177dfcb rejected from java.util.concurrent.ThreadPoolExecutor@7cbe9dc4[Terminated, pool size = 0, active threads = 0, queued tasks = 0, completed tasks = 0]
	at java.base/java.util.concurrent.ThreadPoolExecutor$AbortPolicy.rejectedExecution(ThreadPoolExecutor.java:2055)
	at java.base/java.util.concurrent.ThreadPoolExecutor.reject(ThreadPoolExecutor.java:825)
	at java.base/java.util.concurrent.ThreadPoolExecutor.execute(ThreadPoolExecutor.java:1355)
	at java.base/java.util.concurrent.CompletableFuture.asyncSupplyStage(CompletableFuture.java:1714)
	at java.base/java.util.concurrent.CompletableFuture.supplyAsync(CompletableFuture.java:1931)
	at org.apache.ratis.server.impl.RaftServerImpl.executeSubmitServerRequestAsync(RaftServerImpl.java:812)
	at org.apache.ratis.server.impl.RaftServerProxy.lambda$appendEntriesAsync$27(RaftServerProxy.java:634)
	at java.base/java.util.concurrent.CompletableFuture.uniComposeStage(CompletableFuture.java:1106)
	... 15 more
2022-11-11 07:38:07,561 [s0-server-thread2] DEBUG raftlog.RaftLog (SegmentedRaftLog.java:appendImpl(446)) - truncateIndex=-1, arrayIndex=0
2022-11-11 07:38:07,563 [s0-server-thread2] DEBUG raftlog.RaftLog (SegmentedRaftLog.java:appendImpl(446)) - truncateIndex=-1, arrayIndex=0
2022-11-11 07:38:07,564 [grpc-default-executor-2] WARN  server.GrpcLogAppender (LogUtils.java:warn(124)) - s2@group-DC0BCF2C7030->s1-AppendLogResponseHandler: Failed appendEntries
java.io.IOException: java.util.concurrent.RejectedExecutionException: Task java.util.concurrent.CompletableFuture$AsyncSupply@7177dfcb rejected from java.util.concurrent.ThreadPoolExecutor@7cbe9dc4[Terminated, pool size = 0, active threads = 0, queued tasks = 0, completed tasks = 0]
	at org.apache.ratis.util.IOUtils.asIOException(IOUtils.java:56)
	at org.apache.ratis.grpc.GrpcUtil.tryUnwrapException(GrpcUtil.java:121)
	at org.apache.ratis.grpc.GrpcUtil.unwrapThrowable(GrpcUtil.java:82)
	at org.apache.ratis.grpc.GrpcUtil.warn(GrpcUtil.java:178)
	at org.apache.ratis.grpc.server.GrpcLogAppender$AppendLogResponseHandler.onError(GrpcLogAppender.java:405)
	at org.apache.ratis.thirdparty.io.grpc.stub.ClientCalls$StreamObserverToCallListenerAdapter.onClose(ClientCalls.java:487)
	at org.apache.ratis.thirdparty.io.grpc.internal.ClientCallImpl.closeObserver(ClientCallImpl.java:562)
	at org.apache.ratis.thirdparty.io.grpc.internal.ClientCallImpl.access$300(ClientCallImpl.java:70)
	at org.apache.ratis.thirdparty.io.grpc.internal.ClientCallImpl$ClientStreamListenerImpl$1StreamClosed.runInternal(ClientCallImpl.java:743)
	at org.apache.ratis.thirdparty.io.grpc.internal.ClientCallImpl$ClientStreamListenerImpl$1StreamClosed.runInContext(ClientCallImpl.java:722)
	at org.apache.ratis.thirdparty.io.grpc.internal.ContextRunnable.run(ContextRunnable.java:37)
	at org.apache.ratis.thirdparty.io.grpc.internal.SerializingExecutor.run(SerializingExecutor.java:133)
	at java.base/java.util.concurrent.ThreadPoolExecutor.runWorker(ThreadPoolExecutor.java:1128)
	at java.base/java.util.concurrent.ThreadPoolExecutor$Worker.run(ThreadPoolExecutor.java:628)
	at java.base/java.lang.Thread.run(Thread.java:829)
Caused by: java.util.concurrent.RejectedExecutionException: Task java.util.concurrent.CompletableFuture$AsyncSupply@7177dfcb rejected from java.util.concurrent.ThreadPoolExecutor@7cbe9dc4[Terminated, pool size = 0, active threads = 0, queued tasks = 0, completed tasks = 0]
	at java.base/jdk.internal.reflect.GeneratedConstructorAccessor11.newInstance(Unknown Source)
	at java.base/jdk.internal.reflect.DelegatingConstructorAccessorImpl.newInstance(DelegatingConstructorAccessorImpl.java:45)
	at java.base/java.lang.reflect.Constructor.newInstance(Constructor.java:490)
	at org.apache.ratis.util.ReflectionUtils.instantiateException(ReflectionUtils.java:259)
	at org.apache.ratis.grpc.GrpcUtil.tryUnwrapException(GrpcUtil.java:120)
	... 13 more
Caused by: org.apache.ratis.thirdparty.io.grpc.StatusRuntimeException: INTERNAL: Task java.util.concurrent.CompletableFuture$AsyncSupply@7177dfcb rejected from java.util.concurrent.ThreadPoolExecutor@7cbe9dc4[Terminated, pool size = 0, active threads = 0, queued tasks = 0, completed tasks = 0]
	at org.apache.ratis.thirdparty.io.grpc.Status.asRuntimeException(Status.java:535)
	... 10 more
	Suppressed: java.lang.IllegalStateException: Failed to cast to class java.io.IOException, object=java.util.concurrent.RejectedExecutionException: Task java.util.concurrent.CompletableFuture$AsyncSupply@7177dfcb rejected from java.util.concurrent.ThreadPoolExecutor@7cbe9dc4[Terminated, pool size = 0, active threads = 0, queued tasks = 0, completed tasks = 0]
	at java.base/java.util.concurrent.ThreadPoolExecutor$AbortPolicy.rejectedExecution(ThreadPoolExecutor.java:2055)
	at java.base/java.util.concurrent.ThreadPoolExecutor.reject(ThreadPoolExecutor.java:825)
	at java.base/java.util.concurrent.ThreadPoolExecutor.execute(ThreadPoolExecutor.java:1355)
	at java.base/java.util.concurrent.CompletableFuture.asyncSupplyStage(CompletableFuture.java:1714)
	at java.base/java.util.concurrent.CompletableFuture.supplyAsync(CompletableFuture.java:1931)
	at org.apache.ratis.server.impl.RaftServerImpl.executeSubmitServerRequestAsync(RaftServerImpl.java:812)
	at org.apache.ratis.server.impl.RaftServerProxy.lambda$appendEntriesAsync$27(RaftServerProxy.java:634)
	at java.base/java.util.concurrent.CompletableFuture.uniComposeStage(CompletableFuture.java:1106)
	at java.base/java.util.concurrent.CompletableFuture.thenCompose(CompletableFuture.java:2235)
	at org.apache.ratis.server.impl.RaftServerProxy.appendEntriesAsync(RaftServerProxy.java:634)
	at org.apache.ratis.grpc.server.GrpcServerProtocolService$1.process(GrpcServerProtocolService.java:219)
	at org.apache.ratis.grpc.server.GrpcServerProtocolService$1.process(GrpcServerProtocolService.java:216)
	at org.apache.ratis.grpc.server.GrpcServerProtocolService$ServerRequestStreamObserver.onNext(GrpcServerProtocolService.java:124)
	at org.apache.ratis.thirdparty.io.grpc.stub.ServerCalls$StreamingServerCallHandler$StreamingServerCallListener.onMessage(ServerCalls.java:262)
	at org.apache.ratis.thirdparty.io.grpc.ForwardingServerCallListener.onMessage(ForwardingServerCallListener.java:33)
	at org.apache.ratis.thirdparty.io.grpc.internal.ServerCallImpl$ServerStreamListenerImpl.messagesAvailableInternal(ServerCallImpl.java:332)
	at org.apache.ratis.thirdparty.io.grpc.internal.ServerCallImpl$ServerStreamListenerImpl.messagesAvailable(ServerCallImpl.java:315)
	at org.apache.ratis.thirdparty.io.grpc.internal.ServerImpl$JumpToApplicationThreadServerStreamListener$1MessagesAvailable.runInContext(ServerImpl.java:834)
	at org.apache.ratis.thirdparty.io.grpc.internal.ContextRunnable.run(ContextRunnable.java:37)
	at org.apache.ratis.thirdparty.io.grpc.internal.SerializingExecutor.run(SerializingExecutor.java:133)
	at java.base/java.util.concurrent.ThreadPoolExecutor.runWorker(ThreadPoolExecutor.java:1128)
	at java.base/java.util.concurrent.ThreadPoolExecutor$Worker.run(ThreadPoolExecutor.java:628)
	at java.base/java.lang.Thread.run(Thread.java:829)

		at org.apache.ratis.util.IOUtils.readObject(IOUtils.java:237)
		at org.apache.ratis.util.IOUtils.bytes2Object(IOUtils.java:214)
		at org.apache.ratis.grpc.GrpcUtil.tryUnwrapException(GrpcUtil.java:109)
		at org.apache.ratis.grpc.GrpcUtil.unwrapThrowable(GrpcUtil.java:82)
		at org.apache.ratis.grpc.GrpcUtil.warn(GrpcUtil.java:178)
		at org.apache.ratis.grpc.server.GrpcLogAppender$AppendLogResponseHandler.onError(GrpcLogAppender.java:405)
		... 10 more
	Caused by: java.lang.ClassCastException: Cannot cast java.util.concurrent.RejectedExecutionException to java.io.IOException
		at java.base/java.lang.Class.cast(Class.java:3605)
		at org.apache.ratis.util.IOUtils.readObject(IOUtils.java:234)
		... 15 more
2022-11-11 07:38:07,564 [grpc-default-executor-2] INFO  leader.FollowerInfo (FollowerInfoImpl.java:lambda$new$0(48)) - s2@group-DC0BCF2C7030->s1: nextIndex: updateUnconditionally 256 -> 139
2022-11-11 07:38:07,566 [s0@group-DC0BCF2C7030-StateMachineUpdater] INFO  impl.SimpleStateMachine4Testing (SimpleStateMachine4Testing.java:put(205)) - s0: put 255, m125 -> (t:2, i:255), STATEMACHINELOGENTRY, 511@client-70D4234AB40A
2022-11-11 07:38:07,567 [grpc-default-executor-2] WARN  server.GrpcServerProtocolService (LogUtils.java:warn(124)) - s1: Failed APPEND_ENTRIES request s2->s1#225-t2,previous=(t:1, i:138),leaderCommit=255,initializing? true,entries: size=119, first=(t:2, i:139), CONFIGURATIONENTRY(current:id: "s0"
address: "localhost:38889"
dataStreamAddress: "localhost:44045"
clientAddress: "localhost:36221"
adminAddress: "localhost:33369"
startupRole: FOLLOWER
,id: "s1"
address: "localhost:33469"
dataStreamAddress: "localhost:41079"
clientAddress: "localhost:38107"
adminAddress: "localhost:35601"
startupRole: FOLLOWER
,id: "s2"
address: "localhost:39335"
dataStreamAddress: "localhost:40831"
clientAddress: "localhost:32863"
adminAddress: "localhost:35389"
startupRole: FOLLOWER
, old:)
java.util.concurrent.CompletionException: java.util.concurrent.RejectedExecutionException: Task java.util.concurrent.CompletableFuture$AsyncSupply@1e9d2784 rejected from java.util.concurrent.ThreadPoolExecutor@7cbe9dc4[Terminated, pool size = 0, active threads = 0, queued tasks = 0, completed tasks = 0]
	at java.base/java.util.concurrent.CompletableFuture.encodeThrowable(CompletableFuture.java:314)
	at java.base/java.util.concurrent.CompletableFuture.uniComposeStage(CompletableFuture.java:1113)
	at java.base/java.util.concurrent.CompletableFuture.thenCompose(CompletableFuture.java:2235)
	at org.apache.ratis.server.impl.RaftServerProxy.appendEntriesAsync(RaftServerProxy.java:634)
	at org.apache.ratis.grpc.server.GrpcServerProtocolService$1.process(GrpcServerProtocolService.java:219)
	at org.apache.ratis.grpc.server.GrpcServerProtocolService$1.process(GrpcServerProtocolService.java:216)
	at org.apache.ratis.grpc.server.GrpcServerProtocolService$ServerRequestStreamObserver.onNext(GrpcServerProtocolService.java:124)
	at org.apache.ratis.thirdparty.io.grpc.stub.ServerCalls$StreamingServerCallHandler$StreamingServerCallListener.onMessage(ServerCalls.java:262)
	at org.apache.ratis.thirdparty.io.grpc.ForwardingServerCallListener.onMessage(ForwardingServerCallListener.java:33)
	at org.apache.ratis.thirdparty.io.grpc.internal.ServerCallImpl$ServerStreamListenerImpl.messagesAvailableInternal(ServerCallImpl.java:332)
	at org.apache.ratis.thirdparty.io.grpc.internal.ServerCallImpl$ServerStreamListenerImpl.messagesAvailable(ServerCallImpl.java:315)
	at org.apache.ratis.thirdparty.io.grpc.internal.ServerImpl$JumpToApplicationThreadServerStreamListener$1MessagesAvailable.runInContext(ServerImpl.java:834)
	at org.apache.ratis.thirdparty.io.grpc.internal.ContextRunnable.run(ContextRunnable.java:37)
	at org.apache.ratis.thirdparty.io.grpc.internal.SerializingExecutor.run(SerializingExecutor.java:133)
	at java.base/java.util.concurrent.ThreadPoolExecutor.runWorker(ThreadPoolExecutor.java:1128)
	at java.base/java.util.concurrent.ThreadPoolExecutor$Worker.run(ThreadPoolExecutor.java:628)
	at java.base/java.lang.Thread.run(Thread.java:829)
Caused by: java.util.concurrent.RejectedExecutionException: Task java.util.concurrent.CompletableFuture$AsyncSupply@1e9d2784 rejected from java.util.concurrent.ThreadPoolExecutor@7cbe9dc4[Terminated, pool size = 0, active threads = 0, queued tasks = 0, completed tasks = 0]
	at java.base/java.util.concurrent.ThreadPoolExecutor$AbortPolicy.rejectedExecution(ThreadPoolExecutor.java:2055)
	at java.base/java.util.concurrent.ThreadPoolExecutor.reject(ThreadPoolExecutor.java:825)
	at java.base/java.util.concurrent.ThreadPoolExecutor.execute(ThreadPoolExecutor.java:1355)
	at java.base/java.util.concurrent.CompletableFuture.asyncSupplyStage(CompletableFuture.java:1714)
	at java.base/java.util.concurrent.CompletableFuture.supplyAsync(CompletableFuture.java:1931)
	at org.apache.ratis.server.impl.RaftServerImpl.executeSubmitServerRequestAsync(RaftServerImpl.java:812)
	at org.apache.ratis.server.impl.RaftServerProxy.lambda$appendEntriesAsync$27(RaftServerProxy.java:634)
	at java.base/java.util.concurrent.CompletableFuture.uniComposeStage(CompletableFuture.java:1106)
	... 15 more
2022-11-11 07:38:07,571 [grpc-default-executor-6] WARN  server.GrpcLogAppender (LogUtils.java:warn(124)) - s2@group-DC0BCF2C7030->s1-AppendLogResponseHandler: Failed appendEntries
java.io.IOException: java.util.concurrent.RejectedExecutionException: Task java.util.concurrent.CompletableFuture$AsyncSupply@1e9d2784 rejected from java.util.concurrent.ThreadPoolExecutor@7cbe9dc4[Terminated, pool size = 0, active threads = 0, queued tasks = 0, completed tasks = 0]
	at org.apache.ratis.util.IOUtils.asIOException(IOUtils.java:56)
	at org.apache.ratis.grpc.GrpcUtil.tryUnwrapException(GrpcUtil.java:121)
	at org.apache.ratis.grpc.GrpcUtil.unwrapThrowable(GrpcUtil.java:82)
	at org.apache.ratis.grpc.GrpcUtil.warn(GrpcUtil.java:178)
	at org.apache.ratis.grpc.server.GrpcLogAppender$AppendLogResponseHandler.onError(GrpcLogAppender.java:405)
	at org.apache.ratis.thirdparty.io.grpc.stub.ClientCalls$StreamObserverToCallListenerAdapter.onClose(ClientCalls.java:487)
	at org.apache.ratis.thirdparty.io.grpc.internal.ClientCallImpl.closeObserver(ClientCallImpl.java:562)
	at org.apache.ratis.thirdparty.io.grpc.internal.ClientCallImpl.access$300(ClientCallImpl.java:70)
	at org.apache.ratis.thirdparty.io.grpc.internal.ClientCallImpl$ClientStreamListenerImpl$1StreamClosed.runInternal(ClientCallImpl.java:743)
	at org.apache.ratis.thirdparty.io.grpc.internal.ClientCallImpl$ClientStreamListenerImpl$1StreamClosed.runInContext(ClientCallImpl.java:722)
	at org.apache.ratis.thirdparty.io.grpc.internal.ContextRunnable.run(ContextRunnable.java:37)
	at org.apache.ratis.thirdparty.io.grpc.internal.SerializingExecutor.run(SerializingExecutor.java:133)
	at java.base/java.util.concurrent.ThreadPoolExecutor.runWorker(ThreadPoolExecutor.java:1128)
	at java.base/java.util.concurrent.ThreadPoolExecutor$Worker.run(ThreadPoolExecutor.java:628)
	at java.base/java.lang.Thread.run(Thread.java:829)
Caused by: java.util.concurrent.RejectedExecutionException: Task java.util.concurrent.CompletableFuture$AsyncSupply@1e9d2784 rejected from java.util.concurrent.ThreadPoolExecutor@7cbe9dc4[Terminated, pool size = 0, active threads = 0, queued tasks = 0, completed tasks = 0]
	at java.base/jdk.internal.reflect.GeneratedConstructorAccessor11.newInstance(Unknown Source)
	at java.base/jdk.internal.reflect.DelegatingConstructorAccessorImpl.newInstance(DelegatingConstructorAccessorImpl.java:45)
	at java.base/java.lang.reflect.Constructor.newInstance(Constructor.java:490)
	at org.apache.ratis.util.ReflectionUtils.instantiateException(ReflectionUtils.java:259)
	at org.apache.ratis.grpc.GrpcUtil.tryUnwrapException(GrpcUtil.java:120)
	... 13 more
Caused by: org.apache.ratis.thirdparty.io.grpc.StatusRuntimeException: INTERNAL: Task java.util.concurrent.CompletableFuture$AsyncSupply@1e9d2784 rejected from java.util.concurrent.ThreadPoolExecutor@7cbe9dc4[Terminated, pool size = 0, active threads = 0, queued tasks = 0, completed tasks = 0]
	at org.apache.ratis.thirdparty.io.grpc.Status.asRuntimeException(Status.java:535)
	... 10 more
	Suppressed: java.lang.IllegalStateException: Failed to cast to class java.io.IOException, object=java.util.concurrent.RejectedExecutionException: Task java.util.concurrent.CompletableFuture$AsyncSupply@1e9d2784 rejected from java.util.concurrent.ThreadPoolExecutor@7cbe9dc4[Terminated, pool size = 0, active threads = 0, queued tasks = 0, completed tasks = 0]
	at java.base/java.util.concurrent.ThreadPoolExecutor$AbortPolicy.rejectedExecution(ThreadPoolExecutor.java:2055)
	at java.base/java.util.concurrent.ThreadPoolExecutor.reject(ThreadPoolExecutor.java:825)
	at java.base/java.util.concurrent.ThreadPoolExecutor.execute(ThreadPoolExecutor.java:1355)
	at java.base/java.util.concurrent.CompletableFuture.asyncSupplyStage(CompletableFuture.java:1714)
	at java.base/java.util.concurrent.CompletableFuture.supplyAsync(CompletableFuture.java:1931)
	at org.apache.ratis.server.impl.RaftServerImpl.executeSubmitServerRequestAsync(RaftServerImpl.java:812)
	at org.apache.ratis.server.impl.RaftServerProxy.lambda$appendEntriesAsync$27(RaftServerProxy.java:634)
	at java.base/java.util.concurrent.CompletableFuture.uniComposeStage(CompletableFuture.java:1106)
	at java.base/java.util.concurrent.CompletableFuture.thenCompose(CompletableFuture.java:2235)
	at org.apache.ratis.server.impl.RaftServerProxy.appendEntriesAsync(RaftServerProxy.java:634)
	at org.apache.ratis.grpc.server.GrpcServerProtocolService$1.process(GrpcServerProtocolService.java:219)
	at org.apache.ratis.grpc.server.GrpcServerProtocolService$1.process(GrpcServerProtocolService.java:216)
	at org.apache.ratis.grpc.server.GrpcServerProtocolService$ServerRequestStreamObserver.onNext(GrpcServerProtocolService.java:124)
	at org.apache.ratis.thirdparty.io.grpc.stub.ServerCalls$StreamingServerCallHandler$StreamingServerCallListener.onMessage(ServerCalls.java:262)
	at org.apache.ratis.thirdparty.io.grpc.ForwardingServerCallListener.onMessage(ForwardingServerCallListener.java:33)
	at org.apache.ratis.thirdparty.io.grpc.internal.ServerCallImpl$ServerStreamListenerImpl.messagesAvailableInternal(ServerCallImpl.java:332)
	at org.apache.ratis.thirdparty.io.grpc.internal.ServerCallImpl$ServerStreamListenerImpl.messagesAvailable(ServerCallImpl.java:315)
	at org.apache.ratis.thirdparty.io.grpc.internal.ServerImpl$JumpToApplicationThreadServerStreamListener$1MessagesAvailable.runInContext(ServerImpl.java:834)
	at org.apache.ratis.thirdparty.io.grpc.internal.ContextRunnable.run(ContextRunnable.java:37)
	at org.apache.ratis.thirdparty.io.grpc.internal.SerializingExecutor.run(SerializingExecutor.java:133)
	at java.base/java.util.concurrent.ThreadPoolExecutor.runWorker(ThreadPoolExecutor.java:1128)
	at java.base/java.util.concurrent.ThreadPoolExecutor$Worker.run(ThreadPoolExecutor.java:628)
	at java.base/java.lang.Thread.run(Thread.java:829)

		at org.apache.ratis.util.IOUtils.readObject(IOUtils.java:237)
		at org.apache.ratis.util.IOUtils.bytes2Object(IOUtils.java:214)
		at org.apache.ratis.grpc.GrpcUtil.tryUnwrapException(GrpcUtil.java:109)
		at org.apache.ratis.grpc.GrpcUtil.unwrapThrowable(GrpcUtil.java:82)
		at org.apache.ratis.grpc.GrpcUtil.warn(GrpcUtil.java:178)
		at org.apache.ratis.grpc.server.GrpcLogAppender$AppendLogResponseHandler.onError(GrpcLogAppender.java:405)
		... 10 more
	Caused by: java.lang.ClassCastException: Cannot cast java.util.concurrent.RejectedExecutionException to java.io.IOException
		at java.base/java.lang.Class.cast(Class.java:3605)
		at org.apache.ratis.util.IOUtils.readObject(IOUtils.java:234)
		... 15 more
2022-11-11 07:38:07,571 [grpc-default-executor-6] INFO  leader.FollowerInfo (FollowerInfoImpl.java:lambda$new$0(48)) - s2@group-DC0BCF2C7030->s1: nextIndex: updateUnconditionally 258 -> 139
2022-11-11 07:38:07,575 [s0-server-thread2] DEBUG raftlog.RaftLog (SegmentedRaftLog.java:appendImpl(446)) - truncateIndex=-1, arrayIndex=0
2022-11-11 07:38:07,577 [grpc-default-executor-3] WARN  server.GrpcServerProtocolService (LogUtils.java:warn(124)) - s1: Failed APPEND_ENTRIES request s2->s1#226-t2,previous=(t:1, i:138),leaderCommit=256,initializing? true,entries: size=119, first=(t:2, i:139), CONFIGURATIONENTRY(current:id: "s0"
address: "localhost:38889"
dataStreamAddress: "localhost:44045"
clientAddress: "localhost:36221"
adminAddress: "localhost:33369"
startupRole: FOLLOWER
,id: "s1"
address: "localhost:33469"
dataStreamAddress: "localhost:41079"
clientAddress: "localhost:38107"
adminAddress: "localhost:35601"
startupRole: FOLLOWER
,id: "s2"
address: "localhost:39335"
dataStreamAddress: "localhost:40831"
clientAddress: "localhost:32863"
adminAddress: "localhost:35389"
startupRole: FOLLOWER
, old:)
java.util.concurrent.CompletionException: java.util.concurrent.RejectedExecutionException: Task java.util.concurrent.CompletableFuture$AsyncSupply@286a35ae rejected from java.util.concurrent.ThreadPoolExecutor@7cbe9dc4[Terminated, pool size = 0, active threads = 0, queued tasks = 0, completed tasks = 0]
	at java.base/java.util.concurrent.CompletableFuture.encodeThrowable(CompletableFuture.java:314)
	at java.base/java.util.concurrent.CompletableFuture.uniComposeStage(CompletableFuture.java:1113)
	at java.base/java.util.concurrent.CompletableFuture.thenCompose(CompletableFuture.java:2235)
	at org.apache.ratis.server.impl.RaftServerProxy.appendEntriesAsync(RaftServerProxy.java:634)
	at org.apache.ratis.grpc.server.GrpcServerProtocolService$1.process(GrpcServerProtocolService.java:219)
	at org.apache.ratis.grpc.server.GrpcServerProtocolService$1.process(GrpcServerProtocolService.java:216)
	at org.apache.ratis.grpc.server.GrpcServerProtocolService$ServerRequestStreamObserver.onNext(GrpcServerProtocolService.java:124)
	at org.apache.ratis.thirdparty.io.grpc.stub.ServerCalls$StreamingServerCallHandler$StreamingServerCallListener.onMessage(ServerCalls.java:262)
	at org.apache.ratis.thirdparty.io.grpc.ForwardingServerCallListener.onMessage(ForwardingServerCallListener.java:33)
	at org.apache.ratis.thirdparty.io.grpc.internal.ServerCallImpl$ServerStreamListenerImpl.messagesAvailableInternal(ServerCallImpl.java:332)
	at org.apache.ratis.thirdparty.io.grpc.internal.ServerCallImpl$ServerStreamListenerImpl.messagesAvailable(ServerCallImpl.java:315)
	at org.apache.ratis.thirdparty.io.grpc.internal.ServerImpl$JumpToApplicationThreadServerStreamListener$1MessagesAvailable.runInContext(ServerImpl.java:834)
	at org.apache.ratis.thirdparty.io.grpc.internal.ContextRunnable.run(ContextRunnable.java:37)
	at org.apache.ratis.thirdparty.io.grpc.internal.SerializingExecutor.run(SerializingExecutor.java:133)
	at java.base/java.util.concurrent.ThreadPoolExecutor.runWorker(ThreadPoolExecutor.java:1128)
	at java.base/java.util.concurrent.ThreadPoolExecutor$Worker.run(ThreadPoolExecutor.java:628)
	at java.base/java.lang.Thread.run(Thread.java:829)
Caused by: java.util.concurrent.RejectedExecutionException: Task java.util.concurrent.CompletableFuture$AsyncSupply@286a35ae rejected from java.util.concurrent.ThreadPoolExecutor@7cbe9dc4[Terminated, pool size = 0, active threads = 0, queued tasks = 0, completed tasks = 0]
	at java.base/java.util.concurrent.ThreadPoolExecutor$AbortPolicy.rejectedExecution(ThreadPoolExecutor.java:2055)
	at java.base/java.util.concurrent.ThreadPoolExecutor.reject(ThreadPoolExecutor.java:825)
	at java.base/java.util.concurrent.ThreadPoolExecutor.execute(ThreadPoolExecutor.java:1355)
	at java.base/java.util.concurrent.CompletableFuture.asyncSupplyStage(CompletableFuture.java:1714)
	at java.base/java.util.concurrent.CompletableFuture.supplyAsync(CompletableFuture.java:1931)
	at org.apache.ratis.server.impl.RaftServerImpl.executeSubmitServerRequestAsync(RaftServerImpl.java:812)
	at org.apache.ratis.server.impl.RaftServerProxy.lambda$appendEntriesAsync$27(RaftServerProxy.java:634)
	at java.base/java.util.concurrent.CompletableFuture.uniComposeStage(CompletableFuture.java:1106)
	... 15 more
2022-11-11 07:38:07,580 [grpc-default-executor-6] WARN  server.GrpcLogAppender (LogUtils.java:warn(124)) - s2@group-DC0BCF2C7030->s1-AppendLogResponseHandler: Failed appendEntries
java.io.IOException: java.util.concurrent.RejectedExecutionException: Task java.util.concurrent.CompletableFuture$AsyncSupply@286a35ae rejected from java.util.concurrent.ThreadPoolExecutor@7cbe9dc4[Terminated, pool size = 0, active threads = 0, queued tasks = 0, completed tasks = 0]
	at org.apache.ratis.util.IOUtils.asIOException(IOUtils.java:56)
	at org.apache.ratis.grpc.GrpcUtil.tryUnwrapException(GrpcUtil.java:121)
	at org.apache.ratis.grpc.GrpcUtil.unwrapThrowable(GrpcUtil.java:82)
	at org.apache.ratis.grpc.GrpcUtil.warn(GrpcUtil.java:178)
	at org.apache.ratis.grpc.server.GrpcLogAppender$AppendLogResponseHandler.onError(GrpcLogAppender.java:405)
	at org.apache.ratis.thirdparty.io.grpc.stub.ClientCalls$StreamObserverToCallListenerAdapter.onClose(ClientCalls.java:487)
	at org.apache.ratis.thirdparty.io.grpc.internal.ClientCallImpl.closeObserver(ClientCallImpl.java:562)
	at org.apache.ratis.thirdparty.io.grpc.internal.ClientCallImpl.access$300(ClientCallImpl.java:70)
	at org.apache.ratis.thirdparty.io.grpc.internal.ClientCallImpl$ClientStreamListenerImpl$1StreamClosed.runInternal(ClientCallImpl.java:743)
	at org.apache.ratis.thirdparty.io.grpc.internal.ClientCallImpl$ClientStreamListenerImpl$1StreamClosed.runInContext(ClientCallImpl.java:722)
	at org.apache.ratis.thirdparty.io.grpc.internal.ContextRunnable.run(ContextRunnable.java:37)
	at org.apache.ratis.thirdparty.io.grpc.internal.SerializingExecutor.run(SerializingExecutor.java:133)
	at java.base/java.util.concurrent.ThreadPoolExecutor.runWorker(ThreadPoolExecutor.java:1128)
	at java.base/java.util.concurrent.ThreadPoolExecutor$Worker.run(ThreadPoolExecutor.java:628)
	at java.base/java.lang.Thread.run(Thread.java:829)
Caused by: java.util.concurrent.RejectedExecutionException: Task java.util.concurrent.CompletableFuture$AsyncSupply@286a35ae rejected from java.util.concurrent.ThreadPoolExecutor@7cbe9dc4[Terminated, pool size = 0, active threads = 0, queued tasks = 0, completed tasks = 0]
	at java.base/jdk.internal.reflect.GeneratedConstructorAccessor11.newInstance(Unknown Source)
	at java.base/jdk.internal.reflect.DelegatingConstructorAccessorImpl.newInstance(DelegatingConstructorAccessorImpl.java:45)
	at java.base/java.lang.reflect.Constructor.newInstance(Constructor.java:490)
	at org.apache.ratis.util.ReflectionUtils.instantiateException(ReflectionUtils.java:259)
	at org.apache.ratis.grpc.GrpcUtil.tryUnwrapException(GrpcUtil.java:120)
	... 13 more
Caused by: org.apache.ratis.thirdparty.io.grpc.StatusRuntimeException: INTERNAL: Task java.util.concurrent.CompletableFuture$AsyncSupply@286a35ae rejected from java.util.concurrent.ThreadPoolExecutor@7cbe9dc4[Terminated, pool size = 0, active threads = 0, queued tasks = 0, completed tasks = 0]
	at org.apache.ratis.thirdparty.io.grpc.Status.asRuntimeException(Status.java:535)
	... 10 more
	Suppressed: java.lang.IllegalStateException: Failed to cast to class java.io.IOException, object=java.util.concurrent.RejectedExecutionException: Task java.util.concurrent.CompletableFuture$AsyncSupply@286a35ae rejected from java.util.concurrent.ThreadPoolExecutor@7cbe9dc4[Terminated, pool size = 0, active threads = 0, queued tasks = 0, completed tasks = 0]
	at java.base/java.util.concurrent.ThreadPoolExecutor$AbortPolicy.rejectedExecution(ThreadPoolExecutor.java:2055)
	at java.base/java.util.concurrent.ThreadPoolExecutor.reject(ThreadPoolExecutor.java:825)
	at java.base/java.util.concurrent.ThreadPoolExecutor.execute(ThreadPoolExecutor.java:1355)
	at java.base/java.util.concurrent.CompletableFuture.asyncSupplyStage(CompletableFuture.java:1714)
	at java.base/java.util.concurrent.CompletableFuture.supplyAsync(CompletableFuture.java:1931)
	at org.apache.ratis.server.impl.RaftServerImpl.executeSubmitServerRequestAsync(RaftServerImpl.java:812)
	at org.apache.ratis.server.impl.RaftServerProxy.lambda$appendEntriesAsync$27(RaftServerProxy.java:634)
	at java.base/java.util.concurrent.CompletableFuture.uniComposeStage(CompletableFuture.java:1106)
	at java.base/java.util.concurrent.CompletableFuture.thenCompose(CompletableFuture.java:2235)
	at org.apache.ratis.server.impl.RaftServerProxy.appendEntriesAsync(RaftServerProxy.java:634)
	at org.apache.ratis.grpc.server.GrpcServerProtocolService$1.process(GrpcServerProtocolService.java:219)
	at org.apache.ratis.grpc.server.GrpcServerProtocolService$1.process(GrpcServerProtocolService.java:216)
	at org.apache.ratis.grpc.server.GrpcServerProtocolService$ServerRequestStreamObserver.onNext(GrpcServerProtocolService.java:124)
	at org.apache.ratis.thirdparty.io.grpc.stub.ServerCalls$StreamingServerCallHandler$StreamingServerCallListener.onMessage(ServerCalls.java:262)
	at org.apache.ratis.thirdparty.io.grpc.ForwardingServerCallListener.onMessage(ForwardingServerCallListener.java:33)
	at org.apache.ratis.thirdparty.io.grpc.internal.ServerCallImpl$ServerStreamListenerImpl.messagesAvailableInternal(ServerCallImpl.java:332)
	at org.apache.ratis.thirdparty.io.grpc.internal.ServerCallImpl$ServerStreamListenerImpl.messagesAvailable(ServerCallImpl.java:315)
	at org.apache.ratis.thirdparty.io.grpc.internal.ServerImpl$JumpToApplicationThreadServerStreamListener$1MessagesAvailable.runInContext(ServerImpl.java:834)
	at org.apache.ratis.thirdparty.io.grpc.internal.ContextRunnable.run(ContextRunnable.java:37)
	at org.apache.ratis.thirdparty.io.grpc.internal.SerializingExecutor.run(SerializingExecutor.java:133)
	at java.base/java.util.concurrent.ThreadPoolExecutor.runWorker(ThreadPoolExecutor.java:1128)
	at java.base/java.util.concurrent.ThreadPoolExecutor$Worker.run(ThreadPoolExecutor.java:628)
	at java.base/java.lang.Thread.run(Thread.java:829)

		at org.apache.ratis.util.IOUtils.readObject(IOUtils.java:237)
		at org.apache.ratis.util.IOUtils.bytes2Object(IOUtils.java:214)
		at org.apache.ratis.grpc.GrpcUtil.tryUnwrapException(GrpcUtil.java:109)
		at org.apache.ratis.grpc.GrpcUtil.unwrapThrowable(GrpcUtil.java:82)
		at org.apache.ratis.grpc.GrpcUtil.warn(GrpcUtil.java:178)
		at org.apache.ratis.grpc.server.GrpcLogAppender$AppendLogResponseHandler.onError(GrpcLogAppender.java:405)
		... 10 more
	Caused by: java.lang.ClassCastException: Cannot cast java.util.concurrent.RejectedExecutionException to java.io.IOException
		at java.base/java.lang.Class.cast(Class.java:3605)
		at org.apache.ratis.util.IOUtils.readObject(IOUtils.java:234)
		... 15 more
2022-11-11 07:38:07,580 [grpc-default-executor-6] INFO  leader.FollowerInfo (FollowerInfoImpl.java:lambda$new$0(48)) - s2@group-DC0BCF2C7030->s1: nextIndex: updateUnconditionally 258 -> 139
2022-11-11 07:38:07,589 [s2@group-DC0BCF2C7030-StateMachineUpdater] INFO  impl.StateMachineUpdater (StateMachineUpdater.java:takeSnapshot(290)) - s2@group-DC0BCF2C7030-StateMachineUpdater: Took a snapshot at index 255
2022-11-11 07:38:07,589 [s2@group-DC0BCF2C7030-StateMachineUpdater] INFO  impl.StateMachineUpdater (StateMachineUpdater.java:lambda$new$0(96)) - s2@group-DC0BCF2C7030-StateMachineUpdater: snapshotIndex: updateIncreasingly 191 -> 255
2022-11-11 07:38:07,589 [s2@group-DC0BCF2C7030-StateMachineUpdater] INFO  impl.SimpleStateMachine4Testing (SimpleStateMachine4Testing.java:put(205)) - s2: put 257, m126 -> (t:2, i:257), STATEMACHINELOGENTRY, 512@client-70D4234AB40A
2022-11-11 07:38:07,594 [Time-limited test] INFO  impl.MiniRaftCluster (MiniRaftCluster.java:runWithNewCluster(143)) - printing ALL groups
  s0:  RUNNING  FOLLOWER s0@group-DC0BCF2C7030:t2, leader=s2, voted=s2, raftlog=Memoized:s0@group-DC0BCF2C7030-SegmentedRaftLog:OPENED:c257, conf=139: peers:[s0|rpc:localhost:38889|admin:localhost:33369|client:localhost:36221|dataStream:localhost:44045|priority:0|startupRole:FOLLOWER, s1|rpc:localhost:33469|admin:localhost:35601|client:localhost:38107|dataStream:localhost:41079|priority:0|startupRole:FOLLOWER, s2|rpc:localhost:39335|admin:localhost:35389|client:localhost:32863|dataStream:localhost:40831|priority:0|startupRole:FOLLOWER]|listeners:[], old=null RUNNING
  s1:  RUNNING    LEADER s1@group-DC0BCF2C7030:t1, leader=s1, voted=s1, raftlog=Memoized:s1@group-DC0BCF2C7030-SegmentedRaftLog:CLOSED:c136, conf=0: peers:[s0|rpc:localhost:38889|admin:localhost:33369|client:localhost:36221|dataStream:localhost:44045|priority:0|startupRole:FOLLOWER, s1|rpc:localhost:33469|admin:localhost:35601|client:localhost:38107|dataStream:localhost:41079|priority:0|startupRole:FOLLOWER, s2|rpc:localhost:39335|admin:localhost:35389|client:localhost:32863|dataStream:localhost:40831|priority:0|startupRole:FOLLOWER]|listeners:[], old=null CLOSED
  s2:  RUNNING    LEADER s2@group-DC0BCF2C7030:t2, leader=s2, voted=s2, raftlog=Memoized:s2@group-DC0BCF2C7030-SegmentedRaftLog:OPENED:c258, conf=139: peers:[s0|rpc:localhost:38889|admin:localhost:33369|client:localhost:36221|dataStream:localhost:44045|priority:0|startupRole:FOLLOWER, s1|rpc:localhost:33469|admin:localhost:35601|client:localhost:38107|dataStream:localhost:41079|priority:0|startupRole:FOLLOWER, s2|rpc:localhost:39335|admin:localhost:35389|client:localhost:32863|dataStream:localhost:40831|priority:0|startupRole:FOLLOWER]|listeners:[], old=null RUNNING
2022-11-11 07:38:07,594 [Time-limited test] ERROR impl.MiniRaftCluster (MiniRaftCluster.java:runWithNewCluster(144)) - Failed org.apache.ratis.server.impl.MiniRaftCluster$Factory$Get.runWithNewCluster(MiniRaftCluster.java:121)
java.lang.IllegalArgumentException: s1@group-DC0BCF2C7030-SegmentedRaftLog is expected to be opened but it is CLOSED
	at org.apache.ratis.util.OpenCloseState.assertOpen(OpenCloseState.java:63)
	at org.apache.ratis.server.raftlog.RaftLogBase.checkLogState(RaftLogBase.java:111)
	at org.apache.ratis.server.raftlog.segmented.SegmentedRaftLog.getLastEntryTermIndex(SegmentedRaftLog.java:341)
	at org.apache.ratis.server.raftlog.RaftLog.getNextIndex(RaftLog.java:83)
	at org.apache.ratis.InstallSnapshotNotificationTests.testRestartFollower(InstallSnapshotNotificationTests.java:272)
	at org.apache.ratis.server.impl.MiniRaftCluster$Factory$Get.runWithNewCluster(MiniRaftCluster.java:141)
	at org.apache.ratis.server.impl.MiniRaftCluster$Factory$Get.runWithNewCluster(MiniRaftCluster.java:121)
	at org.apache.ratis.InstallSnapshotNotificationTests.testRestartFollower(InstallSnapshotNotificationTests.java:255)
	at java.base/jdk.internal.reflect.NativeMethodAccessorImpl.invoke0(Native Method)
	at java.base/jdk.internal.reflect.NativeMethodAccessorImpl.invoke(NativeMethodAccessorImpl.java:62)
	at java.base/jdk.internal.reflect.DelegatingMethodAccessorImpl.invoke(DelegatingMethodAccessorImpl.java:43)
	at java.base/java.lang.reflect.Method.invoke(Method.java:566)
	at org.junit.runners.model.FrameworkMethod$1.runReflectiveCall(FrameworkMethod.java:59)
	at org.junit.internal.runners.model.ReflectiveCallable.run(ReflectiveCallable.java:12)
	at org.junit.runners.model.FrameworkMethod.invokeExplosively(FrameworkMethod.java:56)
	at org.junit.internal.runners.statements.InvokeMethod.evaluate(InvokeMethod.java:17)
	at org.junit.internal.runners.statements.RunAfters.evaluate(RunAfters.java:27)
	at org.junit.internal.runners.statements.FailOnTimeout$CallableStatement.call(FailOnTimeout.java:299)
	at org.junit.internal.runners.statements.FailOnTimeout$CallableStatement.call(FailOnTimeout.java:293)
	at java.base/java.util.concurrent.FutureTask.run(FutureTask.java:264)
	at java.base/java.lang.Thread.run(Thread.java:829)
Caused by: org.apache.ratis.util.OpenCloseState$CloseTrace: Close s1@group-DC0BCF2C7030-SegmentedRaftLog
	at org.apache.ratis.util.OpenCloseState.lambda$close$1(OpenCloseState.java:109)
	at java.base/java.util.concurrent.atomic.AtomicReference.getAndUpdate(AtomicReference.java:187)
	at org.apache.ratis.util.OpenCloseState.close(OpenCloseState.java:109)
	at org.apache.ratis.server.raftlog.RaftLogBase.close(RaftLogBase.java:365)
	at org.apache.ratis.server.raftlog.segmented.SegmentedRaftLog.close(SegmentedRaftLog.java:505)
	at org.apache.ratis.server.impl.ServerState.close(ServerState.java:416)
	at org.apache.ratis.server.impl.RaftServerImpl.lambda$close$4(RaftServerImpl.java:484)
	at org.apache.ratis.util.LifeCycle.lambda$checkStateAndClose$4(LifeCycle.java:299)
	at org.apache.ratis.util.LifeCycle.checkStateAndClose(LifeCycle.java:319)
	at org.apache.ratis.util.LifeCycle.checkStateAndClose(LifeCycle.java:297)
	at org.apache.ratis.server.impl.RaftServerImpl.close(RaftServerImpl.java:461)
	at org.apache.ratis.server.impl.StateMachineUpdater.run(StateMachineUpdater.java:196)
	... 1 more
2022-11-11 07:38:07,595 [Time-limited test] INFO  impl.MiniRaftCluster (MiniRaftCluster.java:shutdown(831)) - ************************************************************** 
2022-11-11 07:38:07,595 [Time-limited test] INFO  impl.MiniRaftCluster (MiniRaftCluster.java:shutdown(832)) - *** 
2022-11-11 07:38:07,595 [Time-limited test] INFO  impl.MiniRaftCluster (MiniRaftCluster.java:shutdown(833)) - ***     Stopping MiniRaftClusterWithGrpc
2022-11-11 07:38:07,595 [Time-limited test] INFO  impl.MiniRaftCluster (MiniRaftCluster.java:shutdown(834)) - *** 
2022-11-11 07:38:07,595 [Time-limited test] INFO  impl.MiniRaftCluster (MiniRaftCluster.java:shutdown(835)) - ************************************************************** 
2022-11-11 07:38:07,595 [Time-limited test] INFO  impl.MiniRaftCluster (MiniRaftCluster.java:shutdown(836)) - printing ALL groups
  s0:  RUNNING  FOLLOWER s0@group-DC0BCF2C7030:t2, leader=s2, voted=s2, raftlog=Memoized:s0@group-DC0BCF2C7030-SegmentedRaftLog:OPENED:c257, conf=139: peers:[s0|rpc:localhost:38889|admin:localhost:33369|client:localhost:36221|dataStream:localhost:44045|priority:0|startupRole:FOLLOWER, s1|rpc:localhost:33469|admin:localhost:35601|client:localhost:38107|dataStream:localhost:41079|priority:0|startupRole:FOLLOWER, s2|rpc:localhost:39335|admin:localhost:35389|client:localhost:32863|dataStream:localhost:40831|priority:0|startupRole:FOLLOWER]|listeners:[], old=null RUNNING
  s1:  RUNNING    LEADER s1@group-DC0BCF2C7030:t1, leader=s1, voted=s1, raftlog=Memoized:s1@group-DC0BCF2C7030-SegmentedRaftLog:CLOSED:c136, conf=0: peers:[s0|rpc:localhost:38889|admin:localhost:33369|client:localhost:36221|dataStream:localhost:44045|priority:0|startupRole:FOLLOWER, s1|rpc:localhost:33469|admin:localhost:35601|client:localhost:38107|dataStream:localhost:41079|priority:0|startupRole:FOLLOWER, s2|rpc:localhost:39335|admin:localhost:35389|client:localhost:32863|dataStream:localhost:40831|priority:0|startupRole:FOLLOWER]|listeners:[], old=null CLOSED
  s2:  RUNNING    LEADER s2@group-DC0BCF2C7030:t2, leader=s2, voted=s2, raftlog=Memoized:s2@group-DC0BCF2C7030-SegmentedRaftLog:OPENED:c258, conf=139: peers:[s0|rpc:localhost:38889|admin:localhost:33369|client:localhost:36221|dataStream:localhost:44045|priority:0|startupRole:FOLLOWER, s1|rpc:localhost:33469|admin:localhost:35601|client:localhost:38107|dataStream:localhost:41079|priority:0|startupRole:FOLLOWER, s2|rpc:localhost:39335|admin:localhost:35389|client:localhost:32863|dataStream:localhost:40831|priority:0|startupRole:FOLLOWER]|listeners:[], old=null RUNNING
2022-11-11 07:38:07,596 [MiniRaftCluster-21] INFO  server.RaftServer (RaftServerProxy.java:lambda$close$7(412)) - s0: close
2022-11-11 07:38:07,596 [MiniRaftCluster-22] INFO  server.RaftServer (RaftServerProxy.java:lambda$close$7(412)) - s1: close
2022-11-11 07:38:07,603 [MiniRaftCluster-22] INFO  server.GrpcService (GrpcService.java:closeImpl(319)) - s1: shutdown server org.apache.ratis.grpc.server.GrpcClientProtocolService now
2022-11-11 07:38:07,604 [MiniRaftCluster-21] INFO  server.GrpcService (GrpcService.java:closeImpl(319)) - s0: shutdown server org.apache.ratis.grpc.server.GrpcClientProtocolService now
2022-11-11 07:38:07,605 [ForkJoinPool.commonPool-worker-3] INFO  server.GrpcServerProtocolClient (GrpcServerProtocolClient.java:close(111)) - s0 Close channels
2022-11-11 07:38:07,605 [s0-impl-thread2] INFO  server.RaftServer$Division (RaftServerImpl.java:lambda$close$4(462)) - s0@group-DC0BCF2C7030: shutdown
2022-11-11 07:38:07,606 [MiniRaftCluster-23] INFO  server.RaftServer (RaftServerProxy.java:lambda$close$7(412)) - s2: close
2022-11-11 07:38:07,606 [s0-impl-thread2] INFO  util.JmxRegister (JmxRegister.java:unregister(73)) - Successfully un-registered JMX Bean with object name Ratis:service=RaftServer,group=group-DC0BCF2C7030,id=s0
2022-11-11 07:38:07,606 [MiniRaftCluster-21] INFO  server.GrpcServerProtocolClient (GrpcServerProtocolClient.java:close(111)) - s1 Close channels
2022-11-11 07:38:07,607 [s0-impl-thread2] INFO  impl.RoleInfo (RoleInfo.java:shutdownFollowerState(110)) - s0: shutdown s0@group-DC0BCF2C7030-FollowerState
2022-11-11 07:38:07,607 [s0-impl-thread2] INFO  impl.StateMachineUpdater (StateMachineUpdater.java:stopAndJoin(154)) - s0@group-DC0BCF2C7030-StateMachineUpdater: set stopIndex = 257
2022-11-11 07:38:07,607 [s0@group-DC0BCF2C7030-FollowerState] INFO  impl.FollowerState (FollowerState.java:run(152)) - s0@group-DC0BCF2C7030-FollowerState was interrupted
2022-11-11 07:38:07,608 [MiniRaftCluster-23] INFO  server.GrpcService (GrpcService.java:closeImpl(319)) - s2: shutdown server org.apache.ratis.grpc.server.GrpcClientProtocolService now
2022-11-11 07:38:07,610 [ForkJoinPool.commonPool-worker-3] INFO  server.GrpcServerProtocolClient (GrpcServerProtocolClient.java:close(111)) - s2 Close channels
2022-11-11 07:38:07,611 [MiniRaftCluster-21] INFO  server.GrpcServerProtocolClient (GrpcServerProtocolClient.java:close(111)) - s2 Close channels
2022-11-11 07:38:07,611 [MiniRaftCluster-21] INFO  server.GrpcService (GrpcService.java:closeImpl(328)) - s0: shutdown server org.apache.ratis.grpc.server.GrpcClientProtocolService successfully
2022-11-11 07:38:07,611 [MiniRaftCluster-21] INFO  server.GrpcService (GrpcService.java:closeImpl(319)) - s0: shutdown server GrpcServerProtocolService now
2022-11-11 07:38:07,612 [MiniRaftCluster-22] INFO  server.GrpcService (GrpcService.java:closeImpl(328)) - s1: shutdown server org.apache.ratis.grpc.server.GrpcClientProtocolService successfully
2022-11-11 07:38:07,612 [MiniRaftCluster-22] INFO  server.GrpcService (GrpcService.java:closeImpl(319)) - s1: shutdown server GrpcServerProtocolService now
2022-11-11 07:38:07,614 [s2-impl-thread2] INFO  server.RaftServer$Division (RaftServerImpl.java:lambda$close$4(462)) - s2@group-DC0BCF2C7030: shutdown
2022-11-11 07:38:07,614 [s2-impl-thread2] INFO  util.JmxRegister (JmxRegister.java:unregister(73)) - Successfully un-registered JMX Bean with object name Ratis:service=RaftServer,group=group-DC0BCF2C7030,id=s2
2022-11-11 07:38:07,615 [s2-impl-thread2] INFO  impl.RoleInfo (RoleInfo.java:shutdownLeaderState(93)) - s2: shutdown s2@group-DC0BCF2C7030-LeaderStateImpl
2022-11-11 07:38:07,615 [s2@group-DC0BCF2C7030->s1-GrpcLogAppender-LogAppenderDaemon] WARN  server.GrpcLogAppender (GrpcLogAppender.java:mayWait(199)) - s2@group-DC0BCF2C7030->s1-GrpcLogAppender: Wait interrupted by java.lang.InterruptedException
2022-11-11 07:38:07,615 [grpc-default-executor-7] WARN  server.GrpcServerProtocolService (LogUtils.java:warn(122)) - s1: installSnapshot onError, lastRequest: null: org.apache.ratis.thirdparty.io.grpc.StatusRuntimeException: CANCELLED: client cancelled
2022-11-11 07:38:07,615 [grpc-default-executor-4] WARN  server.GrpcServerProtocolService (LogUtils.java:warn(122)) - s1: installSnapshot onError, lastRequest: null: org.apache.ratis.thirdparty.io.grpc.StatusRuntimeException: CANCELLED: client cancelled
2022-11-11 07:38:07,615 [grpc-default-executor-3] WARN  server.GrpcServerProtocolService (LogUtils.java:warn(122)) - s1: installSnapshot onError, lastRequest: null: org.apache.ratis.thirdparty.io.grpc.StatusRuntimeException: CANCELLED: client cancelled
2022-11-11 07:38:07,615 [s2-impl-thread2] INFO  impl.PendingRequests (PendingRequests.java:sendNotLeaderResponses(282)) - s2@group-DC0BCF2C7030-PendingRequests: sendNotLeaderResponses
2022-11-11 07:38:07,616 [grpc-default-executor-5] WARN  server.GrpcServerProtocolService (LogUtils.java:warn(122)) - s1: installSnapshot onError, lastRequest: null: org.apache.ratis.thirdparty.io.grpc.StatusRuntimeException: CANCELLED: client cancelled
2022-11-11 07:38:07,616 [grpc-default-executor-8] WARN  server.GrpcServerProtocolService (LogUtils.java:warn(122)) - s1: installSnapshot onError, lastRequest: null: org.apache.ratis.thirdparty.io.grpc.StatusRuntimeException: CANCELLED: client cancelled
2022-11-11 07:38:07,616 [grpc-default-executor-6] WARN  server.GrpcServerProtocolService (LogUtils.java:warn(122)) - s1: installSnapshot onError, lastRequest: null: org.apache.ratis.thirdparty.io.grpc.StatusRuntimeException: CANCELLED: client cancelled
2022-11-11 07:38:07,616 [grpc-default-executor-7] WARN  server.GrpcServerProtocolService (LogUtils.java:warn(122)) - s1: installSnapshot onError, lastRequest: null: org.apache.ratis.thirdparty.io.grpc.StatusRuntimeException: CANCELLED: client cancelled
2022-11-11 07:38:07,616 [grpc-default-executor-5] WARN  server.GrpcServerProtocolService (LogUtils.java:warn(122)) - s1: installSnapshot onError, lastRequest: null: org.apache.ratis.thirdparty.io.grpc.StatusRuntimeException: CANCELLED: client cancelled
2022-11-11 07:38:07,616 [grpc-default-executor-8] WARN  server.GrpcServerProtocolService (LogUtils.java:warn(122)) - s1: installSnapshot onError, lastRequest: null: org.apache.ratis.thirdparty.io.grpc.StatusRuntimeException: CANCELLED: client cancelled
2022-11-11 07:38:07,616 [grpc-default-executor-7] WARN  server.GrpcServerProtocolService (LogUtils.java:warn(122)) - s1: installSnapshot onError, lastRequest: null: org.apache.ratis.thirdparty.io.grpc.StatusRuntimeException: CANCELLED: client cancelled
2022-11-11 07:38:07,615 [MiniRaftCluster-23] INFO  server.GrpcServerProtocolClient (GrpcServerProtocolClient.java:close(111)) - s0 Close channels
2022-11-11 07:38:07,616 [grpc-default-executor-6] WARN  server.GrpcServerProtocolService (LogUtils.java:warn(122)) - s1: installSnapshot onError, lastRequest: null: org.apache.ratis.thirdparty.io.grpc.StatusRuntimeException: CANCELLED: client cancelled
2022-11-11 07:38:07,617 [grpc-default-executor-9] WARN  server.GrpcServerProtocolService (LogUtils.java:warn(122)) - s1: installSnapshot onError, lastRequest: null: org.apache.ratis.thirdparty.io.grpc.StatusRuntimeException: CANCELLED: client cancelled
2022-11-11 07:38:07,617 [grpc-default-executor-6] WARN  server.GrpcServerProtocolService (LogUtils.java:warn(122)) - s1: installSnapshot onError, lastRequest: null: org.apache.ratis.thirdparty.io.grpc.StatusRuntimeException: CANCELLED: client cancelled
2022-11-11 07:38:07,617 [grpc-default-executor-8] WARN  server.GrpcServerProtocolService (LogUtils.java:warn(122)) - s1: installSnapshot onError, lastRequest: null: org.apache.ratis.thirdparty.io.grpc.StatusRuntimeException: CANCELLED: client cancelled
2022-11-11 07:38:07,617 [grpc-default-executor-4] WARN  server.GrpcServerProtocolService (LogUtils.java:warn(122)) - s1: installSnapshot onError, lastRequest: null: org.apache.ratis.thirdparty.io.grpc.StatusRuntimeException: CANCELLED: client cancelled
2022-11-11 07:38:07,617 [grpc-default-executor-2] WARN  server.GrpcServerProtocolService (LogUtils.java:warn(122)) - s1: installSnapshot onError, lastRequest: null: org.apache.ratis.thirdparty.io.grpc.StatusRuntimeException: CANCELLED: client cancelled
2022-11-11 07:38:07,617 [grpc-default-executor-10] WARN  server.GrpcServerProtocolService (LogUtils.java:warn(122)) - s1: installSnapshot onError, lastRequest: null: org.apache.ratis.thirdparty.io.grpc.StatusRuntimeException: CANCELLED: client cancelled
2022-11-11 07:38:07,618 [grpc-default-executor-14] WARN  server.GrpcServerProtocolService (LogUtils.java:warn(122)) - s1: installSnapshot onError, lastRequest: null: org.apache.ratis.thirdparty.io.grpc.StatusRuntimeException: CANCELLED: client cancelled
2022-11-11 07:38:07,618 [grpc-default-executor-3] WARN  server.GrpcServerProtocolService (LogUtils.java:warn(122)) - s1: installSnapshot onError, lastRequest: null: org.apache.ratis.thirdparty.io.grpc.StatusRuntimeException: CANCELLED: client cancelled
2022-11-11 07:38:07,618 [grpc-default-executor-8] WARN  server.GrpcServerProtocolService (LogUtils.java:warn(122)) - s1: installSnapshot onError, lastRequest: null: org.apache.ratis.thirdparty.io.grpc.StatusRuntimeException: CANCELLED: client cancelled
2022-11-11 07:38:07,618 [grpc-default-executor-7] WARN  server.GrpcServerProtocolService (LogUtils.java:warn(122)) - s1: installSnapshot onError, lastRequest: null: org.apache.ratis.thirdparty.io.grpc.StatusRuntimeException: CANCELLED: client cancelled
2022-11-11 07:38:07,619 [grpc-default-executor-10] WARN  server.GrpcServerProtocolService (LogUtils.java:warn(122)) - s1: installSnapshot onError, lastRequest: null: org.apache.ratis.thirdparty.io.grpc.StatusRuntimeException: CANCELLED: client cancelled
2022-11-11 07:38:07,619 [grpc-default-executor-11] WARN  server.GrpcServerProtocolService (LogUtils.java:warn(122)) - s1: installSnapshot onError, lastRequest: null: org.apache.ratis.thirdparty.io.grpc.StatusRuntimeException: CANCELLED: client cancelled
2022-11-11 07:38:07,619 [s0@group-DC0BCF2C7030-StateMachineUpdater] INFO  impl.StateMachineUpdater (StateMachineUpdater.java:takeSnapshot(290)) - s0@group-DC0BCF2C7030-StateMachineUpdater: Took a snapshot at index 255
2022-11-11 07:38:07,619 [s0@group-DC0BCF2C7030-StateMachineUpdater] INFO  impl.StateMachineUpdater (StateMachineUpdater.java:lambda$new$0(96)) - s0@group-DC0BCF2C7030-StateMachineUpdater: snapshotIndex: updateIncreasingly 191 -> 255
2022-11-11 07:38:07,620 [s0@group-DC0BCF2C7030-StateMachineUpdater] INFO  impl.SimpleStateMachine4Testing (SimpleStateMachine4Testing.java:put(205)) - s0: put 257, m126 -> (t:2, i:257), STATEMACHINELOGENTRY, 512@client-70D4234AB40A
2022-11-11 07:38:07,620 [grpc-default-executor-14] WARN  server.GrpcServerProtocolService (LogUtils.java:warn(122)) - s1: installSnapshot onError, lastRequest: null: org.apache.ratis.thirdparty.io.grpc.StatusRuntimeException: CANCELLED: client cancelled
2022-11-11 07:38:07,620 [grpc-default-executor-15] WARN  server.GrpcServerProtocolService (LogUtils.java:warn(122)) - s1: installSnapshot onError, lastRequest: null: org.apache.ratis.thirdparty.io.grpc.StatusRuntimeException: CANCELLED: client cancelled
2022-11-11 07:38:07,620 [grpc-default-executor-2] WARN  server.GrpcServerProtocolService (LogUtils.java:warn(122)) - s1: installSnapshot onError, lastRequest: null: org.apache.ratis.thirdparty.io.grpc.StatusRuntimeException: CANCELLED: client cancelled
2022-11-11 07:38:07,620 [grpc-default-executor-6] WARN  server.GrpcServerProtocolService (LogUtils.java:warn(122)) - s1: installSnapshot onError, lastRequest: null: org.apache.ratis.thirdparty.io.grpc.StatusRuntimeException: CANCELLED: client cancelled
2022-11-11 07:38:07,621 [grpc-default-executor-8] WARN  server.GrpcServerProtocolService (LogUtils.java:warn(122)) - s1: installSnapshot onError, lastRequest: null: org.apache.ratis.thirdparty.io.grpc.StatusRuntimeException: CANCELLED: client cancelled
2022-11-11 07:38:07,621 [grpc-default-executor-3] WARN  server.GrpcServerProtocolService (LogUtils.java:warn(122)) - s1: installSnapshot onError, lastRequest: null: org.apache.ratis.thirdparty.io.grpc.StatusRuntimeException: CANCELLED: client cancelled
2022-11-11 07:38:07,621 [grpc-default-executor-16] WARN  server.GrpcServerProtocolService (LogUtils.java:warn(122)) - s1: installSnapshot onError, lastRequest: null: org.apache.ratis.thirdparty.io.grpc.StatusRuntimeException: CANCELLED: client cancelled
2022-11-11 07:38:07,621 [grpc-default-executor-7] WARN  server.GrpcServerProtocolService (LogUtils.java:warn(122)) - s1: installSnapshot onError, lastRequest: null: org.apache.ratis.thirdparty.io.grpc.StatusRuntimeException: CANCELLED: client cancelled
2022-11-11 07:38:07,621 [grpc-default-executor-10] WARN  server.GrpcServerProtocolService (LogUtils.java:warn(122)) - s1: installSnapshot onError, lastRequest: null: org.apache.ratis.thirdparty.io.grpc.StatusRuntimeException: CANCELLED: client cancelled
2022-11-11 07:38:07,621 [grpc-default-executor-8] WARN  server.GrpcServerProtocolService (LogUtils.java:warn(122)) - s1: installSnapshot onError, lastRequest: null: org.apache.ratis.thirdparty.io.grpc.StatusRuntimeException: CANCELLED: client cancelled
2022-11-11 07:38:07,621 [grpc-default-executor-14] WARN  server.GrpcServerProtocolService (LogUtils.java:warn(122)) - s1: installSnapshot onError, lastRequest: null: org.apache.ratis.thirdparty.io.grpc.StatusRuntimeException: CANCELLED: client cancelled
2022-11-11 07:38:07,621 [grpc-default-executor-2] WARN  server.GrpcServerProtocolService (LogUtils.java:warn(122)) - s1: installSnapshot onError, lastRequest: null: org.apache.ratis.thirdparty.io.grpc.StatusRuntimeException: CANCELLED: client cancelled
2022-11-11 07:38:07,623 [grpc-default-executor-15] WARN  server.GrpcServerProtocolService (LogUtils.java:warn(122)) - s1: installSnapshot onError, lastRequest: null: org.apache.ratis.thirdparty.io.grpc.StatusRuntimeException: CANCELLED: client cancelled
2022-11-11 07:38:07,623 [grpc-default-executor-16] WARN  server.GrpcServerProtocolService (LogUtils.java:warn(122)) - s1: installSnapshot onError, lastRequest: null: org.apache.ratis.thirdparty.io.grpc.StatusRuntimeException: CANCELLED: client cancelled
2022-11-11 07:38:07,624 [grpc-default-executor-14] WARN  server.GrpcServerProtocolService (LogUtils.java:warn(122)) - s1: installSnapshot onError, lastRequest: null: org.apache.ratis.thirdparty.io.grpc.StatusRuntimeException: CANCELLED: client cancelled
2022-11-11 07:38:07,624 [grpc-default-executor-4] WARN  server.GrpcServerProtocolService (LogUtils.java:warn(122)) - s1: installSnapshot onError, lastRequest: null: org.apache.ratis.thirdparty.io.grpc.StatusRuntimeException: CANCELLED: client cancelled
2022-11-11 07:38:07,624 [grpc-default-executor-5] WARN  server.GrpcServerProtocolService (LogUtils.java:warn(122)) - s1: installSnapshot onError, lastRequest: null: org.apache.ratis.thirdparty.io.grpc.StatusRuntimeException: CANCELLED: client cancelled
2022-11-11 07:38:07,624 [grpc-default-executor-15] WARN  server.GrpcServerProtocolService (LogUtils.java:warn(122)) - s1: installSnapshot onError, lastRequest: null: org.apache.ratis.thirdparty.io.grpc.StatusRuntimeException: CANCELLED: client cancelled
2022-11-11 07:38:07,624 [grpc-default-executor-17] WARN  server.GrpcServerProtocolService (LogUtils.java:warn(122)) - s1: installSnapshot onError, lastRequest: null: org.apache.ratis.thirdparty.io.grpc.StatusRuntimeException: CANCELLED: client cancelled
2022-11-11 07:38:07,625 [grpc-default-executor-5] WARN  server.GrpcServerProtocolService (LogUtils.java:warn(122)) - s1: installSnapshot onError, lastRequest: null: org.apache.ratis.thirdparty.io.grpc.StatusRuntimeException: CANCELLED: client cancelled
2022-11-11 07:38:07,625 [grpc-default-executor-4] WARN  server.GrpcServerProtocolService (LogUtils.java:warn(122)) - s1: installSnapshot onError, lastRequest: null: org.apache.ratis.thirdparty.io.grpc.StatusRuntimeException: CANCELLED: client cancelled
2022-11-11 07:38:07,625 [grpc-default-executor-8] WARN  server.GrpcServerProtocolService (LogUtils.java:warn(122)) - s1: installSnapshot onError, lastRequest: null: org.apache.ratis.thirdparty.io.grpc.StatusRuntimeException: CANCELLED: client cancelled
2022-11-11 07:38:07,625 [grpc-default-executor-16] WARN  server.GrpcServerProtocolService (LogUtils.java:warn(122)) - s1: installSnapshot onError, lastRequest: null: org.apache.ratis.thirdparty.io.grpc.StatusRuntimeException: CANCELLED: client cancelled
2022-11-11 07:38:07,625 [grpc-default-executor-18] WARN  server.GrpcServerProtocolService (LogUtils.java:warn(122)) - s1: installSnapshot onError, lastRequest: null: org.apache.ratis.thirdparty.io.grpc.StatusRuntimeException: CANCELLED: client cancelled
2022-11-11 07:38:07,626 [grpc-default-executor-8] WARN  server.GrpcServerProtocolService (LogUtils.java:warn(122)) - s1: installSnapshot onError, lastRequest: null: org.apache.ratis.thirdparty.io.grpc.StatusRuntimeException: CANCELLED: client cancelled
2022-11-11 07:38:07,626 [grpc-default-executor-4] WARN  server.GrpcServerProtocolService (LogUtils.java:warn(122)) - s1: installSnapshot onError, lastRequest: null: org.apache.ratis.thirdparty.io.grpc.StatusRuntimeException: CANCELLED: client cancelled
2022-11-11 07:38:07,626 [grpc-default-executor-5] WARN  server.GrpcServerProtocolService (LogUtils.java:warn(122)) - s1: installSnapshot onError, lastRequest: null: org.apache.ratis.thirdparty.io.grpc.StatusRuntimeException: CANCELLED: client cancelled
2022-11-11 07:38:07,626 [grpc-default-executor-16] WARN  server.GrpcServerProtocolService (LogUtils.java:warn(122)) - s1: installSnapshot onError, lastRequest: null: org.apache.ratis.thirdparty.io.grpc.StatusRuntimeException: CANCELLED: client cancelled
2022-11-11 07:38:07,626 [grpc-default-executor-18] WARN  server.GrpcServerProtocolService (LogUtils.java:warn(122)) - s1: installSnapshot onError, lastRequest: null: org.apache.ratis.thirdparty.io.grpc.StatusRuntimeException: CANCELLED: client cancelled
2022-11-11 07:38:07,626 [grpc-default-executor-20] WARN  server.GrpcServerProtocolService (LogUtils.java:warn(122)) - s1: installSnapshot onError, lastRequest: null: org.apache.ratis.thirdparty.io.grpc.StatusRuntimeException: CANCELLED: client cancelled
2022-11-11 07:38:07,628 [s2@group-DC0BCF2C7030->s0-GrpcLogAppender-LogAppenderDaemon] WARN  server.GrpcLogAppender (GrpcLogAppender.java:mayWait(199)) - s2@group-DC0BCF2C7030->s0-GrpcLogAppender: Wait interrupted by java.lang.InterruptedException
2022-11-11 07:38:07,632 [s2-impl-thread2] INFO  impl.StateMachineUpdater (StateMachineUpdater.java:stopAndJoin(154)) - s2@group-DC0BCF2C7030-StateMachineUpdater: set stopIndex = 258
2022-11-11 07:38:07,633 [grpc-default-executor-5] WARN  server.GrpcServerProtocolService (LogUtils.java:warn(122)) - s0: installSnapshot onError, lastRequest: null: org.apache.ratis.thirdparty.io.grpc.StatusRuntimeException: CANCELLED: client cancelled
2022-11-11 07:38:07,633 [MiniRaftCluster-21] INFO  server.GrpcService (GrpcService.java:closeImpl(328)) - s0: shutdown server GrpcServerProtocolService successfully
2022-11-11 07:38:07,633 [MiniRaftCluster-21] INFO  server.GrpcService (GrpcService.java:closeImpl(319)) - s0: shutdown server org.apache.ratis.grpc.server.GrpcAdminProtocolService now
2022-11-11 07:38:07,633 [MiniRaftCluster-22] INFO  server.GrpcService (GrpcService.java:closeImpl(328)) - s1: shutdown server GrpcServerProtocolService successfully
2022-11-11 07:38:07,633 [MiniRaftCluster-22] INFO  server.GrpcService (GrpcService.java:closeImpl(319)) - s1: shutdown server org.apache.ratis.grpc.server.GrpcAdminProtocolService now
2022-11-11 07:38:07,633 [grpc-default-executor-5] INFO  server.GrpcLogAppender (GrpcLogAppender.java:onError(402)) - s2@group-DC0BCF2C7030->s0-GrpcLogAppender is already stopped
2022-11-11 07:38:07,633 [grpc-default-executor-16] WARN  server.GrpcServerProtocolService (LogUtils.java:warn(122)) - s0: installSnapshot onError, lastRequest: s2->s0#204-t2,previous=(t:2, i:257),leaderCommit=257,initializing? true,entries: size=1, first=(t:2, i:258), METADATAENTRY(c:257): org.apache.ratis.thirdparty.io.grpc.StatusRuntimeException: CANCELLED: client cancelled
2022-11-11 07:38:07,636 [grpc-default-executor-7] INFO  server.GrpcLogAppender (GrpcLogAppender.java:onError(402)) - s2@group-DC0BCF2C7030->s1-GrpcLogAppender is already stopped
2022-11-11 07:38:07,636 [grpc-default-executor-6] INFO  server.GrpcLogAppender (GrpcLogAppender.java:onError(402)) - s2@group-DC0BCF2C7030->s1-GrpcLogAppender is already stopped
2022-11-11 07:38:07,636 [grpc-default-executor-8] INFO  server.GrpcLogAppender (GrpcLogAppender.java:onError(402)) - s2@group-DC0BCF2C7030->s1-GrpcLogAppender is already stopped
2022-11-11 07:38:07,636 [grpc-default-executor-5] INFO  server.GrpcLogAppender (GrpcLogAppender.java:onError(402)) - s2@group-DC0BCF2C7030->s1-GrpcLogAppender is already stopped
2022-11-11 07:38:07,636 [grpc-default-executor-14] INFO  server.GrpcLogAppender (GrpcLogAppender.java:onError(402)) - s2@group-DC0BCF2C7030->s1-GrpcLogAppender is already stopped
2022-11-11 07:38:07,636 [grpc-default-executor-4] INFO  server.GrpcLogAppender (GrpcLogAppender.java:onError(402)) - s2@group-DC0BCF2C7030->s1-GrpcLogAppender is already stopped
2022-11-11 07:38:07,637 [MiniRaftCluster-22] INFO  server.GrpcService (GrpcService.java:closeImpl(328)) - s1: shutdown server org.apache.ratis.grpc.server.GrpcAdminProtocolService successfully
2022-11-11 07:38:07,637 [MiniRaftCluster-21] INFO  server.GrpcService (GrpcService.java:closeImpl(328)) - s0: shutdown server org.apache.ratis.grpc.server.GrpcAdminProtocolService successfully
2022-11-11 07:38:07,638 [JvmPauseMonitor13] INFO  util.JvmPauseMonitor (JvmPauseMonitor.java:run(111)) - JvmPauseMonitor-s1: Stopped
2022-11-11 07:38:07,640 [grpc-default-executor-19] WARN  server.GrpcServerProtocolService (LogUtils.java:warn(122)) - s1: installSnapshot onError, lastRequest: null: org.apache.ratis.thirdparty.io.grpc.StatusRuntimeException: CANCELLED: client cancelled
2022-11-11 07:38:07,640 [grpc-default-executor-21] WARN  server.GrpcServerProtocolService (LogUtils.java:warn(122)) - s1: installSnapshot onError, lastRequest: null: org.apache.ratis.thirdparty.io.grpc.StatusRuntimeException: CANCELLED: client cancelled
2022-11-11 07:38:07,641 [grpc-default-executor-21] INFO  server.GrpcLogAppender (GrpcLogAppender.java:onError(402)) - s2@group-DC0BCF2C7030->s0-GrpcLogAppender is already stopped
2022-11-11 07:38:07,670 [grpc-default-executor-21] INFO  server.GrpcLogAppender (GrpcLogAppender.java:onError(402)) - s2@group-DC0BCF2C7030->s1-GrpcLogAppender is already stopped
2022-11-11 07:38:07,670 [grpc-default-executor-58] INFO  server.GrpcLogAppender (GrpcLogAppender.java:onError(402)) - s2@group-DC0BCF2C7030->s1-GrpcLogAppender is already stopped
2022-11-11 07:38:07,669 [grpc-default-executor-55] INFO  server.GrpcLogAppender (GrpcLogAppender.java:onError(402)) - s2@group-DC0BCF2C7030->s1-GrpcLogAppender is already stopped
2022-11-11 07:38:07,669 [grpc-default-executor-54] INFO  server.GrpcLogAppender (GrpcLogAppender.java:onError(402)) - s2@group-DC0BCF2C7030->s1-GrpcLogAppender is already stopped
2022-11-11 07:38:07,669 [grpc-default-executor-53] INFO  server.GrpcLogAppender (GrpcLogAppender.java:onError(402)) - s2@group-DC0BCF2C7030->s1-GrpcLogAppender is already stopped
2022-11-11 07:38:07,668 [grpc-default-executor-52] INFO  server.GrpcLogAppender (GrpcLogAppender.java:onError(402)) - s2@group-DC0BCF2C7030->s1-GrpcLogAppender is already stopped
2022-11-11 07:38:07,668 [grpc-default-executor-51] INFO  server.GrpcLogAppender (GrpcLogAppender.java:onError(402)) - s2@group-DC0BCF2C7030->s1-GrpcLogAppender is already stopped
2022-11-11 07:38:07,668 [grpc-default-executor-50] INFO  server.GrpcLogAppender (GrpcLogAppender.java:onError(402)) - s2@group-DC0BCF2C7030->s1-GrpcLogAppender is already stopped
2022-11-11 07:38:07,668 [grpc-default-executor-49] INFO  server.GrpcLogAppender (GrpcLogAppender.java:onError(402)) - s2@group-DC0BCF2C7030->s1-GrpcLogAppender is already stopped
2022-11-11 07:38:07,668 [grpc-default-executor-48] INFO  server.GrpcLogAppender (GrpcLogAppender.java:onError(402)) - s2@group-DC0BCF2C7030->s1-GrpcLogAppender is already stopped
2022-11-11 07:38:07,667 [grpc-default-executor-47] INFO  server.GrpcLogAppender (GrpcLogAppender.java:onError(402)) - s2@group-DC0BCF2C7030->s1-GrpcLogAppender is already stopped
2022-11-11 07:38:07,667 [grpc-default-executor-46] INFO  server.GrpcLogAppender (GrpcLogAppender.java:onError(402)) - s2@group-DC0BCF2C7030->s1-GrpcLogAppender is already stopped
2022-11-11 07:38:07,667 [grpc-default-executor-45] INFO  server.GrpcLogAppender (GrpcLogAppender.java:onError(402)) - s2@group-DC0BCF2C7030->s1-GrpcLogAppender is already stopped
2022-11-11 07:38:07,667 [grpc-default-executor-44] INFO  server.GrpcLogAppender (GrpcLogAppender.java:onError(402)) - s2@group-DC0BCF2C7030->s1-GrpcLogAppender is already stopped
2022-11-11 07:38:07,666 [grpc-default-executor-43] INFO  server.GrpcLogAppender (GrpcLogAppender.java:onError(402)) - s2@group-DC0BCF2C7030->s1-GrpcLogAppender is already stopped
2022-11-11 07:38:07,665 [grpc-default-executor-42] INFO  server.GrpcLogAppender (GrpcLogAppender.java:onError(402)) - s2@group-DC0BCF2C7030->s1-GrpcLogAppender is already stopped
2022-11-11 07:38:07,665 [grpc-default-executor-41] INFO  server.GrpcLogAppender (GrpcLogAppender.java:onError(402)) - s2@group-DC0BCF2C7030->s1-GrpcLogAppender is already stopped
2022-11-11 07:38:07,664 [grpc-default-executor-40] INFO  server.GrpcLogAppender (GrpcLogAppender.java:onError(402)) - s2@group-DC0BCF2C7030->s1-GrpcLogAppender is already stopped
2022-11-11 07:38:07,661 [grpc-default-executor-39] INFO  server.GrpcLogAppender (GrpcLogAppender.java:onError(402)) - s2@group-DC0BCF2C7030->s1-GrpcLogAppender is already stopped
2022-11-11 07:38:07,660 [s0@group-DC0BCF2C7030-StateMachineUpdater] INFO  impl.StateMachineUpdater (StateMachineUpdater.java:takeSnapshot(290)) - s0@group-DC0BCF2C7030-StateMachineUpdater: Took a snapshot at index 257
2022-11-11 07:38:07,674 [s0@group-DC0BCF2C7030-StateMachineUpdater] INFO  impl.StateMachineUpdater (StateMachineUpdater.java:lambda$new$0(96)) - s0@group-DC0BCF2C7030-StateMachineUpdater: snapshotIndex: updateIncreasingly 255 -> 257
2022-11-11 07:38:07,675 [s0-impl-thread2] INFO  server.RaftServer$Division (ServerState.java:close(412)) - s0@group-DC0BCF2C7030: applyIndex: 257
2022-11-11 07:38:07,660 [s2@group-DC0BCF2C7030-StateMachineUpdater] INFO  impl.StateMachineUpdater (StateMachineUpdater.java:takeSnapshot(290)) - s2@group-DC0BCF2C7030-StateMachineUpdater: Took a snapshot at index 258
2022-11-11 07:38:07,675 [s2@group-DC0BCF2C7030-StateMachineUpdater] INFO  impl.StateMachineUpdater (StateMachineUpdater.java:lambda$new$0(96)) - s2@group-DC0BCF2C7030-StateMachineUpdater: snapshotIndex: updateIncreasingly 255 -> 258
2022-11-11 07:38:07,656 [grpc-default-executor-38] INFO  server.GrpcLogAppender (GrpcLogAppender.java:onError(402)) - s2@group-DC0BCF2C7030->s1-GrpcLogAppender is already stopped
2022-11-11 07:38:07,654 [grpc-default-executor-37] INFO  server.GrpcLogAppender (GrpcLogAppender.java:onError(402)) - s2@group-DC0BCF2C7030->s1-GrpcLogAppender is already stopped
2022-11-11 07:38:07,654 [grpc-default-executor-36] INFO  server.GrpcLogAppender (GrpcLogAppender.java:onError(402)) - s2@group-DC0BCF2C7030->s1-GrpcLogAppender is already stopped
2022-11-11 07:38:07,654 [grpc-default-executor-35] INFO  server.GrpcLogAppender (GrpcLogAppender.java:onError(402)) - s2@group-DC0BCF2C7030->s1-GrpcLogAppender is already stopped
2022-11-11 07:38:07,654 [grpc-default-executor-34] INFO  server.GrpcLogAppender (GrpcLogAppender.java:onError(402)) - s2@group-DC0BCF2C7030->s1-GrpcLogAppender is already stopped
2022-11-11 07:38:07,653 [grpc-default-executor-33] INFO  server.GrpcLogAppender (GrpcLogAppender.java:onError(402)) - s2@group-DC0BCF2C7030->s1-GrpcLogAppender is already stopped
2022-11-11 07:38:07,653 [grpc-default-executor-32] INFO  server.GrpcLogAppender (GrpcLogAppender.java:onError(402)) - s2@group-DC0BCF2C7030->s1-GrpcLogAppender is already stopped
2022-11-11 07:38:07,653 [grpc-default-executor-31] INFO  server.GrpcLogAppender (GrpcLogAppender.java:onError(402)) - s2@group-DC0BCF2C7030->s1-GrpcLogAppender is already stopped
2022-11-11 07:38:07,653 [grpc-default-executor-30] INFO  server.GrpcLogAppender (GrpcLogAppender.java:onError(402)) - s2@group-DC0BCF2C7030->s1-GrpcLogAppender is already stopped
2022-11-11 07:38:07,652 [grpc-default-executor-12] INFO  server.GrpcLogAppender (GrpcLogAppender.java:onError(402)) - s2@group-DC0BCF2C7030->s1-GrpcLogAppender is already stopped
2022-11-11 07:38:07,650 [grpc-default-executor-29] INFO  server.GrpcLogAppender (GrpcLogAppender.java:onError(402)) - s2@group-DC0BCF2C7030->s1-GrpcLogAppender is already stopped
2022-11-11 07:38:07,650 [grpc-default-executor-28] INFO  server.GrpcLogAppender (GrpcLogAppender.java:onError(402)) - s2@group-DC0BCF2C7030->s1-GrpcLogAppender is already stopped
2022-11-11 07:38:07,649 [grpc-default-executor-27] INFO  server.GrpcLogAppender (GrpcLogAppender.java:onError(402)) - s2@group-DC0BCF2C7030->s1-GrpcLogAppender is already stopped
2022-11-11 07:38:07,649 [grpc-default-executor-26] INFO  server.GrpcLogAppender (GrpcLogAppender.java:onError(402)) - s2@group-DC0BCF2C7030->s1-GrpcLogAppender is already stopped
2022-11-11 07:38:07,648 [grpc-default-executor-25] INFO  server.GrpcLogAppender (GrpcLogAppender.java:onError(402)) - s2@group-DC0BCF2C7030->s1-GrpcLogAppender is already stopped
2022-11-11 07:38:07,648 [grpc-default-executor-24] INFO  server.GrpcLogAppender (GrpcLogAppender.java:onError(402)) - s2@group-DC0BCF2C7030->s1-GrpcLogAppender is already stopped
2022-11-11 07:38:07,648 [grpc-default-executor-23] INFO  server.GrpcLogAppender (GrpcLogAppender.java:onError(402)) - s2@group-DC0BCF2C7030->s1-GrpcLogAppender is already stopped
2022-11-11 07:38:07,648 [grpc-default-executor-22] INFO  server.GrpcLogAppender (GrpcLogAppender.java:onError(402)) - s2@group-DC0BCF2C7030->s1-GrpcLogAppender is already stopped
2022-11-11 07:38:07,648 [grpc-default-executor-20] INFO  server.GrpcLogAppender (GrpcLogAppender.java:onError(402)) - s2@group-DC0BCF2C7030->s1-GrpcLogAppender is already stopped
2022-11-11 07:38:07,648 [grpc-default-executor-19] INFO  server.GrpcLogAppender (GrpcLogAppender.java:onError(402)) - s2@group-DC0BCF2C7030->s1-GrpcLogAppender is already stopped
2022-11-11 07:38:07,648 [grpc-default-executor-13] INFO  server.GrpcLogAppender (GrpcLogAppender.java:onError(402)) - s2@group-DC0BCF2C7030->s1-GrpcLogAppender is already stopped
2022-11-11 07:38:07,648 [grpc-default-executor-15] INFO  server.GrpcLogAppender (GrpcLogAppender.java:onError(402)) - s2@group-DC0BCF2C7030->s1-GrpcLogAppender is already stopped
2022-11-11 07:38:07,648 [grpc-default-executor-7] INFO  server.GrpcLogAppender (GrpcLogAppender.java:onError(402)) - s2@group-DC0BCF2C7030->s1-GrpcLogAppender is already stopped
2022-11-11 07:38:07,648 [grpc-default-executor-6] INFO  server.GrpcLogAppender (GrpcLogAppender.java:onError(402)) - s2@group-DC0BCF2C7030->s1-GrpcLogAppender is already stopped
2022-11-11 07:38:07,648 [grpc-default-executor-8] INFO  server.GrpcLogAppender (GrpcLogAppender.java:onError(402)) - s2@group-DC0BCF2C7030->s1-GrpcLogAppender is already stopped
2022-11-11 07:38:07,648 [grpc-default-executor-14] INFO  server.GrpcLogAppender (GrpcLogAppender.java:onError(402)) - s2@group-DC0BCF2C7030->s1-GrpcLogAppender is already stopped
2022-11-11 07:38:07,648 [grpc-default-executor-4] INFO  server.GrpcLogAppender (GrpcLogAppender.java:onError(402)) - s2@group-DC0BCF2C7030->s1-GrpcLogAppender is already stopped
2022-11-11 07:38:07,647 [grpc-default-executor-3] INFO  server.GrpcLogAppender (GrpcLogAppender.java:onError(402)) - s2@group-DC0BCF2C7030->s1-GrpcLogAppender is already stopped
2022-11-11 07:38:07,647 [grpc-default-executor-16] INFO  server.GrpcLogAppender (GrpcLogAppender.java:onError(402)) - s2@group-DC0BCF2C7030->s1-GrpcLogAppender is already stopped
2022-11-11 07:38:07,647 [grpc-default-executor-5] INFO  server.GrpcLogAppender (GrpcLogAppender.java:onError(402)) - s2@group-DC0BCF2C7030->s1-GrpcLogAppender is already stopped
2022-11-11 07:38:07,646 [grpc-default-executor-2] WARN  server.GrpcServerProtocolService (LogUtils.java:warn(122)) - s1: installSnapshot onError, lastRequest: null: org.apache.ratis.thirdparty.io.grpc.StatusRuntimeException: CANCELLED: client cancelled
2022-11-11 07:38:07,644 [grpc-default-executor-9] WARN  server.GrpcServerProtocolService (LogUtils.java:warn(122)) - s1: installSnapshot onError, lastRequest: null: org.apache.ratis.thirdparty.io.grpc.StatusRuntimeException: CANCELLED: client cancelled
2022-11-11 07:38:07,644 [grpc-default-executor-10] WARN  server.GrpcServerProtocolService (LogUtils.java:warn(122)) - s1: installSnapshot onError, lastRequest: null: org.apache.ratis.thirdparty.io.grpc.StatusRuntimeException: CANCELLED: client cancelled
2022-11-11 07:38:07,644 [grpc-default-executor-11] WARN  server.GrpcServerProtocolService (LogUtils.java:warn(122)) - s1: installSnapshot onError, lastRequest: null: org.apache.ratis.thirdparty.io.grpc.StatusRuntimeException: CANCELLED: client cancelled
2022-11-11 07:38:07,641 [grpc-default-executor-17] WARN  server.GrpcServerProtocolService (LogUtils.java:warn(122)) - s1: installSnapshot onError, lastRequest: null: org.apache.ratis.thirdparty.io.grpc.StatusRuntimeException: CANCELLED: client cancelled
2022-11-11 07:38:07,675 [s0@group-DC0BCF2C7030-SegmentedRaftLogWorker] INFO  segmented.SegmentedRaftLogWorker (SegmentedRaftLogWorker.java:run(333)) - s0@group-DC0BCF2C7030-SegmentedRaftLogWorker was interrupted, exiting. There are 0 tasks remaining in the queue.
2022-11-11 07:38:07,675 [s2@group-DC0BCF2C7030-StateMachineUpdater] INFO  raftlog.RaftLog (RaftLogBase.java:purge(314)) - s2@group-DC0BCF2C7030-SegmentedRaftLog: purge 258
2022-11-11 07:38:07,679 [s2@group-DC0BCF2C7030-StateMachineUpdater] INFO  raftlog.RaftLog (RaftLogBase.java:lambda$new$0(53)) - s2@group-DC0BCF2C7030-SegmentedRaftLog: snapshotIndex: updateIncreasingly 191 -> 258
2022-11-11 07:38:07,673 [grpc-default-executor-56] INFO  server.GrpcLogAppender (GrpcLogAppender.java:onError(402)) - s2@group-DC0BCF2C7030->s1-GrpcLogAppender is already stopped
2022-11-11 07:38:07,673 [grpc-default-executor-57] INFO  server.GrpcLogAppender (GrpcLogAppender.java:onError(402)) - s2@group-DC0BCF2C7030->s1-GrpcLogAppender is already stopped
2022-11-11 07:38:07,673 [grpc-default-executor-59] INFO  server.GrpcLogAppender (GrpcLogAppender.java:onError(402)) - s2@group-DC0BCF2C7030->s1-GrpcLogAppender is already stopped
2022-11-11 07:38:07,673 [grpc-default-executor-58] INFO  server.GrpcLogAppender (GrpcLogAppender.java:onError(402)) - s2@group-DC0BCF2C7030->s1-GrpcLogAppender is already stopped
2022-11-11 07:38:07,673 [MiniRaftCluster-23] INFO  server.GrpcServerProtocolClient (GrpcServerProtocolClient.java:close(111)) - s1 Close channels
2022-11-11 07:38:07,671 [grpc-default-executor-21] INFO  server.GrpcLogAppender (GrpcLogAppender.java:onError(402)) - s2@group-DC0BCF2C7030->s1-GrpcLogAppender is already stopped
2022-11-11 07:38:07,679 [s2@group-DC0BCF2C7030-StateMachineUpdater] DEBUG raftlog.RaftLog (SegmentedRaftLog.java:purgeImpl(366)) - purging segments:toTruncate: null
  toDelete: [(135, 138) isOpen? false, length=0, newEndIndex=0, (139, 160) isOpen? false, length=0, newEndIndex=0, (161, 187) isOpen? false, length=0, newEndIndex=0, (188, 214) isOpen? false, length=0, newEndIndex=0, (215, 240) isOpen? false, length=0, newEndIndex=0]
2022-11-11 07:38:07,680 [s2-impl-thread2] INFO  server.RaftServer$Division (ServerState.java:close(412)) - s2@group-DC0BCF2C7030: applyIndex: 258
2022-11-11 07:38:07,680 [s2@group-DC0BCF2C7030-SegmentedRaftLogWorker] TRACE util.FileUtils (LogUtils.java:runAndLog(49)) - Successfully ran Files.delete /home/runner/work/ratis/ratis/ratis-test/target/test/data/badbfba9/MiniRaftClusterWithGrpcf526e0ef/s2/4c2c9efe-0344-4438-a419-dc0bcf2c7030/current/log_135-138
2022-11-11 07:38:07,679 [s0-impl-thread2] INFO  segmented.SegmentedRaftLogWorker (SegmentedRaftLogWorker.java:close(246)) - s0@group-DC0BCF2C7030-SegmentedRaftLogWorker close()
2022-11-11 07:38:07,680 [s2@group-DC0BCF2C7030-SegmentedRaftLogWorker] TRACE util.FileUtils (LogUtils.java:runAndLog(49)) - Successfully ran Files.delete /home/runner/work/ratis/ratis/ratis-test/target/test/data/badbfba9/MiniRaftClusterWithGrpcf526e0ef/s2/4c2c9efe-0344-4438-a419-dc0bcf2c7030/current/log_139-160
2022-11-11 07:38:07,680 [s2@group-DC0BCF2C7030-SegmentedRaftLogWorker] TRACE util.FileUtils (LogUtils.java:runAndLog(49)) - Successfully ran Files.delete /home/runner/work/ratis/ratis/ratis-test/target/test/data/badbfba9/MiniRaftClusterWithGrpcf526e0ef/s2/4c2c9efe-0344-4438-a419-dc0bcf2c7030/current/log_161-187
2022-11-11 07:38:07,681 [s2@group-DC0BCF2C7030-SegmentedRaftLogWorker] TRACE util.FileUtils (LogUtils.java:runAndLog(49)) - Successfully ran Files.delete /home/runner/work/ratis/ratis/ratis-test/target/test/data/badbfba9/MiniRaftClusterWithGrpcf526e0ef/s2/4c2c9efe-0344-4438-a419-dc0bcf2c7030/current/log_188-214
2022-11-11 07:38:07,681 [s2@group-DC0BCF2C7030-SegmentedRaftLogWorker] TRACE util.FileUtils (LogUtils.java:runAndLog(49)) - Successfully ran Files.delete /home/runner/work/ratis/ratis/ratis-test/target/test/data/badbfba9/MiniRaftClusterWithGrpcf526e0ef/s2/4c2c9efe-0344-4438-a419-dc0bcf2c7030/current/log_215-240
2022-11-11 07:38:07,681 [s2@group-DC0BCF2C7030-SegmentedRaftLogWorker] INFO  raftlog.RaftLog (RaftLogBase.java:lambda$new$0(53)) - s2@group-DC0BCF2C7030-SegmentedRaftLog: purgeIndex: updateToMax old=134, new=240, updated? true
2022-11-11 07:38:07,682 [s2-impl-thread2] INFO  segmented.SegmentedRaftLogWorker (SegmentedRaftLogWorker.java:close(246)) - s2@group-DC0BCF2C7030-SegmentedRaftLogWorker close()
2022-11-11 07:38:07,683 [MiniRaftCluster-23] INFO  server.GrpcService (GrpcService.java:closeImpl(328)) - s2: shutdown server org.apache.ratis.grpc.server.GrpcClientProtocolService successfully
2022-11-11 07:38:07,683 [MiniRaftCluster-23] INFO  server.GrpcService (GrpcService.java:closeImpl(319)) - s2: shutdown server GrpcServerProtocolService now
2022-11-11 07:38:07,684 [JvmPauseMonitor12] INFO  util.JvmPauseMonitor (JvmPauseMonitor.java:run(111)) - JvmPauseMonitor-s0: Stopped
2022-11-11 07:38:07,685 [MiniRaftCluster-23] INFO  server.GrpcService (GrpcService.java:closeImpl(328)) - s2: shutdown server GrpcServerProtocolService successfully
2022-11-11 07:38:07,685 [MiniRaftCluster-23] INFO  server.GrpcService (GrpcService.java:closeImpl(319)) - s2: shutdown server org.apache.ratis.grpc.server.GrpcAdminProtocolService now
2022-11-11 07:38:07,689 [MiniRaftCluster-23] INFO  server.GrpcService (GrpcService.java:closeImpl(328)) - s2: shutdown server org.apache.ratis.grpc.server.GrpcAdminProtocolService successfully
2022-11-11 07:38:07,689 [JvmPauseMonitor14] INFO  util.JvmPauseMonitor (JvmPauseMonitor.java:run(111)) - JvmPauseMonitor-s2: Stopped
2022-11-11 07:38:07,689 [Time-limited test] INFO  impl.MiniRaftCluster (MiniRaftCluster.java:shutdown(855)) - MiniRaftClusterWithGrpc shutdown completed
]]></system-out>
  </testcase>
  <testcase name="testInstallSnapshotNotificationCount" classname="org.apache.ratis.grpc.TestInstallSnapshotNotificationWithGrpc" time="3.863"/>
</testsuite>