<?xml version="1.0" encoding="UTF-8"?>
<testsuite xmlns:xsi="http://www.w3.org/2001/XMLSchema-instance" xsi:noNamespaceSchemaLocation="https://maven.apache.org/surefire/maven-surefire-plugin/xsd/surefire-test-report-3.0.xsd" version="3.0" name="org.apache.ratis.server.raftlog.TestRaftLogMetrics" time="6.504" tests="1" errors="0" skipped="0" failures="1">
  <properties>
    <property name="awt.toolkit" value="sun.awt.X11.XToolkit"/>
    <property name="file.encoding.pkg" value="sun.io"/>
    <property name="java.specification.version" value="1.8"/>
    <property name="sun.cpu.isalist" value=""/>
    <property name="sun.jnu.encoding" value="UTF-8"/>
    <property name="java.class.path" value="/home/runner/work/ratis/ratis/ratis-test/target/test-classes:/home/runner/work/ratis/ratis/ratis-test/target/classes:/home/runner/work/ratis/ratis/ratis-common/target/classes:/home/runner/.m2/repository/org/apache/ratis/ratis-thirdparty-misc/1.0.5/ratis-thirdparty-misc-1.0.5.jar:/home/runner/work/ratis/ratis/ratis-proto/target/classes:/home/runner/work/ratis/ratis/ratis-common/target/test-classes:/home/runner/work/ratis/ratis/ratis-client/target/classes:/home/runner/work/ratis/ratis/ratis-server/target/classes:/home/runner/work/ratis/ratis/ratis-server-api/target/classes:/home/runner/work/ratis/ratis/ratis-metrics-api/target/classes:/home/runner/work/ratis/ratis/ratis-server/target/test-classes:/home/runner/work/ratis/ratis/ratis-metrics-default/target/classes:/home/runner/work/ratis/ratis/ratis-netty/target/classes:/home/runner/work/ratis/ratis/ratis-netty/target/test-classes:/home/runner/work/ratis/ratis/ratis-grpc/target/classes:/home/runner/work/ratis/ratis/ratis-grpc/target/test-classes:/home/runner/work/ratis/ratis/ratis-shell/target/classes:/home/runner/.m2/repository/commons-cli/commons-cli/1.5.0/commons-cli-1.5.0.jar:/home/runner/.m2/repository/org/reflections/reflections/0.10.2/reflections-0.10.2.jar:/home/runner/.m2/repository/org/javassist/javassist/3.28.0-GA/javassist-3.28.0-GA.jar:/home/runner/.m2/repository/com/google/code/findbugs/jsr305/3.0.2/jsr305-3.0.2.jar:/home/runner/.m2/repository/org/bouncycastle/bcprov-jdk18on/1.76/bcprov-jdk18on-1.76.jar:/home/runner/.m2/repository/org/bouncycastle/bcpkix-jdk18on/1.76/bcpkix-jdk18on-1.76.jar:/home/runner/.m2/repository/org/bouncycastle/bcutil-jdk18on/1.76/bcutil-jdk18on-1.76.jar:/home/runner/.m2/repository/org/slf4j/slf4j-api/2.0.7/slf4j-api-2.0.7.jar:/home/runner/.m2/repository/org/slf4j/slf4j-reload4j/2.0.7/slf4j-reload4j-2.0.7.jar:/home/runner/.m2/repository/ch/qos/reload4j/reload4j/1.2.22/reload4j-1.2.22.jar:/home/runner/.m2/repository/junit/junit/4.13.2/junit-4.13.2.jar:/home/runner/.m2/repository/org/hamcrest/hamcrest-core/1.3/hamcrest-core-1.3.jar:/home/runner/.m2/repository/org/junit/jupiter/junit-jupiter-engine/5.10.1/junit-jupiter-engine-5.10.1.jar:/home/runner/.m2/repository/org/junit/platform/junit-platform-engine/1.10.1/junit-platform-engine-1.10.1.jar:/home/runner/.m2/repository/org/apiguardian/apiguardian-api/1.1.2/apiguardian-api-1.1.2.jar:/home/runner/.m2/repository/org/junit/jupiter/junit-jupiter-api/5.10.1/junit-jupiter-api-5.10.1.jar:/home/runner/.m2/repository/org/opentest4j/opentest4j/1.3.0/opentest4j-1.3.0.jar:/home/runner/.m2/repository/org/junit/platform/junit-platform-commons/1.10.1/junit-platform-commons-1.10.1.jar:/home/runner/.m2/repository/org/junit/jupiter/junit-jupiter-params/5.10.1/junit-jupiter-params-5.10.1.jar:/home/runner/.m2/repository/org/mockito/mockito-core/4.3.1/mockito-core-4.3.1.jar:/home/runner/.m2/repository/net/bytebuddy/byte-buddy/1.12.7/byte-buddy-1.12.7.jar:/home/runner/.m2/repository/net/bytebuddy/byte-buddy-agent/1.12.7/byte-buddy-agent-1.12.7.jar:/home/runner/.m2/repository/org/objenesis/objenesis/3.2/objenesis-3.2.jar:"/>
    <property name="java.vm.vendor" value="Temurin"/>
    <property name="sun.arch.data.model" value="64"/>
    <property name="java.vendor.url" value="https://adoptium.net/"/>
    <property name="user.timezone" value="Etc/UTC"/>
    <property name="java.vm.specification.version" value="1.8"/>
    <property name="os.name" value="Linux"/>
    <property name="sun.java.launcher" value="SUN_STANDARD"/>
    <property name="sun.boot.library.path" value="/usr/lib/jvm/temurin-8-jdk-amd64/jre/lib/amd64"/>
    <property name="sun.java.command" value="/home/runner/work/ratis/ratis/ratis-test/target/surefire/surefirebooter-20240315012258608_181.jar /home/runner/work/ratis/ratis/ratis-test/target/surefire 2024-03-15T01-22-27_675-jvmRun1 surefire-20240315012258608_179tmp surefire_17-20240315012258608_180tmp"/>
    <property name="surefire.test.class.path" value="/home/runner/work/ratis/ratis/ratis-test/target/test-classes:/home/runner/work/ratis/ratis/ratis-test/target/classes:/home/runner/work/ratis/ratis/ratis-common/target/classes:/home/runner/.m2/repository/org/apache/ratis/ratis-thirdparty-misc/1.0.5/ratis-thirdparty-misc-1.0.5.jar:/home/runner/work/ratis/ratis/ratis-proto/target/classes:/home/runner/work/ratis/ratis/ratis-common/target/test-classes:/home/runner/work/ratis/ratis/ratis-client/target/classes:/home/runner/work/ratis/ratis/ratis-server/target/classes:/home/runner/work/ratis/ratis/ratis-server-api/target/classes:/home/runner/work/ratis/ratis/ratis-metrics-api/target/classes:/home/runner/work/ratis/ratis/ratis-server/target/test-classes:/home/runner/work/ratis/ratis/ratis-metrics-default/target/classes:/home/runner/work/ratis/ratis/ratis-netty/target/classes:/home/runner/work/ratis/ratis/ratis-netty/target/test-classes:/home/runner/work/ratis/ratis/ratis-grpc/target/classes:/home/runner/work/ratis/ratis/ratis-grpc/target/test-classes:/home/runner/work/ratis/ratis/ratis-shell/target/classes:/home/runner/.m2/repository/commons-cli/commons-cli/1.5.0/commons-cli-1.5.0.jar:/home/runner/.m2/repository/org/reflections/reflections/0.10.2/reflections-0.10.2.jar:/home/runner/.m2/repository/org/javassist/javassist/3.28.0-GA/javassist-3.28.0-GA.jar:/home/runner/.m2/repository/com/google/code/findbugs/jsr305/3.0.2/jsr305-3.0.2.jar:/home/runner/.m2/repository/org/bouncycastle/bcprov-jdk18on/1.76/bcprov-jdk18on-1.76.jar:/home/runner/.m2/repository/org/bouncycastle/bcpkix-jdk18on/1.76/bcpkix-jdk18on-1.76.jar:/home/runner/.m2/repository/org/bouncycastle/bcutil-jdk18on/1.76/bcutil-jdk18on-1.76.jar:/home/runner/.m2/repository/org/slf4j/slf4j-api/2.0.7/slf4j-api-2.0.7.jar:/home/runner/.m2/repository/org/slf4j/slf4j-reload4j/2.0.7/slf4j-reload4j-2.0.7.jar:/home/runner/.m2/repository/ch/qos/reload4j/reload4j/1.2.22/reload4j-1.2.22.jar:/home/runner/.m2/repository/junit/junit/4.13.2/junit-4.13.2.jar:/home/runner/.m2/repository/org/hamcrest/hamcrest-core/1.3/hamcrest-core-1.3.jar:/home/runner/.m2/repository/org/junit/jupiter/junit-jupiter-engine/5.10.1/junit-jupiter-engine-5.10.1.jar:/home/runner/.m2/repository/org/junit/platform/junit-platform-engine/1.10.1/junit-platform-engine-1.10.1.jar:/home/runner/.m2/repository/org/apiguardian/apiguardian-api/1.1.2/apiguardian-api-1.1.2.jar:/home/runner/.m2/repository/org/junit/jupiter/junit-jupiter-api/5.10.1/junit-jupiter-api-5.10.1.jar:/home/runner/.m2/repository/org/opentest4j/opentest4j/1.3.0/opentest4j-1.3.0.jar:/home/runner/.m2/repository/org/junit/platform/junit-platform-commons/1.10.1/junit-platform-commons-1.10.1.jar:/home/runner/.m2/repository/org/junit/jupiter/junit-jupiter-params/5.10.1/junit-jupiter-params-5.10.1.jar:/home/runner/.m2/repository/org/mockito/mockito-core/4.3.1/mockito-core-4.3.1.jar:/home/runner/.m2/repository/net/bytebuddy/byte-buddy/1.12.7/byte-buddy-1.12.7.jar:/home/runner/.m2/repository/net/bytebuddy/byte-buddy-agent/1.12.7/byte-buddy-agent-1.12.7.jar:/home/runner/.m2/repository/org/objenesis/objenesis/3.2/objenesis-3.2.jar:"/>
    <property name="sun.cpu.endian" value="little"/>
    <property name="user.home" value="/home/runner"/>
    <property name="user.language" value="en"/>
    <property name="java.specification.vendor" value="Oracle Corporation"/>
    <property name="java.home" value="/usr/lib/jvm/temurin-8-jdk-amd64/jre"/>
    <property name="basedir" value="/home/runner/work/ratis/ratis/ratis-test"/>
    <property name="file.separator" value="/"/>
    <property name="line.separator" value="&#10;"/>
    <property name="java.vm.specification.vendor" value="Oracle Corporation"/>
    <property name="java.specification.name" value="Java Platform API Specification"/>
    <property name="java.awt.graphicsenv" value="sun.awt.X11GraphicsEnvironment"/>
    <property name="surefire.real.class.path" value="/home/runner/work/ratis/ratis/ratis-test/target/surefire/surefirebooter-20240315012258608_181.jar:/home/runner/.m2/repository/org/jacoco/org.jacoco.agent/0.8.11/org.jacoco.agent-0.8.11-runtime.jar"/>
    <property name="sun.boot.class.path" value="/usr/lib/jvm/temurin-8-jdk-amd64/jre/lib/resources.jar:/usr/lib/jvm/temurin-8-jdk-amd64/jre/lib/rt.jar:/usr/lib/jvm/temurin-8-jdk-amd64/jre/lib/sunrsasign.jar:/usr/lib/jvm/temurin-8-jdk-amd64/jre/lib/jsse.jar:/usr/lib/jvm/temurin-8-jdk-amd64/jre/lib/jce.jar:/usr/lib/jvm/temurin-8-jdk-amd64/jre/lib/charsets.jar:/usr/lib/jvm/temurin-8-jdk-amd64/jre/lib/jfr.jar:/usr/lib/jvm/temurin-8-jdk-amd64/jre/classes"/>
    <property name="sun.management.compiler" value="HotSpot 64-Bit Tiered Compilers"/>
    <property name="java.runtime.version" value="1.8.0_402-b06"/>
    <property name="java.net.preferIPv4Stack" value="true"/>
    <property name="user.name" value="runner"/>
    <property name="path.separator" value=":"/>
    <property name="os.version" value="5.15.0-1058-azure"/>
    <property name="java.endorsed.dirs" value="/usr/lib/jvm/temurin-8-jdk-amd64/jre/lib/endorsed"/>
    <property name="java.runtime.name" value="OpenJDK Runtime Environment"/>
    <property name="file.encoding" value="UTF-8"/>
    <property name="java.vm.name" value="OpenJDK 64-Bit Server VM"/>
    <property name="localRepository" value="/home/runner/.m2/repository"/>
    <property name="java.vendor.url.bug" value="https://github.com/adoptium/adoptium-support/issues"/>
    <property name="java.io.tmpdir" value="/tmp"/>
    <property name="java.version" value="1.8.0_402"/>
    <property name="user.dir" value="/home/runner/work/ratis/ratis/ratis-test"/>
    <property name="os.arch" value="amd64"/>
    <property name="ratis.tmp.dir" value="/home/runner/work/ratis/ratis/ratis-test/target/tmp"/>
    <property name="java.vm.specification.name" value="Java Virtual Machine Specification"/>
    <property name="java.awt.printerjob" value="sun.print.PSPrinterJob"/>
    <property name="ratis.log.dir" value="/home/runner/work/ratis/ratis/ratis-test/target/log"/>
    <property name="sun.os.patch.level" value="unknown"/>
    <property name="java.library.path" value="/usr/java/packages/lib/amd64:/usr/lib64:/lib64:/lib:/usr/lib"/>
    <property name="java.vm.info" value="mixed mode"/>
    <property name="java.vendor" value="Temurin"/>
    <property name="java.vm.version" value="25.402-b06"/>
    <property name="java.specification.maintenance.version" value="5"/>
    <property name="java.ext.dirs" value="/usr/lib/jvm/temurin-8-jdk-amd64/jre/lib/ext:/usr/java/packages/lib/ext"/>
    <property name="sun.io.unicode.encoding" value="UnicodeLittle"/>
    <property name="java.class.version" value="52.0"/>
  </properties>
  <testcase name="testRaftLogMetrics" classname="org.apache.ratis.server.raftlog.TestRaftLogMetrics" time="6.283">
    <failure message="expected: &lt;4&gt; but was: &lt;5&gt;" type="org.opentest4j.AssertionFailedError"><![CDATA[org.opentest4j.AssertionFailedError: expected: <4> but was: <5>
	at org.junit.jupiter.api.AssertionFailureBuilder.build(AssertionFailureBuilder.java:151)
	at org.junit.jupiter.api.AssertionFailureBuilder.buildAndThrow(AssertionFailureBuilder.java:132)
	at org.junit.jupiter.api.AssertEquals.failNotEqual(AssertEquals.java:197)
	at org.junit.jupiter.api.AssertEquals.assertEquals(AssertEquals.java:166)
	at org.junit.jupiter.api.AssertEquals.assertEquals(AssertEquals.java:161)
	at org.junit.jupiter.api.Assertions.assertEquals(Assertions.java:632)
	at org.apache.ratis.server.raftlog.TestRaftLogMetrics.lambda$assertFlushCount$2(TestRaftLogMetrics.java:136)
	at org.apache.ratis.util.JavaUtils.lambda$attempt$7(JavaUtils.java:211)
	at org.apache.ratis.util.JavaUtils.attempt(JavaUtils.java:224)
	at org.apache.ratis.util.JavaUtils.attempt(JavaUtils.java:211)
	at org.apache.ratis.util.JavaUtils.attemptRepeatedly(JavaUtils.java:203)
	at org.apache.ratis.server.raftlog.TestRaftLogMetrics.assertFlushCount(TestRaftLogMetrics.java:135)
	at org.apache.ratis.server.raftlog.TestRaftLogMetrics.runTestRaftLogMetrics(TestRaftLogMetrics.java:102)
	at org.apache.ratis.server.raftlog.TestRaftLogMetrics.testRaftLogMetrics(TestRaftLogMetrics.java:87)
	at java.lang.reflect.Method.invoke(Method.java:498)
	at java.util.ArrayList.forEach(ArrayList.java:1259)
	at java.util.ArrayList.forEach(ArrayList.java:1259)
]]></failure>
    <system-out><![CDATA[2024-03-15 01:29:30,052 [main] INFO  metrics.MetricRegistries (MetricRegistriesLoader.java:load(64)) - Loaded MetricRegistries class org.apache.ratis.metrics.impl.MetricRegistriesImpl
2024-03-15 01:29:30,164 [main] WARN  impl.MetricRegistriesImpl (MetricRegistriesImpl.java:addReporterRegistration(116)) - New reporters are added after registries were created. Some metrics will be missing from the reporter. Please add reporter before adding any new registry.
2024-03-15 01:29:30,164 [main] WARN  impl.MetricRegistriesImpl (MetricRegistriesImpl.java:addReporterRegistration(116)) - New reporters are added after registries were created. Some metrics will be missing from the reporter. Please add reporter before adding any new registry.
2024-03-15 01:29:30,184 [main] INFO  util.LogUtils (Slf4jUtils.java:setLogLevel(38)) - Successfully set org.apache.ratis.conf.ConfUtils log level to WARN
2024-03-15 01:29:30,188 [main] INFO  util.LogUtils (Slf4jUtils.java:setLogLevel(38)) - Successfully set org.apache.ratis.util.FileUtils log level to TRACE
2024-03-15 01:29:30,237 [main] INFO  simulation.MiniRaftClusterWithSimulatedRpc (ConfUtils.java:logGet(46)) - org.apache.ratis.server.simulation.SimulatedRequestReply.simulateLatencyMs = 0 (custom)
2024-03-15 01:29:30,380 [main] INFO  impl.MiniRaftCluster (MiniRaftCluster.java:<init>(306)) - new MiniRaftClusterWithSimulatedRpc with group-14C72BA94BD1:[s0|localhost:15000, s1|localhost:15004, s2|localhost:15008]
2024-03-15 01:29:30,380 [main] INFO  impl.MiniRaftCluster (MiniRaftCluster.java:start(339)) - .............................................................. 
2024-03-15 01:29:30,381 [main] INFO  impl.MiniRaftCluster (MiniRaftCluster.java:start(340)) - ... 
2024-03-15 01:29:30,381 [main] INFO  impl.MiniRaftCluster (MiniRaftCluster.java:start(341)) - ...     Starting MiniRaftClusterWithSimulatedRpc
2024-03-15 01:29:30,381 [main] INFO  impl.MiniRaftCluster (MiniRaftCluster.java:start(342)) - ... 
2024-03-15 01:29:30,381 [main] INFO  impl.MiniRaftCluster (MiniRaftCluster.java:start(343)) - .............................................................. 
2024-03-15 01:29:30,382 [main] INFO  impl.MiniRaftCluster (MiniRaftCluster.java:initServers(318)) - servers = {}
2024-03-15 01:29:30,394 [main] INFO  impl.MiniRaftCluster (MiniRaftCluster.java:newRaftServer(382)) - newRaftServer: s0, group-14C72BA94BD1:[s0|localhost:15000, s1|localhost:15004, s2|localhost:15008], format? true
2024-03-15 01:29:30,396 [main] TRACE util.FileUtils (FileUtils.java:deleteFully(305)) - deleteFully target/test/data/49331c75/MiniRaftClusterWithSimulatedRpc9ee00441/s0
2024-03-15 01:29:30,397 [main] TRACE util.FileUtils (FileUtils.java:deleteFully(318)) - deleteFully: target/test/data/49331c75/MiniRaftClusterWithSimulatedRpc9ee00441/s0 does not exist.
2024-03-15 01:29:30,398 [main] INFO  impl.MiniRaftCluster (MiniRaftCluster.java:newRaftServer(387)) - Formatted directory target/test/data/49331c75/MiniRaftClusterWithSimulatedRpc9ee00441/s0
2024-03-15 01:29:30,434 [main] INFO  server.RaftServer (ConfUtils.java:logGet(46)) - raft.rpc.type = org.apache.ratis.server.simulation.SimulatedRpc (custom)
2024-03-15 01:29:30,447 [main] INFO  impl.DataStreamServerImpl (ConfUtils.java:logGet(46)) - raft.datastream.type = DISABLED (default)
2024-03-15 01:29:30,453 [main] INFO  server.RaftServerConfigKeys (ConfUtils.java:logGet(46)) - raft.server.sleep.deviation.threshold = 300ms (default)
2024-03-15 01:29:30,453 [main] INFO  server.RaftServerConfigKeys (ConfUtils.java:logGet(46)) - raft.server.close.threshold = 60s (default)
2024-03-15 01:29:30,455 [main] INFO  server.RaftServerConfigKeys (ConfUtils.java:logGet(46)) - raft.server.leaderelection.leader.step-down.wait-time = 10s (default)
2024-03-15 01:29:30,486 [main] INFO  server.RaftServerConfigKeys (ConfUtils.java:logGet(46)) - raft.server.storage.dir = [/home/runner/work/ratis/ratis/ratis-test/target/test/data/49331c75/MiniRaftClusterWithSimulatedRpc9ee00441/s0] (custom)
2024-03-15 01:29:30,488 [main] INFO  server.RaftServerConfigKeys (ConfUtils.java:logGet(46)) - raft.server.threadpool.proxy.cached = true (default)
2024-03-15 01:29:30,489 [main] INFO  server.RaftServerConfigKeys (ConfUtils.java:logGet(46)) - raft.server.threadpool.proxy.size = 0 (default)
2024-03-15 01:29:30,508 [main] INFO  server.RaftServer (RaftServerProxy.java:addNew(101)) - s0: addNew group-14C72BA94BD1:[s0|localhost:15000, s1|localhost:15004, s2|localhost:15008] returns group-14C72BA94BD1:java.util.concurrent.CompletableFuture@3db663d0[Not completed]
2024-03-15 01:29:30,508 [main] INFO  impl.MiniRaftCluster (MiniRaftCluster.java:newRaftServer(382)) - newRaftServer: s1, group-14C72BA94BD1:[s0|localhost:15000, s1|localhost:15004, s2|localhost:15008], format? true
2024-03-15 01:29:30,509 [main] TRACE util.FileUtils (FileUtils.java:deleteFully(305)) - deleteFully target/test/data/49331c75/MiniRaftClusterWithSimulatedRpc9ee00441/s1
2024-03-15 01:29:30,509 [main] TRACE util.FileUtils (FileUtils.java:deleteFully(318)) - deleteFully: target/test/data/49331c75/MiniRaftClusterWithSimulatedRpc9ee00441/s1 does not exist.
2024-03-15 01:29:30,509 [main] INFO  impl.MiniRaftCluster (MiniRaftCluster.java:newRaftServer(387)) - Formatted directory target/test/data/49331c75/MiniRaftClusterWithSimulatedRpc9ee00441/s1
2024-03-15 01:29:30,510 [main] INFO  server.RaftServer (ConfUtils.java:logGet(46)) - raft.rpc.type = org.apache.ratis.server.simulation.SimulatedRpc (custom)
2024-03-15 01:29:30,510 [main] INFO  impl.DataStreamServerImpl (ConfUtils.java:logGet(46)) - raft.datastream.type = DISABLED (default)
2024-03-15 01:29:30,511 [main] INFO  server.RaftServerConfigKeys (ConfUtils.java:logGet(46)) - raft.server.sleep.deviation.threshold = 300ms (default)
2024-03-15 01:29:30,511 [main] INFO  server.RaftServerConfigKeys (ConfUtils.java:logGet(46)) - raft.server.close.threshold = 60s (default)
2024-03-15 01:29:30,511 [main] INFO  server.RaftServerConfigKeys (ConfUtils.java:logGet(46)) - raft.server.leaderelection.leader.step-down.wait-time = 10s (default)
2024-03-15 01:29:30,512 [main] INFO  server.RaftServerConfigKeys (ConfUtils.java:logGet(46)) - raft.server.storage.dir = [/home/runner/work/ratis/ratis/ratis-test/target/test/data/49331c75/MiniRaftClusterWithSimulatedRpc9ee00441/s1] (custom)
2024-03-15 01:29:30,512 [main] INFO  server.RaftServerConfigKeys (ConfUtils.java:logGet(46)) - raft.server.threadpool.proxy.cached = true (default)
2024-03-15 01:29:30,513 [main] INFO  server.RaftServerConfigKeys (ConfUtils.java:logGet(46)) - raft.server.threadpool.proxy.size = 0 (default)
2024-03-15 01:29:30,514 [main] INFO  server.RaftServer (RaftServerProxy.java:addNew(101)) - s1: addNew group-14C72BA94BD1:[s0|localhost:15000, s1|localhost:15004, s2|localhost:15008] returns group-14C72BA94BD1:java.util.concurrent.CompletableFuture@ad9e63e[Not completed]
2024-03-15 01:29:30,514 [main] INFO  impl.MiniRaftCluster (MiniRaftCluster.java:newRaftServer(382)) - newRaftServer: s2, group-14C72BA94BD1:[s0|localhost:15000, s1|localhost:15004, s2|localhost:15008], format? true
2024-03-15 01:29:30,514 [main] TRACE util.FileUtils (FileUtils.java:deleteFully(305)) - deleteFully target/test/data/49331c75/MiniRaftClusterWithSimulatedRpc9ee00441/s2
2024-03-15 01:29:30,515 [main] TRACE util.FileUtils (FileUtils.java:deleteFully(318)) - deleteFully: target/test/data/49331c75/MiniRaftClusterWithSimulatedRpc9ee00441/s2 does not exist.
2024-03-15 01:29:30,515 [main] INFO  impl.MiniRaftCluster (MiniRaftCluster.java:newRaftServer(387)) - Formatted directory target/test/data/49331c75/MiniRaftClusterWithSimulatedRpc9ee00441/s2
2024-03-15 01:29:30,515 [main] INFO  server.RaftServer (ConfUtils.java:logGet(46)) - raft.rpc.type = org.apache.ratis.server.simulation.SimulatedRpc (custom)
2024-03-15 01:29:30,516 [main] INFO  impl.DataStreamServerImpl (ConfUtils.java:logGet(46)) - raft.datastream.type = DISABLED (default)
2024-03-15 01:29:30,516 [main] INFO  server.RaftServerConfigKeys (ConfUtils.java:logGet(46)) - raft.server.sleep.deviation.threshold = 300ms (default)
2024-03-15 01:29:30,517 [main] INFO  server.RaftServerConfigKeys (ConfUtils.java:logGet(46)) - raft.server.close.threshold = 60s (default)
2024-03-15 01:29:30,517 [main] INFO  server.RaftServerConfigKeys (ConfUtils.java:logGet(46)) - raft.server.leaderelection.leader.step-down.wait-time = 10s (default)
2024-03-15 01:29:30,517 [main] INFO  server.RaftServerConfigKeys (ConfUtils.java:logGet(46)) - raft.server.storage.dir = [/home/runner/work/ratis/ratis/ratis-test/target/test/data/49331c75/MiniRaftClusterWithSimulatedRpc9ee00441/s2] (custom)
2024-03-15 01:29:30,518 [main] INFO  server.RaftServerConfigKeys (ConfUtils.java:logGet(46)) - raft.server.threadpool.proxy.cached = true (default)
2024-03-15 01:29:30,518 [main] INFO  server.RaftServerConfigKeys (ConfUtils.java:logGet(46)) - raft.server.threadpool.proxy.size = 0 (default)
2024-03-15 01:29:30,524 [s0-groupManagement] INFO  server.RaftServer$Division (RaftServerImpl.java:<init>(253)) - s0: new RaftServerImpl for group-14C72BA94BD1:[s0|localhost:15000, s1|localhost:15004, s2|localhost:15008] with MetricsStateMachine:uninitialized
2024-03-15 01:29:30,525 [main] INFO  server.RaftServer (RaftServerProxy.java:addNew(101)) - s2: addNew group-14C72BA94BD1:[s0|localhost:15000, s1|localhost:15004, s2|localhost:15008] returns group-14C72BA94BD1:java.util.concurrent.CompletableFuture@10895b16[Not completed]
2024-03-15 01:29:30,527 [s1-groupManagement] INFO  server.RaftServer$Division (RaftServerImpl.java:<init>(253)) - s1: new RaftServerImpl for group-14C72BA94BD1:[s0|localhost:15000, s1|localhost:15004, s2|localhost:15008] with MetricsStateMachine:uninitialized
2024-03-15 01:29:30,528 [s2-groupManagement] INFO  server.RaftServer$Division (RaftServerImpl.java:<init>(253)) - s2: new RaftServerImpl for group-14C72BA94BD1:[s0|localhost:15000, s1|localhost:15004, s2|localhost:15008] with MetricsStateMachine:uninitialized
2024-03-15 01:29:30,529 [s2-groupManagement] INFO  server.RaftServerConfigKeys (ConfUtils.java:logGet(46)) - raft.server.rpc.timeout.min = 150ms (default)
2024-03-15 01:29:30,529 [s1-groupManagement] INFO  server.RaftServerConfigKeys (ConfUtils.java:logGet(46)) - raft.server.rpc.timeout.min = 150ms (default)
2024-03-15 01:29:30,529 [s2-groupManagement] INFO  server.RaftServerConfigKeys (ConfUtils.java:logGet(46)) - raft.server.rpc.timeout.max = 300ms (default)
2024-03-15 01:29:30,529 [s1-groupManagement] INFO  server.RaftServerConfigKeys (ConfUtils.java:logGet(46)) - raft.server.rpc.timeout.max = 300ms (default)
2024-03-15 01:29:30,529 [s2-groupManagement] INFO  server.RaftServerConfigKeys (ConfUtils.java:logGet(46)) - raft.server.rpc.sleep.time = 25ms (default)
2024-03-15 01:29:30,530 [s1-groupManagement] INFO  server.RaftServerConfigKeys (ConfUtils.java:logGet(46)) - raft.server.rpc.sleep.time = 25ms (default)
2024-03-15 01:29:30,530 [s2-groupManagement] INFO  server.RaftServerConfigKeys (ConfUtils.java:logGet(46)) - raft.server.rpc.slowness.timeout = 60s (default)
2024-03-15 01:29:30,530 [s1-groupManagement] INFO  server.RaftServerConfigKeys (ConfUtils.java:logGet(46)) - raft.server.rpc.slowness.timeout = 60s (default)
2024-03-15 01:29:30,530 [s2-groupManagement] INFO  server.RaftServerConfigKeys (ConfUtils.java:logGet(46)) - raft.server.leaderelection.leader.step-down.wait-time = 10s (default)
2024-03-15 01:29:30,530 [s1-groupManagement] INFO  server.RaftServerConfigKeys (ConfUtils.java:logGet(46)) - raft.server.leaderelection.leader.step-down.wait-time = 10s (default)
2024-03-15 01:29:30,530 [s0-groupManagement] INFO  server.RaftServerConfigKeys (ConfUtils.java:logGet(46)) - raft.server.rpc.timeout.min = 150ms (default)
2024-03-15 01:29:30,530 [s1-groupManagement] INFO  server.RaftServerConfigKeys (ConfUtils.java:logGet(46)) - raft.server.leaderelection.member.majority-add = false (default)
2024-03-15 01:29:30,531 [s1-groupManagement] INFO  server.RaftServerConfigKeys (ConfUtils.java:logGet(46)) - raft.server.sleep.deviation.threshold = 300ms (default)
2024-03-15 01:29:30,530 [s2-groupManagement] INFO  server.RaftServerConfigKeys (ConfUtils.java:logGet(46)) - raft.server.leaderelection.member.majority-add = false (default)
2024-03-15 01:29:30,531 [s2-groupManagement] INFO  server.RaftServerConfigKeys (ConfUtils.java:logGet(46)) - raft.server.sleep.deviation.threshold = 300ms (default)
2024-03-15 01:29:30,531 [s0-groupManagement] INFO  server.RaftServerConfigKeys (ConfUtils.java:logGet(46)) - raft.server.rpc.timeout.max = 300ms (default)
2024-03-15 01:29:30,536 [s0-groupManagement] INFO  server.RaftServerConfigKeys (ConfUtils.java:logGet(46)) - raft.server.rpc.sleep.time = 25ms (default)
2024-03-15 01:29:30,536 [s0-groupManagement] INFO  server.RaftServerConfigKeys (ConfUtils.java:logGet(46)) - raft.server.rpc.slowness.timeout = 60s (default)
2024-03-15 01:29:30,536 [s0-groupManagement] INFO  server.RaftServerConfigKeys (ConfUtils.java:logGet(46)) - raft.server.leaderelection.leader.step-down.wait-time = 10s (default)
2024-03-15 01:29:30,536 [s0-groupManagement] INFO  server.RaftServerConfigKeys (ConfUtils.java:logGet(46)) - raft.server.leaderelection.member.majority-add = false (default)
2024-03-15 01:29:30,536 [s0-groupManagement] INFO  server.RaftServerConfigKeys (ConfUtils.java:logGet(46)) - raft.server.sleep.deviation.threshold = 300ms (default)
2024-03-15 01:29:30,541 [s0-groupManagement] INFO  server.RaftServer$Division (ServerState.java:<init>(113)) - s0@group-14C72BA94BD1: ConfigurationManager, init=conf: {index: -1, cur=peers:[s0|localhost:15000, s1|localhost:15004, s2|localhost:15008]|listeners:[], old=null}, confs=<EMPTY_MAP>
2024-03-15 01:29:30,542 [s1-groupManagement] INFO  server.RaftServer$Division (ServerState.java:<init>(113)) - s1@group-14C72BA94BD1: ConfigurationManager, init=conf: {index: -1, cur=peers:[s0|localhost:15000, s1|localhost:15004, s2|localhost:15008]|listeners:[], old=null}, confs=<EMPTY_MAP>
2024-03-15 01:29:30,541 [s2-groupManagement] INFO  server.RaftServer$Division (ServerState.java:<init>(113)) - s2@group-14C72BA94BD1: ConfigurationManager, init=conf: {index: -1, cur=peers:[s0|localhost:15000, s1|localhost:15004, s2|localhost:15008]|listeners:[], old=null}, confs=<EMPTY_MAP>
2024-03-15 01:29:30,552 [s0-groupManagement] INFO  server.RaftServerConfigKeys (ConfUtils.java:logGet(46)) - raft.server.notification.no-leader.timeout = 60s (default)
2024-03-15 01:29:30,553 [s1-groupManagement] INFO  server.RaftServerConfigKeys (ConfUtils.java:logGet(46)) - raft.server.notification.no-leader.timeout = 60s (default)
2024-03-15 01:29:30,552 [s2-groupManagement] INFO  server.RaftServerConfigKeys (ConfUtils.java:logGet(46)) - raft.server.notification.no-leader.timeout = 60s (default)
2024-03-15 01:29:30,561 [s0-groupManagement] INFO  server.RaftServerConfigKeys (ConfUtils.java:logGet(46)) - raft.server.read.timeout = 10s (default)
2024-03-15 01:29:30,561 [s2-groupManagement] INFO  server.RaftServerConfigKeys (ConfUtils.java:logGet(46)) - raft.server.read.timeout = 10s (default)
2024-03-15 01:29:30,561 [s1-groupManagement] INFO  server.RaftServerConfigKeys (ConfUtils.java:logGet(46)) - raft.server.read.timeout = 10s (default)
2024-03-15 01:29:30,567 [s0-groupManagement] INFO  server.RaftServerConfigKeys (ConfUtils.java:logGet(46)) - raft.server.retrycache.expirytime = 60s (default)
2024-03-15 01:29:30,567 [s0-groupManagement] INFO  server.RaftServerConfigKeys (ConfUtils.java:logGet(46)) - raft.server.retrycache.statistics.expirytime = 100ms (default)
2024-03-15 01:29:30,568 [s2-groupManagement] INFO  server.RaftServerConfigKeys (ConfUtils.java:logGet(46)) - raft.server.retrycache.expirytime = 60s (default)
2024-03-15 01:29:30,568 [s2-groupManagement] INFO  server.RaftServerConfigKeys (ConfUtils.java:logGet(46)) - raft.server.retrycache.statistics.expirytime = 100ms (default)
2024-03-15 01:29:30,568 [s1-groupManagement] INFO  server.RaftServerConfigKeys (ConfUtils.java:logGet(46)) - raft.server.retrycache.expirytime = 60s (default)
2024-03-15 01:29:30,570 [s1-groupManagement] INFO  server.RaftServerConfigKeys (ConfUtils.java:logGet(46)) - raft.server.retrycache.statistics.expirytime = 100ms (default)
2024-03-15 01:29:30,574 [s0-groupManagement] INFO  server.RaftServerConfigKeys (ConfUtils.java:logGet(46)) - raft.server.read.option = DEFAULT (default)
2024-03-15 01:29:30,574 [s2-groupManagement] INFO  server.RaftServerConfigKeys (ConfUtils.java:logGet(46)) - raft.server.read.option = DEFAULT (default)
2024-03-15 01:29:30,574 [s1-groupManagement] INFO  server.RaftServerConfigKeys (ConfUtils.java:logGet(46)) - raft.server.read.option = DEFAULT (default)
2024-03-15 01:29:30,575 [s1-groupManagement] INFO  server.RaftServerConfigKeys (ConfUtils.java:logGet(46)) - raft.server.read.read-after-write-consistent.write-index-cache.expiry-time = 60s (default)
2024-03-15 01:29:30,575 [s0-groupManagement] INFO  server.RaftServerConfigKeys (ConfUtils.java:logGet(46)) - raft.server.read.read-after-write-consistent.write-index-cache.expiry-time = 60s (default)
2024-03-15 01:29:30,575 [s2-groupManagement] INFO  server.RaftServerConfigKeys (ConfUtils.java:logGet(46)) - raft.server.read.read-after-write-consistent.write-index-cache.expiry-time = 60s (default)
2024-03-15 01:29:30,630 [s1-groupManagement] INFO  server.RaftServerConfigKeys (ConfUtils.java:logGet(46)) - raft.server.rpc.request.timeout = 3000ms (default)
2024-03-15 01:29:30,635 [s2-groupManagement] INFO  server.RaftServerConfigKeys (ConfUtils.java:logGet(46)) - raft.server.rpc.request.timeout = 3000ms (default)
2024-03-15 01:29:30,636 [s2-groupManagement] INFO  server.RaftServerConfigKeys (ConfUtils.java:logGet(46)) - raft.server.log.appender.install.snapshot.enabled = true (default)
2024-03-15 01:29:30,636 [s2-groupManagement] INFO  server.RaftServerConfigKeys (ConfUtils.java:logGet(46)) - raft.server.threadpool.server.cached = true (default)
2024-03-15 01:29:30,636 [s2-groupManagement] INFO  server.RaftServerConfigKeys (ConfUtils.java:logGet(46)) - raft.server.threadpool.server.size = 0 (default)
2024-03-15 01:29:30,637 [s2-groupManagement] INFO  server.RaftServerConfigKeys (ConfUtils.java:logGet(46)) - raft.server.threadpool.client.cached = true (default)
2024-03-15 01:29:30,637 [s0-groupManagement] INFO  server.RaftServerConfigKeys (ConfUtils.java:logGet(46)) - raft.server.rpc.request.timeout = 3000ms (default)
2024-03-15 01:29:30,637 [s0-groupManagement] INFO  server.RaftServerConfigKeys (ConfUtils.java:logGet(46)) - raft.server.log.appender.install.snapshot.enabled = true (default)
2024-03-15 01:29:30,637 [s2-groupManagement] INFO  server.RaftServerConfigKeys (ConfUtils.java:logGet(46)) - raft.server.threadpool.client.size = 0 (default)
2024-03-15 01:29:30,637 [s0-groupManagement] INFO  server.RaftServerConfigKeys (ConfUtils.java:logGet(46)) - raft.server.threadpool.server.cached = true (default)
2024-03-15 01:29:30,637 [s0-groupManagement] INFO  server.RaftServerConfigKeys (ConfUtils.java:logGet(46)) - raft.server.threadpool.server.size = 0 (default)
2024-03-15 01:29:30,638 [s0-groupManagement] INFO  server.RaftServerConfigKeys (ConfUtils.java:logGet(46)) - raft.server.threadpool.client.cached = true (default)
2024-03-15 01:29:30,638 [s1-groupManagement] INFO  server.RaftServerConfigKeys (ConfUtils.java:logGet(46)) - raft.server.log.appender.install.snapshot.enabled = true (default)
2024-03-15 01:29:30,638 [s0-groupManagement] INFO  server.RaftServerConfigKeys (ConfUtils.java:logGet(46)) - raft.server.threadpool.client.size = 0 (default)
2024-03-15 01:29:30,638 [s1-groupManagement] INFO  server.RaftServerConfigKeys (ConfUtils.java:logGet(46)) - raft.server.threadpool.server.cached = true (default)
2024-03-15 01:29:30,639 [s1-groupManagement] INFO  server.RaftServerConfigKeys (ConfUtils.java:logGet(46)) - raft.server.threadpool.server.size = 0 (default)
2024-03-15 01:29:30,639 [s1-groupManagement] INFO  server.RaftServerConfigKeys (ConfUtils.java:logGet(46)) - raft.server.threadpool.client.cached = true (default)
2024-03-15 01:29:30,640 [s1-groupManagement] INFO  server.RaftServerConfigKeys (ConfUtils.java:logGet(46)) - raft.server.threadpool.client.size = 0 (default)
2024-03-15 01:29:30,640 [s0-impl-thread1] INFO  server.RaftServerConfigKeys (ConfUtils.java:logGet(46)) - raft.server.storage.free-space.min = 0MB (=0) (default)
2024-03-15 01:29:30,642 [s0-impl-thread1] INFO  server.RaftServerConfigKeys (ConfUtils.java:logGet(46)) - raft.server.log.corruption.policy = EXCEPTION (default)
2024-03-15 01:29:30,642 [s0-impl-thread1] INFO  server.RaftServerConfigKeys (ConfUtils.java:logGet(46)) - raft.server.storage.dir = [/home/runner/work/ratis/ratis/ratis-test/target/test/data/49331c75/MiniRaftClusterWithSimulatedRpc9ee00441/s0] (custom)
2024-03-15 01:29:30,648 [s0-impl-thread1] INFO  storage.RaftStorageDirectory (RaftStorageDirectoryImpl.java:analyzeStorage(138)) - The storage directory /home/runner/work/ratis/ratis/ratis-test/target/test/data/49331c75/MiniRaftClusterWithSimulatedRpc9ee00441/s0/efaf090c-6e2c-4943-ab90-14c72ba94bd1 does not exist. Creating ...
2024-03-15 01:29:30,650 [s0-impl-thread1] TRACE util.FileUtils (LogUtils.java:runAndLog(49)) - Successfully ran Files.createDirectories /home/runner/work/ratis/ratis/ratis-test/target/test/data/49331c75/MiniRaftClusterWithSimulatedRpc9ee00441/s0/efaf090c-6e2c-4943-ab90-14c72ba94bd1
2024-03-15 01:29:30,652 [s0-impl-thread1] INFO  storage.RaftStorageDirectory (RaftStorageDirectoryImpl.java:tryLock(228)) - Lock on /home/runner/work/ratis/ratis/ratis-test/target/test/data/49331c75/MiniRaftClusterWithSimulatedRpc9ee00441/s0/efaf090c-6e2c-4943-ab90-14c72ba94bd1/in_use.lock acquired by nodename 7324@fv-az1379-707
2024-03-15 01:29:30,653 [s0-impl-thread1] TRACE util.FileUtils (LogUtils.java:runAndLog(49)) - Successfully ran Files.createDirectories /home/runner/work/ratis/ratis/ratis-test/target/test/data/49331c75/MiniRaftClusterWithSimulatedRpc9ee00441/s0/efaf090c-6e2c-4943-ab90-14c72ba94bd1/current
2024-03-15 01:29:30,653 [s0-impl-thread1] TRACE util.FileUtils (LogUtils.java:runAndLog(49)) - Successfully ran Files.createDirectories /home/runner/work/ratis/ratis/ratis-test/target/test/data/49331c75/MiniRaftClusterWithSimulatedRpc9ee00441/s0/efaf090c-6e2c-4943-ab90-14c72ba94bd1/sm
2024-03-15 01:29:30,680 [s0-impl-thread1] TRACE util.FileUtils (LogUtils.java:supplyAndLog(69)) - Successfully supplied FileChannel.open /home/runner/work/ratis/ratis/ratis-test/target/test/data/49331c75/MiniRaftClusterWithSimulatedRpc9ee00441/s0/efaf090c-6e2c-4943-ab90-14c72ba94bd1/current/raft-meta.tmp with options [CREATE, WRITE]: sun.nio.ch.FileChannelImpl@3e4da19f
2024-03-15 01:29:30,687 [s0-impl-thread1] TRACE util.FileUtils (LogUtils.java:runAndLog(49)) - Successfully ran Atomic Files.move /home/runner/work/ratis/ratis/ratis-test/target/test/data/49331c75/MiniRaftClusterWithSimulatedRpc9ee00441/s0/efaf090c-6e2c-4943-ab90-14c72ba94bd1/current/raft-meta.tmp to /home/runner/work/ratis/ratis/ratis-test/target/test/data/49331c75/MiniRaftClusterWithSimulatedRpc9ee00441/s0/efaf090c-6e2c-4943-ab90-14c72ba94bd1/current/raft-meta with options [REPLACE_EXISTING]
2024-03-15 01:29:30,687 [s0-impl-thread1] INFO  storage.RaftStorage (RaftStorageImpl.java:format(99)) - Storage directory /home/runner/work/ratis/ratis/ratis-test/target/test/data/49331c75/MiniRaftClusterWithSimulatedRpc9ee00441/s0/efaf090c-6e2c-4943-ab90-14c72ba94bd1 has been successfully formatted.
2024-03-15 01:29:30,689 [s0-impl-thread1] TRACE util.FileUtils (LogUtils.java:supplyAndLog(61)) - Failed to Files.newInputStream /home/runner/work/ratis/ratis/ratis-test/target/test/data/49331c75/MiniRaftClusterWithSimulatedRpc9ee00441/s0/efaf090c-6e2c-4943-ab90-14c72ba94bd1/current/raft-meta.conf with options []
java.nio.file.NoSuchFileException: /home/runner/work/ratis/ratis/ratis-test/target/test/data/49331c75/MiniRaftClusterWithSimulatedRpc9ee00441/s0/efaf090c-6e2c-4943-ab90-14c72ba94bd1/current/raft-meta.conf
	at sun.nio.fs.UnixException.translateToIOException(UnixException.java:86)
	at sun.nio.fs.UnixException.rethrowAsIOException(UnixException.java:102)
	at sun.nio.fs.UnixException.rethrowAsIOException(UnixException.java:107)
	at sun.nio.fs.UnixFileSystemProvider.newByteChannel(UnixFileSystemProvider.java:214)
	at java.nio.file.Files.newByteChannel(Files.java:361)
	at java.nio.file.Files.newByteChannel(Files.java:407)
	at java.nio.file.spi.FileSystemProvider.newInputStream(FileSystemProvider.java:384)
	at java.nio.file.Files.newInputStream(Files.java:152)
	at org.apache.ratis.util.FileUtils.lambda$newInputStream$2(FileUtils.java:73)
	at org.apache.ratis.util.LogUtils.supplyAndLog(LogUtils.java:58)
	at org.apache.ratis.util.FileUtils.newInputStream(FileUtils.java:72)
	at org.apache.ratis.util.FileUtils.newInputStream(FileUtils.java:68)
	at org.apache.ratis.server.storage.RaftStorageImpl.readRaftConfiguration(RaftStorageImpl.java:156)
	at org.apache.ratis.server.impl.ServerState.initialize(ServerState.java:141)
	at org.apache.ratis.server.impl.RaftServerImpl.start(RaftServerImpl.java:385)
	at org.apache.ratis.util.ConcurrentUtils.accept(ConcurrentUtils.java:203)
	at org.apache.ratis.util.ConcurrentUtils.lambda$null$4(ConcurrentUtils.java:182)
	at java.util.concurrent.ThreadPoolExecutor.runWorker(ThreadPoolExecutor.java:1149)
	at java.util.concurrent.ThreadPoolExecutor$Worker.run(ThreadPoolExecutor.java:624)
	at java.lang.Thread.run(Thread.java:750)
2024-03-15 01:29:30,695 [s0-impl-thread1] INFO  server.RaftServerConfigKeys (ConfUtils.java:logGet(46)) - raft.server.log.use.memory = false (default)
2024-03-15 01:29:30,710 [s0-impl-thread1] INFO  server.RaftServerConfigKeys (ConfUtils.java:logGet(46)) - raft.server.log.purge.gap = 1024 (default)
2024-03-15 01:29:30,710 [s0-impl-thread1] INFO  server.RaftServerConfigKeys (ConfUtils.java:logGet(46)) - raft.server.log.appender.buffer.byte-limit = 4MB (=4194304) (default)
2024-03-15 01:29:30,713 [s0-impl-thread1] INFO  server.RaftServerConfigKeys (ConfUtils.java:logGet(46)) - raft.server.log.statemachine.data.read.timeout = 1000ms (default)
2024-03-15 01:29:30,713 [s0-impl-thread1] INFO  server.RaftServerConfigKeys (ConfUtils.java:logGet(46)) - raft.server.log.purge.preservation.log.num = 0 (default)
2024-03-15 01:29:30,719 [s0-impl-thread1] INFO  server.RaftServerConfigKeys (ConfUtils.java:logGet(46)) - raft.server.log.segment.size.max = 32MB (=33554432) (default)
2024-03-15 01:29:30,729 [s0-impl-thread1] INFO  server.RaftServerConfigKeys (ConfUtils.java:logGet(46)) - raft.server.log.segment.cache.num.max = 6 (default)
2024-03-15 01:29:30,730 [s0-impl-thread1] INFO  server.RaftServerConfigKeys (ConfUtils.java:logGet(46)) - raft.server.log.segment.cache.size.max = 200MB (=209715200) (default)
2024-03-15 01:29:30,730 [s0-impl-thread1] INFO  server.RaftServerConfigKeys (ConfUtils.java:logGet(46)) - raft.server.log.appender.buffer.byte-limit = 4MB (=4194304) (default)
2024-03-15 01:29:30,732 [s0-impl-thread1] INFO  util.AwaitToRun (AwaitToRun.java:start(81)) - Thread[s0@group-14C72BA94BD1-cacheEviction-AwaitToRun,5,main] started
2024-03-15 01:29:30,775 [s0-impl-thread1] INFO  segmented.SegmentedRaftLogWorker (SegmentedRaftLogWorker.java:<init>(182)) - new s0@group-14C72BA94BD1-SegmentedRaftLogWorker for RaftStorageImpl:Storage Directory /home/runner/work/ratis/ratis/ratis-test/target/test/data/49331c75/MiniRaftClusterWithSimulatedRpc9ee00441/s0/efaf090c-6e2c-4943-ab90-14c72ba94bd1
2024-03-15 01:29:30,776 [s0-impl-thread1] INFO  server.RaftServerConfigKeys (ConfUtils.java:logGet(46)) - raft.server.log.queue.byte-limit = 64MB (=67108864) (default)
2024-03-15 01:29:30,777 [s0-impl-thread1] INFO  server.RaftServerConfigKeys (ConfUtils.java:logGet(46)) - raft.server.log.queue.element-limit = 4096 (default)
2024-03-15 01:29:30,784 [s0-impl-thread1] INFO  server.RaftServerConfigKeys (ConfUtils.java:logGet(46)) - raft.server.log.segment.size.max = 32MB (=33554432) (default)
2024-03-15 01:29:30,784 [s0-impl-thread1] INFO  server.RaftServerConfigKeys (ConfUtils.java:logGet(46)) - raft.server.log.preallocated.size = 4MB (=4194304) (default)
2024-03-15 01:29:30,785 [s0-impl-thread1] INFO  server.RaftServerConfigKeys (ConfUtils.java:logGet(46)) - raft.server.log.force.sync.num = 128 (default)
2024-03-15 01:29:30,786 [s0-impl-thread1] INFO  server.RaftServerConfigKeys (ConfUtils.java:logGet(46)) - raft.server.log.statemachine.data.sync = true (default)
2024-03-15 01:29:30,786 [s0-impl-thread1] INFO  server.RaftServerConfigKeys (ConfUtils.java:logGet(46)) - raft.server.log.statemachine.data.sync.timeout = 10s (default)
2024-03-15 01:29:30,787 [s0-impl-thread1] INFO  server.RaftServerConfigKeys (ConfUtils.java:logGet(46)) - raft.server.log.statemachine.data.sync.timeout.retry = -1 (default)
2024-03-15 01:29:30,789 [s0-impl-thread1] INFO  server.RaftServerConfigKeys (ConfUtils.java:logGet(46)) - raft.server.log.write.buffer.size = 8MB (=8388608) (default)
2024-03-15 01:29:30,790 [s0-impl-thread1] INFO  server.RaftServerConfigKeys (ConfUtils.java:logGet(46)) - raft.server.log.appender.buffer.byte-limit = 4MB (=4194304) (default)
2024-03-15 01:29:30,791 [s0-impl-thread1] INFO  server.RaftServerConfigKeys (ConfUtils.java:logGet(46)) - raft.server.log.unsafe-flush.enabled = false (default)
2024-03-15 01:29:30,791 [s0-impl-thread1] INFO  server.RaftServerConfigKeys (ConfUtils.java:logGet(46)) - raft.server.log.async-flush.enabled = false (default)
2024-03-15 01:29:30,791 [s0-impl-thread1] INFO  server.RaftServerConfigKeys (ConfUtils.java:logGet(46)) - raft.server.log.statemachine.data.caching.enabled = false (default)
2024-03-15 01:29:30,801 [s0-impl-thread1] INFO  segmented.SegmentedRaftLogWorker (SegmentedRaftLogWorker.java:lambda$new$0(134)) - s0@group-14C72BA94BD1-SegmentedRaftLogWorker: flushIndex: setUnconditionally 0 -> -1
2024-03-15 01:29:30,801 [s0-impl-thread1] INFO  segmented.SegmentedRaftLogWorker (SegmentedRaftLogWorker.java:lambda$new$0(134)) - s0@group-14C72BA94BD1-SegmentedRaftLogWorker: safeCacheEvictIndex: setUnconditionally 0 -> -1
2024-03-15 01:29:30,803 [s0-impl-thread1] INFO  server.RaftServer$Division (RaftServerImpl.java:start(389)) - s0@group-14C72BA94BD1: start as a follower, conf=conf: {index: -1, cur=peers:[s0|localhost:15000, s1|localhost:15004, s2|localhost:15008]|listeners:[], old=null}
2024-03-15 01:29:30,803 [s0-impl-thread1] INFO  server.RaftServer$Division (RaftServerImpl.java:setRole(376)) - s0@group-14C72BA94BD1: changes role from      null to FOLLOWER at term 0 for startAsFollower
2024-03-15 01:29:30,805 [s0-impl-thread1] INFO  impl.RoleInfo (RoleInfo.java:updateAndGet(148)) - s0: start s0@group-14C72BA94BD1-FollowerState
2024-03-15 01:29:30,808 [s0@group-14C72BA94BD1-FollowerState] INFO  server.RaftServerConfigKeys (ConfUtils.java:logFallback(53)) - raft.server.rpc.first-election.timeout.min = 150ms (fallback to raft.server.rpc.timeout.min)
2024-03-15 01:29:30,809 [s0-impl-thread1] INFO  util.JmxRegister (JmxRegister.java:tryRegister(44)) - Successfully registered JMX Bean with object name Ratis:service=RaftServer,group=group-14C72BA94BD1,id=s0
2024-03-15 01:29:30,809 [s0-impl-thread1] INFO  util.JmxRegister (JmxRegister.java:register(58)) - register mxBean class org.apache.ratis.server.impl.RaftServerJmxAdapter as Ratis:service=RaftServer,group=group-14C72BA94BD1,id=s0
2024-03-15 01:29:30,812 [s0@group-14C72BA94BD1-FollowerState] INFO  server.RaftServerConfigKeys (ConfUtils.java:logFallback(53)) - raft.server.rpc.first-election.timeout.max = 300ms (fallback to raft.server.rpc.timeout.max)
2024-03-15 01:29:30,812 [s0-impl-thread1] INFO  server.RaftServerConfigKeys (ConfUtils.java:logGet(46)) - raft.server.snapshot.trigger-when-stop.enabled = true (default)
2024-03-15 01:29:30,812 [s0-impl-thread1] INFO  server.RaftServerConfigKeys (ConfUtils.java:logGet(46)) - raft.server.snapshot.auto.trigger.enabled = false (default)
2024-03-15 01:29:30,813 [s0-impl-thread1] INFO  server.RaftServerConfigKeys (ConfUtils.java:logGet(46)) - raft.server.snapshot.retention.file.num = -1 (default)
2024-03-15 01:29:30,813 [s0-impl-thread1] INFO  server.RaftServerConfigKeys (ConfUtils.java:logGet(46)) - raft.server.log.purge.upto.snapshot.index = false (default)
2024-03-15 01:29:30,820 [main] INFO  server.RaftServer (RaftServerProxy.java:startImpl(407)) - s0: start RPC server
2024-03-15 01:29:30,829 [s1-impl-thread1] INFO  server.RaftServerConfigKeys (ConfUtils.java:logGet(46)) - raft.server.storage.free-space.min = 0MB (=0) (default)
2024-03-15 01:29:30,829 [JvmPauseMonitor0] INFO  util.JvmPauseMonitor (JvmPauseMonitor.java:run(146)) - JvmPauseMonitor-s0: Started
2024-03-15 01:29:30,829 [s1-impl-thread1] INFO  server.RaftServerConfigKeys (ConfUtils.java:logGet(46)) - raft.server.log.corruption.policy = EXCEPTION (default)
2024-03-15 01:29:30,830 [s1-impl-thread1] INFO  server.RaftServerConfigKeys (ConfUtils.java:logGet(46)) - raft.server.storage.dir = [/home/runner/work/ratis/ratis/ratis-test/target/test/data/49331c75/MiniRaftClusterWithSimulatedRpc9ee00441/s1] (custom)
2024-03-15 01:29:30,830 [s1-impl-thread1] INFO  storage.RaftStorageDirectory (RaftStorageDirectoryImpl.java:analyzeStorage(138)) - The storage directory /home/runner/work/ratis/ratis/ratis-test/target/test/data/49331c75/MiniRaftClusterWithSimulatedRpc9ee00441/s1/efaf090c-6e2c-4943-ab90-14c72ba94bd1 does not exist. Creating ...
2024-03-15 01:29:30,831 [s1-impl-thread1] TRACE util.FileUtils (LogUtils.java:runAndLog(49)) - Successfully ran Files.createDirectories /home/runner/work/ratis/ratis/ratis-test/target/test/data/49331c75/MiniRaftClusterWithSimulatedRpc9ee00441/s1/efaf090c-6e2c-4943-ab90-14c72ba94bd1
2024-03-15 01:29:30,833 [s1-impl-thread1] INFO  storage.RaftStorageDirectory (RaftStorageDirectoryImpl.java:tryLock(228)) - Lock on /home/runner/work/ratis/ratis/ratis-test/target/test/data/49331c75/MiniRaftClusterWithSimulatedRpc9ee00441/s1/efaf090c-6e2c-4943-ab90-14c72ba94bd1/in_use.lock acquired by nodename 7324@fv-az1379-707
2024-03-15 01:29:30,833 [s1-impl-thread1] TRACE util.FileUtils (LogUtils.java:runAndLog(49)) - Successfully ran Files.createDirectories /home/runner/work/ratis/ratis/ratis-test/target/test/data/49331c75/MiniRaftClusterWithSimulatedRpc9ee00441/s1/efaf090c-6e2c-4943-ab90-14c72ba94bd1/current
2024-03-15 01:29:30,834 [s1-impl-thread1] TRACE util.FileUtils (LogUtils.java:runAndLog(49)) - Successfully ran Files.createDirectories /home/runner/work/ratis/ratis/ratis-test/target/test/data/49331c75/MiniRaftClusterWithSimulatedRpc9ee00441/s1/efaf090c-6e2c-4943-ab90-14c72ba94bd1/sm
2024-03-15 01:29:30,834 [s1-impl-thread1] TRACE util.FileUtils (LogUtils.java:supplyAndLog(69)) - Successfully supplied FileChannel.open /home/runner/work/ratis/ratis/ratis-test/target/test/data/49331c75/MiniRaftClusterWithSimulatedRpc9ee00441/s1/efaf090c-6e2c-4943-ab90-14c72ba94bd1/current/raft-meta.tmp with options [CREATE, WRITE]: sun.nio.ch.FileChannelImpl@a08cc7a
2024-03-15 01:29:30,835 [s1-impl-thread1] TRACE util.FileUtils (LogUtils.java:runAndLog(49)) - Successfully ran Atomic Files.move /home/runner/work/ratis/ratis/ratis-test/target/test/data/49331c75/MiniRaftClusterWithSimulatedRpc9ee00441/s1/efaf090c-6e2c-4943-ab90-14c72ba94bd1/current/raft-meta.tmp to /home/runner/work/ratis/ratis/ratis-test/target/test/data/49331c75/MiniRaftClusterWithSimulatedRpc9ee00441/s1/efaf090c-6e2c-4943-ab90-14c72ba94bd1/current/raft-meta with options [REPLACE_EXISTING]
2024-03-15 01:29:30,835 [s1-impl-thread1] INFO  storage.RaftStorage (RaftStorageImpl.java:format(99)) - Storage directory /home/runner/work/ratis/ratis/ratis-test/target/test/data/49331c75/MiniRaftClusterWithSimulatedRpc9ee00441/s1/efaf090c-6e2c-4943-ab90-14c72ba94bd1 has been successfully formatted.
2024-03-15 01:29:30,836 [s1-impl-thread1] TRACE util.FileUtils (LogUtils.java:supplyAndLog(61)) - Failed to Files.newInputStream /home/runner/work/ratis/ratis/ratis-test/target/test/data/49331c75/MiniRaftClusterWithSimulatedRpc9ee00441/s1/efaf090c-6e2c-4943-ab90-14c72ba94bd1/current/raft-meta.conf with options []
java.nio.file.NoSuchFileException: /home/runner/work/ratis/ratis/ratis-test/target/test/data/49331c75/MiniRaftClusterWithSimulatedRpc9ee00441/s1/efaf090c-6e2c-4943-ab90-14c72ba94bd1/current/raft-meta.conf
	at sun.nio.fs.UnixException.translateToIOException(UnixException.java:86)
	at sun.nio.fs.UnixException.rethrowAsIOException(UnixException.java:102)
	at sun.nio.fs.UnixException.rethrowAsIOException(UnixException.java:107)
	at sun.nio.fs.UnixFileSystemProvider.newByteChannel(UnixFileSystemProvider.java:214)
	at java.nio.file.Files.newByteChannel(Files.java:361)
	at java.nio.file.Files.newByteChannel(Files.java:407)
	at java.nio.file.spi.FileSystemProvider.newInputStream(FileSystemProvider.java:384)
	at java.nio.file.Files.newInputStream(Files.java:152)
	at org.apache.ratis.util.FileUtils.lambda$newInputStream$2(FileUtils.java:73)
	at org.apache.ratis.util.LogUtils.supplyAndLog(LogUtils.java:58)
	at org.apache.ratis.util.FileUtils.newInputStream(FileUtils.java:72)
	at org.apache.ratis.util.FileUtils.newInputStream(FileUtils.java:68)
	at org.apache.ratis.server.storage.RaftStorageImpl.readRaftConfiguration(RaftStorageImpl.java:156)
	at org.apache.ratis.server.impl.ServerState.initialize(ServerState.java:141)
	at org.apache.ratis.server.impl.RaftServerImpl.start(RaftServerImpl.java:385)
	at org.apache.ratis.util.ConcurrentUtils.accept(ConcurrentUtils.java:203)
	at org.apache.ratis.util.ConcurrentUtils.lambda$null$4(ConcurrentUtils.java:182)
	at java.util.concurrent.ThreadPoolExecutor.runWorker(ThreadPoolExecutor.java:1149)
	at java.util.concurrent.ThreadPoolExecutor$Worker.run(ThreadPoolExecutor.java:624)
	at java.lang.Thread.run(Thread.java:750)
2024-03-15 01:29:30,836 [s1-impl-thread1] INFO  server.RaftServerConfigKeys (ConfUtils.java:logGet(46)) - raft.server.log.use.memory = false (default)
2024-03-15 01:29:30,836 [s1-impl-thread1] INFO  server.RaftServerConfigKeys (ConfUtils.java:logGet(46)) - raft.server.log.purge.gap = 1024 (default)
2024-03-15 01:29:30,836 [s1-impl-thread1] INFO  server.RaftServerConfigKeys (ConfUtils.java:logGet(46)) - raft.server.log.appender.buffer.byte-limit = 4MB (=4194304) (default)
2024-03-15 01:29:30,837 [s1-impl-thread1] INFO  server.RaftServerConfigKeys (ConfUtils.java:logGet(46)) - raft.server.log.statemachine.data.read.timeout = 1000ms (default)
2024-03-15 01:29:30,837 [s1-impl-thread1] INFO  server.RaftServerConfigKeys (ConfUtils.java:logGet(46)) - raft.server.log.purge.preservation.log.num = 0 (default)
2024-03-15 01:29:30,839 [s1-impl-thread1] INFO  server.RaftServerConfigKeys (ConfUtils.java:logGet(46)) - raft.server.log.segment.size.max = 32MB (=33554432) (default)
2024-03-15 01:29:30,839 [s1-impl-thread1] INFO  server.RaftServerConfigKeys (ConfUtils.java:logGet(46)) - raft.server.log.segment.cache.num.max = 6 (default)
2024-03-15 01:29:30,839 [s1-impl-thread1] INFO  server.RaftServerConfigKeys (ConfUtils.java:logGet(46)) - raft.server.log.segment.cache.size.max = 200MB (=209715200) (default)
2024-03-15 01:29:30,840 [s1-impl-thread1] INFO  server.RaftServerConfigKeys (ConfUtils.java:logGet(46)) - raft.server.log.appender.buffer.byte-limit = 4MB (=4194304) (default)
2024-03-15 01:29:30,840 [s1-impl-thread1] INFO  util.AwaitToRun (AwaitToRun.java:start(81)) - Thread[s1@group-14C72BA94BD1-cacheEviction-AwaitToRun,5,main] started
2024-03-15 01:29:30,840 [s1-impl-thread1] INFO  segmented.SegmentedRaftLogWorker (SegmentedRaftLogWorker.java:<init>(182)) - new s1@group-14C72BA94BD1-SegmentedRaftLogWorker for RaftStorageImpl:Storage Directory /home/runner/work/ratis/ratis/ratis-test/target/test/data/49331c75/MiniRaftClusterWithSimulatedRpc9ee00441/s1/efaf090c-6e2c-4943-ab90-14c72ba94bd1
2024-03-15 01:29:30,840 [s1-impl-thread1] INFO  server.RaftServerConfigKeys (ConfUtils.java:logGet(46)) - raft.server.log.queue.byte-limit = 64MB (=67108864) (default)
2024-03-15 01:29:30,840 [s1-impl-thread1] INFO  server.RaftServerConfigKeys (ConfUtils.java:logGet(46)) - raft.server.log.queue.element-limit = 4096 (default)
2024-03-15 01:29:30,840 [s1-impl-thread1] INFO  server.RaftServerConfigKeys (ConfUtils.java:logGet(46)) - raft.server.log.segment.size.max = 32MB (=33554432) (default)
2024-03-15 01:29:30,841 [s1-impl-thread1] INFO  server.RaftServerConfigKeys (ConfUtils.java:logGet(46)) - raft.server.log.preallocated.size = 4MB (=4194304) (default)
2024-03-15 01:29:30,841 [s1-impl-thread1] INFO  server.RaftServerConfigKeys (ConfUtils.java:logGet(46)) - raft.server.log.force.sync.num = 128 (default)
2024-03-15 01:29:30,841 [s1-impl-thread1] INFO  server.RaftServerConfigKeys (ConfUtils.java:logGet(46)) - raft.server.log.statemachine.data.sync = true (default)
2024-03-15 01:29:30,841 [s1-impl-thread1] INFO  server.RaftServerConfigKeys (ConfUtils.java:logGet(46)) - raft.server.log.statemachine.data.sync.timeout = 10s (default)
2024-03-15 01:29:30,841 [s1-impl-thread1] INFO  server.RaftServerConfigKeys (ConfUtils.java:logGet(46)) - raft.server.log.statemachine.data.sync.timeout.retry = -1 (default)
2024-03-15 01:29:30,841 [s1-impl-thread1] INFO  server.RaftServerConfigKeys (ConfUtils.java:logGet(46)) - raft.server.log.write.buffer.size = 8MB (=8388608) (default)
2024-03-15 01:29:30,843 [s1-impl-thread1] INFO  server.RaftServerConfigKeys (ConfUtils.java:logGet(46)) - raft.server.log.appender.buffer.byte-limit = 4MB (=4194304) (default)
2024-03-15 01:29:30,844 [s1-impl-thread1] INFO  server.RaftServerConfigKeys (ConfUtils.java:logGet(46)) - raft.server.log.unsafe-flush.enabled = false (default)
2024-03-15 01:29:30,844 [s1-impl-thread1] INFO  server.RaftServerConfigKeys (ConfUtils.java:logGet(46)) - raft.server.log.async-flush.enabled = false (default)
2024-03-15 01:29:30,844 [s1-impl-thread1] INFO  server.RaftServerConfigKeys (ConfUtils.java:logGet(46)) - raft.server.log.statemachine.data.caching.enabled = false (default)
2024-03-15 01:29:30,844 [s1-impl-thread1] INFO  segmented.SegmentedRaftLogWorker (SegmentedRaftLogWorker.java:lambda$new$0(134)) - s1@group-14C72BA94BD1-SegmentedRaftLogWorker: flushIndex: setUnconditionally 0 -> -1
2024-03-15 01:29:30,844 [s1-impl-thread1] INFO  segmented.SegmentedRaftLogWorker (SegmentedRaftLogWorker.java:lambda$new$0(134)) - s1@group-14C72BA94BD1-SegmentedRaftLogWorker: safeCacheEvictIndex: setUnconditionally 0 -> -1
2024-03-15 01:29:30,845 [s1-impl-thread1] INFO  server.RaftServer$Division (RaftServerImpl.java:start(389)) - s1@group-14C72BA94BD1: start as a follower, conf=conf: {index: -1, cur=peers:[s0|localhost:15000, s1|localhost:15004, s2|localhost:15008]|listeners:[], old=null}
2024-03-15 01:29:30,845 [s1-impl-thread1] INFO  server.RaftServer$Division (RaftServerImpl.java:setRole(376)) - s1@group-14C72BA94BD1: changes role from      null to FOLLOWER at term 0 for startAsFollower
2024-03-15 01:29:30,845 [s1-impl-thread1] INFO  impl.RoleInfo (RoleInfo.java:updateAndGet(148)) - s1: start s1@group-14C72BA94BD1-FollowerState
2024-03-15 01:29:30,845 [s1-impl-thread1] INFO  util.JmxRegister (JmxRegister.java:tryRegister(44)) - Successfully registered JMX Bean with object name Ratis:service=RaftServer,group=group-14C72BA94BD1,id=s1
2024-03-15 01:29:30,845 [s1-impl-thread1] INFO  util.JmxRegister (JmxRegister.java:register(58)) - register mxBean class org.apache.ratis.server.impl.RaftServerJmxAdapter as Ratis:service=RaftServer,group=group-14C72BA94BD1,id=s1
2024-03-15 01:29:30,845 [s1-impl-thread1] INFO  server.RaftServerConfigKeys (ConfUtils.java:logGet(46)) - raft.server.snapshot.trigger-when-stop.enabled = true (default)
2024-03-15 01:29:30,846 [s1-impl-thread1] INFO  server.RaftServerConfigKeys (ConfUtils.java:logGet(46)) - raft.server.snapshot.auto.trigger.enabled = false (default)
2024-03-15 01:29:30,846 [s1-impl-thread1] INFO  server.RaftServerConfigKeys (ConfUtils.java:logGet(46)) - raft.server.snapshot.retention.file.num = -1 (default)
2024-03-15 01:29:30,846 [s1-impl-thread1] INFO  server.RaftServerConfigKeys (ConfUtils.java:logGet(46)) - raft.server.log.purge.upto.snapshot.index = false (default)
2024-03-15 01:29:30,846 [s1@group-14C72BA94BD1-FollowerState] INFO  server.RaftServerConfigKeys (ConfUtils.java:logFallback(53)) - raft.server.rpc.first-election.timeout.min = 150ms (fallback to raft.server.rpc.timeout.min)
2024-03-15 01:29:30,846 [s1@group-14C72BA94BD1-FollowerState] INFO  server.RaftServerConfigKeys (ConfUtils.java:logFallback(53)) - raft.server.rpc.first-election.timeout.max = 300ms (fallback to raft.server.rpc.timeout.max)
2024-03-15 01:29:30,847 [main] INFO  server.RaftServer (RaftServerProxy.java:startImpl(407)) - s1: start RPC server
2024-03-15 01:29:30,855 [JvmPauseMonitor1] INFO  util.JvmPauseMonitor (JvmPauseMonitor.java:run(146)) - JvmPauseMonitor-s1: Started
2024-03-15 01:29:30,855 [s2-impl-thread1] INFO  server.RaftServerConfigKeys (ConfUtils.java:logGet(46)) - raft.server.storage.free-space.min = 0MB (=0) (default)
2024-03-15 01:29:30,855 [s2-impl-thread1] INFO  server.RaftServerConfigKeys (ConfUtils.java:logGet(46)) - raft.server.log.corruption.policy = EXCEPTION (default)
2024-03-15 01:29:30,855 [s2-impl-thread1] INFO  server.RaftServerConfigKeys (ConfUtils.java:logGet(46)) - raft.server.storage.dir = [/home/runner/work/ratis/ratis/ratis-test/target/test/data/49331c75/MiniRaftClusterWithSimulatedRpc9ee00441/s2] (custom)
2024-03-15 01:29:30,856 [s2-impl-thread1] INFO  storage.RaftStorageDirectory (RaftStorageDirectoryImpl.java:analyzeStorage(138)) - The storage directory /home/runner/work/ratis/ratis/ratis-test/target/test/data/49331c75/MiniRaftClusterWithSimulatedRpc9ee00441/s2/efaf090c-6e2c-4943-ab90-14c72ba94bd1 does not exist. Creating ...
2024-03-15 01:29:30,856 [s2-impl-thread1] TRACE util.FileUtils (LogUtils.java:runAndLog(49)) - Successfully ran Files.createDirectories /home/runner/work/ratis/ratis/ratis-test/target/test/data/49331c75/MiniRaftClusterWithSimulatedRpc9ee00441/s2/efaf090c-6e2c-4943-ab90-14c72ba94bd1
2024-03-15 01:29:30,859 [s2-impl-thread1] INFO  storage.RaftStorageDirectory (RaftStorageDirectoryImpl.java:tryLock(228)) - Lock on /home/runner/work/ratis/ratis/ratis-test/target/test/data/49331c75/MiniRaftClusterWithSimulatedRpc9ee00441/s2/efaf090c-6e2c-4943-ab90-14c72ba94bd1/in_use.lock acquired by nodename 7324@fv-az1379-707
2024-03-15 01:29:30,860 [s2-impl-thread1] TRACE util.FileUtils (LogUtils.java:runAndLog(49)) - Successfully ran Files.createDirectories /home/runner/work/ratis/ratis/ratis-test/target/test/data/49331c75/MiniRaftClusterWithSimulatedRpc9ee00441/s2/efaf090c-6e2c-4943-ab90-14c72ba94bd1/current
2024-03-15 01:29:30,860 [s2-impl-thread1] TRACE util.FileUtils (LogUtils.java:runAndLog(49)) - Successfully ran Files.createDirectories /home/runner/work/ratis/ratis/ratis-test/target/test/data/49331c75/MiniRaftClusterWithSimulatedRpc9ee00441/s2/efaf090c-6e2c-4943-ab90-14c72ba94bd1/sm
2024-03-15 01:29:30,860 [s2-impl-thread1] TRACE util.FileUtils (LogUtils.java:supplyAndLog(69)) - Successfully supplied FileChannel.open /home/runner/work/ratis/ratis/ratis-test/target/test/data/49331c75/MiniRaftClusterWithSimulatedRpc9ee00441/s2/efaf090c-6e2c-4943-ab90-14c72ba94bd1/current/raft-meta.tmp with options [CREATE, WRITE]: sun.nio.ch.FileChannelImpl@7d35c973
2024-03-15 01:29:30,862 [s2-impl-thread1] TRACE util.FileUtils (LogUtils.java:runAndLog(49)) - Successfully ran Atomic Files.move /home/runner/work/ratis/ratis/ratis-test/target/test/data/49331c75/MiniRaftClusterWithSimulatedRpc9ee00441/s2/efaf090c-6e2c-4943-ab90-14c72ba94bd1/current/raft-meta.tmp to /home/runner/work/ratis/ratis/ratis-test/target/test/data/49331c75/MiniRaftClusterWithSimulatedRpc9ee00441/s2/efaf090c-6e2c-4943-ab90-14c72ba94bd1/current/raft-meta with options [REPLACE_EXISTING]
2024-03-15 01:29:30,862 [s2-impl-thread1] INFO  storage.RaftStorage (RaftStorageImpl.java:format(99)) - Storage directory /home/runner/work/ratis/ratis/ratis-test/target/test/data/49331c75/MiniRaftClusterWithSimulatedRpc9ee00441/s2/efaf090c-6e2c-4943-ab90-14c72ba94bd1 has been successfully formatted.
2024-03-15 01:29:30,862 [s2-impl-thread1] TRACE util.FileUtils (LogUtils.java:supplyAndLog(61)) - Failed to Files.newInputStream /home/runner/work/ratis/ratis/ratis-test/target/test/data/49331c75/MiniRaftClusterWithSimulatedRpc9ee00441/s2/efaf090c-6e2c-4943-ab90-14c72ba94bd1/current/raft-meta.conf with options []
java.nio.file.NoSuchFileException: /home/runner/work/ratis/ratis/ratis-test/target/test/data/49331c75/MiniRaftClusterWithSimulatedRpc9ee00441/s2/efaf090c-6e2c-4943-ab90-14c72ba94bd1/current/raft-meta.conf
	at sun.nio.fs.UnixException.translateToIOException(UnixException.java:86)
	at sun.nio.fs.UnixException.rethrowAsIOException(UnixException.java:102)
	at sun.nio.fs.UnixException.rethrowAsIOException(UnixException.java:107)
	at sun.nio.fs.UnixFileSystemProvider.newByteChannel(UnixFileSystemProvider.java:214)
	at java.nio.file.Files.newByteChannel(Files.java:361)
	at java.nio.file.Files.newByteChannel(Files.java:407)
	at java.nio.file.spi.FileSystemProvider.newInputStream(FileSystemProvider.java:384)
	at java.nio.file.Files.newInputStream(Files.java:152)
	at org.apache.ratis.util.FileUtils.lambda$newInputStream$2(FileUtils.java:73)
	at org.apache.ratis.util.LogUtils.supplyAndLog(LogUtils.java:58)
	at org.apache.ratis.util.FileUtils.newInputStream(FileUtils.java:72)
	at org.apache.ratis.util.FileUtils.newInputStream(FileUtils.java:68)
	at org.apache.ratis.server.storage.RaftStorageImpl.readRaftConfiguration(RaftStorageImpl.java:156)
	at org.apache.ratis.server.impl.ServerState.initialize(ServerState.java:141)
	at org.apache.ratis.server.impl.RaftServerImpl.start(RaftServerImpl.java:385)
	at org.apache.ratis.util.ConcurrentUtils.accept(ConcurrentUtils.java:203)
	at org.apache.ratis.util.ConcurrentUtils.lambda$null$4(ConcurrentUtils.java:182)
	at java.util.concurrent.ThreadPoolExecutor.runWorker(ThreadPoolExecutor.java:1149)
	at java.util.concurrent.ThreadPoolExecutor$Worker.run(ThreadPoolExecutor.java:624)
	at java.lang.Thread.run(Thread.java:750)
2024-03-15 01:29:30,862 [s2-impl-thread1] INFO  server.RaftServerConfigKeys (ConfUtils.java:logGet(46)) - raft.server.log.use.memory = false (default)
2024-03-15 01:29:30,862 [s2-impl-thread1] INFO  server.RaftServerConfigKeys (ConfUtils.java:logGet(46)) - raft.server.log.purge.gap = 1024 (default)
2024-03-15 01:29:30,863 [s2-impl-thread1] INFO  server.RaftServerConfigKeys (ConfUtils.java:logGet(46)) - raft.server.log.appender.buffer.byte-limit = 4MB (=4194304) (default)
2024-03-15 01:29:30,863 [s2-impl-thread1] INFO  server.RaftServerConfigKeys (ConfUtils.java:logGet(46)) - raft.server.log.statemachine.data.read.timeout = 1000ms (default)
2024-03-15 01:29:30,863 [s2-impl-thread1] INFO  server.RaftServerConfigKeys (ConfUtils.java:logGet(46)) - raft.server.log.purge.preservation.log.num = 0 (default)
2024-03-15 01:29:30,865 [s2-impl-thread1] INFO  server.RaftServerConfigKeys (ConfUtils.java:logGet(46)) - raft.server.log.segment.size.max = 32MB (=33554432) (default)
2024-03-15 01:29:30,866 [s2-impl-thread1] INFO  server.RaftServerConfigKeys (ConfUtils.java:logGet(46)) - raft.server.log.segment.cache.num.max = 6 (default)
2024-03-15 01:29:30,866 [s2-impl-thread1] INFO  server.RaftServerConfigKeys (ConfUtils.java:logGet(46)) - raft.server.log.segment.cache.size.max = 200MB (=209715200) (default)
2024-03-15 01:29:30,866 [s2-impl-thread1] INFO  server.RaftServerConfigKeys (ConfUtils.java:logGet(46)) - raft.server.log.appender.buffer.byte-limit = 4MB (=4194304) (default)
2024-03-15 01:29:30,866 [s2-impl-thread1] INFO  util.AwaitToRun (AwaitToRun.java:start(81)) - Thread[s2@group-14C72BA94BD1-cacheEviction-AwaitToRun,5,main] started
2024-03-15 01:29:30,866 [s2-impl-thread1] INFO  segmented.SegmentedRaftLogWorker (SegmentedRaftLogWorker.java:<init>(182)) - new s2@group-14C72BA94BD1-SegmentedRaftLogWorker for RaftStorageImpl:Storage Directory /home/runner/work/ratis/ratis/ratis-test/target/test/data/49331c75/MiniRaftClusterWithSimulatedRpc9ee00441/s2/efaf090c-6e2c-4943-ab90-14c72ba94bd1
2024-03-15 01:29:30,866 [s2-impl-thread1] INFO  server.RaftServerConfigKeys (ConfUtils.java:logGet(46)) - raft.server.log.queue.byte-limit = 64MB (=67108864) (default)
2024-03-15 01:29:30,867 [s2-impl-thread1] INFO  server.RaftServerConfigKeys (ConfUtils.java:logGet(46)) - raft.server.log.queue.element-limit = 4096 (default)
2024-03-15 01:29:30,867 [s2-impl-thread1] INFO  server.RaftServerConfigKeys (ConfUtils.java:logGet(46)) - raft.server.log.segment.size.max = 32MB (=33554432) (default)
2024-03-15 01:29:30,867 [s2-impl-thread1] INFO  server.RaftServerConfigKeys (ConfUtils.java:logGet(46)) - raft.server.log.preallocated.size = 4MB (=4194304) (default)
2024-03-15 01:29:30,867 [s2-impl-thread1] INFO  server.RaftServerConfigKeys (ConfUtils.java:logGet(46)) - raft.server.log.force.sync.num = 128 (default)
2024-03-15 01:29:30,867 [s2-impl-thread1] INFO  server.RaftServerConfigKeys (ConfUtils.java:logGet(46)) - raft.server.log.statemachine.data.sync = true (default)
2024-03-15 01:29:30,867 [s2-impl-thread1] INFO  server.RaftServerConfigKeys (ConfUtils.java:logGet(46)) - raft.server.log.statemachine.data.sync.timeout = 10s (default)
2024-03-15 01:29:30,867 [s2-impl-thread1] INFO  server.RaftServerConfigKeys (ConfUtils.java:logGet(46)) - raft.server.log.statemachine.data.sync.timeout.retry = -1 (default)
2024-03-15 01:29:30,868 [s2-impl-thread1] INFO  server.RaftServerConfigKeys (ConfUtils.java:logGet(46)) - raft.server.log.write.buffer.size = 8MB (=8388608) (default)
2024-03-15 01:29:30,869 [s2-impl-thread1] INFO  server.RaftServerConfigKeys (ConfUtils.java:logGet(46)) - raft.server.log.appender.buffer.byte-limit = 4MB (=4194304) (default)
2024-03-15 01:29:30,869 [s2-impl-thread1] INFO  server.RaftServerConfigKeys (ConfUtils.java:logGet(46)) - raft.server.log.unsafe-flush.enabled = false (default)
2024-03-15 01:29:30,870 [s2-impl-thread1] INFO  server.RaftServerConfigKeys (ConfUtils.java:logGet(46)) - raft.server.log.async-flush.enabled = false (default)
2024-03-15 01:29:30,870 [s2-impl-thread1] INFO  server.RaftServerConfigKeys (ConfUtils.java:logGet(46)) - raft.server.log.statemachine.data.caching.enabled = false (default)
2024-03-15 01:29:30,870 [s2-impl-thread1] INFO  segmented.SegmentedRaftLogWorker (SegmentedRaftLogWorker.java:lambda$new$0(134)) - s2@group-14C72BA94BD1-SegmentedRaftLogWorker: flushIndex: setUnconditionally 0 -> -1
2024-03-15 01:29:30,870 [s2-impl-thread1] INFO  segmented.SegmentedRaftLogWorker (SegmentedRaftLogWorker.java:lambda$new$0(134)) - s2@group-14C72BA94BD1-SegmentedRaftLogWorker: safeCacheEvictIndex: setUnconditionally 0 -> -1
2024-03-15 01:29:30,871 [s2-impl-thread1] INFO  server.RaftServer$Division (RaftServerImpl.java:start(389)) - s2@group-14C72BA94BD1: start as a follower, conf=conf: {index: -1, cur=peers:[s0|localhost:15000, s1|localhost:15004, s2|localhost:15008]|listeners:[], old=null}
2024-03-15 01:29:30,871 [s2-impl-thread1] INFO  server.RaftServer$Division (RaftServerImpl.java:setRole(376)) - s2@group-14C72BA94BD1: changes role from      null to FOLLOWER at term 0 for startAsFollower
2024-03-15 01:29:30,872 [s2-impl-thread1] INFO  impl.RoleInfo (RoleInfo.java:updateAndGet(148)) - s2: start s2@group-14C72BA94BD1-FollowerState
2024-03-15 01:29:30,875 [s2-impl-thread1] INFO  util.JmxRegister (JmxRegister.java:tryRegister(44)) - Successfully registered JMX Bean with object name Ratis:service=RaftServer,group=group-14C72BA94BD1,id=s2
2024-03-15 01:29:30,875 [s2@group-14C72BA94BD1-FollowerState] INFO  server.RaftServerConfigKeys (ConfUtils.java:logFallback(53)) - raft.server.rpc.first-election.timeout.min = 150ms (fallback to raft.server.rpc.timeout.min)
2024-03-15 01:29:30,876 [s2-impl-thread1] INFO  util.JmxRegister (JmxRegister.java:register(58)) - register mxBean class org.apache.ratis.server.impl.RaftServerJmxAdapter as Ratis:service=RaftServer,group=group-14C72BA94BD1,id=s2
2024-03-15 01:29:30,876 [s2@group-14C72BA94BD1-FollowerState] INFO  server.RaftServerConfigKeys (ConfUtils.java:logFallback(53)) - raft.server.rpc.first-election.timeout.max = 300ms (fallback to raft.server.rpc.timeout.max)
2024-03-15 01:29:30,876 [s2-impl-thread1] INFO  server.RaftServerConfigKeys (ConfUtils.java:logGet(46)) - raft.server.snapshot.trigger-when-stop.enabled = true (default)
2024-03-15 01:29:30,876 [s2-impl-thread1] INFO  server.RaftServerConfigKeys (ConfUtils.java:logGet(46)) - raft.server.snapshot.auto.trigger.enabled = false (default)
2024-03-15 01:29:30,876 [s2-impl-thread1] INFO  server.RaftServerConfigKeys (ConfUtils.java:logGet(46)) - raft.server.snapshot.retention.file.num = -1 (default)
2024-03-15 01:29:30,876 [s2-impl-thread1] INFO  server.RaftServerConfigKeys (ConfUtils.java:logGet(46)) - raft.server.log.purge.upto.snapshot.index = false (default)
2024-03-15 01:29:30,877 [main] INFO  server.RaftServer (RaftServerProxy.java:startImpl(407)) - s2: start RPC server
2024-03-15 01:29:30,878 [JvmPauseMonitor2] INFO  util.JvmPauseMonitor (JvmPauseMonitor.java:run(146)) - JvmPauseMonitor-s2: Started
2024-03-15 01:29:31,014 [s0@group-14C72BA94BD1-FollowerState] INFO  impl.FollowerState (FollowerState.java:run(143)) - s0@group-14C72BA94BD1-FollowerState: change to CANDIDATE, lastRpcElapsedTime:208861698ns, electionTimeout:200ms
2024-03-15 01:29:31,014 [s0@group-14C72BA94BD1-FollowerState] INFO  impl.RoleInfo (RoleInfo.java:shutdownFollowerState(119)) - s0: shutdown s0@group-14C72BA94BD1-FollowerState
2024-03-15 01:29:31,014 [s0@group-14C72BA94BD1-FollowerState] INFO  server.RaftServer$Division (RaftServerImpl.java:setRole(376)) - s0@group-14C72BA94BD1: changes role from  FOLLOWER to CANDIDATE at term 0 for changeToCandidate
2024-03-15 01:29:31,019 [s0@group-14C72BA94BD1-FollowerState] INFO  server.RaftServerConfigKeys (ConfUtils.java:logGet(46)) - raft.server.leaderelection.pre-vote = true (default)
2024-03-15 01:29:31,019 [s0@group-14C72BA94BD1-FollowerState] INFO  impl.RoleInfo (RoleInfo.java:updateAndGet(148)) - s0: start s0@group-14C72BA94BD1-LeaderElection1
2024-03-15 01:29:31,021 [s0@group-14C72BA94BD1-LeaderElection1] INFO  impl.LeaderElection (LeaderElection.java:askForVotes(321)) - s0@group-14C72BA94BD1-LeaderElection1 PRE_VOTE round 0: submit vote requests at term 0 for conf: {index: -1, cur=peers:[s0|localhost:15000, s1|localhost:15004, s2|localhost:15008]|listeners:[], old=null}
2024-03-15 01:29:31,052 [s0@group-14C72BA94BD1-LeaderElection1] INFO  server.RaftServerConfigKeys (ConfUtils.java:logFallback(53)) - raft.server.rpc.first-election.timeout.min = 150ms (fallback to raft.server.rpc.timeout.min)
2024-03-15 01:29:31,052 [s0@group-14C72BA94BD1-LeaderElection1] INFO  server.RaftServerConfigKeys (ConfUtils.java:logFallback(53)) - raft.server.rpc.first-election.timeout.max = 300ms (fallback to raft.server.rpc.timeout.max)
2024-03-15 01:29:31,056 [HandlerDaemon-0] INFO  server.RaftServer$Division (RaftServerImpl.java:requestVote(1401)) - s1@group-14C72BA94BD1: receive requestVote(PRE_VOTE, s0, group-14C72BA94BD1, 0, (t:0, i:0))
2024-03-15 01:29:31,056 [HandlerDaemon-0] INFO  server.RaftServer$Division (RaftServerImpl.java:requestVote(1401)) - s2@group-14C72BA94BD1: receive requestVote(PRE_VOTE, s0, group-14C72BA94BD1, 0, (t:0, i:0))
2024-03-15 01:29:31,057 [HandlerDaemon-0] INFO  impl.VoteContext (VoteContext.java:log(49)) - s1@group-14C72BA94BD1-FOLLOWER: accept PRE_VOTE from s0: our priority 0 <= candidate's priority 0
2024-03-15 01:29:31,058 [HandlerDaemon-0] INFO  impl.VoteContext (VoteContext.java:log(49)) - s2@group-14C72BA94BD1-FOLLOWER: accept PRE_VOTE from s0: our priority 0 <= candidate's priority 0
2024-03-15 01:29:31,068 [HandlerDaemon-0] INFO  server.RaftServer$Division (RaftServerImpl.java:requestVote(1434)) - s1@group-14C72BA94BD1 replies to PRE_VOTE vote request: s0<-s1#0:OK-t0. Peer's state: s1@group-14C72BA94BD1:t0, leader=null, voted=, raftlog=Memoized:s1@group-14C72BA94BD1-SegmentedRaftLog:OPENED:c-1:lastnull, conf=conf: {index: -1, cur=peers:[s0|localhost:15000, s1|localhost:15004, s2|localhost:15008]|listeners:[], old=null}
2024-03-15 01:29:31,068 [HandlerDaemon-0] INFO  server.RaftServer$Division (RaftServerImpl.java:requestVote(1434)) - s2@group-14C72BA94BD1 replies to PRE_VOTE vote request: s0<-s2#0:OK-t0. Peer's state: s2@group-14C72BA94BD1:t0, leader=null, voted=, raftlog=Memoized:s2@group-14C72BA94BD1-SegmentedRaftLog:OPENED:c-1:lastnull, conf=conf: {index: -1, cur=peers:[s0|localhost:15000, s1|localhost:15004, s2|localhost:15008]|listeners:[], old=null}
2024-03-15 01:29:31,070 [s0@group-14C72BA94BD1-LeaderElection1] INFO  impl.LeaderElection (LeaderElection.java:logAndReturn(89)) - s0@group-14C72BA94BD1-LeaderElection1: PRE_VOTE PASSED received 1 response(s) and 0 exception(s):
2024-03-15 01:29:31,070 [s0@group-14C72BA94BD1-LeaderElection1] INFO  impl.LeaderElection (LeaderElection.java:logAndReturn(93)) -   Response 0: s0<-s1#0:OK-t0
2024-03-15 01:29:31,070 [s0@group-14C72BA94BD1-LeaderElection1] INFO  impl.LeaderElection (LeaderElection.java:askForVotes(323)) - s0@group-14C72BA94BD1-LeaderElection1 PRE_VOTE round 0: result PASSED
2024-03-15 01:29:31,071 [s0@group-14C72BA94BD1-LeaderElection1] TRACE util.FileUtils (LogUtils.java:supplyAndLog(69)) - Successfully supplied FileChannel.open /home/runner/work/ratis/ratis/ratis-test/target/test/data/49331c75/MiniRaftClusterWithSimulatedRpc9ee00441/s0/efaf090c-6e2c-4943-ab90-14c72ba94bd1/current/raft-meta.tmp with options [CREATE, WRITE]: sun.nio.ch.FileChannelImpl@7a8b89f3
2024-03-15 01:29:31,073 [s0@group-14C72BA94BD1-LeaderElection1] TRACE util.FileUtils (LogUtils.java:runAndLog(49)) - Successfully ran Atomic Files.move /home/runner/work/ratis/ratis/ratis-test/target/test/data/49331c75/MiniRaftClusterWithSimulatedRpc9ee00441/s0/efaf090c-6e2c-4943-ab90-14c72ba94bd1/current/raft-meta.tmp to /home/runner/work/ratis/ratis/ratis-test/target/test/data/49331c75/MiniRaftClusterWithSimulatedRpc9ee00441/s0/efaf090c-6e2c-4943-ab90-14c72ba94bd1/current/raft-meta with options [REPLACE_EXISTING]
2024-03-15 01:29:31,073 [s0@group-14C72BA94BD1-LeaderElection1] INFO  impl.LeaderElection (LeaderElection.java:askForVotes(321)) - s0@group-14C72BA94BD1-LeaderElection1 ELECTION round 0: submit vote requests at term 1 for conf: {index: -1, cur=peers:[s0|localhost:15000, s1|localhost:15004, s2|localhost:15008]|listeners:[], old=null}
2024-03-15 01:29:31,073 [s0@group-14C72BA94BD1-LeaderElection1] INFO  server.RaftServerConfigKeys (ConfUtils.java:logFallback(53)) - raft.server.rpc.first-election.timeout.min = 150ms (fallback to raft.server.rpc.timeout.min)
2024-03-15 01:29:31,073 [HandlerDaemon-1] INFO  server.RaftServer$Division (RaftServerImpl.java:requestVote(1401)) - s1@group-14C72BA94BD1: receive requestVote(ELECTION, s0, group-14C72BA94BD1, 1, (t:0, i:0))
2024-03-15 01:29:31,073 [s0@group-14C72BA94BD1-LeaderElection1] INFO  server.RaftServerConfigKeys (ConfUtils.java:logFallback(53)) - raft.server.rpc.first-election.timeout.max = 300ms (fallback to raft.server.rpc.timeout.max)
2024-03-15 01:29:31,074 [HandlerDaemon-1] INFO  impl.VoteContext (VoteContext.java:log(49)) - s1@group-14C72BA94BD1-FOLLOWER: accept ELECTION from s0: our priority 0 <= candidate's priority 0
2024-03-15 01:29:31,074 [HandlerDaemon-1] INFO  server.RaftServer$Division (RaftServerImpl.java:setRole(376)) - s1@group-14C72BA94BD1: changes role from  FOLLOWER to FOLLOWER at term 1 for candidate:s0
2024-03-15 01:29:31,074 [HandlerDaemon-1] INFO  impl.RoleInfo (RoleInfo.java:shutdownFollowerState(119)) - s1: shutdown s1@group-14C72BA94BD1-FollowerState
2024-03-15 01:29:31,075 [HandlerDaemon-1] INFO  impl.RoleInfo (RoleInfo.java:updateAndGet(148)) - s1: start s1@group-14C72BA94BD1-FollowerState
2024-03-15 01:29:31,075 [s1@group-14C72BA94BD1-FollowerState] INFO  impl.FollowerState (FollowerState.java:run(152)) - s1@group-14C72BA94BD1-FollowerState was interrupted
2024-03-15 01:29:31,076 [HandlerDaemon-1] INFO  server.RaftServer$Division (RaftServerImpl.java:setFirstElection(548)) - s1@group-14C72BA94BD1: set firstElectionSinceStartup to false for candidate:s0
2024-03-15 01:29:31,076 [HandlerDaemon-1] TRACE util.FileUtils (LogUtils.java:supplyAndLog(69)) - Successfully supplied FileChannel.open /home/runner/work/ratis/ratis/ratis-test/target/test/data/49331c75/MiniRaftClusterWithSimulatedRpc9ee00441/s1/efaf090c-6e2c-4943-ab90-14c72ba94bd1/current/raft-meta.tmp with options [CREATE, WRITE]: sun.nio.ch.FileChannelImpl@1b58a79d
2024-03-15 01:29:31,077 [HandlerDaemon-2] INFO  server.RaftServer$Division (RaftServerImpl.java:requestVote(1401)) - s2@group-14C72BA94BD1: receive requestVote(ELECTION, s0, group-14C72BA94BD1, 1, (t:0, i:0))
2024-03-15 01:29:31,077 [HandlerDaemon-2] INFO  impl.VoteContext (VoteContext.java:log(49)) - s2@group-14C72BA94BD1-FOLLOWER: accept ELECTION from s0: our priority 0 <= candidate's priority 0
2024-03-15 01:29:31,077 [HandlerDaemon-2] INFO  server.RaftServer$Division (RaftServerImpl.java:setRole(376)) - s2@group-14C72BA94BD1: changes role from  FOLLOWER to FOLLOWER at term 1 for candidate:s0
2024-03-15 01:29:31,077 [HandlerDaemon-2] INFO  impl.RoleInfo (RoleInfo.java:shutdownFollowerState(119)) - s2: shutdown s2@group-14C72BA94BD1-FollowerState
2024-03-15 01:29:31,078 [HandlerDaemon-2] INFO  impl.RoleInfo (RoleInfo.java:updateAndGet(148)) - s2: start s2@group-14C72BA94BD1-FollowerState
2024-03-15 01:29:31,078 [s2@group-14C72BA94BD1-FollowerState] INFO  impl.FollowerState (FollowerState.java:run(152)) - s2@group-14C72BA94BD1-FollowerState was interrupted
2024-03-15 01:29:31,078 [HandlerDaemon-2] INFO  server.RaftServer$Division (RaftServerImpl.java:setFirstElection(548)) - s2@group-14C72BA94BD1: set firstElectionSinceStartup to false for candidate:s0
2024-03-15 01:29:31,078 [HandlerDaemon-2] TRACE util.FileUtils (LogUtils.java:supplyAndLog(69)) - Successfully supplied FileChannel.open /home/runner/work/ratis/ratis/ratis-test/target/test/data/49331c75/MiniRaftClusterWithSimulatedRpc9ee00441/s2/efaf090c-6e2c-4943-ab90-14c72ba94bd1/current/raft-meta.tmp with options [CREATE, WRITE]: sun.nio.ch.FileChannelImpl@123bc0ee
2024-03-15 01:29:31,078 [HandlerDaemon-1] TRACE util.FileUtils (LogUtils.java:runAndLog(49)) - Successfully ran Atomic Files.move /home/runner/work/ratis/ratis/ratis-test/target/test/data/49331c75/MiniRaftClusterWithSimulatedRpc9ee00441/s1/efaf090c-6e2c-4943-ab90-14c72ba94bd1/current/raft-meta.tmp to /home/runner/work/ratis/ratis/ratis-test/target/test/data/49331c75/MiniRaftClusterWithSimulatedRpc9ee00441/s1/efaf090c-6e2c-4943-ab90-14c72ba94bd1/current/raft-meta with options [REPLACE_EXISTING]
2024-03-15 01:29:31,079 [HandlerDaemon-1] INFO  server.RaftServer$Division (RaftServerImpl.java:requestVote(1434)) - s1@group-14C72BA94BD1 replies to ELECTION vote request: s0<-s1#0:OK-t1. Peer's state: s1@group-14C72BA94BD1:t1, leader=null, voted=s0, raftlog=Memoized:s1@group-14C72BA94BD1-SegmentedRaftLog:OPENED:c-1:lastnull, conf=conf: {index: -1, cur=peers:[s0|localhost:15000, s1|localhost:15004, s2|localhost:15008]|listeners:[], old=null}
2024-03-15 01:29:31,079 [HandlerDaemon-2] TRACE util.FileUtils (LogUtils.java:runAndLog(49)) - Successfully ran Atomic Files.move /home/runner/work/ratis/ratis/ratis-test/target/test/data/49331c75/MiniRaftClusterWithSimulatedRpc9ee00441/s2/efaf090c-6e2c-4943-ab90-14c72ba94bd1/current/raft-meta.tmp to /home/runner/work/ratis/ratis/ratis-test/target/test/data/49331c75/MiniRaftClusterWithSimulatedRpc9ee00441/s2/efaf090c-6e2c-4943-ab90-14c72ba94bd1/current/raft-meta with options [REPLACE_EXISTING]
2024-03-15 01:29:31,080 [HandlerDaemon-2] INFO  server.RaftServer$Division (RaftServerImpl.java:requestVote(1434)) - s2@group-14C72BA94BD1 replies to ELECTION vote request: s0<-s2#0:OK-t1. Peer's state: s2@group-14C72BA94BD1:t1, leader=null, voted=s0, raftlog=Memoized:s2@group-14C72BA94BD1-SegmentedRaftLog:OPENED:c-1:lastnull, conf=conf: {index: -1, cur=peers:[s0|localhost:15000, s1|localhost:15004, s2|localhost:15008]|listeners:[], old=null}
2024-03-15 01:29:31,080 [s0@group-14C72BA94BD1-LeaderElection1] INFO  impl.LeaderElection (LeaderElection.java:logAndReturn(89)) - s0@group-14C72BA94BD1-LeaderElection1: ELECTION PASSED received 1 response(s) and 0 exception(s):
2024-03-15 01:29:31,080 [s0@group-14C72BA94BD1-LeaderElection1] INFO  impl.LeaderElection (LeaderElection.java:logAndReturn(93)) -   Response 0: s0<-s1#0:OK-t1
2024-03-15 01:29:31,080 [s0@group-14C72BA94BD1-LeaderElection1] INFO  impl.LeaderElection (LeaderElection.java:askForVotes(323)) - s0@group-14C72BA94BD1-LeaderElection1 ELECTION round 0: result PASSED
2024-03-15 01:29:31,080 [s0@group-14C72BA94BD1-LeaderElection1] INFO  impl.RoleInfo (RoleInfo.java:shutdownLeaderElection(139)) - s0: shutdown s0@group-14C72BA94BD1-LeaderElection1
2024-03-15 01:29:31,081 [s0@group-14C72BA94BD1-LeaderElection1] INFO  server.RaftServer$Division (RaftServerImpl.java:setRole(376)) - s0@group-14C72BA94BD1: changes role from CANDIDATE to LEADER at term 1 for changeToLeader
2024-03-15 01:29:31,089 [s0@group-14C72BA94BD1-LeaderElection1] INFO  server.RaftServerConfigKeys (ConfUtils.java:logGet(46)) - raft.server.staging.catchup.gap = 1000 (default)
2024-03-15 01:29:31,095 [s0@group-14C72BA94BD1-LeaderElection1] INFO  server.RaftServerConfigKeys (ConfUtils.java:logGet(46)) - raft.server.write.element-limit = 4096 (default)
2024-03-15 01:29:31,095 [s0@group-14C72BA94BD1-LeaderElection1] INFO  server.RaftServerConfigKeys (ConfUtils.java:logGet(46)) - raft.server.write.byte-limit = 64MB (=67108864) (default)
2024-03-15 01:29:31,099 [s0@group-14C72BA94BD1-LeaderElection1] INFO  server.RaftServerConfigKeys (ConfUtils.java:logGet(46)) - raft.server.watch.timeout = 10s (default)
2024-03-15 01:29:31,100 [s0@group-14C72BA94BD1-LeaderElection1] INFO  server.RaftServerConfigKeys (ConfUtils.java:logGet(46)) - raft.server.watch.timeout.denomination = 1s (default)
2024-03-15 01:29:31,100 [s0@group-14C72BA94BD1-LeaderElection1] INFO  server.RaftServerConfigKeys (ConfUtils.java:logGet(46)) - raft.server.watch.element-limit = 65536 (default)
2024-03-15 01:29:31,108 [s0@group-14C72BA94BD1-LeaderElection1] INFO  server.RaftServerConfigKeys (ConfUtils.java:logGet(46)) - raft.server.read.leader.lease.enabled = false (default)
2024-03-15 01:29:31,110 [s0@group-14C72BA94BD1-LeaderElection1] INFO  server.RaftServerConfigKeys (ConfUtils.java:logGet(46)) - raft.server.read.leader.lease.timeout.ratio = 0.9 (default)
2024-03-15 01:29:31,110 [s0@group-14C72BA94BD1-LeaderElection1] INFO  server.RaftServerConfigKeys (ConfUtils.java:logGet(46)) - raft.server.rpc.timeout.min = 150ms (default)
2024-03-15 01:29:31,110 [s0@group-14C72BA94BD1-LeaderElection1] INFO  server.RaftServerConfigKeys (ConfUtils.java:logGet(46)) - raft.server.write.element-limit = 4096 (default)
2024-03-15 01:29:31,110 [s0@group-14C72BA94BD1-LeaderElection1] INFO  server.RaftServerConfigKeys (ConfUtils.java:logGet(46)) - raft.server.write.follower.gap.ratio.max = -1.0 (default)
2024-03-15 01:29:31,120 [s0@group-14C72BA94BD1-LeaderElection1] INFO  server.RaftServerConfigKeys (ConfUtils.java:logGet(46)) - raft.server.log.appender.snapshot.chunk.size.max = 16MB (=16777216) (default)
2024-03-15 01:29:31,120 [s0@group-14C72BA94BD1-LeaderElection1] INFO  server.RaftServerConfigKeys (ConfUtils.java:logGet(46)) - raft.server.log.appender.buffer.byte-limit = 4MB (=4194304) (default)
2024-03-15 01:29:31,121 [s0@group-14C72BA94BD1-LeaderElection1] INFO  server.RaftServerConfigKeys (ConfUtils.java:logGet(46)) - raft.server.log.appender.buffer.element-limit = 0 (default)
2024-03-15 01:29:31,123 [s0@group-14C72BA94BD1-LeaderElection1] INFO  server.RaftServerConfigKeys (ConfUtils.java:logGet(46)) - raft.server.log.appender.wait-time.min = 1ms (default)
2024-03-15 01:29:31,123 [s0@group-14C72BA94BD1-LeaderElection1] INFO  server.RaftServerConfigKeys (ConfUtils.java:logGet(46)) - raft.server.log.appender.snapshot.chunk.size.max = 16MB (=16777216) (default)
2024-03-15 01:29:31,124 [s0@group-14C72BA94BD1-LeaderElection1] INFO  server.RaftServerConfigKeys (ConfUtils.java:logGet(46)) - raft.server.log.appender.buffer.byte-limit = 4MB (=4194304) (default)
2024-03-15 01:29:31,124 [s0@group-14C72BA94BD1-LeaderElection1] INFO  server.RaftServerConfigKeys (ConfUtils.java:logGet(46)) - raft.server.log.appender.buffer.element-limit = 0 (default)
2024-03-15 01:29:31,124 [s0@group-14C72BA94BD1-LeaderElection1] INFO  server.RaftServerConfigKeys (ConfUtils.java:logGet(46)) - raft.server.log.appender.wait-time.min = 1ms (default)
2024-03-15 01:29:31,125 [s0@group-14C72BA94BD1-LeaderElection1] INFO  impl.RoleInfo (RoleInfo.java:updateAndGet(148)) - s0: start s0@group-14C72BA94BD1-LeaderStateImpl
2024-03-15 01:29:31,125 [s0@group-14C72BA94BD1-LeaderElection1] INFO  server.RaftServer$Division (RaftServerImpl.java:setFirstElection(548)) - s0@group-14C72BA94BD1: set firstElectionSinceStartup to false for becomeLeader
2024-03-15 01:29:31,125 [s0@group-14C72BA94BD1-LeaderElection1] INFO  server.RaftServer$Division (ServerState.java:setLeader(270)) - s0@group-14C72BA94BD1: change Leader from null to s0 at term 1 for becomeLeader, leader elected after 573ms
2024-03-15 01:29:31,149 [s0@group-14C72BA94BD1-LeaderElection1] INFO  segmented.SegmentedRaftLogWorker (SegmentedRaftLogWorker.java:startLogSegment(430)) - s0@group-14C72BA94BD1-SegmentedRaftLogWorker: Starting segment from index:0
2024-03-15 01:29:31,187 [s0@group-14C72BA94BD1-LeaderElection1] INFO  server.RaftServer$Division (ServerState.java:setRaftConf(384)) - s0@group-14C72BA94BD1: set configuration conf: {index: 0, cur=peers:[s0|localhost:15000, s1|localhost:15004, s2|localhost:15008]|listeners:[], old=null}
2024-03-15 01:29:31,188 [s0@group-14C72BA94BD1-SegmentedRaftLogWorker] INFO  segmented.BufferedWriteChannel (BufferedWriteChannel.java:open(61)) - open log_inprogress_0 at position 0
2024-03-15 01:29:31,196 [s0@group-14C72BA94BD1-SegmentedRaftLogWorker] INFO  segmented.SegmentedRaftLogWorker (SegmentedRaftLogWorker.java:execute(638)) - s0@group-14C72BA94BD1-SegmentedRaftLogWorker: created new log segment /home/runner/work/ratis/ratis/ratis-test/target/test/data/49331c75/MiniRaftClusterWithSimulatedRpc9ee00441/s0/efaf090c-6e2c-4943-ab90-14c72ba94bd1/current/log_inprogress_0
2024-03-15 01:29:31,201 [HandlerDaemon-2] INFO  server.RaftServer$Division (ServerState.java:setLeader(270)) - s1@group-14C72BA94BD1: change Leader from null to s0 at term 1 for appendEntries, leader elected after 649ms
2024-03-15 01:29:31,202 [HandlerDaemon-1] INFO  server.RaftServer$Division (ServerState.java:setLeader(270)) - s2@group-14C72BA94BD1: change Leader from null to s0 at term 1 for appendEntries, leader elected after 650ms
2024-03-15 01:29:31,214 [HandlerDaemon-0] INFO  server.RaftServer$Division (ServerState.java:setRaftConf(384)) - s2@group-14C72BA94BD1: set configuration conf: {index: 0, cur=peers:[s0|localhost:15000, s1|localhost:15004, s2|localhost:15008]|listeners:[], old=null}
2024-03-15 01:29:31,215 [HandlerDaemon-0] INFO  segmented.SegmentedRaftLogWorker (SegmentedRaftLogWorker.java:startLogSegment(430)) - s2@group-14C72BA94BD1-SegmentedRaftLogWorker: Starting segment from index:0
2024-03-15 01:29:31,216 [s2@group-14C72BA94BD1-SegmentedRaftLogWorker] INFO  segmented.BufferedWriteChannel (BufferedWriteChannel.java:open(61)) - open log_inprogress_0 at position 0
2024-03-15 01:29:31,217 [HandlerDaemon-0] INFO  server.RaftServer$Division (ServerState.java:setRaftConf(384)) - s1@group-14C72BA94BD1: set configuration conf: {index: 0, cur=peers:[s0|localhost:15000, s1|localhost:15004, s2|localhost:15008]|listeners:[], old=null}
2024-03-15 01:29:31,217 [HandlerDaemon-0] INFO  segmented.SegmentedRaftLogWorker (SegmentedRaftLogWorker.java:startLogSegment(430)) - s1@group-14C72BA94BD1-SegmentedRaftLogWorker: Starting segment from index:0
2024-03-15 01:29:31,218 [s1@group-14C72BA94BD1-SegmentedRaftLogWorker] INFO  segmented.BufferedWriteChannel (BufferedWriteChannel.java:open(61)) - open log_inprogress_0 at position 0
2024-03-15 01:29:31,227 [s2@group-14C72BA94BD1-SegmentedRaftLogWorker] INFO  segmented.SegmentedRaftLogWorker (SegmentedRaftLogWorker.java:execute(638)) - s2@group-14C72BA94BD1-SegmentedRaftLogWorker: created new log segment /home/runner/work/ratis/ratis/ratis-test/target/test/data/49331c75/MiniRaftClusterWithSimulatedRpc9ee00441/s2/efaf090c-6e2c-4943-ab90-14c72ba94bd1/current/log_inprogress_0
2024-03-15 01:29:31,227 [s1@group-14C72BA94BD1-SegmentedRaftLogWorker] INFO  segmented.SegmentedRaftLogWorker (SegmentedRaftLogWorker.java:execute(638)) - s1@group-14C72BA94BD1-SegmentedRaftLogWorker: created new log segment /home/runner/work/ratis/ratis/ratis-test/target/test/data/49331c75/MiniRaftClusterWithSimulatedRpc9ee00441/s1/efaf090c-6e2c-4943-ab90-14c72ba94bd1/current/log_inprogress_0
2024-03-15 01:29:31,235 [s0@group-14C72BA94BD1-StateMachineUpdater] TRACE util.FileUtils (LogUtils.java:supplyAndLog(69)) - Successfully supplied FileChannel.open /home/runner/work/ratis/ratis/ratis-test/target/test/data/49331c75/MiniRaftClusterWithSimulatedRpc9ee00441/s0/efaf090c-6e2c-4943-ab90-14c72ba94bd1/current/raft-meta.conf.tmp with options [CREATE, WRITE]: sun.nio.ch.FileChannelImpl@1f7db0af
2024-03-15 01:29:31,238 [s0@group-14C72BA94BD1-StateMachineUpdater] TRACE util.FileUtils (LogUtils.java:runAndLog(49)) - Successfully ran Atomic Files.move /home/runner/work/ratis/ratis/ratis-test/target/test/data/49331c75/MiniRaftClusterWithSimulatedRpc9ee00441/s0/efaf090c-6e2c-4943-ab90-14c72ba94bd1/current/raft-meta.conf.tmp to /home/runner/work/ratis/ratis/ratis-test/target/test/data/49331c75/MiniRaftClusterWithSimulatedRpc9ee00441/s0/efaf090c-6e2c-4943-ab90-14c72ba94bd1/current/raft-meta.conf with options [REPLACE_EXISTING]
2024-03-15 01:29:31,239 [s0@group-14C72BA94BD1-StateMachineUpdater] INFO  server.RaftServer$Division (LeaderStateImpl.java:checkStartIndex(317)) - Leader s0@group-14C72BA94BD1-LeaderStateImpl is ready since appliedIndex == startIndex == 0
2024-03-15 01:29:31,269 [s2@group-14C72BA94BD1-StateMachineUpdater] TRACE util.FileUtils (LogUtils.java:supplyAndLog(69)) - Successfully supplied FileChannel.open /home/runner/work/ratis/ratis/ratis-test/target/test/data/49331c75/MiniRaftClusterWithSimulatedRpc9ee00441/s2/efaf090c-6e2c-4943-ab90-14c72ba94bd1/current/raft-meta.conf.tmp with options [CREATE, WRITE]: sun.nio.ch.FileChannelImpl@72988ee0
2024-03-15 01:29:31,275 [s2@group-14C72BA94BD1-StateMachineUpdater] TRACE util.FileUtils (LogUtils.java:runAndLog(49)) - Successfully ran Atomic Files.move /home/runner/work/ratis/ratis/ratis-test/target/test/data/49331c75/MiniRaftClusterWithSimulatedRpc9ee00441/s2/efaf090c-6e2c-4943-ab90-14c72ba94bd1/current/raft-meta.conf.tmp to /home/runner/work/ratis/ratis/ratis-test/target/test/data/49331c75/MiniRaftClusterWithSimulatedRpc9ee00441/s2/efaf090c-6e2c-4943-ab90-14c72ba94bd1/current/raft-meta.conf with options [REPLACE_EXISTING]
2024-03-15 01:29:31,276 [s1@group-14C72BA94BD1-StateMachineUpdater] TRACE util.FileUtils (LogUtils.java:supplyAndLog(69)) - Successfully supplied FileChannel.open /home/runner/work/ratis/ratis/ratis-test/target/test/data/49331c75/MiniRaftClusterWithSimulatedRpc9ee00441/s1/efaf090c-6e2c-4943-ab90-14c72ba94bd1/current/raft-meta.conf.tmp with options [CREATE, WRITE]: sun.nio.ch.FileChannelImpl@47b59eca
2024-03-15 01:29:31,278 [s1@group-14C72BA94BD1-StateMachineUpdater] TRACE util.FileUtils (LogUtils.java:runAndLog(49)) - Successfully ran Atomic Files.move /home/runner/work/ratis/ratis/ratis-test/target/test/data/49331c75/MiniRaftClusterWithSimulatedRpc9ee00441/s1/efaf090c-6e2c-4943-ab90-14c72ba94bd1/current/raft-meta.conf.tmp to /home/runner/work/ratis/ratis/ratis-test/target/test/data/49331c75/MiniRaftClusterWithSimulatedRpc9ee00441/s1/efaf090c-6e2c-4943-ab90-14c72ba94bd1/current/raft-meta.conf with options [REPLACE_EXISTING]
2024-03-15 01:29:36,219 [main] INFO  impl.MiniRaftCluster (MiniRaftCluster.java:shutdown(833)) - ************************************************************** 
2024-03-15 01:29:36,219 [main] INFO  impl.MiniRaftCluster (MiniRaftCluster.java:shutdown(834)) - *** 
2024-03-15 01:29:36,219 [main] INFO  impl.MiniRaftCluster (MiniRaftCluster.java:shutdown(835)) - ***     Stopping MiniRaftClusterWithSimulatedRpc
2024-03-15 01:29:36,219 [main] INFO  impl.MiniRaftCluster (MiniRaftCluster.java:shutdown(836)) - *** 
2024-03-15 01:29:36,219 [main] INFO  impl.MiniRaftCluster (MiniRaftCluster.java:shutdown(837)) - ************************************************************** 
2024-03-15 01:29:36,220 [main] INFO  impl.MiniRaftCluster (MiniRaftCluster.java:shutdown(838)) - printing ALL groups
  s0:  RUNNING    LEADER s0@group-14C72BA94BD1:t1, leader=s0, voted=s0, raftlog=Memoized:s0@group-14C72BA94BD1-SegmentedRaftLog:OPENED:c4:last(t:1, i:4), conf=conf: {index: 0, cur=peers:[s0|localhost:15000, s1|localhost:15004, s2|localhost:15008]|listeners:[], old=null} RUNNING
  s1:  RUNNING  FOLLOWER s1@group-14C72BA94BD1:t1, leader=s0, voted=s0, raftlog=Memoized:s1@group-14C72BA94BD1-SegmentedRaftLog:OPENED:c4:last(t:1, i:4), conf=conf: {index: 0, cur=peers:[s0|localhost:15000, s1|localhost:15004, s2|localhost:15008]|listeners:[], old=null} RUNNING
  s2:  RUNNING  FOLLOWER s2@group-14C72BA94BD1:t1, leader=s0, voted=s0, raftlog=Memoized:s2@group-14C72BA94BD1-SegmentedRaftLog:OPENED:c4:last(t:1, i:4), conf=conf: {index: 0, cur=peers:[s0|localhost:15000, s1|localhost:15004, s2|localhost:15008]|listeners:[], old=null} RUNNING
2024-03-15 01:29:36,222 [MiniRaftCluster-1] INFO  server.RaftServer (RaftServerProxy.java:lambda$close$9(417)) - s0: close
2024-03-15 01:29:36,222 [MiniRaftCluster-2] INFO  server.RaftServer (RaftServerProxy.java:lambda$close$9(417)) - s1: close
2024-03-15 01:29:36,223 [MiniRaftCluster-3] INFO  server.RaftServer (RaftServerProxy.java:lambda$close$9(417)) - s2: close
2024-03-15 01:29:36,224 [s1-impl-thread1] INFO  server.RaftServer$Division (RaftServerImpl.java:lambda$close$1(500)) - s1@group-14C72BA94BD1: shutdown
2024-03-15 01:29:36,224 [s0-impl-thread1] INFO  server.RaftServer$Division (RaftServerImpl.java:lambda$close$1(500)) - s0@group-14C72BA94BD1: shutdown
2024-03-15 01:29:36,224 [s1-impl-thread1] INFO  util.JmxRegister (JmxRegister.java:unregister(74)) - Successfully un-registered JMX Bean with object name Ratis:service=RaftServer,group=group-14C72BA94BD1,id=s1
2024-03-15 01:29:36,224 [s0-impl-thread1] INFO  util.JmxRegister (JmxRegister.java:unregister(74)) - Successfully un-registered JMX Bean with object name Ratis:service=RaftServer,group=group-14C72BA94BD1,id=s0
2024-03-15 01:29:36,224 [s0-impl-thread1] INFO  impl.RoleInfo (RoleInfo.java:shutdownLeaderState(103)) - s0: shutdown s0@group-14C72BA94BD1-LeaderStateImpl
2024-03-15 01:29:36,225 [HandlerDaemon-1] INFO  simulation.RequestHandler (RequestHandler.java:run(127)) - s1.clientHandler1 is interrupted by java.io.InterruptedIOException: 
2024-03-15 01:29:36,225 [s0-impl-thread1] INFO  impl.PendingRequests (PendingRequests.java:sendNotLeaderResponses(287)) - s0@group-14C72BA94BD1-PendingRequests: sendNotLeaderResponses
2024-03-15 01:29:36,225 [s0@group-14C72BA94BD1->s2-LogAppenderDefault-LogAppenderDaemon] INFO  leader.LogAppenderDaemon (LogAppenderDaemon.java:run(85)) - s0@group-14C72BA94BD1->s2-LogAppenderDefault-LogAppenderDaemon was interrupted: java.lang.InterruptedException
2024-03-15 01:29:36,225 [HandlerDaemon-2] INFO  simulation.RequestHandler (RequestHandler.java:run(127)) - s2.clientHandler2 is interrupted by java.io.InterruptedIOException: 
2024-03-15 01:29:36,227 [HandlerDaemon-0] INFO  simulation.RequestHandler (RequestHandler.java:run(127)) - s1.clientHandler0 is interrupted by java.io.InterruptedIOException: 
2024-03-15 01:29:36,228 [HandlerDaemon-2] INFO  simulation.RequestHandler (RequestHandler.java:run(127)) - s1.clientHandler2 is interrupted by java.io.InterruptedIOException: 
2024-03-15 01:29:36,228 [HandlerDaemon-0] INFO  simulation.RequestHandler (RequestHandler.java:run(127)) - s2.clientHandler0 is interrupted by java.io.InterruptedIOException: 
2024-03-15 01:29:36,228 [HandlerDaemon-1] INFO  simulation.RequestHandler (RequestHandler.java:run(127)) - s2.clientHandler1 is interrupted by java.io.InterruptedIOException: 
2024-03-15 01:29:36,228 [s2-impl-thread1] INFO  server.RaftServer$Division (RaftServerImpl.java:lambda$close$1(500)) - s2@group-14C72BA94BD1: shutdown
2024-03-15 01:29:36,228 [s2-impl-thread1] INFO  util.JmxRegister (JmxRegister.java:unregister(74)) - Successfully un-registered JMX Bean with object name Ratis:service=RaftServer,group=group-14C72BA94BD1,id=s2
2024-03-15 01:29:36,228 [s2-impl-thread1] INFO  impl.RoleInfo (RoleInfo.java:shutdownFollowerState(119)) - s2: shutdown s2@group-14C72BA94BD1-FollowerState
2024-03-15 01:29:36,229 [s2@group-14C72BA94BD1-FollowerState] INFO  impl.FollowerState (FollowerState.java:run(152)) - s2@group-14C72BA94BD1-FollowerState was interrupted
2024-03-15 01:29:36,229 [s2@group-14C72BA94BD1-StateMachineUpdater] INFO  impl.StateMachineUpdater (StateMachineUpdater.java:stop(136)) - s2@group-14C72BA94BD1-StateMachineUpdater: closing MetricsStateMachine, lastApplied=(t:1, i:4)
3/15/24 1:29:36 AM =============================================================

-- Gauges ----------------------------------------------------------------------
ratis.state_machine.s2@group-14C72BA94BD1.appliedIndex
             value = 4
ratis.state_machine.s2@group-14C72BA94BD1.applyCompletedIndex
             value = 4

-- Timers -2024-03-15 01:29:36,231 [HandlerDaemon-1] INFO  simulation.RequestHandler (RequestHandler.java:run(127)) - s1.serverHandler1 is interrupted by java.io.InterruptedIOException: 
---------2024-03-15 01:29:36,232 [HandlerDaemon-2] INFO  simulation.RequestHandler (RequestHandler.java:run(127)) - s2.serverHandler2 is interrupted by java.io.InterruptedIOException: 
-------2024-03-15 01:29:36,232 [HandlerDaemon-0] INFO  simulation.RequestHandler (RequestHandler.java:run(127)) - s2.serverHandler0 is interrupted by java.io.InterruptedIOException: 
-------------2024-03-15 01:29:36,232 [HandlerDaemon-2] INFO  simulation.RequestHandler (RequestHandler.java:run(127)) - s1.serverHandler2 is interrupted by java.io.InterruptedIOException: 
----------------------------------------
ratis.state_machine.s2@group-14C72BA94BD1.takeSnapshot
             count = 0
         mean rate = 0.00 calls/second
     1-minute rate = 0.00 calls/second
     5-minute rate = 0.00 calls/second
    15-minute rate = 0.00 calls/second
               min = 0.00 milliseconds
               max = 0.00 milliseconds
              mean = 0.00 milliseconds
            stddev = 0.00 milliseconds
            median = 0.00 milliseconds
              75% <= 0.00 milliseconds
              95% <= 0.00 milliseconds
              98% <= 0.00 milliseconds
              99% <= 0.00 milliseconds
2024-03-15 01:29:36,235 [s0@group-14C72BA94BD1->s1-LogAppenderDefault-LogAppenderDaemon] INFO  leader.LogAppenderDaemon (LogAppenderDaemon.java:run(85)) - s0@group-14C72BA94BD1->s1-LogAppenderDefault-LogAppenderDaemon was interrupted: java.lang.InterruptedException
            99.9% <= 0.00 milliseconds


2024-03-15 01:29:36,224 [s1-impl-thread1] INFO  impl.RoleInfo (RoleInfo.java:shutdownFollowerState(119)) - s1: shutdown s1@group-14C72BA94BD1-FollowerState
2024-03-15 01:29:36,235 [s1-impl-thread1] INFO  impl.StateMachineUpdater (StateMachineUpdater.java:stopAndJoin(159)) - s1@group-14C72BA94BD1-StateMachineUpdater: set stopIndex = 4
2024-03-15 01:29:36,235 [HandlerDaemon-0] INFO  simulation.RequestHandler (RequestHandler.java:run(127)) - s1.serverHandler0 is interrupted by java.io.InterruptedIOException: 
2024-03-15 01:29:36,235 [s1@group-14C72BA94BD1-StateMachineUpdater] INFO  impl.StateMachineUpdater (StateMachineUpdater.java:stop(136)) - s1@group-14C72BA94BD1-StateMachineUpdater: closing MetricsStateMachine, lastApplied=(t:1, i:4)
3/15/24 1:29:36 AM ==============================3/15/24 1:29:36 AM== ==========================================================
==
=-- Gauges =-==-=--==-=--==-=-=-=--==--=-==--==-=-=-=--==-=-=-=-=-=--

---- Gauges ------------------------------------------------------------------------------
-ratis.state_machine.s1@group-14C72BA94BD1.appliedIndex
----             value = -4--
-ratis.state_machine.s1@group-14C72BA94BD1.applyCompletedIndex
---             value = --4-
-
--- Timers- --------------------------
--ratis.log_appender.s0@group-14C72BA94BD1.follower_s1_match_index
-----             value = -4--
-ratis.log_appender.s0@group-14C72BA94BD1.follower_s1_next_index
----             value = -5--
--ratis.log_appender.s0@group-14C72BA94BD1.follower_s1_rpc_response_time
------             value = -65-
--ratis.log_appender.s0@group-14C72BA94BD1.follower_s2_match_index
--             value = -4-
--ratis.log_appender.s0@group-14C72BA94BD1.follower_s2_next_index
--             value = --5-
-ratis.log_appender.s0@group-14C72BA94BD1.follower_s2_rpc_response_time
---             value = -65-
-
-
--------
ratis.state_machine.s1@group-14C72BA94BD1.takeSnapshot
             count = 0
         mean rate = 0.00 calls/second
     1-minute rate = 0.00 calls/second
     5-minute rate = 0.00 calls/second
2024-03-15 01:29:36,238 [HandlerDaemon-0] INFO  simulation.RequestHandler (RequestHandler.java:run(127)) - s0.clientHandler0 is interrupted by java.io.InterruptedIOException: 
    15-minute rate = 0.00 calls/second
               min = 0.00 milliseconds
               max = 0.00 milliseconds
2024-03-15 01:29:36,238 [HandlerDaemon-2] INFO  simulation.RequestHandler (RequestHandler.java:run(127)) - s0.clientHandler2 is interrupted by java.io.InterruptedIOException: 
              mean = 0.00 milliseconds
            stddev = 0.00 milliseconds
2024-03-15 01:29:36,235 [HandlerDaemon-1] INFO  simulation.RequestHandler (RequestHandler.java:run(127)) - s2.serverHandler1 is interrupted by java.io.InterruptedIOException: 
            median = 0.00 milliseconds
              75% <= 0.00 milliseconds
2024-03-15 01:29:36,229 [s2-impl-thread1] INFO  impl.StateMachineUpdater (StateMachineUpdater.java:stopAndJoin(159)) - s2@group-14C72BA94BD1-StateMachineUpdater: set stopIndex = 4
              95% <= 0.00 milliseconds
              98% <= 0.00 milliseconds
2024-03-15 01:29:36,238 [HandlerDaemon-1] INFO  simulation.RequestHandler (RequestHandler.java:run(127)) - s0.clientHandler1 is interrupted by java.io.InterruptedIOException: 
2024-03-15 01:29:36,235 [s1@group-14C72BA94BD1-FollowerState] INFO  impl.FollowerState (FollowerState.java:run(152)) - s1@group-14C72BA94BD1-FollowerState was interrupted
2024-03-15 01:29:36,239 [HandlerDaemon-1] INFO  simulation.RequestHandler (RequestHandler.java:run(127)) - s0.serverHandler1 is interrupted by java.io.InterruptedIOException: 
2024-03-15 01:29:36,239 [HandlerDaemon-2] INFO  simulation.RequestHandler (RequestHandler.java:run(127)) - s0.serverHandler2 is interrupted by java.io.InterruptedIOException: 
2024-03-15 01:29:36,239 [s2@group-14C72BA94BD1-cacheEviction-AwaitToRun] INFO  util.AwaitToRun (AwaitToRun.java:run(49)) - s2@group-14C72BA94BD1-cacheEviction-AwaitToRun-AwaitForSignal is interrupted
2024-03-15 01:29:36,239 [HandlerDaemon-0] INFO  simulation.RequestHandler (RequestHandler.java:run(127)) - s0.serverHandler0 is interrupted by java.io.InterruptedIOException: 
3/15/24 1:29:36 AM =======================================              99% <= 0.00 milliseconds
======================

-- Gauges ----------------            99.9% <= 0.00 milliseconds
-
--
---------2024-03-15 01:29:36,241 [s1@group-14C72BA94BD1-cacheEviction-AwaitToRun] INFO  util.AwaitToRun (AwaitToRun.java:run(49)) - s1@group-14C72BA94BD1-cacheEviction-AwaitToRun-AwaitForSignal is interrupted
------------------------------------------
ratis.server.s0@group-14C72BA94BD1.numPendingRequestInQueue
             value = 4096
ratis.server.s0@group-14C72BA94BD1.numPendingRequestMegaByteSize
             value = 64
ratis.server.s0@group-14C72BA94BD1.numWatch-ALLRequestInQueue
             value = 65536
ratis.server.s0@group-14C72BA94BD1.numWatch-ALL_COMMITTEDRequestInQueue
             value = 65536
ratis.server.s0@group-14C72BA94BD1.numWatch-MAJORITY_COMMITTEDRequestInQueue
             value = 65536
ratis.server.s0@group-14C72BA94BD1.numWatch-UNRECOGNIZEDRequestInQueue
             value = 65536
ratis.server.s0@group-14C72BA94BD1.numWatchRequestInQueue
             value = 65536
ratis.server.s0@group-14C72BA94BD1.retryCacheEntryCount
             value = 1
ratis.server.s0@group-14C72BA94BD1.retryCacheHitCount
             value = 2
ratis.server.s0@group-14C72BA94BD1.retryCacheHitRate
             value = 0.4
ratis.server.s0@group-14C72BA94BD1.retryCacheMissCount
             value = 3
ratis.server.s0@group-14C72BA94BD1.retryCacheMissRate
             value = 0.6
ratis.server.s0@group-14C72BA94BD1.s0_peerCommitIndex
             value = 4
ratis.server.s0@group-14C72BA94BD1.s1_lastHeartbeatElapsedTime
             value = 75146173
ratis.server.s0@group-14C72BA94BD1.s1_peerCommitIndex
             value = 4
ratis.server.s0@group-14C72BA94BD1.s2_lastHeartbeatElapsedTime
             value = 75149645
ratis.server.s0@group-14C72BA94BD1.s2_peerCommitIndex
             value = 4

-- Counters --------------------------------------------------------------------
ratis.server.s0@group-14C72BA94BD1.numFailedClientReadOnServer
             count = 0
ratis.server.s0@group-14C72BA94BD1.numFailedClientStaleReadOnServer
             count = 0
ratis.server.s0@group-14C72BA94BD1.numFailedClientStreamOnServer
             count = 0
ratis.server.s0@group-14C72BA94BD1.numFailedClientWatchOnServer
             count = 0
ratis.server.s0@group-14C72BA94BD1.numFailedClientWriteOnServer
             count = 2
ratis.server.s0@group-14C72BA94BD1.numInstallSnapshot
             count = 0
ratis.server.s0@group-14C72BA94BD1.numRequestQueueLimitHits
             count = 0
ratis.server.s0@group-14C72BA94BD1.numRequestsByteSizeLimitHits
             count = 0
ratis.server.s0@group-14C72BA94BD1.numResourceLimitHits
             count = 0
ratis.server.s0@group-14C72BA94BD1.numWatch-ALLRequestQueueLimitHits
             count = 0
ratis.server.s0@group-14C72BA94BD1.numWatch-ALLRequestTimeout
             count = 0
ratis.server.s0@group-14C72BA94BD1.numWatch-ALL_COMMITTEDRequestQueueLimitHits
             count = 0
ratis.server.s0@group-14C72BA94BD1.numWatch-ALL_COMMITTEDRequestTimeout
             count = 0
ratis.server.s0@group-14C72BA94BD1.numWatch-MAJORITY_COMMITTEDRequestQueueLimitHits
             count = 0
ratis.server.s0@group-14C72BA94BD1.numWatch-MAJORITY_COMMITTEDRequestTimeout
             count = 0
ratis.server.s0@group-14C72BA94BD1.numWatch-UNRECOGNIZEDRequestQueueLimitHits
             count = 0
ratis.server.s0@group-14C72BA94BD1.numWatch-UNRECOGNIZEDRequestTimeout
             count = 0
ratis.server.s0@group-14C72BA94BD1.numWatchRequestQueueLimitHits
             count = 0
ratis.server.s0@group-14C72BA94BD1.numWatchRequestTimeout
             count = 0

-- Timers ----------------------------------------------------------------------
ratis.server.s0@group-14C72BA94BD1.clientReadRequest
             count = 0
         mean rate = 0.00 calls/second
     1-minute rate = 0.00 calls/second
     5-minute rate = 0.00 calls/second
    15-minute rate = 0.00 calls/second
               min = 0.00 milliseconds
               max = 0.00 milliseconds
              mean = 0.00 milliseconds
            stddev = 0.00 milliseconds
            median = 0.00 milliseconds
              75% <= 0.00 milliseconds
              95% <= 0.00 milliseconds
              98% <= 0.00 milliseconds
              99% <= 0.00 milliseconds
            99.9% <= 0.00 milliseconds
ratis.server.s0@group-14C72BA94BD1.clientStaleReadRequest
             count = 0
         mean rate = 0.00 calls/second
     1-minute rate = 0.00 calls/second
     5-minute rate = 0.00 calls/second
    15-minute rate = 0.00 calls/second
               min = 0.00 milliseconds
               max = 0.00 milliseconds
              mean = 0.00 milliseconds
            stddev = 0.00 milliseconds
            median = 0.00 milliseconds
              75% <= 0.00 milliseconds
              95% <= 0.00 milliseconds
              98% <= 0.00 milliseconds
              99% <= 0.00 milliseconds
            99.9% <= 0.00 milliseconds
ratis.server.s0@group-14C72BA94BD1.clientWatch-ALLRequest
             count = 0
         mean rate = 0.00 calls/second
     1-minute rate = 0.00 calls/second
     5-minute rate = 0.00 calls/second
    15-minute rate = 0.00 calls/second
               min = 0.00 milliseconds
               max = 0.00 milliseconds
              mean = 0.00 milliseconds
            stddev = 0.00 milliseconds
            median = 0.00 milliseconds
              75% <= 0.00 milliseconds
              95% <= 0.00 milliseconds
              98% <= 0.00 milliseconds
              99% <= 0.00 milliseconds
            99.9% <= 0.00 milliseconds
ratis.server.s0@group-14C72BA94BD1.clientWatch-ALL_COMMITTEDRequest
             count = 0
         mean rate = 0.00 calls/second
     1-minute rate = 0.00 calls/second
     5-minute rate = 0.00 calls/second
    15-minute rate = 0.00 calls/second
               min = 0.00 milliseconds
               max = 0.00 milliseconds
              mean = 0.00 milliseconds
            stddev = 0.00 milliseconds
            median = 0.00 milliseconds
              75% <= 0.00 milliseconds
              95% <= 0.00 milliseconds
              98% <= 0.00 milliseconds
              99% <= 0.00 milliseconds
            99.9% <= 0.00 milliseconds
ratis.server.s0@group-14C72BA94BD1.clientWatch-MAJORITY_COMMITTEDRequest
             count = 0
         mean rate = 0.00 calls/second
     1-minute rate = 0.00 calls/second
     5-minute rate = 0.00 calls/second
    15-minute rate = 0.00 calls/second
               min = 0.00 milliseconds
               max = 0.00 milliseconds
              mean = 0.00 milliseconds
            stddev = 0.00 milliseconds
            median = 0.00 milliseconds
              75% <= 0.00 milliseconds
              95% <= 0.00 milliseconds
              98% <= 0.00 milliseconds
              99% <= 0.00 milliseconds
            99.9% <= 0.00 milliseconds
ratis.server.s0@group-14C72BA94BD1.clientWatch-UNRECOGNIZEDRequest
             count = 0
         mean rate = 0.00 calls/second
     1-minute rate = 0.00 calls/second
     5-minute rate = 0.00 calls/second
    15-minute rate = 0.00 calls/second
               min = 0.00 milliseconds
               max = 0.00 milliseconds
              mean = 0.00 milliseconds
            stddev = 0.00 milliseconds
            median = 0.00 milliseconds
              75% <= 0.00 milliseconds
              95% <= 0.00 milliseconds
              98% <= 0.00 milliseconds
              99% <= 0.00 milliseconds
            99.9% <= 0.00 milliseconds
ratis.server.s0@group-14C72BA94BD1.clientWatchRequest
             count = 0
         mean rate = 0.00 calls/second
     1-minute rate = 0.00 calls/second
     5-minute rate = 0.00 calls/second
    15-minute rate = 0.00 calls/second
               min = 0.00 milliseconds
               max = 0.00 milliseconds
              mean = 0.00 milliseconds
            stddev = 0.00 milliseconds
            median = 0.00 milliseconds
              75% <= 0.00 milliseconds
              95% <= 0.00 milliseconds
              98% <= 0.00 milliseconds
              99% <= 0.00 milliseconds
            99.9% <= 0.00 milliseconds
ratis.server.s0@group-14C72BA94BD1.clientWriteRequest
             count = 4
         mean rate = 0.71 calls/second
     1-minute rate = 0.80 calls/second
     5-minute rate = 0.80 calls/second
    15-minute rate = 0.80 calls/second
               min = 5.45 milliseconds
               max = 26.92 milliseconds
              mean = 15.83 milliseconds
            stddev = 8.52 milliseconds
            median = 20.86 milliseconds
              75% <= 26.92 milliseconds
              95% <= 26.92 milliseconds
              98% <= 26.92 milliseconds
              99% <= 26.92 milliseconds
            99.9% <= 26.92 milliseconds
ratis.server.s0@group-14C72BA94BD1.follower_append_entry_latency
             count = 0
         mean rate = 0.00 calls/second
     1-minute rate = 0.00 calls/second
     5-minute rate = 0.00 calls/second
    15-minute rate = 0.00 calls/second
               min = 0.00 milliseconds
               max = 0.00 milliseconds
              mean = 0.00 milliseconds
            stddev = 0.00 milliseconds
            median = 0.00 milliseconds
              75% <= 0.00 milliseconds
              95% <= 0.00 milliseconds
              98% <= 0.00 milliseconds
              99% <= 0.00 milliseconds
            99.9% <= 0.00 milliseconds
ratis.server.s0@group-14C72BA94BD1.follower_append_entry_latency_heartbeat
             count = 0
         mean rate = 0.00 calls/second
     1-minute rate = 0.00 calls/second
     5-minute rate = 0.00 calls/second
    15-minute rate = 0.00 calls/second
               min = 0.00 milliseconds
               max = 0.00 milliseconds
              mean = 0.00 milliseconds
            stddev = 0.00 milliseconds
            median = 0.00 milliseconds
              75% <= 0.00 milliseconds
              95% <= 0.00 milliseconds
              98% <= 0.00 milliseconds
              99% <= 0.00 milliseconds
            99.9% <= 0.00 milliseconds


2024-03-15 01:29:36,258 [s0-impl-thread1] INFO  impl.StateMachineUpdater (StateMachineUpdater.java:stopAndJoin(159)) - s0@group-14C72BA94BD1-StateMachineUpdater: set stopIndex = 4
2024-03-15 01:29:36,258 [s0@group-14C72BA94BD1-StateMachineUpdater] INFO  impl.StateMachineUpdater (StateMachineUpdater.java:stop(136)) - s0@group-14C72BA94BD1-StateMachineUpdater: closing MetricsStateMachine, lastApplied=(t:1, i:4)
3/15/24 1:29:36 AM =============================================================

-- Gauges ----------------------------------------------------------------------
ratis.state_machine.s0@group-14C72BA94BD1.appliedIndex
             value = 4
ratis.state_machine.s0@group-14C72BA94BD1.applyCompletedIndex
             value = 4

-- Timers ----------------------------------------------------------------------
ratis.state_machine.s0@group-14C72BA94BD1.takeSnapshot
             count = 0
         mean rate = 0.00 calls/second
     1-minute rate = 0.00 calls/second
     5-minute rate = 0.00 calls/second
    15-minute rate = 0.00 calls/second
               min = 0.00 milliseconds
               max = 0.00 milliseconds
              mean = 0.00 milliseconds
            stddev = 0.00 milliseconds
            median = 0.00 milliseconds
              75% <= 0.00 milliseconds
              95% <= 0.00 milliseconds
              98% <= 0.00 milliseconds
              99% <= 0.00 milliseconds
            99.9% <= 0.00 milliseconds


2024-03-15 01:29:36,260 [s0@group-14C72BA94BD1-cacheEviction-AwaitToRun] INFO  util.AwaitToRun (AwaitToRun.java:run(49)) - s0@group-14C72BA94BD1-cacheEviction-AwaitToRun-AwaitForSignal is interrupted
2024-03-15 01:29:36,300 [s2-impl-thread1] INFO  segmented.SegmentedRaftLogWorker (SegmentedRaftLogWorker.java:close(245)) - s2@group-14C72BA94BD1-SegmentedRaftLogWorker close()
3/15/24 1:29:36 AM =============================================================

-- Gauges ----------------------------------------------------------------------
ratis.log_worker.s2@group-14C72BA94BD1.closedSegmentsNum
             value = 0
ratis.log_worker.s2@group-14C72BA94BD1.closedSegmentsSizeInBytes
             value = 0
ratis.log_worker.s2@group-14C72BA94BD1.dataQueueSize
             value = 0
ratis.log_worker.s2@group-14C72BA94BD1.openSegmentSizeInBytes
             value = 0
ratis.log_worker.s2@group-14C72BA94BD1.syncBatchSize
             value = 1
ratis.log_worker.s2@group-14C72BA94BD1.workerQueueSize
             value = 0

-- Counters --------------------------------------------------------------------
ratis.log_worker.s2@group-14C72BA94BD1.appendEntryCount
             count = 5
ratis.log_worker.s2@group-14C72BA94BD1.cacheHitCount
             count = 5
ratis.log_worker.s2@group-14C72BA94BD1.cacheMissCount
             count = 0
ratis.log_worker.s2@group-14C72BA94BD1.configLogEntryCount
             count = 0
ratis.log_worker.s2@group-14C72BA94BD1.flushCount
             count = 5
ratis.log_worker.s2@group-14C72BA94BD1.metadataLogEntryCount
             count = 0
ratis.log_worker.s2@group-14C72BA94BD1.numStateMachineDataReadTimeout
             count = 0
ratis.log_worker.s2@group-14C72BA94BD1.numStateMachineDataWriteTimeout
             count = 0
ratis.log_worker.s2@group-14C72BA94BD1.stateMachineLogEntryCount
             count = 0

-- Timers ----------------------------------------------------------------------
ratis.log_worker.s2@group-14C72BA94BD1.appendEntryLatency
             count = 5
         mean rate = 0.92 calls/second
     1-minute rate = 1.00 calls/second
     5-minute rate = 1.00 calls/second
    15-minute rate = 1.00 calls/second
               min = 0.43 milliseconds
               max = 12.77 milliseconds
              mean = 3.04 milliseconds
            stddev = 4.87 milliseconds
            median = 0.62 milliseconds
              75% <= 0.89 milliseconds
              95% <= 12.77 milliseconds
              98% <= 12.77 milliseconds
              99% <= 12.77 milliseconds
            99.9% <= 12.77 milliseconds
ratis.log_worker.s2@group-14C72BA94BD1.enqueuedTime
             count = 5
         mean rate = 0.92 calls/second
     1-minute rate = 1.00 calls/second
     5-minute rate = 1.00 calls/second
    15-minute rate = 1.00 calls/second
               min = 0.11 milliseconds
               max = 11.54 milliseconds
              mean = 2.44 milliseconds
            stddev = 4.55 milliseconds
            median = 0.15 milliseconds
              75% <= 0.24 milliseconds
              95% <= 11.54 milliseconds
              98% <= 11.54 milliseconds
              99% <= 11.54 milliseconds
            99.9% <= 11.54 milliseconds
ratis.log_worker.s2@group-14C72BA94BD1.flushTime
             count = 5
         mean rate = 0.92 calls/second
     1-minute rate = 1.00 calls/second
     5-minute rate = 1.00 calls/second
    15-minute rate = 1.00 calls/second
               min = 0.16 milliseconds
               max = 0.49 milliseconds
              mean = 0.24 milliseconds
            stddev = 0.13 milliseconds
            median = 0.18 milliseconds
              75% <= 0.21 milliseconds
              95% <= 0.49 milliseconds
              98% <= 0.49 milliseconds
              99% <= 0.49 milliseconds
            99.9% <= 0.49 milliseconds
ratis.log_worker.s2@group-14C72BA94BD1.purgeLog
             count = 0
         mean rate = 0.00 calls/second
     1-minute rate = 0.00 calls/second
     5-minute rate = 0.00 calls/second
    15-minute rate = 0.00 calls/second
               min = 0.00 milliseconds
               max = 0.00 milliseconds
              mean = 0.00 milliseconds
            stddev = 0.00 milliseconds
            median = 0.00 milliseconds
              75% <= 0.00 milliseconds
              95% <= 0.00 milliseconds
              98% <= 0.00 milliseconds
              99% <= 0.00 milliseconds
2024-03-15 01:29:36,305 [s0-impl-thread1] INFO  segmented.SegmentedRaftLogWorker (SegmentedRaftLogWorker.java:close(245)) - s0@group-14C72BA94BD1-SegmentedRaftLogWorker close()
2024-03-15 01:29:36,306 [s1-impl-thread1] INFO  segmented.SegmentedRaftLogWorker (SegmentedRaftLogWorker.java:close(245)) - s1@group-14C72BA94BD1-SegmentedRaftLogWorker close()
3/15/24 1:29:36 AM =============================================================

-- Gauges ------3/15/24 1:29:36 AM- --=-=-=--=-=-=-==-=-=-=-==-=-=--=-==-=-=-=-=-=-==-=-=-=-=-=-=-===-=-=-=-=--=-=-=-=-=-=-=-=-=-=-=-=-=-=-=-=-=-=--=-=-=-=-=--
-

-- Gauges --ratis.log_worker.s0@group-14C72BA94BD1.closedSegmentsNum
-----------------------             value = ----0---
-----ratis.log_worker.s0@group-14C72BA94BD1.closedSegmentsSizeInBytes
-------             value = ---0--
--ratis.log_worker.s0@group-14C72BA94BD1.dataQueueSize
--------             value = ---0--
--ratis.log_worker.s0@group-14C72BA94BD1.openSegmentSizeInBytes
----
             value = ratis.log_worker.s1@group-14C72BA94BD1.closedSegmentsNum
0
ratis.log_worker.s0@group-14C72BA94BD1.syncBatchSize
             value = 0
ratis.log_worker.s1@group-14C72BA94BD1.closedSegmentsSizeInBytes
             value = 1
ratis.log_worker.s0@group-14C72BA94BD1.workerQueueSize
             value = 0
ratis.log_worker.s1@group-14C72BA94BD1.dataQueueSize
             value = 0

-- Counters              value = ---0--
--ratis.log_worker.s1@group-14C72BA94BD1.openSegmentSizeInBytes
-----             value = --0--
-ratis.log_worker.s1@group-14C72BA94BD1.syncBatchSize
-----             value = -1--
-ratis.log_worker.s1@group-14C72BA94BD1.workerQueueSize
-----             value = --0-
--
--- Counters -------------------------------------------------------------------
ratis.log_worker.s0@group-14C72BA94BD1.appendEntryCount
----------             count = -----------5--
---ratis.log_worker.s0@group-14C72BA94BD1.cacheHitCount
------
             count = ratis.log_worker.s1@group-14C72BA94BD1.appendEntryCount
17
ratis.log_worker.s0@group-14C72BA94BD1.cacheMissCount
            99.9% <= 0.00 milliseconds
             count = ratis.log_worker.s2@group-14C72BA94BD1.queueingDelay
5
ratis.log_worker.s1@group-14C72BA94BD1.cacheHitCount
             count = 5
ratis.log_worker.s1@group-14C72BA94BD1.cacheMissCount
             count = 6
             count = 0
ratis.log_worker.s0@group-14C72BA94BD1.configLogEntryCount
             count = 0
ratis.log_worker.s1@group-14C72BA94BD1.configLogEntryCount
         mean rate = 1.10 calls/second
             count = 1
ratis.log_worker.s0@group-14C72BA94BD1.flushCount
             count = 0
     1-minute rate = 1.20 calls/second
ratis.log_worker.s1@group-14C72BA94BD1.flushCount
             count = 5
ratis.log_worker.s0@group-14C72BA94BD1.metadataLogEntryCount
     5-minute rate = 1.20 calls/second
             count = 5
    15-minute rate = 1.20 calls/second
ratis.log_worker.s1@group-14C72BA94BD1.metadataLogEntryCount
             count =                min = 0.02 milliseconds
0
ratis.log_worker.s1@group-14C72BA94BD1.numStateMachineDataReadTimeout
             count = 0               max = 0.03 milliseconds

ratis.log_worker.s1@group-14C72BA94BD1.numStateMachineDataWriteTimeout
             count = 0
              mean = 0.02 milliseconds
ratis.log_worker.s1@group-14C72BA94BD1.stateMachineLogEntryCount
             count = 0

-- Timers            stddev = 0.00 milliseconds
 ------------------            median = 0.02 milliseconds
-----             count = ----2-
--ratis.log_worker.s0@group-14C72BA94BD1.numStateMachineDataReadTimeout
--              75% <= 0.03 milliseconds
---             count = --0--
--ratis.log_worker.s0@group-14C72BA94BD1.numStateMachineDataWriteTimeout
-----             count =               95% <= 0.03 milliseconds
---0--
-ratis.log_worker.s0@group-14C72BA94BD1.stateMachineLogEntryCount
------             count = -2-              98% <= 0.03 milliseconds
-

--- Timers- ---------------------------
              99% <= 0.03 milliseconds
--------ratis.log_worker.s1@group-14C72BA94BD1.appendEntryLatency
----------------------------            99.9% <= 0.03 milliseconds
-----ratis.log_worker.s2@group-14C72BA94BD1.readEntryLatency
---------
ratis.log_worker.s0@group-14C72BA94BD1.appendEntryLatency
             count = 5
             count = 0
         mean rate = 0.00 calls/second
             count = 5
         mean rate = 0.91 calls/second
     1-minute rate = 0.00 calls/second
         mean rate = 0.89 calls/second
     5-minute rate = 0.00 calls/second
     1-minute rate = 1.00 calls/second
     1-minute rate = 1.00 calls/second
    15-minute rate = 0.00 calls/second
     5-minute rate = 1.00 calls/second
    15-minute rate = 1.00 calls/second
               min = 0.00 milliseconds
     5-minute rate = 1.00 calls/second
               max = 0.00 milliseconds
               min = 0.39 milliseconds
    15-minute rate = 1.00 calls/second
              mean = 0.00 milliseconds
               max = 13.50 milliseconds
            stddev = 0.00 milliseconds
               min = 0.68 milliseconds
              mean = 4.18 milliseconds
            median = 0.00 milliseconds
               max = 58.69 milliseconds
              75% <= 0.00 milliseconds
            stddev = 5.15 milliseconds
              mean = 13.72 milliseconds
              95% <= 0.00 milliseconds
            median = 0.48 milliseconds
              98% <= 0.00 milliseconds
            stddev = 22.60 milliseconds
              75% <= 6.08 milliseconds
              99% <= 0.00 milliseconds
            median = 1.50 milliseconds
              95% <= 13.50 milliseconds
            99.9% <= 0.00 milliseconds
ratis.log_worker.s2@group-14C72BA94BD1.segmentLoadLatency
              75% <= 6.84 milliseconds
              98% <= 13.50 milliseconds
             count = 0
         mean rate = 0.00 calls/second
              95% <= 58.69 milliseconds
              99% <= 13.50 milliseconds
     1-minute rate = 0.00 calls/second
              98% <= 58.69 milliseconds
            99.9% <= 13.50 milliseconds
ratis.log_worker.s1@group-14C72BA94BD1.enqueuedTime
     5-minute rate = 0.00 calls/second
              99% <= 58.69 milliseconds
    15-minute rate = 0.00 calls/second
             count = 5
            99.9% <= 58.69 milliseconds
ratis.log_worker.s0@group-14C72BA94BD1.enqueuedTime
               min = 0.00 milliseconds
         mean rate = 0.91 calls/second
     1-minute rate = 1.00 calls/second
               max = 0.00 milliseconds
             count = 3
              mean = 0.00 milliseconds
     5-minute rate = 1.00 calls/second
         mean rate = 0.54 calls/second
            stddev = 0.00 milliseconds
    15-minute rate = 1.00 calls/second
            median = 0.00 milliseconds
     1-minute rate = 0.60 calls/second
               min = 0.00 milliseconds
              75% <= 0.00 milliseconds
     5-minute rate = 0.60 calls/second
               max = 10.42 milliseconds
    15-minute rate = 0.60 calls/second
              mean = 3.28 milliseconds
               min = 0.27 milliseconds
            stddev = 4.16 milliseconds
               max = 13.68 milliseconds
              mean = 6.70 milliseconds
            stddev = 5.49 milliseconds
            median = 0.21 milliseconds
            median = 6.14 milliseconds
              75% <= 5.62 milliseconds
              75% <= 13.68 milliseconds
              95% <= 13.68 milliseconds
              95% <= 10.42 milliseconds
              98% <= 13.68 milliseconds
              99% <= 13.68 milliseconds
              98% <= 10.42 milliseconds
            99.9% <= 13.68 milliseconds
ratis.log_worker.s0@group-14C72BA94BD1.flushTime
              99% <= 10.42 milliseconds
             count = 5
            99.9% <= 10.42 milliseconds
         mean rate = 0.89 calls/second
ratis.log_worker.s1@group-14C72BA94BD1.flushTime
     1-minute rate = 1.00 calls/second
     5-minute rate = 1.00 calls/second
             count = 5
    15-minute rate = 1.00 calls/second
               min = 0.18 milliseconds
         mean rate = 0.91 calls/second
               max = 4.19 milliseconds
     1-minute rate = 1.00 calls/second
              mean = 1.28 milliseconds
            stddev = 1.50 milliseconds
     5-minute rate = 1.00 calls/second
            median = 0.49 milliseconds
    15-minute rate = 1.00 calls/second
              75% <= 1.22 milliseconds
               min = 0.15 milliseconds
              95% <= 4.19 milliseconds
               max = 2.35 milliseconds
              98% <= 4.19 milliseconds
              99% <= 4.19 milliseconds
              mean = 0.62 milliseconds
            99.9% <= 4.19 milliseconds
ratis.log_worker.s0@group-14C72BA94BD1.purgeLog
             count = 0
            stddev = 0.87 milliseconds
         mean rate = 0.00 calls/second
     1-minute rate = 0.00 calls/second
            median = 0.20 milliseconds
     5-minute rate = 0.00 calls/second
    15-minute rate = 0.00 calls/second
              75% <= 0.26 milliseconds
               min = 0.00 milliseconds
               max = 0.00 milliseconds
              mean = 0.00 milliseconds
              95% <= 2.35 milliseconds
            stddev = 0.00 milliseconds
            median = 0.00 milliseconds
              98% <= 2.35 milliseconds
              75% <= 0.00 milliseconds
              95% <= 0.00 milliseconds
              99% <= 2.35 milliseconds
              98% <= 0.00 milliseconds
              99% <= 0.00 milliseconds
            99.9% <= 2.35 milliseconds
            99.9% <= 0.00 milliseconds
ratis.log_worker.s0@group-14C72BA94BD1.queueingDelay
ratis.log_worker.s1@group-14C72BA94BD1.purgeLog
             count = 0
             count = 6
         mean rate = 0.00 calls/second
         mean rate = 1.07 calls/second
     1-minute rate = 1.20 calls/second
     1-minute rate = 0.00 calls/second
     5-minute rate = 1.20 calls/second
     5-minute rate = 0.00 calls/second
    15-minute rate = 1.20 calls/second
    15-minute rate = 0.00 calls/second
               min = 0.02 milliseconds
               min = 0.00 milliseconds
               max = 32.33 milliseconds
               max = 0.00 milliseconds
              mean = 5.66 milliseconds
              mean = 0.00 milliseconds
            stddev = 11.93 milliseconds
            stddev = 0.00 milliseconds
            median = 0.35 milliseconds
            median = 0.00 milliseconds
              75% <= 0.98 milliseconds
              75% <= 0.00 milliseconds
              95% <= 32.33 milliseconds
              98% <= 32.33 milliseconds
              95% <= 0.00 milliseconds
              99% <= 32.33 milliseconds
              98% <= 0.00 milliseconds
            99.9% <= 32.33 milliseconds
ratis.log_worker.s0@group-14C72BA94BD1.readEntryLatency
              99% <= 0.00 milliseconds
             count = 0
            99.9% <= 0.00 milliseconds
         mean rate = 0.00 calls/second
ratis.log_worker.s1@group-14C72BA94BD1.queueingDelay
     1-minute rate = 0.00 calls/second
     5-minute rate = 0.00 calls/second
    15-minute rate = 0.00 calls/second
             count = 6
               min = 0.00 milliseconds
               max = 0.00 milliseconds
         mean rate = 1.10 calls/second
              mean = 0.00 milliseconds
            stddev = 0.00 milliseconds
            median = 0.00 milliseconds
     1-minute rate = 1.20 calls/second
              75% <= 0.00 milliseconds
              95% <= 0.00 milliseconds
     5-minute rate = 1.20 calls/second
              98% <= 0.00 milliseconds
              99% <= 0.00 milliseconds
    15-minute rate = 1.20 calls/second
            99.9% <= 0.00 milliseconds
ratis.log_worker.s0@group-14C72BA94BD1.segmentLoadLatency
             count = 0
               min = 0.02 milliseconds
         mean rate = 0.00 calls/second
     1-minute rate = 0.00 calls/second
               max = 0.03 milliseconds
     5-minute rate = 0.00 calls/second
    15-minute rate = 0.00 calls/second
              mean = 0.02 milliseconds
               min = 0.00 milliseconds
               max = 0.00 milliseconds
              mean = 0.00 milliseconds
            stddev = 0.00 milliseconds
            stddev = 0.00 milliseconds
            median = 0.00 milliseconds
              75% <= 0.00 milliseconds
            median = 0.02 milliseconds
              95% <= 0.00 milliseconds
              75% <= 0.03 milliseconds
              98% <= 0.00 milliseconds
              99% <= 0.00 milliseconds
            99.9% <= 0.00 milliseconds
ratis.log_worker.s0@group-14C72BA94BD1.startlogsegmentExecutionTime
              95% <= 0.03 milliseconds
             count = 1
              98% <= 0.03 milliseconds
         mean rate = 0.19 calls/second
     1-minute rate = 0.20 calls/second
              99% <= 0.03 milliseconds
     5-minute rate = 0.20 calls/second
    15-minute rate = 0.20 calls/second
            99.9% <= 0.03 milliseconds
ratis.log_worker.s1@group-14C72BA94BD1.readEntryLatency
               min = 45.79 milliseconds
             count = 0
               max = 45.79 milliseconds
              mean = 45.79 milliseconds
         mean rate = 0.00 calls/second
            stddev = 0.00 milliseconds
     1-minute rate = 0.00 calls/second
            median = 45.79 milliseconds
     5-minute rate = 0.00 calls/second
              75% <= 45.79 milliseconds
    15-minute rate = 0.00 calls/second
              95% <= 45.79 milliseconds
               min = 0.00 milliseconds
              98% <= 45.79 milliseconds
               max = 0.00 milliseconds
              99% <= 45.79 milliseconds
              mean = 0.00 milliseconds
            99.9% <= 45.79 milliseconds
ratis.log_worker.s0@group-14C72BA94BD1.syncTime
            stddev = 0.00 milliseconds
             count = 5
            median = 0.00 milliseconds
         mean rate = 0.89 calls/second
              75% <= 0.00 milliseconds
     1-minute rate = 1.00 calls/second
              95% <= 0.00 milliseconds
     5-minute rate = 1.00 calls/second
              98% <= 0.00 milliseconds
    15-minute rate = 1.00 calls/second
               min = 0.12 milliseconds
              99% <= 0.00 milliseconds
               max = 1.16 milliseconds
            99.9% <= 0.00 milliseconds
ratis.log_worker.s1@group-14C72BA94BD1.segmentLoadLatency
              mean = 0.61 milliseconds
             count = 0
            stddev = 0.43 milliseconds
         mean rate = 0.00 calls/second
            median = 0.43 milliseconds
              75% <= 1.09 milliseconds
     1-minute rate = 0.00 calls/second
              95% <= 1.16 milliseconds
     5-minute rate = 0.00 calls/second
              98% <= 1.16 milliseconds
    15-minute rate = 0.00 calls/second
              99% <= 1.16 milliseconds
               min = 0.00 milliseconds
            99.9% <= 1.16 milliseconds
ratis.log_worker.s0@group-14C72BA94BD1.writelogExecutionTime
               max = 0.00 milliseconds
             count = 5
              mean = 0.00 milliseconds
         mean rate = 0.98 calls/second
            stddev = 0.00 milliseconds
     1-minute rate = 1.00 calls/second
     5-minute rate = 1.00 calls/second
            median = 0.00 milliseconds
    15-minute rate = 1.00 calls/second
              75% <= 0.00 milliseconds
               min = 0.27 milliseconds
               max = 8.04 milliseconds
              95% <= 0.00 milliseconds
              mean = 2.15 milliseconds
              98% <= 0.00 milliseconds
            stddev = 2.97 milliseconds
            median = 0.59 milliseconds
              99% <= 0.00 milliseconds
              75% <= 1.36 milliseconds
              95% <= 8.04 milliseconds
            99.9% <= 0.00 milliseconds
ratis.log_worker.s1@group-14C72BA94BD1.startlogsegmentExecutionTime
             count = 1
              98% <= 8.04 milliseconds
              99% <= 8.04 milliseconds
         mean rate = 0.20 calls/second
            99.9% <= 8.04 milliseconds


     1-minute rate = 0.20 calls/second
     5-minute rate = 0.20 calls/second
3/15/24 1:29:36 AM ==    15-minute rate = 0.20 calls/second
===================               min = 9.90 milliseconds
=              95% <= 0.00 milliseconds
===============              98% <= 0.00 milliseconds
               max = 9.90 milliseconds
============              99% <= 0.00 milliseconds
=====              mean = 9.90 milliseconds
=====            99.9% <= 0.00 milliseconds
==ratis.log_worker.s2@group-14C72BA94BD1.startlogsegmentExecutionTime


-- Gauges             stddev = 0.00 milliseconds
------------             count = 1
-------            median = 9.90 milliseconds
-----------         mean rate = 0.20 calls/second
--------              75% <= 9.90 milliseconds
-------     1-minute rate = 0.20 calls/second
------------              95% <= 9.90 milliseconds
-     5-minute rate = 0.20 calls/second
------------
    15-minute rate = 0.20 calls/second
ratis.leader_election.s0@group-14C72BA94BD1.lastLeaderElapsedTime
              98% <= 9.90 milliseconds
               min = 11.26 milliseconds
              99% <= 9.90 milliseconds
               max = 11.26 milliseconds
            99.9% <= 9.90 milliseconds
ratis.log_worker.s1@group-14C72BA94BD1.syncTime
             count = 5
         mean rate = 0.91 calls/second
     1-minute rate = 1.00 calls/second
     5-minute rate = 1.00 calls/second
    15-minute rate = 1.00 calls/second
             value = 0
ratis.leader_election.s0@group-14C72BA94BD1.lastLeaderElectionElapsedTime
               min = 0.10 milliseconds
               max = 2.31 milliseconds
              mean = 0.57 milliseconds
            stddev = 0.87 milliseconds
            median = 0.15 milliseconds
              75% <= 0.21 milliseconds
             value = 5119              95% <= 2.31 milliseconds


-- Counters ------------              98% <= 2.31 milliseconds
-----------------              99% <= 2.31 milliseconds
-----------------            99.9% <= 2.31 milliseconds
--ratis.log_worker.s1@group-14C72BA94BD1.writelogExecutionTime
--------------------
             count = 5
ratis.leader_election.s0@group-14C72BA94BD1.electionCount
             count = 1         mean rate = 0.98 calls/second

ratis.leader_election.s0@group-14C72BA94BD1.timeoutCount
             count = 1     1-minute rate = 1.00 calls/second

ratis.leader_election.s0@group-14C72BA94BD1.transferLeadershipCount
             count = 0     5-minute rate = 1.00 calls/second


-- Timers ----------    15-minute rate = 1.00 calls/second
---------------               min = 0.23 milliseconds
-----------------               max = 2.67 milliseconds
------------------              mean = 0.76 milliseconds
----------
ratis.leader_election.s0@group-14C72BA94BD1.electionTime
            stddev = 0.96 milliseconds
             count = 1
            median = 0.31 milliseconds
         mean rate = 0.18 calls/second
              75% <= 0.34 milliseconds
     1-minute rate = 0.20 calls/second
              95% <= 2.67 milliseconds
     5-minute rate = 0.20 calls/second
              98% <= 2.67 milliseconds
    15-minute rate = 0.20 calls/second
              99% <= 2.67 milliseconds
               min = 172.45 milliseconds
            99.9% <= 2.67 milliseconds


               max = 172.45 milliseconds
              mean = 172.45 milliseconds
            stddev = 0.00 milliseconds
            median = 172.45 milliseconds
              75% <= 172.45 milliseconds
3/15/24 1:29:36 AM ==============              95% <= 172.45 milliseconds
=====================              98% <= 172.45 milliseconds
=======================              99% <= 172.45 milliseconds
===

-- Gauges -------------            99.9% <= 172.45 milliseconds
--
--
-----------------------------------------------------
ratis.leader_election.s1@group-14C72BA94BD1.lastLeaderElapsedTime
             value = 0
ratis.leader_election.s1@group-14C72BA94BD1.lastLeaderElectionElapsedTime
             value = -1

-- Counters --------------------------------------------------------------------
ratis.leader_election.s1@group-14C72BA94BD1.electionCount
             count = 0
ratis.leader_election.s1@group-14C72BA94BD1.timeoutCount
             count = 0
ratis.leader_election.s1@group-14C72BA94BD1.transferLeadershipCount
             count = 0

-- Timers --------------------------------------2024-03-15 01:29:36,313 [JvmPauseMonitor0] INFO  util.JvmPauseMonitor (JvmPauseMonitor.java:run(152)) - JvmPauseMonitor-s0: Stopped
--------------------------------
ratis.leader_election.s1@group-14C72BA94BD1.electionTime
             count = 0
         mean rate = 0.00 calls/second
     1-minute rate = 0.00 calls/second
              mean = 11.26 milliseconds
            stddev = 0.00 milliseconds
            median = 11.26 milliseconds
     5-minute rate = 0.00 calls/second
    15-minute rate = 0.00 calls/second
              75% <= 11.26 milliseconds
               min = 0.00 milliseconds
              95% <= 11.26 milliseconds
               max = 0.00 milliseconds
              98% <= 11.26 milliseconds
              mean = 0.00 milliseconds
              99% <= 11.26 milliseconds
            stddev = 0.00 milliseconds
            99.9% <= 11.26 milliseconds
ratis.log_worker.s2@group-14C72BA94BD1.syncTime
            median = 0.00 milliseconds
              75% <= 0.00 milliseconds
             count = 5
              95% <= 0.00 milliseconds
         mean rate = 0.92 calls/second
              98% <= 0.00 milliseconds
     1-minute rate = 1.00 calls/second
              99% <= 0.00 milliseconds
     5-minute rate = 1.00 calls/second
    15-minute rate = 1.00 calls/second
            99.9% <= 0.00 milliseconds


               min = 0.12 milliseconds
               max = 0.45 milliseconds
              mean = 0.19 milliseconds
            stddev = 0.13 milliseconds
            median = 0.13 milliseconds
              75% <= 0.15 milliseconds
3/15/24 1:29:36 AM              95% <= 0.45 milliseconds
 =======================              98% <= 0.45 milliseconds
=======================              99% <= 0.45 milliseconds
===============

-- Gauges ---            99.9% <= 0.45 milliseconds
---ratis.log_worker.s2@group-14C72BA94BD1.writelogExecutionTime
----------------------------             count = 5
-------------------------         mean rate = 0.98 calls/second
-----------
ratis.server.s1@group-14C72BA94BD1.retryCacheEntryCount
     1-minute rate = 1.00 calls/second
     5-minute rate = 1.00 calls/second
    15-minute rate = 1.00 calls/second
             value =                min = 0.22 milliseconds
2
ratis.server.s1@group-14C72BA94BD1.retryCacheHitCount
               max = 0.59 milliseconds
             value = 0
ratis.server.s1@group-14C72BA94BD1.retryCacheHitRate
              mean = 0.38 milliseconds
             value = 0.0
ratis.server.s1@group-14C72BA94BD1.retryCacheMissCount
            stddev = 0.17 milliseconds
             value = 2
ratis.server.s1@group-14C72BA94BD1.retryCacheMissRate
            median = 0.25 milliseconds
             value = 1.0
ratis.server.s1@group-14C72BA94BD1.s1_peerCommitIndex
              75% <= 0.59 milliseconds
             value = 4

-- Counters -              95% <= 0.59 milliseconds
----------------              98% <= 0.59 milliseconds
--------------------              99% <= 0.59 milliseconds
--------------------            99.9% <= 0.59 milliseconds
--
-
--------
ratis.server.s1@group-14C72BA94BD1.numFailedClientReadOnServer
             count = 0
ratis.server.s1@group-14C72BA94BD1.numFailedClientStaleReadOnServer
3/15/24 1:29:36 AM ================             count = ======0==
===ratis.server.s1@group-14C72BA94BD1.numFailedClientStreamOnServer
===========             count = =====0==
==ratis.server.s1@group-14C72BA94BD1.numFailedClientWatchOnServer
=========             count = ===0==

ratis.server.s1@group-14C72BA94BD1.numFailedClientWriteOnServer

-- Gauges             count =  --0-
--ratis.server.s1@group-14C72BA94BD1.numInstallSnapshot
-----             count = ---0--
--ratis.server.s1@group-14C72BA94BD1.numRequestQueueLimitHits
-----             count = ---0--
--ratis.server.s1@group-14C72BA94BD1.numRequestsByteSizeLimitHits
-----             count = ---0--
--ratis.server.s1@group-14C72BA94BD1.numResourceLimitHits
-----             count = ----0-
--ratis.server.s1@group-14C72BA94BD1.numWatch-ALLRequestQueueLimitHits
-----             count = ---0---
--ratis.server.s1@group-14C72BA94BD1.numWatch-ALLRequestTimeout
----             count = 
0
ratis.leader_election.s2@group-14C72BA94BD1.lastLeaderElapsedTime
ratis.server.s1@group-14C72BA94BD1.numWatch-ALL_COMMITTEDRequestQueueLimitHits
             count = 0
ratis.server.s1@group-14C72BA94BD1.numWatch-ALL_COMMITTEDRequestTimeout
             value = 0
ratis.leader_election.s2@group-14C72BA94BD1.lastLeaderElectionElapsedTime
             count = 0
ratis.server.s1@group-14C72BA94BD1.numWatch-MAJORITY_COMMITTEDRequestQueueLimitHits
             value = -1

-- Counters             count =  --0-
-ratis.server.s1@group-14C72BA94BD1.numWatch-MAJORITY_COMMITTEDRequestTimeout
----             count = ---0-
---ratis.server.s1@group-14C72BA94BD1.numWatch-UNRECOGNIZEDRequestQueueLimitHits
------             count = ---0--
--ratis.server.s1@group-14C72BA94BD1.numWatch-UNRECOGNIZEDRequestTimeout
-------             count = ---0---
-ratis.server.s1@group-14C72BA94BD1.numWatchRequestQueueLimitHits
----             count = --0--
-ratis.server.s1@group-14C72BA94BD1.numWatchRequestTimeout
----             count = ----0-
-
---- Timers- ----------
---ratis.leader_election.s2@group-14C72BA94BD1.electionCount
------------------             count = ------0---
---ratis.leader_election.s2@group-14C72BA94BD1.timeoutCount
-------             count = ----0---
---ratis.leader_election.s2@group-14C72BA94BD1.transferLeadershipCount
------             count = ---0--
--
-
-- Timers -ratis.server.s1@group-14C72BA94BD1.clientReadRequest
---------------             count = 0
-----------------------         mean rate = 0.00 calls/second
----------------------     1-minute rate = 0.00 calls/second
---------
     5-minute rate = 0.00 calls/second
ratis.leader_election.s2@group-14C72BA94BD1.electionTime
    15-minute rate = 0.00 calls/second
               min = 0.00 milliseconds
             count = 0
               max = 0.00 milliseconds
              mean = 0.00 milliseconds
         mean rate = 0.00 calls/second
            stddev = 0.00 milliseconds
            median = 0.00 milliseconds
     1-minute rate = 0.00 calls/second
              75% <= 0.00 milliseconds
     5-minute rate = 0.00 calls/second
              95% <= 0.00 milliseconds
    15-minute rate = 0.00 calls/second
              98% <= 0.00 milliseconds
              99% <= 0.00 milliseconds
               min = 0.00 milliseconds
            99.9% <= 0.00 milliseconds
ratis.server.s1@group-14C72BA94BD1.clientStaleReadRequest
               max = 0.00 milliseconds
             count = 0
              mean = 0.00 milliseconds
         mean rate = 0.00 calls/second
            stddev = 0.00 milliseconds
     1-minute rate = 0.00 calls/second
            median = 0.00 milliseconds
     5-minute rate = 0.00 calls/second
    15-minute rate = 0.00 calls/second
              75% <= 0.00 milliseconds
               min = 0.00 milliseconds
              95% <= 0.00 milliseconds
               max = 0.00 milliseconds
              98% <= 0.00 milliseconds
              mean = 0.00 milliseconds
              99% <= 0.00 milliseconds
            stddev = 0.00 milliseconds
            median = 0.00 milliseconds
            99.9% <= 0.00 milliseconds


              75% <= 0.00 milliseconds
              95% <= 0.00 milliseconds
              98% <= 0.00 milliseconds
              99% <= 0.00 milliseconds
            99.9% <= 0.00 milliseconds
ratis.server.s1@group-14C72BA94BD1.clientWatch-ALLRequest
             count = 0
         mean rate = 0.00 calls/second
     1-minute rate = 0.00 calls/second
     5-minute rate = 0.00 calls/second
3/15/24 1:29:36 AM    15-minute rate = 0.00 calls/second
 ==========               min = 0.00 milliseconds
=========               max = 0.00 milliseconds
==========              mean = 0.00 milliseconds
=========            stddev = 0.00 milliseconds
=========            median = 0.00 milliseconds
========              75% <= 0.00 milliseconds
======

              95% <= 0.00 milliseconds
-- Gauges --------              98% <= 0.00 milliseconds
-----------              99% <= 0.00 milliseconds
------------            99.9% <= 0.00 milliseconds
--ratis.server.s1@group-14C72BA94BD1.clientWatch-ALL_COMMITTEDRequest
-----------------             count = 0
------------         mean rate = 0.00 calls/second
--------
ratis.server.s2@group-14C72BA94BD1.retryCacheEntryCount
     1-minute rate = 0.00 calls/second
     5-minute rate = 0.00 calls/second
             value =     15-minute rate = 0.00 calls/second
2
ratis.server.s2@group-14C72BA94BD1.retryCacheHitCount
               min = 0.00 milliseconds
               max = 0.00 milliseconds
             value = 0
              mean = 0.00 milliseconds
ratis.server.s2@group-14C72BA94BD1.retryCacheHitRate
            stddev = 0.00 milliseconds
             value = 0.0            median = 0.00 milliseconds

ratis.server.s2@group-14C72BA94BD1.retryCacheMissCount
              75% <= 0.00 milliseconds
             value = 2
ratis.server.s2@group-14C72BA94BD1.retryCacheMissRate
              95% <= 0.00 milliseconds
             value = 1.0
              98% <= 0.00 milliseconds
ratis.server.s2@group-14C72BA94BD1.s2_peerCommitIndex
             value =               99% <= 0.00 milliseconds
4

-- Counters ---            99.9% <= 0.00 milliseconds
---ratis.server.s1@group-14C72BA94BD1.clientWatch-MAJORITY_COMMITTEDRequest
-----------------             count = 0
------------         mean rate = 0.00 calls/second
------------     1-minute rate = 0.00 calls/second
---------     5-minute rate = 0.00 calls/second
---------    15-minute rate = 0.00 calls/second
---
ratis.server.s2@group-14C72BA94BD1.numFailedClientReadOnServer
               min = 0.00 milliseconds
             count =                max = 0.00 milliseconds
0
ratis.server.s2@group-14C72BA94BD1.numFailedClientStaleReadOnServer
              mean = 0.00 milliseconds
             count = 0
            stddev = 0.00 milliseconds
ratis.server.s2@group-14C72BA94BD1.numFailedClientStreamOnServer
            median = 0.00 milliseconds
             count = 0              75% <= 0.00 milliseconds

ratis.server.s2@group-14C72BA94BD1.numFailedClientWatchOnServer
              95% <= 0.00 milliseconds
             count = 0
              98% <= 0.00 milliseconds
ratis.server.s2@group-14C72BA94BD1.numFailedClientWriteOnServer
             count = 1              99% <= 0.00 milliseconds

ratis.server.s2@group-14C72BA94BD1.numInstallSnapshot
            99.9% <= 0.00 milliseconds
ratis.server.s1@group-14C72BA94BD1.clientWatch-UNRECOGNIZEDRequest
             count = 0
             count = 0
ratis.server.s2@group-14C72BA94BD1.numRequestQueueLimitHits
             count =          mean rate = 0.00 calls/second
0
ratis.server.s2@group-14C72BA94BD1.numRequestsByteSizeLimitHits
             count =      1-minute rate = 0.00 calls/second
0
ratis.server.s2@group-14C72BA94BD1.numResourceLimitHits
     5-minute rate = 0.00 calls/second
             count = 0    15-minute rate = 0.00 calls/second

ratis.server.s2@group-14C72BA94BD1.numWatch-ALLRequestQueueLimitHits
             count =                min = 0.00 milliseconds
0
ratis.server.s2@group-14C72BA94BD1.numWatch-ALLRequestTimeout
             count = 0
               max = 0.00 milliseconds
ratis.server.s2@group-14C72BA94BD1.numWatch-ALL_COMMITTEDRequestQueueLimitHits
             count = 0              mean = 0.00 milliseconds

ratis.server.s2@group-14C72BA94BD1.numWatch-ALL_COMMITTEDRequestTimeout
             count =             stddev = 0.00 milliseconds
0
ratis.server.s2@group-14C72BA94BD1.numWatch-MAJORITY_COMMITTEDRequestQueueLimitHits
            median = 0.00 milliseconds
             count = 0
ratis.server.s2@group-14C72BA94BD1.numWatch-MAJORITY_COMMITTEDRequestTimeout
              75% <= 0.00 milliseconds
             count = 0
ratis.server.s2@group-14C72BA94BD1.numWatch-UNRECOGNIZEDRequestQueueLimitHits
             count =               95% <= 0.00 milliseconds
0
ratis.server.s2@group-14C72BA94BD1.numWatch-UNRECOGNIZEDRequestTimeout
              98% <= 0.00 milliseconds
             count = 0
ratis.server.s2@group-14C72BA94BD1.numWatchRequestQueueLimitHits
              99% <= 0.00 milliseconds
             count = 0
ratis.server.s2@group-14C72BA94BD1.numWatchRequestTimeout
             count = 0

            99.9% <= 0.00 milliseconds
-- Timersratis.server.s1@group-14C72BA94BD1.clientWatchRequest
 --------------             count = 0
-----------         mean rate = 0.00 calls/second
----------     1-minute rate = 0.00 calls/second
---------     5-minute rate = 0.00 calls/second
--------    15-minute rate = 0.00 calls/second
---------               min = 0.00 milliseconds
--------               max = 0.00 milliseconds
-
ratis.server.s2@group-14C72BA94BD1.clientReadRequest
              mean = 0.00 milliseconds
            stddev = 0.00 milliseconds
             count = 0
            median = 0.00 milliseconds
              75% <= 0.00 milliseconds
         mean rate = 0.00 calls/second
              95% <= 0.00 milliseconds
              98% <= 0.00 milliseconds
     1-minute rate = 0.00 calls/second
              99% <= 0.00 milliseconds
     5-minute rate = 0.00 calls/second
            99.9% <= 0.00 milliseconds
ratis.server.s1@group-14C72BA94BD1.clientWriteRequest
    15-minute rate = 0.00 calls/second
             count = 0
               min = 0.00 milliseconds
         mean rate = 0.00 calls/second
               max = 0.00 milliseconds
     1-minute rate = 0.00 calls/second
              mean = 0.00 milliseconds
     5-minute rate = 0.00 calls/second
            stddev = 0.00 milliseconds
    15-minute rate = 0.00 calls/second
            median = 0.00 milliseconds
               min = 0.00 milliseconds
               max = 0.00 milliseconds
              75% <= 0.00 milliseconds
              mean = 0.00 milliseconds
              95% <= 0.00 milliseconds
            stddev = 0.00 milliseconds
              98% <= 0.00 milliseconds
            median = 0.00 milliseconds
              99% <= 0.00 milliseconds
              75% <= 0.00 milliseconds
            99.9% <= 0.00 milliseconds
ratis.server.s2@group-14C72BA94BD1.clientStaleReadRequest
              95% <= 0.00 milliseconds
             count = 0
              98% <= 0.00 milliseconds
         mean rate = 0.00 calls/second
              99% <= 0.00 milliseconds
     1-minute rate = 0.00 calls/second
            99.9% <= 0.00 milliseconds
     5-minute rate = 0.00 calls/second
ratis.server.s1@group-14C72BA94BD1.follower_append_entry_latency
    15-minute rate = 0.00 calls/second
             count = 5
               min = 0.00 milliseconds
               max = 0.00 milliseconds
         mean rate = 0.88 calls/second
              mean = 0.00 milliseconds
            stddev = 0.00 milliseconds
     1-minute rate = 1.00 calls/second
            median = 0.00 milliseconds
     5-minute rate = 1.00 calls/second
              75% <= 0.00 milliseconds
    15-minute rate = 1.00 calls/second
              95% <= 0.00 milliseconds
               min = 0.59 milliseconds
              98% <= 0.00 milliseconds
               max = 13.93 milliseconds
              99% <= 0.00 milliseconds
            99.9% <= 0.00 milliseconds
              mean = 5.01 milliseconds
ratis.server.s2@group-14C72BA94BD1.clientWatch-ALLRequest
             count = 0
            stddev = 5.47 milliseconds
         mean rate = 0.00 calls/second
            median = 0.86 milliseconds
     1-minute rate = 0.00 calls/second
              75% <= 8.91 milliseconds
     5-minute rate = 0.00 calls/second
              95% <= 13.93 milliseconds
    15-minute rate = 0.00 calls/second
              98% <= 13.93 milliseconds
               min = 0.00 milliseconds
               max = 0.00 milliseconds
              99% <= 13.93 milliseconds
              mean = 0.00 milliseconds
            99.9% <= 13.93 milliseconds
            stddev = 0.00 milliseconds
ratis.server.s1@group-14C72BA94BD1.follower_append_entry_latency_heartbeat
            median = 0.00 milliseconds
              75% <= 0.00 milliseconds
              95% <= 0.00 milliseconds
              98% <= 0.00 milliseconds
              99% <= 0.00 milliseconds
            99.9% <= 0.00 milliseconds
ratis.server.s2@group-14C72BA94BD1.clientWatch-ALL_COMMITTEDRequest
             count = 0
         mean rate = 0.00 calls/second
     1-minute rate = 0.00 calls/second
     5-minute rate = 0.00 calls/second
    15-minute rate = 0.00 calls/second
               min = 0.00 milliseconds
               max = 0.00 milliseconds
              mean = 0.00 milliseconds
            stddev = 0.00 milliseconds
            median = 0.00 milliseconds
              75% <= 0.00 milliseconds
              95% <= 0.00 milliseconds
              98% <= 0.00 milliseconds
              99% <= 0.00 milliseconds
            99.9% <= 0.00 milliseconds
ratis.server.s2@group-14C72BA94BD1.clientWatch-MAJORITY_COMMITTEDRequest
             count = 0
         mean rate = 0.00 calls/second
     1-minute rate = 0.00 calls/second
     5-minute rate = 0.00 calls/second
    15-minute rate = 0.00 calls/second
               min = 0.00 milliseconds
               max = 0.00 milliseconds
              mean = 0.00 milliseconds
            stddev = 0.00 milliseconds
            median = 0.00 milliseconds
              75% <= 0.00 milliseconds
             count = 65
              95% <= 0.00 milliseconds
              98% <= 0.00 milliseconds
         mean rate = 11.41 calls/second
              99% <= 0.00 milliseconds
            99.9% <= 0.00 milliseconds
     1-minute rate = 11.40 calls/second
ratis.server.s2@group-14C72BA94BD1.clientWatch-UNRECOGNIZEDRequest
             count = 0
     5-minute rate = 11.40 calls/second
         mean rate = 0.00 calls/second
    15-minute rate = 11.40 calls/second
     1-minute rate = 0.00 calls/second
               min = 0.07 milliseconds
     5-minute rate = 0.00 calls/second
    15-minute rate = 0.00 calls/second
               max = 2.73 milliseconds
               min = 0.00 milliseconds
              mean = 0.18 milliseconds
               max = 0.00 milliseconds
              mean = 0.00 milliseconds
            stddev = 0.32 milliseconds
            stddev = 0.00 milliseconds
            median = 0.13 milliseconds
            median = 0.00 milliseconds
              75% <= 0.00 milliseconds
              75% <= 0.18 milliseconds
              95% <= 0.00 milliseconds
              95% <= 0.20 milliseconds
              98% <= 0.00 milliseconds
              99% <= 0.00 milliseconds
              98% <= 0.32 milliseconds
            99.9% <= 0.00 milliseconds
ratis.server.s2@group-14C72BA94BD1.clientWatchRequest
              99% <= 2.73 milliseconds
             count = 0
            99.9% <= 2.73 milliseconds


         mean rate = 0.00 calls/second
     1-minute rate = 0.00 calls/second
     5-minute rate = 0.00 calls/second
    15-minute rate = 0.00 calls/second
               min = 0.00 milliseconds
               max = 0.00 milliseconds
              mean = 0.00 milliseconds
            stddev = 0.00 milliseconds
            median = 0.00 milliseconds
              75% <= 0.00 milliseconds
              95% <= 0.00 milliseconds
              98% <= 0.00 milliseconds
              99% <= 0.00 milliseconds
            99.9% <= 0.00 milliseconds
ratis.server.s2@group-14C72BA94BD1.clientWriteRequest
             count = 1
         mean rate = 0.18 calls/second
     1-minute rate = 0.20 calls/second
     5-minute rate = 0.20 calls/second
    15-minute rate = 0.20 calls/second
               min = 0.23 milliseconds
               max = 0.23 milliseconds
              mean = 0.23 milliseconds
            stddev = 0.00 milliseconds
            median = 0.23 milliseconds
              75% <= 0.23 milliseconds
              95% <= 0.23 milliseconds
              98% <= 0.23 milliseconds
              99% <= 0.23 milliseconds
            99.9% <= 0.23 milliseconds
ratis.server.s2@group-14C72BA94BD1.follower_append_entry_latency
             count = 5
         mean rate = 0.88 calls/second
     1-minute rate = 1.00 calls/second
     5-minute rate = 1.00 calls/second
    15-minute rate = 1.00 calls/second
               min = 0.56 milliseconds
               max = 14.97 milliseconds
              mean = 3.96 milliseconds
            stddev = 5.56 milliseconds
            median = 0.82 milliseconds
              75% <= 2.83 milliseconds
              95% <= 14.97 milliseconds
              98% <= 14.97 milliseconds
              99% <= 14.97 milliseconds
            99.9% <= 14.97 milliseconds
ratis.server.s2@group-14C72BA94BD1.follower_append_entry_latency_heartbeat
             count = 65
         mean rate = 11.40 calls/second
     1-minute rate = 11.40 calls/second
     5-minute rate = 11.40 calls/second
    15-minute rate = 11.40 calls/second
               min = 0.07 milliseconds
               max = 5.44 milliseconds
              mean = 0.23 milliseconds
            stddev = 0.64 milliseconds
            median = 0.14 milliseconds
              75% <= 0.16 milliseconds
              95% <= 0.21 milliseconds
              98% <= 0.31 milliseconds
              99% <= 5.44 milliseconds
            99.9% <= 5.44 milliseconds


2024-03-15 01:29:36,327 [JvmPauseMonitor2] INFO  util.JvmPauseMonitor (JvmPauseMonitor.java:run(152)) - JvmPauseMonitor-s2: Stopped
2024-03-15 01:29:36,328 [JvmPauseMonitor1] INFO  util.JvmPauseMonitor (JvmPauseMonitor.java:run(152)) - JvmPauseMonitor-s1: Stopped
2024-03-15 01:29:36,328 [main] INFO  impl.MiniRaftCluster (MiniRaftCluster.java:shutdown(857)) - MiniRaftClusterWithSimulatedRpc shutdown completed
2024-03-15 01:29:36,328 [main] INFO  ratis.RaftTestUtil (RaftTestUtil.java:gc(578)) - gc 0
2024-03-15 01:29:36,469 [main] INFO  util.LeakDetector (LeakDetector.java:start(72)) - Starting leak detector thread NONE0.
]]></system-out>
  </testcase>
</testsuite>