<?xml version="1.0" encoding="UTF-8"?>
<testsuite xmlns:xsi="http://www.w3.org/2001/XMLSchema-instance" xsi:noNamespaceSchemaLocation="https://maven.apache.org/surefire/maven-surefire-plugin/xsd/surefire-test-report-3.0.xsd" version="3.0" name="org.apache.ratis.netty.TestRaftSnapshotWithNetty" time="8.54" tests="3" errors="1" skipped="0" failures="0">
  <properties>
    <property name="awt.toolkit" value="sun.awt.X11.XToolkit"/>
    <property name="java.specification.version" value="11"/>
    <property name="sun.cpu.isalist" value=""/>
    <property name="sun.jnu.encoding" value="UTF-8"/>
    <property name="java.class.path" value="/home/runner/work/ratis/ratis/ratis-test/target/test-classes:/home/runner/work/ratis/ratis/ratis-test/target/classes:/home/runner/work/ratis/ratis/ratis-common/target/classes:/home/runner/.m2/repository/org/apache/ratis/ratis-thirdparty-misc/1.0.5/ratis-thirdparty-misc-1.0.5.jar:/home/runner/work/ratis/ratis/ratis-proto/target/classes:/home/runner/work/ratis/ratis/ratis-common/target/test-classes:/home/runner/work/ratis/ratis/ratis-client/target/classes:/home/runner/work/ratis/ratis/ratis-server/target/classes:/home/runner/work/ratis/ratis/ratis-server-api/target/classes:/home/runner/work/ratis/ratis/ratis-metrics-api/target/classes:/home/runner/work/ratis/ratis/ratis-server/target/test-classes:/home/runner/work/ratis/ratis/ratis-metrics-default/target/classes:/home/runner/work/ratis/ratis/ratis-netty/target/classes:/home/runner/work/ratis/ratis/ratis-netty/target/test-classes:/home/runner/work/ratis/ratis/ratis-grpc/target/classes:/home/runner/work/ratis/ratis/ratis-grpc/target/test-classes:/home/runner/work/ratis/ratis/ratis-shell/target/classes:/home/runner/.m2/repository/commons-cli/commons-cli/1.5.0/commons-cli-1.5.0.jar:/home/runner/.m2/repository/org/reflections/reflections/0.10.2/reflections-0.10.2.jar:/home/runner/.m2/repository/org/javassist/javassist/3.28.0-GA/javassist-3.28.0-GA.jar:/home/runner/.m2/repository/com/google/code/findbugs/jsr305/3.0.2/jsr305-3.0.2.jar:/home/runner/.m2/repository/org/bouncycastle/bcprov-jdk18on/1.76/bcprov-jdk18on-1.76.jar:/home/runner/.m2/repository/org/bouncycastle/bcpkix-jdk18on/1.76/bcpkix-jdk18on-1.76.jar:/home/runner/.m2/repository/org/bouncycastle/bcutil-jdk18on/1.76/bcutil-jdk18on-1.76.jar:/home/runner/.m2/repository/org/slf4j/slf4j-api/2.0.7/slf4j-api-2.0.7.jar:/home/runner/.m2/repository/org/slf4j/slf4j-reload4j/2.0.7/slf4j-reload4j-2.0.7.jar:/home/runner/.m2/repository/ch/qos/reload4j/reload4j/1.2.22/reload4j-1.2.22.jar:/home/runner/.m2/repository/junit/junit/4.13.2/junit-4.13.2.jar:/home/runner/.m2/repository/org/hamcrest/hamcrest-core/1.3/hamcrest-core-1.3.jar:/home/runner/.m2/repository/org/mockito/mockito-core/4.3.1/mockito-core-4.3.1.jar:/home/runner/.m2/repository/net/bytebuddy/byte-buddy/1.12.7/byte-buddy-1.12.7.jar:/home/runner/.m2/repository/net/bytebuddy/byte-buddy-agent/1.12.7/byte-buddy-agent-1.12.7.jar:/home/runner/.m2/repository/org/objenesis/objenesis/3.2/objenesis-3.2.jar:"/>
    <property name="java.vm.vendor" value="Eclipse Adoptium"/>
    <property name="sun.arch.data.model" value="64"/>
    <property name="java.vendor.url" value="https://adoptium.net/"/>
    <property name="user.timezone" value=""/>
    <property name="java.vm.specification.version" value="11"/>
    <property name="os.name" value="Linux"/>
    <property name="sun.java.launcher" value="SUN_STANDARD"/>
    <property name="sun.boot.library.path" value="/usr/lib/jvm/temurin-11-jdk-amd64/lib"/>
    <property name="sun.java.command" value="/home/runner/work/ratis/ratis/ratis-test/target/surefire/surefirebooter-20231210003444175_143.jar /home/runner/work/ratis/ratis/ratis-test/target/surefire 2023-12-10T00-34-06_853-jvmRun1 surefire-20231210003444175_141tmp surefire_26-20231210003444175_142tmp"/>
    <property name="jdk.debug" value="release"/>
    <property name="surefire.test.class.path" value="/home/runner/work/ratis/ratis/ratis-test/target/test-classes:/home/runner/work/ratis/ratis/ratis-test/target/classes:/home/runner/work/ratis/ratis/ratis-common/target/classes:/home/runner/.m2/repository/org/apache/ratis/ratis-thirdparty-misc/1.0.5/ratis-thirdparty-misc-1.0.5.jar:/home/runner/work/ratis/ratis/ratis-proto/target/classes:/home/runner/work/ratis/ratis/ratis-common/target/test-classes:/home/runner/work/ratis/ratis/ratis-client/target/classes:/home/runner/work/ratis/ratis/ratis-server/target/classes:/home/runner/work/ratis/ratis/ratis-server-api/target/classes:/home/runner/work/ratis/ratis/ratis-metrics-api/target/classes:/home/runner/work/ratis/ratis/ratis-server/target/test-classes:/home/runner/work/ratis/ratis/ratis-metrics-default/target/classes:/home/runner/work/ratis/ratis/ratis-netty/target/classes:/home/runner/work/ratis/ratis/ratis-netty/target/test-classes:/home/runner/work/ratis/ratis/ratis-grpc/target/classes:/home/runner/work/ratis/ratis/ratis-grpc/target/test-classes:/home/runner/work/ratis/ratis/ratis-shell/target/classes:/home/runner/.m2/repository/commons-cli/commons-cli/1.5.0/commons-cli-1.5.0.jar:/home/runner/.m2/repository/org/reflections/reflections/0.10.2/reflections-0.10.2.jar:/home/runner/.m2/repository/org/javassist/javassist/3.28.0-GA/javassist-3.28.0-GA.jar:/home/runner/.m2/repository/com/google/code/findbugs/jsr305/3.0.2/jsr305-3.0.2.jar:/home/runner/.m2/repository/org/bouncycastle/bcprov-jdk18on/1.76/bcprov-jdk18on-1.76.jar:/home/runner/.m2/repository/org/bouncycastle/bcpkix-jdk18on/1.76/bcpkix-jdk18on-1.76.jar:/home/runner/.m2/repository/org/bouncycastle/bcutil-jdk18on/1.76/bcutil-jdk18on-1.76.jar:/home/runner/.m2/repository/org/slf4j/slf4j-api/2.0.7/slf4j-api-2.0.7.jar:/home/runner/.m2/repository/org/slf4j/slf4j-reload4j/2.0.7/slf4j-reload4j-2.0.7.jar:/home/runner/.m2/repository/ch/qos/reload4j/reload4j/1.2.22/reload4j-1.2.22.jar:/home/runner/.m2/repository/junit/junit/4.13.2/junit-4.13.2.jar:/home/runner/.m2/repository/org/hamcrest/hamcrest-core/1.3/hamcrest-core-1.3.jar:/home/runner/.m2/repository/org/mockito/mockito-core/4.3.1/mockito-core-4.3.1.jar:/home/runner/.m2/repository/net/bytebuddy/byte-buddy/1.12.7/byte-buddy-1.12.7.jar:/home/runner/.m2/repository/net/bytebuddy/byte-buddy-agent/1.12.7/byte-buddy-agent-1.12.7.jar:/home/runner/.m2/repository/org/objenesis/objenesis/3.2/objenesis-3.2.jar:"/>
    <property name="sun.cpu.endian" value="little"/>
    <property name="user.home" value="/home/runner"/>
    <property name="user.language" value="en"/>
    <property name="java.specification.vendor" value="Oracle Corporation"/>
    <property name="java.version.date" value="2023-10-17"/>
    <property name="java.home" value="/usr/lib/jvm/temurin-11-jdk-amd64"/>
    <property name="file.separator" value="/"/>
    <property name="basedir" value="/home/runner/work/ratis/ratis/ratis-test"/>
    <property name="java.vm.compressedOopsMode" value="32-bit"/>
    <property name="line.separator" value="&#10;"/>
    <property name="java.specification.name" value="Java Platform API Specification"/>
    <property name="java.vm.specification.vendor" value="Oracle Corporation"/>
    <property name="java.awt.graphicsenv" value="sun.awt.X11GraphicsEnvironment"/>
    <property name="surefire.real.class.path" value="/home/runner/work/ratis/ratis/ratis-test/target/surefire/surefirebooter-20231210003444175_143.jar"/>
    <property name="sun.management.compiler" value="HotSpot 64-Bit Tiered Compilers"/>
    <property name="java.runtime.version" value="11.0.21+9"/>
    <property name="user.name" value="runner"/>
    <property name="java.net.preferIPv4Stack" value="true"/>
    <property name="path.separator" value=":"/>
    <property name="os.version" value="5.15.0-1052-azure"/>
    <property name="java.runtime.name" value="OpenJDK Runtime Environment"/>
    <property name="file.encoding" value="UTF-8"/>
    <property name="java.vm.name" value="OpenJDK 64-Bit Server VM"/>
    <property name="java.vendor.version" value="Temurin-11.0.21+9"/>
    <property name="localRepository" value="/home/runner/.m2/repository"/>
    <property name="java.vendor.url.bug" value="https://github.com/adoptium/adoptium-support/issues"/>
    <property name="java.io.tmpdir" value="/tmp"/>
    <property name="java.version" value="11.0.21"/>
    <property name="user.dir" value="/home/runner/work/ratis/ratis/ratis-test"/>
    <property name="os.arch" value="amd64"/>
    <property name="ratis.tmp.dir" value="/home/runner/work/ratis/ratis/ratis-test/target/tmp"/>
    <property name="java.vm.specification.name" value="Java Virtual Machine Specification"/>
    <property name="java.awt.printerjob" value="sun.print.PSPrinterJob"/>
    <property name="ratis.log.dir" value="/home/runner/work/ratis/ratis/ratis-test/target/log"/>
    <property name="sun.os.patch.level" value="unknown"/>
    <property name="java.library.path" value="/usr/java/packages/lib:/usr/lib64:/lib64:/lib:/usr/lib"/>
    <property name="java.vm.info" value="mixed mode"/>
    <property name="java.vendor" value="Eclipse Adoptium"/>
    <property name="java.vm.version" value="11.0.21+9"/>
    <property name="java.specification.maintenance.version" value="2"/>
    <property name="sun.io.unicode.encoding" value="UnicodeLittle"/>
    <property name="java.class.version" value="55.0"/>
  </properties>
  <testcase name="testInstallSnapshotDuringBootstrap" classname="org.apache.ratis.netty.TestRaftSnapshotWithNetty" time="2.646">
    <system-out><![CDATA[2023-12-10 00:36:48,529 [main] INFO  util.LogUtils (Slf4jUtils.java:setLogLevel(38)) - Successfully set org.apache.ratis.conf.ConfUtils log level to WARN
2023-12-10 00:36:48,532 [main] INFO  util.LogUtils (Slf4jUtils.java:setLogLevel(38)) - Successfully set org.apache.ratis.util.FileUtils log level to TRACE
2023-12-10 00:36:48,535 [main] INFO  util.LogUtils (Slf4jUtils.java:setLogLevel(38)) - Successfully set org.apache.ratis.server.RaftServer$Division log level to DEBUG
2023-12-10 00:36:48,535 [main] INFO  util.LogUtils (Slf4jUtils.java:setLogLevel(38)) - Successfully set org.apache.ratis.server.raftlog.RaftLog log level to DEBUG
2023-12-10 00:36:48,536 [main] INFO  util.LogUtils (Slf4jUtils.java:setLogLevel(38)) - Successfully set org.apache.ratis.client.RaftClient log level to DEBUG
2023-12-10 00:36:48,625 [Time-limited test] INFO  impl.MiniRaftCluster (MiniRaftCluster.java:<init>(306)) - new MiniRaftClusterWithNetty with group-E71C523113B1:[s0|localhost:34269]
2023-12-10 00:36:48,625 [Time-limited test] INFO  impl.MiniRaftCluster (MiniRaftCluster.java:start(339)) - .............................................................. 
2023-12-10 00:36:48,626 [Time-limited test] INFO  impl.MiniRaftCluster (MiniRaftCluster.java:start(340)) - ... 
2023-12-10 00:36:48,626 [Time-limited test] INFO  impl.MiniRaftCluster (MiniRaftCluster.java:start(341)) - ...     Starting MiniRaftClusterWithNetty
2023-12-10 00:36:48,626 [Time-limited test] INFO  impl.MiniRaftCluster (MiniRaftCluster.java:start(342)) - ... 
2023-12-10 00:36:48,626 [Time-limited test] INFO  impl.MiniRaftCluster (MiniRaftCluster.java:start(343)) - .............................................................. 
2023-12-10 00:36:48,626 [Time-limited test] INFO  impl.MiniRaftCluster (MiniRaftCluster.java:initServers(318)) - servers = {}
2023-12-10 00:36:48,630 [Time-limited test] INFO  impl.MiniRaftCluster (MiniRaftCluster.java:newRaftServer(382)) - newRaftServer: s0, group-E71C523113B1:[s0|localhost:34269], format? true
2023-12-10 00:36:48,631 [Time-limited test] TRACE util.FileUtils (FileUtils.java:deleteFully(305)) - deleteFully target/test/data/6e893928/MiniRaftClusterWithNettyff22e078/s0
2023-12-10 00:36:48,632 [Time-limited test] TRACE util.FileUtils (FileUtils.java:deleteFully(318)) - deleteFully: target/test/data/6e893928/MiniRaftClusterWithNettyff22e078/s0 does not exist.
2023-12-10 00:36:48,632 [Time-limited test] INFO  impl.MiniRaftCluster (MiniRaftCluster.java:newRaftServer(387)) - Formatted directory target/test/data/6e893928/MiniRaftClusterWithNettyff22e078/s0
2023-12-10 00:36:48,647 [Time-limited test] INFO  server.RaftServer (ConfUtils.java:logGet(46)) - raft.rpc.type = NETTY (custom)
2023-12-10 00:36:48,661 [Time-limited test] INFO  netty.NettyConfigKeys$Server (ConfUtils.java:logGet(46)) - raft.netty.server.use-epoll = true (default)
2023-12-10 00:36:48,693 [Time-limited test] INFO  netty.NettyUtils (NettyUtils.java:newEventLoopGroup(69)) - Create EpollEventLoopGroup for NettyRpcService-bossGroup; Thread size is 0.
2023-12-10 00:36:48,723 [Time-limited test] INFO  netty.NettyUtils (NettyUtils.java:newEventLoopGroup(69)) - Create EpollEventLoopGroup for NettyRpcService-workerGroup; Thread size is 0.
2023-12-10 00:36:48,739 [Time-limited test] INFO  netty.NettyConfigKeys$Server (ConfUtils.java:logGet(46)) - raft.netty.server.host = null (default)
2023-12-10 00:36:48,740 [Time-limited test] INFO  netty.NettyConfigKeys$Server (ConfUtils.java:logGet(46)) - raft.netty.server.port = 34269 (custom)
2023-12-10 00:36:48,742 [Time-limited test] INFO  impl.DataStreamServerImpl (ConfUtils.java:logGet(46)) - raft.datastream.type = DISABLED (default)
2023-12-10 00:36:48,746 [Time-limited test] INFO  server.RaftServerConfigKeys (ConfUtils.java:logGet(46)) - raft.server.sleep.deviation.threshold = 300ms (default)
2023-12-10 00:36:48,747 [Time-limited test] INFO  server.RaftServerConfigKeys (ConfUtils.java:logGet(46)) - raft.server.close.threshold = 60s (default)
2023-12-10 00:36:48,747 [Time-limited test] INFO  server.RaftServerConfigKeys (ConfUtils.java:logGet(46)) - raft.server.leaderelection.leader.step-down.wait-time = 10s (default)
2023-12-10 00:36:48,750 [Time-limited test] INFO  server.RaftServerConfigKeys (ConfUtils.java:logGet(46)) - raft.server.storage.dir = [/home/runner/work/ratis/ratis/ratis-test/target/test/data/6e893928/MiniRaftClusterWithNettyff22e078/s0] (custom)
2023-12-10 00:36:48,751 [Time-limited test] INFO  server.RaftServerConfigKeys (ConfUtils.java:logGet(46)) - raft.server.threadpool.proxy.cached = true (default)
2023-12-10 00:36:48,751 [Time-limited test] INFO  server.RaftServerConfigKeys (ConfUtils.java:logGet(46)) - raft.server.threadpool.proxy.size = 0 (default)
2023-12-10 00:36:48,758 [Time-limited test] INFO  server.RaftServer (RaftServerProxy.java:addNew(100)) - s0: addNew group-E71C523113B1:[s0|localhost:34269] returns group-E71C523113B1:java.util.concurrent.CompletableFuture@11d5c342[Not completed]
2023-12-10 00:36:48,759 [s0-groupManagement] INFO  netty.NettyUtils (NettyUtils.java:newEventLoopGroup(69)) - Create EpollEventLoopGroup for s0; Thread size is 0.
2023-12-10 00:36:48,767 [s0-groupManagement] INFO  server.RaftServerConfigKeys (ConfUtils.java:logGet(46)) - raft.server.log.segment.size.max = 32MB (=33554432) (default)
2023-12-10 00:36:48,769 [s0-groupManagement] INFO  server.RaftServerConfigKeys (ConfUtils.java:logGet(46)) - raft.server.log.preallocated.size = 4MB (=4194304) (default)
2023-12-10 00:36:48,769 [s0-groupManagement] INFO  server.RaftServerConfigKeys (ConfUtils.java:logGet(46)) - raft.server.log.write.buffer.size = 8MB (=8388608) (default)
2023-12-10 00:36:48,772 [s0-groupManagement] INFO  server.RaftServer$Division (RaftServerImpl.java:<init>(256)) - s0: new RaftServerImpl for group-E71C523113B1:[s0|localhost:34269] with SimpleStateMachine4Testing:uninitialized
2023-12-10 00:36:48,773 [s0-groupManagement] INFO  server.RaftServerConfigKeys (ConfUtils.java:logGet(46)) - raft.server.rpc.timeout.min = 150ms (default)
2023-12-10 00:36:48,773 [s0-groupManagement] INFO  server.RaftServerConfigKeys (ConfUtils.java:logGet(46)) - raft.server.rpc.timeout.max = 300ms (default)
2023-12-10 00:36:48,774 [s0-groupManagement] INFO  server.RaftServerConfigKeys (ConfUtils.java:logGet(46)) - raft.server.rpc.sleep.time = 25ms (default)
2023-12-10 00:36:48,774 [s0-groupManagement] INFO  server.RaftServerConfigKeys (ConfUtils.java:logGet(46)) - raft.server.rpc.slowness.timeout = 60s (default)
2023-12-10 00:36:48,774 [s0-groupManagement] INFO  server.RaftServerConfigKeys (ConfUtils.java:logGet(46)) - raft.server.leaderelection.leader.step-down.wait-time = 10s (default)
2023-12-10 00:36:48,775 [s0-groupManagement] INFO  server.RaftServerConfigKeys (ConfUtils.java:logGet(46)) - raft.server.leaderelection.member.majority-add = false (default)
2023-12-10 00:36:48,775 [s0-groupManagement] INFO  server.RaftServerConfigKeys (ConfUtils.java:logGet(46)) - raft.server.sleep.deviation.threshold = 300ms (default)
2023-12-10 00:36:48,779 [s0-groupManagement] INFO  server.RaftServer$Division (ServerState.java:<init>(113)) - s0@group-E71C523113B1: ConfigurationManager, init=-1: peers:[s0|localhost:34269]|listeners:[], old=null, confs=<EMPTY_MAP>
2023-12-10 00:36:48,783 [s0-groupManagement] INFO  server.RaftServerConfigKeys (ConfUtils.java:logGet(46)) - raft.server.notification.no-leader.timeout = 60s (default)
2023-12-10 00:36:48,786 [s0-groupManagement] INFO  server.RaftServerConfigKeys (ConfUtils.java:logGet(46)) - raft.server.read.timeout = 10s (default)
2023-12-10 00:36:48,789 [s0-groupManagement] INFO  server.RaftServerConfigKeys (ConfUtils.java:logGet(46)) - raft.server.retrycache.expirytime = 60s (default)
2023-12-10 00:36:48,789 [s0-groupManagement] INFO  server.RaftServerConfigKeys (ConfUtils.java:logGet(46)) - raft.server.retrycache.statistics.expirytime = 100ms (default)
2023-12-10 00:36:48,792 [s0-groupManagement] INFO  server.RaftServerConfigKeys (ConfUtils.java:logGet(46)) - raft.server.read.option = DEFAULT (default)
2023-12-10 00:36:48,792 [s0-groupManagement] INFO  server.RaftServerConfigKeys (ConfUtils.java:logGet(46)) - raft.server.read.read-after-write-consistent.write-index-cache.expiry-time = 60s (default)
2023-12-10 00:36:48,796 [s0-groupManagement] INFO  metrics.MetricRegistries (MetricRegistriesLoader.java:load(64)) - Loaded MetricRegistries class org.apache.ratis.metrics.impl.MetricRegistriesImpl
2023-12-10 00:36:48,883 [s0-groupManagement] INFO  server.RaftServerConfigKeys (ConfUtils.java:logGet(46)) - raft.server.rpc.request.timeout = 3000ms (default)
2023-12-10 00:36:48,885 [s0-groupManagement] INFO  server.RaftServerConfigKeys (ConfUtils.java:logGet(46)) - raft.server.log.appender.install.snapshot.enabled = true (default)
2023-12-10 00:36:48,885 [s0-groupManagement] INFO  server.RaftServerConfigKeys (ConfUtils.java:logGet(46)) - raft.server.threadpool.server.cached = true (default)
2023-12-10 00:36:48,886 [s0-groupManagement] INFO  server.RaftServerConfigKeys (ConfUtils.java:logGet(46)) - raft.server.threadpool.server.size = 0 (default)
2023-12-10 00:36:48,886 [s0-groupManagement] INFO  server.RaftServerConfigKeys (ConfUtils.java:logGet(46)) - raft.server.threadpool.client.cached = true (default)
2023-12-10 00:36:48,886 [s0-groupManagement] INFO  server.RaftServerConfigKeys (ConfUtils.java:logGet(46)) - raft.server.threadpool.client.size = 0 (default)
2023-12-10 00:36:48,887 [s0-impl-thread1] INFO  server.RaftServerConfigKeys (ConfUtils.java:logGet(46)) - raft.server.storage.free-space.min = 0MB (=0) (default)
2023-12-10 00:36:48,888 [s0-impl-thread1] INFO  server.RaftServerConfigKeys (ConfUtils.java:logGet(46)) - raft.server.log.corruption.policy = EXCEPTION (default)
2023-12-10 00:36:48,888 [s0-impl-thread1] INFO  server.RaftServerConfigKeys (ConfUtils.java:logGet(46)) - raft.server.storage.dir = [/home/runner/work/ratis/ratis/ratis-test/target/test/data/6e893928/MiniRaftClusterWithNettyff22e078/s0] (custom)
2023-12-10 00:36:48,896 [s0-impl-thread1] INFO  storage.RaftStorageDirectory (RaftStorageDirectoryImpl.java:analyzeStorage(138)) - The storage directory /home/runner/work/ratis/ratis/ratis-test/target/test/data/6e893928/MiniRaftClusterWithNettyff22e078/s0/750d3f39-a5f3-4ce5-8498-e71c523113b1 does not exist. Creating ...
2023-12-10 00:36:48,897 [s0-impl-thread1] TRACE util.FileUtils (LogUtils.java:runAndLog(49)) - Successfully ran Files.createDirectories /home/runner/work/ratis/ratis/ratis-test/target/test/data/6e893928/MiniRaftClusterWithNettyff22e078/s0/750d3f39-a5f3-4ce5-8498-e71c523113b1
2023-12-10 00:36:48,900 [s0-impl-thread1] INFO  storage.RaftStorageDirectory (RaftStorageDirectoryImpl.java:tryLock(228)) - Lock on /home/runner/work/ratis/ratis/ratis-test/target/test/data/6e893928/MiniRaftClusterWithNettyff22e078/s0/750d3f39-a5f3-4ce5-8498-e71c523113b1/in_use.lock acquired by nodename 6805@fv-az1103-11
2023-12-10 00:36:48,900 [s0-impl-thread1] TRACE util.FileUtils (LogUtils.java:runAndLog(49)) - Successfully ran Files.createDirectories /home/runner/work/ratis/ratis/ratis-test/target/test/data/6e893928/MiniRaftClusterWithNettyff22e078/s0/750d3f39-a5f3-4ce5-8498-e71c523113b1/current
2023-12-10 00:36:48,901 [s0-impl-thread1] TRACE util.FileUtils (LogUtils.java:runAndLog(49)) - Successfully ran Files.createDirectories /home/runner/work/ratis/ratis/ratis-test/target/test/data/6e893928/MiniRaftClusterWithNettyff22e078/s0/750d3f39-a5f3-4ce5-8498-e71c523113b1/sm
2023-12-10 00:36:48,922 [s0-impl-thread1] TRACE util.FileUtils (LogUtils.java:supplyAndLog(69)) - Successfully supplied FileChannel.open /home/runner/work/ratis/ratis/ratis-test/target/test/data/6e893928/MiniRaftClusterWithNettyff22e078/s0/750d3f39-a5f3-4ce5-8498-e71c523113b1/current/raft-meta.tmp with options [CREATE, WRITE]: sun.nio.ch.FileChannelImpl@5ec13951
2023-12-10 00:36:48,935 [s0-impl-thread1] TRACE util.FileUtils (LogUtils.java:runAndLog(49)) - Successfully ran Atomic Files.move /home/runner/work/ratis/ratis/ratis-test/target/test/data/6e893928/MiniRaftClusterWithNettyff22e078/s0/750d3f39-a5f3-4ce5-8498-e71c523113b1/current/raft-meta.tmp to /home/runner/work/ratis/ratis/ratis-test/target/test/data/6e893928/MiniRaftClusterWithNettyff22e078/s0/750d3f39-a5f3-4ce5-8498-e71c523113b1/current/raft-meta with options [REPLACE_EXISTING]
2023-12-10 00:36:48,935 [s0-impl-thread1] INFO  storage.RaftStorage (RaftStorageImpl.java:format(99)) - Storage directory /home/runner/work/ratis/ratis/ratis-test/target/test/data/6e893928/MiniRaftClusterWithNettyff22e078/s0/750d3f39-a5f3-4ce5-8498-e71c523113b1 has been successfully formatted.
2023-12-10 00:36:48,936 [s0-impl-thread1] TRACE util.FileUtils (LogUtils.java:supplyAndLog(61)) - Failed to Files.newInputStream /home/runner/work/ratis/ratis/ratis-test/target/test/data/6e893928/MiniRaftClusterWithNettyff22e078/s0/750d3f39-a5f3-4ce5-8498-e71c523113b1/current/raft-meta.conf with options []
java.nio.file.NoSuchFileException: /home/runner/work/ratis/ratis/ratis-test/target/test/data/6e893928/MiniRaftClusterWithNettyff22e078/s0/750d3f39-a5f3-4ce5-8498-e71c523113b1/current/raft-meta.conf
	at java.base/sun.nio.fs.UnixException.translateToIOException(UnixException.java:92)
	at java.base/sun.nio.fs.UnixException.rethrowAsIOException(UnixException.java:111)
	at java.base/sun.nio.fs.UnixException.rethrowAsIOException(UnixException.java:116)
	at java.base/sun.nio.fs.UnixFileSystemProvider.newByteChannel(UnixFileSystemProvider.java:219)
	at java.base/java.nio.file.Files.newByteChannel(Files.java:371)
	at java.base/java.nio.file.Files.newByteChannel(Files.java:422)
	at java.base/java.nio.file.spi.FileSystemProvider.newInputStream(FileSystemProvider.java:420)
	at java.base/java.nio.file.Files.newInputStream(Files.java:156)
	at org.apache.ratis.util.FileUtils.lambda$newInputStream$2(FileUtils.java:73)
	at org.apache.ratis.util.LogUtils.supplyAndLog(LogUtils.java:58)
	at org.apache.ratis.util.FileUtils.newInputStream(FileUtils.java:72)
	at org.apache.ratis.util.FileUtils.newInputStream(FileUtils.java:68)
	at org.apache.ratis.server.storage.RaftStorageImpl.readRaftConfiguration(RaftStorageImpl.java:156)
	at org.apache.ratis.server.impl.ServerState.initialize(ServerState.java:141)
	at org.apache.ratis.server.impl.RaftServerImpl.start(RaftServerImpl.java:388)
	at org.apache.ratis.util.ConcurrentUtils.accept(ConcurrentUtils.java:203)
	at org.apache.ratis.util.ConcurrentUtils.lambda$parallelForEachAsync$4(ConcurrentUtils.java:182)
	at java.base/java.util.concurrent.ThreadPoolExecutor.runWorker(ThreadPoolExecutor.java:1128)
	at java.base/java.util.concurrent.ThreadPoolExecutor$Worker.run(ThreadPoolExecutor.java:628)
	at java.base/java.lang.Thread.run(Thread.java:829)
2023-12-10 00:36:48,939 [s0-impl-thread1] INFO  impl.SimpleStateMachine4Testing (SimpleStateMachine4Testing.java:initialize(213)) - Initializing SimpleStateMachine4Testing:uninitialized
2023-12-10 00:36:48,940 [s0-impl-thread1] INFO  impl.SimpleStateMachine4Testing (SimpleStateMachine4Testing.java:loadSnapshot(296)) - Loading snapshot null
2023-12-10 00:36:48,941 [s0-impl-thread1] INFO  server.RaftServerConfigKeys (ConfUtils.java:logGet(46)) - raft.server.log.use.memory = false (default)
2023-12-10 00:36:48,947 [s0-impl-thread1] INFO  server.RaftServerConfigKeys (ConfUtils.java:logGet(46)) - raft.server.log.purge.gap = 1024 (default)
2023-12-10 00:36:48,948 [s0-impl-thread1] INFO  server.RaftServerConfigKeys (ConfUtils.java:logGet(46)) - raft.server.log.appender.buffer.byte-limit = 4MB (=4194304) (default)
2023-12-10 00:36:48,949 [s0-impl-thread1] INFO  server.RaftServerConfigKeys (ConfUtils.java:logGet(46)) - raft.server.log.statemachine.data.read.timeout = 1000ms (default)
2023-12-10 00:36:48,949 [s0-impl-thread1] INFO  server.RaftServerConfigKeys (ConfUtils.java:logGet(46)) - raft.server.log.purge.preservation.log.num = 0 (default)
2023-12-10 00:36:48,952 [s0-impl-thread1] INFO  server.RaftServerConfigKeys (ConfUtils.java:logGet(46)) - raft.server.log.segment.size.max = 32MB (=33554432) (default)
2023-12-10 00:36:48,956 [s0-impl-thread1] INFO  server.RaftServerConfigKeys (ConfUtils.java:logGet(46)) - raft.server.log.segment.cache.num.max = 6 (default)
2023-12-10 00:36:48,956 [s0-impl-thread1] INFO  server.RaftServerConfigKeys (ConfUtils.java:logGet(46)) - raft.server.log.segment.cache.size.max = 200MB (=209715200) (default)
2023-12-10 00:36:48,956 [s0-impl-thread1] INFO  server.RaftServerConfigKeys (ConfUtils.java:logGet(46)) - raft.server.log.appender.buffer.byte-limit = 4MB (=4194304) (default)
2023-12-10 00:36:48,957 [s0-impl-thread1] INFO  util.AwaitToRun (AwaitToRun.java:start(81)) - Thread[s0@group-E71C523113B1-cacheEviction-AwaitToRun,5,main] started
2023-12-10 00:36:48,960 [s0-impl-thread1] INFO  segmented.SegmentedRaftLogWorker (SegmentedRaftLogWorker.java:<init>(182)) - new s0@group-E71C523113B1-SegmentedRaftLogWorker for RaftStorageImpl:Storage Directory /home/runner/work/ratis/ratis/ratis-test/target/test/data/6e893928/MiniRaftClusterWithNettyff22e078/s0/750d3f39-a5f3-4ce5-8498-e71c523113b1
2023-12-10 00:36:48,961 [s0-impl-thread1] INFO  server.RaftServerConfigKeys (ConfUtils.java:logGet(46)) - raft.server.log.queue.byte-limit = 64MB (=67108864) (default)
2023-12-10 00:36:48,961 [s0-impl-thread1] INFO  server.RaftServerConfigKeys (ConfUtils.java:logGet(46)) - raft.server.log.queue.element-limit = 4096 (default)
2023-12-10 00:36:48,962 [s0-impl-thread1] INFO  server.RaftServerConfigKeys (ConfUtils.java:logGet(46)) - raft.server.log.segment.size.max = 32MB (=33554432) (default)
2023-12-10 00:36:48,962 [s0-impl-thread1] INFO  server.RaftServerConfigKeys (ConfUtils.java:logGet(46)) - raft.server.log.preallocated.size = 4MB (=4194304) (default)
2023-12-10 00:36:48,963 [s0-impl-thread1] INFO  server.RaftServerConfigKeys (ConfUtils.java:logGet(46)) - raft.server.log.force.sync.num = 128 (default)
2023-12-10 00:36:48,963 [s0-impl-thread1] INFO  server.RaftServerConfigKeys (ConfUtils.java:logGet(46)) - raft.server.log.statemachine.data.sync = true (default)
2023-12-10 00:36:48,963 [s0-impl-thread1] INFO  server.RaftServerConfigKeys (ConfUtils.java:logGet(46)) - raft.server.log.statemachine.data.sync.timeout = 10s (default)
2023-12-10 00:36:48,964 [s0-impl-thread1] INFO  server.RaftServerConfigKeys (ConfUtils.java:logGet(46)) - raft.server.log.statemachine.data.sync.timeout.retry = -1 (default)
2023-12-10 00:36:48,965 [s0-impl-thread1] INFO  server.RaftServerConfigKeys (ConfUtils.java:logGet(46)) - raft.server.log.write.buffer.size = 8MB (=8388608) (default)
2023-12-10 00:36:48,967 [s0-impl-thread1] INFO  server.RaftServerConfigKeys (ConfUtils.java:logGet(46)) - raft.server.log.appender.buffer.byte-limit = 4MB (=4194304) (default)
2023-12-10 00:36:48,968 [s0-impl-thread1] INFO  server.RaftServerConfigKeys (ConfUtils.java:logGet(46)) - raft.server.log.unsafe-flush.enabled = false (default)
2023-12-10 00:36:48,968 [s0-impl-thread1] INFO  server.RaftServerConfigKeys (ConfUtils.java:logGet(46)) - raft.server.log.async-flush.enabled = false (default)
2023-12-10 00:36:48,968 [s0-impl-thread1] INFO  server.RaftServerConfigKeys (ConfUtils.java:logGet(46)) - raft.server.log.statemachine.data.caching.enabled = false (default)
2023-12-10 00:36:48,972 [s0-impl-thread1] INFO  segmented.SegmentedRaftLogWorker (SegmentedRaftLogWorker.java:lambda$new$0(134)) - s0@group-E71C523113B1-SegmentedRaftLogWorker: flushIndex: setUnconditionally 0 -> -1
2023-12-10 00:36:48,972 [s0-impl-thread1] INFO  segmented.SegmentedRaftLogWorker (SegmentedRaftLogWorker.java:lambda$new$0(134)) - s0@group-E71C523113B1-SegmentedRaftLogWorker: safeCacheEvictIndex: setUnconditionally 0 -> -1
2023-12-10 00:36:48,974 [s0-impl-thread1] INFO  server.RaftServer$Division (RaftServerImpl.java:start(392)) - s0@group-E71C523113B1: start as a follower, conf=-1: peers:[s0|localhost:34269]|listeners:[], old=null
2023-12-10 00:36:48,974 [s0-impl-thread1] INFO  server.RaftServer$Division (RaftServerImpl.java:setRole(379)) - s0@group-E71C523113B1: changes role from      null to FOLLOWER at term 0 for startAsFollower
2023-12-10 00:36:48,975 [s0-impl-thread1] INFO  impl.RoleInfo (RoleInfo.java:updateAndGet(139)) - s0: start s0@group-E71C523113B1-FollowerState
2023-12-10 00:36:48,976 [s0@group-E71C523113B1-FollowerState] INFO  server.RaftServerConfigKeys (ConfUtils.java:logFallback(53)) - raft.server.rpc.first-election.timeout.min = 150ms (fallback to raft.server.rpc.timeout.min)
2023-12-10 00:36:48,976 [s0@group-E71C523113B1-FollowerState] INFO  server.RaftServerConfigKeys (ConfUtils.java:logFallback(53)) - raft.server.rpc.first-election.timeout.max = 300ms (fallback to raft.server.rpc.timeout.max)
2023-12-10 00:36:48,978 [s0-impl-thread1] INFO  util.JmxRegister (JmxRegister.java:tryRegister(44)) - Successfully registered JMX Bean with object name Ratis:service=RaftServer,group=group-E71C523113B1,id=s0
2023-12-10 00:36:48,979 [s0-impl-thread1] INFO  server.RaftServerConfigKeys (ConfUtils.java:logGet(46)) - raft.server.snapshot.trigger-when-stop.enabled = true (default)
2023-12-10 00:36:48,979 [s0-impl-thread1] INFO  server.RaftServerConfigKeys (ConfUtils.java:logGet(46)) - raft.server.snapshot.auto.trigger.enabled = true (custom)
2023-12-10 00:36:48,980 [s0-impl-thread1] INFO  server.RaftServerConfigKeys (ConfUtils.java:logGet(46)) - raft.server.snapshot.auto.trigger.threshold = 10 (custom)
2023-12-10 00:36:48,980 [s0-impl-thread1] INFO  server.RaftServerConfigKeys (ConfUtils.java:logGet(46)) - raft.server.snapshot.retention.file.num = -1 (default)
2023-12-10 00:36:48,981 [s0-impl-thread1] INFO  server.RaftServerConfigKeys (ConfUtils.java:logGet(46)) - raft.server.log.purge.upto.snapshot.index = false (default)
2023-12-10 00:36:48,992 [Time-limited test] INFO  server.RaftServer (RaftServerProxy.java:startImpl(406)) - s0: start RPC server
2023-12-10 00:36:49,066 [NettyRpcService-bossGroup--thread1] INFO  logging.LoggingHandler (AbstractInternalLogger.java:log(148)) - [id: 0x6f65029f] REGISTERED
2023-12-10 00:36:49,067 [NettyRpcService-bossGroup--thread1] INFO  logging.LoggingHandler (AbstractInternalLogger.java:log(148)) - [id: 0x6f65029f] BIND: 0.0.0.0/0.0.0.0:34269
2023-12-10 00:36:49,070 [NettyRpcService-bossGroup--thread1] INFO  logging.LoggingHandler (AbstractInternalLogger.java:log(148)) - [id: 0x6f65029f, L:/0.0.0.0:34269] ACTIVE
2023-12-10 00:36:49,071 [JvmPauseMonitor0] INFO  util.JvmPauseMonitor (JvmPauseMonitor.java:run(146)) - JvmPauseMonitor-s0: Started
2023-12-10 00:36:49,074 [Time-limited test] INFO  server.RaftServerConfigKeys (ConfUtils.java:logGet(46)) - raft.server.rpc.timeout.max = 300ms (default)
2023-12-10 00:36:49,075 [Time-limited test] INFO  ratis.RaftTestUtil (RaftTestUtil.java:waitForLeader(100)) - printing ALL groups
  s0:  RUNNING  FOLLOWER s0@group-E71C523113B1:t0, leader=null, voted=, raftlog=Memoized:s0@group-E71C523113B1-SegmentedRaftLog:OPENED:c-1, conf=-1: peers:[s0|localhost:34269]|listeners:[], old=null RUNNING
2023-12-10 00:36:49,078 [Time-limited test] WARN  ratis.RaftTestUtil (RaftTestUtil.java:lambda$waitForLeader$3(119)) - Attempt #1 failed: java.lang.IllegalStateException: No leader yet : printing ALL groups
  s0:  RUNNING  FOLLOWER s0@group-E71C523113B1:t0, leader=null, voted=, raftlog=Memoized:s0@group-E71C523113B1-SegmentedRaftLog:OPENED:c-1, conf=-1: peers:[s0|localhost:34269]|listeners:[], old=null RUNNING
2023-12-10 00:36:49,146 [s0@group-E71C523113B1-FollowerState] INFO  impl.FollowerState (FollowerState.java:run(143)) - s0@group-E71C523113B1-FollowerState: change to CANDIDATE, lastRpcElapsedTime:170732740ns, electionTimeout:169ms
2023-12-10 00:36:49,146 [s0@group-E71C523113B1-FollowerState] INFO  impl.RoleInfo (RoleInfo.java:shutdownFollowerState(110)) - s0: shutdown s0@group-E71C523113B1-FollowerState
2023-12-10 00:36:49,146 [s0@group-E71C523113B1-FollowerState] INFO  server.RaftServer$Division (RaftServerImpl.java:setRole(379)) - s0@group-E71C523113B1: changes role from  FOLLOWER to CANDIDATE at term 0 for changeToCandidate
2023-12-10 00:36:49,149 [s0@group-E71C523113B1-FollowerState] INFO  server.RaftServerConfigKeys (ConfUtils.java:logGet(46)) - raft.server.leaderelection.pre-vote = true (default)
2023-12-10 00:36:49,149 [s0@group-E71C523113B1-FollowerState] INFO  impl.RoleInfo (RoleInfo.java:updateAndGet(139)) - s0: start s0@group-E71C523113B1-LeaderElection1
2023-12-10 00:36:49,152 [s0@group-E71C523113B1-LeaderElection1] INFO  impl.LeaderElection (LeaderElection.java:askForVotes(321)) - s0@group-E71C523113B1-LeaderElection1 PRE_VOTE round 0: submit vote requests at term 0 for -1: peers:[s0|localhost:34269]|listeners:[], old=null
2023-12-10 00:36:49,152 [s0@group-E71C523113B1-LeaderElection1] INFO  impl.LeaderElection (LeaderElection.java:askForVotes(323)) - s0@group-E71C523113B1-LeaderElection1 PRE_VOTE round 0: result PASSED (term=0)
2023-12-10 00:36:49,153 [s0@group-E71C523113B1-LeaderElection1] TRACE util.FileUtils (LogUtils.java:supplyAndLog(69)) - Successfully supplied FileChannel.open /home/runner/work/ratis/ratis/ratis-test/target/test/data/6e893928/MiniRaftClusterWithNettyff22e078/s0/750d3f39-a5f3-4ce5-8498-e71c523113b1/current/raft-meta.tmp with options [CREATE, WRITE]: sun.nio.ch.FileChannelImpl@106f2141
2023-12-10 00:36:49,154 [s0@group-E71C523113B1-LeaderElection1] TRACE util.FileUtils (LogUtils.java:runAndLog(49)) - Successfully ran Atomic Files.move /home/runner/work/ratis/ratis/ratis-test/target/test/data/6e893928/MiniRaftClusterWithNettyff22e078/s0/750d3f39-a5f3-4ce5-8498-e71c523113b1/current/raft-meta.tmp to /home/runner/work/ratis/ratis/ratis-test/target/test/data/6e893928/MiniRaftClusterWithNettyff22e078/s0/750d3f39-a5f3-4ce5-8498-e71c523113b1/current/raft-meta with options [REPLACE_EXISTING]
2023-12-10 00:36:49,154 [s0@group-E71C523113B1-LeaderElection1] INFO  impl.LeaderElection (LeaderElection.java:askForVotes(321)) - s0@group-E71C523113B1-LeaderElection1 ELECTION round 0: submit vote requests at term 1 for -1: peers:[s0|localhost:34269]|listeners:[], old=null
2023-12-10 00:36:49,155 [s0@group-E71C523113B1-LeaderElection1] INFO  impl.LeaderElection (LeaderElection.java:askForVotes(323)) - s0@group-E71C523113B1-LeaderElection1 ELECTION round 0: result PASSED (term=1)
2023-12-10 00:36:49,155 [s0@group-E71C523113B1-LeaderElection1] INFO  impl.RoleInfo (RoleInfo.java:shutdownLeaderElection(130)) - s0: shutdown s0@group-E71C523113B1-LeaderElection1
2023-12-10 00:36:49,155 [s0@group-E71C523113B1-LeaderElection1] INFO  server.RaftServer$Division (RaftServerImpl.java:setRole(379)) - s0@group-E71C523113B1: changes role from CANDIDATE to LEADER at term 1 for changeToLeader
2023-12-10 00:36:49,159 [s0@group-E71C523113B1-LeaderElection1] INFO  server.RaftServerConfigKeys (ConfUtils.java:logGet(46)) - raft.server.staging.catchup.gap = 1000 (default)
2023-12-10 00:36:49,162 [s0@group-E71C523113B1-LeaderElection1] INFO  server.RaftServerConfigKeys (ConfUtils.java:logGet(46)) - raft.server.write.element-limit = 4096 (default)
2023-12-10 00:36:49,163 [s0@group-E71C523113B1-LeaderElection1] INFO  server.RaftServerConfigKeys (ConfUtils.java:logGet(46)) - raft.server.write.byte-limit = 64MB (=67108864) (default)
2023-12-10 00:36:49,165 [s0@group-E71C523113B1-LeaderElection1] INFO  server.RaftServerConfigKeys (ConfUtils.java:logGet(46)) - raft.server.watch.timeout = 10s (default)
2023-12-10 00:36:49,165 [s0@group-E71C523113B1-LeaderElection1] INFO  server.RaftServerConfigKeys (ConfUtils.java:logGet(46)) - raft.server.watch.timeout.denomination = 1s (default)
2023-12-10 00:36:49,166 [s0@group-E71C523113B1-LeaderElection1] INFO  server.RaftServerConfigKeys (ConfUtils.java:logGet(46)) - raft.server.watch.element-limit = 65536 (default)
2023-12-10 00:36:49,170 [s0@group-E71C523113B1-LeaderElection1] INFO  server.RaftServerConfigKeys (ConfUtils.java:logGet(46)) - raft.server.read.leader.lease.enabled = false (default)
2023-12-10 00:36:49,172 [s0@group-E71C523113B1-LeaderElection1] INFO  server.RaftServerConfigKeys (ConfUtils.java:logGet(46)) - raft.server.read.leader.lease.timeout.ratio = 0.9 (default)
2023-12-10 00:36:49,172 [s0@group-E71C523113B1-LeaderElection1] INFO  server.RaftServerConfigKeys (ConfUtils.java:logGet(46)) - raft.server.rpc.timeout.min = 150ms (default)
2023-12-10 00:36:49,172 [s0@group-E71C523113B1-LeaderElection1] INFO  server.RaftServerConfigKeys (ConfUtils.java:logGet(46)) - raft.server.write.element-limit = 4096 (default)
2023-12-10 00:36:49,173 [s0@group-E71C523113B1-LeaderElection1] INFO  server.RaftServerConfigKeys (ConfUtils.java:logGet(46)) - raft.server.write.follower.gap.ratio.max = -1.0 (default)
2023-12-10 00:36:49,174 [s0@group-E71C523113B1-LeaderElection1] INFO  impl.RoleInfo (RoleInfo.java:updateAndGet(139)) - s0: start s0@group-E71C523113B1-LeaderStateImpl
2023-12-10 00:36:49,174 [s0@group-E71C523113B1-LeaderElection1] INFO  server.RaftServer$Division (RaftServerImpl.java:setFirstElection(564)) - s0@group-E71C523113B1: set firstElectionSinceStartup to false for becomeLeader
2023-12-10 00:36:49,175 [s0@group-E71C523113B1-LeaderElection1] INFO  server.RaftServer$Division (ServerState.java:setLeader(265)) - s0@group-E71C523113B1: change Leader from null to s0 at term 1 for becomeLeader, leader elected after 391ms
2023-12-10 00:36:49,186 [s0@group-E71C523113B1-LeaderElection1] INFO  segmented.SegmentedRaftLogWorker (SegmentedRaftLogWorker.java:startLogSegment(430)) - s0@group-E71C523113B1-SegmentedRaftLogWorker: Starting segment from index:0
2023-12-10 00:36:49,198 [s0@group-E71C523113B1-SegmentedRaftLogWorker] INFO  segmented.BufferedWriteChannel (BufferedWriteChannel.java:open(62)) - open log_inprogress_0 at position 0
2023-12-10 00:36:49,199 [s0@group-E71C523113B1-LeaderElection1] INFO  server.RaftServer$Division (ServerState.java:setRaftConf(382)) - s0@group-E71C523113B1: set configuration 0: peers:[s0|localhost:34269]|listeners:[], old=null
2023-12-10 00:36:49,206 [s0@group-E71C523113B1-SegmentedRaftLogWorker] INFO  segmented.SegmentedRaftLogWorker (SegmentedRaftLogWorker.java:execute(634)) - s0@group-E71C523113B1-SegmentedRaftLogWorker: created new log segment /home/runner/work/ratis/ratis/ratis-test/target/test/data/6e893928/MiniRaftClusterWithNettyff22e078/s0/750d3f39-a5f3-4ce5-8498-e71c523113b1/current/log_inprogress_0
2023-12-10 00:36:49,212 [s0@group-E71C523113B1-StateMachineUpdater] TRACE util.FileUtils (LogUtils.java:supplyAndLog(69)) - Successfully supplied FileChannel.open /home/runner/work/ratis/ratis/ratis-test/target/test/data/6e893928/MiniRaftClusterWithNettyff22e078/s0/750d3f39-a5f3-4ce5-8498-e71c523113b1/current/raft-meta.conf.tmp with options [CREATE, WRITE]: sun.nio.ch.FileChannelImpl@2112e97c
2023-12-10 00:36:49,214 [s0@group-E71C523113B1-StateMachineUpdater] TRACE util.FileUtils (LogUtils.java:runAndLog(49)) - Successfully ran Atomic Files.move /home/runner/work/ratis/ratis/ratis-test/target/test/data/6e893928/MiniRaftClusterWithNettyff22e078/s0/750d3f39-a5f3-4ce5-8498-e71c523113b1/current/raft-meta.conf.tmp to /home/runner/work/ratis/ratis/ratis-test/target/test/data/6e893928/MiniRaftClusterWithNettyff22e078/s0/750d3f39-a5f3-4ce5-8498-e71c523113b1/current/raft-meta.conf with options [REPLACE_EXISTING]
2023-12-10 00:36:49,214 [s0@group-E71C523113B1-StateMachineUpdater] INFO  server.RaftServer$Division (LeaderStateImpl.java:isApplied(320)) - leader is ready since appliedIndex == 0 >= startIndex == 0
2023-12-10 00:36:49,529 [Time-limited test] INFO  ratis.RaftTestUtil (RaftTestUtil.java:waitForLeader(124)) - printing ALL groups
  s0:  RUNNING    LEADER s0@group-E71C523113B1:t1, leader=s0, voted=s0, raftlog=Memoized:s0@group-E71C523113B1-SegmentedRaftLog:OPENED:c0, conf=0: peers:[s0|localhost:34269]|listeners:[], old=null RUNNING
2023-12-10 00:36:49,531 [Time-limited test] DEBUG client.RaftClient (ConfUtils.java:logGet(46)) - raft.rpc.type = NETTY (custom)
2023-12-10 00:36:49,532 [Time-limited test] INFO  netty.NettyUtils (NettyUtils.java:newEventLoopGroup(69)) - Create EpollEventLoopGroup for client-6BD611A6EED4; Thread size is 0.
2023-12-10 00:36:49,562 [Time-limited test] DEBUG client.RaftClient (RaftClientImpl.java:get(162)) - client-6BD611A6EED4: get 1 returns []
2023-12-10 00:36:49,579 [NettyRpcService-bossGroup--thread1] INFO  logging.LoggingHandler (AbstractInternalLogger.java:log(148)) - [id: 0x6f65029f, L:/0.0.0.0:34269] READ: [id: 0x4c97741c, L:/127.0.0.1:34269 - R:/127.0.0.1:43850]
2023-12-10 00:36:49,581 [NettyRpcService-bossGroup--thread1] INFO  logging.LoggingHandler (AbstractInternalLogger.java:log(148)) - [id: 0x6f65029f, L:/0.0.0.0:34269] READ COMPLETE
2023-12-10 00:36:49,615 [NettyRpcService-workerGroup--thread1] DEBUG server.RaftServer$Division (RaftServerImpl.java:submitClientRequestAsync(893)) - s0@group-E71C523113B1: receive client request(RaftClientRequest:client-6BD611A6EED4->s0@group-E71C523113B1, cid=1, seq=null, RW, Message:6d30)
2023-12-10 00:36:49,625 [NettyRpcService-workerGroup--thread1] DEBUG server.RaftServer$Division (LeaderStateImpl.java:addPendingRequest(522)) - s0@group-E71C523113B1-LeaderStateImpl: addPendingRequest at RaftClientRequest:client-6BD611A6EED4->s0@group-E71C523113B1, cid=1, seq=null, RW, Message:6d30, entry=(t:1, i:1), STATEMACHINELOGENTRY, 1@client-6BD611A6EED4
2023-12-10 00:36:49,626 [s0@group-E71C523113B1-StateMachineUpdater] INFO  impl.SimpleStateMachine4Testing (SimpleStateMachine4Testing.java:applyTransaction(248)) - applyTransaction for log index 1
2023-12-10 00:36:49,627 [s0@group-E71C523113B1-StateMachineUpdater] INFO  impl.SimpleStateMachine4Testing (SimpleStateMachine4Testing.java:put(205)) - s0: put 1, m0 -> (t:1, i:1), STATEMACHINELOGENTRY, 1@client-6BD611A6EED4
2023-12-10 00:36:49,645 [Time-limited test] DEBUG client.RaftClient (RaftClientImpl.java:add(150)) - client-6BD611A6EED4: add replied callId 1
2023-12-10 00:36:49,645 [Time-limited test] DEBUG client.RaftClient (RaftClientImpl.java:get(162)) - client-6BD611A6EED4: get 2 returns [1]
2023-12-10 00:36:49,646 [NettyRpcService-workerGroup--thread1] DEBUG server.RaftServer$Division (RaftServerImpl.java:submitClientRequestAsync(893)) - s0@group-E71C523113B1: receive client request(RaftClientRequest:client-6BD611A6EED4->s0@group-E71C523113B1, cid=2, seq=null, RW, Message:6d31)
2023-12-10 00:36:49,651 [NettyRpcService-workerGroup--thread1] DEBUG server.RaftServer$Division (LeaderStateImpl.java:addPendingRequest(522)) - s0@group-E71C523113B1-LeaderStateImpl: addPendingRequest at RaftClientRequest:client-6BD611A6EED4->s0@group-E71C523113B1, cid=2, seq=null, RW, Message:6d31, entry=(t:1, i:3), STATEMACHINELOGENTRY, 2@client-6BD611A6EED4
2023-12-10 00:36:49,652 [s0@group-E71C523113B1-StateMachineUpdater] INFO  impl.SimpleStateMachine4Testing (SimpleStateMachine4Testing.java:applyTransaction(248)) - applyTransaction for log index 3
2023-12-10 00:36:49,652 [s0@group-E71C523113B1-StateMachineUpdater] INFO  impl.SimpleStateMachine4Testing (SimpleStateMachine4Testing.java:put(205)) - s0: put 3, m1 -> (t:1, i:3), STATEMACHINELOGENTRY, 2@client-6BD611A6EED4
2023-12-10 00:36:49,653 [Time-limited test] DEBUG client.RaftClient (RaftClientImpl.java:add(150)) - client-6BD611A6EED4: add replied callId 2
2023-12-10 00:36:49,653 [Time-limited test] DEBUG client.RaftClient (RaftClientImpl.java:get(162)) - client-6BD611A6EED4: get 3 returns [2]
2023-12-10 00:36:49,654 [NettyRpcService-workerGroup--thread1] DEBUG server.RaftServer$Division (RaftServerImpl.java:submitClientRequestAsync(893)) - s0@group-E71C523113B1: receive client request(RaftClientRequest:client-6BD611A6EED4->s0@group-E71C523113B1, cid=3, seq=null, RW, Message:6d32)
2023-12-10 00:36:49,654 [NettyRpcService-workerGroup--thread1] DEBUG server.RaftServer$Division (LeaderStateImpl.java:addPendingRequest(522)) - s0@group-E71C523113B1-LeaderStateImpl: addPendingRequest at RaftClientRequest:client-6BD611A6EED4->s0@group-E71C523113B1, cid=3, seq=null, RW, Message:6d32, entry=(t:1, i:5), STATEMACHINELOGENTRY, 3@client-6BD611A6EED4
2023-12-10 00:36:49,656 [s0@group-E71C523113B1-StateMachineUpdater] INFO  impl.SimpleStateMachine4Testing (SimpleStateMachine4Testing.java:applyTransaction(248)) - applyTransaction for log index 5
2023-12-10 00:36:49,656 [s0@group-E71C523113B1-StateMachineUpdater] INFO  impl.SimpleStateMachine4Testing (SimpleStateMachine4Testing.java:put(205)) - s0: put 5, m2 -> (t:1, i:5), STATEMACHINELOGENTRY, 3@client-6BD611A6EED4
2023-12-10 00:36:49,656 [Time-limited test] DEBUG client.RaftClient (RaftClientImpl.java:add(150)) - client-6BD611A6EED4: add replied callId 3
2023-12-10 00:36:49,657 [Time-limited test] DEBUG client.RaftClient (RaftClientImpl.java:get(162)) - client-6BD611A6EED4: get 4 returns [3]
2023-12-10 00:36:49,657 [NettyRpcService-workerGroup--thread1] DEBUG server.RaftServer$Division (RaftServerImpl.java:submitClientRequestAsync(893)) - s0@group-E71C523113B1: receive client request(RaftClientRequest:client-6BD611A6EED4->s0@group-E71C523113B1, cid=4, seq=null, RW, Message:6d33)
2023-12-10 00:36:49,658 [NettyRpcService-workerGroup--thread1] DEBUG server.RaftServer$Division (LeaderStateImpl.java:addPendingRequest(522)) - s0@group-E71C523113B1-LeaderStateImpl: addPendingRequest at RaftClientRequest:client-6BD611A6EED4->s0@group-E71C523113B1, cid=4, seq=null, RW, Message:6d33, entry=(t:1, i:7), STATEMACHINELOGENTRY, 4@client-6BD611A6EED4
2023-12-10 00:36:49,658 [s0@group-E71C523113B1-StateMachineUpdater] INFO  impl.SimpleStateMachine4Testing (SimpleStateMachine4Testing.java:applyTransaction(248)) - applyTransaction for log index 7
2023-12-10 00:36:49,658 [s0@group-E71C523113B1-StateMachineUpdater] INFO  impl.SimpleStateMachine4Testing (SimpleStateMachine4Testing.java:put(205)) - s0: put 7, m3 -> (t:1, i:7), STATEMACHINELOGENTRY, 4@client-6BD611A6EED4
2023-12-10 00:36:49,659 [Time-limited test] DEBUG client.RaftClient (RaftClientImpl.java:add(150)) - client-6BD611A6EED4: add replied callId 4
2023-12-10 00:36:49,659 [Time-limited test] DEBUG client.RaftClient (RaftClientImpl.java:get(162)) - client-6BD611A6EED4: get 5 returns [4]
2023-12-10 00:36:49,660 [NettyRpcService-workerGroup--thread1] DEBUG server.RaftServer$Division (RaftServerImpl.java:submitClientRequestAsync(893)) - s0@group-E71C523113B1: receive client request(RaftClientRequest:client-6BD611A6EED4->s0@group-E71C523113B1, cid=5, seq=null, RW, Message:6d34)
2023-12-10 00:36:49,660 [NettyRpcService-workerGroup--thread1] DEBUG server.RaftServer$Division (LeaderStateImpl.java:addPendingRequest(522)) - s0@group-E71C523113B1-LeaderStateImpl: addPendingRequest at RaftClientRequest:client-6BD611A6EED4->s0@group-E71C523113B1, cid=5, seq=null, RW, Message:6d34, entry=(t:1, i:9), STATEMACHINELOGENTRY, 5@client-6BD611A6EED4
2023-12-10 00:36:49,661 [s0@group-E71C523113B1-StateMachineUpdater] INFO  impl.SimpleStateMachine4Testing (SimpleStateMachine4Testing.java:applyTransaction(248)) - applyTransaction for log index 9
2023-12-10 00:36:49,661 [s0@group-E71C523113B1-StateMachineUpdater] INFO  impl.SimpleStateMachine4Testing (SimpleStateMachine4Testing.java:put(205)) - s0: put 9, m4 -> (t:1, i:9), STATEMACHINELOGENTRY, 5@client-6BD611A6EED4
2023-12-10 00:36:49,662 [Time-limited test] DEBUG client.RaftClient (RaftClientImpl.java:add(150)) - client-6BD611A6EED4: add replied callId 5
2023-12-10 00:36:49,662 [Time-limited test] DEBUG client.RaftClient (RaftClientImpl.java:get(162)) - client-6BD611A6EED4: get 6 returns [5]
2023-12-10 00:36:49,663 [NettyRpcService-workerGroup--thread1] DEBUG server.RaftServer$Division (RaftServerImpl.java:submitClientRequestAsync(893)) - s0@group-E71C523113B1: receive client request(RaftClientRequest:client-6BD611A6EED4->s0@group-E71C523113B1, cid=6, seq=null, RW, Message:6d35)
2023-12-10 00:36:49,664 [s0@group-E71C523113B1-StateMachineUpdater] INFO  segmented.BufferedWriteChannel (BufferedWriteChannel.java:open(62)) - open snapshot.1_9 at position 0
2023-12-10 00:36:49,664 [NettyRpcService-workerGroup--thread1] DEBUG server.RaftServer$Division (LeaderStateImpl.java:addPendingRequest(522)) - s0@group-E71C523113B1-LeaderStateImpl: addPendingRequest at RaftClientRequest:client-6BD611A6EED4->s0@group-E71C523113B1, cid=6, seq=null, RW, Message:6d35, entry=(t:1, i:11), STATEMACHINELOGENTRY, 6@client-6BD611A6EED4
2023-12-10 00:36:49,673 [s0@group-E71C523113B1-StateMachineUpdater] TRACE util.FileUtils (LogUtils.java:supplyAndLog(69)) - Successfully supplied FileChannel.open /home/runner/work/ratis/ratis/ratis-test/target/test/data/6e893928/MiniRaftClusterWithNettyff22e078/s0/750d3f39-a5f3-4ce5-8498-e71c523113b1/sm/snapshot.1_9 with options [READ]: sun.nio.ch.FileChannelImpl@56098541
2023-12-10 00:36:49,674 [s0@group-E71C523113B1-StateMachineUpdater] TRACE util.FileUtils (LogUtils.java:supplyAndLog(69)) - Successfully supplied FileChannel.open /home/runner/work/ratis/ratis/ratis-test/target/test/data/6e893928/MiniRaftClusterWithNettyff22e078/s0/750d3f39-a5f3-4ce5-8498-e71c523113b1/sm/snapshot.1_9.md5.tmp with options [CREATE, WRITE]: sun.nio.ch.FileChannelImpl@117152c9
2023-12-10 00:36:49,676 [s0@group-E71C523113B1-StateMachineUpdater] TRACE util.FileUtils (LogUtils.java:runAndLog(49)) - Successfully ran Atomic Files.move /home/runner/work/ratis/ratis/ratis-test/target/test/data/6e893928/MiniRaftClusterWithNettyff22e078/s0/750d3f39-a5f3-4ce5-8498-e71c523113b1/sm/snapshot.1_9.md5.tmp to /home/runner/work/ratis/ratis/ratis-test/target/test/data/6e893928/MiniRaftClusterWithNettyff22e078/s0/750d3f39-a5f3-4ce5-8498-e71c523113b1/sm/snapshot.1_9.md5 with options [REPLACE_EXISTING]
2023-12-10 00:36:49,677 [s0@group-E71C523113B1-StateMachineUpdater] INFO  impl.StateMachineUpdater (StateMachineUpdater.java:takeSnapshot(295)) - s0@group-E71C523113B1-StateMachineUpdater: Took a snapshot at index 9
2023-12-10 00:36:49,677 [s0@group-E71C523113B1-StateMachineUpdater] INFO  impl.StateMachineUpdater (StateMachineUpdater.java:lambda$new$0(98)) - s0@group-E71C523113B1-StateMachineUpdater: snapshotIndex: updateIncreasingly -1 -> 9
2023-12-10 00:36:49,701 [s0@group-E71C523113B1-StateMachineUpdater] INFO  impl.SimpleStateMachine4Testing (SimpleStateMachine4Testing.java:applyTransaction(248)) - applyTransaction for log index 11
2023-12-10 00:36:49,701 [s0@group-E71C523113B1-StateMachineUpdater] INFO  impl.SimpleStateMachine4Testing (SimpleStateMachine4Testing.java:put(205)) - s0: put 11, m5 -> (t:1, i:11), STATEMACHINELOGENTRY, 6@client-6BD611A6EED4
2023-12-10 00:36:49,702 [Time-limited test] DEBUG client.RaftClient (RaftClientImpl.java:add(150)) - client-6BD611A6EED4: add replied callId 6
2023-12-10 00:36:49,703 [Time-limited test] DEBUG client.RaftClient (RaftClientImpl.java:get(162)) - client-6BD611A6EED4: get 7 returns [6]
2023-12-10 00:36:49,703 [NettyRpcService-workerGroup--thread1] DEBUG server.RaftServer$Division (RaftServerImpl.java:submitClientRequestAsync(893)) - s0@group-E71C523113B1: receive client request(RaftClientRequest:client-6BD611A6EED4->s0@group-E71C523113B1, cid=7, seq=null, RW, Message:6d36)
2023-12-10 00:36:49,704 [NettyRpcService-workerGroup--thread1] DEBUG server.RaftServer$Division (LeaderStateImpl.java:addPendingRequest(522)) - s0@group-E71C523113B1-LeaderStateImpl: addPendingRequest at RaftClientRequest:client-6BD611A6EED4->s0@group-E71C523113B1, cid=7, seq=null, RW, Message:6d36, entry=(t:1, i:13), STATEMACHINELOGENTRY, 7@client-6BD611A6EED4
2023-12-10 00:36:49,704 [s0@group-E71C523113B1-StateMachineUpdater] INFO  impl.SimpleStateMachine4Testing (SimpleStateMachine4Testing.java:applyTransaction(248)) - applyTransaction for log index 13
2023-12-10 00:36:49,704 [s0@group-E71C523113B1-StateMachineUpdater] INFO  impl.SimpleStateMachine4Testing (SimpleStateMachine4Testing.java:put(205)) - s0: put 13, m6 -> (t:1, i:13), STATEMACHINELOGENTRY, 7@client-6BD611A6EED4
2023-12-10 00:36:49,705 [Time-limited test] DEBUG client.RaftClient (RaftClientImpl.java:add(150)) - client-6BD611A6EED4: add replied callId 7
2023-12-10 00:36:49,705 [Time-limited test] DEBUG client.RaftClient (RaftClientImpl.java:get(162)) - client-6BD611A6EED4: get 8 returns [7]
2023-12-10 00:36:49,706 [NettyRpcService-workerGroup--thread1] DEBUG server.RaftServer$Division (RaftServerImpl.java:submitClientRequestAsync(893)) - s0@group-E71C523113B1: receive client request(RaftClientRequest:client-6BD611A6EED4->s0@group-E71C523113B1, cid=8, seq=null, RW, Message:6d37)
2023-12-10 00:36:49,706 [NettyRpcService-workerGroup--thread1] DEBUG server.RaftServer$Division (LeaderStateImpl.java:addPendingRequest(522)) - s0@group-E71C523113B1-LeaderStateImpl: addPendingRequest at RaftClientRequest:client-6BD611A6EED4->s0@group-E71C523113B1, cid=8, seq=null, RW, Message:6d37, entry=(t:1, i:15), STATEMACHINELOGENTRY, 8@client-6BD611A6EED4
2023-12-10 00:36:49,707 [s0@group-E71C523113B1-StateMachineUpdater] INFO  impl.SimpleStateMachine4Testing (SimpleStateMachine4Testing.java:applyTransaction(248)) - applyTransaction for log index 15
2023-12-10 00:36:49,707 [s0@group-E71C523113B1-StateMachineUpdater] INFO  impl.SimpleStateMachine4Testing (SimpleStateMachine4Testing.java:put(205)) - s0: put 15, m7 -> (t:1, i:15), STATEMACHINELOGENTRY, 8@client-6BD611A6EED4
2023-12-10 00:36:49,708 [Time-limited test] DEBUG client.RaftClient (RaftClientImpl.java:add(150)) - client-6BD611A6EED4: add replied callId 8
2023-12-10 00:36:49,708 [Time-limited test] DEBUG client.RaftClient (RaftClientImpl.java:get(162)) - client-6BD611A6EED4: get 9 returns [8]
2023-12-10 00:36:49,709 [NettyRpcService-workerGroup--thread1] DEBUG server.RaftServer$Division (RaftServerImpl.java:submitClientRequestAsync(893)) - s0@group-E71C523113B1: receive client request(RaftClientRequest:client-6BD611A6EED4->s0@group-E71C523113B1, cid=9, seq=null, RW, Message:6d38)
2023-12-10 00:36:49,709 [NettyRpcService-workerGroup--thread1] DEBUG server.RaftServer$Division (LeaderStateImpl.java:addPendingRequest(522)) - s0@group-E71C523113B1-LeaderStateImpl: addPendingRequest at RaftClientRequest:client-6BD611A6EED4->s0@group-E71C523113B1, cid=9, seq=null, RW, Message:6d38, entry=(t:1, i:17), STATEMACHINELOGENTRY, 9@client-6BD611A6EED4
2023-12-10 00:36:49,710 [s0@group-E71C523113B1-StateMachineUpdater] INFO  impl.SimpleStateMachine4Testing (SimpleStateMachine4Testing.java:applyTransaction(248)) - applyTransaction for log index 17
2023-12-10 00:36:49,710 [s0@group-E71C523113B1-StateMachineUpdater] INFO  impl.SimpleStateMachine4Testing (SimpleStateMachine4Testing.java:put(205)) - s0: put 17, m8 -> (t:1, i:17), STATEMACHINELOGENTRY, 9@client-6BD611A6EED4
2023-12-10 00:36:49,711 [Time-limited test] DEBUG client.RaftClient (RaftClientImpl.java:add(150)) - client-6BD611A6EED4: add replied callId 9
2023-12-10 00:36:49,711 [Time-limited test] DEBUG client.RaftClient (RaftClientImpl.java:get(162)) - client-6BD611A6EED4: get 10 returns [9]
2023-12-10 00:36:49,711 [NettyRpcService-workerGroup--thread1] DEBUG server.RaftServer$Division (RaftServerImpl.java:submitClientRequestAsync(893)) - s0@group-E71C523113B1: receive client request(RaftClientRequest:client-6BD611A6EED4->s0@group-E71C523113B1, cid=10, seq=null, RW, Message:6d39)
2023-12-10 00:36:49,712 [NettyRpcService-workerGroup--thread1] DEBUG server.RaftServer$Division (LeaderStateImpl.java:addPendingRequest(522)) - s0@group-E71C523113B1-LeaderStateImpl: addPendingRequest at RaftClientRequest:client-6BD611A6EED4->s0@group-E71C523113B1, cid=10, seq=null, RW, Message:6d39, entry=(t:1, i:19), STATEMACHINELOGENTRY, 10@client-6BD611A6EED4
2023-12-10 00:36:49,712 [s0@group-E71C523113B1-StateMachineUpdater] INFO  impl.SimpleStateMachine4Testing (SimpleStateMachine4Testing.java:applyTransaction(248)) - applyTransaction for log index 19
2023-12-10 00:36:49,712 [s0@group-E71C523113B1-StateMachineUpdater] INFO  impl.SimpleStateMachine4Testing (SimpleStateMachine4Testing.java:put(205)) - s0: put 19, m9 -> (t:1, i:19), STATEMACHINELOGENTRY, 10@client-6BD611A6EED4
2023-12-10 00:36:49,714 [Time-limited test] DEBUG client.RaftClient (RaftClientImpl.java:add(150)) - client-6BD611A6EED4: add replied callId 10
2023-12-10 00:36:49,714 [Time-limited test] DEBUG client.RaftClient (RaftClientImpl.java:get(162)) - client-6BD611A6EED4: get 11 returns [10]
2023-12-10 00:36:49,714 [s0@group-E71C523113B1-StateMachineUpdater] INFO  segmented.BufferedWriteChannel (BufferedWriteChannel.java:open(62)) - open snapshot.1_19 at position 0
2023-12-10 00:36:49,715 [NettyRpcService-workerGroup--thread1] DEBUG server.RaftServer$Division (RaftServerImpl.java:submitClientRequestAsync(893)) - s0@group-E71C523113B1: receive client request(RaftClientRequest:client-6BD611A6EED4->s0@group-E71C523113B1, cid=11, seq=null, RW, Message:6d3130)
2023-12-10 00:36:49,716 [NettyRpcService-workerGroup--thread1] DEBUG server.RaftServer$Division (LeaderStateImpl.java:addPendingRequest(522)) - s0@group-E71C523113B1-LeaderStateImpl: addPendingRequest at RaftClientRequest:client-6BD611A6EED4->s0@group-E71C523113B1, cid=11, seq=null, RW, Message:6d3130, entry=(t:1, i:21), STATEMACHINELOGENTRY, 11@client-6BD611A6EED4
2023-12-10 00:36:49,723 [s0@group-E71C523113B1-StateMachineUpdater] TRACE util.FileUtils (LogUtils.java:supplyAndLog(69)) - Successfully supplied FileChannel.open /home/runner/work/ratis/ratis/ratis-test/target/test/data/6e893928/MiniRaftClusterWithNettyff22e078/s0/750d3f39-a5f3-4ce5-8498-e71c523113b1/sm/snapshot.1_19 with options [READ]: sun.nio.ch.FileChannelImpl@6d87da17
2023-12-10 00:36:49,724 [s0@group-E71C523113B1-StateMachineUpdater] TRACE util.FileUtils (LogUtils.java:supplyAndLog(69)) - Successfully supplied FileChannel.open /home/runner/work/ratis/ratis/ratis-test/target/test/data/6e893928/MiniRaftClusterWithNettyff22e078/s0/750d3f39-a5f3-4ce5-8498-e71c523113b1/sm/snapshot.1_19.md5.tmp with options [CREATE, WRITE]: sun.nio.ch.FileChannelImpl@7187c31d
2023-12-10 00:36:49,725 [s0@group-E71C523113B1-StateMachineUpdater] TRACE util.FileUtils (LogUtils.java:runAndLog(49)) - Successfully ran Atomic Files.move /home/runner/work/ratis/ratis/ratis-test/target/test/data/6e893928/MiniRaftClusterWithNettyff22e078/s0/750d3f39-a5f3-4ce5-8498-e71c523113b1/sm/snapshot.1_19.md5.tmp to /home/runner/work/ratis/ratis/ratis-test/target/test/data/6e893928/MiniRaftClusterWithNettyff22e078/s0/750d3f39-a5f3-4ce5-8498-e71c523113b1/sm/snapshot.1_19.md5 with options [REPLACE_EXISTING]
2023-12-10 00:36:49,725 [s0@group-E71C523113B1-StateMachineUpdater] INFO  impl.StateMachineUpdater (StateMachineUpdater.java:takeSnapshot(295)) - s0@group-E71C523113B1-StateMachineUpdater: Took a snapshot at index 19
2023-12-10 00:36:49,725 [s0@group-E71C523113B1-StateMachineUpdater] INFO  impl.StateMachineUpdater (StateMachineUpdater.java:lambda$new$0(98)) - s0@group-E71C523113B1-StateMachineUpdater: snapshotIndex: updateIncreasingly 9 -> 19
2023-12-10 00:36:49,725 [s0@group-E71C523113B1-StateMachineUpdater] INFO  impl.SimpleStateMachine4Testing (SimpleStateMachine4Testing.java:applyTransaction(248)) - applyTransaction for log index 21
2023-12-10 00:36:49,725 [s0@group-E71C523113B1-StateMachineUpdater] INFO  impl.SimpleStateMachine4Testing (SimpleStateMachine4Testing.java:put(205)) - s0: put 21, m10 -> (t:1, i:21), STATEMACHINELOGENTRY, 11@client-6BD611A6EED4
2023-12-10 00:36:49,726 [Time-limited test] DEBUG client.RaftClient (RaftClientImpl.java:add(150)) - client-6BD611A6EED4: add replied callId 11
2023-12-10 00:36:49,727 [Time-limited test] DEBUG client.RaftClient (RaftClientImpl.java:get(162)) - client-6BD611A6EED4: get 12 returns [11]
2023-12-10 00:36:49,727 [NettyRpcService-workerGroup--thread1] DEBUG server.RaftServer$Division (RaftServerImpl.java:submitClientRequestAsync(893)) - s0@group-E71C523113B1: receive client request(RaftClientRequest:client-6BD611A6EED4->s0@group-E71C523113B1, cid=12, seq=null, RW, Message:6d3131)
2023-12-10 00:36:49,728 [NettyRpcService-workerGroup--thread1] DEBUG server.RaftServer$Division (LeaderStateImpl.java:addPendingRequest(522)) - s0@group-E71C523113B1-LeaderStateImpl: addPendingRequest at RaftClientRequest:client-6BD611A6EED4->s0@group-E71C523113B1, cid=12, seq=null, RW, Message:6d3131, entry=(t:1, i:23), STATEMACHINELOGENTRY, 12@client-6BD611A6EED4
2023-12-10 00:36:49,729 [s0@group-E71C523113B1-StateMachineUpdater] INFO  impl.SimpleStateMachine4Testing (SimpleStateMachine4Testing.java:applyTransaction(248)) - applyTransaction for log index 23
2023-12-10 00:36:49,729 [s0@group-E71C523113B1-StateMachineUpdater] INFO  impl.SimpleStateMachine4Testing (SimpleStateMachine4Testing.java:put(205)) - s0: put 23, m11 -> (t:1, i:23), STATEMACHINELOGENTRY, 12@client-6BD611A6EED4
2023-12-10 00:36:49,729 [Time-limited test] DEBUG client.RaftClient (RaftClientImpl.java:add(150)) - client-6BD611A6EED4: add replied callId 12
2023-12-10 00:36:49,730 [Time-limited test] DEBUG client.RaftClient (RaftClientImpl.java:get(162)) - client-6BD611A6EED4: get 13 returns [12]
2023-12-10 00:36:49,730 [NettyRpcService-workerGroup--thread1] DEBUG server.RaftServer$Division (RaftServerImpl.java:submitClientRequestAsync(893)) - s0@group-E71C523113B1: receive client request(RaftClientRequest:client-6BD611A6EED4->s0@group-E71C523113B1, cid=13, seq=null, RW, Message:6d3132)
2023-12-10 00:36:49,731 [NettyRpcService-workerGroup--thread1] DEBUG server.RaftServer$Division (LeaderStateImpl.java:addPendingRequest(522)) - s0@group-E71C523113B1-LeaderStateImpl: addPendingRequest at RaftClientRequest:client-6BD611A6EED4->s0@group-E71C523113B1, cid=13, seq=null, RW, Message:6d3132, entry=(t:1, i:25), STATEMACHINELOGENTRY, 13@client-6BD611A6EED4
2023-12-10 00:36:49,731 [s0@group-E71C523113B1-StateMachineUpdater] INFO  impl.SimpleStateMachine4Testing (SimpleStateMachine4Testing.java:applyTransaction(248)) - applyTransaction for log index 25
2023-12-10 00:36:49,731 [s0@group-E71C523113B1-StateMachineUpdater] INFO  impl.SimpleStateMachine4Testing (SimpleStateMachine4Testing.java:put(205)) - s0: put 25, m12 -> (t:1, i:25), STATEMACHINELOGENTRY, 13@client-6BD611A6EED4
2023-12-10 00:36:49,732 [Time-limited test] DEBUG client.RaftClient (RaftClientImpl.java:add(150)) - client-6BD611A6EED4: add replied callId 13
2023-12-10 00:36:49,732 [Time-limited test] DEBUG client.RaftClient (RaftClientImpl.java:get(162)) - client-6BD611A6EED4: get 14 returns [13]
2023-12-10 00:36:49,733 [NettyRpcService-workerGroup--thread1] DEBUG server.RaftServer$Division (RaftServerImpl.java:submitClientRequestAsync(893)) - s0@group-E71C523113B1: receive client request(RaftClientRequest:client-6BD611A6EED4->s0@group-E71C523113B1, cid=14, seq=null, RW, Message:6d3133)
2023-12-10 00:36:49,733 [NettyRpcService-workerGroup--thread1] DEBUG server.RaftServer$Division (LeaderStateImpl.java:addPendingRequest(522)) - s0@group-E71C523113B1-LeaderStateImpl: addPendingRequest at RaftClientRequest:client-6BD611A6EED4->s0@group-E71C523113B1, cid=14, seq=null, RW, Message:6d3133, entry=(t:1, i:27), STATEMACHINELOGENTRY, 14@client-6BD611A6EED4
2023-12-10 00:36:49,734 [s0@group-E71C523113B1-StateMachineUpdater] INFO  impl.SimpleStateMachine4Testing (SimpleStateMachine4Testing.java:applyTransaction(248)) - applyTransaction for log index 27
2023-12-10 00:36:49,734 [s0@group-E71C523113B1-StateMachineUpdater] INFO  impl.SimpleStateMachine4Testing (SimpleStateMachine4Testing.java:put(205)) - s0: put 27, m13 -> (t:1, i:27), STATEMACHINELOGENTRY, 14@client-6BD611A6EED4
2023-12-10 00:36:49,735 [Time-limited test] DEBUG client.RaftClient (RaftClientImpl.java:add(150)) - client-6BD611A6EED4: add replied callId 14
2023-12-10 00:36:49,735 [Time-limited test] DEBUG client.RaftClient (RaftClientImpl.java:get(162)) - client-6BD611A6EED4: get 15 returns [14]
2023-12-10 00:36:49,736 [NettyRpcService-workerGroup--thread1] DEBUG server.RaftServer$Division (RaftServerImpl.java:submitClientRequestAsync(893)) - s0@group-E71C523113B1: receive client request(RaftClientRequest:client-6BD611A6EED4->s0@group-E71C523113B1, cid=15, seq=null, RW, Message:6d3134)
2023-12-10 00:36:49,736 [NettyRpcService-workerGroup--thread1] DEBUG server.RaftServer$Division (LeaderStateImpl.java:addPendingRequest(522)) - s0@group-E71C523113B1-LeaderStateImpl: addPendingRequest at RaftClientRequest:client-6BD611A6EED4->s0@group-E71C523113B1, cid=15, seq=null, RW, Message:6d3134, entry=(t:1, i:29), STATEMACHINELOGENTRY, 15@client-6BD611A6EED4
2023-12-10 00:36:49,737 [s0@group-E71C523113B1-StateMachineUpdater] INFO  impl.SimpleStateMachine4Testing (SimpleStateMachine4Testing.java:applyTransaction(248)) - applyTransaction for log index 29
2023-12-10 00:36:49,737 [s0@group-E71C523113B1-StateMachineUpdater] INFO  impl.SimpleStateMachine4Testing (SimpleStateMachine4Testing.java:put(205)) - s0: put 29, m14 -> (t:1, i:29), STATEMACHINELOGENTRY, 15@client-6BD611A6EED4
2023-12-10 00:36:49,739 [s0@group-E71C523113B1-StateMachineUpdater] INFO  segmented.BufferedWriteChannel (BufferedWriteChannel.java:open(62)) - open snapshot.1_29 at position 0
2023-12-10 00:36:49,742 [Time-limited test] DEBUG client.RaftClient (RaftClientImpl.java:add(150)) - client-6BD611A6EED4: add replied callId 15
2023-12-10 00:36:49,742 [Time-limited test] DEBUG client.RaftClient (RaftClientImpl.java:get(162)) - client-6BD611A6EED4: get 16 returns [15]
2023-12-10 00:36:49,743 [NettyRpcService-workerGroup--thread1] DEBUG server.RaftServer$Division (RaftServerImpl.java:submitClientRequestAsync(893)) - s0@group-E71C523113B1: receive client request(RaftClientRequest:client-6BD611A6EED4->s0@group-E71C523113B1, cid=16, seq=null, RW, Message:6d3135)
2023-12-10 00:36:49,744 [NettyRpcService-workerGroup--thread1] DEBUG server.RaftServer$Division (LeaderStateImpl.java:addPendingRequest(522)) - s0@group-E71C523113B1-LeaderStateImpl: addPendingRequest at RaftClientRequest:client-6BD611A6EED4->s0@group-E71C523113B1, cid=16, seq=null, RW, Message:6d3135, entry=(t:1, i:31), STATEMACHINELOGENTRY, 16@client-6BD611A6EED4
2023-12-10 00:36:49,747 [s0@group-E71C523113B1-StateMachineUpdater] TRACE util.FileUtils (LogUtils.java:supplyAndLog(69)) - Successfully supplied FileChannel.open /home/runner/work/ratis/ratis/ratis-test/target/test/data/6e893928/MiniRaftClusterWithNettyff22e078/s0/750d3f39-a5f3-4ce5-8498-e71c523113b1/sm/snapshot.1_29 with options [READ]: sun.nio.ch.FileChannelImpl@58c6d98c
2023-12-10 00:36:49,748 [s0@group-E71C523113B1-StateMachineUpdater] TRACE util.FileUtils (LogUtils.java:supplyAndLog(69)) - Successfully supplied FileChannel.open /home/runner/work/ratis/ratis/ratis-test/target/test/data/6e893928/MiniRaftClusterWithNettyff22e078/s0/750d3f39-a5f3-4ce5-8498-e71c523113b1/sm/snapshot.1_29.md5.tmp with options [CREATE, WRITE]: sun.nio.ch.FileChannelImpl@7a05fd00
2023-12-10 00:36:49,749 [s0@group-E71C523113B1-StateMachineUpdater] TRACE util.FileUtils (LogUtils.java:runAndLog(49)) - Successfully ran Atomic Files.move /home/runner/work/ratis/ratis/ratis-test/target/test/data/6e893928/MiniRaftClusterWithNettyff22e078/s0/750d3f39-a5f3-4ce5-8498-e71c523113b1/sm/snapshot.1_29.md5.tmp to /home/runner/work/ratis/ratis/ratis-test/target/test/data/6e893928/MiniRaftClusterWithNettyff22e078/s0/750d3f39-a5f3-4ce5-8498-e71c523113b1/sm/snapshot.1_29.md5 with options [REPLACE_EXISTING]
2023-12-10 00:36:49,749 [s0@group-E71C523113B1-StateMachineUpdater] INFO  impl.StateMachineUpdater (StateMachineUpdater.java:takeSnapshot(295)) - s0@group-E71C523113B1-StateMachineUpdater: Took a snapshot at index 29
2023-12-10 00:36:49,750 [s0@group-E71C523113B1-StateMachineUpdater] INFO  impl.StateMachineUpdater (StateMachineUpdater.java:lambda$new$0(98)) - s0@group-E71C523113B1-StateMachineUpdater: snapshotIndex: updateIncreasingly 19 -> 29
2023-12-10 00:36:49,750 [s0@group-E71C523113B1-StateMachineUpdater] INFO  impl.SimpleStateMachine4Testing (SimpleStateMachine4Testing.java:applyTransaction(248)) - applyTransaction for log index 31
2023-12-10 00:36:49,750 [s0@group-E71C523113B1-StateMachineUpdater] INFO  impl.SimpleStateMachine4Testing (SimpleStateMachine4Testing.java:put(205)) - s0: put 31, m15 -> (t:1, i:31), STATEMACHINELOGENTRY, 16@client-6BD611A6EED4
2023-12-10 00:36:49,751 [Time-limited test] DEBUG client.RaftClient (RaftClientImpl.java:add(150)) - client-6BD611A6EED4: add replied callId 16
2023-12-10 00:36:49,751 [Time-limited test] DEBUG client.RaftClient (RaftClientImpl.java:get(162)) - client-6BD611A6EED4: get 17 returns [16]
2023-12-10 00:36:49,752 [NettyRpcService-workerGroup--thread1] DEBUG server.RaftServer$Division (RaftServerImpl.java:submitClientRequestAsync(893)) - s0@group-E71C523113B1: receive client request(RaftClientRequest:client-6BD611A6EED4->s0@group-E71C523113B1, cid=17, seq=null, RW, Message:6d3136)
2023-12-10 00:36:49,752 [NettyRpcService-workerGroup--thread1] DEBUG server.RaftServer$Division (LeaderStateImpl.java:addPendingRequest(522)) - s0@group-E71C523113B1-LeaderStateImpl: addPendingRequest at RaftClientRequest:client-6BD611A6EED4->s0@group-E71C523113B1, cid=17, seq=null, RW, Message:6d3136, entry=(t:1, i:33), STATEMACHINELOGENTRY, 17@client-6BD611A6EED4
2023-12-10 00:36:49,753 [s0@group-E71C523113B1-StateMachineUpdater] INFO  impl.SimpleStateMachine4Testing (SimpleStateMachine4Testing.java:applyTransaction(248)) - applyTransaction for log index 33
2023-12-10 00:36:49,753 [s0@group-E71C523113B1-StateMachineUpdater] INFO  impl.SimpleStateMachine4Testing (SimpleStateMachine4Testing.java:put(205)) - s0: put 33, m16 -> (t:1, i:33), STATEMACHINELOGENTRY, 17@client-6BD611A6EED4
2023-12-10 00:36:49,754 [Time-limited test] DEBUG client.RaftClient (RaftClientImpl.java:add(150)) - client-6BD611A6EED4: add replied callId 17
2023-12-10 00:36:49,754 [Time-limited test] DEBUG client.RaftClient (RaftClientImpl.java:get(162)) - client-6BD611A6EED4: get 18 returns [17]
2023-12-10 00:36:49,755 [NettyRpcService-workerGroup--thread1] DEBUG server.RaftServer$Division (RaftServerImpl.java:submitClientRequestAsync(893)) - s0@group-E71C523113B1: receive client request(RaftClientRequest:client-6BD611A6EED4->s0@group-E71C523113B1, cid=18, seq=null, RW, Message:6d3137)
2023-12-10 00:36:49,755 [NettyRpcService-workerGroup--thread1] DEBUG server.RaftServer$Division (LeaderStateImpl.java:addPendingRequest(522)) - s0@group-E71C523113B1-LeaderStateImpl: addPendingRequest at RaftClientRequest:client-6BD611A6EED4->s0@group-E71C523113B1, cid=18, seq=null, RW, Message:6d3137, entry=(t:1, i:35), STATEMACHINELOGENTRY, 18@client-6BD611A6EED4
2023-12-10 00:36:49,756 [s0@group-E71C523113B1-StateMachineUpdater] INFO  impl.SimpleStateMachine4Testing (SimpleStateMachine4Testing.java:applyTransaction(248)) - applyTransaction for log index 35
2023-12-10 00:36:49,756 [s0@group-E71C523113B1-StateMachineUpdater] INFO  impl.SimpleStateMachine4Testing (SimpleStateMachine4Testing.java:put(205)) - s0: put 35, m17 -> (t:1, i:35), STATEMACHINELOGENTRY, 18@client-6BD611A6EED4
2023-12-10 00:36:49,757 [Time-limited test] DEBUG client.RaftClient (RaftClientImpl.java:add(150)) - client-6BD611A6EED4: add replied callId 18
2023-12-10 00:36:49,757 [Time-limited test] DEBUG client.RaftClient (RaftClientImpl.java:get(162)) - client-6BD611A6EED4: get 19 returns [18]
2023-12-10 00:36:49,757 [NettyRpcService-workerGroup--thread1] DEBUG server.RaftServer$Division (RaftServerImpl.java:submitClientRequestAsync(893)) - s0@group-E71C523113B1: receive client request(RaftClientRequest:client-6BD611A6EED4->s0@group-E71C523113B1, cid=19, seq=null, RW, Message:6d3138)
2023-12-10 00:36:49,758 [NettyRpcService-workerGroup--thread1] DEBUG server.RaftServer$Division (LeaderStateImpl.java:addPendingRequest(522)) - s0@group-E71C523113B1-LeaderStateImpl: addPendingRequest at RaftClientRequest:client-6BD611A6EED4->s0@group-E71C523113B1, cid=19, seq=null, RW, Message:6d3138, entry=(t:1, i:37), STATEMACHINELOGENTRY, 19@client-6BD611A6EED4
2023-12-10 00:36:49,758 [s0@group-E71C523113B1-StateMachineUpdater] INFO  impl.SimpleStateMachine4Testing (SimpleStateMachine4Testing.java:applyTransaction(248)) - applyTransaction for log index 37
2023-12-10 00:36:49,758 [s0@group-E71C523113B1-StateMachineUpdater] INFO  impl.SimpleStateMachine4Testing (SimpleStateMachine4Testing.java:put(205)) - s0: put 37, m18 -> (t:1, i:37), STATEMACHINELOGENTRY, 19@client-6BD611A6EED4
2023-12-10 00:36:49,759 [Time-limited test] DEBUG client.RaftClient (RaftClientImpl.java:add(150)) - client-6BD611A6EED4: add replied callId 19
2023-12-10 00:36:49,764 [Time-limited test] INFO  statemachine.RaftSnapshotBaseTest (RaftSnapshotBaseTest.java:testInstallSnapshotDuringBootstrap(292)) - nextIndex = 39
2023-12-10 00:36:49,766 [Time-limited test] INFO  statemachine.RaftSnapshotBaseTest (RaftSnapshotBaseTest.java:exists(183)) - File exists: /home/runner/work/ratis/ratis/ratis-test/target/test/data/6e893928/MiniRaftClusterWithNettyff22e078/s0/750d3f39-a5f3-4ce5-8498-e71c523113b1/sm/snapshot.1_29
2023-12-10 00:36:49,766 [Time-limited test] INFO  server.RaftServerConfigKeys (ConfUtils.java:logGet(46)) - raft.server.rpc.timeout.max = 300ms (default)
2023-12-10 00:36:49,766 [Time-limited test] INFO  ratis.RaftTestUtil (RaftTestUtil.java:waitForLeader(100)) - printing ALL groups
  s0:  RUNNING    LEADER s0@group-E71C523113B1:t1, leader=s0, voted=s0, raftlog=Memoized:s0@group-E71C523113B1-SegmentedRaftLog:OPENED:c38, conf=0: peers:[s0|localhost:34269]|listeners:[], old=null RUNNING
2023-12-10 00:36:49,767 [Time-limited test] INFO  ratis.RaftTestUtil (RaftTestUtil.java:waitForLeader(124)) - printing ALL groups
  s0:  RUNNING    LEADER s0@group-E71C523113B1:t1, leader=s0, voted=s0, raftlog=Memoized:s0@group-E71C523113B1-SegmentedRaftLog:OPENED:c38, conf=0: peers:[s0|localhost:34269]|listeners:[], old=null RUNNING
2023-12-10 00:36:49,816 [Time-limited test] INFO  statemachine.RaftSnapshotBaseTest (RaftSnapshotBaseTest.java:assertLogContent(113)) - 0) 0 term: 1, index: 1, stateMachineLogEntry {,   logData: "m0",   stateMachineEntry {,     stateMachineData: "StateMachine Data",   },   clientId: "\275}\250\346S\220M:\225\361k\326\021\246\356\324",   callId: 1, }, 
2023-12-10 00:36:49,818 [Time-limited test] INFO  statemachine.RaftSnapshotBaseTest (RaftSnapshotBaseTest.java:assertLogContent(113)) - 1) 1 term: 1, index: 3, stateMachineLogEntry {,   logData: "m1",   stateMachineEntry {,     stateMachineData: "StateMachine Data",   },   clientId: "\275}\250\346S\220M:\225\361k\326\021\246\356\324",   callId: 2, }, 
2023-12-10 00:36:49,818 [Time-limited test] INFO  statemachine.RaftSnapshotBaseTest (RaftSnapshotBaseTest.java:assertLogContent(113)) - 2) 2 term: 1, index: 5, stateMachineLogEntry {,   logData: "m2",   stateMachineEntry {,     stateMachineData: "StateMachine Data",   },   clientId: "\275}\250\346S\220M:\225\361k\326\021\246\356\324",   callId: 3, }, 
2023-12-10 00:36:49,818 [Time-limited test] INFO  statemachine.RaftSnapshotBaseTest (RaftSnapshotBaseTest.java:assertLogContent(113)) - 3) 3 term: 1, index: 7, stateMachineLogEntry {,   logData: "m3",   stateMachineEntry {,     stateMachineData: "StateMachine Data",   },   clientId: "\275}\250\346S\220M:\225\361k\326\021\246\356\324",   callId: 4, }, 
2023-12-10 00:36:49,819 [Time-limited test] INFO  statemachine.RaftSnapshotBaseTest (RaftSnapshotBaseTest.java:assertLogContent(113)) - 4) 4 term: 1, index: 9, stateMachineLogEntry {,   logData: "m4",   stateMachineEntry {,     stateMachineData: "StateMachine Data",   },   clientId: "\275}\250\346S\220M:\225\361k\326\021\246\356\324",   callId: 5, }, 
2023-12-10 00:36:49,819 [Time-limited test] INFO  statemachine.RaftSnapshotBaseTest (RaftSnapshotBaseTest.java:assertLogContent(113)) - 5) 5 term: 1, index: 11, stateMachineLogEntry {,   logData: "m5",   stateMachineEntry {,     stateMachineData: "StateMachine Data",   },   clientId: "\275}\250\346S\220M:\225\361k\326\021\246\356\324",   callId: 6, }, 
2023-12-10 00:36:49,819 [Time-limited test] INFO  statemachine.RaftSnapshotBaseTest (RaftSnapshotBaseTest.java:assertLogContent(113)) - 6) 6 term: 1, index: 13, stateMachineLogEntry {,   logData: "m6",   stateMachineEntry {,     stateMachineData: "StateMachine Data",   },   clientId: "\275}\250\346S\220M:\225\361k\326\021\246\356\324",   callId: 7, }, 
2023-12-10 00:36:49,821 [Time-limited test] INFO  statemachine.RaftSnapshotBaseTest (RaftSnapshotBaseTest.java:assertLogContent(113)) - 7) 7 term: 1, index: 15, stateMachineLogEntry {,   logData: "m7",   stateMachineEntry {,     stateMachineData: "StateMachine Data",   },   clientId: "\275}\250\346S\220M:\225\361k\326\021\246\356\324",   callId: 8, }, 
2023-12-10 00:36:49,822 [Time-limited test] INFO  statemachine.RaftSnapshotBaseTest (RaftSnapshotBaseTest.java:assertLogContent(113)) - 8) 8 term: 1, index: 17, stateMachineLogEntry {,   logData: "m8",   stateMachineEntry {,     stateMachineData: "StateMachine Data",   },   clientId: "\275}\250\346S\220M:\225\361k\326\021\246\356\324",   callId: 9, }, 
2023-12-10 00:36:49,822 [Time-limited test] INFO  statemachine.RaftSnapshotBaseTest (RaftSnapshotBaseTest.java:assertLogContent(113)) - 9) 9 term: 1, index: 19, stateMachineLogEntry {,   logData: "m9",   stateMachineEntry {,     stateMachineData: "StateMachine Data",   },   clientId: "\275}\250\346S\220M:\225\361k\326\021\246\356\324",   callId: 10, }, 
2023-12-10 00:36:49,822 [Time-limited test] INFO  statemachine.RaftSnapshotBaseTest (RaftSnapshotBaseTest.java:assertLogContent(113)) - 10) 10 term: 1, index: 21, stateMachineLogEntry {,   logData: "m10",   stateMachineEntry {,     stateMachineData: "StateMachine Data",   },   clientId: "\275}\250\346S\220M:\225\361k\326\021\246\356\324",   callId: 11, }, 
2023-12-10 00:36:49,822 [Time-limited test] INFO  statemachine.RaftSnapshotBaseTest (RaftSnapshotBaseTest.java:assertLogContent(113)) - 11) 11 term: 1, index: 23, stateMachineLogEntry {,   logData: "m11",   stateMachineEntry {,     stateMachineData: "StateMachine Data",   },   clientId: "\275}\250\346S\220M:\225\361k\326\021\246\356\324",   callId: 12, }, 
2023-12-10 00:36:49,823 [Time-limited test] INFO  statemachine.RaftSnapshotBaseTest (RaftSnapshotBaseTest.java:assertLogContent(113)) - 12) 12 term: 1, index: 25, stateMachineLogEntry {,   logData: "m12",   stateMachineEntry {,     stateMachineData: "StateMachine Data",   },   clientId: "\275}\250\346S\220M:\225\361k\326\021\246\356\324",   callId: 13, }, 
2023-12-10 00:36:49,823 [Time-limited test] INFO  statemachine.RaftSnapshotBaseTest (RaftSnapshotBaseTest.java:assertLogContent(113)) - 13) 13 term: 1, index: 27, stateMachineLogEntry {,   logData: "m13",   stateMachineEntry {,     stateMachineData: "StateMachine Data",   },   clientId: "\275}\250\346S\220M:\225\361k\326\021\246\356\324",   callId: 14, }, 
2023-12-10 00:36:49,823 [Time-limited test] INFO  statemachine.RaftSnapshotBaseTest (RaftSnapshotBaseTest.java:assertLogContent(113)) - 14) 14 term: 1, index: 29, stateMachineLogEntry {,   logData: "m14",   stateMachineEntry {,     stateMachineData: "StateMachine Data",   },   clientId: "\275}\250\346S\220M:\225\361k\326\021\246\356\324",   callId: 15, }, 
2023-12-10 00:36:49,825 [Time-limited test] INFO  statemachine.RaftSnapshotBaseTest (RaftSnapshotBaseTest.java:assertLogContent(113)) - 15) 15 term: 1, index: 31, stateMachineLogEntry {,   logData: "m15",   stateMachineEntry {,     stateMachineData: "StateMachine Data",   },   clientId: "\275}\250\346S\220M:\225\361k\326\021\246\356\324",   callId: 16, }, 
2023-12-10 00:36:49,825 [Time-limited test] INFO  statemachine.RaftSnapshotBaseTest (RaftSnapshotBaseTest.java:assertLogContent(113)) - 16) 16 term: 1, index: 33, stateMachineLogEntry {,   logData: "m16",   stateMachineEntry {,     stateMachineData: "StateMachine Data",   },   clientId: "\275}\250\346S\220M:\225\361k\326\021\246\356\324",   callId: 17, }, 
2023-12-10 00:36:49,825 [Time-limited test] INFO  statemachine.RaftSnapshotBaseTest (RaftSnapshotBaseTest.java:assertLogContent(113)) - 17) 17 term: 1, index: 35, stateMachineLogEntry {,   logData: "m17",   stateMachineEntry {,     stateMachineData: "StateMachine Data",   },   clientId: "\275}\250\346S\220M:\225\361k\326\021\246\356\324",   callId: 18, }, 
2023-12-10 00:36:49,825 [Time-limited test] INFO  statemachine.RaftSnapshotBaseTest (RaftSnapshotBaseTest.java:assertLogContent(113)) - 18) 18 term: 1, index: 37, stateMachineLogEntry {,   logData: "m18",   stateMachineEntry {,     stateMachineData: "StateMachine Data",   },   clientId: "\275}\250\346S\220M:\225\361k\326\021\246\356\324",   callId: 19, }, 
2023-12-10 00:36:49,826 [Time-limited test] INFO  impl.MiniRaftCluster (MiniRaftCluster.java:addNewPeers(464)) - Add new peers [s3, s4]
2023-12-10 00:36:49,826 [Time-limited test] INFO  impl.MiniRaftCluster (MiniRaftCluster.java:newRaftServer(382)) - newRaftServer: s3, group-E71C523113B1:[s3, s4, s0|localhost:34269], format? true
2023-12-10 00:36:49,826 [Time-limited test] TRACE util.FileUtils (FileUtils.java:deleteFully(305)) - deleteFully target/test/data/6e893928/MiniRaftClusterWithNettyff22e078/s3
2023-12-10 00:36:49,826 [Time-limited test] TRACE util.FileUtils (FileUtils.java:deleteFully(318)) - deleteFully: target/test/data/6e893928/MiniRaftClusterWithNettyff22e078/s3 does not exist.
2023-12-10 00:36:49,826 [Time-limited test] INFO  impl.MiniRaftCluster (MiniRaftCluster.java:newRaftServer(387)) - Formatted directory target/test/data/6e893928/MiniRaftClusterWithNettyff22e078/s3
2023-12-10 00:36:49,827 [Time-limited test] INFO  server.RaftServer (ConfUtils.java:logGet(46)) - raft.rpc.type = NETTY (custom)
2023-12-10 00:36:49,827 [Time-limited test] INFO  netty.NettyConfigKeys$Server (ConfUtils.java:logGet(46)) - raft.netty.server.use-epoll = true (default)
2023-12-10 00:36:49,827 [Time-limited test] INFO  netty.NettyUtils (NettyUtils.java:newEventLoopGroup(69)) - Create EpollEventLoopGroup for NettyRpcService-bossGroup; Thread size is 0.
2023-12-10 00:36:49,832 [Time-limited test] INFO  netty.NettyUtils (NettyUtils.java:newEventLoopGroup(69)) - Create EpollEventLoopGroup for NettyRpcService-workerGroup; Thread size is 0.
2023-12-10 00:36:49,833 [Time-limited test] INFO  netty.NettyConfigKeys$Server (ConfUtils.java:logGet(46)) - raft.netty.server.host = null (default)
2023-12-10 00:36:49,833 [Time-limited test] INFO  netty.NettyConfigKeys$Server (ConfUtils.java:logGet(46)) - raft.netty.server.port = 37561 (custom)
2023-12-10 00:36:49,833 [Time-limited test] INFO  impl.DataStreamServerImpl (ConfUtils.java:logGet(46)) - raft.datastream.type = DISABLED (default)
2023-12-10 00:36:49,833 [Time-limited test] INFO  server.RaftServerConfigKeys (ConfUtils.java:logGet(46)) - raft.server.sleep.deviation.threshold = 300ms (default)
2023-12-10 00:36:49,833 [Time-limited test] INFO  server.RaftServerConfigKeys (ConfUtils.java:logGet(46)) - raft.server.close.threshold = 60s (default)
2023-12-10 00:36:49,833 [Time-limited test] INFO  server.RaftServerConfigKeys (ConfUtils.java:logGet(46)) - raft.server.leaderelection.leader.step-down.wait-time = 10s (default)
2023-12-10 00:36:49,833 [Time-limited test] INFO  server.RaftServerConfigKeys (ConfUtils.java:logGet(46)) - raft.server.storage.dir = [/home/runner/work/ratis/ratis/ratis-test/target/test/data/6e893928/MiniRaftClusterWithNettyff22e078/s3] (custom)
2023-12-10 00:36:49,834 [Time-limited test] INFO  server.RaftServerConfigKeys (ConfUtils.java:logGet(46)) - raft.server.threadpool.proxy.cached = true (default)
2023-12-10 00:36:49,834 [Time-limited test] INFO  server.RaftServerConfigKeys (ConfUtils.java:logGet(46)) - raft.server.threadpool.proxy.size = 0 (default)
2023-12-10 00:36:49,834 [Time-limited test] INFO  server.RaftServer (RaftServerProxy.java:addNew(100)) - s3: addNew group-E71C523113B1:[s3, s4, s0|localhost:34269] returns group-E71C523113B1:java.util.concurrent.CompletableFuture@1f0ae838[Not completed]
2023-12-10 00:36:49,834 [s3-groupManagement] INFO  netty.NettyUtils (NettyUtils.java:newEventLoopGroup(69)) - Create EpollEventLoopGroup for s3; Thread size is 0.
2023-12-10 00:36:49,834 [Time-limited test] INFO  impl.MiniRaftCluster (MiniRaftCluster.java:newRaftServer(382)) - newRaftServer: s4, group-E71C523113B1:[s3, s4, s0|localhost:34269], format? true
2023-12-10 00:36:49,834 [Time-limited test] TRACE util.FileUtils (FileUtils.java:deleteFully(305)) - deleteFully target/test/data/6e893928/MiniRaftClusterWithNettyff22e078/s4
2023-12-10 00:36:49,835 [Time-limited test] TRACE util.FileUtils (FileUtils.java:deleteFully(318)) - deleteFully: target/test/data/6e893928/MiniRaftClusterWithNettyff22e078/s4 does not exist.
2023-12-10 00:36:49,835 [Time-limited test] INFO  impl.MiniRaftCluster (MiniRaftCluster.java:newRaftServer(387)) - Formatted directory target/test/data/6e893928/MiniRaftClusterWithNettyff22e078/s4
2023-12-10 00:36:49,835 [s3-groupManagement] INFO  server.RaftServerConfigKeys (ConfUtils.java:logGet(46)) - raft.server.log.segment.size.max = 32MB (=33554432) (default)
2023-12-10 00:36:49,835 [Time-limited test] INFO  server.RaftServer (ConfUtils.java:logGet(46)) - raft.rpc.type = NETTY (custom)
2023-12-10 00:36:49,835 [s3-groupManagement] INFO  server.RaftServerConfigKeys (ConfUtils.java:logGet(46)) - raft.server.log.preallocated.size = 4MB (=4194304) (default)
2023-12-10 00:36:49,835 [Time-limited test] INFO  netty.NettyConfigKeys$Server (ConfUtils.java:logGet(46)) - raft.netty.server.use-epoll = true (default)
2023-12-10 00:36:49,835 [s3-groupManagement] INFO  server.RaftServerConfigKeys (ConfUtils.java:logGet(46)) - raft.server.log.write.buffer.size = 8MB (=8388608) (default)
2023-12-10 00:36:49,835 [Time-limited test] INFO  netty.NettyUtils (NettyUtils.java:newEventLoopGroup(69)) - Create EpollEventLoopGroup for NettyRpcService-bossGroup; Thread size is 0.
2023-12-10 00:36:49,835 [s3-groupManagement] INFO  server.RaftServer$Division (RaftServerImpl.java:<init>(256)) - s3: new RaftServerImpl for group-E71C523113B1:[s3, s4, s0|localhost:34269] with SimpleStateMachine4Testing:uninitialized
2023-12-10 00:36:49,836 [s3-groupManagement] INFO  server.RaftServerConfigKeys (ConfUtils.java:logGet(46)) - raft.server.rpc.timeout.min = 150ms (default)
2023-12-10 00:36:49,836 [s3-groupManagement] INFO  server.RaftServerConfigKeys (ConfUtils.java:logGet(46)) - raft.server.rpc.timeout.max = 300ms (default)
2023-12-10 00:36:49,836 [s3-groupManagement] INFO  server.RaftServerConfigKeys (ConfUtils.java:logGet(46)) - raft.server.rpc.sleep.time = 25ms (default)
2023-12-10 00:36:49,836 [s3-groupManagement] INFO  server.RaftServerConfigKeys (ConfUtils.java:logGet(46)) - raft.server.rpc.slowness.timeout = 60s (default)
2023-12-10 00:36:49,836 [Time-limited test] INFO  netty.NettyUtils (NettyUtils.java:newEventLoopGroup(69)) - Create EpollEventLoopGroup for NettyRpcService-workerGroup; Thread size is 0.
2023-12-10 00:36:49,836 [s3-groupManagement] INFO  server.RaftServerConfigKeys (ConfUtils.java:logGet(46)) - raft.server.leaderelection.leader.step-down.wait-time = 10s (default)
2023-12-10 00:36:49,836 [s3-groupManagement] INFO  server.RaftServerConfigKeys (ConfUtils.java:logGet(46)) - raft.server.leaderelection.member.majority-add = false (default)
2023-12-10 00:36:49,836 [s3-groupManagement] INFO  server.RaftServerConfigKeys (ConfUtils.java:logGet(46)) - raft.server.sleep.deviation.threshold = 300ms (default)
2023-12-10 00:36:49,837 [s3-groupManagement] INFO  server.RaftServer$Division (ServerState.java:<init>(113)) - s3@group-E71C523113B1: ConfigurationManager, init=-1: peers:[s3, s4, s0|localhost:34269]|listeners:[], old=null, confs=<EMPTY_MAP>
2023-12-10 00:36:49,837 [s3-groupManagement] INFO  server.RaftServerConfigKeys (ConfUtils.java:logGet(46)) - raft.server.notification.no-leader.timeout = 60s (default)
2023-12-10 00:36:49,837 [Time-limited test] INFO  netty.NettyConfigKeys$Server (ConfUtils.java:logGet(46)) - raft.netty.server.host = null (default)
2023-12-10 00:36:49,837 [s3-groupManagement] INFO  server.RaftServerConfigKeys (ConfUtils.java:logGet(46)) - raft.server.read.timeout = 10s (default)
2023-12-10 00:36:49,837 [Time-limited test] INFO  netty.NettyConfigKeys$Server (ConfUtils.java:logGet(46)) - raft.netty.server.port = 42103 (custom)
2023-12-10 00:36:49,837 [s3-groupManagement] INFO  server.RaftServerConfigKeys (ConfUtils.java:logGet(46)) - raft.server.retrycache.expirytime = 60s (default)
2023-12-10 00:36:49,837 [Time-limited test] INFO  impl.DataStreamServerImpl (ConfUtils.java:logGet(46)) - raft.datastream.type = DISABLED (default)
2023-12-10 00:36:49,837 [s3-groupManagement] INFO  server.RaftServerConfigKeys (ConfUtils.java:logGet(46)) - raft.server.retrycache.statistics.expirytime = 100ms (default)
2023-12-10 00:36:49,837 [Time-limited test] INFO  server.RaftServerConfigKeys (ConfUtils.java:logGet(46)) - raft.server.sleep.deviation.threshold = 300ms (default)
2023-12-10 00:36:49,837 [s3-groupManagement] INFO  server.RaftServerConfigKeys (ConfUtils.java:logGet(46)) - raft.server.read.option = DEFAULT (default)
2023-12-10 00:36:49,837 [Time-limited test] INFO  server.RaftServerConfigKeys (ConfUtils.java:logGet(46)) - raft.server.close.threshold = 60s (default)
2023-12-10 00:36:49,837 [s3-groupManagement] INFO  server.RaftServerConfigKeys (ConfUtils.java:logGet(46)) - raft.server.read.read-after-write-consistent.write-index-cache.expiry-time = 60s (default)
2023-12-10 00:36:49,838 [Time-limited test] INFO  server.RaftServerConfigKeys (ConfUtils.java:logGet(46)) - raft.server.leaderelection.leader.step-down.wait-time = 10s (default)
2023-12-10 00:36:49,838 [Time-limited test] INFO  server.RaftServerConfigKeys (ConfUtils.java:logGet(46)) - raft.server.storage.dir = [/home/runner/work/ratis/ratis/ratis-test/target/test/data/6e893928/MiniRaftClusterWithNettyff22e078/s4] (custom)
2023-12-10 00:36:49,838 [Time-limited test] INFO  server.RaftServerConfigKeys (ConfUtils.java:logGet(46)) - raft.server.threadpool.proxy.cached = true (default)
2023-12-10 00:36:49,838 [Time-limited test] INFO  server.RaftServerConfigKeys (ConfUtils.java:logGet(46)) - raft.server.threadpool.proxy.size = 0 (default)
2023-12-10 00:36:49,839 [s3-groupManagement] INFO  server.RaftServerConfigKeys (ConfUtils.java:logGet(46)) - raft.server.rpc.request.timeout = 3000ms (default)
2023-12-10 00:36:49,840 [s3-groupManagement] INFO  server.RaftServerConfigKeys (ConfUtils.java:logGet(46)) - raft.server.log.appender.install.snapshot.enabled = true (default)
2023-12-10 00:36:49,840 [s3-groupManagement] INFO  server.RaftServerConfigKeys (ConfUtils.java:logGet(46)) - raft.server.threadpool.server.cached = true (default)
2023-12-10 00:36:49,840 [s3-groupManagement] INFO  server.RaftServerConfigKeys (ConfUtils.java:logGet(46)) - raft.server.threadpool.server.size = 0 (default)
2023-12-10 00:36:49,840 [s3-groupManagement] INFO  server.RaftServerConfigKeys (ConfUtils.java:logGet(46)) - raft.server.threadpool.client.cached = true (default)
2023-12-10 00:36:49,840 [s3-groupManagement] INFO  server.RaftServerConfigKeys (ConfUtils.java:logGet(46)) - raft.server.threadpool.client.size = 0 (default)
2023-12-10 00:36:49,842 [Time-limited test] INFO  server.RaftServer (RaftServerProxy.java:addNew(100)) - s4: addNew group-E71C523113B1:[s3, s4, s0|localhost:34269] returns group-E71C523113B1:java.util.concurrent.CompletableFuture@5d042366[Not completed]
2023-12-10 00:36:49,843 [s4-groupManagement] INFO  netty.NettyUtils (NettyUtils.java:newEventLoopGroup(69)) - Create EpollEventLoopGroup for s4; Thread size is 0.
2023-12-10 00:36:49,843 [s3-impl-thread1] INFO  server.RaftServerConfigKeys (ConfUtils.java:logGet(46)) - raft.server.storage.free-space.min = 0MB (=0) (default)
2023-12-10 00:36:49,843 [s3-impl-thread1] INFO  server.RaftServerConfigKeys (ConfUtils.java:logGet(46)) - raft.server.log.corruption.policy = EXCEPTION (default)
2023-12-10 00:36:49,843 [s3-impl-thread1] INFO  server.RaftServerConfigKeys (ConfUtils.java:logGet(46)) - raft.server.storage.dir = [/home/runner/work/ratis/ratis/ratis-test/target/test/data/6e893928/MiniRaftClusterWithNettyff22e078/s3] (custom)
2023-12-10 00:36:49,862 [s3-impl-thread1] INFO  storage.RaftStorageDirectory (RaftStorageDirectoryImpl.java:analyzeStorage(138)) - The storage directory /home/runner/work/ratis/ratis/ratis-test/target/test/data/6e893928/MiniRaftClusterWithNettyff22e078/s3/750d3f39-a5f3-4ce5-8498-e71c523113b1 does not exist. Creating ...
2023-12-10 00:36:49,863 [s4-groupManagement] INFO  server.RaftServerConfigKeys (ConfUtils.java:logGet(46)) - raft.server.log.segment.size.max = 32MB (=33554432) (default)
2023-12-10 00:36:49,863 [s3-impl-thread1] TRACE util.FileUtils (LogUtils.java:runAndLog(49)) - Successfully ran Files.createDirectories /home/runner/work/ratis/ratis/ratis-test/target/test/data/6e893928/MiniRaftClusterWithNettyff22e078/s3/750d3f39-a5f3-4ce5-8498-e71c523113b1
2023-12-10 00:36:49,863 [s4-groupManagement] INFO  server.RaftServerConfigKeys (ConfUtils.java:logGet(46)) - raft.server.log.preallocated.size = 4MB (=4194304) (default)
2023-12-10 00:36:49,863 [s4-groupManagement] INFO  server.RaftServerConfigKeys (ConfUtils.java:logGet(46)) - raft.server.log.write.buffer.size = 8MB (=8388608) (default)
2023-12-10 00:36:49,863 [s4-groupManagement] INFO  server.RaftServer$Division (RaftServerImpl.java:<init>(256)) - s4: new RaftServerImpl for group-E71C523113B1:[s3, s4, s0|localhost:34269] with SimpleStateMachine4Testing:uninitialized
2023-12-10 00:36:49,863 [s4-groupManagement] INFO  server.RaftServerConfigKeys (ConfUtils.java:logGet(46)) - raft.server.rpc.timeout.min = 150ms (default)
2023-12-10 00:36:49,863 [s4-groupManagement] INFO  server.RaftServerConfigKeys (ConfUtils.java:logGet(46)) - raft.server.rpc.timeout.max = 300ms (default)
2023-12-10 00:36:49,863 [s4-groupManagement] INFO  server.RaftServerConfigKeys (ConfUtils.java:logGet(46)) - raft.server.rpc.sleep.time = 25ms (default)
2023-12-10 00:36:49,863 [s4-groupManagement] INFO  server.RaftServerConfigKeys (ConfUtils.java:logGet(46)) - raft.server.rpc.slowness.timeout = 60s (default)
2023-12-10 00:36:49,864 [s4-groupManagement] INFO  server.RaftServerConfigKeys (ConfUtils.java:logGet(46)) - raft.server.leaderelection.leader.step-down.wait-time = 10s (default)
2023-12-10 00:36:49,864 [s4-groupManagement] INFO  server.RaftServerConfigKeys (ConfUtils.java:logGet(46)) - raft.server.leaderelection.member.majority-add = false (default)
2023-12-10 00:36:49,864 [s4-groupManagement] INFO  server.RaftServerConfigKeys (ConfUtils.java:logGet(46)) - raft.server.sleep.deviation.threshold = 300ms (default)
2023-12-10 00:36:49,864 [s4-groupManagement] INFO  server.RaftServer$Division (ServerState.java:<init>(113)) - s4@group-E71C523113B1: ConfigurationManager, init=-1: peers:[s3, s4, s0|localhost:34269]|listeners:[], old=null, confs=<EMPTY_MAP>
2023-12-10 00:36:49,864 [s4-groupManagement] INFO  server.RaftServerConfigKeys (ConfUtils.java:logGet(46)) - raft.server.notification.no-leader.timeout = 60s (default)
2023-12-10 00:36:49,864 [s4-groupManagement] INFO  server.RaftServerConfigKeys (ConfUtils.java:logGet(46)) - raft.server.read.timeout = 10s (default)
2023-12-10 00:36:49,864 [s4-groupManagement] INFO  server.RaftServerConfigKeys (ConfUtils.java:logGet(46)) - raft.server.retrycache.expirytime = 60s (default)
2023-12-10 00:36:49,864 [s4-groupManagement] INFO  server.RaftServerConfigKeys (ConfUtils.java:logGet(46)) - raft.server.retrycache.statistics.expirytime = 100ms (default)
2023-12-10 00:36:49,864 [s4-groupManagement] INFO  server.RaftServerConfigKeys (ConfUtils.java:logGet(46)) - raft.server.read.option = DEFAULT (default)
2023-12-10 00:36:49,864 [s4-groupManagement] INFO  server.RaftServerConfigKeys (ConfUtils.java:logGet(46)) - raft.server.read.read-after-write-consistent.write-index-cache.expiry-time = 60s (default)
2023-12-10 00:36:49,865 [s3-impl-thread1] INFO  storage.RaftStorageDirectory (RaftStorageDirectoryImpl.java:tryLock(228)) - Lock on /home/runner/work/ratis/ratis/ratis-test/target/test/data/6e893928/MiniRaftClusterWithNettyff22e078/s3/750d3f39-a5f3-4ce5-8498-e71c523113b1/in_use.lock acquired by nodename 6805@fv-az1103-11
2023-12-10 00:36:49,865 [s3-impl-thread1] TRACE util.FileUtils (LogUtils.java:runAndLog(49)) - Successfully ran Files.createDirectories /home/runner/work/ratis/ratis/ratis-test/target/test/data/6e893928/MiniRaftClusterWithNettyff22e078/s3/750d3f39-a5f3-4ce5-8498-e71c523113b1/current
2023-12-10 00:36:49,865 [s3-impl-thread1] TRACE util.FileUtils (LogUtils.java:runAndLog(49)) - Successfully ran Files.createDirectories /home/runner/work/ratis/ratis/ratis-test/target/test/data/6e893928/MiniRaftClusterWithNettyff22e078/s3/750d3f39-a5f3-4ce5-8498-e71c523113b1/sm
2023-12-10 00:36:49,865 [s3-impl-thread1] TRACE util.FileUtils (LogUtils.java:supplyAndLog(69)) - Successfully supplied FileChannel.open /home/runner/work/ratis/ratis/ratis-test/target/test/data/6e893928/MiniRaftClusterWithNettyff22e078/s3/750d3f39-a5f3-4ce5-8498-e71c523113b1/current/raft-meta.tmp with options [CREATE, WRITE]: sun.nio.ch.FileChannelImpl@4b3f94b6
2023-12-10 00:36:49,866 [s3-impl-thread1] TRACE util.FileUtils (LogUtils.java:runAndLog(49)) - Successfully ran Atomic Files.move /home/runner/work/ratis/ratis/ratis-test/target/test/data/6e893928/MiniRaftClusterWithNettyff22e078/s3/750d3f39-a5f3-4ce5-8498-e71c523113b1/current/raft-meta.tmp to /home/runner/work/ratis/ratis/ratis-test/target/test/data/6e893928/MiniRaftClusterWithNettyff22e078/s3/750d3f39-a5f3-4ce5-8498-e71c523113b1/current/raft-meta with options [REPLACE_EXISTING]
2023-12-10 00:36:49,867 [s4-groupManagement] INFO  server.RaftServerConfigKeys (ConfUtils.java:logGet(46)) - raft.server.rpc.request.timeout = 3000ms (default)
2023-12-10 00:36:49,867 [s3-impl-thread1] INFO  storage.RaftStorage (RaftStorageImpl.java:format(99)) - Storage directory /home/runner/work/ratis/ratis/ratis-test/target/test/data/6e893928/MiniRaftClusterWithNettyff22e078/s3/750d3f39-a5f3-4ce5-8498-e71c523113b1 has been successfully formatted.
2023-12-10 00:36:49,867 [s4-groupManagement] INFO  server.RaftServerConfigKeys (ConfUtils.java:logGet(46)) - raft.server.log.appender.install.snapshot.enabled = true (default)
2023-12-10 00:36:49,867 [s4-groupManagement] INFO  server.RaftServerConfigKeys (ConfUtils.java:logGet(46)) - raft.server.threadpool.server.cached = true (default)
2023-12-10 00:36:49,867 [s3-impl-thread1] TRACE util.FileUtils (LogUtils.java:supplyAndLog(61)) - Failed to Files.newInputStream /home/runner/work/ratis/ratis/ratis-test/target/test/data/6e893928/MiniRaftClusterWithNettyff22e078/s3/750d3f39-a5f3-4ce5-8498-e71c523113b1/current/raft-meta.conf with options []
java.nio.file.NoSuchFileException: /home/runner/work/ratis/ratis/ratis-test/target/test/data/6e893928/MiniRaftClusterWithNettyff22e078/s3/750d3f39-a5f3-4ce5-8498-e71c523113b1/current/raft-meta.conf
	at java.base/sun.nio.fs.UnixException.translateToIOException(UnixException.java:92)
	at java.base/sun.nio.fs.UnixException.rethrowAsIOException(UnixException.java:111)
	at java.base/sun.nio.fs.UnixException.rethrowAsIOException(UnixException.java:116)
	at java.base/sun.nio.fs.UnixFileSystemProvider.newByteChannel(UnixFileSystemProvider.java:219)
	at java.base/java.nio.file.Files.newByteChannel(Files.java:371)
	at java.base/java.nio.file.Files.newByteChannel(Files.java:422)
	at java.base/java.nio.file.spi.FileSystemProvider.newInputStream(FileSystemProvider.java:420)
	at java.base/java.nio.file.Files.newInputStream(Files.java:156)
	at org.apache.ratis.util.FileUtils.lambda$newInputStream$2(FileUtils.java:73)
	at org.apache.ratis.util.LogUtils.supplyAndLog(LogUtils.java:58)
	at org.apache.ratis.util.FileUtils.newInputStream(FileUtils.java:72)
	at org.apache.ratis.util.FileUtils.newInputStream(FileUtils.java:68)
	at org.apache.ratis.server.storage.RaftStorageImpl.readRaftConfiguration(RaftStorageImpl.java:156)
	at org.apache.ratis.server.impl.ServerState.initialize(ServerState.java:141)
	at org.apache.ratis.server.impl.RaftServerImpl.start(RaftServerImpl.java:388)
	at org.apache.ratis.util.ConcurrentUtils.accept(ConcurrentUtils.java:203)
	at org.apache.ratis.util.ConcurrentUtils.lambda$parallelForEachAsync$4(ConcurrentUtils.java:182)
	at java.base/java.util.concurrent.ThreadPoolExecutor.runWorker(ThreadPoolExecutor.java:1128)
	at java.base/java.util.concurrent.ThreadPoolExecutor$Worker.run(ThreadPoolExecutor.java:628)
	at java.base/java.lang.Thread.run(Thread.java:829)
2023-12-10 00:36:49,867 [s4-groupManagement] INFO  server.RaftServerConfigKeys (ConfUtils.java:logGet(46)) - raft.server.threadpool.server.size = 0 (default)
2023-12-10 00:36:49,867 [s3-impl-thread1] INFO  impl.SimpleStateMachine4Testing (SimpleStateMachine4Testing.java:initialize(213)) - Initializing SimpleStateMachine4Testing:uninitialized
2023-12-10 00:36:49,867 [s4-groupManagement] INFO  server.RaftServerConfigKeys (ConfUtils.java:logGet(46)) - raft.server.threadpool.client.cached = true (default)
2023-12-10 00:36:49,867 [s4-groupManagement] INFO  server.RaftServerConfigKeys (ConfUtils.java:logGet(46)) - raft.server.threadpool.client.size = 0 (default)
2023-12-10 00:36:49,867 [s3-impl-thread1] INFO  impl.SimpleStateMachine4Testing (SimpleStateMachine4Testing.java:loadSnapshot(296)) - Loading snapshot null
2023-12-10 00:36:49,868 [s3-impl-thread1] INFO  server.RaftServerConfigKeys (ConfUtils.java:logGet(46)) - raft.server.log.use.memory = false (default)
2023-12-10 00:36:49,868 [s3-impl-thread1] INFO  server.RaftServerConfigKeys (ConfUtils.java:logGet(46)) - raft.server.log.purge.gap = 1024 (default)
2023-12-10 00:36:49,868 [s3-impl-thread1] INFO  server.RaftServerConfigKeys (ConfUtils.java:logGet(46)) - raft.server.log.appender.buffer.byte-limit = 4MB (=4194304) (default)
2023-12-10 00:36:49,868 [s3-impl-thread1] INFO  server.RaftServerConfigKeys (ConfUtils.java:logGet(46)) - raft.server.log.statemachine.data.read.timeout = 1000ms (default)
2023-12-10 00:36:49,868 [s3-impl-thread1] INFO  server.RaftServerConfigKeys (ConfUtils.java:logGet(46)) - raft.server.log.purge.preservation.log.num = 0 (default)
2023-12-10 00:36:49,869 [s3-impl-thread1] INFO  server.RaftServerConfigKeys (ConfUtils.java:logGet(46)) - raft.server.log.segment.size.max = 32MB (=33554432) (default)
2023-12-10 00:36:49,869 [s3-impl-thread1] INFO  server.RaftServerConfigKeys (ConfUtils.java:logGet(46)) - raft.server.log.segment.cache.num.max = 6 (default)
2023-12-10 00:36:49,869 [s3-impl-thread1] INFO  server.RaftServerConfigKeys (ConfUtils.java:logGet(46)) - raft.server.log.segment.cache.size.max = 200MB (=209715200) (default)
2023-12-10 00:36:49,870 [s3-impl-thread1] INFO  server.RaftServerConfigKeys (ConfUtils.java:logGet(46)) - raft.server.log.appender.buffer.byte-limit = 4MB (=4194304) (default)
2023-12-10 00:36:49,870 [s3-impl-thread1] INFO  util.AwaitToRun (AwaitToRun.java:start(81)) - Thread[s3@group-E71C523113B1-cacheEviction-AwaitToRun,5,main] started
2023-12-10 00:36:49,870 [s3-impl-thread1] INFO  segmented.SegmentedRaftLogWorker (SegmentedRaftLogWorker.java:<init>(182)) - new s3@group-E71C523113B1-SegmentedRaftLogWorker for RaftStorageImpl:Storage Directory /home/runner/work/ratis/ratis/ratis-test/target/test/data/6e893928/MiniRaftClusterWithNettyff22e078/s3/750d3f39-a5f3-4ce5-8498-e71c523113b1
2023-12-10 00:36:49,870 [s3-impl-thread1] INFO  server.RaftServerConfigKeys (ConfUtils.java:logGet(46)) - raft.server.log.queue.byte-limit = 64MB (=67108864) (default)
2023-12-10 00:36:49,870 [s3-impl-thread1] INFO  server.RaftServerConfigKeys (ConfUtils.java:logGet(46)) - raft.server.log.queue.element-limit = 4096 (default)
2023-12-10 00:36:49,870 [s3-impl-thread1] INFO  server.RaftServerConfigKeys (ConfUtils.java:logGet(46)) - raft.server.log.segment.size.max = 32MB (=33554432) (default)
2023-12-10 00:36:49,870 [s3-impl-thread1] INFO  server.RaftServerConfigKeys (ConfUtils.java:logGet(46)) - raft.server.log.preallocated.size = 4MB (=4194304) (default)
2023-12-10 00:36:49,870 [s3-impl-thread1] INFO  server.RaftServerConfigKeys (ConfUtils.java:logGet(46)) - raft.server.log.force.sync.num = 128 (default)
2023-12-10 00:36:49,871 [s3-impl-thread1] INFO  server.RaftServerConfigKeys (ConfUtils.java:logGet(46)) - raft.server.log.statemachine.data.sync = true (default)
2023-12-10 00:36:49,871 [s3-impl-thread1] INFO  server.RaftServerConfigKeys (ConfUtils.java:logGet(46)) - raft.server.log.statemachine.data.sync.timeout = 10s (default)
2023-12-10 00:36:49,871 [s3-impl-thread1] INFO  server.RaftServerConfigKeys (ConfUtils.java:logGet(46)) - raft.server.log.statemachine.data.sync.timeout.retry = -1 (default)
2023-12-10 00:36:49,871 [s3-impl-thread1] INFO  server.RaftServerConfigKeys (ConfUtils.java:logGet(46)) - raft.server.log.write.buffer.size = 8MB (=8388608) (default)
2023-12-10 00:36:49,873 [s3-impl-thread1] INFO  server.RaftServerConfigKeys (ConfUtils.java:logGet(46)) - raft.server.log.appender.buffer.byte-limit = 4MB (=4194304) (default)
2023-12-10 00:36:49,873 [s3-impl-thread1] INFO  server.RaftServerConfigKeys (ConfUtils.java:logGet(46)) - raft.server.log.unsafe-flush.enabled = false (default)
2023-12-10 00:36:49,873 [s3-impl-thread1] INFO  server.RaftServerConfigKeys (ConfUtils.java:logGet(46)) - raft.server.log.async-flush.enabled = false (default)
2023-12-10 00:36:49,873 [s3-impl-thread1] INFO  server.RaftServerConfigKeys (ConfUtils.java:logGet(46)) - raft.server.log.statemachine.data.caching.enabled = false (default)
2023-12-10 00:36:49,873 [s3-impl-thread1] INFO  segmented.SegmentedRaftLogWorker (SegmentedRaftLogWorker.java:lambda$new$0(134)) - s3@group-E71C523113B1-SegmentedRaftLogWorker: flushIndex: setUnconditionally 0 -> -1
2023-12-10 00:36:49,873 [s3-impl-thread1] INFO  segmented.SegmentedRaftLogWorker (SegmentedRaftLogWorker.java:lambda$new$0(134)) - s3@group-E71C523113B1-SegmentedRaftLogWorker: safeCacheEvictIndex: setUnconditionally 0 -> -1
2023-12-10 00:36:49,873 [s3-impl-thread1] INFO  server.RaftServer$Division (RaftServerImpl.java:start(392)) - s3@group-E71C523113B1: start as a follower, conf=-1: peers:[s3, s4, s0|localhost:34269]|listeners:[], old=null
2023-12-10 00:36:49,873 [s3-impl-thread1] INFO  server.RaftServer$Division (RaftServerImpl.java:setRole(379)) - s3@group-E71C523113B1: changes role from      null to FOLLOWER at term 0 for startAsFollower
2023-12-10 00:36:49,873 [s3-impl-thread1] INFO  impl.RoleInfo (RoleInfo.java:updateAndGet(139)) - s3: start s3@group-E71C523113B1-FollowerState
2023-12-10 00:36:49,874 [s3@group-E71C523113B1-FollowerState] INFO  server.RaftServerConfigKeys (ConfUtils.java:logFallback(53)) - raft.server.rpc.first-election.timeout.min = 150ms (fallback to raft.server.rpc.timeout.min)
2023-12-10 00:36:49,874 [s3@group-E71C523113B1-FollowerState] INFO  server.RaftServerConfigKeys (ConfUtils.java:logFallback(53)) - raft.server.rpc.first-election.timeout.max = 300ms (fallback to raft.server.rpc.timeout.max)
2023-12-10 00:36:49,874 [s3-impl-thread1] INFO  util.JmxRegister (JmxRegister.java:tryRegister(44)) - Successfully registered JMX Bean with object name Ratis:service=RaftServer,group=group-E71C523113B1,id=s3
2023-12-10 00:36:49,874 [s3-impl-thread1] INFO  server.RaftServerConfigKeys (ConfUtils.java:logGet(46)) - raft.server.snapshot.trigger-when-stop.enabled = true (default)
2023-12-10 00:36:49,874 [s3-impl-thread1] INFO  server.RaftServerConfigKeys (ConfUtils.java:logGet(46)) - raft.server.snapshot.auto.trigger.enabled = true (custom)
2023-12-10 00:36:49,874 [s3-impl-thread1] INFO  server.RaftServerConfigKeys (ConfUtils.java:logGet(46)) - raft.server.snapshot.auto.trigger.threshold = 10 (custom)
2023-12-10 00:36:49,874 [s3-impl-thread1] INFO  server.RaftServerConfigKeys (ConfUtils.java:logGet(46)) - raft.server.snapshot.retention.file.num = -1 (default)
2023-12-10 00:36:49,874 [s3-impl-thread1] INFO  server.RaftServerConfigKeys (ConfUtils.java:logGet(46)) - raft.server.log.purge.upto.snapshot.index = false (default)
2023-12-10 00:36:49,875 [Time-limited test] INFO  server.RaftServer (RaftServerProxy.java:startImpl(406)) - s3: start RPC server
2023-12-10 00:36:49,876 [NettyRpcService-bossGroup--thread1] INFO  logging.LoggingHandler (AbstractInternalLogger.java:log(148)) - [id: 0x537c0b1c] REGISTERED
2023-12-10 00:36:49,876 [NettyRpcService-bossGroup--thread1] INFO  logging.LoggingHandler (AbstractInternalLogger.java:log(148)) - [id: 0x537c0b1c] BIND: 0.0.0.0/0.0.0.0:37561
2023-12-10 00:36:49,876 [NettyRpcService-bossGroup--thread1] INFO  logging.LoggingHandler (AbstractInternalLogger.java:log(148)) - [id: 0x537c0b1c, L:/0.0.0.0:37561] ACTIVE
2023-12-10 00:36:49,876 [s4-impl-thread1] INFO  server.RaftServerConfigKeys (ConfUtils.java:logGet(46)) - raft.server.storage.free-space.min = 0MB (=0) (default)
2023-12-10 00:36:49,876 [s4-impl-thread1] INFO  server.RaftServerConfigKeys (ConfUtils.java:logGet(46)) - raft.server.log.corruption.policy = EXCEPTION (default)
2023-12-10 00:36:49,877 [s4-impl-thread1] INFO  server.RaftServerConfigKeys (ConfUtils.java:logGet(46)) - raft.server.storage.dir = [/home/runner/work/ratis/ratis/ratis-test/target/test/data/6e893928/MiniRaftClusterWithNettyff22e078/s4] (custom)
2023-12-10 00:36:49,877 [s4-impl-thread1] INFO  storage.RaftStorageDirectory (RaftStorageDirectoryImpl.java:analyzeStorage(138)) - The storage directory /home/runner/work/ratis/ratis/ratis-test/target/test/data/6e893928/MiniRaftClusterWithNettyff22e078/s4/750d3f39-a5f3-4ce5-8498-e71c523113b1 does not exist. Creating ...
2023-12-10 00:36:49,877 [s4-impl-thread1] TRACE util.FileUtils (LogUtils.java:runAndLog(49)) - Successfully ran Files.createDirectories /home/runner/work/ratis/ratis/ratis-test/target/test/data/6e893928/MiniRaftClusterWithNettyff22e078/s4/750d3f39-a5f3-4ce5-8498-e71c523113b1
2023-12-10 00:36:49,877 [JvmPauseMonitor1] INFO  util.JvmPauseMonitor (JvmPauseMonitor.java:run(146)) - JvmPauseMonitor-s3: Started
2023-12-10 00:36:49,878 [s4-impl-thread1] INFO  storage.RaftStorageDirectory (RaftStorageDirectoryImpl.java:tryLock(228)) - Lock on /home/runner/work/ratis/ratis/ratis-test/target/test/data/6e893928/MiniRaftClusterWithNettyff22e078/s4/750d3f39-a5f3-4ce5-8498-e71c523113b1/in_use.lock acquired by nodename 6805@fv-az1103-11
2023-12-10 00:36:49,878 [s4-impl-thread1] TRACE util.FileUtils (LogUtils.java:runAndLog(49)) - Successfully ran Files.createDirectories /home/runner/work/ratis/ratis/ratis-test/target/test/data/6e893928/MiniRaftClusterWithNettyff22e078/s4/750d3f39-a5f3-4ce5-8498-e71c523113b1/current
2023-12-10 00:36:49,878 [s4-impl-thread1] TRACE util.FileUtils (LogUtils.java:runAndLog(49)) - Successfully ran Files.createDirectories /home/runner/work/ratis/ratis/ratis-test/target/test/data/6e893928/MiniRaftClusterWithNettyff22e078/s4/750d3f39-a5f3-4ce5-8498-e71c523113b1/sm
2023-12-10 00:36:49,878 [s4-impl-thread1] TRACE util.FileUtils (LogUtils.java:supplyAndLog(69)) - Successfully supplied FileChannel.open /home/runner/work/ratis/ratis/ratis-test/target/test/data/6e893928/MiniRaftClusterWithNettyff22e078/s4/750d3f39-a5f3-4ce5-8498-e71c523113b1/current/raft-meta.tmp with options [CREATE, WRITE]: sun.nio.ch.FileChannelImpl@4f00cfa5
2023-12-10 00:36:49,879 [s4-impl-thread1] TRACE util.FileUtils (LogUtils.java:runAndLog(49)) - Successfully ran Atomic Files.move /home/runner/work/ratis/ratis/ratis-test/target/test/data/6e893928/MiniRaftClusterWithNettyff22e078/s4/750d3f39-a5f3-4ce5-8498-e71c523113b1/current/raft-meta.tmp to /home/runner/work/ratis/ratis/ratis-test/target/test/data/6e893928/MiniRaftClusterWithNettyff22e078/s4/750d3f39-a5f3-4ce5-8498-e71c523113b1/current/raft-meta with options [REPLACE_EXISTING]
2023-12-10 00:36:49,880 [s4-impl-thread1] INFO  storage.RaftStorage (RaftStorageImpl.java:format(99)) - Storage directory /home/runner/work/ratis/ratis/ratis-test/target/test/data/6e893928/MiniRaftClusterWithNettyff22e078/s4/750d3f39-a5f3-4ce5-8498-e71c523113b1 has been successfully formatted.
2023-12-10 00:36:49,880 [s4-impl-thread1] TRACE util.FileUtils (LogUtils.java:supplyAndLog(61)) - Failed to Files.newInputStream /home/runner/work/ratis/ratis/ratis-test/target/test/data/6e893928/MiniRaftClusterWithNettyff22e078/s4/750d3f39-a5f3-4ce5-8498-e71c523113b1/current/raft-meta.conf with options []
java.nio.file.NoSuchFileException: /home/runner/work/ratis/ratis/ratis-test/target/test/data/6e893928/MiniRaftClusterWithNettyff22e078/s4/750d3f39-a5f3-4ce5-8498-e71c523113b1/current/raft-meta.conf
	at java.base/sun.nio.fs.UnixException.translateToIOException(UnixException.java:92)
	at java.base/sun.nio.fs.UnixException.rethrowAsIOException(UnixException.java:111)
	at java.base/sun.nio.fs.UnixException.rethrowAsIOException(UnixException.java:116)
	at java.base/sun.nio.fs.UnixFileSystemProvider.newByteChannel(UnixFileSystemProvider.java:219)
	at java.base/java.nio.file.Files.newByteChannel(Files.java:371)
	at java.base/java.nio.file.Files.newByteChannel(Files.java:422)
	at java.base/java.nio.file.spi.FileSystemProvider.newInputStream(FileSystemProvider.java:420)
	at java.base/java.nio.file.Files.newInputStream(Files.java:156)
	at org.apache.ratis.util.FileUtils.lambda$newInputStream$2(FileUtils.java:73)
	at org.apache.ratis.util.LogUtils.supplyAndLog(LogUtils.java:58)
	at org.apache.ratis.util.FileUtils.newInputStream(FileUtils.java:72)
	at org.apache.ratis.util.FileUtils.newInputStream(FileUtils.java:68)
	at org.apache.ratis.server.storage.RaftStorageImpl.readRaftConfiguration(RaftStorageImpl.java:156)
	at org.apache.ratis.server.impl.ServerState.initialize(ServerState.java:141)
	at org.apache.ratis.server.impl.RaftServerImpl.start(RaftServerImpl.java:388)
	at org.apache.ratis.util.ConcurrentUtils.accept(ConcurrentUtils.java:203)
	at org.apache.ratis.util.ConcurrentUtils.lambda$parallelForEachAsync$4(ConcurrentUtils.java:182)
	at java.base/java.util.concurrent.ThreadPoolExecutor.runWorker(ThreadPoolExecutor.java:1128)
	at java.base/java.util.concurrent.ThreadPoolExecutor$Worker.run(ThreadPoolExecutor.java:628)
	at java.base/java.lang.Thread.run(Thread.java:829)
2023-12-10 00:36:49,880 [s4-impl-thread1] INFO  impl.SimpleStateMachine4Testing (SimpleStateMachine4Testing.java:initialize(213)) - Initializing SimpleStateMachine4Testing:uninitialized
2023-12-10 00:36:49,880 [s4-impl-thread1] INFO  impl.SimpleStateMachine4Testing (SimpleStateMachine4Testing.java:loadSnapshot(296)) - Loading snapshot null
2023-12-10 00:36:49,880 [s4-impl-thread1] INFO  server.RaftServerConfigKeys (ConfUtils.java:logGet(46)) - raft.server.log.use.memory = false (default)
2023-12-10 00:36:49,881 [s4-impl-thread1] INFO  server.RaftServerConfigKeys (ConfUtils.java:logGet(46)) - raft.server.log.purge.gap = 1024 (default)
2023-12-10 00:36:49,881 [s4-impl-thread1] INFO  server.RaftServerConfigKeys (ConfUtils.java:logGet(46)) - raft.server.log.appender.buffer.byte-limit = 4MB (=4194304) (default)
2023-12-10 00:36:49,881 [s4-impl-thread1] INFO  server.RaftServerConfigKeys (ConfUtils.java:logGet(46)) - raft.server.log.statemachine.data.read.timeout = 1000ms (default)
2023-12-10 00:36:49,881 [s4-impl-thread1] INFO  server.RaftServerConfigKeys (ConfUtils.java:logGet(46)) - raft.server.log.purge.preservation.log.num = 0 (default)
2023-12-10 00:36:49,882 [s4-impl-thread1] INFO  server.RaftServerConfigKeys (ConfUtils.java:logGet(46)) - raft.server.log.segment.size.max = 32MB (=33554432) (default)
2023-12-10 00:36:49,882 [s4-impl-thread1] INFO  server.RaftServerConfigKeys (ConfUtils.java:logGet(46)) - raft.server.log.segment.cache.num.max = 6 (default)
2023-12-10 00:36:49,882 [s4-impl-thread1] INFO  server.RaftServerConfigKeys (ConfUtils.java:logGet(46)) - raft.server.log.segment.cache.size.max = 200MB (=209715200) (default)
2023-12-10 00:36:49,883 [s4-impl-thread1] INFO  server.RaftServerConfigKeys (ConfUtils.java:logGet(46)) - raft.server.log.appender.buffer.byte-limit = 4MB (=4194304) (default)
2023-12-10 00:36:49,883 [s4-impl-thread1] INFO  util.AwaitToRun (AwaitToRun.java:start(81)) - Thread[s4@group-E71C523113B1-cacheEviction-AwaitToRun,5,main] started
2023-12-10 00:36:49,883 [s4-impl-thread1] INFO  segmented.SegmentedRaftLogWorker (SegmentedRaftLogWorker.java:<init>(182)) - new s4@group-E71C523113B1-SegmentedRaftLogWorker for RaftStorageImpl:Storage Directory /home/runner/work/ratis/ratis/ratis-test/target/test/data/6e893928/MiniRaftClusterWithNettyff22e078/s4/750d3f39-a5f3-4ce5-8498-e71c523113b1
2023-12-10 00:36:49,883 [s4-impl-thread1] INFO  server.RaftServerConfigKeys (ConfUtils.java:logGet(46)) - raft.server.log.queue.byte-limit = 64MB (=67108864) (default)
2023-12-10 00:36:49,883 [s4-impl-thread1] INFO  server.RaftServerConfigKeys (ConfUtils.java:logGet(46)) - raft.server.log.queue.element-limit = 4096 (default)
2023-12-10 00:36:49,883 [s4-impl-thread1] INFO  server.RaftServerConfigKeys (ConfUtils.java:logGet(46)) - raft.server.log.segment.size.max = 32MB (=33554432) (default)
2023-12-10 00:36:49,883 [s4-impl-thread1] INFO  server.RaftServerConfigKeys (ConfUtils.java:logGet(46)) - raft.server.log.preallocated.size = 4MB (=4194304) (default)
2023-12-10 00:36:49,883 [s4-impl-thread1] INFO  server.RaftServerConfigKeys (ConfUtils.java:logGet(46)) - raft.server.log.force.sync.num = 128 (default)
2023-12-10 00:36:49,883 [s4-impl-thread1] INFO  server.RaftServerConfigKeys (ConfUtils.java:logGet(46)) - raft.server.log.statemachine.data.sync = true (default)
2023-12-10 00:36:49,884 [s4-impl-thread1] INFO  server.RaftServerConfigKeys (ConfUtils.java:logGet(46)) - raft.server.log.statemachine.data.sync.timeout = 10s (default)
2023-12-10 00:36:49,884 [s4-impl-thread1] INFO  server.RaftServerConfigKeys (ConfUtils.java:logGet(46)) - raft.server.log.statemachine.data.sync.timeout.retry = -1 (default)
2023-12-10 00:36:49,884 [s4-impl-thread1] INFO  server.RaftServerConfigKeys (ConfUtils.java:logGet(46)) - raft.server.log.write.buffer.size = 8MB (=8388608) (default)
2023-12-10 00:36:49,885 [s4-impl-thread1] INFO  server.RaftServerConfigKeys (ConfUtils.java:logGet(46)) - raft.server.log.appender.buffer.byte-limit = 4MB (=4194304) (default)
2023-12-10 00:36:49,885 [s4-impl-thread1] INFO  server.RaftServerConfigKeys (ConfUtils.java:logGet(46)) - raft.server.log.unsafe-flush.enabled = false (default)
2023-12-10 00:36:49,885 [s4-impl-thread1] INFO  server.RaftServerConfigKeys (ConfUtils.java:logGet(46)) - raft.server.log.async-flush.enabled = false (default)
2023-12-10 00:36:49,885 [s4-impl-thread1] INFO  server.RaftServerConfigKeys (ConfUtils.java:logGet(46)) - raft.server.log.statemachine.data.caching.enabled = false (default)
2023-12-10 00:36:49,886 [s4-impl-thread1] INFO  segmented.SegmentedRaftLogWorker (SegmentedRaftLogWorker.java:lambda$new$0(134)) - s4@group-E71C523113B1-SegmentedRaftLogWorker: flushIndex: setUnconditionally 0 -> -1
2023-12-10 00:36:49,886 [s4-impl-thread1] INFO  segmented.SegmentedRaftLogWorker (SegmentedRaftLogWorker.java:lambda$new$0(134)) - s4@group-E71C523113B1-SegmentedRaftLogWorker: safeCacheEvictIndex: setUnconditionally 0 -> -1
2023-12-10 00:36:49,886 [s4-impl-thread1] INFO  server.RaftServer$Division (RaftServerImpl.java:start(392)) - s4@group-E71C523113B1: start as a follower, conf=-1: peers:[s3, s4, s0|localhost:34269]|listeners:[], old=null
2023-12-10 00:36:49,886 [s4-impl-thread1] INFO  server.RaftServer$Division (RaftServerImpl.java:setRole(379)) - s4@group-E71C523113B1: changes role from      null to FOLLOWER at term 0 for startAsFollower
2023-12-10 00:36:49,886 [s4-impl-thread1] INFO  impl.RoleInfo (RoleInfo.java:updateAndGet(139)) - s4: start s4@group-E71C523113B1-FollowerState
2023-12-10 00:36:49,886 [s4@group-E71C523113B1-FollowerState] INFO  server.RaftServerConfigKeys (ConfUtils.java:logFallback(53)) - raft.server.rpc.first-election.timeout.min = 150ms (fallback to raft.server.rpc.timeout.min)
2023-12-10 00:36:49,887 [s4-impl-thread1] INFO  util.JmxRegister (JmxRegister.java:tryRegister(44)) - Successfully registered JMX Bean with object name Ratis:service=RaftServer,group=group-E71C523113B1,id=s4
2023-12-10 00:36:49,887 [s4@group-E71C523113B1-FollowerState] INFO  server.RaftServerConfigKeys (ConfUtils.java:logFallback(53)) - raft.server.rpc.first-election.timeout.max = 300ms (fallback to raft.server.rpc.timeout.max)
2023-12-10 00:36:49,887 [s4-impl-thread1] INFO  server.RaftServerConfigKeys (ConfUtils.java:logGet(46)) - raft.server.snapshot.trigger-when-stop.enabled = true (default)
2023-12-10 00:36:49,887 [s4-impl-thread1] INFO  server.RaftServerConfigKeys (ConfUtils.java:logGet(46)) - raft.server.snapshot.auto.trigger.enabled = true (custom)
2023-12-10 00:36:49,887 [s4-impl-thread1] INFO  server.RaftServerConfigKeys (ConfUtils.java:logGet(46)) - raft.server.snapshot.auto.trigger.threshold = 10 (custom)
2023-12-10 00:36:49,887 [s4-impl-thread1] INFO  server.RaftServerConfigKeys (ConfUtils.java:logGet(46)) - raft.server.snapshot.retention.file.num = -1 (default)
2023-12-10 00:36:49,887 [s4-impl-thread1] INFO  server.RaftServerConfigKeys (ConfUtils.java:logGet(46)) - raft.server.log.purge.upto.snapshot.index = false (default)
2023-12-10 00:36:49,888 [Time-limited test] INFO  server.RaftServer (RaftServerProxy.java:startImpl(406)) - s4: start RPC server
2023-12-10 00:36:49,888 [NettyRpcService-bossGroup--thread1] INFO  logging.LoggingHandler (AbstractInternalLogger.java:log(148)) - [id: 0x3a70be19] REGISTERED
2023-12-10 00:36:49,888 [NettyRpcService-bossGroup--thread1] INFO  logging.LoggingHandler (AbstractInternalLogger.java:log(148)) - [id: 0x3a70be19] BIND: 0.0.0.0/0.0.0.0:42103
2023-12-10 00:36:49,889 [NettyRpcService-bossGroup--thread1] INFO  logging.LoggingHandler (AbstractInternalLogger.java:log(148)) - [id: 0x3a70be19, L:/0.0.0.0:42103] ACTIVE
2023-12-10 00:36:49,889 [JvmPauseMonitor2] INFO  util.JvmPauseMonitor (JvmPauseMonitor.java:run(146)) - JvmPauseMonitor-s4: Started
2023-12-10 00:36:49,892 [Time-limited test] DEBUG client.RaftClient (ConfUtils.java:logGet(46)) - raft.rpc.type = NETTY (custom)
2023-12-10 00:36:49,892 [Time-limited test] INFO  netty.NettyUtils (NettyUtils.java:newEventLoopGroup(69)) - Create EpollEventLoopGroup for client-2F62612207C5; Thread size is 0.
2023-12-10 00:36:49,893 [Time-limited test] INFO  impl.MiniRaftCluster (MiniRaftCluster.java:setConfiguration(819)) - Start changing the configuration: [s3|0.0.0.0:37561, s0|localhost:34269]
2023-12-10 00:36:49,896 [NettyRpcService-bossGroup--thread1] INFO  logging.LoggingHandler (AbstractInternalLogger.java:log(148)) - [id: 0x6f65029f, L:/0.0.0.0:34269] READ: [id: 0x0420d543, L:/127.0.0.1:34269 - R:/127.0.0.1:43862]
2023-12-10 00:36:49,898 [NettyRpcService-bossGroup--thread1] INFO  logging.LoggingHandler (AbstractInternalLogger.java:log(148)) - [id: 0x6f65029f, L:/0.0.0.0:34269] READ COMPLETE
2023-12-10 00:36:49,905 [NettyRpcService-workerGroup--thread2] INFO  server.RaftServer$Division (RaftServerImpl.java:setConfigurationAsync(1264)) - s0@group-E71C523113B1: receive setConfiguration SetConfigurationRequest:client-2F62612207C5->s0@group-E71C523113B1, cid=20, seq=null, RW, null, SET_UNCONDITIONALLY, servers:[s3|0.0.0.0:37561, s0|localhost:34269], listeners:[]
2023-12-10 00:36:49,905 [NettyRpcService-workerGroup--thread2] INFO  server.RaftServer$Division (LeaderStateImpl.java:startSetConfiguration(488)) - s0@group-E71C523113B1-LeaderStateImpl: startSetConfiguration SetConfigurationRequest:client-2F62612207C5->s0@group-E71C523113B1, cid=20, seq=null, RW, null, SET_UNCONDITIONALLY, servers:[s3|0.0.0.0:37561, s0|localhost:34269], listeners:[]
2023-12-10 00:36:49,909 [NettyRpcService-workerGroup--thread2] INFO  server.RaftServerConfigKeys (ConfUtils.java:logGet(46)) - raft.server.log.appender.snapshot.chunk.size.max = 16MB (=16777216) (default)
2023-12-10 00:36:49,910 [NettyRpcService-workerGroup--thread2] INFO  server.RaftServerConfigKeys (ConfUtils.java:logGet(46)) - raft.server.log.appender.buffer.byte-limit = 4MB (=4194304) (default)
2023-12-10 00:36:49,910 [NettyRpcService-workerGroup--thread2] INFO  server.RaftServerConfigKeys (ConfUtils.java:logGet(46)) - raft.server.log.appender.buffer.element-limit = 0 (default)
2023-12-10 00:36:49,912 [NettyRpcService-workerGroup--thread2] INFO  server.RaftServerConfigKeys (ConfUtils.java:logGet(46)) - raft.server.log.appender.wait-time.min = 1ms (default)
2023-12-10 00:36:49,913 [s0@group-E71C523113B1->s3-LogAppenderDefault-LogAppenderDaemon] INFO  leader.LogAppender (LogAppenderDefault.java:run(136)) - s0@group-E71C523113B1->s3-LogAppenderDefault: followerNextIndex = 0 but logStartIndex = 0, send snapshot SingleFileSnapshotInfo(t:1, i:29):[/home/runner/work/ratis/ratis/ratis-test/target/test/data/6e893928/MiniRaftClusterWithNettyff22e078/s0/750d3f39-a5f3-4ce5-8498-e71c523113b1/sm/snapshot.1_29] to follower
2023-12-10 00:36:49,915 [s0@group-E71C523113B1->s3-LogAppenderDefault-LogAppenderDaemon] TRACE util.FileUtils (LogUtils.java:supplyAndLog(69)) - Successfully supplied Files.newInputStream /home/runner/work/ratis/ratis/ratis-test/target/test/data/6e893928/MiniRaftClusterWithNettyff22e078/s0/750d3f39-a5f3-4ce5-8498-e71c523113b1/sm/snapshot.1_29 with options []: sun.nio.ch.ChannelInputStream@287b5931
2023-12-10 00:36:49,922 [NettyRpcService-bossGroup--thread1] INFO  logging.LoggingHandler (AbstractInternalLogger.java:log(148)) - [id: 0x537c0b1c, L:/0.0.0.0:37561] READ: [id: 0x153b4f25, L:/127.0.0.1:37561 - R:/127.0.0.1:37626]
2023-12-10 00:36:49,923 [NettyRpcService-bossGroup--thread1] INFO  logging.LoggingHandler (AbstractInternalLogger.java:log(148)) - [id: 0x537c0b1c, L:/0.0.0.0:37561] READ COMPLETE
2023-12-10 00:36:49,926 [NettyRpcService-workerGroup--thread1] INFO  impl.SnapshotInstallationHandler (SnapshotInstallationHandler.java:installSnapshot(89)) - s3@group-E71C523113B1: receive installSnapshot: s0->s3#0-t1,chunk:de85506c-1742-409a-b848-6599c18eca46,0
2023-12-10 00:36:49,927 [NettyRpcService-workerGroup--thread1] TRACE util.FileUtils (LogUtils.java:supplyAndLog(69)) - Successfully supplied FileChannel.open /home/runner/work/ratis/ratis/ratis-test/target/test/data/6e893928/MiniRaftClusterWithNettyff22e078/s3/750d3f39-a5f3-4ce5-8498-e71c523113b1/current/raft-meta.tmp with options [CREATE, WRITE]: sun.nio.ch.FileChannelImpl@e4b5e17
2023-12-10 00:36:49,928 [NettyRpcService-workerGroup--thread1] TRACE util.FileUtils (LogUtils.java:runAndLog(49)) - Successfully ran Atomic Files.move /home/runner/work/ratis/ratis/ratis-test/target/test/data/6e893928/MiniRaftClusterWithNettyff22e078/s3/750d3f39-a5f3-4ce5-8498-e71c523113b1/current/raft-meta.tmp to /home/runner/work/ratis/ratis/ratis-test/target/test/data/6e893928/MiniRaftClusterWithNettyff22e078/s3/750d3f39-a5f3-4ce5-8498-e71c523113b1/current/raft-meta with options [REPLACE_EXISTING]
2023-12-10 00:36:49,928 [NettyRpcService-workerGroup--thread1] INFO  server.RaftServer$Division (RaftServerImpl.java:setFirstElection(564)) - s3@group-E71C523113B1: set firstElectionSinceStartup to false for installSnapshot
2023-12-10 00:36:49,928 [NettyRpcService-workerGroup--thread1] INFO  server.RaftServer$Division (ServerState.java:setLeader(265)) - s3@group-E71C523113B1: change Leader from null to s0 at term 1 for installSnapshot, leader elected after 91ms
2023-12-10 00:36:49,930 [NettyRpcService-workerGroup--thread1] TRACE util.FileUtils (LogUtils.java:runAndLog(49)) - Successfully ran Files.createDirectories /home/runner/work/ratis/ratis/ratis-test/target/test/data/6e893928/MiniRaftClusterWithNettyff22e078/s3/750d3f39-a5f3-4ce5-8498-e71c523113b1/tmp/snapshot-de85506c-1742-409a-b848-6599c18eca46
2023-12-10 00:36:49,930 [NettyRpcService-workerGroup--thread1] INFO  storage.SnapshotManager (SnapshotManager.java:installSnapshot(111)) - Installing snapshot:s0->s3#0-t1,chunk:de85506c-1742-409a-b848-6599c18eca46,0, to tmp dir:/home/runner/work/ratis/ratis/ratis-test/target/test/data/6e893928/MiniRaftClusterWithNettyff22e078/s3/750d3f39-a5f3-4ce5-8498-e71c523113b1/tmp/snapshot-de85506c-1742-409a-b848-6599c18eca46
2023-12-10 00:36:49,931 [NettyRpcService-workerGroup--thread1] TRACE util.FileUtils (LogUtils.java:runAndLog(49)) - Successfully ran Files.createDirectories /home/runner/work/ratis/ratis/ratis-test/target/test/data/6e893928/MiniRaftClusterWithNettyff22e078/s3/750d3f39-a5f3-4ce5-8498-e71c523113b1/tmp/snapshot-de85506c-1742-409a-b848-6599c18eca46
2023-12-10 00:36:49,931 [NettyRpcService-workerGroup--thread1] TRACE util.FileUtils (LogUtils.java:supplyAndLog(69)) - Successfully supplied FileChannel.open /home/runner/work/ratis/ratis/ratis-test/target/test/data/6e893928/MiniRaftClusterWithNettyff22e078/s3/750d3f39-a5f3-4ce5-8498-e71c523113b1/tmp/snapshot-de85506c-1742-409a-b848-6599c18eca46/snapshot.1_29 with options [WRITE, CREATE]: sun.nio.ch.FileChannelImpl@535bacd5
2023-12-10 00:36:49,932 [NettyRpcService-workerGroup--thread1] TRACE util.FileUtils (LogUtils.java:supplyAndLog(69)) - Successfully supplied FileChannel.open /home/runner/work/ratis/ratis/ratis-test/target/test/data/6e893928/MiniRaftClusterWithNettyff22e078/s3/750d3f39-a5f3-4ce5-8498-e71c523113b1/tmp/snapshot-de85506c-1742-409a-b848-6599c18eca46/snapshot.1_29.md5.tmp with options [CREATE, WRITE]: sun.nio.ch.FileChannelImpl@c2c950c
2023-12-10 00:36:49,933 [NettyRpcService-workerGroup--thread1] TRACE util.FileUtils (LogUtils.java:runAndLog(49)) - Successfully ran Atomic Files.move /home/runner/work/ratis/ratis/ratis-test/target/test/data/6e893928/MiniRaftClusterWithNettyff22e078/s3/750d3f39-a5f3-4ce5-8498-e71c523113b1/tmp/snapshot-de85506c-1742-409a-b848-6599c18eca46/snapshot.1_29.md5.tmp to /home/runner/work/ratis/ratis/ratis-test/target/test/data/6e893928/MiniRaftClusterWithNettyff22e078/s3/750d3f39-a5f3-4ce5-8498-e71c523113b1/tmp/snapshot-de85506c-1742-409a-b848-6599c18eca46/snapshot.1_29.md5 with options [REPLACE_EXISTING]
2023-12-10 00:36:49,934 [NettyRpcService-workerGroup--thread1] INFO  storage.SnapshotManager (SnapshotManager.java:rename(175)) - Installed snapshot, renaming temporary dir /home/runner/work/ratis/ratis/ratis-test/target/test/data/6e893928/MiniRaftClusterWithNettyff22e078/s3/750d3f39-a5f3-4ce5-8498-e71c523113b1/tmp/snapshot-de85506c-1742-409a-b848-6599c18eca46 to /home/runner/work/ratis/ratis/ratis-test/target/test/data/6e893928/MiniRaftClusterWithNettyff22e078/s3/750d3f39-a5f3-4ce5-8498-e71c523113b1/sm
2023-12-10 00:36:49,937 [NettyRpcService-workerGroup--thread1] TRACE util.FileUtils (LogUtils.java:runAndLog(49)) - Successfully ran Atomic Files.move /home/runner/work/ratis/ratis/ratis-test/target/test/data/6e893928/MiniRaftClusterWithNettyff22e078/s3/750d3f39-a5f3-4ce5-8498-e71c523113b1/sm to /home/runner/work/ratis/ratis/ratis-test/target/test/data/6e893928/MiniRaftClusterWithNettyff22e078/s3/750d3f39-a5f3-4ce5-8498-e71c523113b1/sm.tmp20231210-003649_935
2023-12-10 00:36:49,937 [NettyRpcService-workerGroup--thread1] TRACE util.FileUtils (LogUtils.java:runAndLog(49)) - Successfully ran Atomic Files.move /home/runner/work/ratis/ratis/ratis-test/target/test/data/6e893928/MiniRaftClusterWithNettyff22e078/s3/750d3f39-a5f3-4ce5-8498-e71c523113b1/tmp/snapshot-de85506c-1742-409a-b848-6599c18eca46 to /home/runner/work/ratis/ratis/ratis-test/target/test/data/6e893928/MiniRaftClusterWithNettyff22e078/s3/750d3f39-a5f3-4ce5-8498-e71c523113b1/sm
2023-12-10 00:36:49,937 [NettyRpcService-workerGroup--thread1] TRACE util.FileUtils (FileUtils.java:deleteFully(305)) - deleteFully /home/runner/work/ratis/ratis/ratis-test/target/test/data/6e893928/MiniRaftClusterWithNettyff22e078/s3/750d3f39-a5f3-4ce5-8498-e71c523113b1/sm.tmp20231210-003649_935
2023-12-10 00:36:49,938 [NettyRpcService-workerGroup--thread1] TRACE util.FileUtils (LogUtils.java:runAndLog(49)) - Successfully ran Files.delete /home/runner/work/ratis/ratis/ratis-test/target/test/data/6e893928/MiniRaftClusterWithNettyff22e078/s3/750d3f39-a5f3-4ce5-8498-e71c523113b1/sm.tmp20231210-003649_935
2023-12-10 00:36:49,938 [s3@group-E71C523113B1-StateMachineUpdater] INFO  impl.SimpleStateMachine4Testing (SimpleStateMachine4Testing.java:reinitialize(236)) - Reinitializing SimpleStateMachine4Testing:s3:group-E71C523113B1
2023-12-10 00:36:49,939 [s3@group-E71C523113B1-StateMachineUpdater] TRACE util.FileUtils (LogUtils.java:supplyAndLog(69)) - Successfully supplied Files.newInputStream /home/runner/work/ratis/ratis/ratis-test/target/test/data/6e893928/MiniRaftClusterWithNettyff22e078/s3/750d3f39-a5f3-4ce5-8498-e71c523113b1/sm/snapshot.1_29.md5 with options []: sun.nio.ch.ChannelInputStream@43f8a207
2023-12-10 00:36:49,939 [s3@group-E71C523113B1-StateMachineUpdater] INFO  impl.SimpleStateMachine4Testing (SimpleStateMachine4Testing.java:loadSnapshot(296)) - Loading snapshot SingleFileSnapshotInfo(t:1, i:29):[/home/runner/work/ratis/ratis/ratis-test/target/test/data/6e893928/MiniRaftClusterWithNettyff22e078/s3/750d3f39-a5f3-4ce5-8498-e71c523113b1/sm/snapshot.1_29]
2023-12-10 00:36:49,938 [NettyRpcService-workerGroup--thread1] INFO  raftlog.RaftLog (RaftLogBase.java:lambda$new$0(54)) - s3@group-E71C523113B1-SegmentedRaftLog: snapshotIndex: updateIncreasingly -1 -> 29
2023-12-10 00:36:49,939 [NettyRpcService-workerGroup--thread1] INFO  segmented.SegmentedRaftLogWorker (SegmentedRaftLogWorker.java:lambda$new$0(134)) - s3@group-E71C523113B1-SegmentedRaftLogWorker: flushIndex: setUnconditionally -1 -> 29
2023-12-10 00:36:49,939 [NettyRpcService-workerGroup--thread1] INFO  segmented.SegmentedRaftLogWorker (SegmentedRaftLogWorker.java:lambda$new$0(134)) - s3@group-E71C523113B1-SegmentedRaftLogWorker: safeCacheEvictIndex: setUnconditionally -1 -> 29
2023-12-10 00:36:49,940 [NettyRpcService-workerGroup--thread1] DEBUG raftlog.RaftLog (SegmentedRaftLog.java:purgeImpl(379)) - purging segments:null
2023-12-10 00:36:49,940 [NettyRpcService-workerGroup--thread1] INFO  impl.SnapshotInstallationHandler (SnapshotInstallationHandler.java:checkAndInstallSnapshot(194)) - s3@group-E71C523113B1: successfully install the entire snapshot-29
2023-12-10 00:36:49,941 [s3@group-E71C523113B1-StateMachineUpdater] TRACE util.FileUtils (LogUtils.java:supplyAndLog(69)) - Successfully supplied Files.newInputStream /home/runner/work/ratis/ratis/ratis-test/target/test/data/6e893928/MiniRaftClusterWithNettyff22e078/s3/750d3f39-a5f3-4ce5-8498-e71c523113b1/sm/snapshot.1_29 with options []: sun.nio.ch.ChannelInputStream@6c2da17c
2023-12-10 00:36:49,941 [s3@group-E71C523113B1-StateMachineUpdater] INFO  impl.SimpleStateMachine4Testing (SimpleStateMachine4Testing.java:put(205)) - s3: put 1, m0 -> (t:1, i:1), STATEMACHINELOGENTRY, 1@client-6BD611A6EED4
2023-12-10 00:36:49,941 [s3@group-E71C523113B1-StateMachineUpdater] INFO  impl.SimpleStateMachine4Testing (SimpleStateMachine4Testing.java:put(205)) - s3: put 3, m1 -> (t:1, i:3), STATEMACHINELOGENTRY, 2@client-6BD611A6EED4
2023-12-10 00:36:49,942 [s3@group-E71C523113B1-StateMachineUpdater] INFO  impl.SimpleStateMachine4Testing (SimpleStateMachine4Testing.java:put(205)) - s3: put 5, m2 -> (t:1, i:5), STATEMACHINELOGENTRY, 3@client-6BD611A6EED4
2023-12-10 00:36:49,942 [s3@group-E71C523113B1-StateMachineUpdater] INFO  impl.SimpleStateMachine4Testing (SimpleStateMachine4Testing.java:put(205)) - s3: put 7, m3 -> (t:1, i:7), STATEMACHINELOGENTRY, 4@client-6BD611A6EED4
2023-12-10 00:36:49,942 [s3@group-E71C523113B1-StateMachineUpdater] INFO  impl.SimpleStateMachine4Testing (SimpleStateMachine4Testing.java:put(205)) - s3: put 9, m4 -> (t:1, i:9), STATEMACHINELOGENTRY, 5@client-6BD611A6EED4
2023-12-10 00:36:49,942 [s3@group-E71C523113B1-StateMachineUpdater] INFO  impl.SimpleStateMachine4Testing (SimpleStateMachine4Testing.java:put(205)) - s3: put 11, m5 -> (t:1, i:11), STATEMACHINELOGENTRY, 6@client-6BD611A6EED4
2023-12-10 00:36:49,942 [s3@group-E71C523113B1-StateMachineUpdater] INFO  impl.SimpleStateMachine4Testing (SimpleStateMachine4Testing.java:put(205)) - s3: put 13, m6 -> (t:1, i:13), STATEMACHINELOGENTRY, 7@client-6BD611A6EED4
2023-12-10 00:36:49,942 [s3@group-E71C523113B1-StateMachineUpdater] INFO  impl.SimpleStateMachine4Testing (SimpleStateMachine4Testing.java:put(205)) - s3: put 15, m7 -> (t:1, i:15), STATEMACHINELOGENTRY, 8@client-6BD611A6EED4
2023-12-10 00:36:49,943 [s3@group-E71C523113B1-StateMachineUpdater] INFO  impl.SimpleStateMachine4Testing (SimpleStateMachine4Testing.java:put(205)) - s3: put 17, m8 -> (t:1, i:17), STATEMACHINELOGENTRY, 9@client-6BD611A6EED4
2023-12-10 00:36:49,943 [s3@group-E71C523113B1-StateMachineUpdater] INFO  impl.SimpleStateMachine4Testing (SimpleStateMachine4Testing.java:put(205)) - s3: put 19, m9 -> (t:1, i:19), STATEMACHINELOGENTRY, 10@client-6BD611A6EED4
2023-12-10 00:36:49,943 [s3@group-E71C523113B1-StateMachineUpdater] INFO  impl.SimpleStateMachine4Testing (SimpleStateMachine4Testing.java:put(205)) - s3: put 21, m10 -> (t:1, i:21), STATEMACHINELOGENTRY, 11@client-6BD611A6EED4
2023-12-10 00:36:49,943 [s3@group-E71C523113B1-StateMachineUpdater] INFO  impl.SimpleStateMachine4Testing (SimpleStateMachine4Testing.java:put(205)) - s3: put 23, m11 -> (t:1, i:23), STATEMACHINELOGENTRY, 12@client-6BD611A6EED4
2023-12-10 00:36:49,943 [s3@group-E71C523113B1-StateMachineUpdater] INFO  impl.SimpleStateMachine4Testing (SimpleStateMachine4Testing.java:put(205)) - s3: put 25, m12 -> (t:1, i:25), STATEMACHINELOGENTRY, 13@client-6BD611A6EED4
2023-12-10 00:36:49,943 [s3@group-E71C523113B1-StateMachineUpdater] INFO  impl.SimpleStateMachine4Testing (SimpleStateMachine4Testing.java:put(205)) - s3: put 27, m13 -> (t:1, i:27), STATEMACHINELOGENTRY, 14@client-6BD611A6EED4
2023-12-10 00:36:49,944 [s3@group-E71C523113B1-StateMachineUpdater] INFO  impl.SimpleStateMachine4Testing (SimpleStateMachine4Testing.java:put(205)) - s3: put 29, m14 -> (t:1, i:29), STATEMACHINELOGENTRY, 15@client-6BD611A6EED4
2023-12-10 00:36:49,944 [s3@group-E71C523113B1-StateMachineUpdater] INFO  impl.StateMachineUpdater (StateMachineUpdater.java:lambda$new$0(98)) - s3@group-E71C523113B1-StateMachineUpdater: snapshotIndex: setUnconditionally -1 -> 29
2023-12-10 00:36:49,944 [s3@group-E71C523113B1-StateMachineUpdater] INFO  impl.StateMachineUpdater (StateMachineUpdater.java:lambda$new$0(98)) - s3@group-E71C523113B1-StateMachineUpdater: appliedIndex: setUnconditionally -1 -> 29
2023-12-10 00:36:49,945 [NettyRpcService-workerGroup--thread1] INFO  impl.SnapshotInstallationHandler (SnapshotInstallationHandler.java:installSnapshotImpl(134)) - s3@group-E71C523113B1: set new configuration configurationEntry {
  peers {
    id: "s0"
    address: "localhost:34269"
    dataStreamAddress: "localhost:34875"
    clientAddress: "localhost:35733"
    adminAddress: "localhost:41895"
    startupRole: FOLLOWER
  }
}
 from snapshot
2023-12-10 00:36:49,945 [NettyRpcService-workerGroup--thread1] INFO  server.RaftServer$Division (ServerState.java:setRaftConf(382)) - s3@group-E71C523113B1: set configuration 0: peers:[s0|localhost:34269]|listeners:[], old=null
2023-12-10 00:36:49,945 [NettyRpcService-workerGroup--thread1] TRACE util.FileUtils (LogUtils.java:supplyAndLog(69)) - Successfully supplied FileChannel.open /home/runner/work/ratis/ratis/ratis-test/target/test/data/6e893928/MiniRaftClusterWithNettyff22e078/s3/750d3f39-a5f3-4ce5-8498-e71c523113b1/current/raft-meta.conf.tmp with options [CREATE, WRITE]: sun.nio.ch.FileChannelImpl@8e2d054
2023-12-10 00:36:49,947 [NettyRpcService-workerGroup--thread1] TRACE util.FileUtils (LogUtils.java:runAndLog(49)) - Successfully ran Atomic Files.move /home/runner/work/ratis/ratis/ratis-test/target/test/data/6e893928/MiniRaftClusterWithNettyff22e078/s3/750d3f39-a5f3-4ce5-8498-e71c523113b1/current/raft-meta.conf.tmp to /home/runner/work/ratis/ratis/ratis-test/target/test/data/6e893928/MiniRaftClusterWithNettyff22e078/s3/750d3f39-a5f3-4ce5-8498-e71c523113b1/current/raft-meta.conf with options [REPLACE_EXISTING]
2023-12-10 00:36:49,947 [NettyRpcService-workerGroup--thread1] INFO  impl.SnapshotInstallationHandler (SnapshotInstallationHandler.java:installSnapshot(100)) - s3@group-E71C523113B1: reply installSnapshot: s0<-s3#0:OK-t0,SUCCESS,requestIndex=0
2023-12-10 00:36:49,948 [s0@group-E71C523113B1->s3-LogAppenderDefault-LogAppenderDaemon] INFO  leader.FollowerInfo (FollowerInfoImpl.java:info(64)) - s0@group-E71C523113B1->s3: snapshotIndex: setUnconditionally 0 -> 29
2023-12-10 00:36:49,948 [s0@group-E71C523113B1->s3-LogAppenderDefault-LogAppenderDaemon] INFO  leader.FollowerInfo (FollowerInfoImpl.java:info(64)) - s0@group-E71C523113B1->s3: matchIndex: setUnconditionally -1 -> 29
2023-12-10 00:36:49,948 [s0@group-E71C523113B1->s3-LogAppenderDefault-LogAppenderDaemon] INFO  leader.FollowerInfo (FollowerInfoImpl.java:info(64)) - s0@group-E71C523113B1->s3: nextIndex: setUnconditionally 0 -> 30
2023-12-10 00:36:49,949 [s0@group-E71C523113B1->s3-LogAppenderDefault-LogAppenderDaemon] INFO  leader.LogAppender (LogAppenderDefault.java:installSnapshot(124)) - s0@group-E71C523113B1->s3-LogAppenderDefault: installSnapshot SingleFileSnapshotInfo(t:1, i:29):[/home/runner/work/ratis/ratis/ratis-test/target/test/data/6e893928/MiniRaftClusterWithNettyff22e078/s0/750d3f39-a5f3-4ce5-8498-e71c523113b1/sm/snapshot.1_29] successfully
2023-12-10 00:36:49,949 [s0@group-E71C523113B1->s3-LogAppenderDefault-LogAppenderDaemon] INFO  leader.FollowerInfo (FollowerInfoImpl.java:setAttemptedToInstallSnapshot(154)) - Follower s0@group-E71C523113B1->s3 acknowledged installing snapshot
2023-12-10 00:36:49,956 [NettyRpcService-workerGroup--thread1] DEBUG server.RaftServer$Division (RaftServerImpl.java:logAppendEntries(1504)) - s3@group-E71C523113B1: receive appendEntries(s0, 1, (t:1, i:29), 38, false, commits:[s0:c38, s3:c-1], cId:21, entries: [(t:1, i:30), METADATAENTRY(c:29), (t:1, i:31), STATEMACHINELOGENTRY, 16@client-6BD611A6EED4, (t:1, i:32), METADATAENTRY(c:31), (t:1, i:33), STATEMACHINELOGENTRY, 17@client-6BD611A6EED4, (t:1, i:34), METADATAENTRY(c:33), (t:1, i:35), STATEMACHINELOGENTRY, 18@client-6BD611A6EED4, (t:1, i:36), METADATAENTRY(c:35), (t:1, i:37), STATEMACHINELOGENTRY, 19@client-6BD611A6EED4, (t:1, i:38), METADATAENTRY(c:37)]
2023-12-10 00:36:49,957 [NettyRpcService-workerGroup--thread1] DEBUG raftlog.RaftLog (SegmentedRaftLog.java:appendImpl(463)) - truncateIndex=-1, arrayIndex=0
2023-12-10 00:36:49,957 [NettyRpcService-workerGroup--thread1] INFO  segmented.SegmentedRaftLogWorker (SegmentedRaftLogWorker.java:startLogSegment(430)) - s3@group-E71C523113B1-SegmentedRaftLogWorker: Starting segment from index:30
2023-12-10 00:36:49,957 [s3@group-E71C523113B1-SegmentedRaftLogWorker] INFO  segmented.BufferedWriteChannel (BufferedWriteChannel.java:open(62)) - open log_inprogress_30 at position 0
2023-12-10 00:36:49,966 [s3@group-E71C523113B1-SegmentedRaftLogWorker] INFO  segmented.SegmentedRaftLogWorker (SegmentedRaftLogWorker.java:execute(634)) - s3@group-E71C523113B1-SegmentedRaftLogWorker: created new log segment /home/runner/work/ratis/ratis/ratis-test/target/test/data/6e893928/MiniRaftClusterWithNettyff22e078/s3/750d3f39-a5f3-4ce5-8498-e71c523113b1/current/log_inprogress_30
2023-12-10 00:36:49,968 [s3@group-E71C523113B1-StateMachineUpdater] INFO  impl.SimpleStateMachine4Testing (SimpleStateMachine4Testing.java:applyTransaction(248)) - applyTransaction for log index 31
2023-12-10 00:36:49,968 [s3@group-E71C523113B1-StateMachineUpdater] INFO  impl.SimpleStateMachine4Testing (SimpleStateMachine4Testing.java:put(205)) - s3: put 31, m15 -> (t:1, i:31), STATEMACHINELOGENTRY, 16@client-6BD611A6EED4
2023-12-10 00:36:49,969 [s3@group-E71C523113B1-StateMachineUpdater] INFO  impl.SimpleStateMachine4Testing (SimpleStateMachine4Testing.java:applyTransaction(248)) - applyTransaction for log index 33
2023-12-10 00:36:49,970 [s3@group-E71C523113B1-StateMachineUpdater] INFO  impl.SimpleStateMachine4Testing (SimpleStateMachine4Testing.java:put(205)) - s3: put 33, m16 -> (t:1, i:33), STATEMACHINELOGENTRY, 17@client-6BD611A6EED4
2023-12-10 00:36:49,970 [s3-server-thread1] DEBUG server.RaftServer$Division (RaftServerImpl.java:logAppendEntries(1504)) - s3@group-E71C523113B1: succeeded to handle AppendEntries. Reply: s0<-s3#21:OK-t1,SUCCESS,nextIndex=39,followerCommit=38,matchIndex=38
2023-12-10 00:36:49,970 [s3@group-E71C523113B1-StateMachineUpdater] INFO  impl.SimpleStateMachine4Testing (SimpleStateMachine4Testing.java:applyTransaction(248)) - applyTransaction for log index 35
2023-12-10 00:36:49,970 [s3@group-E71C523113B1-StateMachineUpdater] INFO  impl.SimpleStateMachine4Testing (SimpleStateMachine4Testing.java:put(205)) - s3: put 35, m17 -> (t:1, i:35), STATEMACHINELOGENTRY, 18@client-6BD611A6EED4
2023-12-10 00:36:49,970 [s3@group-E71C523113B1-StateMachineUpdater] INFO  impl.SimpleStateMachine4Testing (SimpleStateMachine4Testing.java:applyTransaction(248)) - applyTransaction for log index 37
2023-12-10 00:36:49,970 [s3@group-E71C523113B1-StateMachineUpdater] INFO  impl.SimpleStateMachine4Testing (SimpleStateMachine4Testing.java:put(205)) - s3: put 37, m18 -> (t:1, i:37), STATEMACHINELOGENTRY, 19@client-6BD611A6EED4
2023-12-10 00:36:49,974 [s0@group-E71C523113B1-LeaderStateImpl] INFO  server.RaftServer$Division (ServerState.java:setRaftConf(382)) - s0@group-E71C523113B1: set configuration 39: peers:[s3|0.0.0.0:37561, s0|localhost:34269]|listeners:[], old=peers:[s0|localhost:34269]|listeners:[]
2023-12-10 00:36:49,976 [NettyRpcService-workerGroup--thread1] DEBUG server.RaftServer$Division (RaftServerImpl.java:logAppendEntries(1504)) - s3@group-E71C523113B1: receive appendEntries(s0, 1, (t:1, i:38), 38, true, commits:[s0:c38, s3:c38], cId:22, entries: [(t:1, i:39), CONFIGURATIONENTRY(current:id: "s3"
address: "0.0.0.0:37561"
clientAddress: "0.0.0.0:37561"
adminAddress: "0.0.0.0:37561"
startupRole: FOLLOWER
,id: "s0"
address: "localhost:34269"
dataStreamAddress: "localhost:34875"
clientAddress: "localhost:35733"
adminAddress: "localhost:41895"
startupRole: FOLLOWER
, old:id: "s0"
address: "localhost:34269"
dataStreamAddress: "localhost:34875"
clientAddress: "localhost:35733"
adminAddress: "localhost:41895"
startupRole: FOLLOWER
)]
2023-12-10 00:36:49,977 [NettyRpcService-workerGroup--thread1] INFO  server.RaftServer$Division (ServerState.java:setRaftConf(382)) - s3@group-E71C523113B1: set configuration 39: peers:[s3|0.0.0.0:37561, s0|localhost:34269]|listeners:[], old=peers:[s0|localhost:34269]|listeners:[]
2023-12-10 00:36:49,977 [NettyRpcService-workerGroup--thread1] DEBUG raftlog.RaftLog (SegmentedRaftLog.java:appendImpl(463)) - truncateIndex=-1, arrayIndex=0
2023-12-10 00:36:49,977 [s3-server-thread1] DEBUG server.RaftServer$Division (RaftServerImpl.java:logAppendEntries(1504)) - s3@group-E71C523113B1: succeeded to handle AppendEntries. Reply: s0<-s3#22:OK-t1,SUCCESS,nextIndex=40,followerCommit=38,matchIndex=39
2023-12-10 00:36:49,978 [s0@group-E71C523113B1-StateMachineUpdater] TRACE util.FileUtils (LogUtils.java:supplyAndLog(69)) - Successfully supplied FileChannel.open /home/runner/work/ratis/ratis/ratis-test/target/test/data/6e893928/MiniRaftClusterWithNettyff22e078/s0/750d3f39-a5f3-4ce5-8498-e71c523113b1/current/raft-meta.conf.tmp with options [CREATE, WRITE]: sun.nio.ch.FileChannelImpl@2901d735
2023-12-10 00:36:49,979 [s0@group-E71C523113B1-LeaderStateImpl] INFO  server.RaftServer$Division (ServerState.java:setRaftConf(382)) - s0@group-E71C523113B1: set configuration 41: peers:[s3|0.0.0.0:37561, s0|localhost:34269]|listeners:[], old=null
2023-12-10 00:36:49,980 [s0@group-E71C523113B1-StateMachineUpdater] TRACE util.FileUtils (LogUtils.java:runAndLog(49)) - Successfully ran Atomic Files.move /home/runner/work/ratis/ratis/ratis-test/target/test/data/6e893928/MiniRaftClusterWithNettyff22e078/s0/750d3f39-a5f3-4ce5-8498-e71c523113b1/current/raft-meta.conf.tmp to /home/runner/work/ratis/ratis/ratis-test/target/test/data/6e893928/MiniRaftClusterWithNettyff22e078/s0/750d3f39-a5f3-4ce5-8498-e71c523113b1/current/raft-meta.conf with options [REPLACE_EXISTING]
2023-12-10 00:36:49,980 [NettyRpcService-workerGroup--thread1] DEBUG server.RaftServer$Division (RaftServerImpl.java:logAppendEntries(1504)) - s3@group-E71C523113B1: receive appendEntries(s0, 1, (t:1, i:39), 39, true, commits:[s0:c39, s3:c38], cId:23, entries: [(t:1, i:40), METADATAENTRY(c:39), (t:1, i:41), CONFIGURATIONENTRY(current:id: "s3"
address: "0.0.0.0:37561"
clientAddress: "0.0.0.0:37561"
adminAddress: "0.0.0.0:37561"
startupRole: FOLLOWER
,id: "s0"
address: "localhost:34269"
dataStreamAddress: "localhost:34875"
clientAddress: "localhost:35733"
adminAddress: "localhost:41895"
startupRole: FOLLOWER
, old:)]
2023-12-10 00:36:49,980 [NettyRpcService-workerGroup--thread1] INFO  server.RaftServer$Division (ServerState.java:setRaftConf(382)) - s3@group-E71C523113B1: set configuration 41: peers:[s3|0.0.0.0:37561, s0|localhost:34269]|listeners:[], old=null
2023-12-10 00:36:49,981 [NettyRpcService-workerGroup--thread1] DEBUG raftlog.RaftLog (SegmentedRaftLog.java:appendImpl(463)) - truncateIndex=-1, arrayIndex=0
2023-12-10 00:36:49,981 [s3-server-thread1] DEBUG server.RaftServer$Division (RaftServerImpl.java:logAppendEntries(1504)) - s3@group-E71C523113B1: succeeded to handle AppendEntries. Reply: s0<-s3#23:OK-t1,SUCCESS,nextIndex=42,followerCommit=39,matchIndex=41
2023-12-10 00:36:49,981 [s3@group-E71C523113B1-StateMachineUpdater] TRACE util.FileUtils (LogUtils.java:supplyAndLog(69)) - Successfully supplied FileChannel.open /home/runner/work/ratis/ratis/ratis-test/target/test/data/6e893928/MiniRaftClusterWithNettyff22e078/s3/750d3f39-a5f3-4ce5-8498-e71c523113b1/current/raft-meta.conf.tmp with options [CREATE, WRITE]: sun.nio.ch.FileChannelImpl@2accf67c
2023-12-10 00:36:49,982 [s0@group-E71C523113B1-StateMachineUpdater] INFO  segmented.BufferedWriteChannel (BufferedWriteChannel.java:open(62)) - open snapshot.1_39 at position 0
2023-12-10 00:36:49,987 [Time-limited test] DEBUG client.RaftClient (RaftClientImpl.java:add(150)) - client-2F62612207C5: add replied callId 20
2023-12-10 00:36:49,989 [NettyRpcService-workerGroup--thread1] DEBUG server.RaftServer$Division (RaftServerImpl.java:logAppendEntries(1504)) - s3@group-E71C523113B1: receive appendEntries(s0, 1, (t:1, i:41), 41, true, commits:[s0:c41, s3:c39], cId:24, entries: [(t:1, i:42), METADATAENTRY(c:41)]
2023-12-10 00:36:49,989 [NettyRpcService-workerGroup--thread1] DEBUG raftlog.RaftLog (SegmentedRaftLog.java:appendImpl(463)) - truncateIndex=-1, arrayIndex=0
2023-12-10 00:36:49,992 [s3@group-E71C523113B1-StateMachineUpdater] TRACE util.FileUtils (LogUtils.java:runAndLog(49)) - Successfully ran Atomic Files.move /home/runner/work/ratis/ratis/ratis-test/target/test/data/6e893928/MiniRaftClusterWithNettyff22e078/s3/750d3f39-a5f3-4ce5-8498-e71c523113b1/current/raft-meta.conf.tmp to /home/runner/work/ratis/ratis/ratis-test/target/test/data/6e893928/MiniRaftClusterWithNettyff22e078/s3/750d3f39-a5f3-4ce5-8498-e71c523113b1/current/raft-meta.conf with options [REPLACE_EXISTING]
2023-12-10 00:36:49,993 [s3-server-thread1] DEBUG server.RaftServer$Division (RaftServerImpl.java:logAppendEntries(1504)) - s3@group-E71C523113B1: succeeded to handle AppendEntries. Reply: s0<-s3#24:OK-t1,SUCCESS,nextIndex=43,followerCommit=41,matchIndex=42
2023-12-10 00:36:49,994 [s0@group-E71C523113B1-StateMachineUpdater] TRACE util.FileUtils (LogUtils.java:supplyAndLog(69)) - Successfully supplied FileChannel.open /home/runner/work/ratis/ratis/ratis-test/target/test/data/6e893928/MiniRaftClusterWithNettyff22e078/s0/750d3f39-a5f3-4ce5-8498-e71c523113b1/sm/snapshot.1_39 with options [READ]: sun.nio.ch.FileChannelImpl@66d17623
2023-12-10 00:36:49,995 [s0@group-E71C523113B1-StateMachineUpdater] TRACE util.FileUtils (LogUtils.java:supplyAndLog(69)) - Successfully supplied FileChannel.open /home/runner/work/ratis/ratis/ratis-test/target/test/data/6e893928/MiniRaftClusterWithNettyff22e078/s0/750d3f39-a5f3-4ce5-8498-e71c523113b1/sm/snapshot.1_39.md5.tmp with options [CREATE, WRITE]: sun.nio.ch.FileChannelImpl@8b5d9cc
2023-12-10 00:36:49,995 [s3@group-E71C523113B1-StateMachineUpdater] INFO  segmented.BufferedWriteChannel (BufferedWriteChannel.java:open(62)) - open snapshot.1_39 at position 0
2023-12-10 00:36:49,996 [s0@group-E71C523113B1-StateMachineUpdater] TRACE util.FileUtils (LogUtils.java:runAndLog(49)) - Successfully ran Atomic Files.move /home/runner/work/ratis/ratis/ratis-test/target/test/data/6e893928/MiniRaftClusterWithNettyff22e078/s0/750d3f39-a5f3-4ce5-8498-e71c523113b1/sm/snapshot.1_39.md5.tmp to /home/runner/work/ratis/ratis/ratis-test/target/test/data/6e893928/MiniRaftClusterWithNettyff22e078/s0/750d3f39-a5f3-4ce5-8498-e71c523113b1/sm/snapshot.1_39.md5 with options [REPLACE_EXISTING]
2023-12-10 00:36:49,996 [s0@group-E71C523113B1-StateMachineUpdater] INFO  impl.StateMachineUpdater (StateMachineUpdater.java:takeSnapshot(295)) - s0@group-E71C523113B1-StateMachineUpdater: Took a snapshot at index 39
2023-12-10 00:36:49,996 [s0@group-E71C523113B1-StateMachineUpdater] INFO  impl.StateMachineUpdater (StateMachineUpdater.java:lambda$new$0(98)) - s0@group-E71C523113B1-StateMachineUpdater: snapshotIndex: updateIncreasingly 29 -> 39
2023-12-10 00:36:49,997 [s0@group-E71C523113B1-StateMachineUpdater] TRACE util.FileUtils (LogUtils.java:supplyAndLog(69)) - Successfully supplied FileChannel.open /home/runner/work/ratis/ratis/ratis-test/target/test/data/6e893928/MiniRaftClusterWithNettyff22e078/s0/750d3f39-a5f3-4ce5-8498-e71c523113b1/current/raft-meta.conf.tmp with options [CREATE, WRITE]: sun.nio.ch.FileChannelImpl@5d8dd827
2023-12-10 00:36:49,998 [s0@group-E71C523113B1-StateMachineUpdater] TRACE util.FileUtils (LogUtils.java:runAndLog(49)) - Successfully ran Atomic Files.move /home/runner/work/ratis/ratis/ratis-test/target/test/data/6e893928/MiniRaftClusterWithNettyff22e078/s0/750d3f39-a5f3-4ce5-8498-e71c523113b1/current/raft-meta.conf.tmp to /home/runner/work/ratis/ratis/ratis-test/target/test/data/6e893928/MiniRaftClusterWithNettyff22e078/s0/750d3f39-a5f3-4ce5-8498-e71c523113b1/current/raft-meta.conf with options [REPLACE_EXISTING]
2023-12-10 00:36:49,999 [Time-limited test] DEBUG client.RaftClient (ConfUtils.java:logGet(46)) - raft.rpc.type = NETTY (custom)
2023-12-10 00:36:49,999 [Time-limited test] INFO  netty.NettyUtils (NettyUtils.java:newEventLoopGroup(69)) - Create EpollEventLoopGroup for client-29C405092757; Thread size is 0.
2023-12-10 00:36:50,000 [Time-limited test] INFO  impl.MiniRaftCluster (MiniRaftCluster.java:setConfiguration(819)) - Start changing the configuration: [s3|0.0.0.0:37561, s4|0.0.0.0:42103, s0|localhost:34269]
2023-12-10 00:36:50,002 [NettyRpcService-bossGroup--thread1] INFO  logging.LoggingHandler (AbstractInternalLogger.java:log(148)) - [id: 0x6f65029f, L:/0.0.0.0:34269] READ: [id: 0x0b78dff4, L:/127.0.0.1:34269 - R:/127.0.0.1:43864]
2023-12-10 00:36:50,003 [NettyRpcService-bossGroup--thread1] INFO  logging.LoggingHandler (AbstractInternalLogger.java:log(148)) - [id: 0x6f65029f, L:/0.0.0.0:34269] READ COMPLETE
2023-12-10 00:36:50,006 [s3@group-E71C523113B1-StateMachineUpdater] TRACE util.FileUtils (LogUtils.java:supplyAndLog(69)) - Successfully supplied FileChannel.open /home/runner/work/ratis/ratis/ratis-test/target/test/data/6e893928/MiniRaftClusterWithNettyff22e078/s3/750d3f39-a5f3-4ce5-8498-e71c523113b1/sm/snapshot.1_39 with options [READ]: sun.nio.ch.FileChannelImpl@299e35c0
2023-12-10 00:36:50,007 [NettyRpcService-workerGroup--thread3] INFO  server.RaftServer$Division (RaftServerImpl.java:setConfigurationAsync(1264)) - s0@group-E71C523113B1: receive setConfiguration SetConfigurationRequest:client-29C405092757->s0@group-E71C523113B1, cid=25, seq=null, RW, null, SET_UNCONDITIONALLY, servers:[s3|0.0.0.0:37561, s4|0.0.0.0:42103, s0|localhost:34269], listeners:[]
2023-12-10 00:36:50,007 [NettyRpcService-workerGroup--thread3] INFO  server.RaftServer$Division (LeaderStateImpl.java:startSetConfiguration(488)) - s0@group-E71C523113B1-LeaderStateImpl: startSetConfiguration SetConfigurationRequest:client-29C405092757->s0@group-E71C523113B1, cid=25, seq=null, RW, null, SET_UNCONDITIONALLY, servers:[s3|0.0.0.0:37561, s4|0.0.0.0:42103, s0|localhost:34269], listeners:[]
2023-12-10 00:36:50,007 [s3@group-E71C523113B1-StateMachineUpdater] TRACE util.FileUtils (LogUtils.java:supplyAndLog(69)) - Successfully supplied FileChannel.open /home/runner/work/ratis/ratis/ratis-test/target/test/data/6e893928/MiniRaftClusterWithNettyff22e078/s3/750d3f39-a5f3-4ce5-8498-e71c523113b1/sm/snapshot.1_39.md5.tmp with options [CREATE, WRITE]: sun.nio.ch.FileChannelImpl@33be9251
2023-12-10 00:36:50,008 [NettyRpcService-workerGroup--thread3] INFO  server.RaftServerConfigKeys (ConfUtils.java:logGet(46)) - raft.server.log.appender.snapshot.chunk.size.max = 16MB (=16777216) (default)
2023-12-10 00:36:50,008 [NettyRpcService-workerGroup--thread3] INFO  server.RaftServerConfigKeys (ConfUtils.java:logGet(46)) - raft.server.log.appender.buffer.byte-limit = 4MB (=4194304) (default)
2023-12-10 00:36:50,008 [NettyRpcService-workerGroup--thread3] INFO  server.RaftServerConfigKeys (ConfUtils.java:logGet(46)) - raft.server.log.appender.buffer.element-limit = 0 (default)
2023-12-10 00:36:50,008 [s3@group-E71C523113B1-StateMachineUpdater] TRACE util.FileUtils (LogUtils.java:runAndLog(49)) - Successfully ran Atomic Files.move /home/runner/work/ratis/ratis/ratis-test/target/test/data/6e893928/MiniRaftClusterWithNettyff22e078/s3/750d3f39-a5f3-4ce5-8498-e71c523113b1/sm/snapshot.1_39.md5.tmp to /home/runner/work/ratis/ratis/ratis-test/target/test/data/6e893928/MiniRaftClusterWithNettyff22e078/s3/750d3f39-a5f3-4ce5-8498-e71c523113b1/sm/snapshot.1_39.md5 with options [REPLACE_EXISTING]
2023-12-10 00:36:50,008 [NettyRpcService-workerGroup--thread3] INFO  server.RaftServerConfigKeys (ConfUtils.java:logGet(46)) - raft.server.log.appender.wait-time.min = 1ms (default)
2023-12-10 00:36:50,008 [s3@group-E71C523113B1-StateMachineUpdater] INFO  impl.StateMachineUpdater (StateMachineUpdater.java:takeSnapshot(295)) - s3@group-E71C523113B1-StateMachineUpdater: Took a snapshot at index 39
2023-12-10 00:36:50,008 [s3@group-E71C523113B1-StateMachineUpdater] INFO  impl.StateMachineUpdater (StateMachineUpdater.java:lambda$new$0(98)) - s3@group-E71C523113B1-StateMachineUpdater: snapshotIndex: updateIncreasingly 29 -> 39
2023-12-10 00:36:50,009 [s3@group-E71C523113B1-StateMachineUpdater] TRACE util.FileUtils (LogUtils.java:supplyAndLog(69)) - Successfully supplied FileChannel.open /home/runner/work/ratis/ratis/ratis-test/target/test/data/6e893928/MiniRaftClusterWithNettyff22e078/s3/750d3f39-a5f3-4ce5-8498-e71c523113b1/current/raft-meta.conf.tmp with options [CREATE, WRITE]: sun.nio.ch.FileChannelImpl@12ba87e1
2023-12-10 00:36:50,010 [s0@group-E71C523113B1->s4-LogAppenderDefault-LogAppenderDaemon] INFO  leader.LogAppender (LogAppenderDefault.java:run(136)) - s0@group-E71C523113B1->s4-LogAppenderDefault: followerNextIndex = 0 but logStartIndex = 0, send snapshot SingleFileSnapshotInfo(t:1, i:39):[/home/runner/work/ratis/ratis/ratis-test/target/test/data/6e893928/MiniRaftClusterWithNettyff22e078/s0/750d3f39-a5f3-4ce5-8498-e71c523113b1/sm/snapshot.1_39] to follower
2023-12-10 00:36:50,010 [s0@group-E71C523113B1->s4-LogAppenderDefault-LogAppenderDaemon] TRACE util.FileUtils (LogUtils.java:supplyAndLog(69)) - Successfully supplied Files.newInputStream /home/runner/work/ratis/ratis/ratis-test/target/test/data/6e893928/MiniRaftClusterWithNettyff22e078/s0/750d3f39-a5f3-4ce5-8498-e71c523113b1/sm/snapshot.1_39 with options []: sun.nio.ch.ChannelInputStream@51c0637b
2023-12-10 00:36:50,011 [s3@group-E71C523113B1-StateMachineUpdater] TRACE util.FileUtils (LogUtils.java:runAndLog(49)) - Successfully ran Atomic Files.move /home/runner/work/ratis/ratis/ratis-test/target/test/data/6e893928/MiniRaftClusterWithNettyff22e078/s3/750d3f39-a5f3-4ce5-8498-e71c523113b1/current/raft-meta.conf.tmp to /home/runner/work/ratis/ratis/ratis-test/target/test/data/6e893928/MiniRaftClusterWithNettyff22e078/s3/750d3f39-a5f3-4ce5-8498-e71c523113b1/current/raft-meta.conf with options [REPLACE_EXISTING]
2023-12-10 00:36:50,012 [NettyRpcService-bossGroup--thread1] INFO  logging.LoggingHandler (AbstractInternalLogger.java:log(148)) - [id: 0x3a70be19, L:/0.0.0.0:42103] READ: [id: 0xa6d3ccac, L:/127.0.0.1:42103 - R:/127.0.0.1:52072]
2023-12-10 00:36:50,012 [NettyRpcService-bossGroup--thread1] INFO  logging.LoggingHandler (AbstractInternalLogger.java:log(148)) - [id: 0x3a70be19, L:/0.0.0.0:42103] READ COMPLETE
2023-12-10 00:36:50,013 [NettyRpcService-workerGroup--thread1] INFO  impl.SnapshotInstallationHandler (SnapshotInstallationHandler.java:installSnapshot(89)) - s4@group-E71C523113B1: receive installSnapshot: s0->s4#0-t1,chunk:229afc7e-5f5f-416b-8c5f-d05f5fad5a47,0
2023-12-10 00:36:50,014 [NettyRpcService-workerGroup--thread1] TRACE util.FileUtils (LogUtils.java:supplyAndLog(69)) - Successfully supplied FileChannel.open /home/runner/work/ratis/ratis/ratis-test/target/test/data/6e893928/MiniRaftClusterWithNettyff22e078/s4/750d3f39-a5f3-4ce5-8498-e71c523113b1/current/raft-meta.tmp with options [CREATE, WRITE]: sun.nio.ch.FileChannelImpl@593cee72
2023-12-10 00:36:50,015 [NettyRpcService-workerGroup--thread1] TRACE util.FileUtils (LogUtils.java:runAndLog(49)) - Successfully ran Atomic Files.move /home/runner/work/ratis/ratis/ratis-test/target/test/data/6e893928/MiniRaftClusterWithNettyff22e078/s4/750d3f39-a5f3-4ce5-8498-e71c523113b1/current/raft-meta.tmp to /home/runner/work/ratis/ratis/ratis-test/target/test/data/6e893928/MiniRaftClusterWithNettyff22e078/s4/750d3f39-a5f3-4ce5-8498-e71c523113b1/current/raft-meta with options [REPLACE_EXISTING]
2023-12-10 00:36:50,015 [NettyRpcService-workerGroup--thread1] INFO  server.RaftServer$Division (RaftServerImpl.java:setFirstElection(564)) - s4@group-E71C523113B1: set firstElectionSinceStartup to false for installSnapshot
2023-12-10 00:36:50,016 [NettyRpcService-workerGroup--thread1] INFO  server.RaftServer$Division (ServerState.java:setLeader(265)) - s4@group-E71C523113B1: change Leader from null to s0 at term 1 for installSnapshot, leader elected after 151ms
2023-12-10 00:36:50,016 [NettyRpcService-workerGroup--thread1] TRACE util.FileUtils (LogUtils.java:runAndLog(49)) - Successfully ran Files.createDirectories /home/runner/work/ratis/ratis/ratis-test/target/test/data/6e893928/MiniRaftClusterWithNettyff22e078/s4/750d3f39-a5f3-4ce5-8498-e71c523113b1/tmp/snapshot-229afc7e-5f5f-416b-8c5f-d05f5fad5a47
2023-12-10 00:36:50,016 [NettyRpcService-workerGroup--thread1] INFO  storage.SnapshotManager (SnapshotManager.java:installSnapshot(111)) - Installing snapshot:s0->s4#0-t1,chunk:229afc7e-5f5f-416b-8c5f-d05f5fad5a47,0, to tmp dir:/home/runner/work/ratis/ratis/ratis-test/target/test/data/6e893928/MiniRaftClusterWithNettyff22e078/s4/750d3f39-a5f3-4ce5-8498-e71c523113b1/tmp/snapshot-229afc7e-5f5f-416b-8c5f-d05f5fad5a47
2023-12-10 00:36:50,016 [NettyRpcService-workerGroup--thread1] TRACE util.FileUtils (LogUtils.java:runAndLog(49)) - Successfully ran Files.createDirectories /home/runner/work/ratis/ratis/ratis-test/target/test/data/6e893928/MiniRaftClusterWithNettyff22e078/s4/750d3f39-a5f3-4ce5-8498-e71c523113b1/tmp/snapshot-229afc7e-5f5f-416b-8c5f-d05f5fad5a47
2023-12-10 00:36:50,017 [NettyRpcService-workerGroup--thread1] TRACE util.FileUtils (LogUtils.java:supplyAndLog(69)) - Successfully supplied FileChannel.open /home/runner/work/ratis/ratis/ratis-test/target/test/data/6e893928/MiniRaftClusterWithNettyff22e078/s4/750d3f39-a5f3-4ce5-8498-e71c523113b1/tmp/snapshot-229afc7e-5f5f-416b-8c5f-d05f5fad5a47/snapshot.1_39 with options [WRITE, CREATE]: sun.nio.ch.FileChannelImpl@5d03718d
2023-12-10 00:36:50,017 [NettyRpcService-workerGroup--thread1] TRACE util.FileUtils (LogUtils.java:supplyAndLog(69)) - Successfully supplied FileChannel.open /home/runner/work/ratis/ratis/ratis-test/target/test/data/6e893928/MiniRaftClusterWithNettyff22e078/s4/750d3f39-a5f3-4ce5-8498-e71c523113b1/tmp/snapshot-229afc7e-5f5f-416b-8c5f-d05f5fad5a47/snapshot.1_39.md5.tmp with options [CREATE, WRITE]: sun.nio.ch.FileChannelImpl@1801e449
2023-12-10 00:36:50,019 [NettyRpcService-workerGroup--thread1] TRACE util.FileUtils (LogUtils.java:runAndLog(49)) - Successfully ran Atomic Files.move /home/runner/work/ratis/ratis/ratis-test/target/test/data/6e893928/MiniRaftClusterWithNettyff22e078/s4/750d3f39-a5f3-4ce5-8498-e71c523113b1/tmp/snapshot-229afc7e-5f5f-416b-8c5f-d05f5fad5a47/snapshot.1_39.md5.tmp to /home/runner/work/ratis/ratis/ratis-test/target/test/data/6e893928/MiniRaftClusterWithNettyff22e078/s4/750d3f39-a5f3-4ce5-8498-e71c523113b1/tmp/snapshot-229afc7e-5f5f-416b-8c5f-d05f5fad5a47/snapshot.1_39.md5 with options [REPLACE_EXISTING]
2023-12-10 00:36:50,019 [NettyRpcService-workerGroup--thread1] INFO  storage.SnapshotManager (SnapshotManager.java:rename(175)) - Installed snapshot, renaming temporary dir /home/runner/work/ratis/ratis/ratis-test/target/test/data/6e893928/MiniRaftClusterWithNettyff22e078/s4/750d3f39-a5f3-4ce5-8498-e71c523113b1/tmp/snapshot-229afc7e-5f5f-416b-8c5f-d05f5fad5a47 to /home/runner/work/ratis/ratis/ratis-test/target/test/data/6e893928/MiniRaftClusterWithNettyff22e078/s4/750d3f39-a5f3-4ce5-8498-e71c523113b1/sm
2023-12-10 00:36:50,019 [NettyRpcService-workerGroup--thread1] TRACE util.FileUtils (LogUtils.java:runAndLog(49)) - Successfully ran Atomic Files.move /home/runner/work/ratis/ratis/ratis-test/target/test/data/6e893928/MiniRaftClusterWithNettyff22e078/s4/750d3f39-a5f3-4ce5-8498-e71c523113b1/sm to /home/runner/work/ratis/ratis/ratis-test/target/test/data/6e893928/MiniRaftClusterWithNettyff22e078/s4/750d3f39-a5f3-4ce5-8498-e71c523113b1/sm.tmp20231210-003650_019
2023-12-10 00:36:50,019 [NettyRpcService-workerGroup--thread1] TRACE util.FileUtils (LogUtils.java:runAndLog(49)) - Successfully ran Atomic Files.move /home/runner/work/ratis/ratis/ratis-test/target/test/data/6e893928/MiniRaftClusterWithNettyff22e078/s4/750d3f39-a5f3-4ce5-8498-e71c523113b1/tmp/snapshot-229afc7e-5f5f-416b-8c5f-d05f5fad5a47 to /home/runner/work/ratis/ratis/ratis-test/target/test/data/6e893928/MiniRaftClusterWithNettyff22e078/s4/750d3f39-a5f3-4ce5-8498-e71c523113b1/sm
2023-12-10 00:36:50,019 [NettyRpcService-workerGroup--thread1] TRACE util.FileUtils (FileUtils.java:deleteFully(305)) - deleteFully /home/runner/work/ratis/ratis/ratis-test/target/test/data/6e893928/MiniRaftClusterWithNettyff22e078/s4/750d3f39-a5f3-4ce5-8498-e71c523113b1/sm.tmp20231210-003650_019
2023-12-10 00:36:50,019 [NettyRpcService-workerGroup--thread1] TRACE util.FileUtils (LogUtils.java:runAndLog(49)) - Successfully ran Files.delete /home/runner/work/ratis/ratis/ratis-test/target/test/data/6e893928/MiniRaftClusterWithNettyff22e078/s4/750d3f39-a5f3-4ce5-8498-e71c523113b1/sm.tmp20231210-003650_019
2023-12-10 00:36:50,020 [s4@group-E71C523113B1-StateMachineUpdater] INFO  impl.SimpleStateMachine4Testing (SimpleStateMachine4Testing.java:reinitialize(236)) - Reinitializing SimpleStateMachine4Testing:s4:group-E71C523113B1
2023-12-10 00:36:50,020 [NettyRpcService-workerGroup--thread1] INFO  raftlog.RaftLog (RaftLogBase.java:lambda$new$0(54)) - s4@group-E71C523113B1-SegmentedRaftLog: snapshotIndex: updateIncreasingly -1 -> 39
2023-12-10 00:36:50,020 [NettyRpcService-workerGroup--thread1] INFO  segmented.SegmentedRaftLogWorker (SegmentedRaftLogWorker.java:lambda$new$0(134)) - s4@group-E71C523113B1-SegmentedRaftLogWorker: flushIndex: setUnconditionally -1 -> 39
2023-12-10 00:36:50,020 [NettyRpcService-workerGroup--thread1] INFO  segmented.SegmentedRaftLogWorker (SegmentedRaftLogWorker.java:lambda$new$0(134)) - s4@group-E71C523113B1-SegmentedRaftLogWorker: safeCacheEvictIndex: setUnconditionally -1 -> 39
2023-12-10 00:36:50,020 [s4@group-E71C523113B1-StateMachineUpdater] TRACE util.FileUtils (LogUtils.java:supplyAndLog(69)) - Successfully supplied Files.newInputStream /home/runner/work/ratis/ratis/ratis-test/target/test/data/6e893928/MiniRaftClusterWithNettyff22e078/s4/750d3f39-a5f3-4ce5-8498-e71c523113b1/sm/snapshot.1_39.md5 with options []: sun.nio.ch.ChannelInputStream@549782c
2023-12-10 00:36:50,020 [NettyRpcService-workerGroup--thread1] TRACE util.FileUtils (LogUtils.java:supplyAndLog(69)) - Successfully supplied Files.newInputStream /home/runner/work/ratis/ratis/ratis-test/target/test/data/6e893928/MiniRaftClusterWithNettyff22e078/s4/750d3f39-a5f3-4ce5-8498-e71c523113b1/sm/snapshot.1_39.md5 with options []: sun.nio.ch.ChannelInputStream@17a22946
2023-12-10 00:36:50,020 [s4@group-E71C523113B1-StateMachineUpdater] INFO  impl.SimpleStateMachine4Testing (SimpleStateMachine4Testing.java:loadSnapshot(296)) - Loading snapshot SingleFileSnapshotInfo(t:1, i:39):[/home/runner/work/ratis/ratis/ratis-test/target/test/data/6e893928/MiniRaftClusterWithNettyff22e078/s4/750d3f39-a5f3-4ce5-8498-e71c523113b1/sm/snapshot.1_39]
2023-12-10 00:36:50,020 [NettyRpcService-workerGroup--thread1] DEBUG raftlog.RaftLog (SegmentedRaftLog.java:purgeImpl(379)) - purging segments:null
2023-12-10 00:36:50,020 [s4@group-E71C523113B1-StateMachineUpdater] TRACE util.FileUtils (LogUtils.java:supplyAndLog(69)) - Successfully supplied Files.newInputStream /home/runner/work/ratis/ratis/ratis-test/target/test/data/6e893928/MiniRaftClusterWithNettyff22e078/s4/750d3f39-a5f3-4ce5-8498-e71c523113b1/sm/snapshot.1_39 with options []: sun.nio.ch.ChannelInputStream@b8e96f5
2023-12-10 00:36:50,020 [NettyRpcService-workerGroup--thread1] INFO  impl.SnapshotInstallationHandler (SnapshotInstallationHandler.java:checkAndInstallSnapshot(194)) - s4@group-E71C523113B1: successfully install the entire snapshot-39
2023-12-10 00:36:50,021 [s4@group-E71C523113B1-StateMachineUpdater] INFO  impl.SimpleStateMachine4Testing (SimpleStateMachine4Testing.java:put(205)) - s4: put 1, m0 -> (t:1, i:1), STATEMACHINELOGENTRY, 1@client-6BD611A6EED4
2023-12-10 00:36:50,021 [s4@group-E71C523113B1-StateMachineUpdater] INFO  impl.SimpleStateMachine4Testing (SimpleStateMachine4Testing.java:put(205)) - s4: put 3, m1 -> (t:1, i:3), STATEMACHINELOGENTRY, 2@client-6BD611A6EED4
2023-12-10 00:36:50,021 [s4@group-E71C523113B1-StateMachineUpdater] INFO  impl.SimpleStateMachine4Testing (SimpleStateMachine4Testing.java:put(205)) - s4: put 5, m2 -> (t:1, i:5), STATEMACHINELOGENTRY, 3@client-6BD611A6EED4
2023-12-10 00:36:50,021 [s4@group-E71C523113B1-StateMachineUpdater] INFO  impl.SimpleStateMachine4Testing (SimpleStateMachine4Testing.java:put(205)) - s4: put 7, m3 -> (t:1, i:7), STATEMACHINELOGENTRY, 4@client-6BD611A6EED4
2023-12-10 00:36:50,021 [s4@group-E71C523113B1-StateMachineUpdater] INFO  impl.SimpleStateMachine4Testing (SimpleStateMachine4Testing.java:put(205)) - s4: put 9, m4 -> (t:1, i:9), STATEMACHINELOGENTRY, 5@client-6BD611A6EED4
2023-12-10 00:36:50,021 [s4@group-E71C523113B1-StateMachineUpdater] INFO  impl.SimpleStateMachine4Testing (SimpleStateMachine4Testing.java:put(205)) - s4: put 11, m5 -> (t:1, i:11), STATEMACHINELOGENTRY, 6@client-6BD611A6EED4
2023-12-10 00:36:50,021 [s4@group-E71C523113B1-StateMachineUpdater] INFO  impl.SimpleStateMachine4Testing (SimpleStateMachine4Testing.java:put(205)) - s4: put 13, m6 -> (t:1, i:13), STATEMACHINELOGENTRY, 7@client-6BD611A6EED4
2023-12-10 00:36:50,022 [s4@group-E71C523113B1-StateMachineUpdater] INFO  impl.SimpleStateMachine4Testing (SimpleStateMachine4Testing.java:put(205)) - s4: put 15, m7 -> (t:1, i:15), STATEMACHINELOGENTRY, 8@client-6BD611A6EED4
2023-12-10 00:36:50,022 [s4@group-E71C523113B1-StateMachineUpdater] INFO  impl.SimpleStateMachine4Testing (SimpleStateMachine4Testing.java:put(205)) - s4: put 17, m8 -> (t:1, i:17), STATEMACHINELOGENTRY, 9@client-6BD611A6EED4
2023-12-10 00:36:50,022 [s4@group-E71C523113B1-StateMachineUpdater] INFO  impl.SimpleStateMachine4Testing (SimpleStateMachine4Testing.java:put(205)) - s4: put 19, m9 -> (t:1, i:19), STATEMACHINELOGENTRY, 10@client-6BD611A6EED4
2023-12-10 00:36:50,022 [s4@group-E71C523113B1-StateMachineUpdater] INFO  impl.SimpleStateMachine4Testing (SimpleStateMachine4Testing.java:put(205)) - s4: put 21, m10 -> (t:1, i:21), STATEMACHINELOGENTRY, 11@client-6BD611A6EED4
2023-12-10 00:36:50,022 [s4@group-E71C523113B1-StateMachineUpdater] INFO  impl.SimpleStateMachine4Testing (SimpleStateMachine4Testing.java:put(205)) - s4: put 23, m11 -> (t:1, i:23), STATEMACHINELOGENTRY, 12@client-6BD611A6EED4
2023-12-10 00:36:50,022 [s4@group-E71C523113B1-StateMachineUpdater] INFO  impl.SimpleStateMachine4Testing (SimpleStateMachine4Testing.java:put(205)) - s4: put 25, m12 -> (t:1, i:25), STATEMACHINELOGENTRY, 13@client-6BD611A6EED4
2023-12-10 00:36:50,022 [NettyRpcService-workerGroup--thread1] INFO  impl.SnapshotInstallationHandler (SnapshotInstallationHandler.java:installSnapshotImpl(134)) - s4@group-E71C523113B1: set new configuration index: 41
configurationEntry {
  peers {
    id: "s3"
    address: "0.0.0.0:37561"
    clientAddress: "0.0.0.0:37561"
    adminAddress: "0.0.0.0:37561"
    startupRole: FOLLOWER
  }
  peers {
    id: "s0"
    address: "localhost:34269"
    dataStreamAddress: "localhost:34875"
    clientAddress: "localhost:35733"
    adminAddress: "localhost:41895"
    startupRole: FOLLOWER
  }
}
 from snapshot
2023-12-10 00:36:50,023 [s4@group-E71C523113B1-StateMachineUpdater] INFO  impl.SimpleStateMachine4Testing (SimpleStateMachine4Testing.java:put(205)) - s4: put 27, m13 -> (t:1, i:27), STATEMACHINELOGENTRY, 14@client-6BD611A6EED4
2023-12-10 00:36:50,023 [NettyRpcService-workerGroup--thread1] INFO  server.RaftServer$Division (ServerState.java:setRaftConf(382)) - s4@group-E71C523113B1: set configuration 41: peers:[s3|0.0.0.0:37561, s0|localhost:34269]|listeners:[], old=null
2023-12-10 00:36:50,023 [s4@group-E71C523113B1-StateMachineUpdater] INFO  impl.SimpleStateMachine4Testing (SimpleStateMachine4Testing.java:put(205)) - s4: put 29, m14 -> (t:1, i:29), STATEMACHINELOGENTRY, 15@client-6BD611A6EED4
2023-12-10 00:36:50,023 [NettyRpcService-workerGroup--thread1] TRACE util.FileUtils (LogUtils.java:supplyAndLog(69)) - Successfully supplied FileChannel.open /home/runner/work/ratis/ratis/ratis-test/target/test/data/6e893928/MiniRaftClusterWithNettyff22e078/s4/750d3f39-a5f3-4ce5-8498-e71c523113b1/current/raft-meta.conf.tmp with options [CREATE, WRITE]: sun.nio.ch.FileChannelImpl@cd8f07e
2023-12-10 00:36:50,023 [s4@group-E71C523113B1-StateMachineUpdater] INFO  impl.SimpleStateMachine4Testing (SimpleStateMachine4Testing.java:put(205)) - s4: put 31, m15 -> (t:1, i:31), STATEMACHINELOGENTRY, 16@client-6BD611A6EED4
2023-12-10 00:36:50,023 [s4@group-E71C523113B1-StateMachineUpdater] INFO  impl.SimpleStateMachine4Testing (SimpleStateMachine4Testing.java:put(205)) - s4: put 33, m16 -> (t:1, i:33), STATEMACHINELOGENTRY, 17@client-6BD611A6EED4
2023-12-10 00:36:50,023 [s4@group-E71C523113B1-StateMachineUpdater] INFO  impl.SimpleStateMachine4Testing (SimpleStateMachine4Testing.java:put(205)) - s4: put 35, m17 -> (t:1, i:35), STATEMACHINELOGENTRY, 18@client-6BD611A6EED4
2023-12-10 00:36:50,024 [s4@group-E71C523113B1-StateMachineUpdater] INFO  impl.SimpleStateMachine4Testing (SimpleStateMachine4Testing.java:put(205)) - s4: put 37, m18 -> (t:1, i:37), STATEMACHINELOGENTRY, 19@client-6BD611A6EED4
2023-12-10 00:36:50,024 [s4@group-E71C523113B1-StateMachineUpdater] INFO  impl.StateMachineUpdater (StateMachineUpdater.java:lambda$new$0(98)) - s4@group-E71C523113B1-StateMachineUpdater: snapshotIndex: setUnconditionally -1 -> 39
2023-12-10 00:36:50,024 [s4@group-E71C523113B1-StateMachineUpdater] INFO  impl.StateMachineUpdater (StateMachineUpdater.java:lambda$new$0(98)) - s4@group-E71C523113B1-StateMachineUpdater: appliedIndex: setUnconditionally -1 -> 39
2023-12-10 00:36:50,024 [NettyRpcService-workerGroup--thread1] TRACE util.FileUtils (LogUtils.java:runAndLog(49)) - Successfully ran Atomic Files.move /home/runner/work/ratis/ratis/ratis-test/target/test/data/6e893928/MiniRaftClusterWithNettyff22e078/s4/750d3f39-a5f3-4ce5-8498-e71c523113b1/current/raft-meta.conf.tmp to /home/runner/work/ratis/ratis/ratis-test/target/test/data/6e893928/MiniRaftClusterWithNettyff22e078/s4/750d3f39-a5f3-4ce5-8498-e71c523113b1/current/raft-meta.conf with options [REPLACE_EXISTING]
2023-12-10 00:36:50,024 [NettyRpcService-workerGroup--thread1] INFO  impl.SnapshotInstallationHandler (SnapshotInstallationHandler.java:installSnapshot(100)) - s4@group-E71C523113B1: reply installSnapshot: s0<-s4#0:OK-t0,SUCCESS,requestIndex=0
2023-12-10 00:36:50,025 [s0@group-E71C523113B1->s4-LogAppenderDefault-LogAppenderDaemon] INFO  leader.FollowerInfo (FollowerInfoImpl.java:info(64)) - s0@group-E71C523113B1->s4: snapshotIndex: setUnconditionally 0 -> 39
2023-12-10 00:36:50,025 [s0@group-E71C523113B1->s4-LogAppenderDefault-LogAppenderDaemon] INFO  leader.FollowerInfo (FollowerInfoImpl.java:info(64)) - s0@group-E71C523113B1->s4: matchIndex: setUnconditionally -1 -> 39
2023-12-10 00:36:50,025 [s0@group-E71C523113B1->s4-LogAppenderDefault-LogAppenderDaemon] INFO  leader.FollowerInfo (FollowerInfoImpl.java:info(64)) - s0@group-E71C523113B1->s4: nextIndex: setUnconditionally 0 -> 40
2023-12-10 00:36:50,025 [s0@group-E71C523113B1->s4-LogAppenderDefault-LogAppenderDaemon] INFO  leader.LogAppender (LogAppenderDefault.java:installSnapshot(124)) - s0@group-E71C523113B1->s4-LogAppenderDefault: installSnapshot SingleFileSnapshotInfo(t:1, i:39):[/home/runner/work/ratis/ratis/ratis-test/target/test/data/6e893928/MiniRaftClusterWithNettyff22e078/s0/750d3f39-a5f3-4ce5-8498-e71c523113b1/sm/snapshot.1_39] successfully
2023-12-10 00:36:50,025 [s0@group-E71C523113B1->s4-LogAppenderDefault-LogAppenderDaemon] INFO  leader.FollowerInfo (FollowerInfoImpl.java:setAttemptedToInstallSnapshot(154)) - Follower s0@group-E71C523113B1->s4 acknowledged installing snapshot
2023-12-10 00:36:50,027 [NettyRpcService-workerGroup--thread1] DEBUG server.RaftServer$Division (RaftServerImpl.java:logAppendEntries(1504)) - s4@group-E71C523113B1: receive appendEntries(s0, 1, (t:1, i:39), 42, false, commits:[s0:c42, s3:c41, s4:c-1], cId:26, entries: [(t:1, i:40), METADATAENTRY(c:39), (t:1, i:41), CONFIGURATIONENTRY(current:id: "s3"
address: "0.0.0.0:37561"
clientAddress: "0.0.0.0:37561"
adminAddress: "0.0.0.0:37561"
startupRole: FOLLOWER
,id: "s0"
address: "localhost:34269"
dataStreamAddress: "localhost:34875"
clientAddress: "localhost:35733"
adminAddress: "localhost:41895"
startupRole: FOLLOWER
, old:), (t:1, i:42), METADATAENTRY(c:41)]
2023-12-10 00:36:50,027 [NettyRpcService-workerGroup--thread1] INFO  server.RaftServer$Division (ServerState.java:setRaftConf(382)) - s4@group-E71C523113B1: set configuration 41: peers:[s3|0.0.0.0:37561, s0|localhost:34269]|listeners:[], old=null
2023-12-10 00:36:50,027 [NettyRpcService-workerGroup--thread1] DEBUG raftlog.RaftLog (SegmentedRaftLog.java:appendImpl(463)) - truncateIndex=-1, arrayIndex=0
2023-12-10 00:36:50,027 [NettyRpcService-workerGroup--thread1] INFO  segmented.SegmentedRaftLogWorker (SegmentedRaftLogWorker.java:startLogSegment(430)) - s4@group-E71C523113B1-SegmentedRaftLogWorker: Starting segment from index:40
2023-12-10 00:36:50,028 [s4@group-E71C523113B1-SegmentedRaftLogWorker] INFO  segmented.BufferedWriteChannel (BufferedWriteChannel.java:open(62)) - open log_inprogress_40 at position 0
2023-12-10 00:36:50,036 [s4@group-E71C523113B1-SegmentedRaftLogWorker] INFO  segmented.SegmentedRaftLogWorker (SegmentedRaftLogWorker.java:execute(634)) - s4@group-E71C523113B1-SegmentedRaftLogWorker: created new log segment /home/runner/work/ratis/ratis/ratis-test/target/test/data/6e893928/MiniRaftClusterWithNettyff22e078/s4/750d3f39-a5f3-4ce5-8498-e71c523113b1/current/log_inprogress_40
2023-12-10 00:36:50,037 [s4-server-thread1] DEBUG server.RaftServer$Division (RaftServerImpl.java:logAppendEntries(1504)) - s4@group-E71C523113B1: succeeded to handle AppendEntries. Reply: s0<-s4#26:OK-t1,SUCCESS,nextIndex=43,followerCommit=42,matchIndex=42
2023-12-10 00:36:50,037 [s4@group-E71C523113B1-StateMachineUpdater] TRACE util.FileUtils (LogUtils.java:supplyAndLog(69)) - Successfully supplied FileChannel.open /home/runner/work/ratis/ratis/ratis-test/target/test/data/6e893928/MiniRaftClusterWithNettyff22e078/s4/750d3f39-a5f3-4ce5-8498-e71c523113b1/current/raft-meta.conf.tmp with options [CREATE, WRITE]: sun.nio.ch.FileChannelImpl@fb1135c
2023-12-10 00:36:50,038 [s0@group-E71C523113B1-LeaderStateImpl] INFO  server.RaftServer$Division (ServerState.java:setRaftConf(382)) - s0@group-E71C523113B1: set configuration 43: peers:[s3|0.0.0.0:37561, s4|0.0.0.0:42103, s0|localhost:34269]|listeners:[], old=peers:[s3|0.0.0.0:37561, s0|localhost:34269]|listeners:[]
2023-12-10 00:36:50,039 [s4@group-E71C523113B1-StateMachineUpdater] TRACE util.FileUtils (LogUtils.java:runAndLog(49)) - Successfully ran Atomic Files.move /home/runner/work/ratis/ratis/ratis-test/target/test/data/6e893928/MiniRaftClusterWithNettyff22e078/s4/750d3f39-a5f3-4ce5-8498-e71c523113b1/current/raft-meta.conf.tmp to /home/runner/work/ratis/ratis/ratis-test/target/test/data/6e893928/MiniRaftClusterWithNettyff22e078/s4/750d3f39-a5f3-4ce5-8498-e71c523113b1/current/raft-meta.conf with options [REPLACE_EXISTING]
2023-12-10 00:36:50,039 [NettyRpcService-workerGroup--thread1] DEBUG server.RaftServer$Division (RaftServerImpl.java:logAppendEntries(1504)) - s3@group-E71C523113B1: receive appendEntries(s0, 1, (t:1, i:42), 42, true, commits:[s0:c42, s3:c41, s4:c42], cId:28, entries: [(t:1, i:43), CONFIGURATIONENTRY(current:id: "s3"
address: "0.0.0.0:37561"
clientAddress: "0.0.0.0:37561"
adminAddress: "0.0.0.0:37561"
startupRole: FOLLOWER
,id: "s4"
address: "0.0.0.0:42103"
clientAddress: "0.0.0.0:42103"
adminAddress: "0.0.0.0:42103"
startupRole: FOLLOWER
,id: "s0"
address: "localhost:34269"
dataStreamAddress: "localhost:34875"
clientAddress: "localhost:35733"
adminAddress: "localhost:41895"
startupRole: FOLLOWER
, old:id: "s3"
address: "0.0.0.0:37561"
clientAddress: "0.0.0.0:37561"
adminAddress: "0.0.0.0:37561"
startupRole: FOLLOWER
,id: "s0"
address: "localhost:34269"
dataStreamAddress: "localhost:34875"
clientAddress: "localhost:35733"
adminAddress: "localhost:41895"
startupRole: FOLLOWER
)]
2023-12-10 00:36:50,040 [NettyRpcService-workerGroup--thread1] INFO  server.RaftServer$Division (ServerState.java:setRaftConf(382)) - s3@group-E71C523113B1: set configuration 43: peers:[s3|0.0.0.0:37561, s4|0.0.0.0:42103, s0|localhost:34269]|listeners:[], old=peers:[s3|0.0.0.0:37561, s0|localhost:34269]|listeners:[]
2023-12-10 00:36:50,040 [NettyRpcService-workerGroup--thread1] DEBUG raftlog.RaftLog (SegmentedRaftLog.java:appendImpl(463)) - truncateIndex=-1, arrayIndex=0
2023-12-10 00:36:50,041 [NettyRpcService-workerGroup--thread1] DEBUG server.RaftServer$Division (RaftServerImpl.java:logAppendEntries(1504)) - s4@group-E71C523113B1: receive appendEntries(s0, 1, (t:1, i:42), 42, false, commits:[s0:c42, s3:c41, s4:c42], cId:27, entries: [(t:1, i:43), CONFIGURATIONENTRY(current:id: "s3"
address: "0.0.0.0:37561"
clientAddress: "0.0.0.0:37561"
adminAddress: "0.0.0.0:37561"
startupRole: FOLLOWER
,id: "s4"
address: "0.0.0.0:42103"
clientAddress: "0.0.0.0:42103"
adminAddress: "0.0.0.0:42103"
startupRole: FOLLOWER
,id: "s0"
address: "localhost:34269"
dataStreamAddress: "localhost:34875"
clientAddress: "localhost:35733"
adminAddress: "localhost:41895"
startupRole: FOLLOWER
, old:id: "s3"
address: "0.0.0.0:37561"
clientAddress: "0.0.0.0:37561"
adminAddress: "0.0.0.0:37561"
startupRole: FOLLOWER
,id: "s0"
address: "localhost:34269"
dataStreamAddress: "localhost:34875"
clientAddress: "localhost:35733"
adminAddress: "localhost:41895"
startupRole: FOLLOWER
)]
2023-12-10 00:36:50,041 [NettyRpcService-workerGroup--thread1] INFO  server.RaftServer$Division (ServerState.java:setRaftConf(382)) - s4@group-E71C523113B1: set configuration 43: peers:[s3|0.0.0.0:37561, s4|0.0.0.0:42103, s0|localhost:34269]|listeners:[], old=peers:[s3|0.0.0.0:37561, s0|localhost:34269]|listeners:[]
2023-12-10 00:36:50,041 [NettyRpcService-workerGroup--thread1] DEBUG raftlog.RaftLog (SegmentedRaftLog.java:appendImpl(463)) - truncateIndex=-1, arrayIndex=0
2023-12-10 00:36:50,042 [s4-server-thread1] DEBUG server.RaftServer$Division (RaftServerImpl.java:logAppendEntries(1504)) - s4@group-E71C523113B1: succeeded to handle AppendEntries. Reply: s0<-s4#27:OK-t1,SUCCESS,nextIndex=44,followerCommit=42,matchIndex=43
2023-12-10 00:36:50,042 [s3-server-thread1] DEBUG server.RaftServer$Division (RaftServerImpl.java:logAppendEntries(1504)) - s3@group-E71C523113B1: succeeded to handle AppendEntries. Reply: s0<-s3#28:OK-t1,SUCCESS,nextIndex=44,followerCommit=42,matchIndex=43
2023-12-10 00:36:50,044 [s0@group-E71C523113B1-StateMachineUpdater] TRACE util.FileUtils (LogUtils.java:supplyAndLog(69)) - Successfully supplied FileChannel.open /home/runner/work/ratis/ratis/ratis-test/target/test/data/6e893928/MiniRaftClusterWithNettyff22e078/s0/750d3f39-a5f3-4ce5-8498-e71c523113b1/current/raft-meta.conf.tmp with options [CREATE, WRITE]: sun.nio.ch.FileChannelImpl@7a9214dc
2023-12-10 00:36:50,045 [s0@group-E71C523113B1-LeaderStateImpl] INFO  server.RaftServer$Division (ServerState.java:setRaftConf(382)) - s0@group-E71C523113B1: set configuration 45: peers:[s3|0.0.0.0:37561, s4|0.0.0.0:42103, s0|localhost:34269]|listeners:[], old=null
2023-12-10 00:36:50,046 [NettyRpcService-workerGroup--thread1] DEBUG server.RaftServer$Division (RaftServerImpl.java:logAppendEntries(1504)) - s3@group-E71C523113B1: receive appendEntries(s0, 1, (t:1, i:43), 43, true, commits:[s0:c43, s3:c42, s4:c42], cId:29, entries: [(t:1, i:44), METADATAENTRY(c:43)]
2023-12-10 00:36:50,046 [NettyRpcService-workerGroup--thread1] DEBUG raftlog.RaftLog (SegmentedRaftLog.java:appendImpl(463)) - truncateIndex=-1, arrayIndex=0
2023-12-10 00:36:50,046 [s0@group-E71C523113B1-StateMachineUpdater] TRACE util.FileUtils (LogUtils.java:runAndLog(49)) - Successfully ran Atomic Files.move /home/runner/work/ratis/ratis/ratis-test/target/test/data/6e893928/MiniRaftClusterWithNettyff22e078/s0/750d3f39-a5f3-4ce5-8498-e71c523113b1/current/raft-meta.conf.tmp to /home/runner/work/ratis/ratis/ratis-test/target/test/data/6e893928/MiniRaftClusterWithNettyff22e078/s0/750d3f39-a5f3-4ce5-8498-e71c523113b1/current/raft-meta.conf with options [REPLACE_EXISTING]
2023-12-10 00:36:50,046 [NettyRpcService-workerGroup--thread1] DEBUG server.RaftServer$Division (RaftServerImpl.java:logAppendEntries(1504)) - s4@group-E71C523113B1: receive appendEntries(s0, 1, (t:1, i:43), 43, true, commits:[s0:c43, s3:c42, s4:c42], cId:30, entries: [(t:1, i:44), METADATAENTRY(c:43)]
2023-12-10 00:36:50,046 [NettyRpcService-workerGroup--thread1] DEBUG raftlog.RaftLog (SegmentedRaftLog.java:appendImpl(463)) - truncateIndex=-1, arrayIndex=0
2023-12-10 00:36:50,047 [s3-server-thread1] DEBUG server.RaftServer$Division (RaftServerImpl.java:logAppendEntries(1504)) - s3@group-E71C523113B1: succeeded to handle AppendEntries. Reply: s0<-s3#29:OK-t1,SUCCESS,nextIndex=45,followerCommit=43,matchIndex=44
2023-12-10 00:36:50,047 [s4-server-thread1] DEBUG server.RaftServer$Division (RaftServerImpl.java:logAppendEntries(1504)) - s4@group-E71C523113B1: succeeded to handle AppendEntries. Reply: s0<-s4#30:OK-t1,SUCCESS,nextIndex=45,followerCommit=43,matchIndex=44
2023-12-10 00:36:50,047 [s4@group-E71C523113B1-StateMachineUpdater] TRACE util.FileUtils (LogUtils.java:supplyAndLog(69)) - Successfully supplied FileChannel.open /home/runner/work/ratis/ratis/ratis-test/target/test/data/6e893928/MiniRaftClusterWithNettyff22e078/s4/750d3f39-a5f3-4ce5-8498-e71c523113b1/current/raft-meta.conf.tmp with options [CREATE, WRITE]: sun.nio.ch.FileChannelImpl@4ab39cce
2023-12-10 00:36:50,047 [s3@group-E71C523113B1-StateMachineUpdater] TRACE util.FileUtils (LogUtils.java:supplyAndLog(69)) - Successfully supplied FileChannel.open /home/runner/work/ratis/ratis/ratis-test/target/test/data/6e893928/MiniRaftClusterWithNettyff22e078/s3/750d3f39-a5f3-4ce5-8498-e71c523113b1/current/raft-meta.conf.tmp with options [CREATE, WRITE]: sun.nio.ch.FileChannelImpl@5f08fcdc
2023-12-10 00:36:50,049 [s3@group-E71C523113B1-StateMachineUpdater] TRACE util.FileUtils (LogUtils.java:runAndLog(49)) - Successfully ran Atomic Files.move /home/runner/work/ratis/ratis/ratis-test/target/test/data/6e893928/MiniRaftClusterWithNettyff22e078/s3/750d3f39-a5f3-4ce5-8498-e71c523113b1/current/raft-meta.conf.tmp to /home/runner/work/ratis/ratis/ratis-test/target/test/data/6e893928/MiniRaftClusterWithNettyff22e078/s3/750d3f39-a5f3-4ce5-8498-e71c523113b1/current/raft-meta.conf with options [REPLACE_EXISTING]
2023-12-10 00:36:50,050 [s4@group-E71C523113B1-StateMachineUpdater] TRACE util.FileUtils (LogUtils.java:runAndLog(49)) - Successfully ran Atomic Files.move /home/runner/work/ratis/ratis/ratis-test/target/test/data/6e893928/MiniRaftClusterWithNettyff22e078/s4/750d3f39-a5f3-4ce5-8498-e71c523113b1/current/raft-meta.conf.tmp to /home/runner/work/ratis/ratis/ratis-test/target/test/data/6e893928/MiniRaftClusterWithNettyff22e078/s4/750d3f39-a5f3-4ce5-8498-e71c523113b1/current/raft-meta.conf with options [REPLACE_EXISTING]
2023-12-10 00:36:50,050 [NettyRpcService-workerGroup--thread1] DEBUG server.RaftServer$Division (RaftServerImpl.java:logAppendEntries(1504)) - s4@group-E71C523113B1: receive appendEntries(s0, 1, (t:1, i:44), 44, true, commits:[s0:c44, s3:c43, s4:c43], cId:31, entries: [(t:1, i:45), CONFIGURATIONENTRY(current:id: "s3"
address: "0.0.0.0:37561"
clientAddress: "0.0.0.0:37561"
adminAddress: "0.0.0.0:37561"
startupRole: FOLLOWER
,id: "s4"
address: "0.0.0.0:42103"
clientAddress: "0.0.0.0:42103"
adminAddress: "0.0.0.0:42103"
startupRole: FOLLOWER
,id: "s0"
address: "localhost:34269"
dataStreamAddress: "localhost:34875"
clientAddress: "localhost:35733"
adminAddress: "localhost:41895"
startupRole: FOLLOWER
, old:)]
2023-12-10 00:36:50,050 [NettyRpcService-workerGroup--thread1] DEBUG server.RaftServer$Division (RaftServerImpl.java:logAppendEntries(1504)) - s3@group-E71C523113B1: receive appendEntries(s0, 1, (t:1, i:44), 44, true, commits:[s0:c44, s3:c43, s4:c43], cId:32, entries: [(t:1, i:45), CONFIGURATIONENTRY(current:id: "s3"
address: "0.0.0.0:37561"
clientAddress: "0.0.0.0:37561"
adminAddress: "0.0.0.0:37561"
startupRole: FOLLOWER
,id: "s4"
address: "0.0.0.0:42103"
clientAddress: "0.0.0.0:42103"
adminAddress: "0.0.0.0:42103"
startupRole: FOLLOWER
,id: "s0"
address: "localhost:34269"
dataStreamAddress: "localhost:34875"
clientAddress: "localhost:35733"
adminAddress: "localhost:41895"
startupRole: FOLLOWER
, old:)]
2023-12-10 00:36:50,053 [NettyRpcService-workerGroup--thread1] INFO  server.RaftServer$Division (ServerState.java:setRaftConf(382)) - s4@group-E71C523113B1: set configuration 45: peers:[s3|0.0.0.0:37561, s4|0.0.0.0:42103, s0|localhost:34269]|listeners:[], old=null
2023-12-10 00:36:50,054 [NettyRpcService-workerGroup--thread1] DEBUG raftlog.RaftLog (SegmentedRaftLog.java:appendImpl(463)) - truncateIndex=-1, arrayIndex=0
2023-12-10 00:36:50,054 [NettyRpcService-workerGroup--thread1] INFO  server.RaftServer$Division (ServerState.java:setRaftConf(382)) - s3@group-E71C523113B1: set configuration 45: peers:[s3|0.0.0.0:37561, s4|0.0.0.0:42103, s0|localhost:34269]|listeners:[], old=null
2023-12-10 00:36:50,054 [NettyRpcService-workerGroup--thread1] DEBUG raftlog.RaftLog (SegmentedRaftLog.java:appendImpl(463)) - truncateIndex=-1, arrayIndex=0
2023-12-10 00:36:50,054 [s4-server-thread1] DEBUG server.RaftServer$Division (RaftServerImpl.java:logAppendEntries(1504)) - s4@group-E71C523113B1: succeeded to handle AppendEntries. Reply: s0<-s4#31:OK-t1,SUCCESS,nextIndex=46,followerCommit=44,matchIndex=45
2023-12-10 00:36:50,055 [s3-server-thread1] DEBUG server.RaftServer$Division (RaftServerImpl.java:logAppendEntries(1504)) - s3@group-E71C523113B1: succeeded to handle AppendEntries. Reply: s0<-s3#32:OK-t1,SUCCESS,nextIndex=46,followerCommit=44,matchIndex=45
2023-12-10 00:36:50,055 [s0@group-E71C523113B1-StateMachineUpdater] TRACE util.FileUtils (LogUtils.java:supplyAndLog(69)) - Successfully supplied FileChannel.open /home/runner/work/ratis/ratis/ratis-test/target/test/data/6e893928/MiniRaftClusterWithNettyff22e078/s0/750d3f39-a5f3-4ce5-8498-e71c523113b1/current/raft-meta.conf.tmp with options [CREATE, WRITE]: sun.nio.ch.FileChannelImpl@179f05c3
2023-12-10 00:36:50,058 [NettyRpcService-workerGroup--thread1] DEBUG server.RaftServer$Division (RaftServerImpl.java:logAppendEntries(1504)) - s3@group-E71C523113B1: receive appendEntries(s0, 1, (t:1, i:45), 45, true, commits:[s0:c45, s3:c44, s4:c44], cId:33, entries: [(t:1, i:46), METADATAENTRY(c:45)]
2023-12-10 00:36:50,058 [Time-limited test] DEBUG client.RaftClient (RaftClientImpl.java:add(150)) - client-29C405092757: add replied callId 25
2023-12-10 00:36:50,058 [NettyRpcService-workerGroup--thread1] DEBUG raftlog.RaftLog (SegmentedRaftLog.java:appendImpl(463)) - truncateIndex=-1, arrayIndex=0
2023-12-10 00:36:50,059 [NettyRpcService-workerGroup--thread1] DEBUG server.RaftServer$Division (RaftServerImpl.java:logAppendEntries(1504)) - s4@group-E71C523113B1: receive appendEntries(s0, 1, (t:1, i:45), 45, true, commits:[s0:c45, s3:c44, s4:c44], cId:34, entries: [(t:1, i:46), METADATAENTRY(c:45)]
2023-12-10 00:36:50,059 [NettyRpcService-workerGroup--thread1] DEBUG raftlog.RaftLog (SegmentedRaftLog.java:appendImpl(463)) - truncateIndex=-1, arrayIndex=0
2023-12-10 00:36:50,059 [s3-server-thread1] DEBUG server.RaftServer$Division (RaftServerImpl.java:logAppendEntries(1504)) - s3@group-E71C523113B1: succeeded to handle AppendEntries. Reply: s0<-s3#33:OK-t1,SUCCESS,nextIndex=47,followerCommit=45,matchIndex=46
2023-12-10 00:36:50,059 [s4-server-thread1] DEBUG server.RaftServer$Division (RaftServerImpl.java:logAppendEntries(1504)) - s4@group-E71C523113B1: succeeded to handle AppendEntries. Reply: s0<-s4#34:OK-t1,SUCCESS,nextIndex=47,followerCommit=45,matchIndex=46
2023-12-10 00:36:50,059 [s3@group-E71C523113B1-StateMachineUpdater] TRACE util.FileUtils (LogUtils.java:supplyAndLog(69)) - Successfully supplied FileChannel.open /home/runner/work/ratis/ratis/ratis-test/target/test/data/6e893928/MiniRaftClusterWithNettyff22e078/s3/750d3f39-a5f3-4ce5-8498-e71c523113b1/current/raft-meta.conf.tmp with options [CREATE, WRITE]: sun.nio.ch.FileChannelImpl@7e0f2c8
2023-12-10 00:36:50,059 [s4@group-E71C523113B1-StateMachineUpdater] TRACE util.FileUtils (LogUtils.java:supplyAndLog(69)) - Successfully supplied FileChannel.open /home/runner/work/ratis/ratis/ratis-test/target/test/data/6e893928/MiniRaftClusterWithNettyff22e078/s4/750d3f39-a5f3-4ce5-8498-e71c523113b1/current/raft-meta.conf.tmp with options [CREATE, WRITE]: sun.nio.ch.FileChannelImpl@4f505ac
2023-12-10 00:36:50,063 [s4@group-E71C523113B1-StateMachineUpdater] TRACE util.FileUtils (LogUtils.java:runAndLog(49)) - Successfully ran Atomic Files.move /home/runner/work/ratis/ratis/ratis-test/target/test/data/6e893928/MiniRaftClusterWithNettyff22e078/s4/750d3f39-a5f3-4ce5-8498-e71c523113b1/current/raft-meta.conf.tmp to /home/runner/work/ratis/ratis/ratis-test/target/test/data/6e893928/MiniRaftClusterWithNettyff22e078/s4/750d3f39-a5f3-4ce5-8498-e71c523113b1/current/raft-meta.conf with options [REPLACE_EXISTING]
2023-12-10 00:36:50,063 [s3@group-E71C523113B1-StateMachineUpdater] TRACE util.FileUtils (LogUtils.java:runAndLog(49)) - Successfully ran Atomic Files.move /home/runner/work/ratis/ratis/ratis-test/target/test/data/6e893928/MiniRaftClusterWithNettyff22e078/s3/750d3f39-a5f3-4ce5-8498-e71c523113b1/current/raft-meta.conf.tmp to /home/runner/work/ratis/ratis/ratis-test/target/test/data/6e893928/MiniRaftClusterWithNettyff22e078/s3/750d3f39-a5f3-4ce5-8498-e71c523113b1/current/raft-meta.conf with options [REPLACE_EXISTING]
2023-12-10 00:36:50,068 [s0@group-E71C523113B1-StateMachineUpdater] TRACE util.FileUtils (LogUtils.java:runAndLog(49)) - Successfully ran Atomic Files.move /home/runner/work/ratis/ratis/ratis-test/target/test/data/6e893928/MiniRaftClusterWithNettyff22e078/s0/750d3f39-a5f3-4ce5-8498-e71c523113b1/current/raft-meta.conf.tmp to /home/runner/work/ratis/ratis/ratis-test/target/test/data/6e893928/MiniRaftClusterWithNettyff22e078/s0/750d3f39-a5f3-4ce5-8498-e71c523113b1/current/raft-meta.conf with options [REPLACE_EXISTING]
2023-12-10 00:36:50,068 [Time-limited test] INFO  server.RaftServerConfigKeys (ConfUtils.java:logGet(46)) - raft.server.rpc.timeout.max = 300ms (default)
2023-12-10 00:36:50,070 [Time-limited test] INFO  impl.RaftServerTestUtil (RaftServerTestUtil.java:waitAndCheckNewConf(94)) - waitAndCheckNewConf: peers=[s3|0.0.0.0:37561, s4|0.0.0.0:42103, s0|localhost:34269], deadPeers=null, printing ALL groups
  s3:  RUNNING  FOLLOWER s3@group-E71C523113B1:t1, leader=s0, voted=null, raftlog=Memoized:s3@group-E71C523113B1-SegmentedRaftLog:OPENED:c45, conf=45: peers:[s3|0.0.0.0:37561, s4|0.0.0.0:42103, s0|localhost:34269]|listeners:[], old=null RUNNING
  s4:  RUNNING  FOLLOWER s4@group-E71C523113B1:t1, leader=s0, voted=null, raftlog=Memoized:s4@group-E71C523113B1-SegmentedRaftLog:OPENED:c45, conf=45: peers:[s3|0.0.0.0:37561, s4|0.0.0.0:42103, s0|localhost:34269]|listeners:[], old=null RUNNING
  s0:  RUNNING    LEADER s0@group-E71C523113B1:t1, leader=s0, voted=s0, raftlog=Memoized:s0@group-E71C523113B1-SegmentedRaftLog:OPENED:c46, conf=45: peers:[s3|0.0.0.0:37561, s4|0.0.0.0:42103, s0|localhost:34269]|listeners:[], old=null RUNNING
2023-12-10 00:36:50,070 [Time-limited test] INFO  impl.RaftServerTestUtil (RaftServerTestUtil.java:waitAndCheckNewConf(103)) - checking  FOLLOWER s3@group-E71C523113B1:t1, leader=s0, voted=null, raftlog=Memoized:s3@group-E71C523113B1-SegmentedRaftLog:OPENED:c45, conf=45: peers:[s3|0.0.0.0:37561, s4|0.0.0.0:42103, s0|localhost:34269]|listeners:[], old=null RUNNING
2023-12-10 00:36:50,070 [Time-limited test] INFO  impl.RaftServerTestUtil (RaftServerTestUtil.java:waitAndCheckNewConf(103)) - checking  FOLLOWER s4@group-E71C523113B1:t1, leader=s0, voted=null, raftlog=Memoized:s4@group-E71C523113B1-SegmentedRaftLog:OPENED:c45, conf=45: peers:[s3|0.0.0.0:37561, s4|0.0.0.0:42103, s0|localhost:34269]|listeners:[], old=null RUNNING
2023-12-10 00:36:50,070 [Time-limited test] INFO  impl.RaftServerTestUtil (RaftServerTestUtil.java:waitAndCheckNewConf(103)) - checking    LEADER s0@group-E71C523113B1:t1, leader=s0, voted=s0, raftlog=Memoized:s0@group-E71C523113B1-SegmentedRaftLog:OPENED:c46, conf=45: peers:[s3|0.0.0.0:37561, s4|0.0.0.0:42103, s0|localhost:34269]|listeners:[], old=null RUNNING
2023-12-10 00:36:50,070 [Time-limited test] INFO  impl.MiniRaftCluster (MiniRaftCluster.java:shutdown(831)) - ************************************************************** 
2023-12-10 00:36:50,070 [Time-limited test] INFO  impl.MiniRaftCluster (MiniRaftCluster.java:shutdown(832)) - *** 
2023-12-10 00:36:50,070 [Time-limited test] INFO  impl.MiniRaftCluster (MiniRaftCluster.java:shutdown(833)) - ***     Stopping MiniRaftClusterWithNetty
2023-12-10 00:36:50,070 [Time-limited test] INFO  impl.MiniRaftCluster (MiniRaftCluster.java:shutdown(834)) - *** 
2023-12-10 00:36:50,070 [Time-limited test] INFO  impl.MiniRaftCluster (MiniRaftCluster.java:shutdown(835)) - ************************************************************** 
2023-12-10 00:36:50,071 [Time-limited test] INFO  impl.MiniRaftCluster (MiniRaftCluster.java:shutdown(836)) - printing ALL groups
  s3:  RUNNING  FOLLOWER s3@group-E71C523113B1:t1, leader=s0, voted=null, raftlog=Memoized:s3@group-E71C523113B1-SegmentedRaftLog:OPENED:c45, conf=45: peers:[s3|0.0.0.0:37561, s4|0.0.0.0:42103, s0|localhost:34269]|listeners:[], old=null RUNNING
  s4:  RUNNING  FOLLOWER s4@group-E71C523113B1:t1, leader=s0, voted=null, raftlog=Memoized:s4@group-E71C523113B1-SegmentedRaftLog:OPENED:c45, conf=45: peers:[s3|0.0.0.0:37561, s4|0.0.0.0:42103, s0|localhost:34269]|listeners:[], old=null RUNNING
  s0:  RUNNING    LEADER s0@group-E71C523113B1:t1, leader=s0, voted=s0, raftlog=Memoized:s0@group-E71C523113B1-SegmentedRaftLog:OPENED:c46, conf=45: peers:[s3|0.0.0.0:37561, s4|0.0.0.0:42103, s0|localhost:34269]|listeners:[], old=null RUNNING
2023-12-10 00:36:50,072 [MiniRaftCluster-2] INFO  server.RaftServer (RaftServerProxy.java:lambda$close$9(416)) - s4: close
2023-12-10 00:36:50,074 [MiniRaftCluster-3] INFO  server.RaftServer (RaftServerProxy.java:lambda$close$9(416)) - s0: close
2023-12-10 00:36:50,074 [MiniRaftCluster-1] INFO  server.RaftServer (RaftServerProxy.java:lambda$close$9(416)) - s3: close
2023-12-10 00:36:50,075 [NettyRpcService-bossGroup--thread1] INFO  logging.LoggingHandler (AbstractInternalLogger.java:log(148)) - [id: 0x3a70be19, L:/0.0.0.0:42103] CLOSE
2023-12-10 00:36:50,075 [s3-impl-thread1] INFO  server.RaftServer$Division (RaftServerImpl.java:lambda$close$3(516)) - s3@group-E71C523113B1: shutdown
2023-12-10 00:36:50,075 [NettyRpcService-bossGroup--thread1] INFO  logging.LoggingHandler (AbstractInternalLogger.java:log(148)) - [id: 0x3a70be19, L:/0.0.0.0:42103] INACTIVE
2023-12-10 00:36:50,075 [NettyRpcService-bossGroup--thread1] INFO  logging.LoggingHandler (AbstractInternalLogger.java:log(148)) - [id: 0x3a70be19, L:/0.0.0.0:42103] UNREGISTERED
2023-12-10 00:36:50,076 [s3-impl-thread1] INFO  util.JmxRegister (JmxRegister.java:unregister(73)) - Successfully un-registered JMX Bean with object name Ratis:service=RaftServer,group=group-E71C523113B1,id=s3
2023-12-10 00:36:50,075 [NettyRpcService-bossGroup--thread1] INFO  logging.LoggingHandler (AbstractInternalLogger.java:log(148)) - [id: 0x6f65029f, L:/0.0.0.0:34269] CLOSE
2023-12-10 00:36:50,075 [s0-impl-thread1] INFO  server.RaftServer$Division (RaftServerImpl.java:lambda$close$3(516)) - s0@group-E71C523113B1: shutdown
2023-12-10 00:36:50,076 [NettyRpcService-bossGroup--thread1] INFO  logging.LoggingHandler (AbstractInternalLogger.java:log(148)) - [id: 0x537c0b1c, L:/0.0.0.0:37561] CLOSE
2023-12-10 00:36:50,076 [s0-impl-thread1] INFO  util.JmxRegister (JmxRegister.java:unregister(73)) - Successfully un-registered JMX Bean with object name Ratis:service=RaftServer,group=group-E71C523113B1,id=s0
2023-12-10 00:36:50,076 [s0-impl-thread1] INFO  impl.RoleInfo (RoleInfo.java:shutdownLeaderState(94)) - s0: shutdown s0@group-E71C523113B1-LeaderStateImpl
2023-12-10 00:36:50,076 [s0-impl-thread1] INFO  impl.PendingRequests (PendingRequests.java:sendNotLeaderResponses(289)) - s0@group-E71C523113B1-PendingRequests: sendNotLeaderResponses
2023-12-10 00:36:50,076 [s0@group-E71C523113B1->s3-LogAppenderDefault-LogAppenderDaemon] INFO  leader.LogAppenderDaemon (LogAppenderDaemon.java:run(85)) - s0@group-E71C523113B1->s3-LogAppenderDefault-LogAppenderDaemon was interrupted: java.lang.InterruptedException
2023-12-10 00:36:50,075 [s4-impl-thread1] INFO  server.RaftServer$Division (RaftServerImpl.java:lambda$close$3(516)) - s4@group-E71C523113B1: shutdown
2023-12-10 00:36:50,076 [NettyRpcService-bossGroup--thread1] INFO  logging.LoggingHandler (AbstractInternalLogger.java:log(148)) - [id: 0x537c0b1c, L:/0.0.0.0:37561] INACTIVE
2023-12-10 00:36:50,077 [NettyRpcService-bossGroup--thread1] INFO  logging.LoggingHandler (AbstractInternalLogger.java:log(148)) - [id: 0x537c0b1c, L:/0.0.0.0:37561] UNREGISTERED
2023-12-10 00:36:50,076 [NettyRpcService-bossGroup--thread1] INFO  logging.LoggingHandler (AbstractInternalLogger.java:log(148)) - [id: 0x6f65029f, L:/0.0.0.0:34269] INACTIVE
2023-12-10 00:36:50,076 [s3-impl-thread1] INFO  impl.RoleInfo (RoleInfo.java:shutdownFollowerState(110)) - s3: shutdown s3@group-E71C523113B1-FollowerState
2023-12-10 00:36:50,082 [s3@group-E71C523113B1-FollowerState] INFO  impl.FollowerState (FollowerState.java:run(152)) - s3@group-E71C523113B1-FollowerState was interrupted
2023-12-10 00:36:50,077 [s0@group-E71C523113B1->s4-LogAppenderDefault-LogAppenderDaemon] INFO  leader.LogAppenderDaemon (LogAppenderDaemon.java:run(85)) - s0@group-E71C523113B1->s4-LogAppenderDefault-LogAppenderDaemon was interrupted: java.lang.InterruptedException
2023-12-10 00:36:50,077 [s4-impl-thread1] INFO  util.JmxRegister (JmxRegister.java:unregister(73)) - Successfully un-registered JMX Bean with object name Ratis:service=RaftServer,group=group-E71C523113B1,id=s4
2023-12-10 00:36:50,082 [s3-impl-thread1] INFO  impl.StateMachineUpdater (StateMachineUpdater.java:stopAndJoin(157)) - s3@group-E71C523113B1-StateMachineUpdater: set stopIndex = 45
2023-12-10 00:36:50,082 [s4-impl-thread1] INFO  impl.RoleInfo (RoleInfo.java:shutdownFollowerState(110)) - s4: shutdown s4@group-E71C523113B1-FollowerState
2023-12-10 00:36:50,082 [s4-impl-thread1] INFO  impl.StateMachineUpdater (StateMachineUpdater.java:stopAndJoin(157)) - s4@group-E71C523113B1-StateMachineUpdater: set stopIndex = 45
2023-12-10 00:36:50,084 [s3@group-E71C523113B1-StateMachineUpdater] INFO  segmented.BufferedWriteChannel (BufferedWriteChannel.java:open(62)) - open snapshot.1_45 at position 0
2023-12-10 00:36:50,086 [NettyRpcService-bossGroup--thread1] INFO  logging.LoggingHandler (AbstractInternalLogger.java:log(148)) - [id: 0x6f65029f, L:/0.0.0.0:34269] UNREGISTERED
2023-12-10 00:36:50,088 [s4@group-E71C523113B1-StateMachineUpdater] INFO  segmented.BufferedWriteChannel (BufferedWriteChannel.java:open(62)) - open snapshot.1_45 at position 0
2023-12-10 00:36:50,092 [s3@group-E71C523113B1-StateMachineUpdater] TRACE util.FileUtils (LogUtils.java:supplyAndLog(69)) - Successfully supplied FileChannel.open /home/runner/work/ratis/ratis/ratis-test/target/test/data/6e893928/MiniRaftClusterWithNettyff22e078/s3/750d3f39-a5f3-4ce5-8498-e71c523113b1/sm/snapshot.1_45 with options [READ]: sun.nio.ch.FileChannelImpl@400bd47f
2023-12-10 00:36:50,093 [s3@group-E71C523113B1-StateMachineUpdater] TRACE util.FileUtils (LogUtils.java:supplyAndLog(69)) - Successfully supplied FileChannel.open /home/runner/work/ratis/ratis/ratis-test/target/test/data/6e893928/MiniRaftClusterWithNettyff22e078/s3/750d3f39-a5f3-4ce5-8498-e71c523113b1/sm/snapshot.1_45.md5.tmp with options [CREATE, WRITE]: sun.nio.ch.FileChannelImpl@6c8d610
2023-12-10 00:36:50,093 [s3@group-E71C523113B1-StateMachineUpdater] TRACE util.FileUtils (LogUtils.java:runAndLog(49)) - Successfully ran Atomic Files.move /home/runner/work/ratis/ratis/ratis-test/target/test/data/6e893928/MiniRaftClusterWithNettyff22e078/s3/750d3f39-a5f3-4ce5-8498-e71c523113b1/sm/snapshot.1_45.md5.tmp to /home/runner/work/ratis/ratis/ratis-test/target/test/data/6e893928/MiniRaftClusterWithNettyff22e078/s3/750d3f39-a5f3-4ce5-8498-e71c523113b1/sm/snapshot.1_45.md5 with options [REPLACE_EXISTING]
2023-12-10 00:36:50,093 [s3@group-E71C523113B1-StateMachineUpdater] INFO  impl.StateMachineUpdater (StateMachineUpdater.java:takeSnapshot(295)) - s3@group-E71C523113B1-StateMachineUpdater: Took a snapshot at index 45
2023-12-10 00:36:50,093 [s3@group-E71C523113B1-StateMachineUpdater] INFO  impl.StateMachineUpdater (StateMachineUpdater.java:lambda$new$0(98)) - s3@group-E71C523113B1-StateMachineUpdater: snapshotIndex: updateIncreasingly 39 -> 45
2023-12-10 00:36:50,082 [s4@group-E71C523113B1-FollowerState] INFO  impl.FollowerState (FollowerState.java:run(152)) - s4@group-E71C523113B1-FollowerState was interrupted
2023-12-10 00:36:50,104 [s4@group-E71C523113B1-StateMachineUpdater] TRACE util.FileUtils (LogUtils.java:supplyAndLog(69)) - Successfully supplied FileChannel.open /home/runner/work/ratis/ratis/ratis-test/target/test/data/6e893928/MiniRaftClusterWithNettyff22e078/s4/750d3f39-a5f3-4ce5-8498-e71c523113b1/sm/snapshot.1_45 with options [READ]: sun.nio.ch.FileChannelImpl@7bb312f9
2023-12-10 00:36:50,104 [s4@group-E71C523113B1-StateMachineUpdater] TRACE util.FileUtils (LogUtils.java:supplyAndLog(69)) - Successfully supplied FileChannel.open /home/runner/work/ratis/ratis/ratis-test/target/test/data/6e893928/MiniRaftClusterWithNettyff22e078/s4/750d3f39-a5f3-4ce5-8498-e71c523113b1/sm/snapshot.1_45.md5.tmp with options [CREATE, WRITE]: sun.nio.ch.FileChannelImpl@7c1fd520
2023-12-10 00:36:50,105 [s3-impl-thread1] INFO  server.RaftServer$Division (ServerState.java:close(423)) - s3@group-E71C523113B1: applyIndex: 45
2023-12-10 00:36:50,105 [s3@group-E71C523113B1-cacheEviction-AwaitToRun] INFO  util.AwaitToRun (AwaitToRun.java:run(49)) - s3@group-E71C523113B1-cacheEviction-AwaitToRun-AwaitForSignal is interrupted
2023-12-10 00:36:50,105 [s4@group-E71C523113B1-StateMachineUpdater] TRACE util.FileUtils (LogUtils.java:runAndLog(49)) - Successfully ran Atomic Files.move /home/runner/work/ratis/ratis/ratis-test/target/test/data/6e893928/MiniRaftClusterWithNettyff22e078/s4/750d3f39-a5f3-4ce5-8498-e71c523113b1/sm/snapshot.1_45.md5.tmp to /home/runner/work/ratis/ratis/ratis-test/target/test/data/6e893928/MiniRaftClusterWithNettyff22e078/s4/750d3f39-a5f3-4ce5-8498-e71c523113b1/sm/snapshot.1_45.md5 with options [REPLACE_EXISTING]
2023-12-10 00:36:50,105 [s4@group-E71C523113B1-StateMachineUpdater] INFO  impl.StateMachineUpdater (StateMachineUpdater.java:takeSnapshot(295)) - s4@group-E71C523113B1-StateMachineUpdater: Took a snapshot at index 45
2023-12-10 00:36:50,105 [s4@group-E71C523113B1-StateMachineUpdater] INFO  impl.StateMachineUpdater (StateMachineUpdater.java:lambda$new$0(98)) - s4@group-E71C523113B1-StateMachineUpdater: snapshotIndex: updateIncreasingly 39 -> 45
2023-12-10 00:36:50,105 [s0-impl-thread1] INFO  impl.StateMachineUpdater (StateMachineUpdater.java:stopAndJoin(157)) - s0@group-E71C523113B1-StateMachineUpdater: set stopIndex = 46
2023-12-10 00:36:50,110 [s0@group-E71C523113B1-StateMachineUpdater] INFO  segmented.BufferedWriteChannel (BufferedWriteChannel.java:open(62)) - open snapshot.1_46 at position 0
2023-12-10 00:36:50,110 [s4-impl-thread1] INFO  server.RaftServer$Division (ServerState.java:close(423)) - s4@group-E71C523113B1: applyIndex: 45
2023-12-10 00:36:50,114 [s4@group-E71C523113B1-cacheEviction-AwaitToRun] INFO  util.AwaitToRun (AwaitToRun.java:run(49)) - s4@group-E71C523113B1-cacheEviction-AwaitToRun-AwaitForSignal is interrupted
2023-12-10 00:36:50,124 [s0@group-E71C523113B1-StateMachineUpdater] TRACE util.FileUtils (LogUtils.java:supplyAndLog(69)) - Successfully supplied FileChannel.open /home/runner/work/ratis/ratis/ratis-test/target/test/data/6e893928/MiniRaftClusterWithNettyff22e078/s0/750d3f39-a5f3-4ce5-8498-e71c523113b1/sm/snapshot.1_46 with options [READ]: sun.nio.ch.FileChannelImpl@31c2d545
2023-12-10 00:36:50,124 [s0@group-E71C523113B1-StateMachineUpdater] TRACE util.FileUtils (LogUtils.java:supplyAndLog(69)) - Successfully supplied FileChannel.open /home/runner/work/ratis/ratis/ratis-test/target/test/data/6e893928/MiniRaftClusterWithNettyff22e078/s0/750d3f39-a5f3-4ce5-8498-e71c523113b1/sm/snapshot.1_46.md5.tmp with options [CREATE, WRITE]: sun.nio.ch.FileChannelImpl@2bd6fba
2023-12-10 00:36:50,125 [s0@group-E71C523113B1-StateMachineUpdater] TRACE util.FileUtils (LogUtils.java:runAndLog(49)) - Successfully ran Atomic Files.move /home/runner/work/ratis/ratis/ratis-test/target/test/data/6e893928/MiniRaftClusterWithNettyff22e078/s0/750d3f39-a5f3-4ce5-8498-e71c523113b1/sm/snapshot.1_46.md5.tmp to /home/runner/work/ratis/ratis/ratis-test/target/test/data/6e893928/MiniRaftClusterWithNettyff22e078/s0/750d3f39-a5f3-4ce5-8498-e71c523113b1/sm/snapshot.1_46.md5 with options [REPLACE_EXISTING]
2023-12-10 00:36:50,125 [s0@group-E71C523113B1-StateMachineUpdater] INFO  impl.StateMachineUpdater (StateMachineUpdater.java:takeSnapshot(295)) - s0@group-E71C523113B1-StateMachineUpdater: Took a snapshot at index 46
2023-12-10 00:36:50,126 [s0@group-E71C523113B1-StateMachineUpdater] INFO  impl.StateMachineUpdater (StateMachineUpdater.java:lambda$new$0(98)) - s0@group-E71C523113B1-StateMachineUpdater: snapshotIndex: updateIncreasingly 39 -> 46
2023-12-10 00:36:50,126 [s0-impl-thread1] INFO  server.RaftServer$Division (ServerState.java:close(423)) - s0@group-E71C523113B1: applyIndex: 46
2023-12-10 00:36:50,126 [s0@group-E71C523113B1-cacheEviction-AwaitToRun] INFO  util.AwaitToRun (AwaitToRun.java:run(49)) - s0@group-E71C523113B1-cacheEviction-AwaitToRun-AwaitForSignal is interrupted
2023-12-10 00:36:51,060 [s3-impl-thread1] INFO  segmented.SegmentedRaftLogWorker (SegmentedRaftLogWorker.java:close(245)) - s3@group-E71C523113B1-SegmentedRaftLogWorker close()
2023-12-10 00:36:51,060 [s4-impl-thread1] INFO  segmented.SegmentedRaftLogWorker (SegmentedRaftLogWorker.java:close(245)) - s4@group-E71C523113B1-SegmentedRaftLogWorker close()
2023-12-10 00:36:51,060 [s0-impl-thread1] INFO  segmented.SegmentedRaftLogWorker (SegmentedRaftLogWorker.java:close(245)) - s0@group-E71C523113B1-SegmentedRaftLogWorker close()
2023-12-10 00:36:51,064 [JvmPauseMonitor0] INFO  util.JvmPauseMonitor (JvmPauseMonitor.java:run(152)) - JvmPauseMonitor-s0: Stopped
2023-12-10 00:36:51,064 [JvmPauseMonitor1] INFO  util.JvmPauseMonitor (JvmPauseMonitor.java:run(152)) - JvmPauseMonitor-s3: Stopped
2023-12-10 00:36:51,064 [JvmPauseMonitor2] INFO  util.JvmPauseMonitor (JvmPauseMonitor.java:run(152)) - JvmPauseMonitor-s4: Stopped
2023-12-10 00:36:51,065 [Time-limited test] INFO  impl.MiniRaftCluster (MiniRaftCluster.java:shutdown(855)) - MiniRaftClusterWithNetty shutdown completed
2023-12-10 00:36:51,065 [Time-limited test] INFO  impl.MiniRaftCluster (MiniRaftCluster.java:shutdown(831)) - ************************************************************** 
2023-12-10 00:36:51,065 [Time-limited test] INFO  impl.MiniRaftCluster (MiniRaftCluster.java:shutdown(832)) - *** 
2023-12-10 00:36:51,065 [Time-limited test] INFO  impl.MiniRaftCluster (MiniRaftCluster.java:shutdown(833)) - ***     Stopping MiniRaftClusterWithNetty
2023-12-10 00:36:51,065 [Time-limited test] INFO  impl.MiniRaftCluster (MiniRaftCluster.java:shutdown(834)) - *** 
2023-12-10 00:36:51,066 [Time-limited test] INFO  impl.MiniRaftCluster (MiniRaftCluster.java:shutdown(835)) - ************************************************************** 
2023-12-10 00:36:51,066 [Time-limited test] INFO  impl.MiniRaftCluster (MiniRaftCluster.java:shutdown(836)) - printing ALL groups
  s3:   CLOSED  FOLLOWER s3@group-E71C523113B1:t1, leader=s0, voted=null, raftlog=Memoized:s3@group-E71C523113B1-SegmentedRaftLog:CLOSED:c45, conf=45: peers:[s3|0.0.0.0:37561, s4|0.0.0.0:42103, s0|localhost:34269]|listeners:[], old=null CLOSED
  s4:   CLOSED  FOLLOWER s4@group-E71C523113B1:t1, leader=s0, voted=null, raftlog=Memoized:s4@group-E71C523113B1-SegmentedRaftLog:CLOSED:c45, conf=45: peers:[s3|0.0.0.0:37561, s4|0.0.0.0:42103, s0|localhost:34269]|listeners:[], old=null CLOSED
  s0:   CLOSED    LEADER s0@group-E71C523113B1:t1, leader=s0, voted=s0, raftlog=Memoized:s0@group-E71C523113B1-SegmentedRaftLog:CLOSED:c46, conf=45: peers:[s3|0.0.0.0:37561, s4|0.0.0.0:42103, s0|localhost:34269]|listeners:[], old=null CLOSED
2023-12-10 00:36:51,067 [Time-limited test] INFO  impl.MiniRaftCluster (MiniRaftCluster.java:shutdown(855)) - MiniRaftClusterWithNetty shutdown completed
]]></system-out>
  </testcase>
  <testcase name="testRestartPeer" classname="org.apache.ratis.netty.TestRaftSnapshotWithNetty" time="2.786">
    <system-out><![CDATA[2023-12-10 00:36:51,068 [main] INFO  util.LogUtils (Slf4jUtils.java:setLogLevel(38)) - Successfully set org.apache.ratis.conf.ConfUtils log level to WARN
2023-12-10 00:36:51,068 [main] INFO  util.LogUtils (Slf4jUtils.java:setLogLevel(38)) - Successfully set org.apache.ratis.util.FileUtils log level to TRACE
2023-12-10 00:36:51,068 [main] INFO  util.LogUtils (Slf4jUtils.java:setLogLevel(38)) - Successfully set org.apache.ratis.server.RaftServer$Division log level to DEBUG
2023-12-10 00:36:51,068 [main] INFO  util.LogUtils (Slf4jUtils.java:setLogLevel(38)) - Successfully set org.apache.ratis.server.raftlog.RaftLog log level to DEBUG
2023-12-10 00:36:51,068 [main] INFO  util.LogUtils (Slf4jUtils.java:setLogLevel(38)) - Successfully set org.apache.ratis.client.RaftClient log level to DEBUG
2023-12-10 00:36:51,069 [Time-limited test] INFO  impl.MiniRaftCluster (MiniRaftCluster.java:<init>(306)) - new MiniRaftClusterWithNetty with group-0047F0BA6773:[s0|localhost:33743]
2023-12-10 00:36:51,069 [Time-limited test] INFO  impl.MiniRaftCluster (MiniRaftCluster.java:start(339)) - .............................................................. 
2023-12-10 00:36:51,069 [Time-limited test] INFO  impl.MiniRaftCluster (MiniRaftCluster.java:start(340)) - ... 
2023-12-10 00:36:51,069 [Time-limited test] INFO  impl.MiniRaftCluster (MiniRaftCluster.java:start(341)) - ...     Starting MiniRaftClusterWithNetty
2023-12-10 00:36:51,069 [Time-limited test] INFO  impl.MiniRaftCluster (MiniRaftCluster.java:start(342)) - ... 
2023-12-10 00:36:51,069 [Time-limited test] INFO  impl.MiniRaftCluster (MiniRaftCluster.java:start(343)) - .............................................................. 
2023-12-10 00:36:51,069 [Time-limited test] INFO  impl.MiniRaftCluster (MiniRaftCluster.java:initServers(318)) - servers = {}
2023-12-10 00:36:51,069 [Time-limited test] INFO  impl.MiniRaftCluster (MiniRaftCluster.java:newRaftServer(382)) - newRaftServer: s0, group-0047F0BA6773:[s0|localhost:33743], format? true
2023-12-10 00:36:51,069 [Time-limited test] TRACE util.FileUtils (FileUtils.java:deleteFully(305)) - deleteFully target/test/data/6e893928/MiniRaftClusterWithNetty17500450/s0
2023-12-10 00:36:51,069 [Time-limited test] TRACE util.FileUtils (FileUtils.java:deleteFully(318)) - deleteFully: target/test/data/6e893928/MiniRaftClusterWithNetty17500450/s0 does not exist.
2023-12-10 00:36:51,070 [Time-limited test] INFO  impl.MiniRaftCluster (MiniRaftCluster.java:newRaftServer(387)) - Formatted directory target/test/data/6e893928/MiniRaftClusterWithNetty17500450/s0
2023-12-10 00:36:51,070 [Time-limited test] INFO  server.RaftServer (ConfUtils.java:logGet(46)) - raft.rpc.type = NETTY (custom)
2023-12-10 00:36:51,070 [Time-limited test] INFO  netty.NettyConfigKeys$Server (ConfUtils.java:logGet(46)) - raft.netty.server.use-epoll = true (default)
2023-12-10 00:36:51,070 [Time-limited test] INFO  netty.NettyUtils (NettyUtils.java:newEventLoopGroup(69)) - Create EpollEventLoopGroup for NettyRpcService-bossGroup; Thread size is 0.
2023-12-10 00:36:51,070 [Time-limited test] INFO  netty.NettyUtils (NettyUtils.java:newEventLoopGroup(69)) - Create EpollEventLoopGroup for NettyRpcService-workerGroup; Thread size is 0.
2023-12-10 00:36:51,071 [Time-limited test] INFO  netty.NettyConfigKeys$Server (ConfUtils.java:logGet(46)) - raft.netty.server.host = null (default)
2023-12-10 00:36:51,071 [Time-limited test] INFO  netty.NettyConfigKeys$Server (ConfUtils.java:logGet(46)) - raft.netty.server.port = 33743 (custom)
2023-12-10 00:36:51,071 [Time-limited test] INFO  impl.DataStreamServerImpl (ConfUtils.java:logGet(46)) - raft.datastream.type = DISABLED (default)
2023-12-10 00:36:51,071 [Time-limited test] INFO  server.RaftServerConfigKeys (ConfUtils.java:logGet(46)) - raft.server.sleep.deviation.threshold = 300ms (default)
2023-12-10 00:36:51,071 [Time-limited test] INFO  server.RaftServerConfigKeys (ConfUtils.java:logGet(46)) - raft.server.close.threshold = 60s (default)
2023-12-10 00:36:51,071 [Time-limited test] INFO  server.RaftServerConfigKeys (ConfUtils.java:logGet(46)) - raft.server.leaderelection.leader.step-down.wait-time = 10s (default)
2023-12-10 00:36:51,072 [Time-limited test] INFO  server.RaftServerConfigKeys (ConfUtils.java:logGet(46)) - raft.server.storage.dir = [/home/runner/work/ratis/ratis/ratis-test/target/test/data/6e893928/MiniRaftClusterWithNetty17500450/s0] (custom)
2023-12-10 00:36:51,072 [Time-limited test] INFO  server.RaftServerConfigKeys (ConfUtils.java:logGet(46)) - raft.server.threadpool.proxy.cached = true (default)
2023-12-10 00:36:51,072 [Time-limited test] INFO  server.RaftServerConfigKeys (ConfUtils.java:logGet(46)) - raft.server.threadpool.proxy.size = 0 (default)
2023-12-10 00:36:51,072 [Time-limited test] INFO  server.RaftServer (RaftServerProxy.java:addNew(100)) - s0: addNew group-0047F0BA6773:[s0|localhost:33743] returns group-0047F0BA6773:java.util.concurrent.CompletableFuture@6ba02ec7[Not completed]
2023-12-10 00:36:51,072 [s0-groupManagement] INFO  netty.NettyUtils (NettyUtils.java:newEventLoopGroup(69)) - Create EpollEventLoopGroup for s0; Thread size is 0.
2023-12-10 00:36:51,073 [s0-groupManagement] INFO  server.RaftServerConfigKeys (ConfUtils.java:logGet(46)) - raft.server.log.segment.size.max = 32MB (=33554432) (default)
2023-12-10 00:36:51,073 [s0-groupManagement] INFO  server.RaftServerConfigKeys (ConfUtils.java:logGet(46)) - raft.server.log.preallocated.size = 4MB (=4194304) (default)
2023-12-10 00:36:51,073 [s0-groupManagement] INFO  server.RaftServerConfigKeys (ConfUtils.java:logGet(46)) - raft.server.log.write.buffer.size = 8MB (=8388608) (default)
2023-12-10 00:36:51,073 [s0-groupManagement] INFO  server.RaftServer$Division (RaftServerImpl.java:<init>(256)) - s0: new RaftServerImpl for group-0047F0BA6773:[s0|localhost:33743] with SimpleStateMachine4Testing:uninitialized
2023-12-10 00:36:51,073 [s0-groupManagement] INFO  server.RaftServerConfigKeys (ConfUtils.java:logGet(46)) - raft.server.rpc.timeout.min = 150ms (default)
2023-12-10 00:36:51,073 [s0-groupManagement] INFO  server.RaftServerConfigKeys (ConfUtils.java:logGet(46)) - raft.server.rpc.timeout.max = 300ms (default)
2023-12-10 00:36:51,073 [s0-groupManagement] INFO  server.RaftServerConfigKeys (ConfUtils.java:logGet(46)) - raft.server.rpc.sleep.time = 25ms (default)
2023-12-10 00:36:51,073 [s0-groupManagement] INFO  server.RaftServerConfigKeys (ConfUtils.java:logGet(46)) - raft.server.rpc.slowness.timeout = 60s (default)
2023-12-10 00:36:51,073 [s0-groupManagement] INFO  server.RaftServerConfigKeys (ConfUtils.java:logGet(46)) - raft.server.leaderelection.leader.step-down.wait-time = 10s (default)
2023-12-10 00:36:51,073 [s0-groupManagement] INFO  server.RaftServerConfigKeys (ConfUtils.java:logGet(46)) - raft.server.leaderelection.member.majority-add = false (default)
2023-12-10 00:36:51,073 [s0-groupManagement] INFO  server.RaftServerConfigKeys (ConfUtils.java:logGet(46)) - raft.server.sleep.deviation.threshold = 300ms (default)
2023-12-10 00:36:51,073 [s0-groupManagement] INFO  server.RaftServer$Division (ServerState.java:<init>(113)) - s0@group-0047F0BA6773: ConfigurationManager, init=-1: peers:[s0|localhost:33743]|listeners:[], old=null, confs=<EMPTY_MAP>
2023-12-10 00:36:51,073 [s0-groupManagement] INFO  server.RaftServerConfigKeys (ConfUtils.java:logGet(46)) - raft.server.notification.no-leader.timeout = 60s (default)
2023-12-10 00:36:51,073 [s0-groupManagement] INFO  server.RaftServerConfigKeys (ConfUtils.java:logGet(46)) - raft.server.read.timeout = 10s (default)
2023-12-10 00:36:51,073 [s0-groupManagement] INFO  server.RaftServerConfigKeys (ConfUtils.java:logGet(46)) - raft.server.retrycache.expirytime = 60s (default)
2023-12-10 00:36:51,073 [s0-groupManagement] INFO  server.RaftServerConfigKeys (ConfUtils.java:logGet(46)) - raft.server.retrycache.statistics.expirytime = 100ms (default)
2023-12-10 00:36:51,073 [s0-groupManagement] INFO  server.RaftServerConfigKeys (ConfUtils.java:logGet(46)) - raft.server.read.option = DEFAULT (default)
2023-12-10 00:36:51,073 [s0-groupManagement] INFO  server.RaftServerConfigKeys (ConfUtils.java:logGet(46)) - raft.server.read.read-after-write-consistent.write-index-cache.expiry-time = 60s (default)
2023-12-10 00:36:51,075 [s0-groupManagement] INFO  server.RaftServerConfigKeys (ConfUtils.java:logGet(46)) - raft.server.rpc.request.timeout = 3000ms (default)
2023-12-10 00:36:51,075 [s0-groupManagement] INFO  server.RaftServerConfigKeys (ConfUtils.java:logGet(46)) - raft.server.log.appender.install.snapshot.enabled = true (default)
2023-12-10 00:36:51,075 [s0-groupManagement] INFO  server.RaftServerConfigKeys (ConfUtils.java:logGet(46)) - raft.server.threadpool.server.cached = true (default)
2023-12-10 00:36:51,075 [s0-groupManagement] INFO  server.RaftServerConfigKeys (ConfUtils.java:logGet(46)) - raft.server.threadpool.server.size = 0 (default)
2023-12-10 00:36:51,075 [s0-groupManagement] INFO  server.RaftServerConfigKeys (ConfUtils.java:logGet(46)) - raft.server.threadpool.client.cached = true (default)
2023-12-10 00:36:51,075 [s0-groupManagement] INFO  server.RaftServerConfigKeys (ConfUtils.java:logGet(46)) - raft.server.threadpool.client.size = 0 (default)
2023-12-10 00:36:51,075 [s0-impl-thread1] INFO  server.RaftServerConfigKeys (ConfUtils.java:logGet(46)) - raft.server.storage.free-space.min = 0MB (=0) (default)
2023-12-10 00:36:51,075 [s0-impl-thread1] INFO  server.RaftServerConfigKeys (ConfUtils.java:logGet(46)) - raft.server.log.corruption.policy = EXCEPTION (default)
2023-12-10 00:36:51,075 [s0-impl-thread1] INFO  server.RaftServerConfigKeys (ConfUtils.java:logGet(46)) - raft.server.storage.dir = [/home/runner/work/ratis/ratis/ratis-test/target/test/data/6e893928/MiniRaftClusterWithNetty17500450/s0] (custom)
2023-12-10 00:36:51,076 [s0-impl-thread1] INFO  storage.RaftStorageDirectory (RaftStorageDirectoryImpl.java:analyzeStorage(138)) - The storage directory /home/runner/work/ratis/ratis/ratis-test/target/test/data/6e893928/MiniRaftClusterWithNetty17500450/s0/b231a3ec-616e-4d54-854d-0047f0ba6773 does not exist. Creating ...
2023-12-10 00:36:51,076 [s0-impl-thread1] TRACE util.FileUtils (LogUtils.java:runAndLog(49)) - Successfully ran Files.createDirectories /home/runner/work/ratis/ratis/ratis-test/target/test/data/6e893928/MiniRaftClusterWithNetty17500450/s0/b231a3ec-616e-4d54-854d-0047f0ba6773
2023-12-10 00:36:51,077 [s0-impl-thread1] INFO  storage.RaftStorageDirectory (RaftStorageDirectoryImpl.java:tryLock(228)) - Lock on /home/runner/work/ratis/ratis/ratis-test/target/test/data/6e893928/MiniRaftClusterWithNetty17500450/s0/b231a3ec-616e-4d54-854d-0047f0ba6773/in_use.lock acquired by nodename 6805@fv-az1103-11
2023-12-10 00:36:51,077 [s0-impl-thread1] TRACE util.FileUtils (LogUtils.java:runAndLog(49)) - Successfully ran Files.createDirectories /home/runner/work/ratis/ratis/ratis-test/target/test/data/6e893928/MiniRaftClusterWithNetty17500450/s0/b231a3ec-616e-4d54-854d-0047f0ba6773/current
2023-12-10 00:36:51,077 [s0-impl-thread1] TRACE util.FileUtils (LogUtils.java:runAndLog(49)) - Successfully ran Files.createDirectories /home/runner/work/ratis/ratis/ratis-test/target/test/data/6e893928/MiniRaftClusterWithNetty17500450/s0/b231a3ec-616e-4d54-854d-0047f0ba6773/sm
2023-12-10 00:36:51,077 [s0-impl-thread1] TRACE util.FileUtils (LogUtils.java:supplyAndLog(69)) - Successfully supplied FileChannel.open /home/runner/work/ratis/ratis/ratis-test/target/test/data/6e893928/MiniRaftClusterWithNetty17500450/s0/b231a3ec-616e-4d54-854d-0047f0ba6773/current/raft-meta.tmp with options [CREATE, WRITE]: sun.nio.ch.FileChannelImpl@502efa63
2023-12-10 00:36:51,078 [s0-impl-thread1] TRACE util.FileUtils (LogUtils.java:runAndLog(49)) - Successfully ran Atomic Files.move /home/runner/work/ratis/ratis/ratis-test/target/test/data/6e893928/MiniRaftClusterWithNetty17500450/s0/b231a3ec-616e-4d54-854d-0047f0ba6773/current/raft-meta.tmp to /home/runner/work/ratis/ratis/ratis-test/target/test/data/6e893928/MiniRaftClusterWithNetty17500450/s0/b231a3ec-616e-4d54-854d-0047f0ba6773/current/raft-meta with options [REPLACE_EXISTING]
2023-12-10 00:36:51,078 [s0-impl-thread1] INFO  storage.RaftStorage (RaftStorageImpl.java:format(99)) - Storage directory /home/runner/work/ratis/ratis/ratis-test/target/test/data/6e893928/MiniRaftClusterWithNetty17500450/s0/b231a3ec-616e-4d54-854d-0047f0ba6773 has been successfully formatted.
2023-12-10 00:36:51,078 [s0-impl-thread1] TRACE util.FileUtils (LogUtils.java:supplyAndLog(61)) - Failed to Files.newInputStream /home/runner/work/ratis/ratis/ratis-test/target/test/data/6e893928/MiniRaftClusterWithNetty17500450/s0/b231a3ec-616e-4d54-854d-0047f0ba6773/current/raft-meta.conf with options []
java.nio.file.NoSuchFileException: /home/runner/work/ratis/ratis/ratis-test/target/test/data/6e893928/MiniRaftClusterWithNetty17500450/s0/b231a3ec-616e-4d54-854d-0047f0ba6773/current/raft-meta.conf
	at java.base/sun.nio.fs.UnixException.translateToIOException(UnixException.java:92)
	at java.base/sun.nio.fs.UnixException.rethrowAsIOException(UnixException.java:111)
	at java.base/sun.nio.fs.UnixException.rethrowAsIOException(UnixException.java:116)
	at java.base/sun.nio.fs.UnixFileSystemProvider.newByteChannel(UnixFileSystemProvider.java:219)
	at java.base/java.nio.file.Files.newByteChannel(Files.java:371)
	at java.base/java.nio.file.Files.newByteChannel(Files.java:422)
	at java.base/java.nio.file.spi.FileSystemProvider.newInputStream(FileSystemProvider.java:420)
	at java.base/java.nio.file.Files.newInputStream(Files.java:156)
	at org.apache.ratis.util.FileUtils.lambda$newInputStream$2(FileUtils.java:73)
	at org.apache.ratis.util.LogUtils.supplyAndLog(LogUtils.java:58)
	at org.apache.ratis.util.FileUtils.newInputStream(FileUtils.java:72)
	at org.apache.ratis.util.FileUtils.newInputStream(FileUtils.java:68)
	at org.apache.ratis.server.storage.RaftStorageImpl.readRaftConfiguration(RaftStorageImpl.java:156)
	at org.apache.ratis.server.impl.ServerState.initialize(ServerState.java:141)
	at org.apache.ratis.server.impl.RaftServerImpl.start(RaftServerImpl.java:388)
	at org.apache.ratis.util.ConcurrentUtils.accept(ConcurrentUtils.java:203)
	at org.apache.ratis.util.ConcurrentUtils.lambda$parallelForEachAsync$4(ConcurrentUtils.java:182)
	at java.base/java.util.concurrent.ThreadPoolExecutor.runWorker(ThreadPoolExecutor.java:1128)
	at java.base/java.util.concurrent.ThreadPoolExecutor$Worker.run(ThreadPoolExecutor.java:628)
	at java.base/java.lang.Thread.run(Thread.java:829)
2023-12-10 00:36:51,079 [s0-impl-thread1] INFO  impl.SimpleStateMachine4Testing (SimpleStateMachine4Testing.java:initialize(213)) - Initializing SimpleStateMachine4Testing:uninitialized
2023-12-10 00:36:51,079 [s0-impl-thread1] INFO  impl.SimpleStateMachine4Testing (SimpleStateMachine4Testing.java:loadSnapshot(296)) - Loading snapshot null
2023-12-10 00:36:51,079 [s0-impl-thread1] INFO  server.RaftServerConfigKeys (ConfUtils.java:logGet(46)) - raft.server.log.use.memory = false (default)
2023-12-10 00:36:51,079 [s0-impl-thread1] INFO  server.RaftServerConfigKeys (ConfUtils.java:logGet(46)) - raft.server.log.purge.gap = 1024 (default)
2023-12-10 00:36:51,079 [s0-impl-thread1] INFO  server.RaftServerConfigKeys (ConfUtils.java:logGet(46)) - raft.server.log.appender.buffer.byte-limit = 4MB (=4194304) (default)
2023-12-10 00:36:51,079 [s0-impl-thread1] INFO  server.RaftServerConfigKeys (ConfUtils.java:logGet(46)) - raft.server.log.statemachine.data.read.timeout = 1000ms (default)
2023-12-10 00:36:51,079 [s0-impl-thread1] INFO  server.RaftServerConfigKeys (ConfUtils.java:logGet(46)) - raft.server.log.purge.preservation.log.num = 0 (default)
2023-12-10 00:36:51,080 [s0-impl-thread1] INFO  server.RaftServerConfigKeys (ConfUtils.java:logGet(46)) - raft.server.log.segment.size.max = 32MB (=33554432) (default)
2023-12-10 00:36:51,080 [s0-impl-thread1] INFO  server.RaftServerConfigKeys (ConfUtils.java:logGet(46)) - raft.server.log.segment.cache.num.max = 6 (default)
2023-12-10 00:36:51,080 [s0-impl-thread1] INFO  server.RaftServerConfigKeys (ConfUtils.java:logGet(46)) - raft.server.log.segment.cache.size.max = 200MB (=209715200) (default)
2023-12-10 00:36:51,080 [s0-impl-thread1] INFO  server.RaftServerConfigKeys (ConfUtils.java:logGet(46)) - raft.server.log.appender.buffer.byte-limit = 4MB (=4194304) (default)
2023-12-10 00:36:51,080 [s0-impl-thread1] INFO  util.AwaitToRun (AwaitToRun.java:start(81)) - Thread[s0@group-0047F0BA6773-cacheEviction-AwaitToRun,5,main] started
2023-12-10 00:36:51,080 [s0-impl-thread1] INFO  segmented.SegmentedRaftLogWorker (SegmentedRaftLogWorker.java:<init>(182)) - new s0@group-0047F0BA6773-SegmentedRaftLogWorker for RaftStorageImpl:Storage Directory /home/runner/work/ratis/ratis/ratis-test/target/test/data/6e893928/MiniRaftClusterWithNetty17500450/s0/b231a3ec-616e-4d54-854d-0047f0ba6773
2023-12-10 00:36:51,080 [s0-impl-thread1] INFO  server.RaftServerConfigKeys (ConfUtils.java:logGet(46)) - raft.server.log.queue.byte-limit = 64MB (=67108864) (default)
2023-12-10 00:36:51,080 [s0-impl-thread1] INFO  server.RaftServerConfigKeys (ConfUtils.java:logGet(46)) - raft.server.log.queue.element-limit = 4096 (default)
2023-12-10 00:36:51,080 [s0-impl-thread1] INFO  server.RaftServerConfigKeys (ConfUtils.java:logGet(46)) - raft.server.log.segment.size.max = 32MB (=33554432) (default)
2023-12-10 00:36:51,080 [s0-impl-thread1] INFO  server.RaftServerConfigKeys (ConfUtils.java:logGet(46)) - raft.server.log.preallocated.size = 4MB (=4194304) (default)
2023-12-10 00:36:51,080 [s0-impl-thread1] INFO  server.RaftServerConfigKeys (ConfUtils.java:logGet(46)) - raft.server.log.force.sync.num = 128 (default)
2023-12-10 00:36:51,080 [s0-impl-thread1] INFO  server.RaftServerConfigKeys (ConfUtils.java:logGet(46)) - raft.server.log.statemachine.data.sync = true (default)
2023-12-10 00:36:51,080 [s0-impl-thread1] INFO  server.RaftServerConfigKeys (ConfUtils.java:logGet(46)) - raft.server.log.statemachine.data.sync.timeout = 10s (default)
2023-12-10 00:36:51,080 [s0-impl-thread1] INFO  server.RaftServerConfigKeys (ConfUtils.java:logGet(46)) - raft.server.log.statemachine.data.sync.timeout.retry = -1 (default)
2023-12-10 00:36:51,081 [s0-impl-thread1] INFO  server.RaftServerConfigKeys (ConfUtils.java:logGet(46)) - raft.server.log.write.buffer.size = 8MB (=8388608) (default)
2023-12-10 00:36:51,082 [s0-impl-thread1] INFO  server.RaftServerConfigKeys (ConfUtils.java:logGet(46)) - raft.server.log.appender.buffer.byte-limit = 4MB (=4194304) (default)
2023-12-10 00:36:51,082 [s0-impl-thread1] INFO  server.RaftServerConfigKeys (ConfUtils.java:logGet(46)) - raft.server.log.unsafe-flush.enabled = false (default)
2023-12-10 00:36:51,082 [s0-impl-thread1] INFO  server.RaftServerConfigKeys (ConfUtils.java:logGet(46)) - raft.server.log.async-flush.enabled = false (default)
2023-12-10 00:36:51,082 [s0-impl-thread1] INFO  server.RaftServerConfigKeys (ConfUtils.java:logGet(46)) - raft.server.log.statemachine.data.caching.enabled = false (default)
2023-12-10 00:36:51,082 [s0-impl-thread1] INFO  segmented.SegmentedRaftLogWorker (SegmentedRaftLogWorker.java:lambda$new$0(134)) - s0@group-0047F0BA6773-SegmentedRaftLogWorker: flushIndex: setUnconditionally 0 -> -1
2023-12-10 00:36:51,082 [s0-impl-thread1] INFO  segmented.SegmentedRaftLogWorker (SegmentedRaftLogWorker.java:lambda$new$0(134)) - s0@group-0047F0BA6773-SegmentedRaftLogWorker: safeCacheEvictIndex: setUnconditionally 0 -> -1
2023-12-10 00:36:51,082 [s0-impl-thread1] INFO  server.RaftServer$Division (RaftServerImpl.java:start(392)) - s0@group-0047F0BA6773: start as a follower, conf=-1: peers:[s0|localhost:33743]|listeners:[], old=null
2023-12-10 00:36:51,082 [s0-impl-thread1] INFO  server.RaftServer$Division (RaftServerImpl.java:setRole(379)) - s0@group-0047F0BA6773: changes role from      null to FOLLOWER at term 0 for startAsFollower
2023-12-10 00:36:51,082 [s0-impl-thread1] INFO  impl.RoleInfo (RoleInfo.java:updateAndGet(139)) - s0: start s0@group-0047F0BA6773-FollowerState
2023-12-10 00:36:51,083 [s0@group-0047F0BA6773-FollowerState] INFO  server.RaftServerConfigKeys (ConfUtils.java:logFallback(53)) - raft.server.rpc.first-election.timeout.min = 150ms (fallback to raft.server.rpc.timeout.min)
2023-12-10 00:36:51,083 [s0-impl-thread1] INFO  util.JmxRegister (JmxRegister.java:tryRegister(44)) - Successfully registered JMX Bean with object name Ratis:service=RaftServer,group=group-0047F0BA6773,id=s0
2023-12-10 00:36:51,083 [s0@group-0047F0BA6773-FollowerState] INFO  server.RaftServerConfigKeys (ConfUtils.java:logFallback(53)) - raft.server.rpc.first-election.timeout.max = 300ms (fallback to raft.server.rpc.timeout.max)
2023-12-10 00:36:51,083 [s0-impl-thread1] INFO  server.RaftServerConfigKeys (ConfUtils.java:logGet(46)) - raft.server.snapshot.trigger-when-stop.enabled = true (default)
2023-12-10 00:36:51,083 [s0-impl-thread1] INFO  server.RaftServerConfigKeys (ConfUtils.java:logGet(46)) - raft.server.snapshot.auto.trigger.enabled = true (custom)
2023-12-10 00:36:51,083 [s0-impl-thread1] INFO  server.RaftServerConfigKeys (ConfUtils.java:logGet(46)) - raft.server.snapshot.auto.trigger.threshold = 10 (custom)
2023-12-10 00:36:51,083 [s0-impl-thread1] INFO  server.RaftServerConfigKeys (ConfUtils.java:logGet(46)) - raft.server.snapshot.retention.file.num = -1 (default)
2023-12-10 00:36:51,083 [s0-impl-thread1] INFO  server.RaftServerConfigKeys (ConfUtils.java:logGet(46)) - raft.server.log.purge.upto.snapshot.index = false (default)
2023-12-10 00:36:51,083 [Time-limited test] INFO  server.RaftServer (RaftServerProxy.java:startImpl(406)) - s0: start RPC server
2023-12-10 00:36:51,084 [NettyRpcService-bossGroup--thread1] INFO  logging.LoggingHandler (AbstractInternalLogger.java:log(148)) - [id: 0x1097a3da] REGISTERED
2023-12-10 00:36:51,084 [NettyRpcService-bossGroup--thread1] INFO  logging.LoggingHandler (AbstractInternalLogger.java:log(148)) - [id: 0x1097a3da] BIND: 0.0.0.0/0.0.0.0:33743
2023-12-10 00:36:51,084 [NettyRpcService-bossGroup--thread1] INFO  logging.LoggingHandler (AbstractInternalLogger.java:log(148)) - [id: 0x1097a3da, L:/0.0.0.0:33743] ACTIVE
2023-12-10 00:36:51,086 [JvmPauseMonitor3] INFO  util.JvmPauseMonitor (JvmPauseMonitor.java:run(146)) - JvmPauseMonitor-s0: Started
2023-12-10 00:36:51,086 [Time-limited test] INFO  server.RaftServerConfigKeys (ConfUtils.java:logGet(46)) - raft.server.rpc.timeout.max = 300ms (default)
2023-12-10 00:36:51,087 [Time-limited test] INFO  ratis.RaftTestUtil (RaftTestUtil.java:waitForLeader(100)) - printing ALL groups
  s0:  RUNNING  FOLLOWER s0@group-0047F0BA6773:t0, leader=null, voted=, raftlog=Memoized:s0@group-0047F0BA6773-SegmentedRaftLog:OPENED:c-1, conf=-1: peers:[s0|localhost:33743]|listeners:[], old=null RUNNING
2023-12-10 00:36:51,087 [Time-limited test] WARN  ratis.RaftTestUtil (RaftTestUtil.java:lambda$waitForLeader$3(119)) - Attempt #1 failed: java.lang.IllegalStateException: No leader yet : printing ALL groups
  s0:  RUNNING  FOLLOWER s0@group-0047F0BA6773:t0, leader=null, voted=, raftlog=Memoized:s0@group-0047F0BA6773-SegmentedRaftLog:OPENED:c-1, conf=-1: peers:[s0|localhost:33743]|listeners:[], old=null RUNNING
2023-12-10 00:36:51,316 [s0@group-0047F0BA6773-FollowerState] INFO  impl.FollowerState (FollowerState.java:run(143)) - s0@group-0047F0BA6773-FollowerState: change to CANDIDATE, lastRpcElapsedTime:233460638ns, electionTimeout:233ms
2023-12-10 00:36:51,316 [s0@group-0047F0BA6773-FollowerState] INFO  impl.RoleInfo (RoleInfo.java:shutdownFollowerState(110)) - s0: shutdown s0@group-0047F0BA6773-FollowerState
2023-12-10 00:36:51,316 [s0@group-0047F0BA6773-FollowerState] INFO  server.RaftServer$Division (RaftServerImpl.java:setRole(379)) - s0@group-0047F0BA6773: changes role from  FOLLOWER to CANDIDATE at term 0 for changeToCandidate
2023-12-10 00:36:51,316 [s0@group-0047F0BA6773-FollowerState] INFO  server.RaftServerConfigKeys (ConfUtils.java:logGet(46)) - raft.server.leaderelection.pre-vote = true (default)
2023-12-10 00:36:51,317 [s0@group-0047F0BA6773-FollowerState] INFO  impl.RoleInfo (RoleInfo.java:updateAndGet(139)) - s0: start s0@group-0047F0BA6773-LeaderElection2
2023-12-10 00:36:51,317 [s0@group-0047F0BA6773-LeaderElection2] INFO  impl.LeaderElection (LeaderElection.java:askForVotes(321)) - s0@group-0047F0BA6773-LeaderElection2 PRE_VOTE round 0: submit vote requests at term 0 for -1: peers:[s0|localhost:33743]|listeners:[], old=null
2023-12-10 00:36:51,317 [s0@group-0047F0BA6773-LeaderElection2] INFO  impl.LeaderElection (LeaderElection.java:askForVotes(323)) - s0@group-0047F0BA6773-LeaderElection2 PRE_VOTE round 0: result PASSED (term=0)
2023-12-10 00:36:51,317 [s0@group-0047F0BA6773-LeaderElection2] TRACE util.FileUtils (LogUtils.java:supplyAndLog(69)) - Successfully supplied FileChannel.open /home/runner/work/ratis/ratis/ratis-test/target/test/data/6e893928/MiniRaftClusterWithNetty17500450/s0/b231a3ec-616e-4d54-854d-0047f0ba6773/current/raft-meta.tmp with options [CREATE, WRITE]: sun.nio.ch.FileChannelImpl@3dd41d41
2023-12-10 00:36:51,318 [s0@group-0047F0BA6773-LeaderElection2] TRACE util.FileUtils (LogUtils.java:runAndLog(49)) - Successfully ran Atomic Files.move /home/runner/work/ratis/ratis/ratis-test/target/test/data/6e893928/MiniRaftClusterWithNetty17500450/s0/b231a3ec-616e-4d54-854d-0047f0ba6773/current/raft-meta.tmp to /home/runner/work/ratis/ratis/ratis-test/target/test/data/6e893928/MiniRaftClusterWithNetty17500450/s0/b231a3ec-616e-4d54-854d-0047f0ba6773/current/raft-meta with options [REPLACE_EXISTING]
2023-12-10 00:36:51,318 [s0@group-0047F0BA6773-LeaderElection2] INFO  impl.LeaderElection (LeaderElection.java:askForVotes(321)) - s0@group-0047F0BA6773-LeaderElection2 ELECTION round 0: submit vote requests at term 1 for -1: peers:[s0|localhost:33743]|listeners:[], old=null
2023-12-10 00:36:51,318 [s0@group-0047F0BA6773-LeaderElection2] INFO  impl.LeaderElection (LeaderElection.java:askForVotes(323)) - s0@group-0047F0BA6773-LeaderElection2 ELECTION round 0: result PASSED (term=1)
2023-12-10 00:36:51,319 [s0@group-0047F0BA6773-LeaderElection2] INFO  impl.RoleInfo (RoleInfo.java:shutdownLeaderElection(130)) - s0: shutdown s0@group-0047F0BA6773-LeaderElection2
2023-12-10 00:36:51,319 [s0@group-0047F0BA6773-LeaderElection2] INFO  server.RaftServer$Division (RaftServerImpl.java:setRole(379)) - s0@group-0047F0BA6773: changes role from CANDIDATE to LEADER at term 1 for changeToLeader
2023-12-10 00:36:51,319 [s0@group-0047F0BA6773-LeaderElection2] INFO  server.RaftServerConfigKeys (ConfUtils.java:logGet(46)) - raft.server.staging.catchup.gap = 1000 (default)
2023-12-10 00:36:51,319 [s0@group-0047F0BA6773-LeaderElection2] INFO  server.RaftServerConfigKeys (ConfUtils.java:logGet(46)) - raft.server.write.element-limit = 4096 (default)
2023-12-10 00:36:51,319 [s0@group-0047F0BA6773-LeaderElection2] INFO  server.RaftServerConfigKeys (ConfUtils.java:logGet(46)) - raft.server.write.byte-limit = 64MB (=67108864) (default)
2023-12-10 00:36:51,319 [s0@group-0047F0BA6773-LeaderElection2] INFO  server.RaftServerConfigKeys (ConfUtils.java:logGet(46)) - raft.server.watch.timeout = 10s (default)
2023-12-10 00:36:51,319 [s0@group-0047F0BA6773-LeaderElection2] INFO  server.RaftServerConfigKeys (ConfUtils.java:logGet(46)) - raft.server.watch.timeout.denomination = 1s (default)
2023-12-10 00:36:51,319 [s0@group-0047F0BA6773-LeaderElection2] INFO  server.RaftServerConfigKeys (ConfUtils.java:logGet(46)) - raft.server.watch.element-limit = 65536 (default)
2023-12-10 00:36:51,319 [s0@group-0047F0BA6773-LeaderElection2] INFO  server.RaftServerConfigKeys (ConfUtils.java:logGet(46)) - raft.server.read.leader.lease.enabled = false (default)
2023-12-10 00:36:51,319 [s0@group-0047F0BA6773-LeaderElection2] INFO  server.RaftServerConfigKeys (ConfUtils.java:logGet(46)) - raft.server.read.leader.lease.timeout.ratio = 0.9 (default)
2023-12-10 00:36:51,319 [s0@group-0047F0BA6773-LeaderElection2] INFO  server.RaftServerConfigKeys (ConfUtils.java:logGet(46)) - raft.server.rpc.timeout.min = 150ms (default)
2023-12-10 00:36:51,319 [s0@group-0047F0BA6773-LeaderElection2] INFO  server.RaftServerConfigKeys (ConfUtils.java:logGet(46)) - raft.server.write.element-limit = 4096 (default)
2023-12-10 00:36:51,319 [s0@group-0047F0BA6773-LeaderElection2] INFO  server.RaftServerConfigKeys (ConfUtils.java:logGet(46)) - raft.server.write.follower.gap.ratio.max = -1.0 (default)
2023-12-10 00:36:51,320 [s0@group-0047F0BA6773-LeaderElection2] INFO  impl.RoleInfo (RoleInfo.java:updateAndGet(139)) - s0: start s0@group-0047F0BA6773-LeaderStateImpl
2023-12-10 00:36:51,320 [s0@group-0047F0BA6773-LeaderElection2] INFO  server.RaftServer$Division (RaftServerImpl.java:setFirstElection(564)) - s0@group-0047F0BA6773: set firstElectionSinceStartup to false for becomeLeader
2023-12-10 00:36:51,320 [s0@group-0047F0BA6773-LeaderElection2] INFO  server.RaftServer$Division (ServerState.java:setLeader(265)) - s0@group-0047F0BA6773: change Leader from null to s0 at term 1 for becomeLeader, leader elected after 246ms
2023-12-10 00:36:51,320 [s0@group-0047F0BA6773-LeaderElection2] INFO  segmented.SegmentedRaftLogWorker (SegmentedRaftLogWorker.java:startLogSegment(430)) - s0@group-0047F0BA6773-SegmentedRaftLogWorker: Starting segment from index:0
2023-12-10 00:36:51,320 [s0@group-0047F0BA6773-LeaderElection2] INFO  server.RaftServer$Division (ServerState.java:setRaftConf(382)) - s0@group-0047F0BA6773: set configuration 0: peers:[s0|localhost:33743]|listeners:[], old=null
2023-12-10 00:36:51,320 [s0@group-0047F0BA6773-SegmentedRaftLogWorker] INFO  segmented.BufferedWriteChannel (BufferedWriteChannel.java:open(62)) - open log_inprogress_0 at position 0
2023-12-10 00:36:51,329 [s0@group-0047F0BA6773-SegmentedRaftLogWorker] INFO  segmented.SegmentedRaftLogWorker (SegmentedRaftLogWorker.java:execute(634)) - s0@group-0047F0BA6773-SegmentedRaftLogWorker: created new log segment /home/runner/work/ratis/ratis/ratis-test/target/test/data/6e893928/MiniRaftClusterWithNetty17500450/s0/b231a3ec-616e-4d54-854d-0047f0ba6773/current/log_inprogress_0
2023-12-10 00:36:51,330 [s0@group-0047F0BA6773-StateMachineUpdater] TRACE util.FileUtils (LogUtils.java:supplyAndLog(69)) - Successfully supplied FileChannel.open /home/runner/work/ratis/ratis/ratis-test/target/test/data/6e893928/MiniRaftClusterWithNetty17500450/s0/b231a3ec-616e-4d54-854d-0047f0ba6773/current/raft-meta.conf.tmp with options [CREATE, WRITE]: sun.nio.ch.FileChannelImpl@7f515e43
2023-12-10 00:36:51,331 [s0@group-0047F0BA6773-StateMachineUpdater] TRACE util.FileUtils (LogUtils.java:runAndLog(49)) - Successfully ran Atomic Files.move /home/runner/work/ratis/ratis/ratis-test/target/test/data/6e893928/MiniRaftClusterWithNetty17500450/s0/b231a3ec-616e-4d54-854d-0047f0ba6773/current/raft-meta.conf.tmp to /home/runner/work/ratis/ratis/ratis-test/target/test/data/6e893928/MiniRaftClusterWithNetty17500450/s0/b231a3ec-616e-4d54-854d-0047f0ba6773/current/raft-meta.conf with options [REPLACE_EXISTING]
2023-12-10 00:36:51,331 [s0@group-0047F0BA6773-StateMachineUpdater] INFO  server.RaftServer$Division (LeaderStateImpl.java:isApplied(320)) - leader is ready since appliedIndex == 0 >= startIndex == 0
2023-12-10 00:36:51,537 [Time-limited test] INFO  ratis.RaftTestUtil (RaftTestUtil.java:waitForLeader(124)) - printing ALL groups
  s0:  RUNNING    LEADER s0@group-0047F0BA6773:t1, leader=s0, voted=s0, raftlog=Memoized:s0@group-0047F0BA6773-SegmentedRaftLog:OPENED:c0, conf=0: peers:[s0|localhost:33743]|listeners:[], old=null RUNNING
2023-12-10 00:36:51,538 [Time-limited test] DEBUG client.RaftClient (ConfUtils.java:logGet(46)) - raft.rpc.type = NETTY (custom)
2023-12-10 00:36:51,538 [Time-limited test] INFO  netty.NettyUtils (NettyUtils.java:newEventLoopGroup(69)) - Create EpollEventLoopGroup for client-56F68A1643EC; Thread size is 0.
2023-12-10 00:36:51,538 [Time-limited test] DEBUG client.RaftClient (RaftClientImpl.java:get(162)) - client-56F68A1643EC: get 35 returns []
2023-12-10 00:36:51,539 [NettyRpcService-bossGroup--thread1] INFO  logging.LoggingHandler (AbstractInternalLogger.java:log(148)) - [id: 0x1097a3da, L:/0.0.0.0:33743] READ: [id: 0x5cc0d773, L:/127.0.0.1:33743 - R:/127.0.0.1:45712]
2023-12-10 00:36:51,540 [NettyRpcService-bossGroup--thread1] INFO  logging.LoggingHandler (AbstractInternalLogger.java:log(148)) - [id: 0x1097a3da, L:/0.0.0.0:33743] READ COMPLETE
2023-12-10 00:36:51,540 [NettyRpcService-workerGroup--thread1] DEBUG server.RaftServer$Division (RaftServerImpl.java:submitClientRequestAsync(893)) - s0@group-0047F0BA6773: receive client request(RaftClientRequest:client-56F68A1643EC->s0@group-0047F0BA6773, cid=35, seq=null, RW, Message:6d30)
2023-12-10 00:36:51,541 [NettyRpcService-workerGroup--thread1] DEBUG server.RaftServer$Division (LeaderStateImpl.java:addPendingRequest(522)) - s0@group-0047F0BA6773-LeaderStateImpl: addPendingRequest at RaftClientRequest:client-56F68A1643EC->s0@group-0047F0BA6773, cid=35, seq=null, RW, Message:6d30, entry=(t:1, i:1), STATEMACHINELOGENTRY, 35@client-56F68A1643EC
2023-12-10 00:36:51,542 [s0@group-0047F0BA6773-StateMachineUpdater] INFO  impl.SimpleStateMachine4Testing (SimpleStateMachine4Testing.java:applyTransaction(248)) - applyTransaction for log index 1
2023-12-10 00:36:51,542 [s0@group-0047F0BA6773-StateMachineUpdater] INFO  impl.SimpleStateMachine4Testing (SimpleStateMachine4Testing.java:put(205)) - s0: put 1, m0 -> (t:1, i:1), STATEMACHINELOGENTRY, 35@client-56F68A1643EC
2023-12-10 00:36:51,543 [Time-limited test] DEBUG client.RaftClient (RaftClientImpl.java:add(150)) - client-56F68A1643EC: add replied callId 35
2023-12-10 00:36:51,543 [Time-limited test] DEBUG client.RaftClient (RaftClientImpl.java:get(162)) - client-56F68A1643EC: get 36 returns [35]
2023-12-10 00:36:51,543 [NettyRpcService-workerGroup--thread1] DEBUG server.RaftServer$Division (RaftServerImpl.java:submitClientRequestAsync(893)) - s0@group-0047F0BA6773: receive client request(RaftClientRequest:client-56F68A1643EC->s0@group-0047F0BA6773, cid=36, seq=null, RW, Message:6d31)
2023-12-10 00:36:51,544 [NettyRpcService-workerGroup--thread1] DEBUG server.RaftServer$Division (LeaderStateImpl.java:addPendingRequest(522)) - s0@group-0047F0BA6773-LeaderStateImpl: addPendingRequest at RaftClientRequest:client-56F68A1643EC->s0@group-0047F0BA6773, cid=36, seq=null, RW, Message:6d31, entry=(t:1, i:3), STATEMACHINELOGENTRY, 36@client-56F68A1643EC
2023-12-10 00:36:51,546 [s0@group-0047F0BA6773-StateMachineUpdater] INFO  impl.SimpleStateMachine4Testing (SimpleStateMachine4Testing.java:applyTransaction(248)) - applyTransaction for log index 3
2023-12-10 00:36:51,546 [s0@group-0047F0BA6773-StateMachineUpdater] INFO  impl.SimpleStateMachine4Testing (SimpleStateMachine4Testing.java:put(205)) - s0: put 3, m1 -> (t:1, i:3), STATEMACHINELOGENTRY, 36@client-56F68A1643EC
2023-12-10 00:36:51,546 [Time-limited test] DEBUG client.RaftClient (RaftClientImpl.java:add(150)) - client-56F68A1643EC: add replied callId 36
2023-12-10 00:36:51,547 [Time-limited test] DEBUG client.RaftClient (RaftClientImpl.java:get(162)) - client-56F68A1643EC: get 37 returns [36]
2023-12-10 00:36:51,547 [NettyRpcService-workerGroup--thread1] DEBUG server.RaftServer$Division (RaftServerImpl.java:submitClientRequestAsync(893)) - s0@group-0047F0BA6773: receive client request(RaftClientRequest:client-56F68A1643EC->s0@group-0047F0BA6773, cid=37, seq=null, RW, Message:6d32)
2023-12-10 00:36:51,547 [NettyRpcService-workerGroup--thread1] DEBUG server.RaftServer$Division (LeaderStateImpl.java:addPendingRequest(522)) - s0@group-0047F0BA6773-LeaderStateImpl: addPendingRequest at RaftClientRequest:client-56F68A1643EC->s0@group-0047F0BA6773, cid=37, seq=null, RW, Message:6d32, entry=(t:1, i:5), STATEMACHINELOGENTRY, 37@client-56F68A1643EC
2023-12-10 00:36:51,548 [s0@group-0047F0BA6773-StateMachineUpdater] INFO  impl.SimpleStateMachine4Testing (SimpleStateMachine4Testing.java:applyTransaction(248)) - applyTransaction for log index 5
2023-12-10 00:36:51,548 [s0@group-0047F0BA6773-StateMachineUpdater] INFO  impl.SimpleStateMachine4Testing (SimpleStateMachine4Testing.java:put(205)) - s0: put 5, m2 -> (t:1, i:5), STATEMACHINELOGENTRY, 37@client-56F68A1643EC
2023-12-10 00:36:51,548 [Time-limited test] DEBUG client.RaftClient (RaftClientImpl.java:add(150)) - client-56F68A1643EC: add replied callId 37
2023-12-10 00:36:51,548 [Time-limited test] DEBUG client.RaftClient (RaftClientImpl.java:get(162)) - client-56F68A1643EC: get 38 returns [37]
2023-12-10 00:36:51,549 [NettyRpcService-workerGroup--thread1] DEBUG server.RaftServer$Division (RaftServerImpl.java:submitClientRequestAsync(893)) - s0@group-0047F0BA6773: receive client request(RaftClientRequest:client-56F68A1643EC->s0@group-0047F0BA6773, cid=38, seq=null, RW, Message:6d33)
2023-12-10 00:36:51,549 [NettyRpcService-workerGroup--thread1] DEBUG server.RaftServer$Division (LeaderStateImpl.java:addPendingRequest(522)) - s0@group-0047F0BA6773-LeaderStateImpl: addPendingRequest at RaftClientRequest:client-56F68A1643EC->s0@group-0047F0BA6773, cid=38, seq=null, RW, Message:6d33, entry=(t:1, i:7), STATEMACHINELOGENTRY, 38@client-56F68A1643EC
2023-12-10 00:36:51,550 [s0@group-0047F0BA6773-StateMachineUpdater] INFO  impl.SimpleStateMachine4Testing (SimpleStateMachine4Testing.java:applyTransaction(248)) - applyTransaction for log index 7
2023-12-10 00:36:51,550 [s0@group-0047F0BA6773-StateMachineUpdater] INFO  impl.SimpleStateMachine4Testing (SimpleStateMachine4Testing.java:put(205)) - s0: put 7, m3 -> (t:1, i:7), STATEMACHINELOGENTRY, 38@client-56F68A1643EC
2023-12-10 00:36:51,550 [Time-limited test] DEBUG client.RaftClient (RaftClientImpl.java:add(150)) - client-56F68A1643EC: add replied callId 38
2023-12-10 00:36:51,550 [Time-limited test] DEBUG client.RaftClient (RaftClientImpl.java:get(162)) - client-56F68A1643EC: get 39 returns [38]
2023-12-10 00:36:51,551 [NettyRpcService-workerGroup--thread1] DEBUG server.RaftServer$Division (RaftServerImpl.java:submitClientRequestAsync(893)) - s0@group-0047F0BA6773: receive client request(RaftClientRequest:client-56F68A1643EC->s0@group-0047F0BA6773, cid=39, seq=null, RW, Message:6d34)
2023-12-10 00:36:51,551 [NettyRpcService-workerGroup--thread1] DEBUG server.RaftServer$Division (LeaderStateImpl.java:addPendingRequest(522)) - s0@group-0047F0BA6773-LeaderStateImpl: addPendingRequest at RaftClientRequest:client-56F68A1643EC->s0@group-0047F0BA6773, cid=39, seq=null, RW, Message:6d34, entry=(t:1, i:9), STATEMACHINELOGENTRY, 39@client-56F68A1643EC
2023-12-10 00:36:51,551 [s0@group-0047F0BA6773-StateMachineUpdater] INFO  impl.SimpleStateMachine4Testing (SimpleStateMachine4Testing.java:applyTransaction(248)) - applyTransaction for log index 9
2023-12-10 00:36:51,551 [s0@group-0047F0BA6773-StateMachineUpdater] INFO  impl.SimpleStateMachine4Testing (SimpleStateMachine4Testing.java:put(205)) - s0: put 9, m4 -> (t:1, i:9), STATEMACHINELOGENTRY, 39@client-56F68A1643EC
2023-12-10 00:36:51,553 [s0@group-0047F0BA6773-StateMachineUpdater] INFO  segmented.BufferedWriteChannel (BufferedWriteChannel.java:open(62)) - open snapshot.1_9 at position 0
2023-12-10 00:36:51,554 [Time-limited test] DEBUG client.RaftClient (RaftClientImpl.java:add(150)) - client-56F68A1643EC: add replied callId 39
2023-12-10 00:36:51,554 [Time-limited test] DEBUG client.RaftClient (RaftClientImpl.java:get(162)) - client-56F68A1643EC: get 40 returns [39]
2023-12-10 00:36:51,555 [NettyRpcService-workerGroup--thread1] DEBUG server.RaftServer$Division (RaftServerImpl.java:submitClientRequestAsync(893)) - s0@group-0047F0BA6773: receive client request(RaftClientRequest:client-56F68A1643EC->s0@group-0047F0BA6773, cid=40, seq=null, RW, Message:6d35)
2023-12-10 00:36:51,555 [NettyRpcService-workerGroup--thread1] DEBUG server.RaftServer$Division (LeaderStateImpl.java:addPendingRequest(522)) - s0@group-0047F0BA6773-LeaderStateImpl: addPendingRequest at RaftClientRequest:client-56F68A1643EC->s0@group-0047F0BA6773, cid=40, seq=null, RW, Message:6d35, entry=(t:1, i:11), STATEMACHINELOGENTRY, 40@client-56F68A1643EC
2023-12-10 00:36:51,561 [s0@group-0047F0BA6773-StateMachineUpdater] TRACE util.FileUtils (LogUtils.java:supplyAndLog(69)) - Successfully supplied FileChannel.open /home/runner/work/ratis/ratis/ratis-test/target/test/data/6e893928/MiniRaftClusterWithNetty17500450/s0/b231a3ec-616e-4d54-854d-0047f0ba6773/sm/snapshot.1_9 with options [READ]: sun.nio.ch.FileChannelImpl@7196bfd9
2023-12-10 00:36:51,562 [s0@group-0047F0BA6773-StateMachineUpdater] TRACE util.FileUtils (LogUtils.java:supplyAndLog(69)) - Successfully supplied FileChannel.open /home/runner/work/ratis/ratis/ratis-test/target/test/data/6e893928/MiniRaftClusterWithNetty17500450/s0/b231a3ec-616e-4d54-854d-0047f0ba6773/sm/snapshot.1_9.md5.tmp with options [CREATE, WRITE]: sun.nio.ch.FileChannelImpl@75a93533
2023-12-10 00:36:51,563 [s0@group-0047F0BA6773-StateMachineUpdater] TRACE util.FileUtils (LogUtils.java:runAndLog(49)) - Successfully ran Atomic Files.move /home/runner/work/ratis/ratis/ratis-test/target/test/data/6e893928/MiniRaftClusterWithNetty17500450/s0/b231a3ec-616e-4d54-854d-0047f0ba6773/sm/snapshot.1_9.md5.tmp to /home/runner/work/ratis/ratis/ratis-test/target/test/data/6e893928/MiniRaftClusterWithNetty17500450/s0/b231a3ec-616e-4d54-854d-0047f0ba6773/sm/snapshot.1_9.md5 with options [REPLACE_EXISTING]
2023-12-10 00:36:51,563 [s0@group-0047F0BA6773-StateMachineUpdater] INFO  impl.StateMachineUpdater (StateMachineUpdater.java:takeSnapshot(295)) - s0@group-0047F0BA6773-StateMachineUpdater: Took a snapshot at index 9
2023-12-10 00:36:51,563 [s0@group-0047F0BA6773-StateMachineUpdater] INFO  impl.StateMachineUpdater (StateMachineUpdater.java:lambda$new$0(98)) - s0@group-0047F0BA6773-StateMachineUpdater: snapshotIndex: updateIncreasingly -1 -> 9
2023-12-10 00:36:51,563 [s0@group-0047F0BA6773-StateMachineUpdater] INFO  impl.SimpleStateMachine4Testing (SimpleStateMachine4Testing.java:applyTransaction(248)) - applyTransaction for log index 11
2023-12-10 00:36:51,563 [s0@group-0047F0BA6773-StateMachineUpdater] INFO  impl.SimpleStateMachine4Testing (SimpleStateMachine4Testing.java:put(205)) - s0: put 11, m5 -> (t:1, i:11), STATEMACHINELOGENTRY, 40@client-56F68A1643EC
2023-12-10 00:36:51,563 [Time-limited test] DEBUG client.RaftClient (RaftClientImpl.java:add(150)) - client-56F68A1643EC: add replied callId 40
2023-12-10 00:36:51,564 [Time-limited test] DEBUG client.RaftClient (RaftClientImpl.java:get(162)) - client-56F68A1643EC: get 41 returns [40]
2023-12-10 00:36:51,564 [NettyRpcService-workerGroup--thread1] DEBUG server.RaftServer$Division (RaftServerImpl.java:submitClientRequestAsync(893)) - s0@group-0047F0BA6773: receive client request(RaftClientRequest:client-56F68A1643EC->s0@group-0047F0BA6773, cid=41, seq=null, RW, Message:6d36)
2023-12-10 00:36:51,564 [NettyRpcService-workerGroup--thread1] DEBUG server.RaftServer$Division (LeaderStateImpl.java:addPendingRequest(522)) - s0@group-0047F0BA6773-LeaderStateImpl: addPendingRequest at RaftClientRequest:client-56F68A1643EC->s0@group-0047F0BA6773, cid=41, seq=null, RW, Message:6d36, entry=(t:1, i:13), STATEMACHINELOGENTRY, 41@client-56F68A1643EC
2023-12-10 00:36:51,565 [s0@group-0047F0BA6773-StateMachineUpdater] INFO  impl.SimpleStateMachine4Testing (SimpleStateMachine4Testing.java:applyTransaction(248)) - applyTransaction for log index 13
2023-12-10 00:36:51,565 [s0@group-0047F0BA6773-StateMachineUpdater] INFO  impl.SimpleStateMachine4Testing (SimpleStateMachine4Testing.java:put(205)) - s0: put 13, m6 -> (t:1, i:13), STATEMACHINELOGENTRY, 41@client-56F68A1643EC
2023-12-10 00:36:51,565 [Time-limited test] DEBUG client.RaftClient (RaftClientImpl.java:add(150)) - client-56F68A1643EC: add replied callId 41
2023-12-10 00:36:51,566 [Time-limited test] DEBUG client.RaftClient (RaftClientImpl.java:get(162)) - client-56F68A1643EC: get 42 returns [41]
2023-12-10 00:36:51,566 [NettyRpcService-workerGroup--thread1] DEBUG server.RaftServer$Division (RaftServerImpl.java:submitClientRequestAsync(893)) - s0@group-0047F0BA6773: receive client request(RaftClientRequest:client-56F68A1643EC->s0@group-0047F0BA6773, cid=42, seq=null, RW, Message:6d37)
2023-12-10 00:36:51,566 [NettyRpcService-workerGroup--thread1] DEBUG server.RaftServer$Division (LeaderStateImpl.java:addPendingRequest(522)) - s0@group-0047F0BA6773-LeaderStateImpl: addPendingRequest at RaftClientRequest:client-56F68A1643EC->s0@group-0047F0BA6773, cid=42, seq=null, RW, Message:6d37, entry=(t:1, i:15), STATEMACHINELOGENTRY, 42@client-56F68A1643EC
2023-12-10 00:36:51,567 [s0@group-0047F0BA6773-StateMachineUpdater] INFO  impl.SimpleStateMachine4Testing (SimpleStateMachine4Testing.java:applyTransaction(248)) - applyTransaction for log index 15
2023-12-10 00:36:51,567 [s0@group-0047F0BA6773-StateMachineUpdater] INFO  impl.SimpleStateMachine4Testing (SimpleStateMachine4Testing.java:put(205)) - s0: put 15, m7 -> (t:1, i:15), STATEMACHINELOGENTRY, 42@client-56F68A1643EC
2023-12-10 00:36:51,567 [Time-limited test] DEBUG client.RaftClient (RaftClientImpl.java:add(150)) - client-56F68A1643EC: add replied callId 42
2023-12-10 00:36:51,567 [Time-limited test] DEBUG client.RaftClient (RaftClientImpl.java:get(162)) - client-56F68A1643EC: get 43 returns [42]
2023-12-10 00:36:51,568 [NettyRpcService-workerGroup--thread1] DEBUG server.RaftServer$Division (RaftServerImpl.java:submitClientRequestAsync(893)) - s0@group-0047F0BA6773: receive client request(RaftClientRequest:client-56F68A1643EC->s0@group-0047F0BA6773, cid=43, seq=null, RW, Message:6d38)
2023-12-10 00:36:51,568 [NettyRpcService-workerGroup--thread1] DEBUG server.RaftServer$Division (LeaderStateImpl.java:addPendingRequest(522)) - s0@group-0047F0BA6773-LeaderStateImpl: addPendingRequest at RaftClientRequest:client-56F68A1643EC->s0@group-0047F0BA6773, cid=43, seq=null, RW, Message:6d38, entry=(t:1, i:17), STATEMACHINELOGENTRY, 43@client-56F68A1643EC
2023-12-10 00:36:51,569 [s0@group-0047F0BA6773-StateMachineUpdater] INFO  impl.SimpleStateMachine4Testing (SimpleStateMachine4Testing.java:applyTransaction(248)) - applyTransaction for log index 17
2023-12-10 00:36:51,569 [s0@group-0047F0BA6773-StateMachineUpdater] INFO  impl.SimpleStateMachine4Testing (SimpleStateMachine4Testing.java:put(205)) - s0: put 17, m8 -> (t:1, i:17), STATEMACHINELOGENTRY, 43@client-56F68A1643EC
2023-12-10 00:36:51,569 [Time-limited test] DEBUG client.RaftClient (RaftClientImpl.java:add(150)) - client-56F68A1643EC: add replied callId 43
2023-12-10 00:36:51,569 [Time-limited test] DEBUG client.RaftClient (RaftClientImpl.java:get(162)) - client-56F68A1643EC: get 44 returns [43]
2023-12-10 00:36:51,570 [NettyRpcService-workerGroup--thread1] DEBUG server.RaftServer$Division (RaftServerImpl.java:submitClientRequestAsync(893)) - s0@group-0047F0BA6773: receive client request(RaftClientRequest:client-56F68A1643EC->s0@group-0047F0BA6773, cid=44, seq=null, RW, Message:6d39)
2023-12-10 00:36:51,570 [NettyRpcService-workerGroup--thread1] DEBUG server.RaftServer$Division (LeaderStateImpl.java:addPendingRequest(522)) - s0@group-0047F0BA6773-LeaderStateImpl: addPendingRequest at RaftClientRequest:client-56F68A1643EC->s0@group-0047F0BA6773, cid=44, seq=null, RW, Message:6d39, entry=(t:1, i:19), STATEMACHINELOGENTRY, 44@client-56F68A1643EC
2023-12-10 00:36:51,570 [s0@group-0047F0BA6773-StateMachineUpdater] INFO  impl.SimpleStateMachine4Testing (SimpleStateMachine4Testing.java:applyTransaction(248)) - applyTransaction for log index 19
2023-12-10 00:36:51,570 [s0@group-0047F0BA6773-StateMachineUpdater] INFO  impl.SimpleStateMachine4Testing (SimpleStateMachine4Testing.java:put(205)) - s0: put 19, m9 -> (t:1, i:19), STATEMACHINELOGENTRY, 44@client-56F68A1643EC
2023-12-10 00:36:51,572 [s0@group-0047F0BA6773-StateMachineUpdater] INFO  segmented.BufferedWriteChannel (BufferedWriteChannel.java:open(62)) - open snapshot.1_19 at position 0
2023-12-10 00:36:51,575 [Time-limited test] DEBUG client.RaftClient (RaftClientImpl.java:add(150)) - client-56F68A1643EC: add replied callId 44
2023-12-10 00:36:51,575 [Time-limited test] DEBUG client.RaftClient (RaftClientImpl.java:get(162)) - client-56F68A1643EC: get 45 returns [44]
2023-12-10 00:36:51,575 [NettyRpcService-workerGroup--thread1] DEBUG server.RaftServer$Division (RaftServerImpl.java:submitClientRequestAsync(893)) - s0@group-0047F0BA6773: receive client request(RaftClientRequest:client-56F68A1643EC->s0@group-0047F0BA6773, cid=45, seq=null, RW, Message:6d3130)
2023-12-10 00:36:51,575 [NettyRpcService-workerGroup--thread1] DEBUG server.RaftServer$Division (LeaderStateImpl.java:addPendingRequest(522)) - s0@group-0047F0BA6773-LeaderStateImpl: addPendingRequest at RaftClientRequest:client-56F68A1643EC->s0@group-0047F0BA6773, cid=45, seq=null, RW, Message:6d3130, entry=(t:1, i:21), STATEMACHINELOGENTRY, 45@client-56F68A1643EC
2023-12-10 00:36:51,579 [s0@group-0047F0BA6773-StateMachineUpdater] TRACE util.FileUtils (LogUtils.java:supplyAndLog(69)) - Successfully supplied FileChannel.open /home/runner/work/ratis/ratis/ratis-test/target/test/data/6e893928/MiniRaftClusterWithNetty17500450/s0/b231a3ec-616e-4d54-854d-0047f0ba6773/sm/snapshot.1_19 with options [READ]: sun.nio.ch.FileChannelImpl@30abb5e2
2023-12-10 00:36:51,579 [s0@group-0047F0BA6773-StateMachineUpdater] TRACE util.FileUtils (LogUtils.java:supplyAndLog(69)) - Successfully supplied FileChannel.open /home/runner/work/ratis/ratis/ratis-test/target/test/data/6e893928/MiniRaftClusterWithNetty17500450/s0/b231a3ec-616e-4d54-854d-0047f0ba6773/sm/snapshot.1_19.md5.tmp with options [CREATE, WRITE]: sun.nio.ch.FileChannelImpl@457d56f2
2023-12-10 00:36:51,580 [s0@group-0047F0BA6773-StateMachineUpdater] TRACE util.FileUtils (LogUtils.java:runAndLog(49)) - Successfully ran Atomic Files.move /home/runner/work/ratis/ratis/ratis-test/target/test/data/6e893928/MiniRaftClusterWithNetty17500450/s0/b231a3ec-616e-4d54-854d-0047f0ba6773/sm/snapshot.1_19.md5.tmp to /home/runner/work/ratis/ratis/ratis-test/target/test/data/6e893928/MiniRaftClusterWithNetty17500450/s0/b231a3ec-616e-4d54-854d-0047f0ba6773/sm/snapshot.1_19.md5 with options [REPLACE_EXISTING]
2023-12-10 00:36:51,580 [s0@group-0047F0BA6773-StateMachineUpdater] INFO  impl.StateMachineUpdater (StateMachineUpdater.java:takeSnapshot(295)) - s0@group-0047F0BA6773-StateMachineUpdater: Took a snapshot at index 19
2023-12-10 00:36:51,580 [s0@group-0047F0BA6773-StateMachineUpdater] INFO  impl.StateMachineUpdater (StateMachineUpdater.java:lambda$new$0(98)) - s0@group-0047F0BA6773-StateMachineUpdater: snapshotIndex: updateIncreasingly 9 -> 19
2023-12-10 00:36:51,580 [s0@group-0047F0BA6773-StateMachineUpdater] INFO  impl.SimpleStateMachine4Testing (SimpleStateMachine4Testing.java:applyTransaction(248)) - applyTransaction for log index 21
2023-12-10 00:36:51,580 [s0@group-0047F0BA6773-StateMachineUpdater] INFO  impl.SimpleStateMachine4Testing (SimpleStateMachine4Testing.java:put(205)) - s0: put 21, m10 -> (t:1, i:21), STATEMACHINELOGENTRY, 45@client-56F68A1643EC
2023-12-10 00:36:51,581 [Time-limited test] DEBUG client.RaftClient (RaftClientImpl.java:add(150)) - client-56F68A1643EC: add replied callId 45
2023-12-10 00:36:51,581 [Time-limited test] DEBUG client.RaftClient (RaftClientImpl.java:get(162)) - client-56F68A1643EC: get 46 returns [45]
2023-12-10 00:36:51,582 [NettyRpcService-workerGroup--thread1] DEBUG server.RaftServer$Division (RaftServerImpl.java:submitClientRequestAsync(893)) - s0@group-0047F0BA6773: receive client request(RaftClientRequest:client-56F68A1643EC->s0@group-0047F0BA6773, cid=46, seq=null, RW, Message:6d3131)
2023-12-10 00:36:51,582 [NettyRpcService-workerGroup--thread1] DEBUG server.RaftServer$Division (LeaderStateImpl.java:addPendingRequest(522)) - s0@group-0047F0BA6773-LeaderStateImpl: addPendingRequest at RaftClientRequest:client-56F68A1643EC->s0@group-0047F0BA6773, cid=46, seq=null, RW, Message:6d3131, entry=(t:1, i:23), STATEMACHINELOGENTRY, 46@client-56F68A1643EC
2023-12-10 00:36:51,583 [s0@group-0047F0BA6773-StateMachineUpdater] INFO  impl.SimpleStateMachine4Testing (SimpleStateMachine4Testing.java:applyTransaction(248)) - applyTransaction for log index 23
2023-12-10 00:36:51,583 [s0@group-0047F0BA6773-StateMachineUpdater] INFO  impl.SimpleStateMachine4Testing (SimpleStateMachine4Testing.java:put(205)) - s0: put 23, m11 -> (t:1, i:23), STATEMACHINELOGENTRY, 46@client-56F68A1643EC
2023-12-10 00:36:51,583 [Time-limited test] DEBUG client.RaftClient (RaftClientImpl.java:add(150)) - client-56F68A1643EC: add replied callId 46
2023-12-10 00:36:51,583 [Time-limited test] DEBUG client.RaftClient (RaftClientImpl.java:get(162)) - client-56F68A1643EC: get 47 returns [46]
2023-12-10 00:36:51,584 [NettyRpcService-workerGroup--thread1] DEBUG server.RaftServer$Division (RaftServerImpl.java:submitClientRequestAsync(893)) - s0@group-0047F0BA6773: receive client request(RaftClientRequest:client-56F68A1643EC->s0@group-0047F0BA6773, cid=47, seq=null, RW, Message:6d3132)
2023-12-10 00:36:51,584 [NettyRpcService-workerGroup--thread1] DEBUG server.RaftServer$Division (LeaderStateImpl.java:addPendingRequest(522)) - s0@group-0047F0BA6773-LeaderStateImpl: addPendingRequest at RaftClientRequest:client-56F68A1643EC->s0@group-0047F0BA6773, cid=47, seq=null, RW, Message:6d3132, entry=(t:1, i:25), STATEMACHINELOGENTRY, 47@client-56F68A1643EC
2023-12-10 00:36:51,585 [s0@group-0047F0BA6773-StateMachineUpdater] INFO  impl.SimpleStateMachine4Testing (SimpleStateMachine4Testing.java:applyTransaction(248)) - applyTransaction for log index 25
2023-12-10 00:36:51,585 [s0@group-0047F0BA6773-StateMachineUpdater] INFO  impl.SimpleStateMachine4Testing (SimpleStateMachine4Testing.java:put(205)) - s0: put 25, m12 -> (t:1, i:25), STATEMACHINELOGENTRY, 47@client-56F68A1643EC
2023-12-10 00:36:51,586 [Time-limited test] DEBUG client.RaftClient (RaftClientImpl.java:add(150)) - client-56F68A1643EC: add replied callId 47
2023-12-10 00:36:51,586 [Time-limited test] DEBUG client.RaftClient (RaftClientImpl.java:get(162)) - client-56F68A1643EC: get 48 returns [47]
2023-12-10 00:36:51,586 [NettyRpcService-workerGroup--thread1] DEBUG server.RaftServer$Division (RaftServerImpl.java:submitClientRequestAsync(893)) - s0@group-0047F0BA6773: receive client request(RaftClientRequest:client-56F68A1643EC->s0@group-0047F0BA6773, cid=48, seq=null, RW, Message:6d3133)
2023-12-10 00:36:51,587 [NettyRpcService-workerGroup--thread1] DEBUG server.RaftServer$Division (LeaderStateImpl.java:addPendingRequest(522)) - s0@group-0047F0BA6773-LeaderStateImpl: addPendingRequest at RaftClientRequest:client-56F68A1643EC->s0@group-0047F0BA6773, cid=48, seq=null, RW, Message:6d3133, entry=(t:1, i:27), STATEMACHINELOGENTRY, 48@client-56F68A1643EC
2023-12-10 00:36:51,587 [s0@group-0047F0BA6773-StateMachineUpdater] INFO  impl.SimpleStateMachine4Testing (SimpleStateMachine4Testing.java:applyTransaction(248)) - applyTransaction for log index 27
2023-12-10 00:36:51,587 [s0@group-0047F0BA6773-StateMachineUpdater] INFO  impl.SimpleStateMachine4Testing (SimpleStateMachine4Testing.java:put(205)) - s0: put 27, m13 -> (t:1, i:27), STATEMACHINELOGENTRY, 48@client-56F68A1643EC
2023-12-10 00:36:51,588 [Time-limited test] DEBUG client.RaftClient (RaftClientImpl.java:add(150)) - client-56F68A1643EC: add replied callId 48
2023-12-10 00:36:51,588 [Time-limited test] DEBUG client.RaftClient (RaftClientImpl.java:get(162)) - client-56F68A1643EC: get 49 returns [48]
2023-12-10 00:36:51,588 [NettyRpcService-workerGroup--thread1] DEBUG server.RaftServer$Division (RaftServerImpl.java:submitClientRequestAsync(893)) - s0@group-0047F0BA6773: receive client request(RaftClientRequest:client-56F68A1643EC->s0@group-0047F0BA6773, cid=49, seq=null, RW, Message:6d3134)
2023-12-10 00:36:51,589 [NettyRpcService-workerGroup--thread1] DEBUG server.RaftServer$Division (LeaderStateImpl.java:addPendingRequest(522)) - s0@group-0047F0BA6773-LeaderStateImpl: addPendingRequest at RaftClientRequest:client-56F68A1643EC->s0@group-0047F0BA6773, cid=49, seq=null, RW, Message:6d3134, entry=(t:1, i:29), STATEMACHINELOGENTRY, 49@client-56F68A1643EC
2023-12-10 00:36:51,589 [s0@group-0047F0BA6773-StateMachineUpdater] INFO  impl.SimpleStateMachine4Testing (SimpleStateMachine4Testing.java:applyTransaction(248)) - applyTransaction for log index 29
2023-12-10 00:36:51,589 [s0@group-0047F0BA6773-StateMachineUpdater] INFO  impl.SimpleStateMachine4Testing (SimpleStateMachine4Testing.java:put(205)) - s0: put 29, m14 -> (t:1, i:29), STATEMACHINELOGENTRY, 49@client-56F68A1643EC
2023-12-10 00:36:51,591 [s0@group-0047F0BA6773-StateMachineUpdater] INFO  segmented.BufferedWriteChannel (BufferedWriteChannel.java:open(62)) - open snapshot.1_29 at position 0
2023-12-10 00:36:51,594 [Time-limited test] DEBUG client.RaftClient (RaftClientImpl.java:add(150)) - client-56F68A1643EC: add replied callId 49
2023-12-10 00:36:51,594 [Time-limited test] DEBUG client.RaftClient (RaftClientImpl.java:get(162)) - client-56F68A1643EC: get 50 returns [49]
2023-12-10 00:36:51,594 [NettyRpcService-workerGroup--thread1] DEBUG server.RaftServer$Division (RaftServerImpl.java:submitClientRequestAsync(893)) - s0@group-0047F0BA6773: receive client request(RaftClientRequest:client-56F68A1643EC->s0@group-0047F0BA6773, cid=50, seq=null, RW, Message:6d3135)
2023-12-10 00:36:51,595 [NettyRpcService-workerGroup--thread1] DEBUG server.RaftServer$Division (LeaderStateImpl.java:addPendingRequest(522)) - s0@group-0047F0BA6773-LeaderStateImpl: addPendingRequest at RaftClientRequest:client-56F68A1643EC->s0@group-0047F0BA6773, cid=50, seq=null, RW, Message:6d3135, entry=(t:1, i:31), STATEMACHINELOGENTRY, 50@client-56F68A1643EC
2023-12-10 00:36:51,600 [s0@group-0047F0BA6773-StateMachineUpdater] TRACE util.FileUtils (LogUtils.java:supplyAndLog(69)) - Successfully supplied FileChannel.open /home/runner/work/ratis/ratis/ratis-test/target/test/data/6e893928/MiniRaftClusterWithNetty17500450/s0/b231a3ec-616e-4d54-854d-0047f0ba6773/sm/snapshot.1_29 with options [READ]: sun.nio.ch.FileChannelImpl@1d141f3
2023-12-10 00:36:51,600 [s0@group-0047F0BA6773-StateMachineUpdater] TRACE util.FileUtils (LogUtils.java:supplyAndLog(69)) - Successfully supplied FileChannel.open /home/runner/work/ratis/ratis/ratis-test/target/test/data/6e893928/MiniRaftClusterWithNetty17500450/s0/b231a3ec-616e-4d54-854d-0047f0ba6773/sm/snapshot.1_29.md5.tmp with options [CREATE, WRITE]: sun.nio.ch.FileChannelImpl@3dedfc57
2023-12-10 00:36:51,602 [s0@group-0047F0BA6773-StateMachineUpdater] TRACE util.FileUtils (LogUtils.java:runAndLog(49)) - Successfully ran Atomic Files.move /home/runner/work/ratis/ratis/ratis-test/target/test/data/6e893928/MiniRaftClusterWithNetty17500450/s0/b231a3ec-616e-4d54-854d-0047f0ba6773/sm/snapshot.1_29.md5.tmp to /home/runner/work/ratis/ratis/ratis-test/target/test/data/6e893928/MiniRaftClusterWithNetty17500450/s0/b231a3ec-616e-4d54-854d-0047f0ba6773/sm/snapshot.1_29.md5 with options [REPLACE_EXISTING]
2023-12-10 00:36:51,602 [s0@group-0047F0BA6773-StateMachineUpdater] INFO  impl.StateMachineUpdater (StateMachineUpdater.java:takeSnapshot(295)) - s0@group-0047F0BA6773-StateMachineUpdater: Took a snapshot at index 29
2023-12-10 00:36:51,602 [s0@group-0047F0BA6773-StateMachineUpdater] INFO  impl.StateMachineUpdater (StateMachineUpdater.java:lambda$new$0(98)) - s0@group-0047F0BA6773-StateMachineUpdater: snapshotIndex: updateIncreasingly 19 -> 29
2023-12-10 00:36:51,602 [s0@group-0047F0BA6773-StateMachineUpdater] INFO  impl.SimpleStateMachine4Testing (SimpleStateMachine4Testing.java:applyTransaction(248)) - applyTransaction for log index 31
2023-12-10 00:36:51,602 [s0@group-0047F0BA6773-StateMachineUpdater] INFO  impl.SimpleStateMachine4Testing (SimpleStateMachine4Testing.java:put(205)) - s0: put 31, m15 -> (t:1, i:31), STATEMACHINELOGENTRY, 50@client-56F68A1643EC
2023-12-10 00:36:51,602 [Time-limited test] DEBUG client.RaftClient (RaftClientImpl.java:add(150)) - client-56F68A1643EC: add replied callId 50
2023-12-10 00:36:51,603 [Time-limited test] DEBUG client.RaftClient (RaftClientImpl.java:get(162)) - client-56F68A1643EC: get 51 returns [50]
2023-12-10 00:36:51,603 [NettyRpcService-workerGroup--thread1] DEBUG server.RaftServer$Division (RaftServerImpl.java:submitClientRequestAsync(893)) - s0@group-0047F0BA6773: receive client request(RaftClientRequest:client-56F68A1643EC->s0@group-0047F0BA6773, cid=51, seq=null, RW, Message:6d3136)
2023-12-10 00:36:51,603 [NettyRpcService-workerGroup--thread1] DEBUG server.RaftServer$Division (LeaderStateImpl.java:addPendingRequest(522)) - s0@group-0047F0BA6773-LeaderStateImpl: addPendingRequest at RaftClientRequest:client-56F68A1643EC->s0@group-0047F0BA6773, cid=51, seq=null, RW, Message:6d3136, entry=(t:1, i:33), STATEMACHINELOGENTRY, 51@client-56F68A1643EC
2023-12-10 00:36:51,604 [s0@group-0047F0BA6773-StateMachineUpdater] INFO  impl.SimpleStateMachine4Testing (SimpleStateMachine4Testing.java:applyTransaction(248)) - applyTransaction for log index 33
2023-12-10 00:36:51,604 [s0@group-0047F0BA6773-StateMachineUpdater] INFO  impl.SimpleStateMachine4Testing (SimpleStateMachine4Testing.java:put(205)) - s0: put 33, m16 -> (t:1, i:33), STATEMACHINELOGENTRY, 51@client-56F68A1643EC
2023-12-10 00:36:51,604 [Time-limited test] DEBUG client.RaftClient (RaftClientImpl.java:add(150)) - client-56F68A1643EC: add replied callId 51
2023-12-10 00:36:51,605 [Time-limited test] DEBUG client.RaftClient (RaftClientImpl.java:get(162)) - client-56F68A1643EC: get 52 returns [51]
2023-12-10 00:36:51,605 [NettyRpcService-workerGroup--thread1] DEBUG server.RaftServer$Division (RaftServerImpl.java:submitClientRequestAsync(893)) - s0@group-0047F0BA6773: receive client request(RaftClientRequest:client-56F68A1643EC->s0@group-0047F0BA6773, cid=52, seq=null, RW, Message:6d3137)
2023-12-10 00:36:51,605 [NettyRpcService-workerGroup--thread1] DEBUG server.RaftServer$Division (LeaderStateImpl.java:addPendingRequest(522)) - s0@group-0047F0BA6773-LeaderStateImpl: addPendingRequest at RaftClientRequest:client-56F68A1643EC->s0@group-0047F0BA6773, cid=52, seq=null, RW, Message:6d3137, entry=(t:1, i:35), STATEMACHINELOGENTRY, 52@client-56F68A1643EC
2023-12-10 00:36:51,606 [s0@group-0047F0BA6773-StateMachineUpdater] INFO  impl.SimpleStateMachine4Testing (SimpleStateMachine4Testing.java:applyTransaction(248)) - applyTransaction for log index 35
2023-12-10 00:36:51,606 [s0@group-0047F0BA6773-StateMachineUpdater] INFO  impl.SimpleStateMachine4Testing (SimpleStateMachine4Testing.java:put(205)) - s0: put 35, m17 -> (t:1, i:35), STATEMACHINELOGENTRY, 52@client-56F68A1643EC
2023-12-10 00:36:51,606 [Time-limited test] DEBUG client.RaftClient (RaftClientImpl.java:add(150)) - client-56F68A1643EC: add replied callId 52
2023-12-10 00:36:51,606 [Time-limited test] DEBUG client.RaftClient (RaftClientImpl.java:get(162)) - client-56F68A1643EC: get 53 returns [52]
2023-12-10 00:36:51,607 [NettyRpcService-workerGroup--thread1] DEBUG server.RaftServer$Division (RaftServerImpl.java:submitClientRequestAsync(893)) - s0@group-0047F0BA6773: receive client request(RaftClientRequest:client-56F68A1643EC->s0@group-0047F0BA6773, cid=53, seq=null, RW, Message:6d3138)
2023-12-10 00:36:51,607 [NettyRpcService-workerGroup--thread1] DEBUG server.RaftServer$Division (LeaderStateImpl.java:addPendingRequest(522)) - s0@group-0047F0BA6773-LeaderStateImpl: addPendingRequest at RaftClientRequest:client-56F68A1643EC->s0@group-0047F0BA6773, cid=53, seq=null, RW, Message:6d3138, entry=(t:1, i:37), STATEMACHINELOGENTRY, 53@client-56F68A1643EC
2023-12-10 00:36:51,608 [s0@group-0047F0BA6773-StateMachineUpdater] INFO  impl.SimpleStateMachine4Testing (SimpleStateMachine4Testing.java:applyTransaction(248)) - applyTransaction for log index 37
2023-12-10 00:36:51,608 [s0@group-0047F0BA6773-StateMachineUpdater] INFO  impl.SimpleStateMachine4Testing (SimpleStateMachine4Testing.java:put(205)) - s0: put 37, m18 -> (t:1, i:37), STATEMACHINELOGENTRY, 53@client-56F68A1643EC
2023-12-10 00:36:51,609 [Time-limited test] DEBUG client.RaftClient (RaftClientImpl.java:add(150)) - client-56F68A1643EC: add replied callId 53
2023-12-10 00:36:51,610 [Time-limited test] INFO  statemachine.RaftSnapshotBaseTest (RaftSnapshotBaseTest.java:testRestartPeer(163)) - nextIndex = 39
2023-12-10 00:36:51,611 [Time-limited test] INFO  statemachine.RaftSnapshotBaseTest (RaftSnapshotBaseTest.java:exists(183)) - File exists: /home/runner/work/ratis/ratis/ratis-test/target/test/data/6e893928/MiniRaftClusterWithNetty17500450/s0/b231a3ec-616e-4d54-854d-0047f0ba6773/sm/snapshot.1_29
2023-12-10 00:36:51,611 [Time-limited test] INFO  impl.MiniRaftCluster (MiniRaftCluster.java:shutdown(831)) - ************************************************************** 
2023-12-10 00:36:51,611 [Time-limited test] INFO  impl.MiniRaftCluster (MiniRaftCluster.java:shutdown(832)) - *** 
2023-12-10 00:36:51,611 [Time-limited test] INFO  impl.MiniRaftCluster (MiniRaftCluster.java:shutdown(833)) - ***     Stopping MiniRaftClusterWithNetty
2023-12-10 00:36:51,611 [Time-limited test] INFO  impl.MiniRaftCluster (MiniRaftCluster.java:shutdown(834)) - *** 
2023-12-10 00:36:51,611 [Time-limited test] INFO  impl.MiniRaftCluster (MiniRaftCluster.java:shutdown(835)) - ************************************************************** 
2023-12-10 00:36:51,611 [Time-limited test] INFO  impl.MiniRaftCluster (MiniRaftCluster.java:shutdown(836)) - printing ALL groups
  s0:  RUNNING    LEADER s0@group-0047F0BA6773:t1, leader=s0, voted=s0, raftlog=Memoized:s0@group-0047F0BA6773-SegmentedRaftLog:OPENED:c38, conf=0: peers:[s0|localhost:33743]|listeners:[], old=null RUNNING
2023-12-10 00:36:51,611 [MiniRaftCluster-7] INFO  server.RaftServer (RaftServerProxy.java:lambda$close$9(416)) - s0: close
2023-12-10 00:36:51,611 [s0-impl-thread1] INFO  server.RaftServer$Division (RaftServerImpl.java:lambda$close$3(516)) - s0@group-0047F0BA6773: shutdown
2023-12-10 00:36:51,612 [NettyRpcService-bossGroup--thread1] INFO  logging.LoggingHandler (AbstractInternalLogger.java:log(148)) - [id: 0x1097a3da, L:/0.0.0.0:33743] CLOSE
2023-12-10 00:36:51,612 [s0-impl-thread1] INFO  util.JmxRegister (JmxRegister.java:unregister(73)) - Successfully un-registered JMX Bean with object name Ratis:service=RaftServer,group=group-0047F0BA6773,id=s0
2023-12-10 00:36:51,612 [s0-impl-thread1] INFO  impl.RoleInfo (RoleInfo.java:shutdownLeaderState(94)) - s0: shutdown s0@group-0047F0BA6773-LeaderStateImpl
2023-12-10 00:36:51,612 [NettyRpcService-bossGroup--thread1] INFO  logging.LoggingHandler (AbstractInternalLogger.java:log(148)) - [id: 0x1097a3da, L:/0.0.0.0:33743] INACTIVE
2023-12-10 00:36:51,612 [NettyRpcService-bossGroup--thread1] INFO  logging.LoggingHandler (AbstractInternalLogger.java:log(148)) - [id: 0x1097a3da, L:/0.0.0.0:33743] UNREGISTERED
2023-12-10 00:36:51,612 [s0-impl-thread1] INFO  impl.PendingRequests (PendingRequests.java:sendNotLeaderResponses(289)) - s0@group-0047F0BA6773-PendingRequests: sendNotLeaderResponses
2023-12-10 00:36:51,624 [s0-impl-thread1] INFO  impl.StateMachineUpdater (StateMachineUpdater.java:stopAndJoin(157)) - s0@group-0047F0BA6773-StateMachineUpdater: set stopIndex = 38
2023-12-10 00:36:51,626 [s0@group-0047F0BA6773-StateMachineUpdater] INFO  segmented.BufferedWriteChannel (BufferedWriteChannel.java:open(62)) - open snapshot.1_38 at position 0
2023-12-10 00:36:51,635 [s0@group-0047F0BA6773-StateMachineUpdater] TRACE util.FileUtils (LogUtils.java:supplyAndLog(69)) - Successfully supplied FileChannel.open /home/runner/work/ratis/ratis/ratis-test/target/test/data/6e893928/MiniRaftClusterWithNetty17500450/s0/b231a3ec-616e-4d54-854d-0047f0ba6773/sm/snapshot.1_38 with options [READ]: sun.nio.ch.FileChannelImpl@50844aad
2023-12-10 00:36:51,635 [s0@group-0047F0BA6773-StateMachineUpdater] TRACE util.FileUtils (LogUtils.java:supplyAndLog(69)) - Successfully supplied FileChannel.open /home/runner/work/ratis/ratis/ratis-test/target/test/data/6e893928/MiniRaftClusterWithNetty17500450/s0/b231a3ec-616e-4d54-854d-0047f0ba6773/sm/snapshot.1_38.md5.tmp with options [CREATE, WRITE]: sun.nio.ch.FileChannelImpl@7fe15c89
2023-12-10 00:36:51,636 [s0@group-0047F0BA6773-StateMachineUpdater] TRACE util.FileUtils (LogUtils.java:runAndLog(49)) - Successfully ran Atomic Files.move /home/runner/work/ratis/ratis/ratis-test/target/test/data/6e893928/MiniRaftClusterWithNetty17500450/s0/b231a3ec-616e-4d54-854d-0047f0ba6773/sm/snapshot.1_38.md5.tmp to /home/runner/work/ratis/ratis/ratis-test/target/test/data/6e893928/MiniRaftClusterWithNetty17500450/s0/b231a3ec-616e-4d54-854d-0047f0ba6773/sm/snapshot.1_38.md5 with options [REPLACE_EXISTING]
2023-12-10 00:36:51,636 [s0@group-0047F0BA6773-StateMachineUpdater] INFO  impl.StateMachineUpdater (StateMachineUpdater.java:takeSnapshot(295)) - s0@group-0047F0BA6773-StateMachineUpdater: Took a snapshot at index 38
2023-12-10 00:36:51,636 [s0@group-0047F0BA6773-StateMachineUpdater] INFO  impl.StateMachineUpdater (StateMachineUpdater.java:lambda$new$0(98)) - s0@group-0047F0BA6773-StateMachineUpdater: snapshotIndex: updateIncreasingly 29 -> 38
2023-12-10 00:36:51,637 [s0-impl-thread1] INFO  server.RaftServer$Division (ServerState.java:close(423)) - s0@group-0047F0BA6773: applyIndex: 38
2023-12-10 00:36:51,637 [s0@group-0047F0BA6773-cacheEviction-AwaitToRun] INFO  util.AwaitToRun (AwaitToRun.java:run(49)) - s0@group-0047F0BA6773-cacheEviction-AwaitToRun-AwaitForSignal is interrupted
2023-12-10 00:36:52,609 [s0-impl-thread1] INFO  segmented.SegmentedRaftLogWorker (SegmentedRaftLogWorker.java:close(245)) - s0@group-0047F0BA6773-SegmentedRaftLogWorker close()
2023-12-10 00:36:52,610 [JvmPauseMonitor3] INFO  util.JvmPauseMonitor (JvmPauseMonitor.java:run(152)) - JvmPauseMonitor-s0: Stopped
2023-12-10 00:36:52,610 [Time-limited test] INFO  impl.MiniRaftCluster (MiniRaftCluster.java:shutdown(855)) - MiniRaftClusterWithNetty shutdown completed
2023-12-10 00:36:52,610 [Time-limited test] INFO  impl.MiniRaftCluster (MiniRaftCluster.java:newRaftServer(382)) - newRaftServer: s0, group-0047F0BA6773:[s0|localhost:33743], format? false
2023-12-10 00:36:52,611 [Time-limited test] INFO  server.RaftServer (ConfUtils.java:logGet(46)) - raft.rpc.type = NETTY (custom)
2023-12-10 00:36:52,611 [Time-limited test] INFO  netty.NettyConfigKeys$Server (ConfUtils.java:logGet(46)) - raft.netty.server.use-epoll = true (default)
2023-12-10 00:36:52,611 [Time-limited test] INFO  netty.NettyUtils (NettyUtils.java:newEventLoopGroup(69)) - Create EpollEventLoopGroup for NettyRpcService-bossGroup; Thread size is 0.
2023-12-10 00:36:52,611 [Time-limited test] INFO  netty.NettyUtils (NettyUtils.java:newEventLoopGroup(69)) - Create EpollEventLoopGroup for NettyRpcService-workerGroup; Thread size is 0.
2023-12-10 00:36:52,612 [Time-limited test] INFO  netty.NettyConfigKeys$Server (ConfUtils.java:logGet(46)) - raft.netty.server.host = null (default)
2023-12-10 00:36:52,612 [Time-limited test] INFO  netty.NettyConfigKeys$Server (ConfUtils.java:logGet(46)) - raft.netty.server.port = 33743 (custom)
2023-12-10 00:36:52,612 [Time-limited test] INFO  impl.DataStreamServerImpl (ConfUtils.java:logGet(46)) - raft.datastream.type = DISABLED (default)
2023-12-10 00:36:52,612 [Time-limited test] INFO  server.RaftServerConfigKeys (ConfUtils.java:logGet(46)) - raft.server.sleep.deviation.threshold = 300ms (default)
2023-12-10 00:36:52,612 [Time-limited test] INFO  server.RaftServerConfigKeys (ConfUtils.java:logGet(46)) - raft.server.close.threshold = 60s (default)
2023-12-10 00:36:52,612 [Time-limited test] INFO  server.RaftServerConfigKeys (ConfUtils.java:logGet(46)) - raft.server.leaderelection.leader.step-down.wait-time = 10s (default)
2023-12-10 00:36:52,613 [Time-limited test] INFO  server.RaftServerConfigKeys (ConfUtils.java:logGet(46)) - raft.server.storage.dir = [/home/runner/work/ratis/ratis/ratis-test/target/test/data/6e893928/MiniRaftClusterWithNetty17500450/s0] (custom)
2023-12-10 00:36:52,613 [Time-limited test] INFO  server.RaftServerConfigKeys (ConfUtils.java:logGet(46)) - raft.server.threadpool.proxy.cached = true (default)
2023-12-10 00:36:52,613 [Time-limited test] INFO  server.RaftServerConfigKeys (ConfUtils.java:logGet(46)) - raft.server.threadpool.proxy.size = 0 (default)
2023-12-10 00:36:52,613 [s0-impl-thread1] INFO  server.RaftServer (RaftServerProxy.java:initGroupDir(264)) - s0: found a subdirectory /home/runner/work/ratis/ratis/ratis-test/target/test/data/6e893928/MiniRaftClusterWithNetty17500450/s0/b231a3ec-616e-4d54-854d-0047f0ba6773
2023-12-10 00:36:52,613 [Time-limited test] INFO  server.RaftServer (RaftServerProxy.java:addNew(100)) - s0: addNew group-0047F0BA6773:[s0|localhost:33743] returns group-0047F0BA6773:java.util.concurrent.CompletableFuture@21552de2[Not completed]
2023-12-10 00:36:52,613 [s0-groupManagement] INFO  netty.NettyUtils (NettyUtils.java:newEventLoopGroup(69)) - Create EpollEventLoopGroup for s0; Thread size is 0.
2023-12-10 00:36:52,613 [Time-limited test] INFO  impl.MiniRaftCluster (MiniRaftCluster.java:start(339)) - .............................................................. 
2023-12-10 00:36:52,614 [Time-limited test] INFO  impl.MiniRaftCluster (MiniRaftCluster.java:start(340)) - ... 
2023-12-10 00:36:52,614 [Time-limited test] INFO  impl.MiniRaftCluster (MiniRaftCluster.java:start(341)) - ...     Starting MiniRaftClusterWithNetty
2023-12-10 00:36:52,614 [Time-limited test] INFO  impl.MiniRaftCluster (MiniRaftCluster.java:start(342)) - ... 
2023-12-10 00:36:52,614 [Time-limited test] INFO  impl.MiniRaftCluster (MiniRaftCluster.java:start(343)) - .............................................................. 
2023-12-10 00:36:52,614 [Time-limited test] INFO  impl.MiniRaftCluster (MiniRaftCluster.java:initServers(318)) - servers = {s0=s0:      NEW group-0047F0BA6773:java.util.concurrent.CompletableFuture@21552de2[Not completed]}
2023-12-10 00:36:52,614 [s0-groupManagement] INFO  server.RaftServerConfigKeys (ConfUtils.java:logGet(46)) - raft.server.log.segment.size.max = 32MB (=33554432) (default)
2023-12-10 00:36:52,614 [s0-groupManagement] INFO  server.RaftServerConfigKeys (ConfUtils.java:logGet(46)) - raft.server.log.preallocated.size = 4MB (=4194304) (default)
2023-12-10 00:36:52,614 [s0-groupManagement] INFO  server.RaftServerConfigKeys (ConfUtils.java:logGet(46)) - raft.server.log.write.buffer.size = 8MB (=8388608) (default)
2023-12-10 00:36:52,614 [s0-groupManagement] INFO  server.RaftServer$Division (RaftServerImpl.java:<init>(256)) - s0: new RaftServerImpl for group-0047F0BA6773:[s0|localhost:33743] with SimpleStateMachine4Testing:uninitialized
2023-12-10 00:36:52,614 [s0-groupManagement] INFO  server.RaftServerConfigKeys (ConfUtils.java:logGet(46)) - raft.server.rpc.timeout.min = 150ms (default)
2023-12-10 00:36:52,614 [s0-groupManagement] INFO  server.RaftServerConfigKeys (ConfUtils.java:logGet(46)) - raft.server.rpc.timeout.max = 300ms (default)
2023-12-10 00:36:52,614 [s0-groupManagement] INFO  server.RaftServerConfigKeys (ConfUtils.java:logGet(46)) - raft.server.rpc.sleep.time = 25ms (default)
2023-12-10 00:36:52,615 [s0-groupManagement] INFO  server.RaftServerConfigKeys (ConfUtils.java:logGet(46)) - raft.server.rpc.slowness.timeout = 60s (default)
2023-12-10 00:36:52,615 [s0-groupManagement] INFO  server.RaftServerConfigKeys (ConfUtils.java:logGet(46)) - raft.server.leaderelection.leader.step-down.wait-time = 10s (default)
2023-12-10 00:36:52,615 [s0-groupManagement] INFO  server.RaftServerConfigKeys (ConfUtils.java:logGet(46)) - raft.server.leaderelection.member.majority-add = false (default)
2023-12-10 00:36:52,615 [s0-groupManagement] INFO  server.RaftServerConfigKeys (ConfUtils.java:logGet(46)) - raft.server.sleep.deviation.threshold = 300ms (default)
2023-12-10 00:36:52,615 [s0-groupManagement] INFO  server.RaftServer$Division (ServerState.java:<init>(113)) - s0@group-0047F0BA6773: ConfigurationManager, init=-1: peers:[s0|localhost:33743]|listeners:[], old=null, confs=<EMPTY_MAP>
2023-12-10 00:36:52,615 [s0-groupManagement] INFO  server.RaftServerConfigKeys (ConfUtils.java:logGet(46)) - raft.server.notification.no-leader.timeout = 60s (default)
2023-12-10 00:36:52,615 [s0-groupManagement] INFO  server.RaftServerConfigKeys (ConfUtils.java:logGet(46)) - raft.server.read.timeout = 10s (default)
2023-12-10 00:36:52,615 [s0-groupManagement] INFO  server.RaftServerConfigKeys (ConfUtils.java:logGet(46)) - raft.server.retrycache.expirytime = 60s (default)
2023-12-10 00:36:52,615 [s0-groupManagement] INFO  server.RaftServerConfigKeys (ConfUtils.java:logGet(46)) - raft.server.retrycache.statistics.expirytime = 100ms (default)
2023-12-10 00:36:52,615 [s0-groupManagement] INFO  server.RaftServerConfigKeys (ConfUtils.java:logGet(46)) - raft.server.read.option = DEFAULT (default)
2023-12-10 00:36:52,615 [s0-groupManagement] INFO  server.RaftServerConfigKeys (ConfUtils.java:logGet(46)) - raft.server.read.read-after-write-consistent.write-index-cache.expiry-time = 60s (default)
2023-12-10 00:36:52,617 [s0-groupManagement] INFO  server.RaftServerConfigKeys (ConfUtils.java:logGet(46)) - raft.server.rpc.request.timeout = 3000ms (default)
2023-12-10 00:36:52,617 [s0-groupManagement] INFO  server.RaftServerConfigKeys (ConfUtils.java:logGet(46)) - raft.server.log.appender.install.snapshot.enabled = true (default)
2023-12-10 00:36:52,617 [s0-groupManagement] INFO  server.RaftServerConfigKeys (ConfUtils.java:logGet(46)) - raft.server.threadpool.server.cached = true (default)
2023-12-10 00:36:52,617 [s0-groupManagement] INFO  server.RaftServerConfigKeys (ConfUtils.java:logGet(46)) - raft.server.threadpool.server.size = 0 (default)
2023-12-10 00:36:52,617 [s0-groupManagement] INFO  server.RaftServerConfigKeys (ConfUtils.java:logGet(46)) - raft.server.threadpool.client.cached = true (default)
2023-12-10 00:36:52,617 [s0-groupManagement] INFO  server.RaftServerConfigKeys (ConfUtils.java:logGet(46)) - raft.server.threadpool.client.size = 0 (default)
2023-12-10 00:36:52,617 [s0-impl-thread1] INFO  server.RaftServerConfigKeys (ConfUtils.java:logGet(46)) - raft.server.storage.free-space.min = 0MB (=0) (default)
2023-12-10 00:36:52,617 [s0-impl-thread1] INFO  server.RaftServerConfigKeys (ConfUtils.java:logGet(46)) - raft.server.log.corruption.policy = EXCEPTION (default)
2023-12-10 00:36:52,617 [s0-impl-thread1] INFO  server.RaftServerConfigKeys (ConfUtils.java:logGet(46)) - raft.server.storage.dir = [/home/runner/work/ratis/ratis/ratis-test/target/test/data/6e893928/MiniRaftClusterWithNetty17500450/s0] (custom)
2023-12-10 00:36:52,618 [s0-impl-thread1] INFO  storage.RaftStorageDirectory (RaftStorageDirectoryImpl.java:tryLock(228)) - Lock on /home/runner/work/ratis/ratis/ratis-test/target/test/data/6e893928/MiniRaftClusterWithNetty17500450/s0/b231a3ec-616e-4d54-854d-0047f0ba6773/in_use.lock acquired by nodename 6805@fv-az1103-11
2023-12-10 00:36:52,619 [s0-impl-thread1] TRACE util.FileUtils (LogUtils.java:runAndLog(49)) - Successfully ran Files.deleteIfExists /home/runner/work/ratis/ratis/ratis-test/target/test/data/6e893928/MiniRaftClusterWithNetty17500450/s0/b231a3ec-616e-4d54-854d-0047f0ba6773/current/raft-meta.tmp
2023-12-10 00:36:52,619 [s0-impl-thread1] TRACE util.FileUtils (LogUtils.java:supplyAndLog(69)) - Successfully supplied Files.newInputStream /home/runner/work/ratis/ratis/ratis-test/target/test/data/6e893928/MiniRaftClusterWithNetty17500450/s0/b231a3ec-616e-4d54-854d-0047f0ba6773/current/raft-meta with options []: sun.nio.ch.ChannelInputStream@512216c1
2023-12-10 00:36:52,620 [s0-impl-thread1] INFO  storage.RaftStorage (RaftStorageImpl.java:analyzeAndRecoverStorage(119)) - Read RaftStorageMetadata{term=1, votedFor=s0} from /home/runner/work/ratis/ratis/ratis-test/target/test/data/6e893928/MiniRaftClusterWithNetty17500450/s0/b231a3ec-616e-4d54-854d-0047f0ba6773/current/raft-meta
2023-12-10 00:36:52,620 [s0-impl-thread1] TRACE util.FileUtils (LogUtils.java:supplyAndLog(69)) - Successfully supplied Files.newInputStream /home/runner/work/ratis/ratis/ratis-test/target/test/data/6e893928/MiniRaftClusterWithNetty17500450/s0/b231a3ec-616e-4d54-854d-0047f0ba6773/current/raft-meta.conf with options []: sun.nio.ch.ChannelInputStream@60b982ee
2023-12-10 00:36:52,620 [s0-impl-thread1] INFO  server.RaftServer$Division (ServerState.java:setRaftConf(382)) - s0@group-0047F0BA6773: set configuration 0: peers:[s0|localhost:33743]|listeners:[], old=null
2023-12-10 00:36:52,620 [s0-impl-thread1] INFO  impl.SimpleStateMachine4Testing (SimpleStateMachine4Testing.java:initialize(213)) - Initializing SimpleStateMachine4Testing:uninitialized
2023-12-10 00:36:52,621 [s0-impl-thread1] TRACE util.FileUtils (LogUtils.java:supplyAndLog(69)) - Successfully supplied Files.newInputStream /home/runner/work/ratis/ratis/ratis-test/target/test/data/6e893928/MiniRaftClusterWithNetty17500450/s0/b231a3ec-616e-4d54-854d-0047f0ba6773/sm/snapshot.1_38.md5 with options []: sun.nio.ch.ChannelInputStream@310de98e
2023-12-10 00:36:52,621 [s0-impl-thread1] INFO  impl.SimpleStateMachine4Testing (SimpleStateMachine4Testing.java:loadSnapshot(296)) - Loading snapshot SingleFileSnapshotInfo(t:1, i:38):[/home/runner/work/ratis/ratis/ratis-test/target/test/data/6e893928/MiniRaftClusterWithNetty17500450/s0/b231a3ec-616e-4d54-854d-0047f0ba6773/sm/snapshot.1_38]
2023-12-10 00:36:52,621 [s0-impl-thread1] TRACE util.FileUtils (LogUtils.java:supplyAndLog(69)) - Successfully supplied Files.newInputStream /home/runner/work/ratis/ratis/ratis-test/target/test/data/6e893928/MiniRaftClusterWithNetty17500450/s0/b231a3ec-616e-4d54-854d-0047f0ba6773/sm/snapshot.1_38 with options []: sun.nio.ch.ChannelInputStream@74df272d
2023-12-10 00:36:52,621 [s0-impl-thread1] INFO  impl.SimpleStateMachine4Testing (SimpleStateMachine4Testing.java:put(205)) - s0: put 1, m0 -> (t:1, i:1), STATEMACHINELOGENTRY, 35@client-56F68A1643EC
2023-12-10 00:36:52,621 [s0-impl-thread1] INFO  impl.SimpleStateMachine4Testing (SimpleStateMachine4Testing.java:put(205)) - s0: put 3, m1 -> (t:1, i:3), STATEMACHINELOGENTRY, 36@client-56F68A1643EC
2023-12-10 00:36:52,621 [s0-impl-thread1] INFO  impl.SimpleStateMachine4Testing (SimpleStateMachine4Testing.java:put(205)) - s0: put 5, m2 -> (t:1, i:5), STATEMACHINELOGENTRY, 37@client-56F68A1643EC
2023-12-10 00:36:52,621 [s0-impl-thread1] INFO  impl.SimpleStateMachine4Testing (SimpleStateMachine4Testing.java:put(205)) - s0: put 7, m3 -> (t:1, i:7), STATEMACHINELOGENTRY, 38@client-56F68A1643EC
2023-12-10 00:36:52,621 [s0-impl-thread1] INFO  impl.SimpleStateMachine4Testing (SimpleStateMachine4Testing.java:put(205)) - s0: put 9, m4 -> (t:1, i:9), STATEMACHINELOGENTRY, 39@client-56F68A1643EC
2023-12-10 00:36:52,622 [s0-impl-thread1] INFO  impl.SimpleStateMachine4Testing (SimpleStateMachine4Testing.java:put(205)) - s0: put 11, m5 -> (t:1, i:11), STATEMACHINELOGENTRY, 40@client-56F68A1643EC
2023-12-10 00:36:52,622 [s0-impl-thread1] INFO  impl.SimpleStateMachine4Testing (SimpleStateMachine4Testing.java:put(205)) - s0: put 13, m6 -> (t:1, i:13), STATEMACHINELOGENTRY, 41@client-56F68A1643EC
2023-12-10 00:36:52,622 [s0-impl-thread1] INFO  impl.SimpleStateMachine4Testing (SimpleStateMachine4Testing.java:put(205)) - s0: put 15, m7 -> (t:1, i:15), STATEMACHINELOGENTRY, 42@client-56F68A1643EC
2023-12-10 00:36:52,622 [s0-impl-thread1] INFO  impl.SimpleStateMachine4Testing (SimpleStateMachine4Testing.java:put(205)) - s0: put 17, m8 -> (t:1, i:17), STATEMACHINELOGENTRY, 43@client-56F68A1643EC
2023-12-10 00:36:52,622 [s0-impl-thread1] INFO  impl.SimpleStateMachine4Testing (SimpleStateMachine4Testing.java:put(205)) - s0: put 19, m9 -> (t:1, i:19), STATEMACHINELOGENTRY, 44@client-56F68A1643EC
2023-12-10 00:36:52,622 [s0-impl-thread1] INFO  impl.SimpleStateMachine4Testing (SimpleStateMachine4Testing.java:put(205)) - s0: put 21, m10 -> (t:1, i:21), STATEMACHINELOGENTRY, 45@client-56F68A1643EC
2023-12-10 00:36:52,622 [s0-impl-thread1] INFO  impl.SimpleStateMachine4Testing (SimpleStateMachine4Testing.java:put(205)) - s0: put 23, m11 -> (t:1, i:23), STATEMACHINELOGENTRY, 46@client-56F68A1643EC
2023-12-10 00:36:52,622 [s0-impl-thread1] INFO  impl.SimpleStateMachine4Testing (SimpleStateMachine4Testing.java:put(205)) - s0: put 25, m12 -> (t:1, i:25), STATEMACHINELOGENTRY, 47@client-56F68A1643EC
2023-12-10 00:36:52,622 [s0-impl-thread1] INFO  impl.SimpleStateMachine4Testing (SimpleStateMachine4Testing.java:put(205)) - s0: put 27, m13 -> (t:1, i:27), STATEMACHINELOGENTRY, 48@client-56F68A1643EC
2023-12-10 00:36:52,622 [s0-impl-thread1] INFO  impl.SimpleStateMachine4Testing (SimpleStateMachine4Testing.java:put(205)) - s0: put 29, m14 -> (t:1, i:29), STATEMACHINELOGENTRY, 49@client-56F68A1643EC
2023-12-10 00:36:52,622 [s0-impl-thread1] INFO  impl.SimpleStateMachine4Testing (SimpleStateMachine4Testing.java:put(205)) - s0: put 31, m15 -> (t:1, i:31), STATEMACHINELOGENTRY, 50@client-56F68A1643EC
2023-12-10 00:36:52,623 [s0-impl-thread1] INFO  impl.SimpleStateMachine4Testing (SimpleStateMachine4Testing.java:put(205)) - s0: put 33, m16 -> (t:1, i:33), STATEMACHINELOGENTRY, 51@client-56F68A1643EC
2023-12-10 00:36:52,623 [s0-impl-thread1] INFO  impl.SimpleStateMachine4Testing (SimpleStateMachine4Testing.java:put(205)) - s0: put 35, m17 -> (t:1, i:35), STATEMACHINELOGENTRY, 52@client-56F68A1643EC
2023-12-10 00:36:52,623 [s0-impl-thread1] INFO  impl.SimpleStateMachine4Testing (SimpleStateMachine4Testing.java:put(205)) - s0: put 37, m18 -> (t:1, i:37), STATEMACHINELOGENTRY, 53@client-56F68A1643EC
2023-12-10 00:36:52,623 [s0-impl-thread1] INFO  server.RaftServerConfigKeys (ConfUtils.java:logGet(46)) - raft.server.log.use.memory = false (default)
2023-12-10 00:36:52,623 [s0-impl-thread1] INFO  server.RaftServerConfigKeys (ConfUtils.java:logGet(46)) - raft.server.log.purge.gap = 1024 (default)
2023-12-10 00:36:52,623 [s0-impl-thread1] INFO  server.RaftServerConfigKeys (ConfUtils.java:logGet(46)) - raft.server.log.appender.buffer.byte-limit = 4MB (=4194304) (default)
2023-12-10 00:36:52,623 [s0-impl-thread1] INFO  server.RaftServerConfigKeys (ConfUtils.java:logGet(46)) - raft.server.log.statemachine.data.read.timeout = 1000ms (default)
2023-12-10 00:36:52,623 [s0-impl-thread1] INFO  server.RaftServerConfigKeys (ConfUtils.java:logGet(46)) - raft.server.log.purge.preservation.log.num = 0 (default)
2023-12-10 00:36:52,624 [s0-impl-thread1] INFO  server.RaftServerConfigKeys (ConfUtils.java:logGet(46)) - raft.server.log.segment.size.max = 32MB (=33554432) (default)
2023-12-10 00:36:52,624 [s0-impl-thread1] INFO  server.RaftServerConfigKeys (ConfUtils.java:logGet(46)) - raft.server.log.segment.cache.num.max = 6 (default)
2023-12-10 00:36:52,624 [s0-impl-thread1] INFO  server.RaftServerConfigKeys (ConfUtils.java:logGet(46)) - raft.server.log.segment.cache.size.max = 200MB (=209715200) (default)
2023-12-10 00:36:52,624 [s0-impl-thread1] INFO  server.RaftServerConfigKeys (ConfUtils.java:logGet(46)) - raft.server.log.appender.buffer.byte-limit = 4MB (=4194304) (default)
2023-12-10 00:36:52,625 [s0-impl-thread1] INFO  util.AwaitToRun (AwaitToRun.java:start(81)) - Thread[s0@group-0047F0BA6773-cacheEviction-AwaitToRun,5,main] started
2023-12-10 00:36:52,625 [s0-impl-thread1] INFO  segmented.SegmentedRaftLogWorker (SegmentedRaftLogWorker.java:<init>(182)) - new s0@group-0047F0BA6773-SegmentedRaftLogWorker for RaftStorageImpl:Storage Directory /home/runner/work/ratis/ratis/ratis-test/target/test/data/6e893928/MiniRaftClusterWithNetty17500450/s0/b231a3ec-616e-4d54-854d-0047f0ba6773
2023-12-10 00:36:52,625 [s0-impl-thread1] INFO  server.RaftServerConfigKeys (ConfUtils.java:logGet(46)) - raft.server.log.queue.byte-limit = 64MB (=67108864) (default)
2023-12-10 00:36:52,625 [s0-impl-thread1] INFO  server.RaftServerConfigKeys (ConfUtils.java:logGet(46)) - raft.server.log.queue.element-limit = 4096 (default)
2023-12-10 00:36:52,625 [s0-impl-thread1] INFO  server.RaftServerConfigKeys (ConfUtils.java:logGet(46)) - raft.server.log.segment.size.max = 32MB (=33554432) (default)
2023-12-10 00:36:52,625 [s0-impl-thread1] INFO  server.RaftServerConfigKeys (ConfUtils.java:logGet(46)) - raft.server.log.preallocated.size = 4MB (=4194304) (default)
2023-12-10 00:36:52,625 [s0-impl-thread1] INFO  server.RaftServerConfigKeys (ConfUtils.java:logGet(46)) - raft.server.log.force.sync.num = 128 (default)
2023-12-10 00:36:52,625 [s0-impl-thread1] INFO  server.RaftServerConfigKeys (ConfUtils.java:logGet(46)) - raft.server.log.statemachine.data.sync = true (default)
2023-12-10 00:36:52,625 [s0-impl-thread1] INFO  server.RaftServerConfigKeys (ConfUtils.java:logGet(46)) - raft.server.log.statemachine.data.sync.timeout = 10s (default)
2023-12-10 00:36:52,625 [s0-impl-thread1] INFO  server.RaftServerConfigKeys (ConfUtils.java:logGet(46)) - raft.server.log.statemachine.data.sync.timeout.retry = -1 (default)
2023-12-10 00:36:52,625 [s0-impl-thread1] INFO  server.RaftServerConfigKeys (ConfUtils.java:logGet(46)) - raft.server.log.write.buffer.size = 8MB (=8388608) (default)
2023-12-10 00:36:52,627 [s0-impl-thread1] INFO  server.RaftServerConfigKeys (ConfUtils.java:logGet(46)) - raft.server.log.appender.buffer.byte-limit = 4MB (=4194304) (default)
2023-12-10 00:36:52,627 [s0-impl-thread1] INFO  server.RaftServerConfigKeys (ConfUtils.java:logGet(46)) - raft.server.log.unsafe-flush.enabled = false (default)
2023-12-10 00:36:52,627 [s0-impl-thread1] INFO  server.RaftServerConfigKeys (ConfUtils.java:logGet(46)) - raft.server.log.async-flush.enabled = false (default)
2023-12-10 00:36:52,627 [s0-impl-thread1] INFO  server.RaftServerConfigKeys (ConfUtils.java:logGet(46)) - raft.server.log.statemachine.data.caching.enabled = false (default)
2023-12-10 00:36:52,629 [s0-impl-thread1] TRACE util.FileUtils (LogUtils.java:supplyAndLog(69)) - Successfully supplied Files.newInputStream /home/runner/work/ratis/ratis/ratis-test/target/test/data/6e893928/MiniRaftClusterWithNetty17500450/s0/b231a3ec-616e-4d54-854d-0047f0ba6773/current/log_inprogress_0 with options []: sun.nio.ch.ChannelInputStream@53f0a03c
2023-12-10 00:36:52,630 [s0-impl-thread1] INFO  server.RaftServer$Division (ServerState.java:setRaftConf(382)) - s0@group-0047F0BA6773: set configuration 0: peers:[s0|localhost:33743]|listeners:[], old=null
2023-12-10 00:36:52,631 [s0-impl-thread1] INFO  segmented.LogSegment (LogSegment.java:loadSegment(170)) - Successfully read 39 entries from segment file /home/runner/work/ratis/ratis/ratis-test/target/test/data/6e893928/MiniRaftClusterWithNetty17500450/s0/b231a3ec-616e-4d54-854d-0047f0ba6773/current/log_inprogress_0
2023-12-10 00:36:52,631 [s0-impl-thread1] INFO  segmented.SegmentedRaftLogWorker (SegmentedRaftLogWorker.java:lambda$new$0(134)) - s0@group-0047F0BA6773-SegmentedRaftLogWorker: flushIndex: setUnconditionally 0 -> 38
2023-12-10 00:36:52,632 [s0-impl-thread1] INFO  segmented.SegmentedRaftLogWorker (SegmentedRaftLogWorker.java:lambda$new$0(134)) - s0@group-0047F0BA6773-SegmentedRaftLogWorker: safeCacheEvictIndex: setUnconditionally 0 -> -1
2023-12-10 00:36:52,632 [s0-impl-thread1] INFO  segmented.BufferedWriteChannel (BufferedWriteChannel.java:open(62)) - open log_inprogress_0 (append) at position 1090
2023-12-10 00:36:52,632 [s0-impl-thread1] INFO  server.RaftServer$Division (RaftServerImpl.java:start(392)) - s0@group-0047F0BA6773: start as a follower, conf=0: peers:[s0|localhost:33743]|listeners:[], old=null
2023-12-10 00:36:52,632 [s0-impl-thread1] INFO  server.RaftServer$Division (RaftServerImpl.java:setRole(379)) - s0@group-0047F0BA6773: changes role from      null to FOLLOWER at term 1 for startAsFollower
2023-12-10 00:36:52,632 [s0-impl-thread1] INFO  impl.RoleInfo (RoleInfo.java:updateAndGet(139)) - s0: start s0@group-0047F0BA6773-FollowerState
2023-12-10 00:36:52,632 [s0@group-0047F0BA6773-FollowerState] INFO  server.RaftServerConfigKeys (ConfUtils.java:logFallback(53)) - raft.server.rpc.first-election.timeout.min = 150ms (fallback to raft.server.rpc.timeout.min)
2023-12-10 00:36:52,632 [s0-impl-thread1] INFO  util.JmxRegister (JmxRegister.java:tryRegister(44)) - Successfully registered JMX Bean with object name Ratis:service=RaftServer,group=group-0047F0BA6773,id=s0
2023-12-10 00:36:52,632 [s0@group-0047F0BA6773-FollowerState] INFO  server.RaftServerConfigKeys (ConfUtils.java:logFallback(53)) - raft.server.rpc.first-election.timeout.max = 300ms (fallback to raft.server.rpc.timeout.max)
2023-12-10 00:36:52,632 [s0-impl-thread1] INFO  server.RaftServerConfigKeys (ConfUtils.java:logGet(46)) - raft.server.snapshot.trigger-when-stop.enabled = true (default)
2023-12-10 00:36:52,632 [s0-impl-thread1] INFO  server.RaftServerConfigKeys (ConfUtils.java:logGet(46)) - raft.server.snapshot.auto.trigger.enabled = true (custom)
2023-12-10 00:36:52,632 [s0-impl-thread1] INFO  server.RaftServerConfigKeys (ConfUtils.java:logGet(46)) - raft.server.snapshot.auto.trigger.threshold = 10 (custom)
2023-12-10 00:36:52,632 [s0-impl-thread1] INFO  server.RaftServerConfigKeys (ConfUtils.java:logGet(46)) - raft.server.snapshot.retention.file.num = -1 (default)
2023-12-10 00:36:52,633 [s0-impl-thread1] INFO  server.RaftServerConfigKeys (ConfUtils.java:logGet(46)) - raft.server.log.purge.upto.snapshot.index = false (default)
2023-12-10 00:36:52,633 [Time-limited test] INFO  server.RaftServer (RaftServerProxy.java:startImpl(406)) - s0: start RPC server
2023-12-10 00:36:52,633 [NettyRpcService-bossGroup--thread1] INFO  logging.LoggingHandler (AbstractInternalLogger.java:log(148)) - [id: 0x97600c03] REGISTERED
2023-12-10 00:36:52,634 [NettyRpcService-bossGroup--thread1] INFO  logging.LoggingHandler (AbstractInternalLogger.java:log(148)) - [id: 0x97600c03] BIND: 0.0.0.0/0.0.0.0:33743
2023-12-10 00:36:52,634 [NettyRpcService-bossGroup--thread1] INFO  logging.LoggingHandler (AbstractInternalLogger.java:log(148)) - [id: 0x97600c03, L:/0.0.0.0:33743] ACTIVE
2023-12-10 00:36:52,634 [Time-limited test] INFO  server.RaftServerConfigKeys (ConfUtils.java:logGet(46)) - raft.server.rpc.timeout.max = 300ms (default)
2023-12-10 00:36:52,634 [JvmPauseMonitor4] INFO  util.JvmPauseMonitor (JvmPauseMonitor.java:run(146)) - JvmPauseMonitor-s0: Started
2023-12-10 00:36:52,634 [Time-limited test] INFO  ratis.RaftTestUtil (RaftTestUtil.java:waitForLeader(100)) - printing ALL groups
  s0:  RUNNING  FOLLOWER s0@group-0047F0BA6773:t1, leader=null, voted=s0, raftlog=Memoized:s0@group-0047F0BA6773-SegmentedRaftLog:OPENED:c38, conf=0: peers:[s0|localhost:33743]|listeners:[], old=null RUNNING
2023-12-10 00:36:52,634 [Time-limited test] WARN  ratis.RaftTestUtil (RaftTestUtil.java:lambda$waitForLeader$3(119)) - Attempt #1 failed: java.lang.IllegalStateException: No leader yet : printing ALL groups
  s0:  RUNNING  FOLLOWER s0@group-0047F0BA6773:t1, leader=null, voted=s0, raftlog=Memoized:s0@group-0047F0BA6773-SegmentedRaftLog:OPENED:c38, conf=0: peers:[s0|localhost:33743]|listeners:[], old=null RUNNING
2023-12-10 00:36:52,839 [s0@group-0047F0BA6773-FollowerState] INFO  impl.FollowerState (FollowerState.java:run(143)) - s0@group-0047F0BA6773-FollowerState: change to CANDIDATE, lastRpcElapsedTime:207484371ns, electionTimeout:207ms
2023-12-10 00:36:52,839 [s0@group-0047F0BA6773-FollowerState] INFO  impl.RoleInfo (RoleInfo.java:shutdownFollowerState(110)) - s0: shutdown s0@group-0047F0BA6773-FollowerState
2023-12-10 00:36:52,840 [s0@group-0047F0BA6773-FollowerState] INFO  server.RaftServer$Division (RaftServerImpl.java:setRole(379)) - s0@group-0047F0BA6773: changes role from  FOLLOWER to CANDIDATE at term 1 for changeToCandidate
2023-12-10 00:36:52,840 [s0@group-0047F0BA6773-FollowerState] INFO  server.RaftServerConfigKeys (ConfUtils.java:logGet(46)) - raft.server.leaderelection.pre-vote = true (default)
2023-12-10 00:36:52,840 [s0@group-0047F0BA6773-FollowerState] INFO  impl.RoleInfo (RoleInfo.java:updateAndGet(139)) - s0: start s0@group-0047F0BA6773-LeaderElection3
2023-12-10 00:36:52,840 [s0@group-0047F0BA6773-LeaderElection3] INFO  impl.LeaderElection (LeaderElection.java:askForVotes(321)) - s0@group-0047F0BA6773-LeaderElection3 PRE_VOTE round 0: submit vote requests at term 1 for 0: peers:[s0|localhost:33743]|listeners:[], old=null
2023-12-10 00:36:52,840 [s0@group-0047F0BA6773-LeaderElection3] INFO  impl.LeaderElection (LeaderElection.java:askForVotes(323)) - s0@group-0047F0BA6773-LeaderElection3 PRE_VOTE round 0: result PASSED (term=1)
2023-12-10 00:36:52,840 [s0@group-0047F0BA6773-LeaderElection3] TRACE util.FileUtils (LogUtils.java:supplyAndLog(69)) - Successfully supplied FileChannel.open /home/runner/work/ratis/ratis/ratis-test/target/test/data/6e893928/MiniRaftClusterWithNetty17500450/s0/b231a3ec-616e-4d54-854d-0047f0ba6773/current/raft-meta.tmp with options [CREATE, WRITE]: sun.nio.ch.FileChannelImpl@2b567a93
2023-12-10 00:36:52,842 [s0@group-0047F0BA6773-LeaderElection3] TRACE util.FileUtils (LogUtils.java:runAndLog(49)) - Successfully ran Atomic Files.move /home/runner/work/ratis/ratis/ratis-test/target/test/data/6e893928/MiniRaftClusterWithNetty17500450/s0/b231a3ec-616e-4d54-854d-0047f0ba6773/current/raft-meta.tmp to /home/runner/work/ratis/ratis/ratis-test/target/test/data/6e893928/MiniRaftClusterWithNetty17500450/s0/b231a3ec-616e-4d54-854d-0047f0ba6773/current/raft-meta with options [REPLACE_EXISTING]
2023-12-10 00:36:52,842 [s0@group-0047F0BA6773-LeaderElection3] INFO  impl.LeaderElection (LeaderElection.java:askForVotes(321)) - s0@group-0047F0BA6773-LeaderElection3 ELECTION round 0: submit vote requests at term 2 for 0: peers:[s0|localhost:33743]|listeners:[], old=null
2023-12-10 00:36:52,842 [s0@group-0047F0BA6773-LeaderElection3] INFO  impl.LeaderElection (LeaderElection.java:askForVotes(323)) - s0@group-0047F0BA6773-LeaderElection3 ELECTION round 0: result PASSED (term=2)
2023-12-10 00:36:52,842 [s0@group-0047F0BA6773-LeaderElection3] INFO  impl.RoleInfo (RoleInfo.java:shutdownLeaderElection(130)) - s0: shutdown s0@group-0047F0BA6773-LeaderElection3
2023-12-10 00:36:52,842 [s0@group-0047F0BA6773-LeaderElection3] INFO  server.RaftServer$Division (RaftServerImpl.java:setRole(379)) - s0@group-0047F0BA6773: changes role from CANDIDATE to LEADER at term 2 for changeToLeader
2023-12-10 00:36:52,842 [s0@group-0047F0BA6773-LeaderElection3] INFO  server.RaftServerConfigKeys (ConfUtils.java:logGet(46)) - raft.server.staging.catchup.gap = 1000 (default)
2023-12-10 00:36:52,842 [s0@group-0047F0BA6773-LeaderElection3] INFO  server.RaftServerConfigKeys (ConfUtils.java:logGet(46)) - raft.server.write.element-limit = 4096 (default)
2023-12-10 00:36:52,842 [s0@group-0047F0BA6773-LeaderElection3] INFO  server.RaftServerConfigKeys (ConfUtils.java:logGet(46)) - raft.server.write.byte-limit = 64MB (=67108864) (default)
2023-12-10 00:36:52,842 [s0@group-0047F0BA6773-LeaderElection3] INFO  server.RaftServerConfigKeys (ConfUtils.java:logGet(46)) - raft.server.watch.timeout = 10s (default)
2023-12-10 00:36:52,842 [s0@group-0047F0BA6773-LeaderElection3] INFO  server.RaftServerConfigKeys (ConfUtils.java:logGet(46)) - raft.server.watch.timeout.denomination = 1s (default)
2023-12-10 00:36:52,842 [s0@group-0047F0BA6773-LeaderElection3] INFO  server.RaftServerConfigKeys (ConfUtils.java:logGet(46)) - raft.server.watch.element-limit = 65536 (default)
2023-12-10 00:36:52,842 [s0@group-0047F0BA6773-LeaderElection3] INFO  server.RaftServerConfigKeys (ConfUtils.java:logGet(46)) - raft.server.read.leader.lease.enabled = false (default)
2023-12-10 00:36:52,842 [s0@group-0047F0BA6773-LeaderElection3] INFO  server.RaftServerConfigKeys (ConfUtils.java:logGet(46)) - raft.server.read.leader.lease.timeout.ratio = 0.9 (default)
2023-12-10 00:36:52,842 [s0@group-0047F0BA6773-LeaderElection3] INFO  server.RaftServerConfigKeys (ConfUtils.java:logGet(46)) - raft.server.rpc.timeout.min = 150ms (default)
2023-12-10 00:36:52,842 [s0@group-0047F0BA6773-LeaderElection3] INFO  server.RaftServerConfigKeys (ConfUtils.java:logGet(46)) - raft.server.write.element-limit = 4096 (default)
2023-12-10 00:36:52,842 [s0@group-0047F0BA6773-LeaderElection3] INFO  server.RaftServerConfigKeys (ConfUtils.java:logGet(46)) - raft.server.write.follower.gap.ratio.max = -1.0 (default)
2023-12-10 00:36:52,842 [s0@group-0047F0BA6773-LeaderElection3] INFO  impl.RoleInfo (RoleInfo.java:updateAndGet(139)) - s0: start s0@group-0047F0BA6773-LeaderStateImpl
2023-12-10 00:36:52,843 [s0@group-0047F0BA6773-LeaderElection3] INFO  server.RaftServer$Division (RaftServerImpl.java:setFirstElection(564)) - s0@group-0047F0BA6773: set firstElectionSinceStartup to false for becomeLeader
2023-12-10 00:36:52,843 [s0@group-0047F0BA6773-LeaderElection3] INFO  server.RaftServer$Division (ServerState.java:setLeader(265)) - s0@group-0047F0BA6773: change Leader from null to s0 at term 2 for becomeLeader, leader elected after 227ms
2023-12-10 00:36:52,843 [s0@group-0047F0BA6773-LeaderElection3] INFO  segmented.SegmentedRaftLogWorker (SegmentedRaftLogWorker.java:rollLogSegment(435)) - s0@group-0047F0BA6773-SegmentedRaftLogWorker: Rolling segment log-0_38 to index:38
2023-12-10 00:36:52,843 [s0@group-0047F0BA6773-LeaderElection3] INFO  server.RaftServer$Division (ServerState.java:setRaftConf(382)) - s0@group-0047F0BA6773: set configuration 39: peers:[s0|localhost:33743]|listeners:[], old=null
2023-12-10 00:36:52,844 [s0@group-0047F0BA6773-SegmentedRaftLogWorker] TRACE util.FileUtils (LogUtils.java:runAndLog(49)) - Successfully ran Atomic Files.move /home/runner/work/ratis/ratis/ratis-test/target/test/data/6e893928/MiniRaftClusterWithNetty17500450/s0/b231a3ec-616e-4d54-854d-0047f0ba6773/current/log_inprogress_0 to /home/runner/work/ratis/ratis/ratis-test/target/test/data/6e893928/MiniRaftClusterWithNetty17500450/s0/b231a3ec-616e-4d54-854d-0047f0ba6773/current/log_0-38
2023-12-10 00:36:52,844 [s0@group-0047F0BA6773-SegmentedRaftLogWorker] INFO  segmented.SegmentedRaftLogWorker (SegmentedRaftLogWorker.java:execute(591)) - s0@group-0047F0BA6773-SegmentedRaftLogWorker: Rolled log segment from /home/runner/work/ratis/ratis/ratis-test/target/test/data/6e893928/MiniRaftClusterWithNetty17500450/s0/b231a3ec-616e-4d54-854d-0047f0ba6773/current/log_inprogress_0 to /home/runner/work/ratis/ratis/ratis-test/target/test/data/6e893928/MiniRaftClusterWithNetty17500450/s0/b231a3ec-616e-4d54-854d-0047f0ba6773/current/log_0-38
2023-12-10 00:36:52,844 [s0@group-0047F0BA6773-SegmentedRaftLogWorker] INFO  segmented.BufferedWriteChannel (BufferedWriteChannel.java:open(62)) - open log_inprogress_39 at position 0
2023-12-10 00:36:52,851 [s0@group-0047F0BA6773-SegmentedRaftLogWorker] INFO  segmented.SegmentedRaftLogWorker (SegmentedRaftLogWorker.java:execute(634)) - s0@group-0047F0BA6773-SegmentedRaftLogWorker: created new log segment /home/runner/work/ratis/ratis/ratis-test/target/test/data/6e893928/MiniRaftClusterWithNetty17500450/s0/b231a3ec-616e-4d54-854d-0047f0ba6773/current/log_inprogress_39
2023-12-10 00:36:52,851 [s0@group-0047F0BA6773-StateMachineUpdater] TRACE util.FileUtils (LogUtils.java:supplyAndLog(69)) - Successfully supplied FileChannel.open /home/runner/work/ratis/ratis/ratis-test/target/test/data/6e893928/MiniRaftClusterWithNetty17500450/s0/b231a3ec-616e-4d54-854d-0047f0ba6773/current/raft-meta.conf.tmp with options [CREATE, WRITE]: sun.nio.ch.FileChannelImpl@2bad540
2023-12-10 00:36:52,852 [s0@group-0047F0BA6773-StateMachineUpdater] TRACE util.FileUtils (LogUtils.java:runAndLog(49)) - Successfully ran Atomic Files.move /home/runner/work/ratis/ratis/ratis-test/target/test/data/6e893928/MiniRaftClusterWithNetty17500450/s0/b231a3ec-616e-4d54-854d-0047f0ba6773/current/raft-meta.conf.tmp to /home/runner/work/ratis/ratis/ratis-test/target/test/data/6e893928/MiniRaftClusterWithNetty17500450/s0/b231a3ec-616e-4d54-854d-0047f0ba6773/current/raft-meta.conf with options [REPLACE_EXISTING]
2023-12-10 00:36:52,852 [s0@group-0047F0BA6773-StateMachineUpdater] INFO  server.RaftServer$Division (LeaderStateImpl.java:isApplied(320)) - leader is ready since appliedIndex == 39 >= startIndex == 39
2023-12-10 00:36:53,085 [Time-limited test] INFO  ratis.RaftTestUtil (RaftTestUtil.java:waitForLeader(124)) - printing ALL groups
  s0:  RUNNING    LEADER s0@group-0047F0BA6773:t2, leader=s0, voted=s0, raftlog=Memoized:s0@group-0047F0BA6773-SegmentedRaftLog:OPENED:c40, conf=39: peers:[s0|localhost:33743]|listeners:[], old=null RUNNING
2023-12-10 00:36:53,085 [Time-limited test] INFO  statemachine.RaftSnapshotBaseTest (RaftSnapshotBaseTest.java:assertLogContent(113)) - 0) 0 term: 1, index: 1, stateMachineLogEntry {,   logData: "m0",   stateMachineEntry {,     stateMachineData: "StateMachine Data",   },   clientId: "\345?\275\016J\331E\377\201FV\366\212\026C\354",   callId: 35, }, 
2023-12-10 00:36:53,085 [Time-limited test] INFO  statemachine.RaftSnapshotBaseTest (RaftSnapshotBaseTest.java:assertLogContent(113)) - 1) 1 term: 1, index: 3, stateMachineLogEntry {,   logData: "m1",   stateMachineEntry {,     stateMachineData: "StateMachine Data",   },   clientId: "\345?\275\016J\331E\377\201FV\366\212\026C\354",   callId: 36, }, 
2023-12-10 00:36:53,085 [Time-limited test] INFO  statemachine.RaftSnapshotBaseTest (RaftSnapshotBaseTest.java:assertLogContent(113)) - 2) 2 term: 1, index: 5, stateMachineLogEntry {,   logData: "m2",   stateMachineEntry {,     stateMachineData: "StateMachine Data",   },   clientId: "\345?\275\016J\331E\377\201FV\366\212\026C\354",   callId: 37, }, 
2023-12-10 00:36:53,086 [Time-limited test] INFO  statemachine.RaftSnapshotBaseTest (RaftSnapshotBaseTest.java:assertLogContent(113)) - 3) 3 term: 1, index: 7, stateMachineLogEntry {,   logData: "m3",   stateMachineEntry {,     stateMachineData: "StateMachine Data",   },   clientId: "\345?\275\016J\331E\377\201FV\366\212\026C\354",   callId: 38, }, 
2023-12-10 00:36:53,086 [Time-limited test] INFO  statemachine.RaftSnapshotBaseTest (RaftSnapshotBaseTest.java:assertLogContent(113)) - 4) 4 term: 1, index: 9, stateMachineLogEntry {,   logData: "m4",   stateMachineEntry {,     stateMachineData: "StateMachine Data",   },   clientId: "\345?\275\016J\331E\377\201FV\366\212\026C\354",   callId: 39, }, 
2023-12-10 00:36:53,086 [Time-limited test] INFO  statemachine.RaftSnapshotBaseTest (RaftSnapshotBaseTest.java:assertLogContent(113)) - 5) 5 term: 1, index: 11, stateMachineLogEntry {,   logData: "m5",   stateMachineEntry {,     stateMachineData: "StateMachine Data",   },   clientId: "\345?\275\016J\331E\377\201FV\366\212\026C\354",   callId: 40, }, 
2023-12-10 00:36:53,086 [Time-limited test] INFO  statemachine.RaftSnapshotBaseTest (RaftSnapshotBaseTest.java:assertLogContent(113)) - 6) 6 term: 1, index: 13, stateMachineLogEntry {,   logData: "m6",   stateMachineEntry {,     stateMachineData: "StateMachine Data",   },   clientId: "\345?\275\016J\331E\377\201FV\366\212\026C\354",   callId: 41, }, 
2023-12-10 00:36:53,086 [Time-limited test] INFO  statemachine.RaftSnapshotBaseTest (RaftSnapshotBaseTest.java:assertLogContent(113)) - 7) 7 term: 1, index: 15, stateMachineLogEntry {,   logData: "m7",   stateMachineEntry {,     stateMachineData: "StateMachine Data",   },   clientId: "\345?\275\016J\331E\377\201FV\366\212\026C\354",   callId: 42, }, 
2023-12-10 00:36:53,086 [Time-limited test] INFO  statemachine.RaftSnapshotBaseTest (RaftSnapshotBaseTest.java:assertLogContent(113)) - 8) 8 term: 1, index: 17, stateMachineLogEntry {,   logData: "m8",   stateMachineEntry {,     stateMachineData: "StateMachine Data",   },   clientId: "\345?\275\016J\331E\377\201FV\366\212\026C\354",   callId: 43, }, 
2023-12-10 00:36:53,087 [Time-limited test] INFO  statemachine.RaftSnapshotBaseTest (RaftSnapshotBaseTest.java:assertLogContent(113)) - 9) 9 term: 1, index: 19, stateMachineLogEntry {,   logData: "m9",   stateMachineEntry {,     stateMachineData: "StateMachine Data",   },   clientId: "\345?\275\016J\331E\377\201FV\366\212\026C\354",   callId: 44, }, 
2023-12-10 00:36:53,087 [Time-limited test] INFO  statemachine.RaftSnapshotBaseTest (RaftSnapshotBaseTest.java:assertLogContent(113)) - 10) 10 term: 1, index: 21, stateMachineLogEntry {,   logData: "m10",   stateMachineEntry {,     stateMachineData: "StateMachine Data",   },   clientId: "\345?\275\016J\331E\377\201FV\366\212\026C\354",   callId: 45, }, 
2023-12-10 00:36:53,087 [Time-limited test] INFO  statemachine.RaftSnapshotBaseTest (RaftSnapshotBaseTest.java:assertLogContent(113)) - 11) 11 term: 1, index: 23, stateMachineLogEntry {,   logData: "m11",   stateMachineEntry {,     stateMachineData: "StateMachine Data",   },   clientId: "\345?\275\016J\331E\377\201FV\366\212\026C\354",   callId: 46, }, 
2023-12-10 00:36:53,087 [Time-limited test] INFO  statemachine.RaftSnapshotBaseTest (RaftSnapshotBaseTest.java:assertLogContent(113)) - 12) 12 term: 1, index: 25, stateMachineLogEntry {,   logData: "m12",   stateMachineEntry {,     stateMachineData: "StateMachine Data",   },   clientId: "\345?\275\016J\331E\377\201FV\366\212\026C\354",   callId: 47, }, 
2023-12-10 00:36:53,087 [Time-limited test] INFO  statemachine.RaftSnapshotBaseTest (RaftSnapshotBaseTest.java:assertLogContent(113)) - 13) 13 term: 1, index: 27, stateMachineLogEntry {,   logData: "m13",   stateMachineEntry {,     stateMachineData: "StateMachine Data",   },   clientId: "\345?\275\016J\331E\377\201FV\366\212\026C\354",   callId: 48, }, 
2023-12-10 00:36:53,087 [Time-limited test] INFO  statemachine.RaftSnapshotBaseTest (RaftSnapshotBaseTest.java:assertLogContent(113)) - 14) 14 term: 1, index: 29, stateMachineLogEntry {,   logData: "m14",   stateMachineEntry {,     stateMachineData: "StateMachine Data",   },   clientId: "\345?\275\016J\331E\377\201FV\366\212\026C\354",   callId: 49, }, 
2023-12-10 00:36:53,087 [Time-limited test] INFO  statemachine.RaftSnapshotBaseTest (RaftSnapshotBaseTest.java:assertLogContent(113)) - 15) 15 term: 1, index: 31, stateMachineLogEntry {,   logData: "m15",   stateMachineEntry {,     stateMachineData: "StateMachine Data",   },   clientId: "\345?\275\016J\331E\377\201FV\366\212\026C\354",   callId: 50, }, 
2023-12-10 00:36:53,088 [Time-limited test] INFO  statemachine.RaftSnapshotBaseTest (RaftSnapshotBaseTest.java:assertLogContent(113)) - 16) 16 term: 1, index: 33, stateMachineLogEntry {,   logData: "m16",   stateMachineEntry {,     stateMachineData: "StateMachine Data",   },   clientId: "\345?\275\016J\331E\377\201FV\366\212\026C\354",   callId: 51, }, 
2023-12-10 00:36:53,088 [Time-limited test] INFO  statemachine.RaftSnapshotBaseTest (RaftSnapshotBaseTest.java:assertLogContent(113)) - 17) 17 term: 1, index: 35, stateMachineLogEntry {,   logData: "m17",   stateMachineEntry {,     stateMachineData: "StateMachine Data",   },   clientId: "\345?\275\016J\331E\377\201FV\366\212\026C\354",   callId: 52, }, 
2023-12-10 00:36:53,088 [Time-limited test] INFO  statemachine.RaftSnapshotBaseTest (RaftSnapshotBaseTest.java:assertLogContent(113)) - 18) 18 term: 1, index: 37, stateMachineLogEntry {,   logData: "m18",   stateMachineEntry {,     stateMachineData: "StateMachine Data",   },   clientId: "\345?\275\016J\331E\377\201FV\366\212\026C\354",   callId: 53, }, 
2023-12-10 00:36:53,088 [Time-limited test] INFO  impl.MiniRaftCluster (MiniRaftCluster.java:shutdown(831)) - ************************************************************** 
2023-12-10 00:36:53,088 [Time-limited test] INFO  impl.MiniRaftCluster (MiniRaftCluster.java:shutdown(832)) - *** 
2023-12-10 00:36:53,088 [Time-limited test] INFO  impl.MiniRaftCluster (MiniRaftCluster.java:shutdown(833)) - ***     Stopping MiniRaftClusterWithNetty
2023-12-10 00:36:53,088 [Time-limited test] INFO  impl.MiniRaftCluster (MiniRaftCluster.java:shutdown(834)) - *** 
2023-12-10 00:36:53,088 [Time-limited test] INFO  impl.MiniRaftCluster (MiniRaftCluster.java:shutdown(835)) - ************************************************************** 
2023-12-10 00:36:53,088 [Time-limited test] INFO  impl.MiniRaftCluster (MiniRaftCluster.java:shutdown(836)) - printing ALL groups
  s0:  RUNNING    LEADER s0@group-0047F0BA6773:t2, leader=s0, voted=s0, raftlog=Memoized:s0@group-0047F0BA6773-SegmentedRaftLog:OPENED:c40, conf=39: peers:[s0|localhost:33743]|listeners:[], old=null RUNNING
2023-12-10 00:36:53,088 [MiniRaftCluster-8] INFO  server.RaftServer (RaftServerProxy.java:lambda$close$9(416)) - s0: close
2023-12-10 00:36:53,089 [s0-impl-thread1] INFO  server.RaftServer$Division (RaftServerImpl.java:lambda$close$3(516)) - s0@group-0047F0BA6773: shutdown
2023-12-10 00:36:53,089 [NettyRpcService-bossGroup--thread1] INFO  logging.LoggingHandler (AbstractInternalLogger.java:log(148)) - [id: 0x97600c03, L:/0.0.0.0:33743] CLOSE
2023-12-10 00:36:53,089 [s0-impl-thread1] INFO  util.JmxRegister (JmxRegister.java:unregister(73)) - Successfully un-registered JMX Bean with object name Ratis:service=RaftServer,group=group-0047F0BA6773,id=s0
2023-12-10 00:36:53,089 [s0-impl-thread1] INFO  impl.RoleInfo (RoleInfo.java:shutdownLeaderState(94)) - s0: shutdown s0@group-0047F0BA6773-LeaderStateImpl
2023-12-10 00:36:53,089 [NettyRpcService-bossGroup--thread1] INFO  logging.LoggingHandler (AbstractInternalLogger.java:log(148)) - [id: 0x97600c03, L:/0.0.0.0:33743] INACTIVE
2023-12-10 00:36:53,089 [s0-impl-thread1] INFO  impl.PendingRequests (PendingRequests.java:sendNotLeaderResponses(289)) - s0@group-0047F0BA6773-PendingRequests: sendNotLeaderResponses
2023-12-10 00:36:53,089 [NettyRpcService-bossGroup--thread1] INFO  logging.LoggingHandler (AbstractInternalLogger.java:log(148)) - [id: 0x97600c03, L:/0.0.0.0:33743] UNREGISTERED
2023-12-10 00:36:53,090 [s0-impl-thread1] INFO  impl.StateMachineUpdater (StateMachineUpdater.java:stopAndJoin(157)) - s0@group-0047F0BA6773-StateMachineUpdater: set stopIndex = 40
2023-12-10 00:36:53,092 [s0@group-0047F0BA6773-StateMachineUpdater] INFO  segmented.BufferedWriteChannel (BufferedWriteChannel.java:open(62)) - open snapshot.2_40 at position 0
2023-12-10 00:36:53,101 [s0@group-0047F0BA6773-StateMachineUpdater] TRACE util.FileUtils (LogUtils.java:supplyAndLog(69)) - Successfully supplied FileChannel.open /home/runner/work/ratis/ratis/ratis-test/target/test/data/6e893928/MiniRaftClusterWithNetty17500450/s0/b231a3ec-616e-4d54-854d-0047f0ba6773/sm/snapshot.2_40 with options [READ]: sun.nio.ch.FileChannelImpl@c7d2b67
2023-12-10 00:36:53,101 [s0@group-0047F0BA6773-StateMachineUpdater] TRACE util.FileUtils (LogUtils.java:supplyAndLog(69)) - Successfully supplied FileChannel.open /home/runner/work/ratis/ratis/ratis-test/target/test/data/6e893928/MiniRaftClusterWithNetty17500450/s0/b231a3ec-616e-4d54-854d-0047f0ba6773/sm/snapshot.2_40.md5.tmp with options [CREATE, WRITE]: sun.nio.ch.FileChannelImpl@842be30
2023-12-10 00:36:53,102 [s0@group-0047F0BA6773-StateMachineUpdater] TRACE util.FileUtils (LogUtils.java:runAndLog(49)) - Successfully ran Atomic Files.move /home/runner/work/ratis/ratis/ratis-test/target/test/data/6e893928/MiniRaftClusterWithNetty17500450/s0/b231a3ec-616e-4d54-854d-0047f0ba6773/sm/snapshot.2_40.md5.tmp to /home/runner/work/ratis/ratis/ratis-test/target/test/data/6e893928/MiniRaftClusterWithNetty17500450/s0/b231a3ec-616e-4d54-854d-0047f0ba6773/sm/snapshot.2_40.md5 with options [REPLACE_EXISTING]
2023-12-10 00:36:53,102 [s0@group-0047F0BA6773-StateMachineUpdater] INFO  impl.StateMachineUpdater (StateMachineUpdater.java:takeSnapshot(295)) - s0@group-0047F0BA6773-StateMachineUpdater: Took a snapshot at index 40
2023-12-10 00:36:53,102 [s0@group-0047F0BA6773-StateMachineUpdater] INFO  impl.StateMachineUpdater (StateMachineUpdater.java:lambda$new$0(98)) - s0@group-0047F0BA6773-StateMachineUpdater: snapshotIndex: updateIncreasingly 38 -> 40
2023-12-10 00:36:53,103 [s0-impl-thread1] INFO  server.RaftServer$Division (ServerState.java:close(423)) - s0@group-0047F0BA6773: applyIndex: 40
2023-12-10 00:36:53,103 [s0@group-0047F0BA6773-cacheEviction-AwaitToRun] INFO  util.AwaitToRun (AwaitToRun.java:run(49)) - s0@group-0047F0BA6773-cacheEviction-AwaitToRun-AwaitForSignal is interrupted
2023-12-10 00:36:53,852 [s0-impl-thread1] INFO  segmented.SegmentedRaftLogWorker (SegmentedRaftLogWorker.java:close(245)) - s0@group-0047F0BA6773-SegmentedRaftLogWorker close()
2023-12-10 00:36:53,853 [JvmPauseMonitor4] INFO  util.JvmPauseMonitor (JvmPauseMonitor.java:run(152)) - JvmPauseMonitor-s0: Stopped
2023-12-10 00:36:53,853 [Time-limited test] INFO  impl.MiniRaftCluster (MiniRaftCluster.java:shutdown(855)) - MiniRaftClusterWithNetty shutdown completed
2023-12-10 00:36:53,853 [Time-limited test] INFO  impl.MiniRaftCluster (MiniRaftCluster.java:shutdown(831)) - ************************************************************** 
2023-12-10 00:36:53,854 [Time-limited test] INFO  impl.MiniRaftCluster (MiniRaftCluster.java:shutdown(832)) - *** 
2023-12-10 00:36:53,854 [Time-limited test] INFO  impl.MiniRaftCluster (MiniRaftCluster.java:shutdown(833)) - ***     Stopping MiniRaftClusterWithNetty
2023-12-10 00:36:53,854 [Time-limited test] INFO  impl.MiniRaftCluster (MiniRaftCluster.java:shutdown(834)) - *** 
2023-12-10 00:36:53,854 [Time-limited test] INFO  impl.MiniRaftCluster (MiniRaftCluster.java:shutdown(835)) - ************************************************************** 
2023-12-10 00:36:53,854 [Time-limited test] INFO  impl.MiniRaftCluster (MiniRaftCluster.java:shutdown(836)) - printing ALL groups
  s0:   CLOSED    LEADER s0@group-0047F0BA6773:t2, leader=s0, voted=s0, raftlog=Memoized:s0@group-0047F0BA6773-SegmentedRaftLog:CLOSED:c40, conf=39: peers:[s0|localhost:33743]|listeners:[], old=null CLOSED
2023-12-10 00:36:53,854 [Time-limited test] INFO  impl.MiniRaftCluster (MiniRaftCluster.java:shutdown(855)) - MiniRaftClusterWithNetty shutdown completed
]]></system-out>
  </testcase>
  <testcase name="testBasicInstallSnapshot" classname="org.apache.ratis.netty.TestRaftSnapshotWithNetty" time="3.032">
    <error message="s4: Failed to start NettyRpcService" type="java.io.IOException"><![CDATA[java.io.IOException: s4: Failed to start NettyRpcService
	at org.apache.ratis.netty.server.NettyRpcService.startImpl(NettyRpcService.java:152)
	at org.apache.ratis.util.LifeCycle.startAndTransition(LifeCycle.java:270)
	at org.apache.ratis.server.RaftServerRpcWithProxy.start(RaftServerRpcWithProxy.java:72)
	at org.apache.ratis.server.impl.RaftServerProxy.startImpl(RaftServerProxy.java:407)
	at org.apache.ratis.util.LifeCycle.startAndTransition(LifeCycle.java:270)
	at org.apache.ratis.server.impl.RaftServerProxy.start(RaftServerProxy.java:400)
	at org.apache.ratis.server.impl.MiniRaftCluster.addNewPeers(MiniRaftCluster.java:485)
	at org.apache.ratis.server.impl.MiniRaftCluster.addNewPeers(MiniRaftCluster.java:454)
	at org.apache.ratis.statemachine.RaftSnapshotBaseTest.testBasicInstallSnapshot(RaftSnapshotBaseTest.java:241)
	at java.base/jdk.internal.reflect.NativeMethodAccessorImpl.invoke0(Native Method)
	at java.base/jdk.internal.reflect.NativeMethodAccessorImpl.invoke(NativeMethodAccessorImpl.java:62)
	at java.base/jdk.internal.reflect.DelegatingMethodAccessorImpl.invoke(DelegatingMethodAccessorImpl.java:43)
	at java.base/java.lang.reflect.Method.invoke(Method.java:566)
	at org.junit.runners.model.FrameworkMethod$1.runReflectiveCall(FrameworkMethod.java:59)
	at org.junit.internal.runners.model.ReflectiveCallable.run(ReflectiveCallable.java:12)
	at org.junit.runners.model.FrameworkMethod.invokeExplosively(FrameworkMethod.java:56)
	at org.junit.internal.runners.statements.InvokeMethod.evaluate(InvokeMethod.java:17)
	at org.junit.internal.runners.statements.RunBefores.evaluate(RunBefores.java:26)
	at org.junit.internal.runners.statements.RunAfters.evaluate(RunAfters.java:27)
	at org.junit.internal.runners.statements.FailOnTimeout$CallableStatement.call(FailOnTimeout.java:299)
	at org.junit.internal.runners.statements.FailOnTimeout$CallableStatement.call(FailOnTimeout.java:293)
	at java.base/java.util.concurrent.FutureTask.run(FutureTask.java:264)
	at java.base/java.lang.Thread.run(Thread.java:829)
Caused by: org.apache.ratis.thirdparty.io.netty.channel.unix.Errors$NativeIoException: bind(..) failed: Address already in use
]]></error>
    <system-out><![CDATA[2023-12-10 00:36:53,854 [main] INFO  util.LogUtils (Slf4jUtils.java:setLogLevel(38)) - Successfully set org.apache.ratis.conf.ConfUtils log level to WARN
2023-12-10 00:36:53,855 [main] INFO  util.LogUtils (Slf4jUtils.java:setLogLevel(38)) - Successfully set org.apache.ratis.util.FileUtils log level to TRACE
2023-12-10 00:36:53,855 [main] INFO  util.LogUtils (Slf4jUtils.java:setLogLevel(38)) - Successfully set org.apache.ratis.server.RaftServer$Division log level to DEBUG
2023-12-10 00:36:53,855 [main] INFO  util.LogUtils (Slf4jUtils.java:setLogLevel(38)) - Successfully set org.apache.ratis.server.raftlog.RaftLog log level to DEBUG
2023-12-10 00:36:53,855 [main] INFO  util.LogUtils (Slf4jUtils.java:setLogLevel(38)) - Successfully set org.apache.ratis.client.RaftClient log level to DEBUG
2023-12-10 00:36:53,855 [Time-limited test] INFO  impl.MiniRaftCluster (MiniRaftCluster.java:<init>(306)) - new MiniRaftClusterWithNetty with group-116E3AE48395:[s0|localhost:33319]
2023-12-10 00:36:53,856 [Time-limited test] INFO  impl.MiniRaftCluster (MiniRaftCluster.java:start(339)) - .............................................................. 
2023-12-10 00:36:53,856 [Time-limited test] INFO  impl.MiniRaftCluster (MiniRaftCluster.java:start(340)) - ... 
2023-12-10 00:36:53,856 [Time-limited test] INFO  impl.MiniRaftCluster (MiniRaftCluster.java:start(341)) - ...     Starting MiniRaftClusterWithNetty
2023-12-10 00:36:53,856 [Time-limited test] INFO  impl.MiniRaftCluster (MiniRaftCluster.java:start(342)) - ... 
2023-12-10 00:36:53,856 [Time-limited test] INFO  impl.MiniRaftCluster (MiniRaftCluster.java:start(343)) - .............................................................. 
2023-12-10 00:36:53,856 [Time-limited test] INFO  impl.MiniRaftCluster (MiniRaftCluster.java:initServers(318)) - servers = {}
2023-12-10 00:36:53,856 [Time-limited test] INFO  impl.MiniRaftCluster (MiniRaftCluster.java:newRaftServer(382)) - newRaftServer: s0, group-116E3AE48395:[s0|localhost:33319], format? true
2023-12-10 00:36:53,856 [Time-limited test] TRACE util.FileUtils (FileUtils.java:deleteFully(305)) - deleteFully target/test/data/6e893928/MiniRaftClusterWithNetty9ba32ec/s0
2023-12-10 00:36:53,856 [Time-limited test] TRACE util.FileUtils (FileUtils.java:deleteFully(318)) - deleteFully: target/test/data/6e893928/MiniRaftClusterWithNetty9ba32ec/s0 does not exist.
2023-12-10 00:36:53,856 [Time-limited test] INFO  impl.MiniRaftCluster (MiniRaftCluster.java:newRaftServer(387)) - Formatted directory target/test/data/6e893928/MiniRaftClusterWithNetty9ba32ec/s0
2023-12-10 00:36:53,856 [Time-limited test] INFO  server.RaftServer (ConfUtils.java:logGet(46)) - raft.rpc.type = NETTY (custom)
2023-12-10 00:36:53,856 [Time-limited test] INFO  netty.NettyConfigKeys$Server (ConfUtils.java:logGet(46)) - raft.netty.server.use-epoll = true (default)
2023-12-10 00:36:53,856 [Time-limited test] INFO  netty.NettyUtils (NettyUtils.java:newEventLoopGroup(69)) - Create EpollEventLoopGroup for NettyRpcService-bossGroup; Thread size is 0.
2023-12-10 00:36:53,856 [Time-limited test] INFO  netty.NettyUtils (NettyUtils.java:newEventLoopGroup(69)) - Create EpollEventLoopGroup for NettyRpcService-workerGroup; Thread size is 0.
2023-12-10 00:36:53,857 [Time-limited test] INFO  netty.NettyConfigKeys$Server (ConfUtils.java:logGet(46)) - raft.netty.server.host = null (default)
2023-12-10 00:36:53,857 [Time-limited test] INFO  netty.NettyConfigKeys$Server (ConfUtils.java:logGet(46)) - raft.netty.server.port = 33319 (custom)
2023-12-10 00:36:53,857 [Time-limited test] INFO  impl.DataStreamServerImpl (ConfUtils.java:logGet(46)) - raft.datastream.type = DISABLED (default)
2023-12-10 00:36:53,857 [Time-limited test] INFO  server.RaftServerConfigKeys (ConfUtils.java:logGet(46)) - raft.server.sleep.deviation.threshold = 300ms (default)
2023-12-10 00:36:53,857 [Time-limited test] INFO  server.RaftServerConfigKeys (ConfUtils.java:logGet(46)) - raft.server.close.threshold = 60s (default)
2023-12-10 00:36:53,857 [Time-limited test] INFO  server.RaftServerConfigKeys (ConfUtils.java:logGet(46)) - raft.server.leaderelection.leader.step-down.wait-time = 10s (default)
2023-12-10 00:36:53,857 [Time-limited test] INFO  server.RaftServerConfigKeys (ConfUtils.java:logGet(46)) - raft.server.storage.dir = [/home/runner/work/ratis/ratis/ratis-test/target/test/data/6e893928/MiniRaftClusterWithNetty9ba32ec/s0] (custom)
2023-12-10 00:36:53,857 [Time-limited test] INFO  server.RaftServerConfigKeys (ConfUtils.java:logGet(46)) - raft.server.threadpool.proxy.cached = true (default)
2023-12-10 00:36:53,857 [Time-limited test] INFO  server.RaftServerConfigKeys (ConfUtils.java:logGet(46)) - raft.server.threadpool.proxy.size = 0 (default)
2023-12-10 00:36:53,858 [Time-limited test] INFO  server.RaftServer (RaftServerProxy.java:addNew(100)) - s0: addNew group-116E3AE48395:[s0|localhost:33319] returns group-116E3AE48395:java.util.concurrent.CompletableFuture@5eb63f62[Not completed]
2023-12-10 00:36:53,858 [s0-groupManagement] INFO  netty.NettyUtils (NettyUtils.java:newEventLoopGroup(69)) - Create EpollEventLoopGroup for s0; Thread size is 0.
2023-12-10 00:36:53,858 [s0-groupManagement] INFO  server.RaftServerConfigKeys (ConfUtils.java:logGet(46)) - raft.server.log.segment.size.max = 32MB (=33554432) (default)
2023-12-10 00:36:53,858 [s0-groupManagement] INFO  server.RaftServerConfigKeys (ConfUtils.java:logGet(46)) - raft.server.log.preallocated.size = 4MB (=4194304) (default)
2023-12-10 00:36:53,858 [s0-groupManagement] INFO  server.RaftServerConfigKeys (ConfUtils.java:logGet(46)) - raft.server.log.write.buffer.size = 8MB (=8388608) (default)
2023-12-10 00:36:53,858 [s0-groupManagement] INFO  server.RaftServer$Division (RaftServerImpl.java:<init>(256)) - s0: new RaftServerImpl for group-116E3AE48395:[s0|localhost:33319] with SimpleStateMachine4Testing:uninitialized
2023-12-10 00:36:53,858 [s0-groupManagement] INFO  server.RaftServerConfigKeys (ConfUtils.java:logGet(46)) - raft.server.rpc.timeout.min = 150ms (default)
2023-12-10 00:36:53,858 [s0-groupManagement] INFO  server.RaftServerConfigKeys (ConfUtils.java:logGet(46)) - raft.server.rpc.timeout.max = 300ms (default)
2023-12-10 00:36:53,858 [s0-groupManagement] INFO  server.RaftServerConfigKeys (ConfUtils.java:logGet(46)) - raft.server.rpc.sleep.time = 25ms (default)
2023-12-10 00:36:53,858 [s0-groupManagement] INFO  server.RaftServerConfigKeys (ConfUtils.java:logGet(46)) - raft.server.rpc.slowness.timeout = 60s (default)
2023-12-10 00:36:53,858 [s0-groupManagement] INFO  server.RaftServerConfigKeys (ConfUtils.java:logGet(46)) - raft.server.leaderelection.leader.step-down.wait-time = 10s (default)
2023-12-10 00:36:53,858 [s0-groupManagement] INFO  server.RaftServerConfigKeys (ConfUtils.java:logGet(46)) - raft.server.leaderelection.member.majority-add = false (default)
2023-12-10 00:36:53,858 [s0-groupManagement] INFO  server.RaftServerConfigKeys (ConfUtils.java:logGet(46)) - raft.server.sleep.deviation.threshold = 300ms (default)
2023-12-10 00:36:53,859 [s0-groupManagement] INFO  server.RaftServer$Division (ServerState.java:<init>(113)) - s0@group-116E3AE48395: ConfigurationManager, init=-1: peers:[s0|localhost:33319]|listeners:[], old=null, confs=<EMPTY_MAP>
2023-12-10 00:36:53,859 [s0-groupManagement] INFO  server.RaftServerConfigKeys (ConfUtils.java:logGet(46)) - raft.server.notification.no-leader.timeout = 60s (default)
2023-12-10 00:36:53,859 [s0-groupManagement] INFO  server.RaftServerConfigKeys (ConfUtils.java:logGet(46)) - raft.server.read.timeout = 10s (default)
2023-12-10 00:36:53,859 [s0-groupManagement] INFO  server.RaftServerConfigKeys (ConfUtils.java:logGet(46)) - raft.server.retrycache.expirytime = 60s (default)
2023-12-10 00:36:53,859 [s0-groupManagement] INFO  server.RaftServerConfigKeys (ConfUtils.java:logGet(46)) - raft.server.retrycache.statistics.expirytime = 100ms (default)
2023-12-10 00:36:53,859 [s0-groupManagement] INFO  server.RaftServerConfigKeys (ConfUtils.java:logGet(46)) - raft.server.read.option = DEFAULT (default)
2023-12-10 00:36:53,859 [s0-groupManagement] INFO  server.RaftServerConfigKeys (ConfUtils.java:logGet(46)) - raft.server.read.read-after-write-consistent.write-index-cache.expiry-time = 60s (default)
2023-12-10 00:36:53,860 [s0-groupManagement] INFO  server.RaftServerConfigKeys (ConfUtils.java:logGet(46)) - raft.server.rpc.request.timeout = 3000ms (default)
2023-12-10 00:36:53,860 [s0-groupManagement] INFO  server.RaftServerConfigKeys (ConfUtils.java:logGet(46)) - raft.server.log.appender.install.snapshot.enabled = true (default)
2023-12-10 00:36:53,860 [s0-groupManagement] INFO  server.RaftServerConfigKeys (ConfUtils.java:logGet(46)) - raft.server.threadpool.server.cached = true (default)
2023-12-10 00:36:53,860 [s0-groupManagement] INFO  server.RaftServerConfigKeys (ConfUtils.java:logGet(46)) - raft.server.threadpool.server.size = 0 (default)
2023-12-10 00:36:53,860 [s0-groupManagement] INFO  server.RaftServerConfigKeys (ConfUtils.java:logGet(46)) - raft.server.threadpool.client.cached = true (default)
2023-12-10 00:36:53,860 [s0-groupManagement] INFO  server.RaftServerConfigKeys (ConfUtils.java:logGet(46)) - raft.server.threadpool.client.size = 0 (default)
2023-12-10 00:36:53,860 [s0-impl-thread1] INFO  server.RaftServerConfigKeys (ConfUtils.java:logGet(46)) - raft.server.storage.free-space.min = 0MB (=0) (default)
2023-12-10 00:36:53,860 [s0-impl-thread1] INFO  server.RaftServerConfigKeys (ConfUtils.java:logGet(46)) - raft.server.log.corruption.policy = EXCEPTION (default)
2023-12-10 00:36:53,860 [s0-impl-thread1] INFO  server.RaftServerConfigKeys (ConfUtils.java:logGet(46)) - raft.server.storage.dir = [/home/runner/work/ratis/ratis/ratis-test/target/test/data/6e893928/MiniRaftClusterWithNetty9ba32ec/s0] (custom)
2023-12-10 00:36:53,861 [s0-impl-thread1] INFO  storage.RaftStorageDirectory (RaftStorageDirectoryImpl.java:analyzeStorage(138)) - The storage directory /home/runner/work/ratis/ratis/ratis-test/target/test/data/6e893928/MiniRaftClusterWithNetty9ba32ec/s0/48ae379c-f0c8-479a-9a37-116e3ae48395 does not exist. Creating ...
2023-12-10 00:36:53,861 [s0-impl-thread1] TRACE util.FileUtils (LogUtils.java:runAndLog(49)) - Successfully ran Files.createDirectories /home/runner/work/ratis/ratis/ratis-test/target/test/data/6e893928/MiniRaftClusterWithNetty9ba32ec/s0/48ae379c-f0c8-479a-9a37-116e3ae48395
2023-12-10 00:36:53,862 [s0-impl-thread1] INFO  storage.RaftStorageDirectory (RaftStorageDirectoryImpl.java:tryLock(228)) - Lock on /home/runner/work/ratis/ratis/ratis-test/target/test/data/6e893928/MiniRaftClusterWithNetty9ba32ec/s0/48ae379c-f0c8-479a-9a37-116e3ae48395/in_use.lock acquired by nodename 6805@fv-az1103-11
2023-12-10 00:36:53,862 [s0-impl-thread1] TRACE util.FileUtils (LogUtils.java:runAndLog(49)) - Successfully ran Files.createDirectories /home/runner/work/ratis/ratis/ratis-test/target/test/data/6e893928/MiniRaftClusterWithNetty9ba32ec/s0/48ae379c-f0c8-479a-9a37-116e3ae48395/current
2023-12-10 00:36:53,862 [s0-impl-thread1] TRACE util.FileUtils (LogUtils.java:runAndLog(49)) - Successfully ran Files.createDirectories /home/runner/work/ratis/ratis/ratis-test/target/test/data/6e893928/MiniRaftClusterWithNetty9ba32ec/s0/48ae379c-f0c8-479a-9a37-116e3ae48395/sm
2023-12-10 00:36:53,862 [s0-impl-thread1] TRACE util.FileUtils (LogUtils.java:supplyAndLog(69)) - Successfully supplied FileChannel.open /home/runner/work/ratis/ratis/ratis-test/target/test/data/6e893928/MiniRaftClusterWithNetty9ba32ec/s0/48ae379c-f0c8-479a-9a37-116e3ae48395/current/raft-meta.tmp with options [CREATE, WRITE]: sun.nio.ch.FileChannelImpl@a8b9522
2023-12-10 00:36:53,864 [s0-impl-thread1] TRACE util.FileUtils (LogUtils.java:runAndLog(49)) - Successfully ran Atomic Files.move /home/runner/work/ratis/ratis/ratis-test/target/test/data/6e893928/MiniRaftClusterWithNetty9ba32ec/s0/48ae379c-f0c8-479a-9a37-116e3ae48395/current/raft-meta.tmp to /home/runner/work/ratis/ratis/ratis-test/target/test/data/6e893928/MiniRaftClusterWithNetty9ba32ec/s0/48ae379c-f0c8-479a-9a37-116e3ae48395/current/raft-meta with options [REPLACE_EXISTING]
2023-12-10 00:36:53,864 [s0-impl-thread1] INFO  storage.RaftStorage (RaftStorageImpl.java:format(99)) - Storage directory /home/runner/work/ratis/ratis/ratis-test/target/test/data/6e893928/MiniRaftClusterWithNetty9ba32ec/s0/48ae379c-f0c8-479a-9a37-116e3ae48395 has been successfully formatted.
2023-12-10 00:36:53,864 [s0-impl-thread1] TRACE util.FileUtils (LogUtils.java:supplyAndLog(61)) - Failed to Files.newInputStream /home/runner/work/ratis/ratis/ratis-test/target/test/data/6e893928/MiniRaftClusterWithNetty9ba32ec/s0/48ae379c-f0c8-479a-9a37-116e3ae48395/current/raft-meta.conf with options []
java.nio.file.NoSuchFileException: /home/runner/work/ratis/ratis/ratis-test/target/test/data/6e893928/MiniRaftClusterWithNetty9ba32ec/s0/48ae379c-f0c8-479a-9a37-116e3ae48395/current/raft-meta.conf
	at java.base/sun.nio.fs.UnixException.translateToIOException(UnixException.java:92)
	at java.base/sun.nio.fs.UnixException.rethrowAsIOException(UnixException.java:111)
	at java.base/sun.nio.fs.UnixException.rethrowAsIOException(UnixException.java:116)
	at java.base/sun.nio.fs.UnixFileSystemProvider.newByteChannel(UnixFileSystemProvider.java:219)
	at java.base/java.nio.file.Files.newByteChannel(Files.java:371)
	at java.base/java.nio.file.Files.newByteChannel(Files.java:422)
	at java.base/java.nio.file.spi.FileSystemProvider.newInputStream(FileSystemProvider.java:420)
	at java.base/java.nio.file.Files.newInputStream(Files.java:156)
	at org.apache.ratis.util.FileUtils.lambda$newInputStream$2(FileUtils.java:73)
	at org.apache.ratis.util.LogUtils.supplyAndLog(LogUtils.java:58)
	at org.apache.ratis.util.FileUtils.newInputStream(FileUtils.java:72)
	at org.apache.ratis.util.FileUtils.newInputStream(FileUtils.java:68)
	at org.apache.ratis.server.storage.RaftStorageImpl.readRaftConfiguration(RaftStorageImpl.java:156)
	at org.apache.ratis.server.impl.ServerState.initialize(ServerState.java:141)
	at org.apache.ratis.server.impl.RaftServerImpl.start(RaftServerImpl.java:388)
	at org.apache.ratis.util.ConcurrentUtils.accept(ConcurrentUtils.java:203)
	at org.apache.ratis.util.ConcurrentUtils.lambda$parallelForEachAsync$4(ConcurrentUtils.java:182)
	at java.base/java.util.concurrent.ThreadPoolExecutor.runWorker(ThreadPoolExecutor.java:1128)
	at java.base/java.util.concurrent.ThreadPoolExecutor$Worker.run(ThreadPoolExecutor.java:628)
	at java.base/java.lang.Thread.run(Thread.java:829)
2023-12-10 00:36:53,864 [s0-impl-thread1] INFO  impl.SimpleStateMachine4Testing (SimpleStateMachine4Testing.java:initialize(213)) - Initializing SimpleStateMachine4Testing:uninitialized
2023-12-10 00:36:53,864 [s0-impl-thread1] INFO  impl.SimpleStateMachine4Testing (SimpleStateMachine4Testing.java:loadSnapshot(296)) - Loading snapshot null
2023-12-10 00:36:53,864 [s0-impl-thread1] INFO  server.RaftServerConfigKeys (ConfUtils.java:logGet(46)) - raft.server.log.use.memory = false (default)
2023-12-10 00:36:53,864 [s0-impl-thread1] INFO  server.RaftServerConfigKeys (ConfUtils.java:logGet(46)) - raft.server.log.purge.gap = 1024 (default)
2023-12-10 00:36:53,864 [s0-impl-thread1] INFO  server.RaftServerConfigKeys (ConfUtils.java:logGet(46)) - raft.server.log.appender.buffer.byte-limit = 4MB (=4194304) (default)
2023-12-10 00:36:53,864 [s0-impl-thread1] INFO  server.RaftServerConfigKeys (ConfUtils.java:logGet(46)) - raft.server.log.statemachine.data.read.timeout = 1000ms (default)
2023-12-10 00:36:53,864 [s0-impl-thread1] INFO  server.RaftServerConfigKeys (ConfUtils.java:logGet(46)) - raft.server.log.purge.preservation.log.num = 0 (default)
2023-12-10 00:36:53,865 [s0-impl-thread1] INFO  server.RaftServerConfigKeys (ConfUtils.java:logGet(46)) - raft.server.log.segment.size.max = 32MB (=33554432) (default)
2023-12-10 00:36:53,865 [s0-impl-thread1] INFO  server.RaftServerConfigKeys (ConfUtils.java:logGet(46)) - raft.server.log.segment.cache.num.max = 6 (default)
2023-12-10 00:36:53,865 [s0-impl-thread1] INFO  server.RaftServerConfigKeys (ConfUtils.java:logGet(46)) - raft.server.log.segment.cache.size.max = 200MB (=209715200) (default)
2023-12-10 00:36:53,865 [s0-impl-thread1] INFO  server.RaftServerConfigKeys (ConfUtils.java:logGet(46)) - raft.server.log.appender.buffer.byte-limit = 4MB (=4194304) (default)
2023-12-10 00:36:53,865 [s0-impl-thread1] INFO  util.AwaitToRun (AwaitToRun.java:start(81)) - Thread[s0@group-116E3AE48395-cacheEviction-AwaitToRun,5,main] started
2023-12-10 00:36:53,865 [s0-impl-thread1] INFO  segmented.SegmentedRaftLogWorker (SegmentedRaftLogWorker.java:<init>(182)) - new s0@group-116E3AE48395-SegmentedRaftLogWorker for RaftStorageImpl:Storage Directory /home/runner/work/ratis/ratis/ratis-test/target/test/data/6e893928/MiniRaftClusterWithNetty9ba32ec/s0/48ae379c-f0c8-479a-9a37-116e3ae48395
2023-12-10 00:36:53,865 [s0-impl-thread1] INFO  server.RaftServerConfigKeys (ConfUtils.java:logGet(46)) - raft.server.log.queue.byte-limit = 64MB (=67108864) (default)
2023-12-10 00:36:53,865 [s0-impl-thread1] INFO  server.RaftServerConfigKeys (ConfUtils.java:logGet(46)) - raft.server.log.queue.element-limit = 4096 (default)
2023-12-10 00:36:53,865 [s0-impl-thread1] INFO  server.RaftServerConfigKeys (ConfUtils.java:logGet(46)) - raft.server.log.segment.size.max = 32MB (=33554432) (default)
2023-12-10 00:36:53,865 [s0-impl-thread1] INFO  server.RaftServerConfigKeys (ConfUtils.java:logGet(46)) - raft.server.log.preallocated.size = 4MB (=4194304) (default)
2023-12-10 00:36:53,865 [s0-impl-thread1] INFO  server.RaftServerConfigKeys (ConfUtils.java:logGet(46)) - raft.server.log.force.sync.num = 128 (default)
2023-12-10 00:36:53,866 [s0-impl-thread1] INFO  server.RaftServerConfigKeys (ConfUtils.java:logGet(46)) - raft.server.log.statemachine.data.sync = true (default)
2023-12-10 00:36:53,866 [s0-impl-thread1] INFO  server.RaftServerConfigKeys (ConfUtils.java:logGet(46)) - raft.server.log.statemachine.data.sync.timeout = 10s (default)
2023-12-10 00:36:53,866 [s0-impl-thread1] INFO  server.RaftServerConfigKeys (ConfUtils.java:logGet(46)) - raft.server.log.statemachine.data.sync.timeout.retry = -1 (default)
2023-12-10 00:36:53,866 [s0-impl-thread1] INFO  server.RaftServerConfigKeys (ConfUtils.java:logGet(46)) - raft.server.log.write.buffer.size = 8MB (=8388608) (default)
2023-12-10 00:36:53,867 [s0-impl-thread1] INFO  server.RaftServerConfigKeys (ConfUtils.java:logGet(46)) - raft.server.log.appender.buffer.byte-limit = 4MB (=4194304) (default)
2023-12-10 00:36:53,867 [s0-impl-thread1] INFO  server.RaftServerConfigKeys (ConfUtils.java:logGet(46)) - raft.server.log.unsafe-flush.enabled = false (default)
2023-12-10 00:36:53,867 [s0-impl-thread1] INFO  server.RaftServerConfigKeys (ConfUtils.java:logGet(46)) - raft.server.log.async-flush.enabled = false (default)
2023-12-10 00:36:53,867 [s0-impl-thread1] INFO  server.RaftServerConfigKeys (ConfUtils.java:logGet(46)) - raft.server.log.statemachine.data.caching.enabled = false (default)
2023-12-10 00:36:53,867 [s0-impl-thread1] INFO  segmented.SegmentedRaftLogWorker (SegmentedRaftLogWorker.java:lambda$new$0(134)) - s0@group-116E3AE48395-SegmentedRaftLogWorker: flushIndex: setUnconditionally 0 -> -1
2023-12-10 00:36:53,867 [s0-impl-thread1] INFO  segmented.SegmentedRaftLogWorker (SegmentedRaftLogWorker.java:lambda$new$0(134)) - s0@group-116E3AE48395-SegmentedRaftLogWorker: safeCacheEvictIndex: setUnconditionally 0 -> -1
2023-12-10 00:36:53,867 [s0-impl-thread1] INFO  server.RaftServer$Division (RaftServerImpl.java:start(392)) - s0@group-116E3AE48395: start as a follower, conf=-1: peers:[s0|localhost:33319]|listeners:[], old=null
2023-12-10 00:36:53,867 [s0-impl-thread1] INFO  server.RaftServer$Division (RaftServerImpl.java:setRole(379)) - s0@group-116E3AE48395: changes role from      null to FOLLOWER at term 0 for startAsFollower
2023-12-10 00:36:53,868 [s0-impl-thread1] INFO  impl.RoleInfo (RoleInfo.java:updateAndGet(139)) - s0: start s0@group-116E3AE48395-FollowerState
2023-12-10 00:36:53,868 [s0@group-116E3AE48395-FollowerState] INFO  server.RaftServerConfigKeys (ConfUtils.java:logFallback(53)) - raft.server.rpc.first-election.timeout.min = 150ms (fallback to raft.server.rpc.timeout.min)
2023-12-10 00:36:53,868 [s0@group-116E3AE48395-FollowerState] INFO  server.RaftServerConfigKeys (ConfUtils.java:logFallback(53)) - raft.server.rpc.first-election.timeout.max = 300ms (fallback to raft.server.rpc.timeout.max)
2023-12-10 00:36:53,868 [s0-impl-thread1] INFO  util.JmxRegister (JmxRegister.java:tryRegister(44)) - Successfully registered JMX Bean with object name Ratis:service=RaftServer,group=group-116E3AE48395,id=s0
2023-12-10 00:36:53,868 [s0-impl-thread1] INFO  server.RaftServerConfigKeys (ConfUtils.java:logGet(46)) - raft.server.snapshot.trigger-when-stop.enabled = true (default)
2023-12-10 00:36:53,868 [s0-impl-thread1] INFO  server.RaftServerConfigKeys (ConfUtils.java:logGet(46)) - raft.server.snapshot.auto.trigger.enabled = true (custom)
2023-12-10 00:36:53,868 [s0-impl-thread1] INFO  server.RaftServerConfigKeys (ConfUtils.java:logGet(46)) - raft.server.snapshot.auto.trigger.threshold = 10 (custom)
2023-12-10 00:36:53,868 [s0-impl-thread1] INFO  server.RaftServerConfigKeys (ConfUtils.java:logGet(46)) - raft.server.snapshot.retention.file.num = -1 (default)
2023-12-10 00:36:53,868 [s0-impl-thread1] INFO  server.RaftServerConfigKeys (ConfUtils.java:logGet(46)) - raft.server.log.purge.upto.snapshot.index = false (default)
2023-12-10 00:36:53,868 [Time-limited test] INFO  server.RaftServer (RaftServerProxy.java:startImpl(406)) - s0: start RPC server
2023-12-10 00:36:53,869 [NettyRpcService-bossGroup--thread1] INFO  logging.LoggingHandler (AbstractInternalLogger.java:log(148)) - [id: 0x784e275d] REGISTERED
2023-12-10 00:36:53,869 [NettyRpcService-bossGroup--thread1] INFO  logging.LoggingHandler (AbstractInternalLogger.java:log(148)) - [id: 0x784e275d] BIND: 0.0.0.0/0.0.0.0:33319
2023-12-10 00:36:53,869 [NettyRpcService-bossGroup--thread1] INFO  logging.LoggingHandler (AbstractInternalLogger.java:log(148)) - [id: 0x784e275d, L:/0.0.0.0:33319] ACTIVE
2023-12-10 00:36:53,869 [JvmPauseMonitor5] INFO  util.JvmPauseMonitor (JvmPauseMonitor.java:run(146)) - JvmPauseMonitor-s0: Started
2023-12-10 00:36:53,870 [Time-limited test] INFO  server.RaftServerConfigKeys (ConfUtils.java:logGet(46)) - raft.server.rpc.timeout.max = 300ms (default)
2023-12-10 00:36:53,870 [Time-limited test] INFO  ratis.RaftTestUtil (RaftTestUtil.java:waitForLeader(100)) - printing ALL groups
  s0:  RUNNING  FOLLOWER s0@group-116E3AE48395:t0, leader=null, voted=, raftlog=Memoized:s0@group-116E3AE48395-SegmentedRaftLog:OPENED:c-1, conf=-1: peers:[s0|localhost:33319]|listeners:[], old=null RUNNING
2023-12-10 00:36:53,870 [Time-limited test] WARN  ratis.RaftTestUtil (RaftTestUtil.java:lambda$waitForLeader$3(119)) - Attempt #1 failed: java.lang.IllegalStateException: No leader yet : printing ALL groups
  s0:  RUNNING  FOLLOWER s0@group-116E3AE48395:t0, leader=null, voted=, raftlog=Memoized:s0@group-116E3AE48395-SegmentedRaftLog:OPENED:c-1, conf=-1: peers:[s0|localhost:33319]|listeners:[], old=null RUNNING
2023-12-10 00:36:54,070 [s0@group-116E3AE48395-FollowerState] INFO  impl.FollowerState (FollowerState.java:run(143)) - s0@group-116E3AE48395-FollowerState: change to CANDIDATE, lastRpcElapsedTime:202410575ns, electionTimeout:202ms
2023-12-10 00:36:54,070 [s0@group-116E3AE48395-FollowerState] INFO  impl.RoleInfo (RoleInfo.java:shutdownFollowerState(110)) - s0: shutdown s0@group-116E3AE48395-FollowerState
2023-12-10 00:36:54,070 [s0@group-116E3AE48395-FollowerState] INFO  server.RaftServer$Division (RaftServerImpl.java:setRole(379)) - s0@group-116E3AE48395: changes role from  FOLLOWER to CANDIDATE at term 0 for changeToCandidate
2023-12-10 00:36:54,070 [s0@group-116E3AE48395-FollowerState] INFO  server.RaftServerConfigKeys (ConfUtils.java:logGet(46)) - raft.server.leaderelection.pre-vote = true (default)
2023-12-10 00:36:54,070 [s0@group-116E3AE48395-FollowerState] INFO  impl.RoleInfo (RoleInfo.java:updateAndGet(139)) - s0: start s0@group-116E3AE48395-LeaderElection4
2023-12-10 00:36:54,071 [s0@group-116E3AE48395-LeaderElection4] INFO  impl.LeaderElection (LeaderElection.java:askForVotes(321)) - s0@group-116E3AE48395-LeaderElection4 PRE_VOTE round 0: submit vote requests at term 0 for -1: peers:[s0|localhost:33319]|listeners:[], old=null
2023-12-10 00:36:54,071 [s0@group-116E3AE48395-LeaderElection4] INFO  impl.LeaderElection (LeaderElection.java:askForVotes(323)) - s0@group-116E3AE48395-LeaderElection4 PRE_VOTE round 0: result PASSED (term=0)
2023-12-10 00:36:54,071 [s0@group-116E3AE48395-LeaderElection4] TRACE util.FileUtils (LogUtils.java:supplyAndLog(69)) - Successfully supplied FileChannel.open /home/runner/work/ratis/ratis/ratis-test/target/test/data/6e893928/MiniRaftClusterWithNetty9ba32ec/s0/48ae379c-f0c8-479a-9a37-116e3ae48395/current/raft-meta.tmp with options [CREATE, WRITE]: sun.nio.ch.FileChannelImpl@45d8e465
2023-12-10 00:36:54,072 [s0@group-116E3AE48395-LeaderElection4] TRACE util.FileUtils (LogUtils.java:runAndLog(49)) - Successfully ran Atomic Files.move /home/runner/work/ratis/ratis/ratis-test/target/test/data/6e893928/MiniRaftClusterWithNetty9ba32ec/s0/48ae379c-f0c8-479a-9a37-116e3ae48395/current/raft-meta.tmp to /home/runner/work/ratis/ratis/ratis-test/target/test/data/6e893928/MiniRaftClusterWithNetty9ba32ec/s0/48ae379c-f0c8-479a-9a37-116e3ae48395/current/raft-meta with options [REPLACE_EXISTING]
2023-12-10 00:36:54,072 [s0@group-116E3AE48395-LeaderElection4] INFO  impl.LeaderElection (LeaderElection.java:askForVotes(321)) - s0@group-116E3AE48395-LeaderElection4 ELECTION round 0: submit vote requests at term 1 for -1: peers:[s0|localhost:33319]|listeners:[], old=null
2023-12-10 00:36:54,072 [s0@group-116E3AE48395-LeaderElection4] INFO  impl.LeaderElection (LeaderElection.java:askForVotes(323)) - s0@group-116E3AE48395-LeaderElection4 ELECTION round 0: result PASSED (term=1)
2023-12-10 00:36:54,072 [s0@group-116E3AE48395-LeaderElection4] INFO  impl.RoleInfo (RoleInfo.java:shutdownLeaderElection(130)) - s0: shutdown s0@group-116E3AE48395-LeaderElection4
2023-12-10 00:36:54,072 [s0@group-116E3AE48395-LeaderElection4] INFO  server.RaftServer$Division (RaftServerImpl.java:setRole(379)) - s0@group-116E3AE48395: changes role from CANDIDATE to LEADER at term 1 for changeToLeader
2023-12-10 00:36:54,072 [s0@group-116E3AE48395-LeaderElection4] INFO  server.RaftServerConfigKeys (ConfUtils.java:logGet(46)) - raft.server.staging.catchup.gap = 1000 (default)
2023-12-10 00:36:54,072 [s0@group-116E3AE48395-LeaderElection4] INFO  server.RaftServerConfigKeys (ConfUtils.java:logGet(46)) - raft.server.write.element-limit = 4096 (default)
2023-12-10 00:36:54,072 [s0@group-116E3AE48395-LeaderElection4] INFO  server.RaftServerConfigKeys (ConfUtils.java:logGet(46)) - raft.server.write.byte-limit = 64MB (=67108864) (default)
2023-12-10 00:36:54,073 [s0@group-116E3AE48395-LeaderElection4] INFO  server.RaftServerConfigKeys (ConfUtils.java:logGet(46)) - raft.server.watch.timeout = 10s (default)
2023-12-10 00:36:54,073 [s0@group-116E3AE48395-LeaderElection4] INFO  server.RaftServerConfigKeys (ConfUtils.java:logGet(46)) - raft.server.watch.timeout.denomination = 1s (default)
2023-12-10 00:36:54,073 [s0@group-116E3AE48395-LeaderElection4] INFO  server.RaftServerConfigKeys (ConfUtils.java:logGet(46)) - raft.server.watch.element-limit = 65536 (default)
2023-12-10 00:36:54,073 [s0@group-116E3AE48395-LeaderElection4] INFO  server.RaftServerConfigKeys (ConfUtils.java:logGet(46)) - raft.server.read.leader.lease.enabled = false (default)
2023-12-10 00:36:54,073 [s0@group-116E3AE48395-LeaderElection4] INFO  server.RaftServerConfigKeys (ConfUtils.java:logGet(46)) - raft.server.read.leader.lease.timeout.ratio = 0.9 (default)
2023-12-10 00:36:54,073 [s0@group-116E3AE48395-LeaderElection4] INFO  server.RaftServerConfigKeys (ConfUtils.java:logGet(46)) - raft.server.rpc.timeout.min = 150ms (default)
2023-12-10 00:36:54,073 [s0@group-116E3AE48395-LeaderElection4] INFO  server.RaftServerConfigKeys (ConfUtils.java:logGet(46)) - raft.server.write.element-limit = 4096 (default)
2023-12-10 00:36:54,073 [s0@group-116E3AE48395-LeaderElection4] INFO  server.RaftServerConfigKeys (ConfUtils.java:logGet(46)) - raft.server.write.follower.gap.ratio.max = -1.0 (default)
2023-12-10 00:36:54,073 [s0@group-116E3AE48395-LeaderElection4] INFO  impl.RoleInfo (RoleInfo.java:updateAndGet(139)) - s0: start s0@group-116E3AE48395-LeaderStateImpl
2023-12-10 00:36:54,073 [s0@group-116E3AE48395-LeaderElection4] INFO  server.RaftServer$Division (RaftServerImpl.java:setFirstElection(564)) - s0@group-116E3AE48395: set firstElectionSinceStartup to false for becomeLeader
2023-12-10 00:36:54,073 [s0@group-116E3AE48395-LeaderElection4] INFO  server.RaftServer$Division (ServerState.java:setLeader(265)) - s0@group-116E3AE48395: change Leader from null to s0 at term 1 for becomeLeader, leader elected after 214ms
2023-12-10 00:36:54,073 [s0@group-116E3AE48395-LeaderElection4] INFO  segmented.SegmentedRaftLogWorker (SegmentedRaftLogWorker.java:startLogSegment(430)) - s0@group-116E3AE48395-SegmentedRaftLogWorker: Starting segment from index:0
2023-12-10 00:36:54,074 [s0@group-116E3AE48395-LeaderElection4] INFO  server.RaftServer$Division (ServerState.java:setRaftConf(382)) - s0@group-116E3AE48395: set configuration 0: peers:[s0|localhost:33319]|listeners:[], old=null
2023-12-10 00:36:54,074 [s0@group-116E3AE48395-SegmentedRaftLogWorker] INFO  segmented.BufferedWriteChannel (BufferedWriteChannel.java:open(62)) - open log_inprogress_0 at position 0
2023-12-10 00:36:54,080 [s0@group-116E3AE48395-SegmentedRaftLogWorker] INFO  segmented.SegmentedRaftLogWorker (SegmentedRaftLogWorker.java:execute(634)) - s0@group-116E3AE48395-SegmentedRaftLogWorker: created new log segment /home/runner/work/ratis/ratis/ratis-test/target/test/data/6e893928/MiniRaftClusterWithNetty9ba32ec/s0/48ae379c-f0c8-479a-9a37-116e3ae48395/current/log_inprogress_0
2023-12-10 00:36:54,081 [s0@group-116E3AE48395-StateMachineUpdater] TRACE util.FileUtils (LogUtils.java:supplyAndLog(69)) - Successfully supplied FileChannel.open /home/runner/work/ratis/ratis/ratis-test/target/test/data/6e893928/MiniRaftClusterWithNetty9ba32ec/s0/48ae379c-f0c8-479a-9a37-116e3ae48395/current/raft-meta.conf.tmp with options [CREATE, WRITE]: sun.nio.ch.FileChannelImpl@7dbd855b
2023-12-10 00:36:54,082 [s0@group-116E3AE48395-StateMachineUpdater] TRACE util.FileUtils (LogUtils.java:runAndLog(49)) - Successfully ran Atomic Files.move /home/runner/work/ratis/ratis/ratis-test/target/test/data/6e893928/MiniRaftClusterWithNetty9ba32ec/s0/48ae379c-f0c8-479a-9a37-116e3ae48395/current/raft-meta.conf.tmp to /home/runner/work/ratis/ratis/ratis-test/target/test/data/6e893928/MiniRaftClusterWithNetty9ba32ec/s0/48ae379c-f0c8-479a-9a37-116e3ae48395/current/raft-meta.conf with options [REPLACE_EXISTING]
2023-12-10 00:36:54,082 [s0@group-116E3AE48395-StateMachineUpdater] INFO  server.RaftServer$Division (LeaderStateImpl.java:isApplied(320)) - leader is ready since appliedIndex == 0 >= startIndex == 0
2023-12-10 00:36:54,320 [Time-limited test] INFO  ratis.RaftTestUtil (RaftTestUtil.java:waitForLeader(124)) - printing ALL groups
  s0:  RUNNING    LEADER s0@group-116E3AE48395:t1, leader=s0, voted=s0, raftlog=Memoized:s0@group-116E3AE48395-SegmentedRaftLog:OPENED:c0, conf=0: peers:[s0|localhost:33319]|listeners:[], old=null RUNNING
2023-12-10 00:36:54,321 [Time-limited test] DEBUG client.RaftClient (ConfUtils.java:logGet(46)) - raft.rpc.type = NETTY (custom)
2023-12-10 00:36:54,321 [Time-limited test] INFO  netty.NettyUtils (NettyUtils.java:newEventLoopGroup(69)) - Create EpollEventLoopGroup for client-2F84AF8F4D1D; Thread size is 0.
2023-12-10 00:36:54,321 [Time-limited test] DEBUG client.RaftClient (RaftClientImpl.java:get(162)) - client-2F84AF8F4D1D: get 54 returns []
2023-12-10 00:36:54,322 [NettyRpcService-bossGroup--thread1] INFO  logging.LoggingHandler (AbstractInternalLogger.java:log(148)) - [id: 0x784e275d, L:/0.0.0.0:33319] READ: [id: 0x3f53bd92, L:/127.0.0.1:33319 - R:/127.0.0.1:46462]
2023-12-10 00:36:54,323 [NettyRpcService-bossGroup--thread1] INFO  logging.LoggingHandler (AbstractInternalLogger.java:log(148)) - [id: 0x784e275d, L:/0.0.0.0:33319] READ COMPLETE
2023-12-10 00:36:54,323 [NettyRpcService-workerGroup--thread1] DEBUG server.RaftServer$Division (RaftServerImpl.java:submitClientRequestAsync(893)) - s0@group-116E3AE48395: receive client request(RaftClientRequest:client-2F84AF8F4D1D->s0@group-116E3AE48395, cid=54, seq=null, RW, Message:6d30)
2023-12-10 00:36:54,324 [NettyRpcService-workerGroup--thread1] DEBUG server.RaftServer$Division (LeaderStateImpl.java:addPendingRequest(522)) - s0@group-116E3AE48395-LeaderStateImpl: addPendingRequest at RaftClientRequest:client-2F84AF8F4D1D->s0@group-116E3AE48395, cid=54, seq=null, RW, Message:6d30, entry=(t:1, i:1), STATEMACHINELOGENTRY, 54@client-2F84AF8F4D1D
2023-12-10 00:36:54,325 [s0@group-116E3AE48395-StateMachineUpdater] INFO  impl.SimpleStateMachine4Testing (SimpleStateMachine4Testing.java:applyTransaction(248)) - applyTransaction for log index 1
2023-12-10 00:36:54,325 [s0@group-116E3AE48395-StateMachineUpdater] INFO  impl.SimpleStateMachine4Testing (SimpleStateMachine4Testing.java:put(205)) - s0: put 1, m0 -> (t:1, i:1), STATEMACHINELOGENTRY, 54@client-2F84AF8F4D1D
2023-12-10 00:36:54,325 [Time-limited test] DEBUG client.RaftClient (RaftClientImpl.java:add(150)) - client-2F84AF8F4D1D: add replied callId 54
2023-12-10 00:36:54,325 [Time-limited test] DEBUG client.RaftClient (RaftClientImpl.java:get(162)) - client-2F84AF8F4D1D: get 55 returns [54]
2023-12-10 00:36:54,326 [NettyRpcService-workerGroup--thread1] DEBUG server.RaftServer$Division (RaftServerImpl.java:submitClientRequestAsync(893)) - s0@group-116E3AE48395: receive client request(RaftClientRequest:client-2F84AF8F4D1D->s0@group-116E3AE48395, cid=55, seq=null, RW, Message:6d31)
2023-12-10 00:36:54,326 [NettyRpcService-workerGroup--thread1] DEBUG server.RaftServer$Division (LeaderStateImpl.java:addPendingRequest(522)) - s0@group-116E3AE48395-LeaderStateImpl: addPendingRequest at RaftClientRequest:client-2F84AF8F4D1D->s0@group-116E3AE48395, cid=55, seq=null, RW, Message:6d31, entry=(t:1, i:3), STATEMACHINELOGENTRY, 55@client-2F84AF8F4D1D
2023-12-10 00:36:54,326 [s0@group-116E3AE48395-StateMachineUpdater] INFO  impl.SimpleStateMachine4Testing (SimpleStateMachine4Testing.java:applyTransaction(248)) - applyTransaction for log index 3
2023-12-10 00:36:54,326 [s0@group-116E3AE48395-StateMachineUpdater] INFO  impl.SimpleStateMachine4Testing (SimpleStateMachine4Testing.java:put(205)) - s0: put 3, m1 -> (t:1, i:3), STATEMACHINELOGENTRY, 55@client-2F84AF8F4D1D
2023-12-10 00:36:54,328 [Time-limited test] DEBUG client.RaftClient (RaftClientImpl.java:add(150)) - client-2F84AF8F4D1D: add replied callId 55
2023-12-10 00:36:54,328 [Time-limited test] DEBUG client.RaftClient (RaftClientImpl.java:get(162)) - client-2F84AF8F4D1D: get 56 returns [55]
2023-12-10 00:36:54,329 [NettyRpcService-workerGroup--thread1] DEBUG server.RaftServer$Division (RaftServerImpl.java:submitClientRequestAsync(893)) - s0@group-116E3AE48395: receive client request(RaftClientRequest:client-2F84AF8F4D1D->s0@group-116E3AE48395, cid=56, seq=null, RW, Message:6d32)
2023-12-10 00:36:54,329 [NettyRpcService-workerGroup--thread1] DEBUG server.RaftServer$Division (LeaderStateImpl.java:addPendingRequest(522)) - s0@group-116E3AE48395-LeaderStateImpl: addPendingRequest at RaftClientRequest:client-2F84AF8F4D1D->s0@group-116E3AE48395, cid=56, seq=null, RW, Message:6d32, entry=(t:1, i:5), STATEMACHINELOGENTRY, 56@client-2F84AF8F4D1D
2023-12-10 00:36:54,329 [s0@group-116E3AE48395-StateMachineUpdater] INFO  impl.SimpleStateMachine4Testing (SimpleStateMachine4Testing.java:applyTransaction(248)) - applyTransaction for log index 5
2023-12-10 00:36:54,329 [s0@group-116E3AE48395-StateMachineUpdater] INFO  impl.SimpleStateMachine4Testing (SimpleStateMachine4Testing.java:put(205)) - s0: put 5, m2 -> (t:1, i:5), STATEMACHINELOGENTRY, 56@client-2F84AF8F4D1D
2023-12-10 00:36:54,330 [Time-limited test] DEBUG client.RaftClient (RaftClientImpl.java:add(150)) - client-2F84AF8F4D1D: add replied callId 56
2023-12-10 00:36:54,330 [Time-limited test] DEBUG client.RaftClient (RaftClientImpl.java:get(162)) - client-2F84AF8F4D1D: get 57 returns [56]
2023-12-10 00:36:54,330 [NettyRpcService-workerGroup--thread1] DEBUG server.RaftServer$Division (RaftServerImpl.java:submitClientRequestAsync(893)) - s0@group-116E3AE48395: receive client request(RaftClientRequest:client-2F84AF8F4D1D->s0@group-116E3AE48395, cid=57, seq=null, RW, Message:6d33)
2023-12-10 00:36:54,330 [NettyRpcService-workerGroup--thread1] DEBUG server.RaftServer$Division (LeaderStateImpl.java:addPendingRequest(522)) - s0@group-116E3AE48395-LeaderStateImpl: addPendingRequest at RaftClientRequest:client-2F84AF8F4D1D->s0@group-116E3AE48395, cid=57, seq=null, RW, Message:6d33, entry=(t:1, i:7), STATEMACHINELOGENTRY, 57@client-2F84AF8F4D1D
2023-12-10 00:36:54,331 [s0@group-116E3AE48395-StateMachineUpdater] INFO  impl.SimpleStateMachine4Testing (SimpleStateMachine4Testing.java:applyTransaction(248)) - applyTransaction for log index 7
2023-12-10 00:36:54,331 [s0@group-116E3AE48395-StateMachineUpdater] INFO  impl.SimpleStateMachine4Testing (SimpleStateMachine4Testing.java:put(205)) - s0: put 7, m3 -> (t:1, i:7), STATEMACHINELOGENTRY, 57@client-2F84AF8F4D1D
2023-12-10 00:36:54,331 [Time-limited test] DEBUG client.RaftClient (RaftClientImpl.java:add(150)) - client-2F84AF8F4D1D: add replied callId 57
2023-12-10 00:36:54,331 [Time-limited test] DEBUG client.RaftClient (RaftClientImpl.java:get(162)) - client-2F84AF8F4D1D: get 58 returns [57]
2023-12-10 00:36:54,332 [NettyRpcService-workerGroup--thread1] DEBUG server.RaftServer$Division (RaftServerImpl.java:submitClientRequestAsync(893)) - s0@group-116E3AE48395: receive client request(RaftClientRequest:client-2F84AF8F4D1D->s0@group-116E3AE48395, cid=58, seq=null, RW, Message:6d34)
2023-12-10 00:36:54,332 [NettyRpcService-workerGroup--thread1] DEBUG server.RaftServer$Division (LeaderStateImpl.java:addPendingRequest(522)) - s0@group-116E3AE48395-LeaderStateImpl: addPendingRequest at RaftClientRequest:client-2F84AF8F4D1D->s0@group-116E3AE48395, cid=58, seq=null, RW, Message:6d34, entry=(t:1, i:9), STATEMACHINELOGENTRY, 58@client-2F84AF8F4D1D
2023-12-10 00:36:54,333 [s0@group-116E3AE48395-StateMachineUpdater] INFO  impl.SimpleStateMachine4Testing (SimpleStateMachine4Testing.java:applyTransaction(248)) - applyTransaction for log index 9
2023-12-10 00:36:54,333 [s0@group-116E3AE48395-StateMachineUpdater] INFO  impl.SimpleStateMachine4Testing (SimpleStateMachine4Testing.java:put(205)) - s0: put 9, m4 -> (t:1, i:9), STATEMACHINELOGENTRY, 58@client-2F84AF8F4D1D
2023-12-10 00:36:54,333 [Time-limited test] DEBUG client.RaftClient (RaftClientImpl.java:add(150)) - client-2F84AF8F4D1D: add replied callId 58
2023-12-10 00:36:54,333 [Time-limited test] DEBUG client.RaftClient (RaftClientImpl.java:get(162)) - client-2F84AF8F4D1D: get 59 returns [58]
2023-12-10 00:36:54,334 [NettyRpcService-workerGroup--thread1] DEBUG server.RaftServer$Division (RaftServerImpl.java:submitClientRequestAsync(893)) - s0@group-116E3AE48395: receive client request(RaftClientRequest:client-2F84AF8F4D1D->s0@group-116E3AE48395, cid=59, seq=null, RW, Message:6d35)
2023-12-10 00:36:54,334 [NettyRpcService-workerGroup--thread1] DEBUG server.RaftServer$Division (LeaderStateImpl.java:addPendingRequest(522)) - s0@group-116E3AE48395-LeaderStateImpl: addPendingRequest at RaftClientRequest:client-2F84AF8F4D1D->s0@group-116E3AE48395, cid=59, seq=null, RW, Message:6d35, entry=(t:1, i:11), STATEMACHINELOGENTRY, 59@client-2F84AF8F4D1D
2023-12-10 00:36:54,335 [s0@group-116E3AE48395-StateMachineUpdater] INFO  segmented.BufferedWriteChannel (BufferedWriteChannel.java:open(62)) - open snapshot.1_9 at position 0
2023-12-10 00:36:54,342 [s0@group-116E3AE48395-StateMachineUpdater] TRACE util.FileUtils (LogUtils.java:supplyAndLog(69)) - Successfully supplied FileChannel.open /home/runner/work/ratis/ratis/ratis-test/target/test/data/6e893928/MiniRaftClusterWithNetty9ba32ec/s0/48ae379c-f0c8-479a-9a37-116e3ae48395/sm/snapshot.1_9 with options [READ]: sun.nio.ch.FileChannelImpl@737a649c
2023-12-10 00:36:54,343 [s0@group-116E3AE48395-StateMachineUpdater] TRACE util.FileUtils (LogUtils.java:supplyAndLog(69)) - Successfully supplied FileChannel.open /home/runner/work/ratis/ratis/ratis-test/target/test/data/6e893928/MiniRaftClusterWithNetty9ba32ec/s0/48ae379c-f0c8-479a-9a37-116e3ae48395/sm/snapshot.1_9.md5.tmp with options [CREATE, WRITE]: sun.nio.ch.FileChannelImpl@7745ee2b
2023-12-10 00:36:54,343 [s0@group-116E3AE48395-StateMachineUpdater] TRACE util.FileUtils (LogUtils.java:runAndLog(49)) - Successfully ran Atomic Files.move /home/runner/work/ratis/ratis/ratis-test/target/test/data/6e893928/MiniRaftClusterWithNetty9ba32ec/s0/48ae379c-f0c8-479a-9a37-116e3ae48395/sm/snapshot.1_9.md5.tmp to /home/runner/work/ratis/ratis/ratis-test/target/test/data/6e893928/MiniRaftClusterWithNetty9ba32ec/s0/48ae379c-f0c8-479a-9a37-116e3ae48395/sm/snapshot.1_9.md5 with options [REPLACE_EXISTING]
2023-12-10 00:36:54,343 [s0@group-116E3AE48395-StateMachineUpdater] INFO  impl.StateMachineUpdater (StateMachineUpdater.java:takeSnapshot(295)) - s0@group-116E3AE48395-StateMachineUpdater: Took a snapshot at index 9
2023-12-10 00:36:54,344 [s0@group-116E3AE48395-StateMachineUpdater] INFO  impl.StateMachineUpdater (StateMachineUpdater.java:lambda$new$0(98)) - s0@group-116E3AE48395-StateMachineUpdater: snapshotIndex: updateIncreasingly -1 -> 9
2023-12-10 00:36:54,344 [s0@group-116E3AE48395-StateMachineUpdater] INFO  impl.SimpleStateMachine4Testing (SimpleStateMachine4Testing.java:applyTransaction(248)) - applyTransaction for log index 11
2023-12-10 00:36:54,344 [s0@group-116E3AE48395-StateMachineUpdater] INFO  impl.SimpleStateMachine4Testing (SimpleStateMachine4Testing.java:put(205)) - s0: put 11, m5 -> (t:1, i:11), STATEMACHINELOGENTRY, 59@client-2F84AF8F4D1D
2023-12-10 00:36:54,344 [Time-limited test] DEBUG client.RaftClient (RaftClientImpl.java:add(150)) - client-2F84AF8F4D1D: add replied callId 59
2023-12-10 00:36:54,344 [Time-limited test] DEBUG client.RaftClient (RaftClientImpl.java:get(162)) - client-2F84AF8F4D1D: get 60 returns [59]
2023-12-10 00:36:54,345 [NettyRpcService-workerGroup--thread1] DEBUG server.RaftServer$Division (RaftServerImpl.java:submitClientRequestAsync(893)) - s0@group-116E3AE48395: receive client request(RaftClientRequest:client-2F84AF8F4D1D->s0@group-116E3AE48395, cid=60, seq=null, RW, Message:6d36)
2023-12-10 00:36:54,345 [NettyRpcService-workerGroup--thread1] DEBUG server.RaftServer$Division (LeaderStateImpl.java:addPendingRequest(522)) - s0@group-116E3AE48395-LeaderStateImpl: addPendingRequest at RaftClientRequest:client-2F84AF8F4D1D->s0@group-116E3AE48395, cid=60, seq=null, RW, Message:6d36, entry=(t:1, i:13), STATEMACHINELOGENTRY, 60@client-2F84AF8F4D1D
2023-12-10 00:36:54,345 [s0@group-116E3AE48395-StateMachineUpdater] INFO  impl.SimpleStateMachine4Testing (SimpleStateMachine4Testing.java:applyTransaction(248)) - applyTransaction for log index 13
2023-12-10 00:36:54,345 [s0@group-116E3AE48395-StateMachineUpdater] INFO  impl.SimpleStateMachine4Testing (SimpleStateMachine4Testing.java:put(205)) - s0: put 13, m6 -> (t:1, i:13), STATEMACHINELOGENTRY, 60@client-2F84AF8F4D1D
2023-12-10 00:36:54,346 [Time-limited test] DEBUG client.RaftClient (RaftClientImpl.java:add(150)) - client-2F84AF8F4D1D: add replied callId 60
2023-12-10 00:36:54,346 [Time-limited test] DEBUG client.RaftClient (RaftClientImpl.java:get(162)) - client-2F84AF8F4D1D: get 61 returns [60]
2023-12-10 00:36:54,346 [NettyRpcService-workerGroup--thread1] DEBUG server.RaftServer$Division (RaftServerImpl.java:submitClientRequestAsync(893)) - s0@group-116E3AE48395: receive client request(RaftClientRequest:client-2F84AF8F4D1D->s0@group-116E3AE48395, cid=61, seq=null, RW, Message:6d37)
2023-12-10 00:36:54,347 [NettyRpcService-workerGroup--thread1] DEBUG server.RaftServer$Division (LeaderStateImpl.java:addPendingRequest(522)) - s0@group-116E3AE48395-LeaderStateImpl: addPendingRequest at RaftClientRequest:client-2F84AF8F4D1D->s0@group-116E3AE48395, cid=61, seq=null, RW, Message:6d37, entry=(t:1, i:15), STATEMACHINELOGENTRY, 61@client-2F84AF8F4D1D
2023-12-10 00:36:54,347 [s0@group-116E3AE48395-StateMachineUpdater] INFO  impl.SimpleStateMachine4Testing (SimpleStateMachine4Testing.java:applyTransaction(248)) - applyTransaction for log index 15
2023-12-10 00:36:54,347 [s0@group-116E3AE48395-StateMachineUpdater] INFO  impl.SimpleStateMachine4Testing (SimpleStateMachine4Testing.java:put(205)) - s0: put 15, m7 -> (t:1, i:15), STATEMACHINELOGENTRY, 61@client-2F84AF8F4D1D
2023-12-10 00:36:54,347 [Time-limited test] DEBUG client.RaftClient (RaftClientImpl.java:add(150)) - client-2F84AF8F4D1D: add replied callId 61
2023-12-10 00:36:54,347 [Time-limited test] DEBUG client.RaftClient (RaftClientImpl.java:get(162)) - client-2F84AF8F4D1D: get 62 returns [61]
2023-12-10 00:36:54,348 [NettyRpcService-workerGroup--thread1] DEBUG server.RaftServer$Division (RaftServerImpl.java:submitClientRequestAsync(893)) - s0@group-116E3AE48395: receive client request(RaftClientRequest:client-2F84AF8F4D1D->s0@group-116E3AE48395, cid=62, seq=null, RW, Message:6d38)
2023-12-10 00:36:54,348 [NettyRpcService-workerGroup--thread1] DEBUG server.RaftServer$Division (LeaderStateImpl.java:addPendingRequest(522)) - s0@group-116E3AE48395-LeaderStateImpl: addPendingRequest at RaftClientRequest:client-2F84AF8F4D1D->s0@group-116E3AE48395, cid=62, seq=null, RW, Message:6d38, entry=(t:1, i:17), STATEMACHINELOGENTRY, 62@client-2F84AF8F4D1D
2023-12-10 00:36:54,348 [s0@group-116E3AE48395-StateMachineUpdater] INFO  impl.SimpleStateMachine4Testing (SimpleStateMachine4Testing.java:applyTransaction(248)) - applyTransaction for log index 17
2023-12-10 00:36:54,349 [s0@group-116E3AE48395-StateMachineUpdater] INFO  impl.SimpleStateMachine4Testing (SimpleStateMachine4Testing.java:put(205)) - s0: put 17, m8 -> (t:1, i:17), STATEMACHINELOGENTRY, 62@client-2F84AF8F4D1D
2023-12-10 00:36:54,349 [Time-limited test] DEBUG client.RaftClient (RaftClientImpl.java:add(150)) - client-2F84AF8F4D1D: add replied callId 62
2023-12-10 00:36:54,349 [Time-limited test] DEBUG client.RaftClient (RaftClientImpl.java:get(162)) - client-2F84AF8F4D1D: get 63 returns [62]
2023-12-10 00:36:54,349 [NettyRpcService-workerGroup--thread1] DEBUG server.RaftServer$Division (RaftServerImpl.java:submitClientRequestAsync(893)) - s0@group-116E3AE48395: receive client request(RaftClientRequest:client-2F84AF8F4D1D->s0@group-116E3AE48395, cid=63, seq=null, RW, Message:6d39)
2023-12-10 00:36:54,350 [NettyRpcService-workerGroup--thread1] DEBUG server.RaftServer$Division (LeaderStateImpl.java:addPendingRequest(522)) - s0@group-116E3AE48395-LeaderStateImpl: addPendingRequest at RaftClientRequest:client-2F84AF8F4D1D->s0@group-116E3AE48395, cid=63, seq=null, RW, Message:6d39, entry=(t:1, i:19), STATEMACHINELOGENTRY, 63@client-2F84AF8F4D1D
2023-12-10 00:36:54,350 [s0@group-116E3AE48395-StateMachineUpdater] INFO  impl.SimpleStateMachine4Testing (SimpleStateMachine4Testing.java:applyTransaction(248)) - applyTransaction for log index 19
2023-12-10 00:36:54,350 [s0@group-116E3AE48395-StateMachineUpdater] INFO  impl.SimpleStateMachine4Testing (SimpleStateMachine4Testing.java:put(205)) - s0: put 19, m9 -> (t:1, i:19), STATEMACHINELOGENTRY, 63@client-2F84AF8F4D1D
2023-12-10 00:36:54,352 [s0@group-116E3AE48395-StateMachineUpdater] INFO  segmented.BufferedWriteChannel (BufferedWriteChannel.java:open(62)) - open snapshot.1_19 at position 0
2023-12-10 00:36:54,354 [Time-limited test] DEBUG client.RaftClient (RaftClientImpl.java:add(150)) - client-2F84AF8F4D1D: add replied callId 63
2023-12-10 00:36:54,354 [Time-limited test] DEBUG client.RaftClient (RaftClientImpl.java:get(162)) - client-2F84AF8F4D1D: get 64 returns [63]
2023-12-10 00:36:54,354 [NettyRpcService-workerGroup--thread1] DEBUG server.RaftServer$Division (RaftServerImpl.java:submitClientRequestAsync(893)) - s0@group-116E3AE48395: receive client request(RaftClientRequest:client-2F84AF8F4D1D->s0@group-116E3AE48395, cid=64, seq=null, RW, Message:6d3130)
2023-12-10 00:36:54,355 [NettyRpcService-workerGroup--thread1] DEBUG server.RaftServer$Division (LeaderStateImpl.java:addPendingRequest(522)) - s0@group-116E3AE48395-LeaderStateImpl: addPendingRequest at RaftClientRequest:client-2F84AF8F4D1D->s0@group-116E3AE48395, cid=64, seq=null, RW, Message:6d3130, entry=(t:1, i:21), STATEMACHINELOGENTRY, 64@client-2F84AF8F4D1D
2023-12-10 00:36:54,359 [s0@group-116E3AE48395-StateMachineUpdater] TRACE util.FileUtils (LogUtils.java:supplyAndLog(69)) - Successfully supplied FileChannel.open /home/runner/work/ratis/ratis/ratis-test/target/test/data/6e893928/MiniRaftClusterWithNetty9ba32ec/s0/48ae379c-f0c8-479a-9a37-116e3ae48395/sm/snapshot.1_19 with options [READ]: sun.nio.ch.FileChannelImpl@32476ea7
2023-12-10 00:36:54,360 [s0@group-116E3AE48395-StateMachineUpdater] TRACE util.FileUtils (LogUtils.java:supplyAndLog(69)) - Successfully supplied FileChannel.open /home/runner/work/ratis/ratis/ratis-test/target/test/data/6e893928/MiniRaftClusterWithNetty9ba32ec/s0/48ae379c-f0c8-479a-9a37-116e3ae48395/sm/snapshot.1_19.md5.tmp with options [CREATE, WRITE]: sun.nio.ch.FileChannelImpl@23c1a2e9
2023-12-10 00:36:54,360 [s0@group-116E3AE48395-StateMachineUpdater] TRACE util.FileUtils (LogUtils.java:runAndLog(49)) - Successfully ran Atomic Files.move /home/runner/work/ratis/ratis/ratis-test/target/test/data/6e893928/MiniRaftClusterWithNetty9ba32ec/s0/48ae379c-f0c8-479a-9a37-116e3ae48395/sm/snapshot.1_19.md5.tmp to /home/runner/work/ratis/ratis/ratis-test/target/test/data/6e893928/MiniRaftClusterWithNetty9ba32ec/s0/48ae379c-f0c8-479a-9a37-116e3ae48395/sm/snapshot.1_19.md5 with options [REPLACE_EXISTING]
2023-12-10 00:36:54,361 [s0@group-116E3AE48395-StateMachineUpdater] INFO  impl.StateMachineUpdater (StateMachineUpdater.java:takeSnapshot(295)) - s0@group-116E3AE48395-StateMachineUpdater: Took a snapshot at index 19
2023-12-10 00:36:54,361 [s0@group-116E3AE48395-StateMachineUpdater] INFO  impl.StateMachineUpdater (StateMachineUpdater.java:lambda$new$0(98)) - s0@group-116E3AE48395-StateMachineUpdater: snapshotIndex: updateIncreasingly 9 -> 19
2023-12-10 00:36:54,361 [s0@group-116E3AE48395-StateMachineUpdater] INFO  impl.SimpleStateMachine4Testing (SimpleStateMachine4Testing.java:applyTransaction(248)) - applyTransaction for log index 21
2023-12-10 00:36:54,361 [s0@group-116E3AE48395-StateMachineUpdater] INFO  impl.SimpleStateMachine4Testing (SimpleStateMachine4Testing.java:put(205)) - s0: put 21, m10 -> (t:1, i:21), STATEMACHINELOGENTRY, 64@client-2F84AF8F4D1D
2023-12-10 00:36:54,361 [Time-limited test] DEBUG client.RaftClient (RaftClientImpl.java:add(150)) - client-2F84AF8F4D1D: add replied callId 64
2023-12-10 00:36:54,361 [Time-limited test] DEBUG client.RaftClient (RaftClientImpl.java:get(162)) - client-2F84AF8F4D1D: get 65 returns [64]
2023-12-10 00:36:54,362 [NettyRpcService-workerGroup--thread1] DEBUG server.RaftServer$Division (RaftServerImpl.java:submitClientRequestAsync(893)) - s0@group-116E3AE48395: receive client request(RaftClientRequest:client-2F84AF8F4D1D->s0@group-116E3AE48395, cid=65, seq=null, RW, Message:6d3131)
2023-12-10 00:36:54,362 [NettyRpcService-workerGroup--thread1] DEBUG server.RaftServer$Division (LeaderStateImpl.java:addPendingRequest(522)) - s0@group-116E3AE48395-LeaderStateImpl: addPendingRequest at RaftClientRequest:client-2F84AF8F4D1D->s0@group-116E3AE48395, cid=65, seq=null, RW, Message:6d3131, entry=(t:1, i:23), STATEMACHINELOGENTRY, 65@client-2F84AF8F4D1D
2023-12-10 00:36:54,362 [s0@group-116E3AE48395-StateMachineUpdater] INFO  impl.SimpleStateMachine4Testing (SimpleStateMachine4Testing.java:applyTransaction(248)) - applyTransaction for log index 23
2023-12-10 00:36:54,362 [s0@group-116E3AE48395-StateMachineUpdater] INFO  impl.SimpleStateMachine4Testing (SimpleStateMachine4Testing.java:put(205)) - s0: put 23, m11 -> (t:1, i:23), STATEMACHINELOGENTRY, 65@client-2F84AF8F4D1D
2023-12-10 00:36:54,363 [Time-limited test] DEBUG client.RaftClient (RaftClientImpl.java:add(150)) - client-2F84AF8F4D1D: add replied callId 65
2023-12-10 00:36:54,363 [Time-limited test] DEBUG client.RaftClient (RaftClientImpl.java:get(162)) - client-2F84AF8F4D1D: get 66 returns [65]
2023-12-10 00:36:54,363 [NettyRpcService-workerGroup--thread1] DEBUG server.RaftServer$Division (RaftServerImpl.java:submitClientRequestAsync(893)) - s0@group-116E3AE48395: receive client request(RaftClientRequest:client-2F84AF8F4D1D->s0@group-116E3AE48395, cid=66, seq=null, RW, Message:6d3132)
2023-12-10 00:36:54,364 [NettyRpcService-workerGroup--thread1] DEBUG server.RaftServer$Division (LeaderStateImpl.java:addPendingRequest(522)) - s0@group-116E3AE48395-LeaderStateImpl: addPendingRequest at RaftClientRequest:client-2F84AF8F4D1D->s0@group-116E3AE48395, cid=66, seq=null, RW, Message:6d3132, entry=(t:1, i:25), STATEMACHINELOGENTRY, 66@client-2F84AF8F4D1D
2023-12-10 00:36:54,364 [s0@group-116E3AE48395-StateMachineUpdater] INFO  impl.SimpleStateMachine4Testing (SimpleStateMachine4Testing.java:applyTransaction(248)) - applyTransaction for log index 25
2023-12-10 00:36:54,364 [s0@group-116E3AE48395-StateMachineUpdater] INFO  impl.SimpleStateMachine4Testing (SimpleStateMachine4Testing.java:put(205)) - s0: put 25, m12 -> (t:1, i:25), STATEMACHINELOGENTRY, 66@client-2F84AF8F4D1D
2023-12-10 00:36:54,364 [Time-limited test] DEBUG client.RaftClient (RaftClientImpl.java:add(150)) - client-2F84AF8F4D1D: add replied callId 66
2023-12-10 00:36:54,365 [Time-limited test] DEBUG client.RaftClient (RaftClientImpl.java:get(162)) - client-2F84AF8F4D1D: get 67 returns [66]
2023-12-10 00:36:54,365 [NettyRpcService-workerGroup--thread1] DEBUG server.RaftServer$Division (RaftServerImpl.java:submitClientRequestAsync(893)) - s0@group-116E3AE48395: receive client request(RaftClientRequest:client-2F84AF8F4D1D->s0@group-116E3AE48395, cid=67, seq=null, RW, Message:6d3133)
2023-12-10 00:36:54,365 [NettyRpcService-workerGroup--thread1] DEBUG server.RaftServer$Division (LeaderStateImpl.java:addPendingRequest(522)) - s0@group-116E3AE48395-LeaderStateImpl: addPendingRequest at RaftClientRequest:client-2F84AF8F4D1D->s0@group-116E3AE48395, cid=67, seq=null, RW, Message:6d3133, entry=(t:1, i:27), STATEMACHINELOGENTRY, 67@client-2F84AF8F4D1D
2023-12-10 00:36:54,366 [s0@group-116E3AE48395-StateMachineUpdater] INFO  impl.SimpleStateMachine4Testing (SimpleStateMachine4Testing.java:applyTransaction(248)) - applyTransaction for log index 27
2023-12-10 00:36:54,366 [s0@group-116E3AE48395-StateMachineUpdater] INFO  impl.SimpleStateMachine4Testing (SimpleStateMachine4Testing.java:put(205)) - s0: put 27, m13 -> (t:1, i:27), STATEMACHINELOGENTRY, 67@client-2F84AF8F4D1D
2023-12-10 00:36:54,366 [Time-limited test] DEBUG client.RaftClient (RaftClientImpl.java:add(150)) - client-2F84AF8F4D1D: add replied callId 67
2023-12-10 00:36:54,366 [Time-limited test] DEBUG client.RaftClient (RaftClientImpl.java:get(162)) - client-2F84AF8F4D1D: get 68 returns [67]
2023-12-10 00:36:54,366 [NettyRpcService-workerGroup--thread1] DEBUG server.RaftServer$Division (RaftServerImpl.java:submitClientRequestAsync(893)) - s0@group-116E3AE48395: receive client request(RaftClientRequest:client-2F84AF8F4D1D->s0@group-116E3AE48395, cid=68, seq=null, RW, Message:6d3134)
2023-12-10 00:36:54,367 [NettyRpcService-workerGroup--thread1] DEBUG server.RaftServer$Division (LeaderStateImpl.java:addPendingRequest(522)) - s0@group-116E3AE48395-LeaderStateImpl: addPendingRequest at RaftClientRequest:client-2F84AF8F4D1D->s0@group-116E3AE48395, cid=68, seq=null, RW, Message:6d3134, entry=(t:1, i:29), STATEMACHINELOGENTRY, 68@client-2F84AF8F4D1D
2023-12-10 00:36:54,367 [s0@group-116E3AE48395-StateMachineUpdater] INFO  impl.SimpleStateMachine4Testing (SimpleStateMachine4Testing.java:applyTransaction(248)) - applyTransaction for log index 29
2023-12-10 00:36:54,367 [s0@group-116E3AE48395-StateMachineUpdater] INFO  impl.SimpleStateMachine4Testing (SimpleStateMachine4Testing.java:put(205)) - s0: put 29, m14 -> (t:1, i:29), STATEMACHINELOGENTRY, 68@client-2F84AF8F4D1D
2023-12-10 00:36:54,368 [Time-limited test] DEBUG client.RaftClient (RaftClientImpl.java:add(150)) - client-2F84AF8F4D1D: add replied callId 68
2023-12-10 00:36:54,368 [Time-limited test] DEBUG client.RaftClient (RaftClientImpl.java:get(162)) - client-2F84AF8F4D1D: get 69 returns [68]
2023-12-10 00:36:54,368 [NettyRpcService-workerGroup--thread1] DEBUG server.RaftServer$Division (RaftServerImpl.java:submitClientRequestAsync(893)) - s0@group-116E3AE48395: receive client request(RaftClientRequest:client-2F84AF8F4D1D->s0@group-116E3AE48395, cid=69, seq=null, RW, Message:6d3135)
2023-12-10 00:36:54,368 [NettyRpcService-workerGroup--thread1] DEBUG server.RaftServer$Division (LeaderStateImpl.java:addPendingRequest(522)) - s0@group-116E3AE48395-LeaderStateImpl: addPendingRequest at RaftClientRequest:client-2F84AF8F4D1D->s0@group-116E3AE48395, cid=69, seq=null, RW, Message:6d3135, entry=(t:1, i:31), STATEMACHINELOGENTRY, 69@client-2F84AF8F4D1D
2023-12-10 00:36:54,369 [s0@group-116E3AE48395-StateMachineUpdater] INFO  segmented.BufferedWriteChannel (BufferedWriteChannel.java:open(62)) - open snapshot.1_29 at position 0
2023-12-10 00:36:54,377 [s0@group-116E3AE48395-StateMachineUpdater] TRACE util.FileUtils (LogUtils.java:supplyAndLog(69)) - Successfully supplied FileChannel.open /home/runner/work/ratis/ratis/ratis-test/target/test/data/6e893928/MiniRaftClusterWithNetty9ba32ec/s0/48ae379c-f0c8-479a-9a37-116e3ae48395/sm/snapshot.1_29 with options [READ]: sun.nio.ch.FileChannelImpl@33f7c89
2023-12-10 00:36:54,378 [s0@group-116E3AE48395-StateMachineUpdater] TRACE util.FileUtils (LogUtils.java:supplyAndLog(69)) - Successfully supplied FileChannel.open /home/runner/work/ratis/ratis/ratis-test/target/test/data/6e893928/MiniRaftClusterWithNetty9ba32ec/s0/48ae379c-f0c8-479a-9a37-116e3ae48395/sm/snapshot.1_29.md5.tmp with options [CREATE, WRITE]: sun.nio.ch.FileChannelImpl@7c90b7a6
2023-12-10 00:36:54,379 [s0@group-116E3AE48395-StateMachineUpdater] TRACE util.FileUtils (LogUtils.java:runAndLog(49)) - Successfully ran Atomic Files.move /home/runner/work/ratis/ratis/ratis-test/target/test/data/6e893928/MiniRaftClusterWithNetty9ba32ec/s0/48ae379c-f0c8-479a-9a37-116e3ae48395/sm/snapshot.1_29.md5.tmp to /home/runner/work/ratis/ratis/ratis-test/target/test/data/6e893928/MiniRaftClusterWithNetty9ba32ec/s0/48ae379c-f0c8-479a-9a37-116e3ae48395/sm/snapshot.1_29.md5 with options [REPLACE_EXISTING]
2023-12-10 00:36:54,379 [s0@group-116E3AE48395-StateMachineUpdater] INFO  impl.StateMachineUpdater (StateMachineUpdater.java:takeSnapshot(295)) - s0@group-116E3AE48395-StateMachineUpdater: Took a snapshot at index 29
2023-12-10 00:36:54,379 [s0@group-116E3AE48395-StateMachineUpdater] INFO  impl.StateMachineUpdater (StateMachineUpdater.java:lambda$new$0(98)) - s0@group-116E3AE48395-StateMachineUpdater: snapshotIndex: updateIncreasingly 19 -> 29
2023-12-10 00:36:54,379 [s0@group-116E3AE48395-StateMachineUpdater] INFO  impl.SimpleStateMachine4Testing (SimpleStateMachine4Testing.java:applyTransaction(248)) - applyTransaction for log index 31
2023-12-10 00:36:54,379 [s0@group-116E3AE48395-StateMachineUpdater] INFO  impl.SimpleStateMachine4Testing (SimpleStateMachine4Testing.java:put(205)) - s0: put 31, m15 -> (t:1, i:31), STATEMACHINELOGENTRY, 69@client-2F84AF8F4D1D
2023-12-10 00:36:54,380 [Time-limited test] DEBUG client.RaftClient (RaftClientImpl.java:add(150)) - client-2F84AF8F4D1D: add replied callId 69
2023-12-10 00:36:54,380 [Time-limited test] DEBUG client.RaftClient (RaftClientImpl.java:get(162)) - client-2F84AF8F4D1D: get 70 returns [69]
2023-12-10 00:36:54,380 [NettyRpcService-workerGroup--thread1] DEBUG server.RaftServer$Division (RaftServerImpl.java:submitClientRequestAsync(893)) - s0@group-116E3AE48395: receive client request(RaftClientRequest:client-2F84AF8F4D1D->s0@group-116E3AE48395, cid=70, seq=null, RW, Message:6d3136)
2023-12-10 00:36:54,380 [NettyRpcService-workerGroup--thread1] DEBUG server.RaftServer$Division (LeaderStateImpl.java:addPendingRequest(522)) - s0@group-116E3AE48395-LeaderStateImpl: addPendingRequest at RaftClientRequest:client-2F84AF8F4D1D->s0@group-116E3AE48395, cid=70, seq=null, RW, Message:6d3136, entry=(t:1, i:33), STATEMACHINELOGENTRY, 70@client-2F84AF8F4D1D
2023-12-10 00:36:54,381 [s0@group-116E3AE48395-StateMachineUpdater] INFO  impl.SimpleStateMachine4Testing (SimpleStateMachine4Testing.java:applyTransaction(248)) - applyTransaction for log index 33
2023-12-10 00:36:54,381 [s0@group-116E3AE48395-StateMachineUpdater] INFO  impl.SimpleStateMachine4Testing (SimpleStateMachine4Testing.java:put(205)) - s0: put 33, m16 -> (t:1, i:33), STATEMACHINELOGENTRY, 70@client-2F84AF8F4D1D
2023-12-10 00:36:54,381 [Time-limited test] DEBUG client.RaftClient (RaftClientImpl.java:add(150)) - client-2F84AF8F4D1D: add replied callId 70
2023-12-10 00:36:54,381 [Time-limited test] DEBUG client.RaftClient (RaftClientImpl.java:get(162)) - client-2F84AF8F4D1D: get 71 returns [70]
2023-12-10 00:36:54,382 [NettyRpcService-workerGroup--thread1] DEBUG server.RaftServer$Division (RaftServerImpl.java:submitClientRequestAsync(893)) - s0@group-116E3AE48395: receive client request(RaftClientRequest:client-2F84AF8F4D1D->s0@group-116E3AE48395, cid=71, seq=null, RW, Message:6d3137)
2023-12-10 00:36:54,382 [NettyRpcService-workerGroup--thread1] DEBUG server.RaftServer$Division (LeaderStateImpl.java:addPendingRequest(522)) - s0@group-116E3AE48395-LeaderStateImpl: addPendingRequest at RaftClientRequest:client-2F84AF8F4D1D->s0@group-116E3AE48395, cid=71, seq=null, RW, Message:6d3137, entry=(t:1, i:35), STATEMACHINELOGENTRY, 71@client-2F84AF8F4D1D
2023-12-10 00:36:54,382 [s0@group-116E3AE48395-StateMachineUpdater] INFO  impl.SimpleStateMachine4Testing (SimpleStateMachine4Testing.java:applyTransaction(248)) - applyTransaction for log index 35
2023-12-10 00:36:54,382 [s0@group-116E3AE48395-StateMachineUpdater] INFO  impl.SimpleStateMachine4Testing (SimpleStateMachine4Testing.java:put(205)) - s0: put 35, m17 -> (t:1, i:35), STATEMACHINELOGENTRY, 71@client-2F84AF8F4D1D
2023-12-10 00:36:54,383 [Time-limited test] DEBUG client.RaftClient (RaftClientImpl.java:add(150)) - client-2F84AF8F4D1D: add replied callId 71
2023-12-10 00:36:54,383 [Time-limited test] DEBUG client.RaftClient (RaftClientImpl.java:get(162)) - client-2F84AF8F4D1D: get 72 returns [71]
2023-12-10 00:36:54,383 [NettyRpcService-workerGroup--thread1] DEBUG server.RaftServer$Division (RaftServerImpl.java:submitClientRequestAsync(893)) - s0@group-116E3AE48395: receive client request(RaftClientRequest:client-2F84AF8F4D1D->s0@group-116E3AE48395, cid=72, seq=null, RW, Message:6d3138)
2023-12-10 00:36:54,383 [NettyRpcService-workerGroup--thread1] DEBUG server.RaftServer$Division (LeaderStateImpl.java:addPendingRequest(522)) - s0@group-116E3AE48395-LeaderStateImpl: addPendingRequest at RaftClientRequest:client-2F84AF8F4D1D->s0@group-116E3AE48395, cid=72, seq=null, RW, Message:6d3138, entry=(t:1, i:37), STATEMACHINELOGENTRY, 72@client-2F84AF8F4D1D
2023-12-10 00:36:54,384 [s0@group-116E3AE48395-StateMachineUpdater] INFO  impl.SimpleStateMachine4Testing (SimpleStateMachine4Testing.java:applyTransaction(248)) - applyTransaction for log index 37
2023-12-10 00:36:54,384 [s0@group-116E3AE48395-StateMachineUpdater] INFO  impl.SimpleStateMachine4Testing (SimpleStateMachine4Testing.java:put(205)) - s0: put 37, m18 -> (t:1, i:37), STATEMACHINELOGENTRY, 72@client-2F84AF8F4D1D
2023-12-10 00:36:54,384 [Time-limited test] DEBUG client.RaftClient (RaftClientImpl.java:add(150)) - client-2F84AF8F4D1D: add replied callId 72
2023-12-10 00:36:54,386 [Time-limited test] INFO  statemachine.RaftSnapshotBaseTest (RaftSnapshotBaseTest.java:testBasicInstallSnapshot(211)) - nextIndex = 39
2023-12-10 00:36:54,386 [Time-limited test] INFO  statemachine.RaftSnapshotBaseTest (RaftSnapshotBaseTest.java:exists(183)) - File exists: /home/runner/work/ratis/ratis/ratis-test/target/test/data/6e893928/MiniRaftClusterWithNetty9ba32ec/s0/48ae379c-f0c8-479a-9a37-116e3ae48395/sm/snapshot.1_29
2023-12-10 00:36:54,387 [Time-limited test] INFO  impl.MiniRaftCluster (MiniRaftCluster.java:shutdown(831)) - ************************************************************** 
2023-12-10 00:36:54,387 [Time-limited test] INFO  impl.MiniRaftCluster (MiniRaftCluster.java:shutdown(832)) - *** 
2023-12-10 00:36:54,387 [Time-limited test] INFO  impl.MiniRaftCluster (MiniRaftCluster.java:shutdown(833)) - ***     Stopping MiniRaftClusterWithNetty
2023-12-10 00:36:54,387 [Time-limited test] INFO  impl.MiniRaftCluster (MiniRaftCluster.java:shutdown(834)) - *** 
2023-12-10 00:36:54,387 [Time-limited test] INFO  impl.MiniRaftCluster (MiniRaftCluster.java:shutdown(835)) - ************************************************************** 
2023-12-10 00:36:54,387 [Time-limited test] INFO  impl.MiniRaftCluster (MiniRaftCluster.java:shutdown(836)) - printing ALL groups
  s0:  RUNNING    LEADER s0@group-116E3AE48395:t1, leader=s0, voted=s0, raftlog=Memoized:s0@group-116E3AE48395-SegmentedRaftLog:OPENED:c38, conf=0: peers:[s0|localhost:33319]|listeners:[], old=null RUNNING
2023-12-10 00:36:54,387 [MiniRaftCluster-10] INFO  server.RaftServer (RaftServerProxy.java:lambda$close$9(416)) - s0: close
2023-12-10 00:36:54,387 [s0-impl-thread1] INFO  server.RaftServer$Division (RaftServerImpl.java:lambda$close$3(516)) - s0@group-116E3AE48395: shutdown
2023-12-10 00:36:54,387 [NettyRpcService-bossGroup--thread1] INFO  logging.LoggingHandler (AbstractInternalLogger.java:log(148)) - [id: 0x784e275d, L:/0.0.0.0:33319] CLOSE
2023-12-10 00:36:54,387 [s0-impl-thread1] INFO  util.JmxRegister (JmxRegister.java:unregister(73)) - Successfully un-registered JMX Bean with object name Ratis:service=RaftServer,group=group-116E3AE48395,id=s0
2023-12-10 00:36:54,387 [NettyRpcService-bossGroup--thread1] INFO  logging.LoggingHandler (AbstractInternalLogger.java:log(148)) - [id: 0x784e275d, L:/0.0.0.0:33319] INACTIVE
2023-12-10 00:36:54,387 [s0-impl-thread1] INFO  impl.RoleInfo (RoleInfo.java:shutdownLeaderState(94)) - s0: shutdown s0@group-116E3AE48395-LeaderStateImpl
2023-12-10 00:36:54,387 [NettyRpcService-bossGroup--thread1] INFO  logging.LoggingHandler (AbstractInternalLogger.java:log(148)) - [id: 0x784e275d, L:/0.0.0.0:33319] UNREGISTERED
2023-12-10 00:36:54,387 [s0-impl-thread1] INFO  impl.PendingRequests (PendingRequests.java:sendNotLeaderResponses(289)) - s0@group-116E3AE48395-PendingRequests: sendNotLeaderResponses
2023-12-10 00:36:54,394 [s0-impl-thread1] INFO  impl.StateMachineUpdater (StateMachineUpdater.java:stopAndJoin(157)) - s0@group-116E3AE48395-StateMachineUpdater: set stopIndex = 38
2023-12-10 00:36:54,396 [s0@group-116E3AE48395-StateMachineUpdater] INFO  segmented.BufferedWriteChannel (BufferedWriteChannel.java:open(62)) - open snapshot.1_38 at position 0
2023-12-10 00:36:54,405 [s0@group-116E3AE48395-StateMachineUpdater] TRACE util.FileUtils (LogUtils.java:supplyAndLog(69)) - Successfully supplied FileChannel.open /home/runner/work/ratis/ratis/ratis-test/target/test/data/6e893928/MiniRaftClusterWithNetty9ba32ec/s0/48ae379c-f0c8-479a-9a37-116e3ae48395/sm/snapshot.1_38 with options [READ]: sun.nio.ch.FileChannelImpl@4334789
2023-12-10 00:36:54,405 [s0@group-116E3AE48395-StateMachineUpdater] TRACE util.FileUtils (LogUtils.java:supplyAndLog(69)) - Successfully supplied FileChannel.open /home/runner/work/ratis/ratis/ratis-test/target/test/data/6e893928/MiniRaftClusterWithNetty9ba32ec/s0/48ae379c-f0c8-479a-9a37-116e3ae48395/sm/snapshot.1_38.md5.tmp with options [CREATE, WRITE]: sun.nio.ch.FileChannelImpl@4057010a
2023-12-10 00:36:54,406 [s0@group-116E3AE48395-StateMachineUpdater] TRACE util.FileUtils (LogUtils.java:runAndLog(49)) - Successfully ran Atomic Files.move /home/runner/work/ratis/ratis/ratis-test/target/test/data/6e893928/MiniRaftClusterWithNetty9ba32ec/s0/48ae379c-f0c8-479a-9a37-116e3ae48395/sm/snapshot.1_38.md5.tmp to /home/runner/work/ratis/ratis/ratis-test/target/test/data/6e893928/MiniRaftClusterWithNetty9ba32ec/s0/48ae379c-f0c8-479a-9a37-116e3ae48395/sm/snapshot.1_38.md5 with options [REPLACE_EXISTING]
2023-12-10 00:36:54,406 [s0@group-116E3AE48395-StateMachineUpdater] INFO  impl.StateMachineUpdater (StateMachineUpdater.java:takeSnapshot(295)) - s0@group-116E3AE48395-StateMachineUpdater: Took a snapshot at index 38
2023-12-10 00:36:54,406 [s0@group-116E3AE48395-StateMachineUpdater] INFO  impl.StateMachineUpdater (StateMachineUpdater.java:lambda$new$0(98)) - s0@group-116E3AE48395-StateMachineUpdater: snapshotIndex: updateIncreasingly 29 -> 38
2023-12-10 00:36:54,408 [s0-impl-thread1] INFO  server.RaftServer$Division (ServerState.java:close(423)) - s0@group-116E3AE48395: applyIndex: 38
2023-12-10 00:36:54,408 [s0@group-116E3AE48395-cacheEviction-AwaitToRun] INFO  util.AwaitToRun (AwaitToRun.java:run(49)) - s0@group-116E3AE48395-cacheEviction-AwaitToRun-AwaitForSignal is interrupted
2023-12-10 00:36:55,385 [s0-impl-thread1] INFO  segmented.SegmentedRaftLogWorker (SegmentedRaftLogWorker.java:close(245)) - s0@group-116E3AE48395-SegmentedRaftLogWorker close()
2023-12-10 00:36:55,386 [JvmPauseMonitor5] INFO  util.JvmPauseMonitor (JvmPauseMonitor.java:run(152)) - JvmPauseMonitor-s0: Stopped
2023-12-10 00:36:55,386 [Time-limited test] INFO  impl.MiniRaftCluster (MiniRaftCluster.java:shutdown(855)) - MiniRaftClusterWithNetty shutdown completed
2023-12-10 00:36:55,386 [Time-limited test] TRACE util.FileUtils (LogUtils.java:runAndLog(49)) - Successfully ran Files.delete /home/runner/work/ratis/ratis/ratis-test/target/test/data/6e893928/MiniRaftClusterWithNetty9ba32ec/s0/48ae379c-f0c8-479a-9a37-116e3ae48395/current/log_inprogress_0
2023-12-10 00:36:55,386 [Time-limited test] INFO  statemachine.RaftSnapshotBaseTest (RaftSnapshotBaseTest.java:testBasicInstallSnapshot(229)) - Restarting the cluster
2023-12-10 00:36:55,386 [Time-limited test] INFO  impl.MiniRaftCluster (MiniRaftCluster.java:shutdown(831)) - ************************************************************** 
2023-12-10 00:36:55,386 [Time-limited test] INFO  impl.MiniRaftCluster (MiniRaftCluster.java:shutdown(832)) - *** 
2023-12-10 00:36:55,386 [Time-limited test] INFO  impl.MiniRaftCluster (MiniRaftCluster.java:shutdown(833)) - ***     Stopping MiniRaftClusterWithNetty
2023-12-10 00:36:55,386 [Time-limited test] INFO  impl.MiniRaftCluster (MiniRaftCluster.java:shutdown(834)) - *** 
2023-12-10 00:36:55,386 [Time-limited test] INFO  impl.MiniRaftCluster (MiniRaftCluster.java:shutdown(835)) - ************************************************************** 
2023-12-10 00:36:55,386 [Time-limited test] INFO  impl.MiniRaftCluster (MiniRaftCluster.java:shutdown(836)) - printing ALL groups
  s0:   CLOSED    LEADER s0@group-116E3AE48395:t1, leader=s0, voted=s0, raftlog=Memoized:s0@group-116E3AE48395-SegmentedRaftLog:CLOSED:c38, conf=0: peers:[s0|localhost:33319]|listeners:[], old=null CLOSED
2023-12-10 00:36:55,387 [Time-limited test] INFO  impl.MiniRaftCluster (MiniRaftCluster.java:shutdown(855)) - MiniRaftClusterWithNetty shutdown completed
2023-12-10 00:36:55,387 [Time-limited test] INFO  impl.MiniRaftCluster (MiniRaftCluster.java:newRaftServer(382)) - newRaftServer: s0, group-116E3AE48395:[s0|localhost:33319], format? false
2023-12-10 00:36:55,387 [Time-limited test] INFO  server.RaftServer (ConfUtils.java:logGet(46)) - raft.rpc.type = NETTY (custom)
2023-12-10 00:36:55,387 [Time-limited test] INFO  netty.NettyConfigKeys$Server (ConfUtils.java:logGet(46)) - raft.netty.server.use-epoll = true (default)
2023-12-10 00:36:55,387 [Time-limited test] INFO  netty.NettyUtils (NettyUtils.java:newEventLoopGroup(69)) - Create EpollEventLoopGroup for NettyRpcService-bossGroup; Thread size is 0.
2023-12-10 00:36:55,387 [Time-limited test] INFO  netty.NettyUtils (NettyUtils.java:newEventLoopGroup(69)) - Create EpollEventLoopGroup for NettyRpcService-workerGroup; Thread size is 0.
2023-12-10 00:36:55,394 [Time-limited test] INFO  netty.NettyConfigKeys$Server (ConfUtils.java:logGet(46)) - raft.netty.server.host = null (default)
2023-12-10 00:36:55,394 [Time-limited test] INFO  netty.NettyConfigKeys$Server (ConfUtils.java:logGet(46)) - raft.netty.server.port = 33319 (custom)
2023-12-10 00:36:55,394 [Time-limited test] INFO  impl.DataStreamServerImpl (ConfUtils.java:logGet(46)) - raft.datastream.type = DISABLED (default)
2023-12-10 00:36:55,394 [Time-limited test] INFO  server.RaftServerConfigKeys (ConfUtils.java:logGet(46)) - raft.server.sleep.deviation.threshold = 300ms (default)
2023-12-10 00:36:55,395 [Time-limited test] INFO  server.RaftServerConfigKeys (ConfUtils.java:logGet(46)) - raft.server.close.threshold = 60s (default)
2023-12-10 00:36:55,395 [Time-limited test] INFO  server.RaftServerConfigKeys (ConfUtils.java:logGet(46)) - raft.server.leaderelection.leader.step-down.wait-time = 10s (default)
2023-12-10 00:36:55,395 [Time-limited test] INFO  server.RaftServerConfigKeys (ConfUtils.java:logGet(46)) - raft.server.storage.dir = [/home/runner/work/ratis/ratis/ratis-test/target/test/data/6e893928/MiniRaftClusterWithNetty9ba32ec/s0] (custom)
2023-12-10 00:36:55,395 [Time-limited test] INFO  server.RaftServerConfigKeys (ConfUtils.java:logGet(46)) - raft.server.threadpool.proxy.cached = true (default)
2023-12-10 00:36:55,395 [Time-limited test] INFO  server.RaftServerConfigKeys (ConfUtils.java:logGet(46)) - raft.server.threadpool.proxy.size = 0 (default)
2023-12-10 00:36:55,395 [s0-impl-thread1] INFO  server.RaftServer (RaftServerProxy.java:initGroupDir(264)) - s0: found a subdirectory /home/runner/work/ratis/ratis/ratis-test/target/test/data/6e893928/MiniRaftClusterWithNetty9ba32ec/s0/48ae379c-f0c8-479a-9a37-116e3ae48395
2023-12-10 00:36:55,396 [Time-limited test] INFO  server.RaftServer (RaftServerProxy.java:addNew(100)) - s0: addNew group-116E3AE48395:[s0|localhost:33319] returns group-116E3AE48395:java.util.concurrent.CompletableFuture@6a2f9342[Not completed]
2023-12-10 00:36:55,396 [Time-limited test] INFO  impl.MiniRaftCluster (MiniRaftCluster.java:start(339)) - .............................................................. 
2023-12-10 00:36:55,396 [Time-limited test] INFO  impl.MiniRaftCluster (MiniRaftCluster.java:start(340)) - ... 
2023-12-10 00:36:55,396 [Time-limited test] INFO  impl.MiniRaftCluster (MiniRaftCluster.java:start(341)) - ...     Starting MiniRaftClusterWithNetty
2023-12-10 00:36:55,396 [Time-limited test] INFO  impl.MiniRaftCluster (MiniRaftCluster.java:start(342)) - ... 
2023-12-10 00:36:55,396 [Time-limited test] INFO  impl.MiniRaftCluster (MiniRaftCluster.java:start(343)) - .............................................................. 
2023-12-10 00:36:55,396 [Time-limited test] INFO  impl.MiniRaftCluster (MiniRaftCluster.java:initServers(318)) - servers = {s0=s0:      NEW group-116E3AE48395:java.util.concurrent.CompletableFuture@6a2f9342[Not completed]}
2023-12-10 00:36:55,396 [s0-groupManagement] INFO  netty.NettyUtils (NettyUtils.java:newEventLoopGroup(69)) - Create EpollEventLoopGroup for s0; Thread size is 0.
2023-12-10 00:36:55,396 [s0-groupManagement] INFO  server.RaftServerConfigKeys (ConfUtils.java:logGet(46)) - raft.server.log.segment.size.max = 32MB (=33554432) (default)
2023-12-10 00:36:55,396 [s0-groupManagement] INFO  server.RaftServerConfigKeys (ConfUtils.java:logGet(46)) - raft.server.log.preallocated.size = 4MB (=4194304) (default)
2023-12-10 00:36:55,396 [s0-groupManagement] INFO  server.RaftServerConfigKeys (ConfUtils.java:logGet(46)) - raft.server.log.write.buffer.size = 8MB (=8388608) (default)
2023-12-10 00:36:55,396 [s0-groupManagement] INFO  server.RaftServer$Division (RaftServerImpl.java:<init>(256)) - s0: new RaftServerImpl for group-116E3AE48395:[s0|localhost:33319] with SimpleStateMachine4Testing:uninitialized
2023-12-10 00:36:55,396 [s0-groupManagement] INFO  server.RaftServerConfigKeys (ConfUtils.java:logGet(46)) - raft.server.rpc.timeout.min = 150ms (default)
2023-12-10 00:36:55,396 [s0-groupManagement] INFO  server.RaftServerConfigKeys (ConfUtils.java:logGet(46)) - raft.server.rpc.timeout.max = 300ms (default)
2023-12-10 00:36:55,396 [s0-groupManagement] INFO  server.RaftServerConfigKeys (ConfUtils.java:logGet(46)) - raft.server.rpc.sleep.time = 25ms (default)
2023-12-10 00:36:55,397 [s0-groupManagement] INFO  server.RaftServerConfigKeys (ConfUtils.java:logGet(46)) - raft.server.rpc.slowness.timeout = 60s (default)
2023-12-10 00:36:55,397 [s0-groupManagement] INFO  server.RaftServerConfigKeys (ConfUtils.java:logGet(46)) - raft.server.leaderelection.leader.step-down.wait-time = 10s (default)
2023-12-10 00:36:55,397 [s0-groupManagement] INFO  server.RaftServerConfigKeys (ConfUtils.java:logGet(46)) - raft.server.leaderelection.member.majority-add = false (default)
2023-12-10 00:36:55,397 [s0-groupManagement] INFO  server.RaftServerConfigKeys (ConfUtils.java:logGet(46)) - raft.server.sleep.deviation.threshold = 300ms (default)
2023-12-10 00:36:55,397 [s0-groupManagement] INFO  server.RaftServer$Division (ServerState.java:<init>(113)) - s0@group-116E3AE48395: ConfigurationManager, init=-1: peers:[s0|localhost:33319]|listeners:[], old=null, confs=<EMPTY_MAP>
2023-12-10 00:36:55,397 [s0-groupManagement] INFO  server.RaftServerConfigKeys (ConfUtils.java:logGet(46)) - raft.server.notification.no-leader.timeout = 60s (default)
2023-12-10 00:36:55,397 [s0-groupManagement] INFO  server.RaftServerConfigKeys (ConfUtils.java:logGet(46)) - raft.server.read.timeout = 10s (default)
2023-12-10 00:36:55,397 [s0-groupManagement] INFO  server.RaftServerConfigKeys (ConfUtils.java:logGet(46)) - raft.server.retrycache.expirytime = 60s (default)
2023-12-10 00:36:55,397 [s0-groupManagement] INFO  server.RaftServerConfigKeys (ConfUtils.java:logGet(46)) - raft.server.retrycache.statistics.expirytime = 100ms (default)
2023-12-10 00:36:55,397 [s0-groupManagement] INFO  server.RaftServerConfigKeys (ConfUtils.java:logGet(46)) - raft.server.read.option = DEFAULT (default)
2023-12-10 00:36:55,397 [s0-groupManagement] INFO  server.RaftServerConfigKeys (ConfUtils.java:logGet(46)) - raft.server.read.read-after-write-consistent.write-index-cache.expiry-time = 60s (default)
2023-12-10 00:36:55,398 [s0-groupManagement] INFO  server.RaftServerConfigKeys (ConfUtils.java:logGet(46)) - raft.server.rpc.request.timeout = 3000ms (default)
2023-12-10 00:36:55,398 [s0-groupManagement] INFO  server.RaftServerConfigKeys (ConfUtils.java:logGet(46)) - raft.server.log.appender.install.snapshot.enabled = true (default)
2023-12-10 00:36:55,398 [s0-groupManagement] INFO  server.RaftServerConfigKeys (ConfUtils.java:logGet(46)) - raft.server.threadpool.server.cached = true (default)
2023-12-10 00:36:55,398 [s0-groupManagement] INFO  server.RaftServerConfigKeys (ConfUtils.java:logGet(46)) - raft.server.threadpool.server.size = 0 (default)
2023-12-10 00:36:55,398 [s0-groupManagement] INFO  server.RaftServerConfigKeys (ConfUtils.java:logGet(46)) - raft.server.threadpool.client.cached = true (default)
2023-12-10 00:36:55,398 [s0-groupManagement] INFO  server.RaftServerConfigKeys (ConfUtils.java:logGet(46)) - raft.server.threadpool.client.size = 0 (default)
2023-12-10 00:36:55,399 [s0-impl-thread1] INFO  server.RaftServerConfigKeys (ConfUtils.java:logGet(46)) - raft.server.storage.free-space.min = 0MB (=0) (default)
2023-12-10 00:36:55,399 [s0-impl-thread1] INFO  server.RaftServerConfigKeys (ConfUtils.java:logGet(46)) - raft.server.log.corruption.policy = EXCEPTION (default)
2023-12-10 00:36:55,399 [s0-impl-thread1] INFO  server.RaftServerConfigKeys (ConfUtils.java:logGet(46)) - raft.server.storage.dir = [/home/runner/work/ratis/ratis/ratis-test/target/test/data/6e893928/MiniRaftClusterWithNetty9ba32ec/s0] (custom)
2023-12-10 00:36:55,400 [s0-impl-thread1] INFO  storage.RaftStorageDirectory (RaftStorageDirectoryImpl.java:tryLock(228)) - Lock on /home/runner/work/ratis/ratis/ratis-test/target/test/data/6e893928/MiniRaftClusterWithNetty9ba32ec/s0/48ae379c-f0c8-479a-9a37-116e3ae48395/in_use.lock acquired by nodename 6805@fv-az1103-11
2023-12-10 00:36:55,400 [s0-impl-thread1] TRACE util.FileUtils (LogUtils.java:runAndLog(49)) - Successfully ran Files.deleteIfExists /home/runner/work/ratis/ratis/ratis-test/target/test/data/6e893928/MiniRaftClusterWithNetty9ba32ec/s0/48ae379c-f0c8-479a-9a37-116e3ae48395/current/raft-meta.tmp
2023-12-10 00:36:55,400 [s0-impl-thread1] TRACE util.FileUtils (LogUtils.java:supplyAndLog(69)) - Successfully supplied Files.newInputStream /home/runner/work/ratis/ratis/ratis-test/target/test/data/6e893928/MiniRaftClusterWithNetty9ba32ec/s0/48ae379c-f0c8-479a-9a37-116e3ae48395/current/raft-meta with options []: sun.nio.ch.ChannelInputStream@1db77e2a
2023-12-10 00:36:55,400 [s0-impl-thread1] INFO  storage.RaftStorage (RaftStorageImpl.java:analyzeAndRecoverStorage(119)) - Read RaftStorageMetadata{term=1, votedFor=s0} from /home/runner/work/ratis/ratis/ratis-test/target/test/data/6e893928/MiniRaftClusterWithNetty9ba32ec/s0/48ae379c-f0c8-479a-9a37-116e3ae48395/current/raft-meta
2023-12-10 00:36:55,400 [s0-impl-thread1] TRACE util.FileUtils (LogUtils.java:supplyAndLog(69)) - Successfully supplied Files.newInputStream /home/runner/work/ratis/ratis/ratis-test/target/test/data/6e893928/MiniRaftClusterWithNetty9ba32ec/s0/48ae379c-f0c8-479a-9a37-116e3ae48395/current/raft-meta.conf with options []: sun.nio.ch.ChannelInputStream@1988f944
2023-12-10 00:36:55,401 [s0-impl-thread1] INFO  server.RaftServer$Division (ServerState.java:setRaftConf(382)) - s0@group-116E3AE48395: set configuration 0: peers:[s0|localhost:33319]|listeners:[], old=null
2023-12-10 00:36:55,401 [s0-impl-thread1] INFO  impl.SimpleStateMachine4Testing (SimpleStateMachine4Testing.java:initialize(213)) - Initializing SimpleStateMachine4Testing:uninitialized
2023-12-10 00:36:55,401 [s0-impl-thread1] TRACE util.FileUtils (LogUtils.java:supplyAndLog(69)) - Successfully supplied Files.newInputStream /home/runner/work/ratis/ratis/ratis-test/target/test/data/6e893928/MiniRaftClusterWithNetty9ba32ec/s0/48ae379c-f0c8-479a-9a37-116e3ae48395/sm/snapshot.1_38.md5 with options []: sun.nio.ch.ChannelInputStream@5c8a7411
2023-12-10 00:36:55,401 [s0-impl-thread1] INFO  impl.SimpleStateMachine4Testing (SimpleStateMachine4Testing.java:loadSnapshot(296)) - Loading snapshot SingleFileSnapshotInfo(t:1, i:38):[/home/runner/work/ratis/ratis/ratis-test/target/test/data/6e893928/MiniRaftClusterWithNetty9ba32ec/s0/48ae379c-f0c8-479a-9a37-116e3ae48395/sm/snapshot.1_38]
2023-12-10 00:36:55,401 [s0-impl-thread1] TRACE util.FileUtils (LogUtils.java:supplyAndLog(69)) - Successfully supplied Files.newInputStream /home/runner/work/ratis/ratis/ratis-test/target/test/data/6e893928/MiniRaftClusterWithNetty9ba32ec/s0/48ae379c-f0c8-479a-9a37-116e3ae48395/sm/snapshot.1_38 with options []: sun.nio.ch.ChannelInputStream@4b7cac86
2023-12-10 00:36:55,402 [s0-impl-thread1] INFO  impl.SimpleStateMachine4Testing (SimpleStateMachine4Testing.java:put(205)) - s0: put 1, m0 -> (t:1, i:1), STATEMACHINELOGENTRY, 54@client-2F84AF8F4D1D
2023-12-10 00:36:55,402 [s0-impl-thread1] INFO  impl.SimpleStateMachine4Testing (SimpleStateMachine4Testing.java:put(205)) - s0: put 3, m1 -> (t:1, i:3), STATEMACHINELOGENTRY, 55@client-2F84AF8F4D1D
2023-12-10 00:36:55,402 [s0-impl-thread1] INFO  impl.SimpleStateMachine4Testing (SimpleStateMachine4Testing.java:put(205)) - s0: put 5, m2 -> (t:1, i:5), STATEMACHINELOGENTRY, 56@client-2F84AF8F4D1D
2023-12-10 00:36:55,402 [s0-impl-thread1] INFO  impl.SimpleStateMachine4Testing (SimpleStateMachine4Testing.java:put(205)) - s0: put 7, m3 -> (t:1, i:7), STATEMACHINELOGENTRY, 57@client-2F84AF8F4D1D
2023-12-10 00:36:55,402 [s0-impl-thread1] INFO  impl.SimpleStateMachine4Testing (SimpleStateMachine4Testing.java:put(205)) - s0: put 9, m4 -> (t:1, i:9), STATEMACHINELOGENTRY, 58@client-2F84AF8F4D1D
2023-12-10 00:36:55,402 [s0-impl-thread1] INFO  impl.SimpleStateMachine4Testing (SimpleStateMachine4Testing.java:put(205)) - s0: put 11, m5 -> (t:1, i:11), STATEMACHINELOGENTRY, 59@client-2F84AF8F4D1D
2023-12-10 00:36:55,402 [s0-impl-thread1] INFO  impl.SimpleStateMachine4Testing (SimpleStateMachine4Testing.java:put(205)) - s0: put 13, m6 -> (t:1, i:13), STATEMACHINELOGENTRY, 60@client-2F84AF8F4D1D
2023-12-10 00:36:55,402 [s0-impl-thread1] INFO  impl.SimpleStateMachine4Testing (SimpleStateMachine4Testing.java:put(205)) - s0: put 15, m7 -> (t:1, i:15), STATEMACHINELOGENTRY, 61@client-2F84AF8F4D1D
2023-12-10 00:36:55,403 [s0-impl-thread1] INFO  impl.SimpleStateMachine4Testing (SimpleStateMachine4Testing.java:put(205)) - s0: put 17, m8 -> (t:1, i:17), STATEMACHINELOGENTRY, 62@client-2F84AF8F4D1D
2023-12-10 00:36:55,403 [s0-impl-thread1] INFO  impl.SimpleStateMachine4Testing (SimpleStateMachine4Testing.java:put(205)) - s0: put 19, m9 -> (t:1, i:19), STATEMACHINELOGENTRY, 63@client-2F84AF8F4D1D
2023-12-10 00:36:55,403 [s0-impl-thread1] INFO  impl.SimpleStateMachine4Testing (SimpleStateMachine4Testing.java:put(205)) - s0: put 21, m10 -> (t:1, i:21), STATEMACHINELOGENTRY, 64@client-2F84AF8F4D1D
2023-12-10 00:36:55,403 [s0-impl-thread1] INFO  impl.SimpleStateMachine4Testing (SimpleStateMachine4Testing.java:put(205)) - s0: put 23, m11 -> (t:1, i:23), STATEMACHINELOGENTRY, 65@client-2F84AF8F4D1D
2023-12-10 00:36:55,403 [s0-impl-thread1] INFO  impl.SimpleStateMachine4Testing (SimpleStateMachine4Testing.java:put(205)) - s0: put 25, m12 -> (t:1, i:25), STATEMACHINELOGENTRY, 66@client-2F84AF8F4D1D
2023-12-10 00:36:55,403 [s0-impl-thread1] INFO  impl.SimpleStateMachine4Testing (SimpleStateMachine4Testing.java:put(205)) - s0: put 27, m13 -> (t:1, i:27), STATEMACHINELOGENTRY, 67@client-2F84AF8F4D1D
2023-12-10 00:36:55,403 [s0-impl-thread1] INFO  impl.SimpleStateMachine4Testing (SimpleStateMachine4Testing.java:put(205)) - s0: put 29, m14 -> (t:1, i:29), STATEMACHINELOGENTRY, 68@client-2F84AF8F4D1D
2023-12-10 00:36:55,403 [s0-impl-thread1] INFO  impl.SimpleStateMachine4Testing (SimpleStateMachine4Testing.java:put(205)) - s0: put 31, m15 -> (t:1, i:31), STATEMACHINELOGENTRY, 69@client-2F84AF8F4D1D
2023-12-10 00:36:55,404 [s0-impl-thread1] INFO  impl.SimpleStateMachine4Testing (SimpleStateMachine4Testing.java:put(205)) - s0: put 33, m16 -> (t:1, i:33), STATEMACHINELOGENTRY, 70@client-2F84AF8F4D1D
2023-12-10 00:36:55,404 [s0-impl-thread1] INFO  impl.SimpleStateMachine4Testing (SimpleStateMachine4Testing.java:put(205)) - s0: put 35, m17 -> (t:1, i:35), STATEMACHINELOGENTRY, 71@client-2F84AF8F4D1D
2023-12-10 00:36:55,404 [s0-impl-thread1] INFO  impl.SimpleStateMachine4Testing (SimpleStateMachine4Testing.java:put(205)) - s0: put 37, m18 -> (t:1, i:37), STATEMACHINELOGENTRY, 72@client-2F84AF8F4D1D
2023-12-10 00:36:55,404 [s0-impl-thread1] INFO  server.RaftServerConfigKeys (ConfUtils.java:logGet(46)) - raft.server.log.use.memory = false (default)
2023-12-10 00:36:55,404 [s0-impl-thread1] INFO  server.RaftServerConfigKeys (ConfUtils.java:logGet(46)) - raft.server.log.purge.gap = 1024 (default)
2023-12-10 00:36:55,404 [s0-impl-thread1] INFO  server.RaftServerConfigKeys (ConfUtils.java:logGet(46)) - raft.server.log.appender.buffer.byte-limit = 4MB (=4194304) (default)
2023-12-10 00:36:55,404 [s0-impl-thread1] INFO  server.RaftServerConfigKeys (ConfUtils.java:logGet(46)) - raft.server.log.statemachine.data.read.timeout = 1000ms (default)
2023-12-10 00:36:55,404 [s0-impl-thread1] INFO  server.RaftServerConfigKeys (ConfUtils.java:logGet(46)) - raft.server.log.purge.preservation.log.num = 0 (default)
2023-12-10 00:36:55,405 [s0-impl-thread1] INFO  server.RaftServerConfigKeys (ConfUtils.java:logGet(46)) - raft.server.log.segment.size.max = 32MB (=33554432) (default)
2023-12-10 00:36:55,405 [s0-impl-thread1] INFO  server.RaftServerConfigKeys (ConfUtils.java:logGet(46)) - raft.server.log.segment.cache.num.max = 6 (default)
2023-12-10 00:36:55,405 [s0-impl-thread1] INFO  server.RaftServerConfigKeys (ConfUtils.java:logGet(46)) - raft.server.log.segment.cache.size.max = 200MB (=209715200) (default)
2023-12-10 00:36:55,405 [s0-impl-thread1] INFO  server.RaftServerConfigKeys (ConfUtils.java:logGet(46)) - raft.server.log.appender.buffer.byte-limit = 4MB (=4194304) (default)
2023-12-10 00:36:55,405 [s0-impl-thread1] INFO  util.AwaitToRun (AwaitToRun.java:start(81)) - Thread[s0@group-116E3AE48395-cacheEviction-AwaitToRun,5,main] started
2023-12-10 00:36:55,405 [s0-impl-thread1] INFO  segmented.SegmentedRaftLogWorker (SegmentedRaftLogWorker.java:<init>(182)) - new s0@group-116E3AE48395-SegmentedRaftLogWorker for RaftStorageImpl:Storage Directory /home/runner/work/ratis/ratis/ratis-test/target/test/data/6e893928/MiniRaftClusterWithNetty9ba32ec/s0/48ae379c-f0c8-479a-9a37-116e3ae48395
2023-12-10 00:36:55,405 [s0-impl-thread1] INFO  server.RaftServerConfigKeys (ConfUtils.java:logGet(46)) - raft.server.log.queue.byte-limit = 64MB (=67108864) (default)
2023-12-10 00:36:55,405 [s0-impl-thread1] INFO  server.RaftServerConfigKeys (ConfUtils.java:logGet(46)) - raft.server.log.queue.element-limit = 4096 (default)
2023-12-10 00:36:55,405 [s0-impl-thread1] INFO  server.RaftServerConfigKeys (ConfUtils.java:logGet(46)) - raft.server.log.segment.size.max = 32MB (=33554432) (default)
2023-12-10 00:36:55,405 [s0-impl-thread1] INFO  server.RaftServerConfigKeys (ConfUtils.java:logGet(46)) - raft.server.log.preallocated.size = 4MB (=4194304) (default)
2023-12-10 00:36:55,405 [s0-impl-thread1] INFO  server.RaftServerConfigKeys (ConfUtils.java:logGet(46)) - raft.server.log.force.sync.num = 128 (default)
2023-12-10 00:36:55,405 [s0-impl-thread1] INFO  server.RaftServerConfigKeys (ConfUtils.java:logGet(46)) - raft.server.log.statemachine.data.sync = true (default)
2023-12-10 00:36:55,406 [s0-impl-thread1] INFO  server.RaftServerConfigKeys (ConfUtils.java:logGet(46)) - raft.server.log.statemachine.data.sync.timeout = 10s (default)
2023-12-10 00:36:55,406 [s0-impl-thread1] INFO  server.RaftServerConfigKeys (ConfUtils.java:logGet(46)) - raft.server.log.statemachine.data.sync.timeout.retry = -1 (default)
2023-12-10 00:36:55,406 [s0-impl-thread1] INFO  server.RaftServerConfigKeys (ConfUtils.java:logGet(46)) - raft.server.log.write.buffer.size = 8MB (=8388608) (default)
2023-12-10 00:36:55,406 [s0-impl-thread1] INFO  server.RaftServerConfigKeys (ConfUtils.java:logGet(46)) - raft.server.log.appender.buffer.byte-limit = 4MB (=4194304) (default)
2023-12-10 00:36:55,406 [s0-impl-thread1] INFO  server.RaftServerConfigKeys (ConfUtils.java:logGet(46)) - raft.server.log.unsafe-flush.enabled = false (default)
2023-12-10 00:36:55,406 [s0-impl-thread1] INFO  server.RaftServerConfigKeys (ConfUtils.java:logGet(46)) - raft.server.log.async-flush.enabled = false (default)
2023-12-10 00:36:55,406 [s0-impl-thread1] INFO  server.RaftServerConfigKeys (ConfUtils.java:logGet(46)) - raft.server.log.statemachine.data.caching.enabled = false (default)
2023-12-10 00:36:55,406 [s0-impl-thread1] INFO  segmented.SegmentedRaftLogWorker (SegmentedRaftLogWorker.java:lambda$new$0(134)) - s0@group-116E3AE48395-SegmentedRaftLogWorker: flushIndex: setUnconditionally 0 -> 38
2023-12-10 00:36:55,406 [s0-impl-thread1] INFO  segmented.SegmentedRaftLogWorker (SegmentedRaftLogWorker.java:lambda$new$0(134)) - s0@group-116E3AE48395-SegmentedRaftLogWorker: safeCacheEvictIndex: setUnconditionally 0 -> -1
2023-12-10 00:36:55,407 [s0-impl-thread1] INFO  server.RaftServer$Division (RaftServerImpl.java:start(392)) - s0@group-116E3AE48395: start as a follower, conf=0: peers:[s0|localhost:33319]|listeners:[], old=null
2023-12-10 00:36:55,407 [s0-impl-thread1] INFO  server.RaftServer$Division (RaftServerImpl.java:setRole(379)) - s0@group-116E3AE48395: changes role from      null to FOLLOWER at term 1 for startAsFollower
2023-12-10 00:36:55,407 [s0-impl-thread1] INFO  impl.RoleInfo (RoleInfo.java:updateAndGet(139)) - s0: start s0@group-116E3AE48395-FollowerState
2023-12-10 00:36:55,407 [s0@group-116E3AE48395-FollowerState] INFO  server.RaftServerConfigKeys (ConfUtils.java:logFallback(53)) - raft.server.rpc.first-election.timeout.min = 150ms (fallback to raft.server.rpc.timeout.min)
2023-12-10 00:36:55,407 [s0@group-116E3AE48395-FollowerState] INFO  server.RaftServerConfigKeys (ConfUtils.java:logFallback(53)) - raft.server.rpc.first-election.timeout.max = 300ms (fallback to raft.server.rpc.timeout.max)
2023-12-10 00:36:55,407 [s0-impl-thread1] INFO  util.JmxRegister (JmxRegister.java:tryRegister(44)) - Successfully registered JMX Bean with object name Ratis:service=RaftServer,group=group-116E3AE48395,id=s0
2023-12-10 00:36:55,407 [s0-impl-thread1] INFO  server.RaftServerConfigKeys (ConfUtils.java:logGet(46)) - raft.server.snapshot.trigger-when-stop.enabled = true (default)
2023-12-10 00:36:55,407 [s0-impl-thread1] INFO  server.RaftServerConfigKeys (ConfUtils.java:logGet(46)) - raft.server.snapshot.auto.trigger.enabled = true (custom)
2023-12-10 00:36:55,408 [s0-impl-thread1] INFO  server.RaftServerConfigKeys (ConfUtils.java:logGet(46)) - raft.server.snapshot.auto.trigger.threshold = 10 (custom)
2023-12-10 00:36:55,408 [s0-impl-thread1] INFO  server.RaftServerConfigKeys (ConfUtils.java:logGet(46)) - raft.server.snapshot.retention.file.num = -1 (default)
2023-12-10 00:36:55,408 [s0-impl-thread1] INFO  server.RaftServerConfigKeys (ConfUtils.java:logGet(46)) - raft.server.log.purge.upto.snapshot.index = false (default)
2023-12-10 00:36:55,408 [Time-limited test] INFO  server.RaftServer (RaftServerProxy.java:startImpl(406)) - s0: start RPC server
2023-12-10 00:36:55,409 [NettyRpcService-bossGroup--thread1] INFO  logging.LoggingHandler (AbstractInternalLogger.java:log(148)) - [id: 0xbdac7efa] REGISTERED
2023-12-10 00:36:55,409 [NettyRpcService-bossGroup--thread1] INFO  logging.LoggingHandler (AbstractInternalLogger.java:log(148)) - [id: 0xbdac7efa] BIND: 0.0.0.0/0.0.0.0:33319
2023-12-10 00:36:55,409 [NettyRpcService-bossGroup--thread1] INFO  logging.LoggingHandler (AbstractInternalLogger.java:log(148)) - [id: 0xbdac7efa, L:/0.0.0.0:33319] ACTIVE
2023-12-10 00:36:55,409 [Time-limited test] INFO  server.RaftServerConfigKeys (ConfUtils.java:logGet(46)) - raft.server.rpc.timeout.max = 300ms (default)
2023-12-10 00:36:55,409 [JvmPauseMonitor6] INFO  util.JvmPauseMonitor (JvmPauseMonitor.java:run(146)) - JvmPauseMonitor-s0: Started
2023-12-10 00:36:55,409 [Time-limited test] INFO  ratis.RaftTestUtil (RaftTestUtil.java:waitForLeader(100)) - printing ALL groups
  s0:  RUNNING  FOLLOWER s0@group-116E3AE48395:t1, leader=null, voted=s0, raftlog=Memoized:s0@group-116E3AE48395-SegmentedRaftLog:OPENED:c38, conf=0: peers:[s0|localhost:33319]|listeners:[], old=null RUNNING
2023-12-10 00:36:55,410 [Time-limited test] WARN  ratis.RaftTestUtil (RaftTestUtil.java:lambda$waitForLeader$3(119)) - Attempt #1 failed: java.lang.IllegalStateException: No leader yet : printing ALL groups
  s0:  RUNNING  FOLLOWER s0@group-116E3AE48395:t1, leader=null, voted=s0, raftlog=Memoized:s0@group-116E3AE48395-SegmentedRaftLog:OPENED:c38, conf=0: peers:[s0|localhost:33319]|listeners:[], old=null RUNNING
2023-12-10 00:36:55,574 [s0@group-116E3AE48395-FollowerState] INFO  impl.FollowerState (FollowerState.java:run(143)) - s0@group-116E3AE48395-FollowerState: change to CANDIDATE, lastRpcElapsedTime:167417353ns, electionTimeout:167ms
2023-12-10 00:36:55,574 [s0@group-116E3AE48395-FollowerState] INFO  impl.RoleInfo (RoleInfo.java:shutdownFollowerState(110)) - s0: shutdown s0@group-116E3AE48395-FollowerState
2023-12-10 00:36:55,574 [s0@group-116E3AE48395-FollowerState] INFO  server.RaftServer$Division (RaftServerImpl.java:setRole(379)) - s0@group-116E3AE48395: changes role from  FOLLOWER to CANDIDATE at term 1 for changeToCandidate
2023-12-10 00:36:55,575 [s0@group-116E3AE48395-FollowerState] INFO  server.RaftServerConfigKeys (ConfUtils.java:logGet(46)) - raft.server.leaderelection.pre-vote = true (default)
2023-12-10 00:36:55,575 [s0@group-116E3AE48395-FollowerState] INFO  impl.RoleInfo (RoleInfo.java:updateAndGet(139)) - s0: start s0@group-116E3AE48395-LeaderElection5
2023-12-10 00:36:55,575 [s0@group-116E3AE48395-LeaderElection5] INFO  impl.LeaderElection (LeaderElection.java:askForVotes(321)) - s0@group-116E3AE48395-LeaderElection5 PRE_VOTE round 0: submit vote requests at term 1 for 0: peers:[s0|localhost:33319]|listeners:[], old=null
2023-12-10 00:36:55,575 [s0@group-116E3AE48395-LeaderElection5] INFO  impl.LeaderElection (LeaderElection.java:askForVotes(323)) - s0@group-116E3AE48395-LeaderElection5 PRE_VOTE round 0: result PASSED (term=1)
2023-12-10 00:36:55,576 [s0@group-116E3AE48395-LeaderElection5] TRACE util.FileUtils (LogUtils.java:supplyAndLog(69)) - Successfully supplied FileChannel.open /home/runner/work/ratis/ratis/ratis-test/target/test/data/6e893928/MiniRaftClusterWithNetty9ba32ec/s0/48ae379c-f0c8-479a-9a37-116e3ae48395/current/raft-meta.tmp with options [CREATE, WRITE]: sun.nio.ch.FileChannelImpl@1959dcc1
2023-12-10 00:36:55,576 [s0@group-116E3AE48395-LeaderElection5] TRACE util.FileUtils (LogUtils.java:runAndLog(49)) - Successfully ran Atomic Files.move /home/runner/work/ratis/ratis/ratis-test/target/test/data/6e893928/MiniRaftClusterWithNetty9ba32ec/s0/48ae379c-f0c8-479a-9a37-116e3ae48395/current/raft-meta.tmp to /home/runner/work/ratis/ratis/ratis-test/target/test/data/6e893928/MiniRaftClusterWithNetty9ba32ec/s0/48ae379c-f0c8-479a-9a37-116e3ae48395/current/raft-meta with options [REPLACE_EXISTING]
2023-12-10 00:36:55,576 [s0@group-116E3AE48395-LeaderElection5] INFO  impl.LeaderElection (LeaderElection.java:askForVotes(321)) - s0@group-116E3AE48395-LeaderElection5 ELECTION round 0: submit vote requests at term 2 for 0: peers:[s0|localhost:33319]|listeners:[], old=null
2023-12-10 00:36:55,577 [s0@group-116E3AE48395-LeaderElection5] INFO  impl.LeaderElection (LeaderElection.java:askForVotes(323)) - s0@group-116E3AE48395-LeaderElection5 ELECTION round 0: result PASSED (term=2)
2023-12-10 00:36:55,577 [s0@group-116E3AE48395-LeaderElection5] INFO  impl.RoleInfo (RoleInfo.java:shutdownLeaderElection(130)) - s0: shutdown s0@group-116E3AE48395-LeaderElection5
2023-12-10 00:36:55,577 [s0@group-116E3AE48395-LeaderElection5] INFO  server.RaftServer$Division (RaftServerImpl.java:setRole(379)) - s0@group-116E3AE48395: changes role from CANDIDATE to LEADER at term 2 for changeToLeader
2023-12-10 00:36:55,577 [s0@group-116E3AE48395-LeaderElection5] INFO  server.RaftServerConfigKeys (ConfUtils.java:logGet(46)) - raft.server.staging.catchup.gap = 1000 (default)
2023-12-10 00:36:55,577 [s0@group-116E3AE48395-LeaderElection5] INFO  server.RaftServerConfigKeys (ConfUtils.java:logGet(46)) - raft.server.write.element-limit = 4096 (default)
2023-12-10 00:36:55,577 [s0@group-116E3AE48395-LeaderElection5] INFO  server.RaftServerConfigKeys (ConfUtils.java:logGet(46)) - raft.server.write.byte-limit = 64MB (=67108864) (default)
2023-12-10 00:36:55,577 [s0@group-116E3AE48395-LeaderElection5] INFO  server.RaftServerConfigKeys (ConfUtils.java:logGet(46)) - raft.server.watch.timeout = 10s (default)
2023-12-10 00:36:55,577 [s0@group-116E3AE48395-LeaderElection5] INFO  server.RaftServerConfigKeys (ConfUtils.java:logGet(46)) - raft.server.watch.timeout.denomination = 1s (default)
2023-12-10 00:36:55,577 [s0@group-116E3AE48395-LeaderElection5] INFO  server.RaftServerConfigKeys (ConfUtils.java:logGet(46)) - raft.server.watch.element-limit = 65536 (default)
2023-12-10 00:36:55,577 [s0@group-116E3AE48395-LeaderElection5] INFO  server.RaftServerConfigKeys (ConfUtils.java:logGet(46)) - raft.server.read.leader.lease.enabled = false (default)
2023-12-10 00:36:55,577 [s0@group-116E3AE48395-LeaderElection5] INFO  server.RaftServerConfigKeys (ConfUtils.java:logGet(46)) - raft.server.read.leader.lease.timeout.ratio = 0.9 (default)
2023-12-10 00:36:55,577 [s0@group-116E3AE48395-LeaderElection5] INFO  server.RaftServerConfigKeys (ConfUtils.java:logGet(46)) - raft.server.rpc.timeout.min = 150ms (default)
2023-12-10 00:36:55,577 [s0@group-116E3AE48395-LeaderElection5] INFO  server.RaftServerConfigKeys (ConfUtils.java:logGet(46)) - raft.server.write.element-limit = 4096 (default)
2023-12-10 00:36:55,577 [s0@group-116E3AE48395-LeaderElection5] INFO  server.RaftServerConfigKeys (ConfUtils.java:logGet(46)) - raft.server.write.follower.gap.ratio.max = -1.0 (default)
2023-12-10 00:36:55,577 [s0@group-116E3AE48395-LeaderElection5] INFO  impl.RoleInfo (RoleInfo.java:updateAndGet(139)) - s0: start s0@group-116E3AE48395-LeaderStateImpl
2023-12-10 00:36:55,577 [s0@group-116E3AE48395-LeaderElection5] INFO  server.RaftServer$Division (RaftServerImpl.java:setFirstElection(564)) - s0@group-116E3AE48395: set firstElectionSinceStartup to false for becomeLeader
2023-12-10 00:36:55,577 [s0@group-116E3AE48395-LeaderElection5] INFO  server.RaftServer$Division (ServerState.java:setLeader(265)) - s0@group-116E3AE48395: change Leader from null to s0 at term 2 for becomeLeader, leader elected after 180ms
2023-12-10 00:36:55,578 [s0@group-116E3AE48395-LeaderElection5] INFO  segmented.SegmentedRaftLogWorker (SegmentedRaftLogWorker.java:startLogSegment(430)) - s0@group-116E3AE48395-SegmentedRaftLogWorker: Starting segment from index:39
2023-12-10 00:36:55,578 [s0@group-116E3AE48395-LeaderElection5] INFO  server.RaftServer$Division (ServerState.java:setRaftConf(382)) - s0@group-116E3AE48395: set configuration 39: peers:[s0|localhost:33319]|listeners:[], old=null
2023-12-10 00:36:55,578 [s0@group-116E3AE48395-SegmentedRaftLogWorker] INFO  segmented.BufferedWriteChannel (BufferedWriteChannel.java:open(62)) - open log_inprogress_39 at position 0
2023-12-10 00:36:55,584 [s0@group-116E3AE48395-SegmentedRaftLogWorker] INFO  segmented.SegmentedRaftLogWorker (SegmentedRaftLogWorker.java:execute(634)) - s0@group-116E3AE48395-SegmentedRaftLogWorker: created new log segment /home/runner/work/ratis/ratis/ratis-test/target/test/data/6e893928/MiniRaftClusterWithNetty9ba32ec/s0/48ae379c-f0c8-479a-9a37-116e3ae48395/current/log_inprogress_39
2023-12-10 00:36:55,585 [s0@group-116E3AE48395-StateMachineUpdater] TRACE util.FileUtils (LogUtils.java:supplyAndLog(69)) - Successfully supplied FileChannel.open /home/runner/work/ratis/ratis/ratis-test/target/test/data/6e893928/MiniRaftClusterWithNetty9ba32ec/s0/48ae379c-f0c8-479a-9a37-116e3ae48395/current/raft-meta.conf.tmp with options [CREATE, WRITE]: sun.nio.ch.FileChannelImpl@1444f81e
2023-12-10 00:36:55,587 [s0@group-116E3AE48395-StateMachineUpdater] TRACE util.FileUtils (LogUtils.java:runAndLog(49)) - Successfully ran Atomic Files.move /home/runner/work/ratis/ratis/ratis-test/target/test/data/6e893928/MiniRaftClusterWithNetty9ba32ec/s0/48ae379c-f0c8-479a-9a37-116e3ae48395/current/raft-meta.conf.tmp to /home/runner/work/ratis/ratis/ratis-test/target/test/data/6e893928/MiniRaftClusterWithNetty9ba32ec/s0/48ae379c-f0c8-479a-9a37-116e3ae48395/current/raft-meta.conf with options [REPLACE_EXISTING]
2023-12-10 00:36:55,587 [s0@group-116E3AE48395-StateMachineUpdater] INFO  server.RaftServer$Division (LeaderStateImpl.java:isApplied(320)) - leader is ready since appliedIndex == 39 >= startIndex == 39
2023-12-10 00:36:55,860 [Time-limited test] INFO  ratis.RaftTestUtil (RaftTestUtil.java:waitForLeader(124)) - printing ALL groups
  s0:  RUNNING    LEADER s0@group-116E3AE48395:t2, leader=s0, voted=s0, raftlog=Memoized:s0@group-116E3AE48395-SegmentedRaftLog:OPENED:c40, conf=39: peers:[s0|localhost:33319]|listeners:[], old=null RUNNING
2023-12-10 00:36:55,861 [Time-limited test] INFO  statemachine.RaftSnapshotBaseTest (RaftSnapshotBaseTest.java:assertLogContent(113)) - 0) 0 term: 1, index: 1, stateMachineLogEntry {,   logData: "m0",   stateMachineEntry {,     stateMachineData: "StateMachine Data",   },   clientId: "\220\251U\r,\\H8\201\221/\204\257\217M\035",   callId: 54, }, 
2023-12-10 00:36:55,861 [Time-limited test] INFO  statemachine.RaftSnapshotBaseTest (RaftSnapshotBaseTest.java:assertLogContent(113)) - 1) 1 term: 1, index: 3, stateMachineLogEntry {,   logData: "m1",   stateMachineEntry {,     stateMachineData: "StateMachine Data",   },   clientId: "\220\251U\r,\\H8\201\221/\204\257\217M\035",   callId: 55, }, 
2023-12-10 00:36:55,861 [Time-limited test] INFO  statemachine.RaftSnapshotBaseTest (RaftSnapshotBaseTest.java:assertLogContent(113)) - 2) 2 term: 1, index: 5, stateMachineLogEntry {,   logData: "m2",   stateMachineEntry {,     stateMachineData: "StateMachine Data",   },   clientId: "\220\251U\r,\\H8\201\221/\204\257\217M\035",   callId: 56, }, 
2023-12-10 00:36:55,861 [Time-limited test] INFO  statemachine.RaftSnapshotBaseTest (RaftSnapshotBaseTest.java:assertLogContent(113)) - 3) 3 term: 1, index: 7, stateMachineLogEntry {,   logData: "m3",   stateMachineEntry {,     stateMachineData: "StateMachine Data",   },   clientId: "\220\251U\r,\\H8\201\221/\204\257\217M\035",   callId: 57, }, 
2023-12-10 00:36:55,861 [Time-limited test] INFO  statemachine.RaftSnapshotBaseTest (RaftSnapshotBaseTest.java:assertLogContent(113)) - 4) 4 term: 1, index: 9, stateMachineLogEntry {,   logData: "m4",   stateMachineEntry {,     stateMachineData: "StateMachine Data",   },   clientId: "\220\251U\r,\\H8\201\221/\204\257\217M\035",   callId: 58, }, 
2023-12-10 00:36:55,861 [Time-limited test] INFO  statemachine.RaftSnapshotBaseTest (RaftSnapshotBaseTest.java:assertLogContent(113)) - 5) 5 term: 1, index: 11, stateMachineLogEntry {,   logData: "m5",   stateMachineEntry {,     stateMachineData: "StateMachine Data",   },   clientId: "\220\251U\r,\\H8\201\221/\204\257\217M\035",   callId: 59, }, 
2023-12-10 00:36:55,862 [Time-limited test] INFO  statemachine.RaftSnapshotBaseTest (RaftSnapshotBaseTest.java:assertLogContent(113)) - 6) 6 term: 1, index: 13, stateMachineLogEntry {,   logData: "m6",   stateMachineEntry {,     stateMachineData: "StateMachine Data",   },   clientId: "\220\251U\r,\\H8\201\221/\204\257\217M\035",   callId: 60, }, 
2023-12-10 00:36:55,862 [Time-limited test] INFO  statemachine.RaftSnapshotBaseTest (RaftSnapshotBaseTest.java:assertLogContent(113)) - 7) 7 term: 1, index: 15, stateMachineLogEntry {,   logData: "m7",   stateMachineEntry {,     stateMachineData: "StateMachine Data",   },   clientId: "\220\251U\r,\\H8\201\221/\204\257\217M\035",   callId: 61, }, 
2023-12-10 00:36:55,862 [Time-limited test] INFO  statemachine.RaftSnapshotBaseTest (RaftSnapshotBaseTest.java:assertLogContent(113)) - 8) 8 term: 1, index: 17, stateMachineLogEntry {,   logData: "m8",   stateMachineEntry {,     stateMachineData: "StateMachine Data",   },   clientId: "\220\251U\r,\\H8\201\221/\204\257\217M\035",   callId: 62, }, 
2023-12-10 00:36:55,862 [Time-limited test] INFO  statemachine.RaftSnapshotBaseTest (RaftSnapshotBaseTest.java:assertLogContent(113)) - 9) 9 term: 1, index: 19, stateMachineLogEntry {,   logData: "m9",   stateMachineEntry {,     stateMachineData: "StateMachine Data",   },   clientId: "\220\251U\r,\\H8\201\221/\204\257\217M\035",   callId: 63, }, 
2023-12-10 00:36:55,862 [Time-limited test] INFO  statemachine.RaftSnapshotBaseTest (RaftSnapshotBaseTest.java:assertLogContent(113)) - 10) 10 term: 1, index: 21, stateMachineLogEntry {,   logData: "m10",   stateMachineEntry {,     stateMachineData: "StateMachine Data",   },   clientId: "\220\251U\r,\\H8\201\221/\204\257\217M\035",   callId: 64, }, 
2023-12-10 00:36:55,862 [Time-limited test] INFO  statemachine.RaftSnapshotBaseTest (RaftSnapshotBaseTest.java:assertLogContent(113)) - 11) 11 term: 1, index: 23, stateMachineLogEntry {,   logData: "m11",   stateMachineEntry {,     stateMachineData: "StateMachine Data",   },   clientId: "\220\251U\r,\\H8\201\221/\204\257\217M\035",   callId: 65, }, 
2023-12-10 00:36:55,862 [Time-limited test] INFO  statemachine.RaftSnapshotBaseTest (RaftSnapshotBaseTest.java:assertLogContent(113)) - 12) 12 term: 1, index: 25, stateMachineLogEntry {,   logData: "m12",   stateMachineEntry {,     stateMachineData: "StateMachine Data",   },   clientId: "\220\251U\r,\\H8\201\221/\204\257\217M\035",   callId: 66, }, 
2023-12-10 00:36:55,862 [Time-limited test] INFO  statemachine.RaftSnapshotBaseTest (RaftSnapshotBaseTest.java:assertLogContent(113)) - 13) 13 term: 1, index: 27, stateMachineLogEntry {,   logData: "m13",   stateMachineEntry {,     stateMachineData: "StateMachine Data",   },   clientId: "\220\251U\r,\\H8\201\221/\204\257\217M\035",   callId: 67, }, 
2023-12-10 00:36:55,862 [Time-limited test] INFO  statemachine.RaftSnapshotBaseTest (RaftSnapshotBaseTest.java:assertLogContent(113)) - 14) 14 term: 1, index: 29, stateMachineLogEntry {,   logData: "m14",   stateMachineEntry {,     stateMachineData: "StateMachine Data",   },   clientId: "\220\251U\r,\\H8\201\221/\204\257\217M\035",   callId: 68, }, 
2023-12-10 00:36:55,863 [Time-limited test] INFO  statemachine.RaftSnapshotBaseTest (RaftSnapshotBaseTest.java:assertLogContent(113)) - 15) 15 term: 1, index: 31, stateMachineLogEntry {,   logData: "m15",   stateMachineEntry {,     stateMachineData: "StateMachine Data",   },   clientId: "\220\251U\r,\\H8\201\221/\204\257\217M\035",   callId: 69, }, 
2023-12-10 00:36:55,863 [Time-limited test] INFO  statemachine.RaftSnapshotBaseTest (RaftSnapshotBaseTest.java:assertLogContent(113)) - 16) 16 term: 1, index: 33, stateMachineLogEntry {,   logData: "m16",   stateMachineEntry {,     stateMachineData: "StateMachine Data",   },   clientId: "\220\251U\r,\\H8\201\221/\204\257\217M\035",   callId: 70, }, 
2023-12-10 00:36:55,863 [Time-limited test] INFO  statemachine.RaftSnapshotBaseTest (RaftSnapshotBaseTest.java:assertLogContent(113)) - 17) 17 term: 1, index: 35, stateMachineLogEntry {,   logData: "m17",   stateMachineEntry {,     stateMachineData: "StateMachine Data",   },   clientId: "\220\251U\r,\\H8\201\221/\204\257\217M\035",   callId: 71, }, 
2023-12-10 00:36:55,863 [Time-limited test] INFO  statemachine.RaftSnapshotBaseTest (RaftSnapshotBaseTest.java:assertLogContent(113)) - 18) 18 term: 1, index: 37, stateMachineLogEntry {,   logData: "m18",   stateMachineEntry {,     stateMachineData: "StateMachine Data",   },   clientId: "\220\251U\r,\\H8\201\221/\204\257\217M\035",   callId: 72, }, 
2023-12-10 00:36:55,863 [Time-limited test] DEBUG client.RaftClient (ConfUtils.java:logGet(46)) - raft.rpc.type = NETTY (custom)
2023-12-10 00:36:55,863 [Time-limited test] INFO  netty.NettyUtils (NettyUtils.java:newEventLoopGroup(69)) - Create EpollEventLoopGroup for client-BE60AD080E80; Thread size is 0.
2023-12-10 00:36:55,864 [Time-limited test] DEBUG client.RaftClient (RaftClientImpl.java:get(162)) - client-BE60AD080E80: get 73 returns []
2023-12-10 00:36:55,865 [NettyRpcService-bossGroup--thread1] INFO  logging.LoggingHandler (AbstractInternalLogger.java:log(148)) - [id: 0xbdac7efa, L:/0.0.0.0:33319] READ: [id: 0xc41c965d, L:/127.0.0.1:33319 - R:/127.0.0.1:46470]
2023-12-10 00:36:55,865 [NettyRpcService-bossGroup--thread1] INFO  logging.LoggingHandler (AbstractInternalLogger.java:log(148)) - [id: 0xbdac7efa, L:/0.0.0.0:33319] READ COMPLETE
2023-12-10 00:36:55,866 [NettyRpcService-workerGroup--thread1] DEBUG server.RaftServer$Division (RaftServerImpl.java:submitClientRequestAsync(893)) - s0@group-116E3AE48395: receive client request(RaftClientRequest:client-BE60AD080E80->s0@group-116E3AE48395, cid=73, seq=null, RW, Message:6d3139)
2023-12-10 00:36:55,866 [NettyRpcService-workerGroup--thread1] DEBUG server.RaftServer$Division (LeaderStateImpl.java:addPendingRequest(522)) - s0@group-116E3AE48395-LeaderStateImpl: addPendingRequest at RaftClientRequest:client-BE60AD080E80->s0@group-116E3AE48395, cid=73, seq=null, RW, Message:6d3139, entry=(t:2, i:41), STATEMACHINELOGENTRY, 73@client-BE60AD080E80
2023-12-10 00:36:55,866 [s0@group-116E3AE48395-StateMachineUpdater] INFO  impl.SimpleStateMachine4Testing (SimpleStateMachine4Testing.java:applyTransaction(248)) - applyTransaction for log index 41
2023-12-10 00:36:55,867 [s0@group-116E3AE48395-StateMachineUpdater] INFO  impl.SimpleStateMachine4Testing (SimpleStateMachine4Testing.java:put(205)) - s0: put 41, m19 -> (t:2, i:41), STATEMACHINELOGENTRY, 73@client-BE60AD080E80
2023-12-10 00:36:55,867 [Time-limited test] DEBUG client.RaftClient (RaftClientImpl.java:add(150)) - client-BE60AD080E80: add replied callId 73
2023-12-10 00:36:55,868 [Time-limited test] INFO  impl.MiniRaftCluster (MiniRaftCluster.java:addNewPeers(464)) - Add new peers [s3, s4]
2023-12-10 00:36:55,869 [Time-limited test] INFO  impl.MiniRaftCluster (MiniRaftCluster.java:newRaftServer(382)) - newRaftServer: s3, group-116E3AE48395:[s3, s4, s0|localhost:33319], format? true
2023-12-10 00:36:55,869 [Time-limited test] TRACE util.FileUtils (FileUtils.java:deleteFully(305)) - deleteFully target/test/data/6e893928/MiniRaftClusterWithNetty9ba32ec/s3
2023-12-10 00:36:55,869 [Time-limited test] TRACE util.FileUtils (FileUtils.java:deleteFully(318)) - deleteFully: target/test/data/6e893928/MiniRaftClusterWithNetty9ba32ec/s3 does not exist.
2023-12-10 00:36:55,869 [Time-limited test] INFO  impl.MiniRaftCluster (MiniRaftCluster.java:newRaftServer(387)) - Formatted directory target/test/data/6e893928/MiniRaftClusterWithNetty9ba32ec/s3
2023-12-10 00:36:55,869 [Time-limited test] INFO  server.RaftServer (ConfUtils.java:logGet(46)) - raft.rpc.type = NETTY (custom)
2023-12-10 00:36:55,869 [Time-limited test] INFO  netty.NettyConfigKeys$Server (ConfUtils.java:logGet(46)) - raft.netty.server.use-epoll = true (default)
2023-12-10 00:36:55,869 [Time-limited test] INFO  netty.NettyUtils (NettyUtils.java:newEventLoopGroup(69)) - Create EpollEventLoopGroup for NettyRpcService-bossGroup; Thread size is 0.
2023-12-10 00:36:55,869 [Time-limited test] INFO  netty.NettyUtils (NettyUtils.java:newEventLoopGroup(69)) - Create EpollEventLoopGroup for NettyRpcService-workerGroup; Thread size is 0.
2023-12-10 00:36:55,869 [Time-limited test] INFO  netty.NettyConfigKeys$Server (ConfUtils.java:logGet(46)) - raft.netty.server.host = null (default)
2023-12-10 00:36:55,870 [Time-limited test] INFO  netty.NettyConfigKeys$Server (ConfUtils.java:logGet(46)) - raft.netty.server.port = 34453 (custom)
2023-12-10 00:36:55,870 [Time-limited test] INFO  impl.DataStreamServerImpl (ConfUtils.java:logGet(46)) - raft.datastream.type = DISABLED (default)
2023-12-10 00:36:55,870 [Time-limited test] INFO  server.RaftServerConfigKeys (ConfUtils.java:logGet(46)) - raft.server.sleep.deviation.threshold = 300ms (default)
2023-12-10 00:36:55,870 [Time-limited test] INFO  server.RaftServerConfigKeys (ConfUtils.java:logGet(46)) - raft.server.close.threshold = 60s (default)
2023-12-10 00:36:55,870 [Time-limited test] INFO  server.RaftServerConfigKeys (ConfUtils.java:logGet(46)) - raft.server.leaderelection.leader.step-down.wait-time = 10s (default)
2023-12-10 00:36:55,870 [Time-limited test] INFO  server.RaftServerConfigKeys (ConfUtils.java:logGet(46)) - raft.server.storage.dir = [/home/runner/work/ratis/ratis/ratis-test/target/test/data/6e893928/MiniRaftClusterWithNetty9ba32ec/s3] (custom)
2023-12-10 00:36:55,870 [Time-limited test] INFO  server.RaftServerConfigKeys (ConfUtils.java:logGet(46)) - raft.server.threadpool.proxy.cached = true (default)
2023-12-10 00:36:55,870 [Time-limited test] INFO  server.RaftServerConfigKeys (ConfUtils.java:logGet(46)) - raft.server.threadpool.proxy.size = 0 (default)
2023-12-10 00:36:55,870 [Time-limited test] INFO  server.RaftServer (RaftServerProxy.java:addNew(100)) - s3: addNew group-116E3AE48395:[s3, s4, s0|localhost:33319] returns group-116E3AE48395:java.util.concurrent.CompletableFuture@57c000f0[Not completed]
2023-12-10 00:36:55,870 [s3-groupManagement] INFO  netty.NettyUtils (NettyUtils.java:newEventLoopGroup(69)) - Create EpollEventLoopGroup for s3; Thread size is 0.
2023-12-10 00:36:55,870 [Time-limited test] INFO  impl.MiniRaftCluster (MiniRaftCluster.java:newRaftServer(382)) - newRaftServer: s4, group-116E3AE48395:[s3, s4, s0|localhost:33319], format? true
2023-12-10 00:36:55,870 [Time-limited test] TRACE util.FileUtils (FileUtils.java:deleteFully(305)) - deleteFully target/test/data/6e893928/MiniRaftClusterWithNetty9ba32ec/s4
2023-12-10 00:36:55,871 [Time-limited test] TRACE util.FileUtils (FileUtils.java:deleteFully(318)) - deleteFully: target/test/data/6e893928/MiniRaftClusterWithNetty9ba32ec/s4 does not exist.
2023-12-10 00:36:55,871 [Time-limited test] INFO  impl.MiniRaftCluster (MiniRaftCluster.java:newRaftServer(387)) - Formatted directory target/test/data/6e893928/MiniRaftClusterWithNetty9ba32ec/s4
2023-12-10 00:36:55,871 [s3-groupManagement] INFO  server.RaftServerConfigKeys (ConfUtils.java:logGet(46)) - raft.server.log.segment.size.max = 32MB (=33554432) (default)
2023-12-10 00:36:55,871 [Time-limited test] INFO  server.RaftServer (ConfUtils.java:logGet(46)) - raft.rpc.type = NETTY (custom)
2023-12-10 00:36:55,871 [s3-groupManagement] INFO  server.RaftServerConfigKeys (ConfUtils.java:logGet(46)) - raft.server.log.preallocated.size = 4MB (=4194304) (default)
2023-12-10 00:36:55,871 [Time-limited test] INFO  netty.NettyConfigKeys$Server (ConfUtils.java:logGet(46)) - raft.netty.server.use-epoll = true (default)
2023-12-10 00:36:55,871 [s3-groupManagement] INFO  server.RaftServerConfigKeys (ConfUtils.java:logGet(46)) - raft.server.log.write.buffer.size = 8MB (=8388608) (default)
2023-12-10 00:36:55,871 [Time-limited test] INFO  netty.NettyUtils (NettyUtils.java:newEventLoopGroup(69)) - Create EpollEventLoopGroup for NettyRpcService-bossGroup; Thread size is 0.
2023-12-10 00:36:55,871 [s3-groupManagement] INFO  server.RaftServer$Division (RaftServerImpl.java:<init>(256)) - s3: new RaftServerImpl for group-116E3AE48395:[s3, s4, s0|localhost:33319] with SimpleStateMachine4Testing:uninitialized
2023-12-10 00:36:55,871 [s3-groupManagement] INFO  server.RaftServerConfigKeys (ConfUtils.java:logGet(46)) - raft.server.rpc.timeout.min = 150ms (default)
2023-12-10 00:36:55,871 [s3-groupManagement] INFO  server.RaftServerConfigKeys (ConfUtils.java:logGet(46)) - raft.server.rpc.timeout.max = 300ms (default)
2023-12-10 00:36:55,871 [s3-groupManagement] INFO  server.RaftServerConfigKeys (ConfUtils.java:logGet(46)) - raft.server.rpc.sleep.time = 25ms (default)
2023-12-10 00:36:55,871 [s3-groupManagement] INFO  server.RaftServerConfigKeys (ConfUtils.java:logGet(46)) - raft.server.rpc.slowness.timeout = 60s (default)
2023-12-10 00:36:55,871 [s3-groupManagement] INFO  server.RaftServerConfigKeys (ConfUtils.java:logGet(46)) - raft.server.leaderelection.leader.step-down.wait-time = 10s (default)
2023-12-10 00:36:55,871 [Time-limited test] INFO  netty.NettyUtils (NettyUtils.java:newEventLoopGroup(69)) - Create EpollEventLoopGroup for NettyRpcService-workerGroup; Thread size is 0.
2023-12-10 00:36:55,871 [s3-groupManagement] INFO  server.RaftServerConfigKeys (ConfUtils.java:logGet(46)) - raft.server.leaderelection.member.majority-add = false (default)
2023-12-10 00:36:55,871 [s3-groupManagement] INFO  server.RaftServerConfigKeys (ConfUtils.java:logGet(46)) - raft.server.sleep.deviation.threshold = 300ms (default)
2023-12-10 00:36:55,872 [s3-groupManagement] INFO  server.RaftServer$Division (ServerState.java:<init>(113)) - s3@group-116E3AE48395: ConfigurationManager, init=-1: peers:[s3, s4, s0|localhost:33319]|listeners:[], old=null, confs=<EMPTY_MAP>
2023-12-10 00:36:55,872 [s3-groupManagement] INFO  server.RaftServerConfigKeys (ConfUtils.java:logGet(46)) - raft.server.notification.no-leader.timeout = 60s (default)
2023-12-10 00:36:55,872 [s3-groupManagement] INFO  server.RaftServerConfigKeys (ConfUtils.java:logGet(46)) - raft.server.read.timeout = 10s (default)
2023-12-10 00:36:55,872 [Time-limited test] INFO  netty.NettyConfigKeys$Server (ConfUtils.java:logGet(46)) - raft.netty.server.host = null (default)
2023-12-10 00:36:55,872 [s3-groupManagement] INFO  server.RaftServerConfigKeys (ConfUtils.java:logGet(46)) - raft.server.retrycache.expirytime = 60s (default)
2023-12-10 00:36:55,872 [s3-groupManagement] INFO  server.RaftServerConfigKeys (ConfUtils.java:logGet(46)) - raft.server.retrycache.statistics.expirytime = 100ms (default)
2023-12-10 00:36:55,872 [Time-limited test] INFO  netty.NettyConfigKeys$Server (ConfUtils.java:logGet(46)) - raft.netty.server.port = 34453 (custom)
2023-12-10 00:36:55,872 [s3-groupManagement] INFO  server.RaftServerConfigKeys (ConfUtils.java:logGet(46)) - raft.server.read.option = DEFAULT (default)
2023-12-10 00:36:55,872 [Time-limited test] INFO  impl.DataStreamServerImpl (ConfUtils.java:logGet(46)) - raft.datastream.type = DISABLED (default)
2023-12-10 00:36:55,872 [s3-groupManagement] INFO  server.RaftServerConfigKeys (ConfUtils.java:logGet(46)) - raft.server.read.read-after-write-consistent.write-index-cache.expiry-time = 60s (default)
2023-12-10 00:36:55,872 [Time-limited test] INFO  server.RaftServerConfigKeys (ConfUtils.java:logGet(46)) - raft.server.sleep.deviation.threshold = 300ms (default)
2023-12-10 00:36:55,872 [Time-limited test] INFO  server.RaftServerConfigKeys (ConfUtils.java:logGet(46)) - raft.server.close.threshold = 60s (default)
2023-12-10 00:36:55,872 [Time-limited test] INFO  server.RaftServerConfigKeys (ConfUtils.java:logGet(46)) - raft.server.leaderelection.leader.step-down.wait-time = 10s (default)
2023-12-10 00:36:55,872 [Time-limited test] INFO  server.RaftServerConfigKeys (ConfUtils.java:logGet(46)) - raft.server.storage.dir = [/home/runner/work/ratis/ratis/ratis-test/target/test/data/6e893928/MiniRaftClusterWithNetty9ba32ec/s4] (custom)
2023-12-10 00:36:55,872 [Time-limited test] INFO  server.RaftServerConfigKeys (ConfUtils.java:logGet(46)) - raft.server.threadpool.proxy.cached = true (default)
2023-12-10 00:36:55,873 [Time-limited test] INFO  server.RaftServerConfigKeys (ConfUtils.java:logGet(46)) - raft.server.threadpool.proxy.size = 0 (default)
2023-12-10 00:36:55,873 [Time-limited test] INFO  server.RaftServer (RaftServerProxy.java:addNew(100)) - s4: addNew group-116E3AE48395:[s3, s4, s0|localhost:33319] returns group-116E3AE48395:java.util.concurrent.CompletableFuture@1efbcb8f[Not completed]
2023-12-10 00:36:55,873 [s3-groupManagement] INFO  server.RaftServerConfigKeys (ConfUtils.java:logGet(46)) - raft.server.rpc.request.timeout = 3000ms (default)
2023-12-10 00:36:55,873 [s3-groupManagement] INFO  server.RaftServerConfigKeys (ConfUtils.java:logGet(46)) - raft.server.log.appender.install.snapshot.enabled = true (default)
2023-12-10 00:36:55,873 [s3-groupManagement] INFO  server.RaftServerConfigKeys (ConfUtils.java:logGet(46)) - raft.server.threadpool.server.cached = true (default)
2023-12-10 00:36:55,873 [s3-groupManagement] INFO  server.RaftServerConfigKeys (ConfUtils.java:logGet(46)) - raft.server.threadpool.server.size = 0 (default)
2023-12-10 00:36:55,873 [s3-groupManagement] INFO  server.RaftServerConfigKeys (ConfUtils.java:logGet(46)) - raft.server.threadpool.client.cached = true (default)
2023-12-10 00:36:55,873 [s3-groupManagement] INFO  server.RaftServerConfigKeys (ConfUtils.java:logGet(46)) - raft.server.threadpool.client.size = 0 (default)
2023-12-10 00:36:55,874 [s4-groupManagement] INFO  netty.NettyUtils (NettyUtils.java:newEventLoopGroup(69)) - Create EpollEventLoopGroup for s4; Thread size is 0.
2023-12-10 00:36:55,874 [s3-impl-thread1] INFO  server.RaftServerConfigKeys (ConfUtils.java:logGet(46)) - raft.server.storage.free-space.min = 0MB (=0) (default)
2023-12-10 00:36:55,874 [s3-impl-thread1] INFO  server.RaftServerConfigKeys (ConfUtils.java:logGet(46)) - raft.server.log.corruption.policy = EXCEPTION (default)
2023-12-10 00:36:55,874 [s3-impl-thread1] INFO  server.RaftServerConfigKeys (ConfUtils.java:logGet(46)) - raft.server.storage.dir = [/home/runner/work/ratis/ratis/ratis-test/target/test/data/6e893928/MiniRaftClusterWithNetty9ba32ec/s3] (custom)
2023-12-10 00:36:55,874 [s3-impl-thread1] INFO  storage.RaftStorageDirectory (RaftStorageDirectoryImpl.java:analyzeStorage(138)) - The storage directory /home/runner/work/ratis/ratis/ratis-test/target/test/data/6e893928/MiniRaftClusterWithNetty9ba32ec/s3/48ae379c-f0c8-479a-9a37-116e3ae48395 does not exist. Creating ...
2023-12-10 00:36:55,874 [s3-impl-thread1] TRACE util.FileUtils (LogUtils.java:runAndLog(49)) - Successfully ran Files.createDirectories /home/runner/work/ratis/ratis/ratis-test/target/test/data/6e893928/MiniRaftClusterWithNetty9ba32ec/s3/48ae379c-f0c8-479a-9a37-116e3ae48395
2023-12-10 00:36:55,874 [s4-groupManagement] INFO  server.RaftServerConfigKeys (ConfUtils.java:logGet(46)) - raft.server.log.segment.size.max = 32MB (=33554432) (default)
2023-12-10 00:36:55,874 [s4-groupManagement] INFO  server.RaftServerConfigKeys (ConfUtils.java:logGet(46)) - raft.server.log.preallocated.size = 4MB (=4194304) (default)
2023-12-10 00:36:55,874 [s4-groupManagement] INFO  server.RaftServerConfigKeys (ConfUtils.java:logGet(46)) - raft.server.log.write.buffer.size = 8MB (=8388608) (default)
2023-12-10 00:36:55,874 [s4-groupManagement] INFO  server.RaftServer$Division (RaftServerImpl.java:<init>(256)) - s4: new RaftServerImpl for group-116E3AE48395:[s3, s4, s0|localhost:33319] with SimpleStateMachine4Testing:uninitialized
2023-12-10 00:36:55,875 [s4-groupManagement] INFO  server.RaftServerConfigKeys (ConfUtils.java:logGet(46)) - raft.server.rpc.timeout.min = 150ms (default)
2023-12-10 00:36:55,875 [s4-groupManagement] INFO  server.RaftServerConfigKeys (ConfUtils.java:logGet(46)) - raft.server.rpc.timeout.max = 300ms (default)
2023-12-10 00:36:55,875 [s4-groupManagement] INFO  server.RaftServerConfigKeys (ConfUtils.java:logGet(46)) - raft.server.rpc.sleep.time = 25ms (default)
2023-12-10 00:36:55,875 [s4-groupManagement] INFO  server.RaftServerConfigKeys (ConfUtils.java:logGet(46)) - raft.server.rpc.slowness.timeout = 60s (default)
2023-12-10 00:36:55,875 [s4-groupManagement] INFO  server.RaftServerConfigKeys (ConfUtils.java:logGet(46)) - raft.server.leaderelection.leader.step-down.wait-time = 10s (default)
2023-12-10 00:36:55,875 [s4-groupManagement] INFO  server.RaftServerConfigKeys (ConfUtils.java:logGet(46)) - raft.server.leaderelection.member.majority-add = false (default)
2023-12-10 00:36:55,875 [s4-groupManagement] INFO  server.RaftServerConfigKeys (ConfUtils.java:logGet(46)) - raft.server.sleep.deviation.threshold = 300ms (default)
2023-12-10 00:36:55,875 [s3-impl-thread1] INFO  storage.RaftStorageDirectory (RaftStorageDirectoryImpl.java:tryLock(228)) - Lock on /home/runner/work/ratis/ratis/ratis-test/target/test/data/6e893928/MiniRaftClusterWithNetty9ba32ec/s3/48ae379c-f0c8-479a-9a37-116e3ae48395/in_use.lock acquired by nodename 6805@fv-az1103-11
2023-12-10 00:36:55,875 [s4-groupManagement] INFO  server.RaftServer$Division (ServerState.java:<init>(113)) - s4@group-116E3AE48395: ConfigurationManager, init=-1: peers:[s3, s4, s0|localhost:33319]|listeners:[], old=null, confs=<EMPTY_MAP>
2023-12-10 00:36:55,875 [s3-impl-thread1] TRACE util.FileUtils (LogUtils.java:runAndLog(49)) - Successfully ran Files.createDirectories /home/runner/work/ratis/ratis/ratis-test/target/test/data/6e893928/MiniRaftClusterWithNetty9ba32ec/s3/48ae379c-f0c8-479a-9a37-116e3ae48395/current
2023-12-10 00:36:55,875 [s4-groupManagement] INFO  server.RaftServerConfigKeys (ConfUtils.java:logGet(46)) - raft.server.notification.no-leader.timeout = 60s (default)
2023-12-10 00:36:55,875 [s3-impl-thread1] TRACE util.FileUtils (LogUtils.java:runAndLog(49)) - Successfully ran Files.createDirectories /home/runner/work/ratis/ratis/ratis-test/target/test/data/6e893928/MiniRaftClusterWithNetty9ba32ec/s3/48ae379c-f0c8-479a-9a37-116e3ae48395/sm
2023-12-10 00:36:55,875 [s4-groupManagement] INFO  server.RaftServerConfigKeys (ConfUtils.java:logGet(46)) - raft.server.read.timeout = 10s (default)
2023-12-10 00:36:55,875 [s4-groupManagement] INFO  server.RaftServerConfigKeys (ConfUtils.java:logGet(46)) - raft.server.retrycache.expirytime = 60s (default)
2023-12-10 00:36:55,875 [s3-impl-thread1] TRACE util.FileUtils (LogUtils.java:supplyAndLog(69)) - Successfully supplied FileChannel.open /home/runner/work/ratis/ratis/ratis-test/target/test/data/6e893928/MiniRaftClusterWithNetty9ba32ec/s3/48ae379c-f0c8-479a-9a37-116e3ae48395/current/raft-meta.tmp with options [CREATE, WRITE]: sun.nio.ch.FileChannelImpl@7959f9f5
2023-12-10 00:36:55,875 [s4-groupManagement] INFO  server.RaftServerConfigKeys (ConfUtils.java:logGet(46)) - raft.server.retrycache.statistics.expirytime = 100ms (default)
2023-12-10 00:36:55,876 [s4-groupManagement] INFO  server.RaftServerConfigKeys (ConfUtils.java:logGet(46)) - raft.server.read.option = DEFAULT (default)
2023-12-10 00:36:55,876 [s3-impl-thread1] TRACE util.FileUtils (LogUtils.java:runAndLog(49)) - Successfully ran Atomic Files.move /home/runner/work/ratis/ratis/ratis-test/target/test/data/6e893928/MiniRaftClusterWithNetty9ba32ec/s3/48ae379c-f0c8-479a-9a37-116e3ae48395/current/raft-meta.tmp to /home/runner/work/ratis/ratis/ratis-test/target/test/data/6e893928/MiniRaftClusterWithNetty9ba32ec/s3/48ae379c-f0c8-479a-9a37-116e3ae48395/current/raft-meta with options [REPLACE_EXISTING]
2023-12-10 00:36:55,876 [s4-groupManagement] INFO  server.RaftServerConfigKeys (ConfUtils.java:logGet(46)) - raft.server.read.read-after-write-consistent.write-index-cache.expiry-time = 60s (default)
2023-12-10 00:36:55,876 [s3-impl-thread1] INFO  storage.RaftStorage (RaftStorageImpl.java:format(99)) - Storage directory /home/runner/work/ratis/ratis/ratis-test/target/test/data/6e893928/MiniRaftClusterWithNetty9ba32ec/s3/48ae379c-f0c8-479a-9a37-116e3ae48395 has been successfully formatted.
2023-12-10 00:36:55,876 [s3-impl-thread1] TRACE util.FileUtils (LogUtils.java:supplyAndLog(61)) - Failed to Files.newInputStream /home/runner/work/ratis/ratis/ratis-test/target/test/data/6e893928/MiniRaftClusterWithNetty9ba32ec/s3/48ae379c-f0c8-479a-9a37-116e3ae48395/current/raft-meta.conf with options []
java.nio.file.NoSuchFileException: /home/runner/work/ratis/ratis/ratis-test/target/test/data/6e893928/MiniRaftClusterWithNetty9ba32ec/s3/48ae379c-f0c8-479a-9a37-116e3ae48395/current/raft-meta.conf
	at java.base/sun.nio.fs.UnixException.translateToIOException(UnixException.java:92)
	at java.base/sun.nio.fs.UnixException.rethrowAsIOException(UnixException.java:111)
	at java.base/sun.nio.fs.UnixException.rethrowAsIOException(UnixException.java:116)
	at java.base/sun.nio.fs.UnixFileSystemProvider.newByteChannel(UnixFileSystemProvider.java:219)
	at java.base/java.nio.file.Files.newByteChannel(Files.java:371)
	at java.base/java.nio.file.Files.newByteChannel(Files.java:422)
	at java.base/java.nio.file.spi.FileSystemProvider.newInputStream(FileSystemProvider.java:420)
	at java.base/java.nio.file.Files.newInputStream(Files.java:156)
	at org.apache.ratis.util.FileUtils.lambda$newInputStream$2(FileUtils.java:73)
	at org.apache.ratis.util.LogUtils.supplyAndLog(LogUtils.java:58)
	at org.apache.ratis.util.FileUtils.newInputStream(FileUtils.java:72)
	at org.apache.ratis.util.FileUtils.newInputStream(FileUtils.java:68)
	at org.apache.ratis.server.storage.RaftStorageImpl.readRaftConfiguration(RaftStorageImpl.java:156)
	at org.apache.ratis.server.impl.ServerState.initialize(ServerState.java:141)
	at org.apache.ratis.server.impl.RaftServerImpl.start(RaftServerImpl.java:388)
	at org.apache.ratis.util.ConcurrentUtils.accept(ConcurrentUtils.java:203)
	at org.apache.ratis.util.ConcurrentUtils.lambda$parallelForEachAsync$4(ConcurrentUtils.java:182)
	at java.base/java.util.concurrent.ThreadPoolExecutor.runWorker(ThreadPoolExecutor.java:1128)
	at java.base/java.util.concurrent.ThreadPoolExecutor$Worker.run(ThreadPoolExecutor.java:628)
	at java.base/java.lang.Thread.run(Thread.java:829)
2023-12-10 00:36:55,876 [s3-impl-thread1] INFO  impl.SimpleStateMachine4Testing (SimpleStateMachine4Testing.java:initialize(213)) - Initializing SimpleStateMachine4Testing:uninitialized
2023-12-10 00:36:55,877 [s3-impl-thread1] INFO  impl.SimpleStateMachine4Testing (SimpleStateMachine4Testing.java:loadSnapshot(296)) - Loading snapshot null
2023-12-10 00:36:55,877 [s3-impl-thread1] INFO  server.RaftServerConfigKeys (ConfUtils.java:logGet(46)) - raft.server.log.use.memory = false (default)
2023-12-10 00:36:55,877 [s3-impl-thread1] INFO  server.RaftServerConfigKeys (ConfUtils.java:logGet(46)) - raft.server.log.purge.gap = 1024 (default)
2023-12-10 00:36:55,877 [s3-impl-thread1] INFO  server.RaftServerConfigKeys (ConfUtils.java:logGet(46)) - raft.server.log.appender.buffer.byte-limit = 4MB (=4194304) (default)
2023-12-10 00:36:55,877 [s3-impl-thread1] INFO  server.RaftServerConfigKeys (ConfUtils.java:logGet(46)) - raft.server.log.statemachine.data.read.timeout = 1000ms (default)
2023-12-10 00:36:55,877 [s3-impl-thread1] INFO  server.RaftServerConfigKeys (ConfUtils.java:logGet(46)) - raft.server.log.purge.preservation.log.num = 0 (default)
2023-12-10 00:36:55,877 [s3-impl-thread1] INFO  server.RaftServerConfigKeys (ConfUtils.java:logGet(46)) - raft.server.log.segment.size.max = 32MB (=33554432) (default)
2023-12-10 00:36:55,878 [s3-impl-thread1] INFO  server.RaftServerConfigKeys (ConfUtils.java:logGet(46)) - raft.server.log.segment.cache.num.max = 6 (default)
2023-12-10 00:36:55,878 [s3-impl-thread1] INFO  server.RaftServerConfigKeys (ConfUtils.java:logGet(46)) - raft.server.log.segment.cache.size.max = 200MB (=209715200) (default)
2023-12-10 00:36:55,878 [s3-impl-thread1] INFO  server.RaftServerConfigKeys (ConfUtils.java:logGet(46)) - raft.server.log.appender.buffer.byte-limit = 4MB (=4194304) (default)
2023-12-10 00:36:55,878 [s3-impl-thread1] INFO  util.AwaitToRun (AwaitToRun.java:start(81)) - Thread[s3@group-116E3AE48395-cacheEviction-AwaitToRun,5,main] started
2023-12-10 00:36:55,878 [s3-impl-thread1] INFO  segmented.SegmentedRaftLogWorker (SegmentedRaftLogWorker.java:<init>(182)) - new s3@group-116E3AE48395-SegmentedRaftLogWorker for RaftStorageImpl:Storage Directory /home/runner/work/ratis/ratis/ratis-test/target/test/data/6e893928/MiniRaftClusterWithNetty9ba32ec/s3/48ae379c-f0c8-479a-9a37-116e3ae48395
2023-12-10 00:36:55,878 [s3-impl-thread1] INFO  server.RaftServerConfigKeys (ConfUtils.java:logGet(46)) - raft.server.log.queue.byte-limit = 64MB (=67108864) (default)
2023-12-10 00:36:55,878 [s3-impl-thread1] INFO  server.RaftServerConfigKeys (ConfUtils.java:logGet(46)) - raft.server.log.queue.element-limit = 4096 (default)
2023-12-10 00:36:55,878 [s3-impl-thread1] INFO  server.RaftServerConfigKeys (ConfUtils.java:logGet(46)) - raft.server.log.segment.size.max = 32MB (=33554432) (default)
2023-12-10 00:36:55,878 [s3-impl-thread1] INFO  server.RaftServerConfigKeys (ConfUtils.java:logGet(46)) - raft.server.log.preallocated.size = 4MB (=4194304) (default)
2023-12-10 00:36:55,878 [s3-impl-thread1] INFO  server.RaftServerConfigKeys (ConfUtils.java:logGet(46)) - raft.server.log.force.sync.num = 128 (default)
2023-12-10 00:36:55,878 [s3-impl-thread1] INFO  server.RaftServerConfigKeys (ConfUtils.java:logGet(46)) - raft.server.log.statemachine.data.sync = true (default)
2023-12-10 00:36:55,878 [s3-impl-thread1] INFO  server.RaftServerConfigKeys (ConfUtils.java:logGet(46)) - raft.server.log.statemachine.data.sync.timeout = 10s (default)
2023-12-10 00:36:55,878 [s3-impl-thread1] INFO  server.RaftServerConfigKeys (ConfUtils.java:logGet(46)) - raft.server.log.statemachine.data.sync.timeout.retry = -1 (default)
2023-12-10 00:36:55,878 [s3-impl-thread1] INFO  server.RaftServerConfigKeys (ConfUtils.java:logGet(46)) - raft.server.log.write.buffer.size = 8MB (=8388608) (default)
2023-12-10 00:36:55,879 [s4-groupManagement] INFO  server.RaftServerConfigKeys (ConfUtils.java:logGet(46)) - raft.server.rpc.request.timeout = 3000ms (default)
2023-12-10 00:36:55,879 [s4-groupManagement] INFO  server.RaftServerConfigKeys (ConfUtils.java:logGet(46)) - raft.server.log.appender.install.snapshot.enabled = true (default)
2023-12-10 00:36:55,879 [s4-groupManagement] INFO  server.RaftServerConfigKeys (ConfUtils.java:logGet(46)) - raft.server.threadpool.server.cached = true (default)
2023-12-10 00:36:55,879 [s4-groupManagement] INFO  server.RaftServerConfigKeys (ConfUtils.java:logGet(46)) - raft.server.threadpool.server.size = 0 (default)
2023-12-10 00:36:55,879 [s4-groupManagement] INFO  server.RaftServerConfigKeys (ConfUtils.java:logGet(46)) - raft.server.threadpool.client.cached = true (default)
2023-12-10 00:36:55,879 [s4-groupManagement] INFO  server.RaftServerConfigKeys (ConfUtils.java:logGet(46)) - raft.server.threadpool.client.size = 0 (default)
2023-12-10 00:36:55,880 [s3-impl-thread1] INFO  server.RaftServerConfigKeys (ConfUtils.java:logGet(46)) - raft.server.log.appender.buffer.byte-limit = 4MB (=4194304) (default)
2023-12-10 00:36:55,880 [s3-impl-thread1] INFO  server.RaftServerConfigKeys (ConfUtils.java:logGet(46)) - raft.server.log.unsafe-flush.enabled = false (default)
2023-12-10 00:36:55,880 [s3-impl-thread1] INFO  server.RaftServerConfigKeys (ConfUtils.java:logGet(46)) - raft.server.log.async-flush.enabled = false (default)
2023-12-10 00:36:55,880 [s3-impl-thread1] INFO  server.RaftServerConfigKeys (ConfUtils.java:logGet(46)) - raft.server.log.statemachine.data.caching.enabled = false (default)
2023-12-10 00:36:55,880 [s3-impl-thread1] INFO  segmented.SegmentedRaftLogWorker (SegmentedRaftLogWorker.java:lambda$new$0(134)) - s3@group-116E3AE48395-SegmentedRaftLogWorker: flushIndex: setUnconditionally 0 -> -1
2023-12-10 00:36:55,880 [s3-impl-thread1] INFO  segmented.SegmentedRaftLogWorker (SegmentedRaftLogWorker.java:lambda$new$0(134)) - s3@group-116E3AE48395-SegmentedRaftLogWorker: safeCacheEvictIndex: setUnconditionally 0 -> -1
2023-12-10 00:36:55,880 [s3-impl-thread1] INFO  server.RaftServer$Division (RaftServerImpl.java:start(392)) - s3@group-116E3AE48395: start as a follower, conf=-1: peers:[s3, s4, s0|localhost:33319]|listeners:[], old=null
2023-12-10 00:36:55,880 [s3-impl-thread1] INFO  server.RaftServer$Division (RaftServerImpl.java:setRole(379)) - s3@group-116E3AE48395: changes role from      null to FOLLOWER at term 0 for startAsFollower
2023-12-10 00:36:55,880 [s3-impl-thread1] INFO  impl.RoleInfo (RoleInfo.java:updateAndGet(139)) - s3: start s3@group-116E3AE48395-FollowerState
2023-12-10 00:36:55,881 [s3@group-116E3AE48395-FollowerState] INFO  server.RaftServerConfigKeys (ConfUtils.java:logFallback(53)) - raft.server.rpc.first-election.timeout.min = 150ms (fallback to raft.server.rpc.timeout.min)
2023-12-10 00:36:55,881 [s3@group-116E3AE48395-FollowerState] INFO  server.RaftServerConfigKeys (ConfUtils.java:logFallback(53)) - raft.server.rpc.first-election.timeout.max = 300ms (fallback to raft.server.rpc.timeout.max)
2023-12-10 00:36:55,881 [s3-impl-thread1] INFO  util.JmxRegister (JmxRegister.java:tryRegister(44)) - Successfully registered JMX Bean with object name Ratis:service=RaftServer,group=group-116E3AE48395,id=s3
2023-12-10 00:36:55,881 [s3-impl-thread1] INFO  server.RaftServerConfigKeys (ConfUtils.java:logGet(46)) - raft.server.snapshot.trigger-when-stop.enabled = true (default)
2023-12-10 00:36:55,881 [s3-impl-thread1] INFO  server.RaftServerConfigKeys (ConfUtils.java:logGet(46)) - raft.server.snapshot.auto.trigger.enabled = true (custom)
2023-12-10 00:36:55,881 [s3-impl-thread1] INFO  server.RaftServerConfigKeys (ConfUtils.java:logGet(46)) - raft.server.snapshot.auto.trigger.threshold = 10 (custom)
2023-12-10 00:36:55,881 [s3-impl-thread1] INFO  server.RaftServerConfigKeys (ConfUtils.java:logGet(46)) - raft.server.snapshot.retention.file.num = -1 (default)
2023-12-10 00:36:55,881 [s3-impl-thread1] INFO  server.RaftServerConfigKeys (ConfUtils.java:logGet(46)) - raft.server.log.purge.upto.snapshot.index = false (default)
2023-12-10 00:36:55,881 [Time-limited test] INFO  server.RaftServer (RaftServerProxy.java:startImpl(406)) - s3: start RPC server
2023-12-10 00:36:55,882 [NettyRpcService-bossGroup--thread1] INFO  logging.LoggingHandler (AbstractInternalLogger.java:log(148)) - [id: 0x96ffe826] REGISTERED
2023-12-10 00:36:55,882 [NettyRpcService-bossGroup--thread1] INFO  logging.LoggingHandler (AbstractInternalLogger.java:log(148)) - [id: 0x96ffe826] BIND: 0.0.0.0/0.0.0.0:34453
2023-12-10 00:36:55,882 [NettyRpcService-bossGroup--thread1] INFO  logging.LoggingHandler (AbstractInternalLogger.java:log(148)) - [id: 0x96ffe826, L:/0.0.0.0:34453] ACTIVE
2023-12-10 00:36:55,882 [JvmPauseMonitor7] INFO  util.JvmPauseMonitor (JvmPauseMonitor.java:run(146)) - JvmPauseMonitor-s3: Started
2023-12-10 00:36:55,882 [s4-impl-thread1] INFO  server.RaftServerConfigKeys (ConfUtils.java:logGet(46)) - raft.server.storage.free-space.min = 0MB (=0) (default)
2023-12-10 00:36:55,882 [s4-impl-thread1] INFO  server.RaftServerConfigKeys (ConfUtils.java:logGet(46)) - raft.server.log.corruption.policy = EXCEPTION (default)
2023-12-10 00:36:55,882 [s4-impl-thread1] INFO  server.RaftServerConfigKeys (ConfUtils.java:logGet(46)) - raft.server.storage.dir = [/home/runner/work/ratis/ratis/ratis-test/target/test/data/6e893928/MiniRaftClusterWithNetty9ba32ec/s4] (custom)
2023-12-10 00:36:55,882 [s4-impl-thread1] INFO  storage.RaftStorageDirectory (RaftStorageDirectoryImpl.java:analyzeStorage(138)) - The storage directory /home/runner/work/ratis/ratis/ratis-test/target/test/data/6e893928/MiniRaftClusterWithNetty9ba32ec/s4/48ae379c-f0c8-479a-9a37-116e3ae48395 does not exist. Creating ...
2023-12-10 00:36:55,883 [s4-impl-thread1] TRACE util.FileUtils (LogUtils.java:runAndLog(49)) - Successfully ran Files.createDirectories /home/runner/work/ratis/ratis/ratis-test/target/test/data/6e893928/MiniRaftClusterWithNetty9ba32ec/s4/48ae379c-f0c8-479a-9a37-116e3ae48395
2023-12-10 00:36:55,883 [s4-impl-thread1] INFO  storage.RaftStorageDirectory (RaftStorageDirectoryImpl.java:tryLock(228)) - Lock on /home/runner/work/ratis/ratis/ratis-test/target/test/data/6e893928/MiniRaftClusterWithNetty9ba32ec/s4/48ae379c-f0c8-479a-9a37-116e3ae48395/in_use.lock acquired by nodename 6805@fv-az1103-11
2023-12-10 00:36:55,883 [s4-impl-thread1] TRACE util.FileUtils (LogUtils.java:runAndLog(49)) - Successfully ran Files.createDirectories /home/runner/work/ratis/ratis/ratis-test/target/test/data/6e893928/MiniRaftClusterWithNetty9ba32ec/s4/48ae379c-f0c8-479a-9a37-116e3ae48395/current
2023-12-10 00:36:55,883 [s4-impl-thread1] TRACE util.FileUtils (LogUtils.java:runAndLog(49)) - Successfully ran Files.createDirectories /home/runner/work/ratis/ratis/ratis-test/target/test/data/6e893928/MiniRaftClusterWithNetty9ba32ec/s4/48ae379c-f0c8-479a-9a37-116e3ae48395/sm
2023-12-10 00:36:55,884 [s4-impl-thread1] TRACE util.FileUtils (LogUtils.java:supplyAndLog(69)) - Successfully supplied FileChannel.open /home/runner/work/ratis/ratis/ratis-test/target/test/data/6e893928/MiniRaftClusterWithNetty9ba32ec/s4/48ae379c-f0c8-479a-9a37-116e3ae48395/current/raft-meta.tmp with options [CREATE, WRITE]: sun.nio.ch.FileChannelImpl@6ea9b044
2023-12-10 00:36:55,884 [s4-impl-thread1] TRACE util.FileUtils (LogUtils.java:runAndLog(49)) - Successfully ran Atomic Files.move /home/runner/work/ratis/ratis/ratis-test/target/test/data/6e893928/MiniRaftClusterWithNetty9ba32ec/s4/48ae379c-f0c8-479a-9a37-116e3ae48395/current/raft-meta.tmp to /home/runner/work/ratis/ratis/ratis-test/target/test/data/6e893928/MiniRaftClusterWithNetty9ba32ec/s4/48ae379c-f0c8-479a-9a37-116e3ae48395/current/raft-meta with options [REPLACE_EXISTING]
2023-12-10 00:36:55,884 [s4-impl-thread1] INFO  storage.RaftStorage (RaftStorageImpl.java:format(99)) - Storage directory /home/runner/work/ratis/ratis/ratis-test/target/test/data/6e893928/MiniRaftClusterWithNetty9ba32ec/s4/48ae379c-f0c8-479a-9a37-116e3ae48395 has been successfully formatted.
2023-12-10 00:36:55,885 [s4-impl-thread1] TRACE util.FileUtils (LogUtils.java:supplyAndLog(61)) - Failed to Files.newInputStream /home/runner/work/ratis/ratis/ratis-test/target/test/data/6e893928/MiniRaftClusterWithNetty9ba32ec/s4/48ae379c-f0c8-479a-9a37-116e3ae48395/current/raft-meta.conf with options []
java.nio.file.NoSuchFileException: /home/runner/work/ratis/ratis/ratis-test/target/test/data/6e893928/MiniRaftClusterWithNetty9ba32ec/s4/48ae379c-f0c8-479a-9a37-116e3ae48395/current/raft-meta.conf
	at java.base/sun.nio.fs.UnixException.translateToIOException(UnixException.java:92)
	at java.base/sun.nio.fs.UnixException.rethrowAsIOException(UnixException.java:111)
	at java.base/sun.nio.fs.UnixException.rethrowAsIOException(UnixException.java:116)
	at java.base/sun.nio.fs.UnixFileSystemProvider.newByteChannel(UnixFileSystemProvider.java:219)
	at java.base/java.nio.file.Files.newByteChannel(Files.java:371)
	at java.base/java.nio.file.Files.newByteChannel(Files.java:422)
	at java.base/java.nio.file.spi.FileSystemProvider.newInputStream(FileSystemProvider.java:420)
	at java.base/java.nio.file.Files.newInputStream(Files.java:156)
	at org.apache.ratis.util.FileUtils.lambda$newInputStream$2(FileUtils.java:73)
	at org.apache.ratis.util.LogUtils.supplyAndLog(LogUtils.java:58)
	at org.apache.ratis.util.FileUtils.newInputStream(FileUtils.java:72)
	at org.apache.ratis.util.FileUtils.newInputStream(FileUtils.java:68)
	at org.apache.ratis.server.storage.RaftStorageImpl.readRaftConfiguration(RaftStorageImpl.java:156)
	at org.apache.ratis.server.impl.ServerState.initialize(ServerState.java:141)
	at org.apache.ratis.server.impl.RaftServerImpl.start(RaftServerImpl.java:388)
	at org.apache.ratis.util.ConcurrentUtils.accept(ConcurrentUtils.java:203)
	at org.apache.ratis.util.ConcurrentUtils.lambda$parallelForEachAsync$4(ConcurrentUtils.java:182)
	at java.base/java.util.concurrent.ThreadPoolExecutor.runWorker(ThreadPoolExecutor.java:1128)
	at java.base/java.util.concurrent.ThreadPoolExecutor$Worker.run(ThreadPoolExecutor.java:628)
	at java.base/java.lang.Thread.run(Thread.java:829)
2023-12-10 00:36:55,885 [s4-impl-thread1] INFO  impl.SimpleStateMachine4Testing (SimpleStateMachine4Testing.java:initialize(213)) - Initializing SimpleStateMachine4Testing:uninitialized
2023-12-10 00:36:55,885 [s4-impl-thread1] INFO  impl.SimpleStateMachine4Testing (SimpleStateMachine4Testing.java:loadSnapshot(296)) - Loading snapshot null
2023-12-10 00:36:55,885 [s4-impl-thread1] INFO  server.RaftServerConfigKeys (ConfUtils.java:logGet(46)) - raft.server.log.use.memory = false (default)
2023-12-10 00:36:55,885 [s4-impl-thread1] INFO  server.RaftServerConfigKeys (ConfUtils.java:logGet(46)) - raft.server.log.purge.gap = 1024 (default)
2023-12-10 00:36:55,885 [s4-impl-thread1] INFO  server.RaftServerConfigKeys (ConfUtils.java:logGet(46)) - raft.server.log.appender.buffer.byte-limit = 4MB (=4194304) (default)
2023-12-10 00:36:55,885 [s4-impl-thread1] INFO  server.RaftServerConfigKeys (ConfUtils.java:logGet(46)) - raft.server.log.statemachine.data.read.timeout = 1000ms (default)
2023-12-10 00:36:55,885 [s4-impl-thread1] INFO  server.RaftServerConfigKeys (ConfUtils.java:logGet(46)) - raft.server.log.purge.preservation.log.num = 0 (default)
2023-12-10 00:36:55,885 [s4-impl-thread1] INFO  server.RaftServerConfigKeys (ConfUtils.java:logGet(46)) - raft.server.log.segment.size.max = 32MB (=33554432) (default)
2023-12-10 00:36:55,886 [s4-impl-thread1] INFO  server.RaftServerConfigKeys (ConfUtils.java:logGet(46)) - raft.server.log.segment.cache.num.max = 6 (default)
2023-12-10 00:36:55,886 [s4-impl-thread1] INFO  server.RaftServerConfigKeys (ConfUtils.java:logGet(46)) - raft.server.log.segment.cache.size.max = 200MB (=209715200) (default)
2023-12-10 00:36:55,886 [s4-impl-thread1] INFO  server.RaftServerConfigKeys (ConfUtils.java:logGet(46)) - raft.server.log.appender.buffer.byte-limit = 4MB (=4194304) (default)
2023-12-10 00:36:55,886 [s4-impl-thread1] INFO  util.AwaitToRun (AwaitToRun.java:start(81)) - Thread[s4@group-116E3AE48395-cacheEviction-AwaitToRun,5,main] started
2023-12-10 00:36:55,886 [s4-impl-thread1] INFO  segmented.SegmentedRaftLogWorker (SegmentedRaftLogWorker.java:<init>(182)) - new s4@group-116E3AE48395-SegmentedRaftLogWorker for RaftStorageImpl:Storage Directory /home/runner/work/ratis/ratis/ratis-test/target/test/data/6e893928/MiniRaftClusterWithNetty9ba32ec/s4/48ae379c-f0c8-479a-9a37-116e3ae48395
2023-12-10 00:36:55,886 [s4-impl-thread1] INFO  server.RaftServerConfigKeys (ConfUtils.java:logGet(46)) - raft.server.log.queue.byte-limit = 64MB (=67108864) (default)
2023-12-10 00:36:55,886 [s4-impl-thread1] INFO  server.RaftServerConfigKeys (ConfUtils.java:logGet(46)) - raft.server.log.queue.element-limit = 4096 (default)
2023-12-10 00:36:55,886 [s4-impl-thread1] INFO  server.RaftServerConfigKeys (ConfUtils.java:logGet(46)) - raft.server.log.segment.size.max = 32MB (=33554432) (default)
2023-12-10 00:36:55,886 [s4-impl-thread1] INFO  server.RaftServerConfigKeys (ConfUtils.java:logGet(46)) - raft.server.log.preallocated.size = 4MB (=4194304) (default)
2023-12-10 00:36:55,886 [s4-impl-thread1] INFO  server.RaftServerConfigKeys (ConfUtils.java:logGet(46)) - raft.server.log.force.sync.num = 128 (default)
2023-12-10 00:36:55,886 [s4-impl-thread1] INFO  server.RaftServerConfigKeys (ConfUtils.java:logGet(46)) - raft.server.log.statemachine.data.sync = true (default)
2023-12-10 00:36:55,886 [s4-impl-thread1] INFO  server.RaftServerConfigKeys (ConfUtils.java:logGet(46)) - raft.server.log.statemachine.data.sync.timeout = 10s (default)
2023-12-10 00:36:55,886 [s4-impl-thread1] INFO  server.RaftServerConfigKeys (ConfUtils.java:logGet(46)) - raft.server.log.statemachine.data.sync.timeout.retry = -1 (default)
2023-12-10 00:36:55,886 [s4-impl-thread1] INFO  server.RaftServerConfigKeys (ConfUtils.java:logGet(46)) - raft.server.log.write.buffer.size = 8MB (=8388608) (default)
2023-12-10 00:36:55,887 [s4-impl-thread1] INFO  server.RaftServerConfigKeys (ConfUtils.java:logGet(46)) - raft.server.log.appender.buffer.byte-limit = 4MB (=4194304) (default)
2023-12-10 00:36:55,887 [s4-impl-thread1] INFO  server.RaftServerConfigKeys (ConfUtils.java:logGet(46)) - raft.server.log.unsafe-flush.enabled = false (default)
2023-12-10 00:36:55,887 [s4-impl-thread1] INFO  server.RaftServerConfigKeys (ConfUtils.java:logGet(46)) - raft.server.log.async-flush.enabled = false (default)
2023-12-10 00:36:55,887 [s4-impl-thread1] INFO  server.RaftServerConfigKeys (ConfUtils.java:logGet(46)) - raft.server.log.statemachine.data.caching.enabled = false (default)
2023-12-10 00:36:55,887 [s4-impl-thread1] INFO  segmented.SegmentedRaftLogWorker (SegmentedRaftLogWorker.java:lambda$new$0(134)) - s4@group-116E3AE48395-SegmentedRaftLogWorker: flushIndex: setUnconditionally 0 -> -1
2023-12-10 00:36:55,887 [s4-impl-thread1] INFO  segmented.SegmentedRaftLogWorker (SegmentedRaftLogWorker.java:lambda$new$0(134)) - s4@group-116E3AE48395-SegmentedRaftLogWorker: safeCacheEvictIndex: setUnconditionally 0 -> -1
2023-12-10 00:36:55,887 [s4-impl-thread1] INFO  server.RaftServer$Division (RaftServerImpl.java:start(392)) - s4@group-116E3AE48395: start as a follower, conf=-1: peers:[s3, s4, s0|localhost:33319]|listeners:[], old=null
2023-12-10 00:36:55,887 [s4-impl-thread1] INFO  server.RaftServer$Division (RaftServerImpl.java:setRole(379)) - s4@group-116E3AE48395: changes role from      null to FOLLOWER at term 0 for startAsFollower
2023-12-10 00:36:55,887 [s4-impl-thread1] INFO  impl.RoleInfo (RoleInfo.java:updateAndGet(139)) - s4: start s4@group-116E3AE48395-FollowerState
2023-12-10 00:36:55,887 [s4@group-116E3AE48395-FollowerState] INFO  server.RaftServerConfigKeys (ConfUtils.java:logFallback(53)) - raft.server.rpc.first-election.timeout.min = 150ms (fallback to raft.server.rpc.timeout.min)
2023-12-10 00:36:55,887 [s4-impl-thread1] INFO  util.JmxRegister (JmxRegister.java:tryRegister(44)) - Successfully registered JMX Bean with object name Ratis:service=RaftServer,group=group-116E3AE48395,id=s4
2023-12-10 00:36:55,887 [s4@group-116E3AE48395-FollowerState] INFO  server.RaftServerConfigKeys (ConfUtils.java:logFallback(53)) - raft.server.rpc.first-election.timeout.max = 300ms (fallback to raft.server.rpc.timeout.max)
2023-12-10 00:36:55,887 [s4-impl-thread1] INFO  server.RaftServerConfigKeys (ConfUtils.java:logGet(46)) - raft.server.snapshot.trigger-when-stop.enabled = true (default)
2023-12-10 00:36:55,887 [s4-impl-thread1] INFO  server.RaftServerConfigKeys (ConfUtils.java:logGet(46)) - raft.server.snapshot.auto.trigger.enabled = true (custom)
2023-12-10 00:36:55,887 [s4-impl-thread1] INFO  server.RaftServerConfigKeys (ConfUtils.java:logGet(46)) - raft.server.snapshot.auto.trigger.threshold = 10 (custom)
2023-12-10 00:36:55,887 [s4-impl-thread1] INFO  server.RaftServerConfigKeys (ConfUtils.java:logGet(46)) - raft.server.snapshot.retention.file.num = -1 (default)
2023-12-10 00:36:55,887 [s4-impl-thread1] INFO  server.RaftServerConfigKeys (ConfUtils.java:logGet(46)) - raft.server.log.purge.upto.snapshot.index = false (default)
2023-12-10 00:36:55,888 [Time-limited test] INFO  server.RaftServer (RaftServerProxy.java:startImpl(406)) - s4: start RPC server
2023-12-10 00:36:55,888 [NettyRpcService-bossGroup--thread1] INFO  logging.LoggingHandler (AbstractInternalLogger.java:log(148)) - [id: 0xce8099ce] REGISTERED
2023-12-10 00:36:55,888 [NettyRpcService-bossGroup--thread1] INFO  logging.LoggingHandler (AbstractInternalLogger.java:log(148)) - [id: 0xce8099ce] BIND: 0.0.0.0/0.0.0.0:34453
2023-12-10 00:36:55,888 [NettyRpcService-bossGroup--thread1] INFO  logging.LoggingHandler (AbstractInternalLogger.java:log(148)) - [id: 0xce8099ce] CLOSE
2023-12-10 00:36:55,888 [NettyRpcService-bossGroup--thread1] INFO  logging.LoggingHandler (AbstractInternalLogger.java:log(148)) - [id: 0xce8099ce] UNREGISTERED
2023-12-10 00:36:55,888 [Time-limited test] INFO  impl.MiniRaftCluster (MiniRaftCluster.java:shutdown(831)) - ************************************************************** 
2023-12-10 00:36:55,889 [Time-limited test] INFO  impl.MiniRaftCluster (MiniRaftCluster.java:shutdown(832)) - *** 
2023-12-10 00:36:55,889 [Time-limited test] INFO  impl.MiniRaftCluster (MiniRaftCluster.java:shutdown(833)) - ***     Stopping MiniRaftClusterWithNetty
2023-12-10 00:36:55,889 [Time-limited test] INFO  impl.MiniRaftCluster (MiniRaftCluster.java:shutdown(834)) - *** 
2023-12-10 00:36:55,889 [Time-limited test] INFO  impl.MiniRaftCluster (MiniRaftCluster.java:shutdown(835)) - ************************************************************** 
2023-12-10 00:36:55,889 [Time-limited test] INFO  impl.MiniRaftCluster (MiniRaftCluster.java:shutdown(836)) - printing ALL groups
  s3:  RUNNING  FOLLOWER s3@group-116E3AE48395:t0, leader=null, voted=, raftlog=Memoized:s3@group-116E3AE48395-SegmentedRaftLog:OPENED:c-1, conf=-1: peers:[s3, s4, s0|localhost:33319]|listeners:[], old=null RUNNING
  s4:      NEW  FOLLOWER s4@group-116E3AE48395:t0, leader=null, voted=, raftlog=Memoized:s4@group-116E3AE48395-SegmentedRaftLog:OPENED:c-1, conf=-1: peers:[s3, s4, s0|localhost:33319]|listeners:[], old=null RUNNING
  s0:  RUNNING    LEADER s0@group-116E3AE48395:t2, leader=s0, voted=s0, raftlog=Memoized:s0@group-116E3AE48395-SegmentedRaftLog:OPENED:c42, conf=39: peers:[s0|localhost:33319]|listeners:[], old=null RUNNING
2023-12-10 00:36:55,889 [MiniRaftCluster-12] INFO  server.RaftServer (RaftServerProxy.java:lambda$close$9(416)) - s3: close
2023-12-10 00:36:55,890 [s3-impl-thread1] INFO  server.RaftServer$Division (RaftServerImpl.java:lambda$close$3(516)) - s3@group-116E3AE48395: shutdown
2023-12-10 00:36:55,890 [NettyRpcService-bossGroup--thread1] INFO  logging.LoggingHandler (AbstractInternalLogger.java:log(148)) - [id: 0x96ffe826, L:/0.0.0.0:34453] CLOSE
2023-12-10 00:36:55,890 [s3-impl-thread1] INFO  util.JmxRegister (JmxRegister.java:unregister(73)) - Successfully un-registered JMX Bean with object name Ratis:service=RaftServer,group=group-116E3AE48395,id=s3
2023-12-10 00:36:55,890 [s3-impl-thread1] INFO  impl.RoleInfo (RoleInfo.java:shutdownFollowerState(110)) - s3: shutdown s3@group-116E3AE48395-FollowerState
2023-12-10 00:36:55,890 [NettyRpcService-bossGroup--thread1] INFO  logging.LoggingHandler (AbstractInternalLogger.java:log(148)) - [id: 0x96ffe826, L:/0.0.0.0:34453] INACTIVE
2023-12-10 00:36:55,890 [s3-impl-thread1] INFO  impl.StateMachineUpdater (StateMachineUpdater.java:stopAndJoin(157)) - s3@group-116E3AE48395-StateMachineUpdater: set stopIndex = -1
2023-12-10 00:36:55,890 [NettyRpcService-bossGroup--thread1] INFO  logging.LoggingHandler (AbstractInternalLogger.java:log(148)) - [id: 0x96ffe826, L:/0.0.0.0:34453] UNREGISTERED
2023-12-10 00:36:55,890 [s3@group-116E3AE48395-FollowerState] INFO  impl.FollowerState (FollowerState.java:run(152)) - s3@group-116E3AE48395-FollowerState was interrupted
2023-12-10 00:36:55,890 [MiniRaftCluster-14] INFO  server.RaftServer (RaftServerProxy.java:lambda$close$9(416)) - s0: close
2023-12-10 00:36:55,893 [s0-impl-thread1] INFO  server.RaftServer$Division (RaftServerImpl.java:lambda$close$3(516)) - s0@group-116E3AE48395: shutdown
2023-12-10 00:36:55,893 [s0-impl-thread1] INFO  util.JmxRegister (JmxRegister.java:unregister(73)) - Successfully un-registered JMX Bean with object name Ratis:service=RaftServer,group=group-116E3AE48395,id=s0
2023-12-10 00:36:55,893 [s0-impl-thread1] INFO  impl.RoleInfo (RoleInfo.java:shutdownLeaderState(94)) - s0: shutdown s0@group-116E3AE48395-LeaderStateImpl
2023-12-10 00:36:55,893 [s0-impl-thread1] INFO  impl.PendingRequests (PendingRequests.java:sendNotLeaderResponses(289)) - s0@group-116E3AE48395-PendingRequests: sendNotLeaderResponses
2023-12-10 00:36:55,894 [s3-impl-thread1] INFO  server.RaftServer$Division (ServerState.java:close(423)) - s3@group-116E3AE48395: applyIndex: -1
2023-12-10 00:36:55,894 [s3@group-116E3AE48395-cacheEviction-AwaitToRun] INFO  util.AwaitToRun (AwaitToRun.java:run(49)) - s3@group-116E3AE48395-cacheEviction-AwaitToRun-AwaitForSignal is interrupted
2023-12-10 00:36:55,894 [NettyRpcService-bossGroup--thread1] INFO  logging.LoggingHandler (AbstractInternalLogger.java:log(148)) - [id: 0xbdac7efa, L:/0.0.0.0:33319] CLOSE
2023-12-10 00:36:55,894 [NettyRpcService-bossGroup--thread1] INFO  logging.LoggingHandler (AbstractInternalLogger.java:log(148)) - [id: 0xbdac7efa, L:/0.0.0.0:33319] INACTIVE
2023-12-10 00:36:55,894 [NettyRpcService-bossGroup--thread1] INFO  logging.LoggingHandler (AbstractInternalLogger.java:log(148)) - [id: 0xbdac7efa, L:/0.0.0.0:33319] UNREGISTERED
2023-12-10 00:36:55,902 [s0-impl-thread1] INFO  impl.StateMachineUpdater (StateMachineUpdater.java:stopAndJoin(157)) - s0@group-116E3AE48395-StateMachineUpdater: set stopIndex = 42
2023-12-10 00:36:55,904 [s0@group-116E3AE48395-StateMachineUpdater] INFO  segmented.BufferedWriteChannel (BufferedWriteChannel.java:open(62)) - open snapshot.2_42 at position 0
2023-12-10 00:36:55,912 [s0@group-116E3AE48395-StateMachineUpdater] TRACE util.FileUtils (LogUtils.java:supplyAndLog(69)) - Successfully supplied FileChannel.open /home/runner/work/ratis/ratis/ratis-test/target/test/data/6e893928/MiniRaftClusterWithNetty9ba32ec/s0/48ae379c-f0c8-479a-9a37-116e3ae48395/sm/snapshot.2_42 with options [READ]: sun.nio.ch.FileChannelImpl@1a8304e6
2023-12-10 00:36:55,912 [s0@group-116E3AE48395-StateMachineUpdater] TRACE util.FileUtils (LogUtils.java:supplyAndLog(69)) - Successfully supplied FileChannel.open /home/runner/work/ratis/ratis/ratis-test/target/test/data/6e893928/MiniRaftClusterWithNetty9ba32ec/s0/48ae379c-f0c8-479a-9a37-116e3ae48395/sm/snapshot.2_42.md5.tmp with options [CREATE, WRITE]: sun.nio.ch.FileChannelImpl@1ebc936e
2023-12-10 00:36:55,913 [s0@group-116E3AE48395-StateMachineUpdater] TRACE util.FileUtils (LogUtils.java:runAndLog(49)) - Successfully ran Atomic Files.move /home/runner/work/ratis/ratis/ratis-test/target/test/data/6e893928/MiniRaftClusterWithNetty9ba32ec/s0/48ae379c-f0c8-479a-9a37-116e3ae48395/sm/snapshot.2_42.md5.tmp to /home/runner/work/ratis/ratis/ratis-test/target/test/data/6e893928/MiniRaftClusterWithNetty9ba32ec/s0/48ae379c-f0c8-479a-9a37-116e3ae48395/sm/snapshot.2_42.md5 with options [REPLACE_EXISTING]
2023-12-10 00:36:55,913 [s0@group-116E3AE48395-StateMachineUpdater] INFO  impl.StateMachineUpdater (StateMachineUpdater.java:takeSnapshot(295)) - s0@group-116E3AE48395-StateMachineUpdater: Took a snapshot at index 42
2023-12-10 00:36:55,913 [s0@group-116E3AE48395-StateMachineUpdater] INFO  impl.StateMachineUpdater (StateMachineUpdater.java:lambda$new$0(98)) - s0@group-116E3AE48395-StateMachineUpdater: snapshotIndex: updateIncreasingly 38 -> 42
2023-12-10 00:36:55,913 [s0-impl-thread1] INFO  server.RaftServer$Division (ServerState.java:close(423)) - s0@group-116E3AE48395: applyIndex: 42
2023-12-10 00:36:55,913 [s0@group-116E3AE48395-cacheEviction-AwaitToRun] INFO  util.AwaitToRun (AwaitToRun.java:run(49)) - s0@group-116E3AE48395-cacheEviction-AwaitToRun-AwaitForSignal is interrupted
2023-12-10 00:36:56,127 [s4@group-116E3AE48395-FollowerState] INFO  impl.FollowerState (FollowerState.java:run(143)) - s4@group-116E3AE48395-FollowerState: change to CANDIDATE, lastRpcElapsedTime:240376724ns, electionTimeout:240ms
2023-12-10 00:36:56,128 [s4@group-116E3AE48395-FollowerState] INFO  impl.RoleInfo (RoleInfo.java:shutdownFollowerState(110)) - s4: shutdown s4@group-116E3AE48395-FollowerState
2023-12-10 00:36:56,128 [s4@group-116E3AE48395-FollowerState] INFO  server.RaftServer$Division (RaftServerImpl.java:setRole(379)) - s4@group-116E3AE48395: changes role from  FOLLOWER to CANDIDATE at term 0 for changeToCandidate
2023-12-10 00:36:56,128 [s4@group-116E3AE48395-FollowerState] INFO  server.RaftServerConfigKeys (ConfUtils.java:logGet(46)) - raft.server.leaderelection.pre-vote = true (default)
2023-12-10 00:36:56,128 [s4@group-116E3AE48395-FollowerState] INFO  impl.RoleInfo (RoleInfo.java:updateAndGet(139)) - s4: start s4@group-116E3AE48395-LeaderElection6
2023-12-10 00:36:56,128 [s4@group-116E3AE48395-LeaderElection6] INFO  impl.LeaderElection (LeaderElection.java:askForVotes(321)) - s4@group-116E3AE48395-LeaderElection6 PRE_VOTE round 0: submit vote requests at term 0 for -1: peers:[s3, s4, s0|localhost:33319]|listeners:[], old=null
2023-12-10 00:36:56,131 [s4@group-116E3AE48395-LeaderElection6] INFO  server.RaftServerConfigKeys (ConfUtils.java:logFallback(53)) - raft.server.rpc.first-election.timeout.min = 150ms (fallback to raft.server.rpc.timeout.min)
2023-12-10 00:36:56,131 [s4@group-116E3AE48395-LeaderElection6] INFO  server.RaftServerConfigKeys (ConfUtils.java:logFallback(53)) - raft.server.rpc.first-election.timeout.max = 300ms (fallback to raft.server.rpc.timeout.max)
2023-12-10 00:36:56,132 [s4@group-116E3AE48395-LeaderElection6] INFO  impl.LeaderElection (LogUtils.java:infoOrTrace(136)) - s4@group-116E3AE48395-LeaderElection6 got exception when requesting votes: java.util.concurrent.ExecutionException: java.lang.NullPointerException: target == null
2023-12-10 00:36:56,133 [s4@group-116E3AE48395-LeaderElection6] INFO  impl.LeaderElection (LogUtils.java:infoOrTrace(136)) - s4@group-116E3AE48395-LeaderElection6 got exception when requesting votes: java.util.concurrent.ExecutionException: org.apache.ratis.thirdparty.io.netty.channel.AbstractChannel$AnnotatedConnectException: finishConnect(..) failed: Connection refused: localhost/127.0.0.1:33319
2023-12-10 00:36:56,133 [s4@group-116E3AE48395-LeaderElection6] INFO  impl.LeaderElection (LeaderElection.java:logAndReturn(89)) - s4@group-116E3AE48395-LeaderElection6: PRE_VOTE REJECTED received 0 response(s) and 2 exception(s):
2023-12-10 00:36:56,133 [s4@group-116E3AE48395-LeaderElection6] INFO  impl.LeaderElection (LogUtils.java:infoOrTrace(136)) -   Exception 0: java.util.concurrent.ExecutionException: java.lang.NullPointerException: target == null
2023-12-10 00:36:56,133 [s4@group-116E3AE48395-LeaderElection6] INFO  impl.LeaderElection (LogUtils.java:infoOrTrace(136)) -   Exception 1: java.util.concurrent.ExecutionException: org.apache.ratis.thirdparty.io.netty.channel.AbstractChannel$AnnotatedConnectException: finishConnect(..) failed: Connection refused: localhost/127.0.0.1:33319
2023-12-10 00:36:56,133 [s4@group-116E3AE48395-LeaderElection6] INFO  impl.LeaderElection (LeaderElection.java:askForVotes(323)) - s4@group-116E3AE48395-LeaderElection6 PRE_VOTE round 0: result REJECTED
2023-12-10 00:36:56,133 [s4@group-116E3AE48395-LeaderElection6] INFO  server.RaftServer$Division (RaftServerImpl.java:setRole(379)) - s4@group-116E3AE48395: changes role from CANDIDATE to FOLLOWER at term 0 for REJECTED
2023-12-10 00:36:56,133 [s4@group-116E3AE48395-LeaderElection6] INFO  impl.RoleInfo (RoleInfo.java:shutdownLeaderElection(130)) - s4: shutdown s4@group-116E3AE48395-LeaderElection6
2023-12-10 00:36:56,133 [s4@group-116E3AE48395-LeaderElection6] INFO  impl.RoleInfo (RoleInfo.java:updateAndGet(139)) - s4: start s4@group-116E3AE48395-FollowerState
2023-12-10 00:36:56,133 [s4@group-116E3AE48395-LeaderElection6] INFO  server.RaftServer$Division (RaftServerImpl.java:setFirstElection(564)) - s4@group-116E3AE48395: set firstElectionSinceStartup to false for REJECTED
2023-12-10 00:36:56,374 [s4@group-116E3AE48395-FollowerState] INFO  impl.FollowerState (FollowerState.java:run(143)) - s4@group-116E3AE48395-FollowerState: change to CANDIDATE, lastRpcElapsedTime:240267842ns, electionTimeout:240ms
2023-12-10 00:36:56,374 [s4@group-116E3AE48395-FollowerState] INFO  impl.RoleInfo (RoleInfo.java:shutdownFollowerState(110)) - s4: shutdown s4@group-116E3AE48395-FollowerState
2023-12-10 00:36:56,374 [s4@group-116E3AE48395-FollowerState] INFO  server.RaftServer$Division (RaftServerImpl.java:setRole(379)) - s4@group-116E3AE48395: changes role from  FOLLOWER to CANDIDATE at term 0 for changeToCandidate
2023-12-10 00:36:56,374 [s4@group-116E3AE48395-FollowerState] INFO  server.RaftServerConfigKeys (ConfUtils.java:logGet(46)) - raft.server.leaderelection.pre-vote = true (default)
2023-12-10 00:36:56,374 [s4@group-116E3AE48395-FollowerState] INFO  impl.RoleInfo (RoleInfo.java:updateAndGet(139)) - s4: start s4@group-116E3AE48395-LeaderElection7
2023-12-10 00:36:56,374 [s4@group-116E3AE48395-LeaderElection7] INFO  impl.LeaderElection (LeaderElection.java:askForVotes(321)) - s4@group-116E3AE48395-LeaderElection7 PRE_VOTE round 0: submit vote requests at term 0 for -1: peers:[s3, s4, s0|localhost:33319]|listeners:[], old=null
2023-12-10 00:36:56,375 [s4@group-116E3AE48395-LeaderElection7] INFO  impl.LeaderElection (LogUtils.java:infoOrTrace(136)) - s4@group-116E3AE48395-LeaderElection7 got exception when requesting votes: java.util.concurrent.ExecutionException: java.lang.IllegalStateException: ILLEGAL TRANSITION: In s3, EXCEPTION -> STARTING
2023-12-10 00:36:56,376 [s4@group-116E3AE48395-LeaderElection7] INFO  impl.LeaderElection (LogUtils.java:infoOrTrace(136)) - s4@group-116E3AE48395-LeaderElection7 got exception when requesting votes: java.util.concurrent.ExecutionException: org.apache.ratis.thirdparty.io.netty.channel.AbstractChannel$AnnotatedConnectException: finishConnect(..) failed: Connection refused: localhost/127.0.0.1:33319
2023-12-10 00:36:56,376 [s4@group-116E3AE48395-LeaderElection7] INFO  impl.LeaderElection (LeaderElection.java:logAndReturn(89)) - s4@group-116E3AE48395-LeaderElection7: PRE_VOTE REJECTED received 0 response(s) and 2 exception(s):
2023-12-10 00:36:56,376 [s4@group-116E3AE48395-LeaderElection7] INFO  impl.LeaderElection (LogUtils.java:infoOrTrace(136)) -   Exception 0: java.util.concurrent.ExecutionException: java.lang.IllegalStateException: ILLEGAL TRANSITION: In s3, EXCEPTION -> STARTING
2023-12-10 00:36:56,376 [s4@group-116E3AE48395-LeaderElection7] INFO  impl.LeaderElection (LogUtils.java:infoOrTrace(136)) -   Exception 1: java.util.concurrent.ExecutionException: org.apache.ratis.thirdparty.io.netty.channel.AbstractChannel$AnnotatedConnectException: finishConnect(..) failed: Connection refused: localhost/127.0.0.1:33319
2023-12-10 00:36:56,376 [s4@group-116E3AE48395-LeaderElection7] INFO  impl.LeaderElection (LeaderElection.java:askForVotes(323)) - s4@group-116E3AE48395-LeaderElection7 PRE_VOTE round 0: result REJECTED
2023-12-10 00:36:56,376 [s4@group-116E3AE48395-LeaderElection7] INFO  server.RaftServer$Division (RaftServerImpl.java:setRole(379)) - s4@group-116E3AE48395: changes role from CANDIDATE to FOLLOWER at term 0 for REJECTED
2023-12-10 00:36:56,376 [s4@group-116E3AE48395-LeaderElection7] INFO  impl.RoleInfo (RoleInfo.java:shutdownLeaderElection(130)) - s4: shutdown s4@group-116E3AE48395-LeaderElection7
2023-12-10 00:36:56,376 [s4@group-116E3AE48395-LeaderElection7] INFO  impl.RoleInfo (RoleInfo.java:updateAndGet(139)) - s4: start s4@group-116E3AE48395-FollowerState
2023-12-10 00:36:56,669 [s4@group-116E3AE48395-FollowerState] INFO  impl.FollowerState (FollowerState.java:run(143)) - s4@group-116E3AE48395-FollowerState: change to CANDIDATE, lastRpcElapsedTime:292318278ns, electionTimeout:292ms
2023-12-10 00:36:56,669 [s4@group-116E3AE48395-FollowerState] INFO  impl.RoleInfo (RoleInfo.java:shutdownFollowerState(110)) - s4: shutdown s4@group-116E3AE48395-FollowerState
2023-12-10 00:36:56,669 [s4@group-116E3AE48395-FollowerState] INFO  server.RaftServer$Division (RaftServerImpl.java:setRole(379)) - s4@group-116E3AE48395: changes role from  FOLLOWER to CANDIDATE at term 0 for changeToCandidate
2023-12-10 00:36:56,669 [s4@group-116E3AE48395-FollowerState] INFO  server.RaftServerConfigKeys (ConfUtils.java:logGet(46)) - raft.server.leaderelection.pre-vote = true (default)
2023-12-10 00:36:56,669 [s4@group-116E3AE48395-FollowerState] INFO  impl.RoleInfo (RoleInfo.java:updateAndGet(139)) - s4: start s4@group-116E3AE48395-LeaderElection8
2023-12-10 00:36:56,670 [s4@group-116E3AE48395-LeaderElection8] INFO  impl.LeaderElection (LeaderElection.java:askForVotes(321)) - s4@group-116E3AE48395-LeaderElection8 PRE_VOTE round 0: submit vote requests at term 0 for -1: peers:[s3, s4, s0|localhost:33319]|listeners:[], old=null
2023-12-10 00:36:56,670 [s4@group-116E3AE48395-LeaderElection8] INFO  impl.LeaderElection (LogUtils.java:infoOrTrace(136)) - s4@group-116E3AE48395-LeaderElection8 got exception when requesting votes: java.util.concurrent.ExecutionException: java.lang.IllegalStateException: ILLEGAL TRANSITION: In s3, STARTING -> STARTING
2023-12-10 00:36:56,672 [s4@group-116E3AE48395-LeaderElection8] INFO  impl.LeaderElection (LogUtils.java:infoOrTrace(136)) - s4@group-116E3AE48395-LeaderElection8 got exception when requesting votes: java.util.concurrent.ExecutionException: org.apache.ratis.thirdparty.io.netty.channel.AbstractChannel$AnnotatedConnectException: finishConnect(..) failed: Connection refused: localhost/127.0.0.1:33319
2023-12-10 00:36:56,672 [s4@group-116E3AE48395-LeaderElection8] INFO  impl.LeaderElection (LeaderElection.java:logAndReturn(89)) - s4@group-116E3AE48395-LeaderElection8: PRE_VOTE REJECTED received 0 response(s) and 2 exception(s):
2023-12-10 00:36:56,672 [s4@group-116E3AE48395-LeaderElection8] INFO  impl.LeaderElection (LogUtils.java:infoOrTrace(136)) -   Exception 0: java.util.concurrent.ExecutionException: java.lang.IllegalStateException: ILLEGAL TRANSITION: In s3, STARTING -> STARTING
2023-12-10 00:36:56,672 [s4@group-116E3AE48395-LeaderElection8] INFO  impl.LeaderElection (LogUtils.java:infoOrTrace(136)) -   Exception 1: java.util.concurrent.ExecutionException: org.apache.ratis.thirdparty.io.netty.channel.AbstractChannel$AnnotatedConnectException: finishConnect(..) failed: Connection refused: localhost/127.0.0.1:33319
2023-12-10 00:36:56,672 [s4@group-116E3AE48395-LeaderElection8] INFO  impl.LeaderElection (LeaderElection.java:askForVotes(323)) - s4@group-116E3AE48395-LeaderElection8 PRE_VOTE round 0: result REJECTED
2023-12-10 00:36:56,672 [s4@group-116E3AE48395-LeaderElection8] INFO  server.RaftServer$Division (RaftServerImpl.java:setRole(379)) - s4@group-116E3AE48395: changes role from CANDIDATE to FOLLOWER at term 0 for REJECTED
2023-12-10 00:36:56,672 [s4@group-116E3AE48395-LeaderElection8] INFO  impl.RoleInfo (RoleInfo.java:shutdownLeaderElection(130)) - s4: shutdown s4@group-116E3AE48395-LeaderElection8
2023-12-10 00:36:56,672 [s4@group-116E3AE48395-LeaderElection8] INFO  impl.RoleInfo (RoleInfo.java:updateAndGet(139)) - s4: start s4@group-116E3AE48395-FollowerState
2023-12-10 00:36:56,843 [s4@group-116E3AE48395-FollowerState] INFO  impl.FollowerState (FollowerState.java:run(143)) - s4@group-116E3AE48395-FollowerState: change to CANDIDATE, lastRpcElapsedTime:171287122ns, electionTimeout:171ms
2023-12-10 00:36:56,843 [s4@group-116E3AE48395-FollowerState] INFO  impl.RoleInfo (RoleInfo.java:shutdownFollowerState(110)) - s4: shutdown s4@group-116E3AE48395-FollowerState
2023-12-10 00:36:56,843 [s4@group-116E3AE48395-FollowerState] INFO  server.RaftServer$Division (RaftServerImpl.java:setRole(379)) - s4@group-116E3AE48395: changes role from  FOLLOWER to CANDIDATE at term 0 for changeToCandidate
2023-12-10 00:36:56,844 [s4@group-116E3AE48395-FollowerState] INFO  server.RaftServerConfigKeys (ConfUtils.java:logGet(46)) - raft.server.leaderelection.pre-vote = true (default)
2023-12-10 00:36:56,844 [s4@group-116E3AE48395-FollowerState] INFO  impl.RoleInfo (RoleInfo.java:updateAndGet(139)) - s4: start s4@group-116E3AE48395-LeaderElection9
2023-12-10 00:36:56,844 [s4@group-116E3AE48395-LeaderElection9] INFO  impl.LeaderElection (LeaderElection.java:askForVotes(321)) - s4@group-116E3AE48395-LeaderElection9 PRE_VOTE round 0: submit vote requests at term 0 for -1: peers:[s3, s4, s0|localhost:33319]|listeners:[], old=null
2023-12-10 00:36:56,844 [s4@group-116E3AE48395-LeaderElection9] INFO  impl.LeaderElection (LogUtils.java:infoOrTrace(136)) - s4@group-116E3AE48395-LeaderElection9 got exception when requesting votes: java.util.concurrent.ExecutionException: java.lang.IllegalStateException: ILLEGAL TRANSITION: In s3, STARTING -> STARTING
2023-12-10 00:36:56,845 [s4@group-116E3AE48395-LeaderElection9] INFO  impl.LeaderElection (LogUtils.java:infoOrTrace(136)) - s4@group-116E3AE48395-LeaderElection9 got exception when requesting votes: java.util.concurrent.ExecutionException: org.apache.ratis.thirdparty.io.netty.channel.AbstractChannel$AnnotatedConnectException: finishConnect(..) failed: Connection refused: localhost/127.0.0.1:33319
2023-12-10 00:36:56,845 [s4@group-116E3AE48395-LeaderElection9] INFO  impl.LeaderElection (LeaderElection.java:logAndReturn(89)) - s4@group-116E3AE48395-LeaderElection9: PRE_VOTE REJECTED received 0 response(s) and 2 exception(s):
2023-12-10 00:36:56,845 [s4@group-116E3AE48395-LeaderElection9] INFO  impl.LeaderElection (LogUtils.java:infoOrTrace(136)) -   Exception 0: java.util.concurrent.ExecutionException: java.lang.IllegalStateException: ILLEGAL TRANSITION: In s3, STARTING -> STARTING
2023-12-10 00:36:56,846 [s4@group-116E3AE48395-LeaderElection9] INFO  impl.LeaderElection (LogUtils.java:infoOrTrace(136)) -   Exception 1: java.util.concurrent.ExecutionException: org.apache.ratis.thirdparty.io.netty.channel.AbstractChannel$AnnotatedConnectException: finishConnect(..) failed: Connection refused: localhost/127.0.0.1:33319
2023-12-10 00:36:56,846 [s4@group-116E3AE48395-LeaderElection9] INFO  impl.LeaderElection (LeaderElection.java:askForVotes(323)) - s4@group-116E3AE48395-LeaderElection9 PRE_VOTE round 0: result REJECTED
2023-12-10 00:36:56,846 [s4@group-116E3AE48395-LeaderElection9] INFO  server.RaftServer$Division (RaftServerImpl.java:setRole(379)) - s4@group-116E3AE48395: changes role from CANDIDATE to FOLLOWER at term 0 for REJECTED
2023-12-10 00:36:56,846 [s4@group-116E3AE48395-LeaderElection9] INFO  impl.RoleInfo (RoleInfo.java:shutdownLeaderElection(130)) - s4: shutdown s4@group-116E3AE48395-LeaderElection9
2023-12-10 00:36:56,846 [s4@group-116E3AE48395-LeaderElection9] INFO  impl.RoleInfo (RoleInfo.java:updateAndGet(139)) - s4: start s4@group-116E3AE48395-FollowerState
2023-12-10 00:36:56,868 [s0-impl-thread1] INFO  segmented.SegmentedRaftLogWorker (SegmentedRaftLogWorker.java:close(245)) - s0@group-116E3AE48395-SegmentedRaftLogWorker close()
2023-12-10 00:36:56,868 [JvmPauseMonitor6] INFO  util.JvmPauseMonitor (JvmPauseMonitor.java:run(152)) - JvmPauseMonitor-s0: Stopped
2023-12-10 00:36:56,881 [s3-impl-thread1] INFO  segmented.SegmentedRaftLogWorker (SegmentedRaftLogWorker.java:close(245)) - s3@group-116E3AE48395-SegmentedRaftLogWorker close()
2023-12-10 00:36:56,881 [JvmPauseMonitor7] INFO  util.JvmPauseMonitor (JvmPauseMonitor.java:run(152)) - JvmPauseMonitor-s3: Stopped
2023-12-10 00:36:56,881 [Time-limited test] INFO  impl.MiniRaftCluster (MiniRaftCluster.java:shutdown(855)) - MiniRaftClusterWithNetty shutdown completed
2023-12-10 00:36:56,881 [Time-limited test] INFO  impl.MiniRaftCluster (MiniRaftCluster.java:shutdown(831)) - ************************************************************** 
2023-12-10 00:36:56,881 [Time-limited test] INFO  impl.MiniRaftCluster (MiniRaftCluster.java:shutdown(832)) - *** 
2023-12-10 00:36:56,881 [Time-limited test] INFO  impl.MiniRaftCluster (MiniRaftCluster.java:shutdown(833)) - ***     Stopping MiniRaftClusterWithNetty
2023-12-10 00:36:56,881 [Time-limited test] INFO  impl.MiniRaftCluster (MiniRaftCluster.java:shutdown(834)) - *** 
2023-12-10 00:36:56,881 [Time-limited test] INFO  impl.MiniRaftCluster (MiniRaftCluster.java:shutdown(835)) - ************************************************************** 
2023-12-10 00:36:56,881 [Time-limited test] INFO  impl.MiniRaftCluster (MiniRaftCluster.java:shutdown(836)) - printing ALL groups
  s3:   CLOSED  FOLLOWER s3@group-116E3AE48395:t0, leader=null, voted=, raftlog=Memoized:s3@group-116E3AE48395-SegmentedRaftLog:CLOSED:c-1, conf=-1: peers:[s3, s4, s0|localhost:33319]|listeners:[], old=null CLOSED
  s4:   CLOSED  FOLLOWER s4@group-116E3AE48395:t0, leader=null, voted=, raftlog=Memoized:s4@group-116E3AE48395-SegmentedRaftLog:OPENED:c-1, conf=-1: peers:[s3, s4, s0|localhost:33319]|listeners:[], old=null RUNNING
  s0:   CLOSED    LEADER s0@group-116E3AE48395:t2, leader=s0, voted=s0, raftlog=Memoized:s0@group-116E3AE48395-SegmentedRaftLog:CLOSED:c42, conf=39: peers:[s0|localhost:33319]|listeners:[], old=null CLOSED
2023-12-10 00:36:56,882 [Time-limited test] INFO  impl.MiniRaftCluster (MiniRaftCluster.java:shutdown(855)) - MiniRaftClusterWithNetty shutdown completed
]]></system-out>
  </testcase>
</testsuite>