<?xml version="1.0" encoding="UTF-8"?>
<testsuite xmlns:xsi="http://www.w3.org/2001/XMLSchema-instance" xsi:noNamespaceSchemaLocation="https://maven.apache.org/surefire/maven-surefire-plugin/xsd/surefire-test-report.xsd" name="org.apache.ratis.grpc.TestRaftServerWithGrpc" time="30.94" tests="10" errors="0" skipped="0" failures="1">
  <properties>
    <property name="awt.toolkit" value="sun.awt.X11.XToolkit"/>
    <property name="java.specification.version" value="11"/>
    <property name="sun.cpu.isalist" value=""/>
    <property name="sun.jnu.encoding" value="UTF-8"/>
    <property name="java.class.path" value="/home/runner/work/ratis/ratis/ratis-test/target/test-classes:/home/runner/work/ratis/ratis/ratis-test/target/classes:/home/runner/work/ratis/ratis/ratis-common/target/classes:/home/runner/.m2/repository/org/apache/ratis/ratis-thirdparty-misc/1.0.2/ratis-thirdparty-misc-1.0.2.jar:/home/runner/work/ratis/ratis/ratis-proto/target/ratis-proto-3.0.0-SNAPSHOT.jar:/home/runner/work/ratis/ratis/ratis-common/target/test-classes:/home/runner/work/ratis/ratis/ratis-client/target/classes:/home/runner/work/ratis/ratis/ratis-server/target/classes:/home/runner/work/ratis/ratis/ratis-server-api/target/classes:/home/runner/work/ratis/ratis/ratis-metrics/target/classes:/home/runner/work/ratis/ratis/ratis-server/target/test-classes:/home/runner/work/ratis/ratis/ratis-netty/target/classes:/home/runner/work/ratis/ratis/ratis-netty/target/test-classes:/home/runner/work/ratis/ratis/ratis-grpc/target/classes:/home/runner/work/ratis/ratis/ratis-grpc/target/test-classes:/home/runner/.m2/repository/org/slf4j/slf4j-api/1.7.29/slf4j-api-1.7.29.jar:/home/runner/.m2/repository/org/slf4j/slf4j-log4j12/1.7.29/slf4j-log4j12-1.7.29.jar:/home/runner/.m2/repository/log4j/log4j/1.2.17/log4j-1.2.17.jar:/home/runner/.m2/repository/junit/junit/4.13.2/junit-4.13.2.jar:/home/runner/.m2/repository/org/hamcrest/hamcrest-core/1.3/hamcrest-core-1.3.jar:/home/runner/.m2/repository/org/mockito/mockito-core/4.3.1/mockito-core-4.3.1.jar:/home/runner/.m2/repository/net/bytebuddy/byte-buddy/1.12.7/byte-buddy-1.12.7.jar:/home/runner/.m2/repository/net/bytebuddy/byte-buddy-agent/1.12.7/byte-buddy-agent-1.12.7.jar:/home/runner/.m2/repository/org/objenesis/objenesis/3.2/objenesis-3.2.jar:/home/runner/work/ratis/ratis/ratis-shell/target/classes:/home/runner/.m2/repository/commons-cli/commons-cli/1.5.0/commons-cli-1.5.0.jar:/home/runner/.m2/repository/org/slf4j/slf4j-simple/1.7.29/slf4j-simple-1.7.29.jar:/home/runner/.m2/repository/org/reflections/reflections/0.10.2/reflections-0.10.2.jar:/home/runner/.m2/repository/org/javassist/javassist/3.28.0-GA/javassist-3.28.0-GA.jar:/home/runner/.m2/repository/com/google/code/findbugs/jsr305/3.0.2/jsr305-3.0.2.jar:"/>
    <property name="java.vm.vendor" value="Eclipse Adoptium"/>
    <property name="sun.arch.data.model" value="64"/>
    <property name="java.vendor.url" value="https://adoptium.net/"/>
    <property name="user.timezone" value=""/>
    <property name="java.vm.specification.version" value="11"/>
    <property name="os.name" value="Linux"/>
    <property name="sun.java.launcher" value="SUN_STANDARD"/>
    <property name="sun.boot.library.path" value="/usr/lib/jvm/temurin-11-jdk-amd64/lib"/>
    <property name="sun.java.command" value="/home/runner/work/ratis/ratis/ratis-test/target/surefire/surefirebooter15506850846028675023.jar /home/runner/work/ratis/ratis/ratis-test/target/surefire 2022-09-09T09-04-53_505-jvmRun1 surefire5399407265217017552tmp surefire_618095440066960027951tmp"/>
    <property name="jdk.debug" value="release"/>
    <property name="surefire.test.class.path" value="/home/runner/work/ratis/ratis/ratis-test/target/test-classes:/home/runner/work/ratis/ratis/ratis-test/target/classes:/home/runner/work/ratis/ratis/ratis-common/target/classes:/home/runner/.m2/repository/org/apache/ratis/ratis-thirdparty-misc/1.0.2/ratis-thirdparty-misc-1.0.2.jar:/home/runner/work/ratis/ratis/ratis-proto/target/ratis-proto-3.0.0-SNAPSHOT.jar:/home/runner/work/ratis/ratis/ratis-common/target/test-classes:/home/runner/work/ratis/ratis/ratis-client/target/classes:/home/runner/work/ratis/ratis/ratis-server/target/classes:/home/runner/work/ratis/ratis/ratis-server-api/target/classes:/home/runner/work/ratis/ratis/ratis-metrics/target/classes:/home/runner/work/ratis/ratis/ratis-server/target/test-classes:/home/runner/work/ratis/ratis/ratis-netty/target/classes:/home/runner/work/ratis/ratis/ratis-netty/target/test-classes:/home/runner/work/ratis/ratis/ratis-grpc/target/classes:/home/runner/work/ratis/ratis/ratis-grpc/target/test-classes:/home/runner/.m2/repository/org/slf4j/slf4j-api/1.7.29/slf4j-api-1.7.29.jar:/home/runner/.m2/repository/org/slf4j/slf4j-log4j12/1.7.29/slf4j-log4j12-1.7.29.jar:/home/runner/.m2/repository/log4j/log4j/1.2.17/log4j-1.2.17.jar:/home/runner/.m2/repository/junit/junit/4.13.2/junit-4.13.2.jar:/home/runner/.m2/repository/org/hamcrest/hamcrest-core/1.3/hamcrest-core-1.3.jar:/home/runner/.m2/repository/org/mockito/mockito-core/4.3.1/mockito-core-4.3.1.jar:/home/runner/.m2/repository/net/bytebuddy/byte-buddy/1.12.7/byte-buddy-1.12.7.jar:/home/runner/.m2/repository/net/bytebuddy/byte-buddy-agent/1.12.7/byte-buddy-agent-1.12.7.jar:/home/runner/.m2/repository/org/objenesis/objenesis/3.2/objenesis-3.2.jar:/home/runner/work/ratis/ratis/ratis-shell/target/classes:/home/runner/.m2/repository/commons-cli/commons-cli/1.5.0/commons-cli-1.5.0.jar:/home/runner/.m2/repository/org/slf4j/slf4j-simple/1.7.29/slf4j-simple-1.7.29.jar:/home/runner/.m2/repository/org/reflections/reflections/0.10.2/reflections-0.10.2.jar:/home/runner/.m2/repository/org/javassist/javassist/3.28.0-GA/javassist-3.28.0-GA.jar:/home/runner/.m2/repository/com/google/code/findbugs/jsr305/3.0.2/jsr305-3.0.2.jar:"/>
    <property name="sun.cpu.endian" value="little"/>
    <property name="user.home" value="/home/runner"/>
    <property name="user.language" value="en"/>
    <property name="java.specification.vendor" value="Oracle Corporation"/>
    <property name="java.version.date" value="2022-08-12"/>
    <property name="java.home" value="/usr/lib/jvm/temurin-11-jdk-amd64"/>
    <property name="file.separator" value="/"/>
    <property name="basedir" value="/home/runner/work/ratis/ratis/ratis-test"/>
    <property name="java.vm.compressedOopsMode" value="32-bit"/>
    <property name="line.separator" value="&#10;"/>
    <property name="java.specification.name" value="Java Platform API Specification"/>
    <property name="java.vm.specification.vendor" value="Oracle Corporation"/>
    <property name="java.awt.graphicsenv" value="sun.awt.X11GraphicsEnvironment"/>
    <property name="surefire.real.class.path" value="/home/runner/work/ratis/ratis/ratis-test/target/surefire/surefirebooter15506850846028675023.jar"/>
    <property name="sun.management.compiler" value="HotSpot 64-Bit Tiered Compilers"/>
    <property name="java.runtime.version" value="11.0.16.1+1"/>
    <property name="user.name" value="runner"/>
    <property name="java.net.preferIPv4Stack" value="true"/>
    <property name="path.separator" value=":"/>
    <property name="os.version" value="5.15.0-1019-azure"/>
    <property name="java.runtime.name" value="OpenJDK Runtime Environment"/>
    <property name="file.encoding" value="UTF-8"/>
    <property name="java.vm.name" value="OpenJDK 64-Bit Server VM"/>
    <property name="java.vendor.version" value="Temurin-11.0.16.1+1"/>
    <property name="localRepository" value="/home/runner/.m2/repository"/>
    <property name="java.vendor.url.bug" value="https://github.com/adoptium/adoptium-support/issues"/>
    <property name="java.io.tmpdir" value="/tmp"/>
    <property name="java.version" value="11.0.16.1"/>
    <property name="user.dir" value="/home/runner/work/ratis/ratis/ratis-test"/>
    <property name="os.arch" value="amd64"/>
    <property name="ratis.tmp.dir" value="/home/runner/work/ratis/ratis/ratis-test/target/tmp"/>
    <property name="java.vm.specification.name" value="Java Virtual Machine Specification"/>
    <property name="java.awt.printerjob" value="sun.print.PSPrinterJob"/>
    <property name="ratis.log.dir" value="/home/runner/work/ratis/ratis/ratis-test/target/log"/>
    <property name="sun.os.patch.level" value="unknown"/>
    <property name="java.library.path" value="/usr/java/packages/lib:/usr/lib64:/lib64:/lib:/usr/lib"/>
    <property name="java.vm.info" value="mixed mode"/>
    <property name="java.vendor" value="Eclipse Adoptium"/>
    <property name="java.vm.version" value="11.0.16.1+1"/>
    <property name="sun.io.unicode.encoding" value="UnicodeLittle"/>
    <property name="java.class.version" value="55.0"/>
  </properties>
  <testcase name="testRaftClientMetrics[0]" classname="org.apache.ratis.grpc.TestRaftServerWithGrpc" time="2.639">
    <failure type="java.lang.AssertionError">java.lang.AssertionError
	at org.junit.Assert.fail(Assert.java:87)
	at org.junit.Assert.assertTrue(Assert.java:42)
	at org.junit.Assert.assertTrue(Assert.java:53)
	at org.apache.ratis.grpc.TestRaftServerWithGrpc.testRaftClientRequestMetrics(TestRaftServerWithGrpc.java:310)
	at org.apache.ratis.server.impl.MiniRaftCluster$Factory$Get.runWithNewCluster(MiniRaftCluster.java:139)
	at org.apache.ratis.server.impl.MiniRaftCluster$Factory$Get.runWithNewCluster(MiniRaftCluster.java:119)
	at org.apache.ratis.grpc.TestRaftServerWithGrpc.testRaftClientMetrics(TestRaftServerWithGrpc.java:214)
	at java.base/jdk.internal.reflect.NativeMethodAccessorImpl.invoke0(Native Method)
	at java.base/jdk.internal.reflect.NativeMethodAccessorImpl.invoke(NativeMethodAccessorImpl.java:62)
	at java.base/jdk.internal.reflect.DelegatingMethodAccessorImpl.invoke(DelegatingMethodAccessorImpl.java:43)
	at java.base/java.lang.reflect.Method.invoke(Method.java:566)
	at org.junit.runners.model.FrameworkMethod$1.runReflectiveCall(FrameworkMethod.java:59)
	at org.junit.internal.runners.model.ReflectiveCallable.run(ReflectiveCallable.java:12)
	at org.junit.runners.model.FrameworkMethod.invokeExplosively(FrameworkMethod.java:56)
	at org.junit.internal.runners.statements.InvokeMethod.evaluate(InvokeMethod.java:17)
	at org.junit.internal.runners.statements.RunBefores.evaluate(RunBefores.java:26)
	at org.junit.internal.runners.statements.RunAfters.evaluate(RunAfters.java:27)
	at org.junit.internal.runners.statements.FailOnTimeout$CallableStatement.call(FailOnTimeout.java:299)
	at org.junit.internal.runners.statements.FailOnTimeout$CallableStatement.call(FailOnTimeout.java:293)
	at java.base/java.util.concurrent.FutureTask.run(FutureTask.java:264)
	at java.base/java.lang.Thread.run(Thread.java:829)
</failure>
    <system-out><![CDATA[2022-09-09 09:09:32,169 [main] INFO  util.LogUtils (Log4jUtils.java:setLogLevel(32)) - Set org.apache.ratis.conf.ConfUtils log level to WARN
2022-09-09 09:09:32,175 [main] INFO  util.LogUtils (Log4jUtils.java:setLogLevel(32)) - Set org.apache.ratis.util.FileUtils log level to TRACE
2022-09-09 09:09:32,184 [main] INFO  util.LogUtils (Log4jUtils.java:setLogLevel(32)) - Set org.apache.ratis.grpc.client.GrpcClientProtocolClient log level to ALL
2022-09-09 09:09:32,206 [Time-limited test] INFO  impl.MiniRaftCluster (MiniRaftCluster.java:runWithNewCluster(133)) - Running runWithNewCluster
2022-09-09 09:09:32,259 [Time-limited test] INFO  impl.MiniRaftCluster (MiniRaftCluster.java:<init>(304)) - new MiniRaftClusterWithGrpc with group-12E2BDAA93BD:[s0|rpc:localhost:39219|admin:localhost:43495|client:localhost:46459|dataStream:localhost:43469|priority:0|startupRole:FOLLOWER, s1|rpc:localhost:40809|admin:localhost:39215|client:localhost:45655|dataStream:localhost:34475|priority:0|startupRole:FOLLOWER, s2|rpc:localhost:42237|admin:localhost:40805|client:localhost:36207|dataStream:localhost:44357|priority:0|startupRole:FOLLOWER]
2022-09-09 09:09:32,260 [Time-limited test] INFO  impl.MiniRaftCluster (MiniRaftCluster.java:start(337)) - .............................................................. 
2022-09-09 09:09:32,261 [Time-limited test] INFO  impl.MiniRaftCluster (MiniRaftCluster.java:start(338)) - ... 
2022-09-09 09:09:32,261 [Time-limited test] INFO  impl.MiniRaftCluster (MiniRaftCluster.java:start(339)) - ...     Starting MiniRaftClusterWithGrpc
2022-09-09 09:09:32,262 [Time-limited test] INFO  impl.MiniRaftCluster (MiniRaftCluster.java:start(340)) - ... 
2022-09-09 09:09:32,262 [Time-limited test] INFO  impl.MiniRaftCluster (MiniRaftCluster.java:start(341)) - .............................................................. 
2022-09-09 09:09:32,263 [Time-limited test] INFO  impl.MiniRaftCluster (MiniRaftCluster.java:initServers(316)) - servers = {}
2022-09-09 09:09:32,267 [Time-limited test] INFO  impl.MiniRaftCluster (MiniRaftCluster.java:newRaftServer(380)) - newRaftServer: s0, group-12E2BDAA93BD:[s0|rpc:localhost:39219|admin:localhost:43495|client:localhost:46459|dataStream:localhost:43469|priority:0|startupRole:FOLLOWER, s1|rpc:localhost:40809|admin:localhost:39215|client:localhost:45655|dataStream:localhost:34475|priority:0|startupRole:FOLLOWER, s2|rpc:localhost:42237|admin:localhost:40805|client:localhost:36207|dataStream:localhost:44357|priority:0|startupRole:FOLLOWER], format? true
2022-09-09 09:09:32,269 [Time-limited test] TRACE util.FileUtils (FileUtils.java:deleteFully(168)) - deleteFully target/test/data/c7351e4a/MiniRaftClusterWithGrpc631d171c/s0
2022-09-09 09:09:32,270 [Time-limited test] TRACE util.FileUtils (FileUtils.java:deleteFully(184)) - deleteFully: target/test/data/c7351e4a/MiniRaftClusterWithGrpc631d171c/s0 does not exist.
2022-09-09 09:09:32,271 [Time-limited test] INFO  impl.MiniRaftCluster (MiniRaftCluster.java:newRaftServer(385)) - Formatted directory target/test/data/c7351e4a/MiniRaftClusterWithGrpc631d171c/s0
2022-09-09 09:09:32,317 [Time-limited test] INFO  server.RaftServer (ConfUtils.java:logGet(46)) - raft.rpc.type = GRPC (default)
2022-09-09 09:09:32,391 [Time-limited test] INFO  grpc.GrpcConfigKeys (ConfUtils.java:logFallback(53)) - raft.grpc.admin.host = null (fallback to raft.grpc.server.host)
2022-09-09 09:09:32,394 [Time-limited test] INFO  grpc.GrpcConfigKeys (ConfUtils.java:logGet(46)) - raft.grpc.admin.port = 43495 (custom)
2022-09-09 09:09:32,394 [Time-limited test] INFO  grpc.GrpcConfigKeys (ConfUtils.java:logFallback(53)) - raft.grpc.client.host = null (fallback to raft.grpc.server.host)
2022-09-09 09:09:32,395 [Time-limited test] INFO  grpc.GrpcConfigKeys (ConfUtils.java:logGet(46)) - raft.grpc.client.port = 46459 (custom)
2022-09-09 09:09:32,395 [Time-limited test] INFO  grpc.GrpcConfigKeys (ConfUtils.java:logGet(46)) - raft.grpc.server.host = null (default)
2022-09-09 09:09:32,395 [Time-limited test] INFO  grpc.GrpcConfigKeys (ConfUtils.java:logGet(46)) - raft.grpc.server.port = 39219 (custom)
2022-09-09 09:09:32,396 [Time-limited test] INFO  server.GrpcService (ConfUtils.java:logGet(46)) - raft.grpc.message.size.max = 64MB (=67108864) (default)
2022-09-09 09:09:32,399 [Time-limited test] INFO  server.RaftServerConfigKeys (ConfUtils.java:logGet(46)) - raft.server.log.appender.buffer.byte-limit = 4MB (=4194304) (default)
2022-09-09 09:09:32,400 [Time-limited test] INFO  server.GrpcService (ConfUtils.java:logGet(46)) - raft.grpc.flow.control.window = 1MB (=1048576) (default)
2022-09-09 09:09:32,401 [Time-limited test] INFO  server.RaftServerConfigKeys (ConfUtils.java:logGet(46)) - raft.server.rpc.request.timeout = 3000ms (default)
2022-09-09 09:09:32,418 [Time-limited test] INFO  grpc.GrpcConfigKeys (ConfUtils.java:logGet(46)) - raft.grpc.server.heartbeat.channel = false (custom)
2022-09-09 09:09:32,423 [Time-limited test] INFO  grpc.GrpcConfigKeys (ConfUtils.java:logGet(46)) - raft.grpc.server.async.request.thread.pool.cached = true (default)
2022-09-09 09:09:32,427 [Time-limited test] INFO  grpc.GrpcConfigKeys (ConfUtils.java:logGet(46)) - raft.grpc.server.async.request.thread.pool.size = 32 (default)
2022-09-09 09:09:32,665 [Time-limited test] INFO  impl.DataStreamServerImpl (ConfUtils.java:logGet(46)) - raft.datastream.type = DISABLED (default)
2022-09-09 09:09:32,667 [Time-limited test] INFO  server.RaftServerConfigKeys (ConfUtils.java:logGet(46)) - raft.server.threadpool.proxy.cached = true (default)
2022-09-09 09:09:32,668 [Time-limited test] INFO  server.RaftServerConfigKeys (ConfUtils.java:logGet(46)) - raft.server.threadpool.proxy.size = 0 (default)
2022-09-09 09:09:32,668 [Time-limited test] INFO  server.RaftServerConfigKeys (ConfUtils.java:logGet(46)) - raft.server.rpc.slowness.timeout = 60s (default)
2022-09-09 09:09:32,669 [Time-limited test] INFO  server.RaftServerConfigKeys (ConfUtils.java:logGet(46)) - raft.server.leaderelection.leader.step-down.wait-time = 10s (default)
2022-09-09 09:09:32,672 [Time-limited test] INFO  server.RaftServerConfigKeys (ConfUtils.java:logGet(46)) - raft.server.storage.dir = [/home/runner/work/ratis/ratis/ratis-test/target/test/data/c7351e4a/MiniRaftClusterWithGrpc631d171c/s0] (custom)
2022-09-09 09:09:32,680 [Time-limited test] INFO  server.RaftServer (RaftServerProxy.java:addNew(97)) - s0: addNew group-12E2BDAA93BD:[s0|rpc:localhost:39219|admin:localhost:43495|client:localhost:46459|dataStream:localhost:43469|priority:0|startupRole:FOLLOWER, s1|rpc:localhost:40809|admin:localhost:39215|client:localhost:45655|dataStream:localhost:34475|priority:0|startupRole:FOLLOWER, s2|rpc:localhost:42237|admin:localhost:40805|client:localhost:36207|dataStream:localhost:44357|priority:0|startupRole:FOLLOWER] returns group-12E2BDAA93BD:java.util.concurrent.CompletableFuture@354269a8[Not completed]
2022-09-09 09:09:32,680 [Time-limited test] INFO  impl.MiniRaftCluster (MiniRaftCluster.java:newRaftServer(380)) - newRaftServer: s1, group-12E2BDAA93BD:[s0|rpc:localhost:39219|admin:localhost:43495|client:localhost:46459|dataStream:localhost:43469|priority:0|startupRole:FOLLOWER, s1|rpc:localhost:40809|admin:localhost:39215|client:localhost:45655|dataStream:localhost:34475|priority:0|startupRole:FOLLOWER, s2|rpc:localhost:42237|admin:localhost:40805|client:localhost:36207|dataStream:localhost:44357|priority:0|startupRole:FOLLOWER], format? true
2022-09-09 09:09:32,681 [Time-limited test] TRACE util.FileUtils (FileUtils.java:deleteFully(168)) - deleteFully target/test/data/c7351e4a/MiniRaftClusterWithGrpc631d171c/s1
2022-09-09 09:09:32,681 [Time-limited test] TRACE util.FileUtils (FileUtils.java:deleteFully(184)) - deleteFully: target/test/data/c7351e4a/MiniRaftClusterWithGrpc631d171c/s1 does not exist.
2022-09-09 09:09:32,681 [Time-limited test] INFO  impl.MiniRaftCluster (MiniRaftCluster.java:newRaftServer(385)) - Formatted directory target/test/data/c7351e4a/MiniRaftClusterWithGrpc631d171c/s1
2022-09-09 09:09:32,682 [Time-limited test] INFO  server.RaftServer (ConfUtils.java:logGet(46)) - raft.rpc.type = GRPC (default)
2022-09-09 09:09:32,683 [Time-limited test] INFO  grpc.GrpcConfigKeys (ConfUtils.java:logFallback(53)) - raft.grpc.admin.host = null (fallback to raft.grpc.server.host)
2022-09-09 09:09:32,683 [Time-limited test] INFO  grpc.GrpcConfigKeys (ConfUtils.java:logGet(46)) - raft.grpc.admin.port = 39215 (custom)
2022-09-09 09:09:32,683 [Time-limited test] INFO  grpc.GrpcConfigKeys (ConfUtils.java:logFallback(53)) - raft.grpc.client.host = null (fallback to raft.grpc.server.host)
2022-09-09 09:09:32,685 [Time-limited test] INFO  grpc.GrpcConfigKeys (ConfUtils.java:logGet(46)) - raft.grpc.client.port = 45655 (custom)
2022-09-09 09:09:32,685 [Time-limited test] INFO  grpc.GrpcConfigKeys (ConfUtils.java:logGet(46)) - raft.grpc.server.host = null (default)
2022-09-09 09:09:32,686 [Time-limited test] INFO  grpc.GrpcConfigKeys (ConfUtils.java:logGet(46)) - raft.grpc.server.port = 40809 (custom)
2022-09-09 09:09:32,687 [Time-limited test] INFO  server.GrpcService (ConfUtils.java:logGet(46)) - raft.grpc.message.size.max = 64MB (=67108864) (default)
2022-09-09 09:09:32,687 [Time-limited test] INFO  server.RaftServerConfigKeys (ConfUtils.java:logGet(46)) - raft.server.log.appender.buffer.byte-limit = 4MB (=4194304) (default)
2022-09-09 09:09:32,688 [Time-limited test] INFO  server.GrpcService (ConfUtils.java:logGet(46)) - raft.grpc.flow.control.window = 1MB (=1048576) (default)
2022-09-09 09:09:32,689 [Time-limited test] INFO  server.RaftServerConfigKeys (ConfUtils.java:logGet(46)) - raft.server.rpc.request.timeout = 3000ms (default)
2022-09-09 09:09:32,690 [Time-limited test] INFO  grpc.GrpcConfigKeys (ConfUtils.java:logGet(46)) - raft.grpc.server.heartbeat.channel = false (custom)
2022-09-09 09:09:32,691 [Time-limited test] INFO  grpc.GrpcConfigKeys (ConfUtils.java:logGet(46)) - raft.grpc.server.async.request.thread.pool.cached = true (default)
2022-09-09 09:09:32,692 [Time-limited test] INFO  grpc.GrpcConfigKeys (ConfUtils.java:logGet(46)) - raft.grpc.server.async.request.thread.pool.size = 32 (default)
2022-09-09 09:09:32,699 [Time-limited test] INFO  impl.DataStreamServerImpl (ConfUtils.java:logGet(46)) - raft.datastream.type = DISABLED (default)
2022-09-09 09:09:32,704 [Time-limited test] INFO  server.RaftServerConfigKeys (ConfUtils.java:logGet(46)) - raft.server.threadpool.proxy.cached = true (default)
2022-09-09 09:09:32,704 [Time-limited test] INFO  server.RaftServerConfigKeys (ConfUtils.java:logGet(46)) - raft.server.threadpool.proxy.size = 0 (default)
2022-09-09 09:09:32,705 [Time-limited test] INFO  server.RaftServerConfigKeys (ConfUtils.java:logGet(46)) - raft.server.rpc.slowness.timeout = 60s (default)
2022-09-09 09:09:32,705 [Time-limited test] INFO  server.RaftServerConfigKeys (ConfUtils.java:logGet(46)) - raft.server.leaderelection.leader.step-down.wait-time = 10s (default)
2022-09-09 09:09:32,706 [Time-limited test] INFO  server.RaftServerConfigKeys (ConfUtils.java:logGet(46)) - raft.server.storage.dir = [/home/runner/work/ratis/ratis/ratis-test/target/test/data/c7351e4a/MiniRaftClusterWithGrpc631d171c/s1] (custom)
2022-09-09 09:09:32,712 [Time-limited test] INFO  server.RaftServer (RaftServerProxy.java:addNew(97)) - s1: addNew group-12E2BDAA93BD:[s0|rpc:localhost:39219|admin:localhost:43495|client:localhost:46459|dataStream:localhost:43469|priority:0|startupRole:FOLLOWER, s1|rpc:localhost:40809|admin:localhost:39215|client:localhost:45655|dataStream:localhost:34475|priority:0|startupRole:FOLLOWER, s2|rpc:localhost:42237|admin:localhost:40805|client:localhost:36207|dataStream:localhost:44357|priority:0|startupRole:FOLLOWER] returns group-12E2BDAA93BD:java.util.concurrent.CompletableFuture@7817a2c5[Not completed]
2022-09-09 09:09:32,713 [Time-limited test] INFO  impl.MiniRaftCluster (MiniRaftCluster.java:newRaftServer(380)) - newRaftServer: s2, group-12E2BDAA93BD:[s0|rpc:localhost:39219|admin:localhost:43495|client:localhost:46459|dataStream:localhost:43469|priority:0|startupRole:FOLLOWER, s1|rpc:localhost:40809|admin:localhost:39215|client:localhost:45655|dataStream:localhost:34475|priority:0|startupRole:FOLLOWER, s2|rpc:localhost:42237|admin:localhost:40805|client:localhost:36207|dataStream:localhost:44357|priority:0|startupRole:FOLLOWER], format? true
2022-09-09 09:09:32,713 [Time-limited test] TRACE util.FileUtils (FileUtils.java:deleteFully(168)) - deleteFully target/test/data/c7351e4a/MiniRaftClusterWithGrpc631d171c/s2
2022-09-09 09:09:32,713 [Time-limited test] TRACE util.FileUtils (FileUtils.java:deleteFully(184)) - deleteFully: target/test/data/c7351e4a/MiniRaftClusterWithGrpc631d171c/s2 does not exist.
2022-09-09 09:09:32,713 [Time-limited test] INFO  impl.MiniRaftCluster (MiniRaftCluster.java:newRaftServer(385)) - Formatted directory target/test/data/c7351e4a/MiniRaftClusterWithGrpc631d171c/s2
2022-09-09 09:09:32,714 [Time-limited test] INFO  server.RaftServer (ConfUtils.java:logGet(46)) - raft.rpc.type = GRPC (default)
2022-09-09 09:09:32,714 [Time-limited test] INFO  grpc.GrpcConfigKeys (ConfUtils.java:logFallback(53)) - raft.grpc.admin.host = null (fallback to raft.grpc.server.host)
2022-09-09 09:09:32,714 [Time-limited test] INFO  grpc.GrpcConfigKeys (ConfUtils.java:logGet(46)) - raft.grpc.admin.port = 40805 (custom)
2022-09-09 09:09:32,714 [Time-limited test] INFO  grpc.GrpcConfigKeys (ConfUtils.java:logFallback(53)) - raft.grpc.client.host = null (fallback to raft.grpc.server.host)
2022-09-09 09:09:32,714 [Time-limited test] INFO  grpc.GrpcConfigKeys (ConfUtils.java:logGet(46)) - raft.grpc.client.port = 36207 (custom)
2022-09-09 09:09:32,715 [Time-limited test] INFO  grpc.GrpcConfigKeys (ConfUtils.java:logGet(46)) - raft.grpc.server.host = null (default)
2022-09-09 09:09:32,715 [Time-limited test] INFO  grpc.GrpcConfigKeys (ConfUtils.java:logGet(46)) - raft.grpc.server.port = 42237 (custom)
2022-09-09 09:09:32,718 [Time-limited test] INFO  server.GrpcService (ConfUtils.java:logGet(46)) - raft.grpc.message.size.max = 64MB (=67108864) (default)
2022-09-09 09:09:32,718 [Time-limited test] INFO  server.RaftServerConfigKeys (ConfUtils.java:logGet(46)) - raft.server.log.appender.buffer.byte-limit = 4MB (=4194304) (default)
2022-09-09 09:09:32,719 [Time-limited test] INFO  server.GrpcService (ConfUtils.java:logGet(46)) - raft.grpc.flow.control.window = 1MB (=1048576) (default)
2022-09-09 09:09:32,719 [Time-limited test] INFO  server.RaftServerConfigKeys (ConfUtils.java:logGet(46)) - raft.server.rpc.request.timeout = 3000ms (default)
2022-09-09 09:09:32,719 [Time-limited test] INFO  grpc.GrpcConfigKeys (ConfUtils.java:logGet(46)) - raft.grpc.server.heartbeat.channel = false (custom)
2022-09-09 09:09:32,721 [Time-limited test] INFO  grpc.GrpcConfigKeys (ConfUtils.java:logGet(46)) - raft.grpc.server.async.request.thread.pool.cached = true (default)
2022-09-09 09:09:32,721 [Time-limited test] INFO  grpc.GrpcConfigKeys (ConfUtils.java:logGet(46)) - raft.grpc.server.async.request.thread.pool.size = 32 (default)
2022-09-09 09:09:32,723 [Time-limited test] INFO  impl.DataStreamServerImpl (ConfUtils.java:logGet(46)) - raft.datastream.type = DISABLED (default)
2022-09-09 09:09:32,723 [Time-limited test] INFO  server.RaftServerConfigKeys (ConfUtils.java:logGet(46)) - raft.server.threadpool.proxy.cached = true (default)
2022-09-09 09:09:32,723 [Time-limited test] INFO  server.RaftServerConfigKeys (ConfUtils.java:logGet(46)) - raft.server.threadpool.proxy.size = 0 (default)
2022-09-09 09:09:32,724 [Time-limited test] INFO  server.RaftServerConfigKeys (ConfUtils.java:logGet(46)) - raft.server.rpc.slowness.timeout = 60s (default)
2022-09-09 09:09:32,724 [Time-limited test] INFO  server.RaftServerConfigKeys (ConfUtils.java:logGet(46)) - raft.server.leaderelection.leader.step-down.wait-time = 10s (default)
2022-09-09 09:09:32,724 [Time-limited test] INFO  server.RaftServerConfigKeys (ConfUtils.java:logGet(46)) - raft.server.storage.dir = [/home/runner/work/ratis/ratis/ratis-test/target/test/data/c7351e4a/MiniRaftClusterWithGrpc631d171c/s2] (custom)
2022-09-09 09:09:32,726 [pool-2-thread-1] INFO  server.RaftServerConfigKeys (ConfUtils.java:logGet(46)) - raft.server.log.segment.size.max = 8MB (=8388608) (default)
2022-09-09 09:09:32,726 [pool-2-thread-1] INFO  server.RaftServerConfigKeys (ConfUtils.java:logGet(46)) - raft.server.log.preallocated.size = 4MB (=4194304) (default)
2022-09-09 09:09:32,727 [pool-2-thread-1] INFO  server.RaftServerConfigKeys (ConfUtils.java:logGet(46)) - raft.server.log.write.buffer.size = 64KB (=65536) (default)
2022-09-09 09:09:32,727 [pool-1-thread-1] INFO  server.RaftServerConfigKeys (ConfUtils.java:logGet(46)) - raft.server.log.segment.size.max = 8MB (=8388608) (default)
2022-09-09 09:09:32,728 [pool-1-thread-1] INFO  server.RaftServerConfigKeys (ConfUtils.java:logGet(46)) - raft.server.log.preallocated.size = 4MB (=4194304) (default)
2022-09-09 09:09:32,728 [pool-1-thread-1] INFO  server.RaftServerConfigKeys (ConfUtils.java:logGet(46)) - raft.server.log.write.buffer.size = 64KB (=65536) (default)
2022-09-09 09:09:32,728 [Time-limited test] INFO  server.RaftServer (RaftServerProxy.java:addNew(97)) - s2: addNew group-12E2BDAA93BD:[s0|rpc:localhost:39219|admin:localhost:43495|client:localhost:46459|dataStream:localhost:43469|priority:0|startupRole:FOLLOWER, s1|rpc:localhost:40809|admin:localhost:39215|client:localhost:45655|dataStream:localhost:34475|priority:0|startupRole:FOLLOWER, s2|rpc:localhost:42237|admin:localhost:40805|client:localhost:36207|dataStream:localhost:44357|priority:0|startupRole:FOLLOWER] returns group-12E2BDAA93BD:java.util.concurrent.CompletableFuture@785d175a[Not completed]
2022-09-09 09:09:32,731 [pool-3-thread-1] INFO  server.RaftServerConfigKeys (ConfUtils.java:logGet(46)) - raft.server.log.segment.size.max = 8MB (=8388608) (default)
2022-09-09 09:09:32,732 [pool-3-thread-1] INFO  server.RaftServerConfigKeys (ConfUtils.java:logGet(46)) - raft.server.log.preallocated.size = 4MB (=4194304) (default)
2022-09-09 09:09:32,732 [pool-3-thread-1] INFO  server.RaftServerConfigKeys (ConfUtils.java:logGet(46)) - raft.server.log.write.buffer.size = 64KB (=65536) (default)
2022-09-09 09:09:32,732 [pool-2-thread-1] INFO  server.RaftServer$Division (RaftServerImpl.java:<init>(196)) - s1: new RaftServerImpl for group-12E2BDAA93BD:[s0|rpc:localhost:39219|admin:localhost:43495|client:localhost:46459|dataStream:localhost:43469|priority:0|startupRole:FOLLOWER, s1|rpc:localhost:40809|admin:localhost:39215|client:localhost:45655|dataStream:localhost:34475|priority:0|startupRole:FOLLOWER, s2|rpc:localhost:42237|admin:localhost:40805|client:localhost:36207|dataStream:localhost:44357|priority:0|startupRole:FOLLOWER] with SimpleStateMachine4Testing:uninitialized
2022-09-09 09:09:32,736 [pool-3-thread-1] INFO  server.RaftServer$Division (RaftServerImpl.java:<init>(196)) - s2: new RaftServerImpl for group-12E2BDAA93BD:[s0|rpc:localhost:39219|admin:localhost:43495|client:localhost:46459|dataStream:localhost:43469|priority:0|startupRole:FOLLOWER, s1|rpc:localhost:40809|admin:localhost:39215|client:localhost:45655|dataStream:localhost:34475|priority:0|startupRole:FOLLOWER, s2|rpc:localhost:42237|admin:localhost:40805|client:localhost:36207|dataStream:localhost:44357|priority:0|startupRole:FOLLOWER] with SimpleStateMachine4Testing:uninitialized
2022-09-09 09:09:32,732 [pool-1-thread-1] INFO  server.RaftServer$Division (RaftServerImpl.java:<init>(196)) - s0: new RaftServerImpl for group-12E2BDAA93BD:[s0|rpc:localhost:39219|admin:localhost:43495|client:localhost:46459|dataStream:localhost:43469|priority:0|startupRole:FOLLOWER, s1|rpc:localhost:40809|admin:localhost:39215|client:localhost:45655|dataStream:localhost:34475|priority:0|startupRole:FOLLOWER, s2|rpc:localhost:42237|admin:localhost:40805|client:localhost:36207|dataStream:localhost:44357|priority:0|startupRole:FOLLOWER] with SimpleStateMachine4Testing:uninitialized
2022-09-09 09:09:32,739 [pool-1-thread-1] INFO  server.RaftServerConfigKeys (ConfUtils.java:logGet(46)) - raft.server.rpc.timeout.min = 150ms (default)
2022-09-09 09:09:32,739 [pool-1-thread-1] INFO  server.RaftServerConfigKeys (ConfUtils.java:logGet(46)) - raft.server.rpc.timeout.max = 300ms (default)
2022-09-09 09:09:32,739 [pool-1-thread-1] INFO  server.RaftServerConfigKeys (ConfUtils.java:logGet(46)) - raft.server.rpc.sleep.time = 25ms (default)
2022-09-09 09:09:32,739 [pool-1-thread-1] INFO  server.RaftServerConfigKeys (ConfUtils.java:logGet(46)) - raft.server.rpc.slowness.timeout = 60s (default)
2022-09-09 09:09:32,740 [pool-1-thread-1] INFO  server.RaftServerConfigKeys (ConfUtils.java:logGet(46)) - raft.server.leaderelection.leader.step-down.wait-time = 10s (default)
2022-09-09 09:09:32,740 [pool-1-thread-1] INFO  server.RaftServerConfigKeys (ConfUtils.java:logGet(46)) - raft.server.sleep.deviation.threshold = 300ms (default)
2022-09-09 09:09:32,746 [pool-3-thread-1] INFO  server.RaftServerConfigKeys (ConfUtils.java:logGet(46)) - raft.server.rpc.timeout.min = 150ms (default)
2022-09-09 09:09:32,746 [pool-3-thread-1] INFO  server.RaftServerConfigKeys (ConfUtils.java:logGet(46)) - raft.server.rpc.timeout.max = 300ms (default)
2022-09-09 09:09:32,746 [pool-3-thread-1] INFO  server.RaftServerConfigKeys (ConfUtils.java:logGet(46)) - raft.server.rpc.sleep.time = 25ms (default)
2022-09-09 09:09:32,747 [pool-3-thread-1] INFO  server.RaftServerConfigKeys (ConfUtils.java:logGet(46)) - raft.server.rpc.slowness.timeout = 60s (default)
2022-09-09 09:09:32,747 [pool-3-thread-1] INFO  server.RaftServerConfigKeys (ConfUtils.java:logGet(46)) - raft.server.leaderelection.leader.step-down.wait-time = 10s (default)
2022-09-09 09:09:32,747 [pool-3-thread-1] INFO  server.RaftServerConfigKeys (ConfUtils.java:logGet(46)) - raft.server.sleep.deviation.threshold = 300ms (default)
2022-09-09 09:09:32,746 [pool-2-thread-1] INFO  server.RaftServerConfigKeys (ConfUtils.java:logGet(46)) - raft.server.rpc.timeout.min = 150ms (default)
2022-09-09 09:09:32,747 [pool-2-thread-1] INFO  server.RaftServerConfigKeys (ConfUtils.java:logGet(46)) - raft.server.rpc.timeout.max = 300ms (default)
2022-09-09 09:09:32,748 [pool-2-thread-1] INFO  server.RaftServerConfigKeys (ConfUtils.java:logGet(46)) - raft.server.rpc.sleep.time = 25ms (default)
2022-09-09 09:09:32,748 [pool-2-thread-1] INFO  server.RaftServerConfigKeys (ConfUtils.java:logGet(46)) - raft.server.rpc.slowness.timeout = 60s (default)
2022-09-09 09:09:32,748 [pool-2-thread-1] INFO  server.RaftServerConfigKeys (ConfUtils.java:logGet(46)) - raft.server.leaderelection.leader.step-down.wait-time = 10s (default)
2022-09-09 09:09:32,748 [pool-2-thread-1] INFO  server.RaftServerConfigKeys (ConfUtils.java:logGet(46)) - raft.server.sleep.deviation.threshold = 300ms (default)
2022-09-09 09:09:32,751 [pool-2-thread-1] INFO  server.RaftServer$Division (ServerState.java:<init>(113)) - s1@group-12E2BDAA93BD: ConfigurationManager, init=-1: peers:[s0|rpc:localhost:39219|admin:localhost:43495|client:localhost:46459|dataStream:localhost:43469|priority:0|startupRole:FOLLOWER, s1|rpc:localhost:40809|admin:localhost:39215|client:localhost:45655|dataStream:localhost:34475|priority:0|startupRole:FOLLOWER, s2|rpc:localhost:42237|admin:localhost:40805|client:localhost:36207|dataStream:localhost:44357|priority:0|startupRole:FOLLOWER]|listeners:[], old=null, confs=<EMPTY_MAP>
2022-09-09 09:09:32,751 [pool-3-thread-1] INFO  server.RaftServer$Division (ServerState.java:<init>(113)) - s2@group-12E2BDAA93BD: ConfigurationManager, init=-1: peers:[s0|rpc:localhost:39219|admin:localhost:43495|client:localhost:46459|dataStream:localhost:43469|priority:0|startupRole:FOLLOWER, s1|rpc:localhost:40809|admin:localhost:39215|client:localhost:45655|dataStream:localhost:34475|priority:0|startupRole:FOLLOWER, s2|rpc:localhost:42237|admin:localhost:40805|client:localhost:36207|dataStream:localhost:44357|priority:0|startupRole:FOLLOWER]|listeners:[], old=null, confs=<EMPTY_MAP>
2022-09-09 09:09:32,763 [pool-2-thread-1] INFO  server.RaftServerConfigKeys (ConfUtils.java:logGet(46)) - raft.server.notification.no-leader.timeout = 60s (default)
2022-09-09 09:09:32,767 [pool-3-thread-1] INFO  server.RaftServerConfigKeys (ConfUtils.java:logGet(46)) - raft.server.notification.no-leader.timeout = 60s (default)
2022-09-09 09:09:32,767 [pool-1-thread-1] INFO  server.RaftServer$Division (ServerState.java:<init>(113)) - s0@group-12E2BDAA93BD: ConfigurationManager, init=-1: peers:[s0|rpc:localhost:39219|admin:localhost:43495|client:localhost:46459|dataStream:localhost:43469|priority:0|startupRole:FOLLOWER, s1|rpc:localhost:40809|admin:localhost:39215|client:localhost:45655|dataStream:localhost:34475|priority:0|startupRole:FOLLOWER, s2|rpc:localhost:42237|admin:localhost:40805|client:localhost:36207|dataStream:localhost:44357|priority:0|startupRole:FOLLOWER]|listeners:[], old=null, confs=<EMPTY_MAP>
2022-09-09 09:09:32,770 [pool-1-thread-1] INFO  server.RaftServerConfigKeys (ConfUtils.java:logGet(46)) - raft.server.notification.no-leader.timeout = 60s (default)
2022-09-09 09:09:32,772 [pool-2-thread-1] INFO  server.RaftServerConfigKeys (ConfUtils.java:logGet(46)) - raft.server.read.timeout = 10s (default)
2022-09-09 09:09:32,773 [pool-3-thread-1] INFO  server.RaftServerConfigKeys (ConfUtils.java:logGet(46)) - raft.server.read.timeout = 10s (default)
2022-09-09 09:09:32,773 [pool-1-thread-1] INFO  server.RaftServerConfigKeys (ConfUtils.java:logGet(46)) - raft.server.read.timeout = 10s (default)
2022-09-09 09:09:32,789 [pool-1-thread-1] INFO  server.RaftServerConfigKeys (ConfUtils.java:logGet(46)) - raft.server.retrycache.expirytime = 60s (default)
2022-09-09 09:09:32,789 [pool-1-thread-1] INFO  server.RaftServerConfigKeys (ConfUtils.java:logGet(46)) - raft.server.retrycache.statistics.expirytime = 100μs (default)
2022-09-09 09:09:32,788 [pool-3-thread-1] INFO  server.RaftServerConfigKeys (ConfUtils.java:logGet(46)) - raft.server.retrycache.expirytime = 60s (default)
2022-09-09 09:09:32,793 [pool-3-thread-1] INFO  server.RaftServerConfigKeys (ConfUtils.java:logGet(46)) - raft.server.retrycache.statistics.expirytime = 100μs (default)
2022-09-09 09:09:32,785 [pool-2-thread-1] INFO  server.RaftServerConfigKeys (ConfUtils.java:logGet(46)) - raft.server.retrycache.expirytime = 60s (default)
2022-09-09 09:09:32,793 [pool-2-thread-1] INFO  server.RaftServerConfigKeys (ConfUtils.java:logGet(46)) - raft.server.retrycache.statistics.expirytime = 100μs (default)
2022-09-09 09:09:32,811 [pool-3-thread-1] INFO  server.RaftServerConfigKeys (ConfUtils.java:logGet(46)) - .option = DEFAULT (default)
2022-09-09 09:09:32,811 [pool-1-thread-1] INFO  server.RaftServerConfigKeys (ConfUtils.java:logGet(46)) - .option = DEFAULT (default)
2022-09-09 09:09:32,811 [pool-2-thread-1] INFO  server.RaftServerConfigKeys (ConfUtils.java:logGet(46)) - .option = DEFAULT (default)
2022-09-09 09:09:32,819 [pool-2-thread-1] INFO  metrics.MetricRegistries (MetricRegistriesLoader.java:load(64)) - Loaded MetricRegistries class org.apache.ratis.metrics.impl.MetricRegistriesImpl
2022-09-09 09:09:32,976 [pool-3-thread-1] INFO  server.RaftServerConfigKeys (ConfUtils.java:logGet(46)) - raft.server.log.appender.install.snapshot.enabled = true (default)
2022-09-09 09:09:32,976 [pool-3-thread-1] INFO  server.RaftServerConfigKeys (ConfUtils.java:logGet(46)) - raft.server.threadpool.server.cached = true (default)
2022-09-09 09:09:32,977 [pool-3-thread-1] INFO  server.RaftServerConfigKeys (ConfUtils.java:logGet(46)) - raft.server.threadpool.server.size = 0 (default)
2022-09-09 09:09:32,977 [pool-3-thread-1] INFO  server.RaftServerConfigKeys (ConfUtils.java:logGet(46)) - raft.server.threadpool.client.cached = true (default)
2022-09-09 09:09:32,978 [pool-3-thread-1] INFO  server.RaftServerConfigKeys (ConfUtils.java:logGet(46)) - raft.server.threadpool.client.size = 0 (default)
2022-09-09 09:09:32,978 [pool-2-thread-1] INFO  server.RaftServerConfigKeys (ConfUtils.java:logGet(46)) - raft.server.log.appender.install.snapshot.enabled = true (default)
2022-09-09 09:09:32,978 [pool-2-thread-1] INFO  server.RaftServerConfigKeys (ConfUtils.java:logGet(46)) - raft.server.threadpool.server.cached = true (default)
2022-09-09 09:09:32,978 [pool-2-thread-1] INFO  server.RaftServerConfigKeys (ConfUtils.java:logGet(46)) - raft.server.threadpool.server.size = 0 (default)
2022-09-09 09:09:32,979 [pool-2-thread-1] INFO  server.RaftServerConfigKeys (ConfUtils.java:logGet(46)) - raft.server.threadpool.client.cached = true (default)
2022-09-09 09:09:32,979 [pool-2-thread-1] INFO  server.RaftServerConfigKeys (ConfUtils.java:logGet(46)) - raft.server.threadpool.client.size = 0 (default)
2022-09-09 09:09:32,979 [pool-1-thread-1] INFO  server.RaftServerConfigKeys (ConfUtils.java:logGet(46)) - raft.server.log.appender.install.snapshot.enabled = true (default)
2022-09-09 09:09:32,979 [pool-1-thread-1] INFO  server.RaftServerConfigKeys (ConfUtils.java:logGet(46)) - raft.server.threadpool.server.cached = true (default)
2022-09-09 09:09:32,979 [pool-1-thread-1] INFO  server.RaftServerConfigKeys (ConfUtils.java:logGet(46)) - raft.server.threadpool.server.size = 0 (default)
2022-09-09 09:09:32,979 [pool-1-thread-1] INFO  server.RaftServerConfigKeys (ConfUtils.java:logGet(46)) - raft.server.threadpool.client.cached = true (default)
2022-09-09 09:09:32,980 [pool-1-thread-1] INFO  server.RaftServerConfigKeys (ConfUtils.java:logGet(46)) - raft.server.threadpool.client.size = 0 (default)
2022-09-09 09:09:32,981 [s0-impl-thread1] INFO  server.RaftServerConfigKeys (ConfUtils.java:logGet(46)) - raft.server.storage.free-space.min = 0MB (=0) (default)
2022-09-09 09:09:32,982 [s0-impl-thread1] INFO  server.RaftServerConfigKeys (ConfUtils.java:logGet(46)) - raft.server.log.corruption.policy = EXCEPTION (default)
2022-09-09 09:09:32,982 [s0-impl-thread1] INFO  server.RaftServerConfigKeys (ConfUtils.java:logGet(46)) - raft.server.storage.dir = [/home/runner/work/ratis/ratis/ratis-test/target/test/data/c7351e4a/MiniRaftClusterWithGrpc631d171c/s0] (custom)
2022-09-09 09:09:32,991 [s0-impl-thread1] INFO  storage.RaftStorageDirectory (RaftStorageDirectoryImpl.java:analyzeStorage(138)) - The storage directory /home/runner/work/ratis/ratis/ratis-test/target/test/data/c7351e4a/MiniRaftClusterWithGrpc631d171c/s0/bfdf6a81-94c2-4d7f-ad33-12e2bdaa93bd does not exist. Creating ...
2022-09-09 09:09:32,993 [s0-impl-thread1] TRACE util.FileUtils (LogUtils.java:runAndLog(49)) - Successfully ran Files.createDirectories /home/runner/work/ratis/ratis/ratis-test/target/test/data/c7351e4a/MiniRaftClusterWithGrpc631d171c/s0/bfdf6a81-94c2-4d7f-ad33-12e2bdaa93bd
2022-09-09 09:09:32,997 [s0-impl-thread1] INFO  storage.RaftStorageDirectory (RaftStorageDirectoryImpl.java:tryLock(232)) - Lock on /home/runner/work/ratis/ratis/ratis-test/target/test/data/c7351e4a/MiniRaftClusterWithGrpc631d171c/s0/bfdf6a81-94c2-4d7f-ad33-12e2bdaa93bd/in_use.lock acquired by nodename 9824@fv-az380-135
2022-09-09 09:09:32,997 [s0-impl-thread1] TRACE util.FileUtils (LogUtils.java:runAndLog(49)) - Successfully ran Files.createDirectories /home/runner/work/ratis/ratis/ratis-test/target/test/data/c7351e4a/MiniRaftClusterWithGrpc631d171c/s0/bfdf6a81-94c2-4d7f-ad33-12e2bdaa93bd/current
2022-09-09 09:09:32,998 [s0-impl-thread1] TRACE util.FileUtils (LogUtils.java:runAndLog(49)) - Successfully ran Files.createDirectories /home/runner/work/ratis/ratis/ratis-test/target/test/data/c7351e4a/MiniRaftClusterWithGrpc631d171c/s0/bfdf6a81-94c2-4d7f-ad33-12e2bdaa93bd/sm
2022-09-09 09:09:33,012 [s0-impl-thread1] INFO  storage.RaftStorage (RaftStorageImpl.java:format(96)) - Storage directory /home/runner/work/ratis/ratis/ratis-test/target/test/data/c7351e4a/MiniRaftClusterWithGrpc631d171c/s0/bfdf6a81-94c2-4d7f-ad33-12e2bdaa93bd has been successfully formatted.
2022-09-09 09:09:33,013 [s0-impl-thread1] INFO  statemachine.SimpleStateMachine4Testing (SimpleStateMachine4Testing.java:initialize(212)) - Initializing SimpleStateMachine4Testing:uninitialized
2022-09-09 09:09:33,014 [s0-impl-thread1] INFO  statemachine.SimpleStateMachine4Testing (SimpleStateMachine4Testing.java:loadSnapshot(306)) - The snapshot file null does not exist
2022-09-09 09:09:33,016 [s0-impl-thread1] INFO  server.RaftServerConfigKeys (ConfUtils.java:logGet(46)) - raft.server.log.use.memory = false (default)
2022-09-09 09:09:33,021 [s0-impl-thread1] INFO  server.RaftServerConfigKeys (ConfUtils.java:logGet(46)) - raft.server.log.purge.gap = 1024 (default)
2022-09-09 09:09:33,022 [s0-impl-thread1] INFO  server.RaftServerConfigKeys (ConfUtils.java:logGet(46)) - raft.server.log.appender.buffer.byte-limit = 4MB (=4194304) (default)
2022-09-09 09:09:33,023 [s0-impl-thread1] INFO  server.RaftServerConfigKeys (ConfUtils.java:logGet(46)) - raft.server.log.statemachine.data.read.timeout = 1000ms (default)
2022-09-09 09:09:33,024 [s0-impl-thread1] INFO  server.RaftServerConfigKeys (ConfUtils.java:logGet(46)) - raft.server.log.purge.preservation.log.num = 0 (default)
2022-09-09 09:09:33,031 [s0-impl-thread1] INFO  server.RaftServerConfigKeys (ConfUtils.java:logGet(46)) - raft.server.log.segment.size.max = 8MB (=8388608) (default)
2022-09-09 09:09:33,036 [s0-impl-thread1] INFO  server.RaftServerConfigKeys (ConfUtils.java:logGet(46)) - raft.server.log.segment.cache.num.max = 6 (default)
2022-09-09 09:09:33,036 [s0-impl-thread1] INFO  server.RaftServerConfigKeys (ConfUtils.java:logGet(46)) - raft.server.log.segment.cache.size.max = 200MB (=209715200) (default)
2022-09-09 09:09:33,039 [s0-impl-thread1] INFO  segmented.SegmentedRaftLogWorker (SegmentedRaftLogWorker.java:<init>(186)) - new s0@group-12E2BDAA93BD-SegmentedRaftLogWorker for RaftStorageImpl:Storage Directory /home/runner/work/ratis/ratis/ratis-test/target/test/data/c7351e4a/MiniRaftClusterWithGrpc631d171c/s0/bfdf6a81-94c2-4d7f-ad33-12e2bdaa93bd
2022-09-09 09:09:33,040 [s0-impl-thread1] INFO  server.RaftServerConfigKeys (ConfUtils.java:logGet(46)) - raft.server.log.queue.byte-limit = 64MB (=67108864) (default)
2022-09-09 09:09:33,040 [s0-impl-thread1] INFO  server.RaftServerConfigKeys (ConfUtils.java:logGet(46)) - raft.server.log.queue.element-limit = 4096 (default)
2022-09-09 09:09:33,042 [s0-impl-thread1] INFO  server.RaftServerConfigKeys (ConfUtils.java:logGet(46)) - raft.server.log.segment.size.max = 8MB (=8388608) (default)
2022-09-09 09:09:33,042 [s0-impl-thread1] INFO  server.RaftServerConfigKeys (ConfUtils.java:logGet(46)) - raft.server.log.preallocated.size = 4MB (=4194304) (default)
2022-09-09 09:09:33,042 [s0-impl-thread1] INFO  server.RaftServerConfigKeys (ConfUtils.java:logGet(46)) - raft.server.log.force.sync.num = 128 (default)
2022-09-09 09:09:33,043 [s0-impl-thread1] INFO  server.RaftServerConfigKeys (ConfUtils.java:logGet(46)) - raft.server.log.statemachine.data.sync = true (default)
2022-09-09 09:09:33,043 [s0-impl-thread1] INFO  server.RaftServerConfigKeys (ConfUtils.java:logGet(46)) - raft.server.log.statemachine.data.sync.timeout = 10s (default)
2022-09-09 09:09:33,044 [s0-impl-thread1] INFO  server.RaftServerConfigKeys (ConfUtils.java:logGet(46)) - raft.server.log.statemachine.data.sync.timeout.retry = -1 (default)
2022-09-09 09:09:33,046 [s0-impl-thread1] INFO  server.RaftServerConfigKeys (ConfUtils.java:logGet(46)) - raft.server.log.write.buffer.size = 64KB (=65536) (default)
2022-09-09 09:09:33,046 [s0-impl-thread1] INFO  server.RaftServerConfigKeys (ConfUtils.java:logGet(46)) - raft.server.log.unsafe-flush.enabled = false (default)
2022-09-09 09:09:33,047 [s0-impl-thread1] INFO  server.RaftServerConfigKeys (ConfUtils.java:logGet(46)) - raft.server.log.async-flush.enabled = false (default)
2022-09-09 09:09:33,047 [s0-impl-thread1] INFO  server.RaftServerConfigKeys (ConfUtils.java:logGet(46)) - raft.server.log.statemachine.data.caching.enabled = false (default)
2022-09-09 09:09:33,056 [s0-impl-thread1] INFO  segmented.SegmentedRaftLogWorker (SegmentedRaftLogWorker.java:lambda$new$0(135)) - s0@group-12E2BDAA93BD-SegmentedRaftLogWorker: flushIndex: setUnconditionally 0 -> -1
2022-09-09 09:09:33,056 [s0-impl-thread1] INFO  segmented.SegmentedRaftLogWorker (SegmentedRaftLogWorker.java:lambda$new$0(135)) - s0@group-12E2BDAA93BD-SegmentedRaftLogWorker: safeCacheEvictIndex: setUnconditionally 0 -> -1
2022-09-09 09:09:33,058 [s0-impl-thread1] INFO  server.RaftServer$Division (RaftServerImpl.java:start(330)) - s0@group-12E2BDAA93BD: start as a follower, conf=-1: peers:[s0|rpc:localhost:39219|admin:localhost:43495|client:localhost:46459|dataStream:localhost:43469|priority:0|startupRole:FOLLOWER, s1|rpc:localhost:40809|admin:localhost:39215|client:localhost:45655|dataStream:localhost:34475|priority:0|startupRole:FOLLOWER, s2|rpc:localhost:42237|admin:localhost:40805|client:localhost:36207|dataStream:localhost:44357|priority:0|startupRole:FOLLOWER]|listeners:[], old=null
2022-09-09 09:09:33,058 [s0-impl-thread1] INFO  server.RaftServer$Division (RaftServerImpl.java:setRole(317)) - s0@group-12E2BDAA93BD: changes role from      null to FOLLOWER at term 0 for startAsFollower
2022-09-09 09:09:33,059 [s0-impl-thread1] INFO  impl.RoleInfo (RoleInfo.java:updateAndGet(139)) - s0: start s0@group-12E2BDAA93BD-FollowerState
2022-09-09 09:09:33,071 [s0-impl-thread1] INFO  util.JmxRegister (JmxRegister.java:tryRegister(44)) - Successfully registered JMX Bean with object name Ratis:service=RaftServer,group=group-12E2BDAA93BD,id=s0
2022-09-09 09:09:33,074 [s0-impl-thread1] INFO  server.RaftServerConfigKeys (ConfUtils.java:logGet(46)) - raft.server.snapshot.auto.trigger.enabled = false (default)
2022-09-09 09:09:33,074 [s0-impl-thread1] INFO  server.RaftServerConfigKeys (ConfUtils.java:logGet(46)) - raft.server.snapshot.retention.file.num = -1 (default)
2022-09-09 09:09:33,075 [s0-impl-thread1] INFO  server.RaftServerConfigKeys (ConfUtils.java:logGet(46)) - raft.server.log.purge.upto.snapshot.index = false (default)
2022-09-09 09:09:33,078 [Time-limited test] INFO  server.RaftServer (RaftServerProxy.java:startImpl(388)) - s0: start RPC server
2022-09-09 09:09:33,079 [s0@group-12E2BDAA93BD-FollowerState] INFO  server.RaftServerConfigKeys (ConfUtils.java:logFallback(53)) - raft.server.rpc.first-election.timeout.min = 150ms (fallback to raft.server.rpc.timeout.min)
2022-09-09 09:09:33,087 [s0@group-12E2BDAA93BD-FollowerState] INFO  server.RaftServerConfigKeys (ConfUtils.java:logFallback(53)) - raft.server.rpc.first-election.timeout.max = 300ms (fallback to raft.server.rpc.timeout.max)
2022-09-09 09:09:33,119 [Time-limited test] INFO  server.GrpcService (GrpcService.java:startImpl(270)) - s0: GrpcService started, listening on 46459
2022-09-09 09:09:33,121 [Time-limited test] INFO  server.GrpcService (GrpcService.java:startImpl(270)) - s0: GrpcService started, listening on 39219
2022-09-09 09:09:33,122 [Time-limited test] INFO  server.GrpcService (GrpcService.java:startImpl(270)) - s0: GrpcService started, listening on 43495
2022-09-09 09:09:33,127 [s1-impl-thread1] INFO  server.RaftServerConfigKeys (ConfUtils.java:logGet(46)) - raft.server.storage.free-space.min = 0MB (=0) (default)
2022-09-09 09:09:33,127 [org.apache.ratis.util.JvmPauseMonitor$$Lambda$359/0x00000001002db840@7764f709] INFO  util.JvmPauseMonitor (JvmPauseMonitor.java:run(103)) - JvmPauseMonitor-s0: Started
2022-09-09 09:09:33,127 [s1-impl-thread1] INFO  server.RaftServerConfigKeys (ConfUtils.java:logGet(46)) - raft.server.log.corruption.policy = EXCEPTION (default)
2022-09-09 09:09:33,128 [s1-impl-thread1] INFO  server.RaftServerConfigKeys (ConfUtils.java:logGet(46)) - raft.server.storage.dir = [/home/runner/work/ratis/ratis/ratis-test/target/test/data/c7351e4a/MiniRaftClusterWithGrpc631d171c/s1] (custom)
2022-09-09 09:09:33,128 [s1-impl-thread1] INFO  storage.RaftStorageDirectory (RaftStorageDirectoryImpl.java:analyzeStorage(138)) - The storage directory /home/runner/work/ratis/ratis/ratis-test/target/test/data/c7351e4a/MiniRaftClusterWithGrpc631d171c/s1/bfdf6a81-94c2-4d7f-ad33-12e2bdaa93bd does not exist. Creating ...
2022-09-09 09:09:33,136 [s1-impl-thread1] TRACE util.FileUtils (LogUtils.java:runAndLog(49)) - Successfully ran Files.createDirectories /home/runner/work/ratis/ratis/ratis-test/target/test/data/c7351e4a/MiniRaftClusterWithGrpc631d171c/s1/bfdf6a81-94c2-4d7f-ad33-12e2bdaa93bd
2022-09-09 09:09:33,138 [s1-impl-thread1] INFO  storage.RaftStorageDirectory (RaftStorageDirectoryImpl.java:tryLock(232)) - Lock on /home/runner/work/ratis/ratis/ratis-test/target/test/data/c7351e4a/MiniRaftClusterWithGrpc631d171c/s1/bfdf6a81-94c2-4d7f-ad33-12e2bdaa93bd/in_use.lock acquired by nodename 9824@fv-az380-135
2022-09-09 09:09:33,138 [s1-impl-thread1] TRACE util.FileUtils (LogUtils.java:runAndLog(49)) - Successfully ran Files.createDirectories /home/runner/work/ratis/ratis/ratis-test/target/test/data/c7351e4a/MiniRaftClusterWithGrpc631d171c/s1/bfdf6a81-94c2-4d7f-ad33-12e2bdaa93bd/current
2022-09-09 09:09:33,138 [s1-impl-thread1] TRACE util.FileUtils (LogUtils.java:runAndLog(49)) - Successfully ran Files.createDirectories /home/runner/work/ratis/ratis/ratis-test/target/test/data/c7351e4a/MiniRaftClusterWithGrpc631d171c/s1/bfdf6a81-94c2-4d7f-ad33-12e2bdaa93bd/sm
2022-09-09 09:09:33,140 [s1-impl-thread1] INFO  storage.RaftStorage (RaftStorageImpl.java:format(96)) - Storage directory /home/runner/work/ratis/ratis/ratis-test/target/test/data/c7351e4a/MiniRaftClusterWithGrpc631d171c/s1/bfdf6a81-94c2-4d7f-ad33-12e2bdaa93bd has been successfully formatted.
2022-09-09 09:09:33,141 [s1-impl-thread1] INFO  statemachine.SimpleStateMachine4Testing (SimpleStateMachine4Testing.java:initialize(212)) - Initializing SimpleStateMachine4Testing:uninitialized
2022-09-09 09:09:33,141 [s1-impl-thread1] INFO  statemachine.SimpleStateMachine4Testing (SimpleStateMachine4Testing.java:loadSnapshot(306)) - The snapshot file null does not exist
2022-09-09 09:09:33,141 [s1-impl-thread1] INFO  server.RaftServerConfigKeys (ConfUtils.java:logGet(46)) - raft.server.log.use.memory = false (default)
2022-09-09 09:09:33,141 [s1-impl-thread1] INFO  server.RaftServerConfigKeys (ConfUtils.java:logGet(46)) - raft.server.log.purge.gap = 1024 (default)
2022-09-09 09:09:33,142 [s1-impl-thread1] INFO  server.RaftServerConfigKeys (ConfUtils.java:logGet(46)) - raft.server.log.appender.buffer.byte-limit = 4MB (=4194304) (default)
2022-09-09 09:09:33,142 [s1-impl-thread1] INFO  server.RaftServerConfigKeys (ConfUtils.java:logGet(46)) - raft.server.log.statemachine.data.read.timeout = 1000ms (default)
2022-09-09 09:09:33,142 [s1-impl-thread1] INFO  server.RaftServerConfigKeys (ConfUtils.java:logGet(46)) - raft.server.log.purge.preservation.log.num = 0 (default)
2022-09-09 09:09:33,143 [s1-impl-thread1] INFO  server.RaftServerConfigKeys (ConfUtils.java:logGet(46)) - raft.server.log.segment.size.max = 8MB (=8388608) (default)
2022-09-09 09:09:33,144 [s1-impl-thread1] INFO  server.RaftServerConfigKeys (ConfUtils.java:logGet(46)) - raft.server.log.segment.cache.num.max = 6 (default)
2022-09-09 09:09:33,144 [s1-impl-thread1] INFO  server.RaftServerConfigKeys (ConfUtils.java:logGet(46)) - raft.server.log.segment.cache.size.max = 200MB (=209715200) (default)
2022-09-09 09:09:33,144 [s1-impl-thread1] INFO  segmented.SegmentedRaftLogWorker (SegmentedRaftLogWorker.java:<init>(186)) - new s1@group-12E2BDAA93BD-SegmentedRaftLogWorker for RaftStorageImpl:Storage Directory /home/runner/work/ratis/ratis/ratis-test/target/test/data/c7351e4a/MiniRaftClusterWithGrpc631d171c/s1/bfdf6a81-94c2-4d7f-ad33-12e2bdaa93bd
2022-09-09 09:09:33,144 [s1-impl-thread1] INFO  server.RaftServerConfigKeys (ConfUtils.java:logGet(46)) - raft.server.log.queue.byte-limit = 64MB (=67108864) (default)
2022-09-09 09:09:33,145 [s1-impl-thread1] INFO  server.RaftServerConfigKeys (ConfUtils.java:logGet(46)) - raft.server.log.queue.element-limit = 4096 (default)
2022-09-09 09:09:33,145 [s1-impl-thread1] INFO  server.RaftServerConfigKeys (ConfUtils.java:logGet(46)) - raft.server.log.segment.size.max = 8MB (=8388608) (default)
2022-09-09 09:09:33,145 [s1-impl-thread1] INFO  server.RaftServerConfigKeys (ConfUtils.java:logGet(46)) - raft.server.log.preallocated.size = 4MB (=4194304) (default)
2022-09-09 09:09:33,145 [s1-impl-thread1] INFO  server.RaftServerConfigKeys (ConfUtils.java:logGet(46)) - raft.server.log.force.sync.num = 128 (default)
2022-09-09 09:09:33,145 [s1-impl-thread1] INFO  server.RaftServerConfigKeys (ConfUtils.java:logGet(46)) - raft.server.log.statemachine.data.sync = true (default)
2022-09-09 09:09:33,145 [s1-impl-thread1] INFO  server.RaftServerConfigKeys (ConfUtils.java:logGet(46)) - raft.server.log.statemachine.data.sync.timeout = 10s (default)
2022-09-09 09:09:33,146 [s1-impl-thread1] INFO  server.RaftServerConfigKeys (ConfUtils.java:logGet(46)) - raft.server.log.statemachine.data.sync.timeout.retry = -1 (default)
2022-09-09 09:09:33,146 [s1-impl-thread1] INFO  server.RaftServerConfigKeys (ConfUtils.java:logGet(46)) - raft.server.log.write.buffer.size = 64KB (=65536) (default)
2022-09-09 09:09:33,146 [s1-impl-thread1] INFO  server.RaftServerConfigKeys (ConfUtils.java:logGet(46)) - raft.server.log.unsafe-flush.enabled = false (default)
2022-09-09 09:09:33,147 [s1-impl-thread1] INFO  server.RaftServerConfigKeys (ConfUtils.java:logGet(46)) - raft.server.log.async-flush.enabled = false (default)
2022-09-09 09:09:33,147 [s1-impl-thread1] INFO  server.RaftServerConfigKeys (ConfUtils.java:logGet(46)) - raft.server.log.statemachine.data.caching.enabled = false (default)
2022-09-09 09:09:33,147 [s1-impl-thread1] INFO  segmented.SegmentedRaftLogWorker (SegmentedRaftLogWorker.java:lambda$new$0(135)) - s1@group-12E2BDAA93BD-SegmentedRaftLogWorker: flushIndex: setUnconditionally 0 -> -1
2022-09-09 09:09:33,147 [s1-impl-thread1] INFO  segmented.SegmentedRaftLogWorker (SegmentedRaftLogWorker.java:lambda$new$0(135)) - s1@group-12E2BDAA93BD-SegmentedRaftLogWorker: safeCacheEvictIndex: setUnconditionally 0 -> -1
2022-09-09 09:09:33,147 [s1-impl-thread1] INFO  server.RaftServer$Division (RaftServerImpl.java:start(330)) - s1@group-12E2BDAA93BD: start as a follower, conf=-1: peers:[s0|rpc:localhost:39219|admin:localhost:43495|client:localhost:46459|dataStream:localhost:43469|priority:0|startupRole:FOLLOWER, s1|rpc:localhost:40809|admin:localhost:39215|client:localhost:45655|dataStream:localhost:34475|priority:0|startupRole:FOLLOWER, s2|rpc:localhost:42237|admin:localhost:40805|client:localhost:36207|dataStream:localhost:44357|priority:0|startupRole:FOLLOWER]|listeners:[], old=null
2022-09-09 09:09:33,148 [s1-impl-thread1] INFO  server.RaftServer$Division (RaftServerImpl.java:setRole(317)) - s1@group-12E2BDAA93BD: changes role from      null to FOLLOWER at term 0 for startAsFollower
2022-09-09 09:09:33,148 [s1-impl-thread1] INFO  impl.RoleInfo (RoleInfo.java:updateAndGet(139)) - s1: start s1@group-12E2BDAA93BD-FollowerState
2022-09-09 09:09:33,151 [s1-impl-thread1] INFO  util.JmxRegister (JmxRegister.java:tryRegister(44)) - Successfully registered JMX Bean with object name Ratis:service=RaftServer,group=group-12E2BDAA93BD,id=s1
2022-09-09 09:09:33,154 [s1-impl-thread1] INFO  server.RaftServerConfigKeys (ConfUtils.java:logGet(46)) - raft.server.snapshot.auto.trigger.enabled = false (default)
2022-09-09 09:09:33,154 [s1-impl-thread1] INFO  server.RaftServerConfigKeys (ConfUtils.java:logGet(46)) - raft.server.snapshot.retention.file.num = -1 (default)
2022-09-09 09:09:33,155 [s1-impl-thread1] INFO  server.RaftServerConfigKeys (ConfUtils.java:logGet(46)) - raft.server.log.purge.upto.snapshot.index = false (default)
2022-09-09 09:09:33,155 [Time-limited test] INFO  server.RaftServer (RaftServerProxy.java:startImpl(388)) - s1: start RPC server
2022-09-09 09:09:33,158 [Time-limited test] INFO  server.GrpcService (GrpcService.java:startImpl(270)) - s1: GrpcService started, listening on 45655
2022-09-09 09:09:33,158 [s1@group-12E2BDAA93BD-FollowerState] INFO  server.RaftServerConfigKeys (ConfUtils.java:logFallback(53)) - raft.server.rpc.first-election.timeout.min = 150ms (fallback to raft.server.rpc.timeout.min)
2022-09-09 09:09:33,158 [s1@group-12E2BDAA93BD-FollowerState] INFO  server.RaftServerConfigKeys (ConfUtils.java:logFallback(53)) - raft.server.rpc.first-election.timeout.max = 300ms (fallback to raft.server.rpc.timeout.max)
2022-09-09 09:09:33,159 [Time-limited test] INFO  server.GrpcService (GrpcService.java:startImpl(270)) - s1: GrpcService started, listening on 40809
2022-09-09 09:09:33,163 [Time-limited test] INFO  server.GrpcService (GrpcService.java:startImpl(270)) - s1: GrpcService started, listening on 39215
2022-09-09 09:09:33,167 [s2-impl-thread1] INFO  server.RaftServerConfigKeys (ConfUtils.java:logGet(46)) - raft.server.storage.free-space.min = 0MB (=0) (default)
2022-09-09 09:09:33,167 [s2-impl-thread1] INFO  server.RaftServerConfigKeys (ConfUtils.java:logGet(46)) - raft.server.log.corruption.policy = EXCEPTION (default)
2022-09-09 09:09:33,168 [s2-impl-thread1] INFO  server.RaftServerConfigKeys (ConfUtils.java:logGet(46)) - raft.server.storage.dir = [/home/runner/work/ratis/ratis/ratis-test/target/test/data/c7351e4a/MiniRaftClusterWithGrpc631d171c/s2] (custom)
2022-09-09 09:09:33,168 [s2-impl-thread1] INFO  storage.RaftStorageDirectory (RaftStorageDirectoryImpl.java:analyzeStorage(138)) - The storage directory /home/runner/work/ratis/ratis/ratis-test/target/test/data/c7351e4a/MiniRaftClusterWithGrpc631d171c/s2/bfdf6a81-94c2-4d7f-ad33-12e2bdaa93bd does not exist. Creating ...
2022-09-09 09:09:33,168 [s2-impl-thread1] TRACE util.FileUtils (LogUtils.java:runAndLog(49)) - Successfully ran Files.createDirectories /home/runner/work/ratis/ratis/ratis-test/target/test/data/c7351e4a/MiniRaftClusterWithGrpc631d171c/s2/bfdf6a81-94c2-4d7f-ad33-12e2bdaa93bd
2022-09-09 09:09:33,169 [org.apache.ratis.util.JvmPauseMonitor$$Lambda$359/0x00000001002db840@561bee25] INFO  util.JvmPauseMonitor (JvmPauseMonitor.java:run(103)) - JvmPauseMonitor-s1: Started
2022-09-09 09:09:33,170 [s2-impl-thread1] INFO  storage.RaftStorageDirectory (RaftStorageDirectoryImpl.java:tryLock(232)) - Lock on /home/runner/work/ratis/ratis/ratis-test/target/test/data/c7351e4a/MiniRaftClusterWithGrpc631d171c/s2/bfdf6a81-94c2-4d7f-ad33-12e2bdaa93bd/in_use.lock acquired by nodename 9824@fv-az380-135
2022-09-09 09:09:33,171 [s2-impl-thread1] TRACE util.FileUtils (LogUtils.java:runAndLog(49)) - Successfully ran Files.createDirectories /home/runner/work/ratis/ratis/ratis-test/target/test/data/c7351e4a/MiniRaftClusterWithGrpc631d171c/s2/bfdf6a81-94c2-4d7f-ad33-12e2bdaa93bd/current
2022-09-09 09:09:33,171 [s2-impl-thread1] TRACE util.FileUtils (LogUtils.java:runAndLog(49)) - Successfully ran Files.createDirectories /home/runner/work/ratis/ratis/ratis-test/target/test/data/c7351e4a/MiniRaftClusterWithGrpc631d171c/s2/bfdf6a81-94c2-4d7f-ad33-12e2bdaa93bd/sm
2022-09-09 09:09:33,172 [s2-impl-thread1] INFO  storage.RaftStorage (RaftStorageImpl.java:format(96)) - Storage directory /home/runner/work/ratis/ratis/ratis-test/target/test/data/c7351e4a/MiniRaftClusterWithGrpc631d171c/s2/bfdf6a81-94c2-4d7f-ad33-12e2bdaa93bd has been successfully formatted.
2022-09-09 09:09:33,173 [s2-impl-thread1] INFO  statemachine.SimpleStateMachine4Testing (SimpleStateMachine4Testing.java:initialize(212)) - Initializing SimpleStateMachine4Testing:uninitialized
2022-09-09 09:09:33,173 [s2-impl-thread1] INFO  statemachine.SimpleStateMachine4Testing (SimpleStateMachine4Testing.java:loadSnapshot(306)) - The snapshot file null does not exist
2022-09-09 09:09:33,173 [s2-impl-thread1] INFO  server.RaftServerConfigKeys (ConfUtils.java:logGet(46)) - raft.server.log.use.memory = false (default)
2022-09-09 09:09:33,174 [s2-impl-thread1] INFO  server.RaftServerConfigKeys (ConfUtils.java:logGet(46)) - raft.server.log.purge.gap = 1024 (default)
2022-09-09 09:09:33,174 [s2-impl-thread1] INFO  server.RaftServerConfigKeys (ConfUtils.java:logGet(46)) - raft.server.log.appender.buffer.byte-limit = 4MB (=4194304) (default)
2022-09-09 09:09:33,174 [s2-impl-thread1] INFO  server.RaftServerConfigKeys (ConfUtils.java:logGet(46)) - raft.server.log.statemachine.data.read.timeout = 1000ms (default)
2022-09-09 09:09:33,174 [s2-impl-thread1] INFO  server.RaftServerConfigKeys (ConfUtils.java:logGet(46)) - raft.server.log.purge.preservation.log.num = 0 (default)
2022-09-09 09:09:33,175 [s2-impl-thread1] INFO  server.RaftServerConfigKeys (ConfUtils.java:logGet(46)) - raft.server.log.segment.size.max = 8MB (=8388608) (default)
2022-09-09 09:09:33,176 [s2-impl-thread1] INFO  server.RaftServerConfigKeys (ConfUtils.java:logGet(46)) - raft.server.log.segment.cache.num.max = 6 (default)
2022-09-09 09:09:33,176 [s2-impl-thread1] INFO  server.RaftServerConfigKeys (ConfUtils.java:logGet(46)) - raft.server.log.segment.cache.size.max = 200MB (=209715200) (default)
2022-09-09 09:09:33,176 [s2-impl-thread1] INFO  segmented.SegmentedRaftLogWorker (SegmentedRaftLogWorker.java:<init>(186)) - new s2@group-12E2BDAA93BD-SegmentedRaftLogWorker for RaftStorageImpl:Storage Directory /home/runner/work/ratis/ratis/ratis-test/target/test/data/c7351e4a/MiniRaftClusterWithGrpc631d171c/s2/bfdf6a81-94c2-4d7f-ad33-12e2bdaa93bd
2022-09-09 09:09:33,176 [s2-impl-thread1] INFO  server.RaftServerConfigKeys (ConfUtils.java:logGet(46)) - raft.server.log.queue.byte-limit = 64MB (=67108864) (default)
2022-09-09 09:09:33,176 [s2-impl-thread1] INFO  server.RaftServerConfigKeys (ConfUtils.java:logGet(46)) - raft.server.log.queue.element-limit = 4096 (default)
2022-09-09 09:09:33,177 [s2-impl-thread1] INFO  server.RaftServerConfigKeys (ConfUtils.java:logGet(46)) - raft.server.log.segment.size.max = 8MB (=8388608) (default)
2022-09-09 09:09:33,177 [s2-impl-thread1] INFO  server.RaftServerConfigKeys (ConfUtils.java:logGet(46)) - raft.server.log.preallocated.size = 4MB (=4194304) (default)
2022-09-09 09:09:33,177 [s2-impl-thread1] INFO  server.RaftServerConfigKeys (ConfUtils.java:logGet(46)) - raft.server.log.force.sync.num = 128 (default)
2022-09-09 09:09:33,177 [s2-impl-thread1] INFO  server.RaftServerConfigKeys (ConfUtils.java:logGet(46)) - raft.server.log.statemachine.data.sync = true (default)
2022-09-09 09:09:33,177 [s2-impl-thread1] INFO  server.RaftServerConfigKeys (ConfUtils.java:logGet(46)) - raft.server.log.statemachine.data.sync.timeout = 10s (default)
2022-09-09 09:09:33,177 [s2-impl-thread1] INFO  server.RaftServerConfigKeys (ConfUtils.java:logGet(46)) - raft.server.log.statemachine.data.sync.timeout.retry = -1 (default)
2022-09-09 09:09:33,178 [s2-impl-thread1] INFO  server.RaftServerConfigKeys (ConfUtils.java:logGet(46)) - raft.server.log.write.buffer.size = 64KB (=65536) (default)
2022-09-09 09:09:33,178 [s2-impl-thread1] INFO  server.RaftServerConfigKeys (ConfUtils.java:logGet(46)) - raft.server.log.unsafe-flush.enabled = false (default)
2022-09-09 09:09:33,178 [s2-impl-thread1] INFO  server.RaftServerConfigKeys (ConfUtils.java:logGet(46)) - raft.server.log.async-flush.enabled = false (default)
2022-09-09 09:09:33,178 [s2-impl-thread1] INFO  server.RaftServerConfigKeys (ConfUtils.java:logGet(46)) - raft.server.log.statemachine.data.caching.enabled = false (default)
2022-09-09 09:09:33,179 [s2-impl-thread1] INFO  segmented.SegmentedRaftLogWorker (SegmentedRaftLogWorker.java:lambda$new$0(135)) - s2@group-12E2BDAA93BD-SegmentedRaftLogWorker: flushIndex: setUnconditionally 0 -> -1
2022-09-09 09:09:33,179 [s2-impl-thread1] INFO  segmented.SegmentedRaftLogWorker (SegmentedRaftLogWorker.java:lambda$new$0(135)) - s2@group-12E2BDAA93BD-SegmentedRaftLogWorker: safeCacheEvictIndex: setUnconditionally 0 -> -1
2022-09-09 09:09:33,184 [s2-impl-thread1] INFO  server.RaftServer$Division (RaftServerImpl.java:start(330)) - s2@group-12E2BDAA93BD: start as a follower, conf=-1: peers:[s0|rpc:localhost:39219|admin:localhost:43495|client:localhost:46459|dataStream:localhost:43469|priority:0|startupRole:FOLLOWER, s1|rpc:localhost:40809|admin:localhost:39215|client:localhost:45655|dataStream:localhost:34475|priority:0|startupRole:FOLLOWER, s2|rpc:localhost:42237|admin:localhost:40805|client:localhost:36207|dataStream:localhost:44357|priority:0|startupRole:FOLLOWER]|listeners:[], old=null
2022-09-09 09:09:33,185 [s2-impl-thread1] INFO  server.RaftServer$Division (RaftServerImpl.java:setRole(317)) - s2@group-12E2BDAA93BD: changes role from      null to FOLLOWER at term 0 for startAsFollower
2022-09-09 09:09:33,185 [s2-impl-thread1] INFO  impl.RoleInfo (RoleInfo.java:updateAndGet(139)) - s2: start s2@group-12E2BDAA93BD-FollowerState
2022-09-09 09:09:33,185 [s2-impl-thread1] INFO  util.JmxRegister (JmxRegister.java:tryRegister(44)) - Successfully registered JMX Bean with object name Ratis:service=RaftServer,group=group-12E2BDAA93BD,id=s2
2022-09-09 09:09:33,186 [s2-impl-thread1] INFO  server.RaftServerConfigKeys (ConfUtils.java:logGet(46)) - raft.server.snapshot.auto.trigger.enabled = false (default)
2022-09-09 09:09:33,186 [s2-impl-thread1] INFO  server.RaftServerConfigKeys (ConfUtils.java:logGet(46)) - raft.server.snapshot.retention.file.num = -1 (default)
2022-09-09 09:09:33,186 [s2-impl-thread1] INFO  server.RaftServerConfigKeys (ConfUtils.java:logGet(46)) - raft.server.log.purge.upto.snapshot.index = false (default)
2022-09-09 09:09:33,189 [Time-limited test] INFO  server.RaftServer (RaftServerProxy.java:startImpl(388)) - s2: start RPC server
2022-09-09 09:09:33,193 [Time-limited test] INFO  server.GrpcService (GrpcService.java:startImpl(270)) - s2: GrpcService started, listening on 36207
2022-09-09 09:09:33,193 [s2@group-12E2BDAA93BD-FollowerState] INFO  server.RaftServerConfigKeys (ConfUtils.java:logFallback(53)) - raft.server.rpc.first-election.timeout.min = 150ms (fallback to raft.server.rpc.timeout.min)
2022-09-09 09:09:33,194 [s2@group-12E2BDAA93BD-FollowerState] INFO  server.RaftServerConfigKeys (ConfUtils.java:logFallback(53)) - raft.server.rpc.first-election.timeout.max = 300ms (fallback to raft.server.rpc.timeout.max)
2022-09-09 09:09:33,194 [Time-limited test] INFO  server.GrpcService (GrpcService.java:startImpl(270)) - s2: GrpcService started, listening on 42237
2022-09-09 09:09:33,196 [Time-limited test] INFO  server.GrpcService (GrpcService.java:startImpl(270)) - s2: GrpcService started, listening on 40805
2022-09-09 09:09:33,197 [org.apache.ratis.util.JvmPauseMonitor$$Lambda$359/0x00000001002db840@6978750] INFO  util.JvmPauseMonitor (JvmPauseMonitor.java:run(103)) - JvmPauseMonitor-s2: Started
2022-09-09 09:09:33,200 [Time-limited test] INFO  server.RaftServerConfigKeys (ConfUtils.java:logGet(46)) - raft.server.rpc.timeout.max = 300ms (default)
2022-09-09 09:09:33,202 [Time-limited test] INFO  ratis.RaftTestUtil (RaftTestUtil.java:waitForLeader(100)) - printing ALL groups
  s0:  RUNNING  FOLLOWER s0@group-12E2BDAA93BD:t0, leader=null, voted=, raftlog=Memoized:s0@group-12E2BDAA93BD-SegmentedRaftLog:OPENED:c-1, conf=-1: peers:[s0|rpc:localhost:39219|admin:localhost:43495|client:localhost:46459|dataStream:localhost:43469|priority:0|startupRole:FOLLOWER, s1|rpc:localhost:40809|admin:localhost:39215|client:localhost:45655|dataStream:localhost:34475|priority:0|startupRole:FOLLOWER, s2|rpc:localhost:42237|admin:localhost:40805|client:localhost:36207|dataStream:localhost:44357|priority:0|startupRole:FOLLOWER]|listeners:[], old=null RUNNING
  s1:  RUNNING  FOLLOWER s1@group-12E2BDAA93BD:t0, leader=null, voted=, raftlog=Memoized:s1@group-12E2BDAA93BD-SegmentedRaftLog:OPENED:c-1, conf=-1: peers:[s0|rpc:localhost:39219|admin:localhost:43495|client:localhost:46459|dataStream:localhost:43469|priority:0|startupRole:FOLLOWER, s1|rpc:localhost:40809|admin:localhost:39215|client:localhost:45655|dataStream:localhost:34475|priority:0|startupRole:FOLLOWER, s2|rpc:localhost:42237|admin:localhost:40805|client:localhost:36207|dataStream:localhost:44357|priority:0|startupRole:FOLLOWER]|listeners:[], old=null RUNNING
  s2:  RUNNING  FOLLOWER s2@group-12E2BDAA93BD:t0, leader=null, voted=, raftlog=Memoized:s2@group-12E2BDAA93BD-SegmentedRaftLog:OPENED:c-1, conf=-1: peers:[s0|rpc:localhost:39219|admin:localhost:43495|client:localhost:46459|dataStream:localhost:43469|priority:0|startupRole:FOLLOWER, s1|rpc:localhost:40809|admin:localhost:39215|client:localhost:45655|dataStream:localhost:34475|priority:0|startupRole:FOLLOWER, s2|rpc:localhost:42237|admin:localhost:40805|client:localhost:36207|dataStream:localhost:44357|priority:0|startupRole:FOLLOWER]|listeners:[], old=null RUNNING
2022-09-09 09:09:33,211 [Time-limited test] WARN  ratis.RaftTestUtil (JavaUtils.java:attempt(217)) - FAILED "waitForLeader-null-(expectLeader? true)", attempt #1/100: java.lang.IllegalStateException: No leader yet : printing ALL groups
  s0:  RUNNING  FOLLOWER s0@group-12E2BDAA93BD:t0, leader=null, voted=, raftlog=Memoized:s0@group-12E2BDAA93BD-SegmentedRaftLog:OPENED:c-1, conf=-1: peers:[s0|rpc:localhost:39219|admin:localhost:43495|client:localhost:46459|dataStream:localhost:43469|priority:0|startupRole:FOLLOWER, s1|rpc:localhost:40809|admin:localhost:39215|client:localhost:45655|dataStream:localhost:34475|priority:0|startupRole:FOLLOWER, s2|rpc:localhost:42237|admin:localhost:40805|client:localhost:36207|dataStream:localhost:44357|priority:0|startupRole:FOLLOWER]|listeners:[], old=null RUNNING
  s1:  RUNNING  FOLLOWER s1@group-12E2BDAA93BD:t0, leader=null, voted=, raftlog=Memoized:s1@group-12E2BDAA93BD-SegmentedRaftLog:OPENED:c-1, conf=-1: peers:[s0|rpc:localhost:39219|admin:localhost:43495|client:localhost:46459|dataStream:localhost:43469|priority:0|startupRole:FOLLOWER, s1|rpc:localhost:40809|admin:localhost:39215|client:localhost:45655|dataStream:localhost:34475|priority:0|startupRole:FOLLOWER, s2|rpc:localhost:42237|admin:localhost:40805|client:localhost:36207|dataStream:localhost:44357|priority:0|startupRole:FOLLOWER]|listeners:[], old=null RUNNING
  s2:  RUNNING  FOLLOWER s2@group-12E2BDAA93BD:t0, leader=null, voted=, raftlog=Memoized:s2@group-12E2BDAA93BD-SegmentedRaftLog:OPENED:c-1, conf=-1: peers:[s0|rpc:localhost:39219|admin:localhost:43495|client:localhost:46459|dataStream:localhost:43469|priority:0|startupRole:FOLLOWER, s1|rpc:localhost:40809|admin:localhost:39215|client:localhost:45655|dataStream:localhost:34475|priority:0|startupRole:FOLLOWER, s2|rpc:localhost:42237|admin:localhost:40805|client:localhost:36207|dataStream:localhost:44357|priority:0|startupRole:FOLLOWER]|listeners:[], old=null RUNNING, sleep 450ms and then retry.
java.lang.IllegalStateException: No leader yet : printing ALL groups
  s0:  RUNNING  FOLLOWER s0@group-12E2BDAA93BD:t0, leader=null, voted=, raftlog=Memoized:s0@group-12E2BDAA93BD-SegmentedRaftLog:OPENED:c-1, conf=-1: peers:[s0|rpc:localhost:39219|admin:localhost:43495|client:localhost:46459|dataStream:localhost:43469|priority:0|startupRole:FOLLOWER, s1|rpc:localhost:40809|admin:localhost:39215|client:localhost:45655|dataStream:localhost:34475|priority:0|startupRole:FOLLOWER, s2|rpc:localhost:42237|admin:localhost:40805|client:localhost:36207|dataStream:localhost:44357|priority:0|startupRole:FOLLOWER]|listeners:[], old=null RUNNING
  s1:  RUNNING  FOLLOWER s1@group-12E2BDAA93BD:t0, leader=null, voted=, raftlog=Memoized:s1@group-12E2BDAA93BD-SegmentedRaftLog:OPENED:c-1, conf=-1: peers:[s0|rpc:localhost:39219|admin:localhost:43495|client:localhost:46459|dataStream:localhost:43469|priority:0|startupRole:FOLLOWER, s1|rpc:localhost:40809|admin:localhost:39215|client:localhost:45655|dataStream:localhost:34475|priority:0|startupRole:FOLLOWER, s2|rpc:localhost:42237|admin:localhost:40805|client:localhost:36207|dataStream:localhost:44357|priority:0|startupRole:FOLLOWER]|listeners:[], old=null RUNNING
  s2:  RUNNING  FOLLOWER s2@group-12E2BDAA93BD:t0, leader=null, voted=, raftlog=Memoized:s2@group-12E2BDAA93BD-SegmentedRaftLog:OPENED:c-1, conf=-1: peers:[s0|rpc:localhost:39219|admin:localhost:43495|client:localhost:46459|dataStream:localhost:43469|priority:0|startupRole:FOLLOWER, s1|rpc:localhost:40809|admin:localhost:39215|client:localhost:45655|dataStream:localhost:34475|priority:0|startupRole:FOLLOWER, s2|rpc:localhost:42237|admin:localhost:40805|client:localhost:36207|dataStream:localhost:44357|priority:0|startupRole:FOLLOWER]|listeners:[], old=null RUNNING
	at org.apache.ratis.server.impl.MiniRaftCluster.newIllegalStateExceptionForNoLeaders(MiniRaftCluster.java:579)
	at org.apache.ratis.RaftTestUtil.lambda$waitForLeader$1(RaftTestUtil.java:104)
	at org.apache.ratis.server.impl.MiniRaftCluster.getLeader(MiniRaftCluster.java:613)
	at org.apache.ratis.server.impl.MiniRaftCluster.getLeader(MiniRaftCluster.java:606)
	at org.apache.ratis.RaftTestUtil.lambda$waitForLeader$3(RaftTestUtil.java:112)
	at org.apache.ratis.util.JavaUtils.attempt(JavaUtils.java:211)
	at org.apache.ratis.util.JavaUtils.attemptRepeatedly(JavaUtils.java:197)
	at org.apache.ratis.RaftTestUtil.waitForLeader(RaftTestUtil.java:111)
	at org.apache.ratis.RaftTestUtil.waitForLeader(RaftTestUtil.java:92)
	at org.apache.ratis.RaftTestUtil.waitForLeader(RaftTestUtil.java:87)
	at org.apache.ratis.grpc.TestRaftServerWithGrpc.testRaftClientRequestMetrics(TestRaftServerWithGrpc.java:303)
	at org.apache.ratis.server.impl.MiniRaftCluster$Factory$Get.runWithNewCluster(MiniRaftCluster.java:139)
	at org.apache.ratis.server.impl.MiniRaftCluster$Factory$Get.runWithNewCluster(MiniRaftCluster.java:119)
	at org.apache.ratis.grpc.TestRaftServerWithGrpc.testRaftClientMetrics(TestRaftServerWithGrpc.java:214)
	at java.base/jdk.internal.reflect.NativeMethodAccessorImpl.invoke0(Native Method)
	at java.base/jdk.internal.reflect.NativeMethodAccessorImpl.invoke(NativeMethodAccessorImpl.java:62)
	at java.base/jdk.internal.reflect.DelegatingMethodAccessorImpl.invoke(DelegatingMethodAccessorImpl.java:43)
	at java.base/java.lang.reflect.Method.invoke(Method.java:566)
	at org.junit.runners.model.FrameworkMethod$1.runReflectiveCall(FrameworkMethod.java:59)
	at org.junit.internal.runners.model.ReflectiveCallable.run(ReflectiveCallable.java:12)
	at org.junit.runners.model.FrameworkMethod.invokeExplosively(FrameworkMethod.java:56)
	at org.junit.internal.runners.statements.InvokeMethod.evaluate(InvokeMethod.java:17)
	at org.junit.internal.runners.statements.RunBefores.evaluate(RunBefores.java:26)
	at org.junit.internal.runners.statements.RunAfters.evaluate(RunAfters.java:27)
	at org.junit.internal.runners.statements.FailOnTimeout$CallableStatement.call(FailOnTimeout.java:299)
	at org.junit.internal.runners.statements.FailOnTimeout$CallableStatement.call(FailOnTimeout.java:293)
	at java.base/java.util.concurrent.FutureTask.run(FutureTask.java:264)
	at java.base/java.lang.Thread.run(Thread.java:829)
2022-09-09 09:09:33,366 [s0@group-12E2BDAA93BD-FollowerState] INFO  impl.FollowerState (FollowerState.java:run(143)) - s0@group-12E2BDAA93BD-FollowerState: change to CANDIDATE, lastRpcElapsedTime:306722599ns, electionTimeout:278ms
2022-09-09 09:09:33,367 [s0@group-12E2BDAA93BD-FollowerState] INFO  impl.RoleInfo (RoleInfo.java:shutdownFollowerState(110)) - s0: shutdown s0@group-12E2BDAA93BD-FollowerState
2022-09-09 09:09:33,367 [s0@group-12E2BDAA93BD-FollowerState] INFO  server.RaftServer$Division (RaftServerImpl.java:setRole(317)) - s0@group-12E2BDAA93BD: changes role from  FOLLOWER to CANDIDATE at term 0 for changeToCandidate
2022-09-09 09:09:33,367 [s1@group-12E2BDAA93BD-FollowerState] INFO  impl.FollowerState (FollowerState.java:run(143)) - s1@group-12E2BDAA93BD-FollowerState: change to CANDIDATE, lastRpcElapsedTime:219786056ns, electionTimeout:206ms
2022-09-09 09:09:33,368 [s1@group-12E2BDAA93BD-FollowerState] INFO  impl.RoleInfo (RoleInfo.java:shutdownFollowerState(110)) - s1: shutdown s1@group-12E2BDAA93BD-FollowerState
2022-09-09 09:09:33,368 [s1@group-12E2BDAA93BD-FollowerState] INFO  server.RaftServer$Division (RaftServerImpl.java:setRole(317)) - s1@group-12E2BDAA93BD: changes role from  FOLLOWER to CANDIDATE at term 0 for changeToCandidate
2022-09-09 09:09:33,370 [s0@group-12E2BDAA93BD-FollowerState] INFO  server.RaftServerConfigKeys (ConfUtils.java:logGet(46)) - raft.server.leaderelection.pre-vote = true (default)
2022-09-09 09:09:33,370 [s0@group-12E2BDAA93BD-FollowerState] INFO  impl.RoleInfo (RoleInfo.java:updateAndGet(139)) - s0: start s0@group-12E2BDAA93BD-LeaderElection1
2022-09-09 09:09:33,370 [s1@group-12E2BDAA93BD-FollowerState] INFO  server.RaftServerConfigKeys (ConfUtils.java:logGet(46)) - raft.server.leaderelection.pre-vote = true (default)
2022-09-09 09:09:33,370 [s1@group-12E2BDAA93BD-FollowerState] INFO  impl.RoleInfo (RoleInfo.java:updateAndGet(139)) - s1: start s1@group-12E2BDAA93BD-LeaderElection2
2022-09-09 09:09:33,390 [s2@group-12E2BDAA93BD-FollowerState] INFO  impl.FollowerState (FollowerState.java:run(143)) - s2@group-12E2BDAA93BD-FollowerState: change to CANDIDATE, lastRpcElapsedTime:205225265ns, electionTimeout:191ms
2022-09-09 09:09:33,390 [s2@group-12E2BDAA93BD-FollowerState] INFO  impl.RoleInfo (RoleInfo.java:shutdownFollowerState(110)) - s2: shutdown s2@group-12E2BDAA93BD-FollowerState
2022-09-09 09:09:33,390 [s2@group-12E2BDAA93BD-FollowerState] INFO  server.RaftServer$Division (RaftServerImpl.java:setRole(317)) - s2@group-12E2BDAA93BD: changes role from  FOLLOWER to CANDIDATE at term 0 for changeToCandidate
2022-09-09 09:09:33,395 [s2@group-12E2BDAA93BD-FollowerState] INFO  server.RaftServerConfigKeys (ConfUtils.java:logGet(46)) - raft.server.leaderelection.pre-vote = true (default)
2022-09-09 09:09:33,395 [s2@group-12E2BDAA93BD-FollowerState] INFO  impl.RoleInfo (RoleInfo.java:updateAndGet(139)) - s2: start s2@group-12E2BDAA93BD-LeaderElection3
2022-09-09 09:09:33,398 [s0@group-12E2BDAA93BD-LeaderElection1] INFO  impl.LeaderElection (LeaderElection.java:askForVotes(307)) - s0@group-12E2BDAA93BD-LeaderElection1 PRE_VOTE round 0: submit vote requests at term 0 for -1: peers:[s0|rpc:localhost:39219|admin:localhost:43495|client:localhost:46459|dataStream:localhost:43469|priority:0|startupRole:FOLLOWER, s1|rpc:localhost:40809|admin:localhost:39215|client:localhost:45655|dataStream:localhost:34475|priority:0|startupRole:FOLLOWER, s2|rpc:localhost:42237|admin:localhost:40805|client:localhost:36207|dataStream:localhost:44357|priority:0|startupRole:FOLLOWER]|listeners:[], old=null
2022-09-09 09:09:33,401 [s1@group-12E2BDAA93BD-LeaderElection2] INFO  impl.LeaderElection (LeaderElection.java:askForVotes(307)) - s1@group-12E2BDAA93BD-LeaderElection2 PRE_VOTE round 0: submit vote requests at term 0 for -1: peers:[s0|rpc:localhost:39219|admin:localhost:43495|client:localhost:46459|dataStream:localhost:43469|priority:0|startupRole:FOLLOWER, s1|rpc:localhost:40809|admin:localhost:39215|client:localhost:45655|dataStream:localhost:34475|priority:0|startupRole:FOLLOWER, s2|rpc:localhost:42237|admin:localhost:40805|client:localhost:36207|dataStream:localhost:44357|priority:0|startupRole:FOLLOWER]|listeners:[], old=null
2022-09-09 09:09:33,408 [s2@group-12E2BDAA93BD-LeaderElection3] INFO  impl.LeaderElection (LeaderElection.java:askForVotes(307)) - s2@group-12E2BDAA93BD-LeaderElection3 PRE_VOTE round 0: submit vote requests at term 0 for -1: peers:[s0|rpc:localhost:39219|admin:localhost:43495|client:localhost:46459|dataStream:localhost:43469|priority:0|startupRole:FOLLOWER, s1|rpc:localhost:40809|admin:localhost:39215|client:localhost:45655|dataStream:localhost:34475|priority:0|startupRole:FOLLOWER, s2|rpc:localhost:42237|admin:localhost:40805|client:localhost:36207|dataStream:localhost:44357|priority:0|startupRole:FOLLOWER]|listeners:[], old=null
2022-09-09 09:09:33,428 [s2@group-12E2BDAA93BD-LeaderElection3] INFO  server.RaftServerConfigKeys (ConfUtils.java:logFallback(53)) - raft.server.rpc.first-election.timeout.min = 150ms (fallback to raft.server.rpc.timeout.min)
2022-09-09 09:09:33,429 [s2@group-12E2BDAA93BD-LeaderElection3] INFO  server.RaftServerConfigKeys (ConfUtils.java:logFallback(53)) - raft.server.rpc.first-election.timeout.max = 300ms (fallback to raft.server.rpc.timeout.max)
2022-09-09 09:09:33,432 [s0@group-12E2BDAA93BD-LeaderElection1] INFO  server.RaftServerConfigKeys (ConfUtils.java:logFallback(53)) - raft.server.rpc.first-election.timeout.min = 150ms (fallback to raft.server.rpc.timeout.min)
2022-09-09 09:09:33,436 [s0@group-12E2BDAA93BD-LeaderElection1] INFO  server.RaftServerConfigKeys (ConfUtils.java:logFallback(53)) - raft.server.rpc.first-election.timeout.max = 300ms (fallback to raft.server.rpc.timeout.max)
2022-09-09 09:09:33,436 [s2@group-12E2BDAA93BD-LeaderElection3-1] INFO  server.GrpcServerProtocolClient (GrpcServerProtocolClient.java:<init>(63)) - Build channel for s0
2022-09-09 09:09:33,433 [s1@group-12E2BDAA93BD-LeaderElection2] INFO  server.RaftServerConfigKeys (ConfUtils.java:logFallback(53)) - raft.server.rpc.first-election.timeout.min = 150ms (fallback to raft.server.rpc.timeout.min)
2022-09-09 09:09:33,439 [s1@group-12E2BDAA93BD-LeaderElection2] INFO  server.RaftServerConfigKeys (ConfUtils.java:logFallback(53)) - raft.server.rpc.first-election.timeout.max = 300ms (fallback to raft.server.rpc.timeout.max)
2022-09-09 09:09:33,437 [s2@group-12E2BDAA93BD-LeaderElection3-2] INFO  server.GrpcServerProtocolClient (GrpcServerProtocolClient.java:<init>(63)) - Build channel for s1
2022-09-09 09:09:33,447 [s0@group-12E2BDAA93BD-LeaderElection1-2] INFO  server.GrpcServerProtocolClient (GrpcServerProtocolClient.java:<init>(63)) - Build channel for s2
2022-09-09 09:09:33,447 [s0@group-12E2BDAA93BD-LeaderElection1-1] INFO  server.GrpcServerProtocolClient (GrpcServerProtocolClient.java:<init>(63)) - Build channel for s1
2022-09-09 09:09:33,447 [s1@group-12E2BDAA93BD-LeaderElection2-1] INFO  server.GrpcServerProtocolClient (GrpcServerProtocolClient.java:<init>(63)) - Build channel for s0
2022-09-09 09:09:33,463 [s1@group-12E2BDAA93BD-LeaderElection2-2] INFO  server.GrpcServerProtocolClient (GrpcServerProtocolClient.java:<init>(63)) - Build channel for s2
2022-09-09 09:09:33,585 [s0@group-12E2BDAA93BD-LeaderElection1] INFO  impl.LeaderElection (LeaderElection.java:logAndReturn(89)) - s0@group-12E2BDAA93BD-LeaderElection1: PRE_VOTE TIMEOUT received 0 response(s) and 0 exception(s):
2022-09-09 09:09:33,585 [s0@group-12E2BDAA93BD-LeaderElection1] INFO  impl.LeaderElection (LeaderElection.java:askForVotes(309)) - s0@group-12E2BDAA93BD-LeaderElection1 PRE_VOTE round 0: result TIMEOUT
2022-09-09 09:09:33,586 [s0@group-12E2BDAA93BD-LeaderElection1] INFO  impl.LeaderElection (LeaderElection.java:askForVotes(307)) - s0@group-12E2BDAA93BD-LeaderElection1 PRE_VOTE round 1: submit vote requests at term 0 for -1: peers:[s0|rpc:localhost:39219|admin:localhost:43495|client:localhost:46459|dataStream:localhost:43469|priority:0|startupRole:FOLLOWER, s1|rpc:localhost:40809|admin:localhost:39215|client:localhost:45655|dataStream:localhost:34475|priority:0|startupRole:FOLLOWER, s2|rpc:localhost:42237|admin:localhost:40805|client:localhost:36207|dataStream:localhost:44357|priority:0|startupRole:FOLLOWER]|listeners:[], old=null
2022-09-09 09:09:33,588 [s0@group-12E2BDAA93BD-LeaderElection1] INFO  server.RaftServerConfigKeys (ConfUtils.java:logFallback(53)) - raft.server.rpc.first-election.timeout.min = 150ms (fallback to raft.server.rpc.timeout.min)
2022-09-09 09:09:33,588 [s0@group-12E2BDAA93BD-LeaderElection1] INFO  server.RaftServerConfigKeys (ConfUtils.java:logFallback(53)) - raft.server.rpc.first-election.timeout.max = 300ms (fallback to raft.server.rpc.timeout.max)
2022-09-09 09:09:33,593 [s2@group-12E2BDAA93BD-LeaderElection3] INFO  impl.LeaderElection (LeaderElection.java:logAndReturn(89)) - s2@group-12E2BDAA93BD-LeaderElection3: PRE_VOTE TIMEOUT received 0 response(s) and 0 exception(s):
2022-09-09 09:09:33,593 [s2@group-12E2BDAA93BD-LeaderElection3] INFO  impl.LeaderElection (LeaderElection.java:askForVotes(309)) - s2@group-12E2BDAA93BD-LeaderElection3 PRE_VOTE round 0: result TIMEOUT
2022-09-09 09:09:33,593 [s2@group-12E2BDAA93BD-LeaderElection3] INFO  impl.LeaderElection (LeaderElection.java:askForVotes(307)) - s2@group-12E2BDAA93BD-LeaderElection3 PRE_VOTE round 1: submit vote requests at term 0 for -1: peers:[s0|rpc:localhost:39219|admin:localhost:43495|client:localhost:46459|dataStream:localhost:43469|priority:0|startupRole:FOLLOWER, s1|rpc:localhost:40809|admin:localhost:39215|client:localhost:45655|dataStream:localhost:34475|priority:0|startupRole:FOLLOWER, s2|rpc:localhost:42237|admin:localhost:40805|client:localhost:36207|dataStream:localhost:44357|priority:0|startupRole:FOLLOWER]|listeners:[], old=null
2022-09-09 09:09:33,615 [s2@group-12E2BDAA93BD-LeaderElection3] INFO  server.RaftServerConfigKeys (ConfUtils.java:logFallback(53)) - raft.server.rpc.first-election.timeout.min = 150ms (fallback to raft.server.rpc.timeout.min)
2022-09-09 09:09:33,615 [s2@group-12E2BDAA93BD-LeaderElection3] INFO  server.RaftServerConfigKeys (ConfUtils.java:logFallback(53)) - raft.server.rpc.first-election.timeout.max = 300ms (fallback to raft.server.rpc.timeout.max)
2022-09-09 09:09:33,625 [s1@group-12E2BDAA93BD-LeaderElection2] INFO  impl.LeaderElection (LeaderElection.java:logAndReturn(89)) - s1@group-12E2BDAA93BD-LeaderElection2: PRE_VOTE TIMEOUT received 0 response(s) and 0 exception(s):
2022-09-09 09:09:33,625 [s1@group-12E2BDAA93BD-LeaderElection2] INFO  impl.LeaderElection (LeaderElection.java:askForVotes(309)) - s1@group-12E2BDAA93BD-LeaderElection2 PRE_VOTE round 0: result TIMEOUT
2022-09-09 09:09:33,625 [s1@group-12E2BDAA93BD-LeaderElection2] INFO  impl.LeaderElection (LeaderElection.java:askForVotes(307)) - s1@group-12E2BDAA93BD-LeaderElection2 PRE_VOTE round 1: submit vote requests at term 0 for -1: peers:[s0|rpc:localhost:39219|admin:localhost:43495|client:localhost:46459|dataStream:localhost:43469|priority:0|startupRole:FOLLOWER, s1|rpc:localhost:40809|admin:localhost:39215|client:localhost:45655|dataStream:localhost:34475|priority:0|startupRole:FOLLOWER, s2|rpc:localhost:42237|admin:localhost:40805|client:localhost:36207|dataStream:localhost:44357|priority:0|startupRole:FOLLOWER]|listeners:[], old=null
2022-09-09 09:09:33,633 [s1@group-12E2BDAA93BD-LeaderElection2] INFO  server.RaftServerConfigKeys (ConfUtils.java:logFallback(53)) - raft.server.rpc.first-election.timeout.min = 150ms (fallback to raft.server.rpc.timeout.min)
2022-09-09 09:09:33,633 [s1@group-12E2BDAA93BD-LeaderElection2] INFO  server.RaftServerConfigKeys (ConfUtils.java:logFallback(53)) - raft.server.rpc.first-election.timeout.max = 300ms (fallback to raft.server.rpc.timeout.max)
2022-09-09 09:09:33,666 [Time-limited test] WARN  ratis.RaftTestUtil (JavaUtils.java:attempt(217)) - FAILED "waitForLeader-null-(expectLeader? true)", attempt #2/100: java.lang.IllegalStateException: No leader yet : printing ALL groups
  s0:  RUNNING CANDIDATE s0@group-12E2BDAA93BD:t0, leader=null, voted=, raftlog=Memoized:s0@group-12E2BDAA93BD-SegmentedRaftLog:OPENED:c-1, conf=-1: peers:[s0|rpc:localhost:39219|admin:localhost:43495|client:localhost:46459|dataStream:localhost:43469|priority:0|startupRole:FOLLOWER, s1|rpc:localhost:40809|admin:localhost:39215|client:localhost:45655|dataStream:localhost:34475|priority:0|startupRole:FOLLOWER, s2|rpc:localhost:42237|admin:localhost:40805|client:localhost:36207|dataStream:localhost:44357|priority:0|startupRole:FOLLOWER]|listeners:[], old=null RUNNING
  s1:  RUNNING CANDIDATE s1@group-12E2BDAA93BD:t0, leader=null, voted=, raftlog=Memoized:s1@group-12E2BDAA93BD-SegmentedRaftLog:OPENED:c-1, conf=-1: peers:[s0|rpc:localhost:39219|admin:localhost:43495|client:localhost:46459|dataStream:localhost:43469|priority:0|startupRole:FOLLOWER, s1|rpc:localhost:40809|admin:localhost:39215|client:localhost:45655|dataStream:localhost:34475|priority:0|startupRole:FOLLOWER, s2|rpc:localhost:42237|admin:localhost:40805|client:localhost:36207|dataStream:localhost:44357|priority:0|startupRole:FOLLOWER]|listeners:[], old=null RUNNING
  s2:  RUNNING CANDIDATE s2@group-12E2BDAA93BD:t0, leader=null, voted=, raftlog=Memoized:s2@group-12E2BDAA93BD-SegmentedRaftLog:OPENED:c-1, conf=-1: peers:[s0|rpc:localhost:39219|admin:localhost:43495|client:localhost:46459|dataStream:localhost:43469|priority:0|startupRole:FOLLOWER, s1|rpc:localhost:40809|admin:localhost:39215|client:localhost:45655|dataStream:localhost:34475|priority:0|startupRole:FOLLOWER, s2|rpc:localhost:42237|admin:localhost:40805|client:localhost:36207|dataStream:localhost:44357|priority:0|startupRole:FOLLOWER]|listeners:[], old=null RUNNING, sleep 450ms and then retry.
java.lang.IllegalStateException: No leader yet : printing ALL groups
  s0:  RUNNING CANDIDATE s0@group-12E2BDAA93BD:t0, leader=null, voted=, raftlog=Memoized:s0@group-12E2BDAA93BD-SegmentedRaftLog:OPENED:c-1, conf=-1: peers:[s0|rpc:localhost:39219|admin:localhost:43495|client:localhost:46459|dataStream:localhost:43469|priority:0|startupRole:FOLLOWER, s1|rpc:localhost:40809|admin:localhost:39215|client:localhost:45655|dataStream:localhost:34475|priority:0|startupRole:FOLLOWER, s2|rpc:localhost:42237|admin:localhost:40805|client:localhost:36207|dataStream:localhost:44357|priority:0|startupRole:FOLLOWER]|listeners:[], old=null RUNNING
  s1:  RUNNING CANDIDATE s1@group-12E2BDAA93BD:t0, leader=null, voted=, raftlog=Memoized:s1@group-12E2BDAA93BD-SegmentedRaftLog:OPENED:c-1, conf=-1: peers:[s0|rpc:localhost:39219|admin:localhost:43495|client:localhost:46459|dataStream:localhost:43469|priority:0|startupRole:FOLLOWER, s1|rpc:localhost:40809|admin:localhost:39215|client:localhost:45655|dataStream:localhost:34475|priority:0|startupRole:FOLLOWER, s2|rpc:localhost:42237|admin:localhost:40805|client:localhost:36207|dataStream:localhost:44357|priority:0|startupRole:FOLLOWER]|listeners:[], old=null RUNNING
  s2:  RUNNING CANDIDATE s2@group-12E2BDAA93BD:t0, leader=null, voted=, raftlog=Memoized:s2@group-12E2BDAA93BD-SegmentedRaftLog:OPENED:c-1, conf=-1: peers:[s0|rpc:localhost:39219|admin:localhost:43495|client:localhost:46459|dataStream:localhost:43469|priority:0|startupRole:FOLLOWER, s1|rpc:localhost:40809|admin:localhost:39215|client:localhost:45655|dataStream:localhost:34475|priority:0|startupRole:FOLLOWER, s2|rpc:localhost:42237|admin:localhost:40805|client:localhost:36207|dataStream:localhost:44357|priority:0|startupRole:FOLLOWER]|listeners:[], old=null RUNNING
	at org.apache.ratis.server.impl.MiniRaftCluster.newIllegalStateExceptionForNoLeaders(MiniRaftCluster.java:579)
	at org.apache.ratis.RaftTestUtil.lambda$waitForLeader$1(RaftTestUtil.java:104)
	at org.apache.ratis.server.impl.MiniRaftCluster.getLeader(MiniRaftCluster.java:613)
	at org.apache.ratis.server.impl.MiniRaftCluster.getLeader(MiniRaftCluster.java:606)
	at org.apache.ratis.RaftTestUtil.lambda$waitForLeader$3(RaftTestUtil.java:112)
	at org.apache.ratis.util.JavaUtils.attempt(JavaUtils.java:211)
	at org.apache.ratis.util.JavaUtils.attemptRepeatedly(JavaUtils.java:197)
	at org.apache.ratis.RaftTestUtil.waitForLeader(RaftTestUtil.java:111)
	at org.apache.ratis.RaftTestUtil.waitForLeader(RaftTestUtil.java:92)
	at org.apache.ratis.RaftTestUtil.waitForLeader(RaftTestUtil.java:87)
	at org.apache.ratis.grpc.TestRaftServerWithGrpc.testRaftClientRequestMetrics(TestRaftServerWithGrpc.java:303)
	at org.apache.ratis.server.impl.MiniRaftCluster$Factory$Get.runWithNewCluster(MiniRaftCluster.java:139)
	at org.apache.ratis.server.impl.MiniRaftCluster$Factory$Get.runWithNewCluster(MiniRaftCluster.java:119)
	at org.apache.ratis.grpc.TestRaftServerWithGrpc.testRaftClientMetrics(TestRaftServerWithGrpc.java:214)
	at java.base/jdk.internal.reflect.NativeMethodAccessorImpl.invoke0(Native Method)
	at java.base/jdk.internal.reflect.NativeMethodAccessorImpl.invoke(NativeMethodAccessorImpl.java:62)
	at java.base/jdk.internal.reflect.DelegatingMethodAccessorImpl.invoke(DelegatingMethodAccessorImpl.java:43)
	at java.base/java.lang.reflect.Method.invoke(Method.java:566)
	at org.junit.runners.model.FrameworkMethod$1.runReflectiveCall(FrameworkMethod.java:59)
	at org.junit.internal.runners.model.ReflectiveCallable.run(ReflectiveCallable.java:12)
	at org.junit.runners.model.FrameworkMethod.invokeExplosively(FrameworkMethod.java:56)
	at org.junit.internal.runners.statements.InvokeMethod.evaluate(InvokeMethod.java:17)
	at org.junit.internal.runners.statements.RunBefores.evaluate(RunBefores.java:26)
	at org.junit.internal.runners.statements.RunAfters.evaluate(RunAfters.java:27)
	at org.junit.internal.runners.statements.FailOnTimeout$CallableStatement.call(FailOnTimeout.java:299)
	at org.junit.internal.runners.statements.FailOnTimeout$CallableStatement.call(FailOnTimeout.java:293)
	at java.base/java.util.concurrent.FutureTask.run(FutureTask.java:264)
	at java.base/java.lang.Thread.run(Thread.java:829)
2022-09-09 09:09:33,764 [s0@group-12E2BDAA93BD-LeaderElection1] INFO  impl.LeaderElection (LeaderElection.java:logAndReturn(89)) - s0@group-12E2BDAA93BD-LeaderElection1: PRE_VOTE TIMEOUT received 0 response(s) and 0 exception(s):
2022-09-09 09:09:33,764 [s0@group-12E2BDAA93BD-LeaderElection1] INFO  impl.LeaderElection (LeaderElection.java:askForVotes(309)) - s0@group-12E2BDAA93BD-LeaderElection1 PRE_VOTE round 1: result TIMEOUT
2022-09-09 09:09:33,764 [s0@group-12E2BDAA93BD-LeaderElection1] INFO  impl.LeaderElection (LeaderElection.java:askForVotes(307)) - s0@group-12E2BDAA93BD-LeaderElection1 PRE_VOTE round 2: submit vote requests at term 0 for -1: peers:[s0|rpc:localhost:39219|admin:localhost:43495|client:localhost:46459|dataStream:localhost:43469|priority:0|startupRole:FOLLOWER, s1|rpc:localhost:40809|admin:localhost:39215|client:localhost:45655|dataStream:localhost:34475|priority:0|startupRole:FOLLOWER, s2|rpc:localhost:42237|admin:localhost:40805|client:localhost:36207|dataStream:localhost:44357|priority:0|startupRole:FOLLOWER]|listeners:[], old=null
2022-09-09 09:09:33,776 [s0@group-12E2BDAA93BD-LeaderElection1] INFO  server.RaftServerConfigKeys (ConfUtils.java:logFallback(53)) - raft.server.rpc.first-election.timeout.min = 150ms (fallback to raft.server.rpc.timeout.min)
2022-09-09 09:09:33,776 [s0@group-12E2BDAA93BD-LeaderElection1] INFO  server.RaftServerConfigKeys (ConfUtils.java:logFallback(53)) - raft.server.rpc.first-election.timeout.max = 300ms (fallback to raft.server.rpc.timeout.max)
2022-09-09 09:09:33,837 [s2@group-12E2BDAA93BD-LeaderElection3] INFO  impl.LeaderElection (LeaderElection.java:logAndReturn(89)) - s2@group-12E2BDAA93BD-LeaderElection3: PRE_VOTE TIMEOUT received 0 response(s) and 0 exception(s):
2022-09-09 09:09:33,841 [s2@group-12E2BDAA93BD-LeaderElection3] INFO  impl.LeaderElection (LeaderElection.java:askForVotes(309)) - s2@group-12E2BDAA93BD-LeaderElection3 PRE_VOTE round 1: result TIMEOUT
2022-09-09 09:09:33,841 [s2@group-12E2BDAA93BD-LeaderElection3] INFO  impl.LeaderElection (LeaderElection.java:askForVotes(307)) - s2@group-12E2BDAA93BD-LeaderElection3 PRE_VOTE round 2: submit vote requests at term 0 for -1: peers:[s0|rpc:localhost:39219|admin:localhost:43495|client:localhost:46459|dataStream:localhost:43469|priority:0|startupRole:FOLLOWER, s1|rpc:localhost:40809|admin:localhost:39215|client:localhost:45655|dataStream:localhost:34475|priority:0|startupRole:FOLLOWER, s2|rpc:localhost:42237|admin:localhost:40805|client:localhost:36207|dataStream:localhost:44357|priority:0|startupRole:FOLLOWER]|listeners:[], old=null
2022-09-09 09:09:33,851 [s2@group-12E2BDAA93BD-LeaderElection3] INFO  server.RaftServerConfigKeys (ConfUtils.java:logFallback(53)) - raft.server.rpc.first-election.timeout.min = 150ms (fallback to raft.server.rpc.timeout.min)
2022-09-09 09:09:33,851 [s2@group-12E2BDAA93BD-LeaderElection3] INFO  server.RaftServerConfigKeys (ConfUtils.java:logFallback(53)) - raft.server.rpc.first-election.timeout.max = 300ms (fallback to raft.server.rpc.timeout.max)
2022-09-09 09:09:33,861 [grpc-default-executor-7] INFO  server.RaftServer$Division (RaftServerImpl.java:requestVote(1258)) - s0@group-12E2BDAA93BD: receive requestVote(PRE_VOTE, s1, group-12E2BDAA93BD, 0, (t:0, i:0))
2022-09-09 09:09:33,881 [grpc-default-executor-7] INFO  impl.VoteContext (VoteContext.java:log(49)) - s0@group-12E2BDAA93BD-CANDIDATE: accept PRE_VOTE from s1: our priority 0 <= candidate's priority 0
2022-09-09 09:09:33,879 [grpc-default-executor-3] INFO  server.RaftServer$Division (RaftServerImpl.java:requestVote(1258)) - s1@group-12E2BDAA93BD: receive requestVote(PRE_VOTE, s0, group-12E2BDAA93BD, 0, (t:0, i:0))
2022-09-09 09:09:33,889 [grpc-default-executor-6] INFO  server.RaftServer$Division (RaftServerImpl.java:requestVote(1258)) - s0@group-12E2BDAA93BD: receive requestVote(PRE_VOTE, s2, group-12E2BDAA93BD, 0, (t:0, i:0))
2022-09-09 09:09:33,889 [grpc-default-executor-11] INFO  server.RaftServer$Division (RaftServerImpl.java:requestVote(1258)) - s1@group-12E2BDAA93BD: receive requestVote(PRE_VOTE, s0, group-12E2BDAA93BD, 0, (t:0, i:0))
2022-09-09 09:09:33,891 [grpc-default-executor-8] INFO  server.RaftServer$Division (RaftServerImpl.java:requestVote(1258)) - s2@group-12E2BDAA93BD: receive requestVote(PRE_VOTE, s1, group-12E2BDAA93BD, 0, (t:0, i:0))
2022-09-09 09:09:33,879 [grpc-default-executor-5] INFO  server.RaftServer$Division (RaftServerImpl.java:requestVote(1258)) - s1@group-12E2BDAA93BD: receive requestVote(PRE_VOTE, s0, group-12E2BDAA93BD, 0, (t:0, i:0))
2022-09-09 09:09:33,879 [grpc-default-executor-2] INFO  server.RaftServer$Division (RaftServerImpl.java:requestVote(1258)) - s0@group-12E2BDAA93BD: receive requestVote(PRE_VOTE, s1, group-12E2BDAA93BD, 0, (t:0, i:0))
2022-09-09 09:09:33,879 [grpc-default-executor-1] INFO  server.RaftServer$Division (RaftServerImpl.java:requestVote(1258)) - s2@group-12E2BDAA93BD: receive requestVote(PRE_VOTE, s0, group-12E2BDAA93BD, 0, (t:0, i:0))
2022-09-09 09:09:33,879 [grpc-default-executor-4] INFO  server.RaftServer$Division (RaftServerImpl.java:requestVote(1258)) - s2@group-12E2BDAA93BD: receive requestVote(PRE_VOTE, s0, group-12E2BDAA93BD, 0, (t:0, i:0))
2022-09-09 09:09:33,865 [grpc-default-executor-9] INFO  server.RaftServer$Division (RaftServerImpl.java:requestVote(1258)) - s2@group-12E2BDAA93BD: receive requestVote(PRE_VOTE, s1, group-12E2BDAA93BD, 0, (t:0, i:0))
2022-09-09 09:09:33,891 [grpc-default-executor-12] INFO  server.RaftServer$Division (RaftServerImpl.java:requestVote(1258)) - s0@group-12E2BDAA93BD: receive requestVote(PRE_VOTE, s2, group-12E2BDAA93BD, 0, (t:0, i:0))
2022-09-09 09:09:33,889 [grpc-default-executor-10] INFO  server.RaftServer$Division (RaftServerImpl.java:requestVote(1258)) - s0@group-12E2BDAA93BD: receive requestVote(PRE_VOTE, s2, group-12E2BDAA93BD, 0, (t:0, i:0))
2022-09-09 09:09:33,887 [grpc-default-executor-7] INFO  server.RaftServer$Division (RaftServerImpl.java:requestVote(1291)) - s0@group-12E2BDAA93BD replies to PRE_VOTE vote request: s1<-s0#0:OK-t0. Peer's state: s0@group-12E2BDAA93BD:t0, leader=null, voted=, raftlog=Memoized:s0@group-12E2BDAA93BD-SegmentedRaftLog:OPENED:c-1, conf=-1: peers:[s0|rpc:localhost:39219|admin:localhost:43495|client:localhost:46459|dataStream:localhost:43469|priority:0|startupRole:FOLLOWER, s1|rpc:localhost:40809|admin:localhost:39215|client:localhost:45655|dataStream:localhost:34475|priority:0|startupRole:FOLLOWER, s2|rpc:localhost:42237|admin:localhost:40805|client:localhost:36207|dataStream:localhost:44357|priority:0|startupRole:FOLLOWER]|listeners:[], old=null
2022-09-09 09:09:33,884 [s1@group-12E2BDAA93BD-LeaderElection2] INFO  impl.LeaderElection (LeaderElection.java:logAndReturn(89)) - s1@group-12E2BDAA93BD-LeaderElection2: PRE_VOTE TIMEOUT received 0 response(s) and 0 exception(s):
2022-09-09 09:09:33,896 [s1@group-12E2BDAA93BD-LeaderElection2] INFO  impl.LeaderElection (LeaderElection.java:askForVotes(309)) - s1@group-12E2BDAA93BD-LeaderElection2 PRE_VOTE round 1: result TIMEOUT
2022-09-09 09:09:33,884 [grpc-default-executor-0] INFO  server.RaftServer$Division (RaftServerImpl.java:requestVote(1258)) - s2@group-12E2BDAA93BD: receive requestVote(PRE_VOTE, s0, group-12E2BDAA93BD, 0, (t:0, i:0))
2022-09-09 09:09:33,891 [grpc-default-executor-8] INFO  impl.VoteContext (VoteContext.java:log(49)) - s2@group-12E2BDAA93BD-CANDIDATE: accept PRE_VOTE from s1: our priority 0 <= candidate's priority 0
2022-09-09 09:09:33,902 [grpc-default-executor-8] INFO  server.RaftServer$Division (RaftServerImpl.java:requestVote(1291)) - s2@group-12E2BDAA93BD replies to PRE_VOTE vote request: s1<-s2#0:OK-t0. Peer's state: s2@group-12E2BDAA93BD:t0, leader=null, voted=, raftlog=Memoized:s2@group-12E2BDAA93BD-SegmentedRaftLog:OPENED:c-1, conf=-1: peers:[s0|rpc:localhost:39219|admin:localhost:43495|client:localhost:46459|dataStream:localhost:43469|priority:0|startupRole:FOLLOWER, s1|rpc:localhost:40809|admin:localhost:39215|client:localhost:45655|dataStream:localhost:34475|priority:0|startupRole:FOLLOWER, s2|rpc:localhost:42237|admin:localhost:40805|client:localhost:36207|dataStream:localhost:44357|priority:0|startupRole:FOLLOWER]|listeners:[], old=null
2022-09-09 09:09:33,888 [grpc-default-executor-3] INFO  impl.VoteContext (VoteContext.java:log(49)) - s1@group-12E2BDAA93BD-CANDIDATE: accept PRE_VOTE from s0: our priority 0 <= candidate's priority 0
2022-09-09 09:09:33,903 [grpc-default-executor-3] INFO  server.RaftServer$Division (RaftServerImpl.java:requestVote(1291)) - s1@group-12E2BDAA93BD replies to PRE_VOTE vote request: s0<-s1#0:OK-t0. Peer's state: s1@group-12E2BDAA93BD:t0, leader=null, voted=, raftlog=Memoized:s1@group-12E2BDAA93BD-SegmentedRaftLog:OPENED:c-1, conf=-1: peers:[s0|rpc:localhost:39219|admin:localhost:43495|client:localhost:46459|dataStream:localhost:43469|priority:0|startupRole:FOLLOWER, s1|rpc:localhost:40809|admin:localhost:39215|client:localhost:45655|dataStream:localhost:34475|priority:0|startupRole:FOLLOWER, s2|rpc:localhost:42237|admin:localhost:40805|client:localhost:36207|dataStream:localhost:44357|priority:0|startupRole:FOLLOWER]|listeners:[], old=null
2022-09-09 09:09:33,896 [grpc-default-executor-10] INFO  impl.VoteContext (VoteContext.java:log(49)) - s0@group-12E2BDAA93BD-CANDIDATE: accept PRE_VOTE from s2: our priority 0 <= candidate's priority 0
2022-09-09 09:09:33,911 [grpc-default-executor-10] INFO  server.RaftServer$Division (RaftServerImpl.java:requestVote(1291)) - s0@group-12E2BDAA93BD replies to PRE_VOTE vote request: s2<-s0#0:OK-t0. Peer's state: s0@group-12E2BDAA93BD:t0, leader=null, voted=, raftlog=Memoized:s0@group-12E2BDAA93BD-SegmentedRaftLog:OPENED:c-1, conf=-1: peers:[s0|rpc:localhost:39219|admin:localhost:43495|client:localhost:46459|dataStream:localhost:43469|priority:0|startupRole:FOLLOWER, s1|rpc:localhost:40809|admin:localhost:39215|client:localhost:45655|dataStream:localhost:34475|priority:0|startupRole:FOLLOWER, s2|rpc:localhost:42237|admin:localhost:40805|client:localhost:36207|dataStream:localhost:44357|priority:0|startupRole:FOLLOWER]|listeners:[], old=null
2022-09-09 09:09:33,911 [grpc-default-executor-12] INFO  impl.VoteContext (VoteContext.java:log(49)) - s0@group-12E2BDAA93BD-CANDIDATE: accept PRE_VOTE from s2: our priority 0 <= candidate's priority 0
2022-09-09 09:09:33,913 [grpc-default-executor-12] INFO  server.RaftServer$Division (RaftServerImpl.java:requestVote(1291)) - s0@group-12E2BDAA93BD replies to PRE_VOTE vote request: s2<-s0#0:OK-t0. Peer's state: s0@group-12E2BDAA93BD:t0, leader=null, voted=, raftlog=Memoized:s0@group-12E2BDAA93BD-SegmentedRaftLog:OPENED:c-1, conf=-1: peers:[s0|rpc:localhost:39219|admin:localhost:43495|client:localhost:46459|dataStream:localhost:43469|priority:0|startupRole:FOLLOWER, s1|rpc:localhost:40809|admin:localhost:39215|client:localhost:45655|dataStream:localhost:34475|priority:0|startupRole:FOLLOWER, s2|rpc:localhost:42237|admin:localhost:40805|client:localhost:36207|dataStream:localhost:44357|priority:0|startupRole:FOLLOWER]|listeners:[], old=null
2022-09-09 09:09:33,913 [grpc-default-executor-2] INFO  impl.VoteContext (VoteContext.java:log(49)) - s0@group-12E2BDAA93BD-CANDIDATE: accept PRE_VOTE from s1: our priority 0 <= candidate's priority 0
2022-09-09 09:09:33,916 [grpc-default-executor-2] INFO  server.RaftServer$Division (RaftServerImpl.java:requestVote(1291)) - s0@group-12E2BDAA93BD replies to PRE_VOTE vote request: s1<-s0#0:OK-t0. Peer's state: s0@group-12E2BDAA93BD:t0, leader=null, voted=, raftlog=Memoized:s0@group-12E2BDAA93BD-SegmentedRaftLog:OPENED:c-1, conf=-1: peers:[s0|rpc:localhost:39219|admin:localhost:43495|client:localhost:46459|dataStream:localhost:43469|priority:0|startupRole:FOLLOWER, s1|rpc:localhost:40809|admin:localhost:39215|client:localhost:45655|dataStream:localhost:34475|priority:0|startupRole:FOLLOWER, s2|rpc:localhost:42237|admin:localhost:40805|client:localhost:36207|dataStream:localhost:44357|priority:0|startupRole:FOLLOWER]|listeners:[], old=null
2022-09-09 09:09:33,916 [grpc-default-executor-6] INFO  impl.VoteContext (VoteContext.java:log(49)) - s0@group-12E2BDAA93BD-CANDIDATE: accept PRE_VOTE from s2: our priority 0 <= candidate's priority 0
2022-09-09 09:09:33,917 [grpc-default-executor-6] INFO  server.RaftServer$Division (RaftServerImpl.java:requestVote(1291)) - s0@group-12E2BDAA93BD replies to PRE_VOTE vote request: s2<-s0#0:OK-t0. Peer's state: s0@group-12E2BDAA93BD:t0, leader=null, voted=, raftlog=Memoized:s0@group-12E2BDAA93BD-SegmentedRaftLog:OPENED:c-1, conf=-1: peers:[s0|rpc:localhost:39219|admin:localhost:43495|client:localhost:46459|dataStream:localhost:43469|priority:0|startupRole:FOLLOWER, s1|rpc:localhost:40809|admin:localhost:39215|client:localhost:45655|dataStream:localhost:34475|priority:0|startupRole:FOLLOWER, s2|rpc:localhost:42237|admin:localhost:40805|client:localhost:36207|dataStream:localhost:44357|priority:0|startupRole:FOLLOWER]|listeners:[], old=null
2022-09-09 09:09:33,906 [s1@group-12E2BDAA93BD-LeaderElection2] INFO  impl.LeaderElection (LeaderElection.java:askForVotes(307)) - s1@group-12E2BDAA93BD-LeaderElection2 PRE_VOTE round 2: submit vote requests at term 0 for -1: peers:[s0|rpc:localhost:39219|admin:localhost:43495|client:localhost:46459|dataStream:localhost:43469|priority:0|startupRole:FOLLOWER, s1|rpc:localhost:40809|admin:localhost:39215|client:localhost:45655|dataStream:localhost:34475|priority:0|startupRole:FOLLOWER, s2|rpc:localhost:42237|admin:localhost:40805|client:localhost:36207|dataStream:localhost:44357|priority:0|startupRole:FOLLOWER]|listeners:[], old=null
2022-09-09 09:09:33,903 [grpc-default-executor-0] INFO  impl.VoteContext (VoteContext.java:log(49)) - s2@group-12E2BDAA93BD-CANDIDATE: accept PRE_VOTE from s0: our priority 0 <= candidate's priority 0
2022-09-09 09:09:33,903 [grpc-default-executor-5] INFO  impl.VoteContext (VoteContext.java:log(49)) - s1@group-12E2BDAA93BD-CANDIDATE: accept PRE_VOTE from s0: our priority 0 <= candidate's priority 0
2022-09-09 09:09:33,930 [grpc-default-executor-5] INFO  server.RaftServer$Division (RaftServerImpl.java:requestVote(1291)) - s1@group-12E2BDAA93BD replies to PRE_VOTE vote request: s0<-s1#0:OK-t0. Peer's state: s1@group-12E2BDAA93BD:t0, leader=null, voted=, raftlog=Memoized:s1@group-12E2BDAA93BD-SegmentedRaftLog:OPENED:c-1, conf=-1: peers:[s0|rpc:localhost:39219|admin:localhost:43495|client:localhost:46459|dataStream:localhost:43469|priority:0|startupRole:FOLLOWER, s1|rpc:localhost:40809|admin:localhost:39215|client:localhost:45655|dataStream:localhost:34475|priority:0|startupRole:FOLLOWER, s2|rpc:localhost:42237|admin:localhost:40805|client:localhost:36207|dataStream:localhost:44357|priority:0|startupRole:FOLLOWER]|listeners:[], old=null
2022-09-09 09:09:33,930 [grpc-default-executor-11] INFO  impl.VoteContext (VoteContext.java:log(49)) - s1@group-12E2BDAA93BD-CANDIDATE: accept PRE_VOTE from s0: our priority 0 <= candidate's priority 0
2022-09-09 09:09:33,930 [grpc-default-executor-11] INFO  server.RaftServer$Division (RaftServerImpl.java:requestVote(1291)) - s1@group-12E2BDAA93BD replies to PRE_VOTE vote request: s0<-s1#0:OK-t0. Peer's state: s1@group-12E2BDAA93BD:t0, leader=null, voted=, raftlog=Memoized:s1@group-12E2BDAA93BD-SegmentedRaftLog:OPENED:c-1, conf=-1: peers:[s0|rpc:localhost:39219|admin:localhost:43495|client:localhost:46459|dataStream:localhost:43469|priority:0|startupRole:FOLLOWER, s1|rpc:localhost:40809|admin:localhost:39215|client:localhost:45655|dataStream:localhost:34475|priority:0|startupRole:FOLLOWER, s2|rpc:localhost:42237|admin:localhost:40805|client:localhost:36207|dataStream:localhost:44357|priority:0|startupRole:FOLLOWER]|listeners:[], old=null
2022-09-09 09:09:33,926 [grpc-default-executor-0] INFO  server.RaftServer$Division (RaftServerImpl.java:requestVote(1291)) - s2@group-12E2BDAA93BD replies to PRE_VOTE vote request: s0<-s2#0:OK-t0. Peer's state: s2@group-12E2BDAA93BD:t0, leader=null, voted=, raftlog=Memoized:s2@group-12E2BDAA93BD-SegmentedRaftLog:OPENED:c-1, conf=-1: peers:[s0|rpc:localhost:39219|admin:localhost:43495|client:localhost:46459|dataStream:localhost:43469|priority:0|startupRole:FOLLOWER, s1|rpc:localhost:40809|admin:localhost:39215|client:localhost:45655|dataStream:localhost:34475|priority:0|startupRole:FOLLOWER, s2|rpc:localhost:42237|admin:localhost:40805|client:localhost:36207|dataStream:localhost:44357|priority:0|startupRole:FOLLOWER]|listeners:[], old=null
2022-09-09 09:09:33,922 [s1@group-12E2BDAA93BD-LeaderElection2] INFO  server.RaftServerConfigKeys (ConfUtils.java:logFallback(53)) - raft.server.rpc.first-election.timeout.min = 150ms (fallback to raft.server.rpc.timeout.min)
2022-09-09 09:09:33,934 [s1@group-12E2BDAA93BD-LeaderElection2] INFO  server.RaftServerConfigKeys (ConfUtils.java:logFallback(53)) - raft.server.rpc.first-election.timeout.max = 300ms (fallback to raft.server.rpc.timeout.max)
2022-09-09 09:09:33,915 [grpc-default-executor-8] INFO  server.RaftServer$Division (RaftServerImpl.java:requestVote(1258)) - s1@group-12E2BDAA93BD: receive requestVote(PRE_VOTE, s2, group-12E2BDAA93BD, 0, (t:0, i:0))
2022-09-09 09:09:33,934 [grpc-default-executor-8] INFO  impl.VoteContext (VoteContext.java:log(49)) - s1@group-12E2BDAA93BD-CANDIDATE: accept PRE_VOTE from s2: our priority 0 <= candidate's priority 0
2022-09-09 09:09:33,934 [grpc-default-executor-8] INFO  server.RaftServer$Division (RaftServerImpl.java:requestVote(1291)) - s1@group-12E2BDAA93BD replies to PRE_VOTE vote request: s2<-s1#0:OK-t0. Peer's state: s1@group-12E2BDAA93BD:t0, leader=null, voted=, raftlog=Memoized:s1@group-12E2BDAA93BD-SegmentedRaftLog:OPENED:c-1, conf=-1: peers:[s0|rpc:localhost:39219|admin:localhost:43495|client:localhost:46459|dataStream:localhost:43469|priority:0|startupRole:FOLLOWER, s1|rpc:localhost:40809|admin:localhost:39215|client:localhost:45655|dataStream:localhost:34475|priority:0|startupRole:FOLLOWER, s2|rpc:localhost:42237|admin:localhost:40805|client:localhost:36207|dataStream:localhost:44357|priority:0|startupRole:FOLLOWER]|listeners:[], old=null
2022-09-09 09:09:33,914 [grpc-default-executor-14] INFO  server.RaftServer$Division (RaftServerImpl.java:requestVote(1258)) - s1@group-12E2BDAA93BD: receive requestVote(PRE_VOTE, s2, group-12E2BDAA93BD, 0, (t:0, i:0))
2022-09-09 09:09:33,935 [grpc-default-executor-14] INFO  impl.VoteContext (VoteContext.java:log(49)) - s1@group-12E2BDAA93BD-CANDIDATE: accept PRE_VOTE from s2: our priority 0 <= candidate's priority 0
2022-09-09 09:09:33,935 [grpc-default-executor-14] INFO  server.RaftServer$Division (RaftServerImpl.java:requestVote(1291)) - s1@group-12E2BDAA93BD replies to PRE_VOTE vote request: s2<-s1#0:OK-t0. Peer's state: s1@group-12E2BDAA93BD:t0, leader=null, voted=, raftlog=Memoized:s1@group-12E2BDAA93BD-SegmentedRaftLog:OPENED:c-1, conf=-1: peers:[s0|rpc:localhost:39219|admin:localhost:43495|client:localhost:46459|dataStream:localhost:43469|priority:0|startupRole:FOLLOWER, s1|rpc:localhost:40809|admin:localhost:39215|client:localhost:45655|dataStream:localhost:34475|priority:0|startupRole:FOLLOWER, s2|rpc:localhost:42237|admin:localhost:40805|client:localhost:36207|dataStream:localhost:44357|priority:0|startupRole:FOLLOWER]|listeners:[], old=null
2022-09-09 09:09:33,913 [grpc-default-executor-10] INFO  server.RaftServer$Division (RaftServerImpl.java:requestVote(1258)) - s1@group-12E2BDAA93BD: receive requestVote(PRE_VOTE, s2, group-12E2BDAA93BD, 0, (t:0, i:0))
2022-09-09 09:09:33,936 [grpc-default-executor-10] INFO  impl.VoteContext (VoteContext.java:log(49)) - s1@group-12E2BDAA93BD-CANDIDATE: accept PRE_VOTE from s2: our priority 0 <= candidate's priority 0
2022-09-09 09:09:33,936 [grpc-default-executor-10] INFO  server.RaftServer$Division (RaftServerImpl.java:requestVote(1291)) - s1@group-12E2BDAA93BD replies to PRE_VOTE vote request: s2<-s1#0:OK-t0. Peer's state: s1@group-12E2BDAA93BD:t0, leader=null, voted=, raftlog=Memoized:s1@group-12E2BDAA93BD-SegmentedRaftLog:OPENED:c-1, conf=-1: peers:[s0|rpc:localhost:39219|admin:localhost:43495|client:localhost:46459|dataStream:localhost:43469|priority:0|startupRole:FOLLOWER, s1|rpc:localhost:40809|admin:localhost:39215|client:localhost:45655|dataStream:localhost:34475|priority:0|startupRole:FOLLOWER, s2|rpc:localhost:42237|admin:localhost:40805|client:localhost:36207|dataStream:localhost:44357|priority:0|startupRole:FOLLOWER]|listeners:[], old=null
2022-09-09 09:09:33,932 [grpc-default-executor-9] INFO  impl.VoteContext (VoteContext.java:log(49)) - s2@group-12E2BDAA93BD-CANDIDATE: accept PRE_VOTE from s1: our priority 0 <= candidate's priority 0
2022-09-09 09:09:33,936 [grpc-default-executor-9] INFO  server.RaftServer$Division (RaftServerImpl.java:requestVote(1291)) - s2@group-12E2BDAA93BD replies to PRE_VOTE vote request: s1<-s2#0:OK-t0. Peer's state: s2@group-12E2BDAA93BD:t0, leader=null, voted=, raftlog=Memoized:s2@group-12E2BDAA93BD-SegmentedRaftLog:OPENED:c-1, conf=-1: peers:[s0|rpc:localhost:39219|admin:localhost:43495|client:localhost:46459|dataStream:localhost:43469|priority:0|startupRole:FOLLOWER, s1|rpc:localhost:40809|admin:localhost:39215|client:localhost:45655|dataStream:localhost:34475|priority:0|startupRole:FOLLOWER, s2|rpc:localhost:42237|admin:localhost:40805|client:localhost:36207|dataStream:localhost:44357|priority:0|startupRole:FOLLOWER]|listeners:[], old=null
2022-09-09 09:09:33,937 [grpc-default-executor-4] INFO  impl.VoteContext (VoteContext.java:log(49)) - s2@group-12E2BDAA93BD-CANDIDATE: accept PRE_VOTE from s0: our priority 0 <= candidate's priority 0
2022-09-09 09:09:33,937 [grpc-default-executor-4] INFO  server.RaftServer$Division (RaftServerImpl.java:requestVote(1291)) - s2@group-12E2BDAA93BD replies to PRE_VOTE vote request: s0<-s2#0:OK-t0. Peer's state: s2@group-12E2BDAA93BD:t0, leader=null, voted=, raftlog=Memoized:s2@group-12E2BDAA93BD-SegmentedRaftLog:OPENED:c-1, conf=-1: peers:[s0|rpc:localhost:39219|admin:localhost:43495|client:localhost:46459|dataStream:localhost:43469|priority:0|startupRole:FOLLOWER, s1|rpc:localhost:40809|admin:localhost:39215|client:localhost:45655|dataStream:localhost:34475|priority:0|startupRole:FOLLOWER, s2|rpc:localhost:42237|admin:localhost:40805|client:localhost:36207|dataStream:localhost:44357|priority:0|startupRole:FOLLOWER]|listeners:[], old=null
2022-09-09 09:09:33,938 [grpc-default-executor-1] INFO  impl.VoteContext (VoteContext.java:log(49)) - s2@group-12E2BDAA93BD-CANDIDATE: accept PRE_VOTE from s0: our priority 0 <= candidate's priority 0
2022-09-09 09:09:33,938 [grpc-default-executor-1] INFO  server.RaftServer$Division (RaftServerImpl.java:requestVote(1291)) - s2@group-12E2BDAA93BD replies to PRE_VOTE vote request: s0<-s2#0:OK-t0. Peer's state: s2@group-12E2BDAA93BD:t0, leader=null, voted=, raftlog=Memoized:s2@group-12E2BDAA93BD-SegmentedRaftLog:OPENED:c-1, conf=-1: peers:[s0|rpc:localhost:39219|admin:localhost:43495|client:localhost:46459|dataStream:localhost:43469|priority:0|startupRole:FOLLOWER, s1|rpc:localhost:40809|admin:localhost:39215|client:localhost:45655|dataStream:localhost:34475|priority:0|startupRole:FOLLOWER, s2|rpc:localhost:42237|admin:localhost:40805|client:localhost:36207|dataStream:localhost:44357|priority:0|startupRole:FOLLOWER]|listeners:[], old=null
2022-09-09 09:09:33,962 [s0@group-12E2BDAA93BD-LeaderElection1] INFO  impl.LeaderElection (LeaderElection.java:logAndReturn(89)) - s0@group-12E2BDAA93BD-LeaderElection1: PRE_VOTE PASSED received 1 response(s) and 0 exception(s):
2022-09-09 09:09:33,971 [s0@group-12E2BDAA93BD-LeaderElection1] INFO  impl.LeaderElection (LeaderElection.java:logAndReturn(93)) -   Response 0: s0<-s1#0:OK-t0
2022-09-09 09:09:33,971 [s0@group-12E2BDAA93BD-LeaderElection1] INFO  impl.LeaderElection (LeaderElection.java:askForVotes(309)) - s0@group-12E2BDAA93BD-LeaderElection1 PRE_VOTE round 2: result PASSED
2022-09-09 09:09:33,973 [s0@group-12E2BDAA93BD-LeaderElection1] INFO  impl.LeaderElection (LeaderElection.java:askForVotes(307)) - s0@group-12E2BDAA93BD-LeaderElection1 ELECTION round 0: submit vote requests at term 1 for -1: peers:[s0|rpc:localhost:39219|admin:localhost:43495|client:localhost:46459|dataStream:localhost:43469|priority:0|startupRole:FOLLOWER, s1|rpc:localhost:40809|admin:localhost:39215|client:localhost:45655|dataStream:localhost:34475|priority:0|startupRole:FOLLOWER, s2|rpc:localhost:42237|admin:localhost:40805|client:localhost:36207|dataStream:localhost:44357|priority:0|startupRole:FOLLOWER]|listeners:[], old=null
2022-09-09 09:09:33,977 [s0@group-12E2BDAA93BD-LeaderElection1] INFO  server.RaftServerConfigKeys (ConfUtils.java:logFallback(53)) - raft.server.rpc.first-election.timeout.min = 150ms (fallback to raft.server.rpc.timeout.min)
2022-09-09 09:09:33,977 [s0@group-12E2BDAA93BD-LeaderElection1] INFO  server.RaftServerConfigKeys (ConfUtils.java:logFallback(53)) - raft.server.rpc.first-election.timeout.max = 300ms (fallback to raft.server.rpc.timeout.max)
2022-09-09 09:09:33,995 [grpc-default-executor-4] INFO  server.RaftServer$Division (RaftServerImpl.java:requestVote(1258)) - s1@group-12E2BDAA93BD: receive requestVote(ELECTION, s0, group-12E2BDAA93BD, 1, (t:0, i:0))
2022-09-09 09:09:34,000 [grpc-default-executor-4] INFO  impl.VoteContext (VoteContext.java:log(49)) - s1@group-12E2BDAA93BD-CANDIDATE: accept ELECTION from s0: our priority 0 <= candidate's priority 0
2022-09-09 09:09:34,001 [grpc-default-executor-4] INFO  server.RaftServer$Division (RaftServerImpl.java:setRole(317)) - s1@group-12E2BDAA93BD: changes role from CANDIDATE to FOLLOWER at term 1 for candidate:s0
2022-09-09 09:09:34,002 [grpc-default-executor-4] INFO  impl.RoleInfo (RoleInfo.java:shutdownLeaderElection(130)) - s1: shutdown s1@group-12E2BDAA93BD-LeaderElection2
2022-09-09 09:09:34,002 [grpc-default-executor-4] INFO  impl.RoleInfo (RoleInfo.java:updateAndGet(139)) - s1: start s1@group-12E2BDAA93BD-FollowerState
2022-09-09 09:09:34,008 [s2@group-12E2BDAA93BD-LeaderElection3] INFO  impl.LeaderElection (LeaderElection.java:logAndReturn(89)) - s2@group-12E2BDAA93BD-LeaderElection3: PRE_VOTE PASSED received 1 response(s) and 0 exception(s):
2022-09-09 09:09:34,008 [s2@group-12E2BDAA93BD-LeaderElection3] INFO  impl.LeaderElection (LeaderElection.java:logAndReturn(93)) -   Response 0: s2<-s0#0:OK-t0
2022-09-09 09:09:34,008 [s2@group-12E2BDAA93BD-LeaderElection3] INFO  impl.LeaderElection (LeaderElection.java:askForVotes(309)) - s2@group-12E2BDAA93BD-LeaderElection3 PRE_VOTE round 2: result PASSED
2022-09-09 09:09:34,009 [s1@group-12E2BDAA93BD-FollowerState] INFO  server.RaftServerConfigKeys (ConfUtils.java:logFallback(53)) - raft.server.rpc.first-election.timeout.min = 150ms (fallback to raft.server.rpc.timeout.min)
2022-09-09 09:09:34,009 [s1@group-12E2BDAA93BD-FollowerState] INFO  server.RaftServerConfigKeys (ConfUtils.java:logFallback(53)) - raft.server.rpc.first-election.timeout.max = 300ms (fallback to raft.server.rpc.timeout.max)
2022-09-09 09:09:34,011 [s2@group-12E2BDAA93BD-LeaderElection3] INFO  impl.LeaderElection (LeaderElection.java:askForVotes(307)) - s2@group-12E2BDAA93BD-LeaderElection3 ELECTION round 0: submit vote requests at term 1 for -1: peers:[s0|rpc:localhost:39219|admin:localhost:43495|client:localhost:46459|dataStream:localhost:43469|priority:0|startupRole:FOLLOWER, s1|rpc:localhost:40809|admin:localhost:39215|client:localhost:45655|dataStream:localhost:34475|priority:0|startupRole:FOLLOWER, s2|rpc:localhost:42237|admin:localhost:40805|client:localhost:36207|dataStream:localhost:44357|priority:0|startupRole:FOLLOWER]|listeners:[], old=null
2022-09-09 09:09:34,011 [grpc-default-executor-1] INFO  server.RaftServer$Division (RaftServerImpl.java:requestVote(1258)) - s2@group-12E2BDAA93BD: receive requestVote(ELECTION, s0, group-12E2BDAA93BD, 1, (t:0, i:0))
2022-09-09 09:09:34,021 [grpc-default-executor-1] INFO  impl.VoteContext (VoteContext.java:log(49)) - s2@group-12E2BDAA93BD-CANDIDATE: reject ELECTION from s0: already has voted for s2 at current term 1
2022-09-09 09:09:34,021 [grpc-default-executor-1] INFO  server.RaftServer$Division (RaftServerImpl.java:requestVote(1291)) - s2@group-12E2BDAA93BD replies to ELECTION vote request: s0<-s2#0:FAIL-t1. Peer's state: s2@group-12E2BDAA93BD:t1, leader=null, voted=s2, raftlog=Memoized:s2@group-12E2BDAA93BD-SegmentedRaftLog:OPENED:c-1, conf=-1: peers:[s0|rpc:localhost:39219|admin:localhost:43495|client:localhost:46459|dataStream:localhost:43469|priority:0|startupRole:FOLLOWER, s1|rpc:localhost:40809|admin:localhost:39215|client:localhost:45655|dataStream:localhost:34475|priority:0|startupRole:FOLLOWER, s2|rpc:localhost:42237|admin:localhost:40805|client:localhost:36207|dataStream:localhost:44357|priority:0|startupRole:FOLLOWER]|listeners:[], old=null
2022-09-09 09:09:34,015 [s2@group-12E2BDAA93BD-LeaderElection3] INFO  server.RaftServerConfigKeys (ConfUtils.java:logFallback(53)) - raft.server.rpc.first-election.timeout.min = 150ms (fallback to raft.server.rpc.timeout.min)
2022-09-09 09:09:34,024 [s2@group-12E2BDAA93BD-LeaderElection3] INFO  server.RaftServerConfigKeys (ConfUtils.java:logFallback(53)) - raft.server.rpc.first-election.timeout.max = 300ms (fallback to raft.server.rpc.timeout.max)
2022-09-09 09:09:34,013 [grpc-default-executor-4] INFO  server.RaftServer$Division (RaftServerImpl.java:requestVote(1291)) - s1@group-12E2BDAA93BD replies to ELECTION vote request: s0<-s1#0:OK-t1. Peer's state: s1@group-12E2BDAA93BD:t1, leader=null, voted=s0, raftlog=Memoized:s1@group-12E2BDAA93BD-SegmentedRaftLog:OPENED:c-1, conf=-1: peers:[s0|rpc:localhost:39219|admin:localhost:43495|client:localhost:46459|dataStream:localhost:43469|priority:0|startupRole:FOLLOWER, s1|rpc:localhost:40809|admin:localhost:39215|client:localhost:45655|dataStream:localhost:34475|priority:0|startupRole:FOLLOWER, s2|rpc:localhost:42237|admin:localhost:40805|client:localhost:36207|dataStream:localhost:44357|priority:0|startupRole:FOLLOWER]|listeners:[], old=null
2022-09-09 09:09:34,035 [grpc-default-executor-10] INFO  server.RaftServer$Division (RaftServerImpl.java:requestVote(1258)) - s2@group-12E2BDAA93BD: receive requestVote(PRE_VOTE, s1, group-12E2BDAA93BD, 0, (t:0, i:0))
2022-09-09 09:09:34,035 [grpc-default-executor-9] INFO  server.RaftServer$Division (RaftServerImpl.java:requestVote(1258)) - s0@group-12E2BDAA93BD: receive requestVote(PRE_VOTE, s1, group-12E2BDAA93BD, 0, (t:0, i:0))
2022-09-09 09:09:34,037 [grpc-default-executor-9] INFO  impl.VoteContext (VoteContext.java:log(49)) - s0@group-12E2BDAA93BD-CANDIDATE: accept PRE_VOTE from s1: our priority 0 <= candidate's priority 0
2022-09-09 09:09:34,037 [grpc-default-executor-9] INFO  server.RaftServer$Division (RaftServerImpl.java:requestVote(1291)) - s0@group-12E2BDAA93BD replies to PRE_VOTE vote request: s1<-s0#0:OK-t1. Peer's state: s0@group-12E2BDAA93BD:t1, leader=null, voted=s0, raftlog=Memoized:s0@group-12E2BDAA93BD-SegmentedRaftLog:OPENED:c-1, conf=-1: peers:[s0|rpc:localhost:39219|admin:localhost:43495|client:localhost:46459|dataStream:localhost:43469|priority:0|startupRole:FOLLOWER, s1|rpc:localhost:40809|admin:localhost:39215|client:localhost:45655|dataStream:localhost:34475|priority:0|startupRole:FOLLOWER, s2|rpc:localhost:42237|admin:localhost:40805|client:localhost:36207|dataStream:localhost:44357|priority:0|startupRole:FOLLOWER]|listeners:[], old=null
2022-09-09 09:09:34,037 [grpc-default-executor-1] INFO  server.RaftServer$Division (RaftServerImpl.java:requestVote(1258)) - s0@group-12E2BDAA93BD: receive requestVote(ELECTION, s2, group-12E2BDAA93BD, 1, (t:0, i:0))
2022-09-09 09:09:34,037 [grpc-default-executor-1] INFO  impl.VoteContext (VoteContext.java:log(49)) - s0@group-12E2BDAA93BD-CANDIDATE: reject ELECTION from s2: already has voted for s0 at current term 1
2022-09-09 09:09:34,037 [grpc-default-executor-1] INFO  server.RaftServer$Division (RaftServerImpl.java:requestVote(1291)) - s0@group-12E2BDAA93BD replies to ELECTION vote request: s2<-s0#0:FAIL-t1. Peer's state: s0@group-12E2BDAA93BD:t1, leader=null, voted=s0, raftlog=Memoized:s0@group-12E2BDAA93BD-SegmentedRaftLog:OPENED:c-1, conf=-1: peers:[s0|rpc:localhost:39219|admin:localhost:43495|client:localhost:46459|dataStream:localhost:43469|priority:0|startupRole:FOLLOWER, s1|rpc:localhost:40809|admin:localhost:39215|client:localhost:45655|dataStream:localhost:34475|priority:0|startupRole:FOLLOWER, s2|rpc:localhost:42237|admin:localhost:40805|client:localhost:36207|dataStream:localhost:44357|priority:0|startupRole:FOLLOWER]|listeners:[], old=null
2022-09-09 09:09:34,042 [s0@group-12E2BDAA93BD-LeaderElection1] INFO  impl.LeaderElection (LeaderElection.java:logAndReturn(89)) - s0@group-12E2BDAA93BD-LeaderElection1: ELECTION PASSED received 2 response(s) and 0 exception(s):
2022-09-09 09:09:34,042 [s0@group-12E2BDAA93BD-LeaderElection1] INFO  impl.LeaderElection (LeaderElection.java:logAndReturn(93)) -   Response 0: s0<-s1#0:OK-t1
2022-09-09 09:09:34,042 [s0@group-12E2BDAA93BD-LeaderElection1] INFO  impl.LeaderElection (LeaderElection.java:logAndReturn(93)) -   Response 1: s0<-s2#0:FAIL-t1
2022-09-09 09:09:34,042 [s0@group-12E2BDAA93BD-LeaderElection1] INFO  impl.LeaderElection (LeaderElection.java:askForVotes(309)) - s0@group-12E2BDAA93BD-LeaderElection1 ELECTION round 0: result PASSED
2022-09-09 09:09:34,043 [s0@group-12E2BDAA93BD-LeaderElection1] INFO  impl.RoleInfo (RoleInfo.java:shutdownLeaderElection(130)) - s0: shutdown s0@group-12E2BDAA93BD-LeaderElection1
2022-09-09 09:09:34,043 [s0@group-12E2BDAA93BD-LeaderElection1] INFO  server.RaftServer$Division (RaftServerImpl.java:setRole(317)) - s0@group-12E2BDAA93BD: changes role from CANDIDATE to LEADER at term 1 for changeToLeader
2022-09-09 09:09:34,043 [s0@group-12E2BDAA93BD-LeaderElection1] INFO  server.RaftServer$Division (ServerState.java:setLeader(259)) - s0@group-12E2BDAA93BD: change Leader from null to s0 at term 1 for becomeLeader, leader elected after 1272ms
2022-09-09 09:09:34,043 [grpc-default-executor-10] INFO  impl.VoteContext (VoteContext.java:log(49)) - s2@group-12E2BDAA93BD-CANDIDATE: accept PRE_VOTE from s1: our priority 0 <= candidate's priority 0
2022-09-09 09:09:34,043 [grpc-default-executor-10] INFO  server.RaftServer$Division (RaftServerImpl.java:requestVote(1291)) - s2@group-12E2BDAA93BD replies to PRE_VOTE vote request: s1<-s2#0:OK-t1. Peer's state: s2@group-12E2BDAA93BD:t1, leader=null, voted=s2, raftlog=Memoized:s2@group-12E2BDAA93BD-SegmentedRaftLog:OPENED:c-1, conf=-1: peers:[s0|rpc:localhost:39219|admin:localhost:43495|client:localhost:46459|dataStream:localhost:43469|priority:0|startupRole:FOLLOWER, s1|rpc:localhost:40809|admin:localhost:39215|client:localhost:45655|dataStream:localhost:34475|priority:0|startupRole:FOLLOWER, s2|rpc:localhost:42237|admin:localhost:40805|client:localhost:36207|dataStream:localhost:44357|priority:0|startupRole:FOLLOWER]|listeners:[], old=null
2022-09-09 09:09:34,045 [s1@group-12E2BDAA93BD-LeaderElection2] INFO  impl.LeaderElection (LeaderElection.java:logAndReturn(89)) - s1@group-12E2BDAA93BD-LeaderElection2: PRE_VOTE DISCOVERED_A_NEW_TERM (term=1) received 1 response(s) and 0 exception(s):
2022-09-09 09:09:34,045 [s1@group-12E2BDAA93BD-LeaderElection2] INFO  impl.LeaderElection (LeaderElection.java:logAndReturn(93)) -   Response 0: s1<-s0#0:OK-t1
2022-09-09 09:09:34,045 [s1@group-12E2BDAA93BD-LeaderElection2] INFO  impl.LeaderElection (LeaderElection.java:askForVotes(309)) - s1@group-12E2BDAA93BD-LeaderElection2 PRE_VOTE round 2: result DISCOVERED_A_NEW_TERM (term=1)
2022-09-09 09:09:34,049 [s0@group-12E2BDAA93BD-LeaderElection1] INFO  server.RaftServerConfigKeys (ConfUtils.java:logGet(46)) - raft.server.staging.catchup.gap = 1000 (default)
2022-09-09 09:09:34,051 [grpc-default-executor-1] INFO  server.RaftServer$Division (RaftServerImpl.java:requestVote(1258)) - s1@group-12E2BDAA93BD: receive requestVote(ELECTION, s2, group-12E2BDAA93BD, 1, (t:0, i:0))
2022-09-09 09:09:34,051 [grpc-default-executor-1] INFO  impl.VoteContext (VoteContext.java:log(49)) - s1@group-12E2BDAA93BD-FOLLOWER: reject ELECTION from s2: already has voted for s0 at current term 1
2022-09-09 09:09:34,052 [grpc-default-executor-1] INFO  server.RaftServer$Division (RaftServerImpl.java:requestVote(1291)) - s1@group-12E2BDAA93BD replies to ELECTION vote request: s2<-s1#0:FAIL-t1. Peer's state: s1@group-12E2BDAA93BD:t1, leader=null, voted=s0, raftlog=Memoized:s1@group-12E2BDAA93BD-SegmentedRaftLog:OPENED:c-1, conf=-1: peers:[s0|rpc:localhost:39219|admin:localhost:43495|client:localhost:46459|dataStream:localhost:43469|priority:0|startupRole:FOLLOWER, s1|rpc:localhost:40809|admin:localhost:39215|client:localhost:45655|dataStream:localhost:34475|priority:0|startupRole:FOLLOWER, s2|rpc:localhost:42237|admin:localhost:40805|client:localhost:36207|dataStream:localhost:44357|priority:0|startupRole:FOLLOWER]|listeners:[], old=null
2022-09-09 09:09:34,056 [s2@group-12E2BDAA93BD-LeaderElection3] INFO  impl.LeaderElection (LeaderElection.java:logAndReturn(89)) - s2@group-12E2BDAA93BD-LeaderElection3: ELECTION REJECTED received 2 response(s) and 0 exception(s):
2022-09-09 09:09:34,056 [s2@group-12E2BDAA93BD-LeaderElection3] INFO  impl.LeaderElection (LeaderElection.java:logAndReturn(93)) -   Response 0: s2<-s0#0:FAIL-t1
2022-09-09 09:09:34,056 [s2@group-12E2BDAA93BD-LeaderElection3] INFO  impl.LeaderElection (LeaderElection.java:logAndReturn(93)) -   Response 1: s2<-s1#0:FAIL-t1
2022-09-09 09:09:34,056 [s2@group-12E2BDAA93BD-LeaderElection3] INFO  impl.LeaderElection (LeaderElection.java:askForVotes(309)) - s2@group-12E2BDAA93BD-LeaderElection3 ELECTION round 0: result REJECTED
2022-09-09 09:09:34,056 [s2@group-12E2BDAA93BD-LeaderElection3] INFO  server.RaftServer$Division (RaftServerImpl.java:setRole(317)) - s2@group-12E2BDAA93BD: changes role from CANDIDATE to FOLLOWER at term 1 for REJECTED
2022-09-09 09:09:34,056 [s2@group-12E2BDAA93BD-LeaderElection3] INFO  impl.RoleInfo (RoleInfo.java:shutdownLeaderElection(130)) - s2: shutdown s2@group-12E2BDAA93BD-LeaderElection3
2022-09-09 09:09:34,057 [s2@group-12E2BDAA93BD-LeaderElection3] INFO  impl.RoleInfo (RoleInfo.java:updateAndGet(139)) - s2: start s2@group-12E2BDAA93BD-FollowerState
2022-09-09 09:09:34,061 [s0@group-12E2BDAA93BD-LeaderElection1] INFO  server.RaftServerConfigKeys (ConfUtils.java:logGet(46)) - raft.server.write.element-limit = 4096 (default)
2022-09-09 09:09:34,063 [s2@group-12E2BDAA93BD-FollowerState] INFO  server.RaftServerConfigKeys (ConfUtils.java:logFallback(53)) - raft.server.rpc.first-election.timeout.min = 150ms (fallback to raft.server.rpc.timeout.min)
2022-09-09 09:09:34,063 [s2@group-12E2BDAA93BD-FollowerState] INFO  server.RaftServerConfigKeys (ConfUtils.java:logFallback(53)) - raft.server.rpc.first-election.timeout.max = 300ms (fallback to raft.server.rpc.timeout.max)
2022-09-09 09:09:34,064 [s0@group-12E2BDAA93BD-LeaderElection1] INFO  server.RaftServerConfigKeys (ConfUtils.java:logGet(46)) - raft.server.write.byte-limit = 64MB (=67108864) (default)
2022-09-09 09:09:34,070 [s0@group-12E2BDAA93BD-LeaderElection1] INFO  server.RaftServerConfigKeys (ConfUtils.java:logGet(46)) - raft.server.watch.timeout = 10s (default)
2022-09-09 09:09:34,071 [s0@group-12E2BDAA93BD-LeaderElection1] INFO  server.RaftServerConfigKeys (ConfUtils.java:logGet(46)) - raft.server.watch.timeout.denomination = 1s (default)
2022-09-09 09:09:34,073 [s0@group-12E2BDAA93BD-LeaderElection1] INFO  server.RaftServerConfigKeys (ConfUtils.java:logGet(46)) - raft.server.watch.element-limit = 65536 (default)
2022-09-09 09:09:34,081 [s0@group-12E2BDAA93BD-LeaderElection1] INFO  server.RaftServerConfigKeys (ConfUtils.java:logGet(46)) - raft.server.write.element-limit = 4096 (default)
2022-09-09 09:09:34,084 [s0@group-12E2BDAA93BD-LeaderElection1] INFO  server.RaftServerConfigKeys (ConfUtils.java:logGet(46)) - raft.server.write.follower.gap.ratio.max = -1.0 (default)
2022-09-09 09:09:34,107 [s0@group-12E2BDAA93BD-LeaderElection1] INFO  server.RaftServerConfigKeys (ConfUtils.java:logGet(46)) - raft.server.log.appender.snapshot.chunk.size.max = 16MB (=16777216) (default)
2022-09-09 09:09:34,107 [s0@group-12E2BDAA93BD-LeaderElection1] INFO  server.RaftServerConfigKeys (ConfUtils.java:logGet(46)) - raft.server.log.appender.buffer.byte-limit = 4MB (=4194304) (default)
2022-09-09 09:09:34,107 [s0@group-12E2BDAA93BD-LeaderElection1] INFO  server.RaftServerConfigKeys (ConfUtils.java:logGet(46)) - raft.server.log.appender.buffer.element-limit = 0 (default)
2022-09-09 09:09:34,111 [s0@group-12E2BDAA93BD-LeaderElection1] INFO  grpc.GrpcConfigKeys (ConfUtils.java:logGet(46)) - raft.grpc.server.leader.outstanding.appends.max = 128 (default)
2022-09-09 09:09:34,111 [s0@group-12E2BDAA93BD-LeaderElection1] INFO  server.RaftServerConfigKeys (ConfUtils.java:logGet(46)) - raft.server.rpc.request.timeout = 3000ms (default)
2022-09-09 09:09:34,111 [s0@group-12E2BDAA93BD-LeaderElection1] INFO  server.RaftServerConfigKeys (ConfUtils.java:logGet(46)) - raft.server.log.appender.install.snapshot.enabled = true (default)
2022-09-09 09:09:34,111 [s0@group-12E2BDAA93BD-LeaderElection1] INFO  grpc.GrpcConfigKeys (ConfUtils.java:logGet(46)) - raft.grpc.server.heartbeat.channel = false (custom)
2022-09-09 09:09:34,116 [s0@group-12E2BDAA93BD-LeaderElection1] INFO  server.RaftServerConfigKeys (ConfUtils.java:logGet(46)) - raft.server.log.appender.snapshot.chunk.size.max = 16MB (=16777216) (default)
2022-09-09 09:09:34,116 [s0@group-12E2BDAA93BD-LeaderElection1] INFO  server.RaftServerConfigKeys (ConfUtils.java:logGet(46)) - raft.server.log.appender.buffer.byte-limit = 4MB (=4194304) (default)
2022-09-09 09:09:34,116 [s0@group-12E2BDAA93BD-LeaderElection1] INFO  server.RaftServerConfigKeys (ConfUtils.java:logGet(46)) - raft.server.log.appender.buffer.element-limit = 0 (default)
2022-09-09 09:09:34,116 [s0@group-12E2BDAA93BD-LeaderElection1] INFO  grpc.GrpcConfigKeys (ConfUtils.java:logGet(46)) - raft.grpc.server.leader.outstanding.appends.max = 128 (default)
2022-09-09 09:09:34,116 [s0@group-12E2BDAA93BD-LeaderElection1] INFO  server.RaftServerConfigKeys (ConfUtils.java:logGet(46)) - raft.server.rpc.request.timeout = 3000ms (default)
2022-09-09 09:09:34,116 [s0@group-12E2BDAA93BD-LeaderElection1] INFO  server.RaftServerConfigKeys (ConfUtils.java:logGet(46)) - raft.server.log.appender.install.snapshot.enabled = true (default)
2022-09-09 09:09:34,117 [s0@group-12E2BDAA93BD-LeaderElection1] INFO  grpc.GrpcConfigKeys (ConfUtils.java:logGet(46)) - raft.grpc.server.heartbeat.channel = false (custom)
2022-09-09 09:09:34,118 [Time-limited test] WARN  ratis.RaftTestUtil (JavaUtils.java:attempt(217)) - FAILED "waitForLeader-null-(expectLeader? true)", attempt #3/100: java.lang.IllegalStateException: Leader: s0@group-12E2BDAA93BD not ready, sleep 450ms and then retry.
java.lang.IllegalStateException: Leader: s0@group-12E2BDAA93BD not ready
	at org.apache.ratis.RaftTestUtil.lambda$waitForLeader$3(RaftTestUtil.java:114)
	at org.apache.ratis.util.JavaUtils.attempt(JavaUtils.java:211)
	at org.apache.ratis.util.JavaUtils.attemptRepeatedly(JavaUtils.java:197)
	at org.apache.ratis.RaftTestUtil.waitForLeader(RaftTestUtil.java:111)
	at org.apache.ratis.RaftTestUtil.waitForLeader(RaftTestUtil.java:92)
	at org.apache.ratis.RaftTestUtil.waitForLeader(RaftTestUtil.java:87)
	at org.apache.ratis.grpc.TestRaftServerWithGrpc.testRaftClientRequestMetrics(TestRaftServerWithGrpc.java:303)
	at org.apache.ratis.server.impl.MiniRaftCluster$Factory$Get.runWithNewCluster(MiniRaftCluster.java:139)
	at org.apache.ratis.server.impl.MiniRaftCluster$Factory$Get.runWithNewCluster(MiniRaftCluster.java:119)
	at org.apache.ratis.grpc.TestRaftServerWithGrpc.testRaftClientMetrics(TestRaftServerWithGrpc.java:214)
	at java.base/jdk.internal.reflect.NativeMethodAccessorImpl.invoke0(Native Method)
	at java.base/jdk.internal.reflect.NativeMethodAccessorImpl.invoke(NativeMethodAccessorImpl.java:62)
	at java.base/jdk.internal.reflect.DelegatingMethodAccessorImpl.invoke(DelegatingMethodAccessorImpl.java:43)
	at java.base/java.lang.reflect.Method.invoke(Method.java:566)
	at org.junit.runners.model.FrameworkMethod$1.runReflectiveCall(FrameworkMethod.java:59)
	at org.junit.internal.runners.model.ReflectiveCallable.run(ReflectiveCallable.java:12)
	at org.junit.runners.model.FrameworkMethod.invokeExplosively(FrameworkMethod.java:56)
	at org.junit.internal.runners.statements.InvokeMethod.evaluate(InvokeMethod.java:17)
	at org.junit.internal.runners.statements.RunBefores.evaluate(RunBefores.java:26)
	at org.junit.internal.runners.statements.RunAfters.evaluate(RunAfters.java:27)
	at org.junit.internal.runners.statements.FailOnTimeout$CallableStatement.call(FailOnTimeout.java:299)
	at org.junit.internal.runners.statements.FailOnTimeout$CallableStatement.call(FailOnTimeout.java:293)
	at java.base/java.util.concurrent.FutureTask.run(FutureTask.java:264)
	at java.base/java.lang.Thread.run(Thread.java:829)
2022-09-09 09:09:34,119 [s0@group-12E2BDAA93BD-LeaderElection1] INFO  impl.RoleInfo (RoleInfo.java:updateAndGet(139)) - s0: start s0@group-12E2BDAA93BD-LeaderStateImpl
2022-09-09 09:09:34,134 [s0@group-12E2BDAA93BD-LeaderElection1] INFO  segmented.SegmentedRaftLogWorker (SegmentedRaftLogWorker.java:startLogSegment(431)) - s0@group-12E2BDAA93BD-SegmentedRaftLogWorker: Starting segment from index:0
2022-09-09 09:09:34,164 [s1@group-12E2BDAA93BD-FollowerState] INFO  server.RaftServerConfigKeys (ConfUtils.java:logFallback(53)) - raft.server.rpc.first-election.timeout.min = 150ms (fallback to raft.server.rpc.timeout.min)
2022-09-09 09:09:34,164 [s1@group-12E2BDAA93BD-FollowerState] INFO  server.RaftServerConfigKeys (ConfUtils.java:logFallback(53)) - raft.server.rpc.first-election.timeout.max = 300ms (fallback to raft.server.rpc.timeout.max)
2022-09-09 09:09:34,187 [s0@group-12E2BDAA93BD-LeaderElection1] INFO  server.RaftServer$Division (ServerState.java:setRaftConf(376)) - s0@group-12E2BDAA93BD: set configuration 0: peers:[s0|rpc:localhost:39219|admin:localhost:43495|client:localhost:46459|dataStream:localhost:43469|priority:0|startupRole:FOLLOWER, s1|rpc:localhost:40809|admin:localhost:39215|client:localhost:45655|dataStream:localhost:34475|priority:0|startupRole:FOLLOWER, s2|rpc:localhost:42237|admin:localhost:40805|client:localhost:36207|dataStream:localhost:44357|priority:0|startupRole:FOLLOWER]|listeners:[], old=null
2022-09-09 09:09:34,230 [s1-server-thread1] INFO  server.RaftServer$Division (ServerState.java:setLeader(259)) - s1@group-12E2BDAA93BD: change Leader from null to s0 at term 1 for appendEntries, leader elected after 1466ms
2022-09-09 09:09:34,243 [s2-server-thread1] INFO  server.RaftServer$Division (ServerState.java:setLeader(259)) - s2@group-12E2BDAA93BD: change Leader from null to s0 at term 1 for appendEntries, leader elected after 1481ms
2022-09-09 09:09:34,271 [s1-server-thread2] INFO  server.RaftServer$Division (ServerState.java:setRaftConf(376)) - s1@group-12E2BDAA93BD: set configuration 0: peers:[s0|rpc:localhost:39219|admin:localhost:43495|client:localhost:46459|dataStream:localhost:43469|priority:0|startupRole:FOLLOWER, s1|rpc:localhost:40809|admin:localhost:39215|client:localhost:45655|dataStream:localhost:34475|priority:0|startupRole:FOLLOWER, s2|rpc:localhost:42237|admin:localhost:40805|client:localhost:36207|dataStream:localhost:44357|priority:0|startupRole:FOLLOWER]|listeners:[], old=null
2022-09-09 09:09:34,272 [s1-server-thread2] INFO  segmented.SegmentedRaftLogWorker (SegmentedRaftLogWorker.java:startLogSegment(431)) - s1@group-12E2BDAA93BD-SegmentedRaftLogWorker: Starting segment from index:0
2022-09-09 09:09:34,280 [s2-server-thread1] INFO  server.RaftServer$Division (ServerState.java:setRaftConf(376)) - s2@group-12E2BDAA93BD: set configuration 0: peers:[s0|rpc:localhost:39219|admin:localhost:43495|client:localhost:46459|dataStream:localhost:43469|priority:0|startupRole:FOLLOWER, s1|rpc:localhost:40809|admin:localhost:39215|client:localhost:45655|dataStream:localhost:34475|priority:0|startupRole:FOLLOWER, s2|rpc:localhost:42237|admin:localhost:40805|client:localhost:36207|dataStream:localhost:44357|priority:0|startupRole:FOLLOWER]|listeners:[], old=null
2022-09-09 09:09:34,280 [s2-server-thread1] INFO  segmented.SegmentedRaftLogWorker (SegmentedRaftLogWorker.java:startLogSegment(431)) - s2@group-12E2BDAA93BD-SegmentedRaftLogWorker: Starting segment from index:0
2022-09-09 09:09:34,316 [s2@group-12E2BDAA93BD-SegmentedRaftLogWorker] INFO  segmented.SegmentedRaftLogWorker (SegmentedRaftLogWorker.java:execute(635)) - s2@group-12E2BDAA93BD-SegmentedRaftLogWorker: created new log segment /home/runner/work/ratis/ratis/ratis-test/target/test/data/c7351e4a/MiniRaftClusterWithGrpc631d171c/s2/bfdf6a81-94c2-4d7f-ad33-12e2bdaa93bd/current/log_inprogress_0
2022-09-09 09:09:34,318 [s1@group-12E2BDAA93BD-SegmentedRaftLogWorker] INFO  segmented.SegmentedRaftLogWorker (SegmentedRaftLogWorker.java:execute(635)) - s1@group-12E2BDAA93BD-SegmentedRaftLogWorker: created new log segment /home/runner/work/ratis/ratis/ratis-test/target/test/data/c7351e4a/MiniRaftClusterWithGrpc631d171c/s1/bfdf6a81-94c2-4d7f-ad33-12e2bdaa93bd/current/log_inprogress_0
2022-09-09 09:09:34,330 [s0@group-12E2BDAA93BD-SegmentedRaftLogWorker] INFO  segmented.SegmentedRaftLogWorker (SegmentedRaftLogWorker.java:execute(635)) - s0@group-12E2BDAA93BD-SegmentedRaftLogWorker: created new log segment /home/runner/work/ratis/ratis/ratis-test/target/test/data/c7351e4a/MiniRaftClusterWithGrpc631d171c/s0/bfdf6a81-94c2-4d7f-ad33-12e2bdaa93bd/current/log_inprogress_0
2022-09-09 09:09:34,569 [Time-limited test] INFO  ratis.RaftTestUtil (RaftTestUtil.java:waitForLeader(119)) - printing ALL groups
  s0:  RUNNING    LEADER s0@group-12E2BDAA93BD:t1, leader=s0, voted=s0, raftlog=Memoized:s0@group-12E2BDAA93BD-SegmentedRaftLog:OPENED:c0, conf=0: peers:[s0|rpc:localhost:39219|admin:localhost:43495|client:localhost:46459|dataStream:localhost:43469|priority:0|startupRole:FOLLOWER, s1|rpc:localhost:40809|admin:localhost:39215|client:localhost:45655|dataStream:localhost:34475|priority:0|startupRole:FOLLOWER, s2|rpc:localhost:42237|admin:localhost:40805|client:localhost:36207|dataStream:localhost:44357|priority:0|startupRole:FOLLOWER]|listeners:[], old=null RUNNING
  s1:  RUNNING  FOLLOWER s1@group-12E2BDAA93BD:t1, leader=s0, voted=s0, raftlog=Memoized:s1@group-12E2BDAA93BD-SegmentedRaftLog:OPENED:c0, conf=0: peers:[s0|rpc:localhost:39219|admin:localhost:43495|client:localhost:46459|dataStream:localhost:43469|priority:0|startupRole:FOLLOWER, s1|rpc:localhost:40809|admin:localhost:39215|client:localhost:45655|dataStream:localhost:34475|priority:0|startupRole:FOLLOWER, s2|rpc:localhost:42237|admin:localhost:40805|client:localhost:36207|dataStream:localhost:44357|priority:0|startupRole:FOLLOWER]|listeners:[], old=null RUNNING
  s2:  RUNNING  FOLLOWER s2@group-12E2BDAA93BD:t1, leader=s0, voted=s2, raftlog=Memoized:s2@group-12E2BDAA93BD-SegmentedRaftLog:OPENED:c0, conf=0: peers:[s0|rpc:localhost:39219|admin:localhost:43495|client:localhost:46459|dataStream:localhost:43469|priority:0|startupRole:FOLLOWER, s1|rpc:localhost:40809|admin:localhost:39215|client:localhost:45655|dataStream:localhost:34475|priority:0|startupRole:FOLLOWER, s2|rpc:localhost:42237|admin:localhost:40805|client:localhost:36207|dataStream:localhost:44357|priority:0|startupRole:FOLLOWER]|listeners:[], old=null RUNNING
2022-09-09 09:09:34,599 [Time-limited test] DEBUG client.GrpcClientProtocolClient (ConfUtils.java:logGet(46)) - raft.grpc.flow.control.window = 1MB (=1048576) (default)
2022-09-09 09:09:34,600 [Time-limited test] DEBUG client.GrpcClientProtocolClient (ConfUtils.java:logGet(46)) - raft.grpc.message.size.max = 64MB (=67108864) (default)
2022-09-09 09:09:34,666 [grpc-default-executor-10] TRACE client.GrpcClientProtocolClient (GrpcClientProtocolClient.java:onNext(321)) - client-9EE93F43F8F9->s0: receive RaftClientReply:client-9EE93F43F8F9->s0@group-12E2BDAA93BD, cid=0, SUCCESS, logIndex=0, commits[s0:c0, s1:c0, s2:c0]
2022-09-09 09:09:34,698 [s0@group-12E2BDAA93BD-StateMachineUpdater] INFO  statemachine.SimpleStateMachine4Testing (SimpleStateMachine4Testing.java:put(204)) - s0: put 1, testing -> (t:1, i:1), STATEMACHINELOGENTRY, 1@client-9EE93F43F8F9
2022-09-09 09:09:34,703 [grpc-default-executor-14] TRACE client.GrpcClientProtocolClient (GrpcClientProtocolClient.java:onNext(321)) - client-9EE93F43F8F9->s0: receive RaftClientReply:client-9EE93F43F8F9->s0@group-12E2BDAA93BD, cid=1, SUCCESS, logIndex=1, commits[s0:c1, s1:c0, s2:c0]
2022-09-09 09:09:34,706 [s1@group-12E2BDAA93BD-StateMachineUpdater] INFO  statemachine.SimpleStateMachine4Testing (SimpleStateMachine4Testing.java:put(204)) - s1: put 1, testing -> (t:1, i:1), STATEMACHINELOGENTRY, 1@client-9EE93F43F8F9
2022-09-09 09:09:34,714 [s2@group-12E2BDAA93BD-StateMachineUpdater] INFO  statemachine.SimpleStateMachine4Testing (SimpleStateMachine4Testing.java:put(204)) - s2: put 1, testing -> (t:1, i:1), STATEMACHINELOGENTRY, 1@client-9EE93F43F8F9
2022-09-09 09:09:34,732 [Time-limited test] INFO  impl.MiniRaftCluster (MiniRaftCluster.java:shutdown(829)) - ************************************************************** 
2022-09-09 09:09:34,733 [Time-limited test] INFO  impl.MiniRaftCluster (MiniRaftCluster.java:shutdown(830)) - *** 
2022-09-09 09:09:34,733 [Time-limited test] INFO  impl.MiniRaftCluster (MiniRaftCluster.java:shutdown(831)) - ***     Stopping MiniRaftClusterWithGrpc
2022-09-09 09:09:34,733 [Time-limited test] INFO  impl.MiniRaftCluster (MiniRaftCluster.java:shutdown(832)) - *** 
2022-09-09 09:09:34,733 [Time-limited test] INFO  impl.MiniRaftCluster (MiniRaftCluster.java:shutdown(833)) - ************************************************************** 
2022-09-09 09:09:34,733 [Time-limited test] INFO  impl.MiniRaftCluster (MiniRaftCluster.java:shutdown(834)) - printing ALL groups
  s0:  RUNNING    LEADER s0@group-12E2BDAA93BD:t1, leader=s0, voted=s0, raftlog=Memoized:s0@group-12E2BDAA93BD-SegmentedRaftLog:OPENED:c2, conf=0: peers:[s0|rpc:localhost:39219|admin:localhost:43495|client:localhost:46459|dataStream:localhost:43469|priority:0|startupRole:FOLLOWER, s1|rpc:localhost:40809|admin:localhost:39215|client:localhost:45655|dataStream:localhost:34475|priority:0|startupRole:FOLLOWER, s2|rpc:localhost:42237|admin:localhost:40805|client:localhost:36207|dataStream:localhost:44357|priority:0|startupRole:FOLLOWER]|listeners:[], old=null RUNNING
  s1:  RUNNING  FOLLOWER s1@group-12E2BDAA93BD:t1, leader=s0, voted=s0, raftlog=Memoized:s1@group-12E2BDAA93BD-SegmentedRaftLog:OPENED:c1, conf=0: peers:[s0|rpc:localhost:39219|admin:localhost:43495|client:localhost:46459|dataStream:localhost:43469|priority:0|startupRole:FOLLOWER, s1|rpc:localhost:40809|admin:localhost:39215|client:localhost:45655|dataStream:localhost:34475|priority:0|startupRole:FOLLOWER, s2|rpc:localhost:42237|admin:localhost:40805|client:localhost:36207|dataStream:localhost:44357|priority:0|startupRole:FOLLOWER]|listeners:[], old=null RUNNING
  s2:  RUNNING  FOLLOWER s2@group-12E2BDAA93BD:t1, leader=s0, voted=s2, raftlog=Memoized:s2@group-12E2BDAA93BD-SegmentedRaftLog:OPENED:c1, conf=0: peers:[s0|rpc:localhost:39219|admin:localhost:43495|client:localhost:46459|dataStream:localhost:43469|priority:0|startupRole:FOLLOWER, s1|rpc:localhost:40809|admin:localhost:39215|client:localhost:45655|dataStream:localhost:34475|priority:0|startupRole:FOLLOWER, s2|rpc:localhost:42237|admin:localhost:40805|client:localhost:36207|dataStream:localhost:44357|priority:0|startupRole:FOLLOWER]|listeners:[], old=null RUNNING
2022-09-09 09:09:34,736 [java.util.concurrent.ThreadPoolExecutor$Worker@7179ccb6[State = -1, empty queue]] INFO  server.RaftServer (RaftServerProxy.java:lambda$close$7(404)) - s0: close
2022-09-09 09:09:34,740 [java.util.concurrent.ThreadPoolExecutor$Worker@614da371[State = -1, empty queue]] INFO  server.RaftServer (RaftServerProxy.java:lambda$close$7(404)) - s2: close
2022-09-09 09:09:34,746 [s0-impl-thread1] INFO  server.RaftServer$Division (RaftServerImpl.java:lambda$close$4(454)) - s0@group-12E2BDAA93BD: shutdown
2022-09-09 09:09:34,749 [s0-impl-thread1] INFO  util.JmxRegister (JmxRegister.java:unregister(73)) - Successfully un-registered JMX Bean with object name Ratis:service=RaftServer,group=group-12E2BDAA93BD,id=s0
2022-09-09 09:09:34,749 [s0-impl-thread1] INFO  impl.RoleInfo (RoleInfo.java:shutdownLeaderState(93)) - s0: shutdown s0@group-12E2BDAA93BD-LeaderStateImpl
2022-09-09 09:09:34,749 [s0-impl-thread1] INFO  impl.PendingRequests (PendingRequests.java:sendNotLeaderResponses(282)) - s0@group-12E2BDAA93BD-PendingRequests: sendNotLeaderResponses
2022-09-09 09:09:34,749 [s0@group-12E2BDAA93BD->s1-GrpcLogAppender-LogAppenderDaemon] WARN  server.GrpcLogAppender (GrpcLogAppender.java:mayWait(190)) - s0@group-12E2BDAA93BD->s1-GrpcLogAppender: Wait interrupted by java.lang.InterruptedException
2022-09-09 09:09:34,751 [grpc-default-executor-1] INFO  server.GrpcServerProtocolService (GrpcServerProtocolService.java:onCompleted(145)) - s1: Completed APPEND_ENTRIES, lastRequest: s0->s1#16-t1,previous=(t:1, i:1),leaderCommit=1,initializing? true,entries: size=1, first=(t:1, i:2), METADATAENTRY(c:1)
2022-09-09 09:09:34,747 [java.util.concurrent.ThreadPoolExecutor$Worker@1dad42c9[State = -1, empty queue]] INFO  server.RaftServer (RaftServerProxy.java:lambda$close$7(404)) - s1: close
2022-09-09 09:09:34,754 [java.util.concurrent.ThreadPoolExecutor$Worker@614da371[State = -1, empty queue]] INFO  server.GrpcService (GrpcService.java:closeImpl(279)) - s2: shutdown server org.apache.ratis.grpc.server.GrpcClientProtocolService now
2022-09-09 09:09:34,759 [s0-impl-thread1] INFO  impl.StateMachineUpdater (StateMachineUpdater.java:stopAndJoin(154)) - s0@group-12E2BDAA93BD-StateMachineUpdater: set stopIndex = 2
2022-09-09 09:09:34,754 [s2-impl-thread1] INFO  server.RaftServer$Division (RaftServerImpl.java:lambda$close$4(454)) - s2@group-12E2BDAA93BD: shutdown
2022-09-09 09:09:34,759 [s2-impl-thread1] INFO  util.JmxRegister (JmxRegister.java:unregister(73)) - Successfully un-registered JMX Bean with object name Ratis:service=RaftServer,group=group-12E2BDAA93BD,id=s2
2022-09-09 09:09:34,759 [s2-impl-thread1] INFO  impl.RoleInfo (RoleInfo.java:shutdownFollowerState(110)) - s2: shutdown s2@group-12E2BDAA93BD-FollowerState
2022-09-09 09:09:34,754 [grpc-default-executor-14] INFO  server.GrpcLogAppender (GrpcLogAppender.java:onCompleted(403)) - s0@group-12E2BDAA93BD->s1-AppendLogResponseHandler: follower responses appendEntries COMPLETED
2022-09-09 09:09:34,761 [grpc-default-executor-14] INFO  leader.FollowerInfo (FollowerInfoImpl.java:lambda$new$0(48)) - s0@group-12E2BDAA93BD->s1: nextIndex: updateUnconditionally 3 -> 2
2022-09-09 09:09:34,762 [s2@group-12E2BDAA93BD-FollowerState] INFO  impl.FollowerState (FollowerState.java:run(152)) - s2@group-12E2BDAA93BD-FollowerState was interrupted
2022-09-09 09:09:34,750 [s0@group-12E2BDAA93BD->s2-GrpcLogAppender-LogAppenderDaemon] WARN  server.GrpcLogAppender (GrpcLogAppender.java:mayWait(190)) - s0@group-12E2BDAA93BD->s2-GrpcLogAppender: Wait interrupted by java.lang.InterruptedException
2022-09-09 09:09:34,746 [java.util.concurrent.ThreadPoolExecutor$Worker@7179ccb6[State = -1, empty queue]] INFO  server.GrpcService (GrpcService.java:closeImpl(279)) - s0: shutdown server org.apache.ratis.grpc.server.GrpcClientProtocolService now
2022-09-09 09:09:34,763 [s0-impl-thread1] INFO  server.RaftServer$Division (ServerState.java:close(412)) - s0@group-12E2BDAA93BD: applyIndex: 2
2022-09-09 09:09:34,764 [s0@group-12E2BDAA93BD-SegmentedRaftLogWorker] INFO  segmented.SegmentedRaftLogWorker (SegmentedRaftLogWorker.java:run(332)) - s0@group-12E2BDAA93BD-SegmentedRaftLogWorker was interrupted, exiting. There are 0 tasks remaining in the queue.
2022-09-09 09:09:34,759 [s2-impl-thread1] INFO  impl.StateMachineUpdater (StateMachineUpdater.java:stopAndJoin(154)) - s2@group-12E2BDAA93BD-StateMachineUpdater: set stopIndex = 1
2022-09-09 09:09:34,764 [s2-impl-thread1] INFO  server.RaftServer$Division (ServerState.java:close(412)) - s2@group-12E2BDAA93BD: applyIndex: 1
2022-09-09 09:09:34,764 [s2@group-12E2BDAA93BD-SegmentedRaftLogWorker] INFO  segmented.SegmentedRaftLogWorker (SegmentedRaftLogWorker.java:run(332)) - s2@group-12E2BDAA93BD-SegmentedRaftLogWorker was interrupted, exiting. There are 0 tasks remaining in the queue.
2022-09-09 09:09:34,763 [grpc-default-executor-14] INFO  server.GrpcServerProtocolService (GrpcServerProtocolService.java:onCompleted(145)) - s2: Completed APPEND_ENTRIES, lastRequest: s0->s2#16-t1,previous=(t:1, i:1),leaderCommit=1,initializing? true,entries: size=1, first=(t:1, i:2), METADATAENTRY(c:1)
2022-09-09 09:09:34,766 [grpc-default-executor-1] INFO  server.GrpcLogAppender (GrpcLogAppender.java:onCompleted(403)) - s0@group-12E2BDAA93BD->s2-AppendLogResponseHandler: follower responses appendEntries COMPLETED
2022-09-09 09:09:34,767 [s1-impl-thread1] INFO  server.RaftServer$Division (RaftServerImpl.java:lambda$close$4(454)) - s1@group-12E2BDAA93BD: shutdown
2022-09-09 09:09:34,767 [s1-impl-thread1] INFO  util.JmxRegister (JmxRegister.java:unregister(73)) - Successfully un-registered JMX Bean with object name Ratis:service=RaftServer,group=group-12E2BDAA93BD,id=s1
2022-09-09 09:09:34,767 [s1-impl-thread1] INFO  impl.RoleInfo (RoleInfo.java:shutdownFollowerState(110)) - s1: shutdown s1@group-12E2BDAA93BD-FollowerState
2022-09-09 09:09:34,767 [s1-impl-thread1] INFO  impl.StateMachineUpdater (StateMachineUpdater.java:stopAndJoin(154)) - s1@group-12E2BDAA93BD-StateMachineUpdater: set stopIndex = 1
2022-09-09 09:09:34,767 [s1@group-12E2BDAA93BD-FollowerState] INFO  impl.FollowerState (FollowerState.java:run(152)) - s1@group-12E2BDAA93BD-FollowerState was interrupted
2022-09-09 09:09:34,768 [s1-impl-thread1] INFO  server.RaftServer$Division (ServerState.java:close(412)) - s1@group-12E2BDAA93BD: applyIndex: 1
2022-09-09 09:09:34,768 [s1@group-12E2BDAA93BD-SegmentedRaftLogWorker] INFO  segmented.SegmentedRaftLogWorker (SegmentedRaftLogWorker.java:run(332)) - s1@group-12E2BDAA93BD-SegmentedRaftLogWorker was interrupted, exiting. There are 0 tasks remaining in the queue.
2022-09-09 09:09:34,769 [java.util.concurrent.ThreadPoolExecutor$Worker@1dad42c9[State = -1, empty queue]] INFO  server.GrpcService (GrpcService.java:closeImpl(279)) - s1: shutdown server org.apache.ratis.grpc.server.GrpcClientProtocolService now
2022-09-09 09:09:34,768 [grpc-default-executor-1] INFO  leader.FollowerInfo (FollowerInfoImpl.java:lambda$new$0(48)) - s0@group-12E2BDAA93BD->s2: nextIndex: updateUnconditionally 3 -> 2
2022-09-09 09:09:34,770 [java.util.concurrent.ThreadPoolExecutor$Worker@7179ccb6[State = -1, empty queue]] INFO  server.GrpcServerProtocolClient (GrpcServerProtocolClient.java:close(110)) - s1 Close channels
2022-09-09 09:09:34,769 [s2-impl-thread1] INFO  segmented.SegmentedRaftLogWorker (SegmentedRaftLogWorker.java:close(245)) - s2@group-12E2BDAA93BD-SegmentedRaftLogWorker close()
2022-09-09 09:09:34,770 [ForkJoinPool.commonPool-worker-3] INFO  server.GrpcServerProtocolClient (GrpcServerProtocolClient.java:close(110)) - s0 Close channels
2022-09-09 09:09:34,773 [s1-impl-thread1] INFO  segmented.SegmentedRaftLogWorker (SegmentedRaftLogWorker.java:close(245)) - s1@group-12E2BDAA93BD-SegmentedRaftLogWorker close()
2022-09-09 09:09:34,773 [s0-impl-thread1] INFO  segmented.SegmentedRaftLogWorker (SegmentedRaftLogWorker.java:close(245)) - s0@group-12E2BDAA93BD-SegmentedRaftLogWorker close()
2022-09-09 09:09:34,775 [ForkJoinPool.commonPool-worker-3] INFO  server.GrpcServerProtocolClient (GrpcServerProtocolClient.java:close(110)) - s1 Close channels
2022-09-09 09:09:34,774 [java.util.concurrent.ThreadPoolExecutor$Worker@1dad42c9[State = -1, empty queue]] INFO  server.GrpcServerProtocolClient (GrpcServerProtocolClient.java:close(110)) - s0 Close channels
2022-09-09 09:09:34,776 [java.util.concurrent.ThreadPoolExecutor$Worker@7179ccb6[State = -1, empty queue]] INFO  server.GrpcServerProtocolClient (GrpcServerProtocolClient.java:close(110)) - s2 Close channels
2022-09-09 09:09:34,777 [java.util.concurrent.ThreadPoolExecutor$Worker@614da371[State = -1, empty queue]] INFO  server.GrpcService (GrpcService.java:closeImpl(288)) - s2: shutdown server org.apache.ratis.grpc.server.GrpcClientProtocolService successfully
2022-09-09 09:09:34,777 [java.util.concurrent.ThreadPoolExecutor$Worker@614da371[State = -1, empty queue]] INFO  server.GrpcService (GrpcService.java:closeImpl(279)) - s2: shutdown server GrpcServerProtocolService now
2022-09-09 09:09:34,783 [java.util.concurrent.ThreadPoolExecutor$Worker@7179ccb6[State = -1, empty queue]] INFO  server.GrpcService (GrpcService.java:closeImpl(288)) - s0: shutdown server org.apache.ratis.grpc.server.GrpcClientProtocolService successfully
2022-09-09 09:09:34,783 [java.util.concurrent.ThreadPoolExecutor$Worker@7179ccb6[State = -1, empty queue]] INFO  server.GrpcService (GrpcService.java:closeImpl(279)) - s0: shutdown server GrpcServerProtocolService now
2022-09-09 09:09:34,783 [java.util.concurrent.ThreadPoolExecutor$Worker@614da371[State = -1, empty queue]] INFO  server.GrpcService (GrpcService.java:closeImpl(288)) - s2: shutdown server GrpcServerProtocolService successfully
2022-09-09 09:09:34,783 [java.util.concurrent.ThreadPoolExecutor$Worker@1dad42c9[State = -1, empty queue]] INFO  server.GrpcServerProtocolClient (GrpcServerProtocolClient.java:close(110)) - s2 Close channels
2022-09-09 09:09:34,783 [java.util.concurrent.ThreadPoolExecutor$Worker@614da371[State = -1, empty queue]] INFO  server.GrpcService (GrpcService.java:closeImpl(279)) - s2: shutdown server org.apache.ratis.grpc.server.GrpcAdminProtocolService now
2022-09-09 09:09:34,784 [java.util.concurrent.ThreadPoolExecutor$Worker@614da371[State = -1, empty queue]] INFO  server.GrpcService (GrpcService.java:closeImpl(288)) - s2: shutdown server org.apache.ratis.grpc.server.GrpcAdminProtocolService successfully
2022-09-09 09:09:34,784 [org.apache.ratis.util.JvmPauseMonitor$$Lambda$359/0x00000001002db840@6978750] INFO  util.JvmPauseMonitor (JvmPauseMonitor.java:run(109)) - JvmPauseMonitor-s2: Stopped
2022-09-09 09:09:34,785 [java.util.concurrent.ThreadPoolExecutor$Worker@1dad42c9[State = -1, empty queue]] INFO  server.GrpcService (GrpcService.java:closeImpl(288)) - s1: shutdown server org.apache.ratis.grpc.server.GrpcClientProtocolService successfully
2022-09-09 09:09:34,785 [java.util.concurrent.ThreadPoolExecutor$Worker@1dad42c9[State = -1, empty queue]] INFO  server.GrpcService (GrpcService.java:closeImpl(279)) - s1: shutdown server GrpcServerProtocolService now
2022-09-09 09:09:34,785 [java.util.concurrent.ThreadPoolExecutor$Worker@1dad42c9[State = -1, empty queue]] INFO  server.GrpcService (GrpcService.java:closeImpl(288)) - s1: shutdown server GrpcServerProtocolService successfully
2022-09-09 09:09:34,785 [java.util.concurrent.ThreadPoolExecutor$Worker@1dad42c9[State = -1, empty queue]] INFO  server.GrpcService (GrpcService.java:closeImpl(279)) - s1: shutdown server org.apache.ratis.grpc.server.GrpcAdminProtocolService now
2022-09-09 09:09:34,786 [java.util.concurrent.ThreadPoolExecutor$Worker@7179ccb6[State = -1, empty queue]] INFO  server.GrpcService (GrpcService.java:closeImpl(288)) - s0: shutdown server GrpcServerProtocolService successfully
2022-09-09 09:09:34,786 [java.util.concurrent.ThreadPoolExecutor$Worker@7179ccb6[State = -1, empty queue]] INFO  server.GrpcService (GrpcService.java:closeImpl(279)) - s0: shutdown server org.apache.ratis.grpc.server.GrpcAdminProtocolService now
2022-09-09 09:09:34,786 [java.util.concurrent.ThreadPoolExecutor$Worker@1dad42c9[State = -1, empty queue]] INFO  server.GrpcService (GrpcService.java:closeImpl(288)) - s1: shutdown server org.apache.ratis.grpc.server.GrpcAdminProtocolService successfully
2022-09-09 09:09:34,786 [org.apache.ratis.util.JvmPauseMonitor$$Lambda$359/0x00000001002db840@561bee25] INFO  util.JvmPauseMonitor (JvmPauseMonitor.java:run(109)) - JvmPauseMonitor-s1: Stopped
2022-09-09 09:09:34,787 [java.util.concurrent.ThreadPoolExecutor$Worker@7179ccb6[State = -1, empty queue]] INFO  server.GrpcService (GrpcService.java:closeImpl(288)) - s0: shutdown server org.apache.ratis.grpc.server.GrpcAdminProtocolService successfully
2022-09-09 09:09:34,790 [org.apache.ratis.util.JvmPauseMonitor$$Lambda$359/0x00000001002db840@7764f709] INFO  util.JvmPauseMonitor (JvmPauseMonitor.java:run(109)) - JvmPauseMonitor-s0: Stopped
2022-09-09 09:09:34,791 [Time-limited test] INFO  impl.MiniRaftCluster (MiniRaftCluster.java:shutdown(852)) - MiniRaftClusterWithGrpc shutdown completed
]]></system-out>
    <system-err><![CDATA[SLF4J: Class path contains multiple SLF4J bindings.
SLF4J: Found binding in [jar:file:/home/runner/.m2/repository/org/slf4j/slf4j-log4j12/1.7.29/slf4j-log4j12-1.7.29.jar!/org/slf4j/impl/StaticLoggerBinder.class]
SLF4J: Found binding in [jar:file:/home/runner/.m2/repository/org/slf4j/slf4j-simple/1.7.29/slf4j-simple-1.7.29.jar!/org/slf4j/impl/StaticLoggerBinder.class]
SLF4J: See http://www.slf4j.org/codes.html#multiple_bindings for an explanation.
SLF4J: Actual binding is of type [org.slf4j.impl.Log4jLoggerFactory]
]]></system-err>
  </testcase>
  <testcase name="testRaftServerMetrics[0]" classname="org.apache.ratis.grpc.TestRaftServerWithGrpc" time="1.233"/>
  <testcase name="testUnsupportedMethods[0]" classname="org.apache.ratis.grpc.TestRaftServerWithGrpc" time="0.517"/>
  <testcase name="testServerRestartOnException[0]" classname="org.apache.ratis.grpc.TestRaftServerWithGrpc" time="4.514"/>
  <testcase name="testLeaderRestart[0]" classname="org.apache.ratis.grpc.TestRaftServerWithGrpc" time="5.426"/>
  <testcase name="testRaftClientMetrics[1]" classname="org.apache.ratis.grpc.TestRaftServerWithGrpc" time="4.744"/>
  <testcase name="testRaftServerMetrics[1]" classname="org.apache.ratis.grpc.TestRaftServerWithGrpc" time="1.219"/>
  <testcase name="testUnsupportedMethods[1]" classname="org.apache.ratis.grpc.TestRaftServerWithGrpc" time="0.517"/>
  <testcase name="testServerRestartOnException[1]" classname="org.apache.ratis.grpc.TestRaftServerWithGrpc" time="4.507"/>
  <testcase name="testLeaderRestart[1]" classname="org.apache.ratis.grpc.TestRaftServerWithGrpc" time="5.364"/>
</testsuite>